LUA_PATH=/home/mdcallag/git/mytools/bench/sysbench.lua/lua/?.lua /home/mdcallag/git/mytools/bench/sysbench.lua/lua/sysbench --db-driver=pgsql --range-size=100 --table-size=10000000 --tables=8 --threads=40 --events=0 --warmup-time=5 --time=930 --pgsql_conn_id=true /home/mdcallag/git/mytools/bench/sysbench.lua/lua/oltp_read_write.lua run --pgsql-user=root --pgsql-password=pw --pgsql-host=127.0.0.1 --pgsql-db=ib --rand-type=uniform
48 CPUs
sysbench 1.1.0-9072687 (using bundled LuaJIT 2.1.0-beta3)

Running the test with following options:
Number of threads: 40
Warmup time: 5s
Initializing random number generator from current time


Initializing worker threads...

explain: for point_selects :: explain SELECT c FROM sbtest%u WHERE id=%u
explain: for point_selects :: explain SELECT c FROM sbtest%u WHERE id=%u
explain: for point_selects :: explain SELECT c FROM sbtest%u WHERE id=%u
explain: for point_selects :: explain SELECT c FROM sbtest%u WHERE id=%u
for point_selects
table 1 : explain SELECT c FROM sbtest1 WHERE id=2414002
	Index Scan using sbtest1_pkey on sbtest1  (cost=0.43..8.45 rows=1 width=121)
	  Index Cond: (id = 2414002)

table 2 : explain SELECT c FROM sbtest2 WHERE id=8541736
	Index Scan using sbtest2_pkey on sbtest2  (cost=0.43..8.45 rows=1 width=121)
	  Index Cond: (id = 8541736)

table 3 : explain SELECT c FROM sbtest3 WHERE id=1517456
	Index Scan using sbtest3_pkey on sbtest3  (cost=0.43..8.45 rows=1 width=121)
	  Index Cond: (id = 1517456)

table 4 : explain SELECT c FROM sbtest4 WHERE id=7729164
	Index Scan using sbtest4_pkey on sbtest4  (cost=0.43..8.45 rows=1 width=121)
	  Index Cond: (id = 7729164)

table 5 : explain SELECT c FROM sbtest5 WHERE id=7248626
	Index Scan using sbtest5_pkey on sbtest5  (cost=0.43..8.45 rows=1 width=121)
	  Index Cond: (id = 7248626)

table 6 : explain SELECT c FROM sbtest6 WHERE id=7368867
	Index Scan using sbtest6_pkey on sbtest6  (cost=0.43..8.45 rows=1 width=121)
	  Index Cond: (id = 7368867)

table 7 : explain SELECT c FROM sbtest7 WHERE id=5043921
	Index Scan using sbtest7_pkey on sbtest7  (cost=0.43..8.45 rows=1 width=121)
	  Index Cond: (id = 5043921)

table 8 : explain SELECT c FROM sbtest8 WHERE id=1154613
	Index Scan using sbtest8_pkey on sbtest8  (cost=0.43..8.45 rows=1 width=121)
	  Index Cond: (id = 1154613)

for: simple_ranges
table 1 : explain SELECT c FROM sbtest1 WHERE id BETWEEN 6370905 AND 6371004
	Index Scan using sbtest1_pkey on sbtest1  (cost=0.43..345.72 rows=90 width=121)
	  Index Cond: ((id >= 6370905) AND (id <= 6371004))

table 2 : explain SELECT c FROM sbtest2 WHERE id BETWEEN 8510505 AND 8510604
	Index Scan using sbtest2_pkey on sbtest2  (cost=0.43..375.96 rows=99 width=121)
	  Index Cond: ((id >= 8510505) AND (id <= 8510604))

table 3 : explain SELECT c FROM sbtest3 WHERE id BETWEEN 7888512 AND 7888611
	Index Scan using sbtest3_pkey on sbtest3  (cost=0.43..383.14 rows=100 width=121)
	  Index Cond: ((id >= 7888512) AND (id <= 7888611))

table 4 : explain SELECT c FROM sbtest4 WHERE id BETWEEN 5295004 AND 5295103
	Index Scan using sbtest4_pkey on sbtest4  (cost=0.43..390.92 rows=102 width=121)
	  Index Cond: ((id >= 5295004) AND (id <= 5295103))

table 5 : explain SELECT c FROM sbtest5 WHERE id BETWEEN 7075898 AND 7075997
	Index Scan using sbtest5_pkey on sbtest5  (cost=0.43..439.18 rows=115 width=121)
	  Index Cond: ((id >= 7075898) AND (id <= 7075997))

table 6 : explain SELECT c FROM sbtest6 WHERE id BETWEEN 4104710 AND 4104809
	Index Scan using sbtest6_pkey on sbtest6  (cost=0.43..386.25 rows=101 width=121)
	  Index Cond: ((id >= 4104710) AND (id <= 4104809))

table 7 : explain SELECT c FROM sbtest7 WHERE id BETWEEN 3764237 AND 3764336
	Index Scan using sbtest7_pkey on sbtest7  (cost=0.43..372.51 rows=98 width=121)
	  Index Cond: ((id >= 3764237) AND (id <= 3764336))

table 8 : explain SELECT c FROM sbtest8 WHERE id BETWEEN 4966910 AND 4967009
	Index Scan using sbtest8_pkey on sbtest8  (cost=0.43..370.18 rows=97 width=121)
	  Index Cond: ((id >= 4966910) AND (id <= 4967009))

for point_selects
table 1 : explain SELECT c FROM sbtest1 WHERE id=9123336
	Index Scan using sbtest1_pkey on sbtest1  (cost=0.43..8.45 rows=1 width=121)
	  Index Cond: (id = 9123336)

table 2 : explain SELECT c FROM sbtest2 WHERE id=7466509
	Index Scan using sbtest2_pkey on sbtest2  (cost=0.43..8.45 rows=1 width=121)
	  Index Cond: (id = 7466509)

table 3 : explain SELECT c FROM sbtest3 WHERE id=7155642
	Index Scan using sbtest3_pkey on sbtest3  (cost=0.43..8.45 rows=1 width=121)
	  Index Cond: (id = 7155642)

table 4 : explain SELECT c FROM sbtest4 WHERE id=291050
	Index Scan using sbtest4_pkey on sbtest4  (cost=0.43..8.45 rows=1 width=121)
	  Index Cond: (id = 291050)

table 5 : explain SELECT c FROM sbtest5 WHERE id=4906907
	Index Scan using sbtest5_pkey on sbtest5  (cost=0.43..8.45 rows=1 width=121)
	  Index Cond: (id = 4906907)

table 6 : explain SELECT c FROM sbtest6 WHERE id=5844896
	Index Scan using sbtest6_pkey on sbtest6  (cost=0.43..8.45 rows=1 width=121)
	  Index Cond: (id = 5844896)

table 7 : explain SELECT c FROM sbtest7 WHERE id=4834966
	Index Scan using sbtest7_pkey on sbtest7  (cost=0.43..8.45 rows=1 width=121)
	  Index Cond: (id = 4834966)

table 8 : explain SELECT c FROM sbtest8 WHERE id=4033910
	Index Scan using sbtest8_pkey on sbtest8  (cost=0.43..8.45 rows=1 width=121)
	  Index Cond: (id = 4033910)

for: sum_ranges
table 1 : explain SELECT SUM(k) FROM sbtest1 WHERE id BETWEEN 2905173 AND 2905272
	Aggregate  (cost=410.44..410.45 rows=1 width=8)
	  ->  Index Scan using sbtest1_pkey on sbtest1  (cost=0.43..410.17 rows=107 width=4)
	        Index Cond: ((id >= 2905173) AND (id <= 2905272))

table 2 : explain SELECT SUM(k) FROM sbtest2 WHERE id BETWEEN 5372104 AND 5372203
	Aggregate  (cost=406.28..406.29 rows=1 width=8)
	  ->  Index Scan using sbtest2_pkey on sbtest2  (cost=0.43..406.02 rows=107 width=4)
	        Index Cond: ((id >= 5372104) AND (id <= 5372203))

table 3 : explain SELECT SUM(k) FROM sbtest3 WHERE id BETWEEN 4357974 AND 4358073
	Aggregate  (cost=356.84..356.85 rows=1 width=8)
	  ->  Index Scan using sbtest3_pkey on sbtest3  (cost=0.43..356.60 rows=93 width=4)
	        Index Cond: ((id >= 4357974) AND (id <= 4358073))

table 4 : explain SELECT SUM(k) FROM sbtest4 WHERE id BETWEEN 2702586 AND 2702685
	Aggregate  (cost=379.82..379.83 rows=1 width=8)
	  ->  Index Scan using sbtest4_pkey on sbtest4  (cost=0.43..379.57 rows=99 width=4)
	        Index Cond: ((id >= 2702586) AND (id <= 2702685))

table 5 : explain SELECT SUM(k) FROM sbtest5 WHERE id BETWEEN 4033786 AND 4033885
	Aggregate  (cost=382.78..382.79 rows=1 width=8)
	  ->  Index Scan using sbtest5_pkey on sbtest5  (cost=0.43..382.53 rows=100 width=4)
	        Index Cond: ((id >= 4033786) AND (id <= 4033885))

table 6 : explain SELECT SUM(k) FROM sbtest6 WHERE id BETWEEN 6849460 AND 6849559
	Aggregate  (cost=371.32..371.33 rows=1 width=8)
	  ->  Index Scan using sbtest6_pkey on sbtest6  (cost=0.43..371.08 rows=97 width=4)
	        Index Cond: ((id >= 6849460) AND (id <= 6849559))

table 7 : explain SELECT SUM(k) FROM sbtest7 WHERE id BETWEEN 7892260 AND 7892359
	Aggregate  (cost=380.26..380.27 rows=1 width=8)
	  ->  Index Scan using sbtest7_pkey on sbtest7  (cost=0.43..380.01 rows=100 width=4)
	        Index Cond: ((id >= 7892260) AND (id <= 7892359))

table 8 : explain SELECT SUM(k) FROM sbtest8 WHERE id BETWEEN 6051875 AND 6051974
	Aggregate  (cost=355.29..355.30 rows=1 width=8)
	  ->  Index Scan using sbtest8_pkey on sbtest8  (cost=0.43..355.06 rows=93 width=4)
	        Index Cond: ((id >= 6051875) AND (id <= 6051974))

for: simple_ranges
table 1 : explain SELECT c FROM sbtest1 WHERE id BETWEEN 1318848 AND 1318947
	Index Scan using sbtest1_pkey on sbtest1  (cost=0.43..376.08 rows=98 width=121)
	  Index Cond: ((id >= 1318848) AND (id <= 1318947))

table 2 : explain SELECT c FROM sbtest2 WHERE id BETWEEN 9297411 AND 9297510
	Index Scan using sbtest2_pkey on sbtest2  (cost=0.43..353.47 rows=93 width=121)
	  Index Cond: ((id >= 9297411) AND (id <= 9297510))

table 3 : explain SELECT c FROM sbtest3 WHERE id BETWEEN 6060469 AND 6060568
	Index Scan using sbtest3_pkey on sbtest3  (cost=0.43..390.71 rows=102 width=121)
	  Index Cond: ((id >= 6060469) AND (id <= 6060568))

table 4 : explain SELECT c FROM sbtest4 WHERE id BETWEEN 7495999 AND 7496098
	Index Scan using sbtest4_pkey on sbtest4  (cost=0.43..379.57 rows=99 width=121)
	  Index Cond: ((id >= 7495999) AND (id <= 7496098))

table 5 : explain SELECT c FROM sbtest5 WHERE id BETWEEN 7161533 AND 7161632
	Index Scan using sbtest5_pkey on sbtest5  (cost=0.43..371.20 rows=97 width=121)
	  Index Cond: ((id >= 7161533) AND (id <= 7161632))

table 6 : explain SELECT c FROM sbtest6 WHERE id BETWEEN 5348730 AND 5348829
	Index Scan using sbtest6_pkey on sbtest6  (cost=0.43..386.25 rows=101 width=121)
	  Index Cond: ((id >= 5348730) AND (id <= 5348829))

table 7 : explain SELECT c FROM sbtest7 WHERE id BETWEEN 984032 AND 984131
	Index Scan using sbtest7_pkey on sbtest7  (cost=0.43..380.01 rows=100 width=121)
	  Index Cond: ((id >= 984032) AND (id <= 984131))

table 8 : explain SELECT c FROM sbtest8 WHERE id BETWEEN 5349148 AND 5349247
	Index Scan using sbtest8_pkey on sbtest8  (cost=0.43..385.25 rows=101 width=121)
	  Index Cond: ((id >= 5349148) AND (id <= 5349247))

explain: for point_selects :: explain SELECT c FROM sbtest%u WHERE id=%u
for: order_ranges
table 1 : explain SELECT c FROM sbtest1 WHERE id BETWEEN 535954 AND 536053 ORDER BY c
	Sort  (cost=409.95..410.22 rows=106 width=121)
	  Sort Key: c
	  ->  Index Scan using sbtest1_pkey on sbtest1  (cost=0.43..406.39 rows=106 width=121)
	        Index Cond: ((id >= 535954) AND (id <= 536053))

table 2 : explain SELECT c FROM sbtest2 WHERE id BETWEEN 293222 AND 293321 ORDER BY c
	Sort  (cost=405.83..406.10 rows=106 width=121)
	  Sort Key: c
	  ->  Index Scan using sbtest2_pkey on sbtest2  (cost=0.43..402.27 rows=106 width=121)
	        Index Cond: ((id >= 293222) AND (id <= 293321))

table 3 : explain SELECT c FROM sbtest3 WHERE id BETWEEN 94481 AND 94580 ORDER BY c
	Sort  (cost=390.29..390.54 rows=101 width=121)
	  Sort Key: c
	  ->  Index Scan using sbtest3_pkey on sbtest3  (cost=0.43..386.93 rows=101 width=121)
	        Index Cond: ((id >= 94481) AND (id <= 94580))

table 4 : explain SELECT c FROM sbtest4 WHERE id BETWEEN 8136302 AND 8136401 ORDER BY c
	Sort  (cost=371.32..371.56 rows=96 width=121)
	  Sort Key: c
	  ->  Index Scan using sbtest4_pkey on sbtest4  (cost=0.43..368.15 rows=96 width=121)
	        Index Cond: ((id >= 8136302) AND (id <= 8136401))

table 5 : explain SELECT c FROM sbtest5 WHERE id BETWEEN 8850802 AND 8850901 ORDER BY c
	Sort  (cost=404.94..405.20 rows=105 width=121)
	  Sort Key: c
	  ->  Index Scan using sbtest5_pkey on sbtest5  (cost=0.43..401.41 rows=105 width=121)
	        Index Cond: ((id >= 8850802) AND (id <= 8850901))

table 6 : explain SELECT c FROM sbtest6 WHERE id BETWEEN 2930450 AND 2930549 ORDER BY c
	Sort  (cost=435.41..435.69 rows=113 width=121)
	  Sort Key: c
	  ->  Index Scan using sbtest6_pkey on sbtest6  (cost=0.43..431.56 rows=113 width=121)
	        Index Cond: ((id >= 2930450) AND (id <= 2930549))

table 7 : explain SELECT c FROM sbtest7 WHERE id BETWEEN 8431115 AND 8431214 ORDER BY c
	Sort  (cost=364.31..364.55 rows=95 width=121)
	  Sort Key: c
	  ->  Index Scan using sbtest7_pkey on sbtest7  (cost=0.43..361.19 rows=95 width=121)
	        Index Cond: ((id >= 8431115) AND (id <= 8431214))

table 8 : explain SELECT c FROM sbtest8 WHERE id BETWEEN 2092162 AND 2092261 ORDER BY c
	Sort  (cost=388.61..388.86 rows=101 width=121)
	  Sort Key: c
	  ->  Index Scan using sbtest8_pkey on sbtest8  (cost=0.43..385.25 rows=101 width=121)
	        Index Cond: ((id >= 2092162) AND (id <= 2092261))

for: sum_ranges
table 1 : explain SELECT SUM(k) FROM sbtest1 WHERE id BETWEEN 5809341 AND 5809440
	Aggregate  (cost=376.33..376.34 rows=1 width=8)
	  ->  Index Scan using sbtest1_pkey on sbtest1  (cost=0.43..376.08 rows=98 width=4)
	        Index Cond: ((id >= 5809341) AND (id <= 5809440))

table 2 : explain SELECT SUM(k) FROM sbtest2 WHERE id BETWEEN 5798821 AND 5798920
	Aggregate  (cost=361.20..361.21 rows=1 width=8)
	  ->  Index Scan using sbtest2_pkey on sbtest2  (cost=0.43..360.96 rows=95 width=4)
	        Index Cond: ((id >= 5798821) AND (id <= 5798920))

table 3 : explain SELECT SUM(k) FROM sbtest3 WHERE id BETWEEN 6143799 AND 6143898
	Aggregate  (cost=379.55..379.56 rows=1 width=8)
	  ->  Index Scan using sbtest3_pkey on sbtest3  (cost=0.43..379.30 rows=99 width=4)
	        Index Cond: ((id >= 6143799) AND (id <= 6143898))

table 4 : explain SELECT SUM(k) FROM sbtest4 WHERE id BETWEEN 6085137 AND 6085236
	Aggregate  (cost=376.03..376.04 rows=1 width=8)
	  ->  Index Scan using sbtest4_pkey on sbtest4  (cost=0.43..375.78 rows=98 width=4)
	        Index Cond: ((id >= 6085137) AND (id <= 6085236))

table 5 : explain SELECT SUM(k) FROM sbtest5 WHERE id BETWEEN 3406510 AND 3406609
	Aggregate  (cost=390.34..390.35 rows=1 width=8)
	  ->  Index Scan using sbtest5_pkey on sbtest5  (cost=0.43..390.08 rows=102 width=4)
	        Index Cond: ((id >= 3406510) AND (id <= 3406609))

table 6 : explain SELECT SUM(k) FROM sbtest6 WHERE id BETWEEN 4702102 AND 4702201
	Aggregate  (cost=371.32..371.33 rows=1 width=8)
	  ->  Index Scan using sbtest6_pkey on sbtest6  (cost=0.43..371.08 rows=97 width=4)
	        Index Cond: ((id >= 4702102) AND (id <= 4702201))

table 7 : explain SELECT SUM(k) FROM sbtest7 WHERE id BETWEEN 6006246 AND 6006345
	Aggregate  (cost=380.26..380.27 rows=1 width=8)
	  ->  Index Scan using sbtest7_pkey on sbtest7  (cost=0.43..380.01 rows=100 width=4)
	        Index Cond: ((id >= 6006246) AND (id <= 6006345))

table 8 : explain SELECT SUM(k) FROM sbtest8 WHERE id BETWEEN 3255618 AND 3255717
	Aggregate  (cost=370.43..370.44 rows=1 width=8)
	  ->  Index Scan using sbtest8_pkey on sbtest8  (cost=0.43..370.18 rows=97 width=4)
	        Index Cond: ((id >= 3255618) AND (id <= 3255717))

for point_selects
table 1 : explain SELECT c FROM sbtest1 WHERE id=5113789
	Index Scan using sbtest1_pkey on sbtest1  (cost=0.43..8.45 rows=1 width=121)
	  Index Cond: (id = 5113789)

table 2 : explain SELECT c FROM sbtest2 WHERE id=1368566
	Index Scan using sbtest2_pkey on sbtest2  (cost=0.43..8.45 rows=1 width=121)
	  Index Cond: (id = 1368566)

table 3 : explain SELECT c FROM sbtest3 WHERE id=5236515
	Index Scan using sbtest3_pkey on sbtest3  (cost=0.43..8.45 rows=1 width=121)
	  Index Cond: (id = 5236515)

table 4 : explain SELECT c FROM sbtest4 WHERE id=2516312
	Index Scan using sbtest4_pkey on sbtest4  (cost=0.43..8.45 rows=1 width=121)
	  Index Cond: (id = 2516312)

table 5 : explain SELECT c FROM sbtest5 WHERE id=248878
	Index Scan using sbtest5_pkey on sbtest5  (cost=0.43..8.45 rows=1 width=121)
	  Index Cond: (id = 248878)

table 6 : explain SELECT c FROM sbtest6 WHERE id=3612928
	Index Scan using sbtest6_pkey on sbtest6  (cost=0.43..8.45 rows=1 width=121)
	  Index Cond: (id = 3612928)

table 7 : explain SELECT c FROM sbtest7 WHERE id=6175544
	Index Scan using sbtest7_pkey on sbtest7  (cost=0.43..8.45 rows=1 width=121)
	  Index Cond: (id = 6175544)

table 8 : explain SELECT c FROM sbtest8 WHERE id=9457101
	Index Scan using sbtest8_pkey on sbtest8  (cost=0.43..8.45 rows=1 width=121)
	  Index Cond: (id = 9457101)

for: simple_ranges
table 1 : explain SELECT c FROM sbtest1 WHERE id BETWEEN 9754975 AND 9755074
	Index Scan using sbtest1_pkey on sbtest1  (cost=0.43..364.72 rows=95 width=121)
	  Index Cond: ((id >= 9754975) AND (id <= 9755074))

table 2 : explain SELECT c FROM sbtest2 WHERE id BETWEEN 3172030 AND 3172129
	Index Scan using sbtest2_pkey on sbtest2  (cost=0.43..349.72 rows=92 width=121)
	  Index Cond: ((id >= 3172030) AND (id <= 3172129))

table 3 : explain SELECT c FROM sbtest3 WHERE id BETWEEN 9241950 AND 9242049
	Index Scan using sbtest3_pkey on sbtest3  (cost=0.43..420.97 rows=110 width=121)
	  Index Cond: ((id >= 9241950) AND (id <= 9242049))

table 4 : explain SELECT c FROM sbtest4 WHERE id BETWEEN 1529283 AND 1529382
	Index Scan using sbtest4_pkey on sbtest4  (cost=0.43..371.94 rows=97 width=121)
	  Index Cond: ((id >= 1529283) AND (id <= 1529382))

table 5 : explain SELECT c FROM sbtest5 WHERE id BETWEEN 414946 AND 415045
	Index Scan using sbtest5_pkey on sbtest5  (cost=0.43..356.03 rows=93 width=121)
	  Index Cond: ((id >= 414946) AND (id <= 415045))

table 6 : explain SELECT c FROM sbtest6 WHERE id BETWEEN 5808436 AND 5808535
	Index Scan using sbtest6_pkey on sbtest6  (cost=0.43..359.75 rows=94 width=121)
	  Index Cond: ((id >= 5808436) AND (id <= 5808535))

table 7 : explain SELECT c FROM sbtest7 WHERE id BETWEEN 1675634 AND 1675733
	Index Scan using sbtest7_pkey on sbtest7  (cost=0.43..376.26 rows=99 width=121)
	  Index Cond: ((id >= 1675634) AND (id <= 1675733))

table 8 : explain SELECT c FROM sbtest8 WHERE id BETWEEN 9331779 AND 9331878
	Index Scan using sbtest8_pkey on sbtest8  (cost=0.43..396.55 rows=104 width=121)
	  Index Cond: ((id >= 9331779) AND (id <= 9331878))

for: order_ranges
table 1 : explain SELECT c FROM sbtest1 WHERE id BETWEEN 7367198 AND 7367297 ORDER BY c
	Sort  (cost=390.81..391.06 rows=101 width=121)
	  Sort Key: c
	  ->  Index Scan using sbtest1_pkey on sbtest1  (cost=0.43..387.45 rows=101 width=121)
	        Index Cond: ((id >= 7367198) AND (id <= 7367297))

table 2 : explain SELECT c FROM sbtest2 WHERE id BETWEEN 1254377 AND 1254476 ORDER BY c
	Sort  (cost=383.10..383.35 rows=100 width=121)
	  Sort Key: c
	  ->  Index Scan using sbtest2_pkey on sbtest2  (cost=0.43..379.77 rows=100 width=121)
	        Index Cond: ((id >= 1254377) AND (id <= 1254476))

table 3 : explain SELECT c FROM sbtest3 WHERE id BETWEEN 5323812 AND 5323911 ORDER BY c
	Sort  (cost=363.47..363.70 rows=94 width=121)
	  Sort Key: c
	  ->  Index Scan using sbtest3_pkey on sbtest3  (cost=0.43..360.39 rows=94 width=121)
	        Index Cond: ((id >= 5323812) AND (id <= 5323911))

table 4 : explain SELECT c FROM sbtest4 WHERE id BETWEEN 5166721 AND 5166820 ORDER BY c
	Sort  (cost=371.32..371.56 rows=96 width=121)
	  Sort Key: c
	  ->  Index Scan using sbtest4_pkey on sbtest4  (cost=0.43..368.15 rows=96 width=121)
	        Index Cond: ((id >= 5166721) AND (id <= 5166820))

table 5 : explain SELECT c FROM sbtest5 WHERE id BETWEEN 9850230 AND 9850329 ORDER BY c
	Sort  (cost=385.85..386.10 rows=100 width=121)
	  Sort Key: c
	  ->  Index Scan using sbtest5_pkey on sbtest5  (cost=0.43..382.53 rows=100 width=121)
	        Index Cond: ((id >= 9850230) AND (id <= 9850329))

table 6 : explain SELECT c FROM sbtest6 WHERE id BETWEEN 7525223 AND 7525322 ORDER BY c
	Sort  (cost=389.61..389.86 rows=101 width=121)
	  Sort Key: c
	  ->  Index Scan using sbtest6_pkey on sbtest6  (cost=0.43..386.25 rows=101 width=121)
	        Index Cond: ((id >= 7525223) AND (id <= 7525322))

table 7 : explain SELECT c FROM sbtest7 WHERE id BETWEEN 5540990 AND 5541089 ORDER BY c
	Sort  (cost=406.09..406.35 rows=106 width=121)
	  Sort Key: c
	  ->  Index Scan using sbtest7_pkey on sbtest7  (cost=0.43..402.52 rows=106 width=121)
	        Index Cond: ((id >= 5540990) AND (id <= 5541089))

table 8 : explain SELECT c FROM sbtest8 WHERE id BETWEEN 379044 AND 379143 ORDER BY c
	Sort  (cost=377.19..377.44 rows=98 width=121)
	  Sort Key: c
	  ->  Index Scan using sbtest8_pkey on sbtest8  (cost=0.43..373.95 rows=98 width=121)
	        Index Cond: ((id >= 379044) AND (id <= 379143))

for point_selects
table 1 : explain SELECT c FROM sbtest1 WHERE id=242186
	Index Scan using sbtest1_pkey on sbtest1  (cost=0.43..8.45 rows=1 width=121)
	  Index Cond: (id = 242186)

table 2 : explain SELECT c FROM sbtest2 WHERE id=8381859
	Index Scan using sbtest2_pkey on sbtest2  (cost=0.43..8.45 rows=1 width=121)
	  Index Cond: (id = 8381859)

table 3 : explain SELECT c FROM sbtest3 WHERE id=8225263
	Index Scan using sbtest3_pkey on sbtest3  (cost=0.43..8.45 rows=1 width=121)
	  Index Cond: (id = 8225263)

table 4 : explain SELECT c FROM sbtest4 WHERE id=666013
	Index Scan using sbtest4_pkey on sbtest4  (cost=0.43..8.45 rows=1 width=121)
	  Index Cond: (id = 666013)

table 5 : explain SELECT c FROM sbtest5 WHERE id=2377737
	Index Scan using sbtest5_pkey on sbtest5  (cost=0.43..8.45 rows=1 width=121)
	  Index Cond: (id = 2377737)

table 6 : explain SELECT c FROM sbtest6 WHERE id=316153
	Index Scan using sbtest6_pkey on sbtest6  (cost=0.43..8.45 rows=1 width=121)
	  Index Cond: (id = 316153)

table 7 : explain SELECT c FROM sbtest7 WHERE id=1907637
	Index Scan using sbtest7_pkey on sbtest7  (cost=0.43..8.45 rows=1 width=121)
	  Index Cond: (id = 1907637)

table 8 : explain SELECT c FROM sbtest8 WHERE id=5891138
	Index Scan using sbtest8_pkey on sbtest8  (cost=0.43..8.45 rows=1 width=121)
	  Index Cond: (id = 5891138)

explain: for point_selects :: explain SELECT c FROM sbtest%u WHERE id=%u
explain: for point_selects :: explain SELECT c FROM sbtest%u WHERE id=%u
explain: for point_selects :: explain SELECT c FROM sbtest%u WHERE id=%u
for: simple_ranges
table 1 : explain SELECT c FROM sbtest1 WHERE id BETWEEN 3250521 AND 3250620
	Index Scan using sbtest1_pkey on sbtest1  (cost=0.43..387.45 rows=101 width=121)
	  Index Cond: ((id >= 3250521) AND (id <= 3250620))

table 2 : explain SELECT c FROM sbtest2 WHERE id BETWEEN 1784265 AND 1784364
	Index Scan using sbtest2_pkey on sbtest2  (cost=0.43..379.77 rows=100 width=121)
	  Index Cond: ((id >= 1784265) AND (id <= 1784364))

table 3 : explain SELECT c FROM sbtest3 WHERE id BETWEEN 793576 AND 793675
	Index Scan using sbtest3_pkey on sbtest3  (cost=0.43..364.17 rows=95 width=121)
	  Index Cond: ((id >= 793576) AND (id <= 793675))

table 4 : explain SELECT c FROM sbtest4 WHERE id BETWEEN 3098531 AND 3098630
	Index Scan using sbtest4_pkey on sbtest4  (cost=0.43..356.80 rows=93 width=121)
	  Index Cond: ((id >= 3098531) AND (id <= 3098630))

table 5 : explain SELECT c FROM sbtest5 WHERE id BETWEEN 248502 AND 248601
	Index Scan using sbtest5_pkey on sbtest5  (cost=0.43..393.86 rows=103 width=121)
	  Index Cond: ((id >= 248502) AND (id <= 248601))

table 6 : explain SELECT c FROM sbtest6 WHERE id BETWEEN 5327296 AND 5327395
	Index Scan using sbtest6_pkey on sbtest6  (cost=0.43..386.25 rows=101 width=121)
	  Index Cond: ((id >= 5327296) AND (id <= 5327395))

table 7 : explain SELECT c FROM sbtest7 WHERE id BETWEEN 2452407 AND 2452506
	Index Scan using sbtest7_pkey on sbtest7  (cost=0.43..376.26 rows=99 width=121)
	  Index Cond: ((id >= 2452407) AND (id <= 2452506))

table 8 : explain SELECT c FROM sbtest8 WHERE id BETWEEN 6690105 AND 6690204
	Index Scan using sbtest8_pkey on sbtest8  (cost=0.43..373.95 rows=98 width=121)
	  Index Cond: ((id >= 6690105) AND (id <= 6690204))

for: distinct_ranges
table 1 : explain SELECT DISTINCT c FROM sbtest1 WHERE id BETWEEN 7186286 AND 7186385 ORDER BY c
	Unique  (cost=398.47..398.98 rows=103 width=121)
	  ->  Sort  (cost=398.47..398.72 rows=103 width=121)
	        Sort Key: c
	        ->  Index Scan using sbtest1_pkey on sbtest1  (cost=0.43..395.02 rows=103 width=121)
	              Index Cond: ((id >= 7186286) AND (id <= 7186385))

table 2 : explain SELECT DISTINCT c FROM sbtest2 WHERE id BETWEEN 3756771 AND 3756870 ORDER BY c
	Unique  (cost=424.78..425.34 rows=111 width=121)
	  ->  Sort  (cost=424.78..425.06 rows=111 width=121)
	        Sort Key: c
	        ->  Index Scan using sbtest2_pkey on sbtest2  (cost=0.43..421.01 rows=111 width=121)
	              Index Cond: ((id >= 3756771) AND (id <= 3756870))

table 3 : explain SELECT DISTINCT c FROM sbtest3 WHERE id BETWEEN 1062225 AND 1062324 ORDER BY c
	Unique  (cost=401.76..402.28 rows=104 width=121)
	  ->  Sort  (cost=401.76..402.02 rows=104 width=121)
	        Sort Key: c
	        ->  Index Scan using sbtest3_pkey on sbtest3  (cost=0.43..398.28 rows=104 width=121)
	              Index Cond: ((id >= 1062225) AND (id <= 1062324))

table 4 : explain SELECT DISTINCT c FROM sbtest4 WHERE id BETWEEN 8802154 AND 8802253 ORDER BY c
	Unique  (cost=367.49..367.97 rows=95 width=121)
	  ->  Sort  (cost=367.49..367.73 rows=95 width=121)
	        Sort Key: c
	        ->  Index Scan using sbtest4_pkey on sbtest4  (cost=0.43..364.37 rows=95 width=121)
	              Index Cond: ((id >= 8802154) AND (id <= 8802253))

table 5 : explain SELECT DISTINCT c FROM sbtest5 WHERE id BETWEEN 9013909 AND 9014008 ORDER BY c
	Unique  (cost=401.12..401.64 rows=104 width=121)
	  ->  Sort  (cost=401.12..401.38 rows=104 width=121)
	        Sort Key: c
	        ->  Index Scan using sbtest5_pkey on sbtest5  (cost=0.43..397.63 rows=104 width=121)
	              Index Cond: ((id >= 9013909) AND (id <= 9014008))

table 6 : explain SELECT DISTINCT c FROM sbtest6 WHERE id BETWEEN 6684577 AND 6684676 ORDER BY c
	Unique  (cost=381.97..382.47 rows=99 width=121)
	  ->  Sort  (cost=381.97..382.22 rows=99 width=121)
	        Sort Key: c
	        ->  Index Scan using sbtest6_pkey on sbtest6  (cost=0.43..378.69 rows=99 width=121)
	              Index Cond: ((id >= 6684577) AND (id <= 6684676))

table 7 : explain SELECT DISTINCT c FROM sbtest7 WHERE id BETWEEN 8240426 AND 8240525 ORDER BY c
	Unique  (cost=364.31..364.79 rows=95 width=121)
	  ->  Sort  (cost=364.31..364.55 rows=95 width=121)
	        Sort Key: c
	        ->  Index Scan using sbtest7_pkey on sbtest7  (cost=0.43..361.19 rows=95 width=121)
	              Index Cond: ((id >= 8240426) AND (id <= 8240525))

table 8 : explain SELECT DISTINCT c FROM sbtest8 WHERE id BETWEEN 6665186 AND 6665285 ORDER BY c
	Unique  (cost=377.19..377.68 rows=98 width=121)
	  ->  Sort  (cost=377.19..377.44 rows=98 width=121)
	        Sort Key: c
	        ->  Index Scan using sbtest8_pkey on sbtest8  (cost=0.43..373.95 rows=98 width=121)
	              Index Cond: ((id >= 6665186) AND (id <= 6665285))

for point_selects
table 1 : explain SELECT c FROM sbtest1 WHERE id=8727520
	Index Scan using sbtest1_pkey on sbtest1  (cost=0.43..8.45 rows=1 width=121)
	  Index Cond: (id = 8727520)

table 2 : explain SELECT c FROM sbtest2 WHERE id=7901050
	Index Scan using sbtest2_pkey on sbtest2  (cost=0.43..8.45 rows=1 width=121)
	  Index Cond: (id = 7901050)

table 3 : explain SELECT c FROM sbtest3 WHERE id=2874584
	Index Scan using sbtest3_pkey on sbtest3  (cost=0.43..8.45 rows=1 width=121)
	  Index Cond: (id = 2874584)

table 4 : explain SELECT c FROM sbtest4 WHERE id=5599782
	Index Scan using sbtest4_pkey on sbtest4  (cost=0.43..8.45 rows=1 width=121)
	  Index Cond: (id = 5599782)

table 5 : explain SELECT c FROM sbtest5 WHERE id=4469706
	Index Scan using sbtest5_pkey on sbtest5  (cost=0.43..8.45 rows=1 width=121)
	  Index Cond: (id = 4469706)

table 6 : explain SELECT c FROM sbtest6 WHERE id=6204792
	Index Scan using sbtest6_pkey on sbtest6  (cost=0.43..8.45 rows=1 width=121)
	  Index Cond: (id = 6204792)

table 7 : explain SELECT c FROM sbtest7 WHERE id=5357087
	Index Scan using sbtest7_pkey on sbtest7  (cost=0.43..8.45 rows=1 width=121)
	  Index Cond: (id = 5357087)

table 8 : explain SELECT c FROM sbtest8 WHERE id=6251815
	Index Scan using sbtest8_pkey on sbtest8  (cost=0.43..8.45 rows=1 width=121)
	  Index Cond: (id = 6251815)

for: sum_ranges
table 1 : explain SELECT SUM(k) FROM sbtest1 WHERE id BETWEEN 8602479 AND 8602578
	Aggregate  (cost=425.60..425.61 rows=1 width=8)
	  ->  Index Scan using sbtest1_pkey on sbtest1  (cost=0.43..425.33 rows=111 width=4)
	        Index Cond: ((id >= 8602479) AND (id <= 8602578))

table 2 : explain SELECT SUM(k) FROM sbtest2 WHERE id BETWEEN 9375476 AND 9375575
	Aggregate  (cost=353.70..353.71 rows=1 width=8)
	  ->  Index Scan using sbtest2_pkey on sbtest2  (cost=0.43..353.47 rows=93 width=4)
	        Index Cond: ((id >= 9375476) AND (id <= 9375575))

table 3 : explain SELECT SUM(k) FROM sbtest3 WHERE id BETWEEN 9363184 AND 9363283
	Aggregate  (cost=394.75..394.76 rows=1 width=8)
	  ->  Index Scan using sbtest3_pkey on sbtest3  (cost=0.43..394.49 rows=103 width=4)
	        Index Cond: ((id >= 9363184) AND (id <= 9363283))

table 4 : explain SELECT SUM(k) FROM sbtest4 WHERE id BETWEEN 2647949 AND 2648048
	Aggregate  (cost=364.61..364.62 rows=1 width=8)
	  ->  Index Scan using sbtest4_pkey on sbtest4  (cost=0.43..364.37 rows=95 width=4)
	        Index Cond: ((id >= 2647949) AND (id <= 2648048))

table 5 : explain SELECT SUM(k) FROM sbtest5 WHERE id BETWEEN 1661530 AND 1661629
	Aggregate  (cost=352.48..352.49 rows=1 width=8)
	  ->  Index Scan using sbtest5_pkey on sbtest5  (cost=0.43..352.25 rows=92 width=4)
	        Index Cond: ((id >= 1661530) AND (id <= 1661629))

table 6 : explain SELECT SUM(k) FROM sbtest6 WHERE id BETWEEN 7914670 AND 7914769
	Aggregate  (cost=435.62..435.63 rows=1 width=8)
	  ->  Index Scan using sbtest6_pkey on sbtest6  (cost=0.43..435.33 rows=114 width=4)
	        Index Cond: ((id >= 7914670) AND (id <= 7914769))

table 7 : explain SELECT SUM(k) FROM sbtest7 WHERE id BETWEEN 124903 AND 125002
	Aggregate  (cost=353.92..353.93 rows=1 width=8)
	  ->  Index Scan using sbtest7_pkey on sbtest7  (cost=0.43..353.69 rows=93 width=4)
	        Index Cond: ((id >= 124903) AND (id <= 125002))

table 8 : explain SELECT SUM(k) FROM sbtest8 WHERE id BETWEEN 1987987 AND 1988086
	Aggregate  (cost=396.81..396.82 rows=1 width=8)
	  ->  Index Scan using sbtest8_pkey on sbtest8  (cost=0.43..396.55 rows=104 width=4)
	        Index Cond: ((id >= 1987987) AND (id <= 1988086))

for: simple_ranges
table 1 : explain SELECT c FROM sbtest1 WHERE id BETWEEN 312027 AND 312126
	Index Scan using sbtest1_pkey on sbtest1  (cost=0.43..387.45 rows=101 width=121)
	  Index Cond: ((id >= 312027) AND (id <= 312126))

table 2 : explain SELECT c FROM sbtest2 WHERE id BETWEEN 1440379 AND 1440478
	Index Scan using sbtest2_pkey on sbtest2  (cost=0.43..391.02 rows=103 width=121)
	  Index Cond: ((id >= 1440379) AND (id <= 1440478))

table 3 : explain SELECT c FROM sbtest3 WHERE id BETWEEN 8709784 AND 8709883
	Index Scan using sbtest3_pkey on sbtest3  (cost=0.43..330.12 rows=86 width=121)
	  Index Cond: ((id >= 8709784) AND (id <= 8709883))

table 4 : explain SELECT c FROM sbtest4 WHERE id BETWEEN 6564009 AND 6564108
	Index Scan using sbtest4_pkey on sbtest4  (cost=0.43..371.94 rows=97 width=121)
	  Index Cond: ((id >= 6564009) AND (id <= 6564108))

table 5 : explain SELECT c FROM sbtest5 WHERE id BETWEEN 4532748 AND 4532847
	Index Scan using sbtest5_pkey on sbtest5  (cost=0.43..371.20 rows=97 width=121)
	  Index Cond: ((id >= 4532748) AND (id <= 4532847))

table 6 : explain SELECT c FROM sbtest6 WHERE id BETWEEN 1791717 AND 1791816
	Index Scan using sbtest6_pkey on sbtest6  (cost=0.43..405.13 rows=106 width=121)
	  Index Cond: ((id >= 1791717) AND (id <= 1791816))

table 7 : explain SELECT c FROM sbtest7 WHERE id BETWEEN 1726003 AND 1726102
	Index Scan using sbtest7_pkey on sbtest7  (cost=0.43..391.27 rows=103 width=121)
	  Index Cond: ((id >= 1726003) AND (id <= 1726102))

table 8 : explain SELECT c FROM sbtest8 WHERE id BETWEEN 85072 AND 85171
	Index Scan using sbtest8_pkey on sbtest8  (cost=0.43..430.44 rows=113 width=121)
	  Index Cond: ((id >= 85072) AND (id <= 85171))

explain: for index_updates :: explain UPDATE sbtest%u SET k=k+1 WHERE id=%u
explain: for point_selects :: explain SELECT c FROM sbtest%u WHERE id=%u
for index_updates
table 1 : explain UPDATE sbtest1 SET k=k+1 WHERE id=8552584
	Update on sbtest1  (cost=0.43..8.46 rows=0 width=0)
	  ->  Index Scan using sbtest1_pkey on sbtest1  (cost=0.43..8.46 rows=1 width=10)
	        Index Cond: (id = 8552584)

table 2 : explain UPDATE sbtest2 SET k=k+1 WHERE id=7540479
	Update on sbtest2  (cost=0.43..8.46 rows=0 width=0)
	  ->  Index Scan using sbtest2_pkey on sbtest2  (cost=0.43..8.46 rows=1 width=10)
	        Index Cond: (id = 7540479)

table 3 : explain UPDATE sbtest3 SET k=k+1 WHERE id=1776022
	Update on sbtest3  (cost=0.43..8.46 rows=0 width=0)
	  ->  Index Scan using sbtest3_pkey on sbtest3  (cost=0.43..8.46 rows=1 width=10)
	        Index Cond: (id = 1776022)

table 4 : explain UPDATE sbtest4 SET k=k+1 WHERE id=2586841
	Update on sbtest4  (cost=0.43..8.46 rows=0 width=0)
	  ->  Index Scan using sbtest4_pkey on sbtest4  (cost=0.43..8.46 rows=1 width=10)
	        Index Cond: (id = 2586841)

table 5 : explain UPDATE sbtest5 SET k=k+1 WHERE id=436423
	Update on sbtest5  (cost=0.43..8.46 rows=0 width=0)
	  ->  Index Scan using sbtest5_pkey on sbtest5  (cost=0.43..8.46 rows=1 width=10)
	        Index Cond: (id = 436423)

table 6 : explain UPDATE sbtest6 SET k=k+1 WHERE id=4383533
	Update on sbtest6  (cost=0.43..8.46 rows=0 width=0)
	  ->  Index Scan using sbtest6_pkey on sbtest6  (cost=0.43..8.46 rows=1 width=10)
	        Index Cond: (id = 4383533)

table 7 : explain UPDATE sbtest7 SET k=k+1 WHERE id=3024623
	Update on sbtest7  (cost=0.43..8.46 rows=0 width=0)
	  ->  Index Scan using sbtest7_pkey on sbtest7  (cost=0.43..8.46 rows=1 width=10)
	        Index Cond: (id = 3024623)

table 8 : explain UPDATE sbtest8 SET k=k+1 WHERE id=5586419
	Update on sbtest8  (cost=0.43..8.46 rows=0 width=0)
	  ->  Index Scan using sbtest8_pkey on sbtest8  (cost=0.43..8.46 rows=1 width=10)
	        Index Cond: (id = 5586419)

explain: for point_selects :: explain SELECT c FROM sbtest%u WHERE id=%u
explain: for point_selects :: explain SELECT c FROM sbtest%u WHERE id=%u
explain: for non_index_updates :: explain UPDATE sbtest%u SET c='foobar' WHERE id=%u
explain: for point_selects :: explain SELECT c FROM sbtest%u WHERE id=%u
for non_index_updates
table 1 : explain UPDATE sbtest1 SET c='foobar' WHERE id=9754120
	Update on sbtest1  (cost=0.43..8.45 rows=0 width=0)
	  ->  Index Scan using sbtest1_pkey on sbtest1  (cost=0.43..8.45 rows=1 width=490)
	        Index Cond: (id = 9754120)

table 2 : explain UPDATE sbtest2 SET c='foobar' WHERE id=6363516
	Update on sbtest2  (cost=0.43..8.45 rows=0 width=0)
	  ->  Index Scan using sbtest2_pkey on sbtest2  (cost=0.43..8.45 rows=1 width=490)
	        Index Cond: (id = 6363516)

table 3 : explain UPDATE sbtest3 SET c='foobar' WHERE id=2336962
	Update on sbtest3  (cost=0.43..8.45 rows=0 width=0)
	  ->  Index Scan using sbtest3_pkey on sbtest3  (cost=0.43..8.45 rows=1 width=490)
	        Index Cond: (id = 2336962)

table 4 : explain UPDATE sbtest4 SET c='foobar' WHERE id=6657184
	Update on sbtest4  (cost=0.43..8.45 rows=0 width=0)
	  ->  Index Scan using sbtest4_pkey on sbtest4  (cost=0.43..8.45 rows=1 width=490)
	        Index Cond: (id = 6657184)

table 5 : explain UPDATE sbtest5 SET c='foobar' WHERE id=3054405
	Update on sbtest5  (cost=0.43..8.45 rows=0 width=0)
	  ->  Index Scan using sbtest5_pkey on sbtest5  (cost=0.43..8.45 rows=1 width=490)
	        Index Cond: (id = 3054405)

table 6 : explain UPDATE sbtest6 SET c='foobar' WHERE id=8705800
	Update on sbtest6  (cost=0.43..8.45 rows=0 width=0)
	  ->  Index Scan using sbtest6_pkey on sbtest6  (cost=0.43..8.45 rows=1 width=490)
	        Index Cond: (id = 8705800)

table 7 : explain UPDATE sbtest7 SET c='foobar' WHERE id=3167769
	Update on sbtest7  (cost=0.43..8.45 rows=0 width=0)
	  ->  Index Scan using sbtest7_pkey on sbtest7  (cost=0.43..8.45 rows=1 width=490)
	        Index Cond: (id = 3167769)

table 8 : explain UPDATE sbtest8 SET c='foobar' WHERE id=4199591
	Update on sbtest8  (cost=0.43..8.45 rows=0 width=0)
	  ->  Index Scan using sbtest8_pkey on sbtest8  (cost=0.43..8.45 rows=1 width=490)
	        Index Cond: (id = 4199591)

for point_selects
table 1 : explain SELECT c FROM sbtest1 WHERE id=4996112
	Index Scan using sbtest1_pkey on sbtest1  (cost=0.43..8.45 rows=1 width=121)
	  Index Cond: (id = 4996112)

table 2 : explain SELECT c FROM sbtest2 WHERE id=3222201
	Index Scan using sbtest2_pkey on sbtest2  (cost=0.43..8.45 rows=1 width=121)
	  Index Cond: (id = 3222201)

table 3 : explain SELECT c FROM sbtest3 WHERE id=1848837
	Index Scan using sbtest3_pkey on sbtest3  (cost=0.43..8.45 rows=1 width=121)
	  Index Cond: (id = 1848837)

table 4 : explain SELECT c FROM sbtest4 WHERE id=22959
	Index Scan using sbtest4_pkey on sbtest4  (cost=0.43..8.45 rows=1 width=121)
	  Index Cond: (id = 22959)

table 5 : explain SELECT c FROM sbtest5 WHERE id=909477
	Index Scan using sbtest5_pkey on sbtest5  (cost=0.43..8.45 rows=1 width=121)
	  Index Cond: (id = 909477)

table 6 : explain SELECT c FROM sbtest6 WHERE id=9498301
	Index Scan using sbtest6_pkey on sbtest6  (cost=0.43..8.45 rows=1 width=121)
	  Index Cond: (id = 9498301)

table 7 : explain SELECT c FROM sbtest7 WHERE id=5922132
	Index Scan using sbtest7_pkey on sbtest7  (cost=0.43..8.45 rows=1 width=121)
	  Index Cond: (id = 5922132)

table 8 : explain SELECT c FROM sbtest8 WHERE id=6606584
	Index Scan using sbtest8_pkey on sbtest8  (cost=0.43..8.45 rows=1 width=121)
	  Index Cond: (id = 6606584)

for point_selects
table 1 : explain SELECT c FROM sbtest1 WHERE id=1440941
	Index Scan using sbtest1_pkey on sbtest1  (cost=0.43..8.45 rows=1 width=121)
	  Index Cond: (id = 1440941)

table 2 : explain SELECT c FROM sbtest2 WHERE id=9433458
	Index Scan using sbtest2_pkey on sbtest2  (cost=0.43..8.45 rows=1 width=121)
	  Index Cond: (id = 9433458)

table 3 : explain SELECT c FROM sbtest3 WHERE id=8325546
	Index Scan using sbtest3_pkey on sbtest3  (cost=0.43..8.45 rows=1 width=121)
	  Index Cond: (id = 8325546)

table 4 : explain SELECT c FROM sbtest4 WHERE id=7175082
	Index Scan using sbtest4_pkey on sbtest4  (cost=0.43..8.45 rows=1 width=121)
	  Index Cond: (id = 7175082)

table 5 : explain SELECT c FROM sbtest5 WHERE id=7904253
	Index Scan using sbtest5_pkey on sbtest5  (cost=0.43..8.45 rows=1 width=121)
	  Index Cond: (id = 7904253)

table 6 : explain SELECT c FROM sbtest6 WHERE id=7155762
	Index Scan using sbtest6_pkey on sbtest6  (cost=0.43..8.45 rows=1 width=121)
	  Index Cond: (id = 7155762)

table 7 : explain SELECT c FROM sbtest7 WHERE id=9493518
	Index Scan using sbtest7_pkey on sbtest7  (cost=0.43..8.45 rows=1 width=121)
	  Index Cond: (id = 9493518)

table 8 : explain SELECT c FROM sbtest8 WHERE id=7259182
	Index Scan using sbtest8_pkey on sbtest8  (cost=0.43..8.45 rows=1 width=121)
	  Index Cond: (id = 7259182)

for: simple_ranges
table 1 : explain SELECT c FROM sbtest1 WHERE id BETWEEN 7045967 AND 7046066
	Index Scan using sbtest1_pkey on sbtest1  (cost=0.43..395.02 rows=103 width=121)
	  Index Cond: ((id >= 7045967) AND (id <= 7046066))

table 2 : explain SELECT c FROM sbtest2 WHERE id BETWEEN 7652060 AND 7652159
	Index Scan using sbtest2_pkey on sbtest2  (cost=0.43..360.96 rows=95 width=121)
	  Index Cond: ((id >= 7652060) AND (id <= 7652159))

table 3 : explain SELECT c FROM sbtest3 WHERE id BETWEEN 6902072 AND 6902171
	Index Scan using sbtest3_pkey on sbtest3  (cost=0.43..375.52 rows=98 width=121)
	  Index Cond: ((id >= 6902072) AND (id <= 6902171))

table 4 : explain SELECT c FROM sbtest4 WHERE id BETWEEN 100798 AND 100897
	Index Scan using sbtest4_pkey on sbtest4  (cost=0.43..398.49 rows=104 width=121)
	  Index Cond: ((id >= 100798) AND (id <= 100897))

table 5 : explain SELECT c FROM sbtest5 WHERE id BETWEEN 8908080 AND 8908179
	Index Scan using sbtest5_pkey on sbtest5  (cost=0.43..397.63 rows=104 width=121)
	  Index Cond: ((id >= 8908080) AND (id <= 8908179))

table 6 : explain SELECT c FROM sbtest6 WHERE id BETWEEN 5911654 AND 5911753
	Index Scan using sbtest6_pkey on sbtest6  (cost=0.43..378.69 rows=99 width=121)
	  Index Cond: ((id >= 5911654) AND (id <= 5911753))

table 7 : explain SELECT c FROM sbtest7 WHERE id BETWEEN 2915104 AND 2915203
	Index Scan using sbtest7_pkey on sbtest7  (cost=0.43..387.52 rows=102 width=121)
	  Index Cond: ((id >= 2915104) AND (id <= 2915203))

table 8 : explain SELECT c FROM sbtest8 WHERE id BETWEEN 3238011 AND 3238110
	Index Scan using sbtest8_pkey on sbtest8  (cost=0.43..370.18 rows=97 width=121)
	  Index Cond: ((id >= 3238011) AND (id <= 3238110))

for: simple_ranges
table 1 : explain SELECT c FROM sbtest1 WHERE id BETWEEN 7887456 AND 7887555
	Index Scan using sbtest1_pkey on sbtest1  (cost=0.43..391.23 rows=102 width=121)
	  Index Cond: ((id >= 7887456) AND (id <= 7887555))

table 2 : explain SELECT c FROM sbtest2 WHERE id BETWEEN 3227895 AND 3227994
	Index Scan using sbtest2_pkey on sbtest2  (cost=0.43..349.72 rows=92 width=121)
	  Index Cond: ((id >= 3227895) AND (id <= 3227994))

table 3 : explain SELECT c FROM sbtest3 WHERE id BETWEEN 6816007 AND 6816106
	Index Scan using sbtest3_pkey on sbtest3  (cost=0.43..375.52 rows=98 width=121)
	  Index Cond: ((id >= 6816007) AND (id <= 6816106))

table 4 : explain SELECT c FROM sbtest4 WHERE id BETWEEN 155115 AND 155214
	Index Scan using sbtest4_pkey on sbtest4  (cost=0.43..398.49 rows=104 width=121)
	  Index Cond: ((id >= 155115) AND (id <= 155214))

table 5 : explain SELECT c FROM sbtest5 WHERE id BETWEEN 4577865 AND 4577964
	Index Scan using sbtest5_pkey on sbtest5  (cost=0.43..371.20 rows=97 width=121)
	  Index Cond: ((id >= 4577865) AND (id <= 4577964))

table 6 : explain SELECT c FROM sbtest6 WHERE id BETWEEN 1018057 AND 1018156
	Index Scan using sbtest6_pkey on sbtest6  (cost=0.43..371.08 rows=97 width=121)
	  Index Cond: ((id >= 1018057) AND (id <= 1018156))

table 7 : explain SELECT c FROM sbtest7 WHERE id BETWEEN 1352297 AND 1352396
	Index Scan using sbtest7_pkey on sbtest7  (cost=0.43..413.77 rows=109 width=121)
	  Index Cond: ((id >= 1352297) AND (id <= 1352396))

table 8 : explain SELECT c FROM sbtest8 WHERE id BETWEEN 3509000 AND 3509099
	Index Scan using sbtest8_pkey on sbtest8  (cost=0.43..370.18 rows=97 width=121)
	  Index Cond: ((id >= 3509000) AND (id <= 3509099))

for: sum_ranges
table 1 : explain SELECT SUM(k) FROM sbtest1 WHERE id BETWEEN 4483362 AND 4483461
	Aggregate  (cost=395.28..395.29 rows=1 width=8)
	  ->  Index Scan using sbtest1_pkey on sbtest1  (cost=0.43..395.02 rows=103 width=4)
	        Index Cond: ((id >= 4483362) AND (id <= 4483461))

table 2 : explain SELECT SUM(k) FROM sbtest2 WHERE id BETWEEN 7279119 AND 7279218
	Aggregate  (cost=331.19..331.20 rows=1 width=8)
	  ->  Index Scan using sbtest2_pkey on sbtest2  (cost=0.43..330.97 rows=87 width=4)
	        Index Cond: ((id >= 7279119) AND (id <= 7279218))

table 3 : explain SELECT SUM(k) FROM sbtest3 WHERE id BETWEEN 9106727 AND 9106826
	Aggregate  (cost=375.76..375.77 rows=1 width=8)
	  ->  Index Scan using sbtest3_pkey on sbtest3  (cost=0.43..375.52 rows=98 width=4)
	        Index Cond: ((id >= 9106727) AND (id <= 9106826))

table 4 : explain SELECT SUM(k) FROM sbtest4 WHERE id BETWEEN 9346340 AND 9346439
	Aggregate  (cost=379.82..379.83 rows=1 width=8)
	  ->  Index Scan using sbtest4_pkey on sbtest4  (cost=0.43..379.57 rows=99 width=4)
	        Index Cond: ((id >= 9346340) AND (id <= 9346439))

table 5 : explain SELECT SUM(k) FROM sbtest5 WHERE id BETWEEN 1332429 AND 1332528
	Aggregate  (cost=420.57..420.58 rows=1 width=8)
	  ->  Index Scan using sbtest5_pkey on sbtest5  (cost=0.43..420.29 rows=110 width=4)
	        Index Cond: ((id >= 1332429) AND (id <= 1332528))

table 6 : explain SELECT SUM(k) FROM sbtest6 WHERE id BETWEEN 5288984 AND 5289083
	Aggregate  (cost=386.50..386.51 rows=1 width=8)
	  ->  Index Scan using sbtest6_pkey on sbtest6  (cost=0.43..386.25 rows=101 width=4)
	        Index Cond: ((id >= 5288984) AND (id <= 5289083))

table 7 : explain SELECT SUM(k) FROM sbtest7 WHERE id BETWEEN 517912 AND 518011
	Aggregate  (cost=369.00..369.01 rows=1 width=8)
	  ->  Index Scan using sbtest7_pkey on sbtest7  (cost=0.43..368.76 rows=97 width=4)
	        Index Cond: ((id >= 517912) AND (id <= 518011))

table 8 : explain SELECT SUM(k) FROM sbtest8 WHERE id BETWEEN 9249915 AND 9250014
	Aggregate  (cost=381.73..381.74 rows=1 width=8)
	  ->  Index Scan using sbtest8_pkey on sbtest8  (cost=0.43..381.48 rows=100 width=4)
	        Index Cond: ((id >= 9249915) AND (id <= 9250014))

for: sum_ranges
table 1 : explain SELECT SUM(k) FROM sbtest1 WHERE id BETWEEN 792526 AND 792625
	Aggregate  (cost=368.74..368.75 rows=1 width=8)
	  ->  Index Scan using sbtest1_pkey on sbtest1  (cost=0.43..368.50 rows=96 width=4)
	        Index Cond: ((id >= 792526) AND (id <= 792625))

table 2 : explain SELECT SUM(k) FROM sbtest2 WHERE id BETWEEN 2900746 AND 2900845
	Aggregate  (cost=410.03..410.04 rows=1 width=8)
	  ->  Index Scan using sbtest2_pkey on sbtest2  (cost=0.43..409.76 rows=108 width=4)
	        Index Cond: ((id >= 2900746) AND (id <= 2900845))

table 3 : explain SELECT SUM(k) FROM sbtest3 WHERE id BETWEEN 383748 AND 383847
	Aggregate  (cost=390.97..390.98 rows=1 width=8)
	  ->  Index Scan using sbtest3_pkey on sbtest3  (cost=0.43..390.71 rows=102 width=4)
	        Index Cond: ((id >= 383748) AND (id <= 383847))

table 4 : explain SELECT SUM(k) FROM sbtest4 WHERE id BETWEEN 6997881 AND 6997980
	Aggregate  (cost=372.18..372.19 rows=1 width=8)
	  ->  Index Scan using sbtest4_pkey on sbtest4  (cost=0.43..371.94 rows=97 width=4)
	        Index Cond: ((id >= 6997881) AND (id <= 6997980))

table 5 : explain SELECT SUM(k) FROM sbtest5 WHERE id BETWEEN 4540901 AND 4541000
	Aggregate  (cost=371.44..371.45 rows=1 width=8)
	  ->  Index Scan using sbtest5_pkey on sbtest5  (cost=0.43..371.20 rows=97 width=4)
	        Index Cond: ((id >= 4540901) AND (id <= 4541000))

table 6 : explain SELECT SUM(k) FROM sbtest6 WHERE id BETWEEN 2193362 AND 2193461
	Aggregate  (cost=390.28..390.29 rows=1 width=8)
	  ->  Index Scan using sbtest6_pkey on sbtest6  (cost=0.43..390.02 rows=102 width=4)
	        Index Cond: ((id >= 2193362) AND (id <= 2193461))

table 7 : explain SELECT SUM(k) FROM sbtest7 WHERE id BETWEEN 1430789 AND 1430888
	Aggregate  (cost=399.03..399.04 rows=1 width=8)
	  ->  Index Scan using sbtest7_pkey on sbtest7  (cost=0.43..398.77 rows=105 width=4)
	        Index Cond: ((id >= 1430789) AND (id <= 1430888))

table 8 : explain SELECT SUM(k) FROM sbtest8 WHERE id BETWEEN 8613046 AND 8613145
	Aggregate  (cost=419.42..419.43 rows=1 width=8)
	  ->  Index Scan using sbtest8_pkey on sbtest8  (cost=0.43..419.14 rows=110 width=4)
	        Index Cond: ((id >= 8613046) AND (id <= 8613145))

for point_selects
table 1 : explain SELECT c FROM sbtest1 WHERE id=9206129
	Index Scan using sbtest1_pkey on sbtest1  (cost=0.43..8.45 rows=1 width=121)
	  Index Cond: (id = 9206129)

table 2 : explain SELECT c FROM sbtest2 WHERE id=2275788
	Index Scan using sbtest2_pkey on sbtest2  (cost=0.43..8.45 rows=1 width=121)
	  Index Cond: (id = 2275788)

table 3 : explain SELECT c FROM sbtest3 WHERE id=5090197
	Index Scan using sbtest3_pkey on sbtest3  (cost=0.43..8.45 rows=1 width=121)
	  Index Cond: (id = 5090197)

table 4 : explain SELECT c FROM sbtest4 WHERE id=6904943
	Index Scan using sbtest4_pkey on sbtest4  (cost=0.43..8.45 rows=1 width=121)
	  Index Cond: (id = 6904943)

table 5 : explain SELECT c FROM sbtest5 WHERE id=4978968
	Index Scan using sbtest5_pkey on sbtest5  (cost=0.43..8.45 rows=1 width=121)
	  Index Cond: (id = 4978968)

table 6 : explain SELECT c FROM sbtest6 WHERE id=1293867
	Index Scan using sbtest6_pkey on sbtest6  (cost=0.43..8.45 rows=1 width=121)
	  Index Cond: (id = 1293867)

table 7 : explain SELECT c FROM sbtest7 WHERE id=3045122
	Index Scan using sbtest7_pkey on sbtest7  (cost=0.43..8.45 rows=1 width=121)
	  Index Cond: (id = 3045122)

table 8 : explain SELECT c FROM sbtest8 WHERE id=1074827
	Index Scan using sbtest8_pkey on sbtest8  (cost=0.43..8.45 rows=1 width=121)
	  Index Cond: (id = 1074827)

for point_selects
table 1 : explain SELECT c FROM sbtest1 WHERE id=7773930
	Index Scan using sbtest1_pkey on sbtest1  (cost=0.43..8.45 rows=1 width=121)
	  Index Cond: (id = 7773930)

table 2 : explain SELECT c FROM sbtest2 WHERE id=9247089
	Index Scan using sbtest2_pkey on sbtest2  (cost=0.43..8.45 rows=1 width=121)
	  Index Cond: (id = 9247089)

table 3 : explain SELECT c FROM sbtest3 WHERE id=8516590
	Index Scan using sbtest3_pkey on sbtest3  (cost=0.43..8.45 rows=1 width=121)
	  Index Cond: (id = 8516590)

table 4 : explain SELECT c FROM sbtest4 WHERE id=6463897
	Index Scan using sbtest4_pkey on sbtest4  (cost=0.43..8.45 rows=1 width=121)
	  Index Cond: (id = 6463897)

table 5 : explain SELECT c FROM sbtest5 WHERE id=7758273
	Index Scan using sbtest5_pkey on sbtest5  (cost=0.43..8.45 rows=1 width=121)
	  Index Cond: (id = 7758273)

table 6 : explain SELECT c FROM sbtest6 WHERE id=9011497
	Index Scan using sbtest6_pkey on sbtest6  (cost=0.43..8.45 rows=1 width=121)
	  Index Cond: (id = 9011497)

table 7 : explain SELECT c FROM sbtest7 WHERE id=5891547
	Index Scan using sbtest7_pkey on sbtest7  (cost=0.43..8.45 rows=1 width=121)
	  Index Cond: (id = 5891547)

table 8 : explain SELECT c FROM sbtest8 WHERE id=1937142
	Index Scan using sbtest8_pkey on sbtest8  (cost=0.43..8.45 rows=1 width=121)
	  Index Cond: (id = 1937142)

explain: for deletes :: explain DELETE FROM sbtest%u WHERE id=%u
for point_selects
table 1 : explain SELECT c FROM sbtest1 WHERE id=7861304
	Index Scan using sbtest1_pkey on sbtest1  (cost=0.43..8.45 rows=1 width=121)
	  Index Cond: (id = 7861304)

table 2 : explain SELECT c FROM sbtest2 WHERE id=2105020
	Index Scan using sbtest2_pkey on sbtest2  (cost=0.43..8.45 rows=1 width=121)
	  Index Cond: (id = 2105020)

table 3 : explain SELECT c FROM sbtest3 WHERE id=5172967
	Index Scan using sbtest3_pkey on sbtest3  (cost=0.43..8.45 rows=1 width=121)
	  Index Cond: (id = 5172967)

table 4 : explain SELECT c FROM sbtest4 WHERE id=3493738
	Index Scan using sbtest4_pkey on sbtest4  (cost=0.43..8.45 rows=1 width=121)
	  Index Cond: (id = 3493738)

table 5 : explain SELECT c FROM sbtest5 WHERE id=6213836
	Index Scan using sbtest5_pkey on sbtest5  (cost=0.43..8.45 rows=1 width=121)
	  Index Cond: (id = 6213836)

table 6 : explain SELECT c FROM sbtest6 WHERE id=7234958
	Index Scan using sbtest6_pkey on sbtest6  (cost=0.43..8.45 rows=1 width=121)
	  Index Cond: (id = 7234958)

table 7 : explain SELECT c FROM sbtest7 WHERE id=6640301
	Index Scan using sbtest7_pkey on sbtest7  (cost=0.43..8.45 rows=1 width=121)
	  Index Cond: (id = 6640301)

table 8 : explain SELECT c FROM sbtest8 WHERE id=3415222
	Index Scan using sbtest8_pkey on sbtest8  (cost=0.43..8.45 rows=1 width=121)
	  Index Cond: (id = 3415222)

for: sum_ranges
table 1 : explain SELECT SUM(k) FROM sbtest1 WHERE id BETWEEN 3124866 AND 3124965
	Aggregate  (cost=414.23..414.24 rows=1 width=8)
	  ->  Index Scan using sbtest1_pkey on sbtest1  (cost=0.43..413.96 rows=108 width=4)
	        Index Cond: ((id >= 3124866) AND (id <= 3124965))

table 2 : explain SELECT SUM(k) FROM sbtest2 WHERE id BETWEEN 9525136 AND 9525235
	Aggregate  (cost=361.20..361.21 rows=1 width=8)
	  ->  Index Scan using sbtest2_pkey on sbtest2  (cost=0.43..360.96 rows=95 width=4)
	        Index Cond: ((id >= 9525136) AND (id <= 9525235))

table 3 : explain SELECT SUM(k) FROM sbtest3 WHERE id BETWEEN 8593867 AND 8593966
	Aggregate  (cost=387.18..387.19 rows=1 width=8)
	  ->  Index Scan using sbtest3_pkey on sbtest3  (cost=0.43..386.93 rows=101 width=4)
	        Index Cond: ((id >= 8593867) AND (id <= 8593966))

table 4 : explain SELECT SUM(k) FROM sbtest4 WHERE id BETWEEN 9106136 AND 9106235
	Aggregate  (cost=372.18..372.19 rows=1 width=8)
	  ->  Index Scan using sbtest4_pkey on sbtest4  (cost=0.43..371.94 rows=97 width=4)
	        Index Cond: ((id >= 9106136) AND (id <= 9106235))

table 5 : explain SELECT SUM(k) FROM sbtest5 WHERE id BETWEEN 5972939 AND 5973038
	Aggregate  (cost=413.01..413.02 rows=1 width=8)
	  ->  Index Scan using sbtest5_pkey on sbtest5  (cost=0.43..412.74 rows=108 width=4)
	        Index Cond: ((id >= 5972939) AND (id <= 5973038))

table 6 : explain SELECT SUM(k) FROM sbtest6 WHERE id BETWEEN 6192865 AND 6192964
	Aggregate  (cost=378.94..378.95 rows=1 width=8)
	  ->  Index Scan using sbtest6_pkey on sbtest6  (cost=0.43..378.69 rows=99 width=4)
	        Index Cond: ((id >= 6192865) AND (id <= 6192964))

table 7 : explain SELECT SUM(k) FROM sbtest7 WHERE id BETWEEN 809317 AND 809416
	Aggregate  (cost=369.00..369.01 rows=1 width=8)
	  ->  Index Scan using sbtest7_pkey on sbtest7  (cost=0.43..368.76 rows=97 width=4)
	        Index Cond: ((id >= 809317) AND (id <= 809416))

table 8 : explain SELECT SUM(k) FROM sbtest8 WHERE id BETWEEN 8142012 AND 8142111
	Aggregate  (cost=370.43..370.44 rows=1 width=8)
	  ->  Index Scan using sbtest8_pkey on sbtest8  (cost=0.43..370.18 rows=97 width=4)
	        Index Cond: ((id >= 8142012) AND (id <= 8142111))

for deletes
table 1 : explain DELETE FROM sbtest1 WHERE id=5504240
	Delete on sbtest1  (cost=0.43..8.45 rows=0 width=0)
	  ->  Index Scan using sbtest1_pkey on sbtest1  (cost=0.43..8.45 rows=1 width=6)
	        Index Cond: (id = 5504240)

table 2 : explain DELETE FROM sbtest2 WHERE id=1810421
	Delete on sbtest2  (cost=0.43..8.45 rows=0 width=0)
	  ->  Index Scan using sbtest2_pkey on sbtest2  (cost=0.43..8.45 rows=1 width=6)
	        Index Cond: (id = 1810421)

table 3 : explain DELETE FROM sbtest3 WHERE id=8671008
	Delete on sbtest3  (cost=0.43..8.45 rows=0 width=0)
	  ->  Index Scan using sbtest3_pkey on sbtest3  (cost=0.43..8.45 rows=1 width=6)
	        Index Cond: (id = 8671008)

table 4 : explain DELETE FROM sbtest4 WHERE id=3829928
	Delete on sbtest4  (cost=0.43..8.45 rows=0 width=0)
	  ->  Index Scan using sbtest4_pkey on sbtest4  (cost=0.43..8.45 rows=1 width=6)
	        Index Cond: (id = 3829928)

table 5 : explain DELETE FROM sbtest5 WHERE id=5828611
	Delete on sbtest5  (cost=0.43..8.45 rows=0 width=0)
	  ->  Index Scan using sbtest5_pkey on sbtest5  (cost=0.43..8.45 rows=1 width=6)
	        Index Cond: (id = 5828611)

table 6 : explain DELETE FROM sbtest6 WHERE id=9521033
	Delete on sbtest6  (cost=0.43..8.45 rows=0 width=0)
	  ->  Index Scan using sbtest6_pkey on sbtest6  (cost=0.43..8.45 rows=1 width=6)
	        Index Cond: (id = 9521033)

table 7 : explain DELETE FROM sbtest7 WHERE id=2565613
	Delete on sbtest7  (cost=0.43..8.45 rows=0 width=0)
	  ->  Index Scan using sbtest7_pkey on sbtest7  (cost=0.43..8.45 rows=1 width=6)
	        Index Cond: (id = 2565613)

table 8 : explain DELETE FROM sbtest8 WHERE id=4886639
	Delete on sbtest8  (cost=0.43..8.45 rows=0 width=0)
	  ->  Index Scan using sbtest8_pkey on sbtest8  (cost=0.43..8.45 rows=1 width=6)
	        Index Cond: (id = 4886639)

for: simple_ranges
table 1 : explain SELECT c FROM sbtest1 WHERE id BETWEEN 928651 AND 928750
	Index Scan using sbtest1_pkey on sbtest1  (cost=0.43..357.14 rows=93 width=121)
	  Index Cond: ((id >= 928651) AND (id <= 928750))

table 2 : explain SELECT c FROM sbtest2 WHERE id BETWEEN 248290 AND 248389
	Index Scan using sbtest2_pkey on sbtest2  (cost=0.43..402.27 rows=106 width=121)
	  Index Cond: ((id >= 248290) AND (id <= 248389))

table 3 : explain SELECT c FROM sbtest3 WHERE id BETWEEN 805415 AND 805514
	Index Scan using sbtest3_pkey on sbtest3  (cost=0.43..364.17 rows=95 width=121)
	  Index Cond: ((id >= 805415) AND (id <= 805514))

table 4 : explain SELECT c FROM sbtest4 WHERE id BETWEEN 4418672 AND 4418771
	Index Scan using sbtest4_pkey on sbtest4  (cost=0.43..413.63 rows=108 width=121)
	  Index Cond: ((id >= 4418672) AND (id <= 4418771))

table 5 : explain SELECT c FROM sbtest5 WHERE id BETWEEN 2125020 AND 2125119
	Index Scan using sbtest5_pkey on sbtest5  (cost=0.43..420.29 rows=110 width=121)
	  Index Cond: ((id >= 2125020) AND (id <= 2125119))

table 6 : explain SELECT c FROM sbtest6 WHERE id BETWEEN 9793955 AND 9794054
	Index Scan using sbtest6_pkey on sbtest6  (cost=0.43..405.13 rows=106 width=121)
	  Index Cond: ((id >= 9793955) AND (id <= 9794054))

table 7 : explain SELECT c FROM sbtest7 WHERE id BETWEEN 7986326 AND 7986425
	Index Scan using sbtest7_pkey on sbtest7  (cost=0.43..451.28 rows=119 width=121)
	  Index Cond: ((id >= 7986326) AND (id <= 7986425))

table 8 : explain SELECT c FROM sbtest8 WHERE id BETWEEN 5310758 AND 5310857
	Index Scan using sbtest8_pkey on sbtest8  (cost=0.43..400.31 rows=105 width=121)
	  Index Cond: ((id >= 5310758) AND (id <= 5310857))

for: simple_ranges
table 1 : explain SELECT c FROM sbtest1 WHERE id BETWEEN 79559 AND 79658
	Index Scan using sbtest1_pkey on sbtest1  (cost=0.43..360.93 rows=94 width=121)
	  Index Cond: ((id >= 79559) AND (id <= 79658))

table 2 : explain SELECT c FROM sbtest2 WHERE id BETWEEN 3506295 AND 3506394
	Index Scan using sbtest2_pkey on sbtest2  (cost=0.43..398.52 rows=105 width=121)
	  Index Cond: ((id >= 3506295) AND (id <= 3506394))

table 3 : explain SELECT c FROM sbtest3 WHERE id BETWEEN 9943550 AND 9943649
	Index Scan using sbtest3_pkey on sbtest3  (cost=0.43..341.47 rows=89 width=121)
	  Index Cond: ((id >= 9943550) AND (id <= 9943649))

table 4 : explain SELECT c FROM sbtest4 WHERE id BETWEEN 4391025 AND 4391124
	Index Scan using sbtest4_pkey on sbtest4  (cost=0.43..360.58 rows=94 width=121)
	  Index Cond: ((id >= 4391025) AND (id <= 4391124))

table 5 : explain SELECT c FROM sbtest5 WHERE id BETWEEN 6055075 AND 6055174
	Index Scan using sbtest5_pkey on sbtest5  (cost=0.43..356.03 rows=93 width=121)
	  Index Cond: ((id >= 6055075) AND (id <= 6055174))

table 6 : explain SELECT c FROM sbtest6 WHERE id BETWEEN 9321920 AND 9322019
	Index Scan using sbtest6_pkey on sbtest6  (cost=0.43..386.25 rows=101 width=121)
	  Index Cond: ((id >= 9321920) AND (id <= 9322019))

table 7 : explain SELECT c FROM sbtest7 WHERE id BETWEEN 5495481 AND 5495580
	Index Scan using sbtest7_pkey on sbtest7  (cost=0.43..402.52 rows=106 width=121)
	  Index Cond: ((id >= 5495481) AND (id <= 5495580))

table 8 : explain SELECT c FROM sbtest8 WHERE id BETWEEN 2800777 AND 2800876
	Index Scan using sbtest8_pkey on sbtest8  (cost=0.43..370.18 rows=97 width=121)
	  Index Cond: ((id >= 2800777) AND (id <= 2800876))

for point_selects
table 1 : explain SELECT c FROM sbtest1 WHERE id=960433
	Index Scan using sbtest1_pkey on sbtest1  (cost=0.43..8.45 rows=1 width=121)
	  Index Cond: (id = 960433)

table 2 : explain SELECT c FROM sbtest2 WHERE id=1467973
	Index Scan using sbtest2_pkey on sbtest2  (cost=0.43..8.45 rows=1 width=121)
	  Index Cond: (id = 1467973)

table 3 : explain SELECT c FROM sbtest3 WHERE id=303410
	Index Scan using sbtest3_pkey on sbtest3  (cost=0.43..8.45 rows=1 width=121)
	  Index Cond: (id = 303410)

table 4 : explain SELECT c FROM sbtest4 WHERE id=4953729
	Index Scan using sbtest4_pkey on sbtest4  (cost=0.43..8.45 rows=1 width=121)
	  Index Cond: (id = 4953729)

table 5 : explain SELECT c FROM sbtest5 WHERE id=6547958
	Index Scan using sbtest5_pkey on sbtest5  (cost=0.43..8.45 rows=1 width=121)
	  Index Cond: (id = 6547958)

table 6 : explain SELECT c FROM sbtest6 WHERE id=7639424
	Index Scan using sbtest6_pkey on sbtest6  (cost=0.43..8.45 rows=1 width=121)
	  Index Cond: (id = 7639424)

table 7 : explain SELECT c FROM sbtest7 WHERE id=1375168
	Index Scan using sbtest7_pkey on sbtest7  (cost=0.43..8.45 rows=1 width=121)
	  Index Cond: (id = 1375168)

table 8 : explain SELECT c FROM sbtest8 WHERE id=7885222
	Index Scan using sbtest8_pkey on sbtest8  (cost=0.43..8.45 rows=1 width=121)
	  Index Cond: (id = 7885222)

for: simple_ranges
table 1 : explain SELECT c FROM sbtest1 WHERE id BETWEEN 181421 AND 181520
	Index Scan using sbtest1_pkey on sbtest1  (cost=0.43..406.39 rows=106 width=121)
	  Index Cond: ((id >= 181421) AND (id <= 181520))

table 2 : explain SELECT c FROM sbtest2 WHERE id BETWEEN 3968726 AND 3968825
	Index Scan using sbtest2_pkey on sbtest2  (cost=0.43..364.71 rows=96 width=121)
	  Index Cond: ((id >= 3968726) AND (id <= 3968825))

table 3 : explain SELECT c FROM sbtest3 WHERE id BETWEEN 7953363 AND 7953462
	Index Scan using sbtest3_pkey on sbtest3  (cost=0.43..383.14 rows=100 width=121)
	  Index Cond: ((id >= 7953363) AND (id <= 7953462))

table 4 : explain SELECT c FROM sbtest4 WHERE id BETWEEN 1310191 AND 1310290
	Index Scan using sbtest4_pkey on sbtest4  (cost=0.43..383.35 rows=100 width=121)
	  Index Cond: ((id >= 1310191) AND (id <= 1310290))

table 5 : explain SELECT c FROM sbtest5 WHERE id BETWEEN 6932144 AND 6932243
	Index Scan using sbtest5_pkey on sbtest5  (cost=0.43..382.53 rows=100 width=121)
	  Index Cond: ((id >= 6932144) AND (id <= 6932243))

table 6 : explain SELECT c FROM sbtest6 WHERE id BETWEEN 5188602 AND 5188701
	Index Scan using sbtest6_pkey on sbtest6  (cost=0.43..386.25 rows=101 width=121)
	  Index Cond: ((id >= 5188602) AND (id <= 5188701))

table 7 : explain SELECT c FROM sbtest7 WHERE id BETWEEN 6091557 AND 6091656
	Index Scan using sbtest7_pkey on sbtest7  (cost=0.43..417.52 rows=110 width=121)
	  Index Cond: ((id >= 6091557) AND (id <= 6091656))

table 8 : explain SELECT c FROM sbtest8 WHERE id BETWEEN 5077666 AND 5077765
	Index Scan using sbtest8_pkey on sbtest8  (cost=0.43..396.55 rows=104 width=121)
	  Index Cond: ((id >= 5077666) AND (id <= 5077765))

for: distinct_ranges
table 1 : explain SELECT DISTINCT c FROM sbtest1 WHERE id BETWEEN 9805674 AND 9805773 ORDER BY c
	Unique  (cost=386.98..387.48 rows=100 width=121)
	  ->  Sort  (cost=386.98..387.23 rows=100 width=121)
	        Sort Key: c
	        ->  Index Scan using sbtest1_pkey on sbtest1  (cost=0.43..383.66 rows=100 width=121)
	              Index Cond: ((id >= 9805674) AND (id <= 9805773))

table 2 : explain SELECT DISTINCT c FROM sbtest2 WHERE id BETWEEN 9948864 AND 9948963 ORDER BY c
	Unique  (cost=405.83..406.36 rows=106 width=121)
	  ->  Sort  (cost=405.83..406.10 rows=106 width=121)
	        Sort Key: c
	        ->  Index Scan using sbtest2_pkey on sbtest2  (cost=0.43..402.27 rows=106 width=121)
	              Index Cond: ((id >= 9948864) AND (id <= 9948963))

table 3 : explain SELECT DISTINCT c FROM sbtest3 WHERE id BETWEEN 3653316 AND 3653415 ORDER BY c
	Unique  (cost=378.76..379.25 rows=98 width=121)
	  ->  Sort  (cost=378.76..379.01 rows=98 width=121)
	        Sort Key: c
	        ->  Index Scan using sbtest3_pkey on sbtest3  (cost=0.43..375.52 rows=98 width=121)
	              Index Cond: ((id >= 3653316) AND (id <= 3653415))

table 4 : explain SELECT DISTINCT c FROM sbtest4 WHERE id BETWEEN 1477097 AND 1477196 ORDER BY c
	Unique  (cost=375.14..375.63 rows=97 width=121)
	  ->  Sort  (cost=375.14..375.38 rows=97 width=121)
	        Sort Key: c
	        ->  Index Scan using sbtest4_pkey on sbtest4  (cost=0.43..371.94 rows=97 width=121)
	              Index Cond: ((id >= 1477097) AND (id <= 1477196))

table 5 : explain SELECT DISTINCT c FROM sbtest5 WHERE id BETWEEN 9860362 AND 9860461 ORDER BY c
	Unique  (cost=385.85..386.35 rows=100 width=121)
	  ->  Sort  (cost=385.85..386.10 rows=100 width=121)
	        Sort Key: c
	        ->  Index Scan using sbtest5_pkey on sbtest5  (cost=0.43..382.53 rows=100 width=121)
	              Index Cond: ((id >= 9860362) AND (id <= 9860461))

table 6 : explain SELECT DISTINCT c FROM sbtest6 WHERE id BETWEEN 3408720 AND 3408819 ORDER BY c
	Unique  (cost=404.87..405.40 rows=105 width=121)
	  ->  Sort  (cost=404.87..405.14 rows=105 width=121)
	        Sort Key: c
	        ->  Index Scan using sbtest6_pkey on sbtest6  (cost=0.43..401.35 rows=105 width=121)
	              Index Cond: ((id >= 3408720) AND (id <= 3408819))

table 7 : explain SELECT DISTINCT c FROM sbtest7 WHERE id BETWEEN 8017171 AND 8017270 ORDER BY c
	Unique  (cost=356.73..357.19 rows=93 width=121)
	  ->  Sort  (cost=356.73..356.96 rows=93 width=121)
	        Sort Key: c
	        ->  Index Scan using sbtest7_pkey on sbtest7  (cost=0.43..353.69 rows=93 width=121)
	              Index Cond: ((id >= 8017171) AND (id <= 8017270))

table 8 : explain SELECT DISTINCT c FROM sbtest8 WHERE id BETWEEN 2508883 AND 2508982 ORDER BY c
	Unique  (cost=354.29..354.75 rows=92 width=121)
	  ->  Sort  (cost=354.29..354.52 rows=92 width=121)
	        Sort Key: c
	        ->  Index Scan using sbtest8_pkey on sbtest8  (cost=0.43..351.29 rows=92 width=121)
	              Index Cond: ((id >= 2508883) AND (id <= 2508982))

explain: for point_selects :: explain SELECT c FROM sbtest%u WHERE id=%u
for: simple_ranges
table 1 : explain SELECT c FROM sbtest1 WHERE id BETWEEN 1917903 AND 1918002
	Index Scan using sbtest1_pkey on sbtest1  (cost=0.43..379.87 rows=99 width=121)
	  Index Cond: ((id >= 1917903) AND (id <= 1918002))

table 2 : explain SELECT c FROM sbtest2 WHERE id BETWEEN 5989931 AND 5990030
	Index Scan using sbtest2_pkey on sbtest2  (cost=0.43..421.01 rows=111 width=121)
	  Index Cond: ((id >= 5989931) AND (id <= 5990030))

table 3 : explain SELECT c FROM sbtest3 WHERE id BETWEEN 1464695 AND 1464794
	Index Scan using sbtest3_pkey on sbtest3  (cost=0.43..360.39 rows=94 width=121)
	  Index Cond: ((id >= 1464695) AND (id <= 1464794))

table 4 : explain SELECT c FROM sbtest4 WHERE id BETWEEN 3134740 AND 3134839
	Index Scan using sbtest4_pkey on sbtest4  (cost=0.43..356.80 rows=93 width=121)
	  Index Cond: ((id >= 3134740) AND (id <= 3134839))

table 5 : explain SELECT c FROM sbtest5 WHERE id BETWEEN 1545893 AND 1545992
	Index Scan using sbtest5_pkey on sbtest5  (cost=0.43..412.74 rows=108 width=121)
	  Index Cond: ((id >= 1545893) AND (id <= 1545992))

table 6 : explain SELECT c FROM sbtest6 WHERE id BETWEEN 874008 AND 874107
	Index Scan using sbtest6_pkey on sbtest6  (cost=0.43..401.35 rows=105 width=121)
	  Index Cond: ((id >= 874008) AND (id <= 874107))

table 7 : explain SELECT c FROM sbtest7 WHERE id BETWEEN 325380 AND 325479
	Index Scan using sbtest7_pkey on sbtest7  (cost=0.43..383.76 rows=101 width=121)
	  Index Cond: ((id >= 325380) AND (id <= 325479))

table 8 : explain SELECT c FROM sbtest8 WHERE id BETWEEN 2332795 AND 2332894
	Index Scan using sbtest8_pkey on sbtest8  (cost=0.43..381.48 rows=100 width=121)
	  Index Cond: ((id >= 2332795) AND (id <= 2332894))

for: sum_ranges
table 1 : explain SELECT SUM(k) FROM sbtest1 WHERE id BETWEEN 7733716 AND 7733815
	Aggregate  (cost=391.49..391.50 rows=1 width=8)
	  ->  Index Scan using sbtest1_pkey on sbtest1  (cost=0.43..391.23 rows=102 width=4)
	        Index Cond: ((id >= 7733716) AND (id <= 7733815))

table 2 : explain SELECT SUM(k) FROM sbtest2 WHERE id BETWEEN 2380338 AND 2380437
	Aggregate  (cost=368.70..368.71 rows=1 width=8)
	  ->  Index Scan using sbtest2_pkey on sbtest2  (cost=0.43..368.46 rows=97 width=4)
	        Index Cond: ((id >= 2380338) AND (id <= 2380437))

table 3 : explain SELECT SUM(k) FROM sbtest3 WHERE id BETWEEN 1590671 AND 1590770
	Aggregate  (cost=345.48..345.49 rows=1 width=8)
	  ->  Index Scan using sbtest3_pkey on sbtest3  (cost=0.43..345.26 rows=90 width=4)
	        Index Cond: ((id >= 1590671) AND (id <= 1590770))

table 4 : explain SELECT SUM(k) FROM sbtest4 WHERE id BETWEEN 9825838 AND 9825937
	Aggregate  (cost=379.82..379.83 rows=1 width=8)
	  ->  Index Scan using sbtest4_pkey on sbtest4  (cost=0.43..379.57 rows=99 width=4)
	        Index Cond: ((id >= 9825838) AND (id <= 9825937))

table 5 : explain SELECT SUM(k) FROM sbtest5 WHERE id BETWEEN 3664610 AND 3664709
	Aggregate  (cost=363.82..363.83 rows=1 width=8)
	  ->  Index Scan using sbtest5_pkey on sbtest5  (cost=0.43..363.58 rows=95 width=4)
	        Index Cond: ((id >= 3664610) AND (id <= 3664709))

table 6 : explain SELECT SUM(k) FROM sbtest6 WHERE id BETWEEN 8968612 AND 8968711
	Aggregate  (cost=394.06..394.07 rows=1 width=8)
	  ->  Index Scan using sbtest6_pkey on sbtest6  (cost=0.43..393.80 rows=103 width=4)
	        Index Cond: ((id >= 8968612) AND (id <= 8968711))

table 7 : explain SELECT SUM(k) FROM sbtest7 WHERE id BETWEEN 8625834 AND 8625933
	Aggregate  (cost=387.77..387.78 rows=1 width=8)
	  ->  Index Scan using sbtest7_pkey on sbtest7  (cost=0.43..387.52 rows=102 width=4)
	        Index Cond: ((id >= 8625834) AND (id <= 8625933))

table 8 : explain SELECT SUM(k) FROM sbtest8 WHERE id BETWEEN 8194677 AND 8194776
	Aggregate  (cost=370.43..370.44 rows=1 width=8)
	  ->  Index Scan using sbtest8_pkey on sbtest8  (cost=0.43..370.18 rows=97 width=4)
	        Index Cond: ((id >= 8194677) AND (id <= 8194776))

explain: for index_updates :: explain UPDATE sbtest%u SET k=k+1 WHERE id=%u
for: order_ranges
table 1 : explain SELECT c FROM sbtest1 WHERE id BETWEEN 2507730 AND 2507829 ORDER BY c
	Sort  (cost=413.78..414.05 rows=107 width=121)
	  Sort Key: c
	  ->  Index Scan using sbtest1_pkey on sbtest1  (cost=0.43..410.17 rows=107 width=121)
	        Index Cond: ((id >= 2507730) AND (id <= 2507829))

table 2 : explain SELECT c FROM sbtest2 WHERE id BETWEEN 9134860 AND 9134959 ORDER BY c
	Sort  (cost=367.87..368.11 rows=96 width=121)
	  Sort Key: c
	  ->  Index Scan using sbtest2_pkey on sbtest2  (cost=0.43..364.71 rows=96 width=121)
	        Index Cond: ((id >= 9134860) AND (id <= 9134959))

table 3 : explain SELECT c FROM sbtest3 WHERE id BETWEEN 4449097 AND 4449196 ORDER BY c
	Sort  (cost=386.47..386.72 rows=100 width=121)
	  Sort Key: c
	  ->  Index Scan using sbtest3_pkey on sbtest3  (cost=0.43..383.14 rows=100 width=121)
	        Index Cond: ((id >= 4449097) AND (id <= 4449196))

table 4 : explain SELECT c FROM sbtest4 WHERE id BETWEEN 226541 AND 226640 ORDER BY c
	Sort  (cost=432.59..432.87 rows=112 width=121)
	  Sort Key: c
	  ->  Index Scan using sbtest4_pkey on sbtest4  (cost=0.43..428.77 rows=112 width=121)
	        Index Cond: ((id >= 226541) AND (id <= 226640))

table 5 : explain SELECT c FROM sbtest5 WHERE id BETWEEN 8033510 AND 8033609 ORDER BY c
	Sort  (cost=362.89..363.12 rows=94 width=121)
	  Sort Key: c
	  ->  Index Scan using sbtest5_pkey on sbtest5  (cost=0.43..359.81 rows=94 width=121)
	        Index Cond: ((id >= 8033510) AND (id <= 8033609))

table 6 : explain SELECT c FROM sbtest6 WHERE id BETWEEN 5800033 AND 5800132 ORDER BY c
	Sort  (cost=362.83..363.07 rows=94 width=121)
	  Sort Key: c
	  ->  Index Scan using sbtest6_pkey on sbtest6  (cost=0.43..359.75 rows=94 width=121)
	        Index Cond: ((id >= 5800033) AND (id <= 5800132))

table 7 : explain SELECT c FROM sbtest7 WHERE id BETWEEN 8796133 AND 8796232 ORDER BY c
	Sort  (cost=364.31..364.55 rows=95 width=121)
	  Sort Key: c
	  ->  Index Scan using sbtest7_pkey on sbtest7  (cost=0.43..361.19 rows=95 width=121)
	        Index Cond: ((id >= 8796133) AND (id <= 8796232))

table 8 : explain SELECT c FROM sbtest8 WHERE id BETWEEN 1729680 AND 1729779 ORDER BY c
	Sort  (cost=392.42..392.67 rows=102 width=121)
	  Sort Key: c
	  ->  Index Scan using sbtest8_pkey on sbtest8  (cost=0.43..389.01 rows=102 width=121)
	        Index Cond: ((id >= 1729680) AND (id <= 1729779))

for index_updates
table 1 : explain UPDATE sbtest1 SET k=k+1 WHERE id=7724363
	Update on sbtest1  (cost=0.43..8.46 rows=0 width=0)
	  ->  Index Scan using sbtest1_pkey on sbtest1  (cost=0.43..8.46 rows=1 width=10)
	        Index Cond: (id = 7724363)

table 2 : explain UPDATE sbtest2 SET k=k+1 WHERE id=2504704
	Update on sbtest2  (cost=0.43..8.46 rows=0 width=0)
	  ->  Index Scan using sbtest2_pkey on sbtest2  (cost=0.43..8.46 rows=1 width=10)
	        Index Cond: (id = 2504704)

table 3 : explain UPDATE sbtest3 SET k=k+1 WHERE id=2812293
	Update on sbtest3  (cost=0.43..8.46 rows=0 width=0)
	  ->  Index Scan using sbtest3_pkey on sbtest3  (cost=0.43..8.46 rows=1 width=10)
	        Index Cond: (id = 2812293)

table 4 : explain UPDATE sbtest4 SET k=k+1 WHERE id=2376564
	Update on sbtest4  (cost=0.43..8.46 rows=0 width=0)
	  ->  Index Scan using sbtest4_pkey on sbtest4  (cost=0.43..8.46 rows=1 width=10)
	        Index Cond: (id = 2376564)

table 5 : explain UPDATE sbtest5 SET k=k+1 WHERE id=4358926
	Update on sbtest5  (cost=0.43..8.46 rows=0 width=0)
	  ->  Index Scan using sbtest5_pkey on sbtest5  (cost=0.43..8.46 rows=1 width=10)
	        Index Cond: (id = 4358926)

table 6 : explain UPDATE sbtest6 SET k=k+1 WHERE id=4912567
	Update on sbtest6  (cost=0.43..8.46 rows=0 width=0)
	  ->  Index Scan using sbtest6_pkey on sbtest6  (cost=0.43..8.46 rows=1 width=10)
	        Index Cond: (id = 4912567)

table 7 : explain UPDATE sbtest7 SET k=k+1 WHERE id=2315577
	Update on sbtest7  (cost=0.43..8.46 rows=0 width=0)
	  ->  Index Scan using sbtest7_pkey on sbtest7  (cost=0.43..8.46 rows=1 width=10)
	        Index Cond: (id = 2315577)

table 8 : explain UPDATE sbtest8 SET k=k+1 WHERE id=2415012
	Update on sbtest8  (cost=0.43..8.46 rows=0 width=0)
	  ->  Index Scan using sbtest8_pkey on sbtest8  (cost=0.43..8.46 rows=1 width=10)
	        Index Cond: (id = 2415012)

for: sum_ranges
table 1 : explain SELECT SUM(k) FROM sbtest1 WHERE id BETWEEN 9254100 AND 9254199
	Aggregate  (cost=357.37..357.38 rows=1 width=8)
	  ->  Index Scan using sbtest1_pkey on sbtest1  (cost=0.43..357.14 rows=93 width=4)
	        Index Cond: ((id >= 9254100) AND (id <= 9254199))

table 2 : explain SELECT SUM(k) FROM sbtest2 WHERE id BETWEEN 3067883 AND 3067982
	Aggregate  (cost=372.45..372.46 rows=1 width=8)
	  ->  Index Scan using sbtest2_pkey on sbtest2  (cost=0.43..372.21 rows=98 width=4)
	        Index Cond: ((id >= 3067883) AND (id <= 3067982))

table 3 : explain SELECT SUM(k) FROM sbtest3 WHERE id BETWEEN 6099838 AND 6099937
	Aggregate  (cost=390.97..390.98 rows=1 width=8)
	  ->  Index Scan using sbtest3_pkey on sbtest3  (cost=0.43..390.71 rows=102 width=4)
	        Index Cond: ((id >= 6099838) AND (id <= 6099937))

table 4 : explain SELECT SUM(k) FROM sbtest4 WHERE id BETWEEN 8019182 AND 8019281
	Aggregate  (cost=345.67..345.68 rows=1 width=8)
	  ->  Index Scan using sbtest4_pkey on sbtest4  (cost=0.43..345.44 rows=90 width=4)
	        Index Cond: ((id >= 8019182) AND (id <= 8019281))

table 5 : explain SELECT SUM(k) FROM sbtest5 WHERE id BETWEEN 7175901 AND 7176000
	Aggregate  (cost=371.44..371.45 rows=1 width=8)
	  ->  Index Scan using sbtest5_pkey on sbtest5  (cost=0.43..371.20 rows=97 width=4)
	        Index Cond: ((id >= 7175901) AND (id <= 7176000))

table 6 : explain SELECT SUM(k) FROM sbtest6 WHERE id BETWEEN 1623423 AND 1623522
	Aggregate  (cost=375.16..375.17 rows=1 width=8)
	  ->  Index Scan using sbtest6_pkey on sbtest6  (cost=0.43..374.92 rows=98 width=4)
	        Index Cond: ((id >= 1623423) AND (id <= 1623522))

table 7 : explain SELECT SUM(k) FROM sbtest7 WHERE id BETWEEN 1672772 AND 1672871
	Aggregate  (cost=376.51..376.52 rows=1 width=8)
	  ->  Index Scan using sbtest7_pkey on sbtest7  (cost=0.43..376.26 rows=99 width=4)
	        Index Cond: ((id >= 1672772) AND (id <= 1672871))

table 8 : explain SELECT SUM(k) FROM sbtest8 WHERE id BETWEEN 165327 AND 165426
	Aggregate  (cost=419.42..419.43 rows=1 width=8)
	  ->  Index Scan using sbtest8_pkey on sbtest8  (cost=0.43..419.14 rows=110 width=4)
	        Index Cond: ((id >= 165327) AND (id <= 165426))

explain: for inserts :: explain INSERT INTO sbtest%u (id, k, c, pad) VALUES (%u, 13, 'foobar', 'foobar')
explain: for point_selects :: explain SELECT c FROM sbtest%u WHERE id=%u
for: sum_ranges
table 1 : explain SELECT SUM(k) FROM sbtest1 WHERE id BETWEEN 5470215 AND 5470314
	Aggregate  (cost=433.19..433.20 rows=1 width=8)
	  ->  Index Scan using sbtest1_pkey on sbtest1  (cost=0.43..432.90 rows=113 width=4)
	        Index Cond: ((id >= 5470215) AND (id <= 5470314))

table 2 : explain SELECT SUM(k) FROM sbtest2 WHERE id BETWEEN 3443155 AND 3443254
	Aggregate  (cost=349.95..349.96 rows=1 width=8)
	  ->  Index Scan using sbtest2_pkey on sbtest2  (cost=0.43..349.72 rows=92 width=4)
	        Index Cond: ((id >= 3443155) AND (id <= 3443254))

table 3 : explain SELECT SUM(k) FROM sbtest3 WHERE id BETWEEN 96069 AND 96168
	Aggregate  (cost=387.18..387.19 rows=1 width=8)
	  ->  Index Scan using sbtest3_pkey on sbtest3  (cost=0.43..386.93 rows=101 width=4)
	        Index Cond: ((id >= 96069) AND (id <= 96168))

table 4 : explain SELECT SUM(k) FROM sbtest4 WHERE id BETWEEN 5187553 AND 5187652
	Aggregate  (cost=368.39..368.40 rows=1 width=8)
	  ->  Index Scan using sbtest4_pkey on sbtest4  (cost=0.43..368.15 rows=96 width=4)
	        Index Cond: ((id >= 5187553) AND (id <= 5187652))

table 5 : explain SELECT SUM(k) FROM sbtest5 WHERE id BETWEEN 521995 AND 522094
	Aggregate  (cost=416.79..416.80 rows=1 width=8)
	  ->  Index Scan using sbtest5_pkey on sbtest5  (cost=0.43..416.52 rows=109 width=4)
	        Index Cond: ((id >= 521995) AND (id <= 522094))

table 6 : explain SELECT SUM(k) FROM sbtest6 WHERE id BETWEEN 7464472 AND 7464571
	Aggregate  (cost=371.32..371.33 rows=1 width=8)
	  ->  Index Scan using sbtest6_pkey on sbtest6  (cost=0.43..371.08 rows=97 width=4)
	        Index Cond: ((id >= 7464472) AND (id <= 7464571))

table 7 : explain SELECT SUM(k) FROM sbtest7 WHERE id BETWEEN 4189606 AND 4189705
	Aggregate  (cost=361.43..361.44 rows=1 width=8)
	  ->  Index Scan using sbtest7_pkey on sbtest7  (cost=0.43..361.19 rows=95 width=4)
	        Index Cond: ((id >= 4189606) AND (id <= 4189705))

table 8 : explain SELECT SUM(k) FROM sbtest8 WHERE id BETWEEN 4271519 AND 4271618
	Aggregate  (cost=415.65..415.66 rows=1 width=8)
	  ->  Index Scan using sbtest8_pkey on sbtest8  (cost=0.43..415.38 rows=109 width=4)
	        Index Cond: ((id >= 4271519) AND (id <= 4271618))

for: sum_ranges
table 1 : explain SELECT SUM(k) FROM sbtest1 WHERE id BETWEEN 6724956 AND 6725055
	Aggregate  (cost=368.74..368.75 rows=1 width=8)
	  ->  Index Scan using sbtest1_pkey on sbtest1  (cost=0.43..368.50 rows=96 width=4)
	        Index Cond: ((id >= 6724956) AND (id <= 6725055))

table 2 : explain SELECT SUM(k) FROM sbtest2 WHERE id BETWEEN 202561 AND 202660
	Aggregate  (cost=402.53..402.54 rows=1 width=8)
	  ->  Index Scan using sbtest2_pkey on sbtest2  (cost=0.43..402.27 rows=106 width=4)
	        Index Cond: ((id >= 202561) AND (id <= 202660))

table 3 : explain SELECT SUM(k) FROM sbtest3 WHERE id BETWEEN 8926661 AND 8926760
	Aggregate  (cost=409.89..409.90 rows=1 width=8)
	  ->  Index Scan using sbtest3_pkey on sbtest3  (cost=0.43..409.62 rows=107 width=4)
	        Index Cond: ((id >= 8926661) AND (id <= 8926760))

table 4 : explain SELECT SUM(k) FROM sbtest4 WHERE id BETWEEN 9051060 AND 9051159
	Aggregate  (cost=360.82..360.83 rows=1 width=8)
	  ->  Index Scan using sbtest4_pkey on sbtest4  (cost=0.43..360.58 rows=94 width=4)
	        Index Cond: ((id >= 9051060) AND (id <= 9051159))

table 5 : explain SELECT SUM(k) FROM sbtest5 WHERE id BETWEEN 6099008 AND 6099107
	Aggregate  (cost=356.26..356.27 rows=1 width=8)
	  ->  Index Scan using sbtest5_pkey on sbtest5  (cost=0.43..356.03 rows=93 width=4)
	        Index Cond: ((id >= 6099008) AND (id <= 6099107))

table 6 : explain SELECT SUM(k) FROM sbtest6 WHERE id BETWEEN 1597730 AND 1597829
	Aggregate  (cost=405.39..405.40 rows=1 width=8)
	  ->  Index Scan using sbtest6_pkey on sbtest6  (cost=0.43..405.13 rows=106 width=4)
	        Index Cond: ((id >= 1597730) AND (id <= 1597829))

table 7 : explain SELECT SUM(k) FROM sbtest7 WHERE id BETWEEN 5975276 AND 5975375
	Aggregate  (cost=406.54..406.55 rows=1 width=8)
	  ->  Index Scan using sbtest7_pkey on sbtest7  (cost=0.43..406.27 rows=107 width=4)
	        Index Cond: ((id >= 5975276) AND (id <= 5975375))

table 8 : explain SELECT SUM(k) FROM sbtest8 WHERE id BETWEEN 8731441 AND 8731540
	Aggregate  (cost=411.88..411.89 rows=1 width=8)
	  ->  Index Scan using sbtest8_pkey on sbtest8  (cost=0.43..411.61 rows=108 width=4)
	        Index Cond: ((id >= 8731441) AND (id <= 8731540))

explain: for point_selects :: explain SELECT c FROM sbtest%u WHERE id=%u
for point_selects
table 1 : explain SELECT c FROM sbtest1 WHERE id=7416395
	Index Scan using sbtest1_pkey on sbtest1  (cost=0.43..8.45 rows=1 width=121)
	  Index Cond: (id = 7416395)

table 2 : explain SELECT c FROM sbtest2 WHERE id=8269449
	Index Scan using sbtest2_pkey on sbtest2  (cost=0.43..8.45 rows=1 width=121)
	  Index Cond: (id = 8269449)

table 3 : explain SELECT c FROM sbtest3 WHERE id=5558188
	Index Scan using sbtest3_pkey on sbtest3  (cost=0.43..8.45 rows=1 width=121)
	  Index Cond: (id = 5558188)

table 4 : explain SELECT c FROM sbtest4 WHERE id=4861762
	Index Scan using sbtest4_pkey on sbtest4  (cost=0.43..8.45 rows=1 width=121)
	  Index Cond: (id = 4861762)

table 5 : explain SELECT c FROM sbtest5 WHERE id=2229697
	Index Scan using sbtest5_pkey on sbtest5  (cost=0.43..8.45 rows=1 width=121)
	  Index Cond: (id = 2229697)

table 6 : explain SELECT c FROM sbtest6 WHERE id=5225641
	Index Scan using sbtest6_pkey on sbtest6  (cost=0.43..8.45 rows=1 width=121)
	  Index Cond: (id = 5225641)

table 7 : explain SELECT c FROM sbtest7 WHERE id=5315403
	Index Scan using sbtest7_pkey on sbtest7  (cost=0.43..8.45 rows=1 width=121)
	  Index Cond: (id = 5315403)

table 8 : explain SELECT c FROM sbtest8 WHERE id=7103592
	Index Scan using sbtest8_pkey on sbtest8  (cost=0.43..8.45 rows=1 width=121)
	  Index Cond: (id = 7103592)

explain: for point_selects :: explain SELECT c FROM sbtest%u WHERE id=%u
for inserts
table 1 : explain INSERT INTO sbtest1 (id, k, c, pad) VALUES (4830554, 13, 'foobar', 'foobar')
	Insert on sbtest1  (cost=0.00..0.01 rows=0 width=0)
	  ->  Result  (cost=0.00..0.01 rows=1 width=736)

table 2 : explain INSERT INTO sbtest2 (id, k, c, pad) VALUES (5730860, 13, 'foobar', 'foobar')
	Insert on sbtest2  (cost=0.00..0.01 rows=0 width=0)
	  ->  Result  (cost=0.00..0.01 rows=1 width=736)

table 3 : explain INSERT INTO sbtest3 (id, k, c, pad) VALUES (5235407, 13, 'foobar', 'foobar')
	Insert on sbtest3  (cost=0.00..0.01 rows=0 width=0)
	  ->  Result  (cost=0.00..0.01 rows=1 width=736)

table 4 : explain INSERT INTO sbtest4 (id, k, c, pad) VALUES (7447529, 13, 'foobar', 'foobar')
	Insert on sbtest4  (cost=0.00..0.01 rows=0 width=0)
	  ->  Result  (cost=0.00..0.01 rows=1 width=736)

table 5 : explain INSERT INTO sbtest5 (id, k, c, pad) VALUES (8985640, 13, 'foobar', 'foobar')
	Insert on sbtest5  (cost=0.00..0.01 rows=0 width=0)
	  ->  Result  (cost=0.00..0.01 rows=1 width=736)

table 6 : explain INSERT INTO sbtest6 (id, k, c, pad) VALUES (7320532, 13, 'foobar', 'foobar')
	Insert on sbtest6  (cost=0.00..0.01 rows=0 width=0)
	  ->  Result  (cost=0.00..0.01 rows=1 width=736)

table 7 : explain INSERT INTO sbtest7 (id, k, c, pad) VALUES (4086276, 13, 'foobar', 'foobar')
	Insert on sbtest7  (cost=0.00..0.01 rows=0 width=0)
	  ->  Result  (cost=0.00..0.01 rows=1 width=736)

table 8 : explain INSERT INTO sbtest8 (id, k, c, pad) VALUES (960194, 13, 'foobar', 'foobar')
	Insert on sbtest8  (cost=0.00..0.01 rows=0 width=0)
	  ->  Result  (cost=0.00..0.01 rows=1 width=736)

explain: for point_selects :: explain SELECT c FROM sbtest%u WHERE id=%u
explain: for non_index_updates :: explain UPDATE sbtest%u SET c='foobar' WHERE id=%u
for non_index_updates
table 1 : explain UPDATE sbtest1 SET c='foobar' WHERE id=6678578
	Update on sbtest1  (cost=0.43..8.45 rows=0 width=0)
	  ->  Index Scan using sbtest1_pkey on sbtest1  (cost=0.43..8.45 rows=1 width=490)
	        Index Cond: (id = 6678578)

table 2 : explain UPDATE sbtest2 SET c='foobar' WHERE id=7444006
	Update on sbtest2  (cost=0.43..8.45 rows=0 width=0)
	  ->  Index Scan using sbtest2_pkey on sbtest2  (cost=0.43..8.45 rows=1 width=490)
	        Index Cond: (id = 7444006)

table 3 : explain UPDATE sbtest3 SET c='foobar' WHERE id=3180652
	Update on sbtest3  (cost=0.43..8.45 rows=0 width=0)
	  ->  Index Scan using sbtest3_pkey on sbtest3  (cost=0.43..8.45 rows=1 width=490)
	        Index Cond: (id = 3180652)

table 4 : explain UPDATE sbtest4 SET c='foobar' WHERE id=8693665
	Update on sbtest4  (cost=0.43..8.45 rows=0 width=0)
	  ->  Index Scan using sbtest4_pkey on sbtest4  (cost=0.43..8.45 rows=1 width=490)
	        Index Cond: (id = 8693665)

table 5 : explain UPDATE sbtest5 SET c='foobar' WHERE id=2211854
	Update on sbtest5  (cost=0.43..8.45 rows=0 width=0)
	  ->  Index Scan using sbtest5_pkey on sbtest5  (cost=0.43..8.45 rows=1 width=490)
	        Index Cond: (id = 2211854)

table 6 : explain UPDATE sbtest6 SET c='foobar' WHERE id=441561
	Update on sbtest6  (cost=0.43..8.45 rows=0 width=0)
	  ->  Index Scan using sbtest6_pkey on sbtest6  (cost=0.43..8.45 rows=1 width=490)
	        Index Cond: (id = 441561)

table 7 : explain UPDATE sbtest7 SET c='foobar' WHERE id=7568301
	Update on sbtest7  (cost=0.43..8.45 rows=0 width=0)
	  ->  Index Scan using sbtest7_pkey on sbtest7  (cost=0.43..8.45 rows=1 width=490)
	        Index Cond: (id = 7568301)

table 8 : explain UPDATE sbtest8 SET c='foobar' WHERE id=8185190
	Update on sbtest8  (cost=0.43..8.45 rows=0 width=0)
	  ->  Index Scan using sbtest8_pkey on sbtest8  (cost=0.43..8.45 rows=1 width=490)
	        Index Cond: (id = 8185190)

for: simple_ranges
table 1 : explain SELECT c FROM sbtest1 WHERE id BETWEEN 7136772 AND 7136871
	Index Scan using sbtest1_pkey on sbtest1  (cost=0.43..395.02 rows=103 width=121)
	  Index Cond: ((id >= 7136772) AND (id <= 7136871))

table 2 : explain SELECT c FROM sbtest2 WHERE id BETWEEN 204154 AND 204253
	Index Scan using sbtest2_pkey on sbtest2  (cost=0.43..402.27 rows=106 width=121)
	  Index Cond: ((id >= 204154) AND (id <= 204253))

table 3 : explain SELECT c FROM sbtest3 WHERE id BETWEEN 6253781 AND 6253880
	Index Scan using sbtest3_pkey on sbtest3  (cost=0.43..390.71 rows=102 width=121)
	  Index Cond: ((id >= 6253781) AND (id <= 6253880))

table 4 : explain SELECT c FROM sbtest4 WHERE id BETWEEN 7826626 AND 7826725
	Index Scan using sbtest4_pkey on sbtest4  (cost=0.43..375.78 rows=98 width=121)
	  Index Cond: ((id >= 7826626) AND (id <= 7826725))

table 5 : explain SELECT c FROM sbtest5 WHERE id BETWEEN 3961161 AND 3961260
	Index Scan using sbtest5_pkey on sbtest5  (cost=0.43..390.08 rows=102 width=121)
	  Index Cond: ((id >= 3961161) AND (id <= 3961260))

table 6 : explain SELECT c FROM sbtest6 WHERE id BETWEEN 6725016 AND 6725115
	Index Scan using sbtest6_pkey on sbtest6  (cost=0.43..363.53 rows=95 width=121)
	  Index Cond: ((id >= 6725016) AND (id <= 6725115))

table 7 : explain SELECT c FROM sbtest7 WHERE id BETWEEN 3240478 AND 3240577
	Index Scan using sbtest7_pkey on sbtest7  (cost=0.43..376.26 rows=99 width=121)
	  Index Cond: ((id >= 3240478) AND (id <= 3240577))

table 8 : explain SELECT c FROM sbtest8 WHERE id BETWEEN 8453586 AND 8453685
	Index Scan using sbtest8_pkey on sbtest8  (cost=0.43..358.82 rows=94 width=121)
	  Index Cond: ((id >= 8453586) AND (id <= 8453685))

explain: for deletes :: explain DELETE FROM sbtest%u WHERE id=%u
for: order_ranges
table 1 : explain SELECT c FROM sbtest1 WHERE id BETWEEN 8832612 AND 8832711 ORDER BY c
	Sort  (cost=390.81..391.06 rows=101 width=121)
	  Sort Key: c
	  ->  Index Scan using sbtest1_pkey on sbtest1  (cost=0.43..387.45 rows=101 width=121)
	        Index Cond: ((id >= 8832612) AND (id <= 8832711))

table 2 : explain SELECT c FROM sbtest2 WHERE id BETWEEN 3360370 AND 3360469 ORDER BY c
	Sort  (cost=352.72..352.95 rows=92 width=121)
	  Sort Key: c
	  ->  Index Scan using sbtest2_pkey on sbtest2  (cost=0.43..349.72 rows=92 width=121)
	        Index Cond: ((id >= 3360370) AND (id <= 3360469))

table 3 : explain SELECT c FROM sbtest3 WHERE id BETWEEN 652739 AND 652838 ORDER BY c
	Sort  (cost=367.29..367.53 rows=95 width=121)
	  Sort Key: c
	  ->  Index Scan using sbtest3_pkey on sbtest3  (cost=0.43..364.17 rows=95 width=121)
	        Index Cond: ((id >= 652739) AND (id <= 652838))

table 4 : explain SELECT c FROM sbtest4 WHERE id BETWEEN 7953073 AND 7953172 ORDER BY c
	Sort  (cost=348.37..348.59 rows=90 width=121)
	  Sort Key: c
	  ->  Index Scan using sbtest4_pkey on sbtest4  (cost=0.43..345.44 rows=90 width=121)
	        Index Cond: ((id >= 7953073) AND (id <= 7953172))

table 5 : explain SELECT c FROM sbtest5 WHERE id BETWEEN 4063300 AND 4063399 ORDER BY c
	Sort  (cost=385.85..386.10 rows=100 width=121)
	  Sort Key: c
	  ->  Index Scan using sbtest5_pkey on sbtest5  (cost=0.43..382.53 rows=100 width=121)
	        Index Cond: ((id >= 4063300) AND (id <= 4063399))

table 6 : explain SELECT c FROM sbtest6 WHERE id BETWEEN 6362471 AND 6362570 ORDER BY c
	Sort  (cost=393.42..393.68 rows=102 width=121)
	  Sort Key: c
	  ->  Index Scan using sbtest6_pkey on sbtest6  (cost=0.43..390.02 rows=102 width=121)
	        Index Cond: ((id >= 6362471) AND (id <= 6362570))

table 7 : explain SELECT c FROM sbtest7 WHERE id BETWEEN 5602603 AND 5602702 ORDER BY c
	Sort  (cost=379.54..379.79 rows=99 width=121)
	  Sort Key: c
	  ->  Index Scan using sbtest7_pkey on sbtest7  (cost=0.43..376.26 rows=99 width=121)
	        Index Cond: ((id >= 5602603) AND (id <= 5602702))

table 8 : explain SELECT c FROM sbtest8 WHERE id BETWEEN 4757480 AND 4757579 ORDER BY c
	Sort  (cost=392.42..392.67 rows=102 width=121)
	  Sort Key: c
	  ->  Index Scan using sbtest8_pkey on sbtest8  (cost=0.43..389.01 rows=102 width=121)
	        Index Cond: ((id >= 4757480) AND (id <= 4757579))

for: order_ranges
table 1 : explain SELECT c FROM sbtest1 WHERE id BETWEEN 1723531 AND 1723630 ORDER BY c
	Sort  (cost=375.49..375.74 rows=97 width=121)
	  Sort Key: c
	  ->  Index Scan using sbtest1_pkey on sbtest1  (cost=0.43..372.29 rows=97 width=121)
	        Index Cond: ((id >= 1723531) AND (id <= 1723630))

table 2 : explain SELECT c FROM sbtest2 WHERE id BETWEEN 68211 AND 68310 ORDER BY c
	Sort  (cost=356.51..356.74 rows=93 width=121)
	  Sort Key: c
	  ->  Index Scan using sbtest2_pkey on sbtest2  (cost=0.43..353.47 rows=93 width=121)
	        Index Cond: ((id >= 68211) AND (id <= 68310))

table 3 : explain SELECT c FROM sbtest3 WHERE id BETWEEN 2554544 AND 2554643 ORDER BY c
	Sort  (cost=405.58..405.85 rows=105 width=121)
	  Sort Key: c
	  ->  Index Scan using sbtest3_pkey on sbtest3  (cost=0.43..402.06 rows=105 width=121)
	        Index Cond: ((id >= 2554544) AND (id <= 2554643))

table 4 : explain SELECT c FROM sbtest4 WHERE id BETWEEN 5479823 AND 5479922 ORDER BY c
	Sort  (cost=386.68..386.93 rows=100 width=121)
	  Sort Key: c
	  ->  Index Scan using sbtest4_pkey on sbtest4  (cost=0.43..383.35 rows=100 width=121)
	        Index Cond: ((id >= 5479823) AND (id <= 5479922))

table 5 : explain SELECT c FROM sbtest5 WHERE id BETWEEN 7866762 AND 7866861 ORDER BY c
	Sort  (cost=374.40..374.64 rows=97 width=121)
	  Sort Key: c
	  ->  Index Scan using sbtest5_pkey on sbtest5  (cost=0.43..371.20 rows=97 width=121)
	        Index Cond: ((id >= 7866762) AND (id <= 7866861))

table 6 : explain SELECT c FROM sbtest6 WHERE id BETWEEN 399025 AND 399124 ORDER BY c
	Sort  (cost=374.28..374.52 rows=97 width=121)
	  Sort Key: c
	  ->  Index Scan using sbtest6_pkey on sbtest6  (cost=0.43..371.08 rows=97 width=121)
	        Index Cond: ((id >= 399025) AND (id <= 399124))

table 7 : explain SELECT c FROM sbtest7 WHERE id BETWEEN 6778983 AND 6779082 ORDER BY c
	Sort  (cost=356.73..356.96 rows=93 width=121)
	  Sort Key: c
	  ->  Index Scan using sbtest7_pkey on sbtest7  (cost=0.43..353.69 rows=93 width=121)
	        Index Cond: ((id >= 6778983) AND (id <= 6779082))

table 8 : explain SELECT c FROM sbtest8 WHERE id BETWEEN 7521483 AND 7521582 ORDER BY c
	Sort  (cost=392.42..392.67 rows=102 width=121)
	  Sort Key: c
	  ->  Index Scan using sbtest8_pkey on sbtest8  (cost=0.43..389.01 rows=102 width=121)
	        Index Cond: ((id >= 7521483) AND (id <= 7521582))

for deletes
table 1 : explain DELETE FROM sbtest1 WHERE id=7487096
	Delete on sbtest1  (cost=0.43..8.45 rows=0 width=0)
	  ->  Index Scan using sbtest1_pkey on sbtest1  (cost=0.43..8.45 rows=1 width=6)
	        Index Cond: (id = 7487096)

table 2 : explain DELETE FROM sbtest2 WHERE id=762096
	Delete on sbtest2  (cost=0.43..8.45 rows=0 width=0)
	  ->  Index Scan using sbtest2_pkey on sbtest2  (cost=0.43..8.45 rows=1 width=6)
	        Index Cond: (id = 762096)

table 3 : explain DELETE FROM sbtest3 WHERE id=7159787
	Delete on sbtest3  (cost=0.43..8.45 rows=0 width=0)
	  ->  Index Scan using sbtest3_pkey on sbtest3  (cost=0.43..8.45 rows=1 width=6)
	        Index Cond: (id = 7159787)

table 4 : explain DELETE FROM sbtest4 WHERE id=7821321
	Delete on sbtest4  (cost=0.43..8.45 rows=0 width=0)
	  ->  Index Scan using sbtest4_pkey on sbtest4  (cost=0.43..8.45 rows=1 width=6)
	        Index Cond: (id = 7821321)

table 5 : explain DELETE FROM sbtest5 WHERE id=2536683
	Delete on sbtest5  (cost=0.43..8.45 rows=0 width=0)
	  ->  Index Scan using sbtest5_pkey on sbtest5  (cost=0.43..8.45 rows=1 width=6)
	        Index Cond: (id = 2536683)

table 6 : explain DELETE FROM sbtest6 WHERE id=7217374
	Delete on sbtest6  (cost=0.43..8.45 rows=0 width=0)
	  ->  Index Scan using sbtest6_pkey on sbtest6  (cost=0.43..8.45 rows=1 width=6)
	        Index Cond: (id = 7217374)

table 7 : explain DELETE FROM sbtest7 WHERE id=9626772
	Delete on sbtest7  (cost=0.43..8.45 rows=0 width=0)
	  ->  Index Scan using sbtest7_pkey on sbtest7  (cost=0.43..8.45 rows=1 width=6)
	        Index Cond: (id = 9626772)

table 8 : explain DELETE FROM sbtest8 WHERE id=9605366
	Delete on sbtest8  (cost=0.43..8.45 rows=0 width=0)
	  ->  Index Scan using sbtest8_pkey on sbtest8  (cost=0.43..8.45 rows=1 width=6)
	        Index Cond: (id = 9605366)

for: order_ranges
table 1 : explain SELECT c FROM sbtest1 WHERE id BETWEEN 6390565 AND 6390664 ORDER BY c
	Sort  (cost=348.64..348.86 rows=90 width=121)
	  Sort Key: c
	  ->  Index Scan using sbtest1_pkey on sbtest1  (cost=0.43..345.72 rows=90 width=121)
	        Index Cond: ((id >= 6390565) AND (id <= 6390664))

table 2 : explain SELECT c FROM sbtest2 WHERE id BETWEEN 5212833 AND 5212932 ORDER BY c
	Sort  (cost=356.51..356.74 rows=93 width=121)
	  Sort Key: c
	  ->  Index Scan using sbtest2_pkey on sbtest2  (cost=0.43..353.47 rows=93 width=121)
	        Index Cond: ((id >= 5212833) AND (id <= 5212932))

table 3 : explain SELECT c FROM sbtest3 WHERE id BETWEEN 4538218 AND 4538317 ORDER BY c
	Sort  (cost=367.29..367.53 rows=95 width=121)
	  Sort Key: c
	  ->  Index Scan using sbtest3_pkey on sbtest3  (cost=0.43..364.17 rows=95 width=121)
	        Index Cond: ((id >= 4538218) AND (id <= 4538317))

table 4 : explain SELECT c FROM sbtest4 WHERE id BETWEEN 6274891 AND 6274990 ORDER BY c
	Sort  (cost=371.32..371.56 rows=96 width=121)
	  Sort Key: c
	  ->  Index Scan using sbtest4_pkey on sbtest4  (cost=0.43..368.15 rows=96 width=121)
	        Index Cond: ((id >= 6274891) AND (id <= 6274990))

table 5 : explain SELECT c FROM sbtest5 WHERE id BETWEEN 1805616 AND 1805715 ORDER BY c
	Sort  (cost=397.30..397.56 rows=103 width=121)
	  Sort Key: c
	  ->  Index Scan using sbtest5_pkey on sbtest5  (cost=0.43..393.86 rows=103 width=121)
	        Index Cond: ((id >= 1805616) AND (id <= 1805715))

table 6 : explain SELECT c FROM sbtest6 WHERE id BETWEEN 9109882 AND 9109981 ORDER BY c
	Sort  (cost=366.65..366.89 rows=95 width=121)
	  Sort Key: c
	  ->  Index Scan using sbtest6_pkey on sbtest6  (cost=0.43..363.53 rows=95 width=121)
	        Index Cond: ((id >= 9109882) AND (id <= 9109981))

table 7 : explain SELECT c FROM sbtest7 WHERE id BETWEEN 2944810 AND 2944909 ORDER BY c
	Sort  (cost=390.92..391.17 rows=102 width=121)
	  Sort Key: c
	  ->  Index Scan using sbtest7_pkey on sbtest7  (cost=0.43..387.52 rows=102 width=121)
	        Index Cond: ((id >= 2944810) AND (id <= 2944909))

table 8 : explain SELECT c FROM sbtest8 WHERE id BETWEEN 9376687 AND 9376786 ORDER BY c
	Sort  (cost=400.03..400.29 rows=104 width=121)
	  Sort Key: c
	  ->  Index Scan using sbtest8_pkey on sbtest8  (cost=0.43..396.55 rows=104 width=121)
	        Index Cond: ((id >= 9376687) AND (id <= 9376786))

for point_selects
table 1 : explain SELECT c FROM sbtest1 WHERE id=6230192
	Index Scan using sbtest1_pkey on sbtest1  (cost=0.43..8.45 rows=1 width=121)
	  Index Cond: (id = 6230192)

table 2 : explain SELECT c FROM sbtest2 WHERE id=3330303
	Index Scan using sbtest2_pkey on sbtest2  (cost=0.43..8.45 rows=1 width=121)
	  Index Cond: (id = 3330303)

table 3 : explain SELECT c FROM sbtest3 WHERE id=6387417
	Index Scan using sbtest3_pkey on sbtest3  (cost=0.43..8.45 rows=1 width=121)
	  Index Cond: (id = 6387417)

table 4 : explain SELECT c FROM sbtest4 WHERE id=2331072
	Index Scan using sbtest4_pkey on sbtest4  (cost=0.43..8.45 rows=1 width=121)
	  Index Cond: (id = 2331072)

table 5 : explain SELECT c FROM sbtest5 WHERE id=9031735
	Index Scan using sbtest5_pkey on sbtest5  (cost=0.43..8.45 rows=1 width=121)
	  Index Cond: (id = 9031735)

table 6 : explain SELECT c FROM sbtest6 WHERE id=7328946
	Index Scan using sbtest6_pkey on sbtest6  (cost=0.43..8.45 rows=1 width=121)
	  Index Cond: (id = 7328946)

table 7 : explain SELECT c FROM sbtest7 WHERE id=7264870
	Index Scan using sbtest7_pkey on sbtest7  (cost=0.43..8.45 rows=1 width=121)
	  Index Cond: (id = 7264870)

table 8 : explain SELECT c FROM sbtest8 WHERE id=7105882
	Index Scan using sbtest8_pkey on sbtest8  (cost=0.43..8.45 rows=1 width=121)
	  Index Cond: (id = 7105882)

for: sum_ranges
table 1 : explain SELECT SUM(k) FROM sbtest1 WHERE id BETWEEN 7547378 AND 7547477
	Aggregate  (cost=406.65..406.66 rows=1 width=8)
	  ->  Index Scan using sbtest1_pkey on sbtest1  (cost=0.43..406.39 rows=106 width=4)
	        Index Cond: ((id >= 7547378) AND (id <= 7547477))

table 2 : explain SELECT SUM(k) FROM sbtest2 WHERE id BETWEEN 243743 AND 243842
	Aggregate  (cost=402.53..402.54 rows=1 width=8)
	  ->  Index Scan using sbtest2_pkey on sbtest2  (cost=0.43..402.27 rows=106 width=4)
	        Index Cond: ((id >= 243743) AND (id <= 243842))

table 3 : explain SELECT SUM(k) FROM sbtest3 WHERE id BETWEEN 2542982 AND 2543081
	Aggregate  (cost=402.32..402.33 rows=1 width=8)
	  ->  Index Scan using sbtest3_pkey on sbtest3  (cost=0.43..402.06 rows=105 width=4)
	        Index Cond: ((id >= 2542982) AND (id <= 2543081))

table 4 : explain SELECT SUM(k) FROM sbtest4 WHERE id BETWEEN 1128512 AND 1128611
	Aggregate  (cost=406.33..406.34 rows=1 width=8)
	  ->  Index Scan using sbtest4_pkey on sbtest4  (cost=0.43..406.06 rows=106 width=4)
	        Index Cond: ((id >= 1128512) AND (id <= 1128611))

table 5 : explain SELECT SUM(k) FROM sbtest5 WHERE id BETWEEN 6648910 AND 6649009
	Aggregate  (cost=375.22..375.23 rows=1 width=8)
	  ->  Index Scan using sbtest5_pkey on sbtest5  (cost=0.43..374.97 rows=98 width=4)
	        Index Cond: ((id >= 6648910) AND (id <= 6649009))

table 6 : explain SELECT SUM(k) FROM sbtest6 WHERE id BETWEEN 4774223 AND 4774322
	Aggregate  (cost=322.20..322.21 rows=1 width=8)
	  ->  Index Scan using sbtest6_pkey on sbtest6  (cost=0.43..321.99 rows=84 width=4)
	        Index Cond: ((id >= 4774223) AND (id <= 4774322))

table 7 : explain SELECT SUM(k) FROM sbtest7 WHERE id BETWEEN 3548056 AND 3548155
	Aggregate  (cost=402.78..402.79 rows=1 width=8)
	  ->  Index Scan using sbtest7_pkey on sbtest7  (cost=0.43..402.52 rows=106 width=4)
	        Index Cond: ((id >= 3548056) AND (id <= 3548155))

table 8 : explain SELECT SUM(k) FROM sbtest8 WHERE id BETWEEN 1567927 AND 1568026
	Aggregate  (cost=389.27..389.28 rows=1 width=8)
	  ->  Index Scan using sbtest8_pkey on sbtest8  (cost=0.43..389.01 rows=102 width=4)
	        Index Cond: ((id >= 1567927) AND (id <= 1568026))

for: order_ranges
table 1 : explain SELECT c FROM sbtest1 WHERE id BETWEEN 2643235 AND 2643334 ORDER BY c
	Sort  (cost=394.64..394.89 rows=102 width=121)
	  Sort Key: c
	  ->  Index Scan using sbtest1_pkey on sbtest1  (cost=0.43..391.23 rows=102 width=121)
	        Index Cond: ((id >= 2643235) AND (id <= 2643334))

table 2 : explain SELECT c FROM sbtest2 WHERE id BETWEEN 1079823 AND 1079922 ORDER BY c
	Sort  (cost=371.66..371.90 rows=97 width=121)
	  Sort Key: c
	  ->  Index Scan using sbtest2_pkey on sbtest2  (cost=0.43..368.46 rows=97 width=121)
	        Index Cond: ((id >= 1079823) AND (id <= 1079922))

table 3 : explain SELECT c FROM sbtest3 WHERE id BETWEEN 52494 AND 52593 ORDER BY c
	Sort  (cost=390.29..390.54 rows=101 width=121)
	  Sort Key: c
	  ->  Index Scan using sbtest3_pkey on sbtest3  (cost=0.43..386.93 rows=101 width=121)
	        Index Cond: ((id >= 52494) AND (id <= 52593))

table 4 : explain SELECT c FROM sbtest4 WHERE id BETWEEN 1548184 AND 1548283 ORDER BY c
	Sort  (cost=375.14..375.38 rows=97 width=121)
	  Sort Key: c
	  ->  Index Scan using sbtest4_pkey on sbtest4  (cost=0.43..371.94 rows=97 width=121)
	        Index Cond: ((id >= 1548184) AND (id <= 1548283))

table 5 : explain SELECT c FROM sbtest5 WHERE id BETWEEN 5303337 AND 5303436 ORDER BY c
	Sort  (cost=351.44..351.67 rows=91 width=121)
	  Sort Key: c
	  ->  Index Scan using sbtest5_pkey on sbtest5  (cost=0.43..348.48 rows=91 width=121)
	        Index Cond: ((id >= 5303337) AND (id <= 5303436))

table 6 : explain SELECT c FROM sbtest6 WHERE id BETWEEN 2786823 AND 2786922 ORDER BY c
	Sort  (cost=374.28..374.52 rows=97 width=121)
	  Sort Key: c
	  ->  Index Scan using sbtest6_pkey on sbtest6  (cost=0.43..371.08 rows=97 width=121)
	        Index Cond: ((id >= 2786823) AND (id <= 2786922))

table 7 : explain SELECT c FROM sbtest7 WHERE id BETWEEN 7207584 AND 7207683 ORDER BY c
	Sort  (cost=341.57..341.79 rows=89 width=121)
	  Sort Key: c
	  ->  Index Scan using sbtest7_pkey on sbtest7  (cost=0.43..338.68 rows=89 width=121)
	        Index Cond: ((id >= 7207584) AND (id <= 7207683))

table 8 : explain SELECT c FROM sbtest8 WHERE id BETWEEN 6942045 AND 6942144 ORDER BY c
	Sort  (cost=419.06..419.34 rows=109 width=121)
	  Sort Key: c
	  ->  Index Scan using sbtest8_pkey on sbtest8  (cost=0.43..415.38 rows=109 width=121)
	        Index Cond: ((id >= 6942045) AND (id <= 6942144))

for: order_ranges
table 1 : explain SELECT c FROM sbtest1 WHERE id BETWEEN 1007746 AND 1007845 ORDER BY c
	Sort  (cost=371.67..371.91 rows=96 width=121)
	  Sort Key: c
	  ->  Index Scan using sbtest1_pkey on sbtest1  (cost=0.43..368.50 rows=96 width=121)
	        Index Cond: ((id >= 1007746) AND (id <= 1007845))

table 2 : explain SELECT c FROM sbtest2 WHERE id BETWEEN 6135395 AND 6135494 ORDER BY c
	Sort  (cost=337.57..337.79 rows=88 width=121)
	  Sort Key: c
	  ->  Index Scan using sbtest2_pkey on sbtest2  (cost=0.43..334.72 rows=88 width=121)
	        Index Cond: ((id >= 6135395) AND (id <= 6135494))

table 3 : explain SELECT c FROM sbtest3 WHERE id BETWEEN 2805884 AND 2805983 ORDER BY c
	Sort  (cost=352.00..352.23 rows=91 width=121)
	  Sort Key: c
	  ->  Index Scan using sbtest3_pkey on sbtest3  (cost=0.43..349.04 rows=91 width=121)
	        Index Cond: ((id >= 2805884) AND (id <= 2805983))

table 4 : explain SELECT c FROM sbtest4 WHERE id BETWEEN 297521 AND 297620 ORDER BY c
	Sort  (cost=401.98..402.24 rows=104 width=121)
	  Sort Key: c
	  ->  Index Scan using sbtest4_pkey on sbtest4  (cost=0.43..398.49 rows=104 width=121)
	        Index Cond: ((id >= 297521) AND (id <= 297620))

table 5 : explain SELECT c FROM sbtest5 WHERE id BETWEEN 5000937 AND 5001036 ORDER BY c
	Sort  (cost=385.85..386.10 rows=100 width=121)
	  Sort Key: c
	  ->  Index Scan using sbtest5_pkey on sbtest5  (cost=0.43..382.53 rows=100 width=121)
	        Index Cond: ((id >= 5000937) AND (id <= 5001036))

table 6 : explain SELECT c FROM sbtest6 WHERE id BETWEEN 3465073 AND 3465172 ORDER BY c
	Sort  (cost=416.33..416.60 rows=108 width=121)
	  Sort Key: c
	  ->  Index Scan using sbtest6_pkey on sbtest6  (cost=0.43..412.68 rows=108 width=121)
	        Index Cond: ((id >= 3465073) AND (id <= 3465172))

table 7 : explain SELECT c FROM sbtest7 WHERE id BETWEEN 3443329 AND 3443428 ORDER BY c
	Sort  (cost=402.29..402.56 rows=105 width=121)
	  Sort Key: c
	  ->  Index Scan using sbtest7_pkey on sbtest7  (cost=0.43..398.77 rows=105 width=121)
	        Index Cond: ((id >= 3443329) AND (id <= 3443428))

table 8 : explain SELECT c FROM sbtest8 WHERE id BETWEEN 5502569 AND 5502668 ORDER BY c
	Sort  (cost=361.90..362.14 rows=94 width=121)
	  Sort Key: c
	  ->  Index Scan using sbtest8_pkey on sbtest8  (cost=0.43..358.82 rows=94 width=121)
	        Index Cond: ((id >= 5502569) AND (id <= 5502668))

for: sum_ranges
table 1 : explain SELECT SUM(k) FROM sbtest1 WHERE id BETWEEN 233486 AND 233585
	Aggregate  (cost=391.49..391.50 rows=1 width=8)
	  ->  Index Scan using sbtest1_pkey on sbtest1  (cost=0.43..391.23 rows=102 width=4)
	        Index Cond: ((id >= 233486) AND (id <= 233585))

table 2 : explain SELECT SUM(k) FROM sbtest2 WHERE id BETWEEN 2830150 AND 2830249
	Aggregate  (cost=391.28..391.29 rows=1 width=8)
	  ->  Index Scan using sbtest2_pkey on sbtest2  (cost=0.43..391.02 rows=103 width=4)
	        Index Cond: ((id >= 2830150) AND (id <= 2830249))

table 3 : explain SELECT SUM(k) FROM sbtest3 WHERE id BETWEEN 3860877 AND 3860976
	Aggregate  (cost=375.76..375.77 rows=1 width=8)
	  ->  Index Scan using sbtest3_pkey on sbtest3  (cost=0.43..375.52 rows=98 width=4)
	        Index Cond: ((id >= 3860877) AND (id <= 3860976))

table 4 : explain SELECT SUM(k) FROM sbtest4 WHERE id BETWEEN 2882626 AND 2882725
	Aggregate  (cost=391.18..391.19 rows=1 width=8)
	  ->  Index Scan using sbtest4_pkey on sbtest4  (cost=0.43..390.92 rows=102 width=4)
	        Index Cond: ((id >= 2882626) AND (id <= 2882725))

table 5 : explain SELECT SUM(k) FROM sbtest5 WHERE id BETWEEN 4775145 AND 4775244
	Aggregate  (cost=379.00..379.01 rows=1 width=8)
	  ->  Index Scan using sbtest5_pkey on sbtest5  (cost=0.43..378.75 rows=99 width=4)
	        Index Cond: ((id >= 4775145) AND (id <= 4775244))

table 6 : explain SELECT SUM(k) FROM sbtest6 WHERE id BETWEEN 167768 AND 167867
	Aggregate  (cost=378.94..378.95 rows=1 width=8)
	  ->  Index Scan using sbtest6_pkey on sbtest6  (cost=0.43..378.69 rows=99 width=4)
	        Index Cond: ((id >= 167768) AND (id <= 167867))

table 7 : explain SELECT SUM(k) FROM sbtest7 WHERE id BETWEEN 9617655 AND 9617754
	Aggregate  (cost=357.67..357.68 rows=1 width=8)
	  ->  Index Scan using sbtest7_pkey on sbtest7  (cost=0.43..357.44 rows=94 width=4)
	        Index Cond: ((id >= 9617655) AND (id <= 9617754))

table 8 : explain SELECT SUM(k) FROM sbtest8 WHERE id BETWEEN 9196495 AND 9196594
	Aggregate  (cost=411.88..411.89 rows=1 width=8)
	  ->  Index Scan using sbtest8_pkey on sbtest8  (cost=0.43..411.61 rows=108 width=4)
	        Index Cond: ((id >= 9196495) AND (id <= 9196594))

explain: for point_selects :: explain SELECT c FROM sbtest%u WHERE id=%u
for point_selects
table 1 : explain SELECT c FROM sbtest1 WHERE id=7885972
	Index Scan using sbtest1_pkey on sbtest1  (cost=0.43..8.45 rows=1 width=121)
	  Index Cond: (id = 7885972)

table 2 : explain SELECT c FROM sbtest2 WHERE id=2634015
	Index Scan using sbtest2_pkey on sbtest2  (cost=0.43..8.45 rows=1 width=121)
	  Index Cond: (id = 2634015)

table 3 : explain SELECT c FROM sbtest3 WHERE id=2173514
	Index Scan using sbtest3_pkey on sbtest3  (cost=0.43..8.45 rows=1 width=121)
	  Index Cond: (id = 2173514)

table 4 : explain SELECT c FROM sbtest4 WHERE id=4091869
	Index Scan using sbtest4_pkey on sbtest4  (cost=0.43..8.45 rows=1 width=121)
	  Index Cond: (id = 4091869)

table 5 : explain SELECT c FROM sbtest5 WHERE id=1039858
	Index Scan using sbtest5_pkey on sbtest5  (cost=0.43..8.45 rows=1 width=121)
	  Index Cond: (id = 1039858)

table 6 : explain SELECT c FROM sbtest6 WHERE id=996875
	Index Scan using sbtest6_pkey on sbtest6  (cost=0.43..8.45 rows=1 width=121)
	  Index Cond: (id = 996875)

table 7 : explain SELECT c FROM sbtest7 WHERE id=2462273
	Index Scan using sbtest7_pkey on sbtest7  (cost=0.43..8.45 rows=1 width=121)
	  Index Cond: (id = 2462273)

table 8 : explain SELECT c FROM sbtest8 WHERE id=2557069
	Index Scan using sbtest8_pkey on sbtest8  (cost=0.43..8.45 rows=1 width=121)
	  Index Cond: (id = 2557069)

for: order_ranges
table 1 : explain SELECT c FROM sbtest1 WHERE id BETWEEN 1053379 AND 1053478 ORDER BY c
	Sort  (cost=371.67..371.91 rows=96 width=121)
	  Sort Key: c
	  ->  Index Scan using sbtest1_pkey on sbtest1  (cost=0.43..368.50 rows=96 width=121)
	        Index Cond: ((id >= 1053379) AND (id <= 1053478))

table 2 : explain SELECT c FROM sbtest2 WHERE id BETWEEN 1712705 AND 1712804 ORDER BY c
	Sort  (cost=436.15..436.44 rows=114 width=121)
	  Sort Key: c
	  ->  Index Scan using sbtest2_pkey on sbtest2  (cost=0.43..432.26 rows=114 width=121)
	        Index Cond: ((id >= 1712705) AND (id <= 1712804))

table 3 : explain SELECT c FROM sbtest3 WHERE id BETWEEN 4480344 AND 4480443 ORDER BY c
	Sort  (cost=386.47..386.72 rows=100 width=121)
	  Sort Key: c
	  ->  Index Scan using sbtest3_pkey on sbtest3  (cost=0.43..383.14 rows=100 width=121)
	        Index Cond: ((id >= 4480344) AND (id <= 4480443))

table 4 : explain SELECT c FROM sbtest4 WHERE id BETWEEN 3692601 AND 3692700 ORDER BY c
	Sort  (cost=413.46..413.72 rows=107 width=121)
	  Sort Key: c
	  ->  Index Scan using sbtest4_pkey on sbtest4  (cost=0.43..409.85 rows=107 width=121)
	        Index Cond: ((id >= 3692601) AND (id <= 3692700))

table 5 : explain SELECT c FROM sbtest5 WHERE id BETWEEN 3161186 AND 3161285 ORDER BY c
	Sort  (cost=404.94..405.20 rows=105 width=121)
	  Sort Key: c
	  ->  Index Scan using sbtest5_pkey on sbtest5  (cost=0.43..401.41 rows=105 width=121)
	        Index Cond: ((id >= 3161186) AND (id <= 3161285))

table 6 : explain SELECT c FROM sbtest6 WHERE id BETWEEN 4039024 AND 4039123 ORDER BY c
	Sort  (cost=378.16..378.40 rows=98 width=121)
	  Sort Key: c
	  ->  Index Scan using sbtest6_pkey on sbtest6  (cost=0.43..374.92 rows=98 width=121)
	        Index Cond: ((id >= 4039024) AND (id <= 4039123))

table 7 : explain SELECT c FROM sbtest7 WHERE id BETWEEN 986887 AND 986986 ORDER BY c
	Sort  (cost=383.34..383.59 rows=100 width=121)
	  Sort Key: c
	  ->  Index Scan using sbtest7_pkey on sbtest7  (cost=0.43..380.01 rows=100 width=121)
	        Index Cond: ((id >= 986887) AND (id <= 986986))

table 8 : explain SELECT c FROM sbtest8 WHERE id BETWEEN 7920837 AND 7920936 ORDER BY c
	Sort  (cost=377.19..377.44 rows=98 width=121)
	  Sort Key: c
	  ->  Index Scan using sbtest8_pkey on sbtest8  (cost=0.43..373.95 rows=98 width=121)
	        Index Cond: ((id >= 7920837) AND (id <= 7920936))

for: simple_ranges
table 1 : explain SELECT c FROM sbtest1 WHERE id BETWEEN 8357884 AND 8357983
	Index Scan using sbtest1_pkey on sbtest1  (cost=0.43..379.87 rows=99 width=121)
	  Index Cond: ((id >= 8357884) AND (id <= 8357983))

table 2 : explain SELECT c FROM sbtest2 WHERE id BETWEEN 78006 AND 78105
	Index Scan using sbtest2_pkey on sbtest2  (cost=0.43..353.47 rows=93 width=121)
	  Index Cond: ((id >= 78006) AND (id <= 78105))

table 3 : explain SELECT c FROM sbtest3 WHERE id BETWEEN 6370415 AND 6370514
	Index Scan using sbtest3_pkey on sbtest3  (cost=0.43..379.36 rows=99 width=121)
	  Index Cond: ((id >= 6370415) AND (id <= 6370514))

table 4 : explain SELECT c FROM sbtest4 WHERE id BETWEEN 53884 AND 53983
	Index Scan using sbtest4_pkey on sbtest4  (cost=0.43..383.35 rows=100 width=121)
	  Index Cond: ((id >= 53884) AND (id <= 53983))

table 5 : explain SELECT c FROM sbtest5 WHERE id BETWEEN 4946152 AND 4946251
	Index Scan using sbtest5_pkey on sbtest5  (cost=0.43..386.30 rows=101 width=121)
	  Index Cond: ((id >= 4946152) AND (id <= 4946251))

table 6 : explain SELECT c FROM sbtest6 WHERE id BETWEEN 3099592 AND 3099691
	Index Scan using sbtest6_pkey on sbtest6  (cost=0.43..352.20 rows=92 width=121)
	  Index Cond: ((id >= 3099592) AND (id <= 3099691))

table 7 : explain SELECT c FROM sbtest7 WHERE id BETWEEN 2829900 AND 2829999
	Index Scan using sbtest7_pkey on sbtest7  (cost=0.43..357.44 rows=94 width=121)
	  Index Cond: ((id >= 2829900) AND (id <= 2829999))

table 8 : explain SELECT c FROM sbtest8 WHERE id BETWEEN 5405000 AND 5405099
	Index Scan using sbtest8_pkey on sbtest8  (cost=0.43..385.25 rows=101 width=121)
	  Index Cond: ((id >= 5405000) AND (id <= 5405099))

for point_selects
table 1 : explain SELECT c FROM sbtest1 WHERE id=8371964
	Index Scan using sbtest1_pkey on sbtest1  (cost=0.43..8.45 rows=1 width=121)
	  Index Cond: (id = 8371964)

table 2 : explain SELECT c FROM sbtest2 WHERE id=2177830
	Index Scan using sbtest2_pkey on sbtest2  (cost=0.43..8.45 rows=1 width=121)
	  Index Cond: (id = 2177830)

table 3 : explain SELECT c FROM sbtest3 WHERE id=5428525
	Index Scan using sbtest3_pkey on sbtest3  (cost=0.43..8.45 rows=1 width=121)
	  Index Cond: (id = 5428525)

table 4 : explain SELECT c FROM sbtest4 WHERE id=914256
	Index Scan using sbtest4_pkey on sbtest4  (cost=0.43..8.45 rows=1 width=121)
	  Index Cond: (id = 914256)

table 5 : explain SELECT c FROM sbtest5 WHERE id=3222031
	Index Scan using sbtest5_pkey on sbtest5  (cost=0.43..8.45 rows=1 width=121)
	  Index Cond: (id = 3222031)

table 6 : explain SELECT c FROM sbtest6 WHERE id=7436750
	Index Scan using sbtest6_pkey on sbtest6  (cost=0.43..8.45 rows=1 width=121)
	  Index Cond: (id = 7436750)

table 7 : explain SELECT c FROM sbtest7 WHERE id=8347397
	Index Scan using sbtest7_pkey on sbtest7  (cost=0.43..8.45 rows=1 width=121)
	  Index Cond: (id = 8347397)

table 8 : explain SELECT c FROM sbtest8 WHERE id=1161225
	Index Scan using sbtest8_pkey on sbtest8  (cost=0.43..8.45 rows=1 width=121)
	  Index Cond: (id = 1161225)

for: simple_ranges
table 1 : explain SELECT c FROM sbtest1 WHERE id BETWEEN 6905658 AND 6905757
	Index Scan using sbtest1_pkey on sbtest1  (cost=0.43..406.39 rows=106 width=121)
	  Index Cond: ((id >= 6905658) AND (id <= 6905757))

table 2 : explain SELECT c FROM sbtest2 WHERE id BETWEEN 6090306 AND 6090405
	Index Scan using sbtest2_pkey on sbtest2  (cost=0.43..334.72 rows=88 width=121)
	  Index Cond: ((id >= 6090306) AND (id <= 6090405))

table 3 : explain SELECT c FROM sbtest3 WHERE id BETWEEN 8038222 AND 8038321
	Index Scan using sbtest3_pkey on sbtest3  (cost=0.43..390.71 rows=102 width=121)
	  Index Cond: ((id >= 8038222) AND (id <= 8038321))

table 4 : explain SELECT c FROM sbtest4 WHERE id BETWEEN 6261420 AND 6261519
	Index Scan using sbtest4_pkey on sbtest4  (cost=0.43..387.14 rows=101 width=121)
	  Index Cond: ((id >= 6261420) AND (id <= 6261519))

table 5 : explain SELECT c FROM sbtest5 WHERE id BETWEEN 2308701 AND 2308800
	Index Scan using sbtest5_pkey on sbtest5  (cost=0.43..378.75 rows=99 width=121)
	  Index Cond: ((id >= 2308701) AND (id <= 2308800))

table 6 : explain SELECT c FROM sbtest6 WHERE id BETWEEN 8503552 AND 8503651
	Index Scan using sbtest6_pkey on sbtest6  (cost=0.43..367.30 rows=96 width=121)
	  Index Cond: ((id >= 8503552) AND (id <= 8503651))

table 7 : explain SELECT c FROM sbtest7 WHERE id BETWEEN 3148091 AND 3148190
	Index Scan using sbtest7_pkey on sbtest7  (cost=0.43..398.77 rows=105 width=121)
	  Index Cond: ((id >= 3148091) AND (id <= 3148190))

table 8 : explain SELECT c FROM sbtest8 WHERE id BETWEEN 3399282 AND 3399381
	Index Scan using sbtest8_pkey on sbtest8  (cost=0.43..347.52 rows=91 width=121)
	  Index Cond: ((id >= 3399282) AND (id <= 3399381))

for point_selects
table 1 : explain SELECT c FROM sbtest1 WHERE id=7292621
	Index Scan using sbtest1_pkey on sbtest1  (cost=0.43..8.45 rows=1 width=121)
	  Index Cond: (id = 7292621)

table 2 : explain SELECT c FROM sbtest2 WHERE id=3356622
	Index Scan using sbtest2_pkey on sbtest2  (cost=0.43..8.45 rows=1 width=121)
	  Index Cond: (id = 3356622)

table 3 : explain SELECT c FROM sbtest3 WHERE id=8842270
	Index Scan using sbtest3_pkey on sbtest3  (cost=0.43..8.45 rows=1 width=121)
	  Index Cond: (id = 8842270)

table 4 : explain SELECT c FROM sbtest4 WHERE id=2251939
	Index Scan using sbtest4_pkey on sbtest4  (cost=0.43..8.45 rows=1 width=121)
	  Index Cond: (id = 2251939)

table 5 : explain SELECT c FROM sbtest5 WHERE id=1127763
	Index Scan using sbtest5_pkey on sbtest5  (cost=0.43..8.45 rows=1 width=121)
	  Index Cond: (id = 1127763)

table 6 : explain SELECT c FROM sbtest6 WHERE id=5743239
	Index Scan using sbtest6_pkey on sbtest6  (cost=0.43..8.45 rows=1 width=121)
	  Index Cond: (id = 5743239)

table 7 : explain SELECT c FROM sbtest7 WHERE id=2847353
	Index Scan using sbtest7_pkey on sbtest7  (cost=0.43..8.45 rows=1 width=121)
	  Index Cond: (id = 2847353)

table 8 : explain SELECT c FROM sbtest8 WHERE id=3468259
	Index Scan using sbtest8_pkey on sbtest8  (cost=0.43..8.45 rows=1 width=121)
	  Index Cond: (id = 3468259)

for: order_ranges
table 1 : explain SELECT c FROM sbtest1 WHERE id BETWEEN 9351604 AND 9351703 ORDER BY c
	Sort  (cost=390.81..391.06 rows=101 width=121)
	  Sort Key: c
	  ->  Index Scan using sbtest1_pkey on sbtest1  (cost=0.43..387.45 rows=101 width=121)
	        Index Cond: ((id >= 9351604) AND (id <= 9351703))

table 2 : explain SELECT c FROM sbtest2 WHERE id BETWEEN 2517347 AND 2517446 ORDER BY c
	Sort  (cost=379.24..379.49 rows=99 width=121)
	  Sort Key: c
	  ->  Index Scan using sbtest2_pkey on sbtest2  (cost=0.43..375.96 rows=99 width=121)
	        Index Cond: ((id >= 2517347) AND (id <= 2517446))

table 3 : explain SELECT c FROM sbtest3 WHERE id BETWEEN 9943546 AND 9943645 ORDER BY c
	Sort  (cost=344.35..344.58 rows=89 width=121)
	  Sort Key: c
	  ->  Index Scan using sbtest3_pkey on sbtest3  (cost=0.43..341.47 rows=89 width=121)
	        Index Cond: ((id >= 9943546) AND (id <= 9943645))

table 4 : explain SELECT c FROM sbtest4 WHERE id BETWEEN 5835221 AND 5835320 ORDER BY c
	Sort  (cost=424.93..425.21 rows=110 width=121)
	  Sort Key: c
	  ->  Index Scan using sbtest4_pkey on sbtest4  (cost=0.43..421.20 rows=110 width=121)
	        Index Cond: ((id >= 5835221) AND (id <= 5835320))

table 5 : explain SELECT c FROM sbtest5 WHERE id BETWEEN 6933792 AND 6933891 ORDER BY c
	Sort  (cost=385.85..386.10 rows=100 width=121)
	  Sort Key: c
	  ->  Index Scan using sbtest5_pkey on sbtest5  (cost=0.43..382.53 rows=100 width=121)
	        Index Cond: ((id >= 6933792) AND (id <= 6933891))

table 6 : explain SELECT c FROM sbtest6 WHERE id BETWEEN 8153792 AND 8153891 ORDER BY c
	Sort  (cost=339.94..340.16 rows=88 width=121)
	  Sort Key: c
	  ->  Index Scan using sbtest6_pkey on sbtest6  (cost=0.43..337.10 rows=88 width=121)
	        Index Cond: ((id >= 8153792) AND (id <= 8153891))

table 7 : explain SELECT c FROM sbtest7 WHERE id BETWEEN 2176560 AND 2176659 ORDER BY c
	Sort  (cost=383.34..383.59 rows=100 width=121)
	  Sort Key: c
	  ->  Index Scan using sbtest7_pkey on sbtest7  (cost=0.43..380.01 rows=100 width=121)
	        Index Cond: ((id >= 2176560) AND (id <= 2176659))

table 8 : explain SELECT c FROM sbtest8 WHERE id BETWEEN 5124259 AND 5124358 ORDER BY c
	Sort  (cost=400.03..400.29 rows=104 width=121)
	  Sort Key: c
	  ->  Index Scan using sbtest8_pkey on sbtest8  (cost=0.43..396.55 rows=104 width=121)
	        Index Cond: ((id >= 5124259) AND (id <= 5124358))

for: simple_ranges
table 1 : explain SELECT c FROM sbtest1 WHERE id BETWEEN 6851613 AND 6851712
	Index Scan using sbtest1_pkey on sbtest1  (cost=0.43..406.39 rows=106 width=121)
	  Index Cond: ((id >= 6851613) AND (id <= 6851712))

table 2 : explain SELECT c FROM sbtest2 WHERE id BETWEEN 774595 AND 774694
	Index Scan using sbtest2_pkey on sbtest2  (cost=0.43..417.26 rows=110 width=121)
	  Index Cond: ((id >= 774595) AND (id <= 774694))

table 3 : explain SELECT c FROM sbtest3 WHERE id BETWEEN 2437229 AND 2437328
	Index Scan using sbtest3_pkey on sbtest3  (cost=0.43..371.74 rows=97 width=121)
	  Index Cond: ((id >= 2437229) AND (id <= 2437328))

table 4 : explain SELECT c FROM sbtest4 WHERE id BETWEEN 791540 AND 791639
	Index Scan using sbtest4_pkey on sbtest4  (cost=0.43..375.78 rows=98 width=121)
	  Index Cond: ((id >= 791540) AND (id <= 791639))

table 5 : explain SELECT c FROM sbtest5 WHERE id BETWEEN 2321083 AND 2321182
	Index Scan using sbtest5_pkey on sbtest5  (cost=0.43..378.75 rows=99 width=121)
	  Index Cond: ((id >= 2321083) AND (id <= 2321182))

table 6 : explain SELECT c FROM sbtest6 WHERE id BETWEEN 8862642 AND 8862741
	Index Scan using sbtest6_pkey on sbtest6  (cost=0.43..374.92 rows=98 width=121)
	  Index Cond: ((id >= 8862642) AND (id <= 8862741))

table 7 : explain SELECT c FROM sbtest7 WHERE id BETWEEN 5811755 AND 5811854
	Index Scan using sbtest7_pkey on sbtest7  (cost=0.43..353.69 rows=93 width=121)
	  Index Cond: ((id >= 5811755) AND (id <= 5811854))

table 8 : explain SELECT c FROM sbtest8 WHERE id BETWEEN 1729642 AND 1729741
	Index Scan using sbtest8_pkey on sbtest8  (cost=0.43..389.01 rows=102 width=121)
	  Index Cond: ((id >= 1729642) AND (id <= 1729741))

for: distinct_ranges
table 1 : explain SELECT DISTINCT c FROM sbtest1 WHERE id BETWEEN 8288184 AND 8288283 ORDER BY c
	Unique  (cost=383.15..383.65 rows=99 width=121)
	  ->  Sort  (cost=383.15..383.40 rows=99 width=121)
	        Sort Key: c
	        ->  Index Scan using sbtest1_pkey on sbtest1  (cost=0.43..379.87 rows=99 width=121)
	              Index Cond: ((id >= 8288184) AND (id <= 8288283))

table 2 : explain SELECT DISTINCT c FROM sbtest2 WHERE id BETWEEN 4747336 AND 4747435 ORDER BY c
	Unique  (cost=394.46..394.98 rows=103 width=121)
	  ->  Sort  (cost=394.46..394.72 rows=103 width=121)
	        Sort Key: c
	        ->  Index Scan using sbtest2_pkey on sbtest2  (cost=0.43..391.02 rows=103 width=121)
	              Index Cond: ((id >= 4747336) AND (id <= 4747435))

table 3 : explain SELECT DISTINCT c FROM sbtest3 WHERE id BETWEEN 9622907 AND 9623006 ORDER BY c
	Unique  (cost=367.29..367.77 rows=95 width=121)
	  ->  Sort  (cost=367.29..367.53 rows=95 width=121)
	        Sort Key: c
	        ->  Index Scan using sbtest3_pkey on sbtest3  (cost=0.43..364.17 rows=95 width=121)
	              Index Cond: ((id >= 9622907) AND (id <= 9623006))

table 4 : explain SELECT DISTINCT c FROM sbtest4 WHERE id BETWEEN 342622 AND 342721 ORDER BY c
	Unique  (cost=401.98..402.50 rows=104 width=121)
	  ->  Sort  (cost=401.98..402.24 rows=104 width=121)
	        Sort Key: c
	        ->  Index Scan using sbtest4_pkey on sbtest4  (cost=0.43..398.49 rows=104 width=121)
	              Index Cond: ((id >= 342622) AND (id <= 342721))

table 5 : explain SELECT DISTINCT c FROM sbtest5 WHERE id BETWEEN 7508395 AND 7508494 ORDER BY c
	Unique  (cost=359.07..359.54 rows=93 width=121)
	  ->  Sort  (cost=359.07..359.30 rows=93 width=121)
	        Sort Key: c
	        ->  Index Scan using sbtest5_pkey on sbtest5  (cost=0.43..356.03 rows=93 width=121)
	              Index Cond: ((id >= 7508395) AND (id <= 7508494))

table 6 : explain SELECT DISTINCT c FROM sbtest6 WHERE id BETWEEN 5788077 AND 5788176 ORDER BY c
	Unique  (cost=362.83..363.30 rows=94 width=121)
	  ->  Sort  (cost=362.83..363.07 rows=94 width=121)
	        Sort Key: c
	        ->  Index Scan using sbtest6_pkey on sbtest6  (cost=0.43..359.75 rows=94 width=121)
	              Index Cond: ((id >= 5788077) AND (id <= 5788176))

table 7 : explain SELECT DISTINCT c FROM sbtest7 WHERE id BETWEEN 8860656 AND 8860755 ORDER BY c
	Unique  (cost=387.13..387.63 rows=101 width=121)
	  ->  Sort  (cost=387.13..387.38 rows=101 width=121)
	        Sort Key: c
	        ->  Index Scan using sbtest7_pkey on sbtest7  (cost=0.43..383.76 rows=101 width=121)
	              Index Cond: ((id >= 8860656) AND (id <= 8860755))

table 8 : explain SELECT DISTINCT c FROM sbtest8 WHERE id BETWEEN 1664741 AND 1664840 ORDER BY c
	Unique  (cost=396.22..396.74 rows=103 width=121)
	  ->  Sort  (cost=396.22..396.48 rows=103 width=121)
	        Sort Key: c
	        ->  Index Scan using sbtest8_pkey on sbtest8  (cost=0.43..392.78 rows=103 width=121)
	              Index Cond: ((id >= 1664741) AND (id <= 1664840))

for: distinct_ranges
table 1 : explain SELECT DISTINCT c FROM sbtest1 WHERE id BETWEEN 6236801 AND 6236900 ORDER BY c
	Unique  (cost=348.64..349.09 rows=90 width=121)
	  ->  Sort  (cost=348.64..348.86 rows=90 width=121)
	        Sort Key: c
	        ->  Index Scan using sbtest1_pkey on sbtest1  (cost=0.43..345.72 rows=90 width=121)
	              Index Cond: ((id >= 6236801) AND (id <= 6236900))

table 2 : explain SELECT DISTINCT c FROM sbtest2 WHERE id BETWEEN 3187783 AND 3187882 ORDER BY c
	Unique  (cost=352.72..353.18 rows=92 width=121)
	  ->  Sort  (cost=352.72..352.95 rows=92 width=121)
	        Sort Key: c
	        ->  Index Scan using sbtest2_pkey on sbtest2  (cost=0.43..349.72 rows=92 width=121)
	              Index Cond: ((id >= 3187783) AND (id <= 3187882))

table 3 : explain SELECT DISTINCT c FROM sbtest3 WHERE id BETWEEN 5006837 AND 5006936 ORDER BY c
	Unique  (cost=367.29..367.77 rows=95 width=121)
	  ->  Sort  (cost=367.29..367.53 rows=95 width=121)
	        Sort Key: c
	        ->  Index Scan using sbtest3_pkey on sbtest3  (cost=0.43..364.17 rows=95 width=121)
	              Index Cond: ((id >= 5006837) AND (id <= 5006936))

table 4 : explain SELECT DISTINCT c FROM sbtest4 WHERE id BETWEEN 490207 AND 490306 ORDER BY c
	Unique  (cost=398.15..398.67 rows=103 width=121)
	  ->  Sort  (cost=398.15..398.41 rows=103 width=121)
	        Sort Key: c
	        ->  Index Scan using sbtest4_pkey on sbtest4  (cost=0.43..394.71 rows=103 width=121)
	              Index Cond: ((id >= 490207) AND (id <= 490306))

table 5 : explain SELECT DISTINCT c FROM sbtest5 WHERE id BETWEEN 255514 AND 255613 ORDER BY c
	Unique  (cost=397.30..397.82 rows=103 width=121)
	  ->  Sort  (cost=397.30..397.56 rows=103 width=121)
	        Sort Key: c
	        ->  Index Scan using sbtest5_pkey on sbtest5  (cost=0.43..393.86 rows=103 width=121)
	              Index Cond: ((id >= 255514) AND (id <= 255613))

table 6 : explain SELECT DISTINCT c FROM sbtest6 WHERE id BETWEEN 7317723 AND 7317822 ORDER BY c
	Unique  (cost=362.83..363.30 rows=94 width=121)
	  ->  Sort  (cost=362.83..363.07 rows=94 width=121)
	        Sort Key: c
	        ->  Index Scan using sbtest6_pkey on sbtest6  (cost=0.43..359.75 rows=94 width=121)
	              Index Cond: ((id >= 7317723) AND (id <= 7317822))

table 7 : explain SELECT DISTINCT c FROM sbtest7 WHERE id BETWEEN 6881397 AND 6881496 ORDER BY c
	Unique  (cost=375.75..376.24 rows=98 width=121)
	  ->  Sort  (cost=375.75..376.00 rows=98 width=121)
	        Sort Key: c
	        ->  Index Scan using sbtest7_pkey on sbtest7  (cost=0.43..372.51 rows=98 width=121)
	              Index Cond: ((id >= 6881397) AND (id <= 6881496))

table 8 : explain SELECT DISTINCT c FROM sbtest8 WHERE id BETWEEN 5631170 AND 5631269 ORDER BY c
	Unique  (cost=373.38..373.87 rows=97 width=121)
	  ->  Sort  (cost=373.38..373.63 rows=97 width=121)
	        Sort Key: c
	        ->  Index Scan using sbtest8_pkey on sbtest8  (cost=0.43..370.18 rows=97 width=121)
	              Index Cond: ((id >= 5631170) AND (id <= 5631269))

for point_selects
table 1 : explain SELECT c FROM sbtest1 WHERE id=6019663
	Index Scan using sbtest1_pkey on sbtest1  (cost=0.43..8.45 rows=1 width=121)
	  Index Cond: (id = 6019663)

table 2 : explain SELECT c FROM sbtest2 WHERE id=1513741
	Index Scan using sbtest2_pkey on sbtest2  (cost=0.43..8.45 rows=1 width=121)
	  Index Cond: (id = 1513741)

table 3 : explain SELECT c FROM sbtest3 WHERE id=2956977
	Index Scan using sbtest3_pkey on sbtest3  (cost=0.43..8.45 rows=1 width=121)
	  Index Cond: (id = 2956977)

table 4 : explain SELECT c FROM sbtest4 WHERE id=337112
	Index Scan using sbtest4_pkey on sbtest4  (cost=0.43..8.45 rows=1 width=121)
	  Index Cond: (id = 337112)

table 5 : explain SELECT c FROM sbtest5 WHERE id=9764851
	Index Scan using sbtest5_pkey on sbtest5  (cost=0.43..8.45 rows=1 width=121)
	  Index Cond: (id = 9764851)

table 6 : explain SELECT c FROM sbtest6 WHERE id=7730990
	Index Scan using sbtest6_pkey on sbtest6  (cost=0.43..8.45 rows=1 width=121)
	  Index Cond: (id = 7730990)

table 7 : explain SELECT c FROM sbtest7 WHERE id=6502083
	Index Scan using sbtest7_pkey on sbtest7  (cost=0.43..8.45 rows=1 width=121)
	  Index Cond: (id = 6502083)

table 8 : explain SELECT c FROM sbtest8 WHERE id=4833724
	Index Scan using sbtest8_pkey on sbtest8  (cost=0.43..8.45 rows=1 width=121)
	  Index Cond: (id = 4833724)

explain: for inserts :: explain INSERT INTO sbtest%u (id, k, c, pad) VALUES (%u, 13, 'foobar', 'foobar')
explain: for index_updates :: explain UPDATE sbtest%u SET k=k+1 WHERE id=%u
explain: for index_updates :: explain UPDATE sbtest%u SET k=k+1 WHERE id=%u
for inserts
table 1 : explain INSERT INTO sbtest1 (id, k, c, pad) VALUES (8968248, 13, 'foobar', 'foobar')
	Insert on sbtest1  (cost=0.00..0.01 rows=0 width=0)
	  ->  Result  (cost=0.00..0.01 rows=1 width=736)

table 2 : explain INSERT INTO sbtest2 (id, k, c, pad) VALUES (6452156, 13, 'foobar', 'foobar')
	Insert on sbtest2  (cost=0.00..0.01 rows=0 width=0)
	  ->  Result  (cost=0.00..0.01 rows=1 width=736)

table 3 : explain INSERT INTO sbtest3 (id, k, c, pad) VALUES (216264, 13, 'foobar', 'foobar')
	Insert on sbtest3  (cost=0.00..0.01 rows=0 width=0)
	  ->  Result  (cost=0.00..0.01 rows=1 width=736)

table 4 : explain INSERT INTO sbtest4 (id, k, c, pad) VALUES (3461624, 13, 'foobar', 'foobar')
	Insert on sbtest4  (cost=0.00..0.01 rows=0 width=0)
	  ->  Result  (cost=0.00..0.01 rows=1 width=736)

table 5 : explain INSERT INTO sbtest5 (id, k, c, pad) VALUES (9749086, 13, 'foobar', 'foobar')
	Insert on sbtest5  (cost=0.00..0.01 rows=0 width=0)
	  ->  Result  (cost=0.00..0.01 rows=1 width=736)

table 6 : explain INSERT INTO sbtest6 (id, k, c, pad) VALUES (3783222, 13, 'foobar', 'foobar')
	Insert on sbtest6  (cost=0.00..0.01 rows=0 width=0)
	  ->  Result  (cost=0.00..0.01 rows=1 width=736)

table 7 : explain INSERT INTO sbtest7 (id, k, c, pad) VALUES (6971625, 13, 'foobar', 'foobar')
	Insert on sbtest7  (cost=0.00..0.01 rows=0 width=0)
	  ->  Result  (cost=0.00..0.01 rows=1 width=736)

table 8 : explain INSERT INTO sbtest8 (id, k, c, pad) VALUES (6670955, 13, 'foobar', 'foobar')
	Insert on sbtest8  (cost=0.00..0.01 rows=0 width=0)
	  ->  Result  (cost=0.00..0.01 rows=1 width=736)

for: distinct_ranges
table 1 : explain SELECT DISTINCT c FROM sbtest1 WHERE id BETWEEN 6108690 AND 6108789 ORDER BY c
	Unique  (cost=371.67..372.15 rows=96 width=121)
	  ->  Sort  (cost=371.67..371.91 rows=96 width=121)
	        Sort Key: c
	        ->  Index Scan using sbtest1_pkey on sbtest1  (cost=0.43..368.50 rows=96 width=121)
	              Index Cond: ((id >= 6108690) AND (id <= 6108789))

table 2 : explain SELECT DISTINCT c FROM sbtest2 WHERE id BETWEEN 5652927 AND 5653026 ORDER BY c
	Unique  (cost=367.87..368.35 rows=96 width=121)
	  ->  Sort  (cost=367.87..368.11 rows=96 width=121)
	        Sort Key: c
	        ->  Index Scan using sbtest2_pkey on sbtest2  (cost=0.43..364.71 rows=96 width=121)
	              Index Cond: ((id >= 5652927) AND (id <= 5653026))

table 3 : explain SELECT DISTINCT c FROM sbtest3 WHERE id BETWEEN 6821831 AND 6821930 ORDER BY c
	Unique  (cost=378.76..379.25 rows=98 width=121)
	  ->  Sort  (cost=378.76..379.01 rows=98 width=121)
	        Sort Key: c
	        ->  Index Scan using sbtest3_pkey on sbtest3  (cost=0.43..375.52 rows=98 width=121)
	              Index Cond: ((id >= 6821831) AND (id <= 6821930))

table 4 : explain SELECT DISTINCT c FROM sbtest4 WHERE id BETWEEN 4824632 AND 4824731 ORDER BY c
	Unique  (cost=359.84..360.30 rows=93 width=121)
	  ->  Sort  (cost=359.84..360.07 rows=93 width=121)
	        Sort Key: c
	        ->  Index Scan using sbtest4_pkey on sbtest4  (cost=0.43..356.80 rows=93 width=121)
	              Index Cond: ((id >= 4824632) AND (id <= 4824731))

table 5 : explain SELECT DISTINCT c FROM sbtest5 WHERE id BETWEEN 5831685 AND 5831784 ORDER BY c
	Unique  (cost=424.02..424.57 rows=110 width=121)
	  ->  Sort  (cost=424.02..424.30 rows=110 width=121)
	        Sort Key: c
	        ->  Index Scan using sbtest5_pkey on sbtest5  (cost=0.43..420.29 rows=110 width=121)
	              Index Cond: ((id >= 5831685) AND (id <= 5831784))

table 6 : explain SELECT DISTINCT c FROM sbtest6 WHERE id BETWEEN 2620881 AND 2620980 ORDER BY c
	Unique  (cost=385.79..386.29 rows=100 width=121)
	  ->  Sort  (cost=385.79..386.04 rows=100 width=121)
	        Sort Key: c
	        ->  Index Scan using sbtest6_pkey on sbtest6  (cost=0.43..382.47 rows=100 width=121)
	              Index Cond: ((id >= 2620881) AND (id <= 2620980))

table 7 : explain SELECT DISTINCT c FROM sbtest7 WHERE id BETWEEN 5455431 AND 5455530 ORDER BY c
	Unique  (cost=356.73..357.19 rows=93 width=121)
	  ->  Sort  (cost=356.73..356.96 rows=93 width=121)
	        Sort Key: c
	        ->  Index Scan using sbtest7_pkey on sbtest7  (cost=0.43..353.69 rows=93 width=121)
	              Index Cond: ((id >= 5455431) AND (id <= 5455530))

table 8 : explain SELECT DISTINCT c FROM sbtest8 WHERE id BETWEEN 6082777 AND 6082876 ORDER BY c
	Unique  (cost=358.10..358.56 rows=93 width=121)
	  ->  Sort  (cost=358.10..358.33 rows=93 width=121)
	        Sort Key: c
	        ->  Index Scan using sbtest8_pkey on sbtest8  (cost=0.43..355.06 rows=93 width=121)
	              Index Cond: ((id >= 6082777) AND (id <= 6082876))

for index_updates
table 1 : explain UPDATE sbtest1 SET k=k+1 WHERE id=4578468
	Update on sbtest1  (cost=0.43..8.46 rows=0 width=0)
	  ->  Index Scan using sbtest1_pkey on sbtest1  (cost=0.43..8.46 rows=1 width=10)
	        Index Cond: (id = 4578468)

table 2 : explain UPDATE sbtest2 SET k=k+1 WHERE id=2007635
	Update on sbtest2  (cost=0.43..8.46 rows=0 width=0)
	  ->  Index Scan using sbtest2_pkey on sbtest2  (cost=0.43..8.46 rows=1 width=10)
	        Index Cond: (id = 2007635)

table 3 : explain UPDATE sbtest3 SET k=k+1 WHERE id=7782018
	Update on sbtest3  (cost=0.43..8.46 rows=0 width=0)
	  ->  Index Scan using sbtest3_pkey on sbtest3  (cost=0.43..8.46 rows=1 width=10)
	        Index Cond: (id = 7782018)

table 4 : explain UPDATE sbtest4 SET k=k+1 WHERE id=5156800
	Update on sbtest4  (cost=0.43..8.46 rows=0 width=0)
	  ->  Index Scan using sbtest4_pkey on sbtest4  (cost=0.43..8.46 rows=1 width=10)
	        Index Cond: (id = 5156800)

table 5 : explain UPDATE sbtest5 SET k=k+1 WHERE id=5661893
	Update on sbtest5  (cost=0.43..8.46 rows=0 width=0)
	  ->  Index Scan using sbtest5_pkey on sbtest5  (cost=0.43..8.46 rows=1 width=10)
	        Index Cond: (id = 5661893)

table 6 : explain UPDATE sbtest6 SET k=k+1 WHERE id=1663465
	Update on sbtest6  (cost=0.43..8.46 rows=0 width=0)
	  ->  Index Scan using sbtest6_pkey on sbtest6  (cost=0.43..8.46 rows=1 width=10)
	        Index Cond: (id = 1663465)

table 7 : explain UPDATE sbtest7 SET k=k+1 WHERE id=1742537
	Update on sbtest7  (cost=0.43..8.46 rows=0 width=0)
	  ->  Index Scan using sbtest7_pkey on sbtest7  (cost=0.43..8.46 rows=1 width=10)
	        Index Cond: (id = 1742537)

table 8 : explain UPDATE sbtest8 SET k=k+1 WHERE id=6384420
	Update on sbtest8  (cost=0.43..8.46 rows=0 width=0)
	  ->  Index Scan using sbtest8_pkey on sbtest8  (cost=0.43..8.46 rows=1 width=10)
	        Index Cond: (id = 6384420)

explain: for index_updates :: explain UPDATE sbtest%u SET k=k+1 WHERE id=%u
for index_updates
table 1 : explain UPDATE sbtest1 SET k=k+1 WHERE id=1717004
	Update on sbtest1  (cost=0.43..8.46 rows=0 width=0)
	  ->  Index Scan using sbtest1_pkey on sbtest1  (cost=0.43..8.46 rows=1 width=10)
	        Index Cond: (id = 1717004)

table 2 : explain UPDATE sbtest2 SET k=k+1 WHERE id=3914625
	Update on sbtest2  (cost=0.43..8.46 rows=0 width=0)
	  ->  Index Scan using sbtest2_pkey on sbtest2  (cost=0.43..8.46 rows=1 width=10)
	        Index Cond: (id = 3914625)

table 3 : explain UPDATE sbtest3 SET k=k+1 WHERE id=3576757
	Update on sbtest3  (cost=0.43..8.46 rows=0 width=0)
	  ->  Index Scan using sbtest3_pkey on sbtest3  (cost=0.43..8.46 rows=1 width=10)
	        Index Cond: (id = 3576757)

table 4 : explain UPDATE sbtest4 SET k=k+1 WHERE id=3631629
	Update on sbtest4  (cost=0.43..8.46 rows=0 width=0)
	  ->  Index Scan using sbtest4_pkey on sbtest4  (cost=0.43..8.46 rows=1 width=10)
	        Index Cond: (id = 3631629)

table 5 : explain UPDATE sbtest5 SET k=k+1 WHERE id=4170276
	Update on sbtest5  (cost=0.43..8.46 rows=0 width=0)
	  ->  Index Scan using sbtest5_pkey on sbtest5  (cost=0.43..8.46 rows=1 width=10)
	        Index Cond: (id = 4170276)

table 6 : explain UPDATE sbtest6 SET k=k+1 WHERE id=2386072
	Update on sbtest6  (cost=0.43..8.46 rows=0 width=0)
	  ->  Index Scan using sbtest6_pkey on sbtest6  (cost=0.43..8.46 rows=1 width=10)
	        Index Cond: (id = 2386072)

table 7 : explain UPDATE sbtest7 SET k=k+1 WHERE id=3706558
	Update on sbtest7  (cost=0.43..8.46 rows=0 width=0)
	  ->  Index Scan using sbtest7_pkey on sbtest7  (cost=0.43..8.46 rows=1 width=10)
	        Index Cond: (id = 3706558)

table 8 : explain UPDATE sbtest8 SET k=k+1 WHERE id=821632
	Update on sbtest8  (cost=0.43..8.46 rows=0 width=0)
	  ->  Index Scan using sbtest8_pkey on sbtest8  (cost=0.43..8.46 rows=1 width=10)
	        Index Cond: (id = 821632)

for: distinct_ranges
table 1 : explain SELECT DISTINCT c FROM sbtest1 WHERE id BETWEEN 1715480 AND 1715579 ORDER BY c
	Unique  (cost=375.49..375.98 rows=97 width=121)
	  ->  Sort  (cost=375.49..375.74 rows=97 width=121)
	        Sort Key: c
	        ->  Index Scan using sbtest1_pkey on sbtest1  (cost=0.43..372.29 rows=97 width=121)
	              Index Cond: ((id >= 1715480) AND (id <= 1715579))

table 2 : explain SELECT DISTINCT c FROM sbtest2 WHERE id BETWEEN 6262095 AND 6262194 ORDER BY c
	Unique  (cost=375.45..375.94 rows=98 width=121)
	  ->  Sort  (cost=375.45..375.70 rows=98 width=121)
	        Sort Key: c
	        ->  Index Scan using sbtest2_pkey on sbtest2  (cost=0.43..372.21 rows=98 width=121)
	              Index Cond: ((id >= 6262095) AND (id <= 6262194))

table 3 : explain SELECT DISTINCT c FROM sbtest3 WHERE id BETWEEN 2074432 AND 2074531 ORDER BY c
	Unique  (cost=344.35..344.80 rows=89 width=121)
	  ->  Sort  (cost=344.35..344.58 rows=89 width=121)
	        Sort Key: c
	        ->  Index Scan using sbtest3_pkey on sbtest3  (cost=0.43..341.47 rows=89 width=121)
	              Index Cond: ((id >= 2074432) AND (id <= 2074531))

table 4 : explain SELECT DISTINCT c FROM sbtest4 WHERE id BETWEEN 2846619 AND 2846718 ORDER BY c
	Unique  (cost=394.33..394.84 rows=102 width=121)
	  ->  Sort  (cost=394.33..394.58 rows=102 width=121)
	        Sort Key: c
	        ->  Index Scan using sbtest4_pkey on sbtest4  (cost=0.43..390.92 rows=102 width=121)
	              Index Cond: ((id >= 2846619) AND (id <= 2846718))

table 5 : explain SELECT DISTINCT c FROM sbtest5 WHERE id BETWEEN 2282425 AND 2282524 ORDER BY c
	Unique  (cost=370.58..371.06 rows=96 width=121)
	  ->  Sort  (cost=370.58..370.82 rows=96 width=121)
	        Sort Key: c
	        ->  Index Scan using sbtest5_pkey on sbtest5  (cost=0.43..367.42 rows=96 width=121)
	              Index Cond: ((id >= 2282425) AND (id <= 2282524))

table 6 : explain SELECT DISTINCT c FROM sbtest6 WHERE id BETWEEN 5080733 AND 5080832 ORDER BY c
	Unique  (cost=374.28..374.77 rows=97 width=121)
	  ->  Sort  (cost=374.28..374.52 rows=97 width=121)
	        Sort Key: c
	        ->  Index Scan using sbtest6_pkey on sbtest6  (cost=0.43..371.08 rows=97 width=121)
	              Index Cond: ((id >= 5080733) AND (id <= 5080832))

table 7 : explain SELECT DISTINCT c FROM sbtest7 WHERE id BETWEEN 2724068 AND 2724167 ORDER BY c
	Unique  (cost=379.54..380.04 rows=99 width=121)
	  ->  Sort  (cost=379.54..379.79 rows=99 width=121)
	        Sort Key: c
	        ->  Index Scan using sbtest7_pkey on sbtest7  (cost=0.43..376.26 rows=99 width=121)
	              Index Cond: ((id >= 2724068) AND (id <= 2724167))

table 8 : explain SELECT DISTINCT c FROM sbtest8 WHERE id BETWEEN 6775853 AND 6775952 ORDER BY c
	Unique  (cost=358.10..358.56 rows=93 width=121)
	  ->  Sort  (cost=358.10..358.33 rows=93 width=121)
	        Sort Key: c
	        ->  Index Scan using sbtest8_pkey on sbtest8  (cost=0.43..355.06 rows=93 width=121)
	              Index Cond: ((id >= 6775853) AND (id <= 6775952))

for: distinct_ranges
table 1 : explain SELECT DISTINCT c FROM sbtest1 WHERE id BETWEEN 3346742 AND 3346841 ORDER BY c
	Unique  (cost=371.67..372.15 rows=96 width=121)
	  ->  Sort  (cost=371.67..371.91 rows=96 width=121)
	        Sort Key: c
	        ->  Index Scan using sbtest1_pkey on sbtest1  (cost=0.43..368.50 rows=96 width=121)
	              Index Cond: ((id >= 3346742) AND (id <= 3346841))

table 2 : explain SELECT DISTINCT c FROM sbtest2 WHERE id BETWEEN 3103366 AND 3103465 ORDER BY c
	Unique  (cost=375.45..375.94 rows=98 width=121)
	  ->  Sort  (cost=375.45..375.70 rows=98 width=121)
	        Sort Key: c
	        ->  Index Scan using sbtest2_pkey on sbtest2  (cost=0.43..372.21 rows=98 width=121)
	              Index Cond: ((id >= 3103366) AND (id <= 3103465))

table 3 : explain SELECT DISTINCT c FROM sbtest3 WHERE id BETWEEN 1493653 AND 1493752 ORDER BY c
	Unique  (cost=363.47..363.94 rows=94 width=121)
	  ->  Sort  (cost=363.47..363.70 rows=94 width=121)
	        Sort Key: c
	        ->  Index Scan using sbtest3_pkey on sbtest3  (cost=0.43..360.39 rows=94 width=121)
	              Index Cond: ((id >= 1493653) AND (id <= 1493752))

table 4 : explain SELECT DISTINCT c FROM sbtest4 WHERE id BETWEEN 5746800 AND 5746899 ORDER BY c
	Unique  (cost=363.66..364.13 rows=94 width=121)
	  ->  Sort  (cost=363.66..363.90 rows=94 width=121)
	        Sort Key: c
	        ->  Index Scan using sbtest4_pkey on sbtest4  (cost=0.43..360.58 rows=94 width=121)
	              Index Cond: ((id >= 5746800) AND (id <= 5746899))

table 5 : explain SELECT DISTINCT c FROM sbtest5 WHERE id BETWEEN 2956743 AND 2956842 ORDER BY c
	Unique  (cost=374.40..374.88 rows=97 width=121)
	  ->  Sort  (cost=374.40..374.64 rows=97 width=121)
	        Sort Key: c
	        ->  Index Scan using sbtest5_pkey on sbtest5  (cost=0.43..371.20 rows=97 width=121)
	              Index Cond: ((id >= 2956743) AND (id <= 2956842))

table 6 : explain SELECT DISTINCT c FROM sbtest6 WHERE id BETWEEN 8522998 AND 8523097 ORDER BY c
	Unique  (cost=370.46..370.94 rows=96 width=121)
	  ->  Sort  (cost=370.46..370.70 rows=96 width=121)
	        Sort Key: c
	        ->  Index Scan using sbtest6_pkey on sbtest6  (cost=0.43..367.30 rows=96 width=121)
	              Index Cond: ((id >= 8522998) AND (id <= 8523097))

table 7 : explain SELECT DISTINCT c FROM sbtest7 WHERE id BETWEEN 1954659 AND 1954758 ORDER BY c
	Unique  (cost=352.94..353.40 rows=92 width=121)
	  ->  Sort  (cost=352.94..353.17 rows=92 width=121)
	        Sort Key: c
	        ->  Index Scan using sbtest7_pkey on sbtest7  (cost=0.43..349.94 rows=92 width=121)
	              Index Cond: ((id >= 1954659) AND (id <= 1954758))

table 8 : explain SELECT DISTINCT c FROM sbtest8 WHERE id BETWEEN 245885 AND 245984 ORDER BY c
	Unique  (cost=396.22..396.74 rows=103 width=121)
	  ->  Sort  (cost=396.22..396.48 rows=103 width=121)
	        Sort Key: c
	        ->  Index Scan using sbtest8_pkey on sbtest8  (cost=0.43..392.78 rows=103 width=121)
	              Index Cond: ((id >= 245885) AND (id <= 245984))

explain: for non_index_updates :: explain UPDATE sbtest%u SET c='foobar' WHERE id=%u
for: sum_ranges
table 1 : explain SELECT SUM(k) FROM sbtest1 WHERE id BETWEEN 9425316 AND 9425415
	Aggregate  (cost=357.37..357.38 rows=1 width=8)
	  ->  Index Scan using sbtest1_pkey on sbtest1  (cost=0.43..357.14 rows=93 width=4)
	        Index Cond: ((id >= 9425316) AND (id <= 9425415))

table 2 : explain SELECT SUM(k) FROM sbtest2 WHERE id BETWEEN 166388 AND 166487
	Aggregate  (cost=398.78..398.79 rows=1 width=8)
	  ->  Index Scan using sbtest2_pkey on sbtest2  (cost=0.43..398.52 rows=105 width=4)
	        Index Cond: ((id >= 166388) AND (id <= 166487))

table 3 : explain SELECT SUM(k) FROM sbtest3 WHERE id BETWEEN 1413637 AND 1413736
	Aggregate  (cost=360.62..360.63 rows=1 width=8)
	  ->  Index Scan using sbtest3_pkey on sbtest3  (cost=0.43..360.39 rows=94 width=4)
	        Index Cond: ((id >= 1413637) AND (id <= 1413736))

table 4 : explain SELECT SUM(k) FROM sbtest4 WHERE id BETWEEN 2722483 AND 2722582
	Aggregate  (cost=379.82..379.83 rows=1 width=8)
	  ->  Index Scan using sbtest4_pkey on sbtest4  (cost=0.43..379.57 rows=99 width=4)
	        Index Cond: ((id >= 2722483) AND (id <= 2722582))

table 5 : explain SELECT SUM(k) FROM sbtest5 WHERE id BETWEEN 6883161 AND 6883260
	Aggregate  (cost=397.89..397.90 rows=1 width=8)
	  ->  Index Scan using sbtest5_pkey on sbtest5  (cost=0.43..397.63 rows=104 width=4)
	        Index Cond: ((id >= 6883161) AND (id <= 6883260))

table 6 : explain SELECT SUM(k) FROM sbtest6 WHERE id BETWEEN 3390682 AND 3390781
	Aggregate  (cost=401.61..401.62 rows=1 width=8)
	  ->  Index Scan using sbtest6_pkey on sbtest6  (cost=0.43..401.35 rows=105 width=4)
	        Index Cond: ((id >= 3390682) AND (id <= 3390781))

table 7 : explain SELECT SUM(k) FROM sbtest7 WHERE id BETWEEN 9720231 AND 9720330
	Aggregate  (cost=421.55..421.56 rows=1 width=8)
	  ->  Index Scan using sbtest7_pkey on sbtest7  (cost=0.43..421.28 rows=111 width=4)
	        Index Cond: ((id >= 9720231) AND (id <= 9720330))

table 8 : explain SELECT SUM(k) FROM sbtest8 WHERE id BETWEEN 5796109 AND 5796208
	Aggregate  (cost=381.73..381.74 rows=1 width=8)
	  ->  Index Scan using sbtest8_pkey on sbtest8  (cost=0.43..381.48 rows=100 width=4)
	        Index Cond: ((id >= 5796109) AND (id <= 5796208))

for: order_ranges
table 1 : explain SELECT c FROM sbtest1 WHERE id BETWEEN 2279943 AND 2280042 ORDER BY c
	Sort  (cost=398.47..398.72 rows=103 width=121)
	  Sort Key: c
	  ->  Index Scan using sbtest1_pkey on sbtest1  (cost=0.43..395.02 rows=103 width=121)
	        Index Cond: ((id >= 2279943) AND (id <= 2280042))

table 2 : explain SELECT c FROM sbtest2 WHERE id BETWEEN 9657049 AND 9657148 ORDER BY c
	Sort  (cost=409.62..409.89 rows=107 width=121)
	  Sort Key: c
	  ->  Index Scan using sbtest2_pkey on sbtest2  (cost=0.43..406.02 rows=107 width=121)
	        Index Cond: ((id >= 9657049) AND (id <= 9657148))

table 3 : explain SELECT c FROM sbtest3 WHERE id BETWEEN 3815114 AND 3815213 ORDER BY c
	Sort  (cost=378.76..379.01 rows=98 width=121)
	  Sort Key: c
	  ->  Index Scan using sbtest3_pkey on sbtest3  (cost=0.43..375.52 rows=98 width=121)
	        Index Cond: ((id >= 3815114) AND (id <= 3815213))

table 4 : explain SELECT c FROM sbtest4 WHERE id BETWEEN 8103717 AND 8103816 ORDER BY c
	Sort  (cost=371.32..371.56 rows=96 width=121)
	  Sort Key: c
	  ->  Index Scan using sbtest4_pkey on sbtest4  (cost=0.43..368.15 rows=96 width=121)
	        Index Cond: ((id >= 8103717) AND (id <= 8103816))

table 5 : explain SELECT c FROM sbtest5 WHERE id BETWEEN 6571812 AND 6571911 ORDER BY c
	Sort  (cost=370.58..370.82 rows=96 width=121)
	  Sort Key: c
	  ->  Index Scan using sbtest5_pkey on sbtest5  (cost=0.43..367.42 rows=96 width=121)
	        Index Cond: ((id >= 6571812) AND (id <= 6571911))

table 6 : explain SELECT c FROM sbtest6 WHERE id BETWEEN 8274055 AND 8274154 ORDER BY c
	Sort  (cost=381.97..382.22 rows=99 width=121)
	  Sort Key: c
	  ->  Index Scan using sbtest6_pkey on sbtest6  (cost=0.43..378.69 rows=99 width=121)
	        Index Cond: ((id >= 8274055) AND (id <= 8274154))

table 7 : explain SELECT c FROM sbtest7 WHERE id BETWEEN 4687152 AND 4687251 ORDER BY c
	Sort  (cost=421.25..421.53 rows=110 width=121)
	  Sort Key: c
	  ->  Index Scan using sbtest7_pkey on sbtest7  (cost=0.43..417.52 rows=110 width=121)
	        Index Cond: ((id >= 4687152) AND (id <= 4687251))

table 8 : explain SELECT c FROM sbtest8 WHERE id BETWEEN 492301 AND 492400 ORDER BY c
	Sort  (cost=400.03..400.29 rows=104 width=121)
	  Sort Key: c
	  ->  Index Scan using sbtest8_pkey on sbtest8  (cost=0.43..396.55 rows=104 width=121)
	        Index Cond: ((id >= 492301) AND (id <= 492400))

for: distinct_ranges
table 1 : explain SELECT DISTINCT c FROM sbtest1 WHERE id BETWEEN 60789 AND 60888 ORDER BY c
	Unique  (cost=364.01..364.48 rows=94 width=121)
	  ->  Sort  (cost=364.01..364.24 rows=94 width=121)
	        Sort Key: c
	        ->  Index Scan using sbtest1_pkey on sbtest1  (cost=0.43..360.93 rows=94 width=121)
	              Index Cond: ((id >= 60789) AND (id <= 60888))

table 2 : explain SELECT DISTINCT c FROM sbtest2 WHERE id BETWEEN 444381 AND 444480 ORDER BY c
	Unique  (cost=439.94..440.52 rows=115 width=121)
	  ->  Sort  (cost=439.94..440.23 rows=115 width=121)
	        Sort Key: c
	        ->  Index Scan using sbtest2_pkey on sbtest2  (cost=0.43..436.00 rows=115 width=121)
	              Index Cond: ((id >= 444381) AND (id <= 444480))

table 3 : explain SELECT DISTINCT c FROM sbtest3 WHERE id BETWEEN 9004444 AND 9004543 ORDER BY c
	Unique  (cost=382.58..383.08 rows=99 width=121)
	  ->  Sort  (cost=382.58..382.83 rows=99 width=121)
	        Sort Key: c
	        ->  Index Scan using sbtest3_pkey on sbtest3  (cost=0.43..379.30 rows=99 width=121)
	              Index Cond: ((id >= 9004444) AND (id <= 9004543))

table 4 : explain SELECT DISTINCT c FROM sbtest4 WHERE id BETWEEN 1283504 AND 1283603 ORDER BY c
	Unique  (cost=386.68..387.18 rows=100 width=121)
	  ->  Sort  (cost=386.68..386.93 rows=100 width=121)
	        Sort Key: c
	        ->  Index Scan using sbtest4_pkey on sbtest4  (cost=0.43..383.35 rows=100 width=121)
	              Index Cond: ((id >= 1283504) AND (id <= 1283603))

table 5 : explain SELECT DISTINCT c FROM sbtest5 WHERE id BETWEEN 3194568 AND 3194667 ORDER BY c
	Unique  (cost=385.85..386.35 rows=100 width=121)
	  ->  Sort  (cost=385.85..386.10 rows=100 width=121)
	        Sort Key: c
	        ->  Index Scan using sbtest5_pkey on sbtest5  (cost=0.43..382.53 rows=100 width=121)
	              Index Cond: ((id >= 3194568) AND (id <= 3194667))

table 6 : explain SELECT DISTINCT c FROM sbtest6 WHERE id BETWEEN 9044975 AND 9045074 ORDER BY c
	Unique  (cost=381.97..382.47 rows=99 width=121)
	  ->  Sort  (cost=381.97..382.22 rows=99 width=121)
	        Sort Key: c
	        ->  Index Scan using sbtest6_pkey on sbtest6  (cost=0.43..378.69 rows=99 width=121)
	              Index Cond: ((id >= 9044975) AND (id <= 9045074))

table 7 : explain SELECT DISTINCT c FROM sbtest7 WHERE id BETWEEN 5872639 AND 5872738 ORDER BY c
	Unique  (cost=356.73..357.19 rows=93 width=121)
	  ->  Sort  (cost=356.73..356.96 rows=93 width=121)
	        Sort Key: c
	        ->  Index Scan using sbtest7_pkey on sbtest7  (cost=0.43..353.69 rows=93 width=121)
	              Index Cond: ((id >= 5872639) AND (id <= 5872738))

table 8 : explain SELECT DISTINCT c FROM sbtest8 WHERE id BETWEEN 3421526 AND 3421625 ORDER BY c
	Unique  (cost=373.38..373.87 rows=97 width=121)
	  ->  Sort  (cost=373.38..373.63 rows=97 width=121)
	        Sort Key: c
	        ->  Index Scan using sbtest8_pkey on sbtest8  (cost=0.43..370.18 rows=97 width=121)
	              Index Cond: ((id >= 3421526) AND (id <= 3421625))

explain: for index_updates :: explain UPDATE sbtest%u SET k=k+1 WHERE id=%u
explain: for index_updates :: explain UPDATE sbtest%u SET k=k+1 WHERE id=%u
explain: for index_updates :: explain UPDATE sbtest%u SET k=k+1 WHERE id=%u
explain: for non_index_updates :: explain UPDATE sbtest%u SET c='foobar' WHERE id=%u
for non_index_updates
table 1 : explain UPDATE sbtest1 SET c='foobar' WHERE id=7814014
	Update on sbtest1  (cost=0.43..8.45 rows=0 width=0)
	  ->  Index Scan using sbtest1_pkey on sbtest1  (cost=0.43..8.45 rows=1 width=490)
	        Index Cond: (id = 7814014)

table 2 : explain UPDATE sbtest2 SET c='foobar' WHERE id=3434143
	Update on sbtest2  (cost=0.43..8.45 rows=0 width=0)
	  ->  Index Scan using sbtest2_pkey on sbtest2  (cost=0.43..8.45 rows=1 width=490)
	        Index Cond: (id = 3434143)

table 3 : explain UPDATE sbtest3 SET c='foobar' WHERE id=7712130
	Update on sbtest3  (cost=0.43..8.45 rows=0 width=0)
	  ->  Index Scan using sbtest3_pkey on sbtest3  (cost=0.43..8.45 rows=1 width=490)
	        Index Cond: (id = 7712130)

table 4 : explain UPDATE sbtest4 SET c='foobar' WHERE id=4217712
	Update on sbtest4  (cost=0.43..8.45 rows=0 width=0)
	  ->  Index Scan using sbtest4_pkey on sbtest4  (cost=0.43..8.45 rows=1 width=490)
	        Index Cond: (id = 4217712)

table 5 : explain UPDATE sbtest5 SET c='foobar' WHERE id=7271867
	Update on sbtest5  (cost=0.43..8.45 rows=0 width=0)
	  ->  Index Scan using sbtest5_pkey on sbtest5  (cost=0.43..8.45 rows=1 width=490)
	        Index Cond: (id = 7271867)

table 6 : explain UPDATE sbtest6 SET c='foobar' WHERE id=2542415
	Update on sbtest6  (cost=0.43..8.45 rows=0 width=0)
	  ->  Index Scan using sbtest6_pkey on sbtest6  (cost=0.43..8.45 rows=1 width=490)
	        Index Cond: (id = 2542415)

table 7 : explain UPDATE sbtest7 SET c='foobar' WHERE id=3484719
	Update on sbtest7  (cost=0.43..8.45 rows=0 width=0)
	  ->  Index Scan using sbtest7_pkey on sbtest7  (cost=0.43..8.45 rows=1 width=490)
	        Index Cond: (id = 3484719)

table 8 : explain UPDATE sbtest8 SET c='foobar' WHERE id=29815
	Update on sbtest8  (cost=0.43..8.45 rows=0 width=0)
	  ->  Index Scan using sbtest8_pkey on sbtest8  (cost=0.43..8.45 rows=1 width=490)
	        Index Cond: (id = 29815)

for: simple_ranges
table 1 : explain SELECT c FROM sbtest1 WHERE id BETWEEN 2895022 AND 2895121
	Index Scan using sbtest1_pkey on sbtest1  (cost=0.43..410.17 rows=107 width=121)
	  Index Cond: ((id >= 2895022) AND (id <= 2895121))

table 2 : explain SELECT c FROM sbtest2 WHERE id BETWEEN 5152460 AND 5152559
	Index Scan using sbtest2_pkey on sbtest2  (cost=0.43..364.71 rows=96 width=121)
	  Index Cond: ((id >= 5152460) AND (id <= 5152559))

table 3 : explain SELECT c FROM sbtest3 WHERE id BETWEEN 7964591 AND 7964690
	Index Scan using sbtest3_pkey on sbtest3  (cost=0.43..383.14 rows=100 width=121)
	  Index Cond: ((id >= 7964591) AND (id <= 7964690))

table 4 : explain SELECT c FROM sbtest4 WHERE id BETWEEN 565504 AND 565603
	Index Scan using sbtest4_pkey on sbtest4  (cost=0.43..394.71 rows=103 width=121)
	  Index Cond: ((id >= 565504) AND (id <= 565603))

table 5 : explain SELECT c FROM sbtest5 WHERE id BETWEEN 7742331 AND 7742430
	Index Scan using sbtest5_pkey on sbtest5  (cost=0.43..390.08 rows=102 width=121)
	  Index Cond: ((id >= 7742331) AND (id <= 7742430))

table 6 : explain SELECT c FROM sbtest6 WHERE id BETWEEN 7207040 AND 7207139
	Index Scan using sbtest6_pkey on sbtest6  (cost=0.43..371.08 rows=97 width=121)
	  Index Cond: ((id >= 7207040) AND (id <= 7207139))

table 7 : explain SELECT c FROM sbtest7 WHERE id BETWEEN 6134372 AND 6134471
	Index Scan using sbtest7_pkey on sbtest7  (cost=0.43..417.52 rows=110 width=121)
	  Index Cond: ((id >= 6134372) AND (id <= 6134471))

table 8 : explain SELECT c FROM sbtest8 WHERE id BETWEEN 5689596 AND 5689695
	Index Scan using sbtest8_pkey on sbtest8  (cost=0.43..400.31 rows=105 width=121)
	  Index Cond: ((id >= 5689596) AND (id <= 5689695))

for: order_ranges
table 1 : explain SELECT c FROM sbtest1 WHERE id BETWEEN 2610210 AND 2610309 ORDER BY c
	Sort  (cost=394.64..394.89 rows=102 width=121)
	  Sort Key: c
	  ->  Index Scan using sbtest1_pkey on sbtest1  (cost=0.43..391.23 rows=102 width=121)
	        Index Cond: ((id >= 2610210) AND (id <= 2610309))

table 2 : explain SELECT c FROM sbtest2 WHERE id BETWEEN 4173691 AND 4173790 ORDER BY c
	Sort  (cost=386.89..387.14 rows=101 width=121)
	  Sort Key: c
	  ->  Index Scan using sbtest2_pkey on sbtest2  (cost=0.43..383.52 rows=101 width=121)
	        Index Cond: ((id >= 4173691) AND (id <= 4173790))

table 3 : explain SELECT c FROM sbtest3 WHERE id BETWEEN 9700058 AND 9700157 ORDER BY c
	Sort  (cost=397.94..398.19 rows=103 width=121)
	  Sort Key: c
	  ->  Index Scan using sbtest3_pkey on sbtest3  (cost=0.43..394.49 rows=103 width=121)
	        Index Cond: ((id >= 9700058) AND (id <= 9700157))

table 4 : explain SELECT c FROM sbtest4 WHERE id BETWEEN 5605620 AND 5605719 ORDER BY c
	Sort  (cost=382.85..383.10 rows=99 width=121)
	  Sort Key: c
	  ->  Index Scan using sbtest4_pkey on sbtest4  (cost=0.43..379.57 rows=99 width=121)
	        Index Cond: ((id >= 5605620) AND (id <= 5605719))

table 5 : explain SELECT c FROM sbtest5 WHERE id BETWEEN 2628261 AND 2628360 ORDER BY c
	Sort  (cost=378.22..378.46 rows=98 width=121)
	  Sort Key: c
	  ->  Index Scan using sbtest5_pkey on sbtest5  (cost=0.43..374.97 rows=98 width=121)
	        Index Cond: ((id >= 2628261) AND (id <= 2628360))

table 6 : explain SELECT c FROM sbtest6 WHERE id BETWEEN 7642015 AND 7642114 ORDER BY c
	Sort  (cost=343.75..343.98 rows=89 width=121)
	  Sort Key: c
	  ->  Index Scan using sbtest6_pkey on sbtest6  (cost=0.43..340.87 rows=89 width=121)
	        Index Cond: ((id >= 7642015) AND (id <= 7642114))

table 7 : explain SELECT c FROM sbtest7 WHERE id BETWEEN 6298696 AND 6298795 ORDER BY c
	Sort  (cost=387.13..387.38 rows=101 width=121)
	  Sort Key: c
	  ->  Index Scan using sbtest7_pkey on sbtest7  (cost=0.43..383.76 rows=101 width=121)
	        Index Cond: ((id >= 6298696) AND (id <= 6298795))

table 8 : explain SELECT c FROM sbtest8 WHERE id BETWEEN 7910452 AND 7910551 ORDER BY c
	Sort  (cost=377.19..377.44 rows=98 width=121)
	  Sort Key: c
	  ->  Index Scan using sbtest8_pkey on sbtest8  (cost=0.43..373.95 rows=98 width=121)
	        Index Cond: ((id >= 7910452) AND (id <= 7910551))

for: sum_ranges
table 1 : explain SELECT SUM(k) FROM sbtest1 WHERE id BETWEEN 3067337 AND 3067436
	Aggregate  (cost=357.37..357.38 rows=1 width=8)
	  ->  Index Scan using sbtest1_pkey on sbtest1  (cost=0.43..357.14 rows=93 width=4)
	        Index Cond: ((id >= 3067337) AND (id <= 3067436))

table 2 : explain SELECT SUM(k) FROM sbtest2 WHERE id BETWEEN 332060 AND 332159
	Aggregate  (cost=383.78..383.79 rows=1 width=8)
	  ->  Index Scan using sbtest2_pkey on sbtest2  (cost=0.43..383.52 rows=101 width=4)
	        Index Cond: ((id >= 332060) AND (id <= 332159))

table 3 : explain SELECT SUM(k) FROM sbtest3 WHERE id BETWEEN 1235775 AND 1235874
	Aggregate  (cost=364.41..364.42 rows=1 width=8)
	  ->  Index Scan using sbtest3_pkey on sbtest3  (cost=0.43..364.17 rows=95 width=4)
	        Index Cond: ((id >= 1235775) AND (id <= 1235874))

table 4 : explain SELECT SUM(k) FROM sbtest4 WHERE id BETWEEN 9201566 AND 9201665
	Aggregate  (cost=345.67..345.68 rows=1 width=8)
	  ->  Index Scan using sbtest4_pkey on sbtest4  (cost=0.43..345.44 rows=90 width=4)
	        Index Cond: ((id >= 9201566) AND (id <= 9201665))

table 5 : explain SELECT SUM(k) FROM sbtest5 WHERE id BETWEEN 163457 AND 163556
	Aggregate  (cost=382.78..382.79 rows=1 width=8)
	  ->  Index Scan using sbtest5_pkey on sbtest5  (cost=0.43..382.53 rows=100 width=4)
	        Index Cond: ((id >= 163457) AND (id <= 163556))

table 6 : explain SELECT SUM(k) FROM sbtest6 WHERE id BETWEEN 3764480 AND 3764579
	Aggregate  (cost=386.50..386.51 rows=1 width=8)
	  ->  Index Scan using sbtest6_pkey on sbtest6  (cost=0.43..386.25 rows=101 width=4)
	        Index Cond: ((id >= 3764480) AND (id <= 3764579))

table 7 : explain SELECT SUM(k) FROM sbtest7 WHERE id BETWEEN 6993459 AND 6993558
	Aggregate  (cost=380.26..380.27 rows=1 width=8)
	  ->  Index Scan using sbtest7_pkey on sbtest7  (cost=0.43..380.01 rows=100 width=4)
	        Index Cond: ((id >= 6993459) AND (id <= 6993558))

table 8 : explain SELECT SUM(k) FROM sbtest8 WHERE id BETWEEN 374304 AND 374403
	Aggregate  (cost=374.19..374.20 rows=1 width=8)
	  ->  Index Scan using sbtest8_pkey on sbtest8  (cost=0.43..373.95 rows=98 width=4)
	        Index Cond: ((id >= 374304) AND (id <= 374403))

explain: for deletes :: explain DELETE FROM sbtest%u WHERE id=%u
for: distinct_ranges
table 1 : explain SELECT DISTINCT c FROM sbtest1 WHERE id BETWEEN 4406924 AND 4407023 ORDER BY c
	Unique  (cost=398.47..398.98 rows=103 width=121)
	  ->  Sort  (cost=398.47..398.72 rows=103 width=121)
	        Sort Key: c
	        ->  Index Scan using sbtest1_pkey on sbtest1  (cost=0.43..395.02 rows=103 width=121)
	              Index Cond: ((id >= 4406924) AND (id <= 4407023))

table 2 : explain SELECT DISTINCT c FROM sbtest2 WHERE id BETWEEN 3000869 AND 3000968 ORDER BY c
	Unique  (cost=364.08..364.56 rows=95 width=121)
	  ->  Sort  (cost=364.08..364.32 rows=95 width=121)
	        Sort Key: c
	        ->  Index Scan using sbtest2_pkey on sbtest2  (cost=0.43..360.96 rows=95 width=121)
	              Index Cond: ((id >= 3000869) AND (id <= 3000968))

table 3 : explain SELECT DISTINCT c FROM sbtest3 WHERE id BETWEEN 3192864 AND 3192963 ORDER BY c
	Unique  (cost=405.58..406.11 rows=105 width=121)
	  ->  Sort  (cost=405.58..405.85 rows=105 width=121)
	        Sort Key: c
	        ->  Index Scan using sbtest3_pkey on sbtest3  (cost=0.43..402.06 rows=105 width=121)
	              Index Cond: ((id >= 3192864) AND (id <= 3192963))

table 4 : explain SELECT DISTINCT c FROM sbtest4 WHERE id BETWEEN 6689834 AND 6689933 ORDER BY c
	Unique  (cost=382.85..383.34 rows=99 width=121)
	  ->  Sort  (cost=382.85..383.10 rows=99 width=121)
	        Sort Key: c
	        ->  Index Scan using sbtest4_pkey on sbtest4  (cost=0.43..379.57 rows=99 width=121)
	              Index Cond: ((id >= 6689834) AND (id <= 6689933))

table 5 : explain SELECT DISTINCT c FROM sbtest5 WHERE id BETWEEN 8923962 AND 8924061 ORDER BY c
	Unique  (cost=401.12..401.64 rows=104 width=121)
	  ->  Sort  (cost=401.12..401.38 rows=104 width=121)
	        Sort Key: c
	        ->  Index Scan using sbtest5_pkey on sbtest5  (cost=0.43..397.63 rows=104 width=121)
	              Index Cond: ((id >= 8923962) AND (id <= 8924061))

table 6 : explain SELECT DISTINCT c FROM sbtest6 WHERE id BETWEEN 5544235 AND 5544334 ORDER BY c
	Unique  (cost=385.79..386.29 rows=100 width=121)
	  ->  Sort  (cost=385.79..386.04 rows=100 width=121)
	        Sort Key: c
	        ->  Index Scan using sbtest6_pkey on sbtest6  (cost=0.43..382.47 rows=100 width=121)
	              Index Cond: ((id >= 5544235) AND (id <= 5544334))

table 7 : explain SELECT DISTINCT c FROM sbtest7 WHERE id BETWEEN 8857916 AND 8858015 ORDER BY c
	Unique  (cost=387.13..387.63 rows=101 width=121)
	  ->  Sort  (cost=387.13..387.38 rows=101 width=121)
	        Sort Key: c
	        ->  Index Scan using sbtest7_pkey on sbtest7  (cost=0.43..383.76 rows=101 width=121)
	              Index Cond: ((id >= 8857916) AND (id <= 8858015))

table 8 : explain SELECT DISTINCT c FROM sbtest8 WHERE id BETWEEN 3058254 AND 3058353 ORDER BY c
	Unique  (cost=377.19..377.68 rows=98 width=121)
	  ->  Sort  (cost=377.19..377.44 rows=98 width=121)
	        Sort Key: c
	        ->  Index Scan using sbtest8_pkey on sbtest8  (cost=0.43..373.95 rows=98 width=121)
	              Index Cond: ((id >= 3058254) AND (id <= 3058353))

for index_updates
table 1 : explain UPDATE sbtest1 SET k=k+1 WHERE id=2174696
	Update on sbtest1  (cost=0.43..8.46 rows=0 width=0)
	  ->  Index Scan using sbtest1_pkey on sbtest1  (cost=0.43..8.46 rows=1 width=10)
	        Index Cond: (id = 2174696)

table 2 : explain UPDATE sbtest2 SET k=k+1 WHERE id=8436763
	Update on sbtest2  (cost=0.43..8.46 rows=0 width=0)
	  ->  Index Scan using sbtest2_pkey on sbtest2  (cost=0.43..8.46 rows=1 width=10)
	        Index Cond: (id = 8436763)

table 3 : explain UPDATE sbtest3 SET k=k+1 WHERE id=7053451
	Update on sbtest3  (cost=0.43..8.46 rows=0 width=0)
	  ->  Index Scan using sbtest3_pkey on sbtest3  (cost=0.43..8.46 rows=1 width=10)
	        Index Cond: (id = 7053451)

table 4 : explain UPDATE sbtest4 SET k=k+1 WHERE id=142779
	Update on sbtest4  (cost=0.43..8.46 rows=0 width=0)
	  ->  Index Scan using sbtest4_pkey on sbtest4  (cost=0.43..8.46 rows=1 width=10)
	        Index Cond: (id = 142779)

table 5 : explain UPDATE sbtest5 SET k=k+1 WHERE id=4539238
	Update on sbtest5  (cost=0.43..8.46 rows=0 width=0)
	  ->  Index Scan using sbtest5_pkey on sbtest5  (cost=0.43..8.46 rows=1 width=10)
	        Index Cond: (id = 4539238)

table 6 : explain UPDATE sbtest6 SET k=k+1 WHERE id=6929930
	Update on sbtest6  (cost=0.43..8.46 rows=0 width=0)
	  ->  Index Scan using sbtest6_pkey on sbtest6  (cost=0.43..8.46 rows=1 width=10)
	        Index Cond: (id = 6929930)

table 7 : explain UPDATE sbtest7 SET k=k+1 WHERE id=6396926
	Update on sbtest7  (cost=0.43..8.46 rows=0 width=0)
	  ->  Index Scan using sbtest7_pkey on sbtest7  (cost=0.43..8.46 rows=1 width=10)
	        Index Cond: (id = 6396926)

table 8 : explain UPDATE sbtest8 SET k=k+1 WHERE id=8666069
	Update on sbtest8  (cost=0.43..8.46 rows=0 width=0)
	  ->  Index Scan using sbtest8_pkey on sbtest8  (cost=0.43..8.46 rows=1 width=10)
	        Index Cond: (id = 8666069)

for index_updates
table 1 : explain UPDATE sbtest1 SET k=k+1 WHERE id=5099620
	Update on sbtest1  (cost=0.43..8.46 rows=0 width=0)
	  ->  Index Scan using sbtest1_pkey on sbtest1  (cost=0.43..8.46 rows=1 width=10)
	        Index Cond: (id = 5099620)

table 2 : explain UPDATE sbtest2 SET k=k+1 WHERE id=8255542
	Update on sbtest2  (cost=0.43..8.46 rows=0 width=0)
	  ->  Index Scan using sbtest2_pkey on sbtest2  (cost=0.43..8.46 rows=1 width=10)
	        Index Cond: (id = 8255542)

table 3 : explain UPDATE sbtest3 SET k=k+1 WHERE id=235067
	Update on sbtest3  (cost=0.43..8.46 rows=0 width=0)
	  ->  Index Scan using sbtest3_pkey on sbtest3  (cost=0.43..8.46 rows=1 width=10)
	        Index Cond: (id = 235067)

table 4 : explain UPDATE sbtest4 SET k=k+1 WHERE id=4087571
	Update on sbtest4  (cost=0.43..8.46 rows=0 width=0)
	  ->  Index Scan using sbtest4_pkey on sbtest4  (cost=0.43..8.46 rows=1 width=10)
	        Index Cond: (id = 4087571)

table 5 : explain UPDATE sbtest5 SET k=k+1 WHERE id=6870712
	Update on sbtest5  (cost=0.43..8.46 rows=0 width=0)
	  ->  Index Scan using sbtest5_pkey on sbtest5  (cost=0.43..8.46 rows=1 width=10)
	        Index Cond: (id = 6870712)

table 6 : explain UPDATE sbtest6 SET k=k+1 WHERE id=9201635
	Update on sbtest6  (cost=0.43..8.46 rows=0 width=0)
	  ->  Index Scan using sbtest6_pkey on sbtest6  (cost=0.43..8.46 rows=1 width=10)
	        Index Cond: (id = 9201635)

table 7 : explain UPDATE sbtest7 SET k=k+1 WHERE id=5073137
	Update on sbtest7  (cost=0.43..8.46 rows=0 width=0)
	  ->  Index Scan using sbtest7_pkey on sbtest7  (cost=0.43..8.46 rows=1 width=10)
	        Index Cond: (id = 5073137)

table 8 : explain UPDATE sbtest8 SET k=k+1 WHERE id=7639624
	Update on sbtest8  (cost=0.43..8.46 rows=0 width=0)
	  ->  Index Scan using sbtest8_pkey on sbtest8  (cost=0.43..8.46 rows=1 width=10)
	        Index Cond: (id = 7639624)

for index_updates
table 1 : explain UPDATE sbtest1 SET k=k+1 WHERE id=9413113
	Update on sbtest1  (cost=0.43..8.46 rows=0 width=0)
	  ->  Index Scan using sbtest1_pkey on sbtest1  (cost=0.43..8.46 rows=1 width=10)
	        Index Cond: (id = 9413113)

table 2 : explain UPDATE sbtest2 SET k=k+1 WHERE id=2253799
	Update on sbtest2  (cost=0.43..8.46 rows=0 width=0)
	  ->  Index Scan using sbtest2_pkey on sbtest2  (cost=0.43..8.46 rows=1 width=10)
	        Index Cond: (id = 2253799)

table 3 : explain UPDATE sbtest3 SET k=k+1 WHERE id=8374160
	Update on sbtest3  (cost=0.43..8.46 rows=0 width=0)
	  ->  Index Scan using sbtest3_pkey on sbtest3  (cost=0.43..8.46 rows=1 width=10)
	        Index Cond: (id = 8374160)

table 4 : explain UPDATE sbtest4 SET k=k+1 WHERE id=4903124
	Update on sbtest4  (cost=0.43..8.46 rows=0 width=0)
	  ->  Index Scan using sbtest4_pkey on sbtest4  (cost=0.43..8.46 rows=1 width=10)
	        Index Cond: (id = 4903124)

table 5 : explain UPDATE sbtest5 SET k=k+1 WHERE id=2582715
	Update on sbtest5  (cost=0.43..8.46 rows=0 width=0)
	  ->  Index Scan using sbtest5_pkey on sbtest5  (cost=0.43..8.46 rows=1 width=10)
	        Index Cond: (id = 2582715)

table 6 : explain UPDATE sbtest6 SET k=k+1 WHERE id=4197527
	Update on sbtest6  (cost=0.43..8.46 rows=0 width=0)
	  ->  Index Scan using sbtest6_pkey on sbtest6  (cost=0.43..8.46 rows=1 width=10)
	        Index Cond: (id = 4197527)

table 7 : explain UPDATE sbtest7 SET k=k+1 WHERE id=1056168
	Update on sbtest7  (cost=0.43..8.46 rows=0 width=0)
	  ->  Index Scan using sbtest7_pkey on sbtest7  (cost=0.43..8.46 rows=1 width=10)
	        Index Cond: (id = 1056168)

table 8 : explain UPDATE sbtest8 SET k=k+1 WHERE id=8600398
	Update on sbtest8  (cost=0.43..8.46 rows=0 width=0)
	  ->  Index Scan using sbtest8_pkey on sbtest8  (cost=0.43..8.46 rows=1 width=10)
	        Index Cond: (id = 8600398)

for non_index_updates
table 1 : explain UPDATE sbtest1 SET c='foobar' WHERE id=3201503
	Update on sbtest1  (cost=0.43..8.45 rows=0 width=0)
	  ->  Index Scan using sbtest1_pkey on sbtest1  (cost=0.43..8.45 rows=1 width=490)
	        Index Cond: (id = 3201503)

table 2 : explain UPDATE sbtest2 SET c='foobar' WHERE id=4186093
	Update on sbtest2  (cost=0.43..8.45 rows=0 width=0)
	  ->  Index Scan using sbtest2_pkey on sbtest2  (cost=0.43..8.45 rows=1 width=490)
	        Index Cond: (id = 4186093)

table 3 : explain UPDATE sbtest3 SET c='foobar' WHERE id=4695004
	Update on sbtest3  (cost=0.43..8.45 rows=0 width=0)
	  ->  Index Scan using sbtest3_pkey on sbtest3  (cost=0.43..8.45 rows=1 width=490)
	        Index Cond: (id = 4695004)

table 4 : explain UPDATE sbtest4 SET c='foobar' WHERE id=8718289
	Update on sbtest4  (cost=0.43..8.45 rows=0 width=0)
	  ->  Index Scan using sbtest4_pkey on sbtest4  (cost=0.43..8.45 rows=1 width=490)
	        Index Cond: (id = 8718289)

table 5 : explain UPDATE sbtest5 SET c='foobar' WHERE id=8736874
	Update on sbtest5  (cost=0.43..8.45 rows=0 width=0)
	  ->  Index Scan using sbtest5_pkey on sbtest5  (cost=0.43..8.45 rows=1 width=490)
	        Index Cond: (id = 8736874)

table 6 : explain UPDATE sbtest6 SET c='foobar' WHERE id=5671653
	Update on sbtest6  (cost=0.43..8.45 rows=0 width=0)
	  ->  Index Scan using sbtest6_pkey on sbtest6  (cost=0.43..8.45 rows=1 width=490)
	        Index Cond: (id = 5671653)

table 7 : explain UPDATE sbtest7 SET c='foobar' WHERE id=8518694
	Update on sbtest7  (cost=0.43..8.45 rows=0 width=0)
	  ->  Index Scan using sbtest7_pkey on sbtest7  (cost=0.43..8.45 rows=1 width=490)
	        Index Cond: (id = 8518694)

table 8 : explain UPDATE sbtest8 SET c='foobar' WHERE id=1217778
	Update on sbtest8  (cost=0.43..8.45 rows=0 width=0)
	  ->  Index Scan using sbtest8_pkey on sbtest8  (cost=0.43..8.45 rows=1 width=490)
	        Index Cond: (id = 1217778)

explain: for index_updates :: explain UPDATE sbtest%u SET k=k+1 WHERE id=%u
for: distinct_ranges
table 1 : explain SELECT DISTINCT c FROM sbtest1 WHERE id BETWEEN 6062153 AND 6062252 ORDER BY c
	Unique  (cost=383.15..383.65 rows=99 width=121)
	  ->  Sort  (cost=383.15..383.40 rows=99 width=121)
	        Sort Key: c
	        ->  Index Scan using sbtest1_pkey on sbtest1  (cost=0.43..379.87 rows=99 width=121)
	              Index Cond: ((id >= 6062153) AND (id <= 6062252))

table 2 : explain SELECT DISTINCT c FROM sbtest2 WHERE id BETWEEN 2096812 AND 2096911 ORDER BY c
	Unique  (cost=424.78..425.34 rows=111 width=121)
	  ->  Sort  (cost=424.78..425.06 rows=111 width=121)
	        Sort Key: c
	        ->  Index Scan using sbtest2_pkey on sbtest2  (cost=0.43..421.01 rows=111 width=121)
	              Index Cond: ((id >= 2096812) AND (id <= 2096911))

table 3 : explain SELECT DISTINCT c FROM sbtest3 WHERE id BETWEEN 8462955 AND 8463054 ORDER BY c
	Unique  (cost=390.29..390.79 rows=101 width=121)
	  ->  Sort  (cost=390.29..390.54 rows=101 width=121)
	        Sort Key: c
	        ->  Index Scan using sbtest3_pkey on sbtest3  (cost=0.43..386.93 rows=101 width=121)
	              Index Cond: ((id >= 8462955) AND (id <= 8463054))

table 4 : explain SELECT DISTINCT c FROM sbtest4 WHERE id BETWEEN 7590379 AND 7590478 ORDER BY c
	Unique  (cost=359.84..360.30 rows=93 width=121)
	  ->  Sort  (cost=359.84..360.07 rows=93 width=121)
	        Sort Key: c
	        ->  Index Scan using sbtest4_pkey on sbtest4  (cost=0.43..356.80 rows=93 width=121)
	              Index Cond: ((id >= 7590379) AND (id <= 7590478))

table 5 : explain SELECT DISTINCT c FROM sbtest5 WHERE id BETWEEN 2895532 AND 2895631 ORDER BY c
	Unique  (cost=374.40..374.88 rows=97 width=121)
	  ->  Sort  (cost=374.40..374.64 rows=97 width=121)
	        Sort Key: c
	        ->  Index Scan using sbtest5_pkey on sbtest5  (cost=0.43..371.20 rows=97 width=121)
	              Index Cond: ((id >= 2895532) AND (id <= 2895631))

table 6 : explain SELECT DISTINCT c FROM sbtest6 WHERE id BETWEEN 5632200 AND 5632299 ORDER BY c
	Unique  (cost=401.06..401.58 rows=104 width=121)
	  ->  Sort  (cost=401.06..401.32 rows=104 width=121)
	        Sort Key: c
	        ->  Index Scan using sbtest6_pkey on sbtest6  (cost=0.43..397.57 rows=104 width=121)
	              Index Cond: ((id >= 5632200) AND (id <= 5632299))

table 7 : explain SELECT DISTINCT c FROM sbtest7 WHERE id BETWEEN 732271 AND 732370 ORDER BY c
	Unique  (cost=371.96..372.45 rows=97 width=121)
	  ->  Sort  (cost=371.96..372.20 rows=97 width=121)
	        Sort Key: c
	        ->  Index Scan using sbtest7_pkey on sbtest7  (cost=0.43..368.76 rows=97 width=121)
	              Index Cond: ((id >= 732271) AND (id <= 732370))

table 8 : explain SELECT DISTINCT c FROM sbtest8 WHERE id BETWEEN 4525485 AND 4525584 ORDER BY c
	Unique  (cost=365.71..366.18 rows=95 width=121)
	  ->  Sort  (cost=365.71..365.95 rows=95 width=121)
	        Sort Key: c
	        ->  Index Scan using sbtest8_pkey on sbtest8  (cost=0.43..362.59 rows=95 width=121)
	              Index Cond: ((id >= 4525485) AND (id <= 4525584))

for deletes
table 1 : explain DELETE FROM sbtest1 WHERE id=4137131
	Delete on sbtest1  (cost=0.43..8.45 rows=0 width=0)
	  ->  Index Scan using sbtest1_pkey on sbtest1  (cost=0.43..8.45 rows=1 width=6)
	        Index Cond: (id = 4137131)

table 2 : explain DELETE FROM sbtest2 WHERE id=4749700
	Delete on sbtest2  (cost=0.43..8.45 rows=0 width=0)
	  ->  Index Scan using sbtest2_pkey on sbtest2  (cost=0.43..8.45 rows=1 width=6)
	        Index Cond: (id = 4749700)

table 3 : explain DELETE FROM sbtest3 WHERE id=5152845
	Delete on sbtest3  (cost=0.43..8.45 rows=0 width=0)
	  ->  Index Scan using sbtest3_pkey on sbtest3  (cost=0.43..8.45 rows=1 width=6)
	        Index Cond: (id = 5152845)

table 4 : explain DELETE FROM sbtest4 WHERE id=79033
	Delete on sbtest4  (cost=0.43..8.45 rows=0 width=0)
	  ->  Index Scan using sbtest4_pkey on sbtest4  (cost=0.43..8.45 rows=1 width=6)
	        Index Cond: (id = 79033)

table 5 : explain DELETE FROM sbtest5 WHERE id=8365542
	Delete on sbtest5  (cost=0.43..8.45 rows=0 width=0)
	  ->  Index Scan using sbtest5_pkey on sbtest5  (cost=0.43..8.45 rows=1 width=6)
	        Index Cond: (id = 8365542)

table 6 : explain DELETE FROM sbtest6 WHERE id=4510301
	Delete on sbtest6  (cost=0.43..8.45 rows=0 width=0)
	  ->  Index Scan using sbtest6_pkey on sbtest6  (cost=0.43..8.45 rows=1 width=6)
	        Index Cond: (id = 4510301)

table 7 : explain DELETE FROM sbtest7 WHERE id=9031742
	Delete on sbtest7  (cost=0.43..8.45 rows=0 width=0)
	  ->  Index Scan using sbtest7_pkey on sbtest7  (cost=0.43..8.45 rows=1 width=6)
	        Index Cond: (id = 9031742)

table 8 : explain DELETE FROM sbtest8 WHERE id=1032010
	Delete on sbtest8  (cost=0.43..8.45 rows=0 width=0)
	  ->  Index Scan using sbtest8_pkey on sbtest8  (cost=0.43..8.45 rows=1 width=6)
	        Index Cond: (id = 1032010)

explain: for non_index_updates :: explain UPDATE sbtest%u SET c='foobar' WHERE id=%u
for: order_ranges
table 1 : explain SELECT c FROM sbtest1 WHERE id BETWEEN 8042804 AND 8042903 ORDER BY c
	Sort  (cost=417.61..417.88 rows=108 width=121)
	  Sort Key: c
	  ->  Index Scan using sbtest1_pkey on sbtest1  (cost=0.43..413.96 rows=108 width=121)
	        Index Cond: ((id >= 8042804) AND (id <= 8042903))

table 2 : explain SELECT c FROM sbtest2 WHERE id BETWEEN 8843741 AND 8843840 ORDER BY c
	Sort  (cost=383.10..383.35 rows=100 width=121)
	  Sort Key: c
	  ->  Index Scan using sbtest2_pkey on sbtest2  (cost=0.43..379.77 rows=100 width=121)
	        Index Cond: ((id >= 8843741) AND (id <= 8843840))

table 3 : explain SELECT c FROM sbtest3 WHERE id BETWEEN 6686859 AND 6686958 ORDER BY c
	Sort  (cost=420.88..421.15 rows=109 width=121)
	  Sort Key: c
	  ->  Index Scan using sbtest3_pkey on sbtest3  (cost=0.43..417.19 rows=109 width=121)
	        Index Cond: ((id >= 6686859) AND (id <= 6686958))

table 4 : explain SELECT c FROM sbtest4 WHERE id BETWEEN 6159657 AND 6159756 ORDER BY c
	Sort  (cost=379.02..379.27 rows=98 width=121)
	  Sort Key: c
	  ->  Index Scan using sbtest4_pkey on sbtest4  (cost=0.43..375.78 rows=98 width=121)
	        Index Cond: ((id >= 6159657) AND (id <= 6159756))

table 5 : explain SELECT c FROM sbtest5 WHERE id BETWEEN 2496703 AND 2496802 ORDER BY c
	Sort  (cost=416.39..416.66 rows=108 width=121)
	  Sort Key: c
	  ->  Index Scan using sbtest5_pkey on sbtest5  (cost=0.43..412.74 rows=108 width=121)
	        Index Cond: ((id >= 2496703) AND (id <= 2496802))

table 6 : explain SELECT c FROM sbtest6 WHERE id BETWEEN 2781819 AND 2781918 ORDER BY c
	Sort  (cost=374.28..374.52 rows=97 width=121)
	  Sort Key: c
	  ->  Index Scan using sbtest6_pkey on sbtest6  (cost=0.43..371.08 rows=97 width=121)
	        Index Cond: ((id >= 2781819) AND (id <= 2781918))

table 7 : explain SELECT c FROM sbtest7 WHERE id BETWEEN 9807515 AND 9807614 ORDER BY c
	Sort  (cost=425.05..425.32 rows=111 width=121)
	  Sort Key: c
	  ->  Index Scan using sbtest7_pkey on sbtest7  (cost=0.43..421.28 rows=111 width=121)
	        Index Cond: ((id >= 9807515) AND (id <= 9807614))

table 8 : explain SELECT c FROM sbtest8 WHERE id BETWEEN 292443 AND 292542 ORDER BY c
	Sort  (cost=377.19..377.44 rows=98 width=121)
	  Sort Key: c
	  ->  Index Scan using sbtest8_pkey on sbtest8  (cost=0.43..373.95 rows=98 width=121)
	        Index Cond: ((id >= 292443) AND (id <= 292542))

explain: for point_selects :: explain SELECT c FROM sbtest%u WHERE id=%u
explain: for deletes :: explain DELETE FROM sbtest%u WHERE id=%u
explain: for index_updates :: explain UPDATE sbtest%u SET k=k+1 WHERE id=%u
explain: for non_index_updates :: explain UPDATE sbtest%u SET c='foobar' WHERE id=%u
explain: for non_index_updates :: explain UPDATE sbtest%u SET c='foobar' WHERE id=%u
explain: for inserts :: explain INSERT INTO sbtest%u (id, k, c, pad) VALUES (%u, 13, 'foobar', 'foobar')
for: order_ranges
table 1 : explain SELECT c FROM sbtest1 WHERE id BETWEEN 8655441 AND 8655540 ORDER BY c
	Sort  (cost=429.10..429.38 rows=111 width=121)
	  Sort Key: c
	  ->  Index Scan using sbtest1_pkey on sbtest1  (cost=0.43..425.33 rows=111 width=121)
	        Index Cond: ((id >= 8655441) AND (id <= 8655540))

table 2 : explain SELECT c FROM sbtest2 WHERE id BETWEEN 8335329 AND 8335428 ORDER BY c
	Sort  (cost=383.10..383.35 rows=100 width=121)
	  Sort Key: c
	  ->  Index Scan using sbtest2_pkey on sbtest2  (cost=0.43..379.77 rows=100 width=121)
	        Index Cond: ((id >= 8335329) AND (id <= 8335428))

table 3 : explain SELECT c FROM sbtest3 WHERE id BETWEEN 9047182 AND 9047281 ORDER BY c
	Sort  (cost=382.58..382.83 rows=99 width=121)
	  Sort Key: c
	  ->  Index Scan using sbtest3_pkey on sbtest3  (cost=0.43..379.30 rows=99 width=121)
	        Index Cond: ((id >= 9047182) AND (id <= 9047281))

table 4 : explain SELECT c FROM sbtest4 WHERE id BETWEEN 1849593 AND 1849692 ORDER BY c
	Sort  (cost=363.66..363.90 rows=94 width=121)
	  Sort Key: c
	  ->  Index Scan using sbtest4_pkey on sbtest4  (cost=0.43..360.58 rows=94 width=121)
	        Index Cond: ((id >= 1849593) AND (id <= 1849692))

table 5 : explain SELECT c FROM sbtest5 WHERE id BETWEEN 6242425 AND 6242524 ORDER BY c
	Sort  (cost=351.44..351.67 rows=91 width=121)
	  Sort Key: c
	  ->  Index Scan using sbtest5_pkey on sbtest5  (cost=0.43..348.48 rows=91 width=121)
	        Index Cond: ((id >= 6242425) AND (id <= 6242524))

table 6 : explain SELECT c FROM sbtest6 WHERE id BETWEEN 8947719 AND 8947818 ORDER BY c
	Sort  (cost=397.24..397.50 rows=103 width=121)
	  Sort Key: c
	  ->  Index Scan using sbtest6_pkey on sbtest6  (cost=0.43..393.80 rows=103 width=121)
	        Index Cond: ((id >= 8947719) AND (id <= 8947818))

table 7 : explain SELECT c FROM sbtest7 WHERE id BETWEEN 9286193 AND 9286292 ORDER BY c
	Sort  (cost=375.75..376.00 rows=98 width=121)
	  Sort Key: c
	  ->  Index Scan using sbtest7_pkey on sbtest7  (cost=0.43..372.51 rows=98 width=121)
	        Index Cond: ((id >= 9286193) AND (id <= 9286292))

table 8 : explain SELECT c FROM sbtest8 WHERE id BETWEEN 7679979 AND 7680078 ORDER BY c
	Sort  (cost=377.19..377.44 rows=98 width=121)
	  Sort Key: c
	  ->  Index Scan using sbtest8_pkey on sbtest8  (cost=0.43..373.95 rows=98 width=121)
	        Index Cond: ((id >= 7679979) AND (id <= 7680078))

explain: for point_selects :: explain SELECT c FROM sbtest%u WHERE id=%u
for non_index_updates
table 1 : explain UPDATE sbtest1 SET c='foobar' WHERE id=3232652
	Update on sbtest1  (cost=0.43..8.45 rows=0 width=0)
	  ->  Index Scan using sbtest1_pkey on sbtest1  (cost=0.43..8.45 rows=1 width=490)
	        Index Cond: (id = 3232652)

table 2 : explain UPDATE sbtest2 SET c='foobar' WHERE id=8050858
	Update on sbtest2  (cost=0.43..8.45 rows=0 width=0)
	  ->  Index Scan using sbtest2_pkey on sbtest2  (cost=0.43..8.45 rows=1 width=490)
	        Index Cond: (id = 8050858)

table 3 : explain UPDATE sbtest3 SET c='foobar' WHERE id=6504181
	Update on sbtest3  (cost=0.43..8.45 rows=0 width=0)
	  ->  Index Scan using sbtest3_pkey on sbtest3  (cost=0.43..8.45 rows=1 width=490)
	        Index Cond: (id = 6504181)

table 4 : explain UPDATE sbtest4 SET c='foobar' WHERE id=3561401
	Update on sbtest4  (cost=0.43..8.45 rows=0 width=0)
	  ->  Index Scan using sbtest4_pkey on sbtest4  (cost=0.43..8.45 rows=1 width=490)
	        Index Cond: (id = 3561401)

table 5 : explain UPDATE sbtest5 SET c='foobar' WHERE id=1415656
	Update on sbtest5  (cost=0.43..8.45 rows=0 width=0)
	  ->  Index Scan using sbtest5_pkey on sbtest5  (cost=0.43..8.45 rows=1 width=490)
	        Index Cond: (id = 1415656)

table 6 : explain UPDATE sbtest6 SET c='foobar' WHERE id=8979460
	Update on sbtest6  (cost=0.43..8.45 rows=0 width=0)
	  ->  Index Scan using sbtest6_pkey on sbtest6  (cost=0.43..8.45 rows=1 width=490)
	        Index Cond: (id = 8979460)

table 7 : explain UPDATE sbtest7 SET c='foobar' WHERE id=2477104
	Update on sbtest7  (cost=0.43..8.45 rows=0 width=0)
	  ->  Index Scan using sbtest7_pkey on sbtest7  (cost=0.43..8.45 rows=1 width=490)
	        Index Cond: (id = 2477104)

table 8 : explain UPDATE sbtest8 SET c='foobar' WHERE id=7028259
	Update on sbtest8  (cost=0.43..8.45 rows=0 width=0)
	  ->  Index Scan using sbtest8_pkey on sbtest8  (cost=0.43..8.45 rows=1 width=490)
	        Index Cond: (id = 7028259)

for index_updates
table 1 : explain UPDATE sbtest1 SET k=k+1 WHERE id=4330049
	Update on sbtest1  (cost=0.43..8.46 rows=0 width=0)
	  ->  Index Scan using sbtest1_pkey on sbtest1  (cost=0.43..8.46 rows=1 width=10)
	        Index Cond: (id = 4330049)

table 2 : explain UPDATE sbtest2 SET k=k+1 WHERE id=457795
	Update on sbtest2  (cost=0.43..8.46 rows=0 width=0)
	  ->  Index Scan using sbtest2_pkey on sbtest2  (cost=0.43..8.46 rows=1 width=10)
	        Index Cond: (id = 457795)

table 3 : explain UPDATE sbtest3 SET k=k+1 WHERE id=2119634
	Update on sbtest3  (cost=0.43..8.46 rows=0 width=0)
	  ->  Index Scan using sbtest3_pkey on sbtest3  (cost=0.43..8.46 rows=1 width=10)
	        Index Cond: (id = 2119634)

table 4 : explain UPDATE sbtest4 SET k=k+1 WHERE id=1713305
	Update on sbtest4  (cost=0.43..8.46 rows=0 width=0)
	  ->  Index Scan using sbtest4_pkey on sbtest4  (cost=0.43..8.46 rows=1 width=10)
	        Index Cond: (id = 1713305)

table 5 : explain UPDATE sbtest5 SET k=k+1 WHERE id=661766
	Update on sbtest5  (cost=0.43..8.46 rows=0 width=0)
	  ->  Index Scan using sbtest5_pkey on sbtest5  (cost=0.43..8.46 rows=1 width=10)
	        Index Cond: (id = 661766)

table 6 : explain UPDATE sbtest6 SET k=k+1 WHERE id=4454221
	Update on sbtest6  (cost=0.43..8.46 rows=0 width=0)
	  ->  Index Scan using sbtest6_pkey on sbtest6  (cost=0.43..8.46 rows=1 width=10)
	        Index Cond: (id = 4454221)

table 7 : explain UPDATE sbtest7 SET k=k+1 WHERE id=3750986
	Update on sbtest7  (cost=0.43..8.46 rows=0 width=0)
	  ->  Index Scan using sbtest7_pkey on sbtest7  (cost=0.43..8.46 rows=1 width=10)
	        Index Cond: (id = 3750986)

table 8 : explain UPDATE sbtest8 SET k=k+1 WHERE id=9529080
	Update on sbtest8  (cost=0.43..8.46 rows=0 width=0)
	  ->  Index Scan using sbtest8_pkey on sbtest8  (cost=0.43..8.46 rows=1 width=10)
	        Index Cond: (id = 9529080)

for deletes
table 1 : explain DELETE FROM sbtest1 WHERE id=7622493
	Delete on sbtest1  (cost=0.43..8.45 rows=0 width=0)
	  ->  Index Scan using sbtest1_pkey on sbtest1  (cost=0.43..8.45 rows=1 width=6)
	        Index Cond: (id = 7622493)

table 2 : explain DELETE FROM sbtest2 WHERE id=9156841
	Delete on sbtest2  (cost=0.43..8.45 rows=0 width=0)
	  ->  Index Scan using sbtest2_pkey on sbtest2  (cost=0.43..8.45 rows=1 width=6)
	        Index Cond: (id = 9156841)

table 3 : explain DELETE FROM sbtest3 WHERE id=8328990
	Delete on sbtest3  (cost=0.43..8.45 rows=0 width=0)
	  ->  Index Scan using sbtest3_pkey on sbtest3  (cost=0.43..8.45 rows=1 width=6)
	        Index Cond: (id = 8328990)

table 4 : explain DELETE FROM sbtest4 WHERE id=3106006
	Delete on sbtest4  (cost=0.43..8.45 rows=0 width=0)
	  ->  Index Scan using sbtest4_pkey on sbtest4  (cost=0.43..8.45 rows=1 width=6)
	        Index Cond: (id = 3106006)

table 5 : explain DELETE FROM sbtest5 WHERE id=1239665
	Delete on sbtest5  (cost=0.43..8.45 rows=0 width=0)
	  ->  Index Scan using sbtest5_pkey on sbtest5  (cost=0.43..8.45 rows=1 width=6)
	        Index Cond: (id = 1239665)

table 6 : explain DELETE FROM sbtest6 WHERE id=1285184
	Delete on sbtest6  (cost=0.43..8.45 rows=0 width=0)
	  ->  Index Scan using sbtest6_pkey on sbtest6  (cost=0.43..8.45 rows=1 width=6)
	        Index Cond: (id = 1285184)

table 7 : explain DELETE FROM sbtest7 WHERE id=3420625
	Delete on sbtest7  (cost=0.43..8.45 rows=0 width=0)
	  ->  Index Scan using sbtest7_pkey on sbtest7  (cost=0.43..8.45 rows=1 width=6)
	        Index Cond: (id = 3420625)

table 8 : explain DELETE FROM sbtest8 WHERE id=4799273
	Delete on sbtest8  (cost=0.43..8.45 rows=0 width=0)
	  ->  Index Scan using sbtest8_pkey on sbtest8  (cost=0.43..8.45 rows=1 width=6)
	        Index Cond: (id = 4799273)

explain: for deletes :: explain DELETE FROM sbtest%u WHERE id=%u
for inserts
table 1 : explain INSERT INTO sbtest1 (id, k, c, pad) VALUES (7393839, 13, 'foobar', 'foobar')
	Insert on sbtest1  (cost=0.00..0.01 rows=0 width=0)
	  ->  Result  (cost=0.00..0.01 rows=1 width=736)

table 2 : explain INSERT INTO sbtest2 (id, k, c, pad) VALUES (6021516, 13, 'foobar', 'foobar')
	Insert on sbtest2  (cost=0.00..0.01 rows=0 width=0)
	  ->  Result  (cost=0.00..0.01 rows=1 width=736)

table 3 : explain INSERT INTO sbtest3 (id, k, c, pad) VALUES (2458433, 13, 'foobar', 'foobar')
	Insert on sbtest3  (cost=0.00..0.01 rows=0 width=0)
	  ->  Result  (cost=0.00..0.01 rows=1 width=736)

table 4 : explain INSERT INTO sbtest4 (id, k, c, pad) VALUES (4457210, 13, 'foobar', 'foobar')
	Insert on sbtest4  (cost=0.00..0.01 rows=0 width=0)
	  ->  Result  (cost=0.00..0.01 rows=1 width=736)

table 5 : explain INSERT INTO sbtest5 (id, k, c, pad) VALUES (7378902, 13, 'foobar', 'foobar')
	Insert on sbtest5  (cost=0.00..0.01 rows=0 width=0)
	  ->  Result  (cost=0.00..0.01 rows=1 width=736)

table 6 : explain INSERT INTO sbtest6 (id, k, c, pad) VALUES (9418902, 13, 'foobar', 'foobar')
	Insert on sbtest6  (cost=0.00..0.01 rows=0 width=0)
	  ->  Result  (cost=0.00..0.01 rows=1 width=736)

table 7 : explain INSERT INTO sbtest7 (id, k, c, pad) VALUES (4432952, 13, 'foobar', 'foobar')
	Insert on sbtest7  (cost=0.00..0.01 rows=0 width=0)
	  ->  Result  (cost=0.00..0.01 rows=1 width=736)

table 8 : explain INSERT INTO sbtest8 (id, k, c, pad) VALUES (9705025, 13, 'foobar', 'foobar')
	Insert on sbtest8  (cost=0.00..0.01 rows=0 width=0)
	  ->  Result  (cost=0.00..0.01 rows=1 width=736)

for non_index_updates
table 1 : explain UPDATE sbtest1 SET c='foobar' WHERE id=9450783
	Update on sbtest1  (cost=0.43..8.45 rows=0 width=0)
	  ->  Index Scan using sbtest1_pkey on sbtest1  (cost=0.43..8.45 rows=1 width=490)
	        Index Cond: (id = 9450783)

table 2 : explain UPDATE sbtest2 SET c='foobar' WHERE id=9119491
	Update on sbtest2  (cost=0.43..8.45 rows=0 width=0)
	  ->  Index Scan using sbtest2_pkey on sbtest2  (cost=0.43..8.45 rows=1 width=490)
	        Index Cond: (id = 9119491)

table 3 : explain UPDATE sbtest3 SET c='foobar' WHERE id=7611944
	Update on sbtest3  (cost=0.43..8.45 rows=0 width=0)
	  ->  Index Scan using sbtest3_pkey on sbtest3  (cost=0.43..8.45 rows=1 width=490)
	        Index Cond: (id = 7611944)

table 4 : explain UPDATE sbtest4 SET c='foobar' WHERE id=1500292
	Update on sbtest4  (cost=0.43..8.45 rows=0 width=0)
	  ->  Index Scan using sbtest4_pkey on sbtest4  (cost=0.43..8.45 rows=1 width=490)
	        Index Cond: (id = 1500292)

table 5 : explain UPDATE sbtest5 SET c='foobar' WHERE id=1424414
	Update on sbtest5  (cost=0.43..8.45 rows=0 width=0)
	  ->  Index Scan using sbtest5_pkey on sbtest5  (cost=0.43..8.45 rows=1 width=490)
	        Index Cond: (id = 1424414)

table 6 : explain UPDATE sbtest6 SET c='foobar' WHERE id=8514184
	Update on sbtest6  (cost=0.43..8.45 rows=0 width=0)
	  ->  Index Scan using sbtest6_pkey on sbtest6  (cost=0.43..8.45 rows=1 width=490)
	        Index Cond: (id = 8514184)

table 7 : explain UPDATE sbtest7 SET c='foobar' WHERE id=821350
	Update on sbtest7  (cost=0.43..8.45 rows=0 width=0)
	  ->  Index Scan using sbtest7_pkey on sbtest7  (cost=0.43..8.45 rows=1 width=490)
	        Index Cond: (id = 821350)

table 8 : explain UPDATE sbtest8 SET c='foobar' WHERE id=9701678
	Update on sbtest8  (cost=0.43..8.45 rows=0 width=0)
	  ->  Index Scan using sbtest8_pkey on sbtest8  (cost=0.43..8.45 rows=1 width=490)
	        Index Cond: (id = 9701678)

for index_updates
table 1 : explain UPDATE sbtest1 SET k=k+1 WHERE id=3069475
	Update on sbtest1  (cost=0.43..8.46 rows=0 width=0)
	  ->  Index Scan using sbtest1_pkey on sbtest1  (cost=0.43..8.46 rows=1 width=10)
	        Index Cond: (id = 3069475)

table 2 : explain UPDATE sbtest2 SET k=k+1 WHERE id=3190062
	Update on sbtest2  (cost=0.43..8.46 rows=0 width=0)
	  ->  Index Scan using sbtest2_pkey on sbtest2  (cost=0.43..8.46 rows=1 width=10)
	        Index Cond: (id = 3190062)

table 3 : explain UPDATE sbtest3 SET k=k+1 WHERE id=9399746
	Update on sbtest3  (cost=0.43..8.46 rows=0 width=0)
	  ->  Index Scan using sbtest3_pkey on sbtest3  (cost=0.43..8.46 rows=1 width=10)
	        Index Cond: (id = 9399746)

table 4 : explain UPDATE sbtest4 SET k=k+1 WHERE id=5177054
	Update on sbtest4  (cost=0.43..8.46 rows=0 width=0)
	  ->  Index Scan using sbtest4_pkey on sbtest4  (cost=0.43..8.46 rows=1 width=10)
	        Index Cond: (id = 5177054)

table 5 : explain UPDATE sbtest5 SET k=k+1 WHERE id=7781658
	Update on sbtest5  (cost=0.43..8.46 rows=0 width=0)
	  ->  Index Scan using sbtest5_pkey on sbtest5  (cost=0.43..8.46 rows=1 width=10)
	        Index Cond: (id = 7781658)

table 6 : explain UPDATE sbtest6 SET k=k+1 WHERE id=6792506
	Update on sbtest6  (cost=0.43..8.46 rows=0 width=0)
	  ->  Index Scan using sbtest6_pkey on sbtest6  (cost=0.43..8.46 rows=1 width=10)
	        Index Cond: (id = 6792506)

table 7 : explain UPDATE sbtest7 SET k=k+1 WHERE id=9029754
	Update on sbtest7  (cost=0.43..8.46 rows=0 width=0)
	  ->  Index Scan using sbtest7_pkey on sbtest7  (cost=0.43..8.46 rows=1 width=10)
	        Index Cond: (id = 9029754)

table 8 : explain UPDATE sbtest8 SET k=k+1 WHERE id=5418933
	Update on sbtest8  (cost=0.43..8.46 rows=0 width=0)
	  ->  Index Scan using sbtest8_pkey on sbtest8  (cost=0.43..8.46 rows=1 width=10)
	        Index Cond: (id = 5418933)

explain: for non_index_updates :: explain UPDATE sbtest%u SET c='foobar' WHERE id=%u
for non_index_updates
table 1 : explain UPDATE sbtest1 SET c='foobar' WHERE id=3383318
	Update on sbtest1  (cost=0.43..8.45 rows=0 width=0)
	  ->  Index Scan using sbtest1_pkey on sbtest1  (cost=0.43..8.45 rows=1 width=490)
	        Index Cond: (id = 3383318)

table 2 : explain UPDATE sbtest2 SET c='foobar' WHERE id=5032058
	Update on sbtest2  (cost=0.43..8.45 rows=0 width=0)
	  ->  Index Scan using sbtest2_pkey on sbtest2  (cost=0.43..8.45 rows=1 width=490)
	        Index Cond: (id = 5032058)

table 3 : explain UPDATE sbtest3 SET c='foobar' WHERE id=4238774
	Update on sbtest3  (cost=0.43..8.45 rows=0 width=0)
	  ->  Index Scan using sbtest3_pkey on sbtest3  (cost=0.43..8.45 rows=1 width=490)
	        Index Cond: (id = 4238774)

table 4 : explain UPDATE sbtest4 SET c='foobar' WHERE id=8737004
	Update on sbtest4  (cost=0.43..8.45 rows=0 width=0)
	  ->  Index Scan using sbtest4_pkey on sbtest4  (cost=0.43..8.45 rows=1 width=490)
	        Index Cond: (id = 8737004)

table 5 : explain UPDATE sbtest5 SET c='foobar' WHERE id=4295081
	Update on sbtest5  (cost=0.43..8.45 rows=0 width=0)
	  ->  Index Scan using sbtest5_pkey on sbtest5  (cost=0.43..8.45 rows=1 width=490)
	        Index Cond: (id = 4295081)

table 6 : explain UPDATE sbtest6 SET c='foobar' WHERE id=7530221
	Update on sbtest6  (cost=0.43..8.45 rows=0 width=0)
	  ->  Index Scan using sbtest6_pkey on sbtest6  (cost=0.43..8.45 rows=1 width=490)
	        Index Cond: (id = 7530221)

table 7 : explain UPDATE sbtest7 SET c='foobar' WHERE id=2464616
	Update on sbtest7  (cost=0.43..8.45 rows=0 width=0)
	  ->  Index Scan using sbtest7_pkey on sbtest7  (cost=0.43..8.45 rows=1 width=490)
	        Index Cond: (id = 2464616)

table 8 : explain UPDATE sbtest8 SET c='foobar' WHERE id=1282010
	Update on sbtest8  (cost=0.43..8.45 rows=0 width=0)
	  ->  Index Scan using sbtest8_pkey on sbtest8  (cost=0.43..8.45 rows=1 width=490)
	        Index Cond: (id = 1282010)

explain: for deletes :: explain DELETE FROM sbtest%u WHERE id=%u
for deletes
table 1 : explain DELETE FROM sbtest1 WHERE id=4834249
	Delete on sbtest1  (cost=0.43..8.45 rows=0 width=0)
	  ->  Index Scan using sbtest1_pkey on sbtest1  (cost=0.43..8.45 rows=1 width=6)
	        Index Cond: (id = 4834249)

table 2 : explain DELETE FROM sbtest2 WHERE id=6480063
	Delete on sbtest2  (cost=0.43..8.45 rows=0 width=0)
	  ->  Index Scan using sbtest2_pkey on sbtest2  (cost=0.43..8.45 rows=1 width=6)
	        Index Cond: (id = 6480063)

table 3 : explain DELETE FROM sbtest3 WHERE id=7738995
	Delete on sbtest3  (cost=0.43..8.45 rows=0 width=0)
	  ->  Index Scan using sbtest3_pkey on sbtest3  (cost=0.43..8.45 rows=1 width=6)
	        Index Cond: (id = 7738995)

table 4 : explain DELETE FROM sbtest4 WHERE id=5207320
	Delete on sbtest4  (cost=0.43..8.45 rows=0 width=0)
	  ->  Index Scan using sbtest4_pkey on sbtest4  (cost=0.43..8.45 rows=1 width=6)
	        Index Cond: (id = 5207320)

table 5 : explain DELETE FROM sbtest5 WHERE id=537480
	Delete on sbtest5  (cost=0.43..8.45 rows=0 width=0)
	  ->  Index Scan using sbtest5_pkey on sbtest5  (cost=0.43..8.45 rows=1 width=6)
	        Index Cond: (id = 537480)

table 6 : explain DELETE FROM sbtest6 WHERE id=271612
	Delete on sbtest6  (cost=0.43..8.45 rows=0 width=0)
	  ->  Index Scan using sbtest6_pkey on sbtest6  (cost=0.43..8.45 rows=1 width=6)
	        Index Cond: (id = 271612)

table 7 : explain DELETE FROM sbtest7 WHERE id=6833935
	Delete on sbtest7  (cost=0.43..8.45 rows=0 width=0)
	  ->  Index Scan using sbtest7_pkey on sbtest7  (cost=0.43..8.45 rows=1 width=6)
	        Index Cond: (id = 6833935)

table 8 : explain DELETE FROM sbtest8 WHERE id=3872603
	Delete on sbtest8  (cost=0.43..8.45 rows=0 width=0)
	  ->  Index Scan using sbtest8_pkey on sbtest8  (cost=0.43..8.45 rows=1 width=6)
	        Index Cond: (id = 3872603)

explain: for deletes :: explain DELETE FROM sbtest%u WHERE id=%u
explain: for inserts :: explain INSERT INTO sbtest%u (id, k, c, pad) VALUES (%u, 13, 'foobar', 'foobar')
explain: for non_index_updates :: explain UPDATE sbtest%u SET c='foobar' WHERE id=%u
for: sum_ranges
table 1 : explain SELECT SUM(k) FROM sbtest1 WHERE id BETWEEN 7546269 AND 7546368
	Aggregate  (cost=406.65..406.66 rows=1 width=8)
	  ->  Index Scan using sbtest1_pkey on sbtest1  (cost=0.43..406.39 rows=106 width=4)
	        Index Cond: ((id >= 7546269) AND (id <= 7546368))

table 2 : explain SELECT SUM(k) FROM sbtest2 WHERE id BETWEEN 2296 AND 2395
	Aggregate  (cost=353.70..353.71 rows=1 width=8)
	  ->  Index Scan using sbtest2_pkey on sbtest2  (cost=0.43..353.47 rows=93 width=4)
	        Index Cond: ((id >= 2296) AND (id <= 2395))

table 3 : explain SELECT SUM(k) FROM sbtest3 WHERE id BETWEEN 4290666 AND 4290765
	Aggregate  (cost=353.05..353.06 rows=1 width=8)
	  ->  Index Scan using sbtest3_pkey on sbtest3  (cost=0.43..352.82 rows=92 width=4)
	        Index Cond: ((id >= 4290666) AND (id <= 4290765))

table 4 : explain SELECT SUM(k) FROM sbtest4 WHERE id BETWEEN 172459 AND 172558
	Aggregate  (cost=398.75..398.76 rows=1 width=8)
	  ->  Index Scan using sbtest4_pkey on sbtest4  (cost=0.43..398.49 rows=104 width=4)
	        Index Cond: ((id >= 172459) AND (id <= 172558))

table 5 : explain SELECT SUM(k) FROM sbtest5 WHERE id BETWEEN 5406187 AND 5406286
	Aggregate  (cost=348.70..348.71 rows=1 width=8)
	  ->  Index Scan using sbtest5_pkey on sbtest5  (cost=0.43..348.48 rows=91 width=4)
	        Index Cond: ((id >= 5406187) AND (id <= 5406286))

table 6 : explain SELECT SUM(k) FROM sbtest6 WHERE id BETWEEN 652760 AND 652859
	Aggregate  (cost=375.16..375.17 rows=1 width=8)
	  ->  Index Scan using sbtest6_pkey on sbtest6  (cost=0.43..374.92 rows=98 width=4)
	        Index Cond: ((id >= 652760) AND (id <= 652859))

table 7 : explain SELECT SUM(k) FROM sbtest7 WHERE id BETWEEN 5549345 AND 5549444
	Aggregate  (cost=402.78..402.79 rows=1 width=8)
	  ->  Index Scan using sbtest7_pkey on sbtest7  (cost=0.43..402.52 rows=106 width=4)
	        Index Cond: ((id >= 5549345) AND (id <= 5549444))

table 8 : explain SELECT SUM(k) FROM sbtest8 WHERE id BETWEEN 8520986 AND 8521085
	Aggregate  (cost=359.06..359.07 rows=1 width=8)
	  ->  Index Scan using sbtest8_pkey on sbtest8  (cost=0.43..358.82 rows=94 width=4)
	        Index Cond: ((id >= 8520986) AND (id <= 8521085))

for: sum_ranges
table 1 : explain SELECT SUM(k) FROM sbtest1 WHERE id BETWEEN 8402535 AND 8402634
	Aggregate  (cost=383.91..383.92 rows=1 width=8)
	  ->  Index Scan using sbtest1_pkey on sbtest1  (cost=0.43..383.66 rows=100 width=4)
	        Index Cond: ((id >= 8402535) AND (id <= 8402634))

table 2 : explain SELECT SUM(k) FROM sbtest2 WHERE id BETWEEN 9980891 AND 9980990
	Aggregate  (cost=402.53..402.54 rows=1 width=8)
	  ->  Index Scan using sbtest2_pkey on sbtest2  (cost=0.43..402.27 rows=106 width=4)
	        Index Cond: ((id >= 9980891) AND (id <= 9980990))

table 3 : explain SELECT SUM(k) FROM sbtest3 WHERE id BETWEEN 3109375 AND 3109474
	Aggregate  (cost=345.48..345.49 rows=1 width=8)
	  ->  Index Scan using sbtest3_pkey on sbtest3  (cost=0.43..345.26 rows=90 width=4)
	        Index Cond: ((id >= 3109375) AND (id <= 3109474))

table 4 : explain SELECT SUM(k) FROM sbtest4 WHERE id BETWEEN 6294191 AND 6294290
	Aggregate  (cost=368.39..368.40 rows=1 width=8)
	  ->  Index Scan using sbtest4_pkey on sbtest4  (cost=0.43..368.15 rows=96 width=4)
	        Index Cond: ((id >= 6294191) AND (id <= 6294290))

table 5 : explain SELECT SUM(k) FROM sbtest5 WHERE id BETWEEN 2049438 AND 2049537
	Aggregate  (cost=348.70..348.71 rows=1 width=8)
	  ->  Index Scan using sbtest5_pkey on sbtest5  (cost=0.43..348.48 rows=91 width=4)
	        Index Cond: ((id >= 2049438) AND (id <= 2049537))

table 6 : explain SELECT SUM(k) FROM sbtest6 WHERE id BETWEEN 5312591 AND 5312690
	Aggregate  (cost=386.50..386.51 rows=1 width=8)
	  ->  Index Scan using sbtest6_pkey on sbtest6  (cost=0.43..386.25 rows=101 width=4)
	        Index Cond: ((id >= 5312591) AND (id <= 5312690))

table 7 : explain SELECT SUM(k) FROM sbtest7 WHERE id BETWEEN 4536314 AND 4536413
	Aggregate  (cost=376.51..376.52 rows=1 width=8)
	  ->  Index Scan using sbtest7_pkey on sbtest7  (cost=0.43..376.26 rows=99 width=4)
	        Index Cond: ((id >= 4536314) AND (id <= 4536413))

table 8 : explain SELECT SUM(k) FROM sbtest8 WHERE id BETWEEN 4700594 AND 4700693
	Aggregate  (cost=359.06..359.07 rows=1 width=8)
	  ->  Index Scan using sbtest8_pkey on sbtest8  (cost=0.43..358.82 rows=94 width=4)
	        Index Cond: ((id >= 4700594) AND (id <= 4700693))

for index_updates
table 1 : explain UPDATE sbtest1 SET k=k+1 WHERE id=5258639
	Update on sbtest1  (cost=0.43..8.46 rows=0 width=0)
	  ->  Index Scan using sbtest1_pkey on sbtest1  (cost=0.43..8.46 rows=1 width=10)
	        Index Cond: (id = 5258639)

table 2 : explain UPDATE sbtest2 SET k=k+1 WHERE id=2286206
	Update on sbtest2  (cost=0.43..8.46 rows=0 width=0)
	  ->  Index Scan using sbtest2_pkey on sbtest2  (cost=0.43..8.46 rows=1 width=10)
	        Index Cond: (id = 2286206)

table 3 : explain UPDATE sbtest3 SET k=k+1 WHERE id=3580408
	Update on sbtest3  (cost=0.43..8.46 rows=0 width=0)
	  ->  Index Scan using sbtest3_pkey on sbtest3  (cost=0.43..8.46 rows=1 width=10)
	        Index Cond: (id = 3580408)

table 4 : explain UPDATE sbtest4 SET k=k+1 WHERE id=4830524
	Update on sbtest4  (cost=0.43..8.46 rows=0 width=0)
	  ->  Index Scan using sbtest4_pkey on sbtest4  (cost=0.43..8.46 rows=1 width=10)
	        Index Cond: (id = 4830524)

table 5 : explain UPDATE sbtest5 SET k=k+1 WHERE id=6210162
	Update on sbtest5  (cost=0.43..8.46 rows=0 width=0)
	  ->  Index Scan using sbtest5_pkey on sbtest5  (cost=0.43..8.46 rows=1 width=10)
	        Index Cond: (id = 6210162)

table 6 : explain UPDATE sbtest6 SET k=k+1 WHERE id=7972364
	Update on sbtest6  (cost=0.43..8.46 rows=0 width=0)
	  ->  Index Scan using sbtest6_pkey on sbtest6  (cost=0.43..8.46 rows=1 width=10)
	        Index Cond: (id = 7972364)

table 7 : explain UPDATE sbtest7 SET k=k+1 WHERE id=5998699
	Update on sbtest7  (cost=0.43..8.46 rows=0 width=0)
	  ->  Index Scan using sbtest7_pkey on sbtest7  (cost=0.43..8.46 rows=1 width=10)
	        Index Cond: (id = 5998699)

table 8 : explain UPDATE sbtest8 SET k=k+1 WHERE id=8484618
	Update on sbtest8  (cost=0.43..8.46 rows=0 width=0)
	  ->  Index Scan using sbtest8_pkey on sbtest8  (cost=0.43..8.46 rows=1 width=10)
	        Index Cond: (id = 8484618)

for non_index_updates
table 1 : explain UPDATE sbtest1 SET c='foobar' WHERE id=7635154
	Update on sbtest1  (cost=0.43..8.45 rows=0 width=0)
	  ->  Index Scan using sbtest1_pkey on sbtest1  (cost=0.43..8.45 rows=1 width=490)
	        Index Cond: (id = 7635154)

table 2 : explain UPDATE sbtest2 SET c='foobar' WHERE id=9530653
	Update on sbtest2  (cost=0.43..8.45 rows=0 width=0)
	  ->  Index Scan using sbtest2_pkey on sbtest2  (cost=0.43..8.45 rows=1 width=490)
	        Index Cond: (id = 9530653)

table 3 : explain UPDATE sbtest3 SET c='foobar' WHERE id=9896709
	Update on sbtest3  (cost=0.43..8.45 rows=0 width=0)
	  ->  Index Scan using sbtest3_pkey on sbtest3  (cost=0.43..8.45 rows=1 width=490)
	        Index Cond: (id = 9896709)

table 4 : explain UPDATE sbtest4 SET c='foobar' WHERE id=9947713
	Update on sbtest4  (cost=0.43..8.45 rows=0 width=0)
	  ->  Index Scan using sbtest4_pkey on sbtest4  (cost=0.43..8.45 rows=1 width=490)
	        Index Cond: (id = 9947713)

table 5 : explain UPDATE sbtest5 SET c='foobar' WHERE id=9293690
	Update on sbtest5  (cost=0.43..8.45 rows=0 width=0)
	  ->  Index Scan using sbtest5_pkey on sbtest5  (cost=0.43..8.45 rows=1 width=490)
	        Index Cond: (id = 9293690)

table 6 : explain UPDATE sbtest6 SET c='foobar' WHERE id=3492376
	Update on sbtest6  (cost=0.43..8.45 rows=0 width=0)
	  ->  Index Scan using sbtest6_pkey on sbtest6  (cost=0.43..8.45 rows=1 width=490)
	        Index Cond: (id = 3492376)

table 7 : explain UPDATE sbtest7 SET c='foobar' WHERE id=5635235
	Update on sbtest7  (cost=0.43..8.45 rows=0 width=0)
	  ->  Index Scan using sbtest7_pkey on sbtest7  (cost=0.43..8.45 rows=1 width=490)
	        Index Cond: (id = 5635235)

table 8 : explain UPDATE sbtest8 SET c='foobar' WHERE id=2973073
	Update on sbtest8  (cost=0.43..8.45 rows=0 width=0)
	  ->  Index Scan using sbtest8_pkey on sbtest8  (cost=0.43..8.45 rows=1 width=490)
	        Index Cond: (id = 2973073)

for inserts
table 1 : explain INSERT INTO sbtest1 (id, k, c, pad) VALUES (3535800, 13, 'foobar', 'foobar')
	Insert on sbtest1  (cost=0.00..0.01 rows=0 width=0)
	  ->  Result  (cost=0.00..0.01 rows=1 width=736)

table 2 : explain INSERT INTO sbtest2 (id, k, c, pad) VALUES (9180473, 13, 'foobar', 'foobar')
	Insert on sbtest2  (cost=0.00..0.01 rows=0 width=0)
	  ->  Result  (cost=0.00..0.01 rows=1 width=736)

table 3 : explain INSERT INTO sbtest3 (id, k, c, pad) VALUES (5304563, 13, 'foobar', 'foobar')
	Insert on sbtest3  (cost=0.00..0.01 rows=0 width=0)
	  ->  Result  (cost=0.00..0.01 rows=1 width=736)

table 4 : explain INSERT INTO sbtest4 (id, k, c, pad) VALUES (9762286, 13, 'foobar', 'foobar')
	Insert on sbtest4  (cost=0.00..0.01 rows=0 width=0)
	  ->  Result  (cost=0.00..0.01 rows=1 width=736)

table 5 : explain INSERT INTO sbtest5 (id, k, c, pad) VALUES (2407520, 13, 'foobar', 'foobar')
	Insert on sbtest5  (cost=0.00..0.01 rows=0 width=0)
	  ->  Result  (cost=0.00..0.01 rows=1 width=736)

table 6 : explain INSERT INTO sbtest6 (id, k, c, pad) VALUES (232408, 13, 'foobar', 'foobar')
	Insert on sbtest6  (cost=0.00..0.01 rows=0 width=0)
	  ->  Result  (cost=0.00..0.01 rows=1 width=736)

table 7 : explain INSERT INTO sbtest7 (id, k, c, pad) VALUES (4488479, 13, 'foobar', 'foobar')
	Insert on sbtest7  (cost=0.00..0.01 rows=0 width=0)
	  ->  Result  (cost=0.00..0.01 rows=1 width=736)

table 8 : explain INSERT INTO sbtest8 (id, k, c, pad) VALUES (3913950, 13, 'foobar', 'foobar')
	Insert on sbtest8  (cost=0.00..0.01 rows=0 width=0)
	  ->  Result  (cost=0.00..0.01 rows=1 width=736)

for deletes
table 1 : explain DELETE FROM sbtest1 WHERE id=6570755
	Delete on sbtest1  (cost=0.43..8.45 rows=0 width=0)
	  ->  Index Scan using sbtest1_pkey on sbtest1  (cost=0.43..8.45 rows=1 width=6)
	        Index Cond: (id = 6570755)

table 2 : explain DELETE FROM sbtest2 WHERE id=497678
	Delete on sbtest2  (cost=0.43..8.45 rows=0 width=0)
	  ->  Index Scan using sbtest2_pkey on sbtest2  (cost=0.43..8.45 rows=1 width=6)
	        Index Cond: (id = 497678)

table 3 : explain DELETE FROM sbtest3 WHERE id=7397967
	Delete on sbtest3  (cost=0.43..8.45 rows=0 width=0)
	  ->  Index Scan using sbtest3_pkey on sbtest3  (cost=0.43..8.45 rows=1 width=6)
	        Index Cond: (id = 7397967)

table 4 : explain DELETE FROM sbtest4 WHERE id=2497094
	Delete on sbtest4  (cost=0.43..8.45 rows=0 width=0)
	  ->  Index Scan using sbtest4_pkey on sbtest4  (cost=0.43..8.45 rows=1 width=6)
	        Index Cond: (id = 2497094)

table 5 : explain DELETE FROM sbtest5 WHERE id=9421685
	Delete on sbtest5  (cost=0.43..8.45 rows=0 width=0)
	  ->  Index Scan using sbtest5_pkey on sbtest5  (cost=0.43..8.45 rows=1 width=6)
	        Index Cond: (id = 9421685)

table 6 : explain DELETE FROM sbtest6 WHERE id=2861283
	Delete on sbtest6  (cost=0.43..8.45 rows=0 width=0)
	  ->  Index Scan using sbtest6_pkey on sbtest6  (cost=0.43..8.45 rows=1 width=6)
	        Index Cond: (id = 2861283)

table 7 : explain DELETE FROM sbtest7 WHERE id=2859659
	Delete on sbtest7  (cost=0.43..8.45 rows=0 width=0)
	  ->  Index Scan using sbtest7_pkey on sbtest7  (cost=0.43..8.45 rows=1 width=6)
	        Index Cond: (id = 2859659)

table 8 : explain DELETE FROM sbtest8 WHERE id=8277527
	Delete on sbtest8  (cost=0.43..8.45 rows=0 width=0)
	  ->  Index Scan using sbtest8_pkey on sbtest8  (cost=0.43..8.45 rows=1 width=6)
	        Index Cond: (id = 8277527)

explain: for deletes :: explain DELETE FROM sbtest%u WHERE id=%u
explain: for inserts :: explain INSERT INTO sbtest%u (id, k, c, pad) VALUES (%u, 13, 'foobar', 'foobar')
for non_index_updates
table 1 : explain UPDATE sbtest1 SET c='foobar' WHERE id=3122543
	Update on sbtest1  (cost=0.43..8.45 rows=0 width=0)
	  ->  Index Scan using sbtest1_pkey on sbtest1  (cost=0.43..8.45 rows=1 width=490)
	        Index Cond: (id = 3122543)

table 2 : explain UPDATE sbtest2 SET c='foobar' WHERE id=9370454
	Update on sbtest2  (cost=0.43..8.45 rows=0 width=0)
	  ->  Index Scan using sbtest2_pkey on sbtest2  (cost=0.43..8.45 rows=1 width=490)
	        Index Cond: (id = 9370454)

table 3 : explain UPDATE sbtest3 SET c='foobar' WHERE id=9978954
	Update on sbtest3  (cost=0.43..8.45 rows=0 width=0)
	  ->  Index Scan using sbtest3_pkey on sbtest3  (cost=0.43..8.45 rows=1 width=490)
	        Index Cond: (id = 9978954)

table 4 : explain UPDATE sbtest4 SET c='foobar' WHERE id=1019683
	Update on sbtest4  (cost=0.43..8.45 rows=0 width=0)
	  ->  Index Scan using sbtest4_pkey on sbtest4  (cost=0.43..8.45 rows=1 width=490)
	        Index Cond: (id = 1019683)

table 5 : explain UPDATE sbtest5 SET c='foobar' WHERE id=5701429
	Update on sbtest5  (cost=0.43..8.45 rows=0 width=0)
	  ->  Index Scan using sbtest5_pkey on sbtest5  (cost=0.43..8.45 rows=1 width=490)
	        Index Cond: (id = 5701429)

table 6 : explain UPDATE sbtest6 SET c='foobar' WHERE id=1701588
	Update on sbtest6  (cost=0.43..8.45 rows=0 width=0)
	  ->  Index Scan using sbtest6_pkey on sbtest6  (cost=0.43..8.45 rows=1 width=490)
	        Index Cond: (id = 1701588)

table 7 : explain UPDATE sbtest7 SET c='foobar' WHERE id=5769745
	Update on sbtest7  (cost=0.43..8.45 rows=0 width=0)
	  ->  Index Scan using sbtest7_pkey on sbtest7  (cost=0.43..8.45 rows=1 width=490)
	        Index Cond: (id = 5769745)

table 8 : explain UPDATE sbtest8 SET c='foobar' WHERE id=2091063
	Update on sbtest8  (cost=0.43..8.45 rows=0 width=0)
	  ->  Index Scan using sbtest8_pkey on sbtest8  (cost=0.43..8.45 rows=1 width=490)
	        Index Cond: (id = 2091063)

explain: for deletes :: explain DELETE FROM sbtest%u WHERE id=%u
for deletes
table 1 : explain DELETE FROM sbtest1 WHERE id=4813463
	Delete on sbtest1  (cost=0.43..8.45 rows=0 width=0)
	  ->  Index Scan using sbtest1_pkey on sbtest1  (cost=0.43..8.45 rows=1 width=6)
	        Index Cond: (id = 4813463)

table 2 : explain DELETE FROM sbtest2 WHERE id=8572126
	Delete on sbtest2  (cost=0.43..8.45 rows=0 width=0)
	  ->  Index Scan using sbtest2_pkey on sbtest2  (cost=0.43..8.45 rows=1 width=6)
	        Index Cond: (id = 8572126)

table 3 : explain DELETE FROM sbtest3 WHERE id=5032437
	Delete on sbtest3  (cost=0.43..8.45 rows=0 width=0)
	  ->  Index Scan using sbtest3_pkey on sbtest3  (cost=0.43..8.45 rows=1 width=6)
	        Index Cond: (id = 5032437)

table 4 : explain DELETE FROM sbtest4 WHERE id=4536503
	Delete on sbtest4  (cost=0.43..8.45 rows=0 width=0)
	  ->  Index Scan using sbtest4_pkey on sbtest4  (cost=0.43..8.45 rows=1 width=6)
	        Index Cond: (id = 4536503)

table 5 : explain DELETE FROM sbtest5 WHERE id=9130672
	Delete on sbtest5  (cost=0.43..8.45 rows=0 width=0)
	  ->  Index Scan using sbtest5_pkey on sbtest5  (cost=0.43..8.45 rows=1 width=6)
	        Index Cond: (id = 9130672)

table 6 : explain DELETE FROM sbtest6 WHERE id=5771482
	Delete on sbtest6  (cost=0.43..8.45 rows=0 width=0)
	  ->  Index Scan using sbtest6_pkey on sbtest6  (cost=0.43..8.45 rows=1 width=6)
	        Index Cond: (id = 5771482)

table 7 : explain DELETE FROM sbtest7 WHERE id=1368089
	Delete on sbtest7  (cost=0.43..8.45 rows=0 width=0)
	  ->  Index Scan using sbtest7_pkey on sbtest7  (cost=0.43..8.45 rows=1 width=6)
	        Index Cond: (id = 1368089)

table 8 : explain DELETE FROM sbtest8 WHERE id=171299
	Delete on sbtest8  (cost=0.43..8.45 rows=0 width=0)
	  ->  Index Scan using sbtest8_pkey on sbtest8  (cost=0.43..8.45 rows=1 width=6)
	        Index Cond: (id = 171299)

for: distinct_ranges
table 1 : explain SELECT DISTINCT c FROM sbtest1 WHERE id BETWEEN 5591385 AND 5591484 ORDER BY c
	Unique  (cost=398.47..398.98 rows=103 width=121)
	  ->  Sort  (cost=398.47..398.72 rows=103 width=121)
	        Sort Key: c
	        ->  Index Scan using sbtest1_pkey on sbtest1  (cost=0.43..395.02 rows=103 width=121)
	              Index Cond: ((id >= 5591385) AND (id <= 5591484))

table 2 : explain SELECT DISTINCT c FROM sbtest2 WHERE id BETWEEN 6639729 AND 6639828 ORDER BY c
	Unique  (cost=364.08..364.56 rows=95 width=121)
	  ->  Sort  (cost=364.08..364.32 rows=95 width=121)
	        Sort Key: c
	        ->  Index Scan using sbtest2_pkey on sbtest2  (cost=0.43..360.96 rows=95 width=121)
	              Index Cond: ((id >= 6639729) AND (id <= 6639828))

table 3 : explain SELECT DISTINCT c FROM sbtest3 WHERE id BETWEEN 617212 AND 617311 ORDER BY c
	Unique  (cost=367.29..367.77 rows=95 width=121)
	  ->  Sort  (cost=367.29..367.53 rows=95 width=121)
	        Sort Key: c
	        ->  Index Scan using sbtest3_pkey on sbtest3  (cost=0.43..364.17 rows=95 width=121)
	              Index Cond: ((id >= 617212) AND (id <= 617311))

table 4 : explain SELECT DISTINCT c FROM sbtest4 WHERE id BETWEEN 3167208 AND 3167307 ORDER BY c
	Unique  (cost=359.84..360.30 rows=93 width=121)
	  ->  Sort  (cost=359.84..360.07 rows=93 width=121)
	        Sort Key: c
	        ->  Index Scan using sbtest4_pkey on sbtest4  (cost=0.43..356.80 rows=93 width=121)
	              Index Cond: ((id >= 3167208) AND (id <= 3167307))

table 5 : explain SELECT DISTINCT c FROM sbtest5 WHERE id BETWEEN 7084288 AND 7084387 ORDER BY c
	Unique  (cost=443.11..443.69 rows=115 width=121)
	  ->  Sort  (cost=443.11..443.40 rows=115 width=121)
	        Sort Key: c
	        ->  Index Scan using sbtest5_pkey on sbtest5  (cost=0.43..439.18 rows=115 width=121)
	              Index Cond: ((id >= 7084288) AND (id <= 7084387))

table 6 : explain SELECT DISTINCT c FROM sbtest6 WHERE id BETWEEN 5123037 AND 5123136 ORDER BY c
	Unique  (cost=374.28..374.77 rows=97 width=121)
	  ->  Sort  (cost=374.28..374.52 rows=97 width=121)
	        Sort Key: c
	        ->  Index Scan using sbtest6_pkey on sbtest6  (cost=0.43..371.08 rows=97 width=121)
	              Index Cond: ((id >= 5123037) AND (id <= 5123136))

table 7 : explain SELECT DISTINCT c FROM sbtest7 WHERE id BETWEEN 9339117 AND 9339216 ORDER BY c
	Unique  (cost=406.09..406.62 rows=106 width=121)
	  ->  Sort  (cost=406.09..406.35 rows=106 width=121)
	        Sort Key: c
	        ->  Index Scan using sbtest7_pkey on sbtest7  (cost=0.43..402.52 rows=106 width=121)
	              Index Cond: ((id >= 9339117) AND (id <= 9339216))

table 8 : explain SELECT DISTINCT c FROM sbtest8 WHERE id BETWEEN 5357110 AND 5357209 ORDER BY c
	Unique  (cost=388.61..389.11 rows=101 width=121)
	  ->  Sort  (cost=388.61..388.86 rows=101 width=121)
	        Sort Key: c
	        ->  Index Scan using sbtest8_pkey on sbtest8  (cost=0.43..385.25 rows=101 width=121)
	              Index Cond: ((id >= 5357110) AND (id <= 5357209))

for deletes
table 1 : explain DELETE FROM sbtest1 WHERE id=89719
	Delete on sbtest1  (cost=0.43..8.45 rows=0 width=0)
	  ->  Index Scan using sbtest1_pkey on sbtest1  (cost=0.43..8.45 rows=1 width=6)
	        Index Cond: (id = 89719)

table 2 : explain DELETE FROM sbtest2 WHERE id=2611859
	Delete on sbtest2  (cost=0.43..8.45 rows=0 width=0)
	  ->  Index Scan using sbtest2_pkey on sbtest2  (cost=0.43..8.45 rows=1 width=6)
	        Index Cond: (id = 2611859)

table 3 : explain DELETE FROM sbtest3 WHERE id=2119859
	Delete on sbtest3  (cost=0.43..8.45 rows=0 width=0)
	  ->  Index Scan using sbtest3_pkey on sbtest3  (cost=0.43..8.45 rows=1 width=6)
	        Index Cond: (id = 2119859)

table 4 : explain DELETE FROM sbtest4 WHERE id=7809068
	Delete on sbtest4  (cost=0.43..8.45 rows=0 width=0)
	  ->  Index Scan using sbtest4_pkey on sbtest4  (cost=0.43..8.45 rows=1 width=6)
	        Index Cond: (id = 7809068)

table 5 : explain DELETE FROM sbtest5 WHERE id=6392434
	Delete on sbtest5  (cost=0.43..8.45 rows=0 width=0)
	  ->  Index Scan using sbtest5_pkey on sbtest5  (cost=0.43..8.45 rows=1 width=6)
	        Index Cond: (id = 6392434)

table 6 : explain DELETE FROM sbtest6 WHERE id=7751096
	Delete on sbtest6  (cost=0.43..8.45 rows=0 width=0)
	  ->  Index Scan using sbtest6_pkey on sbtest6  (cost=0.43..8.45 rows=1 width=6)
	        Index Cond: (id = 7751096)

table 7 : explain DELETE FROM sbtest7 WHERE id=1531730
	Delete on sbtest7  (cost=0.43..8.45 rows=0 width=0)
	  ->  Index Scan using sbtest7_pkey on sbtest7  (cost=0.43..8.45 rows=1 width=6)
	        Index Cond: (id = 1531730)

table 8 : explain DELETE FROM sbtest8 WHERE id=4903680
	Delete on sbtest8  (cost=0.43..8.45 rows=0 width=0)
	  ->  Index Scan using sbtest8_pkey on sbtest8  (cost=0.43..8.45 rows=1 width=6)
	        Index Cond: (id = 4903680)

explain: for non_index_updates :: explain UPDATE sbtest%u SET c='foobar' WHERE id=%u
explain: for inserts :: explain INSERT INTO sbtest%u (id, k, c, pad) VALUES (%u, 13, 'foobar', 'foobar')
for point_selects
table 1 : explain SELECT c FROM sbtest1 WHERE id=8185150
	Index Scan using sbtest1_pkey on sbtest1  (cost=0.43..8.45 rows=1 width=121)
	  Index Cond: (id = 8185150)

table 2 : explain SELECT c FROM sbtest2 WHERE id=191663
	Index Scan using sbtest2_pkey on sbtest2  (cost=0.43..8.45 rows=1 width=121)
	  Index Cond: (id = 191663)

table 3 : explain SELECT c FROM sbtest3 WHERE id=2212463
	Index Scan using sbtest3_pkey on sbtest3  (cost=0.43..8.45 rows=1 width=121)
	  Index Cond: (id = 2212463)

table 4 : explain SELECT c FROM sbtest4 WHERE id=9217784
	Index Scan using sbtest4_pkey on sbtest4  (cost=0.43..8.45 rows=1 width=121)
	  Index Cond: (id = 9217784)

table 5 : explain SELECT c FROM sbtest5 WHERE id=743475
	Index Scan using sbtest5_pkey on sbtest5  (cost=0.43..8.45 rows=1 width=121)
	  Index Cond: (id = 743475)

table 6 : explain SELECT c FROM sbtest6 WHERE id=3284647
	Index Scan using sbtest6_pkey on sbtest6  (cost=0.43..8.45 rows=1 width=121)
	  Index Cond: (id = 3284647)

table 7 : explain SELECT c FROM sbtest7 WHERE id=5739765
	Index Scan using sbtest7_pkey on sbtest7  (cost=0.43..8.45 rows=1 width=121)
	  Index Cond: (id = 5739765)

table 8 : explain SELECT c FROM sbtest8 WHERE id=9040763
	Index Scan using sbtest8_pkey on sbtest8  (cost=0.43..8.45 rows=1 width=121)
	  Index Cond: (id = 9040763)

for: order_ranges
table 1 : explain SELECT c FROM sbtest1 WHERE id BETWEEN 2698775 AND 2698874 ORDER BY c
	Sort  (cost=394.64..394.89 rows=102 width=121)
	  Sort Key: c
	  ->  Index Scan using sbtest1_pkey on sbtest1  (cost=0.43..391.23 rows=102 width=121)
	        Index Cond: ((id >= 2698775) AND (id <= 2698874))

table 2 : explain SELECT c FROM sbtest2 WHERE id BETWEEN 6626399 AND 6626498 ORDER BY c
	Sort  (cost=364.08..364.32 rows=95 width=121)
	  Sort Key: c
	  ->  Index Scan using sbtest2_pkey on sbtest2  (cost=0.43..360.96 rows=95 width=121)
	        Index Cond: ((id >= 6626399) AND (id <= 6626498))

table 3 : explain SELECT c FROM sbtest3 WHERE id BETWEEN 6774096 AND 6774195 ORDER BY c
	Sort  (cost=394.11..394.37 rows=102 width=121)
	  Sort Key: c
	  ->  Index Scan using sbtest3_pkey on sbtest3  (cost=0.43..390.71 rows=102 width=121)
	        Index Cond: ((id >= 6774096) AND (id <= 6774195))

table 4 : explain SELECT c FROM sbtest4 WHERE id BETWEEN 2517703 AND 2517802 ORDER BY c
	Sort  (cost=390.50..390.75 rows=101 width=121)
	  Sort Key: c
	  ->  Index Scan using sbtest4_pkey on sbtest4  (cost=0.43..387.14 rows=101 width=121)
	        Index Cond: ((id >= 2517703) AND (id <= 2517802))

table 5 : explain SELECT c FROM sbtest5 WHERE id BETWEEN 6865482 AND 6865581 ORDER BY c
	Sort  (cost=401.12..401.38 rows=104 width=121)
	  Sort Key: c
	  ->  Index Scan using sbtest5_pkey on sbtest5  (cost=0.43..397.63 rows=104 width=121)
	        Index Cond: ((id >= 6865482) AND (id <= 6865581))

table 6 : explain SELECT c FROM sbtest6 WHERE id BETWEEN 9501453 AND 9501552 ORDER BY c
	Sort  (cost=389.61..389.86 rows=101 width=121)
	  Sort Key: c
	  ->  Index Scan using sbtest6_pkey on sbtest6  (cost=0.43..386.25 rows=101 width=121)
	        Index Cond: ((id >= 9501453) AND (id <= 9501552))

table 7 : explain SELECT c FROM sbtest7 WHERE id BETWEEN 6602972 AND 6603071 ORDER BY c
	Sort  (cost=379.54..379.79 rows=99 width=121)
	  Sort Key: c
	  ->  Index Scan using sbtest7_pkey on sbtest7  (cost=0.43..376.26 rows=99 width=121)
	        Index Cond: ((id >= 6602972) AND (id <= 6603071))

table 8 : explain SELECT c FROM sbtest8 WHERE id BETWEEN 5776739 AND 5776838 ORDER BY c
	Sort  (cost=384.80..385.05 rows=100 width=121)
	  Sort Key: c
	  ->  Index Scan using sbtest8_pkey on sbtest8  (cost=0.43..381.48 rows=100 width=121)
	        Index Cond: ((id >= 5776739) AND (id <= 5776838))

for: order_ranges
table 1 : explain SELECT c FROM sbtest1 WHERE id BETWEEN 9450359 AND 9450458 ORDER BY c
	Sort  (cost=360.18..360.41 rows=93 width=121)
	  Sort Key: c
	  ->  Index Scan using sbtest1_pkey on sbtest1  (cost=0.43..357.14 rows=93 width=121)
	        Index Cond: ((id >= 9450359) AND (id <= 9450458))

table 2 : explain SELECT c FROM sbtest2 WHERE id BETWEEN 6715693 AND 6715792 ORDER BY c
	Sort  (cost=383.10..383.35 rows=100 width=121)
	  Sort Key: c
	  ->  Index Scan using sbtest2_pkey on sbtest2  (cost=0.43..379.77 rows=100 width=121)
	        Index Cond: ((id >= 6715693) AND (id <= 6715792))

table 3 : explain SELECT c FROM sbtest3 WHERE id BETWEEN 1759733 AND 1759832 ORDER BY c
	Sort  (cost=428.53..428.81 rows=111 width=121)
	  Sort Key: c
	  ->  Index Scan using sbtest3_pkey on sbtest3  (cost=0.43..424.76 rows=111 width=121)
	        Index Cond: ((id >= 1759733) AND (id <= 1759832))

table 4 : explain SELECT c FROM sbtest4 WHERE id BETWEEN 9394996 AND 9395095 ORDER BY c
	Sort  (cost=390.50..390.75 rows=101 width=121)
	  Sort Key: c
	  ->  Index Scan using sbtest4_pkey on sbtest4  (cost=0.43..387.14 rows=101 width=121)
	        Index Cond: ((id >= 9394996) AND (id <= 9395095))

table 5 : explain SELECT c FROM sbtest5 WHERE id BETWEEN 4366890 AND 4366989 ORDER BY c
	Sort  (cost=374.40..374.64 rows=97 width=121)
	  Sort Key: c
	  ->  Index Scan using sbtest5_pkey on sbtest5  (cost=0.43..371.20 rows=97 width=121)
	        Index Cond: ((id >= 4366890) AND (id <= 4366989))

table 6 : explain SELECT c FROM sbtest6 WHERE id BETWEEN 762207 AND 762306 ORDER BY c
	Sort  (cost=393.42..393.68 rows=102 width=121)
	  Sort Key: c
	  ->  Index Scan using sbtest6_pkey on sbtest6  (cost=0.43..390.02 rows=102 width=121)
	        Index Cond: ((id >= 762207) AND (id <= 762306))

table 7 : explain SELECT c FROM sbtest7 WHERE id BETWEEN 4013824 AND 4013923 ORDER BY c
	Sort  (cost=406.09..406.35 rows=106 width=121)
	  Sort Key: c
	  ->  Index Scan using sbtest7_pkey on sbtest7  (cost=0.43..402.52 rows=106 width=121)
	        Index Cond: ((id >= 4013824) AND (id <= 4013923))

table 8 : explain SELECT c FROM sbtest8 WHERE id BETWEEN 5903706 AND 5903805 ORDER BY c
	Sort  (cost=403.84..404.10 rows=105 width=121)
	  Sort Key: c
	  ->  Index Scan using sbtest8_pkey on sbtest8  (cost=0.43..400.31 rows=105 width=121)
	        Index Cond: ((id >= 5903706) AND (id <= 5903805))

for: distinct_ranges
table 1 : explain SELECT DISTINCT c FROM sbtest1 WHERE id BETWEEN 7466762 AND 7466861 ORDER BY c
	Unique  (cost=409.95..410.48 rows=106 width=121)
	  ->  Sort  (cost=409.95..410.22 rows=106 width=121)
	        Sort Key: c
	        ->  Index Scan using sbtest1_pkey on sbtest1  (cost=0.43..406.39 rows=106 width=121)
	              Index Cond: ((id >= 7466762) AND (id <= 7466861))

table 2 : explain SELECT DISTINCT c FROM sbtest2 WHERE id BETWEEN 5175600 AND 5175699 ORDER BY c
	Unique  (cost=356.51..356.97 rows=93 width=121)
	  ->  Sort  (cost=356.51..356.74 rows=93 width=121)
	        Sort Key: c
	        ->  Index Scan using sbtest2_pkey on sbtest2  (cost=0.43..353.47 rows=93 width=121)
	              Index Cond: ((id >= 5175600) AND (id <= 5175699))

table 3 : explain SELECT DISTINCT c FROM sbtest3 WHERE id BETWEEN 6296461 AND 6296560 ORDER BY c
	Unique  (cost=394.11..394.62 rows=102 width=121)
	  ->  Sort  (cost=394.11..394.37 rows=102 width=121)
	        Sort Key: c
	        ->  Index Scan using sbtest3_pkey on sbtest3  (cost=0.43..390.71 rows=102 width=121)
	              Index Cond: ((id >= 6296461) AND (id <= 6296560))

table 4 : explain SELECT DISTINCT c FROM sbtest4 WHERE id BETWEEN 8354783 AND 8354882 ORDER BY c
	Unique  (cost=405.80..406.33 rows=105 width=121)
	  ->  Sort  (cost=405.80..406.07 rows=105 width=121)
	        Sort Key: c
	        ->  Index Scan using sbtest4_pkey on sbtest4  (cost=0.43..402.28 rows=105 width=121)
	              Index Cond: ((id >= 8354783) AND (id <= 8354882))

table 5 : explain SELECT DISTINCT c FROM sbtest5 WHERE id BETWEEN 3576726 AND 3576825 ORDER BY c
	Unique  (cost=389.67..390.17 rows=101 width=121)
	  ->  Sort  (cost=389.67..389.92 rows=101 width=121)
	        Sort Key: c
	        ->  Index Scan using sbtest5_pkey on sbtest5  (cost=0.43..386.30 rows=101 width=121)
	              Index Cond: ((id >= 3576726) AND (id <= 3576825))

table 6 : explain SELECT DISTINCT c FROM sbtest6 WHERE id BETWEEN 4377703 AND 4377802 ORDER BY c
	Unique  (cost=381.97..382.47 rows=99 width=121)
	  ->  Sort  (cost=381.97..382.22 rows=99 width=121)
	        Sort Key: c
	        ->  Index Scan using sbtest6_pkey on sbtest6  (cost=0.43..378.69 rows=99 width=121)
	              Index Cond: ((id >= 4377703) AND (id <= 4377802))

table 7 : explain SELECT DISTINCT c FROM sbtest7 WHERE id BETWEEN 6201559 AND 6201658 ORDER BY c
	Unique  (cost=394.71..395.23 rows=103 width=121)
	  ->  Sort  (cost=394.71..394.97 rows=103 width=121)
	        Sort Key: c
	        ->  Index Scan using sbtest7_pkey on sbtest7  (cost=0.43..391.27 rows=103 width=121)
	              Index Cond: ((id >= 6201559) AND (id <= 6201658))

table 8 : explain SELECT DISTINCT c FROM sbtest8 WHERE id BETWEEN 2162108 AND 2162207 ORDER BY c
	Unique  (cost=388.61..389.11 rows=101 width=121)
	  ->  Sort  (cost=388.61..388.86 rows=101 width=121)
	        Sort Key: c
	        ->  Index Scan using sbtest8_pkey on sbtest8  (cost=0.43..385.25 rows=101 width=121)
	              Index Cond: ((id >= 2162108) AND (id <= 2162207))

explain: for index_updates :: explain UPDATE sbtest%u SET k=k+1 WHERE id=%u
for deletes
table 1 : explain DELETE FROM sbtest1 WHERE id=3619108
	Delete on sbtest1  (cost=0.43..8.45 rows=0 width=0)
	  ->  Index Scan using sbtest1_pkey on sbtest1  (cost=0.43..8.45 rows=1 width=6)
	        Index Cond: (id = 3619108)

table 2 : explain DELETE FROM sbtest2 WHERE id=2741108
	Delete on sbtest2  (cost=0.43..8.45 rows=0 width=0)
	  ->  Index Scan using sbtest2_pkey on sbtest2  (cost=0.43..8.45 rows=1 width=6)
	        Index Cond: (id = 2741108)

table 3 : explain DELETE FROM sbtest3 WHERE id=299451
	Delete on sbtest3  (cost=0.43..8.45 rows=0 width=0)
	  ->  Index Scan using sbtest3_pkey on sbtest3  (cost=0.43..8.45 rows=1 width=6)
	        Index Cond: (id = 299451)

table 4 : explain DELETE FROM sbtest4 WHERE id=2252537
	Delete on sbtest4  (cost=0.43..8.45 rows=0 width=0)
	  ->  Index Scan using sbtest4_pkey on sbtest4  (cost=0.43..8.45 rows=1 width=6)
	        Index Cond: (id = 2252537)

table 5 : explain DELETE FROM sbtest5 WHERE id=307254
	Delete on sbtest5  (cost=0.43..8.45 rows=0 width=0)
	  ->  Index Scan using sbtest5_pkey on sbtest5  (cost=0.43..8.45 rows=1 width=6)
	        Index Cond: (id = 307254)

table 6 : explain DELETE FROM sbtest6 WHERE id=5447565
	Delete on sbtest6  (cost=0.43..8.45 rows=0 width=0)
	  ->  Index Scan using sbtest6_pkey on sbtest6  (cost=0.43..8.45 rows=1 width=6)
	        Index Cond: (id = 5447565)

table 7 : explain DELETE FROM sbtest7 WHERE id=5527327
	Delete on sbtest7  (cost=0.43..8.45 rows=0 width=0)
	  ->  Index Scan using sbtest7_pkey on sbtest7  (cost=0.43..8.45 rows=1 width=6)
	        Index Cond: (id = 5527327)

table 8 : explain DELETE FROM sbtest8 WHERE id=4993773
	Delete on sbtest8  (cost=0.43..8.45 rows=0 width=0)
	  ->  Index Scan using sbtest8_pkey on sbtest8  (cost=0.43..8.45 rows=1 width=6)
	        Index Cond: (id = 4993773)

for: distinct_ranges
table 1 : explain SELECT DISTINCT c FROM sbtest1 WHERE id BETWEEN 7696203 AND 7696302 ORDER BY c
	Unique  (cost=417.61..418.15 rows=108 width=121)
	  ->  Sort  (cost=417.61..417.88 rows=108 width=121)
	        Sort Key: c
	        ->  Index Scan using sbtest1_pkey on sbtest1  (cost=0.43..413.96 rows=108 width=121)
	              Index Cond: ((id >= 7696203) AND (id <= 7696302))

table 2 : explain SELECT DISTINCT c FROM sbtest2 WHERE id BETWEEN 3359369 AND 3359468 ORDER BY c
	Unique  (cost=352.72..353.18 rows=92 width=121)
	  ->  Sort  (cost=352.72..352.95 rows=92 width=121)
	        Sort Key: c
	        ->  Index Scan using sbtest2_pkey on sbtest2  (cost=0.43..349.72 rows=92 width=121)
	              Index Cond: ((id >= 3359369) AND (id <= 3359468))

table 3 : explain SELECT DISTINCT c FROM sbtest3 WHERE id BETWEEN 42809 AND 42908 ORDER BY c
	Unique  (cost=390.29..390.79 rows=101 width=121)
	  ->  Sort  (cost=390.29..390.54 rows=101 width=121)
	        Sort Key: c
	        ->  Index Scan using sbtest3_pkey on sbtest3  (cost=0.43..386.93 rows=101 width=121)
	              Index Cond: ((id >= 42809) AND (id <= 42908))

table 4 : explain SELECT DISTINCT c FROM sbtest4 WHERE id BETWEEN 4427312 AND 4427411 ORDER BY c
	Unique  (cost=417.28..417.82 rows=108 width=121)
	  ->  Sort  (cost=417.28..417.55 rows=108 width=121)
	        Sort Key: c
	        ->  Index Scan using sbtest4_pkey on sbtest4  (cost=0.43..413.63 rows=108 width=121)
	              Index Cond: ((id >= 4427312) AND (id <= 4427411))

table 5 : explain SELECT DISTINCT c FROM sbtest5 WHERE id BETWEEN 7779875 AND 7779974 ORDER BY c
	Unique  (cost=393.48..393.99 rows=102 width=121)
	  ->  Sort  (cost=393.48..393.74 rows=102 width=121)
	        Sort Key: c
	        ->  Index Scan using sbtest5_pkey on sbtest5  (cost=0.43..390.08 rows=102 width=121)
	              Index Cond: ((id >= 7779875) AND (id <= 7779974))

table 6 : explain SELECT DISTINCT c FROM sbtest6 WHERE id BETWEEN 3237288 AND 3237387 ORDER BY c
	Unique  (cost=397.24..397.76 rows=103 width=121)
	  ->  Sort  (cost=397.24..397.50 rows=103 width=121)
	        Sort Key: c
	        ->  Index Scan using sbtest6_pkey on sbtest6  (cost=0.43..393.80 rows=103 width=121)
	              Index Cond: ((id >= 3237288) AND (id <= 3237387))

table 7 : explain SELECT DISTINCT c FROM sbtest7 WHERE id BETWEEN 6773337 AND 6773436 ORDER BY c
	Unique  (cost=356.73..357.19 rows=93 width=121)
	  ->  Sort  (cost=356.73..356.96 rows=93 width=121)
	        Sort Key: c
	        ->  Index Scan using sbtest7_pkey on sbtest7  (cost=0.43..353.69 rows=93 width=121)
	              Index Cond: ((id >= 6773337) AND (id <= 6773436))

table 8 : explain SELECT DISTINCT c FROM sbtest8 WHERE id BETWEEN 8795199 AND 8795298 ORDER BY c
	Unique  (cost=415.26..415.80 rows=108 width=121)
	  ->  Sort  (cost=415.26..415.53 rows=108 width=121)
	        Sort Key: c
	        ->  Index Scan using sbtest8_pkey on sbtest8  (cost=0.43..411.61 rows=108 width=121)
	              Index Cond: ((id >= 8795199) AND (id <= 8795298))

explain: for inserts :: explain INSERT INTO sbtest%u (id, k, c, pad) VALUES (%u, 13, 'foobar', 'foobar')
explain: for index_updates :: explain UPDATE sbtest%u SET k=k+1 WHERE id=%u
for: distinct_ranges
table 1 : explain SELECT DISTINCT c FROM sbtest1 WHERE id BETWEEN 3724287 AND 3724386 ORDER BY c
	Unique  (cost=436.76..437.32 rows=113 width=121)
	  ->  Sort  (cost=436.76..437.04 rows=113 width=121)
	        Sort Key: c
	        ->  Index Scan using sbtest1_pkey on sbtest1  (cost=0.43..432.90 rows=113 width=121)
	              Index Cond: ((id >= 3724287) AND (id <= 3724386))

table 2 : explain SELECT DISTINCT c FROM sbtest2 WHERE id BETWEEN 4163168 AND 4163267 ORDER BY c
	Unique  (cost=386.89..387.39 rows=101 width=121)
	  ->  Sort  (cost=386.89..387.14 rows=101 width=121)
	        Sort Key: c
	        ->  Index Scan using sbtest2_pkey on sbtest2  (cost=0.43..383.52 rows=101 width=121)
	              Index Cond: ((id >= 4163168) AND (id <= 4163267))

table 3 : explain SELECT DISTINCT c FROM sbtest3 WHERE id BETWEEN 4697774 AND 4697873 ORDER BY c
	Unique  (cost=363.47..363.94 rows=94 width=121)
	  ->  Sort  (cost=363.47..363.70 rows=94 width=121)
	        Sort Key: c
	        ->  Index Scan using sbtest3_pkey on sbtest3  (cost=0.43..360.39 rows=94 width=121)
	              Index Cond: ((id >= 4697774) AND (id <= 4697873))

table 4 : explain SELECT DISTINCT c FROM sbtest4 WHERE id BETWEEN 8385837 AND 8385936 ORDER BY c
	Unique  (cost=371.32..371.80 rows=96 width=121)
	  ->  Sort  (cost=371.32..371.56 rows=96 width=121)
	        Sort Key: c
	        ->  Index Scan using sbtest4_pkey on sbtest4  (cost=0.43..368.15 rows=96 width=121)
	              Index Cond: ((id >= 8385837) AND (id <= 8385936))

table 5 : explain SELECT DISTINCT c FROM sbtest5 WHERE id BETWEEN 6869707 AND 6869806 ORDER BY c
	Unique  (cost=401.12..401.64 rows=104 width=121)
	  ->  Sort  (cost=401.12..401.38 rows=104 width=121)
	        Sort Key: c
	        ->  Index Scan using sbtest5_pkey on sbtest5  (cost=0.43..397.63 rows=104 width=121)
	              Index Cond: ((id >= 6869707) AND (id <= 6869806))

table 6 : explain SELECT DISTINCT c FROM sbtest6 WHERE id BETWEEN 4751796 AND 4751895 ORDER BY c
	Unique  (cost=374.28..374.77 rows=97 width=121)
	  ->  Sort  (cost=374.28..374.52 rows=97 width=121)
	        Sort Key: c
	        ->  Index Scan using sbtest6_pkey on sbtest6  (cost=0.43..371.08 rows=97 width=121)
	              Index Cond: ((id >= 4751796) AND (id <= 4751895))

table 7 : explain SELECT DISTINCT c FROM sbtest7 WHERE id BETWEEN 4625493 AND 4625592 ORDER BY c
	Unique  (cost=421.25..421.80 rows=110 width=121)
	  ->  Sort  (cost=421.25..421.53 rows=110 width=121)
	        Sort Key: c
	        ->  Index Scan using sbtest7_pkey on sbtest7  (cost=0.43..417.52 rows=110 width=121)
	              Index Cond: ((id >= 4625493) AND (id <= 4625592))

table 8 : explain SELECT DISTINCT c FROM sbtest8 WHERE id BETWEEN 553563 AND 553662 ORDER BY c
	Unique  (cost=400.03..400.55 rows=104 width=121)
	  ->  Sort  (cost=400.03..400.29 rows=104 width=121)
	        Sort Key: c
	        ->  Index Scan using sbtest8_pkey on sbtest8  (cost=0.43..396.55 rows=104 width=121)
	              Index Cond: ((id >= 553563) AND (id <= 553662))

explain: for inserts :: explain INSERT INTO sbtest%u (id, k, c, pad) VALUES (%u, 13, 'foobar', 'foobar')
for inserts
table 1 : explain INSERT INTO sbtest1 (id, k, c, pad) VALUES (9324936, 13, 'foobar', 'foobar')
	Insert on sbtest1  (cost=0.00..0.01 rows=0 width=0)
	  ->  Result  (cost=0.00..0.01 rows=1 width=736)

table 2 : explain INSERT INTO sbtest2 (id, k, c, pad) VALUES (7847698, 13, 'foobar', 'foobar')
	Insert on sbtest2  (cost=0.00..0.01 rows=0 width=0)
	  ->  Result  (cost=0.00..0.01 rows=1 width=736)

table 3 : explain INSERT INTO sbtest3 (id, k, c, pad) VALUES (3024062, 13, 'foobar', 'foobar')
	Insert on sbtest3  (cost=0.00..0.01 rows=0 width=0)
	  ->  Result  (cost=0.00..0.01 rows=1 width=736)

table 4 : explain INSERT INTO sbtest4 (id, k, c, pad) VALUES (1610792, 13, 'foobar', 'foobar')
	Insert on sbtest4  (cost=0.00..0.01 rows=0 width=0)
	  ->  Result  (cost=0.00..0.01 rows=1 width=736)

table 5 : explain INSERT INTO sbtest5 (id, k, c, pad) VALUES (8645425, 13, 'foobar', 'foobar')
	Insert on sbtest5  (cost=0.00..0.01 rows=0 width=0)
	  ->  Result  (cost=0.00..0.01 rows=1 width=736)

table 6 : explain INSERT INTO sbtest6 (id, k, c, pad) VALUES (4433759, 13, 'foobar', 'foobar')
	Insert on sbtest6  (cost=0.00..0.01 rows=0 width=0)
	  ->  Result  (cost=0.00..0.01 rows=1 width=736)

table 7 : explain INSERT INTO sbtest7 (id, k, c, pad) VALUES (3471533, 13, 'foobar', 'foobar')
	Insert on sbtest7  (cost=0.00..0.01 rows=0 width=0)
	  ->  Result  (cost=0.00..0.01 rows=1 width=736)

table 8 : explain INSERT INTO sbtest8 (id, k, c, pad) VALUES (6617063, 13, 'foobar', 'foobar')
	Insert on sbtest8  (cost=0.00..0.01 rows=0 width=0)
	  ->  Result  (cost=0.00..0.01 rows=1 width=736)

explain: for inserts :: explain INSERT INTO sbtest%u (id, k, c, pad) VALUES (%u, 13, 'foobar', 'foobar')
for inserts
table 1 : explain INSERT INTO sbtest1 (id, k, c, pad) VALUES (284405, 13, 'foobar', 'foobar')
	Insert on sbtest1  (cost=0.00..0.01 rows=0 width=0)
	  ->  Result  (cost=0.00..0.01 rows=1 width=736)

table 2 : explain INSERT INTO sbtest2 (id, k, c, pad) VALUES (7716020, 13, 'foobar', 'foobar')
	Insert on sbtest2  (cost=0.00..0.01 rows=0 width=0)
	  ->  Result  (cost=0.00..0.01 rows=1 width=736)

table 3 : explain INSERT INTO sbtest3 (id, k, c, pad) VALUES (2799336, 13, 'foobar', 'foobar')
	Insert on sbtest3  (cost=0.00..0.01 rows=0 width=0)
	  ->  Result  (cost=0.00..0.01 rows=1 width=736)

table 4 : explain INSERT INTO sbtest4 (id, k, c, pad) VALUES (7997793, 13, 'foobar', 'foobar')
	Insert on sbtest4  (cost=0.00..0.01 rows=0 width=0)
	  ->  Result  (cost=0.00..0.01 rows=1 width=736)

table 5 : explain INSERT INTO sbtest5 (id, k, c, pad) VALUES (2209947, 13, 'foobar', 'foobar')
	Insert on sbtest5  (cost=0.00..0.01 rows=0 width=0)
	  ->  Result  (cost=0.00..0.01 rows=1 width=736)

table 6 : explain INSERT INTO sbtest6 (id, k, c, pad) VALUES (9336234, 13, 'foobar', 'foobar')
	Insert on sbtest6  (cost=0.00..0.01 rows=0 width=0)
	  ->  Result  (cost=0.00..0.01 rows=1 width=736)

table 7 : explain INSERT INTO sbtest7 (id, k, c, pad) VALUES (8114173, 13, 'foobar', 'foobar')
	Insert on sbtest7  (cost=0.00..0.01 rows=0 width=0)
	  ->  Result  (cost=0.00..0.01 rows=1 width=736)

table 8 : explain INSERT INTO sbtest8 (id, k, c, pad) VALUES (7766623, 13, 'foobar', 'foobar')
	Insert on sbtest8  (cost=0.00..0.01 rows=0 width=0)
	  ->  Result  (cost=0.00..0.01 rows=1 width=736)

for index_updates
table 1 : explain UPDATE sbtest1 SET k=k+1 WHERE id=7611363
	Update on sbtest1  (cost=0.43..8.46 rows=0 width=0)
	  ->  Index Scan using sbtest1_pkey on sbtest1  (cost=0.43..8.46 rows=1 width=10)
	        Index Cond: (id = 7611363)

table 2 : explain UPDATE sbtest2 SET k=k+1 WHERE id=1746816
	Update on sbtest2  (cost=0.43..8.46 rows=0 width=0)
	  ->  Index Scan using sbtest2_pkey on sbtest2  (cost=0.43..8.46 rows=1 width=10)
	        Index Cond: (id = 1746816)

table 3 : explain UPDATE sbtest3 SET k=k+1 WHERE id=2009469
	Update on sbtest3  (cost=0.43..8.46 rows=0 width=0)
	  ->  Index Scan using sbtest3_pkey on sbtest3  (cost=0.43..8.46 rows=1 width=10)
	        Index Cond: (id = 2009469)

table 4 : explain UPDATE sbtest4 SET k=k+1 WHERE id=8952027
	Update on sbtest4  (cost=0.43..8.46 rows=0 width=0)
	  ->  Index Scan using sbtest4_pkey on sbtest4  (cost=0.43..8.46 rows=1 width=10)
	        Index Cond: (id = 8952027)

table 5 : explain UPDATE sbtest5 SET k=k+1 WHERE id=6316691
	Update on sbtest5  (cost=0.43..8.46 rows=0 width=0)
	  ->  Index Scan using sbtest5_pkey on sbtest5  (cost=0.43..8.46 rows=1 width=10)
	        Index Cond: (id = 6316691)

table 6 : explain UPDATE sbtest6 SET k=k+1 WHERE id=188144
	Update on sbtest6  (cost=0.43..8.46 rows=0 width=0)
	  ->  Index Scan using sbtest6_pkey on sbtest6  (cost=0.43..8.46 rows=1 width=10)
	        Index Cond: (id = 188144)

table 7 : explain UPDATE sbtest7 SET k=k+1 WHERE id=326755
	Update on sbtest7  (cost=0.43..8.46 rows=0 width=0)
	  ->  Index Scan using sbtest7_pkey on sbtest7  (cost=0.43..8.46 rows=1 width=10)
	        Index Cond: (id = 326755)

table 8 : explain UPDATE sbtest8 SET k=k+1 WHERE id=7537354
	Update on sbtest8  (cost=0.43..8.46 rows=0 width=0)
	  ->  Index Scan using sbtest8_pkey on sbtest8  (cost=0.43..8.46 rows=1 width=10)
	        Index Cond: (id = 7537354)

for: simple_ranges
table 1 : explain SELECT c FROM sbtest1 WHERE id BETWEEN 2414470 AND 2414569
	Index Scan using sbtest1_pkey on sbtest1  (cost=0.43..379.87 rows=99 width=121)
	  Index Cond: ((id >= 2414470) AND (id <= 2414569))

table 2 : explain SELECT c FROM sbtest2 WHERE id BETWEEN 6864765 AND 6864864
	Index Scan using sbtest2_pkey on sbtest2  (cost=0.43..398.52 rows=105 width=121)
	  Index Cond: ((id >= 6864765) AND (id <= 6864864))

table 3 : explain SELECT c FROM sbtest3 WHERE id BETWEEN 1803927 AND 1804026
	Index Scan using sbtest3_pkey on sbtest3  (cost=0.43..352.82 rows=92 width=121)
	  Index Cond: ((id >= 1803927) AND (id <= 1804026))

table 4 : explain SELECT c FROM sbtest4 WHERE id BETWEEN 6479408 AND 6479507
	Index Scan using sbtest4_pkey on sbtest4  (cost=0.43..360.58 rows=94 width=121)
	  Index Cond: ((id >= 6479408) AND (id <= 6479507))

table 5 : explain SELECT c FROM sbtest5 WHERE id BETWEEN 4681362 AND 4681461
	Index Scan using sbtest5_pkey on sbtest5  (cost=0.43..397.63 rows=104 width=121)
	  Index Cond: ((id >= 4681362) AND (id <= 4681461))

table 6 : explain SELECT c FROM sbtest6 WHERE id BETWEEN 3920852 AND 3920951
	Index Scan using sbtest6_pkey on sbtest6  (cost=0.43..355.98 rows=93 width=121)
	  Index Cond: ((id >= 3920852) AND (id <= 3920951))

table 7 : explain SELECT c FROM sbtest7 WHERE id BETWEEN 1611666 AND 1611765
	Index Scan using sbtest7_pkey on sbtest7  (cost=0.43..376.26 rows=99 width=121)
	  Index Cond: ((id >= 1611666) AND (id <= 1611765))

table 8 : explain SELECT c FROM sbtest8 WHERE id BETWEEN 652188 AND 652287
	Index Scan using sbtest8_pkey on sbtest8  (cost=0.43..396.55 rows=104 width=121)
	  Index Cond: ((id >= 652188) AND (id <= 652287))

explain: for index_updates :: explain UPDATE sbtest%u SET k=k+1 WHERE id=%u
for index_updates
table 1 : explain UPDATE sbtest1 SET k=k+1 WHERE id=6829305
	Update on sbtest1  (cost=0.43..8.46 rows=0 width=0)
	  ->  Index Scan using sbtest1_pkey on sbtest1  (cost=0.43..8.46 rows=1 width=10)
	        Index Cond: (id = 6829305)

table 2 : explain UPDATE sbtest2 SET k=k+1 WHERE id=2915832
	Update on sbtest2  (cost=0.43..8.46 rows=0 width=0)
	  ->  Index Scan using sbtest2_pkey on sbtest2  (cost=0.43..8.46 rows=1 width=10)
	        Index Cond: (id = 2915832)

table 3 : explain UPDATE sbtest3 SET k=k+1 WHERE id=4764108
	Update on sbtest3  (cost=0.43..8.46 rows=0 width=0)
	  ->  Index Scan using sbtest3_pkey on sbtest3  (cost=0.43..8.46 rows=1 width=10)
	        Index Cond: (id = 4764108)

table 4 : explain UPDATE sbtest4 SET k=k+1 WHERE id=2930557
	Update on sbtest4  (cost=0.43..8.46 rows=0 width=0)
	  ->  Index Scan using sbtest4_pkey on sbtest4  (cost=0.43..8.46 rows=1 width=10)
	        Index Cond: (id = 2930557)

table 5 : explain UPDATE sbtest5 SET k=k+1 WHERE id=6641512
	Update on sbtest5  (cost=0.43..8.46 rows=0 width=0)
	  ->  Index Scan using sbtest5_pkey on sbtest5  (cost=0.43..8.46 rows=1 width=10)
	        Index Cond: (id = 6641512)

table 6 : explain UPDATE sbtest6 SET k=k+1 WHERE id=6822475
	Update on sbtest6  (cost=0.43..8.46 rows=0 width=0)
	  ->  Index Scan using sbtest6_pkey on sbtest6  (cost=0.43..8.46 rows=1 width=10)
	        Index Cond: (id = 6822475)

table 7 : explain UPDATE sbtest7 SET k=k+1 WHERE id=3585038
	Update on sbtest7  (cost=0.43..8.46 rows=0 width=0)
	  ->  Index Scan using sbtest7_pkey on sbtest7  (cost=0.43..8.46 rows=1 width=10)
	        Index Cond: (id = 3585038)

table 8 : explain UPDATE sbtest8 SET k=k+1 WHERE id=3114291
	Update on sbtest8  (cost=0.43..8.46 rows=0 width=0)
	  ->  Index Scan using sbtest8_pkey on sbtest8  (cost=0.43..8.46 rows=1 width=10)
	        Index Cond: (id = 3114291)

for: distinct_ranges
table 1 : explain SELECT DISTINCT c FROM sbtest1 WHERE id BETWEEN 990852 AND 990951 ORDER BY c
	Unique  (cost=360.18..360.65 rows=93 width=121)
	  ->  Sort  (cost=360.18..360.41 rows=93 width=121)
	        Sort Key: c
	        ->  Index Scan using sbtest1_pkey on sbtest1  (cost=0.43..357.14 rows=93 width=121)
	              Index Cond: ((id >= 990852) AND (id <= 990951))

table 2 : explain SELECT DISTINCT c FROM sbtest2 WHERE id BETWEEN 2106570 AND 2106669 ORDER BY c
	Unique  (cost=424.78..425.34 rows=111 width=121)
	  ->  Sort  (cost=424.78..425.06 rows=111 width=121)
	        Sort Key: c
	        ->  Index Scan using sbtest2_pkey on sbtest2  (cost=0.43..421.01 rows=111 width=121)
	              Index Cond: ((id >= 2106570) AND (id <= 2106669))

table 3 : explain SELECT DISTINCT c FROM sbtest3 WHERE id BETWEEN 8312597 AND 8312696 ORDER BY c
	Unique  (cost=378.76..379.25 rows=98 width=121)
	  ->  Sort  (cost=378.76..379.01 rows=98 width=121)
	        Sort Key: c
	        ->  Index Scan using sbtest3_pkey on sbtest3  (cost=0.43..375.52 rows=98 width=121)
	              Index Cond: ((id >= 8312597) AND (id <= 8312696))

table 4 : explain SELECT DISTINCT c FROM sbtest4 WHERE id BETWEEN 3104466 AND 3104565 ORDER BY c
	Unique  (cost=359.84..360.30 rows=93 width=121)
	  ->  Sort  (cost=359.84..360.07 rows=93 width=121)
	        Sort Key: c
	        ->  Index Scan using sbtest4_pkey on sbtest4  (cost=0.43..356.80 rows=93 width=121)
	              Index Cond: ((id >= 3104466) AND (id <= 3104565))

table 5 : explain SELECT DISTINCT c FROM sbtest5 WHERE id BETWEEN 6909688 AND 6909787 ORDER BY c
	Unique  (cost=401.12..401.64 rows=104 width=121)
	  ->  Sort  (cost=401.12..401.38 rows=104 width=121)
	        Sort Key: c
	        ->  Index Scan using sbtest5_pkey on sbtest5  (cost=0.43..397.63 rows=104 width=121)
	              Index Cond: ((id >= 6909688) AND (id <= 6909787))

table 6 : explain SELECT DISTINCT c FROM sbtest6 WHERE id BETWEEN 2953445 AND 2953544 ORDER BY c
	Unique  (cost=435.41..435.98 rows=113 width=121)
	  ->  Sort  (cost=435.41..435.69 rows=113 width=121)
	        Sort Key: c
	        ->  Index Scan using sbtest6_pkey on sbtest6  (cost=0.43..431.56 rows=113 width=121)
	              Index Cond: ((id >= 2953445) AND (id <= 2953544))

table 7 : explain SELECT DISTINCT c FROM sbtest7 WHERE id BETWEEN 2126965 AND 2127064 ORDER BY c
	Unique  (cost=383.34..383.84 rows=100 width=121)
	  ->  Sort  (cost=383.34..383.59 rows=100 width=121)
	        Sort Key: c
	        ->  Index Scan using sbtest7_pkey on sbtest7  (cost=0.43..380.01 rows=100 width=121)
	              Index Cond: ((id >= 2126965) AND (id <= 2127064))

table 8 : explain SELECT DISTINCT c FROM sbtest8 WHERE id BETWEEN 6998742 AND 6998841 ORDER BY c
	Unique  (cost=419.06..419.61 rows=109 width=121)
	  ->  Sort  (cost=419.06..419.34 rows=109 width=121)
	        Sort Key: c
	        ->  Index Scan using sbtest8_pkey on sbtest8  (cost=0.43..415.38 rows=109 width=121)
	              Index Cond: ((id >= 6998742) AND (id <= 6998841))

explain: for index_updates :: explain UPDATE sbtest%u SET k=k+1 WHERE id=%u
for: distinct_ranges
table 1 : explain SELECT DISTINCT c FROM sbtest1 WHERE id BETWEEN 1658022 AND 1658121 ORDER BY c
	Unique  (cost=413.78..414.32 rows=107 width=121)
	  ->  Sort  (cost=413.78..414.05 rows=107 width=121)
	        Sort Key: c
	        ->  Index Scan using sbtest1_pkey on sbtest1  (cost=0.43..410.17 rows=107 width=121)
	              Index Cond: ((id >= 1658022) AND (id <= 1658121))

table 2 : explain SELECT DISTINCT c FROM sbtest2 WHERE id BETWEEN 3968432 AND 3968531 ORDER BY c
	Unique  (cost=367.87..368.35 rows=96 width=121)
	  ->  Sort  (cost=367.87..368.11 rows=96 width=121)
	        Sort Key: c
	        ->  Index Scan using sbtest2_pkey on sbtest2  (cost=0.43..364.71 rows=96 width=121)
	              Index Cond: ((id >= 3968432) AND (id <= 3968531))

table 3 : explain SELECT DISTINCT c FROM sbtest3 WHERE id BETWEEN 9022880 AND 9022979 ORDER BY c
	Unique  (cost=382.58..383.08 rows=99 width=121)
	  ->  Sort  (cost=382.58..382.83 rows=99 width=121)
	        Sort Key: c
	        ->  Index Scan using sbtest3_pkey on sbtest3  (cost=0.43..379.30 rows=99 width=121)
	              Index Cond: ((id >= 9022880) AND (id <= 9022979))

table 4 : explain SELECT DISTINCT c FROM sbtest4 WHERE id BETWEEN 4773124 AND 4773223 ORDER BY c
	Unique  (cost=401.98..402.50 rows=104 width=121)
	  ->  Sort  (cost=401.98..402.24 rows=104 width=121)
	        Sort Key: c
	        ->  Index Scan using sbtest4_pkey on sbtest4  (cost=0.43..398.49 rows=104 width=121)
	              Index Cond: ((id >= 4773124) AND (id <= 4773223))

table 5 : explain SELECT DISTINCT c FROM sbtest5 WHERE id BETWEEN 4801493 AND 4801592 ORDER BY c
	Unique  (cost=382.03..382.53 rows=99 width=121)
	  ->  Sort  (cost=382.03..382.28 rows=99 width=121)
	        Sort Key: c
	        ->  Index Scan using sbtest5_pkey on sbtest5  (cost=0.43..378.75 rows=99 width=121)
	              Index Cond: ((id >= 4801493) AND (id <= 4801592))

table 6 : explain SELECT DISTINCT c FROM sbtest6 WHERE id BETWEEN 9759923 AND 9760022 ORDER BY c
	Unique  (cost=408.69..409.22 rows=106 width=121)
	  ->  Sort  (cost=408.69..408.96 rows=106 width=121)
	        Sort Key: c
	        ->  Index Scan using sbtest6_pkey on sbtest6  (cost=0.43..405.13 rows=106 width=121)
	              Index Cond: ((id >= 9759923) AND (id <= 9760022))

table 7 : explain SELECT DISTINCT c FROM sbtest7 WHERE id BETWEEN 1380244 AND 1380343 ORDER BY c
	Unique  (cost=417.46..418.01 rows=109 width=121)
	  ->  Sort  (cost=417.46..417.73 rows=109 width=121)
	        Sort Key: c
	        ->  Index Scan using sbtest7_pkey on sbtest7  (cost=0.43..413.77 rows=109 width=121)
	              Index Cond: ((id >= 1380244) AND (id <= 1380343))

table 8 : explain SELECT DISTINCT c FROM sbtest8 WHERE id BETWEEN 7707706 AND 7707805 ORDER BY c
	Unique  (cost=377.19..377.68 rows=98 width=121)
	  ->  Sort  (cost=377.19..377.44 rows=98 width=121)
	        Sort Key: c
	        ->  Index Scan using sbtest8_pkey on sbtest8  (cost=0.43..373.95 rows=98 width=121)
	              Index Cond: ((id >= 7707706) AND (id <= 7707805))

explain: for non_index_updates :: explain UPDATE sbtest%u SET c='foobar' WHERE id=%u
for non_index_updates
table 1 : explain UPDATE sbtest1 SET c='foobar' WHERE id=4008893
	Update on sbtest1  (cost=0.43..8.45 rows=0 width=0)
	  ->  Index Scan using sbtest1_pkey on sbtest1  (cost=0.43..8.45 rows=1 width=490)
	        Index Cond: (id = 4008893)

table 2 : explain UPDATE sbtest2 SET c='foobar' WHERE id=4129536
	Update on sbtest2  (cost=0.43..8.45 rows=0 width=0)
	  ->  Index Scan using sbtest2_pkey on sbtest2  (cost=0.43..8.45 rows=1 width=490)
	        Index Cond: (id = 4129536)

table 3 : explain UPDATE sbtest3 SET c='foobar' WHERE id=9630788
	Update on sbtest3  (cost=0.43..8.45 rows=0 width=0)
	  ->  Index Scan using sbtest3_pkey on sbtest3  (cost=0.43..8.45 rows=1 width=490)
	        Index Cond: (id = 9630788)

table 4 : explain UPDATE sbtest4 SET c='foobar' WHERE id=4617246
	Update on sbtest4  (cost=0.43..8.45 rows=0 width=0)
	  ->  Index Scan using sbtest4_pkey on sbtest4  (cost=0.43..8.45 rows=1 width=490)
	        Index Cond: (id = 4617246)

table 5 : explain UPDATE sbtest5 SET c='foobar' WHERE id=2975667
	Update on sbtest5  (cost=0.43..8.45 rows=0 width=0)
	  ->  Index Scan using sbtest5_pkey on sbtest5  (cost=0.43..8.45 rows=1 width=490)
	        Index Cond: (id = 2975667)

table 6 : explain UPDATE sbtest6 SET c='foobar' WHERE id=6734168
	Update on sbtest6  (cost=0.43..8.45 rows=0 width=0)
	  ->  Index Scan using sbtest6_pkey on sbtest6  (cost=0.43..8.45 rows=1 width=490)
	        Index Cond: (id = 6734168)

table 7 : explain UPDATE sbtest7 SET c='foobar' WHERE id=5051498
	Update on sbtest7  (cost=0.43..8.45 rows=0 width=0)
	  ->  Index Scan using sbtest7_pkey on sbtest7  (cost=0.43..8.45 rows=1 width=490)
	        Index Cond: (id = 5051498)

table 8 : explain UPDATE sbtest8 SET c='foobar' WHERE id=2061774
	Update on sbtest8  (cost=0.43..8.45 rows=0 width=0)
	  ->  Index Scan using sbtest8_pkey on sbtest8  (cost=0.43..8.45 rows=1 width=490)
	        Index Cond: (id = 2061774)

for inserts
table 1 : explain INSERT INTO sbtest1 (id, k, c, pad) VALUES (9311505, 13, 'foobar', 'foobar')
	Insert on sbtest1  (cost=0.00..0.01 rows=0 width=0)
	  ->  Result  (cost=0.00..0.01 rows=1 width=736)

table 2 : explain INSERT INTO sbtest2 (id, k, c, pad) VALUES (8248588, 13, 'foobar', 'foobar')
	Insert on sbtest2  (cost=0.00..0.01 rows=0 width=0)
	  ->  Result  (cost=0.00..0.01 rows=1 width=736)

table 3 : explain INSERT INTO sbtest3 (id, k, c, pad) VALUES (1578443, 13, 'foobar', 'foobar')
	Insert on sbtest3  (cost=0.00..0.01 rows=0 width=0)
	  ->  Result  (cost=0.00..0.01 rows=1 width=736)

table 4 : explain INSERT INTO sbtest4 (id, k, c, pad) VALUES (160710, 13, 'foobar', 'foobar')
	Insert on sbtest4  (cost=0.00..0.01 rows=0 width=0)
	  ->  Result  (cost=0.00..0.01 rows=1 width=736)

table 5 : explain INSERT INTO sbtest5 (id, k, c, pad) VALUES (8006330, 13, 'foobar', 'foobar')
	Insert on sbtest5  (cost=0.00..0.01 rows=0 width=0)
	  ->  Result  (cost=0.00..0.01 rows=1 width=736)

table 6 : explain INSERT INTO sbtest6 (id, k, c, pad) VALUES (2546459, 13, 'foobar', 'foobar')
	Insert on sbtest6  (cost=0.00..0.01 rows=0 width=0)
	  ->  Result  (cost=0.00..0.01 rows=1 width=736)

table 7 : explain INSERT INTO sbtest7 (id, k, c, pad) VALUES (5698275, 13, 'foobar', 'foobar')
	Insert on sbtest7  (cost=0.00..0.01 rows=0 width=0)
	  ->  Result  (cost=0.00..0.01 rows=1 width=736)

table 8 : explain INSERT INTO sbtest8 (id, k, c, pad) VALUES (2787024, 13, 'foobar', 'foobar')
	Insert on sbtest8  (cost=0.00..0.01 rows=0 width=0)
	  ->  Result  (cost=0.00..0.01 rows=1 width=736)

explain: for non_index_updates :: explain UPDATE sbtest%u SET c='foobar' WHERE id=%u
explain: for index_updates :: explain UPDATE sbtest%u SET k=k+1 WHERE id=%u
for inserts
table 1 : explain INSERT INTO sbtest1 (id, k, c, pad) VALUES (2335289, 13, 'foobar', 'foobar')
	Insert on sbtest1  (cost=0.00..0.01 rows=0 width=0)
	  ->  Result  (cost=0.00..0.01 rows=1 width=736)

table 2 : explain INSERT INTO sbtest2 (id, k, c, pad) VALUES (7096657, 13, 'foobar', 'foobar')
	Insert on sbtest2  (cost=0.00..0.01 rows=0 width=0)
	  ->  Result  (cost=0.00..0.01 rows=1 width=736)

table 3 : explain INSERT INTO sbtest3 (id, k, c, pad) VALUES (5790894, 13, 'foobar', 'foobar')
	Insert on sbtest3  (cost=0.00..0.01 rows=0 width=0)
	  ->  Result  (cost=0.00..0.01 rows=1 width=736)

table 4 : explain INSERT INTO sbtest4 (id, k, c, pad) VALUES (1462796, 13, 'foobar', 'foobar')
	Insert on sbtest4  (cost=0.00..0.01 rows=0 width=0)
	  ->  Result  (cost=0.00..0.01 rows=1 width=736)

table 5 : explain INSERT INTO sbtest5 (id, k, c, pad) VALUES (2520947, 13, 'foobar', 'foobar')
	Insert on sbtest5  (cost=0.00..0.01 rows=0 width=0)
	  ->  Result  (cost=0.00..0.01 rows=1 width=736)

table 6 : explain INSERT INTO sbtest6 (id, k, c, pad) VALUES (2621015, 13, 'foobar', 'foobar')
	Insert on sbtest6  (cost=0.00..0.01 rows=0 width=0)
	  ->  Result  (cost=0.00..0.01 rows=1 width=736)

table 7 : explain INSERT INTO sbtest7 (id, k, c, pad) VALUES (8850437, 13, 'foobar', 'foobar')
	Insert on sbtest7  (cost=0.00..0.01 rows=0 width=0)
	  ->  Result  (cost=0.00..0.01 rows=1 width=736)

table 8 : explain INSERT INTO sbtest8 (id, k, c, pad) VALUES (2104135, 13, 'foobar', 'foobar')
	Insert on sbtest8  (cost=0.00..0.01 rows=0 width=0)
	  ->  Result  (cost=0.00..0.01 rows=1 width=736)

for index_updates
table 1 : explain UPDATE sbtest1 SET k=k+1 WHERE id=2122858
	Update on sbtest1  (cost=0.43..8.46 rows=0 width=0)
	  ->  Index Scan using sbtest1_pkey on sbtest1  (cost=0.43..8.46 rows=1 width=10)
	        Index Cond: (id = 2122858)

table 2 : explain UPDATE sbtest2 SET k=k+1 WHERE id=9062902
	Update on sbtest2  (cost=0.43..8.46 rows=0 width=0)
	  ->  Index Scan using sbtest2_pkey on sbtest2  (cost=0.43..8.46 rows=1 width=10)
	        Index Cond: (id = 9062902)

table 3 : explain UPDATE sbtest3 SET k=k+1 WHERE id=3067214
	Update on sbtest3  (cost=0.43..8.46 rows=0 width=0)
	  ->  Index Scan using sbtest3_pkey on sbtest3  (cost=0.43..8.46 rows=1 width=10)
	        Index Cond: (id = 3067214)

table 4 : explain UPDATE sbtest4 SET k=k+1 WHERE id=9797562
	Update on sbtest4  (cost=0.43..8.46 rows=0 width=0)
	  ->  Index Scan using sbtest4_pkey on sbtest4  (cost=0.43..8.46 rows=1 width=10)
	        Index Cond: (id = 9797562)

table 5 : explain UPDATE sbtest5 SET k=k+1 WHERE id=7635133
	Update on sbtest5  (cost=0.43..8.46 rows=0 width=0)
	  ->  Index Scan using sbtest5_pkey on sbtest5  (cost=0.43..8.46 rows=1 width=10)
	        Index Cond: (id = 7635133)

table 6 : explain UPDATE sbtest6 SET k=k+1 WHERE id=7594468
	Update on sbtest6  (cost=0.43..8.46 rows=0 width=0)
	  ->  Index Scan using sbtest6_pkey on sbtest6  (cost=0.43..8.46 rows=1 width=10)
	        Index Cond: (id = 7594468)

table 7 : explain UPDATE sbtest7 SET k=k+1 WHERE id=2660345
	Update on sbtest7  (cost=0.43..8.46 rows=0 width=0)
	  ->  Index Scan using sbtest7_pkey on sbtest7  (cost=0.43..8.46 rows=1 width=10)
	        Index Cond: (id = 2660345)

table 8 : explain UPDATE sbtest8 SET k=k+1 WHERE id=9842665
	Update on sbtest8  (cost=0.43..8.46 rows=0 width=0)
	  ->  Index Scan using sbtest8_pkey on sbtest8  (cost=0.43..8.46 rows=1 width=10)
	        Index Cond: (id = 9842665)

for non_index_updates
table 1 : explain UPDATE sbtest1 SET c='foobar' WHERE id=2369994
	Update on sbtest1  (cost=0.43..8.45 rows=0 width=0)
	  ->  Index Scan using sbtest1_pkey on sbtest1  (cost=0.43..8.45 rows=1 width=490)
	        Index Cond: (id = 2369994)

table 2 : explain UPDATE sbtest2 SET c='foobar' WHERE id=1980197
	Update on sbtest2  (cost=0.43..8.45 rows=0 width=0)
	  ->  Index Scan using sbtest2_pkey on sbtest2  (cost=0.43..8.45 rows=1 width=490)
	        Index Cond: (id = 1980197)

table 3 : explain UPDATE sbtest3 SET c='foobar' WHERE id=6157837
	Update on sbtest3  (cost=0.43..8.45 rows=0 width=0)
	  ->  Index Scan using sbtest3_pkey on sbtest3  (cost=0.43..8.45 rows=1 width=490)
	        Index Cond: (id = 6157837)

table 4 : explain UPDATE sbtest4 SET c='foobar' WHERE id=8856623
	Update on sbtest4  (cost=0.43..8.45 rows=0 width=0)
	  ->  Index Scan using sbtest4_pkey on sbtest4  (cost=0.43..8.45 rows=1 width=490)
	        Index Cond: (id = 8856623)

table 5 : explain UPDATE sbtest5 SET c='foobar' WHERE id=3491958
	Update on sbtest5  (cost=0.43..8.45 rows=0 width=0)
	  ->  Index Scan using sbtest5_pkey on sbtest5  (cost=0.43..8.45 rows=1 width=490)
	        Index Cond: (id = 3491958)

table 6 : explain UPDATE sbtest6 SET c='foobar' WHERE id=3634807
	Update on sbtest6  (cost=0.43..8.45 rows=0 width=0)
	  ->  Index Scan using sbtest6_pkey on sbtest6  (cost=0.43..8.45 rows=1 width=490)
	        Index Cond: (id = 3634807)

table 7 : explain UPDATE sbtest7 SET c='foobar' WHERE id=3393475
	Update on sbtest7  (cost=0.43..8.45 rows=0 width=0)
	  ->  Index Scan using sbtest7_pkey on sbtest7  (cost=0.43..8.45 rows=1 width=490)
	        Index Cond: (id = 3393475)

table 8 : explain UPDATE sbtest8 SET c='foobar' WHERE id=3076157
	Update on sbtest8  (cost=0.43..8.45 rows=0 width=0)
	  ->  Index Scan using sbtest8_pkey on sbtest8  (cost=0.43..8.45 rows=1 width=490)
	        Index Cond: (id = 3076157)

for index_updates
table 1 : explain UPDATE sbtest1 SET k=k+1 WHERE id=5361199
	Update on sbtest1  (cost=0.43..8.46 rows=0 width=0)
	  ->  Index Scan using sbtest1_pkey on sbtest1  (cost=0.43..8.46 rows=1 width=10)
	        Index Cond: (id = 5361199)

table 2 : explain UPDATE sbtest2 SET k=k+1 WHERE id=5570077
	Update on sbtest2  (cost=0.43..8.46 rows=0 width=0)
	  ->  Index Scan using sbtest2_pkey on sbtest2  (cost=0.43..8.46 rows=1 width=10)
	        Index Cond: (id = 5570077)

table 3 : explain UPDATE sbtest3 SET k=k+1 WHERE id=1241068
	Update on sbtest3  (cost=0.43..8.46 rows=0 width=0)
	  ->  Index Scan using sbtest3_pkey on sbtest3  (cost=0.43..8.46 rows=1 width=10)
	        Index Cond: (id = 1241068)

table 4 : explain UPDATE sbtest4 SET k=k+1 WHERE id=573846
	Update on sbtest4  (cost=0.43..8.46 rows=0 width=0)
	  ->  Index Scan using sbtest4_pkey on sbtest4  (cost=0.43..8.46 rows=1 width=10)
	        Index Cond: (id = 573846)

table 5 : explain UPDATE sbtest5 SET k=k+1 WHERE id=9024672
	Update on sbtest5  (cost=0.43..8.46 rows=0 width=0)
	  ->  Index Scan using sbtest5_pkey on sbtest5  (cost=0.43..8.46 rows=1 width=10)
	        Index Cond: (id = 9024672)

table 6 : explain UPDATE sbtest6 SET k=k+1 WHERE id=2712315
	Update on sbtest6  (cost=0.43..8.46 rows=0 width=0)
	  ->  Index Scan using sbtest6_pkey on sbtest6  (cost=0.43..8.46 rows=1 width=10)
	        Index Cond: (id = 2712315)

table 7 : explain UPDATE sbtest7 SET k=k+1 WHERE id=3148126
	Update on sbtest7  (cost=0.43..8.46 rows=0 width=0)
	  ->  Index Scan using sbtest7_pkey on sbtest7  (cost=0.43..8.46 rows=1 width=10)
	        Index Cond: (id = 3148126)

table 8 : explain UPDATE sbtest8 SET k=k+1 WHERE id=492002
	Update on sbtest8  (cost=0.43..8.46 rows=0 width=0)
	  ->  Index Scan using sbtest8_pkey on sbtest8  (cost=0.43..8.46 rows=1 width=10)
	        Index Cond: (id = 492002)

explain: for index_updates :: explain UPDATE sbtest%u SET k=k+1 WHERE id=%u
for non_index_updates
table 1 : explain UPDATE sbtest1 SET c='foobar' WHERE id=8959046
	Update on sbtest1  (cost=0.43..8.45 rows=0 width=0)
	  ->  Index Scan using sbtest1_pkey on sbtest1  (cost=0.43..8.45 rows=1 width=490)
	        Index Cond: (id = 8959046)

table 2 : explain UPDATE sbtest2 SET c='foobar' WHERE id=8835499
	Update on sbtest2  (cost=0.43..8.45 rows=0 width=0)
	  ->  Index Scan using sbtest2_pkey on sbtest2  (cost=0.43..8.45 rows=1 width=490)
	        Index Cond: (id = 8835499)

table 3 : explain UPDATE sbtest3 SET c='foobar' WHERE id=4543505
	Update on sbtest3  (cost=0.43..8.45 rows=0 width=0)
	  ->  Index Scan using sbtest3_pkey on sbtest3  (cost=0.43..8.45 rows=1 width=490)
	        Index Cond: (id = 4543505)

table 4 : explain UPDATE sbtest4 SET c='foobar' WHERE id=8837941
	Update on sbtest4  (cost=0.43..8.45 rows=0 width=0)
	  ->  Index Scan using sbtest4_pkey on sbtest4  (cost=0.43..8.45 rows=1 width=490)
	        Index Cond: (id = 8837941)

table 5 : explain UPDATE sbtest5 SET c='foobar' WHERE id=33476
	Update on sbtest5  (cost=0.43..8.45 rows=0 width=0)
	  ->  Index Scan using sbtest5_pkey on sbtest5  (cost=0.43..8.45 rows=1 width=490)
	        Index Cond: (id = 33476)

table 6 : explain UPDATE sbtest6 SET c='foobar' WHERE id=1488460
	Update on sbtest6  (cost=0.43..8.45 rows=0 width=0)
	  ->  Index Scan using sbtest6_pkey on sbtest6  (cost=0.43..8.45 rows=1 width=490)
	        Index Cond: (id = 1488460)

table 7 : explain UPDATE sbtest7 SET c='foobar' WHERE id=688863
	Update on sbtest7  (cost=0.43..8.45 rows=0 width=0)
	  ->  Index Scan using sbtest7_pkey on sbtest7  (cost=0.43..8.45 rows=1 width=490)
	        Index Cond: (id = 688863)

table 8 : explain UPDATE sbtest8 SET c='foobar' WHERE id=2050001
	Update on sbtest8  (cost=0.43..8.45 rows=0 width=0)
	  ->  Index Scan using sbtest8_pkey on sbtest8  (cost=0.43..8.45 rows=1 width=490)
	        Index Cond: (id = 2050001)

explain: for non_index_updates :: explain UPDATE sbtest%u SET c='foobar' WHERE id=%uexplain: for deletes :: explain DELETE FROM sbtest%u WHERE id=%u

for index_updates
table 1 : explain UPDATE sbtest1 SET k=k+1 WHERE id=2393909
	Update on sbtest1  (cost=0.43..8.46 rows=0 width=0)
	  ->  Index Scan using sbtest1_pkey on sbtest1  (cost=0.43..8.46 rows=1 width=10)
	        Index Cond: (id = 2393909)

table 2 : explain UPDATE sbtest2 SET k=k+1 WHERE id=3984964
	Update on sbtest2  (cost=0.43..8.46 rows=0 width=0)
	  ->  Index Scan using sbtest2_pkey on sbtest2  (cost=0.43..8.46 rows=1 width=10)
	        Index Cond: (id = 3984964)

table 3 : explain UPDATE sbtest3 SET k=k+1 WHERE id=7508705
	Update on sbtest3  (cost=0.43..8.46 rows=0 width=0)
	  ->  Index Scan using sbtest3_pkey on sbtest3  (cost=0.43..8.46 rows=1 width=10)
	        Index Cond: (id = 7508705)

table 4 : explain UPDATE sbtest4 SET k=k+1 WHERE id=5579255
	Update on sbtest4  (cost=0.43..8.46 rows=0 width=0)
	  ->  Index Scan using sbtest4_pkey on sbtest4  (cost=0.43..8.46 rows=1 width=10)
	        Index Cond: (id = 5579255)

table 5 : explain UPDATE sbtest5 SET k=k+1 WHERE id=3757630
	Update on sbtest5  (cost=0.43..8.46 rows=0 width=0)
	  ->  Index Scan using sbtest5_pkey on sbtest5  (cost=0.43..8.46 rows=1 width=10)
	        Index Cond: (id = 3757630)

table 6 : explain UPDATE sbtest6 SET k=k+1 WHERE id=6251135
	Update on sbtest6  (cost=0.43..8.46 rows=0 width=0)
	  ->  Index Scan using sbtest6_pkey on sbtest6  (cost=0.43..8.46 rows=1 width=10)
	        Index Cond: (id = 6251135)

table 7 : explain UPDATE sbtest7 SET k=k+1 WHERE id=3177130
	Update on sbtest7  (cost=0.43..8.46 rows=0 width=0)
	  ->  Index Scan using sbtest7_pkey on sbtest7  (cost=0.43..8.46 rows=1 width=10)
	        Index Cond: (id = 3177130)

table 8 : explain UPDATE sbtest8 SET k=k+1 WHERE id=9724902
	Update on sbtest8  (cost=0.43..8.46 rows=0 width=0)
	  ->  Index Scan using sbtest8_pkey on sbtest8  (cost=0.43..8.46 rows=1 width=10)
	        Index Cond: (id = 9724902)

explain: for deletes :: explain DELETE FROM sbtest%u WHERE id=%u
for: sum_ranges
table 1 : explain SELECT SUM(k) FROM sbtest1 WHERE id BETWEEN 1086559 AND 1086658
	Aggregate  (cost=368.74..368.75 rows=1 width=8)
	  ->  Index Scan using sbtest1_pkey on sbtest1  (cost=0.43..368.50 rows=96 width=4)
	        Index Cond: ((id >= 1086559) AND (id <= 1086658))

table 2 : explain SELECT SUM(k) FROM sbtest2 WHERE id BETWEEN 1737554 AND 1737653
	Aggregate  (cost=432.54..432.55 rows=1 width=8)
	  ->  Index Scan using sbtest2_pkey on sbtest2  (cost=0.43..432.26 rows=114 width=4)
	        Index Cond: ((id >= 1737554) AND (id <= 1737653))

table 3 : explain SELECT SUM(k) FROM sbtest3 WHERE id BETWEEN 2588793 AND 2588892
	Aggregate  (cost=402.32..402.33 rows=1 width=8)
	  ->  Index Scan using sbtest3_pkey on sbtest3  (cost=0.43..402.06 rows=105 width=4)
	        Index Cond: ((id >= 2588793) AND (id <= 2588892))

table 4 : explain SELECT SUM(k) FROM sbtest4 WHERE id BETWEEN 6606150 AND 6606249
	Aggregate  (cost=413.90..413.91 rows=1 width=8)
	  ->  Index Scan using sbtest4_pkey on sbtest4  (cost=0.43..413.63 rows=108 width=4)
	        Index Cond: ((id >= 6606150) AND (id <= 6606249))

table 5 : explain SELECT SUM(k) FROM sbtest5 WHERE id BETWEEN 9781594 AND 9781693
	Aggregate  (cost=375.22..375.23 rows=1 width=8)
	  ->  Index Scan using sbtest5_pkey on sbtest5  (cost=0.43..374.97 rows=98 width=4)
	        Index Cond: ((id >= 9781594) AND (id <= 9781693))

table 6 : explain SELECT SUM(k) FROM sbtest6 WHERE id BETWEEN 9378792 AND 9378891
	Aggregate  (cost=386.50..386.51 rows=1 width=8)
	  ->  Index Scan using sbtest6_pkey on sbtest6  (cost=0.43..386.25 rows=101 width=4)
	        Index Cond: ((id >= 9378792) AND (id <= 9378891))

table 7 : explain SELECT SUM(k) FROM sbtest7 WHERE id BETWEEN 9417076 AND 9417175
	Aggregate  (cost=402.78..402.79 rows=1 width=8)
	  ->  Index Scan using sbtest7_pkey on sbtest7  (cost=0.43..402.52 rows=106 width=4)
	        Index Cond: ((id >= 9417076) AND (id <= 9417175))

table 8 : explain SELECT SUM(k) FROM sbtest8 WHERE id BETWEEN 698601 AND 698700
	Aggregate  (cost=381.73..381.74 rows=1 width=8)
	  ->  Index Scan using sbtest8_pkey on sbtest8  (cost=0.43..381.48 rows=100 width=4)
	        Index Cond: ((id >= 698601) AND (id <= 698700))

explain: for deletes :: explain DELETE FROM sbtest%u WHERE id=%u
explain: for non_index_updates :: explain UPDATE sbtest%u SET c='foobar' WHERE id=%u
explain: for non_index_updates :: explain UPDATE sbtest%u SET c='foobar' WHERE id=%u
for deletes
table 1 : explain DELETE FROM sbtest1 WHERE id=5178160
	Delete on sbtest1  (cost=0.43..8.45 rows=0 width=0)
	  ->  Index Scan using sbtest1_pkey on sbtest1  (cost=0.43..8.45 rows=1 width=6)
	        Index Cond: (id = 5178160)

table 2 : explain DELETE FROM sbtest2 WHERE id=4929634
	Delete on sbtest2  (cost=0.43..8.45 rows=0 width=0)
	  ->  Index Scan using sbtest2_pkey on sbtest2  (cost=0.43..8.45 rows=1 width=6)
	        Index Cond: (id = 4929634)

table 3 : explain DELETE FROM sbtest3 WHERE id=6036193
	Delete on sbtest3  (cost=0.43..8.45 rows=0 width=0)
	  ->  Index Scan using sbtest3_pkey on sbtest3  (cost=0.43..8.45 rows=1 width=6)
	        Index Cond: (id = 6036193)

table 4 : explain DELETE FROM sbtest4 WHERE id=8367714
	Delete on sbtest4  (cost=0.43..8.45 rows=0 width=0)
	  ->  Index Scan using sbtest4_pkey on sbtest4  (cost=0.43..8.45 rows=1 width=6)
	        Index Cond: (id = 8367714)

table 5 : explain DELETE FROM sbtest5 WHERE id=8732765
	Delete on sbtest5  (cost=0.43..8.45 rows=0 width=0)
	  ->  Index Scan using sbtest5_pkey on sbtest5  (cost=0.43..8.45 rows=1 width=6)
	        Index Cond: (id = 8732765)

table 6 : explain DELETE FROM sbtest6 WHERE id=8733798
	Delete on sbtest6  (cost=0.43..8.45 rows=0 width=0)
	  ->  Index Scan using sbtest6_pkey on sbtest6  (cost=0.43..8.45 rows=1 width=6)
	        Index Cond: (id = 8733798)

table 7 : explain DELETE FROM sbtest7 WHERE id=6752242
	Delete on sbtest7  (cost=0.43..8.45 rows=0 width=0)
	  ->  Index Scan using sbtest7_pkey on sbtest7  (cost=0.43..8.45 rows=1 width=6)
	        Index Cond: (id = 6752242)

table 8 : explain DELETE FROM sbtest8 WHERE id=3330866
	Delete on sbtest8  (cost=0.43..8.45 rows=0 width=0)
	  ->  Index Scan using sbtest8_pkey on sbtest8  (cost=0.43..8.45 rows=1 width=6)
	        Index Cond: (id = 3330866)

for deletes
table 1 : explain DELETE FROM sbtest1 WHERE id=388694
	Delete on sbtest1  (cost=0.43..8.45 rows=0 width=0)
	  ->  Index Scan using sbtest1_pkey on sbtest1  (cost=0.43..8.45 rows=1 width=6)
	        Index Cond: (id = 388694)

table 2 : explain DELETE FROM sbtest2 WHERE id=9248647
	Delete on sbtest2  (cost=0.43..8.45 rows=0 width=0)
	  ->  Index Scan using sbtest2_pkey on sbtest2  (cost=0.43..8.45 rows=1 width=6)
	        Index Cond: (id = 9248647)

table 3 : explain DELETE FROM sbtest3 WHERE id=6588234
	Delete on sbtest3  (cost=0.43..8.45 rows=0 width=0)
	  ->  Index Scan using sbtest3_pkey on sbtest3  (cost=0.43..8.45 rows=1 width=6)
	        Index Cond: (id = 6588234)

table 4 : explain DELETE FROM sbtest4 WHERE id=161127
	Delete on sbtest4  (cost=0.43..8.45 rows=0 width=0)
	  ->  Index Scan using sbtest4_pkey on sbtest4  (cost=0.43..8.45 rows=1 width=6)
	        Index Cond: (id = 161127)

table 5 : explain DELETE FROM sbtest5 WHERE id=6642250
	Delete on sbtest5  (cost=0.43..8.45 rows=0 width=0)
	  ->  Index Scan using sbtest5_pkey on sbtest5  (cost=0.43..8.45 rows=1 width=6)
	        Index Cond: (id = 6642250)

table 6 : explain DELETE FROM sbtest6 WHERE id=4300044
	Delete on sbtest6  (cost=0.43..8.45 rows=0 width=0)
	  ->  Index Scan using sbtest6_pkey on sbtest6  (cost=0.43..8.45 rows=1 width=6)
	        Index Cond: (id = 4300044)

table 7 : explain DELETE FROM sbtest7 WHERE id=2113474
	Delete on sbtest7  (cost=0.43..8.45 rows=0 width=0)
	  ->  Index Scan using sbtest7_pkey on sbtest7  (cost=0.43..8.45 rows=1 width=6)
	        Index Cond: (id = 2113474)

table 8 : explain DELETE FROM sbtest8 WHERE id=7220956
	Delete on sbtest8  (cost=0.43..8.45 rows=0 width=0)
	  ->  Index Scan using sbtest8_pkey on sbtest8  (cost=0.43..8.45 rows=1 width=6)
	        Index Cond: (id = 7220956)
for non_index_updates
table 1 : explain UPDATE sbtest1 SET c='foobar' WHERE id=6419775
	Update on sbtest1  (cost=0.43..8.45 rows=0 width=0)
	  ->  Index Scan using sbtest1_pkey on sbtest1  (cost=0.43..8.45 rows=1 width=490)
	        Index Cond: (id = 6419775)

table 2 : explain UPDATE sbtest2 SET c='foobar' WHERE id=1107621
	Update on sbtest2  (cost=0.43..8.45 rows=0 width=0)
	  ->  Index Scan using sbtest2_pkey on sbtest2  (cost=0.43..8.45 rows=1 width=490)
	        Index Cond: (id = 1107621)

table 3 : explain UPDATE sbtest3 SET c='foobar' WHERE id=1830148
	Update on sbtest3  (cost=0.43..8.45 rows=0 width=0)
	  ->  Index Scan using sbtest3_pkey on sbtest3  (cost=0.43..8.45 rows=1 width=490)
	        Index Cond: (id = 1830148)

table 4 : explain UPDATE sbtest4 SET c='foobar' WHERE id=2157803
	Update on sbtest4  (cost=0.43..8.45 rows=0 width=0)
	  ->  Index Scan using sbtest4_pkey on sbtest4  (cost=0.43..8.45 rows=1 width=490)
	        Index Cond: (id = 2157803)

table 5 : explain UPDATE sbtest5 SET c='foobar' WHERE id=2176703
	Update on sbtest5  (cost=0.43..8.45 rows=0 width=0)
	  ->  Index Scan using sbtest5_pkey on sbtest5  (cost=0.43..8.45 rows=1 width=490)
	        Index Cond: (id = 2176703)

table 6 : explain UPDATE sbtest6 SET c='foobar' WHERE id=8148087
	Update on sbtest6  (cost=0.43..8.45 rows=0 width=0)
	  ->  Index Scan using sbtest6_pkey on sbtest6  (cost=0.43..8.45 rows=1 width=490)
	        Index Cond: (id = 8148087)

table 7 : explain UPDATE sbtest7 SET c='foobar' WHERE id=3300199
	Update on sbtest7  (cost=0.43..8.45 rows=0 width=0)
	  ->  Index Scan using sbtest7_pkey on sbtest7  (cost=0.43..8.45 rows=1 width=490)
	        Index Cond: (id = 3300199)

table 8 : explain UPDATE sbtest8 SET c='foobar' WHERE id=8785057
	Update on sbtest8  (cost=0.43..8.45 rows=0 width=0)
	  ->  Index Scan using sbtest8_pkey on sbtest8  (cost=0.43..8.45 rows=1 width=490)
	        Index Cond: (id = 8785057)


for deletes
table 1 : explain DELETE FROM sbtest1 WHERE id=7388027
	Delete on sbtest1  (cost=0.43..8.45 rows=0 width=0)
	  ->  Index Scan using sbtest1_pkey on sbtest1  (cost=0.43..8.45 rows=1 width=6)
	        Index Cond: (id = 7388027)

table 2 : explain DELETE FROM sbtest2 WHERE id=6871627
	Delete on sbtest2  (cost=0.43..8.45 rows=0 width=0)
	  ->  Index Scan using sbtest2_pkey on sbtest2  (cost=0.43..8.45 rows=1 width=6)
	        Index Cond: (id = 6871627)

table 3 : explain DELETE FROM sbtest3 WHERE id=737494
	Delete on sbtest3  (cost=0.43..8.45 rows=0 width=0)
	  ->  Index Scan using sbtest3_pkey on sbtest3  (cost=0.43..8.45 rows=1 width=6)
	        Index Cond: (id = 737494)

table 4 : explain DELETE FROM sbtest4 WHERE id=8805267
	Delete on sbtest4  (cost=0.43..8.45 rows=0 width=0)
	  ->  Index Scan using sbtest4_pkey on sbtest4  (cost=0.43..8.45 rows=1 width=6)
	        Index Cond: (id = 8805267)

table 5 : explain DELETE FROM sbtest5 WHERE id=8441623
	Delete on sbtest5  (cost=0.43..8.45 rows=0 width=0)
	  ->  Index Scan using sbtest5_pkey on sbtest5  (cost=0.43..8.45 rows=1 width=6)
	        Index Cond: (id = 8441623)

table 6 : explain DELETE FROM sbtest6 WHERE id=9102261
	Delete on sbtest6  (cost=0.43..8.45 rows=0 width=0)
	  ->  Index Scan using sbtest6_pkey on sbtest6  (cost=0.43..8.45 rows=1 width=6)
	        Index Cond: (id = 9102261)

table 7 : explain DELETE FROM sbtest7 WHERE id=1292773
	Delete on sbtest7  (cost=0.43..8.45 rows=0 width=0)
	  ->  Index Scan using sbtest7_pkey on sbtest7  (cost=0.43..8.45 rows=1 width=6)
	        Index Cond: (id = 1292773)

table 8 : explain DELETE FROM sbtest8 WHERE id=2005092
	Delete on sbtest8  (cost=0.43..8.45 rows=0 width=0)
	  ->  Index Scan using sbtest8_pkey on sbtest8  (cost=0.43..8.45 rows=1 width=6)
	        Index Cond: (id = 2005092)

explain: for deletes :: explain DELETE FROM sbtest%u WHERE id=%u
for non_index_updates
table 1 : explain UPDATE sbtest1 SET c='foobar' WHERE id=3708705
	Update on sbtest1  (cost=0.43..8.45 rows=0 width=0)
	  ->  Index Scan using sbtest1_pkey on sbtest1  (cost=0.43..8.45 rows=1 width=490)
	        Index Cond: (id = 3708705)

table 2 : explain UPDATE sbtest2 SET c='foobar' WHERE id=3058183
	Update on sbtest2  (cost=0.43..8.45 rows=0 width=0)
	  ->  Index Scan using sbtest2_pkey on sbtest2  (cost=0.43..8.45 rows=1 width=490)
	        Index Cond: (id = 3058183)

table 3 : explain UPDATE sbtest3 SET c='foobar' WHERE id=6856184
	Update on sbtest3  (cost=0.43..8.45 rows=0 width=0)
	  ->  Index Scan using sbtest3_pkey on sbtest3  (cost=0.43..8.45 rows=1 width=490)
	        Index Cond: (id = 6856184)

table 4 : explain UPDATE sbtest4 SET c='foobar' WHERE id=7320233
	Update on sbtest4  (cost=0.43..8.45 rows=0 width=0)
	  ->  Index Scan using sbtest4_pkey on sbtest4  (cost=0.43..8.45 rows=1 width=490)
	        Index Cond: (id = 7320233)

table 5 : explain UPDATE sbtest5 SET c='foobar' WHERE id=5209798
	Update on sbtest5  (cost=0.43..8.45 rows=0 width=0)
	  ->  Index Scan using sbtest5_pkey on sbtest5  (cost=0.43..8.45 rows=1 width=490)
	        Index Cond: (id = 5209798)

table 6 : explain UPDATE sbtest6 SET c='foobar' WHERE id=393826
	Update on sbtest6  (cost=0.43..8.45 rows=0 width=0)
	  ->  Index Scan using sbtest6_pkey on sbtest6  (cost=0.43..8.45 rows=1 width=490)
	        Index Cond: (id = 393826)

table 7 : explain UPDATE sbtest7 SET c='foobar' WHERE id=7585943
	Update on sbtest7  (cost=0.43..8.45 rows=0 width=0)
	  ->  Index Scan using sbtest7_pkey on sbtest7  (cost=0.43..8.45 rows=1 width=490)
	        Index Cond: (id = 7585943)

table 8 : explain UPDATE sbtest8 SET c='foobar' WHERE id=2920735
	Update on sbtest8  (cost=0.43..8.45 rows=0 width=0)
	  ->  Index Scan using sbtest8_pkey on sbtest8  (cost=0.43..8.45 rows=1 width=490)
	        Index Cond: (id = 2920735)

for non_index_updates
table 1 : explain UPDATE sbtest1 SET c='foobar' WHERE id=6463882
	Update on sbtest1  (cost=0.43..8.45 rows=0 width=0)
	  ->  Index Scan using sbtest1_pkey on sbtest1  (cost=0.43..8.45 rows=1 width=490)
	        Index Cond: (id = 6463882)

table 2 : explain UPDATE sbtest2 SET c='foobar' WHERE id=8494787
	Update on sbtest2  (cost=0.43..8.45 rows=0 width=0)
	  ->  Index Scan using sbtest2_pkey on sbtest2  (cost=0.43..8.45 rows=1 width=490)
	        Index Cond: (id = 8494787)

table 3 : explain UPDATE sbtest3 SET c='foobar' WHERE id=8942221
	Update on sbtest3  (cost=0.43..8.45 rows=0 width=0)
	  ->  Index Scan using sbtest3_pkey on sbtest3  (cost=0.43..8.45 rows=1 width=490)
	        Index Cond: (id = 8942221)

table 4 : explain UPDATE sbtest4 SET c='foobar' WHERE id=5420522
	Update on sbtest4  (cost=0.43..8.45 rows=0 width=0)
	  ->  Index Scan using sbtest4_pkey on sbtest4  (cost=0.43..8.45 rows=1 width=490)
	        Index Cond: (id = 5420522)

table 5 : explain UPDATE sbtest5 SET c='foobar' WHERE id=8683337
	Update on sbtest5  (cost=0.43..8.45 rows=0 width=0)
	  ->  Index Scan using sbtest5_pkey on sbtest5  (cost=0.43..8.45 rows=1 width=490)
	        Index Cond: (id = 8683337)

table 6 : explain UPDATE sbtest6 SET c='foobar' WHERE id=789463
	Update on sbtest6  (cost=0.43..8.45 rows=0 width=0)
	  ->  Index Scan using sbtest6_pkey on sbtest6  (cost=0.43..8.45 rows=1 width=490)
	        Index Cond: (id = 789463)

table 7 : explain UPDATE sbtest7 SET c='foobar' WHERE id=4074456
	Update on sbtest7  (cost=0.43..8.45 rows=0 width=0)
	  ->  Index Scan using sbtest7_pkey on sbtest7  (cost=0.43..8.45 rows=1 width=490)
	        Index Cond: (id = 4074456)

table 8 : explain UPDATE sbtest8 SET c='foobar' WHERE id=1194419
	Update on sbtest8  (cost=0.43..8.45 rows=0 width=0)
	  ->  Index Scan using sbtest8_pkey on sbtest8  (cost=0.43..8.45 rows=1 width=490)
	        Index Cond: (id = 1194419)

explain: for inserts :: explain INSERT INTO sbtest%u (id, k, c, pad) VALUES (%u, 13, 'foobar', 'foobar')
explain: for deletes :: explain DELETE FROM sbtest%u WHERE id=%u
explain: for deletes :: explain DELETE FROM sbtest%u WHERE id=%u
for deletes
table 1 : explain DELETE FROM sbtest1 WHERE id=2817611
	Delete on sbtest1  (cost=0.43..8.45 rows=0 width=0)
	  ->  Index Scan using sbtest1_pkey on sbtest1  (cost=0.43..8.45 rows=1 width=6)
	        Index Cond: (id = 2817611)

table 2 : explain DELETE FROM sbtest2 WHERE id=7548286
	Delete on sbtest2  (cost=0.43..8.45 rows=0 width=0)
	  ->  Index Scan using sbtest2_pkey on sbtest2  (cost=0.43..8.45 rows=1 width=6)
	        Index Cond: (id = 7548286)

table 3 : explain DELETE FROM sbtest3 WHERE id=7273609
	Delete on sbtest3  (cost=0.43..8.45 rows=0 width=0)
	  ->  Index Scan using sbtest3_pkey on sbtest3  (cost=0.43..8.45 rows=1 width=6)
	        Index Cond: (id = 7273609)

table 4 : explain DELETE FROM sbtest4 WHERE id=6652437
	Delete on sbtest4  (cost=0.43..8.45 rows=0 width=0)
	  ->  Index Scan using sbtest4_pkey on sbtest4  (cost=0.43..8.45 rows=1 width=6)
	        Index Cond: (id = 6652437)

table 5 : explain DELETE FROM sbtest5 WHERE id=8917957
	Delete on sbtest5  (cost=0.43..8.45 rows=0 width=0)
	  ->  Index Scan using sbtest5_pkey on sbtest5  (cost=0.43..8.45 rows=1 width=6)
	        Index Cond: (id = 8917957)

table 6 : explain DELETE FROM sbtest6 WHERE id=6905041
	Delete on sbtest6  (cost=0.43..8.45 rows=0 width=0)
	  ->  Index Scan using sbtest6_pkey on sbtest6  (cost=0.43..8.45 rows=1 width=6)
	        Index Cond: (id = 6905041)

table 7 : explain DELETE FROM sbtest7 WHERE id=6233018
	Delete on sbtest7  (cost=0.43..8.45 rows=0 width=0)
	  ->  Index Scan using sbtest7_pkey on sbtest7  (cost=0.43..8.45 rows=1 width=6)
	        Index Cond: (id = 6233018)

table 8 : explain DELETE FROM sbtest8 WHERE id=3461434
	Delete on sbtest8  (cost=0.43..8.45 rows=0 width=0)
	  ->  Index Scan using sbtest8_pkey on sbtest8  (cost=0.43..8.45 rows=1 width=6)
	        Index Cond: (id = 3461434)

for index_updates
table 1 : explain UPDATE sbtest1 SET k=k+1 WHERE id=5147830
	Update on sbtest1  (cost=0.43..8.46 rows=0 width=0)
	  ->  Index Scan using sbtest1_pkey on sbtest1  (cost=0.43..8.46 rows=1 width=10)
	        Index Cond: (id = 5147830)

table 2 : explain UPDATE sbtest2 SET k=k+1 WHERE id=282048
	Update on sbtest2  (cost=0.43..8.46 rows=0 width=0)
	  ->  Index Scan using sbtest2_pkey on sbtest2  (cost=0.43..8.46 rows=1 width=10)
	        Index Cond: (id = 282048)

table 3 : explain UPDATE sbtest3 SET k=k+1 WHERE id=190121
	Update on sbtest3  (cost=0.43..8.46 rows=0 width=0)
	  ->  Index Scan using sbtest3_pkey on sbtest3  (cost=0.43..8.46 rows=1 width=10)
	        Index Cond: (id = 190121)

table 4 : explain UPDATE sbtest4 SET k=k+1 WHERE id=403131
	Update on sbtest4  (cost=0.43..8.46 rows=0 width=0)
	  ->  Index Scan using sbtest4_pkey on sbtest4  (cost=0.43..8.46 rows=1 width=10)
	        Index Cond: (id = 403131)

table 5 : explain UPDATE sbtest5 SET k=k+1 WHERE id=1259025
	Update on sbtest5  (cost=0.43..8.46 rows=0 width=0)
	  ->  Index Scan using sbtest5_pkey on sbtest5  (cost=0.43..8.46 rows=1 width=10)
	        Index Cond: (id = 1259025)

table 6 : explain UPDATE sbtest6 SET k=k+1 WHERE id=1135501
	Update on sbtest6  (cost=0.43..8.46 rows=0 width=0)
	  ->  Index Scan using sbtest6_pkey on sbtest6  (cost=0.43..8.46 rows=1 width=10)
	        Index Cond: (id = 1135501)

table 7 : explain UPDATE sbtest7 SET k=k+1 WHERE id=7616761
	Update on sbtest7  (cost=0.43..8.46 rows=0 width=0)
	  ->  Index Scan using sbtest7_pkey on sbtest7  (cost=0.43..8.46 rows=1 width=10)
	        Index Cond: (id = 7616761)

table 8 : explain UPDATE sbtest8 SET k=k+1 WHERE id=7118561
	Update on sbtest8  (cost=0.43..8.46 rows=0 width=0)
	  ->  Index Scan using sbtest8_pkey on sbtest8  (cost=0.43..8.46 rows=1 width=10)
	        Index Cond: (id = 7118561)

for inserts
table 1 : explain INSERT INTO sbtest1 (id, k, c, pad) VALUES (1481913, 13, 'foobar', 'foobar')
	Insert on sbtest1  (cost=0.00..0.01 rows=0 width=0)
	  ->  Result  (cost=0.00..0.01 rows=1 width=736)

table 2 : explain INSERT INTO sbtest2 (id, k, c, pad) VALUES (6428454, 13, 'foobar', 'foobar')
	Insert on sbtest2  (cost=0.00..0.01 rows=0 width=0)
	  ->  Result  (cost=0.00..0.01 rows=1 width=736)

table 3 : explain INSERT INTO sbtest3 (id, k, c, pad) VALUES (5966348, 13, 'foobar', 'foobar')
	Insert on sbtest3  (cost=0.00..0.01 rows=0 width=0)
	  ->  Result  (cost=0.00..0.01 rows=1 width=736)

table 4 : explain INSERT INTO sbtest4 (id, k, c, pad) VALUES (4021523, 13, 'foobar', 'foobar')
	Insert on sbtest4  (cost=0.00..0.01 rows=0 width=0)
	  ->  Result  (cost=0.00..0.01 rows=1 width=736)

table 5 : explain INSERT INTO sbtest5 (id, k, c, pad) VALUES (3244651, 13, 'foobar', 'foobar')
	Insert on sbtest5  (cost=0.00..0.01 rows=0 width=0)
	  ->  Result  (cost=0.00..0.01 rows=1 width=736)

table 6 : explain INSERT INTO sbtest6 (id, k, c, pad) VALUES (9893171, 13, 'foobar', 'foobar')
	Insert on sbtest6  (cost=0.00..0.01 rows=0 width=0)
	  ->  Result  (cost=0.00..0.01 rows=1 width=736)

table 7 : explain INSERT INTO sbtest7 (id, k, c, pad) VALUES (5989524, 13, 'foobar', 'foobar')
	Insert on sbtest7  (cost=0.00..0.01 rows=0 width=0)
	  ->  Result  (cost=0.00..0.01 rows=1 width=736)

table 8 : explain INSERT INTO sbtest8 (id, k, c, pad) VALUES (864006, 13, 'foobar', 'foobar')
	Insert on sbtest8  (cost=0.00..0.01 rows=0 width=0)
	  ->  Result  (cost=0.00..0.01 rows=1 width=736)

for: order_ranges
table 1 : explain SELECT c FROM sbtest1 WHERE id BETWEEN 2110113 AND 2110212 ORDER BY c
	Sort  (cost=348.64..348.86 rows=90 width=121)
	  Sort Key: c
	  ->  Index Scan using sbtest1_pkey on sbtest1  (cost=0.43..345.72 rows=90 width=121)
	        Index Cond: ((id >= 2110113) AND (id <= 2110212))

table 2 : explain SELECT c FROM sbtest2 WHERE id BETWEEN 9055053 AND 9055152 ORDER BY c
	Sort  (cost=375.45..375.70 rows=98 width=121)
	  Sort Key: c
	  ->  Index Scan using sbtest2_pkey on sbtest2  (cost=0.43..372.21 rows=98 width=121)
	        Index Cond: ((id >= 9055053) AND (id <= 9055152))

table 3 : explain SELECT c FROM sbtest3 WHERE id BETWEEN 4133902 AND 4134001 ORDER BY c
	Sort  (cost=371.11..371.35 rows=96 width=121)
	  Sort Key: c
	  ->  Index Scan using sbtest3_pkey on sbtest3  (cost=0.43..367.95 rows=96 width=121)
	        Index Cond: ((id >= 4133902) AND (id <= 4134001))

table 4 : explain SELECT c FROM sbtest4 WHERE id BETWEEN 9918539 AND 9918638 ORDER BY c
	Sort  (cost=363.66..363.90 rows=94 width=121)
	  Sort Key: c
	  ->  Index Scan using sbtest4_pkey on sbtest4  (cost=0.43..360.58 rows=94 width=121)
	        Index Cond: ((id >= 9918539) AND (id <= 9918638))

table 5 : explain SELECT c FROM sbtest5 WHERE id BETWEEN 1565839 AND 1565938 ORDER BY c
	Sort  (cost=416.39..416.66 rows=108 width=121)
	  Sort Key: c
	  ->  Index Scan using sbtest5_pkey on sbtest5  (cost=0.43..412.74 rows=108 width=121)
	        Index Cond: ((id >= 1565839) AND (id <= 1565938))

table 6 : explain SELECT c FROM sbtest6 WHERE id BETWEEN 1678342 AND 1678441 ORDER BY c
	Sort  (cost=378.16..378.40 rows=98 width=121)
	  Sort Key: c
	  ->  Index Scan using sbtest6_pkey on sbtest6  (cost=0.43..374.92 rows=98 width=121)
	        Index Cond: ((id >= 1678342) AND (id <= 1678441))

table 7 : explain SELECT c FROM sbtest7 WHERE id BETWEEN 6021007 AND 6021106 ORDER BY c
	Sort  (cost=383.34..383.59 rows=100 width=121)
	  Sort Key: c
	  ->  Index Scan using sbtest7_pkey on sbtest7  (cost=0.43..380.01 rows=100 width=121)
	        Index Cond: ((id >= 6021007) AND (id <= 6021106))

table 8 : explain SELECT c FROM sbtest8 WHERE id BETWEEN 4142770 AND 4142869 ORDER BY c
	Sort  (cost=388.61..388.86 rows=101 width=121)
	  Sort Key: c
	  ->  Index Scan using sbtest8_pkey on sbtest8  (cost=0.43..385.25 rows=101 width=121)
	        Index Cond: ((id >= 4142770) AND (id <= 4142869))

for deletes
table 1 : explain DELETE FROM sbtest1 WHERE id=7940176
	Delete on sbtest1  (cost=0.43..8.45 rows=0 width=0)
	  ->  Index Scan using sbtest1_pkey on sbtest1  (cost=0.43..8.45 rows=1 width=6)
	        Index Cond: (id = 7940176)

table 2 : explain DELETE FROM sbtest2 WHERE id=9188786
	Delete on sbtest2  (cost=0.43..8.45 rows=0 width=0)
	  ->  Index Scan using sbtest2_pkey on sbtest2  (cost=0.43..8.45 rows=1 width=6)
	        Index Cond: (id = 9188786)

table 3 : explain DELETE FROM sbtest3 WHERE id=1601
	Delete on sbtest3  (cost=0.43..8.45 rows=0 width=0)
	  ->  Index Scan using sbtest3_pkey on sbtest3  (cost=0.43..8.45 rows=1 width=6)
	        Index Cond: (id = 1601)

table 4 : explain DELETE FROM sbtest4 WHERE id=5187478
	Delete on sbtest4  (cost=0.43..8.45 rows=0 width=0)
	  ->  Index Scan using sbtest4_pkey on sbtest4  (cost=0.43..8.45 rows=1 width=6)
	        Index Cond: (id = 5187478)

table 5 : explain DELETE FROM sbtest5 WHERE id=7587087
	Delete on sbtest5  (cost=0.43..8.45 rows=0 width=0)
	  ->  Index Scan using sbtest5_pkey on sbtest5  (cost=0.43..8.45 rows=1 width=6)
	        Index Cond: (id = 7587087)

table 6 : explain DELETE FROM sbtest6 WHERE id=4983423
	Delete on sbtest6  (cost=0.43..8.45 rows=0 width=0)
	  ->  Index Scan using sbtest6_pkey on sbtest6  (cost=0.43..8.45 rows=1 width=6)
	        Index Cond: (id = 4983423)

table 7 : explain DELETE FROM sbtest7 WHERE id=6839113
	Delete on sbtest7  (cost=0.43..8.45 rows=0 width=0)
	  ->  Index Scan using sbtest7_pkey on sbtest7  (cost=0.43..8.45 rows=1 width=6)
	        Index Cond: (id = 6839113)

table 8 : explain DELETE FROM sbtest8 WHERE id=1702181
	Delete on sbtest8  (cost=0.43..8.45 rows=0 width=0)
	  ->  Index Scan using sbtest8_pkey on sbtest8  (cost=0.43..8.45 rows=1 width=6)
	        Index Cond: (id = 1702181)

explain: for inserts :: explain INSERT INTO sbtest%u (id, k, c, pad) VALUES (%u, 13, 'foobar', 'foobar')
explain: for inserts :: explain INSERT INTO sbtest%u (id, k, c, pad) VALUES (%u, 13, 'foobar', 'foobar')
for point_selects
table 1 : explain SELECT c FROM sbtest1 WHERE id=8769082
	Index Scan using sbtest1_pkey on sbtest1  (cost=0.43..8.45 rows=1 width=121)
	  Index Cond: (id = 8769082)

table 2 : explain SELECT c FROM sbtest2 WHERE id=8172810
	Index Scan using sbtest2_pkey on sbtest2  (cost=0.43..8.45 rows=1 width=121)
	  Index Cond: (id = 8172810)

table 3 : explain SELECT c FROM sbtest3 WHERE id=159507
	Index Scan using sbtest3_pkey on sbtest3  (cost=0.43..8.45 rows=1 width=121)
	  Index Cond: (id = 159507)

table 4 : explain SELECT c FROM sbtest4 WHERE id=1754396
	Index Scan using sbtest4_pkey on sbtest4  (cost=0.43..8.45 rows=1 width=121)
	  Index Cond: (id = 1754396)

table 5 : explain SELECT c FROM sbtest5 WHERE id=8820233
	Index Scan using sbtest5_pkey on sbtest5  (cost=0.43..8.45 rows=1 width=121)
	  Index Cond: (id = 8820233)

table 6 : explain SELECT c FROM sbtest6 WHERE id=581170
	Index Scan using sbtest6_pkey on sbtest6  (cost=0.43..8.45 rows=1 width=121)
	  Index Cond: (id = 581170)

table 7 : explain SELECT c FROM sbtest7 WHERE id=8158334
	Index Scan using sbtest7_pkey on sbtest7  (cost=0.43..8.45 rows=1 width=121)
	  Index Cond: (id = 8158334)

table 8 : explain SELECT c FROM sbtest8 WHERE id=7020880
	Index Scan using sbtest8_pkey on sbtest8  (cost=0.43..8.45 rows=1 width=121)
	  Index Cond: (id = 7020880)

explain: for point_selects :: explain SELECT c FROM sbtest%u WHERE id=%u
explain: for inserts :: explain INSERT INTO sbtest%u (id, k, c, pad) VALUES (%u, 13, 'foobar', 'foobar')
explain: for inserts :: explain INSERT INTO sbtest%u (id, k, c, pad) VALUES (%u, 13, 'foobar', 'foobar')
for inserts
table 1 : explain INSERT INTO sbtest1 (id, k, c, pad) VALUES (6023614, 13, 'foobar', 'foobar')
	Insert on sbtest1  (cost=0.00..0.01 rows=0 width=0)
	  ->  Result  (cost=0.00..0.01 rows=1 width=736)

table 2 : explain INSERT INTO sbtest2 (id, k, c, pad) VALUES (3877684, 13, 'foobar', 'foobar')
	Insert on sbtest2  (cost=0.00..0.01 rows=0 width=0)
	  ->  Result  (cost=0.00..0.01 rows=1 width=736)

table 3 : explain INSERT INTO sbtest3 (id, k, c, pad) VALUES (6349255, 13, 'foobar', 'foobar')
	Insert on sbtest3  (cost=0.00..0.01 rows=0 width=0)
	  ->  Result  (cost=0.00..0.01 rows=1 width=736)

table 4 : explain INSERT INTO sbtest4 (id, k, c, pad) VALUES (719963, 13, 'foobar', 'foobar')
	Insert on sbtest4  (cost=0.00..0.01 rows=0 width=0)
	  ->  Result  (cost=0.00..0.01 rows=1 width=736)

table 5 : explain INSERT INTO sbtest5 (id, k, c, pad) VALUES (9914760, 13, 'foobar', 'foobar')
	Insert on sbtest5  (cost=0.00..0.01 rows=0 width=0)
	  ->  Result  (cost=0.00..0.01 rows=1 width=736)

table 6 : explain INSERT INTO sbtest6 (id, k, c, pad) VALUES (195467, 13, 'foobar', 'foobar')
	Insert on sbtest6  (cost=0.00..0.01 rows=0 width=0)
	  ->  Result  (cost=0.00..0.01 rows=1 width=736)

table 7 : explain INSERT INTO sbtest7 (id, k, c, pad) VALUES (2747212, 13, 'foobar', 'foobar')
	Insert on sbtest7  (cost=0.00..0.01 rows=0 width=0)
	  ->  Result  (cost=0.00..0.01 rows=1 width=736)

table 8 : explain INSERT INTO sbtest8 (id, k, c, pad) VALUES (80838, 13, 'foobar', 'foobar')
	Insert on sbtest8  (cost=0.00..0.01 rows=0 width=0)
	  ->  Result  (cost=0.00..0.01 rows=1 width=736)

for inserts
table 1 : explain INSERT INTO sbtest1 (id, k, c, pad) VALUES (2469983, 13, 'foobar', 'foobar')
	Insert on sbtest1  (cost=0.00..0.01 rows=0 width=0)
	  ->  Result  (cost=0.00..0.01 rows=1 width=736)

table 2 : explain INSERT INTO sbtest2 (id, k, c, pad) VALUES (4924132, 13, 'foobar', 'foobar')
	Insert on sbtest2  (cost=0.00..0.01 rows=0 width=0)
	  ->  Result  (cost=0.00..0.01 rows=1 width=736)

table 3 : explain INSERT INTO sbtest3 (id, k, c, pad) VALUES (2504934, 13, 'foobar', 'foobar')
	Insert on sbtest3  (cost=0.00..0.01 rows=0 width=0)
	  ->  Result  (cost=0.00..0.01 rows=1 width=736)

table 4 : explain INSERT INTO sbtest4 (id, k, c, pad) VALUES (8397544, 13, 'foobar', 'foobar')
	Insert on sbtest4  (cost=0.00..0.01 rows=0 width=0)
	  ->  Result  (cost=0.00..0.01 rows=1 width=736)

table 5 : explain INSERT INTO sbtest5 (id, k, c, pad) VALUES (5566513, 13, 'foobar', 'foobar')
	Insert on sbtest5  (cost=0.00..0.01 rows=0 width=0)
	  ->  Result  (cost=0.00..0.01 rows=1 width=736)

table 6 : explain INSERT INTO sbtest6 (id, k, c, pad) VALUES (6844941, 13, 'foobar', 'foobar')
	Insert on sbtest6  (cost=0.00..0.01 rows=0 width=0)
	  ->  Result  (cost=0.00..0.01 rows=1 width=736)

table 7 : explain INSERT INTO sbtest7 (id, k, c, pad) VALUES (9463809, 13, 'foobar', 'foobar')
	Insert on sbtest7  (cost=0.00..0.01 rows=0 width=0)
	  ->  Result  (cost=0.00..0.01 rows=1 width=736)

table 8 : explain INSERT INTO sbtest8 (id, k, c, pad) VALUES (3224969, 13, 'foobar', 'foobar')
	Insert on sbtest8  (cost=0.00..0.01 rows=0 width=0)
	  ->  Result  (cost=0.00..0.01 rows=1 width=736)

for inserts
table 1 : explain INSERT INTO sbtest1 (id, k, c, pad) VALUES (5375213, 13, 'foobar', 'foobar')
	Insert on sbtest1  (cost=0.00..0.01 rows=0 width=0)
	  ->  Result  (cost=0.00..0.01 rows=1 width=736)

table 2 : explain INSERT INTO sbtest2 (id, k, c, pad) VALUES (8096568, 13, 'foobar', 'foobar')
	Insert on sbtest2  (cost=0.00..0.01 rows=0 width=0)
	  ->  Result  (cost=0.00..0.01 rows=1 width=736)

table 3 : explain INSERT INTO sbtest3 (id, k, c, pad) VALUES (2826513, 13, 'foobar', 'foobar')
	Insert on sbtest3  (cost=0.00..0.01 rows=0 width=0)
	  ->  Result  (cost=0.00..0.01 rows=1 width=736)

table 4 : explain INSERT INTO sbtest4 (id, k, c, pad) VALUES (4862888, 13, 'foobar', 'foobar')
	Insert on sbtest4  (cost=0.00..0.01 rows=0 width=0)
	  ->  Result  (cost=0.00..0.01 rows=1 width=736)

table 5 : explain INSERT INTO sbtest5 (id, k, c, pad) VALUES (1513012, 13, 'foobar', 'foobar')
	Insert on sbtest5  (cost=0.00..0.01 rows=0 width=0)
	  ->  Result  (cost=0.00..0.01 rows=1 width=736)

table 6 : explain INSERT INTO sbtest6 (id, k, c, pad) VALUES (5120873, 13, 'foobar', 'foobar')
	Insert on sbtest6  (cost=0.00..0.01 rows=0 width=0)
	  ->  Result  (cost=0.00..0.01 rows=1 width=736)

table 7 : explain INSERT INTO sbtest7 (id, k, c, pad) VALUES (8871827, 13, 'foobar', 'foobar')
	Insert on sbtest7  (cost=0.00..0.01 rows=0 width=0)
	  ->  Result  (cost=0.00..0.01 rows=1 width=736)

table 8 : explain INSERT INTO sbtest8 (id, k, c, pad) VALUES (6250124, 13, 'foobar', 'foobar')
	Insert on sbtest8  (cost=0.00..0.01 rows=0 width=0)
	  ->  Result  (cost=0.00..0.01 rows=1 width=736)

for inserts
table 1 : explain INSERT INTO sbtest1 (id, k, c, pad) VALUES (8969456, 13, 'foobar', 'foobar')
	Insert on sbtest1  (cost=0.00..0.01 rows=0 width=0)
	  ->  Result  (cost=0.00..0.01 rows=1 width=736)

table 2 : explain INSERT INTO sbtest2 (id, k, c, pad) VALUES (6820899, 13, 'foobar', 'foobar')
	Insert on sbtest2  (cost=0.00..0.01 rows=0 width=0)
	  ->  Result  (cost=0.00..0.01 rows=1 width=736)

table 3 : explain INSERT INTO sbtest3 (id, k, c, pad) VALUES (2595717, 13, 'foobar', 'foobar')
	Insert on sbtest3  (cost=0.00..0.01 rows=0 width=0)
	  ->  Result  (cost=0.00..0.01 rows=1 width=736)

table 4 : explain INSERT INTO sbtest4 (id, k, c, pad) VALUES (3998338, 13, 'foobar', 'foobar')
	Insert on sbtest4  (cost=0.00..0.01 rows=0 width=0)
	  ->  Result  (cost=0.00..0.01 rows=1 width=736)

table 5 : explain INSERT INTO sbtest5 (id, k, c, pad) VALUES (4774366, 13, 'foobar', 'foobar')
	Insert on sbtest5  (cost=0.00..0.01 rows=0 width=0)
	  ->  Result  (cost=0.00..0.01 rows=1 width=736)

table 6 : explain INSERT INTO sbtest6 (id, k, c, pad) VALUES (2349408, 13, 'foobar', 'foobar')
	Insert on sbtest6  (cost=0.00..0.01 rows=0 width=0)
	  ->  Result  (cost=0.00..0.01 rows=1 width=736)

table 7 : explain INSERT INTO sbtest7 (id, k, c, pad) VALUES (177279, 13, 'foobar', 'foobar')
	Insert on sbtest7  (cost=0.00..0.01 rows=0 width=0)
	  ->  Result  (cost=0.00..0.01 rows=1 width=736)

table 8 : explain INSERT INTO sbtest8 (id, k, c, pad) VALUES (1319042, 13, 'foobar', 'foobar')
	Insert on sbtest8  (cost=0.00..0.01 rows=0 width=0)
	  ->  Result  (cost=0.00..0.01 rows=1 width=736)

for: distinct_ranges
table 1 : explain SELECT DISTINCT c FROM sbtest1 WHERE id BETWEEN 6947340 AND 6947439 ORDER BY c
	Unique  (cost=356.35..356.81 rows=92 width=121)
	  ->  Sort  (cost=356.35..356.58 rows=92 width=121)
	        Sort Key: c
	        ->  Index Scan using sbtest1_pkey on sbtest1  (cost=0.43..353.35 rows=92 width=121)
	              Index Cond: ((id >= 6947340) AND (id <= 6947439))

table 2 : explain SELECT DISTINCT c FROM sbtest2 WHERE id BETWEEN 8051119 AND 8051218 ORDER BY c
	Unique  (cost=371.66..372.15 rows=97 width=121)
	  ->  Sort  (cost=371.66..371.90 rows=97 width=121)
	        Sort Key: c
	        ->  Index Scan using sbtest2_pkey on sbtest2  (cost=0.43..368.46 rows=97 width=121)
	              Index Cond: ((id >= 8051119) AND (id <= 8051218))

table 3 : explain SELECT DISTINCT c FROM sbtest3 WHERE id BETWEEN 4292525 AND 4292624 ORDER BY c
	Unique  (cost=355.82..356.28 rows=92 width=121)
	  ->  Sort  (cost=355.82..356.05 rows=92 width=121)
	        Sort Key: c
	        ->  Index Scan using sbtest3_pkey on sbtest3  (cost=0.43..352.82 rows=92 width=121)
	              Index Cond: ((id >= 4292525) AND (id <= 4292624))

table 4 : explain SELECT DISTINCT c FROM sbtest4 WHERE id BETWEEN 4561185 AND 4561284 ORDER BY c
	Unique  (cost=413.46..413.99 rows=107 width=121)
	  ->  Sort  (cost=413.46..413.72 rows=107 width=121)
	        Sort Key: c
	        ->  Index Scan using sbtest4_pkey on sbtest4  (cost=0.43..409.85 rows=107 width=121)
	              Index Cond: ((id >= 4561185) AND (id <= 4561284))

table 5 : explain SELECT DISTINCT c FROM sbtest5 WHERE id BETWEEN 6618307 AND 6618406 ORDER BY c
	Unique  (cost=378.22..378.71 rows=98 width=121)
	  ->  Sort  (cost=378.22..378.46 rows=98 width=121)
	        Sort Key: c
	        ->  Index Scan using sbtest5_pkey on sbtest5  (cost=0.43..374.97 rows=98 width=121)
	              Index Cond: ((id >= 6618307) AND (id <= 6618406))

table 6 : explain SELECT DISTINCT c FROM sbtest6 WHERE id BETWEEN 2453454 AND 2453553 ORDER BY c
	Unique  (cost=423.96..424.51 rows=110 width=121)
	  ->  Sort  (cost=423.96..424.23 rows=110 width=121)
	        Sort Key: c
	        ->  Index Scan using sbtest6_pkey on sbtest6  (cost=0.43..420.23 rows=110 width=121)
	              Index Cond: ((id >= 2453454) AND (id <= 2453553))

table 7 : explain SELECT DISTINCT c FROM sbtest7 WHERE id BETWEEN 8522340 AND 8522439 ORDER BY c
	Unique  (cost=364.31..364.79 rows=95 width=121)
	  ->  Sort  (cost=364.31..364.55 rows=95 width=121)
	        Sort Key: c
	        ->  Index Scan using sbtest7_pkey on sbtest7  (cost=0.43..361.19 rows=95 width=121)
	              Index Cond: ((id >= 8522340) AND (id <= 8522439))

table 8 : explain SELECT DISTINCT c FROM sbtest8 WHERE id BETWEEN 7913377 AND 7913476 ORDER BY c
	Unique  (cost=377.19..377.68 rows=98 width=121)
	  ->  Sort  (cost=377.19..377.44 rows=98 width=121)
	        Sort Key: c
	        ->  Index Scan using sbtest8_pkey on sbtest8  (cost=0.43..373.95 rows=98 width=121)
	              Index Cond: ((id >= 7913377) AND (id <= 7913476))

for: simple_ranges
table 1 : explain SELECT c FROM sbtest1 WHERE id BETWEEN 984407 AND 984506
	Index Scan using sbtest1_pkey on sbtest1  (cost=0.43..357.14 rows=93 width=121)
	  Index Cond: ((id >= 984407) AND (id <= 984506))

table 2 : explain SELECT c FROM sbtest2 WHERE id BETWEEN 1790010 AND 1790109
	Index Scan using sbtest2_pkey on sbtest2  (cost=0.43..379.77 rows=100 width=121)
	  Index Cond: ((id >= 1790010) AND (id <= 1790109))

table 3 : explain SELECT c FROM sbtest3 WHERE id BETWEEN 563163 AND 563262
	Index Scan using sbtest3_pkey on sbtest3  (cost=0.43..386.93 rows=101 width=121)
	  Index Cond: ((id >= 563163) AND (id <= 563262))

table 4 : explain SELECT c FROM sbtest4 WHERE id BETWEEN 1918116 AND 1918215
	Index Scan using sbtest4_pkey on sbtest4  (cost=0.43..322.73 rows=84 width=121)
	  Index Cond: ((id >= 1918116) AND (id <= 1918215))

table 5 : explain SELECT c FROM sbtest5 WHERE id BETWEEN 2851504 AND 2851603
	Index Scan using sbtest5_pkey on sbtest5  (cost=0.43..401.41 rows=105 width=121)
	  Index Cond: ((id >= 2851504) AND (id <= 2851603))

table 6 : explain SELECT c FROM sbtest6 WHERE id BETWEEN 7533601 AND 7533700
	Index Scan using sbtest6_pkey on sbtest6  (cost=0.43..386.25 rows=101 width=121)
	  Index Cond: ((id >= 7533601) AND (id <= 7533700))

table 7 : explain SELECT c FROM sbtest7 WHERE id BETWEEN 3494549 AND 3494648
	Index Scan using sbtest7_pkey on sbtest7  (cost=0.43..398.77 rows=105 width=121)
	  Index Cond: ((id >= 3494549) AND (id <= 3494648))

table 8 : explain SELECT c FROM sbtest8 WHERE id BETWEEN 734486 AND 734585
	Index Scan using sbtest8_pkey on sbtest8  (cost=0.43..381.48 rows=100 width=121)
	  Index Cond: ((id >= 734486) AND (id <= 734585))

for: simple_ranges
table 1 : explain SELECT c FROM sbtest1 WHERE id BETWEEN 4565005 AND 4565104
	Index Scan using sbtest1_pkey on sbtest1  (cost=0.43..387.45 rows=101 width=121)
	  Index Cond: ((id >= 4565005) AND (id <= 4565104))

table 2 : explain SELECT c FROM sbtest2 WHERE id BETWEEN 728554 AND 728653
	Index Scan using sbtest2_pkey on sbtest2  (cost=0.43..417.26 rows=110 width=121)
	  Index Cond: ((id >= 728554) AND (id <= 728653))

table 3 : explain SELECT c FROM sbtest3 WHERE id BETWEEN 3344023 AND 3344122
	Index Scan using sbtest3_pkey on sbtest3  (cost=0.43..405.84 rows=106 width=121)
	  Index Cond: ((id >= 3344023) AND (id <= 3344122))

table 4 : explain SELECT c FROM sbtest4 WHERE id BETWEEN 8653711 AND 8653810
	Index Scan using sbtest4_pkey on sbtest4  (cost=0.43..364.37 rows=95 width=121)
	  Index Cond: ((id >= 8653711) AND (id <= 8653810))

table 5 : explain SELECT c FROM sbtest5 WHERE id BETWEEN 7038585 AND 7038684
	Index Scan using sbtest5_pkey on sbtest5  (cost=0.43..439.18 rows=115 width=121)
	  Index Cond: ((id >= 7038585) AND (id <= 7038684))

table 6 : explain SELECT c FROM sbtest6 WHERE id BETWEEN 9790462 AND 9790561
	Index Scan using sbtest6_pkey on sbtest6  (cost=0.43..405.13 rows=106 width=121)
	  Index Cond: ((id >= 9790462) AND (id <= 9790561))

table 7 : explain SELECT c FROM sbtest7 WHERE id BETWEEN 5400834 AND 5400933
	Index Scan using sbtest7_pkey on sbtest7  (cost=0.43..353.69 rows=93 width=121)
	  Index Cond: ((id >= 5400834) AND (id <= 5400933))

table 8 : explain SELECT c FROM sbtest8 WHERE id BETWEEN 2029814 AND 2029913
	Index Scan using sbtest8_pkey on sbtest8  (cost=0.43..396.55 rows=104 width=121)
	  Index Cond: ((id >= 2029814) AND (id <= 2029913))

explain: for non_index_updates :: explain UPDATE sbtest%u SET c='foobar' WHERE id=%u
explain: for index_updates :: explain UPDATE sbtest%u SET k=k+1 WHERE id=%u
for deletes
table 1 : explain DELETE FROM sbtest1 WHERE id=2242771
	Delete on sbtest1  (cost=0.43..8.45 rows=0 width=0)
	  ->  Index Scan using sbtest1_pkey on sbtest1  (cost=0.43..8.45 rows=1 width=6)
	        Index Cond: (id = 2242771)

table 2 : explain DELETE FROM sbtest2 WHERE id=4357049
	Delete on sbtest2  (cost=0.43..8.45 rows=0 width=0)
	  ->  Index Scan using sbtest2_pkey on sbtest2  (cost=0.43..8.45 rows=1 width=6)
	        Index Cond: (id = 4357049)

table 3 : explain DELETE FROM sbtest3 WHERE id=7897975
	Delete on sbtest3  (cost=0.43..8.45 rows=0 width=0)
	  ->  Index Scan using sbtest3_pkey on sbtest3  (cost=0.43..8.45 rows=1 width=6)
	        Index Cond: (id = 7897975)

table 4 : explain DELETE FROM sbtest4 WHERE id=3711421
	Delete on sbtest4  (cost=0.43..8.45 rows=0 width=0)
	  ->  Index Scan using sbtest4_pkey on sbtest4  (cost=0.43..8.45 rows=1 width=6)
	        Index Cond: (id = 3711421)

table 5 : explain DELETE FROM sbtest5 WHERE id=1575216
	Delete on sbtest5  (cost=0.43..8.45 rows=0 width=0)
	  ->  Index Scan using sbtest5_pkey on sbtest5  (cost=0.43..8.45 rows=1 width=6)
	        Index Cond: (id = 1575216)

table 6 : explain DELETE FROM sbtest6 WHERE id=7880781
	Delete on sbtest6  (cost=0.43..8.45 rows=0 width=0)
	  ->  Index Scan using sbtest6_pkey on sbtest6  (cost=0.43..8.45 rows=1 width=6)
	        Index Cond: (id = 7880781)

table 7 : explain DELETE FROM sbtest7 WHERE id=2607477
	Delete on sbtest7  (cost=0.43..8.45 rows=0 width=0)
	  ->  Index Scan using sbtest7_pkey on sbtest7  (cost=0.43..8.45 rows=1 width=6)
	        Index Cond: (id = 2607477)

table 8 : explain DELETE FROM sbtest8 WHERE id=1125911
	Delete on sbtest8  (cost=0.43..8.45 rows=0 width=0)
	  ->  Index Scan using sbtest8_pkey on sbtest8  (cost=0.43..8.45 rows=1 width=6)
	        Index Cond: (id = 1125911)

for inserts
table 1 : explain INSERT INTO sbtest1 (id, k, c, pad) VALUES (3377529, 13, 'foobar', 'foobar')
	Insert on sbtest1  (cost=0.00..0.01 rows=0 width=0)
	  ->  Result  (cost=0.00..0.01 rows=1 width=736)

table 2 : explain INSERT INTO sbtest2 (id, k, c, pad) VALUES (4276495, 13, 'foobar', 'foobar')
	Insert on sbtest2  (cost=0.00..0.01 rows=0 width=0)
	  ->  Result  (cost=0.00..0.01 rows=1 width=736)

table 3 : explain INSERT INTO sbtest3 (id, k, c, pad) VALUES (7138966, 13, 'foobar', 'foobar')
	Insert on sbtest3  (cost=0.00..0.01 rows=0 width=0)
	  ->  Result  (cost=0.00..0.01 rows=1 width=736)

table 4 : explain INSERT INTO sbtest4 (id, k, c, pad) VALUES (7975231, 13, 'foobar', 'foobar')
	Insert on sbtest4  (cost=0.00..0.01 rows=0 width=0)
	  ->  Result  (cost=0.00..0.01 rows=1 width=736)

table 5 : explain INSERT INTO sbtest5 (id, k, c, pad) VALUES (1144745, 13, 'foobar', 'foobar')
	Insert on sbtest5  (cost=0.00..0.01 rows=0 width=0)
	  ->  Result  (cost=0.00..0.01 rows=1 width=736)

table 6 : explain INSERT INTO sbtest6 (id, k, c, pad) VALUES (2938983, 13, 'foobar', 'foobar')
	Insert on sbtest6  (cost=0.00..0.01 rows=0 width=0)
	  ->  Result  (cost=0.00..0.01 rows=1 width=736)

table 7 : explain INSERT INTO sbtest7 (id, k, c, pad) VALUES (9239630, 13, 'foobar', 'foobar')
	Insert on sbtest7  (cost=0.00..0.01 rows=0 width=0)
	  ->  Result  (cost=0.00..0.01 rows=1 width=736)

table 8 : explain INSERT INTO sbtest8 (id, k, c, pad) VALUES (6774738, 13, 'foobar', 'foobar')
	Insert on sbtest8  (cost=0.00..0.01 rows=0 width=0)
	  ->  Result  (cost=0.00..0.01 rows=1 width=736)

explain: for point_selects :: explain SELECT c FROM sbtest%u WHERE id=%u
explain: for inserts :: explain INSERT INTO sbtest%u (id, k, c, pad) VALUES (%u, 13, 'foobar', 'foobar')
for index_updates
table 1 : explain UPDATE sbtest1 SET k=k+1 WHERE id=9190634
	Update on sbtest1  (cost=0.43..8.46 rows=0 width=0)
	  ->  Index Scan using sbtest1_pkey on sbtest1  (cost=0.43..8.46 rows=1 width=10)
	        Index Cond: (id = 9190634)

table 2 : explain UPDATE sbtest2 SET k=k+1 WHERE id=6434385
	Update on sbtest2  (cost=0.43..8.46 rows=0 width=0)
	  ->  Index Scan using sbtest2_pkey on sbtest2  (cost=0.43..8.46 rows=1 width=10)
	        Index Cond: (id = 6434385)

table 3 : explain UPDATE sbtest3 SET k=k+1 WHERE id=4918624
	Update on sbtest3  (cost=0.43..8.46 rows=0 width=0)
	  ->  Index Scan using sbtest3_pkey on sbtest3  (cost=0.43..8.46 rows=1 width=10)
	        Index Cond: (id = 4918624)

table 4 : explain UPDATE sbtest4 SET k=k+1 WHERE id=5587730
	Update on sbtest4  (cost=0.43..8.46 rows=0 width=0)
	  ->  Index Scan using sbtest4_pkey on sbtest4  (cost=0.43..8.46 rows=1 width=10)
	        Index Cond: (id = 5587730)

table 5 : explain UPDATE sbtest5 SET k=k+1 WHERE id=759936
	Update on sbtest5  (cost=0.43..8.46 rows=0 width=0)
	  ->  Index Scan using sbtest5_pkey on sbtest5  (cost=0.43..8.46 rows=1 width=10)
	        Index Cond: (id = 759936)

table 6 : explain UPDATE sbtest6 SET k=k+1 WHERE id=6334249
	Update on sbtest6  (cost=0.43..8.46 rows=0 width=0)
	  ->  Index Scan using sbtest6_pkey on sbtest6  (cost=0.43..8.46 rows=1 width=10)
	        Index Cond: (id = 6334249)

table 7 : explain UPDATE sbtest7 SET k=k+1 WHERE id=2819839
	Update on sbtest7  (cost=0.43..8.46 rows=0 width=0)
	  ->  Index Scan using sbtest7_pkey on sbtest7  (cost=0.43..8.46 rows=1 width=10)
	        Index Cond: (id = 2819839)

table 8 : explain UPDATE sbtest8 SET k=k+1 WHERE id=4466977
	Update on sbtest8  (cost=0.43..8.46 rows=0 width=0)
	  ->  Index Scan using sbtest8_pkey on sbtest8  (cost=0.43..8.46 rows=1 width=10)
	        Index Cond: (id = 4466977)

explain: for point_selects :: explain SELECT c FROM sbtest%u WHERE id=%u
for point_selects
table 1 : explain SELECT c FROM sbtest1 WHERE id=7613936
	Index Scan using sbtest1_pkey on sbtest1  (cost=0.43..8.45 rows=1 width=121)
	  Index Cond: (id = 7613936)

table 2 : explain SELECT c FROM sbtest2 WHERE id=7958517
	Index Scan using sbtest2_pkey on sbtest2  (cost=0.43..8.45 rows=1 width=121)
	  Index Cond: (id = 7958517)

table 3 : explain SELECT c FROM sbtest3 WHERE id=6894071
	Index Scan using sbtest3_pkey on sbtest3  (cost=0.43..8.45 rows=1 width=121)
	  Index Cond: (id = 6894071)

table 4 : explain SELECT c FROM sbtest4 WHERE id=3752536
	Index Scan using sbtest4_pkey on sbtest4  (cost=0.43..8.45 rows=1 width=121)
	  Index Cond: (id = 3752536)

table 5 : explain SELECT c FROM sbtest5 WHERE id=1428007
	Index Scan using sbtest5_pkey on sbtest5  (cost=0.43..8.45 rows=1 width=121)
	  Index Cond: (id = 1428007)

table 6 : explain SELECT c FROM sbtest6 WHERE id=6021327
	Index Scan using sbtest6_pkey on sbtest6  (cost=0.43..8.45 rows=1 width=121)
	  Index Cond: (id = 6021327)

table 7 : explain SELECT c FROM sbtest7 WHERE id=1088494
	Index Scan using sbtest7_pkey on sbtest7  (cost=0.43..8.45 rows=1 width=121)
	  Index Cond: (id = 1088494)

table 8 : explain SELECT c FROM sbtest8 WHERE id=8544773
	Index Scan using sbtest8_pkey on sbtest8  (cost=0.43..8.45 rows=1 width=121)
	  Index Cond: (id = 8544773)

explain: for point_selects :: explain SELECT c FROM sbtest%u WHERE id=%u
for: sum_ranges
table 1 : explain SELECT SUM(k) FROM sbtest1 WHERE id BETWEEN 8630585 AND 8630684
	Aggregate  (cost=425.60..425.61 rows=1 width=8)
	  ->  Index Scan using sbtest1_pkey on sbtest1  (cost=0.43..425.33 rows=111 width=4)
	        Index Cond: ((id >= 8630585) AND (id <= 8630684))

table 2 : explain SELECT SUM(k) FROM sbtest2 WHERE id BETWEEN 6404702 AND 6404801
	Aggregate  (cost=406.28..406.29 rows=1 width=8)
	  ->  Index Scan using sbtest2_pkey on sbtest2  (cost=0.43..406.02 rows=107 width=4)
	        Index Cond: ((id >= 6404702) AND (id <= 6404801))

table 3 : explain SELECT SUM(k) FROM sbtest3 WHERE id BETWEEN 4187217 AND 4187316
	Aggregate  (cost=368.19..368.20 rows=1 width=8)
	  ->  Index Scan using sbtest3_pkey on sbtest3  (cost=0.43..367.95 rows=96 width=4)
	        Index Cond: ((id >= 4187217) AND (id <= 4187316))

table 4 : explain SELECT SUM(k) FROM sbtest4 WHERE id BETWEEN 2732142 AND 2732241
	Aggregate  (cost=379.82..379.83 rows=1 width=8)
	  ->  Index Scan using sbtest4_pkey on sbtest4  (cost=0.43..379.57 rows=99 width=4)
	        Index Cond: ((id >= 2732142) AND (id <= 2732241))

table 5 : explain SELECT SUM(k) FROM sbtest5 WHERE id BETWEEN 4244756 AND 4244855
	Aggregate  (cost=348.70..348.71 rows=1 width=8)
	  ->  Index Scan using sbtest5_pkey on sbtest5  (cost=0.43..348.48 rows=91 width=4)
	        Index Cond: ((id >= 4244756) AND (id <= 4244855))

table 6 : explain SELECT SUM(k) FROM sbtest6 WHERE id BETWEEN 4712216 AND 4712315
	Aggregate  (cost=371.32..371.33 rows=1 width=8)
	  ->  Index Scan using sbtest6_pkey on sbtest6  (cost=0.43..371.08 rows=97 width=4)
	        Index Cond: ((id >= 4712216) AND (id <= 4712315))

table 7 : explain SELECT SUM(k) FROM sbtest7 WHERE id BETWEEN 936355 AND 936454
	Aggregate  (cost=380.26..380.27 rows=1 width=8)
	  ->  Index Scan using sbtest7_pkey on sbtest7  (cost=0.43..380.01 rows=100 width=4)
	        Index Cond: ((id >= 936355) AND (id <= 936454))

table 8 : explain SELECT SUM(k) FROM sbtest8 WHERE id BETWEEN 1956302 AND 1956401
	Aggregate  (cost=355.29..355.30 rows=1 width=8)
	  ->  Index Scan using sbtest8_pkey on sbtest8  (cost=0.43..355.06 rows=93 width=4)
	        Index Cond: ((id >= 1956302) AND (id <= 1956401))

for inserts
table 1 : explain INSERT INTO sbtest1 (id, k, c, pad) VALUES (9440053, 13, 'foobar', 'foobar')
	Insert on sbtest1  (cost=0.00..0.01 rows=0 width=0)
	  ->  Result  (cost=0.00..0.01 rows=1 width=736)

table 2 : explain INSERT INTO sbtest2 (id, k, c, pad) VALUES (644582, 13, 'foobar', 'foobar')
	Insert on sbtest2  (cost=0.00..0.01 rows=0 width=0)
	  ->  Result  (cost=0.00..0.01 rows=1 width=736)

table 3 : explain INSERT INTO sbtest3 (id, k, c, pad) VALUES (5049847, 13, 'foobar', 'foobar')
	Insert on sbtest3  (cost=0.00..0.01 rows=0 width=0)
	  ->  Result  (cost=0.00..0.01 rows=1 width=736)

table 4 : explain INSERT INTO sbtest4 (id, k, c, pad) VALUES (9834681, 13, 'foobar', 'foobar')
	Insert on sbtest4  (cost=0.00..0.01 rows=0 width=0)
	  ->  Result  (cost=0.00..0.01 rows=1 width=736)

table 5 : explain INSERT INTO sbtest5 (id, k, c, pad) VALUES (4093202, 13, 'foobar', 'foobar')
	Insert on sbtest5  (cost=0.00..0.01 rows=0 width=0)
	  ->  Result  (cost=0.00..0.01 rows=1 width=736)

table 6 : explain INSERT INTO sbtest6 (id, k, c, pad) VALUES (7668104, 13, 'foobar', 'foobar')
	Insert on sbtest6  (cost=0.00..0.01 rows=0 width=0)
	  ->  Result  (cost=0.00..0.01 rows=1 width=736)

table 7 : explain INSERT INTO sbtest7 (id, k, c, pad) VALUES (5837153, 13, 'foobar', 'foobar')
	Insert on sbtest7  (cost=0.00..0.01 rows=0 width=0)
	  ->  Result  (cost=0.00..0.01 rows=1 width=736)

table 8 : explain INSERT INTO sbtest8 (id, k, c, pad) VALUES (1456906, 13, 'foobar', 'foobar')
	Insert on sbtest8  (cost=0.00..0.01 rows=0 width=0)
	  ->  Result  (cost=0.00..0.01 rows=1 width=736)

explain: for non_index_updates :: explain UPDATE sbtest%u SET c='foobar' WHERE id=%u
for non_index_updates
table 1 : explain UPDATE sbtest1 SET c='foobar' WHERE id=5712668
	Update on sbtest1  (cost=0.43..8.45 rows=0 width=0)
	  ->  Index Scan using sbtest1_pkey on sbtest1  (cost=0.43..8.45 rows=1 width=490)
	        Index Cond: (id = 5712668)

table 2 : explain UPDATE sbtest2 SET c='foobar' WHERE id=8315821
	Update on sbtest2  (cost=0.43..8.45 rows=0 width=0)
	  ->  Index Scan using sbtest2_pkey on sbtest2  (cost=0.43..8.45 rows=1 width=490)
	        Index Cond: (id = 8315821)

table 3 : explain UPDATE sbtest3 SET c='foobar' WHERE id=9119311
	Update on sbtest3  (cost=0.43..8.45 rows=0 width=0)
	  ->  Index Scan using sbtest3_pkey on sbtest3  (cost=0.43..8.45 rows=1 width=490)
	        Index Cond: (id = 9119311)

table 4 : explain UPDATE sbtest4 SET c='foobar' WHERE id=9855695
	Update on sbtest4  (cost=0.43..8.45 rows=0 width=0)
	  ->  Index Scan using sbtest4_pkey on sbtest4  (cost=0.43..8.45 rows=1 width=490)
	        Index Cond: (id = 9855695)

table 5 : explain UPDATE sbtest5 SET c='foobar' WHERE id=6965592
	Update on sbtest5  (cost=0.43..8.45 rows=0 width=0)
	  ->  Index Scan using sbtest5_pkey on sbtest5  (cost=0.43..8.45 rows=1 width=490)
	        Index Cond: (id = 6965592)

table 6 : explain UPDATE sbtest6 SET c='foobar' WHERE id=4789783
	Update on sbtest6  (cost=0.43..8.45 rows=0 width=0)
	  ->  Index Scan using sbtest6_pkey on sbtest6  (cost=0.43..8.45 rows=1 width=490)
	        Index Cond: (id = 4789783)

table 7 : explain UPDATE sbtest7 SET c='foobar' WHERE id=7929770
	Update on sbtest7  (cost=0.43..8.45 rows=0 width=0)
	  ->  Index Scan using sbtest7_pkey on sbtest7  (cost=0.43..8.45 rows=1 width=490)
	        Index Cond: (id = 7929770)

table 8 : explain UPDATE sbtest8 SET c='foobar' WHERE id=7115086
	Update on sbtest8  (cost=0.43..8.45 rows=0 width=0)
	  ->  Index Scan using sbtest8_pkey on sbtest8  (cost=0.43..8.45 rows=1 width=490)
	        Index Cond: (id = 7115086)

for: sum_ranges
table 1 : explain SELECT SUM(k) FROM sbtest1 WHERE id BETWEEN 7657299 AND 7657398
	Aggregate  (cost=414.23..414.24 rows=1 width=8)
	  ->  Index Scan using sbtest1_pkey on sbtest1  (cost=0.43..413.96 rows=108 width=4)
	        Index Cond: ((id >= 7657299) AND (id <= 7657398))

table 2 : explain SELECT SUM(k) FROM sbtest2 WHERE id BETWEEN 4376483 AND 4376582
	Aggregate  (cost=372.45..372.46 rows=1 width=8)
	  ->  Index Scan using sbtest2_pkey on sbtest2  (cost=0.43..372.21 rows=98 width=4)
	        Index Cond: ((id >= 4376483) AND (id <= 4376582))

table 3 : explain SELECT SUM(k) FROM sbtest3 WHERE id BETWEEN 1168921 AND 1169020
	Aggregate  (cost=406.11..406.12 rows=1 width=8)
	  ->  Index Scan using sbtest3_pkey on sbtest3  (cost=0.43..405.84 rows=106 width=4)
	        Index Cond: ((id >= 1168921) AND (id <= 1169020))

table 4 : explain SELECT SUM(k) FROM sbtest4 WHERE id BETWEEN 1498448 AND 1498547
	Aggregate  (cost=372.18..372.19 rows=1 width=8)
	  ->  Index Scan using sbtest4_pkey on sbtest4  (cost=0.43..371.94 rows=97 width=4)
	        Index Cond: ((id >= 1498448) AND (id <= 1498547))

table 5 : explain SELECT SUM(k) FROM sbtest5 WHERE id BETWEEN 5056956 AND 5057055
	Aggregate  (cost=382.78..382.79 rows=1 width=8)
	  ->  Index Scan using sbtest5_pkey on sbtest5  (cost=0.43..382.53 rows=100 width=4)
	        Index Cond: ((id >= 5056956) AND (id <= 5057055))

table 6 : explain SELECT SUM(k) FROM sbtest6 WHERE id BETWEEN 4011739 AND 4011838
	Aggregate  (cost=375.16..375.17 rows=1 width=8)
	  ->  Index Scan using sbtest6_pkey on sbtest6  (cost=0.43..374.92 rows=98 width=4)
	        Index Cond: ((id >= 4011739) AND (id <= 4011838))

table 7 : explain SELECT SUM(k) FROM sbtest7 WHERE id BETWEEN 9908220 AND 9908319
	Aggregate  (cost=357.67..357.68 rows=1 width=8)
	  ->  Index Scan using sbtest7_pkey on sbtest7  (cost=0.43..357.44 rows=94 width=4)
	        Index Cond: ((id >= 9908220) AND (id <= 9908319))

table 8 : explain SELECT SUM(k) FROM sbtest8 WHERE id BETWEEN 4380794 AND 4380893
	Aggregate  (cost=404.34..404.35 rows=1 width=8)
	  ->  Index Scan using sbtest8_pkey on sbtest8  (cost=0.43..404.08 rows=106 width=4)
	        Index Cond: ((id >= 4380794) AND (id <= 4380893))

for non_index_updates
table 1 : explain UPDATE sbtest1 SET c='foobar' WHERE id=8966822
	Update on sbtest1  (cost=0.43..8.45 rows=0 width=0)
	  ->  Index Scan using sbtest1_pkey on sbtest1  (cost=0.43..8.45 rows=1 width=490)
	        Index Cond: (id = 8966822)

table 2 : explain UPDATE sbtest2 SET c='foobar' WHERE id=7918354
	Update on sbtest2  (cost=0.43..8.45 rows=0 width=0)
	  ->  Index Scan using sbtest2_pkey on sbtest2  (cost=0.43..8.45 rows=1 width=490)
	        Index Cond: (id = 7918354)

table 3 : explain UPDATE sbtest3 SET c='foobar' WHERE id=1137712
	Update on sbtest3  (cost=0.43..8.45 rows=0 width=0)
	  ->  Index Scan using sbtest3_pkey on sbtest3  (cost=0.43..8.45 rows=1 width=490)
	        Index Cond: (id = 1137712)

table 4 : explain UPDATE sbtest4 SET c='foobar' WHERE id=383900
	Update on sbtest4  (cost=0.43..8.45 rows=0 width=0)
	  ->  Index Scan using sbtest4_pkey on sbtest4  (cost=0.43..8.45 rows=1 width=490)
	        Index Cond: (id = 383900)

table 5 : explain UPDATE sbtest5 SET c='foobar' WHERE id=5135217
	Update on sbtest5  (cost=0.43..8.45 rows=0 width=0)
	  ->  Index Scan using sbtest5_pkey on sbtest5  (cost=0.43..8.45 rows=1 width=490)
	        Index Cond: (id = 5135217)

table 6 : explain UPDATE sbtest6 SET c='foobar' WHERE id=3282260
	Update on sbtest6  (cost=0.43..8.45 rows=0 width=0)
	  ->  Index Scan using sbtest6_pkey on sbtest6  (cost=0.43..8.45 rows=1 width=490)
	        Index Cond: (id = 3282260)

table 7 : explain UPDATE sbtest7 SET c='foobar' WHERE id=9813786
	Update on sbtest7  (cost=0.43..8.45 rows=0 width=0)
	  ->  Index Scan using sbtest7_pkey on sbtest7  (cost=0.43..8.45 rows=1 width=490)
	        Index Cond: (id = 9813786)

table 8 : explain UPDATE sbtest8 SET c='foobar' WHERE id=530896
	Update on sbtest8  (cost=0.43..8.45 rows=0 width=0)
	  ->  Index Scan using sbtest8_pkey on sbtest8  (cost=0.43..8.45 rows=1 width=490)
	        Index Cond: (id = 530896)

explain: for deletes :: explain DELETE FROM sbtest%u WHERE id=%u
explain: for deletes :: explain DELETE FROM sbtest%u WHERE id=%u
for: order_ranges
table 1 : explain SELECT c FROM sbtest1 WHERE id BETWEEN 4472760 AND 4472859 ORDER BY c
	Sort  (cost=398.47..398.72 rows=103 width=121)
	  Sort Key: c
	  ->  Index Scan using sbtest1_pkey on sbtest1  (cost=0.43..395.02 rows=103 width=121)
	        Index Cond: ((id >= 4472760) AND (id <= 4472859))

table 2 : explain SELECT c FROM sbtest2 WHERE id BETWEEN 6655469 AND 6655568 ORDER BY c
	Sort  (cost=364.08..364.32 rows=95 width=121)
	  Sort Key: c
	  ->  Index Scan using sbtest2_pkey on sbtest2  (cost=0.43..360.96 rows=95 width=121)
	        Index Cond: ((id >= 6655469) AND (id <= 6655568))

table 3 : explain SELECT c FROM sbtest3 WHERE id BETWEEN 801548 AND 801647 ORDER BY c
	Sort  (cost=367.29..367.53 rows=95 width=121)
	  Sort Key: c
	  ->  Index Scan using sbtest3_pkey on sbtest3  (cost=0.43..364.17 rows=95 width=121)
	        Index Cond: ((id >= 801548) AND (id <= 801647))

table 4 : explain SELECT c FROM sbtest4 WHERE id BETWEEN 1949806 AND 1949905 ORDER BY c
	Sort  (cost=325.42..325.63 rows=84 width=121)
	  Sort Key: c
	  ->  Index Scan using sbtest4_pkey on sbtest4  (cost=0.43..322.73 rows=84 width=121)
	        Index Cond: ((id >= 1949806) AND (id <= 1949905))

table 5 : explain SELECT c FROM sbtest5 WHERE id BETWEEN 346349 AND 346448 ORDER BY c
	Sort  (cost=370.52..370.76 rows=96 width=121)
	  Sort Key: c
	  ->  Index Scan using sbtest5_pkey on sbtest5  (cost=0.43..367.36 rows=96 width=121)
	        Index Cond: ((id >= 346349) AND (id <= 346448))

table 6 : explain SELECT c FROM sbtest6 WHERE id BETWEEN 9752384 AND 9752483 ORDER BY c
	Sort  (cost=408.69..408.96 rows=106 width=121)
	  Sort Key: c
	  ->  Index Scan using sbtest6_pkey on sbtest6  (cost=0.43..405.13 rows=106 width=121)
	        Index Cond: ((id >= 9752384) AND (id <= 9752483))

table 7 : explain SELECT c FROM sbtest7 WHERE id BETWEEN 9060619 AND 9060718 ORDER BY c
	Sort  (cost=387.13..387.38 rows=101 width=121)
	  Sort Key: c
	  ->  Index Scan using sbtest7_pkey on sbtest7  (cost=0.43..383.76 rows=101 width=121)
	        Index Cond: ((id >= 9060619) AND (id <= 9060718))

table 8 : explain SELECT c FROM sbtest8 WHERE id BETWEEN 356665 AND 356764 ORDER BY c
	Sort  (cost=377.19..377.44 rows=98 width=121)
	  Sort Key: c
	  ->  Index Scan using sbtest8_pkey on sbtest8  (cost=0.43..373.95 rows=98 width=121)
	        Index Cond: ((id >= 356665) AND (id <= 356764))

explain: for point_selects :: explain SELECT c FROM sbtest%u WHERE id=%u
explain: for point_selects :: explain SELECT c FROM sbtest%u WHERE id=%u
for deletes
table 1 : explain DELETE FROM sbtest1 WHERE id=1150687
	Delete on sbtest1  (cost=0.43..8.45 rows=0 width=0)
	  ->  Index Scan using sbtest1_pkey on sbtest1  (cost=0.43..8.45 rows=1 width=6)
	        Index Cond: (id = 1150687)

table 2 : explain DELETE FROM sbtest2 WHERE id=2384252
	Delete on sbtest2  (cost=0.43..8.45 rows=0 width=0)
	  ->  Index Scan using sbtest2_pkey on sbtest2  (cost=0.43..8.45 rows=1 width=6)
	        Index Cond: (id = 2384252)

table 3 : explain DELETE FROM sbtest3 WHERE id=1468161
	Delete on sbtest3  (cost=0.43..8.45 rows=0 width=0)
	  ->  Index Scan using sbtest3_pkey on sbtest3  (cost=0.43..8.45 rows=1 width=6)
	        Index Cond: (id = 1468161)

table 4 : explain DELETE FROM sbtest4 WHERE id=2785080
	Delete on sbtest4  (cost=0.43..8.45 rows=0 width=0)
	  ->  Index Scan using sbtest4_pkey on sbtest4  (cost=0.43..8.45 rows=1 width=6)
	        Index Cond: (id = 2785080)

table 5 : explain DELETE FROM sbtest5 WHERE id=7066759
	Delete on sbtest5  (cost=0.43..8.45 rows=0 width=0)
	  ->  Index Scan using sbtest5_pkey on sbtest5  (cost=0.43..8.45 rows=1 width=6)
	        Index Cond: (id = 7066759)

table 6 : explain DELETE FROM sbtest6 WHERE id=6107248
	Delete on sbtest6  (cost=0.43..8.45 rows=0 width=0)
	  ->  Index Scan using sbtest6_pkey on sbtest6  (cost=0.43..8.45 rows=1 width=6)
	        Index Cond: (id = 6107248)

table 7 : explain DELETE FROM sbtest7 WHERE id=8859696
	Delete on sbtest7  (cost=0.43..8.45 rows=0 width=0)
	  ->  Index Scan using sbtest7_pkey on sbtest7  (cost=0.43..8.45 rows=1 width=6)
	        Index Cond: (id = 8859696)

table 8 : explain DELETE FROM sbtest8 WHERE id=8213214
	Delete on sbtest8  (cost=0.43..8.45 rows=0 width=0)
	  ->  Index Scan using sbtest8_pkey on sbtest8  (cost=0.43..8.45 rows=1 width=6)
	        Index Cond: (id = 8213214)

for: simple_ranges
table 1 : explain SELECT c FROM sbtest1 WHERE id BETWEEN 7731351 AND 7731450
	Index Scan using sbtest1_pkey on sbtest1  (cost=0.43..391.23 rows=102 width=121)
	  Index Cond: ((id >= 7731351) AND (id <= 7731450))

table 2 : explain SELECT c FROM sbtest2 WHERE id BETWEEN 5871336 AND 5871435
	Index Scan using sbtest2_pkey on sbtest2  (cost=0.43..360.96 rows=95 width=121)
	  Index Cond: ((id >= 5871336) AND (id <= 5871435))

table 3 : explain SELECT c FROM sbtest3 WHERE id BETWEEN 3075799 AND 3075898
	Index Scan using sbtest3_pkey on sbtest3  (cost=0.43..345.26 rows=90 width=121)
	  Index Cond: ((id >= 3075799) AND (id <= 3075898))

table 4 : explain SELECT c FROM sbtest4 WHERE id BETWEEN 9849274 AND 9849373
	Index Scan using sbtest4_pkey on sbtest4  (cost=0.43..379.57 rows=99 width=121)
	  Index Cond: ((id >= 9849274) AND (id <= 9849373))

table 5 : explain SELECT c FROM sbtest5 WHERE id BETWEEN 2107622 AND 2107721
	Index Scan using sbtest5_pkey on sbtest5  (cost=0.43..420.29 rows=110 width=121)
	  Index Cond: ((id >= 2107622) AND (id <= 2107721))

table 6 : explain SELECT c FROM sbtest6 WHERE id BETWEEN 4213034 AND 4213133
	Index Scan using sbtest6_pkey on sbtest6  (cost=0.43..405.13 rows=106 width=121)
	  Index Cond: ((id >= 4213034) AND (id <= 4213133))

table 7 : explain SELECT c FROM sbtest7 WHERE id BETWEEN 5633828 AND 5633927
	Index Scan using sbtest7_pkey on sbtest7  (cost=0.43..376.26 rows=99 width=121)
	  Index Cond: ((id >= 5633828) AND (id <= 5633927))

table 8 : explain SELECT c FROM sbtest8 WHERE id BETWEEN 1014923 AND 1015022
	Index Scan using sbtest8_pkey on sbtest8  (cost=0.43..400.31 rows=105 width=121)
	  Index Cond: ((id >= 1014923) AND (id <= 1015022))

for: order_ranges
table 1 : explain SELECT c FROM sbtest1 WHERE id BETWEEN 6133524 AND 6133623 ORDER BY c
	Sort  (cost=371.67..371.91 rows=96 width=121)
	  Sort Key: c
	  ->  Index Scan using sbtest1_pkey on sbtest1  (cost=0.43..368.50 rows=96 width=121)
	        Index Cond: ((id >= 6133524) AND (id <= 6133623))

table 2 : explain SELECT c FROM sbtest2 WHERE id BETWEEN 8501187 AND 8501286 ORDER BY c
	Sort  (cost=379.24..379.49 rows=99 width=121)
	  Sort Key: c
	  ->  Index Scan using sbtest2_pkey on sbtest2  (cost=0.43..375.96 rows=99 width=121)
	        Index Cond: ((id >= 8501187) AND (id <= 8501286))

table 3 : explain SELECT c FROM sbtest3 WHERE id BETWEEN 2823654 AND 2823753 ORDER BY c
	Sort  (cost=363.47..363.70 rows=94 width=121)
	  Sort Key: c
	  ->  Index Scan using sbtest3_pkey on sbtest3  (cost=0.43..360.39 rows=94 width=121)
	        Index Cond: ((id >= 2823654) AND (id <= 2823753))

table 4 : explain SELECT c FROM sbtest4 WHERE id BETWEEN 9068212 AND 9068311 ORDER BY c
	Sort  (cost=363.66..363.90 rows=94 width=121)
	  Sort Key: c
	  ->  Index Scan using sbtest4_pkey on sbtest4  (cost=0.43..360.58 rows=94 width=121)
	        Index Cond: ((id >= 9068212) AND (id <= 9068311))

table 5 : explain SELECT c FROM sbtest5 WHERE id BETWEEN 2438600 AND 2438699 ORDER BY c
	Sort  (cost=401.12..401.38 rows=104 width=121)
	  Sort Key: c
	  ->  Index Scan using sbtest5_pkey on sbtest5  (cost=0.43..397.63 rows=104 width=121)
	        Index Cond: ((id >= 2438600) AND (id <= 2438699))

table 6 : explain SELECT c FROM sbtest6 WHERE id BETWEEN 3753429 AND 3753528 ORDER BY c
	Sort  (cost=370.46..370.70 rows=96 width=121)
	  Sort Key: c
	  ->  Index Scan using sbtest6_pkey on sbtest6  (cost=0.43..367.30 rows=96 width=121)
	        Index Cond: ((id >= 3753429) AND (id <= 3753528))

table 7 : explain SELECT c FROM sbtest7 WHERE id BETWEEN 312383 AND 312482 ORDER BY c
	Sort  (cost=387.13..387.38 rows=101 width=121)
	  Sort Key: c
	  ->  Index Scan using sbtest7_pkey on sbtest7  (cost=0.43..383.76 rows=101 width=121)
	        Index Cond: ((id >= 312383) AND (id <= 312482))

table 8 : explain SELECT c FROM sbtest8 WHERE id BETWEEN 1864206 AND 1864305 ORDER BY c
	Sort  (cost=365.71..365.95 rows=95 width=121)
	  Sort Key: c
	  ->  Index Scan using sbtest8_pkey on sbtest8  (cost=0.43..362.59 rows=95 width=121)
	        Index Cond: ((id >= 1864206) AND (id <= 1864305))

explain: for inserts :: explain INSERT INTO sbtest%u (id, k, c, pad) VALUES (%u, 13, 'foobar', 'foobar')
for deletes
table 1 : explain DELETE FROM sbtest1 WHERE id=264923
	Delete on sbtest1  (cost=0.43..8.45 rows=0 width=0)
	  ->  Index Scan using sbtest1_pkey on sbtest1  (cost=0.43..8.45 rows=1 width=6)
	        Index Cond: (id = 264923)

table 2 : explain DELETE FROM sbtest2 WHERE id=2482380
	Delete on sbtest2  (cost=0.43..8.45 rows=0 width=0)
	  ->  Index Scan using sbtest2_pkey on sbtest2  (cost=0.43..8.45 rows=1 width=6)
	        Index Cond: (id = 2482380)

table 3 : explain DELETE FROM sbtest3 WHERE id=8095086
	Delete on sbtest3  (cost=0.43..8.45 rows=0 width=0)
	  ->  Index Scan using sbtest3_pkey on sbtest3  (cost=0.43..8.45 rows=1 width=6)
	        Index Cond: (id = 8095086)

table 4 : explain DELETE FROM sbtest4 WHERE id=2888788
	Delete on sbtest4  (cost=0.43..8.45 rows=0 width=0)
	  ->  Index Scan using sbtest4_pkey on sbtest4  (cost=0.43..8.45 rows=1 width=6)
	        Index Cond: (id = 2888788)

table 5 : explain DELETE FROM sbtest5 WHERE id=343302
	Delete on sbtest5  (cost=0.43..8.45 rows=0 width=0)
	  ->  Index Scan using sbtest5_pkey on sbtest5  (cost=0.43..8.45 rows=1 width=6)
	        Index Cond: (id = 343302)

table 6 : explain DELETE FROM sbtest6 WHERE id=5550685
	Delete on sbtest6  (cost=0.43..8.45 rows=0 width=0)
	  ->  Index Scan using sbtest6_pkey on sbtest6  (cost=0.43..8.45 rows=1 width=6)
	        Index Cond: (id = 5550685)

table 7 : explain DELETE FROM sbtest7 WHERE id=3551554
	Delete on sbtest7  (cost=0.43..8.45 rows=0 width=0)
	  ->  Index Scan using sbtest7_pkey on sbtest7  (cost=0.43..8.45 rows=1 width=6)
	        Index Cond: (id = 3551554)

table 8 : explain DELETE FROM sbtest8 WHERE id=4352985
	Delete on sbtest8  (cost=0.43..8.45 rows=0 width=0)
	  ->  Index Scan using sbtest8_pkey on sbtest8  (cost=0.43..8.45 rows=1 width=6)
	        Index Cond: (id = 4352985)

for: distinct_ranges
table 1 : explain SELECT DISTINCT c FROM sbtest1 WHERE id BETWEEN 5326972 AND 5327071 ORDER BY c
	Unique  (cost=371.67..372.15 rows=96 width=121)
	  ->  Sort  (cost=371.67..371.91 rows=96 width=121)
	        Sort Key: c
	        ->  Index Scan using sbtest1_pkey on sbtest1  (cost=0.43..368.50 rows=96 width=121)
	              Index Cond: ((id >= 5326972) AND (id <= 5327071))

table 2 : explain SELECT DISTINCT c FROM sbtest2 WHERE id BETWEEN 4588531 AND 4588630 ORDER BY c
	Unique  (cost=386.89..387.39 rows=101 width=121)
	  ->  Sort  (cost=386.89..387.14 rows=101 width=121)
	        Sort Key: c
	        ->  Index Scan using sbtest2_pkey on sbtest2  (cost=0.43..383.52 rows=101 width=121)
	              Index Cond: ((id >= 4588531) AND (id <= 4588630))

table 3 : explain SELECT DISTINCT c FROM sbtest3 WHERE id BETWEEN 642202 AND 642301 ORDER BY c
	Unique  (cost=367.29..367.77 rows=95 width=121)
	  ->  Sort  (cost=367.29..367.53 rows=95 width=121)
	        Sort Key: c
	        ->  Index Scan using sbtest3_pkey on sbtest3  (cost=0.43..364.17 rows=95 width=121)
	              Index Cond: ((id >= 642202) AND (id <= 642301))

table 4 : explain SELECT DISTINCT c FROM sbtest4 WHERE id BETWEEN 4211749 AND 4211848 ORDER BY c
	Unique  (cost=398.15..398.67 rows=103 width=121)
	  ->  Sort  (cost=398.15..398.41 rows=103 width=121)
	        Sort Key: c
	        ->  Index Scan using sbtest4_pkey on sbtest4  (cost=0.43..394.71 rows=103 width=121)
	              Index Cond: ((id >= 4211749) AND (id <= 4211848))

table 5 : explain SELECT DISTINCT c FROM sbtest5 WHERE id BETWEEN 1734720 AND 1734819 ORDER BY c
	Unique  (cost=385.85..386.35 rows=100 width=121)
	  ->  Sort  (cost=385.85..386.10 rows=100 width=121)
	        Sort Key: c
	        ->  Index Scan using sbtest5_pkey on sbtest5  (cost=0.43..382.53 rows=100 width=121)
	              Index Cond: ((id >= 1734720) AND (id <= 1734819))

table 6 : explain SELECT DISTINCT c FROM sbtest6 WHERE id BETWEEN 4005785 AND 4005884 ORDER BY c
	Unique  (cost=378.16..378.65 rows=98 width=121)
	  ->  Sort  (cost=378.16..378.40 rows=98 width=121)
	        Sort Key: c
	        ->  Index Scan using sbtest6_pkey on sbtest6  (cost=0.43..374.92 rows=98 width=121)
	              Index Cond: ((id >= 4005785) AND (id <= 4005884))

table 7 : explain SELECT DISTINCT c FROM sbtest7 WHERE id BETWEEN 5657172 AND 5657271 ORDER BY c
	Unique  (cost=379.54..380.04 rows=99 width=121)
	  ->  Sort  (cost=379.54..379.79 rows=99 width=121)
	        Sort Key: c
	        ->  Index Scan using sbtest7_pkey on sbtest7  (cost=0.43..376.26 rows=99 width=121)
	              Index Cond: ((id >= 5657172) AND (id <= 5657271))

table 8 : explain SELECT DISTINCT c FROM sbtest8 WHERE id BETWEEN 3658333 AND 3658432 ORDER BY c
	Unique  (cost=388.61..389.11 rows=101 width=121)
	  ->  Sort  (cost=388.61..388.86 rows=101 width=121)
	        Sort Key: c
	        ->  Index Scan using sbtest8_pkey on sbtest8  (cost=0.43..385.25 rows=101 width=121)
	              Index Cond: ((id >= 3658333) AND (id <= 3658432))

explain: for index_updates :: explain UPDATE sbtest%u SET k=k+1 WHERE id=%u
for: distinct_ranges
table 1 : explain SELECT DISTINCT c FROM sbtest1 WHERE id BETWEEN 2667610 AND 2667709 ORDER BY c
	Unique  (cost=394.64..395.15 rows=102 width=121)
	  ->  Sort  (cost=394.64..394.89 rows=102 width=121)
	        Sort Key: c
	        ->  Index Scan using sbtest1_pkey on sbtest1  (cost=0.43..391.23 rows=102 width=121)
	              Index Cond: ((id >= 2667610) AND (id <= 2667709))

table 2 : explain SELECT DISTINCT c FROM sbtest2 WHERE id BETWEEN 4392240 AND 4392339 ORDER BY c
	Unique  (cost=375.45..375.94 rows=98 width=121)
	  ->  Sort  (cost=375.45..375.70 rows=98 width=121)
	        Sort Key: c
	        ->  Index Scan using sbtest2_pkey on sbtest2  (cost=0.43..372.21 rows=98 width=121)
	              Index Cond: ((id >= 4392240) AND (id <= 4392339))

table 3 : explain SELECT DISTINCT c FROM sbtest3 WHERE id BETWEEN 9229799 AND 9229898 ORDER BY c
	Unique  (cost=424.70..425.25 rows=110 width=121)
	  ->  Sort  (cost=424.70..424.98 rows=110 width=121)
	        Sort Key: c
	        ->  Index Scan using sbtest3_pkey on sbtest3  (cost=0.43..420.97 rows=110 width=121)
	              Index Cond: ((id >= 9229799) AND (id <= 9229898))

table 4 : explain SELECT DISTINCT c FROM sbtest4 WHERE id BETWEEN 5495961 AND 5496060 ORDER BY c
	Unique  (cost=401.98..402.50 rows=104 width=121)
	  ->  Sort  (cost=401.98..402.24 rows=104 width=121)
	        Sort Key: c
	        ->  Index Scan using sbtest4_pkey on sbtest4  (cost=0.43..398.49 rows=104 width=121)
	              Index Cond: ((id >= 5495961) AND (id <= 5496060))

table 5 : explain SELECT DISTINCT c FROM sbtest5 WHERE id BETWEEN 7157180 AND 7157279 ORDER BY c
	Unique  (cost=374.40..374.88 rows=97 width=121)
	  ->  Sort  (cost=374.40..374.64 rows=97 width=121)
	        Sort Key: c
	        ->  Index Scan using sbtest5_pkey on sbtest5  (cost=0.43..371.20 rows=97 width=121)
	              Index Cond: ((id >= 7157180) AND (id <= 7157279))

table 6 : explain SELECT DISTINCT c FROM sbtest6 WHERE id BETWEEN 9409788 AND 9409887 ORDER BY c
	Unique  (cost=389.61..390.11 rows=101 width=121)
	  ->  Sort  (cost=389.61..389.86 rows=101 width=121)
	        Sort Key: c
	        ->  Index Scan using sbtest6_pkey on sbtest6  (cost=0.43..386.25 rows=101 width=121)
	              Index Cond: ((id >= 9409788) AND (id <= 9409887))

table 7 : explain SELECT DISTINCT c FROM sbtest7 WHERE id BETWEEN 9674272 AND 9674371 ORDER BY c
	Unique  (cost=406.09..406.62 rows=106 width=121)
	  ->  Sort  (cost=406.09..406.35 rows=106 width=121)
	        Sort Key: c
	        ->  Index Scan using sbtest7_pkey on sbtest7  (cost=0.43..402.52 rows=106 width=121)
	              Index Cond: ((id >= 9674272) AND (id <= 9674371))

table 8 : explain SELECT DISTINCT c FROM sbtest8 WHERE id BETWEEN 5718980 AND 5719079 ORDER BY c
	Unique  (cost=403.84..404.36 rows=105 width=121)
	  ->  Sort  (cost=403.84..404.10 rows=105 width=121)
	        Sort Key: c
	        ->  Index Scan using sbtest8_pkey on sbtest8  (cost=0.43..400.31 rows=105 width=121)
	              Index Cond: ((id >= 5718980) AND (id <= 5719079))

for: sum_ranges
table 1 : explain SELECT SUM(k) FROM sbtest1 WHERE id BETWEEN 8125869 AND 8125968
	Aggregate  (cost=353.52..353.53 rows=1 width=8)
	  ->  Index Scan using sbtest1_pkey on sbtest1  (cost=0.43..353.29 rows=92 width=4)
	        Index Cond: ((id >= 8125869) AND (id <= 8125968))

table 2 : explain SELECT SUM(k) FROM sbtest2 WHERE id BETWEEN 4906422 AND 4906521
	Aggregate  (cost=357.45..357.46 rows=1 width=8)
	  ->  Index Scan using sbtest2_pkey on sbtest2  (cost=0.43..357.21 rows=94 width=4)
	        Index Cond: ((id >= 4906422) AND (id <= 4906521))

table 3 : explain SELECT SUM(k) FROM sbtest3 WHERE id BETWEEN 6650600 AND 6650699
	Aggregate  (cost=417.46..417.47 rows=1 width=8)
	  ->  Index Scan using sbtest3_pkey on sbtest3  (cost=0.43..417.19 rows=109 width=4)
	        Index Cond: ((id >= 6650600) AND (id <= 6650699))

table 4 : explain SELECT SUM(k) FROM sbtest4 WHERE id BETWEEN 2466989 AND 2467088
	Aggregate  (cost=394.97..394.98 rows=1 width=8)
	  ->  Index Scan using sbtest4_pkey on sbtest4  (cost=0.43..394.71 rows=103 width=4)
	        Index Cond: ((id >= 2466989) AND (id <= 2467088))

table 5 : explain SELECT SUM(k) FROM sbtest5 WHERE id BETWEEN 26124 AND 26223
	Aggregate  (cost=379.00..379.01 rows=1 width=8)
	  ->  Index Scan using sbtest5_pkey on sbtest5  (cost=0.43..378.75 rows=99 width=4)
	        Index Cond: ((id >= 26124) AND (id <= 26223))

table 6 : explain SELECT SUM(k) FROM sbtest6 WHERE id BETWEEN 6061791 AND 6061890
	Aggregate  (cost=356.21..356.22 rows=1 width=8)
	  ->  Index Scan using sbtest6_pkey on sbtest6  (cost=0.43..355.98 rows=93 width=4)
	        Index Cond: ((id >= 6061791) AND (id <= 6061890))

table 7 : explain SELECT SUM(k) FROM sbtest7 WHERE id BETWEEN 1509854 AND 1509953
	Aggregate  (cost=402.78..402.79 rows=1 width=8)
	  ->  Index Scan using sbtest7_pkey on sbtest7  (cost=0.43..402.52 rows=106 width=4)
	        Index Cond: ((id >= 1509854) AND (id <= 1509953))

table 8 : explain SELECT SUM(k) FROM sbtest8 WHERE id BETWEEN 4742284 AND 4742383
	Aggregate  (cost=359.06..359.07 rows=1 width=8)
	  ->  Index Scan using sbtest8_pkey on sbtest8  (cost=0.43..358.82 rows=94 width=4)
	        Index Cond: ((id >= 4742284) AND (id <= 4742383))

for point_selects
table 1 : explain SELECT c FROM sbtest1 WHERE id=4004959
	Index Scan using sbtest1_pkey on sbtest1  (cost=0.43..8.45 rows=1 width=121)
	  Index Cond: (id = 4004959)

table 2 : explain SELECT c FROM sbtest2 WHERE id=2520634
	Index Scan using sbtest2_pkey on sbtest2  (cost=0.43..8.45 rows=1 width=121)
	  Index Cond: (id = 2520634)

table 3 : explain SELECT c FROM sbtest3 WHERE id=8780255
	Index Scan using sbtest3_pkey on sbtest3  (cost=0.43..8.45 rows=1 width=121)
	  Index Cond: (id = 8780255)

table 4 : explain SELECT c FROM sbtest4 WHERE id=882297
	Index Scan using sbtest4_pkey on sbtest4  (cost=0.43..8.45 rows=1 width=121)
	  Index Cond: (id = 882297)

table 5 : explain SELECT c FROM sbtest5 WHERE id=8676952
	Index Scan using sbtest5_pkey on sbtest5  (cost=0.43..8.45 rows=1 width=121)
	  Index Cond: (id = 8676952)

table 6 : explain SELECT c FROM sbtest6 WHERE id=8976525
	Index Scan using sbtest6_pkey on sbtest6  (cost=0.43..8.45 rows=1 width=121)
	  Index Cond: (id = 8976525)

table 7 : explain SELECT c FROM sbtest7 WHERE id=525200
	Index Scan using sbtest7_pkey on sbtest7  (cost=0.43..8.45 rows=1 width=121)
	  Index Cond: (id = 525200)

table 8 : explain SELECT c FROM sbtest8 WHERE id=6108584
	Index Scan using sbtest8_pkey on sbtest8  (cost=0.43..8.45 rows=1 width=121)
	  Index Cond: (id = 6108584)

for inserts
table 1 : explain INSERT INTO sbtest1 (id, k, c, pad) VALUES (8916733, 13, 'foobar', 'foobar')
	Insert on sbtest1  (cost=0.00..0.01 rows=0 width=0)
	  ->  Result  (cost=0.00..0.01 rows=1 width=736)

table 2 : explain INSERT INTO sbtest2 (id, k, c, pad) VALUES (8666448, 13, 'foobar', 'foobar')
	Insert on sbtest2  (cost=0.00..0.01 rows=0 width=0)
	  ->  Result  (cost=0.00..0.01 rows=1 width=736)

table 3 : explain INSERT INTO sbtest3 (id, k, c, pad) VALUES (6339919, 13, 'foobar', 'foobar')
	Insert on sbtest3  (cost=0.00..0.01 rows=0 width=0)
	  ->  Result  (cost=0.00..0.01 rows=1 width=736)

table 4 : explain INSERT INTO sbtest4 (id, k, c, pad) VALUES (3800691, 13, 'foobar', 'foobar')
	Insert on sbtest4  (cost=0.00..0.01 rows=0 width=0)
	  ->  Result  (cost=0.00..0.01 rows=1 width=736)

table 5 : explain INSERT INTO sbtest5 (id, k, c, pad) VALUES (7426512, 13, 'foobar', 'foobar')
	Insert on sbtest5  (cost=0.00..0.01 rows=0 width=0)
	  ->  Result  (cost=0.00..0.01 rows=1 width=736)

table 6 : explain INSERT INTO sbtest6 (id, k, c, pad) VALUES (6309299, 13, 'foobar', 'foobar')
	Insert on sbtest6  (cost=0.00..0.01 rows=0 width=0)
	  ->  Result  (cost=0.00..0.01 rows=1 width=736)

table 7 : explain INSERT INTO sbtest7 (id, k, c, pad) VALUES (5428495, 13, 'foobar', 'foobar')
	Insert on sbtest7  (cost=0.00..0.01 rows=0 width=0)
	  ->  Result  (cost=0.00..0.01 rows=1 width=736)

table 8 : explain INSERT INTO sbtest8 (id, k, c, pad) VALUES (1958397, 13, 'foobar', 'foobar')
	Insert on sbtest8  (cost=0.00..0.01 rows=0 width=0)
	  ->  Result  (cost=0.00..0.01 rows=1 width=736)

explain: for index_updates :: explain UPDATE sbtest%u SET k=k+1 WHERE id=%u
explain: for inserts :: explain INSERT INTO sbtest%u (id, k, c, pad) VALUES (%u, 13, 'foobar', 'foobar')
for index_updates
table 1 : explain UPDATE sbtest1 SET k=k+1 WHERE id=2401767
	Update on sbtest1  (cost=0.43..8.46 rows=0 width=0)
	  ->  Index Scan using sbtest1_pkey on sbtest1  (cost=0.43..8.46 rows=1 width=10)
	        Index Cond: (id = 2401767)

table 2 : explain UPDATE sbtest2 SET k=k+1 WHERE id=7176670
	Update on sbtest2  (cost=0.43..8.46 rows=0 width=0)
	  ->  Index Scan using sbtest2_pkey on sbtest2  (cost=0.43..8.46 rows=1 width=10)
	        Index Cond: (id = 7176670)

table 3 : explain UPDATE sbtest3 SET k=k+1 WHERE id=8918910
	Update on sbtest3  (cost=0.43..8.46 rows=0 width=0)
	  ->  Index Scan using sbtest3_pkey on sbtest3  (cost=0.43..8.46 rows=1 width=10)
	        Index Cond: (id = 8918910)

table 4 : explain UPDATE sbtest4 SET k=k+1 WHERE id=1134122
	Update on sbtest4  (cost=0.43..8.46 rows=0 width=0)
	  ->  Index Scan using sbtest4_pkey on sbtest4  (cost=0.43..8.46 rows=1 width=10)
	        Index Cond: (id = 1134122)

table 5 : explain UPDATE sbtest5 SET k=k+1 WHERE id=5934272
	Update on sbtest5  (cost=0.43..8.46 rows=0 width=0)
	  ->  Index Scan using sbtest5_pkey on sbtest5  (cost=0.43..8.46 rows=1 width=10)
	        Index Cond: (id = 5934272)

table 6 : explain UPDATE sbtest6 SET k=k+1 WHERE id=1355490
	Update on sbtest6  (cost=0.43..8.46 rows=0 width=0)
	  ->  Index Scan using sbtest6_pkey on sbtest6  (cost=0.43..8.46 rows=1 width=10)
	        Index Cond: (id = 1355490)

table 7 : explain UPDATE sbtest7 SET k=k+1 WHERE id=8930667
	Update on sbtest7  (cost=0.43..8.46 rows=0 width=0)
	  ->  Index Scan using sbtest7_pkey on sbtest7  (cost=0.43..8.46 rows=1 width=10)
	        Index Cond: (id = 8930667)

table 8 : explain UPDATE sbtest8 SET k=k+1 WHERE id=2172137
	Update on sbtest8  (cost=0.43..8.46 rows=0 width=0)
	  ->  Index Scan using sbtest8_pkey on sbtest8  (cost=0.43..8.46 rows=1 width=10)
	        Index Cond: (id = 2172137)

for point_selects
table 1 : explain SELECT c FROM sbtest1 WHERE id=9022652
	Index Scan using sbtest1_pkey on sbtest1  (cost=0.43..8.45 rows=1 width=121)
	  Index Cond: (id = 9022652)

table 2 : explain SELECT c FROM sbtest2 WHERE id=5218961
	Index Scan using sbtest2_pkey on sbtest2  (cost=0.43..8.45 rows=1 width=121)
	  Index Cond: (id = 5218961)

table 3 : explain SELECT c FROM sbtest3 WHERE id=8076115
	Index Scan using sbtest3_pkey on sbtest3  (cost=0.43..8.45 rows=1 width=121)
	  Index Cond: (id = 8076115)

table 4 : explain SELECT c FROM sbtest4 WHERE id=1559018
	Index Scan using sbtest4_pkey on sbtest4  (cost=0.43..8.45 rows=1 width=121)
	  Index Cond: (id = 1559018)

table 5 : explain SELECT c FROM sbtest5 WHERE id=7326124
	Index Scan using sbtest5_pkey on sbtest5  (cost=0.43..8.45 rows=1 width=121)
	  Index Cond: (id = 7326124)

table 6 : explain SELECT c FROM sbtest6 WHERE id=3062667
	Index Scan using sbtest6_pkey on sbtest6  (cost=0.43..8.45 rows=1 width=121)
	  Index Cond: (id = 3062667)

table 7 : explain SELECT c FROM sbtest7 WHERE id=7973400
	Index Scan using sbtest7_pkey on sbtest7  (cost=0.43..8.45 rows=1 width=121)
	  Index Cond: (id = 7973400)

table 8 : explain SELECT c FROM sbtest8 WHERE id=7986987
	Index Scan using sbtest8_pkey on sbtest8  (cost=0.43..8.45 rows=1 width=121)
	  Index Cond: (id = 7986987)

for point_selects
table 1 : explain SELECT c FROM sbtest1 WHERE id=4745855
	Index Scan using sbtest1_pkey on sbtest1  (cost=0.43..8.45 rows=1 width=121)
	  Index Cond: (id = 4745855)

table 2 : explain SELECT c FROM sbtest2 WHERE id=418518
	Index Scan using sbtest2_pkey on sbtest2  (cost=0.43..8.45 rows=1 width=121)
	  Index Cond: (id = 418518)

table 3 : explain SELECT c FROM sbtest3 WHERE id=7269453
	Index Scan using sbtest3_pkey on sbtest3  (cost=0.43..8.45 rows=1 width=121)
	  Index Cond: (id = 7269453)

table 4 : explain SELECT c FROM sbtest4 WHERE id=1249458
	Index Scan using sbtest4_pkey on sbtest4  (cost=0.43..8.45 rows=1 width=121)
	  Index Cond: (id = 1249458)

table 5 : explain SELECT c FROM sbtest5 WHERE id=556424
	Index Scan using sbtest5_pkey on sbtest5  (cost=0.43..8.45 rows=1 width=121)
	  Index Cond: (id = 556424)

table 6 : explain SELECT c FROM sbtest6 WHERE id=2251085
	Index Scan using sbtest6_pkey on sbtest6  (cost=0.43..8.45 rows=1 width=121)
	  Index Cond: (id = 2251085)

table 7 : explain SELECT c FROM sbtest7 WHERE id=3482426
	Index Scan using sbtest7_pkey on sbtest7  (cost=0.43..8.45 rows=1 width=121)
	  Index Cond: (id = 3482426)

table 8 : explain SELECT c FROM sbtest8 WHERE id=302037
	Index Scan using sbtest8_pkey on sbtest8  (cost=0.43..8.45 rows=1 width=121)
	  Index Cond: (id = 302037)

explain: for point_selects :: explain SELECT c FROM sbtest%u WHERE id=%u
explain: for non_index_updates :: explain UPDATE sbtest%u SET c='foobar' WHERE id=%u
for index_updates
table 1 : explain UPDATE sbtest1 SET k=k+1 WHERE id=5040366
	Update on sbtest1  (cost=0.43..8.46 rows=0 width=0)
	  ->  Index Scan using sbtest1_pkey on sbtest1  (cost=0.43..8.46 rows=1 width=10)
	        Index Cond: (id = 5040366)

table 2 : explain UPDATE sbtest2 SET k=k+1 WHERE id=9995637
	Update on sbtest2  (cost=0.43..8.46 rows=0 width=0)
	  ->  Index Scan using sbtest2_pkey on sbtest2  (cost=0.43..8.46 rows=1 width=10)
	        Index Cond: (id = 9995637)

table 3 : explain UPDATE sbtest3 SET k=k+1 WHERE id=2217931
	Update on sbtest3  (cost=0.43..8.46 rows=0 width=0)
	  ->  Index Scan using sbtest3_pkey on sbtest3  (cost=0.43..8.46 rows=1 width=10)
	        Index Cond: (id = 2217931)

table 4 : explain UPDATE sbtest4 SET k=k+1 WHERE id=9655237
	Update on sbtest4  (cost=0.43..8.46 rows=0 width=0)
	  ->  Index Scan using sbtest4_pkey on sbtest4  (cost=0.43..8.46 rows=1 width=10)
	        Index Cond: (id = 9655237)

table 5 : explain UPDATE sbtest5 SET k=k+1 WHERE id=975551
	Update on sbtest5  (cost=0.43..8.46 rows=0 width=0)
	  ->  Index Scan using sbtest5_pkey on sbtest5  (cost=0.43..8.46 rows=1 width=10)
	        Index Cond: (id = 975551)

table 6 : explain UPDATE sbtest6 SET k=k+1 WHERE id=6802541
	Update on sbtest6  (cost=0.43..8.46 rows=0 width=0)
	  ->  Index Scan using sbtest6_pkey on sbtest6  (cost=0.43..8.46 rows=1 width=10)
	        Index Cond: (id = 6802541)

table 7 : explain UPDATE sbtest7 SET k=k+1 WHERE id=4661921
	Update on sbtest7  (cost=0.43..8.46 rows=0 width=0)
	  ->  Index Scan using sbtest7_pkey on sbtest7  (cost=0.43..8.46 rows=1 width=10)
	        Index Cond: (id = 4661921)

table 8 : explain UPDATE sbtest8 SET k=k+1 WHERE id=2351717
	Update on sbtest8  (cost=0.43..8.46 rows=0 width=0)
	  ->  Index Scan using sbtest8_pkey on sbtest8  (cost=0.43..8.46 rows=1 width=10)
	        Index Cond: (id = 2351717)

for inserts
table 1 : explain INSERT INTO sbtest1 (id, k, c, pad) VALUES (2791127, 13, 'foobar', 'foobar')
	Insert on sbtest1  (cost=0.00..0.01 rows=0 width=0)
	  ->  Result  (cost=0.00..0.01 rows=1 width=736)

table 2 : explain INSERT INTO sbtest2 (id, k, c, pad) VALUES (4668866, 13, 'foobar', 'foobar')
	Insert on sbtest2  (cost=0.00..0.01 rows=0 width=0)
	  ->  Result  (cost=0.00..0.01 rows=1 width=736)

table 3 : explain INSERT INTO sbtest3 (id, k, c, pad) VALUES (7614104, 13, 'foobar', 'foobar')
	Insert on sbtest3  (cost=0.00..0.01 rows=0 width=0)
	  ->  Result  (cost=0.00..0.01 rows=1 width=736)

table 4 : explain INSERT INTO sbtest4 (id, k, c, pad) VALUES (4535045, 13, 'foobar', 'foobar')
	Insert on sbtest4  (cost=0.00..0.01 rows=0 width=0)
	  ->  Result  (cost=0.00..0.01 rows=1 width=736)

table 5 : explain INSERT INTO sbtest5 (id, k, c, pad) VALUES (7440694, 13, 'foobar', 'foobar')
	Insert on sbtest5  (cost=0.00..0.01 rows=0 width=0)
	  ->  Result  (cost=0.00..0.01 rows=1 width=736)

table 6 : explain INSERT INTO sbtest6 (id, k, c, pad) VALUES (8064766, 13, 'foobar', 'foobar')
	Insert on sbtest6  (cost=0.00..0.01 rows=0 width=0)
	  ->  Result  (cost=0.00..0.01 rows=1 width=736)

table 7 : explain INSERT INTO sbtest7 (id, k, c, pad) VALUES (8878093, 13, 'foobar', 'foobar')
	Insert on sbtest7  (cost=0.00..0.01 rows=0 width=0)
	  ->  Result  (cost=0.00..0.01 rows=1 width=736)

table 8 : explain INSERT INTO sbtest8 (id, k, c, pad) VALUES (1134364, 13, 'foobar', 'foobar')
	Insert on sbtest8  (cost=0.00..0.01 rows=0 width=0)
	  ->  Result  (cost=0.00..0.01 rows=1 width=736)

for: simple_ranges
table 1 : explain SELECT c FROM sbtest1 WHERE id BETWEEN 9248984 AND 9249083
	Index Scan using sbtest1_pkey on sbtest1  (cost=0.43..357.14 rows=93 width=121)
	  Index Cond: ((id >= 9248984) AND (id <= 9249083))

table 2 : explain SELECT c FROM sbtest2 WHERE id BETWEEN 197608 AND 197707
	Index Scan using sbtest2_pkey on sbtest2  (cost=0.43..398.52 rows=105 width=121)
	  Index Cond: ((id >= 197608) AND (id <= 197707))

table 3 : explain SELECT c FROM sbtest3 WHERE id BETWEEN 3461725 AND 3461824
	Index Scan using sbtest3_pkey on sbtest3  (cost=0.43..360.39 rows=94 width=121)
	  Index Cond: ((id >= 3461725) AND (id <= 3461824))

table 4 : explain SELECT c FROM sbtest4 WHERE id BETWEEN 6332008 AND 6332107
	Index Scan using sbtest4_pkey on sbtest4  (cost=0.43..368.15 rows=96 width=121)
	  Index Cond: ((id >= 6332008) AND (id <= 6332107))

table 5 : explain SELECT c FROM sbtest5 WHERE id BETWEEN 8763126 AND 8763225
	Index Scan using sbtest5_pkey on sbtest5  (cost=0.43..424.07 rows=111 width=121)
	  Index Cond: ((id >= 8763126) AND (id <= 8763225))

table 6 : explain SELECT c FROM sbtest6 WHERE id BETWEEN 8312435 AND 8312534
	Index Scan using sbtest6_pkey on sbtest6  (cost=0.43..382.47 rows=100 width=121)
	  Index Cond: ((id >= 8312435) AND (id <= 8312534))

table 7 : explain SELECT c FROM sbtest7 WHERE id BETWEEN 4214378 AND 4214477
	Index Scan using sbtest7_pkey on sbtest7  (cost=0.43..361.19 rows=95 width=121)
	  Index Cond: ((id >= 4214378) AND (id <= 4214477))

table 8 : explain SELECT c FROM sbtest8 WHERE id BETWEEN 9914873 AND 9914972
	Index Scan using sbtest8_pkey on sbtest8  (cost=0.43..411.61 rows=108 width=121)
	  Index Cond: ((id >= 9914873) AND (id <= 9914972))

explain: for non_index_updates :: explain UPDATE sbtest%u SET c='foobar' WHERE id=%u
for: simple_ranges
table 1 : explain SELECT c FROM sbtest1 WHERE id BETWEEN 7946366 AND 7946465
	Index Scan using sbtest1_pkey on sbtest1  (cost=0.43..391.23 rows=102 width=121)
	  Index Cond: ((id >= 7946366) AND (id <= 7946465))

table 2 : explain SELECT c FROM sbtest2 WHERE id BETWEEN 9359947 AND 9360046
	Index Scan using sbtest2_pkey on sbtest2  (cost=0.43..353.47 rows=93 width=121)
	  Index Cond: ((id >= 9359947) AND (id <= 9360046))

table 3 : explain SELECT c FROM sbtest3 WHERE id BETWEEN 9758494 AND 9758593
	Index Scan using sbtest3_pkey on sbtest3  (cost=0.43..394.49 rows=103 width=121)
	  Index Cond: ((id >= 9758494) AND (id <= 9758593))

table 4 : explain SELECT c FROM sbtest4 WHERE id BETWEEN 9134261 AND 9134360
	Index Scan using sbtest4_pkey on sbtest4  (cost=0.43..371.94 rows=97 width=121)
	  Index Cond: ((id >= 9134261) AND (id <= 9134360))

table 5 : explain SELECT c FROM sbtest5 WHERE id BETWEEN 404439 AND 404538
	Index Scan using sbtest5_pkey on sbtest5  (cost=0.43..356.03 rows=93 width=121)
	  Index Cond: ((id >= 404439) AND (id <= 404538))

table 6 : explain SELECT c FROM sbtest6 WHERE id BETWEEN 8822922 AND 8823021
	Index Scan using sbtest6_pkey on sbtest6  (cost=0.43..374.92 rows=98 width=121)
	  Index Cond: ((id >= 8822922) AND (id <= 8823021))

table 7 : explain SELECT c FROM sbtest7 WHERE id BETWEEN 677187 AND 677286
	Index Scan using sbtest7_pkey on sbtest7  (cost=0.43..368.76 rows=97 width=121)
	  Index Cond: ((id >= 677187) AND (id <= 677286))

table 8 : explain SELECT c FROM sbtest8 WHERE id BETWEEN 8009651 AND 8009750
	Index Scan using sbtest8_pkey on sbtest8  (cost=0.43..362.59 rows=95 width=121)
	  Index Cond: ((id >= 8009651) AND (id <= 8009750))

for: simple_ranges
table 1 : explain SELECT c FROM sbtest1 WHERE id BETWEEN 9085116 AND 9085215
	Index Scan using sbtest1_pkey on sbtest1  (cost=0.43..364.72 rows=95 width=121)
	  Index Cond: ((id >= 9085116) AND (id <= 9085215))

table 2 : explain SELECT c FROM sbtest2 WHERE id BETWEEN 8565250 AND 8565349
	Index Scan using sbtest2_pkey on sbtest2  (cost=0.43..357.21 rows=94 width=121)
	  Index Cond: ((id >= 8565250) AND (id <= 8565349))

table 3 : explain SELECT c FROM sbtest3 WHERE id BETWEEN 5378931 AND 5379030
	Index Scan using sbtest3_pkey on sbtest3  (cost=0.43..386.93 rows=101 width=121)
	  Index Cond: ((id >= 5378931) AND (id <= 5379030))

table 4 : explain SELECT c FROM sbtest4 WHERE id BETWEEN 9025261 AND 9025360
	Index Scan using sbtest4_pkey on sbtest4  (cost=0.43..360.58 rows=94 width=121)
	  Index Cond: ((id >= 9025261) AND (id <= 9025360))

table 5 : explain SELECT c FROM sbtest5 WHERE id BETWEEN 3378411 AND 3378510
	Index Scan using sbtest5_pkey on sbtest5  (cost=0.43..371.20 rows=97 width=121)
	  Index Cond: ((id >= 3378411) AND (id <= 3378510))

table 6 : explain SELECT c FROM sbtest6 WHERE id BETWEEN 6996111 AND 6996210
	Index Scan using sbtest6_pkey on sbtest6  (cost=0.43..367.30 rows=96 width=121)
	  Index Cond: ((id >= 6996111) AND (id <= 6996210))

table 7 : explain SELECT c FROM sbtest7 WHERE id BETWEEN 3638543 AND 3638642
	Index Scan using sbtest7_pkey on sbtest7  (cost=0.43..368.76 rows=97 width=121)
	  Index Cond: ((id >= 3638543) AND (id <= 3638642))

table 8 : explain SELECT c FROM sbtest8 WHERE id BETWEEN 4449730 AND 4449829
	Index Scan using sbtest8_pkey on sbtest8  (cost=0.43..362.59 rows=95 width=121)
	  Index Cond: ((id >= 4449730) AND (id <= 4449829))

for: order_ranges
table 1 : explain SELECT c FROM sbtest1 WHERE id BETWEEN 1750454 AND 1750553 ORDER BY c
	Sort  (cost=375.49..375.74 rows=97 width=121)
	  Sort Key: c
	  ->  Index Scan using sbtest1_pkey on sbtest1  (cost=0.43..372.29 rows=97 width=121)
	        Index Cond: ((id >= 1750454) AND (id <= 1750553))

table 2 : explain SELECT c FROM sbtest2 WHERE id BETWEEN 1095702 AND 1095801 ORDER BY c
	Sort  (cost=379.31..379.55 rows=99 width=121)
	  Sort Key: c
	  ->  Index Scan using sbtest2_pkey on sbtest2  (cost=0.43..376.03 rows=99 width=121)
	        Index Cond: ((id >= 1095702) AND (id <= 1095801))

table 3 : explain SELECT c FROM sbtest3 WHERE id BETWEEN 5507867 AND 5507966 ORDER BY c
	Sort  (cost=417.06..417.33 rows=108 width=121)
	  Sort Key: c
	  ->  Index Scan using sbtest3_pkey on sbtest3  (cost=0.43..413.41 rows=108 width=121)
	        Index Cond: ((id >= 5507867) AND (id <= 5507966))

table 4 : explain SELECT c FROM sbtest4 WHERE id BETWEEN 3828184 AND 3828283 ORDER BY c
	Sort  (cost=405.80..406.07 rows=105 width=121)
	  Sort Key: c
	  ->  Index Scan using sbtest4_pkey on sbtest4  (cost=0.43..402.28 rows=105 width=121)
	        Index Cond: ((id >= 3828184) AND (id <= 3828283))

table 5 : explain SELECT c FROM sbtest5 WHERE id BETWEEN 5512394 AND 5512493 ORDER BY c
	Sort  (cost=389.67..389.92 rows=101 width=121)
	  Sort Key: c
	  ->  Index Scan using sbtest5_pkey on sbtest5  (cost=0.43..386.30 rows=101 width=121)
	        Index Cond: ((id >= 5512394) AND (id <= 5512493))

table 6 : explain SELECT c FROM sbtest6 WHERE id BETWEEN 5675209 AND 5675308 ORDER BY c
	Sort  (cost=359.02..359.25 rows=93 width=121)
	  Sort Key: c
	  ->  Index Scan using sbtest6_pkey on sbtest6  (cost=0.43..355.98 rows=93 width=121)
	        Index Cond: ((id >= 5675209) AND (id <= 5675308))

table 7 : explain SELECT c FROM sbtest7 WHERE id BETWEEN 9954829 AND 9954928 ORDER BY c
	Sort  (cost=360.52..360.76 rows=94 width=121)
	  Sort Key: c
	  ->  Index Scan using sbtest7_pkey on sbtest7  (cost=0.43..357.44 rows=94 width=121)
	        Index Cond: ((id >= 9954829) AND (id <= 9954928))

table 8 : explain SELECT c FROM sbtest8 WHERE id BETWEEN 1329934 AND 1330033 ORDER BY c
	Sort  (cost=369.58..369.82 rows=96 width=121)
	  Sort Key: c
	  ->  Index Scan using sbtest8_pkey on sbtest8  (cost=0.43..366.42 rows=96 width=121)
	        Index Cond: ((id >= 1329934) AND (id <= 1330033))

for point_selects
table 1 : explain SELECT c FROM sbtest1 WHERE id=5341568
	Index Scan using sbtest1_pkey on sbtest1  (cost=0.43..8.45 rows=1 width=121)
	  Index Cond: (id = 5341568)

table 2 : explain SELECT c FROM sbtest2 WHERE id=7641030
	Index Scan using sbtest2_pkey on sbtest2  (cost=0.43..8.45 rows=1 width=121)
	  Index Cond: (id = 7641030)

table 3 : explain SELECT c FROM sbtest3 WHERE id=9583086
	Index Scan using sbtest3_pkey on sbtest3  (cost=0.43..8.45 rows=1 width=121)
	  Index Cond: (id = 9583086)

table 4 : explain SELECT c FROM sbtest4 WHERE id=341033
	Index Scan using sbtest4_pkey on sbtest4  (cost=0.43..8.45 rows=1 width=121)
	  Index Cond: (id = 341033)

table 5 : explain SELECT c FROM sbtest5 WHERE id=1808103
	Index Scan using sbtest5_pkey on sbtest5  (cost=0.43..8.45 rows=1 width=121)
	  Index Cond: (id = 1808103)

table 6 : explain SELECT c FROM sbtest6 WHERE id=5741505
	Index Scan using sbtest6_pkey on sbtest6  (cost=0.43..8.45 rows=1 width=121)
	  Index Cond: (id = 5741505)

table 7 : explain SELECT c FROM sbtest7 WHERE id=1915576
	Index Scan using sbtest7_pkey on sbtest7  (cost=0.43..8.45 rows=1 width=121)
	  Index Cond: (id = 1915576)

table 8 : explain SELECT c FROM sbtest8 WHERE id=7839254
	Index Scan using sbtest8_pkey on sbtest8  (cost=0.43..8.45 rows=1 width=121)
	  Index Cond: (id = 7839254)

for non_index_updates
table 1 : explain UPDATE sbtest1 SET c='foobar' WHERE id=840070
	Update on sbtest1  (cost=0.43..8.45 rows=0 width=0)
	  ->  Index Scan using sbtest1_pkey on sbtest1  (cost=0.43..8.45 rows=1 width=490)
	        Index Cond: (id = 840070)

table 2 : explain UPDATE sbtest2 SET c='foobar' WHERE id=6875444
	Update on sbtest2  (cost=0.43..8.45 rows=0 width=0)
	  ->  Index Scan using sbtest2_pkey on sbtest2  (cost=0.43..8.45 rows=1 width=490)
	        Index Cond: (id = 6875444)

table 3 : explain UPDATE sbtest3 SET c='foobar' WHERE id=7963381
	Update on sbtest3  (cost=0.43..8.45 rows=0 width=0)
	  ->  Index Scan using sbtest3_pkey on sbtest3  (cost=0.43..8.45 rows=1 width=490)
	        Index Cond: (id = 7963381)

table 4 : explain UPDATE sbtest4 SET c='foobar' WHERE id=4509149
	Update on sbtest4  (cost=0.43..8.45 rows=0 width=0)
	  ->  Index Scan using sbtest4_pkey on sbtest4  (cost=0.43..8.45 rows=1 width=490)
	        Index Cond: (id = 4509149)

table 5 : explain UPDATE sbtest5 SET c='foobar' WHERE id=8611481
	Update on sbtest5  (cost=0.43..8.45 rows=0 width=0)
	  ->  Index Scan using sbtest5_pkey on sbtest5  (cost=0.43..8.45 rows=1 width=490)
	        Index Cond: (id = 8611481)

table 6 : explain UPDATE sbtest6 SET c='foobar' WHERE id=1179138
	Update on sbtest6  (cost=0.43..8.45 rows=0 width=0)
	  ->  Index Scan using sbtest6_pkey on sbtest6  (cost=0.43..8.45 rows=1 width=490)
	        Index Cond: (id = 1179138)

table 7 : explain UPDATE sbtest7 SET c='foobar' WHERE id=5709012
	Update on sbtest7  (cost=0.43..8.45 rows=0 width=0)
	  ->  Index Scan using sbtest7_pkey on sbtest7  (cost=0.43..8.45 rows=1 width=490)
	        Index Cond: (id = 5709012)

table 8 : explain UPDATE sbtest8 SET c='foobar' WHERE id=9334321
	Update on sbtest8  (cost=0.43..8.45 rows=0 width=0)
	  ->  Index Scan using sbtest8_pkey on sbtest8  (cost=0.43..8.45 rows=1 width=490)
	        Index Cond: (id = 9334321)

for point_selects
table 1 : explain SELECT c FROM sbtest1 WHERE id=8873840
	Index Scan using sbtest1_pkey on sbtest1  (cost=0.43..8.45 rows=1 width=121)
	  Index Cond: (id = 8873840)

table 2 : explain SELECT c FROM sbtest2 WHERE id=3408871
	Index Scan using sbtest2_pkey on sbtest2  (cost=0.43..8.45 rows=1 width=121)
	  Index Cond: (id = 3408871)

table 3 : explain SELECT c FROM sbtest3 WHERE id=9042451
	Index Scan using sbtest3_pkey on sbtest3  (cost=0.43..8.45 rows=1 width=121)
	  Index Cond: (id = 9042451)

table 4 : explain SELECT c FROM sbtest4 WHERE id=6650543
	Index Scan using sbtest4_pkey on sbtest4  (cost=0.43..8.45 rows=1 width=121)
	  Index Cond: (id = 6650543)

table 5 : explain SELECT c FROM sbtest5 WHERE id=7371212
	Index Scan using sbtest5_pkey on sbtest5  (cost=0.43..8.45 rows=1 width=121)
	  Index Cond: (id = 7371212)

table 6 : explain SELECT c FROM sbtest6 WHERE id=8721290
	Index Scan using sbtest6_pkey on sbtest6  (cost=0.43..8.45 rows=1 width=121)
	  Index Cond: (id = 8721290)

table 7 : explain SELECT c FROM sbtest7 WHERE id=9714864
	Index Scan using sbtest7_pkey on sbtest7  (cost=0.43..8.45 rows=1 width=121)
	  Index Cond: (id = 9714864)

table 8 : explain SELECT c FROM sbtest8 WHERE id=5431528
	Index Scan using sbtest8_pkey on sbtest8  (cost=0.43..8.45 rows=1 width=121)
	  Index Cond: (id = 5431528)

for: sum_ranges
table 1 : explain SELECT SUM(k) FROM sbtest1 WHERE id BETWEEN 5885915 AND 5886014
	Aggregate  (cost=376.33..376.34 rows=1 width=8)
	  ->  Index Scan using sbtest1_pkey on sbtest1  (cost=0.43..376.08 rows=98 width=4)
	        Index Cond: ((id >= 5885915) AND (id <= 5886014))

table 2 : explain SELECT SUM(k) FROM sbtest2 WHERE id BETWEEN 3120461 AND 3120560
	Aggregate  (cost=372.45..372.46 rows=1 width=8)
	  ->  Index Scan using sbtest2_pkey on sbtest2  (cost=0.43..372.21 rows=98 width=4)
	        Index Cond: ((id >= 3120461) AND (id <= 3120560))

table 3 : explain SELECT SUM(k) FROM sbtest3 WHERE id BETWEEN 8948135 AND 8948234
	Aggregate  (cost=409.89..409.90 rows=1 width=8)
	  ->  Index Scan using sbtest3_pkey on sbtest3  (cost=0.43..409.62 rows=107 width=4)
	        Index Cond: ((id >= 8948135) AND (id <= 8948234))

table 4 : explain SELECT SUM(k) FROM sbtest4 WHERE id BETWEEN 7659688 AND 7659787
	Aggregate  (cost=357.03..357.04 rows=1 width=8)
	  ->  Index Scan using sbtest4_pkey on sbtest4  (cost=0.43..356.80 rows=93 width=4)
	        Index Cond: ((id >= 7659688) AND (id <= 7659787))

table 5 : explain SELECT SUM(k) FROM sbtest5 WHERE id BETWEEN 990659 AND 990758
	Aggregate  (cost=371.44..371.45 rows=1 width=8)
	  ->  Index Scan using sbtest5_pkey on sbtest5  (cost=0.43..371.20 rows=97 width=4)
	        Index Cond: ((id >= 990659) AND (id <= 990758))

table 6 : explain SELECT SUM(k) FROM sbtest6 WHERE id BETWEEN 2184173 AND 2184272
	Aggregate  (cost=390.28..390.29 rows=1 width=8)
	  ->  Index Scan using sbtest6_pkey on sbtest6  (cost=0.43..390.02 rows=102 width=4)
	        Index Cond: ((id >= 2184173) AND (id <= 2184272))

table 7 : explain SELECT SUM(k) FROM sbtest7 WHERE id BETWEEN 8582278 AND 8582377
	Aggregate  (cost=432.81..432.82 rows=1 width=8)
	  ->  Index Scan using sbtest7_pkey on sbtest7  (cost=0.43..432.53 rows=114 width=4)
	        Index Cond: ((id >= 8582278) AND (id <= 8582377))

table 8 : explain SELECT SUM(k) FROM sbtest8 WHERE id BETWEEN 3803786 AND 3803885
	Aggregate  (cost=355.29..355.30 rows=1 width=8)
	  ->  Index Scan using sbtest8_pkey on sbtest8  (cost=0.43..355.06 rows=93 width=4)
	        Index Cond: ((id >= 3803786) AND (id <= 3803885))

explain: for point_selects :: explain SELECT c FROM sbtest%u WHERE id=%u
for point_selects
table 1 : explain SELECT c FROM sbtest1 WHERE id=1204542
	Index Scan using sbtest1_pkey on sbtest1  (cost=0.43..8.45 rows=1 width=121)
	  Index Cond: (id = 1204542)

table 2 : explain SELECT c FROM sbtest2 WHERE id=1187879
	Index Scan using sbtest2_pkey on sbtest2  (cost=0.43..8.45 rows=1 width=121)
	  Index Cond: (id = 1187879)

table 3 : explain SELECT c FROM sbtest3 WHERE id=7418575
	Index Scan using sbtest3_pkey on sbtest3  (cost=0.43..8.45 rows=1 width=121)
	  Index Cond: (id = 7418575)

table 4 : explain SELECT c FROM sbtest4 WHERE id=1921773
	Index Scan using sbtest4_pkey on sbtest4  (cost=0.43..8.45 rows=1 width=121)
	  Index Cond: (id = 1921773)

table 5 : explain SELECT c FROM sbtest5 WHERE id=9424519
	Index Scan using sbtest5_pkey on sbtest5  (cost=0.43..8.45 rows=1 width=121)
	  Index Cond: (id = 9424519)

table 6 : explain SELECT c FROM sbtest6 WHERE id=785544
	Index Scan using sbtest6_pkey on sbtest6  (cost=0.43..8.45 rows=1 width=121)
	  Index Cond: (id = 785544)

table 7 : explain SELECT c FROM sbtest7 WHERE id=3833283
	Index Scan using sbtest7_pkey on sbtest7  (cost=0.43..8.45 rows=1 width=121)
	  Index Cond: (id = 3833283)

table 8 : explain SELECT c FROM sbtest8 WHERE id=3751488
	Index Scan using sbtest8_pkey on sbtest8  (cost=0.43..8.45 rows=1 width=121)
	  Index Cond: (id = 3751488)

for point_selects
table 1 : explain SELECT c FROM sbtest1 WHERE id=6884638
	Index Scan using sbtest1_pkey on sbtest1  (cost=0.43..8.45 rows=1 width=121)
	  Index Cond: (id = 6884638)

table 2 : explain SELECT c FROM sbtest2 WHERE id=3043578
	Index Scan using sbtest2_pkey on sbtest2  (cost=0.43..8.45 rows=1 width=121)
	  Index Cond: (id = 3043578)

table 3 : explain SELECT c FROM sbtest3 WHERE id=3753425
	Index Scan using sbtest3_pkey on sbtest3  (cost=0.43..8.45 rows=1 width=121)
	  Index Cond: (id = 3753425)

table 4 : explain SELECT c FROM sbtest4 WHERE id=3909216
	Index Scan using sbtest4_pkey on sbtest4  (cost=0.43..8.45 rows=1 width=121)
	  Index Cond: (id = 3909216)

table 5 : explain SELECT c FROM sbtest5 WHERE id=7879882
	Index Scan using sbtest5_pkey on sbtest5  (cost=0.43..8.45 rows=1 width=121)
	  Index Cond: (id = 7879882)

table 6 : explain SELECT c FROM sbtest6 WHERE id=6290909
	Index Scan using sbtest6_pkey on sbtest6  (cost=0.43..8.45 rows=1 width=121)
	  Index Cond: (id = 6290909)

table 7 : explain SELECT c FROM sbtest7 WHERE id=6990634
	Index Scan using sbtest7_pkey on sbtest7  (cost=0.43..8.45 rows=1 width=121)
	  Index Cond: (id = 6990634)

table 8 : explain SELECT c FROM sbtest8 WHERE id=6102696
	Index Scan using sbtest8_pkey on sbtest8  (cost=0.43..8.45 rows=1 width=121)
	  Index Cond: (id = 6102696)

for: sum_ranges
table 1 : explain SELECT SUM(k) FROM sbtest1 WHERE id BETWEEN 6773901 AND 6774000
	Aggregate  (cost=368.74..368.75 rows=1 width=8)
	  ->  Index Scan using sbtest1_pkey on sbtest1  (cost=0.43..368.50 rows=96 width=4)
	        Index Cond: ((id >= 6773901) AND (id <= 6774000))

table 2 : explain SELECT SUM(k) FROM sbtest2 WHERE id BETWEEN 2077561 AND 2077660
	Aggregate  (cost=421.29..421.30 rows=1 width=8)
	  ->  Index Scan using sbtest2_pkey on sbtest2  (cost=0.43..421.01 rows=111 width=4)
	        Index Cond: ((id >= 2077561) AND (id <= 2077660))

table 3 : explain SELECT SUM(k) FROM sbtest3 WHERE id BETWEEN 8233789 AND 8233888
	Aggregate  (cost=364.41..364.42 rows=1 width=8)
	  ->  Index Scan using sbtest3_pkey on sbtest3  (cost=0.43..364.17 rows=95 width=4)
	        Index Cond: ((id >= 8233789) AND (id <= 8233888))

table 4 : explain SELECT SUM(k) FROM sbtest4 WHERE id BETWEEN 8713868 AND 8713967
	Aggregate  (cost=394.97..394.98 rows=1 width=8)
	  ->  Index Scan using sbtest4_pkey on sbtest4  (cost=0.43..394.71 rows=103 width=4)
	        Index Cond: ((id >= 8713868) AND (id <= 8713967))

table 5 : explain SELECT SUM(k) FROM sbtest5 WHERE id BETWEEN 417293 AND 417392
	Aggregate  (cost=356.26..356.27 rows=1 width=8)
	  ->  Index Scan using sbtest5_pkey on sbtest5  (cost=0.43..356.03 rows=93 width=4)
	        Index Cond: ((id >= 417293) AND (id <= 417392))

table 6 : explain SELECT SUM(k) FROM sbtest6 WHERE id BETWEEN 7203070 AND 7203169
	Aggregate  (cost=371.32..371.33 rows=1 width=8)
	  ->  Index Scan using sbtest6_pkey on sbtest6  (cost=0.43..371.08 rows=97 width=4)
	        Index Cond: ((id >= 7203070) AND (id <= 7203169))

table 7 : explain SELECT SUM(k) FROM sbtest7 WHERE id BETWEEN 5011831 AND 5011930
	Aggregate  (cost=350.17..350.18 rows=1 width=8)
	  ->  Index Scan using sbtest7_pkey on sbtest7  (cost=0.43..349.94 rows=92 width=4)
	        Index Cond: ((id >= 5011831) AND (id <= 5011930))

table 8 : explain SELECT SUM(k) FROM sbtest8 WHERE id BETWEEN 574436 AND 574535
	Aggregate  (cost=396.81..396.82 rows=1 width=8)
	  ->  Index Scan using sbtest8_pkey on sbtest8  (cost=0.43..396.55 rows=104 width=4)
	        Index Cond: ((id >= 574436) AND (id <= 574535))

for: sum_ranges
table 1 : explain SELECT SUM(k) FROM sbtest1 WHERE id BETWEEN 8249495 AND 8249594
	Aggregate  (cost=429.40..429.41 rows=1 width=8)
	  ->  Index Scan using sbtest1_pkey on sbtest1  (cost=0.43..429.12 rows=112 width=4)
	        Index Cond: ((id >= 8249495) AND (id <= 8249594))

table 2 : explain SELECT SUM(k) FROM sbtest2 WHERE id BETWEEN 5215575 AND 5215674
	Aggregate  (cost=353.70..353.71 rows=1 width=8)
	  ->  Index Scan using sbtest2_pkey on sbtest2  (cost=0.43..353.47 rows=93 width=4)
	        Index Cond: ((id >= 5215575) AND (id <= 5215674))

table 3 : explain SELECT SUM(k) FROM sbtest3 WHERE id BETWEEN 4813330 AND 4813429
	Aggregate  (cost=394.75..394.76 rows=1 width=8)
	  ->  Index Scan using sbtest3_pkey on sbtest3  (cost=0.43..394.49 rows=103 width=4)
	        Index Cond: ((id >= 4813330) AND (id <= 4813429))

table 4 : explain SELECT SUM(k) FROM sbtest4 WHERE id BETWEEN 1488752 AND 1488851
	Aggregate  (cost=372.18..372.19 rows=1 width=8)
	  ->  Index Scan using sbtest4_pkey on sbtest4  (cost=0.43..371.94 rows=97 width=4)
	        Index Cond: ((id >= 1488752) AND (id <= 1488851))

table 5 : explain SELECT SUM(k) FROM sbtest5 WHERE id BETWEEN 8638837 AND 8638936
	Aggregate  (cost=379.00..379.01 rows=1 width=8)
	  ->  Index Scan using sbtest5_pkey on sbtest5  (cost=0.43..378.75 rows=99 width=4)
	        Index Cond: ((id >= 8638837) AND (id <= 8638936))

table 6 : explain SELECT SUM(k) FROM sbtest6 WHERE id BETWEEN 4618742 AND 4618841
	Aggregate  (cost=390.28..390.29 rows=1 width=8)
	  ->  Index Scan using sbtest6_pkey on sbtest6  (cost=0.43..390.02 rows=102 width=4)
	        Index Cond: ((id >= 4618742) AND (id <= 4618841))

table 7 : explain SELECT SUM(k) FROM sbtest7 WHERE id BETWEEN 1314491 AND 1314590
	Aggregate  (cost=414.05..414.06 rows=1 width=8)
	  ->  Index Scan using sbtest7_pkey on sbtest7  (cost=0.43..413.77 rows=109 width=4)
	        Index Cond: ((id >= 1314491) AND (id <= 1314590))

table 8 : explain SELECT SUM(k) FROM sbtest8 WHERE id BETWEEN 5860353 AND 5860452
	Aggregate  (cost=400.57..400.58 rows=1 width=8)
	  ->  Index Scan using sbtest8_pkey on sbtest8  (cost=0.43..400.31 rows=105 width=4)
	        Index Cond: ((id >= 5860353) AND (id <= 5860452))

for non_index_updates
table 1 : explain UPDATE sbtest1 SET c='foobar' WHERE id=9118654
	Update on sbtest1  (cost=0.43..8.45 rows=0 width=0)
	  ->  Index Scan using sbtest1_pkey on sbtest1  (cost=0.43..8.45 rows=1 width=490)
	        Index Cond: (id = 9118654)

table 2 : explain UPDATE sbtest2 SET c='foobar' WHERE id=898059
	Update on sbtest2  (cost=0.43..8.45 rows=0 width=0)
	  ->  Index Scan using sbtest2_pkey on sbtest2  (cost=0.43..8.45 rows=1 width=490)
	        Index Cond: (id = 898059)

table 3 : explain UPDATE sbtest3 SET c='foobar' WHERE id=5038671
	Update on sbtest3  (cost=0.43..8.45 rows=0 width=0)
	  ->  Index Scan using sbtest3_pkey on sbtest3  (cost=0.43..8.45 rows=1 width=490)
	        Index Cond: (id = 5038671)

table 4 : explain UPDATE sbtest4 SET c='foobar' WHERE id=906273
	Update on sbtest4  (cost=0.43..8.45 rows=0 width=0)
	  ->  Index Scan using sbtest4_pkey on sbtest4  (cost=0.43..8.45 rows=1 width=490)
	        Index Cond: (id = 906273)

table 5 : explain UPDATE sbtest5 SET c='foobar' WHERE id=8870431
	Update on sbtest5  (cost=0.43..8.45 rows=0 width=0)
	  ->  Index Scan using sbtest5_pkey on sbtest5  (cost=0.43..8.45 rows=1 width=490)
	        Index Cond: (id = 8870431)

table 6 : explain UPDATE sbtest6 SET c='foobar' WHERE id=5554082
	Update on sbtest6  (cost=0.43..8.45 rows=0 width=0)
	  ->  Index Scan using sbtest6_pkey on sbtest6  (cost=0.43..8.45 rows=1 width=490)
	        Index Cond: (id = 5554082)

table 7 : explain UPDATE sbtest7 SET c='foobar' WHERE id=8969116
	Update on sbtest7  (cost=0.43..8.45 rows=0 width=0)
	  ->  Index Scan using sbtest7_pkey on sbtest7  (cost=0.43..8.45 rows=1 width=490)
	        Index Cond: (id = 8969116)

table 8 : explain UPDATE sbtest8 SET c='foobar' WHERE id=5898467
	Update on sbtest8  (cost=0.43..8.45 rows=0 width=0)
	  ->  Index Scan using sbtest8_pkey on sbtest8  (cost=0.43..8.45 rows=1 width=490)
	        Index Cond: (id = 5898467)

explain: for deletes :: explain DELETE FROM sbtest%u WHERE id=%u
explain: for point_selects :: explain SELECT c FROM sbtest%u WHERE id=%u
for: order_ranges
table 1 : explain SELECT c FROM sbtest1 WHERE id BETWEEN 3366476 AND 3366575 ORDER BY c
	Sort  (cost=371.67..371.91 rows=96 width=121)
	  Sort Key: c
	  ->  Index Scan using sbtest1_pkey on sbtest1  (cost=0.43..368.50 rows=96 width=121)
	        Index Cond: ((id >= 3366476) AND (id <= 3366575))

table 2 : explain SELECT c FROM sbtest2 WHERE id BETWEEN 2467620 AND 2467719 ORDER BY c
	Sort  (cost=379.24..379.49 rows=99 width=121)
	  Sort Key: c
	  ->  Index Scan using sbtest2_pkey on sbtest2  (cost=0.43..375.96 rows=99 width=121)
	        Index Cond: ((id >= 2467620) AND (id <= 2467719))

table 3 : explain SELECT c FROM sbtest3 WHERE id BETWEEN 2889775 AND 2889874 ORDER BY c
	Sort  (cost=363.47..363.70 rows=94 width=121)
	  Sort Key: c
	  ->  Index Scan using sbtest3_pkey on sbtest3  (cost=0.43..360.39 rows=94 width=121)
	        Index Cond: ((id >= 2889775) AND (id <= 2889874))

table 4 : explain SELECT c FROM sbtest4 WHERE id BETWEEN 7239250 AND 7239349 ORDER BY c
	Sort  (cost=421.11..421.38 rows=109 width=121)
	  Sort Key: c
	  ->  Index Scan using sbtest4_pkey on sbtest4  (cost=0.43..417.42 rows=109 width=121)
	        Index Cond: ((id >= 7239250) AND (id <= 7239349))

table 5 : explain SELECT c FROM sbtest5 WHERE id BETWEEN 4968197 AND 4968296 ORDER BY c
	Sort  (cost=389.67..389.92 rows=101 width=121)
	  Sort Key: c
	  ->  Index Scan using sbtest5_pkey on sbtest5  (cost=0.43..386.30 rows=101 width=121)
	        Index Cond: ((id >= 4968197) AND (id <= 4968296))

table 6 : explain SELECT c FROM sbtest6 WHERE id BETWEEN 1608207 AND 1608306 ORDER BY c
	Sort  (cost=378.16..378.40 rows=98 width=121)
	  Sort Key: c
	  ->  Index Scan using sbtest6_pkey on sbtest6  (cost=0.43..374.92 rows=98 width=121)
	        Index Cond: ((id >= 1608207) AND (id <= 1608306))

table 7 : explain SELECT c FROM sbtest7 WHERE id BETWEEN 8078603 AND 8078702 ORDER BY c
	Sort  (cost=356.73..356.96 rows=93 width=121)
	  Sort Key: c
	  ->  Index Scan using sbtest7_pkey on sbtest7  (cost=0.43..353.69 rows=93 width=121)
	        Index Cond: ((id >= 8078603) AND (id <= 8078702))

table 8 : explain SELECT c FROM sbtest8 WHERE id BETWEEN 4561131 AND 4561230 ORDER BY c
	Sort  (cost=361.90..362.14 rows=94 width=121)
	  Sort Key: c
	  ->  Index Scan using sbtest8_pkey on sbtest8  (cost=0.43..358.82 rows=94 width=121)
	        Index Cond: ((id >= 4561131) AND (id <= 4561230))

for: simple_ranges
table 1 : explain SELECT c FROM sbtest1 WHERE id BETWEEN 3184384 AND 3184483
	Index Scan using sbtest1_pkey on sbtest1  (cost=0.43..413.96 rows=108 width=121)
	  Index Cond: ((id >= 3184384) AND (id <= 3184483))

table 2 : explain SELECT c FROM sbtest2 WHERE id BETWEEN 652510 AND 652609
	Index Scan using sbtest2_pkey on sbtest2  (cost=0.43..357.21 rows=94 width=121)
	  Index Cond: ((id >= 652510) AND (id <= 652609))

table 3 : explain SELECT c FROM sbtest3 WHERE id BETWEEN 606753 AND 606852
	Index Scan using sbtest3_pkey on sbtest3  (cost=0.43..364.17 rows=95 width=121)
	  Index Cond: ((id >= 606753) AND (id <= 606852))

table 4 : explain SELECT c FROM sbtest4 WHERE id BETWEEN 9155190 AND 9155289
	Index Scan using sbtest4_pkey on sbtest4  (cost=0.43..371.94 rows=97 width=121)
	  Index Cond: ((id >= 9155190) AND (id <= 9155289))

table 5 : explain SELECT c FROM sbtest5 WHERE id BETWEEN 1015428 AND 1015527
	Index Scan using sbtest5_pkey on sbtest5  (cost=0.43..371.20 rows=97 width=121)
	  Index Cond: ((id >= 1015428) AND (id <= 1015527))

table 6 : explain SELECT c FROM sbtest6 WHERE id BETWEEN 7264957 AND 7265056
	Index Scan using sbtest6_pkey on sbtest6  (cost=0.43..371.08 rows=97 width=121)
	  Index Cond: ((id >= 7264957) AND (id <= 7265056))

table 7 : explain SELECT c FROM sbtest7 WHERE id BETWEEN 1023554 AND 1023653
	Index Scan using sbtest7_pkey on sbtest7  (cost=0.43..402.52 rows=106 width=121)
	  Index Cond: ((id >= 1023554) AND (id <= 1023653))

table 8 : explain SELECT c FROM sbtest8 WHERE id BETWEEN 2496974 AND 2497073
	Index Scan using sbtest8_pkey on sbtest8  (cost=0.43..351.29 rows=92 width=121)
	  Index Cond: ((id >= 2496974) AND (id <= 2497073))

for: simple_ranges
table 1 : explain SELECT c FROM sbtest1 WHERE id BETWEEN 1955858 AND 1955957
	Index Scan using sbtest1_pkey on sbtest1  (cost=0.43..379.87 rows=99 width=121)
	  Index Cond: ((id >= 1955858) AND (id <= 1955957))

table 2 : explain SELECT c FROM sbtest2 WHERE id BETWEEN 3556298 AND 3556397
	Index Scan using sbtest2_pkey on sbtest2  (cost=0.43..372.21 rows=98 width=121)
	  Index Cond: ((id >= 3556298) AND (id <= 3556397))

table 3 : explain SELECT c FROM sbtest3 WHERE id BETWEEN 3833494 AND 3833593
	Index Scan using sbtest3_pkey on sbtest3  (cost=0.43..375.52 rows=98 width=121)
	  Index Cond: ((id >= 3833494) AND (id <= 3833593))

table 4 : explain SELECT c FROM sbtest4 WHERE id BETWEEN 5181322 AND 5181421
	Index Scan using sbtest4_pkey on sbtest4  (cost=0.43..368.15 rows=96 width=121)
	  Index Cond: ((id >= 5181322) AND (id <= 5181421))

table 5 : explain SELECT c FROM sbtest5 WHERE id BETWEEN 4736407 AND 4736506
	Index Scan using sbtest5_pkey on sbtest5  (cost=0.43..378.75 rows=99 width=121)
	  Index Cond: ((id >= 4736407) AND (id <= 4736506))

table 6 : explain SELECT c FROM sbtest6 WHERE id BETWEEN 4116133 AND 4116232
	Index Scan using sbtest6_pkey on sbtest6  (cost=0.43..386.25 rows=101 width=121)
	  Index Cond: ((id >= 4116133) AND (id <= 4116232))

table 7 : explain SELECT c FROM sbtest7 WHERE id BETWEEN 433202 AND 433301
	Index Scan using sbtest7_pkey on sbtest7  (cost=0.43..365.01 rows=96 width=121)
	  Index Cond: ((id >= 433202) AND (id <= 433301))

table 8 : explain SELECT c FROM sbtest8 WHERE id BETWEEN 5283983 AND 5284082
	Index Scan using sbtest8_pkey on sbtest8  (cost=0.43..400.31 rows=105 width=121)
	  Index Cond: ((id >= 5283983) AND (id <= 5284082))

for deletes
table 1 : explain DELETE FROM sbtest1 WHERE id=6098925
	Delete on sbtest1  (cost=0.43..8.45 rows=0 width=0)
	  ->  Index Scan using sbtest1_pkey on sbtest1  (cost=0.43..8.45 rows=1 width=6)
	        Index Cond: (id = 6098925)

table 2 : explain DELETE FROM sbtest2 WHERE id=9594219
	Delete on sbtest2  (cost=0.43..8.45 rows=0 width=0)
	  ->  Index Scan using sbtest2_pkey on sbtest2  (cost=0.43..8.45 rows=1 width=6)
	        Index Cond: (id = 9594219)

table 3 : explain DELETE FROM sbtest3 WHERE id=1016595
	Delete on sbtest3  (cost=0.43..8.45 rows=0 width=0)
	  ->  Index Scan using sbtest3_pkey on sbtest3  (cost=0.43..8.45 rows=1 width=6)
	        Index Cond: (id = 1016595)

table 4 : explain DELETE FROM sbtest4 WHERE id=6589887
	Delete on sbtest4  (cost=0.43..8.45 rows=0 width=0)
	  ->  Index Scan using sbtest4_pkey on sbtest4  (cost=0.43..8.45 rows=1 width=6)
	        Index Cond: (id = 6589887)

table 5 : explain DELETE FROM sbtest5 WHERE id=2558881
	Delete on sbtest5  (cost=0.43..8.45 rows=0 width=0)
	  ->  Index Scan using sbtest5_pkey on sbtest5  (cost=0.43..8.45 rows=1 width=6)
	        Index Cond: (id = 2558881)

table 6 : explain DELETE FROM sbtest6 WHERE id=269537
	Delete on sbtest6  (cost=0.43..8.45 rows=0 width=0)
	  ->  Index Scan using sbtest6_pkey on sbtest6  (cost=0.43..8.45 rows=1 width=6)
	        Index Cond: (id = 269537)

table 7 : explain DELETE FROM sbtest7 WHERE id=2981448
	Delete on sbtest7  (cost=0.43..8.45 rows=0 width=0)
	  ->  Index Scan using sbtest7_pkey on sbtest7  (cost=0.43..8.45 rows=1 width=6)
	        Index Cond: (id = 2981448)

table 8 : explain DELETE FROM sbtest8 WHERE id=5061041
	Delete on sbtest8  (cost=0.43..8.45 rows=0 width=0)
	  ->  Index Scan using sbtest8_pkey on sbtest8  (cost=0.43..8.45 rows=1 width=6)
	        Index Cond: (id = 5061041)

explain: for point_selects :: explain SELECT c FROM sbtest%u WHERE id=%u
for: order_ranges
table 1 : explain SELECT c FROM sbtest1 WHERE id BETWEEN 3696501 AND 3696600 ORDER BY c
	Sort  (cost=371.67..371.91 rows=96 width=121)
	  Sort Key: c
	  ->  Index Scan using sbtest1_pkey on sbtest1  (cost=0.43..368.50 rows=96 width=121)
	        Index Cond: ((id >= 3696501) AND (id <= 3696600))

table 2 : explain SELECT c FROM sbtest2 WHERE id BETWEEN 8719673 AND 8719772 ORDER BY c
	Sort  (cost=348.93..349.16 rows=91 width=121)
	  Sort Key: c
	  ->  Index Scan using sbtest2_pkey on sbtest2  (cost=0.43..345.97 rows=91 width=121)
	        Index Cond: ((id >= 8719673) AND (id <= 8719772))

table 3 : explain SELECT c FROM sbtest3 WHERE id BETWEEN 2439073 AND 2439172 ORDER BY c
	Sort  (cost=374.94..375.18 rows=97 width=121)
	  Sort Key: c
	  ->  Index Scan using sbtest3_pkey on sbtest3  (cost=0.43..371.74 rows=97 width=121)
	        Index Cond: ((id >= 2439073) AND (id <= 2439172))

table 4 : explain SELECT c FROM sbtest4 WHERE id BETWEEN 9484928 AND 9485027 ORDER BY c
	Sort  (cost=390.50..390.75 rows=101 width=121)
	  Sort Key: c
	  ->  Index Scan using sbtest4_pkey on sbtest4  (cost=0.43..387.14 rows=101 width=121)
	        Index Cond: ((id >= 9484928) AND (id <= 9485027))

table 5 : explain SELECT c FROM sbtest5 WHERE id BETWEEN 1011888 AND 1011987 ORDER BY c
	Sort  (cost=374.40..374.64 rows=97 width=121)
	  Sort Key: c
	  ->  Index Scan using sbtest5_pkey on sbtest5  (cost=0.43..371.20 rows=97 width=121)
	        Index Cond: ((id >= 1011888) AND (id <= 1011987))

table 6 : explain SELECT c FROM sbtest6 WHERE id BETWEEN 1348605 AND 1348704 ORDER BY c
	Sort  (cost=385.79..386.04 rows=100 width=121)
	  Sort Key: c
	  ->  Index Scan using sbtest6_pkey on sbtest6  (cost=0.43..382.47 rows=100 width=121)
	        Index Cond: ((id >= 1348605) AND (id <= 1348704))

table 7 : explain SELECT c FROM sbtest7 WHERE id BETWEEN 7606128 AND 7606227 ORDER BY c
	Sort  (cost=394.71..394.97 rows=103 width=121)
	  Sort Key: c
	  ->  Index Scan using sbtest7_pkey on sbtest7  (cost=0.43..391.27 rows=103 width=121)
	        Index Cond: ((id >= 7606128) AND (id <= 7606227))

table 8 : explain SELECT c FROM sbtest8 WHERE id BETWEEN 8207688 AND 8207787 ORDER BY c
	Sort  (cost=373.38..373.63 rows=97 width=121)
	  Sort Key: c
	  ->  Index Scan using sbtest8_pkey on sbtest8  (cost=0.43..370.18 rows=97 width=121)
	        Index Cond: ((id >= 8207688) AND (id <= 8207787))

for: order_ranges
table 1 : explain SELECT c FROM sbtest1 WHERE id BETWEEN 2520306 AND 2520405 ORDER BY c
	Sort  (cost=413.78..414.05 rows=107 width=121)
	  Sort Key: c
	  ->  Index Scan using sbtest1_pkey on sbtest1  (cost=0.43..410.17 rows=107 width=121)
	        Index Cond: ((id >= 2520306) AND (id <= 2520405))

table 2 : explain SELECT c FROM sbtest2 WHERE id BETWEEN 4869130 AND 4869229 ORDER BY c
	Sort  (cost=360.30..360.53 rows=94 width=121)
	  Sort Key: c
	  ->  Index Scan using sbtest2_pkey on sbtest2  (cost=0.43..357.21 rows=94 width=121)
	        Index Cond: ((id >= 4869130) AND (id <= 4869229))

table 3 : explain SELECT c FROM sbtest3 WHERE id BETWEEN 5562818 AND 5562917 ORDER BY c
	Sort  (cost=424.70..424.98 rows=110 width=121)
	  Sort Key: c
	  ->  Index Scan using sbtest3_pkey on sbtest3  (cost=0.43..420.97 rows=110 width=121)
	        Index Cond: ((id >= 5562818) AND (id <= 5562917))

table 4 : explain SELECT c FROM sbtest4 WHERE id BETWEEN 8230987 AND 8231086 ORDER BY c
	Sort  (cost=382.85..383.10 rows=99 width=121)
	  Sort Key: c
	  ->  Index Scan using sbtest4_pkey on sbtest4  (cost=0.43..379.57 rows=99 width=121)
	        Index Cond: ((id >= 8230987) AND (id <= 8231086))

table 5 : explain SELECT c FROM sbtest5 WHERE id BETWEEN 9212672 AND 9212771 ORDER BY c
	Sort  (cost=362.89..363.12 rows=94 width=121)
	  Sort Key: c
	  ->  Index Scan using sbtest5_pkey on sbtest5  (cost=0.43..359.81 rows=94 width=121)
	        Index Cond: ((id >= 9212672) AND (id <= 9212771))

table 6 : explain SELECT c FROM sbtest6 WHERE id BETWEEN 7916572 AND 7916671 ORDER BY c
	Sort  (cost=439.23..439.51 rows=114 width=121)
	  Sort Key: c
	  ->  Index Scan using sbtest6_pkey on sbtest6  (cost=0.43..435.33 rows=114 width=121)
	        Index Cond: ((id >= 7916572) AND (id <= 7916671))

table 7 : explain SELECT c FROM sbtest7 WHERE id BETWEEN 8302866 AND 8302965 ORDER BY c
	Sort  (cost=364.31..364.55 rows=95 width=121)
	  Sort Key: c
	  ->  Index Scan using sbtest7_pkey on sbtest7  (cost=0.43..361.19 rows=95 width=121)
	        Index Cond: ((id >= 8302866) AND (id <= 8302965))

table 8 : explain SELECT c FROM sbtest8 WHERE id BETWEEN 2315785 AND 2315884 ORDER BY c
	Sort  (cost=384.80..385.05 rows=100 width=121)
	  Sort Key: c
	  ->  Index Scan using sbtest8_pkey on sbtest8  (cost=0.43..381.48 rows=100 width=121)
	        Index Cond: ((id >= 2315785) AND (id <= 2315884))

explain: for deletes :: explain DELETE FROM sbtest%u WHERE id=%u
explain: for point_selects :: explain SELECT c FROM sbtest%u WHERE id=%u
for: simple_ranges
table 1 : explain SELECT c FROM sbtest1 WHERE id BETWEEN 1333732 AND 1333831
	Index Scan using sbtest1_pkey on sbtest1  (cost=0.43..376.08 rows=98 width=121)
	  Index Cond: ((id >= 1333732) AND (id <= 1333831))

table 2 : explain SELECT c FROM sbtest2 WHERE id BETWEEN 3182055 AND 3182154
	Index Scan using sbtest2_pkey on sbtest2  (cost=0.43..349.72 rows=92 width=121)
	  Index Cond: ((id >= 3182055) AND (id <= 3182154))

table 3 : explain SELECT c FROM sbtest3 WHERE id BETWEEN 2290568 AND 2290667
	Index Scan using sbtest3_pkey on sbtest3  (cost=0.43..371.74 rows=97 width=121)
	  Index Cond: ((id >= 2290568) AND (id <= 2290667))

table 4 : explain SELECT c FROM sbtest4 WHERE id BETWEEN 1917766 AND 1917865
	Index Scan using sbtest4_pkey on sbtest4  (cost=0.43..322.73 rows=84 width=121)
	  Index Cond: ((id >= 1917766) AND (id <= 1917865))

table 5 : explain SELECT c FROM sbtest5 WHERE id BETWEEN 6052905 AND 6053004
	Index Scan using sbtest5_pkey on sbtest5  (cost=0.43..356.03 rows=93 width=121)
	  Index Cond: ((id >= 6052905) AND (id <= 6053004))

table 6 : explain SELECT c FROM sbtest6 WHERE id BETWEEN 2566927 AND 2567026
	Index Scan using sbtest6_pkey on sbtest6  (cost=0.43..393.80 rows=103 width=121)
	  Index Cond: ((id >= 2566927) AND (id <= 2567026))

table 7 : explain SELECT c FROM sbtest7 WHERE id BETWEEN 9943992 AND 9944091
	Index Scan using sbtest7_pkey on sbtest7  (cost=0.43..357.44 rows=94 width=121)
	  Index Cond: ((id >= 9943992) AND (id <= 9944091))

table 8 : explain SELECT c FROM sbtest8 WHERE id BETWEEN 4202661 AND 4202760
	Index Scan using sbtest8_pkey on sbtest8  (cost=0.43..385.25 rows=101 width=121)
	  Index Cond: ((id >= 4202661) AND (id <= 4202760))

for: simple_ranges
table 1 : explain SELECT c FROM sbtest1 WHERE id BETWEEN 4201764 AND 4201863
	Index Scan using sbtest1_pkey on sbtest1  (cost=0.43..410.17 rows=107 width=121)
	  Index Cond: ((id >= 4201764) AND (id <= 4201863))

table 2 : explain SELECT c FROM sbtest2 WHERE id BETWEEN 4133799 AND 4133898
	Index Scan using sbtest2_pkey on sbtest2  (cost=0.43..349.72 rows=92 width=121)
	  Index Cond: ((id >= 4133799) AND (id <= 4133898))

table 3 : explain SELECT c FROM sbtest3 WHERE id BETWEEN 9996674 AND 9996773
	Index Scan using sbtest3_pkey on sbtest3  (cost=0.43..341.47 rows=89 width=121)
	  Index Cond: ((id >= 9996674) AND (id <= 9996773))

table 4 : explain SELECT c FROM sbtest4 WHERE id BETWEEN 9057403 AND 9057502
	Index Scan using sbtest4_pkey on sbtest4  (cost=0.43..360.58 rows=94 width=121)
	  Index Cond: ((id >= 9057403) AND (id <= 9057502))

table 5 : explain SELECT c FROM sbtest5 WHERE id BETWEEN 4102343 AND 4102442
	Index Scan using sbtest5_pkey on sbtest5  (cost=0.43..401.41 rows=105 width=121)
	  Index Cond: ((id >= 4102343) AND (id <= 4102442))

table 6 : explain SELECT c FROM sbtest6 WHERE id BETWEEN 9972763 AND 9972862
	Index Scan using sbtest6_pkey on sbtest6  (cost=0.43..416.45 rows=109 width=121)
	  Index Cond: ((id >= 9972763) AND (id <= 9972862))

table 7 : explain SELECT c FROM sbtest7 WHERE id BETWEEN 7818957 AND 7819056
	Index Scan using sbtest7_pkey on sbtest7  (cost=0.43..380.01 rows=100 width=121)
	  Index Cond: ((id >= 7818957) AND (id <= 7819056))

table 8 : explain SELECT c FROM sbtest8 WHERE id BETWEEN 7405585 AND 7405684
	Index Scan using sbtest8_pkey on sbtest8  (cost=0.43..404.08 rows=106 width=121)
	  Index Cond: ((id >= 7405585) AND (id <= 7405684))

for: distinct_ranges
table 1 : explain SELECT DISTINCT c FROM sbtest1 WHERE id BETWEEN 5758806 AND 5758905 ORDER BY c
	Unique  (cost=398.47..398.98 rows=103 width=121)
	  ->  Sort  (cost=398.47..398.72 rows=103 width=121)
	        Sort Key: c
	        ->  Index Scan using sbtest1_pkey on sbtest1  (cost=0.43..395.02 rows=103 width=121)
	              Index Cond: ((id >= 5758806) AND (id <= 5758905))

table 2 : explain SELECT DISTINCT c FROM sbtest2 WHERE id BETWEEN 6345091 AND 6345190 ORDER BY c
	Unique  (cost=390.67..391.18 rows=102 width=121)
	  ->  Sort  (cost=390.67..390.93 rows=102 width=121)
	        Sort Key: c
	        ->  Index Scan using sbtest2_pkey on sbtest2  (cost=0.43..387.27 rows=102 width=121)
	              Index Cond: ((id >= 6345091) AND (id <= 6345190))

table 3 : explain SELECT DISTINCT c FROM sbtest3 WHERE id BETWEEN 465922 AND 466021 ORDER BY c
	Unique  (cost=374.94..375.42 rows=97 width=121)
	  ->  Sort  (cost=374.94..375.18 rows=97 width=121)
	        Sort Key: c
	        ->  Index Scan using sbtest3_pkey on sbtest3  (cost=0.43..371.74 rows=97 width=121)
	              Index Cond: ((id >= 465922) AND (id <= 466021))

table 4 : explain SELECT DISTINCT c FROM sbtest4 WHERE id BETWEEN 2776864 AND 2776963 ORDER BY c
	Unique  (cost=382.85..383.34 rows=99 width=121)
	  ->  Sort  (cost=382.85..383.10 rows=99 width=121)
	        Sort Key: c
	        ->  Index Scan using sbtest4_pkey on sbtest4  (cost=0.43..379.57 rows=99 width=121)
	              Index Cond: ((id >= 2776864) AND (id <= 2776963))

table 5 : explain SELECT DISTINCT c FROM sbtest5 WHERE id BETWEEN 951244 AND 951343 ORDER BY c
	Unique  (cost=385.85..386.35 rows=100 width=121)
	  ->  Sort  (cost=385.85..386.10 rows=100 width=121)
	        Sort Key: c
	        ->  Index Scan using sbtest5_pkey on sbtest5  (cost=0.43..382.53 rows=100 width=121)
	              Index Cond: ((id >= 951244) AND (id <= 951343))

table 6 : explain SELECT DISTINCT c FROM sbtest6 WHERE id BETWEEN 3401540 AND 3401639 ORDER BY c
	Unique  (cost=404.87..405.40 rows=105 width=121)
	  ->  Sort  (cost=404.87..405.14 rows=105 width=121)
	        Sort Key: c
	        ->  Index Scan using sbtest6_pkey on sbtest6  (cost=0.43..401.35 rows=105 width=121)
	              Index Cond: ((id >= 3401540) AND (id <= 3401639))

table 7 : explain SELECT DISTINCT c FROM sbtest7 WHERE id BETWEEN 555299 AND 555398 ORDER BY c
	Unique  (cost=371.96..372.45 rows=97 width=121)
	  ->  Sort  (cost=371.96..372.20 rows=97 width=121)
	        Sort Key: c
	        ->  Index Scan using sbtest7_pkey on sbtest7  (cost=0.43..368.76 rows=97 width=121)
	              Index Cond: ((id >= 555299) AND (id <= 555398))

table 8 : explain SELECT DISTINCT c FROM sbtest8 WHERE id BETWEEN 3407255 AND 3407354 ORDER BY c
	Unique  (cost=350.48..350.94 rows=91 width=121)
	  ->  Sort  (cost=350.48..350.71 rows=91 width=121)
	        Sort Key: c
	        ->  Index Scan using sbtest8_pkey on sbtest8  (cost=0.43..347.52 rows=91 width=121)
	              Index Cond: ((id >= 3407255) AND (id <= 3407354))

explain: for inserts :: explain INSERT INTO sbtest%u (id, k, c, pad) VALUES (%u, 13, 'foobar', 'foobar')
for: distinct_ranges
table 1 : explain SELECT DISTINCT c FROM sbtest1 WHERE id BETWEEN 606973 AND 607072 ORDER BY c
	Unique  (cost=421.44..421.98 rows=109 width=121)
	  ->  Sort  (cost=421.44..421.71 rows=109 width=121)
	        Sort Key: c
	        ->  Index Scan using sbtest1_pkey on sbtest1  (cost=0.43..417.75 rows=109 width=121)
	              Index Cond: ((id >= 606973) AND (id <= 607072))

table 2 : explain SELECT DISTINCT c FROM sbtest2 WHERE id BETWEEN 3966970 AND 3967069 ORDER BY c
	Unique  (cost=367.87..368.35 rows=96 width=121)
	  ->  Sort  (cost=367.87..368.11 rows=96 width=121)
	        Sort Key: c
	        ->  Index Scan using sbtest2_pkey on sbtest2  (cost=0.43..364.71 rows=96 width=121)
	              Index Cond: ((id >= 3966970) AND (id <= 3967069))

table 3 : explain SELECT DISTINCT c FROM sbtest3 WHERE id BETWEEN 3766265 AND 3766364 ORDER BY c
	Unique  (cost=405.58..406.11 rows=105 width=121)
	  ->  Sort  (cost=405.58..405.85 rows=105 width=121)
	        Sort Key: c
	        ->  Index Scan using sbtest3_pkey on sbtest3  (cost=0.43..402.06 rows=105 width=121)
	              Index Cond: ((id >= 3766265) AND (id <= 3766364))

table 4 : explain SELECT DISTINCT c FROM sbtest4 WHERE id BETWEEN 7853695 AND 7853794 ORDER BY c
	Unique  (cost=379.02..379.51 rows=98 width=121)
	  ->  Sort  (cost=379.02..379.27 rows=98 width=121)
	        Sort Key: c
	        ->  Index Scan using sbtest4_pkey on sbtest4  (cost=0.43..375.78 rows=98 width=121)
	              Index Cond: ((id >= 7853695) AND (id <= 7853794))

table 5 : explain SELECT DISTINCT c FROM sbtest5 WHERE id BETWEEN 4605783 AND 4605882 ORDER BY c
	Unique  (cost=401.12..401.64 rows=104 width=121)
	  ->  Sort  (cost=401.12..401.38 rows=104 width=121)
	        Sort Key: c
	        ->  Index Scan using sbtest5_pkey on sbtest5  (cost=0.43..397.63 rows=104 width=121)
	              Index Cond: ((id >= 4605783) AND (id <= 4605882))

table 6 : explain SELECT DISTINCT c FROM sbtest6 WHERE id BETWEEN 2467062 AND 2467161 ORDER BY c
	Unique  (cost=423.96..424.51 rows=110 width=121)
	  ->  Sort  (cost=423.96..424.23 rows=110 width=121)
	        Sort Key: c
	        ->  Index Scan using sbtest6_pkey on sbtest6  (cost=0.43..420.23 rows=110 width=121)
	              Index Cond: ((id >= 2467062) AND (id <= 2467161))

table 7 : explain SELECT DISTINCT c FROM sbtest7 WHERE id BETWEEN 4643426 AND 4643525 ORDER BY c
	Unique  (cost=421.25..421.80 rows=110 width=121)
	  ->  Sort  (cost=421.25..421.53 rows=110 width=121)
	        Sort Key: c
	        ->  Index Scan using sbtest7_pkey on sbtest7  (cost=0.43..417.52 rows=110 width=121)
	              Index Cond: ((id >= 4643426) AND (id <= 4643525))

table 8 : explain SELECT DISTINCT c FROM sbtest8 WHERE id BETWEEN 3157480 AND 3157579 ORDER BY c
	Unique  (cost=346.68..347.13 rows=90 width=121)
	  ->  Sort  (cost=346.68..346.90 rows=90 width=121)
	        Sort Key: c
	        ->  Index Scan using sbtest8_pkey on sbtest8  (cost=0.43..343.76 rows=90 width=121)
	              Index Cond: ((id >= 3157480) AND (id <= 3157579))

for point_selects
table 1 : explain SELECT c FROM sbtest1 WHERE id=3399765
	Index Scan using sbtest1_pkey on sbtest1  (cost=0.43..8.45 rows=1 width=121)
	  Index Cond: (id = 3399765)

table 2 : explain SELECT c FROM sbtest2 WHERE id=315409
	Index Scan using sbtest2_pkey on sbtest2  (cost=0.43..8.45 rows=1 width=121)
	  Index Cond: (id = 315409)

table 3 : explain SELECT c FROM sbtest3 WHERE id=3667701
	Index Scan using sbtest3_pkey on sbtest3  (cost=0.43..8.45 rows=1 width=121)
	  Index Cond: (id = 3667701)

table 4 : explain SELECT c FROM sbtest4 WHERE id=3015281
	Index Scan using sbtest4_pkey on sbtest4  (cost=0.43..8.45 rows=1 width=121)
	  Index Cond: (id = 3015281)

table 5 : explain SELECT c FROM sbtest5 WHERE id=9695556
	Index Scan using sbtest5_pkey on sbtest5  (cost=0.43..8.45 rows=1 width=121)
	  Index Cond: (id = 9695556)

table 6 : explain SELECT c FROM sbtest6 WHERE id=7972824
	Index Scan using sbtest6_pkey on sbtest6  (cost=0.43..8.45 rows=1 width=121)
	  Index Cond: (id = 7972824)

table 7 : explain SELECT c FROM sbtest7 WHERE id=9233563
	Index Scan using sbtest7_pkey on sbtest7  (cost=0.43..8.45 rows=1 width=121)
	  Index Cond: (id = 9233563)

table 8 : explain SELECT c FROM sbtest8 WHERE id=1817928
	Index Scan using sbtest8_pkey on sbtest8  (cost=0.43..8.45 rows=1 width=121)
	  Index Cond: (id = 1817928)

for: distinct_ranges
table 1 : explain SELECT DISTINCT c FROM sbtest1 WHERE id BETWEEN 648297 AND 648396 ORDER BY c
	Unique  (cost=421.44..421.98 rows=109 width=121)
	  ->  Sort  (cost=421.44..421.71 rows=109 width=121)
	        Sort Key: c
	        ->  Index Scan using sbtest1_pkey on sbtest1  (cost=0.43..417.75 rows=109 width=121)
	              Index Cond: ((id >= 648297) AND (id <= 648396))

table 2 : explain SELECT DISTINCT c FROM sbtest2 WHERE id BETWEEN 5367473 AND 5367572 ORDER BY c
	Unique  (cost=409.62..410.16 rows=107 width=121)
	  ->  Sort  (cost=409.62..409.89 rows=107 width=121)
	        Sort Key: c
	        ->  Index Scan using sbtest2_pkey on sbtest2  (cost=0.43..406.02 rows=107 width=121)
	              Index Cond: ((id >= 5367473) AND (id <= 5367572))

table 3 : explain SELECT DISTINCT c FROM sbtest3 WHERE id BETWEEN 3640357 AND 3640456 ORDER BY c
	Unique  (cost=378.76..379.25 rows=98 width=121)
	  ->  Sort  (cost=378.76..379.01 rows=98 width=121)
	        Sort Key: c
	        ->  Index Scan using sbtest3_pkey on sbtest3  (cost=0.43..375.52 rows=98 width=121)
	              Index Cond: ((id >= 3640357) AND (id <= 3640456))

table 4 : explain SELECT DISTINCT c FROM sbtest4 WHERE id BETWEEN 4180037 AND 4180136 ORDER BY c
	Unique  (cost=432.59..433.15 rows=112 width=121)
	  ->  Sort  (cost=432.59..432.87 rows=112 width=121)
	        Sort Key: c
	        ->  Index Scan using sbtest4_pkey on sbtest4  (cost=0.43..428.77 rows=112 width=121)
	              Index Cond: ((id >= 4180037) AND (id <= 4180136))

table 5 : explain SELECT DISTINCT c FROM sbtest5 WHERE id BETWEEN 3319709 AND 3319808 ORDER BY c
	Unique  (cost=374.40..374.88 rows=97 width=121)
	  ->  Sort  (cost=374.40..374.64 rows=97 width=121)
	        Sort Key: c
	        ->  Index Scan using sbtest5_pkey on sbtest5  (cost=0.43..371.20 rows=97 width=121)
	              Index Cond: ((id >= 3319709) AND (id <= 3319808))

table 6 : explain SELECT DISTINCT c FROM sbtest6 WHERE id BETWEEN 7549863 AND 7549962 ORDER BY c
	Unique  (cost=389.61..390.11 rows=101 width=121)
	  ->  Sort  (cost=389.61..389.86 rows=101 width=121)
	        Sort Key: c
	        ->  Index Scan using sbtest6_pkey on sbtest6  (cost=0.43..386.25 rows=101 width=121)
	              Index Cond: ((id >= 7549863) AND (id <= 7549962))

table 7 : explain SELECT DISTINCT c FROM sbtest7 WHERE id BETWEEN 1865541 AND 1865640 ORDER BY c
	Unique  (cost=383.34..383.84 rows=100 width=121)
	  ->  Sort  (cost=383.34..383.59 rows=100 width=121)
	        Sort Key: c
	        ->  Index Scan using sbtest7_pkey on sbtest7  (cost=0.43..380.01 rows=100 width=121)
	              Index Cond: ((id >= 1865541) AND (id <= 1865640))

table 8 : explain SELECT DISTINCT c FROM sbtest8 WHERE id BETWEEN 8742944 AND 8743043 ORDER BY c
	Unique  (cost=415.26..415.80 rows=108 width=121)
	  ->  Sort  (cost=415.26..415.53 rows=108 width=121)
	        Sort Key: c
	        ->  Index Scan using sbtest8_pkey on sbtest8  (cost=0.43..411.61 rows=108 width=121)
	              Index Cond: ((id >= 8742944) AND (id <= 8743043))

explain: for index_updates :: explain UPDATE sbtest%u SET k=k+1 WHERE id=%u
for deletes
table 1 : explain DELETE FROM sbtest1 WHERE id=988231
	Delete on sbtest1  (cost=0.43..8.45 rows=0 width=0)
	  ->  Index Scan using sbtest1_pkey on sbtest1  (cost=0.43..8.45 rows=1 width=6)
	        Index Cond: (id = 988231)

table 2 : explain DELETE FROM sbtest2 WHERE id=7781340
	Delete on sbtest2  (cost=0.43..8.45 rows=0 width=0)
	  ->  Index Scan using sbtest2_pkey on sbtest2  (cost=0.43..8.45 rows=1 width=6)
	        Index Cond: (id = 7781340)

table 3 : explain DELETE FROM sbtest3 WHERE id=9008242
	Delete on sbtest3  (cost=0.43..8.45 rows=0 width=0)
	  ->  Index Scan using sbtest3_pkey on sbtest3  (cost=0.43..8.45 rows=1 width=6)
	        Index Cond: (id = 9008242)

table 4 : explain DELETE FROM sbtest4 WHERE id=4320942
	Delete on sbtest4  (cost=0.43..8.45 rows=0 width=0)
	  ->  Index Scan using sbtest4_pkey on sbtest4  (cost=0.43..8.45 rows=1 width=6)
	        Index Cond: (id = 4320942)

table 5 : explain DELETE FROM sbtest5 WHERE id=2326353
	Delete on sbtest5  (cost=0.43..8.45 rows=0 width=0)
	  ->  Index Scan using sbtest5_pkey on sbtest5  (cost=0.43..8.45 rows=1 width=6)
	        Index Cond: (id = 2326353)

table 6 : explain DELETE FROM sbtest6 WHERE id=4809126
	Delete on sbtest6  (cost=0.43..8.45 rows=0 width=0)
	  ->  Index Scan using sbtest6_pkey on sbtest6  (cost=0.43..8.45 rows=1 width=6)
	        Index Cond: (id = 4809126)

table 7 : explain DELETE FROM sbtest7 WHERE id=3663749
	Delete on sbtest7  (cost=0.43..8.45 rows=0 width=0)
	  ->  Index Scan using sbtest7_pkey on sbtest7  (cost=0.43..8.45 rows=1 width=6)
	        Index Cond: (id = 3663749)

table 8 : explain DELETE FROM sbtest8 WHERE id=1801006
	Delete on sbtest8  (cost=0.43..8.45 rows=0 width=0)
	  ->  Index Scan using sbtest8_pkey on sbtest8  (cost=0.43..8.45 rows=1 width=6)
	        Index Cond: (id = 1801006)

for: distinct_ranges
table 1 : explain SELECT DISTINCT c FROM sbtest1 WHERE id BETWEEN 863144 AND 863243 ORDER BY c
	Unique  (cost=371.67..372.15 rows=96 width=121)
	  ->  Sort  (cost=371.67..371.91 rows=96 width=121)
	        Sort Key: c
	        ->  Index Scan using sbtest1_pkey on sbtest1  (cost=0.43..368.50 rows=96 width=121)
	              Index Cond: ((id >= 863144) AND (id <= 863243))

table 2 : explain SELECT DISTINCT c FROM sbtest2 WHERE id BETWEEN 6901674 AND 6901773 ORDER BY c
	Unique  (cost=390.67..391.18 rows=102 width=121)
	  ->  Sort  (cost=390.67..390.93 rows=102 width=121)
	        Sort Key: c
	        ->  Index Scan using sbtest2_pkey on sbtest2  (cost=0.43..387.27 rows=102 width=121)
	              Index Cond: ((id >= 6901674) AND (id <= 6901773))

table 3 : explain SELECT DISTINCT c FROM sbtest3 WHERE id BETWEEN 6510005 AND 6510104 ORDER BY c
	Unique  (cost=428.53..429.08 rows=111 width=121)
	  ->  Sort  (cost=428.53..428.81 rows=111 width=121)
	        Sort Key: c
	        ->  Index Scan using sbtest3_pkey on sbtest3  (cost=0.43..424.76 rows=111 width=121)
	              Index Cond: ((id >= 6510005) AND (id <= 6510104))

table 4 : explain SELECT DISTINCT c FROM sbtest4 WHERE id BETWEEN 7045125 AND 7045224 ORDER BY c
	Unique  (cost=375.14..375.63 rows=97 width=121)
	  ->  Sort  (cost=375.14..375.38 rows=97 width=121)
	        Sort Key: c
	        ->  Index Scan using sbtest4_pkey on sbtest4  (cost=0.43..371.94 rows=97 width=121)
	              Index Cond: ((id >= 7045125) AND (id <= 7045224))

table 5 : explain SELECT DISTINCT c FROM sbtest5 WHERE id BETWEEN 9230684 AND 9230783 ORDER BY c
	Unique  (cost=362.89..363.36 rows=94 width=121)
	  ->  Sort  (cost=362.89..363.12 rows=94 width=121)
	        Sort Key: c
	        ->  Index Scan using sbtest5_pkey on sbtest5  (cost=0.43..359.81 rows=94 width=121)
	              Index Cond: ((id >= 9230684) AND (id <= 9230783))

table 6 : explain SELECT DISTINCT c FROM sbtest6 WHERE id BETWEEN 2439538 AND 2439637 ORDER BY c
	Unique  (cost=423.96..424.51 rows=110 width=121)
	  ->  Sort  (cost=423.96..424.23 rows=110 width=121)
	        Sort Key: c
	        ->  Index Scan using sbtest6_pkey on sbtest6  (cost=0.43..420.23 rows=110 width=121)
	              Index Cond: ((id >= 2439538) AND (id <= 2439637))

table 7 : explain SELECT DISTINCT c FROM sbtest7 WHERE id BETWEEN 4439158 AND 4439257 ORDER BY c
	Unique  (cost=398.50..399.02 rows=104 width=121)
	  ->  Sort  (cost=398.50..398.76 rows=104 width=121)
	        Sort Key: c
	        ->  Index Scan using sbtest7_pkey on sbtest7  (cost=0.43..395.02 rows=104 width=121)
	              Index Cond: ((id >= 4439158) AND (id <= 4439257))

table 8 : explain SELECT DISTINCT c FROM sbtest8 WHERE id BETWEEN 3346712 AND 3346811 ORDER BY c
	Unique  (cost=350.48..350.94 rows=91 width=121)
	  ->  Sort  (cost=350.48..350.71 rows=91 width=121)
	        Sort Key: c
	        ->  Index Scan using sbtest8_pkey on sbtest8  (cost=0.43..347.52 rows=91 width=121)
	              Index Cond: ((id >= 3346712) AND (id <= 3346811))

for point_selects
table 1 : explain SELECT c FROM sbtest1 WHERE id=1678391
	Index Scan using sbtest1_pkey on sbtest1  (cost=0.43..8.45 rows=1 width=121)
	  Index Cond: (id = 1678391)

table 2 : explain SELECT c FROM sbtest2 WHERE id=2793528
	Index Scan using sbtest2_pkey on sbtest2  (cost=0.43..8.45 rows=1 width=121)
	  Index Cond: (id = 2793528)

table 3 : explain SELECT c FROM sbtest3 WHERE id=2417884
	Index Scan using sbtest3_pkey on sbtest3  (cost=0.43..8.45 rows=1 width=121)
	  Index Cond: (id = 2417884)

table 4 : explain SELECT c FROM sbtest4 WHERE id=3029196
	Index Scan using sbtest4_pkey on sbtest4  (cost=0.43..8.45 rows=1 width=121)
	  Index Cond: (id = 3029196)

table 5 : explain SELECT c FROM sbtest5 WHERE id=2187622
	Index Scan using sbtest5_pkey on sbtest5  (cost=0.43..8.45 rows=1 width=121)
	  Index Cond: (id = 2187622)

table 6 : explain SELECT c FROM sbtest6 WHERE id=2467538
	Index Scan using sbtest6_pkey on sbtest6  (cost=0.43..8.45 rows=1 width=121)
	  Index Cond: (id = 2467538)

table 7 : explain SELECT c FROM sbtest7 WHERE id=1384647
	Index Scan using sbtest7_pkey on sbtest7  (cost=0.43..8.45 rows=1 width=121)
	  Index Cond: (id = 1384647)

table 8 : explain SELECT c FROM sbtest8 WHERE id=9492260
	Index Scan using sbtest8_pkey on sbtest8  (cost=0.43..8.45 rows=1 width=121)
	  Index Cond: (id = 9492260)

explain: for index_updates :: explain UPDATE sbtest%u SET k=k+1 WHERE id=%u
explain: for index_updates :: explain UPDATE sbtest%u SET k=k+1 WHERE id=%u
for inserts
table 1 : explain INSERT INTO sbtest1 (id, k, c, pad) VALUES (9725082, 13, 'foobar', 'foobar')
	Insert on sbtest1  (cost=0.00..0.01 rows=0 width=0)
	  ->  Result  (cost=0.00..0.01 rows=1 width=736)

table 2 : explain INSERT INTO sbtest2 (id, k, c, pad) VALUES (6958114, 13, 'foobar', 'foobar')
	Insert on sbtest2  (cost=0.00..0.01 rows=0 width=0)
	  ->  Result  (cost=0.00..0.01 rows=1 width=736)

table 3 : explain INSERT INTO sbtest3 (id, k, c, pad) VALUES (39445, 13, 'foobar', 'foobar')
	Insert on sbtest3  (cost=0.00..0.01 rows=0 width=0)
	  ->  Result  (cost=0.00..0.01 rows=1 width=736)

table 4 : explain INSERT INTO sbtest4 (id, k, c, pad) VALUES (3977403, 13, 'foobar', 'foobar')
	Insert on sbtest4  (cost=0.00..0.01 rows=0 width=0)
	  ->  Result  (cost=0.00..0.01 rows=1 width=736)

table 5 : explain INSERT INTO sbtest5 (id, k, c, pad) VALUES (504340, 13, 'foobar', 'foobar')
	Insert on sbtest5  (cost=0.00..0.01 rows=0 width=0)
	  ->  Result  (cost=0.00..0.01 rows=1 width=736)

table 6 : explain INSERT INTO sbtest6 (id, k, c, pad) VALUES (355625, 13, 'foobar', 'foobar')
	Insert on sbtest6  (cost=0.00..0.01 rows=0 width=0)
	  ->  Result  (cost=0.00..0.01 rows=1 width=736)

table 7 : explain INSERT INTO sbtest7 (id, k, c, pad) VALUES (2009338, 13, 'foobar', 'foobar')
	Insert on sbtest7  (cost=0.00..0.01 rows=0 width=0)
	  ->  Result  (cost=0.00..0.01 rows=1 width=736)

table 8 : explain INSERT INTO sbtest8 (id, k, c, pad) VALUES (9932783, 13, 'foobar', 'foobar')
	Insert on sbtest8  (cost=0.00..0.01 rows=0 width=0)
	  ->  Result  (cost=0.00..0.01 rows=1 width=736)

explain: for index_updates :: explain UPDATE sbtest%u SET k=k+1 WHERE id=%u
for point_selects
table 1 : explain SELECT c FROM sbtest1 WHERE id=8224671
	Index Scan using sbtest1_pkey on sbtest1  (cost=0.43..8.45 rows=1 width=121)
	  Index Cond: (id = 8224671)

table 2 : explain SELECT c FROM sbtest2 WHERE id=5874285
	Index Scan using sbtest2_pkey on sbtest2  (cost=0.43..8.45 rows=1 width=121)
	  Index Cond: (id = 5874285)

table 3 : explain SELECT c FROM sbtest3 WHERE id=3887519
	Index Scan using sbtest3_pkey on sbtest3  (cost=0.43..8.45 rows=1 width=121)
	  Index Cond: (id = 3887519)

table 4 : explain SELECT c FROM sbtest4 WHERE id=6373563
	Index Scan using sbtest4_pkey on sbtest4  (cost=0.43..8.45 rows=1 width=121)
	  Index Cond: (id = 6373563)

table 5 : explain SELECT c FROM sbtest5 WHERE id=6380414
	Index Scan using sbtest5_pkey on sbtest5  (cost=0.43..8.45 rows=1 width=121)
	  Index Cond: (id = 6380414)

table 6 : explain SELECT c FROM sbtest6 WHERE id=9280426
	Index Scan using sbtest6_pkey on sbtest6  (cost=0.43..8.45 rows=1 width=121)
	  Index Cond: (id = 9280426)

table 7 : explain SELECT c FROM sbtest7 WHERE id=9140679
	Index Scan using sbtest7_pkey on sbtest7  (cost=0.43..8.45 rows=1 width=121)
	  Index Cond: (id = 9140679)

table 8 : explain SELECT c FROM sbtest8 WHERE id=2474779
	Index Scan using sbtest8_pkey on sbtest8  (cost=0.43..8.45 rows=1 width=121)
	  Index Cond: (id = 2474779)

explain: for point_selects :: explain SELECT c FROM sbtest%u WHERE id=%u
explain: for inserts :: explain INSERT INTO sbtest%u (id, k, c, pad) VALUES (%u, 13, 'foobar', 'foobar')
for index_updates
table 1 : explain UPDATE sbtest1 SET k=k+1 WHERE id=9705816
	Update on sbtest1  (cost=0.43..8.46 rows=0 width=0)
	  ->  Index Scan using sbtest1_pkey on sbtest1  (cost=0.43..8.46 rows=1 width=10)
	        Index Cond: (id = 9705816)

table 2 : explain UPDATE sbtest2 SET k=k+1 WHERE id=5856001
	Update on sbtest2  (cost=0.43..8.46 rows=0 width=0)
	  ->  Index Scan using sbtest2_pkey on sbtest2  (cost=0.43..8.46 rows=1 width=10)
	        Index Cond: (id = 5856001)

table 3 : explain UPDATE sbtest3 SET k=k+1 WHERE id=5241559
	Update on sbtest3  (cost=0.43..8.46 rows=0 width=0)
	  ->  Index Scan using sbtest3_pkey on sbtest3  (cost=0.43..8.46 rows=1 width=10)
	        Index Cond: (id = 5241559)

table 4 : explain UPDATE sbtest4 SET k=k+1 WHERE id=3156890
	Update on sbtest4  (cost=0.43..8.46 rows=0 width=0)
	  ->  Index Scan using sbtest4_pkey on sbtest4  (cost=0.43..8.46 rows=1 width=10)
	        Index Cond: (id = 3156890)

table 5 : explain UPDATE sbtest5 SET k=k+1 WHERE id=4676613
	Update on sbtest5  (cost=0.43..8.46 rows=0 width=0)
	  ->  Index Scan using sbtest5_pkey on sbtest5  (cost=0.43..8.46 rows=1 width=10)
	        Index Cond: (id = 4676613)

table 6 : explain UPDATE sbtest6 SET k=k+1 WHERE id=4584735
	Update on sbtest6  (cost=0.43..8.46 rows=0 width=0)
	  ->  Index Scan using sbtest6_pkey on sbtest6  (cost=0.43..8.46 rows=1 width=10)
	        Index Cond: (id = 4584735)

table 7 : explain UPDATE sbtest7 SET k=k+1 WHERE id=6962061
	Update on sbtest7  (cost=0.43..8.46 rows=0 width=0)
	  ->  Index Scan using sbtest7_pkey on sbtest7  (cost=0.43..8.46 rows=1 width=10)
	        Index Cond: (id = 6962061)

table 8 : explain UPDATE sbtest8 SET k=k+1 WHERE id=1096864
	Update on sbtest8  (cost=0.43..8.46 rows=0 width=0)
	  ->  Index Scan using sbtest8_pkey on sbtest8  (cost=0.43..8.46 rows=1 width=10)
	        Index Cond: (id = 1096864)

for index_updates
table 1 : explain UPDATE sbtest1 SET k=k+1 WHERE id=1865438
	Update on sbtest1  (cost=0.43..8.46 rows=0 width=0)
	  ->  Index Scan using sbtest1_pkey on sbtest1  (cost=0.43..8.46 rows=1 width=10)
	        Index Cond: (id = 1865438)

table 2 : explain UPDATE sbtest2 SET k=k+1 WHERE id=4870772
	Update on sbtest2  (cost=0.43..8.46 rows=0 width=0)
	  ->  Index Scan using sbtest2_pkey on sbtest2  (cost=0.43..8.46 rows=1 width=10)
	        Index Cond: (id = 4870772)

table 3 : explain UPDATE sbtest3 SET k=k+1 WHERE id=2222616
	Update on sbtest3  (cost=0.43..8.46 rows=0 width=0)
	  ->  Index Scan using sbtest3_pkey on sbtest3  (cost=0.43..8.46 rows=1 width=10)
	        Index Cond: (id = 2222616)

table 4 : explain UPDATE sbtest4 SET k=k+1 WHERE id=1664140
	Update on sbtest4  (cost=0.43..8.46 rows=0 width=0)
	  ->  Index Scan using sbtest4_pkey on sbtest4  (cost=0.43..8.46 rows=1 width=10)
	        Index Cond: (id = 1664140)

table 5 : explain UPDATE sbtest5 SET k=k+1 WHERE id=1808413
	Update on sbtest5  (cost=0.43..8.46 rows=0 width=0)
	  ->  Index Scan using sbtest5_pkey on sbtest5  (cost=0.43..8.46 rows=1 width=10)
	        Index Cond: (id = 1808413)

table 6 : explain UPDATE sbtest6 SET k=k+1 WHERE id=2340311
	Update on sbtest6  (cost=0.43..8.46 rows=0 width=0)
	  ->  Index Scan using sbtest6_pkey on sbtest6  (cost=0.43..8.46 rows=1 width=10)
	        Index Cond: (id = 2340311)

table 7 : explain UPDATE sbtest7 SET k=k+1 WHERE id=8163105
	Update on sbtest7  (cost=0.43..8.46 rows=0 width=0)
	  ->  Index Scan using sbtest7_pkey on sbtest7  (cost=0.43..8.46 rows=1 width=10)
	        Index Cond: (id = 8163105)

table 8 : explain UPDATE sbtest8 SET k=k+1 WHERE id=7253740
	Update on sbtest8  (cost=0.43..8.46 rows=0 width=0)
	  ->  Index Scan using sbtest8_pkey on sbtest8  (cost=0.43..8.46 rows=1 width=10)
	        Index Cond: (id = 7253740)

for inserts
table 1 : explain INSERT INTO sbtest1 (id, k, c, pad) VALUES (9309544, 13, 'foobar', 'foobar')
	Insert on sbtest1  (cost=0.00..0.01 rows=0 width=0)
	  ->  Result  (cost=0.00..0.01 rows=1 width=736)

table 2 : explain INSERT INTO sbtest2 (id, k, c, pad) VALUES (6408802, 13, 'foobar', 'foobar')
	Insert on sbtest2  (cost=0.00..0.01 rows=0 width=0)
	  ->  Result  (cost=0.00..0.01 rows=1 width=736)

table 3 : explain INSERT INTO sbtest3 (id, k, c, pad) VALUES (711379, 13, 'foobar', 'foobar')
	Insert on sbtest3  (cost=0.00..0.01 rows=0 width=0)
	  ->  Result  (cost=0.00..0.01 rows=1 width=736)

table 4 : explain INSERT INTO sbtest4 (id, k, c, pad) VALUES (1308898, 13, 'foobar', 'foobar')
	Insert on sbtest4  (cost=0.00..0.01 rows=0 width=0)
	  ->  Result  (cost=0.00..0.01 rows=1 width=736)

table 5 : explain INSERT INTO sbtest5 (id, k, c, pad) VALUES (8826209, 13, 'foobar', 'foobar')
	Insert on sbtest5  (cost=0.00..0.01 rows=0 width=0)
	  ->  Result  (cost=0.00..0.01 rows=1 width=736)

table 6 : explain INSERT INTO sbtest6 (id, k, c, pad) VALUES (5953068, 13, 'foobar', 'foobar')
	Insert on sbtest6  (cost=0.00..0.01 rows=0 width=0)
	  ->  Result  (cost=0.00..0.01 rows=1 width=736)

table 7 : explain INSERT INTO sbtest7 (id, k, c, pad) VALUES (1965108, 13, 'foobar', 'foobar')
	Insert on sbtest7  (cost=0.00..0.01 rows=0 width=0)
	  ->  Result  (cost=0.00..0.01 rows=1 width=736)

table 8 : explain INSERT INTO sbtest8 (id, k, c, pad) VALUES (5015821, 13, 'foobar', 'foobar')
	Insert on sbtest8  (cost=0.00..0.01 rows=0 width=0)
	  ->  Result  (cost=0.00..0.01 rows=1 width=736)

for point_selects
table 1 : explain SELECT c FROM sbtest1 WHERE id=7765293
	Index Scan using sbtest1_pkey on sbtest1  (cost=0.43..8.45 rows=1 width=121)
	  Index Cond: (id = 7765293)

table 2 : explain SELECT c FROM sbtest2 WHERE id=4607614
	Index Scan using sbtest2_pkey on sbtest2  (cost=0.43..8.45 rows=1 width=121)
	  Index Cond: (id = 4607614)

table 3 : explain SELECT c FROM sbtest3 WHERE id=6683118
	Index Scan using sbtest3_pkey on sbtest3  (cost=0.43..8.45 rows=1 width=121)
	  Index Cond: (id = 6683118)

table 4 : explain SELECT c FROM sbtest4 WHERE id=5963426
	Index Scan using sbtest4_pkey on sbtest4  (cost=0.43..8.45 rows=1 width=121)
	  Index Cond: (id = 5963426)

table 5 : explain SELECT c FROM sbtest5 WHERE id=2475578
	Index Scan using sbtest5_pkey on sbtest5  (cost=0.43..8.45 rows=1 width=121)
	  Index Cond: (id = 2475578)

table 6 : explain SELECT c FROM sbtest6 WHERE id=2049456
	Index Scan using sbtest6_pkey on sbtest6  (cost=0.43..8.45 rows=1 width=121)
	  Index Cond: (id = 2049456)

table 7 : explain SELECT c FROM sbtest7 WHERE id=274177
	Index Scan using sbtest7_pkey on sbtest7  (cost=0.43..8.45 rows=1 width=121)
	  Index Cond: (id = 274177)

table 8 : explain SELECT c FROM sbtest8 WHERE id=4257307
	Index Scan using sbtest8_pkey on sbtest8  (cost=0.43..8.45 rows=1 width=121)
	  Index Cond: (id = 4257307)

explain: for non_index_updates :: explain UPDATE sbtest%u SET c='foobar' WHERE id=%u
for index_updates
table 1 : explain UPDATE sbtest1 SET k=k+1 WHERE id=3187849
	Update on sbtest1  (cost=0.43..8.46 rows=0 width=0)
	  ->  Index Scan using sbtest1_pkey on sbtest1  (cost=0.43..8.46 rows=1 width=10)
	        Index Cond: (id = 3187849)

table 2 : explain UPDATE sbtest2 SET k=k+1 WHERE id=8659636
	Update on sbtest2  (cost=0.43..8.46 rows=0 width=0)
	  ->  Index Scan using sbtest2_pkey on sbtest2  (cost=0.43..8.46 rows=1 width=10)
	        Index Cond: (id = 8659636)

table 3 : explain UPDATE sbtest3 SET k=k+1 WHERE id=3831931
	Update on sbtest3  (cost=0.43..8.46 rows=0 width=0)
	  ->  Index Scan using sbtest3_pkey on sbtest3  (cost=0.43..8.46 rows=1 width=10)
	        Index Cond: (id = 3831931)

table 4 : explain UPDATE sbtest4 SET k=k+1 WHERE id=9422764
	Update on sbtest4  (cost=0.43..8.46 rows=0 width=0)
	  ->  Index Scan using sbtest4_pkey on sbtest4  (cost=0.43..8.46 rows=1 width=10)
	        Index Cond: (id = 9422764)

table 5 : explain UPDATE sbtest5 SET k=k+1 WHERE id=6428843
	Update on sbtest5  (cost=0.43..8.46 rows=0 width=0)
	  ->  Index Scan using sbtest5_pkey on sbtest5  (cost=0.43..8.46 rows=1 width=10)
	        Index Cond: (id = 6428843)

table 6 : explain UPDATE sbtest6 SET k=k+1 WHERE id=87011
	Update on sbtest6  (cost=0.43..8.46 rows=0 width=0)
	  ->  Index Scan using sbtest6_pkey on sbtest6  (cost=0.43..8.46 rows=1 width=10)
	        Index Cond: (id = 87011)

table 7 : explain UPDATE sbtest7 SET k=k+1 WHERE id=6135910
	Update on sbtest7  (cost=0.43..8.46 rows=0 width=0)
	  ->  Index Scan using sbtest7_pkey on sbtest7  (cost=0.43..8.46 rows=1 width=10)
	        Index Cond: (id = 6135910)

table 8 : explain UPDATE sbtest8 SET k=k+1 WHERE id=1047807
	Update on sbtest8  (cost=0.43..8.46 rows=0 width=0)
	  ->  Index Scan using sbtest8_pkey on sbtest8  (cost=0.43..8.46 rows=1 width=10)
	        Index Cond: (id = 1047807)

for: simple_ranges
table 1 : explain SELECT c FROM sbtest1 WHERE id BETWEEN 338758 AND 338857
	Index Scan using sbtest1_pkey on sbtest1  (cost=0.43..387.45 rows=101 width=121)
	  Index Cond: ((id >= 338758) AND (id <= 338857))

table 2 : explain SELECT c FROM sbtest2 WHERE id BETWEEN 9017834 AND 9017933
	Index Scan using sbtest2_pkey on sbtest2  (cost=0.43..372.21 rows=98 width=121)
	  Index Cond: ((id >= 9017834) AND (id <= 9017933))

table 3 : explain SELECT c FROM sbtest3 WHERE id BETWEEN 3382747 AND 3382846
	Index Scan using sbtest3_pkey on sbtest3  (cost=0.43..405.84 rows=106 width=121)
	  Index Cond: ((id >= 3382747) AND (id <= 3382846))

table 4 : explain SELECT c FROM sbtest4 WHERE id BETWEEN 2387234 AND 2387333
	Index Scan using sbtest4_pkey on sbtest4  (cost=0.43..402.28 rows=105 width=121)
	  Index Cond: ((id >= 2387234) AND (id <= 2387333))

table 5 : explain SELECT c FROM sbtest5 WHERE id BETWEEN 7396775 AND 7396874
	Index Scan using sbtest5_pkey on sbtest5  (cost=0.43..378.75 rows=99 width=121)
	  Index Cond: ((id >= 7396775) AND (id <= 7396874))

table 6 : explain SELECT c FROM sbtest6 WHERE id BETWEEN 8781962 AND 8782061
	Index Scan using sbtest6_pkey on sbtest6  (cost=0.43..378.69 rows=99 width=121)
	  Index Cond: ((id >= 8781962) AND (id <= 8782061))

table 7 : explain SELECT c FROM sbtest7 WHERE id BETWEEN 3763551 AND 3763650
	Index Scan using sbtest7_pkey on sbtest7  (cost=0.43..372.51 rows=98 width=121)
	  Index Cond: ((id >= 3763551) AND (id <= 3763650))

table 8 : explain SELECT c FROM sbtest8 WHERE id BETWEEN 9890406 AND 9890505
	Index Scan using sbtest8_pkey on sbtest8  (cost=0.43..396.55 rows=104 width=121)
	  Index Cond: ((id >= 9890406) AND (id <= 9890505))

for: sum_ranges
table 1 : explain SELECT SUM(k) FROM sbtest1 WHERE id BETWEEN 7964924 AND 7965023
	Aggregate  (cost=391.49..391.50 rows=1 width=8)
	  ->  Index Scan using sbtest1_pkey on sbtest1  (cost=0.43..391.23 rows=102 width=4)
	        Index Cond: ((id >= 7964924) AND (id <= 7965023))

table 2 : explain SELECT SUM(k) FROM sbtest2 WHERE id BETWEEN 3175351 AND 3175450
	Aggregate  (cost=349.95..349.96 rows=1 width=8)
	  ->  Index Scan using sbtest2_pkey on sbtest2  (cost=0.43..349.72 rows=92 width=4)
	        Index Cond: ((id >= 3175351) AND (id <= 3175450))

table 3 : explain SELECT SUM(k) FROM sbtest3 WHERE id BETWEEN 9276667 AND 9276766
	Aggregate  (cost=421.25..421.26 rows=1 width=8)
	  ->  Index Scan using sbtest3_pkey on sbtest3  (cost=0.43..420.97 rows=110 width=4)
	        Index Cond: ((id >= 9276667) AND (id <= 9276766))

table 4 : explain SELECT SUM(k) FROM sbtest4 WHERE id BETWEEN 4803547 AND 4803646
	Aggregate  (cost=357.03..357.04 rows=1 width=8)
	  ->  Index Scan using sbtest4_pkey on sbtest4  (cost=0.43..356.80 rows=93 width=4)
	        Index Cond: ((id >= 4803547) AND (id <= 4803646))

table 5 : explain SELECT SUM(k) FROM sbtest5 WHERE id BETWEEN 5742919 AND 5743018
	Aggregate  (cost=386.56..386.57 rows=1 width=8)
	  ->  Index Scan using sbtest5_pkey on sbtest5  (cost=0.43..386.30 rows=101 width=4)
	        Index Cond: ((id >= 5742919) AND (id <= 5743018))

table 6 : explain SELECT SUM(k) FROM sbtest6 WHERE id BETWEEN 2260782 AND 2260881
	Aggregate  (cost=371.32..371.33 rows=1 width=8)
	  ->  Index Scan using sbtest6_pkey on sbtest6  (cost=0.43..371.08 rows=97 width=4)
	        Index Cond: ((id >= 2260782) AND (id <= 2260881))

table 7 : explain SELECT SUM(k) FROM sbtest7 WHERE id BETWEEN 8652596 AND 8652695
	Aggregate  (cost=387.77..387.78 rows=1 width=8)
	  ->  Index Scan using sbtest7_pkey on sbtest7  (cost=0.43..387.52 rows=102 width=4)
	        Index Cond: ((id >= 8652596) AND (id <= 8652695))

table 8 : explain SELECT SUM(k) FROM sbtest8 WHERE id BETWEEN 4087846 AND 4087945
	Aggregate  (cost=385.50..385.51 rows=1 width=8)
	  ->  Index Scan using sbtest8_pkey on sbtest8  (cost=0.43..385.25 rows=101 width=4)
	        Index Cond: ((id >= 4087846) AND (id <= 4087945))

explain: for non_index_updates :: explain UPDATE sbtest%u SET c='foobar' WHERE id=%u
explain: for point_selects :: explain SELECT c FROM sbtest%u WHERE id=%u
for: sum_ranges
table 1 : explain SELECT SUM(k) FROM sbtest1 WHERE id BETWEEN 9088748 AND 9088847
	Aggregate  (cost=364.95..364.96 rows=1 width=8)
	  ->  Index Scan using sbtest1_pkey on sbtest1  (cost=0.43..364.72 rows=95 width=4)
	        Index Cond: ((id >= 9088748) AND (id <= 9088847))

table 2 : explain SELECT SUM(k) FROM sbtest2 WHERE id BETWEEN 9660300 AND 9660399
	Aggregate  (cost=406.28..406.29 rows=1 width=8)
	  ->  Index Scan using sbtest2_pkey on sbtest2  (cost=0.43..406.02 rows=107 width=4)
	        Index Cond: ((id >= 9660300) AND (id <= 9660399))

table 3 : explain SELECT SUM(k) FROM sbtest3 WHERE id BETWEEN 1343456 AND 1343555
	Aggregate  (cost=379.61..379.62 rows=1 width=8)
	  ->  Index Scan using sbtest3_pkey on sbtest3  (cost=0.43..379.36 rows=99 width=4)
	        Index Cond: ((id >= 1343456) AND (id <= 1343555))

table 4 : explain SELECT SUM(k) FROM sbtest4 WHERE id BETWEEN 5552194 AND 5552293
	Aggregate  (cost=398.75..398.76 rows=1 width=8)
	  ->  Index Scan using sbtest4_pkey on sbtest4  (cost=0.43..398.49 rows=104 width=4)
	        Index Cond: ((id >= 5552194) AND (id <= 5552293))

table 5 : explain SELECT SUM(k) FROM sbtest5 WHERE id BETWEEN 9173564 AND 9173663
	Aggregate  (cost=405.45..405.46 rows=1 width=8)
	  ->  Index Scan using sbtest5_pkey on sbtest5  (cost=0.43..405.19 rows=106 width=4)
	        Index Cond: ((id >= 9173564) AND (id <= 9173663))

table 6 : explain SELECT SUM(k) FROM sbtest6 WHERE id BETWEEN 4728194 AND 4728293
	Aggregate  (cost=371.32..371.33 rows=1 width=8)
	  ->  Index Scan using sbtest6_pkey on sbtest6  (cost=0.43..371.08 rows=97 width=4)
	        Index Cond: ((id >= 4728194) AND (id <= 4728293))

table 7 : explain SELECT SUM(k) FROM sbtest7 WHERE id BETWEEN 5819629 AND 5819728
	Aggregate  (cost=353.92..353.93 rows=1 width=8)
	  ->  Index Scan using sbtest7_pkey on sbtest7  (cost=0.43..353.69 rows=93 width=4)
	        Index Cond: ((id >= 5819629) AND (id <= 5819728))

table 8 : explain SELECT SUM(k) FROM sbtest8 WHERE id BETWEEN 8776384 AND 8776483
	Aggregate  (cost=411.88..411.89 rows=1 width=8)
	  ->  Index Scan using sbtest8_pkey on sbtest8  (cost=0.43..411.61 rows=108 width=4)
	        Index Cond: ((id >= 8776384) AND (id <= 8776483))

explain: for non_index_updates :: explain UPDATE sbtest%u SET c='foobar' WHERE id=%u
explain: for point_selects :: explain SELECT c FROM sbtest%u WHERE id=%u
for: simple_ranges
table 1 : explain SELECT c FROM sbtest1 WHERE id BETWEEN 1815984 AND 1816083
	Index Scan using sbtest1_pkey on sbtest1  (cost=0.43..341.93 rows=89 width=121)
	  Index Cond: ((id >= 1815984) AND (id <= 1816083))

table 2 : explain SELECT c FROM sbtest2 WHERE id BETWEEN 9785985 AND 9786084
	Index Scan using sbtest2_pkey on sbtest2  (cost=0.43..417.26 rows=110 width=121)
	  Index Cond: ((id >= 9785985) AND (id <= 9786084))

table 3 : explain SELECT c FROM sbtest3 WHERE id BETWEEN 4362132 AND 4362231
	Index Scan using sbtest3_pkey on sbtest3  (cost=0.43..356.60 rows=93 width=121)
	  Index Cond: ((id >= 4362132) AND (id <= 4362231))

table 4 : explain SELECT c FROM sbtest4 WHERE id BETWEEN 3294537 AND 3294636
	Index Scan using sbtest4_pkey on sbtest4  (cost=0.43..383.35 rows=100 width=121)
	  Index Cond: ((id >= 3294537) AND (id <= 3294636))

table 5 : explain SELECT c FROM sbtest5 WHERE id BETWEEN 26622 AND 26721
	Index Scan using sbtest5_pkey on sbtest5  (cost=0.43..378.75 rows=99 width=121)
	  Index Cond: ((id >= 26622) AND (id <= 26721))

table 6 : explain SELECT c FROM sbtest6 WHERE id BETWEEN 5294077 AND 5294176
	Index Scan using sbtest6_pkey on sbtest6  (cost=0.43..386.25 rows=101 width=121)
	  Index Cond: ((id >= 5294077) AND (id <= 5294176))

table 7 : explain SELECT c FROM sbtest7 WHERE id BETWEEN 1549529 AND 1549628
	Index Scan using sbtest7_pkey on sbtest7  (cost=0.43..402.52 rows=106 width=121)
	  Index Cond: ((id >= 1549529) AND (id <= 1549628))

table 8 : explain SELECT c FROM sbtest8 WHERE id BETWEEN 2103910 AND 2104009
	Index Scan using sbtest8_pkey on sbtest8  (cost=0.43..385.25 rows=101 width=121)
	  Index Cond: ((id >= 2103910) AND (id <= 2104009))

for non_index_updates
table 1 : explain UPDATE sbtest1 SET c='foobar' WHERE id=3541271
	Update on sbtest1  (cost=0.43..8.45 rows=0 width=0)
	  ->  Index Scan using sbtest1_pkey on sbtest1  (cost=0.43..8.45 rows=1 width=490)
	        Index Cond: (id = 3541271)

table 2 : explain UPDATE sbtest2 SET c='foobar' WHERE id=8663218
	Update on sbtest2  (cost=0.43..8.45 rows=0 width=0)
	  ->  Index Scan using sbtest2_pkey on sbtest2  (cost=0.43..8.45 rows=1 width=490)
	        Index Cond: (id = 8663218)

table 3 : explain UPDATE sbtest3 SET c='foobar' WHERE id=8553969
	Update on sbtest3  (cost=0.43..8.45 rows=0 width=0)
	  ->  Index Scan using sbtest3_pkey on sbtest3  (cost=0.43..8.45 rows=1 width=490)
	        Index Cond: (id = 8553969)

table 4 : explain UPDATE sbtest4 SET c='foobar' WHERE id=4718076
	Update on sbtest4  (cost=0.43..8.45 rows=0 width=0)
	  ->  Index Scan using sbtest4_pkey on sbtest4  (cost=0.43..8.45 rows=1 width=490)
	        Index Cond: (id = 4718076)

table 5 : explain UPDATE sbtest5 SET c='foobar' WHERE id=5741075
	Update on sbtest5  (cost=0.43..8.45 rows=0 width=0)
	  ->  Index Scan using sbtest5_pkey on sbtest5  (cost=0.43..8.45 rows=1 width=490)
	        Index Cond: (id = 5741075)

table 6 : explain UPDATE sbtest6 SET c='foobar' WHERE id=7808379
	Update on sbtest6  (cost=0.43..8.45 rows=0 width=0)
	  ->  Index Scan using sbtest6_pkey on sbtest6  (cost=0.43..8.45 rows=1 width=490)
	        Index Cond: (id = 7808379)

table 7 : explain UPDATE sbtest7 SET c='foobar' WHERE id=9380610
	Update on sbtest7  (cost=0.43..8.45 rows=0 width=0)
	  ->  Index Scan using sbtest7_pkey on sbtest7  (cost=0.43..8.45 rows=1 width=490)
	        Index Cond: (id = 9380610)

table 8 : explain UPDATE sbtest8 SET c='foobar' WHERE id=8578216
	Update on sbtest8  (cost=0.43..8.45 rows=0 width=0)
	  ->  Index Scan using sbtest8_pkey on sbtest8  (cost=0.43..8.45 rows=1 width=490)
	        Index Cond: (id = 8578216)

for: sum_ranges
table 1 : explain SELECT SUM(k) FROM sbtest1 WHERE id BETWEEN 4382031 AND 4382130
	Aggregate  (cost=391.49..391.50 rows=1 width=8)
	  ->  Index Scan using sbtest1_pkey on sbtest1  (cost=0.43..391.23 rows=102 width=4)
	        Index Cond: ((id >= 4382031) AND (id <= 4382130))

table 2 : explain SELECT SUM(k) FROM sbtest2 WHERE id BETWEEN 1992664 AND 1992763
	Aggregate  (cost=361.20..361.21 rows=1 width=8)
	  ->  Index Scan using sbtest2_pkey on sbtest2  (cost=0.43..360.96 rows=95 width=4)
	        Index Cond: ((id >= 1992664) AND (id <= 1992763))

table 3 : explain SELECT SUM(k) FROM sbtest3 WHERE id BETWEEN 1209485 AND 1209584
	Aggregate  (cost=364.41..364.42 rows=1 width=8)
	  ->  Index Scan using sbtest3_pkey on sbtest3  (cost=0.43..364.17 rows=95 width=4)
	        Index Cond: ((id >= 1209485) AND (id <= 1209584))

table 4 : explain SELECT SUM(k) FROM sbtest4 WHERE id BETWEEN 7026037 AND 7026136
	Aggregate  (cost=372.18..372.19 rows=1 width=8)
	  ->  Index Scan using sbtest4_pkey on sbtest4  (cost=0.43..371.94 rows=97 width=4)
	        Index Cond: ((id >= 7026037) AND (id <= 7026136))

table 5 : explain SELECT SUM(k) FROM sbtest5 WHERE id BETWEEN 1264850 AND 1264949
	Aggregate  (cost=379.00..379.01 rows=1 width=8)
	  ->  Index Scan using sbtest5_pkey on sbtest5  (cost=0.43..378.75 rows=99 width=4)
	        Index Cond: ((id >= 1264850) AND (id <= 1264949))

table 6 : explain SELECT SUM(k) FROM sbtest6 WHERE id BETWEEN 3015511 AND 3015610
	Aggregate  (cost=431.84..431.85 rows=1 width=8)
	  ->  Index Scan using sbtest6_pkey on sbtest6  (cost=0.43..431.56 rows=113 width=4)
	        Index Cond: ((id >= 3015511) AND (id <= 3015610))

table 7 : explain SELECT SUM(k) FROM sbtest7 WHERE id BETWEEN 5548757 AND 5548856
	Aggregate  (cost=402.78..402.79 rows=1 width=8)
	  ->  Index Scan using sbtest7_pkey on sbtest7  (cost=0.43..402.52 rows=106 width=4)
	        Index Cond: ((id >= 5548757) AND (id <= 5548856))

table 8 : explain SELECT SUM(k) FROM sbtest8 WHERE id BETWEEN 268197 AND 268296
	Aggregate  (cost=393.04..393.05 rows=1 width=8)
	  ->  Index Scan using sbtest8_pkey on sbtest8  (cost=0.43..392.78 rows=103 width=4)
	        Index Cond: ((id >= 268197) AND (id <= 268296))

for non_index_updates
table 1 : explain UPDATE sbtest1 SET c='foobar' WHERE id=8979720
	Update on sbtest1  (cost=0.43..8.45 rows=0 width=0)
	  ->  Index Scan using sbtest1_pkey on sbtest1  (cost=0.43..8.45 rows=1 width=490)
	        Index Cond: (id = 8979720)

table 2 : explain UPDATE sbtest2 SET c='foobar' WHERE id=9759367
	Update on sbtest2  (cost=0.43..8.45 rows=0 width=0)
	  ->  Index Scan using sbtest2_pkey on sbtest2  (cost=0.43..8.45 rows=1 width=490)
	        Index Cond: (id = 9759367)

table 3 : explain UPDATE sbtest3 SET c='foobar' WHERE id=4491688
	Update on sbtest3  (cost=0.43..8.45 rows=0 width=0)
	  ->  Index Scan using sbtest3_pkey on sbtest3  (cost=0.43..8.45 rows=1 width=490)
	        Index Cond: (id = 4491688)

table 4 : explain UPDATE sbtest4 SET c='foobar' WHERE id=9501142
	Update on sbtest4  (cost=0.43..8.45 rows=0 width=0)
	  ->  Index Scan using sbtest4_pkey on sbtest4  (cost=0.43..8.45 rows=1 width=490)
	        Index Cond: (id = 9501142)

table 5 : explain UPDATE sbtest5 SET c='foobar' WHERE id=9939786
	Update on sbtest5  (cost=0.43..8.45 rows=0 width=0)
	  ->  Index Scan using sbtest5_pkey on sbtest5  (cost=0.43..8.45 rows=1 width=490)
	        Index Cond: (id = 9939786)

table 6 : explain UPDATE sbtest6 SET c='foobar' WHERE id=6280044
	Update on sbtest6  (cost=0.43..8.45 rows=0 width=0)
	  ->  Index Scan using sbtest6_pkey on sbtest6  (cost=0.43..8.45 rows=1 width=490)
	        Index Cond: (id = 6280044)

table 7 : explain UPDATE sbtest7 SET c='foobar' WHERE id=8939700
	Update on sbtest7  (cost=0.43..8.45 rows=0 width=0)
	  ->  Index Scan using sbtest7_pkey on sbtest7  (cost=0.43..8.45 rows=1 width=490)
	        Index Cond: (id = 8939700)

table 8 : explain UPDATE sbtest8 SET c='foobar' WHERE id=1639737
	Update on sbtest8  (cost=0.43..8.45 rows=0 width=0)
	  ->  Index Scan using sbtest8_pkey on sbtest8  (cost=0.43..8.45 rows=1 width=490)
	        Index Cond: (id = 1639737)

explain: for deletes :: explain DELETE FROM sbtest%u WHERE id=%u
for: simple_ranges
table 1 : explain SELECT c FROM sbtest1 WHERE id BETWEEN 7466633 AND 7466732
	Index Scan using sbtest1_pkey on sbtest1  (cost=0.43..406.39 rows=106 width=121)
	  Index Cond: ((id >= 7466633) AND (id <= 7466732))

table 2 : explain SELECT c FROM sbtest2 WHERE id BETWEEN 3673383 AND 3673482
	Index Scan using sbtest2_pkey on sbtest2  (cost=0.43..372.21 rows=98 width=121)
	  Index Cond: ((id >= 3673383) AND (id <= 3673482))

table 3 : explain SELECT c FROM sbtest3 WHERE id BETWEEN 4320511 AND 4320610
	Index Scan using sbtest3_pkey on sbtest3  (cost=0.43..356.60 rows=93 width=121)
	  Index Cond: ((id >= 4320511) AND (id <= 4320610))

table 4 : explain SELECT c FROM sbtest4 WHERE id BETWEEN 6781051 AND 6781150
	Index Scan using sbtest4_pkey on sbtest4  (cost=0.43..390.92 rows=102 width=121)
	  Index Cond: ((id >= 6781051) AND (id <= 6781150))

table 5 : explain SELECT c FROM sbtest5 WHERE id BETWEEN 4418716 AND 4418815
	Index Scan using sbtest5_pkey on sbtest5  (cost=0.43..371.20 rows=97 width=121)
	  Index Cond: ((id >= 4418716) AND (id <= 4418815))

table 6 : explain SELECT c FROM sbtest6 WHERE id BETWEEN 4681524 AND 4681623
	Index Scan using sbtest6_pkey on sbtest6  (cost=0.43..371.08 rows=97 width=121)
	  Index Cond: ((id >= 4681524) AND (id <= 4681623))

table 7 : explain SELECT c FROM sbtest7 WHERE id BETWEEN 1874478 AND 1874577
	Index Scan using sbtest7_pkey on sbtest7  (cost=0.43..380.01 rows=100 width=121)
	  Index Cond: ((id >= 1874478) AND (id <= 1874577))

table 8 : explain SELECT c FROM sbtest8 WHERE id BETWEEN 9858999 AND 9859098
	Index Scan using sbtest8_pkey on sbtest8  (cost=0.43..396.55 rows=104 width=121)
	  Index Cond: ((id >= 9858999) AND (id <= 9859098))

for non_index_updates
table 1 : explain UPDATE sbtest1 SET c='foobar' WHERE id=3642521
	Update on sbtest1  (cost=0.43..8.45 rows=0 width=0)
	  ->  Index Scan using sbtest1_pkey on sbtest1  (cost=0.43..8.45 rows=1 width=490)
	        Index Cond: (id = 3642521)

table 2 : explain UPDATE sbtest2 SET c='foobar' WHERE id=2046730
	Update on sbtest2  (cost=0.43..8.45 rows=0 width=0)
	  ->  Index Scan using sbtest2_pkey on sbtest2  (cost=0.43..8.45 rows=1 width=490)
	        Index Cond: (id = 2046730)

table 3 : explain UPDATE sbtest3 SET c='foobar' WHERE id=1994824
	Update on sbtest3  (cost=0.43..8.45 rows=0 width=0)
	  ->  Index Scan using sbtest3_pkey on sbtest3  (cost=0.43..8.45 rows=1 width=490)
	        Index Cond: (id = 1994824)

table 4 : explain UPDATE sbtest4 SET c='foobar' WHERE id=199557
	Update on sbtest4  (cost=0.43..8.45 rows=0 width=0)
	  ->  Index Scan using sbtest4_pkey on sbtest4  (cost=0.43..8.45 rows=1 width=490)
	        Index Cond: (id = 199557)

table 5 : explain UPDATE sbtest5 SET c='foobar' WHERE id=4967026
	Update on sbtest5  (cost=0.43..8.45 rows=0 width=0)
	  ->  Index Scan using sbtest5_pkey on sbtest5  (cost=0.43..8.45 rows=1 width=490)
	        Index Cond: (id = 4967026)

table 6 : explain UPDATE sbtest6 SET c='foobar' WHERE id=2760011
	Update on sbtest6  (cost=0.43..8.45 rows=0 width=0)
	  ->  Index Scan using sbtest6_pkey on sbtest6  (cost=0.43..8.45 rows=1 width=490)
	        Index Cond: (id = 2760011)

table 7 : explain UPDATE sbtest7 SET c='foobar' WHERE id=9978127
	Update on sbtest7  (cost=0.43..8.45 rows=0 width=0)
	  ->  Index Scan using sbtest7_pkey on sbtest7  (cost=0.43..8.45 rows=1 width=490)
	        Index Cond: (id = 9978127)

table 8 : explain UPDATE sbtest8 SET c='foobar' WHERE id=6834046
	Update on sbtest8  (cost=0.43..8.45 rows=0 width=0)
	  ->  Index Scan using sbtest8_pkey on sbtest8  (cost=0.43..8.45 rows=1 width=490)
	        Index Cond: (id = 6834046)

for: simple_ranges
table 1 : explain SELECT c FROM sbtest1 WHERE id BETWEEN 4763038 AND 4763137
	Index Scan using sbtest1_pkey on sbtest1  (cost=0.43..383.66 rows=100 width=121)
	  Index Cond: ((id >= 4763038) AND (id <= 4763137))

table 2 : explain SELECT c FROM sbtest2 WHERE id BETWEEN 8710160 AND 8710259
	Index Scan using sbtest2_pkey on sbtest2  (cost=0.43..345.97 rows=91 width=121)
	  Index Cond: ((id >= 8710160) AND (id <= 8710259))

table 3 : explain SELECT c FROM sbtest3 WHERE id BETWEEN 7346885 AND 7346984
	Index Scan using sbtest3_pkey on sbtest3  (cost=0.43..436.11 rows=114 width=121)
	  Index Cond: ((id >= 7346885) AND (id <= 7346984))

table 4 : explain SELECT c FROM sbtest4 WHERE id BETWEEN 6917038 AND 6917137
	Index Scan using sbtest4_pkey on sbtest4  (cost=0.43..394.71 rows=103 width=121)
	  Index Cond: ((id >= 6917038) AND (id <= 6917137))

table 5 : explain SELECT c FROM sbtest5 WHERE id BETWEEN 7882691 AND 7882790
	Index Scan using sbtest5_pkey on sbtest5  (cost=0.43..371.20 rows=97 width=121)
	  Index Cond: ((id >= 7882691) AND (id <= 7882790))

table 6 : explain SELECT c FROM sbtest6 WHERE id BETWEEN 549533 AND 549632
	Index Scan using sbtest6_pkey on sbtest6  (cost=0.43..371.08 rows=97 width=121)
	  Index Cond: ((id >= 549533) AND (id <= 549632))

table 7 : explain SELECT c FROM sbtest7 WHERE id BETWEEN 2484741 AND 2484840
	Index Scan using sbtest7_pkey on sbtest7  (cost=0.43..376.26 rows=99 width=121)
	  Index Cond: ((id >= 2484741) AND (id <= 2484840))

table 8 : explain SELECT c FROM sbtest8 WHERE id BETWEEN 6381759 AND 6381858
	Index Scan using sbtest8_pkey on sbtest8  (cost=0.43..407.84 rows=107 width=121)
	  Index Cond: ((id >= 6381759) AND (id <= 6381858))

explain: for deletes :: explain DELETE FROM sbtest%u WHERE id=%u
explain: for deletes :: explain DELETE FROM sbtest%u WHERE id=%u
for deletes
table 1 : explain DELETE FROM sbtest1 WHERE id=3226842
	Delete on sbtest1  (cost=0.43..8.45 rows=0 width=0)
	  ->  Index Scan using sbtest1_pkey on sbtest1  (cost=0.43..8.45 rows=1 width=6)
	        Index Cond: (id = 3226842)

table 2 : explain DELETE FROM sbtest2 WHERE id=3899073
	Delete on sbtest2  (cost=0.43..8.45 rows=0 width=0)
	  ->  Index Scan using sbtest2_pkey on sbtest2  (cost=0.43..8.45 rows=1 width=6)
	        Index Cond: (id = 3899073)

table 3 : explain DELETE FROM sbtest3 WHERE id=7590111
	Delete on sbtest3  (cost=0.43..8.45 rows=0 width=0)
	  ->  Index Scan using sbtest3_pkey on sbtest3  (cost=0.43..8.45 rows=1 width=6)
	        Index Cond: (id = 7590111)

table 4 : explain DELETE FROM sbtest4 WHERE id=2428291
	Delete on sbtest4  (cost=0.43..8.45 rows=0 width=0)
	  ->  Index Scan using sbtest4_pkey on sbtest4  (cost=0.43..8.45 rows=1 width=6)
	        Index Cond: (id = 2428291)

table 5 : explain DELETE FROM sbtest5 WHERE id=6198867
	Delete on sbtest5  (cost=0.43..8.45 rows=0 width=0)
	  ->  Index Scan using sbtest5_pkey on sbtest5  (cost=0.43..8.45 rows=1 width=6)
	        Index Cond: (id = 6198867)

table 6 : explain DELETE FROM sbtest6 WHERE id=9250087
	Delete on sbtest6  (cost=0.43..8.45 rows=0 width=0)
	  ->  Index Scan using sbtest6_pkey on sbtest6  (cost=0.43..8.45 rows=1 width=6)
	        Index Cond: (id = 9250087)

table 7 : explain DELETE FROM sbtest7 WHERE id=1699128
	Delete on sbtest7  (cost=0.43..8.45 rows=0 width=0)
	  ->  Index Scan using sbtest7_pkey on sbtest7  (cost=0.43..8.45 rows=1 width=6)
	        Index Cond: (id = 1699128)

table 8 : explain DELETE FROM sbtest8 WHERE id=833743
	Delete on sbtest8  (cost=0.43..8.45 rows=0 width=0)
	  ->  Index Scan using sbtest8_pkey on sbtest8  (cost=0.43..8.45 rows=1 width=6)
	        Index Cond: (id = 833743)

for: sum_ranges
table 1 : explain SELECT SUM(k) FROM sbtest1 WHERE id BETWEEN 8986840 AND 8986939
	Aggregate  (cost=372.54..372.55 rows=1 width=8)
	  ->  Index Scan using sbtest1_pkey on sbtest1  (cost=0.43..372.29 rows=97 width=4)
	        Index Cond: ((id >= 8986840) AND (id <= 8986939))

table 2 : explain SELECT SUM(k) FROM sbtest2 WHERE id BETWEEN 8754735 AND 8754834
	Aggregate  (cost=346.20..346.21 rows=1 width=8)
	  ->  Index Scan using sbtest2_pkey on sbtest2  (cost=0.43..345.97 rows=91 width=4)
	        Index Cond: ((id >= 8754735) AND (id <= 8754834))

table 3 : explain SELECT SUM(k) FROM sbtest3 WHERE id BETWEEN 1679405 AND 1679504
	Aggregate  (cost=345.48..345.49 rows=1 width=8)
	  ->  Index Scan using sbtest3_pkey on sbtest3  (cost=0.43..345.26 rows=90 width=4)
	        Index Cond: ((id >= 1679405) AND (id <= 1679504))

table 4 : explain SELECT SUM(k) FROM sbtest4 WHERE id BETWEEN 6850160 AND 6850259
	Aggregate  (cost=391.18..391.19 rows=1 width=8)
	  ->  Index Scan using sbtest4_pkey on sbtest4  (cost=0.43..390.92 rows=102 width=4)
	        Index Cond: ((id >= 6850160) AND (id <= 6850259))

table 5 : explain SELECT SUM(k) FROM sbtest5 WHERE id BETWEEN 9789556 AND 9789655
	Aggregate  (cost=375.22..375.23 rows=1 width=8)
	  ->  Index Scan using sbtest5_pkey on sbtest5  (cost=0.43..374.97 rows=98 width=4)
	        Index Cond: ((id >= 9789556) AND (id <= 9789655))

table 6 : explain SELECT SUM(k) FROM sbtest6 WHERE id BETWEEN 5884548 AND 5884647
	Aggregate  (cost=359.99..360.00 rows=1 width=8)
	  ->  Index Scan using sbtest6_pkey on sbtest6  (cost=0.43..359.75 rows=94 width=4)
	        Index Cond: ((id >= 5884548) AND (id <= 5884647))

table 7 : explain SELECT SUM(k) FROM sbtest7 WHERE id BETWEEN 6496089 AND 6496188
	Aggregate  (cost=361.43..361.44 rows=1 width=8)
	  ->  Index Scan using sbtest7_pkey on sbtest7  (cost=0.43..361.19 rows=95 width=4)
	        Index Cond: ((id >= 6496089) AND (id <= 6496188))

table 8 : explain SELECT SUM(k) FROM sbtest8 WHERE id BETWEEN 1025199 AND 1025298
	Aggregate  (cost=400.57..400.58 rows=1 width=8)
	  ->  Index Scan using sbtest8_pkey on sbtest8  (cost=0.43..400.31 rows=105 width=4)
	        Index Cond: ((id >= 1025199) AND (id <= 1025298))

for: order_ranges
table 1 : explain SELECT c FROM sbtest1 WHERE id BETWEEN 6866954 AND 6867053 ORDER BY c
	Sort  (cost=409.95..410.22 rows=106 width=121)
	  Sort Key: c
	  ->  Index Scan using sbtest1_pkey on sbtest1  (cost=0.43..406.39 rows=106 width=121)
	        Index Cond: ((id >= 6866954) AND (id <= 6867053))

table 2 : explain SELECT c FROM sbtest2 WHERE id BETWEEN 5025616 AND 5025715 ORDER BY c
	Sort  (cost=432.36..432.64 rows=113 width=121)
	  Sort Key: c
	  ->  Index Scan using sbtest2_pkey on sbtest2  (cost=0.43..428.51 rows=113 width=121)
	        Index Cond: ((id >= 5025616) AND (id <= 5025715))

table 3 : explain SELECT c FROM sbtest3 WHERE id BETWEEN 2383506 AND 2383605 ORDER BY c
	Sort  (cost=417.06..417.33 rows=108 width=121)
	  Sort Key: c
	  ->  Index Scan using sbtest3_pkey on sbtest3  (cost=0.43..413.41 rows=108 width=121)
	        Index Cond: ((id >= 2383506) AND (id <= 2383605))

table 4 : explain SELECT c FROM sbtest4 WHERE id BETWEEN 8371876 AND 8371975 ORDER BY c
	Sort  (cost=371.32..371.56 rows=96 width=121)
	  Sort Key: c
	  ->  Index Scan using sbtest4_pkey on sbtest4  (cost=0.43..368.15 rows=96 width=121)
	        Index Cond: ((id >= 8371876) AND (id <= 8371975))

table 5 : explain SELECT c FROM sbtest5 WHERE id BETWEEN 8072134 AND 8072233 ORDER BY c
	Sort  (cost=362.89..363.12 rows=94 width=121)
	  Sort Key: c
	  ->  Index Scan using sbtest5_pkey on sbtest5  (cost=0.43..359.81 rows=94 width=121)
	        Index Cond: ((id >= 8072134) AND (id <= 8072233))

table 6 : explain SELECT c FROM sbtest6 WHERE id BETWEEN 955919 AND 956018 ORDER BY c
	Sort  (cost=370.46..370.70 rows=96 width=121)
	  Sort Key: c
	  ->  Index Scan using sbtest6_pkey on sbtest6  (cost=0.43..367.30 rows=96 width=121)
	        Index Cond: ((id >= 955919) AND (id <= 956018))

table 7 : explain SELECT c FROM sbtest7 WHERE id BETWEEN 1586509 AND 1586608 ORDER BY c
	Sort  (cost=406.09..406.35 rows=106 width=121)
	  Sort Key: c
	  ->  Index Scan using sbtest7_pkey on sbtest7  (cost=0.43..402.52 rows=106 width=121)
	        Index Cond: ((id >= 1586509) AND (id <= 1586608))

table 8 : explain SELECT c FROM sbtest8 WHERE id BETWEEN 7153049 AND 7153148 ORDER BY c
	Sort  (cost=361.90..362.14 rows=94 width=121)
	  Sort Key: c
	  ->  Index Scan using sbtest8_pkey on sbtest8  (cost=0.43..358.82 rows=94 width=121)
	        Index Cond: ((id >= 7153049) AND (id <= 7153148))

for deletes
table 1 : explain DELETE FROM sbtest1 WHERE id=4985585
	Delete on sbtest1  (cost=0.43..8.45 rows=0 width=0)
	  ->  Index Scan using sbtest1_pkey on sbtest1  (cost=0.43..8.45 rows=1 width=6)
	        Index Cond: (id = 4985585)

table 2 : explain DELETE FROM sbtest2 WHERE id=8096482
	Delete on sbtest2  (cost=0.43..8.45 rows=0 width=0)
	  ->  Index Scan using sbtest2_pkey on sbtest2  (cost=0.43..8.45 rows=1 width=6)
	        Index Cond: (id = 8096482)

table 3 : explain DELETE FROM sbtest3 WHERE id=1052688
	Delete on sbtest3  (cost=0.43..8.45 rows=0 width=0)
	  ->  Index Scan using sbtest3_pkey on sbtest3  (cost=0.43..8.45 rows=1 width=6)
	        Index Cond: (id = 1052688)

table 4 : explain DELETE FROM sbtest4 WHERE id=9979031
	Delete on sbtest4  (cost=0.43..8.45 rows=0 width=0)
	  ->  Index Scan using sbtest4_pkey on sbtest4  (cost=0.43..8.45 rows=1 width=6)
	        Index Cond: (id = 9979031)

table 5 : explain DELETE FROM sbtest5 WHERE id=2185418
	Delete on sbtest5  (cost=0.43..8.45 rows=0 width=0)
	  ->  Index Scan using sbtest5_pkey on sbtest5  (cost=0.43..8.45 rows=1 width=6)
	        Index Cond: (id = 2185418)

table 6 : explain DELETE FROM sbtest6 WHERE id=7862774
	Delete on sbtest6  (cost=0.43..8.45 rows=0 width=0)
	  ->  Index Scan using sbtest6_pkey on sbtest6  (cost=0.43..8.45 rows=1 width=6)
	        Index Cond: (id = 7862774)

table 7 : explain DELETE FROM sbtest7 WHERE id=2733216
	Delete on sbtest7  (cost=0.43..8.45 rows=0 width=0)
	  ->  Index Scan using sbtest7_pkey on sbtest7  (cost=0.43..8.45 rows=1 width=6)
	        Index Cond: (id = 2733216)

table 8 : explain DELETE FROM sbtest8 WHERE id=9614363
	Delete on sbtest8  (cost=0.43..8.45 rows=0 width=0)
	  ->  Index Scan using sbtest8_pkey on sbtest8  (cost=0.43..8.45 rows=1 width=6)
	        Index Cond: (id = 9614363)

for deletes
table 1 : explain DELETE FROM sbtest1 WHERE id=292822
	Delete on sbtest1  (cost=0.43..8.45 rows=0 width=0)
	  ->  Index Scan using sbtest1_pkey on sbtest1  (cost=0.43..8.45 rows=1 width=6)
	        Index Cond: (id = 292822)

table 2 : explain DELETE FROM sbtest2 WHERE id=9344378
	Delete on sbtest2  (cost=0.43..8.45 rows=0 width=0)
	  ->  Index Scan using sbtest2_pkey on sbtest2  (cost=0.43..8.45 rows=1 width=6)
	        Index Cond: (id = 9344378)

table 3 : explain DELETE FROM sbtest3 WHERE id=3448293
	Delete on sbtest3  (cost=0.43..8.45 rows=0 width=0)
	  ->  Index Scan using sbtest3_pkey on sbtest3  (cost=0.43..8.45 rows=1 width=6)
	        Index Cond: (id = 3448293)

table 4 : explain DELETE FROM sbtest4 WHERE id=4434198
	Delete on sbtest4  (cost=0.43..8.45 rows=0 width=0)
	  ->  Index Scan using sbtest4_pkey on sbtest4  (cost=0.43..8.45 rows=1 width=6)
	        Index Cond: (id = 4434198)

table 5 : explain DELETE FROM sbtest5 WHERE id=9946974
	Delete on sbtest5  (cost=0.43..8.45 rows=0 width=0)
	  ->  Index Scan using sbtest5_pkey on sbtest5  (cost=0.43..8.45 rows=1 width=6)
	        Index Cond: (id = 9946974)

table 6 : explain DELETE FROM sbtest6 WHERE id=2020789
	Delete on sbtest6  (cost=0.43..8.45 rows=0 width=0)
	  ->  Index Scan using sbtest6_pkey on sbtest6  (cost=0.43..8.45 rows=1 width=6)
	        Index Cond: (id = 2020789)

table 7 : explain DELETE FROM sbtest7 WHERE id=5439083
	Delete on sbtest7  (cost=0.43..8.45 rows=0 width=0)
	  ->  Index Scan using sbtest7_pkey on sbtest7  (cost=0.43..8.45 rows=1 width=6)
	        Index Cond: (id = 5439083)

table 8 : explain DELETE FROM sbtest8 WHERE id=9240636
	Delete on sbtest8  (cost=0.43..8.45 rows=0 width=0)
	  ->  Index Scan using sbtest8_pkey on sbtest8  (cost=0.43..8.45 rows=1 width=6)
	        Index Cond: (id = 9240636)

explain: for inserts :: explain INSERT INTO sbtest%u (id, k, c, pad) VALUES (%u, 13, 'foobar', 'foobar')
for: sum_ranges
table 1 : explain SELECT SUM(k) FROM sbtest1 WHERE id BETWEEN 9881247 AND 9881346
	Aggregate  (cost=383.91..383.92 rows=1 width=8)
	  ->  Index Scan using sbtest1_pkey on sbtest1  (cost=0.43..383.66 rows=100 width=4)
	        Index Cond: ((id >= 9881247) AND (id <= 9881346))

table 2 : explain SELECT SUM(k) FROM sbtest2 WHERE id BETWEEN 3790037 AND 3790136
	Aggregate  (cost=421.29..421.30 rows=1 width=8)
	  ->  Index Scan using sbtest2_pkey on sbtest2  (cost=0.43..421.01 rows=111 width=4)
	        Index Cond: ((id >= 3790037) AND (id <= 3790136))

table 3 : explain SELECT SUM(k) FROM sbtest3 WHERE id BETWEEN 1619042 AND 1619141
	Aggregate  (cost=345.48..345.49 rows=1 width=8)
	  ->  Index Scan using sbtest3_pkey on sbtest3  (cost=0.43..345.26 rows=90 width=4)
	        Index Cond: ((id >= 1619042) AND (id <= 1619141))

table 4 : explain SELECT SUM(k) FROM sbtest4 WHERE id BETWEEN 4504723 AND 4504822
	Aggregate  (cost=410.12..410.13 rows=1 width=8)
	  ->  Index Scan using sbtest4_pkey on sbtest4  (cost=0.43..409.85 rows=107 width=4)
	        Index Cond: ((id >= 4504723) AND (id <= 4504822))

table 5 : explain SELECT SUM(k) FROM sbtest5 WHERE id BETWEEN 4216095 AND 4216194
	Aggregate  (cost=348.70..348.71 rows=1 width=8)
	  ->  Index Scan using sbtest5_pkey on sbtest5  (cost=0.43..348.48 rows=91 width=4)
	        Index Cond: ((id >= 4216095) AND (id <= 4216194))

table 6 : explain SELECT SUM(k) FROM sbtest6 WHERE id BETWEEN 5357768 AND 5357867
	Aggregate  (cost=386.50..386.51 rows=1 width=8)
	  ->  Index Scan using sbtest6_pkey on sbtest6  (cost=0.43..386.25 rows=101 width=4)
	        Index Cond: ((id >= 5357768) AND (id <= 5357867))

table 7 : explain SELECT SUM(k) FROM sbtest7 WHERE id BETWEEN 8331376 AND 8331475
	Aggregate  (cost=353.92..353.93 rows=1 width=8)
	  ->  Index Scan using sbtest7_pkey on sbtest7  (cost=0.43..353.69 rows=93 width=4)
	        Index Cond: ((id >= 8331376) AND (id <= 8331475))

table 8 : explain SELECT SUM(k) FROM sbtest8 WHERE id BETWEEN 6196627 AND 6196726
	Aggregate  (cost=385.50..385.51 rows=1 width=8)
	  ->  Index Scan using sbtest8_pkey on sbtest8  (cost=0.43..385.25 rows=101 width=4)
	        Index Cond: ((id >= 6196627) AND (id <= 6196726))

explain: for inserts :: explain INSERT INTO sbtest%u (id, k, c, pad) VALUES (%u, 13, 'foobar', 'foobar')
for: sum_ranges
table 1 : explain SELECT SUM(k) FROM sbtest1 WHERE id BETWEEN 1348435 AND 1348534
	Aggregate  (cost=376.33..376.34 rows=1 width=8)
	  ->  Index Scan using sbtest1_pkey on sbtest1  (cost=0.43..376.08 rows=98 width=4)
	        Index Cond: ((id >= 1348435) AND (id <= 1348534))

table 2 : explain SELECT SUM(k) FROM sbtest2 WHERE id BETWEEN 6074778 AND 6074877
	Aggregate  (cost=421.29..421.30 rows=1 width=8)
	  ->  Index Scan using sbtest2_pkey on sbtest2  (cost=0.43..421.01 rows=111 width=4)
	        Index Cond: ((id >= 6074778) AND (id <= 6074877))

table 3 : explain SELECT SUM(k) FROM sbtest3 WHERE id BETWEEN 9431559 AND 9431658
	Aggregate  (cost=387.18..387.19 rows=1 width=8)
	  ->  Index Scan using sbtest3_pkey on sbtest3  (cost=0.43..386.93 rows=101 width=4)
	        Index Cond: ((id >= 9431559) AND (id <= 9431658))

table 4 : explain SELECT SUM(k) FROM sbtest4 WHERE id BETWEEN 1902430 AND 1902529
	Aggregate  (cost=322.94..322.95 rows=1 width=8)
	  ->  Index Scan using sbtest4_pkey on sbtest4  (cost=0.43..322.73 rows=84 width=4)
	        Index Cond: ((id >= 1902430) AND (id <= 1902529))

table 5 : explain SELECT SUM(k) FROM sbtest5 WHERE id BETWEEN 3736096 AND 3736195
	Aggregate  (cost=420.57..420.58 rows=1 width=8)
	  ->  Index Scan using sbtest5_pkey on sbtest5  (cost=0.43..420.29 rows=110 width=4)
	        Index Cond: ((id >= 3736096) AND (id <= 3736195))

table 6 : explain SELECT SUM(k) FROM sbtest6 WHERE id BETWEEN 7731684 AND 7731783
	Aggregate  (cost=424.28..424.29 rows=1 width=8)
	  ->  Index Scan using sbtest6_pkey on sbtest6  (cost=0.43..424.01 rows=111 width=4)
	        Index Cond: ((id >= 7731684) AND (id <= 7731783))

table 7 : explain SELECT SUM(k) FROM sbtest7 WHERE id BETWEEN 8135458 AND 8135557
	Aggregate  (cost=372.76..372.77 rows=1 width=8)
	  ->  Index Scan using sbtest7_pkey on sbtest7  (cost=0.43..372.51 rows=98 width=4)
	        Index Cond: ((id >= 8135458) AND (id <= 8135557))

table 8 : explain SELECT SUM(k) FROM sbtest8 WHERE id BETWEEN 1714400 AND 1714499
	Aggregate  (cost=389.27..389.28 rows=1 width=8)
	  ->  Index Scan using sbtest8_pkey on sbtest8  (cost=0.43..389.01 rows=102 width=4)
	        Index Cond: ((id >= 1714400) AND (id <= 1714499))

explain: for point_selects :: explain SELECT c FROM sbtest%u WHERE id=%u
explain: for inserts :: explain INSERT INTO sbtest%u (id, k, c, pad) VALUES (%u, 13, 'foobar', 'foobar')
for point_selects
table 1 : explain SELECT c FROM sbtest1 WHERE id=1376642
	Index Scan using sbtest1_pkey on sbtest1  (cost=0.43..8.45 rows=1 width=121)
	  Index Cond: (id = 1376642)

table 2 : explain SELECT c FROM sbtest2 WHERE id=7930108
	Index Scan using sbtest2_pkey on sbtest2  (cost=0.43..8.45 rows=1 width=121)
	  Index Cond: (id = 7930108)

table 3 : explain SELECT c FROM sbtest3 WHERE id=7368259
	Index Scan using sbtest3_pkey on sbtest3  (cost=0.43..8.45 rows=1 width=121)
	  Index Cond: (id = 7368259)

table 4 : explain SELECT c FROM sbtest4 WHERE id=5784463
	Index Scan using sbtest4_pkey on sbtest4  (cost=0.43..8.45 rows=1 width=121)
	  Index Cond: (id = 5784463)

table 5 : explain SELECT c FROM sbtest5 WHERE id=4731202
	Index Scan using sbtest5_pkey on sbtest5  (cost=0.43..8.45 rows=1 width=121)
	  Index Cond: (id = 4731202)

table 6 : explain SELECT c FROM sbtest6 WHERE id=36261
	Index Scan using sbtest6_pkey on sbtest6  (cost=0.43..8.45 rows=1 width=121)
	  Index Cond: (id = 36261)

table 7 : explain SELECT c FROM sbtest7 WHERE id=6685916
	Index Scan using sbtest7_pkey on sbtest7  (cost=0.43..8.45 rows=1 width=121)
	  Index Cond: (id = 6685916)

table 8 : explain SELECT c FROM sbtest8 WHERE id=8157119
	Index Scan using sbtest8_pkey on sbtest8  (cost=0.43..8.45 rows=1 width=121)
	  Index Cond: (id = 8157119)

explain: for point_selects :: explain SELECT c FROM sbtest%u WHERE id=%u
for index_updates
table 1 : explain UPDATE sbtest1 SET k=k+1 WHERE id=9545733
	Update on sbtest1  (cost=0.43..8.46 rows=0 width=0)
	  ->  Index Scan using sbtest1_pkey on sbtest1  (cost=0.43..8.46 rows=1 width=10)
	        Index Cond: (id = 9545733)

table 2 : explain UPDATE sbtest2 SET k=k+1 WHERE id=5944440
	Update on sbtest2  (cost=0.43..8.46 rows=0 width=0)
	  ->  Index Scan using sbtest2_pkey on sbtest2  (cost=0.43..8.46 rows=1 width=10)
	        Index Cond: (id = 5944440)

table 3 : explain UPDATE sbtest3 SET k=k+1 WHERE id=1716086
	Update on sbtest3  (cost=0.43..8.46 rows=0 width=0)
	  ->  Index Scan using sbtest3_pkey on sbtest3  (cost=0.43..8.46 rows=1 width=10)
	        Index Cond: (id = 1716086)

table 4 : explain UPDATE sbtest4 SET k=k+1 WHERE id=1876112
	Update on sbtest4  (cost=0.43..8.46 rows=0 width=0)
	  ->  Index Scan using sbtest4_pkey on sbtest4  (cost=0.43..8.46 rows=1 width=10)
	        Index Cond: (id = 1876112)

table 5 : explain UPDATE sbtest5 SET k=k+1 WHERE id=8948226
	Update on sbtest5  (cost=0.43..8.46 rows=0 width=0)
	  ->  Index Scan using sbtest5_pkey on sbtest5  (cost=0.43..8.46 rows=1 width=10)
	        Index Cond: (id = 8948226)

table 6 : explain UPDATE sbtest6 SET k=k+1 WHERE id=5371666
	Update on sbtest6  (cost=0.43..8.46 rows=0 width=0)
	  ->  Index Scan using sbtest6_pkey on sbtest6  (cost=0.43..8.46 rows=1 width=10)
	        Index Cond: (id = 5371666)

table 7 : explain UPDATE sbtest7 SET k=k+1 WHERE id=9415775
	Update on sbtest7  (cost=0.43..8.46 rows=0 width=0)
	  ->  Index Scan using sbtest7_pkey on sbtest7  (cost=0.43..8.46 rows=1 width=10)
	        Index Cond: (id = 9415775)

table 8 : explain UPDATE sbtest8 SET k=k+1 WHERE id=9322411
	Update on sbtest8  (cost=0.43..8.46 rows=0 width=0)
	  ->  Index Scan using sbtest8_pkey on sbtest8  (cost=0.43..8.46 rows=1 width=10)
	        Index Cond: (id = 9322411)

for point_selects
table 1 : explain SELECT c FROM sbtest1 WHERE id=9458841
	Index Scan using sbtest1_pkey on sbtest1  (cost=0.43..8.45 rows=1 width=121)
	  Index Cond: (id = 9458841)

table 2 : explain SELECT c FROM sbtest2 WHERE id=6865420
	Index Scan using sbtest2_pkey on sbtest2  (cost=0.43..8.45 rows=1 width=121)
	  Index Cond: (id = 6865420)

table 3 : explain SELECT c FROM sbtest3 WHERE id=9591017
	Index Scan using sbtest3_pkey on sbtest3  (cost=0.43..8.45 rows=1 width=121)
	  Index Cond: (id = 9591017)

table 4 : explain SELECT c FROM sbtest4 WHERE id=4603625
	Index Scan using sbtest4_pkey on sbtest4  (cost=0.43..8.45 rows=1 width=121)
	  Index Cond: (id = 4603625)

table 5 : explain SELECT c FROM sbtest5 WHERE id=8388915
	Index Scan using sbtest5_pkey on sbtest5  (cost=0.43..8.45 rows=1 width=121)
	  Index Cond: (id = 8388915)

table 6 : explain SELECT c FROM sbtest6 WHERE id=6703223
	Index Scan using sbtest6_pkey on sbtest6  (cost=0.43..8.45 rows=1 width=121)
	  Index Cond: (id = 6703223)

table 7 : explain SELECT c FROM sbtest7 WHERE id=666433
	Index Scan using sbtest7_pkey on sbtest7  (cost=0.43..8.45 rows=1 width=121)
	  Index Cond: (id = 666433)

table 8 : explain SELECT c FROM sbtest8 WHERE id=2438254
	Index Scan using sbtest8_pkey on sbtest8  (cost=0.43..8.45 rows=1 width=121)
	  Index Cond: (id = 2438254)
for inserts
table 1 : explain INSERT INTO sbtest1 (id, k, c, pad) VALUES (4082897, 13, 'foobar', 'foobar')
	Insert on sbtest1  (cost=0.00..0.01 rows=0 width=0)
	  ->  Result  (cost=0.00..0.01 rows=1 width=736)

table 2 : explain INSERT INTO sbtest2 (id, k, c, pad) VALUES (4518881, 13, 'foobar', 'foobar')
	Insert on sbtest2  (cost=0.00..0.01 rows=0 width=0)
	  ->  Result  (cost=0.00..0.01 rows=1 width=736)

table 3 : explain INSERT INTO sbtest3 (id, k, c, pad) VALUES (5059168, 13, 'foobar', 'foobar')
	Insert on sbtest3  (cost=0.00..0.01 rows=0 width=0)
	  ->  Result  (cost=0.00..0.01 rows=1 width=736)

table 4 : explain INSERT INTO sbtest4 (id, k, c, pad) VALUES (3552682, 13, 'foobar', 'foobar')
	Insert on sbtest4  (cost=0.00..0.01 rows=0 width=0)
	  ->  Result  (cost=0.00..0.01 rows=1 width=736)

table 5 : explain INSERT INTO sbtest5 (id, k, c, pad) VALUES (1765191, 13, 'foobar', 'foobar')
	Insert on sbtest5  (cost=0.00..0.01 rows=0 width=0)
	  ->  Result  (cost=0.00..0.01 rows=1 width=736)

table 6 : explain INSERT INTO sbtest6 (id, k, c, pad) VALUES (5737874, 13, 'foobar', 'foobar')
	Insert on sbtest6  (cost=0.00..0.01 rows=0 width=0)
	  ->  Result  (cost=0.00..0.01 rows=1 width=736)

table 7 : explain INSERT INTO sbtest7 (id, k, c, pad) VALUES (5333781, 13, 'foobar', 'foobar')
	Insert on sbtest7  (cost=0.00..0.01 rows=0 width=0)
	  ->  Result  (cost=0.00..0.01 rows=1 width=736)

table 8 : explain INSERT INTO sbtest8 (id, k, c, pad) VALUES (6279287, 13, 'foobar', 'foobar')
	Insert on sbtest8  (cost=0.00..0.01 rows=0 width=0)
	  ->  Result  (cost=0.00..0.01 rows=1 width=736)


explain: for point_selects :: explain SELECT c FROM sbtest%u WHERE id=%u
explain: for point_selects :: explain SELECT c FROM sbtest%u WHERE id=%u
for: order_ranges
table 1 : explain SELECT c FROM sbtest1 WHERE id BETWEEN 6654062 AND 6654161 ORDER BY c
	Sort  (cost=402.29..402.55 rows=104 width=121)
	  Sort Key: c
	  ->  Index Scan using sbtest1_pkey on sbtest1  (cost=0.43..398.81 rows=104 width=121)
	        Index Cond: ((id >= 6654062) AND (id <= 6654161))

table 2 : explain SELECT c FROM sbtest2 WHERE id BETWEEN 4933690 AND 4933789 ORDER BY c
	Sort  (cost=360.30..360.53 rows=94 width=121)
	  Sort Key: c
	  ->  Index Scan using sbtest2_pkey on sbtest2  (cost=0.43..357.21 rows=94 width=121)
	        Index Cond: ((id >= 4933690) AND (id <= 4933789))

table 3 : explain SELECT c FROM sbtest3 WHERE id BETWEEN 1124890 AND 1124989 ORDER BY c
	Sort  (cost=409.41..409.67 rows=106 width=121)
	  Sort Key: c
	  ->  Index Scan using sbtest3_pkey on sbtest3  (cost=0.43..405.84 rows=106 width=121)
	        Index Cond: ((id >= 1124890) AND (id <= 1124989))

table 4 : explain SELECT c FROM sbtest4 WHERE id BETWEEN 2706359 AND 2706458 ORDER BY c
	Sort  (cost=382.85..383.10 rows=99 width=121)
	  Sort Key: c
	  ->  Index Scan using sbtest4_pkey on sbtest4  (cost=0.43..379.57 rows=99 width=121)
	        Index Cond: ((id >= 2706359) AND (id <= 2706458))

table 5 : explain SELECT c FROM sbtest5 WHERE id BETWEEN 2048182 AND 2048281 ORDER BY c
	Sort  (cost=351.44..351.67 rows=91 width=121)
	  Sort Key: c
	  ->  Index Scan using sbtest5_pkey on sbtest5  (cost=0.43..348.48 rows=91 width=121)
	        Index Cond: ((id >= 2048182) AND (id <= 2048281))

table 6 : explain SELECT c FROM sbtest6 WHERE id BETWEEN 5433050 AND 5433149 ORDER BY c
	Sort  (cost=393.42..393.68 rows=102 width=121)
	  Sort Key: c
	  ->  Index Scan using sbtest6_pkey on sbtest6  (cost=0.43..390.02 rows=102 width=121)
	        Index Cond: ((id >= 5433050) AND (id <= 5433149))

table 7 : explain SELECT c FROM sbtest7 WHERE id BETWEEN 9328024 AND 9328123 ORDER BY c
	Sort  (cost=406.09..406.35 rows=106 width=121)
	  Sort Key: c
	  ->  Index Scan using sbtest7_pkey on sbtest7  (cost=0.43..402.52 rows=106 width=121)
	        Index Cond: ((id >= 9328024) AND (id <= 9328123))

table 8 : explain SELECT c FROM sbtest8 WHERE id BETWEEN 9918035 AND 9918134 ORDER BY c
	Sort  (cost=415.26..415.53 rows=108 width=121)
	  Sort Key: c
	  ->  Index Scan using sbtest8_pkey on sbtest8  (cost=0.43..411.61 rows=108 width=121)
	        Index Cond: ((id >= 9918035) AND (id <= 9918134))

for inserts
table 1 : explain INSERT INTO sbtest1 (id, k, c, pad) VALUES (8025104, 13, 'foobar', 'foobar')
	Insert on sbtest1  (cost=0.00..0.01 rows=0 width=0)
	  ->  Result  (cost=0.00..0.01 rows=1 width=736)

table 2 : explain INSERT INTO sbtest2 (id, k, c, pad) VALUES (839114, 13, 'foobar', 'foobar')
	Insert on sbtest2  (cost=0.00..0.01 rows=0 width=0)
	  ->  Result  (cost=0.00..0.01 rows=1 width=736)

table 3 : explain INSERT INTO sbtest3 (id, k, c, pad) VALUES (6064596, 13, 'foobar', 'foobar')
	Insert on sbtest3  (cost=0.00..0.01 rows=0 width=0)
	  ->  Result  (cost=0.00..0.01 rows=1 width=736)

table 4 : explain INSERT INTO sbtest4 (id, k, c, pad) VALUES (8415087, 13, 'foobar', 'foobar')
	Insert on sbtest4  (cost=0.00..0.01 rows=0 width=0)
	  ->  Result  (cost=0.00..0.01 rows=1 width=736)

table 5 : explain INSERT INTO sbtest5 (id, k, c, pad) VALUES (9749619, 13, 'foobar', 'foobar')
	Insert on sbtest5  (cost=0.00..0.01 rows=0 width=0)
	  ->  Result  (cost=0.00..0.01 rows=1 width=736)

table 6 : explain INSERT INTO sbtest6 (id, k, c, pad) VALUES (2694624, 13, 'foobar', 'foobar')
	Insert on sbtest6  (cost=0.00..0.01 rows=0 width=0)
	  ->  Result  (cost=0.00..0.01 rows=1 width=736)

table 7 : explain INSERT INTO sbtest7 (id, k, c, pad) VALUES (3878604, 13, 'foobar', 'foobar')
	Insert on sbtest7  (cost=0.00..0.01 rows=0 width=0)
	  ->  Result  (cost=0.00..0.01 rows=1 width=736)

table 8 : explain INSERT INTO sbtest8 (id, k, c, pad) VALUES (7071442, 13, 'foobar', 'foobar')
	Insert on sbtest8  (cost=0.00..0.01 rows=0 width=0)
	  ->  Result  (cost=0.00..0.01 rows=1 width=736)

for inserts
table 1 : explain INSERT INTO sbtest1 (id, k, c, pad) VALUES (8392569, 13, 'foobar', 'foobar')
	Insert on sbtest1  (cost=0.00..0.01 rows=0 width=0)
	  ->  Result  (cost=0.00..0.01 rows=1 width=736)

table 2 : explain INSERT INTO sbtest2 (id, k, c, pad) VALUES (8114511, 13, 'foobar', 'foobar')
	Insert on sbtest2  (cost=0.00..0.01 rows=0 width=0)
	  ->  Result  (cost=0.00..0.01 rows=1 width=736)

table 3 : explain INSERT INTO sbtest3 (id, k, c, pad) VALUES (3953974, 13, 'foobar', 'foobar')
	Insert on sbtest3  (cost=0.00..0.01 rows=0 width=0)
	  ->  Result  (cost=0.00..0.01 rows=1 width=736)

table 4 : explain INSERT INTO sbtest4 (id, k, c, pad) VALUES (296184, 13, 'foobar', 'foobar')
	Insert on sbtest4  (cost=0.00..0.01 rows=0 width=0)
	  ->  Result  (cost=0.00..0.01 rows=1 width=736)

table 5 : explain INSERT INTO sbtest5 (id, k, c, pad) VALUES (5159396, 13, 'foobar', 'foobar')
	Insert on sbtest5  (cost=0.00..0.01 rows=0 width=0)
	  ->  Result  (cost=0.00..0.01 rows=1 width=736)

table 6 : explain INSERT INTO sbtest6 (id, k, c, pad) VALUES (2698155, 13, 'foobar', 'foobar')
	Insert on sbtest6  (cost=0.00..0.01 rows=0 width=0)
	  ->  Result  (cost=0.00..0.01 rows=1 width=736)

table 7 : explain INSERT INTO sbtest7 (id, k, c, pad) VALUES (1645594, 13, 'foobar', 'foobar')
	Insert on sbtest7  (cost=0.00..0.01 rows=0 width=0)
	  ->  Result  (cost=0.00..0.01 rows=1 width=736)

table 8 : explain INSERT INTO sbtest8 (id, k, c, pad) VALUES (4471244, 13, 'foobar', 'foobar')
	Insert on sbtest8  (cost=0.00..0.01 rows=0 width=0)
	  ->  Result  (cost=0.00..0.01 rows=1 width=736)

for: order_ranges
table 1 : explain SELECT c FROM sbtest1 WHERE id BETWEEN 8170821 AND 8170920 ORDER BY c
	Sort  (cost=356.30..356.53 rows=92 width=121)
	  Sort Key: c
	  ->  Index Scan using sbtest1_pkey on sbtest1  (cost=0.43..353.29 rows=92 width=121)
	        Index Cond: ((id >= 8170821) AND (id <= 8170920))

table 2 : explain SELECT c FROM sbtest2 WHERE id BETWEEN 1933191 AND 1933290 ORDER BY c
	Sort  (cost=409.62..409.89 rows=107 width=121)
	  Sort Key: c
	  ->  Index Scan using sbtest2_pkey on sbtest2  (cost=0.43..406.02 rows=107 width=121)
	        Index Cond: ((id >= 1933191) AND (id <= 1933290))

table 3 : explain SELECT c FROM sbtest3 WHERE id BETWEEN 645133 AND 645232 ORDER BY c
	Sort  (cost=367.29..367.53 rows=95 width=121)
	  Sort Key: c
	  ->  Index Scan using sbtest3_pkey on sbtest3  (cost=0.43..364.17 rows=95 width=121)
	        Index Cond: ((id >= 645133) AND (id <= 645232))

table 4 : explain SELECT c FROM sbtest4 WHERE id BETWEEN 4222352 AND 4222451 ORDER BY c
	Sort  (cost=398.15..398.41 rows=103 width=121)
	  Sort Key: c
	  ->  Index Scan using sbtest4_pkey on sbtest4  (cost=0.43..394.71 rows=103 width=121)
	        Index Cond: ((id >= 4222352) AND (id <= 4222451))

table 5 : explain SELECT c FROM sbtest5 WHERE id BETWEEN 7776483 AND 7776582 ORDER BY c
	Sort  (cost=393.48..393.74 rows=102 width=121)
	  Sort Key: c
	  ->  Index Scan using sbtest5_pkey on sbtest5  (cost=0.43..390.08 rows=102 width=121)
	        Index Cond: ((id >= 7776483) AND (id <= 7776582))

table 6 : explain SELECT c FROM sbtest6 WHERE id BETWEEN 3989359 AND 3989458 ORDER BY c
	Sort  (cost=378.16..378.40 rows=98 width=121)
	  Sort Key: c
	  ->  Index Scan using sbtest6_pkey on sbtest6  (cost=0.43..374.92 rows=98 width=121)
	        Index Cond: ((id >= 3989359) AND (id <= 3989458))

table 7 : explain SELECT c FROM sbtest7 WHERE id BETWEEN 9745576 AND 9745675 ORDER BY c
	Sort  (cost=425.05..425.32 rows=111 width=121)
	  Sort Key: c
	  ->  Index Scan using sbtest7_pkey on sbtest7  (cost=0.43..421.28 rows=111 width=121)
	        Index Cond: ((id >= 9745576) AND (id <= 9745675))

table 8 : explain SELECT c FROM sbtest8 WHERE id BETWEEN 4790594 AND 4790693 ORDER BY c
	Sort  (cost=392.42..392.67 rows=102 width=121)
	  Sort Key: c
	  ->  Index Scan using sbtest8_pkey on sbtest8  (cost=0.43..389.01 rows=102 width=121)
	        Index Cond: ((id >= 4790594) AND (id <= 4790693))

for: order_ranges
table 1 : explain SELECT c FROM sbtest1 WHERE id BETWEEN 5443363 AND 5443462 ORDER BY c
	Sort  (cost=436.76..437.04 rows=113 width=121)
	  Sort Key: c
	  ->  Index Scan using sbtest1_pkey on sbtest1  (cost=0.43..432.90 rows=113 width=121)
	        Index Cond: ((id >= 5443363) AND (id <= 5443462))

table 2 : explain SELECT c FROM sbtest2 WHERE id BETWEEN 54650 AND 54749 ORDER BY c
	Sort  (cost=356.51..356.74 rows=93 width=121)
	  Sort Key: c
	  ->  Index Scan using sbtest2_pkey on sbtest2  (cost=0.43..353.47 rows=93 width=121)
	        Index Cond: ((id >= 54650) AND (id <= 54749))

table 3 : explain SELECT c FROM sbtest3 WHERE id BETWEEN 4991317 AND 4991416 ORDER BY c
	Sort  (cost=367.29..367.53 rows=95 width=121)
	  Sort Key: c
	  ->  Index Scan using sbtest3_pkey on sbtest3  (cost=0.43..364.17 rows=95 width=121)
	        Index Cond: ((id >= 4991317) AND (id <= 4991416))

table 4 : explain SELECT c FROM sbtest4 WHERE id BETWEEN 7030238 AND 7030337 ORDER BY c
	Sort  (cost=375.14..375.38 rows=97 width=121)
	  Sort Key: c
	  ->  Index Scan using sbtest4_pkey on sbtest4  (cost=0.43..371.94 rows=97 width=121)
	        Index Cond: ((id >= 7030238) AND (id <= 7030337))

table 5 : explain SELECT c FROM sbtest5 WHERE id BETWEEN 6588986 AND 6589085 ORDER BY c
	Sort  (cost=370.58..370.82 rows=96 width=121)
	  Sort Key: c
	  ->  Index Scan using sbtest5_pkey on sbtest5  (cost=0.43..367.42 rows=96 width=121)
	        Index Cond: ((id >= 6588986) AND (id <= 6589085))

table 6 : explain SELECT c FROM sbtest6 WHERE id BETWEEN 6345265 AND 6345364 ORDER BY c
	Sort  (cost=393.42..393.68 rows=102 width=121)
	  Sort Key: c
	  ->  Index Scan using sbtest6_pkey on sbtest6  (cost=0.43..390.02 rows=102 width=121)
	        Index Cond: ((id >= 6345265) AND (id <= 6345364))

table 7 : explain SELECT c FROM sbtest7 WHERE id BETWEEN 4585028 AND 4585127 ORDER BY c
	Sort  (cost=379.54..379.79 rows=99 width=121)
	  Sort Key: c
	  ->  Index Scan using sbtest7_pkey on sbtest7  (cost=0.43..376.26 rows=99 width=121)
	        Index Cond: ((id >= 4585028) AND (id <= 4585127))

table 8 : explain SELECT c FROM sbtest8 WHERE id BETWEEN 7693367 AND 7693466 ORDER BY c
	Sort  (cost=377.19..377.44 rows=98 width=121)
	  Sort Key: c
	  ->  Index Scan using sbtest8_pkey on sbtest8  (cost=0.43..373.95 rows=98 width=121)
	        Index Cond: ((id >= 7693367) AND (id <= 7693466))

explain: for non_index_updates :: explain UPDATE sbtest%u SET c='foobar' WHERE id=%u
for: simple_ranges
table 1 : explain SELECT c FROM sbtest1 WHERE id BETWEEN 305751 AND 305850
	Index Scan using sbtest1_pkey on sbtest1  (cost=0.43..387.45 rows=101 width=121)
	  Index Cond: ((id >= 305751) AND (id <= 305850))

table 2 : explain SELECT c FROM sbtest2 WHERE id BETWEEN 9661851 AND 9661950
	Index Scan using sbtest2_pkey on sbtest2  (cost=0.43..406.02 rows=107 width=121)
	  Index Cond: ((id >= 9661851) AND (id <= 9661950))

table 3 : explain SELECT c FROM sbtest3 WHERE id BETWEEN 7012037 AND 7012136
	Index Scan using sbtest3_pkey on sbtest3  (cost=0.43..364.17 rows=95 width=121)
	  Index Cond: ((id >= 7012037) AND (id <= 7012136))

table 4 : explain SELECT c FROM sbtest4 WHERE id BETWEEN 7824695 AND 7824794
	Index Scan using sbtest4_pkey on sbtest4  (cost=0.43..375.78 rows=98 width=121)
	  Index Cond: ((id >= 7824695) AND (id <= 7824794))

table 5 : explain SELECT c FROM sbtest5 WHERE id BETWEEN 5095142 AND 5095241
	Index Scan using sbtest5_pkey on sbtest5  (cost=0.43..356.03 rows=93 width=121)
	  Index Cond: ((id >= 5095142) AND (id <= 5095241))

table 6 : explain SELECT c FROM sbtest6 WHERE id BETWEEN 1239351 AND 1239450
	Index Scan using sbtest6_pkey on sbtest6  (cost=0.43..352.20 rows=92 width=121)
	  Index Cond: ((id >= 1239351) AND (id <= 1239450))

table 7 : explain SELECT c FROM sbtest7 WHERE id BETWEEN 9334019 AND 9334118
	Index Scan using sbtest7_pkey on sbtest7  (cost=0.43..402.52 rows=106 width=121)
	  Index Cond: ((id >= 9334019) AND (id <= 9334118))

table 8 : explain SELECT c FROM sbtest8 WHERE id BETWEEN 7436429 AND 7436528
	Index Scan using sbtest8_pkey on sbtest8  (cost=0.43..404.08 rows=106 width=121)
	  Index Cond: ((id >= 7436429) AND (id <= 7436528))

for: sum_ranges
table 1 : explain SELECT SUM(k) FROM sbtest1 WHERE id BETWEEN 1394045 AND 1394144
	Aggregate  (cost=376.33..376.34 rows=1 width=8)
	  ->  Index Scan using sbtest1_pkey on sbtest1  (cost=0.43..376.08 rows=98 width=4)
	        Index Cond: ((id >= 1394045) AND (id <= 1394144))

table 2 : explain SELECT SUM(k) FROM sbtest2 WHERE id BETWEEN 1476043 AND 1476142
	Aggregate  (cost=391.28..391.29 rows=1 width=8)
	  ->  Index Scan using sbtest2_pkey on sbtest2  (cost=0.43..391.02 rows=103 width=4)
	        Index Cond: ((id >= 1476043) AND (id <= 1476142))

table 3 : explain SELECT SUM(k) FROM sbtest3 WHERE id BETWEEN 9664594 AND 9664693
	Aggregate  (cost=364.41..364.42 rows=1 width=8)
	  ->  Index Scan using sbtest3_pkey on sbtest3  (cost=0.43..364.17 rows=95 width=4)
	        Index Cond: ((id >= 9664594) AND (id <= 9664693))

table 4 : explain SELECT SUM(k) FROM sbtest4 WHERE id BETWEEN 7787135 AND 7787234
	Aggregate  (cost=376.03..376.04 rows=1 width=8)
	  ->  Index Scan using sbtest4_pkey on sbtest4  (cost=0.43..375.78 rows=98 width=4)
	        Index Cond: ((id >= 7787135) AND (id <= 7787234))

table 5 : explain SELECT SUM(k) FROM sbtest5 WHERE id BETWEEN 1264428 AND 1264527
	Aggregate  (cost=379.00..379.01 rows=1 width=8)
	  ->  Index Scan using sbtest5_pkey on sbtest5  (cost=0.43..378.75 rows=99 width=4)
	        Index Cond: ((id >= 1264428) AND (id <= 1264527))

table 6 : explain SELECT SUM(k) FROM sbtest6 WHERE id BETWEEN 9432371 AND 9432470
	Aggregate  (cost=386.50..386.51 rows=1 width=8)
	  ->  Index Scan using sbtest6_pkey on sbtest6  (cost=0.43..386.25 rows=101 width=4)
	        Index Cond: ((id >= 9432371) AND (id <= 9432470))

table 7 : explain SELECT SUM(k) FROM sbtest7 WHERE id BETWEEN 4603180 AND 4603279
	Aggregate  (cost=417.80..417.81 rows=1 width=8)
	  ->  Index Scan using sbtest7_pkey on sbtest7  (cost=0.43..417.52 rows=110 width=4)
	        Index Cond: ((id >= 4603180) AND (id <= 4603279))

table 8 : explain SELECT SUM(k) FROM sbtest8 WHERE id BETWEEN 1687272 AND 1687371
	Aggregate  (cost=389.27..389.28 rows=1 width=8)
	  ->  Index Scan using sbtest8_pkey on sbtest8  (cost=0.43..389.01 rows=102 width=4)
	        Index Cond: ((id >= 1687272) AND (id <= 1687371))

for: simple_ranges
table 1 : explain SELECT c FROM sbtest1 WHERE id BETWEEN 1629703 AND 1629802
	Index Scan using sbtest1_pkey on sbtest1  (cost=0.43..410.17 rows=107 width=121)
	  Index Cond: ((id >= 1629703) AND (id <= 1629802))

table 2 : explain SELECT c FROM sbtest2 WHERE id BETWEEN 9277535 AND 9277634
	Index Scan using sbtest2_pkey on sbtest2  (cost=0.43..368.46 rows=97 width=121)
	  Index Cond: ((id >= 9277535) AND (id <= 9277634))

table 3 : explain SELECT c FROM sbtest3 WHERE id BETWEEN 2724274 AND 2724373
	Index Scan using sbtest3_pkey on sbtest3  (cost=0.43..349.04 rows=91 width=121)
	  Index Cond: ((id >= 2724274) AND (id <= 2724373))

table 4 : explain SELECT c FROM sbtest4 WHERE id BETWEEN 3241596 AND 3241695
	Index Scan using sbtest4_pkey on sbtest4  (cost=0.43..383.35 rows=100 width=121)
	  Index Cond: ((id >= 3241596) AND (id <= 3241695))

table 5 : explain SELECT c FROM sbtest5 WHERE id BETWEEN 117953 AND 118052
	Index Scan using sbtest5_pkey on sbtest5  (cost=0.43..382.53 rows=100 width=121)
	  Index Cond: ((id >= 117953) AND (id <= 118052))

table 6 : explain SELECT c FROM sbtest6 WHERE id BETWEEN 1734500 AND 1734599
	Index Scan using sbtest6_pkey on sbtest6  (cost=0.43..405.13 rows=106 width=121)
	  Index Cond: ((id >= 1734500) AND (id <= 1734599))

table 7 : explain SELECT c FROM sbtest7 WHERE id BETWEEN 685611 AND 685710
	Index Scan using sbtest7_pkey on sbtest7  (cost=0.43..368.76 rows=97 width=121)
	  Index Cond: ((id >= 685611) AND (id <= 685710))

table 8 : explain SELECT c FROM sbtest8 WHERE id BETWEEN 4894334 AND 4894433
	Index Scan using sbtest8_pkey on sbtest8  (cost=0.43..389.01 rows=102 width=121)
	  Index Cond: ((id >= 4894334) AND (id <= 4894433))

for: order_ranges
table 1 : explain SELECT c FROM sbtest1 WHERE id BETWEEN 6140979 AND 6141078 ORDER BY c
	Sort  (cost=371.67..371.91 rows=96 width=121)
	  Sort Key: c
	  ->  Index Scan using sbtest1_pkey on sbtest1  (cost=0.43..368.50 rows=96 width=121)
	        Index Cond: ((id >= 6140979) AND (id <= 6141078))

table 2 : explain SELECT c FROM sbtest2 WHERE id BETWEEN 7046086 AND 7046185 ORDER BY c
	Sort  (cost=383.10..383.35 rows=100 width=121)
	  Sort Key: c
	  ->  Index Scan using sbtest2_pkey on sbtest2  (cost=0.43..379.77 rows=100 width=121)
	        Index Cond: ((id >= 7046086) AND (id <= 7046185))

table 3 : explain SELECT c FROM sbtest3 WHERE id BETWEEN 9336132 AND 9336231 ORDER BY c
	Sort  (cost=397.94..398.19 rows=103 width=121)
	  Sort Key: c
	  ->  Index Scan using sbtest3_pkey on sbtest3  (cost=0.43..394.49 rows=103 width=121)
	        Index Cond: ((id >= 9336132) AND (id <= 9336231))

table 4 : explain SELECT c FROM sbtest4 WHERE id BETWEEN 413093 AND 413192 ORDER BY c
	Sort  (cost=440.24..440.52 rows=114 width=121)
	  Sort Key: c
	  ->  Index Scan using sbtest4_pkey on sbtest4  (cost=0.43..436.34 rows=114 width=121)
	        Index Cond: ((id >= 413093) AND (id <= 413192))

table 5 : explain SELECT c FROM sbtest5 WHERE id BETWEEN 8775421 AND 8775520 ORDER BY c
	Sort  (cost=427.84..428.12 rows=111 width=121)
	  Sort Key: c
	  ->  Index Scan using sbtest5_pkey on sbtest5  (cost=0.43..424.07 rows=111 width=121)
	        Index Cond: ((id >= 8775421) AND (id <= 8775520))

table 6 : explain SELECT c FROM sbtest6 WHERE id BETWEEN 8529259 AND 8529358 ORDER BY c
	Sort  (cost=370.46..370.70 rows=96 width=121)
	  Sort Key: c
	  ->  Index Scan using sbtest6_pkey on sbtest6  (cost=0.43..367.30 rows=96 width=121)
	        Index Cond: ((id >= 8529259) AND (id <= 8529358))

table 7 : explain SELECT c FROM sbtest7 WHERE id BETWEEN 9932003 AND 9932102 ORDER BY c
	Sort  (cost=360.52..360.76 rows=94 width=121)
	  Sort Key: c
	  ->  Index Scan using sbtest7_pkey on sbtest7  (cost=0.43..357.44 rows=94 width=121)
	        Index Cond: ((id >= 9932003) AND (id <= 9932102))

table 8 : explain SELECT c FROM sbtest8 WHERE id BETWEEN 9827717 AND 9827816 ORDER BY c
	Sort  (cost=400.03..400.29 rows=104 width=121)
	  Sort Key: c
	  ->  Index Scan using sbtest8_pkey on sbtest8  (cost=0.43..396.55 rows=104 width=121)
	        Index Cond: ((id >= 9827717) AND (id <= 9827816))

for: order_ranges
table 1 : explain SELECT c FROM sbtest1 WHERE id BETWEEN 7574980 AND 7575079 ORDER BY c
	Sort  (cost=409.95..410.22 rows=106 width=121)
	  Sort Key: c
	  ->  Index Scan using sbtest1_pkey on sbtest1  (cost=0.43..406.39 rows=106 width=121)
	        Index Cond: ((id >= 7574980) AND (id <= 7575079))

table 2 : explain SELECT c FROM sbtest2 WHERE id BETWEEN 9347206 AND 9347305 ORDER BY c
	Sort  (cost=356.51..356.74 rows=93 width=121)
	  Sort Key: c
	  ->  Index Scan using sbtest2_pkey on sbtest2  (cost=0.43..353.47 rows=93 width=121)
	        Index Cond: ((id >= 9347206) AND (id <= 9347305))

table 3 : explain SELECT c FROM sbtest3 WHERE id BETWEEN 8566844 AND 8566943 ORDER BY c
	Sort  (cost=374.94..375.18 rows=97 width=121)
	  Sort Key: c
	  ->  Index Scan using sbtest3_pkey on sbtest3  (cost=0.43..371.74 rows=97 width=121)
	        Index Cond: ((id >= 8566844) AND (id <= 8566943))

table 4 : explain SELECT c FROM sbtest4 WHERE id BETWEEN 9799090 AND 9799189 ORDER BY c
	Sort  (cost=382.85..383.10 rows=99 width=121)
	  Sort Key: c
	  ->  Index Scan using sbtest4_pkey on sbtest4  (cost=0.43..379.57 rows=99 width=121)
	        Index Cond: ((id >= 9799090) AND (id <= 9799189))

table 5 : explain SELECT c FROM sbtest5 WHERE id BETWEEN 1652187 AND 1652286 ORDER BY c
	Sort  (cost=355.25..355.48 rows=92 width=121)
	  Sort Key: c
	  ->  Index Scan using sbtest5_pkey on sbtest5  (cost=0.43..352.25 rows=92 width=121)
	        Index Cond: ((id >= 1652187) AND (id <= 1652286))

table 6 : explain SELECT c FROM sbtest6 WHERE id BETWEEN 5367639 AND 5367738 ORDER BY c
	Sort  (cost=389.61..389.86 rows=101 width=121)
	  Sort Key: c
	  ->  Index Scan using sbtest6_pkey on sbtest6  (cost=0.43..386.25 rows=101 width=121)
	        Index Cond: ((id >= 5367639) AND (id <= 5367738))

table 7 : explain SELECT c FROM sbtest7 WHERE id BETWEEN 8634864 AND 8634963 ORDER BY c
	Sort  (cost=390.92..391.17 rows=102 width=121)
	  Sort Key: c
	  ->  Index Scan using sbtest7_pkey on sbtest7  (cost=0.43..387.52 rows=102 width=121)
	        Index Cond: ((id >= 8634864) AND (id <= 8634963))

table 8 : explain SELECT c FROM sbtest8 WHERE id BETWEEN 8680628 AND 8680727 ORDER BY c
	Sort  (cost=384.80..385.05 rows=100 width=121)
	  Sort Key: c
	  ->  Index Scan using sbtest8_pkey on sbtest8  (cost=0.43..381.48 rows=100 width=121)
	        Index Cond: ((id >= 8680628) AND (id <= 8680727))

for: sum_ranges
table 1 : explain SELECT SUM(k) FROM sbtest1 WHERE id BETWEEN 4948543 AND 4948642
	Aggregate  (cost=380.12..380.13 rows=1 width=8)
	  ->  Index Scan using sbtest1_pkey on sbtest1  (cost=0.43..379.87 rows=99 width=4)
	        Index Cond: ((id >= 4948543) AND (id <= 4948642))

table 2 : explain SELECT SUM(k) FROM sbtest2 WHERE id BETWEEN 4860077 AND 4860176
	Aggregate  (cost=368.70..368.71 rows=1 width=8)
	  ->  Index Scan using sbtest2_pkey on sbtest2  (cost=0.43..368.46 rows=97 width=4)
	        Index Cond: ((id >= 4860077) AND (id <= 4860176))

table 3 : explain SELECT SUM(k) FROM sbtest3 WHERE id BETWEEN 270057 AND 270156
	Aggregate  (cost=394.75..394.76 rows=1 width=8)
	  ->  Index Scan using sbtest3_pkey on sbtest3  (cost=0.43..394.49 rows=103 width=4)
	        Index Cond: ((id >= 270057) AND (id <= 270156))

table 4 : explain SELECT SUM(k) FROM sbtest4 WHERE id BETWEEN 7687310 AND 7687409
	Aggregate  (cost=429.05..429.06 rows=1 width=8)
	  ->  Index Scan using sbtest4_pkey on sbtest4  (cost=0.43..428.77 rows=112 width=4)
	        Index Cond: ((id >= 7687310) AND (id <= 7687409))

table 5 : explain SELECT SUM(k) FROM sbtest5 WHERE id BETWEEN 6669772 AND 6669871
	Aggregate  (cost=375.22..375.23 rows=1 width=8)
	  ->  Index Scan using sbtest5_pkey on sbtest5  (cost=0.43..374.97 rows=98 width=4)
	        Index Cond: ((id >= 6669772) AND (id <= 6669871))

table 6 : explain SELECT SUM(k) FROM sbtest6 WHERE id BETWEEN 4058004 AND 4058103
	Aggregate  (cost=375.16..375.17 rows=1 width=8)
	  ->  Index Scan using sbtest6_pkey on sbtest6  (cost=0.43..374.92 rows=98 width=4)
	        Index Cond: ((id >= 4058004) AND (id <= 4058103))

table 7 : explain SELECT SUM(k) FROM sbtest7 WHERE id BETWEEN 3572146 AND 3572245
	Aggregate  (cost=402.78..402.79 rows=1 width=8)
	  ->  Index Scan using sbtest7_pkey on sbtest7  (cost=0.43..402.52 rows=106 width=4)
	        Index Cond: ((id >= 3572146) AND (id <= 3572245))

table 8 : explain SELECT SUM(k) FROM sbtest8 WHERE id BETWEEN 8205704 AND 8205803
	Aggregate  (cost=370.43..370.44 rows=1 width=8)
	  ->  Index Scan using sbtest8_pkey on sbtest8  (cost=0.43..370.18 rows=97 width=4)
	        Index Cond: ((id >= 8205704) AND (id <= 8205803))

for: distinct_ranges
table 1 : explain SELECT DISTINCT c FROM sbtest1 WHERE id BETWEEN 2667539 AND 2667638 ORDER BY c
	Unique  (cost=394.64..395.15 rows=102 width=121)
	  ->  Sort  (cost=394.64..394.89 rows=102 width=121)
	        Sort Key: c
	        ->  Index Scan using sbtest1_pkey on sbtest1  (cost=0.43..391.23 rows=102 width=121)
	              Index Cond: ((id >= 2667539) AND (id <= 2667638))

table 2 : explain SELECT DISTINCT c FROM sbtest2 WHERE id BETWEEN 1242622 AND 1242721 ORDER BY c
	Unique  (cost=383.10..383.60 rows=100 width=121)
	  ->  Sort  (cost=383.10..383.35 rows=100 width=121)
	        Sort Key: c
	        ->  Index Scan using sbtest2_pkey on sbtest2  (cost=0.43..379.77 rows=100 width=121)
	              Index Cond: ((id >= 1242622) AND (id <= 1242721))

table 3 : explain SELECT DISTINCT c FROM sbtest3 WHERE id BETWEEN 8905825 AND 8905924 ORDER BY c
	Unique  (cost=413.23..413.77 rows=107 width=121)
	  ->  Sort  (cost=413.23..413.50 rows=107 width=121)
	        Sort Key: c
	        ->  Index Scan using sbtest3_pkey on sbtest3  (cost=0.43..409.62 rows=107 width=121)
	              Index Cond: ((id >= 8905825) AND (id <= 8905924))

table 4 : explain SELECT DISTINCT c FROM sbtest4 WHERE id BETWEEN 8316278 AND 8316377 ORDER BY c
	Unique  (cost=405.80..406.33 rows=105 width=121)
	  ->  Sort  (cost=405.80..406.07 rows=105 width=121)
	        Sort Key: c
	        ->  Index Scan using sbtest4_pkey on sbtest4  (cost=0.43..402.28 rows=105 width=121)
	              Index Cond: ((id >= 8316278) AND (id <= 8316377))

table 5 : explain SELECT DISTINCT c FROM sbtest5 WHERE id BETWEEN 2205459 AND 2205558 ORDER BY c
	Unique  (cost=370.58..371.06 rows=96 width=121)
	  ->  Sort  (cost=370.58..370.82 rows=96 width=121)
	        Sort Key: c
	        ->  Index Scan using sbtest5_pkey on sbtest5  (cost=0.43..367.42 rows=96 width=121)
	              Index Cond: ((id >= 2205459) AND (id <= 2205558))

table 6 : explain SELECT DISTINCT c FROM sbtest6 WHERE id BETWEEN 8290324 AND 8290423 ORDER BY c
	Unique  (cost=381.97..382.47 rows=99 width=121)
	  ->  Sort  (cost=381.97..382.22 rows=99 width=121)
	        Sort Key: c
	        ->  Index Scan using sbtest6_pkey on sbtest6  (cost=0.43..378.69 rows=99 width=121)
	              Index Cond: ((id >= 8290324) AND (id <= 8290423))

table 7 : explain SELECT DISTINCT c FROM sbtest7 WHERE id BETWEEN 8086390 AND 8086489 ORDER BY c
	Unique  (cost=356.73..357.19 rows=93 width=121)
	  ->  Sort  (cost=356.73..356.96 rows=93 width=121)
	        Sort Key: c
	        ->  Index Scan using sbtest7_pkey on sbtest7  (cost=0.43..353.69 rows=93 width=121)
	              Index Cond: ((id >= 8086390) AND (id <= 8086489))

table 8 : explain SELECT DISTINCT c FROM sbtest8 WHERE id BETWEEN 6796497 AND 6796596 ORDER BY c
	Unique  (cost=358.10..358.56 rows=93 width=121)
	  ->  Sort  (cost=358.10..358.33 rows=93 width=121)
	        Sort Key: c
	        ->  Index Scan using sbtest8_pkey on sbtest8  (cost=0.43..355.06 rows=93 width=121)
	              Index Cond: ((id >= 6796497) AND (id <= 6796596))

for: distinct_ranges
table 1 : explain SELECT DISTINCT c FROM sbtest1 WHERE id BETWEEN 3021187 AND 3021286 ORDER BY c
	Unique  (cost=360.18..360.65 rows=93 width=121)
	  ->  Sort  (cost=360.18..360.41 rows=93 width=121)
	        Sort Key: c
	        ->  Index Scan using sbtest1_pkey on sbtest1  (cost=0.43..357.14 rows=93 width=121)
	              Index Cond: ((id >= 3021187) AND (id <= 3021286))

table 2 : explain SELECT DISTINCT c FROM sbtest2 WHERE id BETWEEN 4311950 AND 4312049 ORDER BY c
	Unique  (cost=367.87..368.35 rows=96 width=121)
	  ->  Sort  (cost=367.87..368.11 rows=96 width=121)
	        Sort Key: c
	        ->  Index Scan using sbtest2_pkey on sbtest2  (cost=0.43..364.71 rows=96 width=121)
	              Index Cond: ((id >= 4311950) AND (id <= 4312049))

table 3 : explain SELECT DISTINCT c FROM sbtest3 WHERE id BETWEEN 4550765 AND 4550864 ORDER BY c
	Unique  (cost=367.29..367.77 rows=95 width=121)
	  ->  Sort  (cost=367.29..367.53 rows=95 width=121)
	        Sort Key: c
	        ->  Index Scan using sbtest3_pkey on sbtest3  (cost=0.43..364.17 rows=95 width=121)
	              Index Cond: ((id >= 4550765) AND (id <= 4550864))

table 4 : explain SELECT DISTINCT c FROM sbtest4 WHERE id BETWEEN 9824427 AND 9824526 ORDER BY c
	Unique  (cost=382.85..383.34 rows=99 width=121)
	  ->  Sort  (cost=382.85..383.10 rows=99 width=121)
	        Sort Key: c
	        ->  Index Scan using sbtest4_pkey on sbtest4  (cost=0.43..379.57 rows=99 width=121)
	              Index Cond: ((id >= 9824427) AND (id <= 9824526))

table 5 : explain SELECT DISTINCT c FROM sbtest5 WHERE id BETWEEN 7906050 AND 7906149 ORDER BY c
	Unique  (cost=374.40..374.88 rows=97 width=121)
	  ->  Sort  (cost=374.40..374.64 rows=97 width=121)
	        Sort Key: c
	        ->  Index Scan using sbtest5_pkey on sbtest5  (cost=0.43..371.20 rows=97 width=121)
	              Index Cond: ((id >= 7906050) AND (id <= 7906149))

table 6 : explain SELECT DISTINCT c FROM sbtest6 WHERE id BETWEEN 8905321 AND 8905420 ORDER BY c
	Unique  (cost=397.24..397.76 rows=103 width=121)
	  ->  Sort  (cost=397.24..397.50 rows=103 width=121)
	        Sort Key: c
	        ->  Index Scan using sbtest6_pkey on sbtest6  (cost=0.43..393.80 rows=103 width=121)
	              Index Cond: ((id >= 8905321) AND (id <= 8905420))

table 7 : explain SELECT DISTINCT c FROM sbtest7 WHERE id BETWEEN 114938 AND 115037 ORDER BY c
	Unique  (cost=356.73..357.19 rows=93 width=121)
	  ->  Sort  (cost=356.73..356.96 rows=93 width=121)
	        Sort Key: c
	        ->  Index Scan using sbtest7_pkey on sbtest7  (cost=0.43..353.69 rows=93 width=121)
	              Index Cond: ((id >= 114938) AND (id <= 115037))

table 8 : explain SELECT DISTINCT c FROM sbtest8 WHERE id BETWEEN 7609517 AND 7609616 ORDER BY c
	Unique  (cost=392.42..392.93 rows=102 width=121)
	  ->  Sort  (cost=392.42..392.67 rows=102 width=121)
	        Sort Key: c
	        ->  Index Scan using sbtest8_pkey on sbtest8  (cost=0.43..389.01 rows=102 width=121)
	              Index Cond: ((id >= 7609517) AND (id <= 7609616))

for: distinct_ranges
table 1 : explain SELECT DISTINCT c FROM sbtest1 WHERE id BETWEEN 6183731 AND 6183830 ORDER BY c
	Unique  (cost=371.67..372.15 rows=96 width=121)
	  ->  Sort  (cost=371.67..371.91 rows=96 width=121)
	        Sort Key: c
	        ->  Index Scan using sbtest1_pkey on sbtest1  (cost=0.43..368.50 rows=96 width=121)
	              Index Cond: ((id >= 6183731) AND (id <= 6183830))

table 2 : explain SELECT DISTINCT c FROM sbtest2 WHERE id BETWEEN 7988595 AND 7988694 ORDER BY c
	Unique  (cost=371.66..372.15 rows=97 width=121)
	  ->  Sort  (cost=371.66..371.90 rows=97 width=121)
	        Sort Key: c
	        ->  Index Scan using sbtest2_pkey on sbtest2  (cost=0.43..368.46 rows=97 width=121)
	              Index Cond: ((id >= 7988595) AND (id <= 7988694))

table 3 : explain SELECT DISTINCT c FROM sbtest3 WHERE id BETWEEN 2072626 AND 2072725 ORDER BY c
	Unique  (cost=344.35..344.80 rows=89 width=121)
	  ->  Sort  (cost=344.35..344.58 rows=89 width=121)
	        Sort Key: c
	        ->  Index Scan using sbtest3_pkey on sbtest3  (cost=0.43..341.47 rows=89 width=121)
	              Index Cond: ((id >= 2072626) AND (id <= 2072725))

table 4 : explain SELECT DISTINCT c FROM sbtest4 WHERE id BETWEEN 735390 AND 735489 ORDER BY c
	Unique  (cost=401.98..402.50 rows=104 width=121)
	  ->  Sort  (cost=401.98..402.24 rows=104 width=121)
	        Sort Key: c
	        ->  Index Scan using sbtest4_pkey on sbtest4  (cost=0.43..398.49 rows=104 width=121)
	              Index Cond: ((id >= 735390) AND (id <= 735489))

table 5 : explain SELECT DISTINCT c FROM sbtest5 WHERE id BETWEEN 9766251 AND 9766350 ORDER BY c
	Unique  (cost=378.22..378.71 rows=98 width=121)
	  ->  Sort  (cost=378.22..378.46 rows=98 width=121)
	        Sort Key: c
	        ->  Index Scan using sbtest5_pkey on sbtest5  (cost=0.43..374.97 rows=98 width=121)
	              Index Cond: ((id >= 9766251) AND (id <= 9766350))

table 6 : explain SELECT DISTINCT c FROM sbtest6 WHERE id BETWEEN 8249972 AND 8250071 ORDER BY c
	Unique  (cost=381.97..382.47 rows=99 width=121)
	  ->  Sort  (cost=381.97..382.22 rows=99 width=121)
	        Sort Key: c
	        ->  Index Scan using sbtest6_pkey on sbtest6  (cost=0.43..378.69 rows=99 width=121)
	              Index Cond: ((id >= 8249972) AND (id <= 8250071))

table 7 : explain SELECT DISTINCT c FROM sbtest7 WHERE id BETWEEN 7011783 AND 7011882 ORDER BY c
	Unique  (cost=383.34..383.84 rows=100 width=121)
	  ->  Sort  (cost=383.34..383.59 rows=100 width=121)
	        Sort Key: c
	        ->  Index Scan using sbtest7_pkey on sbtest7  (cost=0.43..380.01 rows=100 width=121)
	              Index Cond: ((id >= 7011783) AND (id <= 7011882))

table 8 : explain SELECT DISTINCT c FROM sbtest8 WHERE id BETWEEN 696788 AND 696887 ORDER BY c
	Unique  (cost=384.80..385.30 rows=100 width=121)
	  ->  Sort  (cost=384.80..385.05 rows=100 width=121)
	        Sort Key: c
	        ->  Index Scan using sbtest8_pkey on sbtest8  (cost=0.43..381.48 rows=100 width=121)
	              Index Cond: ((id >= 696788) AND (id <= 696887))

for non_index_updates
table 1 : explain UPDATE sbtest1 SET c='foobar' WHERE id=4279005
	Update on sbtest1  (cost=0.43..8.45 rows=0 width=0)
	  ->  Index Scan using sbtest1_pkey on sbtest1  (cost=0.43..8.45 rows=1 width=490)
	        Index Cond: (id = 4279005)

table 2 : explain UPDATE sbtest2 SET c='foobar' WHERE id=7691113
	Update on sbtest2  (cost=0.43..8.45 rows=0 width=0)
	  ->  Index Scan using sbtest2_pkey on sbtest2  (cost=0.43..8.45 rows=1 width=490)
	        Index Cond: (id = 7691113)

table 3 : explain UPDATE sbtest3 SET c='foobar' WHERE id=2293553
	Update on sbtest3  (cost=0.43..8.45 rows=0 width=0)
	  ->  Index Scan using sbtest3_pkey on sbtest3  (cost=0.43..8.45 rows=1 width=490)
	        Index Cond: (id = 2293553)

table 4 : explain UPDATE sbtest4 SET c='foobar' WHERE id=3814015
	Update on sbtest4  (cost=0.43..8.45 rows=0 width=0)
	  ->  Index Scan using sbtest4_pkey on sbtest4  (cost=0.43..8.45 rows=1 width=490)
	        Index Cond: (id = 3814015)

table 5 : explain UPDATE sbtest5 SET c='foobar' WHERE id=4357391
	Update on sbtest5  (cost=0.43..8.45 rows=0 width=0)
	  ->  Index Scan using sbtest5_pkey on sbtest5  (cost=0.43..8.45 rows=1 width=490)
	        Index Cond: (id = 4357391)

table 6 : explain UPDATE sbtest6 SET c='foobar' WHERE id=2619315
	Update on sbtest6  (cost=0.43..8.45 rows=0 width=0)
	  ->  Index Scan using sbtest6_pkey on sbtest6  (cost=0.43..8.45 rows=1 width=490)
	        Index Cond: (id = 2619315)

table 7 : explain UPDATE sbtest7 SET c='foobar' WHERE id=591836
	Update on sbtest7  (cost=0.43..8.45 rows=0 width=0)
	  ->  Index Scan using sbtest7_pkey on sbtest7  (cost=0.43..8.45 rows=1 width=490)
	        Index Cond: (id = 591836)

table 8 : explain UPDATE sbtest8 SET c='foobar' WHERE id=5481854
	Update on sbtest8  (cost=0.43..8.45 rows=0 width=0)
	  ->  Index Scan using sbtest8_pkey on sbtest8  (cost=0.43..8.45 rows=1 width=490)
	        Index Cond: (id = 5481854)

for point_selects
table 1 : explain SELECT c FROM sbtest1 WHERE id=7256235
	Index Scan using sbtest1_pkey on sbtest1  (cost=0.43..8.45 rows=1 width=121)
	  Index Cond: (id = 7256235)

table 2 : explain SELECT c FROM sbtest2 WHERE id=405483
	Index Scan using sbtest2_pkey on sbtest2  (cost=0.43..8.45 rows=1 width=121)
	  Index Cond: (id = 405483)

table 3 : explain SELECT c FROM sbtest3 WHERE id=6646105
	Index Scan using sbtest3_pkey on sbtest3  (cost=0.43..8.45 rows=1 width=121)
	  Index Cond: (id = 6646105)

table 4 : explain SELECT c FROM sbtest4 WHERE id=2833181
	Index Scan using sbtest4_pkey on sbtest4  (cost=0.43..8.45 rows=1 width=121)
	  Index Cond: (id = 2833181)

table 5 : explain SELECT c FROM sbtest5 WHERE id=5157627
	Index Scan using sbtest5_pkey on sbtest5  (cost=0.43..8.45 rows=1 width=121)
	  Index Cond: (id = 5157627)

table 6 : explain SELECT c FROM sbtest6 WHERE id=5322501
	Index Scan using sbtest6_pkey on sbtest6  (cost=0.43..8.45 rows=1 width=121)
	  Index Cond: (id = 5322501)

table 7 : explain SELECT c FROM sbtest7 WHERE id=9822188
	Index Scan using sbtest7_pkey on sbtest7  (cost=0.43..8.45 rows=1 width=121)
	  Index Cond: (id = 9822188)

table 8 : explain SELECT c FROM sbtest8 WHERE id=7025283
	Index Scan using sbtest8_pkey on sbtest8  (cost=0.43..8.45 rows=1 width=121)
	  Index Cond: (id = 7025283)

explain: for index_updates :: explain UPDATE sbtest%u SET k=k+1 WHERE id=%u
for: sum_ranges
table 1 : explain SELECT SUM(k) FROM sbtest1 WHERE id BETWEEN 7722453 AND 7722552
	Aggregate  (cost=391.49..391.50 rows=1 width=8)
	  ->  Index Scan using sbtest1_pkey on sbtest1  (cost=0.43..391.23 rows=102 width=4)
	        Index Cond: ((id >= 7722453) AND (id <= 7722552))

table 2 : explain SELECT SUM(k) FROM sbtest2 WHERE id BETWEEN 1752858 AND 1752957
	Aggregate  (cost=432.54..432.55 rows=1 width=8)
	  ->  Index Scan using sbtest2_pkey on sbtest2  (cost=0.43..432.26 rows=114 width=4)
	        Index Cond: ((id >= 1752858) AND (id <= 1752957))

table 3 : explain SELECT SUM(k) FROM sbtest3 WHERE id BETWEEN 1426849 AND 1426948
	Aggregate  (cost=360.62..360.63 rows=1 width=8)
	  ->  Index Scan using sbtest3_pkey on sbtest3  (cost=0.43..360.39 rows=94 width=4)
	        Index Cond: ((id >= 1426849) AND (id <= 1426948))

table 4 : explain SELECT SUM(k) FROM sbtest4 WHERE id BETWEEN 9620436 AND 9620535
	Aggregate  (cost=391.18..391.19 rows=1 width=8)
	  ->  Index Scan using sbtest4_pkey on sbtest4  (cost=0.43..390.92 rows=102 width=4)
	        Index Cond: ((id >= 9620436) AND (id <= 9620535))

table 5 : explain SELECT SUM(k) FROM sbtest5 WHERE id BETWEEN 3548347 AND 3548446
	Aggregate  (cost=386.56..386.57 rows=1 width=8)
	  ->  Index Scan using sbtest5_pkey on sbtest5  (cost=0.43..386.30 rows=101 width=4)
	        Index Cond: ((id >= 3548347) AND (id <= 3548446))

table 6 : explain SELECT SUM(k) FROM sbtest6 WHERE id BETWEEN 4984924 AND 4985023
	Aggregate  (cost=401.61..401.62 rows=1 width=8)
	  ->  Index Scan using sbtest6_pkey on sbtest6  (cost=0.43..401.35 rows=105 width=4)
	        Index Cond: ((id >= 4984924) AND (id <= 4985023))

table 7 : explain SELECT SUM(k) FROM sbtest7 WHERE id BETWEEN 7275696 AND 7275795
	Aggregate  (cost=338.91..338.92 rows=1 width=8)
	  ->  Index Scan using sbtest7_pkey on sbtest7  (cost=0.43..338.68 rows=89 width=4)
	        Index Cond: ((id >= 7275696) AND (id <= 7275795))

table 8 : explain SELECT SUM(k) FROM sbtest8 WHERE id BETWEEN 3933528 AND 3933627
	Aggregate  (cost=415.65..415.66 rows=1 width=8)
	  ->  Index Scan using sbtest8_pkey on sbtest8  (cost=0.43..415.38 rows=109 width=4)
	        Index Cond: ((id >= 3933528) AND (id <= 3933627))

for: distinct_ranges
table 1 : explain SELECT DISTINCT c FROM sbtest1 WHERE id BETWEEN 5519242 AND 5519341 ORDER BY c
	Unique  (cost=398.47..398.98 rows=103 width=121)
	  ->  Sort  (cost=398.47..398.72 rows=103 width=121)
	        Sort Key: c
	        ->  Index Scan using sbtest1_pkey on sbtest1  (cost=0.43..395.02 rows=103 width=121)
	              Index Cond: ((id >= 5519242) AND (id <= 5519341))

table 2 : explain SELECT DISTINCT c FROM sbtest2 WHERE id BETWEEN 8503007 AND 8503106 ORDER BY c
	Unique  (cost=379.24..379.73 rows=99 width=121)
	  ->  Sort  (cost=379.24..379.49 rows=99 width=121)
	        Sort Key: c
	        ->  Index Scan using sbtest2_pkey on sbtest2  (cost=0.43..375.96 rows=99 width=121)
	              Index Cond: ((id >= 8503007) AND (id <= 8503106))

table 3 : explain SELECT DISTINCT c FROM sbtest3 WHERE id BETWEEN 8496160 AND 8496259 ORDER BY c
	Unique  (cost=374.94..375.42 rows=97 width=121)
	  ->  Sort  (cost=374.94..375.18 rows=97 width=121)
	        Sort Key: c
	        ->  Index Scan using sbtest3_pkey on sbtest3  (cost=0.43..371.74 rows=97 width=121)
	              Index Cond: ((id >= 8496160) AND (id <= 8496259))

table 4 : explain SELECT DISTINCT c FROM sbtest4 WHERE id BETWEEN 6985238 AND 6985337 ORDER BY c
	Unique  (cost=375.14..375.63 rows=97 width=121)
	  ->  Sort  (cost=375.14..375.38 rows=97 width=121)
	        Sort Key: c
	        ->  Index Scan using sbtest4_pkey on sbtest4  (cost=0.43..371.94 rows=97 width=121)
	              Index Cond: ((id >= 6985238) AND (id <= 6985337))

table 5 : explain SELECT DISTINCT c FROM sbtest5 WHERE id BETWEEN 2532094 AND 2532193 ORDER BY c
	Unique  (cost=416.39..416.93 rows=108 width=121)
	  ->  Sort  (cost=416.39..416.66 rows=108 width=121)
	        Sort Key: c
	        ->  Index Scan using sbtest5_pkey on sbtest5  (cost=0.43..412.74 rows=108 width=121)
	              Index Cond: ((id >= 2532094) AND (id <= 2532193))

table 6 : explain SELECT DISTINCT c FROM sbtest6 WHERE id BETWEEN 2121223 AND 2121322 ORDER BY c
	Unique  (cost=393.42..393.93 rows=102 width=121)
	  ->  Sort  (cost=393.42..393.68 rows=102 width=121)
	        Sort Key: c
	        ->  Index Scan using sbtest6_pkey on sbtest6  (cost=0.43..390.02 rows=102 width=121)
	              Index Cond: ((id >= 2121223) AND (id <= 2121322))

table 7 : explain SELECT DISTINCT c FROM sbtest7 WHERE id BETWEEN 8681015 AND 8681114 ORDER BY c
	Unique  (cost=390.92..391.43 rows=102 width=121)
	  ->  Sort  (cost=390.92..391.17 rows=102 width=121)
	        Sort Key: c
	        ->  Index Scan using sbtest7_pkey on sbtest7  (cost=0.43..387.52 rows=102 width=121)
	              Index Cond: ((id >= 8681015) AND (id <= 8681114))

table 8 : explain SELECT DISTINCT c FROM sbtest8 WHERE id BETWEEN 4598935 AND 4599034 ORDER BY c
	Unique  (cost=361.90..362.37 rows=94 width=121)
	  ->  Sort  (cost=361.90..362.14 rows=94 width=121)
	        Sort Key: c
	        ->  Index Scan using sbtest8_pkey on sbtest8  (cost=0.43..358.82 rows=94 width=121)
	              Index Cond: ((id >= 4598935) AND (id <= 4599034))

for: order_ranges
table 1 : explain SELECT c FROM sbtest1 WHERE id BETWEEN 7086967 AND 7087066 ORDER BY c
	Sort  (cost=398.47..398.72 rows=103 width=121)
	  Sort Key: c
	  ->  Index Scan using sbtest1_pkey on sbtest1  (cost=0.43..395.02 rows=103 width=121)
	        Index Cond: ((id >= 7086967) AND (id <= 7087066))

table 2 : explain SELECT c FROM sbtest2 WHERE id BETWEEN 6099594 AND 6099693 ORDER BY c
	Sort  (cost=337.57..337.79 rows=88 width=121)
	  Sort Key: c
	  ->  Index Scan using sbtest2_pkey on sbtest2  (cost=0.43..334.72 rows=88 width=121)
	        Index Cond: ((id >= 6099594) AND (id <= 6099693))

table 3 : explain SELECT c FROM sbtest3 WHERE id BETWEEN 455946 AND 456045 ORDER BY c
	Sort  (cost=374.94..375.18 rows=97 width=121)
	  Sort Key: c
	  ->  Index Scan using sbtest3_pkey on sbtest3  (cost=0.43..371.74 rows=97 width=121)
	        Index Cond: ((id >= 455946) AND (id <= 456045))

table 4 : explain SELECT c FROM sbtest4 WHERE id BETWEEN 4017059 AND 4017158 ORDER BY c
	Sort  (cost=359.84..360.07 rows=93 width=121)
	  Sort Key: c
	  ->  Index Scan using sbtest4_pkey on sbtest4  (cost=0.43..356.80 rows=93 width=121)
	        Index Cond: ((id >= 4017059) AND (id <= 4017158))

table 5 : explain SELECT c FROM sbtest5 WHERE id BETWEEN 1279187 AND 1279286 ORDER BY c
	Sort  (cost=382.03..382.28 rows=99 width=121)
	  Sort Key: c
	  ->  Index Scan using sbtest5_pkey on sbtest5  (cost=0.43..378.75 rows=99 width=121)
	        Index Cond: ((id >= 1279187) AND (id <= 1279286))

table 6 : explain SELECT c FROM sbtest6 WHERE id BETWEEN 5524029 AND 5524128 ORDER BY c
	Sort  (cost=385.79..386.04 rows=100 width=121)
	  Sort Key: c
	  ->  Index Scan using sbtest6_pkey on sbtest6  (cost=0.43..382.47 rows=100 width=121)
	        Index Cond: ((id >= 5524029) AND (id <= 5524128))

table 7 : explain SELECT c FROM sbtest7 WHERE id BETWEEN 6735210 AND 6735309 ORDER BY c
	Sort  (cost=356.73..356.96 rows=93 width=121)
	  Sort Key: c
	  ->  Index Scan using sbtest7_pkey on sbtest7  (cost=0.43..353.69 rows=93 width=121)
	        Index Cond: ((id >= 6735210) AND (id <= 6735309))

table 8 : explain SELECT c FROM sbtest8 WHERE id BETWEEN 7917954 AND 7918053 ORDER BY c
	Sort  (cost=377.19..377.44 rows=98 width=121)
	  Sort Key: c
	  ->  Index Scan using sbtest8_pkey on sbtest8  (cost=0.43..373.95 rows=98 width=121)
	        Index Cond: ((id >= 7917954) AND (id <= 7918053))

explain: for index_updates :: explain UPDATE sbtest%u SET k=k+1 WHERE id=%u
for: sum_ranges
table 1 : explain SELECT SUM(k) FROM sbtest1 WHERE id BETWEEN 6467191 AND 6467290
	Aggregate  (cost=357.37..357.38 rows=1 width=8)
	  ->  Index Scan using sbtest1_pkey on sbtest1  (cost=0.43..357.14 rows=93 width=4)
	        Index Cond: ((id >= 6467191) AND (id <= 6467290))

table 2 : explain SELECT SUM(k) FROM sbtest2 WHERE id BETWEEN 1105670 AND 1105769
	Aggregate  (cost=376.27..376.28 rows=1 width=8)
	  ->  Index Scan using sbtest2_pkey on sbtest2  (cost=0.43..376.03 rows=99 width=4)
	        Index Cond: ((id >= 1105670) AND (id <= 1105769))

table 3 : explain SELECT SUM(k) FROM sbtest3 WHERE id BETWEEN 2551456 AND 2551555
	Aggregate  (cost=402.32..402.33 rows=1 width=8)
	  ->  Index Scan using sbtest3_pkey on sbtest3  (cost=0.43..402.06 rows=105 width=4)
	        Index Cond: ((id >= 2551456) AND (id <= 2551555))

table 4 : explain SELECT SUM(k) FROM sbtest4 WHERE id BETWEEN 8337235 AND 8337334
	Aggregate  (cost=402.54..402.55 rows=1 width=8)
	  ->  Index Scan using sbtest4_pkey on sbtest4  (cost=0.43..402.28 rows=105 width=4)
	        Index Cond: ((id >= 8337235) AND (id <= 8337334))

table 5 : explain SELECT SUM(k) FROM sbtest5 WHERE id BETWEEN 1754140 AND 1754239
	Aggregate  (cost=382.78..382.79 rows=1 width=8)
	  ->  Index Scan using sbtest5_pkey on sbtest5  (cost=0.43..382.53 rows=100 width=4)
	        Index Cond: ((id >= 1754140) AND (id <= 1754239))

table 6 : explain SELECT SUM(k) FROM sbtest6 WHERE id BETWEEN 7057114 AND 7057213
	Aggregate  (cost=397.83..397.84 rows=1 width=8)
	  ->  Index Scan using sbtest6_pkey on sbtest6  (cost=0.43..397.57 rows=104 width=4)
	        Index Cond: ((id >= 7057114) AND (id <= 7057213))

table 7 : explain SELECT SUM(k) FROM sbtest7 WHERE id BETWEEN 2354282 AND 2354381
	Aggregate  (cost=380.26..380.27 rows=1 width=8)
	  ->  Index Scan using sbtest7_pkey on sbtest7  (cost=0.43..380.01 rows=100 width=4)
	        Index Cond: ((id >= 2354282) AND (id <= 2354381))

table 8 : explain SELECT SUM(k) FROM sbtest8 WHERE id BETWEEN 1890210 AND 1890309
	Aggregate  (cost=355.29..355.30 rows=1 width=8)
	  ->  Index Scan using sbtest8_pkey on sbtest8  (cost=0.43..355.06 rows=93 width=4)
	        Index Cond: ((id >= 1890210) AND (id <= 1890309))

explain: for deletes :: explain DELETE FROM sbtest%u WHERE id=%u
explain: for index_updates :: explain UPDATE sbtest%u SET k=k+1 WHERE id=%u
for: distinct_ranges
table 1 : explain SELECT DISTINCT c FROM sbtest1 WHERE id BETWEEN 7048904 AND 7049003 ORDER BY c
	Unique  (cost=398.47..398.98 rows=103 width=121)
	  ->  Sort  (cost=398.47..398.72 rows=103 width=121)
	        Sort Key: c
	        ->  Index Scan using sbtest1_pkey on sbtest1  (cost=0.43..395.02 rows=103 width=121)
	              Index Cond: ((id >= 7048904) AND (id <= 7049003))

table 2 : explain SELECT DISTINCT c FROM sbtest2 WHERE id BETWEEN 5067917 AND 5068016 ORDER BY c
	Unique  (cost=367.87..368.35 rows=96 width=121)
	  ->  Sort  (cost=367.87..368.11 rows=96 width=121)
	        Sort Key: c
	        ->  Index Scan using sbtest2_pkey on sbtest2  (cost=0.43..364.71 rows=96 width=121)
	              Index Cond: ((id >= 5067917) AND (id <= 5068016))

table 3 : explain SELECT DISTINCT c FROM sbtest3 WHERE id BETWEEN 3999304 AND 3999403 ORDER BY c
	Unique  (cost=394.11..394.62 rows=102 width=121)
	  ->  Sort  (cost=394.11..394.37 rows=102 width=121)
	        Sort Key: c
	        ->  Index Scan using sbtest3_pkey on sbtest3  (cost=0.43..390.71 rows=102 width=121)
	              Index Cond: ((id >= 3999304) AND (id <= 3999403))

table 4 : explain SELECT DISTINCT c FROM sbtest4 WHERE id BETWEEN 7323795 AND 7323894 ORDER BY c
	Unique  (cost=394.33..394.84 rows=102 width=121)
	  ->  Sort  (cost=394.33..394.58 rows=102 width=121)
	        Sort Key: c
	        ->  Index Scan using sbtest4_pkey on sbtest4  (cost=0.43..390.92 rows=102 width=121)
	              Index Cond: ((id >= 7323795) AND (id <= 7323894))

table 5 : explain SELECT DISTINCT c FROM sbtest5 WHERE id BETWEEN 5160949 AND 5161048 ORDER BY c
	Unique  (cost=359.07..359.54 rows=93 width=121)
	  ->  Sort  (cost=359.07..359.30 rows=93 width=121)
	        Sort Key: c
	        ->  Index Scan using sbtest5_pkey on sbtest5  (cost=0.43..356.03 rows=93 width=121)
	              Index Cond: ((id >= 5160949) AND (id <= 5161048))

table 6 : explain SELECT DISTINCT c FROM sbtest6 WHERE id BETWEEN 9141740 AND 9141839 ORDER BY c
	Unique  (cost=366.65..367.12 rows=95 width=121)
	  ->  Sort  (cost=366.65..366.89 rows=95 width=121)
	        Sort Key: c
	        ->  Index Scan using sbtest6_pkey on sbtest6  (cost=0.43..363.53 rows=95 width=121)
	              Index Cond: ((id >= 9141740) AND (id <= 9141839))

table 7 : explain SELECT DISTINCT c FROM sbtest7 WHERE id BETWEEN 3987952 AND 3988051 ORDER BY c
	Unique  (cost=371.96..372.45 rows=97 width=121)
	  ->  Sort  (cost=371.96..372.20 rows=97 width=121)
	        Sort Key: c
	        ->  Index Scan using sbtest7_pkey on sbtest7  (cost=0.43..368.76 rows=97 width=121)
	              Index Cond: ((id >= 3987952) AND (id <= 3988051))

table 8 : explain SELECT DISTINCT c FROM sbtest8 WHERE id BETWEEN 9573009 AND 9573108 ORDER BY c
	Unique  (cost=384.80..385.30 rows=100 width=121)
	  ->  Sort  (cost=384.80..385.05 rows=100 width=121)
	        Sort Key: c
	        ->  Index Scan using sbtest8_pkey on sbtest8  (cost=0.43..381.48 rows=100 width=121)
	              Index Cond: ((id >= 9573009) AND (id <= 9573108))

for index_updates
table 1 : explain UPDATE sbtest1 SET k=k+1 WHERE id=9277903
	Update on sbtest1  (cost=0.43..8.46 rows=0 width=0)
	  ->  Index Scan using sbtest1_pkey on sbtest1  (cost=0.43..8.46 rows=1 width=10)
	        Index Cond: (id = 9277903)

table 2 : explain UPDATE sbtest2 SET k=k+1 WHERE id=2957664
	Update on sbtest2  (cost=0.43..8.46 rows=0 width=0)
	  ->  Index Scan using sbtest2_pkey on sbtest2  (cost=0.43..8.46 rows=1 width=10)
	        Index Cond: (id = 2957664)

table 3 : explain UPDATE sbtest3 SET k=k+1 WHERE id=648180
	Update on sbtest3  (cost=0.43..8.46 rows=0 width=0)
	  ->  Index Scan using sbtest3_pkey on sbtest3  (cost=0.43..8.46 rows=1 width=10)
	        Index Cond: (id = 648180)

table 4 : explain UPDATE sbtest4 SET k=k+1 WHERE id=7200687
	Update on sbtest4  (cost=0.43..8.46 rows=0 width=0)
	  ->  Index Scan using sbtest4_pkey on sbtest4  (cost=0.43..8.46 rows=1 width=10)
	        Index Cond: (id = 7200687)

table 5 : explain UPDATE sbtest5 SET k=k+1 WHERE id=4204619
	Update on sbtest5  (cost=0.43..8.46 rows=0 width=0)
	  ->  Index Scan using sbtest5_pkey on sbtest5  (cost=0.43..8.46 rows=1 width=10)
	        Index Cond: (id = 4204619)

table 6 : explain UPDATE sbtest6 SET k=k+1 WHERE id=2183040
	Update on sbtest6  (cost=0.43..8.46 rows=0 width=0)
	  ->  Index Scan using sbtest6_pkey on sbtest6  (cost=0.43..8.46 rows=1 width=10)
	        Index Cond: (id = 2183040)

table 7 : explain UPDATE sbtest7 SET k=k+1 WHERE id=1500023
	Update on sbtest7  (cost=0.43..8.46 rows=0 width=0)
	  ->  Index Scan using sbtest7_pkey on sbtest7  (cost=0.43..8.46 rows=1 width=10)
	        Index Cond: (id = 1500023)

table 8 : explain UPDATE sbtest8 SET k=k+1 WHERE id=1419836
	Update on sbtest8  (cost=0.43..8.46 rows=0 width=0)
	  ->  Index Scan using sbtest8_pkey on sbtest8  (cost=0.43..8.46 rows=1 width=10)
	        Index Cond: (id = 1419836)

explain: for point_selects :: explain SELECT c FROM sbtest%u WHERE id=%u
explain: for index_updates :: explain UPDATE sbtest%u SET k=k+1 WHERE id=%u
for index_updates
table 1 : explain UPDATE sbtest1 SET k=k+1 WHERE id=8857699
	Update on sbtest1  (cost=0.43..8.46 rows=0 width=0)
	  ->  Index Scan using sbtest1_pkey on sbtest1  (cost=0.43..8.46 rows=1 width=10)
	        Index Cond: (id = 8857699)

table 2 : explain UPDATE sbtest2 SET k=k+1 WHERE id=1201123
	Update on sbtest2  (cost=0.43..8.46 rows=0 width=0)
	  ->  Index Scan using sbtest2_pkey on sbtest2  (cost=0.43..8.46 rows=1 width=10)
	        Index Cond: (id = 1201123)

table 3 : explain UPDATE sbtest3 SET k=k+1 WHERE id=4333163
	Update on sbtest3  (cost=0.43..8.46 rows=0 width=0)
	  ->  Index Scan using sbtest3_pkey on sbtest3  (cost=0.43..8.46 rows=1 width=10)
	        Index Cond: (id = 4333163)

table 4 : explain UPDATE sbtest4 SET k=k+1 WHERE id=2282276
	Update on sbtest4  (cost=0.43..8.46 rows=0 width=0)
	  ->  Index Scan using sbtest4_pkey on sbtest4  (cost=0.43..8.46 rows=1 width=10)
	        Index Cond: (id = 2282276)

table 5 : explain UPDATE sbtest5 SET k=k+1 WHERE id=133025
	Update on sbtest5  (cost=0.43..8.46 rows=0 width=0)
	  ->  Index Scan using sbtest5_pkey on sbtest5  (cost=0.43..8.46 rows=1 width=10)
	        Index Cond: (id = 133025)

table 6 : explain UPDATE sbtest6 SET k=k+1 WHERE id=6139513
	Update on sbtest6  (cost=0.43..8.46 rows=0 width=0)
	  ->  Index Scan using sbtest6_pkey on sbtest6  (cost=0.43..8.46 rows=1 width=10)
	        Index Cond: (id = 6139513)

table 7 : explain UPDATE sbtest7 SET k=k+1 WHERE id=1997921
	Update on sbtest7  (cost=0.43..8.46 rows=0 width=0)
	  ->  Index Scan using sbtest7_pkey on sbtest7  (cost=0.43..8.46 rows=1 width=10)
	        Index Cond: (id = 1997921)

table 8 : explain UPDATE sbtest8 SET k=k+1 WHERE id=827304
	Update on sbtest8  (cost=0.43..8.46 rows=0 width=0)
	  ->  Index Scan using sbtest8_pkey on sbtest8  (cost=0.43..8.46 rows=1 width=10)
	        Index Cond: (id = 827304)

for: order_ranges
table 1 : explain SELECT c FROM sbtest1 WHERE id BETWEEN 4743075 AND 4743174 ORDER BY c
	Sort  (cost=386.98..387.23 rows=100 width=121)
	  Sort Key: c
	  ->  Index Scan using sbtest1_pkey on sbtest1  (cost=0.43..383.66 rows=100 width=121)
	        Index Cond: ((id >= 4743075) AND (id <= 4743174))

table 2 : explain SELECT c FROM sbtest2 WHERE id BETWEEN 4333819 AND 4333918 ORDER BY c
	Sort  (cost=367.87..368.11 rows=96 width=121)
	  Sort Key: c
	  ->  Index Scan using sbtest2_pkey on sbtest2  (cost=0.43..364.71 rows=96 width=121)
	        Index Cond: ((id >= 4333819) AND (id <= 4333918))

table 3 : explain SELECT c FROM sbtest3 WHERE id BETWEEN 4148535 AND 4148634 ORDER BY c
	Sort  (cost=371.11..371.35 rows=96 width=121)
	  Sort Key: c
	  ->  Index Scan using sbtest3_pkey on sbtest3  (cost=0.43..367.95 rows=96 width=121)
	        Index Cond: ((id >= 4148535) AND (id <= 4148634))

table 4 : explain SELECT c FROM sbtest4 WHERE id BETWEEN 796729 AND 796828 ORDER BY c
	Sort  (cost=379.02..379.27 rows=98 width=121)
	  Sort Key: c
	  ->  Index Scan using sbtest4_pkey on sbtest4  (cost=0.43..375.78 rows=98 width=121)
	        Index Cond: ((id >= 796729) AND (id <= 796828))

table 5 : explain SELECT c FROM sbtest5 WHERE id BETWEEN 3834547 AND 3834646 ORDER BY c
	Sort  (cost=393.48..393.74 rows=102 width=121)
	  Sort Key: c
	  ->  Index Scan using sbtest5_pkey on sbtest5  (cost=0.43..390.08 rows=102 width=121)
	        Index Cond: ((id >= 3834547) AND (id <= 3834646))

table 6 : explain SELECT c FROM sbtest6 WHERE id BETWEEN 3118561 AND 3118660 ORDER BY c
	Sort  (cost=355.20..355.43 rows=92 width=121)
	  Sort Key: c
	  ->  Index Scan using sbtest6_pkey on sbtest6  (cost=0.43..352.20 rows=92 width=121)
	        Index Cond: ((id >= 3118561) AND (id <= 3118660))

table 7 : explain SELECT c FROM sbtest7 WHERE id BETWEEN 2987649 AND 2987748 ORDER BY c
	Sort  (cost=390.92..391.17 rows=102 width=121)
	  Sort Key: c
	  ->  Index Scan using sbtest7_pkey on sbtest7  (cost=0.43..387.52 rows=102 width=121)
	        Index Cond: ((id >= 2987649) AND (id <= 2987748))

table 8 : explain SELECT c FROM sbtest8 WHERE id BETWEEN 7382305 AND 7382404 ORDER BY c
	Sort  (cost=407.64..407.91 rows=106 width=121)
	  Sort Key: c
	  ->  Index Scan using sbtest8_pkey on sbtest8  (cost=0.43..404.08 rows=106 width=121)
	        Index Cond: ((id >= 7382305) AND (id <= 7382404))

for: order_ranges
table 1 : explain SELECT c FROM sbtest1 WHERE id BETWEEN 4613423 AND 4613522 ORDER BY c
	Sort  (cost=356.30..356.53 rows=92 width=121)
	  Sort Key: c
	  ->  Index Scan using sbtest1_pkey on sbtest1  (cost=0.43..353.29 rows=92 width=121)
	        Index Cond: ((id >= 4613423) AND (id <= 4613522))

table 2 : explain SELECT c FROM sbtest2 WHERE id BETWEEN 9190534 AND 9190633 ORDER BY c
	Sort  (cost=371.66..371.90 rows=97 width=121)
	  Sort Key: c
	  ->  Index Scan using sbtest2_pkey on sbtest2  (cost=0.43..368.46 rows=97 width=121)
	        Index Cond: ((id >= 9190534) AND (id <= 9190633))

table 3 : explain SELECT c FROM sbtest3 WHERE id BETWEEN 8926159 AND 8926258 ORDER BY c
	Sort  (cost=413.23..413.50 rows=107 width=121)
	  Sort Key: c
	  ->  Index Scan using sbtest3_pkey on sbtest3  (cost=0.43..409.62 rows=107 width=121)
	        Index Cond: ((id >= 8926159) AND (id <= 8926258))

table 4 : explain SELECT c FROM sbtest4 WHERE id BETWEEN 2036511 AND 2036610 ORDER BY c
	Sort  (cost=405.80..406.07 rows=105 width=121)
	  Sort Key: c
	  ->  Index Scan using sbtest4_pkey on sbtest4  (cost=0.43..402.28 rows=105 width=121)
	        Index Cond: ((id >= 2036511) AND (id <= 2036610))

table 5 : explain SELECT c FROM sbtest5 WHERE id BETWEEN 5367725 AND 5367824 ORDER BY c
	Sort  (cost=351.44..351.67 rows=91 width=121)
	  Sort Key: c
	  ->  Index Scan using sbtest5_pkey on sbtest5  (cost=0.43..348.48 rows=91 width=121)
	        Index Cond: ((id >= 5367725) AND (id <= 5367824))

table 6 : explain SELECT c FROM sbtest6 WHERE id BETWEEN 4707875 AND 4707974 ORDER BY c
	Sort  (cost=374.28..374.52 rows=97 width=121)
	  Sort Key: c
	  ->  Index Scan using sbtest6_pkey on sbtest6  (cost=0.43..371.08 rows=97 width=121)
	        Index Cond: ((id >= 4707875) AND (id <= 4707974))

table 7 : explain SELECT c FROM sbtest7 WHERE id BETWEEN 9006386 AND 9006485 ORDER BY c
	Sort  (cost=368.10..368.34 rows=96 width=121)
	  Sort Key: c
	  ->  Index Scan using sbtest7_pkey on sbtest7  (cost=0.43..364.94 rows=96 width=121)
	        Index Cond: ((id >= 9006386) AND (id <= 9006485))

table 8 : explain SELECT c FROM sbtest8 WHERE id BETWEEN 4293224 AND 4293323 ORDER BY c
	Sort  (cost=419.06..419.34 rows=109 width=121)
	  Sort Key: c
	  ->  Index Scan using sbtest8_pkey on sbtest8  (cost=0.43..415.38 rows=109 width=121)
	        Index Cond: ((id >= 4293224) AND (id <= 4293323))

for point_selects
table 1 : explain SELECT c FROM sbtest1 WHERE id=6756026
	Index Scan using sbtest1_pkey on sbtest1  (cost=0.43..8.45 rows=1 width=121)
	  Index Cond: (id = 6756026)

table 2 : explain SELECT c FROM sbtest2 WHERE id=6952847
	Index Scan using sbtest2_pkey on sbtest2  (cost=0.43..8.45 rows=1 width=121)
	  Index Cond: (id = 6952847)

table 3 : explain SELECT c FROM sbtest3 WHERE id=2867821
	Index Scan using sbtest3_pkey on sbtest3  (cost=0.43..8.45 rows=1 width=121)
	  Index Cond: (id = 2867821)

table 4 : explain SELECT c FROM sbtest4 WHERE id=9550575
	Index Scan using sbtest4_pkey on sbtest4  (cost=0.43..8.45 rows=1 width=121)
	  Index Cond: (id = 9550575)

table 5 : explain SELECT c FROM sbtest5 WHERE id=3585460
	Index Scan using sbtest5_pkey on sbtest5  (cost=0.43..8.45 rows=1 width=121)
	  Index Cond: (id = 3585460)

table 6 : explain SELECT c FROM sbtest6 WHERE id=1729653
	Index Scan using sbtest6_pkey on sbtest6  (cost=0.43..8.45 rows=1 width=121)
	  Index Cond: (id = 1729653)

table 7 : explain SELECT c FROM sbtest7 WHERE id=2660445
	Index Scan using sbtest7_pkey on sbtest7  (cost=0.43..8.45 rows=1 width=121)
	  Index Cond: (id = 2660445)

table 8 : explain SELECT c FROM sbtest8 WHERE id=6777115
	Index Scan using sbtest8_pkey on sbtest8  (cost=0.43..8.45 rows=1 width=121)
	  Index Cond: (id = 6777115)

for: distinct_ranges
table 1 : explain SELECT DISTINCT c FROM sbtest1 WHERE id BETWEEN 8847086 AND 8847185 ORDER BY c
	Unique  (cost=390.81..391.31 rows=101 width=121)
	  ->  Sort  (cost=390.81..391.06 rows=101 width=121)
	        Sort Key: c
	        ->  Index Scan using sbtest1_pkey on sbtest1  (cost=0.43..387.45 rows=101 width=121)
	              Index Cond: ((id >= 8847086) AND (id <= 8847185))

table 2 : explain SELECT DISTINCT c FROM sbtest2 WHERE id BETWEEN 8999824 AND 8999923 ORDER BY c
	Unique  (cost=375.45..375.94 rows=98 width=121)
	  ->  Sort  (cost=375.45..375.70 rows=98 width=121)
	        Sort Key: c
	        ->  Index Scan using sbtest2_pkey on sbtest2  (cost=0.43..372.21 rows=98 width=121)
	              Index Cond: ((id >= 8999824) AND (id <= 8999923))

table 3 : explain SELECT DISTINCT c FROM sbtest3 WHERE id BETWEEN 1881350 AND 1881449 ORDER BY c
	Unique  (cost=355.82..356.28 rows=92 width=121)
	  ->  Sort  (cost=355.82..356.05 rows=92 width=121)
	        Sort Key: c
	        ->  Index Scan using sbtest3_pkey on sbtest3  (cost=0.43..352.82 rows=92 width=121)
	              Index Cond: ((id >= 1881350) AND (id <= 1881449))

table 4 : explain SELECT DISTINCT c FROM sbtest4 WHERE id BETWEEN 1491502 AND 1491601 ORDER BY c
	Unique  (cost=375.14..375.63 rows=97 width=121)
	  ->  Sort  (cost=375.14..375.38 rows=97 width=121)
	        Sort Key: c
	        ->  Index Scan using sbtest4_pkey on sbtest4  (cost=0.43..371.94 rows=97 width=121)
	              Index Cond: ((id >= 1491502) AND (id <= 1491601))

table 5 : explain SELECT DISTINCT c FROM sbtest5 WHERE id BETWEEN 6126285 AND 6126384 ORDER BY c
	Unique  (cost=424.02..424.57 rows=110 width=121)
	  ->  Sort  (cost=424.02..424.30 rows=110 width=121)
	        Sort Key: c
	        ->  Index Scan using sbtest5_pkey on sbtest5  (cost=0.43..420.29 rows=110 width=121)
	              Index Cond: ((id >= 6126285) AND (id <= 6126384))

table 6 : explain SELECT DISTINCT c FROM sbtest6 WHERE id BETWEEN 6191815 AND 6191914 ORDER BY c
	Unique  (cost=381.97..382.47 rows=99 width=121)
	  ->  Sort  (cost=381.97..382.22 rows=99 width=121)
	        Sort Key: c
	        ->  Index Scan using sbtest6_pkey on sbtest6  (cost=0.43..378.69 rows=99 width=121)
	              Index Cond: ((id >= 6191815) AND (id <= 6191914))

table 7 : explain SELECT DISTINCT c FROM sbtest7 WHERE id BETWEEN 1947672 AND 1947771 ORDER BY c
	Unique  (cost=352.94..353.40 rows=92 width=121)
	  ->  Sort  (cost=352.94..353.17 rows=92 width=121)
	        Sort Key: c
	        ->  Index Scan using sbtest7_pkey on sbtest7  (cost=0.43..349.94 rows=92 width=121)
	              Index Cond: ((id >= 1947672) AND (id <= 1947771))

table 8 : explain SELECT DISTINCT c FROM sbtest8 WHERE id BETWEEN 7100261 AND 7100360 ORDER BY c
	Unique  (cost=373.38..373.87 rows=97 width=121)
	  ->  Sort  (cost=373.38..373.63 rows=97 width=121)
	        Sort Key: c
	        ->  Index Scan using sbtest8_pkey on sbtest8  (cost=0.43..370.18 rows=97 width=121)
	              Index Cond: ((id >= 7100261) AND (id <= 7100360))

for index_updates
table 1 : explain UPDATE sbtest1 SET k=k+1 WHERE id=6597948
	Update on sbtest1  (cost=0.43..8.46 rows=0 width=0)
	  ->  Index Scan using sbtest1_pkey on sbtest1  (cost=0.43..8.46 rows=1 width=10)
	        Index Cond: (id = 6597948)

table 2 : explain UPDATE sbtest2 SET k=k+1 WHERE id=418045
	Update on sbtest2  (cost=0.43..8.46 rows=0 width=0)
	  ->  Index Scan using sbtest2_pkey on sbtest2  (cost=0.43..8.46 rows=1 width=10)
	        Index Cond: (id = 418045)

table 3 : explain UPDATE sbtest3 SET k=k+1 WHERE id=9465767
	Update on sbtest3  (cost=0.43..8.46 rows=0 width=0)
	  ->  Index Scan using sbtest3_pkey on sbtest3  (cost=0.43..8.46 rows=1 width=10)
	        Index Cond: (id = 9465767)

table 4 : explain UPDATE sbtest4 SET k=k+1 WHERE id=9663892
	Update on sbtest4  (cost=0.43..8.46 rows=0 width=0)
	  ->  Index Scan using sbtest4_pkey on sbtest4  (cost=0.43..8.46 rows=1 width=10)
	        Index Cond: (id = 9663892)

table 5 : explain UPDATE sbtest5 SET k=k+1 WHERE id=7021699
	Update on sbtest5  (cost=0.43..8.46 rows=0 width=0)
	  ->  Index Scan using sbtest5_pkey on sbtest5  (cost=0.43..8.46 rows=1 width=10)
	        Index Cond: (id = 7021699)

table 6 : explain UPDATE sbtest6 SET k=k+1 WHERE id=9799457
	Update on sbtest6  (cost=0.43..8.46 rows=0 width=0)
	  ->  Index Scan using sbtest6_pkey on sbtest6  (cost=0.43..8.46 rows=1 width=10)
	        Index Cond: (id = 9799457)

table 7 : explain UPDATE sbtest7 SET k=k+1 WHERE id=9536558
	Update on sbtest7  (cost=0.43..8.46 rows=0 width=0)
	  ->  Index Scan using sbtest7_pkey on sbtest7  (cost=0.43..8.46 rows=1 width=10)
	        Index Cond: (id = 9536558)

table 8 : explain UPDATE sbtest8 SET k=k+1 WHERE id=5878668
	Update on sbtest8  (cost=0.43..8.46 rows=0 width=0)
	  ->  Index Scan using sbtest8_pkey on sbtest8  (cost=0.43..8.46 rows=1 width=10)
	        Index Cond: (id = 5878668)

for deletes
table 1 : explain DELETE FROM sbtest1 WHERE id=3708410
	Delete on sbtest1  (cost=0.43..8.45 rows=0 width=0)
	  ->  Index Scan using sbtest1_pkey on sbtest1  (cost=0.43..8.45 rows=1 width=6)
	        Index Cond: (id = 3708410)

table 2 : explain DELETE FROM sbtest2 WHERE id=4220968
	Delete on sbtest2  (cost=0.43..8.45 rows=0 width=0)
	  ->  Index Scan using sbtest2_pkey on sbtest2  (cost=0.43..8.45 rows=1 width=6)
	        Index Cond: (id = 4220968)

table 3 : explain DELETE FROM sbtest3 WHERE id=2156137
	Delete on sbtest3  (cost=0.43..8.45 rows=0 width=0)
	  ->  Index Scan using sbtest3_pkey on sbtest3  (cost=0.43..8.45 rows=1 width=6)
	        Index Cond: (id = 2156137)

table 4 : explain DELETE FROM sbtest4 WHERE id=5873918
	Delete on sbtest4  (cost=0.43..8.45 rows=0 width=0)
	  ->  Index Scan using sbtest4_pkey on sbtest4  (cost=0.43..8.45 rows=1 width=6)
	        Index Cond: (id = 5873918)

table 5 : explain DELETE FROM sbtest5 WHERE id=2653114
	Delete on sbtest5  (cost=0.43..8.45 rows=0 width=0)
	  ->  Index Scan using sbtest5_pkey on sbtest5  (cost=0.43..8.45 rows=1 width=6)
	        Index Cond: (id = 2653114)

table 6 : explain DELETE FROM sbtest6 WHERE id=2746971
	Delete on sbtest6  (cost=0.43..8.45 rows=0 width=0)
	  ->  Index Scan using sbtest6_pkey on sbtest6  (cost=0.43..8.45 rows=1 width=6)
	        Index Cond: (id = 2746971)

table 7 : explain DELETE FROM sbtest7 WHERE id=7597183
	Delete on sbtest7  (cost=0.43..8.45 rows=0 width=0)
	  ->  Index Scan using sbtest7_pkey on sbtest7  (cost=0.43..8.45 rows=1 width=6)
	        Index Cond: (id = 7597183)

table 8 : explain DELETE FROM sbtest8 WHERE id=2880895
	Delete on sbtest8  (cost=0.43..8.45 rows=0 width=0)
	  ->  Index Scan using sbtest8_pkey on sbtest8  (cost=0.43..8.45 rows=1 width=6)
	        Index Cond: (id = 2880895)

explain: for non_index_updates :: explain UPDATE sbtest%u SET c='foobar' WHERE id=%u
for point_selects
table 1 : explain SELECT c FROM sbtest1 WHERE id=1187460
	Index Scan using sbtest1_pkey on sbtest1  (cost=0.43..8.45 rows=1 width=121)
	  Index Cond: (id = 1187460)

table 2 : explain SELECT c FROM sbtest2 WHERE id=887879
	Index Scan using sbtest2_pkey on sbtest2  (cost=0.43..8.45 rows=1 width=121)
	  Index Cond: (id = 887879)

table 3 : explain SELECT c FROM sbtest3 WHERE id=1308389
	Index Scan using sbtest3_pkey on sbtest3  (cost=0.43..8.45 rows=1 width=121)
	  Index Cond: (id = 1308389)

table 4 : explain SELECT c FROM sbtest4 WHERE id=630651
	Index Scan using sbtest4_pkey on sbtest4  (cost=0.43..8.45 rows=1 width=121)
	  Index Cond: (id = 630651)

table 5 : explain SELECT c FROM sbtest5 WHERE id=5184493
	Index Scan using sbtest5_pkey on sbtest5  (cost=0.43..8.45 rows=1 width=121)
	  Index Cond: (id = 5184493)

table 6 : explain SELECT c FROM sbtest6 WHERE id=8416617
	Index Scan using sbtest6_pkey on sbtest6  (cost=0.43..8.45 rows=1 width=121)
	  Index Cond: (id = 8416617)

table 7 : explain SELECT c FROM sbtest7 WHERE id=9129103
	Index Scan using sbtest7_pkey on sbtest7  (cost=0.43..8.45 rows=1 width=121)
	  Index Cond: (id = 9129103)

table 8 : explain SELECT c FROM sbtest8 WHERE id=2478405
	Index Scan using sbtest8_pkey on sbtest8  (cost=0.43..8.45 rows=1 width=121)
	  Index Cond: (id = 2478405)

explain: for non_index_updates :: explain UPDATE sbtest%u SET c='foobar' WHERE id=%u
for point_selects
table 1 : explain SELECT c FROM sbtest1 WHERE id=1100835
	Index Scan using sbtest1_pkey on sbtest1  (cost=0.43..8.45 rows=1 width=121)
	  Index Cond: (id = 1100835)

table 2 : explain SELECT c FROM sbtest2 WHERE id=8287231
	Index Scan using sbtest2_pkey on sbtest2  (cost=0.43..8.45 rows=1 width=121)
	  Index Cond: (id = 8287231)

table 3 : explain SELECT c FROM sbtest3 WHERE id=8543246
	Index Scan using sbtest3_pkey on sbtest3  (cost=0.43..8.45 rows=1 width=121)
	  Index Cond: (id = 8543246)

table 4 : explain SELECT c FROM sbtest4 WHERE id=6769858
	Index Scan using sbtest4_pkey on sbtest4  (cost=0.43..8.45 rows=1 width=121)
	  Index Cond: (id = 6769858)

table 5 : explain SELECT c FROM sbtest5 WHERE id=6979095
	Index Scan using sbtest5_pkey on sbtest5  (cost=0.43..8.45 rows=1 width=121)
	  Index Cond: (id = 6979095)

table 6 : explain SELECT c FROM sbtest6 WHERE id=8937229
	Index Scan using sbtest6_pkey on sbtest6  (cost=0.43..8.45 rows=1 width=121)
	  Index Cond: (id = 8937229)

table 7 : explain SELECT c FROM sbtest7 WHERE id=7964964
	Index Scan using sbtest7_pkey on sbtest7  (cost=0.43..8.45 rows=1 width=121)
	  Index Cond: (id = 7964964)

table 8 : explain SELECT c FROM sbtest8 WHERE id=4819015
	Index Scan using sbtest8_pkey on sbtest8  (cost=0.43..8.45 rows=1 width=121)
	  Index Cond: (id = 4819015)

for: order_ranges
table 1 : explain SELECT c FROM sbtest1 WHERE id BETWEEN 5362975 AND 5363074 ORDER BY c
	Sort  (cost=371.67..371.91 rows=96 width=121)
	  Sort Key: c
	  ->  Index Scan using sbtest1_pkey on sbtest1  (cost=0.43..368.50 rows=96 width=121)
	        Index Cond: ((id >= 5362975) AND (id <= 5363074))

table 2 : explain SELECT c FROM sbtest2 WHERE id BETWEEN 3889104 AND 3889203 ORDER BY c
	Sort  (cost=386.89..387.14 rows=101 width=121)
	  Sort Key: c
	  ->  Index Scan using sbtest2_pkey on sbtest2  (cost=0.43..383.52 rows=101 width=121)
	        Index Cond: ((id >= 3889104) AND (id <= 3889203))

table 3 : explain SELECT c FROM sbtest3 WHERE id BETWEEN 5855806 AND 5855905 ORDER BY c
	Sort  (cost=382.58..382.83 rows=99 width=121)
	  Sort Key: c
	  ->  Index Scan using sbtest3_pkey on sbtest3  (cost=0.43..379.30 rows=99 width=121)
	        Index Cond: ((id >= 5855806) AND (id <= 5855905))

table 4 : explain SELECT c FROM sbtest4 WHERE id BETWEEN 4889643 AND 4889742 ORDER BY c
	Sort  (cost=359.84..360.07 rows=93 width=121)
	  Sort Key: c
	  ->  Index Scan using sbtest4_pkey on sbtest4  (cost=0.43..356.80 rows=93 width=121)
	        Index Cond: ((id >= 4889643) AND (id <= 4889742))

table 5 : explain SELECT c FROM sbtest5 WHERE id BETWEEN 2249857 AND 2249956 ORDER BY c
	Sort  (cost=370.58..370.82 rows=96 width=121)
	  Sort Key: c
	  ->  Index Scan using sbtest5_pkey on sbtest5  (cost=0.43..367.42 rows=96 width=121)
	        Index Cond: ((id >= 2249857) AND (id <= 2249956))

table 6 : explain SELECT c FROM sbtest6 WHERE id BETWEEN 1707959 AND 1708058 ORDER BY c
	Sort  (cost=408.69..408.96 rows=106 width=121)
	  Sort Key: c
	  ->  Index Scan using sbtest6_pkey on sbtest6  (cost=0.43..405.13 rows=106 width=121)
	        Index Cond: ((id >= 1707959) AND (id <= 1708058))

table 7 : explain SELECT c FROM sbtest7 WHERE id BETWEEN 8128709 AND 8128808 ORDER BY c
	Sort  (cost=375.75..376.00 rows=98 width=121)
	  Sort Key: c
	  ->  Index Scan using sbtest7_pkey on sbtest7  (cost=0.43..372.51 rows=98 width=121)
	        Index Cond: ((id >= 8128709) AND (id <= 8128808))

table 8 : explain SELECT c FROM sbtest8 WHERE id BETWEEN 7861445 AND 7861544 ORDER BY c
	Sort  (cost=403.84..404.10 rows=105 width=121)
	  Sort Key: c
	  ->  Index Scan using sbtest8_pkey on sbtest8  (cost=0.43..400.31 rows=105 width=121)
	        Index Cond: ((id >= 7861445) AND (id <= 7861544))

for point_selects
table 1 : explain SELECT c FROM sbtest1 WHERE id=7168274
	Index Scan using sbtest1_pkey on sbtest1  (cost=0.43..8.45 rows=1 width=121)
	  Index Cond: (id = 7168274)

table 2 : explain SELECT c FROM sbtest2 WHERE id=3396796
	Index Scan using sbtest2_pkey on sbtest2  (cost=0.43..8.45 rows=1 width=121)
	  Index Cond: (id = 3396796)

table 3 : explain SELECT c FROM sbtest3 WHERE id=3375351
	Index Scan using sbtest3_pkey on sbtest3  (cost=0.43..8.45 rows=1 width=121)
	  Index Cond: (id = 3375351)

table 4 : explain SELECT c FROM sbtest4 WHERE id=9138989
	Index Scan using sbtest4_pkey on sbtest4  (cost=0.43..8.45 rows=1 width=121)
	  Index Cond: (id = 9138989)

table 5 : explain SELECT c FROM sbtest5 WHERE id=2048367
	Index Scan using sbtest5_pkey on sbtest5  (cost=0.43..8.45 rows=1 width=121)
	  Index Cond: (id = 2048367)

table 6 : explain SELECT c FROM sbtest6 WHERE id=3037689
	Index Scan using sbtest6_pkey on sbtest6  (cost=0.43..8.45 rows=1 width=121)
	  Index Cond: (id = 3037689)

table 7 : explain SELECT c FROM sbtest7 WHERE id=6397735
	Index Scan using sbtest7_pkey on sbtest7  (cost=0.43..8.45 rows=1 width=121)
	  Index Cond: (id = 6397735)

table 8 : explain SELECT c FROM sbtest8 WHERE id=4929
	Index Scan using sbtest8_pkey on sbtest8  (cost=0.43..8.45 rows=1 width=121)
	  Index Cond: (id = 4929)

explain: for index_updates :: explain UPDATE sbtest%u SET k=k+1 WHERE id=%u
for index_updates
table 1 : explain UPDATE sbtest1 SET k=k+1 WHERE id=2909005
	Update on sbtest1  (cost=0.43..8.46 rows=0 width=0)
	  ->  Index Scan using sbtest1_pkey on sbtest1  (cost=0.43..8.46 rows=1 width=10)
	        Index Cond: (id = 2909005)

table 2 : explain UPDATE sbtest2 SET k=k+1 WHERE id=9164996
	Update on sbtest2  (cost=0.43..8.46 rows=0 width=0)
	  ->  Index Scan using sbtest2_pkey on sbtest2  (cost=0.43..8.46 rows=1 width=10)
	        Index Cond: (id = 9164996)

table 3 : explain UPDATE sbtest3 SET k=k+1 WHERE id=5245046
	Update on sbtest3  (cost=0.43..8.46 rows=0 width=0)
	  ->  Index Scan using sbtest3_pkey on sbtest3  (cost=0.43..8.46 rows=1 width=10)
	        Index Cond: (id = 5245046)

table 4 : explain UPDATE sbtest4 SET k=k+1 WHERE id=6573096
	Update on sbtest4  (cost=0.43..8.46 rows=0 width=0)
	  ->  Index Scan using sbtest4_pkey on sbtest4  (cost=0.43..8.46 rows=1 width=10)
	        Index Cond: (id = 6573096)

table 5 : explain UPDATE sbtest5 SET k=k+1 WHERE id=5830495
	Update on sbtest5  (cost=0.43..8.46 rows=0 width=0)
	  ->  Index Scan using sbtest5_pkey on sbtest5  (cost=0.43..8.46 rows=1 width=10)
	        Index Cond: (id = 5830495)

table 6 : explain UPDATE sbtest6 SET k=k+1 WHERE id=1630311
	Update on sbtest6  (cost=0.43..8.46 rows=0 width=0)
	  ->  Index Scan using sbtest6_pkey on sbtest6  (cost=0.43..8.46 rows=1 width=10)
	        Index Cond: (id = 1630311)

table 7 : explain UPDATE sbtest7 SET k=k+1 WHERE id=9944623
	Update on sbtest7  (cost=0.43..8.46 rows=0 width=0)
	  ->  Index Scan using sbtest7_pkey on sbtest7  (cost=0.43..8.46 rows=1 width=10)
	        Index Cond: (id = 9944623)

table 8 : explain UPDATE sbtest8 SET k=k+1 WHERE id=6746827
	Update on sbtest8  (cost=0.43..8.46 rows=0 width=0)
	  ->  Index Scan using sbtest8_pkey on sbtest8  (cost=0.43..8.46 rows=1 width=10)
	        Index Cond: (id = 6746827)

explain: for index_updates :: explain UPDATE sbtest%u SET k=k+1 WHERE id=%u
for non_index_updates
table 1 : explain UPDATE sbtest1 SET c='foobar' WHERE id=6952141
	Update on sbtest1  (cost=0.43..8.45 rows=0 width=0)
	  ->  Index Scan using sbtest1_pkey on sbtest1  (cost=0.43..8.45 rows=1 width=490)
	        Index Cond: (id = 6952141)

table 2 : explain UPDATE sbtest2 SET c='foobar' WHERE id=5712747
	Update on sbtest2  (cost=0.43..8.45 rows=0 width=0)
	  ->  Index Scan using sbtest2_pkey on sbtest2  (cost=0.43..8.45 rows=1 width=490)
	        Index Cond: (id = 5712747)

table 3 : explain UPDATE sbtest3 SET c='foobar' WHERE id=306449
	Update on sbtest3  (cost=0.43..8.45 rows=0 width=0)
	  ->  Index Scan using sbtest3_pkey on sbtest3  (cost=0.43..8.45 rows=1 width=490)
	        Index Cond: (id = 306449)

table 4 : explain UPDATE sbtest4 SET c='foobar' WHERE id=2100918
	Update on sbtest4  (cost=0.43..8.45 rows=0 width=0)
	  ->  Index Scan using sbtest4_pkey on sbtest4  (cost=0.43..8.45 rows=1 width=490)
	        Index Cond: (id = 2100918)

table 5 : explain UPDATE sbtest5 SET c='foobar' WHERE id=4362244
	Update on sbtest5  (cost=0.43..8.45 rows=0 width=0)
	  ->  Index Scan using sbtest5_pkey on sbtest5  (cost=0.43..8.45 rows=1 width=490)
	        Index Cond: (id = 4362244)

table 6 : explain UPDATE sbtest6 SET c='foobar' WHERE id=3078650
	Update on sbtest6  (cost=0.43..8.45 rows=0 width=0)
	  ->  Index Scan using sbtest6_pkey on sbtest6  (cost=0.43..8.45 rows=1 width=490)
	        Index Cond: (id = 3078650)

table 7 : explain UPDATE sbtest7 SET c='foobar' WHERE id=3500610
	Update on sbtest7  (cost=0.43..8.45 rows=0 width=0)
	  ->  Index Scan using sbtest7_pkey on sbtest7  (cost=0.43..8.45 rows=1 width=490)
	        Index Cond: (id = 3500610)

table 8 : explain UPDATE sbtest8 SET c='foobar' WHERE id=3799449
	Update on sbtest8  (cost=0.43..8.45 rows=0 width=0)
	  ->  Index Scan using sbtest8_pkey on sbtest8  (cost=0.43..8.45 rows=1 width=490)
	        Index Cond: (id = 3799449)

for non_index_updates
table 1 : explain UPDATE sbtest1 SET c='foobar' WHERE id=3755849
	Update on sbtest1  (cost=0.43..8.45 rows=0 width=0)
	  ->  Index Scan using sbtest1_pkey on sbtest1  (cost=0.43..8.45 rows=1 width=490)
	        Index Cond: (id = 3755849)

table 2 : explain UPDATE sbtest2 SET c='foobar' WHERE id=8060179
	Update on sbtest2  (cost=0.43..8.45 rows=0 width=0)
	  ->  Index Scan using sbtest2_pkey on sbtest2  (cost=0.43..8.45 rows=1 width=490)
	        Index Cond: (id = 8060179)

table 3 : explain UPDATE sbtest3 SET c='foobar' WHERE id=5098945
	Update on sbtest3  (cost=0.43..8.45 rows=0 width=0)
	  ->  Index Scan using sbtest3_pkey on sbtest3  (cost=0.43..8.45 rows=1 width=490)
	        Index Cond: (id = 5098945)

table 4 : explain UPDATE sbtest4 SET c='foobar' WHERE id=4809266
	Update on sbtest4  (cost=0.43..8.45 rows=0 width=0)
	  ->  Index Scan using sbtest4_pkey on sbtest4  (cost=0.43..8.45 rows=1 width=490)
	        Index Cond: (id = 4809266)

table 5 : explain UPDATE sbtest5 SET c='foobar' WHERE id=5644548
	Update on sbtest5  (cost=0.43..8.45 rows=0 width=0)
	  ->  Index Scan using sbtest5_pkey on sbtest5  (cost=0.43..8.45 rows=1 width=490)
	        Index Cond: (id = 5644548)

table 6 : explain UPDATE sbtest6 SET c='foobar' WHERE id=8994933
	Update on sbtest6  (cost=0.43..8.45 rows=0 width=0)
	  ->  Index Scan using sbtest6_pkey on sbtest6  (cost=0.43..8.45 rows=1 width=490)
	        Index Cond: (id = 8994933)

table 7 : explain UPDATE sbtest7 SET c='foobar' WHERE id=6255228
	Update on sbtest7  (cost=0.43..8.45 rows=0 width=0)
	  ->  Index Scan using sbtest7_pkey on sbtest7  (cost=0.43..8.45 rows=1 width=490)
	        Index Cond: (id = 6255228)

table 8 : explain UPDATE sbtest8 SET c='foobar' WHERE id=9379153
	Update on sbtest8  (cost=0.43..8.45 rows=0 width=0)
	  ->  Index Scan using sbtest8_pkey on sbtest8  (cost=0.43..8.45 rows=1 width=490)
	        Index Cond: (id = 9379153)

explain: for deletes :: explain DELETE FROM sbtest%u WHERE id=%u
explain: for deletes :: explain DELETE FROM sbtest%u WHERE id=%u
for index_updates
table 1 : explain UPDATE sbtest1 SET k=k+1 WHERE id=8542719
	Update on sbtest1  (cost=0.43..8.46 rows=0 width=0)
	  ->  Index Scan using sbtest1_pkey on sbtest1  (cost=0.43..8.46 rows=1 width=10)
	        Index Cond: (id = 8542719)

table 2 : explain UPDATE sbtest2 SET k=k+1 WHERE id=5904568
	Update on sbtest2  (cost=0.43..8.46 rows=0 width=0)
	  ->  Index Scan using sbtest2_pkey on sbtest2  (cost=0.43..8.46 rows=1 width=10)
	        Index Cond: (id = 5904568)

table 3 : explain UPDATE sbtest3 SET k=k+1 WHERE id=7929529
	Update on sbtest3  (cost=0.43..8.46 rows=0 width=0)
	  ->  Index Scan using sbtest3_pkey on sbtest3  (cost=0.43..8.46 rows=1 width=10)
	        Index Cond: (id = 7929529)

table 4 : explain UPDATE sbtest4 SET k=k+1 WHERE id=4282059
	Update on sbtest4  (cost=0.43..8.46 rows=0 width=0)
	  ->  Index Scan using sbtest4_pkey on sbtest4  (cost=0.43..8.46 rows=1 width=10)
	        Index Cond: (id = 4282059)

table 5 : explain UPDATE sbtest5 SET k=k+1 WHERE id=4961700
	Update on sbtest5  (cost=0.43..8.46 rows=0 width=0)
	  ->  Index Scan using sbtest5_pkey on sbtest5  (cost=0.43..8.46 rows=1 width=10)
	        Index Cond: (id = 4961700)

table 6 : explain UPDATE sbtest6 SET k=k+1 WHERE id=4434851
	Update on sbtest6  (cost=0.43..8.46 rows=0 width=0)
	  ->  Index Scan using sbtest6_pkey on sbtest6  (cost=0.43..8.46 rows=1 width=10)
	        Index Cond: (id = 4434851)

table 7 : explain UPDATE sbtest7 SET k=k+1 WHERE id=9423313
	Update on sbtest7  (cost=0.43..8.46 rows=0 width=0)
	  ->  Index Scan using sbtest7_pkey on sbtest7  (cost=0.43..8.46 rows=1 width=10)
	        Index Cond: (id = 9423313)

table 8 : explain UPDATE sbtest8 SET k=k+1 WHERE id=3906628
	Update on sbtest8  (cost=0.43..8.46 rows=0 width=0)
	  ->  Index Scan using sbtest8_pkey on sbtest8  (cost=0.43..8.46 rows=1 width=10)
	        Index Cond: (id = 3906628)

explain: for non_index_updates :: explain UPDATE sbtest%u SET c='foobar' WHERE id=%u
explain: for inserts :: explain INSERT INTO sbtest%u (id, k, c, pad) VALUES (%u, 13, 'foobar', 'foobar')
for: distinct_ranges
table 1 : explain SELECT DISTINCT c FROM sbtest1 WHERE id BETWEEN 4855160 AND 4855259 ORDER BY c
	Unique  (cost=394.64..395.15 rows=102 width=121)
	  ->  Sort  (cost=394.64..394.89 rows=102 width=121)
	        Sort Key: c
	        ->  Index Scan using sbtest1_pkey on sbtest1  (cost=0.43..391.23 rows=102 width=121)
	              Index Cond: ((id >= 4855160) AND (id <= 4855259))

table 2 : explain SELECT DISTINCT c FROM sbtest2 WHERE id BETWEEN 8130997 AND 8131096 ORDER BY c
	Unique  (cost=443.73..444.31 rows=116 width=121)
	  ->  Sort  (cost=443.73..444.02 rows=116 width=121)
	        Sort Key: c
	        ->  Index Scan using sbtest2_pkey on sbtest2  (cost=0.43..439.75 rows=116 width=121)
	              Index Cond: ((id >= 8130997) AND (id <= 8131096))

table 3 : explain SELECT DISTINCT c FROM sbtest3 WHERE id BETWEEN 9381429 AND 9381528 ORDER BY c
	Unique  (cost=390.29..390.79 rows=101 width=121)
	  ->  Sort  (cost=390.29..390.54 rows=101 width=121)
	        Sort Key: c
	        ->  Index Scan using sbtest3_pkey on sbtest3  (cost=0.43..386.93 rows=101 width=121)
	              Index Cond: ((id >= 9381429) AND (id <= 9381528))

table 4 : explain SELECT DISTINCT c FROM sbtest4 WHERE id BETWEEN 6966602 AND 6966701 ORDER BY c
	Unique  (cost=398.15..398.67 rows=103 width=121)
	  ->  Sort  (cost=398.15..398.41 rows=103 width=121)
	        Sort Key: c
	        ->  Index Scan using sbtest4_pkey on sbtest4  (cost=0.43..394.71 rows=103 width=121)
	              Index Cond: ((id >= 6966602) AND (id <= 6966701))

table 5 : explain SELECT DISTINCT c FROM sbtest5 WHERE id BETWEEN 8030468 AND 8030567 ORDER BY c
	Unique  (cost=362.89..363.36 rows=94 width=121)
	  ->  Sort  (cost=362.89..363.12 rows=94 width=121)
	        Sort Key: c
	        ->  Index Scan using sbtest5_pkey on sbtest5  (cost=0.43..359.81 rows=94 width=121)
	              Index Cond: ((id >= 8030468) AND (id <= 8030567))

table 6 : explain SELECT DISTINCT c FROM sbtest6 WHERE id BETWEEN 9226935 AND 9227034 ORDER BY c
	Unique  (cost=385.79..386.29 rows=100 width=121)
	  ->  Sort  (cost=385.79..386.04 rows=100 width=121)
	        Sort Key: c
	        ->  Index Scan using sbtest6_pkey on sbtest6  (cost=0.43..382.47 rows=100 width=121)
	              Index Cond: ((id >= 9226935) AND (id <= 9227034))

table 7 : explain SELECT DISTINCT c FROM sbtest7 WHERE id BETWEEN 6200475 AND 6200574 ORDER BY c
	Unique  (cost=394.71..395.23 rows=103 width=121)
	  ->  Sort  (cost=394.71..394.97 rows=103 width=121)
	        Sort Key: c
	        ->  Index Scan using sbtest7_pkey on sbtest7  (cost=0.43..391.27 rows=103 width=121)
	              Index Cond: ((id >= 6200475) AND (id <= 6200574))

table 8 : explain SELECT DISTINCT c FROM sbtest8 WHERE id BETWEEN 708409 AND 708508 ORDER BY c
	Unique  (cost=384.80..385.30 rows=100 width=121)
	  ->  Sort  (cost=384.80..385.05 rows=100 width=121)
	        Sort Key: c
	        ->  Index Scan using sbtest8_pkey on sbtest8  (cost=0.43..381.48 rows=100 width=121)
	              Index Cond: ((id >= 708409) AND (id <= 708508))

for: simple_ranges
table 1 : explain SELECT c FROM sbtest1 WHERE id BETWEEN 246868 AND 246967
	Index Scan using sbtest1_pkey on sbtest1  (cost=0.43..391.23 rows=102 width=121)
	  Index Cond: ((id >= 246868) AND (id <= 246967))

table 2 : explain SELECT c FROM sbtest2 WHERE id BETWEEN 776761 AND 776860
	Index Scan using sbtest2_pkey on sbtest2  (cost=0.43..417.26 rows=110 width=121)
	  Index Cond: ((id >= 776761) AND (id <= 776860))

table 3 : explain SELECT c FROM sbtest3 WHERE id BETWEEN 2087951 AND 2088050
	Index Scan using sbtest3_pkey on sbtest3  (cost=0.43..341.47 rows=89 width=121)
	  Index Cond: ((id >= 2087951) AND (id <= 2088050))

table 4 : explain SELECT c FROM sbtest4 WHERE id BETWEEN 7750749 AND 7750848
	Index Scan using sbtest4_pkey on sbtest4  (cost=0.43..428.77 rows=112 width=121)
	  Index Cond: ((id >= 7750749) AND (id <= 7750848))

table 5 : explain SELECT c FROM sbtest5 WHERE id BETWEEN 8397679 AND 8397778
	Index Scan using sbtest5_pkey on sbtest5  (cost=0.43..386.30 rows=101 width=121)
	  Index Cond: ((id >= 8397679) AND (id <= 8397778))

table 6 : explain SELECT c FROM sbtest6 WHERE id BETWEEN 3738040 AND 3738139
	Index Scan using sbtest6_pkey on sbtest6  (cost=0.43..367.30 rows=96 width=121)
	  Index Cond: ((id >= 3738040) AND (id <= 3738139))

table 7 : explain SELECT c FROM sbtest7 WHERE id BETWEEN 2191542 AND 2191641
	Index Scan using sbtest7_pkey on sbtest7  (cost=0.43..380.01 rows=100 width=121)
	  Index Cond: ((id >= 2191542) AND (id <= 2191641))

table 8 : explain SELECT c FROM sbtest8 WHERE id BETWEEN 6300351 AND 6300450
	Index Scan using sbtest8_pkey on sbtest8  (cost=0.43..392.78 rows=103 width=121)
	  Index Cond: ((id >= 6300351) AND (id <= 6300450))

explain: for non_index_updates :: explain UPDATE sbtest%u SET c='foobar' WHERE id=%u
explain: for non_index_updates :: explain UPDATE sbtest%u SET c='foobar' WHERE id=%u
for deletes
table 1 : explain DELETE FROM sbtest1 WHERE id=9506032
	Delete on sbtest1  (cost=0.43..8.45 rows=0 width=0)
	  ->  Index Scan using sbtest1_pkey on sbtest1  (cost=0.43..8.45 rows=1 width=6)
	        Index Cond: (id = 9506032)

table 2 : explain DELETE FROM sbtest2 WHERE id=7215839
	Delete on sbtest2  (cost=0.43..8.45 rows=0 width=0)
	  ->  Index Scan using sbtest2_pkey on sbtest2  (cost=0.43..8.45 rows=1 width=6)
	        Index Cond: (id = 7215839)

table 3 : explain DELETE FROM sbtest3 WHERE id=5842210
	Delete on sbtest3  (cost=0.43..8.45 rows=0 width=0)
	  ->  Index Scan using sbtest3_pkey on sbtest3  (cost=0.43..8.45 rows=1 width=6)
	        Index Cond: (id = 5842210)

table 4 : explain DELETE FROM sbtest4 WHERE id=8414323
	Delete on sbtest4  (cost=0.43..8.45 rows=0 width=0)
	  ->  Index Scan using sbtest4_pkey on sbtest4  (cost=0.43..8.45 rows=1 width=6)
	        Index Cond: (id = 8414323)

table 5 : explain DELETE FROM sbtest5 WHERE id=9755388
	Delete on sbtest5  (cost=0.43..8.45 rows=0 width=0)
	  ->  Index Scan using sbtest5_pkey on sbtest5  (cost=0.43..8.45 rows=1 width=6)
	        Index Cond: (id = 9755388)

table 6 : explain DELETE FROM sbtest6 WHERE id=6074572
	Delete on sbtest6  (cost=0.43..8.45 rows=0 width=0)
	  ->  Index Scan using sbtest6_pkey on sbtest6  (cost=0.43..8.45 rows=1 width=6)
	        Index Cond: (id = 6074572)

table 7 : explain DELETE FROM sbtest7 WHERE id=3344010
	Delete on sbtest7  (cost=0.43..8.45 rows=0 width=0)
	  ->  Index Scan using sbtest7_pkey on sbtest7  (cost=0.43..8.45 rows=1 width=6)
	        Index Cond: (id = 3344010)

table 8 : explain DELETE FROM sbtest8 WHERE id=4476468
	Delete on sbtest8  (cost=0.43..8.45 rows=0 width=0)
	  ->  Index Scan using sbtest8_pkey on sbtest8  (cost=0.43..8.45 rows=1 width=6)
	        Index Cond: (id = 4476468)

for deletes
table 1 : explain DELETE FROM sbtest1 WHERE id=7262536
	Delete on sbtest1  (cost=0.43..8.45 rows=0 width=0)
	  ->  Index Scan using sbtest1_pkey on sbtest1  (cost=0.43..8.45 rows=1 width=6)
	        Index Cond: (id = 7262536)

table 2 : explain DELETE FROM sbtest2 WHERE id=2729432
	Delete on sbtest2  (cost=0.43..8.45 rows=0 width=0)
	  ->  Index Scan using sbtest2_pkey on sbtest2  (cost=0.43..8.45 rows=1 width=6)
	        Index Cond: (id = 2729432)

table 3 : explain DELETE FROM sbtest3 WHERE id=7338786
	Delete on sbtest3  (cost=0.43..8.45 rows=0 width=0)
	  ->  Index Scan using sbtest3_pkey on sbtest3  (cost=0.43..8.45 rows=1 width=6)
	        Index Cond: (id = 7338786)

table 4 : explain DELETE FROM sbtest4 WHERE id=4085602
	Delete on sbtest4  (cost=0.43..8.45 rows=0 width=0)
	  ->  Index Scan using sbtest4_pkey on sbtest4  (cost=0.43..8.45 rows=1 width=6)
	        Index Cond: (id = 4085602)

table 5 : explain DELETE FROM sbtest5 WHERE id=3380085
	Delete on sbtest5  (cost=0.43..8.45 rows=0 width=0)
	  ->  Index Scan using sbtest5_pkey on sbtest5  (cost=0.43..8.45 rows=1 width=6)
	        Index Cond: (id = 3380085)

table 6 : explain DELETE FROM sbtest6 WHERE id=7398896
	Delete on sbtest6  (cost=0.43..8.45 rows=0 width=0)
	  ->  Index Scan using sbtest6_pkey on sbtest6  (cost=0.43..8.45 rows=1 width=6)
	        Index Cond: (id = 7398896)

table 7 : explain DELETE FROM sbtest7 WHERE id=7058541
	Delete on sbtest7  (cost=0.43..8.45 rows=0 width=0)
	  ->  Index Scan using sbtest7_pkey on sbtest7  (cost=0.43..8.45 rows=1 width=6)
	        Index Cond: (id = 7058541)

table 8 : explain DELETE FROM sbtest8 WHERE id=4459357
	Delete on sbtest8  (cost=0.43..8.45 rows=0 width=0)
	  ->  Index Scan using sbtest8_pkey on sbtest8  (cost=0.43..8.45 rows=1 width=6)
	        Index Cond: (id = 4459357)

explain: for index_updates :: explain UPDATE sbtest%u SET k=k+1 WHERE id=%u
for: distinct_ranges
table 1 : explain SELECT DISTINCT c FROM sbtest1 WHERE id BETWEEN 467192 AND 467291 ORDER BY c
	Unique  (cost=390.81..391.31 rows=101 width=121)
	  ->  Sort  (cost=390.81..391.06 rows=101 width=121)
	        Sort Key: c
	        ->  Index Scan using sbtest1_pkey on sbtest1  (cost=0.43..387.45 rows=101 width=121)
	              Index Cond: ((id >= 467192) AND (id <= 467291))

table 2 : explain SELECT DISTINCT c FROM sbtest2 WHERE id BETWEEN 5711840 AND 5711939 ORDER BY c
	Unique  (cost=322.41..322.83 rows=84 width=121)
	  ->  Sort  (cost=322.41..322.62 rows=84 width=121)
	        Sort Key: c
	        ->  Index Scan using sbtest2_pkey on sbtest2  (cost=0.43..319.73 rows=84 width=121)
	              Index Cond: ((id >= 5711840) AND (id <= 5711939))

table 3 : explain SELECT DISTINCT c FROM sbtest3 WHERE id BETWEEN 7295556 AND 7295655 ORDER BY c
	Unique  (cost=394.11..394.62 rows=102 width=121)
	  ->  Sort  (cost=394.11..394.37 rows=102 width=121)
	        Sort Key: c
	        ->  Index Scan using sbtest3_pkey on sbtest3  (cost=0.43..390.71 rows=102 width=121)
	              Index Cond: ((id >= 7295556) AND (id <= 7295655))

table 4 : explain SELECT DISTINCT c FROM sbtest4 WHERE id BETWEEN 4651294 AND 4651393 ORDER BY c
	Unique  (cost=401.98..402.50 rows=104 width=121)
	  ->  Sort  (cost=401.98..402.24 rows=104 width=121)
	        Sort Key: c
	        ->  Index Scan using sbtest4_pkey on sbtest4  (cost=0.43..398.49 rows=104 width=121)
	              Index Cond: ((id >= 4651294) AND (id <= 4651393))

table 5 : explain SELECT DISTINCT c FROM sbtest5 WHERE id BETWEEN 9200123 AND 9200222 ORDER BY c
	Unique  (cost=362.89..363.36 rows=94 width=121)
	  ->  Sort  (cost=362.89..363.12 rows=94 width=121)
	        Sort Key: c
	        ->  Index Scan using sbtest5_pkey on sbtest5  (cost=0.43..359.81 rows=94 width=121)
	              Index Cond: ((id >= 9200123) AND (id <= 9200222))

table 6 : explain SELECT DISTINCT c FROM sbtest6 WHERE id BETWEEN 1854036 AND 1854135 ORDER BY c
	Unique  (cost=401.06..401.58 rows=104 width=121)
	  ->  Sort  (cost=401.06..401.32 rows=104 width=121)
	        Sort Key: c
	        ->  Index Scan using sbtest6_pkey on sbtest6  (cost=0.43..397.57 rows=104 width=121)
	              Index Cond: ((id >= 1854036) AND (id <= 1854135))

table 7 : explain SELECT DISTINCT c FROM sbtest7 WHERE id BETWEEN 4868215 AND 4868314 ORDER BY c
	Unique  (cost=409.88..410.41 rows=107 width=121)
	  ->  Sort  (cost=409.88..410.14 rows=107 width=121)
	        Sort Key: c
	        ->  Index Scan using sbtest7_pkey on sbtest7  (cost=0.43..406.27 rows=107 width=121)
	              Index Cond: ((id >= 4868215) AND (id <= 4868314))

table 8 : explain SELECT DISTINCT c FROM sbtest8 WHERE id BETWEEN 7705006 AND 7705105 ORDER BY c
	Unique  (cost=377.19..377.68 rows=98 width=121)
	  ->  Sort  (cost=377.19..377.44 rows=98 width=121)
	        Sort Key: c
	        ->  Index Scan using sbtest8_pkey on sbtest8  (cost=0.43..373.95 rows=98 width=121)
	              Index Cond: ((id >= 7705006) AND (id <= 7705105))

for point_selects
table 1 : explain SELECT c FROM sbtest1 WHERE id=3945403
	Index Scan using sbtest1_pkey on sbtest1  (cost=0.43..8.45 rows=1 width=121)
	  Index Cond: (id = 3945403)

table 2 : explain SELECT c FROM sbtest2 WHERE id=5910890
	Index Scan using sbtest2_pkey on sbtest2  (cost=0.43..8.45 rows=1 width=121)
	  Index Cond: (id = 5910890)

table 3 : explain SELECT c FROM sbtest3 WHERE id=2314846
	Index Scan using sbtest3_pkey on sbtest3  (cost=0.43..8.45 rows=1 width=121)
	  Index Cond: (id = 2314846)

table 4 : explain SELECT c FROM sbtest4 WHERE id=6293784
	Index Scan using sbtest4_pkey on sbtest4  (cost=0.43..8.45 rows=1 width=121)
	  Index Cond: (id = 6293784)

table 5 : explain SELECT c FROM sbtest5 WHERE id=8092403
	Index Scan using sbtest5_pkey on sbtest5  (cost=0.43..8.45 rows=1 width=121)
	  Index Cond: (id = 8092403)

table 6 : explain SELECT c FROM sbtest6 WHERE id=8864271
	Index Scan using sbtest6_pkey on sbtest6  (cost=0.43..8.45 rows=1 width=121)
	  Index Cond: (id = 8864271)

table 7 : explain SELECT c FROM sbtest7 WHERE id=5937714
	Index Scan using sbtest7_pkey on sbtest7  (cost=0.43..8.45 rows=1 width=121)
	  Index Cond: (id = 5937714)

table 8 : explain SELECT c FROM sbtest8 WHERE id=9942573
	Index Scan using sbtest8_pkey on sbtest8  (cost=0.43..8.45 rows=1 width=121)
	  Index Cond: (id = 9942573)

explain: for index_updates :: explain UPDATE sbtest%u SET k=k+1 WHERE id=%u
for index_updates
table 1 : explain UPDATE sbtest1 SET k=k+1 WHERE id=3689127
	Update on sbtest1  (cost=0.43..8.46 rows=0 width=0)
	  ->  Index Scan using sbtest1_pkey on sbtest1  (cost=0.43..8.46 rows=1 width=10)
	        Index Cond: (id = 3689127)

table 2 : explain UPDATE sbtest2 SET k=k+1 WHERE id=6054319
	Update on sbtest2  (cost=0.43..8.46 rows=0 width=0)
	  ->  Index Scan using sbtest2_pkey on sbtest2  (cost=0.43..8.46 rows=1 width=10)
	        Index Cond: (id = 6054319)

table 3 : explain UPDATE sbtest3 SET k=k+1 WHERE id=2505598
	Update on sbtest3  (cost=0.43..8.46 rows=0 width=0)
	  ->  Index Scan using sbtest3_pkey on sbtest3  (cost=0.43..8.46 rows=1 width=10)
	        Index Cond: (id = 2505598)

table 4 : explain UPDATE sbtest4 SET k=k+1 WHERE id=6649817
	Update on sbtest4  (cost=0.43..8.46 rows=0 width=0)
	  ->  Index Scan using sbtest4_pkey on sbtest4  (cost=0.43..8.46 rows=1 width=10)
	        Index Cond: (id = 6649817)

table 5 : explain UPDATE sbtest5 SET k=k+1 WHERE id=9131467
	Update on sbtest5  (cost=0.43..8.46 rows=0 width=0)
	  ->  Index Scan using sbtest5_pkey on sbtest5  (cost=0.43..8.46 rows=1 width=10)
	        Index Cond: (id = 9131467)

table 6 : explain UPDATE sbtest6 SET k=k+1 WHERE id=6604825
	Update on sbtest6  (cost=0.43..8.46 rows=0 width=0)
	  ->  Index Scan using sbtest6_pkey on sbtest6  (cost=0.43..8.46 rows=1 width=10)
	        Index Cond: (id = 6604825)

table 7 : explain UPDATE sbtest7 SET k=k+1 WHERE id=501224
	Update on sbtest7  (cost=0.43..8.46 rows=0 width=0)
	  ->  Index Scan using sbtest7_pkey on sbtest7  (cost=0.43..8.46 rows=1 width=10)
	        Index Cond: (id = 501224)

table 8 : explain UPDATE sbtest8 SET k=k+1 WHERE id=2928433
	Update on sbtest8  (cost=0.43..8.46 rows=0 width=0)
	  ->  Index Scan using sbtest8_pkey on sbtest8  (cost=0.43..8.46 rows=1 width=10)
	        Index Cond: (id = 2928433)

for non_index_updates
table 1 : explain UPDATE sbtest1 SET c='foobar' WHERE id=890756
	Update on sbtest1  (cost=0.43..8.45 rows=0 width=0)
	  ->  Index Scan using sbtest1_pkey on sbtest1  (cost=0.43..8.45 rows=1 width=490)
	        Index Cond: (id = 890756)

table 2 : explain UPDATE sbtest2 SET c='foobar' WHERE id=9232974
	Update on sbtest2  (cost=0.43..8.45 rows=0 width=0)
	  ->  Index Scan using sbtest2_pkey on sbtest2  (cost=0.43..8.45 rows=1 width=490)
	        Index Cond: (id = 9232974)

table 3 : explain UPDATE sbtest3 SET c='foobar' WHERE id=5056458
	Update on sbtest3  (cost=0.43..8.45 rows=0 width=0)
	  ->  Index Scan using sbtest3_pkey on sbtest3  (cost=0.43..8.45 rows=1 width=490)
	        Index Cond: (id = 5056458)

table 4 : explain UPDATE sbtest4 SET c='foobar' WHERE id=8929398
	Update on sbtest4  (cost=0.43..8.45 rows=0 width=0)
	  ->  Index Scan using sbtest4_pkey on sbtest4  (cost=0.43..8.45 rows=1 width=490)
	        Index Cond: (id = 8929398)

table 5 : explain UPDATE sbtest5 SET c='foobar' WHERE id=4459606
	Update on sbtest5  (cost=0.43..8.45 rows=0 width=0)
	  ->  Index Scan using sbtest5_pkey on sbtest5  (cost=0.43..8.45 rows=1 width=490)
	        Index Cond: (id = 4459606)

table 6 : explain UPDATE sbtest6 SET c='foobar' WHERE id=6997771
	Update on sbtest6  (cost=0.43..8.45 rows=0 width=0)
	  ->  Index Scan using sbtest6_pkey on sbtest6  (cost=0.43..8.45 rows=1 width=490)
	        Index Cond: (id = 6997771)

table 7 : explain UPDATE sbtest7 SET c='foobar' WHERE id=3906106
	Update on sbtest7  (cost=0.43..8.45 rows=0 width=0)
	  ->  Index Scan using sbtest7_pkey on sbtest7  (cost=0.43..8.45 rows=1 width=490)
	        Index Cond: (id = 3906106)

table 8 : explain UPDATE sbtest8 SET c='foobar' WHERE id=3684107
	Update on sbtest8  (cost=0.43..8.45 rows=0 width=0)
	  ->  Index Scan using sbtest8_pkey on sbtest8  (cost=0.43..8.45 rows=1 width=490)
	        Index Cond: (id = 3684107)

for: simple_ranges
table 1 : explain SELECT c FROM sbtest1 WHERE id BETWEEN 9044129 AND 9044228
	Index Scan using sbtest1_pkey on sbtest1  (cost=0.43..372.29 rows=97 width=121)
	  Index Cond: ((id >= 9044129) AND (id <= 9044228))

table 2 : explain SELECT c FROM sbtest2 WHERE id BETWEEN 7096877 AND 7096976
	Index Scan using sbtest2_pkey on sbtest2  (cost=0.43..376.03 rows=99 width=121)
	  Index Cond: ((id >= 7096877) AND (id <= 7096976))

table 3 : explain SELECT c FROM sbtest3 WHERE id BETWEEN 4141507 AND 4141606
	Index Scan using sbtest3_pkey on sbtest3  (cost=0.43..367.95 rows=96 width=121)
	  Index Cond: ((id >= 4141507) AND (id <= 4141606))

table 4 : explain SELECT c FROM sbtest4 WHERE id BETWEEN 8514025 AND 8514124
	Index Scan using sbtest4_pkey on sbtest4  (cost=0.43..406.06 rows=106 width=121)
	  Index Cond: ((id >= 8514025) AND (id <= 8514124))

table 5 : explain SELECT c FROM sbtest5 WHERE id BETWEEN 1568983 AND 1569082
	Index Scan using sbtest5_pkey on sbtest5  (cost=0.43..412.74 rows=108 width=121)
	  Index Cond: ((id >= 1568983) AND (id <= 1569082))

table 6 : explain SELECT c FROM sbtest6 WHERE id BETWEEN 716993 AND 717092
	Index Scan using sbtest6_pkey on sbtest6  (cost=0.43..390.02 rows=102 width=121)
	  Index Cond: ((id >= 716993) AND (id <= 717092))

table 7 : explain SELECT c FROM sbtest7 WHERE id BETWEEN 1042282 AND 1042381
	Index Scan using sbtest7_pkey on sbtest7  (cost=0.43..402.52 rows=106 width=121)
	  Index Cond: ((id >= 1042282) AND (id <= 1042381))

table 8 : explain SELECT c FROM sbtest8 WHERE id BETWEEN 2594941 AND 2595040
	Index Scan using sbtest8_pkey on sbtest8  (cost=0.43..392.78 rows=103 width=121)
	  Index Cond: ((id >= 2594941) AND (id <= 2595040))

for inserts
table 1 : explain INSERT INTO sbtest1 (id, k, c, pad) VALUES (3951496, 13, 'foobar', 'foobar')
	Insert on sbtest1  (cost=0.00..0.01 rows=0 width=0)
	  ->  Result  (cost=0.00..0.01 rows=1 width=736)

table 2 : explain INSERT INTO sbtest2 (id, k, c, pad) VALUES (4532085, 13, 'foobar', 'foobar')
	Insert on sbtest2  (cost=0.00..0.01 rows=0 width=0)
	  ->  Result  (cost=0.00..0.01 rows=1 width=736)

table 3 : explain INSERT INTO sbtest3 (id, k, c, pad) VALUES (3729296, 13, 'foobar', 'foobar')
	Insert on sbtest3  (cost=0.00..0.01 rows=0 width=0)
	  ->  Result  (cost=0.00..0.01 rows=1 width=736)

table 4 : explain INSERT INTO sbtest4 (id, k, c, pad) VALUES (1522747, 13, 'foobar', 'foobar')
	Insert on sbtest4  (cost=0.00..0.01 rows=0 width=0)
	  ->  Result  (cost=0.00..0.01 rows=1 width=736)

table 5 : explain INSERT INTO sbtest5 (id, k, c, pad) VALUES (1443523, 13, 'foobar', 'foobar')
	Insert on sbtest5  (cost=0.00..0.01 rows=0 width=0)
	  ->  Result  (cost=0.00..0.01 rows=1 width=736)

table 6 : explain INSERT INTO sbtest6 (id, k, c, pad) VALUES (3913202, 13, 'foobar', 'foobar')
	Insert on sbtest6  (cost=0.00..0.01 rows=0 width=0)
	  ->  Result  (cost=0.00..0.01 rows=1 width=736)

table 7 : explain INSERT INTO sbtest7 (id, k, c, pad) VALUES (7698128, 13, 'foobar', 'foobar')
	Insert on sbtest7  (cost=0.00..0.01 rows=0 width=0)
	  ->  Result  (cost=0.00..0.01 rows=1 width=736)

table 8 : explain INSERT INTO sbtest8 (id, k, c, pad) VALUES (2279641, 13, 'foobar', 'foobar')
	Insert on sbtest8  (cost=0.00..0.01 rows=0 width=0)
	  ->  Result  (cost=0.00..0.01 rows=1 width=736)

explain: for inserts :: explain INSERT INTO sbtest%u (id, k, c, pad) VALUES (%u, 13, 'foobar', 'foobar')for: simple_ranges
table 1 : explain SELECT c FROM sbtest1 WHERE id BETWEEN 6953504 AND 6953603
	Index Scan using sbtest1_pkey on sbtest1  (cost=0.43..353.35 rows=92 width=121)
	  Index Cond: ((id >= 6953504) AND (id <= 6953603))

table 2 : explain SELECT c FROM sbtest2 WHERE id BETWEEN 6249300 AND 6249399
	Index Scan using sbtest2_pkey on sbtest2  (cost=0.43..372.21 rows=98 width=121)
	  Index Cond: ((id >= 6249300) AND (id <= 6249399))

table 3 : explain SELECT c FROM sbtest3 WHERE id BETWEEN 9422617 AND 9422716
	Index Scan using sbtest3_pkey on sbtest3  (cost=0.43..386.93 rows=101 width=121)
	  Index Cond: ((id >= 9422617) AND (id <= 9422716))

table 4 : explain SELECT c FROM sbtest4 WHERE id BETWEEN 863139 AND 863238
	Index Scan using sbtest4_pkey on sbtest4  (cost=0.43..375.78 rows=98 width=121)
	  Index Cond: ((id >= 863139) AND (id <= 863238))

table 5 : explain SELECT c FROM sbtest5 WHERE id BETWEEN 8866956 AND 8867055
	Index Scan using sbtest5_pkey on sbtest5  (cost=0.43..401.41 rows=105 width=121)
	  Index Cond: ((id >= 8866956) AND (id <= 8867055))

table 6 : explain SELECT c FROM sbtest6 WHERE id BETWEEN 645382 AND 645481
	Index Scan using sbtest6_pkey on sbtest6  (cost=0.43..374.92 rows=98 width=121)
	  Index Cond: ((id >= 645382) AND (id <= 645481))

table 7 : explain SELECT c FROM sbtest7 WHERE id BETWEEN 2863623 AND 2863722
	Index Scan using sbtest7_pkey on sbtest7  (cost=0.43..357.44 rows=94 width=121)
	  Index Cond: ((id >= 2863623) AND (id <= 2863722))

table 8 : explain SELECT c FROM sbtest8 WHERE id BETWEEN 185984 AND 186083
	Index Scan using sbtest8_pkey on sbtest8  (cost=0.43..392.78 rows=103 width=121)
	  Index Cond: ((id >= 185984) AND (id <= 186083))


explain: for inserts :: explain INSERT INTO sbtest%u (id, k, c, pad) VALUES (%u, 13, 'foobar', 'foobar')
for index_updates
table 1 : explain UPDATE sbtest1 SET k=k+1 WHERE id=7139257
	Update on sbtest1  (cost=0.43..8.46 rows=0 width=0)
	  ->  Index Scan using sbtest1_pkey on sbtest1  (cost=0.43..8.46 rows=1 width=10)
	        Index Cond: (id = 7139257)

table 2 : explain UPDATE sbtest2 SET k=k+1 WHERE id=3464924
	Update on sbtest2  (cost=0.43..8.46 rows=0 width=0)
	  ->  Index Scan using sbtest2_pkey on sbtest2  (cost=0.43..8.46 rows=1 width=10)
	        Index Cond: (id = 3464924)

table 3 : explain UPDATE sbtest3 SET k=k+1 WHERE id=3454975
	Update on sbtest3  (cost=0.43..8.46 rows=0 width=0)
	  ->  Index Scan using sbtest3_pkey on sbtest3  (cost=0.43..8.46 rows=1 width=10)
	        Index Cond: (id = 3454975)

table 4 : explain UPDATE sbtest4 SET k=k+1 WHERE id=6477219
	Update on sbtest4  (cost=0.43..8.46 rows=0 width=0)
	  ->  Index Scan using sbtest4_pkey on sbtest4  (cost=0.43..8.46 rows=1 width=10)
	        Index Cond: (id = 6477219)

table 5 : explain UPDATE sbtest5 SET k=k+1 WHERE id=9412253
	Update on sbtest5  (cost=0.43..8.46 rows=0 width=0)
	  ->  Index Scan using sbtest5_pkey on sbtest5  (cost=0.43..8.46 rows=1 width=10)
	        Index Cond: (id = 9412253)

table 6 : explain UPDATE sbtest6 SET k=k+1 WHERE id=9229626
	Update on sbtest6  (cost=0.43..8.46 rows=0 width=0)
	  ->  Index Scan using sbtest6_pkey on sbtest6  (cost=0.43..8.46 rows=1 width=10)
	        Index Cond: (id = 9229626)

table 7 : explain UPDATE sbtest7 SET k=k+1 WHERE id=1784419
	Update on sbtest7  (cost=0.43..8.46 rows=0 width=0)
	  ->  Index Scan using sbtest7_pkey on sbtest7  (cost=0.43..8.46 rows=1 width=10)
	        Index Cond: (id = 1784419)

table 8 : explain UPDATE sbtest8 SET k=k+1 WHERE id=1612829
	Update on sbtest8  (cost=0.43..8.46 rows=0 width=0)
	  ->  Index Scan using sbtest8_pkey on sbtest8  (cost=0.43..8.46 rows=1 width=10)
	        Index Cond: (id = 1612829)

explain: for deletes :: explain DELETE FROM sbtest%u WHERE id=%u
for: simple_ranges
table 1 : explain SELECT c FROM sbtest1 WHERE id BETWEEN 9156566 AND 9156665
	Index Scan using sbtest1_pkey on sbtest1  (cost=0.43..364.72 rows=95 width=121)
	  Index Cond: ((id >= 9156566) AND (id <= 9156665))

table 2 : explain SELECT c FROM sbtest2 WHERE id BETWEEN 6799584 AND 6799683
	Index Scan using sbtest2_pkey on sbtest2  (cost=0.43..398.52 rows=105 width=121)
	  Index Cond: ((id >= 6799584) AND (id <= 6799683))

table 3 : explain SELECT c FROM sbtest3 WHERE id BETWEEN 814207 AND 814306
	Index Scan using sbtest3_pkey on sbtest3  (cost=0.43..364.17 rows=95 width=121)
	  Index Cond: ((id >= 814207) AND (id <= 814306))

table 4 : explain SELECT c FROM sbtest4 WHERE id BETWEEN 6382411 AND 6382510
	Index Scan using sbtest4_pkey on sbtest4  (cost=0.43..360.58 rows=94 width=121)
	  Index Cond: ((id >= 6382411) AND (id <= 6382510))

table 5 : explain SELECT c FROM sbtest5 WHERE id BETWEEN 1429305 AND 1429404
	Index Scan using sbtest5_pkey on sbtest5  (cost=0.43..371.20 rows=97 width=121)
	  Index Cond: ((id >= 1429305) AND (id <= 1429404))

table 6 : explain SELECT c FROM sbtest6 WHERE id BETWEEN 7582634 AND 7582733
	Index Scan using sbtest6_pkey on sbtest6  (cost=0.43..386.25 rows=101 width=121)
	  Index Cond: ((id >= 7582634) AND (id <= 7582733))

table 7 : explain SELECT c FROM sbtest7 WHERE id BETWEEN 9655786 AND 9655885
	Index Scan using sbtest7_pkey on sbtest7  (cost=0.43..402.52 rows=106 width=121)
	  Index Cond: ((id >= 9655786) AND (id <= 9655885))

table 8 : explain SELECT c FROM sbtest8 WHERE id BETWEEN 1680713 AND 1680812
	Index Scan using sbtest8_pkey on sbtest8  (cost=0.43..389.01 rows=102 width=121)
	  Index Cond: ((id >= 1680713) AND (id <= 1680812))

for: simple_ranges
table 1 : explain SELECT c FROM sbtest1 WHERE id BETWEEN 8156184 AND 8156283
	Index Scan using sbtest1_pkey on sbtest1  (cost=0.43..353.29 rows=92 width=121)
	  Index Cond: ((id >= 8156184) AND (id <= 8156283))

table 2 : explain SELECT c FROM sbtest2 WHERE id BETWEEN 6304055 AND 6304154
	Index Scan using sbtest2_pkey on sbtest2  (cost=0.43..387.27 rows=102 width=121)
	  Index Cond: ((id >= 6304055) AND (id <= 6304154))

table 3 : explain SELECT c FROM sbtest3 WHERE id BETWEEN 469945 AND 470044
	Index Scan using sbtest3_pkey on sbtest3  (cost=0.43..371.74 rows=97 width=121)
	  Index Cond: ((id >= 469945) AND (id <= 470044))

table 4 : explain SELECT c FROM sbtest4 WHERE id BETWEEN 4434981 AND 4435080
	Index Scan using sbtest4_pkey on sbtest4  (cost=0.43..413.63 rows=108 width=121)
	  Index Cond: ((id >= 4434981) AND (id <= 4435080))

table 5 : explain SELECT c FROM sbtest5 WHERE id BETWEEN 4738275 AND 4738374
	Index Scan using sbtest5_pkey on sbtest5  (cost=0.43..378.75 rows=99 width=121)
	  Index Cond: ((id >= 4738275) AND (id <= 4738374))

table 6 : explain SELECT c FROM sbtest6 WHERE id BETWEEN 2975149 AND 2975248
	Index Scan using sbtest6_pkey on sbtest6  (cost=0.43..431.56 rows=113 width=121)
	  Index Cond: ((id >= 2975149) AND (id <= 2975248))

table 7 : explain SELECT c FROM sbtest7 WHERE id BETWEEN 6379077 AND 6379176
	Index Scan using sbtest7_pkey on sbtest7  (cost=0.43..364.94 rows=96 width=121)
	  Index Cond: ((id >= 6379077) AND (id <= 6379176))

table 8 : explain SELECT c FROM sbtest8 WHERE id BETWEEN 7656415 AND 7656514
	Index Scan using sbtest8_pkey on sbtest8  (cost=0.43..373.95 rows=98 width=121)
	  Index Cond: ((id >= 7656415) AND (id <= 7656514))

for non_index_updates
table 1 : explain UPDATE sbtest1 SET c='foobar' WHERE id=2073852
	Update on sbtest1  (cost=0.43..8.45 rows=0 width=0)
	  ->  Index Scan using sbtest1_pkey on sbtest1  (cost=0.43..8.45 rows=1 width=490)
	        Index Cond: (id = 2073852)

table 2 : explain UPDATE sbtest2 SET c='foobar' WHERE id=3585291
	Update on sbtest2  (cost=0.43..8.45 rows=0 width=0)
	  ->  Index Scan using sbtest2_pkey on sbtest2  (cost=0.43..8.45 rows=1 width=490)
	        Index Cond: (id = 3585291)

table 3 : explain UPDATE sbtest3 SET c='foobar' WHERE id=4218800
	Update on sbtest3  (cost=0.43..8.45 rows=0 width=0)
	  ->  Index Scan using sbtest3_pkey on sbtest3  (cost=0.43..8.45 rows=1 width=490)
	        Index Cond: (id = 4218800)

table 4 : explain UPDATE sbtest4 SET c='foobar' WHERE id=8464105
	Update on sbtest4  (cost=0.43..8.45 rows=0 width=0)
	  ->  Index Scan using sbtest4_pkey on sbtest4  (cost=0.43..8.45 rows=1 width=490)
	        Index Cond: (id = 8464105)

table 5 : explain UPDATE sbtest5 SET c='foobar' WHERE id=9804986
	Update on sbtest5  (cost=0.43..8.45 rows=0 width=0)
	  ->  Index Scan using sbtest5_pkey on sbtest5  (cost=0.43..8.45 rows=1 width=490)
	        Index Cond: (id = 9804986)

table 6 : explain UPDATE sbtest6 SET c='foobar' WHERE id=3465604
	Update on sbtest6  (cost=0.43..8.45 rows=0 width=0)
	  ->  Index Scan using sbtest6_pkey on sbtest6  (cost=0.43..8.45 rows=1 width=490)
	        Index Cond: (id = 3465604)

table 7 : explain UPDATE sbtest7 SET c='foobar' WHERE id=7249190
	Update on sbtest7  (cost=0.43..8.45 rows=0 width=0)
	  ->  Index Scan using sbtest7_pkey on sbtest7  (cost=0.43..8.45 rows=1 width=490)
	        Index Cond: (id = 7249190)

table 8 : explain UPDATE sbtest8 SET c='foobar' WHERE id=5619124
	Update on sbtest8  (cost=0.43..8.45 rows=0 width=0)
	  ->  Index Scan using sbtest8_pkey on sbtest8  (cost=0.43..8.45 rows=1 width=490)
	        Index Cond: (id = 5619124)

for non_index_updates
table 1 : explain UPDATE sbtest1 SET c='foobar' WHERE id=6652040
	Update on sbtest1  (cost=0.43..8.45 rows=0 width=0)
	  ->  Index Scan using sbtest1_pkey on sbtest1  (cost=0.43..8.45 rows=1 width=490)
	        Index Cond: (id = 6652040)

table 2 : explain UPDATE sbtest2 SET c='foobar' WHERE id=9522630
	Update on sbtest2  (cost=0.43..8.45 rows=0 width=0)
	  ->  Index Scan using sbtest2_pkey on sbtest2  (cost=0.43..8.45 rows=1 width=490)
	        Index Cond: (id = 9522630)

table 3 : explain UPDATE sbtest3 SET c='foobar' WHERE id=486886
	Update on sbtest3  (cost=0.43..8.45 rows=0 width=0)
	  ->  Index Scan using sbtest3_pkey on sbtest3  (cost=0.43..8.45 rows=1 width=490)
	        Index Cond: (id = 486886)

table 4 : explain UPDATE sbtest4 SET c='foobar' WHERE id=8269800
	Update on sbtest4  (cost=0.43..8.45 rows=0 width=0)
	  ->  Index Scan using sbtest4_pkey on sbtest4  (cost=0.43..8.45 rows=1 width=490)
	        Index Cond: (id = 8269800)

table 5 : explain UPDATE sbtest5 SET c='foobar' WHERE id=1726137
	Update on sbtest5  (cost=0.43..8.45 rows=0 width=0)
	  ->  Index Scan using sbtest5_pkey on sbtest5  (cost=0.43..8.45 rows=1 width=490)
	        Index Cond: (id = 1726137)

table 6 : explain UPDATE sbtest6 SET c='foobar' WHERE id=8131892
	Update on sbtest6  (cost=0.43..8.45 rows=0 width=0)
	  ->  Index Scan using sbtest6_pkey on sbtest6  (cost=0.43..8.45 rows=1 width=490)
	        Index Cond: (id = 8131892)

table 7 : explain UPDATE sbtest7 SET c='foobar' WHERE id=9690130
	Update on sbtest7  (cost=0.43..8.45 rows=0 width=0)
	  ->  Index Scan using sbtest7_pkey on sbtest7  (cost=0.43..8.45 rows=1 width=490)
	        Index Cond: (id = 9690130)

table 8 : explain UPDATE sbtest8 SET c='foobar' WHERE id=6206318
	Update on sbtest8  (cost=0.43..8.45 rows=0 width=0)
	  ->  Index Scan using sbtest8_pkey on sbtest8  (cost=0.43..8.45 rows=1 width=490)
	        Index Cond: (id = 6206318)

for inserts
table 1 : explain INSERT INTO sbtest1 (id, k, c, pad) VALUES (6504086, 13, 'foobar', 'foobar')
	Insert on sbtest1  (cost=0.00..0.01 rows=0 width=0)
	  ->  Result  (cost=0.00..0.01 rows=1 width=736)

table 2 : explain INSERT INTO sbtest2 (id, k, c, pad) VALUES (5265403, 13, 'foobar', 'foobar')
	Insert on sbtest2  (cost=0.00..0.01 rows=0 width=0)
	  ->  Result  (cost=0.00..0.01 rows=1 width=736)

table 3 : explain INSERT INTO sbtest3 (id, k, c, pad) VALUES (182604, 13, 'foobar', 'foobar')
	Insert on sbtest3  (cost=0.00..0.01 rows=0 width=0)
	  ->  Result  (cost=0.00..0.01 rows=1 width=736)

table 4 : explain INSERT INTO sbtest4 (id, k, c, pad) VALUES (1422124, 13, 'foobar', 'foobar')
	Insert on sbtest4  (cost=0.00..0.01 rows=0 width=0)
	  ->  Result  (cost=0.00..0.01 rows=1 width=736)

table 5 : explain INSERT INTO sbtest5 (id, k, c, pad) VALUES (9556429, 13, 'foobar', 'foobar')
	Insert on sbtest5  (cost=0.00..0.01 rows=0 width=0)
	  ->  Result  (cost=0.00..0.01 rows=1 width=736)

table 6 : explain INSERT INTO sbtest6 (id, k, c, pad) VALUES (9587232, 13, 'foobar', 'foobar')
	Insert on sbtest6  (cost=0.00..0.01 rows=0 width=0)
	  ->  Result  (cost=0.00..0.01 rows=1 width=736)

table 7 : explain INSERT INTO sbtest7 (id, k, c, pad) VALUES (9892632, 13, 'foobar', 'foobar')
	Insert on sbtest7  (cost=0.00..0.01 rows=0 width=0)
	  ->  Result  (cost=0.00..0.01 rows=1 width=736)

table 8 : explain INSERT INTO sbtest8 (id, k, c, pad) VALUES (6289553, 13, 'foobar', 'foobar')
	Insert on sbtest8  (cost=0.00..0.01 rows=0 width=0)
	  ->  Result  (cost=0.00..0.01 rows=1 width=736)

for inserts
table 1 : explain INSERT INTO sbtest1 (id, k, c, pad) VALUES (9341401, 13, 'foobar', 'foobar')
	Insert on sbtest1  (cost=0.00..0.01 rows=0 width=0)
	  ->  Result  (cost=0.00..0.01 rows=1 width=736)

table 2 : explain INSERT INTO sbtest2 (id, k, c, pad) VALUES (5075076, 13, 'foobar', 'foobar')
	Insert on sbtest2  (cost=0.00..0.01 rows=0 width=0)
	  ->  Result  (cost=0.00..0.01 rows=1 width=736)

table 3 : explain INSERT INTO sbtest3 (id, k, c, pad) VALUES (9099987, 13, 'foobar', 'foobar')
	Insert on sbtest3  (cost=0.00..0.01 rows=0 width=0)
	  ->  Result  (cost=0.00..0.01 rows=1 width=736)

table 4 : explain INSERT INTO sbtest4 (id, k, c, pad) VALUES (5637372, 13, 'foobar', 'foobar')
	Insert on sbtest4  (cost=0.00..0.01 rows=0 width=0)
	  ->  Result  (cost=0.00..0.01 rows=1 width=736)

table 5 : explain INSERT INTO sbtest5 (id, k, c, pad) VALUES (3533289, 13, 'foobar', 'foobar')
	Insert on sbtest5  (cost=0.00..0.01 rows=0 width=0)
	  ->  Result  (cost=0.00..0.01 rows=1 width=736)

table 6 : explain INSERT INTO sbtest6 (id, k, c, pad) VALUES (4678725, 13, 'foobar', 'foobar')
	Insert on sbtest6  (cost=0.00..0.01 rows=0 width=0)
	  ->  Result  (cost=0.00..0.01 rows=1 width=736)

table 7 : explain INSERT INTO sbtest7 (id, k, c, pad) VALUES (55971, 13, 'foobar', 'foobar')
	Insert on sbtest7  (cost=0.00..0.01 rows=0 width=0)
	  ->  Result  (cost=0.00..0.01 rows=1 width=736)

table 8 : explain INSERT INTO sbtest8 (id, k, c, pad) VALUES (555425, 13, 'foobar', 'foobar')
	Insert on sbtest8  (cost=0.00..0.01 rows=0 width=0)
	  ->  Result  (cost=0.00..0.01 rows=1 width=736)

explain: for non_index_updates :: explain UPDATE sbtest%u SET c='foobar' WHERE id=%u
for index_updates
table 1 : explain UPDATE sbtest1 SET k=k+1 WHERE id=8492826
	Update on sbtest1  (cost=0.43..8.46 rows=0 width=0)
	  ->  Index Scan using sbtest1_pkey on sbtest1  (cost=0.43..8.46 rows=1 width=10)
	        Index Cond: (id = 8492826)

table 2 : explain UPDATE sbtest2 SET k=k+1 WHERE id=9629379
	Update on sbtest2  (cost=0.43..8.46 rows=0 width=0)
	  ->  Index Scan using sbtest2_pkey on sbtest2  (cost=0.43..8.46 rows=1 width=10)
	        Index Cond: (id = 9629379)

table 3 : explain UPDATE sbtest3 SET k=k+1 WHERE id=2649017
	Update on sbtest3  (cost=0.43..8.46 rows=0 width=0)
	  ->  Index Scan using sbtest3_pkey on sbtest3  (cost=0.43..8.46 rows=1 width=10)
	        Index Cond: (id = 2649017)

table 4 : explain UPDATE sbtest4 SET k=k+1 WHERE id=4714021
	Update on sbtest4  (cost=0.43..8.46 rows=0 width=0)
	  ->  Index Scan using sbtest4_pkey on sbtest4  (cost=0.43..8.46 rows=1 width=10)
	        Index Cond: (id = 4714021)

table 5 : explain UPDATE sbtest5 SET k=k+1 WHERE id=9824549
	Update on sbtest5  (cost=0.43..8.46 rows=0 width=0)
	  ->  Index Scan using sbtest5_pkey on sbtest5  (cost=0.43..8.46 rows=1 width=10)
	        Index Cond: (id = 9824549)

table 6 : explain UPDATE sbtest6 SET k=k+1 WHERE id=5730728
	Update on sbtest6  (cost=0.43..8.46 rows=0 width=0)
	  ->  Index Scan using sbtest6_pkey on sbtest6  (cost=0.43..8.46 rows=1 width=10)
	        Index Cond: (id = 5730728)

table 7 : explain UPDATE sbtest7 SET k=k+1 WHERE id=4857613
	Update on sbtest7  (cost=0.43..8.46 rows=0 width=0)
	  ->  Index Scan using sbtest7_pkey on sbtest7  (cost=0.43..8.46 rows=1 width=10)
	        Index Cond: (id = 4857613)

table 8 : explain UPDATE sbtest8 SET k=k+1 WHERE id=491323
	Update on sbtest8  (cost=0.43..8.46 rows=0 width=0)
	  ->  Index Scan using sbtest8_pkey on sbtest8  (cost=0.43..8.46 rows=1 width=10)
	        Index Cond: (id = 491323)

explain: for deletes :: explain DELETE FROM sbtest%u WHERE id=%u
explain: for non_index_updates :: explain UPDATE sbtest%u SET c='foobar' WHERE id=%u
for: simple_ranges
table 1 : explain SELECT c FROM sbtest1 WHERE id BETWEEN 1751378 AND 1751477
	Index Scan using sbtest1_pkey on sbtest1  (cost=0.43..372.29 rows=97 width=121)
	  Index Cond: ((id >= 1751378) AND (id <= 1751477))

table 2 : explain SELECT c FROM sbtest2 WHERE id BETWEEN 607539 AND 607638
	Index Scan using sbtest2_pkey on sbtest2  (cost=0.43..357.21 rows=94 width=121)
	  Index Cond: ((id >= 607539) AND (id <= 607638))

table 3 : explain SELECT c FROM sbtest3 WHERE id BETWEEN 5425579 AND 5425678
	Index Scan using sbtest3_pkey on sbtest3  (cost=0.43..386.93 rows=101 width=121)
	  Index Cond: ((id >= 5425579) AND (id <= 5425678))

table 4 : explain SELECT c FROM sbtest4 WHERE id BETWEEN 265767 AND 265866
	Index Scan using sbtest4_pkey on sbtest4  (cost=0.43..428.77 rows=112 width=121)
	  Index Cond: ((id >= 265767) AND (id <= 265866))

table 5 : explain SELECT c FROM sbtest5 WHERE id BETWEEN 8567326 AND 8567425
	Index Scan using sbtest5_pkey on sbtest5  (cost=0.43..367.36 rows=96 width=121)
	  Index Cond: ((id >= 8567326) AND (id <= 8567425))

table 6 : explain SELECT c FROM sbtest6 WHERE id BETWEEN 8023077 AND 8023176
	Index Scan using sbtest6_pkey on sbtest6  (cost=0.43..446.66 rows=117 width=121)
	  Index Cond: ((id >= 8023077) AND (id <= 8023176))

table 7 : explain SELECT c FROM sbtest7 WHERE id BETWEEN 6902818 AND 6902917
	Index Scan using sbtest7_pkey on sbtest7  (cost=0.43..402.52 rows=106 width=121)
	  Index Cond: ((id >= 6902818) AND (id <= 6902917))

table 8 : explain SELECT c FROM sbtest8 WHERE id BETWEEN 3338758 AND 3338857
	Index Scan using sbtest8_pkey on sbtest8  (cost=0.43..347.52 rows=91 width=121)
	  Index Cond: ((id >= 3338758) AND (id <= 3338857))

for deletes
table 1 : explain DELETE FROM sbtest1 WHERE id=4063778
	Delete on sbtest1  (cost=0.43..8.45 rows=0 width=0)
	  ->  Index Scan using sbtest1_pkey on sbtest1  (cost=0.43..8.45 rows=1 width=6)
	        Index Cond: (id = 4063778)

table 2 : explain DELETE FROM sbtest2 WHERE id=6084696
	Delete on sbtest2  (cost=0.43..8.45 rows=0 width=0)
	  ->  Index Scan using sbtest2_pkey on sbtest2  (cost=0.43..8.45 rows=1 width=6)
	        Index Cond: (id = 6084696)

table 3 : explain DELETE FROM sbtest3 WHERE id=3126938
	Delete on sbtest3  (cost=0.43..8.45 rows=0 width=0)
	  ->  Index Scan using sbtest3_pkey on sbtest3  (cost=0.43..8.45 rows=1 width=6)
	        Index Cond: (id = 3126938)

table 4 : explain DELETE FROM sbtest4 WHERE id=7870040
	Delete on sbtest4  (cost=0.43..8.45 rows=0 width=0)
	  ->  Index Scan using sbtest4_pkey on sbtest4  (cost=0.43..8.45 rows=1 width=6)
	        Index Cond: (id = 7870040)

table 5 : explain DELETE FROM sbtest5 WHERE id=3651661
	Delete on sbtest5  (cost=0.43..8.45 rows=0 width=0)
	  ->  Index Scan using sbtest5_pkey on sbtest5  (cost=0.43..8.45 rows=1 width=6)
	        Index Cond: (id = 3651661)

table 6 : explain DELETE FROM sbtest6 WHERE id=6497618
	Delete on sbtest6  (cost=0.43..8.45 rows=0 width=0)
	  ->  Index Scan using sbtest6_pkey on sbtest6  (cost=0.43..8.45 rows=1 width=6)
	        Index Cond: (id = 6497618)

table 7 : explain DELETE FROM sbtest7 WHERE id=749844
	Delete on sbtest7  (cost=0.43..8.45 rows=0 width=0)
	  ->  Index Scan using sbtest7_pkey on sbtest7  (cost=0.43..8.45 rows=1 width=6)
	        Index Cond: (id = 749844)

table 8 : explain DELETE FROM sbtest8 WHERE id=1519787
	Delete on sbtest8  (cost=0.43..8.45 rows=0 width=0)
	  ->  Index Scan using sbtest8_pkey on sbtest8  (cost=0.43..8.45 rows=1 width=6)
	        Index Cond: (id = 1519787)

explain: for non_index_updates :: explain UPDATE sbtest%u SET c='foobar' WHERE id=%u
for: distinct_ranges
table 1 : explain SELECT DISTINCT c FROM sbtest1 WHERE id BETWEEN 5164203 AND 5164302 ORDER BY c
	Unique  (cost=413.78..414.32 rows=107 width=121)
	  ->  Sort  (cost=413.78..414.05 rows=107 width=121)
	        Sort Key: c
	        ->  Index Scan using sbtest1_pkey on sbtest1  (cost=0.43..410.17 rows=107 width=121)
	              Index Cond: ((id >= 5164203) AND (id <= 5164302))

table 2 : explain SELECT DISTINCT c FROM sbtest2 WHERE id BETWEEN 6195002 AND 6195101 ORDER BY c
	Unique  (cost=375.45..375.94 rows=98 width=121)
	  ->  Sort  (cost=375.45..375.70 rows=98 width=121)
	        Sort Key: c
	        ->  Index Scan using sbtest2_pkey on sbtest2  (cost=0.43..372.21 rows=98 width=121)
	              Index Cond: ((id >= 6195002) AND (id <= 6195101))

table 3 : explain SELECT DISTINCT c FROM sbtest3 WHERE id BETWEEN 128046 AND 128145 ORDER BY c
	Unique  (cost=386.47..386.97 rows=100 width=121)
	  ->  Sort  (cost=386.47..386.72 rows=100 width=121)
	        Sort Key: c
	        ->  Index Scan using sbtest3_pkey on sbtest3  (cost=0.43..383.14 rows=100 width=121)
	              Index Cond: ((id >= 128046) AND (id <= 128145))

table 4 : explain SELECT DISTINCT c FROM sbtest4 WHERE id BETWEEN 3101212 AND 3101311 ORDER BY c
	Unique  (cost=359.84..360.30 rows=93 width=121)
	  ->  Sort  (cost=359.84..360.07 rows=93 width=121)
	        Sort Key: c
	        ->  Index Scan using sbtest4_pkey on sbtest4  (cost=0.43..356.80 rows=93 width=121)
	              Index Cond: ((id >= 3101212) AND (id <= 3101311))

table 5 : explain SELECT DISTINCT c FROM sbtest5 WHERE id BETWEEN 8722797 AND 8722896 ORDER BY c
	Unique  (cost=427.84..428.40 rows=111 width=121)
	  ->  Sort  (cost=427.84..428.12 rows=111 width=121)
	        Sort Key: c
	        ->  Index Scan using sbtest5_pkey on sbtest5  (cost=0.43..424.07 rows=111 width=121)
	              Index Cond: ((id >= 8722797) AND (id <= 8722896))

table 6 : explain SELECT DISTINCT c FROM sbtest6 WHERE id BETWEEN 7126601 AND 7126700 ORDER BY c
	Unique  (cost=385.79..386.29 rows=100 width=121)
	  ->  Sort  (cost=385.79..386.04 rows=100 width=121)
	        Sort Key: c
	        ->  Index Scan using sbtest6_pkey on sbtest6  (cost=0.43..382.47 rows=100 width=121)
	              Index Cond: ((id >= 7126601) AND (id <= 7126700))

table 7 : explain SELECT DISTINCT c FROM sbtest7 WHERE id BETWEEN 8060543 AND 8060642 ORDER BY c
	Unique  (cost=356.73..357.19 rows=93 width=121)
	  ->  Sort  (cost=356.73..356.96 rows=93 width=121)
	        Sort Key: c
	        ->  Index Scan using sbtest7_pkey on sbtest7  (cost=0.43..353.69 rows=93 width=121)
	              Index Cond: ((id >= 8060543) AND (id <= 8060642))

table 8 : explain SELECT DISTINCT c FROM sbtest8 WHERE id BETWEEN 8718317 AND 8718416 ORDER BY c
	Unique  (cost=384.80..385.30 rows=100 width=121)
	  ->  Sort  (cost=384.80..385.05 rows=100 width=121)
	        Sort Key: c
	        ->  Index Scan using sbtest8_pkey on sbtest8  (cost=0.43..381.48 rows=100 width=121)
	              Index Cond: ((id >= 8718317) AND (id <= 8718416))

for deletes
table 1 : explain DELETE FROM sbtest1 WHERE id=3825392
	Delete on sbtest1  (cost=0.43..8.45 rows=0 width=0)
	  ->  Index Scan using sbtest1_pkey on sbtest1  (cost=0.43..8.45 rows=1 width=6)
	        Index Cond: (id = 3825392)

table 2 : explain DELETE FROM sbtest2 WHERE id=1852476
	Delete on sbtest2  (cost=0.43..8.45 rows=0 width=0)
	  ->  Index Scan using sbtest2_pkey on sbtest2  (cost=0.43..8.45 rows=1 width=6)
	        Index Cond: (id = 1852476)

table 3 : explain DELETE FROM sbtest3 WHERE id=7657428
	Delete on sbtest3  (cost=0.43..8.45 rows=0 width=0)
	  ->  Index Scan using sbtest3_pkey on sbtest3  (cost=0.43..8.45 rows=1 width=6)
	        Index Cond: (id = 7657428)

table 4 : explain DELETE FROM sbtest4 WHERE id=2782421
	Delete on sbtest4  (cost=0.43..8.45 rows=0 width=0)
	  ->  Index Scan using sbtest4_pkey on sbtest4  (cost=0.43..8.45 rows=1 width=6)
	        Index Cond: (id = 2782421)

table 5 : explain DELETE FROM sbtest5 WHERE id=410764
	Delete on sbtest5  (cost=0.43..8.45 rows=0 width=0)
	  ->  Index Scan using sbtest5_pkey on sbtest5  (cost=0.43..8.45 rows=1 width=6)
	        Index Cond: (id = 410764)

table 6 : explain DELETE FROM sbtest6 WHERE id=1415071
	Delete on sbtest6  (cost=0.43..8.45 rows=0 width=0)
	  ->  Index Scan using sbtest6_pkey on sbtest6  (cost=0.43..8.45 rows=1 width=6)
	        Index Cond: (id = 1415071)

table 7 : explain DELETE FROM sbtest7 WHERE id=4853702
	Delete on sbtest7  (cost=0.43..8.45 rows=0 width=0)
	  ->  Index Scan using sbtest7_pkey on sbtest7  (cost=0.43..8.45 rows=1 width=6)
	        Index Cond: (id = 4853702)

table 8 : explain DELETE FROM sbtest8 WHERE id=4730774
	Delete on sbtest8  (cost=0.43..8.45 rows=0 width=0)
	  ->  Index Scan using sbtest8_pkey on sbtest8  (cost=0.43..8.45 rows=1 width=6)
	        Index Cond: (id = 4730774)

for non_index_updates
table 1 : explain UPDATE sbtest1 SET c='foobar' WHERE id=8884891
	Update on sbtest1  (cost=0.43..8.45 rows=0 width=0)
	  ->  Index Scan using sbtest1_pkey on sbtest1  (cost=0.43..8.45 rows=1 width=490)
	        Index Cond: (id = 8884891)

table 2 : explain UPDATE sbtest2 SET c='foobar' WHERE id=8580506
	Update on sbtest2  (cost=0.43..8.45 rows=0 width=0)
	  ->  Index Scan using sbtest2_pkey on sbtest2  (cost=0.43..8.45 rows=1 width=490)
	        Index Cond: (id = 8580506)

table 3 : explain UPDATE sbtest3 SET c='foobar' WHERE id=9999395
	Update on sbtest3  (cost=0.43..8.45 rows=0 width=0)
	  ->  Index Scan using sbtest3_pkey on sbtest3  (cost=0.43..8.45 rows=1 width=490)
	        Index Cond: (id = 9999395)

table 4 : explain UPDATE sbtest4 SET c='foobar' WHERE id=4123588
	Update on sbtest4  (cost=0.43..8.45 rows=0 width=0)
	  ->  Index Scan using sbtest4_pkey on sbtest4  (cost=0.43..8.45 rows=1 width=490)
	        Index Cond: (id = 4123588)

table 5 : explain UPDATE sbtest5 SET c='foobar' WHERE id=5948710
	Update on sbtest5  (cost=0.43..8.45 rows=0 width=0)
	  ->  Index Scan using sbtest5_pkey on sbtest5  (cost=0.43..8.45 rows=1 width=490)
	        Index Cond: (id = 5948710)

table 6 : explain UPDATE sbtest6 SET c='foobar' WHERE id=6995377
	Update on sbtest6  (cost=0.43..8.45 rows=0 width=0)
	  ->  Index Scan using sbtest6_pkey on sbtest6  (cost=0.43..8.45 rows=1 width=490)
	        Index Cond: (id = 6995377)

table 7 : explain UPDATE sbtest7 SET c='foobar' WHERE id=7234906
	Update on sbtest7  (cost=0.43..8.45 rows=0 width=0)
	  ->  Index Scan using sbtest7_pkey on sbtest7  (cost=0.43..8.45 rows=1 width=490)
	        Index Cond: (id = 7234906)

table 8 : explain UPDATE sbtest8 SET c='foobar' WHERE id=4818856
	Update on sbtest8  (cost=0.43..8.45 rows=0 width=0)
	  ->  Index Scan using sbtest8_pkey on sbtest8  (cost=0.43..8.45 rows=1 width=490)
	        Index Cond: (id = 4818856)

explain: for inserts :: explain INSERT INTO sbtest%u (id, k, c, pad) VALUES (%u, 13, 'foobar', 'foobar')
explain: for deletes :: explain DELETE FROM sbtest%u WHERE id=%u
explain: for deletes :: explain DELETE FROM sbtest%u WHERE id=%u
for non_index_updates
table 1 : explain UPDATE sbtest1 SET c='foobar' WHERE id=3387980
	Update on sbtest1  (cost=0.43..8.45 rows=0 width=0)
	  ->  Index Scan using sbtest1_pkey on sbtest1  (cost=0.43..8.45 rows=1 width=490)
	        Index Cond: (id = 3387980)

table 2 : explain UPDATE sbtest2 SET c='foobar' WHERE id=2500042
	Update on sbtest2  (cost=0.43..8.45 rows=0 width=0)
	  ->  Index Scan using sbtest2_pkey on sbtest2  (cost=0.43..8.45 rows=1 width=490)
	        Index Cond: (id = 2500042)

table 3 : explain UPDATE sbtest3 SET c='foobar' WHERE id=4984890
	Update on sbtest3  (cost=0.43..8.45 rows=0 width=0)
	  ->  Index Scan using sbtest3_pkey on sbtest3  (cost=0.43..8.45 rows=1 width=490)
	        Index Cond: (id = 4984890)

table 4 : explain UPDATE sbtest4 SET c='foobar' WHERE id=1695916
	Update on sbtest4  (cost=0.43..8.45 rows=0 width=0)
	  ->  Index Scan using sbtest4_pkey on sbtest4  (cost=0.43..8.45 rows=1 width=490)
	        Index Cond: (id = 1695916)

table 5 : explain UPDATE sbtest5 SET c='foobar' WHERE id=9805512
	Update on sbtest5  (cost=0.43..8.45 rows=0 width=0)
	  ->  Index Scan using sbtest5_pkey on sbtest5  (cost=0.43..8.45 rows=1 width=490)
	        Index Cond: (id = 9805512)

table 6 : explain UPDATE sbtest6 SET c='foobar' WHERE id=9893367
	Update on sbtest6  (cost=0.43..8.45 rows=0 width=0)
	  ->  Index Scan using sbtest6_pkey on sbtest6  (cost=0.43..8.45 rows=1 width=490)
	        Index Cond: (id = 9893367)

table 7 : explain UPDATE sbtest7 SET c='foobar' WHERE id=3806525
	Update on sbtest7  (cost=0.43..8.45 rows=0 width=0)
	  ->  Index Scan using sbtest7_pkey on sbtest7  (cost=0.43..8.45 rows=1 width=490)
	        Index Cond: (id = 3806525)

table 8 : explain UPDATE sbtest8 SET c='foobar' WHERE id=3277459
	Update on sbtest8  (cost=0.43..8.45 rows=0 width=0)
	  ->  Index Scan using sbtest8_pkey on sbtest8  (cost=0.43..8.45 rows=1 width=490)
	        Index Cond: (id = 3277459)

for non_index_updates
table 1 : explain UPDATE sbtest1 SET c='foobar' WHERE id=7525164
	Update on sbtest1  (cost=0.43..8.45 rows=0 width=0)
	  ->  Index Scan using sbtest1_pkey on sbtest1  (cost=0.43..8.45 rows=1 width=490)
	        Index Cond: (id = 7525164)

table 2 : explain UPDATE sbtest2 SET c='foobar' WHERE id=5350657
	Update on sbtest2  (cost=0.43..8.45 rows=0 width=0)
	  ->  Index Scan using sbtest2_pkey on sbtest2  (cost=0.43..8.45 rows=1 width=490)
	        Index Cond: (id = 5350657)

table 3 : explain UPDATE sbtest3 SET c='foobar' WHERE id=6024331
	Update on sbtest3  (cost=0.43..8.45 rows=0 width=0)
	  ->  Index Scan using sbtest3_pkey on sbtest3  (cost=0.43..8.45 rows=1 width=490)
	        Index Cond: (id = 6024331)

table 4 : explain UPDATE sbtest4 SET c='foobar' WHERE id=6490819
	Update on sbtest4  (cost=0.43..8.45 rows=0 width=0)
	  ->  Index Scan using sbtest4_pkey on sbtest4  (cost=0.43..8.45 rows=1 width=490)
	        Index Cond: (id = 6490819)

table 5 : explain UPDATE sbtest5 SET c='foobar' WHERE id=2392706
	Update on sbtest5  (cost=0.43..8.45 rows=0 width=0)
	  ->  Index Scan using sbtest5_pkey on sbtest5  (cost=0.43..8.45 rows=1 width=490)
	        Index Cond: (id = 2392706)

table 6 : explain UPDATE sbtest6 SET c='foobar' WHERE id=3184355
	Update on sbtest6  (cost=0.43..8.45 rows=0 width=0)
	  ->  Index Scan using sbtest6_pkey on sbtest6  (cost=0.43..8.45 rows=1 width=490)
	        Index Cond: (id = 3184355)

table 7 : explain UPDATE sbtest7 SET c='foobar' WHERE id=3580020
	Update on sbtest7  (cost=0.43..8.45 rows=0 width=0)
	  ->  Index Scan using sbtest7_pkey on sbtest7  (cost=0.43..8.45 rows=1 width=490)
	        Index Cond: (id = 3580020)

table 8 : explain UPDATE sbtest8 SET c='foobar' WHERE id=4105159
	Update on sbtest8  (cost=0.43..8.45 rows=0 width=0)
	  ->  Index Scan using sbtest8_pkey on sbtest8  (cost=0.43..8.45 rows=1 width=490)
	        Index Cond: (id = 4105159)

explain: for inserts :: explain INSERT INTO sbtest%u (id, k, c, pad) VALUES (%u, 13, 'foobar', 'foobar')
for inserts
table 1 : explain INSERT INTO sbtest1 (id, k, c, pad) VALUES (4154100, 13, 'foobar', 'foobar')
	Insert on sbtest1  (cost=0.00..0.01 rows=0 width=0)
	  ->  Result  (cost=0.00..0.01 rows=1 width=736)

table 2 : explain INSERT INTO sbtest2 (id, k, c, pad) VALUES (615637, 13, 'foobar', 'foobar')
	Insert on sbtest2  (cost=0.00..0.01 rows=0 width=0)
	  ->  Result  (cost=0.00..0.01 rows=1 width=736)

table 3 : explain INSERT INTO sbtest3 (id, k, c, pad) VALUES (8186440, 13, 'foobar', 'foobar')
	Insert on sbtest3  (cost=0.00..0.01 rows=0 width=0)
	  ->  Result  (cost=0.00..0.01 rows=1 width=736)

table 4 : explain INSERT INTO sbtest4 (id, k, c, pad) VALUES (5537137, 13, 'foobar', 'foobar')
	Insert on sbtest4  (cost=0.00..0.01 rows=0 width=0)
	  ->  Result  (cost=0.00..0.01 rows=1 width=736)

table 5 : explain INSERT INTO sbtest5 (id, k, c, pad) VALUES (6537778, 13, 'foobar', 'foobar')
	Insert on sbtest5  (cost=0.00..0.01 rows=0 width=0)
	  ->  Result  (cost=0.00..0.01 rows=1 width=736)

table 6 : explain INSERT INTO sbtest6 (id, k, c, pad) VALUES (610153, 13, 'foobar', 'foobar')
	Insert on sbtest6  (cost=0.00..0.01 rows=0 width=0)
	  ->  Result  (cost=0.00..0.01 rows=1 width=736)

table 7 : explain INSERT INTO sbtest7 (id, k, c, pad) VALUES (6167720, 13, 'foobar', 'foobar')
	Insert on sbtest7  (cost=0.00..0.01 rows=0 width=0)
	  ->  Result  (cost=0.00..0.01 rows=1 width=736)

table 8 : explain INSERT INTO sbtest8 (id, k, c, pad) VALUES (2729402, 13, 'foobar', 'foobar')
	Insert on sbtest8  (cost=0.00..0.01 rows=0 width=0)
	  ->  Result  (cost=0.00..0.01 rows=1 width=736)

explain: for deletes :: explain DELETE FROM sbtest%u WHERE id=%u
for deletes
table 1 : explain DELETE FROM sbtest1 WHERE id=1576490
	Delete on sbtest1  (cost=0.43..8.45 rows=0 width=0)
	  ->  Index Scan using sbtest1_pkey on sbtest1  (cost=0.43..8.45 rows=1 width=6)
	        Index Cond: (id = 1576490)

table 2 : explain DELETE FROM sbtest2 WHERE id=2199120
	Delete on sbtest2  (cost=0.43..8.45 rows=0 width=0)
	  ->  Index Scan using sbtest2_pkey on sbtest2  (cost=0.43..8.45 rows=1 width=6)
	        Index Cond: (id = 2199120)

table 3 : explain DELETE FROM sbtest3 WHERE id=2266514
	Delete on sbtest3  (cost=0.43..8.45 rows=0 width=0)
	  ->  Index Scan using sbtest3_pkey on sbtest3  (cost=0.43..8.45 rows=1 width=6)
	        Index Cond: (id = 2266514)

table 4 : explain DELETE FROM sbtest4 WHERE id=1877927
	Delete on sbtest4  (cost=0.43..8.45 rows=0 width=0)
	  ->  Index Scan using sbtest4_pkey on sbtest4  (cost=0.43..8.45 rows=1 width=6)
	        Index Cond: (id = 1877927)

table 5 : explain DELETE FROM sbtest5 WHERE id=7957306
	Delete on sbtest5  (cost=0.43..8.45 rows=0 width=0)
	  ->  Index Scan using sbtest5_pkey on sbtest5  (cost=0.43..8.45 rows=1 width=6)
	        Index Cond: (id = 7957306)

table 6 : explain DELETE FROM sbtest6 WHERE id=7051532
	Delete on sbtest6  (cost=0.43..8.45 rows=0 width=0)
	  ->  Index Scan using sbtest6_pkey on sbtest6  (cost=0.43..8.45 rows=1 width=6)
	        Index Cond: (id = 7051532)

table 7 : explain DELETE FROM sbtest7 WHERE id=1021360
	Delete on sbtest7  (cost=0.43..8.45 rows=0 width=0)
	  ->  Index Scan using sbtest7_pkey on sbtest7  (cost=0.43..8.45 rows=1 width=6)
	        Index Cond: (id = 1021360)

table 8 : explain DELETE FROM sbtest8 WHERE id=9953178
	Delete on sbtest8  (cost=0.43..8.45 rows=0 width=0)
	  ->  Index Scan using sbtest8_pkey on sbtest8  (cost=0.43..8.45 rows=1 width=6)
	        Index Cond: (id = 9953178)

explain: for index_updates :: explain UPDATE sbtest%u SET k=k+1 WHERE id=%u
for: sum_ranges
table 1 : explain SELECT SUM(k) FROM sbtest1 WHERE id BETWEEN 8810127 AND 8810226
	Aggregate  (cost=387.70..387.71 rows=1 width=8)
	  ->  Index Scan using sbtest1_pkey on sbtest1  (cost=0.43..387.45 rows=101 width=4)
	        Index Cond: ((id >= 8810127) AND (id <= 8810226))

table 2 : explain SELECT SUM(k) FROM sbtest2 WHERE id BETWEEN 4614411 AND 4614510
	Aggregate  (cost=383.78..383.79 rows=1 width=8)
	  ->  Index Scan using sbtest2_pkey on sbtest2  (cost=0.43..383.52 rows=101 width=4)
	        Index Cond: ((id >= 4614411) AND (id <= 4614510))

table 3 : explain SELECT SUM(k) FROM sbtest3 WHERE id BETWEEN 6799249 AND 6799348
	Aggregate  (cost=390.97..390.98 rows=1 width=8)
	  ->  Index Scan using sbtest3_pkey on sbtest3  (cost=0.43..390.71 rows=102 width=4)
	        Index Cond: ((id >= 6799249) AND (id <= 6799348))

table 4 : explain SELECT SUM(k) FROM sbtest4 WHERE id BETWEEN 7335481 AND 7335580
	Aggregate  (cost=391.18..391.19 rows=1 width=8)
	  ->  Index Scan using sbtest4_pkey on sbtest4  (cost=0.43..390.92 rows=102 width=4)
	        Index Cond: ((id >= 7335481) AND (id <= 7335580))

table 5 : explain SELECT SUM(k) FROM sbtest5 WHERE id BETWEEN 934685 AND 934784
	Aggregate  (cost=382.78..382.79 rows=1 width=8)
	  ->  Index Scan using sbtest5_pkey on sbtest5  (cost=0.43..382.53 rows=100 width=4)
	        Index Cond: ((id >= 934685) AND (id <= 934784))

table 6 : explain SELECT SUM(k) FROM sbtest6 WHERE id BETWEEN 1977638 AND 1977737
	Aggregate  (cost=348.65..348.66 rows=1 width=8)
	  ->  Index Scan using sbtest6_pkey on sbtest6  (cost=0.43..348.42 rows=91 width=4)
	        Index Cond: ((id >= 1977638) AND (id <= 1977737))

table 7 : explain SELECT SUM(k) FROM sbtest7 WHERE id BETWEEN 2699231 AND 2699330
	Aggregate  (cost=369.00..369.01 rows=1 width=8)
	  ->  Index Scan using sbtest7_pkey on sbtest7  (cost=0.43..368.76 rows=97 width=4)
	        Index Cond: ((id >= 2699231) AND (id <= 2699330))

table 8 : explain SELECT SUM(k) FROM sbtest8 WHERE id BETWEEN 6151142 AND 6151241
	Aggregate  (cost=355.29..355.30 rows=1 width=8)
	  ->  Index Scan using sbtest8_pkey on sbtest8  (cost=0.43..355.06 rows=93 width=4)
	        Index Cond: ((id >= 6151142) AND (id <= 6151241))

for inserts
table 1 : explain INSERT INTO sbtest1 (id, k, c, pad) VALUES (1102819, 13, 'foobar', 'foobar')
	Insert on sbtest1  (cost=0.00..0.01 rows=0 width=0)
	  ->  Result  (cost=0.00..0.01 rows=1 width=736)

table 2 : explain INSERT INTO sbtest2 (id, k, c, pad) VALUES (9039921, 13, 'foobar', 'foobar')
	Insert on sbtest2  (cost=0.00..0.01 rows=0 width=0)
	  ->  Result  (cost=0.00..0.01 rows=1 width=736)

table 3 : explain INSERT INTO sbtest3 (id, k, c, pad) VALUES (4449708, 13, 'foobar', 'foobar')
	Insert on sbtest3  (cost=0.00..0.01 rows=0 width=0)
	  ->  Result  (cost=0.00..0.01 rows=1 width=736)

table 4 : explain INSERT INTO sbtest4 (id, k, c, pad) VALUES (2642029, 13, 'foobar', 'foobar')
	Insert on sbtest4  (cost=0.00..0.01 rows=0 width=0)
	  ->  Result  (cost=0.00..0.01 rows=1 width=736)

table 5 : explain INSERT INTO sbtest5 (id, k, c, pad) VALUES (2290868, 13, 'foobar', 'foobar')
	Insert on sbtest5  (cost=0.00..0.01 rows=0 width=0)
	  ->  Result  (cost=0.00..0.01 rows=1 width=736)

table 6 : explain INSERT INTO sbtest6 (id, k, c, pad) VALUES (2972092, 13, 'foobar', 'foobar')
	Insert on sbtest6  (cost=0.00..0.01 rows=0 width=0)
	  ->  Result  (cost=0.00..0.01 rows=1 width=736)

table 7 : explain INSERT INTO sbtest7 (id, k, c, pad) VALUES (804274, 13, 'foobar', 'foobar')
	Insert on sbtest7  (cost=0.00..0.01 rows=0 width=0)
	  ->  Result  (cost=0.00..0.01 rows=1 width=736)

table 8 : explain INSERT INTO sbtest8 (id, k, c, pad) VALUES (6429107, 13, 'foobar', 'foobar')
	Insert on sbtest8  (cost=0.00..0.01 rows=0 width=0)
	  ->  Result  (cost=0.00..0.01 rows=1 width=736)

explain: for deletes :: explain DELETE FROM sbtest%u WHERE id=%u
for deletes
table 1 : explain DELETE FROM sbtest1 WHERE id=2262032
	Delete on sbtest1  (cost=0.43..8.45 rows=0 width=0)
	  ->  Index Scan using sbtest1_pkey on sbtest1  (cost=0.43..8.45 rows=1 width=6)
	        Index Cond: (id = 2262032)

table 2 : explain DELETE FROM sbtest2 WHERE id=2386460
	Delete on sbtest2  (cost=0.43..8.45 rows=0 width=0)
	  ->  Index Scan using sbtest2_pkey on sbtest2  (cost=0.43..8.45 rows=1 width=6)
	        Index Cond: (id = 2386460)

table 3 : explain DELETE FROM sbtest3 WHERE id=4418410
	Delete on sbtest3  (cost=0.43..8.45 rows=0 width=0)
	  ->  Index Scan using sbtest3_pkey on sbtest3  (cost=0.43..8.45 rows=1 width=6)
	        Index Cond: (id = 4418410)

table 4 : explain DELETE FROM sbtest4 WHERE id=7932659
	Delete on sbtest4  (cost=0.43..8.45 rows=0 width=0)
	  ->  Index Scan using sbtest4_pkey on sbtest4  (cost=0.43..8.45 rows=1 width=6)
	        Index Cond: (id = 7932659)

table 5 : explain DELETE FROM sbtest5 WHERE id=3822715
	Delete on sbtest5  (cost=0.43..8.45 rows=0 width=0)
	  ->  Index Scan using sbtest5_pkey on sbtest5  (cost=0.43..8.45 rows=1 width=6)
	        Index Cond: (id = 3822715)

table 6 : explain DELETE FROM sbtest6 WHERE id=5255632
	Delete on sbtest6  (cost=0.43..8.45 rows=0 width=0)
	  ->  Index Scan using sbtest6_pkey on sbtest6  (cost=0.43..8.45 rows=1 width=6)
	        Index Cond: (id = 5255632)

table 7 : explain DELETE FROM sbtest7 WHERE id=668622
	Delete on sbtest7  (cost=0.43..8.45 rows=0 width=0)
	  ->  Index Scan using sbtest7_pkey on sbtest7  (cost=0.43..8.45 rows=1 width=6)
	        Index Cond: (id = 668622)

table 8 : explain DELETE FROM sbtest8 WHERE id=7322385
	Delete on sbtest8  (cost=0.43..8.45 rows=0 width=0)
	  ->  Index Scan using sbtest8_pkey on sbtest8  (cost=0.43..8.45 rows=1 width=6)
	        Index Cond: (id = 7322385)

for deletes
table 1 : explain DELETE FROM sbtest1 WHERE id=1793839
	Delete on sbtest1  (cost=0.43..8.45 rows=0 width=0)
	  ->  Index Scan using sbtest1_pkey on sbtest1  (cost=0.43..8.45 rows=1 width=6)
	        Index Cond: (id = 1793839)

table 2 : explain DELETE FROM sbtest2 WHERE id=647219
	Delete on sbtest2  (cost=0.43..8.45 rows=0 width=0)
	  ->  Index Scan using sbtest2_pkey on sbtest2  (cost=0.43..8.45 rows=1 width=6)
	        Index Cond: (id = 647219)

table 3 : explain DELETE FROM sbtest3 WHERE id=6772037
	Delete on sbtest3  (cost=0.43..8.45 rows=0 width=0)
	  ->  Index Scan using sbtest3_pkey on sbtest3  (cost=0.43..8.45 rows=1 width=6)
	        Index Cond: (id = 6772037)

table 4 : explain DELETE FROM sbtest4 WHERE id=4605136
	Delete on sbtest4  (cost=0.43..8.45 rows=0 width=0)
	  ->  Index Scan using sbtest4_pkey on sbtest4  (cost=0.43..8.45 rows=1 width=6)
	        Index Cond: (id = 4605136)

table 5 : explain DELETE FROM sbtest5 WHERE id=246204
	Delete on sbtest5  (cost=0.43..8.45 rows=0 width=0)
	  ->  Index Scan using sbtest5_pkey on sbtest5  (cost=0.43..8.45 rows=1 width=6)
	        Index Cond: (id = 246204)

table 6 : explain DELETE FROM sbtest6 WHERE id=9567709
	Delete on sbtest6  (cost=0.43..8.45 rows=0 width=0)
	  ->  Index Scan using sbtest6_pkey on sbtest6  (cost=0.43..8.45 rows=1 width=6)
	        Index Cond: (id = 9567709)

table 7 : explain DELETE FROM sbtest7 WHERE id=7563210
	Delete on sbtest7  (cost=0.43..8.45 rows=0 width=0)
	  ->  Index Scan using sbtest7_pkey on sbtest7  (cost=0.43..8.45 rows=1 width=6)
	        Index Cond: (id = 7563210)

table 8 : explain DELETE FROM sbtest8 WHERE id=2193785
	Delete on sbtest8  (cost=0.43..8.45 rows=0 width=0)
	  ->  Index Scan using sbtest8_pkey on sbtest8  (cost=0.43..8.45 rows=1 width=6)
	        Index Cond: (id = 2193785)

for: sum_ranges
table 1 : explain SELECT SUM(k) FROM sbtest1 WHERE id BETWEEN 1642628 AND 1642727
	Aggregate  (cost=410.44..410.45 rows=1 width=8)
	  ->  Index Scan using sbtest1_pkey on sbtest1  (cost=0.43..410.17 rows=107 width=4)
	        Index Cond: ((id >= 1642628) AND (id <= 1642727))

table 2 : explain SELECT SUM(k) FROM sbtest2 WHERE id BETWEEN 8747119 AND 8747218
	Aggregate  (cost=346.20..346.21 rows=1 width=8)
	  ->  Index Scan using sbtest2_pkey on sbtest2  (cost=0.43..345.97 rows=91 width=4)
	        Index Cond: ((id >= 8747119) AND (id <= 8747218))

table 3 : explain SELECT SUM(k) FROM sbtest3 WHERE id BETWEEN 5068932 AND 5069031
	Aggregate  (cost=406.11..406.12 rows=1 width=8)
	  ->  Index Scan using sbtest3_pkey on sbtest3  (cost=0.43..405.84 rows=106 width=4)
	        Index Cond: ((id >= 5068932) AND (id <= 5069031))

table 4 : explain SELECT SUM(k) FROM sbtest4 WHERE id BETWEEN 1397876 AND 1397975
	Aggregate  (cost=391.18..391.19 rows=1 width=8)
	  ->  Index Scan using sbtest4_pkey on sbtest4  (cost=0.43..390.92 rows=102 width=4)
	        Index Cond: ((id >= 1397876) AND (id <= 1397975))

table 5 : explain SELECT SUM(k) FROM sbtest5 WHERE id BETWEEN 768341 AND 768440
	Aggregate  (cost=405.45..405.46 rows=1 width=8)
	  ->  Index Scan using sbtest5_pkey on sbtest5  (cost=0.43..405.19 rows=106 width=4)
	        Index Cond: ((id >= 768341) AND (id <= 768440))

table 6 : explain SELECT SUM(k) FROM sbtest6 WHERE id BETWEEN 878935 AND 879034
	Aggregate  (cost=401.61..401.62 rows=1 width=8)
	  ->  Index Scan using sbtest6_pkey on sbtest6  (cost=0.43..401.35 rows=105 width=4)
	        Index Cond: ((id >= 878935) AND (id <= 879034))

table 7 : explain SELECT SUM(k) FROM sbtest7 WHERE id BETWEEN 3623884 AND 3623983
	Aggregate  (cost=369.00..369.01 rows=1 width=8)
	  ->  Index Scan using sbtest7_pkey on sbtest7  (cost=0.43..368.76 rows=97 width=4)
	        Index Cond: ((id >= 3623884) AND (id <= 3623983))

table 8 : explain SELECT SUM(k) FROM sbtest8 WHERE id BETWEEN 6581270 AND 6581369
	Aggregate  (cost=415.65..415.66 rows=1 width=8)
	  ->  Index Scan using sbtest8_pkey on sbtest8  (cost=0.43..415.38 rows=109 width=4)
	        Index Cond: ((id >= 6581270) AND (id <= 6581369))

explain: for inserts :: explain INSERT INTO sbtest%u (id, k, c, pad) VALUES (%u, 13, 'foobar', 'foobar')
for: sum_ranges
table 1 : explain SELECT SUM(k) FROM sbtest1 WHERE id BETWEEN 8800330 AND 8800429
	Aggregate  (cost=387.70..387.71 rows=1 width=8)
	  ->  Index Scan using sbtest1_pkey on sbtest1  (cost=0.43..387.45 rows=101 width=4)
	        Index Cond: ((id >= 8800330) AND (id <= 8800429))

table 2 : explain SELECT SUM(k) FROM sbtest2 WHERE id BETWEEN 9033115 AND 9033214
	Aggregate  (cost=372.45..372.46 rows=1 width=8)
	  ->  Index Scan using sbtest2_pkey on sbtest2  (cost=0.43..372.21 rows=98 width=4)
	        Index Cond: ((id >= 9033115) AND (id <= 9033214))

table 3 : explain SELECT SUM(k) FROM sbtest3 WHERE id BETWEEN 3136236 AND 3136335
	Aggregate  (cost=402.32..402.33 rows=1 width=8)
	  ->  Index Scan using sbtest3_pkey on sbtest3  (cost=0.43..402.06 rows=105 width=4)
	        Index Cond: ((id >= 3136236) AND (id <= 3136335))

table 4 : explain SELECT SUM(k) FROM sbtest4 WHERE id BETWEEN 6150716 AND 6150815
	Aggregate  (cost=376.03..376.04 rows=1 width=8)
	  ->  Index Scan using sbtest4_pkey on sbtest4  (cost=0.43..375.78 rows=98 width=4)
	        Index Cond: ((id >= 6150716) AND (id <= 6150815))

table 5 : explain SELECT SUM(k) FROM sbtest5 WHERE id BETWEEN 9190705 AND 9190804
	Aggregate  (cost=360.04..360.05 rows=1 width=8)
	  ->  Index Scan using sbtest5_pkey on sbtest5  (cost=0.43..359.81 rows=94 width=4)
	        Index Cond: ((id >= 9190705) AND (id <= 9190804))

table 6 : explain SELECT SUM(k) FROM sbtest6 WHERE id BETWEEN 6621483 AND 6621582
	Aggregate  (cost=378.94..378.95 rows=1 width=8)
	  ->  Index Scan using sbtest6_pkey on sbtest6  (cost=0.43..378.69 rows=99 width=4)
	        Index Cond: ((id >= 6621483) AND (id <= 6621582))

table 7 : explain SELECT SUM(k) FROM sbtest7 WHERE id BETWEEN 235955 AND 236054
	Aggregate  (cost=365.18..365.19 rows=1 width=8)
	  ->  Index Scan using sbtest7_pkey on sbtest7  (cost=0.43..364.94 rows=96 width=4)
	        Index Cond: ((id >= 235955) AND (id <= 236054))

table 8 : explain SELECT SUM(k) FROM sbtest8 WHERE id BETWEEN 1044984 AND 1045083
	Aggregate  (cost=400.57..400.58 rows=1 width=8)
	  ->  Index Scan using sbtest8_pkey on sbtest8  (cost=0.43..400.31 rows=105 width=4)
	        Index Cond: ((id >= 1044984) AND (id <= 1045083))

for: sum_ranges
table 1 : explain SELECT SUM(k) FROM sbtest1 WHERE id BETWEEN 7737753 AND 7737852
	Aggregate  (cost=391.49..391.50 rows=1 width=8)
	  ->  Index Scan using sbtest1_pkey on sbtest1  (cost=0.43..391.23 rows=102 width=4)
	        Index Cond: ((id >= 7737753) AND (id <= 7737852))

table 2 : explain SELECT SUM(k) FROM sbtest2 WHERE id BETWEEN 4564746 AND 4564845
	Aggregate  (cost=383.78..383.79 rows=1 width=8)
	  ->  Index Scan using sbtest2_pkey on sbtest2  (cost=0.43..383.52 rows=101 width=4)
	        Index Cond: ((id >= 4564746) AND (id <= 4564845))

table 3 : explain SELECT SUM(k) FROM sbtest3 WHERE id BETWEEN 6200360 AND 6200459
	Aggregate  (cost=379.55..379.56 rows=1 width=8)
	  ->  Index Scan using sbtest3_pkey on sbtest3  (cost=0.43..379.30 rows=99 width=4)
	        Index Cond: ((id >= 6200360) AND (id <= 6200459))

table 4 : explain SELECT SUM(k) FROM sbtest4 WHERE id BETWEEN 7167257 AND 7167356
	Aggregate  (cost=406.33..406.34 rows=1 width=8)
	  ->  Index Scan using sbtest4_pkey on sbtest4  (cost=0.43..406.06 rows=106 width=4)
	        Index Cond: ((id >= 7167257) AND (id <= 7167356))

table 5 : explain SELECT SUM(k) FROM sbtest5 WHERE id BETWEEN 2466649 AND 2466748
	Aggregate  (cost=397.89..397.90 rows=1 width=8)
	  ->  Index Scan using sbtest5_pkey on sbtest5  (cost=0.43..397.63 rows=104 width=4)
	        Index Cond: ((id >= 2466649) AND (id <= 2466748))

table 6 : explain SELECT SUM(k) FROM sbtest6 WHERE id BETWEEN 5252106 AND 5252205
	Aggregate  (cost=386.50..386.51 rows=1 width=8)
	  ->  Index Scan using sbtest6_pkey on sbtest6  (cost=0.43..386.25 rows=101 width=4)
	        Index Cond: ((id >= 5252106) AND (id <= 5252205))

table 7 : explain SELECT SUM(k) FROM sbtest7 WHERE id BETWEEN 4683305 AND 4683404
	Aggregate  (cost=417.80..417.81 rows=1 width=8)
	  ->  Index Scan using sbtest7_pkey on sbtest7  (cost=0.43..417.52 rows=110 width=4)
	        Index Cond: ((id >= 4683305) AND (id <= 4683404))

table 8 : explain SELECT SUM(k) FROM sbtest8 WHERE id BETWEEN 7205755 AND 7205854
	Aggregate  (cost=359.06..359.07 rows=1 width=8)
	  ->  Index Scan using sbtest8_pkey on sbtest8  (cost=0.43..358.82 rows=94 width=4)
	        Index Cond: ((id >= 7205755) AND (id <= 7205854))

for deletes
table 1 : explain DELETE FROM sbtest1 WHERE id=4206800
	Delete on sbtest1  (cost=0.43..8.45 rows=0 width=0)
	  ->  Index Scan using sbtest1_pkey on sbtest1  (cost=0.43..8.45 rows=1 width=6)
	        Index Cond: (id = 4206800)

table 2 : explain DELETE FROM sbtest2 WHERE id=7220958
	Delete on sbtest2  (cost=0.43..8.45 rows=0 width=0)
	  ->  Index Scan using sbtest2_pkey on sbtest2  (cost=0.43..8.45 rows=1 width=6)
	        Index Cond: (id = 7220958)

table 3 : explain DELETE FROM sbtest3 WHERE id=4490008
	Delete on sbtest3  (cost=0.43..8.45 rows=0 width=0)
	  ->  Index Scan using sbtest3_pkey on sbtest3  (cost=0.43..8.45 rows=1 width=6)
	        Index Cond: (id = 4490008)

table 4 : explain DELETE FROM sbtest4 WHERE id=3039866
	Delete on sbtest4  (cost=0.43..8.45 rows=0 width=0)
	  ->  Index Scan using sbtest4_pkey on sbtest4  (cost=0.43..8.45 rows=1 width=6)
	        Index Cond: (id = 3039866)

table 5 : explain DELETE FROM sbtest5 WHERE id=4336885
	Delete on sbtest5  (cost=0.43..8.45 rows=0 width=0)
	  ->  Index Scan using sbtest5_pkey on sbtest5  (cost=0.43..8.45 rows=1 width=6)
	        Index Cond: (id = 4336885)

table 6 : explain DELETE FROM sbtest6 WHERE id=7427168
	Delete on sbtest6  (cost=0.43..8.45 rows=0 width=0)
	  ->  Index Scan using sbtest6_pkey on sbtest6  (cost=0.43..8.45 rows=1 width=6)
	        Index Cond: (id = 7427168)

table 7 : explain DELETE FROM sbtest7 WHERE id=4453420
	Delete on sbtest7  (cost=0.43..8.45 rows=0 width=0)
	  ->  Index Scan using sbtest7_pkey on sbtest7  (cost=0.43..8.45 rows=1 width=6)
	        Index Cond: (id = 4453420)

table 8 : explain DELETE FROM sbtest8 WHERE id=5409446
	Delete on sbtest8  (cost=0.43..8.45 rows=0 width=0)
	  ->  Index Scan using sbtest8_pkey on sbtest8  (cost=0.43..8.45 rows=1 width=6)
	        Index Cond: (id = 5409446)

for inserts
table 1 : explain INSERT INTO sbtest1 (id, k, c, pad) VALUES (4454466, 13, 'foobar', 'foobar')
	Insert on sbtest1  (cost=0.00..0.01 rows=0 width=0)
	  ->  Result  (cost=0.00..0.01 rows=1 width=736)

table 2 : explain INSERT INTO sbtest2 (id, k, c, pad) VALUES (7272383, 13, 'foobar', 'foobar')
	Insert on sbtest2  (cost=0.00..0.01 rows=0 width=0)
	  ->  Result  (cost=0.00..0.01 rows=1 width=736)

table 3 : explain INSERT INTO sbtest3 (id, k, c, pad) VALUES (9981786, 13, 'foobar', 'foobar')
	Insert on sbtest3  (cost=0.00..0.01 rows=0 width=0)
	  ->  Result  (cost=0.00..0.01 rows=1 width=736)

table 4 : explain INSERT INTO sbtest4 (id, k, c, pad) VALUES (1243764, 13, 'foobar', 'foobar')
	Insert on sbtest4  (cost=0.00..0.01 rows=0 width=0)
	  ->  Result  (cost=0.00..0.01 rows=1 width=736)

table 5 : explain INSERT INTO sbtest5 (id, k, c, pad) VALUES (6316294, 13, 'foobar', 'foobar')
	Insert on sbtest5  (cost=0.00..0.01 rows=0 width=0)
	  ->  Result  (cost=0.00..0.01 rows=1 width=736)

table 6 : explain INSERT INTO sbtest6 (id, k, c, pad) VALUES (3121105, 13, 'foobar', 'foobar')
	Insert on sbtest6  (cost=0.00..0.01 rows=0 width=0)
	  ->  Result  (cost=0.00..0.01 rows=1 width=736)

table 7 : explain INSERT INTO sbtest7 (id, k, c, pad) VALUES (3726597, 13, 'foobar', 'foobar')
	Insert on sbtest7  (cost=0.00..0.01 rows=0 width=0)
	  ->  Result  (cost=0.00..0.01 rows=1 width=736)

table 8 : explain INSERT INTO sbtest8 (id, k, c, pad) VALUES (9437501, 13, 'foobar', 'foobar')
	Insert on sbtest8  (cost=0.00..0.01 rows=0 width=0)
	  ->  Result  (cost=0.00..0.01 rows=1 width=736)

for: sum_ranges
table 1 : explain SELECT SUM(k) FROM sbtest1 WHERE id BETWEEN 1606624 AND 1606723
	Aggregate  (cost=410.44..410.45 rows=1 width=8)
	  ->  Index Scan using sbtest1_pkey on sbtest1  (cost=0.43..410.17 rows=107 width=4)
	        Index Cond: ((id >= 1606624) AND (id <= 1606723))

table 2 : explain SELECT SUM(k) FROM sbtest2 WHERE id BETWEEN 5511567 AND 5511666
	Aggregate  (cost=361.20..361.21 rows=1 width=8)
	  ->  Index Scan using sbtest2_pkey on sbtest2  (cost=0.43..360.96 rows=95 width=4)
	        Index Cond: ((id >= 5511567) AND (id <= 5511666))

table 3 : explain SELECT SUM(k) FROM sbtest3 WHERE id BETWEEN 9684550 AND 9684649
	Aggregate  (cost=364.41..364.42 rows=1 width=8)
	  ->  Index Scan using sbtest3_pkey on sbtest3  (cost=0.43..364.17 rows=95 width=4)
	        Index Cond: ((id >= 9684550) AND (id <= 9684649))

table 4 : explain SELECT SUM(k) FROM sbtest4 WHERE id BETWEEN 3981798 AND 3981897
	Aggregate  (cost=376.03..376.04 rows=1 width=8)
	  ->  Index Scan using sbtest4_pkey on sbtest4  (cost=0.43..375.78 rows=98 width=4)
	        Index Cond: ((id >= 3981798) AND (id <= 3981897))

table 5 : explain SELECT SUM(k) FROM sbtest5 WHERE id BETWEEN 9874467 AND 9874566
	Aggregate  (cost=382.78..382.79 rows=1 width=8)
	  ->  Index Scan using sbtest5_pkey on sbtest5  (cost=0.43..382.53 rows=100 width=4)
	        Index Cond: ((id >= 9874467) AND (id <= 9874566))

table 6 : explain SELECT SUM(k) FROM sbtest6 WHERE id BETWEEN 4900205 AND 4900304
	Aggregate  (cost=386.50..386.51 rows=1 width=8)
	  ->  Index Scan using sbtest6_pkey on sbtest6  (cost=0.43..386.25 rows=101 width=4)
	        Index Cond: ((id >= 4900205) AND (id <= 4900304))

table 7 : explain SELECT SUM(k) FROM sbtest7 WHERE id BETWEEN 747266 AND 747365
	Aggregate  (cost=369.00..369.01 rows=1 width=8)
	  ->  Index Scan using sbtest7_pkey on sbtest7  (cost=0.43..368.76 rows=97 width=4)
	        Index Cond: ((id >= 747266) AND (id <= 747365))

table 8 : explain SELECT SUM(k) FROM sbtest8 WHERE id BETWEEN 8994927 AND 8995026
	Aggregate  (cost=362.83..362.84 rows=1 width=8)
	  ->  Index Scan using sbtest8_pkey on sbtest8  (cost=0.43..362.59 rows=95 width=4)
	        Index Cond: ((id >= 8994927) AND (id <= 8995026))

for: order_ranges
table 1 : explain SELECT c FROM sbtest1 WHERE id BETWEEN 993919 AND 994018 ORDER BY c
	Sort  (cost=360.18..360.41 rows=93 width=121)
	  Sort Key: c
	  ->  Index Scan using sbtest1_pkey on sbtest1  (cost=0.43..357.14 rows=93 width=121)
	        Index Cond: ((id >= 993919) AND (id <= 994018))

table 2 : explain SELECT c FROM sbtest2 WHERE id BETWEEN 6969051 AND 6969150 ORDER BY c
	Sort  (cost=390.67..390.93 rows=102 width=121)
	  Sort Key: c
	  ->  Index Scan using sbtest2_pkey on sbtest2  (cost=0.43..387.27 rows=102 width=121)
	        Index Cond: ((id >= 6969051) AND (id <= 6969150))

table 3 : explain SELECT c FROM sbtest3 WHERE id BETWEEN 2573218 AND 2573317 ORDER BY c
	Sort  (cost=405.58..405.85 rows=105 width=121)
	  Sort Key: c
	  ->  Index Scan using sbtest3_pkey on sbtest3  (cost=0.43..402.06 rows=105 width=121)
	        Index Cond: ((id >= 2573218) AND (id <= 2573317))

table 4 : explain SELECT c FROM sbtest4 WHERE id BETWEEN 5481735 AND 5481834 ORDER BY c
	Sort  (cost=401.98..402.24 rows=104 width=121)
	  Sort Key: c
	  ->  Index Scan using sbtest4_pkey on sbtest4  (cost=0.43..398.49 rows=104 width=121)
	        Index Cond: ((id >= 5481735) AND (id <= 5481834))

table 5 : explain SELECT c FROM sbtest5 WHERE id BETWEEN 7620039 AND 7620138 ORDER BY c
	Sort  (cost=378.22..378.46 rows=98 width=121)
	  Sort Key: c
	  ->  Index Scan using sbtest5_pkey on sbtest5  (cost=0.43..374.97 rows=98 width=121)
	        Index Cond: ((id >= 7620039) AND (id <= 7620138))

table 6 : explain SELECT c FROM sbtest6 WHERE id BETWEEN 8128870 AND 8128969 ORDER BY c
	Sort  (cost=339.94..340.16 rows=88 width=121)
	  Sort Key: c
	  ->  Index Scan using sbtest6_pkey on sbtest6  (cost=0.43..337.10 rows=88 width=121)
	        Index Cond: ((id >= 8128870) AND (id <= 8128969))

table 7 : explain SELECT c FROM sbtest7 WHERE id BETWEEN 3823476 AND 3823575 ORDER BY c
	Sort  (cost=425.05..425.32 rows=111 width=121)
	  Sort Key: c
	  ->  Index Scan using sbtest7_pkey on sbtest7  (cost=0.43..421.28 rows=111 width=121)
	        Index Cond: ((id >= 3823476) AND (id <= 3823575))

table 8 : explain SELECT c FROM sbtest8 WHERE id BETWEEN 9519049 AND 9519148 ORDER BY c
	Sort  (cost=384.80..385.05 rows=100 width=121)
	  Sort Key: c
	  ->  Index Scan using sbtest8_pkey on sbtest8  (cost=0.43..381.48 rows=100 width=121)
	        Index Cond: ((id >= 9519049) AND (id <= 9519148))

for: sum_ranges
table 1 : explain SELECT SUM(k) FROM sbtest1 WHERE id BETWEEN 1214043 AND 1214142
	Aggregate  (cost=364.95..364.96 rows=1 width=8)
	  ->  Index Scan using sbtest1_pkey on sbtest1  (cost=0.43..364.72 rows=95 width=4)
	        Index Cond: ((id >= 1214043) AND (id <= 1214142))

table 2 : explain SELECT SUM(k) FROM sbtest2 WHERE id BETWEEN 6621838 AND 6621937
	Aggregate  (cost=361.20..361.21 rows=1 width=8)
	  ->  Index Scan using sbtest2_pkey on sbtest2  (cost=0.43..360.96 rows=95 width=4)
	        Index Cond: ((id >= 6621838) AND (id <= 6621937))

table 3 : explain SELECT SUM(k) FROM sbtest3 WHERE id BETWEEN 4037134 AND 4037233
	Aggregate  (cost=390.97..390.98 rows=1 width=8)
	  ->  Index Scan using sbtest3_pkey on sbtest3  (cost=0.43..390.71 rows=102 width=4)
	        Index Cond: ((id >= 4037134) AND (id <= 4037233))

table 4 : explain SELECT SUM(k) FROM sbtest4 WHERE id BETWEEN 5094393 AND 5094492
	Aggregate  (cost=368.39..368.40 rows=1 width=8)
	  ->  Index Scan using sbtest4_pkey on sbtest4  (cost=0.43..368.15 rows=96 width=4)
	        Index Cond: ((id >= 5094393) AND (id <= 5094492))

table 5 : explain SELECT SUM(k) FROM sbtest5 WHERE id BETWEEN 3266153 AND 3266252
	Aggregate  (cost=382.78..382.79 rows=1 width=8)
	  ->  Index Scan using sbtest5_pkey on sbtest5  (cost=0.43..382.53 rows=100 width=4)
	        Index Cond: ((id >= 3266153) AND (id <= 3266252))

table 6 : explain SELECT SUM(k) FROM sbtest6 WHERE id BETWEEN 8487383 AND 8487482
	Aggregate  (cost=378.94..378.95 rows=1 width=8)
	  ->  Index Scan using sbtest6_pkey on sbtest6  (cost=0.43..378.69 rows=99 width=4)
	        Index Cond: ((id >= 8487383) AND (id <= 8487482))

table 7 : explain SELECT SUM(k) FROM sbtest7 WHERE id BETWEEN 8323244 AND 8323343
	Aggregate  (cost=353.92..353.93 rows=1 width=8)
	  ->  Index Scan using sbtest7_pkey on sbtest7  (cost=0.43..353.69 rows=93 width=4)
	        Index Cond: ((id >= 8323244) AND (id <= 8323343))

table 8 : explain SELECT SUM(k) FROM sbtest8 WHERE id BETWEEN 299041 AND 299140
	Aggregate  (cost=374.19..374.20 rows=1 width=8)
	  ->  Index Scan using sbtest8_pkey on sbtest8  (cost=0.43..373.95 rows=98 width=4)
	        Index Cond: ((id >= 299041) AND (id <= 299140))

explain: for inserts :: explain INSERT INTO sbtest%u (id, k, c, pad) VALUES (%u, 13, 'foobar', 'foobar')
explain: for inserts :: explain INSERT INTO sbtest%u (id, k, c, pad) VALUES (%u, 13, 'foobar', 'foobar')
for index_updates
table 1 : explain UPDATE sbtest1 SET k=k+1 WHERE id=2722970
	Update on sbtest1  (cost=0.43..8.46 rows=0 width=0)
	  ->  Index Scan using sbtest1_pkey on sbtest1  (cost=0.43..8.46 rows=1 width=10)
	        Index Cond: (id = 2722970)

table 2 : explain UPDATE sbtest2 SET k=k+1 WHERE id=1697485
	Update on sbtest2  (cost=0.43..8.46 rows=0 width=0)
	  ->  Index Scan using sbtest2_pkey on sbtest2  (cost=0.43..8.46 rows=1 width=10)
	        Index Cond: (id = 1697485)

table 3 : explain UPDATE sbtest3 SET k=k+1 WHERE id=9794085
	Update on sbtest3  (cost=0.43..8.46 rows=0 width=0)
	  ->  Index Scan using sbtest3_pkey on sbtest3  (cost=0.43..8.46 rows=1 width=10)
	        Index Cond: (id = 9794085)

table 4 : explain UPDATE sbtest4 SET k=k+1 WHERE id=484687
	Update on sbtest4  (cost=0.43..8.46 rows=0 width=0)
	  ->  Index Scan using sbtest4_pkey on sbtest4  (cost=0.43..8.46 rows=1 width=10)
	        Index Cond: (id = 484687)

table 5 : explain UPDATE sbtest5 SET k=k+1 WHERE id=4799240
	Update on sbtest5  (cost=0.43..8.46 rows=0 width=0)
	  ->  Index Scan using sbtest5_pkey on sbtest5  (cost=0.43..8.46 rows=1 width=10)
	        Index Cond: (id = 4799240)

table 6 : explain UPDATE sbtest6 SET k=k+1 WHERE id=1098740
	Update on sbtest6  (cost=0.43..8.46 rows=0 width=0)
	  ->  Index Scan using sbtest6_pkey on sbtest6  (cost=0.43..8.46 rows=1 width=10)
	        Index Cond: (id = 1098740)

table 7 : explain UPDATE sbtest7 SET k=k+1 WHERE id=5757801
	Update on sbtest7  (cost=0.43..8.46 rows=0 width=0)
	  ->  Index Scan using sbtest7_pkey on sbtest7  (cost=0.43..8.46 rows=1 width=10)
	        Index Cond: (id = 5757801)

table 8 : explain UPDATE sbtest8 SET k=k+1 WHERE id=981644
	Update on sbtest8  (cost=0.43..8.46 rows=0 width=0)
	  ->  Index Scan using sbtest8_pkey on sbtest8  (cost=0.43..8.46 rows=1 width=10)
	        Index Cond: (id = 981644)

for inserts
table 1 : explain INSERT INTO sbtest1 (id, k, c, pad) VALUES (2663561, 13, 'foobar', 'foobar')
	Insert on sbtest1  (cost=0.00..0.01 rows=0 width=0)
	  ->  Result  (cost=0.00..0.01 rows=1 width=736)

table 2 : explain INSERT INTO sbtest2 (id, k, c, pad) VALUES (2131821, 13, 'foobar', 'foobar')
	Insert on sbtest2  (cost=0.00..0.01 rows=0 width=0)
	  ->  Result  (cost=0.00..0.01 rows=1 width=736)

table 3 : explain INSERT INTO sbtest3 (id, k, c, pad) VALUES (2937696, 13, 'foobar', 'foobar')
	Insert on sbtest3  (cost=0.00..0.01 rows=0 width=0)
	  ->  Result  (cost=0.00..0.01 rows=1 width=736)

table 4 : explain INSERT INTO sbtest4 (id, k, c, pad) VALUES (9196282, 13, 'foobar', 'foobar')
	Insert on sbtest4  (cost=0.00..0.01 rows=0 width=0)
	  ->  Result  (cost=0.00..0.01 rows=1 width=736)

table 5 : explain INSERT INTO sbtest5 (id, k, c, pad) VALUES (4913239, 13, 'foobar', 'foobar')
	Insert on sbtest5  (cost=0.00..0.01 rows=0 width=0)
	  ->  Result  (cost=0.00..0.01 rows=1 width=736)

table 6 : explain INSERT INTO sbtest6 (id, k, c, pad) VALUES (4201487, 13, 'foobar', 'foobar')
	Insert on sbtest6  (cost=0.00..0.01 rows=0 width=0)
	  ->  Result  (cost=0.00..0.01 rows=1 width=736)

table 7 : explain INSERT INTO sbtest7 (id, k, c, pad) VALUES (382897, 13, 'foobar', 'foobar')
	Insert on sbtest7  (cost=0.00..0.01 rows=0 width=0)
	  ->  Result  (cost=0.00..0.01 rows=1 width=736)

table 8 : explain INSERT INTO sbtest8 (id, k, c, pad) VALUES (4178380, 13, 'foobar', 'foobar')
	Insert on sbtest8  (cost=0.00..0.01 rows=0 width=0)
	  ->  Result  (cost=0.00..0.01 rows=1 width=736)

for: distinct_ranges
table 1 : explain SELECT DISTINCT c FROM sbtest1 WHERE id BETWEEN 3084758 AND 3084857 ORDER BY c
	Unique  (cost=360.18..360.65 rows=93 width=121)
	  ->  Sort  (cost=360.18..360.41 rows=93 width=121)
	        Sort Key: c
	        ->  Index Scan using sbtest1_pkey on sbtest1  (cost=0.43..357.14 rows=93 width=121)
	              Index Cond: ((id >= 3084758) AND (id <= 3084857))

table 2 : explain SELECT DISTINCT c FROM sbtest2 WHERE id BETWEEN 4481500 AND 4481599 ORDER BY c
	Unique  (cost=398.25..398.77 rows=104 width=121)
	  ->  Sort  (cost=398.25..398.51 rows=104 width=121)
	        Sort Key: c
	        ->  Index Scan using sbtest2_pkey on sbtest2  (cost=0.43..394.77 rows=104 width=121)
	              Index Cond: ((id >= 4481500) AND (id <= 4481599))

table 3 : explain SELECT DISTINCT c FROM sbtest3 WHERE id BETWEEN 7699482 AND 7699581 ORDER BY c
	Unique  (cost=401.76..402.28 rows=104 width=121)
	  ->  Sort  (cost=401.76..402.02 rows=104 width=121)
	        Sort Key: c
	        ->  Index Scan using sbtest3_pkey on sbtest3  (cost=0.43..398.28 rows=104 width=121)
	              Index Cond: ((id >= 7699482) AND (id <= 7699581))

table 4 : explain SELECT DISTINCT c FROM sbtest4 WHERE id BETWEEN 9163614 AND 9163713 ORDER BY c
	Unique  (cost=375.14..375.63 rows=97 width=121)
	  ->  Sort  (cost=375.14..375.38 rows=97 width=121)
	        Sort Key: c
	        ->  Index Scan using sbtest4_pkey on sbtest4  (cost=0.43..371.94 rows=97 width=121)
	              Index Cond: ((id >= 9163614) AND (id <= 9163713))

table 5 : explain SELECT DISTINCT c FROM sbtest5 WHERE id BETWEEN 2724956 AND 2725055 ORDER BY c
	Unique  (cost=378.22..378.71 rows=98 width=121)
	  ->  Sort  (cost=378.22..378.46 rows=98 width=121)
	        Sort Key: c
	        ->  Index Scan using sbtest5_pkey on sbtest5  (cost=0.43..374.97 rows=98 width=121)
	              Index Cond: ((id >= 2724956) AND (id <= 2725055))

table 6 : explain SELECT DISTINCT c FROM sbtest6 WHERE id BETWEEN 1920717 AND 1920816 ORDER BY c
	Unique  (cost=351.38..351.84 rows=91 width=121)
	  ->  Sort  (cost=351.38..351.61 rows=91 width=121)
	        Sort Key: c
	        ->  Index Scan using sbtest6_pkey on sbtest6  (cost=0.43..348.42 rows=91 width=121)
	              Index Cond: ((id >= 1920717) AND (id <= 1920816))

table 7 : explain SELECT DISTINCT c FROM sbtest7 WHERE id BETWEEN 468159 AND 468258 ORDER BY c
	Unique  (cost=368.17..368.65 rows=96 width=121)
	  ->  Sort  (cost=368.17..368.41 rows=96 width=121)
	        Sort Key: c
	        ->  Index Scan using sbtest7_pkey on sbtest7  (cost=0.43..365.01 rows=96 width=121)
	              Index Cond: ((id >= 468159) AND (id <= 468258))

table 8 : explain SELECT DISTINCT c FROM sbtest8 WHERE id BETWEEN 3545065 AND 3545164 ORDER BY c
	Unique  (cost=331.46..331.89 rows=86 width=121)
	  ->  Sort  (cost=331.46..331.67 rows=86 width=121)
	        Sort Key: c
	        ->  Index Scan using sbtest8_pkey on sbtest8  (cost=0.43..328.69 rows=86 width=121)
	              Index Cond: ((id >= 3545065) AND (id <= 3545164))

for: distinct_ranges
table 1 : explain SELECT DISTINCT c FROM sbtest1 WHERE id BETWEEN 2795067 AND 2795166 ORDER BY c
	Unique  (cost=383.15..383.65 rows=99 width=121)
	  ->  Sort  (cost=383.15..383.40 rows=99 width=121)
	        Sort Key: c
	        ->  Index Scan using sbtest1_pkey on sbtest1  (cost=0.43..379.87 rows=99 width=121)
	              Index Cond: ((id >= 2795067) AND (id <= 2795166))

table 2 : explain SELECT DISTINCT c FROM sbtest2 WHERE id BETWEEN 9224662 AND 9224761 ORDER BY c
	Unique  (cost=371.66..372.15 rows=97 width=121)
	  ->  Sort  (cost=371.66..371.90 rows=97 width=121)
	        Sort Key: c
	        ->  Index Scan using sbtest2_pkey on sbtest2  (cost=0.43..368.46 rows=97 width=121)
	              Index Cond: ((id >= 9224662) AND (id <= 9224761))

table 3 : explain SELECT DISTINCT c FROM sbtest3 WHERE id BETWEEN 6875390 AND 6875489 ORDER BY c
	Unique  (cost=378.76..379.25 rows=98 width=121)
	  ->  Sort  (cost=378.76..379.01 rows=98 width=121)
	        Sort Key: c
	        ->  Index Scan using sbtest3_pkey on sbtest3  (cost=0.43..375.52 rows=98 width=121)
	              Index Cond: ((id >= 6875390) AND (id <= 6875489))

table 4 : explain SELECT DISTINCT c FROM sbtest4 WHERE id BETWEEN 7047775 AND 7047874 ORDER BY c
	Unique  (cost=375.14..375.63 rows=97 width=121)
	  ->  Sort  (cost=375.14..375.38 rows=97 width=121)
	        Sort Key: c
	        ->  Index Scan using sbtest4_pkey on sbtest4  (cost=0.43..371.94 rows=97 width=121)
	              Index Cond: ((id >= 7047775) AND (id <= 7047874))

table 5 : explain SELECT DISTINCT c FROM sbtest5 WHERE id BETWEEN 5618171 AND 5618270 ORDER BY c
	Unique  (cost=351.44..351.89 rows=91 width=121)
	  ->  Sort  (cost=351.44..351.67 rows=91 width=121)
	        Sort Key: c
	        ->  Index Scan using sbtest5_pkey on sbtest5  (cost=0.43..348.48 rows=91 width=121)
	              Index Cond: ((id >= 5618171) AND (id <= 5618270))

table 6 : explain SELECT DISTINCT c FROM sbtest6 WHERE id BETWEEN 9438023 AND 9438122 ORDER BY c
	Unique  (cost=389.61..390.11 rows=101 width=121)
	  ->  Sort  (cost=389.61..389.86 rows=101 width=121)
	        Sort Key: c
	        ->  Index Scan using sbtest6_pkey on sbtest6  (cost=0.43..386.25 rows=101 width=121)
	              Index Cond: ((id >= 9438023) AND (id <= 9438122))

table 7 : explain SELECT DISTINCT c FROM sbtest7 WHERE id BETWEEN 9201410 AND 9201509 ORDER BY c
	Unique  (cost=360.52..360.99 rows=94 width=121)
	  ->  Sort  (cost=360.52..360.76 rows=94 width=121)
	        Sort Key: c
	        ->  Index Scan using sbtest7_pkey on sbtest7  (cost=0.43..357.44 rows=94 width=121)
	              Index Cond: ((id >= 9201410) AND (id <= 9201509))

table 8 : explain SELECT DISTINCT c FROM sbtest8 WHERE id BETWEEN 2856174 AND 2856273 ORDER BY c
	Unique  (cost=373.38..373.87 rows=97 width=121)
	  ->  Sort  (cost=373.38..373.63 rows=97 width=121)
	        Sort Key: c
	        ->  Index Scan using sbtest8_pkey on sbtest8  (cost=0.43..370.18 rows=97 width=121)
	              Index Cond: ((id >= 2856174) AND (id <= 2856273))

explain: for index_updates :: explain UPDATE sbtest%u SET k=k+1 WHERE id=%u
for inserts
table 1 : explain INSERT INTO sbtest1 (id, k, c, pad) VALUES (8196320, 13, 'foobar', 'foobar')
	Insert on sbtest1  (cost=0.00..0.01 rows=0 width=0)
	  ->  Result  (cost=0.00..0.01 rows=1 width=736)

table 2 : explain INSERT INTO sbtest2 (id, k, c, pad) VALUES (6159431, 13, 'foobar', 'foobar')
	Insert on sbtest2  (cost=0.00..0.01 rows=0 width=0)
	  ->  Result  (cost=0.00..0.01 rows=1 width=736)

table 3 : explain INSERT INTO sbtest3 (id, k, c, pad) VALUES (5370559, 13, 'foobar', 'foobar')
	Insert on sbtest3  (cost=0.00..0.01 rows=0 width=0)
	  ->  Result  (cost=0.00..0.01 rows=1 width=736)

table 4 : explain INSERT INTO sbtest4 (id, k, c, pad) VALUES (3249833, 13, 'foobar', 'foobar')
	Insert on sbtest4  (cost=0.00..0.01 rows=0 width=0)
	  ->  Result  (cost=0.00..0.01 rows=1 width=736)

table 5 : explain INSERT INTO sbtest5 (id, k, c, pad) VALUES (5282117, 13, 'foobar', 'foobar')
	Insert on sbtest5  (cost=0.00..0.01 rows=0 width=0)
	  ->  Result  (cost=0.00..0.01 rows=1 width=736)

table 6 : explain INSERT INTO sbtest6 (id, k, c, pad) VALUES (1195313, 13, 'foobar', 'foobar')
	Insert on sbtest6  (cost=0.00..0.01 rows=0 width=0)
	  ->  Result  (cost=0.00..0.01 rows=1 width=736)

table 7 : explain INSERT INTO sbtest7 (id, k, c, pad) VALUES (6965767, 13, 'foobar', 'foobar')
	Insert on sbtest7  (cost=0.00..0.01 rows=0 width=0)
	  ->  Result  (cost=0.00..0.01 rows=1 width=736)

table 8 : explain INSERT INTO sbtest8 (id, k, c, pad) VALUES (2661670, 13, 'foobar', 'foobar')
	Insert on sbtest8  (cost=0.00..0.01 rows=0 width=0)
	  ->  Result  (cost=0.00..0.01 rows=1 width=736)

explain: for index_updates :: explain UPDATE sbtest%u SET k=k+1 WHERE id=%u
explain: for non_index_updates :: explain UPDATE sbtest%u SET c='foobar' WHERE id=%u
for: order_ranges
table 1 : explain SELECT c FROM sbtest1 WHERE id BETWEEN 4572059 AND 4572158 ORDER BY c
	Sort  (cost=390.81..391.06 rows=101 width=121)
	  Sort Key: c
	  ->  Index Scan using sbtest1_pkey on sbtest1  (cost=0.43..387.45 rows=101 width=121)
	        Index Cond: ((id >= 4572059) AND (id <= 4572158))

table 2 : explain SELECT c FROM sbtest2 WHERE id BETWEEN 6557170 AND 6557269 ORDER BY c
	Sort  (cost=394.46..394.72 rows=103 width=121)
	  Sort Key: c
	  ->  Index Scan using sbtest2_pkey on sbtest2  (cost=0.43..391.02 rows=103 width=121)
	        Index Cond: ((id >= 6557170) AND (id <= 6557269))

table 3 : explain SELECT c FROM sbtest3 WHERE id BETWEEN 9543267 AND 9543366 ORDER BY c
	Sort  (cost=367.29..367.53 rows=95 width=121)
	  Sort Key: c
	  ->  Index Scan using sbtest3_pkey on sbtest3  (cost=0.43..364.17 rows=95 width=121)
	        Index Cond: ((id >= 9543267) AND (id <= 9543366))

table 4 : explain SELECT c FROM sbtest4 WHERE id BETWEEN 5350826 AND 5350925 ORDER BY c
	Sort  (cost=394.33..394.58 rows=102 width=121)
	  Sort Key: c
	  ->  Index Scan using sbtest4_pkey on sbtest4  (cost=0.43..390.92 rows=102 width=121)
	        Index Cond: ((id >= 5350826) AND (id <= 5350925))

table 5 : explain SELECT c FROM sbtest5 WHERE id BETWEEN 7037150 AND 7037249 ORDER BY c
	Sort  (cost=443.11..443.40 rows=115 width=121)
	  Sort Key: c
	  ->  Index Scan using sbtest5_pkey on sbtest5  (cost=0.43..439.18 rows=115 width=121)
	        Index Cond: ((id >= 7037150) AND (id <= 7037249))

table 6 : explain SELECT c FROM sbtest6 WHERE id BETWEEN 1627209 AND 1627308 ORDER BY c
	Sort  (cost=378.16..378.40 rows=98 width=121)
	  Sort Key: c
	  ->  Index Scan using sbtest6_pkey on sbtest6  (cost=0.43..374.92 rows=98 width=121)
	        Index Cond: ((id >= 1627209) AND (id <= 1627308))

table 7 : explain SELECT c FROM sbtest7 WHERE id BETWEEN 3332132 AND 3332231 ORDER BY c
	Sort  (cost=398.50..398.76 rows=104 width=121)
	  Sort Key: c
	  ->  Index Scan using sbtest7_pkey on sbtest7  (cost=0.43..395.02 rows=104 width=121)
	        Index Cond: ((id >= 3332132) AND (id <= 3332231))

table 8 : explain SELECT c FROM sbtest8 WHERE id BETWEEN 9303709 AND 9303808 ORDER BY c
	Sort  (cost=384.80..385.05 rows=100 width=121)
	  Sort Key: c
	  ->  Index Scan using sbtest8_pkey on sbtest8  (cost=0.43..381.48 rows=100 width=121)
	        Index Cond: ((id >= 9303709) AND (id <= 9303808))

for: order_ranges
table 1 : explain SELECT c FROM sbtest1 WHERE id BETWEEN 5638581 AND 5638680 ORDER BY c
	Sort  (cost=371.67..371.91 rows=96 width=121)
	  Sort Key: c
	  ->  Index Scan using sbtest1_pkey on sbtest1  (cost=0.43..368.50 rows=96 width=121)
	        Index Cond: ((id >= 5638581) AND (id <= 5638680))

table 2 : explain SELECT c FROM sbtest2 WHERE id BETWEEN 809810 AND 809909 ORDER BY c
	Sort  (cost=348.93..349.16 rows=91 width=121)
	  Sort Key: c
	  ->  Index Scan using sbtest2_pkey on sbtest2  (cost=0.43..345.97 rows=91 width=121)
	        Index Cond: ((id >= 809810) AND (id <= 809909))

table 3 : explain SELECT c FROM sbtest3 WHERE id BETWEEN 3975170 AND 3975269 ORDER BY c
	Sort  (cost=397.94..398.19 rows=103 width=121)
	  Sort Key: c
	  ->  Index Scan using sbtest3_pkey on sbtest3  (cost=0.43..394.49 rows=103 width=121)
	        Index Cond: ((id >= 3975170) AND (id <= 3975269))

table 4 : explain SELECT c FROM sbtest4 WHERE id BETWEEN 669047 AND 669146 ORDER BY c
	Sort  (cost=401.98..402.24 rows=104 width=121)
	  Sort Key: c
	  ->  Index Scan using sbtest4_pkey on sbtest4  (cost=0.43..398.49 rows=104 width=121)
	        Index Cond: ((id >= 669047) AND (id <= 669146))

table 5 : explain SELECT c FROM sbtest5 WHERE id BETWEEN 2954963 AND 2955062 ORDER BY c
	Sort  (cost=374.40..374.64 rows=97 width=121)
	  Sort Key: c
	  ->  Index Scan using sbtest5_pkey on sbtest5  (cost=0.43..371.20 rows=97 width=121)
	        Index Cond: ((id >= 2954963) AND (id <= 2955062))

table 6 : explain SELECT c FROM sbtest6 WHERE id BETWEEN 249612 AND 249711 ORDER BY c
	Sort  (cost=362.83..363.07 rows=94 width=121)
	  Sort Key: c
	  ->  Index Scan using sbtest6_pkey on sbtest6  (cost=0.43..359.75 rows=94 width=121)
	        Index Cond: ((id >= 249612) AND (id <= 249711))

table 7 : explain SELECT c FROM sbtest7 WHERE id BETWEEN 8492125 AND 8492224 ORDER BY c
	Sort  (cost=364.31..364.55 rows=95 width=121)
	  Sort Key: c
	  ->  Index Scan using sbtest7_pkey on sbtest7  (cost=0.43..361.19 rows=95 width=121)
	        Index Cond: ((id >= 8492125) AND (id <= 8492224))

table 8 : explain SELECT c FROM sbtest8 WHERE id BETWEEN 2542240 AND 2542339 ORDER BY c
	Sort  (cost=354.29..354.52 rows=92 width=121)
	  Sort Key: c
	  ->  Index Scan using sbtest8_pkey on sbtest8  (cost=0.43..351.29 rows=92 width=121)
	        Index Cond: ((id >= 2542240) AND (id <= 2542339))

for: order_ranges
table 1 : explain SELECT c FROM sbtest1 WHERE id BETWEEN 9834846 AND 9834945 ORDER BY c
	Sort  (cost=386.98..387.23 rows=100 width=121)
	  Sort Key: c
	  ->  Index Scan using sbtest1_pkey on sbtest1  (cost=0.43..383.66 rows=100 width=121)
	        Index Cond: ((id >= 9834846) AND (id <= 9834945))

table 2 : explain SELECT c FROM sbtest2 WHERE id BETWEEN 5680807 AND 5680906 ORDER BY c
	Sort  (cost=322.41..322.62 rows=84 width=121)
	  Sort Key: c
	  ->  Index Scan using sbtest2_pkey on sbtest2  (cost=0.43..319.73 rows=84 width=121)
	        Index Cond: ((id >= 5680807) AND (id <= 5680906))

table 3 : explain SELECT c FROM sbtest3 WHERE id BETWEEN 9630193 AND 9630292 ORDER BY c
	Sort  (cost=367.29..367.53 rows=95 width=121)
	  Sort Key: c
	  ->  Index Scan using sbtest3_pkey on sbtest3  (cost=0.43..364.17 rows=95 width=121)
	        Index Cond: ((id >= 9630193) AND (id <= 9630292))

table 4 : explain SELECT c FROM sbtest4 WHERE id BETWEEN 47102 AND 47201 ORDER BY c
	Sort  (cost=386.68..386.93 rows=100 width=121)
	  Sort Key: c
	  ->  Index Scan using sbtest4_pkey on sbtest4  (cost=0.43..383.35 rows=100 width=121)
	        Index Cond: ((id >= 47102) AND (id <= 47201))

table 5 : explain SELECT c FROM sbtest5 WHERE id BETWEEN 8030116 AND 8030215 ORDER BY c
	Sort  (cost=362.89..363.12 rows=94 width=121)
	  Sort Key: c
	  ->  Index Scan using sbtest5_pkey on sbtest5  (cost=0.43..359.81 rows=94 width=121)
	        Index Cond: ((id >= 8030116) AND (id <= 8030215))

table 6 : explain SELECT c FROM sbtest6 WHERE id BETWEEN 5544032 AND 5544131 ORDER BY c
	Sort  (cost=385.79..386.04 rows=100 width=121)
	  Sort Key: c
	  ->  Index Scan using sbtest6_pkey on sbtest6  (cost=0.43..382.47 rows=100 width=121)
	        Index Cond: ((id >= 5544032) AND (id <= 5544131))

table 7 : explain SELECT c FROM sbtest7 WHERE id BETWEEN 1081937 AND 1082036 ORDER BY c
	Sort  (cost=406.09..406.35 rows=106 width=121)
	  Sort Key: c
	  ->  Index Scan using sbtest7_pkey on sbtest7  (cost=0.43..402.52 rows=106 width=121)
	        Index Cond: ((id >= 1081937) AND (id <= 1082036))

table 8 : explain SELECT c FROM sbtest8 WHERE id BETWEEN 3859797 AND 3859896 ORDER BY c
	Sort  (cost=419.06..419.34 rows=109 width=121)
	  Sort Key: c
	  ->  Index Scan using sbtest8_pkey on sbtest8  (cost=0.43..415.38 rows=109 width=121)
	        Index Cond: ((id >= 3859797) AND (id <= 3859896))

for index_updates
table 1 : explain UPDATE sbtest1 SET k=k+1 WHERE id=660665
	Update on sbtest1  (cost=0.43..8.46 rows=0 width=0)
	  ->  Index Scan using sbtest1_pkey on sbtest1  (cost=0.43..8.46 rows=1 width=10)
	        Index Cond: (id = 660665)

table 2 : explain UPDATE sbtest2 SET k=k+1 WHERE id=4005984
	Update on sbtest2  (cost=0.43..8.46 rows=0 width=0)
	  ->  Index Scan using sbtest2_pkey on sbtest2  (cost=0.43..8.46 rows=1 width=10)
	        Index Cond: (id = 4005984)

table 3 : explain UPDATE sbtest3 SET k=k+1 WHERE id=5700080
	Update on sbtest3  (cost=0.43..8.46 rows=0 width=0)
	  ->  Index Scan using sbtest3_pkey on sbtest3  (cost=0.43..8.46 rows=1 width=10)
	        Index Cond: (id = 5700080)

table 4 : explain UPDATE sbtest4 SET k=k+1 WHERE id=470270
	Update on sbtest4  (cost=0.43..8.46 rows=0 width=0)
	  ->  Index Scan using sbtest4_pkey on sbtest4  (cost=0.43..8.46 rows=1 width=10)
	        Index Cond: (id = 470270)

table 5 : explain UPDATE sbtest5 SET k=k+1 WHERE id=9990531
	Update on sbtest5  (cost=0.43..8.46 rows=0 width=0)
	  ->  Index Scan using sbtest5_pkey on sbtest5  (cost=0.43..8.46 rows=1 width=10)
	        Index Cond: (id = 9990531)

table 6 : explain UPDATE sbtest6 SET k=k+1 WHERE id=1186338
	Update on sbtest6  (cost=0.43..8.46 rows=0 width=0)
	  ->  Index Scan using sbtest6_pkey on sbtest6  (cost=0.43..8.46 rows=1 width=10)
	        Index Cond: (id = 1186338)

table 7 : explain UPDATE sbtest7 SET k=k+1 WHERE id=4958129
	Update on sbtest7  (cost=0.43..8.46 rows=0 width=0)
	  ->  Index Scan using sbtest7_pkey on sbtest7  (cost=0.43..8.46 rows=1 width=10)
	        Index Cond: (id = 4958129)

table 8 : explain UPDATE sbtest8 SET k=k+1 WHERE id=4408597
	Update on sbtest8  (cost=0.43..8.46 rows=0 width=0)
	  ->  Index Scan using sbtest8_pkey on sbtest8  (cost=0.43..8.46 rows=1 width=10)
	        Index Cond: (id = 4408597)

for: order_ranges
table 1 : explain SELECT c FROM sbtest1 WHERE id BETWEEN 3485352 AND 3485451 ORDER BY c
	Sort  (cost=364.01..364.24 rows=94 width=121)
	  Sort Key: c
	  ->  Index Scan using sbtest1_pkey on sbtest1  (cost=0.43..360.93 rows=94 width=121)
	        Index Cond: ((id >= 3485352) AND (id <= 3485451))

table 2 : explain SELECT c FROM sbtest2 WHERE id BETWEEN 898718 AND 898817 ORDER BY c
	Sort  (cost=398.25..398.51 rows=104 width=121)
	  Sort Key: c
	  ->  Index Scan using sbtest2_pkey on sbtest2  (cost=0.43..394.77 rows=104 width=121)
	        Index Cond: ((id >= 898718) AND (id <= 898817))

table 3 : explain SELECT c FROM sbtest3 WHERE id BETWEEN 648560 AND 648659 ORDER BY c
	Sort  (cost=367.29..367.53 rows=95 width=121)
	  Sort Key: c
	  ->  Index Scan using sbtest3_pkey on sbtest3  (cost=0.43..364.17 rows=95 width=121)
	        Index Cond: ((id >= 648560) AND (id <= 648659))

table 4 : explain SELECT c FROM sbtest4 WHERE id BETWEEN 3131325 AND 3131424 ORDER BY c
	Sort  (cost=359.84..360.07 rows=93 width=121)
	  Sort Key: c
	  ->  Index Scan using sbtest4_pkey on sbtest4  (cost=0.43..356.80 rows=93 width=121)
	        Index Cond: ((id >= 3131325) AND (id <= 3131424))

table 5 : explain SELECT c FROM sbtest5 WHERE id BETWEEN 2476741 AND 2476840 ORDER BY c
	Sort  (cost=401.12..401.38 rows=104 width=121)
	  Sort Key: c
	  ->  Index Scan using sbtest5_pkey on sbtest5  (cost=0.43..397.63 rows=104 width=121)
	        Index Cond: ((id >= 2476741) AND (id <= 2476840))

table 6 : explain SELECT c FROM sbtest6 WHERE id BETWEEN 1734769 AND 1734868 ORDER BY c
	Sort  (cost=408.69..408.96 rows=106 width=121)
	  Sort Key: c
	  ->  Index Scan using sbtest6_pkey on sbtest6  (cost=0.43..405.13 rows=106 width=121)
	        Index Cond: ((id >= 1734769) AND (id <= 1734868))

table 7 : explain SELECT c FROM sbtest7 WHERE id BETWEEN 1999453 AND 1999552 ORDER BY c
	Sort  (cost=352.94..353.17 rows=92 width=121)
	  Sort Key: c
	  ->  Index Scan using sbtest7_pkey on sbtest7  (cost=0.43..349.94 rows=92 width=121)
	        Index Cond: ((id >= 1999453) AND (id <= 1999552))

table 8 : explain SELECT c FROM sbtest8 WHERE id BETWEEN 2464893 AND 2464992 ORDER BY c
	Sort  (cost=407.64..407.91 rows=106 width=121)
	  Sort Key: c
	  ->  Index Scan using sbtest8_pkey on sbtest8  (cost=0.43..404.08 rows=106 width=121)
	        Index Cond: ((id >= 2464893) AND (id <= 2464992))

for index_updates
table 1 : explain UPDATE sbtest1 SET k=k+1 WHERE id=8176289
	Update on sbtest1  (cost=0.43..8.46 rows=0 width=0)
	  ->  Index Scan using sbtest1_pkey on sbtest1  (cost=0.43..8.46 rows=1 width=10)
	        Index Cond: (id = 8176289)

table 2 : explain UPDATE sbtest2 SET k=k+1 WHERE id=6604656
	Update on sbtest2  (cost=0.43..8.46 rows=0 width=0)
	  ->  Index Scan using sbtest2_pkey on sbtest2  (cost=0.43..8.46 rows=1 width=10)
	        Index Cond: (id = 6604656)

table 3 : explain UPDATE sbtest3 SET k=k+1 WHERE id=4451208
	Update on sbtest3  (cost=0.43..8.46 rows=0 width=0)
	  ->  Index Scan using sbtest3_pkey on sbtest3  (cost=0.43..8.46 rows=1 width=10)
	        Index Cond: (id = 4451208)

table 4 : explain UPDATE sbtest4 SET k=k+1 WHERE id=3442982
	Update on sbtest4  (cost=0.43..8.46 rows=0 width=0)
	  ->  Index Scan using sbtest4_pkey on sbtest4  (cost=0.43..8.46 rows=1 width=10)
	        Index Cond: (id = 3442982)

table 5 : explain UPDATE sbtest5 SET k=k+1 WHERE id=5007894
	Update on sbtest5  (cost=0.43..8.46 rows=0 width=0)
	  ->  Index Scan using sbtest5_pkey on sbtest5  (cost=0.43..8.46 rows=1 width=10)
	        Index Cond: (id = 5007894)

table 6 : explain UPDATE sbtest6 SET k=k+1 WHERE id=6008708
	Update on sbtest6  (cost=0.43..8.46 rows=0 width=0)
	  ->  Index Scan using sbtest6_pkey on sbtest6  (cost=0.43..8.46 rows=1 width=10)
	        Index Cond: (id = 6008708)

table 7 : explain UPDATE sbtest7 SET k=k+1 WHERE id=6131488
	Update on sbtest7  (cost=0.43..8.46 rows=0 width=0)
	  ->  Index Scan using sbtest7_pkey on sbtest7  (cost=0.43..8.46 rows=1 width=10)
	        Index Cond: (id = 6131488)

table 8 : explain UPDATE sbtest8 SET k=k+1 WHERE id=8148674
	Update on sbtest8  (cost=0.43..8.46 rows=0 width=0)
	  ->  Index Scan using sbtest8_pkey on sbtest8  (cost=0.43..8.46 rows=1 width=10)
	        Index Cond: (id = 8148674)

explain: for non_index_updates :: explain UPDATE sbtest%u SET c='foobar' WHERE id=%u
explain: for non_index_updates :: explain UPDATE sbtest%u SET c='foobar' WHERE id=%u
for: order_ranges
table 1 : explain SELECT c FROM sbtest1 WHERE id BETWEEN 5345011 AND 5345110 ORDER BY c
	Sort  (cost=371.67..371.91 rows=96 width=121)
	  Sort Key: c
	  ->  Index Scan using sbtest1_pkey on sbtest1  (cost=0.43..368.50 rows=96 width=121)
	        Index Cond: ((id >= 5345011) AND (id <= 5345110))

table 2 : explain SELECT c FROM sbtest2 WHERE id BETWEEN 967082 AND 967181 ORDER BY c
	Sort  (cost=398.25..398.51 rows=104 width=121)
	  Sort Key: c
	  ->  Index Scan using sbtest2_pkey on sbtest2  (cost=0.43..394.77 rows=104 width=121)
	        Index Cond: ((id >= 967082) AND (id <= 967181))

table 3 : explain SELECT c FROM sbtest3 WHERE id BETWEEN 4375123 AND 4375222 ORDER BY c
	Sort  (cost=359.65..359.88 rows=93 width=121)
	  Sort Key: c
	  ->  Index Scan using sbtest3_pkey on sbtest3  (cost=0.43..356.60 rows=93 width=121)
	        Index Cond: ((id >= 4375123) AND (id <= 4375222))

table 4 : explain SELECT c FROM sbtest4 WHERE id BETWEEN 5334426 AND 5334525 ORDER BY c
	Sort  (cost=394.33..394.58 rows=102 width=121)
	  Sort Key: c
	  ->  Index Scan using sbtest4_pkey on sbtest4  (cost=0.43..390.92 rows=102 width=121)
	        Index Cond: ((id >= 5334426) AND (id <= 5334525))

table 5 : explain SELECT c FROM sbtest5 WHERE id BETWEEN 1063310 AND 1063409 ORDER BY c
	Sort  (cost=374.40..374.64 rows=97 width=121)
	  Sort Key: c
	  ->  Index Scan using sbtest5_pkey on sbtest5  (cost=0.43..371.20 rows=97 width=121)
	        Index Cond: ((id >= 1063310) AND (id <= 1063409))

table 6 : explain SELECT c FROM sbtest6 WHERE id BETWEEN 2404530 AND 2404629 ORDER BY c
	Sort  (cost=423.96..424.23 rows=110 width=121)
	  Sort Key: c
	  ->  Index Scan using sbtest6_pkey on sbtest6  (cost=0.43..420.23 rows=110 width=121)
	        Index Cond: ((id >= 2404530) AND (id <= 2404629))

table 7 : explain SELECT c FROM sbtest7 WHERE id BETWEEN 6980730 AND 6980829 ORDER BY c
	Sort  (cost=406.09..406.35 rows=106 width=121)
	  Sort Key: c
	  ->  Index Scan using sbtest7_pkey on sbtest7  (cost=0.43..402.52 rows=106 width=121)
	        Index Cond: ((id >= 6980730) AND (id <= 6980829))

table 8 : explain SELECT c FROM sbtest8 WHERE id BETWEEN 2044650 AND 2044749 ORDER BY c
	Sort  (cost=400.03..400.29 rows=104 width=121)
	  Sort Key: c
	  ->  Index Scan using sbtest8_pkey on sbtest8  (cost=0.43..396.55 rows=104 width=121)
	        Index Cond: ((id >= 2044650) AND (id <= 2044749))

for non_index_updates
table 1 : explain UPDATE sbtest1 SET c='foobar' WHERE id=5873285
	Update on sbtest1  (cost=0.43..8.45 rows=0 width=0)
	  ->  Index Scan using sbtest1_pkey on sbtest1  (cost=0.43..8.45 rows=1 width=490)
	        Index Cond: (id = 5873285)

table 2 : explain UPDATE sbtest2 SET c='foobar' WHERE id=2023304
	Update on sbtest2  (cost=0.43..8.45 rows=0 width=0)
	  ->  Index Scan using sbtest2_pkey on sbtest2  (cost=0.43..8.45 rows=1 width=490)
	        Index Cond: (id = 2023304)

table 3 : explain UPDATE sbtest3 SET c='foobar' WHERE id=8403257
	Update on sbtest3  (cost=0.43..8.45 rows=0 width=0)
	  ->  Index Scan using sbtest3_pkey on sbtest3  (cost=0.43..8.45 rows=1 width=490)
	        Index Cond: (id = 8403257)

table 4 : explain UPDATE sbtest4 SET c='foobar' WHERE id=9612739
	Update on sbtest4  (cost=0.43..8.45 rows=0 width=0)
	  ->  Index Scan using sbtest4_pkey on sbtest4  (cost=0.43..8.45 rows=1 width=490)
	        Index Cond: (id = 9612739)

table 5 : explain UPDATE sbtest5 SET c='foobar' WHERE id=5149816
	Update on sbtest5  (cost=0.43..8.45 rows=0 width=0)
	  ->  Index Scan using sbtest5_pkey on sbtest5  (cost=0.43..8.45 rows=1 width=490)
	        Index Cond: (id = 5149816)

table 6 : explain UPDATE sbtest6 SET c='foobar' WHERE id=4934315
	Update on sbtest6  (cost=0.43..8.45 rows=0 width=0)
	  ->  Index Scan using sbtest6_pkey on sbtest6  (cost=0.43..8.45 rows=1 width=490)
	        Index Cond: (id = 4934315)

table 7 : explain UPDATE sbtest7 SET c='foobar' WHERE id=7246735
	Update on sbtest7  (cost=0.43..8.45 rows=0 width=0)
	  ->  Index Scan using sbtest7_pkey on sbtest7  (cost=0.43..8.45 rows=1 width=490)
	        Index Cond: (id = 7246735)

table 8 : explain UPDATE sbtest8 SET c='foobar' WHERE id=9798836
	Update on sbtest8  (cost=0.43..8.45 rows=0 width=0)
	  ->  Index Scan using sbtest8_pkey on sbtest8  (cost=0.43..8.45 rows=1 width=490)
	        Index Cond: (id = 9798836)

for non_index_updates
table 1 : explain UPDATE sbtest1 SET c='foobar' WHERE id=7119326
	Update on sbtest1  (cost=0.43..8.45 rows=0 width=0)
	  ->  Index Scan using sbtest1_pkey on sbtest1  (cost=0.43..8.45 rows=1 width=490)
	        Index Cond: (id = 7119326)

table 2 : explain UPDATE sbtest2 SET c='foobar' WHERE id=1023597
	Update on sbtest2  (cost=0.43..8.45 rows=0 width=0)
	  ->  Index Scan using sbtest2_pkey on sbtest2  (cost=0.43..8.45 rows=1 width=490)
	        Index Cond: (id = 1023597)

table 3 : explain UPDATE sbtest3 SET c='foobar' WHERE id=8724128
	Update on sbtest3  (cost=0.43..8.45 rows=0 width=0)
	  ->  Index Scan using sbtest3_pkey on sbtest3  (cost=0.43..8.45 rows=1 width=490)
	        Index Cond: (id = 8724128)

table 4 : explain UPDATE sbtest4 SET c='foobar' WHERE id=6486924
	Update on sbtest4  (cost=0.43..8.45 rows=0 width=0)
	  ->  Index Scan using sbtest4_pkey on sbtest4  (cost=0.43..8.45 rows=1 width=490)
	        Index Cond: (id = 6486924)

table 5 : explain UPDATE sbtest5 SET c='foobar' WHERE id=6378690
	Update on sbtest5  (cost=0.43..8.45 rows=0 width=0)
	  ->  Index Scan using sbtest5_pkey on sbtest5  (cost=0.43..8.45 rows=1 width=490)
	        Index Cond: (id = 6378690)

table 6 : explain UPDATE sbtest6 SET c='foobar' WHERE id=6649730
	Update on sbtest6  (cost=0.43..8.45 rows=0 width=0)
	  ->  Index Scan using sbtest6_pkey on sbtest6  (cost=0.43..8.45 rows=1 width=490)
	        Index Cond: (id = 6649730)

table 7 : explain UPDATE sbtest7 SET c='foobar' WHERE id=704388
	Update on sbtest7  (cost=0.43..8.45 rows=0 width=0)
	  ->  Index Scan using sbtest7_pkey on sbtest7  (cost=0.43..8.45 rows=1 width=490)
	        Index Cond: (id = 704388)

table 8 : explain UPDATE sbtest8 SET c='foobar' WHERE id=7463187
	Update on sbtest8  (cost=0.43..8.45 rows=0 width=0)
	  ->  Index Scan using sbtest8_pkey on sbtest8  (cost=0.43..8.45 rows=1 width=490)
	        Index Cond: (id = 7463187)

explain: for deletes :: explain DELETE FROM sbtest%u WHERE id=%u
for non_index_updates
table 1 : explain UPDATE sbtest1 SET c='foobar' WHERE id=2287766
	Update on sbtest1  (cost=0.43..8.45 rows=0 width=0)
	  ->  Index Scan using sbtest1_pkey on sbtest1  (cost=0.43..8.45 rows=1 width=490)
	        Index Cond: (id = 2287766)

table 2 : explain UPDATE sbtest2 SET c='foobar' WHERE id=2883158
	Update on sbtest2  (cost=0.43..8.45 rows=0 width=0)
	  ->  Index Scan using sbtest2_pkey on sbtest2  (cost=0.43..8.45 rows=1 width=490)
	        Index Cond: (id = 2883158)

table 3 : explain UPDATE sbtest3 SET c='foobar' WHERE id=858087
	Update on sbtest3  (cost=0.43..8.45 rows=0 width=0)
	  ->  Index Scan using sbtest3_pkey on sbtest3  (cost=0.43..8.45 rows=1 width=490)
	        Index Cond: (id = 858087)

table 4 : explain UPDATE sbtest4 SET c='foobar' WHERE id=4521600
	Update on sbtest4  (cost=0.43..8.45 rows=0 width=0)
	  ->  Index Scan using sbtest4_pkey on sbtest4  (cost=0.43..8.45 rows=1 width=490)
	        Index Cond: (id = 4521600)

table 5 : explain UPDATE sbtest5 SET c='foobar' WHERE id=5145575
	Update on sbtest5  (cost=0.43..8.45 rows=0 width=0)
	  ->  Index Scan using sbtest5_pkey on sbtest5  (cost=0.43..8.45 rows=1 width=490)
	        Index Cond: (id = 5145575)

table 6 : explain UPDATE sbtest6 SET c='foobar' WHERE id=4560941
	Update on sbtest6  (cost=0.43..8.45 rows=0 width=0)
	  ->  Index Scan using sbtest6_pkey on sbtest6  (cost=0.43..8.45 rows=1 width=490)
	        Index Cond: (id = 4560941)

table 7 : explain UPDATE sbtest7 SET c='foobar' WHERE id=1039258
	Update on sbtest7  (cost=0.43..8.45 rows=0 width=0)
	  ->  Index Scan using sbtest7_pkey on sbtest7  (cost=0.43..8.45 rows=1 width=490)
	        Index Cond: (id = 1039258)

table 8 : explain UPDATE sbtest8 SET c='foobar' WHERE id=2861126
	Update on sbtest8  (cost=0.43..8.45 rows=0 width=0)
	  ->  Index Scan using sbtest8_pkey on sbtest8  (cost=0.43..8.45 rows=1 width=490)
	        Index Cond: (id = 2861126)

explain: for inserts :: explain INSERT INTO sbtest%u (id, k, c, pad) VALUES (%u, 13, 'foobar', 'foobar')
explain: for deletes :: explain DELETE FROM sbtest%u WHERE id=%u
for deletes
table 1 : explain DELETE FROM sbtest1 WHERE id=4777680
	Delete on sbtest1  (cost=0.43..8.45 rows=0 width=0)
	  ->  Index Scan using sbtest1_pkey on sbtest1  (cost=0.43..8.45 rows=1 width=6)
	        Index Cond: (id = 4777680)

table 2 : explain DELETE FROM sbtest2 WHERE id=3028477
	Delete on sbtest2  (cost=0.43..8.45 rows=0 width=0)
	  ->  Index Scan using sbtest2_pkey on sbtest2  (cost=0.43..8.45 rows=1 width=6)
	        Index Cond: (id = 3028477)

table 3 : explain DELETE FROM sbtest3 WHERE id=2914525
	Delete on sbtest3  (cost=0.43..8.45 rows=0 width=0)
	  ->  Index Scan using sbtest3_pkey on sbtest3  (cost=0.43..8.45 rows=1 width=6)
	        Index Cond: (id = 2914525)

table 4 : explain DELETE FROM sbtest4 WHERE id=1460572
	Delete on sbtest4  (cost=0.43..8.45 rows=0 width=0)
	  ->  Index Scan using sbtest4_pkey on sbtest4  (cost=0.43..8.45 rows=1 width=6)
	        Index Cond: (id = 1460572)

table 5 : explain DELETE FROM sbtest5 WHERE id=2027930
	Delete on sbtest5  (cost=0.43..8.45 rows=0 width=0)
	  ->  Index Scan using sbtest5_pkey on sbtest5  (cost=0.43..8.45 rows=1 width=6)
	        Index Cond: (id = 2027930)

table 6 : explain DELETE FROM sbtest6 WHERE id=7038795
	Delete on sbtest6  (cost=0.43..8.45 rows=0 width=0)
	  ->  Index Scan using sbtest6_pkey on sbtest6  (cost=0.43..8.45 rows=1 width=6)
	        Index Cond: (id = 7038795)

table 7 : explain DELETE FROM sbtest7 WHERE id=8394746
	Delete on sbtest7  (cost=0.43..8.45 rows=0 width=0)
	  ->  Index Scan using sbtest7_pkey on sbtest7  (cost=0.43..8.45 rows=1 width=6)
	        Index Cond: (id = 8394746)

table 8 : explain DELETE FROM sbtest8 WHERE id=5642117
	Delete on sbtest8  (cost=0.43..8.45 rows=0 width=0)
	  ->  Index Scan using sbtest8_pkey on sbtest8  (cost=0.43..8.45 rows=1 width=6)
	        Index Cond: (id = 5642117)

explain: for deletes :: explain DELETE FROM sbtest%u WHERE id=%u
for inserts
table 1 : explain INSERT INTO sbtest1 (id, k, c, pad) VALUES (4108569, 13, 'foobar', 'foobar')
	Insert on sbtest1  (cost=0.00..0.01 rows=0 width=0)
	  ->  Result  (cost=0.00..0.01 rows=1 width=736)

table 2 : explain INSERT INTO sbtest2 (id, k, c, pad) VALUES (5681672, 13, 'foobar', 'foobar')
	Insert on sbtest2  (cost=0.00..0.01 rows=0 width=0)
	  ->  Result  (cost=0.00..0.01 rows=1 width=736)

table 3 : explain INSERT INTO sbtest3 (id, k, c, pad) VALUES (1434985, 13, 'foobar', 'foobar')
	Insert on sbtest3  (cost=0.00..0.01 rows=0 width=0)
	  ->  Result  (cost=0.00..0.01 rows=1 width=736)

table 4 : explain INSERT INTO sbtest4 (id, k, c, pad) VALUES (9526997, 13, 'foobar', 'foobar')
	Insert on sbtest4  (cost=0.00..0.01 rows=0 width=0)
	  ->  Result  (cost=0.00..0.01 rows=1 width=736)

table 5 : explain INSERT INTO sbtest5 (id, k, c, pad) VALUES (8744070, 13, 'foobar', 'foobar')
	Insert on sbtest5  (cost=0.00..0.01 rows=0 width=0)
	  ->  Result  (cost=0.00..0.01 rows=1 width=736)

table 6 : explain INSERT INTO sbtest6 (id, k, c, pad) VALUES (5468606, 13, 'foobar', 'foobar')
	Insert on sbtest6  (cost=0.00..0.01 rows=0 width=0)
	  ->  Result  (cost=0.00..0.01 rows=1 width=736)

table 7 : explain INSERT INTO sbtest7 (id, k, c, pad) VALUES (8859920, 13, 'foobar', 'foobar')
	Insert on sbtest7  (cost=0.00..0.01 rows=0 width=0)
	  ->  Result  (cost=0.00..0.01 rows=1 width=736)

table 8 : explain INSERT INTO sbtest8 (id, k, c, pad) VALUES (7119076, 13, 'foobar', 'foobar')
	Insert on sbtest8  (cost=0.00..0.01 rows=0 width=0)
	  ->  Result  (cost=0.00..0.01 rows=1 width=736)

for: distinct_ranges
table 1 : explain SELECT DISTINCT c FROM sbtest1 WHERE id BETWEEN 9367013 AND 9367112 ORDER BY c
	Unique  (cost=390.81..391.31 rows=101 width=121)
	  ->  Sort  (cost=390.81..391.06 rows=101 width=121)
	        Sort Key: c
	        ->  Index Scan using sbtest1_pkey on sbtest1  (cost=0.43..387.45 rows=101 width=121)
	              Index Cond: ((id >= 9367013) AND (id <= 9367112))

table 2 : explain SELECT DISTINCT c FROM sbtest2 WHERE id BETWEEN 1560562 AND 1560661 ORDER BY c
	Unique  (cost=409.62..410.16 rows=107 width=121)
	  ->  Sort  (cost=409.62..409.89 rows=107 width=121)
	        Sort Key: c
	        ->  Index Scan using sbtest2_pkey on sbtest2  (cost=0.43..406.02 rows=107 width=121)
	              Index Cond: ((id >= 1560562) AND (id <= 1560661))

table 3 : explain SELECT DISTINCT c FROM sbtest3 WHERE id BETWEEN 5314737 AND 5314836 ORDER BY c
	Unique  (cost=363.47..363.94 rows=94 width=121)
	  ->  Sort  (cost=363.47..363.70 rows=94 width=121)
	        Sort Key: c
	        ->  Index Scan using sbtest3_pkey on sbtest3  (cost=0.43..360.39 rows=94 width=121)
	              Index Cond: ((id >= 5314737) AND (id <= 5314836))

table 4 : explain SELECT DISTINCT c FROM sbtest4 WHERE id BETWEEN 2044205 AND 2044304 ORDER BY c
	Unique  (cost=405.80..406.33 rows=105 width=121)
	  ->  Sort  (cost=405.80..406.07 rows=105 width=121)
	        Sort Key: c
	        ->  Index Scan using sbtest4_pkey on sbtest4  (cost=0.43..402.28 rows=105 width=121)
	              Index Cond: ((id >= 2044205) AND (id <= 2044304))

table 5 : explain SELECT DISTINCT c FROM sbtest5 WHERE id BETWEEN 7278578 AND 7278677 ORDER BY c
	Unique  (cost=382.03..382.53 rows=99 width=121)
	  ->  Sort  (cost=382.03..382.28 rows=99 width=121)
	        Sort Key: c
	        ->  Index Scan using sbtest5_pkey on sbtest5  (cost=0.43..378.75 rows=99 width=121)
	              Index Cond: ((id >= 7278578) AND (id <= 7278677))

table 6 : explain SELECT DISTINCT c FROM sbtest6 WHERE id BETWEEN 6368927 AND 6369026 ORDER BY c
	Unique  (cost=393.42..393.93 rows=102 width=121)
	  ->  Sort  (cost=393.42..393.68 rows=102 width=121)
	        Sort Key: c
	        ->  Index Scan using sbtest6_pkey on sbtest6  (cost=0.43..390.02 rows=102 width=121)
	              Index Cond: ((id >= 6368927) AND (id <= 6369026))

table 7 : explain SELECT DISTINCT c FROM sbtest7 WHERE id BETWEEN 8384167 AND 8384266 ORDER BY c
	Unique  (cost=356.73..357.19 rows=93 width=121)
	  ->  Sort  (cost=356.73..356.96 rows=93 width=121)
	        Sort Key: c
	        ->  Index Scan using sbtest7_pkey on sbtest7  (cost=0.43..353.69 rows=93 width=121)
	              Index Cond: ((id >= 8384167) AND (id <= 8384266))

table 8 : explain SELECT DISTINCT c FROM sbtest8 WHERE id BETWEEN 1930978 AND 1931077 ORDER BY c
	Unique  (cost=358.10..358.56 rows=93 width=121)
	  ->  Sort  (cost=358.10..358.33 rows=93 width=121)
	        Sort Key: c
	        ->  Index Scan using sbtest8_pkey on sbtest8  (cost=0.43..355.06 rows=93 width=121)
	              Index Cond: ((id >= 1930978) AND (id <= 1931077))

for deletes
table 1 : explain DELETE FROM sbtest1 WHERE id=2217205
	Delete on sbtest1  (cost=0.43..8.45 rows=0 width=0)
	  ->  Index Scan using sbtest1_pkey on sbtest1  (cost=0.43..8.45 rows=1 width=6)
	        Index Cond: (id = 2217205)

table 2 : explain DELETE FROM sbtest2 WHERE id=4270171
	Delete on sbtest2  (cost=0.43..8.45 rows=0 width=0)
	  ->  Index Scan using sbtest2_pkey on sbtest2  (cost=0.43..8.45 rows=1 width=6)
	        Index Cond: (id = 4270171)

table 3 : explain DELETE FROM sbtest3 WHERE id=4151939
	Delete on sbtest3  (cost=0.43..8.45 rows=0 width=0)
	  ->  Index Scan using sbtest3_pkey on sbtest3  (cost=0.43..8.45 rows=1 width=6)
	        Index Cond: (id = 4151939)

table 4 : explain DELETE FROM sbtest4 WHERE id=6680164
	Delete on sbtest4  (cost=0.43..8.45 rows=0 width=0)
	  ->  Index Scan using sbtest4_pkey on sbtest4  (cost=0.43..8.45 rows=1 width=6)
	        Index Cond: (id = 6680164)

table 5 : explain DELETE FROM sbtest5 WHERE id=8994791
	Delete on sbtest5  (cost=0.43..8.45 rows=0 width=0)
	  ->  Index Scan using sbtest5_pkey on sbtest5  (cost=0.43..8.45 rows=1 width=6)
	        Index Cond: (id = 8994791)

table 6 : explain DELETE FROM sbtest6 WHERE id=5885248
	Delete on sbtest6  (cost=0.43..8.45 rows=0 width=0)
	  ->  Index Scan using sbtest6_pkey on sbtest6  (cost=0.43..8.45 rows=1 width=6)
	        Index Cond: (id = 5885248)

table 7 : explain DELETE FROM sbtest7 WHERE id=7145152
	Delete on sbtest7  (cost=0.43..8.45 rows=0 width=0)
	  ->  Index Scan using sbtest7_pkey on sbtest7  (cost=0.43..8.45 rows=1 width=6)
	        Index Cond: (id = 7145152)

table 8 : explain DELETE FROM sbtest8 WHERE id=6026754
	Delete on sbtest8  (cost=0.43..8.45 rows=0 width=0)
	  ->  Index Scan using sbtest8_pkey on sbtest8  (cost=0.43..8.45 rows=1 width=6)
	        Index Cond: (id = 6026754)

for: distinct_ranges
table 1 : explain SELECT DISTINCT c FROM sbtest1 WHERE id BETWEEN 5593147 AND 5593246 ORDER BY c
	Unique  (cost=371.67..372.15 rows=96 width=121)
	  ->  Sort  (cost=371.67..371.91 rows=96 width=121)
	        Sort Key: c
	        ->  Index Scan using sbtest1_pkey on sbtest1  (cost=0.43..368.50 rows=96 width=121)
	              Index Cond: ((id >= 5593147) AND (id <= 5593246))

table 2 : explain SELECT DISTINCT c FROM sbtest2 WHERE id BETWEEN 7855958 AND 7856057 ORDER BY c
	Unique  (cost=409.62..410.16 rows=107 width=121)
	  ->  Sort  (cost=409.62..409.89 rows=107 width=121)
	        Sort Key: c
	        ->  Index Scan using sbtest2_pkey on sbtest2  (cost=0.43..406.02 rows=107 width=121)
	              Index Cond: ((id >= 7855958) AND (id <= 7856057))

table 3 : explain SELECT DISTINCT c FROM sbtest3 WHERE id BETWEEN 7117143 AND 7117242 ORDER BY c
	Unique  (cost=371.11..371.59 rows=96 width=121)
	  ->  Sort  (cost=371.11..371.35 rows=96 width=121)
	        Sort Key: c
	        ->  Index Scan using sbtest3_pkey on sbtest3  (cost=0.43..367.95 rows=96 width=121)
	              Index Cond: ((id >= 7117143) AND (id <= 7117242))

table 4 : explain SELECT DISTINCT c FROM sbtest4 WHERE id BETWEEN 6297231 AND 6297330 ORDER BY c
	Unique  (cost=371.32..371.80 rows=96 width=121)
	  ->  Sort  (cost=371.32..371.56 rows=96 width=121)
	        Sort Key: c
	        ->  Index Scan using sbtest4_pkey on sbtest4  (cost=0.43..368.15 rows=96 width=121)
	              Index Cond: ((id >= 6297231) AND (id <= 6297330))

table 5 : explain SELECT DISTINCT c FROM sbtest5 WHERE id BETWEEN 996146 AND 996245 ORDER BY c
	Unique  (cost=374.40..374.88 rows=97 width=121)
	  ->  Sort  (cost=374.40..374.64 rows=97 width=121)
	        Sort Key: c
	        ->  Index Scan using sbtest5_pkey on sbtest5  (cost=0.43..371.20 rows=97 width=121)
	              Index Cond: ((id >= 996146) AND (id <= 996245))

table 6 : explain SELECT DISTINCT c FROM sbtest6 WHERE id BETWEEN 4162636 AND 4162735 ORDER BY c
	Unique  (cost=408.69..409.22 rows=106 width=121)
	  ->  Sort  (cost=408.69..408.96 rows=106 width=121)
	        Sort Key: c
	        ->  Index Scan using sbtest6_pkey on sbtest6  (cost=0.43..405.13 rows=106 width=121)
	              Index Cond: ((id >= 4162636) AND (id <= 4162735))

table 7 : explain SELECT DISTINCT c FROM sbtest7 WHERE id BETWEEN 3259305 AND 3259404 ORDER BY c
	Unique  (cost=379.54..380.04 rows=99 width=121)
	  ->  Sort  (cost=379.54..379.79 rows=99 width=121)
	        Sort Key: c
	        ->  Index Scan using sbtest7_pkey on sbtest7  (cost=0.43..376.26 rows=99 width=121)
	              Index Cond: ((id >= 3259305) AND (id <= 3259404))

table 8 : explain SELECT DISTINCT c FROM sbtest8 WHERE id BETWEEN 9317040 AND 9317139 ORDER BY c
	Unique  (cost=384.80..385.30 rows=100 width=121)
	  ->  Sort  (cost=384.80..385.05 rows=100 width=121)
	        Sort Key: c
	        ->  Index Scan using sbtest8_pkey on sbtest8  (cost=0.43..381.48 rows=100 width=121)
	              Index Cond: ((id >= 9317040) AND (id <= 9317139))

for: distinct_ranges
table 1 : explain SELECT DISTINCT c FROM sbtest1 WHERE id BETWEEN 822072 AND 822171 ORDER BY c
	Unique  (cost=371.67..372.15 rows=96 width=121)
	  ->  Sort  (cost=371.67..371.91 rows=96 width=121)
	        Sort Key: c
	        ->  Index Scan using sbtest1_pkey on sbtest1  (cost=0.43..368.50 rows=96 width=121)
	              Index Cond: ((id >= 822072) AND (id <= 822171))

table 2 : explain SELECT DISTINCT c FROM sbtest2 WHERE id BETWEEN 2196520 AND 2196619 ORDER BY c
	Unique  (cost=367.87..368.35 rows=96 width=121)
	  ->  Sort  (cost=367.87..368.11 rows=96 width=121)
	        Sort Key: c
	        ->  Index Scan using sbtest2_pkey on sbtest2  (cost=0.43..364.71 rows=96 width=121)
	              Index Cond: ((id >= 2196520) AND (id <= 2196619))

table 3 : explain SELECT DISTINCT c FROM sbtest3 WHERE id BETWEEN 6822027 AND 6822126 ORDER BY c
	Unique  (cost=378.76..379.25 rows=98 width=121)
	  ->  Sort  (cost=378.76..379.01 rows=98 width=121)
	        Sort Key: c
	        ->  Index Scan using sbtest3_pkey on sbtest3  (cost=0.43..375.52 rows=98 width=121)
	              Index Cond: ((id >= 6822027) AND (id <= 6822126))

table 4 : explain SELECT DISTINCT c FROM sbtest4 WHERE id BETWEEN 1401134 AND 1401233 ORDER BY c
	Unique  (cost=394.33..394.84 rows=102 width=121)
	  ->  Sort  (cost=394.33..394.58 rows=102 width=121)
	        Sort Key: c
	        ->  Index Scan using sbtest4_pkey on sbtest4  (cost=0.43..390.92 rows=102 width=121)
	              Index Cond: ((id >= 1401134) AND (id <= 1401233))

table 5 : explain SELECT DISTINCT c FROM sbtest5 WHERE id BETWEEN 4831039 AND 4831138 ORDER BY c
	Unique  (cost=382.03..382.53 rows=99 width=121)
	  ->  Sort  (cost=382.03..382.28 rows=99 width=121)
	        Sort Key: c
	        ->  Index Scan using sbtest5_pkey on sbtest5  (cost=0.43..378.75 rows=99 width=121)
	              Index Cond: ((id >= 4831039) AND (id <= 4831138))

table 6 : explain SELECT DISTINCT c FROM sbtest6 WHERE id BETWEEN 1269314 AND 1269413 ORDER BY c
	Unique  (cost=355.20..355.66 rows=92 width=121)
	  ->  Sort  (cost=355.20..355.43 rows=92 width=121)
	        Sort Key: c
	        ->  Index Scan using sbtest6_pkey on sbtest6  (cost=0.43..352.20 rows=92 width=121)
	              Index Cond: ((id >= 1269314) AND (id <= 1269413))

table 7 : explain SELECT DISTINCT c FROM sbtest7 WHERE id BETWEEN 3994490 AND 3994589 ORDER BY c
	Unique  (cost=406.09..406.62 rows=106 width=121)
	  ->  Sort  (cost=406.09..406.35 rows=106 width=121)
	        Sort Key: c
	        ->  Index Scan using sbtest7_pkey on sbtest7  (cost=0.43..402.52 rows=106 width=121)
	              Index Cond: ((id >= 3994490) AND (id <= 3994589))

table 8 : explain SELECT DISTINCT c FROM sbtest8 WHERE id BETWEEN 5990955 AND 5991054 ORDER BY c
	Unique  (cost=365.71..366.18 rows=95 width=121)
	  ->  Sort  (cost=365.71..365.95 rows=95 width=121)
	        Sort Key: c
	        ->  Index Scan using sbtest8_pkey on sbtest8  (cost=0.43..362.59 rows=95 width=121)
	              Index Cond: ((id >= 5990955) AND (id <= 5991054))

explain: for inserts :: explain INSERT INTO sbtest%u (id, k, c, pad) VALUES (%u, 13, 'foobar', 'foobar')
for: distinct_ranges
table 1 : explain SELECT DISTINCT c FROM sbtest1 WHERE id BETWEEN 426953 AND 427052 ORDER BY c
	Unique  (cost=390.81..391.31 rows=101 width=121)
	  ->  Sort  (cost=390.81..391.06 rows=101 width=121)
	        Sort Key: c
	        ->  Index Scan using sbtest1_pkey on sbtest1  (cost=0.43..387.45 rows=101 width=121)
	              Index Cond: ((id >= 426953) AND (id <= 427052))

table 2 : explain SELECT DISTINCT c FROM sbtest2 WHERE id BETWEEN 172656 AND 172755 ORDER BY c
	Unique  (cost=402.04..402.57 rows=105 width=121)
	  ->  Sort  (cost=402.04..402.31 rows=105 width=121)
	        Sort Key: c
	        ->  Index Scan using sbtest2_pkey on sbtest2  (cost=0.43..398.52 rows=105 width=121)
	              Index Cond: ((id >= 172656) AND (id <= 172755))

table 3 : explain SELECT DISTINCT c FROM sbtest3 WHERE id BETWEEN 3459765 AND 3459864 ORDER BY c
	Unique  (cost=363.47..363.94 rows=94 width=121)
	  ->  Sort  (cost=363.47..363.70 rows=94 width=121)
	        Sort Key: c
	        ->  Index Scan using sbtest3_pkey on sbtest3  (cost=0.43..360.39 rows=94 width=121)
	              Index Cond: ((id >= 3459765) AND (id <= 3459864))

table 4 : explain SELECT DISTINCT c FROM sbtest4 WHERE id BETWEEN 138557 AND 138656 ORDER BY c
	Unique  (cost=401.98..402.50 rows=104 width=121)
	  ->  Sort  (cost=401.98..402.24 rows=104 width=121)
	        Sort Key: c
	        ->  Index Scan using sbtest4_pkey on sbtest4  (cost=0.43..398.49 rows=104 width=121)
	              Index Cond: ((id >= 138557) AND (id <= 138656))

table 5 : explain SELECT DISTINCT c FROM sbtest5 WHERE id BETWEEN 3387650 AND 3387749 ORDER BY c
	Unique  (cost=393.48..393.99 rows=102 width=121)
	  ->  Sort  (cost=393.48..393.74 rows=102 width=121)
	        Sort Key: c
	        ->  Index Scan using sbtest5_pkey on sbtest5  (cost=0.43..390.08 rows=102 width=121)
	              Index Cond: ((id >= 3387650) AND (id <= 3387749))

table 6 : explain SELECT DISTINCT c FROM sbtest6 WHERE id BETWEEN 1563803 AND 1563902 ORDER BY c
	Unique  (cost=408.69..409.22 rows=106 width=121)
	  ->  Sort  (cost=408.69..408.96 rows=106 width=121)
	        Sort Key: c
	        ->  Index Scan using sbtest6_pkey on sbtest6  (cost=0.43..405.13 rows=106 width=121)
	              Index Cond: ((id >= 1563803) AND (id <= 1563902))

table 7 : explain SELECT DISTINCT c FROM sbtest7 WHERE id BETWEEN 9144963 AND 9145062 ORDER BY c
	Unique  (cost=360.52..360.99 rows=94 width=121)
	  ->  Sort  (cost=360.52..360.76 rows=94 width=121)
	        Sort Key: c
	        ->  Index Scan using sbtest7_pkey on sbtest7  (cost=0.43..357.44 rows=94 width=121)
	              Index Cond: ((id >= 9144963) AND (id <= 9145062))

table 8 : explain SELECT DISTINCT c FROM sbtest8 WHERE id BETWEEN 6688882 AND 6688981 ORDER BY c
	Unique  (cost=377.19..377.68 rows=98 width=121)
	  ->  Sort  (cost=377.19..377.44 rows=98 width=121)
	        Sort Key: c
	        ->  Index Scan using sbtest8_pkey on sbtest8  (cost=0.43..373.95 rows=98 width=121)
	              Index Cond: ((id >= 6688882) AND (id <= 6688981))

explain: for inserts :: explain INSERT INTO sbtest%u (id, k, c, pad) VALUES (%u, 13, 'foobar', 'foobar')
for inserts
table 1 : explain INSERT INTO sbtest1 (id, k, c, pad) VALUES (2103704, 13, 'foobar', 'foobar')
	Insert on sbtest1  (cost=0.00..0.01 rows=0 width=0)
	  ->  Result  (cost=0.00..0.01 rows=1 width=736)

table 2 : explain INSERT INTO sbtest2 (id, k, c, pad) VALUES (2499993, 13, 'foobar', 'foobar')
	Insert on sbtest2  (cost=0.00..0.01 rows=0 width=0)
	  ->  Result  (cost=0.00..0.01 rows=1 width=736)

table 3 : explain INSERT INTO sbtest3 (id, k, c, pad) VALUES (4241218, 13, 'foobar', 'foobar')
	Insert on sbtest3  (cost=0.00..0.01 rows=0 width=0)
	  ->  Result  (cost=0.00..0.01 rows=1 width=736)

table 4 : explain INSERT INTO sbtest4 (id, k, c, pad) VALUES (8088427, 13, 'foobar', 'foobar')
	Insert on sbtest4  (cost=0.00..0.01 rows=0 width=0)
	  ->  Result  (cost=0.00..0.01 rows=1 width=736)

table 5 : explain INSERT INTO sbtest5 (id, k, c, pad) VALUES (4666421, 13, 'foobar', 'foobar')
	Insert on sbtest5  (cost=0.00..0.01 rows=0 width=0)
	  ->  Result  (cost=0.00..0.01 rows=1 width=736)

table 6 : explain INSERT INTO sbtest6 (id, k, c, pad) VALUES (6200826, 13, 'foobar', 'foobar')
	Insert on sbtest6  (cost=0.00..0.01 rows=0 width=0)
	  ->  Result  (cost=0.00..0.01 rows=1 width=736)

table 7 : explain INSERT INTO sbtest7 (id, k, c, pad) VALUES (1488184, 13, 'foobar', 'foobar')
	Insert on sbtest7  (cost=0.00..0.01 rows=0 width=0)
	  ->  Result  (cost=0.00..0.01 rows=1 width=736)

table 8 : explain INSERT INTO sbtest8 (id, k, c, pad) VALUES (3161724, 13, 'foobar', 'foobar')
	Insert on sbtest8  (cost=0.00..0.01 rows=0 width=0)
	  ->  Result  (cost=0.00..0.01 rows=1 width=736)

explain: for index_updates :: explain UPDATE sbtest%u SET k=k+1 WHERE id=%u
for deletes
table 1 : explain DELETE FROM sbtest1 WHERE id=8961055
	Delete on sbtest1  (cost=0.43..8.45 rows=0 width=0)
	  ->  Index Scan using sbtest1_pkey on sbtest1  (cost=0.43..8.45 rows=1 width=6)
	        Index Cond: (id = 8961055)

table 2 : explain DELETE FROM sbtest2 WHERE id=7638295
	Delete on sbtest2  (cost=0.43..8.45 rows=0 width=0)
	  ->  Index Scan using sbtest2_pkey on sbtest2  (cost=0.43..8.45 rows=1 width=6)
	        Index Cond: (id = 7638295)

table 3 : explain DELETE FROM sbtest3 WHERE id=4672172
	Delete on sbtest3  (cost=0.43..8.45 rows=0 width=0)
	  ->  Index Scan using sbtest3_pkey on sbtest3  (cost=0.43..8.45 rows=1 width=6)
	        Index Cond: (id = 4672172)

table 4 : explain DELETE FROM sbtest4 WHERE id=5897851
	Delete on sbtest4  (cost=0.43..8.45 rows=0 width=0)
	  ->  Index Scan using sbtest4_pkey on sbtest4  (cost=0.43..8.45 rows=1 width=6)
	        Index Cond: (id = 5897851)

table 5 : explain DELETE FROM sbtest5 WHERE id=7791505
	Delete on sbtest5  (cost=0.43..8.45 rows=0 width=0)
	  ->  Index Scan using sbtest5_pkey on sbtest5  (cost=0.43..8.45 rows=1 width=6)
	        Index Cond: (id = 7791505)

table 6 : explain DELETE FROM sbtest6 WHERE id=7625244
	Delete on sbtest6  (cost=0.43..8.45 rows=0 width=0)
	  ->  Index Scan using sbtest6_pkey on sbtest6  (cost=0.43..8.45 rows=1 width=6)
	        Index Cond: (id = 7625244)

table 7 : explain DELETE FROM sbtest7 WHERE id=7253060
	Delete on sbtest7  (cost=0.43..8.45 rows=0 width=0)
	  ->  Index Scan using sbtest7_pkey on sbtest7  (cost=0.43..8.45 rows=1 width=6)
	        Index Cond: (id = 7253060)

table 8 : explain DELETE FROM sbtest8 WHERE id=7931032
	Delete on sbtest8  (cost=0.43..8.45 rows=0 width=0)
	  ->  Index Scan using sbtest8_pkey on sbtest8  (cost=0.43..8.45 rows=1 width=6)
	        Index Cond: (id = 7931032)

for inserts
table 1 : explain INSERT INTO sbtest1 (id, k, c, pad) VALUES (3381422, 13, 'foobar', 'foobar')
	Insert on sbtest1  (cost=0.00..0.01 rows=0 width=0)
	  ->  Result  (cost=0.00..0.01 rows=1 width=736)

table 2 : explain INSERT INTO sbtest2 (id, k, c, pad) VALUES (8915176, 13, 'foobar', 'foobar')
	Insert on sbtest2  (cost=0.00..0.01 rows=0 width=0)
	  ->  Result  (cost=0.00..0.01 rows=1 width=736)

table 3 : explain INSERT INTO sbtest3 (id, k, c, pad) VALUES (1029010, 13, 'foobar', 'foobar')
	Insert on sbtest3  (cost=0.00..0.01 rows=0 width=0)
	  ->  Result  (cost=0.00..0.01 rows=1 width=736)

table 4 : explain INSERT INTO sbtest4 (id, k, c, pad) VALUES (3818956, 13, 'foobar', 'foobar')
	Insert on sbtest4  (cost=0.00..0.01 rows=0 width=0)
	  ->  Result  (cost=0.00..0.01 rows=1 width=736)

table 5 : explain INSERT INTO sbtest5 (id, k, c, pad) VALUES (2974768, 13, 'foobar', 'foobar')
	Insert on sbtest5  (cost=0.00..0.01 rows=0 width=0)
	  ->  Result  (cost=0.00..0.01 rows=1 width=736)

table 6 : explain INSERT INTO sbtest6 (id, k, c, pad) VALUES (585540, 13, 'foobar', 'foobar')
	Insert on sbtest6  (cost=0.00..0.01 rows=0 width=0)
	  ->  Result  (cost=0.00..0.01 rows=1 width=736)

table 7 : explain INSERT INTO sbtest7 (id, k, c, pad) VALUES (1211131, 13, 'foobar', 'foobar')
	Insert on sbtest7  (cost=0.00..0.01 rows=0 width=0)
	  ->  Result  (cost=0.00..0.01 rows=1 width=736)

table 8 : explain INSERT INTO sbtest8 (id, k, c, pad) VALUES (2654228, 13, 'foobar', 'foobar')
	Insert on sbtest8  (cost=0.00..0.01 rows=0 width=0)
	  ->  Result  (cost=0.00..0.01 rows=1 width=736)

explain: for index_updates :: explain UPDATE sbtest%u SET k=k+1 WHERE id=%u
explain: for index_updates :: explain UPDATE sbtest%u SET k=k+1 WHERE id=%u
explain: for index_updates :: explain UPDATE sbtest%u SET k=k+1 WHERE id=%u
explain: for point_selects :: explain SELECT c FROM sbtest%u WHERE id=%u
for: distinct_ranges
table 1 : explain SELECT DISTINCT c FROM sbtest1 WHERE id BETWEEN 9317660 AND 9317759 ORDER BY c
	Unique  (cost=390.81..391.31 rows=101 width=121)
	  ->  Sort  (cost=390.81..391.06 rows=101 width=121)
	        Sort Key: c
	        ->  Index Scan using sbtest1_pkey on sbtest1  (cost=0.43..387.45 rows=101 width=121)
	              Index Cond: ((id >= 9317660) AND (id <= 9317759))

table 2 : explain SELECT DISTINCT c FROM sbtest2 WHERE id BETWEEN 7066950 AND 7067049 ORDER BY c
	Unique  (cost=383.10..383.60 rows=100 width=121)
	  ->  Sort  (cost=383.10..383.35 rows=100 width=121)
	        Sort Key: c
	        ->  Index Scan using sbtest2_pkey on sbtest2  (cost=0.43..379.77 rows=100 width=121)
	              Index Cond: ((id >= 7066950) AND (id <= 7067049))

table 3 : explain SELECT DISTINCT c FROM sbtest3 WHERE id BETWEEN 3676739 AND 3676838 ORDER BY c
	Unique  (cost=378.76..379.25 rows=98 width=121)
	  ->  Sort  (cost=378.76..379.01 rows=98 width=121)
	        Sort Key: c
	        ->  Index Scan using sbtest3_pkey on sbtest3  (cost=0.43..375.52 rows=98 width=121)
	              Index Cond: ((id >= 3676739) AND (id <= 3676838))

table 4 : explain SELECT DISTINCT c FROM sbtest4 WHERE id BETWEEN 379533 AND 379632 ORDER BY c
	Unique  (cost=401.98..402.50 rows=104 width=121)
	  ->  Sort  (cost=401.98..402.24 rows=104 width=121)
	        Sort Key: c
	        ->  Index Scan using sbtest4_pkey on sbtest4  (cost=0.43..398.49 rows=104 width=121)
	              Index Cond: ((id >= 379533) AND (id <= 379632))

table 5 : explain SELECT DISTINCT c FROM sbtest5 WHERE id BETWEEN 7188429 AND 7188528 ORDER BY c
	Unique  (cost=374.40..374.88 rows=97 width=121)
	  ->  Sort  (cost=374.40..374.64 rows=97 width=121)
	        Sort Key: c
	        ->  Index Scan using sbtest5_pkey on sbtest5  (cost=0.43..371.20 rows=97 width=121)
	              Index Cond: ((id >= 7188429) AND (id <= 7188528))

table 6 : explain SELECT DISTINCT c FROM sbtest6 WHERE id BETWEEN 3080120 AND 3080219 ORDER BY c
	Unique  (cost=355.20..355.66 rows=92 width=121)
	  ->  Sort  (cost=355.20..355.43 rows=92 width=121)
	        Sort Key: c
	        ->  Index Scan using sbtest6_pkey on sbtest6  (cost=0.43..352.20 rows=92 width=121)
	              Index Cond: ((id >= 3080120) AND (id <= 3080219))

table 7 : explain SELECT DISTINCT c FROM sbtest7 WHERE id BETWEEN 4674277 AND 4674376 ORDER BY c
	Unique  (cost=421.25..421.80 rows=110 width=121)
	  ->  Sort  (cost=421.25..421.53 rows=110 width=121)
	        Sort Key: c
	        ->  Index Scan using sbtest7_pkey on sbtest7  (cost=0.43..417.52 rows=110 width=121)
	              Index Cond: ((id >= 4674277) AND (id <= 4674376))

table 8 : explain SELECT DISTINCT c FROM sbtest8 WHERE id BETWEEN 9862118 AND 9862217 ORDER BY c
	Unique  (cost=400.03..400.55 rows=104 width=121)
	  ->  Sort  (cost=400.03..400.29 rows=104 width=121)
	        Sort Key: c
	        ->  Index Scan using sbtest8_pkey on sbtest8  (cost=0.43..396.55 rows=104 width=121)
	              Index Cond: ((id >= 9862118) AND (id <= 9862217))

explain: for inserts :: explain INSERT INTO sbtest%u (id, k, c, pad) VALUES (%u, 13, 'foobar', 'foobar')
for index_updates
table 1 : explain UPDATE sbtest1 SET k=k+1 WHERE id=4647157
	Update on sbtest1  (cost=0.43..8.46 rows=0 width=0)
	  ->  Index Scan using sbtest1_pkey on sbtest1  (cost=0.43..8.46 rows=1 width=10)
	        Index Cond: (id = 4647157)

table 2 : explain UPDATE sbtest2 SET k=k+1 WHERE id=6888384
	Update on sbtest2  (cost=0.43..8.46 rows=0 width=0)
	  ->  Index Scan using sbtest2_pkey on sbtest2  (cost=0.43..8.46 rows=1 width=10)
	        Index Cond: (id = 6888384)

table 3 : explain UPDATE sbtest3 SET k=k+1 WHERE id=8749523
	Update on sbtest3  (cost=0.43..8.46 rows=0 width=0)
	  ->  Index Scan using sbtest3_pkey on sbtest3  (cost=0.43..8.46 rows=1 width=10)
	        Index Cond: (id = 8749523)

table 4 : explain UPDATE sbtest4 SET k=k+1 WHERE id=1081897
	Update on sbtest4  (cost=0.43..8.46 rows=0 width=0)
	  ->  Index Scan using sbtest4_pkey on sbtest4  (cost=0.43..8.46 rows=1 width=10)
	        Index Cond: (id = 1081897)

table 5 : explain UPDATE sbtest5 SET k=k+1 WHERE id=3737395
	Update on sbtest5  (cost=0.43..8.46 rows=0 width=0)
	  ->  Index Scan using sbtest5_pkey on sbtest5  (cost=0.43..8.46 rows=1 width=10)
	        Index Cond: (id = 3737395)

table 6 : explain UPDATE sbtest6 SET k=k+1 WHERE id=9911184
	Update on sbtest6  (cost=0.43..8.46 rows=0 width=0)
	  ->  Index Scan using sbtest6_pkey on sbtest6  (cost=0.43..8.46 rows=1 width=10)
	        Index Cond: (id = 9911184)

table 7 : explain UPDATE sbtest7 SET k=k+1 WHERE id=2321634
	Update on sbtest7  (cost=0.43..8.46 rows=0 width=0)
	  ->  Index Scan using sbtest7_pkey on sbtest7  (cost=0.43..8.46 rows=1 width=10)
	        Index Cond: (id = 2321634)

table 8 : explain UPDATE sbtest8 SET k=k+1 WHERE id=869500
	Update on sbtest8  (cost=0.43..8.46 rows=0 width=0)
	  ->  Index Scan using sbtest8_pkey on sbtest8  (cost=0.43..8.46 rows=1 width=10)
	        Index Cond: (id = 869500)

for index_updates
table 1 : explain UPDATE sbtest1 SET k=k+1 WHERE id=1392777
	Update on sbtest1  (cost=0.43..8.46 rows=0 width=0)
	  ->  Index Scan using sbtest1_pkey on sbtest1  (cost=0.43..8.46 rows=1 width=10)
	        Index Cond: (id = 1392777)

table 2 : explain UPDATE sbtest2 SET k=k+1 WHERE id=8882409
	Update on sbtest2  (cost=0.43..8.46 rows=0 width=0)
	  ->  Index Scan using sbtest2_pkey on sbtest2  (cost=0.43..8.46 rows=1 width=10)
	        Index Cond: (id = 8882409)

table 3 : explain UPDATE sbtest3 SET k=k+1 WHERE id=6782737
	Update on sbtest3  (cost=0.43..8.46 rows=0 width=0)
	  ->  Index Scan using sbtest3_pkey on sbtest3  (cost=0.43..8.46 rows=1 width=10)
	        Index Cond: (id = 6782737)

table 4 : explain UPDATE sbtest4 SET k=k+1 WHERE id=7352739
	Update on sbtest4  (cost=0.43..8.46 rows=0 width=0)
	  ->  Index Scan using sbtest4_pkey on sbtest4  (cost=0.43..8.46 rows=1 width=10)
	        Index Cond: (id = 7352739)

table 5 : explain UPDATE sbtest5 SET k=k+1 WHERE id=7410057
	Update on sbtest5  (cost=0.43..8.46 rows=0 width=0)
	  ->  Index Scan using sbtest5_pkey on sbtest5  (cost=0.43..8.46 rows=1 width=10)
	        Index Cond: (id = 7410057)

table 6 : explain UPDATE sbtest6 SET k=k+1 WHERE id=2168227
	Update on sbtest6  (cost=0.43..8.46 rows=0 width=0)
	  ->  Index Scan using sbtest6_pkey on sbtest6  (cost=0.43..8.46 rows=1 width=10)
	        Index Cond: (id = 2168227)

table 7 : explain UPDATE sbtest7 SET k=k+1 WHERE id=7902641
	Update on sbtest7  (cost=0.43..8.46 rows=0 width=0)
	  ->  Index Scan using sbtest7_pkey on sbtest7  (cost=0.43..8.46 rows=1 width=10)
	        Index Cond: (id = 7902641)

table 8 : explain UPDATE sbtest8 SET k=k+1 WHERE id=5501677
	Update on sbtest8  (cost=0.43..8.46 rows=0 width=0)
	  ->  Index Scan using sbtest8_pkey on sbtest8  (cost=0.43..8.46 rows=1 width=10)
	        Index Cond: (id = 5501677)

for index_updates
table 1 : explain UPDATE sbtest1 SET k=k+1 WHERE id=7599613
	Update on sbtest1  (cost=0.43..8.46 rows=0 width=0)
	  ->  Index Scan using sbtest1_pkey on sbtest1  (cost=0.43..8.46 rows=1 width=10)
	        Index Cond: (id = 7599613)

table 2 : explain UPDATE sbtest2 SET k=k+1 WHERE id=1174418
	Update on sbtest2  (cost=0.43..8.46 rows=0 width=0)
	  ->  Index Scan using sbtest2_pkey on sbtest2  (cost=0.43..8.46 rows=1 width=10)
	        Index Cond: (id = 1174418)

table 3 : explain UPDATE sbtest3 SET k=k+1 WHERE id=6665737
	Update on sbtest3  (cost=0.43..8.46 rows=0 width=0)
	  ->  Index Scan using sbtest3_pkey on sbtest3  (cost=0.43..8.46 rows=1 width=10)
	        Index Cond: (id = 6665737)

table 4 : explain UPDATE sbtest4 SET k=k+1 WHERE id=9937617
	Update on sbtest4  (cost=0.43..8.46 rows=0 width=0)
	  ->  Index Scan using sbtest4_pkey on sbtest4  (cost=0.43..8.46 rows=1 width=10)
	        Index Cond: (id = 9937617)

table 5 : explain UPDATE sbtest5 SET k=k+1 WHERE id=7683704
	Update on sbtest5  (cost=0.43..8.46 rows=0 width=0)
	  ->  Index Scan using sbtest5_pkey on sbtest5  (cost=0.43..8.46 rows=1 width=10)
	        Index Cond: (id = 7683704)

table 6 : explain UPDATE sbtest6 SET k=k+1 WHERE id=6124705
	Update on sbtest6  (cost=0.43..8.46 rows=0 width=0)
	  ->  Index Scan using sbtest6_pkey on sbtest6  (cost=0.43..8.46 rows=1 width=10)
	        Index Cond: (id = 6124705)

table 7 : explain UPDATE sbtest7 SET k=k+1 WHERE id=2369722
	Update on sbtest7  (cost=0.43..8.46 rows=0 width=0)
	  ->  Index Scan using sbtest7_pkey on sbtest7  (cost=0.43..8.46 rows=1 width=10)
	        Index Cond: (id = 2369722)

table 8 : explain UPDATE sbtest8 SET k=k+1 WHERE id=9652712
	Update on sbtest8  (cost=0.43..8.46 rows=0 width=0)
	  ->  Index Scan using sbtest8_pkey on sbtest8  (cost=0.43..8.46 rows=1 width=10)
	        Index Cond: (id = 9652712)

for index_updates
table 1 : explain UPDATE sbtest1 SET k=k+1 WHERE id=4160267
	Update on sbtest1  (cost=0.43..8.46 rows=0 width=0)
	  ->  Index Scan using sbtest1_pkey on sbtest1  (cost=0.43..8.46 rows=1 width=10)
	        Index Cond: (id = 4160267)

table 2 : explain UPDATE sbtest2 SET k=k+1 WHERE id=548977
	Update on sbtest2  (cost=0.43..8.46 rows=0 width=0)
	  ->  Index Scan using sbtest2_pkey on sbtest2  (cost=0.43..8.46 rows=1 width=10)
	        Index Cond: (id = 548977)

table 3 : explain UPDATE sbtest3 SET k=k+1 WHERE id=2681141
	Update on sbtest3  (cost=0.43..8.46 rows=0 width=0)
	  ->  Index Scan using sbtest3_pkey on sbtest3  (cost=0.43..8.46 rows=1 width=10)
	        Index Cond: (id = 2681141)

table 4 : explain UPDATE sbtest4 SET k=k+1 WHERE id=2819082
	Update on sbtest4  (cost=0.43..8.46 rows=0 width=0)
	  ->  Index Scan using sbtest4_pkey on sbtest4  (cost=0.43..8.46 rows=1 width=10)
	        Index Cond: (id = 2819082)

table 5 : explain UPDATE sbtest5 SET k=k+1 WHERE id=9900255
	Update on sbtest5  (cost=0.43..8.46 rows=0 width=0)
	  ->  Index Scan using sbtest5_pkey on sbtest5  (cost=0.43..8.46 rows=1 width=10)
	        Index Cond: (id = 9900255)

table 6 : explain UPDATE sbtest6 SET k=k+1 WHERE id=8629002
	Update on sbtest6  (cost=0.43..8.46 rows=0 width=0)
	  ->  Index Scan using sbtest6_pkey on sbtest6  (cost=0.43..8.46 rows=1 width=10)
	        Index Cond: (id = 8629002)

table 7 : explain UPDATE sbtest7 SET k=k+1 WHERE id=111615
	Update on sbtest7  (cost=0.43..8.46 rows=0 width=0)
	  ->  Index Scan using sbtest7_pkey on sbtest7  (cost=0.43..8.46 rows=1 width=10)
	        Index Cond: (id = 111615)

table 8 : explain UPDATE sbtest8 SET k=k+1 WHERE id=3103751
	Update on sbtest8  (cost=0.43..8.46 rows=0 width=0)
	  ->  Index Scan using sbtest8_pkey on sbtest8  (cost=0.43..8.46 rows=1 width=10)
	        Index Cond: (id = 3103751)

explain: for index_updates :: explain UPDATE sbtest%u SET k=k+1 WHERE id=%u
for inserts
table 1 : explain INSERT INTO sbtest1 (id, k, c, pad) VALUES (8527870, 13, 'foobar', 'foobar')
	Insert on sbtest1  (cost=0.00..0.01 rows=0 width=0)
	  ->  Result  (cost=0.00..0.01 rows=1 width=736)

table 2 : explain INSERT INTO sbtest2 (id, k, c, pad) VALUES (779702, 13, 'foobar', 'foobar')
	Insert on sbtest2  (cost=0.00..0.01 rows=0 width=0)
	  ->  Result  (cost=0.00..0.01 rows=1 width=736)

table 3 : explain INSERT INTO sbtest3 (id, k, c, pad) VALUES (9620079, 13, 'foobar', 'foobar')
	Insert on sbtest3  (cost=0.00..0.01 rows=0 width=0)
	  ->  Result  (cost=0.00..0.01 rows=1 width=736)

table 4 : explain INSERT INTO sbtest4 (id, k, c, pad) VALUES (6936475, 13, 'foobar', 'foobar')
	Insert on sbtest4  (cost=0.00..0.01 rows=0 width=0)
	  ->  Result  (cost=0.00..0.01 rows=1 width=736)

table 5 : explain INSERT INTO sbtest5 (id, k, c, pad) VALUES (3937987, 13, 'foobar', 'foobar')
	Insert on sbtest5  (cost=0.00..0.01 rows=0 width=0)
	  ->  Result  (cost=0.00..0.01 rows=1 width=736)

table 6 : explain INSERT INTO sbtest6 (id, k, c, pad) VALUES (5470883, 13, 'foobar', 'foobar')
	Insert on sbtest6  (cost=0.00..0.01 rows=0 width=0)
	  ->  Result  (cost=0.00..0.01 rows=1 width=736)

table 7 : explain INSERT INTO sbtest7 (id, k, c, pad) VALUES (171842, 13, 'foobar', 'foobar')
	Insert on sbtest7  (cost=0.00..0.01 rows=0 width=0)
	  ->  Result  (cost=0.00..0.01 rows=1 width=736)

table 8 : explain INSERT INTO sbtest8 (id, k, c, pad) VALUES (6102608, 13, 'foobar', 'foobar')
	Insert on sbtest8  (cost=0.00..0.01 rows=0 width=0)
	  ->  Result  (cost=0.00..0.01 rows=1 width=736)

explain: for non_index_updates :: explain UPDATE sbtest%u SET c='foobar' WHERE id=%u
explain: for non_index_updates :: explain UPDATE sbtest%u SET c='foobar' WHERE id=%u
explain: for non_index_updates :: explain UPDATE sbtest%u SET c='foobar' WHERE id=%u
explain: for non_index_updates :: explain UPDATE sbtest%u SET c='foobar' WHERE id=%u
for point_selects
table 1 : explain SELECT c FROM sbtest1 WHERE id=2183297
	Index Scan using sbtest1_pkey on sbtest1  (cost=0.43..8.45 rows=1 width=121)
	  Index Cond: (id = 2183297)

table 2 : explain SELECT c FROM sbtest2 WHERE id=3567312
	Index Scan using sbtest2_pkey on sbtest2  (cost=0.43..8.45 rows=1 width=121)
	  Index Cond: (id = 3567312)

table 3 : explain SELECT c FROM sbtest3 WHERE id=4255835
	Index Scan using sbtest3_pkey on sbtest3  (cost=0.43..8.45 rows=1 width=121)
	  Index Cond: (id = 4255835)

table 4 : explain SELECT c FROM sbtest4 WHERE id=7313498
	Index Scan using sbtest4_pkey on sbtest4  (cost=0.43..8.45 rows=1 width=121)
	  Index Cond: (id = 7313498)

table 5 : explain SELECT c FROM sbtest5 WHERE id=7639212
	Index Scan using sbtest5_pkey on sbtest5  (cost=0.43..8.45 rows=1 width=121)
	  Index Cond: (id = 7639212)

table 6 : explain SELECT c FROM sbtest6 WHERE id=7475333
	Index Scan using sbtest6_pkey on sbtest6  (cost=0.43..8.45 rows=1 width=121)
	  Index Cond: (id = 7475333)

table 7 : explain SELECT c FROM sbtest7 WHERE id=7488656
	Index Scan using sbtest7_pkey on sbtest7  (cost=0.43..8.45 rows=1 width=121)
	  Index Cond: (id = 7488656)

table 8 : explain SELECT c FROM sbtest8 WHERE id=7682338
	Index Scan using sbtest8_pkey on sbtest8  (cost=0.43..8.45 rows=1 width=121)
	  Index Cond: (id = 7682338)

for index_updates
table 1 : explain UPDATE sbtest1 SET k=k+1 WHERE id=8095066
	Update on sbtest1  (cost=0.43..8.46 rows=0 width=0)
	  ->  Index Scan using sbtest1_pkey on sbtest1  (cost=0.43..8.46 rows=1 width=10)
	        Index Cond: (id = 8095066)

table 2 : explain UPDATE sbtest2 SET k=k+1 WHERE id=4923042
	Update on sbtest2  (cost=0.43..8.46 rows=0 width=0)
	  ->  Index Scan using sbtest2_pkey on sbtest2  (cost=0.43..8.46 rows=1 width=10)
	        Index Cond: (id = 4923042)

table 3 : explain UPDATE sbtest3 SET k=k+1 WHERE id=2416248
	Update on sbtest3  (cost=0.43..8.46 rows=0 width=0)
	  ->  Index Scan using sbtest3_pkey on sbtest3  (cost=0.43..8.46 rows=1 width=10)
	        Index Cond: (id = 2416248)

table 4 : explain UPDATE sbtest4 SET k=k+1 WHERE id=5967655
	Update on sbtest4  (cost=0.43..8.46 rows=0 width=0)
	  ->  Index Scan using sbtest4_pkey on sbtest4  (cost=0.43..8.46 rows=1 width=10)
	        Index Cond: (id = 5967655)

table 5 : explain UPDATE sbtest5 SET k=k+1 WHERE id=736346
	Update on sbtest5  (cost=0.43..8.46 rows=0 width=0)
	  ->  Index Scan using sbtest5_pkey on sbtest5  (cost=0.43..8.46 rows=1 width=10)
	        Index Cond: (id = 736346)

table 6 : explain UPDATE sbtest6 SET k=k+1 WHERE id=2532468
	Update on sbtest6  (cost=0.43..8.46 rows=0 width=0)
	  ->  Index Scan using sbtest6_pkey on sbtest6  (cost=0.43..8.46 rows=1 width=10)
	        Index Cond: (id = 2532468)

table 7 : explain UPDATE sbtest7 SET k=k+1 WHERE id=2475862
	Update on sbtest7  (cost=0.43..8.46 rows=0 width=0)
	  ->  Index Scan using sbtest7_pkey on sbtest7  (cost=0.43..8.46 rows=1 width=10)
	        Index Cond: (id = 2475862)

table 8 : explain UPDATE sbtest8 SET k=k+1 WHERE id=2437931
	Update on sbtest8  (cost=0.43..8.46 rows=0 width=0)
	  ->  Index Scan using sbtest8_pkey on sbtest8  (cost=0.43..8.46 rows=1 width=10)
	        Index Cond: (id = 2437931)

explain: for non_index_updates :: explain UPDATE sbtest%u SET c='foobar' WHERE id=%u
for non_index_updates
table 1 : explain UPDATE sbtest1 SET c='foobar' WHERE id=4444273
	Update on sbtest1  (cost=0.43..8.45 rows=0 width=0)
	  ->  Index Scan using sbtest1_pkey on sbtest1  (cost=0.43..8.45 rows=1 width=490)
	        Index Cond: (id = 4444273)

table 2 : explain UPDATE sbtest2 SET c='foobar' WHERE id=5724462
	Update on sbtest2  (cost=0.43..8.45 rows=0 width=0)
	  ->  Index Scan using sbtest2_pkey on sbtest2  (cost=0.43..8.45 rows=1 width=490)
	        Index Cond: (id = 5724462)

table 3 : explain UPDATE sbtest3 SET c='foobar' WHERE id=6611681
	Update on sbtest3  (cost=0.43..8.45 rows=0 width=0)
	  ->  Index Scan using sbtest3_pkey on sbtest3  (cost=0.43..8.45 rows=1 width=490)
	        Index Cond: (id = 6611681)

table 4 : explain UPDATE sbtest4 SET c='foobar' WHERE id=944496
	Update on sbtest4  (cost=0.43..8.45 rows=0 width=0)
	  ->  Index Scan using sbtest4_pkey on sbtest4  (cost=0.43..8.45 rows=1 width=490)
	        Index Cond: (id = 944496)

table 5 : explain UPDATE sbtest5 SET c='foobar' WHERE id=7026943
	Update on sbtest5  (cost=0.43..8.45 rows=0 width=0)
	  ->  Index Scan using sbtest5_pkey on sbtest5  (cost=0.43..8.45 rows=1 width=490)
	        Index Cond: (id = 7026943)

table 6 : explain UPDATE sbtest6 SET c='foobar' WHERE id=6419410
	Update on sbtest6  (cost=0.43..8.45 rows=0 width=0)
	  ->  Index Scan using sbtest6_pkey on sbtest6  (cost=0.43..8.45 rows=1 width=490)
	        Index Cond: (id = 6419410)

table 7 : explain UPDATE sbtest7 SET c='foobar' WHERE id=2120278
	Update on sbtest7  (cost=0.43..8.45 rows=0 width=0)
	  ->  Index Scan using sbtest7_pkey on sbtest7  (cost=0.43..8.45 rows=1 width=490)
	        Index Cond: (id = 2120278)

table 8 : explain UPDATE sbtest8 SET c='foobar' WHERE id=6342269
	Update on sbtest8  (cost=0.43..8.45 rows=0 width=0)
	  ->  Index Scan using sbtest8_pkey on sbtest8  (cost=0.43..8.45 rows=1 width=490)
	        Index Cond: (id = 6342269)

for: simple_ranges
table 1 : explain SELECT c FROM sbtest1 WHERE id BETWEEN 2146913 AND 2147012
	Index Scan using sbtest1_pkey on sbtest1  (cost=0.43..364.72 rows=95 width=121)
	  Index Cond: ((id >= 2146913) AND (id <= 2147012))

table 2 : explain SELECT c FROM sbtest2 WHERE id BETWEEN 596430 AND 596529
	Index Scan using sbtest2_pkey on sbtest2  (cost=0.43..357.21 rows=94 width=121)
	  Index Cond: ((id >= 596430) AND (id <= 596529))

table 3 : explain SELECT c FROM sbtest3 WHERE id BETWEEN 295350 AND 295449
	Index Scan using sbtest3_pkey on sbtest3  (cost=0.43..394.49 rows=103 width=121)
	  Index Cond: ((id >= 295350) AND (id <= 295449))

table 4 : explain SELECT c FROM sbtest4 WHERE id BETWEEN 1554465 AND 1554564
	Index Scan using sbtest4_pkey on sbtest4  (cost=0.43..371.94 rows=97 width=121)
	  Index Cond: ((id >= 1554465) AND (id <= 1554564))

table 5 : explain SELECT c FROM sbtest5 WHERE id BETWEEN 2756007 AND 2756106
	Index Scan using sbtest5_pkey on sbtest5  (cost=0.43..374.97 rows=98 width=121)
	  Index Cond: ((id >= 2756007) AND (id <= 2756106))

table 6 : explain SELECT c FROM sbtest6 WHERE id BETWEEN 4572574 AND 4572673
	Index Scan using sbtest6_pkey on sbtest6  (cost=0.43..390.02 rows=102 width=121)
	  Index Cond: ((id >= 4572574) AND (id <= 4572673))

table 7 : explain SELECT c FROM sbtest7 WHERE id BETWEEN 4900479 AND 4900578
	Index Scan using sbtest7_pkey on sbtest7  (cost=0.43..391.27 rows=103 width=121)
	  Index Cond: ((id >= 4900479) AND (id <= 4900578))

table 8 : explain SELECT c FROM sbtest8 WHERE id BETWEEN 772606 AND 772705
	Index Scan using sbtest8_pkey on sbtest8  (cost=0.43..377.72 rows=99 width=121)
	  Index Cond: ((id >= 772606) AND (id <= 772705))

for non_index_updates
table 1 : explain UPDATE sbtest1 SET c='foobar' WHERE id=7964820
	Update on sbtest1  (cost=0.43..8.45 rows=0 width=0)
	  ->  Index Scan using sbtest1_pkey on sbtest1  (cost=0.43..8.45 rows=1 width=490)
	        Index Cond: (id = 7964820)

table 2 : explain UPDATE sbtest2 SET c='foobar' WHERE id=6064887
	Update on sbtest2  (cost=0.43..8.45 rows=0 width=0)
	  ->  Index Scan using sbtest2_pkey on sbtest2  (cost=0.43..8.45 rows=1 width=490)
	        Index Cond: (id = 6064887)

table 3 : explain UPDATE sbtest3 SET c='foobar' WHERE id=2965752
	Update on sbtest3  (cost=0.43..8.45 rows=0 width=0)
	  ->  Index Scan using sbtest3_pkey on sbtest3  (cost=0.43..8.45 rows=1 width=490)
	        Index Cond: (id = 2965752)

table 4 : explain UPDATE sbtest4 SET c='foobar' WHERE id=3593773
	Update on sbtest4  (cost=0.43..8.45 rows=0 width=0)
	  ->  Index Scan using sbtest4_pkey on sbtest4  (cost=0.43..8.45 rows=1 width=490)
	        Index Cond: (id = 3593773)

table 5 : explain UPDATE sbtest5 SET c='foobar' WHERE id=4433088
	Update on sbtest5  (cost=0.43..8.45 rows=0 width=0)
	  ->  Index Scan using sbtest5_pkey on sbtest5  (cost=0.43..8.45 rows=1 width=490)
	        Index Cond: (id = 4433088)

table 6 : explain UPDATE sbtest6 SET c='foobar' WHERE id=8538807
	Update on sbtest6  (cost=0.43..8.45 rows=0 width=0)
	  ->  Index Scan using sbtest6_pkey on sbtest6  (cost=0.43..8.45 rows=1 width=490)
	        Index Cond: (id = 8538807)

table 7 : explain UPDATE sbtest7 SET c='foobar' WHERE id=3509222
	Update on sbtest7  (cost=0.43..8.45 rows=0 width=0)
	  ->  Index Scan using sbtest7_pkey on sbtest7  (cost=0.43..8.45 rows=1 width=490)
	        Index Cond: (id = 3509222)

table 8 : explain UPDATE sbtest8 SET c='foobar' WHERE id=9129429
	Update on sbtest8  (cost=0.43..8.45 rows=0 width=0)
	  ->  Index Scan using sbtest8_pkey on sbtest8  (cost=0.43..8.45 rows=1 width=490)
	        Index Cond: (id = 9129429)

for non_index_updates
table 1 : explain UPDATE sbtest1 SET c='foobar' WHERE id=4471353
	Update on sbtest1  (cost=0.43..8.45 rows=0 width=0)
	  ->  Index Scan using sbtest1_pkey on sbtest1  (cost=0.43..8.45 rows=1 width=490)
	        Index Cond: (id = 4471353)

table 2 : explain UPDATE sbtest2 SET c='foobar' WHERE id=3784974
	Update on sbtest2  (cost=0.43..8.45 rows=0 width=0)
	  ->  Index Scan using sbtest2_pkey on sbtest2  (cost=0.43..8.45 rows=1 width=490)
	        Index Cond: (id = 3784974)

table 3 : explain UPDATE sbtest3 SET c='foobar' WHERE id=9616984
	Update on sbtest3  (cost=0.43..8.45 rows=0 width=0)
	  ->  Index Scan using sbtest3_pkey on sbtest3  (cost=0.43..8.45 rows=1 width=490)
	        Index Cond: (id = 9616984)

table 4 : explain UPDATE sbtest4 SET c='foobar' WHERE id=8140404
	Update on sbtest4  (cost=0.43..8.45 rows=0 width=0)
	  ->  Index Scan using sbtest4_pkey on sbtest4  (cost=0.43..8.45 rows=1 width=490)
	        Index Cond: (id = 8140404)

table 5 : explain UPDATE sbtest5 SET c='foobar' WHERE id=4796000
	Update on sbtest5  (cost=0.43..8.45 rows=0 width=0)
	  ->  Index Scan using sbtest5_pkey on sbtest5  (cost=0.43..8.45 rows=1 width=490)
	        Index Cond: (id = 4796000)

table 6 : explain UPDATE sbtest6 SET c='foobar' WHERE id=3469887
	Update on sbtest6  (cost=0.43..8.45 rows=0 width=0)
	  ->  Index Scan using sbtest6_pkey on sbtest6  (cost=0.43..8.45 rows=1 width=490)
	        Index Cond: (id = 3469887)

table 7 : explain UPDATE sbtest7 SET c='foobar' WHERE id=7330192
	Update on sbtest7  (cost=0.43..8.45 rows=0 width=0)
	  ->  Index Scan using sbtest7_pkey on sbtest7  (cost=0.43..8.45 rows=1 width=490)
	        Index Cond: (id = 7330192)

table 8 : explain UPDATE sbtest8 SET c='foobar' WHERE id=725735
	Update on sbtest8  (cost=0.43..8.45 rows=0 width=0)
	  ->  Index Scan using sbtest8_pkey on sbtest8  (cost=0.43..8.45 rows=1 width=490)
	        Index Cond: (id = 725735)

for non_index_updates
table 1 : explain UPDATE sbtest1 SET c='foobar' WHERE id=4283305
	Update on sbtest1  (cost=0.43..8.45 rows=0 width=0)
	  ->  Index Scan using sbtest1_pkey on sbtest1  (cost=0.43..8.45 rows=1 width=490)
	        Index Cond: (id = 4283305)

table 2 : explain UPDATE sbtest2 SET c='foobar' WHERE id=9285172
	Update on sbtest2  (cost=0.43..8.45 rows=0 width=0)
	  ->  Index Scan using sbtest2_pkey on sbtest2  (cost=0.43..8.45 rows=1 width=490)
	        Index Cond: (id = 9285172)

table 3 : explain UPDATE sbtest3 SET c='foobar' WHERE id=8747684
	Update on sbtest3  (cost=0.43..8.45 rows=0 width=0)
	  ->  Index Scan using sbtest3_pkey on sbtest3  (cost=0.43..8.45 rows=1 width=490)
	        Index Cond: (id = 8747684)

table 4 : explain UPDATE sbtest4 SET c='foobar' WHERE id=9800110
	Update on sbtest4  (cost=0.43..8.45 rows=0 width=0)
	  ->  Index Scan using sbtest4_pkey on sbtest4  (cost=0.43..8.45 rows=1 width=490)
	        Index Cond: (id = 9800110)

table 5 : explain UPDATE sbtest5 SET c='foobar' WHERE id=8276250
	Update on sbtest5  (cost=0.43..8.45 rows=0 width=0)
	  ->  Index Scan using sbtest5_pkey on sbtest5  (cost=0.43..8.45 rows=1 width=490)
	        Index Cond: (id = 8276250)

table 6 : explain UPDATE sbtest6 SET c='foobar' WHERE id=811325
	Update on sbtest6  (cost=0.43..8.45 rows=0 width=0)
	  ->  Index Scan using sbtest6_pkey on sbtest6  (cost=0.43..8.45 rows=1 width=490)
	        Index Cond: (id = 811325)

table 7 : explain UPDATE sbtest7 SET c='foobar' WHERE id=2856346
	Update on sbtest7  (cost=0.43..8.45 rows=0 width=0)
	  ->  Index Scan using sbtest7_pkey on sbtest7  (cost=0.43..8.45 rows=1 width=490)
	        Index Cond: (id = 2856346)

table 8 : explain UPDATE sbtest8 SET c='foobar' WHERE id=2124569
	Update on sbtest8  (cost=0.43..8.45 rows=0 width=0)
	  ->  Index Scan using sbtest8_pkey on sbtest8  (cost=0.43..8.45 rows=1 width=490)
	        Index Cond: (id = 2124569)

for non_index_updates
table 1 : explain UPDATE sbtest1 SET c='foobar' WHERE id=7369226
	Update on sbtest1  (cost=0.43..8.45 rows=0 width=0)
	  ->  Index Scan using sbtest1_pkey on sbtest1  (cost=0.43..8.45 rows=1 width=490)
	        Index Cond: (id = 7369226)

table 2 : explain UPDATE sbtest2 SET c='foobar' WHERE id=4819727
	Update on sbtest2  (cost=0.43..8.45 rows=0 width=0)
	  ->  Index Scan using sbtest2_pkey on sbtest2  (cost=0.43..8.45 rows=1 width=490)
	        Index Cond: (id = 4819727)

table 3 : explain UPDATE sbtest3 SET c='foobar' WHERE id=2046407
	Update on sbtest3  (cost=0.43..8.45 rows=0 width=0)
	  ->  Index Scan using sbtest3_pkey on sbtest3  (cost=0.43..8.45 rows=1 width=490)
	        Index Cond: (id = 2046407)

table 4 : explain UPDATE sbtest4 SET c='foobar' WHERE id=7756321
	Update on sbtest4  (cost=0.43..8.45 rows=0 width=0)
	  ->  Index Scan using sbtest4_pkey on sbtest4  (cost=0.43..8.45 rows=1 width=490)
	        Index Cond: (id = 7756321)

table 5 : explain UPDATE sbtest5 SET c='foobar' WHERE id=4404132
	Update on sbtest5  (cost=0.43..8.45 rows=0 width=0)
	  ->  Index Scan using sbtest5_pkey on sbtest5  (cost=0.43..8.45 rows=1 width=490)
	        Index Cond: (id = 4404132)

table 6 : explain UPDATE sbtest6 SET c='foobar' WHERE id=5804010
	Update on sbtest6  (cost=0.43..8.45 rows=0 width=0)
	  ->  Index Scan using sbtest6_pkey on sbtest6  (cost=0.43..8.45 rows=1 width=490)
	        Index Cond: (id = 5804010)

table 7 : explain UPDATE sbtest7 SET c='foobar' WHERE id=8160896
	Update on sbtest7  (cost=0.43..8.45 rows=0 width=0)
	  ->  Index Scan using sbtest7_pkey on sbtest7  (cost=0.43..8.45 rows=1 width=490)
	        Index Cond: (id = 8160896)

table 8 : explain UPDATE sbtest8 SET c='foobar' WHERE id=6501437
	Update on sbtest8  (cost=0.43..8.45 rows=0 width=0)
	  ->  Index Scan using sbtest8_pkey on sbtest8  (cost=0.43..8.45 rows=1 width=490)
	        Index Cond: (id = 6501437)

explain: for deletes :: explain DELETE FROM sbtest%u WHERE id=%u
explain: for deletes :: explain DELETE FROM sbtest%u WHERE id=%u
explain: for deletes :: explain DELETE FROM sbtest%u WHERE id=%u
explain: for deletes :: explain DELETE FROM sbtest%u WHERE id=%u
explain: for deletes :: explain DELETE FROM sbtest%u WHERE id=%u
for deletes
table 1 : explain DELETE FROM sbtest1 WHERE id=8040790
	Delete on sbtest1  (cost=0.43..8.45 rows=0 width=0)
	  ->  Index Scan using sbtest1_pkey on sbtest1  (cost=0.43..8.45 rows=1 width=6)
	        Index Cond: (id = 8040790)

table 2 : explain DELETE FROM sbtest2 WHERE id=6217814
	Delete on sbtest2  (cost=0.43..8.45 rows=0 width=0)
	  ->  Index Scan using sbtest2_pkey on sbtest2  (cost=0.43..8.45 rows=1 width=6)
	        Index Cond: (id = 6217814)

table 3 : explain DELETE FROM sbtest3 WHERE id=1020667
	Delete on sbtest3  (cost=0.43..8.45 rows=0 width=0)
	  ->  Index Scan using sbtest3_pkey on sbtest3  (cost=0.43..8.45 rows=1 width=6)
	        Index Cond: (id = 1020667)

table 4 : explain DELETE FROM sbtest4 WHERE id=6248064
	Delete on sbtest4  (cost=0.43..8.45 rows=0 width=0)
	  ->  Index Scan using sbtest4_pkey on sbtest4  (cost=0.43..8.45 rows=1 width=6)
	        Index Cond: (id = 6248064)

table 5 : explain DELETE FROM sbtest5 WHERE id=1057220
	Delete on sbtest5  (cost=0.43..8.45 rows=0 width=0)
	  ->  Index Scan using sbtest5_pkey on sbtest5  (cost=0.43..8.45 rows=1 width=6)
	        Index Cond: (id = 1057220)

table 6 : explain DELETE FROM sbtest6 WHERE id=8586790
	Delete on sbtest6  (cost=0.43..8.45 rows=0 width=0)
	  ->  Index Scan using sbtest6_pkey on sbtest6  (cost=0.43..8.45 rows=1 width=6)
	        Index Cond: (id = 8586790)

table 7 : explain DELETE FROM sbtest7 WHERE id=591331
	Delete on sbtest7  (cost=0.43..8.45 rows=0 width=0)
	  ->  Index Scan using sbtest7_pkey on sbtest7  (cost=0.43..8.45 rows=1 width=6)
	        Index Cond: (id = 591331)

table 8 : explain DELETE FROM sbtest8 WHERE id=6097801
	Delete on sbtest8  (cost=0.43..8.45 rows=0 width=0)
	  ->  Index Scan using sbtest8_pkey on sbtest8  (cost=0.43..8.45 rows=1 width=6)
	        Index Cond: (id = 6097801)

for: sum_ranges
table 1 : explain SELECT SUM(k) FROM sbtest1 WHERE id BETWEEN 3377276 AND 3377375
	Aggregate  (cost=368.74..368.75 rows=1 width=8)
	  ->  Index Scan using sbtest1_pkey on sbtest1  (cost=0.43..368.50 rows=96 width=4)
	        Index Cond: ((id >= 3377276) AND (id <= 3377375))

table 2 : explain SELECT SUM(k) FROM sbtest2 WHERE id BETWEEN 5204823 AND 5204922
	Aggregate  (cost=353.70..353.71 rows=1 width=8)
	  ->  Index Scan using sbtest2_pkey on sbtest2  (cost=0.43..353.47 rows=93 width=4)
	        Index Cond: ((id >= 5204823) AND (id <= 5204922))

table 3 : explain SELECT SUM(k) FROM sbtest3 WHERE id BETWEEN 8169568 AND 8169667
	Aggregate  (cost=402.32..402.33 rows=1 width=8)
	  ->  Index Scan using sbtest3_pkey on sbtest3  (cost=0.43..402.06 rows=105 width=4)
	        Index Cond: ((id >= 8169568) AND (id <= 8169667))

table 4 : explain SELECT SUM(k) FROM sbtest4 WHERE id BETWEEN 8802729 AND 8802828
	Aggregate  (cost=364.61..364.62 rows=1 width=8)
	  ->  Index Scan using sbtest4_pkey on sbtest4  (cost=0.43..364.37 rows=95 width=4)
	        Index Cond: ((id >= 8802729) AND (id <= 8802828))

table 5 : explain SELECT SUM(k) FROM sbtest5 WHERE id BETWEEN 6014637 AND 6014736
	Aggregate  (cost=356.26..356.27 rows=1 width=8)
	  ->  Index Scan using sbtest5_pkey on sbtest5  (cost=0.43..356.03 rows=93 width=4)
	        Index Cond: ((id >= 6014637) AND (id <= 6014736))

table 6 : explain SELECT SUM(k) FROM sbtest6 WHERE id BETWEEN 4337830 AND 4337929
	Aggregate  (cost=363.77..363.78 rows=1 width=8)
	  ->  Index Scan using sbtest6_pkey on sbtest6  (cost=0.43..363.53 rows=95 width=4)
	        Index Cond: ((id >= 4337830) AND (id <= 4337929))

table 7 : explain SELECT SUM(k) FROM sbtest7 WHERE id BETWEEN 1513867 AND 1513966
	Aggregate  (cost=402.78..402.79 rows=1 width=8)
	  ->  Index Scan using sbtest7_pkey on sbtest7  (cost=0.43..402.52 rows=106 width=4)
	        Index Cond: ((id >= 1513867) AND (id <= 1513966))

table 8 : explain SELECT SUM(k) FROM sbtest8 WHERE id BETWEEN 5429753 AND 5429852
	Aggregate  (cost=385.50..385.51 rows=1 width=8)
	  ->  Index Scan using sbtest8_pkey on sbtest8  (cost=0.43..385.25 rows=101 width=4)
	        Index Cond: ((id >= 5429753) AND (id <= 5429852))

for deletes
table 1 : explain DELETE FROM sbtest1 WHERE id=2426813
	Delete on sbtest1  (cost=0.43..8.45 rows=0 width=0)
	  ->  Index Scan using sbtest1_pkey on sbtest1  (cost=0.43..8.45 rows=1 width=6)
	        Index Cond: (id = 2426813)

table 2 : explain DELETE FROM sbtest2 WHERE id=2015178
	Delete on sbtest2  (cost=0.43..8.45 rows=0 width=0)
	  ->  Index Scan using sbtest2_pkey on sbtest2  (cost=0.43..8.45 rows=1 width=6)
	        Index Cond: (id = 2015178)

table 3 : explain DELETE FROM sbtest3 WHERE id=1119513
	Delete on sbtest3  (cost=0.43..8.45 rows=0 width=0)
	  ->  Index Scan using sbtest3_pkey on sbtest3  (cost=0.43..8.45 rows=1 width=6)
	        Index Cond: (id = 1119513)

table 4 : explain DELETE FROM sbtest4 WHERE id=9559919
	Delete on sbtest4  (cost=0.43..8.45 rows=0 width=0)
	  ->  Index Scan using sbtest4_pkey on sbtest4  (cost=0.43..8.45 rows=1 width=6)
	        Index Cond: (id = 9559919)

table 5 : explain DELETE FROM sbtest5 WHERE id=6988668
	Delete on sbtest5  (cost=0.43..8.45 rows=0 width=0)
	  ->  Index Scan using sbtest5_pkey on sbtest5  (cost=0.43..8.45 rows=1 width=6)
	        Index Cond: (id = 6988668)

table 6 : explain DELETE FROM sbtest6 WHERE id=2690424
	Delete on sbtest6  (cost=0.43..8.45 rows=0 width=0)
	  ->  Index Scan using sbtest6_pkey on sbtest6  (cost=0.43..8.45 rows=1 width=6)
	        Index Cond: (id = 2690424)

table 7 : explain DELETE FROM sbtest7 WHERE id=7643827
	Delete on sbtest7  (cost=0.43..8.45 rows=0 width=0)
	  ->  Index Scan using sbtest7_pkey on sbtest7  (cost=0.43..8.45 rows=1 width=6)
	        Index Cond: (id = 7643827)

table 8 : explain DELETE FROM sbtest8 WHERE id=7993342
	Delete on sbtest8  (cost=0.43..8.45 rows=0 width=0)
	  ->  Index Scan using sbtest8_pkey on sbtest8  (cost=0.43..8.45 rows=1 width=6)
	        Index Cond: (id = 7993342)

explain: for inserts :: explain INSERT INTO sbtest%u (id, k, c, pad) VALUES (%u, 13, 'foobar', 'foobar')
for deletes
table 1 : explain DELETE FROM sbtest1 WHERE id=8156566
	Delete on sbtest1  (cost=0.43..8.45 rows=0 width=0)
	  ->  Index Scan using sbtest1_pkey on sbtest1  (cost=0.43..8.45 rows=1 width=6)
	        Index Cond: (id = 8156566)

table 2 : explain DELETE FROM sbtest2 WHERE id=4846359
	Delete on sbtest2  (cost=0.43..8.45 rows=0 width=0)
	  ->  Index Scan using sbtest2_pkey on sbtest2  (cost=0.43..8.45 rows=1 width=6)
	        Index Cond: (id = 4846359)

table 3 : explain DELETE FROM sbtest3 WHERE id=5023489
	Delete on sbtest3  (cost=0.43..8.45 rows=0 width=0)
	  ->  Index Scan using sbtest3_pkey on sbtest3  (cost=0.43..8.45 rows=1 width=6)
	        Index Cond: (id = 5023489)

table 4 : explain DELETE FROM sbtest4 WHERE id=7542685
	Delete on sbtest4  (cost=0.43..8.45 rows=0 width=0)
	  ->  Index Scan using sbtest4_pkey on sbtest4  (cost=0.43..8.45 rows=1 width=6)
	        Index Cond: (id = 7542685)

table 5 : explain DELETE FROM sbtest5 WHERE id=4054157
	Delete on sbtest5  (cost=0.43..8.45 rows=0 width=0)
	  ->  Index Scan using sbtest5_pkey on sbtest5  (cost=0.43..8.45 rows=1 width=6)
	        Index Cond: (id = 4054157)

table 6 : explain DELETE FROM sbtest6 WHERE id=4601843
	Delete on sbtest6  (cost=0.43..8.45 rows=0 width=0)
	  ->  Index Scan using sbtest6_pkey on sbtest6  (cost=0.43..8.45 rows=1 width=6)
	        Index Cond: (id = 4601843)

table 7 : explain DELETE FROM sbtest7 WHERE id=6868724
	Delete on sbtest7  (cost=0.43..8.45 rows=0 width=0)
	  ->  Index Scan using sbtest7_pkey on sbtest7  (cost=0.43..8.45 rows=1 width=6)
	        Index Cond: (id = 6868724)

table 8 : explain DELETE FROM sbtest8 WHERE id=1177496
	Delete on sbtest8  (cost=0.43..8.45 rows=0 width=0)
	  ->  Index Scan using sbtest8_pkey on sbtest8  (cost=0.43..8.45 rows=1 width=6)
	        Index Cond: (id = 1177496)

for deletes
table 1 : explain DELETE FROM sbtest1 WHERE id=6330619
	Delete on sbtest1  (cost=0.43..8.45 rows=0 width=0)
	  ->  Index Scan using sbtest1_pkey on sbtest1  (cost=0.43..8.45 rows=1 width=6)
	        Index Cond: (id = 6330619)

table 2 : explain DELETE FROM sbtest2 WHERE id=2531354
	Delete on sbtest2  (cost=0.43..8.45 rows=0 width=0)
	  ->  Index Scan using sbtest2_pkey on sbtest2  (cost=0.43..8.45 rows=1 width=6)
	        Index Cond: (id = 2531354)

table 3 : explain DELETE FROM sbtest3 WHERE id=8759528
	Delete on sbtest3  (cost=0.43..8.45 rows=0 width=0)
	  ->  Index Scan using sbtest3_pkey on sbtest3  (cost=0.43..8.45 rows=1 width=6)
	        Index Cond: (id = 8759528)

table 4 : explain DELETE FROM sbtest4 WHERE id=5394788
	Delete on sbtest4  (cost=0.43..8.45 rows=0 width=0)
	  ->  Index Scan using sbtest4_pkey on sbtest4  (cost=0.43..8.45 rows=1 width=6)
	        Index Cond: (id = 5394788)

table 5 : explain DELETE FROM sbtest5 WHERE id=7621826
	Delete on sbtest5  (cost=0.43..8.45 rows=0 width=0)
	  ->  Index Scan using sbtest5_pkey on sbtest5  (cost=0.43..8.45 rows=1 width=6)
	        Index Cond: (id = 7621826)

table 6 : explain DELETE FROM sbtest6 WHERE id=3905153
	Delete on sbtest6  (cost=0.43..8.45 rows=0 width=0)
	  ->  Index Scan using sbtest6_pkey on sbtest6  (cost=0.43..8.45 rows=1 width=6)
	        Index Cond: (id = 3905153)

table 7 : explain DELETE FROM sbtest7 WHERE id=560230
	Delete on sbtest7  (cost=0.43..8.45 rows=0 width=0)
	  ->  Index Scan using sbtest7_pkey on sbtest7  (cost=0.43..8.45 rows=1 width=6)
	        Index Cond: (id = 560230)

table 8 : explain DELETE FROM sbtest8 WHERE id=3345665
	Delete on sbtest8  (cost=0.43..8.45 rows=0 width=0)
	  ->  Index Scan using sbtest8_pkey on sbtest8  (cost=0.43..8.45 rows=1 width=6)
	        Index Cond: (id = 3345665)

for deletes
table 1 : explain DELETE FROM sbtest1 WHERE id=948368
	Delete on sbtest1  (cost=0.43..8.45 rows=0 width=0)
	  ->  Index Scan using sbtest1_pkey on sbtest1  (cost=0.43..8.45 rows=1 width=6)
	        Index Cond: (id = 948368)

table 2 : explain DELETE FROM sbtest2 WHERE id=2735602
	Delete on sbtest2  (cost=0.43..8.45 rows=0 width=0)
	  ->  Index Scan using sbtest2_pkey on sbtest2  (cost=0.43..8.45 rows=1 width=6)
	        Index Cond: (id = 2735602)

table 3 : explain DELETE FROM sbtest3 WHERE id=6707365
	Delete on sbtest3  (cost=0.43..8.45 rows=0 width=0)
	  ->  Index Scan using sbtest3_pkey on sbtest3  (cost=0.43..8.45 rows=1 width=6)
	        Index Cond: (id = 6707365)

table 4 : explain DELETE FROM sbtest4 WHERE id=5769223
	Delete on sbtest4  (cost=0.43..8.45 rows=0 width=0)
	  ->  Index Scan using sbtest4_pkey on sbtest4  (cost=0.43..8.45 rows=1 width=6)
	        Index Cond: (id = 5769223)

table 5 : explain DELETE FROM sbtest5 WHERE id=8995569
	Delete on sbtest5  (cost=0.43..8.45 rows=0 width=0)
	  ->  Index Scan using sbtest5_pkey on sbtest5  (cost=0.43..8.45 rows=1 width=6)
	        Index Cond: (id = 8995569)

table 6 : explain DELETE FROM sbtest6 WHERE id=3836894
	Delete on sbtest6  (cost=0.43..8.45 rows=0 width=0)
	  ->  Index Scan using sbtest6_pkey on sbtest6  (cost=0.43..8.45 rows=1 width=6)
	        Index Cond: (id = 3836894)

table 7 : explain DELETE FROM sbtest7 WHERE id=9680118
	Delete on sbtest7  (cost=0.43..8.45 rows=0 width=0)
	  ->  Index Scan using sbtest7_pkey on sbtest7  (cost=0.43..8.45 rows=1 width=6)
	        Index Cond: (id = 9680118)

table 8 : explain DELETE FROM sbtest8 WHERE id=9127361
	Delete on sbtest8  (cost=0.43..8.45 rows=0 width=0)
	  ->  Index Scan using sbtest8_pkey on sbtest8  (cost=0.43..8.45 rows=1 width=6)
	        Index Cond: (id = 9127361)

for inserts
table 1 : explain INSERT INTO sbtest1 (id, k, c, pad) VALUES (3666357, 13, 'foobar', 'foobar')
	Insert on sbtest1  (cost=0.00..0.01 rows=0 width=0)
	  ->  Result  (cost=0.00..0.01 rows=1 width=736)

table 2 : explain INSERT INTO sbtest2 (id, k, c, pad) VALUES (8584975, 13, 'foobar', 'foobar')
	Insert on sbtest2  (cost=0.00..0.01 rows=0 width=0)
	  ->  Result  (cost=0.00..0.01 rows=1 width=736)

table 3 : explain INSERT INTO sbtest3 (id, k, c, pad) VALUES (5929056, 13, 'foobar', 'foobar')
	Insert on sbtest3  (cost=0.00..0.01 rows=0 width=0)
	  ->  Result  (cost=0.00..0.01 rows=1 width=736)

table 4 : explain INSERT INTO sbtest4 (id, k, c, pad) VALUES (6174561, 13, 'foobar', 'foobar')
	Insert on sbtest4  (cost=0.00..0.01 rows=0 width=0)
	  ->  Result  (cost=0.00..0.01 rows=1 width=736)

table 5 : explain INSERT INTO sbtest5 (id, k, c, pad) VALUES (6651134, 13, 'foobar', 'foobar')
	Insert on sbtest5  (cost=0.00..0.01 rows=0 width=0)
	  ->  Result  (cost=0.00..0.01 rows=1 width=736)

table 6 : explain INSERT INTO sbtest6 (id, k, c, pad) VALUES (3485354, 13, 'foobar', 'foobar')
	Insert on sbtest6  (cost=0.00..0.01 rows=0 width=0)
	  ->  Result  (cost=0.00..0.01 rows=1 width=736)

table 7 : explain INSERT INTO sbtest7 (id, k, c, pad) VALUES (4479312, 13, 'foobar', 'foobar')
	Insert on sbtest7  (cost=0.00..0.01 rows=0 width=0)
	  ->  Result  (cost=0.00..0.01 rows=1 width=736)

table 8 : explain INSERT INTO sbtest8 (id, k, c, pad) VALUES (1846776, 13, 'foobar', 'foobar')
	Insert on sbtest8  (cost=0.00..0.01 rows=0 width=0)
	  ->  Result  (cost=0.00..0.01 rows=1 width=736)

for: order_ranges
table 1 : explain SELECT c FROM sbtest1 WHERE id BETWEEN 5821110 AND 5821209 ORDER BY c
	Sort  (cost=379.32..379.57 rows=98 width=121)
	  Sort Key: c
	  ->  Index Scan using sbtest1_pkey on sbtest1  (cost=0.43..376.08 rows=98 width=121)
	        Index Cond: ((id >= 5821110) AND (id <= 5821209))

table 2 : explain SELECT c FROM sbtest2 WHERE id BETWEEN 5625855 AND 5625954 ORDER BY c
	Sort  (cost=367.87..368.11 rows=96 width=121)
	  Sort Key: c
	  ->  Index Scan using sbtest2_pkey on sbtest2  (cost=0.43..364.71 rows=96 width=121)
	        Index Cond: ((id >= 5625855) AND (id <= 5625954))

table 3 : explain SELECT c FROM sbtest3 WHERE id BETWEEN 4359875 AND 4359974 ORDER BY c
	Sort  (cost=359.65..359.88 rows=93 width=121)
	  Sort Key: c
	  ->  Index Scan using sbtest3_pkey on sbtest3  (cost=0.43..356.60 rows=93 width=121)
	        Index Cond: ((id >= 4359875) AND (id <= 4359974))

table 4 : explain SELECT c FROM sbtest4 WHERE id BETWEEN 6189006 AND 6189105 ORDER BY c
	Sort  (cost=390.50..390.75 rows=101 width=121)
	  Sort Key: c
	  ->  Index Scan using sbtest4_pkey on sbtest4  (cost=0.43..387.14 rows=101 width=121)
	        Index Cond: ((id >= 6189006) AND (id <= 6189105))

table 5 : explain SELECT c FROM sbtest5 WHERE id BETWEEN 4349622 AND 4349721 ORDER BY c
	Sort  (cost=374.40..374.64 rows=97 width=121)
	  Sort Key: c
	  ->  Index Scan using sbtest5_pkey on sbtest5  (cost=0.43..371.20 rows=97 width=121)
	        Index Cond: ((id >= 4349622) AND (id <= 4349721))

table 6 : explain SELECT c FROM sbtest6 WHERE id BETWEEN 4576708 AND 4576807 ORDER BY c
	Sort  (cost=393.42..393.68 rows=102 width=121)
	  Sort Key: c
	  ->  Index Scan using sbtest6_pkey on sbtest6  (cost=0.43..390.02 rows=102 width=121)
	        Index Cond: ((id >= 4576708) AND (id <= 4576807))

table 7 : explain SELECT c FROM sbtest7 WHERE id BETWEEN 4961107 AND 4961206 ORDER BY c
	Sort  (cost=394.71..394.97 rows=103 width=121)
	  Sort Key: c
	  ->  Index Scan using sbtest7_pkey on sbtest7  (cost=0.43..391.27 rows=103 width=121)
	        Index Cond: ((id >= 4961107) AND (id <= 4961206))

table 8 : explain SELECT c FROM sbtest8 WHERE id BETWEEN 5740701 AND 5740800 ORDER BY c
	Sort  (cost=403.84..404.10 rows=105 width=121)
	  Sort Key: c
	  ->  Index Scan using sbtest8_pkey on sbtest8  (cost=0.43..400.31 rows=105 width=121)
	        Index Cond: ((id >= 5740701) AND (id <= 5740800))

explain: for inserts :: explain INSERT INTO sbtest%u (id, k, c, pad) VALUES (%u, 13, 'foobar', 'foobar')
explain: for inserts :: explain INSERT INTO sbtest%u (id, k, c, pad) VALUES (%u, 13, 'foobar', 'foobar')
explain: for inserts :: explain INSERT INTO sbtest%u (id, k, c, pad) VALUES (%u, 13, 'foobar', 'foobar')
explain: for inserts :: explain INSERT INTO sbtest%u (id, k, c, pad) VALUES (%u, 13, 'foobar', 'foobar')
for inserts
table 1 : explain INSERT INTO sbtest1 (id, k, c, pad) VALUES (6810725, 13, 'foobar', 'foobar')
	Insert on sbtest1  (cost=0.00..0.01 rows=0 width=0)
	  ->  Result  (cost=0.00..0.01 rows=1 width=736)

table 2 : explain INSERT INTO sbtest2 (id, k, c, pad) VALUES (1293010, 13, 'foobar', 'foobar')
	Insert on sbtest2  (cost=0.00..0.01 rows=0 width=0)
	  ->  Result  (cost=0.00..0.01 rows=1 width=736)

table 3 : explain INSERT INTO sbtest3 (id, k, c, pad) VALUES (9383186, 13, 'foobar', 'foobar')
	Insert on sbtest3  (cost=0.00..0.01 rows=0 width=0)
	  ->  Result  (cost=0.00..0.01 rows=1 width=736)

table 4 : explain INSERT INTO sbtest4 (id, k, c, pad) VALUES (192438, 13, 'foobar', 'foobar')
	Insert on sbtest4  (cost=0.00..0.01 rows=0 width=0)
	  ->  Result  (cost=0.00..0.01 rows=1 width=736)

table 5 : explain INSERT INTO sbtest5 (id, k, c, pad) VALUES (3037582, 13, 'foobar', 'foobar')
	Insert on sbtest5  (cost=0.00..0.01 rows=0 width=0)
	  ->  Result  (cost=0.00..0.01 rows=1 width=736)

table 6 : explain INSERT INTO sbtest6 (id, k, c, pad) VALUES (15303, 13, 'foobar', 'foobar')
	Insert on sbtest6  (cost=0.00..0.01 rows=0 width=0)
	  ->  Result  (cost=0.00..0.01 rows=1 width=736)

table 7 : explain INSERT INTO sbtest7 (id, k, c, pad) VALUES (8232666, 13, 'foobar', 'foobar')
	Insert on sbtest7  (cost=0.00..0.01 rows=0 width=0)
	  ->  Result  (cost=0.00..0.01 rows=1 width=736)

table 8 : explain INSERT INTO sbtest8 (id, k, c, pad) VALUES (3830215, 13, 'foobar', 'foobar')
	Insert on sbtest8  (cost=0.00..0.01 rows=0 width=0)
	  ->  Result  (cost=0.00..0.01 rows=1 width=736)

for: distinct_ranges
table 1 : explain SELECT DISTINCT c FROM sbtest1 WHERE id BETWEEN 7629115 AND 7629214 ORDER BY c
	Unique  (cost=417.61..418.15 rows=108 width=121)
	  ->  Sort  (cost=417.61..417.88 rows=108 width=121)
	        Sort Key: c
	        ->  Index Scan using sbtest1_pkey on sbtest1  (cost=0.43..413.96 rows=108 width=121)
	              Index Cond: ((id >= 7629115) AND (id <= 7629214))

table 2 : explain SELECT DISTINCT c FROM sbtest2 WHERE id BETWEEN 5888127 AND 5888226 ORDER BY c
	Unique  (cost=364.08..364.56 rows=95 width=121)
	  ->  Sort  (cost=364.08..364.32 rows=95 width=121)
	        Sort Key: c
	        ->  Index Scan using sbtest2_pkey on sbtest2  (cost=0.43..360.96 rows=95 width=121)
	              Index Cond: ((id >= 5888127) AND (id <= 5888226))

table 3 : explain SELECT DISTINCT c FROM sbtest3 WHERE id BETWEEN 2309962 AND 2310061 ORDER BY c
	Unique  (cost=374.94..375.42 rows=97 width=121)
	  ->  Sort  (cost=374.94..375.18 rows=97 width=121)
	        Sort Key: c
	        ->  Index Scan using sbtest3_pkey on sbtest3  (cost=0.43..371.74 rows=97 width=121)
	              Index Cond: ((id >= 2309962) AND (id <= 2310061))

table 4 : explain SELECT DISTINCT c FROM sbtest4 WHERE id BETWEEN 2131133 AND 2131232 ORDER BY c
	Unique  (cost=356.02..356.48 rows=92 width=121)
	  ->  Sort  (cost=356.02..356.25 rows=92 width=121)
	        Sort Key: c
	        ->  Index Scan using sbtest4_pkey on sbtest4  (cost=0.43..353.01 rows=92 width=121)
	              Index Cond: ((id >= 2131133) AND (id <= 2131232))

table 5 : explain SELECT DISTINCT c FROM sbtest5 WHERE id BETWEEN 4693748 AND 4693847 ORDER BY c
	Unique  (cost=382.03..382.53 rows=99 width=121)
	  ->  Sort  (cost=382.03..382.28 rows=99 width=121)
	        Sort Key: c
	        ->  Index Scan using sbtest5_pkey on sbtest5  (cost=0.43..378.75 rows=99 width=121)
	              Index Cond: ((id >= 4693748) AND (id <= 4693847))

table 6 : explain SELECT DISTINCT c FROM sbtest6 WHERE id BETWEEN 6983081 AND 6983180 ORDER BY c
	Unique  (cost=370.46..370.94 rows=96 width=121)
	  ->  Sort  (cost=370.46..370.70 rows=96 width=121)
	        Sort Key: c
	        ->  Index Scan using sbtest6_pkey on sbtest6  (cost=0.43..367.30 rows=96 width=121)
	              Index Cond: ((id >= 6983081) AND (id <= 6983180))

table 7 : explain SELECT DISTINCT c FROM sbtest7 WHERE id BETWEEN 141958 AND 142057 ORDER BY c
	Unique  (cost=356.73..357.19 rows=93 width=121)
	  ->  Sort  (cost=356.73..356.96 rows=93 width=121)
	        Sort Key: c
	        ->  Index Scan using sbtest7_pkey on sbtest7  (cost=0.43..353.69 rows=93 width=121)
	              Index Cond: ((id >= 141958) AND (id <= 142057))

table 8 : explain SELECT DISTINCT c FROM sbtest8 WHERE id BETWEEN 8503321 AND 8503420 ORDER BY c
	Unique  (cost=361.90..362.37 rows=94 width=121)
	  ->  Sort  (cost=361.90..362.14 rows=94 width=121)
	        Sort Key: c
	        ->  Index Scan using sbtest8_pkey on sbtest8  (cost=0.43..358.82 rows=94 width=121)
	              Index Cond: ((id >= 8503321) AND (id <= 8503420))

for inserts
table 1 : explain INSERT INTO sbtest1 (id, k, c, pad) VALUES (2895810, 13, 'foobar', 'foobar')
	Insert on sbtest1  (cost=0.00..0.01 rows=0 width=0)
	  ->  Result  (cost=0.00..0.01 rows=1 width=736)

table 2 : explain INSERT INTO sbtest2 (id, k, c, pad) VALUES (6239595, 13, 'foobar', 'foobar')
	Insert on sbtest2  (cost=0.00..0.01 rows=0 width=0)
	  ->  Result  (cost=0.00..0.01 rows=1 width=736)

table 3 : explain INSERT INTO sbtest3 (id, k, c, pad) VALUES (1053697, 13, 'foobar', 'foobar')
	Insert on sbtest3  (cost=0.00..0.01 rows=0 width=0)
	  ->  Result  (cost=0.00..0.01 rows=1 width=736)

table 4 : explain INSERT INTO sbtest4 (id, k, c, pad) VALUES (2451675, 13, 'foobar', 'foobar')
	Insert on sbtest4  (cost=0.00..0.01 rows=0 width=0)
	  ->  Result  (cost=0.00..0.01 rows=1 width=736)

table 5 : explain INSERT INTO sbtest5 (id, k, c, pad) VALUES (9901625, 13, 'foobar', 'foobar')
	Insert on sbtest5  (cost=0.00..0.01 rows=0 width=0)
	  ->  Result  (cost=0.00..0.01 rows=1 width=736)

table 6 : explain INSERT INTO sbtest6 (id, k, c, pad) VALUES (1250041, 13, 'foobar', 'foobar')
	Insert on sbtest6  (cost=0.00..0.01 rows=0 width=0)
	  ->  Result  (cost=0.00..0.01 rows=1 width=736)

table 7 : explain INSERT INTO sbtest7 (id, k, c, pad) VALUES (777790, 13, 'foobar', 'foobar')
	Insert on sbtest7  (cost=0.00..0.01 rows=0 width=0)
	  ->  Result  (cost=0.00..0.01 rows=1 width=736)

table 8 : explain INSERT INTO sbtest8 (id, k, c, pad) VALUES (7287588, 13, 'foobar', 'foobar')
	Insert on sbtest8  (cost=0.00..0.01 rows=0 width=0)
	  ->  Result  (cost=0.00..0.01 rows=1 width=736)

for inserts
table 1 : explain INSERT INTO sbtest1 (id, k, c, pad) VALUES (998445, 13, 'foobar', 'foobar')
	Insert on sbtest1  (cost=0.00..0.01 rows=0 width=0)
	  ->  Result  (cost=0.00..0.01 rows=1 width=736)

table 2 : explain INSERT INTO sbtest2 (id, k, c, pad) VALUES (8121978, 13, 'foobar', 'foobar')
	Insert on sbtest2  (cost=0.00..0.01 rows=0 width=0)
	  ->  Result  (cost=0.00..0.01 rows=1 width=736)

table 3 : explain INSERT INTO sbtest3 (id, k, c, pad) VALUES (63055, 13, 'foobar', 'foobar')
	Insert on sbtest3  (cost=0.00..0.01 rows=0 width=0)
	  ->  Result  (cost=0.00..0.01 rows=1 width=736)

table 4 : explain INSERT INTO sbtest4 (id, k, c, pad) VALUES (479556, 13, 'foobar', 'foobar')
	Insert on sbtest4  (cost=0.00..0.01 rows=0 width=0)
	  ->  Result  (cost=0.00..0.01 rows=1 width=736)

table 5 : explain INSERT INTO sbtest5 (id, k, c, pad) VALUES (7899019, 13, 'foobar', 'foobar')
	Insert on sbtest5  (cost=0.00..0.01 rows=0 width=0)
	  ->  Result  (cost=0.00..0.01 rows=1 width=736)

table 6 : explain INSERT INTO sbtest6 (id, k, c, pad) VALUES (5566899, 13, 'foobar', 'foobar')
	Insert on sbtest6  (cost=0.00..0.01 rows=0 width=0)
	  ->  Result  (cost=0.00..0.01 rows=1 width=736)

table 7 : explain INSERT INTO sbtest7 (id, k, c, pad) VALUES (4294204, 13, 'foobar', 'foobar')
	Insert on sbtest7  (cost=0.00..0.01 rows=0 width=0)
	  ->  Result  (cost=0.00..0.01 rows=1 width=736)

table 8 : explain INSERT INTO sbtest8 (id, k, c, pad) VALUES (4957847, 13, 'foobar', 'foobar')
	Insert on sbtest8  (cost=0.00..0.01 rows=0 width=0)
	  ->  Result  (cost=0.00..0.01 rows=1 width=736)

for inserts
table 1 : explain INSERT INTO sbtest1 (id, k, c, pad) VALUES (8604607, 13, 'foobar', 'foobar')
	Insert on sbtest1  (cost=0.00..0.01 rows=0 width=0)
	  ->  Result  (cost=0.00..0.01 rows=1 width=736)

table 2 : explain INSERT INTO sbtest2 (id, k, c, pad) VALUES (1504156, 13, 'foobar', 'foobar')
	Insert on sbtest2  (cost=0.00..0.01 rows=0 width=0)
	  ->  Result  (cost=0.00..0.01 rows=1 width=736)

table 3 : explain INSERT INTO sbtest3 (id, k, c, pad) VALUES (3086393, 13, 'foobar', 'foobar')
	Insert on sbtest3  (cost=0.00..0.01 rows=0 width=0)
	  ->  Result  (cost=0.00..0.01 rows=1 width=736)

table 4 : explain INSERT INTO sbtest4 (id, k, c, pad) VALUES (9361266, 13, 'foobar', 'foobar')
	Insert on sbtest4  (cost=0.00..0.01 rows=0 width=0)
	  ->  Result  (cost=0.00..0.01 rows=1 width=736)

table 5 : explain INSERT INTO sbtest5 (id, k, c, pad) VALUES (39615, 13, 'foobar', 'foobar')
	Insert on sbtest5  (cost=0.00..0.01 rows=0 width=0)
	  ->  Result  (cost=0.00..0.01 rows=1 width=736)

table 6 : explain INSERT INTO sbtest6 (id, k, c, pad) VALUES (1452050, 13, 'foobar', 'foobar')
	Insert on sbtest6  (cost=0.00..0.01 rows=0 width=0)
	  ->  Result  (cost=0.00..0.01 rows=1 width=736)

table 7 : explain INSERT INTO sbtest7 (id, k, c, pad) VALUES (756217, 13, 'foobar', 'foobar')
	Insert on sbtest7  (cost=0.00..0.01 rows=0 width=0)
	  ->  Result  (cost=0.00..0.01 rows=1 width=736)

table 8 : explain INSERT INTO sbtest8 (id, k, c, pad) VALUES (2290623, 13, 'foobar', 'foobar')
	Insert on sbtest8  (cost=0.00..0.01 rows=0 width=0)
	  ->  Result  (cost=0.00..0.01 rows=1 width=736)

explain: for index_updates :: explain UPDATE sbtest%u SET k=k+1 WHERE id=%u
for index_updates
table 1 : explain UPDATE sbtest1 SET k=k+1 WHERE id=7834194
	Update on sbtest1  (cost=0.43..8.46 rows=0 width=0)
	  ->  Index Scan using sbtest1_pkey on sbtest1  (cost=0.43..8.46 rows=1 width=10)
	        Index Cond: (id = 7834194)

table 2 : explain UPDATE sbtest2 SET k=k+1 WHERE id=2966031
	Update on sbtest2  (cost=0.43..8.46 rows=0 width=0)
	  ->  Index Scan using sbtest2_pkey on sbtest2  (cost=0.43..8.46 rows=1 width=10)
	        Index Cond: (id = 2966031)

table 3 : explain UPDATE sbtest3 SET k=k+1 WHERE id=5880859
	Update on sbtest3  (cost=0.43..8.46 rows=0 width=0)
	  ->  Index Scan using sbtest3_pkey on sbtest3  (cost=0.43..8.46 rows=1 width=10)
	        Index Cond: (id = 5880859)

table 4 : explain UPDATE sbtest4 SET k=k+1 WHERE id=4009576
	Update on sbtest4  (cost=0.43..8.46 rows=0 width=0)
	  ->  Index Scan using sbtest4_pkey on sbtest4  (cost=0.43..8.46 rows=1 width=10)
	        Index Cond: (id = 4009576)

table 5 : explain UPDATE sbtest5 SET k=k+1 WHERE id=7281128
	Update on sbtest5  (cost=0.43..8.46 rows=0 width=0)
	  ->  Index Scan using sbtest5_pkey on sbtest5  (cost=0.43..8.46 rows=1 width=10)
	        Index Cond: (id = 7281128)

table 6 : explain UPDATE sbtest6 SET k=k+1 WHERE id=5158265
	Update on sbtest6  (cost=0.43..8.46 rows=0 width=0)
	  ->  Index Scan using sbtest6_pkey on sbtest6  (cost=0.43..8.46 rows=1 width=10)
	        Index Cond: (id = 5158265)

table 7 : explain UPDATE sbtest7 SET k=k+1 WHERE id=7970441
	Update on sbtest7  (cost=0.43..8.46 rows=0 width=0)
	  ->  Index Scan using sbtest7_pkey on sbtest7  (cost=0.43..8.46 rows=1 width=10)
	        Index Cond: (id = 7970441)

table 8 : explain UPDATE sbtest8 SET k=k+1 WHERE id=1067074
	Update on sbtest8  (cost=0.43..8.46 rows=0 width=0)
	  ->  Index Scan using sbtest8_pkey on sbtest8  (cost=0.43..8.46 rows=1 width=10)
	        Index Cond: (id = 1067074)

explain: for non_index_updates :: explain UPDATE sbtest%u SET c='foobar' WHERE id=%u
for non_index_updates
table 1 : explain UPDATE sbtest1 SET c='foobar' WHERE id=1145869
	Update on sbtest1  (cost=0.43..8.45 rows=0 width=0)
	  ->  Index Scan using sbtest1_pkey on sbtest1  (cost=0.43..8.45 rows=1 width=490)
	        Index Cond: (id = 1145869)

table 2 : explain UPDATE sbtest2 SET c='foobar' WHERE id=1938506
	Update on sbtest2  (cost=0.43..8.45 rows=0 width=0)
	  ->  Index Scan using sbtest2_pkey on sbtest2  (cost=0.43..8.45 rows=1 width=490)
	        Index Cond: (id = 1938506)

table 3 : explain UPDATE sbtest3 SET c='foobar' WHERE id=9037368
	Update on sbtest3  (cost=0.43..8.45 rows=0 width=0)
	  ->  Index Scan using sbtest3_pkey on sbtest3  (cost=0.43..8.45 rows=1 width=490)
	        Index Cond: (id = 9037368)

table 4 : explain UPDATE sbtest4 SET c='foobar' WHERE id=1081845
	Update on sbtest4  (cost=0.43..8.45 rows=0 width=0)
	  ->  Index Scan using sbtest4_pkey on sbtest4  (cost=0.43..8.45 rows=1 width=490)
	        Index Cond: (id = 1081845)

table 5 : explain UPDATE sbtest5 SET c='foobar' WHERE id=8414582
	Update on sbtest5  (cost=0.43..8.45 rows=0 width=0)
	  ->  Index Scan using sbtest5_pkey on sbtest5  (cost=0.43..8.45 rows=1 width=490)
	        Index Cond: (id = 8414582)

table 6 : explain UPDATE sbtest6 SET c='foobar' WHERE id=1459822
	Update on sbtest6  (cost=0.43..8.45 rows=0 width=0)
	  ->  Index Scan using sbtest6_pkey on sbtest6  (cost=0.43..8.45 rows=1 width=490)
	        Index Cond: (id = 1459822)

table 7 : explain UPDATE sbtest7 SET c='foobar' WHERE id=216334
	Update on sbtest7  (cost=0.43..8.45 rows=0 width=0)
	  ->  Index Scan using sbtest7_pkey on sbtest7  (cost=0.43..8.45 rows=1 width=490)
	        Index Cond: (id = 216334)

table 8 : explain UPDATE sbtest8 SET c='foobar' WHERE id=4442310
	Update on sbtest8  (cost=0.43..8.45 rows=0 width=0)
	  ->  Index Scan using sbtest8_pkey on sbtest8  (cost=0.43..8.45 rows=1 width=490)
	        Index Cond: (id = 4442310)

explain: for deletes :: explain DELETE FROM sbtest%u WHERE id=%u
for deletes
table 1 : explain DELETE FROM sbtest1 WHERE id=3159495
	Delete on sbtest1  (cost=0.43..8.45 rows=0 width=0)
	  ->  Index Scan using sbtest1_pkey on sbtest1  (cost=0.43..8.45 rows=1 width=6)
	        Index Cond: (id = 3159495)

table 2 : explain DELETE FROM sbtest2 WHERE id=2703356
	Delete on sbtest2  (cost=0.43..8.45 rows=0 width=0)
	  ->  Index Scan using sbtest2_pkey on sbtest2  (cost=0.43..8.45 rows=1 width=6)
	        Index Cond: (id = 2703356)

table 3 : explain DELETE FROM sbtest3 WHERE id=7389834
	Delete on sbtest3  (cost=0.43..8.45 rows=0 width=0)
	  ->  Index Scan using sbtest3_pkey on sbtest3  (cost=0.43..8.45 rows=1 width=6)
	        Index Cond: (id = 7389834)

table 4 : explain DELETE FROM sbtest4 WHERE id=7252950
	Delete on sbtest4  (cost=0.43..8.45 rows=0 width=0)
	  ->  Index Scan using sbtest4_pkey on sbtest4  (cost=0.43..8.45 rows=1 width=6)
	        Index Cond: (id = 7252950)

table 5 : explain DELETE FROM sbtest5 WHERE id=7765034
	Delete on sbtest5  (cost=0.43..8.45 rows=0 width=0)
	  ->  Index Scan using sbtest5_pkey on sbtest5  (cost=0.43..8.45 rows=1 width=6)
	        Index Cond: (id = 7765034)

table 6 : explain DELETE FROM sbtest6 WHERE id=7701903
	Delete on sbtest6  (cost=0.43..8.45 rows=0 width=0)
	  ->  Index Scan using sbtest6_pkey on sbtest6  (cost=0.43..8.45 rows=1 width=6)
	        Index Cond: (id = 7701903)

table 7 : explain DELETE FROM sbtest7 WHERE id=5706322
	Delete on sbtest7  (cost=0.43..8.45 rows=0 width=0)
	  ->  Index Scan using sbtest7_pkey on sbtest7  (cost=0.43..8.45 rows=1 width=6)
	        Index Cond: (id = 5706322)

table 8 : explain DELETE FROM sbtest8 WHERE id=8387816
	Delete on sbtest8  (cost=0.43..8.45 rows=0 width=0)
	  ->  Index Scan using sbtest8_pkey on sbtest8  (cost=0.43..8.45 rows=1 width=6)
	        Index Cond: (id = 8387816)

explain: for inserts :: explain INSERT INTO sbtest%u (id, k, c, pad) VALUES (%u, 13, 'foobar', 'foobar')
for inserts
table 1 : explain INSERT INTO sbtest1 (id, k, c, pad) VALUES (8056819, 13, 'foobar', 'foobar')
	Insert on sbtest1  (cost=0.00..0.01 rows=0 width=0)
	  ->  Result  (cost=0.00..0.01 rows=1 width=736)

table 2 : explain INSERT INTO sbtest2 (id, k, c, pad) VALUES (5818206, 13, 'foobar', 'foobar')
	Insert on sbtest2  (cost=0.00..0.01 rows=0 width=0)
	  ->  Result  (cost=0.00..0.01 rows=1 width=736)

table 3 : explain INSERT INTO sbtest3 (id, k, c, pad) VALUES (9856831, 13, 'foobar', 'foobar')
	Insert on sbtest3  (cost=0.00..0.01 rows=0 width=0)
	  ->  Result  (cost=0.00..0.01 rows=1 width=736)

table 4 : explain INSERT INTO sbtest4 (id, k, c, pad) VALUES (6016966, 13, 'foobar', 'foobar')
	Insert on sbtest4  (cost=0.00..0.01 rows=0 width=0)
	  ->  Result  (cost=0.00..0.01 rows=1 width=736)

table 5 : explain INSERT INTO sbtest5 (id, k, c, pad) VALUES (3638930, 13, 'foobar', 'foobar')
	Insert on sbtest5  (cost=0.00..0.01 rows=0 width=0)
	  ->  Result  (cost=0.00..0.01 rows=1 width=736)

table 6 : explain INSERT INTO sbtest6 (id, k, c, pad) VALUES (9321735, 13, 'foobar', 'foobar')
	Insert on sbtest6  (cost=0.00..0.01 rows=0 width=0)
	  ->  Result  (cost=0.00..0.01 rows=1 width=736)

table 7 : explain INSERT INTO sbtest7 (id, k, c, pad) VALUES (5790024, 13, 'foobar', 'foobar')
	Insert on sbtest7  (cost=0.00..0.01 rows=0 width=0)
	  ->  Result  (cost=0.00..0.01 rows=1 width=736)

table 8 : explain INSERT INTO sbtest8 (id, k, c, pad) VALUES (6647469, 13, 'foobar', 'foobar')
	Insert on sbtest8  (cost=0.00..0.01 rows=0 width=0)
	  ->  Result  (cost=0.00..0.01 rows=1 width=736)

Threads started!

Warming up for 5 seconds...

SQL statistics:
    queries performed:
        read:                            309495434
        write:                           88427383
        other:                           44213656
        total:                           442136473
    transactions:                        22106848 (23770.60 per sec.)
    queries:                             442136473 (475411.42 per sec.)
    ignored errors:                      0      (0.00 per sec.)
    reconnects:                          0      (0.00 per sec.)

Throughput:
    events/s (eps):                      23770.5972
    time elapsed:                        930.0082s
    total number of events:              22106848

Latency (ms):
         min:                                    1.39
         avg:                                    1.68
         max:                                   94.23
         95th percentile:                        1.89
         sum:                             37176654.18

Threads fairness:
    events (avg/stddev):           552670.8250/3542.05
    execution time (avg/stddev):   929.4164/0.01

