LUA_PATH=/home/mdcallag/git/mytools/bench/sysbench.lua/lua/?.lua /home/mdcallag/git/mytools/bench/sysbench.lua/lua/sysbench --db-driver=pgsql --range-size=1000 --table-size=10000000 --tables=8 --threads=40 --events=0 --warmup-time=5 --time=630 --pgsql_conn_id=true /home/mdcallag/git/mytools/bench/sysbench.lua/lua/oltp_read_only_count.lua run --pgsql-user=root --pgsql-password=pw --pgsql-host=127.0.0.1 --pgsql-db=ib --rand-type=uniform --skip-trx
48 CPUs
sysbench 1.1.0-9072687 (using bundled LuaJIT 2.1.0-beta3)

Running the test with following options:
Number of threads: 40
Warmup time: 5s
Initializing random number generator from current time


Initializing worker threads...

for: count_ranges
table 1 : explain SELECT count(c) FROM sbtest1 WHERE id BETWEEN 8002695 AND 8003694
	Aggregate  (cost=3931.44..3931.45 rows=1 width=8)
	  ->  Bitmap Heap Scan on sbtest1  (cost=34.82..3928.91 rows=1013 width=121)
	        Recheck Cond: ((id >= 8002695) AND (id <= 8003694))
	        ->  Bitmap Index Scan on sbtest1_pkey  (cost=0.00..34.57 rows=1013 width=0)
	              Index Cond: ((id >= 8002695) AND (id <= 8003694))

table 2 : explain SELECT count(c) FROM sbtest2 WHERE id BETWEEN 1061041 AND 1062040
	Aggregate  (cost=3827.43..3827.44 rows=1 width=8)
	  ->  Bitmap Heap Scan on sbtest2  (cost=34.55..3824.96 rows=987 width=121)
	        Recheck Cond: ((id >= 1061041) AND (id <= 1062040))
	        ->  Bitmap Index Scan on sbtest2_pkey  (cost=0.00..34.31 rows=987 width=0)
	              Index Cond: ((id >= 1061041) AND (id <= 1062040))

table 3 : explain SELECT count(c) FROM sbtest3 WHERE id BETWEEN 3202378 AND 3203377
	Aggregate  (cost=3857.28..3857.29 rows=1 width=8)
	  ->  Bitmap Heap Scan on sbtest3  (cost=34.63..3854.79 rows=995 width=121)
	        Recheck Cond: ((id >= 3202378) AND (id <= 3203377))
	        ->  Bitmap Index Scan on sbtest3_pkey  (cost=0.00..34.39 rows=995 width=0)
	              Index Cond: ((id >= 3202378) AND (id <= 3203377))

table 4 : explain SELECT count(c) FROM sbtest4 WHERE id BETWEEN 7605084 AND 7606083
	Aggregate  (cost=4028.25..4028.26 rows=1 width=8)
	  ->  Bitmap Heap Scan on sbtest4  (cost=35.09..4025.65 rows=1040 width=121)
	        Recheck Cond: ((id >= 7605084) AND (id <= 7606083))
	        ->  Bitmap Index Scan on sbtest4_pkey  (cost=0.00..34.84 rows=1040 width=0)
	              Index Cond: ((id >= 7605084) AND (id <= 7606083))

table 5 : explain SELECT count(c) FROM sbtest5 WHERE id BETWEEN 5137296 AND 5138295
	Aggregate  (cost=3875.09..3875.10 rows=1 width=8)
	  ->  Bitmap Heap Scan on sbtest5  (cost=34.67..3872.59 rows=999 width=121)
	        Recheck Cond: ((id >= 5137296) AND (id <= 5138295))
	        ->  Bitmap Index Scan on sbtest5_pkey  (cost=0.00..34.43 rows=999 width=0)
	              Index Cond: ((id >= 5137296) AND (id <= 5138295))

table 6 : explain SELECT count(c) FROM sbtest6 WHERE id BETWEEN 7883883 AND 7884882
	Aggregate  (cost=4017.04..4017.05 rows=1 width=8)
	  ->  Bitmap Heap Scan on sbtest6  (cost=35.06..4014.45 rows=1037 width=121)
	        Recheck Cond: ((id >= 7883883) AND (id <= 7884882))
	        ->  Bitmap Index Scan on sbtest6_pkey  (cost=0.00..34.81 rows=1037 width=0)
	              Index Cond: ((id >= 7883883) AND (id <= 7884882))

table 7 : explain SELECT count(c) FROM sbtest7 WHERE id BETWEEN 4708545 AND 4709544
	Aggregate  (cost=3712.33..3712.34 rows=1 width=8)
	  ->  Bitmap Heap Scan on sbtest7  (cost=34.23..3709.94 rows=956 width=121)
	        Recheck Cond: ((id >= 4708545) AND (id <= 4709544))
	        ->  Bitmap Index Scan on sbtest7_pkey  (cost=0.00..34.00 rows=956 width=0)
	              Index Cond: ((id >= 4708545) AND (id <= 4709544))

table 8 : explain SELECT count(c) FROM sbtest8 WHERE id BETWEEN 6489128 AND 6490127
	Aggregate  (cost=3977.06..3977.07 rows=1 width=8)
	  ->  Bitmap Heap Scan on sbtest8  (cost=34.95..3974.50 rows=1026 width=121)
	        Recheck Cond: ((id >= 6489128) AND (id <= 6490127))
	        ->  Bitmap Index Scan on sbtest8_pkey  (cost=0.00..34.70 rows=1026 width=0)
	              Index Cond: ((id >= 6489128) AND (id <= 6490127))

for: count_ranges
table 1 : explain SELECT count(c) FROM sbtest1 WHERE id BETWEEN 1396706 AND 1397705
	Aggregate  (cost=3787.82..3787.83 rows=1 width=8)
	  ->  Bitmap Heap Scan on sbtest1  (cost=34.43..3785.38 rows=975 width=121)
	        Recheck Cond: ((id >= 1396706) AND (id <= 1397705))
	        ->  Bitmap Index Scan on sbtest1_pkey  (cost=0.00..34.19 rows=975 width=0)
	              Index Cond: ((id >= 1396706) AND (id <= 1397705))

table 2 : explain SELECT count(c) FROM sbtest2 WHERE id BETWEEN 5068996 AND 5069995
	Aggregate  (cost=3543.97..3543.98 rows=1 width=8)
	  ->  Bitmap Heap Scan on sbtest2  (cost=29.79..3541.69 rows=913 width=121)
	        Recheck Cond: ((id >= 5068996) AND (id <= 5069995))
	        ->  Bitmap Index Scan on sbtest2_pkey  (cost=0.00..29.57 rows=913 width=0)
	              Index Cond: ((id >= 5068996) AND (id <= 5069995))

table 3 : explain SELECT count(c) FROM sbtest3 WHERE id BETWEEN 2371365 AND 2372364
	Aggregate  (cost=3834.65..3834.66 rows=1 width=8)
	  ->  Bitmap Heap Scan on sbtest3  (cost=34.57..3832.18 rows=989 width=121)
	        Recheck Cond: ((id >= 2371365) AND (id <= 2372364))
	        ->  Bitmap Index Scan on sbtest3_pkey  (cost=0.00..34.33 rows=989 width=0)
	              Index Cond: ((id >= 2371365) AND (id <= 2372364))

table 4 : explain SELECT count(c) FROM sbtest4 WHERE id BETWEEN 6409370 AND 6410369
	Aggregate  (cost=4111.08..4111.09 rows=1 width=8)
	  ->  Bitmap Heap Scan on sbtest4  (cost=35.32..4108.43 rows=1062 width=121)
	        Recheck Cond: ((id >= 6409370) AND (id <= 6410369))
	        ->  Bitmap Index Scan on sbtest4_pkey  (cost=0.00..35.06 rows=1062 width=0)
	              Index Cond: ((id >= 6409370) AND (id <= 6410369))

table 5 : explain SELECT count(c) FROM sbtest5 WHERE id BETWEEN 244620 AND 245619
	Aggregate  (cost=3976.93..3976.94 rows=1 width=8)
	  ->  Bitmap Heap Scan on sbtest5  (cost=34.95..3974.37 rows=1026 width=121)
	        Recheck Cond: ((id >= 244620) AND (id <= 245619))
	        ->  Bitmap Index Scan on sbtest5_pkey  (cost=0.00..34.70 rows=1026 width=0)
	              Index Cond: ((id >= 244620) AND (id <= 245619))

table 6 : explain SELECT count(c) FROM sbtest6 WHERE id BETWEEN 4601831 AND 4602830
	Aggregate  (cost=3824.76..3824.77 rows=1 width=8)
	  ->  Bitmap Heap Scan on sbtest6  (cost=34.54..3822.30 rows=986 width=121)
	        Recheck Cond: ((id >= 4601831) AND (id <= 4602830))
	        ->  Bitmap Index Scan on sbtest6_pkey  (cost=0.00..34.30 rows=986 width=0)
	              Index Cond: ((id >= 4601831) AND (id <= 4602830))

table 7 : explain SELECT count(c) FROM sbtest7 WHERE id BETWEEN 8080449 AND 8081448
	Aggregate  (cost=3972.74..3972.75 rows=1 width=8)
	  ->  Bitmap Heap Scan on sbtest7  (cost=34.94..3970.18 rows=1025 width=121)
	        Recheck Cond: ((id >= 8080449) AND (id <= 8081448))
	        ->  Bitmap Index Scan on sbtest7_pkey  (cost=0.00..34.69 rows=1025 width=0)
	              Index Cond: ((id >= 8080449) AND (id <= 8081448))

table 8 : explain SELECT count(c) FROM sbtest8 WHERE id BETWEEN 3767434 AND 3768433
	Aggregate  (cost=4078.82..4078.83 rows=1 width=8)
	  ->  Bitmap Heap Scan on sbtest8  (cost=35.23..4076.19 rows=1053 width=121)
	        Recheck Cond: ((id >= 3767434) AND (id <= 3768433))
	        ->  Bitmap Index Scan on sbtest8_pkey  (cost=0.00..34.97 rows=1053 width=0)
	              Index Cond: ((id >= 3767434) AND (id <= 3768433))

for: count_ranges
table 1 : explain SELECT count(c) FROM sbtest1 WHERE id BETWEEN 2338533 AND 2339532
	Aggregate  (cost=3874.77..3874.78 rows=1 width=8)
	  ->  Bitmap Heap Scan on sbtest1  (cost=34.66..3872.27 rows=998 width=121)
	        Recheck Cond: ((id >= 2338533) AND (id <= 2339532))
	        ->  Bitmap Index Scan on sbtest1_pkey  (cost=0.00..34.42 rows=998 width=0)
	              Index Cond: ((id >= 2338533) AND (id <= 2339532))

table 2 : explain SELECT count(c) FROM sbtest2 WHERE id BETWEEN 452298 AND 453297
	Aggregate  (cost=4008.32..4008.33 rows=1 width=8)
	  ->  Bitmap Heap Scan on sbtest2  (cost=35.04..4005.73 rows=1035 width=121)
	        Recheck Cond: ((id >= 452298) AND (id <= 453297))
	        ->  Bitmap Index Scan on sbtest2_pkey  (cost=0.00..34.79 rows=1035 width=0)
	              Index Cond: ((id >= 452298) AND (id <= 453297))

table 3 : explain SELECT count(c) FROM sbtest3 WHERE id BETWEEN 4877264 AND 4878263
	Aggregate  (cost=3992.92..3992.93 rows=1 width=8)
	  ->  Bitmap Heap Scan on sbtest3  (cost=35.00..3990.34 rows=1031 width=121)
	        Recheck Cond: ((id >= 4877264) AND (id <= 4878263))
	        ->  Bitmap Index Scan on sbtest3_pkey  (cost=0.00..34.75 rows=1031 width=0)
	              Index Cond: ((id >= 4877264) AND (id <= 4878263))

table 4 : explain SELECT count(c) FROM sbtest4 WHERE id BETWEEN 4103 AND 5102
	Aggregate  (cost=3598.05..3598.06 rows=1 width=8)
	  ->  Bitmap Heap Scan on sbtest4  (cost=33.93..3595.74 rows=926 width=121)
	        Recheck Cond: ((id >= 4103) AND (id <= 5102))
	        ->  Bitmap Index Scan on sbtest4_pkey  (cost=0.00..33.70 rows=926 width=0)
	              Index Cond: ((id >= 4103) AND (id <= 5102))

table 5 : explain SELECT count(c) FROM sbtest5 WHERE id BETWEEN 9870861 AND 9871860
	Aggregate  (cost=3954.31..3954.32 rows=1 width=8)
	  ->  Bitmap Heap Scan on sbtest5  (cost=34.89..3951.76 rows=1020 width=121)
	        Recheck Cond: ((id >= 9870861) AND (id <= 9871860))
	        ->  Bitmap Index Scan on sbtest5_pkey  (cost=0.00..34.64 rows=1020 width=0)
	              Index Cond: ((id >= 9870861) AND (id <= 9871860))

table 6 : explain SELECT count(c) FROM sbtest6 WHERE id BETWEEN 7896761 AND 7897760
	Aggregate  (cost=4017.04..4017.05 rows=1 width=8)
	  ->  Bitmap Heap Scan on sbtest6  (cost=35.06..4014.45 rows=1037 width=121)
	        Recheck Cond: ((id >= 7896761) AND (id <= 7897760))
	        ->  Bitmap Index Scan on sbtest6_pkey  (cost=0.00..34.81 rows=1037 width=0)
	              Index Cond: ((id >= 7896761) AND (id <= 7897760))

table 7 : explain SELECT count(c) FROM sbtest7 WHERE id BETWEEN 9359304 AND 9360303
	Aggregate  (cost=3613.82..3613.83 rows=1 width=8)
	  ->  Bitmap Heap Scan on sbtest7  (cost=29.98..3611.49 rows=931 width=121)
	        Recheck Cond: ((id >= 9359304) AND (id <= 9360303))
	        ->  Bitmap Index Scan on sbtest7_pkey  (cost=0.00..29.75 rows=931 width=0)
	              Index Cond: ((id >= 9359304) AND (id <= 9360303))

table 8 : explain SELECT count(c) FROM sbtest8 WHERE id BETWEEN 2555470 AND 2556469
	Aggregate  (cost=4188.01..4188.02 rows=1 width=8)
	  ->  Bitmap Heap Scan on sbtest8  (cost=35.53..4185.31 rows=1082 width=121)
	        Recheck Cond: ((id >= 2555470) AND (id <= 2556469))
	        ->  Bitmap Index Scan on sbtest8_pkey  (cost=0.00..35.26 rows=1082 width=0)
	              Index Cond: ((id >= 2555470) AND (id <= 2556469))

for: count_ranges
table 1 : explain SELECT count(c) FROM sbtest1 WHERE id BETWEEN 2692157 AND 2693156
	Aggregate  (cost=4206.84..4206.85 rows=1 width=8)
	  ->  Bitmap Heap Scan on sbtest1  (cost=35.57..4204.12 rows=1086 width=121)
	        Recheck Cond: ((id >= 2692157) AND (id <= 2693156))
	        ->  Bitmap Index Scan on sbtest1_pkey  (cost=0.00..35.30 rows=1086 width=0)
	              Index Cond: ((id >= 2692157) AND (id <= 2693156))

table 2 : explain SELECT count(c) FROM sbtest2 WHERE id BETWEEN 1860384 AND 1861383
	Aggregate  (cost=3899.07..3899.08 rows=1 width=8)
	  ->  Bitmap Heap Scan on sbtest2  (cost=34.75..3896.55 rows=1006 width=121)
	        Recheck Cond: ((id >= 1860384) AND (id <= 1861383))
	        ->  Bitmap Index Scan on sbtest2_pkey  (cost=0.00..34.50 rows=1006 width=0)
	              Index Cond: ((id >= 1860384) AND (id <= 1861383))

table 3 : explain SELECT count(c) FROM sbtest3 WHERE id BETWEEN 1097062 AND 1098061
	Aggregate  (cost=3928.88..3928.89 rows=1 width=8)
	  ->  Bitmap Heap Scan on sbtest3  (cost=34.83..3926.35 rows=1014 width=121)
	        Recheck Cond: ((id >= 1097062) AND (id <= 1098061))
	        ->  Bitmap Index Scan on sbtest3_pkey  (cost=0.00..34.58 rows=1014 width=0)
	              Index Cond: ((id >= 1097062) AND (id <= 1098061))

table 4 : explain SELECT count(c) FROM sbtest4 WHERE id BETWEEN 7060205 AND 7061204
	Aggregate  (cost=4156.24..4156.25 rows=1 width=8)
	  ->  Bitmap Heap Scan on sbtest4  (cost=35.44..4153.55 rows=1074 width=121)
	        Recheck Cond: ((id >= 7060205) AND (id <= 7061204))
	        ->  Bitmap Index Scan on sbtest4_pkey  (cost=0.00..35.18 rows=1074 width=0)
	              Index Cond: ((id >= 7060205) AND (id <= 7061204))

table 5 : explain SELECT count(c) FROM sbtest5 WHERE id BETWEEN 1854320 AND 1855319
	Aggregate  (cost=4120.11..4120.12 rows=1 width=8)
	  ->  Bitmap Heap Scan on sbtest5  (cost=35.34..4117.45 rows=1064 width=121)
	        Recheck Cond: ((id >= 1854320) AND (id <= 1855319))
	        ->  Bitmap Index Scan on sbtest5_pkey  (cost=0.00..35.08 rows=1064 width=0)
	              Index Cond: ((id >= 1854320) AND (id <= 1855319))

table 6 : explain SELECT count(c) FROM sbtest6 WHERE id BETWEEN 4001452 AND 4002451
	Aggregate  (cost=3862.49..3862.50 rows=1 width=8)
	  ->  Bitmap Heap Scan on sbtest6  (cost=34.64..3860.00 rows=996 width=121)
	        Recheck Cond: ((id >= 4001452) AND (id <= 4002451))
	        ->  Bitmap Index Scan on sbtest6_pkey  (cost=0.00..34.40 rows=996 width=0)
	              Index Cond: ((id >= 4001452) AND (id <= 4002451))

table 7 : explain SELECT count(c) FROM sbtest7 WHERE id BETWEEN 2007786 AND 2008785
	Aggregate  (cost=3628.95..3628.96 rows=1 width=8)
	  ->  Bitmap Heap Scan on sbtest7  (cost=30.02..3626.61 rows=935 width=121)
	        Recheck Cond: ((id >= 2007786) AND (id <= 2008785))
	        ->  Bitmap Index Scan on sbtest7_pkey  (cost=0.00..29.79 rows=935 width=0)
	              Index Cond: ((id >= 2007786) AND (id <= 2008785))

table 8 : explain SELECT count(c) FROM sbtest8 WHERE id BETWEEN 8378072 AND 8379071
	Aggregate  (cost=3591.60..3591.61 rows=1 width=8)
	  ->  Bitmap Heap Scan on sbtest8  (cost=29.92..3589.29 rows=925 width=121)
	        Recheck Cond: ((id >= 8378072) AND (id <= 8379071))
	        ->  Bitmap Index Scan on sbtest8_pkey  (cost=0.00..29.68 rows=925 width=0)
	              Index Cond: ((id >= 8378072) AND (id <= 8379071))

for: count_ranges
table 1 : explain SELECT count(c) FROM sbtest1 WHERE id BETWEEN 5746708 AND 5747707
	Aggregate  (cost=3920.11..3920.12 rows=1 width=8)
	  ->  Bitmap Heap Scan on sbtest1  (cost=34.79..3917.58 rows=1010 width=121)
	        Recheck Cond: ((id >= 5746708) AND (id <= 5747707))
	        ->  Bitmap Index Scan on sbtest1_pkey  (cost=0.00..34.54 rows=1010 width=0)
	              Index Cond: ((id >= 5746708) AND (id <= 5747707))

table 2 : explain SELECT count(c) FROM sbtest2 WHERE id BETWEEN 4009127 AND 4010126
	Aggregate  (cost=3834.97..3834.98 rows=1 width=8)
	  ->  Bitmap Heap Scan on sbtest2  (cost=34.57..3832.50 rows=989 width=121)
	        Recheck Cond: ((id >= 4009127) AND (id <= 4010126))
	        ->  Bitmap Index Scan on sbtest2_pkey  (cost=0.00..34.33 rows=989 width=0)
	              Index Cond: ((id >= 4009127) AND (id <= 4010126))

table 3 : explain SELECT count(c) FROM sbtest3 WHERE id BETWEEN 9633477 AND 9634476
	Aggregate  (cost=3460.48..3460.49 rows=1 width=8)
	  ->  Bitmap Heap Scan on sbtest3  (cost=29.57..3458.25 rows=891 width=121)
	        Recheck Cond: ((id >= 9633477) AND (id <= 9634476))
	        ->  Bitmap Index Scan on sbtest3_pkey  (cost=0.00..29.34 rows=891 width=0)
	              Index Cond: ((id >= 9633477) AND (id <= 9634476))

table 4 : explain SELECT count(c) FROM sbtest4 WHERE id BETWEEN 6582522 AND 6583521
	Aggregate  (cost=4001.89..4001.90 rows=1 width=8)
	  ->  Bitmap Heap Scan on sbtest4  (cost=35.02..3999.30 rows=1033 width=121)
	        Recheck Cond: ((id >= 6582522) AND (id <= 6583521))
	        ->  Bitmap Index Scan on sbtest4_pkey  (cost=0.00..34.77 rows=1033 width=0)
	              Index Cond: ((id >= 6582522) AND (id <= 6583521))

table 5 : explain SELECT count(c) FROM sbtest5 WHERE id BETWEEN 8698780 AND 8699779
	Aggregate  (cost=3682.47..3682.48 rows=1 width=8)
	  ->  Bitmap Heap Scan on sbtest5  (cost=34.15..3680.10 rows=948 width=121)
	        Recheck Cond: ((id >= 8698780) AND (id <= 8699779))
	        ->  Bitmap Index Scan on sbtest5_pkey  (cost=0.00..33.92 rows=948 width=0)
	              Index Cond: ((id >= 8698780) AND (id <= 8699779))

table 6 : explain SELECT count(c) FROM sbtest6 WHERE id BETWEEN 5983989 AND 5984988
	Aggregate  (cost=4145.04..4145.05 rows=1 width=8)
	  ->  Bitmap Heap Scan on sbtest6  (cost=35.41..4142.36 rows=1071 width=121)
	        Recheck Cond: ((id >= 5983989) AND (id <= 5984988))
	        ->  Bitmap Index Scan on sbtest6_pkey  (cost=0.00..35.15 rows=1071 width=0)
	              Index Cond: ((id >= 5983989) AND (id <= 5984988))

table 7 : explain SELECT count(c) FROM sbtest7 WHERE id BETWEEN 6376072 AND 6377071
	Aggregate  (cost=3897.32..3897.33 rows=1 width=8)
	  ->  Bitmap Heap Scan on sbtest7  (cost=34.74..3894.81 rows=1005 width=121)
	        Recheck Cond: ((id >= 6376072) AND (id <= 6377071))
	        ->  Bitmap Index Scan on sbtest7_pkey  (cost=0.00..34.48 rows=1005 width=0)
	              Index Cond: ((id >= 6376072) AND (id <= 6377071))

table 8 : explain SELECT count(c) FROM sbtest8 WHERE id BETWEEN 4238886 AND 4239885
	Aggregate  (cost=3969.52..3969.53 rows=1 width=8)
	  ->  Bitmap Heap Scan on sbtest8  (cost=34.93..3966.96 rows=1024 width=121)
	        Recheck Cond: ((id >= 4238886) AND (id <= 4239885))
	        ->  Bitmap Index Scan on sbtest8_pkey  (cost=0.00..34.68 rows=1024 width=0)
	              Index Cond: ((id >= 4238886) AND (id <= 4239885))

for: count_ranges
table 1 : explain SELECT count(c) FROM sbtest1 WHERE id BETWEEN 6236550 AND 6237549
	Aggregate  (cost=3700.80..3700.81 rows=1 width=8)
	  ->  Bitmap Heap Scan on sbtest1  (cost=34.19..3698.42 rows=952 width=121)
	        Recheck Cond: ((id >= 6236550) AND (id <= 6237549))
	        ->  Bitmap Index Scan on sbtest1_pkey  (cost=0.00..33.95 rows=952 width=0)
	              Index Cond: ((id >= 6236550) AND (id <= 6237549))

table 2 : explain SELECT count(c) FROM sbtest2 WHERE id BETWEEN 41985 AND 42984
	Aggregate  (cost=3785.93..3785.94 rows=1 width=8)
	  ->  Bitmap Heap Scan on sbtest2  (cost=34.44..3783.49 rows=976 width=121)
	        Recheck Cond: ((id >= 41985) AND (id <= 42984))
	        ->  Bitmap Index Scan on sbtest2_pkey  (cost=0.00..34.20 rows=976 width=0)
	              Index Cond: ((id >= 41985) AND (id <= 42984))

table 3 : explain SELECT count(c) FROM sbtest3 WHERE id BETWEEN 4308051 AND 4309050
	Aggregate  (cost=3596.61..3596.62 rows=1 width=8)
	  ->  Bitmap Heap Scan on sbtest3  (cost=29.94..3594.29 rows=927 width=121)
	        Recheck Cond: ((id >= 4308051) AND (id <= 4309050))
	        ->  Bitmap Index Scan on sbtest3_pkey  (cost=0.00..29.70 rows=927 width=0)
	              Index Cond: ((id >= 4308051) AND (id <= 4309050))

table 4 : explain SELECT count(c) FROM sbtest4 WHERE id BETWEEN 1059072 AND 1060071
	Aggregate  (cost=3707.65..3707.66 rows=1 width=8)
	  ->  Bitmap Heap Scan on sbtest4  (cost=34.22..3705.26 rows=955 width=121)
	        Recheck Cond: ((id >= 1059072) AND (id <= 1060071))
	        ->  Bitmap Index Scan on sbtest4_pkey  (cost=0.00..33.98 rows=955 width=0)
	              Index Cond: ((id >= 1059072) AND (id <= 1060071))

table 5 : explain SELECT count(c) FROM sbtest5 WHERE id BETWEEN 5448265 AND 5449264
	Aggregate  (cost=3746.71..3746.72 rows=1 width=8)
	  ->  Bitmap Heap Scan on sbtest5  (cost=34.33..3744.30 rows=965 width=121)
	        Recheck Cond: ((id >= 5448265) AND (id <= 5449264))
	        ->  Bitmap Index Scan on sbtest5_pkey  (cost=0.00..34.09 rows=965 width=0)
	              Index Cond: ((id >= 5448265) AND (id <= 5449264))

table 6 : explain SELECT count(c) FROM sbtest6 WHERE id BETWEEN 6629753 AND 6630752
	Aggregate  (cost=3820.99..3821.00 rows=1 width=8)
	  ->  Bitmap Heap Scan on sbtest6  (cost=34.53..3818.53 rows=985 width=121)
	        Recheck Cond: ((id >= 6629753) AND (id <= 6630752))
	        ->  Bitmap Index Scan on sbtest6_pkey  (cost=0.00..34.29 rows=985 width=0)
	              Index Cond: ((id >= 6629753) AND (id <= 6630752))

table 7 : explain SELECT count(c) FROM sbtest7 WHERE id BETWEEN 1004294 AND 1005293
	Aggregate  (cost=3780.32..3780.33 rows=1 width=8)
	  ->  Bitmap Heap Scan on sbtest7  (cost=34.42..3777.89 rows=974 width=121)
	        Recheck Cond: ((id >= 1004294) AND (id <= 1005293))
	        ->  Bitmap Index Scan on sbtest7_pkey  (cost=0.00..34.18 rows=974 width=0)
	              Index Cond: ((id >= 1004294) AND (id <= 1005293))

table 8 : explain SELECT count(c) FROM sbtest8 WHERE id BETWEEN 3557290 AND 3558289
	Aggregate  (cost=3716.60..3716.61 rows=1 width=8)
	  ->  Bitmap Heap Scan on sbtest8  (cost=34.24..3714.21 rows=957 width=121)
	        Recheck Cond: ((id >= 3557290) AND (id <= 3558289))
	        ->  Bitmap Index Scan on sbtest8_pkey  (cost=0.00..34.01 rows=957 width=0)
	              Index Cond: ((id >= 3557290) AND (id <= 3558289))

for: count_ranges
table 1 : explain SELECT count(c) FROM sbtest1 WHERE id BETWEEN 3914742 AND 3915741
	Aggregate  (cost=3757.56..3757.57 rows=1 width=8)
	  ->  Bitmap Heap Scan on sbtest1  (cost=34.35..3755.14 rows=967 width=121)
	        Recheck Cond: ((id >= 3914742) AND (id <= 3915741))
	        ->  Bitmap Index Scan on sbtest1_pkey  (cost=0.00..34.11 rows=967 width=0)
	              Index Cond: ((id >= 3914742) AND (id <= 3915741))

table 2 : explain SELECT count(c) FROM sbtest2 WHERE id BETWEEN 7032476 AND 7033475
	Aggregate  (cost=3921.68..3921.69 rows=1 width=8)
	  ->  Bitmap Heap Scan on sbtest2  (cost=34.81..3919.15 rows=1012 width=121)
	        Recheck Cond: ((id >= 7032476) AND (id <= 7033475))
	        ->  Bitmap Index Scan on sbtest2_pkey  (cost=0.00..34.56 rows=1012 width=0)
	              Index Cond: ((id >= 7032476) AND (id <= 7033475))

table 3 : explain SELECT count(c) FROM sbtest3 WHERE id BETWEEN 3732526 AND 3733525
	Aggregate  (cost=4068.20..4068.21 rows=1 width=8)
	  ->  Bitmap Heap Scan on sbtest3  (cost=35.21..4065.57 rows=1051 width=121)
	        Recheck Cond: ((id >= 3732526) AND (id <= 3733525))
	        ->  Bitmap Index Scan on sbtest3_pkey  (cost=0.00..34.95 rows=1051 width=0)
	              Index Cond: ((id >= 3732526) AND (id <= 3733525))

table 4 : explain SELECT count(c) FROM sbtest4 WHERE id BETWEEN 5228665 AND 5229664
	Aggregate  (cost=3922.75..3922.76 rows=1 width=8)
	  ->  Bitmap Heap Scan on sbtest4  (cost=34.81..3920.22 rows=1012 width=121)
	        Recheck Cond: ((id >= 5228665) AND (id <= 5229664))
	        ->  Bitmap Index Scan on sbtest4_pkey  (cost=0.00..34.56 rows=1012 width=0)
	              Index Cond: ((id >= 5228665) AND (id <= 5229664))

table 5 : explain SELECT count(c) FROM sbtest5 WHERE id BETWEEN 7198925 AND 7199924
	Aggregate  (cost=3882.64..3882.65 rows=1 width=8)
	  ->  Bitmap Heap Scan on sbtest5  (cost=34.70..3880.13 rows=1001 width=121)
	        Recheck Cond: ((id >= 7198925) AND (id <= 7199924))
	        ->  Bitmap Index Scan on sbtest5_pkey  (cost=0.00..34.45 rows=1001 width=0)
	              Index Cond: ((id >= 7198925) AND (id <= 7199924))

table 6 : explain SELECT count(c) FROM sbtest6 WHERE id BETWEEN 1239227 AND 1240226
	Aggregate  (cost=3348.06..3348.07 rows=1 width=8)
	  ->  Bitmap Heap Scan on sbtest6  (cost=29.26..3345.91 rows=861 width=121)
	        Recheck Cond: ((id >= 1239227) AND (id <= 1240226))
	        ->  Bitmap Index Scan on sbtest6_pkey  (cost=0.00..29.04 rows=861 width=0)
	              Index Cond: ((id >= 1239227) AND (id <= 1240226))

table 7 : explain SELECT count(c) FROM sbtest7 WHERE id BETWEEN 9554105 AND 9555104
	Aggregate  (cost=3897.32..3897.33 rows=1 width=8)
	  ->  Bitmap Heap Scan on sbtest7  (cost=34.74..3894.81 rows=1005 width=121)
	        Recheck Cond: ((id >= 9554105) AND (id <= 9555104))
	        ->  Bitmap Index Scan on sbtest7_pkey  (cost=0.00..34.48 rows=1005 width=0)
	              Index Cond: ((id >= 9554105) AND (id <= 9555104))

table 8 : explain SELECT count(c) FROM sbtest8 WHERE id BETWEEN 4805886 AND 4806885
	Aggregate  (cost=3671.24..3671.25 rows=1 width=8)
	  ->  Bitmap Heap Scan on sbtest8  (cost=34.12..3668.88 rows=945 width=121)
	        Recheck Cond: ((id >= 4805886) AND (id <= 4806885))
	        ->  Bitmap Index Scan on sbtest8_pkey  (cost=0.00..33.89 rows=945 width=0)
	              Index Cond: ((id >= 4805886) AND (id <= 4806885))

for: count_ranges
table 1 : explain SELECT count(c) FROM sbtest1 WHERE id BETWEEN 7374952 AND 7375951
	Aggregate  (cost=3946.55..3946.56 rows=1 width=8)
	  ->  Bitmap Heap Scan on sbtest1  (cost=34.86..3944.00 rows=1017 width=121)
	        Recheck Cond: ((id >= 7374952) AND (id <= 7375951))
	        ->  Bitmap Index Scan on sbtest1_pkey  (cost=0.00..34.61 rows=1017 width=0)
	              Index Cond: ((id >= 7374952) AND (id <= 7375951))

table 2 : explain SELECT count(c) FROM sbtest2 WHERE id BETWEEN 9913610 AND 9914609
	Aggregate  (cost=4365.74..4365.75 rows=1 width=8)
	  ->  Bitmap Heap Scan on sbtest2  (cost=40.02..4362.92 rows=1130 width=121)
	        Recheck Cond: ((id >= 9913610) AND (id <= 9914609))
	        ->  Bitmap Index Scan on sbtest2_pkey  (cost=0.00..39.73 rows=1130 width=0)
	              Index Cond: ((id >= 9913610) AND (id <= 9914609))

table 3 : explain SELECT count(c) FROM sbtest3 WHERE id BETWEEN 1532120 AND 1533119
	Aggregate  (cost=3894.97..3894.98 rows=1 width=8)
	  ->  Bitmap Heap Scan on sbtest3  (cost=34.74..3892.46 rows=1005 width=121)
	        Recheck Cond: ((id >= 1532120) AND (id <= 1533119))
	        ->  Bitmap Index Scan on sbtest3_pkey  (cost=0.00..34.48 rows=1005 width=0)
	              Index Cond: ((id >= 1532120) AND (id <= 1533119))

table 4 : explain SELECT count(c) FROM sbtest4 WHERE id BETWEEN 6842437 AND 6843436
	Aggregate  (cost=3877.50..3877.51 rows=1 width=8)
	  ->  Bitmap Heap Scan on sbtest4  (cost=34.69..3875.00 rows=1000 width=121)
	        Recheck Cond: ((id >= 6842437) AND (id <= 6843436))
	        ->  Bitmap Index Scan on sbtest4_pkey  (cost=0.00..34.44 rows=1000 width=0)
	              Index Cond: ((id >= 6842437) AND (id <= 6843436))

table 5 : explain SELECT count(c) FROM sbtest5 WHERE id BETWEEN 2598794 AND 2599793
	Aggregate  (cost=4086.22..4086.23 rows=1 width=8)
	  ->  Bitmap Heap Scan on sbtest5  (cost=35.25..4083.58 rows=1055 width=121)
	        Recheck Cond: ((id >= 2598794) AND (id <= 2599793))
	        ->  Bitmap Index Scan on sbtest5_pkey  (cost=0.00..34.98 rows=1055 width=0)
	              Index Cond: ((id >= 2598794) AND (id <= 2599793))

table 6 : explain SELECT count(c) FROM sbtest6 WHERE id BETWEEN 5112790 AND 5113789
	Aggregate  (cost=3896.43..3896.44 rows=1 width=8)
	  ->  Bitmap Heap Scan on sbtest6  (cost=34.74..3893.92 rows=1005 width=121)
	        Recheck Cond: ((id >= 5112790) AND (id <= 5113789))
	        ->  Bitmap Index Scan on sbtest6_pkey  (cost=0.00..34.48 rows=1005 width=0)
	              Index Cond: ((id >= 5112790) AND (id <= 5113789))

table 7 : explain SELECT count(c) FROM sbtest7 WHERE id BETWEEN 488637 AND 489636
	Aggregate  (cost=4014.20..4014.21 rows=1 width=8)
	  ->  Bitmap Heap Scan on sbtest7  (cost=35.05..4011.61 rows=1036 width=121)
	        Recheck Cond: ((id >= 488637) AND (id <= 489636))
	        ->  Bitmap Index Scan on sbtest7_pkey  (cost=0.00..34.80 rows=1036 width=0)
	              Index Cond: ((id >= 488637) AND (id <= 489636))

table 8 : explain SELECT count(c) FROM sbtest8 WHERE id BETWEEN 5277368 AND 5278367
	Aggregate  (cost=3799.71..3799.72 rows=1 width=8)
	  ->  Bitmap Heap Scan on sbtest8  (cost=34.47..3797.27 rows=979 width=121)
	        Recheck Cond: ((id >= 5277368) AND (id <= 5278367))
	        ->  Bitmap Index Scan on sbtest8_pkey  (cost=0.00..34.23 rows=979 width=0)
	              Index Cond: ((id >= 5277368) AND (id <= 5278367))

for: count_ranges
table 1 : explain SELECT count(c) FROM sbtest1 WHERE id BETWEEN 2052651 AND 2053650
	Aggregate  (cost=4116.37..4116.38 rows=1 width=8)
	  ->  Bitmap Heap Scan on sbtest1  (cost=35.32..4113.71 rows=1062 width=121)
	        Recheck Cond: ((id >= 2052651) AND (id <= 2053650))
	        ->  Bitmap Index Scan on sbtest1_pkey  (cost=0.00..35.06 rows=1062 width=0)
	              Index Cond: ((id >= 2052651) AND (id <= 2053650))

table 2 : explain SELECT count(c) FROM sbtest2 WHERE id BETWEEN 407039 AND 408038
	Aggregate  (cost=4008.32..4008.33 rows=1 width=8)
	  ->  Bitmap Heap Scan on sbtest2  (cost=35.04..4005.73 rows=1035 width=121)
	        Recheck Cond: ((id >= 407039) AND (id <= 408038))
	        ->  Bitmap Index Scan on sbtest2_pkey  (cost=0.00..34.79 rows=1035 width=0)
	              Index Cond: ((id >= 407039) AND (id <= 408038))

table 3 : explain SELECT count(c) FROM sbtest3 WHERE id BETWEEN 2416723 AND 2417722
	Aggregate  (cost=3872.36..3872.37 rows=1 width=8)
	  ->  Bitmap Heap Scan on sbtest3  (cost=34.67..3869.86 rows=999 width=121)
	        Recheck Cond: ((id >= 2416723) AND (id <= 2417722))
	        ->  Bitmap Index Scan on sbtest3_pkey  (cost=0.00..34.43 rows=999 width=0)
	              Index Cond: ((id >= 2416723) AND (id <= 2417722))

table 4 : explain SELECT count(c) FROM sbtest4 WHERE id BETWEEN 7621446 AND 7622445
	Aggregate  (cost=4028.25..4028.26 rows=1 width=8)
	  ->  Bitmap Heap Scan on sbtest4  (cost=35.09..4025.65 rows=1040 width=121)
	        Recheck Cond: ((id >= 7621446) AND (id <= 7622445))
	        ->  Bitmap Index Scan on sbtest4_pkey  (cost=0.00..34.84 rows=1040 width=0)
	              Index Cond: ((id >= 7621446) AND (id <= 7622445))

table 5 : explain SELECT count(c) FROM sbtest5 WHERE id BETWEEN 6532325 AND 6533324
	Aggregate  (cost=3705.15..3705.16 rows=1 width=8)
	  ->  Bitmap Heap Scan on sbtest5  (cost=34.21..3702.76 rows=954 width=121)
	        Recheck Cond: ((id >= 6532325) AND (id <= 6533324))
	        ->  Bitmap Index Scan on sbtest5_pkey  (cost=0.00..33.98 rows=954 width=0)
	              Index Cond: ((id >= 6532325) AND (id <= 6533324))

table 6 : explain SELECT count(c) FROM sbtest6 WHERE id BETWEEN 8043047 AND 8044046
	Aggregate  (cost=3707.72..3707.73 rows=1 width=8)
	  ->  Bitmap Heap Scan on sbtest6  (cost=34.22..3705.34 rows=955 width=121)
	        Recheck Cond: ((id >= 8043047) AND (id <= 8044046))
	        ->  Bitmap Index Scan on sbtest6_pkey  (cost=0.00..33.98 rows=955 width=0)
	              Index Cond: ((id >= 8043047) AND (id <= 8044046))

table 7 : explain SELECT count(c) FROM sbtest7 WHERE id BETWEEN 4943453 AND 4944452
	Aggregate  (cost=3716.11..3716.12 rows=1 width=8)
	  ->  Bitmap Heap Scan on sbtest7  (cost=34.24..3713.71 rows=957 width=121)
	        Recheck Cond: ((id >= 4943453) AND (id <= 4944452))
	        ->  Bitmap Index Scan on sbtest7_pkey  (cost=0.00..34.01 rows=957 width=0)
	              Index Cond: ((id >= 4943453) AND (id <= 4944452))

table 8 : explain SELECT count(c) FROM sbtest8 WHERE id BETWEEN 2990191 AND 2991190
	Aggregate  (cost=3727.94..3727.95 rows=1 width=8)
	  ->  Bitmap Heap Scan on sbtest8  (cost=34.28..3725.54 rows=960 width=121)
	        Recheck Cond: ((id >= 2990191) AND (id <= 2991190))
	        ->  Bitmap Index Scan on sbtest8_pkey  (cost=0.00..34.04 rows=960 width=0)
	              Index Cond: ((id >= 2990191) AND (id <= 2991190))

for: count_ranges
table 1 : explain SELECT count(c) FROM sbtest1 WHERE id BETWEEN 990907 AND 991906
	Aggregate  (cost=3829.41..3829.42 rows=1 width=8)
	  ->  Bitmap Heap Scan on sbtest1  (cost=34.54..3826.95 rows=986 width=121)
	        Recheck Cond: ((id >= 990907) AND (id <= 991906))
	        ->  Bitmap Index Scan on sbtest1_pkey  (cost=0.00..34.30 rows=986 width=0)
	              Index Cond: ((id >= 990907) AND (id <= 991906))

table 2 : explain SELECT count(c) FROM sbtest2 WHERE id BETWEEN 2727154 AND 2728153
	Aggregate  (cost=3695.34..3695.35 rows=1 width=8)
	  ->  Bitmap Heap Scan on sbtest2  (cost=34.19..3692.96 rows=952 width=121)
	        Recheck Cond: ((id >= 2727154) AND (id <= 2728153))
	        ->  Bitmap Index Scan on sbtest2_pkey  (cost=0.00..33.95 rows=952 width=0)
	              Index Cond: ((id >= 2727154) AND (id <= 2728153))

table 3 : explain SELECT count(c) FROM sbtest3 WHERE id BETWEEN 7044845 AND 7045844
	Aggregate  (cost=3804.48..3804.49 rows=1 width=8)
	  ->  Bitmap Heap Scan on sbtest3  (cost=34.49..3802.03 rows=981 width=121)
	        Recheck Cond: ((id >= 7044845) AND (id <= 7045844))
	        ->  Bitmap Index Scan on sbtest3_pkey  (cost=0.00..34.25 rows=981 width=0)
	              Index Cond: ((id >= 7044845) AND (id <= 7045844))

table 4 : explain SELECT count(c) FROM sbtest4 WHERE id BETWEEN 2023489 AND 2024488
	Aggregate  (cost=3666.09..3666.10 rows=1 width=8)
	  ->  Bitmap Heap Scan on sbtest4  (cost=34.11..3663.73 rows=944 width=121)
	        Recheck Cond: ((id >= 2023489) AND (id <= 2024488))
	        ->  Bitmap Index Scan on sbtest4_pkey  (cost=0.00..33.88 rows=944 width=0)
	              Index Cond: ((id >= 2023489) AND (id <= 2024488))

table 5 : explain SELECT count(c) FROM sbtest5 WHERE id BETWEEN 1586017 AND 1587016
	Aggregate  (cost=3750.49..3750.50 rows=1 width=8)
	  ->  Bitmap Heap Scan on sbtest5  (cost=34.34..3748.08 rows=966 width=121)
	        Recheck Cond: ((id >= 1586017) AND (id <= 1587016))
	        ->  Bitmap Index Scan on sbtest5_pkey  (cost=0.00..34.09 rows=966 width=0)
	              Index Cond: ((id >= 1586017) AND (id <= 1587016))

table 6 : explain SELECT count(c) FROM sbtest6 WHERE id BETWEEN 1598012 AND 1599011
	Aggregate  (cost=3677.50..3677.51 rows=1 width=8)
	  ->  Bitmap Heap Scan on sbtest6  (cost=34.14..3675.13 rows=947 width=121)
	        Recheck Cond: ((id >= 1598012) AND (id <= 1599011))
	        ->  Bitmap Index Scan on sbtest6_pkey  (cost=0.00..33.91 rows=947 width=0)
	              Index Cond: ((id >= 1598012) AND (id <= 1599011))

table 7 : explain SELECT count(c) FROM sbtest7 WHERE id BETWEEN 4318944 AND 4319943
	Aggregate  (cost=3957.66..3957.67 rows=1 width=8)
	  ->  Bitmap Heap Scan on sbtest7  (cost=34.90..3955.11 rows=1021 width=121)
	        Recheck Cond: ((id >= 4318944) AND (id <= 4319943))
	        ->  Bitmap Index Scan on sbtest7_pkey  (cost=0.00..34.65 rows=1021 width=0)
	              Index Cond: ((id >= 4318944) AND (id <= 4319943))

table 8 : explain SELECT count(c) FROM sbtest8 WHERE id BETWEEN 683037 AND 684036
	Aggregate  (cost=3727.94..3727.95 rows=1 width=8)
	  ->  Bitmap Heap Scan on sbtest8  (cost=34.28..3725.54 rows=960 width=121)
	        Recheck Cond: ((id >= 683037) AND (id <= 684036))
	        ->  Bitmap Index Scan on sbtest8_pkey  (cost=0.00..34.04 rows=960 width=0)
	              Index Cond: ((id >= 683037) AND (id <= 684036))

for: count_ranges
table 1 : explain SELECT count(c) FROM sbtest1 WHERE id BETWEEN 4669953 AND 4670952
	Aggregate  (cost=3886.10..3886.11 rows=1 width=8)
	  ->  Bitmap Heap Scan on sbtest1  (cost=34.70..3883.60 rows=1001 width=121)
	        Recheck Cond: ((id >= 4669953) AND (id <= 4670952))
	        ->  Bitmap Index Scan on sbtest1_pkey  (cost=0.00..34.45 rows=1001 width=0)
	              Index Cond: ((id >= 4669953) AND (id <= 4670952))

table 2 : explain SELECT count(c) FROM sbtest2 WHERE id BETWEEN 7637977 AND 7638976
	Aggregate  (cost=4083.60..4083.61 rows=1 width=8)
	  ->  Bitmap Heap Scan on sbtest2  (cost=35.25..4080.96 rows=1055 width=121)
	        Recheck Cond: ((id >= 7637977) AND (id <= 7638976))
	        ->  Bitmap Index Scan on sbtest2_pkey  (cost=0.00..34.98 rows=1055 width=0)
	              Index Cond: ((id >= 7637977) AND (id <= 7638976))

table 3 : explain SELECT count(c) FROM sbtest3 WHERE id BETWEEN 7453551 AND 7454550
	Aggregate  (cost=3634.39..3634.40 rows=1 width=8)
	  ->  Bitmap Heap Scan on sbtest3  (cost=30.04..3632.05 rows=937 width=121)
	        Recheck Cond: ((id >= 7453551) AND (id <= 7454550))
	        ->  Bitmap Index Scan on sbtest3_pkey  (cost=0.00..29.80 rows=937 width=0)
	              Index Cond: ((id >= 7453551) AND (id <= 7454550))

table 4 : explain SELECT count(c) FROM sbtest4 WHERE id BETWEEN 9769530 AND 9770529
	Aggregate  (cost=4039.55..4039.56 rows=1 width=8)
	  ->  Bitmap Heap Scan on sbtest4  (cost=35.13..4036.95 rows=1043 width=121)
	        Recheck Cond: ((id >= 9769530) AND (id <= 9770529))
	        ->  Bitmap Index Scan on sbtest4_pkey  (cost=0.00..34.87 rows=1043 width=0)
	              Index Cond: ((id >= 9769530) AND (id <= 9770529))

table 5 : explain SELECT count(c) FROM sbtest5 WHERE id BETWEEN 8764207 AND 8765206
	Aggregate  (cost=3682.47..3682.48 rows=1 width=8)
	  ->  Bitmap Heap Scan on sbtest5  (cost=34.15..3680.10 rows=948 width=121)
	        Recheck Cond: ((id >= 8764207) AND (id <= 8765206))
	        ->  Bitmap Index Scan on sbtest5_pkey  (cost=0.00..33.92 rows=948 width=0)
	              Index Cond: ((id >= 8764207) AND (id <= 8765206))

table 6 : explain SELECT count(c) FROM sbtest6 WHERE id BETWEEN 6102382 AND 6103381
	Aggregate  (cost=4001.97..4001.98 rows=1 width=8)
	  ->  Bitmap Heap Scan on sbtest6  (cost=35.02..3999.39 rows=1033 width=121)
	        Recheck Cond: ((id >= 6102382) AND (id <= 6103381))
	        ->  Bitmap Index Scan on sbtest6_pkey  (cost=0.00..34.77 rows=1033 width=0)
	              Index Cond: ((id >= 6102382) AND (id <= 6103381))

table 7 : explain SELECT count(c) FROM sbtest7 WHERE id BETWEEN 2409297 AND 2410296
	Aggregate  (cost=3799.20..3799.21 rows=1 width=8)
	  ->  Bitmap Heap Scan on sbtest7  (cost=34.47..3796.75 rows=979 width=121)
	        Recheck Cond: ((id >= 2409297) AND (id <= 2410296))
	        ->  Bitmap Index Scan on sbtest7_pkey  (cost=0.00..34.23 rows=979 width=0)
	              Index Cond: ((id >= 2409297) AND (id <= 2410296))

table 8 : explain SELECT count(c) FROM sbtest8 WHERE id BETWEEN 3049913 AND 3050912
	Aggregate  (cost=3848.80..3848.81 rows=1 width=8)
	  ->  Bitmap Heap Scan on sbtest8  (cost=34.60..3846.32 rows=992 width=121)
	        Recheck Cond: ((id >= 3049913) AND (id <= 3050912))
	        ->  Bitmap Index Scan on sbtest8_pkey  (cost=0.00..34.36 rows=992 width=0)
	              Index Cond: ((id >= 3049913) AND (id <= 3050912))

for: count_ranges
table 1 : explain SELECT count(c) FROM sbtest1 WHERE id BETWEEN 8441135 AND 8442134
	Aggregate  (cost=3560.47..3560.48 rows=1 width=8)
	  ->  Bitmap Heap Scan on sbtest1  (cost=29.82..3558.18 rows=916 width=121)
	        Recheck Cond: ((id >= 8441135) AND (id <= 8442134))
	        ->  Bitmap Index Scan on sbtest1_pkey  (cost=0.00..29.59 rows=916 width=0)
	              Index Cond: ((id >= 8441135) AND (id <= 8442134))

table 2 : explain SELECT count(c) FROM sbtest2 WHERE id BETWEEN 3014789 AND 3015788
	Aggregate  (cost=3751.97..3751.98 rows=1 width=8)
	  ->  Bitmap Heap Scan on sbtest2  (cost=34.35..3749.55 rows=967 width=121)
	        Recheck Cond: ((id >= 3014789) AND (id <= 3015788))
	        ->  Bitmap Index Scan on sbtest2_pkey  (cost=0.00..34.11 rows=967 width=0)
	              Index Cond: ((id >= 3014789) AND (id <= 3015788))

table 3 : explain SELECT count(c) FROM sbtest3 WHERE id BETWEEN 6721752 AND 6722751
	Aggregate  (cost=4301.29..4301.30 rows=1 width=8)
	  ->  Bitmap Heap Scan on sbtest3  (cost=35.85..4298.50 rows=1114 width=121)
	        Recheck Cond: ((id >= 6721752) AND (id <= 6722751))
	        ->  Bitmap Index Scan on sbtest3_pkey  (cost=0.00..35.58 rows=1114 width=0)
	              Index Cond: ((id >= 6721752) AND (id <= 6722751))

table 4 : explain SELECT count(c) FROM sbtest4 WHERE id BETWEEN 263160 AND 264159
	Aggregate  (cost=3869.96..3869.97 rows=1 width=8)
	  ->  Bitmap Heap Scan on sbtest4  (cost=34.66..3867.46 rows=998 width=121)
	        Recheck Cond: ((id >= 263160) AND (id <= 264159))
	        ->  Bitmap Index Scan on sbtest4_pkey  (cost=0.00..34.42 rows=998 width=0)
	              Index Cond: ((id >= 263160) AND (id <= 264159))

table 5 : explain SELECT count(c) FROM sbtest5 WHERE id BETWEEN 7077094 AND 7078093
	Aggregate  (cost=4187.87..4187.88 rows=1 width=8)
	  ->  Bitmap Heap Scan on sbtest5  (cost=35.53..4185.16 rows=1082 width=121)
	        Recheck Cond: ((id >= 7077094) AND (id <= 7078093))
	        ->  Bitmap Index Scan on sbtest5_pkey  (cost=0.00..35.26 rows=1082 width=0)
	              Index Cond: ((id >= 7077094) AND (id <= 7078093))

table 6 : explain SELECT count(c) FROM sbtest6 WHERE id BETWEEN 1549586 AND 1550585
	Aggregate  (cost=3945.44..3945.45 rows=1 width=8)
	  ->  Bitmap Heap Scan on sbtest6  (cost=34.87..3942.90 rows=1018 width=121)
	        Recheck Cond: ((id >= 1549586) AND (id <= 1550585))
	        ->  Bitmap Index Scan on sbtest6_pkey  (cost=0.00..34.62 rows=1018 width=0)
	              Index Cond: ((id >= 1549586) AND (id <= 1550585))

table 7 : explain SELECT count(c) FROM sbtest7 WHERE id BETWEEN 2526288 AND 2527287
	Aggregate  (cost=3878.46..3878.47 rows=1 width=8)
	  ->  Bitmap Heap Scan on sbtest7  (cost=34.69..3875.96 rows=1000 width=121)
	        Recheck Cond: ((id >= 2526288) AND (id <= 2527287))
	        ->  Bitmap Index Scan on sbtest7_pkey  (cost=0.00..34.44 rows=1000 width=0)
	              Index Cond: ((id >= 2526288) AND (id <= 2527287))

table 8 : explain SELECT count(c) FROM sbtest8 WHERE id BETWEEN 4575584 AND 4576583
	Aggregate  (cost=3826.14..3826.15 rows=1 width=8)
	  ->  Bitmap Heap Scan on sbtest8  (cost=34.54..3823.68 rows=986 width=121)
	        Recheck Cond: ((id >= 4575584) AND (id <= 4576583))
	        ->  Bitmap Index Scan on sbtest8_pkey  (cost=0.00..34.30 rows=986 width=0)
	              Index Cond: ((id >= 4575584) AND (id <= 4576583))

for: count_ranges
table 1 : explain SELECT count(c) FROM sbtest1 WHERE id BETWEEN 9177132 AND 9178131
	Aggregate  (cost=3969.20..3969.21 rows=1 width=8)
	  ->  Bitmap Heap Scan on sbtest1  (cost=34.92..3966.65 rows=1023 width=121)
	        Recheck Cond: ((id >= 9177132) AND (id <= 9178131))
	        ->  Bitmap Index Scan on sbtest1_pkey  (cost=0.00..34.67 rows=1023 width=0)
	              Index Cond: ((id >= 9177132) AND (id <= 9178131))

table 2 : explain SELECT count(c) FROM sbtest2 WHERE id BETWEEN 7496571 AND 7497570
	Aggregate  (cost=3906.60..3906.61 rows=1 width=8)
	  ->  Bitmap Heap Scan on sbtest2  (cost=34.77..3904.08 rows=1008 width=121)
	        Recheck Cond: ((id >= 7496571) AND (id <= 7497570))
	        ->  Bitmap Index Scan on sbtest2_pkey  (cost=0.00..34.52 rows=1008 width=0)
	              Index Cond: ((id >= 7496571) AND (id <= 7497570))

table 3 : explain SELECT count(c) FROM sbtest3 WHERE id BETWEEN 525915 AND 526914
	Aggregate  (cost=3966.55..3966.56 rows=1 width=8)
	  ->  Bitmap Heap Scan on sbtest3  (cost=34.93..3963.99 rows=1024 width=121)
	        Recheck Cond: ((id >= 525915) AND (id <= 526914))
	        ->  Bitmap Index Scan on sbtest3_pkey  (cost=0.00..34.68 rows=1024 width=0)
	              Index Cond: ((id >= 525915) AND (id <= 526914))

table 4 : explain SELECT count(c) FROM sbtest4 WHERE id BETWEEN 5862357 AND 5863356
	Aggregate  (cost=4080.97..4080.98 rows=1 width=8)
	  ->  Bitmap Heap Scan on sbtest4  (cost=35.24..4078.34 rows=1054 width=121)
	        Recheck Cond: ((id >= 5862357) AND (id <= 5863356))
	        ->  Bitmap Index Scan on sbtest4_pkey  (cost=0.00..34.98 rows=1054 width=0)
	              Index Cond: ((id >= 5862357) AND (id <= 5863356))

table 5 : explain SELECT count(c) FROM sbtest5 WHERE id BETWEEN 5021600 AND 5022599
	Aggregate  (cost=3950.54..3950.55 rows=1 width=8)
	  ->  Bitmap Heap Scan on sbtest5  (cost=34.88..3947.99 rows=1019 width=121)
	        Recheck Cond: ((id >= 5021600) AND (id <= 5022599))
	        ->  Bitmap Index Scan on sbtest5_pkey  (cost=0.00..34.62 rows=1019 width=0)
	              Index Cond: ((id >= 5021600) AND (id <= 5022599))

table 6 : explain SELECT count(c) FROM sbtest6 WHERE id BETWEEN 3404639 AND 3405638
	Aggregate  (cost=3715.28..3715.29 rows=1 width=8)
	  ->  Bitmap Heap Scan on sbtest6  (cost=34.24..3712.89 rows=957 width=121)
	        Recheck Cond: ((id >= 3404639) AND (id <= 3405638))
	        ->  Bitmap Index Scan on sbtest6_pkey  (cost=0.00..34.01 rows=957 width=0)
	              Index Cond: ((id >= 3404639) AND (id <= 3405638))

table 7 : explain SELECT count(c) FROM sbtest7 WHERE id BETWEEN 5802712 AND 5803711
	Aggregate  (cost=3598.69..3598.70 rows=1 width=8)
	  ->  Bitmap Heap Scan on sbtest7  (cost=29.94..3596.38 rows=927 width=121)
	        Recheck Cond: ((id >= 5802712) AND (id <= 5803711))
	        ->  Bitmap Index Scan on sbtest7_pkey  (cost=0.00..29.70 rows=927 width=0)
	              Index Cond: ((id >= 5802712) AND (id <= 5803711))

table 8 : explain SELECT count(c) FROM sbtest8 WHERE id BETWEEN 8461897 AND 8462896
	Aggregate  (cost=3591.60..3591.61 rows=1 width=8)
	  ->  Bitmap Heap Scan on sbtest8  (cost=29.92..3589.29 rows=925 width=121)
	        Recheck Cond: ((id >= 8461897) AND (id <= 8462896))
	        ->  Bitmap Index Scan on sbtest8_pkey  (cost=0.00..29.68 rows=925 width=0)
	              Index Cond: ((id >= 8461897) AND (id <= 8462896))

for: count_ranges
table 1 : explain SELECT count(c) FROM sbtest1 WHERE id BETWEEN 2017074 AND 2018073
	Aggregate  (cost=3991.86..3991.87 rows=1 width=8)
	  ->  Bitmap Heap Scan on sbtest1  (cost=34.98..3989.28 rows=1029 width=121)
	        Recheck Cond: ((id >= 2017074) AND (id <= 2018073))
	        ->  Bitmap Index Scan on sbtest1_pkey  (cost=0.00..34.73 rows=1029 width=0)
	              Index Cond: ((id >= 2017074) AND (id <= 2018073))

table 2 : explain SELECT count(c) FROM sbtest2 WHERE id BETWEEN 4551441 AND 4552440
	Aggregate  (cost=4177.63..4177.64 rows=1 width=8)
	  ->  Bitmap Heap Scan on sbtest2  (cost=35.51..4174.93 rows=1080 width=121)
	        Recheck Cond: ((id >= 4551441) AND (id <= 4552440))
	        ->  Bitmap Index Scan on sbtest2_pkey  (cost=0.00..35.23 rows=1080 width=0)
	              Index Cond: ((id >= 4551441) AND (id <= 4552440))

table 3 : explain SELECT count(c) FROM sbtest3 WHERE id BETWEEN 9121590 AND 9122589
	Aggregate  (cost=3566.37..3566.38 rows=1 width=8)
	  ->  Bitmap Heap Scan on sbtest3  (cost=29.85..3564.08 rows=919 width=121)
	        Recheck Cond: ((id >= 9121590) AND (id <= 9122589))
	        ->  Bitmap Index Scan on sbtest3_pkey  (cost=0.00..29.62 rows=919 width=0)
	              Index Cond: ((id >= 9121590) AND (id <= 9122589))

table 4 : explain SELECT count(c) FROM sbtest4 WHERE id BETWEEN 7864997 AND 7865996
	Aggregate  (cost=3726.54..3726.55 rows=1 width=8)
	  ->  Bitmap Heap Scan on sbtest4  (cost=34.28..3724.14 rows=960 width=121)
	        Recheck Cond: ((id >= 7864997) AND (id <= 7865996))
	        ->  Bitmap Index Scan on sbtest4_pkey  (cost=0.00..34.04 rows=960 width=0)
	              Index Cond: ((id >= 7864997) AND (id <= 7865996))

table 5 : explain SELECT count(c) FROM sbtest5 WHERE id BETWEEN 2766973 AND 2767972
	Aggregate  (cost=4105.05..4105.06 rows=1 width=8)
	  ->  Bitmap Heap Scan on sbtest5  (cost=35.30..4102.40 rows=1060 width=121)
	        Recheck Cond: ((id >= 2766973) AND (id <= 2767972))
	        ->  Bitmap Index Scan on sbtest5_pkey  (cost=0.00..35.04 rows=1060 width=0)
	              Index Cond: ((id >= 2766973) AND (id <= 2767972))

table 6 : explain SELECT count(c) FROM sbtest6 WHERE id BETWEEN 3624968 AND 3625967
	Aggregate  (cost=4129.99..4130.00 rows=1 width=8)
	  ->  Bitmap Heap Scan on sbtest6  (cost=35.37..4127.32 rows=1067 width=121)
	        Recheck Cond: ((id >= 3624968) AND (id <= 3625967))
	        ->  Bitmap Index Scan on sbtest6_pkey  (cost=0.00..35.11 rows=1067 width=0)
	              Index Cond: ((id >= 3624968) AND (id <= 3625967))

table 7 : explain SELECT count(c) FROM sbtest7 WHERE id BETWEEN 1191574 AND 1192573
	Aggregate  (cost=3768.99..3769.00 rows=1 width=8)
	  ->  Bitmap Heap Scan on sbtest7  (cost=34.39..3766.56 rows=971 width=121)
	        Recheck Cond: ((id >= 1191574) AND (id <= 1192573))
	        ->  Bitmap Index Scan on sbtest7_pkey  (cost=0.00..34.15 rows=971 width=0)
	              Index Cond: ((id >= 1191574) AND (id <= 1192573))

table 8 : explain SELECT count(c) FROM sbtest8 WHERE id BETWEEN 3421218 AND 3422217
	Aggregate  (cost=3701.48..3701.49 rows=1 width=8)
	  ->  Bitmap Heap Scan on sbtest8  (cost=34.20..3699.10 rows=953 width=121)
	        Recheck Cond: ((id >= 3421218) AND (id <= 3422217))
	        ->  Bitmap Index Scan on sbtest8_pkey  (cost=0.00..33.97 rows=953 width=0)
	              Index Cond: ((id >= 3421218) AND (id <= 3422217))

for: count_ranges
table 1 : explain SELECT count(c) FROM sbtest1 WHERE id BETWEEN 9189301 AND 9190300
	Aggregate  (cost=3969.20..3969.21 rows=1 width=8)
	  ->  Bitmap Heap Scan on sbtest1  (cost=34.92..3966.65 rows=1023 width=121)
	        Recheck Cond: ((id >= 9189301) AND (id <= 9190300))
	        ->  Bitmap Index Scan on sbtest1_pkey  (cost=0.00..34.67 rows=1023 width=0)
	              Index Cond: ((id >= 9189301) AND (id <= 9190300))

table 2 : explain SELECT count(c) FROM sbtest2 WHERE id BETWEEN 5980126 AND 5981125
	Aggregate  (cost=4015.85..4015.86 rows=1 width=8)
	  ->  Bitmap Heap Scan on sbtest2  (cost=35.06..4013.25 rows=1037 width=121)
	        Recheck Cond: ((id >= 5980126) AND (id <= 5981125))
	        ->  Bitmap Index Scan on sbtest2_pkey  (cost=0.00..34.81 rows=1037 width=0)
	              Index Cond: ((id >= 5980126) AND (id <= 5981125))

table 3 : explain SELECT count(c) FROM sbtest3 WHERE id BETWEEN 6110037 AND 6111036
	Aggregate  (cost=3872.36..3872.37 rows=1 width=8)
	  ->  Bitmap Heap Scan on sbtest3  (cost=34.67..3869.86 rows=999 width=121)
	        Recheck Cond: ((id >= 6110037) AND (id <= 6111036))
	        ->  Bitmap Index Scan on sbtest3_pkey  (cost=0.00..34.43 rows=999 width=0)
	              Index Cond: ((id >= 6110037) AND (id <= 6111036))

table 4 : explain SELECT count(c) FROM sbtest4 WHERE id BETWEEN 6009561 AND 6010560
	Aggregate  (cost=3620.74..3620.75 rows=1 width=8)
	  ->  Bitmap Heap Scan on sbtest4  (cost=33.99..3618.41 rows=932 width=121)
	        Recheck Cond: ((id >= 6009561) AND (id <= 6010560))
	        ->  Bitmap Index Scan on sbtest4_pkey  (cost=0.00..33.76 rows=932 width=0)
	              Index Cond: ((id >= 6009561) AND (id <= 6010560))

table 5 : explain SELECT count(c) FROM sbtest5 WHERE id BETWEEN 6454392 AND 6455391
	Aggregate  (cost=3999.55..3999.56 rows=1 width=8)
	  ->  Bitmap Heap Scan on sbtest5  (cost=35.01..3996.97 rows=1032 width=121)
	        Recheck Cond: ((id >= 6454392) AND (id <= 6455391))
	        ->  Bitmap Index Scan on sbtest5_pkey  (cost=0.00..34.76 rows=1032 width=0)
	              Index Cond: ((id >= 6454392) AND (id <= 6455391))

table 6 : explain SELECT count(c) FROM sbtest6 WHERE id BETWEEN 753164 AND 754163
	Aggregate  (cost=4017.04..4017.05 rows=1 width=8)
	  ->  Bitmap Heap Scan on sbtest6  (cost=35.06..4014.45 rows=1037 width=121)
	        Recheck Cond: ((id >= 753164) AND (id <= 754163))
	        ->  Bitmap Index Scan on sbtest6_pkey  (cost=0.00..34.81 rows=1037 width=0)
	              Index Cond: ((id >= 753164) AND (id <= 754163))

table 7 : explain SELECT count(c) FROM sbtest7 WHERE id BETWEEN 898037 AND 899036
	Aggregate  (cost=3670.76..3670.77 rows=1 width=8)
	  ->  Bitmap Heap Scan on sbtest7  (cost=34.12..3668.39 rows=945 width=121)
	        Recheck Cond: ((id >= 898037) AND (id <= 899036))
	        ->  Bitmap Index Scan on sbtest7_pkey  (cost=0.00..33.89 rows=945 width=0)
	              Index Cond: ((id >= 898037) AND (id <= 899036))

table 8 : explain SELECT count(c) FROM sbtest8 WHERE id BETWEEN 8536128 AND 8537127
	Aggregate  (cost=3777.05..3777.06 rows=1 width=8)
	  ->  Bitmap Heap Scan on sbtest8  (cost=34.41..3774.62 rows=973 width=121)
	        Recheck Cond: ((id >= 8536128) AND (id <= 8537127))
	        ->  Bitmap Index Scan on sbtest8_pkey  (cost=0.00..34.17 rows=973 width=0)
	              Index Cond: ((id >= 8536128) AND (id <= 8537127))

for: count_ranges
table 1 : explain SELECT count(c) FROM sbtest1 WHERE id BETWEEN 3695060 AND 3696059
	Aggregate  (cost=3503.61..3503.62 rows=1 width=8)
	  ->  Bitmap Heap Scan on sbtest1  (cost=29.67..3501.36 rows=901 width=121)
	        Recheck Cond: ((id >= 3695060) AND (id <= 3696059))
	        ->  Bitmap Index Scan on sbtest1_pkey  (cost=0.00..29.44 rows=901 width=0)
	              Index Cond: ((id >= 3695060) AND (id <= 3696059))

table 2 : explain SELECT count(c) FROM sbtest2 WHERE id BETWEEN 1262404 AND 1263403
	Aggregate  (cost=3498.59..3498.60 rows=1 width=8)
	  ->  Bitmap Heap Scan on sbtest2  (cost=29.67..3496.33 rows=901 width=121)
	        Recheck Cond: ((id >= 1262404) AND (id <= 1263403))
	        ->  Bitmap Index Scan on sbtest2_pkey  (cost=0.00..29.44 rows=901 width=0)
	              Index Cond: ((id >= 1262404) AND (id <= 1263403))

table 3 : explain SELECT count(c) FROM sbtest3 WHERE id BETWEEN 9700908 AND 9701907
	Aggregate  (cost=3695.04..3695.05 rows=1 width=8)
	  ->  Bitmap Heap Scan on sbtest3  (cost=34.19..3692.66 rows=952 width=121)
	        Recheck Cond: ((id >= 9700908) AND (id <= 9701907))
	        ->  Bitmap Index Scan on sbtest3_pkey  (cost=0.00..33.95 rows=952 width=0)
	              Index Cond: ((id >= 9700908) AND (id <= 9701907))

table 4 : explain SELECT count(c) FROM sbtest4 WHERE id BETWEEN 1613313 AND 1614312
	Aggregate  (cost=3677.43..3677.44 rows=1 width=8)
	  ->  Bitmap Heap Scan on sbtest4  (cost=34.14..3675.06 rows=947 width=121)
	        Recheck Cond: ((id >= 1613313) AND (id <= 1614312))
	        ->  Bitmap Index Scan on sbtest4_pkey  (cost=0.00..33.91 rows=947 width=0)
	              Index Cond: ((id >= 1613313) AND (id <= 1614312))

table 5 : explain SELECT count(c) FROM sbtest5 WHERE id BETWEEN 3701917 AND 3702916
	Aggregate  (cost=4063.61..4063.62 rows=1 width=8)
	  ->  Bitmap Heap Scan on sbtest5  (cost=35.19..4060.99 rows=1049 width=121)
	        Recheck Cond: ((id >= 3701917) AND (id <= 3702916))
	        ->  Bitmap Index Scan on sbtest5_pkey  (cost=0.00..34.93 rows=1049 width=0)
	              Index Cond: ((id >= 3701917) AND (id <= 3702916))

table 6 : explain SELECT count(c) FROM sbtest6 WHERE id BETWEEN 5374841 AND 5375840
	Aggregate  (cost=4047.17..4047.18 rows=1 width=8)
	  ->  Bitmap Heap Scan on sbtest6  (cost=35.15..4044.56 rows=1045 width=121)
	        Recheck Cond: ((id >= 5374841) AND (id <= 5375840))
	        ->  Bitmap Index Scan on sbtest6_pkey  (cost=0.00..34.89 rows=1045 width=0)
	              Index Cond: ((id >= 5374841) AND (id <= 5375840))

table 7 : explain SELECT count(c) FROM sbtest7 WHERE id BETWEEN 4890735 AND 4891734
	Aggregate  (cost=3874.69..3874.70 rows=1 width=8)
	  ->  Bitmap Heap Scan on sbtest7  (cost=34.67..3872.19 rows=999 width=121)
	        Recheck Cond: ((id >= 4890735) AND (id <= 4891734))
	        ->  Bitmap Index Scan on sbtest7_pkey  (cost=0.00..34.43 rows=999 width=0)
	              Index Cond: ((id >= 4890735) AND (id <= 4891734))

table 8 : explain SELECT count(c) FROM sbtest8 WHERE id BETWEEN 3782570 AND 3783569
	Aggregate  (cost=4078.82..4078.83 rows=1 width=8)
	  ->  Bitmap Heap Scan on sbtest8  (cost=35.23..4076.19 rows=1053 width=121)
	        Recheck Cond: ((id >= 3782570) AND (id <= 3783569))
	        ->  Bitmap Index Scan on sbtest8_pkey  (cost=0.00..34.97 rows=1053 width=0)
	              Index Cond: ((id >= 3782570) AND (id <= 3783569))

for: count_ranges
table 1 : explain SELECT count(c) FROM sbtest1 WHERE id BETWEEN 3813798 AND 3814797
	Aggregate  (cost=3621.08..3621.09 rows=1 width=8)
	  ->  Bitmap Heap Scan on sbtest1  (cost=29.99..3618.75 rows=932 width=121)
	        Recheck Cond: ((id >= 3813798) AND (id <= 3814797))
	        ->  Bitmap Index Scan on sbtest1_pkey  (cost=0.00..29.75 rows=932 width=0)
	              Index Cond: ((id >= 3813798) AND (id <= 3814797))

table 2 : explain SELECT count(c) FROM sbtest2 WHERE id BETWEEN 1947609 AND 1948608
	Aggregate  (cost=3910.37..3910.38 rows=1 width=8)
	  ->  Bitmap Heap Scan on sbtest2  (cost=34.78..3907.85 rows=1009 width=121)
	        Recheck Cond: ((id >= 1947609) AND (id <= 1948608))
	        ->  Bitmap Index Scan on sbtest2_pkey  (cost=0.00..34.53 rows=1009 width=0)
	              Index Cond: ((id >= 1947609) AND (id <= 1948608))

table 3 : explain SELECT count(c) FROM sbtest3 WHERE id BETWEEN 4612569 AND 4613568
	Aggregate  (cost=3910.04..3910.05 rows=1 width=8)
	  ->  Bitmap Heap Scan on sbtest3  (cost=34.78..3907.52 rows=1009 width=121)
	        Recheck Cond: ((id >= 4612569) AND (id <= 4613568))
	        ->  Bitmap Index Scan on sbtest3_pkey  (cost=0.00..34.53 rows=1009 width=0)
	              Index Cond: ((id >= 4612569) AND (id <= 4613568))

table 4 : explain SELECT count(c) FROM sbtest4 WHERE id BETWEEN 9267250 AND 9268249
	Aggregate  (cost=3979.28..3979.29 rows=1 width=8)
	  ->  Bitmap Heap Scan on sbtest4  (cost=34.96..3976.71 rows=1027 width=121)
	        Recheck Cond: ((id >= 9267250) AND (id <= 9268249))
	        ->  Bitmap Index Scan on sbtest4_pkey  (cost=0.00..34.70 rows=1027 width=0)
	              Index Cond: ((id >= 9267250) AND (id <= 9268249))

table 5 : explain SELECT count(c) FROM sbtest5 WHERE id BETWEEN 5199753 AND 5200752
	Aggregate  (cost=3886.41..3886.42 rows=1 width=8)
	  ->  Bitmap Heap Scan on sbtest5  (cost=34.71..3883.91 rows=1002 width=121)
	        Recheck Cond: ((id >= 5199753) AND (id <= 5200752))
	        ->  Bitmap Index Scan on sbtest5_pkey  (cost=0.00..34.45 rows=1002 width=0)
	              Index Cond: ((id >= 5199753) AND (id <= 5200752))

table 6 : explain SELECT count(c) FROM sbtest6 WHERE id BETWEEN 8696471 AND 8697470
	Aggregate  (cost=4088.59..4088.60 rows=1 width=8)
	  ->  Bitmap Heap Scan on sbtest6  (cost=35.26..4085.95 rows=1056 width=121)
	        Recheck Cond: ((id >= 8696471) AND (id <= 8697470))
	        ->  Bitmap Index Scan on sbtest6_pkey  (cost=0.00..35.00 rows=1056 width=0)
	              Index Cond: ((id >= 8696471) AND (id <= 8697470))

table 7 : explain SELECT count(c) FROM sbtest7 WHERE id BETWEEN 6568376 AND 6569375
	Aggregate  (cost=3651.85..3651.86 rows=1 width=8)
	  ->  Bitmap Heap Scan on sbtest7  (cost=34.07..3649.50 rows=940 width=121)
	        Recheck Cond: ((id >= 6568376) AND (id <= 6569375))
	        ->  Bitmap Index Scan on sbtest7_pkey  (cost=0.00..33.84 rows=940 width=0)
	              Index Cond: ((id >= 6568376) AND (id <= 6569375))

table 8 : explain SELECT count(c) FROM sbtest8 WHERE id BETWEEN 3550460 AND 3551459
	Aggregate  (cost=3716.60..3716.61 rows=1 width=8)
	  ->  Bitmap Heap Scan on sbtest8  (cost=34.24..3714.21 rows=957 width=121)
	        Recheck Cond: ((id >= 3550460) AND (id <= 3551459))
	        ->  Bitmap Index Scan on sbtest8_pkey  (cost=0.00..34.01 rows=957 width=0)
	              Index Cond: ((id >= 3550460) AND (id <= 3551459))

for: count_ranges
table 1 : explain SELECT count(c) FROM sbtest1 WHERE id BETWEEN 315390 AND 316389
	Aggregate  (cost=3681.88..3681.89 rows=1 width=8)
	  ->  Bitmap Heap Scan on sbtest1  (cost=34.14..3679.51 rows=947 width=121)
	        Recheck Cond: ((id >= 315390) AND (id <= 316389))
	        ->  Bitmap Index Scan on sbtest1_pkey  (cost=0.00..33.91 rows=947 width=0)
	              Index Cond: ((id >= 315390) AND (id <= 316389))

table 2 : explain SELECT count(c) FROM sbtest2 WHERE id BETWEEN 8988121 AND 8989120
	Aggregate  (cost=3801.03..3801.04 rows=1 width=8)
	  ->  Bitmap Heap Scan on sbtest2  (cost=34.48..3798.58 rows=980 width=121)
	        Recheck Cond: ((id >= 8988121) AND (id <= 8989120))
	        ->  Bitmap Index Scan on sbtest2_pkey  (cost=0.00..34.23 rows=980 width=0)
	              Index Cond: ((id >= 8988121) AND (id <= 8989120))

table 3 : explain SELECT count(c) FROM sbtest3 WHERE id BETWEEN 5317528 AND 5318527
	Aggregate  (cost=3630.62..3630.63 rows=1 width=8)
	  ->  Bitmap Heap Scan on sbtest3  (cost=30.03..3628.28 rows=936 width=121)
	        Recheck Cond: ((id >= 5317528) AND (id <= 5318527))
	        ->  Bitmap Index Scan on sbtest3_pkey  (cost=0.00..29.79 rows=936 width=0)
	              Index Cond: ((id >= 5317528) AND (id <= 5318527))

table 4 : explain SELECT count(c) FROM sbtest4 WHERE id BETWEEN 4240551 AND 4241550
	Aggregate  (cost=3529.76..3529.77 rows=1 width=8)
	  ->  Bitmap Heap Scan on sbtest4  (cost=29.75..3527.48 rows=909 width=121)
	        Recheck Cond: ((id >= 4240551) AND (id <= 4241550))
	        ->  Bitmap Index Scan on sbtest4_pkey  (cost=0.00..29.52 rows=909 width=0)
	              Index Cond: ((id >= 4240551) AND (id <= 4241550))

table 5 : explain SELECT count(c) FROM sbtest5 WHERE id BETWEEN 1877966 AND 1878965
	Aggregate  (cost=4120.11..4120.12 rows=1 width=8)
	  ->  Bitmap Heap Scan on sbtest5  (cost=35.34..4117.45 rows=1064 width=121)
	        Recheck Cond: ((id >= 1877966) AND (id <= 1878965))
	        ->  Bitmap Index Scan on sbtest5_pkey  (cost=0.00..35.08 rows=1064 width=0)
	              Index Cond: ((id >= 1877966) AND (id <= 1878965))

table 6 : explain SELECT count(c) FROM sbtest6 WHERE id BETWEEN 6931346 AND 6932345
	Aggregate  (cost=4126.22..4126.23 rows=1 width=8)
	  ->  Bitmap Heap Scan on sbtest6  (cost=35.36..4123.56 rows=1066 width=121)
	        Recheck Cond: ((id >= 6931346) AND (id <= 6932345))
	        ->  Bitmap Index Scan on sbtest6_pkey  (cost=0.00..35.09 rows=1066 width=0)
	              Index Cond: ((id >= 6931346) AND (id <= 6932345))

table 7 : explain SELECT count(c) FROM sbtest7 WHERE id BETWEEN 2040298 AND 2041297
	Aggregate  (cost=3628.95..3628.96 rows=1 width=8)
	  ->  Bitmap Heap Scan on sbtest7  (cost=30.02..3626.61 rows=935 width=121)
	        Recheck Cond: ((id >= 2040298) AND (id <= 2041297))
	        ->  Bitmap Index Scan on sbtest7_pkey  (cost=0.00..29.79 rows=935 width=0)
	              Index Cond: ((id >= 2040298) AND (id <= 2041297))

table 8 : explain SELECT count(c) FROM sbtest8 WHERE id BETWEEN 2240241 AND 2241240
	Aggregate  (cost=4014.76..4014.77 rows=1 width=8)
	  ->  Bitmap Heap Scan on sbtest8  (cost=35.05..4012.17 rows=1036 width=121)
	        Recheck Cond: ((id >= 2240241) AND (id <= 2241240))
	        ->  Bitmap Index Scan on sbtest8_pkey  (cost=0.00..34.80 rows=1036 width=0)
	              Index Cond: ((id >= 2240241) AND (id <= 2241240))

for: count_ranges
table 1 : explain SELECT count(c) FROM sbtest1 WHERE id BETWEEN 4370419 AND 4371418
	Aggregate  (cost=3923.88..3923.89 rows=1 width=8)
	  ->  Bitmap Heap Scan on sbtest1  (cost=34.80..3921.36 rows=1011 width=121)
	        Recheck Cond: ((id >= 4370419) AND (id <= 4371418))
	        ->  Bitmap Index Scan on sbtest1_pkey  (cost=0.00..34.55 rows=1011 width=0)
	              Index Cond: ((id >= 4370419) AND (id <= 4371418))

table 2 : explain SELECT count(c) FROM sbtest2 WHERE id BETWEEN 3187707 AND 3188706
	Aggregate  (cost=3831.20..3831.21 rows=1 width=8)
	  ->  Bitmap Heap Scan on sbtest2  (cost=34.56..3828.73 rows=988 width=121)
	        Recheck Cond: ((id >= 3187707) AND (id <= 3188706))
	        ->  Bitmap Index Scan on sbtest2_pkey  (cost=0.00..34.32 rows=988 width=0)
	              Index Cond: ((id >= 3187707) AND (id <= 3188706))

table 3 : explain SELECT count(c) FROM sbtest3 WHERE id BETWEEN 4444858 AND 4445857
	Aggregate  (cost=3857.28..3857.29 rows=1 width=8)
	  ->  Bitmap Heap Scan on sbtest3  (cost=34.63..3854.79 rows=995 width=121)
	        Recheck Cond: ((id >= 4444858) AND (id <= 4445857))
	        ->  Bitmap Index Scan on sbtest3_pkey  (cost=0.00..34.39 rows=995 width=0)
	              Index Cond: ((id >= 4444858) AND (id <= 4445857))

table 4 : explain SELECT count(c) FROM sbtest4 WHERE id BETWEEN 1283482 AND 1284481
	Aggregate  (cost=4035.79..4035.80 rows=1 width=8)
	  ->  Bitmap Heap Scan on sbtest4  (cost=35.12..4033.18 rows=1042 width=121)
	        Recheck Cond: ((id >= 1283482) AND (id <= 1284481))
	        ->  Bitmap Index Scan on sbtest4_pkey  (cost=0.00..34.86 rows=1042 width=0)
	              Index Cond: ((id >= 1283482) AND (id <= 1284481))

table 5 : explain SELECT count(c) FROM sbtest5 WHERE id BETWEEN 1499450 AND 1500449
	Aggregate  (cost=3724.04..3724.05 rows=1 width=8)
	  ->  Bitmap Heap Scan on sbtest5  (cost=34.26..3721.64 rows=959 width=121)
	        Recheck Cond: ((id >= 1499450) AND (id <= 1500449))
	        ->  Bitmap Index Scan on sbtest5_pkey  (cost=0.00..34.03 rows=959 width=0)
	              Index Cond: ((id >= 1499450) AND (id <= 1500449))

table 6 : explain SELECT count(c) FROM sbtest6 WHERE id BETWEEN 1298062 AND 1299061
	Aggregate  (cost=4160.09..4160.10 rows=1 width=8)
	  ->  Bitmap Heap Scan on sbtest6  (cost=35.45..4157.40 rows=1075 width=121)
	        Recheck Cond: ((id >= 1298062) AND (id <= 1299061))
	        ->  Bitmap Index Scan on sbtest6_pkey  (cost=0.00..35.19 rows=1075 width=0)
	              Index Cond: ((id >= 1298062) AND (id <= 1299061))

table 7 : explain SELECT count(c) FROM sbtest7 WHERE id BETWEEN 1904030 AND 1905029
	Aggregate  (cost=3919.95..3919.96 rows=1 width=8)
	  ->  Bitmap Heap Scan on sbtest7  (cost=34.80..3917.43 rows=1011 width=121)
	        Recheck Cond: ((id >= 1904030) AND (id <= 1905029))
	        ->  Bitmap Index Scan on sbtest7_pkey  (cost=0.00..34.55 rows=1011 width=0)
	              Index Cond: ((id >= 1904030) AND (id <= 1905029))

table 8 : explain SELECT count(c) FROM sbtest8 WHERE id BETWEEN 54437 AND 55436
	Aggregate  (cost=3924.26..3924.27 rows=1 width=8)
	  ->  Bitmap Heap Scan on sbtest8  (cost=34.81..3921.73 rows=1012 width=121)
	        Recheck Cond: ((id >= 54437) AND (id <= 55436))
	        ->  Bitmap Index Scan on sbtest8_pkey  (cost=0.00..34.56 rows=1012 width=0)
	              Index Cond: ((id >= 54437) AND (id <= 55436))

for: count_ranges
table 1 : explain SELECT count(c) FROM sbtest1 WHERE id BETWEEN 4305617 AND 4306616
	Aggregate  (cost=3882.33..3882.34 rows=1 width=8)
	  ->  Bitmap Heap Scan on sbtest1  (cost=34.69..3879.83 rows=1000 width=121)
	        Recheck Cond: ((id >= 4305617) AND (id <= 4306616))
	        ->  Bitmap Index Scan on sbtest1_pkey  (cost=0.00..34.44 rows=1000 width=0)
	              Index Cond: ((id >= 4305617) AND (id <= 4306616))

table 2 : explain SELECT count(c) FROM sbtest2 WHERE id BETWEEN 1309058 AND 1310057
	Aggregate  (cost=3498.59..3498.60 rows=1 width=8)
	  ->  Bitmap Heap Scan on sbtest2  (cost=29.67..3496.33 rows=901 width=121)
	        Recheck Cond: ((id >= 1309058) AND (id <= 1310057))
	        ->  Bitmap Index Scan on sbtest2_pkey  (cost=0.00..29.44 rows=901 width=0)
	              Index Cond: ((id >= 1309058) AND (id <= 1310057))

table 3 : explain SELECT count(c) FROM sbtest3 WHERE id BETWEEN 7171813 AND 7172812
	Aggregate  (cost=3781.85..3781.86 rows=1 width=8)
	  ->  Bitmap Heap Scan on sbtest3  (cost=34.43..3779.41 rows=975 width=121)
	        Recheck Cond: ((id >= 7171813) AND (id <= 7172812))
	        ->  Bitmap Index Scan on sbtest3_pkey  (cost=0.00..34.19 rows=975 width=0)
	              Index Cond: ((id >= 7171813) AND (id <= 7172812))

table 4 : explain SELECT count(c) FROM sbtest4 WHERE id BETWEEN 117968 AND 118967
	Aggregate  (cost=4186.33..4186.34 rows=1 width=8)
	  ->  Bitmap Heap Scan on sbtest4  (cost=35.53..4183.63 rows=1082 width=121)
	        Recheck Cond: ((id >= 117968) AND (id <= 118967))
	        ->  Bitmap Index Scan on sbtest4_pkey  (cost=0.00..35.26 rows=1082 width=0)
	              Index Cond: ((id >= 117968) AND (id <= 118967))

table 5 : explain SELECT count(c) FROM sbtest5 WHERE id BETWEEN 3379 AND 4378
	Aggregate  (cost=3984.47..3984.48 rows=1 width=8)
	  ->  Bitmap Heap Scan on sbtest5  (cost=34.97..3981.90 rows=1028 width=121)
	        Recheck Cond: ((id >= 3379) AND (id <= 4378))
	        ->  Bitmap Index Scan on sbtest5_pkey  (cost=0.00..34.72 rows=1028 width=0)
	              Index Cond: ((id >= 3379) AND (id <= 4378))

table 6 : explain SELECT count(c) FROM sbtest6 WHERE id BETWEEN 9078649 AND 9079648
	Aggregate  (cost=3934.14..3934.15 rows=1 width=8)
	  ->  Bitmap Heap Scan on sbtest6  (cost=34.84..3931.60 rows=1015 width=121)
	        Recheck Cond: ((id >= 9078649) AND (id <= 9079648))
	        ->  Bitmap Index Scan on sbtest6_pkey  (cost=0.00..34.59 rows=1015 width=0)
	              Index Cond: ((id >= 9078649) AND (id <= 9079648))

table 7 : explain SELECT count(c) FROM sbtest7 WHERE id BETWEEN 4651763 AND 4652762
	Aggregate  (cost=3632.73..3632.74 rows=1 width=8)
	  ->  Bitmap Heap Scan on sbtest7  (cost=30.03..3630.39 rows=936 width=121)
	        Recheck Cond: ((id >= 4651763) AND (id <= 4652762))
	        ->  Bitmap Index Scan on sbtest7_pkey  (cost=0.00..29.79 rows=936 width=0)
	              Index Cond: ((id >= 4651763) AND (id <= 4652762))

table 8 : explain SELECT count(c) FROM sbtest8 WHERE id BETWEEN 145778 AND 146777
	Aggregate  (cost=3606.73..3606.74 rows=1 width=8)
	  ->  Bitmap Heap Scan on sbtest8  (cost=29.96..3604.41 rows=929 width=121)
	        Recheck Cond: ((id >= 145778) AND (id <= 146777))
	        ->  Bitmap Index Scan on sbtest8_pkey  (cost=0.00..29.72 rows=929 width=0)
	              Index Cond: ((id >= 145778) AND (id <= 146777))

for: count_ranges
table 1 : explain SELECT count(c) FROM sbtest1 WHERE id BETWEEN 4255776 AND 4256775
	Aggregate  (cost=3882.33..3882.34 rows=1 width=8)
	  ->  Bitmap Heap Scan on sbtest1  (cost=34.69..3879.83 rows=1000 width=121)
	        Recheck Cond: ((id >= 4255776) AND (id <= 4256775))
	        ->  Bitmap Index Scan on sbtest1_pkey  (cost=0.00..34.44 rows=1000 width=0)
	              Index Cond: ((id >= 4255776) AND (id <= 4256775))

table 2 : explain SELECT count(c) FROM sbtest2 WHERE id BETWEEN 2047048 AND 2048047
	Aggregate  (cost=3687.79..3687.80 rows=1 width=8)
	  ->  Bitmap Heap Scan on sbtest2  (cost=34.17..3685.42 rows=950 width=121)
	        Recheck Cond: ((id >= 2047048) AND (id <= 2048047))
	        ->  Bitmap Index Scan on sbtest2_pkey  (cost=0.00..33.94 rows=950 width=0)
	              Index Cond: ((id >= 2047048) AND (id <= 2048047))

table 3 : explain SELECT count(c) FROM sbtest3 WHERE id BETWEEN 6231105 AND 6232104
	Aggregate  (cost=3830.88..3830.89 rows=1 width=8)
	  ->  Bitmap Heap Scan on sbtest3  (cost=34.56..3828.41 rows=988 width=121)
	        Recheck Cond: ((id >= 6231105) AND (id <= 6232104))
	        ->  Bitmap Index Scan on sbtest3_pkey  (cost=0.00..34.32 rows=988 width=0)
	              Index Cond: ((id >= 6231105) AND (id <= 6232104))

table 4 : explain SELECT count(c) FROM sbtest4 WHERE id BETWEEN 9180875 AND 9181874
	Aggregate  (cost=3802.04..3802.05 rows=1 width=8)
	  ->  Bitmap Heap Scan on sbtest4  (cost=34.48..3799.59 rows=980 width=121)
	        Recheck Cond: ((id >= 9180875) AND (id <= 9181874))
	        ->  Bitmap Index Scan on sbtest4_pkey  (cost=0.00..34.23 rows=980 width=0)
	              Index Cond: ((id >= 9180875) AND (id <= 9181874))

table 5 : explain SELECT count(c) FROM sbtest5 WHERE id BETWEEN 6573781 AND 6574780
	Aggregate  (cost=3705.15..3705.16 rows=1 width=8)
	  ->  Bitmap Heap Scan on sbtest5  (cost=34.21..3702.76 rows=954 width=121)
	        Recheck Cond: ((id >= 6573781) AND (id <= 6574780))
	        ->  Bitmap Index Scan on sbtest5_pkey  (cost=0.00..33.98 rows=954 width=0)
	              Index Cond: ((id >= 6573781) AND (id <= 6574780))

table 6 : explain SELECT count(c) FROM sbtest6 WHERE id BETWEEN 2346262 AND 2347261
	Aggregate  (cost=4020.80..4020.81 rows=1 width=8)
	  ->  Bitmap Heap Scan on sbtest6  (cost=35.07..4018.21 rows=1038 width=121)
	        Recheck Cond: ((id >= 2346262) AND (id <= 2347261))
	        ->  Bitmap Index Scan on sbtest6_pkey  (cost=0.00..34.82 rows=1038 width=0)
	              Index Cond: ((id >= 2346262) AND (id <= 2347261))

table 7 : explain SELECT count(c) FROM sbtest7 WHERE id BETWEEN 7764042 AND 7765041
	Aggregate  (cost=4002.90..4002.91 rows=1 width=8)
	  ->  Bitmap Heap Scan on sbtest7  (cost=35.02..4000.31 rows=1033 width=121)
	        Recheck Cond: ((id >= 7764042) AND (id <= 7765041))
	        ->  Bitmap Index Scan on sbtest7_pkey  (cost=0.00..34.77 rows=1033 width=0)
	              Index Cond: ((id >= 7764042) AND (id <= 7765041))

table 8 : explain SELECT count(c) FROM sbtest8 WHERE id BETWEEN 5991681 AND 5992680
	Aggregate  (cost=3421.21..3421.22 rows=1 width=8)
	  ->  Bitmap Heap Scan on sbtest8  (cost=29.45..3419.01 rows=880 width=121)
	        Recheck Cond: ((id >= 5991681) AND (id <= 5992680))
	        ->  Bitmap Index Scan on sbtest8_pkey  (cost=0.00..29.23 rows=880 width=0)
	              Index Cond: ((id >= 5991681) AND (id <= 5992680))

for: count_ranges
table 1 : explain SELECT count(c) FROM sbtest1 WHERE id BETWEEN 9448260 AND 9449259
	Aggregate  (cost=3693.23..3693.24 rows=1 width=8)
	  ->  Bitmap Heap Scan on sbtest1  (cost=34.17..3690.86 rows=950 width=121)
	        Recheck Cond: ((id >= 9448260) AND (id <= 9449259))
	        ->  Bitmap Index Scan on sbtest1_pkey  (cost=0.00..33.94 rows=950 width=0)
	              Index Cond: ((id >= 9448260) AND (id <= 9449259))

table 2 : explain SELECT count(c) FROM sbtest2 WHERE id BETWEEN 9110843 AND 9111842
	Aggregate  (cost=3767.07..3767.08 rows=1 width=8)
	  ->  Bitmap Heap Scan on sbtest2  (cost=34.39..3764.64 rows=971 width=121)
	        Recheck Cond: ((id >= 9110843) AND (id <= 9111842))
	        ->  Bitmap Index Scan on sbtest2_pkey  (cost=0.00..34.15 rows=971 width=0)
	              Index Cond: ((id >= 9110843) AND (id <= 9111842))

table 3 : explain SELECT count(c) FROM sbtest3 WHERE id BETWEEN 6855531 AND 6856530
	Aggregate  (cost=3819.57..3819.58 rows=1 width=8)
	  ->  Bitmap Heap Scan on sbtest3  (cost=34.53..3817.11 rows=985 width=121)
	        Recheck Cond: ((id >= 6855531) AND (id <= 6856530))
	        ->  Bitmap Index Scan on sbtest3_pkey  (cost=0.00..34.29 rows=985 width=0)
	              Index Cond: ((id >= 6855531) AND (id <= 6856530))

table 4 : explain SELECT count(c) FROM sbtest4 WHERE id BETWEEN 9207102 AND 9208101
	Aggregate  (cost=3802.04..3802.05 rows=1 width=8)
	  ->  Bitmap Heap Scan on sbtest4  (cost=34.48..3799.59 rows=980 width=121)
	        Recheck Cond: ((id >= 9207102) AND (id <= 9208101))
	        ->  Bitmap Index Scan on sbtest4_pkey  (cost=0.00..34.23 rows=980 width=0)
	              Index Cond: ((id >= 9207102) AND (id <= 9208101))

table 5 : explain SELECT count(c) FROM sbtest5 WHERE id BETWEEN 5889465 AND 5890464
	Aggregate  (cost=4003.32..4003.33 rows=1 width=8)
	  ->  Bitmap Heap Scan on sbtest5  (cost=35.02..4000.74 rows=1033 width=121)
	        Recheck Cond: ((id >= 5889465) AND (id <= 5890464))
	        ->  Bitmap Index Scan on sbtest5_pkey  (cost=0.00..34.77 rows=1033 width=0)
	              Index Cond: ((id >= 5889465) AND (id <= 5890464))

table 6 : explain SELECT count(c) FROM sbtest6 WHERE id BETWEEN 1264488 AND 1265487
	Aggregate  (cost=3348.06..3348.07 rows=1 width=8)
	  ->  Bitmap Heap Scan on sbtest6  (cost=29.26..3345.91 rows=861 width=121)
	        Recheck Cond: ((id >= 1264488) AND (id <= 1265487))
	        ->  Bitmap Index Scan on sbtest6_pkey  (cost=0.00..29.04 rows=861 width=0)
	              Index Cond: ((id >= 1264488) AND (id <= 1265487))

table 7 : explain SELECT count(c) FROM sbtest7 WHERE id BETWEEN 6775999 AND 6776998
	Aggregate  (cost=3628.95..3628.96 rows=1 width=8)
	  ->  Bitmap Heap Scan on sbtest7  (cost=30.02..3626.61 rows=935 width=121)
	        Recheck Cond: ((id >= 6775999) AND (id <= 6776998))
	        ->  Bitmap Index Scan on sbtest7_pkey  (cost=0.00..29.79 rows=935 width=0)
	              Index Cond: ((id >= 6775999) AND (id <= 6776998))

table 8 : explain SELECT count(c) FROM sbtest8 WHERE id BETWEEN 8103308 AND 8104307
	Aggregate  (cost=4191.77..4191.78 rows=1 width=8)
	  ->  Bitmap Heap Scan on sbtest8  (cost=35.54..4189.07 rows=1083 width=121)
	        Recheck Cond: ((id >= 8103308) AND (id <= 8104307))
	        ->  Bitmap Index Scan on sbtest8_pkey  (cost=0.00..35.27 rows=1083 width=0)
	              Index Cond: ((id >= 8103308) AND (id <= 8104307))

for: count_ranges
table 1 : explain SELECT count(c) FROM sbtest1 WHERE id BETWEEN 5240946 AND 5241945
	Aggregate  (cost=4025.83..4025.84 rows=1 width=8)
	  ->  Bitmap Heap Scan on sbtest1  (cost=35.07..4023.23 rows=1038 width=121)
	        Recheck Cond: ((id >= 5240946) AND (id <= 5241945))
	        ->  Bitmap Index Scan on sbtest1_pkey  (cost=0.00..34.82 rows=1038 width=0)
	              Index Cond: ((id >= 5240946) AND (id <= 5241945))

table 2 : explain SELECT count(c) FROM sbtest2 WHERE id BETWEEN 5452338 AND 5453337
	Aggregate  (cost=3948.05..3948.06 rows=1 width=8)
	  ->  Bitmap Heap Scan on sbtest2  (cost=34.88..3945.51 rows=1019 width=121)
	        Recheck Cond: ((id >= 5452338) AND (id <= 5453337))
	        ->  Bitmap Index Scan on sbtest2_pkey  (cost=0.00..34.62 rows=1019 width=0)
	              Index Cond: ((id >= 5452338) AND (id <= 5453337))

table 3 : explain SELECT count(c) FROM sbtest3 WHERE id BETWEEN 7595718 AND 7596717
	Aggregate  (cost=3951.49..3951.50 rows=1 width=8)
	  ->  Bitmap Heap Scan on sbtest3  (cost=34.89..3948.94 rows=1020 width=121)
	        Recheck Cond: ((id >= 7595718) AND (id <= 7596717))
	        ->  Bitmap Index Scan on sbtest3_pkey  (cost=0.00..34.64 rows=1020 width=0)
	              Index Cond: ((id >= 7595718) AND (id <= 7596717))

table 4 : explain SELECT count(c) FROM sbtest4 WHERE id BETWEEN 1333669 AND 1334668
	Aggregate  (cost=3688.76..3688.77 rows=1 width=8)
	  ->  Bitmap Heap Scan on sbtest4  (cost=34.17..3686.39 rows=950 width=121)
	        Recheck Cond: ((id >= 1333669) AND (id <= 1334668))
	        ->  Bitmap Index Scan on sbtest4_pkey  (cost=0.00..33.94 rows=950 width=0)
	              Index Cond: ((id >= 1333669) AND (id <= 1334668))

table 5 : explain SELECT count(c) FROM sbtest5 WHERE id BETWEEN 4613948 AND 4614947
	Aggregate  (cost=3950.54..3950.55 rows=1 width=8)
	  ->  Bitmap Heap Scan on sbtest5  (cost=34.88..3947.99 rows=1019 width=121)
	        Recheck Cond: ((id >= 4613948) AND (id <= 4614947))
	        ->  Bitmap Index Scan on sbtest5_pkey  (cost=0.00..34.62 rows=1019 width=0)
	              Index Cond: ((id >= 4613948) AND (id <= 4614947))

table 6 : explain SELECT count(c) FROM sbtest6 WHERE id BETWEEN 4337742 AND 4338741
	Aggregate  (cost=3994.43..3994.44 rows=1 width=8)
	  ->  Bitmap Heap Scan on sbtest6  (cost=35.00..3991.86 rows=1031 width=121)
	        Recheck Cond: ((id >= 4337742) AND (id <= 4338741))
	        ->  Bitmap Index Scan on sbtest6_pkey  (cost=0.00..34.75 rows=1031 width=0)
	              Index Cond: ((id >= 4337742) AND (id <= 4338741))

table 7 : explain SELECT count(c) FROM sbtest7 WHERE id BETWEEN 5219832 AND 5220831
	Aggregate  (cost=3666.97..3666.98 rows=1 width=8)
	  ->  Bitmap Heap Scan on sbtest7  (cost=34.11..3664.61 rows=944 width=121)
	        Recheck Cond: ((id >= 5219832) AND (id <= 5220831))
	        ->  Bitmap Index Scan on sbtest7_pkey  (cost=0.00..33.88 rows=944 width=0)
	              Index Cond: ((id >= 5219832) AND (id <= 5220831))

table 8 : explain SELECT count(c) FROM sbtest8 WHERE id BETWEEN 4120267 AND 4121266
	Aggregate  (cost=4033.60..4033.61 rows=1 width=8)
	  ->  Bitmap Heap Scan on sbtest8  (cost=35.11..4031.00 rows=1041 width=121)
	        Recheck Cond: ((id >= 4120267) AND (id <= 4121266))
	        ->  Bitmap Index Scan on sbtest8_pkey  (cost=0.00..34.84 rows=1041 width=0)
	              Index Cond: ((id >= 4120267) AND (id <= 4121266))

for: count_ranges
table 1 : explain SELECT count(c) FROM sbtest1 WHERE id BETWEEN 6915437 AND 6916436
	Aggregate  (cost=3757.56..3757.57 rows=1 width=8)
	  ->  Bitmap Heap Scan on sbtest1  (cost=34.35..3755.14 rows=967 width=121)
	        Recheck Cond: ((id >= 6915437) AND (id <= 6916436))
	        ->  Bitmap Index Scan on sbtest1_pkey  (cost=0.00..34.11 rows=967 width=0)
	              Index Cond: ((id >= 6915437) AND (id <= 6916436))

table 2 : explain SELECT count(c) FROM sbtest2 WHERE id BETWEEN 2723593 AND 2724592
	Aggregate  (cost=3695.34..3695.35 rows=1 width=8)
	  ->  Bitmap Heap Scan on sbtest2  (cost=34.19..3692.96 rows=952 width=121)
	        Recheck Cond: ((id >= 2723593) AND (id <= 2724592))
	        ->  Bitmap Index Scan on sbtest2_pkey  (cost=0.00..33.95 rows=952 width=0)
	              Index Cond: ((id >= 2723593) AND (id <= 2724592))

table 3 : explain SELECT count(c) FROM sbtest3 WHERE id BETWEEN 559448 AND 560447
	Aggregate  (cost=3966.55..3966.56 rows=1 width=8)
	  ->  Bitmap Heap Scan on sbtest3  (cost=34.93..3963.99 rows=1024 width=121)
	        Recheck Cond: ((id >= 559448) AND (id <= 560447))
	        ->  Bitmap Index Scan on sbtest3_pkey  (cost=0.00..34.68 rows=1024 width=0)
	              Index Cond: ((id >= 559448) AND (id <= 560447))

table 4 : explain SELECT count(c) FROM sbtest4 WHERE id BETWEEN 3530368 AND 3531367
	Aggregate  (cost=3749.19..3749.20 rows=1 width=8)
	  ->  Bitmap Heap Scan on sbtest4  (cost=34.34..3746.78 rows=966 width=121)
	        Recheck Cond: ((id >= 3530368) AND (id <= 3531367))
	        ->  Bitmap Index Scan on sbtest4_pkey  (cost=0.00..34.09 rows=966 width=0)
	              Index Cond: ((id >= 3530368) AND (id <= 3531367))

table 5 : explain SELECT count(c) FROM sbtest5 WHERE id BETWEEN 1129008 AND 1130007
	Aggregate  (cost=3980.70..3980.71 rows=1 width=8)
	  ->  Bitmap Heap Scan on sbtest5  (cost=34.96..3978.14 rows=1027 width=121)
	        Recheck Cond: ((id >= 1129008) AND (id <= 1130007))
	        ->  Bitmap Index Scan on sbtest5_pkey  (cost=0.00..34.70 rows=1027 width=0)
	              Index Cond: ((id >= 1129008) AND (id <= 1130007))

table 6 : explain SELECT count(c) FROM sbtest6 WHERE id BETWEEN 1193169 AND 1194168
	Aggregate  (cost=3348.06..3348.07 rows=1 width=8)
	  ->  Bitmap Heap Scan on sbtest6  (cost=29.26..3345.91 rows=861 width=121)
	        Recheck Cond: ((id >= 1193169) AND (id <= 1194168))
	        ->  Bitmap Index Scan on sbtest6_pkey  (cost=0.00..29.04 rows=861 width=0)
	              Index Cond: ((id >= 1193169) AND (id <= 1194168))

table 7 : explain SELECT count(c) FROM sbtest7 WHERE id BETWEEN 407584 AND 408583
	Aggregate  (cost=4014.20..4014.21 rows=1 width=8)
	  ->  Bitmap Heap Scan on sbtest7  (cost=35.05..4011.61 rows=1036 width=121)
	        Recheck Cond: ((id >= 407584) AND (id <= 408583))
	        ->  Bitmap Index Scan on sbtest7_pkey  (cost=0.00..34.80 rows=1036 width=0)
	              Index Cond: ((id >= 407584) AND (id <= 408583))

table 8 : explain SELECT count(c) FROM sbtest8 WHERE id BETWEEN 6095752 AND 6096751
	Aggregate  (cost=3909.17..3909.18 rows=1 width=8)
	  ->  Bitmap Heap Scan on sbtest8  (cost=34.77..3906.65 rows=1008 width=121)
	        Recheck Cond: ((id >= 6095752) AND (id <= 6096751))
	        ->  Bitmap Index Scan on sbtest8_pkey  (cost=0.00..34.52 rows=1008 width=0)
	              Index Cond: ((id >= 6095752) AND (id <= 6096751))

for: count_ranges
table 1 : explain SELECT count(c) FROM sbtest1 WHERE id BETWEEN 8123466 AND 8124465
	Aggregate  (cost=3632.44..3632.45 rows=1 width=8)
	  ->  Bitmap Heap Scan on sbtest1  (cost=30.02..3630.11 rows=935 width=121)
	        Recheck Cond: ((id >= 8123466) AND (id <= 8124465))
	        ->  Bitmap Index Scan on sbtest1_pkey  (cost=0.00..29.79 rows=935 width=0)
	              Index Cond: ((id >= 8123466) AND (id <= 8124465))

table 2 : explain SELECT count(c) FROM sbtest2 WHERE id BETWEEN 5817262 AND 5818261
	Aggregate  (cost=4072.31..4072.32 rows=1 width=8)
	  ->  Bitmap Heap Scan on sbtest2  (cost=35.22..4069.68 rows=1052 width=121)
	        Recheck Cond: ((id >= 5817262) AND (id <= 5818261))
	        ->  Bitmap Index Scan on sbtest2_pkey  (cost=0.00..34.95 rows=1052 width=0)
	              Index Cond: ((id >= 5817262) AND (id <= 5818261))

table 3 : explain SELECT count(c) FROM sbtest3 WHERE id BETWEEN 7226927 AND 7227926
	Aggregate  (cost=3781.85..3781.86 rows=1 width=8)
	  ->  Bitmap Heap Scan on sbtest3  (cost=34.43..3779.41 rows=975 width=121)
	        Recheck Cond: ((id >= 7226927) AND (id <= 7227926))
	        ->  Bitmap Index Scan on sbtest3_pkey  (cost=0.00..34.19 rows=975 width=0)
	              Index Cond: ((id >= 7226927) AND (id <= 7227926))

table 4 : explain SELECT count(c) FROM sbtest4 WHERE id BETWEEN 5061206 AND 5062205
	Aggregate  (cost=3613.18..3613.19 rows=1 width=8)
	  ->  Bitmap Heap Scan on sbtest4  (cost=33.97..3610.85 rows=930 width=121)
	        Recheck Cond: ((id >= 5061206) AND (id <= 5062205))
	        ->  Bitmap Index Scan on sbtest4_pkey  (cost=0.00..33.73 rows=930 width=0)
	              Index Cond: ((id >= 5061206) AND (id <= 5062205))

table 5 : explain SELECT count(c) FROM sbtest5 WHERE id BETWEEN 2482049 AND 2483048
	Aggregate  (cost=3746.71..3746.72 rows=1 width=8)
	  ->  Bitmap Heap Scan on sbtest5  (cost=34.33..3744.30 rows=965 width=121)
	        Recheck Cond: ((id >= 2482049) AND (id <= 2483048))
	        ->  Bitmap Index Scan on sbtest5_pkey  (cost=0.00..34.09 rows=965 width=0)
	              Index Cond: ((id >= 2482049) AND (id <= 2483048))

table 6 : explain SELECT count(c) FROM sbtest6 WHERE id BETWEEN 8107785 AND 8108784
	Aggregate  (cost=3590.34..3590.35 rows=1 width=8)
	  ->  Bitmap Heap Scan on sbtest6  (cost=29.92..3588.03 rows=925 width=121)
	        Recheck Cond: ((id >= 8107785) AND (id <= 8108784))
	        ->  Bitmap Index Scan on sbtest6_pkey  (cost=0.00..29.68 rows=925 width=0)
	              Index Cond: ((id >= 8107785) AND (id <= 8108784))

table 7 : explain SELECT count(c) FROM sbtest7 WHERE id BETWEEN 1350805 AND 1351804
	Aggregate  (cost=3863.37..3863.38 rows=1 width=8)
	  ->  Bitmap Heap Scan on sbtest7  (cost=34.64..3860.88 rows=996 width=121)
	        Recheck Cond: ((id >= 1350805) AND (id <= 1351804))
	        ->  Bitmap Index Scan on sbtest7_pkey  (cost=0.00..34.40 rows=996 width=0)
	              Index Cond: ((id >= 1350805) AND (id <= 1351804))

table 8 : explain SELECT count(c) FROM sbtest8 WHERE id BETWEEN 4743811 AND 4744810
	Aggregate  (cost=3602.95..3602.96 rows=1 width=8)
	  ->  Bitmap Heap Scan on sbtest8  (cost=29.95..3600.63 rows=928 width=121)
	        Recheck Cond: ((id >= 4743811) AND (id <= 4744810))
	        ->  Bitmap Index Scan on sbtest8_pkey  (cost=0.00..29.71 rows=928 width=0)
	              Index Cond: ((id >= 4743811) AND (id <= 4744810))

for: count_ranges
table 1 : explain SELECT count(c) FROM sbtest1 WHERE id BETWEEN 2046196 AND 2047195
	Aggregate  (cost=4116.37..4116.38 rows=1 width=8)
	  ->  Bitmap Heap Scan on sbtest1  (cost=35.32..4113.71 rows=1062 width=121)
	        Recheck Cond: ((id >= 2046196) AND (id <= 2047195))
	        ->  Bitmap Index Scan on sbtest1_pkey  (cost=0.00..35.06 rows=1062 width=0)
	              Index Cond: ((id >= 2046196) AND (id <= 2047195))

table 2 : explain SELECT count(c) FROM sbtest2 WHERE id BETWEEN 3935176 AND 3936175
	Aggregate  (cost=3842.51..3842.52 rows=1 width=8)
	  ->  Bitmap Heap Scan on sbtest2  (cost=34.59..3840.04 rows=991 width=121)
	        Recheck Cond: ((id >= 3935176) AND (id <= 3936175))
	        ->  Bitmap Index Scan on sbtest2_pkey  (cost=0.00..34.34 rows=991 width=0)
	              Index Cond: ((id >= 3935176) AND (id <= 3936175))

table 3 : explain SELECT count(c) FROM sbtest3 WHERE id BETWEEN 7568447 AND 7569446
	Aggregate  (cost=3951.49..3951.50 rows=1 width=8)
	  ->  Bitmap Heap Scan on sbtest3  (cost=34.89..3948.94 rows=1020 width=121)
	        Recheck Cond: ((id >= 7568447) AND (id <= 7569446))
	        ->  Bitmap Index Scan on sbtest3_pkey  (cost=0.00..34.64 rows=1020 width=0)
	              Index Cond: ((id >= 7568447) AND (id <= 7569446))

table 4 : explain SELECT count(c) FROM sbtest4 WHERE id BETWEEN 7473736 AND 7474735
	Aggregate  (cost=3979.28..3979.29 rows=1 width=8)
	  ->  Bitmap Heap Scan on sbtest4  (cost=34.96..3976.71 rows=1027 width=121)
	        Recheck Cond: ((id >= 7473736) AND (id <= 7474735))
	        ->  Bitmap Index Scan on sbtest4_pkey  (cost=0.00..34.70 rows=1027 width=0)
	              Index Cond: ((id >= 7473736) AND (id <= 7474735))

table 5 : explain SELECT count(c) FROM sbtest5 WHERE id BETWEEN 5563785 AND 5564784
	Aggregate  (cost=4010.86..4010.87 rows=1 width=8)
	  ->  Bitmap Heap Scan on sbtest5  (cost=35.04..4008.27 rows=1035 width=121)
	        Recheck Cond: ((id >= 5563785) AND (id <= 5564784))
	        ->  Bitmap Index Scan on sbtest5_pkey  (cost=0.00..34.79 rows=1035 width=0)
	              Index Cond: ((id >= 5563785) AND (id <= 5564784))

table 6 : explain SELECT count(c) FROM sbtest6 WHERE id BETWEEN 7398693 AND 7399692
	Aggregate  (cost=3817.21..3817.22 rows=1 width=8)
	  ->  Bitmap Heap Scan on sbtest6  (cost=34.52..3814.75 rows=984 width=121)
	        Recheck Cond: ((id >= 7398693) AND (id <= 7399692))
	        ->  Bitmap Index Scan on sbtest6_pkey  (cost=0.00..34.28 rows=984 width=0)
	              Index Cond: ((id >= 7398693) AND (id <= 7399692))

table 7 : explain SELECT count(c) FROM sbtest7 WHERE id BETWEEN 2431213 AND 2432212
	Aggregate  (cost=3799.20..3799.21 rows=1 width=8)
	  ->  Bitmap Heap Scan on sbtest7  (cost=34.47..3796.75 rows=979 width=121)
	        Recheck Cond: ((id >= 2431213) AND (id <= 2432212))
	        ->  Bitmap Index Scan on sbtest7_pkey  (cost=0.00..34.23 rows=979 width=0)
	              Index Cond: ((id >= 2431213) AND (id <= 2432212))

table 8 : explain SELECT count(c) FROM sbtest8 WHERE id BETWEEN 9726299 AND 9727298
	Aggregate  (cost=3663.68..3663.69 rows=1 width=8)
	  ->  Bitmap Heap Scan on sbtest8  (cost=34.10..3661.32 rows=943 width=121)
	        Recheck Cond: ((id >= 9726299) AND (id <= 9727298))
	        ->  Bitmap Index Scan on sbtest8_pkey  (cost=0.00..33.87 rows=943 width=0)
	              Index Cond: ((id >= 9726299) AND (id <= 9727298))

for: count_ranges
table 1 : explain SELECT count(c) FROM sbtest1 WHERE id BETWEEN 6873926 AND 6874925
	Aggregate  (cost=4101.28..4101.29 rows=1 width=8)
	  ->  Bitmap Heap Scan on sbtest1  (cost=35.28..4098.64 rows=1058 width=121)
	        Recheck Cond: ((id >= 6873926) AND (id <= 6874925))
	        ->  Bitmap Index Scan on sbtest1_pkey  (cost=0.00..35.02 rows=1058 width=0)
	              Index Cond: ((id >= 6873926) AND (id <= 6874925))

table 2 : explain SELECT count(c) FROM sbtest2 WHERE id BETWEEN 6057245 AND 6058244
	Aggregate  (cost=3733.10..3733.11 rows=1 width=8)
	  ->  Bitmap Heap Scan on sbtest2  (cost=34.30..3730.69 rows=962 width=121)
	        Recheck Cond: ((id >= 6057245) AND (id <= 6058244))
	        ->  Bitmap Index Scan on sbtest2_pkey  (cost=0.00..34.06 rows=962 width=0)
	              Index Cond: ((id >= 6057245) AND (id <= 6058244))

table 3 : explain SELECT count(c) FROM sbtest3 WHERE id BETWEEN 6138540 AND 6139539
	Aggregate  (cost=3872.36..3872.37 rows=1 width=8)
	  ->  Bitmap Heap Scan on sbtest3  (cost=34.67..3869.86 rows=999 width=121)
	        Recheck Cond: ((id >= 6138540) AND (id <= 6139539))
	        ->  Bitmap Index Scan on sbtest3_pkey  (cost=0.00..34.43 rows=999 width=0)
	              Index Cond: ((id >= 6138540) AND (id <= 6139539))

table 4 : explain SELECT count(c) FROM sbtest4 WHERE id BETWEEN 3157659 AND 3158658
	Aggregate  (cost=3832.23..3832.24 rows=1 width=8)
	  ->  Bitmap Heap Scan on sbtest4  (cost=34.56..3829.76 rows=988 width=121)
	        Recheck Cond: ((id >= 3157659) AND (id <= 3158658))
	        ->  Bitmap Index Scan on sbtest4_pkey  (cost=0.00..34.32 rows=988 width=0)
	              Index Cond: ((id >= 3157659) AND (id <= 3158658))

table 5 : explain SELECT count(c) FROM sbtest5 WHERE id BETWEEN 4228379 AND 4229378
	Aggregate  (cost=3943.00..3943.01 rows=1 width=8)
	  ->  Bitmap Heap Scan on sbtest5  (cost=34.86..3940.45 rows=1017 width=121)
	        Recheck Cond: ((id >= 4228379) AND (id <= 4229378))
	        ->  Bitmap Index Scan on sbtest5_pkey  (cost=0.00..34.61 rows=1017 width=0)
	              Index Cond: ((id >= 4228379) AND (id <= 4229378))

table 6 : explain SELECT count(c) FROM sbtest6 WHERE id BETWEEN 3052111 AND 3053110
	Aggregate  (cost=3900.20..3900.21 rows=1 width=8)
	  ->  Bitmap Heap Scan on sbtest6  (cost=34.75..3897.69 rows=1006 width=121)
	        Recheck Cond: ((id >= 3052111) AND (id <= 3053110))
	        ->  Bitmap Index Scan on sbtest6_pkey  (cost=0.00..34.50 rows=1006 width=0)
	              Index Cond: ((id >= 3052111) AND (id <= 3053110))

table 7 : explain SELECT count(c) FROM sbtest7 WHERE id BETWEEN 2333490 AND 2334489
	Aggregate  (cost=4146.02..4146.03 rows=1 width=8)
	  ->  Bitmap Heap Scan on sbtest7  (cost=35.41..4143.34 rows=1071 width=121)
	        Recheck Cond: ((id >= 2333490) AND (id <= 2334489))
	        ->  Bitmap Index Scan on sbtest7_pkey  (cost=0.00..35.15 rows=1071 width=0)
	              Index Cond: ((id >= 2333490) AND (id <= 2334489))

table 8 : explain SELECT count(c) FROM sbtest8 WHERE id BETWEEN 9947949 AND 9948948
	Aggregate  (cost=4018.53..4018.54 rows=1 width=8)
	  ->  Bitmap Heap Scan on sbtest8  (cost=35.06..4015.94 rows=1037 width=121)
	        Recheck Cond: ((id >= 9947949) AND (id <= 9948948))
	        ->  Bitmap Index Scan on sbtest8_pkey  (cost=0.00..34.81 rows=1037 width=0)
	              Index Cond: ((id >= 9947949) AND (id <= 9948948))

for: count_ranges
table 1 : explain SELECT count(c) FROM sbtest1 WHERE id BETWEEN 4894301 AND 4895300
	Aggregate  (cost=3586.99..3587.00 rows=1 width=8)
	  ->  Bitmap Heap Scan on sbtest1  (cost=29.90..3584.68 rows=923 width=121)
	        Recheck Cond: ((id >= 4894301) AND (id <= 4895300))
	        ->  Bitmap Index Scan on sbtest1_pkey  (cost=0.00..29.66 rows=923 width=0)
	              Index Cond: ((id >= 4894301) AND (id <= 4895300))

table 2 : explain SELECT count(c) FROM sbtest2 WHERE id BETWEEN 7608410 AND 7609409
	Aggregate  (cost=4083.60..4083.61 rows=1 width=8)
	  ->  Bitmap Heap Scan on sbtest2  (cost=35.25..4080.96 rows=1055 width=121)
	        Recheck Cond: ((id >= 7608410) AND (id <= 7609409))
	        ->  Bitmap Index Scan on sbtest2_pkey  (cost=0.00..34.98 rows=1055 width=0)
	              Index Cond: ((id >= 7608410) AND (id <= 7609409))

table 3 : explain SELECT count(c) FROM sbtest3 WHERE id BETWEEN 6057762 AND 6058761
	Aggregate  (cost=4000.45..4000.46 rows=1 width=8)
	  ->  Bitmap Heap Scan on sbtest3  (cost=35.02..3997.86 rows=1033 width=121)
	        Recheck Cond: ((id >= 6057762) AND (id <= 6058761))
	        ->  Bitmap Index Scan on sbtest3_pkey  (cost=0.00..34.77 rows=1033 width=0)
	              Index Cond: ((id >= 6057762) AND (id <= 6058761))

table 4 : explain SELECT count(c) FROM sbtest4 WHERE id BETWEEN 2539201 AND 2540200
	Aggregate  (cost=3764.30..3764.31 rows=1 width=8)
	  ->  Bitmap Heap Scan on sbtest4  (cost=34.38..3761.87 rows=970 width=121)
	        Recheck Cond: ((id >= 2539201) AND (id <= 2540200))
	        ->  Bitmap Index Scan on sbtest4_pkey  (cost=0.00..34.14 rows=970 width=0)
	              Index Cond: ((id >= 2539201) AND (id <= 2540200))

table 5 : explain SELECT count(c) FROM sbtest5 WHERE id BETWEEN 6057218 AND 6058217
	Aggregate  (cost=4089.98..4089.99 rows=1 width=8)
	  ->  Bitmap Heap Scan on sbtest5  (cost=35.26..4087.34 rows=1056 width=121)
	        Recheck Cond: ((id >= 6057218) AND (id <= 6058217))
	        ->  Bitmap Index Scan on sbtest5_pkey  (cost=0.00..35.00 rows=1056 width=0)
	              Index Cond: ((id >= 6057218) AND (id <= 6058217))

table 6 : explain SELECT count(c) FROM sbtest6 WHERE id BETWEEN 2069992 AND 2070991
	Aggregate  (cost=3552.52..3552.53 rows=1 width=8)
	  ->  Bitmap Heap Scan on sbtest6  (cost=29.81..3550.23 rows=915 width=121)
	        Recheck Cond: ((id >= 2069992) AND (id <= 2070991))
	        ->  Bitmap Index Scan on sbtest6_pkey  (cost=0.00..29.58 rows=915 width=0)
	              Index Cond: ((id >= 2069992) AND (id <= 2070991))

table 7 : explain SELECT count(c) FROM sbtest7 WHERE id BETWEEN 9732378 AND 9733377
	Aggregate  (cost=3870.91..3870.92 rows=1 width=8)
	  ->  Bitmap Heap Scan on sbtest7  (cost=34.66..3868.42 rows=998 width=121)
	        Recheck Cond: ((id >= 9732378) AND (id <= 9733377))
	        ->  Bitmap Index Scan on sbtest7_pkey  (cost=0.00..34.42 rows=998 width=0)
	              Index Cond: ((id >= 9732378) AND (id <= 9733377))

table 8 : explain SELECT count(c) FROM sbtest8 WHERE id BETWEEN 2217793 AND 2218792
	Aggregate  (cost=4014.76..4014.77 rows=1 width=8)
	  ->  Bitmap Heap Scan on sbtest8  (cost=35.05..4012.17 rows=1036 width=121)
	        Recheck Cond: ((id >= 2217793) AND (id <= 2218792))
	        ->  Bitmap Index Scan on sbtest8_pkey  (cost=0.00..34.80 rows=1036 width=0)
	              Index Cond: ((id >= 2217793) AND (id <= 2218792))

for: count_ranges
table 1 : explain SELECT count(c) FROM sbtest1 WHERE id BETWEEN 7080106 AND 7081105
	Aggregate  (cost=3840.75..3840.76 rows=1 width=8)
	  ->  Bitmap Heap Scan on sbtest1  (cost=34.57..3838.28 rows=989 width=121)
	        Recheck Cond: ((id >= 7080106) AND (id <= 7081105))
	        ->  Bitmap Index Scan on sbtest1_pkey  (cost=0.00..34.33 rows=989 width=0)
	              Index Cond: ((id >= 7080106) AND (id <= 7081105))

table 2 : explain SELECT count(c) FROM sbtest2 WHERE id BETWEEN 7931923 AND 7932922
	Aggregate  (cost=3680.24..3680.25 rows=1 width=8)
	  ->  Bitmap Heap Scan on sbtest2  (cost=34.15..3677.87 rows=948 width=121)
	        Recheck Cond: ((id >= 7931923) AND (id <= 7932922))
	        ->  Bitmap Index Scan on sbtest2_pkey  (cost=0.00..33.92 rows=948 width=0)
	              Index Cond: ((id >= 7931923) AND (id <= 7932922))

table 3 : explain SELECT count(c) FROM sbtest3 WHERE id BETWEEN 9498101 AND 9499100
	Aggregate  (cost=3974.09..3974.10 rows=1 width=8)
	  ->  Bitmap Heap Scan on sbtest3  (cost=34.95..3971.52 rows=1026 width=121)
	        Recheck Cond: ((id >= 9498101) AND (id <= 9499100))
	        ->  Bitmap Index Scan on sbtest3_pkey  (cost=0.00..34.70 rows=1026 width=0)
	              Index Cond: ((id >= 9498101) AND (id <= 9499100))

table 4 : explain SELECT count(c) FROM sbtest4 WHERE id BETWEEN 763316 AND 764315
	Aggregate  (cost=3786.95..3786.96 rows=1 width=8)
	  ->  Bitmap Heap Scan on sbtest4  (cost=34.44..3784.51 rows=976 width=121)
	        Recheck Cond: ((id >= 763316) AND (id <= 764315))
	        ->  Bitmap Index Scan on sbtest4_pkey  (cost=0.00..34.20 rows=976 width=0)
	              Index Cond: ((id >= 763316) AND (id <= 764315))

table 5 : explain SELECT count(c) FROM sbtest5 WHERE id BETWEEN 1813152 AND 1814151
	Aggregate  (cost=4120.11..4120.12 rows=1 width=8)
	  ->  Bitmap Heap Scan on sbtest5  (cost=35.34..4117.45 rows=1064 width=121)
	        Recheck Cond: ((id >= 1813152) AND (id <= 1814151))
	        ->  Bitmap Index Scan on sbtest5_pkey  (cost=0.00..35.08 rows=1064 width=0)
	              Index Cond: ((id >= 1813152) AND (id <= 1814151))

table 6 : explain SELECT count(c) FROM sbtest6 WHERE id BETWEEN 6042938 AND 6043937
	Aggregate  (cost=4145.04..4145.05 rows=1 width=8)
	  ->  Bitmap Heap Scan on sbtest6  (cost=35.41..4142.36 rows=1071 width=121)
	        Recheck Cond: ((id >= 6042938) AND (id <= 6043937))
	        ->  Bitmap Index Scan on sbtest6_pkey  (cost=0.00..35.15 rows=1071 width=0)
	              Index Cond: ((id >= 6042938) AND (id <= 6043937))

table 7 : explain SELECT count(c) FROM sbtest7 WHERE id BETWEEN 7394141 AND 7395140
	Aggregate  (cost=3855.82..3855.83 rows=1 width=8)
	  ->  Bitmap Heap Scan on sbtest7  (cost=34.62..3853.33 rows=994 width=121)
	        Recheck Cond: ((id >= 7394141) AND (id <= 7395140))
	        ->  Bitmap Index Scan on sbtest7_pkey  (cost=0.00..34.38 rows=994 width=0)
	              Index Cond: ((id >= 7394141) AND (id <= 7395140))

table 8 : explain SELECT count(c) FROM sbtest8 WHERE id BETWEEN 9228118 AND 9229117
	Aggregate  (cost=3697.70..3697.71 rows=1 width=8)
	  ->  Bitmap Heap Scan on sbtest8  (cost=34.19..3695.32 rows=952 width=121)
	        Recheck Cond: ((id >= 9228118) AND (id <= 9229117))
	        ->  Bitmap Index Scan on sbtest8_pkey  (cost=0.00..33.95 rows=952 width=0)
	              Index Cond: ((id >= 9228118) AND (id <= 9229117))

for: count_ranges
table 1 : explain SELECT count(c) FROM sbtest1 WHERE id BETWEEN 3261884 AND 3262883
	Aggregate  (cost=3715.94..3715.95 rows=1 width=8)
	  ->  Bitmap Heap Scan on sbtest1  (cost=34.23..3713.55 rows=956 width=121)
	        Recheck Cond: ((id >= 3261884) AND (id <= 3262883))
	        ->  Bitmap Index Scan on sbtest1_pkey  (cost=0.00..34.00 rows=956 width=0)
	              Index Cond: ((id >= 3261884) AND (id <= 3262883))

table 2 : explain SELECT count(c) FROM sbtest2 WHERE id BETWEEN 4962645 AND 4963644
	Aggregate  (cost=3944.29..3944.30 rows=1 width=8)
	  ->  Bitmap Heap Scan on sbtest2  (cost=34.87..3941.74 rows=1018 width=121)
	        Recheck Cond: ((id >= 4962645) AND (id <= 4963644))
	        ->  Bitmap Index Scan on sbtest2_pkey  (cost=0.00..34.62 rows=1018 width=0)
	              Index Cond: ((id >= 4962645) AND (id <= 4963644))

table 3 : explain SELECT count(c) FROM sbtest3 WHERE id BETWEEN 6088043 AND 6089042
	Aggregate  (cost=3872.36..3872.37 rows=1 width=8)
	  ->  Bitmap Heap Scan on sbtest3  (cost=34.67..3869.86 rows=999 width=121)
	        Recheck Cond: ((id >= 6088043) AND (id <= 6089042))
	        ->  Bitmap Index Scan on sbtest3_pkey  (cost=0.00..34.43 rows=999 width=0)
	              Index Cond: ((id >= 6088043) AND (id <= 6089042))

table 4 : explain SELECT count(c) FROM sbtest4 WHERE id BETWEEN 5983220 AND 5984219
	Aggregate  (cost=3620.74..3620.75 rows=1 width=8)
	  ->  Bitmap Heap Scan on sbtest4  (cost=33.99..3618.41 rows=932 width=121)
	        Recheck Cond: ((id >= 5983220) AND (id <= 5984219))
	        ->  Bitmap Index Scan on sbtest4_pkey  (cost=0.00..33.76 rows=932 width=0)
	              Index Cond: ((id >= 5983220) AND (id <= 5984219))

table 5 : explain SELECT count(c) FROM sbtest5 WHERE id BETWEEN 2692860 AND 2693859
	Aggregate  (cost=4105.05..4105.06 rows=1 width=8)
	  ->  Bitmap Heap Scan on sbtest5  (cost=35.30..4102.40 rows=1060 width=121)
	        Recheck Cond: ((id >= 2692860) AND (id <= 2693859))
	        ->  Bitmap Index Scan on sbtest5_pkey  (cost=0.00..35.04 rows=1060 width=0)
	              Index Cond: ((id >= 2692860) AND (id <= 2693859))

table 6 : explain SELECT count(c) FROM sbtest6 WHERE id BETWEEN 4493736 AND 4494735
	Aggregate  (cost=3798.34..3798.35 rows=1 width=8)
	  ->  Bitmap Heap Scan on sbtest6  (cost=34.47..3795.90 rows=979 width=121)
	        Recheck Cond: ((id >= 4493736) AND (id <= 4494735))
	        ->  Bitmap Index Scan on sbtest6_pkey  (cost=0.00..34.23 rows=979 width=0)
	              Index Cond: ((id >= 4493736) AND (id <= 4494735))

table 7 : explain SELECT count(c) FROM sbtest7 WHERE id BETWEEN 325549 AND 326548
	Aggregate  (cost=3848.27..3848.28 rows=1 width=8)
	  ->  Bitmap Heap Scan on sbtest7  (cost=34.60..3845.79 rows=992 width=121)
	        Recheck Cond: ((id >= 325549) AND (id <= 326548))
	        ->  Bitmap Index Scan on sbtest7_pkey  (cost=0.00..34.36 rows=992 width=0)
	              Index Cond: ((id >= 325549) AND (id <= 326548))

table 8 : explain SELECT count(c) FROM sbtest8 WHERE id BETWEEN 7960149 AND 7961148
	Aggregate  (cost=3863.89..3863.90 rows=1 width=8)
	  ->  Bitmap Heap Scan on sbtest8  (cost=34.64..3861.40 rows=996 width=121)
	        Recheck Cond: ((id >= 7960149) AND (id <= 7961148))
	        ->  Bitmap Index Scan on sbtest8_pkey  (cost=0.00..34.40 rows=996 width=0)
	              Index Cond: ((id >= 7960149) AND (id <= 7961148))

for: count_ranges
table 1 : explain SELECT count(c) FROM sbtest1 WHERE id BETWEEN 1696345 AND 1697344
	Aggregate  (cost=3488.44..3488.45 rows=1 width=8)
	  ->  Bitmap Heap Scan on sbtest1  (cost=29.63..3486.20 rows=897 width=121)
	        Recheck Cond: ((id >= 1696345) AND (id <= 1697344))
	        ->  Bitmap Index Scan on sbtest1_pkey  (cost=0.00..29.40 rows=897 width=0)
	              Index Cond: ((id >= 1696345) AND (id <= 1697344))

table 2 : explain SELECT count(c) FROM sbtest2 WHERE id BETWEEN 2268919 AND 2269918
	Aggregate  (cost=4350.72..4350.73 rows=1 width=8)
	  ->  Bitmap Heap Scan on sbtest2  (cost=39.98..4347.91 rows=1126 width=121)
	        Recheck Cond: ((id >= 2268919) AND (id <= 2269918))
	        ->  Bitmap Index Scan on sbtest2_pkey  (cost=0.00..39.70 rows=1126 width=0)
	              Index Cond: ((id >= 2268919) AND (id <= 2269918))

table 3 : explain SELECT count(c) FROM sbtest3 WHERE id BETWEEN 7103031 AND 7104030
	Aggregate  (cost=3804.48..3804.49 rows=1 width=8)
	  ->  Bitmap Heap Scan on sbtest3  (cost=34.49..3802.03 rows=981 width=121)
	        Recheck Cond: ((id >= 7103031) AND (id <= 7104030))
	        ->  Bitmap Index Scan on sbtest3_pkey  (cost=0.00..34.25 rows=981 width=0)
	              Index Cond: ((id >= 7103031) AND (id <= 7104030))

table 4 : explain SELECT count(c) FROM sbtest4 WHERE id BETWEEN 4306187 AND 4307186
	Aggregate  (cost=3529.76..3529.77 rows=1 width=8)
	  ->  Bitmap Heap Scan on sbtest4  (cost=29.75..3527.48 rows=909 width=121)
	        Recheck Cond: ((id >= 4306187) AND (id <= 4307186))
	        ->  Bitmap Index Scan on sbtest4_pkey  (cost=0.00..29.52 rows=909 width=0)
	              Index Cond: ((id >= 4306187) AND (id <= 4307186))

table 5 : explain SELECT count(c) FROM sbtest5 WHERE id BETWEEN 3750382 AND 3751381
	Aggregate  (cost=4063.61..4063.62 rows=1 width=8)
	  ->  Bitmap Heap Scan on sbtest5  (cost=35.19..4060.99 rows=1049 width=121)
	        Recheck Cond: ((id >= 3750382) AND (id <= 3751381))
	        ->  Bitmap Index Scan on sbtest5_pkey  (cost=0.00..34.93 rows=1049 width=0)
	              Index Cond: ((id >= 3750382) AND (id <= 3751381))

table 6 : explain SELECT count(c) FROM sbtest6 WHERE id BETWEEN 1751185 AND 1752184
	Aggregate  (cost=4047.17..4047.18 rows=1 width=8)
	  ->  Bitmap Heap Scan on sbtest6  (cost=35.15..4044.56 rows=1045 width=121)
	        Recheck Cond: ((id >= 1751185) AND (id <= 1752184))
	        ->  Bitmap Index Scan on sbtest6_pkey  (cost=0.00..34.89 rows=1045 width=0)
	              Index Cond: ((id >= 1751185) AND (id <= 1752184))

table 7 : explain SELECT count(c) FROM sbtest7 WHERE id BETWEEN 1925816 AND 1926815
	Aggregate  (cost=3919.95..3919.96 rows=1 width=8)
	  ->  Bitmap Heap Scan on sbtest7  (cost=34.80..3917.43 rows=1011 width=121)
	        Recheck Cond: ((id >= 1925816) AND (id <= 1926815))
	        ->  Bitmap Index Scan on sbtest7_pkey  (cost=0.00..34.55 rows=1011 width=0)
	              Index Cond: ((id >= 1925816) AND (id <= 1926815))

table 8 : explain SELECT count(c) FROM sbtest8 WHERE id BETWEEN 1742913 AND 1743912
	Aggregate  (cost=3701.48..3701.49 rows=1 width=8)
	  ->  Bitmap Heap Scan on sbtest8  (cost=34.20..3699.10 rows=953 width=121)
	        Recheck Cond: ((id >= 1742913) AND (id <= 1743912))
	        ->  Bitmap Index Scan on sbtest8_pkey  (cost=0.00..33.97 rows=953 width=0)
	              Index Cond: ((id >= 1742913) AND (id <= 1743912))

for: count_ranges
table 1 : explain SELECT count(c) FROM sbtest1 WHERE id BETWEEN 2285333 AND 2286332
	Aggregate  (cost=3757.56..3757.57 rows=1 width=8)
	  ->  Bitmap Heap Scan on sbtest1  (cost=34.35..3755.14 rows=967 width=121)
	        Recheck Cond: ((id >= 2285333) AND (id <= 2286332))
	        ->  Bitmap Index Scan on sbtest1_pkey  (cost=0.00..34.11 rows=967 width=0)
	              Index Cond: ((id >= 2285333) AND (id <= 2286332))

table 2 : explain SELECT count(c) FROM sbtest2 WHERE id BETWEEN 6411951 AND 6412950
	Aggregate  (cost=3906.60..3906.61 rows=1 width=8)
	  ->  Bitmap Heap Scan on sbtest2  (cost=34.77..3904.08 rows=1008 width=121)
	        Recheck Cond: ((id >= 6411951) AND (id <= 6412950))
	        ->  Bitmap Index Scan on sbtest2_pkey  (cost=0.00..34.52 rows=1008 width=0)
	              Index Cond: ((id >= 6411951) AND (id <= 6412950))

table 3 : explain SELECT count(c) FROM sbtest3 WHERE id BETWEEN 6791959 AND 6792958
	Aggregate  (cost=4154.71..4154.72 rows=1 width=8)
	  ->  Bitmap Heap Scan on sbtest3  (cost=35.44..4152.03 rows=1074 width=121)
	        Recheck Cond: ((id >= 6791959) AND (id <= 6792958))
	        ->  Bitmap Index Scan on sbtest3_pkey  (cost=0.00..35.18 rows=1074 width=0)
	              Index Cond: ((id >= 6791959) AND (id <= 6792958))

table 4 : explain SELECT count(c) FROM sbtest4 WHERE id BETWEEN 7835448 AND 7836447
	Aggregate  (cost=3726.54..3726.55 rows=1 width=8)
	  ->  Bitmap Heap Scan on sbtest4  (cost=34.28..3724.14 rows=960 width=121)
	        Recheck Cond: ((id >= 7835448) AND (id <= 7836447))
	        ->  Bitmap Index Scan on sbtest4_pkey  (cost=0.00..34.04 rows=960 width=0)
	              Index Cond: ((id >= 7835448) AND (id <= 7836447))

table 5 : explain SELECT count(c) FROM sbtest5 WHERE id BETWEEN 1793989 AND 1794988
	Aggregate  (cost=4063.61..4063.62 rows=1 width=8)
	  ->  Bitmap Heap Scan on sbtest5  (cost=35.19..4060.99 rows=1049 width=121)
	        Recheck Cond: ((id >= 1793989) AND (id <= 1794988))
	        ->  Bitmap Index Scan on sbtest5_pkey  (cost=0.00..34.93 rows=1049 width=0)
	              Index Cond: ((id >= 1793989) AND (id <= 1794988))

table 6 : explain SELECT count(c) FROM sbtest6 WHERE id BETWEEN 7631321 AND 7632320
	Aggregate  (cost=4088.59..4088.60 rows=1 width=8)
	  ->  Bitmap Heap Scan on sbtest6  (cost=35.26..4085.95 rows=1056 width=121)
	        Recheck Cond: ((id >= 7631321) AND (id <= 7632320))
	        ->  Bitmap Index Scan on sbtest6_pkey  (cost=0.00..35.00 rows=1056 width=0)
	              Index Cond: ((id >= 7631321) AND (id <= 7632320))

table 7 : explain SELECT count(c) FROM sbtest7 WHERE id BETWEEN 2475405 AND 2476404
	Aggregate  (cost=3799.20..3799.21 rows=1 width=8)
	  ->  Bitmap Heap Scan on sbtest7  (cost=34.47..3796.75 rows=979 width=121)
	        Recheck Cond: ((id >= 2475405) AND (id <= 2476404))
	        ->  Bitmap Index Scan on sbtest7_pkey  (cost=0.00..34.23 rows=979 width=0)
	              Index Cond: ((id >= 2475405) AND (id <= 2476404))

table 8 : explain SELECT count(c) FROM sbtest8 WHERE id BETWEEN 7229159 AND 7230158
	Aggregate  (cost=3882.76..3882.77 rows=1 width=8)
	  ->  Bitmap Heap Scan on sbtest8  (cost=34.70..3880.26 rows=1001 width=121)
	        Recheck Cond: ((id >= 7229159) AND (id <= 7230158))
	        ->  Bitmap Index Scan on sbtest8_pkey  (cost=0.00..34.45 rows=1001 width=0)
	              Index Cond: ((id >= 7229159) AND (id <= 7230158))

for: count_ranges
table 1 : explain SELECT count(c) FROM sbtest1 WHERE id BETWEEN 9516524 AND 9517523
	Aggregate  (cost=3693.23..3693.24 rows=1 width=8)
	  ->  Bitmap Heap Scan on sbtest1  (cost=34.17..3690.86 rows=950 width=121)
	        Recheck Cond: ((id >= 9516524) AND (id <= 9517523))
	        ->  Bitmap Index Scan on sbtest1_pkey  (cost=0.00..33.94 rows=950 width=0)
	              Index Cond: ((id >= 9516524) AND (id <= 9517523))

table 2 : explain SELECT count(c) FROM sbtest2 WHERE id BETWEEN 6171519 AND 6172518
	Aggregate  (cost=3676.46..3676.47 rows=1 width=8)
	  ->  Bitmap Heap Scan on sbtest2  (cost=34.14..3674.09 rows=947 width=121)
	        Recheck Cond: ((id >= 6171519) AND (id <= 6172518))
	        ->  Bitmap Index Scan on sbtest2_pkey  (cost=0.00..33.91 rows=947 width=0)
	              Index Cond: ((id >= 6171519) AND (id <= 6172518))

table 3 : explain SELECT count(c) FROM sbtest3 WHERE id BETWEEN 514134 AND 515133
	Aggregate  (cost=3966.55..3966.56 rows=1 width=8)
	  ->  Bitmap Heap Scan on sbtest3  (cost=34.93..3963.99 rows=1024 width=121)
	        Recheck Cond: ((id >= 514134) AND (id <= 515133))
	        ->  Bitmap Index Scan on sbtest3_pkey  (cost=0.00..34.68 rows=1024 width=0)
	              Index Cond: ((id >= 514134) AND (id <= 515133))

table 4 : explain SELECT count(c) FROM sbtest4 WHERE id BETWEEN 148098 AND 149097
	Aggregate  (cost=4186.33..4186.34 rows=1 width=8)
	  ->  Bitmap Heap Scan on sbtest4  (cost=35.53..4183.63 rows=1082 width=121)
	        Recheck Cond: ((id >= 148098) AND (id <= 149097))
	        ->  Bitmap Index Scan on sbtest4_pkey  (cost=0.00..35.26 rows=1082 width=0)
	              Index Cond: ((id >= 148098) AND (id <= 149097))

table 5 : explain SELECT count(c) FROM sbtest5 WHERE id BETWEEN 1004875 AND 1005874
	Aggregate  (cost=3599.05..3599.06 rows=1 width=8)
	  ->  Bitmap Heap Scan on sbtest5  (cost=29.94..3596.74 rows=927 width=121)
	        Recheck Cond: ((id >= 1004875) AND (id <= 1005874))
	        ->  Bitmap Index Scan on sbtest5_pkey  (cost=0.00..29.70 rows=927 width=0)
	              Index Cond: ((id >= 1004875) AND (id <= 1005874))

table 6 : explain SELECT count(c) FROM sbtest6 WHERE id BETWEEN 8913444 AND 8914443
	Aggregate  (cost=3651.05..3651.06 rows=1 width=8)
	  ->  Bitmap Heap Scan on sbtest6  (cost=34.07..3648.70 rows=940 width=121)
	        Recheck Cond: ((id >= 8913444) AND (id <= 8914443))
	        ->  Bitmap Index Scan on sbtest6_pkey  (cost=0.00..33.84 rows=940 width=0)
	              Index Cond: ((id >= 8913444) AND (id <= 8914443))

table 7 : explain SELECT count(c) FROM sbtest7 WHERE id BETWEEN 8537195 AND 8538194
	Aggregate  (cost=3659.41..3659.42 rows=1 width=8)
	  ->  Bitmap Heap Scan on sbtest7  (cost=34.09..3657.06 rows=942 width=121)
	        Recheck Cond: ((id >= 8537195) AND (id <= 8538194))
	        ->  Bitmap Index Scan on sbtest7_pkey  (cost=0.00..33.86 rows=942 width=0)
	              Index Cond: ((id >= 8537195) AND (id <= 8538194))

table 8 : explain SELECT count(c) FROM sbtest8 WHERE id BETWEEN 7215990 AND 7216989
	Aggregate  (cost=3882.76..3882.77 rows=1 width=8)
	  ->  Bitmap Heap Scan on sbtest8  (cost=34.70..3880.26 rows=1001 width=121)
	        Recheck Cond: ((id >= 7215990) AND (id <= 7216989))
	        ->  Bitmap Index Scan on sbtest8_pkey  (cost=0.00..34.45 rows=1001 width=0)
	              Index Cond: ((id >= 7215990) AND (id <= 7216989))

for: count_ranges
table 1 : explain SELECT count(c) FROM sbtest1 WHERE id BETWEEN 7018889 AND 7019888
	Aggregate  (cost=3840.75..3840.76 rows=1 width=8)
	  ->  Bitmap Heap Scan on sbtest1  (cost=34.57..3838.28 rows=989 width=121)
	        Recheck Cond: ((id >= 7018889) AND (id <= 7019888))
	        ->  Bitmap Index Scan on sbtest1_pkey  (cost=0.00..34.33 rows=989 width=0)
	              Index Cond: ((id >= 7018889) AND (id <= 7019888))

table 2 : explain SELECT count(c) FROM sbtest2 WHERE id BETWEEN 2495649 AND 2496648
	Aggregate  (cost=3631.13..3631.14 rows=1 width=8)
	  ->  Bitmap Heap Scan on sbtest2  (cost=34.02..3628.79 rows=935 width=121)
	        Recheck Cond: ((id >= 2495649) AND (id <= 2496648))
	        ->  Bitmap Index Scan on sbtest2_pkey  (cost=0.00..33.79 rows=935 width=0)
	              Index Cond: ((id >= 2495649) AND (id <= 2496648))

table 3 : explain SELECT count(c) FROM sbtest3 WHERE id BETWEEN 908738 AND 909737
	Aggregate  (cost=3676.16..3676.17 rows=1 width=8)
	  ->  Bitmap Heap Scan on sbtest3  (cost=34.14..3673.80 rows=947 width=121)
	        Recheck Cond: ((id >= 908738) AND (id <= 909737))
	        ->  Bitmap Index Scan on sbtest3_pkey  (cost=0.00..33.91 rows=947 width=0)
	              Index Cond: ((id >= 908738) AND (id <= 909737))

table 4 : explain SELECT count(c) FROM sbtest4 WHERE id BETWEEN 9348724 AND 9349723
	Aggregate  (cost=4137.43..4137.44 rows=1 width=8)
	  ->  Bitmap Heap Scan on sbtest4  (cost=35.39..4134.75 rows=1069 width=121)
	        Recheck Cond: ((id >= 9348724) AND (id <= 9349723))
	        ->  Bitmap Index Scan on sbtest4_pkey  (cost=0.00..35.12 rows=1069 width=0)
	              Index Cond: ((id >= 9348724) AND (id <= 9349723))

table 5 : explain SELECT count(c) FROM sbtest5 WHERE id BETWEEN 3094858 AND 3095857
	Aggregate  (cost=3950.54..3950.55 rows=1 width=8)
	  ->  Bitmap Heap Scan on sbtest5  (cost=34.88..3947.99 rows=1019 width=121)
	        Recheck Cond: ((id >= 3094858) AND (id <= 3095857))
	        ->  Bitmap Index Scan on sbtest5_pkey  (cost=0.00..34.62 rows=1019 width=0)
	              Index Cond: ((id >= 3094858) AND (id <= 3095857))

table 6 : explain SELECT count(c) FROM sbtest6 WHERE id BETWEEN 3787630 AND 3788629
	Aggregate  (cost=3971.83..3971.84 rows=1 width=8)
	  ->  Bitmap Heap Scan on sbtest6  (cost=34.94..3969.26 rows=1025 width=121)
	        Recheck Cond: ((id >= 3787630) AND (id <= 3788629))
	        ->  Bitmap Index Scan on sbtest6_pkey  (cost=0.00..34.69 rows=1025 width=0)
	              Index Cond: ((id >= 3787630) AND (id <= 3788629))

table 7 : explain SELECT count(c) FROM sbtest7 WHERE id BETWEEN 7450599 AND 7451598
	Aggregate  (cost=4168.60..4168.61 rows=1 width=8)
	  ->  Bitmap Heap Scan on sbtest7  (cost=35.47..4165.91 rows=1077 width=121)
	        Recheck Cond: ((id >= 7450599) AND (id <= 7451598))
	        ->  Bitmap Index Scan on sbtest7_pkey  (cost=0.00..35.20 rows=1077 width=0)
	              Index Cond: ((id >= 7450599) AND (id <= 7451598))

table 8 : explain SELECT count(c) FROM sbtest8 WHERE id BETWEEN 6480393 AND 6481392
	Aggregate  (cost=3977.06..3977.07 rows=1 width=8)
	  ->  Bitmap Heap Scan on sbtest8  (cost=34.95..3974.50 rows=1026 width=121)
	        Recheck Cond: ((id >= 6480393) AND (id <= 6481392))
	        ->  Bitmap Index Scan on sbtest8_pkey  (cost=0.00..34.70 rows=1026 width=0)
	              Index Cond: ((id >= 6480393) AND (id <= 6481392))

for: count_ranges
table 1 : explain SELECT count(c) FROM sbtest1 WHERE id BETWEEN 1204292 AND 1205291
	Aggregate  (cost=3367.04..3367.05 rows=1 width=8)
	  ->  Bitmap Heap Scan on sbtest1  (cost=29.30..3364.87 rows=865 width=121)
	        Recheck Cond: ((id >= 1204292) AND (id <= 1205291))
	        ->  Bitmap Index Scan on sbtest1_pkey  (cost=0.00..29.08 rows=865 width=0)
	              Index Cond: ((id >= 1204292) AND (id <= 1205291))

table 2 : explain SELECT count(c) FROM sbtest2 WHERE id BETWEEN 5597981 AND 5598980
	Aggregate  (cost=3718.00..3718.01 rows=1 width=8)
	  ->  Bitmap Heap Scan on sbtest2  (cost=34.25..3715.60 rows=958 width=121)
	        Recheck Cond: ((id >= 5597981) AND (id <= 5598980))
	        ->  Bitmap Index Scan on sbtest2_pkey  (cost=0.00..34.02 rows=958 width=0)
	              Index Cond: ((id >= 5597981) AND (id <= 5598980))

table 3 : explain SELECT count(c) FROM sbtest3 WHERE id BETWEEN 946795 AND 947794
	Aggregate  (cost=3921.35..3921.36 rows=1 width=8)
	  ->  Bitmap Heap Scan on sbtest3  (cost=34.81..3918.82 rows=1012 width=121)
	        Recheck Cond: ((id >= 946795) AND (id <= 947794))
	        ->  Bitmap Index Scan on sbtest3_pkey  (cost=0.00..34.56 rows=1012 width=0)
	              Index Cond: ((id >= 946795) AND (id <= 947794))

table 4 : explain SELECT count(c) FROM sbtest4 WHERE id BETWEEN 8384785 AND 8385784
	Aggregate  (cost=3964.21..3964.22 rows=1 width=8)
	  ->  Bitmap Heap Scan on sbtest4  (cost=34.92..3961.65 rows=1023 width=121)
	        Recheck Cond: ((id >= 8384785) AND (id <= 8385784))
	        ->  Bitmap Index Scan on sbtest4_pkey  (cost=0.00..34.67 rows=1023 width=0)
	              Index Cond: ((id >= 8384785) AND (id <= 8385784))

table 5 : explain SELECT count(c) FROM sbtest5 WHERE id BETWEEN 9643191 AND 9644190
	Aggregate  (cost=4093.75..4093.76 rows=1 width=8)
	  ->  Bitmap Heap Scan on sbtest5  (cost=35.27..4091.11 rows=1057 width=121)
	        Recheck Cond: ((id >= 9643191) AND (id <= 9644190))
	        ->  Bitmap Index Scan on sbtest5_pkey  (cost=0.00..35.01 rows=1057 width=0)
	              Index Cond: ((id >= 9643191) AND (id <= 9644190))

table 6 : explain SELECT count(c) FROM sbtest6 WHERE id BETWEEN 5591036 AND 5592035
	Aggregate  (cost=4062.23..4062.24 rows=1 width=8)
	  ->  Bitmap Heap Scan on sbtest6  (cost=35.19..4059.61 rows=1049 width=121)
	        Recheck Cond: ((id >= 5591036) AND (id <= 5592035))
	        ->  Bitmap Index Scan on sbtest6_pkey  (cost=0.00..34.93 rows=1049 width=0)
	              Index Cond: ((id >= 5591036) AND (id <= 5592035))

table 7 : explain SELECT count(c) FROM sbtest7 WHERE id BETWEEN 769261 AND 770260
	Aggregate  (cost=4021.74..4021.75 rows=1 width=8)
	  ->  Bitmap Heap Scan on sbtest7  (cost=35.07..4019.14 rows=1038 width=121)
	        Recheck Cond: ((id >= 769261) AND (id <= 770260))
	        ->  Bitmap Index Scan on sbtest7_pkey  (cost=0.00..34.82 rows=1038 width=0)
	              Index Cond: ((id >= 769261) AND (id <= 770260))

table 8 : explain SELECT count(c) FROM sbtest8 WHERE id BETWEEN 2453834 AND 2454833
	Aggregate  (cost=4225.64..4225.65 rows=1 width=8)
	  ->  Bitmap Heap Scan on sbtest8  (cost=35.63..4222.91 rows=1092 width=121)
	        Recheck Cond: ((id >= 2453834) AND (id <= 2454833))
	        ->  Bitmap Index Scan on sbtest8_pkey  (cost=0.00..35.36 rows=1092 width=0)
	              Index Cond: ((id >= 2453834) AND (id <= 2454833))

for: count_ranges
table 1 : explain SELECT count(c) FROM sbtest1 WHERE id BETWEEN 112215 AND 113214
	Aggregate  (cost=4082.42..4082.43 rows=1 width=8)
	  ->  Bitmap Heap Scan on sbtest1  (cost=35.23..4079.79 rows=1053 width=121)
	        Recheck Cond: ((id >= 112215) AND (id <= 113214))
	        ->  Bitmap Index Scan on sbtest1_pkey  (cost=0.00..34.97 rows=1053 width=0)
	              Index Cond: ((id >= 112215) AND (id <= 113214))

table 2 : explain SELECT count(c) FROM sbtest2 WHERE id BETWEEN 1073303 AND 1074302
	Aggregate  (cost=3827.43..3827.44 rows=1 width=8)
	  ->  Bitmap Heap Scan on sbtest2  (cost=34.55..3824.96 rows=987 width=121)
	        Recheck Cond: ((id >= 1073303) AND (id <= 1074302))
	        ->  Bitmap Index Scan on sbtest2_pkey  (cost=0.00..34.31 rows=987 width=0)
	              Index Cond: ((id >= 1073303) AND (id <= 1074302))

table 3 : explain SELECT count(c) FROM sbtest3 WHERE id BETWEEN 2269599 AND 2270598
	Aggregate  (cost=3683.72..3683.73 rows=1 width=8)
	  ->  Bitmap Heap Scan on sbtest3  (cost=34.16..3681.34 rows=949 width=121)
	        Recheck Cond: ((id >= 2269599) AND (id <= 2270598))
	        ->  Bitmap Index Scan on sbtest3_pkey  (cost=0.00..33.93 rows=949 width=0)
	              Index Cond: ((id >= 2269599) AND (id <= 2270598))

table 4 : explain SELECT count(c) FROM sbtest4 WHERE id BETWEEN 5362308 AND 5363307
	Aggregate  (cost=4062.15..4062.16 rows=1 width=8)
	  ->  Bitmap Heap Scan on sbtest4  (cost=35.19..4059.52 rows=1049 width=121)
	        Recheck Cond: ((id >= 5362308) AND (id <= 5363307))
	        ->  Bitmap Index Scan on sbtest4_pkey  (cost=0.00..34.93 rows=1049 width=0)
	              Index Cond: ((id >= 5362308) AND (id <= 5363307))

table 5 : explain SELECT count(c) FROM sbtest5 WHERE id BETWEEN 419517 AND 420516
	Aggregate  (cost=3810.92..3810.93 rows=1 width=8)
	  ->  Bitmap Heap Scan on sbtest5  (cost=34.50..3808.46 rows=982 width=121)
	        Recheck Cond: ((id >= 419517) AND (id <= 420516))
	        ->  Bitmap Index Scan on sbtest5_pkey  (cost=0.00..34.26 rows=982 width=0)
	              Index Cond: ((id >= 419517) AND (id <= 420516))

table 6 : explain SELECT count(c) FROM sbtest6 WHERE id BETWEEN 1764250 AND 1765249
	Aggregate  (cost=4178.90..4178.91 rows=1 width=8)
	  ->  Bitmap Heap Scan on sbtest6  (cost=35.51..4176.20 rows=1080 width=121)
	        Recheck Cond: ((id >= 1764250) AND (id <= 1765249))
	        ->  Bitmap Index Scan on sbtest6_pkey  (cost=0.00..35.23 rows=1080 width=0)
	              Index Cond: ((id >= 1764250) AND (id <= 1765249))

table 7 : explain SELECT count(c) FROM sbtest7 WHERE id BETWEEN 4935445 AND 4936444
	Aggregate  (cost=3716.11..3716.12 rows=1 width=8)
	  ->  Bitmap Heap Scan on sbtest7  (cost=34.24..3713.71 rows=957 width=121)
	        Recheck Cond: ((id >= 4935445) AND (id <= 4936444))
	        ->  Bitmap Index Scan on sbtest7_pkey  (cost=0.00..34.01 rows=957 width=0)
	              Index Cond: ((id >= 4935445) AND (id <= 4936444))

table 8 : explain SELECT count(c) FROM sbtest8 WHERE id BETWEEN 5173581 AND 5174580
	Aggregate  (cost=3406.05..3406.06 rows=1 width=8)
	  ->  Bitmap Heap Scan on sbtest8  (cost=29.41..3403.86 rows=876 width=121)
	        Recheck Cond: ((id >= 5173581) AND (id <= 5174580))
	        ->  Bitmap Index Scan on sbtest8_pkey  (cost=0.00..29.19 rows=876 width=0)
	              Index Cond: ((id >= 5173581) AND (id <= 5174580))

for: count_ranges
table 1 : explain SELECT count(c) FROM sbtest1 WHERE id BETWEEN 3667066 AND 3668065
	Aggregate  (cost=3503.61..3503.62 rows=1 width=8)
	  ->  Bitmap Heap Scan on sbtest1  (cost=29.67..3501.36 rows=901 width=121)
	        Recheck Cond: ((id >= 3667066) AND (id <= 3668065))
	        ->  Bitmap Index Scan on sbtest1_pkey  (cost=0.00..29.44 rows=901 width=0)
	              Index Cond: ((id >= 3667066) AND (id <= 3668065))

table 2 : explain SELECT count(c) FROM sbtest2 WHERE id BETWEEN 5443668 AND 5444667
	Aggregate  (cost=3948.05..3948.06 rows=1 width=8)
	  ->  Bitmap Heap Scan on sbtest2  (cost=34.88..3945.51 rows=1019 width=121)
	        Recheck Cond: ((id >= 5443668) AND (id <= 5444667))
	        ->  Bitmap Index Scan on sbtest2_pkey  (cost=0.00..34.62 rows=1019 width=0)
	              Index Cond: ((id >= 5443668) AND (id <= 5444667))

table 3 : explain SELECT count(c) FROM sbtest3 WHERE id BETWEEN 1116057 AND 1117056
	Aggregate  (cost=4120.87..4120.88 rows=1 width=8)
	  ->  Bitmap Heap Scan on sbtest3  (cost=35.35..4118.20 rows=1065 width=121)
	        Recheck Cond: ((id >= 1116057) AND (id <= 1117056))
	        ->  Bitmap Index Scan on sbtest3_pkey  (cost=0.00..35.09 rows=1065 width=0)
	              Index Cond: ((id >= 1116057) AND (id <= 1117056))

table 4 : explain SELECT count(c) FROM sbtest4 WHERE id BETWEEN 6149416 AND 6150415
	Aggregate  (cost=4152.48..4152.49 rows=1 width=8)
	  ->  Bitmap Heap Scan on sbtest4  (cost=35.43..4149.79 rows=1073 width=121)
	        Recheck Cond: ((id >= 6149416) AND (id <= 6150415))
	        ->  Bitmap Index Scan on sbtest4_pkey  (cost=0.00..35.17 rows=1073 width=0)
	              Index Cond: ((id >= 6149416) AND (id <= 6150415))

table 5 : explain SELECT count(c) FROM sbtest5 WHERE id BETWEEN 8581107 AND 8582106
	Aggregate  (cost=3890.18..3890.19 rows=1 width=8)
	  ->  Bitmap Heap Scan on sbtest5  (cost=34.72..3887.68 rows=1003 width=121)
	        Recheck Cond: ((id >= 8581107) AND (id <= 8582106))
	        ->  Bitmap Index Scan on sbtest5_pkey  (cost=0.00..34.47 rows=1003 width=0)
	              Index Cond: ((id >= 8581107) AND (id <= 8582106))

table 6 : explain SELECT count(c) FROM sbtest6 WHERE id BETWEEN 9622066 AND 9623065
	Aggregate  (cost=4066.00..4066.01 rows=1 width=8)
	  ->  Bitmap Heap Scan on sbtest6  (cost=35.20..4063.37 rows=1050 width=121)
	        Recheck Cond: ((id >= 9622066) AND (id <= 9623065))
	        ->  Bitmap Index Scan on sbtest6_pkey  (cost=0.00..34.94 rows=1050 width=0)
	              Index Cond: ((id >= 9622066) AND (id <= 9623065))

table 7 : explain SELECT count(c) FROM sbtest7 WHERE id BETWEEN 473327 AND 474326
	Aggregate  (cost=4014.20..4014.21 rows=1 width=8)
	  ->  Bitmap Heap Scan on sbtest7  (cost=35.05..4011.61 rows=1036 width=121)
	        Recheck Cond: ((id >= 473327) AND (id <= 474326))
	        ->  Bitmap Index Scan on sbtest7_pkey  (cost=0.00..34.80 rows=1036 width=0)
	              Index Cond: ((id >= 473327) AND (id <= 474326))

table 8 : explain SELECT count(c) FROM sbtest8 WHERE id BETWEEN 5894214 AND 5895213
	Aggregate  (cost=4282.06..4282.07 rows=1 width=8)
	  ->  Bitmap Heap Scan on sbtest8  (cost=35.78..4279.29 rows=1107 width=121)
	        Recheck Cond: ((id >= 5894214) AND (id <= 5895213))
	        ->  Bitmap Index Scan on sbtest8_pkey  (cost=0.00..35.51 rows=1107 width=0)
	              Index Cond: ((id >= 5894214) AND (id <= 5895213))

for: count_ranges
table 1 : explain SELECT count(c) FROM sbtest1 WHERE id BETWEEN 8964014 AND 8965013
	Aggregate  (cost=3329.07..3329.08 rows=1 width=8)
	  ->  Bitmap Heap Scan on sbtest1  (cost=29.20..3326.93 rows=855 width=121)
	        Recheck Cond: ((id >= 8964014) AND (id <= 8965013))
	        ->  Bitmap Index Scan on sbtest1_pkey  (cost=0.00..28.98 rows=855 width=0)
	              Index Cond: ((id >= 8964014) AND (id <= 8965013))

table 2 : explain SELECT count(c) FROM sbtest2 WHERE id BETWEEN 8375148 AND 8376147
	Aggregate  (cost=3721.77..3721.78 rows=1 width=8)
	  ->  Bitmap Heap Scan on sbtest2  (cost=34.26..3719.38 rows=959 width=121)
	        Recheck Cond: ((id >= 8375148) AND (id <= 8376147))
	        ->  Bitmap Index Scan on sbtest2_pkey  (cost=0.00..34.03 rows=959 width=0)
	              Index Cond: ((id >= 8375148) AND (id <= 8376147))

table 3 : explain SELECT count(c) FROM sbtest3 WHERE id BETWEEN 5222229 AND 5223228
	Aggregate  (cost=3917.58..3917.59 rows=1 width=8)
	  ->  Bitmap Heap Scan on sbtest3  (cost=34.80..3915.05 rows=1011 width=121)
	        Recheck Cond: ((id >= 5222229) AND (id <= 5223228))
	        ->  Bitmap Index Scan on sbtest3_pkey  (cost=0.00..34.55 rows=1011 width=0)
	              Index Cond: ((id >= 5222229) AND (id <= 5223228))

table 4 : explain SELECT count(c) FROM sbtest4 WHERE id BETWEEN 525850 AND 526849
	Aggregate  (cost=4001.89..4001.90 rows=1 width=8)
	  ->  Bitmap Heap Scan on sbtest4  (cost=35.02..3999.30 rows=1033 width=121)
	        Recheck Cond: ((id >= 525850) AND (id <= 526849))
	        ->  Bitmap Index Scan on sbtest4_pkey  (cost=0.00..34.77 rows=1033 width=0)
	              Index Cond: ((id >= 525850) AND (id <= 526849))

table 5 : explain SELECT count(c) FROM sbtest5 WHERE id BETWEEN 1301779 AND 1302778
	Aggregate  (cost=3587.70..3587.71 rows=1 width=8)
	  ->  Bitmap Heap Scan on sbtest5  (cost=29.91..3585.39 rows=924 width=121)
	        Recheck Cond: ((id >= 1301779) AND (id <= 1302778))
	        ->  Bitmap Index Scan on sbtest5_pkey  (cost=0.00..29.68 rows=924 width=0)
	              Index Cond: ((id >= 1301779) AND (id <= 1302778))

table 6 : explain SELECT count(c) FROM sbtest6 WHERE id BETWEEN 4424784 AND 4425783
	Aggregate  (cost=3798.34..3798.35 rows=1 width=8)
	  ->  Bitmap Heap Scan on sbtest6  (cost=34.47..3795.90 rows=979 width=121)
	        Recheck Cond: ((id >= 4424784) AND (id <= 4425783))
	        ->  Bitmap Index Scan on sbtest6_pkey  (cost=0.00..34.23 rows=979 width=0)
	              Index Cond: ((id >= 4424784) AND (id <= 4425783))

table 7 : explain SELECT count(c) FROM sbtest7 WHERE id BETWEEN 628423 AND 629422
	Aggregate  (cost=3791.65..3791.66 rows=1 width=8)
	  ->  Bitmap Heap Scan on sbtest7  (cost=34.45..3789.21 rows=977 width=121)
	        Recheck Cond: ((id >= 628423) AND (id <= 629422))
	        ->  Bitmap Index Scan on sbtest7_pkey  (cost=0.00..34.20 rows=977 width=0)
	              Index Cond: ((id >= 628423) AND (id <= 629422))

table 8 : explain SELECT count(c) FROM sbtest8 WHERE id BETWEEN 7984948 AND 7985947
	Aggregate  (cost=4428.90..4428.91 rows=1 width=8)
	  ->  Bitmap Heap Scan on sbtest8  (cost=40.18..4426.03 rows=1146 width=121)
	        Recheck Cond: ((id >= 7984948) AND (id <= 7985947))
	        ->  Bitmap Index Scan on sbtest8_pkey  (cost=0.00..39.90 rows=1146 width=0)
	              Index Cond: ((id >= 7984948) AND (id <= 7985947))

for: count_ranges
table 1 : explain SELECT count(c) FROM sbtest1 WHERE id BETWEEN 372926 AND 373925
	Aggregate  (cost=3681.88..3681.89 rows=1 width=8)
	  ->  Bitmap Heap Scan on sbtest1  (cost=34.14..3679.51 rows=947 width=121)
	        Recheck Cond: ((id >= 372926) AND (id <= 373925))
	        ->  Bitmap Index Scan on sbtest1_pkey  (cost=0.00..33.91 rows=947 width=0)
	              Index Cond: ((id >= 372926) AND (id <= 373925))

table 2 : explain SELECT count(c) FROM sbtest2 WHERE id BETWEEN 9343293 AND 9344292
	Aggregate  (cost=3759.52..3759.53 rows=1 width=8)
	  ->  Bitmap Heap Scan on sbtest2  (cost=34.37..3757.10 rows=969 width=121)
	        Recheck Cond: ((id >= 9343293) AND (id <= 9344292))
	        ->  Bitmap Index Scan on sbtest2_pkey  (cost=0.00..34.12 rows=969 width=0)
	              Index Cond: ((id >= 9343293) AND (id <= 9344292))

table 3 : explain SELECT count(c) FROM sbtest3 WHERE id BETWEEN 3548381 AND 3549380
	Aggregate  (cost=3555.03..3555.04 rows=1 width=8)
	  ->  Bitmap Heap Scan on sbtest3  (cost=29.82..3552.74 rows=916 width=121)
	        Recheck Cond: ((id >= 3548381) AND (id <= 3549380))
	        ->  Bitmap Index Scan on sbtest3_pkey  (cost=0.00..29.59 rows=916 width=0)
	              Index Cond: ((id >= 3548381) AND (id <= 3549380))

table 4 : explain SELECT count(c) FROM sbtest4 WHERE id BETWEEN 432332 AND 433331
	Aggregate  (cost=3688.76..3688.77 rows=1 width=8)
	  ->  Bitmap Heap Scan on sbtest4  (cost=34.17..3686.39 rows=950 width=121)
	        Recheck Cond: ((id >= 432332) AND (id <= 433331))
	        ->  Bitmap Index Scan on sbtest4_pkey  (cost=0.00..33.94 rows=950 width=0)
	              Index Cond: ((id >= 432332) AND (id <= 433331))

table 5 : explain SELECT count(c) FROM sbtest5 WHERE id BETWEEN 4406650 AND 4407649
	Aggregate  (cost=3750.49..3750.50 rows=1 width=8)
	  ->  Bitmap Heap Scan on sbtest5  (cost=34.34..3748.08 rows=966 width=121)
	        Recheck Cond: ((id >= 4406650) AND (id <= 4407649))
	        ->  Bitmap Index Scan on sbtest5_pkey  (cost=0.00..34.09 rows=966 width=0)
	              Index Cond: ((id >= 4406650) AND (id <= 4407649))

table 6 : explain SELECT count(c) FROM sbtest6 WHERE id BETWEEN 9150575 AND 9151574
	Aggregate  (cost=4066.00..4066.01 rows=1 width=8)
	  ->  Bitmap Heap Scan on sbtest6  (cost=35.20..4063.37 rows=1050 width=121)
	        Recheck Cond: ((id >= 9150575) AND (id <= 9151574))
	        ->  Bitmap Index Scan on sbtest6_pkey  (cost=0.00..34.94 rows=1050 width=0)
	              Index Cond: ((id >= 9150575) AND (id <= 9151574))

table 7 : explain SELECT count(c) FROM sbtest7 WHERE id BETWEEN 3078222 AND 3079221
	Aggregate  (cost=3735.00..3735.01 rows=1 width=8)
	  ->  Bitmap Heap Scan on sbtest7  (cost=34.30..3732.59 rows=962 width=121)
	        Recheck Cond: ((id >= 3078222) AND (id <= 3079221))
	        ->  Bitmap Index Scan on sbtest7_pkey  (cost=0.00..34.06 rows=962 width=0)
	              Index Cond: ((id >= 3078222) AND (id <= 3079221))

table 8 : explain SELECT count(c) FROM sbtest8 WHERE id BETWEEN 3877557 AND 3878556
	Aggregate  (cost=4120.25..4120.26 rows=1 width=8)
	  ->  Bitmap Heap Scan on sbtest8  (cost=35.34..4117.59 rows=1064 width=121)
	        Recheck Cond: ((id >= 3877557) AND (id <= 3878556))
	        ->  Bitmap Index Scan on sbtest8_pkey  (cost=0.00..35.08 rows=1064 width=0)
	              Index Cond: ((id >= 3877557) AND (id <= 3878556))

for: count_ranges
table 1 : explain SELECT count(c) FROM sbtest1 WHERE id BETWEEN 8926835 AND 8927834
	Aggregate  (cost=3329.07..3329.08 rows=1 width=8)
	  ->  Bitmap Heap Scan on sbtest1  (cost=29.20..3326.93 rows=855 width=121)
	        Recheck Cond: ((id >= 8926835) AND (id <= 8927834))
	        ->  Bitmap Index Scan on sbtest1_pkey  (cost=0.00..28.98 rows=855 width=0)
	              Index Cond: ((id >= 8926835) AND (id <= 8927834))

table 2 : explain SELECT count(c) FROM sbtest2 WHERE id BETWEEN 624055 AND 625054
	Aggregate  (cost=3929.21..3929.22 rows=1 width=8)
	  ->  Bitmap Heap Scan on sbtest2  (cost=34.83..3926.68 rows=1014 width=121)
	        Recheck Cond: ((id >= 624055) AND (id <= 625054))
	        ->  Bitmap Index Scan on sbtest2_pkey  (cost=0.00..34.58 rows=1014 width=0)
	              Index Cond: ((id >= 624055) AND (id <= 625054))

table 3 : explain SELECT count(c) FROM sbtest3 WHERE id BETWEEN 7687890 AND 7688889
	Aggregate  (cost=3808.26..3808.27 rows=1 width=8)
	  ->  Bitmap Heap Scan on sbtest3  (cost=34.50..3805.80 rows=982 width=121)
	        Recheck Cond: ((id >= 7687890) AND (id <= 7688889))
	        ->  Bitmap Index Scan on sbtest3_pkey  (cost=0.00..34.26 rows=982 width=0)
	              Index Cond: ((id >= 7687890) AND (id <= 7688889))

table 4 : explain SELECT count(c) FROM sbtest4 WHERE id BETWEEN 3771422 AND 3772421
	Aggregate  (cost=3741.64..3741.65 rows=1 width=8)
	  ->  Bitmap Heap Scan on sbtest4  (cost=34.32..3739.23 rows=964 width=121)
	        Recheck Cond: ((id >= 3771422) AND (id <= 3772421))
	        ->  Bitmap Index Scan on sbtest4_pkey  (cost=0.00..34.08 rows=964 width=0)
	              Index Cond: ((id >= 3771422) AND (id <= 3772421))

table 5 : explain SELECT count(c) FROM sbtest5 WHERE id BETWEEN 9692961 AND 9693960
	Aggregate  (cost=3322.54..3322.55 rows=1 width=8)
	  ->  Bitmap Heap Scan on sbtest5  (cost=29.19..3320.40 rows=854 width=121)
	        Recheck Cond: ((id >= 9692961) AND (id <= 9693960))
	        ->  Bitmap Index Scan on sbtest5_pkey  (cost=0.00..28.97 rows=854 width=0)
	              Index Cond: ((id >= 9692961) AND (id <= 9693960))

table 6 : explain SELECT count(c) FROM sbtest6 WHERE id BETWEEN 3115973 AND 3116972
	Aggregate  (cost=4193.94..4193.95 rows=1 width=8)
	  ->  Bitmap Heap Scan on sbtest6  (cost=35.55..4191.23 rows=1084 width=121)
	        Recheck Cond: ((id >= 3115973) AND (id <= 3116972))
	        ->  Bitmap Index Scan on sbtest6_pkey  (cost=0.00..35.28 rows=1084 width=0)
	              Index Cond: ((id >= 3115973) AND (id <= 3116972))

table 7 : explain SELECT count(c) FROM sbtest7 WHERE id BETWEEN 200462 AND 201461
	Aggregate  (cost=3610.04..3610.05 rows=1 width=8)
	  ->  Bitmap Heap Scan on sbtest7  (cost=29.97..3607.71 rows=930 width=121)
	        Recheck Cond: ((id >= 200462) AND (id <= 201461))
	        ->  Bitmap Index Scan on sbtest7_pkey  (cost=0.00..29.73 rows=930 width=0)
	              Index Cond: ((id >= 200462) AND (id <= 201461))

table 8 : explain SELECT count(c) FROM sbtest8 WHERE id BETWEEN 9428073 AND 9429072
	Aggregate  (cost=4199.30..4199.31 rows=1 width=8)
	  ->  Bitmap Heap Scan on sbtest8  (cost=35.56..4196.59 rows=1085 width=121)
	        Recheck Cond: ((id >= 9428073) AND (id <= 9429072))
	        ->  Bitmap Index Scan on sbtest8_pkey  (cost=0.00..35.29 rows=1085 width=0)
	              Index Cond: ((id >= 9428073) AND (id <= 9429072))

Threads started!

Warming up for 5 seconds...

SQL statistics:
    queries performed:
        read:                            19027079
        write:                           0
        other:                           0
        total:                           19027079
    transactions:                        19027079 (30201.43 per sec.)
    queries:                             19027079 (30201.43 per sec.)
    ignored errors:                      0      (0.00 per sec.)
    reconnects:                          0      (0.00 per sec.)

Throughput:
    events/s (eps):                      30201.4262
    time elapsed:                        630.0061s
    total number of events:              19027079

Latency (ms):
         min:                                    0.10
         avg:                                    1.32
         max:                                   13.44
         95th percentile:                        1.42
         sum:                             25190058.70

Threads fairness:
    events (avg/stddev):           475676.5750/1070.92
    execution time (avg/stddev):   629.7515/0.01

