LUA_PATH=/home/mdcallag/git/mytools/bench/sysbench.lua/lua/?.lua /home/mdcallag/git/mytools/bench/sysbench.lua/lua/sysbench --db-driver=pgsql --range-size=1000 --table-size=10000000 --tables=8 --threads=40 --events=0 --warmup-time=5 --time=630 --pgsql_conn_id=true /home/mdcallag/git/mytools/bench/sysbench.lua/lua/oltp_read_only.lua run --pgsql-user=root --pgsql-password=pw --pgsql-host=127.0.0.1 --pgsql-db=ib --rand-type=uniform --simple-ranges=0 --sum-ranges=0 --order-ranges=1 --distinct-ranges=0
48 CPUs
sysbench 1.1.0-9072687 (using bundled LuaJIT 2.1.0-beta3)

Running the test with following options:
Number of threads: 40
Warmup time: 5s
Initializing random number generator from current time


Initializing worker threads...

explain: for point_selects :: explain SELECT c FROM sbtest%u WHERE id=%u
explain: for point_selects :: explain SELECT c FROM sbtest%u WHERE id=%u
explain: for point_selects :: explain SELECT c FROM sbtest%u WHERE id=%u
explain: for point_selects :: explain SELECT c FROM sbtest%u WHERE id=%u
explain: for point_selects :: explain SELECT c FROM sbtest%u WHERE id=%u
for point_selects
table 1 : explain SELECT c FROM sbtest1 WHERE id=3996428
	Index Scan using sbtest1_pkey on sbtest1  (cost=0.43..8.45 rows=1 width=121)
	  Index Cond: (id = 3996428)

table 2 : explain SELECT c FROM sbtest2 WHERE id=2003368
	Index Scan using sbtest2_pkey on sbtest2  (cost=0.43..8.45 rows=1 width=121)
	  Index Cond: (id = 2003368)

table 3 : explain SELECT c FROM sbtest3 WHERE id=4687191
	Index Scan using sbtest3_pkey on sbtest3  (cost=0.43..8.45 rows=1 width=121)
	  Index Cond: (id = 4687191)

table 4 : explain SELECT c FROM sbtest4 WHERE id=4280799
	Index Scan using sbtest4_pkey on sbtest4  (cost=0.43..8.45 rows=1 width=121)
	  Index Cond: (id = 4280799)

table 5 : explain SELECT c FROM sbtest5 WHERE id=5629179
	Index Scan using sbtest5_pkey on sbtest5  (cost=0.43..8.45 rows=1 width=121)
	  Index Cond: (id = 5629179)

table 6 : explain SELECT c FROM sbtest6 WHERE id=1640484
	Index Scan using sbtest6_pkey on sbtest6  (cost=0.43..8.45 rows=1 width=121)
	  Index Cond: (id = 1640484)

table 7 : explain SELECT c FROM sbtest7 WHERE id=3398423
	Index Scan using sbtest7_pkey on sbtest7  (cost=0.43..8.45 rows=1 width=121)
	  Index Cond: (id = 3398423)

table 8 : explain SELECT c FROM sbtest8 WHERE id=8272372
	Index Scan using sbtest8_pkey on sbtest8  (cost=0.43..8.45 rows=1 width=121)
	  Index Cond: (id = 8272372)

for point_selects
table 1 : explain SELECT c FROM sbtest1 WHERE id=714718
	Index Scan using sbtest1_pkey on sbtest1  (cost=0.43..8.45 rows=1 width=121)
	  Index Cond: (id = 714718)

table 2 : explain SELECT c FROM sbtest2 WHERE id=3797421
	Index Scan using sbtest2_pkey on sbtest2  (cost=0.43..8.45 rows=1 width=121)
	  Index Cond: (id = 3797421)

table 3 : explain SELECT c FROM sbtest3 WHERE id=1858408
	Index Scan using sbtest3_pkey on sbtest3  (cost=0.43..8.45 rows=1 width=121)
	  Index Cond: (id = 1858408)

table 4 : explain SELECT c FROM sbtest4 WHERE id=6180784
	Index Scan using sbtest4_pkey on sbtest4  (cost=0.43..8.45 rows=1 width=121)
	  Index Cond: (id = 6180784)

table 5 : explain SELECT c FROM sbtest5 WHERE id=6846105
	Index Scan using sbtest5_pkey on sbtest5  (cost=0.43..8.45 rows=1 width=121)
	  Index Cond: (id = 6846105)

table 6 : explain SELECT c FROM sbtest6 WHERE id=3825407
	Index Scan using sbtest6_pkey on sbtest6  (cost=0.43..8.45 rows=1 width=121)
	  Index Cond: (id = 3825407)

table 7 : explain SELECT c FROM sbtest7 WHERE id=2611143
	Index Scan using sbtest7_pkey on sbtest7  (cost=0.43..8.45 rows=1 width=121)
	  Index Cond: (id = 2611143)

table 8 : explain SELECT c FROM sbtest8 WHERE id=9492283
	Index Scan using sbtest8_pkey on sbtest8  (cost=0.43..8.45 rows=1 width=121)
	  Index Cond: (id = 9492283)

explain: for point_selects :: explain SELECT c FROM sbtest%u WHERE id=%u
for point_selects
table 1 : explain SELECT c FROM sbtest1 WHERE id=6168123
	Index Scan using sbtest1_pkey on sbtest1  (cost=0.43..8.45 rows=1 width=121)
	  Index Cond: (id = 6168123)

table 2 : explain SELECT c FROM sbtest2 WHERE id=7395187
	Index Scan using sbtest2_pkey on sbtest2  (cost=0.43..8.45 rows=1 width=121)
	  Index Cond: (id = 7395187)

table 3 : explain SELECT c FROM sbtest3 WHERE id=5868489
	Index Scan using sbtest3_pkey on sbtest3  (cost=0.43..8.45 rows=1 width=121)
	  Index Cond: (id = 5868489)

table 4 : explain SELECT c FROM sbtest4 WHERE id=8583299
	Index Scan using sbtest4_pkey on sbtest4  (cost=0.43..8.45 rows=1 width=121)
	  Index Cond: (id = 8583299)

table 5 : explain SELECT c FROM sbtest5 WHERE id=6486682
	Index Scan using sbtest5_pkey on sbtest5  (cost=0.43..8.45 rows=1 width=121)
	  Index Cond: (id = 6486682)

table 6 : explain SELECT c FROM sbtest6 WHERE id=1962627
	Index Scan using sbtest6_pkey on sbtest6  (cost=0.43..8.45 rows=1 width=121)
	  Index Cond: (id = 1962627)

table 7 : explain SELECT c FROM sbtest7 WHERE id=7376264
	Index Scan using sbtest7_pkey on sbtest7  (cost=0.43..8.45 rows=1 width=121)
	  Index Cond: (id = 7376264)

table 8 : explain SELECT c FROM sbtest8 WHERE id=9626
	Index Scan using sbtest8_pkey on sbtest8  (cost=0.43..8.45 rows=1 width=121)
	  Index Cond: (id = 9626)

for: simple_ranges
table 1 : explain SELECT c FROM sbtest1 WHERE id BETWEEN 8208324 AND 8209323
	Bitmap Heap Scan on sbtest1  (cost=30.02..3630.11 rows=935 width=121)
	  Recheck Cond: ((id >= 8208324) AND (id <= 8209323))
	  ->  Bitmap Index Scan on sbtest1_pkey  (cost=0.00..29.79 rows=935 width=0)
	        Index Cond: ((id >= 8208324) AND (id <= 8209323))

table 2 : explain SELECT c FROM sbtest2 WHERE id BETWEEN 1194952 AND 1195951
	Bitmap Heap Scan on sbtest2  (cost=35.46..4159.90 rows=1076 width=121)
	  Recheck Cond: ((id >= 1194952) AND (id <= 1195951))
	  ->  Bitmap Index Scan on sbtest2_pkey  (cost=0.00..35.20 rows=1076 width=0)
	        Index Cond: ((id >= 1194952) AND (id <= 1195951))

table 3 : explain SELECT c FROM sbtest3 WHERE id BETWEEN 109764 AND 110763
	Bitmap Heap Scan on sbtest3  (cost=34.67..3869.86 rows=999 width=121)
	  Recheck Cond: ((id >= 109764) AND (id <= 110763))
	  ->  Bitmap Index Scan on sbtest3_pkey  (cost=0.00..34.43 rows=999 width=0)
	        Index Cond: ((id >= 109764) AND (id <= 110763))

table 4 : explain SELECT c FROM sbtest4 WHERE id BETWEEN 881593 AND 882592
	Bitmap Heap Scan on sbtest4  (cost=34.29..3727.91 rows=961 width=121)
	  Recheck Cond: ((id >= 881593) AND (id <= 882592))
	  ->  Bitmap Index Scan on sbtest4_pkey  (cost=0.00..34.05 rows=961 width=0)
	        Index Cond: ((id >= 881593) AND (id <= 882592))

table 5 : explain SELECT c FROM sbtest5 WHERE id BETWEEN 5071469 AND 5072468
	Bitmap Heap Scan on sbtest5  (cost=34.67..3872.59 rows=999 width=121)
	  Recheck Cond: ((id >= 5071469) AND (id <= 5072468))
	  ->  Bitmap Index Scan on sbtest5_pkey  (cost=0.00..34.43 rows=999 width=0)
	        Index Cond: ((id >= 5071469) AND (id <= 5072468))

table 6 : explain SELECT c FROM sbtest6 WHERE id BETWEEN 6051889 AND 6052888
	Bitmap Heap Scan on sbtest6  (cost=35.41..4142.36 rows=1071 width=121)
	  Recheck Cond: ((id >= 6051889) AND (id <= 6052888))
	  ->  Bitmap Index Scan on sbtest6_pkey  (cost=0.00..35.15 rows=1071 width=0)
	        Index Cond: ((id >= 6051889) AND (id <= 6052888))

table 7 : explain SELECT c FROM sbtest7 WHERE id BETWEEN 6146103 AND 6147102
	Bitmap Heap Scan on sbtest7  (cost=34.67..3872.19 rows=999 width=121)
	  Recheck Cond: ((id >= 6146103) AND (id <= 6147102))
	  ->  Bitmap Index Scan on sbtest7_pkey  (cost=0.00..34.43 rows=999 width=0)
	        Index Cond: ((id >= 6146103) AND (id <= 6147102))

table 8 : explain SELECT c FROM sbtest8 WHERE id BETWEEN 3536136 AND 3537135
	Bitmap Heap Scan on sbtest8  (cost=34.24..3714.21 rows=957 width=121)
	  Recheck Cond: ((id >= 3536136) AND (id <= 3537135))
	  ->  Bitmap Index Scan on sbtest8_pkey  (cost=0.00..34.01 rows=957 width=0)
	        Index Cond: ((id >= 3536136) AND (id <= 3537135))

for: simple_ranges
table 1 : explain SELECT c FROM sbtest1 WHERE id BETWEEN 4843715 AND 4844714
	Bitmap Heap Scan on sbtest1  (cost=35.20..4068.48 rows=1050 width=121)
	  Recheck Cond: ((id >= 4843715) AND (id <= 4844714))
	  ->  Bitmap Index Scan on sbtest1_pkey  (cost=0.00..34.94 rows=1050 width=0)
	        Index Cond: ((id >= 4843715) AND (id <= 4844714))

table 2 : explain SELECT c FROM sbtest2 WHERE id BETWEEN 1989367 AND 1990366
	Bitmap Heap Scan on sbtest2  (cost=34.78..3907.85 rows=1009 width=121)
	  Recheck Cond: ((id >= 1989367) AND (id <= 1990366))
	  ->  Bitmap Index Scan on sbtest2_pkey  (cost=0.00..34.53 rows=1009 width=0)
	        Index Cond: ((id >= 1989367) AND (id <= 1990366))

table 3 : explain SELECT c FROM sbtest3 WHERE id BETWEEN 6378647 AND 6379646
	Bitmap Heap Scan on sbtest3  (cost=35.86..4302.25 rows=1115 width=121)
	  Recheck Cond: ((id >= 6378647) AND (id <= 6379646))
	  ->  Bitmap Index Scan on sbtest3_pkey  (cost=0.00..35.59 rows=1115 width=0)
	        Index Cond: ((id >= 6378647) AND (id <= 6379646))

table 4 : explain SELECT c FROM sbtest4 WHERE id BETWEEN 8064630 AND 8065629
	Bitmap Heap Scan on sbtest4  (cost=34.11..3663.73 rows=944 width=121)
	  Recheck Cond: ((id >= 8064630) AND (id <= 8065629))
	  ->  Bitmap Index Scan on sbtest4_pkey  (cost=0.00..33.88 rows=944 width=0)
	        Index Cond: ((id >= 8064630) AND (id <= 8065629))

table 5 : explain SELECT c FROM sbtest5 WHERE id BETWEEN 5085107 AND 5086106
	Bitmap Heap Scan on sbtest5  (cost=34.67..3872.59 rows=999 width=121)
	  Recheck Cond: ((id >= 5085107) AND (id <= 5086106))
	  ->  Bitmap Index Scan on sbtest5_pkey  (cost=0.00..34.43 rows=999 width=0)
	        Index Cond: ((id >= 5085107) AND (id <= 5086106))

table 6 : explain SELECT c FROM sbtest6 WHERE id BETWEEN 8841141 AND 8842140
	Bitmap Heap Scan on sbtest6  (cost=29.91..3584.25 rows=924 width=121)
	  Recheck Cond: ((id >= 8841141) AND (id <= 8842140))
	  ->  Bitmap Index Scan on sbtest6_pkey  (cost=0.00..29.68 rows=924 width=0)
	        Index Cond: ((id >= 8841141) AND (id <= 8842140))

table 7 : explain SELECT c FROM sbtest7 WHERE id BETWEEN 5897682 AND 5898681
	Bitmap Heap Scan on sbtest7  (cost=29.94..3596.38 rows=927 width=121)
	  Recheck Cond: ((id >= 5897682) AND (id <= 5898681))
	  ->  Bitmap Index Scan on sbtest7_pkey  (cost=0.00..29.70 rows=927 width=0)
	        Index Cond: ((id >= 5897682) AND (id <= 5898681))

table 8 : explain SELECT c FROM sbtest8 WHERE id BETWEEN 8066094 AND 8067093
	Bitmap Heap Scan on sbtest8  (cost=40.18..4426.03 rows=1146 width=121)
	  Recheck Cond: ((id >= 8066094) AND (id <= 8067093))
	  ->  Bitmap Index Scan on sbtest8_pkey  (cost=0.00..39.90 rows=1146 width=0)
	        Index Cond: ((id >= 8066094) AND (id <= 8067093))

for point_selects
table 1 : explain SELECT c FROM sbtest1 WHERE id=3197413
	Index Scan using sbtest1_pkey on sbtest1  (cost=0.43..8.45 rows=1 width=121)
	  Index Cond: (id = 3197413)

table 2 : explain SELECT c FROM sbtest2 WHERE id=2677206
	Index Scan using sbtest2_pkey on sbtest2  (cost=0.43..8.45 rows=1 width=121)
	  Index Cond: (id = 2677206)

table 3 : explain SELECT c FROM sbtest3 WHERE id=3352234
	Index Scan using sbtest3_pkey on sbtest3  (cost=0.43..8.45 rows=1 width=121)
	  Index Cond: (id = 3352234)

table 4 : explain SELECT c FROM sbtest4 WHERE id=6722962
	Index Scan using sbtest4_pkey on sbtest4  (cost=0.43..8.45 rows=1 width=121)
	  Index Cond: (id = 6722962)

table 5 : explain SELECT c FROM sbtest5 WHERE id=1734703
	Index Scan using sbtest5_pkey on sbtest5  (cost=0.43..8.45 rows=1 width=121)
	  Index Cond: (id = 1734703)

table 6 : explain SELECT c FROM sbtest6 WHERE id=6744083
	Index Scan using sbtest6_pkey on sbtest6  (cost=0.43..8.45 rows=1 width=121)
	  Index Cond: (id = 6744083)

table 7 : explain SELECT c FROM sbtest7 WHERE id=4936054
	Index Scan using sbtest7_pkey on sbtest7  (cost=0.43..8.45 rows=1 width=121)
	  Index Cond: (id = 4936054)

table 8 : explain SELECT c FROM sbtest8 WHERE id=606035
	Index Scan using sbtest8_pkey on sbtest8  (cost=0.43..8.45 rows=1 width=121)
	  Index Cond: (id = 606035)

for: simple_ranges
table 1 : explain SELECT c FROM sbtest1 WHERE id BETWEEN 5581531 AND 5582530
	Bitmap Heap Scan on sbtest1  (cost=34.63..3860.94 rows=995 width=121)
	  Recheck Cond: ((id >= 5581531) AND (id <= 5582530))
	  ->  Bitmap Index Scan on sbtest1_pkey  (cost=0.00..34.39 rows=995 width=0)
	        Index Cond: ((id >= 5581531) AND (id <= 5582530))

table 2 : explain SELECT c FROM sbtest2 WHERE id BETWEEN 620954 AND 621953
	Bitmap Heap Scan on sbtest2  (cost=34.83..3926.68 rows=1014 width=121)
	  Recheck Cond: ((id >= 620954) AND (id <= 621953))
	  ->  Bitmap Index Scan on sbtest2_pkey  (cost=0.00..34.58 rows=1014 width=0)
	        Index Cond: ((id >= 620954) AND (id <= 621953))

table 3 : explain SELECT c FROM sbtest3 WHERE id BETWEEN 6908401 AND 6909400
	Bitmap Heap Scan on sbtest3  (cost=34.53..3817.11 rows=985 width=121)
	  Recheck Cond: ((id >= 6908401) AND (id <= 6909400))
	  ->  Bitmap Index Scan on sbtest3_pkey  (cost=0.00..34.29 rows=985 width=0)
	        Index Cond: ((id >= 6908401) AND (id <= 6909400))

table 4 : explain SELECT c FROM sbtest4 WHERE id BETWEEN 1639092 AND 1640091
	Bitmap Heap Scan on sbtest4  (cost=34.14..3675.06 rows=947 width=121)
	  Recheck Cond: ((id >= 1639092) AND (id <= 1640091))
	  ->  Bitmap Index Scan on sbtest4_pkey  (cost=0.00..33.91 rows=947 width=0)
	        Index Cond: ((id >= 1639092) AND (id <= 1640091))

table 5 : explain SELECT c FROM sbtest5 WHERE id BETWEEN 9012712 AND 9013711
	Bitmap Heap Scan on sbtest5  (cost=34.73..3891.45 rows=1004 width=121)
	  Recheck Cond: ((id >= 9012712) AND (id <= 9013711))
	  ->  Bitmap Index Scan on sbtest5_pkey  (cost=0.00..34.48 rows=1004 width=0)
	        Index Cond: ((id >= 9012712) AND (id <= 9013711))

table 6 : explain SELECT c FROM sbtest6 WHERE id BETWEEN 1904135 AND 1905134
	Bitmap Heap Scan on sbtest6  (cost=34.59..3841.15 rows=991 width=121)
	  Recheck Cond: ((id >= 1904135) AND (id <= 1905134))
	  ->  Bitmap Index Scan on sbtest6_pkey  (cost=0.00..34.34 rows=991 width=0)
	        Index Cond: ((id >= 1904135) AND (id <= 1905134))

table 7 : explain SELECT c FROM sbtest7 WHERE id BETWEEN 8317106 AND 8318105
	Bitmap Heap Scan on sbtest7  (cost=35.29..4098.19 rows=1059 width=121)
	  Recheck Cond: ((id >= 8317106) AND (id <= 8318105))
	  ->  Bitmap Index Scan on sbtest7_pkey  (cost=0.00..35.03 rows=1059 width=0)
	        Index Cond: ((id >= 8317106) AND (id <= 8318105))

table 8 : explain SELECT c FROM sbtest8 WHERE id BETWEEN 3562009 AND 3563008
	Bitmap Heap Scan on sbtest8  (cost=34.24..3714.21 rows=957 width=121)
	  Recheck Cond: ((id >= 3562009) AND (id <= 3563008))
	  ->  Bitmap Index Scan on sbtest8_pkey  (cost=0.00..34.01 rows=957 width=0)
	        Index Cond: ((id >= 3562009) AND (id <= 3563008))

for point_selects
table 1 : explain SELECT c FROM sbtest1 WHERE id=7041143
	Index Scan using sbtest1_pkey on sbtest1  (cost=0.43..8.45 rows=1 width=121)
	  Index Cond: (id = 7041143)

table 2 : explain SELECT c FROM sbtest2 WHERE id=1718641
	Index Scan using sbtest2_pkey on sbtest2  (cost=0.43..8.45 rows=1 width=121)
	  Index Cond: (id = 1718641)

table 3 : explain SELECT c FROM sbtest3 WHERE id=5851318
	Index Scan using sbtest3_pkey on sbtest3  (cost=0.43..8.45 rows=1 width=121)
	  Index Cond: (id = 5851318)

table 4 : explain SELECT c FROM sbtest4 WHERE id=1038683
	Index Scan using sbtest4_pkey on sbtest4  (cost=0.43..8.45 rows=1 width=121)
	  Index Cond: (id = 1038683)

table 5 : explain SELECT c FROM sbtest5 WHERE id=3502853
	Index Scan using sbtest5_pkey on sbtest5  (cost=0.43..8.45 rows=1 width=121)
	  Index Cond: (id = 3502853)

table 6 : explain SELECT c FROM sbtest6 WHERE id=2682896
	Index Scan using sbtest6_pkey on sbtest6  (cost=0.43..8.45 rows=1 width=121)
	  Index Cond: (id = 2682896)

table 7 : explain SELECT c FROM sbtest7 WHERE id=3507829
	Index Scan using sbtest7_pkey on sbtest7  (cost=0.43..8.45 rows=1 width=121)
	  Index Cond: (id = 3507829)

table 8 : explain SELECT c FROM sbtest8 WHERE id=9044052
	Index Scan using sbtest8_pkey on sbtest8  (cost=0.43..8.45 rows=1 width=121)
	  Index Cond: (id = 9044052)

for point_selects
table 1 : explain SELECT c FROM sbtest1 WHERE id=3468569
	Index Scan using sbtest1_pkey on sbtest1  (cost=0.43..8.45 rows=1 width=121)
	  Index Cond: (id = 3468569)

table 2 : explain SELECT c FROM sbtest2 WHERE id=3379358
	Index Scan using sbtest2_pkey on sbtest2  (cost=0.43..8.45 rows=1 width=121)
	  Index Cond: (id = 3379358)

table 3 : explain SELECT c FROM sbtest3 WHERE id=8566154
	Index Scan using sbtest3_pkey on sbtest3  (cost=0.43..8.45 rows=1 width=121)
	  Index Cond: (id = 8566154)

table 4 : explain SELECT c FROM sbtest4 WHERE id=2181333
	Index Scan using sbtest4_pkey on sbtest4  (cost=0.43..8.45 rows=1 width=121)
	  Index Cond: (id = 2181333)

table 5 : explain SELECT c FROM sbtest5 WHERE id=9176556
	Index Scan using sbtest5_pkey on sbtest5  (cost=0.43..8.45 rows=1 width=121)
	  Index Cond: (id = 9176556)

table 6 : explain SELECT c FROM sbtest6 WHERE id=9151038
	Index Scan using sbtest6_pkey on sbtest6  (cost=0.43..8.45 rows=1 width=121)
	  Index Cond: (id = 9151038)

table 7 : explain SELECT c FROM sbtest7 WHERE id=3965089
	Index Scan using sbtest7_pkey on sbtest7  (cost=0.43..8.45 rows=1 width=121)
	  Index Cond: (id = 3965089)

table 8 : explain SELECT c FROM sbtest8 WHERE id=317748
	Index Scan using sbtest8_pkey on sbtest8  (cost=0.43..8.45 rows=1 width=121)
	  Index Cond: (id = 317748)

explain: for point_selects :: explain SELECT c FROM sbtest%u WHERE id=%u
for: simple_ranges
table 1 : explain SELECT c FROM sbtest1 WHERE id BETWEEN 8442846 AND 8443845
	Bitmap Heap Scan on sbtest1  (cost=29.82..3558.18 rows=916 width=121)
	  Recheck Cond: ((id >= 8442846) AND (id <= 8443845))
	  ->  Bitmap Index Scan on sbtest1_pkey  (cost=0.00..29.59 rows=916 width=0)
	        Index Cond: ((id >= 8442846) AND (id <= 8443845))

table 2 : explain SELECT c FROM sbtest2 WHERE id BETWEEN 3281856 AND 3282855
	Bitmap Heap Scan on sbtest2  (cost=35.33..4111.04 rows=1063 width=121)
	  Recheck Cond: ((id >= 3281856) AND (id <= 3282855))
	  ->  Bitmap Index Scan on sbtest2_pkey  (cost=0.00..35.07 rows=1063 width=0)
	        Index Cond: ((id >= 3281856) AND (id <= 3282855))

table 3 : explain SELECT c FROM sbtest3 WHERE id BETWEEN 251320 AND 252319
	Bitmap Heap Scan on sbtest3  (cost=35.28..4091.89 rows=1058 width=121)
	  Recheck Cond: ((id >= 251320) AND (id <= 252319))
	  ->  Bitmap Index Scan on sbtest3_pkey  (cost=0.00..35.02 rows=1058 width=0)
	        Index Cond: ((id >= 251320) AND (id <= 252319))

table 4 : explain SELECT c FROM sbtest4 WHERE id BETWEEN 3459289 AND 3460288
	Bitmap Heap Scan on sbtest4  (cost=34.34..3746.78 rows=966 width=121)
	  Recheck Cond: ((id >= 3459289) AND (id <= 3460288))
	  ->  Bitmap Index Scan on sbtest4_pkey  (cost=0.00..34.09 rows=966 width=0)
	        Index Cond: ((id >= 3459289) AND (id <= 3460288))

table 5 : explain SELECT c FROM sbtest5 WHERE id BETWEEN 8471450 AND 8472449
	Bitmap Heap Scan on sbtest5  (cost=35.23..4076.05 rows=1053 width=121)
	  Recheck Cond: ((id >= 8471450) AND (id <= 8472449))
	  ->  Bitmap Index Scan on sbtest5_pkey  (cost=0.00..34.97 rows=1053 width=0)
	        Index Cond: ((id >= 8471450) AND (id <= 8472449))

table 6 : explain SELECT c FROM sbtest6 WHERE id BETWEEN 1698652 AND 1699651
	Bitmap Heap Scan on sbtest6  (cost=35.15..4044.56 rows=1045 width=121)
	  Recheck Cond: ((id >= 1698652) AND (id <= 1699651))
	  ->  Bitmap Index Scan on sbtest6_pkey  (cost=0.00..34.89 rows=1045 width=0)
	        Index Cond: ((id >= 1698652) AND (id <= 1699651))

table 7 : explain SELECT c FROM sbtest7 WHERE id BETWEEN 5163947 AND 5164946
	Bitmap Heap Scan on sbtest7  (cost=35.39..4135.82 rows=1069 width=121)
	  Recheck Cond: ((id >= 5163947) AND (id <= 5164946))
	  ->  Bitmap Index Scan on sbtest7_pkey  (cost=0.00..35.12 rows=1069 width=0)
	        Index Cond: ((id >= 5163947) AND (id <= 5164946))

table 8 : explain SELECT c FROM sbtest8 WHERE id BETWEEN 479111 AND 480110
	Bitmap Heap Scan on sbtest8  (cost=29.69..3506.07 rows=903 width=121)
	  Recheck Cond: ((id >= 479111) AND (id <= 480110))
	  ->  Bitmap Index Scan on sbtest8_pkey  (cost=0.00..29.46 rows=903 width=0)
	        Index Cond: ((id >= 479111) AND (id <= 480110))

for: simple_ranges
table 1 : explain SELECT c FROM sbtest1 WHERE id BETWEEN 5610358 AND 5611357
	Bitmap Heap Scan on sbtest1  (cost=34.63..3860.94 rows=995 width=121)
	  Recheck Cond: ((id >= 5610358) AND (id <= 5611357))
	  ->  Bitmap Index Scan on sbtest1_pkey  (cost=0.00..34.39 rows=995 width=0)
	        Index Cond: ((id >= 5610358) AND (id <= 5611357))

table 2 : explain SELECT c FROM sbtest2 WHERE id BETWEEN 4728027 AND 4729026
	Bitmap Heap Scan on sbtest2  (cost=35.30..4099.76 rows=1060 width=121)
	  Recheck Cond: ((id >= 4728027) AND (id <= 4729026))
	  ->  Bitmap Index Scan on sbtest2_pkey  (cost=0.00..35.04 rows=1060 width=0)
	        Index Cond: ((id >= 4728027) AND (id <= 4729026))

table 3 : explain SELECT c FROM sbtest3 WHERE id BETWEEN 5277646 AND 5278645
	Bitmap Heap Scan on sbtest3  (cost=30.03..3628.28 rows=936 width=121)
	  Recheck Cond: ((id >= 5277646) AND (id <= 5278645))
	  ->  Bitmap Index Scan on sbtest3_pkey  (cost=0.00..29.79 rows=936 width=0)
	        Index Cond: ((id >= 5277646) AND (id <= 5278645))

table 4 : explain SELECT c FROM sbtest4 WHERE id BETWEEN 1879965 AND 1880964
	Bitmap Heap Scan on sbtest4  (cost=34.12..3667.51 rows=945 width=121)
	  Recheck Cond: ((id >= 1879965) AND (id <= 1880964))
	  ->  Bitmap Index Scan on sbtest4_pkey  (cost=0.00..33.89 rows=945 width=0)
	        Index Cond: ((id >= 1879965) AND (id <= 1880964))

table 5 : explain SELECT c FROM sbtest5 WHERE id BETWEEN 3878945 AND 3879944
	Bitmap Heap Scan on sbtest5  (cost=34.98..3985.67 rows=1029 width=121)
	  Recheck Cond: ((id >= 3878945) AND (id <= 3879944))
	  ->  Bitmap Index Scan on sbtest5_pkey  (cost=0.00..34.73 rows=1029 width=0)
	        Index Cond: ((id >= 3878945) AND (id <= 3879944))

table 6 : explain SELECT c FROM sbtest6 WHERE id BETWEEN 8710383 AND 8711382
	Bitmap Heap Scan on sbtest6  (cost=30.02..3625.81 rows=935 width=121)
	  Recheck Cond: ((id >= 8710383) AND (id <= 8711382))
	  ->  Bitmap Index Scan on sbtest6_pkey  (cost=0.00..29.79 rows=935 width=0)
	        Index Cond: ((id >= 8710383) AND (id <= 8711382))

table 7 : explain SELECT c FROM sbtest7 WHERE id BETWEEN 6574234 AND 6575233
	Bitmap Heap Scan on sbtest7  (cost=34.07..3649.50 rows=940 width=121)
	  Recheck Cond: ((id >= 6574234) AND (id <= 6575233))
	  ->  Bitmap Index Scan on sbtest7_pkey  (cost=0.00..33.84 rows=940 width=0)
	        Index Cond: ((id >= 6574234) AND (id <= 6575233))

table 8 : explain SELECT c FROM sbtest8 WHERE id BETWEEN 3674146 AND 3675145
	Bitmap Heap Scan on sbtest8  (cost=34.63..3857.63 rows=995 width=121)
	  Recheck Cond: ((id >= 3674146) AND (id <= 3675145))
	  ->  Bitmap Index Scan on sbtest8_pkey  (cost=0.00..34.39 rows=995 width=0)
	        Index Cond: ((id >= 3674146) AND (id <= 3675145))

explain: for point_selects :: explain SELECT c FROM sbtest%u WHERE id=%u
explain: for point_selects :: explain SELECT c FROM sbtest%u WHERE id=%u
explain: for point_selects :: explain SELECT c FROM sbtest%u WHERE id=%u
explain: for point_selects :: explain SELECT c FROM sbtest%u WHERE id=%u
for point_selects
table 1 : explain SELECT c FROM sbtest1 WHERE id=7955284
	Index Scan using sbtest1_pkey on sbtest1  (cost=0.43..8.45 rows=1 width=121)
	  Index Cond: (id = 7955284)

table 2 : explain SELECT c FROM sbtest2 WHERE id=6584397
	Index Scan using sbtest2_pkey on sbtest2  (cost=0.43..8.45 rows=1 width=121)
	  Index Cond: (id = 6584397)

table 3 : explain SELECT c FROM sbtest3 WHERE id=1408365
	Index Scan using sbtest3_pkey on sbtest3  (cost=0.43..8.45 rows=1 width=121)
	  Index Cond: (id = 1408365)

table 4 : explain SELECT c FROM sbtest4 WHERE id=3677985
	Index Scan using sbtest4_pkey on sbtest4  (cost=0.43..8.45 rows=1 width=121)
	  Index Cond: (id = 3677985)

table 5 : explain SELECT c FROM sbtest5 WHERE id=5293733
	Index Scan using sbtest5_pkey on sbtest5  (cost=0.43..8.45 rows=1 width=121)
	  Index Cond: (id = 5293733)

table 6 : explain SELECT c FROM sbtest6 WHERE id=3066748
	Index Scan using sbtest6_pkey on sbtest6  (cost=0.43..8.45 rows=1 width=121)
	  Index Cond: (id = 3066748)

table 7 : explain SELECT c FROM sbtest7 WHERE id=3827154
	Index Scan using sbtest7_pkey on sbtest7  (cost=0.43..8.45 rows=1 width=121)
	  Index Cond: (id = 3827154)

table 8 : explain SELECT c FROM sbtest8 WHERE id=1648578
	Index Scan using sbtest8_pkey on sbtest8  (cost=0.43..8.45 rows=1 width=121)
	  Index Cond: (id = 1648578)

for point_selects
table 1 : explain SELECT c FROM sbtest1 WHERE id=2379925
	Index Scan using sbtest1_pkey on sbtest1  (cost=0.43..8.45 rows=1 width=121)
	  Index Cond: (id = 2379925)

table 2 : explain SELECT c FROM sbtest2 WHERE id=5351570
	Index Scan using sbtest2_pkey on sbtest2  (cost=0.43..8.45 rows=1 width=121)
	  Index Cond: (id = 5351570)

table 3 : explain SELECT c FROM sbtest3 WHERE id=1645616
	Index Scan using sbtest3_pkey on sbtest3  (cost=0.43..8.45 rows=1 width=121)
	  Index Cond: (id = 1645616)

table 4 : explain SELECT c FROM sbtest4 WHERE id=967491
	Index Scan using sbtest4_pkey on sbtest4  (cost=0.43..8.45 rows=1 width=121)
	  Index Cond: (id = 967491)

table 5 : explain SELECT c FROM sbtest5 WHERE id=6590892
	Index Scan using sbtest5_pkey on sbtest5  (cost=0.43..8.45 rows=1 width=121)
	  Index Cond: (id = 6590892)

table 6 : explain SELECT c FROM sbtest6 WHERE id=5543027
	Index Scan using sbtest6_pkey on sbtest6  (cost=0.43..8.45 rows=1 width=121)
	  Index Cond: (id = 5543027)

table 7 : explain SELECT c FROM sbtest7 WHERE id=9458695
	Index Scan using sbtest7_pkey on sbtest7  (cost=0.43..8.45 rows=1 width=121)
	  Index Cond: (id = 9458695)

table 8 : explain SELECT c FROM sbtest8 WHERE id=3809166
	Index Scan using sbtest8_pkey on sbtest8  (cost=0.43..8.45 rows=1 width=121)
	  Index Cond: (id = 3809166)

for: simple_ranges
table 1 : explain SELECT c FROM sbtest1 WHERE id BETWEEN 2409760 AND 2410759
	Bitmap Heap Scan on sbtest1  (cost=34.66..3872.27 rows=998 width=121)
	  Recheck Cond: ((id >= 2409760) AND (id <= 2410759))
	  ->  Bitmap Index Scan on sbtest1_pkey  (cost=0.00..34.42 rows=998 width=0)
	        Index Cond: ((id >= 2409760) AND (id <= 2410759))

table 2 : explain SELECT c FROM sbtest2 WHERE id BETWEEN 5355194 AND 5356193
	Bitmap Heap Scan on sbtest2  (cost=34.88..3945.51 rows=1019 width=121)
	  Recheck Cond: ((id >= 5355194) AND (id <= 5356193))
	  ->  Bitmap Index Scan on sbtest2_pkey  (cost=0.00..34.62 rows=1019 width=0)
	        Index Cond: ((id >= 5355194) AND (id <= 5356193))

table 3 : explain SELECT c FROM sbtest3 WHERE id BETWEEN 3557656 AND 3558655
	Bitmap Heap Scan on sbtest3  (cost=29.82..3552.74 rows=916 width=121)
	  Recheck Cond: ((id >= 3557656) AND (id <= 3558655))
	  ->  Bitmap Index Scan on sbtest3_pkey  (cost=0.00..29.59 rows=916 width=0)
	        Index Cond: ((id >= 3557656) AND (id <= 3558655))

table 4 : explain SELECT c FROM sbtest4 WHERE id BETWEEN 5788012 AND 5789011
	Bitmap Heap Scan on sbtest4  (cost=34.62..3852.38 rows=994 width=121)
	  Recheck Cond: ((id >= 5788012) AND (id <= 5789011))
	  ->  Bitmap Index Scan on sbtest4_pkey  (cost=0.00..34.38 rows=994 width=0)
	        Index Cond: ((id >= 5788012) AND (id <= 5789011))

table 5 : explain SELECT c FROM sbtest5 WHERE id BETWEEN 3764382 AND 3765381
	Bitmap Heap Scan on sbtest5  (cost=35.19..4060.99 rows=1049 width=121)
	  Recheck Cond: ((id >= 3764382) AND (id <= 3765381))
	  ->  Bitmap Index Scan on sbtest5_pkey  (cost=0.00..34.93 rows=1049 width=0)
	        Index Cond: ((id >= 3764382) AND (id <= 3765381))

table 6 : explain SELECT c FROM sbtest6 WHERE id BETWEEN 5830289 AND 5831288
	Bitmap Heap Scan on sbtest6  (cost=35.88..4311.47 rows=1117 width=121)
	  Recheck Cond: ((id >= 5830289) AND (id <= 5831288))
	  ->  Bitmap Index Scan on sbtest6_pkey  (cost=0.00..35.61 rows=1117 width=0)
	        Index Cond: ((id >= 5830289) AND (id <= 5831288))

table 7 : explain SELECT c FROM sbtest7 WHERE id BETWEEN 3894210 AND 3895209
	Bitmap Heap Scan on sbtest7  (cost=34.38..3762.79 rows=970 width=121)
	  Recheck Cond: ((id >= 3894210) AND (id <= 3895209))
	  ->  Bitmap Index Scan on sbtest7_pkey  (cost=0.00..34.14 rows=970 width=0)
	        Index Cond: ((id >= 3894210) AND (id <= 3895209))

table 8 : explain SELECT c FROM sbtest8 WHERE id BETWEEN 3744814 AND 3745813
	Bitmap Heap Scan on sbtest8  (cost=35.23..4076.19 rows=1053 width=121)
	  Recheck Cond: ((id >= 3744814) AND (id <= 3745813))
	  ->  Bitmap Index Scan on sbtest8_pkey  (cost=0.00..34.97 rows=1053 width=0)
	        Index Cond: ((id >= 3744814) AND (id <= 3745813))

for point_selects
table 1 : explain SELECT c FROM sbtest1 WHERE id=2006097
	Index Scan using sbtest1_pkey on sbtest1  (cost=0.43..8.45 rows=1 width=121)
	  Index Cond: (id = 2006097)

table 2 : explain SELECT c FROM sbtest2 WHERE id=2733477
	Index Scan using sbtest2_pkey on sbtest2  (cost=0.43..8.45 rows=1 width=121)
	  Index Cond: (id = 2733477)

table 3 : explain SELECT c FROM sbtest3 WHERE id=8952672
	Index Scan using sbtest3_pkey on sbtest3  (cost=0.43..8.45 rows=1 width=121)
	  Index Cond: (id = 8952672)

table 4 : explain SELECT c FROM sbtest4 WHERE id=8341864
	Index Scan using sbtest4_pkey on sbtest4  (cost=0.43..8.45 rows=1 width=121)
	  Index Cond: (id = 8341864)

table 5 : explain SELECT c FROM sbtest5 WHERE id=5470776
	Index Scan using sbtest5_pkey on sbtest5  (cost=0.43..8.45 rows=1 width=121)
	  Index Cond: (id = 5470776)

table 6 : explain SELECT c FROM sbtest6 WHERE id=592146
	Index Scan using sbtest6_pkey on sbtest6  (cost=0.43..8.45 rows=1 width=121)
	  Index Cond: (id = 592146)

table 7 : explain SELECT c FROM sbtest7 WHERE id=6490941
	Index Scan using sbtest7_pkey on sbtest7  (cost=0.43..8.45 rows=1 width=121)
	  Index Cond: (id = 6490941)

table 8 : explain SELECT c FROM sbtest8 WHERE id=1397840
	Index Scan using sbtest8_pkey on sbtest8  (cost=0.43..8.45 rows=1 width=121)
	  Index Cond: (id = 1397840)

for: sum_ranges
table 1 : explain SELECT SUM(k) FROM sbtest1 WHERE id BETWEEN 9457292 AND 9458291
	Aggregate  (cost=3693.23..3693.24 rows=1 width=8)
	  ->  Bitmap Heap Scan on sbtest1  (cost=34.17..3690.86 rows=950 width=4)
	        Recheck Cond: ((id >= 9457292) AND (id <= 9458291))
	        ->  Bitmap Index Scan on sbtest1_pkey  (cost=0.00..33.94 rows=950 width=0)
	              Index Cond: ((id >= 9457292) AND (id <= 9458291))

table 2 : explain SELECT SUM(k) FROM sbtest2 WHERE id BETWEEN 5540449 AND 5541448
	Aggregate  (cost=4053.49..4053.50 rows=1 width=8)
	  ->  Bitmap Heap Scan on sbtest2  (cost=35.17..4050.87 rows=1047 width=4)
	        Recheck Cond: ((id >= 5540449) AND (id <= 5541448))
	        ->  Bitmap Index Scan on sbtest2_pkey  (cost=0.00..34.91 rows=1047 width=0)
	              Index Cond: ((id >= 5540449) AND (id <= 5541448))

table 3 : explain SELECT SUM(k) FROM sbtest3 WHERE id BETWEEN 9968874 AND 9969873
	Aggregate  (cost=3785.62..3785.63 rows=1 width=8)
	  ->  Bitmap Heap Scan on sbtest3  (cost=34.44..3783.18 rows=976 width=4)
	        Recheck Cond: ((id >= 9968874) AND (id <= 9969873))
	        ->  Bitmap Index Scan on sbtest3_pkey  (cost=0.00..34.20 rows=976 width=0)
	              Index Cond: ((id >= 9968874) AND (id <= 9969873))

table 4 : explain SELECT SUM(k) FROM sbtest4 WHERE id BETWEEN 3695259 AND 3696258
	Aggregate  (cost=3998.12..3998.13 rows=1 width=8)
	  ->  Bitmap Heap Scan on sbtest4  (cost=35.01..3995.54 rows=1032 width=4)
	        Recheck Cond: ((id >= 3695259) AND (id <= 3696258))
	        ->  Bitmap Index Scan on sbtest4_pkey  (cost=0.00..34.76 rows=1032 width=0)
	              Index Cond: ((id >= 3695259) AND (id <= 3696258))

table 5 : explain SELECT SUM(k) FROM sbtest5 WHERE id BETWEEN 5253621 AND 5254620
	Aggregate  (cost=3886.41..3886.42 rows=1 width=8)
	  ->  Bitmap Heap Scan on sbtest5  (cost=34.71..3883.91 rows=1002 width=4)
	        Recheck Cond: ((id >= 5253621) AND (id <= 5254620))
	        ->  Bitmap Index Scan on sbtest5_pkey  (cost=0.00..34.45 rows=1002 width=0)
	              Index Cond: ((id >= 5253621) AND (id <= 5254620))

table 6 : explain SELECT SUM(k) FROM sbtest6 WHERE id BETWEEN 9497077 AND 9498076
	Aggregate  (cost=3760.60..3760.61 rows=1 width=8)
	  ->  Bitmap Heap Scan on sbtest6  (cost=34.37..3758.17 rows=969 width=4)
	        Recheck Cond: ((id >= 9497077) AND (id <= 9498076))
	        ->  Bitmap Index Scan on sbtest6_pkey  (cost=0.00..34.12 rows=969 width=0)
	              Index Cond: ((id >= 9497077) AND (id <= 9498076))

table 7 : explain SELECT SUM(k) FROM sbtest7 WHERE id BETWEEN 3891948 AND 3892947
	Aggregate  (cost=3765.21..3765.22 rows=1 width=8)
	  ->  Bitmap Heap Scan on sbtest7  (cost=34.38..3762.79 rows=970 width=4)
	        Recheck Cond: ((id >= 3891948) AND (id <= 3892947))
	        ->  Bitmap Index Scan on sbtest7_pkey  (cost=0.00..34.14 rows=970 width=0)
	              Index Cond: ((id >= 3891948) AND (id <= 3892947))

table 8 : explain SELECT SUM(k) FROM sbtest8 WHERE id BETWEEN 3745994 AND 3746993
	Aggregate  (cost=4078.82..4078.83 rows=1 width=8)
	  ->  Bitmap Heap Scan on sbtest8  (cost=35.23..4076.19 rows=1053 width=4)
	        Recheck Cond: ((id >= 3745994) AND (id <= 3746993))
	        ->  Bitmap Index Scan on sbtest8_pkey  (cost=0.00..34.97 rows=1053 width=0)
	              Index Cond: ((id >= 3745994) AND (id <= 3746993))

for point_selects
table 1 : explain SELECT c FROM sbtest1 WHERE id=5523152
	Index Scan using sbtest1_pkey on sbtest1  (cost=0.43..8.45 rows=1 width=121)
	  Index Cond: (id = 5523152)

table 2 : explain SELECT c FROM sbtest2 WHERE id=2978870
	Index Scan using sbtest2_pkey on sbtest2  (cost=0.43..8.45 rows=1 width=121)
	  Index Cond: (id = 2978870)

table 3 : explain SELECT c FROM sbtest3 WHERE id=4014025
	Index Scan using sbtest3_pkey on sbtest3  (cost=0.43..8.45 rows=1 width=121)
	  Index Cond: (id = 4014025)

table 4 : explain SELECT c FROM sbtest4 WHERE id=7837606
	Index Scan using sbtest4_pkey on sbtest4  (cost=0.43..8.45 rows=1 width=121)
	  Index Cond: (id = 7837606)

table 5 : explain SELECT c FROM sbtest5 WHERE id=5662220
	Index Scan using sbtest5_pkey on sbtest5  (cost=0.43..8.45 rows=1 width=121)
	  Index Cond: (id = 5662220)

table 6 : explain SELECT c FROM sbtest6 WHERE id=4777032
	Index Scan using sbtest6_pkey on sbtest6  (cost=0.43..8.45 rows=1 width=121)
	  Index Cond: (id = 4777032)

table 7 : explain SELECT c FROM sbtest7 WHERE id=4883068
	Index Scan using sbtest7_pkey on sbtest7  (cost=0.43..8.45 rows=1 width=121)
	  Index Cond: (id = 4883068)

table 8 : explain SELECT c FROM sbtest8 WHERE id=698071
	Index Scan using sbtest8_pkey on sbtest8  (cost=0.43..8.45 rows=1 width=121)
	  Index Cond: (id = 698071)

for: simple_ranges
table 1 : explain SELECT c FROM sbtest1 WHERE id BETWEEN 5000564 AND 5001563
	Bitmap Heap Scan on sbtest1  (cost=40.16..4422.60 rows=1144 width=121)
	  Recheck Cond: ((id >= 5000564) AND (id <= 5001563))
	  ->  Bitmap Index Scan on sbtest1_pkey  (cost=0.00..39.88 rows=1144 width=0)
	        Index Cond: ((id >= 5000564) AND (id <= 5001563))

table 2 : explain SELECT c FROM sbtest2 WHERE id BETWEEN 2049567 AND 2050566
	Bitmap Heap Scan on sbtest2  (cost=34.17..3685.42 rows=950 width=121)
	  Recheck Cond: ((id >= 2049567) AND (id <= 2050566))
	  ->  Bitmap Index Scan on sbtest2_pkey  (cost=0.00..33.94 rows=950 width=0)
	        Index Cond: ((id >= 2049567) AND (id <= 2050566))

table 3 : explain SELECT c FROM sbtest3 WHERE id BETWEEN 9139506 AND 9140505
	Bitmap Heap Scan on sbtest3  (cost=29.85..3564.08 rows=919 width=121)
	  Recheck Cond: ((id >= 9139506) AND (id <= 9140505))
	  ->  Bitmap Index Scan on sbtest3_pkey  (cost=0.00..29.62 rows=919 width=0)
	        Index Cond: ((id >= 9139506) AND (id <= 9140505))

table 4 : explain SELECT c FROM sbtest4 WHERE id BETWEEN 6201348 AND 6202347
	Bitmap Heap Scan on sbtest4  (cost=35.43..4149.79 rows=1073 width=121)
	  Recheck Cond: ((id >= 6201348) AND (id <= 6202347))
	  ->  Bitmap Index Scan on sbtest4_pkey  (cost=0.00..35.17 rows=1073 width=0)
	        Index Cond: ((id >= 6201348) AND (id <= 6202347))

table 5 : explain SELECT c FROM sbtest5 WHERE id BETWEEN 4036153 AND 4037152
	Bitmap Heap Scan on sbtest5  (cost=35.32..4109.92 rows=1062 width=121)
	  Recheck Cond: ((id >= 4036153) AND (id <= 4037152))
	  ->  Bitmap Index Scan on sbtest5_pkey  (cost=0.00..35.06 rows=1062 width=0)
	        Index Cond: ((id >= 4036153) AND (id <= 4037152))

table 6 : explain SELECT c FROM sbtest6 WHERE id BETWEEN 2076669 AND 2077668
	Bitmap Heap Scan on sbtest6  (cost=29.81..3550.23 rows=915 width=121)
	  Recheck Cond: ((id >= 2076669) AND (id <= 2077668))
	  ->  Bitmap Index Scan on sbtest6_pkey  (cost=0.00..29.58 rows=915 width=0)
	        Index Cond: ((id >= 2076669) AND (id <= 2077668))

table 7 : explain SELECT c FROM sbtest7 WHERE id BETWEEN 2220186 AND 2221185
	Bitmap Heap Scan on sbtest7  (cost=34.49..3804.30 rows=981 width=121)
	  Recheck Cond: ((id >= 2220186) AND (id <= 2221185))
	  ->  Bitmap Index Scan on sbtest7_pkey  (cost=0.00..34.25 rows=981 width=0)
	        Index Cond: ((id >= 2220186) AND (id <= 2221185))

table 8 : explain SELECT c FROM sbtest8 WHERE id BETWEEN 6212021 AND 6213020
	Bitmap Heap Scan on sbtest8  (cost=34.39..3767.07 rows=971 width=121)
	  Recheck Cond: ((id >= 6212021) AND (id <= 6213020))
	  ->  Bitmap Index Scan on sbtest8_pkey  (cost=0.00..34.15 rows=971 width=0)
	        Index Cond: ((id >= 6212021) AND (id <= 6213020))

for: simple_ranges
table 1 : explain SELECT c FROM sbtest1 WHERE id BETWEEN 3817787 AND 3818786
	Bitmap Heap Scan on sbtest1  (cost=29.99..3618.75 rows=932 width=121)
	  Recheck Cond: ((id >= 3817787) AND (id <= 3818786))
	  ->  Bitmap Index Scan on sbtest1_pkey  (cost=0.00..29.75 rows=932 width=0)
	        Index Cond: ((id >= 3817787) AND (id <= 3818786))

table 2 : explain SELECT c FROM sbtest2 WHERE id BETWEEN 8445136 AND 8446135
	Bitmap Heap Scan on sbtest2  (cost=34.19..3692.96 rows=952 width=121)
	  Recheck Cond: ((id >= 8445136) AND (id <= 8446135))
	  ->  Bitmap Index Scan on sbtest2_pkey  (cost=0.00..33.95 rows=952 width=0)
	        Index Cond: ((id >= 8445136) AND (id <= 8446135))

table 3 : explain SELECT c FROM sbtest3 WHERE id BETWEEN 8629993 AND 8630992
	Bitmap Heap Scan on sbtest3  (cost=35.12..4031.72 rows=1042 width=121)
	  Recheck Cond: ((id >= 8629993) AND (id <= 8630992))
	  ->  Bitmap Index Scan on sbtest3_pkey  (cost=0.00..34.86 rows=1042 width=0)
	        Index Cond: ((id >= 8629993) AND (id <= 8630992))

table 4 : explain SELECT c FROM sbtest4 WHERE id BETWEEN 1893493 AND 1894492
	Bitmap Heap Scan on sbtest4  (cost=34.12..3667.51 rows=945 width=121)
	  Recheck Cond: ((id >= 1893493) AND (id <= 1894492))
	  ->  Bitmap Index Scan on sbtest4_pkey  (cost=0.00..33.89 rows=945 width=0)
	        Index Cond: ((id >= 1893493) AND (id <= 1894492))

table 5 : explain SELECT c FROM sbtest5 WHERE id BETWEEN 4189510 AND 4190509
	Bitmap Heap Scan on sbtest5  (cost=34.86..3940.45 rows=1017 width=121)
	  Recheck Cond: ((id >= 4189510) AND (id <= 4190509))
	  ->  Bitmap Index Scan on sbtest5_pkey  (cost=0.00..34.61 rows=1017 width=0)
	        Index Cond: ((id >= 4189510) AND (id <= 4190509))

table 6 : explain SELECT c FROM sbtest6 WHERE id BETWEEN 9708237 AND 9709236
	Bitmap Heap Scan on sbtest6  (cost=35.20..4063.37 rows=1050 width=121)
	  Recheck Cond: ((id >= 9708237) AND (id <= 9709236))
	  ->  Bitmap Index Scan on sbtest6_pkey  (cost=0.00..34.94 rows=1050 width=0)
	        Index Cond: ((id >= 9708237) AND (id <= 9709236))

table 7 : explain SELECT c FROM sbtest7 WHERE id BETWEEN 3662310 AND 3663309
	Bitmap Heap Scan on sbtest7  (cost=34.47..3796.75 rows=979 width=121)
	  Recheck Cond: ((id >= 3662310) AND (id <= 3663309))
	  ->  Bitmap Index Scan on sbtest7_pkey  (cost=0.00..34.23 rows=979 width=0)
	        Index Cond: ((id >= 3662310) AND (id <= 3663309))

table 8 : explain SELECT c FROM sbtest8 WHERE id BETWEEN 9902557 AND 9903556
	Bitmap Heap Scan on sbtest8  (cost=35.16..4049.83 rows=1046 width=121)
	  Recheck Cond: ((id >= 9902557) AND (id <= 9903556))
	  ->  Bitmap Index Scan on sbtest8_pkey  (cost=0.00..34.90 rows=1046 width=0)
	        Index Cond: ((id >= 9902557) AND (id <= 9903556))

for: sum_ranges
table 1 : explain SELECT SUM(k) FROM sbtest1 WHERE id BETWEEN 4150929 AND 4151928
	Aggregate  (cost=3886.10..3886.11 rows=1 width=8)
	  ->  Bitmap Heap Scan on sbtest1  (cost=34.70..3883.60 rows=1001 width=4)
	        Recheck Cond: ((id >= 4150929) AND (id <= 4151928))
	        ->  Bitmap Index Scan on sbtest1_pkey  (cost=0.00..34.45 rows=1001 width=0)
	              Index Cond: ((id >= 4150929) AND (id <= 4151928))

table 2 : explain SELECT SUM(k) FROM sbtest2 WHERE id BETWEEN 4270596 AND 4271595
	Aggregate  (cost=3638.69..3638.70 rows=1 width=8)
	  ->  Bitmap Heap Scan on sbtest2  (cost=34.04..3636.34 rows=937 width=4)
	        Recheck Cond: ((id >= 4270596) AND (id <= 4271595))
	        ->  Bitmap Index Scan on sbtest2_pkey  (cost=0.00..33.81 rows=937 width=0)
	              Index Cond: ((id >= 4270596) AND (id <= 4271595))

table 3 : explain SELECT SUM(k) FROM sbtest3 WHERE id BETWEEN 6350948 AND 6351947
	Aggregate  (cost=4218.61..4218.62 rows=1 width=8)
	  ->  Bitmap Heap Scan on sbtest3  (cost=35.62..4215.89 rows=1091 width=4)
	        Recheck Cond: ((id >= 6350948) AND (id <= 6351947))
	        ->  Bitmap Index Scan on sbtest3_pkey  (cost=0.00..35.34 rows=1091 width=0)
	              Index Cond: ((id >= 6350948) AND (id <= 6351947))

table 4 : explain SELECT SUM(k) FROM sbtest4 WHERE id BETWEEN 2090958 AND 2091957
	Aggregate  (cost=3666.09..3666.10 rows=1 width=8)
	  ->  Bitmap Heap Scan on sbtest4  (cost=34.11..3663.73 rows=944 width=4)
	        Recheck Cond: ((id >= 2090958) AND (id <= 2091957))
	        ->  Bitmap Index Scan on sbtest4_pkey  (cost=0.00..33.88 rows=944 width=0)
	              Index Cond: ((id >= 2090958) AND (id <= 2091957))

table 5 : explain SELECT SUM(k) FROM sbtest5 WHERE id BETWEEN 3074117 AND 3075116
	Aggregate  (cost=3886.41..3886.42 rows=1 width=8)
	  ->  Bitmap Heap Scan on sbtest5  (cost=34.71..3883.91 rows=1002 width=4)
	        Recheck Cond: ((id >= 3074117) AND (id <= 3075116))
	        ->  Bitmap Index Scan on sbtest5_pkey  (cost=0.00..34.45 rows=1002 width=0)
	              Index Cond: ((id >= 3074117) AND (id <= 3075116))

table 6 : explain SELECT SUM(k) FROM sbtest6 WHERE id BETWEEN 266327 AND 267326
	Aggregate  (cost=3616.81..3616.82 rows=1 width=8)
	  ->  Bitmap Heap Scan on sbtest6  (cost=29.99..3614.48 rows=932 width=4)
	        Recheck Cond: ((id >= 266327) AND (id <= 267326))
	        ->  Bitmap Index Scan on sbtest6_pkey  (cost=0.00..29.75 rows=932 width=0)
	              Index Cond: ((id >= 266327) AND (id <= 267326))

table 7 : explain SELECT SUM(k) FROM sbtest7 WHERE id BETWEEN 3420902 AND 3421901
	Aggregate  (cost=3731.22..3731.23 rows=1 width=8)
	  ->  Bitmap Heap Scan on sbtest7  (cost=34.29..3728.82 rows=961 width=4)
	        Recheck Cond: ((id >= 3420902) AND (id <= 3421901))
	        ->  Bitmap Index Scan on sbtest7_pkey  (cost=0.00..34.05 rows=961 width=0)
	              Index Cond: ((id >= 3420902) AND (id <= 3421901))

table 8 : explain SELECT SUM(k) FROM sbtest8 WHERE id BETWEEN 4722217 AND 4723216
	Aggregate  (cost=3602.95..3602.96 rows=1 width=8)
	  ->  Bitmap Heap Scan on sbtest8  (cost=29.95..3600.63 rows=928 width=4)
	        Recheck Cond: ((id >= 4722217) AND (id <= 4723216))
	        ->  Bitmap Index Scan on sbtest8_pkey  (cost=0.00..29.71 rows=928 width=0)
	              Index Cond: ((id >= 4722217) AND (id <= 4723216))

for: simple_ranges
table 1 : explain SELECT c FROM sbtest1 WHERE id BETWEEN 8057168 AND 8058167
	Bitmap Heap Scan on sbtest1  (cost=35.29..4102.41 rows=1059 width=121)
	  Recheck Cond: ((id >= 8057168) AND (id <= 8058167))
	  ->  Bitmap Index Scan on sbtest1_pkey  (cost=0.00..35.03 rows=1059 width=0)
	        Index Cond: ((id >= 8057168) AND (id <= 8058167))

table 2 : explain SELECT c FROM sbtest2 WHERE id BETWEEN 4996641 AND 4997640
	Bitmap Heap Scan on sbtest2  (cost=29.79..3541.69 rows=913 width=121)
	  Recheck Cond: ((id >= 4996641) AND (id <= 4997640))
	  ->  Bitmap Index Scan on sbtest2_pkey  (cost=0.00..29.57 rows=913 width=0)
	        Index Cond: ((id >= 4996641) AND (id <= 4997640))

table 3 : explain SELECT c FROM sbtest3 WHERE id BETWEEN 6887036 AND 6888035
	Bitmap Heap Scan on sbtest3  (cost=34.53..3817.11 rows=985 width=121)
	  Recheck Cond: ((id >= 6887036) AND (id <= 6888035))
	  ->  Bitmap Index Scan on sbtest3_pkey  (cost=0.00..34.29 rows=985 width=0)
	        Index Cond: ((id >= 6887036) AND (id <= 6888035))

table 4 : explain SELECT c FROM sbtest4 WHERE id BETWEEN 8978020 AND 8979019
	Bitmap Heap Scan on sbtest4  (cost=33.97..3610.85 rows=930 width=121)
	  Recheck Cond: ((id >= 8978020) AND (id <= 8979019))
	  ->  Bitmap Index Scan on sbtest4_pkey  (cost=0.00..33.73 rows=930 width=0)
	        Index Cond: ((id >= 8978020) AND (id <= 8979019))

table 5 : explain SELECT c FROM sbtest5 WHERE id BETWEEN 9042005 AND 9043004
	Bitmap Heap Scan on sbtest5  (cost=34.73..3891.45 rows=1004 width=121)
	  Recheck Cond: ((id >= 9042005) AND (id <= 9043004))
	  ->  Bitmap Index Scan on sbtest5_pkey  (cost=0.00..34.48 rows=1004 width=0)
	        Index Cond: ((id >= 9042005) AND (id <= 9043004))

table 6 : explain SELECT c FROM sbtest6 WHERE id BETWEEN 7613154 AND 7614153
	Bitmap Heap Scan on sbtest6  (cost=35.26..4085.95 rows=1056 width=121)
	  Recheck Cond: ((id >= 7613154) AND (id <= 7614153))
	  ->  Bitmap Index Scan on sbtest6_pkey  (cost=0.00..35.00 rows=1056 width=0)
	        Index Cond: ((id >= 7613154) AND (id <= 7614153))

table 7 : explain SELECT c FROM sbtest7 WHERE id BETWEEN 6369367 AND 6370366
	Bitmap Heap Scan on sbtest7  (cost=34.74..3894.81 rows=1005 width=121)
	  Recheck Cond: ((id >= 6369367) AND (id <= 6370366))
	  ->  Bitmap Index Scan on sbtest7_pkey  (cost=0.00..34.48 rows=1005 width=0)
	        Index Cond: ((id >= 6369367) AND (id <= 6370366))

table 8 : explain SELECT c FROM sbtest8 WHERE id BETWEEN 8218208 AND 8219207
	Bitmap Heap Scan on sbtest8  (cost=34.43..3782.17 rows=975 width=121)
	  Recheck Cond: ((id >= 8218208) AND (id <= 8219207))
	  ->  Bitmap Index Scan on sbtest8_pkey  (cost=0.00..34.19 rows=975 width=0)
	        Index Cond: ((id >= 8218208) AND (id <= 8219207))

for: simple_ranges
table 1 : explain SELECT c FROM sbtest1 WHERE id BETWEEN 4919923 AND 4920922
	Bitmap Heap Scan on sbtest1  (cost=29.90..3584.68 rows=923 width=121)
	  Recheck Cond: ((id >= 4919923) AND (id <= 4920922))
	  ->  Bitmap Index Scan on sbtest1_pkey  (cost=0.00..29.66 rows=923 width=0)
	        Index Cond: ((id >= 4919923) AND (id <= 4920922))

table 2 : explain SELECT c FROM sbtest2 WHERE id BETWEEN 2875607 AND 2876606
	Bitmap Heap Scan on sbtest2  (cost=34.33..3742.01 rows=965 width=121)
	  Recheck Cond: ((id >= 2875607) AND (id <= 2876606))
	  ->  Bitmap Index Scan on sbtest2_pkey  (cost=0.00..34.09 rows=965 width=0)
	        Index Cond: ((id >= 2875607) AND (id <= 2876606))

table 3 : explain SELECT c FROM sbtest3 WHERE id BETWEEN 9235181 AND 9236180
	Bitmap Heap Scan on sbtest3  (cost=34.31..3734.16 rows=963 width=121)
	  Recheck Cond: ((id >= 9235181) AND (id <= 9236180))
	  ->  Bitmap Index Scan on sbtest3_pkey  (cost=0.00..34.07 rows=963 width=0)
	        Index Cond: ((id >= 9235181) AND (id <= 9236180))

table 4 : explain SELECT c FROM sbtest4 WHERE id BETWEEN 8323457 AND 8324456
	Bitmap Heap Scan on sbtest4  (cost=34.92..3961.65 rows=1023 width=121)
	  Recheck Cond: ((id >= 8323457) AND (id <= 8324456))
	  ->  Bitmap Index Scan on sbtest4_pkey  (cost=0.00..34.67 rows=1023 width=0)
	        Index Cond: ((id >= 8323457) AND (id <= 8324456))

table 5 : explain SELECT c FROM sbtest5 WHERE id BETWEEN 5375751 AND 5376750
	Bitmap Heap Scan on sbtest5  (cost=34.33..3744.30 rows=965 width=121)
	  Recheck Cond: ((id >= 5375751) AND (id <= 5376750))
	  ->  Bitmap Index Scan on sbtest5_pkey  (cost=0.00..34.09 rows=965 width=0)
	        Index Cond: ((id >= 5375751) AND (id <= 5376750))

table 6 : explain SELECT c FROM sbtest6 WHERE id BETWEEN 7877297 AND 7878296
	Bitmap Heap Scan on sbtest6  (cost=35.06..4014.45 rows=1037 width=121)
	  Recheck Cond: ((id >= 7877297) AND (id <= 7878296))
	  ->  Bitmap Index Scan on sbtest6_pkey  (cost=0.00..34.81 rows=1037 width=0)
	        Index Cond: ((id >= 7877297) AND (id <= 7878296))

table 7 : explain SELECT c FROM sbtest7 WHERE id BETWEEN 4572384 AND 4573383
	Bitmap Heap Scan on sbtest7  (cost=35.38..4132.06 rows=1068 width=121)
	  Recheck Cond: ((id >= 4572384) AND (id <= 4573383))
	  ->  Bitmap Index Scan on sbtest7_pkey  (cost=0.00..35.12 rows=1068 width=0)
	        Index Cond: ((id >= 4572384) AND (id <= 4573383))

table 8 : explain SELECT c FROM sbtest8 WHERE id BETWEEN 8115454 AND 8116453
	Bitmap Heap Scan on sbtest8  (cost=35.54..4189.07 rows=1083 width=121)
	  Recheck Cond: ((id >= 8115454) AND (id <= 8116453))
	  ->  Bitmap Index Scan on sbtest8_pkey  (cost=0.00..35.27 rows=1083 width=0)
	        Index Cond: ((id >= 8115454) AND (id <= 8116453))

for point_selects
table 1 : explain SELECT c FROM sbtest1 WHERE id=7689073
	Index Scan using sbtest1_pkey on sbtest1  (cost=0.43..8.45 rows=1 width=121)
	  Index Cond: (id = 7689073)

table 2 : explain SELECT c FROM sbtest2 WHERE id=5191137
	Index Scan using sbtest2_pkey on sbtest2  (cost=0.43..8.45 rows=1 width=121)
	  Index Cond: (id = 5191137)

table 3 : explain SELECT c FROM sbtest3 WHERE id=3435613
	Index Scan using sbtest3_pkey on sbtest3  (cost=0.43..8.45 rows=1 width=121)
	  Index Cond: (id = 3435613)

table 4 : explain SELECT c FROM sbtest4 WHERE id=7152499
	Index Scan using sbtest4_pkey on sbtest4  (cost=0.43..8.45 rows=1 width=121)
	  Index Cond: (id = 7152499)

table 5 : explain SELECT c FROM sbtest5 WHERE id=8898087
	Index Scan using sbtest5_pkey on sbtest5  (cost=0.43..8.45 rows=1 width=121)
	  Index Cond: (id = 8898087)

table 6 : explain SELECT c FROM sbtest6 WHERE id=9573553
	Index Scan using sbtest6_pkey on sbtest6  (cost=0.43..8.45 rows=1 width=121)
	  Index Cond: (id = 9573553)

table 7 : explain SELECT c FROM sbtest7 WHERE id=9461710
	Index Scan using sbtest7_pkey on sbtest7  (cost=0.43..8.45 rows=1 width=121)
	  Index Cond: (id = 9461710)

table 8 : explain SELECT c FROM sbtest8 WHERE id=7482302
	Index Scan using sbtest8_pkey on sbtest8  (cost=0.43..8.45 rows=1 width=121)
	  Index Cond: (id = 7482302)

for: sum_ranges
table 1 : explain SELECT SUM(k) FROM sbtest1 WHERE id BETWEEN 9220770 AND 9221769
	Aggregate  (cost=3969.20..3969.21 rows=1 width=8)
	  ->  Bitmap Heap Scan on sbtest1  (cost=34.92..3966.65 rows=1023 width=4)
	        Recheck Cond: ((id >= 9220770) AND (id <= 9221769))
	        ->  Bitmap Index Scan on sbtest1_pkey  (cost=0.00..34.67 rows=1023 width=0)
	              Index Cond: ((id >= 9220770) AND (id <= 9221769))

table 2 : explain SELECT SUM(k) FROM sbtest2 WHERE id BETWEEN 9756941 AND 9757940
	Aggregate  (cost=3823.66..3823.67 rows=1 width=8)
	  ->  Bitmap Heap Scan on sbtest2  (cost=34.54..3821.19 rows=986 width=4)
	        Recheck Cond: ((id >= 9756941) AND (id <= 9757940))
	        ->  Bitmap Index Scan on sbtest2_pkey  (cost=0.00..34.30 rows=986 width=0)
	              Index Cond: ((id >= 9756941) AND (id <= 9757940))

table 3 : explain SELECT SUM(k) FROM sbtest3 WHERE id BETWEEN 8146230 AND 8147229
	Aggregate  (cost=3883.66..3883.67 rows=1 width=8)
	  ->  Bitmap Heap Scan on sbtest3  (cost=34.71..3881.16 rows=1002 width=4)
	        Recheck Cond: ((id >= 8146230) AND (id <= 8147229))
	        ->  Bitmap Index Scan on sbtest3_pkey  (cost=0.00..34.45 rows=1002 width=0)
	              Index Cond: ((id >= 8146230) AND (id <= 8147229))

table 4 : explain SELECT SUM(k) FROM sbtest4 WHERE id BETWEEN 8389168 AND 8390167
	Aggregate  (cost=3964.21..3964.22 rows=1 width=8)
	  ->  Bitmap Heap Scan on sbtest4  (cost=34.92..3961.65 rows=1023 width=4)
	        Recheck Cond: ((id >= 8389168) AND (id <= 8390167))
	        ->  Bitmap Index Scan on sbtest4_pkey  (cost=0.00..34.67 rows=1023 width=0)
	              Index Cond: ((id >= 8389168) AND (id <= 8390167))

table 5 : explain SELECT SUM(k) FROM sbtest5 WHERE id BETWEEN 1397483 AND 1398482
	Aggregate  (cost=4458.79..4458.80 rows=1 width=8)
	  ->  Bitmap Heap Scan on sbtest5  (cost=40.26..4455.90 rows=1154 width=4)
	        Recheck Cond: ((id >= 1397483) AND (id <= 1398482))
	        ->  Bitmap Index Scan on sbtest5_pkey  (cost=0.00..39.98 rows=1154 width=0)
	              Index Cond: ((id >= 1397483) AND (id <= 1398482))

table 6 : explain SELECT SUM(k) FROM sbtest6 WHERE id BETWEEN 8483208 AND 8484207
	Aggregate  (cost=4081.06..4081.07 rows=1 width=8)
	  ->  Bitmap Heap Scan on sbtest6  (cost=35.24..4078.42 rows=1054 width=4)
	        Recheck Cond: ((id >= 8483208) AND (id <= 8484207))
	        ->  Bitmap Index Scan on sbtest6_pkey  (cost=0.00..34.98 rows=1054 width=0)
	              Index Cond: ((id >= 8483208) AND (id <= 8484207))

table 7 : explain SELECT SUM(k) FROM sbtest7 WHERE id BETWEEN 2524133 AND 2525132
	Aggregate  (cost=3878.46..3878.47 rows=1 width=8)
	  ->  Bitmap Heap Scan on sbtest7  (cost=34.69..3875.96 rows=1000 width=4)
	        Recheck Cond: ((id >= 2524133) AND (id <= 2525132))
	        ->  Bitmap Index Scan on sbtest7_pkey  (cost=0.00..34.44 rows=1000 width=0)
	              Index Cond: ((id >= 2524133) AND (id <= 2525132))

table 8 : explain SELECT SUM(k) FROM sbtest8 WHERE id BETWEEN 6656714 AND 6657713
	Aggregate  (cost=4157.90..4157.91 rows=1 width=8)
	  ->  Bitmap Heap Scan on sbtest8  (cost=35.44..4155.21 rows=1074 width=4)
	        Recheck Cond: ((id >= 6656714) AND (id <= 6657713))
	        ->  Bitmap Index Scan on sbtest8_pkey  (cost=0.00..35.18 rows=1074 width=0)
	              Index Cond: ((id >= 6656714) AND (id <= 6657713))

explain: for point_selects :: explain SELECT c FROM sbtest%u WHERE id=%u
explain: for point_selects :: explain SELECT c FROM sbtest%u WHERE id=%u
for: order_ranges
table 1 : explain SELECT c FROM sbtest1 WHERE id BETWEEN 3613445 AND 3614444 ORDER BY c
	Sort  (cost=3806.93..3809.35 rows=968 width=121)
	  Sort Key: c
	  ->  Bitmap Heap Scan on sbtest1  (cost=34.36..3758.92 rows=968 width=121)
	        Recheck Cond: ((id >= 3613445) AND (id <= 3614444))
	        ->  Bitmap Index Scan on sbtest1_pkey  (cost=0.00..34.12 rows=968 width=0)
	              Index Cond: ((id >= 3613445) AND (id <= 3614444))

table 2 : explain SELECT c FROM sbtest2 WHERE id BETWEEN 8123970 AND 8124969 ORDER BY c
	Sort  (cost=4034.64..4037.21 rows=1029 width=121)
	  Sort Key: c
	  ->  Bitmap Heap Scan on sbtest2  (cost=34.98..3983.15 rows=1029 width=121)
	        Recheck Cond: ((id >= 8123970) AND (id <= 8124969))
	        ->  Bitmap Index Scan on sbtest2_pkey  (cost=0.00..34.73 rows=1029 width=0)
	              Index Cond: ((id >= 8123970) AND (id <= 8124969))

table 3 : explain SELECT c FROM sbtest3 WHERE id BETWEEN 7101030 AND 7102029 ORDER BY c
	Sort  (cost=3850.78..3853.23 rows=981 width=121)
	  Sort Key: c
	  ->  Bitmap Heap Scan on sbtest3  (cost=34.49..3802.03 rows=981 width=121)
	        Recheck Cond: ((id >= 7101030) AND (id <= 7102029))
	        ->  Bitmap Index Scan on sbtest3_pkey  (cost=0.00..34.25 rows=981 width=0)
	              Index Cond: ((id >= 7101030) AND (id <= 7102029))

table 4 : explain SELECT c FROM sbtest4 WHERE id BETWEEN 9060335 AND 9061334 ORDER BY c
	Sort  (cost=3510.74..3512.97 rows=893 width=121)
	  Sort Key: c
	  ->  Bitmap Heap Scan on sbtest4  (cost=29.59..3466.97 rows=893 width=121)
	        Recheck Cond: ((id >= 9060335) AND (id <= 9061334))
	        ->  Bitmap Index Scan on sbtest4_pkey  (cost=0.00..29.36 rows=893 width=0)
	              Index Cond: ((id >= 9060335) AND (id <= 9061334))

table 5 : explain SELECT c FROM sbtest5 WHERE id BETWEEN 7018122 AND 7019121 ORDER BY c
	Sort  (cost=3876.42..3878.89 rows=987 width=121)
	  Sort Key: c
	  ->  Bitmap Heap Scan on sbtest5  (cost=34.55..3827.33 rows=987 width=121)
	        Recheck Cond: ((id >= 7018122) AND (id <= 7019121))
	        ->  Bitmap Index Scan on sbtest5_pkey  (cost=0.00..34.31 rows=987 width=0)
	              Index Cond: ((id >= 7018122) AND (id <= 7019121))

table 6 : explain SELECT c FROM sbtest6 WHERE id BETWEEN 1099348 AND 1100347 ORDER BY c
	Sort  (cost=3729.61..3731.99 rows=949 width=121)
	  Sort Key: c
	  ->  Bitmap Heap Scan on sbtest6  (cost=34.16..3682.69 rows=949 width=121)
	        Recheck Cond: ((id >= 1099348) AND (id <= 1100347))
	        ->  Bitmap Index Scan on sbtest6_pkey  (cost=0.00..33.93 rows=949 width=0)
	              Index Cond: ((id >= 1099348) AND (id <= 1100347))

table 7 : explain SELECT c FROM sbtest7 WHERE id BETWEEN 2942023 AND 2943022 ORDER BY c
	Sort  (cost=3810.91..3813.34 rows=970 width=121)
	  Sort Key: c
	  ->  Bitmap Heap Scan on sbtest7  (cost=34.38..3762.79 rows=970 width=121)
	        Recheck Cond: ((id >= 2942023) AND (id <= 2943022))
	        ->  Bitmap Index Scan on sbtest7_pkey  (cost=0.00..34.14 rows=970 width=0)
	              Index Cond: ((id >= 2942023) AND (id <= 2943022))

table 8 : explain SELECT c FROM sbtest8 WHERE id BETWEEN 2226213 AND 2227212 ORDER BY c
	Sort  (cost=4064.06..4066.65 rows=1036 width=121)
	  Sort Key: c
	  ->  Bitmap Heap Scan on sbtest8  (cost=35.05..4012.17 rows=1036 width=121)
	        Recheck Cond: ((id >= 2226213) AND (id <= 2227212))
	        ->  Bitmap Index Scan on sbtest8_pkey  (cost=0.00..34.80 rows=1036 width=0)
	              Index Cond: ((id >= 2226213) AND (id <= 2227212))

explain: for point_selects :: explain SELECT c FROM sbtest%u WHERE id=%u
for: sum_ranges
table 1 : explain SELECT SUM(k) FROM sbtest1 WHERE id BETWEEN 2631604 AND 2632603
	Aggregate  (cost=4206.84..4206.85 rows=1 width=8)
	  ->  Bitmap Heap Scan on sbtest1  (cost=35.57..4204.12 rows=1086 width=4)
	        Recheck Cond: ((id >= 2631604) AND (id <= 2632603))
	        ->  Bitmap Index Scan on sbtest1_pkey  (cost=0.00..35.30 rows=1086 width=0)
	              Index Cond: ((id >= 2631604) AND (id <= 2632603))

table 2 : explain SELECT SUM(k) FROM sbtest2 WHERE id BETWEEN 5510583 AND 5511582
	Aggregate  (cost=4053.49..4053.50 rows=1 width=8)
	  ->  Bitmap Heap Scan on sbtest2  (cost=35.17..4050.87 rows=1047 width=4)
	        Recheck Cond: ((id >= 5510583) AND (id <= 5511582))
	        ->  Bitmap Index Scan on sbtest2_pkey  (cost=0.00..34.91 rows=1047 width=0)
	              Index Cond: ((id >= 5510583) AND (id <= 5511582))

table 3 : explain SELECT SUM(k) FROM sbtest3 WHERE id BETWEEN 1127239 AND 1128238
	Aggregate  (cost=4120.87..4120.88 rows=1 width=8)
	  ->  Bitmap Heap Scan on sbtest3  (cost=35.35..4118.20 rows=1065 width=4)
	        Recheck Cond: ((id >= 1127239) AND (id <= 1128238))
	        ->  Bitmap Index Scan on sbtest3_pkey  (cost=0.00..35.09 rows=1065 width=0)
	              Index Cond: ((id >= 1127239) AND (id <= 1128238))

table 4 : explain SELECT SUM(k) FROM sbtest4 WHERE id BETWEEN 8943931 AND 8944930
	Aggregate  (cost=3613.18..3613.19 rows=1 width=8)
	  ->  Bitmap Heap Scan on sbtest4  (cost=33.97..3610.85 rows=930 width=4)
	        Recheck Cond: ((id >= 8943931) AND (id <= 8944930))
	        ->  Bitmap Index Scan on sbtest4_pkey  (cost=0.00..33.73 rows=930 width=0)
	              Index Cond: ((id >= 8943931) AND (id <= 8944930))

table 5 : explain SELECT SUM(k) FROM sbtest5 WHERE id BETWEEN 4953342 AND 4954341
	Aggregate  (cost=4033.47..4033.48 rows=1 width=8)
	  ->  Bitmap Heap Scan on sbtest5  (cost=35.11..4030.87 rows=1041 width=4)
	        Recheck Cond: ((id >= 4953342) AND (id <= 4954341))
	        ->  Bitmap Index Scan on sbtest5_pkey  (cost=0.00..34.84 rows=1041 width=0)
	              Index Cond: ((id >= 4953342) AND (id <= 4954341))

table 6 : explain SELECT SUM(k) FROM sbtest6 WHERE id BETWEEN 2188042 AND 2189041
	Aggregate  (cost=3915.29..3915.30 rows=1 width=8)
	  ->  Bitmap Heap Scan on sbtest6  (cost=34.79..3912.76 rows=1010 width=4)
	        Recheck Cond: ((id >= 2188042) AND (id <= 2189041))
	        ->  Bitmap Index Scan on sbtest6_pkey  (cost=0.00..34.54 rows=1010 width=0)
	              Index Cond: ((id >= 2188042) AND (id <= 2189041))

table 7 : explain SELECT SUM(k) FROM sbtest7 WHERE id BETWEEN 6691524 AND 6692523
	Aggregate  (cost=3682.09..3682.10 rows=1 width=8)
	  ->  Bitmap Heap Scan on sbtest7  (cost=34.15..3679.72 rows=948 width=4)
	        Recheck Cond: ((id >= 6691524) AND (id <= 6692523))
	        ->  Bitmap Index Scan on sbtest7_pkey  (cost=0.00..33.92 rows=948 width=0)
	              Index Cond: ((id >= 6691524) AND (id <= 6692523))

table 8 : explain SELECT SUM(k) FROM sbtest8 WHERE id BETWEEN 3806407 AND 3807406
	Aggregate  (cost=4120.25..4120.26 rows=1 width=8)
	  ->  Bitmap Heap Scan on sbtest8  (cost=35.34..4117.59 rows=1064 width=4)
	        Recheck Cond: ((id >= 3806407) AND (id <= 3807406))
	        ->  Bitmap Index Scan on sbtest8_pkey  (cost=0.00..35.08 rows=1064 width=0)
	              Index Cond: ((id >= 3806407) AND (id <= 3807406))

explain: for point_selects :: explain SELECT c FROM sbtest%u WHERE id=%u
explain: for point_selects :: explain SELECT c FROM sbtest%u WHERE id=%u
for: simple_ranges
table 1 : explain SELECT c FROM sbtest1 WHERE id BETWEEN 9884277 AND 9885276
	Bitmap Heap Scan on sbtest1  (cost=34.46..3796.72 rows=978 width=121)
	  Recheck Cond: ((id >= 9884277) AND (id <= 9885276))
	  ->  Bitmap Index Scan on sbtest1_pkey  (cost=0.00..34.22 rows=978 width=0)
	        Index Cond: ((id >= 9884277) AND (id <= 9885276))

table 2 : explain SELECT c FROM sbtest2 WHERE id BETWEEN 1943999 AND 1944998
	Bitmap Heap Scan on sbtest2  (cost=34.78..3907.85 rows=1009 width=121)
	  Recheck Cond: ((id >= 1943999) AND (id <= 1944998))
	  ->  Bitmap Index Scan on sbtest2_pkey  (cost=0.00..34.53 rows=1009 width=0)
	        Index Cond: ((id >= 1943999) AND (id <= 1944998))

table 3 : explain SELECT c FROM sbtest3 WHERE id BETWEEN 6565392 AND 6566391
	Bitmap Heap Scan on sbtest3  (cost=34.99..3986.57 rows=1030 width=121)
	  Recheck Cond: ((id >= 6565392) AND (id <= 6566391))
	  ->  Bitmap Index Scan on sbtest3_pkey  (cost=0.00..34.73 rows=1030 width=0)
	        Index Cond: ((id >= 6565392) AND (id <= 6566391))

table 4 : explain SELECT c FROM sbtest4 WHERE id BETWEEN 2334778 AND 2335777
	Bitmap Heap Scan on sbtest4  (cost=29.82..3553.95 rows=916 width=121)
	  Recheck Cond: ((id >= 2334778) AND (id <= 2335777))
	  ->  Bitmap Index Scan on sbtest4_pkey  (cost=0.00..29.59 rows=916 width=0)
	        Index Cond: ((id >= 2334778) AND (id <= 2335777))

table 5 : explain SELECT c FROM sbtest5 WHERE id BETWEEN 4294542 AND 4295541
	Bitmap Heap Scan on sbtest5  (cost=34.46..3793.37 rows=978 width=121)
	  Recheck Cond: ((id >= 4294542) AND (id <= 4295541))
	  ->  Bitmap Index Scan on sbtest5_pkey  (cost=0.00..34.22 rows=978 width=0)
	        Index Cond: ((id >= 4294542) AND (id <= 4295541))

table 6 : explain SELECT c FROM sbtest6 WHERE id BETWEEN 8720170 AND 8721169
	Bitmap Heap Scan on sbtest6  (cost=30.02..3625.81 rows=935 width=121)
	  Recheck Cond: ((id >= 8720170) AND (id <= 8721169))
	  ->  Bitmap Index Scan on sbtest6_pkey  (cost=0.00..29.79 rows=935 width=0)
	        Index Cond: ((id >= 8720170) AND (id <= 8721169))

table 7 : explain SELECT c FROM sbtest7 WHERE id BETWEEN 3345963 AND 3346962
	Bitmap Heap Scan on sbtest7  (cost=35.43..4150.86 rows=1073 width=121)
	  Recheck Cond: ((id >= 3345963) AND (id <= 3346962))
	  ->  Bitmap Index Scan on sbtest7_pkey  (cost=0.00..35.17 rows=1073 width=0)
	        Index Cond: ((id >= 3345963) AND (id <= 3346962))

table 8 : explain SELECT c FROM sbtest8 WHERE id BETWEEN 9212415 AND 9213414
	Bitmap Heap Scan on sbtest8  (cost=34.19..3695.32 rows=952 width=121)
	  Recheck Cond: ((id >= 9212415) AND (id <= 9213414))
	  ->  Bitmap Index Scan on sbtest8_pkey  (cost=0.00..33.95 rows=952 width=0)
	        Index Cond: ((id >= 9212415) AND (id <= 9213414))

for: sum_ranges
table 1 : explain SELECT SUM(k) FROM sbtest1 WHERE id BETWEEN 1921220 AND 1922219
	Aggregate  (cost=3810.51..3810.52 rows=1 width=8)
	  ->  Bitmap Heap Scan on sbtest1  (cost=34.49..3808.05 rows=981 width=4)
	        Recheck Cond: ((id >= 1921220) AND (id <= 1922219))
	        ->  Bitmap Index Scan on sbtest1_pkey  (cost=0.00..34.25 rows=981 width=0)
	              Index Cond: ((id >= 1921220) AND (id <= 1922219))

table 2 : explain SELECT SUM(k) FROM sbtest2 WHERE id BETWEEN 1425245 AND 1426244
	Aggregate  (cost=4369.49..4369.50 rows=1 width=8)
	  ->  Bitmap Heap Scan on sbtest2  (cost=40.03..4366.67 rows=1131 width=4)
	        Recheck Cond: ((id >= 1425245) AND (id <= 1426244))
	        ->  Bitmap Index Scan on sbtest2_pkey  (cost=0.00..39.75 rows=1131 width=0)
	              Index Cond: ((id >= 1425245) AND (id <= 1426244))

table 3 : explain SELECT SUM(k) FROM sbtest3 WHERE id BETWEEN 1778379 AND 1779378
	Aggregate  (cost=3645.73..3645.74 rows=1 width=8)
	  ->  Bitmap Heap Scan on sbtest3  (cost=30.07..3643.38 rows=940 width=4)
	        Recheck Cond: ((id >= 1778379) AND (id <= 1779378))
	        ->  Bitmap Index Scan on sbtest3_pkey  (cost=0.00..29.83 rows=940 width=0)
	              Index Cond: ((id >= 1778379) AND (id <= 1779378))

table 4 : explain SELECT SUM(k) FROM sbtest4 WHERE id BETWEEN 4874669 AND 4875668
	Aggregate  (cost=4099.79..4099.80 rows=1 width=8)
	  ->  Bitmap Heap Scan on sbtest4  (cost=35.29..4097.15 rows=1059 width=4)
	        Recheck Cond: ((id >= 4874669) AND (id <= 4875668))
	        ->  Bitmap Index Scan on sbtest4_pkey  (cost=0.00..35.03 rows=1059 width=0)
	              Index Cond: ((id >= 4874669) AND (id <= 4875668))

table 5 : explain SELECT SUM(k) FROM sbtest5 WHERE id BETWEEN 2986856 AND 2987855
	Aggregate  (cost=3591.49..3591.50 rows=1 width=8)
	  ->  Bitmap Heap Scan on sbtest5  (cost=29.92..3589.18 rows=925 width=4)
	        Recheck Cond: ((id >= 2986856) AND (id <= 2987855))
	        ->  Bitmap Index Scan on sbtest5_pkey  (cost=0.00..29.68 rows=925 width=0)
	              Index Cond: ((id >= 2986856) AND (id <= 2987855))

table 6 : explain SELECT SUM(k) FROM sbtest6 WHERE id BETWEEN 7231320 AND 7232319
	Aggregate  (cost=3885.12..3885.13 rows=1 width=8)
	  ->  Bitmap Heap Scan on sbtest6  (cost=34.71..3882.61 rows=1002 width=4)
	        Recheck Cond: ((id >= 7231320) AND (id <= 7232319))
	        ->  Bitmap Index Scan on sbtest6_pkey  (cost=0.00..34.45 rows=1002 width=0)
	              Index Cond: ((id >= 7231320) AND (id <= 7232319))

table 7 : explain SELECT SUM(k) FROM sbtest7 WHERE id BETWEEN 3602157 AND 3603156
	Aggregate  (cost=3799.20..3799.21 rows=1 width=8)
	  ->  Bitmap Heap Scan on sbtest7  (cost=34.47..3796.75 rows=979 width=4)
	        Recheck Cond: ((id >= 3602157) AND (id <= 3603156))
	        ->  Bitmap Index Scan on sbtest7_pkey  (cost=0.00..34.23 rows=979 width=0)
	              Index Cond: ((id >= 3602157) AND (id <= 3603156))

table 8 : explain SELECT SUM(k) FROM sbtest8 WHERE id BETWEEN 867860 AND 868859
	Aggregate  (cost=3924.26..3924.27 rows=1 width=8)
	  ->  Bitmap Heap Scan on sbtest8  (cost=34.81..3921.73 rows=1012 width=4)
	        Recheck Cond: ((id >= 867860) AND (id <= 868859))
	        ->  Bitmap Index Scan on sbtest8_pkey  (cost=0.00..34.56 rows=1012 width=0)
	              Index Cond: ((id >= 867860) AND (id <= 868859))

for: sum_ranges
table 1 : explain SELECT SUM(k) FROM sbtest1 WHERE id BETWEEN 1562916 AND 1563915
	Aggregate  (cost=3787.82..3787.83 rows=1 width=8)
	  ->  Bitmap Heap Scan on sbtest1  (cost=34.43..3785.38 rows=975 width=4)
	        Recheck Cond: ((id >= 1562916) AND (id <= 1563915))
	        ->  Bitmap Index Scan on sbtest1_pkey  (cost=0.00..34.19 rows=975 width=0)
	              Index Cond: ((id >= 1562916) AND (id <= 1563915))

table 2 : explain SELECT SUM(k) FROM sbtest2 WHERE id BETWEEN 5784707 AND 5785706
	Aggregate  (cost=4034.67..4034.68 rows=1 width=8)
	  ->  Bitmap Heap Scan on sbtest2  (cost=35.12..4032.07 rows=1042 width=4)
	        Recheck Cond: ((id >= 5784707) AND (id <= 5785706))
	        ->  Bitmap Index Scan on sbtest2_pkey  (cost=0.00..34.86 rows=1042 width=0)
	              Index Cond: ((id >= 5784707) AND (id <= 5785706))

table 3 : explain SELECT SUM(k) FROM sbtest3 WHERE id BETWEEN 728913 AND 729912
	Aggregate  (cost=3717.70..3717.71 rows=1 width=8)
	  ->  Bitmap Heap Scan on sbtest3  (cost=34.25..3715.30 rows=958 width=4)
	        Recheck Cond: ((id >= 728913) AND (id <= 729912))
	        ->  Bitmap Index Scan on sbtest3_pkey  (cost=0.00..34.02 rows=958 width=0)
	              Index Cond: ((id >= 728913) AND (id <= 729912))

table 4 : explain SELECT SUM(k) FROM sbtest4 WHERE id BETWEEN 6605331 AND 6606330
	Aggregate  (cost=4001.89..4001.90 rows=1 width=8)
	  ->  Bitmap Heap Scan on sbtest4  (cost=35.02..3999.30 rows=1033 width=4)
	        Recheck Cond: ((id >= 6605331) AND (id <= 6606330))
	        ->  Bitmap Index Scan on sbtest4_pkey  (cost=0.00..34.77 rows=1033 width=0)
	              Index Cond: ((id >= 6605331) AND (id <= 6606330))

table 5 : explain SELECT SUM(k) FROM sbtest5 WHERE id BETWEEN 2732426 AND 2733425
	Aggregate  (cost=4105.05..4105.06 rows=1 width=8)
	  ->  Bitmap Heap Scan on sbtest5  (cost=35.30..4102.40 rows=1060 width=4)
	        Recheck Cond: ((id >= 2732426) AND (id <= 2733425))
	        ->  Bitmap Index Scan on sbtest5_pkey  (cost=0.00..35.04 rows=1060 width=0)
	              Index Cond: ((id >= 2732426) AND (id <= 2733425))

table 6 : explain SELECT SUM(k) FROM sbtest6 WHERE id BETWEEN 719166 AND 720165
	Aggregate  (cost=3820.99..3821.00 rows=1 width=8)
	  ->  Bitmap Heap Scan on sbtest6  (cost=34.53..3818.53 rows=985 width=4)
	        Recheck Cond: ((id >= 719166) AND (id <= 720165))
	        ->  Bitmap Index Scan on sbtest6_pkey  (cost=0.00..34.29 rows=985 width=0)
	              Index Cond: ((id >= 719166) AND (id <= 720165))

table 7 : explain SELECT SUM(k) FROM sbtest7 WHERE id BETWEEN 3749470 AND 3750469
	Aggregate  (cost=4063.18..4063.19 rows=1 width=8)
	  ->  Bitmap Heap Scan on sbtest7  (cost=35.19..4060.56 rows=1049 width=4)
	        Recheck Cond: ((id >= 3749470) AND (id <= 3750469))
	        ->  Bitmap Index Scan on sbtest7_pkey  (cost=0.00..34.93 rows=1049 width=0)
	              Index Cond: ((id >= 3749470) AND (id <= 3750469))

table 8 : explain SELECT SUM(k) FROM sbtest8 WHERE id BETWEEN 9322467 AND 9323466
	Aggregate  (cost=4112.72..4112.73 rows=1 width=8)
	  ->  Bitmap Heap Scan on sbtest8  (cost=35.32..4110.06 rows=1062 width=4)
	        Recheck Cond: ((id >= 9322467) AND (id <= 9323466))
	        ->  Bitmap Index Scan on sbtest8_pkey  (cost=0.00..35.06 rows=1062 width=0)
	              Index Cond: ((id >= 9322467) AND (id <= 9323466))

explain: for point_selects :: explain SELECT c FROM sbtest%u WHERE id=%u
for point_selects
table 1 : explain SELECT c FROM sbtest1 WHERE id=4134913
	Index Scan using sbtest1_pkey on sbtest1  (cost=0.43..8.45 rows=1 width=121)
	  Index Cond: (id = 4134913)

table 2 : explain SELECT c FROM sbtest2 WHERE id=9901186
	Index Scan using sbtest2_pkey on sbtest2  (cost=0.43..8.45 rows=1 width=121)
	  Index Cond: (id = 9901186)

table 3 : explain SELECT c FROM sbtest3 WHERE id=9501940
	Index Scan using sbtest3_pkey on sbtest3  (cost=0.43..8.45 rows=1 width=121)
	  Index Cond: (id = 9501940)

table 4 : explain SELECT c FROM sbtest4 WHERE id=5842868
	Index Scan using sbtest4_pkey on sbtest4  (cost=0.43..8.45 rows=1 width=121)
	  Index Cond: (id = 5842868)

table 5 : explain SELECT c FROM sbtest5 WHERE id=3671322
	Index Scan using sbtest5_pkey on sbtest5  (cost=0.43..8.45 rows=1 width=121)
	  Index Cond: (id = 3671322)

table 6 : explain SELECT c FROM sbtest6 WHERE id=6383891
	Index Scan using sbtest6_pkey on sbtest6  (cost=0.43..8.45 rows=1 width=121)
	  Index Cond: (id = 6383891)

table 7 : explain SELECT c FROM sbtest7 WHERE id=6993470
	Index Scan using sbtest7_pkey on sbtest7  (cost=0.43..8.45 rows=1 width=121)
	  Index Cond: (id = 6993470)

table 8 : explain SELECT c FROM sbtest8 WHERE id=9650725
	Index Scan using sbtest8_pkey on sbtest8  (cost=0.43..8.45 rows=1 width=121)
	  Index Cond: (id = 9650725)

explain: for point_selects :: explain SELECT c FROM sbtest%u WHERE id=%u
explain: for point_selects :: explain SELECT c FROM sbtest%u WHERE id=%u
for point_selects
table 1 : explain SELECT c FROM sbtest1 WHERE id=6182007
	Index Scan using sbtest1_pkey on sbtest1  (cost=0.43..8.45 rows=1 width=121)
	  Index Cond: (id = 6182007)

table 2 : explain SELECT c FROM sbtest2 WHERE id=8735090
	Index Scan using sbtest2_pkey on sbtest2  (cost=0.43..8.45 rows=1 width=121)
	  Index Cond: (id = 8735090)

table 3 : explain SELECT c FROM sbtest3 WHERE id=4874825
	Index Scan using sbtest3_pkey on sbtest3  (cost=0.43..8.45 rows=1 width=121)
	  Index Cond: (id = 4874825)

table 4 : explain SELECT c FROM sbtest4 WHERE id=4844387
	Index Scan using sbtest4_pkey on sbtest4  (cost=0.43..8.45 rows=1 width=121)
	  Index Cond: (id = 4844387)

table 5 : explain SELECT c FROM sbtest5 WHERE id=8441160
	Index Scan using sbtest5_pkey on sbtest5  (cost=0.43..8.45 rows=1 width=121)
	  Index Cond: (id = 8441160)

table 6 : explain SELECT c FROM sbtest6 WHERE id=8248816
	Index Scan using sbtest6_pkey on sbtest6  (cost=0.43..8.45 rows=1 width=121)
	  Index Cond: (id = 8248816)

table 7 : explain SELECT c FROM sbtest7 WHERE id=1995822
	Index Scan using sbtest7_pkey on sbtest7  (cost=0.43..8.45 rows=1 width=121)
	  Index Cond: (id = 1995822)

table 8 : explain SELECT c FROM sbtest8 WHERE id=9437840
	Index Scan using sbtest8_pkey on sbtest8  (cost=0.43..8.45 rows=1 width=121)
	  Index Cond: (id = 9437840)

for: distinct_ranges
table 1 : explain SELECT DISTINCT c FROM sbtest1 WHERE id BETWEEN 2899200 AND 2900199 ORDER BY c
	Unique  (cost=3664.72..3669.38 rows=932 width=121)
	  ->  Sort  (cost=3664.72..3667.05 rows=932 width=121)
	        Sort Key: c
	        ->  Bitmap Heap Scan on sbtest1  (cost=29.99..3618.75 rows=932 width=121)
	              Recheck Cond: ((id >= 2899200) AND (id <= 2900199))
	              ->  Bitmap Index Scan on sbtest1_pkey  (cost=0.00..29.75 rows=932 width=0)
	                    Index Cond: ((id >= 2899200) AND (id <= 2900199))

table 2 : explain SELECT DISTINCT c FROM sbtest2 WHERE id BETWEEN 1378731 AND 1379730 ORDER BY c
	Unique  (cost=4202.64..4208.01 rows=1073 width=121)
	  ->  Sort  (cost=4202.64..4205.32 rows=1073 width=121)
	        Sort Key: c
	        ->  Bitmap Heap Scan on sbtest2  (cost=35.43..4148.63 rows=1073 width=121)
	              Recheck Cond: ((id >= 1378731) AND (id <= 1379730))
	              ->  Bitmap Index Scan on sbtest2_pkey  (cost=0.00..35.17 rows=1073 width=0)
	                    Index Cond: ((id >= 1378731) AND (id <= 1379730))

table 3 : explain SELECT DISTINCT c FROM sbtest3 WHERE id BETWEEN 4008682 AND 4009681 ORDER BY c
	Unique  (cost=3436.65..3441.02 rows=874 width=121)
	  ->  Sort  (cost=3436.65..3438.83 rows=874 width=121)
	        Sort Key: c
	        ->  Bitmap Heap Scan on sbtest3  (cost=29.39..3393.95 rows=874 width=121)
	              Recheck Cond: ((id >= 4008682) AND (id <= 4009681))
	              ->  Bitmap Index Scan on sbtest3_pkey  (cost=0.00..29.18 rows=874 width=0)
	                    Index Cond: ((id >= 4008682) AND (id <= 4009681))

table 4 : explain SELECT DISTINCT c FROM sbtest4 WHERE id BETWEEN 466654 AND 467653 ORDER BY c
	Unique  (cost=3733.37..3738.12 rows=950 width=121)
	  ->  Sort  (cost=3733.37..3735.75 rows=950 width=121)
	        Sort Key: c
	        ->  Bitmap Heap Scan on sbtest4  (cost=34.17..3686.39 rows=950 width=121)
	              Recheck Cond: ((id >= 466654) AND (id <= 467653))
	              ->  Bitmap Index Scan on sbtest4_pkey  (cost=0.00..33.94 rows=950 width=0)
	                    Index Cond: ((id >= 466654) AND (id <= 467653))

table 5 : explain SELECT DISTINCT c FROM sbtest5 WHERE id BETWEEN 9969615 AND 9970614 ORDER BY c
	Unique  (cost=4113.62..4118.87 rows=1049 width=121)
	  ->  Sort  (cost=4113.62..4116.25 rows=1049 width=121)
	        Sort Key: c
	        ->  Bitmap Heap Scan on sbtest5  (cost=35.19..4060.99 rows=1049 width=121)
	              Recheck Cond: ((id >= 9969615) AND (id <= 9970614))
	              ->  Bitmap Index Scan on sbtest5_pkey  (cost=0.00..34.93 rows=1049 width=0)
	                    Index Cond: ((id >= 9969615) AND (id <= 9970614))

table 6 : explain SELECT DISTINCT c FROM sbtest6 WHERE id BETWEEN 456258 AND 457257 ORDER BY c
	Unique  (cost=3645.11..3649.75 rows=928 width=121)
	  ->  Sort  (cost=3645.11..3647.43 rows=928 width=121)
	        Sort Key: c
	        ->  Bitmap Heap Scan on sbtest6  (cost=29.95..3599.37 rows=928 width=121)
	              Recheck Cond: ((id >= 456258) AND (id <= 457257))
	              ->  Bitmap Index Scan on sbtest6_pkey  (cost=0.00..29.71 rows=928 width=0)
	                    Index Cond: ((id >= 456258) AND (id <= 457257))

table 7 : explain SELECT DISTINCT c FROM sbtest7 WHERE id BETWEEN 7300344 AND 7301343 ORDER BY c
	Unique  (cost=3887.51..3892.46 rows=990 width=121)
	  ->  Sort  (cost=3887.51..3889.98 rows=990 width=121)
	        Sort Key: c
	        ->  Bitmap Heap Scan on sbtest7  (cost=34.58..3838.25 rows=990 width=121)
	              Recheck Cond: ((id >= 7300344) AND (id <= 7301343))
	              ->  Bitmap Index Scan on sbtest7_pkey  (cost=0.00..34.34 rows=990 width=0)
	                    Index Cond: ((id >= 7300344) AND (id <= 7301343))

table 8 : explain SELECT DISTINCT c FROM sbtest8 WHERE id BETWEEN 9116550 AND 9117549 ORDER BY c
	Unique  (cost=3696.24..3700.95 rows=941 width=121)
	  ->  Sort  (cost=3696.24..3698.59 rows=941 width=121)
	        Sort Key: c
	        ->  Bitmap Heap Scan on sbtest8  (cost=30.08..3649.76 rows=941 width=121)
	              Recheck Cond: ((id >= 9116550) AND (id <= 9117549))
	              ->  Bitmap Index Scan on sbtest8_pkey  (cost=0.00..29.84 rows=941 width=0)
	                    Index Cond: ((id >= 9116550) AND (id <= 9117549))

for point_selects
table 1 : explain SELECT c FROM sbtest1 WHERE id=8268446
	Index Scan using sbtest1_pkey on sbtest1  (cost=0.43..8.45 rows=1 width=121)
	  Index Cond: (id = 8268446)

table 2 : explain SELECT c FROM sbtest2 WHERE id=3916241
	Index Scan using sbtest2_pkey on sbtest2  (cost=0.43..8.45 rows=1 width=121)
	  Index Cond: (id = 3916241)

table 3 : explain SELECT c FROM sbtest3 WHERE id=9995404
	Index Scan using sbtest3_pkey on sbtest3  (cost=0.43..8.45 rows=1 width=121)
	  Index Cond: (id = 9995404)

table 4 : explain SELECT c FROM sbtest4 WHERE id=4338387
	Index Scan using sbtest4_pkey on sbtest4  (cost=0.43..8.45 rows=1 width=121)
	  Index Cond: (id = 4338387)

table 5 : explain SELECT c FROM sbtest5 WHERE id=9375577
	Index Scan using sbtest5_pkey on sbtest5  (cost=0.43..8.45 rows=1 width=121)
	  Index Cond: (id = 9375577)

table 6 : explain SELECT c FROM sbtest6 WHERE id=7708576
	Index Scan using sbtest6_pkey on sbtest6  (cost=0.43..8.45 rows=1 width=121)
	  Index Cond: (id = 7708576)

table 7 : explain SELECT c FROM sbtest7 WHERE id=2227001
	Index Scan using sbtest7_pkey on sbtest7  (cost=0.43..8.45 rows=1 width=121)
	  Index Cond: (id = 2227001)

table 8 : explain SELECT c FROM sbtest8 WHERE id=1318030
	Index Scan using sbtest8_pkey on sbtest8  (cost=0.43..8.45 rows=1 width=121)
	  Index Cond: (id = 1318030)

for: order_ranges
table 1 : explain SELECT c FROM sbtest1 WHERE id BETWEEN 6310713 AND 6311712 ORDER BY c
	Sort  (cost=3741.68..3744.06 rows=951 width=121)
	  Sort Key: c
	  ->  Bitmap Heap Scan on sbtest1  (cost=34.18..3694.64 rows=951 width=121)
	        Recheck Cond: ((id >= 6310713) AND (id <= 6311712))
	        ->  Bitmap Index Scan on sbtest1_pkey  (cost=0.00..33.95 rows=951 width=0)
	              Index Cond: ((id >= 6310713) AND (id <= 6311712))

table 2 : explain SELECT c FROM sbtest2 WHERE id BETWEEN 8016235 AND 8017234 ORDER BY c
	Sort  (cost=4011.71..4014.26 rows=1023 width=121)
	  Sort Key: c
	  ->  Bitmap Heap Scan on sbtest2  (cost=34.92..3960.56 rows=1023 width=121)
	        Recheck Cond: ((id >= 8016235) AND (id <= 8017234))
	        ->  Bitmap Index Scan on sbtest2_pkey  (cost=0.00..34.67 rows=1023 width=0)
	              Index Cond: ((id >= 8016235) AND (id <= 8017234))

table 3 : explain SELECT c FROM sbtest3 WHERE id BETWEEN 6527992 AND 6528991 ORDER BY c
	Sort  (cost=4129.77..4132.41 rows=1054 width=121)
	  Sort Key: c
	  ->  Bitmap Heap Scan on sbtest3  (cost=35.24..4076.85 rows=1054 width=121)
	        Recheck Cond: ((id >= 6527992) AND (id <= 6528991))
	        ->  Bitmap Index Scan on sbtest3_pkey  (cost=0.00..34.98 rows=1054 width=0)
	              Index Cond: ((id >= 6527992) AND (id <= 6528991))

table 4 : explain SELECT c FROM sbtest4 WHERE id BETWEEN 9768950 AND 9769949 ORDER BY c
	Sort  (cost=4089.23..4091.84 rows=1043 width=121)
	  Sort Key: c
	  ->  Bitmap Heap Scan on sbtest4  (cost=35.13..4036.95 rows=1043 width=121)
	        Recheck Cond: ((id >= 9768950) AND (id <= 9769949))
	        ->  Bitmap Index Scan on sbtest4_pkey  (cost=0.00..34.87 rows=1043 width=0)
	              Index Cond: ((id >= 9768950) AND (id <= 9769949))

table 5 : explain SELECT c FROM sbtest5 WHERE id BETWEEN 3361746 AND 3362745 ORDER BY c
	Sort  (cost=3523.41..3525.65 rows=896 width=121)
	  Sort Key: c
	  ->  Bitmap Heap Scan on sbtest5  (cost=29.62..3479.48 rows=896 width=121)
	        Recheck Cond: ((id >= 3361746) AND (id <= 3362745))
	        ->  Bitmap Index Scan on sbtest5_pkey  (cost=0.00..29.39 rows=896 width=0)
	              Index Cond: ((id >= 3361746) AND (id <= 3362745))

table 6 : explain SELECT c FROM sbtest6 WHERE id BETWEEN 6652745 AND 6653744 ORDER BY c
	Sort  (cost=3867.50..3869.96 rows=985 width=121)
	  Sort Key: c
	  ->  Bitmap Heap Scan on sbtest6  (cost=34.53..3818.53 rows=985 width=121)
	        Recheck Cond: ((id >= 6652745) AND (id <= 6653744))
	        ->  Bitmap Index Scan on sbtest6_pkey  (cost=0.00..34.29 rows=985 width=0)
	              Index Cond: ((id >= 6652745) AND (id <= 6653744))

table 7 : explain SELECT c FROM sbtest7 WHERE id BETWEEN 9630782 AND 9631781 ORDER BY c
	Sort  (cost=3810.91..3813.34 rows=970 width=121)
	  Sort Key: c
	  ->  Bitmap Heap Scan on sbtest7  (cost=34.38..3762.79 rows=970 width=121)
	        Recheck Cond: ((id >= 9630782) AND (id <= 9631781))
	        ->  Bitmap Index Scan on sbtest7_pkey  (cost=0.00..34.14 rows=970 width=0)
	              Index Cond: ((id >= 9630782) AND (id <= 9631781))

table 8 : explain SELECT c FROM sbtest8 WHERE id BETWEEN 4705563 AND 4706562 ORDER BY c
	Sort  (cost=3646.37..3648.69 rows=928 width=121)
	  Sort Key: c
	  ->  Bitmap Heap Scan on sbtest8  (cost=29.95..3600.63 rows=928 width=121)
	        Recheck Cond: ((id >= 4705563) AND (id <= 4706562))
	        ->  Bitmap Index Scan on sbtest8_pkey  (cost=0.00..29.71 rows=928 width=0)
	              Index Cond: ((id >= 4705563) AND (id <= 4706562))

for: sum_ranges
table 1 : explain SELECT SUM(k) FROM sbtest1 WHERE id BETWEEN 3551264 AND 3552263
	Aggregate  (cost=3761.34..3761.35 rows=1 width=8)
	  ->  Bitmap Heap Scan on sbtest1  (cost=34.36..3758.92 rows=968 width=4)
	        Recheck Cond: ((id >= 3551264) AND (id <= 3552263))
	        ->  Bitmap Index Scan on sbtest1_pkey  (cost=0.00..34.12 rows=968 width=0)
	              Index Cond: ((id >= 3551264) AND (id <= 3552263))

table 2 : explain SELECT SUM(k) FROM sbtest2 WHERE id BETWEEN 10927 AND 11926
	Aggregate  (cost=3785.93..3785.94 rows=1 width=8)
	  ->  Bitmap Heap Scan on sbtest2  (cost=34.44..3783.49 rows=976 width=4)
	        Recheck Cond: ((id >= 10927) AND (id <= 11926))
	        ->  Bitmap Index Scan on sbtest2_pkey  (cost=0.00..34.20 rows=976 width=0)
	              Index Cond: ((id >= 10927) AND (id <= 11926))

table 3 : explain SELECT SUM(k) FROM sbtest3 WHERE id BETWEEN 4213379 AND 4214378
	Aggregate  (cost=3917.58..3917.59 rows=1 width=8)
	  ->  Bitmap Heap Scan on sbtest3  (cost=34.80..3915.05 rows=1011 width=4)
	        Recheck Cond: ((id >= 4213379) AND (id <= 4214378))
	        ->  Bitmap Index Scan on sbtest3_pkey  (cost=0.00..34.55 rows=1011 width=0)
	              Index Cond: ((id >= 4213379) AND (id <= 4214378))

table 4 : explain SELECT SUM(k) FROM sbtest4 WHERE id BETWEEN 1649774 AND 1650773
	Aggregate  (cost=3677.43..3677.44 rows=1 width=8)
	  ->  Bitmap Heap Scan on sbtest4  (cost=34.14..3675.06 rows=947 width=4)
	        Recheck Cond: ((id >= 1649774) AND (id <= 1650773))
	        ->  Bitmap Index Scan on sbtest4_pkey  (cost=0.00..33.91 rows=947 width=0)
	              Index Cond: ((id >= 1649774) AND (id <= 1650773))

table 5 : explain SELECT SUM(k) FROM sbtest5 WHERE id BETWEEN 1173101 AND 1174100
	Aggregate  (cost=3980.70..3980.71 rows=1 width=8)
	  ->  Bitmap Heap Scan on sbtest5  (cost=34.96..3978.14 rows=1027 width=4)
	        Recheck Cond: ((id >= 1173101) AND (id <= 1174100))
	        ->  Bitmap Index Scan on sbtest5_pkey  (cost=0.00..34.70 rows=1027 width=0)
	              Index Cond: ((id >= 1173101) AND (id <= 1174100))

table 6 : explain SELECT SUM(k) FROM sbtest6 WHERE id BETWEEN 7277518 AND 7278517
	Aggregate  (cost=3488.20..3488.21 rows=1 width=8)
	  ->  Bitmap Heap Scan on sbtest6  (cost=29.64..3485.95 rows=898 width=4)
	        Recheck Cond: ((id >= 7277518) AND (id <= 7278517))
	        ->  Bitmap Index Scan on sbtest6_pkey  (cost=0.00..29.41 rows=898 width=0)
	              Index Cond: ((id >= 7277518) AND (id <= 7278517))

table 7 : explain SELECT SUM(k) FROM sbtest7 WHERE id BETWEEN 8192284 AND 8193283
	Aggregate  (cost=4138.49..4138.50 rows=1 width=8)
	  ->  Bitmap Heap Scan on sbtest7  (cost=35.39..4135.82 rows=1069 width=4)
	        Recheck Cond: ((id >= 8192284) AND (id <= 8193283))
	        ->  Bitmap Index Scan on sbtest7_pkey  (cost=0.00..35.12 rows=1069 width=0)
	              Index Cond: ((id >= 8192284) AND (id <= 8193283))

table 8 : explain SELECT SUM(k) FROM sbtest8 WHERE id BETWEEN 9543243 AND 9544242
	Aggregate  (cost=3712.82..3712.83 rows=1 width=8)
	  ->  Bitmap Heap Scan on sbtest8  (cost=34.23..3710.43 rows=956 width=4)
	        Recheck Cond: ((id >= 9543243) AND (id <= 9544242))
	        ->  Bitmap Index Scan on sbtest8_pkey  (cost=0.00..34.00 rows=956 width=0)
	              Index Cond: ((id >= 9543243) AND (id <= 9544242))

for point_selects
table 1 : explain SELECT c FROM sbtest1 WHERE id=2657027
	Index Scan using sbtest1_pkey on sbtest1  (cost=0.43..8.45 rows=1 width=121)
	  Index Cond: (id = 2657027)

table 2 : explain SELECT c FROM sbtest2 WHERE id=5483342
	Index Scan using sbtest2_pkey on sbtest2  (cost=0.43..8.45 rows=1 width=121)
	  Index Cond: (id = 5483342)

table 3 : explain SELECT c FROM sbtest3 WHERE id=50453
	Index Scan using sbtest3_pkey on sbtest3  (cost=0.43..8.45 rows=1 width=121)
	  Index Cond: (id = 50453)

table 4 : explain SELECT c FROM sbtest4 WHERE id=155824
	Index Scan using sbtest4_pkey on sbtest4  (cost=0.43..8.45 rows=1 width=121)
	  Index Cond: (id = 155824)

table 5 : explain SELECT c FROM sbtest5 WHERE id=5479790
	Index Scan using sbtest5_pkey on sbtest5  (cost=0.43..8.45 rows=1 width=121)
	  Index Cond: (id = 5479790)

table 6 : explain SELECT c FROM sbtest6 WHERE id=1907994
	Index Scan using sbtest6_pkey on sbtest6  (cost=0.43..8.45 rows=1 width=121)
	  Index Cond: (id = 1907994)

table 7 : explain SELECT c FROM sbtest7 WHERE id=4465127
	Index Scan using sbtest7_pkey on sbtest7  (cost=0.43..8.45 rows=1 width=121)
	  Index Cond: (id = 4465127)

table 8 : explain SELECT c FROM sbtest8 WHERE id=2544578
	Index Scan using sbtest8_pkey on sbtest8  (cost=0.43..8.45 rows=1 width=121)
	  Index Cond: (id = 2544578)

for: sum_ranges
table 1 : explain SELECT SUM(k) FROM sbtest1 WHERE id BETWEEN 1458146 AND 1459145
	Aggregate  (cost=3731.08..3731.09 rows=1 width=8)
	  ->  Bitmap Heap Scan on sbtest1  (cost=34.28..3728.68 rows=960 width=4)
	        Recheck Cond: ((id >= 1458146) AND (id <= 1459145))
	        ->  Bitmap Index Scan on sbtest1_pkey  (cost=0.00..34.04 rows=960 width=0)
	              Index Cond: ((id >= 1458146) AND (id <= 1459145))

table 2 : explain SELECT SUM(k) FROM sbtest2 WHERE id BETWEEN 5896721 AND 5897720
	Aggregate  (cost=4015.85..4015.86 rows=1 width=8)
	  ->  Bitmap Heap Scan on sbtest2  (cost=35.06..4013.25 rows=1037 width=4)
	        Recheck Cond: ((id >= 5896721) AND (id <= 5897720))
	        ->  Bitmap Index Scan on sbtest2_pkey  (cost=0.00..34.81 rows=1037 width=0)
	              Index Cond: ((id >= 5896721) AND (id <= 5897720))

table 3 : explain SELECT SUM(k) FROM sbtest3 WHERE id BETWEEN 4906921 AND 4907920
	Aggregate  (cost=3910.04..3910.05 rows=1 width=8)
	  ->  Bitmap Heap Scan on sbtest3  (cost=34.78..3907.52 rows=1009 width=4)
	        Recheck Cond: ((id >= 4906921) AND (id <= 4907920))
	        ->  Bitmap Index Scan on sbtest3_pkey  (cost=0.00..34.53 rows=1009 width=0)
	              Index Cond: ((id >= 4906921) AND (id <= 4907920))

table 4 : explain SELECT SUM(k) FROM sbtest4 WHERE id BETWEEN 3707734 AND 3708733
	Aggregate  (cost=3998.12..3998.13 rows=1 width=8)
	  ->  Bitmap Heap Scan on sbtest4  (cost=35.01..3995.54 rows=1032 width=4)
	        Recheck Cond: ((id >= 3707734) AND (id <= 3708733))
	        ->  Bitmap Index Scan on sbtest4_pkey  (cost=0.00..34.76 rows=1032 width=0)
	              Index Cond: ((id >= 3707734) AND (id <= 3708733))

table 5 : explain SELECT SUM(k) FROM sbtest5 WHERE id BETWEEN 2007662 AND 2008661
	Aggregate  (cost=3595.27..3595.28 rows=1 width=8)
	  ->  Bitmap Heap Scan on sbtest5  (cost=29.93..3592.96 rows=926 width=4)
	        Recheck Cond: ((id >= 2007662) AND (id <= 2008661))
	        ->  Bitmap Index Scan on sbtest5_pkey  (cost=0.00..29.69 rows=926 width=0)
	              Index Cond: ((id >= 2007662) AND (id <= 2008661))

table 6 : explain SELECT SUM(k) FROM sbtest6 WHERE id BETWEEN 5249561 AND 5250560
	Aggregate  (cost=3896.43..3896.44 rows=1 width=8)
	  ->  Bitmap Heap Scan on sbtest6  (cost=34.74..3893.92 rows=1005 width=4)
	        Recheck Cond: ((id >= 5249561) AND (id <= 5250560))
	        ->  Bitmap Index Scan on sbtest6_pkey  (cost=0.00..34.48 rows=1005 width=0)
	              Index Cond: ((id >= 5249561) AND (id <= 5250560))

table 7 : explain SELECT SUM(k) FROM sbtest7 WHERE id BETWEEN 1425331 AND 1426330
	Aggregate  (cost=4146.02..4146.03 rows=1 width=8)
	  ->  Bitmap Heap Scan on sbtest7  (cost=35.41..4143.34 rows=1071 width=4)
	        Recheck Cond: ((id >= 1425331) AND (id <= 1426330))
	        ->  Bitmap Index Scan on sbtest7_pkey  (cost=0.00..35.15 rows=1071 width=0)
	              Index Cond: ((id >= 1425331) AND (id <= 1426330))

table 8 : explain SELECT SUM(k) FROM sbtest8 WHERE id BETWEEN 3218287 AND 3219286
	Aggregate  (cost=4248.21..4248.22 rows=1 width=8)
	  ->  Bitmap Heap Scan on sbtest8  (cost=35.69..4245.47 rows=1098 width=4)
	        Recheck Cond: ((id >= 3218287) AND (id <= 3219286))
	        ->  Bitmap Index Scan on sbtest8_pkey  (cost=0.00..35.42 rows=1098 width=0)
	              Index Cond: ((id >= 3218287) AND (id <= 3219286))

for point_selects
table 1 : explain SELECT c FROM sbtest1 WHERE id=1857466
	Index Scan using sbtest1_pkey on sbtest1  (cost=0.43..8.45 rows=1 width=121)
	  Index Cond: (id = 1857466)

table 2 : explain SELECT c FROM sbtest2 WHERE id=584976
	Index Scan using sbtest2_pkey on sbtest2  (cost=0.43..8.45 rows=1 width=121)
	  Index Cond: (id = 584976)

table 3 : explain SELECT c FROM sbtest3 WHERE id=5935333
	Index Scan using sbtest3_pkey on sbtest3  (cost=0.43..8.45 rows=1 width=121)
	  Index Cond: (id = 5935333)

table 4 : explain SELECT c FROM sbtest4 WHERE id=2086622
	Index Scan using sbtest4_pkey on sbtest4  (cost=0.43..8.45 rows=1 width=121)
	  Index Cond: (id = 2086622)

table 5 : explain SELECT c FROM sbtest5 WHERE id=7162040
	Index Scan using sbtest5_pkey on sbtest5  (cost=0.43..8.45 rows=1 width=121)
	  Index Cond: (id = 7162040)

table 6 : explain SELECT c FROM sbtest6 WHERE id=5400444
	Index Scan using sbtest6_pkey on sbtest6  (cost=0.43..8.45 rows=1 width=121)
	  Index Cond: (id = 5400444)

table 7 : explain SELECT c FROM sbtest7 WHERE id=595914
	Index Scan using sbtest7_pkey on sbtest7  (cost=0.43..8.45 rows=1 width=121)
	  Index Cond: (id = 595914)

table 8 : explain SELECT c FROM sbtest8 WHERE id=3710798
	Index Scan using sbtest8_pkey on sbtest8  (cost=0.43..8.45 rows=1 width=121)
	  Index Cond: (id = 3710798)

for: order_ranges
table 1 : explain SELECT c FROM sbtest1 WHERE id BETWEEN 576255 AND 577254 ORDER BY c
	Sort  (cost=4247.41..4250.12 rows=1083 width=121)
	  Sort Key: c
	  ->  Bitmap Heap Scan on sbtest1  (cost=35.54..4192.83 rows=1083 width=121)
	        Recheck Cond: ((id >= 576255) AND (id <= 577254))
	        ->  Bitmap Index Scan on sbtest1_pkey  (cost=0.00..35.27 rows=1083 width=0)
	              Index Cond: ((id >= 576255) AND (id <= 577254))

table 2 : explain SELECT c FROM sbtest2 WHERE id BETWEEN 5084325 AND 5085324 ORDER BY c
	Sort  (cost=3586.58..3588.87 rows=913 width=121)
	  Sort Key: c
	  ->  Bitmap Heap Scan on sbtest2  (cost=29.79..3541.69 rows=913 width=121)
	        Recheck Cond: ((id >= 5084325) AND (id <= 5085324))
	        ->  Bitmap Index Scan on sbtest2_pkey  (cost=0.00..29.57 rows=913 width=0)
	              Index Cond: ((id >= 5084325) AND (id <= 5085324))

table 3 : explain SELECT c FROM sbtest3 WHERE id BETWEEN 9758090 AND 9759089 ORDER BY c
	Sort  (cost=3739.76..3742.14 rows=952 width=121)
	  Sort Key: c
	  ->  Bitmap Heap Scan on sbtest3  (cost=34.19..3692.66 rows=952 width=121)
	        Recheck Cond: ((id >= 9758090) AND (id <= 9759089))
	        ->  Bitmap Index Scan on sbtest3_pkey  (cost=0.00..33.95 rows=952 width=0)
	              Index Cond: ((id >= 9758090) AND (id <= 9759089))

table 4 : explain SELECT c FROM sbtest4 WHERE id BETWEEN 2649549 AND 2650548 ORDER BY c
	Sort  (cost=3924.83..3927.33 rows=1000 width=121)
	  Sort Key: c
	  ->  Bitmap Heap Scan on sbtest4  (cost=34.69..3875.00 rows=1000 width=121)
	        Recheck Cond: ((id >= 2649549) AND (id <= 2650548))
	        ->  Bitmap Index Scan on sbtest4_pkey  (cost=0.00..34.44 rows=1000 width=0)
	              Index Cond: ((id >= 2649549) AND (id <= 2650548))

table 5 : explain SELECT c FROM sbtest5 WHERE id BETWEEN 2178167 AND 2179166 ORDER BY c
	Sort  (cost=4021.86..4024.42 rows=1025 width=121)
	  Sort Key: c
	  ->  Bitmap Heap Scan on sbtest5  (cost=34.94..3970.60 rows=1025 width=121)
	        Recheck Cond: ((id >= 2178167) AND (id <= 2179166))
	        ->  Bitmap Index Scan on sbtest5_pkey  (cost=0.00..34.69 rows=1025 width=0)
	              Index Cond: ((id >= 2178167) AND (id <= 2179166))

table 6 : explain SELECT c FROM sbtest6 WHERE id BETWEEN 6054527 AND 6055526 ORDER BY c
	Sort  (cost=4196.26..4198.94 rows=1071 width=121)
	  Sort Key: c
	  ->  Bitmap Heap Scan on sbtest6  (cost=35.41..4142.36 rows=1071 width=121)
	        Recheck Cond: ((id >= 6054527) AND (id <= 6055526))
	        ->  Bitmap Index Scan on sbtest6_pkey  (cost=0.00..35.15 rows=1071 width=0)
	              Index Cond: ((id >= 6054527) AND (id <= 6055526))

table 7 : explain SELECT c FROM sbtest7 WHERE id BETWEEN 7365148 AND 7366147 ORDER BY c
	Sort  (cost=3902.82..3905.31 rows=994 width=121)
	  Sort Key: c
	  ->  Bitmap Heap Scan on sbtest7  (cost=34.62..3853.33 rows=994 width=121)
	        Recheck Cond: ((id >= 7365148) AND (id <= 7366147))
	        ->  Bitmap Index Scan on sbtest7_pkey  (cost=0.00..34.38 rows=994 width=0)
	              Index Cond: ((id >= 7365148) AND (id <= 7366147))

table 8 : explain SELECT c FROM sbtest8 WHERE id BETWEEN 3210362 AND 3211361 ORDER BY c
	Sort  (cost=4300.92..4303.66 rows=1098 width=121)
	  Sort Key: c
	  ->  Bitmap Heap Scan on sbtest8  (cost=35.69..4245.47 rows=1098 width=121)
	        Recheck Cond: ((id >= 3210362) AND (id <= 3211361))
	        ->  Bitmap Index Scan on sbtest8_pkey  (cost=0.00..35.42 rows=1098 width=0)
	              Index Cond: ((id >= 3210362) AND (id <= 3211361))

for point_selects
table 1 : explain SELECT c FROM sbtest1 WHERE id=3038152
	Index Scan using sbtest1_pkey on sbtest1  (cost=0.43..8.45 rows=1 width=121)
	  Index Cond: (id = 3038152)

table 2 : explain SELECT c FROM sbtest2 WHERE id=9166455
	Index Scan using sbtest2_pkey on sbtest2  (cost=0.43..8.45 rows=1 width=121)
	  Index Cond: (id = 9166455)

table 3 : explain SELECT c FROM sbtest3 WHERE id=2325202
	Index Scan using sbtest3_pkey on sbtest3  (cost=0.43..8.45 rows=1 width=121)
	  Index Cond: (id = 2325202)

table 4 : explain SELECT c FROM sbtest4 WHERE id=8470835
	Index Scan using sbtest4_pkey on sbtest4  (cost=0.43..8.45 rows=1 width=121)
	  Index Cond: (id = 8470835)

table 5 : explain SELECT c FROM sbtest5 WHERE id=3416102
	Index Scan using sbtest5_pkey on sbtest5  (cost=0.43..8.45 rows=1 width=121)
	  Index Cond: (id = 3416102)

table 6 : explain SELECT c FROM sbtest6 WHERE id=8220869
	Index Scan using sbtest6_pkey on sbtest6  (cost=0.43..8.45 rows=1 width=121)
	  Index Cond: (id = 8220869)

table 7 : explain SELECT c FROM sbtest7 WHERE id=3382301
	Index Scan using sbtest7_pkey on sbtest7  (cost=0.43..8.45 rows=1 width=121)
	  Index Cond: (id = 3382301)

table 8 : explain SELECT c FROM sbtest8 WHERE id=883651
	Index Scan using sbtest8_pkey on sbtest8  (cost=0.43..8.45 rows=1 width=121)
	  Index Cond: (id = 883651)

for: sum_ranges
table 1 : explain SELECT SUM(k) FROM sbtest1 WHERE id BETWEEN 267147 AND 268146
	Aggregate  (cost=3833.19..3833.20 rows=1 width=8)
	  ->  Bitmap Heap Scan on sbtest1  (cost=34.55..3830.72 rows=987 width=4)
	        Recheck Cond: ((id >= 267147) AND (id <= 268146))
	        ->  Bitmap Index Scan on sbtest1_pkey  (cost=0.00..34.31 rows=987 width=0)
	              Index Cond: ((id >= 267147) AND (id <= 268146))

table 2 : explain SELECT SUM(k) FROM sbtest2 WHERE id BETWEEN 8693246 AND 8694245
	Aggregate  (cost=4094.89..4094.90 rows=1 width=8)
	  ->  Bitmap Heap Scan on sbtest2  (cost=35.28..4092.24 rows=1058 width=4)
	        Recheck Cond: ((id >= 8693246) AND (id <= 8694245))
	        ->  Bitmap Index Scan on sbtest2_pkey  (cost=0.00..35.02 rows=1058 width=0)
	              Index Cond: ((id >= 8693246) AND (id <= 8694245))

table 3 : explain SELECT SUM(k) FROM sbtest3 WHERE id BETWEEN 1791037 AND 1792036
	Aggregate  (cost=3645.73..3645.74 rows=1 width=8)
	  ->  Bitmap Heap Scan on sbtest3  (cost=30.07..3643.38 rows=940 width=4)
	        Recheck Cond: ((id >= 1791037) AND (id <= 1792036))
	        ->  Bitmap Index Scan on sbtest3_pkey  (cost=0.00..29.83 rows=940 width=0)
	              Index Cond: ((id >= 1791037) AND (id <= 1792036))

table 4 : explain SELECT SUM(k) FROM sbtest4 WHERE id BETWEEN 5979508 AND 5980507
	Aggregate  (cost=3620.74..3620.75 rows=1 width=8)
	  ->  Bitmap Heap Scan on sbtest4  (cost=33.99..3618.41 rows=932 width=4)
	        Recheck Cond: ((id >= 5979508) AND (id <= 5980507))
	        ->  Bitmap Index Scan on sbtest4_pkey  (cost=0.00..33.76 rows=932 width=0)
	              Index Cond: ((id >= 5979508) AND (id <= 5980507))

table 5 : explain SELECT SUM(k) FROM sbtest5 WHERE id BETWEEN 3157720 AND 3158719
	Aggregate  (cost=3950.54..3950.55 rows=1 width=8)
	  ->  Bitmap Heap Scan on sbtest5  (cost=34.88..3947.99 rows=1019 width=4)
	        Recheck Cond: ((id >= 3157720) AND (id <= 3158719))
	        ->  Bitmap Index Scan on sbtest5_pkey  (cost=0.00..34.62 rows=1019 width=0)
	              Index Cond: ((id >= 3157720) AND (id <= 3158719))

table 6 : explain SELECT SUM(k) FROM sbtest6 WHERE id BETWEEN 918667 AND 919666
	Aggregate  (cost=3548.74..3548.75 rows=1 width=8)
	  ->  Bitmap Heap Scan on sbtest6  (cost=29.80..3546.45 rows=914 width=4)
	        Recheck Cond: ((id >= 918667) AND (id <= 919666))
	        ->  Bitmap Index Scan on sbtest6_pkey  (cost=0.00..29.57 rows=914 width=0)
	              Index Cond: ((id >= 918667) AND (id <= 919666))

table 7 : explain SELECT SUM(k) FROM sbtest7 WHERE id BETWEEN 362149 AND 363148
	Aggregate  (cost=3848.27..3848.28 rows=1 width=8)
	  ->  Bitmap Heap Scan on sbtest7  (cost=34.60..3845.79 rows=992 width=4)
	        Recheck Cond: ((id >= 362149) AND (id <= 363148))
	        ->  Bitmap Index Scan on sbtest7_pkey  (cost=0.00..34.36 rows=992 width=0)
	              Index Cond: ((id >= 362149) AND (id <= 363148))

table 8 : explain SELECT SUM(k) FROM sbtest8 WHERE id BETWEEN 8460434 AND 8461433
	Aggregate  (cost=3591.60..3591.61 rows=1 width=8)
	  ->  Bitmap Heap Scan on sbtest8  (cost=29.92..3589.29 rows=925 width=4)
	        Recheck Cond: ((id >= 8460434) AND (id <= 8461433))
	        ->  Bitmap Index Scan on sbtest8_pkey  (cost=0.00..29.68 rows=925 width=0)
	              Index Cond: ((id >= 8460434) AND (id <= 8461433))

for: simple_ranges
table 1 : explain SELECT c FROM sbtest1 WHERE id BETWEEN 2891316 AND 2892315
	Bitmap Heap Scan on sbtest1  (cost=29.99..3618.75 rows=932 width=121)
	  Recheck Cond: ((id >= 2891316) AND (id <= 2892315))
	  ->  Bitmap Index Scan on sbtest1_pkey  (cost=0.00..29.75 rows=932 width=0)
	        Index Cond: ((id >= 2891316) AND (id <= 2892315))

table 2 : explain SELECT c FROM sbtest2 WHERE id BETWEEN 3892077 AND 3893076
	Bitmap Heap Scan on sbtest2  (cost=35.32..4107.28 rows=1062 width=121)
	  Recheck Cond: ((id >= 3892077) AND (id <= 3893076))
	  ->  Bitmap Index Scan on sbtest2_pkey  (cost=0.00..35.06 rows=1062 width=0)
	        Index Cond: ((id >= 3892077) AND (id <= 3893076))

table 3 : explain SELECT c FROM sbtest3 WHERE id BETWEEN 116378 AND 117377
	Bitmap Heap Scan on sbtest3  (cost=34.67..3869.86 rows=999 width=121)
	  Recheck Cond: ((id >= 116378) AND (id <= 117377))
	  ->  Bitmap Index Scan on sbtest3_pkey  (cost=0.00..34.43 rows=999 width=0)
	        Index Cond: ((id >= 116378) AND (id <= 117377))

table 4 : explain SELECT c FROM sbtest4 WHERE id BETWEEN 1404824 AND 1405823
	Bitmap Heap Scan on sbtest4  (cost=34.17..3686.39 rows=950 width=121)
	  Recheck Cond: ((id >= 1404824) AND (id <= 1405823))
	  ->  Bitmap Index Scan on sbtest4_pkey  (cost=0.00..33.94 rows=950 width=0)
	        Index Cond: ((id >= 1404824) AND (id <= 1405823))

table 5 : explain SELECT c FROM sbtest5 WHERE id BETWEEN 182228 AND 183227
	Bitmap Heap Scan on sbtest5  (cost=29.73..3521.10 rows=907 width=121)
	  Recheck Cond: ((id >= 182228) AND (id <= 183227))
	  ->  Bitmap Index Scan on sbtest5_pkey  (cost=0.00..29.50 rows=907 width=0)
	        Index Cond: ((id >= 182228) AND (id <= 183227))

table 6 : explain SELECT c FROM sbtest6 WHERE id BETWEEN 5256194 AND 5257193
	Bitmap Heap Scan on sbtest6  (cost=34.74..3893.92 rows=1005 width=121)
	  Recheck Cond: ((id >= 5256194) AND (id <= 5257193))
	  ->  Bitmap Index Scan on sbtest6_pkey  (cost=0.00..34.48 rows=1005 width=0)
	        Index Cond: ((id >= 5256194) AND (id <= 5257193))

table 7 : explain SELECT c FROM sbtest7 WHERE id BETWEEN 8721640 AND 8722639
	Bitmap Heap Scan on sbtest7  (cost=34.80..3917.43 rows=1011 width=121)
	  Recheck Cond: ((id >= 8721640) AND (id <= 8722639))
	  ->  Bitmap Index Scan on sbtest7_pkey  (cost=0.00..34.55 rows=1011 width=0)
	        Index Cond: ((id >= 8721640) AND (id <= 8722639))

table 8 : explain SELECT c FROM sbtest8 WHERE id BETWEEN 9662268 AND 9663267
	Bitmap Heap Scan on sbtest8  (cost=34.64..3861.40 rows=996 width=121)
	  Recheck Cond: ((id >= 9662268) AND (id <= 9663267))
	  ->  Bitmap Index Scan on sbtest8_pkey  (cost=0.00..34.40 rows=996 width=0)
	        Index Cond: ((id >= 9662268) AND (id <= 9663267))

for: simple_ranges
table 1 : explain SELECT c FROM sbtest1 WHERE id BETWEEN 5917395 AND 5918394
	Bitmap Heap Scan on sbtest1  (cost=34.67..3876.05 rows=999 width=121)
	  Recheck Cond: ((id >= 5917395) AND (id <= 5918394))
	  ->  Bitmap Index Scan on sbtest1_pkey  (cost=0.00..34.43 rows=999 width=0)
	        Index Cond: ((id >= 5917395) AND (id <= 5918394))

table 2 : explain SELECT c FROM sbtest2 WHERE id BETWEEN 3009361 AND 3010360
	Bitmap Heap Scan on sbtest2  (cost=34.21..3700.51 rows=954 width=121)
	  Recheck Cond: ((id >= 3009361) AND (id <= 3010360))
	  ->  Bitmap Index Scan on sbtest2_pkey  (cost=0.00..33.98 rows=954 width=0)
	        Index Cond: ((id >= 3009361) AND (id <= 3010360))

table 3 : explain SELECT c FROM sbtest3 WHERE id BETWEEN 5803041 AND 5804040
	Bitmap Heap Scan on sbtest3  (cost=29.92..3586.74 rows=925 width=121)
	  Recheck Cond: ((id >= 5803041) AND (id <= 5804040))
	  ->  Bitmap Index Scan on sbtest3_pkey  (cost=0.00..29.68 rows=925 width=0)
	        Index Cond: ((id >= 5803041) AND (id <= 5804040))

table 4 : explain SELECT c FROM sbtest4 WHERE id BETWEEN 9779016 AND 9780015
	Bitmap Heap Scan on sbtest4  (cost=35.13..4036.95 rows=1043 width=121)
	  Recheck Cond: ((id >= 9779016) AND (id <= 9780015))
	  ->  Bitmap Index Scan on sbtest4_pkey  (cost=0.00..34.87 rows=1043 width=0)
	        Index Cond: ((id >= 9779016) AND (id <= 9780015))

table 5 : explain SELECT c FROM sbtest5 WHERE id BETWEEN 3518562 AND 3519561
	Bitmap Heap Scan on sbtest5  (cost=35.36..4124.98 rows=1066 width=121)
	  Recheck Cond: ((id >= 3518562) AND (id <= 3519561))
	  ->  Bitmap Index Scan on sbtest5_pkey  (cost=0.00..35.09 rows=1066 width=0)
	        Index Cond: ((id >= 3518562) AND (id <= 3519561))

table 6 : explain SELECT c FROM sbtest6 WHERE id BETWEEN 9765681 AND 9766680
	Bitmap Heap Scan on sbtest6  (cost=35.33..4112.28 rows=1063 width=121)
	  Recheck Cond: ((id >= 9765681) AND (id <= 9766680))
	  ->  Bitmap Index Scan on sbtest6_pkey  (cost=0.00..35.07 rows=1063 width=0)
	        Index Cond: ((id >= 9765681) AND (id <= 9766680))

table 7 : explain SELECT c FROM sbtest7 WHERE id BETWEEN 1061250 AND 1062249
	Bitmap Heap Scan on sbtest7  (cost=34.42..3777.89 rows=974 width=121)
	  Recheck Cond: ((id >= 1061250) AND (id <= 1062249))
	  ->  Bitmap Index Scan on sbtest7_pkey  (cost=0.00..34.18 rows=974 width=0)
	        Index Cond: ((id >= 1061250) AND (id <= 1062249))

table 8 : explain SELECT c FROM sbtest8 WHERE id BETWEEN 657932 AND 658931
	Bitmap Heap Scan on sbtest8  (cost=34.28..3725.54 rows=960 width=121)
	  Recheck Cond: ((id >= 657932) AND (id <= 658931))
	  ->  Bitmap Index Scan on sbtest8_pkey  (cost=0.00..34.04 rows=960 width=0)
	        Index Cond: ((id >= 657932) AND (id <= 658931))

for: simple_ranges
table 1 : explain SELECT c FROM sbtest1 WHERE id BETWEEN 6747394 AND 6748393
	Bitmap Heap Scan on sbtest1  (cost=34.94..3974.19 rows=1025 width=121)
	  Recheck Cond: ((id >= 6747394) AND (id <= 6748393))
	  ->  Bitmap Index Scan on sbtest1_pkey  (cost=0.00..34.69 rows=1025 width=0)
	        Index Cond: ((id >= 6747394) AND (id <= 6748393))

table 2 : explain SELECT c FROM sbtest2 WHERE id BETWEEN 7474722 AND 7475721
	Bitmap Heap Scan on sbtest2  (cost=34.77..3904.08 rows=1008 width=121)
	  Recheck Cond: ((id >= 7474722) AND (id <= 7475721))
	  ->  Bitmap Index Scan on sbtest2_pkey  (cost=0.00..34.52 rows=1008 width=0)
	        Index Cond: ((id >= 7474722) AND (id <= 7475721))

table 3 : explain SELECT c FROM sbtest3 WHERE id BETWEEN 2210156 AND 2211155
	Bitmap Heap Scan on sbtest3  (cost=34.16..3681.34 rows=949 width=121)
	  Recheck Cond: ((id >= 2210156) AND (id <= 2211155))
	  ->  Bitmap Index Scan on sbtest3_pkey  (cost=0.00..33.93 rows=949 width=0)
	        Index Cond: ((id >= 2210156) AND (id <= 2211155))

table 4 : explain SELECT c FROM sbtest4 WHERE id BETWEEN 8280381 AND 8281380
	Bitmap Heap Scan on sbtest4  (cost=34.63..3856.15 rows=995 width=121)
	  Recheck Cond: ((id >= 8280381) AND (id <= 8281380))
	  ->  Bitmap Index Scan on sbtest4_pkey  (cost=0.00..34.39 rows=995 width=0)
	        Index Cond: ((id >= 8280381) AND (id <= 8281380))

table 5 : explain SELECT c FROM sbtest5 WHERE id BETWEEN 8246522 AND 8247521
	Bitmap Heap Scan on sbtest5  (cost=29.96..3604.30 rows=929 width=121)
	  Recheck Cond: ((id >= 8246522) AND (id <= 8247521))
	  ->  Bitmap Index Scan on sbtest5_pkey  (cost=0.00..29.72 rows=929 width=0)
	        Index Cond: ((id >= 8246522) AND (id <= 8247521))

table 6 : explain SELECT c FROM sbtest6 WHERE id BETWEEN 3510360 AND 3511359
	Bitmap Heap Scan on sbtest6  (cost=34.86..3939.13 rows=1017 width=121)
	  Recheck Cond: ((id >= 3510360) AND (id <= 3511359))
	  ->  Bitmap Index Scan on sbtest6_pkey  (cost=0.00..34.61 rows=1017 width=0)
	        Index Cond: ((id >= 3510360) AND (id <= 3511359))

table 7 : explain SELECT c FROM sbtest7 WHERE id BETWEEN 630404 AND 631403
	Bitmap Heap Scan on sbtest7  (cost=34.45..3789.21 rows=977 width=121)
	  Recheck Cond: ((id >= 630404) AND (id <= 631403))
	  ->  Bitmap Index Scan on sbtest7_pkey  (cost=0.00..34.20 rows=977 width=0)
	        Index Cond: ((id >= 630404) AND (id <= 631403))

table 8 : explain SELECT c FROM sbtest8 WHERE id BETWEEN 3474937 AND 3475936
	Bitmap Heap Scan on sbtest8  (cost=34.20..3699.10 rows=953 width=121)
	  Recheck Cond: ((id >= 3474937) AND (id <= 3475936))
	  ->  Bitmap Index Scan on sbtest8_pkey  (cost=0.00..33.97 rows=953 width=0)
	        Index Cond: ((id >= 3474937) AND (id <= 3475936))

for: simple_ranges
table 1 : explain SELECT c FROM sbtest1 WHERE id BETWEEN 8191374 AND 8192373
	Bitmap Heap Scan on sbtest1  (cost=30.02..3630.11 rows=935 width=121)
	  Recheck Cond: ((id >= 8191374) AND (id <= 8192373))
	  ->  Bitmap Index Scan on sbtest1_pkey  (cost=0.00..29.79 rows=935 width=0)
	        Index Cond: ((id >= 8191374) AND (id <= 8192373))

table 2 : explain SELECT c FROM sbtest2 WHERE id BETWEEN 4189405 AND 4190404
	Bitmap Heap Scan on sbtest2  (cost=34.29..3726.92 rows=961 width=121)
	  Recheck Cond: ((id >= 4189405) AND (id <= 4190404))
	  ->  Bitmap Index Scan on sbtest2_pkey  (cost=0.00..34.05 rows=961 width=0)
	        Index Cond: ((id >= 4189405) AND (id <= 4190404))

table 3 : explain SELECT c FROM sbtest3 WHERE id BETWEEN 2423517 AND 2424516
	Bitmap Heap Scan on sbtest3  (cost=34.67..3869.86 rows=999 width=121)
	  Recheck Cond: ((id >= 2423517) AND (id <= 2424516))
	  ->  Bitmap Index Scan on sbtest3_pkey  (cost=0.00..34.43 rows=999 width=0)
	        Index Cond: ((id >= 2423517) AND (id <= 2424516))

table 4 : explain SELECT c FROM sbtest4 WHERE id BETWEEN 1638640 AND 1639639
	Bitmap Heap Scan on sbtest4  (cost=34.14..3675.06 rows=947 width=121)
	  Recheck Cond: ((id >= 1638640) AND (id <= 1639639))
	  ->  Bitmap Index Scan on sbtest4_pkey  (cost=0.00..33.91 rows=947 width=0)
	        Index Cond: ((id >= 1638640) AND (id <= 1639639))

table 5 : explain SELECT c FROM sbtest5 WHERE id BETWEEN 6122671 AND 6123670
	Bitmap Heap Scan on sbtest5  (cost=34.61..3849.96 rows=993 width=121)
	  Recheck Cond: ((id >= 6122671) AND (id <= 6123670))
	  ->  Bitmap Index Scan on sbtest5_pkey  (cost=0.00..34.37 rows=993 width=0)
	        Index Cond: ((id >= 6122671) AND (id <= 6123670))

table 6 : explain SELECT c FROM sbtest6 WHERE id BETWEEN 3121596 AND 3122595
	Bitmap Heap Scan on sbtest6  (cost=35.55..4191.23 rows=1084 width=121)
	  Recheck Cond: ((id >= 3121596) AND (id <= 3122595))
	  ->  Bitmap Index Scan on sbtest6_pkey  (cost=0.00..35.28 rows=1084 width=0)
	        Index Cond: ((id >= 3121596) AND (id <= 3122595))

table 7 : explain SELECT c FROM sbtest7 WHERE id BETWEEN 86884 AND 87883
	Bitmap Heap Scan on sbtest7  (cost=34.89..3951.34 rows=1020 width=121)
	  Recheck Cond: ((id >= 86884) AND (id <= 87883))
	  ->  Bitmap Index Scan on sbtest7_pkey  (cost=0.00..34.64 rows=1020 width=0)
	        Index Cond: ((id >= 86884) AND (id <= 87883))

table 8 : explain SELECT c FROM sbtest8 WHERE id BETWEEN 5789764 AND 5790763
	Bitmap Heap Scan on sbtest8  (cost=35.07..4019.70 rows=1038 width=121)
	  Recheck Cond: ((id >= 5789764) AND (id <= 5790763))
	  ->  Bitmap Index Scan on sbtest8_pkey  (cost=0.00..34.82 rows=1038 width=0)
	        Index Cond: ((id >= 5789764) AND (id <= 5790763))

for: simple_ranges
table 1 : explain SELECT c FROM sbtest1 WHERE id BETWEEN 4428282 AND 4429281
	Bitmap Heap Scan on sbtest1  (cost=34.80..3921.36 rows=1011 width=121)
	  Recheck Cond: ((id >= 4428282) AND (id <= 4429281))
	  ->  Bitmap Index Scan on sbtest1_pkey  (cost=0.00..34.55 rows=1011 width=0)
	        Index Cond: ((id >= 4428282) AND (id <= 4429281))

table 2 : explain SELECT c FROM sbtest2 WHERE id BETWEEN 9697594 AND 9698593
	Bitmap Heap Scan on sbtest2  (cost=34.33..3742.01 rows=965 width=121)
	  Recheck Cond: ((id >= 9697594) AND (id <= 9698593))
	  ->  Bitmap Index Scan on sbtest2_pkey  (cost=0.00..34.09 rows=965 width=0)
	        Index Cond: ((id >= 9697594) AND (id <= 9698593))

table 3 : explain SELECT c FROM sbtest3 WHERE id BETWEEN 2726072 AND 2727071
	Bitmap Heap Scan on sbtest3  (cost=40.24..4445.01 rows=1152 width=121)
	  Recheck Cond: ((id >= 2726072) AND (id <= 2727071))
	  ->  Bitmap Index Scan on sbtest3_pkey  (cost=0.00..39.95 rows=1152 width=0)
	        Index Cond: ((id >= 2726072) AND (id <= 2727071))

table 4 : explain SELECT c FROM sbtest4 WHERE id BETWEEN 2351625 AND 2352624
	Bitmap Heap Scan on sbtest4  (cost=34.95..3972.95 rows=1026 width=121)
	  Recheck Cond: ((id >= 2351625) AND (id <= 2352624))
	  ->  Bitmap Index Scan on sbtest4_pkey  (cost=0.00..34.70 rows=1026 width=0)
	        Index Cond: ((id >= 2351625) AND (id <= 2352624))

table 5 : explain SELECT c FROM sbtest5 WHERE id BETWEEN 2347673 AND 2348672
	Bitmap Heap Scan on sbtest5  (cost=34.22..3706.54 rows=955 width=121)
	  Recheck Cond: ((id >= 2347673) AND (id <= 2348672))
	  ->  Bitmap Index Scan on sbtest5_pkey  (cost=0.00..33.98 rows=955 width=0)
	        Index Cond: ((id >= 2347673) AND (id <= 2348672))

table 6 : explain SELECT c FROM sbtest6 WHERE id BETWEEN 9159015 AND 9160014
	Bitmap Heap Scan on sbtest6  (cost=35.20..4063.37 rows=1050 width=121)
	  Recheck Cond: ((id >= 9159015) AND (id <= 9160014))
	  ->  Bitmap Index Scan on sbtest6_pkey  (cost=0.00..34.94 rows=1050 width=0)
	        Index Cond: ((id >= 9159015) AND (id <= 9160014))

table 7 : explain SELECT c FROM sbtest7 WHERE id BETWEEN 6943779 AND 6944778
	Bitmap Heap Scan on sbtest7  (cost=34.23..3709.94 rows=956 width=121)
	  Recheck Cond: ((id >= 6943779) AND (id <= 6944778))
	  ->  Bitmap Index Scan on sbtest7_pkey  (cost=0.00..34.00 rows=956 width=0)
	        Index Cond: ((id >= 6943779) AND (id <= 6944778))

table 8 : explain SELECT c FROM sbtest8 WHERE id BETWEEN 4281687 AND 4282686
	Bitmap Heap Scan on sbtest8  (cost=34.93..3966.96 rows=1024 width=121)
	  Recheck Cond: ((id >= 4281687) AND (id <= 4282686))
	  ->  Bitmap Index Scan on sbtest8_pkey  (cost=0.00..34.68 rows=1024 width=0)
	        Index Cond: ((id >= 4281687) AND (id <= 4282686))

for: order_ranges
table 1 : explain SELECT c FROM sbtest1 WHERE id BETWEEN 6506488 AND 6507487 ORDER BY c
	Sort  (cost=3683.92..3686.27 rows=937 width=121)
	  Sort Key: c
	  ->  Bitmap Heap Scan on sbtest1  (cost=30.04..3637.67 rows=937 width=121)
	        Recheck Cond: ((id >= 6506488) AND (id <= 6507487))
	        ->  Bitmap Index Scan on sbtest1_pkey  (cost=0.00..29.80 rows=937 width=0)
	              Index Cond: ((id >= 6506488) AND (id <= 6507487))

table 2 : explain SELECT c FROM sbtest2 WHERE id BETWEEN 2338188 AND 2339187 ORDER BY c
	Sort  (cost=3525.20..3527.45 rows=897 width=121)
	  Sort Key: c
	  ->  Bitmap Heap Scan on sbtest2  (cost=29.63..3481.21 rows=897 width=121)
	        Recheck Cond: ((id >= 2338188) AND (id <= 2339187))
	        ->  Bitmap Index Scan on sbtest2_pkey  (cost=0.00..29.40 rows=897 width=0)
	              Index Cond: ((id >= 2338188) AND (id <= 2339187))

table 3 : explain SELECT c FROM sbtest3 WHERE id BETWEEN 5486808 AND 5487807 ORDER BY c
	Sort  (cost=4328.20..4330.97 rows=1107 width=121)
	  Sort Key: c
	  ->  Bitmap Heap Scan on sbtest3  (cost=35.78..4272.23 rows=1107 width=121)
	        Recheck Cond: ((id >= 5486808) AND (id <= 5487807))
	        ->  Bitmap Index Scan on sbtest3_pkey  (cost=0.00..35.51 rows=1107 width=0)
	              Index Cond: ((id >= 5486808) AND (id <= 5487807))

table 4 : explain SELECT c FROM sbtest4 WHERE id BETWEEN 5945922 AND 5946921 ORDER BY c
	Sort  (cost=3664.38..3666.71 rows=932 width=121)
	  Sort Key: c
	  ->  Bitmap Heap Scan on sbtest4  (cost=33.99..3618.41 rows=932 width=121)
	        Recheck Cond: ((id >= 5945922) AND (id <= 5946921))
	        ->  Bitmap Index Scan on sbtest4_pkey  (cost=0.00..33.76 rows=932 width=0)
	              Index Cond: ((id >= 5945922) AND (id <= 5946921))

table 5 : explain SELECT c FROM sbtest5 WHERE id BETWEEN 4093484 AND 4094483 ORDER BY c
	Sort  (cost=3914.71..3917.20 rows=997 width=121)
	  Sort Key: c
	  ->  Bitmap Heap Scan on sbtest5  (cost=34.65..3865.05 rows=997 width=121)
	        Recheck Cond: ((id >= 4093484) AND (id <= 4094483))
	        ->  Bitmap Index Scan on sbtest5_pkey  (cost=0.00..34.41 rows=997 width=0)
	              Index Cond: ((id >= 4093484) AND (id <= 4094483))

table 6 : explain SELECT c FROM sbtest6 WHERE id BETWEEN 5967435 AND 5968434 ORDER BY c
	Sort  (cost=3913.43..3915.92 rows=997 width=121)
	  Sort Key: c
	  ->  Bitmap Heap Scan on sbtest6  (cost=34.65..3863.77 rows=997 width=121)
	        Recheck Cond: ((id >= 5967435) AND (id <= 5968434))
	        ->  Bitmap Index Scan on sbtest6_pkey  (cost=0.00..34.41 rows=997 width=0)
	              Index Cond: ((id >= 5967435) AND (id <= 5968434))

table 7 : explain SELECT c FROM sbtest7 WHERE id BETWEEN 5193010 AND 5194009 ORDER BY c
	Sort  (cost=4189.60..4192.27 rows=1069 width=121)
	  Sort Key: c
	  ->  Bitmap Heap Scan on sbtest7  (cost=35.39..4135.82 rows=1069 width=121)
	        Recheck Cond: ((id >= 5193010) AND (id <= 5194009))
	        ->  Bitmap Index Scan on sbtest7_pkey  (cost=0.00..35.12 rows=1069 width=0)
	              Index Cond: ((id >= 5193010) AND (id <= 5194009))

table 8 : explain SELECT c FROM sbtest8 WHERE id BETWEEN 3323546 AND 3324545 ORDER BY c
	Sort  (cost=3953.11..3955.63 rows=1007 width=121)
	  Sort Key: c
	  ->  Bitmap Heap Scan on sbtest8  (cost=34.76..3902.88 rows=1007 width=121)
	        Recheck Cond: ((id >= 3323546) AND (id <= 3324545))
	        ->  Bitmap Index Scan on sbtest8_pkey  (cost=0.00..34.51 rows=1007 width=0)
	              Index Cond: ((id >= 3323546) AND (id <= 3324545))

for: order_ranges
table 1 : explain SELECT c FROM sbtest1 WHERE id BETWEEN 2172465 AND 2173464 ORDER BY c
	Sort  (cost=4404.09..4406.90 rows=1124 width=121)
	  Sort Key: c
	  ->  Bitmap Heap Scan on sbtest1  (cost=35.96..4347.14 rows=1124 width=121)
	        Recheck Cond: ((id >= 2172465) AND (id <= 2173464))
	        ->  Bitmap Index Scan on sbtest1_pkey  (cost=0.00..35.68 rows=1124 width=0)
	              Index Cond: ((id >= 2172465) AND (id <= 2173464))

table 2 : explain SELECT c FROM sbtest2 WHERE id BETWEEN 7328770 AND 7329769 ORDER BY c
	Sort  (cost=4221.72..4224.41 rows=1078 width=121)
	  Sort Key: c
	  ->  Bitmap Heap Scan on sbtest2  (cost=35.48..4167.42 rows=1078 width=121)
	        Recheck Cond: ((id >= 7328770) AND (id <= 7329769))
	        ->  Bitmap Index Scan on sbtest2_pkey  (cost=0.00..35.22 rows=1078 width=0)
	              Index Cond: ((id >= 7328770) AND (id <= 7329769))

table 3 : explain SELECT c FROM sbtest3 WHERE id BETWEEN 975678 AND 976677 ORDER BY c
	Sort  (cost=3969.33..3971.86 rows=1012 width=121)
	  Sort Key: c
	  ->  Bitmap Heap Scan on sbtest3  (cost=34.81..3918.82 rows=1012 width=121)
	        Recheck Cond: ((id >= 975678) AND (id <= 976677))
	        ->  Bitmap Index Scan on sbtest3_pkey  (cost=0.00..34.56 rows=1012 width=0)
	              Index Cond: ((id >= 975678) AND (id <= 976677))

table 4 : explain SELECT c FROM sbtest4 WHERE id BETWEEN 2686277 AND 2687276 ORDER BY c
	Sort  (cost=3924.83..3927.33 rows=1000 width=121)
	  Sort Key: c
	  ->  Bitmap Heap Scan on sbtest4  (cost=34.69..3875.00 rows=1000 width=121)
	        Recheck Cond: ((id >= 2686277) AND (id <= 2687276))
	        ->  Bitmap Index Scan on sbtest4_pkey  (cost=0.00..34.44 rows=1000 width=0)
	              Index Cond: ((id >= 2686277) AND (id <= 2687276))

table 5 : explain SELECT c FROM sbtest5 WHERE id BETWEEN 842303 AND 843302 ORDER BY c
	Sort  (cost=3703.96..3706.32 rows=942 width=121)
	  Sort Key: c
	  ->  Bitmap Heap Scan on sbtest5  (cost=34.09..3657.43 rows=942 width=121)
	        Recheck Cond: ((id >= 842303) AND (id <= 843302))
	        ->  Bitmap Index Scan on sbtest5_pkey  (cost=0.00..33.86 rows=942 width=0)
	              Index Cond: ((id >= 842303) AND (id <= 843302))

table 6 : explain SELECT c FROM sbtest6 WHERE id BETWEEN 6328735 AND 6329734 ORDER BY c
	Sort  (cost=4077.85..4080.45 rows=1040 width=121)
	  Sort Key: c
	  ->  Bitmap Heap Scan on sbtest6  (cost=35.09..4025.74 rows=1040 width=121)
	        Recheck Cond: ((id >= 6328735) AND (id <= 6329734))
	        ->  Bitmap Index Scan on sbtest6_pkey  (cost=0.00..34.84 rows=1040 width=0)
	              Index Cond: ((id >= 6328735) AND (id <= 6329734))

table 7 : explain SELECT c FROM sbtest7 WHERE id BETWEEN 5561193 AND 5562192 ORDER BY c
	Sort  (cost=4113.19..4115.81 rows=1049 width=121)
	  Sort Key: c
	  ->  Bitmap Heap Scan on sbtest7  (cost=35.19..4060.56 rows=1049 width=121)
	        Recheck Cond: ((id >= 5561193) AND (id <= 5562192))
	        ->  Bitmap Index Scan on sbtest7_pkey  (cost=0.00..34.93 rows=1049 width=0)
	              Index Cond: ((id >= 5561193) AND (id <= 5562192))

table 8 : explain SELECT c FROM sbtest8 WHERE id BETWEEN 2269138 AND 2270137 ORDER BY c
	Sort  (cost=4064.06..4066.65 rows=1036 width=121)
	  Sort Key: c
	  ->  Bitmap Heap Scan on sbtest8  (cost=35.05..4012.17 rows=1036 width=121)
	        Recheck Cond: ((id >= 2269138) AND (id <= 2270137))
	        ->  Bitmap Index Scan on sbtest8_pkey  (cost=0.00..34.80 rows=1036 width=0)
	              Index Cond: ((id >= 2269138) AND (id <= 2270137))

for: simple_ranges
table 1 : explain SELECT c FROM sbtest1 WHERE id BETWEEN 688124 AND 689123
	Bitmap Heap Scan on sbtest1  (cost=34.38..3766.48 rows=970 width=121)
	  Recheck Cond: ((id >= 688124) AND (id <= 689123))
	  ->  Bitmap Index Scan on sbtest1_pkey  (cost=0.00..34.14 rows=970 width=0)
	        Index Cond: ((id >= 688124) AND (id <= 689123))

table 2 : explain SELECT c FROM sbtest2 WHERE id BETWEEN 7229789 AND 7230788
	Bitmap Heap Scan on sbtest2  (cost=35.01..3994.44 rows=1032 width=121)
	  Recheck Cond: ((id >= 7229789) AND (id <= 7230788))
	  ->  Bitmap Index Scan on sbtest2_pkey  (cost=0.00..34.76 rows=1032 width=0)
	        Index Cond: ((id >= 7229789) AND (id <= 7230788))

table 3 : explain SELECT c FROM sbtest3 WHERE id BETWEEN 312584 AND 313583
	Bitmap Heap Scan on sbtest3  (cost=34.74..3892.46 rows=1005 width=121)
	  Recheck Cond: ((id >= 312584) AND (id <= 313583))
	  ->  Bitmap Index Scan on sbtest3_pkey  (cost=0.00..34.48 rows=1005 width=0)
	        Index Cond: ((id >= 312584) AND (id <= 313583))

table 4 : explain SELECT c FROM sbtest4 WHERE id BETWEEN 7909642 AND 7910641
	Bitmap Heap Scan on sbtest4  (cost=35.25..4082.10 rows=1055 width=121)
	  Recheck Cond: ((id >= 7909642) AND (id <= 7910641))
	  ->  Bitmap Index Scan on sbtest4_pkey  (cost=0.00..34.98 rows=1055 width=0)
	        Index Cond: ((id >= 7909642) AND (id <= 7910641))

table 5 : explain SELECT c FROM sbtest5 WHERE id BETWEEN 7316299 AND 7317298
	Bitmap Heap Scan on sbtest5  (cost=34.64..3861.28 rows=996 width=121)
	  Recheck Cond: ((id >= 7316299) AND (id <= 7317298))
	  ->  Bitmap Index Scan on sbtest5_pkey  (cost=0.00..34.40 rows=996 width=0)
	        Index Cond: ((id >= 7316299) AND (id <= 7317298))

table 6 : explain SELECT c FROM sbtest6 WHERE id BETWEEN 3067466 AND 3068465
	Bitmap Heap Scan on sbtest6  (cost=35.55..4191.23 rows=1084 width=121)
	  Recheck Cond: ((id >= 3067466) AND (id <= 3068465))
	  ->  Bitmap Index Scan on sbtest6_pkey  (cost=0.00..35.28 rows=1084 width=0)
	        Index Cond: ((id >= 3067466) AND (id <= 3068465))

table 7 : explain SELECT c FROM sbtest7 WHERE id BETWEEN 6105835 AND 6106834
	Bitmap Heap Scan on sbtest7  (cost=34.67..3872.19 rows=999 width=121)
	  Recheck Cond: ((id >= 6105835) AND (id <= 6106834))
	  ->  Bitmap Index Scan on sbtest7_pkey  (cost=0.00..34.43 rows=999 width=0)
	        Index Cond: ((id >= 6105835) AND (id <= 6106834))

table 8 : explain SELECT c FROM sbtest8 WHERE id BETWEEN 7512903 AND 7513902
	Bitmap Heap Scan on sbtest8  (cost=34.94..3970.73 rows=1025 width=121)
	  Recheck Cond: ((id >= 7512903) AND (id <= 7513902))
	  ->  Bitmap Index Scan on sbtest8_pkey  (cost=0.00..34.69 rows=1025 width=0)
	        Index Cond: ((id >= 7512903) AND (id <= 7513902))

for: distinct_ranges
table 1 : explain SELECT DISTINCT c FROM sbtest1 WHERE id BETWEEN 3041028 AND 3042027 ORDER BY c
	Unique  (cost=3534.04..3538.53 rows=898 width=121)
	  ->  Sort  (cost=3534.04..3536.29 rows=898 width=121)
	        Sort Key: c
	        ->  Bitmap Heap Scan on sbtest1  (cost=29.64..3489.99 rows=898 width=121)
	              Recheck Cond: ((id >= 3041028) AND (id <= 3042027))
	              ->  Bitmap Index Scan on sbtest1_pkey  (cost=0.00..29.41 rows=898 width=0)
	                    Index Cond: ((id >= 3041028) AND (id <= 3042027))

table 2 : explain SELECT DISTINCT c FROM sbtest2 WHERE id BETWEEN 8673094 AND 8674093 ORDER BY c
	Unique  (cost=4145.39..4150.68 rows=1058 width=121)
	  ->  Sort  (cost=4145.39..4148.04 rows=1058 width=121)
	        Sort Key: c
	        ->  Bitmap Heap Scan on sbtest2  (cost=35.28..4092.24 rows=1058 width=121)
	              Recheck Cond: ((id >= 8673094) AND (id <= 8674093))
	              ->  Bitmap Index Scan on sbtest2_pkey  (cost=0.00..35.02 rows=1058 width=0)
	                    Index Cond: ((id >= 8673094) AND (id <= 8674093))

table 3 : explain SELECT DISTINCT c FROM sbtest3 WHERE id BETWEEN 3885053 AND 3886052 ORDER BY c
	Unique  (cost=4007.55..4012.66 rows=1022 width=121)
	  ->  Sort  (cost=4007.55..4010.11 rows=1022 width=121)
	        Sort Key: c
	        ->  Bitmap Heap Scan on sbtest3  (cost=34.91..3956.47 rows=1022 width=121)
	              Recheck Cond: ((id >= 3885053) AND (id <= 3886052))
	              ->  Bitmap Index Scan on sbtest3_pkey  (cost=0.00..34.66 rows=1022 width=0)
	                    Index Cond: ((id >= 3885053) AND (id <= 3886052))

table 4 : explain SELECT DISTINCT c FROM sbtest4 WHERE id BETWEEN 8951784 AND 8952783 ORDER BY c
	Unique  (cost=3656.71..3661.36 rows=930 width=121)
	  ->  Sort  (cost=3656.71..3659.03 rows=930 width=121)
	        Sort Key: c
	        ->  Bitmap Heap Scan on sbtest4  (cost=33.97..3610.85 rows=930 width=121)
	              Recheck Cond: ((id >= 8951784) AND (id <= 8952783))
	              ->  Bitmap Index Scan on sbtest4_pkey  (cost=0.00..33.73 rows=930 width=0)
	                    Index Cond: ((id >= 8951784) AND (id <= 8952783))

table 5 : explain SELECT DISTINCT c FROM sbtest5 WHERE id BETWEEN 8333830 AND 8334829 ORDER BY c
	Unique  (cost=3930.02..3935.03 rows=1001 width=121)
	  ->  Sort  (cost=3930.02..3932.52 rows=1001 width=121)
	        Sort Key: c
	        ->  Bitmap Heap Scan on sbtest5  (cost=34.70..3880.13 rows=1001 width=121)
	              Recheck Cond: ((id >= 8333830) AND (id <= 8334829))
	              ->  Bitmap Index Scan on sbtest5_pkey  (cost=0.00..34.45 rows=1001 width=0)
	                    Index Cond: ((id >= 8333830) AND (id <= 8334829))

table 6 : explain SELECT DISTINCT c FROM sbtest6 WHERE id BETWEEN 1744973 AND 1745972 ORDER BY c
	Unique  (cost=4096.96..4102.18 rows=1045 width=121)
	  ->  Sort  (cost=4096.96..4099.57 rows=1045 width=121)
	        Sort Key: c
	        ->  Bitmap Heap Scan on sbtest6  (cost=35.15..4044.56 rows=1045 width=121)
	              Recheck Cond: ((id >= 1744973) AND (id <= 1745972))
	              ->  Bitmap Index Scan on sbtest6_pkey  (cost=0.00..34.89 rows=1045 width=0)
	                    Index Cond: ((id >= 1744973) AND (id <= 1745972))

table 7 : explain SELECT DISTINCT c FROM sbtest7 WHERE id BETWEEN 8919386 AND 8920385 ORDER BY c
	Unique  (cost=3960.23..3965.28 rows=1009 width=121)
	  ->  Sort  (cost=3960.23..3962.75 rows=1009 width=121)
	        Sort Key: c
	        ->  Bitmap Heap Scan on sbtest7  (cost=34.78..3909.89 rows=1009 width=121)
	              Recheck Cond: ((id >= 8919386) AND (id <= 8920385))
	              ->  Bitmap Index Scan on sbtest7_pkey  (cost=0.00..34.53 rows=1009 width=0)
	                    Index Cond: ((id >= 8919386) AND (id <= 8920385))

table 8 : explain SELECT DISTINCT c FROM sbtest8 WHERE id BETWEEN 2546893 AND 2547892 ORDER BY c
	Unique  (cost=4239.84..4245.25 rows=1082 width=121)
	  ->  Sort  (cost=4239.84..4242.54 rows=1082 width=121)
	        Sort Key: c
	        ->  Bitmap Heap Scan on sbtest8  (cost=35.53..4185.31 rows=1082 width=121)
	              Recheck Cond: ((id >= 2546893) AND (id <= 2547892))
	              ->  Bitmap Index Scan on sbtest8_pkey  (cost=0.00..35.26 rows=1082 width=0)
	                    Index Cond: ((id >= 2546893) AND (id <= 2547892))

for: distinct_ranges
table 1 : explain SELECT DISTINCT c FROM sbtest1 WHERE id BETWEEN 5501132 AND 5502131 ORDER BY c
	Unique  (cost=3526.35..3530.83 rows=896 width=121)
	  ->  Sort  (cost=3526.35..3528.59 rows=896 width=121)
	        Sort Key: c
	        ->  Bitmap Heap Scan on sbtest1  (cost=29.62..3482.41 rows=896 width=121)
	              Recheck Cond: ((id >= 5501132) AND (id <= 5502131))
	              ->  Bitmap Index Scan on sbtest1_pkey  (cost=0.00..29.39 rows=896 width=0)
	                    Index Cond: ((id >= 5501132) AND (id <= 5502131))

table 2 : explain SELECT DISTINCT c FROM sbtest2 WHERE id BETWEEN 9093954 AND 9094953 ORDER BY c
	Unique  (cost=3847.26..3852.16 rows=980 width=121)
	  ->  Sort  (cost=3847.26..3849.71 rows=980 width=121)
	        Sort Key: c
	        ->  Bitmap Heap Scan on sbtest2  (cost=34.48..3798.58 rows=980 width=121)
	              Recheck Cond: ((id >= 9093954) AND (id <= 9094953))
	              ->  Bitmap Index Scan on sbtest2_pkey  (cost=0.00..34.23 rows=980 width=0)
	                    Index Cond: ((id >= 9093954) AND (id <= 9094953))

table 3 : explain SELECT DISTINCT c FROM sbtest3 WHERE id BETWEEN 8132668 AND 8133667 ORDER BY c
	Unique  (cost=3931.10..3936.11 rows=1002 width=121)
	  ->  Sort  (cost=3931.10..3933.61 rows=1002 width=121)
	        Sort Key: c
	        ->  Bitmap Heap Scan on sbtest3  (cost=34.71..3881.16 rows=1002 width=121)
	              Recheck Cond: ((id >= 8132668) AND (id <= 8133667))
	              ->  Bitmap Index Scan on sbtest3_pkey  (cost=0.00..34.45 rows=1002 width=0)
	                    Index Cond: ((id >= 8132668) AND (id <= 8133667))

table 4 : explain SELECT DISTINCT c FROM sbtest4 WHERE id BETWEEN 4614522 AND 4615521 ORDER BY c
	Unique  (cost=4123.62..4128.88 rows=1052 width=121)
	  ->  Sort  (cost=4123.62..4126.25 rows=1052 width=121)
	        Sort Key: c
	        ->  Bitmap Heap Scan on sbtest4  (cost=35.22..4070.81 rows=1052 width=121)
	              Recheck Cond: ((id >= 4614522) AND (id <= 4615521))
	              ->  Bitmap Index Scan on sbtest4_pkey  (cost=0.00..34.95 rows=1052 width=0)
	                    Index Cond: ((id >= 4614522) AND (id <= 4615521))

table 5 : explain SELECT DISTINCT c FROM sbtest5 WHERE id BETWEEN 873127 AND 874126 ORDER BY c
	Unique  (cost=3703.96..3708.67 rows=942 width=121)
	  ->  Sort  (cost=3703.96..3706.32 rows=942 width=121)
	        Sort Key: c
	        ->  Bitmap Heap Scan on sbtest5  (cost=34.09..3657.43 rows=942 width=121)
	              Recheck Cond: ((id >= 873127) AND (id <= 874126))
	              ->  Bitmap Index Scan on sbtest5_pkey  (cost=0.00..33.86 rows=942 width=0)
	                    Index Cond: ((id >= 873127) AND (id <= 874126))

table 6 : explain SELECT DISTINCT c FROM sbtest6 WHERE id BETWEEN 2494423 AND 2495422 ORDER BY c
	Unique  (cost=3687.45..3692.14 rows=938 width=121)
	  ->  Sort  (cost=3687.45..3689.80 rows=938 width=121)
	        Sort Key: c
	        ->  Bitmap Heap Scan on sbtest6  (cost=34.05..3641.14 rows=938 width=121)
	              Recheck Cond: ((id >= 2494423) AND (id <= 2495422))
	              ->  Bitmap Index Scan on sbtest6_pkey  (cost=0.00..33.82 rows=938 width=0)
	                    Index Cond: ((id >= 2494423) AND (id <= 2495422))

table 7 : explain SELECT DISTINCT c FROM sbtest7 WHERE id BETWEEN 793150 AND 794149 ORDER BY c
	Unique  (cost=4086.44..4091.65 rows=1042 width=121)
	  ->  Sort  (cost=4086.44..4089.04 rows=1042 width=121)
	        Sort Key: c
	        ->  Bitmap Heap Scan on sbtest7  (cost=35.12..4034.21 rows=1042 width=121)
	              Recheck Cond: ((id >= 793150) AND (id <= 794149))
	              ->  Bitmap Index Scan on sbtest7_pkey  (cost=0.00..34.86 rows=1042 width=0)
	                    Index Cond: ((id >= 793150) AND (id <= 794149))

table 8 : explain SELECT DISTINCT c FROM sbtest8 WHERE id BETWEEN 2429052 AND 2430051 ORDER BY c
	Unique  (cost=4278.02..4283.48 rows=1092 width=121)
	  ->  Sort  (cost=4278.02..4280.75 rows=1092 width=121)
	        Sort Key: c
	        ->  Bitmap Heap Scan on sbtest8  (cost=35.63..4222.91 rows=1092 width=121)
	              Recheck Cond: ((id >= 2429052) AND (id <= 2430051))
	              ->  Bitmap Index Scan on sbtest8_pkey  (cost=0.00..35.36 rows=1092 width=0)
	                    Index Cond: ((id >= 2429052) AND (id <= 2430051))

for point_selects
table 1 : explain SELECT c FROM sbtest1 WHERE id=5217885
	Index Scan using sbtest1_pkey on sbtest1  (cost=0.43..8.45 rows=1 width=121)
	  Index Cond: (id = 5217885)

table 2 : explain SELECT c FROM sbtest2 WHERE id=8840683
	Index Scan using sbtest2_pkey on sbtest2  (cost=0.43..8.45 rows=1 width=121)
	  Index Cond: (id = 8840683)

table 3 : explain SELECT c FROM sbtest3 WHERE id=7178957
	Index Scan using sbtest3_pkey on sbtest3  (cost=0.43..8.45 rows=1 width=121)
	  Index Cond: (id = 7178957)

table 4 : explain SELECT c FROM sbtest4 WHERE id=9792424
	Index Scan using sbtest4_pkey on sbtest4  (cost=0.43..8.45 rows=1 width=121)
	  Index Cond: (id = 9792424)

table 5 : explain SELECT c FROM sbtest5 WHERE id=706972
	Index Scan using sbtest5_pkey on sbtest5  (cost=0.43..8.45 rows=1 width=121)
	  Index Cond: (id = 706972)

table 6 : explain SELECT c FROM sbtest6 WHERE id=2070358
	Index Scan using sbtest6_pkey on sbtest6  (cost=0.43..8.45 rows=1 width=121)
	  Index Cond: (id = 2070358)

table 7 : explain SELECT c FROM sbtest7 WHERE id=5870637
	Index Scan using sbtest7_pkey on sbtest7  (cost=0.43..8.45 rows=1 width=121)
	  Index Cond: (id = 5870637)

table 8 : explain SELECT c FROM sbtest8 WHERE id=8908718
	Index Scan using sbtest8_pkey on sbtest8  (cost=0.43..8.45 rows=1 width=121)
	  Index Cond: (id = 8908718)

explain: for point_selects :: explain SELECT c FROM sbtest%u WHERE id=%u
for: sum_ranges
table 1 : explain SELECT SUM(k) FROM sbtest1 WHERE id BETWEEN 4642624 AND 4643623
	Aggregate  (cost=4089.97..4089.98 rows=1 width=8)
	  ->  Bitmap Heap Scan on sbtest1  (cost=35.25..4087.33 rows=1055 width=4)
	        Recheck Cond: ((id >= 4642624) AND (id <= 4643623))
	        ->  Bitmap Index Scan on sbtest1_pkey  (cost=0.00..34.98 rows=1055 width=0)
	              Index Cond: ((id >= 4642624) AND (id <= 4643623))

table 2 : explain SELECT SUM(k) FROM sbtest2 WHERE id BETWEEN 9718752 AND 9719751
	Aggregate  (cost=3823.66..3823.67 rows=1 width=8)
	  ->  Bitmap Heap Scan on sbtest2  (cost=34.54..3821.19 rows=986 width=4)
	        Recheck Cond: ((id >= 9718752) AND (id <= 9719751))
	        ->  Bitmap Index Scan on sbtest2_pkey  (cost=0.00..34.30 rows=986 width=0)
	              Index Cond: ((id >= 9718752) AND (id <= 9719751))

table 3 : explain SELECT SUM(k) FROM sbtest3 WHERE id BETWEEN 2647055 AND 2648054
	Aggregate  (cost=3906.28..3906.29 rows=1 width=8)
	  ->  Bitmap Heap Scan on sbtest3  (cost=34.77..3903.76 rows=1008 width=4)
	        Recheck Cond: ((id >= 2647055) AND (id <= 2648054))
	        ->  Bitmap Index Scan on sbtest3_pkey  (cost=0.00..34.52 rows=1008 width=0)
	              Index Cond: ((id >= 2647055) AND (id <= 2648054))

table 4 : explain SELECT SUM(k) FROM sbtest4 WHERE id BETWEEN 6363077 AND 6364076
	Aggregate  (cost=4111.08..4111.09 rows=1 width=8)
	  ->  Bitmap Heap Scan on sbtest4  (cost=35.32..4108.43 rows=1062 width=4)
	        Recheck Cond: ((id >= 6363077) AND (id <= 6364076))
	        ->  Bitmap Index Scan on sbtest4_pkey  (cost=0.00..35.06 rows=1062 width=0)
	              Index Cond: ((id >= 6363077) AND (id <= 6364076))

table 5 : explain SELECT SUM(k) FROM sbtest5 WHERE id BETWEEN 1913204 AND 1914203
	Aggregate  (cost=3965.62..3965.63 rows=1 width=8)
	  ->  Bitmap Heap Scan on sbtest5  (cost=34.92..3963.06 rows=1023 width=4)
	        Recheck Cond: ((id >= 1913204) AND (id <= 1914203))
	        ->  Bitmap Index Scan on sbtest5_pkey  (cost=0.00..34.67 rows=1023 width=0)
	              Index Cond: ((id >= 1913204) AND (id <= 1914203))

table 6 : explain SELECT SUM(k) FROM sbtest6 WHERE id BETWEEN 147120 AND 148119
	Aggregate  (cost=4069.76..4069.77 rows=1 width=8)
	  ->  Bitmap Heap Scan on sbtest6  (cost=35.21..4067.13 rows=1051 width=4)
	        Recheck Cond: ((id >= 147120) AND (id <= 148119))
	        ->  Bitmap Index Scan on sbtest6_pkey  (cost=0.00..34.95 rows=1051 width=0)
	              Index Cond: ((id >= 147120) AND (id <= 148119))

table 7 : explain SELECT SUM(k) FROM sbtest7 WHERE id BETWEEN 2758056 AND 2759055
	Aggregate  (cost=3632.73..3632.74 rows=1 width=8)
	  ->  Bitmap Heap Scan on sbtest7  (cost=30.03..3630.39 rows=936 width=4)
	        Recheck Cond: ((id >= 2758056) AND (id <= 2759055))
	        ->  Bitmap Index Scan on sbtest7_pkey  (cost=0.00..29.79 rows=936 width=0)
	              Index Cond: ((id >= 2758056) AND (id <= 2759055))

table 8 : explain SELECT SUM(k) FROM sbtest8 WHERE id BETWEEN 109153 AND 110152
	Aggregate  (cost=3606.73..3606.74 rows=1 width=8)
	  ->  Bitmap Heap Scan on sbtest8  (cost=29.96..3604.41 rows=929 width=4)
	        Recheck Cond: ((id >= 109153) AND (id <= 110152))
	        ->  Bitmap Index Scan on sbtest8_pkey  (cost=0.00..29.72 rows=929 width=0)
	              Index Cond: ((id >= 109153) AND (id <= 110152))

explain: for point_selects :: explain SELECT c FROM sbtest%u WHERE id=%u
for: distinct_ranges
table 1 : explain SELECT DISTINCT c FROM sbtest1 WHERE id BETWEEN 5396985 AND 5397984 ORDER BY c
	Unique  (cost=4125.00..4130.25 rows=1051 width=121)
	  ->  Sort  (cost=4125.00..4127.63 rows=1051 width=121)
	        Sort Key: c
	        ->  Bitmap Heap Scan on sbtest1  (cost=35.21..4072.25 rows=1051 width=121)
	              Recheck Cond: ((id >= 5396985) AND (id <= 5397984))
	              ->  Bitmap Index Scan on sbtest1_pkey  (cost=0.00..34.95 rows=1051 width=0)
	                    Index Cond: ((id >= 5396985) AND (id <= 5397984))

table 2 : explain SELECT DISTINCT c FROM sbtest2 WHERE id BETWEEN 2950791 AND 2951790 ORDER BY c
	Unique  (cost=3747.72..3752.49 rows=954 width=121)
	  ->  Sort  (cost=3747.72..3750.11 rows=954 width=121)
	        Sort Key: c
	        ->  Bitmap Heap Scan on sbtest2  (cost=34.21..3700.51 rows=954 width=121)
	              Recheck Cond: ((id >= 2950791) AND (id <= 2951790))
	              ->  Bitmap Index Scan on sbtest2_pkey  (cost=0.00..33.98 rows=954 width=0)
	                    Index Cond: ((id >= 2950791) AND (id <= 2951790))

table 3 : explain SELECT DISTINCT c FROM sbtest3 WHERE id BETWEEN 2826443 AND 2827442 ORDER BY c
	Unique  (cost=3709.12..3713.84 rows=944 width=121)
	  ->  Sort  (cost=3709.12..3711.48 rows=944 width=121)
	        Sort Key: c
	        ->  Bitmap Heap Scan on sbtest3  (cost=34.11..3662.47 rows=944 width=121)
	              Recheck Cond: ((id >= 2826443) AND (id <= 2827442))
	              ->  Bitmap Index Scan on sbtest3_pkey  (cost=0.00..33.88 rows=944 width=0)
	                    Index Cond: ((id >= 2826443) AND (id <= 2827442))

table 4 : explain SELECT DISTINCT c FROM sbtest4 WHERE id BETWEEN 8820774 AND 8821773 ORDER BY c
	Unique  (cost=3714.21..3718.94 rows=945 width=121)
	  ->  Sort  (cost=3714.21..3716.57 rows=945 width=121)
	        Sort Key: c
	        ->  Bitmap Heap Scan on sbtest4  (cost=34.12..3667.51 rows=945 width=121)
	              Recheck Cond: ((id >= 8820774) AND (id <= 8821773))
	              ->  Bitmap Index Scan on sbtest4_pkey  (cost=0.00..33.89 rows=945 width=0)
	                    Index Cond: ((id >= 8820774) AND (id <= 8821773))

table 5 : explain SELECT DISTINCT c FROM sbtest5 WHERE id BETWEEN 3160454 AND 3161453 ORDER BY c
	Unique  (cost=3998.90..4004.00 rows=1019 width=121)
	  ->  Sort  (cost=3998.90..4001.45 rows=1019 width=121)
	        Sort Key: c
	        ->  Bitmap Heap Scan on sbtest5  (cost=34.88..3947.99 rows=1019 width=121)
	              Recheck Cond: ((id >= 3160454) AND (id <= 3161453))
	              ->  Bitmap Index Scan on sbtest5_pkey  (cost=0.00..34.62 rows=1019 width=0)
	                    Index Cond: ((id >= 3160454) AND (id <= 3161453))

table 6 : explain SELECT DISTINCT c FROM sbtest6 WHERE id BETWEEN 3438938 AND 3439937 ORDER BY c
	Unique  (cost=3760.27..3765.05 rows=957 width=121)
	  ->  Sort  (cost=3760.27..3762.66 rows=957 width=121)
	        Sort Key: c
	        ->  Bitmap Heap Scan on sbtest6  (cost=34.24..3712.89 rows=957 width=121)
	              Recheck Cond: ((id >= 3438938) AND (id <= 3439937))
	              ->  Bitmap Index Scan on sbtest6_pkey  (cost=0.00..34.01 rows=957 width=0)
	                    Index Cond: ((id >= 3438938) AND (id <= 3439937))

table 7 : explain SELECT DISTINCT c FROM sbtest7 WHERE id BETWEEN 4883475 AND 4884474 ORDER BY c
	Unique  (cost=3921.96..3926.96 rows=999 width=121)
	  ->  Sort  (cost=3921.96..3924.46 rows=999 width=121)
	        Sort Key: c
	        ->  Bitmap Heap Scan on sbtest7  (cost=34.67..3872.19 rows=999 width=121)
	              Recheck Cond: ((id >= 4883475) AND (id <= 4884474))
	              ->  Bitmap Index Scan on sbtest7_pkey  (cost=0.00..34.43 rows=999 width=0)
	                    Index Cond: ((id >= 4883475) AND (id <= 4884474))

table 8 : explain SELECT DISTINCT c FROM sbtest8 WHERE id BETWEEN 8596254 AND 8597253 ORDER BY c
	Unique  (cost=3684.73..3689.42 rows=938 width=121)
	  ->  Sort  (cost=3684.73..3687.08 rows=938 width=121)
	        Sort Key: c
	        ->  Bitmap Heap Scan on sbtest8  (cost=30.05..3638.43 rows=938 width=121)
	              Recheck Cond: ((id >= 8596254) AND (id <= 8597253))
	              ->  Bitmap Index Scan on sbtest8_pkey  (cost=0.00..29.82 rows=938 width=0)
	                    Index Cond: ((id >= 8596254) AND (id <= 8597253))

explain: for point_selects :: explain SELECT c FROM sbtest%u WHERE id=%u
explain: for point_selects :: explain SELECT c FROM sbtest%u WHERE id=%u
for: order_ranges
table 1 : explain SELECT c FROM sbtest1 WHERE id BETWEEN 1932280 AND 1933279 ORDER BY c
	Sort  (cost=4040.77..4043.34 rows=1029 width=121)
	  Sort Key: c
	  ->  Bitmap Heap Scan on sbtest1  (cost=34.98..3989.28 rows=1029 width=121)
	        Recheck Cond: ((id >= 1932280) AND (id <= 1933279))
	        ->  Bitmap Index Scan on sbtest1_pkey  (cost=0.00..34.73 rows=1029 width=0)
	              Index Cond: ((id >= 1932280) AND (id <= 1933279))

table 2 : explain SELECT c FROM sbtest2 WHERE id BETWEEN 2692247 AND 2693246 ORDER BY c
	Sort  (cost=3900.83..3903.31 rows=994 width=121)
	  Sort Key: c
	  ->  Bitmap Heap Scan on sbtest2  (cost=34.62..3851.34 rows=994 width=121)
	        Recheck Cond: ((id >= 2692247) AND (id <= 2693246))
	        ->  Bitmap Index Scan on sbtest2_pkey  (cost=0.00..34.38 rows=994 width=0)
	              Index Cond: ((id >= 2692247) AND (id <= 2693246))

table 3 : explain SELECT c FROM sbtest3 WHERE id BETWEEN 2220876 AND 2221875 ORDER BY c
	Sort  (cost=3728.27..3730.65 rows=949 width=121)
	  Sort Key: c
	  ->  Bitmap Heap Scan on sbtest3  (cost=34.16..3681.34 rows=949 width=121)
	        Recheck Cond: ((id >= 2220876) AND (id <= 2221875))
	        ->  Bitmap Index Scan on sbtest3_pkey  (cost=0.00..33.93 rows=949 width=0)
	              Index Cond: ((id >= 2220876) AND (id <= 2221875))

table 4 : explain SELECT c FROM sbtest4 WHERE id BETWEEN 4842462 AND 4843461 ORDER BY c
	Sort  (cost=4150.35..4153.00 rows=1059 width=121)
	  Sort Key: c
	  ->  Bitmap Heap Scan on sbtest4  (cost=35.29..4097.15 rows=1059 width=121)
	        Recheck Cond: ((id >= 4842462) AND (id <= 4843461))
	        ->  Bitmap Index Scan on sbtest4_pkey  (cost=0.00..35.03 rows=1059 width=0)
	              Index Cond: ((id >= 4842462) AND (id <= 4843461))

table 5 : explain SELECT c FROM sbtest5 WHERE id BETWEEN 702793 AND 703792 ORDER BY c
	Sort  (cost=3784.47..3786.88 rows=963 width=121)
	  Sort Key: c
	  ->  Bitmap Heap Scan on sbtest5  (cost=34.31..3736.75 rows=963 width=121)
	        Recheck Cond: ((id >= 702793) AND (id <= 703792))
	        ->  Bitmap Index Scan on sbtest5_pkey  (cost=0.00..34.07 rows=963 width=0)
	              Index Cond: ((id >= 702793) AND (id <= 703792))

table 6 : explain SELECT c FROM sbtest6 WHERE id BETWEEN 6020597 AND 6021596 ORDER BY c
	Sort  (cost=4196.26..4198.94 rows=1071 width=121)
	  Sort Key: c
	  ->  Bitmap Heap Scan on sbtest6  (cost=35.41..4142.36 rows=1071 width=121)
	        Recheck Cond: ((id >= 6020597) AND (id <= 6021596))
	        ->  Bitmap Index Scan on sbtest6_pkey  (cost=0.00..35.15 rows=1071 width=0)
	              Index Cond: ((id >= 6020597) AND (id <= 6021596))

table 7 : explain SELECT c FROM sbtest7 WHERE id BETWEEN 6452739 AND 6453738 ORDER BY c
	Sort  (cost=4472.18..4475.04 rows=1143 width=121)
	  Sort Key: c
	  ->  Bitmap Heap Scan on sbtest7  (cost=40.15..4414.13 rows=1143 width=121)
	        Recheck Cond: ((id >= 6452739) AND (id <= 6453738))
	        ->  Bitmap Index Scan on sbtest7_pkey  (cost=0.00..39.87 rows=1143 width=0)
	              Index Cond: ((id >= 6452739) AND (id <= 6453738))

table 8 : explain SELECT c FROM sbtest8 WHERE id BETWEEN 1523624 AND 1524623 ORDER BY c
	Sort  (cost=3956.94..3959.46 rows=1008 width=121)
	  Sort Key: c
	  ->  Bitmap Heap Scan on sbtest8  (cost=34.77..3906.65 rows=1008 width=121)
	        Recheck Cond: ((id >= 1523624) AND (id <= 1524623))
	        ->  Bitmap Index Scan on sbtest8_pkey  (cost=0.00..34.52 rows=1008 width=0)
	              Index Cond: ((id >= 1523624) AND (id <= 1524623))

for: simple_ranges
table 1 : explain SELECT c FROM sbtest1 WHERE id BETWEEN 4125888 AND 4126887
	Bitmap Heap Scan on sbtest1  (cost=34.70..3883.60 rows=1001 width=121)
	  Recheck Cond: ((id >= 4125888) AND (id <= 4126887))
	  ->  Bitmap Index Scan on sbtest1_pkey  (cost=0.00..34.45 rows=1001 width=0)
	        Index Cond: ((id >= 4125888) AND (id <= 4126887))

table 2 : explain SELECT c FROM sbtest2 WHERE id BETWEEN 8119 AND 9118
	Bitmap Heap Scan on sbtest2  (cost=34.44..3783.49 rows=976 width=121)
	  Recheck Cond: ((id >= 8119) AND (id <= 9118))
	  ->  Bitmap Index Scan on sbtest2_pkey  (cost=0.00..34.20 rows=976 width=0)
	        Index Cond: ((id >= 8119) AND (id <= 9118))

table 3 : explain SELECT c FROM sbtest3 WHERE id BETWEEN 6888824 AND 6889823
	Bitmap Heap Scan on sbtest3  (cost=34.53..3817.11 rows=985 width=121)
	  Recheck Cond: ((id >= 6888824) AND (id <= 6889823))
	  ->  Bitmap Index Scan on sbtest3_pkey  (cost=0.00..34.29 rows=985 width=0)
	        Index Cond: ((id >= 6888824) AND (id <= 6889823))

table 4 : explain SELECT c FROM sbtest4 WHERE id BETWEEN 5434818 AND 5435817
	Bitmap Heap Scan on sbtest4  (cost=29.87..3569.07 rows=920 width=121)
	  Recheck Cond: ((id >= 5434818) AND (id <= 5435817))
	  ->  Bitmap Index Scan on sbtest4_pkey  (cost=0.00..29.64 rows=920 width=0)
	        Index Cond: ((id >= 5434818) AND (id <= 5435817))

table 5 : explain SELECT c FROM sbtest5 WHERE id BETWEEN 6416059 AND 6417058
	Bitmap Heap Scan on sbtest5  (cost=35.01..3996.97 rows=1032 width=121)
	  Recheck Cond: ((id >= 6416059) AND (id <= 6417058))
	  ->  Bitmap Index Scan on sbtest5_pkey  (cost=0.00..34.76 rows=1032 width=0)
	        Index Cond: ((id >= 6416059) AND (id <= 6417058))

table 6 : explain SELECT c FROM sbtest6 WHERE id BETWEEN 3338991 AND 3339990
	Bitmap Heap Scan on sbtest6  (cost=30.03..3629.59 rows=936 width=121)
	  Recheck Cond: ((id >= 3338991) AND (id <= 3339990))
	  ->  Bitmap Index Scan on sbtest6_pkey  (cost=0.00..29.79 rows=936 width=0)
	        Index Cond: ((id >= 3338991) AND (id <= 3339990))

table 7 : explain SELECT c FROM sbtest7 WHERE id BETWEEN 9180239 AND 9181238
	Bitmap Heap Scan on sbtest7  (cost=29.76..3532.10 rows=910 width=121)
	  Recheck Cond: ((id >= 9180239) AND (id <= 9181238))
	  ->  Bitmap Index Scan on sbtest7_pkey  (cost=0.00..29.54 rows=910 width=0)
	        Index Cond: ((id >= 9180239) AND (id <= 9181238))

table 8 : explain SELECT c FROM sbtest8 WHERE id BETWEEN 6925349 AND 6926348
	Bitmap Heap Scan on sbtest8  (cost=34.43..3782.17 rows=975 width=121)
	  Recheck Cond: ((id >= 6925349) AND (id <= 6926348))
	  ->  Bitmap Index Scan on sbtest8_pkey  (cost=0.00..34.19 rows=975 width=0)
	        Index Cond: ((id >= 6925349) AND (id <= 6926348))

explain: for point_selects :: explain SELECT c FROM sbtest%u WHERE id=%u
for: distinct_ranges
table 1 : explain SELECT DISTINCT c FROM sbtest1 WHERE id BETWEEN 7632195 AND 7633194 ORDER BY c
	Unique  (cost=3883.65..3888.59 rows=988 width=121)
	  ->  Sort  (cost=3883.65..3886.12 rows=988 width=121)
	        Sort Key: c
	        ->  Bitmap Heap Scan on sbtest1  (cost=34.56..3834.50 rows=988 width=121)
	              Recheck Cond: ((id >= 7632195) AND (id <= 7633194))
	              ->  Bitmap Index Scan on sbtest1_pkey  (cost=0.00..34.32 rows=988 width=0)
	                    Index Cond: ((id >= 7632195) AND (id <= 7633194))

table 2 : explain SELECT DISTINCT c FROM sbtest2 WHERE id BETWEEN 8754139 AND 8755138 ORDER BY c
	Unique  (cost=4343.82..4349.38 rows=1111 width=121)
	  ->  Sort  (cost=4343.82..4346.60 rows=1111 width=121)
	        Sort Key: c
	        ->  Bitmap Heap Scan on sbtest2  (cost=35.82..4287.62 rows=1111 width=121)
	              Recheck Cond: ((id >= 8754139) AND (id <= 8755138))
	              ->  Bitmap Index Scan on sbtest2_pkey  (cost=0.00..35.55 rows=1111 width=0)
	                    Index Cond: ((id >= 8754139) AND (id <= 8755138))

table 3 : explain SELECT DISTINCT c FROM sbtest3 WHERE id BETWEEN 902169 AND 903168 ORDER BY c
	Unique  (cost=3720.61..3725.35 rows=947 width=121)
	  ->  Sort  (cost=3720.61..3722.98 rows=947 width=121)
	        Sort Key: c
	        ->  Bitmap Heap Scan on sbtest3  (cost=34.14..3673.80 rows=947 width=121)
	              Recheck Cond: ((id >= 902169) AND (id <= 903168))
	              ->  Bitmap Index Scan on sbtest3_pkey  (cost=0.00..33.91 rows=947 width=0)
	                    Index Cond: ((id >= 902169) AND (id <= 903168))

table 4 : explain SELECT DISTINCT c FROM sbtest4 WHERE id BETWEEN 6509720 AND 6510719 ORDER BY c
	Unique  (cost=3733.37..3738.12 rows=950 width=121)
	  ->  Sort  (cost=3733.37..3735.75 rows=950 width=121)
	        Sort Key: c
	        ->  Bitmap Heap Scan on sbtest4  (cost=34.17..3686.39 rows=950 width=121)
	              Recheck Cond: ((id >= 6509720) AND (id <= 6510719))
	              ->  Bitmap Index Scan on sbtest4_pkey  (cost=0.00..33.94 rows=950 width=0)
	                    Index Cond: ((id >= 6509720) AND (id <= 6510719))

table 5 : explain SELECT DISTINCT c FROM sbtest5 WHERE id BETWEEN 6416653 AND 6417652 ORDER BY c
	Unique  (cost=4048.63..4053.79 rows=1032 width=121)
	  ->  Sort  (cost=4048.63..4051.21 rows=1032 width=121)
	        Sort Key: c
	        ->  Bitmap Heap Scan on sbtest5  (cost=35.01..3996.97 rows=1032 width=121)
	              Recheck Cond: ((id >= 6416653) AND (id <= 6417652))
	              ->  Bitmap Index Scan on sbtest5_pkey  (cost=0.00..34.76 rows=1032 width=0)
	                    Index Cond: ((id >= 6416653) AND (id <= 6417652))

table 6 : explain SELECT DISTINCT c FROM sbtest6 WHERE id BETWEEN 4907185 AND 4908184 ORDER BY c
	Unique  (cost=4135.16..4140.44 rows=1055 width=121)
	  ->  Sort  (cost=4135.16..4137.80 rows=1055 width=121)
	        Sort Key: c
	        ->  Bitmap Heap Scan on sbtest6  (cost=35.25..4082.18 rows=1055 width=121)
	              Recheck Cond: ((id >= 4907185) AND (id <= 4908184))
	              ->  Bitmap Index Scan on sbtest6_pkey  (cost=0.00..34.98 rows=1055 width=0)
	                    Index Cond: ((id >= 4907185) AND (id <= 4908184))

table 7 : explain SELECT DISTINCT c FROM sbtest7 WHERE id BETWEEN 2480952 AND 2481951 ORDER BY c
	Unique  (cost=3845.39..3850.28 rows=979 width=121)
	  ->  Sort  (cost=3845.39..3847.83 rows=979 width=121)
	        Sort Key: c
	        ->  Bitmap Heap Scan on sbtest7  (cost=34.47..3796.75 rows=979 width=121)
	              Recheck Cond: ((id >= 2480952) AND (id <= 2481951))
	              ->  Bitmap Index Scan on sbtest7_pkey  (cost=0.00..34.23 rows=979 width=0)
	                    Index Cond: ((id >= 2480952) AND (id <= 2481951))

table 8 : explain SELECT DISTINCT c FROM sbtest8 WHERE id BETWEEN 6916535 AND 6917534 ORDER BY c
	Unique  (cost=3830.57..3835.45 rows=975 width=121)
	  ->  Sort  (cost=3830.57..3833.01 rows=975 width=121)
	        Sort Key: c
	        ->  Bitmap Heap Scan on sbtest8  (cost=34.43..3782.17 rows=975 width=121)
	              Recheck Cond: ((id >= 6916535) AND (id <= 6917534))
	              ->  Bitmap Index Scan on sbtest8_pkey  (cost=0.00..34.19 rows=975 width=0)
	                    Index Cond: ((id >= 6916535) AND (id <= 6917534))

explain: for point_selects :: explain SELECT c FROM sbtest%u WHERE id=%u
explain: for point_selects :: explain SELECT c FROM sbtest%u WHERE id=%u
for point_selects
table 1 : explain SELECT c FROM sbtest1 WHERE id=1789885
	Index Scan using sbtest1_pkey on sbtest1  (cost=0.43..8.45 rows=1 width=121)
	  Index Cond: (id = 1789885)

table 2 : explain SELECT c FROM sbtest2 WHERE id=8075781
	Index Scan using sbtest2_pkey on sbtest2  (cost=0.43..8.45 rows=1 width=121)
	  Index Cond: (id = 8075781)

table 3 : explain SELECT c FROM sbtest3 WHERE id=4701821
	Index Scan using sbtest3_pkey on sbtest3  (cost=0.43..8.45 rows=1 width=121)
	  Index Cond: (id = 4701821)

table 4 : explain SELECT c FROM sbtest4 WHERE id=7642272
	Index Scan using sbtest4_pkey on sbtest4  (cost=0.43..8.45 rows=1 width=121)
	  Index Cond: (id = 7642272)

table 5 : explain SELECT c FROM sbtest5 WHERE id=1239325
	Index Scan using sbtest5_pkey on sbtest5  (cost=0.43..8.45 rows=1 width=121)
	  Index Cond: (id = 1239325)

table 6 : explain SELECT c FROM sbtest6 WHERE id=6250073
	Index Scan using sbtest6_pkey on sbtest6  (cost=0.43..8.45 rows=1 width=121)
	  Index Cond: (id = 6250073)

table 7 : explain SELECT c FROM sbtest7 WHERE id=6330043
	Index Scan using sbtest7_pkey on sbtest7  (cost=0.43..8.45 rows=1 width=121)
	  Index Cond: (id = 6330043)

table 8 : explain SELECT c FROM sbtest8 WHERE id=5485391
	Index Scan using sbtest8_pkey on sbtest8  (cost=0.43..8.45 rows=1 width=121)
	  Index Cond: (id = 5485391)

for: sum_ranges
table 1 : explain SELECT SUM(k) FROM sbtest1 WHERE id BETWEEN 8415492 AND 8416491
	Aggregate  (cost=3560.47..3560.48 rows=1 width=8)
	  ->  Bitmap Heap Scan on sbtest1  (cost=29.82..3558.18 rows=916 width=4)
	        Recheck Cond: ((id >= 8415492) AND (id <= 8416491))
	        ->  Bitmap Index Scan on sbtest1_pkey  (cost=0.00..29.59 rows=916 width=0)
	              Index Cond: ((id >= 8415492) AND (id <= 8416491))

table 2 : explain SELECT SUM(k) FROM sbtest2 WHERE id BETWEEN 5783266 AND 5784265
	Aggregate  (cost=4034.67..4034.68 rows=1 width=8)
	  ->  Bitmap Heap Scan on sbtest2  (cost=35.12..4032.07 rows=1042 width=4)
	        Recheck Cond: ((id >= 5783266) AND (id <= 5784265))
	        ->  Bitmap Index Scan on sbtest2_pkey  (cost=0.00..34.86 rows=1042 width=0)
	              Index Cond: ((id >= 5783266) AND (id <= 5784265))

table 3 : explain SELECT SUM(k) FROM sbtest3 WHERE id BETWEEN 2272194 AND 2273193
	Aggregate  (cost=3683.72..3683.73 rows=1 width=8)
	  ->  Bitmap Heap Scan on sbtest3  (cost=34.16..3681.34 rows=949 width=4)
	        Recheck Cond: ((id >= 2272194) AND (id <= 2273193))
	        ->  Bitmap Index Scan on sbtest3_pkey  (cost=0.00..33.93 rows=949 width=0)
	              Index Cond: ((id >= 2272194) AND (id <= 2273193))

table 4 : explain SELECT SUM(k) FROM sbtest4 WHERE id BETWEEN 1086559 AND 1087558
	Aggregate  (cost=3707.65..3707.66 rows=1 width=8)
	  ->  Bitmap Heap Scan on sbtest4  (cost=34.22..3705.26 rows=955 width=4)
	        Recheck Cond: ((id >= 1086559) AND (id <= 1087558))
	        ->  Bitmap Index Scan on sbtest4_pkey  (cost=0.00..33.98 rows=955 width=0)
	              Index Cond: ((id >= 1086559) AND (id <= 1087558))

table 5 : explain SELECT SUM(k) FROM sbtest5 WHERE id BETWEEN 2544600 AND 2545599
	Aggregate  (cost=4364.88..4364.89 rows=1 width=8)
	  ->  Bitmap Heap Scan on sbtest5  (cost=40.01..4362.06 rows=1129 width=4)
	        Recheck Cond: ((id >= 2544600) AND (id <= 2545599))
	        ->  Bitmap Index Scan on sbtest5_pkey  (cost=0.00..39.73 rows=1129 width=0)
	              Index Cond: ((id >= 2544600) AND (id <= 2545599))

table 6 : explain SELECT SUM(k) FROM sbtest6 WHERE id BETWEEN 8762531 AND 8763530
	Aggregate  (cost=3628.15..3628.16 rows=1 width=8)
	  ->  Bitmap Heap Scan on sbtest6  (cost=30.02..3625.81 rows=935 width=4)
	        Recheck Cond: ((id >= 8762531) AND (id <= 8763530))
	        ->  Bitmap Index Scan on sbtest6_pkey  (cost=0.00..29.79 rows=935 width=0)
	              Index Cond: ((id >= 8762531) AND (id <= 8763530))

table 7 : explain SELECT SUM(k) FROM sbtest7 WHERE id BETWEEN 8851484 AND 8852483
	Aggregate  (cost=3916.18..3916.19 rows=1 width=8)
	  ->  Bitmap Heap Scan on sbtest7  (cost=34.79..3913.66 rows=1010 width=4)
	        Recheck Cond: ((id >= 8851484) AND (id <= 8852483))
	        ->  Bitmap Index Scan on sbtest7_pkey  (cost=0.00..34.54 rows=1010 width=0)
	              Index Cond: ((id >= 8851484) AND (id <= 8852483))

table 8 : explain SELECT SUM(k) FROM sbtest8 WHERE id BETWEEN 4611979 AND 4612978
	Aggregate  (cost=4037.37..4037.38 rows=1 width=8)
	  ->  Bitmap Heap Scan on sbtest8  (cost=35.12..4034.77 rows=1042 width=4)
	        Recheck Cond: ((id >= 4611979) AND (id <= 4612978))
	        ->  Bitmap Index Scan on sbtest8_pkey  (cost=0.00..34.86 rows=1042 width=0)
	              Index Cond: ((id >= 4611979) AND (id <= 4612978))

for: order_ranges
table 1 : explain SELECT c FROM sbtest1 WHERE id BETWEEN 9031501 AND 9032500 ORDER BY c
	Sort  (cost=3703.29..3705.64 rows=941 width=121)
	  Sort Key: c
	  ->  Bitmap Heap Scan on sbtest1  (cost=34.08..3656.81 rows=941 width=121)
	        Recheck Cond: ((id >= 9031501) AND (id <= 9032500))
	        ->  Bitmap Index Scan on sbtest1_pkey  (cost=0.00..33.84 rows=941 width=0)
	              Index Cond: ((id >= 9031501) AND (id <= 9032500))

table 2 : explain SELECT c FROM sbtest2 WHERE id BETWEEN 3008415 AND 3009414 ORDER BY c
	Sort  (cost=3747.72..3750.11 rows=954 width=121)
	  Sort Key: c
	  ->  Bitmap Heap Scan on sbtest2  (cost=34.21..3700.51 rows=954 width=121)
	        Recheck Cond: ((id >= 3008415) AND (id <= 3009414))
	        ->  Bitmap Index Scan on sbtest2_pkey  (cost=0.00..33.98 rows=954 width=0)
	              Index Cond: ((id >= 3008415) AND (id <= 3009414))

table 3 : explain SELECT c FROM sbtest3 WHERE id BETWEEN 6286025 AND 6287024 ORDER BY c
	Sort  (cost=4270.93..4273.66 rows=1091 width=121)
	  Sort Key: c
	  ->  Bitmap Heap Scan on sbtest3  (cost=35.62..4215.89 rows=1091 width=121)
	        Recheck Cond: ((id >= 6286025) AND (id <= 6287024))
	        ->  Bitmap Index Scan on sbtest3_pkey  (cost=0.00..35.34 rows=1091 width=0)
	              Index Cond: ((id >= 6286025) AND (id <= 6287024))

table 4 : explain SELECT c FROM sbtest4 WHERE id BETWEEN 932858 AND 933857 ORDER BY c
	Sort  (cost=3921.00..3923.50 rows=999 width=121)
	  Sort Key: c
	  ->  Bitmap Heap Scan on sbtest4  (cost=34.67..3871.23 rows=999 width=121)
	        Recheck Cond: ((id >= 932858) AND (id <= 933857))
	        ->  Bitmap Index Scan on sbtest4_pkey  (cost=0.00..34.43 rows=999 width=0)
	              Index Cond: ((id >= 932858) AND (id <= 933857))

table 5 : explain SELECT c FROM sbtest5 WHERE id BETWEEN 7002630 AND 7003629 ORDER BY c
	Sort  (cost=3876.42..3878.89 rows=987 width=121)
	  Sort Key: c
	  ->  Bitmap Heap Scan on sbtest5  (cost=34.55..3827.33 rows=987 width=121)
	        Recheck Cond: ((id >= 7002630) AND (id <= 7003629))
	        ->  Bitmap Index Scan on sbtest5_pkey  (cost=0.00..34.31 rows=987 width=0)
	              Index Cond: ((id >= 7002630) AND (id <= 7003629))

table 6 : explain SELECT c FROM sbtest6 WHERE id BETWEEN 7090430 AND 7091429 ORDER BY c
	Sort  (cost=4043.46..4046.03 rows=1031 width=121)
	  Sort Key: c
	  ->  Bitmap Heap Scan on sbtest6  (cost=35.00..3991.86 rows=1031 width=121)
	        Recheck Cond: ((id >= 7090430) AND (id <= 7091429))
	        ->  Bitmap Index Scan on sbtest6_pkey  (cost=0.00..34.75 rows=1031 width=0)
	              Index Cond: ((id >= 7090430) AND (id <= 7091429))

table 7 : explain SELECT c FROM sbtest7 WHERE id BETWEEN 9784987 AND 9785986 ORDER BY c
	Sort  (cost=3918.13..3920.63 rows=998 width=121)
	  Sort Key: c
	  ->  Bitmap Heap Scan on sbtest7  (cost=34.66..3868.42 rows=998 width=121)
	        Recheck Cond: ((id >= 9784987) AND (id <= 9785986))
	        ->  Bitmap Index Scan on sbtest7_pkey  (cost=0.00..34.42 rows=998 width=0)
	              Index Cond: ((id >= 9784987) AND (id <= 9785986))

table 8 : explain SELECT c FROM sbtest8 WHERE id BETWEEN 9627384 AND 9628383 ORDER BY c
	Sort  (cost=3911.00..3913.49 rows=996 width=121)
	  Sort Key: c
	  ->  Bitmap Heap Scan on sbtest8  (cost=34.64..3861.40 rows=996 width=121)
	        Recheck Cond: ((id >= 9627384) AND (id <= 9628383))
	        ->  Bitmap Index Scan on sbtest8_pkey  (cost=0.00..34.40 rows=996 width=0)
	              Index Cond: ((id >= 9627384) AND (id <= 9628383))

for point_selects
table 1 : explain SELECT c FROM sbtest1 WHERE id=3714535
	Index Scan using sbtest1_pkey on sbtest1  (cost=0.43..8.45 rows=1 width=121)
	  Index Cond: (id = 3714535)

table 2 : explain SELECT c FROM sbtest2 WHERE id=1097869
	Index Scan using sbtest2_pkey on sbtest2  (cost=0.43..8.45 rows=1 width=121)
	  Index Cond: (id = 1097869)

table 3 : explain SELECT c FROM sbtest3 WHERE id=6928489
	Index Scan using sbtest3_pkey on sbtest3  (cost=0.43..8.45 rows=1 width=121)
	  Index Cond: (id = 6928489)

table 4 : explain SELECT c FROM sbtest4 WHERE id=6071067
	Index Scan using sbtest4_pkey on sbtest4  (cost=0.43..8.45 rows=1 width=121)
	  Index Cond: (id = 6071067)

table 5 : explain SELECT c FROM sbtest5 WHERE id=1332102
	Index Scan using sbtest5_pkey on sbtest5  (cost=0.43..8.45 rows=1 width=121)
	  Index Cond: (id = 1332102)

table 6 : explain SELECT c FROM sbtest6 WHERE id=1801068
	Index Scan using sbtest6_pkey on sbtest6  (cost=0.43..8.45 rows=1 width=121)
	  Index Cond: (id = 1801068)

table 7 : explain SELECT c FROM sbtest7 WHERE id=3863563
	Index Scan using sbtest7_pkey on sbtest7  (cost=0.43..8.45 rows=1 width=121)
	  Index Cond: (id = 3863563)

table 8 : explain SELECT c FROM sbtest8 WHERE id=7098970
	Index Scan using sbtest8_pkey on sbtest8  (cost=0.43..8.45 rows=1 width=121)
	  Index Cond: (id = 7098970)

for: order_ranges
table 1 : explain SELECT c FROM sbtest1 WHERE id BETWEEN 6136504 AND 6137503 ORDER BY c
	Sort  (cost=4029.28..4031.84 rows=1026 width=121)
	  Sort Key: c
	  ->  Bitmap Heap Scan on sbtest1  (cost=34.95..3977.96 rows=1026 width=121)
	        Recheck Cond: ((id >= 6136504) AND (id <= 6137503))
	        ->  Bitmap Index Scan on sbtest1_pkey  (cost=0.00..34.70 rows=1026 width=0)
	              Index Cond: ((id >= 6136504) AND (id <= 6137503))

table 2 : explain SELECT c FROM sbtest2 WHERE id BETWEEN 429351 AND 430350 ORDER BY c
	Sort  (cost=4057.56..4060.15 rows=1035 width=121)
	  Sort Key: c
	  ->  Bitmap Heap Scan on sbtest2  (cost=35.04..4005.73 rows=1035 width=121)
	        Recheck Cond: ((id >= 429351) AND (id <= 430350))
	        ->  Bitmap Index Scan on sbtest2_pkey  (cost=0.00..34.79 rows=1035 width=0)
	              Index Cond: ((id >= 429351) AND (id <= 430350))

table 3 : explain SELECT c FROM sbtest3 WHERE id BETWEEN 9555585 AND 9556584 ORDER BY c
	Sort  (cost=4022.84..4025.40 rows=1026 width=121)
	  Sort Key: c
	  ->  Bitmap Heap Scan on sbtest3  (cost=34.95..3971.52 rows=1026 width=121)
	        Recheck Cond: ((id >= 9555585) AND (id <= 9556584))
	        ->  Bitmap Index Scan on sbtest3_pkey  (cost=0.00..34.70 rows=1026 width=0)
	              Index Cond: ((id >= 9555585) AND (id <= 9556584))

table 4 : explain SELECT c FROM sbtest4 WHERE id BETWEEN 4037856 AND 4038855 ORDER BY c
	Sort  (cost=3932.48..3934.98 rows=1002 width=121)
	  Sort Key: c
	  ->  Bitmap Heap Scan on sbtest4  (cost=34.71..3882.54 rows=1002 width=121)
	        Recheck Cond: ((id >= 4037856) AND (id <= 4038855))
	        ->  Bitmap Index Scan on sbtest4_pkey  (cost=0.00..34.45 rows=1002 width=0)
	              Index Cond: ((id >= 4037856) AND (id <= 4038855))

table 5 : explain SELECT c FROM sbtest5 WHERE id BETWEEN 5429814 AND 5430813 ORDER BY c
	Sort  (cost=3792.14..3794.55 rows=965 width=121)
	  Sort Key: c
	  ->  Bitmap Heap Scan on sbtest5  (cost=34.33..3744.30 rows=965 width=121)
	        Recheck Cond: ((id >= 5429814) AND (id <= 5430813))
	        ->  Bitmap Index Scan on sbtest5_pkey  (cost=0.00..34.09 rows=965 width=0)
	              Index Cond: ((id >= 5429814) AND (id <= 5430813))

table 6 : explain SELECT c FROM sbtest6 WHERE id BETWEEN 9363671 AND 9364670 ORDER BY c
	Sort  (cost=3825.39..3827.82 rows=974 width=121)
	  Sort Key: c
	  ->  Bitmap Heap Scan on sbtest6  (cost=34.42..3777.04 rows=974 width=121)
	        Recheck Cond: ((id >= 9363671) AND (id <= 9364670))
	        ->  Bitmap Index Scan on sbtest6_pkey  (cost=0.00..34.18 rows=974 width=0)
	              Index Cond: ((id >= 9363671) AND (id <= 9364670))

table 7 : explain SELECT c FROM sbtest7 WHERE id BETWEEN 2178338 AND 2179337 ORDER BY c
	Sort  (cost=3615.20..3617.50 rows=920 width=121)
	  Sort Key: c
	  ->  Bitmap Heap Scan on sbtest7  (cost=29.87..3569.91 rows=920 width=121)
	        Recheck Cond: ((id >= 2178338) AND (id <= 2179337))
	        ->  Bitmap Index Scan on sbtest7_pkey  (cost=0.00..29.64 rows=920 width=0)
	              Index Cond: ((id >= 2178338) AND (id <= 2179337))

table 8 : explain SELECT c FROM sbtest8 WHERE id BETWEEN 3173650 AND 3174649 ORDER BY c
	Sort  (cost=3930.15..3932.65 rows=1001 width=121)
	  Sort Key: c
	  ->  Bitmap Heap Scan on sbtest8  (cost=34.70..3880.26 rows=1001 width=121)
	        Recheck Cond: ((id >= 3173650) AND (id <= 3174649))
	        ->  Bitmap Index Scan on sbtest8_pkey  (cost=0.00..34.45 rows=1001 width=0)
	              Index Cond: ((id >= 3173650) AND (id <= 3174649))

for point_selects
table 1 : explain SELECT c FROM sbtest1 WHERE id=2167527
	Index Scan using sbtest1_pkey on sbtest1  (cost=0.43..8.45 rows=1 width=121)
	  Index Cond: (id = 2167527)

table 2 : explain SELECT c FROM sbtest2 WHERE id=9678075
	Index Scan using sbtest2_pkey on sbtest2  (cost=0.43..8.45 rows=1 width=121)
	  Index Cond: (id = 9678075)

table 3 : explain SELECT c FROM sbtest3 WHERE id=2726464
	Index Scan using sbtest3_pkey on sbtest3  (cost=0.43..8.45 rows=1 width=121)
	  Index Cond: (id = 2726464)

table 4 : explain SELECT c FROM sbtest4 WHERE id=2017827
	Index Scan using sbtest4_pkey on sbtest4  (cost=0.43..8.45 rows=1 width=121)
	  Index Cond: (id = 2017827)

table 5 : explain SELECT c FROM sbtest5 WHERE id=4919823
	Index Scan using sbtest5_pkey on sbtest5  (cost=0.43..8.45 rows=1 width=121)
	  Index Cond: (id = 4919823)

table 6 : explain SELECT c FROM sbtest6 WHERE id=3672890
	Index Scan using sbtest6_pkey on sbtest6  (cost=0.43..8.45 rows=1 width=121)
	  Index Cond: (id = 3672890)

table 7 : explain SELECT c FROM sbtest7 WHERE id=1463696
	Index Scan using sbtest7_pkey on sbtest7  (cost=0.43..8.45 rows=1 width=121)
	  Index Cond: (id = 1463696)

table 8 : explain SELECT c FROM sbtest8 WHERE id=9610462
	Index Scan using sbtest8_pkey on sbtest8  (cost=0.43..8.45 rows=1 width=121)
	  Index Cond: (id = 9610462)

for: sum_ranges
table 1 : explain SELECT SUM(k) FROM sbtest1 WHERE id BETWEEN 6592923 AND 6593922
	Aggregate  (cost=4327.36..4327.37 rows=1 width=8)
	  ->  Bitmap Heap Scan on sbtest1  (cost=35.89..4324.57 rows=1118 width=4)
	        Recheck Cond: ((id >= 6592923) AND (id <= 6593922))
	        ->  Bitmap Index Scan on sbtest1_pkey  (cost=0.00..35.62 rows=1118 width=0)
	              Index Cond: ((id >= 6592923) AND (id <= 6593922))

table 2 : explain SELECT SUM(k) FROM sbtest2 WHERE id BETWEEN 3323145 AND 3324144
	Aggregate  (cost=3944.29..3944.30 rows=1 width=8)
	  ->  Bitmap Heap Scan on sbtest2  (cost=34.87..3941.74 rows=1018 width=4)
	        Recheck Cond: ((id >= 3323145) AND (id <= 3324144))
	        ->  Bitmap Index Scan on sbtest2_pkey  (cost=0.00..34.62 rows=1018 width=0)
	              Index Cond: ((id >= 3323145) AND (id <= 3324144))

table 3 : explain SELECT SUM(k) FROM sbtest3 WHERE id BETWEEN 786716 AND 787715
	Aggregate  (cost=3717.70..3717.71 rows=1 width=8)
	  ->  Bitmap Heap Scan on sbtest3  (cost=34.25..3715.30 rows=958 width=4)
	        Recheck Cond: ((id >= 786716) AND (id <= 787715))
	        ->  Bitmap Index Scan on sbtest3_pkey  (cost=0.00..34.02 rows=958 width=0)
	              Index Cond: ((id >= 786716) AND (id <= 787715))

table 4 : explain SELECT SUM(k) FROM sbtest4 WHERE id BETWEEN 534528 AND 535527
	Aggregate  (cost=4001.89..4001.90 rows=1 width=8)
	  ->  Bitmap Heap Scan on sbtest4  (cost=35.02..3999.30 rows=1033 width=4)
	        Recheck Cond: ((id >= 534528) AND (id <= 535527))
	        ->  Bitmap Index Scan on sbtest4_pkey  (cost=0.00..34.77 rows=1033 width=0)
	              Index Cond: ((id >= 534528) AND (id <= 535527))

table 5 : explain SELECT SUM(k) FROM sbtest5 WHERE id BETWEEN 9852949 AND 9853948
	Aggregate  (cost=3954.31..3954.32 rows=1 width=8)
	  ->  Bitmap Heap Scan on sbtest5  (cost=34.89..3951.76 rows=1020 width=4)
	        Recheck Cond: ((id >= 9852949) AND (id <= 9853948))
	        ->  Bitmap Index Scan on sbtest5_pkey  (cost=0.00..34.64 rows=1020 width=0)
	              Index Cond: ((id >= 9852949) AND (id <= 9853948))

table 6 : explain SELECT SUM(k) FROM sbtest6 WHERE id BETWEEN 9312229 AND 9313228
	Aggregate  (cost=3541.17..3541.18 rows=1 width=8)
	  ->  Bitmap Heap Scan on sbtest6  (cost=29.78..3538.89 rows=912 width=4)
	        Recheck Cond: ((id >= 9312229) AND (id <= 9313228))
	        ->  Bitmap Index Scan on sbtest6_pkey  (cost=0.00..29.55 rows=912 width=0)
	              Index Cond: ((id >= 9312229) AND (id <= 9313228))

table 7 : explain SELECT SUM(k) FROM sbtest7 WHERE id BETWEEN 4655816 AND 4656815
	Aggregate  (cost=3632.73..3632.74 rows=1 width=8)
	  ->  Bitmap Heap Scan on sbtest7  (cost=30.03..3630.39 rows=936 width=4)
	        Recheck Cond: ((id >= 4655816) AND (id <= 4656815))
	        ->  Bitmap Index Scan on sbtest7_pkey  (cost=0.00..29.79 rows=936 width=0)
	              Index Cond: ((id >= 4655816) AND (id <= 4656815))

table 8 : explain SELECT SUM(k) FROM sbtest8 WHERE id BETWEEN 1009391 AND 1010390
	Aggregate  (cost=4116.48..4116.49 rows=1 width=8)
	  ->  Bitmap Heap Scan on sbtest8  (cost=35.33..4113.82 rows=1063 width=4)
	        Recheck Cond: ((id >= 1009391) AND (id <= 1010390))
	        ->  Bitmap Index Scan on sbtest8_pkey  (cost=0.00..35.07 rows=1063 width=0)
	              Index Cond: ((id >= 1009391) AND (id <= 1010390))

for: distinct_ranges
table 1 : explain SELECT DISTINCT c FROM sbtest1 WHERE id BETWEEN 8753254 AND 8754253 ORDER BY c
	Unique  (cost=3856.80..3861.71 rows=981 width=121)
	  ->  Sort  (cost=3856.80..3859.25 rows=981 width=121)
	        Sort Key: c
	        ->  Bitmap Heap Scan on sbtest1  (cost=34.49..3808.05 rows=981 width=121)
	              Recheck Cond: ((id >= 8753254) AND (id <= 8754253))
	              ->  Bitmap Index Scan on sbtest1_pkey  (cost=0.00..34.25 rows=981 width=0)
	                    Index Cond: ((id >= 8753254) AND (id <= 8754253))

table 2 : explain SELECT DISTINCT c FROM sbtest2 WHERE id BETWEEN 2554697 AND 2555696 ORDER BY c
	Unique  (cost=3965.84..3970.89 rows=1011 width=121)
	  ->  Sort  (cost=3965.84..3968.37 rows=1011 width=121)
	        Sort Key: c
	        ->  Bitmap Heap Scan on sbtest2  (cost=34.80..3915.38 rows=1011 width=121)
	              Recheck Cond: ((id >= 2554697) AND (id <= 2555696))
	              ->  Bitmap Index Scan on sbtest2_pkey  (cost=0.00..34.55 rows=1011 width=0)
	                    Index Cond: ((id >= 2554697) AND (id <= 2555696))

table 3 : explain SELECT DISTINCT c FROM sbtest3 WHERE id BETWEEN 2086543 AND 2087542 ORDER BY c
	Unique  (cost=4076.32..4081.52 rows=1040 width=121)
	  ->  Sort  (cost=4076.32..4078.92 rows=1040 width=121)
	        Sort Key: c
	        ->  Bitmap Heap Scan on sbtest3  (cost=35.09..4024.20 rows=1040 width=121)
	              Recheck Cond: ((id >= 2086543) AND (id <= 2087542))
	              ->  Bitmap Index Scan on sbtest3_pkey  (cost=0.00..34.84 rows=1040 width=0)
	                    Index Cond: ((id >= 2086543) AND (id <= 2087542))

table 4 : explain SELECT DISTINCT c FROM sbtest4 WHERE id BETWEEN 5067946 AND 5068945 ORDER BY c
	Unique  (cost=3656.71..3661.36 rows=930 width=121)
	  ->  Sort  (cost=3656.71..3659.03 rows=930 width=121)
	        Sort Key: c
	        ->  Bitmap Heap Scan on sbtest4  (cost=33.97..3610.85 rows=930 width=121)
	              Recheck Cond: ((id >= 5067946) AND (id <= 5068945))
	              ->  Bitmap Index Scan on sbtest4_pkey  (cost=0.00..33.73 rows=930 width=0)
	                    Index Cond: ((id >= 5067946) AND (id <= 5068945))

table 5 : explain SELECT DISTINCT c FROM sbtest5 WHERE id BETWEEN 6732295 AND 6733294 ORDER BY c
	Unique  (cost=4277.87..4283.33 rows=1092 width=121)
	  ->  Sort  (cost=4277.87..4280.60 rows=1092 width=121)
	        Sort Key: c
	        ->  Bitmap Heap Scan on sbtest5  (cost=35.63..4222.77 rows=1092 width=121)
	              Recheck Cond: ((id >= 6732295) AND (id <= 6733294))
	              ->  Bitmap Index Scan on sbtest5_pkey  (cost=0.00..35.36 rows=1092 width=0)
	                    Index Cond: ((id >= 6732295) AND (id <= 6733294))

table 6 : explain SELECT DISTINCT c FROM sbtest6 WHERE id BETWEEN 1254826 AND 1255825 ORDER BY c
	Unique  (cost=3387.88..3392.18 rows=861 width=121)
	  ->  Sort  (cost=3387.88..3390.03 rows=861 width=121)
	        Sort Key: c
	        ->  Bitmap Heap Scan on sbtest6  (cost=29.26..3345.91 rows=861 width=121)
	              Recheck Cond: ((id >= 1254826) AND (id <= 1255825))
	              ->  Bitmap Index Scan on sbtest6_pkey  (cost=0.00..29.04 rows=861 width=0)
	                    Index Cond: ((id >= 1254826) AND (id <= 1255825))

table 7 : explain SELECT DISTINCT c FROM sbtest7 WHERE id BETWEEN 3493644 AND 3494643 ORDER BY c
	Unique  (cost=3776.43..3781.23 rows=961 width=121)
	  ->  Sort  (cost=3776.43..3778.83 rows=961 width=121)
	        Sort Key: c
	        ->  Bitmap Heap Scan on sbtest7  (cost=34.29..3728.82 rows=961 width=121)
	              Recheck Cond: ((id >= 3493644) AND (id <= 3494643))
	              ->  Bitmap Index Scan on sbtest7_pkey  (cost=0.00..34.05 rows=961 width=0)
	                    Index Cond: ((id >= 3493644) AND (id <= 3494643))

table 8 : explain SELECT DISTINCT c FROM sbtest8 WHERE id BETWEEN 2972096 AND 2973095 ORDER BY c
	Unique  (cost=3773.09..3777.89 rows=960 width=121)
	  ->  Sort  (cost=3773.09..3775.49 rows=960 width=121)
	        Sort Key: c
	        ->  Bitmap Heap Scan on sbtest8  (cost=34.28..3725.54 rows=960 width=121)
	              Recheck Cond: ((id >= 2972096) AND (id <= 2973095))
	              ->  Bitmap Index Scan on sbtest8_pkey  (cost=0.00..34.04 rows=960 width=0)
	                    Index Cond: ((id >= 2972096) AND (id <= 2973095))

for: sum_ranges
table 1 : explain SELECT SUM(k) FROM sbtest1 WHERE id BETWEEN 1203374 AND 1204373
	Aggregate  (cost=3367.04..3367.05 rows=1 width=8)
	  ->  Bitmap Heap Scan on sbtest1  (cost=29.30..3364.87 rows=865 width=4)
	        Recheck Cond: ((id >= 1203374) AND (id <= 1204373))
	        ->  Bitmap Index Scan on sbtest1_pkey  (cost=0.00..29.08 rows=865 width=0)
	              Index Cond: ((id >= 1203374) AND (id <= 1204373))

table 2 : explain SELECT SUM(k) FROM sbtest2 WHERE id BETWEEN 9424861 AND 9425860
	Aggregate  (cost=3974.42..3974.43 rows=1 width=8)
	  ->  Bitmap Heap Scan on sbtest2  (cost=34.95..3971.86 rows=1026 width=4)
	        Recheck Cond: ((id >= 9424861) AND (id <= 9425860))
	        ->  Bitmap Index Scan on sbtest2_pkey  (cost=0.00..34.70 rows=1026 width=0)
	              Index Cond: ((id >= 9424861) AND (id <= 9425860))

table 3 : explain SELECT SUM(k) FROM sbtest3 WHERE id BETWEEN 6843868 AND 6844867
	Aggregate  (cost=3819.57..3819.58 rows=1 width=8)
	  ->  Bitmap Heap Scan on sbtest3  (cost=34.53..3817.11 rows=985 width=4)
	        Recheck Cond: ((id >= 6843868) AND (id <= 6844867))
	        ->  Bitmap Index Scan on sbtest3_pkey  (cost=0.00..34.29 rows=985 width=0)
	              Index Cond: ((id >= 6843868) AND (id <= 6844867))

table 4 : explain SELECT SUM(k) FROM sbtest4 WHERE id BETWEEN 2008298 AND 2009297
	Aggregate  (cost=3408.62..3408.63 rows=1 width=8)
	  ->  Bitmap Heap Scan on sbtest4  (cost=29.42..3406.42 rows=877 width=4)
	        Recheck Cond: ((id >= 2008298) AND (id <= 2009297))
	        ->  Bitmap Index Scan on sbtest4_pkey  (cost=0.00..29.20 rows=877 width=0)
	              Index Cond: ((id >= 2008298) AND (id <= 2009297))

table 5 : explain SELECT SUM(k) FROM sbtest5 WHERE id BETWEEN 5994922 AND 5995921
	Aggregate  (cost=4089.98..4089.99 rows=1 width=8)
	  ->  Bitmap Heap Scan on sbtest5  (cost=35.26..4087.34 rows=1056 width=4)
	        Recheck Cond: ((id >= 5994922) AND (id <= 5995921))
	        ->  Bitmap Index Scan on sbtest5_pkey  (cost=0.00..35.00 rows=1056 width=0)
	              Index Cond: ((id >= 5994922) AND (id <= 5995921))

table 6 : explain SELECT SUM(k) FROM sbtest6 WHERE id BETWEEN 2764120 AND 2765119
	Aggregate  (cost=3677.50..3677.51 rows=1 width=8)
	  ->  Bitmap Heap Scan on sbtest6  (cost=34.14..3675.13 rows=947 width=4)
	        Recheck Cond: ((id >= 2764120) AND (id <= 2765119))
	        ->  Bitmap Index Scan on sbtest6_pkey  (cost=0.00..33.91 rows=947 width=0)
	              Index Cond: ((id >= 2764120) AND (id <= 2765119))

table 7 : explain SELECT SUM(k) FROM sbtest7 WHERE id BETWEEN 1238041 AND 1239040
	Aggregate  (cost=3991.59..3991.60 rows=1 width=8)
	  ->  Bitmap Heap Scan on sbtest7  (cost=34.99..3989.01 rows=1030 width=4)
	        Recheck Cond: ((id >= 1238041) AND (id <= 1239040))
	        ->  Bitmap Index Scan on sbtest7_pkey  (cost=0.00..34.73 rows=1030 width=0)
	              Index Cond: ((id >= 1238041) AND (id <= 1239040))

table 8 : explain SELECT SUM(k) FROM sbtest8 WHERE id BETWEEN 2987279 AND 2988278
	Aggregate  (cost=3727.94..3727.95 rows=1 width=8)
	  ->  Bitmap Heap Scan on sbtest8  (cost=34.28..3725.54 rows=960 width=4)
	        Recheck Cond: ((id >= 2987279) AND (id <= 2988278))
	        ->  Bitmap Index Scan on sbtest8_pkey  (cost=0.00..34.04 rows=960 width=0)
	              Index Cond: ((id >= 2987279) AND (id <= 2988278))

for: sum_ranges
table 1 : explain SELECT SUM(k) FROM sbtest1 WHERE id BETWEEN 4836993 AND 4837992
	Aggregate  (cost=4071.11..4071.12 rows=1 width=8)
	  ->  Bitmap Heap Scan on sbtest1  (cost=35.20..4068.48 rows=1050 width=4)
	        Recheck Cond: ((id >= 4836993) AND (id <= 4837992))
	        ->  Bitmap Index Scan on sbtest1_pkey  (cost=0.00..34.94 rows=1050 width=0)
	              Index Cond: ((id >= 4836993) AND (id <= 4837992))

table 2 : explain SELECT SUM(k) FROM sbtest2 WHERE id BETWEEN 9952542 AND 9953541
	Aggregate  (cost=4365.74..4365.75 rows=1 width=8)
	  ->  Bitmap Heap Scan on sbtest2  (cost=40.02..4362.92 rows=1130 width=4)
	        Recheck Cond: ((id >= 9952542) AND (id <= 9953541))
	        ->  Bitmap Index Scan on sbtest2_pkey  (cost=0.00..39.73 rows=1130 width=0)
	              Index Cond: ((id >= 9952542) AND (id <= 9953541))

table 3 : explain SELECT SUM(k) FROM sbtest3 WHERE id BETWEEN 6577310 AND 6578309
	Aggregate  (cost=3989.15..3989.16 rows=1 width=8)
	  ->  Bitmap Heap Scan on sbtest3  (cost=34.99..3986.57 rows=1030 width=4)
	        Recheck Cond: ((id >= 6577310) AND (id <= 6578309))
	        ->  Bitmap Index Scan on sbtest3_pkey  (cost=0.00..34.73 rows=1030 width=0)
	              Index Cond: ((id >= 6577310) AND (id <= 6578309))

table 4 : explain SELECT SUM(k) FROM sbtest4 WHERE id BETWEEN 542482 AND 543481
	Aggregate  (cost=4001.89..4001.90 rows=1 width=8)
	  ->  Bitmap Heap Scan on sbtest4  (cost=35.02..3999.30 rows=1033 width=4)
	        Recheck Cond: ((id >= 542482) AND (id <= 543481))
	        ->  Bitmap Index Scan on sbtest4_pkey  (cost=0.00..34.77 rows=1033 width=0)
	              Index Cond: ((id >= 542482) AND (id <= 543481))

table 5 : explain SELECT SUM(k) FROM sbtest5 WHERE id BETWEEN 6303882 AND 6304881
	Aggregate  (cost=3844.90..3844.91 rows=1 width=8)
	  ->  Bitmap Heap Scan on sbtest5  (cost=34.59..3842.42 rows=991 width=4)
	        Recheck Cond: ((id >= 6303882) AND (id <= 6304881))
	        ->  Bitmap Index Scan on sbtest5_pkey  (cost=0.00..34.34 rows=991 width=0)
	              Index Cond: ((id >= 6303882) AND (id <= 6304881))

table 6 : explain SELECT SUM(k) FROM sbtest6 WHERE id BETWEEN 2703726 AND 2704725
	Aggregate  (cost=3677.50..3677.51 rows=1 width=8)
	  ->  Bitmap Heap Scan on sbtest6  (cost=34.14..3675.13 rows=947 width=4)
	        Recheck Cond: ((id >= 2703726) AND (id <= 2704725))
	        ->  Bitmap Index Scan on sbtest6_pkey  (cost=0.00..33.91 rows=947 width=0)
	              Index Cond: ((id >= 2703726) AND (id <= 2704725))

table 7 : explain SELECT SUM(k) FROM sbtest7 WHERE id BETWEEN 864269 AND 865268
	Aggregate  (cost=4036.81..4036.82 rows=1 width=8)
	  ->  Bitmap Heap Scan on sbtest7  (cost=35.12..4034.21 rows=1042 width=4)
	        Recheck Cond: ((id >= 864269) AND (id <= 865268))
	        ->  Bitmap Index Scan on sbtest7_pkey  (cost=0.00..34.86 rows=1042 width=0)
	              Index Cond: ((id >= 864269) AND (id <= 865268))

table 8 : explain SELECT SUM(k) FROM sbtest8 WHERE id BETWEEN 1978916 AND 1979915
	Aggregate  (cost=3999.68..3999.69 rows=1 width=8)
	  ->  Bitmap Heap Scan on sbtest8  (cost=35.01..3997.10 rows=1032 width=4)
	        Recheck Cond: ((id >= 1978916) AND (id <= 1979915))
	        ->  Bitmap Index Scan on sbtest8_pkey  (cost=0.00..34.76 rows=1032 width=0)
	              Index Cond: ((id >= 1978916) AND (id <= 1979915))

for: order_ranges
table 1 : explain SELECT c FROM sbtest1 WHERE id BETWEEN 1238786 AND 1239785 ORDER BY c
	Sort  (cost=3407.07..3409.23 rows=865 width=121)
	  Sort Key: c
	  ->  Bitmap Heap Scan on sbtest1  (cost=29.30..3364.87 rows=865 width=121)
	        Recheck Cond: ((id >= 1238786) AND (id <= 1239785))
	        ->  Bitmap Index Scan on sbtest1_pkey  (cost=0.00..29.08 rows=865 width=0)
	              Index Cond: ((id >= 1238786) AND (id <= 1239785))

table 2 : explain SELECT c FROM sbtest2 WHERE id BETWEEN 7508858 AND 7509857 ORDER BY c
	Sort  (cost=4004.06..4006.62 rows=1021 width=121)
	  Sort Key: c
	  ->  Bitmap Heap Scan on sbtest2  (cost=34.90..3953.04 rows=1021 width=121)
	        Recheck Cond: ((id >= 7508858) AND (id <= 7509857))
	        ->  Bitmap Index Scan on sbtest2_pkey  (cost=0.00..34.65 rows=1021 width=0)
	              Index Cond: ((id >= 7508858) AND (id <= 7509857))

table 3 : explain SELECT c FROM sbtest3 WHERE id BETWEEN 8568226 AND 8569225 ORDER BY c
	Sort  (cost=4083.95..4086.56 rows=1042 width=121)
	  Sort Key: c
	  ->  Bitmap Heap Scan on sbtest3  (cost=35.12..4031.72 rows=1042 width=121)
	        Recheck Cond: ((id >= 8568226) AND (id <= 8569225))
	        ->  Bitmap Index Scan on sbtest3_pkey  (cost=0.00..34.86 rows=1042 width=0)
	              Index Cond: ((id >= 8568226) AND (id <= 8569225))

table 4 : explain SELECT c FROM sbtest4 WHERE id BETWEEN 9406584 AND 9407583 ORDER BY c
	Sort  (cost=3568.31..3570.58 rows=908 width=121)
	  Sort Key: c
	  ->  Bitmap Heap Scan on sbtest4  (cost=29.74..3523.70 rows=908 width=121)
	        Recheck Cond: ((id >= 9406584) AND (id <= 9407583))
	        ->  Bitmap Index Scan on sbtest4_pkey  (cost=0.00..29.51 rows=908 width=0)
	              Index Cond: ((id >= 9406584) AND (id <= 9407583))

table 5 : explain SELECT c FROM sbtest5 WHERE id BETWEEN 8779357 AND 8780356 ORDER BY c
	Sort  (cost=3726.97..3729.34 rows=948 width=121)
	  Sort Key: c
	  ->  Bitmap Heap Scan on sbtest5  (cost=34.15..3680.10 rows=948 width=121)
	        Recheck Cond: ((id >= 8779357) AND (id <= 8780356))
	        ->  Bitmap Index Scan on sbtest5_pkey  (cost=0.00..33.92 rows=948 width=0)
	              Index Cond: ((id >= 8779357) AND (id <= 8780356))

table 6 : explain SELECT c FROM sbtest6 WHERE id BETWEEN 8508749 AND 8509748 ORDER BY c
	Sort  (cost=3314.83..3316.93 rows=842 width=121)
	  Sort Key: c
	  ->  Bitmap Heap Scan on sbtest6  (cost=29.07..3273.92 rows=842 width=121)
	        Recheck Cond: ((id >= 8508749) AND (id <= 8509748))
	        ->  Bitmap Index Scan on sbtest6_pkey  (cost=0.00..28.86 rows=842 width=0)
	              Index Cond: ((id >= 8508749) AND (id <= 8509748))

table 7 : explain SELECT c FROM sbtest7 WHERE id BETWEEN 2608862 AND 2609861 ORDER BY c
	Sort  (cost=3956.40..3958.92 rows=1008 width=121)
	  Sort Key: c
	  ->  Bitmap Heap Scan on sbtest7  (cost=34.77..3906.12 rows=1008 width=121)
	        Recheck Cond: ((id >= 2608862) AND (id <= 2609861))
	        ->  Bitmap Index Scan on sbtest7_pkey  (cost=0.00..34.52 rows=1008 width=0)
	              Index Cond: ((id >= 2608862) AND (id <= 2609861))

table 8 : explain SELECT c FROM sbtest8 WHERE id BETWEEN 6819447 AND 6820446 ORDER BY c
	Sort  (cost=4148.16..4150.80 rows=1058 width=121)
	  Sort Key: c
	  ->  Bitmap Heap Scan on sbtest8  (cost=35.28..4095.01 rows=1058 width=121)
	        Recheck Cond: ((id >= 6819447) AND (id <= 6820446))
	        ->  Bitmap Index Scan on sbtest8_pkey  (cost=0.00..35.02 rows=1058 width=0)
	              Index Cond: ((id >= 6819447) AND (id <= 6820446))

for: simple_ranges
table 1 : explain SELECT c FROM sbtest1 WHERE id BETWEEN 8053090 AND 8054089
	Bitmap Heap Scan on sbtest1  (cost=35.29..4102.41 rows=1059 width=121)
	  Recheck Cond: ((id >= 8053090) AND (id <= 8054089))
	  ->  Bitmap Index Scan on sbtest1_pkey  (cost=0.00..35.03 rows=1059 width=0)
	        Index Cond: ((id >= 8053090) AND (id <= 8054089))

table 2 : explain SELECT c FROM sbtest2 WHERE id BETWEEN 2655517 AND 2656516
	Bitmap Heap Scan on sbtest2  (cost=34.62..3851.34 rows=994 width=121)
	  Recheck Cond: ((id >= 2655517) AND (id <= 2656516))
	  ->  Bitmap Index Scan on sbtest2_pkey  (cost=0.00..34.38 rows=994 width=0)
	        Index Cond: ((id >= 2655517) AND (id <= 2656516))

table 3 : explain SELECT c FROM sbtest3 WHERE id BETWEEN 2016658 AND 2017657
	Bitmap Heap Scan on sbtest3  (cost=35.09..4024.20 rows=1040 width=121)
	  Recheck Cond: ((id >= 2016658) AND (id <= 2017657))
	  ->  Bitmap Index Scan on sbtest3_pkey  (cost=0.00..34.84 rows=1040 width=0)
	        Index Cond: ((id >= 2016658) AND (id <= 2017657))

table 4 : explain SELECT c FROM sbtest4 WHERE id BETWEEN 3205183 AND 3206182
	Bitmap Heap Scan on sbtest4  (cost=34.56..3829.76 rows=988 width=121)
	  Recheck Cond: ((id >= 3205183) AND (id <= 3206182))
	  ->  Bitmap Index Scan on sbtest4_pkey  (cost=0.00..34.32 rows=988 width=0)
	        Index Cond: ((id >= 3205183) AND (id <= 3206182))

table 5 : explain SELECT c FROM sbtest5 WHERE id BETWEEN 3719847 AND 3720846
	Bitmap Heap Scan on sbtest5  (cost=35.19..4060.99 rows=1049 width=121)
	  Recheck Cond: ((id >= 3719847) AND (id <= 3720846))
	  ->  Bitmap Index Scan on sbtest5_pkey  (cost=0.00..34.93 rows=1049 width=0)
	        Index Cond: ((id >= 3719847) AND (id <= 3720846))

table 6 : explain SELECT c FROM sbtest6 WHERE id BETWEEN 1693521 AND 1694520
	Bitmap Heap Scan on sbtest6  (cost=35.15..4044.56 rows=1045 width=121)
	  Recheck Cond: ((id >= 1693521) AND (id <= 1694520))
	  ->  Bitmap Index Scan on sbtest6_pkey  (cost=0.00..34.89 rows=1045 width=0)
	        Index Cond: ((id >= 1693521) AND (id <= 1694520))

table 7 : explain SELECT c FROM sbtest7 WHERE id BETWEEN 6844446 AND 6845445
	Bitmap Heap Scan on sbtest7  (cost=29.90..3581.26 rows=923 width=121)
	  Recheck Cond: ((id >= 6844446) AND (id <= 6845445))
	  ->  Bitmap Index Scan on sbtest7_pkey  (cost=0.00..29.66 rows=923 width=0)
	        Index Cond: ((id >= 6844446) AND (id <= 6845445))

table 8 : explain SELECT c FROM sbtest8 WHERE id BETWEEN 8089845 AND 8090844
	Bitmap Heap Scan on sbtest8  (cost=35.54..4189.07 rows=1083 width=121)
	  Recheck Cond: ((id >= 8089845) AND (id <= 8090844))
	  ->  Bitmap Index Scan on sbtest8_pkey  (cost=0.00..35.27 rows=1083 width=0)
	        Index Cond: ((id >= 8089845) AND (id <= 8090844))

for: sum_ranges
table 1 : explain SELECT SUM(k) FROM sbtest1 WHERE id BETWEEN 9675397 AND 9676396
	Aggregate  (cost=4142.76..4142.77 rows=1 width=8)
	  ->  Bitmap Heap Scan on sbtest1  (cost=35.39..4140.09 rows=1069 width=4)
	        Recheck Cond: ((id >= 9675397) AND (id <= 9676396))
	        ->  Bitmap Index Scan on sbtest1_pkey  (cost=0.00..35.12 rows=1069 width=0)
	              Index Cond: ((id >= 9675397) AND (id <= 9676396))

table 2 : explain SELECT SUM(k) FROM sbtest2 WHERE id BETWEEN 1121121 AND 1122120
	Aggregate  (cost=4162.59..4162.60 rows=1 width=8)
	  ->  Bitmap Heap Scan on sbtest2  (cost=35.46..4159.90 rows=1076 width=4)
	        Recheck Cond: ((id >= 1121121) AND (id <= 1122120))
	        ->  Bitmap Index Scan on sbtest2_pkey  (cost=0.00..35.20 rows=1076 width=0)
	              Index Cond: ((id >= 1121121) AND (id <= 1122120))

table 3 : explain SELECT SUM(k) FROM sbtest3 WHERE id BETWEEN 4928013 AND 4929012
	Aggregate  (cost=3910.04..3910.05 rows=1 width=8)
	  ->  Bitmap Heap Scan on sbtest3  (cost=34.78..3907.52 rows=1009 width=4)
	        Recheck Cond: ((id >= 4928013) AND (id <= 4929012))
	        ->  Bitmap Index Scan on sbtest3_pkey  (cost=0.00..34.53 rows=1009 width=0)
	              Index Cond: ((id >= 4928013) AND (id <= 4929012))

table 4 : explain SELECT SUM(k) FROM sbtest4 WHERE id BETWEEN 2282128 AND 2283127
	Aggregate  (cost=3556.24..3556.25 rows=1 width=8)
	  ->  Bitmap Heap Scan on sbtest4  (cost=29.82..3553.95 rows=916 width=4)
	        Recheck Cond: ((id >= 2282128) AND (id <= 2283127))
	        ->  Bitmap Index Scan on sbtest4_pkey  (cost=0.00..29.59 rows=916 width=0)
	              Index Cond: ((id >= 2282128) AND (id <= 2283127))

table 5 : explain SELECT SUM(k) FROM sbtest5 WHERE id BETWEEN 5619448 AND 5620447
	Aggregate  (cost=3678.69..3678.70 rows=1 width=8)
	  ->  Bitmap Heap Scan on sbtest5  (cost=34.14..3676.32 rows=947 width=4)
	        Recheck Cond: ((id >= 5619448) AND (id <= 5620447))
	        ->  Bitmap Index Scan on sbtest5_pkey  (cost=0.00..33.91 rows=947 width=0)
	              Index Cond: ((id >= 5619448) AND (id <= 5620447))

table 6 : explain SELECT SUM(k) FROM sbtest6 WHERE id BETWEEN 781299 AND 782298
	Aggregate  (cost=4017.04..4017.05 rows=1 width=8)
	  ->  Bitmap Heap Scan on sbtest6  (cost=35.06..4014.45 rows=1037 width=4)
	        Recheck Cond: ((id >= 781299) AND (id <= 782298))
	        ->  Bitmap Index Scan on sbtest6_pkey  (cost=0.00..34.81 rows=1037 width=0)
	              Index Cond: ((id >= 781299) AND (id <= 782298))

table 7 : explain SELECT SUM(k) FROM sbtest7 WHERE id BETWEEN 2539502 AND 2540501
	Aggregate  (cost=3878.46..3878.47 rows=1 width=8)
	  ->  Bitmap Heap Scan on sbtest7  (cost=34.69..3875.96 rows=1000 width=4)
	        Recheck Cond: ((id >= 2539502) AND (id <= 2540501))
	        ->  Bitmap Index Scan on sbtest7_pkey  (cost=0.00..34.44 rows=1000 width=0)
	              Index Cond: ((id >= 2539502) AND (id <= 2540501))

table 8 : explain SELECT SUM(k) FROM sbtest8 WHERE id BETWEEN 3550094 AND 3551093
	Aggregate  (cost=3716.60..3716.61 rows=1 width=8)
	  ->  Bitmap Heap Scan on sbtest8  (cost=34.24..3714.21 rows=957 width=4)
	        Recheck Cond: ((id >= 3550094) AND (id <= 3551093))
	        ->  Bitmap Index Scan on sbtest8_pkey  (cost=0.00..34.01 rows=957 width=0)
	              Index Cond: ((id >= 3550094) AND (id <= 3551093))

for: sum_ranges
table 1 : explain SELECT SUM(k) FROM sbtest1 WHERE id BETWEEN 7882361 AND 7883360
	Aggregate  (cost=3844.53..3844.54 rows=1 width=8)
	  ->  Bitmap Heap Scan on sbtest1  (cost=34.58..3842.06 rows=990 width=4)
	        Recheck Cond: ((id >= 7882361) AND (id <= 7883360))
	        ->  Bitmap Index Scan on sbtest1_pkey  (cost=0.00..34.34 rows=990 width=0)
	              Index Cond: ((id >= 7882361) AND (id <= 7883360))

table 2 : explain SELECT SUM(k) FROM sbtest2 WHERE id BETWEEN 7614924 AND 7615923
	Aggregate  (cost=4083.60..4083.61 rows=1 width=8)
	  ->  Bitmap Heap Scan on sbtest2  (cost=35.25..4080.96 rows=1055 width=4)
	        Recheck Cond: ((id >= 7614924) AND (id <= 7615923))
	        ->  Bitmap Index Scan on sbtest2_pkey  (cost=0.00..34.98 rows=1055 width=0)
	              Index Cond: ((id >= 7614924) AND (id <= 7615923))

table 3 : explain SELECT SUM(k) FROM sbtest3 WHERE id BETWEEN 9038870 AND 9039869
	Aggregate  (cost=3721.47..3721.48 rows=1 width=8)
	  ->  Bitmap Heap Scan on sbtest3  (cost=34.26..3719.07 rows=959 width=4)
	        Recheck Cond: ((id >= 9038870) AND (id <= 9039869))
	        ->  Bitmap Index Scan on sbtest3_pkey  (cost=0.00..34.03 rows=959 width=0)
	              Index Cond: ((id >= 9038870) AND (id <= 9039869))

table 4 : explain SELECT SUM(k) FROM sbtest4 WHERE id BETWEEN 3002710 AND 3003709
	Aggregate  (cost=3749.19..3749.20 rows=1 width=8)
	  ->  Bitmap Heap Scan on sbtest4  (cost=34.34..3746.78 rows=966 width=4)
	        Recheck Cond: ((id >= 3002710) AND (id <= 3003709))
	        ->  Bitmap Index Scan on sbtest4_pkey  (cost=0.00..34.09 rows=966 width=0)
	              Index Cond: ((id >= 3002710) AND (id <= 3003709))

table 5 : explain SELECT SUM(k) FROM sbtest5 WHERE id BETWEEN 8376493 AND 8377492
	Aggregate  (cost=3882.64..3882.65 rows=1 width=8)
	  ->  Bitmap Heap Scan on sbtest5  (cost=34.70..3880.13 rows=1001 width=4)
	        Recheck Cond: ((id >= 8376493) AND (id <= 8377492))
	        ->  Bitmap Index Scan on sbtest5_pkey  (cost=0.00..34.45 rows=1001 width=0)
	              Index Cond: ((id >= 8376493) AND (id <= 8377492))

table 6 : explain SELECT SUM(k) FROM sbtest6 WHERE id BETWEEN 8533340 AND 8534339
	Aggregate  (cost=3276.02..3276.03 rows=1 width=8)
	  ->  Bitmap Heap Scan on sbtest6  (cost=29.07..3273.92 rows=842 width=4)
	        Recheck Cond: ((id >= 8533340) AND (id <= 8534339))
	        ->  Bitmap Index Scan on sbtest6_pkey  (cost=0.00..28.86 rows=842 width=0)
	              Index Cond: ((id >= 8533340) AND (id <= 8534339))

table 7 : explain SELECT SUM(k) FROM sbtest7 WHERE id BETWEEN 9692786 AND 9693785
	Aggregate  (cost=3765.21..3765.22 rows=1 width=8)
	  ->  Bitmap Heap Scan on sbtest7  (cost=34.38..3762.79 rows=970 width=4)
	        Recheck Cond: ((id >= 9692786) AND (id <= 9693785))
	        ->  Bitmap Index Scan on sbtest7_pkey  (cost=0.00..34.14 rows=970 width=0)
	              Index Cond: ((id >= 9692786) AND (id <= 9693785))

table 8 : explain SELECT SUM(k) FROM sbtest8 WHERE id BETWEEN 5616375 AND 5617374
	Aggregate  (cost=3890.31..3890.32 rows=1 width=8)
	  ->  Bitmap Heap Scan on sbtest8  (cost=34.72..3887.80 rows=1003 width=4)
	        Recheck Cond: ((id >= 5616375) AND (id <= 5617374))
	        ->  Bitmap Index Scan on sbtest8_pkey  (cost=0.00..34.47 rows=1003 width=0)
	              Index Cond: ((id >= 5616375) AND (id <= 5617374))

explain: for point_selects :: explain SELECT c FROM sbtest%u WHERE id=%u
for: simple_ranges
table 1 : explain SELECT c FROM sbtest1 WHERE id BETWEEN 619474 AND 620473
	Bitmap Heap Scan on sbtest1  (cost=34.38..3766.48 rows=970 width=121)
	  Recheck Cond: ((id >= 619474) AND (id <= 620473))
	  ->  Bitmap Index Scan on sbtest1_pkey  (cost=0.00..34.14 rows=970 width=0)
	        Index Cond: ((id >= 619474) AND (id <= 620473))

table 2 : explain SELECT c FROM sbtest2 WHERE id BETWEEN 8028428 AND 8029427
	Bitmap Heap Scan on sbtest2  (cost=34.92..3960.56 rows=1023 width=121)
	  Recheck Cond: ((id >= 8028428) AND (id <= 8029427))
	  ->  Bitmap Index Scan on sbtest2_pkey  (cost=0.00..34.67 rows=1023 width=0)
	        Index Cond: ((id >= 8028428) AND (id <= 8029427))

table 3 : explain SELECT c FROM sbtest3 WHERE id BETWEEN 1974979 AND 1975978
	Bitmap Heap Scan on sbtest3  (cost=29.49..3427.99 rows=883 width=121)
	  Recheck Cond: ((id >= 1974979) AND (id <= 1975978))
	  ->  Bitmap Index Scan on sbtest3_pkey  (cost=0.00..29.26 rows=883 width=0)
	        Index Cond: ((id >= 1974979) AND (id <= 1975978))

table 4 : explain SELECT c FROM sbtest4 WHERE id BETWEEN 1972511 AND 1973510
	Bitmap Heap Scan on sbtest4  (cost=29.42..3406.42 rows=877 width=121)
	  Recheck Cond: ((id >= 1972511) AND (id <= 1973510))
	  ->  Bitmap Index Scan on sbtest4_pkey  (cost=0.00..29.20 rows=877 width=0)
	        Index Cond: ((id >= 1972511) AND (id <= 1973510))

table 5 : explain SELECT c FROM sbtest5 WHERE id BETWEEN 9806401 AND 9807400
	Bitmap Heap Scan on sbtest5  (cost=34.48..3800.92 rows=980 width=121)
	  Recheck Cond: ((id >= 9806401) AND (id <= 9807400))
	  ->  Bitmap Index Scan on sbtest5_pkey  (cost=0.00..34.23 rows=980 width=0)
	        Index Cond: ((id >= 9806401) AND (id <= 9807400))

table 6 : explain SELECT c FROM sbtest6 WHERE id BETWEEN 7084427 AND 7085426
	Bitmap Heap Scan on sbtest6  (cost=35.00..3991.86 rows=1031 width=121)
	  Recheck Cond: ((id >= 7084427) AND (id <= 7085426))
	  ->  Bitmap Index Scan on sbtest6_pkey  (cost=0.00..34.75 rows=1031 width=0)
	        Index Cond: ((id >= 7084427) AND (id <= 7085426))

table 7 : explain SELECT c FROM sbtest7 WHERE id BETWEEN 9119493 AND 9120492
	Bitmap Heap Scan on sbtest7  (cost=29.76..3532.10 rows=910 width=121)
	  Recheck Cond: ((id >= 9119493) AND (id <= 9120492))
	  ->  Bitmap Index Scan on sbtest7_pkey  (cost=0.00..29.54 rows=910 width=0)
	        Index Cond: ((id >= 9119493) AND (id <= 9120492))

table 8 : explain SELECT c FROM sbtest8 WHERE id BETWEEN 284561 AND 285560
	Bitmap Heap Scan on sbtest8  (cost=34.81..3921.73 rows=1012 width=121)
	  Recheck Cond: ((id >= 284561) AND (id <= 285560))
	  ->  Bitmap Index Scan on sbtest8_pkey  (cost=0.00..34.56 rows=1012 width=0)
	        Index Cond: ((id >= 284561) AND (id <= 285560))

for: distinct_ranges
table 1 : explain SELECT DISTINCT c FROM sbtest1 WHERE id BETWEEN 7348574 AND 7349573 ORDER BY c
	Unique  (cost=3994.80..3999.89 rows=1017 width=121)
	  ->  Sort  (cost=3994.80..3997.34 rows=1017 width=121)
	        Sort Key: c
	        ->  Bitmap Heap Scan on sbtest1  (cost=34.86..3944.00 rows=1017 width=121)
	              Recheck Cond: ((id >= 7348574) AND (id <= 7349573))
	              ->  Bitmap Index Scan on sbtest1_pkey  (cost=0.00..34.61 rows=1017 width=0)
	                    Index Cond: ((id >= 7348574) AND (id <= 7349573))

table 2 : explain SELECT DISTINCT c FROM sbtest2 WHERE id BETWEEN 559970 AND 560969 ORDER BY c
	Unique  (cost=3598.09..3602.67 rows=916 width=121)
	  ->  Sort  (cost=3598.09..3600.38 rows=916 width=121)
	        Sort Key: c
	        ->  Bitmap Heap Scan on sbtest2  (cost=29.82..3553.03 rows=916 width=121)
	              Recheck Cond: ((id >= 559970) AND (id <= 560969))
	              ->  Bitmap Index Scan on sbtest2_pkey  (cost=0.00..29.59 rows=916 width=0)
	                    Index Cond: ((id >= 559970) AND (id <= 560969))

table 3 : explain SELECT DISTINCT c FROM sbtest3 WHERE id BETWEEN 614215 AND 615214 ORDER BY c
	Unique  (cost=3712.95..3717.68 rows=945 width=121)
	  ->  Sort  (cost=3712.95..3715.31 rows=945 width=121)
	        Sort Key: c
	        ->  Bitmap Heap Scan on sbtest3  (cost=34.12..3666.25 rows=945 width=121)
	              Recheck Cond: ((id >= 614215) AND (id <= 615214))
	              ->  Bitmap Index Scan on sbtest3_pkey  (cost=0.00..33.89 rows=945 width=0)
	                    Index Cond: ((id >= 614215) AND (id <= 615214))

table 4 : explain SELECT DISTINCT c FROM sbtest4 WHERE id BETWEEN 9959961 AND 9960960 ORDER BY c
	Unique  (cost=3886.56..3891.51 rows=990 width=121)
	  ->  Sort  (cost=3886.56..3889.04 rows=990 width=121)
	        Sort Key: c
	        ->  Bitmap Heap Scan on sbtest4  (cost=34.58..3837.30 rows=990 width=121)
	              Recheck Cond: ((id >= 9959961) AND (id <= 9960960))
	              ->  Bitmap Index Scan on sbtest4_pkey  (cost=0.00..34.34 rows=990 width=0)
	                    Index Cond: ((id >= 9959961) AND (id <= 9960960))

table 5 : explain SELECT DISTINCT c FROM sbtest5 WHERE id BETWEEN 7967671 AND 7968670 ORDER BY c
	Unique  (cost=3945.33..3950.36 rows=1005 width=121)
	  ->  Sort  (cost=3945.33..3947.84 rows=1005 width=121)
	        Sort Key: c
	        ->  Bitmap Heap Scan on sbtest5  (cost=34.74..3895.22 rows=1005 width=121)
	              Recheck Cond: ((id >= 7967671) AND (id <= 7968670))
	              ->  Bitmap Index Scan on sbtest5_pkey  (cost=0.00..34.48 rows=1005 width=0)
	                    Index Cond: ((id >= 7967671) AND (id <= 7968670))

table 6 : explain SELECT DISTINCT c FROM sbtest6 WHERE id BETWEEN 4062576 AND 4063575 ORDER BY c
	Unique  (cost=4322.18..4327.70 rows=1104 width=121)
	  ->  Sort  (cost=4322.18..4324.94 rows=1104 width=121)
	        Sort Key: c
	        ->  Bitmap Heap Scan on sbtest6  (cost=35.75..4266.38 rows=1104 width=121)
	              Recheck Cond: ((id >= 4062576) AND (id <= 4063575))
	              ->  Bitmap Index Scan on sbtest6_pkey  (cost=0.00..35.48 rows=1104 width=0)
	                    Index Cond: ((id >= 4062576) AND (id <= 4063575))

table 7 : explain SELECT DISTINCT c FROM sbtest7 WHERE id BETWEEN 4647964 AND 4648963 ORDER BY c
	Unique  (cost=3676.58..3681.26 rows=936 width=121)
	  ->  Sort  (cost=3676.58..3678.92 rows=936 width=121)
	        Sort Key: c
	        ->  Bitmap Heap Scan on sbtest7  (cost=30.03..3630.39 rows=936 width=121)
	              Recheck Cond: ((id >= 4647964) AND (id <= 4648963))
	              ->  Bitmap Index Scan on sbtest7_pkey  (cost=0.00..29.79 rows=936 width=0)
	                    Index Cond: ((id >= 4647964) AND (id <= 4648963))

table 8 : explain SELECT DISTINCT c FROM sbtest8 WHERE id BETWEEN 7629862 AND 7630861 ORDER BY c
	Unique  (cost=4002.86..4007.96 rows=1020 width=121)
	  ->  Sort  (cost=4002.86..4005.41 rows=1020 width=121)
	        Sort Key: c
	        ->  Bitmap Heap Scan on sbtest8  (cost=34.89..3951.89 rows=1020 width=121)
	              Recheck Cond: ((id >= 7629862) AND (id <= 7630861))
	              ->  Bitmap Index Scan on sbtest8_pkey  (cost=0.00..34.64 rows=1020 width=0)
	                    Index Cond: ((id >= 7629862) AND (id <= 7630861))

for point_selects
table 1 : explain SELECT c FROM sbtest1 WHERE id=6132527
	Index Scan using sbtest1_pkey on sbtest1  (cost=0.43..8.45 rows=1 width=121)
	  Index Cond: (id = 6132527)

table 2 : explain SELECT c FROM sbtest2 WHERE id=1821433
	Index Scan using sbtest2_pkey on sbtest2  (cost=0.43..8.45 rows=1 width=121)
	  Index Cond: (id = 1821433)

table 3 : explain SELECT c FROM sbtest3 WHERE id=2698883
	Index Scan using sbtest3_pkey on sbtest3  (cost=0.43..8.45 rows=1 width=121)
	  Index Cond: (id = 2698883)

table 4 : explain SELECT c FROM sbtest4 WHERE id=5622461
	Index Scan using sbtest4_pkey on sbtest4  (cost=0.43..8.45 rows=1 width=121)
	  Index Cond: (id = 5622461)

table 5 : explain SELECT c FROM sbtest5 WHERE id=7209018
	Index Scan using sbtest5_pkey on sbtest5  (cost=0.43..8.45 rows=1 width=121)
	  Index Cond: (id = 7209018)

table 6 : explain SELECT c FROM sbtest6 WHERE id=4472728
	Index Scan using sbtest6_pkey on sbtest6  (cost=0.43..8.45 rows=1 width=121)
	  Index Cond: (id = 4472728)

table 7 : explain SELECT c FROM sbtest7 WHERE id=1640632
	Index Scan using sbtest7_pkey on sbtest7  (cost=0.43..8.45 rows=1 width=121)
	  Index Cond: (id = 1640632)

table 8 : explain SELECT c FROM sbtest8 WHERE id=212489
	Index Scan using sbtest8_pkey on sbtest8  (cost=0.43..8.45 rows=1 width=121)
	  Index Cond: (id = 212489)

explain: for point_selects :: explain SELECT c FROM sbtest%u WHERE id=%u
for: sum_ranges
table 1 : explain SELECT SUM(k) FROM sbtest1 WHERE id BETWEEN 6312246 AND 6313245
	Aggregate  (cost=3697.02..3697.03 rows=1 width=8)
	  ->  Bitmap Heap Scan on sbtest1  (cost=34.18..3694.64 rows=951 width=4)
	        Recheck Cond: ((id >= 6312246) AND (id <= 6313245))
	        ->  Bitmap Index Scan on sbtest1_pkey  (cost=0.00..33.95 rows=951 width=0)
	              Index Cond: ((id >= 6312246) AND (id <= 6313245))

table 2 : explain SELECT SUM(k) FROM sbtest2 WHERE id BETWEEN 8732578 AND 8733577
	Aggregate  (cost=4290.40..4290.41 rows=1 width=8)
	  ->  Bitmap Heap Scan on sbtest2  (cost=35.82..4287.62 rows=1111 width=4)
	        Recheck Cond: ((id >= 8732578) AND (id <= 8733577))
	        ->  Bitmap Index Scan on sbtest2_pkey  (cost=0.00..35.55 rows=1111 width=0)
	              Index Cond: ((id >= 8732578) AND (id <= 8733577))

table 3 : explain SELECT SUM(k) FROM sbtest3 WHERE id BETWEEN 5004475 AND 5005474
	Aggregate  (cost=4320.06..4320.07 rows=1 width=8)
	  ->  Bitmap Heap Scan on sbtest3  (cost=35.90..4317.26 rows=1119 width=4)
	        Recheck Cond: ((id >= 5004475) AND (id <= 5005474))
	        ->  Bitmap Index Scan on sbtest3_pkey  (cost=0.00..35.62 rows=1119 width=0)
	              Index Cond: ((id >= 5004475) AND (id <= 5005474))

table 4 : explain SELECT SUM(k) FROM sbtest4 WHERE id BETWEEN 8792638 AND 8793637
	Aggregate  (cost=3669.87..3669.88 rows=1 width=8)
	  ->  Bitmap Heap Scan on sbtest4  (cost=34.12..3667.51 rows=945 width=4)
	        Recheck Cond: ((id >= 8792638) AND (id <= 8793637))
	        ->  Bitmap Index Scan on sbtest4_pkey  (cost=0.00..33.89 rows=945 width=0)
	              Index Cond: ((id >= 8792638) AND (id <= 8793637))

table 5 : explain SELECT SUM(k) FROM sbtest5 WHERE id BETWEEN 4169210 AND 4170209
	Aggregate  (cost=3878.86..3878.87 rows=1 width=8)
	  ->  Bitmap Heap Scan on sbtest5  (cost=34.69..3876.36 rows=1000 width=4)
	        Recheck Cond: ((id >= 4169210) AND (id <= 4170209))
	        ->  Bitmap Index Scan on sbtest5_pkey  (cost=0.00..34.44 rows=1000 width=0)
	              Index Cond: ((id >= 4169210) AND (id <= 4170209))

table 6 : explain SELECT SUM(k) FROM sbtest6 WHERE id BETWEEN 1661084 AND 1662083
	Aggregate  (cost=3677.50..3677.51 rows=1 width=8)
	  ->  Bitmap Heap Scan on sbtest6  (cost=34.14..3675.13 rows=947 width=4)
	        Recheck Cond: ((id >= 1661084) AND (id <= 1662083))
	        ->  Bitmap Index Scan on sbtest6_pkey  (cost=0.00..33.91 rows=947 width=0)
	              Index Cond: ((id >= 1661084) AND (id <= 1662083))

table 7 : explain SELECT SUM(k) FROM sbtest7 WHERE id BETWEEN 3200979 AND 3201978
	Aggregate  (cost=3829.40..3829.41 rows=1 width=8)
	  ->  Bitmap Heap Scan on sbtest7  (cost=34.55..3826.93 rows=987 width=4)
	        Recheck Cond: ((id >= 3200979) AND (id <= 3201978))
	        ->  Bitmap Index Scan on sbtest7_pkey  (cost=0.00..34.31 rows=987 width=0)
	              Index Cond: ((id >= 3200979) AND (id <= 3201978))

table 8 : explain SELECT SUM(k) FROM sbtest8 WHERE id BETWEEN 4623283 AND 4624282
	Aggregate  (cost=4037.37..4037.38 rows=1 width=8)
	  ->  Bitmap Heap Scan on sbtest8  (cost=35.12..4034.77 rows=1042 width=4)
	        Recheck Cond: ((id >= 4623283) AND (id <= 4624282))
	        ->  Bitmap Index Scan on sbtest8_pkey  (cost=0.00..34.86 rows=1042 width=0)
	              Index Cond: ((id >= 4623283) AND (id <= 4624282))

for: sum_ranges
table 1 : explain SELECT SUM(k) FROM sbtest1 WHERE id BETWEEN 6081266 AND 6082265
	Aggregate  (cost=3980.53..3980.54 rows=1 width=8)
	  ->  Bitmap Heap Scan on sbtest1  (cost=34.95..3977.96 rows=1026 width=4)
	        Recheck Cond: ((id >= 6081266) AND (id <= 6082265))
	        ->  Bitmap Index Scan on sbtest1_pkey  (cost=0.00..34.70 rows=1026 width=0)
	              Index Cond: ((id >= 6081266) AND (id <= 6082265))

table 2 : explain SELECT SUM(k) FROM sbtest2 WHERE id BETWEEN 6839603 AND 6840602
	Aggregate  (cost=3672.68..3672.69 rows=1 width=8)
	  ->  Bitmap Heap Scan on sbtest2  (cost=34.13..3670.32 rows=946 width=4)
	        Recheck Cond: ((id >= 6839603) AND (id <= 6840602))
	        ->  Bitmap Index Scan on sbtest2_pkey  (cost=0.00..33.90 rows=946 width=0)
	              Index Cond: ((id >= 6839603) AND (id <= 6840602))

table 3 : explain SELECT SUM(k) FROM sbtest3 WHERE id BETWEEN 2095379 AND 2096378
	Aggregate  (cost=3834.65..3834.66 rows=1 width=8)
	  ->  Bitmap Heap Scan on sbtest3  (cost=34.57..3832.18 rows=989 width=4)
	        Recheck Cond: ((id >= 2095379) AND (id <= 2096378))
	        ->  Bitmap Index Scan on sbtest3_pkey  (cost=0.00..34.33 rows=989 width=0)
	              Index Cond: ((id >= 2095379) AND (id <= 2096378))

table 4 : explain SELECT SUM(k) FROM sbtest4 WHERE id BETWEEN 9161923 AND 9162922
	Aggregate  (cost=3802.04..3802.05 rows=1 width=8)
	  ->  Bitmap Heap Scan on sbtest4  (cost=34.48..3799.59 rows=980 width=4)
	        Recheck Cond: ((id >= 9161923) AND (id <= 9162922))
	        ->  Bitmap Index Scan on sbtest4_pkey  (cost=0.00..34.23 rows=980 width=0)
	              Index Cond: ((id >= 9161923) AND (id <= 9162922))

table 5 : explain SELECT SUM(k) FROM sbtest5 WHERE id BETWEEN 159954 AND 160953
	Aggregate  (cost=3523.37..3523.38 rows=1 width=8)
	  ->  Bitmap Heap Scan on sbtest5  (cost=29.73..3521.10 rows=907 width=4)
	        Recheck Cond: ((id >= 159954) AND (id <= 160953))
	        ->  Bitmap Index Scan on sbtest5_pkey  (cost=0.00..29.50 rows=907 width=0)
	              Index Cond: ((id >= 159954) AND (id <= 160953))

table 6 : explain SELECT SUM(k) FROM sbtest6 WHERE id BETWEEN 3497954 AND 3498953
	Aggregate  (cost=3941.67..3941.68 rows=1 width=8)
	  ->  Bitmap Heap Scan on sbtest6  (cost=34.86..3939.13 rows=1017 width=4)
	        Recheck Cond: ((id >= 3497954) AND (id <= 3498953))
	        ->  Bitmap Index Scan on sbtest6_pkey  (cost=0.00..34.61 rows=1017 width=0)
	              Index Cond: ((id >= 3497954) AND (id <= 3498953))

table 7 : explain SELECT SUM(k) FROM sbtest7 WHERE id BETWEEN 2890121 AND 2891120
	Aggregate  (cost=3768.99..3769.00 rows=1 width=8)
	  ->  Bitmap Heap Scan on sbtest7  (cost=34.39..3766.56 rows=971 width=4)
	        Recheck Cond: ((id >= 2890121) AND (id <= 2891120))
	        ->  Bitmap Index Scan on sbtest7_pkey  (cost=0.00..34.15 rows=971 width=0)
	              Index Cond: ((id >= 2890121) AND (id <= 2891120))

table 8 : explain SELECT SUM(k) FROM sbtest8 WHERE id BETWEEN 41568 AND 42567
	Aggregate  (cost=3924.26..3924.27 rows=1 width=8)
	  ->  Bitmap Heap Scan on sbtest8  (cost=34.81..3921.73 rows=1012 width=4)
	        Recheck Cond: ((id >= 41568) AND (id <= 42567))
	        ->  Bitmap Index Scan on sbtest8_pkey  (cost=0.00..34.56 rows=1012 width=0)
	              Index Cond: ((id >= 41568) AND (id <= 42567))

for: distinct_ranges
table 1 : explain SELECT DISTINCT c FROM sbtest1 WHERE id BETWEEN 3672921 AND 3673920 ORDER BY c
	Unique  (cost=3545.58..3550.08 rows=901 width=121)
	  ->  Sort  (cost=3545.58..3547.83 rows=901 width=121)
	        Sort Key: c
	        ->  Bitmap Heap Scan on sbtest1  (cost=29.67..3501.36 rows=901 width=121)
	              Recheck Cond: ((id >= 3672921) AND (id <= 3673920))
	              ->  Bitmap Index Scan on sbtest1_pkey  (cost=0.00..29.44 rows=901 width=0)
	                    Index Cond: ((id >= 3672921) AND (id <= 3673920))

table 2 : explain SELECT DISTINCT c FROM sbtest2 WHERE id BETWEEN 1986582 AND 1987581 ORDER BY c
	Unique  (cost=3958.19..3963.24 rows=1009 width=121)
	  ->  Sort  (cost=3958.19..3960.72 rows=1009 width=121)
	        Sort Key: c
	        ->  Bitmap Heap Scan on sbtest2  (cost=34.78..3907.85 rows=1009 width=121)
	              Recheck Cond: ((id >= 1986582) AND (id <= 1987581))
	              ->  Bitmap Index Scan on sbtest2_pkey  (cost=0.00..34.53 rows=1009 width=0)
	                    Index Cond: ((id >= 1986582) AND (id <= 1987581))

table 3 : explain SELECT DISTINCT c FROM sbtest3 WHERE id BETWEEN 5143978 AND 5144977 ORDER BY c
	Unique  (cost=3904.33..3909.31 rows=995 width=121)
	  ->  Sort  (cost=3904.33..3906.82 rows=995 width=121)
	        Sort Key: c
	        ->  Bitmap Heap Scan on sbtest3  (cost=34.63..3854.79 rows=995 width=121)
	              Recheck Cond: ((id >= 5143978) AND (id <= 5144977))
	              ->  Bitmap Index Scan on sbtest3_pkey  (cost=0.00..34.39 rows=995 width=0)
	                    Index Cond: ((id >= 5143978) AND (id <= 5144977))

table 4 : explain SELECT DISTINCT c FROM sbtest4 WHERE id BETWEEN 9463681 AND 9464680 ORDER BY c
	Unique  (cost=3568.31..3572.85 rows=908 width=121)
	  ->  Sort  (cost=3568.31..3570.58 rows=908 width=121)
	        Sort Key: c
	        ->  Bitmap Heap Scan on sbtest4  (cost=29.74..3523.70 rows=908 width=121)
	              Recheck Cond: ((id >= 9463681) AND (id <= 9464680))
	              ->  Bitmap Index Scan on sbtest4_pkey  (cost=0.00..29.51 rows=908 width=0)
	                    Index Cond: ((id >= 9463681) AND (id <= 9464680))

table 5 : explain SELECT DISTINCT c FROM sbtest5 WHERE id BETWEEN 9149045 AND 9150044 ORDER BY c
	Unique  (cost=3703.96..3708.67 rows=942 width=121)
	  ->  Sort  (cost=3703.96..3706.32 rows=942 width=121)
	        Sort Key: c
	        ->  Bitmap Heap Scan on sbtest5  (cost=34.09..3657.43 rows=942 width=121)
	              Recheck Cond: ((id >= 9149045) AND (id <= 9150044))
	              ->  Bitmap Index Scan on sbtest5_pkey  (cost=0.00..33.86 rows=942 width=0)
	                    Index Cond: ((id >= 9149045) AND (id <= 9150044))

table 6 : explain SELECT DISTINCT c FROM sbtest6 WHERE id BETWEEN 1401915 AND 1402914 ORDER BY c
	Unique  (cost=4043.46..4048.61 rows=1031 width=121)
	  ->  Sort  (cost=4043.46..4046.03 rows=1031 width=121)
	        Sort Key: c
	        ->  Bitmap Heap Scan on sbtest6  (cost=35.00..3991.86 rows=1031 width=121)
	              Recheck Cond: ((id >= 1401915) AND (id <= 1402914))
	              ->  Bitmap Index Scan on sbtest6_pkey  (cost=0.00..34.75 rows=1031 width=0)
	                    Index Cond: ((id >= 1401915) AND (id <= 1402914))

table 7 : explain SELECT DISTINCT c FROM sbtest7 WHERE id BETWEEN 9101218 AND 9102217 ORDER BY c
	Unique  (cost=3576.82..3581.37 rows=910 width=121)
	  ->  Sort  (cost=3576.82..3579.10 rows=910 width=121)
	        Sort Key: c
	        ->  Bitmap Heap Scan on sbtest7  (cost=29.76..3532.10 rows=910 width=121)
	              Recheck Cond: ((id >= 9101218) AND (id <= 9102217))
	              ->  Bitmap Index Scan on sbtest7_pkey  (cost=0.00..29.54 rows=910 width=0)
	                    Index Cond: ((id >= 9101218) AND (id <= 9102217))

table 8 : explain SELECT DISTINCT c FROM sbtest8 WHERE id BETWEEN 4140236 AND 4141235 ORDER BY c
	Unique  (cost=4083.18..4088.38 rows=1041 width=121)
	  ->  Sort  (cost=4083.18..4085.78 rows=1041 width=121)
	        Sort Key: c
	        ->  Bitmap Heap Scan on sbtest8  (cost=35.11..4031.00 rows=1041 width=121)
	              Recheck Cond: ((id >= 4140236) AND (id <= 4141235))
	              ->  Bitmap Index Scan on sbtest8_pkey  (cost=0.00..34.84 rows=1041 width=0)
	                    Index Cond: ((id >= 4140236) AND (id <= 4141235))

for: order_ranges
table 1 : explain SELECT c FROM sbtest1 WHERE id BETWEEN 6608083 AND 6609082 ORDER BY c
	Sort  (cost=4381.17..4383.97 rows=1118 width=121)
	  Sort Key: c
	  ->  Bitmap Heap Scan on sbtest1  (cost=35.89..4324.57 rows=1118 width=121)
	        Recheck Cond: ((id >= 6608083) AND (id <= 6609082))
	        ->  Bitmap Index Scan on sbtest1_pkey  (cost=0.00..35.62 rows=1118 width=0)
	              Index Cond: ((id >= 6608083) AND (id <= 6609082))

table 2 : explain SELECT c FROM sbtest2 WHERE id BETWEEN 2999262 AND 3000261 ORDER BY c
	Sort  (cost=3747.72..3750.11 rows=954 width=121)
	  Sort Key: c
	  ->  Bitmap Heap Scan on sbtest2  (cost=34.21..3700.51 rows=954 width=121)
	        Recheck Cond: ((id >= 2999262) AND (id <= 3000261))
	        ->  Bitmap Index Scan on sbtest2_pkey  (cost=0.00..33.98 rows=954 width=0)
	              Index Cond: ((id >= 2999262) AND (id <= 3000261))

table 3 : explain SELECT c FROM sbtest3 WHERE id BETWEEN 6103808 AND 6104807 ORDER BY c
	Sort  (cost=3919.63..3922.13 rows=999 width=121)
	  Sort Key: c
	  ->  Bitmap Heap Scan on sbtest3  (cost=34.67..3869.86 rows=999 width=121)
	        Recheck Cond: ((id >= 6103808) AND (id <= 6104807))
	        ->  Bitmap Index Scan on sbtest3_pkey  (cost=0.00..34.43 rows=999 width=0)
	              Index Cond: ((id >= 6103808) AND (id <= 6104807))

table 4 : explain SELECT c FROM sbtest4 WHERE id BETWEEN 115323 AND 116322 ORDER BY c
	Sort  (cost=4238.16..4240.86 rows=1082 width=121)
	  Sort Key: c
	  ->  Bitmap Heap Scan on sbtest4  (cost=35.53..4183.63 rows=1082 width=121)
	        Recheck Cond: ((id >= 115323) AND (id <= 116322))
	        ->  Bitmap Index Scan on sbtest4_pkey  (cost=0.00..35.26 rows=1082 width=0)
	              Index Cond: ((id >= 115323) AND (id <= 116322))

table 5 : explain SELECT c FROM sbtest5 WHERE id BETWEEN 7432370 AND 7433369 ORDER BY c
	Sort  (cost=3607.88..3610.18 rows=918 width=121)
	  Sort Key: c
	  ->  Bitmap Heap Scan on sbtest5  (cost=29.84..3562.71 rows=918 width=121)
	        Recheck Cond: ((id >= 7432370) AND (id <= 7433369))
	        ->  Bitmap Index Scan on sbtest5_pkey  (cost=0.00..29.61 rows=918 width=0)
	              Index Cond: ((id >= 7432370) AND (id <= 7433369))

table 6 : explain SELECT c FROM sbtest6 WHERE id BETWEEN 3584203 AND 3585202 ORDER BY c
	Sort  (cost=4180.99..4183.65 rows=1067 width=121)
	  Sort Key: c
	  ->  Bitmap Heap Scan on sbtest6  (cost=35.37..4127.32 rows=1067 width=121)
	        Recheck Cond: ((id >= 3584203) AND (id <= 3585202))
	        ->  Bitmap Index Scan on sbtest6_pkey  (cost=0.00..35.11 rows=1067 width=0)
	              Index Cond: ((id >= 3584203) AND (id <= 3585202))

table 7 : explain SELECT c FROM sbtest7 WHERE id BETWEEN 3239111 AND 3240110 ORDER BY c
	Sort  (cost=4059.68..4062.26 rows=1035 width=121)
	  Sort Key: c
	  ->  Bitmap Heap Scan on sbtest7  (cost=35.04..4007.85 rows=1035 width=121)
	        Recheck Cond: ((id >= 3239111) AND (id <= 3240110))
	        ->  Bitmap Index Scan on sbtest7_pkey  (cost=0.00..34.79 rows=1035 width=0)
	              Index Cond: ((id >= 3239111) AND (id <= 3240110))

table 8 : explain SELECT c FROM sbtest8 WHERE id BETWEEN 647181 AND 648180 ORDER BY c
	Sort  (cost=3773.09..3775.49 rows=960 width=121)
	  Sort Key: c
	  ->  Bitmap Heap Scan on sbtest8  (cost=34.28..3725.54 rows=960 width=121)
	        Recheck Cond: ((id >= 647181) AND (id <= 648180))
	        ->  Bitmap Index Scan on sbtest8_pkey  (cost=0.00..34.04 rows=960 width=0)
	              Index Cond: ((id >= 647181) AND (id <= 648180))

for: simple_ranges
table 1 : explain SELECT c FROM sbtest1 WHERE id BETWEEN 4213974 AND 4214973
	Bitmap Heap Scan on sbtest1  (cost=35.28..4098.64 rows=1058 width=121)
	  Recheck Cond: ((id >= 4213974) AND (id <= 4214973))
	  ->  Bitmap Index Scan on sbtest1_pkey  (cost=0.00..35.02 rows=1058 width=0)
	        Index Cond: ((id >= 4213974) AND (id <= 4214973))

table 2 : explain SELECT c FROM sbtest2 WHERE id BETWEEN 3552806 AND 3553805
	Bitmap Heap Scan on sbtest2  (cost=35.19..4058.40 rows=1049 width=121)
	  Recheck Cond: ((id >= 3552806) AND (id <= 3553805))
	  ->  Bitmap Index Scan on sbtest2_pkey  (cost=0.00..34.93 rows=1049 width=0)
	        Index Cond: ((id >= 3552806) AND (id <= 3553805))

table 3 : explain SELECT c FROM sbtest3 WHERE id BETWEEN 7017006 AND 7018005
	Bitmap Heap Scan on sbtest3  (cost=35.97..4339.77 rows=1125 width=121)
	  Recheck Cond: ((id >= 7017006) AND (id <= 7018005))
	  ->  Bitmap Index Scan on sbtest3_pkey  (cost=0.00..35.69 rows=1125 width=0)
	        Index Cond: ((id >= 7017006) AND (id <= 7018005))

table 4 : explain SELECT c FROM sbtest4 WHERE id BETWEEN 5864635 AND 5865634
	Bitmap Heap Scan on sbtest4  (cost=35.24..4078.34 rows=1054 width=121)
	  Recheck Cond: ((id >= 5864635) AND (id <= 5865634))
	  ->  Bitmap Index Scan on sbtest4_pkey  (cost=0.00..34.98 rows=1054 width=0)
	        Index Cond: ((id >= 5864635) AND (id <= 5865634))

table 5 : explain SELECT c FROM sbtest5 WHERE id BETWEEN 5405564 AND 5406563
	Bitmap Heap Scan on sbtest5  (cost=34.33..3744.30 rows=965 width=121)
	  Recheck Cond: ((id >= 5405564) AND (id <= 5406563))
	  ->  Bitmap Index Scan on sbtest5_pkey  (cost=0.00..34.09 rows=965 width=0)
	        Index Cond: ((id >= 5405564) AND (id <= 5406563))

table 6 : explain SELECT c FROM sbtest6 WHERE id BETWEEN 9023561 AND 9024560
	Bitmap Heap Scan on sbtest6  (cost=34.84..3931.60 rows=1015 width=121)
	  Recheck Cond: ((id >= 9023561) AND (id <= 9024560))
	  ->  Bitmap Index Scan on sbtest6_pkey  (cost=0.00..34.59 rows=1015 width=0)
	        Index Cond: ((id >= 9023561) AND (id <= 9024560))

table 7 : explain SELECT c FROM sbtest7 WHERE id BETWEEN 4771036 AND 4772035
	Bitmap Heap Scan on sbtest7  (cost=34.23..3709.94 rows=956 width=121)
	  Recheck Cond: ((id >= 4771036) AND (id <= 4772035))
	  ->  Bitmap Index Scan on sbtest7_pkey  (cost=0.00..34.00 rows=956 width=0)
	        Index Cond: ((id >= 4771036) AND (id <= 4772035))

table 8 : explain SELECT c FROM sbtest8 WHERE id BETWEEN 9018828 AND 9019827
	Bitmap Heap Scan on sbtest8  (cost=29.91..3585.51 rows=924 width=121)
	  Recheck Cond: ((id >= 9018828) AND (id <= 9019827))
	  ->  Bitmap Index Scan on sbtest8_pkey  (cost=0.00..29.68 rows=924 width=0)
	        Index Cond: ((id >= 9018828) AND (id <= 9019827))

explain: for point_selects :: explain SELECT c FROM sbtest%u WHERE id=%u
for: sum_ranges
table 1 : explain SELECT SUM(k) FROM sbtest1 WHERE id BETWEEN 355554 AND 356553
	Aggregate  (cost=3681.88..3681.89 rows=1 width=8)
	  ->  Bitmap Heap Scan on sbtest1  (cost=34.14..3679.51 rows=947 width=4)
	        Recheck Cond: ((id >= 355554) AND (id <= 356553))
	        ->  Bitmap Index Scan on sbtest1_pkey  (cost=0.00..33.91 rows=947 width=0)
	              Index Cond: ((id >= 355554) AND (id <= 356553))

table 2 : explain SELECT SUM(k) FROM sbtest2 WHERE id BETWEEN 544884 AND 545883
	Aggregate  (cost=3555.32..3555.33 rows=1 width=8)
	  ->  Bitmap Heap Scan on sbtest2  (cost=29.82..3553.03 rows=916 width=4)
	        Recheck Cond: ((id >= 544884) AND (id <= 545883))
	        ->  Bitmap Index Scan on sbtest2_pkey  (cost=0.00..29.59 rows=916 width=0)
	              Index Cond: ((id >= 544884) AND (id <= 545883))

table 3 : explain SELECT SUM(k) FROM sbtest3 WHERE id BETWEEN 9091742 AND 9092741
	Aggregate  (cost=3566.37..3566.38 rows=1 width=8)
	  ->  Bitmap Heap Scan on sbtest3  (cost=29.85..3564.08 rows=919 width=4)
	        Recheck Cond: ((id >= 9091742) AND (id <= 9092741))
	        ->  Bitmap Index Scan on sbtest3_pkey  (cost=0.00..29.62 rows=919 width=0)
	              Index Cond: ((id >= 9091742) AND (id <= 9092741))

table 4 : explain SELECT SUM(k) FROM sbtest4 WHERE id BETWEEN 6448871 AND 6449870
	Aggregate  (cost=3688.76..3688.77 rows=1 width=8)
	  ->  Bitmap Heap Scan on sbtest4  (cost=34.17..3686.39 rows=950 width=4)
	        Recheck Cond: ((id >= 6448871) AND (id <= 6449870))
	        ->  Bitmap Index Scan on sbtest4_pkey  (cost=0.00..33.94 rows=950 width=0)
	              Index Cond: ((id >= 6448871) AND (id <= 6449870))

table 5 : explain SELECT SUM(k) FROM sbtest5 WHERE id BETWEEN 9815533 AND 9816532
	Aggregate  (cost=3954.31..3954.32 rows=1 width=8)
	  ->  Bitmap Heap Scan on sbtest5  (cost=34.89..3951.76 rows=1020 width=4)
	        Recheck Cond: ((id >= 9815533) AND (id <= 9816532))
	        ->  Bitmap Index Scan on sbtest5_pkey  (cost=0.00..34.64 rows=1020 width=0)
	              Index Cond: ((id >= 9815533) AND (id <= 9816532))

table 6 : explain SELECT SUM(k) FROM sbtest6 WHERE id BETWEEN 7279912 AND 7280911
	Aggregate  (cost=3488.20..3488.21 rows=1 width=8)
	  ->  Bitmap Heap Scan on sbtest6  (cost=29.64..3485.95 rows=898 width=4)
	        Recheck Cond: ((id >= 7279912) AND (id <= 7280911))
	        ->  Bitmap Index Scan on sbtest6_pkey  (cost=0.00..29.41 rows=898 width=0)
	              Index Cond: ((id >= 7279912) AND (id <= 7280911))

table 7 : explain SELECT SUM(k) FROM sbtest7 WHERE id BETWEEN 3032378 AND 3033377
	Aggregate  (cost=3735.00..3735.01 rows=1 width=8)
	  ->  Bitmap Heap Scan on sbtest7  (cost=34.30..3732.59 rows=962 width=4)
	        Recheck Cond: ((id >= 3032378) AND (id <= 3033377))
	        ->  Bitmap Index Scan on sbtest7_pkey  (cost=0.00..34.06 rows=962 width=0)
	              Index Cond: ((id >= 3032378) AND (id <= 3033377))

table 8 : explain SELECT SUM(k) FROM sbtest8 WHERE id BETWEEN 6962717 AND 6963716
	Aggregate  (cost=3784.61..3784.62 rows=1 width=8)
	  ->  Bitmap Heap Scan on sbtest8  (cost=34.43..3782.17 rows=975 width=4)
	        Recheck Cond: ((id >= 6962717) AND (id <= 6963716))
	        ->  Bitmap Index Scan on sbtest8_pkey  (cost=0.00..34.19 rows=975 width=0)
	              Index Cond: ((id >= 6962717) AND (id <= 6963716))

for: order_ranges
table 1 : explain SELECT c FROM sbtest1 WHERE id BETWEEN 8003788 AND 8004787 ORDER BY c
	Sort  (cost=3979.48..3982.01 rows=1013 width=121)
	  Sort Key: c
	  ->  Bitmap Heap Scan on sbtest1  (cost=34.82..3928.91 rows=1013 width=121)
	        Recheck Cond: ((id >= 8003788) AND (id <= 8004787))
	        ->  Bitmap Index Scan on sbtest1_pkey  (cost=0.00..34.57 rows=1013 width=0)
	              Index Cond: ((id >= 8003788) AND (id <= 8004787))

table 2 : explain SELECT c FROM sbtest2 WHERE id BETWEEN 4631924 AND 4632923 ORDER BY c
	Sort  (cost=4282.74..4285.48 rows=1094 width=121)
	  Sort Key: c
	  ->  Bitmap Heap Scan on sbtest2  (cost=35.65..4227.52 rows=1094 width=121)
	        Recheck Cond: ((id >= 4631924) AND (id <= 4632923))
	        ->  Bitmap Index Scan on sbtest2_pkey  (cost=0.00..35.38 rows=1094 width=0)
	              Index Cond: ((id >= 4631924) AND (id <= 4632923))

table 3 : explain SELECT c FROM sbtest3 WHERE id BETWEEN 7878562 AND 7879561 ORDER BY c
	Sort  (cost=3732.10..3734.48 rows=950 width=121)
	  Sort Key: c
	  ->  Bitmap Heap Scan on sbtest3  (cost=34.17..3685.12 rows=950 width=121)
	        Recheck Cond: ((id >= 7878562) AND (id <= 7879561))
	        ->  Bitmap Index Scan on sbtest3_pkey  (cost=0.00..33.94 rows=950 width=0)
	              Index Cond: ((id >= 7878562) AND (id <= 7879561))

table 4 : explain SELECT c FROM sbtest4 WHERE id BETWEEN 1529584 AND 1530583 ORDER BY c
	Sort  (cost=4180.90..4183.57 rows=1067 width=121)
	  Sort Key: c
	  ->  Bitmap Heap Scan on sbtest4  (cost=35.37..4127.23 rows=1067 width=121)
	        Recheck Cond: ((id >= 1529584) AND (id <= 1530583))
	        ->  Bitmap Index Scan on sbtest4_pkey  (cost=0.00..35.11 rows=1067 width=0)
	              Index Cond: ((id >= 1529584) AND (id <= 1530583))

table 5 : explain SELECT c FROM sbtest5 WHERE id BETWEEN 3982828 AND 3983827 ORDER BY c
	Sort  (cost=4163.30..4165.96 rows=1062 width=121)
	  Sort Key: c
	  ->  Bitmap Heap Scan on sbtest5  (cost=35.32..4109.92 rows=1062 width=121)
	        Recheck Cond: ((id >= 3982828) AND (id <= 3983827))
	        ->  Bitmap Index Scan on sbtest5_pkey  (cost=0.00..35.06 rows=1062 width=0)
	              Index Cond: ((id >= 3982828) AND (id <= 3983827))

table 6 : explain SELECT c FROM sbtest6 WHERE id BETWEEN 5917990 AND 5918989 ORDER BY c
	Sort  (cost=3913.43..3915.92 rows=997 width=121)
	  Sort Key: c
	  ->  Bitmap Heap Scan on sbtest6  (cost=34.65..3863.77 rows=997 width=121)
	        Recheck Cond: ((id >= 5917990) AND (id <= 5918989))
	        ->  Bitmap Index Scan on sbtest6_pkey  (cost=0.00..34.41 rows=997 width=0)
	              Index Cond: ((id >= 5917990) AND (id <= 5918989))

table 7 : explain SELECT c FROM sbtest7 WHERE id BETWEEN 867631 AND 868630 ORDER BY c
	Sort  (cost=4086.44..4089.04 rows=1042 width=121)
	  Sort Key: c
	  ->  Bitmap Heap Scan on sbtest7  (cost=35.12..4034.21 rows=1042 width=121)
	        Recheck Cond: ((id >= 867631) AND (id <= 868630))
	        ->  Bitmap Index Scan on sbtest7_pkey  (cost=0.00..34.86 rows=1042 width=0)
	              Index Cond: ((id >= 867631) AND (id <= 868630))

table 8 : explain SELECT c FROM sbtest8 WHERE id BETWEEN 459559 AND 460558 ORDER BY c
	Sort  (cost=3550.40..3552.66 rows=903 width=121)
	  Sort Key: c
	  ->  Bitmap Heap Scan on sbtest8  (cost=29.69..3506.07 rows=903 width=121)
	        Recheck Cond: ((id >= 459559) AND (id <= 460558))
	        ->  Bitmap Index Scan on sbtest8_pkey  (cost=0.00..29.46 rows=903 width=0)
	              Index Cond: ((id >= 459559) AND (id <= 460558))

for: order_ranges
table 1 : explain SELECT c FROM sbtest1 WHERE id BETWEEN 1689885 AND 1690884 ORDER BY c
	Sort  (cost=3530.20..3532.44 rows=897 width=121)
	  Sort Key: c
	  ->  Bitmap Heap Scan on sbtest1  (cost=29.63..3486.20 rows=897 width=121)
	        Recheck Cond: ((id >= 1689885) AND (id <= 1690884))
	        ->  Bitmap Index Scan on sbtest1_pkey  (cost=0.00..29.40 rows=897 width=0)
	              Index Cond: ((id >= 1689885) AND (id <= 1690884))

table 2 : explain SELECT c FROM sbtest2 WHERE id BETWEEN 2750933 AND 2751932 ORDER BY c
	Sort  (cost=3740.06..3742.44 rows=952 width=121)
	  Sort Key: c
	  ->  Bitmap Heap Scan on sbtest2  (cost=34.19..3692.96 rows=952 width=121)
	        Recheck Cond: ((id >= 2750933) AND (id <= 2751932))
	        ->  Bitmap Index Scan on sbtest2_pkey  (cost=0.00..33.95 rows=952 width=0)
	              Index Cond: ((id >= 2750933) AND (id <= 2751932))

table 3 : explain SELECT c FROM sbtest3 WHERE id BETWEEN 4513982 AND 4514981 ORDER BY c
	Sort  (cost=4145.04..4147.68 rows=1058 width=121)
	  Sort Key: c
	  ->  Bitmap Heap Scan on sbtest3  (cost=35.28..4091.89 rows=1058 width=121)
	        Recheck Cond: ((id >= 4513982) AND (id <= 4514981))
	        ->  Bitmap Index Scan on sbtest3_pkey  (cost=0.00..35.02 rows=1058 width=0)
	              Index Cond: ((id >= 4513982) AND (id <= 4514981))

table 4 : explain SELECT c FROM sbtest4 WHERE id BETWEEN 7017635 AND 7018634 ORDER BY c
	Sort  (cost=4070.13..4072.72 rows=1038 width=121)
	  Sort Key: c
	  ->  Bitmap Heap Scan on sbtest4  (cost=35.07..4018.13 rows=1038 width=121)
	        Recheck Cond: ((id >= 7017635) AND (id <= 7018634))
	        ->  Bitmap Index Scan on sbtest4_pkey  (cost=0.00..34.82 rows=1038 width=0)
	              Index Cond: ((id >= 7017635) AND (id <= 7018634))

table 5 : explain SELECT c FROM sbtest5 WHERE id BETWEEN 2335838 AND 2336837 ORDER BY c
	Sort  (cost=3753.81..3756.20 rows=955 width=121)
	  Sort Key: c
	  ->  Bitmap Heap Scan on sbtest5  (cost=34.22..3706.54 rows=955 width=121)
	        Recheck Cond: ((id >= 2335838) AND (id <= 2336837))
	        ->  Bitmap Index Scan on sbtest5_pkey  (cost=0.00..33.98 rows=955 width=0)
	              Index Cond: ((id >= 2335838) AND (id <= 2336837))

table 6 : explain SELECT c FROM sbtest6 WHERE id BETWEEN 4699679 AND 4700678 ORDER BY c
	Sort  (cost=3944.03..3946.55 rows=1005 width=121)
	  Sort Key: c
	  ->  Bitmap Heap Scan on sbtest6  (cost=34.74..3893.92 rows=1005 width=121)
	        Recheck Cond: ((id >= 4699679) AND (id <= 4700678))
	        ->  Bitmap Index Scan on sbtest6_pkey  (cost=0.00..34.48 rows=1005 width=0)
	              Index Cond: ((id >= 4699679) AND (id <= 4700678))

table 7 : explain SELECT c FROM sbtest7 WHERE id BETWEEN 2172440 AND 2173439 ORDER BY c
	Sort  (cost=3615.20..3617.50 rows=920 width=121)
	  Sort Key: c
	  ->  Bitmap Heap Scan on sbtest7  (cost=29.87..3569.91 rows=920 width=121)
	        Recheck Cond: ((id >= 2172440) AND (id <= 2173439))
	        ->  Bitmap Index Scan on sbtest7_pkey  (cost=0.00..29.64 rows=920 width=0)
	              Index Cond: ((id >= 2172440) AND (id <= 2173439))

table 8 : explain SELECT c FROM sbtest8 WHERE id BETWEEN 9473725 AND 9474724 ORDER BY c
	Sort  (cost=4251.29..4254.00 rows=1085 width=121)
	  Sort Key: c
	  ->  Bitmap Heap Scan on sbtest8  (cost=35.56..4196.59 rows=1085 width=121)
	        Recheck Cond: ((id >= 9473725) AND (id <= 9474724))
	        ->  Bitmap Index Scan on sbtest8_pkey  (cost=0.00..35.29 rows=1085 width=0)
	              Index Cond: ((id >= 9473725) AND (id <= 9474724))

for point_selects
table 1 : explain SELECT c FROM sbtest1 WHERE id=4824503
	Index Scan using sbtest1_pkey on sbtest1  (cost=0.43..8.45 rows=1 width=121)
	  Index Cond: (id = 4824503)

table 2 : explain SELECT c FROM sbtest2 WHERE id=8572105
	Index Scan using sbtest2_pkey on sbtest2  (cost=0.43..8.45 rows=1 width=121)
	  Index Cond: (id = 8572105)

table 3 : explain SELECT c FROM sbtest3 WHERE id=6572875
	Index Scan using sbtest3_pkey on sbtest3  (cost=0.43..8.45 rows=1 width=121)
	  Index Cond: (id = 6572875)

table 4 : explain SELECT c FROM sbtest4 WHERE id=7742067
	Index Scan using sbtest4_pkey on sbtest4  (cost=0.43..8.45 rows=1 width=121)
	  Index Cond: (id = 7742067)

table 5 : explain SELECT c FROM sbtest5 WHERE id=9906782
	Index Scan using sbtest5_pkey on sbtest5  (cost=0.43..8.45 rows=1 width=121)
	  Index Cond: (id = 9906782)

table 6 : explain SELECT c FROM sbtest6 WHERE id=1499687
	Index Scan using sbtest6_pkey on sbtest6  (cost=0.43..8.45 rows=1 width=121)
	  Index Cond: (id = 1499687)

table 7 : explain SELECT c FROM sbtest7 WHERE id=3118240
	Index Scan using sbtest7_pkey on sbtest7  (cost=0.43..8.45 rows=1 width=121)
	  Index Cond: (id = 3118240)

table 8 : explain SELECT c FROM sbtest8 WHERE id=1826095
	Index Scan using sbtest8_pkey on sbtest8  (cost=0.43..8.45 rows=1 width=121)
	  Index Cond: (id = 1826095)

for: simple_ranges
table 1 : explain SELECT c FROM sbtest1 WHERE id BETWEEN 1221394 AND 1222393
	Bitmap Heap Scan on sbtest1  (cost=29.30..3364.87 rows=865 width=121)
	  Recheck Cond: ((id >= 1221394) AND (id <= 1222393))
	  ->  Bitmap Index Scan on sbtest1_pkey  (cost=0.00..29.08 rows=865 width=0)
	        Index Cond: ((id >= 1221394) AND (id <= 1222393))

table 2 : explain SELECT c FROM sbtest2 WHERE id BETWEEN 2218848 AND 2219847
	Bitmap Heap Scan on sbtest2  (cost=39.98..4347.91 rows=1126 width=121)
	  Recheck Cond: ((id >= 2218848) AND (id <= 2219847))
	  ->  Bitmap Index Scan on sbtest2_pkey  (cost=0.00..39.70 rows=1126 width=0)
	        Index Cond: ((id >= 2218848) AND (id <= 2219847))

table 3 : explain SELECT c FROM sbtest3 WHERE id BETWEEN 7352432 AND 7353431
	Bitmap Heap Scan on sbtest3  (cost=30.06..3639.60 rows=939 width=121)
	  Recheck Cond: ((id >= 7352432) AND (id <= 7353431))
	  ->  Bitmap Index Scan on sbtest3_pkey  (cost=0.00..29.82 rows=939 width=0)
	        Index Cond: ((id >= 7352432) AND (id <= 7353431))

table 4 : explain SELECT c FROM sbtest4 WHERE id BETWEEN 4764509 AND 4765508
	Bitmap Heap Scan on sbtest4  (cost=34.55..3825.99 rows=987 width=121)
	  Recheck Cond: ((id >= 4764509) AND (id <= 4765508))
	  ->  Bitmap Index Scan on sbtest4_pkey  (cost=0.00..34.31 rows=987 width=0)
	        Index Cond: ((id >= 4764509) AND (id <= 4765508))

table 5 : explain SELECT c FROM sbtest5 WHERE id BETWEEN 9447939 AND 9448938
	Bitmap Heap Scan on sbtest5  (cost=29.67..3498.40 rows=901 width=121)
	  Recheck Cond: ((id >= 9447939) AND (id <= 9448938))
	  ->  Bitmap Index Scan on sbtest5_pkey  (cost=0.00..29.44 rows=901 width=0)
	        Index Cond: ((id >= 9447939) AND (id <= 9448938))

table 6 : explain SELECT c FROM sbtest6 WHERE id BETWEEN 3784277 AND 3785276
	Bitmap Heap Scan on sbtest6  (cost=34.94..3969.26 rows=1025 width=121)
	  Recheck Cond: ((id >= 3784277) AND (id <= 3785276))
	  ->  Bitmap Index Scan on sbtest6_pkey  (cost=0.00..34.69 rows=1025 width=0)
	        Index Cond: ((id >= 3784277) AND (id <= 3785276))

table 7 : explain SELECT c FROM sbtest7 WHERE id BETWEEN 9967917 AND 9968916
	Bitmap Heap Scan on sbtest7  (cost=34.60..3845.79 rows=992 width=121)
	  Recheck Cond: ((id >= 9967917) AND (id <= 9968916))
	  ->  Bitmap Index Scan on sbtest7_pkey  (cost=0.00..34.36 rows=992 width=0)
	        Index Cond: ((id >= 9967917) AND (id <= 9968916))

table 8 : explain SELECT c FROM sbtest8 WHERE id BETWEEN 3683390 AND 3684389
	Bitmap Heap Scan on sbtest8  (cost=34.63..3857.63 rows=995 width=121)
	  Recheck Cond: ((id >= 3683390) AND (id <= 3684389))
	  ->  Bitmap Index Scan on sbtest8_pkey  (cost=0.00..34.39 rows=995 width=0)
	        Index Cond: ((id >= 3683390) AND (id <= 3684389))

for: order_ranges
table 1 : explain SELECT c FROM sbtest1 WHERE id BETWEEN 7484534 AND 7485533 ORDER BY c
	Sort  (cost=4201.52..4204.20 rows=1071 width=121)
	  Sort Key: c
	  ->  Bitmap Heap Scan on sbtest1  (cost=35.41..4147.63 rows=1071 width=121)
	        Recheck Cond: ((id >= 7484534) AND (id <= 7485533))
	        ->  Bitmap Index Scan on sbtest1_pkey  (cost=0.00..35.15 rows=1071 width=0)
	              Index Cond: ((id >= 7484534) AND (id <= 7485533))

table 2 : explain SELECT c FROM sbtest2 WHERE id BETWEEN 9809423 AND 9810422 ORDER BY c
	Sort  (cost=3870.22..3872.69 rows=986 width=121)
	  Sort Key: c
	  ->  Bitmap Heap Scan on sbtest2  (cost=34.54..3821.19 rows=986 width=121)
	        Recheck Cond: ((id >= 9809423) AND (id <= 9810422))
	        ->  Bitmap Index Scan on sbtest2_pkey  (cost=0.00..34.30 rows=986 width=0)
	              Index Cond: ((id >= 9809423) AND (id <= 9810422))

table 3 : explain SELECT c FROM sbtest3 WHERE id BETWEEN 5661756 AND 5662755 ORDER BY c
	Sort  (cost=3992.27..3994.81 rows=1018 width=121)
	  Sort Key: c
	  ->  Bitmap Heap Scan on sbtest3  (cost=34.87..3941.41 rows=1018 width=121)
	        Recheck Cond: ((id >= 5661756) AND (id <= 5662755))
	        ->  Bitmap Index Scan on sbtest3_pkey  (cost=0.00..34.62 rows=1018 width=0)
	              Index Cond: ((id >= 5661756) AND (id <= 5662755))

table 4 : explain SELECT c FROM sbtest4 WHERE id BETWEEN 1113461 AND 1114460 ORDER BY c
	Sort  (cost=3752.53..3754.92 rows=955 width=121)
	  Sort Key: c
	  ->  Bitmap Heap Scan on sbtest4  (cost=34.22..3705.26 rows=955 width=121)
	        Recheck Cond: ((id >= 1113461) AND (id <= 1114460))
	        ->  Bitmap Index Scan on sbtest4_pkey  (cost=0.00..33.98 rows=955 width=0)
	              Index Cond: ((id >= 1113461) AND (id <= 1114460))

table 5 : explain SELECT c FROM sbtest5 WHERE id BETWEEN 1282730 AND 1283729 ORDER BY c
	Sort  (cost=3630.91..3633.22 rows=924 width=121)
	  Sort Key: c
	  ->  Bitmap Heap Scan on sbtest5  (cost=29.91..3585.39 rows=924 width=121)
	        Recheck Cond: ((id >= 1282730) AND (id <= 1283729))
	        ->  Bitmap Index Scan on sbtest5_pkey  (cost=0.00..29.68 rows=924 width=0)
	              Index Cond: ((id >= 1282730) AND (id <= 1283729))

table 6 : explain SELECT c FROM sbtest6 WHERE id BETWEEN 2996334 AND 2997333 ORDER BY c
	Sort  (cost=3947.86..3950.37 rows=1006 width=121)
	  Sort Key: c
	  ->  Bitmap Heap Scan on sbtest6  (cost=34.75..3897.69 rows=1006 width=121)
	        Recheck Cond: ((id >= 2996334) AND (id <= 2997333))
	        ->  Bitmap Index Scan on sbtest6_pkey  (cost=0.00..34.50 rows=1006 width=0)
	              Index Cond: ((id >= 2996334) AND (id <= 2997333))

table 7 : explain SELECT c FROM sbtest7 WHERE id BETWEEN 8994586 AND 8995585 ORDER BY c
	Sort  (cost=3971.71..3974.24 rows=1012 width=121)
	  Sort Key: c
	  ->  Bitmap Heap Scan on sbtest7  (cost=34.81..3921.20 rows=1012 width=121)
	        Recheck Cond: ((id >= 8994586) AND (id <= 8995585))
	        ->  Bitmap Index Scan on sbtest7_pkey  (cost=0.00..34.56 rows=1012 width=0)
	              Index Cond: ((id >= 8994586) AND (id <= 8995585))

table 8 : explain SELECT c FROM sbtest8 WHERE id BETWEEN 6757498 AND 6758497 ORDER BY c
	Sort  (cost=4010.51..4013.07 rows=1022 width=121)
	  Sort Key: c
	  ->  Bitmap Heap Scan on sbtest8  (cost=34.91..3959.42 rows=1022 width=121)
	        Recheck Cond: ((id >= 6757498) AND (id <= 6758497))
	        ->  Bitmap Index Scan on sbtest8_pkey  (cost=0.00..34.66 rows=1022 width=0)
	              Index Cond: ((id >= 6757498) AND (id <= 6758497))

for: sum_ranges
table 1 : explain SELECT SUM(k) FROM sbtest1 WHERE id BETWEEN 3097902 AND 3098901
	Aggregate  (cost=3492.24..3492.25 rows=1 width=8)
	  ->  Bitmap Heap Scan on sbtest1  (cost=29.64..3489.99 rows=898 width=4)
	        Recheck Cond: ((id >= 3097902) AND (id <= 3098901))
	        ->  Bitmap Index Scan on sbtest1_pkey  (cost=0.00..29.41 rows=898 width=0)
	              Index Cond: ((id >= 3097902) AND (id <= 3098901))

table 2 : explain SELECT SUM(k) FROM sbtest2 WHERE id BETWEEN 6976712 AND 6977711
	Aggregate  (cost=4057.26..4057.27 rows=1 width=8)
	  ->  Bitmap Heap Scan on sbtest2  (cost=35.18..4054.64 rows=1048 width=4)
	        Recheck Cond: ((id >= 6976712) AND (id <= 6977711))
	        ->  Bitmap Index Scan on sbtest2_pkey  (cost=0.00..34.92 rows=1048 width=0)
	              Index Cond: ((id >= 6976712) AND (id <= 6977711))

table 3 : explain SELECT SUM(k) FROM sbtest3 WHERE id BETWEEN 2519727 AND 2520726
	Aggregate  (cost=4233.64..4233.65 rows=1 width=8)
	  ->  Bitmap Heap Scan on sbtest3  (cost=35.66..4230.91 rows=1095 width=4)
	        Recheck Cond: ((id >= 2519727) AND (id <= 2520726))
	        ->  Bitmap Index Scan on sbtest3_pkey  (cost=0.00..35.39 rows=1095 width=0)
	              Index Cond: ((id >= 2519727) AND (id <= 2520726))

table 4 : explain SELECT SUM(k) FROM sbtest4 WHERE id BETWEEN 1444120 AND 1445119
	Aggregate  (cost=4167.53..4167.54 rows=1 width=8)
	  ->  Bitmap Heap Scan on sbtest4  (cost=35.47..4164.83 rows=1077 width=4)
	        Recheck Cond: ((id >= 1444120) AND (id <= 1445119))
	        ->  Bitmap Index Scan on sbtest4_pkey  (cost=0.00..35.20 rows=1077 width=0)
	              Index Cond: ((id >= 1444120) AND (id <= 1445119))

table 5 : explain SELECT SUM(k) FROM sbtest5 WHERE id BETWEEN 8396196 AND 8397195
	Aggregate  (cost=4078.68..4078.69 rows=1 width=8)
	  ->  Bitmap Heap Scan on sbtest5  (cost=35.23..4076.05 rows=1053 width=4)
	        Recheck Cond: ((id >= 8396196) AND (id <= 8397195))
	        ->  Bitmap Index Scan on sbtest5_pkey  (cost=0.00..34.97 rows=1053 width=0)
	              Index Cond: ((id >= 8396196) AND (id <= 8397195))

table 6 : explain SELECT SUM(k) FROM sbtest6 WHERE id BETWEEN 7531077 AND 7532076
	Aggregate  (cost=3533.61..3533.62 rows=1 width=8)
	  ->  Bitmap Heap Scan on sbtest6  (cost=29.76..3531.33 rows=910 width=4)
	        Recheck Cond: ((id >= 7531077) AND (id <= 7532076))
	        ->  Bitmap Index Scan on sbtest6_pkey  (cost=0.00..29.54 rows=910 width=0)
	              Index Cond: ((id >= 7531077) AND (id <= 7532076))

table 7 : explain SELECT SUM(k) FROM sbtest7 WHERE id BETWEEN 5839117 AND 5840116
	Aggregate  (cost=3598.69..3598.70 rows=1 width=8)
	  ->  Bitmap Heap Scan on sbtest7  (cost=29.94..3596.38 rows=927 width=4)
	        Recheck Cond: ((id >= 5839117) AND (id <= 5840116))
	        ->  Bitmap Index Scan on sbtest7_pkey  (cost=0.00..29.70 rows=927 width=0)
	              Index Cond: ((id >= 5839117) AND (id <= 5840116))

table 8 : explain SELECT SUM(k) FROM sbtest8 WHERE id BETWEEN 8613838 AND 8614837
	Aggregate  (cost=3640.77..3640.78 rows=1 width=8)
	  ->  Bitmap Heap Scan on sbtest8  (cost=30.05..3638.43 rows=938 width=4)
	        Recheck Cond: ((id >= 8613838) AND (id <= 8614837))
	        ->  Bitmap Index Scan on sbtest8_pkey  (cost=0.00..29.82 rows=938 width=0)
	              Index Cond: ((id >= 8613838) AND (id <= 8614837))

for: order_ranges
table 1 : explain SELECT c FROM sbtest1 WHERE id BETWEEN 4886113 AND 4887112 ORDER BY c
	Sort  (cost=3630.14..3632.45 rows=923 width=121)
	  Sort Key: c
	  ->  Bitmap Heap Scan on sbtest1  (cost=29.90..3584.68 rows=923 width=121)
	        Recheck Cond: ((id >= 4886113) AND (id <= 4887112))
	        ->  Bitmap Index Scan on sbtest1_pkey  (cost=0.00..29.66 rows=923 width=0)
	              Index Cond: ((id >= 4886113) AND (id <= 4887112))

table 2 : explain SELECT c FROM sbtest2 WHERE id BETWEEN 6347731 AND 6348730 ORDER BY c
	Sort  (cost=3797.50..3799.92 rows=967 width=121)
	  Sort Key: c
	  ->  Bitmap Heap Scan on sbtest2  (cost=34.35..3749.55 rows=967 width=121)
	        Recheck Cond: ((id >= 6347731) AND (id <= 6348730))
	        ->  Bitmap Index Scan on sbtest2_pkey  (cost=0.00..34.11 rows=967 width=0)
	              Index Cond: ((id >= 6347731) AND (id <= 6348730))

table 3 : explain SELECT c FROM sbtest3 WHERE id BETWEEN 724159 AND 725158 ORDER BY c
	Sort  (cost=3762.74..3765.14 rows=958 width=121)
	  Sort Key: c
	  ->  Bitmap Heap Scan on sbtest3  (cost=34.25..3715.30 rows=958 width=121)
	        Recheck Cond: ((id >= 724159) AND (id <= 725158))
	        ->  Bitmap Index Scan on sbtest3_pkey  (cost=0.00..34.02 rows=958 width=0)
	              Index Cond: ((id >= 724159) AND (id <= 725158))

table 4 : explain SELECT c FROM sbtest4 WHERE id BETWEEN 230385 AND 231384 ORDER BY c
	Sort  (cost=3917.17..3919.67 rows=998 width=121)
	  Sort Key: c
	  ->  Bitmap Heap Scan on sbtest4  (cost=34.66..3867.46 rows=998 width=121)
	        Recheck Cond: ((id >= 230385) AND (id <= 231384))
	        ->  Bitmap Index Scan on sbtest4_pkey  (cost=0.00..34.42 rows=998 width=0)
	              Index Cond: ((id >= 230385) AND (id <= 231384))

table 5 : explain SELECT c FROM sbtest5 WHERE id BETWEEN 5364012 AND 5365011 ORDER BY c
	Sort  (cost=3876.42..3878.89 rows=987 width=121)
	  Sort Key: c
	  ->  Bitmap Heap Scan on sbtest5  (cost=34.55..3827.33 rows=987 width=121)
	        Recheck Cond: ((id >= 5364012) AND (id <= 5365011))
	        ->  Bitmap Index Scan on sbtest5_pkey  (cost=0.00..34.31 rows=987 width=0)
	              Index Cond: ((id >= 5364012) AND (id <= 5365011))

table 6 : explain SELECT c FROM sbtest6 WHERE id BETWEEN 5133489 AND 5134488 ORDER BY c
	Sort  (cost=3844.53..3846.98 rows=979 width=121)
	  Sort Key: c
	  ->  Bitmap Heap Scan on sbtest6  (cost=34.47..3795.90 rows=979 width=121)
	        Recheck Cond: ((id >= 5133489) AND (id <= 5134488))
	        ->  Bitmap Index Scan on sbtest6_pkey  (cost=0.00..34.23 rows=979 width=0)
	              Index Cond: ((id >= 5133489) AND (id <= 5134488))

table 7 : explain SELECT c FROM sbtest7 WHERE id BETWEEN 321408 AND 322407 ORDER BY c
	Sort  (cost=3895.17..3897.65 rows=992 width=121)
	  Sort Key: c
	  ->  Bitmap Heap Scan on sbtest7  (cost=34.60..3845.79 rows=992 width=121)
	        Recheck Cond: ((id >= 321408) AND (id <= 322407))
	        ->  Bitmap Index Scan on sbtest7_pkey  (cost=0.00..34.36 rows=992 width=0)
	              Index Cond: ((id >= 321408) AND (id <= 322407))

table 8 : explain SELECT c FROM sbtest8 WHERE id BETWEEN 6358399 AND 6359398 ORDER BY c
	Sort  (cost=4320.00..4322.76 rows=1103 width=121)
	  Sort Key: c
	  ->  Bitmap Heap Scan on sbtest8  (cost=35.74..4264.26 rows=1103 width=121)
	        Recheck Cond: ((id >= 6358399) AND (id <= 6359398))
	        ->  Bitmap Index Scan on sbtest8_pkey  (cost=0.00..35.47 rows=1103 width=0)
	              Index Cond: ((id >= 6358399) AND (id <= 6359398))

for point_selects
table 1 : explain SELECT c FROM sbtest1 WHERE id=667771
	Index Scan using sbtest1_pkey on sbtest1  (cost=0.43..8.45 rows=1 width=121)
	  Index Cond: (id = 667771)

table 2 : explain SELECT c FROM sbtest2 WHERE id=6064644
	Index Scan using sbtest2_pkey on sbtest2  (cost=0.43..8.45 rows=1 width=121)
	  Index Cond: (id = 6064644)

table 3 : explain SELECT c FROM sbtest3 WHERE id=6933151
	Index Scan using sbtest3_pkey on sbtest3  (cost=0.43..8.45 rows=1 width=121)
	  Index Cond: (id = 6933151)

table 4 : explain SELECT c FROM sbtest4 WHERE id=2041254
	Index Scan using sbtest4_pkey on sbtest4  (cost=0.43..8.45 rows=1 width=121)
	  Index Cond: (id = 2041254)

table 5 : explain SELECT c FROM sbtest5 WHERE id=7084876
	Index Scan using sbtest5_pkey on sbtest5  (cost=0.43..8.45 rows=1 width=121)
	  Index Cond: (id = 7084876)

table 6 : explain SELECT c FROM sbtest6 WHERE id=8018280
	Index Scan using sbtest6_pkey on sbtest6  (cost=0.43..8.45 rows=1 width=121)
	  Index Cond: (id = 8018280)

table 7 : explain SELECT c FROM sbtest7 WHERE id=4166837
	Index Scan using sbtest7_pkey on sbtest7  (cost=0.43..8.45 rows=1 width=121)
	  Index Cond: (id = 4166837)

table 8 : explain SELECT c FROM sbtest8 WHERE id=7538891
	Index Scan using sbtest8_pkey on sbtest8  (cost=0.43..8.45 rows=1 width=121)
	  Index Cond: (id = 7538891)

for: order_ranges
table 1 : explain SELECT c FROM sbtest1 WHERE id BETWEEN 5858119 AND 5859118 ORDER BY c
	Sort  (cost=3925.82..3928.32 rows=999 width=121)
	  Sort Key: c
	  ->  Bitmap Heap Scan on sbtest1  (cost=34.67..3876.05 rows=999 width=121)
	        Recheck Cond: ((id >= 5858119) AND (id <= 5859118))
	        ->  Bitmap Index Scan on sbtest1_pkey  (cost=0.00..34.43 rows=999 width=0)
	              Index Cond: ((id >= 5858119) AND (id <= 5859118))

table 2 : explain SELECT c FROM sbtest2 WHERE id BETWEEN 2037785 AND 2038784 ORDER BY c
	Sort  (cost=3732.40..3734.78 rows=950 width=121)
	  Sort Key: c
	  ->  Bitmap Heap Scan on sbtest2  (cost=34.17..3685.42 rows=950 width=121)
	        Recheck Cond: ((id >= 2037785) AND (id <= 2038784))
	        ->  Bitmap Index Scan on sbtest2_pkey  (cost=0.00..33.94 rows=950 width=0)
	              Index Cond: ((id >= 2037785) AND (id <= 2038784))

table 3 : explain SELECT c FROM sbtest3 WHERE id BETWEEN 5096158 AND 5097157 ORDER BY c
	Sort  (cost=3904.33..3906.82 rows=995 width=121)
	  Sort Key: c
	  ->  Bitmap Heap Scan on sbtest3  (cost=34.63..3854.79 rows=995 width=121)
	        Recheck Cond: ((id >= 5096158) AND (id <= 5097157))
	        ->  Bitmap Index Scan on sbtest3_pkey  (cost=0.00..34.39 rows=995 width=0)
	              Index Cond: ((id >= 5096158) AND (id <= 5097157))

table 4 : explain SELECT c FROM sbtest4 WHERE id BETWEEN 4768472 AND 4769471 ORDER BY c
	Sort  (cost=3875.08..3877.55 rows=987 width=121)
	  Sort Key: c
	  ->  Bitmap Heap Scan on sbtest4  (cost=34.55..3825.99 rows=987 width=121)
	        Recheck Cond: ((id >= 4768472) AND (id <= 4769471))
	        ->  Bitmap Index Scan on sbtest4_pkey  (cost=0.00..34.31 rows=987 width=0)
	              Index Cond: ((id >= 4768472) AND (id <= 4769471))

table 5 : explain SELECT c FROM sbtest5 WHERE id BETWEEN 9516016 AND 9517015 ORDER BY c
	Sort  (cost=4090.69..4093.30 rows=1043 width=121)
	  Sort Key: c
	  ->  Bitmap Heap Scan on sbtest5  (cost=35.13..4038.40 rows=1043 width=121)
	        Recheck Cond: ((id >= 9516016) AND (id <= 9517015))
	        ->  Bitmap Index Scan on sbtest5_pkey  (cost=0.00..34.87 rows=1043 width=0)
	              Index Cond: ((id >= 9516016) AND (id <= 9517015))

table 6 : explain SELECT c FROM sbtest6 WHERE id BETWEEN 5659625 AND 5660624 ORDER BY c
	Sort  (cost=4345.06..4347.83 rows=1110 width=121)
	  Sort Key: c
	  ->  Bitmap Heap Scan on sbtest6  (cost=35.81..4288.91 rows=1110 width=121)
	        Recheck Cond: ((id >= 5659625) AND (id <= 5660624))
	        ->  Bitmap Index Scan on sbtest6_pkey  (cost=0.00..35.54 rows=1110 width=0)
	              Index Cond: ((id >= 5659625) AND (id <= 5660624))

table 7 : explain SELECT c FROM sbtest7 WHERE id BETWEEN 9059138 AND 9060137 ORDER BY c
	Sort  (cost=3971.71..3974.24 rows=1012 width=121)
	  Sort Key: c
	  ->  Bitmap Heap Scan on sbtest7  (cost=34.81..3921.20 rows=1012 width=121)
	        Recheck Cond: ((id >= 9059138) AND (id <= 9060137))
	        ->  Bitmap Index Scan on sbtest7_pkey  (cost=0.00..34.56 rows=1012 width=0)
	              Index Cond: ((id >= 9059138) AND (id <= 9060137))

table 8 : explain SELECT c FROM sbtest8 WHERE id BETWEEN 2555426 AND 2556425 ORDER BY c
	Sort  (cost=4239.84..4242.54 rows=1082 width=121)
	  Sort Key: c
	  ->  Bitmap Heap Scan on sbtest8  (cost=35.53..4185.31 rows=1082 width=121)
	        Recheck Cond: ((id >= 2555426) AND (id <= 2556425))
	        ->  Bitmap Index Scan on sbtest8_pkey  (cost=0.00..35.26 rows=1082 width=0)
	              Index Cond: ((id >= 2555426) AND (id <= 2556425))

for point_selects
table 1 : explain SELECT c FROM sbtest1 WHERE id=4280004
	Index Scan using sbtest1_pkey on sbtest1  (cost=0.43..8.45 rows=1 width=121)
	  Index Cond: (id = 4280004)

table 2 : explain SELECT c FROM sbtest2 WHERE id=6285988
	Index Scan using sbtest2_pkey on sbtest2  (cost=0.43..8.45 rows=1 width=121)
	  Index Cond: (id = 6285988)

table 3 : explain SELECT c FROM sbtest3 WHERE id=4188672
	Index Scan using sbtest3_pkey on sbtest3  (cost=0.43..8.45 rows=1 width=121)
	  Index Cond: (id = 4188672)

table 4 : explain SELECT c FROM sbtest4 WHERE id=3309405
	Index Scan using sbtest4_pkey on sbtest4  (cost=0.43..8.45 rows=1 width=121)
	  Index Cond: (id = 3309405)

table 5 : explain SELECT c FROM sbtest5 WHERE id=5114958
	Index Scan using sbtest5_pkey on sbtest5  (cost=0.43..8.45 rows=1 width=121)
	  Index Cond: (id = 5114958)

table 6 : explain SELECT c FROM sbtest6 WHERE id=35954
	Index Scan using sbtest6_pkey on sbtest6  (cost=0.43..8.45 rows=1 width=121)
	  Index Cond: (id = 35954)

table 7 : explain SELECT c FROM sbtest7 WHERE id=4469676
	Index Scan using sbtest7_pkey on sbtest7  (cost=0.43..8.45 rows=1 width=121)
	  Index Cond: (id = 4469676)

table 8 : explain SELECT c FROM sbtest8 WHERE id=8587770
	Index Scan using sbtest8_pkey on sbtest8  (cost=0.43..8.45 rows=1 width=121)
	  Index Cond: (id = 8587770)

explain: for point_selects :: explain SELECT c FROM sbtest%u WHERE id=%u
for: distinct_ranges
table 1 : explain SELECT DISTINCT c FROM sbtest1 WHERE id BETWEEN 7218197 AND 7219196 ORDER BY c
	Unique  (cost=3814.60..3819.45 rows=970 width=121)
	  ->  Sort  (cost=3814.60..3817.03 rows=970 width=121)
	        Sort Key: c
	        ->  Bitmap Heap Scan on sbtest1  (cost=34.38..3766.48 rows=970 width=121)
	              Recheck Cond: ((id >= 7218197) AND (id <= 7219196))
	              ->  Bitmap Index Scan on sbtest1_pkey  (cost=0.00..34.14 rows=970 width=0)
	                    Index Cond: ((id >= 7218197) AND (id <= 7219196))

table 2 : explain SELECT DISTINCT c FROM sbtest2 WHERE id BETWEEN 6499136 AND 6500135 ORDER BY c
	Unique  (cost=3954.37..3959.41 rows=1008 width=121)
	  ->  Sort  (cost=3954.37..3956.89 rows=1008 width=121)
	        Sort Key: c
	        ->  Bitmap Heap Scan on sbtest2  (cost=34.77..3904.08 rows=1008 width=121)
	              Recheck Cond: ((id >= 6499136) AND (id <= 6500135))
	              ->  Bitmap Index Scan on sbtest2_pkey  (cost=0.00..34.52 rows=1008 width=0)
	                    Index Cond: ((id >= 6499136) AND (id <= 6500135))

table 3 : explain SELECT DISTINCT c FROM sbtest3 WHERE id BETWEEN 5067295 AND 5068294 ORDER BY c
	Unique  (cost=4373.93..4379.52 rows=1119 width=121)
	  ->  Sort  (cost=4373.93..4376.73 rows=1119 width=121)
	        Sort Key: c
	        ->  Bitmap Heap Scan on sbtest3  (cost=35.90..4317.26 rows=1119 width=121)
	              Recheck Cond: ((id >= 5067295) AND (id <= 5068294))
	              ->  Bitmap Index Scan on sbtest3_pkey  (cost=0.00..35.62 rows=1119 width=0)
	                    Index Cond: ((id >= 5067295) AND (id <= 5068294))

table 4 : explain SELECT DISTINCT c FROM sbtest4 WHERE id BETWEEN 5022444 AND 5023443 ORDER BY c
	Unique  (cost=4207.62..4212.99 rows=1074 width=121)
	  ->  Sort  (cost=4207.62..4210.31 rows=1074 width=121)
	        Sort Key: c
	        ->  Bitmap Heap Scan on sbtest4  (cost=35.44..4153.55 rows=1074 width=121)
	              Recheck Cond: ((id >= 5022444) AND (id <= 5023443))
	              ->  Bitmap Index Scan on sbtest4_pkey  (cost=0.00..35.18 rows=1074 width=0)
	                    Index Cond: ((id >= 5022444) AND (id <= 5023443))

table 5 : explain SELECT DISTINCT c FROM sbtest5 WHERE id BETWEEN 9062179 AND 9063178 ORDER BY c
	Unique  (cost=3941.50..3946.52 rows=1004 width=121)
	  ->  Sort  (cost=3941.50..3944.01 rows=1004 width=121)
	        Sort Key: c
	        ->  Bitmap Heap Scan on sbtest5  (cost=34.73..3891.45 rows=1004 width=121)
	              Recheck Cond: ((id >= 9062179) AND (id <= 9063178))
	              ->  Bitmap Index Scan on sbtest5_pkey  (cost=0.00..34.48 rows=1004 width=0)
	                    Index Cond: ((id >= 9062179) AND (id <= 9063178))

table 6 : explain SELECT DISTINCT c FROM sbtest6 WHERE id BETWEEN 3290711 AND 3291710 ORDER BY c
	Unique  (cost=3675.78..3680.46 rows=936 width=121)
	  ->  Sort  (cost=3675.78..3678.12 rows=936 width=121)
	        Sort Key: c
	        ->  Bitmap Heap Scan on sbtest6  (cost=30.03..3629.59 rows=936 width=121)
	              Recheck Cond: ((id >= 3290711) AND (id <= 3291710))
	              ->  Bitmap Index Scan on sbtest6_pkey  (cost=0.00..29.79 rows=936 width=0)
	                    Index Cond: ((id >= 3290711) AND (id <= 3291710))

table 7 : explain SELECT DISTINCT c FROM sbtest7 WHERE id BETWEEN 6998752 AND 6999751 ORDER BY c
	Unique  (cost=3757.26..3762.04 rows=956 width=121)
	  ->  Sort  (cost=3757.26..3759.65 rows=956 width=121)
	        Sort Key: c
	        ->  Bitmap Heap Scan on sbtest7  (cost=34.23..3709.94 rows=956 width=121)
	              Recheck Cond: ((id >= 6998752) AND (id <= 6999751))
	              ->  Bitmap Index Scan on sbtest7_pkey  (cost=0.00..34.00 rows=956 width=0)
	                    Index Cond: ((id >= 6998752) AND (id <= 6999751))

table 8 : explain SELECT DISTINCT c FROM sbtest8 WHERE id BETWEEN 5418168 AND 5419167 ORDER BY c
	Unique  (cost=3792.26..3797.08 rows=965 width=121)
	  ->  Sort  (cost=3792.26..3794.67 rows=965 width=121)
	        Sort Key: c
	        ->  Bitmap Heap Scan on sbtest8  (cost=34.33..3744.42 rows=965 width=121)
	              Recheck Cond: ((id >= 5418168) AND (id <= 5419167))
	              ->  Bitmap Index Scan on sbtest8_pkey  (cost=0.00..34.09 rows=965 width=0)
	                    Index Cond: ((id >= 5418168) AND (id <= 5419167))

for: distinct_ranges
table 1 : explain SELECT DISTINCT c FROM sbtest1 WHERE id BETWEEN 8167640 AND 8168639 ORDER BY c
	Unique  (cost=3676.24..3680.92 rows=935 width=121)
	  ->  Sort  (cost=3676.24..3678.58 rows=935 width=121)
	        Sort Key: c
	        ->  Bitmap Heap Scan on sbtest1  (cost=30.02..3630.11 rows=935 width=121)
	              Recheck Cond: ((id >= 8167640) AND (id <= 8168639))
	              ->  Bitmap Index Scan on sbtest1_pkey  (cost=0.00..29.79 rows=935 width=0)
	                    Index Cond: ((id >= 8167640) AND (id <= 8168639))

table 2 : explain SELECT DISTINCT c FROM sbtest2 WHERE id BETWEEN 422076 AND 423075 ORDER BY c
	Unique  (cost=4057.56..4062.73 rows=1035 width=121)
	  ->  Sort  (cost=4057.56..4060.15 rows=1035 width=121)
	        Sort Key: c
	        ->  Bitmap Heap Scan on sbtest2  (cost=35.04..4005.73 rows=1035 width=121)
	              Recheck Cond: ((id >= 422076) AND (id <= 423075))
	              ->  Bitmap Index Scan on sbtest2_pkey  (cost=0.00..34.79 rows=1035 width=0)
	                    Index Cond: ((id >= 422076) AND (id <= 423075))

table 3 : explain SELECT DISTINCT c FROM sbtest3 WHERE id BETWEEN 1479265 AND 1480264 ORDER BY c
	Unique  (cost=4057.22..4062.39 rows=1035 width=121)
	  ->  Sort  (cost=4057.22..4059.81 rows=1035 width=121)
	        Sort Key: c
	        ->  Bitmap Heap Scan on sbtest3  (cost=35.04..4005.39 rows=1035 width=121)
	              Recheck Cond: ((id >= 1479265) AND (id <= 1480264))
	              ->  Bitmap Index Scan on sbtest3_pkey  (cost=0.00..34.79 rows=1035 width=0)
	                    Index Cond: ((id >= 1479265) AND (id <= 1480264))

table 4 : explain SELECT DISTINCT c FROM sbtest4 WHERE id BETWEEN 1248982 AND 1249981 ORDER BY c
	Unique  (cost=4085.41..4090.62 rows=1042 width=121)
	  ->  Sort  (cost=4085.41..4088.02 rows=1042 width=121)
	        Sort Key: c
	        ->  Bitmap Heap Scan on sbtest4  (cost=35.12..4033.18 rows=1042 width=121)
	              Recheck Cond: ((id >= 1248982) AND (id <= 1249981))
	              ->  Bitmap Index Scan on sbtest4_pkey  (cost=0.00..34.86 rows=1042 width=0)
	                    Index Cond: ((id >= 1248982) AND (id <= 1249981))

table 5 : explain SELECT DISTINCT c FROM sbtest5 WHERE id BETWEEN 2074702 AND 2075701 ORDER BY c
	Unique  (cost=3638.58..3643.21 rows=926 width=121)
	  ->  Sort  (cost=3638.58..3640.90 rows=926 width=121)
	        Sort Key: c
	        ->  Bitmap Heap Scan on sbtest5  (cost=29.93..3592.96 rows=926 width=121)
	              Recheck Cond: ((id >= 2074702) AND (id <= 2075701))
	              ->  Bitmap Index Scan on sbtest5_pkey  (cost=0.00..29.69 rows=926 width=0)
	                    Index Cond: ((id >= 2074702) AND (id <= 2075701))

table 6 : explain SELECT DISTINCT c FROM sbtest6 WHERE id BETWEEN 9691390 AND 9692389 ORDER BY c
	Unique  (cost=4116.06..4121.31 rows=1050 width=121)
	  ->  Sort  (cost=4116.06..4118.69 rows=1050 width=121)
	        Sort Key: c
	        ->  Bitmap Heap Scan on sbtest6  (cost=35.20..4063.37 rows=1050 width=121)
	              Recheck Cond: ((id >= 9691390) AND (id <= 9692389))
	              ->  Bitmap Index Scan on sbtest6_pkey  (cost=0.00..34.94 rows=1050 width=0)
	                    Index Cond: ((id >= 9691390) AND (id <= 9692389))

table 7 : explain SELECT DISTINCT c FROM sbtest7 WHERE id BETWEEN 4402709 AND 4403708 ORDER BY c
	Unique  (cost=4006.14..4011.24 rows=1021 width=121)
	  ->  Sort  (cost=4006.14..4008.69 rows=1021 width=121)
	        Sort Key: c
	        ->  Bitmap Heap Scan on sbtest7  (cost=34.90..3955.11 rows=1021 width=121)
	              Recheck Cond: ((id >= 4402709) AND (id <= 4403708))
	              ->  Bitmap Index Scan on sbtest7_pkey  (cost=0.00..34.65 rows=1021 width=0)
	                    Index Cond: ((id >= 4402709) AND (id <= 4403708))

table 8 : explain SELECT DISTINCT c FROM sbtest8 WHERE id BETWEEN 8950749 AND 8951748 ORDER BY c
	Unique  (cost=4083.18..4088.38 rows=1041 width=121)
	  ->  Sort  (cost=4083.18..4085.78 rows=1041 width=121)
	        Sort Key: c
	        ->  Bitmap Heap Scan on sbtest8  (cost=35.11..4031.00 rows=1041 width=121)
	              Recheck Cond: ((id >= 8950749) AND (id <= 8951748))
	              ->  Bitmap Index Scan on sbtest8_pkey  (cost=0.00..34.84 rows=1041 width=0)
	                    Index Cond: ((id >= 8950749) AND (id <= 8951748))

for point_selects
table 1 : explain SELECT c FROM sbtest1 WHERE id=348063
	Index Scan using sbtest1_pkey on sbtest1  (cost=0.43..8.45 rows=1 width=121)
	  Index Cond: (id = 348063)

table 2 : explain SELECT c FROM sbtest2 WHERE id=1493333
	Index Scan using sbtest2_pkey on sbtest2  (cost=0.43..8.45 rows=1 width=121)
	  Index Cond: (id = 1493333)

table 3 : explain SELECT c FROM sbtest3 WHERE id=9957238
	Index Scan using sbtest3_pkey on sbtest3  (cost=0.43..8.45 rows=1 width=121)
	  Index Cond: (id = 9957238)

table 4 : explain SELECT c FROM sbtest4 WHERE id=5270114
	Index Scan using sbtest4_pkey on sbtest4  (cost=0.43..8.45 rows=1 width=121)
	  Index Cond: (id = 5270114)

table 5 : explain SELECT c FROM sbtest5 WHERE id=8192605
	Index Scan using sbtest5_pkey on sbtest5  (cost=0.43..8.45 rows=1 width=121)
	  Index Cond: (id = 8192605)

table 6 : explain SELECT c FROM sbtest6 WHERE id=9465725
	Index Scan using sbtest6_pkey on sbtest6  (cost=0.43..8.45 rows=1 width=121)
	  Index Cond: (id = 9465725)

table 7 : explain SELECT c FROM sbtest7 WHERE id=6249354
	Index Scan using sbtest7_pkey on sbtest7  (cost=0.43..8.45 rows=1 width=121)
	  Index Cond: (id = 6249354)

table 8 : explain SELECT c FROM sbtest8 WHERE id=5736146
	Index Scan using sbtest8_pkey on sbtest8  (cost=0.43..8.45 rows=1 width=121)
	  Index Cond: (id = 5736146)

for: order_ranges
table 1 : explain SELECT c FROM sbtest1 WHERE id BETWEEN 815173 AND 816172 ORDER BY c
	Sort  (cost=3941.15..3943.66 rows=1003 width=121)
	  Sort Key: c
	  ->  Bitmap Heap Scan on sbtest1  (cost=34.72..3891.15 rows=1003 width=121)
	        Recheck Cond: ((id >= 815173) AND (id <= 816172))
	        ->  Bitmap Index Scan on sbtest1_pkey  (cost=0.00..34.47 rows=1003 width=0)
	              Index Cond: ((id >= 815173) AND (id <= 816172))

table 2 : explain SELECT c FROM sbtest2 WHERE id BETWEEN 2323161 AND 2324160 ORDER BY c
	Sort  (cost=3525.20..3527.45 rows=897 width=121)
	  Sort Key: c
	  ->  Bitmap Heap Scan on sbtest2  (cost=29.63..3481.21 rows=897 width=121)
	        Recheck Cond: ((id >= 2323161) AND (id <= 2324160))
	        ->  Bitmap Index Scan on sbtest2_pkey  (cost=0.00..29.40 rows=897 width=0)
	              Index Cond: ((id >= 2323161) AND (id <= 2324160))

table 3 : explain SELECT c FROM sbtest3 WHERE id BETWEEN 7432761 AND 7433760 ORDER BY c
	Sort  (cost=3685.96..3688.31 rows=939 width=121)
	  Sort Key: c
	  ->  Bitmap Heap Scan on sbtest3  (cost=30.06..3639.60 rows=939 width=121)
	        Recheck Cond: ((id >= 7432761) AND (id <= 7433760))
	        ->  Bitmap Index Scan on sbtest3_pkey  (cost=0.00..29.82 rows=939 width=0)
	              Index Cond: ((id >= 7432761) AND (id <= 7433760))

table 4 : explain SELECT c FROM sbtest4 WHERE id BETWEEN 6785186 AND 6786185 ORDER BY c
	Sort  (cost=3932.48..3934.98 rows=1002 width=121)
	  Sort Key: c
	  ->  Bitmap Heap Scan on sbtest4  (cost=34.71..3882.54 rows=1002 width=121)
	        Recheck Cond: ((id >= 6785186) AND (id <= 6786185))
	        ->  Bitmap Index Scan on sbtest4_pkey  (cost=0.00..34.45 rows=1002 width=0)
	              Index Cond: ((id >= 6785186) AND (id <= 6786185))

table 5 : explain SELECT c FROM sbtest5 WHERE id BETWEEN 4719567 AND 4720566 ORDER BY c
	Sort  (cost=3861.10..3863.56 rows=983 width=121)
	  Sort Key: c
	  ->  Bitmap Heap Scan on sbtest5  (cost=34.51..3812.24 rows=983 width=121)
	        Recheck Cond: ((id >= 4719567) AND (id <= 4720566))
	        ->  Bitmap Index Scan on sbtest5_pkey  (cost=0.00..34.27 rows=983 width=0)
	              Index Cond: ((id >= 4719567) AND (id <= 4720566))

table 6 : explain SELECT c FROM sbtest6 WHERE id BETWEEN 512758 AND 513757 ORDER BY c
	Sort  (cost=3645.11..3647.43 rows=928 width=121)
	  Sort Key: c
	  ->  Bitmap Heap Scan on sbtest6  (cost=29.95..3599.37 rows=928 width=121)
	        Recheck Cond: ((id >= 512758) AND (id <= 513757))
	        ->  Bitmap Index Scan on sbtest6_pkey  (cost=0.00..29.71 rows=928 width=0)
	              Index Cond: ((id >= 512758) AND (id <= 513757))

table 7 : explain SELECT c FROM sbtest7 WHERE id BETWEEN 2954431 AND 2955430 ORDER BY c
	Sort  (cost=3810.91..3813.34 rows=970 width=121)
	  Sort Key: c
	  ->  Bitmap Heap Scan on sbtest7  (cost=34.38..3762.79 rows=970 width=121)
	        Recheck Cond: ((id >= 2954431) AND (id <= 2955430))
	        ->  Bitmap Index Scan on sbtest7_pkey  (cost=0.00..34.14 rows=970 width=0)
	              Index Cond: ((id >= 2954431) AND (id <= 2955430))

table 8 : explain SELECT c FROM sbtest8 WHERE id BETWEEN 2819979 AND 2820978 ORDER BY c
	Sort  (cost=3619.51..3621.81 rows=921 width=121)
	  Sort Key: c
	  ->  Bitmap Heap Scan on sbtest8  (cost=29.88..3574.16 rows=921 width=121)
	        Recheck Cond: ((id >= 2819979) AND (id <= 2820978))
	        ->  Bitmap Index Scan on sbtest8_pkey  (cost=0.00..29.64 rows=921 width=0)
	              Index Cond: ((id >= 2819979) AND (id <= 2820978))

explain: for point_selects :: explain SELECT c FROM sbtest%u WHERE id=%u
for: distinct_ranges
table 1 : explain SELECT DISTINCT c FROM sbtest1 WHERE id BETWEEN 5031285 AND 5032284 ORDER BY c
	Unique  (cost=4480.72..4486.44 rows=1144 width=121)
	  ->  Sort  (cost=4480.72..4483.58 rows=1144 width=121)
	        Sort Key: c
	        ->  Bitmap Heap Scan on sbtest1  (cost=40.16..4422.60 rows=1144 width=121)
	              Recheck Cond: ((id >= 5031285) AND (id <= 5032284))
	              ->  Bitmap Index Scan on sbtest1_pkey  (cost=0.00..39.88 rows=1144 width=0)
	                    Index Cond: ((id >= 5031285) AND (id <= 5032284))

table 2 : explain SELECT DISTINCT c FROM sbtest2 WHERE id BETWEEN 1178233 AND 1179232 ORDER BY c
	Unique  (cost=4214.09..4219.47 rows=1076 width=121)
	  ->  Sort  (cost=4214.09..4216.78 rows=1076 width=121)
	        Sort Key: c
	        ->  Bitmap Heap Scan on sbtest2  (cost=35.46..4159.90 rows=1076 width=121)
	              Recheck Cond: ((id >= 1178233) AND (id <= 1179232))
	              ->  Bitmap Index Scan on sbtest2_pkey  (cost=0.00..35.20 rows=1076 width=0)
	                    Index Cond: ((id >= 1178233) AND (id <= 1179232))

table 3 : explain SELECT DISTINCT c FROM sbtest3 WHERE id BETWEEN 8639974 AND 8640973 ORDER BY c
	Unique  (cost=3938.75..3943.77 rows=1004 width=121)
	  ->  Sort  (cost=3938.75..3941.26 rows=1004 width=121)
	        Sort Key: c
	        ->  Bitmap Heap Scan on sbtest3  (cost=34.73..3888.69 rows=1004 width=121)
	              Recheck Cond: ((id >= 8639974) AND (id <= 8640973))
	              ->  Bitmap Index Scan on sbtest3_pkey  (cost=0.00..34.48 rows=1004 width=0)
	                    Index Cond: ((id >= 8639974) AND (id <= 8640973))

table 4 : explain SELECT DISTINCT c FROM sbtest4 WHERE id BETWEEN 5655654 AND 5656653 ORDER BY c
	Unique  (cost=3725.71..3730.45 rows=948 width=121)
	  ->  Sort  (cost=3725.71..3728.08 rows=948 width=121)
	        Sort Key: c
	        ->  Bitmap Heap Scan on sbtest4  (cost=34.15..3678.84 rows=948 width=121)
	              Recheck Cond: ((id >= 5655654) AND (id <= 5656653))
	              ->  Bitmap Index Scan on sbtest4_pkey  (cost=0.00..33.92 rows=948 width=0)
	                    Index Cond: ((id >= 5655654) AND (id <= 5656653))

table 5 : explain SELECT DISTINCT c FROM sbtest5 WHERE id BETWEEN 9721500 AND 9722499 ORDER BY c
	Unique  (cost=3361.99..3366.26 rows=854 width=121)
	  ->  Sort  (cost=3361.99..3364.12 rows=854 width=121)
	        Sort Key: c
	        ->  Bitmap Heap Scan on sbtest5  (cost=29.19..3320.40 rows=854 width=121)
	              Recheck Cond: ((id >= 9721500) AND (id <= 9722499))
	              ->  Bitmap Index Scan on sbtest5_pkey  (cost=0.00..28.97 rows=854 width=0)
	                    Index Cond: ((id >= 9721500) AND (id <= 9722499))

table 6 : explain SELECT DISTINCT c FROM sbtest6 WHERE id BETWEEN 1500558 AND 1501557 ORDER BY c
	Unique  (cost=3993.76..3998.85 rows=1018 width=121)
	  ->  Sort  (cost=3993.76..3996.30 rows=1018 width=121)
	        Sort Key: c
	        ->  Bitmap Heap Scan on sbtest6  (cost=34.87..3942.90 rows=1018 width=121)
	              Recheck Cond: ((id >= 1500558) AND (id <= 1501557))
	              ->  Bitmap Index Scan on sbtest6_pkey  (cost=0.00..34.62 rows=1018 width=0)
	                    Index Cond: ((id >= 1500558) AND (id <= 1501557))

table 7 : explain SELECT DISTINCT c FROM sbtest7 WHERE id BETWEEN 5942556 AND 5943555 ORDER BY c
	Unique  (cost=4143.76..4149.04 rows=1057 width=121)
	  ->  Sort  (cost=4143.76..4146.40 rows=1057 width=121)
	        Sort Key: c
	        ->  Bitmap Heap Scan on sbtest7  (cost=35.27..4090.67 rows=1057 width=121)
	              Recheck Cond: ((id >= 5942556) AND (id <= 5943555))
	              ->  Bitmap Index Scan on sbtest7_pkey  (cost=0.00..35.01 rows=1057 width=0)
	                    Index Cond: ((id >= 5942556) AND (id <= 5943555))

table 8 : explain SELECT DISTINCT c FROM sbtest8 WHERE id BETWEEN 9664944 AND 9665943 ORDER BY c
	Unique  (cost=3911.00..3915.98 rows=996 width=121)
	  ->  Sort  (cost=3911.00..3913.49 rows=996 width=121)
	        Sort Key: c
	        ->  Bitmap Heap Scan on sbtest8  (cost=34.64..3861.40 rows=996 width=121)
	              Recheck Cond: ((id >= 9664944) AND (id <= 9665943))
	              ->  Bitmap Index Scan on sbtest8_pkey  (cost=0.00..34.40 rows=996 width=0)
	                    Index Cond: ((id >= 9664944) AND (id <= 9665943))

for: simple_ranges
table 1 : explain SELECT c FROM sbtest1 WHERE id BETWEEN 8973697 AND 8974696
	Bitmap Heap Scan on sbtest1  (cost=29.20..3326.93 rows=855 width=121)
	  Recheck Cond: ((id >= 8973697) AND (id <= 8974696))
	  ->  Bitmap Index Scan on sbtest1_pkey  (cost=0.00..28.98 rows=855 width=0)
	        Index Cond: ((id >= 8973697) AND (id <= 8974696))

table 2 : explain SELECT c FROM sbtest2 WHERE id BETWEEN 9522185 AND 9523184
	Bitmap Heap Scan on sbtest2  (cost=35.25..4080.96 rows=1055 width=121)
	  Recheck Cond: ((id >= 9522185) AND (id <= 9523184))
	  ->  Bitmap Index Scan on sbtest2_pkey  (cost=0.00..34.98 rows=1055 width=0)
	        Index Cond: ((id >= 9522185) AND (id <= 9523184))

table 3 : explain SELECT c FROM sbtest3 WHERE id BETWEEN 8536139 AND 8537138
	Bitmap Heap Scan on sbtest3  (cost=35.87..4306.01 rows=1116 width=121)
	  Recheck Cond: ((id >= 8536139) AND (id <= 8537138))
	  ->  Bitmap Index Scan on sbtest3_pkey  (cost=0.00..35.59 rows=1116 width=0)
	        Index Cond: ((id >= 8536139) AND (id <= 8537138))

table 4 : explain SELECT c FROM sbtest4 WHERE id BETWEEN 74194 AND 75193
	Bitmap Heap Scan on sbtest4  (cost=33.93..3595.74 rows=926 width=121)
	  Recheck Cond: ((id >= 74194) AND (id <= 75193))
	  ->  Bitmap Index Scan on sbtest4_pkey  (cost=0.00..33.70 rows=926 width=0)
	        Index Cond: ((id >= 74194) AND (id <= 75193))

table 5 : explain SELECT c FROM sbtest5 WHERE id BETWEEN 3949936 AND 3950935
	Bitmap Heap Scan on sbtest5  (cost=35.14..4042.17 rows=1044 width=121)
	  Recheck Cond: ((id >= 3949936) AND (id <= 3950935))
	  ->  Bitmap Index Scan on sbtest5_pkey  (cost=0.00..34.88 rows=1044 width=0)
	        Index Cond: ((id >= 3949936) AND (id <= 3950935))

table 6 : explain SELECT c FROM sbtest6 WHERE id BETWEEN 1213116 AND 1214115
	Bitmap Heap Scan on sbtest6  (cost=29.26..3345.91 rows=861 width=121)
	  Recheck Cond: ((id >= 1213116) AND (id <= 1214115))
	  ->  Bitmap Index Scan on sbtest6_pkey  (cost=0.00..29.04 rows=861 width=0)
	        Index Cond: ((id >= 1213116) AND (id <= 1214115))

table 7 : explain SELECT c FROM sbtest7 WHERE id BETWEEN 5900877 AND 5901876
	Bitmap Heap Scan on sbtest7  (cost=29.94..3596.38 rows=927 width=121)
	  Recheck Cond: ((id >= 5900877) AND (id <= 5901876))
	  ->  Bitmap Index Scan on sbtest7_pkey  (cost=0.00..29.70 rows=927 width=0)
	        Index Cond: ((id >= 5900877) AND (id <= 5901876))

table 8 : explain SELECT c FROM sbtest8 WHERE id BETWEEN 7930915 AND 7931914
	Bitmap Heap Scan on sbtest8  (cost=34.64..3861.40 rows=996 width=121)
	  Recheck Cond: ((id >= 7930915) AND (id <= 7931914))
	  ->  Bitmap Index Scan on sbtest8_pkey  (cost=0.00..34.40 rows=996 width=0)
	        Index Cond: ((id >= 7930915) AND (id <= 7931914))

for: distinct_ranges
table 1 : explain SELECT DISTINCT c FROM sbtest1 WHERE id BETWEEN 1886880 AND 1887879 ORDER BY c
	Unique  (cost=3856.80..3861.71 rows=981 width=121)
	  ->  Sort  (cost=3856.80..3859.25 rows=981 width=121)
	        Sort Key: c
	        ->  Bitmap Heap Scan on sbtest1  (cost=34.49..3808.05 rows=981 width=121)
	              Recheck Cond: ((id >= 1886880) AND (id <= 1887879))
	              ->  Bitmap Index Scan on sbtest1_pkey  (cost=0.00..34.25 rows=981 width=0)
	                    Index Cond: ((id >= 1886880) AND (id <= 1887879))

table 2 : explain SELECT DISTINCT c FROM sbtest2 WHERE id BETWEEN 7328601 AND 7329600 ORDER BY c
	Unique  (cost=4221.72..4227.11 rows=1078 width=121)
	  ->  Sort  (cost=4221.72..4224.41 rows=1078 width=121)
	        Sort Key: c
	        ->  Bitmap Heap Scan on sbtest2  (cost=35.48..4167.42 rows=1078 width=121)
	              Recheck Cond: ((id >= 7328601) AND (id <= 7329600))
	              ->  Bitmap Index Scan on sbtest2_pkey  (cost=0.00..35.22 rows=1078 width=0)
	                    Index Cond: ((id >= 7328601) AND (id <= 7329600))

table 3 : explain SELECT DISTINCT c FROM sbtest3 WHERE id BETWEEN 4002935 AND 4003934 ORDER BY c
	Unique  (cost=3436.65..3441.02 rows=874 width=121)
	  ->  Sort  (cost=3436.65..3438.83 rows=874 width=121)
	        Sort Key: c
	        ->  Bitmap Heap Scan on sbtest3  (cost=29.39..3393.95 rows=874 width=121)
	              Recheck Cond: ((id >= 4002935) AND (id <= 4003934))
	              ->  Bitmap Index Scan on sbtest3_pkey  (cost=0.00..29.18 rows=874 width=0)
	                    Index Cond: ((id >= 4002935) AND (id <= 4003934))

table 4 : explain SELECT DISTINCT c FROM sbtest4 WHERE id BETWEEN 2397088 AND 2398087 ORDER BY c
	Unique  (cost=4024.26..4029.39 rows=1026 width=121)
	  ->  Sort  (cost=4024.26..4026.83 rows=1026 width=121)
	        Sort Key: c
	        ->  Bitmap Heap Scan on sbtest4  (cost=34.95..3972.95 rows=1026 width=121)
	              Recheck Cond: ((id >= 2397088) AND (id <= 2398087))
	              ->  Bitmap Index Scan on sbtest4_pkey  (cost=0.00..34.70 rows=1026 width=0)
	                    Index Cond: ((id >= 2397088) AND (id <= 2398087))

table 5 : explain SELECT DISTINCT c FROM sbtest5 WHERE id BETWEEN 1102592 AND 1103591 ORDER BY c
	Unique  (cost=4132.73..4138.00 rows=1054 width=121)
	  ->  Sort  (cost=4132.73..4135.37 rows=1054 width=121)
	        Sort Key: c
	        ->  Bitmap Heap Scan on sbtest5  (cost=35.24..4079.81 rows=1054 width=121)
	              Recheck Cond: ((id >= 1102592) AND (id <= 1103591))
	              ->  Bitmap Index Scan on sbtest5_pkey  (cost=0.00..34.98 rows=1054 width=0)
	                    Index Cond: ((id >= 1102592) AND (id <= 1103591))

table 6 : explain SELECT DISTINCT c FROM sbtest6 WHERE id BETWEEN 4174330 AND 4175329 ORDER BY c
	Unique  (cost=3921.08..3926.07 rows=999 width=121)
	  ->  Sort  (cost=3921.08..3923.58 rows=999 width=121)
	        Sort Key: c
	        ->  Bitmap Heap Scan on sbtest6  (cost=34.67..3871.31 rows=999 width=121)
	              Recheck Cond: ((id >= 4174330) AND (id <= 4175329))
	              ->  Bitmap Index Scan on sbtest6_pkey  (cost=0.00..34.43 rows=999 width=0)
	                    Index Cond: ((id >= 4174330) AND (id <= 4175329))

table 7 : explain SELECT DISTINCT c FROM sbtest7 WHERE id BETWEEN 3084914 AND 3085913 ORDER BY c
	Unique  (cost=3780.26..3785.07 rows=962 width=121)
	  ->  Sort  (cost=3780.26..3782.66 rows=962 width=121)
	        Sort Key: c
	        ->  Bitmap Heap Scan on sbtest7  (cost=34.30..3732.59 rows=962 width=121)
	              Recheck Cond: ((id >= 3084914) AND (id <= 3085913))
	              ->  Bitmap Index Scan on sbtest7_pkey  (cost=0.00..34.06 rows=962 width=0)
	                    Index Cond: ((id >= 3084914) AND (id <= 3085913))

table 8 : explain SELECT DISTINCT c FROM sbtest8 WHERE id BETWEEN 3988701 AND 3989700 ORDER BY c
	Unique  (cost=3949.28..3954.31 rows=1006 width=121)
	  ->  Sort  (cost=3949.28..3951.80 rows=1006 width=121)
	        Sort Key: c
	        ->  Bitmap Heap Scan on sbtest8  (cost=34.75..3899.11 rows=1006 width=121)
	              Recheck Cond: ((id >= 3988701) AND (id <= 3989700))
	              ->  Bitmap Index Scan on sbtest8_pkey  (cost=0.00..34.50 rows=1006 width=0)
	                    Index Cond: ((id >= 3988701) AND (id <= 3989700))

for: simple_ranges
table 1 : explain SELECT c FROM sbtest1 WHERE id BETWEEN 2749846 AND 2750845
	Bitmap Heap Scan on sbtest1  (cost=29.83..3561.96 rows=917 width=121)
	  Recheck Cond: ((id >= 2749846) AND (id <= 2750845))
	  ->  Bitmap Index Scan on sbtest1_pkey  (cost=0.00..29.61 rows=917 width=0)
	        Index Cond: ((id >= 2749846) AND (id <= 2750845))

table 2 : explain SELECT c FROM sbtest2 WHERE id BETWEEN 1733549 AND 1734548
	Bitmap Heap Scan on sbtest2  (cost=35.52..4178.69 rows=1081 width=121)
	  Recheck Cond: ((id >= 1733549) AND (id <= 1734548))
	  ->  Bitmap Index Scan on sbtest2_pkey  (cost=0.00..35.25 rows=1081 width=0)
	        Index Cond: ((id >= 1733549) AND (id <= 1734548))

table 3 : explain SELECT c FROM sbtest3 WHERE id BETWEEN 2399225 AND 2400224
	Bitmap Heap Scan on sbtest3  (cost=34.67..3869.86 rows=999 width=121)
	  Recheck Cond: ((id >= 2399225) AND (id <= 2400224))
	  ->  Bitmap Index Scan on sbtest3_pkey  (cost=0.00..34.43 rows=999 width=0)
	        Index Cond: ((id >= 2399225) AND (id <= 2400224))

table 4 : explain SELECT c FROM sbtest4 WHERE id BETWEEN 3097628 AND 3098627
	Bitmap Heap Scan on sbtest4  (cost=34.65..3863.69 rows=997 width=121)
	  Recheck Cond: ((id >= 3097628) AND (id <= 3098627))
	  ->  Bitmap Index Scan on sbtest4_pkey  (cost=0.00..34.41 rows=997 width=0)
	        Index Cond: ((id >= 3097628) AND (id <= 3098627))

table 5 : explain SELECT c FROM sbtest5 WHERE id BETWEEN 1879012 AND 1880011
	Bitmap Heap Scan on sbtest5  (cost=35.34..4117.45 rows=1064 width=121)
	  Recheck Cond: ((id >= 1879012) AND (id <= 1880011))
	  ->  Bitmap Index Scan on sbtest5_pkey  (cost=0.00..35.08 rows=1064 width=0)
	        Index Cond: ((id >= 1879012) AND (id <= 1880011))

table 6 : explain SELECT c FROM sbtest6 WHERE id BETWEEN 1288901 AND 1289900
	Bitmap Heap Scan on sbtest6  (cost=35.45..4157.40 rows=1075 width=121)
	  Recheck Cond: ((id >= 1288901) AND (id <= 1289900))
	  ->  Bitmap Index Scan on sbtest6_pkey  (cost=0.00..35.19 rows=1075 width=0)
	        Index Cond: ((id >= 1288901) AND (id <= 1289900))

table 7 : explain SELECT c FROM sbtest7 WHERE id BETWEEN 1351236 AND 1352235
	Bitmap Heap Scan on sbtest7  (cost=34.64..3860.88 rows=996 width=121)
	  Recheck Cond: ((id >= 1351236) AND (id <= 1352235))
	  ->  Bitmap Index Scan on sbtest7_pkey  (cost=0.00..34.40 rows=996 width=0)
	        Index Cond: ((id >= 1351236) AND (id <= 1352235))

table 8 : explain SELECT c FROM sbtest8 WHERE id BETWEEN 8400164 AND 8401163
	Bitmap Heap Scan on sbtest8  (cost=29.92..3589.29 rows=925 width=121)
	  Recheck Cond: ((id >= 8400164) AND (id <= 8401163))
	  ->  Bitmap Index Scan on sbtest8_pkey  (cost=0.00..29.68 rows=925 width=0)
	        Index Cond: ((id >= 8400164) AND (id <= 8401163))

for: distinct_ranges
table 1 : explain SELECT DISTINCT c FROM sbtest1 WHERE id BETWEEN 551842 AND 552841 ORDER BY c
	Unique  (cost=4247.41..4252.83 rows=1083 width=121)
	  ->  Sort  (cost=4247.41..4250.12 rows=1083 width=121)
	        Sort Key: c
	        ->  Bitmap Heap Scan on sbtest1  (cost=35.54..4192.83 rows=1083 width=121)
	              Recheck Cond: ((id >= 551842) AND (id <= 552841))
	              ->  Bitmap Index Scan on sbtest1_pkey  (cost=0.00..35.27 rows=1083 width=0)
	                    Index Cond: ((id >= 551842) AND (id <= 552841))

table 2 : explain SELECT DISTINCT c FROM sbtest2 WHERE id BETWEEN 6055178 AND 6056177 ORDER BY c
	Unique  (cost=3778.36..3783.17 rows=962 width=121)
	  ->  Sort  (cost=3778.36..3780.77 rows=962 width=121)
	        Sort Key: c
	        ->  Bitmap Heap Scan on sbtest2  (cost=34.30..3730.69 rows=962 width=121)
	              Recheck Cond: ((id >= 6055178) AND (id <= 6056177))
	              ->  Bitmap Index Scan on sbtest2_pkey  (cost=0.00..34.06 rows=962 width=0)
	                    Index Cond: ((id >= 6055178) AND (id <= 6056177))

table 3 : explain SELECT DISTINCT c FROM sbtest3 WHERE id BETWEEN 9826610 AND 9827609 ORDER BY c
	Unique  (cost=3758.91..3763.70 rows=957 width=121)
	  ->  Sort  (cost=3758.91..3761.30 rows=957 width=121)
	        Sort Key: c
	        ->  Bitmap Heap Scan on sbtest3  (cost=34.24..3711.53 rows=957 width=121)
	              Recheck Cond: ((id >= 9826610) AND (id <= 9827609))
	              ->  Bitmap Index Scan on sbtest3_pkey  (cost=0.00..34.01 rows=957 width=0)
	                    Index Cond: ((id >= 9826610) AND (id <= 9827609))

table 4 : explain SELECT DISTINCT c FROM sbtest4 WHERE id BETWEEN 1697873 AND 1698872 ORDER BY c
	Unique  (cost=3721.88..3726.61 rows=947 width=121)
	  ->  Sort  (cost=3721.88..3724.24 rows=947 width=121)
	        Sort Key: c
	        ->  Bitmap Heap Scan on sbtest4  (cost=34.14..3675.06 rows=947 width=121)
	              Recheck Cond: ((id >= 1697873) AND (id <= 1698872))
	              ->  Bitmap Index Scan on sbtest4_pkey  (cost=0.00..33.91 rows=947 width=0)
	                    Index Cond: ((id >= 1697873) AND (id <= 1698872))

table 5 : explain SELECT DISTINCT c FROM sbtest5 WHERE id BETWEEN 6855360 AND 6856359 ORDER BY c
	Unique  (cost=3772.97..3777.77 rows=960 width=121)
	  ->  Sort  (cost=3772.97..3775.37 rows=960 width=121)
	        Sort Key: c
	        ->  Bitmap Heap Scan on sbtest5  (cost=34.28..3725.42 rows=960 width=121)
	              Recheck Cond: ((id >= 6855360) AND (id <= 6856359))
	              ->  Bitmap Index Scan on sbtest5_pkey  (cost=0.00..34.04 rows=960 width=0)
	                    Index Cond: ((id >= 6855360) AND (id <= 6856359))

table 6 : explain SELECT DISTINCT c FROM sbtest6 WHERE id BETWEEN 9580294 AND 9581293 ORDER BY c
	Unique  (cost=3909.60..3914.58 rows=996 width=121)
	  ->  Sort  (cost=3909.60..3912.09 rows=996 width=121)
	        Sort Key: c
	        ->  Bitmap Heap Scan on sbtest6  (cost=34.64..3860.00 rows=996 width=121)
	              Recheck Cond: ((id >= 9580294) AND (id <= 9581293))
	              ->  Bitmap Index Scan on sbtest6_pkey  (cost=0.00..34.40 rows=996 width=0)
	                    Index Cond: ((id >= 9580294) AND (id <= 9581293))

table 7 : explain SELECT DISTINCT c FROM sbtest7 WHERE id BETWEEN 7981305 AND 7982304 ORDER BY c
	Unique  (cost=4235.42..4240.83 rows=1081 width=121)
	  ->  Sort  (cost=4235.42..4238.12 rows=1081 width=121)
	        Sort Key: c
	        ->  Bitmap Heap Scan on sbtest7  (cost=35.52..4180.95 rows=1081 width=121)
	              Recheck Cond: ((id >= 7981305) AND (id <= 7982304))
	              ->  Bitmap Index Scan on sbtest7_pkey  (cost=0.00..35.25 rows=1081 width=0)
	                    Index Cond: ((id >= 7981305) AND (id <= 7982304))

table 8 : explain SELECT DISTINCT c FROM sbtest8 WHERE id BETWEEN 6293728 AND 6294727 ORDER BY c
	Unique  (cost=3815.25..3820.10 rows=971 width=121)
	  ->  Sort  (cost=3815.25..3817.68 rows=971 width=121)
	        Sort Key: c
	        ->  Bitmap Heap Scan on sbtest8  (cost=34.39..3767.07 rows=971 width=121)
	              Recheck Cond: ((id >= 6293728) AND (id <= 6294727))
	              ->  Bitmap Index Scan on sbtest8_pkey  (cost=0.00..34.15 rows=971 width=0)
	                    Index Cond: ((id >= 6293728) AND (id <= 6294727))

for: order_ranges
table 1 : explain SELECT c FROM sbtest1 WHERE id BETWEEN 7156479 AND 7157478 ORDER BY c
	Sort  (cost=4052.26..4054.84 rows=1032 width=121)
	  Sort Key: c
	  ->  Bitmap Heap Scan on sbtest1  (cost=35.01..4000.60 rows=1032 width=121)
	        Recheck Cond: ((id >= 7156479) AND (id <= 7157478))
	        ->  Bitmap Index Scan on sbtest1_pkey  (cost=0.00..34.76 rows=1032 width=0)
	              Index Cond: ((id >= 7156479) AND (id <= 7157478))

table 2 : explain SELECT c FROM sbtest2 WHERE id BETWEEN 497627 AND 498626 ORDER BY c
	Sort  (cost=3598.09..3600.38 rows=916 width=121)
	  Sort Key: c
	  ->  Bitmap Heap Scan on sbtest2  (cost=29.82..3553.03 rows=916 width=121)
	        Recheck Cond: ((id >= 497627) AND (id <= 498626))
	        ->  Bitmap Index Scan on sbtest2_pkey  (cost=0.00..29.59 rows=916 width=0)
	              Index Cond: ((id >= 497627) AND (id <= 498626))

table 3 : explain SELECT c FROM sbtest3 WHERE id BETWEEN 8561301 AND 8562300 ORDER BY c
	Sort  (cost=4083.95..4086.56 rows=1042 width=121)
	  Sort Key: c
	  ->  Bitmap Heap Scan on sbtest3  (cost=35.12..4031.72 rows=1042 width=121)
	        Recheck Cond: ((id >= 8561301) AND (id <= 8562300))
	        ->  Bitmap Index Scan on sbtest3_pkey  (cost=0.00..34.86 rows=1042 width=0)
	              Index Cond: ((id >= 8561301) AND (id <= 8562300))

table 4 : explain SELECT c FROM sbtest4 WHERE id BETWEEN 3266971 AND 3267970 ORDER BY c
	Sort  (cost=4020.44..4023.00 rows=1025 width=121)
	  Sort Key: c
	  ->  Bitmap Heap Scan on sbtest4  (cost=34.94..3969.18 rows=1025 width=121)
	        Recheck Cond: ((id >= 3266971) AND (id <= 3267970))
	        ->  Bitmap Index Scan on sbtest4_pkey  (cost=0.00..34.69 rows=1025 width=0)
	              Index Cond: ((id >= 3266971) AND (id <= 3267970))

table 5 : explain SELECT c FROM sbtest5 WHERE id BETWEEN 3928823 AND 3929822 ORDER BY c
	Sort  (cost=4094.51..4097.12 rows=1044 width=121)
	  Sort Key: c
	  ->  Bitmap Heap Scan on sbtest5  (cost=35.14..4042.17 rows=1044 width=121)
	        Recheck Cond: ((id >= 3928823) AND (id <= 3929822))
	        ->  Bitmap Index Scan on sbtest5_pkey  (cost=0.00..34.88 rows=1044 width=0)
	              Index Cond: ((id >= 3928823) AND (id <= 3929822))

table 6 : explain SELECT c FROM sbtest6 WHERE id BETWEEN 3322685 AND 3323684 ORDER BY c
	Sort  (cost=3675.78..3678.12 rows=936 width=121)
	  Sort Key: c
	  ->  Bitmap Heap Scan on sbtest6  (cost=30.03..3629.59 rows=936 width=121)
	        Recheck Cond: ((id >= 3322685) AND (id <= 3323684))
	        ->  Bitmap Index Scan on sbtest6_pkey  (cost=0.00..29.79 rows=936 width=0)
	              Index Cond: ((id >= 3322685) AND (id <= 3323684))

table 7 : explain SELECT c FROM sbtest7 WHERE id BETWEEN 9726801 AND 9727800 ORDER BY c
	Sort  (cost=3918.13..3920.63 rows=998 width=121)
	  Sort Key: c
	  ->  Bitmap Heap Scan on sbtest7  (cost=34.66..3868.42 rows=998 width=121)
	        Recheck Cond: ((id >= 9726801) AND (id <= 9727800))
	        ->  Bitmap Index Scan on sbtest7_pkey  (cost=0.00..34.42 rows=998 width=0)
	              Index Cond: ((id >= 9726801) AND (id <= 9727800))

table 8 : explain SELECT c FROM sbtest8 WHERE id BETWEEN 3962694 AND 3963693 ORDER BY c
	Sort  (cost=3949.28..3951.80 rows=1006 width=121)
	  Sort Key: c
	  ->  Bitmap Heap Scan on sbtest8  (cost=34.75..3899.11 rows=1006 width=121)
	        Recheck Cond: ((id >= 3962694) AND (id <= 3963693))
	        ->  Bitmap Index Scan on sbtest8_pkey  (cost=0.00..34.50 rows=1006 width=0)
	              Index Cond: ((id >= 3962694) AND (id <= 3963693))

for: order_ranges
table 1 : explain SELECT c FROM sbtest1 WHERE id BETWEEN 49396 AND 50395 ORDER BY c
	Sort  (cost=3780.07..3782.47 rows=961 width=121)
	  Sort Key: c
	  ->  Bitmap Heap Scan on sbtest1  (cost=34.29..3732.46 rows=961 width=121)
	        Recheck Cond: ((id >= 49396) AND (id <= 50395))
	        ->  Bitmap Index Scan on sbtest1_pkey  (cost=0.00..34.05 rows=961 width=0)
	              Index Cond: ((id >= 49396) AND (id <= 50395))

table 2 : explain SELECT c FROM sbtest2 WHERE id BETWEEN 6397866 AND 6398865 ORDER BY c
	Sort  (cost=3797.50..3799.92 rows=967 width=121)
	  Sort Key: c
	  ->  Bitmap Heap Scan on sbtest2  (cost=34.35..3749.55 rows=967 width=121)
	        Recheck Cond: ((id >= 6397866) AND (id <= 6398865))
	        ->  Bitmap Index Scan on sbtest2_pkey  (cost=0.00..34.11 rows=967 width=0)
	              Index Cond: ((id >= 6397866) AND (id <= 6398865))

table 3 : explain SELECT c FROM sbtest3 WHERE id BETWEEN 4075453 AND 4076452 ORDER BY c
	Sort  (cost=3436.65..3438.83 rows=874 width=121)
	  Sort Key: c
	  ->  Bitmap Heap Scan on sbtest3  (cost=29.39..3393.95 rows=874 width=121)
	        Recheck Cond: ((id >= 4075453) AND (id <= 4076452))
	        ->  Bitmap Index Scan on sbtest3_pkey  (cost=0.00..29.18 rows=874 width=0)
	              Index Cond: ((id >= 4075453) AND (id <= 4076452))

table 4 : explain SELECT c FROM sbtest4 WHERE id BETWEEN 5807728 AND 5808727 ORDER BY c
	Sort  (cost=3901.87..3904.35 rows=994 width=121)
	  Sort Key: c
	  ->  Bitmap Heap Scan on sbtest4  (cost=34.62..3852.38 rows=994 width=121)
	        Recheck Cond: ((id >= 5807728) AND (id <= 5808727))
	        ->  Bitmap Index Scan on sbtest4_pkey  (cost=0.00..34.38 rows=994 width=0)
	              Index Cond: ((id >= 5807728) AND (id <= 5808727))

table 5 : explain SELECT c FROM sbtest5 WHERE id BETWEEN 9567556 AND 9568555 ORDER BY c
	Sort  (cost=4090.69..4093.30 rows=1043 width=121)
	  Sort Key: c
	  ->  Bitmap Heap Scan on sbtest5  (cost=35.13..4038.40 rows=1043 width=121)
	        Recheck Cond: ((id >= 9567556) AND (id <= 9568555))
	        ->  Bitmap Index Scan on sbtest5_pkey  (cost=0.00..34.87 rows=1043 width=0)
	              Index Cond: ((id >= 9567556) AND (id <= 9568555))

table 6 : explain SELECT c FROM sbtest6 WHERE id BETWEEN 6235714 AND 6236713 ORDER BY c
	Sort  (cost=4054.92..4057.51 rows=1034 width=121)
	  Sort Key: c
	  ->  Bitmap Heap Scan on sbtest6  (cost=35.03..4003.15 rows=1034 width=121)
	        Recheck Cond: ((id >= 6235714) AND (id <= 6236713))
	        ->  Bitmap Index Scan on sbtest6_pkey  (cost=0.00..34.78 rows=1034 width=0)
	              Index Cond: ((id >= 6235714) AND (id <= 6236713))

table 7 : explain SELECT c FROM sbtest7 WHERE id BETWEEN 5610930 AND 5611929 ORDER BY c
	Sort  (cost=3818.57..3821.00 rows=972 width=121)
	  Sort Key: c
	  ->  Bitmap Heap Scan on sbtest7  (cost=34.40..3770.34 rows=972 width=121)
	        Recheck Cond: ((id >= 5610930) AND (id <= 5611929))
	        ->  Bitmap Index Scan on sbtest7_pkey  (cost=0.00..34.16 rows=972 width=0)
	              Index Cond: ((id >= 5610930) AND (id <= 5611929))

table 8 : explain SELECT c FROM sbtest8 WHERE id BETWEEN 5215353 AND 5216352 ORDER BY c
	Sort  (cost=3446.67..3448.86 rows=876 width=121)
	  Sort Key: c
	  ->  Bitmap Heap Scan on sbtest8  (cost=29.41..3403.86 rows=876 width=121)
	        Recheck Cond: ((id >= 5215353) AND (id <= 5216352))
	        ->  Bitmap Index Scan on sbtest8_pkey  (cost=0.00..29.19 rows=876 width=0)
	              Index Cond: ((id >= 5215353) AND (id <= 5216352))

for point_selects
table 1 : explain SELECT c FROM sbtest1 WHERE id=1010164
	Index Scan using sbtest1_pkey on sbtest1  (cost=0.43..8.45 rows=1 width=121)
	  Index Cond: (id = 1010164)

table 2 : explain SELECT c FROM sbtest2 WHERE id=5097642
	Index Scan using sbtest2_pkey on sbtest2  (cost=0.43..8.45 rows=1 width=121)
	  Index Cond: (id = 5097642)

table 3 : explain SELECT c FROM sbtest3 WHERE id=6071870
	Index Scan using sbtest3_pkey on sbtest3  (cost=0.43..8.45 rows=1 width=121)
	  Index Cond: (id = 6071870)

table 4 : explain SELECT c FROM sbtest4 WHERE id=7543586
	Index Scan using sbtest4_pkey on sbtest4  (cost=0.43..8.45 rows=1 width=121)
	  Index Cond: (id = 7543586)

table 5 : explain SELECT c FROM sbtest5 WHERE id=8984143
	Index Scan using sbtest5_pkey on sbtest5  (cost=0.43..8.45 rows=1 width=121)
	  Index Cond: (id = 8984143)

table 6 : explain SELECT c FROM sbtest6 WHERE id=7720209
	Index Scan using sbtest6_pkey on sbtest6  (cost=0.43..8.45 rows=1 width=121)
	  Index Cond: (id = 7720209)

table 7 : explain SELECT c FROM sbtest7 WHERE id=4776881
	Index Scan using sbtest7_pkey on sbtest7  (cost=0.43..8.45 rows=1 width=121)
	  Index Cond: (id = 4776881)

table 8 : explain SELECT c FROM sbtest8 WHERE id=1353743
	Index Scan using sbtest8_pkey on sbtest8  (cost=0.43..8.45 rows=1 width=121)
	  Index Cond: (id = 1353743)

for: sum_ranges
table 1 : explain SELECT SUM(k) FROM sbtest1 WHERE id BETWEEN 2583252 AND 2584251
	Aggregate  (cost=3678.09..3678.10 rows=1 width=8)
	  ->  Bitmap Heap Scan on sbtest1  (cost=34.13..3675.73 rows=946 width=4)
	        Recheck Cond: ((id >= 2583252) AND (id <= 2584251))
	        ->  Bitmap Index Scan on sbtest1_pkey  (cost=0.00..33.90 rows=946 width=0)
	              Index Cond: ((id >= 2583252) AND (id <= 2584251))

table 2 : explain SELECT SUM(k) FROM sbtest2 WHERE id BETWEEN 349220 AND 350219
	Aggregate  (cost=3883.99..3884.00 rows=1 width=8)
	  ->  Bitmap Heap Scan on sbtest2  (cost=34.71..3881.48 rows=1002 width=4)
	        Recheck Cond: ((id >= 349220) AND (id <= 350219))
	        ->  Bitmap Index Scan on sbtest2_pkey  (cost=0.00..34.45 rows=1002 width=0)
	              Index Cond: ((id >= 349220) AND (id <= 350219))

table 3 : explain SELECT SUM(k) FROM sbtest3 WHERE id BETWEEN 2250363 AND 2251362
	Aggregate  (cost=3683.72..3683.73 rows=1 width=8)
	  ->  Bitmap Heap Scan on sbtest3  (cost=34.16..3681.34 rows=949 width=4)
	        Recheck Cond: ((id >= 2250363) AND (id <= 2251362))
	        ->  Bitmap Index Scan on sbtest3_pkey  (cost=0.00..33.93 rows=949 width=0)
	              Index Cond: ((id >= 2250363) AND (id <= 2251362))

table 4 : explain SELECT SUM(k) FROM sbtest4 WHERE id BETWEEN 8515790 AND 8516789
	Aggregate  (cost=3745.42..3745.43 rows=1 width=8)
	  ->  Bitmap Heap Scan on sbtest4  (cost=34.33..3743.01 rows=965 width=4)
	        Recheck Cond: ((id >= 8515790) AND (id <= 8516789))
	        ->  Bitmap Index Scan on sbtest4_pkey  (cost=0.00..34.09 rows=965 width=0)
	              Index Cond: ((id >= 8515790) AND (id <= 8516789))

table 5 : explain SELECT SUM(k) FROM sbtest5 WHERE id BETWEEN 9460502 AND 9461501
	Aggregate  (cost=3500.65..3500.66 rows=1 width=8)
	  ->  Bitmap Heap Scan on sbtest5  (cost=29.67..3498.40 rows=901 width=4)
	        Recheck Cond: ((id >= 9460502) AND (id <= 9461501))
	        ->  Bitmap Index Scan on sbtest5_pkey  (cost=0.00..29.44 rows=901 width=0)
	              Index Cond: ((id >= 9460502) AND (id <= 9461501))

table 6 : explain SELECT SUM(k) FROM sbtest6 WHERE id BETWEEN 6224180 AND 6225179
	Aggregate  (cost=4005.74..4005.75 rows=1 width=8)
	  ->  Bitmap Heap Scan on sbtest6  (cost=35.03..4003.15 rows=1034 width=4)
	        Recheck Cond: ((id >= 6224180) AND (id <= 6225179))
	        ->  Bitmap Index Scan on sbtest6_pkey  (cost=0.00..34.78 rows=1034 width=0)
	              Index Cond: ((id >= 6224180) AND (id <= 6225179))

table 7 : explain SELECT SUM(k) FROM sbtest7 WHERE id BETWEEN 4350517 AND 4351516
	Aggregate  (cost=3957.66..3957.67 rows=1 width=8)
	  ->  Bitmap Heap Scan on sbtest7  (cost=34.90..3955.11 rows=1021 width=4)
	        Recheck Cond: ((id >= 4350517) AND (id <= 4351516))
	        ->  Bitmap Index Scan on sbtest7_pkey  (cost=0.00..34.65 rows=1021 width=0)
	              Index Cond: ((id >= 4350517) AND (id <= 4351516))

table 8 : explain SELECT SUM(k) FROM sbtest8 WHERE id BETWEEN 3551389 AND 3552388
	Aggregate  (cost=3716.60..3716.61 rows=1 width=8)
	  ->  Bitmap Heap Scan on sbtest8  (cost=34.24..3714.21 rows=957 width=4)
	        Recheck Cond: ((id >= 3551389) AND (id <= 3552388))
	        ->  Bitmap Index Scan on sbtest8_pkey  (cost=0.00..34.01 rows=957 width=0)
	              Index Cond: ((id >= 3551389) AND (id <= 3552388))

for: distinct_ranges
table 1 : explain SELECT DISTINCT c FROM sbtest1 WHERE id BETWEEN 1345945 AND 1346944 ORDER BY c
	Unique  (cost=3833.79..3838.66 rows=975 width=121)
	  ->  Sort  (cost=3833.79..3836.22 rows=975 width=121)
	        Sort Key: c
	        ->  Bitmap Heap Scan on sbtest1  (cost=34.43..3785.38 rows=975 width=121)
	              Recheck Cond: ((id >= 1345945) AND (id <= 1346944))
	              ->  Bitmap Index Scan on sbtest1_pkey  (cost=0.00..34.19 rows=975 width=0)
	                    Index Cond: ((id >= 1345945) AND (id <= 1346944))

table 2 : explain SELECT DISTINCT c FROM sbtest2 WHERE id BETWEEN 2223149 AND 2224148 ORDER BY c
	Unique  (cost=4404.98..4410.61 rows=1126 width=121)
	  ->  Sort  (cost=4404.98..4407.80 rows=1126 width=121)
	        Sort Key: c
	        ->  Bitmap Heap Scan on sbtest2  (cost=39.98..4347.91 rows=1126 width=121)
	              Recheck Cond: ((id >= 2223149) AND (id <= 2224148))
	              ->  Bitmap Index Scan on sbtest2_pkey  (cost=0.00..39.70 rows=1126 width=0)
	                    Index Cond: ((id >= 2223149) AND (id <= 2224148))

table 3 : explain SELECT DISTINCT c FROM sbtest3 WHERE id BETWEEN 6421943 AND 6422942 ORDER BY c
	Unique  (cost=4358.69..4364.26 rows=1115 width=121)
	  ->  Sort  (cost=4358.69..4361.48 rows=1115 width=121)
	        Sort Key: c
	        ->  Bitmap Heap Scan on sbtest3  (cost=35.86..4302.25 rows=1115 width=121)
	              Recheck Cond: ((id >= 6421943) AND (id <= 6422942))
	              ->  Bitmap Index Scan on sbtest3_pkey  (cost=0.00..35.59 rows=1115 width=0)
	                    Index Cond: ((id >= 6421943) AND (id <= 6422942))

table 4 : explain SELECT DISTINCT c FROM sbtest4 WHERE id BETWEEN 8859868 AND 8860867 ORDER BY c
	Unique  (cost=3714.21..3718.94 rows=945 width=121)
	  ->  Sort  (cost=3714.21..3716.57 rows=945 width=121)
	        Sort Key: c
	        ->  Bitmap Heap Scan on sbtest4  (cost=34.12..3667.51 rows=945 width=121)
	              Recheck Cond: ((id >= 8859868) AND (id <= 8860867))
	              ->  Bitmap Index Scan on sbtest4_pkey  (cost=0.00..33.89 rows=945 width=0)
	                    Index Cond: ((id >= 8859868) AND (id <= 8860867))

table 5 : explain SELECT DISTINCT c FROM sbtest5 WHERE id BETWEEN 9522418 AND 9523417 ORDER BY c
	Unique  (cost=4090.69..4095.90 rows=1043 width=121)
	  ->  Sort  (cost=4090.69..4093.30 rows=1043 width=121)
	        Sort Key: c
	        ->  Bitmap Heap Scan on sbtest5  (cost=35.13..4038.40 rows=1043 width=121)
	              Recheck Cond: ((id >= 9522418) AND (id <= 9523417))
	              ->  Bitmap Index Scan on sbtest5_pkey  (cost=0.00..34.87 rows=1043 width=0)
	                    Index Cond: ((id >= 9522418) AND (id <= 9523417))

table 6 : explain SELECT DISTINCT c FROM sbtest6 WHERE id BETWEEN 2989039 AND 2990038 ORDER BY c
	Unique  (cost=3947.86..3952.89 rows=1006 width=121)
	  ->  Sort  (cost=3947.86..3950.37 rows=1006 width=121)
	        Sort Key: c
	        ->  Bitmap Heap Scan on sbtest6  (cost=34.75..3897.69 rows=1006 width=121)
	              Recheck Cond: ((id >= 2989039) AND (id <= 2990038))
	              ->  Bitmap Index Scan on sbtest6_pkey  (cost=0.00..34.50 rows=1006 width=0)
	                    Index Cond: ((id >= 2989039) AND (id <= 2990038))

table 7 : explain SELECT DISTINCT c FROM sbtest7 WHERE id BETWEEN 8534509 AND 8535508 ORDER BY c
	Unique  (cost=3703.59..3708.30 rows=942 width=121)
	  ->  Sort  (cost=3703.59..3705.95 rows=942 width=121)
	        Sort Key: c
	        ->  Bitmap Heap Scan on sbtest7  (cost=34.09..3657.06 rows=942 width=121)
	              Recheck Cond: ((id >= 8534509) AND (id <= 8535508))
	              ->  Bitmap Index Scan on sbtest7_pkey  (cost=0.00..33.86 rows=942 width=0)
	                    Index Cond: ((id >= 8534509) AND (id <= 8535508))

table 8 : explain SELECT DISTINCT c FROM sbtest8 WHERE id BETWEEN 8081911 AND 8082910 ORDER BY c
	Unique  (cost=4243.65..4249.07 rows=1083 width=121)
	  ->  Sort  (cost=4243.65..4246.36 rows=1083 width=121)
	        Sort Key: c
	        ->  Bitmap Heap Scan on sbtest8  (cost=35.54..4189.07 rows=1083 width=121)
	              Recheck Cond: ((id >= 8081911) AND (id <= 8082910))
	              ->  Bitmap Index Scan on sbtest8_pkey  (cost=0.00..35.27 rows=1083 width=0)
	                    Index Cond: ((id >= 8081911) AND (id <= 8082910))

explain: for point_selects :: explain SELECT c FROM sbtest%u WHERE id=%u
for point_selects
table 1 : explain SELECT c FROM sbtest1 WHERE id=5008027
	Index Scan using sbtest1_pkey on sbtest1  (cost=0.43..8.45 rows=1 width=121)
	  Index Cond: (id = 5008027)

table 2 : explain SELECT c FROM sbtest2 WHERE id=7780156
	Index Scan using sbtest2_pkey on sbtest2  (cost=0.43..8.45 rows=1 width=121)
	  Index Cond: (id = 7780156)

table 3 : explain SELECT c FROM sbtest3 WHERE id=941465
	Index Scan using sbtest3_pkey on sbtest3  (cost=0.43..8.45 rows=1 width=121)
	  Index Cond: (id = 941465)

table 4 : explain SELECT c FROM sbtest4 WHERE id=3745743
	Index Scan using sbtest4_pkey on sbtest4  (cost=0.43..8.45 rows=1 width=121)
	  Index Cond: (id = 3745743)

table 5 : explain SELECT c FROM sbtest5 WHERE id=5183028
	Index Scan using sbtest5_pkey on sbtest5  (cost=0.43..8.45 rows=1 width=121)
	  Index Cond: (id = 5183028)

table 6 : explain SELECT c FROM sbtest6 WHERE id=6915748
	Index Scan using sbtest6_pkey on sbtest6  (cost=0.43..8.45 rows=1 width=121)
	  Index Cond: (id = 6915748)

table 7 : explain SELECT c FROM sbtest7 WHERE id=1500446
	Index Scan using sbtest7_pkey on sbtest7  (cost=0.43..8.45 rows=1 width=121)
	  Index Cond: (id = 1500446)

table 8 : explain SELECT c FROM sbtest8 WHERE id=688861
	Index Scan using sbtest8_pkey on sbtest8  (cost=0.43..8.45 rows=1 width=121)
	  Index Cond: (id = 688861)

for: sum_ranges
table 1 : explain SELECT SUM(k) FROM sbtest1 WHERE id BETWEEN 2254581 AND 2255580
	Aggregate  (cost=3757.56..3757.57 rows=1 width=8)
	  ->  Bitmap Heap Scan on sbtest1  (cost=34.35..3755.14 rows=967 width=4)
	        Recheck Cond: ((id >= 2254581) AND (id <= 2255580))
	        ->  Bitmap Index Scan on sbtest1_pkey  (cost=0.00..34.11 rows=967 width=0)
	              Index Cond: ((id >= 2254581) AND (id <= 2255580))

table 2 : explain SELECT SUM(k) FROM sbtest2 WHERE id BETWEEN 2926475 AND 2927474
	Aggregate  (cost=3702.90..3702.91 rows=1 width=8)
	  ->  Bitmap Heap Scan on sbtest2  (cost=34.21..3700.51 rows=954 width=4)
	        Recheck Cond: ((id >= 2926475) AND (id <= 2927474))
	        ->  Bitmap Index Scan on sbtest2_pkey  (cost=0.00..33.98 rows=954 width=0)
	              Index Cond: ((id >= 2926475) AND (id <= 2927474))

table 3 : explain SELECT SUM(k) FROM sbtest3 WHERE id BETWEEN 8380926 AND 8381925
	Aggregate  (cost=4117.11..4117.12 rows=1 width=8)
	  ->  Bitmap Heap Scan on sbtest3  (cost=35.34..4114.45 rows=1064 width=4)
	        Recheck Cond: ((id >= 8380926) AND (id <= 8381925))
	        ->  Bitmap Index Scan on sbtest3_pkey  (cost=0.00..35.08 rows=1064 width=0)
	              Index Cond: ((id >= 8380926) AND (id <= 8381925))

table 4 : explain SELECT SUM(k) FROM sbtest4 WHERE id BETWEEN 1246056 AND 1247055
	Aggregate  (cost=4035.79..4035.80 rows=1 width=8)
	  ->  Bitmap Heap Scan on sbtest4  (cost=35.12..4033.18 rows=1042 width=4)
	        Recheck Cond: ((id >= 1246056) AND (id <= 1247055))
	        ->  Bitmap Index Scan on sbtest4_pkey  (cost=0.00..34.86 rows=1042 width=0)
	              Index Cond: ((id >= 1246056) AND (id <= 1247055))

table 5 : explain SELECT SUM(k) FROM sbtest5 WHERE id BETWEEN 573051 AND 574050
	Aggregate  (cost=3984.47..3984.48 rows=1 width=8)
	  ->  Bitmap Heap Scan on sbtest5  (cost=34.97..3981.90 rows=1028 width=4)
	        Recheck Cond: ((id >= 573051) AND (id <= 574050))
	        ->  Bitmap Index Scan on sbtest5_pkey  (cost=0.00..34.72 rows=1028 width=0)
	              Index Cond: ((id >= 573051) AND (id <= 574050))

table 6 : explain SELECT SUM(k) FROM sbtest6 WHERE id BETWEEN 1211452 AND 1212451
	Aggregate  (cost=3348.06..3348.07 rows=1 width=8)
	  ->  Bitmap Heap Scan on sbtest6  (cost=29.26..3345.91 rows=861 width=4)
	        Recheck Cond: ((id >= 1211452) AND (id <= 1212451))
	        ->  Bitmap Index Scan on sbtest6_pkey  (cost=0.00..29.04 rows=861 width=0)
	              Index Cond: ((id >= 1211452) AND (id <= 1212451))

table 7 : explain SELECT SUM(k) FROM sbtest7 WHERE id BETWEEN 6303741 AND 6304740
	Aggregate  (cost=3897.32..3897.33 rows=1 width=8)
	  ->  Bitmap Heap Scan on sbtest7  (cost=34.74..3894.81 rows=1005 width=4)
	        Recheck Cond: ((id >= 6303741) AND (id <= 6304740))
	        ->  Bitmap Index Scan on sbtest7_pkey  (cost=0.00..34.48 rows=1005 width=0)
	              Index Cond: ((id >= 6303741) AND (id <= 6304740))

table 8 : explain SELECT SUM(k) FROM sbtest8 WHERE id BETWEEN 4782450 AND 4783449
	Aggregate  (cost=3602.95..3602.96 rows=1 width=8)
	  ->  Bitmap Heap Scan on sbtest8  (cost=29.95..3600.63 rows=928 width=4)
	        Recheck Cond: ((id >= 4782450) AND (id <= 4783449))
	        ->  Bitmap Index Scan on sbtest8_pkey  (cost=0.00..29.71 rows=928 width=0)
	              Index Cond: ((id >= 4782450) AND (id <= 4783449))

for: sum_ranges
table 1 : explain SELECT SUM(k) FROM sbtest1 WHERE id BETWEEN 9374248 AND 9375247
	Aggregate  (cost=4037.15..4037.16 rows=1 width=8)
	  ->  Bitmap Heap Scan on sbtest1  (cost=35.11..4034.55 rows=1041 width=4)
	        Recheck Cond: ((id >= 9374248) AND (id <= 9375247))
	        ->  Bitmap Index Scan on sbtest1_pkey  (cost=0.00..34.84 rows=1041 width=0)
	              Index Cond: ((id >= 9374248) AND (id <= 9375247))

table 2 : explain SELECT SUM(k) FROM sbtest2 WHERE id BETWEEN 7897732 AND 7898731
	Aggregate  (cost=3585.56..3585.57 rows=1 width=8)
	  ->  Bitmap Heap Scan on sbtest2  (cost=29.91..3583.25 rows=924 width=4)
	        Recheck Cond: ((id >= 7897732) AND (id <= 7898731))
	        ->  Bitmap Index Scan on sbtest2_pkey  (cost=0.00..29.68 rows=924 width=0)
	              Index Cond: ((id >= 7897732) AND (id <= 7898731))

table 3 : explain SELECT SUM(k) FROM sbtest3 WHERE id BETWEEN 5551639 AND 5552638
	Aggregate  (cost=4275.00..4275.01 rows=1 width=8)
	  ->  Bitmap Heap Scan on sbtest3  (cost=35.78..4272.23 rows=1107 width=4)
	        Recheck Cond: ((id >= 5551639) AND (id <= 5552638))
	        ->  Bitmap Index Scan on sbtest3_pkey  (cost=0.00..35.51 rows=1107 width=0)
	              Index Cond: ((id >= 5551639) AND (id <= 5552638))

table 4 : explain SELECT SUM(k) FROM sbtest4 WHERE id BETWEEN 8637238 AND 8638237
	Aggregate  (cost=4269.05..4269.06 rows=1 width=8)
	  ->  Bitmap Heap Scan on sbtest4  (cost=35.75..4266.29 rows=1104 width=4)
	        Recheck Cond: ((id >= 8637238) AND (id <= 8638237))
	        ->  Bitmap Index Scan on sbtest4_pkey  (cost=0.00..35.48 rows=1104 width=0)
	              Index Cond: ((id >= 8637238) AND (id <= 8638237))

table 5 : explain SELECT SUM(k) FROM sbtest5 WHERE id BETWEEN 7370127 AND 7371126
	Aggregate  (cost=3565.00..3565.01 rows=1 width=8)
	  ->  Bitmap Heap Scan on sbtest5  (cost=29.84..3562.71 rows=918 width=4)
	        Recheck Cond: ((id >= 7370127) AND (id <= 7371126))
	        ->  Bitmap Index Scan on sbtest5_pkey  (cost=0.00..29.61 rows=918 width=0)
	              Index Cond: ((id >= 7370127) AND (id <= 7371126))

table 6 : explain SELECT SUM(k) FROM sbtest6 WHERE id BETWEEN 7476049 AND 7477048
	Aggregate  (cost=3533.61..3533.62 rows=1 width=8)
	  ->  Bitmap Heap Scan on sbtest6  (cost=29.76..3531.33 rows=910 width=4)
	        Recheck Cond: ((id >= 7476049) AND (id <= 7477048))
	        ->  Bitmap Index Scan on sbtest6_pkey  (cost=0.00..29.54 rows=910 width=0)
	              Index Cond: ((id >= 7476049) AND (id <= 7477048))

table 7 : explain SELECT SUM(k) FROM sbtest7 WHERE id BETWEEN 6302064 AND 6303063
	Aggregate  (cost=3897.32..3897.33 rows=1 width=8)
	  ->  Bitmap Heap Scan on sbtest7  (cost=34.74..3894.81 rows=1005 width=4)
	        Recheck Cond: ((id >= 6302064) AND (id <= 6303063))
	        ->  Bitmap Index Scan on sbtest7_pkey  (cost=0.00..34.48 rows=1005 width=0)
	              Index Cond: ((id >= 6302064) AND (id <= 6303063))

table 8 : explain SELECT SUM(k) FROM sbtest8 WHERE id BETWEEN 1666450 AND 1667449
	Aggregate  (cost=3709.04..3709.05 rows=1 width=8)
	  ->  Bitmap Heap Scan on sbtest8  (cost=34.22..3706.65 rows=955 width=4)
	        Recheck Cond: ((id >= 1666450) AND (id <= 1667449))
	        ->  Bitmap Index Scan on sbtest8_pkey  (cost=0.00..33.98 rows=955 width=0)
	              Index Cond: ((id >= 1666450) AND (id <= 1667449))

for: simple_ranges
table 1 : explain SELECT c FROM sbtest1 WHERE id BETWEEN 3598826 AND 3599825
	Bitmap Heap Scan on sbtest1  (cost=34.36..3758.92 rows=968 width=121)
	  Recheck Cond: ((id >= 3598826) AND (id <= 3599825))
	  ->  Bitmap Index Scan on sbtest1_pkey  (cost=0.00..34.12 rows=968 width=0)
	        Index Cond: ((id >= 3598826) AND (id <= 3599825))

table 2 : explain SELECT c FROM sbtest2 WHERE id BETWEEN 1712385 AND 1713384
	Bitmap Heap Scan on sbtest2  (cost=35.52..4178.69 rows=1081 width=121)
	  Recheck Cond: ((id >= 1712385) AND (id <= 1713384))
	  ->  Bitmap Index Scan on sbtest2_pkey  (cost=0.00..35.25 rows=1081 width=0)
	        Index Cond: ((id >= 1712385) AND (id <= 1713384))

table 3 : explain SELECT c FROM sbtest3 WHERE id BETWEEN 495601 AND 496600
	Bitmap Heap Scan on sbtest3  (cost=34.42..3775.64 rows=974 width=121)
	  Recheck Cond: ((id >= 495601) AND (id <= 496600))
	  ->  Bitmap Index Scan on sbtest3_pkey  (cost=0.00..34.18 rows=974 width=0)
	        Index Cond: ((id >= 495601) AND (id <= 496600))

table 4 : explain SELECT c FROM sbtest4 WHERE id BETWEEN 410049 AND 411048
	Bitmap Heap Scan on sbtest4  (cost=34.17..3686.39 rows=950 width=121)
	  Recheck Cond: ((id >= 410049) AND (id <= 411048))
	  ->  Bitmap Index Scan on sbtest4_pkey  (cost=0.00..33.94 rows=950 width=0)
	        Index Cond: ((id >= 410049) AND (id <= 411048))

table 5 : explain SELECT c FROM sbtest5 WHERE id BETWEEN 8275790 AND 8276789
	Bitmap Heap Scan on sbtest5  (cost=29.96..3604.30 rows=929 width=121)
	  Recheck Cond: ((id >= 8275790) AND (id <= 8276789))
	  ->  Bitmap Index Scan on sbtest5_pkey  (cost=0.00..29.72 rows=929 width=0)
	        Index Cond: ((id >= 8275790) AND (id <= 8276789))

table 6 : explain SELECT c FROM sbtest6 WHERE id BETWEEN 1552451 AND 1553450
	Bitmap Heap Scan on sbtest6  (cost=34.87..3942.90 rows=1018 width=121)
	  Recheck Cond: ((id >= 1552451) AND (id <= 1553450))
	  ->  Bitmap Index Scan on sbtest6_pkey  (cost=0.00..34.62 rows=1018 width=0)
	        Index Cond: ((id >= 1552451) AND (id <= 1553450))

table 7 : explain SELECT c FROM sbtest7 WHERE id BETWEEN 3403557 AND 3404556
	Bitmap Heap Scan on sbtest7  (cost=34.64..3860.88 rows=996 width=121)
	  Recheck Cond: ((id >= 3403557) AND (id <= 3404556))
	  ->  Bitmap Index Scan on sbtest7_pkey  (cost=0.00..34.40 rows=996 width=0)
	        Index Cond: ((id >= 3403557) AND (id <= 3404556))

table 8 : explain SELECT c FROM sbtest8 WHERE id BETWEEN 8362586 AND 8363585
	Bitmap Heap Scan on sbtest8  (cost=34.42..3778.39 rows=974 width=121)
	  Recheck Cond: ((id >= 8362586) AND (id <= 8363585))
	  ->  Bitmap Index Scan on sbtest8_pkey  (cost=0.00..34.18 rows=974 width=0)
	        Index Cond: ((id >= 8362586) AND (id <= 8363585))

for: order_ranges
table 1 : explain SELECT c FROM sbtest1 WHERE id BETWEEN 1201778 AND 1202777 ORDER BY c
	Sort  (cost=3407.07..3409.23 rows=865 width=121)
	  Sort Key: c
	  ->  Bitmap Heap Scan on sbtest1  (cost=29.30..3364.87 rows=865 width=121)
	        Recheck Cond: ((id >= 1201778) AND (id <= 1202777))
	        ->  Bitmap Index Scan on sbtest1_pkey  (cost=0.00..29.08 rows=865 width=0)
	              Index Cond: ((id >= 1201778) AND (id <= 1202777))

table 2 : explain SELECT c FROM sbtest2 WHERE id BETWEEN 7080307 AND 7081306 ORDER BY c
	Sort  (cost=3969.66..3972.19 rows=1012 width=121)
	  Sort Key: c
	  ->  Bitmap Heap Scan on sbtest2  (cost=34.81..3919.15 rows=1012 width=121)
	        Recheck Cond: ((id >= 7080307) AND (id <= 7081306))
	        ->  Bitmap Index Scan on sbtest2_pkey  (cost=0.00..34.56 rows=1012 width=0)
	              Index Cond: ((id >= 7080307) AND (id <= 7081306))

table 3 : explain SELECT c FROM sbtest3 WHERE id BETWEEN 7732779 AND 7733778 ORDER BY c
	Sort  (cost=3854.60..3857.06 rows=982 width=121)
	  Sort Key: c
	  ->  Bitmap Heap Scan on sbtest3  (cost=34.50..3805.80 rows=982 width=121)
	        Recheck Cond: ((id >= 7732779) AND (id <= 7733778))
	        ->  Bitmap Index Scan on sbtest3_pkey  (cost=0.00..34.26 rows=982 width=0)
	              Index Cond: ((id >= 7732779) AND (id <= 7733778))

table 4 : explain SELECT c FROM sbtest4 WHERE id BETWEEN 5805659 AND 5806658 ORDER BY c
	Sort  (cost=3901.87..3904.35 rows=994 width=121)
	  Sort Key: c
	  ->  Bitmap Heap Scan on sbtest4  (cost=34.62..3852.38 rows=994 width=121)
	        Recheck Cond: ((id >= 5805659) AND (id <= 5806658))
	        ->  Bitmap Index Scan on sbtest4_pkey  (cost=0.00..34.38 rows=994 width=0)
	              Index Cond: ((id >= 5805659) AND (id <= 5806658))

table 5 : explain SELECT c FROM sbtest5 WHERE id BETWEEN 5283736 AND 5284735 ORDER BY c
	Sort  (cost=3876.42..3878.89 rows=987 width=121)
	  Sort Key: c
	  ->  Bitmap Heap Scan on sbtest5  (cost=34.55..3827.33 rows=987 width=121)
	        Recheck Cond: ((id >= 5283736) AND (id <= 5284735))
	        ->  Bitmap Index Scan on sbtest5_pkey  (cost=0.00..34.31 rows=987 width=0)
	              Index Cond: ((id >= 5283736) AND (id <= 5284735))

table 6 : explain SELECT c FROM sbtest6 WHERE id BETWEEN 2727719 AND 2728718 ORDER BY c
	Sort  (cost=3721.95..3724.32 rows=947 width=121)
	  Sort Key: c
	  ->  Bitmap Heap Scan on sbtest6  (cost=34.14..3675.13 rows=947 width=121)
	        Recheck Cond: ((id >= 2727719) AND (id <= 2728718))
	        ->  Bitmap Index Scan on sbtest6_pkey  (cost=0.00..33.91 rows=947 width=0)
	              Index Cond: ((id >= 2727719) AND (id <= 2728718))

table 7 : explain SELECT c FROM sbtest7 WHERE id BETWEEN 4223244 AND 4224243 ORDER BY c
	Sort  (cost=3715.10..3717.46 rows=945 width=121)
	  Sort Key: c
	  ->  Bitmap Heap Scan on sbtest7  (cost=34.12..3668.39 rows=945 width=121)
	        Recheck Cond: ((id >= 4223244) AND (id <= 4224243))
	        ->  Bitmap Index Scan on sbtest7_pkey  (cost=0.00..33.89 rows=945 width=0)
	              Index Cond: ((id >= 4223244) AND (id <= 4224243))

table 8 : explain SELECT c FROM sbtest8 WHERE id BETWEEN 4577045 AND 4578044 ORDER BY c
	Sort  (cost=3872.71..3875.18 rows=986 width=121)
	  Sort Key: c
	  ->  Bitmap Heap Scan on sbtest8  (cost=34.54..3823.68 rows=986 width=121)
	        Recheck Cond: ((id >= 4577045) AND (id <= 4578044))
	        ->  Bitmap Index Scan on sbtest8_pkey  (cost=0.00..34.30 rows=986 width=0)
	              Index Cond: ((id >= 4577045) AND (id <= 4578044))

for: order_ranges
table 1 : explain SELECT c FROM sbtest1 WHERE id BETWEEN 6345708 AND 6346707 ORDER BY c
	Sort  (cost=3741.68..3744.06 rows=951 width=121)
	  Sort Key: c
	  ->  Bitmap Heap Scan on sbtest1  (cost=34.18..3694.64 rows=951 width=121)
	        Recheck Cond: ((id >= 6345708) AND (id <= 6346707))
	        ->  Bitmap Index Scan on sbtest1_pkey  (cost=0.00..33.95 rows=951 width=0)
	              Index Cond: ((id >= 6345708) AND (id <= 6346707))

table 2 : explain SELECT c FROM sbtest2 WHERE id BETWEEN 4906614 AND 4907613 ORDER BY c
	Sort  (cost=3992.60..3995.14 rows=1018 width=121)
	  Sort Key: c
	  ->  Bitmap Heap Scan on sbtest2  (cost=34.87..3941.74 rows=1018 width=121)
	        Recheck Cond: ((id >= 4906614) AND (id <= 4907613))
	        ->  Bitmap Index Scan on sbtest2_pkey  (cost=0.00..34.62 rows=1018 width=0)
	              Index Cond: ((id >= 4906614) AND (id <= 4907613))

table 3 : explain SELECT c FROM sbtest3 WHERE id BETWEEN 1365623 AND 1366622 ORDER BY c
	Sort  (cost=3961.69..3964.21 rows=1010 width=121)
	  Sort Key: c
	  ->  Bitmap Heap Scan on sbtest3  (cost=34.79..3911.29 rows=1010 width=121)
	        Recheck Cond: ((id >= 1365623) AND (id <= 1366622))
	        ->  Bitmap Index Scan on sbtest3_pkey  (cost=0.00..34.54 rows=1010 width=0)
	              Index Cond: ((id >= 1365623) AND (id <= 1366622))

table 4 : explain SELECT c FROM sbtest4 WHERE id BETWEEN 651548 AND 652547 ORDER BY c
	Sort  (cost=3936.30..3938.81 rows=1003 width=121)
	  Sort Key: c
	  ->  Bitmap Heap Scan on sbtest4  (cost=34.72..3886.30 rows=1003 width=121)
	        Recheck Cond: ((id >= 651548) AND (id <= 652547))
	        ->  Bitmap Index Scan on sbtest4_pkey  (cost=0.00..34.47 rows=1003 width=0)
	              Index Cond: ((id >= 651548) AND (id <= 652547))

table 5 : explain SELECT c FROM sbtest5 WHERE id BETWEEN 8997655 AND 8998654 ORDER BY c
	Sort  (cost=3941.50..3944.01 rows=1004 width=121)
	  Sort Key: c
	  ->  Bitmap Heap Scan on sbtest5  (cost=34.73..3891.45 rows=1004 width=121)
	        Recheck Cond: ((id >= 8997655) AND (id <= 8998654))
	        ->  Bitmap Index Scan on sbtest5_pkey  (cost=0.00..34.48 rows=1004 width=0)
	              Index Cond: ((id >= 8997655) AND (id <= 8998654))

table 6 : explain SELECT c FROM sbtest6 WHERE id BETWEEN 8218955 AND 8219954 ORDER BY c
	Sort  (cost=3744.94..3747.33 rows=953 width=121)
	  Sort Key: c
	  ->  Bitmap Heap Scan on sbtest6  (cost=34.20..3697.79 rows=953 width=121)
	        Recheck Cond: ((id >= 8218955) AND (id <= 8219954))
	        ->  Bitmap Index Scan on sbtest6_pkey  (cost=0.00..33.97 rows=953 width=0)
	              Index Cond: ((id >= 8218955) AND (id <= 8219954))

table 7 : explain SELECT c FROM sbtest7 WHERE id BETWEEN 8086652 AND 8087651 ORDER BY c
	Sort  (cost=4021.44..4024.00 rows=1025 width=121)
	  Sort Key: c
	  ->  Bitmap Heap Scan on sbtest7  (cost=34.94..3970.18 rows=1025 width=121)
	        Recheck Cond: ((id >= 8086652) AND (id <= 8087651))
	        ->  Bitmap Index Scan on sbtest7_pkey  (cost=0.00..34.69 rows=1025 width=0)
	              Index Cond: ((id >= 8086652) AND (id <= 8087651))

table 8 : explain SELECT c FROM sbtest8 WHERE id BETWEEN 4878728 AND 4879727 ORDER BY c
	Sort  (cost=3715.58..3717.94 rows=945 width=121)
	  Sort Key: c
	  ->  Bitmap Heap Scan on sbtest8  (cost=34.12..3668.88 rows=945 width=121)
	        Recheck Cond: ((id >= 4878728) AND (id <= 4879727))
	        ->  Bitmap Index Scan on sbtest8_pkey  (cost=0.00..33.89 rows=945 width=0)
	              Index Cond: ((id >= 4878728) AND (id <= 4879727))

for: distinct_ranges
table 1 : explain SELECT DISTINCT c FROM sbtest1 WHERE id BETWEEN 9209574 AND 9210573 ORDER BY c
	Unique  (cost=4017.79..4022.90 rows=1023 width=121)
	  ->  Sort  (cost=4017.79..4020.35 rows=1023 width=121)
	        Sort Key: c
	        ->  Bitmap Heap Scan on sbtest1  (cost=34.92..3966.65 rows=1023 width=121)
	              Recheck Cond: ((id >= 9209574) AND (id <= 9210573))
	              ->  Bitmap Index Scan on sbtest1_pkey  (cost=0.00..34.67 rows=1023 width=0)
	                    Index Cond: ((id >= 9209574) AND (id <= 9210573))

table 2 : explain SELECT DISTINCT c FROM sbtest2 WHERE id BETWEEN 7789613 AND 7790612 ORDER BY c
	Unique  (cost=3939.07..3944.09 rows=1004 width=121)
	  ->  Sort  (cost=3939.07..3941.58 rows=1004 width=121)
	        Sort Key: c
	        ->  Bitmap Heap Scan on sbtest2  (cost=34.73..3889.02 rows=1004 width=121)
	              Recheck Cond: ((id >= 7789613) AND (id <= 7790612))
	              ->  Bitmap Index Scan on sbtest2_pkey  (cost=0.00..34.48 rows=1004 width=0)
	                    Index Cond: ((id >= 7789613) AND (id <= 7790612))

table 3 : explain SELECT DISTINCT c FROM sbtest3 WHERE id BETWEEN 3732961 AND 3733960 ORDER BY c
	Unique  (cost=4118.32..4123.57 rows=1051 width=121)
	  ->  Sort  (cost=4118.32..4120.95 rows=1051 width=121)
	        Sort Key: c
	        ->  Bitmap Heap Scan on sbtest3  (cost=35.21..4065.57 rows=1051 width=121)
	              Recheck Cond: ((id >= 3732961) AND (id <= 3733960))
	              ->  Bitmap Index Scan on sbtest3_pkey  (cost=0.00..34.95 rows=1051 width=0)
	                    Index Cond: ((id >= 3732961) AND (id <= 3733960))

table 4 : explain SELECT DISTINCT c FROM sbtest4 WHERE id BETWEEN 6799034 AND 6800033 ORDER BY c
	Unique  (cost=3932.48..3937.49 rows=1002 width=121)
	  ->  Sort  (cost=3932.48..3934.98 rows=1002 width=121)
	        Sort Key: c
	        ->  Bitmap Heap Scan on sbtest4  (cost=34.71..3882.54 rows=1002 width=121)
	              Recheck Cond: ((id >= 6799034) AND (id <= 6800033))
	              ->  Bitmap Index Scan on sbtest4_pkey  (cost=0.00..34.45 rows=1002 width=0)
	                    Index Cond: ((id >= 6799034) AND (id <= 6800033))

table 5 : explain SELECT DISTINCT c FROM sbtest5 WHERE id BETWEEN 5969072 AND 5970071 ORDER BY c
	Unique  (cost=4052.45..4057.62 rows=1033 width=121)
	  ->  Sort  (cost=4052.45..4055.04 rows=1033 width=121)
	        Sort Key: c
	        ->  Bitmap Heap Scan on sbtest5  (cost=35.02..4000.74 rows=1033 width=121)
	              Recheck Cond: ((id >= 5969072) AND (id <= 5970071))
	              ->  Bitmap Index Scan on sbtest5_pkey  (cost=0.00..34.77 rows=1033 width=0)
	                    Index Cond: ((id >= 5969072) AND (id <= 5970071))

table 6 : explain SELECT DISTINCT c FROM sbtest6 WHERE id BETWEEN 9956293 AND 9957292 ORDER BY c
	Unique  (cost=4123.70..4128.96 rows=1052 width=121)
	  ->  Sort  (cost=4123.70..4126.33 rows=1052 width=121)
	        Sort Key: c
	        ->  Bitmap Heap Scan on sbtest6  (cost=35.22..4070.90 rows=1052 width=121)
	              Recheck Cond: ((id >= 9956293) AND (id <= 9957292))
	              ->  Bitmap Index Scan on sbtest6_pkey  (cost=0.00..34.95 rows=1052 width=0)
	                    Index Cond: ((id >= 9956293) AND (id <= 9957292))

table 7 : explain SELECT DISTINCT c FROM sbtest7 WHERE id BETWEEN 5514730 AND 5515729 ORDER BY c
	Unique  (cost=4113.19..4118.44 rows=1049 width=121)
	  ->  Sort  (cost=4113.19..4115.81 rows=1049 width=121)
	        Sort Key: c
	        ->  Bitmap Heap Scan on sbtest7  (cost=35.19..4060.56 rows=1049 width=121)
	              Recheck Cond: ((id >= 5514730) AND (id <= 5515729))
	              ->  Bitmap Index Scan on sbtest7_pkey  (cost=0.00..34.93 rows=1049 width=0)
	                    Index Cond: ((id >= 5514730) AND (id <= 5515729))

table 8 : explain SELECT DISTINCT c FROM sbtest8 WHERE id BETWEEN 8295442 AND 8296441 ORDER BY c
	Unique  (cost=3826.74..3831.61 rows=974 width=121)
	  ->  Sort  (cost=3826.74..3829.18 rows=974 width=121)
	        Sort Key: c
	        ->  Bitmap Heap Scan on sbtest8  (cost=34.42..3778.39 rows=974 width=121)
	              Recheck Cond: ((id >= 8295442) AND (id <= 8296441))
	              ->  Bitmap Index Scan on sbtest8_pkey  (cost=0.00..34.18 rows=974 width=0)
	                    Index Cond: ((id >= 8295442) AND (id <= 8296441))

for: distinct_ranges
table 1 : explain SELECT DISTINCT c FROM sbtest1 WHERE id BETWEEN 8467514 AND 8468513 ORDER BY c
	Unique  (cost=3603.24..3607.82 rows=916 width=121)
	  ->  Sort  (cost=3603.24..3605.53 rows=916 width=121)
	        Sort Key: c
	        ->  Bitmap Heap Scan on sbtest1  (cost=29.82..3558.18 rows=916 width=121)
	              Recheck Cond: ((id >= 8467514) AND (id <= 8468513))
	              ->  Bitmap Index Scan on sbtest1_pkey  (cost=0.00..29.59 rows=916 width=0)
	                    Index Cond: ((id >= 8467514) AND (id <= 8468513))

table 2 : explain SELECT DISTINCT c FROM sbtest2 WHERE id BETWEEN 4732774 AND 4733773 ORDER BY c
	Unique  (cost=4153.03..4158.33 rows=1060 width=121)
	  ->  Sort  (cost=4153.03..4155.68 rows=1060 width=121)
	        Sort Key: c
	        ->  Bitmap Heap Scan on sbtest2  (cost=35.30..4099.76 rows=1060 width=121)
	              Recheck Cond: ((id >= 4732774) AND (id <= 4733773))
	              ->  Bitmap Index Scan on sbtest2_pkey  (cost=0.00..35.04 rows=1060 width=0)
	                    Index Cond: ((id >= 4732774) AND (id <= 4733773))

table 3 : explain SELECT DISTINCT c FROM sbtest3 WHERE id BETWEEN 6959063 AND 6960062 ORDER BY c
	Unique  (cost=4396.79..4402.41 rows=1125 width=121)
	  ->  Sort  (cost=4396.79..4399.60 rows=1125 width=121)
	        Sort Key: c
	        ->  Bitmap Heap Scan on sbtest3  (cost=35.97..4339.77 rows=1125 width=121)
	              Recheck Cond: ((id >= 6959063) AND (id <= 6960062))
	              ->  Bitmap Index Scan on sbtest3_pkey  (cost=0.00..35.69 rows=1125 width=0)
	                    Index Cond: ((id >= 6959063) AND (id <= 6960062))

table 4 : explain SELECT DISTINCT c FROM sbtest4 WHERE id BETWEEN 3833412 AND 3834411 ORDER BY c
	Unique  (cost=3545.29..3549.80 rows=902 width=121)
	  ->  Sort  (cost=3545.29..3547.54 rows=902 width=121)
	        Sort Key: c
	        ->  Bitmap Heap Scan on sbtest4  (cost=29.68..3501.01 rows=902 width=121)
	              Recheck Cond: ((id >= 3833412) AND (id <= 3834411))
	              ->  Bitmap Index Scan on sbtest4_pkey  (cost=0.00..29.45 rows=902 width=0)
	                    Index Cond: ((id >= 3833412) AND (id <= 3834411))

table 5 : explain SELECT DISTINCT c FROM sbtest5 WHERE id BETWEEN 2259686 AND 2260685 ORDER BY c
	Unique  (cost=3818.96..3823.82 rows=972 width=121)
	  ->  Sort  (cost=3818.96..3821.39 rows=972 width=121)
	        Sort Key: c
	        ->  Bitmap Heap Scan on sbtest5  (cost=34.40..3770.73 rows=972 width=121)
	              Recheck Cond: ((id >= 2259686) AND (id <= 2260685))
	              ->  Bitmap Index Scan on sbtest5_pkey  (cost=0.00..34.16 rows=972 width=0)
	                    Index Cond: ((id >= 2259686) AND (id <= 2260685))

table 6 : explain SELECT DISTINCT c FROM sbtest6 WHERE id BETWEEN 2713702 AND 2714701 ORDER BY c
	Unique  (cost=3721.95..3726.68 rows=947 width=121)
	  ->  Sort  (cost=3721.95..3724.32 rows=947 width=121)
	        Sort Key: c
	        ->  Bitmap Heap Scan on sbtest6  (cost=34.14..3675.13 rows=947 width=121)
	              Recheck Cond: ((id >= 2713702) AND (id <= 2714701))
	              ->  Bitmap Index Scan on sbtest6_pkey  (cost=0.00..33.91 rows=947 width=0)
	                    Index Cond: ((id >= 2713702) AND (id <= 2714701))

table 7 : explain SELECT DISTINCT c FROM sbtest7 WHERE id BETWEEN 7910796 AND 7911795 ORDER BY c
	Unique  (cost=3715.10..3719.82 rows=945 width=121)
	  ->  Sort  (cost=3715.10..3717.46 rows=945 width=121)
	        Sort Key: c
	        ->  Bitmap Heap Scan on sbtest7  (cost=34.12..3668.39 rows=945 width=121)
	              Recheck Cond: ((id >= 7910796) AND (id <= 7911795))
	              ->  Bitmap Index Scan on sbtest7_pkey  (cost=0.00..33.89 rows=945 width=0)
	                    Index Cond: ((id >= 7910796) AND (id <= 7911795))

table 8 : explain SELECT DISTINCT c FROM sbtest8 WHERE id BETWEEN 841542 AND 842541 ORDER BY c
	Unique  (cost=3972.25..3977.31 rows=1012 width=121)
	  ->  Sort  (cost=3972.25..3974.78 rows=1012 width=121)
	        Sort Key: c
	        ->  Bitmap Heap Scan on sbtest8  (cost=34.81..3921.73 rows=1012 width=121)
	              Recheck Cond: ((id >= 841542) AND (id <= 842541))
	              ->  Bitmap Index Scan on sbtest8_pkey  (cost=0.00..34.56 rows=1012 width=0)
	                    Index Cond: ((id >= 841542) AND (id <= 842541))

for point_selects
table 1 : explain SELECT c FROM sbtest1 WHERE id=276107
	Index Scan using sbtest1_pkey on sbtest1  (cost=0.43..8.45 rows=1 width=121)
	  Index Cond: (id = 276107)

table 2 : explain SELECT c FROM sbtest2 WHERE id=7657911
	Index Scan using sbtest2_pkey on sbtest2  (cost=0.43..8.45 rows=1 width=121)
	  Index Cond: (id = 7657911)

table 3 : explain SELECT c FROM sbtest3 WHERE id=5905429
	Index Scan using sbtest3_pkey on sbtest3  (cost=0.43..8.45 rows=1 width=121)
	  Index Cond: (id = 5905429)

table 4 : explain SELECT c FROM sbtest4 WHERE id=8830243
	Index Scan using sbtest4_pkey on sbtest4  (cost=0.43..8.45 rows=1 width=121)
	  Index Cond: (id = 8830243)

table 5 : explain SELECT c FROM sbtest5 WHERE id=9337173
	Index Scan using sbtest5_pkey on sbtest5  (cost=0.43..8.45 rows=1 width=121)
	  Index Cond: (id = 9337173)

table 6 : explain SELECT c FROM sbtest6 WHERE id=4512054
	Index Scan using sbtest6_pkey on sbtest6  (cost=0.43..8.45 rows=1 width=121)
	  Index Cond: (id = 4512054)

table 7 : explain SELECT c FROM sbtest7 WHERE id=9888083
	Index Scan using sbtest7_pkey on sbtest7  (cost=0.43..8.45 rows=1 width=121)
	  Index Cond: (id = 9888083)

table 8 : explain SELECT c FROM sbtest8 WHERE id=4150611
	Index Scan using sbtest8_pkey on sbtest8  (cost=0.43..8.45 rows=1 width=121)
	  Index Cond: (id = 4150611)

for: distinct_ranges
table 1 : explain SELECT DISTINCT c FROM sbtest1 WHERE id BETWEEN 8868284 AND 8869283 ORDER BY c
	Unique  (cost=3925.82..3930.82 rows=999 width=121)
	  ->  Sort  (cost=3925.82..3928.32 rows=999 width=121)
	        Sort Key: c
	        ->  Bitmap Heap Scan on sbtest1  (cost=34.67..3876.05 rows=999 width=121)
	              Recheck Cond: ((id >= 8868284) AND (id <= 8869283))
	              ->  Bitmap Index Scan on sbtest1_pkey  (cost=0.00..34.43 rows=999 width=0)
	                    Index Cond: ((id >= 8868284) AND (id <= 8869283))

table 2 : explain SELECT DISTINCT c FROM sbtest2 WHERE id BETWEEN 3286776 AND 3287775 ORDER BY c
	Unique  (cost=4164.48..4169.79 rows=1063 width=121)
	  ->  Sort  (cost=4164.48..4167.13 rows=1063 width=121)
	        Sort Key: c
	        ->  Bitmap Heap Scan on sbtest2  (cost=35.33..4111.04 rows=1063 width=121)
	              Recheck Cond: ((id >= 3286776) AND (id <= 3287775))
	              ->  Bitmap Index Scan on sbtest2_pkey  (cost=0.00..35.07 rows=1063 width=0)
	                    Index Cond: ((id >= 3286776) AND (id <= 3287775))

table 3 : explain SELECT DISTINCT c FROM sbtest3 WHERE id BETWEEN 8356226 AND 8357225 ORDER BY c
	Unique  (cost=4167.94..4173.26 rows=1064 width=121)
	  ->  Sort  (cost=4167.94..4170.60 rows=1064 width=121)
	        Sort Key: c
	        ->  Bitmap Heap Scan on sbtest3  (cost=35.34..4114.45 rows=1064 width=121)
	              Recheck Cond: ((id >= 8356226) AND (id <= 8357225))
	              ->  Bitmap Index Scan on sbtest3_pkey  (cost=0.00..35.08 rows=1064 width=0)
	                    Index Cond: ((id >= 8356226) AND (id <= 8357225))

table 4 : explain SELECT DISTINCT c FROM sbtest4 WHERE id BETWEEN 1962279 AND 1963278 ORDER BY c
	Unique  (cost=3449.29..3453.68 rows=877 width=121)
	  ->  Sort  (cost=3449.29..3451.49 rows=877 width=121)
	        Sort Key: c
	        ->  Bitmap Heap Scan on sbtest4  (cost=29.42..3406.42 rows=877 width=121)
	              Recheck Cond: ((id >= 1962279) AND (id <= 1963278))
	              ->  Bitmap Index Scan on sbtest4_pkey  (cost=0.00..29.20 rows=877 width=0)
	                    Index Cond: ((id >= 1962279) AND (id <= 1963278))

table 5 : explain SELECT DISTINCT c FROM sbtest5 WHERE id BETWEEN 7452925 AND 7453924 ORDER BY c
	Unique  (cost=3607.88..3612.47 rows=918 width=121)
	  ->  Sort  (cost=3607.88..3610.18 rows=918 width=121)
	        Sort Key: c
	        ->  Bitmap Heap Scan on sbtest5  (cost=29.84..3562.71 rows=918 width=121)
	              Recheck Cond: ((id >= 7452925) AND (id <= 7453924))
	              ->  Bitmap Index Scan on sbtest5_pkey  (cost=0.00..29.61 rows=918 width=0)
	                    Index Cond: ((id >= 7452925) AND (id <= 7453924))

table 6 : explain SELECT DISTINCT c FROM sbtest6 WHERE id BETWEEN 2174480 AND 2175479 ORDER BY c
	Unique  (cost=3963.16..3968.21 rows=1010 width=121)
	  ->  Sort  (cost=3963.16..3965.69 rows=1010 width=121)
	        Sort Key: c
	        ->  Bitmap Heap Scan on sbtest6  (cost=34.79..3912.76 rows=1010 width=121)
	              Recheck Cond: ((id >= 2174480) AND (id <= 2175479))
	              ->  Bitmap Index Scan on sbtest6_pkey  (cost=0.00..34.54 rows=1010 width=0)
	                    Index Cond: ((id >= 2174480) AND (id <= 2175479))

table 7 : explain SELECT DISTINCT c FROM sbtest7 WHERE id BETWEEN 3007246 AND 3008245 ORDER BY c
	Unique  (cost=3810.91..3815.76 rows=970 width=121)
	  ->  Sort  (cost=3810.91..3813.34 rows=970 width=121)
	        Sort Key: c
	        ->  Bitmap Heap Scan on sbtest7  (cost=34.38..3762.79 rows=970 width=121)
	              Recheck Cond: ((id >= 3007246) AND (id <= 3008245))
	              ->  Bitmap Index Scan on sbtest7_pkey  (cost=0.00..34.14 rows=970 width=0)
	                    Index Cond: ((id >= 3007246) AND (id <= 3008245))

table 8 : explain SELECT DISTINCT c FROM sbtest8 WHERE id BETWEEN 2130991 AND 2131990 ORDER BY c
	Unique  (cost=4148.16..4153.45 rows=1058 width=121)
	  ->  Sort  (cost=4148.16..4150.80 rows=1058 width=121)
	        Sort Key: c
	        ->  Bitmap Heap Scan on sbtest8  (cost=35.28..4095.01 rows=1058 width=121)
	              Recheck Cond: ((id >= 2130991) AND (id <= 2131990))
	              ->  Bitmap Index Scan on sbtest8_pkey  (cost=0.00..35.02 rows=1058 width=0)
	                    Index Cond: ((id >= 2130991) AND (id <= 2131990))

for: sum_ranges
table 1 : explain SELECT SUM(k) FROM sbtest1 WHERE id BETWEEN 3543797 AND 3544796
	Aggregate  (cost=3761.34..3761.35 rows=1 width=8)
	  ->  Bitmap Heap Scan on sbtest1  (cost=34.36..3758.92 rows=968 width=4)
	        Recheck Cond: ((id >= 3543797) AND (id <= 3544796))
	        ->  Bitmap Index Scan on sbtest1_pkey  (cost=0.00..34.12 rows=968 width=0)
	              Index Cond: ((id >= 3543797) AND (id <= 3544796))

table 2 : explain SELECT SUM(k) FROM sbtest2 WHERE id BETWEEN 296153 AND 297152
	Aggregate  (cost=3812.34..3812.35 rows=1 width=8)
	  ->  Bitmap Heap Scan on sbtest2  (cost=34.51..3809.88 rows=983 width=4)
	        Recheck Cond: ((id >= 296153) AND (id <= 297152))
	        ->  Bitmap Index Scan on sbtest2_pkey  (cost=0.00..34.27 rows=983 width=0)
	              Index Cond: ((id >= 296153) AND (id <= 297152))

table 3 : explain SELECT SUM(k) FROM sbtest3 WHERE id BETWEEN 7403555 AND 7404554
	Aggregate  (cost=3641.95..3641.96 rows=1 width=8)
	  ->  Bitmap Heap Scan on sbtest3  (cost=30.06..3639.60 rows=939 width=4)
	        Recheck Cond: ((id >= 7403555) AND (id <= 7404554))
	        ->  Bitmap Index Scan on sbtest3_pkey  (cost=0.00..29.82 rows=939 width=0)
	              Index Cond: ((id >= 7403555) AND (id <= 7404554))

table 4 : explain SELECT SUM(k) FROM sbtest4 WHERE id BETWEEN 5625952 AND 5626951
	Aggregate  (cost=3488.13..3488.14 rows=1 width=8)
	  ->  Bitmap Heap Scan on sbtest4  (cost=29.64..3485.88 rows=898 width=4)
	        Recheck Cond: ((id >= 5625952) AND (id <= 5626951))
	        ->  Bitmap Index Scan on sbtest4_pkey  (cost=0.00..29.41 rows=898 width=0)
	              Index Cond: ((id >= 5625952) AND (id <= 5626951))

table 5 : explain SELECT SUM(k) FROM sbtest5 WHERE id BETWEEN 9294999 AND 9295998
	Aggregate  (cost=3841.12..3841.13 rows=1 width=8)
	  ->  Bitmap Heap Scan on sbtest5  (cost=34.58..3838.65 rows=990 width=4)
	        Recheck Cond: ((id >= 9294999) AND (id <= 9295998))
	        ->  Bitmap Index Scan on sbtest5_pkey  (cost=0.00..34.34 rows=990 width=0)
	              Index Cond: ((id >= 9294999) AND (id <= 9295998))

table 6 : explain SELECT SUM(k) FROM sbtest6 WHERE id BETWEEN 1718307 AND 1719306
	Aggregate  (cost=4047.17..4047.18 rows=1 width=8)
	  ->  Bitmap Heap Scan on sbtest6  (cost=35.15..4044.56 rows=1045 width=4)
	        Recheck Cond: ((id >= 1718307) AND (id <= 1719306))
	        ->  Bitmap Index Scan on sbtest6_pkey  (cost=0.00..34.89 rows=1045 width=0)
	              Index Cond: ((id >= 1718307) AND (id <= 1719306))

table 7 : explain SELECT SUM(k) FROM sbtest7 WHERE id BETWEEN 806486 AND 807485
	Aggregate  (cost=4036.81..4036.82 rows=1 width=8)
	  ->  Bitmap Heap Scan on sbtest7  (cost=35.12..4034.21 rows=1042 width=4)
	        Recheck Cond: ((id >= 806486) AND (id <= 807485))
	        ->  Bitmap Index Scan on sbtest7_pkey  (cost=0.00..34.86 rows=1042 width=0)
	              Index Cond: ((id >= 806486) AND (id <= 807485))

table 8 : explain SELECT SUM(k) FROM sbtest8 WHERE id BETWEEN 4571004 AND 4572003
	Aggregate  (cost=3826.14..3826.15 rows=1 width=8)
	  ->  Bitmap Heap Scan on sbtest8  (cost=34.54..3823.68 rows=986 width=4)
	        Recheck Cond: ((id >= 4571004) AND (id <= 4572003))
	        ->  Bitmap Index Scan on sbtest8_pkey  (cost=0.00..34.30 rows=986 width=0)
	              Index Cond: ((id >= 4571004) AND (id <= 4572003))

for: order_ranges
table 1 : explain SELECT c FROM sbtest1 WHERE id BETWEEN 3688728 AND 3689727 ORDER BY c
	Sort  (cost=3545.58..3547.83 rows=901 width=121)
	  Sort Key: c
	  ->  Bitmap Heap Scan on sbtest1  (cost=29.67..3501.36 rows=901 width=121)
	        Recheck Cond: ((id >= 3688728) AND (id <= 3689727))
	        ->  Bitmap Index Scan on sbtest1_pkey  (cost=0.00..29.44 rows=901 width=0)
	              Index Cond: ((id >= 3688728) AND (id <= 3689727))

table 2 : explain SELECT c FROM sbtest2 WHERE id BETWEEN 2238214 AND 2239213 ORDER BY c
	Sort  (cost=4404.98..4407.80 rows=1126 width=121)
	  Sort Key: c
	  ->  Bitmap Heap Scan on sbtest2  (cost=39.98..4347.91 rows=1126 width=121)
	        Recheck Cond: ((id >= 2238214) AND (id <= 2239213))
	        ->  Bitmap Index Scan on sbtest2_pkey  (cost=0.00..39.70 rows=1126 width=0)
	              Index Cond: ((id >= 2238214) AND (id <= 2239213))

table 3 : explain SELECT c FROM sbtest3 WHERE id BETWEEN 8312193 AND 8313192 ORDER BY c
	Sort  (cost=4022.84..4025.40 rows=1026 width=121)
	  Sort Key: c
	  ->  Bitmap Heap Scan on sbtest3  (cost=34.95..3971.52 rows=1026 width=121)
	        Recheck Cond: ((id >= 8312193) AND (id <= 8313192))
	        ->  Bitmap Index Scan on sbtest3_pkey  (cost=0.00..34.70 rows=1026 width=0)
	              Index Cond: ((id >= 8312193) AND (id <= 8313192))

table 4 : explain SELECT c FROM sbtest4 WHERE id BETWEEN 6967226 AND 6968225 ORDER BY c
	Sort  (cost=4070.13..4072.72 rows=1038 width=121)
	  Sort Key: c
	  ->  Bitmap Heap Scan on sbtest4  (cost=35.07..4018.13 rows=1038 width=121)
	        Recheck Cond: ((id >= 6967226) AND (id <= 6968225))
	        ->  Bitmap Index Scan on sbtest4_pkey  (cost=0.00..34.82 rows=1038 width=0)
	              Index Cond: ((id >= 6967226) AND (id <= 6968225))

table 5 : explain SELECT c FROM sbtest5 WHERE id BETWEEN 6258522 AND 6259521 ORDER BY c
	Sort  (cost=4105.98..4108.60 rows=1047 width=121)
	  Sort Key: c
	  ->  Bitmap Heap Scan on sbtest5  (cost=35.17..4053.46 rows=1047 width=121)
	        Recheck Cond: ((id >= 6258522) AND (id <= 6259521))
	        ->  Bitmap Index Scan on sbtest5_pkey  (cost=0.00..34.91 rows=1047 width=0)
	              Index Cond: ((id >= 6258522) AND (id <= 6259521))

table 6 : explain SELECT c FROM sbtest6 WHERE id BETWEEN 4182605 AND 4183604 ORDER BY c
	Sort  (cost=3921.08..3923.58 rows=999 width=121)
	  Sort Key: c
	  ->  Bitmap Heap Scan on sbtest6  (cost=34.67..3871.31 rows=999 width=121)
	        Recheck Cond: ((id >= 4182605) AND (id <= 4183604))
	        ->  Bitmap Index Scan on sbtest6_pkey  (cost=0.00..34.43 rows=999 width=0)
	              Index Cond: ((id >= 4182605) AND (id <= 4183604))

table 7 : explain SELECT c FROM sbtest7 WHERE id BETWEEN 5539231 AND 5540230 ORDER BY c
	Sort  (cost=4113.19..4115.81 rows=1049 width=121)
	  Sort Key: c
	  ->  Bitmap Heap Scan on sbtest7  (cost=35.19..4060.56 rows=1049 width=121)
	        Recheck Cond: ((id >= 5539231) AND (id <= 5540230))
	        ->  Bitmap Index Scan on sbtest7_pkey  (cost=0.00..34.93 rows=1049 width=0)
	              Index Cond: ((id >= 5539231) AND (id <= 5540230))

table 8 : explain SELECT c FROM sbtest8 WHERE id BETWEEN 519384 AND 520383 ORDER BY c
	Sort  (cost=3550.40..3552.66 rows=903 width=121)
	  Sort Key: c
	  ->  Bitmap Heap Scan on sbtest8  (cost=29.69..3506.07 rows=903 width=121)
	        Recheck Cond: ((id >= 519384) AND (id <= 520383))
	        ->  Bitmap Index Scan on sbtest8_pkey  (cost=0.00..29.46 rows=903 width=0)
	              Index Cond: ((id >= 519384) AND (id <= 520383))

for point_selects
table 1 : explain SELECT c FROM sbtest1 WHERE id=4020689
	Index Scan using sbtest1_pkey on sbtest1  (cost=0.43..8.45 rows=1 width=121)
	  Index Cond: (id = 4020689)

table 2 : explain SELECT c FROM sbtest2 WHERE id=8025313
	Index Scan using sbtest2_pkey on sbtest2  (cost=0.43..8.45 rows=1 width=121)
	  Index Cond: (id = 8025313)

table 3 : explain SELECT c FROM sbtest3 WHERE id=9773035
	Index Scan using sbtest3_pkey on sbtest3  (cost=0.43..8.45 rows=1 width=121)
	  Index Cond: (id = 9773035)

table 4 : explain SELECT c FROM sbtest4 WHERE id=7854963
	Index Scan using sbtest4_pkey on sbtest4  (cost=0.43..8.45 rows=1 width=121)
	  Index Cond: (id = 7854963)

table 5 : explain SELECT c FROM sbtest5 WHERE id=5132014
	Index Scan using sbtest5_pkey on sbtest5  (cost=0.43..8.45 rows=1 width=121)
	  Index Cond: (id = 5132014)

table 6 : explain SELECT c FROM sbtest6 WHERE id=406261
	Index Scan using sbtest6_pkey on sbtest6  (cost=0.43..8.45 rows=1 width=121)
	  Index Cond: (id = 406261)

table 7 : explain SELECT c FROM sbtest7 WHERE id=7849139
	Index Scan using sbtest7_pkey on sbtest7  (cost=0.43..8.45 rows=1 width=121)
	  Index Cond: (id = 7849139)

table 8 : explain SELECT c FROM sbtest8 WHERE id=4889165
	Index Scan using sbtest8_pkey on sbtest8  (cost=0.43..8.45 rows=1 width=121)
	  Index Cond: (id = 4889165)

for point_selects
table 1 : explain SELECT c FROM sbtest1 WHERE id=3284919
	Index Scan using sbtest1_pkey on sbtest1  (cost=0.43..8.45 rows=1 width=121)
	  Index Cond: (id = 3284919)

table 2 : explain SELECT c FROM sbtest2 WHERE id=7998618
	Index Scan using sbtest2_pkey on sbtest2  (cost=0.43..8.45 rows=1 width=121)
	  Index Cond: (id = 7998618)

table 3 : explain SELECT c FROM sbtest3 WHERE id=2746568
	Index Scan using sbtest3_pkey on sbtest3  (cost=0.43..8.45 rows=1 width=121)
	  Index Cond: (id = 2746568)

table 4 : explain SELECT c FROM sbtest4 WHERE id=2115444
	Index Scan using sbtest4_pkey on sbtest4  (cost=0.43..8.45 rows=1 width=121)
	  Index Cond: (id = 2115444)

table 5 : explain SELECT c FROM sbtest5 WHERE id=9705412
	Index Scan using sbtest5_pkey on sbtest5  (cost=0.43..8.45 rows=1 width=121)
	  Index Cond: (id = 9705412)

table 6 : explain SELECT c FROM sbtest6 WHERE id=2576624
	Index Scan using sbtest6_pkey on sbtest6  (cost=0.43..8.45 rows=1 width=121)
	  Index Cond: (id = 2576624)

table 7 : explain SELECT c FROM sbtest7 WHERE id=5659052
	Index Scan using sbtest7_pkey on sbtest7  (cost=0.43..8.45 rows=1 width=121)
	  Index Cond: (id = 5659052)

table 8 : explain SELECT c FROM sbtest8 WHERE id=6883759
	Index Scan using sbtest8_pkey on sbtest8  (cost=0.43..8.45 rows=1 width=121)
	  Index Cond: (id = 6883759)

for: order_ranges
table 1 : explain SELECT c FROM sbtest1 WHERE id BETWEEN 262346 AND 263345 ORDER BY c
	Sort  (cost=3879.81..3882.28 rows=987 width=121)
	  Sort Key: c
	  ->  Bitmap Heap Scan on sbtest1  (cost=34.55..3830.72 rows=987 width=121)
	        Recheck Cond: ((id >= 262346) AND (id <= 263345))
	        ->  Bitmap Index Scan on sbtest1_pkey  (cost=0.00..34.31 rows=987 width=0)
	              Index Cond: ((id >= 262346) AND (id <= 263345))

table 2 : explain SELECT c FROM sbtest2 WHERE id BETWEEN 9680645 AND 9681644 ORDER BY c
	Sort  (cost=3789.85..3792.26 rows=965 width=121)
	  Sort Key: c
	  ->  Bitmap Heap Scan on sbtest2  (cost=34.33..3742.01 rows=965 width=121)
	        Recheck Cond: ((id >= 9680645) AND (id <= 9681644))
	        ->  Bitmap Index Scan on sbtest2_pkey  (cost=0.00..34.09 rows=965 width=0)
	              Index Cond: ((id >= 9680645) AND (id <= 9681644))

table 3 : explain SELECT c FROM sbtest3 WHERE id BETWEEN 5481074 AND 5482073 ORDER BY c
	Sort  (cost=3712.95..3715.31 rows=945 width=121)
	  Sort Key: c
	  ->  Bitmap Heap Scan on sbtest3  (cost=34.12..3666.25 rows=945 width=121)
	        Recheck Cond: ((id >= 5481074) AND (id <= 5482073))
	        ->  Bitmap Index Scan on sbtest3_pkey  (cost=0.00..33.89 rows=945 width=0)
	              Index Cond: ((id >= 5481074) AND (id <= 5482073))

table 4 : explain SELECT c FROM sbtest4 WHERE id BETWEEN 9551649 AND 9552648 ORDER BY c
	Sort  (cost=4180.90..4183.57 rows=1067 width=121)
	  Sort Key: c
	  ->  Bitmap Heap Scan on sbtest4  (cost=35.37..4127.23 rows=1067 width=121)
	        Recheck Cond: ((id >= 9551649) AND (id <= 9552648))
	        ->  Bitmap Index Scan on sbtest4_pkey  (cost=0.00..35.11 rows=1067 width=0)
	              Index Cond: ((id >= 9551649) AND (id <= 9552648))

table 5 : explain SELECT c FROM sbtest5 WHERE id BETWEEN 7129975 AND 7130974 ORDER BY c
	Sort  (cost=4239.69..4242.40 rows=1082 width=121)
	  Sort Key: c
	  ->  Bitmap Heap Scan on sbtest5  (cost=35.53..4185.16 rows=1082 width=121)
	        Recheck Cond: ((id >= 7129975) AND (id <= 7130974))
	        ->  Bitmap Index Scan on sbtest5_pkey  (cost=0.00..35.26 rows=1082 width=0)
	              Index Cond: ((id >= 7129975) AND (id <= 7130974))

table 6 : explain SELECT c FROM sbtest6 WHERE id BETWEEN 1683096 AND 1684095 ORDER BY c
	Sort  (cost=4096.96..4099.57 rows=1045 width=121)
	  Sort Key: c
	  ->  Bitmap Heap Scan on sbtest6  (cost=35.15..4044.56 rows=1045 width=121)
	        Recheck Cond: ((id >= 1683096) AND (id <= 1684095))
	        ->  Bitmap Index Scan on sbtest6_pkey  (cost=0.00..34.89 rows=1045 width=0)
	              Index Cond: ((id >= 1683096) AND (id <= 1684095))

table 7 : explain SELECT c FROM sbtest7 WHERE id BETWEEN 8955338 AND 8956337 ORDER BY c
	Sort  (cost=3960.23..3962.75 rows=1009 width=121)
	  Sort Key: c
	  ->  Bitmap Heap Scan on sbtest7  (cost=34.78..3909.89 rows=1009 width=121)
	        Recheck Cond: ((id >= 8955338) AND (id <= 8956337))
	        ->  Bitmap Index Scan on sbtest7_pkey  (cost=0.00..34.53 rows=1009 width=0)
	              Index Cond: ((id >= 8955338) AND (id <= 8956337))

table 8 : explain SELECT c FROM sbtest8 WHERE id BETWEEN 9672118 AND 9673117 ORDER BY c
	Sort  (cost=3911.00..3913.49 rows=996 width=121)
	  Sort Key: c
	  ->  Bitmap Heap Scan on sbtest8  (cost=34.64..3861.40 rows=996 width=121)
	        Recheck Cond: ((id >= 9672118) AND (id <= 9673117))
	        ->  Bitmap Index Scan on sbtest8_pkey  (cost=0.00..34.40 rows=996 width=0)
	              Index Cond: ((id >= 9672118) AND (id <= 9673117))

for: distinct_ranges
table 1 : explain SELECT DISTINCT c FROM sbtest1 WHERE id BETWEEN 2806745 AND 2807744 ORDER BY c
	Unique  (cost=3607.08..3611.67 rows=917 width=121)
	  ->  Sort  (cost=3607.08..3609.38 rows=917 width=121)
	        Sort Key: c
	        ->  Bitmap Heap Scan on sbtest1  (cost=29.83..3561.96 rows=917 width=121)
	              Recheck Cond: ((id >= 2806745) AND (id <= 2807744))
	              ->  Bitmap Index Scan on sbtest1_pkey  (cost=0.00..29.61 rows=917 width=0)
	                    Index Cond: ((id >= 2806745) AND (id <= 2807744))

table 2 : explain SELECT DISTINCT c FROM sbtest2 WHERE id BETWEEN 2062448 AND 2063447 ORDER BY c
	Unique  (cost=3732.40..3737.15 rows=950 width=121)
	  ->  Sort  (cost=3732.40..3734.78 rows=950 width=121)
	        Sort Key: c
	        ->  Bitmap Heap Scan on sbtest2  (cost=34.17..3685.42 rows=950 width=121)
	              Recheck Cond: ((id >= 2062448) AND (id <= 2063447))
	              ->  Bitmap Index Scan on sbtest2_pkey  (cost=0.00..33.94 rows=950 width=0)
	                    Index Cond: ((id >= 2062448) AND (id <= 2063447))

table 3 : explain SELECT DISTINCT c FROM sbtest3 WHERE id BETWEEN 2496998 AND 2497997 ORDER BY c
	Unique  (cost=3919.63..3924.63 rows=999 width=121)
	  ->  Sort  (cost=3919.63..3922.13 rows=999 width=121)
	        Sort Key: c
	        ->  Bitmap Heap Scan on sbtest3  (cost=34.67..3869.86 rows=999 width=121)
	              Recheck Cond: ((id >= 2496998) AND (id <= 2497997))
	              ->  Bitmap Index Scan on sbtest3_pkey  (cost=0.00..34.43 rows=999 width=0)
	                    Index Cond: ((id >= 2496998) AND (id <= 2497997))

table 4 : explain SELECT DISTINCT c FROM sbtest4 WHERE id BETWEEN 3489900 AND 3490899 ORDER BY c
	Unique  (cost=3794.67..3799.50 rows=966 width=121)
	  ->  Sort  (cost=3794.67..3797.09 rows=966 width=121)
	        Sort Key: c
	        ->  Bitmap Heap Scan on sbtest4  (cost=34.34..3746.78 rows=966 width=121)
	              Recheck Cond: ((id >= 3489900) AND (id <= 3490899))
	              ->  Bitmap Index Scan on sbtest4_pkey  (cost=0.00..34.09 rows=966 width=0)
	                    Index Cond: ((id >= 3489900) AND (id <= 3490899))

table 5 : explain SELECT DISTINCT c FROM sbtest5 WHERE id BETWEEN 7507494 AND 7508493 ORDER BY c
	Unique  (cost=4018.03..4023.15 rows=1024 width=121)
	  ->  Sort  (cost=4018.03..4020.59 rows=1024 width=121)
	        Sort Key: c
	        ->  Bitmap Heap Scan on sbtest5  (cost=34.93..3966.83 rows=1024 width=121)
	              Recheck Cond: ((id >= 7507494) AND (id <= 7508493))
	              ->  Bitmap Index Scan on sbtest5_pkey  (cost=0.00..34.68 rows=1024 width=0)
	                    Index Cond: ((id >= 7507494) AND (id <= 7508493))

table 6 : explain SELECT DISTINCT c FROM sbtest6 WHERE id BETWEEN 809955 AND 810954 ORDER BY c
	Unique  (cost=4066.39..4071.57 rows=1037 width=121)
	  ->  Sort  (cost=4066.39..4068.98 rows=1037 width=121)
	        Sort Key: c
	        ->  Bitmap Heap Scan on sbtest6  (cost=35.06..4014.45 rows=1037 width=121)
	              Recheck Cond: ((id >= 809955) AND (id <= 810954))
	              ->  Bitmap Index Scan on sbtest6_pkey  (cost=0.00..34.81 rows=1037 width=0)
	                    Index Cond: ((id >= 809955) AND (id <= 810954))

table 7 : explain SELECT DISTINCT c FROM sbtest7 WHERE id BETWEEN 6812001 AND 6813000 ORDER BY c
	Unique  (cost=3626.71..3631.33 rows=923 width=121)
	  ->  Sort  (cost=3626.71..3629.02 rows=923 width=121)
	        Sort Key: c
	        ->  Bitmap Heap Scan on sbtest7  (cost=29.90..3581.26 rows=923 width=121)
	              Recheck Cond: ((id >= 6812001) AND (id <= 6813000))
	              ->  Bitmap Index Scan on sbtest7_pkey  (cost=0.00..29.66 rows=923 width=0)
	                    Index Cond: ((id >= 6812001) AND (id <= 6813000))

table 8 : explain SELECT DISTINCT c FROM sbtest8 WHERE id BETWEEN 1401891 AND 1402890 ORDER BY c
	Unique  (cost=4041.11..4046.26 rows=1030 width=121)
	  ->  Sort  (cost=4041.11..4043.69 rows=1030 width=121)
	        Sort Key: c
	        ->  Bitmap Heap Scan on sbtest8  (cost=34.99..3989.57 rows=1030 width=121)
	              Recheck Cond: ((id >= 1401891) AND (id <= 1402890))
	              ->  Bitmap Index Scan on sbtest8_pkey  (cost=0.00..34.73 rows=1030 width=0)
	                    Index Cond: ((id >= 1401891) AND (id <= 1402890))

for: distinct_ranges
table 1 : explain SELECT DISTINCT c FROM sbtest1 WHERE id BETWEEN 6211109 AND 6212108 ORDER BY c
	Unique  (cost=3745.52..3750.28 rows=952 width=121)
	  ->  Sort  (cost=3745.52..3747.90 rows=952 width=121)
	        Sort Key: c
	        ->  Bitmap Heap Scan on sbtest1  (cost=34.19..3698.42 rows=952 width=121)
	              Recheck Cond: ((id >= 6211109) AND (id <= 6212108))
	              ->  Bitmap Index Scan on sbtest1_pkey  (cost=0.00..33.95 rows=952 width=0)
	                    Index Cond: ((id >= 6211109) AND (id <= 6212108))

table 2 : explain SELECT DISTINCT c FROM sbtest2 WHERE id BETWEEN 7894224 AND 7895223 ORDER BY c
	Unique  (cost=3628.76..3633.38 rows=924 width=121)
	  ->  Sort  (cost=3628.76..3631.07 rows=924 width=121)
	        Sort Key: c
	        ->  Bitmap Heap Scan on sbtest2  (cost=29.91..3583.25 rows=924 width=121)
	              Recheck Cond: ((id >= 7894224) AND (id <= 7895223))
	              ->  Bitmap Index Scan on sbtest2_pkey  (cost=0.00..29.68 rows=924 width=0)
	                    Index Cond: ((id >= 7894224) AND (id <= 7895223))

table 3 : explain SELECT DISTINCT c FROM sbtest3 WHERE id BETWEEN 4981586 AND 4982585 ORDER BY c
	Unique  (cost=3957.86..3962.91 rows=1009 width=121)
	  ->  Sort  (cost=3957.86..3960.39 rows=1009 width=121)
	        Sort Key: c
	        ->  Bitmap Heap Scan on sbtest3  (cost=34.78..3907.52 rows=1009 width=121)
	              Recheck Cond: ((id >= 4981586) AND (id <= 4982585))
	              ->  Bitmap Index Scan on sbtest3_pkey  (cost=0.00..34.53 rows=1009 width=0)
	                    Index Cond: ((id >= 4981586) AND (id <= 4982585))

table 4 : explain SELECT DISTINCT c FROM sbtest4 WHERE id BETWEEN 3940563 AND 3941562 ORDER BY c
	Unique  (cost=3932.48..3937.49 rows=1002 width=121)
	  ->  Sort  (cost=3932.48..3934.98 rows=1002 width=121)
	        Sort Key: c
	        ->  Bitmap Heap Scan on sbtest4  (cost=34.71..3882.54 rows=1002 width=121)
	              Recheck Cond: ((id >= 3940563) AND (id <= 3941562))
	              ->  Bitmap Index Scan on sbtest4_pkey  (cost=0.00..34.45 rows=1002 width=0)
	                    Index Cond: ((id >= 3940563) AND (id <= 3941562))

table 5 : explain SELECT DISTINCT c FROM sbtest5 WHERE id BETWEEN 5452245 AND 5453244 ORDER BY c
	Unique  (cost=3792.14..3796.96 rows=965 width=121)
	  ->  Sort  (cost=3792.14..3794.55 rows=965 width=121)
	        Sort Key: c
	        ->  Bitmap Heap Scan on sbtest5  (cost=34.33..3744.30 rows=965 width=121)
	              Recheck Cond: ((id >= 5452245) AND (id <= 5453244))
	              ->  Bitmap Index Scan on sbtest5_pkey  (cost=0.00..34.09 rows=965 width=0)
	                    Index Cond: ((id >= 5452245) AND (id <= 5453244))

table 6 : explain SELECT DISTINCT c FROM sbtest6 WHERE id BETWEEN 402737 AND 403736 ORDER BY c
	Unique  (cost=3445.52..3449.90 rows=876 width=121)
	  ->  Sort  (cost=3445.52..3447.71 rows=876 width=121)
	        Sort Key: c
	        ->  Bitmap Heap Scan on sbtest6  (cost=29.41..3402.70 rows=876 width=121)
	              Recheck Cond: ((id >= 402737) AND (id <= 403736))
	              ->  Bitmap Index Scan on sbtest6_pkey  (cost=0.00..29.19 rows=876 width=0)
	                    Index Cond: ((id >= 402737) AND (id <= 403736))

table 7 : explain SELECT DISTINCT c FROM sbtest7 WHERE id BETWEEN 1747093 AND 1748092 ORDER BY c
	Unique  (cost=4101.72..4106.95 rows=1046 width=121)
	  ->  Sort  (cost=4101.72..4104.34 rows=1046 width=121)
	        Sort Key: c
	        ->  Bitmap Heap Scan on sbtest7  (cost=35.16..4049.26 rows=1046 width=121)
	              Recheck Cond: ((id >= 1747093) AND (id <= 1748092))
	              ->  Bitmap Index Scan on sbtest7_pkey  (cost=0.00..34.90 rows=1046 width=0)
	                    Index Cond: ((id >= 1747093) AND (id <= 1748092))

table 8 : explain SELECT DISTINCT c FROM sbtest8 WHERE id BETWEEN 4025712 AND 4026711 ORDER BY c
	Unique  (cost=3918.66..3923.65 rows=998 width=121)
	  ->  Sort  (cost=3918.66..3921.16 rows=998 width=121)
	        Sort Key: c
	        ->  Bitmap Heap Scan on sbtest8  (cost=34.66..3868.95 rows=998 width=121)
	              Recheck Cond: ((id >= 4025712) AND (id <= 4026711))
	              ->  Bitmap Index Scan on sbtest8_pkey  (cost=0.00..34.42 rows=998 width=0)
	                    Index Cond: ((id >= 4025712) AND (id <= 4026711))

for: distinct_ranges
table 1 : explain SELECT DISTINCT c FROM sbtest1 WHERE id BETWEEN 9841165 AND 9842164 ORDER BY c
	Unique  (cost=3845.29..3850.18 rows=978 width=121)
	  ->  Sort  (cost=3845.29..3847.74 rows=978 width=121)
	        Sort Key: c
	        ->  Bitmap Heap Scan on sbtest1  (cost=34.46..3796.72 rows=978 width=121)
	              Recheck Cond: ((id >= 9841165) AND (id <= 9842164))
	              ->  Bitmap Index Scan on sbtest1_pkey  (cost=0.00..34.22 rows=978 width=0)
	                    Index Cond: ((id >= 9841165) AND (id <= 9842164))

table 2 : explain SELECT DISTINCT c FROM sbtest2 WHERE id BETWEEN 5723922 AND 5724921 ORDER BY c
	Unique  (cost=4084.30..4089.51 rows=1042 width=121)
	  ->  Sort  (cost=4084.30..4086.90 rows=1042 width=121)
	        Sort Key: c
	        ->  Bitmap Heap Scan on sbtest2  (cost=35.12..4032.07 rows=1042 width=121)
	              Recheck Cond: ((id >= 5723922) AND (id <= 5724921))
	              ->  Bitmap Index Scan on sbtest2_pkey  (cost=0.00..34.86 rows=1042 width=0)
	                    Index Cond: ((id >= 5723922) AND (id <= 5724921))

table 3 : explain SELECT DISTINCT c FROM sbtest3 WHERE id BETWEEN 5944873 AND 5945872 ORDER BY c
	Unique  (cost=4122.14..4127.40 rows=1052 width=121)
	  ->  Sort  (cost=4122.14..4124.77 rows=1052 width=121)
	        Sort Key: c
	        ->  Bitmap Heap Scan on sbtest3  (cost=35.22..4069.33 rows=1052 width=121)
	              Recheck Cond: ((id >= 5944873) AND (id <= 5945872))
	              ->  Bitmap Index Scan on sbtest3_pkey  (cost=0.00..34.95 rows=1052 width=0)
	                    Index Cond: ((id >= 5944873) AND (id <= 5945872))

table 4 : explain SELECT DISTINCT c FROM sbtest4 WHERE id BETWEEN 7245405 AND 7246404 ORDER BY c
	Unique  (cost=4066.31..4071.49 rows=1037 width=121)
	  ->  Sort  (cost=4066.31..4068.90 rows=1037 width=121)
	        Sort Key: c
	        ->  Bitmap Heap Scan on sbtest4  (cost=35.06..4014.36 rows=1037 width=121)
	              Recheck Cond: ((id >= 7245405) AND (id <= 7246404))
	              ->  Bitmap Index Scan on sbtest4_pkey  (cost=0.00..34.81 rows=1037 width=0)
	                    Index Cond: ((id >= 7245405) AND (id <= 7246404))

table 5 : explain SELECT DISTINCT c FROM sbtest5 WHERE id BETWEEN 7748357 AND 7749356 ORDER BY c
	Unique  (cost=4014.21..4019.32 rows=1023 width=121)
	  ->  Sort  (cost=4014.21..4016.76 rows=1023 width=121)
	        Sort Key: c
	        ->  Bitmap Heap Scan on sbtest5  (cost=34.92..3963.06 rows=1023 width=121)
	              Recheck Cond: ((id >= 7748357) AND (id <= 7749356))
	              ->  Bitmap Index Scan on sbtest5_pkey  (cost=0.00..34.67 rows=1023 width=0)
	                    Index Cond: ((id >= 7748357) AND (id <= 7749356))

table 6 : explain SELECT DISTINCT c FROM sbtest6 WHERE id BETWEEN 361974 AND 362973 ORDER BY c
	Unique  (cost=3445.52..3449.90 rows=876 width=121)
	  ->  Sort  (cost=3445.52..3447.71 rows=876 width=121)
	        Sort Key: c
	        ->  Bitmap Heap Scan on sbtest6  (cost=29.41..3402.70 rows=876 width=121)
	              Recheck Cond: ((id >= 361974) AND (id <= 362973))
	              ->  Bitmap Index Scan on sbtest6_pkey  (cost=0.00..29.19 rows=876 width=0)
	                    Index Cond: ((id >= 361974) AND (id <= 362973))

table 7 : explain SELECT DISTINCT c FROM sbtest7 WHERE id BETWEEN 7591370 AND 7592369 ORDER BY c
	Unique  (cost=3891.34..3896.29 rows=991 width=121)
	  ->  Sort  (cost=3891.34..3893.81 rows=991 width=121)
	        Sort Key: c
	        ->  Bitmap Heap Scan on sbtest7  (cost=34.59..3842.02 rows=991 width=121)
	              Recheck Cond: ((id >= 7591370) AND (id <= 7592369))
	              ->  Bitmap Index Scan on sbtest7_pkey  (cost=0.00..34.34 rows=991 width=0)
	                    Index Cond: ((id >= 7591370) AND (id <= 7592369))

table 8 : explain SELECT DISTINCT c FROM sbtest8 WHERE id BETWEEN 4686478 AND 4687477 ORDER BY c
	Unique  (cost=4087.00..4092.21 rows=1042 width=121)
	  ->  Sort  (cost=4087.00..4089.60 rows=1042 width=121)
	        Sort Key: c
	        ->  Bitmap Heap Scan on sbtest8  (cost=35.12..4034.77 rows=1042 width=121)
	              Recheck Cond: ((id >= 4686478) AND (id <= 4687477))
	              ->  Bitmap Index Scan on sbtest8_pkey  (cost=0.00..34.86 rows=1042 width=0)
	                    Index Cond: ((id >= 4686478) AND (id <= 4687477))

for: simple_ranges
table 1 : explain SELECT c FROM sbtest1 WHERE id BETWEEN 2021084 AND 2022083
	Bitmap Heap Scan on sbtest1  (cost=34.98..3989.28 rows=1029 width=121)
	  Recheck Cond: ((id >= 2021084) AND (id <= 2022083))
	  ->  Bitmap Index Scan on sbtest1_pkey  (cost=0.00..34.73 rows=1029 width=0)
	        Index Cond: ((id >= 2021084) AND (id <= 2022083))

table 2 : explain SELECT c FROM sbtest2 WHERE id BETWEEN 8693006 AND 8694005
	Bitmap Heap Scan on sbtest2  (cost=35.28..4092.24 rows=1058 width=121)
	  Recheck Cond: ((id >= 8693006) AND (id <= 8694005))
	  ->  Bitmap Index Scan on sbtest2_pkey  (cost=0.00..35.02 rows=1058 width=0)
	        Index Cond: ((id >= 8693006) AND (id <= 8694005))

table 3 : explain SELECT c FROM sbtest3 WHERE id BETWEEN 9671043 AND 9672042
	Bitmap Heap Scan on sbtest3  (cost=29.57..3458.25 rows=891 width=121)
	  Recheck Cond: ((id >= 9671043) AND (id <= 9672042))
	  ->  Bitmap Index Scan on sbtest3_pkey  (cost=0.00..29.34 rows=891 width=0)
	        Index Cond: ((id >= 9671043) AND (id <= 9672042))

table 4 : explain SELECT c FROM sbtest4 WHERE id BETWEEN 6897518 AND 6898517
	Bitmap Heap Scan on sbtest4  (cost=34.58..3837.30 rows=990 width=121)
	  Recheck Cond: ((id >= 6897518) AND (id <= 6898517))
	  ->  Bitmap Index Scan on sbtest4_pkey  (cost=0.00..34.34 rows=990 width=0)
	        Index Cond: ((id >= 6897518) AND (id <= 6898517))

table 5 : explain SELECT c FROM sbtest5 WHERE id BETWEEN 1110370 AND 1111369
	Bitmap Heap Scan on sbtest5  (cost=34.96..3978.14 rows=1027 width=121)
	  Recheck Cond: ((id >= 1110370) AND (id <= 1111369))
	  ->  Bitmap Index Scan on sbtest5_pkey  (cost=0.00..34.70 rows=1027 width=0)
	        Index Cond: ((id >= 1110370) AND (id <= 1111369))

table 6 : explain SELECT c FROM sbtest6 WHERE id BETWEEN 5653807 AND 5654806
	Bitmap Heap Scan on sbtest6  (cost=35.81..4288.91 rows=1110 width=121)
	  Recheck Cond: ((id >= 5653807) AND (id <= 5654806))
	  ->  Bitmap Index Scan on sbtest6_pkey  (cost=0.00..35.54 rows=1110 width=0)
	        Index Cond: ((id >= 5653807) AND (id <= 5654806))

table 7 : explain SELECT c FROM sbtest7 WHERE id BETWEEN 7849371 AND 7850370
	Bitmap Heap Scan on sbtest7  (cost=34.12..3668.39 rows=945 width=121)
	  Recheck Cond: ((id >= 7849371) AND (id <= 7850370))
	  ->  Bitmap Index Scan on sbtest7_pkey  (cost=0.00..33.89 rows=945 width=0)
	        Index Cond: ((id >= 7849371) AND (id <= 7850370))

table 8 : explain SELECT c FROM sbtest8 WHERE id BETWEEN 346599 AND 347598
	Bitmap Heap Scan on sbtest8  (cost=34.24..3714.21 rows=957 width=121)
	  Recheck Cond: ((id >= 346599) AND (id <= 347598))
	  ->  Bitmap Index Scan on sbtest8_pkey  (cost=0.00..34.01 rows=957 width=0)
	        Index Cond: ((id >= 346599) AND (id <= 347598))

for: distinct_ranges
table 1 : explain SELECT DISTINCT c FROM sbtest1 WHERE id BETWEEN 5521464 AND 5522463 ORDER BY c
	Unique  (cost=3526.35..3530.83 rows=896 width=121)
	  ->  Sort  (cost=3526.35..3528.59 rows=896 width=121)
	        Sort Key: c
	        ->  Bitmap Heap Scan on sbtest1  (cost=29.62..3482.41 rows=896 width=121)
	              Recheck Cond: ((id >= 5521464) AND (id <= 5522463))
	              ->  Bitmap Index Scan on sbtest1_pkey  (cost=0.00..29.39 rows=896 width=0)
	                    Index Cond: ((id >= 5521464) AND (id <= 5522463))

table 2 : explain SELECT DISTINCT c FROM sbtest2 WHERE id BETWEEN 2085871 AND 2086870 ORDER BY c
	Unique  (cost=3732.40..3737.15 rows=950 width=121)
	  ->  Sort  (cost=3732.40..3734.78 rows=950 width=121)
	        Sort Key: c
	        ->  Bitmap Heap Scan on sbtest2  (cost=34.17..3685.42 rows=950 width=121)
	              Recheck Cond: ((id >= 2085871) AND (id <= 2086870))
	              ->  Bitmap Index Scan on sbtest2_pkey  (cost=0.00..33.94 rows=950 width=0)
	                    Index Cond: ((id >= 2085871) AND (id <= 2086870))

table 3 : explain SELECT DISTINCT c FROM sbtest3 WHERE id BETWEEN 4679723 AND 4680722 ORDER BY c
	Unique  (cost=3957.86..3962.91 rows=1009 width=121)
	  ->  Sort  (cost=3957.86..3960.39 rows=1009 width=121)
	        Sort Key: c
	        ->  Bitmap Heap Scan on sbtest3  (cost=34.78..3907.52 rows=1009 width=121)
	              Recheck Cond: ((id >= 4679723) AND (id <= 4680722))
	              ->  Bitmap Index Scan on sbtest3_pkey  (cost=0.00..34.53 rows=1009 width=0)
	                    Index Cond: ((id >= 4679723) AND (id <= 4680722))

table 4 : explain SELECT DISTINCT c FROM sbtest4 WHERE id BETWEEN 1875232 AND 1876231 ORDER BY c
	Unique  (cost=3714.21..3718.94 rows=945 width=121)
	  ->  Sort  (cost=3714.21..3716.57 rows=945 width=121)
	        Sort Key: c
	        ->  Bitmap Heap Scan on sbtest4  (cost=34.12..3667.51 rows=945 width=121)
	              Recheck Cond: ((id >= 1875232) AND (id <= 1876231))
	              ->  Bitmap Index Scan on sbtest4_pkey  (cost=0.00..33.89 rows=945 width=0)
	                    Index Cond: ((id >= 1875232) AND (id <= 1876231))

table 5 : explain SELECT DISTINCT c FROM sbtest5 WHERE id BETWEEN 4706194 AND 4707193 ORDER BY c
	Unique  (cost=3861.10..3866.01 rows=983 width=121)
	  ->  Sort  (cost=3861.10..3863.56 rows=983 width=121)
	        Sort Key: c
	        ->  Bitmap Heap Scan on sbtest5  (cost=34.51..3812.24 rows=983 width=121)
	              Recheck Cond: ((id >= 4706194) AND (id <= 4707193))
	              ->  Bitmap Index Scan on sbtest5_pkey  (cost=0.00..34.27 rows=983 width=0)
	                    Index Cond: ((id >= 4706194) AND (id <= 4707193))

table 6 : explain SELECT DISTINCT c FROM sbtest6 WHERE id BETWEEN 1827408 AND 1828407 ORDER BY c
	Unique  (cost=4230.61..4236.01 rows=1080 width=121)
	  ->  Sort  (cost=4230.61..4233.31 rows=1080 width=121)
	        Sort Key: c
	        ->  Bitmap Heap Scan on sbtest6  (cost=35.51..4176.20 rows=1080 width=121)
	              Recheck Cond: ((id >= 1827408) AND (id <= 1828407))
	              ->  Bitmap Index Scan on sbtest6_pkey  (cost=0.00..35.23 rows=1080 width=0)
	                    Index Cond: ((id >= 1827408) AND (id <= 1828407))

table 7 : explain SELECT DISTINCT c FROM sbtest7 WHERE id BETWEEN 9385489 AND 9386488 ORDER BY c
	Unique  (cost=3657.40..3662.06 rows=931 width=121)
	  ->  Sort  (cost=3657.40..3659.73 rows=931 width=121)
	        Sort Key: c
	        ->  Bitmap Heap Scan on sbtest7  (cost=29.98..3611.49 rows=931 width=121)
	              Recheck Cond: ((id >= 9385489) AND (id <= 9386488))
	              ->  Bitmap Index Scan on sbtest7_pkey  (cost=0.00..29.75 rows=931 width=0)
	                    Index Cond: ((id >= 9385489) AND (id <= 9386488))

table 8 : explain SELECT DISTINCT c FROM sbtest8 WHERE id BETWEEN 1420203 AND 1421202 ORDER BY c
	Unique  (cost=4182.54..4187.88 rows=1067 width=121)
	  ->  Sort  (cost=4182.54..4185.21 rows=1067 width=121)
	        Sort Key: c
	        ->  Bitmap Heap Scan on sbtest8  (cost=35.37..4128.88 rows=1067 width=121)
	              Recheck Cond: ((id >= 1420203) AND (id <= 1421202))
	              ->  Bitmap Index Scan on sbtest8_pkey  (cost=0.00..35.11 rows=1067 width=0)
	                    Index Cond: ((id >= 1420203) AND (id <= 1421202))

for: simple_ranges
table 1 : explain SELECT c FROM sbtest1 WHERE id BETWEEN 3598846 AND 3599845
	Bitmap Heap Scan on sbtest1  (cost=34.36..3758.92 rows=968 width=121)
	  Recheck Cond: ((id >= 3598846) AND (id <= 3599845))
	  ->  Bitmap Index Scan on sbtest1_pkey  (cost=0.00..34.12 rows=968 width=0)
	        Index Cond: ((id >= 3598846) AND (id <= 3599845))

table 2 : explain SELECT c FROM sbtest2 WHERE id BETWEEN 4639703 AND 4640702
	Bitmap Heap Scan on sbtest2  (cost=35.65..4227.52 rows=1094 width=121)
	  Recheck Cond: ((id >= 4639703) AND (id <= 4640702))
	  ->  Bitmap Index Scan on sbtest2_pkey  (cost=0.00..35.38 rows=1094 width=0)
	        Index Cond: ((id >= 4639703) AND (id <= 4640702))

table 3 : explain SELECT c FROM sbtest3 WHERE id BETWEEN 7791515 AND 7792514
	Bitmap Heap Scan on sbtest3  (cost=34.28..3722.85 rows=960 width=121)
	  Recheck Cond: ((id >= 7791515) AND (id <= 7792514))
	  ->  Bitmap Index Scan on sbtest3_pkey  (cost=0.00..34.04 rows=960 width=0)
	        Index Cond: ((id >= 7791515) AND (id <= 7792514))

table 4 : explain SELECT c FROM sbtest4 WHERE id BETWEEN 9780024 AND 9781023
	Bitmap Heap Scan on sbtest4  (cost=35.13..4036.95 rows=1043 width=121)
	  Recheck Cond: ((id >= 9780024) AND (id <= 9781023))
	  ->  Bitmap Index Scan on sbtest4_pkey  (cost=0.00..34.87 rows=1043 width=0)
	        Index Cond: ((id >= 9780024) AND (id <= 9781023))

table 5 : explain SELECT c FROM sbtest5 WHERE id BETWEEN 2001217 AND 2002216
	Bitmap Heap Scan on sbtest5  (cost=29.93..3592.96 rows=926 width=121)
	  Recheck Cond: ((id >= 2001217) AND (id <= 2002216))
	  ->  Bitmap Index Scan on sbtest5_pkey  (cost=0.00..29.69 rows=926 width=0)
	        Index Cond: ((id >= 2001217) AND (id <= 2002216))

table 6 : explain SELECT c FROM sbtest6 WHERE id BETWEEN 9317706 AND 9318705
	Bitmap Heap Scan on sbtest6  (cost=34.42..3777.04 rows=974 width=121)
	  Recheck Cond: ((id >= 9317706) AND (id <= 9318705))
	  ->  Bitmap Index Scan on sbtest6_pkey  (cost=0.00..34.18 rows=974 width=0)
	        Index Cond: ((id >= 9317706) AND (id <= 9318705))

table 7 : explain SELECT c FROM sbtest7 WHERE id BETWEEN 862077 AND 863076
	Bitmap Heap Scan on sbtest7  (cost=35.12..4034.21 rows=1042 width=121)
	  Recheck Cond: ((id >= 862077) AND (id <= 863076))
	  ->  Bitmap Index Scan on sbtest7_pkey  (cost=0.00..34.86 rows=1042 width=0)
	        Index Cond: ((id >= 862077) AND (id <= 863076))

table 8 : explain SELECT c FROM sbtest8 WHERE id BETWEEN 4060364 AND 4061363
	Bitmap Heap Scan on sbtest8  (cost=34.66..3868.95 rows=998 width=121)
	  Recheck Cond: ((id >= 4060364) AND (id <= 4061363))
	  ->  Bitmap Index Scan on sbtest8_pkey  (cost=0.00..34.42 rows=998 width=0)
	        Index Cond: ((id >= 4060364) AND (id <= 4061363))

for: order_ranges
table 1 : explain SELECT c FROM sbtest1 WHERE id BETWEEN 8860614 AND 8861613 ORDER BY c
	Sort  (cost=3925.82..3928.32 rows=999 width=121)
	  Sort Key: c
	  ->  Bitmap Heap Scan on sbtest1  (cost=34.67..3876.05 rows=999 width=121)
	        Recheck Cond: ((id >= 8860614) AND (id <= 8861613))
	        ->  Bitmap Index Scan on sbtest1_pkey  (cost=0.00..34.43 rows=999 width=0)
	              Index Cond: ((id >= 8860614) AND (id <= 8861613))

table 2 : explain SELECT c FROM sbtest2 WHERE id BETWEEN 4263968 AND 4264967 ORDER BY c
	Sort  (cost=3682.59..3684.94 rows=937 width=121)
	  Sort Key: c
	  ->  Bitmap Heap Scan on sbtest2  (cost=34.04..3636.34 rows=937 width=121)
	        Recheck Cond: ((id >= 4263968) AND (id <= 4264967))
	        ->  Bitmap Index Scan on sbtest2_pkey  (cost=0.00..33.81 rows=937 width=0)
	              Index Cond: ((id >= 4263968) AND (id <= 4264967))

table 3 : explain SELECT c FROM sbtest3 WHERE id BETWEEN 4350085 AND 4351084 ORDER BY c
	Sort  (cost=3639.98..3642.29 rows=927 width=121)
	  Sort Key: c
	  ->  Bitmap Heap Scan on sbtest3  (cost=29.94..3594.29 rows=927 width=121)
	        Recheck Cond: ((id >= 4350085) AND (id <= 4351084))
	        ->  Bitmap Index Scan on sbtest3_pkey  (cost=0.00..29.70 rows=927 width=0)
	              Index Cond: ((id >= 4350085) AND (id <= 4351084))

table 4 : explain SELECT c FROM sbtest4 WHERE id BETWEEN 6755585 AND 6756584 ORDER BY c
	Sort  (cost=3932.48..3934.98 rows=1002 width=121)
	  Sort Key: c
	  ->  Bitmap Heap Scan on sbtest4  (cost=34.71..3882.54 rows=1002 width=121)
	        Recheck Cond: ((id >= 6755585) AND (id <= 6756584))
	        ->  Bitmap Index Scan on sbtest4_pkey  (cost=0.00..34.45 rows=1002 width=0)
	              Index Cond: ((id >= 6755585) AND (id <= 6756584))

table 5 : explain SELECT c FROM sbtest5 WHERE id BETWEEN 8815621 AND 8816620 ORDER BY c
	Sort  (cost=3960.64..3963.16 rows=1009 width=121)
	  Sort Key: c
	  ->  Bitmap Heap Scan on sbtest5  (cost=34.78..3910.30 rows=1009 width=121)
	        Recheck Cond: ((id >= 8815621) AND (id <= 8816620))
	        ->  Bitmap Index Scan on sbtest5_pkey  (cost=0.00..34.53 rows=1009 width=0)
	              Index Cond: ((id >= 8815621) AND (id <= 8816620))

table 6 : explain SELECT c FROM sbtest6 WHERE id BETWEEN 3466144 AND 3467143 ORDER BY c
	Sort  (cost=3989.93..3992.47 rows=1017 width=121)
	  Sort Key: c
	  ->  Bitmap Heap Scan on sbtest6  (cost=34.86..3939.13 rows=1017 width=121)
	        Recheck Cond: ((id >= 3466144) AND (id <= 3467143))
	        ->  Bitmap Index Scan on sbtest6_pkey  (cost=0.00..34.61 rows=1017 width=0)
	              Index Cond: ((id >= 3466144) AND (id <= 3467143))

table 7 : explain SELECT c FROM sbtest7 WHERE id BETWEEN 5300551 AND 5301550 ORDER BY c
	Sort  (cost=3711.26..3713.62 rows=944 width=121)
	  Sort Key: c
	  ->  Bitmap Heap Scan on sbtest7  (cost=34.11..3664.61 rows=944 width=121)
	        Recheck Cond: ((id >= 5300551) AND (id <= 5301550))
	        ->  Bitmap Index Scan on sbtest7_pkey  (cost=0.00..33.88 rows=944 width=0)
	              Index Cond: ((id >= 5300551) AND (id <= 5301550))

table 8 : explain SELECT c FROM sbtest8 WHERE id BETWEEN 9096845 AND 9097844 ORDER BY c
	Sort  (cost=3631.02..3633.33 rows=924 width=121)
	  Sort Key: c
	  ->  Bitmap Heap Scan on sbtest8  (cost=29.91..3585.51 rows=924 width=121)
	        Recheck Cond: ((id >= 9096845) AND (id <= 9097844))
	        ->  Bitmap Index Scan on sbtest8_pkey  (cost=0.00..29.68 rows=924 width=0)
	              Index Cond: ((id >= 9096845) AND (id <= 9097844))

for: simple_ranges
table 1 : explain SELECT c FROM sbtest1 WHERE id BETWEEN 1918912 AND 1919911
	Bitmap Heap Scan on sbtest1  (cost=34.49..3808.05 rows=981 width=121)
	  Recheck Cond: ((id >= 1918912) AND (id <= 1919911))
	  ->  Bitmap Index Scan on sbtest1_pkey  (cost=0.00..34.25 rows=981 width=0)
	        Index Cond: ((id >= 1918912) AND (id <= 1919911))

table 2 : explain SELECT c FROM sbtest2 WHERE id BETWEEN 2252111 AND 2253110
	Bitmap Heap Scan on sbtest2  (cost=39.98..4347.91 rows=1126 width=121)
	  Recheck Cond: ((id >= 2252111) AND (id <= 2253110))
	  ->  Bitmap Index Scan on sbtest2_pkey  (cost=0.00..39.70 rows=1126 width=0)
	        Index Cond: ((id >= 2252111) AND (id <= 2253110))

table 3 : explain SELECT c FROM sbtest3 WHERE id BETWEEN 3573178 AND 3574177
	Bitmap Heap Scan on sbtest3  (cost=29.82..3552.74 rows=916 width=121)
	  Recheck Cond: ((id >= 3573178) AND (id <= 3574177))
	  ->  Bitmap Index Scan on sbtest3_pkey  (cost=0.00..29.59 rows=916 width=0)
	        Index Cond: ((id >= 3573178) AND (id <= 3574177))

table 4 : explain SELECT c FROM sbtest4 WHERE id BETWEEN 1549925 AND 1550924
	Bitmap Heap Scan on sbtest4  (cost=35.37..4127.23 rows=1067 width=121)
	  Recheck Cond: ((id >= 1549925) AND (id <= 1550924))
	  ->  Bitmap Index Scan on sbtest4_pkey  (cost=0.00..35.11 rows=1067 width=0)
	        Index Cond: ((id >= 1549925) AND (id <= 1550924))

table 5 : explain SELECT c FROM sbtest5 WHERE id BETWEEN 8956503 AND 8957502
	Bitmap Heap Scan on sbtest5  (cost=34.18..3691.43 rows=951 width=121)
	  Recheck Cond: ((id >= 8956503) AND (id <= 8957502))
	  ->  Bitmap Index Scan on sbtest5_pkey  (cost=0.00..33.95 rows=951 width=0)
	        Index Cond: ((id >= 8956503) AND (id <= 8957502))

table 6 : explain SELECT c FROM sbtest6 WHERE id BETWEEN 2970342 AND 2971341
	Bitmap Heap Scan on sbtest6  (cost=34.75..3897.69 rows=1006 width=121)
	  Recheck Cond: ((id >= 2970342) AND (id <= 2971341))
	  ->  Bitmap Index Scan on sbtest6_pkey  (cost=0.00..34.50 rows=1006 width=0)
	        Index Cond: ((id >= 2970342) AND (id <= 2971341))

table 7 : explain SELECT c FROM sbtest7 WHERE id BETWEEN 7942273 AND 7943272
	Bitmap Heap Scan on sbtest7  (cost=35.52..4180.95 rows=1081 width=121)
	  Recheck Cond: ((id >= 7942273) AND (id <= 7943272))
	  ->  Bitmap Index Scan on sbtest7_pkey  (cost=0.00..35.25 rows=1081 width=0)
	        Index Cond: ((id >= 7942273) AND (id <= 7943272))

table 8 : explain SELECT c FROM sbtest8 WHERE id BETWEEN 2414525 AND 2415524
	Bitmap Heap Scan on sbtest8  (cost=35.63..4222.91 rows=1092 width=121)
	  Recheck Cond: ((id >= 2414525) AND (id <= 2415524))
	  ->  Bitmap Index Scan on sbtest8_pkey  (cost=0.00..35.36 rows=1092 width=0)
	        Index Cond: ((id >= 2414525) AND (id <= 2415524))

for: distinct_ranges
table 1 : explain SELECT DISTINCT c FROM sbtest1 WHERE id BETWEEN 1800589 AND 1801588 ORDER BY c
	Unique  (cost=3814.60..3819.45 rows=970 width=121)
	  ->  Sort  (cost=3814.60..3817.03 rows=970 width=121)
	        Sort Key: c
	        ->  Bitmap Heap Scan on sbtest1  (cost=34.38..3766.48 rows=970 width=121)
	              Recheck Cond: ((id >= 1800589) AND (id <= 1801588))
	              ->  Bitmap Index Scan on sbtest1_pkey  (cost=0.00..34.14 rows=970 width=0)
	                    Index Cond: ((id >= 1800589) AND (id <= 1801588))

table 2 : explain SELECT DISTINCT c FROM sbtest2 WHERE id BETWEEN 5712461 AND 5713460 ORDER BY c
	Unique  (cost=4084.30..4089.51 rows=1042 width=121)
	  ->  Sort  (cost=4084.30..4086.90 rows=1042 width=121)
	        Sort Key: c
	        ->  Bitmap Heap Scan on sbtest2  (cost=35.12..4032.07 rows=1042 width=121)
	              Recheck Cond: ((id >= 5712461) AND (id <= 5713460))
	              ->  Bitmap Index Scan on sbtest2_pkey  (cost=0.00..34.86 rows=1042 width=0)
	                    Index Cond: ((id >= 5712461) AND (id <= 5713460))

table 3 : explain SELECT DISTINCT c FROM sbtest3 WHERE id BETWEEN 3964032 AND 3965031 ORDER BY c
	Unique  (cost=4335.82..4341.37 rows=1109 width=121)
	  ->  Sort  (cost=4335.82..4338.60 rows=1109 width=121)
	        Sort Key: c
	        ->  Bitmap Heap Scan on sbtest3  (cost=35.80..4279.74 rows=1109 width=121)
	              Recheck Cond: ((id >= 3964032) AND (id <= 3965031))
	              ->  Bitmap Index Scan on sbtest3_pkey  (cost=0.00..35.53 rows=1109 width=0)
	                    Index Cond: ((id >= 3964032) AND (id <= 3965031))

table 4 : explain SELECT DISTINCT c FROM sbtest4 WHERE id BETWEEN 2591642 AND 2592641 ORDER BY c
	Unique  (cost=3855.94..3860.85 rows=982 width=121)
	  ->  Sort  (cost=3855.94..3858.39 rows=982 width=121)
	        Sort Key: c
	        ->  Bitmap Heap Scan on sbtest4  (cost=34.50..3807.14 rows=982 width=121)
	              Recheck Cond: ((id >= 2591642) AND (id <= 2592641))
	              ->  Bitmap Index Scan on sbtest4_pkey  (cost=0.00..34.26 rows=982 width=0)
	                    Index Cond: ((id >= 2591642) AND (id <= 2592641))

table 5 : explain SELECT DISTINCT c FROM sbtest5 WHERE id BETWEEN 5383985 AND 5384984 ORDER BY c
	Unique  (cost=3792.14..3796.96 rows=965 width=121)
	  ->  Sort  (cost=3792.14..3794.55 rows=965 width=121)
	        Sort Key: c
	        ->  Bitmap Heap Scan on sbtest5  (cost=34.33..3744.30 rows=965 width=121)
	              Recheck Cond: ((id >= 5383985) AND (id <= 5384984))
	              ->  Bitmap Index Scan on sbtest5_pkey  (cost=0.00..34.09 rows=965 width=0)
	                    Index Cond: ((id >= 5383985) AND (id <= 5384984))

table 6 : explain SELECT DISTINCT c FROM sbtest6 WHERE id BETWEEN 181929 AND 182928 ORDER BY c
	Unique  (cost=4119.88..4125.14 rows=1051 width=121)
	  ->  Sort  (cost=4119.88..4122.51 rows=1051 width=121)
	        Sort Key: c
	        ->  Bitmap Heap Scan on sbtest6  (cost=35.21..4067.13 rows=1051 width=121)
	              Recheck Cond: ((id >= 181929) AND (id <= 182928))
	              ->  Bitmap Index Scan on sbtest6_pkey  (cost=0.00..34.95 rows=1051 width=0)
	                    Index Cond: ((id >= 181929) AND (id <= 182928))

table 7 : explain SELECT DISTINCT c FROM sbtest7 WHERE id BETWEEN 8522514 AND 8523513 ORDER BY c
	Unique  (cost=3703.59..3708.30 rows=942 width=121)
	  ->  Sort  (cost=3703.59..3705.95 rows=942 width=121)
	        Sort Key: c
	        ->  Bitmap Heap Scan on sbtest7  (cost=34.09..3657.06 rows=942 width=121)
	              Recheck Cond: ((id >= 8522514) AND (id <= 8523513))
	              ->  Bitmap Index Scan on sbtest7_pkey  (cost=0.00..33.86 rows=942 width=0)
	                    Index Cond: ((id >= 8522514) AND (id <= 8523513))

table 8 : explain SELECT DISTINCT c FROM sbtest8 WHERE id BETWEEN 2106881 AND 2107880 ORDER BY c
	Unique  (cost=4060.23..4065.41 rows=1035 width=121)
	  ->  Sort  (cost=4060.23..4062.82 rows=1035 width=121)
	        Sort Key: c
	        ->  Bitmap Heap Scan on sbtest8  (cost=35.04..4008.40 rows=1035 width=121)
	              Recheck Cond: ((id >= 2106881) AND (id <= 2107880))
	              ->  Bitmap Index Scan on sbtest8_pkey  (cost=0.00..34.79 rows=1035 width=0)
	                    Index Cond: ((id >= 2106881) AND (id <= 2107880))

for: simple_ranges
table 1 : explain SELECT c FROM sbtest1 WHERE id BETWEEN 8865991 AND 8866990
	Bitmap Heap Scan on sbtest1  (cost=34.67..3876.05 rows=999 width=121)
	  Recheck Cond: ((id >= 8865991) AND (id <= 8866990))
	  ->  Bitmap Index Scan on sbtest1_pkey  (cost=0.00..34.43 rows=999 width=0)
	        Index Cond: ((id >= 8865991) AND (id <= 8866990))

table 2 : explain SELECT c FROM sbtest2 WHERE id BETWEEN 2729862 AND 2730861
	Bitmap Heap Scan on sbtest2  (cost=34.19..3692.96 rows=952 width=121)
	  Recheck Cond: ((id >= 2729862) AND (id <= 2730861))
	  ->  Bitmap Index Scan on sbtest2_pkey  (cost=0.00..33.95 rows=952 width=0)
	        Index Cond: ((id >= 2729862) AND (id <= 2730861))

table 3 : explain SELECT c FROM sbtest3 WHERE id BETWEEN 2512024 AND 2513023
	Bitmap Heap Scan on sbtest3  (cost=35.66..4230.91 rows=1095 width=121)
	  Recheck Cond: ((id >= 2512024) AND (id <= 2513023))
	  ->  Bitmap Index Scan on sbtest3_pkey  (cost=0.00..35.39 rows=1095 width=0)
	        Index Cond: ((id >= 2512024) AND (id <= 2513023))

table 4 : explain SELECT c FROM sbtest4 WHERE id BETWEEN 2677365 AND 2678364
	Bitmap Heap Scan on sbtest4  (cost=34.69..3875.00 rows=1000 width=121)
	  Recheck Cond: ((id >= 2677365) AND (id <= 2678364))
	  ->  Bitmap Index Scan on sbtest4_pkey  (cost=0.00..34.44 rows=1000 width=0)
	        Index Cond: ((id >= 2677365) AND (id <= 2678364))

table 5 : explain SELECT c FROM sbtest5 WHERE id BETWEEN 9769458 AND 9770457
	Bitmap Heap Scan on sbtest5  (cost=29.19..3320.40 rows=854 width=121)
	  Recheck Cond: ((id >= 9769458) AND (id <= 9770457))
	  ->  Bitmap Index Scan on sbtest5_pkey  (cost=0.00..28.97 rows=854 width=0)
	        Index Cond: ((id >= 9769458) AND (id <= 9770457))

table 6 : explain SELECT c FROM sbtest6 WHERE id BETWEEN 6154913 AND 6155912
	Bitmap Heap Scan on sbtest6  (cost=35.02..3999.39 rows=1033 width=121)
	  Recheck Cond: ((id >= 6154913) AND (id <= 6155912))
	  ->  Bitmap Index Scan on sbtest6_pkey  (cost=0.00..34.77 rows=1033 width=0)
	        Index Cond: ((id >= 6154913) AND (id <= 6155912))

table 7 : explain SELECT c FROM sbtest7 WHERE id BETWEEN 8001581 AND 8002580
	Bitmap Heap Scan on sbtest7  (cost=35.52..4180.95 rows=1081 width=121)
	  Recheck Cond: ((id >= 8001581) AND (id <= 8002580))
	  ->  Bitmap Index Scan on sbtest7_pkey  (cost=0.00..35.25 rows=1081 width=0)
	        Index Cond: ((id >= 8001581) AND (id <= 8002580))

table 8 : explain SELECT c FROM sbtest8 WHERE id BETWEEN 1419703 AND 1420702
	Bitmap Heap Scan on sbtest8  (cost=35.37..4128.88 rows=1067 width=121)
	  Recheck Cond: ((id >= 1419703) AND (id <= 1420702))
	  ->  Bitmap Index Scan on sbtest8_pkey  (cost=0.00..35.11 rows=1067 width=0)
	        Index Cond: ((id >= 1419703) AND (id <= 1420702))

for: sum_ranges
table 1 : explain SELECT SUM(k) FROM sbtest1 WHERE id BETWEEN 528228 AND 529227
	Aggregate  (cost=4195.53..4195.54 rows=1 width=8)
	  ->  Bitmap Heap Scan on sbtest1  (cost=35.54..4192.83 rows=1083 width=4)
	        Recheck Cond: ((id >= 528228) AND (id <= 529227))
	        ->  Bitmap Index Scan on sbtest1_pkey  (cost=0.00..35.27 rows=1083 width=0)
	              Index Cond: ((id >= 528228) AND (id <= 529227))

table 2 : explain SELECT SUM(k) FROM sbtest2 WHERE id BETWEEN 1673263 AND 1674262
	Aggregate  (cost=3789.71..3789.72 rows=1 width=8)
	  ->  Bitmap Heap Scan on sbtest2  (cost=34.45..3787.26 rows=977 width=4)
	        Recheck Cond: ((id >= 1673263) AND (id <= 1674262))
	        ->  Bitmap Index Scan on sbtest2_pkey  (cost=0.00..34.20 rows=977 width=0)
	              Index Cond: ((id >= 1673263) AND (id <= 1674262))

table 3 : explain SELECT SUM(k) FROM sbtest3 WHERE id BETWEEN 4061336 AND 4062335
	Aggregate  (cost=3396.13..3396.14 rows=1 width=8)
	  ->  Bitmap Heap Scan on sbtest3  (cost=29.39..3393.95 rows=874 width=4)
	        Recheck Cond: ((id >= 4061336) AND (id <= 4062335))
	        ->  Bitmap Index Scan on sbtest3_pkey  (cost=0.00..29.18 rows=874 width=0)
	              Index Cond: ((id >= 4061336) AND (id <= 4062335))

table 4 : explain SELECT SUM(k) FROM sbtest4 WHERE id BETWEEN 424108 AND 425107
	Aggregate  (cost=3688.76..3688.77 rows=1 width=8)
	  ->  Bitmap Heap Scan on sbtest4  (cost=34.17..3686.39 rows=950 width=4)
	        Recheck Cond: ((id >= 424108) AND (id <= 425107))
	        ->  Bitmap Index Scan on sbtest4_pkey  (cost=0.00..33.94 rows=950 width=0)
	              Index Cond: ((id >= 424108) AND (id <= 425107))

table 5 : explain SELECT SUM(k) FROM sbtest5 WHERE id BETWEEN 7424297 AND 7425296
	Aggregate  (cost=3565.00..3565.01 rows=1 width=8)
	  ->  Bitmap Heap Scan on sbtest5  (cost=29.84..3562.71 rows=918 width=4)
	        Recheck Cond: ((id >= 7424297) AND (id <= 7425296))
	        ->  Bitmap Index Scan on sbtest5_pkey  (cost=0.00..29.61 rows=918 width=0)
	              Index Cond: ((id >= 7424297) AND (id <= 7425296))

table 6 : explain SELECT SUM(k) FROM sbtest6 WHERE id BETWEEN 1821690 AND 1822689
	Aggregate  (cost=4178.90..4178.91 rows=1 width=8)
	  ->  Bitmap Heap Scan on sbtest6  (cost=35.51..4176.20 rows=1080 width=4)
	        Recheck Cond: ((id >= 1821690) AND (id <= 1822689))
	        ->  Bitmap Index Scan on sbtest6_pkey  (cost=0.00..35.23 rows=1080 width=0)
	              Index Cond: ((id >= 1821690) AND (id <= 1822689))

table 7 : explain SELECT SUM(k) FROM sbtest7 WHERE id BETWEEN 5562395 AND 5563394
	Aggregate  (cost=4063.18..4063.19 rows=1 width=8)
	  ->  Bitmap Heap Scan on sbtest7  (cost=35.19..4060.56 rows=1049 width=4)
	        Recheck Cond: ((id >= 5562395) AND (id <= 5563394))
	        ->  Bitmap Index Scan on sbtest7_pkey  (cost=0.00..34.93 rows=1049 width=0)
	              Index Cond: ((id >= 5562395) AND (id <= 5563394))

table 8 : explain SELECT SUM(k) FROM sbtest8 WHERE id BETWEEN 4041660 AND 4042659
	Aggregate  (cost=3871.44..3871.45 rows=1 width=8)
	  ->  Bitmap Heap Scan on sbtest8  (cost=34.66..3868.95 rows=998 width=4)
	        Recheck Cond: ((id >= 4041660) AND (id <= 4042659))
	        ->  Bitmap Index Scan on sbtest8_pkey  (cost=0.00..34.42 rows=998 width=0)
	              Index Cond: ((id >= 4041660) AND (id <= 4042659))

explain: for point_selects :: explain SELECT c FROM sbtest%u WHERE id=%u
for: distinct_ranges
table 1 : explain SELECT DISTINCT c FROM sbtest1 WHERE id BETWEEN 5425145 AND 5426144 ORDER BY c
	Unique  (cost=3526.35..3530.83 rows=896 width=121)
	  ->  Sort  (cost=3526.35..3528.59 rows=896 width=121)
	        Sort Key: c
	        ->  Bitmap Heap Scan on sbtest1  (cost=29.62..3482.41 rows=896 width=121)
	              Recheck Cond: ((id >= 5425145) AND (id <= 5426144))
	              ->  Bitmap Index Scan on sbtest1_pkey  (cost=0.00..29.39 rows=896 width=0)
	                    Index Cond: ((id >= 5425145) AND (id <= 5426144))

table 2 : explain SELECT DISTINCT c FROM sbtest2 WHERE id BETWEEN 2210465 AND 2211464 ORDER BY c
	Unique  (cost=4404.98..4410.61 rows=1126 width=121)
	  ->  Sort  (cost=4404.98..4407.80 rows=1126 width=121)
	        Sort Key: c
	        ->  Bitmap Heap Scan on sbtest2  (cost=39.98..4347.91 rows=1126 width=121)
	              Recheck Cond: ((id >= 2210465) AND (id <= 2211464))
	              ->  Bitmap Index Scan on sbtest2_pkey  (cost=0.00..39.70 rows=1126 width=0)
	                    Index Cond: ((id >= 2210465) AND (id <= 2211464))

table 3 : explain SELECT DISTINCT c FROM sbtest3 WHERE id BETWEEN 9741004 AND 9742003 ORDER BY c
	Unique  (cost=3739.76..3744.52 rows=952 width=121)
	  ->  Sort  (cost=3739.76..3742.14 rows=952 width=121)
	        Sort Key: c
	        ->  Bitmap Heap Scan on sbtest3  (cost=34.19..3692.66 rows=952 width=121)
	              Recheck Cond: ((id >= 9741004) AND (id <= 9742003))
	              ->  Bitmap Index Scan on sbtest3_pkey  (cost=0.00..33.95 rows=952 width=0)
	                    Index Cond: ((id >= 9741004) AND (id <= 9742003))

table 4 : explain SELECT DISTINCT c FROM sbtest4 WHERE id BETWEEN 2443150 AND 2444149 ORDER BY c
	Unique  (cost=3809.99..3814.84 rows=970 width=121)
	  ->  Sort  (cost=3809.99..3812.42 rows=970 width=121)
	        Sort Key: c
	        ->  Bitmap Heap Scan on sbtest4  (cost=34.38..3761.87 rows=970 width=121)
	              Recheck Cond: ((id >= 2443150) AND (id <= 2444149))
	              ->  Bitmap Index Scan on sbtest4_pkey  (cost=0.00..34.14 rows=970 width=0)
	                    Index Cond: ((id >= 2443150) AND (id <= 2444149))

table 5 : explain SELECT DISTINCT c FROM sbtest5 WHERE id BETWEEN 6608905 AND 6609904 ORDER BY c
	Unique  (cost=4029.51..4034.64 rows=1027 width=121)
	  ->  Sort  (cost=4029.51..4032.07 rows=1027 width=121)
	        Sort Key: c
	        ->  Bitmap Heap Scan on sbtest5  (cost=34.96..3978.14 rows=1027 width=121)
	              Recheck Cond: ((id >= 6608905) AND (id <= 6609904))
	              ->  Bitmap Index Scan on sbtest5_pkey  (cost=0.00..34.70 rows=1027 width=0)
	                    Index Cond: ((id >= 6608905) AND (id <= 6609904))

table 6 : explain SELECT DISTINCT c FROM sbtest6 WHERE id BETWEEN 1077258 AND 1078257 ORDER BY c
	Unique  (cost=3729.61..3734.36 rows=949 width=121)
	  ->  Sort  (cost=3729.61..3731.99 rows=949 width=121)
	        Sort Key: c
	        ->  Bitmap Heap Scan on sbtest6  (cost=34.16..3682.69 rows=949 width=121)
	              Recheck Cond: ((id >= 1077258) AND (id <= 1078257))
	              ->  Bitmap Index Scan on sbtest6_pkey  (cost=0.00..33.93 rows=949 width=0)
	                    Index Cond: ((id >= 1077258) AND (id <= 1078257))

table 7 : explain SELECT DISTINCT c FROM sbtest7 WHERE id BETWEEN 8440180 AND 8441179 ORDER BY c
	Unique  (cost=3665.08..3669.74 rows=933 width=121)
	  ->  Sort  (cost=3665.08..3667.41 rows=933 width=121)
	        Sort Key: c
	        ->  Bitmap Heap Scan on sbtest7  (cost=30.00..3619.05 rows=933 width=121)
	              Recheck Cond: ((id >= 8440180) AND (id <= 8441179))
	              ->  Bitmap Index Scan on sbtest7_pkey  (cost=0.00..29.76 rows=933 width=0)
	                    Index Cond: ((id >= 8440180) AND (id <= 8441179))

table 8 : explain SELECT DISTINCT c FROM sbtest8 WHERE id BETWEEN 5991323 AND 5992322 ORDER BY c
	Unique  (cost=3462.05..3466.45 rows=880 width=121)
	  ->  Sort  (cost=3462.05..3464.25 rows=880 width=121)
	        Sort Key: c
	        ->  Bitmap Heap Scan on sbtest8  (cost=29.45..3419.01 rows=880 width=121)
	              Recheck Cond: ((id >= 5991323) AND (id <= 5992322))
	              ->  Bitmap Index Scan on sbtest8_pkey  (cost=0.00..29.23 rows=880 width=0)
	                    Index Cond: ((id >= 5991323) AND (id <= 5992322))

for: simple_ranges
table 1 : explain SELECT c FROM sbtest1 WHERE id BETWEEN 7882237 AND 7883236
	Bitmap Heap Scan on sbtest1  (cost=34.58..3842.06 rows=990 width=121)
	  Recheck Cond: ((id >= 7882237) AND (id <= 7883236))
	  ->  Bitmap Index Scan on sbtest1_pkey  (cost=0.00..34.34 rows=990 width=0)
	        Index Cond: ((id >= 7882237) AND (id <= 7883236))

table 2 : explain SELECT c FROM sbtest2 WHERE id BETWEEN 867994 AND 868993
	Bitmap Heap Scan on sbtest2  (cost=34.48..3798.58 rows=980 width=121)
	  Recheck Cond: ((id >= 867994) AND (id <= 868993))
	  ->  Bitmap Index Scan on sbtest2_pkey  (cost=0.00..34.23 rows=980 width=0)
	        Index Cond: ((id >= 867994) AND (id <= 868993))

table 3 : explain SELECT c FROM sbtest3 WHERE id BETWEEN 6428205 AND 6429204
	Bitmap Heap Scan on sbtest3  (cost=35.86..4302.25 rows=1115 width=121)
	  Recheck Cond: ((id >= 6428205) AND (id <= 6429204))
	  ->  Bitmap Index Scan on sbtest3_pkey  (cost=0.00..35.59 rows=1115 width=0)
	        Index Cond: ((id >= 6428205) AND (id <= 6429204))

table 4 : explain SELECT c FROM sbtest4 WHERE id BETWEEN 4467784 AND 4468783
	Bitmap Heap Scan on sbtest4  (cost=35.27..4089.62 rows=1057 width=121)
	  Recheck Cond: ((id >= 4467784) AND (id <= 4468783))
	  ->  Bitmap Index Scan on sbtest4_pkey  (cost=0.00..35.01 rows=1057 width=0)
	        Index Cond: ((id >= 4467784) AND (id <= 4468783))

table 5 : explain SELECT c FROM sbtest5 WHERE id BETWEEN 802412 AND 803411
	Bitmap Heap Scan on sbtest5  (cost=34.09..3657.43 rows=942 width=121)
	  Recheck Cond: ((id >= 802412) AND (id <= 803411))
	  ->  Bitmap Index Scan on sbtest5_pkey  (cost=0.00..33.86 rows=942 width=0)
	        Index Cond: ((id >= 802412) AND (id <= 803411))

table 6 : explain SELECT c FROM sbtest6 WHERE id BETWEEN 2748261 AND 2749260
	Bitmap Heap Scan on sbtest6  (cost=34.14..3675.13 rows=947 width=121)
	  Recheck Cond: ((id >= 2748261) AND (id <= 2749260))
	  ->  Bitmap Index Scan on sbtest6_pkey  (cost=0.00..33.91 rows=947 width=0)
	        Index Cond: ((id >= 2748261) AND (id <= 2749260))

table 7 : explain SELECT c FROM sbtest7 WHERE id BETWEEN 4822040 AND 4823039
	Bitmap Heap Scan on sbtest7  (cost=34.67..3872.19 rows=999 width=121)
	  Recheck Cond: ((id >= 4822040) AND (id <= 4823039))
	  ->  Bitmap Index Scan on sbtest7_pkey  (cost=0.00..34.43 rows=999 width=0)
	        Index Cond: ((id >= 4822040) AND (id <= 4823039))

table 8 : explain SELECT c FROM sbtest8 WHERE id BETWEEN 2553807 AND 2554806
	Bitmap Heap Scan on sbtest8  (cost=35.53..4185.31 rows=1082 width=121)
	  Recheck Cond: ((id >= 2553807) AND (id <= 2554806))
	  ->  Bitmap Index Scan on sbtest8_pkey  (cost=0.00..35.26 rows=1082 width=0)
	        Index Cond: ((id >= 2553807) AND (id <= 2554806))

for: sum_ranges
table 1 : explain SELECT SUM(k) FROM sbtest1 WHERE id BETWEEN 7224496 AND 7225495
	Aggregate  (cost=3768.91..3768.92 rows=1 width=8)
	  ->  Bitmap Heap Scan on sbtest1  (cost=34.38..3766.48 rows=970 width=4)
	        Recheck Cond: ((id >= 7224496) AND (id <= 7225495))
	        ->  Bitmap Index Scan on sbtest1_pkey  (cost=0.00..34.14 rows=970 width=0)
	              Index Cond: ((id >= 7224496) AND (id <= 7225495))

table 2 : explain SELECT SUM(k) FROM sbtest2 WHERE id BETWEEN 3953045 AND 3954044
	Aggregate  (cost=3842.51..3842.52 rows=1 width=8)
	  ->  Bitmap Heap Scan on sbtest2  (cost=34.59..3840.04 rows=991 width=4)
	        Recheck Cond: ((id >= 3953045) AND (id <= 3954044))
	        ->  Bitmap Index Scan on sbtest2_pkey  (cost=0.00..34.34 rows=991 width=0)
	              Index Cond: ((id >= 3953045) AND (id <= 3954044))

table 3 : explain SELECT SUM(k) FROM sbtest3 WHERE id BETWEEN 3785924 AND 3786923
	Aggregate  (cost=4068.20..4068.21 rows=1 width=8)
	  ->  Bitmap Heap Scan on sbtest3  (cost=35.21..4065.57 rows=1051 width=4)
	        Recheck Cond: ((id >= 3785924) AND (id <= 3786923))
	        ->  Bitmap Index Scan on sbtest3_pkey  (cost=0.00..34.95 rows=1051 width=0)
	              Index Cond: ((id >= 3785924) AND (id <= 3786923))

table 4 : explain SELECT SUM(k) FROM sbtest4 WHERE id BETWEEN 7696620 AND 7697619
	Aggregate  (cost=4028.25..4028.26 rows=1 width=8)
	  ->  Bitmap Heap Scan on sbtest4  (cost=35.09..4025.65 rows=1040 width=4)
	        Recheck Cond: ((id >= 7696620) AND (id <= 7697619))
	        ->  Bitmap Index Scan on sbtest4_pkey  (cost=0.00..34.84 rows=1040 width=0)
	              Index Cond: ((id >= 7696620) AND (id <= 7697619))

table 5 : explain SELECT SUM(k) FROM sbtest5 WHERE id BETWEEN 9886019 AND 9887018
	Aggregate  (cost=3954.31..3954.32 rows=1 width=8)
	  ->  Bitmap Heap Scan on sbtest5  (cost=34.89..3951.76 rows=1020 width=4)
	        Recheck Cond: ((id >= 9886019) AND (id <= 9887018))
	        ->  Bitmap Index Scan on sbtest5_pkey  (cost=0.00..34.64 rows=1020 width=0)
	              Index Cond: ((id >= 9886019) AND (id <= 9887018))

table 6 : explain SELECT SUM(k) FROM sbtest6 WHERE id BETWEEN 6730411 AND 6731410
	Aggregate  (cost=3862.49..3862.50 rows=1 width=8)
	  ->  Bitmap Heap Scan on sbtest6  (cost=34.64..3860.00 rows=996 width=4)
	        Recheck Cond: ((id >= 6730411) AND (id <= 6731410))
	        ->  Bitmap Index Scan on sbtest6_pkey  (cost=0.00..34.40 rows=996 width=0)
	              Index Cond: ((id >= 6730411) AND (id <= 6731410))

table 7 : explain SELECT SUM(k) FROM sbtest7 WHERE id BETWEEN 457933 AND 458932
	Aggregate  (cost=4014.20..4014.21 rows=1 width=8)
	  ->  Bitmap Heap Scan on sbtest7  (cost=35.05..4011.61 rows=1036 width=4)
	        Recheck Cond: ((id >= 457933) AND (id <= 458932))
	        ->  Bitmap Index Scan on sbtest7_pkey  (cost=0.00..34.80 rows=1036 width=0)
	              Index Cond: ((id >= 457933) AND (id <= 458932))

table 8 : explain SELECT SUM(k) FROM sbtest8 WHERE id BETWEEN 6867062 AND 6868061
	Aggregate  (cost=4097.65..4097.66 rows=1 width=8)
	  ->  Bitmap Heap Scan on sbtest8  (cost=35.28..4095.01 rows=1058 width=4)
	        Recheck Cond: ((id >= 6867062) AND (id <= 6868061))
	        ->  Bitmap Index Scan on sbtest8_pkey  (cost=0.00..35.02 rows=1058 width=0)
	              Index Cond: ((id >= 6867062) AND (id <= 6868061))

for: sum_ranges
table 1 : explain SELECT SUM(k) FROM sbtest1 WHERE id BETWEEN 1531436 AND 1532435
	Aggregate  (cost=3787.82..3787.83 rows=1 width=8)
	  ->  Bitmap Heap Scan on sbtest1  (cost=34.43..3785.38 rows=975 width=4)
	        Recheck Cond: ((id >= 1531436) AND (id <= 1532435))
	        ->  Bitmap Index Scan on sbtest1_pkey  (cost=0.00..34.19 rows=975 width=0)
	              Index Cond: ((id >= 1531436) AND (id <= 1532435))

table 2 : explain SELECT SUM(k) FROM sbtest2 WHERE id BETWEEN 5322111 AND 5323110
	Aggregate  (cost=3948.05..3948.06 rows=1 width=8)
	  ->  Bitmap Heap Scan on sbtest2  (cost=34.88..3945.51 rows=1019 width=4)
	        Recheck Cond: ((id >= 5322111) AND (id <= 5323110))
	        ->  Bitmap Index Scan on sbtest2_pkey  (cost=0.00..34.62 rows=1019 width=0)
	              Index Cond: ((id >= 5322111) AND (id <= 5323110))

table 3 : explain SELECT SUM(k) FROM sbtest3 WHERE id BETWEEN 3059381 AND 3060380
	Aggregate  (cost=3864.82..3864.83 rows=1 width=8)
	  ->  Bitmap Heap Scan on sbtest3  (cost=34.65..3862.32 rows=997 width=4)
	        Recheck Cond: ((id >= 3059381) AND (id <= 3060380))
	        ->  Bitmap Index Scan on sbtest3_pkey  (cost=0.00..34.41 rows=997 width=0)
	              Index Cond: ((id >= 3059381) AND (id <= 3060380))

table 4 : explain SELECT SUM(k) FROM sbtest4 WHERE id BETWEEN 6986155 AND 6987154
	Aggregate  (cost=4020.72..4020.73 rows=1 width=8)
	  ->  Bitmap Heap Scan on sbtest4  (cost=35.07..4018.13 rows=1038 width=4)
	        Recheck Cond: ((id >= 6986155) AND (id <= 6987154))
	        ->  Bitmap Index Scan on sbtest4_pkey  (cost=0.00..34.82 rows=1038 width=0)
	              Index Cond: ((id >= 6986155) AND (id <= 6987154))

table 5 : explain SELECT SUM(k) FROM sbtest5 WHERE id BETWEEN 5478764 AND 5479763
	Aggregate  (cost=4010.86..4010.87 rows=1 width=8)
	  ->  Bitmap Heap Scan on sbtest5  (cost=35.04..4008.27 rows=1035 width=4)
	        Recheck Cond: ((id >= 5478764) AND (id <= 5479763))
	        ->  Bitmap Index Scan on sbtest5_pkey  (cost=0.00..34.79 rows=1035 width=0)
	              Index Cond: ((id >= 5478764) AND (id <= 5479763))

table 6 : explain SELECT SUM(k) FROM sbtest6 WHERE id BETWEEN 7384634 AND 7385633
	Aggregate  (cost=3817.21..3817.22 rows=1 width=8)
	  ->  Bitmap Heap Scan on sbtest6  (cost=34.52..3814.75 rows=984 width=4)
	        Recheck Cond: ((id >= 7384634) AND (id <= 7385633))
	        ->  Bitmap Index Scan on sbtest6_pkey  (cost=0.00..34.28 rows=984 width=0)
	              Index Cond: ((id >= 7384634) AND (id <= 7385633))

table 7 : explain SELECT SUM(k) FROM sbtest7 WHERE id BETWEEN 6171861 AND 6172860
	Aggregate  (cost=3874.69..3874.70 rows=1 width=8)
	  ->  Bitmap Heap Scan on sbtest7  (cost=34.67..3872.19 rows=999 width=4)
	        Recheck Cond: ((id >= 6171861) AND (id <= 6172860))
	        ->  Bitmap Index Scan on sbtest7_pkey  (cost=0.00..34.43 rows=999 width=0)
	              Index Cond: ((id >= 6171861) AND (id <= 6172860))

table 8 : explain SELECT SUM(k) FROM sbtest8 WHERE id BETWEEN 1098190 AND 1099189
	Aggregate  (cost=3761.94..3761.95 rows=1 width=8)
	  ->  Bitmap Heap Scan on sbtest8  (cost=34.37..3759.52 rows=969 width=4)
	        Recheck Cond: ((id >= 1098190) AND (id <= 1099189))
	        ->  Bitmap Index Scan on sbtest8_pkey  (cost=0.00..34.12 rows=969 width=0)
	              Index Cond: ((id >= 1098190) AND (id <= 1099189))

for: sum_ranges
table 1 : explain SELECT SUM(k) FROM sbtest1 WHERE id BETWEEN 1352247 AND 1353246
	Aggregate  (cost=3787.82..3787.83 rows=1 width=8)
	  ->  Bitmap Heap Scan on sbtest1  (cost=34.43..3785.38 rows=975 width=4)
	        Recheck Cond: ((id >= 1352247) AND (id <= 1353246))
	        ->  Bitmap Index Scan on sbtest1_pkey  (cost=0.00..34.19 rows=975 width=0)
	              Index Cond: ((id >= 1352247) AND (id <= 1353246))

table 2 : explain SELECT SUM(k) FROM sbtest2 WHERE id BETWEEN 8111481 AND 8112480
	Aggregate  (cost=3985.72..3985.73 rows=1 width=8)
	  ->  Bitmap Heap Scan on sbtest2  (cost=34.98..3983.15 rows=1029 width=4)
	        Recheck Cond: ((id >= 8111481) AND (id <= 8112480))
	        ->  Bitmap Index Scan on sbtest2_pkey  (cost=0.00..34.73 rows=1029 width=0)
	              Index Cond: ((id >= 8111481) AND (id <= 8112480))

table 3 : explain SELECT SUM(k) FROM sbtest3 WHERE id BETWEEN 3646979 AND 3647978
	Aggregate  (cost=4162.23..4162.24 rows=1 width=8)
	  ->  Bitmap Heap Scan on sbtest3  (cost=35.46..4159.54 rows=1076 width=4)
	        Recheck Cond: ((id >= 3646979) AND (id <= 3647978))
	        ->  Bitmap Index Scan on sbtest3_pkey  (cost=0.00..35.20 rows=1076 width=0)
	              Index Cond: ((id >= 3646979) AND (id <= 3647978))

table 4 : explain SELECT SUM(k) FROM sbtest4 WHERE id BETWEEN 3395953 AND 3396952
	Aggregate  (cost=3783.17..3783.18 rows=1 width=8)
	  ->  Bitmap Heap Scan on sbtest4  (cost=34.43..3780.73 rows=975 width=4)
	        Recheck Cond: ((id >= 3395953) AND (id <= 3396952))
	        ->  Bitmap Index Scan on sbtest4_pkey  (cost=0.00..34.19 rows=975 width=0)
	              Index Cond: ((id >= 3395953) AND (id <= 3396952))

table 5 : explain SELECT SUM(k) FROM sbtest5 WHERE id BETWEEN 6285894 AND 6286893
	Aggregate  (cost=3844.90..3844.91 rows=1 width=8)
	  ->  Bitmap Heap Scan on sbtest5  (cost=34.59..3842.42 rows=991 width=4)
	        Recheck Cond: ((id >= 6285894) AND (id <= 6286893))
	        ->  Bitmap Index Scan on sbtest5_pkey  (cost=0.00..34.34 rows=991 width=0)
	              Index Cond: ((id >= 6285894) AND (id <= 6286893))

table 6 : explain SELECT SUM(k) FROM sbtest6 WHERE id BETWEEN 8310965 AND 8311964
	Aggregate  (cost=3926.60..3926.61 rows=1 width=8)
	  ->  Bitmap Heap Scan on sbtest6  (cost=34.82..3924.06 rows=1013 width=4)
	        Recheck Cond: ((id >= 8310965) AND (id <= 8311964))
	        ->  Bitmap Index Scan on sbtest6_pkey  (cost=0.00..34.57 rows=1013 width=0)
	              Index Cond: ((id >= 8310965) AND (id <= 8311964))

table 7 : explain SELECT SUM(k) FROM sbtest7 WHERE id BETWEEN 1385815 AND 1386814
	Aggregate  (cost=3863.37..3863.38 rows=1 width=8)
	  ->  Bitmap Heap Scan on sbtest7  (cost=34.64..3860.88 rows=996 width=4)
	        Recheck Cond: ((id >= 1385815) AND (id <= 1386814))
	        ->  Bitmap Index Scan on sbtest7_pkey  (cost=0.00..34.40 rows=996 width=0)
	              Index Cond: ((id >= 1385815) AND (id <= 1386814))

table 8 : explain SELECT SUM(k) FROM sbtest8 WHERE id BETWEEN 8213537 AND 8214536
	Aggregate  (cost=3784.61..3784.62 rows=1 width=8)
	  ->  Bitmap Heap Scan on sbtest8  (cost=34.43..3782.17 rows=975 width=4)
	        Recheck Cond: ((id >= 8213537) AND (id <= 8214536))
	        ->  Bitmap Index Scan on sbtest8_pkey  (cost=0.00..34.19 rows=975 width=0)
	              Index Cond: ((id >= 8213537) AND (id <= 8214536))

for point_selects
table 1 : explain SELECT c FROM sbtest1 WHERE id=5375469
	Index Scan using sbtest1_pkey on sbtest1  (cost=0.43..8.45 rows=1 width=121)
	  Index Cond: (id = 5375469)

table 2 : explain SELECT c FROM sbtest2 WHERE id=9951237
	Index Scan using sbtest2_pkey on sbtest2  (cost=0.43..8.45 rows=1 width=121)
	  Index Cond: (id = 9951237)

table 3 : explain SELECT c FROM sbtest3 WHERE id=3445989
	Index Scan using sbtest3_pkey on sbtest3  (cost=0.43..8.45 rows=1 width=121)
	  Index Cond: (id = 3445989)

table 4 : explain SELECT c FROM sbtest4 WHERE id=1817470
	Index Scan using sbtest4_pkey on sbtest4  (cost=0.43..8.45 rows=1 width=121)
	  Index Cond: (id = 1817470)

table 5 : explain SELECT c FROM sbtest5 WHERE id=3768219
	Index Scan using sbtest5_pkey on sbtest5  (cost=0.43..8.45 rows=1 width=121)
	  Index Cond: (id = 3768219)

table 6 : explain SELECT c FROM sbtest6 WHERE id=909797
	Index Scan using sbtest6_pkey on sbtest6  (cost=0.43..8.45 rows=1 width=121)
	  Index Cond: (id = 909797)

table 7 : explain SELECT c FROM sbtest7 WHERE id=780084
	Index Scan using sbtest7_pkey on sbtest7  (cost=0.43..8.45 rows=1 width=121)
	  Index Cond: (id = 780084)

table 8 : explain SELECT c FROM sbtest8 WHERE id=3968279
	Index Scan using sbtest8_pkey on sbtest8  (cost=0.43..8.45 rows=1 width=121)
	  Index Cond: (id = 3968279)

for: order_ranges
table 1 : explain SELECT c FROM sbtest1 WHERE id BETWEEN 9328464 AND 9329463 ORDER BY c
	Sort  (cost=4086.72..4089.32 rows=1041 width=121)
	  Sort Key: c
	  ->  Bitmap Heap Scan on sbtest1  (cost=35.11..4034.55 rows=1041 width=121)
	        Recheck Cond: ((id >= 9328464) AND (id <= 9329463))
	        ->  Bitmap Index Scan on sbtest1_pkey  (cost=0.00..34.84 rows=1041 width=0)
	              Index Cond: ((id >= 9328464) AND (id <= 9329463))

table 2 : explain SELECT c FROM sbtest2 WHERE id BETWEEN 3200242 AND 3201241 ORDER BY c
	Sort  (cost=3877.88..3880.35 rows=988 width=121)
	  Sort Key: c
	  ->  Bitmap Heap Scan on sbtest2  (cost=34.56..3828.73 rows=988 width=121)
	        Recheck Cond: ((id >= 3200242) AND (id <= 3201241))
	        ->  Bitmap Index Scan on sbtest2_pkey  (cost=0.00..34.32 rows=988 width=0)
	              Index Cond: ((id >= 3200242) AND (id <= 3201241))

table 3 : explain SELECT c FROM sbtest3 WHERE id BETWEEN 7400075 AND 7401074 ORDER BY c
	Sort  (cost=3685.96..3688.31 rows=939 width=121)
	  Sort Key: c
	  ->  Bitmap Heap Scan on sbtest3  (cost=30.06..3639.60 rows=939 width=121)
	        Recheck Cond: ((id >= 7400075) AND (id <= 7401074))
	        ->  Bitmap Index Scan on sbtest3_pkey  (cost=0.00..29.82 rows=939 width=0)
	              Index Cond: ((id >= 7400075) AND (id <= 7401074))

table 4 : explain SELECT c FROM sbtest4 WHERE id BETWEEN 3357112 AND 3358111 ORDER BY c
	Sort  (cost=3829.14..3831.58 rows=975 width=121)
	  Sort Key: c
	  ->  Bitmap Heap Scan on sbtest4  (cost=34.43..3780.73 rows=975 width=121)
	        Recheck Cond: ((id >= 3357112) AND (id <= 3358111))
	        ->  Bitmap Index Scan on sbtest4_pkey  (cost=0.00..34.19 rows=975 width=0)
	              Index Cond: ((id >= 3357112) AND (id <= 3358111))

table 5 : explain SELECT c FROM sbtest5 WHERE id BETWEEN 1232179 AND 1233178 ORDER BY c
	Sort  (cost=3630.91..3633.22 rows=924 width=121)
	  Sort Key: c
	  ->  Bitmap Heap Scan on sbtest5  (cost=29.91..3585.39 rows=924 width=121)
	        Recheck Cond: ((id >= 1232179) AND (id <= 1233178))
	        ->  Bitmap Index Scan on sbtest5_pkey  (cost=0.00..29.68 rows=924 width=0)
	              Index Cond: ((id >= 1232179) AND (id <= 1233178))

table 6 : explain SELECT c FROM sbtest6 WHERE id BETWEEN 8098535 AND 8099534 ORDER BY c
	Sort  (cost=3633.60..3635.91 rows=925 width=121)
	  Sort Key: c
	  ->  Bitmap Heap Scan on sbtest6  (cost=29.92..3588.03 rows=925 width=121)
	        Recheck Cond: ((id >= 8098535) AND (id <= 8099534))
	        ->  Bitmap Index Scan on sbtest6_pkey  (cost=0.00..29.68 rows=925 width=0)
	              Index Cond: ((id >= 8098535) AND (id <= 8099534))

table 7 : explain SELECT c FROM sbtest7 WHERE id BETWEEN 2834128 AND 2835127 ORDER BY c
	Sort  (cost=3814.74..3817.17 rows=971 width=121)
	  Sort Key: c
	  ->  Bitmap Heap Scan on sbtest7  (cost=34.39..3766.56 rows=971 width=121)
	        Recheck Cond: ((id >= 2834128) AND (id <= 2835127))
	        ->  Bitmap Index Scan on sbtest7_pkey  (cost=0.00..34.15 rows=971 width=0)
	              Index Cond: ((id >= 2834128) AND (id <= 2835127))

table 8 : explain SELECT c FROM sbtest8 WHERE id BETWEEN 1586026 AND 1587025 ORDER BY c
	Sort  (cost=3956.94..3959.46 rows=1008 width=121)
	  Sort Key: c
	  ->  Bitmap Heap Scan on sbtest8  (cost=34.77..3906.65 rows=1008 width=121)
	        Recheck Cond: ((id >= 1586026) AND (id <= 1587025))
	        ->  Bitmap Index Scan on sbtest8_pkey  (cost=0.00..34.52 rows=1008 width=0)
	              Index Cond: ((id >= 1586026) AND (id <= 1587025))

explain: for point_selects :: explain SELECT c FROM sbtest%u WHERE id=%u
for: sum_ranges
table 1 : explain SELECT SUM(k) FROM sbtest1 WHERE id BETWEEN 7407776 AND 7408775
	Aggregate  (cost=3946.55..3946.56 rows=1 width=8)
	  ->  Bitmap Heap Scan on sbtest1  (cost=34.86..3944.00 rows=1017 width=4)
	        Recheck Cond: ((id >= 7407776) AND (id <= 7408775))
	        ->  Bitmap Index Scan on sbtest1_pkey  (cost=0.00..34.61 rows=1017 width=0)
	              Index Cond: ((id >= 7407776) AND (id <= 7408775))

table 2 : explain SELECT SUM(k) FROM sbtest2 WHERE id BETWEEN 7902999 AND 7903998
	Aggregate  (cost=3585.56..3585.57 rows=1 width=8)
	  ->  Bitmap Heap Scan on sbtest2  (cost=29.91..3583.25 rows=924 width=4)
	        Recheck Cond: ((id >= 7902999) AND (id <= 7903998))
	        ->  Bitmap Index Scan on sbtest2_pkey  (cost=0.00..29.68 rows=924 width=0)
	              Index Cond: ((id >= 7902999) AND (id <= 7903998))

table 3 : explain SELECT SUM(k) FROM sbtest3 WHERE id BETWEEN 3722028 AND 3723027
	Aggregate  (cost=4068.20..4068.21 rows=1 width=8)
	  ->  Bitmap Heap Scan on sbtest3  (cost=35.21..4065.57 rows=1051 width=4)
	        Recheck Cond: ((id >= 3722028) AND (id <= 3723027))
	        ->  Bitmap Index Scan on sbtest3_pkey  (cost=0.00..34.95 rows=1051 width=0)
	              Index Cond: ((id >= 3722028) AND (id <= 3723027))

table 4 : explain SELECT SUM(k) FROM sbtest4 WHERE id BETWEEN 317664 AND 318663
	Aggregate  (cost=3594.27..3594.28 rows=1 width=8)
	  ->  Bitmap Heap Scan on sbtest4  (cost=33.92..3591.96 rows=925 width=4)
	        Recheck Cond: ((id >= 317664) AND (id <= 318663))
	        ->  Bitmap Index Scan on sbtest4_pkey  (cost=0.00..33.69 rows=925 width=0)
	              Index Cond: ((id >= 317664) AND (id <= 318663))

table 5 : explain SELECT SUM(k) FROM sbtest5 WHERE id BETWEEN 3301922 AND 3302921
	Aggregate  (cost=3481.72..3481.73 rows=1 width=8)
	  ->  Bitmap Heap Scan on sbtest5  (cost=29.62..3479.48 rows=896 width=4)
	        Recheck Cond: ((id >= 3301922) AND (id <= 3302921))
	        ->  Bitmap Index Scan on sbtest5_pkey  (cost=0.00..29.39 rows=896 width=0)
	              Index Cond: ((id >= 3301922) AND (id <= 3302921))

table 6 : explain SELECT SUM(k) FROM sbtest6 WHERE id BETWEEN 4151436 AND 4152435
	Aggregate  (cost=3873.80..3873.81 rows=1 width=8)
	  ->  Bitmap Heap Scan on sbtest6  (cost=34.67..3871.31 rows=999 width=4)
	        Recheck Cond: ((id >= 4151436) AND (id <= 4152435))
	        ->  Bitmap Index Scan on sbtest6_pkey  (cost=0.00..34.43 rows=999 width=0)
	              Index Cond: ((id >= 4151436) AND (id <= 4152435))

table 7 : explain SELECT SUM(k) FROM sbtest7 WHERE id BETWEEN 1835657 AND 1836656
	Aggregate  (cost=3621.39..3621.40 rows=1 width=8)
	  ->  Bitmap Heap Scan on sbtest7  (cost=30.00..3619.05 rows=933 width=4)
	        Recheck Cond: ((id >= 1835657) AND (id <= 1836656))
	        ->  Bitmap Index Scan on sbtest7_pkey  (cost=0.00..29.76 rows=933 width=0)
	              Index Cond: ((id >= 1835657) AND (id <= 1836656))

table 8 : explain SELECT SUM(k) FROM sbtest8 WHERE id BETWEEN 8542675 AND 8543674
	Aggregate  (cost=3777.05..3777.06 rows=1 width=8)
	  ->  Bitmap Heap Scan on sbtest8  (cost=34.41..3774.62 rows=973 width=4)
	        Recheck Cond: ((id >= 8542675) AND (id <= 8543674))
	        ->  Bitmap Index Scan on sbtest8_pkey  (cost=0.00..34.17 rows=973 width=0)
	              Index Cond: ((id >= 8542675) AND (id <= 8543674))

for: order_ranges
table 1 : explain SELECT c FROM sbtest1 WHERE id BETWEEN 39669 AND 40668 ORDER BY c
	Sort  (cost=3780.07..3782.47 rows=961 width=121)
	  Sort Key: c
	  ->  Bitmap Heap Scan on sbtest1  (cost=34.29..3732.46 rows=961 width=121)
	        Recheck Cond: ((id >= 39669) AND (id <= 40668))
	        ->  Bitmap Index Scan on sbtest1_pkey  (cost=0.00..34.05 rows=961 width=0)
	              Index Cond: ((id >= 39669) AND (id <= 40668))

table 2 : explain SELECT c FROM sbtest2 WHERE id BETWEEN 5692005 AND 5693004 ORDER BY c
	Sort  (cost=3763.04..3765.44 rows=958 width=121)
	  Sort Key: c
	  ->  Bitmap Heap Scan on sbtest2  (cost=34.25..3715.60 rows=958 width=121)
	        Recheck Cond: ((id >= 5692005) AND (id <= 5693004))
	        ->  Bitmap Index Scan on sbtest2_pkey  (cost=0.00..34.02 rows=958 width=0)
	              Index Cond: ((id >= 5692005) AND (id <= 5693004))

table 3 : explain SELECT c FROM sbtest3 WHERE id BETWEEN 9025960 AND 9026959 ORDER BY c
	Sort  (cost=3766.57..3768.97 rows=959 width=121)
	  Sort Key: c
	  ->  Bitmap Heap Scan on sbtest3  (cost=34.26..3719.07 rows=959 width=121)
	        Recheck Cond: ((id >= 9025960) AND (id <= 9026959))
	        ->  Bitmap Index Scan on sbtest3_pkey  (cost=0.00..34.03 rows=959 width=0)
	              Index Cond: ((id >= 9025960) AND (id <= 9026959))

table 4 : explain SELECT c FROM sbtest4 WHERE id BETWEEN 6752393 AND 6753392 ORDER BY c
	Sort  (cost=3932.48..3934.98 rows=1002 width=121)
	  Sort Key: c
	  ->  Bitmap Heap Scan on sbtest4  (cost=34.71..3882.54 rows=1002 width=121)
	        Recheck Cond: ((id >= 6752393) AND (id <= 6753392))
	        ->  Bitmap Index Scan on sbtest4_pkey  (cost=0.00..34.45 rows=1002 width=0)
	              Index Cond: ((id >= 6752393) AND (id <= 6753392))

table 5 : explain SELECT c FROM sbtest5 WHERE id BETWEEN 5129906 AND 5130905 ORDER BY c
	Sort  (cost=3922.36..3924.86 rows=999 width=121)
	  Sort Key: c
	  ->  Bitmap Heap Scan on sbtest5  (cost=34.67..3872.59 rows=999 width=121)
	        Recheck Cond: ((id >= 5129906) AND (id <= 5130905))
	        ->  Bitmap Index Scan on sbtest5_pkey  (cost=0.00..34.43 rows=999 width=0)
	              Index Cond: ((id >= 5129906) AND (id <= 5130905))

table 6 : explain SELECT c FROM sbtest6 WHERE id BETWEEN 7152416 AND 7153415 ORDER BY c
	Sort  (cost=4043.46..4046.03 rows=1031 width=121)
	  Sort Key: c
	  ->  Bitmap Heap Scan on sbtest6  (cost=35.00..3991.86 rows=1031 width=121)
	        Recheck Cond: ((id >= 7152416) AND (id <= 7153415))
	        ->  Bitmap Index Scan on sbtest6_pkey  (cost=0.00..34.75 rows=1031 width=0)
	              Index Cond: ((id >= 7152416) AND (id <= 7153415))

table 7 : explain SELECT c FROM sbtest7 WHERE id BETWEEN 8587832 AND 8588831 ORDER BY c
	Sort  (cost=3703.59..3705.95 rows=942 width=121)
	  Sort Key: c
	  ->  Bitmap Heap Scan on sbtest7  (cost=34.09..3657.06 rows=942 width=121)
	        Recheck Cond: ((id >= 8587832) AND (id <= 8588831))
	        ->  Bitmap Index Scan on sbtest7_pkey  (cost=0.00..33.86 rows=942 width=0)
	              Index Cond: ((id >= 8587832) AND (id <= 8588831))

table 8 : explain SELECT c FROM sbtest8 WHERE id BETWEEN 5142699 AND 5143698 ORDER BY c
	Sort  (cost=3446.67..3448.86 rows=876 width=121)
	  Sort Key: c
	  ->  Bitmap Heap Scan on sbtest8  (cost=29.41..3403.86 rows=876 width=121)
	        Recheck Cond: ((id >= 5142699) AND (id <= 5143698))
	        ->  Bitmap Index Scan on sbtest8_pkey  (cost=0.00..29.19 rows=876 width=0)
	              Index Cond: ((id >= 5142699) AND (id <= 5143698))

for: order_ranges
table 1 : explain SELECT c FROM sbtest1 WHERE id BETWEEN 5228818 AND 5229817 ORDER BY c
	Sort  (cost=3937.32..3939.83 rows=1002 width=121)
	  Sort Key: c
	  ->  Bitmap Heap Scan on sbtest1  (cost=34.71..3887.38 rows=1002 width=121)
	        Recheck Cond: ((id >= 5228818) AND (id <= 5229817))
	        ->  Bitmap Index Scan on sbtest1_pkey  (cost=0.00..34.45 rows=1002 width=0)
	              Index Cond: ((id >= 5228818) AND (id <= 5229817))

table 2 : explain SELECT c FROM sbtest2 WHERE id BETWEEN 2416188 AND 2417187 ORDER BY c
	Sort  (cost=3674.93..3677.27 rows=935 width=121)
	  Sort Key: c
	  ->  Bitmap Heap Scan on sbtest2  (cost=34.02..3628.79 rows=935 width=121)
	        Recheck Cond: ((id >= 2416188) AND (id <= 2417187))
	        ->  Bitmap Index Scan on sbtest2_pkey  (cost=0.00..33.79 rows=935 width=0)
	              Index Cond: ((id >= 2416188) AND (id <= 2417187))

table 3 : explain SELECT c FROM sbtest3 WHERE id BETWEEN 3667806 AND 3668805 ORDER BY c
	Sort  (cost=4213.73..4216.42 rows=1076 width=121)
	  Sort Key: c
	  ->  Bitmap Heap Scan on sbtest3  (cost=35.46..4159.54 rows=1076 width=121)
	        Recheck Cond: ((id >= 3667806) AND (id <= 3668805))
	        ->  Bitmap Index Scan on sbtest3_pkey  (cost=0.00..35.20 rows=1076 width=0)
	              Index Cond: ((id >= 3667806) AND (id <= 3668805))

table 4 : explain SELECT c FROM sbtest4 WHERE id BETWEEN 2142734 AND 2143733 ORDER BY c
	Sort  (cost=3641.37..3643.68 rows=926 width=121)
	  Sort Key: c
	  ->  Bitmap Heap Scan on sbtest4  (cost=33.93..3595.74 rows=926 width=121)
	        Recheck Cond: ((id >= 2142734) AND (id <= 2143733))
	        ->  Bitmap Index Scan on sbtest4_pkey  (cost=0.00..33.70 rows=926 width=0)
	              Index Cond: ((id >= 2142734) AND (id <= 2143733))

table 5 : explain SELECT c FROM sbtest5 WHERE id BETWEEN 5305326 AND 5306325 ORDER BY c
	Sort  (cost=3876.42..3878.89 rows=987 width=121)
	  Sort Key: c
	  ->  Bitmap Heap Scan on sbtest5  (cost=34.55..3827.33 rows=987 width=121)
	        Recheck Cond: ((id >= 5305326) AND (id <= 5306325))
	        ->  Bitmap Index Scan on sbtest5_pkey  (cost=0.00..34.31 rows=987 width=0)
	              Index Cond: ((id >= 5305326) AND (id <= 5306325))

table 6 : explain SELECT c FROM sbtest6 WHERE id BETWEEN 1183855 AND 1184854 ORDER BY c
	Sort  (cost=3387.88..3390.03 rows=861 width=121)
	  Sort Key: c
	  ->  Bitmap Heap Scan on sbtest6  (cost=29.26..3345.91 rows=861 width=121)
	        Recheck Cond: ((id >= 1183855) AND (id <= 1184854))
	        ->  Bitmap Index Scan on sbtest6_pkey  (cost=0.00..29.04 rows=861 width=0)
	              Index Cond: ((id >= 1183855) AND (id <= 1184854))

table 7 : explain SELECT c FROM sbtest7 WHERE id BETWEEN 5574115 AND 5575114 ORDER BY c
	Sort  (cost=4113.19..4115.81 rows=1049 width=121)
	  Sort Key: c
	  ->  Bitmap Heap Scan on sbtest7  (cost=35.19..4060.56 rows=1049 width=121)
	        Recheck Cond: ((id >= 5574115) AND (id <= 5575114))
	        ->  Bitmap Index Scan on sbtest7_pkey  (cost=0.00..34.93 rows=1049 width=0)
	              Index Cond: ((id >= 5574115) AND (id <= 5575114))

table 8 : explain SELECT c FROM sbtest8 WHERE id BETWEEN 6644422 AND 6645421 ORDER BY c
	Sort  (cost=4209.28..4211.97 rows=1074 width=121)
	  Sort Key: c
	  ->  Bitmap Heap Scan on sbtest8  (cost=35.44..4155.21 rows=1074 width=121)
	        Recheck Cond: ((id >= 6644422) AND (id <= 6645421))
	        ->  Bitmap Index Scan on sbtest8_pkey  (cost=0.00..35.18 rows=1074 width=0)
	              Index Cond: ((id >= 6644422) AND (id <= 6645421))

for: distinct_ranges
table 1 : explain SELECT DISTINCT c FROM sbtest1 WHERE id BETWEEN 1249353 AND 1250352 ORDER BY c
	Unique  (cost=3407.07..3411.40 rows=865 width=121)
	  ->  Sort  (cost=3407.07..3409.23 rows=865 width=121)
	        Sort Key: c
	        ->  Bitmap Heap Scan on sbtest1  (cost=29.30..3364.87 rows=865 width=121)
	              Recheck Cond: ((id >= 1249353) AND (id <= 1250352))
	              ->  Bitmap Index Scan on sbtest1_pkey  (cost=0.00..29.08 rows=865 width=0)
	                    Index Cond: ((id >= 1249353) AND (id <= 1250352))

table 2 : explain SELECT DISTINCT c FROM sbtest2 WHERE id BETWEEN 4247658 AND 4248657 ORDER BY c
	Unique  (cost=3682.59..3687.28 rows=937 width=121)
	  ->  Sort  (cost=3682.59..3684.94 rows=937 width=121)
	        Sort Key: c
	        ->  Bitmap Heap Scan on sbtest2  (cost=34.04..3636.34 rows=937 width=121)
	              Recheck Cond: ((id >= 4247658) AND (id <= 4248657))
	              ->  Bitmap Index Scan on sbtest2_pkey  (cost=0.00..33.81 rows=937 width=0)
	                    Index Cond: ((id >= 4247658) AND (id <= 4248657))

table 3 : explain SELECT DISTINCT c FROM sbtest3 WHERE id BETWEEN 3349131 AND 3350130 ORDER BY c
	Unique  (cost=3789.54..3794.37 rows=965 width=121)
	  ->  Sort  (cost=3789.54..3791.95 rows=965 width=121)
	        Sort Key: c
	        ->  Bitmap Heap Scan on sbtest3  (cost=34.33..3741.70 rows=965 width=121)
	              Recheck Cond: ((id >= 3349131) AND (id <= 3350130))
	              ->  Bitmap Index Scan on sbtest3_pkey  (cost=0.00..34.09 rows=965 width=0)
	                    Index Cond: ((id >= 3349131) AND (id <= 3350130))

table 4 : explain SELECT DISTINCT c FROM sbtest4 WHERE id BETWEEN 9208860 AND 9209859 ORDER BY c
	Unique  (cost=3848.28..3853.18 rows=980 width=121)
	  ->  Sort  (cost=3848.28..3850.73 rows=980 width=121)
	        Sort Key: c
	        ->  Bitmap Heap Scan on sbtest4  (cost=34.48..3799.59 rows=980 width=121)
	              Recheck Cond: ((id >= 9208860) AND (id <= 9209859))
	              ->  Bitmap Index Scan on sbtest4_pkey  (cost=0.00..34.23 rows=980 width=0)
	                    Index Cond: ((id >= 9208860) AND (id <= 9209859))

table 5 : explain SELECT DISTINCT c FROM sbtest5 WHERE id BETWEEN 3486523 AND 3487522 ORDER BY c
	Unique  (cost=4186.23..4191.57 rows=1068 width=121)
	  ->  Sort  (cost=4186.23..4188.90 rows=1068 width=121)
	        Sort Key: c
	        ->  Bitmap Heap Scan on sbtest5  (cost=35.38..4132.50 rows=1068 width=121)
	              Recheck Cond: ((id >= 3486523) AND (id <= 3487522))
	              ->  Bitmap Index Scan on sbtest5_pkey  (cost=0.00..35.12 rows=1068 width=0)
	                    Index Cond: ((id >= 3486523) AND (id <= 3487522))

table 6 : explain SELECT DISTINCT c FROM sbtest6 WHERE id BETWEEN 3631856 AND 3632855 ORDER BY c
	Unique  (cost=4180.99..4186.32 rows=1067 width=121)
	  ->  Sort  (cost=4180.99..4183.65 rows=1067 width=121)
	        Sort Key: c
	        ->  Bitmap Heap Scan on sbtest6  (cost=35.37..4127.32 rows=1067 width=121)
	              Recheck Cond: ((id >= 3631856) AND (id <= 3632855))
	              ->  Bitmap Index Scan on sbtest6_pkey  (cost=0.00..35.11 rows=1067 width=0)
	                    Index Cond: ((id >= 3631856) AND (id <= 3632855))

table 7 : explain SELECT DISTINCT c FROM sbtest7 WHERE id BETWEEN 8939435 AND 8940434 ORDER BY c
	Unique  (cost=3960.23..3965.28 rows=1009 width=121)
	  ->  Sort  (cost=3960.23..3962.75 rows=1009 width=121)
	        Sort Key: c
	        ->  Bitmap Heap Scan on sbtest7  (cost=34.78..3909.89 rows=1009 width=121)
	              Recheck Cond: ((id >= 8939435) AND (id <= 8940434))
	              ->  Bitmap Index Scan on sbtest7_pkey  (cost=0.00..34.53 rows=1009 width=0)
	                    Index Cond: ((id >= 8939435) AND (id <= 8940434))

table 8 : explain SELECT DISTINCT c FROM sbtest8 WHERE id BETWEEN 5677158 AND 5678157 ORDER BY c
	Unique  (cost=4304.73..4310.23 rows=1099 width=121)
	  ->  Sort  (cost=4304.73..4307.48 rows=1099 width=121)
	        Sort Key: c
	        ->  Bitmap Heap Scan on sbtest8  (cost=35.70..4249.22 rows=1099 width=121)
	              Recheck Cond: ((id >= 5677158) AND (id <= 5678157))
	              ->  Bitmap Index Scan on sbtest8_pkey  (cost=0.00..35.43 rows=1099 width=0)
	                    Index Cond: ((id >= 5677158) AND (id <= 5678157))

for: distinct_ranges
table 1 : explain SELECT DISTINCT c FROM sbtest1 WHERE id BETWEEN 3184173 AND 3185172 ORDER BY c
	Unique  (cost=3956.48..3961.52 rows=1007 width=121)
	  ->  Sort  (cost=3956.48..3959.00 rows=1007 width=121)
	        Sort Key: c
	        ->  Bitmap Heap Scan on sbtest1  (cost=34.76..3906.26 rows=1007 width=121)
	              Recheck Cond: ((id >= 3184173) AND (id <= 3185172))
	              ->  Bitmap Index Scan on sbtest1_pkey  (cost=0.00..34.51 rows=1007 width=0)
	                    Index Cond: ((id >= 3184173) AND (id <= 3185172))

table 2 : explain SELECT DISTINCT c FROM sbtest2 WHERE id BETWEEN 2528748 AND 2529747 ORDER BY c
	Unique  (cost=3965.84..3970.89 rows=1011 width=121)
	  ->  Sort  (cost=3965.84..3968.37 rows=1011 width=121)
	        Sort Key: c
	        ->  Bitmap Heap Scan on sbtest2  (cost=34.80..3915.38 rows=1011 width=121)
	              Recheck Cond: ((id >= 2528748) AND (id <= 2529747))
	              ->  Bitmap Index Scan on sbtest2_pkey  (cost=0.00..34.55 rows=1011 width=0)
	                    Index Cond: ((id >= 2528748) AND (id <= 2529747))

table 3 : explain SELECT DISTINCT c FROM sbtest3 WHERE id BETWEEN 2005783 AND 2006782 ORDER BY c
	Unique  (cost=4076.32..4081.52 rows=1040 width=121)
	  ->  Sort  (cost=4076.32..4078.92 rows=1040 width=121)
	        Sort Key: c
	        ->  Bitmap Heap Scan on sbtest3  (cost=35.09..4024.20 rows=1040 width=121)
	              Recheck Cond: ((id >= 2005783) AND (id <= 2006782))
	              ->  Bitmap Index Scan on sbtest3_pkey  (cost=0.00..34.84 rows=1040 width=0)
	                    Index Cond: ((id >= 2005783) AND (id <= 2006782))

table 4 : explain SELECT DISTINCT c FROM sbtest4 WHERE id BETWEEN 3237629 AND 3238628 ORDER BY c
	Unique  (cost=4020.44..4025.56 rows=1025 width=121)
	  ->  Sort  (cost=4020.44..4023.00 rows=1025 width=121)
	        Sort Key: c
	        ->  Bitmap Heap Scan on sbtest4  (cost=34.94..3969.18 rows=1025 width=121)
	              Recheck Cond: ((id >= 3237629) AND (id <= 3238628))
	              ->  Bitmap Index Scan on sbtest4_pkey  (cost=0.00..34.69 rows=1025 width=0)
	                    Index Cond: ((id >= 3237629) AND (id <= 3238628))

table 5 : explain SELECT DISTINCT c FROM sbtest5 WHERE id BETWEEN 5519611 AND 5520610 ORDER BY c
	Unique  (cost=4060.10..4065.28 rows=1035 width=121)
	  ->  Sort  (cost=4060.10..4062.69 rows=1035 width=121)
	        Sort Key: c
	        ->  Bitmap Heap Scan on sbtest5  (cost=35.04..4008.27 rows=1035 width=121)
	              Recheck Cond: ((id >= 5519611) AND (id <= 5520610))
	              ->  Bitmap Index Scan on sbtest5_pkey  (cost=0.00..34.79 rows=1035 width=0)
	                    Index Cond: ((id >= 5519611) AND (id <= 5520610))

table 6 : explain SELECT DISTINCT c FROM sbtest6 WHERE id BETWEEN 7158804 AND 7159803 ORDER BY c
	Unique  (cost=3932.56..3937.57 rows=1002 width=121)
	  ->  Sort  (cost=3932.56..3935.06 rows=1002 width=121)
	        Sort Key: c
	        ->  Bitmap Heap Scan on sbtest6  (cost=34.71..3882.61 rows=1002 width=121)
	              Recheck Cond: ((id >= 7158804) AND (id <= 7159803))
	              ->  Bitmap Index Scan on sbtest6_pkey  (cost=0.00..34.45 rows=1002 width=0)
	                    Index Cond: ((id >= 7158804) AND (id <= 7159803))

table 7 : explain SELECT DISTINCT c FROM sbtest7 WHERE id BETWEEN 629182 AND 630181 ORDER BY c
	Unique  (cost=3837.73..3842.61 rows=977 width=121)
	  ->  Sort  (cost=3837.73..3840.17 rows=977 width=121)
	        Sort Key: c
	        ->  Bitmap Heap Scan on sbtest7  (cost=34.45..3789.21 rows=977 width=121)
	              Recheck Cond: ((id >= 629182) AND (id <= 630181))
	              ->  Bitmap Index Scan on sbtest7_pkey  (cost=0.00..34.20 rows=977 width=0)
	                    Index Cond: ((id >= 629182) AND (id <= 630181))

table 8 : explain SELECT DISTINCT c FROM sbtest8 WHERE id BETWEEN 2559064 AND 2560063 ORDER BY c
	Unique  (cost=4239.84..4245.25 rows=1082 width=121)
	  ->  Sort  (cost=4239.84..4242.54 rows=1082 width=121)
	        Sort Key: c
	        ->  Bitmap Heap Scan on sbtest8  (cost=35.53..4185.31 rows=1082 width=121)
	              Recheck Cond: ((id >= 2559064) AND (id <= 2560063))
	              ->  Bitmap Index Scan on sbtest8_pkey  (cost=0.00..35.26 rows=1082 width=0)
	                    Index Cond: ((id >= 2559064) AND (id <= 2560063))

for: sum_ranges
table 1 : explain SELECT SUM(k) FROM sbtest1 WHERE id BETWEEN 7112709 AND 7113708
	Aggregate  (cost=3840.75..3840.76 rows=1 width=8)
	  ->  Bitmap Heap Scan on sbtest1  (cost=34.57..3838.28 rows=989 width=4)
	        Recheck Cond: ((id >= 7112709) AND (id <= 7113708))
	        ->  Bitmap Index Scan on sbtest1_pkey  (cost=0.00..34.33 rows=989 width=0)
	              Index Cond: ((id >= 7112709) AND (id <= 7113708))

table 2 : explain SELECT SUM(k) FROM sbtest2 WHERE id BETWEEN 3327583 AND 3328582
	Aggregate  (cost=3944.29..3944.30 rows=1 width=8)
	  ->  Bitmap Heap Scan on sbtest2  (cost=34.87..3941.74 rows=1018 width=4)
	        Recheck Cond: ((id >= 3327583) AND (id <= 3328582))
	        ->  Bitmap Index Scan on sbtest2_pkey  (cost=0.00..34.62 rows=1018 width=0)
	              Index Cond: ((id >= 3327583) AND (id <= 3328582))

table 3 : explain SELECT SUM(k) FROM sbtest3 WHERE id BETWEEN 4407297 AND 4408296
	Aggregate  (cost=3857.28..3857.29 rows=1 width=8)
	  ->  Bitmap Heap Scan on sbtest3  (cost=34.63..3854.79 rows=995 width=4)
	        Recheck Cond: ((id >= 4407297) AND (id <= 4408296))
	        ->  Bitmap Index Scan on sbtest3_pkey  (cost=0.00..34.39 rows=995 width=0)
	              Index Cond: ((id >= 4407297) AND (id <= 4408296))

table 4 : explain SELECT SUM(k) FROM sbtest4 WHERE id BETWEEN 8489101 AND 8490100
	Aggregate  (cost=3745.42..3745.43 rows=1 width=8)
	  ->  Bitmap Heap Scan on sbtest4  (cost=34.33..3743.01 rows=965 width=4)
	        Recheck Cond: ((id >= 8489101) AND (id <= 8490100))
	        ->  Bitmap Index Scan on sbtest4_pkey  (cost=0.00..34.09 rows=965 width=0)
	              Index Cond: ((id >= 8489101) AND (id <= 8490100))

table 5 : explain SELECT SUM(k) FROM sbtest5 WHERE id BETWEEN 5153638 AND 5154637
	Aggregate  (cost=3875.09..3875.10 rows=1 width=8)
	  ->  Bitmap Heap Scan on sbtest5  (cost=34.67..3872.59 rows=999 width=4)
	        Recheck Cond: ((id >= 5153638) AND (id <= 5154637))
	        ->  Bitmap Index Scan on sbtest5_pkey  (cost=0.00..34.43 rows=999 width=0)
	              Index Cond: ((id >= 5153638) AND (id <= 5154637))

table 6 : explain SELECT SUM(k) FROM sbtest6 WHERE id BETWEEN 2040023 AND 2041022
	Aggregate  (cost=3673.72..3673.73 rows=1 width=8)
	  ->  Bitmap Heap Scan on sbtest6  (cost=34.13..3671.36 rows=946 width=4)
	        Recheck Cond: ((id >= 2040023) AND (id <= 2041022))
	        ->  Bitmap Index Scan on sbtest6_pkey  (cost=0.00..33.90 rows=946 width=0)
	              Index Cond: ((id >= 2040023) AND (id <= 2041022))

table 7 : explain SELECT SUM(k) FROM sbtest7 WHERE id BETWEEN 5176312 AND 5177311
	Aggregate  (cost=4138.49..4138.50 rows=1 width=8)
	  ->  Bitmap Heap Scan on sbtest7  (cost=35.39..4135.82 rows=1069 width=4)
	        Recheck Cond: ((id >= 5176312) AND (id <= 5177311))
	        ->  Bitmap Index Scan on sbtest7_pkey  (cost=0.00..35.12 rows=1069 width=0)
	              Index Cond: ((id >= 5176312) AND (id <= 5177311))

table 8 : explain SELECT SUM(k) FROM sbtest8 WHERE id BETWEEN 4777614 AND 4778613
	Aggregate  (cost=3602.95..3602.96 rows=1 width=8)
	  ->  Bitmap Heap Scan on sbtest8  (cost=29.95..3600.63 rows=928 width=4)
	        Recheck Cond: ((id >= 4777614) AND (id <= 4778613))
	        ->  Bitmap Index Scan on sbtest8_pkey  (cost=0.00..29.71 rows=928 width=0)
	              Index Cond: ((id >= 4777614) AND (id <= 4778613))

explain: for point_selects :: explain SELECT c FROM sbtest%u WHERE id=%u
for: order_ranges
table 1 : explain SELECT c FROM sbtest1 WHERE id BETWEEN 9799992 AND 9800991 ORDER BY c
	Sort  (cost=4247.41..4250.12 rows=1083 width=121)
	  Sort Key: c
	  ->  Bitmap Heap Scan on sbtest1  (cost=35.54..4192.83 rows=1083 width=121)
	        Recheck Cond: ((id >= 9799992) AND (id <= 9800991))
	        ->  Bitmap Index Scan on sbtest1_pkey  (cost=0.00..35.27 rows=1083 width=0)
	              Index Cond: ((id >= 9799992) AND (id <= 9800991))

table 2 : explain SELECT c FROM sbtest2 WHERE id BETWEEN 9709904 AND 9710903 ORDER BY c
	Sort  (cost=3789.85..3792.26 rows=965 width=121)
	  Sort Key: c
	  ->  Bitmap Heap Scan on sbtest2  (cost=34.33..3742.01 rows=965 width=121)
	        Recheck Cond: ((id >= 9709904) AND (id <= 9710903))
	        ->  Bitmap Index Scan on sbtest2_pkey  (cost=0.00..34.09 rows=965 width=0)
	              Index Cond: ((id >= 9709904) AND (id <= 9710903))

table 3 : explain SELECT c FROM sbtest3 WHERE id BETWEEN 5783436 AND 5784435 ORDER BY c
	Sort  (cost=3632.31..3634.62 rows=925 width=121)
	  Sort Key: c
	  ->  Bitmap Heap Scan on sbtest3  (cost=29.92..3586.74 rows=925 width=121)
	        Recheck Cond: ((id >= 5783436) AND (id <= 5784435))
	        ->  Bitmap Index Scan on sbtest3_pkey  (cost=0.00..29.68 rows=925 width=0)
	              Index Cond: ((id >= 5783436) AND (id <= 5784435))

table 4 : explain SELECT c FROM sbtest4 WHERE id BETWEEN 317607 AND 318606 ORDER BY c
	Sort  (cost=3637.53..3639.84 rows=925 width=121)
	  Sort Key: c
	  ->  Bitmap Heap Scan on sbtest4  (cost=33.92..3591.96 rows=925 width=121)
	        Recheck Cond: ((id >= 317607) AND (id <= 318606))
	        ->  Bitmap Index Scan on sbtest4_pkey  (cost=0.00..33.69 rows=925 width=0)
	              Index Cond: ((id >= 317607) AND (id <= 318606))

table 5 : explain SELECT c FROM sbtest5 WHERE id BETWEEN 8665589 AND 8666588 ORDER BY c
	Sort  (cost=3937.68..3940.18 rows=1003 width=121)
	  Sort Key: c
	  ->  Bitmap Heap Scan on sbtest5  (cost=34.72..3887.68 rows=1003 width=121)
	        Recheck Cond: ((id >= 8665589) AND (id <= 8666588))
	        ->  Bitmap Index Scan on sbtest5_pkey  (cost=0.00..34.47 rows=1003 width=0)
	              Index Cond: ((id >= 8665589) AND (id <= 8666588))

table 6 : explain SELECT c FROM sbtest6 WHERE id BETWEEN 2463748 AND 2464747 ORDER BY c
	Sort  (cost=3760.27..3762.66 rows=957 width=121)
	  Sort Key: c
	  ->  Bitmap Heap Scan on sbtest6  (cost=34.24..3712.89 rows=957 width=121)
	        Recheck Cond: ((id >= 2463748) AND (id <= 2464747))
	        ->  Bitmap Index Scan on sbtest6_pkey  (cost=0.00..34.01 rows=957 width=0)
	              Index Cond: ((id >= 2463748) AND (id <= 2464747))

table 7 : explain SELECT c FROM sbtest7 WHERE id BETWEEN 6989095 AND 6990094 ORDER BY c
	Sort  (cost=3757.26..3759.65 rows=956 width=121)
	  Sort Key: c
	  ->  Bitmap Heap Scan on sbtest7  (cost=34.23..3709.94 rows=956 width=121)
	        Recheck Cond: ((id >= 6989095) AND (id <= 6990094))
	        ->  Bitmap Index Scan on sbtest7_pkey  (cost=0.00..34.00 rows=956 width=0)
	              Index Cond: ((id >= 6989095) AND (id <= 6990094))

table 8 : explain SELECT c FROM sbtest8 WHERE id BETWEEN 785258 AND 786257 ORDER BY c
	Sort  (cost=3903.35..3905.83 rows=994 width=121)
	  Sort Key: c
	  ->  Bitmap Heap Scan on sbtest8  (cost=34.62..3853.86 rows=994 width=121)
	        Recheck Cond: ((id >= 785258) AND (id <= 786257))
	        ->  Bitmap Index Scan on sbtest8_pkey  (cost=0.00..34.38 rows=994 width=0)
	              Index Cond: ((id >= 785258) AND (id <= 786257))

for point_selects
table 1 : explain SELECT c FROM sbtest1 WHERE id=4118195
	Index Scan using sbtest1_pkey on sbtest1  (cost=0.43..8.45 rows=1 width=121)
	  Index Cond: (id = 4118195)

table 2 : explain SELECT c FROM sbtest2 WHERE id=6943849
	Index Scan using sbtest2_pkey on sbtest2  (cost=0.43..8.45 rows=1 width=121)
	  Index Cond: (id = 6943849)

table 3 : explain SELECT c FROM sbtest3 WHERE id=4956699
	Index Scan using sbtest3_pkey on sbtest3  (cost=0.43..8.45 rows=1 width=121)
	  Index Cond: (id = 4956699)

table 4 : explain SELECT c FROM sbtest4 WHERE id=6010350
	Index Scan using sbtest4_pkey on sbtest4  (cost=0.43..8.45 rows=1 width=121)
	  Index Cond: (id = 6010350)

table 5 : explain SELECT c FROM sbtest5 WHERE id=8950322
	Index Scan using sbtest5_pkey on sbtest5  (cost=0.43..8.45 rows=1 width=121)
	  Index Cond: (id = 8950322)

table 6 : explain SELECT c FROM sbtest6 WHERE id=2264436
	Index Scan using sbtest6_pkey on sbtest6  (cost=0.43..8.45 rows=1 width=121)
	  Index Cond: (id = 2264436)

table 7 : explain SELECT c FROM sbtest7 WHERE id=5675058
	Index Scan using sbtest7_pkey on sbtest7  (cost=0.43..8.45 rows=1 width=121)
	  Index Cond: (id = 5675058)

table 8 : explain SELECT c FROM sbtest8 WHERE id=3304040
	Index Scan using sbtest8_pkey on sbtest8  (cost=0.43..8.45 rows=1 width=121)
	  Index Cond: (id = 3304040)

for: simple_ranges
table 1 : explain SELECT c FROM sbtest1 WHERE id BETWEEN 3526090 AND 3527089
	Bitmap Heap Scan on sbtest1  (cost=35.49..4177.76 rows=1079 width=121)
	  Recheck Cond: ((id >= 3526090) AND (id <= 3527089))
	  ->  Bitmap Index Scan on sbtest1_pkey  (cost=0.00..35.23 rows=1079 width=0)
	        Index Cond: ((id >= 3526090) AND (id <= 3527089))

table 2 : explain SELECT c FROM sbtest2 WHERE id BETWEEN 2651807 AND 2652806
	Bitmap Heap Scan on sbtest2  (cost=34.62..3851.34 rows=994 width=121)
	  Recheck Cond: ((id >= 2651807) AND (id <= 2652806))
	  ->  Bitmap Index Scan on sbtest2_pkey  (cost=0.00..34.38 rows=994 width=0)
	        Index Cond: ((id >= 2651807) AND (id <= 2652806))

table 3 : explain SELECT c FROM sbtest3 WHERE id BETWEEN 278537 AND 279536
	Bitmap Heap Scan on sbtest3  (cost=35.28..4091.89 rows=1058 width=121)
	  Recheck Cond: ((id >= 278537) AND (id <= 279536))
	  ->  Bitmap Index Scan on sbtest3_pkey  (cost=0.00..35.02 rows=1058 width=0)
	        Index Cond: ((id >= 278537) AND (id <= 279536))

table 4 : explain SELECT c FROM sbtest4 WHERE id BETWEEN 348585 AND 349584
	Bitmap Heap Scan on sbtest4  (cost=33.92..3591.96 rows=925 width=121)
	  Recheck Cond: ((id >= 348585) AND (id <= 349584))
	  ->  Bitmap Index Scan on sbtest4_pkey  (cost=0.00..33.69 rows=925 width=0)
	        Index Cond: ((id >= 348585) AND (id <= 349584))

table 5 : explain SELECT c FROM sbtest5 WHERE id BETWEEN 7879551 AND 7880550
	Bitmap Heap Scan on sbtest5  (cost=34.74..3895.22 rows=1005 width=121)
	  Recheck Cond: ((id >= 7879551) AND (id <= 7880550))
	  ->  Bitmap Index Scan on sbtest5_pkey  (cost=0.00..34.48 rows=1005 width=0)
	        Index Cond: ((id >= 7879551) AND (id <= 7880550))

table 6 : explain SELECT c FROM sbtest6 WHERE id BETWEEN 8466331 AND 8467330
	Bitmap Heap Scan on sbtest6  (cost=35.24..4078.42 rows=1054 width=121)
	  Recheck Cond: ((id >= 8466331) AND (id <= 8467330))
	  ->  Bitmap Index Scan on sbtest6_pkey  (cost=0.00..34.98 rows=1054 width=0)
	        Index Cond: ((id >= 8466331) AND (id <= 8467330))

table 7 : explain SELECT c FROM sbtest7 WHERE id BETWEEN 914198 AND 915197
	Bitmap Heap Scan on sbtest7  (cost=34.12..3668.39 rows=945 width=121)
	  Recheck Cond: ((id >= 914198) AND (id <= 915197))
	  ->  Bitmap Index Scan on sbtest7_pkey  (cost=0.00..33.89 rows=945 width=0)
	        Index Cond: ((id >= 914198) AND (id <= 915197))

table 8 : explain SELECT c FROM sbtest8 WHERE id BETWEEN 7916919 AND 7917918
	Bitmap Heap Scan on sbtest8  (cost=34.64..3861.40 rows=996 width=121)
	  Recheck Cond: ((id >= 7916919) AND (id <= 7917918))
	  ->  Bitmap Index Scan on sbtest8_pkey  (cost=0.00..34.40 rows=996 width=0)
	        Index Cond: ((id >= 7916919) AND (id <= 7917918))

for: order_ranges
table 1 : explain SELECT c FROM sbtest1 WHERE id BETWEEN 623884 AND 624883 ORDER BY c
	Sort  (cost=3814.60..3817.03 rows=970 width=121)
	  Sort Key: c
	  ->  Bitmap Heap Scan on sbtest1  (cost=34.38..3766.48 rows=970 width=121)
	        Recheck Cond: ((id >= 623884) AND (id <= 624883))
	        ->  Bitmap Index Scan on sbtest1_pkey  (cost=0.00..34.14 rows=970 width=0)
	              Index Cond: ((id >= 623884) AND (id <= 624883))

table 2 : explain SELECT c FROM sbtest2 WHERE id BETWEEN 4664316 AND 4665315 ORDER BY c
	Sort  (cost=4282.74..4285.48 rows=1094 width=121)
	  Sort Key: c
	  ->  Bitmap Heap Scan on sbtest2  (cost=35.65..4227.52 rows=1094 width=121)
	        Recheck Cond: ((id >= 4664316) AND (id <= 4665315))
	        ->  Bitmap Index Scan on sbtest2_pkey  (cost=0.00..35.38 rows=1094 width=0)
	              Index Cond: ((id >= 4664316) AND (id <= 4665315))

table 3 : explain SELECT c FROM sbtest3 WHERE id BETWEEN 3617869 AND 3618868 ORDER BY c
	Sort  (cost=4213.73..4216.42 rows=1076 width=121)
	  Sort Key: c
	  ->  Bitmap Heap Scan on sbtest3  (cost=35.46..4159.54 rows=1076 width=121)
	        Recheck Cond: ((id >= 3617869) AND (id <= 3618868))
	        ->  Bitmap Index Scan on sbtest3_pkey  (cost=0.00..35.20 rows=1076 width=0)
	              Index Cond: ((id >= 3617869) AND (id <= 3618868))

table 4 : explain SELECT c FROM sbtest4 WHERE id BETWEEN 7905281 AND 7906280 ORDER BY c
	Sort  (cost=4135.08..4137.71 rows=1055 width=121)
	  Sort Key: c
	  ->  Bitmap Heap Scan on sbtest4  (cost=35.25..4082.10 rows=1055 width=121)
	        Recheck Cond: ((id >= 7905281) AND (id <= 7906280))
	        ->  Bitmap Index Scan on sbtest4_pkey  (cost=0.00..34.98 rows=1055 width=0)
	              Index Cond: ((id >= 7905281) AND (id <= 7906280))

table 5 : explain SELECT c FROM sbtest5 WHERE id BETWEEN 1055161 AND 1056160 ORDER BY c
	Sort  (cost=4132.73..4135.37 rows=1054 width=121)
	  Sort Key: c
	  ->  Bitmap Heap Scan on sbtest5  (cost=35.24..4079.81 rows=1054 width=121)
	        Recheck Cond: ((id >= 1055161) AND (id <= 1056160))
	        ->  Bitmap Index Scan on sbtest5_pkey  (cost=0.00..34.98 rows=1054 width=0)
	              Index Cond: ((id >= 1055161) AND (id <= 1056160))

table 6 : explain SELECT c FROM sbtest6 WHERE id BETWEEN 1318217 AND 1319216 ORDER BY c
	Sort  (cost=4211.53..4214.22 rows=1075 width=121)
	  Sort Key: c
	  ->  Bitmap Heap Scan on sbtest6  (cost=35.45..4157.40 rows=1075 width=121)
	        Recheck Cond: ((id >= 1318217) AND (id <= 1319216))
	        ->  Bitmap Index Scan on sbtest6_pkey  (cost=0.00..35.19 rows=1075 width=0)
	              Index Cond: ((id >= 1318217) AND (id <= 1319216))

table 7 : explain SELECT c FROM sbtest7 WHERE id BETWEEN 7729527 AND 7730526 ORDER BY c
	Sort  (cost=4052.03..4054.61 rows=1033 width=121)
	  Sort Key: c
	  ->  Bitmap Heap Scan on sbtest7  (cost=35.02..4000.31 rows=1033 width=121)
	        Recheck Cond: ((id >= 7729527) AND (id <= 7730526))
	        ->  Bitmap Index Scan on sbtest7_pkey  (cost=0.00..34.77 rows=1033 width=0)
	              Index Cond: ((id >= 7729527) AND (id <= 7730526))

table 8 : explain SELECT c FROM sbtest8 WHERE id BETWEEN 3366360 AND 3367359 ORDER BY c
	Sort  (cost=3953.11..3955.63 rows=1007 width=121)
	  Sort Key: c
	  ->  Bitmap Heap Scan on sbtest8  (cost=34.76..3902.88 rows=1007 width=121)
	        Recheck Cond: ((id >= 3366360) AND (id <= 3367359))
	        ->  Bitmap Index Scan on sbtest8_pkey  (cost=0.00..34.51 rows=1007 width=0)
	              Index Cond: ((id >= 3366360) AND (id <= 3367359))

for: distinct_ranges
table 1 : explain SELECT DISTINCT c FROM sbtest1 WHERE id BETWEEN 7236851 AND 7237850 ORDER BY c
	Unique  (cost=3814.60..3819.45 rows=970 width=121)
	  ->  Sort  (cost=3814.60..3817.03 rows=970 width=121)
	        Sort Key: c
	        ->  Bitmap Heap Scan on sbtest1  (cost=34.38..3766.48 rows=970 width=121)
	              Recheck Cond: ((id >= 7236851) AND (id <= 7237850))
	              ->  Bitmap Index Scan on sbtest1_pkey  (cost=0.00..34.14 rows=970 width=0)
	                    Index Cond: ((id >= 7236851) AND (id <= 7237850))

table 2 : explain SELECT DISTINCT c FROM sbtest2 WHERE id BETWEEN 3227542 AND 3228541 ORDER BY c
	Unique  (cost=4164.48..4169.79 rows=1063 width=121)
	  ->  Sort  (cost=4164.48..4167.13 rows=1063 width=121)
	        Sort Key: c
	        ->  Bitmap Heap Scan on sbtest2  (cost=35.33..4111.04 rows=1063 width=121)
	              Recheck Cond: ((id >= 3227542) AND (id <= 3228541))
	              ->  Bitmap Index Scan on sbtest2_pkey  (cost=0.00..35.07 rows=1063 width=0)
	                    Index Cond: ((id >= 3227542) AND (id <= 3228541))

table 3 : explain SELECT DISTINCT c FROM sbtest3 WHERE id BETWEEN 5954791 AND 5955790 ORDER BY c
	Unique  (cost=4122.14..4127.40 rows=1052 width=121)
	  ->  Sort  (cost=4122.14..4124.77 rows=1052 width=121)
	        Sort Key: c
	        ->  Bitmap Heap Scan on sbtest3  (cost=35.22..4069.33 rows=1052 width=121)
	              Recheck Cond: ((id >= 5954791) AND (id <= 5955790))
	              ->  Bitmap Index Scan on sbtest3_pkey  (cost=0.00..34.95 rows=1052 width=0)
	                    Index Cond: ((id >= 5954791) AND (id <= 5955790))

table 4 : explain SELECT DISTINCT c FROM sbtest4 WHERE id BETWEEN 4062681 AND 4063680 ORDER BY c
	Unique  (cost=3764.03..3768.82 rows=958 width=121)
	  ->  Sort  (cost=3764.03..3766.42 rows=958 width=121)
	        Sort Key: c
	        ->  Bitmap Heap Scan on sbtest4  (cost=34.25..3716.59 rows=958 width=121)
	              Recheck Cond: ((id >= 4062681) AND (id <= 4063680))
	              ->  Bitmap Index Scan on sbtest4_pkey  (cost=0.00..34.02 rows=958 width=0)
	                    Index Cond: ((id >= 4062681) AND (id <= 4063680))

table 5 : explain SELECT DISTINCT c FROM sbtest5 WHERE id BETWEEN 6923938 AND 6924937 ORDER BY c
	Unique  (cost=3792.14..3796.96 rows=965 width=121)
	  ->  Sort  (cost=3792.14..3794.55 rows=965 width=121)
	        Sort Key: c
	        ->  Bitmap Heap Scan on sbtest5  (cost=34.33..3744.30 rows=965 width=121)
	              Recheck Cond: ((id >= 6923938) AND (id <= 6924937))
	              ->  Bitmap Index Scan on sbtest5_pkey  (cost=0.00..34.09 rows=965 width=0)
	                    Index Cond: ((id >= 6923938) AND (id <= 6924937))

table 6 : explain SELECT DISTINCT c FROM sbtest6 WHERE id BETWEEN 8747031 AND 8748030 ORDER BY c
	Unique  (cost=3671.95..3676.62 rows=935 width=121)
	  ->  Sort  (cost=3671.95..3674.29 rows=935 width=121)
	        Sort Key: c
	        ->  Bitmap Heap Scan on sbtest6  (cost=30.02..3625.81 rows=935 width=121)
	              Recheck Cond: ((id >= 8747031) AND (id <= 8748030))
	              ->  Bitmap Index Scan on sbtest6_pkey  (cost=0.00..29.79 rows=935 width=0)
	                    Index Cond: ((id >= 8747031) AND (id <= 8748030))

table 7 : explain SELECT DISTINCT c FROM sbtest7 WHERE id BETWEEN 8875766 AND 8876765 ORDER BY c
	Unique  (cost=3964.06..3969.11 rows=1010 width=121)
	  ->  Sort  (cost=3964.06..3966.58 rows=1010 width=121)
	        Sort Key: c
	        ->  Bitmap Heap Scan on sbtest7  (cost=34.79..3913.66 rows=1010 width=121)
	              Recheck Cond: ((id >= 8875766) AND (id <= 8876765))
	              ->  Bitmap Index Scan on sbtest7_pkey  (cost=0.00..34.54 rows=1010 width=0)
	                    Index Cond: ((id >= 8875766) AND (id <= 8876765))

table 8 : explain SELECT DISTINCT c FROM sbtest8 WHERE id BETWEEN 8733286 AND 8734285 ORDER BY c
	Unique  (cost=3727.09..3731.83 rows=948 width=121)
	  ->  Sort  (cost=3727.09..3729.46 rows=948 width=121)
	        Sort Key: c
	        ->  Bitmap Heap Scan on sbtest8  (cost=34.15..3680.21 rows=948 width=121)
	              Recheck Cond: ((id >= 8733286) AND (id <= 8734285))
	              ->  Bitmap Index Scan on sbtest8_pkey  (cost=0.00..33.92 rows=948 width=0)
	                    Index Cond: ((id >= 8733286) AND (id <= 8734285))

for: simple_ranges
table 1 : explain SELECT c FROM sbtest1 WHERE id BETWEEN 5103790 AND 5104789
	Bitmap Heap Scan on sbtest1  (cost=35.57..4204.12 rows=1086 width=121)
	  Recheck Cond: ((id >= 5103790) AND (id <= 5104789))
	  ->  Bitmap Index Scan on sbtest1_pkey  (cost=0.00..35.30 rows=1086 width=0)
	        Index Cond: ((id >= 5103790) AND (id <= 5104789))

table 2 : explain SELECT c FROM sbtest2 WHERE id BETWEEN 6737040 AND 6738039
	Bitmap Heap Scan on sbtest2  (cost=34.32..3738.24 rows=964 width=121)
	  Recheck Cond: ((id >= 6737040) AND (id <= 6738039))
	  ->  Bitmap Index Scan on sbtest2_pkey  (cost=0.00..34.08 rows=964 width=0)
	        Index Cond: ((id >= 6737040) AND (id <= 6738039))

table 3 : explain SELECT c FROM sbtest3 WHERE id BETWEEN 225996 AND 226995
	Bitmap Heap Scan on sbtest3  (cost=35.28..4091.89 rows=1058 width=121)
	  Recheck Cond: ((id >= 225996) AND (id <= 226995))
	  ->  Bitmap Index Scan on sbtest3_pkey  (cost=0.00..35.02 rows=1058 width=0)
	        Index Cond: ((id >= 225996) AND (id <= 226995))

table 4 : explain SELECT c FROM sbtest4 WHERE id BETWEEN 2596386 AND 2597385
	Bitmap Heap Scan on sbtest4  (cost=34.50..3807.14 rows=982 width=121)
	  Recheck Cond: ((id >= 2596386) AND (id <= 2597385))
	  ->  Bitmap Index Scan on sbtest4_pkey  (cost=0.00..34.26 rows=982 width=0)
	        Index Cond: ((id >= 2596386) AND (id <= 2597385))

table 5 : explain SELECT c FROM sbtest5 WHERE id BETWEEN 490084 AND 491083
	Bitmap Heap Scan on sbtest5  (cost=34.50..3808.46 rows=982 width=121)
	  Recheck Cond: ((id >= 490084) AND (id <= 491083))
	  ->  Bitmap Index Scan on sbtest5_pkey  (cost=0.00..34.26 rows=982 width=0)
	        Index Cond: ((id >= 490084) AND (id <= 491083))

table 6 : explain SELECT c FROM sbtest6 WHERE id BETWEEN 7099777 AND 7100776
	Bitmap Heap Scan on sbtest6  (cost=35.00..3991.86 rows=1031 width=121)
	  Recheck Cond: ((id >= 7099777) AND (id <= 7100776))
	  ->  Bitmap Index Scan on sbtest6_pkey  (cost=0.00..34.75 rows=1031 width=0)
	        Index Cond: ((id >= 7099777) AND (id <= 7100776))

table 7 : explain SELECT c FROM sbtest7 WHERE id BETWEEN 4868988 AND 4869987
	Bitmap Heap Scan on sbtest7  (cost=34.67..3872.19 rows=999 width=121)
	  Recheck Cond: ((id >= 4868988) AND (id <= 4869987))
	  ->  Bitmap Index Scan on sbtest7_pkey  (cost=0.00..34.43 rows=999 width=0)
	        Index Cond: ((id >= 4868988) AND (id <= 4869987))

table 8 : explain SELECT c FROM sbtest8 WHERE id BETWEEN 7585919 AND 7586918
	Bitmap Heap Scan on sbtest8  (cost=34.94..3970.73 rows=1025 width=121)
	  Recheck Cond: ((id >= 7585919) AND (id <= 7586918))
	  ->  Bitmap Index Scan on sbtest8_pkey  (cost=0.00..34.69 rows=1025 width=0)
	        Index Cond: ((id >= 7585919) AND (id <= 7586918))

explain: for point_selects :: explain SELECT c FROM sbtest%u WHERE id=%u
explain: for point_selects :: explain SELECT c FROM sbtest%u WHERE id=%u
for: distinct_ranges
table 1 : explain SELECT DISTINCT c FROM sbtest1 WHERE id BETWEEN 638220 AND 639219 ORDER BY c
	Unique  (cost=3814.60..3819.45 rows=970 width=121)
	  ->  Sort  (cost=3814.60..3817.03 rows=970 width=121)
	        Sort Key: c
	        ->  Bitmap Heap Scan on sbtest1  (cost=34.38..3766.48 rows=970 width=121)
	              Recheck Cond: ((id >= 638220) AND (id <= 639219))
	              ->  Bitmap Index Scan on sbtest1_pkey  (cost=0.00..34.14 rows=970 width=0)
	                    Index Cond: ((id >= 638220) AND (id <= 639219))

table 2 : explain SELECT DISTINCT c FROM sbtest2 WHERE id BETWEEN 9405418 AND 9406417 ORDER BY c
	Unique  (cost=3805.16..3810.01 rows=969 width=121)
	  ->  Sort  (cost=3805.16..3807.58 rows=969 width=121)
	        Sort Key: c
	        ->  Bitmap Heap Scan on sbtest2  (cost=34.37..3757.10 rows=969 width=121)
	              Recheck Cond: ((id >= 9405418) AND (id <= 9406417))
	              ->  Bitmap Index Scan on sbtest2_pkey  (cost=0.00..34.12 rows=969 width=0)
	                    Index Cond: ((id >= 9405418) AND (id <= 9406417))

table 3 : explain SELECT DISTINCT c FROM sbtest3 WHERE id BETWEEN 3561511 AND 3562510 ORDER BY c
	Unique  (cost=3597.81..3602.39 rows=916 width=121)
	  ->  Sort  (cost=3597.81..3600.10 rows=916 width=121)
	        Sort Key: c
	        ->  Bitmap Heap Scan on sbtest3  (cost=29.82..3552.74 rows=916 width=121)
	              Recheck Cond: ((id >= 3561511) AND (id <= 3562510))
	              ->  Bitmap Index Scan on sbtest3_pkey  (cost=0.00..29.59 rows=916 width=0)
	                    Index Cond: ((id >= 3561511) AND (id <= 3562510))

table 4 : explain SELECT DISTINCT c FROM sbtest4 WHERE id BETWEEN 7533311 AND 7534310 ORDER BY c
	Unique  (cost=4322.09..4327.61 rows=1104 width=121)
	  ->  Sort  (cost=4322.09..4324.85 rows=1104 width=121)
	        Sort Key: c
	        ->  Bitmap Heap Scan on sbtest4  (cost=35.75..4266.29 rows=1104 width=121)
	              Recheck Cond: ((id >= 7533311) AND (id <= 7534310))
	              ->  Bitmap Index Scan on sbtest4_pkey  (cost=0.00..35.48 rows=1104 width=0)
	                    Index Cond: ((id >= 7533311) AND (id <= 7534310))

table 5 : explain SELECT DISTINCT c FROM sbtest5 WHERE id BETWEEN 9628706 AND 9629705 ORDER BY c
	Unique  (cost=4144.20..4149.48 rows=1057 width=121)
	  ->  Sort  (cost=4144.20..4146.84 rows=1057 width=121)
	        Sort Key: c
	        ->  Bitmap Heap Scan on sbtest5  (cost=35.27..4091.11 rows=1057 width=121)
	              Recheck Cond: ((id >= 9628706) AND (id <= 9629705))
	              ->  Bitmap Index Scan on sbtest5_pkey  (cost=0.00..35.01 rows=1057 width=0)
	                    Index Cond: ((id >= 9628706) AND (id <= 9629705))

table 6 : explain SELECT DISTINCT c FROM sbtest6 WHERE id BETWEEN 4727735 AND 4728734 ORDER BY c
	Unique  (cost=3691.28..3695.98 rows=939 width=121)
	  ->  Sort  (cost=3691.28..3693.63 rows=939 width=121)
	        Sort Key: c
	        ->  Bitmap Heap Scan on sbtest6  (cost=34.06..3644.92 rows=939 width=121)
	              Recheck Cond: ((id >= 4727735) AND (id <= 4728734))
	              ->  Bitmap Index Scan on sbtest6_pkey  (cost=0.00..33.83 rows=939 width=0)
	                    Index Cond: ((id >= 4727735) AND (id <= 4728734))

table 7 : explain SELECT DISTINCT c FROM sbtest7 WHERE id BETWEEN 8267175 AND 8268174 ORDER BY c
	Unique  (cost=4277.41..4282.87 rows=1092 width=121)
	  ->  Sort  (cost=4277.41..4280.14 rows=1092 width=121)
	        Sort Key: c
	        ->  Bitmap Heap Scan on sbtest7  (cost=35.63..4222.31 rows=1092 width=121)
	              Recheck Cond: ((id >= 8267175) AND (id <= 8268174))
	              ->  Bitmap Index Scan on sbtest7_pkey  (cost=0.00..35.36 rows=1092 width=0)
	                    Index Cond: ((id >= 8267175) AND (id <= 8268174))

table 8 : explain SELECT DISTINCT c FROM sbtest8 WHERE id BETWEEN 1701660 AND 1702659 ORDER BY c
	Unique  (cost=3753.92..3758.70 rows=955 width=121)
	  ->  Sort  (cost=3753.92..3756.31 rows=955 width=121)
	        Sort Key: c
	        ->  Bitmap Heap Scan on sbtest8  (cost=34.22..3706.65 rows=955 width=121)
	              Recheck Cond: ((id >= 1701660) AND (id <= 1702659))
	              ->  Bitmap Index Scan on sbtest8_pkey  (cost=0.00..33.98 rows=955 width=0)
	                    Index Cond: ((id >= 1701660) AND (id <= 1702659))

explain: for point_selects :: explain SELECT c FROM sbtest%u WHERE id=%u
for: order_ranges
table 1 : explain SELECT c FROM sbtest1 WHERE id BETWEEN 5875828 AND 5876827 ORDER BY c
	Sort  (cost=3925.82..3928.32 rows=999 width=121)
	  Sort Key: c
	  ->  Bitmap Heap Scan on sbtest1  (cost=34.67..3876.05 rows=999 width=121)
	        Recheck Cond: ((id >= 5875828) AND (id <= 5876827))
	        ->  Bitmap Index Scan on sbtest1_pkey  (cost=0.00..34.43 rows=999 width=0)
	              Index Cond: ((id >= 5875828) AND (id <= 5876827))

table 2 : explain SELECT c FROM sbtest2 WHERE id BETWEEN 7567103 AND 7568102 ORDER BY c
	Sort  (cost=4183.56..4186.23 rows=1068 width=121)
	  Sort Key: c
	  ->  Bitmap Heap Scan on sbtest2  (cost=35.38..4129.84 rows=1068 width=121)
	        Recheck Cond: ((id >= 7567103) AND (id <= 7568102))
	        ->  Bitmap Index Scan on sbtest2_pkey  (cost=0.00..35.12 rows=1068 width=0)
	              Index Cond: ((id >= 7567103) AND (id <= 7568102))

table 3 : explain SELECT c FROM sbtest3 WHERE id BETWEEN 1895104 AND 1896103 ORDER BY c
	Sort  (cost=3471.20..3473.41 rows=883 width=121)
	  Sort Key: c
	  ->  Bitmap Heap Scan on sbtest3  (cost=29.49..3427.99 rows=883 width=121)
	        Recheck Cond: ((id >= 1895104) AND (id <= 1896103))
	        ->  Bitmap Index Scan on sbtest3_pkey  (cost=0.00..29.26 rows=883 width=0)
	              Index Cond: ((id >= 1895104) AND (id <= 1896103))

table 4 : explain SELECT c FROM sbtest4 WHERE id BETWEEN 4352858 AND 4353857 ORDER BY c
	Sort  (cost=3752.53..3754.92 rows=955 width=121)
	  Sort Key: c
	  ->  Bitmap Heap Scan on sbtest4  (cost=34.22..3705.26 rows=955 width=121)
	        Recheck Cond: ((id >= 4352858) AND (id <= 4353857))
	        ->  Bitmap Index Scan on sbtest4_pkey  (cost=0.00..33.98 rows=955 width=0)
	              Index Cond: ((id >= 4352858) AND (id <= 4353857))

table 5 : explain SELECT c FROM sbtest5 WHERE id BETWEEN 5741661 AND 5742660 ORDER BY c
	Sort  (cost=3661.60..3663.93 rows=932 width=121)
	  Sort Key: c
	  ->  Bitmap Heap Scan on sbtest5  (cost=29.99..3615.64 rows=932 width=121)
	        Recheck Cond: ((id >= 5741661) AND (id <= 5742660))
	        ->  Bitmap Index Scan on sbtest5_pkey  (cost=0.00..29.75 rows=932 width=0)
	              Index Cond: ((id >= 5741661) AND (id <= 5742660))

table 6 : explain SELECT c FROM sbtest6 WHERE id BETWEEN 5188719 AND 5189718 ORDER BY c
	Sort  (cost=3844.53..3846.98 rows=979 width=121)
	  Sort Key: c
	  ->  Bitmap Heap Scan on sbtest6  (cost=34.47..3795.90 rows=979 width=121)
	        Recheck Cond: ((id >= 5188719) AND (id <= 5189718))
	        ->  Bitmap Index Scan on sbtest6_pkey  (cost=0.00..34.23 rows=979 width=0)
	              Index Cond: ((id >= 5188719) AND (id <= 5189718))

table 7 : explain SELECT c FROM sbtest7 WHERE id BETWEEN 7177226 AND 7178225 ORDER BY c
	Sort  (cost=3967.88..3970.41 rows=1011 width=121)
	  Sort Key: c
	  ->  Bitmap Heap Scan on sbtest7  (cost=34.80..3917.43 rows=1011 width=121)
	        Recheck Cond: ((id >= 7177226) AND (id <= 7178225))
	        ->  Bitmap Index Scan on sbtest7_pkey  (cost=0.00..34.55 rows=1011 width=0)
	              Index Cond: ((id >= 7177226) AND (id <= 7178225))

table 8 : explain SELECT c FROM sbtest8 WHERE id BETWEEN 5110680 AND 5111679 ORDER BY c
	Sort  (cost=3446.67..3448.86 rows=876 width=121)
	  Sort Key: c
	  ->  Bitmap Heap Scan on sbtest8  (cost=29.41..3403.86 rows=876 width=121)
	        Recheck Cond: ((id >= 5110680) AND (id <= 5111679))
	        ->  Bitmap Index Scan on sbtest8_pkey  (cost=0.00..29.19 rows=876 width=0)
	              Index Cond: ((id >= 5110680) AND (id <= 5111679))

for: order_ranges
table 1 : explain SELECT c FROM sbtest1 WHERE id BETWEEN 6747331 AND 6748330 ORDER BY c
	Sort  (cost=4025.45..4028.01 rows=1025 width=121)
	  Sort Key: c
	  ->  Bitmap Heap Scan on sbtest1  (cost=34.94..3974.19 rows=1025 width=121)
	        Recheck Cond: ((id >= 6747331) AND (id <= 6748330))
	        ->  Bitmap Index Scan on sbtest1_pkey  (cost=0.00..34.69 rows=1025 width=0)
	              Index Cond: ((id >= 6747331) AND (id <= 6748330))

table 2 : explain SELECT c FROM sbtest2 WHERE id BETWEEN 6746027 AND 6747026 ORDER BY c
	Sort  (cost=3786.02..3788.43 rows=964 width=121)
	  Sort Key: c
	  ->  Bitmap Heap Scan on sbtest2  (cost=34.32..3738.24 rows=964 width=121)
	        Recheck Cond: ((id >= 6746027) AND (id <= 6747026))
	        ->  Bitmap Index Scan on sbtest2_pkey  (cost=0.00..34.08 rows=964 width=0)
	              Index Cond: ((id >= 6746027) AND (id <= 6747026))

table 3 : explain SELECT c FROM sbtest3 WHERE id BETWEEN 9653691 AND 9654690 ORDER BY c
	Sort  (cost=3501.91..3504.13 rows=891 width=121)
	  Sort Key: c
	  ->  Bitmap Heap Scan on sbtest3  (cost=29.57..3458.25 rows=891 width=121)
	        Recheck Cond: ((id >= 9653691) AND (id <= 9654690))
	        ->  Bitmap Index Scan on sbtest3_pkey  (cost=0.00..29.34 rows=891 width=0)
	              Index Cond: ((id >= 9653691) AND (id <= 9654690))

table 4 : explain SELECT c FROM sbtest4 WHERE id BETWEEN 734642 AND 735641 ORDER BY c
	Sort  (cost=3832.97..3835.41 rows=976 width=121)
	  Sort Key: c
	  ->  Bitmap Heap Scan on sbtest4  (cost=34.44..3784.51 rows=976 width=121)
	        Recheck Cond: ((id >= 734642) AND (id <= 735641))
	        ->  Bitmap Index Scan on sbtest4_pkey  (cost=0.00..34.20 rows=976 width=0)
	              Index Cond: ((id >= 734642) AND (id <= 735641))

table 5 : explain SELECT c FROM sbtest5 WHERE id BETWEEN 2277951 AND 2278950 ORDER BY c
	Sort  (cost=3818.96..3821.39 rows=972 width=121)
	  Sort Key: c
	  ->  Bitmap Heap Scan on sbtest5  (cost=34.40..3770.73 rows=972 width=121)
	        Recheck Cond: ((id >= 2277951) AND (id <= 2278950))
	        ->  Bitmap Index Scan on sbtest5_pkey  (cost=0.00..34.16 rows=972 width=0)
	              Index Cond: ((id >= 2277951) AND (id <= 2278950))

table 6 : explain SELECT c FROM sbtest6 WHERE id BETWEEN 413562 AND 414561 ORDER BY c
	Sort  (cost=3445.52..3447.71 rows=876 width=121)
	  Sort Key: c
	  ->  Bitmap Heap Scan on sbtest6  (cost=29.41..3402.70 rows=876 width=121)
	        Recheck Cond: ((id >= 413562) AND (id <= 414561))
	        ->  Bitmap Index Scan on sbtest6_pkey  (cost=0.00..29.19 rows=876 width=0)
	              Index Cond: ((id >= 413562) AND (id <= 414561))

table 7 : explain SELECT c FROM sbtest7 WHERE id BETWEEN 1346653 AND 1347652 ORDER BY c
	Sort  (cost=3910.48..3912.97 rows=996 width=121)
	  Sort Key: c
	  ->  Bitmap Heap Scan on sbtest7  (cost=34.64..3860.88 rows=996 width=121)
	        Recheck Cond: ((id >= 1346653) AND (id <= 1347652))
	        ->  Bitmap Index Scan on sbtest7_pkey  (cost=0.00..34.40 rows=996 width=0)
	              Index Cond: ((id >= 1346653) AND (id <= 1347652))

table 8 : explain SELECT c FROM sbtest8 WHERE id BETWEEN 9231132 AND 9232131 ORDER BY c
	Sort  (cost=3742.42..3744.80 rows=952 width=121)
	  Sort Key: c
	  ->  Bitmap Heap Scan on sbtest8  (cost=34.19..3695.32 rows=952 width=121)
	        Recheck Cond: ((id >= 9231132) AND (id <= 9232131))
	        ->  Bitmap Index Scan on sbtest8_pkey  (cost=0.00..33.95 rows=952 width=0)
	              Index Cond: ((id >= 9231132) AND (id <= 9232131))

explain: for point_selects :: explain SELECT c FROM sbtest%u WHERE id=%u
explain: for point_selects :: explain SELECT c FROM sbtest%u WHERE id=%u
for point_selects
table 1 : explain SELECT c FROM sbtest1 WHERE id=3643163
	Index Scan using sbtest1_pkey on sbtest1  (cost=0.43..8.45 rows=1 width=121)
	  Index Cond: (id = 3643163)

table 2 : explain SELECT c FROM sbtest2 WHERE id=7586106
	Index Scan using sbtest2_pkey on sbtest2  (cost=0.43..8.45 rows=1 width=121)
	  Index Cond: (id = 7586106)

table 3 : explain SELECT c FROM sbtest3 WHERE id=8713360
	Index Scan using sbtest3_pkey on sbtest3  (cost=0.43..8.45 rows=1 width=121)
	  Index Cond: (id = 8713360)

table 4 : explain SELECT c FROM sbtest4 WHERE id=9313956
	Index Scan using sbtest4_pkey on sbtest4  (cost=0.43..8.45 rows=1 width=121)
	  Index Cond: (id = 9313956)

table 5 : explain SELECT c FROM sbtest5 WHERE id=5762515
	Index Scan using sbtest5_pkey on sbtest5  (cost=0.43..8.45 rows=1 width=121)
	  Index Cond: (id = 5762515)

table 6 : explain SELECT c FROM sbtest6 WHERE id=4023239
	Index Scan using sbtest6_pkey on sbtest6  (cost=0.43..8.45 rows=1 width=121)
	  Index Cond: (id = 4023239)

table 7 : explain SELECT c FROM sbtest7 WHERE id=7552671
	Index Scan using sbtest7_pkey on sbtest7  (cost=0.43..8.45 rows=1 width=121)
	  Index Cond: (id = 7552671)

table 8 : explain SELECT c FROM sbtest8 WHERE id=597060
	Index Scan using sbtest8_pkey on sbtest8  (cost=0.43..8.45 rows=1 width=121)
	  Index Cond: (id = 597060)

for: sum_ranges
table 1 : explain SELECT SUM(k) FROM sbtest1 WHERE id BETWEEN 2568346 AND 2569345
	Aggregate  (cost=3678.09..3678.10 rows=1 width=8)
	  ->  Bitmap Heap Scan on sbtest1  (cost=34.13..3675.73 rows=946 width=4)
	        Recheck Cond: ((id >= 2568346) AND (id <= 2569345))
	        ->  Bitmap Index Scan on sbtest1_pkey  (cost=0.00..33.90 rows=946 width=0)
	              Index Cond: ((id >= 2568346) AND (id <= 2569345))

table 2 : explain SELECT SUM(k) FROM sbtest2 WHERE id BETWEEN 8971800 AND 8972799
	Aggregate  (cost=3801.03..3801.04 rows=1 width=8)
	  ->  Bitmap Heap Scan on sbtest2  (cost=34.48..3798.58 rows=980 width=4)
	        Recheck Cond: ((id >= 8971800) AND (id <= 8972799))
	        ->  Bitmap Index Scan on sbtest2_pkey  (cost=0.00..34.23 rows=980 width=0)
	              Index Cond: ((id >= 8971800) AND (id <= 8972799))

table 3 : explain SELECT SUM(k) FROM sbtest3 WHERE id BETWEEN 5711421 AND 5712420
	Aggregate  (cost=3543.69..3543.70 rows=1 width=8)
	  ->  Bitmap Heap Scan on sbtest3  (cost=29.79..3541.41 rows=913 width=4)
	        Recheck Cond: ((id >= 5711421) AND (id <= 5712420))
	        ->  Bitmap Index Scan on sbtest3_pkey  (cost=0.00..29.57 rows=913 width=0)
	              Index Cond: ((id >= 5711421) AND (id <= 5712420))

table 4 : explain SELECT SUM(k) FROM sbtest4 WHERE id BETWEEN 8687836 AND 8688835
	Aggregate  (cost=3696.32..3696.33 rows=1 width=8)
	  ->  Bitmap Heap Scan on sbtest4  (cost=34.19..3693.94 rows=952 width=4)
	        Recheck Cond: ((id >= 8687836) AND (id <= 8688835))
	        ->  Bitmap Index Scan on sbtest4_pkey  (cost=0.00..33.95 rows=952 width=0)
	              Index Cond: ((id >= 8687836) AND (id <= 8688835))

table 5 : explain SELECT SUM(k) FROM sbtest5 WHERE id BETWEEN 5914656 AND 5915655
	Aggregate  (cost=4003.32..4003.33 rows=1 width=8)
	  ->  Bitmap Heap Scan on sbtest5  (cost=35.02..4000.74 rows=1033 width=4)
	        Recheck Cond: ((id >= 5914656) AND (id <= 5915655))
	        ->  Bitmap Index Scan on sbtest5_pkey  (cost=0.00..34.77 rows=1033 width=0)
	              Index Cond: ((id >= 5914656) AND (id <= 5915655))

table 6 : explain SELECT SUM(k) FROM sbtest6 WHERE id BETWEEN 7153094 AND 7154093
	Aggregate  (cost=3919.06..3919.07 rows=1 width=8)
	  ->  Bitmap Heap Scan on sbtest6  (cost=34.80..3916.53 rows=1011 width=4)
	        Recheck Cond: ((id >= 7153094) AND (id <= 7154093))
	        ->  Bitmap Index Scan on sbtest6_pkey  (cost=0.00..34.55 rows=1011 width=0)
	              Index Cond: ((id >= 7153094) AND (id <= 7154093))

table 7 : explain SELECT SUM(k) FROM sbtest7 WHERE id BETWEEN 728615 AND 729614
	Aggregate  (cost=4021.74..4021.75 rows=1 width=8)
	  ->  Bitmap Heap Scan on sbtest7  (cost=35.07..4019.14 rows=1038 width=4)
	        Recheck Cond: ((id >= 728615) AND (id <= 729614))
	        ->  Bitmap Index Scan on sbtest7_pkey  (cost=0.00..34.82 rows=1038 width=0)
	              Index Cond: ((id >= 728615) AND (id <= 729614))

table 8 : explain SELECT SUM(k) FROM sbtest8 WHERE id BETWEEN 7233328 AND 7234327
	Aggregate  (cost=3882.76..3882.77 rows=1 width=8)
	  ->  Bitmap Heap Scan on sbtest8  (cost=34.70..3880.26 rows=1001 width=4)
	        Recheck Cond: ((id >= 7233328) AND (id <= 7234327))
	        ->  Bitmap Index Scan on sbtest8_pkey  (cost=0.00..34.45 rows=1001 width=0)
	              Index Cond: ((id >= 7233328) AND (id <= 7234327))

for: simple_ranges
table 1 : explain SELECT c FROM sbtest1 WHERE id BETWEEN 4582618 AND 4583617
	Bitmap Heap Scan on sbtest1  (cost=35.25..4087.33 rows=1055 width=121)
	  Recheck Cond: ((id >= 4582618) AND (id <= 4583617))
	  ->  Bitmap Index Scan on sbtest1_pkey  (cost=0.00..34.98 rows=1055 width=0)
	        Index Cond: ((id >= 4582618) AND (id <= 4583617))

table 2 : explain SELECT c FROM sbtest2 WHERE id BETWEEN 6653116 AND 6654115
	Bitmap Heap Scan on sbtest2  (cost=29.90..3579.47 rows=923 width=121)
	  Recheck Cond: ((id >= 6653116) AND (id <= 6654115))
	  ->  Bitmap Index Scan on sbtest2_pkey  (cost=0.00..29.66 rows=923 width=0)
	        Index Cond: ((id >= 6653116) AND (id <= 6654115))

table 3 : explain SELECT c FROM sbtest3 WHERE id BETWEEN 4803989 AND 4804988
	Bitmap Heap Scan on sbtest3  (cost=35.00..3990.34 rows=1031 width=121)
	  Recheck Cond: ((id >= 4803989) AND (id <= 4804988))
	  ->  Bitmap Index Scan on sbtest3_pkey  (cost=0.00..34.75 rows=1031 width=0)
	        Index Cond: ((id >= 4803989) AND (id <= 4804988))

table 4 : explain SELECT c FROM sbtest4 WHERE id BETWEEN 7457780 AND 7458779
	Bitmap Heap Scan on sbtest4  (cost=34.96..3976.71 rows=1027 width=121)
	  Recheck Cond: ((id >= 7457780) AND (id <= 7458779))
	  ->  Bitmap Index Scan on sbtest4_pkey  (cost=0.00..34.70 rows=1027 width=0)
	        Index Cond: ((id >= 7457780) AND (id <= 7458779))

table 5 : explain SELECT c FROM sbtest5 WHERE id BETWEEN 9465857 AND 9466856
	Bitmap Heap Scan on sbtest5  (cost=29.67..3498.40 rows=901 width=121)
	  Recheck Cond: ((id >= 9465857) AND (id <= 9466856))
	  ->  Bitmap Index Scan on sbtest5_pkey  (cost=0.00..29.44 rows=901 width=0)
	        Index Cond: ((id >= 9465857) AND (id <= 9466856))

table 6 : explain SELECT c FROM sbtest6 WHERE id BETWEEN 7473216 AND 7474215
	Bitmap Heap Scan on sbtest6  (cost=29.76..3531.33 rows=910 width=121)
	  Recheck Cond: ((id >= 7473216) AND (id <= 7474215))
	  ->  Bitmap Index Scan on sbtest6_pkey  (cost=0.00..29.54 rows=910 width=0)
	        Index Cond: ((id >= 7473216) AND (id <= 7474215))

table 7 : explain SELECT c FROM sbtest7 WHERE id BETWEEN 6518149 AND 6519148
	Bitmap Heap Scan on sbtest7  (cost=34.07..3649.50 rows=940 width=121)
	  Recheck Cond: ((id >= 6518149) AND (id <= 6519148))
	  ->  Bitmap Index Scan on sbtest7_pkey  (cost=0.00..33.84 rows=940 width=0)
	        Index Cond: ((id >= 6518149) AND (id <= 6519148))

table 8 : explain SELECT c FROM sbtest8 WHERE id BETWEEN 9347114 AND 9348113
	Bitmap Heap Scan on sbtest8  (cost=35.32..4110.06 rows=1062 width=121)
	  Recheck Cond: ((id >= 9347114) AND (id <= 9348113))
	  ->  Bitmap Index Scan on sbtest8_pkey  (cost=0.00..35.06 rows=1062 width=0)
	        Index Cond: ((id >= 9347114) AND (id <= 9348113))

for: distinct_ranges
table 1 : explain SELECT DISTINCT c FROM sbtest1 WHERE id BETWEEN 6260008 AND 6261007 ORDER BY c
	Unique  (cost=3741.68..3746.44 rows=951 width=121)
	  ->  Sort  (cost=3741.68..3744.06 rows=951 width=121)
	        Sort Key: c
	        ->  Bitmap Heap Scan on sbtest1  (cost=34.18..3694.64 rows=951 width=121)
	              Recheck Cond: ((id >= 6260008) AND (id <= 6261007))
	              ->  Bitmap Index Scan on sbtest1_pkey  (cost=0.00..33.95 rows=951 width=0)
	                    Index Cond: ((id >= 6260008) AND (id <= 6261007))

table 2 : explain SELECT DISTINCT c FROM sbtest2 WHERE id BETWEEN 6993032 AND 6994031 ORDER BY c
	Unique  (cost=4107.21..4112.45 rows=1048 width=121)
	  ->  Sort  (cost=4107.21..4109.83 rows=1048 width=121)
	        Sort Key: c
	        ->  Bitmap Heap Scan on sbtest2  (cost=35.18..4054.64 rows=1048 width=121)
	              Recheck Cond: ((id >= 6993032) AND (id <= 6994031))
	              ->  Bitmap Index Scan on sbtest2_pkey  (cost=0.00..34.92 rows=1048 width=0)
	                    Index Cond: ((id >= 6993032) AND (id <= 6994031))

table 3 : explain SELECT DISTINCT c FROM sbtest3 WHERE id BETWEEN 8239813 AND 8240812 ORDER BY c
	Unique  (cost=3923.45..3928.45 rows=1000 width=121)
	  ->  Sort  (cost=3923.45..3925.95 rows=1000 width=121)
	        Sort Key: c
	        ->  Bitmap Heap Scan on sbtest3  (cost=34.69..3873.63 rows=1000 width=121)
	              Recheck Cond: ((id >= 8239813) AND (id <= 8240812))
	              ->  Bitmap Index Scan on sbtest3_pkey  (cost=0.00..34.44 rows=1000 width=0)
	                    Index Cond: ((id >= 8239813) AND (id <= 8240812))

table 4 : explain SELECT DISTINCT c FROM sbtest4 WHERE id BETWEEN 5661255 AND 5662254 ORDER BY c
	Unique  (cost=3725.71..3730.45 rows=948 width=121)
	  ->  Sort  (cost=3725.71..3728.08 rows=948 width=121)
	        Sort Key: c
	        ->  Bitmap Heap Scan on sbtest4  (cost=34.15..3678.84 rows=948 width=121)
	              Recheck Cond: ((id >= 5661255) AND (id <= 5662254))
	              ->  Bitmap Index Scan on sbtest4_pkey  (cost=0.00..33.92 rows=948 width=0)
	                    Index Cond: ((id >= 5661255) AND (id <= 5662254))

table 5 : explain SELECT DISTINCT c FROM sbtest5 WHERE id BETWEEN 5928955 AND 5929954 ORDER BY c
	Unique  (cost=4052.45..4057.62 rows=1033 width=121)
	  ->  Sort  (cost=4052.45..4055.04 rows=1033 width=121)
	        Sort Key: c
	        ->  Bitmap Heap Scan on sbtest5  (cost=35.02..4000.74 rows=1033 width=121)
	              Recheck Cond: ((id >= 5928955) AND (id <= 5929954))
	              ->  Bitmap Index Scan on sbtest5_pkey  (cost=0.00..34.77 rows=1033 width=0)
	                    Index Cond: ((id >= 5928955) AND (id <= 5929954))

table 6 : explain SELECT DISTINCT c FROM sbtest6 WHERE id BETWEEN 2816832 AND 2817831 ORDER BY c
	Unique  (cost=4242.06..4247.48 rows=1083 width=121)
	  ->  Sort  (cost=4242.06..4244.77 rows=1083 width=121)
	        Sort Key: c
	        ->  Bitmap Heap Scan on sbtest6  (cost=35.54..4187.47 rows=1083 width=121)
	              Recheck Cond: ((id >= 2816832) AND (id <= 2817831))
	              ->  Bitmap Index Scan on sbtest6_pkey  (cost=0.00..35.27 rows=1083 width=0)
	                    Index Cond: ((id >= 2816832) AND (id <= 2817831))

table 7 : explain SELECT DISTINCT c FROM sbtest7 WHERE id BETWEEN 3717437 AND 3718436 ORDER BY c
	Unique  (cost=4113.19..4118.44 rows=1049 width=121)
	  ->  Sort  (cost=4113.19..4115.81 rows=1049 width=121)
	        Sort Key: c
	        ->  Bitmap Heap Scan on sbtest7  (cost=35.19..4060.56 rows=1049 width=121)
	              Recheck Cond: ((id >= 3717437) AND (id <= 3718436))
	              ->  Bitmap Index Scan on sbtest7_pkey  (cost=0.00..34.93 rows=1049 width=0)
	                    Index Cond: ((id >= 3717437) AND (id <= 3718436))

table 8 : explain SELECT DISTINCT c FROM sbtest8 WHERE id BETWEEN 7645846 AND 7646845 ORDER BY c
	Unique  (cost=4002.86..4007.96 rows=1020 width=121)
	  ->  Sort  (cost=4002.86..4005.41 rows=1020 width=121)
	        Sort Key: c
	        ->  Bitmap Heap Scan on sbtest8  (cost=34.89..3951.89 rows=1020 width=121)
	              Recheck Cond: ((id >= 7645846) AND (id <= 7646845))
	              ->  Bitmap Index Scan on sbtest8_pkey  (cost=0.00..34.64 rows=1020 width=0)
	                    Index Cond: ((id >= 7645846) AND (id <= 7646845))

for: distinct_ranges
table 1 : explain SELECT DISTINCT c FROM sbtest1 WHERE id BETWEEN 938260 AND 939259 ORDER BY c
	Unique  (cost=3875.98..3880.91 rows=986 width=121)
	  ->  Sort  (cost=3875.98..3878.44 rows=986 width=121)
	        Sort Key: c
	        ->  Bitmap Heap Scan on sbtest1  (cost=34.54..3826.95 rows=986 width=121)
	              Recheck Cond: ((id >= 938260) AND (id <= 939259))
	              ->  Bitmap Index Scan on sbtest1_pkey  (cost=0.00..34.30 rows=986 width=0)
	                    Index Cond: ((id >= 938260) AND (id <= 939259))

table 2 : explain SELECT DISTINCT c FROM sbtest2 WHERE id BETWEEN 3528153 AND 3529152 ORDER BY c
	Unique  (cost=4111.03..4116.27 rows=1049 width=121)
	  ->  Sort  (cost=4111.03..4113.65 rows=1049 width=121)
	        Sort Key: c
	        ->  Bitmap Heap Scan on sbtest2  (cost=35.19..4058.40 rows=1049 width=121)
	              Recheck Cond: ((id >= 3528153) AND (id <= 3529152))
	              ->  Bitmap Index Scan on sbtest2_pkey  (cost=0.00..34.93 rows=1049 width=0)
	                    Index Cond: ((id >= 3528153) AND (id <= 3529152))

table 3 : explain SELECT DISTINCT c FROM sbtest3 WHERE id BETWEEN 256411 AND 257410 ORDER BY c
	Unique  (cost=4145.04..4150.33 rows=1058 width=121)
	  ->  Sort  (cost=4145.04..4147.68 rows=1058 width=121)
	        Sort Key: c
	        ->  Bitmap Heap Scan on sbtest3  (cost=35.28..4091.89 rows=1058 width=121)
	              Recheck Cond: ((id >= 256411) AND (id <= 257410))
	              ->  Bitmap Index Scan on sbtest3_pkey  (cost=0.00..35.02 rows=1058 width=0)
	                    Index Cond: ((id >= 256411) AND (id <= 257410))

table 4 : explain SELECT DISTINCT c FROM sbtest4 WHERE id BETWEEN 1206496 AND 1207495 ORDER BY c
	Unique  (cost=4051.02..4056.18 rows=1033 width=121)
	  ->  Sort  (cost=4051.02..4053.60 rows=1033 width=121)
	        Sort Key: c
	        ->  Bitmap Heap Scan on sbtest4  (cost=35.02..3999.30 rows=1033 width=121)
	              Recheck Cond: ((id >= 1206496) AND (id <= 1207495))
	              ->  Bitmap Index Scan on sbtest4_pkey  (cost=0.00..34.77 rows=1033 width=0)
	                    Index Cond: ((id >= 1206496) AND (id <= 1207495))

table 5 : explain SELECT DISTINCT c FROM sbtest5 WHERE id BETWEEN 9582856 AND 9583855 ORDER BY c
	Unique  (cost=4090.69..4095.90 rows=1043 width=121)
	  ->  Sort  (cost=4090.69..4093.30 rows=1043 width=121)
	        Sort Key: c
	        ->  Bitmap Heap Scan on sbtest5  (cost=35.13..4038.40 rows=1043 width=121)
	              Recheck Cond: ((id >= 9582856) AND (id <= 9583855))
	              ->  Bitmap Index Scan on sbtest5_pkey  (cost=0.00..34.87 rows=1043 width=0)
	                    Index Cond: ((id >= 9582856) AND (id <= 9583855))

table 6 : explain SELECT DISTINCT c FROM sbtest6 WHERE id BETWEEN 7657630 AND 7658629 ORDER BY c
	Unique  (cost=4138.98..4144.26 rows=1056 width=121)
	  ->  Sort  (cost=4138.98..4141.62 rows=1056 width=121)
	        Sort Key: c
	        ->  Bitmap Heap Scan on sbtest6  (cost=35.26..4085.95 rows=1056 width=121)
	              Recheck Cond: ((id >= 7657630) AND (id <= 7658629))
	              ->  Bitmap Index Scan on sbtest6_pkey  (cost=0.00..35.00 rows=1056 width=0)
	                    Index Cond: ((id >= 7657630) AND (id <= 7658629))

table 7 : explain SELECT DISTINCT c FROM sbtest7 WHERE id BETWEEN 61279 AND 62278 ORDER BY c
	Unique  (cost=4002.31..4007.41 rows=1020 width=121)
	  ->  Sort  (cost=4002.31..4004.86 rows=1020 width=121)
	        Sort Key: c
	        ->  Bitmap Heap Scan on sbtest7  (cost=34.89..3951.34 rows=1020 width=121)
	              Recheck Cond: ((id >= 61279) AND (id <= 62278))
	              ->  Bitmap Index Scan on sbtest7_pkey  (cost=0.00..34.64 rows=1020 width=0)
	                    Index Cond: ((id >= 61279) AND (id <= 62278))

table 8 : explain SELECT DISTINCT c FROM sbtest8 WHERE id BETWEEN 1825416 AND 1826415 ORDER BY c
	Unique  (cost=3834.41..3839.29 rows=976 width=121)
	  ->  Sort  (cost=3834.41..3836.85 rows=976 width=121)
	        Sort Key: c
	        ->  Bitmap Heap Scan on sbtest8  (cost=34.44..3785.94 rows=976 width=121)
	              Recheck Cond: ((id >= 1825416) AND (id <= 1826415))
	              ->  Bitmap Index Scan on sbtest8_pkey  (cost=0.00..34.20 rows=976 width=0)
	                    Index Cond: ((id >= 1825416) AND (id <= 1826415))

for point_selects
table 1 : explain SELECT c FROM sbtest1 WHERE id=3164081
	Index Scan using sbtest1_pkey on sbtest1  (cost=0.43..8.45 rows=1 width=121)
	  Index Cond: (id = 3164081)

table 2 : explain SELECT c FROM sbtest2 WHERE id=5553402
	Index Scan using sbtest2_pkey on sbtest2  (cost=0.43..8.45 rows=1 width=121)
	  Index Cond: (id = 5553402)

table 3 : explain SELECT c FROM sbtest3 WHERE id=8747813
	Index Scan using sbtest3_pkey on sbtest3  (cost=0.43..8.45 rows=1 width=121)
	  Index Cond: (id = 8747813)

table 4 : explain SELECT c FROM sbtest4 WHERE id=4700264
	Index Scan using sbtest4_pkey on sbtest4  (cost=0.43..8.45 rows=1 width=121)
	  Index Cond: (id = 4700264)

table 5 : explain SELECT c FROM sbtest5 WHERE id=6336937
	Index Scan using sbtest5_pkey on sbtest5  (cost=0.43..8.45 rows=1 width=121)
	  Index Cond: (id = 6336937)

table 6 : explain SELECT c FROM sbtest6 WHERE id=7513226
	Index Scan using sbtest6_pkey on sbtest6  (cost=0.43..8.45 rows=1 width=121)
	  Index Cond: (id = 7513226)

table 7 : explain SELECT c FROM sbtest7 WHERE id=6084442
	Index Scan using sbtest7_pkey on sbtest7  (cost=0.43..8.45 rows=1 width=121)
	  Index Cond: (id = 6084442)

table 8 : explain SELECT c FROM sbtest8 WHERE id=6079469
	Index Scan using sbtest8_pkey on sbtest8  (cost=0.43..8.45 rows=1 width=121)
	  Index Cond: (id = 6079469)

for point_selects
table 1 : explain SELECT c FROM sbtest1 WHERE id=5497904
	Index Scan using sbtest1_pkey on sbtest1  (cost=0.43..8.45 rows=1 width=121)
	  Index Cond: (id = 5497904)

table 2 : explain SELECT c FROM sbtest2 WHERE id=3029280
	Index Scan using sbtest2_pkey on sbtest2  (cost=0.43..8.45 rows=1 width=121)
	  Index Cond: (id = 3029280)

table 3 : explain SELECT c FROM sbtest3 WHERE id=6144858
	Index Scan using sbtest3_pkey on sbtest3  (cost=0.43..8.45 rows=1 width=121)
	  Index Cond: (id = 6144858)

table 4 : explain SELECT c FROM sbtest4 WHERE id=4134327
	Index Scan using sbtest4_pkey on sbtest4  (cost=0.43..8.45 rows=1 width=121)
	  Index Cond: (id = 4134327)

table 5 : explain SELECT c FROM sbtest5 WHERE id=794335
	Index Scan using sbtest5_pkey on sbtest5  (cost=0.43..8.45 rows=1 width=121)
	  Index Cond: (id = 794335)

table 6 : explain SELECT c FROM sbtest6 WHERE id=7608469
	Index Scan using sbtest6_pkey on sbtest6  (cost=0.43..8.45 rows=1 width=121)
	  Index Cond: (id = 7608469)

table 7 : explain SELECT c FROM sbtest7 WHERE id=5769013
	Index Scan using sbtest7_pkey on sbtest7  (cost=0.43..8.45 rows=1 width=121)
	  Index Cond: (id = 5769013)

table 8 : explain SELECT c FROM sbtest8 WHERE id=1532647
	Index Scan using sbtest8_pkey on sbtest8  (cost=0.43..8.45 rows=1 width=121)
	  Index Cond: (id = 1532647)

for: distinct_ranges
table 1 : explain SELECT DISTINCT c FROM sbtest1 WHERE id BETWEEN 7655847 AND 7656846 ORDER BY c
	Unique  (cost=3883.65..3888.59 rows=988 width=121)
	  ->  Sort  (cost=3883.65..3886.12 rows=988 width=121)
	        Sort Key: c
	        ->  Bitmap Heap Scan on sbtest1  (cost=34.56..3834.50 rows=988 width=121)
	              Recheck Cond: ((id >= 7655847) AND (id <= 7656846))
	              ->  Bitmap Index Scan on sbtest1_pkey  (cost=0.00..34.32 rows=988 width=0)
	                    Index Cond: ((id >= 7655847) AND (id <= 7656846))

table 2 : explain SELECT DISTINCT c FROM sbtest2 WHERE id BETWEEN 4588170 AND 4589169 ORDER BY c
	Unique  (cost=4229.35..4234.75 rows=1080 width=121)
	  ->  Sort  (cost=4229.35..4232.05 rows=1080 width=121)
	        Sort Key: c
	        ->  Bitmap Heap Scan on sbtest2  (cost=35.51..4174.93 rows=1080 width=121)
	              Recheck Cond: ((id >= 4588170) AND (id <= 4589169))
	              ->  Bitmap Index Scan on sbtest2_pkey  (cost=0.00..35.23 rows=1080 width=0)
	                    Index Cond: ((id >= 4588170) AND (id <= 4589169))

table 3 : explain SELECT DISTINCT c FROM sbtest3 WHERE id BETWEEN 7585832 AND 7586831 ORDER BY c
	Unique  (cost=3999.91..4005.01 rows=1020 width=121)
	  ->  Sort  (cost=3999.91..4002.46 rows=1020 width=121)
	        Sort Key: c
	        ->  Bitmap Heap Scan on sbtest3  (cost=34.89..3948.94 rows=1020 width=121)
	              Recheck Cond: ((id >= 7585832) AND (id <= 7586831))
	              ->  Bitmap Index Scan on sbtest3_pkey  (cost=0.00..34.64 rows=1020 width=0)
	                    Index Cond: ((id >= 7585832) AND (id <= 7586831))

table 4 : explain SELECT DISTINCT c FROM sbtest4 WHERE id BETWEEN 5290646 AND 5291645 ORDER BY c
	Unique  (cost=3970.73..3975.79 rows=1012 width=121)
	  ->  Sort  (cost=3970.73..3973.26 rows=1012 width=121)
	        Sort Key: c
	        ->  Bitmap Heap Scan on sbtest4  (cost=34.81..3920.22 rows=1012 width=121)
	              Recheck Cond: ((id >= 5290646) AND (id <= 5291645))
	              ->  Bitmap Index Scan on sbtest4_pkey  (cost=0.00..34.56 rows=1012 width=0)
	                    Index Cond: ((id >= 5290646) AND (id <= 5291645))

table 5 : explain SELECT DISTINCT c FROM sbtest5 WHERE id BETWEEN 5650633 AND 5651632 ORDER BY c
	Unique  (cost=3723.14..3727.87 rows=947 width=121)
	  ->  Sort  (cost=3723.14..3725.50 rows=947 width=121)
	        Sort Key: c
	        ->  Bitmap Heap Scan on sbtest5  (cost=34.14..3676.32 rows=947 width=121)
	              Recheck Cond: ((id >= 5650633) AND (id <= 5651632))
	              ->  Bitmap Index Scan on sbtest5_pkey  (cost=0.00..33.91 rows=947 width=0)
	                    Index Cond: ((id >= 5650633) AND (id <= 5651632))

table 6 : explain SELECT DISTINCT c FROM sbtest6 WHERE id BETWEEN 2524996 AND 2525995 ORDER BY c
	Unique  (cost=3687.45..3692.14 rows=938 width=121)
	  ->  Sort  (cost=3687.45..3689.80 rows=938 width=121)
	        Sort Key: c
	        ->  Bitmap Heap Scan on sbtest6  (cost=34.05..3641.14 rows=938 width=121)
	              Recheck Cond: ((id >= 2524996) AND (id <= 2525995))
	              ->  Bitmap Index Scan on sbtest6_pkey  (cost=0.00..33.82 rows=938 width=0)
	                    Index Cond: ((id >= 2524996) AND (id <= 2525995))

table 7 : explain SELECT DISTINCT c FROM sbtest7 WHERE id BETWEEN 1661235 AND 1662234 ORDER BY c
	Unique  (cost=4025.26..4030.39 rows=1026 width=121)
	  ->  Sort  (cost=4025.26..4027.83 rows=1026 width=121)
	        Sort Key: c
	        ->  Bitmap Heap Scan on sbtest7  (cost=34.95..3973.95 rows=1026 width=121)
	              Recheck Cond: ((id >= 1661235) AND (id <= 1662234))
	              ->  Bitmap Index Scan on sbtest7_pkey  (cost=0.00..34.70 rows=1026 width=0)
	                    Index Cond: ((id >= 1661235) AND (id <= 1662234))

table 8 : explain SELECT DISTINCT c FROM sbtest8 WHERE id BETWEEN 571142 AND 572141 ORDER BY c
	Unique  (cost=4197.82..4203.18 rows=1071 width=121)
	  ->  Sort  (cost=4197.82..4200.50 rows=1071 width=121)
	        Sort Key: c
	        ->  Bitmap Heap Scan on sbtest8  (cost=35.41..4143.93 rows=1071 width=121)
	              Recheck Cond: ((id >= 571142) AND (id <= 572141))
	              ->  Bitmap Index Scan on sbtest8_pkey  (cost=0.00..35.15 rows=1071 width=0)
	                    Index Cond: ((id >= 571142) AND (id <= 572141))

for: order_ranges
table 1 : explain SELECT c FROM sbtest1 WHERE id BETWEEN 1937242 AND 1938241 ORDER BY c
	Sort  (cost=4040.77..4043.34 rows=1029 width=121)
	  Sort Key: c
	  ->  Bitmap Heap Scan on sbtest1  (cost=34.98..3989.28 rows=1029 width=121)
	        Recheck Cond: ((id >= 1937242) AND (id <= 1938241))
	        ->  Bitmap Index Scan on sbtest1_pkey  (cost=0.00..34.73 rows=1029 width=0)
	              Index Cond: ((id >= 1937242) AND (id <= 1938241))

table 2 : explain SELECT c FROM sbtest2 WHERE id BETWEEN 2583237 AND 2584236 ORDER BY c
	Sort  (cost=3965.84..3968.37 rows=1011 width=121)
	  Sort Key: c
	  ->  Bitmap Heap Scan on sbtest2  (cost=34.80..3915.38 rows=1011 width=121)
	        Recheck Cond: ((id >= 2583237) AND (id <= 2584236))
	        ->  Bitmap Index Scan on sbtest2_pkey  (cost=0.00..34.55 rows=1011 width=0)
	              Index Cond: ((id >= 2583237) AND (id <= 2584236))

table 3 : explain SELECT c FROM sbtest3 WHERE id BETWEEN 9390812 AND 9391811 ORDER BY c
	Sort  (cost=3919.63..3922.13 rows=999 width=121)
	  Sort Key: c
	  ->  Bitmap Heap Scan on sbtest3  (cost=34.67..3869.86 rows=999 width=121)
	        Recheck Cond: ((id >= 9390812) AND (id <= 9391811))
	        ->  Bitmap Index Scan on sbtest3_pkey  (cost=0.00..34.43 rows=999 width=0)
	              Index Cond: ((id >= 9390812) AND (id <= 9391811))

table 4 : explain SELECT c FROM sbtest4 WHERE id BETWEEN 1614317 AND 1615316 ORDER BY c
	Sort  (cost=3721.88..3724.24 rows=947 width=121)
	  Sort Key: c
	  ->  Bitmap Heap Scan on sbtest4  (cost=34.14..3675.06 rows=947 width=121)
	        Recheck Cond: ((id >= 1614317) AND (id <= 1615316))
	        ->  Bitmap Index Scan on sbtest4_pkey  (cost=0.00..33.91 rows=947 width=0)
	              Index Cond: ((id >= 1614317) AND (id <= 1615316))

table 5 : explain SELECT c FROM sbtest5 WHERE id BETWEEN 8307024 AND 8308023 ORDER BY c
	Sort  (cost=3930.02..3932.52 rows=1001 width=121)
	  Sort Key: c
	  ->  Bitmap Heap Scan on sbtest5  (cost=34.70..3880.13 rows=1001 width=121)
	        Recheck Cond: ((id >= 8307024) AND (id <= 8308023))
	        ->  Bitmap Index Scan on sbtest5_pkey  (cost=0.00..34.45 rows=1001 width=0)
	              Index Cond: ((id >= 8307024) AND (id <= 8308023))

table 6 : explain SELECT c FROM sbtest6 WHERE id BETWEEN 5129874 AND 5130873 ORDER BY c
	Sort  (cost=3844.53..3846.98 rows=979 width=121)
	  Sort Key: c
	  ->  Bitmap Heap Scan on sbtest6  (cost=34.47..3795.90 rows=979 width=121)
	        Recheck Cond: ((id >= 5129874) AND (id <= 5130873))
	        ->  Bitmap Index Scan on sbtest6_pkey  (cost=0.00..34.23 rows=979 width=0)
	              Index Cond: ((id >= 5129874) AND (id <= 5130873))

table 7 : explain SELECT c FROM sbtest7 WHERE id BETWEEN 2641015 AND 2642014 ORDER BY c
	Sort  (cost=3956.40..3958.92 rows=1008 width=121)
	  Sort Key: c
	  ->  Bitmap Heap Scan on sbtest7  (cost=34.77..3906.12 rows=1008 width=121)
	        Recheck Cond: ((id >= 2641015) AND (id <= 2642014))
	        ->  Bitmap Index Scan on sbtest7_pkey  (cost=0.00..34.52 rows=1008 width=0)
	              Index Cond: ((id >= 2641015) AND (id <= 2642014))

table 8 : explain SELECT c FROM sbtest8 WHERE id BETWEEN 5845998 AND 5846997 ORDER BY c
	Sort  (cost=4335.26..4338.03 rows=1107 width=121)
	  Sort Key: c
	  ->  Bitmap Heap Scan on sbtest8  (cost=35.78..4279.29 rows=1107 width=121)
	        Recheck Cond: ((id >= 5845998) AND (id <= 5846997))
	        ->  Bitmap Index Scan on sbtest8_pkey  (cost=0.00..35.51 rows=1107 width=0)
	              Index Cond: ((id >= 5845998) AND (id <= 5846997))

for point_selects
table 1 : explain SELECT c FROM sbtest1 WHERE id=4944416
	Index Scan using sbtest1_pkey on sbtest1  (cost=0.43..8.45 rows=1 width=121)
	  Index Cond: (id = 4944416)

table 2 : explain SELECT c FROM sbtest2 WHERE id=7139334
	Index Scan using sbtest2_pkey on sbtest2  (cost=0.43..8.45 rows=1 width=121)
	  Index Cond: (id = 7139334)

table 3 : explain SELECT c FROM sbtest3 WHERE id=9708777
	Index Scan using sbtest3_pkey on sbtest3  (cost=0.43..8.45 rows=1 width=121)
	  Index Cond: (id = 9708777)

table 4 : explain SELECT c FROM sbtest4 WHERE id=5752598
	Index Scan using sbtest4_pkey on sbtest4  (cost=0.43..8.45 rows=1 width=121)
	  Index Cond: (id = 5752598)

table 5 : explain SELECT c FROM sbtest5 WHERE id=7486588
	Index Scan using sbtest5_pkey on sbtest5  (cost=0.43..8.45 rows=1 width=121)
	  Index Cond: (id = 7486588)

table 6 : explain SELECT c FROM sbtest6 WHERE id=6337432
	Index Scan using sbtest6_pkey on sbtest6  (cost=0.43..8.45 rows=1 width=121)
	  Index Cond: (id = 6337432)

table 7 : explain SELECT c FROM sbtest7 WHERE id=6664593
	Index Scan using sbtest7_pkey on sbtest7  (cost=0.43..8.45 rows=1 width=121)
	  Index Cond: (id = 6664593)

table 8 : explain SELECT c FROM sbtest8 WHERE id=3471250
	Index Scan using sbtest8_pkey on sbtest8  (cost=0.43..8.45 rows=1 width=121)
	  Index Cond: (id = 3471250)

for: sum_ranges
table 1 : explain SELECT SUM(k) FROM sbtest1 WHERE id BETWEEN 2183080 AND 2184079
	Aggregate  (cost=4349.95..4349.96 rows=1 width=8)
	  ->  Bitmap Heap Scan on sbtest1  (cost=35.96..4347.14 rows=1124 width=4)
	        Recheck Cond: ((id >= 2183080) AND (id <= 2184079))
	        ->  Bitmap Index Scan on sbtest1_pkey  (cost=0.00..35.68 rows=1124 width=0)
	              Index Cond: ((id >= 2183080) AND (id <= 2184079))

table 2 : explain SELECT SUM(k) FROM sbtest2 WHERE id BETWEEN 3801459 AND 3802458
	Aggregate  (cost=3453.18..3453.19 rows=1 width=8)
	  ->  Bitmap Heap Scan on sbtest2  (cost=29.55..3450.96 rows=889 width=4)
	        Recheck Cond: ((id >= 3801459) AND (id <= 3802458))
	        ->  Bitmap Index Scan on sbtest2_pkey  (cost=0.00..29.32 rows=889 width=0)
	              Index Cond: ((id >= 3801459) AND (id <= 3802458))

table 3 : explain SELECT SUM(k) FROM sbtest3 WHERE id BETWEEN 4307020 AND 4308019
	Aggregate  (cost=3596.61..3596.62 rows=1 width=8)
	  ->  Bitmap Heap Scan on sbtest3  (cost=29.94..3594.29 rows=927 width=4)
	        Recheck Cond: ((id >= 4307020) AND (id <= 4308019))
	        ->  Bitmap Index Scan on sbtest3_pkey  (cost=0.00..29.70 rows=927 width=0)
	              Index Cond: ((id >= 4307020) AND (id <= 4308019))

table 4 : explain SELECT SUM(k) FROM sbtest4 WHERE id BETWEEN 8015689 AND 8016688
	Aggregate  (cost=3666.09..3666.10 rows=1 width=8)
	  ->  Bitmap Heap Scan on sbtest4  (cost=34.11..3663.73 rows=944 width=4)
	        Recheck Cond: ((id >= 8015689) AND (id <= 8016688))
	        ->  Bitmap Index Scan on sbtest4_pkey  (cost=0.00..33.88 rows=944 width=0)
	              Index Cond: ((id >= 8015689) AND (id <= 8016688))

table 5 : explain SELECT SUM(k) FROM sbtest5 WHERE id BETWEEN 4168370 AND 4169369
	Aggregate  (cost=3867.54..3867.55 rows=1 width=8)
	  ->  Bitmap Heap Scan on sbtest5  (cost=34.65..3865.05 rows=997 width=4)
	        Recheck Cond: ((id >= 4168370) AND (id <= 4169369))
	        ->  Bitmap Index Scan on sbtest5_pkey  (cost=0.00..34.41 rows=997 width=0)
	              Index Cond: ((id >= 4168370) AND (id <= 4169369))

table 6 : explain SELECT SUM(k) FROM sbtest6 WHERE id BETWEEN 7156333 AND 7157332
	Aggregate  (cost=3885.12..3885.13 rows=1 width=8)
	  ->  Bitmap Heap Scan on sbtest6  (cost=34.71..3882.61 rows=1002 width=4)
	        Recheck Cond: ((id >= 7156333) AND (id <= 7157332))
	        ->  Bitmap Index Scan on sbtest6_pkey  (cost=0.00..34.45 rows=1002 width=0)
	              Index Cond: ((id >= 7156333) AND (id <= 7157332))

table 7 : explain SELECT SUM(k) FROM sbtest7 WHERE id BETWEEN 1839323 AND 1840322
	Aggregate  (cost=3621.39..3621.40 rows=1 width=8)
	  ->  Bitmap Heap Scan on sbtest7  (cost=30.00..3619.05 rows=933 width=4)
	        Recheck Cond: ((id >= 1839323) AND (id <= 1840322))
	        ->  Bitmap Index Scan on sbtest7_pkey  (cost=0.00..29.76 rows=933 width=0)
	              Index Cond: ((id >= 1839323) AND (id <= 1840322))

table 8 : explain SELECT SUM(k) FROM sbtest8 WHERE id BETWEEN 6912966 AND 6913965
	Aggregate  (cost=3784.61..3784.62 rows=1 width=8)
	  ->  Bitmap Heap Scan on sbtest8  (cost=34.43..3782.17 rows=975 width=4)
	        Recheck Cond: ((id >= 6912966) AND (id <= 6913965))
	        ->  Bitmap Index Scan on sbtest8_pkey  (cost=0.00..34.19 rows=975 width=0)
	              Index Cond: ((id >= 6912966) AND (id <= 6913965))

for: sum_ranges
table 1 : explain SELECT SUM(k) FROM sbtest1 WHERE id BETWEEN 508196 AND 509195
	Aggregate  (cost=4195.53..4195.54 rows=1 width=8)
	  ->  Bitmap Heap Scan on sbtest1  (cost=35.54..4192.83 rows=1083 width=4)
	        Recheck Cond: ((id >= 508196) AND (id <= 509195))
	        ->  Bitmap Index Scan on sbtest1_pkey  (cost=0.00..35.27 rows=1083 width=0)
	              Index Cond: ((id >= 508196) AND (id <= 509195))

table 2 : explain SELECT SUM(k) FROM sbtest2 WHERE id BETWEEN 7985980 AND 7986979
	Aggregate  (cost=3680.24..3680.25 rows=1 width=8)
	  ->  Bitmap Heap Scan on sbtest2  (cost=34.15..3677.87 rows=948 width=4)
	        Recheck Cond: ((id >= 7985980) AND (id <= 7986979))
	        ->  Bitmap Index Scan on sbtest2_pkey  (cost=0.00..33.92 rows=948 width=0)
	              Index Cond: ((id >= 7985980) AND (id <= 7986979))

table 3 : explain SELECT SUM(k) FROM sbtest3 WHERE id BETWEEN 8876969 AND 8877968
	Aggregate  (cost=3350.69..3350.70 rows=1 width=8)
	  ->  Bitmap Heap Scan on sbtest3  (cost=29.27..3348.53 rows=862 width=4)
	        Recheck Cond: ((id >= 8876969) AND (id <= 8877968))
	        ->  Bitmap Index Scan on sbtest3_pkey  (cost=0.00..29.05 rows=862 width=0)
	              Index Cond: ((id >= 8876969) AND (id <= 8877968))

table 4 : explain SELECT SUM(k) FROM sbtest4 WHERE id BETWEEN 6326566 AND 6327565
	Aggregate  (cost=3529.76..3529.77 rows=1 width=8)
	  ->  Bitmap Heap Scan on sbtest4  (cost=29.75..3527.48 rows=909 width=4)
	        Recheck Cond: ((id >= 6326566) AND (id <= 6327565))
	        ->  Bitmap Index Scan on sbtest4_pkey  (cost=0.00..29.52 rows=909 width=0)
	              Index Cond: ((id >= 6326566) AND (id <= 6327565))

table 5 : explain SELECT SUM(k) FROM sbtest5 WHERE id BETWEEN 6813713 AND 6814712
	Aggregate  (cost=3727.82..3727.83 rows=1 width=8)
	  ->  Bitmap Heap Scan on sbtest5  (cost=34.28..3725.42 rows=960 width=4)
	        Recheck Cond: ((id >= 6813713) AND (id <= 6814712))
	        ->  Bitmap Index Scan on sbtest5_pkey  (cost=0.00..34.04 rows=960 width=0)
	              Index Cond: ((id >= 6813713) AND (id <= 6814712))

table 6 : explain SELECT SUM(k) FROM sbtest6 WHERE id BETWEEN 6990195 AND 6991194
	Aggregate  (cost=4156.33..4156.34 rows=1 width=8)
	  ->  Bitmap Heap Scan on sbtest6  (cost=35.44..4153.64 rows=1074 width=4)
	        Recheck Cond: ((id >= 6990195) AND (id <= 6991194))
	        ->  Bitmap Index Scan on sbtest6_pkey  (cost=0.00..35.18 rows=1074 width=0)
	              Index Cond: ((id >= 6990195) AND (id <= 6991194))

table 7 : explain SELECT SUM(k) FROM sbtest7 WHERE id BETWEEN 2580700 AND 2581699
	Aggregate  (cost=3878.46..3878.47 rows=1 width=8)
	  ->  Bitmap Heap Scan on sbtest7  (cost=34.69..3875.96 rows=1000 width=4)
	        Recheck Cond: ((id >= 2580700) AND (id <= 2581699))
	        ->  Bitmap Index Scan on sbtest7_pkey  (cost=0.00..34.44 rows=1000 width=0)
	              Index Cond: ((id >= 2580700) AND (id <= 2581699))

table 8 : explain SELECT SUM(k) FROM sbtest8 WHERE id BETWEEN 1968567 AND 1969566
	Aggregate  (cost=3999.68..3999.69 rows=1 width=8)
	  ->  Bitmap Heap Scan on sbtest8  (cost=35.01..3997.10 rows=1032 width=4)
	        Recheck Cond: ((id >= 1968567) AND (id <= 1969566))
	        ->  Bitmap Index Scan on sbtest8_pkey  (cost=0.00..34.76 rows=1032 width=0)
	              Index Cond: ((id >= 1968567) AND (id <= 1969566))

for: simple_ranges
table 1 : explain SELECT c FROM sbtest1 WHERE id BETWEEN 4372106 AND 4373105
	Bitmap Heap Scan on sbtest1  (cost=34.80..3921.36 rows=1011 width=121)
	  Recheck Cond: ((id >= 4372106) AND (id <= 4373105))
	  ->  Bitmap Index Scan on sbtest1_pkey  (cost=0.00..34.55 rows=1011 width=0)
	        Index Cond: ((id >= 4372106) AND (id <= 4373105))

table 2 : explain SELECT c FROM sbtest2 WHERE id BETWEEN 5370490 AND 5371489
	Bitmap Heap Scan on sbtest2  (cost=34.88..3945.51 rows=1019 width=121)
	  Recheck Cond: ((id >= 5370490) AND (id <= 5371489))
	  ->  Bitmap Index Scan on sbtest2_pkey  (cost=0.00..34.62 rows=1019 width=0)
	        Index Cond: ((id >= 5370490) AND (id <= 5371489))

table 3 : explain SELECT c FROM sbtest3 WHERE id BETWEEN 5617417 AND 5618416
	Bitmap Heap Scan on sbtest3  (cost=34.87..3941.41 rows=1018 width=121)
	  Recheck Cond: ((id >= 5617417) AND (id <= 5618416))
	  ->  Bitmap Index Scan on sbtest3_pkey  (cost=0.00..34.62 rows=1018 width=0)
	        Index Cond: ((id >= 5617417) AND (id <= 5618416))

table 4 : explain SELECT c FROM sbtest4 WHERE id BETWEEN 6851904 AND 6852903
	Bitmap Heap Scan on sbtest4  (cost=34.58..3837.30 rows=990 width=121)
	  Recheck Cond: ((id >= 6851904) AND (id <= 6852903))
	  ->  Bitmap Index Scan on sbtest4_pkey  (cost=0.00..34.34 rows=990 width=0)
	        Index Cond: ((id >= 6851904) AND (id <= 6852903))

table 5 : explain SELECT c FROM sbtest5 WHERE id BETWEEN 8847392 AND 8848391
	Bitmap Heap Scan on sbtest5  (cost=34.78..3910.30 rows=1009 width=121)
	  Recheck Cond: ((id >= 8847392) AND (id <= 8848391))
	  ->  Bitmap Index Scan on sbtest5_pkey  (cost=0.00..34.53 rows=1009 width=0)
	        Index Cond: ((id >= 8847392) AND (id <= 8848391))

table 6 : explain SELECT c FROM sbtest6 WHERE id BETWEEN 5439211 AND 5440210
	Bitmap Heap Scan on sbtest6  (cost=34.73..3890.15 rows=1004 width=121)
	  Recheck Cond: ((id >= 5439211) AND (id <= 5440210))
	  ->  Bitmap Index Scan on sbtest6_pkey  (cost=0.00..34.48 rows=1004 width=0)
	        Index Cond: ((id >= 5439211) AND (id <= 5440210))

table 7 : explain SELECT c FROM sbtest7 WHERE id BETWEEN 4918322 AND 4919321
	Bitmap Heap Scan on sbtest7  (cost=34.24..3713.71 rows=957 width=121)
	  Recheck Cond: ((id >= 4918322) AND (id <= 4919321))
	  ->  Bitmap Index Scan on sbtest7_pkey  (cost=0.00..34.01 rows=957 width=0)
	        Index Cond: ((id >= 4918322) AND (id <= 4919321))

table 8 : explain SELECT c FROM sbtest8 WHERE id BETWEEN 6611494 AND 6612493
	Bitmap Heap Scan on sbtest8  (cost=35.44..4155.21 rows=1074 width=121)
	  Recheck Cond: ((id >= 6611494) AND (id <= 6612493))
	  ->  Bitmap Index Scan on sbtest8_pkey  (cost=0.00..35.18 rows=1074 width=0)
	        Index Cond: ((id >= 6611494) AND (id <= 6612493))

for: simple_ranges
table 1 : explain SELECT c FROM sbtest1 WHERE id BETWEEN 3699190 AND 3700189
	Bitmap Heap Scan on sbtest1  (cost=29.67..3501.36 rows=901 width=121)
	  Recheck Cond: ((id >= 3699190) AND (id <= 3700189))
	  ->  Bitmap Index Scan on sbtest1_pkey  (cost=0.00..29.44 rows=901 width=0)
	        Index Cond: ((id >= 3699190) AND (id <= 3700189))

table 2 : explain SELECT c FROM sbtest2 WHERE id BETWEEN 105700 AND 106699
	Bitmap Heap Scan on sbtest2  (cost=35.30..4099.76 rows=1060 width=121)
	  Recheck Cond: ((id >= 105700) AND (id <= 106699))
	  ->  Bitmap Index Scan on sbtest2_pkey  (cost=0.00..35.04 rows=1060 width=0)
	        Index Cond: ((id >= 105700) AND (id <= 106699))

table 3 : explain SELECT c FROM sbtest3 WHERE id BETWEEN 1907743 AND 1908742
	Bitmap Heap Scan on sbtest3  (cost=29.49..3427.99 rows=883 width=121)
	  Recheck Cond: ((id >= 1907743) AND (id <= 1908742))
	  ->  Bitmap Index Scan on sbtest3_pkey  (cost=0.00..29.26 rows=883 width=0)
	        Index Cond: ((id >= 1907743) AND (id <= 1908742))

table 4 : explain SELECT c FROM sbtest4 WHERE id BETWEEN 1070987 AND 1071986
	Bitmap Heap Scan on sbtest4  (cost=34.22..3705.26 rows=955 width=121)
	  Recheck Cond: ((id >= 1070987) AND (id <= 1071986))
	  ->  Bitmap Index Scan on sbtest4_pkey  (cost=0.00..33.98 rows=955 width=0)
	        Index Cond: ((id >= 1070987) AND (id <= 1071986))

table 5 : explain SELECT c FROM sbtest5 WHERE id BETWEEN 3114003 AND 3115002
	Bitmap Heap Scan on sbtest5  (cost=34.88..3947.99 rows=1019 width=121)
	  Recheck Cond: ((id >= 3114003) AND (id <= 3115002))
	  ->  Bitmap Index Scan on sbtest5_pkey  (cost=0.00..34.62 rows=1019 width=0)
	        Index Cond: ((id >= 3114003) AND (id <= 3115002))

table 6 : explain SELECT c FROM sbtest6 WHERE id BETWEEN 784620 AND 785619
	Bitmap Heap Scan on sbtest6  (cost=35.06..4014.45 rows=1037 width=121)
	  Recheck Cond: ((id >= 784620) AND (id <= 785619))
	  ->  Bitmap Index Scan on sbtest6_pkey  (cost=0.00..34.81 rows=1037 width=0)
	        Index Cond: ((id >= 784620) AND (id <= 785619))

table 7 : explain SELECT c FROM sbtest7 WHERE id BETWEEN 4502559 AND 4503558
	Bitmap Heap Scan on sbtest7  (cost=34.66..3868.42 rows=998 width=121)
	  Recheck Cond: ((id >= 4502559) AND (id <= 4503558))
	  ->  Bitmap Index Scan on sbtest7_pkey  (cost=0.00..34.42 rows=998 width=0)
	        Index Cond: ((id >= 4502559) AND (id <= 4503558))

table 8 : explain SELECT c FROM sbtest8 WHERE id BETWEEN 8923305 AND 8924304
	Bitmap Heap Scan on sbtest8  (cost=35.11..4031.00 rows=1041 width=121)
	  Recheck Cond: ((id >= 8923305) AND (id <= 8924304))
	  ->  Bitmap Index Scan on sbtest8_pkey  (cost=0.00..34.84 rows=1041 width=0)
	        Index Cond: ((id >= 8923305) AND (id <= 8924304))

for point_selects
table 1 : explain SELECT c FROM sbtest1 WHERE id=6640372
	Index Scan using sbtest1_pkey on sbtest1  (cost=0.43..8.45 rows=1 width=121)
	  Index Cond: (id = 6640372)

table 2 : explain SELECT c FROM sbtest2 WHERE id=2267134
	Index Scan using sbtest2_pkey on sbtest2  (cost=0.43..8.45 rows=1 width=121)
	  Index Cond: (id = 2267134)

table 3 : explain SELECT c FROM sbtest3 WHERE id=2145235
	Index Scan using sbtest3_pkey on sbtest3  (cost=0.43..8.45 rows=1 width=121)
	  Index Cond: (id = 2145235)

table 4 : explain SELECT c FROM sbtest4 WHERE id=7618765
	Index Scan using sbtest4_pkey on sbtest4  (cost=0.43..8.45 rows=1 width=121)
	  Index Cond: (id = 7618765)

table 5 : explain SELECT c FROM sbtest5 WHERE id=1605169
	Index Scan using sbtest5_pkey on sbtest5  (cost=0.43..8.45 rows=1 width=121)
	  Index Cond: (id = 1605169)

table 6 : explain SELECT c FROM sbtest6 WHERE id=6267225
	Index Scan using sbtest6_pkey on sbtest6  (cost=0.43..8.45 rows=1 width=121)
	  Index Cond: (id = 6267225)

table 7 : explain SELECT c FROM sbtest7 WHERE id=57546
	Index Scan using sbtest7_pkey on sbtest7  (cost=0.43..8.45 rows=1 width=121)
	  Index Cond: (id = 57546)

table 8 : explain SELECT c FROM sbtest8 WHERE id=7900195
	Index Scan using sbtest8_pkey on sbtest8  (cost=0.43..8.45 rows=1 width=121)
	  Index Cond: (id = 7900195)

for: distinct_ranges
table 1 : explain SELECT DISTINCT c FROM sbtest1 WHERE id BETWEEN 6362980 AND 6363979 ORDER BY c
	Unique  (cost=4335.33..4340.86 rows=1106 width=121)
	  ->  Sort  (cost=4335.33..4338.09 rows=1106 width=121)
	        Sort Key: c
	        ->  Bitmap Heap Scan on sbtest1  (cost=35.77..4279.42 rows=1106 width=121)
	              Recheck Cond: ((id >= 6362980) AND (id <= 6363979))
	              ->  Bitmap Index Scan on sbtest1_pkey  (cost=0.00..35.50 rows=1106 width=0)
	                    Index Cond: ((id >= 6362980) AND (id <= 6363979))

table 2 : explain SELECT DISTINCT c FROM sbtest2 WHERE id BETWEEN 1958838 AND 1959837 ORDER BY c
	Unique  (cost=3958.19..3963.24 rows=1009 width=121)
	  ->  Sort  (cost=3958.19..3960.72 rows=1009 width=121)
	        Sort Key: c
	        ->  Bitmap Heap Scan on sbtest2  (cost=34.78..3907.85 rows=1009 width=121)
	              Recheck Cond: ((id >= 1958838) AND (id <= 1959837))
	              ->  Bitmap Index Scan on sbtest2_pkey  (cost=0.00..34.53 rows=1009 width=0)
	                    Index Cond: ((id >= 1958838) AND (id <= 1959837))

table 3 : explain SELECT DISTINCT c FROM sbtest3 WHERE id BETWEEN 873880 AND 874879 ORDER BY c
	Unique  (cost=3720.61..3725.35 rows=947 width=121)
	  ->  Sort  (cost=3720.61..3722.98 rows=947 width=121)
	        Sort Key: c
	        ->  Bitmap Heap Scan on sbtest3  (cost=34.14..3673.80 rows=947 width=121)
	              Recheck Cond: ((id >= 873880) AND (id <= 874879))
	              ->  Bitmap Index Scan on sbtest3_pkey  (cost=0.00..33.91 rows=947 width=0)
	                    Index Cond: ((id >= 873880) AND (id <= 874879))

table 4 : explain SELECT DISTINCT c FROM sbtest4 WHERE id BETWEEN 6798899 AND 6799898 ORDER BY c
	Unique  (cost=3932.48..3937.49 rows=1002 width=121)
	  ->  Sort  (cost=3932.48..3934.98 rows=1002 width=121)
	        Sort Key: c
	        ->  Bitmap Heap Scan on sbtest4  (cost=34.71..3882.54 rows=1002 width=121)
	              Recheck Cond: ((id >= 6798899) AND (id <= 6799898))
	              ->  Bitmap Index Scan on sbtest4_pkey  (cost=0.00..34.45 rows=1002 width=0)
	                    Index Cond: ((id >= 6798899) AND (id <= 6799898))

table 5 : explain SELECT DISTINCT c FROM sbtest5 WHERE id BETWEEN 7881666 AND 7882665 ORDER BY c
	Unique  (cost=3945.33..3950.36 rows=1005 width=121)
	  ->  Sort  (cost=3945.33..3947.84 rows=1005 width=121)
	        Sort Key: c
	        ->  Bitmap Heap Scan on sbtest5  (cost=34.74..3895.22 rows=1005 width=121)
	              Recheck Cond: ((id >= 7881666) AND (id <= 7882665))
	              ->  Bitmap Index Scan on sbtest5_pkey  (cost=0.00..34.48 rows=1005 width=0)
	                    Index Cond: ((id >= 7881666) AND (id <= 7882665))

table 6 : explain SELECT DISTINCT c FROM sbtest6 WHERE id BETWEEN 7640503 AND 7641502 ORDER BY c
	Unique  (cost=4138.98..4144.26 rows=1056 width=121)
	  ->  Sort  (cost=4138.98..4141.62 rows=1056 width=121)
	        Sort Key: c
	        ->  Bitmap Heap Scan on sbtest6  (cost=35.26..4085.95 rows=1056 width=121)
	              Recheck Cond: ((id >= 7640503) AND (id <= 7641502))
	              ->  Bitmap Index Scan on sbtest6_pkey  (cost=0.00..35.00 rows=1056 width=0)
	                    Index Cond: ((id >= 7640503) AND (id <= 7641502))

table 7 : explain SELECT DISTINCT c FROM sbtest7 WHERE id BETWEEN 7469995 AND 7470994 ORDER BY c
	Unique  (cost=4220.15..4225.53 rows=1077 width=121)
	  ->  Sort  (cost=4220.15..4222.84 rows=1077 width=121)
	        Sort Key: c
	        ->  Bitmap Heap Scan on sbtest7  (cost=35.47..4165.91 rows=1077 width=121)
	              Recheck Cond: ((id >= 7469995) AND (id <= 7470994))
	              ->  Bitmap Index Scan on sbtest7_pkey  (cost=0.00..35.20 rows=1077 width=0)
	                    Index Cond: ((id >= 7469995) AND (id <= 7470994))

table 8 : explain SELECT DISTINCT c FROM sbtest8 WHERE id BETWEEN 361670 AND 362669 ORDER BY c
	Unique  (cost=3761.59..3766.38 rows=957 width=121)
	  ->  Sort  (cost=3761.59..3763.98 rows=957 width=121)
	        Sort Key: c
	        ->  Bitmap Heap Scan on sbtest8  (cost=34.24..3714.21 rows=957 width=121)
	              Recheck Cond: ((id >= 361670) AND (id <= 362669))
	              ->  Bitmap Index Scan on sbtest8_pkey  (cost=0.00..34.01 rows=957 width=0)
	                    Index Cond: ((id >= 361670) AND (id <= 362669))

for: simple_ranges
table 1 : explain SELECT c FROM sbtest1 WHERE id BETWEEN 4173717 AND 4174716
	Bitmap Heap Scan on sbtest1  (cost=35.28..4098.64 rows=1058 width=121)
	  Recheck Cond: ((id >= 4173717) AND (id <= 4174716))
	  ->  Bitmap Index Scan on sbtest1_pkey  (cost=0.00..35.02 rows=1058 width=0)
	        Index Cond: ((id >= 4173717) AND (id <= 4174716))

table 2 : explain SELECT c FROM sbtest2 WHERE id BETWEEN 2762401 AND 2763400
	Bitmap Heap Scan on sbtest2  (cost=34.19..3692.96 rows=952 width=121)
	  Recheck Cond: ((id >= 2762401) AND (id <= 2763400))
	  ->  Bitmap Index Scan on sbtest2_pkey  (cost=0.00..33.95 rows=952 width=0)
	        Index Cond: ((id >= 2762401) AND (id <= 2763400))

table 3 : explain SELECT c FROM sbtest3 WHERE id BETWEEN 7157246 AND 7158245
	Bitmap Heap Scan on sbtest3  (cost=34.43..3779.41 rows=975 width=121)
	  Recheck Cond: ((id >= 7157246) AND (id <= 7158245))
	  ->  Bitmap Index Scan on sbtest3_pkey  (cost=0.00..34.19 rows=975 width=0)
	        Index Cond: ((id >= 7157246) AND (id <= 7158245))

table 4 : explain SELECT c FROM sbtest4 WHERE id BETWEEN 4514668 AND 4515667
	Bitmap Heap Scan on sbtest4  (cost=35.27..4089.62 rows=1057 width=121)
	  Recheck Cond: ((id >= 4514668) AND (id <= 4515667))
	  ->  Bitmap Index Scan on sbtest4_pkey  (cost=0.00..35.01 rows=1057 width=0)
	        Index Cond: ((id >= 4514668) AND (id <= 4515667))

table 5 : explain SELECT c FROM sbtest5 WHERE id BETWEEN 1593208 AND 1594207
	Bitmap Heap Scan on sbtest5  (cost=34.34..3748.08 rows=966 width=121)
	  Recheck Cond: ((id >= 1593208) AND (id <= 1594207))
	  ->  Bitmap Index Scan on sbtest5_pkey  (cost=0.00..34.09 rows=966 width=0)
	        Index Cond: ((id >= 1593208) AND (id <= 1594207))

table 6 : explain SELECT c FROM sbtest6 WHERE id BETWEEN 3157375 AND 3158374
	Bitmap Heap Scan on sbtest6  (cost=35.30..4100.99 rows=1060 width=121)
	  Recheck Cond: ((id >= 3157375) AND (id <= 3158374))
	  ->  Bitmap Index Scan on sbtest6_pkey  (cost=0.00..35.04 rows=1060 width=0)
	        Index Cond: ((id >= 3157375) AND (id <= 3158374))

table 7 : explain SELECT c FROM sbtest7 WHERE id BETWEEN 6845930 AND 6846929
	Bitmap Heap Scan on sbtest7  (cost=29.90..3581.26 rows=923 width=121)
	  Recheck Cond: ((id >= 6845930) AND (id <= 6846929))
	  ->  Bitmap Index Scan on sbtest7_pkey  (cost=0.00..29.66 rows=923 width=0)
	        Index Cond: ((id >= 6845930) AND (id <= 6846929))

table 8 : explain SELECT c FROM sbtest8 WHERE id BETWEEN 6955388 AND 6956387
	Bitmap Heap Scan on sbtest8  (cost=34.43..3782.17 rows=975 width=121)
	  Recheck Cond: ((id >= 6955388) AND (id <= 6956387))
	  ->  Bitmap Index Scan on sbtest8_pkey  (cost=0.00..34.19 rows=975 width=0)
	        Index Cond: ((id >= 6955388) AND (id <= 6956387))

for point_selects
table 1 : explain SELECT c FROM sbtest1 WHERE id=1363674
	Index Scan using sbtest1_pkey on sbtest1  (cost=0.43..8.45 rows=1 width=121)
	  Index Cond: (id = 1363674)

table 2 : explain SELECT c FROM sbtest2 WHERE id=6287518
	Index Scan using sbtest2_pkey on sbtest2  (cost=0.43..8.45 rows=1 width=121)
	  Index Cond: (id = 6287518)

table 3 : explain SELECT c FROM sbtest3 WHERE id=6457707
	Index Scan using sbtest3_pkey on sbtest3  (cost=0.43..8.45 rows=1 width=121)
	  Index Cond: (id = 6457707)

table 4 : explain SELECT c FROM sbtest4 WHERE id=3841097
	Index Scan using sbtest4_pkey on sbtest4  (cost=0.43..8.45 rows=1 width=121)
	  Index Cond: (id = 3841097)

table 5 : explain SELECT c FROM sbtest5 WHERE id=7921718
	Index Scan using sbtest5_pkey on sbtest5  (cost=0.43..8.45 rows=1 width=121)
	  Index Cond: (id = 7921718)

table 6 : explain SELECT c FROM sbtest6 WHERE id=8932136
	Index Scan using sbtest6_pkey on sbtest6  (cost=0.43..8.45 rows=1 width=121)
	  Index Cond: (id = 8932136)

table 7 : explain SELECT c FROM sbtest7 WHERE id=4858479
	Index Scan using sbtest7_pkey on sbtest7  (cost=0.43..8.45 rows=1 width=121)
	  Index Cond: (id = 4858479)

table 8 : explain SELECT c FROM sbtest8 WHERE id=1701513
	Index Scan using sbtest8_pkey on sbtest8  (cost=0.43..8.45 rows=1 width=121)
	  Index Cond: (id = 1701513)

for: simple_ranges
table 1 : explain SELECT c FROM sbtest1 WHERE id BETWEEN 5000372 AND 5001371
	Bitmap Heap Scan on sbtest1  (cost=40.16..4422.60 rows=1144 width=121)
	  Recheck Cond: ((id >= 5000372) AND (id <= 5001371))
	  ->  Bitmap Index Scan on sbtest1_pkey  (cost=0.00..39.88 rows=1144 width=0)
	        Index Cond: ((id >= 5000372) AND (id <= 5001371))

table 2 : explain SELECT c FROM sbtest2 WHERE id BETWEEN 2533077 AND 2534076
	Bitmap Heap Scan on sbtest2  (cost=34.80..3915.38 rows=1011 width=121)
	  Recheck Cond: ((id >= 2533077) AND (id <= 2534076))
	  ->  Bitmap Index Scan on sbtest2_pkey  (cost=0.00..34.55 rows=1011 width=0)
	        Index Cond: ((id >= 2533077) AND (id <= 2534076))

table 3 : explain SELECT c FROM sbtest3 WHERE id BETWEEN 6876530 AND 6877529
	Bitmap Heap Scan on sbtest3  (cost=34.53..3817.11 rows=985 width=121)
	  Recheck Cond: ((id >= 6876530) AND (id <= 6877529))
	  ->  Bitmap Index Scan on sbtest3_pkey  (cost=0.00..34.29 rows=985 width=0)
	        Index Cond: ((id >= 6876530) AND (id <= 6877529))

table 4 : explain SELECT c FROM sbtest4 WHERE id BETWEEN 487082 AND 488081
	Bitmap Heap Scan on sbtest4  (cost=34.17..3686.39 rows=950 width=121)
	  Recheck Cond: ((id >= 487082) AND (id <= 488081))
	  ->  Bitmap Index Scan on sbtest4_pkey  (cost=0.00..33.94 rows=950 width=0)
	        Index Cond: ((id >= 487082) AND (id <= 488081))

table 5 : explain SELECT c FROM sbtest5 WHERE id BETWEEN 5780510 AND 5781509
	Bitmap Heap Scan on sbtest5  (cost=29.99..3615.64 rows=932 width=121)
	  Recheck Cond: ((id >= 5780510) AND (id <= 5781509))
	  ->  Bitmap Index Scan on sbtest5_pkey  (cost=0.00..29.75 rows=932 width=0)
	        Index Cond: ((id >= 5780510) AND (id <= 5781509))

table 6 : explain SELECT c FROM sbtest6 WHERE id BETWEEN 3794854 AND 3795853
	Bitmap Heap Scan on sbtest6  (cost=34.94..3969.26 rows=1025 width=121)
	  Recheck Cond: ((id >= 3794854) AND (id <= 3795853))
	  ->  Bitmap Index Scan on sbtest6_pkey  (cost=0.00..34.69 rows=1025 width=0)
	        Index Cond: ((id >= 3794854) AND (id <= 3795853))

table 7 : explain SELECT c FROM sbtest7 WHERE id BETWEEN 7821173 AND 7822172
	Bitmap Heap Scan on sbtest7  (cost=34.12..3668.39 rows=945 width=121)
	  Recheck Cond: ((id >= 7821173) AND (id <= 7822172))
	  ->  Bitmap Index Scan on sbtest7_pkey  (cost=0.00..33.89 rows=945 width=0)
	        Index Cond: ((id >= 7821173) AND (id <= 7822172))

table 8 : explain SELECT c FROM sbtest8 WHERE id BETWEEN 4560804 AND 4561803
	Bitmap Heap Scan on sbtest8  (cost=34.54..3823.68 rows=986 width=121)
	  Recheck Cond: ((id >= 4560804) AND (id <= 4561803))
	  ->  Bitmap Index Scan on sbtest8_pkey  (cost=0.00..34.30 rows=986 width=0)
	        Index Cond: ((id >= 4560804) AND (id <= 4561803))

for point_selects
table 1 : explain SELECT c FROM sbtest1 WHERE id=1383796
	Index Scan using sbtest1_pkey on sbtest1  (cost=0.43..8.45 rows=1 width=121)
	  Index Cond: (id = 1383796)

table 2 : explain SELECT c FROM sbtest2 WHERE id=8701731
	Index Scan using sbtest2_pkey on sbtest2  (cost=0.43..8.45 rows=1 width=121)
	  Index Cond: (id = 8701731)

table 3 : explain SELECT c FROM sbtest3 WHERE id=9162789
	Index Scan using sbtest3_pkey on sbtest3  (cost=0.43..8.45 rows=1 width=121)
	  Index Cond: (id = 9162789)

table 4 : explain SELECT c FROM sbtest4 WHERE id=133330
	Index Scan using sbtest4_pkey on sbtest4  (cost=0.43..8.45 rows=1 width=121)
	  Index Cond: (id = 133330)

table 5 : explain SELECT c FROM sbtest5 WHERE id=9694305
	Index Scan using sbtest5_pkey on sbtest5  (cost=0.43..8.45 rows=1 width=121)
	  Index Cond: (id = 9694305)

table 6 : explain SELECT c FROM sbtest6 WHERE id=6375758
	Index Scan using sbtest6_pkey on sbtest6  (cost=0.43..8.45 rows=1 width=121)
	  Index Cond: (id = 6375758)

table 7 : explain SELECT c FROM sbtest7 WHERE id=6213033
	Index Scan using sbtest7_pkey on sbtest7  (cost=0.43..8.45 rows=1 width=121)
	  Index Cond: (id = 6213033)

table 8 : explain SELECT c FROM sbtest8 WHERE id=8490384
	Index Scan using sbtest8_pkey on sbtest8  (cost=0.43..8.45 rows=1 width=121)
	  Index Cond: (id = 8490384)

for: order_ranges
table 1 : explain SELECT c FROM sbtest1 WHERE id BETWEEN 6835574 AND 6836573 ORDER BY c
	Sort  (cost=4151.79..4154.43 rows=1058 width=121)
	  Sort Key: c
	  ->  Bitmap Heap Scan on sbtest1  (cost=35.28..4098.64 rows=1058 width=121)
	        Recheck Cond: ((id >= 6835574) AND (id <= 6836573))
	        ->  Bitmap Index Scan on sbtest1_pkey  (cost=0.00..35.02 rows=1058 width=0)
	              Index Cond: ((id >= 6835574) AND (id <= 6836573))

table 2 : explain SELECT c FROM sbtest2 WHERE id BETWEEN 5918437 AND 5919436 ORDER BY c
	Sort  (cost=4065.20..4067.79 rows=1037 width=121)
	  Sort Key: c
	  ->  Bitmap Heap Scan on sbtest2  (cost=35.06..4013.25 rows=1037 width=121)
	        Recheck Cond: ((id >= 5918437) AND (id <= 5919436))
	        ->  Bitmap Index Scan on sbtest2_pkey  (cost=0.00..34.81 rows=1037 width=0)
	              Index Cond: ((id >= 5918437) AND (id <= 5919436))

table 3 : explain SELECT c FROM sbtest3 WHERE id BETWEEN 7377053 AND 7378052 ORDER BY c
	Sort  (cost=3685.96..3688.31 rows=939 width=121)
	  Sort Key: c
	  ->  Bitmap Heap Scan on sbtest3  (cost=30.06..3639.60 rows=939 width=121)
	        Recheck Cond: ((id >= 7377053) AND (id <= 7378052))
	        ->  Bitmap Index Scan on sbtest3_pkey  (cost=0.00..29.82 rows=939 width=0)
	              Index Cond: ((id >= 7377053) AND (id <= 7378052))

table 4 : explain SELECT c FROM sbtest4 WHERE id BETWEEN 450843 AND 451842 ORDER BY c
	Sort  (cost=3733.37..3735.75 rows=950 width=121)
	  Sort Key: c
	  ->  Bitmap Heap Scan on sbtest4  (cost=34.17..3686.39 rows=950 width=121)
	        Recheck Cond: ((id >= 450843) AND (id <= 451842))
	        ->  Bitmap Index Scan on sbtest4_pkey  (cost=0.00..33.94 rows=950 width=0)
	              Index Cond: ((id >= 450843) AND (id <= 451842))

table 5 : explain SELECT c FROM sbtest5 WHERE id BETWEEN 8426044 AND 8427043 ORDER BY c
	Sort  (cost=4128.91..4131.55 rows=1053 width=121)
	  Sort Key: c
	  ->  Bitmap Heap Scan on sbtest5  (cost=35.23..4076.05 rows=1053 width=121)
	        Recheck Cond: ((id >= 8426044) AND (id <= 8427043))
	        ->  Bitmap Index Scan on sbtest5_pkey  (cost=0.00..34.97 rows=1053 width=0)
	              Index Cond: ((id >= 8426044) AND (id <= 8427043))

table 6 : explain SELECT c FROM sbtest6 WHERE id BETWEEN 2143907 AND 2144906 ORDER BY c
	Sort  (cost=3595.24..3597.53 rows=915 width=121)
	  Sort Key: c
	  ->  Bitmap Heap Scan on sbtest6  (cost=29.81..3550.23 rows=915 width=121)
	        Recheck Cond: ((id >= 2143907) AND (id <= 2144906))
	        ->  Bitmap Index Scan on sbtest6_pkey  (cost=0.00..29.58 rows=915 width=0)
	              Index Cond: ((id >= 2143907) AND (id <= 2144906))

table 7 : explain SELECT c FROM sbtest7 WHERE id BETWEEN 6017988 AND 6018987 ORDER BY c
	Sort  (cost=3849.22..3851.67 rows=980 width=121)
	  Sort Key: c
	  ->  Bitmap Heap Scan on sbtest7  (cost=34.48..3800.53 rows=980 width=121)
	        Recheck Cond: ((id >= 6017988) AND (id <= 6018987))
	        ->  Bitmap Index Scan on sbtest7_pkey  (cost=0.00..34.23 rows=980 width=0)
	              Index Cond: ((id >= 6017988) AND (id <= 6018987))

table 8 : explain SELECT c FROM sbtest8 WHERE id BETWEEN 7119 AND 8118 ORDER BY c
	Sort  (cost=3972.25..3974.78 rows=1012 width=121)
	  Sort Key: c
	  ->  Bitmap Heap Scan on sbtest8  (cost=34.81..3921.73 rows=1012 width=121)
	        Recheck Cond: ((id >= 7119) AND (id <= 8118))
	        ->  Bitmap Index Scan on sbtest8_pkey  (cost=0.00..34.56 rows=1012 width=0)
	              Index Cond: ((id >= 7119) AND (id <= 8118))

for: sum_ranges
table 1 : explain SELECT SUM(k) FROM sbtest1 WHERE id BETWEEN 5088596 AND 5089595
	Aggregate  (cost=4206.84..4206.85 rows=1 width=8)
	  ->  Bitmap Heap Scan on sbtest1  (cost=35.57..4204.12 rows=1086 width=4)
	        Recheck Cond: ((id >= 5088596) AND (id <= 5089595))
	        ->  Bitmap Index Scan on sbtest1_pkey  (cost=0.00..35.30 rows=1086 width=0)
	              Index Cond: ((id >= 5088596) AND (id <= 5089595))

table 2 : explain SELECT SUM(k) FROM sbtest2 WHERE id BETWEEN 8270053 AND 8271052
	Aggregate  (cost=3891.53..3891.54 rows=1 width=8)
	  ->  Bitmap Heap Scan on sbtest2  (cost=34.73..3889.02 rows=1004 width=4)
	        Recheck Cond: ((id >= 8270053) AND (id <= 8271052))
	        ->  Bitmap Index Scan on sbtest2_pkey  (cost=0.00..34.48 rows=1004 width=0)
	              Index Cond: ((id >= 8270053) AND (id <= 8271052))

table 3 : explain SELECT SUM(k) FROM sbtest3 WHERE id BETWEEN 6638547 AND 6639546
	Aggregate  (cost=3989.15..3989.16 rows=1 width=8)
	  ->  Bitmap Heap Scan on sbtest3  (cost=34.99..3986.57 rows=1030 width=4)
	        Recheck Cond: ((id >= 6638547) AND (id <= 6639546))
	        ->  Bitmap Index Scan on sbtest3_pkey  (cost=0.00..34.73 rows=1030 width=0)
	              Index Cond: ((id >= 6638547) AND (id <= 6639546))

table 4 : explain SELECT SUM(k) FROM sbtest4 WHERE id BETWEEN 885418 AND 886417
	Aggregate  (cost=3730.31..3730.32 rows=1 width=8)
	  ->  Bitmap Heap Scan on sbtest4  (cost=34.29..3727.91 rows=961 width=4)
	        Recheck Cond: ((id >= 885418) AND (id <= 886417))
	        ->  Bitmap Index Scan on sbtest4_pkey  (cost=0.00..34.05 rows=961 width=0)
	              Index Cond: ((id >= 885418) AND (id <= 886417))

table 5 : explain SELECT SUM(k) FROM sbtest5 WHERE id BETWEEN 2703233 AND 2704232
	Aggregate  (cost=4105.05..4105.06 rows=1 width=8)
	  ->  Bitmap Heap Scan on sbtest5  (cost=35.30..4102.40 rows=1060 width=4)
	        Recheck Cond: ((id >= 2703233) AND (id <= 2704232))
	        ->  Bitmap Index Scan on sbtest5_pkey  (cost=0.00..35.04 rows=1060 width=0)
	              Index Cond: ((id >= 2703233) AND (id <= 2704232))

table 6 : explain SELECT SUM(k) FROM sbtest6 WHERE id BETWEEN 262471 AND 263470
	Aggregate  (cost=3616.81..3616.82 rows=1 width=8)
	  ->  Bitmap Heap Scan on sbtest6  (cost=29.99..3614.48 rows=932 width=4)
	        Recheck Cond: ((id >= 262471) AND (id <= 263470))
	        ->  Bitmap Index Scan on sbtest6_pkey  (cost=0.00..29.75 rows=932 width=0)
	              Index Cond: ((id >= 262471) AND (id <= 263470))

table 7 : explain SELECT SUM(k) FROM sbtest7 WHERE id BETWEEN 6826780 AND 6827779
	Aggregate  (cost=3583.56..3583.57 rows=1 width=8)
	  ->  Bitmap Heap Scan on sbtest7  (cost=29.90..3581.26 rows=923 width=4)
	        Recheck Cond: ((id >= 6826780) AND (id <= 6827779))
	        ->  Bitmap Index Scan on sbtest7_pkey  (cost=0.00..29.66 rows=923 width=0)
	              Index Cond: ((id >= 6826780) AND (id <= 6827779))

table 8 : explain SELECT SUM(k) FROM sbtest8 WHERE id BETWEEN 3352615 AND 3353614
	Aggregate  (cost=3905.40..3905.41 rows=1 width=8)
	  ->  Bitmap Heap Scan on sbtest8  (cost=34.76..3902.88 rows=1007 width=4)
	        Recheck Cond: ((id >= 3352615) AND (id <= 3353614))
	        ->  Bitmap Index Scan on sbtest8_pkey  (cost=0.00..34.51 rows=1007 width=0)
	              Index Cond: ((id >= 3352615) AND (id <= 3353614))

for: simple_ranges
table 1 : explain SELECT c FROM sbtest1 WHERE id BETWEEN 4149271 AND 4150270
	Bitmap Heap Scan on sbtest1  (cost=34.70..3883.60 rows=1001 width=121)
	  Recheck Cond: ((id >= 4149271) AND (id <= 4150270))
	  ->  Bitmap Index Scan on sbtest1_pkey  (cost=0.00..34.45 rows=1001 width=0)
	        Index Cond: ((id >= 4149271) AND (id <= 4150270))

table 2 : explain SELECT c FROM sbtest2 WHERE id BETWEEN 2792245 AND 2793244
	Bitmap Heap Scan on sbtest2  (cost=34.19..3692.96 rows=952 width=121)
	  Recheck Cond: ((id >= 2792245) AND (id <= 2793244))
	  ->  Bitmap Index Scan on sbtest2_pkey  (cost=0.00..33.95 rows=952 width=0)
	        Index Cond: ((id >= 2792245) AND (id <= 2793244))

table 3 : explain SELECT c FROM sbtest3 WHERE id BETWEEN 9499967 AND 9500966
	Bitmap Heap Scan on sbtest3  (cost=34.95..3971.52 rows=1026 width=121)
	  Recheck Cond: ((id >= 9499967) AND (id <= 9500966))
	  ->  Bitmap Index Scan on sbtest3_pkey  (cost=0.00..34.70 rows=1026 width=0)
	        Index Cond: ((id >= 9499967) AND (id <= 9500966))

table 4 : explain SELECT c FROM sbtest4 WHERE id BETWEEN 8088491 AND 8089490
	Bitmap Heap Scan on sbtest4  (cost=34.11..3663.73 rows=944 width=121)
	  Recheck Cond: ((id >= 8088491) AND (id <= 8089490))
	  ->  Bitmap Index Scan on sbtest4_pkey  (cost=0.00..33.88 rows=944 width=0)
	        Index Cond: ((id >= 8088491) AND (id <= 8089490))

table 5 : explain SELECT c FROM sbtest5 WHERE id BETWEEN 1327447 AND 1328446
	Bitmap Heap Scan on sbtest5  (cost=40.26..4455.90 rows=1154 width=121)
	  Recheck Cond: ((id >= 1327447) AND (id <= 1328446))
	  ->  Bitmap Index Scan on sbtest5_pkey  (cost=0.00..39.98 rows=1154 width=0)
	        Index Cond: ((id >= 1327447) AND (id <= 1328446))

table 6 : explain SELECT c FROM sbtest6 WHERE id BETWEEN 6163114 AND 6164113
	Bitmap Heap Scan on sbtest6  (cost=35.02..3999.39 rows=1033 width=121)
	  Recheck Cond: ((id >= 6163114) AND (id <= 6164113))
	  ->  Bitmap Index Scan on sbtest6_pkey  (cost=0.00..34.77 rows=1033 width=0)
	        Index Cond: ((id >= 6163114) AND (id <= 6164113))

table 7 : explain SELECT c FROM sbtest7 WHERE id BETWEEN 3625268 AND 3626267
	Bitmap Heap Scan on sbtest7  (cost=34.47..3796.75 rows=979 width=121)
	  Recheck Cond: ((id >= 3625268) AND (id <= 3626267))
	  ->  Bitmap Index Scan on sbtest7_pkey  (cost=0.00..34.23 rows=979 width=0)
	        Index Cond: ((id >= 3625268) AND (id <= 3626267))

table 8 : explain SELECT c FROM sbtest8 WHERE id BETWEEN 3456946 AND 3457945
	Bitmap Heap Scan on sbtest8  (cost=34.20..3699.10 rows=953 width=121)
	  Recheck Cond: ((id >= 3456946) AND (id <= 3457945))
	  ->  Bitmap Index Scan on sbtest8_pkey  (cost=0.00..33.97 rows=953 width=0)
	        Index Cond: ((id >= 3456946) AND (id <= 3457945))

for: sum_ranges
table 1 : explain SELECT SUM(k) FROM sbtest1 WHERE id BETWEEN 2716180 AND 2717179
	Aggregate  (cost=3564.26..3564.27 rows=1 width=8)
	  ->  Bitmap Heap Scan on sbtest1  (cost=29.83..3561.96 rows=917 width=4)
	        Recheck Cond: ((id >= 2716180) AND (id <= 2717179))
	        ->  Bitmap Index Scan on sbtest1_pkey  (cost=0.00..29.61 rows=917 width=0)
	              Index Cond: ((id >= 2716180) AND (id <= 2717179))

table 2 : explain SELECT SUM(k) FROM sbtest2 WHERE id BETWEEN 2538333 AND 2539332
	Aggregate  (cost=3917.91..3917.92 rows=1 width=8)
	  ->  Bitmap Heap Scan on sbtest2  (cost=34.80..3915.38 rows=1011 width=4)
	        Recheck Cond: ((id >= 2538333) AND (id <= 2539332))
	        ->  Bitmap Index Scan on sbtest2_pkey  (cost=0.00..34.55 rows=1011 width=0)
	              Index Cond: ((id >= 2538333) AND (id <= 2539332))

table 3 : explain SELECT SUM(k) FROM sbtest3 WHERE id BETWEEN 9708154 AND 9709153
	Aggregate  (cost=3695.04..3695.05 rows=1 width=8)
	  ->  Bitmap Heap Scan on sbtest3  (cost=34.19..3692.66 rows=952 width=4)
	        Recheck Cond: ((id >= 9708154) AND (id <= 9709153))
	        ->  Bitmap Index Scan on sbtest3_pkey  (cost=0.00..33.95 rows=952 width=0)
	              Index Cond: ((id >= 9708154) AND (id <= 9709153))

table 4 : explain SELECT SUM(k) FROM sbtest4 WHERE id BETWEEN 9191494 AND 9192493
	Aggregate  (cost=3802.04..3802.05 rows=1 width=8)
	  ->  Bitmap Heap Scan on sbtest4  (cost=34.48..3799.59 rows=980 width=4)
	        Recheck Cond: ((id >= 9191494) AND (id <= 9192493))
	        ->  Bitmap Index Scan on sbtest4_pkey  (cost=0.00..34.23 rows=980 width=0)
	              Index Cond: ((id >= 9191494) AND (id <= 9192493))

table 5 : explain SELECT SUM(k) FROM sbtest5 WHERE id BETWEEN 8615827 AND 8616826
	Aggregate  (cost=3890.18..3890.19 rows=1 width=8)
	  ->  Bitmap Heap Scan on sbtest5  (cost=34.72..3887.68 rows=1003 width=4)
	        Recheck Cond: ((id >= 8615827) AND (id <= 8616826))
	        ->  Bitmap Index Scan on sbtest5_pkey  (cost=0.00..34.47 rows=1003 width=0)
	              Index Cond: ((id >= 8615827) AND (id <= 8616826))

table 6 : explain SELECT SUM(k) FROM sbtest6 WHERE id BETWEEN 2953602 AND 2954601
	Aggregate  (cost=3975.59..3975.60 rows=1 width=8)
	  ->  Bitmap Heap Scan on sbtest6  (cost=34.95..3973.03 rows=1026 width=4)
	        Recheck Cond: ((id >= 2953602) AND (id <= 2954601))
	        ->  Bitmap Index Scan on sbtest6_pkey  (cost=0.00..34.70 rows=1026 width=0)
	              Index Cond: ((id >= 2953602) AND (id <= 2954601))

table 7 : explain SELECT SUM(k) FROM sbtest7 WHERE id BETWEEN 1304053 AND 1305052
	Aggregate  (cost=3863.37..3863.38 rows=1 width=8)
	  ->  Bitmap Heap Scan on sbtest7  (cost=34.64..3860.88 rows=996 width=4)
	        Recheck Cond: ((id >= 1304053) AND (id <= 1305052))
	        ->  Bitmap Index Scan on sbtest7_pkey  (cost=0.00..34.40 rows=996 width=0)
	              Index Cond: ((id >= 1304053) AND (id <= 1305052))

table 8 : explain SELECT SUM(k) FROM sbtest8 WHERE id BETWEEN 446591 AND 447590
	Aggregate  (cost=3508.33..3508.34 rows=1 width=8)
	  ->  Bitmap Heap Scan on sbtest8  (cost=29.69..3506.07 rows=903 width=4)
	        Recheck Cond: ((id >= 446591) AND (id <= 447590))
	        ->  Bitmap Index Scan on sbtest8_pkey  (cost=0.00..29.46 rows=903 width=0)
	              Index Cond: ((id >= 446591) AND (id <= 447590))

for: sum_ranges
table 1 : explain SELECT SUM(k) FROM sbtest1 WHERE id BETWEEN 432112 AND 433111
	Aggregate  (cost=4040.92..4040.93 rows=1 width=8)
	  ->  Bitmap Heap Scan on sbtest1  (cost=35.12..4038.32 rows=1042 width=4)
	        Recheck Cond: ((id >= 432112) AND (id <= 433111))
	        ->  Bitmap Index Scan on sbtest1_pkey  (cost=0.00..34.86 rows=1042 width=0)
	              Index Cond: ((id >= 432112) AND (id <= 433111))

table 2 : explain SELECT SUM(k) FROM sbtest2 WHERE id BETWEEN 2020106 AND 2021105
	Aggregate  (cost=3687.79..3687.80 rows=1 width=8)
	  ->  Bitmap Heap Scan on sbtest2  (cost=34.17..3685.42 rows=950 width=4)
	        Recheck Cond: ((id >= 2020106) AND (id <= 2021105))
	        ->  Bitmap Index Scan on sbtest2_pkey  (cost=0.00..33.94 rows=950 width=0)
	              Index Cond: ((id >= 2020106) AND (id <= 2021105))

table 3 : explain SELECT SUM(k) FROM sbtest3 WHERE id BETWEEN 3533797 AND 3534796
	Aggregate  (cost=3555.03..3555.04 rows=1 width=8)
	  ->  Bitmap Heap Scan on sbtest3  (cost=29.82..3552.74 rows=916 width=4)
	        Recheck Cond: ((id >= 3533797) AND (id <= 3534796))
	        ->  Bitmap Index Scan on sbtest3_pkey  (cost=0.00..29.59 rows=916 width=0)
	              Index Cond: ((id >= 3533797) AND (id <= 3534796))

table 4 : explain SELECT SUM(k) FROM sbtest4 WHERE id BETWEEN 410760 AND 411759
	Aggregate  (cost=3688.76..3688.77 rows=1 width=8)
	  ->  Bitmap Heap Scan on sbtest4  (cost=34.17..3686.39 rows=950 width=4)
	        Recheck Cond: ((id >= 410760) AND (id <= 411759))
	        ->  Bitmap Index Scan on sbtest4_pkey  (cost=0.00..33.94 rows=950 width=0)
	              Index Cond: ((id >= 410760) AND (id <= 411759))

table 5 : explain SELECT SUM(k) FROM sbtest5 WHERE id BETWEEN 2303975 AND 2304974
	Aggregate  (cost=3708.93..3708.94 rows=1 width=8)
	  ->  Bitmap Heap Scan on sbtest5  (cost=34.22..3706.54 rows=955 width=4)
	        Recheck Cond: ((id >= 2303975) AND (id <= 2304974))
	        ->  Bitmap Index Scan on sbtest5_pkey  (cost=0.00..33.98 rows=955 width=0)
	              Index Cond: ((id >= 2303975) AND (id <= 2304974))

table 6 : explain SELECT SUM(k) FROM sbtest6 WHERE id BETWEEN 7033857 AND 7034856
	Aggregate  (cost=4156.33..4156.34 rows=1 width=8)
	  ->  Bitmap Heap Scan on sbtest6  (cost=35.44..4153.64 rows=1074 width=4)
	        Recheck Cond: ((id >= 7033857) AND (id <= 7034856))
	        ->  Bitmap Index Scan on sbtest6_pkey  (cost=0.00..35.18 rows=1074 width=0)
	              Index Cond: ((id >= 7033857) AND (id <= 7034856))

table 7 : explain SELECT SUM(k) FROM sbtest7 WHERE id BETWEEN 9944932 AND 9945931
	Aggregate  (cost=3848.27..3848.28 rows=1 width=8)
	  ->  Bitmap Heap Scan on sbtest7  (cost=34.60..3845.79 rows=992 width=4)
	        Recheck Cond: ((id >= 9944932) AND (id <= 9945931))
	        ->  Bitmap Index Scan on sbtest7_pkey  (cost=0.00..34.36 rows=992 width=0)
	              Index Cond: ((id >= 9944932) AND (id <= 9945931))

table 8 : explain SELECT SUM(k) FROM sbtest8 WHERE id BETWEEN 7595817 AND 7596816
	Aggregate  (cost=3954.44..3954.45 rows=1 width=8)
	  ->  Bitmap Heap Scan on sbtest8  (cost=34.89..3951.89 rows=1020 width=4)
	        Recheck Cond: ((id >= 7595817) AND (id <= 7596816))
	        ->  Bitmap Index Scan on sbtest8_pkey  (cost=0.00..34.64 rows=1020 width=0)
	              Index Cond: ((id >= 7595817) AND (id <= 7596816))

for: distinct_ranges
table 1 : explain SELECT DISTINCT c FROM sbtest1 WHERE id BETWEEN 8119471 AND 8120470 ORDER BY c
	Unique  (cost=3676.24..3680.92 rows=935 width=121)
	  ->  Sort  (cost=3676.24..3678.58 rows=935 width=121)
	        Sort Key: c
	        ->  Bitmap Heap Scan on sbtest1  (cost=30.02..3630.11 rows=935 width=121)
	              Recheck Cond: ((id >= 8119471) AND (id <= 8120470))
	              ->  Bitmap Index Scan on sbtest1_pkey  (cost=0.00..29.79 rows=935 width=0)
	                    Index Cond: ((id >= 8119471) AND (id <= 8120470))

table 2 : explain SELECT DISTINCT c FROM sbtest2 WHERE id BETWEEN 6684213 AND 6685212 ORDER BY c
	Unique  (cost=3624.93..3629.55 rows=923 width=121)
	  ->  Sort  (cost=3624.93..3627.24 rows=923 width=121)
	        Sort Key: c
	        ->  Bitmap Heap Scan on sbtest2  (cost=29.90..3579.47 rows=923 width=121)
	              Recheck Cond: ((id >= 6684213) AND (id <= 6685212))
	              ->  Bitmap Index Scan on sbtest2_pkey  (cost=0.00..29.66 rows=923 width=0)
	                    Index Cond: ((id >= 6684213) AND (id <= 6685212))

table 3 : explain SELECT DISTINCT c FROM sbtest3 WHERE id BETWEEN 2833863 AND 2834862 ORDER BY c
	Unique  (cost=3709.12..3713.84 rows=944 width=121)
	  ->  Sort  (cost=3709.12..3711.48 rows=944 width=121)
	        Sort Key: c
	        ->  Bitmap Heap Scan on sbtest3  (cost=34.11..3662.47 rows=944 width=121)
	              Recheck Cond: ((id >= 2833863) AND (id <= 2834862))
	              ->  Bitmap Index Scan on sbtest3_pkey  (cost=0.00..33.88 rows=944 width=0)
	                    Index Cond: ((id >= 2833863) AND (id <= 2834862))

table 4 : explain SELECT DISTINCT c FROM sbtest4 WHERE id BETWEEN 9691581 AND 9692580 ORDER BY c
	Unique  (cost=3951.61..3956.64 rows=1007 width=121)
	  ->  Sort  (cost=3951.61..3954.12 rows=1007 width=121)
	        Sort Key: c
	        ->  Bitmap Heap Scan on sbtest4  (cost=34.76..3901.38 rows=1007 width=121)
	              Recheck Cond: ((id >= 9691581) AND (id <= 9692580))
	              ->  Bitmap Index Scan on sbtest4_pkey  (cost=0.00..34.51 rows=1007 width=0)
	                    Index Cond: ((id >= 9691581) AND (id <= 9692580))

table 5 : explain SELECT DISTINCT c FROM sbtest5 WHERE id BETWEEN 8711532 AND 8712531 ORDER BY c
	Unique  (cost=3726.97..3731.71 rows=948 width=121)
	  ->  Sort  (cost=3726.97..3729.34 rows=948 width=121)
	        Sort Key: c
	        ->  Bitmap Heap Scan on sbtest5  (cost=34.15..3680.10 rows=948 width=121)
	              Recheck Cond: ((id >= 8711532) AND (id <= 8712531))
	              ->  Bitmap Index Scan on sbtest5_pkey  (cost=0.00..33.92 rows=948 width=0)
	                    Index Cond: ((id >= 8711532) AND (id <= 8712531))

table 6 : explain SELECT DISTINCT c FROM sbtest6 WHERE id BETWEEN 6951100 AND 6952099 ORDER BY c
	Unique  (cost=4177.17..4182.50 rows=1066 width=121)
	  ->  Sort  (cost=4177.17..4179.83 rows=1066 width=121)
	        Sort Key: c
	        ->  Bitmap Heap Scan on sbtest6  (cost=35.36..4123.56 rows=1066 width=121)
	              Recheck Cond: ((id >= 6951100) AND (id <= 6952099))
	              ->  Bitmap Index Scan on sbtest6_pkey  (cost=0.00..35.09 rows=1066 width=0)
	                    Index Cond: ((id >= 6951100) AND (id <= 6952099))

table 7 : explain SELECT DISTINCT c FROM sbtest7 WHERE id BETWEEN 6733245 AND 6734244 ORDER BY c
	Unique  (cost=3672.75..3677.42 rows=935 width=121)
	  ->  Sort  (cost=3672.75..3675.08 rows=935 width=121)
	        Sort Key: c
	        ->  Bitmap Heap Scan on sbtest7  (cost=30.02..3626.61 rows=935 width=121)
	              Recheck Cond: ((id >= 6733245) AND (id <= 6734244))
	              ->  Bitmap Index Scan on sbtest7_pkey  (cost=0.00..29.79 rows=935 width=0)
	                    Index Cond: ((id >= 6733245) AND (id <= 6734244))

table 8 : explain SELECT DISTINCT c FROM sbtest8 WHERE id BETWEEN 2695559 AND 2696558 ORDER BY c
	Unique  (cost=3819.08..3823.94 rows=972 width=121)
	  ->  Sort  (cost=3819.08..3821.51 rows=972 width=121)
	        Sort Key: c
	        ->  Bitmap Heap Scan on sbtest8  (cost=34.40..3770.84 rows=972 width=121)
	              Recheck Cond: ((id >= 2695559) AND (id <= 2696558))
	              ->  Bitmap Index Scan on sbtest8_pkey  (cost=0.00..34.16 rows=972 width=0)
	                    Index Cond: ((id >= 2695559) AND (id <= 2696558))

for: order_ranges
table 1 : explain SELECT c FROM sbtest1 WHERE id BETWEEN 6901537 AND 6902536 ORDER BY c
	Sort  (cost=4151.79..4154.43 rows=1058 width=121)
	  Sort Key: c
	  ->  Bitmap Heap Scan on sbtest1  (cost=35.28..4098.64 rows=1058 width=121)
	        Recheck Cond: ((id >= 6901537) AND (id <= 6902536))
	        ->  Bitmap Index Scan on sbtest1_pkey  (cost=0.00..35.02 rows=1058 width=0)
	              Index Cond: ((id >= 6901537) AND (id <= 6902536))

table 2 : explain SELECT c FROM sbtest2 WHERE id BETWEEN 7688873 AND 7689872 ORDER BY c
	Sort  (cost=4133.94..4136.58 rows=1055 width=121)
	  Sort Key: c
	  ->  Bitmap Heap Scan on sbtest2  (cost=35.25..4080.96 rows=1055 width=121)
	        Recheck Cond: ((id >= 7688873) AND (id <= 7689872))
	        ->  Bitmap Index Scan on sbtest2_pkey  (cost=0.00..34.98 rows=1055 width=0)
	              Index Cond: ((id >= 7688873) AND (id <= 7689872))

table 3 : explain SELECT c FROM sbtest3 WHERE id BETWEEN 4388751 AND 4389750 ORDER BY c
	Sort  (cost=3639.98..3642.29 rows=927 width=121)
	  Sort Key: c
	  ->  Bitmap Heap Scan on sbtest3  (cost=29.94..3594.29 rows=927 width=121)
	        Recheck Cond: ((id >= 4388751) AND (id <= 4389750))
	        ->  Bitmap Index Scan on sbtest3_pkey  (cost=0.00..29.70 rows=927 width=0)
	              Index Cond: ((id >= 4388751) AND (id <= 4389750))

table 4 : explain SELECT c FROM sbtest4 WHERE id BETWEEN 402378 AND 403377 ORDER BY c
	Sort  (cost=3637.53..3639.84 rows=925 width=121)
	  Sort Key: c
	  ->  Bitmap Heap Scan on sbtest4  (cost=33.92..3591.96 rows=925 width=121)
	        Recheck Cond: ((id >= 402378) AND (id <= 403377))
	        ->  Bitmap Index Scan on sbtest4_pkey  (cost=0.00..33.69 rows=925 width=0)
	              Index Cond: ((id >= 402378) AND (id <= 403377))

table 5 : explain SELECT c FROM sbtest5 WHERE id BETWEEN 2650299 AND 2651298 ORDER BY c
	Sort  (cost=4136.56..4139.19 rows=1055 width=121)
	  Sort Key: c
	  ->  Bitmap Heap Scan on sbtest5  (cost=35.25..4083.58 rows=1055 width=121)
	        Recheck Cond: ((id >= 2650299) AND (id <= 2651298))
	        ->  Bitmap Index Scan on sbtest5_pkey  (cost=0.00..34.98 rows=1055 width=0)
	              Index Cond: ((id >= 2650299) AND (id <= 2651298))

table 6 : explain SELECT c FROM sbtest6 WHERE id BETWEEN 3300391 AND 3301390 ORDER BY c
	Sort  (cost=3675.78..3678.12 rows=936 width=121)
	  Sort Key: c
	  ->  Bitmap Heap Scan on sbtest6  (cost=30.03..3629.59 rows=936 width=121)
	        Recheck Cond: ((id >= 3300391) AND (id <= 3301390))
	        ->  Bitmap Index Scan on sbtest6_pkey  (cost=0.00..29.79 rows=936 width=0)
	              Index Cond: ((id >= 3300391) AND (id <= 3301390))

table 7 : explain SELECT c FROM sbtest7 WHERE id BETWEEN 9893953 AND 9894952 ORDER BY c
	Sort  (cost=4124.65..4127.28 rows=1052 width=121)
	  Sort Key: c
	  ->  Bitmap Heap Scan on sbtest7  (cost=35.22..4071.85 rows=1052 width=121)
	        Recheck Cond: ((id >= 9893953) AND (id <= 9894952))
	        ->  Bitmap Index Scan on sbtest7_pkey  (cost=0.00..34.95 rows=1052 width=0)
	              Index Cond: ((id >= 9893953) AND (id <= 9894952))

table 8 : explain SELECT c FROM sbtest8 WHERE id BETWEEN 7083581 AND 7084580 ORDER BY c
	Sort  (cost=3922.49..3924.99 rows=999 width=121)
	  Sort Key: c
	  ->  Bitmap Heap Scan on sbtest8  (cost=34.67..3872.72 rows=999 width=121)
	        Recheck Cond: ((id >= 7083581) AND (id <= 7084580))
	        ->  Bitmap Index Scan on sbtest8_pkey  (cost=0.00..34.43 rows=999 width=0)
	              Index Cond: ((id >= 7083581) AND (id <= 7084580))

for: order_ranges
table 1 : explain SELECT c FROM sbtest1 WHERE id BETWEEN 3689316 AND 3690315 ORDER BY c
	Sort  (cost=3545.58..3547.83 rows=901 width=121)
	  Sort Key: c
	  ->  Bitmap Heap Scan on sbtest1  (cost=29.67..3501.36 rows=901 width=121)
	        Recheck Cond: ((id >= 3689316) AND (id <= 3690315))
	        ->  Bitmap Index Scan on sbtest1_pkey  (cost=0.00..29.44 rows=901 width=0)
	              Index Cond: ((id >= 3689316) AND (id <= 3690315))

table 2 : explain SELECT c FROM sbtest2 WHERE id BETWEEN 4439433 AND 4440432 ORDER BY c
	Sort  (cost=3808.99..3811.41 rows=970 width=121)
	  Sort Key: c
	  ->  Bitmap Heap Scan on sbtest2  (cost=34.38..3760.87 rows=970 width=121)
	        Recheck Cond: ((id >= 4439433) AND (id <= 4440432))
	        ->  Bitmap Index Scan on sbtest2_pkey  (cost=0.00..34.14 rows=970 width=0)
	              Index Cond: ((id >= 4439433) AND (id <= 4440432))

table 3 : explain SELECT c FROM sbtest3 WHERE id BETWEEN 6642855 AND 6643854 ORDER BY c
	Sort  (cost=4038.12..4040.69 rows=1030 width=121)
	  Sort Key: c
	  ->  Bitmap Heap Scan on sbtest3  (cost=34.99..3986.57 rows=1030 width=121)
	        Recheck Cond: ((id >= 6642855) AND (id <= 6643854))
	        ->  Bitmap Index Scan on sbtest3_pkey  (cost=0.00..34.73 rows=1030 width=0)
	              Index Cond: ((id >= 6642855) AND (id <= 6643854))

table 4 : explain SELECT c FROM sbtest4 WHERE id BETWEEN 5870287 AND 5871286 ORDER BY c
	Sort  (cost=4131.26..4133.89 rows=1054 width=121)
	  Sort Key: c
	  ->  Bitmap Heap Scan on sbtest4  (cost=35.24..4078.34 rows=1054 width=121)
	        Recheck Cond: ((id >= 5870287) AND (id <= 5871286))
	        ->  Bitmap Index Scan on sbtest4_pkey  (cost=0.00..34.98 rows=1054 width=0)
	              Index Cond: ((id >= 5870287) AND (id <= 5871286))

table 5 : explain SELECT c FROM sbtest5 WHERE id BETWEEN 8976354 AND 8977353 ORDER BY c
	Sort  (cost=3738.47..3740.85 rows=951 width=121)
	  Sort Key: c
	  ->  Bitmap Heap Scan on sbtest5  (cost=34.18..3691.43 rows=951 width=121)
	        Recheck Cond: ((id >= 8976354) AND (id <= 8977353))
	        ->  Bitmap Index Scan on sbtest5_pkey  (cost=0.00..33.95 rows=951 width=0)
	              Index Cond: ((id >= 8976354) AND (id <= 8977353))

table 6 : explain SELECT c FROM sbtest6 WHERE id BETWEEN 3151239 AND 3152238 ORDER BY c
	Sort  (cost=4161.89..4164.55 rows=1062 width=121)
	  Sort Key: c
	  ->  Bitmap Heap Scan on sbtest6  (cost=35.32..4108.52 rows=1062 width=121)
	        Recheck Cond: ((id >= 3151239) AND (id <= 3152238))
	        ->  Bitmap Index Scan on sbtest6_pkey  (cost=0.00..35.06 rows=1062 width=0)
	              Index Cond: ((id >= 3151239) AND (id <= 3152238))

table 7 : explain SELECT c FROM sbtest7 WHERE id BETWEEN 6869853 AND 6870852 ORDER BY c
	Sort  (cost=3626.71..3629.02 rows=923 width=121)
	  Sort Key: c
	  ->  Bitmap Heap Scan on sbtest7  (cost=29.90..3581.26 rows=923 width=121)
	        Recheck Cond: ((id >= 6869853) AND (id <= 6870852))
	        ->  Bitmap Index Scan on sbtest7_pkey  (cost=0.00..29.66 rows=923 width=0)
	              Index Cond: ((id >= 6869853) AND (id <= 6870852))

table 8 : explain SELECT c FROM sbtest8 WHERE id BETWEEN 8112514 AND 8113513 ORDER BY c
	Sort  (cost=4243.65..4246.36 rows=1083 width=121)
	  Sort Key: c
	  ->  Bitmap Heap Scan on sbtest8  (cost=35.54..4189.07 rows=1083 width=121)
	        Recheck Cond: ((id >= 8112514) AND (id <= 8113513))
	        ->  Bitmap Index Scan on sbtest8_pkey  (cost=0.00..35.27 rows=1083 width=0)
	              Index Cond: ((id >= 8112514) AND (id <= 8113513))

for: simple_ranges
table 1 : explain SELECT c FROM sbtest1 WHERE id BETWEEN 5621153 AND 5622152
	Bitmap Heap Scan on sbtest1  (cost=34.63..3860.94 rows=995 width=121)
	  Recheck Cond: ((id >= 5621153) AND (id <= 5622152))
	  ->  Bitmap Index Scan on sbtest1_pkey  (cost=0.00..34.39 rows=995 width=0)
	        Index Cond: ((id >= 5621153) AND (id <= 5622152))

table 2 : explain SELECT c FROM sbtest2 WHERE id BETWEEN 7915741 AND 7916740
	Bitmap Heap Scan on sbtest2  (cost=34.15..3677.87 rows=948 width=121)
	  Recheck Cond: ((id >= 7915741) AND (id <= 7916740))
	  ->  Bitmap Index Scan on sbtest2_pkey  (cost=0.00..33.92 rows=948 width=0)
	        Index Cond: ((id >= 7915741) AND (id <= 7916740))

table 3 : explain SELECT c FROM sbtest3 WHERE id BETWEEN 6359686 AND 6360685
	Bitmap Heap Scan on sbtest3  (cost=35.62..4215.89 rows=1091 width=121)
	  Recheck Cond: ((id >= 6359686) AND (id <= 6360685))
	  ->  Bitmap Index Scan on sbtest3_pkey  (cost=0.00..35.34 rows=1091 width=0)
	        Index Cond: ((id >= 6359686) AND (id <= 6360685))

table 4 : explain SELECT c FROM sbtest4 WHERE id BETWEEN 4060129 AND 4061128
	Bitmap Heap Scan on sbtest4  (cost=34.25..3716.59 rows=958 width=121)
	  Recheck Cond: ((id >= 4060129) AND (id <= 4061128))
	  ->  Bitmap Index Scan on sbtest4_pkey  (cost=0.00..34.02 rows=958 width=0)
	        Index Cond: ((id >= 4060129) AND (id <= 4061128))

table 5 : explain SELECT c FROM sbtest5 WHERE id BETWEEN 9222934 AND 9223933
	Bitmap Heap Scan on sbtest5  (cost=35.18..4057.23 rows=1048 width=121)
	  Recheck Cond: ((id >= 9222934) AND (id <= 9223933))
	  ->  Bitmap Index Scan on sbtest5_pkey  (cost=0.00..34.92 rows=1048 width=0)
	        Index Cond: ((id >= 9222934) AND (id <= 9223933))

table 6 : explain SELECT c FROM sbtest6 WHERE id BETWEEN 5747993 AND 5748992
	Bitmap Heap Scan on sbtest6  (cost=35.75..4266.38 rows=1104 width=121)
	  Recheck Cond: ((id >= 5747993) AND (id <= 5748992))
	  ->  Bitmap Index Scan on sbtest6_pkey  (cost=0.00..35.48 rows=1104 width=0)
	        Index Cond: ((id >= 5747993) AND (id <= 5748992))

table 7 : explain SELECT c FROM sbtest7 WHERE id BETWEEN 5456802 AND 5457801
	Bitmap Heap Scan on sbtest7  (cost=34.32..3740.14 rows=964 width=121)
	  Recheck Cond: ((id >= 5456802) AND (id <= 5457801))
	  ->  Bitmap Index Scan on sbtest7_pkey  (cost=0.00..34.08 rows=964 width=0)
	        Index Cond: ((id >= 5456802) AND (id <= 5457801))

table 8 : explain SELECT c FROM sbtest8 WHERE id BETWEEN 3086291 AND 3087290
	Bitmap Heap Scan on sbtest8  (cost=34.60..3846.32 rows=992 width=121)
	  Recheck Cond: ((id >= 3086291) AND (id <= 3087290))
	  ->  Bitmap Index Scan on sbtest8_pkey  (cost=0.00..34.36 rows=992 width=0)
	        Index Cond: ((id >= 3086291) AND (id <= 3087290))

for: sum_ranges
table 1 : explain SELECT SUM(k) FROM sbtest1 WHERE id BETWEEN 4571633 AND 4572632
	Aggregate  (cost=4089.97..4089.98 rows=1 width=8)
	  ->  Bitmap Heap Scan on sbtest1  (cost=35.25..4087.33 rows=1055 width=4)
	        Recheck Cond: ((id >= 4571633) AND (id <= 4572632))
	        ->  Bitmap Index Scan on sbtest1_pkey  (cost=0.00..34.98 rows=1055 width=0)
	              Index Cond: ((id >= 4571633) AND (id <= 4572632))

table 2 : explain SELECT SUM(k) FROM sbtest2 WHERE id BETWEEN 6323834 AND 6324833
	Aggregate  (cost=3751.97..3751.98 rows=1 width=8)
	  ->  Bitmap Heap Scan on sbtest2  (cost=34.35..3749.55 rows=967 width=4)
	        Recheck Cond: ((id >= 6323834) AND (id <= 6324833))
	        ->  Bitmap Index Scan on sbtest2_pkey  (cost=0.00..34.11 rows=967 width=0)
	              Index Cond: ((id >= 6323834) AND (id <= 6324833))

table 3 : explain SELECT SUM(k) FROM sbtest3 WHERE id BETWEEN 9354145 AND 9355144
	Aggregate  (cost=3471.83..3471.84 rows=1 width=8)
	  ->  Bitmap Heap Scan on sbtest3  (cost=29.60..3469.59 rows=894 width=4)
	        Recheck Cond: ((id >= 9354145) AND (id <= 9355144))
	        ->  Bitmap Index Scan on sbtest3_pkey  (cost=0.00..29.37 rows=894 width=0)
	              Index Cond: ((id >= 9354145) AND (id <= 9355144))

table 4 : explain SELECT SUM(k) FROM sbtest4 WHERE id BETWEEN 8482812 AND 8483811
	Aggregate  (cost=4062.15..4062.16 rows=1 width=8)
	  ->  Bitmap Heap Scan on sbtest4  (cost=35.19..4059.52 rows=1049 width=4)
	        Recheck Cond: ((id >= 8482812) AND (id <= 8483811))
	        ->  Bitmap Index Scan on sbtest4_pkey  (cost=0.00..34.93 rows=1049 width=0)
	              Index Cond: ((id >= 8482812) AND (id <= 8483811))

table 5 : explain SELECT SUM(k) FROM sbtest5 WHERE id BETWEEN 148498 AND 149497
	Aggregate  (cost=3523.37..3523.38 rows=1 width=8)
	  ->  Bitmap Heap Scan on sbtest5  (cost=29.73..3521.10 rows=907 width=4)
	        Recheck Cond: ((id >= 148498) AND (id <= 149497))
	        ->  Bitmap Index Scan on sbtest5_pkey  (cost=0.00..29.50 rows=907 width=0)
	              Index Cond: ((id >= 148498) AND (id <= 149497))

table 6 : explain SELECT SUM(k) FROM sbtest6 WHERE id BETWEEN 7789849 AND 7790848
	Aggregate  (cost=3756.82..3756.83 rows=1 width=8)
	  ->  Bitmap Heap Scan on sbtest6  (cost=34.36..3754.40 rows=968 width=4)
	        Recheck Cond: ((id >= 7789849) AND (id <= 7790848))
	        ->  Bitmap Index Scan on sbtest6_pkey  (cost=0.00..34.12 rows=968 width=0)
	              Index Cond: ((id >= 7789849) AND (id <= 7790848))

table 7 : explain SELECT SUM(k) FROM sbtest7 WHERE id BETWEEN 5606921 AND 5607920
	Aggregate  (cost=3772.77..3772.78 rows=1 width=8)
	  ->  Bitmap Heap Scan on sbtest7  (cost=34.40..3770.34 rows=972 width=4)
	        Recheck Cond: ((id >= 5606921) AND (id <= 5607920))
	        ->  Bitmap Index Scan on sbtest7_pkey  (cost=0.00..34.16 rows=972 width=0)
	              Index Cond: ((id >= 5606921) AND (id <= 5607920))

table 8 : explain SELECT SUM(k) FROM sbtest8 WHERE id BETWEEN 9882158 AND 9883157
	Aggregate  (cost=4056.21..4056.22 rows=1 width=8)
	  ->  Bitmap Heap Scan on sbtest8  (cost=35.17..4053.60 rows=1047 width=4)
	        Recheck Cond: ((id >= 9882158) AND (id <= 9883157))
	        ->  Bitmap Index Scan on sbtest8_pkey  (cost=0.00..34.91 rows=1047 width=0)
	              Index Cond: ((id >= 9882158) AND (id <= 9883157))

for: order_ranges
table 1 : explain SELECT c FROM sbtest1 WHERE id BETWEEN 1601819 AND 1602818 ORDER BY c
	Sort  (cost=3833.79..3836.22 rows=975 width=121)
	  Sort Key: c
	  ->  Bitmap Heap Scan on sbtest1  (cost=34.43..3785.38 rows=975 width=121)
	        Recheck Cond: ((id >= 1601819) AND (id <= 1602818))
	        ->  Bitmap Index Scan on sbtest1_pkey  (cost=0.00..34.19 rows=975 width=0)
	              Index Cond: ((id >= 1601819) AND (id <= 1602818))

table 2 : explain SELECT c FROM sbtest2 WHERE id BETWEEN 5496988 AND 5497987 ORDER BY c
	Sort  (cost=3996.42..3998.97 rows=1019 width=121)
	  Sort Key: c
	  ->  Bitmap Heap Scan on sbtest2  (cost=34.88..3945.51 rows=1019 width=121)
	        Recheck Cond: ((id >= 5496988) AND (id <= 5497987))
	        ->  Bitmap Index Scan on sbtest2_pkey  (cost=0.00..34.62 rows=1019 width=0)
	              Index Cond: ((id >= 5496988) AND (id <= 5497987))

table 3 : explain SELECT c FROM sbtest3 WHERE id BETWEEN 9568357 AND 9569356 ORDER BY c
	Sort  (cost=4022.84..4025.40 rows=1026 width=121)
	  Sort Key: c
	  ->  Bitmap Heap Scan on sbtest3  (cost=34.95..3971.52 rows=1026 width=121)
	        Recheck Cond: ((id >= 9568357) AND (id <= 9569356))
	        ->  Bitmap Index Scan on sbtest3_pkey  (cost=0.00..34.70 rows=1026 width=0)
	              Index Cond: ((id >= 9568357) AND (id <= 9569356))

table 4 : explain SELECT c FROM sbtest4 WHERE id BETWEEN 6362911 AND 6363910 ORDER BY c
	Sort  (cost=4161.81..4164.46 rows=1062 width=121)
	  Sort Key: c
	  ->  Bitmap Heap Scan on sbtest4  (cost=35.32..4108.43 rows=1062 width=121)
	        Recheck Cond: ((id >= 6362911) AND (id <= 6363910))
	        ->  Bitmap Index Scan on sbtest4_pkey  (cost=0.00..35.06 rows=1062 width=0)
	              Index Cond: ((id >= 6362911) AND (id <= 6363910))

table 5 : explain SELECT c FROM sbtest5 WHERE id BETWEEN 8822014 AND 8823013 ORDER BY c
	Sort  (cost=3960.64..3963.16 rows=1009 width=121)
	  Sort Key: c
	  ->  Bitmap Heap Scan on sbtest5  (cost=34.78..3910.30 rows=1009 width=121)
	        Recheck Cond: ((id >= 8822014) AND (id <= 8823013))
	        ->  Bitmap Index Scan on sbtest5_pkey  (cost=0.00..34.53 rows=1009 width=0)
	              Index Cond: ((id >= 8822014) AND (id <= 8823013))

table 6 : explain SELECT c FROM sbtest6 WHERE id BETWEEN 5154781 AND 5155780 ORDER BY c
	Sort  (cost=3844.53..3846.98 rows=979 width=121)
	  Sort Key: c
	  ->  Bitmap Heap Scan on sbtest6  (cost=34.47..3795.90 rows=979 width=121)
	        Recheck Cond: ((id >= 5154781) AND (id <= 5155780))
	        ->  Bitmap Index Scan on sbtest6_pkey  (cost=0.00..34.23 rows=979 width=0)
	              Index Cond: ((id >= 5154781) AND (id <= 5155780))

table 7 : explain SELECT c FROM sbtest7 WHERE id BETWEEN 1774069 AND 1775068 ORDER BY c
	Sort  (cost=4101.72..4104.34 rows=1046 width=121)
	  Sort Key: c
	  ->  Bitmap Heap Scan on sbtest7  (cost=35.16..4049.26 rows=1046 width=121)
	        Recheck Cond: ((id >= 1774069) AND (id <= 1775068))
	        ->  Bitmap Index Scan on sbtest7_pkey  (cost=0.00..34.90 rows=1046 width=0)
	              Index Cond: ((id >= 1774069) AND (id <= 1775068))

table 8 : explain SELECT c FROM sbtest8 WHERE id BETWEEN 1770691 AND 1771690 ORDER BY c
	Sort  (cost=3746.26..3748.64 rows=953 width=121)
	  Sort Key: c
	  ->  Bitmap Heap Scan on sbtest8  (cost=34.20..3699.10 rows=953 width=121)
	        Recheck Cond: ((id >= 1770691) AND (id <= 1771690))
	        ->  Bitmap Index Scan on sbtest8_pkey  (cost=0.00..33.97 rows=953 width=0)
	              Index Cond: ((id >= 1770691) AND (id <= 1771690))

for: simple_ranges
table 1 : explain SELECT c FROM sbtest1 WHERE id BETWEEN 7505356 AND 7506355
	Bitmap Heap Scan on sbtest1  (cost=35.41..4147.63 rows=1071 width=121)
	  Recheck Cond: ((id >= 7505356) AND (id <= 7506355))
	  ->  Bitmap Index Scan on sbtest1_pkey  (cost=0.00..35.15 rows=1071 width=0)
	        Index Cond: ((id >= 7505356) AND (id <= 7506355))

table 2 : explain SELECT c FROM sbtest2 WHERE id BETWEEN 1570891 AND 1571890
	Bitmap Heap Scan on sbtest2  (cost=35.20..4062.16 rows=1050 width=121)
	  Recheck Cond: ((id >= 1570891) AND (id <= 1571890))
	  ->  Bitmap Index Scan on sbtest2_pkey  (cost=0.00..34.94 rows=1050 width=0)
	        Index Cond: ((id >= 1570891) AND (id <= 1571890))

table 3 : explain SELECT c FROM sbtest3 WHERE id BETWEEN 4805911 AND 4806910
	Bitmap Heap Scan on sbtest3  (cost=35.00..3990.34 rows=1031 width=121)
	  Recheck Cond: ((id >= 4805911) AND (id <= 4806910))
	  ->  Bitmap Index Scan on sbtest3_pkey  (cost=0.00..34.75 rows=1031 width=0)
	        Index Cond: ((id >= 4805911) AND (id <= 4806910))

table 4 : explain SELECT c FROM sbtest4 WHERE id BETWEEN 5118288 AND 5119287
	Bitmap Heap Scan on sbtest4  (cost=33.97..3610.85 rows=930 width=121)
	  Recheck Cond: ((id >= 5118288) AND (id <= 5119287))
	  ->  Bitmap Index Scan on sbtest4_pkey  (cost=0.00..33.73 rows=930 width=0)
	        Index Cond: ((id >= 5118288) AND (id <= 5119287))

table 5 : explain SELECT c FROM sbtest5 WHERE id BETWEEN 4032463 AND 4033462
	Bitmap Heap Scan on sbtest5  (cost=35.32..4109.92 rows=1062 width=121)
	  Recheck Cond: ((id >= 4032463) AND (id <= 4033462))
	  ->  Bitmap Index Scan on sbtest5_pkey  (cost=0.00..35.06 rows=1062 width=0)
	        Index Cond: ((id >= 4032463) AND (id <= 4033462))

table 6 : explain SELECT c FROM sbtest6 WHERE id BETWEEN 3983516 AND 3984515
	Bitmap Heap Scan on sbtest6  (cost=34.64..3860.00 rows=996 width=121)
	  Recheck Cond: ((id >= 3983516) AND (id <= 3984515))
	  ->  Bitmap Index Scan on sbtest6_pkey  (cost=0.00..34.40 rows=996 width=0)
	        Index Cond: ((id >= 3983516) AND (id <= 3984515))

table 7 : explain SELECT c FROM sbtest7 WHERE id BETWEEN 4404591 AND 4405590
	Bitmap Heap Scan on sbtest7  (cost=34.90..3955.11 rows=1021 width=121)
	  Recheck Cond: ((id >= 4404591) AND (id <= 4405590))
	  ->  Bitmap Index Scan on sbtest7_pkey  (cost=0.00..34.65 rows=1021 width=0)
	        Index Cond: ((id >= 4404591) AND (id <= 4405590))

table 8 : explain SELECT c FROM sbtest8 WHERE id BETWEEN 5865263 AND 5866262
	Bitmap Heap Scan on sbtest8  (cost=35.78..4279.29 rows=1107 width=121)
	  Recheck Cond: ((id >= 5865263) AND (id <= 5866262))
	  ->  Bitmap Index Scan on sbtest8_pkey  (cost=0.00..35.51 rows=1107 width=0)
	        Index Cond: ((id >= 5865263) AND (id <= 5866262))

for: order_ranges
table 1 : explain SELECT c FROM sbtest1 WHERE id BETWEEN 2670433 AND 2671432 ORDER BY c
	Sort  (cost=4258.89..4261.60 rows=1086 width=121)
	  Sort Key: c
	  ->  Bitmap Heap Scan on sbtest1  (cost=35.57..4204.12 rows=1086 width=121)
	        Recheck Cond: ((id >= 2670433) AND (id <= 2671432))
	        ->  Bitmap Index Scan on sbtest1_pkey  (cost=0.00..35.30 rows=1086 width=0)
	              Index Cond: ((id >= 2670433) AND (id <= 2671432))

table 2 : explain SELECT c FROM sbtest2 WHERE id BETWEEN 4200136 AND 4201135 ORDER BY c
	Sort  (cost=3774.53..3776.93 rows=961 width=121)
	  Sort Key: c
	  ->  Bitmap Heap Scan on sbtest2  (cost=34.29..3726.92 rows=961 width=121)
	        Recheck Cond: ((id >= 4200136) AND (id <= 4201135))
	        ->  Bitmap Index Scan on sbtest2_pkey  (cost=0.00..34.05 rows=961 width=0)
	              Index Cond: ((id >= 4200136) AND (id <= 4201135))

table 3 : explain SELECT c FROM sbtest3 WHERE id BETWEEN 3744461 AND 3745460 ORDER BY c
	Sort  (cost=4118.32..4120.95 rows=1051 width=121)
	  Sort Key: c
	  ->  Bitmap Heap Scan on sbtest3  (cost=35.21..4065.57 rows=1051 width=121)
	        Recheck Cond: ((id >= 3744461) AND (id <= 3745460))
	        ->  Bitmap Index Scan on sbtest3_pkey  (cost=0.00..34.95 rows=1051 width=0)
	              Index Cond: ((id >= 3744461) AND (id <= 3745460))

table 4 : explain SELECT c FROM sbtest4 WHERE id BETWEEN 9081140 AND 9082139 ORDER BY c
	Sort  (cost=3510.74..3512.97 rows=893 width=121)
	  Sort Key: c
	  ->  Bitmap Heap Scan on sbtest4  (cost=29.59..3466.97 rows=893 width=121)
	        Recheck Cond: ((id >= 9081140) AND (id <= 9082139))
	        ->  Bitmap Index Scan on sbtest4_pkey  (cost=0.00..29.36 rows=893 width=0)
	              Index Cond: ((id >= 9081140) AND (id <= 9082139))

table 5 : explain SELECT c FROM sbtest5 WHERE id BETWEEN 5753989 AND 5754988 ORDER BY c
	Sort  (cost=3661.60..3663.93 rows=932 width=121)
	  Sort Key: c
	  ->  Bitmap Heap Scan on sbtest5  (cost=29.99..3615.64 rows=932 width=121)
	        Recheck Cond: ((id >= 5753989) AND (id <= 5754988))
	        ->  Bitmap Index Scan on sbtest5_pkey  (cost=0.00..29.75 rows=932 width=0)
	              Index Cond: ((id >= 5753989) AND (id <= 5754988))

table 6 : explain SELECT c FROM sbtest6 WHERE id BETWEEN 5563013 AND 5564012 ORDER BY c
	Sort  (cost=4112.24..4114.86 rows=1049 width=121)
	  Sort Key: c
	  ->  Bitmap Heap Scan on sbtest6  (cost=35.19..4059.61 rows=1049 width=121)
	        Recheck Cond: ((id >= 5563013) AND (id <= 5564012))
	        ->  Bitmap Index Scan on sbtest6_pkey  (cost=0.00..34.93 rows=1049 width=0)
	              Index Cond: ((id >= 5563013) AND (id <= 5564012))

table 7 : explain SELECT c FROM sbtest7 WHERE id BETWEEN 5567619 AND 5568618 ORDER BY c
	Sort  (cost=4113.19..4115.81 rows=1049 width=121)
	  Sort Key: c
	  ->  Bitmap Heap Scan on sbtest7  (cost=35.19..4060.56 rows=1049 width=121)
	        Recheck Cond: ((id >= 5567619) AND (id <= 5568618))
	        ->  Bitmap Index Scan on sbtest7_pkey  (cost=0.00..34.93 rows=1049 width=0)
	              Index Cond: ((id >= 5567619) AND (id <= 5568618))

table 8 : explain SELECT c FROM sbtest8 WHERE id BETWEEN 36971 AND 37970 ORDER BY c
	Sort  (cost=3972.25..3974.78 rows=1012 width=121)
	  Sort Key: c
	  ->  Bitmap Heap Scan on sbtest8  (cost=34.81..3921.73 rows=1012 width=121)
	        Recheck Cond: ((id >= 36971) AND (id <= 37970))
	        ->  Bitmap Index Scan on sbtest8_pkey  (cost=0.00..34.56 rows=1012 width=0)
	              Index Cond: ((id >= 36971) AND (id <= 37970))

for: distinct_ranges
table 1 : explain SELECT DISTINCT c FROM sbtest1 WHERE id BETWEEN 5563792 AND 5564791 ORDER BY c
	Unique  (cost=3910.49..3915.46 rows=995 width=121)
	  ->  Sort  (cost=3910.49..3912.97 rows=995 width=121)
	        Sort Key: c
	        ->  Bitmap Heap Scan on sbtest1  (cost=34.63..3860.94 rows=995 width=121)
	              Recheck Cond: ((id >= 5563792) AND (id <= 5564791))
	              ->  Bitmap Index Scan on sbtest1_pkey  (cost=0.00..34.39 rows=995 width=0)
	                    Index Cond: ((id >= 5563792) AND (id <= 5564791))

table 2 : explain SELECT DISTINCT c FROM sbtest2 WHERE id BETWEEN 5206646 AND 5207645 ORDER BY c
	Unique  (cost=3655.77..3660.42 rows=930 width=121)
	  ->  Sort  (cost=3655.77..3658.09 rows=930 width=121)
	        Sort Key: c
	        ->  Bitmap Heap Scan on sbtest2  (cost=33.97..3609.91 rows=930 width=121)
	              Recheck Cond: ((id >= 5206646) AND (id <= 5207645))
	              ->  Bitmap Index Scan on sbtest2_pkey  (cost=0.00..33.73 rows=930 width=0)
	                    Index Cond: ((id >= 5206646) AND (id <= 5207645))

table 3 : explain SELECT DISTINCT c FROM sbtest3 WHERE id BETWEEN 5917148 AND 5918147 ORDER BY c
	Unique  (cost=4122.14..4127.40 rows=1052 width=121)
	  ->  Sort  (cost=4122.14..4124.77 rows=1052 width=121)
	        Sort Key: c
	        ->  Bitmap Heap Scan on sbtest3  (cost=35.22..4069.33 rows=1052 width=121)
	              Recheck Cond: ((id >= 5917148) AND (id <= 5918147))
	              ->  Bitmap Index Scan on sbtest3_pkey  (cost=0.00..34.95 rows=1052 width=0)
	                    Index Cond: ((id >= 5917148) AND (id <= 5918147))

table 4 : explain SELECT DISTINCT c FROM sbtest4 WHERE id BETWEEN 6255246 AND 6256245 ORDER BY c
	Unique  (cost=3572.15..3576.70 rows=909 width=121)
	  ->  Sort  (cost=3572.15..3574.42 rows=909 width=121)
	        Sort Key: c
	        ->  Bitmap Heap Scan on sbtest4  (cost=29.75..3527.48 rows=909 width=121)
	              Recheck Cond: ((id >= 6255246) AND (id <= 6256245))
	              ->  Bitmap Index Scan on sbtest4_pkey  (cost=0.00..29.52 rows=909 width=0)
	                    Index Cond: ((id >= 6255246) AND (id <= 6256245))

table 5 : explain SELECT DISTINCT c FROM sbtest5 WHERE id BETWEEN 9556255 AND 9557254 ORDER BY c
	Unique  (cost=4090.69..4095.90 rows=1043 width=121)
	  ->  Sort  (cost=4090.69..4093.30 rows=1043 width=121)
	        Sort Key: c
	        ->  Bitmap Heap Scan on sbtest5  (cost=35.13..4038.40 rows=1043 width=121)
	              Recheck Cond: ((id >= 9556255) AND (id <= 9557254))
	              ->  Bitmap Index Scan on sbtest5_pkey  (cost=0.00..34.87 rows=1043 width=0)
	                    Index Cond: ((id >= 9556255) AND (id <= 9557254))

table 6 : explain SELECT DISTINCT c FROM sbtest6 WHERE id BETWEEN 2435771 AND 2436770 ORDER BY c
	Unique  (cost=3867.50..3872.42 rows=985 width=121)
	  ->  Sort  (cost=3867.50..3869.96 rows=985 width=121)
	        Sort Key: c
	        ->  Bitmap Heap Scan on sbtest6  (cost=34.53..3818.53 rows=985 width=121)
	              Recheck Cond: ((id >= 2435771) AND (id <= 2436770))
	              ->  Bitmap Index Scan on sbtest6_pkey  (cost=0.00..34.29 rows=985 width=0)
	                    Index Cond: ((id >= 2435771) AND (id <= 2436770))

table 7 : explain SELECT DISTINCT c FROM sbtest7 WHERE id BETWEEN 9690023 AND 9691022 ORDER BY c
	Unique  (cost=3810.91..3815.76 rows=970 width=121)
	  ->  Sort  (cost=3810.91..3813.34 rows=970 width=121)
	        Sort Key: c
	        ->  Bitmap Heap Scan on sbtest7  (cost=34.38..3762.79 rows=970 width=121)
	              Recheck Cond: ((id >= 9690023) AND (id <= 9691022))
	              ->  Bitmap Index Scan on sbtest7_pkey  (cost=0.00..34.14 rows=970 width=0)
	                    Index Cond: ((id >= 9690023) AND (id <= 9691022))

table 8 : explain SELECT DISTINCT c FROM sbtest8 WHERE id BETWEEN 9766849 AND 9767848 ORDER BY c
	Unique  (cost=3707.91..3712.63 rows=943 width=121)
	  ->  Sort  (cost=3707.91..3710.27 rows=943 width=121)
	        Sort Key: c
	        ->  Bitmap Heap Scan on sbtest8  (cost=34.10..3661.32 rows=943 width=121)
	              Recheck Cond: ((id >= 9766849) AND (id <= 9767848))
	              ->  Bitmap Index Scan on sbtest8_pkey  (cost=0.00..33.87 rows=943 width=0)
	                    Index Cond: ((id >= 9766849) AND (id <= 9767848))

for: sum_ranges
table 1 : explain SELECT SUM(k) FROM sbtest1 WHERE id BETWEEN 7127057 AND 7128056
	Aggregate  (cost=4003.18..4003.19 rows=1 width=8)
	  ->  Bitmap Heap Scan on sbtest1  (cost=35.01..4000.60 rows=1032 width=4)
	        Recheck Cond: ((id >= 7127057) AND (id <= 7128056))
	        ->  Bitmap Index Scan on sbtest1_pkey  (cost=0.00..34.76 rows=1032 width=0)
	              Index Cond: ((id >= 7127057) AND (id <= 7128056))

table 2 : explain SELECT SUM(k) FROM sbtest2 WHERE id BETWEEN 1250373 AND 1251372
	Aggregate  (cost=3498.59..3498.60 rows=1 width=8)
	  ->  Bitmap Heap Scan on sbtest2  (cost=29.67..3496.33 rows=901 width=4)
	        Recheck Cond: ((id >= 1250373) AND (id <= 1251372))
	        ->  Bitmap Index Scan on sbtest2_pkey  (cost=0.00..29.44 rows=901 width=0)
	              Index Cond: ((id >= 1250373) AND (id <= 1251372))

table 3 : explain SELECT SUM(k) FROM sbtest3 WHERE id BETWEEN 617891 AND 618890
	Aggregate  (cost=3668.61..3668.62 rows=1 width=8)
	  ->  Bitmap Heap Scan on sbtest3  (cost=34.12..3666.25 rows=945 width=4)
	        Recheck Cond: ((id >= 617891) AND (id <= 618890))
	        ->  Bitmap Index Scan on sbtest3_pkey  (cost=0.00..33.89 rows=945 width=0)
	              Index Cond: ((id >= 617891) AND (id <= 618890))

table 4 : explain SELECT SUM(k) FROM sbtest4 WHERE id BETWEEN 8712879 AND 8713878
	Aggregate  (cost=3696.32..3696.33 rows=1 width=8)
	  ->  Bitmap Heap Scan on sbtest4  (cost=34.19..3693.94 rows=952 width=4)
	        Recheck Cond: ((id >= 8712879) AND (id <= 8713878))
	        ->  Bitmap Index Scan on sbtest4_pkey  (cost=0.00..33.95 rows=952 width=0)
	              Index Cond: ((id >= 8712879) AND (id <= 8713878))

table 5 : explain SELECT SUM(k) FROM sbtest5 WHERE id BETWEEN 1814654 AND 1815653
	Aggregate  (cost=4120.11..4120.12 rows=1 width=8)
	  ->  Bitmap Heap Scan on sbtest5  (cost=35.34..4117.45 rows=1064 width=4)
	        Recheck Cond: ((id >= 1814654) AND (id <= 1815653))
	        ->  Bitmap Index Scan on sbtest5_pkey  (cost=0.00..35.08 rows=1064 width=0)
	              Index Cond: ((id >= 1814654) AND (id <= 1815653))

table 6 : explain SELECT SUM(k) FROM sbtest6 WHERE id BETWEEN 2938797 AND 2939796
	Aggregate  (cost=3975.59..3975.60 rows=1 width=8)
	  ->  Bitmap Heap Scan on sbtest6  (cost=34.95..3973.03 rows=1026 width=4)
	        Recheck Cond: ((id >= 2938797) AND (id <= 2939796))
	        ->  Bitmap Index Scan on sbtest6_pkey  (cost=0.00..34.70 rows=1026 width=0)
	              Index Cond: ((id >= 2938797) AND (id <= 2939796))

table 7 : explain SELECT SUM(k) FROM sbtest7 WHERE id BETWEEN 4986385 AND 4987384
	Aggregate  (cost=3716.11..3716.12 rows=1 width=8)
	  ->  Bitmap Heap Scan on sbtest7  (cost=34.24..3713.71 rows=957 width=4)
	        Recheck Cond: ((id >= 4986385) AND (id <= 4987384))
	        ->  Bitmap Index Scan on sbtest7_pkey  (cost=0.00..34.01 rows=957 width=0)
	              Index Cond: ((id >= 4986385) AND (id <= 4987384))

table 8 : explain SELECT SUM(k) FROM sbtest8 WHERE id BETWEEN 8779007 AND 8780006
	Aggregate  (cost=3682.58..3682.59 rows=1 width=8)
	  ->  Bitmap Heap Scan on sbtest8  (cost=34.15..3680.21 rows=948 width=4)
	        Recheck Cond: ((id >= 8779007) AND (id <= 8780006))
	        ->  Bitmap Index Scan on sbtest8_pkey  (cost=0.00..33.92 rows=948 width=0)
	              Index Cond: ((id >= 8779007) AND (id <= 8780006))

for: distinct_ranges
table 1 : explain SELECT DISTINCT c FROM sbtest1 WHERE id BETWEEN 7034990 AND 7035989 ORDER BY c
	Unique  (cost=3887.48..3892.43 rows=989 width=121)
	  ->  Sort  (cost=3887.48..3889.95 rows=989 width=121)
	        Sort Key: c
	        ->  Bitmap Heap Scan on sbtest1  (cost=34.57..3838.28 rows=989 width=121)
	              Recheck Cond: ((id >= 7034990) AND (id <= 7035989))
	              ->  Bitmap Index Scan on sbtest1_pkey  (cost=0.00..34.33 rows=989 width=0)
	                    Index Cond: ((id >= 7034990) AND (id <= 7035989))

table 2 : explain SELECT DISTINCT c FROM sbtest2 WHERE id BETWEEN 363333 AND 364332 ORDER BY c
	Unique  (cost=3931.43..3936.44 rows=1002 width=121)
	  ->  Sort  (cost=3931.43..3933.93 rows=1002 width=121)
	        Sort Key: c
	        ->  Bitmap Heap Scan on sbtest2  (cost=34.71..3881.48 rows=1002 width=121)
	              Recheck Cond: ((id >= 363333) AND (id <= 364332))
	              ->  Bitmap Index Scan on sbtest2_pkey  (cost=0.00..34.45 rows=1002 width=0)
	                    Index Cond: ((id >= 363333) AND (id <= 364332))

table 3 : explain SELECT DISTINCT c FROM sbtest3 WHERE id BETWEEN 7010647 AND 7011646 ORDER BY c
	Unique  (cost=4396.79..4402.41 rows=1125 width=121)
	  ->  Sort  (cost=4396.79..4399.60 rows=1125 width=121)
	        Sort Key: c
	        ->  Bitmap Heap Scan on sbtest3  (cost=35.97..4339.77 rows=1125 width=121)
	              Recheck Cond: ((id >= 7010647) AND (id <= 7011646))
	              ->  Bitmap Index Scan on sbtest3_pkey  (cost=0.00..35.69 rows=1125 width=0)
	                    Index Cond: ((id >= 7010647) AND (id <= 7011646))

table 4 : explain SELECT DISTINCT c FROM sbtest4 WHERE id BETWEEN 3500531 AND 3501530 ORDER BY c
	Unique  (cost=3794.67..3799.50 rows=966 width=121)
	  ->  Sort  (cost=3794.67..3797.09 rows=966 width=121)
	        Sort Key: c
	        ->  Bitmap Heap Scan on sbtest4  (cost=34.34..3746.78 rows=966 width=121)
	              Recheck Cond: ((id >= 3500531) AND (id <= 3501530))
	              ->  Bitmap Index Scan on sbtest4_pkey  (cost=0.00..34.09 rows=966 width=0)
	                    Index Cond: ((id >= 3500531) AND (id <= 3501530))

table 5 : explain SELECT DISTINCT c FROM sbtest5 WHERE id BETWEEN 5612248 AND 5613247 ORDER BY c
	Unique  (cost=3723.14..3727.87 rows=947 width=121)
	  ->  Sort  (cost=3723.14..3725.50 rows=947 width=121)
	        Sort Key: c
	        ->  Bitmap Heap Scan on sbtest5  (cost=34.14..3676.32 rows=947 width=121)
	              Recheck Cond: ((id >= 5612248) AND (id <= 5613247))
	              ->  Bitmap Index Scan on sbtest5_pkey  (cost=0.00..33.91 rows=947 width=0)
	                    Index Cond: ((id >= 5612248) AND (id <= 5613247))

table 6 : explain SELECT DISTINCT c FROM sbtest6 WHERE id BETWEEN 4226337 AND 4227336 ORDER BY c
	Unique  (cost=3921.08..3926.07 rows=999 width=121)
	  ->  Sort  (cost=3921.08..3923.58 rows=999 width=121)
	        Sort Key: c
	        ->  Bitmap Heap Scan on sbtest6  (cost=34.67..3871.31 rows=999 width=121)
	              Recheck Cond: ((id >= 4226337) AND (id <= 4227336))
	              ->  Bitmap Index Scan on sbtest6_pkey  (cost=0.00..34.43 rows=999 width=0)
	                    Index Cond: ((id >= 4226337) AND (id <= 4227336))

table 7 : explain SELECT DISTINCT c FROM sbtest7 WHERE id BETWEEN 4492151 AND 4493150 ORDER BY c
	Unique  (cost=3918.13..3923.12 rows=998 width=121)
	  ->  Sort  (cost=3918.13..3920.63 rows=998 width=121)
	        Sort Key: c
	        ->  Bitmap Heap Scan on sbtest7  (cost=34.66..3868.42 rows=998 width=121)
	              Recheck Cond: ((id >= 4492151) AND (id <= 4493150))
	              ->  Bitmap Index Scan on sbtest7_pkey  (cost=0.00..34.42 rows=998 width=0)
	                    Index Cond: ((id >= 4492151) AND (id <= 4493150))

table 8 : explain SELECT DISTINCT c FROM sbtest8 WHERE id BETWEEN 9813743 AND 9814742 ORDER BY c
	Unique  (cost=4106.11..4111.35 rows=1047 width=121)
	  ->  Sort  (cost=4106.11..4108.73 rows=1047 width=121)
	        Sort Key: c
	        ->  Bitmap Heap Scan on sbtest8  (cost=35.17..4053.60 rows=1047 width=121)
	              Recheck Cond: ((id >= 9813743) AND (id <= 9814742))
	              ->  Bitmap Index Scan on sbtest8_pkey  (cost=0.00..34.91 rows=1047 width=0)
	                    Index Cond: ((id >= 9813743) AND (id <= 9814742))

for: order_ranges
table 1 : explain SELECT c FROM sbtest1 WHERE id BETWEEN 6872894 AND 6873893 ORDER BY c
	Sort  (cost=4151.79..4154.43 rows=1058 width=121)
	  Sort Key: c
	  ->  Bitmap Heap Scan on sbtest1  (cost=35.28..4098.64 rows=1058 width=121)
	        Recheck Cond: ((id >= 6872894) AND (id <= 6873893))
	        ->  Bitmap Index Scan on sbtest1_pkey  (cost=0.00..35.02 rows=1058 width=0)
	              Index Cond: ((id >= 6872894) AND (id <= 6873893))

table 2 : explain SELECT c FROM sbtest2 WHERE id BETWEEN 356397 AND 357396 ORDER BY c
	Sort  (cost=3931.43..3933.93 rows=1002 width=121)
	  Sort Key: c
	  ->  Bitmap Heap Scan on sbtest2  (cost=34.71..3881.48 rows=1002 width=121)
	        Recheck Cond: ((id >= 356397) AND (id <= 357396))
	        ->  Bitmap Index Scan on sbtest2_pkey  (cost=0.00..34.45 rows=1002 width=0)
	              Index Cond: ((id >= 356397) AND (id <= 357396))

table 3 : explain SELECT c FROM sbtest3 WHERE id BETWEEN 6422106 AND 6423105 ORDER BY c
	Sort  (cost=4358.69..4361.48 rows=1115 width=121)
	  Sort Key: c
	  ->  Bitmap Heap Scan on sbtest3  (cost=35.86..4302.25 rows=1115 width=121)
	        Recheck Cond: ((id >= 6422106) AND (id <= 6423105))
	        ->  Bitmap Index Scan on sbtest3_pkey  (cost=0.00..35.59 rows=1115 width=0)
	              Index Cond: ((id >= 6422106) AND (id <= 6423105))

table 4 : explain SELECT c FROM sbtest4 WHERE id BETWEEN 9852296 AND 9853295 ORDER BY c
	Sort  (cost=3966.91..3969.43 rows=1011 width=121)
	  Sort Key: c
	  ->  Bitmap Heap Scan on sbtest4  (cost=34.80..3916.45 rows=1011 width=121)
	        Recheck Cond: ((id >= 9852296) AND (id <= 9853295))
	        ->  Bitmap Index Scan on sbtest4_pkey  (cost=0.00..34.55 rows=1011 width=0)
	              Index Cond: ((id >= 9852296) AND (id <= 9853295))

table 5 : explain SELECT c FROM sbtest5 WHERE id BETWEEN 9124687 AND 9125686 ORDER BY c
	Sort  (cost=3703.96..3706.32 rows=942 width=121)
	  Sort Key: c
	  ->  Bitmap Heap Scan on sbtest5  (cost=34.09..3657.43 rows=942 width=121)
	        Recheck Cond: ((id >= 9124687) AND (id <= 9125686))
	        ->  Bitmap Index Scan on sbtest5_pkey  (cost=0.00..33.86 rows=942 width=0)
	              Index Cond: ((id >= 9124687) AND (id <= 9125686))

table 6 : explain SELECT c FROM sbtest6 WHERE id BETWEEN 2822302 AND 2823301 ORDER BY c
	Sort  (cost=4242.06..4244.77 rows=1083 width=121)
	  Sort Key: c
	  ->  Bitmap Heap Scan on sbtest6  (cost=35.54..4187.47 rows=1083 width=121)
	        Recheck Cond: ((id >= 2822302) AND (id <= 2823301))
	        ->  Bitmap Index Scan on sbtest6_pkey  (cost=0.00..35.27 rows=1083 width=0)
	              Index Cond: ((id >= 2822302) AND (id <= 2823301))

table 7 : explain SELECT c FROM sbtest7 WHERE id BETWEEN 8941466 AND 8942465 ORDER BY c
	Sort  (cost=3960.23..3962.75 rows=1009 width=121)
	  Sort Key: c
	  ->  Bitmap Heap Scan on sbtest7  (cost=34.78..3909.89 rows=1009 width=121)
	        Recheck Cond: ((id >= 8941466) AND (id <= 8942465))
	        ->  Bitmap Index Scan on sbtest7_pkey  (cost=0.00..34.53 rows=1009 width=0)
	              Index Cond: ((id >= 8941466) AND (id <= 8942465))

table 8 : explain SELECT c FROM sbtest8 WHERE id BETWEEN 9602580 AND 9603579 ORDER BY c
	Sort  (cost=3911.00..3913.49 rows=996 width=121)
	  Sort Key: c
	  ->  Bitmap Heap Scan on sbtest8  (cost=34.64..3861.40 rows=996 width=121)
	        Recheck Cond: ((id >= 9602580) AND (id <= 9603579))
	        ->  Bitmap Index Scan on sbtest8_pkey  (cost=0.00..34.40 rows=996 width=0)
	              Index Cond: ((id >= 9602580) AND (id <= 9603579))

for: distinct_ranges
table 1 : explain SELECT DISTINCT c FROM sbtest1 WHERE id BETWEEN 7331091 AND 7332090 ORDER BY c
	Unique  (cost=3994.80..3999.89 rows=1017 width=121)
	  ->  Sort  (cost=3994.80..3997.34 rows=1017 width=121)
	        Sort Key: c
	        ->  Bitmap Heap Scan on sbtest1  (cost=34.86..3944.00 rows=1017 width=121)
	              Recheck Cond: ((id >= 7331091) AND (id <= 7332090))
	              ->  Bitmap Index Scan on sbtest1_pkey  (cost=0.00..34.61 rows=1017 width=0)
	                    Index Cond: ((id >= 7331091) AND (id <= 7332090))

table 2 : explain SELECT DISTINCT c FROM sbtest2 WHERE id BETWEEN 8990333 AND 8991332 ORDER BY c
	Unique  (cost=3847.26..3852.16 rows=980 width=121)
	  ->  Sort  (cost=3847.26..3849.71 rows=980 width=121)
	        Sort Key: c
	        ->  Bitmap Heap Scan on sbtest2  (cost=34.48..3798.58 rows=980 width=121)
	              Recheck Cond: ((id >= 8990333) AND (id <= 8991332))
	              ->  Bitmap Index Scan on sbtest2_pkey  (cost=0.00..34.23 rows=980 width=0)
	                    Index Cond: ((id >= 8990333) AND (id <= 8991332))

table 3 : explain SELECT DISTINCT c FROM sbtest3 WHERE id BETWEEN 7537340 AND 7538339 ORDER BY c
	Unique  (cost=3678.30..3682.99 rows=937 width=121)
	  ->  Sort  (cost=3678.30..3680.64 rows=937 width=121)
	        Sort Key: c
	        ->  Bitmap Heap Scan on sbtest3  (cost=30.04..3632.05 rows=937 width=121)
	              Recheck Cond: ((id >= 7537340) AND (id <= 7538339))
	              ->  Bitmap Index Scan on sbtest3_pkey  (cost=0.00..29.80 rows=937 width=0)
	                    Index Cond: ((id >= 7537340) AND (id <= 7538339))

table 4 : explain SELECT DISTINCT c FROM sbtest4 WHERE id BETWEEN 4157169 AND 4158168 ORDER BY c
	Unique  (cost=4505.29..4511.05 rows=1152 width=121)
	  ->  Sort  (cost=4505.29..4508.17 rows=1152 width=121)
	        Sort Key: c
	        ->  Bitmap Heap Scan on sbtest4  (cost=40.24..4446.71 rows=1152 width=121)
	              Recheck Cond: ((id >= 4157169) AND (id <= 4158168))
	              ->  Bitmap Index Scan on sbtest4_pkey  (cost=0.00..39.95 rows=1152 width=0)
	                    Index Cond: ((id >= 4157169) AND (id <= 4158168))

table 5 : explain SELECT DISTINCT c FROM sbtest5 WHERE id BETWEEN 3374951 AND 3375950 ORDER BY c
	Unique  (cost=3523.41..3527.89 rows=896 width=121)
	  ->  Sort  (cost=3523.41..3525.65 rows=896 width=121)
	        Sort Key: c
	        ->  Bitmap Heap Scan on sbtest5  (cost=29.62..3479.48 rows=896 width=121)
	              Recheck Cond: ((id >= 3374951) AND (id <= 3375950))
	              ->  Bitmap Index Scan on sbtest5_pkey  (cost=0.00..29.39 rows=896 width=0)
	                    Index Cond: ((id >= 3374951) AND (id <= 3375950))

table 6 : explain SELECT DISTINCT c FROM sbtest6 WHERE id BETWEEN 963930 AND 964929 ORDER BY c
	Unique  (cost=3905.77..3910.75 rows=995 width=121)
	  ->  Sort  (cost=3905.77..3908.26 rows=995 width=121)
	        Sort Key: c
	        ->  Bitmap Heap Scan on sbtest6  (cost=34.63..3856.23 rows=995 width=121)
	              Recheck Cond: ((id >= 963930) AND (id <= 964929))
	              ->  Bitmap Index Scan on sbtest6_pkey  (cost=0.00..34.39 rows=995 width=0)
	                    Index Cond: ((id >= 963930) AND (id <= 964929))

table 7 : explain SELECT DISTINCT c FROM sbtest7 WHERE id BETWEEN 7378415 AND 7379414 ORDER BY c
	Unique  (cost=3902.82..3907.79 rows=994 width=121)
	  ->  Sort  (cost=3902.82..3905.31 rows=994 width=121)
	        Sort Key: c
	        ->  Bitmap Heap Scan on sbtest7  (cost=34.62..3853.33 rows=994 width=121)
	              Recheck Cond: ((id >= 7378415) AND (id <= 7379414))
	              ->  Bitmap Index Scan on sbtest7_pkey  (cost=0.00..34.38 rows=994 width=0)
	                    Index Cond: ((id >= 7378415) AND (id <= 7379414))

table 8 : explain SELECT DISTINCT c FROM sbtest8 WHERE id BETWEEN 909486 AND 910485 ORDER BY c
	Unique  (cost=3972.25..3977.31 rows=1012 width=121)
	  ->  Sort  (cost=3972.25..3974.78 rows=1012 width=121)
	        Sort Key: c
	        ->  Bitmap Heap Scan on sbtest8  (cost=34.81..3921.73 rows=1012 width=121)
	              Recheck Cond: ((id >= 909486) AND (id <= 910485))
	              ->  Bitmap Index Scan on sbtest8_pkey  (cost=0.00..34.56 rows=1012 width=0)
	                    Index Cond: ((id >= 909486) AND (id <= 910485))

for: distinct_ranges
table 1 : explain SELECT DISTINCT c FROM sbtest1 WHERE id BETWEEN 9877045 AND 9878044 ORDER BY c
	Unique  (cost=3845.29..3850.18 rows=978 width=121)
	  ->  Sort  (cost=3845.29..3847.74 rows=978 width=121)
	        Sort Key: c
	        ->  Bitmap Heap Scan on sbtest1  (cost=34.46..3796.72 rows=978 width=121)
	              Recheck Cond: ((id >= 9877045) AND (id <= 9878044))
	              ->  Bitmap Index Scan on sbtest1_pkey  (cost=0.00..34.22 rows=978 width=0)
	                    Index Cond: ((id >= 9877045) AND (id <= 9878044))

table 2 : explain SELECT DISTINCT c FROM sbtest2 WHERE id BETWEEN 7186342 AND 7187341 ORDER BY c
	Unique  (cost=4095.75..4100.98 rows=1045 width=121)
	  ->  Sort  (cost=4095.75..4098.37 rows=1045 width=121)
	        Sort Key: c
	        ->  Bitmap Heap Scan on sbtest2  (cost=35.15..4043.35 rows=1045 width=121)
	              Recheck Cond: ((id >= 7186342) AND (id <= 7187341))
	              ->  Bitmap Index Scan on sbtest2_pkey  (cost=0.00..34.89 rows=1045 width=0)
	                    Index Cond: ((id >= 7186342) AND (id <= 7187341))

table 3 : explain SELECT DISTINCT c FROM sbtest3 WHERE id BETWEEN 3430509 AND 3431508 ORDER BY c
	Unique  (cost=4034.30..4039.44 rows=1029 width=121)
	  ->  Sort  (cost=4034.30..4036.87 rows=1029 width=121)
	        Sort Key: c
	        ->  Bitmap Heap Scan on sbtest3  (cost=34.98..3982.81 rows=1029 width=121)
	              Recheck Cond: ((id >= 3430509) AND (id <= 3431508))
	              ->  Bitmap Index Scan on sbtest3_pkey  (cost=0.00..34.73 rows=1029 width=0)
	                    Index Cond: ((id >= 3430509) AND (id <= 3431508))

table 4 : explain SELECT DISTINCT c FROM sbtest4 WHERE id BETWEEN 830378 AND 831377 ORDER BY c
	Unique  (cost=3775.52..3780.33 rows=961 width=121)
	  ->  Sort  (cost=3775.52..3777.92 rows=961 width=121)
	        Sort Key: c
	        ->  Bitmap Heap Scan on sbtest4  (cost=34.29..3727.91 rows=961 width=121)
	              Recheck Cond: ((id >= 830378) AND (id <= 831377))
	              ->  Bitmap Index Scan on sbtest4_pkey  (cost=0.00..34.05 rows=961 width=0)
	                    Index Cond: ((id >= 830378) AND (id <= 831377))

table 5 : explain SELECT DISTINCT c FROM sbtest5 WHERE id BETWEEN 6879000 AND 6879999 ORDER BY c
	Unique  (cost=3792.14..3796.96 rows=965 width=121)
	  ->  Sort  (cost=3792.14..3794.55 rows=965 width=121)
	        Sort Key: c
	        ->  Bitmap Heap Scan on sbtest5  (cost=34.33..3744.30 rows=965 width=121)
	              Recheck Cond: ((id >= 6879000) AND (id <= 6879999))
	              ->  Bitmap Index Scan on sbtest5_pkey  (cost=0.00..34.09 rows=965 width=0)
	                    Index Cond: ((id >= 6879000) AND (id <= 6879999))

table 6 : explain SELECT DISTINCT c FROM sbtest6 WHERE id BETWEEN 8033766 AND 8034765 ORDER BY c
	Unique  (cost=3752.61..3757.38 rows=955 width=121)
	  ->  Sort  (cost=3752.61..3754.99 rows=955 width=121)
	        Sort Key: c
	        ->  Bitmap Heap Scan on sbtest6  (cost=34.22..3705.34 rows=955 width=121)
	              Recheck Cond: ((id >= 8033766) AND (id <= 8034765))
	              ->  Bitmap Index Scan on sbtest6_pkey  (cost=0.00..33.98 rows=955 width=0)
	                    Index Cond: ((id >= 8033766) AND (id <= 8034765))

table 7 : explain SELECT DISTINCT c FROM sbtest7 WHERE id BETWEEN 5172716 AND 5173715 ORDER BY c
	Unique  (cost=4189.60..4194.94 rows=1069 width=121)
	  ->  Sort  (cost=4189.60..4192.27 rows=1069 width=121)
	        Sort Key: c
	        ->  Bitmap Heap Scan on sbtest7  (cost=35.39..4135.82 rows=1069 width=121)
	              Recheck Cond: ((id >= 5172716) AND (id <= 5173715))
	              ->  Bitmap Index Scan on sbtest7_pkey  (cost=0.00..35.12 rows=1069 width=0)
	                    Index Cond: ((id >= 5172716) AND (id <= 5173715))

table 8 : explain SELECT DISTINCT c FROM sbtest8 WHERE id BETWEEN 5842109 AND 5843108 ORDER BY c
	Unique  (cost=4335.26..4340.80 rows=1107 width=121)
	  ->  Sort  (cost=4335.26..4338.03 rows=1107 width=121)
	        Sort Key: c
	        ->  Bitmap Heap Scan on sbtest8  (cost=35.78..4279.29 rows=1107 width=121)
	              Recheck Cond: ((id >= 5842109) AND (id <= 5843108))
	              ->  Bitmap Index Scan on sbtest8_pkey  (cost=0.00..35.51 rows=1107 width=0)
	                    Index Cond: ((id >= 5842109) AND (id <= 5843108))

for: distinct_ranges
table 1 : explain SELECT DISTINCT c FROM sbtest1 WHERE id BETWEEN 1521570 AND 1522569 ORDER BY c
	Unique  (cost=3833.79..3838.66 rows=975 width=121)
	  ->  Sort  (cost=3833.79..3836.22 rows=975 width=121)
	        Sort Key: c
	        ->  Bitmap Heap Scan on sbtest1  (cost=34.43..3785.38 rows=975 width=121)
	              Recheck Cond: ((id >= 1521570) AND (id <= 1522569))
	              ->  Bitmap Index Scan on sbtest1_pkey  (cost=0.00..34.19 rows=975 width=0)
	                    Index Cond: ((id >= 1521570) AND (id <= 1522569))

table 2 : explain SELECT DISTINCT c FROM sbtest2 WHERE id BETWEEN 5976207 AND 5977206 ORDER BY c
	Unique  (cost=4065.20..4070.38 rows=1037 width=121)
	  ->  Sort  (cost=4065.20..4067.79 rows=1037 width=121)
	        Sort Key: c
	        ->  Bitmap Heap Scan on sbtest2  (cost=35.06..4013.25 rows=1037 width=121)
	              Recheck Cond: ((id >= 5976207) AND (id <= 5977206))
	              ->  Bitmap Index Scan on sbtest2_pkey  (cost=0.00..34.81 rows=1037 width=0)
	                    Index Cond: ((id >= 5976207) AND (id <= 5977206))

table 3 : explain SELECT DISTINCT c FROM sbtest3 WHERE id BETWEEN 9432147 AND 9433146 ORDER BY c
	Unique  (cost=3919.63..3924.63 rows=999 width=121)
	  ->  Sort  (cost=3919.63..3922.13 rows=999 width=121)
	        Sort Key: c
	        ->  Bitmap Heap Scan on sbtest3  (cost=34.67..3869.86 rows=999 width=121)
	              Recheck Cond: ((id >= 9432147) AND (id <= 9433146))
	              ->  Bitmap Index Scan on sbtest3_pkey  (cost=0.00..34.43 rows=999 width=0)
	                    Index Cond: ((id >= 9432147) AND (id <= 9433146))

table 4 : explain SELECT DISTINCT c FROM sbtest4 WHERE id BETWEEN 117864 AND 118863 ORDER BY c
	Unique  (cost=4238.16..4243.57 rows=1082 width=121)
	  ->  Sort  (cost=4238.16..4240.86 rows=1082 width=121)
	        Sort Key: c
	        ->  Bitmap Heap Scan on sbtest4  (cost=35.53..4183.63 rows=1082 width=121)
	              Recheck Cond: ((id >= 117864) AND (id <= 118863))
	              ->  Bitmap Index Scan on sbtest4_pkey  (cost=0.00..35.26 rows=1082 width=0)
	                    Index Cond: ((id >= 117864) AND (id <= 118863))

table 5 : explain SELECT DISTINCT c FROM sbtest5 WHERE id BETWEEN 3318076 AND 3319075 ORDER BY c
	Unique  (cost=3523.41..3527.89 rows=896 width=121)
	  ->  Sort  (cost=3523.41..3525.65 rows=896 width=121)
	        Sort Key: c
	        ->  Bitmap Heap Scan on sbtest5  (cost=29.62..3479.48 rows=896 width=121)
	              Recheck Cond: ((id >= 3318076) AND (id <= 3319075))
	              ->  Bitmap Index Scan on sbtest5_pkey  (cost=0.00..29.39 rows=896 width=0)
	                    Index Cond: ((id >= 3318076) AND (id <= 3319075))

table 6 : explain SELECT DISTINCT c FROM sbtest6 WHERE id BETWEEN 8252056 AND 8253055 ORDER BY c
	Unique  (cost=3744.94..3749.71 rows=953 width=121)
	  ->  Sort  (cost=3744.94..3747.33 rows=953 width=121)
	        Sort Key: c
	        ->  Bitmap Heap Scan on sbtest6  (cost=34.20..3697.79 rows=953 width=121)
	              Recheck Cond: ((id >= 8252056) AND (id <= 8253055))
	              ->  Bitmap Index Scan on sbtest6_pkey  (cost=0.00..33.97 rows=953 width=0)
	                    Index Cond: ((id >= 8252056) AND (id <= 8253055))

table 7 : explain SELECT DISTINCT c FROM sbtest7 WHERE id BETWEEN 6439949 AND 6440948 ORDER BY c
	Unique  (cost=4472.18..4477.90 rows=1143 width=121)
	  ->  Sort  (cost=4472.18..4475.04 rows=1143 width=121)
	        Sort Key: c
	        ->  Bitmap Heap Scan on sbtest7  (cost=40.15..4414.13 rows=1143 width=121)
	              Recheck Cond: ((id >= 6439949) AND (id <= 6440948))
	              ->  Bitmap Index Scan on sbtest7_pkey  (cost=0.00..39.87 rows=1143 width=0)
	                    Index Cond: ((id >= 6439949) AND (id <= 6440948))

table 8 : explain SELECT DISTINCT c FROM sbtest8 WHERE id BETWEEN 4110048 AND 4111047 ORDER BY c
	Unique  (cost=4083.18..4088.38 rows=1041 width=121)
	  ->  Sort  (cost=4083.18..4085.78 rows=1041 width=121)
	        Sort Key: c
	        ->  Bitmap Heap Scan on sbtest8  (cost=35.11..4031.00 rows=1041 width=121)
	              Recheck Cond: ((id >= 4110048) AND (id <= 4111047))
	              ->  Bitmap Index Scan on sbtest8_pkey  (cost=0.00..34.84 rows=1041 width=0)
	                    Index Cond: ((id >= 4110048) AND (id <= 4111047))

for: sum_ranges
table 1 : explain SELECT SUM(k) FROM sbtest1 WHERE id BETWEEN 9227095 AND 9228094
	Aggregate  (cost=3969.20..3969.21 rows=1 width=8)
	  ->  Bitmap Heap Scan on sbtest1  (cost=34.92..3966.65 rows=1023 width=4)
	        Recheck Cond: ((id >= 9227095) AND (id <= 9228094))
	        ->  Bitmap Index Scan on sbtest1_pkey  (cost=0.00..34.67 rows=1023 width=0)
	              Index Cond: ((id >= 9227095) AND (id <= 9228094))

table 2 : explain SELECT SUM(k) FROM sbtest2 WHERE id BETWEEN 6404600 AND 6405599
	Aggregate  (cost=3906.60..3906.61 rows=1 width=8)
	  ->  Bitmap Heap Scan on sbtest2  (cost=34.77..3904.08 rows=1008 width=4)
	        Recheck Cond: ((id >= 6404600) AND (id <= 6405599))
	        ->  Bitmap Index Scan on sbtest2_pkey  (cost=0.00..34.52 rows=1008 width=0)
	              Index Cond: ((id >= 6404600) AND (id <= 6405599))

table 3 : explain SELECT SUM(k) FROM sbtest3 WHERE id BETWEEN 1695773 AND 1696772
	Aggregate  (cost=3645.73..3645.74 rows=1 width=8)
	  ->  Bitmap Heap Scan on sbtest3  (cost=30.07..3643.38 rows=940 width=4)
	        Recheck Cond: ((id >= 1695773) AND (id <= 1696772))
	        ->  Bitmap Index Scan on sbtest3_pkey  (cost=0.00..29.83 rows=940 width=0)
	              Index Cond: ((id >= 1695773) AND (id <= 1696772))

table 4 : explain SELECT SUM(k) FROM sbtest4 WHERE id BETWEEN 3576758 AND 3577757
	Aggregate  (cost=4250.25..4250.26 rows=1 width=8)
	  ->  Bitmap Heap Scan on sbtest4  (cost=35.70..4247.51 rows=1099 width=4)
	        Recheck Cond: ((id >= 3576758) AND (id <= 3577757))
	        ->  Bitmap Index Scan on sbtest4_pkey  (cost=0.00..35.43 rows=1099 width=0)
	              Index Cond: ((id >= 3576758) AND (id <= 3577757))

table 5 : explain SELECT SUM(k) FROM sbtest5 WHERE id BETWEEN 1262028 AND 1263027
	Aggregate  (cost=3587.70..3587.71 rows=1 width=8)
	  ->  Bitmap Heap Scan on sbtest5  (cost=29.91..3585.39 rows=924 width=4)
	        Recheck Cond: ((id >= 1262028) AND (id <= 1263027))
	        ->  Bitmap Index Scan on sbtest5_pkey  (cost=0.00..29.68 rows=924 width=0)
	              Index Cond: ((id >= 1262028) AND (id <= 1263027))

table 6 : explain SELECT SUM(k) FROM sbtest6 WHERE id BETWEEN 4276289 AND 4277288
	Aggregate  (cost=4212.75..4212.76 rows=1 width=8)
	  ->  Bitmap Heap Scan on sbtest6  (cost=35.60..4210.02 rows=1089 width=4)
	        Recheck Cond: ((id >= 4276289) AND (id <= 4277288))
	        ->  Bitmap Index Scan on sbtest6_pkey  (cost=0.00..35.33 rows=1089 width=0)
	              Index Cond: ((id >= 4276289) AND (id <= 4277288))

table 7 : explain SELECT SUM(k) FROM sbtest7 WHERE id BETWEEN 8373435 AND 8374434
	Aggregate  (cost=4100.84..4100.85 rows=1 width=8)
	  ->  Bitmap Heap Scan on sbtest7  (cost=35.29..4098.19 rows=1059 width=4)
	        Recheck Cond: ((id >= 8373435) AND (id <= 8374434))
	        ->  Bitmap Index Scan on sbtest7_pkey  (cost=0.00..35.03 rows=1059 width=0)
	              Index Cond: ((id >= 8373435) AND (id <= 8374434))

table 8 : explain SELECT SUM(k) FROM sbtest8 WHERE id BETWEEN 6190300 AND 6191299
	Aggregate  (cost=4037.37..4037.38 rows=1 width=8)
	  ->  Bitmap Heap Scan on sbtest8  (cost=35.12..4034.77 rows=1042 width=4)
	        Recheck Cond: ((id >= 6190300) AND (id <= 6191299))
	        ->  Bitmap Index Scan on sbtest8_pkey  (cost=0.00..34.86 rows=1042 width=0)
	              Index Cond: ((id >= 6190300) AND (id <= 6191299))

for: sum_ranges
table 1 : explain SELECT SUM(k) FROM sbtest1 WHERE id BETWEEN 486711 AND 487710
	Aggregate  (cost=4040.92..4040.93 rows=1 width=8)
	  ->  Bitmap Heap Scan on sbtest1  (cost=35.12..4038.32 rows=1042 width=4)
	        Recheck Cond: ((id >= 486711) AND (id <= 487710))
	        ->  Bitmap Index Scan on sbtest1_pkey  (cost=0.00..34.86 rows=1042 width=0)
	              Index Cond: ((id >= 486711) AND (id <= 487710))

table 2 : explain SELECT SUM(k) FROM sbtest2 WHERE id BETWEEN 3294311 AND 3295310
	Aggregate  (cost=4113.70..4113.71 rows=1 width=8)
	  ->  Bitmap Heap Scan on sbtest2  (cost=35.33..4111.04 rows=1063 width=4)
	        Recheck Cond: ((id >= 3294311) AND (id <= 3295310))
	        ->  Bitmap Index Scan on sbtest2_pkey  (cost=0.00..35.07 rows=1063 width=0)
	              Index Cond: ((id >= 3294311) AND (id <= 3295310))

table 3 : explain SELECT SUM(k) FROM sbtest3 WHERE id BETWEEN 4302068 AND 4303067
	Aggregate  (cost=3596.61..3596.62 rows=1 width=8)
	  ->  Bitmap Heap Scan on sbtest3  (cost=29.94..3594.29 rows=927 width=4)
	        Recheck Cond: ((id >= 4302068) AND (id <= 4303067))
	        ->  Bitmap Index Scan on sbtest3_pkey  (cost=0.00..29.70 rows=927 width=0)
	              Index Cond: ((id >= 4302068) AND (id <= 4303067))

table 4 : explain SELECT SUM(k) FROM sbtest4 WHERE id BETWEEN 127180 AND 128179
	Aggregate  (cost=4186.33..4186.34 rows=1 width=8)
	  ->  Bitmap Heap Scan on sbtest4  (cost=35.53..4183.63 rows=1082 width=4)
	        Recheck Cond: ((id >= 127180) AND (id <= 128179))
	        ->  Bitmap Index Scan on sbtest4_pkey  (cost=0.00..35.26 rows=1082 width=0)
	              Index Cond: ((id >= 127180) AND (id <= 128179))

table 5 : explain SELECT SUM(k) FROM sbtest5 WHERE id BETWEEN 6189300 AND 6190299
	Aggregate  (cost=4056.08..4056.09 rows=1 width=8)
	  ->  Bitmap Heap Scan on sbtest5  (cost=35.17..4053.46 rows=1047 width=4)
	        Recheck Cond: ((id >= 6189300) AND (id <= 6190299))
	        ->  Bitmap Index Scan on sbtest5_pkey  (cost=0.00..34.91 rows=1047 width=0)
	              Index Cond: ((id >= 6189300) AND (id <= 6190299))

table 6 : explain SELECT SUM(k) FROM sbtest6 WHERE id BETWEEN 4496581 AND 4497580
	Aggregate  (cost=3798.34..3798.35 rows=1 width=8)
	  ->  Bitmap Heap Scan on sbtest6  (cost=34.47..3795.90 rows=979 width=4)
	        Recheck Cond: ((id >= 4496581) AND (id <= 4497580))
	        ->  Bitmap Index Scan on sbtest6_pkey  (cost=0.00..34.23 rows=979 width=0)
	              Index Cond: ((id >= 4496581) AND (id <= 4497580))

table 7 : explain SELECT SUM(k) FROM sbtest7 WHERE id BETWEEN 9387760 AND 9388759
	Aggregate  (cost=3613.82..3613.83 rows=1 width=8)
	  ->  Bitmap Heap Scan on sbtest7  (cost=29.98..3611.49 rows=931 width=4)
	        Recheck Cond: ((id >= 9387760) AND (id <= 9388759))
	        ->  Bitmap Index Scan on sbtest7_pkey  (cost=0.00..29.75 rows=931 width=0)
	              Index Cond: ((id >= 9387760) AND (id <= 9388759))

table 8 : explain SELECT SUM(k) FROM sbtest8 WHERE id BETWEEN 3519317 AND 3520316
	Aggregate  (cost=3716.60..3716.61 rows=1 width=8)
	  ->  Bitmap Heap Scan on sbtest8  (cost=34.24..3714.21 rows=957 width=4)
	        Recheck Cond: ((id >= 3519317) AND (id <= 3520316))
	        ->  Bitmap Index Scan on sbtest8_pkey  (cost=0.00..34.01 rows=957 width=0)
	              Index Cond: ((id >= 3519317) AND (id <= 3520316))

for: order_ranges
table 1 : explain SELECT c FROM sbtest1 WHERE id BETWEEN 3934079 AND 3935078 ORDER BY c
	Sort  (cost=3803.09..3805.51 rows=967 width=121)
	  Sort Key: c
	  ->  Bitmap Heap Scan on sbtest1  (cost=34.35..3755.14 rows=967 width=121)
	        Recheck Cond: ((id >= 3934079) AND (id <= 3935078))
	        ->  Bitmap Index Scan on sbtest1_pkey  (cost=0.00..34.11 rows=967 width=0)
	              Index Cond: ((id >= 3934079) AND (id <= 3935078))

table 2 : explain SELECT c FROM sbtest2 WHERE id BETWEEN 7289463 AND 7290462 ORDER BY c
	Sort  (cost=4046.10..4048.68 rows=1032 width=121)
	  Sort Key: c
	  ->  Bitmap Heap Scan on sbtest2  (cost=35.01..3994.44 rows=1032 width=121)
	        Recheck Cond: ((id >= 7289463) AND (id <= 7290462))
	        ->  Bitmap Index Scan on sbtest2_pkey  (cost=0.00..34.76 rows=1032 width=0)
	              Index Cond: ((id >= 7289463) AND (id <= 7290462))

table 3 : explain SELECT c FROM sbtest3 WHERE id BETWEEN 2900928 AND 2901927 ORDER BY c
	Sort  (cost=3797.20..3799.61 rows=967 width=121)
	  Sort Key: c
	  ->  Bitmap Heap Scan on sbtest3  (cost=34.35..3749.25 rows=967 width=121)
	        Recheck Cond: ((id >= 2900928) AND (id <= 2901927))
	        ->  Bitmap Index Scan on sbtest3_pkey  (cost=0.00..34.11 rows=967 width=0)
	              Index Cond: ((id >= 2900928) AND (id <= 2901927))

table 4 : explain SELECT c FROM sbtest4 WHERE id BETWEEN 4646981 AND 4647980 ORDER BY c
	Sort  (cost=3848.28..3850.73 rows=980 width=121)
	  Sort Key: c
	  ->  Bitmap Heap Scan on sbtest4  (cost=34.48..3799.59 rows=980 width=121)
	        Recheck Cond: ((id >= 4646981) AND (id <= 4647980))
	        ->  Bitmap Index Scan on sbtest4_pkey  (cost=0.00..34.23 rows=980 width=0)
	              Index Cond: ((id >= 4646981) AND (id <= 4647980))

table 5 : explain SELECT c FROM sbtest5 WHERE id BETWEEN 9036278 AND 9037277 ORDER BY c
	Sort  (cost=3941.50..3944.01 rows=1004 width=121)
	  Sort Key: c
	  ->  Bitmap Heap Scan on sbtest5  (cost=34.73..3891.45 rows=1004 width=121)
	        Recheck Cond: ((id >= 9036278) AND (id <= 9037277))
	        ->  Bitmap Index Scan on sbtest5_pkey  (cost=0.00..34.48 rows=1004 width=0)
	              Index Cond: ((id >= 9036278) AND (id <= 9037277))

table 6 : explain SELECT c FROM sbtest6 WHERE id BETWEEN 3142756 AND 3143755 ORDER BY c
	Sort  (cost=4245.88..4248.59 rows=1084 width=121)
	  Sort Key: c
	  ->  Bitmap Heap Scan on sbtest6  (cost=35.55..4191.23 rows=1084 width=121)
	        Recheck Cond: ((id >= 3142756) AND (id <= 3143755))
	        ->  Bitmap Index Scan on sbtest6_pkey  (cost=0.00..35.28 rows=1084 width=0)
	              Index Cond: ((id >= 3142756) AND (id <= 3143755))

table 7 : explain SELECT c FROM sbtest7 WHERE id BETWEEN 2471174 AND 2472173 ORDER BY c
	Sort  (cost=3845.39..3847.83 rows=979 width=121)
	  Sort Key: c
	  ->  Bitmap Heap Scan on sbtest7  (cost=34.47..3796.75 rows=979 width=121)
	        Recheck Cond: ((id >= 2471174) AND (id <= 2472173))
	        ->  Bitmap Index Scan on sbtest7_pkey  (cost=0.00..34.23 rows=979 width=0)
	              Index Cond: ((id >= 2471174) AND (id <= 2472173))

table 8 : explain SELECT c FROM sbtest8 WHERE id BETWEEN 5144905 AND 5145904 ORDER BY c
	Sort  (cost=3446.67..3448.86 rows=876 width=121)
	  Sort Key: c
	  ->  Bitmap Heap Scan on sbtest8  (cost=29.41..3403.86 rows=876 width=121)
	        Recheck Cond: ((id >= 5144905) AND (id <= 5145904))
	        ->  Bitmap Index Scan on sbtest8_pkey  (cost=0.00..29.19 rows=876 width=0)
	              Index Cond: ((id >= 5144905) AND (id <= 5145904))

for: distinct_ranges
table 1 : explain SELECT DISTINCT c FROM sbtest1 WHERE id BETWEEN 6228628 AND 6229627 ORDER BY c
	Unique  (cost=3745.52..3750.28 rows=952 width=121)
	  ->  Sort  (cost=3745.52..3747.90 rows=952 width=121)
	        Sort Key: c
	        ->  Bitmap Heap Scan on sbtest1  (cost=34.19..3698.42 rows=952 width=121)
	              Recheck Cond: ((id >= 6228628) AND (id <= 6229627))
	              ->  Bitmap Index Scan on sbtest1_pkey  (cost=0.00..33.95 rows=952 width=0)
	                    Index Cond: ((id >= 6228628) AND (id <= 6229627))

table 2 : explain SELECT DISTINCT c FROM sbtest2 WHERE id BETWEEN 9261222 AND 9262221 ORDER BY c
	Unique  (cost=3931.43..3936.44 rows=1002 width=121)
	  ->  Sort  (cost=3931.43..3933.93 rows=1002 width=121)
	        Sort Key: c
	        ->  Bitmap Heap Scan on sbtest2  (cost=34.71..3881.48 rows=1002 width=121)
	              Recheck Cond: ((id >= 9261222) AND (id <= 9262221))
	              ->  Bitmap Index Scan on sbtest2_pkey  (cost=0.00..34.45 rows=1002 width=0)
	                    Index Cond: ((id >= 9261222) AND (id <= 9262221))

table 3 : explain SELECT DISTINCT c FROM sbtest3 WHERE id BETWEEN 4932747 AND 4933746 ORDER BY c
	Unique  (cost=3957.86..3962.91 rows=1009 width=121)
	  ->  Sort  (cost=3957.86..3960.39 rows=1009 width=121)
	        Sort Key: c
	        ->  Bitmap Heap Scan on sbtest3  (cost=34.78..3907.52 rows=1009 width=121)
	              Recheck Cond: ((id >= 4932747) AND (id <= 4933746))
	              ->  Bitmap Index Scan on sbtest3_pkey  (cost=0.00..34.53 rows=1009 width=0)
	                    Index Cond: ((id >= 4932747) AND (id <= 4933746))

table 4 : explain SELECT DISTINCT c FROM sbtest4 WHERE id BETWEEN 6627920 AND 6628919 ORDER BY c
	Unique  (cost=4051.02..4056.18 rows=1033 width=121)
	  ->  Sort  (cost=4051.02..4053.60 rows=1033 width=121)
	        Sort Key: c
	        ->  Bitmap Heap Scan on sbtest4  (cost=35.02..3999.30 rows=1033 width=121)
	              Recheck Cond: ((id >= 6627920) AND (id <= 6628919))
	              ->  Bitmap Index Scan on sbtest4_pkey  (cost=0.00..34.77 rows=1033 width=0)
	                    Index Cond: ((id >= 6627920) AND (id <= 6628919))

table 5 : explain SELECT DISTINCT c FROM sbtest5 WHERE id BETWEEN 1403114 AND 1404113 ORDER BY c
	Unique  (cost=3769.14..3773.94 rows=959 width=121)
	  ->  Sort  (cost=3769.14..3771.54 rows=959 width=121)
	        Sort Key: c
	        ->  Bitmap Heap Scan on sbtest5  (cost=34.26..3721.64 rows=959 width=121)
	              Recheck Cond: ((id >= 1403114) AND (id <= 1404113))
	              ->  Bitmap Index Scan on sbtest5_pkey  (cost=0.00..34.03 rows=959 width=0)
	                    Index Cond: ((id >= 1403114) AND (id <= 1404113))

table 6 : explain SELECT DISTINCT c FROM sbtest6 WHERE id BETWEEN 7208089 AND 7209088 ORDER BY c
	Unique  (cost=3932.56..3937.57 rows=1002 width=121)
	  ->  Sort  (cost=3932.56..3935.06 rows=1002 width=121)
	        Sort Key: c
	        ->  Bitmap Heap Scan on sbtest6  (cost=34.71..3882.61 rows=1002 width=121)
	              Recheck Cond: ((id >= 7208089) AND (id <= 7209088))
	              ->  Bitmap Index Scan on sbtest6_pkey  (cost=0.00..34.45 rows=1002 width=0)
	                    Index Cond: ((id >= 7208089) AND (id <= 7209088))

table 7 : explain SELECT DISTINCT c FROM sbtest7 WHERE id BETWEEN 2312124 AND 2313123 ORDER BY c
	Unique  (cost=4197.24..4202.59 rows=1071 width=121)
	  ->  Sort  (cost=4197.24..4199.91 rows=1071 width=121)
	        Sort Key: c
	        ->  Bitmap Heap Scan on sbtest7  (cost=35.41..4143.34 rows=1071 width=121)
	              Recheck Cond: ((id >= 2312124) AND (id <= 2313123))
	              ->  Bitmap Index Scan on sbtest7_pkey  (cost=0.00..35.15 rows=1071 width=0)
	                    Index Cond: ((id >= 2312124) AND (id <= 2313123))

table 8 : explain SELECT DISTINCT c FROM sbtest8 WHERE id BETWEEN 6500718 AND 6501717 ORDER BY c
	Unique  (cost=4021.99..4027.11 rows=1025 width=121)
	  ->  Sort  (cost=4021.99..4024.55 rows=1025 width=121)
	        Sort Key: c
	        ->  Bitmap Heap Scan on sbtest8  (cost=34.94..3970.73 rows=1025 width=121)
	              Recheck Cond: ((id >= 6500718) AND (id <= 6501717))
	              ->  Bitmap Index Scan on sbtest8_pkey  (cost=0.00..34.69 rows=1025 width=0)
	                    Index Cond: ((id >= 6500718) AND (id <= 6501717))

for: order_ranges
table 1 : explain SELECT c FROM sbtest1 WHERE id BETWEEN 3075724 AND 3076723 ORDER BY c
	Sort  (cost=3534.04..3536.29 rows=898 width=121)
	  Sort Key: c
	  ->  Bitmap Heap Scan on sbtest1  (cost=29.64..3489.99 rows=898 width=121)
	        Recheck Cond: ((id >= 3075724) AND (id <= 3076723))
	        ->  Bitmap Index Scan on sbtest1_pkey  (cost=0.00..29.41 rows=898 width=0)
	              Index Cond: ((id >= 3075724) AND (id <= 3076723))

table 2 : explain SELECT c FROM sbtest2 WHERE id BETWEEN 4747251 AND 4748250 ORDER BY c
	Sort  (cost=4153.03..4155.68 rows=1060 width=121)
	  Sort Key: c
	  ->  Bitmap Heap Scan on sbtest2  (cost=35.30..4099.76 rows=1060 width=121)
	        Recheck Cond: ((id >= 4747251) AND (id <= 4748250))
	        ->  Bitmap Index Scan on sbtest2_pkey  (cost=0.00..35.04 rows=1060 width=0)
	              Index Cond: ((id >= 4747251) AND (id <= 4748250))

table 3 : explain SELECT c FROM sbtest3 WHERE id BETWEEN 6755640 AND 6756639 ORDER BY c
	Sort  (cost=4206.10..4208.78 rows=1074 width=121)
	  Sort Key: c
	  ->  Bitmap Heap Scan on sbtest3  (cost=35.44..4152.03 rows=1074 width=121)
	        Recheck Cond: ((id >= 6755640) AND (id <= 6756639))
	        ->  Bitmap Index Scan on sbtest3_pkey  (cost=0.00..35.18 rows=1074 width=0)
	              Index Cond: ((id >= 6755640) AND (id <= 6756639))

table 4 : explain SELECT c FROM sbtest4 WHERE id BETWEEN 1629874 AND 1630873 ORDER BY c
	Sort  (cost=3721.88..3724.24 rows=947 width=121)
	  Sort Key: c
	  ->  Bitmap Heap Scan on sbtest4  (cost=34.14..3675.06 rows=947 width=121)
	        Recheck Cond: ((id >= 1629874) AND (id <= 1630873))
	        ->  Bitmap Index Scan on sbtest4_pkey  (cost=0.00..33.91 rows=947 width=0)
	              Index Cond: ((id >= 1629874) AND (id <= 1630873))

table 5 : explain SELECT c FROM sbtest5 WHERE id BETWEEN 6977101 AND 6978100 ORDER BY c
	Sort  (cost=3876.42..3878.89 rows=987 width=121)
	  Sort Key: c
	  ->  Bitmap Heap Scan on sbtest5  (cost=34.55..3827.33 rows=987 width=121)
	        Recheck Cond: ((id >= 6977101) AND (id <= 6978100))
	        ->  Bitmap Index Scan on sbtest5_pkey  (cost=0.00..34.31 rows=987 width=0)
	              Index Cond: ((id >= 6977101) AND (id <= 6978100))

table 6 : explain SELECT c FROM sbtest6 WHERE id BETWEEN 5943155 AND 5944154 ORDER BY c
	Sort  (cost=3913.43..3915.92 rows=997 width=121)
	  Sort Key: c
	  ->  Bitmap Heap Scan on sbtest6  (cost=34.65..3863.77 rows=997 width=121)
	        Recheck Cond: ((id >= 5943155) AND (id <= 5944154))
	        ->  Bitmap Index Scan on sbtest6_pkey  (cost=0.00..34.41 rows=997 width=0)
	              Index Cond: ((id >= 5943155) AND (id <= 5944154))

table 7 : explain SELECT c FROM sbtest7 WHERE id BETWEEN 1611800 AND 1612799 ORDER BY c
	Sort  (cost=4025.26..4027.83 rows=1026 width=121)
	  Sort Key: c
	  ->  Bitmap Heap Scan on sbtest7  (cost=34.95..3973.95 rows=1026 width=121)
	        Recheck Cond: ((id >= 1611800) AND (id <= 1612799))
	        ->  Bitmap Index Scan on sbtest7_pkey  (cost=0.00..34.70 rows=1026 width=0)
	              Index Cond: ((id >= 1611800) AND (id <= 1612799))

table 8 : explain SELECT c FROM sbtest8 WHERE id BETWEEN 9839717 AND 9840716 ORDER BY c
	Sort  (cost=4106.11..4108.73 rows=1047 width=121)
	  Sort Key: c
	  ->  Bitmap Heap Scan on sbtest8  (cost=35.17..4053.60 rows=1047 width=121)
	        Recheck Cond: ((id >= 9839717) AND (id <= 9840716))
	        ->  Bitmap Index Scan on sbtest8_pkey  (cost=0.00..34.91 rows=1047 width=0)
	              Index Cond: ((id >= 9839717) AND (id <= 9840716))

for: order_ranges
table 1 : explain SELECT c FROM sbtest1 WHERE id BETWEEN 8226097 AND 8227096 ORDER BY c
	Sort  (cost=4113.52..4116.14 rows=1048 width=121)
	  Sort Key: c
	  ->  Bitmap Heap Scan on sbtest1  (cost=35.18..4060.94 rows=1048 width=121)
	        Recheck Cond: ((id >= 8226097) AND (id <= 8227096))
	        ->  Bitmap Index Scan on sbtest1_pkey  (cost=0.00..34.92 rows=1048 width=0)
	              Index Cond: ((id >= 8226097) AND (id <= 8227096))

table 2 : explain SELECT c FROM sbtest2 WHERE id BETWEEN 3681529 AND 3682528 ORDER BY c
	Sort  (cost=3847.26..3849.71 rows=980 width=121)
	  Sort Key: c
	  ->  Bitmap Heap Scan on sbtest2  (cost=34.48..3798.58 rows=980 width=121)
	        Recheck Cond: ((id >= 3681529) AND (id <= 3682528))
	        ->  Bitmap Index Scan on sbtest2_pkey  (cost=0.00..34.23 rows=980 width=0)
	              Index Cond: ((id >= 3681529) AND (id <= 3682528))

table 3 : explain SELECT c FROM sbtest3 WHERE id BETWEEN 5000804 AND 5001803 ORDER BY c
	Sort  (cost=4373.93..4376.73 rows=1119 width=121)
	  Sort Key: c
	  ->  Bitmap Heap Scan on sbtest3  (cost=35.90..4317.26 rows=1119 width=121)
	        Recheck Cond: ((id >= 5000804) AND (id <= 5001803))
	        ->  Bitmap Index Scan on sbtest3_pkey  (cost=0.00..35.62 rows=1119 width=0)
	              Index Cond: ((id >= 5000804) AND (id <= 5001803))

table 4 : explain SELECT c FROM sbtest4 WHERE id BETWEEN 2669324 AND 2670323 ORDER BY c
	Sort  (cost=3924.83..3927.33 rows=1000 width=121)
	  Sort Key: c
	  ->  Bitmap Heap Scan on sbtest4  (cost=34.69..3875.00 rows=1000 width=121)
	        Recheck Cond: ((id >= 2669324) AND (id <= 2670323))
	        ->  Bitmap Index Scan on sbtest4_pkey  (cost=0.00..34.44 rows=1000 width=0)
	              Index Cond: ((id >= 2669324) AND (id <= 2670323))

table 5 : explain SELECT c FROM sbtest5 WHERE id BETWEEN 9067768 AND 9068767 ORDER BY c
	Sort  (cost=3941.50..3944.01 rows=1004 width=121)
	  Sort Key: c
	  ->  Bitmap Heap Scan on sbtest5  (cost=34.73..3891.45 rows=1004 width=121)
	        Recheck Cond: ((id >= 9067768) AND (id <= 9068767))
	        ->  Bitmap Index Scan on sbtest5_pkey  (cost=0.00..34.48 rows=1004 width=0)
	              Index Cond: ((id >= 9067768) AND (id <= 9068767))

table 6 : explain SELECT c FROM sbtest6 WHERE id BETWEEN 9639444 AND 9640443 ORDER BY c
	Sort  (cost=4116.06..4118.69 rows=1050 width=121)
	  Sort Key: c
	  ->  Bitmap Heap Scan on sbtest6  (cost=35.20..4063.37 rows=1050 width=121)
	        Recheck Cond: ((id >= 9639444) AND (id <= 9640443))
	        ->  Bitmap Index Scan on sbtest6_pkey  (cost=0.00..34.94 rows=1050 width=0)
	              Index Cond: ((id >= 9639444) AND (id <= 9640443))

table 7 : explain SELECT c FROM sbtest7 WHERE id BETWEEN 3167953 AND 3168952 ORDER BY c
	Sort  (cost=3876.02..3878.49 rows=987 width=121)
	  Sort Key: c
	  ->  Bitmap Heap Scan on sbtest7  (cost=34.55..3826.93 rows=987 width=121)
	        Recheck Cond: ((id >= 3167953) AND (id <= 3168952))
	        ->  Bitmap Index Scan on sbtest7_pkey  (cost=0.00..34.31 rows=987 width=0)
	              Index Cond: ((id >= 3167953) AND (id <= 3168952))

table 8 : explain SELECT c FROM sbtest8 WHERE id BETWEEN 915433 AND 916432 ORDER BY c
	Sort  (cost=3972.25..3974.78 rows=1012 width=121)
	  Sort Key: c
	  ->  Bitmap Heap Scan on sbtest8  (cost=34.81..3921.73 rows=1012 width=121)
	        Recheck Cond: ((id >= 915433) AND (id <= 916432))
	        ->  Bitmap Index Scan on sbtest8_pkey  (cost=0.00..34.56 rows=1012 width=0)
	              Index Cond: ((id >= 915433) AND (id <= 916432))

for: distinct_ranges
table 1 : explain SELECT DISTINCT c FROM sbtest1 WHERE id BETWEEN 5174389 AND 5175388 ORDER BY c
	Unique  (cost=3937.32..3942.33 rows=1002 width=121)
	  ->  Sort  (cost=3937.32..3939.83 rows=1002 width=121)
	        Sort Key: c
	        ->  Bitmap Heap Scan on sbtest1  (cost=34.71..3887.38 rows=1002 width=121)
	              Recheck Cond: ((id >= 5174389) AND (id <= 5175388))
	              ->  Bitmap Index Scan on sbtest1_pkey  (cost=0.00..34.45 rows=1002 width=0)
	                    Index Cond: ((id >= 5174389) AND (id <= 5175388))

table 2 : explain SELECT DISTINCT c FROM sbtest2 WHERE id BETWEEN 1609708 AND 1610707 ORDER BY c
	Unique  (cost=3835.78..3840.67 rows=977 width=121)
	  ->  Sort  (cost=3835.78..3838.23 rows=977 width=121)
	        Sort Key: c
	        ->  Bitmap Heap Scan on sbtest2  (cost=34.45..3787.26 rows=977 width=121)
	              Recheck Cond: ((id >= 1609708) AND (id <= 1610707))
	              ->  Bitmap Index Scan on sbtest2_pkey  (cost=0.00..34.20 rows=977 width=0)
	                    Index Cond: ((id >= 1609708) AND (id <= 1610707))

table 3 : explain SELECT DISTINCT c FROM sbtest3 WHERE id BETWEEN 4261176 AND 4262175 ORDER BY c
	Unique  (cost=3965.51..3970.57 rows=1011 width=121)
	  ->  Sort  (cost=3965.51..3968.04 rows=1011 width=121)
	        Sort Key: c
	        ->  Bitmap Heap Scan on sbtest3  (cost=34.80..3915.05 rows=1011 width=121)
	              Recheck Cond: ((id >= 4261176) AND (id <= 4262175))
	              ->  Bitmap Index Scan on sbtest3_pkey  (cost=0.00..34.55 rows=1011 width=0)
	                    Index Cond: ((id >= 4261176) AND (id <= 4262175))

table 4 : explain SELECT DISTINCT c FROM sbtest4 WHERE id BETWEEN 1184270 AND 1185269 ORDER BY c
	Unique  (cost=4051.02..4056.18 rows=1033 width=121)
	  ->  Sort  (cost=4051.02..4053.60 rows=1033 width=121)
	        Sort Key: c
	        ->  Bitmap Heap Scan on sbtest4  (cost=35.02..3999.30 rows=1033 width=121)
	              Recheck Cond: ((id >= 1184270) AND (id <= 1185269))
	              ->  Bitmap Index Scan on sbtest4_pkey  (cost=0.00..34.77 rows=1033 width=0)
	                    Index Cond: ((id >= 1184270) AND (id <= 1185269))

table 5 : explain SELECT DISTINCT c FROM sbtest5 WHERE id BETWEEN 682962 AND 683961 ORDER BY c
	Unique  (cost=4094.51..4099.73 rows=1044 width=121)
	  ->  Sort  (cost=4094.51..4097.12 rows=1044 width=121)
	        Sort Key: c
	        ->  Bitmap Heap Scan on sbtest5  (cost=35.14..4042.17 rows=1044 width=121)
	              Recheck Cond: ((id >= 682962) AND (id <= 683961))
	              ->  Bitmap Index Scan on sbtest5_pkey  (cost=0.00..34.88 rows=1044 width=0)
	                    Index Cond: ((id >= 682962) AND (id <= 683961))

table 6 : explain SELECT DISTINCT c FROM sbtest6 WHERE id BETWEEN 1709924 AND 1710923 ORDER BY c
	Unique  (cost=4096.96..4102.18 rows=1045 width=121)
	  ->  Sort  (cost=4096.96..4099.57 rows=1045 width=121)
	        Sort Key: c
	        ->  Bitmap Heap Scan on sbtest6  (cost=35.15..4044.56 rows=1045 width=121)
	              Recheck Cond: ((id >= 1709924) AND (id <= 1710923))
	              ->  Bitmap Index Scan on sbtest6_pkey  (cost=0.00..34.89 rows=1045 width=0)
	                    Index Cond: ((id >= 1709924) AND (id <= 1710923))

table 7 : explain SELECT DISTINCT c FROM sbtest7 WHERE id BETWEEN 2775901 AND 2776900 ORDER BY c
	Unique  (cost=3676.58..3681.26 rows=936 width=121)
	  ->  Sort  (cost=3676.58..3678.92 rows=936 width=121)
	        Sort Key: c
	        ->  Bitmap Heap Scan on sbtest7  (cost=30.03..3630.39 rows=936 width=121)
	              Recheck Cond: ((id >= 2775901) AND (id <= 2776900))
	              ->  Bitmap Index Scan on sbtest7_pkey  (cost=0.00..29.79 rows=936 width=0)
	                    Index Cond: ((id >= 2775901) AND (id <= 2776900))

table 8 : explain SELECT DISTINCT c FROM sbtest8 WHERE id BETWEEN 7069108 AND 7070107 ORDER BY c
	Unique  (cost=3922.49..3927.48 rows=999 width=121)
	  ->  Sort  (cost=3922.49..3924.99 rows=999 width=121)
	        Sort Key: c
	        ->  Bitmap Heap Scan on sbtest8  (cost=34.67..3872.72 rows=999 width=121)
	              Recheck Cond: ((id >= 7069108) AND (id <= 7070107))
	              ->  Bitmap Index Scan on sbtest8_pkey  (cost=0.00..34.43 rows=999 width=0)
	                    Index Cond: ((id >= 7069108) AND (id <= 7070107))

for: distinct_ranges
table 1 : explain SELECT DISTINCT c FROM sbtest1 WHERE id BETWEEN 3568849 AND 3569848 ORDER BY c
	Unique  (cost=3806.93..3811.77 rows=968 width=121)
	  ->  Sort  (cost=3806.93..3809.35 rows=968 width=121)
	        Sort Key: c
	        ->  Bitmap Heap Scan on sbtest1  (cost=34.36..3758.92 rows=968 width=121)
	              Recheck Cond: ((id >= 3568849) AND (id <= 3569848))
	              ->  Bitmap Index Scan on sbtest1_pkey  (cost=0.00..34.12 rows=968 width=0)
	                    Index Cond: ((id >= 3568849) AND (id <= 3569848))

table 2 : explain SELECT DISTINCT c FROM sbtest2 WHERE id BETWEEN 9549290 AND 9550289 ORDER BY c
	Unique  (cost=4133.94..4139.21 rows=1055 width=121)
	  ->  Sort  (cost=4133.94..4136.58 rows=1055 width=121)
	        Sort Key: c
	        ->  Bitmap Heap Scan on sbtest2  (cost=35.25..4080.96 rows=1055 width=121)
	              Recheck Cond: ((id >= 9549290) AND (id <= 9550289))
	              ->  Bitmap Index Scan on sbtest2_pkey  (cost=0.00..34.98 rows=1055 width=0)
	                    Index Cond: ((id >= 9549290) AND (id <= 9550289))

table 3 : explain SELECT DISTINCT c FROM sbtest3 WHERE id BETWEEN 1215321 AND 1216320 ORDER BY c
	Unique  (cost=4347.26..4352.82 rows=1112 width=121)
	  ->  Sort  (cost=4347.26..4350.04 rows=1112 width=121)
	        Sort Key: c
	        ->  Bitmap Heap Scan on sbtest3  (cost=35.83..4290.99 rows=1112 width=121)
	              Recheck Cond: ((id >= 1215321) AND (id <= 1216320))
	              ->  Bitmap Index Scan on sbtest3_pkey  (cost=0.00..35.56 rows=1112 width=0)
	                    Index Cond: ((id >= 1215321) AND (id <= 1216320))

table 4 : explain SELECT DISTINCT c FROM sbtest4 WHERE id BETWEEN 8421325 AND 8422324 ORDER BY c
	Unique  (cost=4112.16..4117.40 rows=1049 width=121)
	  ->  Sort  (cost=4112.16..4114.78 rows=1049 width=121)
	        Sort Key: c
	        ->  Bitmap Heap Scan on sbtest4  (cost=35.19..4059.52 rows=1049 width=121)
	              Recheck Cond: ((id >= 8421325) AND (id <= 8422324))
	              ->  Bitmap Index Scan on sbtest4_pkey  (cost=0.00..34.93 rows=1049 width=0)
	                    Index Cond: ((id >= 8421325) AND (id <= 8422324))

table 5 : explain SELECT DISTINCT c FROM sbtest5 WHERE id BETWEEN 6217674 AND 6218673 ORDER BY c
	Unique  (cost=4105.98..4111.21 rows=1047 width=121)
	  ->  Sort  (cost=4105.98..4108.60 rows=1047 width=121)
	        Sort Key: c
	        ->  Bitmap Heap Scan on sbtest5  (cost=35.17..4053.46 rows=1047 width=121)
	              Recheck Cond: ((id >= 6217674) AND (id <= 6218673))
	              ->  Bitmap Index Scan on sbtest5_pkey  (cost=0.00..34.91 rows=1047 width=0)
	                    Index Cond: ((id >= 6217674) AND (id <= 6218673))

table 6 : explain SELECT DISTINCT c FROM sbtest6 WHERE id BETWEEN 734293 AND 735292 ORDER BY c
	Unique  (cost=3867.50..3872.42 rows=985 width=121)
	  ->  Sort  (cost=3867.50..3869.96 rows=985 width=121)
	        Sort Key: c
	        ->  Bitmap Heap Scan on sbtest6  (cost=34.53..3818.53 rows=985 width=121)
	              Recheck Cond: ((id >= 734293) AND (id <= 735292))
	              ->  Bitmap Index Scan on sbtest6_pkey  (cost=0.00..34.29 rows=985 width=0)
	                    Index Cond: ((id >= 734293) AND (id <= 735292))

table 7 : explain SELECT DISTINCT c FROM sbtest7 WHERE id BETWEEN 4165051 AND 4166050 ORDER BY c
	Unique  (cost=3803.25..3808.09 rows=968 width=121)
	  ->  Sort  (cost=3803.25..3805.67 rows=968 width=121)
	        Sort Key: c
	        ->  Bitmap Heap Scan on sbtest7  (cost=34.36..3755.24 rows=968 width=121)
	              Recheck Cond: ((id >= 4165051) AND (id <= 4166050))
	              ->  Bitmap Index Scan on sbtest7_pkey  (cost=0.00..34.12 rows=968 width=0)
	                    Index Cond: ((id >= 4165051) AND (id <= 4166050))

table 8 : explain SELECT DISTINCT c FROM sbtest8 WHERE id BETWEEN 3687610 AND 3688609 ORDER BY c
	Unique  (cost=3907.17..3912.15 rows=995 width=121)
	  ->  Sort  (cost=3907.17..3909.66 rows=995 width=121)
	        Sort Key: c
	        ->  Bitmap Heap Scan on sbtest8  (cost=34.63..3857.63 rows=995 width=121)
	              Recheck Cond: ((id >= 3687610) AND (id <= 3688609))
	              ->  Bitmap Index Scan on sbtest8_pkey  (cost=0.00..34.39 rows=995 width=0)
	                    Index Cond: ((id >= 3687610) AND (id <= 3688609))

Threads started!

Warming up for 5 seconds...

SQL statistics:
    queries performed:
        read:                            93300146
        write:                           0
        other:                           16963688
        total:                           110263834
    transactions:                        8481864 (13463.06 per sec.)
    queries:                             110263834 (175019.10 per sec.)
    ignored errors:                      0      (0.00 per sec.)
    reconnects:                          0      (0.00 per sec.)

Throughput:
    events/s (eps):                      13463.0564
    time elapsed:                        630.0104s
    total number of events:              8481864

Latency (ms):
         min:                                    0.55
         avg:                                    2.97
         max:                                   26.69
         95th percentile:                        3.07
         sum:                             25190325.73

Threads fairness:
    events (avg/stddev):           212046.4750/790.15
    execution time (avg/stddev):   629.7581/0.01

