LUA_PATH=/home/mdcallag/git/mytools/bench/sysbench.lua/lua/?.lua /home/mdcallag/git/mytools/bench/sysbench.lua/lua/sysbench --db-driver=pgsql --range-size=10 --table-size=10000000 --tables=8 --threads=40 --events=0 --warmup-time=5 --time=630 --pgsql_conn_id=true /home/mdcallag/git/mytools/bench/sysbench.lua/lua/oltp_inlist_select.lua run --pgsql-user=root --pgsql-password=pw --pgsql-host=127.0.0.1 --pgsql-db=ib --rand-type=uniform --random-points=10 --skip-trx
48 CPUs
sysbench 1.1.0-9072687 (using bundled LuaJIT 2.1.0-beta3)

Running the test with following options:
Number of threads: 40
Warmup time: 5s
Initializing random number generator from current time


Initializing worker threads...

explain: for select-inlist :: explain SELECT c FROM sbtest%d WHERE id IN ( 3684806, 3985642, 8283975, 7385536, 3397400, 8032551, 6694145, 3949180, 7423766, 168474)
explain: for select-inlist :: explain SELECT c FROM sbtest%d WHERE id IN ( 8057369, 7049845, 183914, 8526718, 9954319, 197687, 6255653, 8194413, 457753, 3110529)
explain: for select-inlist :: explain SELECT c FROM sbtest%d WHERE id IN ( 9610789, 5750744, 1976701, 4251539, 4151681, 153201, 8948837, 3591694, 2447010, 3033112)
explain: for select-inlist :: explain SELECT c FROM sbtest%d WHERE id IN ( 9475198, 4417201, 6937374, 5956859, 325740, 7346845, 6947993, 5709426, 9683240, 4072276)
explain: for select-inlist :: explain SELECT c FROM sbtest%d WHERE id IN ( 4853368, 7609780, 4822433, 9868172, 1851153, 6394870, 2633514, 275741, 523177, 3333926)
for select-inlist
table 1 : explain SELECT c FROM sbtest1 WHERE id IN ( 3684806, 3985642, 8283975, 7385536, 3397400, 8032551, 6694145, 3949180, 7423766, 168474)
	Index Scan using sbtest1_pkey on sbtest1  (cost=0.43..83.66 rows=10 width=121)
	  Index Cond: (id = ANY ('{3684806,3985642,8283975,7385536,3397400,8032551,6694145,3949180,7423766,168474}'::integer[]))

table 2 : explain SELECT c FROM sbtest2 WHERE id IN ( 3684806, 3985642, 8283975, 7385536, 3397400, 8032551, 6694145, 3949180, 7423766, 168474)
	Index Scan using sbtest2_pkey on sbtest2  (cost=0.43..83.56 rows=10 width=121)
	  Index Cond: (id = ANY ('{3684806,3985642,8283975,7385536,3397400,8032551,6694145,3949180,7423766,168474}'::integer[]))

table 3 : explain SELECT c FROM sbtest3 WHERE id IN ( 3684806, 3985642, 8283975, 7385536, 3397400, 8032551, 6694145, 3949180, 7423766, 168474)
	Index Scan using sbtest3_pkey on sbtest3  (cost=0.43..83.67 rows=10 width=121)
	  Index Cond: (id = ANY ('{3684806,3985642,8283975,7385536,3397400,8032551,6694145,3949180,7423766,168474}'::integer[]))

table 4 : explain SELECT c FROM sbtest4 WHERE id IN ( 3684806, 3985642, 8283975, 7385536, 3397400, 8032551, 6694145, 3949180, 7423766, 168474)
	Index Scan using sbtest4_pkey on sbtest4  (cost=0.43..83.51 rows=10 width=121)
	  Index Cond: (id = ANY ('{3684806,3985642,8283975,7385536,3397400,8032551,6694145,3949180,7423766,168474}'::integer[]))

table 5 : explain SELECT c FROM sbtest5 WHERE id IN ( 3684806, 3985642, 8283975, 7385536, 3397400, 8032551, 6694145, 3949180, 7423766, 168474)
	Index Scan using sbtest5_pkey on sbtest5  (cost=0.43..83.57 rows=10 width=121)
	  Index Cond: (id = ANY ('{3684806,3985642,8283975,7385536,3397400,8032551,6694145,3949180,7423766,168474}'::integer[]))

table 6 : explain SELECT c FROM sbtest6 WHERE id IN ( 3684806, 3985642, 8283975, 7385536, 3397400, 8032551, 6694145, 3949180, 7423766, 168474)
	Index Scan using sbtest6_pkey on sbtest6  (cost=0.43..83.64 rows=10 width=121)
	  Index Cond: (id = ANY ('{3684806,3985642,8283975,7385536,3397400,8032551,6694145,3949180,7423766,168474}'::integer[]))

table 7 : explain SELECT c FROM sbtest7 WHERE id IN ( 3684806, 3985642, 8283975, 7385536, 3397400, 8032551, 6694145, 3949180, 7423766, 168474)
	Index Scan using sbtest7_pkey on sbtest7  (cost=0.43..83.57 rows=10 width=121)
	  Index Cond: (id = ANY ('{3684806,3985642,8283975,7385536,3397400,8032551,6694145,3949180,7423766,168474}'::integer[]))

table 8 : explain SELECT c FROM sbtest8 WHERE id IN ( 3684806, 3985642, 8283975, 7385536, 3397400, 8032551, 6694145, 3949180, 7423766, 168474)
	Index Scan using sbtest8_pkey on sbtest8  (cost=0.43..83.59 rows=10 width=121)
	  Index Cond: (id = ANY ('{3684806,3985642,8283975,7385536,3397400,8032551,6694145,3949180,7423766,168474}'::integer[]))

for select-inlist
table 1 : explain SELECT c FROM sbtest1 WHERE id IN ( 8057369, 7049845, 183914, 8526718, 9954319, 197687, 6255653, 8194413, 457753, 3110529)
	Index Scan using sbtest1_pkey on sbtest1  (cost=0.43..83.66 rows=10 width=121)
	  Index Cond: (id = ANY ('{8057369,7049845,183914,8526718,9954319,197687,6255653,8194413,457753,3110529}'::integer[]))

table 2 : explain SELECT c FROM sbtest2 WHERE id IN ( 8057369, 7049845, 183914, 8526718, 9954319, 197687, 6255653, 8194413, 457753, 3110529)
	Index Scan using sbtest2_pkey on sbtest2  (cost=0.43..83.56 rows=10 width=121)
	  Index Cond: (id = ANY ('{8057369,7049845,183914,8526718,9954319,197687,6255653,8194413,457753,3110529}'::integer[]))

table 3 : explain SELECT c FROM sbtest3 WHERE id IN ( 8057369, 7049845, 183914, 8526718, 9954319, 197687, 6255653, 8194413, 457753, 3110529)
	Index Scan using sbtest3_pkey on sbtest3  (cost=0.43..83.67 rows=10 width=121)
	  Index Cond: (id = ANY ('{8057369,7049845,183914,8526718,9954319,197687,6255653,8194413,457753,3110529}'::integer[]))

table 4 : explain SELECT c FROM sbtest4 WHERE id IN ( 8057369, 7049845, 183914, 8526718, 9954319, 197687, 6255653, 8194413, 457753, 3110529)
	Index Scan using sbtest4_pkey on sbtest4  (cost=0.43..83.51 rows=10 width=121)
	  Index Cond: (id = ANY ('{8057369,7049845,183914,8526718,9954319,197687,6255653,8194413,457753,3110529}'::integer[]))

table 5 : explain SELECT c FROM sbtest5 WHERE id IN ( 8057369, 7049845, 183914, 8526718, 9954319, 197687, 6255653, 8194413, 457753, 3110529)
	Index Scan using sbtest5_pkey on sbtest5  (cost=0.43..83.57 rows=10 width=121)
	  Index Cond: (id = ANY ('{8057369,7049845,183914,8526718,9954319,197687,6255653,8194413,457753,3110529}'::integer[]))

table 6 : explain SELECT c FROM sbtest6 WHERE id IN ( 8057369, 7049845, 183914, 8526718, 9954319, 197687, 6255653, 8194413, 457753, 3110529)
	Index Scan using sbtest6_pkey on sbtest6  (cost=0.43..83.64 rows=10 width=121)
	  Index Cond: (id = ANY ('{8057369,7049845,183914,8526718,9954319,197687,6255653,8194413,457753,3110529}'::integer[]))

table 7 : explain SELECT c FROM sbtest7 WHERE id IN ( 8057369, 7049845, 183914, 8526718, 9954319, 197687, 6255653, 8194413, 457753, 3110529)
	Index Scan using sbtest7_pkey on sbtest7  (cost=0.43..83.57 rows=10 width=121)
	  Index Cond: (id = ANY ('{8057369,7049845,183914,8526718,9954319,197687,6255653,8194413,457753,3110529}'::integer[]))

table 8 : explain SELECT c FROM sbtest8 WHERE id IN ( 8057369, 7049845, 183914, 8526718, 9954319, 197687, 6255653, 8194413, 457753, 3110529)
	Index Scan using sbtest8_pkey on sbtest8  (cost=0.43..83.59 rows=10 width=121)
	  Index Cond: (id = ANY ('{8057369,7049845,183914,8526718,9954319,197687,6255653,8194413,457753,3110529}'::integer[]))

explain: for select-inlist :: explain SELECT c FROM sbtest%d WHERE id IN ( 2991487, 1558813, 7911432, 726331, 9066710, 1891853, 8325297, 5309437, 7409073, 8642009)
for select-inlist
table 1 : explain SELECT c FROM sbtest1 WHERE id IN ( 9475198, 4417201, 6937374, 5956859, 325740, 7346845, 6947993, 5709426, 9683240, 4072276)
	Index Scan using sbtest1_pkey on sbtest1  (cost=0.43..83.66 rows=10 width=121)
	  Index Cond: (id = ANY ('{9475198,4417201,6937374,5956859,325740,7346845,6947993,5709426,9683240,4072276}'::integer[]))

table 2 : explain SELECT c FROM sbtest2 WHERE id IN ( 9475198, 4417201, 6937374, 5956859, 325740, 7346845, 6947993, 5709426, 9683240, 4072276)
	Index Scan using sbtest2_pkey on sbtest2  (cost=0.43..83.56 rows=10 width=121)
	  Index Cond: (id = ANY ('{9475198,4417201,6937374,5956859,325740,7346845,6947993,5709426,9683240,4072276}'::integer[]))

table 3 : explain SELECT c FROM sbtest3 WHERE id IN ( 9475198, 4417201, 6937374, 5956859, 325740, 7346845, 6947993, 5709426, 9683240, 4072276)
	Index Scan using sbtest3_pkey on sbtest3  (cost=0.43..83.67 rows=10 width=121)
	  Index Cond: (id = ANY ('{9475198,4417201,6937374,5956859,325740,7346845,6947993,5709426,9683240,4072276}'::integer[]))

table 4 : explain SELECT c FROM sbtest4 WHERE id IN ( 9475198, 4417201, 6937374, 5956859, 325740, 7346845, 6947993, 5709426, 9683240, 4072276)
	Index Scan using sbtest4_pkey on sbtest4  (cost=0.43..83.51 rows=10 width=121)
	  Index Cond: (id = ANY ('{9475198,4417201,6937374,5956859,325740,7346845,6947993,5709426,9683240,4072276}'::integer[]))

table 5 : explain SELECT c FROM sbtest5 WHERE id IN ( 9475198, 4417201, 6937374, 5956859, 325740, 7346845, 6947993, 5709426, 9683240, 4072276)
	Index Scan using sbtest5_pkey on sbtest5  (cost=0.43..83.57 rows=10 width=121)
	  Index Cond: (id = ANY ('{9475198,4417201,6937374,5956859,325740,7346845,6947993,5709426,9683240,4072276}'::integer[]))

table 6 : explain SELECT c FROM sbtest6 WHERE id IN ( 9475198, 4417201, 6937374, 5956859, 325740, 7346845, 6947993, 5709426, 9683240, 4072276)
	Index Scan using sbtest6_pkey on sbtest6  (cost=0.43..83.64 rows=10 width=121)
	  Index Cond: (id = ANY ('{9475198,4417201,6937374,5956859,325740,7346845,6947993,5709426,9683240,4072276}'::integer[]))

table 7 : explain SELECT c FROM sbtest7 WHERE id IN ( 9475198, 4417201, 6937374, 5956859, 325740, 7346845, 6947993, 5709426, 9683240, 4072276)
	Index Scan using sbtest7_pkey on sbtest7  (cost=0.43..83.57 rows=10 width=121)
	  Index Cond: (id = ANY ('{9475198,4417201,6937374,5956859,325740,7346845,6947993,5709426,9683240,4072276}'::integer[]))

table 8 : explain SELECT c FROM sbtest8 WHERE id IN ( 9475198, 4417201, 6937374, 5956859, 325740, 7346845, 6947993, 5709426, 9683240, 4072276)
	Index Scan using sbtest8_pkey on sbtest8  (cost=0.43..83.59 rows=10 width=121)
	  Index Cond: (id = ANY ('{9475198,4417201,6937374,5956859,325740,7346845,6947993,5709426,9683240,4072276}'::integer[]))

for select-inlist
table 1 : explain SELECT c FROM sbtest1 WHERE id IN ( 4853368, 7609780, 4822433, 9868172, 1851153, 6394870, 2633514, 275741, 523177, 3333926)
	Index Scan using sbtest1_pkey on sbtest1  (cost=0.43..83.66 rows=10 width=121)
	  Index Cond: (id = ANY ('{4853368,7609780,4822433,9868172,1851153,6394870,2633514,275741,523177,3333926}'::integer[]))

table 2 : explain SELECT c FROM sbtest2 WHERE id IN ( 4853368, 7609780, 4822433, 9868172, 1851153, 6394870, 2633514, 275741, 523177, 3333926)
	Index Scan using sbtest2_pkey on sbtest2  (cost=0.43..83.56 rows=10 width=121)
	  Index Cond: (id = ANY ('{4853368,7609780,4822433,9868172,1851153,6394870,2633514,275741,523177,3333926}'::integer[]))

table 3 : explain SELECT c FROM sbtest3 WHERE id IN ( 4853368, 7609780, 4822433, 9868172, 1851153, 6394870, 2633514, 275741, 523177, 3333926)
	Index Scan using sbtest3_pkey on sbtest3  (cost=0.43..83.67 rows=10 width=121)
	  Index Cond: (id = ANY ('{4853368,7609780,4822433,9868172,1851153,6394870,2633514,275741,523177,3333926}'::integer[]))

table 4 : explain SELECT c FROM sbtest4 WHERE id IN ( 4853368, 7609780, 4822433, 9868172, 1851153, 6394870, 2633514, 275741, 523177, 3333926)
	Index Scan using sbtest4_pkey on sbtest4  (cost=0.43..83.51 rows=10 width=121)
	  Index Cond: (id = ANY ('{4853368,7609780,4822433,9868172,1851153,6394870,2633514,275741,523177,3333926}'::integer[]))

table 5 : explain SELECT c FROM sbtest5 WHERE id IN ( 4853368, 7609780, 4822433, 9868172, 1851153, 6394870, 2633514, 275741, 523177, 3333926)
	Index Scan using sbtest5_pkey on sbtest5  (cost=0.43..83.57 rows=10 width=121)
	  Index Cond: (id = ANY ('{4853368,7609780,4822433,9868172,1851153,6394870,2633514,275741,523177,3333926}'::integer[]))

table 6 : explain SELECT c FROM sbtest6 WHERE id IN ( 4853368, 7609780, 4822433, 9868172, 1851153, 6394870, 2633514, 275741, 523177, 3333926)
	Index Scan using sbtest6_pkey on sbtest6  (cost=0.43..83.64 rows=10 width=121)
	  Index Cond: (id = ANY ('{4853368,7609780,4822433,9868172,1851153,6394870,2633514,275741,523177,3333926}'::integer[]))

table 7 : explain SELECT c FROM sbtest7 WHERE id IN ( 4853368, 7609780, 4822433, 9868172, 1851153, 6394870, 2633514, 275741, 523177, 3333926)
	Index Scan using sbtest7_pkey on sbtest7  (cost=0.43..83.57 rows=10 width=121)
	  Index Cond: (id = ANY ('{4853368,7609780,4822433,9868172,1851153,6394870,2633514,275741,523177,3333926}'::integer[]))

table 8 : explain SELECT c FROM sbtest8 WHERE id IN ( 4853368, 7609780, 4822433, 9868172, 1851153, 6394870, 2633514, 275741, 523177, 3333926)
	Index Scan using sbtest8_pkey on sbtest8  (cost=0.43..83.59 rows=10 width=121)
	  Index Cond: (id = ANY ('{4853368,7609780,4822433,9868172,1851153,6394870,2633514,275741,523177,3333926}'::integer[]))

explain: for select-inlist :: explain SELECT c FROM sbtest%d WHERE id IN ( 2855028, 81345, 7050216, 9397504, 7095378, 7308754, 8067506, 1504153, 2722649, 4415098)
for select-inlist
table 1 : explain SELECT c FROM sbtest1 WHERE id IN ( 9610789, 5750744, 1976701, 4251539, 4151681, 153201, 8948837, 3591694, 2447010, 3033112)
	Index Scan using sbtest1_pkey on sbtest1  (cost=0.43..83.66 rows=10 width=121)
	  Index Cond: (id = ANY ('{9610789,5750744,1976701,4251539,4151681,153201,8948837,3591694,2447010,3033112}'::integer[]))

table 2 : explain SELECT c FROM sbtest2 WHERE id IN ( 9610789, 5750744, 1976701, 4251539, 4151681, 153201, 8948837, 3591694, 2447010, 3033112)
	Index Scan using sbtest2_pkey on sbtest2  (cost=0.43..83.56 rows=10 width=121)
	  Index Cond: (id = ANY ('{9610789,5750744,1976701,4251539,4151681,153201,8948837,3591694,2447010,3033112}'::integer[]))

table 3 : explain SELECT c FROM sbtest3 WHERE id IN ( 9610789, 5750744, 1976701, 4251539, 4151681, 153201, 8948837, 3591694, 2447010, 3033112)
	Index Scan using sbtest3_pkey on sbtest3  (cost=0.43..83.67 rows=10 width=121)
	  Index Cond: (id = ANY ('{9610789,5750744,1976701,4251539,4151681,153201,8948837,3591694,2447010,3033112}'::integer[]))

table 4 : explain SELECT c FROM sbtest4 WHERE id IN ( 9610789, 5750744, 1976701, 4251539, 4151681, 153201, 8948837, 3591694, 2447010, 3033112)
	Index Scan using sbtest4_pkey on sbtest4  (cost=0.43..83.51 rows=10 width=121)
	  Index Cond: (id = ANY ('{9610789,5750744,1976701,4251539,4151681,153201,8948837,3591694,2447010,3033112}'::integer[]))

table 5 : explain SELECT c FROM sbtest5 WHERE id IN ( 9610789, 5750744, 1976701, 4251539, 4151681, 153201, 8948837, 3591694, 2447010, 3033112)
	Index Scan using sbtest5_pkey on sbtest5  (cost=0.43..83.57 rows=10 width=121)
	  Index Cond: (id = ANY ('{9610789,5750744,1976701,4251539,4151681,153201,8948837,3591694,2447010,3033112}'::integer[]))

table 6 : explain SELECT c FROM sbtest6 WHERE id IN ( 9610789, 5750744, 1976701, 4251539, 4151681, 153201, 8948837, 3591694, 2447010, 3033112)
	Index Scan using sbtest6_pkey on sbtest6  (cost=0.43..83.64 rows=10 width=121)
	  Index Cond: (id = ANY ('{9610789,5750744,1976701,4251539,4151681,153201,8948837,3591694,2447010,3033112}'::integer[]))

table 7 : explain SELECT c FROM sbtest7 WHERE id IN ( 9610789, 5750744, 1976701, 4251539, 4151681, 153201, 8948837, 3591694, 2447010, 3033112)
	Index Scan using sbtest7_pkey on sbtest7  (cost=0.43..83.57 rows=10 width=121)
	  Index Cond: (id = ANY ('{9610789,5750744,1976701,4251539,4151681,153201,8948837,3591694,2447010,3033112}'::integer[]))

table 8 : explain SELECT c FROM sbtest8 WHERE id IN ( 9610789, 5750744, 1976701, 4251539, 4151681, 153201, 8948837, 3591694, 2447010, 3033112)
	Index Scan using sbtest8_pkey on sbtest8  (cost=0.43..83.59 rows=10 width=121)
	  Index Cond: (id = ANY ('{9610789,5750744,1976701,4251539,4151681,153201,8948837,3591694,2447010,3033112}'::integer[]))

explain: for select-inlist :: explain SELECT c FROM sbtest%d WHERE id IN ( 4594096, 1694970, 5971083, 6447040, 600069, 359269, 339122, 5959369, 6593092, 4392963)
for select-inlist
table 1 : explain SELECT c FROM sbtest1 WHERE id IN ( 2991487, 1558813, 7911432, 726331, 9066710, 1891853, 8325297, 5309437, 7409073, 8642009)
	Index Scan using sbtest1_pkey on sbtest1  (cost=0.43..83.66 rows=10 width=121)
	  Index Cond: (id = ANY ('{2991487,1558813,7911432,726331,9066710,1891853,8325297,5309437,7409073,8642009}'::integer[]))

table 2 : explain SELECT c FROM sbtest2 WHERE id IN ( 2991487, 1558813, 7911432, 726331, 9066710, 1891853, 8325297, 5309437, 7409073, 8642009)
	Index Scan using sbtest2_pkey on sbtest2  (cost=0.43..83.56 rows=10 width=121)
	  Index Cond: (id = ANY ('{2991487,1558813,7911432,726331,9066710,1891853,8325297,5309437,7409073,8642009}'::integer[]))

table 3 : explain SELECT c FROM sbtest3 WHERE id IN ( 2991487, 1558813, 7911432, 726331, 9066710, 1891853, 8325297, 5309437, 7409073, 8642009)
	Index Scan using sbtest3_pkey on sbtest3  (cost=0.43..83.67 rows=10 width=121)
	  Index Cond: (id = ANY ('{2991487,1558813,7911432,726331,9066710,1891853,8325297,5309437,7409073,8642009}'::integer[]))

table 4 : explain SELECT c FROM sbtest4 WHERE id IN ( 2991487, 1558813, 7911432, 726331, 9066710, 1891853, 8325297, 5309437, 7409073, 8642009)
	Index Scan using sbtest4_pkey on sbtest4  (cost=0.43..83.51 rows=10 width=121)
	  Index Cond: (id = ANY ('{2991487,1558813,7911432,726331,9066710,1891853,8325297,5309437,7409073,8642009}'::integer[]))

table 5 : explain SELECT c FROM sbtest5 WHERE id IN ( 2991487, 1558813, 7911432, 726331, 9066710, 1891853, 8325297, 5309437, 7409073, 8642009)
	Index Scan using sbtest5_pkey on sbtest5  (cost=0.43..83.57 rows=10 width=121)
	  Index Cond: (id = ANY ('{2991487,1558813,7911432,726331,9066710,1891853,8325297,5309437,7409073,8642009}'::integer[]))

table 6 : explain SELECT c FROM sbtest6 WHERE id IN ( 2991487, 1558813, 7911432, 726331, 9066710, 1891853, 8325297, 5309437, 7409073, 8642009)
	Index Scan using sbtest6_pkey on sbtest6  (cost=0.43..83.64 rows=10 width=121)
	  Index Cond: (id = ANY ('{2991487,1558813,7911432,726331,9066710,1891853,8325297,5309437,7409073,8642009}'::integer[]))

table 7 : explain SELECT c FROM sbtest7 WHERE id IN ( 2991487, 1558813, 7911432, 726331, 9066710, 1891853, 8325297, 5309437, 7409073, 8642009)
	Index Scan using sbtest7_pkey on sbtest7  (cost=0.43..83.57 rows=10 width=121)
	  Index Cond: (id = ANY ('{2991487,1558813,7911432,726331,9066710,1891853,8325297,5309437,7409073,8642009}'::integer[]))

table 8 : explain SELECT c FROM sbtest8 WHERE id IN ( 2991487, 1558813, 7911432, 726331, 9066710, 1891853, 8325297, 5309437, 7409073, 8642009)
	Index Scan using sbtest8_pkey on sbtest8  (cost=0.43..83.59 rows=10 width=121)
	  Index Cond: (id = ANY ('{2991487,1558813,7911432,726331,9066710,1891853,8325297,5309437,7409073,8642009}'::integer[]))

explain: for select-inlist :: explain SELECT c FROM sbtest%d WHERE id IN ( 2394091, 2015846, 9781844, 4943650, 4806374, 6681660, 7159514, 8645067, 3534831, 3019684)
explain: for select-inlist :: explain SELECT c FROM sbtest%d WHERE id IN ( 2824708, 1123815, 3147374, 6937033, 7850650, 6808630, 8074754, 7136745, 7890089, 4077550)
for select-inlist
table 1 : explain SELECT c FROM sbtest1 WHERE id IN ( 4594096, 1694970, 5971083, 6447040, 600069, 359269, 339122, 5959369, 6593092, 4392963)
	Index Scan using sbtest1_pkey on sbtest1  (cost=0.43..83.66 rows=10 width=121)
	  Index Cond: (id = ANY ('{4594096,1694970,5971083,6447040,600069,359269,339122,5959369,6593092,4392963}'::integer[]))

table 2 : explain SELECT c FROM sbtest2 WHERE id IN ( 4594096, 1694970, 5971083, 6447040, 600069, 359269, 339122, 5959369, 6593092, 4392963)
	Index Scan using sbtest2_pkey on sbtest2  (cost=0.43..83.56 rows=10 width=121)
	  Index Cond: (id = ANY ('{4594096,1694970,5971083,6447040,600069,359269,339122,5959369,6593092,4392963}'::integer[]))

table 3 : explain SELECT c FROM sbtest3 WHERE id IN ( 4594096, 1694970, 5971083, 6447040, 600069, 359269, 339122, 5959369, 6593092, 4392963)
	Index Scan using sbtest3_pkey on sbtest3  (cost=0.43..83.67 rows=10 width=121)
	  Index Cond: (id = ANY ('{4594096,1694970,5971083,6447040,600069,359269,339122,5959369,6593092,4392963}'::integer[]))

table 4 : explain SELECT c FROM sbtest4 WHERE id IN ( 4594096, 1694970, 5971083, 6447040, 600069, 359269, 339122, 5959369, 6593092, 4392963)
	Index Scan using sbtest4_pkey on sbtest4  (cost=0.43..83.51 rows=10 width=121)
	  Index Cond: (id = ANY ('{4594096,1694970,5971083,6447040,600069,359269,339122,5959369,6593092,4392963}'::integer[]))

table 5 : explain SELECT c FROM sbtest5 WHERE id IN ( 4594096, 1694970, 5971083, 6447040, 600069, 359269, 339122, 5959369, 6593092, 4392963)
	Index Scan using sbtest5_pkey on sbtest5  (cost=0.43..83.57 rows=10 width=121)
	  Index Cond: (id = ANY ('{4594096,1694970,5971083,6447040,600069,359269,339122,5959369,6593092,4392963}'::integer[]))

table 6 : explain SELECT c FROM sbtest6 WHERE id IN ( 4594096, 1694970, 5971083, 6447040, 600069, 359269, 339122, 5959369, 6593092, 4392963)
	Index Scan using sbtest6_pkey on sbtest6  (cost=0.43..83.64 rows=10 width=121)
	  Index Cond: (id = ANY ('{4594096,1694970,5971083,6447040,600069,359269,339122,5959369,6593092,4392963}'::integer[]))

table 7 : explain SELECT c FROM sbtest7 WHERE id IN ( 4594096, 1694970, 5971083, 6447040, 600069, 359269, 339122, 5959369, 6593092, 4392963)
	Index Scan using sbtest7_pkey on sbtest7  (cost=0.43..83.57 rows=10 width=121)
	  Index Cond: (id = ANY ('{4594096,1694970,5971083,6447040,600069,359269,339122,5959369,6593092,4392963}'::integer[]))

table 8 : explain SELECT c FROM sbtest8 WHERE id IN ( 4594096, 1694970, 5971083, 6447040, 600069, 359269, 339122, 5959369, 6593092, 4392963)
	Index Scan using sbtest8_pkey on sbtest8  (cost=0.43..83.59 rows=10 width=121)
	  Index Cond: (id = ANY ('{4594096,1694970,5971083,6447040,600069,359269,339122,5959369,6593092,4392963}'::integer[]))

explain: for select-inlist :: explain SELECT c FROM sbtest%d WHERE id IN ( 6805988, 9186918, 9424249, 9239952, 7326295, 909589, 1388729, 2918618, 6547336, 3857176)
for select-inlist
table 1 : explain SELECT c FROM sbtest1 WHERE id IN ( 2855028, 81345, 7050216, 9397504, 7095378, 7308754, 8067506, 1504153, 2722649, 4415098)
	Index Scan using sbtest1_pkey on sbtest1  (cost=0.43..83.66 rows=10 width=121)
	  Index Cond: (id = ANY ('{2855028,81345,7050216,9397504,7095378,7308754,8067506,1504153,2722649,4415098}'::integer[]))

table 2 : explain SELECT c FROM sbtest2 WHERE id IN ( 2855028, 81345, 7050216, 9397504, 7095378, 7308754, 8067506, 1504153, 2722649, 4415098)
	Index Scan using sbtest2_pkey on sbtest2  (cost=0.43..83.56 rows=10 width=121)
	  Index Cond: (id = ANY ('{2855028,81345,7050216,9397504,7095378,7308754,8067506,1504153,2722649,4415098}'::integer[]))

table 3 : explain SELECT c FROM sbtest3 WHERE id IN ( 2855028, 81345, 7050216, 9397504, 7095378, 7308754, 8067506, 1504153, 2722649, 4415098)
	Index Scan using sbtest3_pkey on sbtest3  (cost=0.43..83.67 rows=10 width=121)
	  Index Cond: (id = ANY ('{2855028,81345,7050216,9397504,7095378,7308754,8067506,1504153,2722649,4415098}'::integer[]))

table 4 : explain SELECT c FROM sbtest4 WHERE id IN ( 2855028, 81345, 7050216, 9397504, 7095378, 7308754, 8067506, 1504153, 2722649, 4415098)
	Index Scan using sbtest4_pkey on sbtest4  (cost=0.43..83.51 rows=10 width=121)
	  Index Cond: (id = ANY ('{2855028,81345,7050216,9397504,7095378,7308754,8067506,1504153,2722649,4415098}'::integer[]))

table 5 : explain SELECT c FROM sbtest5 WHERE id IN ( 2855028, 81345, 7050216, 9397504, 7095378, 7308754, 8067506, 1504153, 2722649, 4415098)
	Index Scan using sbtest5_pkey on sbtest5  (cost=0.43..83.57 rows=10 width=121)
	  Index Cond: (id = ANY ('{2855028,81345,7050216,9397504,7095378,7308754,8067506,1504153,2722649,4415098}'::integer[]))

table 6 : explain SELECT c FROM sbtest6 WHERE id IN ( 2855028, 81345, 7050216, 9397504, 7095378, 7308754, 8067506, 1504153, 2722649, 4415098)
	Index Scan using sbtest6_pkey on sbtest6  (cost=0.43..83.64 rows=10 width=121)
	  Index Cond: (id = ANY ('{2855028,81345,7050216,9397504,7095378,7308754,8067506,1504153,2722649,4415098}'::integer[]))

table 7 : explain SELECT c FROM sbtest7 WHERE id IN ( 2855028, 81345, 7050216, 9397504, 7095378, 7308754, 8067506, 1504153, 2722649, 4415098)
	Index Scan using sbtest7_pkey on sbtest7  (cost=0.43..83.57 rows=10 width=121)
	  Index Cond: (id = ANY ('{2855028,81345,7050216,9397504,7095378,7308754,8067506,1504153,2722649,4415098}'::integer[]))

table 8 : explain SELECT c FROM sbtest8 WHERE id IN ( 2855028, 81345, 7050216, 9397504, 7095378, 7308754, 8067506, 1504153, 2722649, 4415098)
	Index Scan using sbtest8_pkey on sbtest8  (cost=0.43..83.59 rows=10 width=121)
	  Index Cond: (id = ANY ('{2855028,81345,7050216,9397504,7095378,7308754,8067506,1504153,2722649,4415098}'::integer[]))

for select-inlist
table 1 : explain SELECT c FROM sbtest1 WHERE id IN ( 2394091, 2015846, 9781844, 4943650, 4806374, 6681660, 7159514, 8645067, 3534831, 3019684)
	Index Scan using sbtest1_pkey on sbtest1  (cost=0.43..83.66 rows=10 width=121)
	  Index Cond: (id = ANY ('{2394091,2015846,9781844,4943650,4806374,6681660,7159514,8645067,3534831,3019684}'::integer[]))

table 2 : explain SELECT c FROM sbtest2 WHERE id IN ( 2394091, 2015846, 9781844, 4943650, 4806374, 6681660, 7159514, 8645067, 3534831, 3019684)
	Index Scan using sbtest2_pkey on sbtest2  (cost=0.43..83.56 rows=10 width=121)
	  Index Cond: (id = ANY ('{2394091,2015846,9781844,4943650,4806374,6681660,7159514,8645067,3534831,3019684}'::integer[]))

table 3 : explain SELECT c FROM sbtest3 WHERE id IN ( 2394091, 2015846, 9781844, 4943650, 4806374, 6681660, 7159514, 8645067, 3534831, 3019684)
	Index Scan using sbtest3_pkey on sbtest3  (cost=0.43..83.67 rows=10 width=121)
	  Index Cond: (id = ANY ('{2394091,2015846,9781844,4943650,4806374,6681660,7159514,8645067,3534831,3019684}'::integer[]))

table 4 : explain SELECT c FROM sbtest4 WHERE id IN ( 2394091, 2015846, 9781844, 4943650, 4806374, 6681660, 7159514, 8645067, 3534831, 3019684)
	Index Scan using sbtest4_pkey on sbtest4  (cost=0.43..83.51 rows=10 width=121)
	  Index Cond: (id = ANY ('{2394091,2015846,9781844,4943650,4806374,6681660,7159514,8645067,3534831,3019684}'::integer[]))

table 5 : explain SELECT c FROM sbtest5 WHERE id IN ( 2394091, 2015846, 9781844, 4943650, 4806374, 6681660, 7159514, 8645067, 3534831, 3019684)
	Index Scan using sbtest5_pkey on sbtest5  (cost=0.43..83.57 rows=10 width=121)
	  Index Cond: (id = ANY ('{2394091,2015846,9781844,4943650,4806374,6681660,7159514,8645067,3534831,3019684}'::integer[]))

table 6 : explain SELECT c FROM sbtest6 WHERE id IN ( 2394091, 2015846, 9781844, 4943650, 4806374, 6681660, 7159514, 8645067, 3534831, 3019684)
	Index Scan using sbtest6_pkey on sbtest6  (cost=0.43..83.64 rows=10 width=121)
	  Index Cond: (id = ANY ('{2394091,2015846,9781844,4943650,4806374,6681660,7159514,8645067,3534831,3019684}'::integer[]))

table 7 : explain SELECT c FROM sbtest7 WHERE id IN ( 2394091, 2015846, 9781844, 4943650, 4806374, 6681660, 7159514, 8645067, 3534831, 3019684)
	Index Scan using sbtest7_pkey on sbtest7  (cost=0.43..83.57 rows=10 width=121)
	  Index Cond: (id = ANY ('{2394091,2015846,9781844,4943650,4806374,6681660,7159514,8645067,3534831,3019684}'::integer[]))

table 8 : explain SELECT c FROM sbtest8 WHERE id IN ( 2394091, 2015846, 9781844, 4943650, 4806374, 6681660, 7159514, 8645067, 3534831, 3019684)
	Index Scan using sbtest8_pkey on sbtest8  (cost=0.43..83.59 rows=10 width=121)
	  Index Cond: (id = ANY ('{2394091,2015846,9781844,4943650,4806374,6681660,7159514,8645067,3534831,3019684}'::integer[]))

explain: for select-inlist :: explain SELECT c FROM sbtest%d WHERE id IN ( 8272947, 290754, 5133536, 3283132, 8982455, 4862335, 1345329, 1282791, 3845817, 4950137)
explain: for select-inlist :: explain SELECT c FROM sbtest%d WHERE id IN ( 3453121, 2920676, 6289615, 77632, 262911, 821463, 3186989, 745548, 425440, 9782242)
for select-inlist
table 1 : explain SELECT c FROM sbtest1 WHERE id IN ( 2824708, 1123815, 3147374, 6937033, 7850650, 6808630, 8074754, 7136745, 7890089, 4077550)
	Index Scan using sbtest1_pkey on sbtest1  (cost=0.43..83.66 rows=10 width=121)
	  Index Cond: (id = ANY ('{2824708,1123815,3147374,6937033,7850650,6808630,8074754,7136745,7890089,4077550}'::integer[]))

table 2 : explain SELECT c FROM sbtest2 WHERE id IN ( 2824708, 1123815, 3147374, 6937033, 7850650, 6808630, 8074754, 7136745, 7890089, 4077550)
	Index Scan using sbtest2_pkey on sbtest2  (cost=0.43..83.56 rows=10 width=121)
	  Index Cond: (id = ANY ('{2824708,1123815,3147374,6937033,7850650,6808630,8074754,7136745,7890089,4077550}'::integer[]))

table 3 : explain SELECT c FROM sbtest3 WHERE id IN ( 2824708, 1123815, 3147374, 6937033, 7850650, 6808630, 8074754, 7136745, 7890089, 4077550)
	Index Scan using sbtest3_pkey on sbtest3  (cost=0.43..83.67 rows=10 width=121)
	  Index Cond: (id = ANY ('{2824708,1123815,3147374,6937033,7850650,6808630,8074754,7136745,7890089,4077550}'::integer[]))

table 4 : explain SELECT c FROM sbtest4 WHERE id IN ( 2824708, 1123815, 3147374, 6937033, 7850650, 6808630, 8074754, 7136745, 7890089, 4077550)
	Index Scan using sbtest4_pkey on sbtest4  (cost=0.43..83.51 rows=10 width=121)
	  Index Cond: (id = ANY ('{2824708,1123815,3147374,6937033,7850650,6808630,8074754,7136745,7890089,4077550}'::integer[]))

table 5 : explain SELECT c FROM sbtest5 WHERE id IN ( 2824708, 1123815, 3147374, 6937033, 7850650, 6808630, 8074754, 7136745, 7890089, 4077550)
	Index Scan using sbtest5_pkey on sbtest5  (cost=0.43..83.57 rows=10 width=121)
	  Index Cond: (id = ANY ('{2824708,1123815,3147374,6937033,7850650,6808630,8074754,7136745,7890089,4077550}'::integer[]))

table 6 : explain SELECT c FROM sbtest6 WHERE id IN ( 2824708, 1123815, 3147374, 6937033, 7850650, 6808630, 8074754, 7136745, 7890089, 4077550)
	Index Scan using sbtest6_pkey on sbtest6  (cost=0.43..83.64 rows=10 width=121)
	  Index Cond: (id = ANY ('{2824708,1123815,3147374,6937033,7850650,6808630,8074754,7136745,7890089,4077550}'::integer[]))

table 7 : explain SELECT c FROM sbtest7 WHERE id IN ( 2824708, 1123815, 3147374, 6937033, 7850650, 6808630, 8074754, 7136745, 7890089, 4077550)
	Index Scan using sbtest7_pkey on sbtest7  (cost=0.43..83.57 rows=10 width=121)
	  Index Cond: (id = ANY ('{2824708,1123815,3147374,6937033,7850650,6808630,8074754,7136745,7890089,4077550}'::integer[]))

table 8 : explain SELECT c FROM sbtest8 WHERE id IN ( 2824708, 1123815, 3147374, 6937033, 7850650, 6808630, 8074754, 7136745, 7890089, 4077550)
	Index Scan using sbtest8_pkey on sbtest8  (cost=0.43..83.59 rows=10 width=121)
	  Index Cond: (id = ANY ('{2824708,1123815,3147374,6937033,7850650,6808630,8074754,7136745,7890089,4077550}'::integer[]))

explain: for select-inlist :: explain SELECT c FROM sbtest%d WHERE id IN ( 5009429, 3602863, 4044897, 5807324, 979188, 3819036, 6250765, 611885, 4617779, 7331615)
for select-inlist
table 1 : explain SELECT c FROM sbtest1 WHERE id IN ( 6805988, 9186918, 9424249, 9239952, 7326295, 909589, 1388729, 2918618, 6547336, 3857176)
	Index Scan using sbtest1_pkey on sbtest1  (cost=0.43..83.66 rows=10 width=121)
	  Index Cond: (id = ANY ('{6805988,9186918,9424249,9239952,7326295,909589,1388729,2918618,6547336,3857176}'::integer[]))

table 2 : explain SELECT c FROM sbtest2 WHERE id IN ( 6805988, 9186918, 9424249, 9239952, 7326295, 909589, 1388729, 2918618, 6547336, 3857176)
	Index Scan using sbtest2_pkey on sbtest2  (cost=0.43..83.56 rows=10 width=121)
	  Index Cond: (id = ANY ('{6805988,9186918,9424249,9239952,7326295,909589,1388729,2918618,6547336,3857176}'::integer[]))

table 3 : explain SELECT c FROM sbtest3 WHERE id IN ( 6805988, 9186918, 9424249, 9239952, 7326295, 909589, 1388729, 2918618, 6547336, 3857176)
	Index Scan using sbtest3_pkey on sbtest3  (cost=0.43..83.67 rows=10 width=121)
	  Index Cond: (id = ANY ('{6805988,9186918,9424249,9239952,7326295,909589,1388729,2918618,6547336,3857176}'::integer[]))

table 4 : explain SELECT c FROM sbtest4 WHERE id IN ( 6805988, 9186918, 9424249, 9239952, 7326295, 909589, 1388729, 2918618, 6547336, 3857176)
	Index Scan using sbtest4_pkey on sbtest4  (cost=0.43..83.51 rows=10 width=121)
	  Index Cond: (id = ANY ('{6805988,9186918,9424249,9239952,7326295,909589,1388729,2918618,6547336,3857176}'::integer[]))

table 5 : explain SELECT c FROM sbtest5 WHERE id IN ( 6805988, 9186918, 9424249, 9239952, 7326295, 909589, 1388729, 2918618, 6547336, 3857176)
	Index Scan using sbtest5_pkey on sbtest5  (cost=0.43..83.57 rows=10 width=121)
	  Index Cond: (id = ANY ('{6805988,9186918,9424249,9239952,7326295,909589,1388729,2918618,6547336,3857176}'::integer[]))

table 6 : explain SELECT c FROM sbtest6 WHERE id IN ( 6805988, 9186918, 9424249, 9239952, 7326295, 909589, 1388729, 2918618, 6547336, 3857176)
	Index Scan using sbtest6_pkey on sbtest6  (cost=0.43..83.64 rows=10 width=121)
	  Index Cond: (id = ANY ('{6805988,9186918,9424249,9239952,7326295,909589,1388729,2918618,6547336,3857176}'::integer[]))

table 7 : explain SELECT c FROM sbtest7 WHERE id IN ( 6805988, 9186918, 9424249, 9239952, 7326295, 909589, 1388729, 2918618, 6547336, 3857176)
	Index Scan using sbtest7_pkey on sbtest7  (cost=0.43..83.57 rows=10 width=121)
	  Index Cond: (id = ANY ('{6805988,9186918,9424249,9239952,7326295,909589,1388729,2918618,6547336,3857176}'::integer[]))

table 8 : explain SELECT c FROM sbtest8 WHERE id IN ( 6805988, 9186918, 9424249, 9239952, 7326295, 909589, 1388729, 2918618, 6547336, 3857176)
	Index Scan using sbtest8_pkey on sbtest8  (cost=0.43..83.59 rows=10 width=121)
	  Index Cond: (id = ANY ('{6805988,9186918,9424249,9239952,7326295,909589,1388729,2918618,6547336,3857176}'::integer[]))

explain: for select-inlist :: explain SELECT c FROM sbtest%d WHERE id IN ( 2480932, 3147055, 7897481, 326897, 3522434, 4881072, 6250060, 4288317, 8839595, 3643000)
explain: for select-inlist :: explain SELECT c FROM sbtest%d WHERE id IN ( 2220438, 7987004, 378922, 2160822, 8743011, 5601441, 4781353, 4630123, 7058038, 7580656)
for select-inlist
table 1 : explain SELECT c FROM sbtest1 WHERE id IN ( 8272947, 290754, 5133536, 3283132, 8982455, 4862335, 1345329, 1282791, 3845817, 4950137)
	Index Scan using sbtest1_pkey on sbtest1  (cost=0.43..83.66 rows=10 width=121)
	  Index Cond: (id = ANY ('{8272947,290754,5133536,3283132,8982455,4862335,1345329,1282791,3845817,4950137}'::integer[]))

table 2 : explain SELECT c FROM sbtest2 WHERE id IN ( 8272947, 290754, 5133536, 3283132, 8982455, 4862335, 1345329, 1282791, 3845817, 4950137)
	Index Scan using sbtest2_pkey on sbtest2  (cost=0.43..83.56 rows=10 width=121)
	  Index Cond: (id = ANY ('{8272947,290754,5133536,3283132,8982455,4862335,1345329,1282791,3845817,4950137}'::integer[]))

table 3 : explain SELECT c FROM sbtest3 WHERE id IN ( 8272947, 290754, 5133536, 3283132, 8982455, 4862335, 1345329, 1282791, 3845817, 4950137)
	Index Scan using sbtest3_pkey on sbtest3  (cost=0.43..83.67 rows=10 width=121)
	  Index Cond: (id = ANY ('{8272947,290754,5133536,3283132,8982455,4862335,1345329,1282791,3845817,4950137}'::integer[]))

table 4 : explain SELECT c FROM sbtest4 WHERE id IN ( 8272947, 290754, 5133536, 3283132, 8982455, 4862335, 1345329, 1282791, 3845817, 4950137)
	Index Scan using sbtest4_pkey on sbtest4  (cost=0.43..83.51 rows=10 width=121)
	  Index Cond: (id = ANY ('{8272947,290754,5133536,3283132,8982455,4862335,1345329,1282791,3845817,4950137}'::integer[]))

table 5 : explain SELECT c FROM sbtest5 WHERE id IN ( 8272947, 290754, 5133536, 3283132, 8982455, 4862335, 1345329, 1282791, 3845817, 4950137)
	Index Scan using sbtest5_pkey on sbtest5  (cost=0.43..83.57 rows=10 width=121)
	  Index Cond: (id = ANY ('{8272947,290754,5133536,3283132,8982455,4862335,1345329,1282791,3845817,4950137}'::integer[]))

table 6 : explain SELECT c FROM sbtest6 WHERE id IN ( 8272947, 290754, 5133536, 3283132, 8982455, 4862335, 1345329, 1282791, 3845817, 4950137)
	Index Scan using sbtest6_pkey on sbtest6  (cost=0.43..83.64 rows=10 width=121)
	  Index Cond: (id = ANY ('{8272947,290754,5133536,3283132,8982455,4862335,1345329,1282791,3845817,4950137}'::integer[]))

table 7 : explain SELECT c FROM sbtest7 WHERE id IN ( 8272947, 290754, 5133536, 3283132, 8982455, 4862335, 1345329, 1282791, 3845817, 4950137)
	Index Scan using sbtest7_pkey on sbtest7  (cost=0.43..83.57 rows=10 width=121)
	  Index Cond: (id = ANY ('{8272947,290754,5133536,3283132,8982455,4862335,1345329,1282791,3845817,4950137}'::integer[]))

table 8 : explain SELECT c FROM sbtest8 WHERE id IN ( 8272947, 290754, 5133536, 3283132, 8982455, 4862335, 1345329, 1282791, 3845817, 4950137)
	Index Scan using sbtest8_pkey on sbtest8  (cost=0.43..83.59 rows=10 width=121)
	  Index Cond: (id = ANY ('{8272947,290754,5133536,3283132,8982455,4862335,1345329,1282791,3845817,4950137}'::integer[]))

for select-inlist
table 1 : explain SELECT c FROM sbtest1 WHERE id IN ( 5009429, 3602863, 4044897, 5807324, 979188, 3819036, 6250765, 611885, 4617779, 7331615)
	Index Scan using sbtest1_pkey on sbtest1  (cost=0.43..83.66 rows=10 width=121)
	  Index Cond: (id = ANY ('{5009429,3602863,4044897,5807324,979188,3819036,6250765,611885,4617779,7331615}'::integer[]))

table 2 : explain SELECT c FROM sbtest2 WHERE id IN ( 5009429, 3602863, 4044897, 5807324, 979188, 3819036, 6250765, 611885, 4617779, 7331615)
	Index Scan using sbtest2_pkey on sbtest2  (cost=0.43..83.56 rows=10 width=121)
	  Index Cond: (id = ANY ('{5009429,3602863,4044897,5807324,979188,3819036,6250765,611885,4617779,7331615}'::integer[]))

table 3 : explain SELECT c FROM sbtest3 WHERE id IN ( 5009429, 3602863, 4044897, 5807324, 979188, 3819036, 6250765, 611885, 4617779, 7331615)
	Index Scan using sbtest3_pkey on sbtest3  (cost=0.43..83.67 rows=10 width=121)
	  Index Cond: (id = ANY ('{5009429,3602863,4044897,5807324,979188,3819036,6250765,611885,4617779,7331615}'::integer[]))

table 4 : explain SELECT c FROM sbtest4 WHERE id IN ( 5009429, 3602863, 4044897, 5807324, 979188, 3819036, 6250765, 611885, 4617779, 7331615)
	Index Scan using sbtest4_pkey on sbtest4  (cost=0.43..83.51 rows=10 width=121)
	  Index Cond: (id = ANY ('{5009429,3602863,4044897,5807324,979188,3819036,6250765,611885,4617779,7331615}'::integer[]))

table 5 : explain SELECT c FROM sbtest5 WHERE id IN ( 5009429, 3602863, 4044897, 5807324, 979188, 3819036, 6250765, 611885, 4617779, 7331615)
	Index Scan using sbtest5_pkey on sbtest5  (cost=0.43..83.57 rows=10 width=121)
	  Index Cond: (id = ANY ('{5009429,3602863,4044897,5807324,979188,3819036,6250765,611885,4617779,7331615}'::integer[]))

table 6 : explain SELECT c FROM sbtest6 WHERE id IN ( 5009429, 3602863, 4044897, 5807324, 979188, 3819036, 6250765, 611885, 4617779, 7331615)
	Index Scan using sbtest6_pkey on sbtest6  (cost=0.43..83.64 rows=10 width=121)
	  Index Cond: (id = ANY ('{5009429,3602863,4044897,5807324,979188,3819036,6250765,611885,4617779,7331615}'::integer[]))

table 7 : explain SELECT c FROM sbtest7 WHERE id IN ( 5009429, 3602863, 4044897, 5807324, 979188, 3819036, 6250765, 611885, 4617779, 7331615)
	Index Scan using sbtest7_pkey on sbtest7  (cost=0.43..83.57 rows=10 width=121)
	  Index Cond: (id = ANY ('{5009429,3602863,4044897,5807324,979188,3819036,6250765,611885,4617779,7331615}'::integer[]))

table 8 : explain SELECT c FROM sbtest8 WHERE id IN ( 5009429, 3602863, 4044897, 5807324, 979188, 3819036, 6250765, 611885, 4617779, 7331615)
	Index Scan using sbtest8_pkey on sbtest8  (cost=0.43..83.59 rows=10 width=121)
	  Index Cond: (id = ANY ('{5009429,3602863,4044897,5807324,979188,3819036,6250765,611885,4617779,7331615}'::integer[]))

for select-inlist
table 1 : explain SELECT c FROM sbtest1 WHERE id IN ( 3453121, 2920676, 6289615, 77632, 262911, 821463, 3186989, 745548, 425440, 9782242)
	Index Scan using sbtest1_pkey on sbtest1  (cost=0.43..83.66 rows=10 width=121)
	  Index Cond: (id = ANY ('{3453121,2920676,6289615,77632,262911,821463,3186989,745548,425440,9782242}'::integer[]))

table 2 : explain SELECT c FROM sbtest2 WHERE id IN ( 3453121, 2920676, 6289615, 77632, 262911, 821463, 3186989, 745548, 425440, 9782242)
	Index Scan using sbtest2_pkey on sbtest2  (cost=0.43..83.56 rows=10 width=121)
	  Index Cond: (id = ANY ('{3453121,2920676,6289615,77632,262911,821463,3186989,745548,425440,9782242}'::integer[]))

table 3 : explain SELECT c FROM sbtest3 WHERE id IN ( 3453121, 2920676, 6289615, 77632, 262911, 821463, 3186989, 745548, 425440, 9782242)
	Index Scan using sbtest3_pkey on sbtest3  (cost=0.43..83.67 rows=10 width=121)
	  Index Cond: (id = ANY ('{3453121,2920676,6289615,77632,262911,821463,3186989,745548,425440,9782242}'::integer[]))

table 4 : explain SELECT c FROM sbtest4 WHERE id IN ( 3453121, 2920676, 6289615, 77632, 262911, 821463, 3186989, 745548, 425440, 9782242)
	Index Scan using sbtest4_pkey on sbtest4  (cost=0.43..83.51 rows=10 width=121)
	  Index Cond: (id = ANY ('{3453121,2920676,6289615,77632,262911,821463,3186989,745548,425440,9782242}'::integer[]))

table 5 : explain SELECT c FROM sbtest5 WHERE id IN ( 3453121, 2920676, 6289615, 77632, 262911, 821463, 3186989, 745548, 425440, 9782242)
	Index Scan using sbtest5_pkey on sbtest5  (cost=0.43..83.57 rows=10 width=121)
	  Index Cond: (id = ANY ('{3453121,2920676,6289615,77632,262911,821463,3186989,745548,425440,9782242}'::integer[]))

table 6 : explain SELECT c FROM sbtest6 WHERE id IN ( 3453121, 2920676, 6289615, 77632, 262911, 821463, 3186989, 745548, 425440, 9782242)
	Index Scan using sbtest6_pkey on sbtest6  (cost=0.43..83.64 rows=10 width=121)
	  Index Cond: (id = ANY ('{3453121,2920676,6289615,77632,262911,821463,3186989,745548,425440,9782242}'::integer[]))

table 7 : explain SELECT c FROM sbtest7 WHERE id IN ( 3453121, 2920676, 6289615, 77632, 262911, 821463, 3186989, 745548, 425440, 9782242)
	Index Scan using sbtest7_pkey on sbtest7  (cost=0.43..83.57 rows=10 width=121)
	  Index Cond: (id = ANY ('{3453121,2920676,6289615,77632,262911,821463,3186989,745548,425440,9782242}'::integer[]))

table 8 : explain SELECT c FROM sbtest8 WHERE id IN ( 3453121, 2920676, 6289615, 77632, 262911, 821463, 3186989, 745548, 425440, 9782242)
	Index Scan using sbtest8_pkey on sbtest8  (cost=0.43..83.59 rows=10 width=121)
	  Index Cond: (id = ANY ('{3453121,2920676,6289615,77632,262911,821463,3186989,745548,425440,9782242}'::integer[]))

for select-inlist
table 1 : explain SELECT c FROM sbtest1 WHERE id IN ( 2480932, 3147055, 7897481, 326897, 3522434, 4881072, 6250060, 4288317, 8839595, 3643000)
	Index Scan using sbtest1_pkey on sbtest1  (cost=0.43..83.66 rows=10 width=121)
	  Index Cond: (id = ANY ('{2480932,3147055,7897481,326897,3522434,4881072,6250060,4288317,8839595,3643000}'::integer[]))

table 2 : explain SELECT c FROM sbtest2 WHERE id IN ( 2480932, 3147055, 7897481, 326897, 3522434, 4881072, 6250060, 4288317, 8839595, 3643000)
	Index Scan using sbtest2_pkey on sbtest2  (cost=0.43..83.56 rows=10 width=121)
	  Index Cond: (id = ANY ('{2480932,3147055,7897481,326897,3522434,4881072,6250060,4288317,8839595,3643000}'::integer[]))

table 3 : explain SELECT c FROM sbtest3 WHERE id IN ( 2480932, 3147055, 7897481, 326897, 3522434, 4881072, 6250060, 4288317, 8839595, 3643000)
	Index Scan using sbtest3_pkey on sbtest3  (cost=0.43..83.67 rows=10 width=121)
	  Index Cond: (id = ANY ('{2480932,3147055,7897481,326897,3522434,4881072,6250060,4288317,8839595,3643000}'::integer[]))

table 4 : explain SELECT c FROM sbtest4 WHERE id IN ( 2480932, 3147055, 7897481, 326897, 3522434, 4881072, 6250060, 4288317, 8839595, 3643000)
	Index Scan using sbtest4_pkey on sbtest4  (cost=0.43..83.51 rows=10 width=121)
	  Index Cond: (id = ANY ('{2480932,3147055,7897481,326897,3522434,4881072,6250060,4288317,8839595,3643000}'::integer[]))

table 5 : explain SELECT c FROM sbtest5 WHERE id IN ( 2480932, 3147055, 7897481, 326897, 3522434, 4881072, 6250060, 4288317, 8839595, 3643000)
	Index Scan using sbtest5_pkey on sbtest5  (cost=0.43..83.57 rows=10 width=121)
	  Index Cond: (id = ANY ('{2480932,3147055,7897481,326897,3522434,4881072,6250060,4288317,8839595,3643000}'::integer[]))

table 6 : explain SELECT c FROM sbtest6 WHERE id IN ( 2480932, 3147055, 7897481, 326897, 3522434, 4881072, 6250060, 4288317, 8839595, 3643000)
	Index Scan using sbtest6_pkey on sbtest6  (cost=0.43..83.64 rows=10 width=121)
	  Index Cond: (id = ANY ('{2480932,3147055,7897481,326897,3522434,4881072,6250060,4288317,8839595,3643000}'::integer[]))

table 7 : explain SELECT c FROM sbtest7 WHERE id IN ( 2480932, 3147055, 7897481, 326897, 3522434, 4881072, 6250060, 4288317, 8839595, 3643000)
	Index Scan using sbtest7_pkey on sbtest7  (cost=0.43..83.57 rows=10 width=121)
	  Index Cond: (id = ANY ('{2480932,3147055,7897481,326897,3522434,4881072,6250060,4288317,8839595,3643000}'::integer[]))

table 8 : explain SELECT c FROM sbtest8 WHERE id IN ( 2480932, 3147055, 7897481, 326897, 3522434, 4881072, 6250060, 4288317, 8839595, 3643000)
	Index Scan using sbtest8_pkey on sbtest8  (cost=0.43..83.59 rows=10 width=121)
	  Index Cond: (id = ANY ('{2480932,3147055,7897481,326897,3522434,4881072,6250060,4288317,8839595,3643000}'::integer[]))

explain: for select-inlist :: explain SELECT c FROM sbtest%d WHERE id IN ( 2273197, 2029333, 7097241, 1038898, 1539146, 4149711, 6578915, 5300584, 4246631, 1343986)
for select-inlist
table 1 : explain SELECT c FROM sbtest1 WHERE id IN ( 2220438, 7987004, 378922, 2160822, 8743011, 5601441, 4781353, 4630123, 7058038, 7580656)
	Index Scan using sbtest1_pkey on sbtest1  (cost=0.43..83.66 rows=10 width=121)
	  Index Cond: (id = ANY ('{2220438,7987004,378922,2160822,8743011,5601441,4781353,4630123,7058038,7580656}'::integer[]))

table 2 : explain SELECT c FROM sbtest2 WHERE id IN ( 2220438, 7987004, 378922, 2160822, 8743011, 5601441, 4781353, 4630123, 7058038, 7580656)
	Index Scan using sbtest2_pkey on sbtest2  (cost=0.43..83.56 rows=10 width=121)
	  Index Cond: (id = ANY ('{2220438,7987004,378922,2160822,8743011,5601441,4781353,4630123,7058038,7580656}'::integer[]))

table 3 : explain SELECT c FROM sbtest3 WHERE id IN ( 2220438, 7987004, 378922, 2160822, 8743011, 5601441, 4781353, 4630123, 7058038, 7580656)
	Index Scan using sbtest3_pkey on sbtest3  (cost=0.43..83.67 rows=10 width=121)
	  Index Cond: (id = ANY ('{2220438,7987004,378922,2160822,8743011,5601441,4781353,4630123,7058038,7580656}'::integer[]))

table 4 : explain SELECT c FROM sbtest4 WHERE id IN ( 2220438, 7987004, 378922, 2160822, 8743011, 5601441, 4781353, 4630123, 7058038, 7580656)
	Index Scan using sbtest4_pkey on sbtest4  (cost=0.43..83.51 rows=10 width=121)
	  Index Cond: (id = ANY ('{2220438,7987004,378922,2160822,8743011,5601441,4781353,4630123,7058038,7580656}'::integer[]))

table 5 : explain SELECT c FROM sbtest5 WHERE id IN ( 2220438, 7987004, 378922, 2160822, 8743011, 5601441, 4781353, 4630123, 7058038, 7580656)
	Index Scan using sbtest5_pkey on sbtest5  (cost=0.43..83.57 rows=10 width=121)
	  Index Cond: (id = ANY ('{2220438,7987004,378922,2160822,8743011,5601441,4781353,4630123,7058038,7580656}'::integer[]))

table 6 : explain SELECT c FROM sbtest6 WHERE id IN ( 2220438, 7987004, 378922, 2160822, 8743011, 5601441, 4781353, 4630123, 7058038, 7580656)
	Index Scan using sbtest6_pkey on sbtest6  (cost=0.43..83.64 rows=10 width=121)
	  Index Cond: (id = ANY ('{2220438,7987004,378922,2160822,8743011,5601441,4781353,4630123,7058038,7580656}'::integer[]))

table 7 : explain SELECT c FROM sbtest7 WHERE id IN ( 2220438, 7987004, 378922, 2160822, 8743011, 5601441, 4781353, 4630123, 7058038, 7580656)
	Index Scan using sbtest7_pkey on sbtest7  (cost=0.43..83.57 rows=10 width=121)
	  Index Cond: (id = ANY ('{2220438,7987004,378922,2160822,8743011,5601441,4781353,4630123,7058038,7580656}'::integer[]))

table 8 : explain SELECT c FROM sbtest8 WHERE id IN ( 2220438, 7987004, 378922, 2160822, 8743011, 5601441, 4781353, 4630123, 7058038, 7580656)
	Index Scan using sbtest8_pkey on sbtest8  (cost=0.43..83.59 rows=10 width=121)
	  Index Cond: (id = ANY ('{2220438,7987004,378922,2160822,8743011,5601441,4781353,4630123,7058038,7580656}'::integer[]))

explain: for select-inlist :: explain SELECT c FROM sbtest%d WHERE id IN ( 5148142, 3497678, 4490732, 1773357, 6916413, 743306, 4082564, 2455662, 6996450, 8431795)
explain: for select-inlist :: explain SELECT c FROM sbtest%d WHERE id IN ( 7648690, 6022436, 9393060, 9462887, 9104088, 9493309, 9598645, 6910067, 688161, 9674445)
explain: for select-inlist :: explain SELECT c FROM sbtest%d WHERE id IN ( 976895, 7939524, 52847, 4810339, 2140494, 1857883, 9660813, 5409847, 8530405, 4404378)
explain: for select-inlist :: explain SELECT c FROM sbtest%d WHERE id IN ( 1580277, 6492491, 5612688, 301365, 1212099, 4076566, 2351653, 6731610, 9655618, 8888733)
explain: for select-inlist :: explain SELECT c FROM sbtest%d WHERE id IN ( 3531133, 6700162, 5966427, 9409654, 1741623, 6385914, 518719, 4561534, 5277765, 8942372)
explain: for select-inlist :: explain SELECT c FROM sbtest%d WHERE id IN ( 4335647, 8679956, 1286920, 8456315, 1670450, 9834669, 6851866, 9661119, 3512975, 5521381)
explain: for select-inlist :: explain SELECT c FROM sbtest%d WHERE id IN ( 6294575, 962612, 6491341, 4026123, 6336209, 2679651, 2315603, 7364083, 7502139, 2760219)
explain: for select-inlist :: explain SELECT c FROM sbtest%d WHERE id IN ( 1472471, 4310796, 393324, 9727284, 9666573, 8936242, 6125366, 3188525, 1747806, 8828571)
for select-inlist
table 1 : explain SELECT c FROM sbtest1 WHERE id IN ( 7648690, 6022436, 9393060, 9462887, 9104088, 9493309, 9598645, 6910067, 688161, 9674445)
	Index Scan using sbtest1_pkey on sbtest1  (cost=0.43..83.66 rows=10 width=121)
	  Index Cond: (id = ANY ('{7648690,6022436,9393060,9462887,9104088,9493309,9598645,6910067,688161,9674445}'::integer[]))

table 2 : explain SELECT c FROM sbtest2 WHERE id IN ( 7648690, 6022436, 9393060, 9462887, 9104088, 9493309, 9598645, 6910067, 688161, 9674445)
	Index Scan using sbtest2_pkey on sbtest2  (cost=0.43..83.56 rows=10 width=121)
	  Index Cond: (id = ANY ('{7648690,6022436,9393060,9462887,9104088,9493309,9598645,6910067,688161,9674445}'::integer[]))

table 3 : explain SELECT c FROM sbtest3 WHERE id IN ( 7648690, 6022436, 9393060, 9462887, 9104088, 9493309, 9598645, 6910067, 688161, 9674445)
	Index Scan using sbtest3_pkey on sbtest3  (cost=0.43..83.67 rows=10 width=121)
	  Index Cond: (id = ANY ('{7648690,6022436,9393060,9462887,9104088,9493309,9598645,6910067,688161,9674445}'::integer[]))

table 4 : explain SELECT c FROM sbtest4 WHERE id IN ( 7648690, 6022436, 9393060, 9462887, 9104088, 9493309, 9598645, 6910067, 688161, 9674445)
	Index Scan using sbtest4_pkey on sbtest4  (cost=0.43..83.51 rows=10 width=121)
	  Index Cond: (id = ANY ('{7648690,6022436,9393060,9462887,9104088,9493309,9598645,6910067,688161,9674445}'::integer[]))

table 5 : explain SELECT c FROM sbtest5 WHERE id IN ( 7648690, 6022436, 9393060, 9462887, 9104088, 9493309, 9598645, 6910067, 688161, 9674445)
	Index Scan using sbtest5_pkey on sbtest5  (cost=0.43..83.57 rows=10 width=121)
	  Index Cond: (id = ANY ('{7648690,6022436,9393060,9462887,9104088,9493309,9598645,6910067,688161,9674445}'::integer[]))

table 6 : explain SELECT c FROM sbtest6 WHERE id IN ( 7648690, 6022436, 9393060, 9462887, 9104088, 9493309, 9598645, 6910067, 688161, 9674445)
	Index Scan using sbtest6_pkey on sbtest6  (cost=0.43..83.64 rows=10 width=121)
	  Index Cond: (id = ANY ('{7648690,6022436,9393060,9462887,9104088,9493309,9598645,6910067,688161,9674445}'::integer[]))

table 7 : explain SELECT c FROM sbtest7 WHERE id IN ( 7648690, 6022436, 9393060, 9462887, 9104088, 9493309, 9598645, 6910067, 688161, 9674445)
	Index Scan using sbtest7_pkey on sbtest7  (cost=0.43..83.57 rows=10 width=121)
	  Index Cond: (id = ANY ('{7648690,6022436,9393060,9462887,9104088,9493309,9598645,6910067,688161,9674445}'::integer[]))

table 8 : explain SELECT c FROM sbtest8 WHERE id IN ( 7648690, 6022436, 9393060, 9462887, 9104088, 9493309, 9598645, 6910067, 688161, 9674445)
	Index Scan using sbtest8_pkey on sbtest8  (cost=0.43..83.59 rows=10 width=121)
	  Index Cond: (id = ANY ('{7648690,6022436,9393060,9462887,9104088,9493309,9598645,6910067,688161,9674445}'::integer[]))

for select-inlist
table 1 : explain SELECT c FROM sbtest1 WHERE id IN ( 5148142, 3497678, 4490732, 1773357, 6916413, 743306, 4082564, 2455662, 6996450, 8431795)
	Index Scan using sbtest1_pkey on sbtest1  (cost=0.43..83.66 rows=10 width=121)
	  Index Cond: (id = ANY ('{5148142,3497678,4490732,1773357,6916413,743306,4082564,2455662,6996450,8431795}'::integer[]))

table 2 : explain SELECT c FROM sbtest2 WHERE id IN ( 5148142, 3497678, 4490732, 1773357, 6916413, 743306, 4082564, 2455662, 6996450, 8431795)
	Index Scan using sbtest2_pkey on sbtest2  (cost=0.43..83.56 rows=10 width=121)
	  Index Cond: (id = ANY ('{5148142,3497678,4490732,1773357,6916413,743306,4082564,2455662,6996450,8431795}'::integer[]))

table 3 : explain SELECT c FROM sbtest3 WHERE id IN ( 5148142, 3497678, 4490732, 1773357, 6916413, 743306, 4082564, 2455662, 6996450, 8431795)
	Index Scan using sbtest3_pkey on sbtest3  (cost=0.43..83.67 rows=10 width=121)
	  Index Cond: (id = ANY ('{5148142,3497678,4490732,1773357,6916413,743306,4082564,2455662,6996450,8431795}'::integer[]))

table 4 : explain SELECT c FROM sbtest4 WHERE id IN ( 5148142, 3497678, 4490732, 1773357, 6916413, 743306, 4082564, 2455662, 6996450, 8431795)
	Index Scan using sbtest4_pkey on sbtest4  (cost=0.43..83.51 rows=10 width=121)
	  Index Cond: (id = ANY ('{5148142,3497678,4490732,1773357,6916413,743306,4082564,2455662,6996450,8431795}'::integer[]))

table 5 : explain SELECT c FROM sbtest5 WHERE id IN ( 5148142, 3497678, 4490732, 1773357, 6916413, 743306, 4082564, 2455662, 6996450, 8431795)
	Index Scan using sbtest5_pkey on sbtest5  (cost=0.43..83.57 rows=10 width=121)
	  Index Cond: (id = ANY ('{5148142,3497678,4490732,1773357,6916413,743306,4082564,2455662,6996450,8431795}'::integer[]))

table 6 : explain SELECT c FROM sbtest6 WHERE id IN ( 5148142, 3497678, 4490732, 1773357, 6916413, 743306, 4082564, 2455662, 6996450, 8431795)
	Index Scan using sbtest6_pkey on sbtest6  (cost=0.43..83.64 rows=10 width=121)
	  Index Cond: (id = ANY ('{5148142,3497678,4490732,1773357,6916413,743306,4082564,2455662,6996450,8431795}'::integer[]))

table 7 : explain SELECT c FROM sbtest7 WHERE id IN ( 5148142, 3497678, 4490732, 1773357, 6916413, 743306, 4082564, 2455662, 6996450, 8431795)
	Index Scan using sbtest7_pkey on sbtest7  (cost=0.43..83.57 rows=10 width=121)
	  Index Cond: (id = ANY ('{5148142,3497678,4490732,1773357,6916413,743306,4082564,2455662,6996450,8431795}'::integer[]))

table 8 : explain SELECT c FROM sbtest8 WHERE id IN ( 5148142, 3497678, 4490732, 1773357, 6916413, 743306, 4082564, 2455662, 6996450, 8431795)
	Index Scan using sbtest8_pkey on sbtest8  (cost=0.43..83.59 rows=10 width=121)
	  Index Cond: (id = ANY ('{5148142,3497678,4490732,1773357,6916413,743306,4082564,2455662,6996450,8431795}'::integer[]))

for select-inlist
table 1 : explain SELECT c FROM sbtest1 WHERE id IN ( 1580277, 6492491, 5612688, 301365, 1212099, 4076566, 2351653, 6731610, 9655618, 8888733)
	Index Scan using sbtest1_pkey on sbtest1  (cost=0.43..83.66 rows=10 width=121)
	  Index Cond: (id = ANY ('{1580277,6492491,5612688,301365,1212099,4076566,2351653,6731610,9655618,8888733}'::integer[]))

table 2 : explain SELECT c FROM sbtest2 WHERE id IN ( 1580277, 6492491, 5612688, 301365, 1212099, 4076566, 2351653, 6731610, 9655618, 8888733)
	Index Scan using sbtest2_pkey on sbtest2  (cost=0.43..83.56 rows=10 width=121)
	  Index Cond: (id = ANY ('{1580277,6492491,5612688,301365,1212099,4076566,2351653,6731610,9655618,8888733}'::integer[]))

table 3 : explain SELECT c FROM sbtest3 WHERE id IN ( 1580277, 6492491, 5612688, 301365, 1212099, 4076566, 2351653, 6731610, 9655618, 8888733)
	Index Scan using sbtest3_pkey on sbtest3  (cost=0.43..83.67 rows=10 width=121)
	  Index Cond: (id = ANY ('{1580277,6492491,5612688,301365,1212099,4076566,2351653,6731610,9655618,8888733}'::integer[]))

table 4 : explain SELECT c FROM sbtest4 WHERE id IN ( 1580277, 6492491, 5612688, 301365, 1212099, 4076566, 2351653, 6731610, 9655618, 8888733)
	Index Scan using sbtest4_pkey on sbtest4  (cost=0.43..83.51 rows=10 width=121)
	  Index Cond: (id = ANY ('{1580277,6492491,5612688,301365,1212099,4076566,2351653,6731610,9655618,8888733}'::integer[]))

table 5 : explain SELECT c FROM sbtest5 WHERE id IN ( 1580277, 6492491, 5612688, 301365, 1212099, 4076566, 2351653, 6731610, 9655618, 8888733)
	Index Scan using sbtest5_pkey on sbtest5  (cost=0.43..83.57 rows=10 width=121)
	  Index Cond: (id = ANY ('{1580277,6492491,5612688,301365,1212099,4076566,2351653,6731610,9655618,8888733}'::integer[]))

table 6 : explain SELECT c FROM sbtest6 WHERE id IN ( 1580277, 6492491, 5612688, 301365, 1212099, 4076566, 2351653, 6731610, 9655618, 8888733)
	Index Scan using sbtest6_pkey on sbtest6  (cost=0.43..83.64 rows=10 width=121)
	  Index Cond: (id = ANY ('{1580277,6492491,5612688,301365,1212099,4076566,2351653,6731610,9655618,8888733}'::integer[]))

table 7 : explain SELECT c FROM sbtest7 WHERE id IN ( 1580277, 6492491, 5612688, 301365, 1212099, 4076566, 2351653, 6731610, 9655618, 8888733)
	Index Scan using sbtest7_pkey on sbtest7  (cost=0.43..83.57 rows=10 width=121)
	  Index Cond: (id = ANY ('{1580277,6492491,5612688,301365,1212099,4076566,2351653,6731610,9655618,8888733}'::integer[]))

table 8 : explain SELECT c FROM sbtest8 WHERE id IN ( 1580277, 6492491, 5612688, 301365, 1212099, 4076566, 2351653, 6731610, 9655618, 8888733)
	Index Scan using sbtest8_pkey on sbtest8  (cost=0.43..83.59 rows=10 width=121)
	  Index Cond: (id = ANY ('{1580277,6492491,5612688,301365,1212099,4076566,2351653,6731610,9655618,8888733}'::integer[]))

for select-inlist
table 1 : explain SELECT c FROM sbtest1 WHERE id IN ( 976895, 7939524, 52847, 4810339, 2140494, 1857883, 9660813, 5409847, 8530405, 4404378)
	Index Scan using sbtest1_pkey on sbtest1  (cost=0.43..83.66 rows=10 width=121)
	  Index Cond: (id = ANY ('{976895,7939524,52847,4810339,2140494,1857883,9660813,5409847,8530405,4404378}'::integer[]))

table 2 : explain SELECT c FROM sbtest2 WHERE id IN ( 976895, 7939524, 52847, 4810339, 2140494, 1857883, 9660813, 5409847, 8530405, 4404378)
	Index Scan using sbtest2_pkey on sbtest2  (cost=0.43..83.56 rows=10 width=121)
	  Index Cond: (id = ANY ('{976895,7939524,52847,4810339,2140494,1857883,9660813,5409847,8530405,4404378}'::integer[]))

table 3 : explain SELECT c FROM sbtest3 WHERE id IN ( 976895, 7939524, 52847, 4810339, 2140494, 1857883, 9660813, 5409847, 8530405, 4404378)
	Index Scan using sbtest3_pkey on sbtest3  (cost=0.43..83.67 rows=10 width=121)
	  Index Cond: (id = ANY ('{976895,7939524,52847,4810339,2140494,1857883,9660813,5409847,8530405,4404378}'::integer[]))

table 4 : explain SELECT c FROM sbtest4 WHERE id IN ( 976895, 7939524, 52847, 4810339, 2140494, 1857883, 9660813, 5409847, 8530405, 4404378)
	Index Scan using sbtest4_pkey on sbtest4  (cost=0.43..83.51 rows=10 width=121)
	  Index Cond: (id = ANY ('{976895,7939524,52847,4810339,2140494,1857883,9660813,5409847,8530405,4404378}'::integer[]))

table 5 : explain SELECT c FROM sbtest5 WHERE id IN ( 976895, 7939524, 52847, 4810339, 2140494, 1857883, 9660813, 5409847, 8530405, 4404378)
	Index Scan using sbtest5_pkey on sbtest5  (cost=0.43..83.57 rows=10 width=121)
	  Index Cond: (id = ANY ('{976895,7939524,52847,4810339,2140494,1857883,9660813,5409847,8530405,4404378}'::integer[]))

table 6 : explain SELECT c FROM sbtest6 WHERE id IN ( 976895, 7939524, 52847, 4810339, 2140494, 1857883, 9660813, 5409847, 8530405, 4404378)
	Index Scan using sbtest6_pkey on sbtest6  (cost=0.43..83.64 rows=10 width=121)
	  Index Cond: (id = ANY ('{976895,7939524,52847,4810339,2140494,1857883,9660813,5409847,8530405,4404378}'::integer[]))

table 7 : explain SELECT c FROM sbtest7 WHERE id IN ( 976895, 7939524, 52847, 4810339, 2140494, 1857883, 9660813, 5409847, 8530405, 4404378)
	Index Scan using sbtest7_pkey on sbtest7  (cost=0.43..83.57 rows=10 width=121)
	  Index Cond: (id = ANY ('{976895,7939524,52847,4810339,2140494,1857883,9660813,5409847,8530405,4404378}'::integer[]))

table 8 : explain SELECT c FROM sbtest8 WHERE id IN ( 976895, 7939524, 52847, 4810339, 2140494, 1857883, 9660813, 5409847, 8530405, 4404378)
	Index Scan using sbtest8_pkey on sbtest8  (cost=0.43..83.59 rows=10 width=121)
	  Index Cond: (id = ANY ('{976895,7939524,52847,4810339,2140494,1857883,9660813,5409847,8530405,4404378}'::integer[]))

for select-inlist
table 1 : explain SELECT c FROM sbtest1 WHERE id IN ( 2273197, 2029333, 7097241, 1038898, 1539146, 4149711, 6578915, 5300584, 4246631, 1343986)
	Index Scan using sbtest1_pkey on sbtest1  (cost=0.43..83.66 rows=10 width=121)
	  Index Cond: (id = ANY ('{2273197,2029333,7097241,1038898,1539146,4149711,6578915,5300584,4246631,1343986}'::integer[]))

table 2 : explain SELECT c FROM sbtest2 WHERE id IN ( 2273197, 2029333, 7097241, 1038898, 1539146, 4149711, 6578915, 5300584, 4246631, 1343986)
	Index Scan using sbtest2_pkey on sbtest2  (cost=0.43..83.56 rows=10 width=121)
	  Index Cond: (id = ANY ('{2273197,2029333,7097241,1038898,1539146,4149711,6578915,5300584,4246631,1343986}'::integer[]))

table 3 : explain SELECT c FROM sbtest3 WHERE id IN ( 2273197, 2029333, 7097241, 1038898, 1539146, 4149711, 6578915, 5300584, 4246631, 1343986)
	Index Scan using sbtest3_pkey on sbtest3  (cost=0.43..83.67 rows=10 width=121)
	  Index Cond: (id = ANY ('{2273197,2029333,7097241,1038898,1539146,4149711,6578915,5300584,4246631,1343986}'::integer[]))

table 4 : explain SELECT c FROM sbtest4 WHERE id IN ( 2273197, 2029333, 7097241, 1038898, 1539146, 4149711, 6578915, 5300584, 4246631, 1343986)
	Index Scan using sbtest4_pkey on sbtest4  (cost=0.43..83.51 rows=10 width=121)
	  Index Cond: (id = ANY ('{2273197,2029333,7097241,1038898,1539146,4149711,6578915,5300584,4246631,1343986}'::integer[]))

table 5 : explain SELECT c FROM sbtest5 WHERE id IN ( 2273197, 2029333, 7097241, 1038898, 1539146, 4149711, 6578915, 5300584, 4246631, 1343986)
	Index Scan using sbtest5_pkey on sbtest5  (cost=0.43..83.57 rows=10 width=121)
	  Index Cond: (id = ANY ('{2273197,2029333,7097241,1038898,1539146,4149711,6578915,5300584,4246631,1343986}'::integer[]))

table 6 : explain SELECT c FROM sbtest6 WHERE id IN ( 2273197, 2029333, 7097241, 1038898, 1539146, 4149711, 6578915, 5300584, 4246631, 1343986)
	Index Scan using sbtest6_pkey on sbtest6  (cost=0.43..83.64 rows=10 width=121)
	  Index Cond: (id = ANY ('{2273197,2029333,7097241,1038898,1539146,4149711,6578915,5300584,4246631,1343986}'::integer[]))

table 7 : explain SELECT c FROM sbtest7 WHERE id IN ( 2273197, 2029333, 7097241, 1038898, 1539146, 4149711, 6578915, 5300584, 4246631, 1343986)
	Index Scan using sbtest7_pkey on sbtest7  (cost=0.43..83.57 rows=10 width=121)
	  Index Cond: (id = ANY ('{2273197,2029333,7097241,1038898,1539146,4149711,6578915,5300584,4246631,1343986}'::integer[]))

table 8 : explain SELECT c FROM sbtest8 WHERE id IN ( 2273197, 2029333, 7097241, 1038898, 1539146, 4149711, 6578915, 5300584, 4246631, 1343986)
	Index Scan using sbtest8_pkey on sbtest8  (cost=0.43..83.59 rows=10 width=121)
	  Index Cond: (id = ANY ('{2273197,2029333,7097241,1038898,1539146,4149711,6578915,5300584,4246631,1343986}'::integer[]))

for select-inlist
table 1 : explain SELECT c FROM sbtest1 WHERE id IN ( 3531133, 6700162, 5966427, 9409654, 1741623, 6385914, 518719, 4561534, 5277765, 8942372)
	Index Scan using sbtest1_pkey on sbtest1  (cost=0.43..83.66 rows=10 width=121)
	  Index Cond: (id = ANY ('{3531133,6700162,5966427,9409654,1741623,6385914,518719,4561534,5277765,8942372}'::integer[]))

table 2 : explain SELECT c FROM sbtest2 WHERE id IN ( 3531133, 6700162, 5966427, 9409654, 1741623, 6385914, 518719, 4561534, 5277765, 8942372)
	Index Scan using sbtest2_pkey on sbtest2  (cost=0.43..83.56 rows=10 width=121)
	  Index Cond: (id = ANY ('{3531133,6700162,5966427,9409654,1741623,6385914,518719,4561534,5277765,8942372}'::integer[]))

table 3 : explain SELECT c FROM sbtest3 WHERE id IN ( 3531133, 6700162, 5966427, 9409654, 1741623, 6385914, 518719, 4561534, 5277765, 8942372)
	Index Scan using sbtest3_pkey on sbtest3  (cost=0.43..83.67 rows=10 width=121)
	  Index Cond: (id = ANY ('{3531133,6700162,5966427,9409654,1741623,6385914,518719,4561534,5277765,8942372}'::integer[]))

table 4 : explain SELECT c FROM sbtest4 WHERE id IN ( 3531133, 6700162, 5966427, 9409654, 1741623, 6385914, 518719, 4561534, 5277765, 8942372)
	Index Scan using sbtest4_pkey on sbtest4  (cost=0.43..83.51 rows=10 width=121)
	  Index Cond: (id = ANY ('{3531133,6700162,5966427,9409654,1741623,6385914,518719,4561534,5277765,8942372}'::integer[]))

table 5 : explain SELECT c FROM sbtest5 WHERE id IN ( 3531133, 6700162, 5966427, 9409654, 1741623, 6385914, 518719, 4561534, 5277765, 8942372)
	Index Scan using sbtest5_pkey on sbtest5  (cost=0.43..83.57 rows=10 width=121)
	  Index Cond: (id = ANY ('{3531133,6700162,5966427,9409654,1741623,6385914,518719,4561534,5277765,8942372}'::integer[]))

table 6 : explain SELECT c FROM sbtest6 WHERE id IN ( 3531133, 6700162, 5966427, 9409654, 1741623, 6385914, 518719, 4561534, 5277765, 8942372)
	Index Scan using sbtest6_pkey on sbtest6  (cost=0.43..83.64 rows=10 width=121)
	  Index Cond: (id = ANY ('{3531133,6700162,5966427,9409654,1741623,6385914,518719,4561534,5277765,8942372}'::integer[]))

table 7 : explain SELECT c FROM sbtest7 WHERE id IN ( 3531133, 6700162, 5966427, 9409654, 1741623, 6385914, 518719, 4561534, 5277765, 8942372)
	Index Scan using sbtest7_pkey on sbtest7  (cost=0.43..83.57 rows=10 width=121)
	  Index Cond: (id = ANY ('{3531133,6700162,5966427,9409654,1741623,6385914,518719,4561534,5277765,8942372}'::integer[]))

table 8 : explain SELECT c FROM sbtest8 WHERE id IN ( 3531133, 6700162, 5966427, 9409654, 1741623, 6385914, 518719, 4561534, 5277765, 8942372)
	Index Scan using sbtest8_pkey on sbtest8  (cost=0.43..83.59 rows=10 width=121)
	  Index Cond: (id = ANY ('{3531133,6700162,5966427,9409654,1741623,6385914,518719,4561534,5277765,8942372}'::integer[]))

for select-inlist
table 1 : explain SELECT c FROM sbtest1 WHERE id IN ( 4335647, 8679956, 1286920, 8456315, 1670450, 9834669, 6851866, 9661119, 3512975, 5521381)
	Index Scan using sbtest1_pkey on sbtest1  (cost=0.43..83.66 rows=10 width=121)
	  Index Cond: (id = ANY ('{4335647,8679956,1286920,8456315,1670450,9834669,6851866,9661119,3512975,5521381}'::integer[]))

table 2 : explain SELECT c FROM sbtest2 WHERE id IN ( 4335647, 8679956, 1286920, 8456315, 1670450, 9834669, 6851866, 9661119, 3512975, 5521381)
	Index Scan using sbtest2_pkey on sbtest2  (cost=0.43..83.56 rows=10 width=121)
	  Index Cond: (id = ANY ('{4335647,8679956,1286920,8456315,1670450,9834669,6851866,9661119,3512975,5521381}'::integer[]))

table 3 : explain SELECT c FROM sbtest3 WHERE id IN ( 4335647, 8679956, 1286920, 8456315, 1670450, 9834669, 6851866, 9661119, 3512975, 5521381)
	Index Scan using sbtest3_pkey on sbtest3  (cost=0.43..83.67 rows=10 width=121)
	  Index Cond: (id = ANY ('{4335647,8679956,1286920,8456315,1670450,9834669,6851866,9661119,3512975,5521381}'::integer[]))

table 4 : explain SELECT c FROM sbtest4 WHERE id IN ( 4335647, 8679956, 1286920, 8456315, 1670450, 9834669, 6851866, 9661119, 3512975, 5521381)
	Index Scan using sbtest4_pkey on sbtest4  (cost=0.43..83.51 rows=10 width=121)
	  Index Cond: (id = ANY ('{4335647,8679956,1286920,8456315,1670450,9834669,6851866,9661119,3512975,5521381}'::integer[]))

table 5 : explain SELECT c FROM sbtest5 WHERE id IN ( 4335647, 8679956, 1286920, 8456315, 1670450, 9834669, 6851866, 9661119, 3512975, 5521381)
	Index Scan using sbtest5_pkey on sbtest5  (cost=0.43..83.57 rows=10 width=121)
	  Index Cond: (id = ANY ('{4335647,8679956,1286920,8456315,1670450,9834669,6851866,9661119,3512975,5521381}'::integer[]))

table 6 : explain SELECT c FROM sbtest6 WHERE id IN ( 4335647, 8679956, 1286920, 8456315, 1670450, 9834669, 6851866, 9661119, 3512975, 5521381)
	Index Scan using sbtest6_pkey on sbtest6  (cost=0.43..83.64 rows=10 width=121)
	  Index Cond: (id = ANY ('{4335647,8679956,1286920,8456315,1670450,9834669,6851866,9661119,3512975,5521381}'::integer[]))

table 7 : explain SELECT c FROM sbtest7 WHERE id IN ( 4335647, 8679956, 1286920, 8456315, 1670450, 9834669, 6851866, 9661119, 3512975, 5521381)
	Index Scan using sbtest7_pkey on sbtest7  (cost=0.43..83.57 rows=10 width=121)
	  Index Cond: (id = ANY ('{4335647,8679956,1286920,8456315,1670450,9834669,6851866,9661119,3512975,5521381}'::integer[]))

table 8 : explain SELECT c FROM sbtest8 WHERE id IN ( 4335647, 8679956, 1286920, 8456315, 1670450, 9834669, 6851866, 9661119, 3512975, 5521381)
	Index Scan using sbtest8_pkey on sbtest8  (cost=0.43..83.59 rows=10 width=121)
	  Index Cond: (id = ANY ('{4335647,8679956,1286920,8456315,1670450,9834669,6851866,9661119,3512975,5521381}'::integer[]))

for select-inlist
table 1 : explain SELECT c FROM sbtest1 WHERE id IN ( 6294575, 962612, 6491341, 4026123, 6336209, 2679651, 2315603, 7364083, 7502139, 2760219)
	Index Scan using sbtest1_pkey on sbtest1  (cost=0.43..83.66 rows=10 width=121)
	  Index Cond: (id = ANY ('{6294575,962612,6491341,4026123,6336209,2679651,2315603,7364083,7502139,2760219}'::integer[]))

table 2 : explain SELECT c FROM sbtest2 WHERE id IN ( 6294575, 962612, 6491341, 4026123, 6336209, 2679651, 2315603, 7364083, 7502139, 2760219)
	Index Scan using sbtest2_pkey on sbtest2  (cost=0.43..83.56 rows=10 width=121)
	  Index Cond: (id = ANY ('{6294575,962612,6491341,4026123,6336209,2679651,2315603,7364083,7502139,2760219}'::integer[]))

table 3 : explain SELECT c FROM sbtest3 WHERE id IN ( 6294575, 962612, 6491341, 4026123, 6336209, 2679651, 2315603, 7364083, 7502139, 2760219)
	Index Scan using sbtest3_pkey on sbtest3  (cost=0.43..83.67 rows=10 width=121)
	  Index Cond: (id = ANY ('{6294575,962612,6491341,4026123,6336209,2679651,2315603,7364083,7502139,2760219}'::integer[]))

table 4 : explain SELECT c FROM sbtest4 WHERE id IN ( 6294575, 962612, 6491341, 4026123, 6336209, 2679651, 2315603, 7364083, 7502139, 2760219)
	Index Scan using sbtest4_pkey on sbtest4  (cost=0.43..83.51 rows=10 width=121)
	  Index Cond: (id = ANY ('{6294575,962612,6491341,4026123,6336209,2679651,2315603,7364083,7502139,2760219}'::integer[]))

table 5 : explain SELECT c FROM sbtest5 WHERE id IN ( 6294575, 962612, 6491341, 4026123, 6336209, 2679651, 2315603, 7364083, 7502139, 2760219)
	Index Scan using sbtest5_pkey on sbtest5  (cost=0.43..83.57 rows=10 width=121)
	  Index Cond: (id = ANY ('{6294575,962612,6491341,4026123,6336209,2679651,2315603,7364083,7502139,2760219}'::integer[]))

table 6 : explain SELECT c FROM sbtest6 WHERE id IN ( 6294575, 962612, 6491341, 4026123, 6336209, 2679651, 2315603, 7364083, 7502139, 2760219)
	Index Scan using sbtest6_pkey on sbtest6  (cost=0.43..83.64 rows=10 width=121)
	  Index Cond: (id = ANY ('{6294575,962612,6491341,4026123,6336209,2679651,2315603,7364083,7502139,2760219}'::integer[]))

table 7 : explain SELECT c FROM sbtest7 WHERE id IN ( 6294575, 962612, 6491341, 4026123, 6336209, 2679651, 2315603, 7364083, 7502139, 2760219)
	Index Scan using sbtest7_pkey on sbtest7  (cost=0.43..83.57 rows=10 width=121)
	  Index Cond: (id = ANY ('{6294575,962612,6491341,4026123,6336209,2679651,2315603,7364083,7502139,2760219}'::integer[]))

table 8 : explain SELECT c FROM sbtest8 WHERE id IN ( 6294575, 962612, 6491341, 4026123, 6336209, 2679651, 2315603, 7364083, 7502139, 2760219)
	Index Scan using sbtest8_pkey on sbtest8  (cost=0.43..83.59 rows=10 width=121)
	  Index Cond: (id = ANY ('{6294575,962612,6491341,4026123,6336209,2679651,2315603,7364083,7502139,2760219}'::integer[]))

explain: for select-inlist :: explain SELECT c FROM sbtest%d WHERE id IN ( 5662592, 3455283, 8387228, 7901134, 5392730, 1374759, 2499944, 6094235, 96118, 6232257)
for select-inlist
table 1 : explain SELECT c FROM sbtest1 WHERE id IN ( 1472471, 4310796, 393324, 9727284, 9666573, 8936242, 6125366, 3188525, 1747806, 8828571)
	Index Scan using sbtest1_pkey on sbtest1  (cost=0.43..83.66 rows=10 width=121)
	  Index Cond: (id = ANY ('{1472471,4310796,393324,9727284,9666573,8936242,6125366,3188525,1747806,8828571}'::integer[]))

table 2 : explain SELECT c FROM sbtest2 WHERE id IN ( 1472471, 4310796, 393324, 9727284, 9666573, 8936242, 6125366, 3188525, 1747806, 8828571)
	Index Scan using sbtest2_pkey on sbtest2  (cost=0.43..83.56 rows=10 width=121)
	  Index Cond: (id = ANY ('{1472471,4310796,393324,9727284,9666573,8936242,6125366,3188525,1747806,8828571}'::integer[]))

table 3 : explain SELECT c FROM sbtest3 WHERE id IN ( 1472471, 4310796, 393324, 9727284, 9666573, 8936242, 6125366, 3188525, 1747806, 8828571)
	Index Scan using sbtest3_pkey on sbtest3  (cost=0.43..83.67 rows=10 width=121)
	  Index Cond: (id = ANY ('{1472471,4310796,393324,9727284,9666573,8936242,6125366,3188525,1747806,8828571}'::integer[]))

table 4 : explain SELECT c FROM sbtest4 WHERE id IN ( 1472471, 4310796, 393324, 9727284, 9666573, 8936242, 6125366, 3188525, 1747806, 8828571)
	Index Scan using sbtest4_pkey on sbtest4  (cost=0.43..83.51 rows=10 width=121)
	  Index Cond: (id = ANY ('{1472471,4310796,393324,9727284,9666573,8936242,6125366,3188525,1747806,8828571}'::integer[]))

table 5 : explain SELECT c FROM sbtest5 WHERE id IN ( 1472471, 4310796, 393324, 9727284, 9666573, 8936242, 6125366, 3188525, 1747806, 8828571)
	Index Scan using sbtest5_pkey on sbtest5  (cost=0.43..83.57 rows=10 width=121)
	  Index Cond: (id = ANY ('{1472471,4310796,393324,9727284,9666573,8936242,6125366,3188525,1747806,8828571}'::integer[]))

table 6 : explain SELECT c FROM sbtest6 WHERE id IN ( 1472471, 4310796, 393324, 9727284, 9666573, 8936242, 6125366, 3188525, 1747806, 8828571)
	Index Scan using sbtest6_pkey on sbtest6  (cost=0.43..83.64 rows=10 width=121)
	  Index Cond: (id = ANY ('{1472471,4310796,393324,9727284,9666573,8936242,6125366,3188525,1747806,8828571}'::integer[]))

table 7 : explain SELECT c FROM sbtest7 WHERE id IN ( 1472471, 4310796, 393324, 9727284, 9666573, 8936242, 6125366, 3188525, 1747806, 8828571)
	Index Scan using sbtest7_pkey on sbtest7  (cost=0.43..83.57 rows=10 width=121)
	  Index Cond: (id = ANY ('{1472471,4310796,393324,9727284,9666573,8936242,6125366,3188525,1747806,8828571}'::integer[]))

table 8 : explain SELECT c FROM sbtest8 WHERE id IN ( 1472471, 4310796, 393324, 9727284, 9666573, 8936242, 6125366, 3188525, 1747806, 8828571)
	Index Scan using sbtest8_pkey on sbtest8  (cost=0.43..83.59 rows=10 width=121)
	  Index Cond: (id = ANY ('{1472471,4310796,393324,9727284,9666573,8936242,6125366,3188525,1747806,8828571}'::integer[]))

explain: for select-inlist :: explain SELECT c FROM sbtest%d WHERE id IN ( 9022079, 7936134, 7428090, 5407287, 7310977, 8626401, 469707, 9759278, 1335825, 9054692)
explain: for select-inlist :: explain SELECT c FROM sbtest%d WHERE id IN ( 7825992, 2140428, 2232736, 4011244, 6489998, 8057858, 1115012, 4388075, 3861781, 6284865)
explain: for select-inlist :: explain SELECT c FROM sbtest%d WHERE id IN ( 4525486, 2666617, 2813252, 8788961, 5080168, 2605256, 4630623, 3224950, 9726900, 172365)
explain: for select-inlist :: explain SELECT c FROM sbtest%d WHERE id IN ( 232483, 1325368, 4330143, 5651380, 370412, 6388265, 2811926, 6626445, 2128471, 7180495)
for select-inlist
table 1 : explain SELECT c FROM sbtest1 WHERE id IN ( 5662592, 3455283, 8387228, 7901134, 5392730, 1374759, 2499944, 6094235, 96118, 6232257)
	Index Scan using sbtest1_pkey on sbtest1  (cost=0.43..83.66 rows=10 width=121)
	  Index Cond: (id = ANY ('{5662592,3455283,8387228,7901134,5392730,1374759,2499944,6094235,96118,6232257}'::integer[]))

table 2 : explain SELECT c FROM sbtest2 WHERE id IN ( 5662592, 3455283, 8387228, 7901134, 5392730, 1374759, 2499944, 6094235, 96118, 6232257)
	Index Scan using sbtest2_pkey on sbtest2  (cost=0.43..83.56 rows=10 width=121)
	  Index Cond: (id = ANY ('{5662592,3455283,8387228,7901134,5392730,1374759,2499944,6094235,96118,6232257}'::integer[]))

table 3 : explain SELECT c FROM sbtest3 WHERE id IN ( 5662592, 3455283, 8387228, 7901134, 5392730, 1374759, 2499944, 6094235, 96118, 6232257)
	Index Scan using sbtest3_pkey on sbtest3  (cost=0.43..83.67 rows=10 width=121)
	  Index Cond: (id = ANY ('{5662592,3455283,8387228,7901134,5392730,1374759,2499944,6094235,96118,6232257}'::integer[]))

table 4 : explain SELECT c FROM sbtest4 WHERE id IN ( 5662592, 3455283, 8387228, 7901134, 5392730, 1374759, 2499944, 6094235, 96118, 6232257)
	Index Scan using sbtest4_pkey on sbtest4  (cost=0.43..83.51 rows=10 width=121)
	  Index Cond: (id = ANY ('{5662592,3455283,8387228,7901134,5392730,1374759,2499944,6094235,96118,6232257}'::integer[]))

table 5 : explain SELECT c FROM sbtest5 WHERE id IN ( 5662592, 3455283, 8387228, 7901134, 5392730, 1374759, 2499944, 6094235, 96118, 6232257)
	Index Scan using sbtest5_pkey on sbtest5  (cost=0.43..83.57 rows=10 width=121)
	  Index Cond: (id = ANY ('{5662592,3455283,8387228,7901134,5392730,1374759,2499944,6094235,96118,6232257}'::integer[]))

table 6 : explain SELECT c FROM sbtest6 WHERE id IN ( 5662592, 3455283, 8387228, 7901134, 5392730, 1374759, 2499944, 6094235, 96118, 6232257)
	Index Scan using sbtest6_pkey on sbtest6  (cost=0.43..83.64 rows=10 width=121)
	  Index Cond: (id = ANY ('{5662592,3455283,8387228,7901134,5392730,1374759,2499944,6094235,96118,6232257}'::integer[]))

table 7 : explain SELECT c FROM sbtest7 WHERE id IN ( 5662592, 3455283, 8387228, 7901134, 5392730, 1374759, 2499944, 6094235, 96118, 6232257)
	Index Scan using sbtest7_pkey on sbtest7  (cost=0.43..83.57 rows=10 width=121)
	  Index Cond: (id = ANY ('{5662592,3455283,8387228,7901134,5392730,1374759,2499944,6094235,96118,6232257}'::integer[]))

table 8 : explain SELECT c FROM sbtest8 WHERE id IN ( 5662592, 3455283, 8387228, 7901134, 5392730, 1374759, 2499944, 6094235, 96118, 6232257)
	Index Scan using sbtest8_pkey on sbtest8  (cost=0.43..83.59 rows=10 width=121)
	  Index Cond: (id = ANY ('{5662592,3455283,8387228,7901134,5392730,1374759,2499944,6094235,96118,6232257}'::integer[]))

for select-inlist
table 1 : explain SELECT c FROM sbtest1 WHERE id IN ( 9022079, 7936134, 7428090, 5407287, 7310977, 8626401, 469707, 9759278, 1335825, 9054692)
	Index Scan using sbtest1_pkey on sbtest1  (cost=0.43..83.66 rows=10 width=121)
	  Index Cond: (id = ANY ('{9022079,7936134,7428090,5407287,7310977,8626401,469707,9759278,1335825,9054692}'::integer[]))

table 2 : explain SELECT c FROM sbtest2 WHERE id IN ( 9022079, 7936134, 7428090, 5407287, 7310977, 8626401, 469707, 9759278, 1335825, 9054692)
	Index Scan using sbtest2_pkey on sbtest2  (cost=0.43..83.56 rows=10 width=121)
	  Index Cond: (id = ANY ('{9022079,7936134,7428090,5407287,7310977,8626401,469707,9759278,1335825,9054692}'::integer[]))

table 3 : explain SELECT c FROM sbtest3 WHERE id IN ( 9022079, 7936134, 7428090, 5407287, 7310977, 8626401, 469707, 9759278, 1335825, 9054692)
	Index Scan using sbtest3_pkey on sbtest3  (cost=0.43..83.67 rows=10 width=121)
	  Index Cond: (id = ANY ('{9022079,7936134,7428090,5407287,7310977,8626401,469707,9759278,1335825,9054692}'::integer[]))

table 4 : explain SELECT c FROM sbtest4 WHERE id IN ( 9022079, 7936134, 7428090, 5407287, 7310977, 8626401, 469707, 9759278, 1335825, 9054692)
	Index Scan using sbtest4_pkey on sbtest4  (cost=0.43..83.51 rows=10 width=121)
	  Index Cond: (id = ANY ('{9022079,7936134,7428090,5407287,7310977,8626401,469707,9759278,1335825,9054692}'::integer[]))

table 5 : explain SELECT c FROM sbtest5 WHERE id IN ( 9022079, 7936134, 7428090, 5407287, 7310977, 8626401, 469707, 9759278, 1335825, 9054692)
	Index Scan using sbtest5_pkey on sbtest5  (cost=0.43..83.57 rows=10 width=121)
	  Index Cond: (id = ANY ('{9022079,7936134,7428090,5407287,7310977,8626401,469707,9759278,1335825,9054692}'::integer[]))

table 6 : explain SELECT c FROM sbtest6 WHERE id IN ( 9022079, 7936134, 7428090, 5407287, 7310977, 8626401, 469707, 9759278, 1335825, 9054692)
	Index Scan using sbtest6_pkey on sbtest6  (cost=0.43..83.64 rows=10 width=121)
	  Index Cond: (id = ANY ('{9022079,7936134,7428090,5407287,7310977,8626401,469707,9759278,1335825,9054692}'::integer[]))

table 7 : explain SELECT c FROM sbtest7 WHERE id IN ( 9022079, 7936134, 7428090, 5407287, 7310977, 8626401, 469707, 9759278, 1335825, 9054692)
	Index Scan using sbtest7_pkey on sbtest7  (cost=0.43..83.57 rows=10 width=121)
	  Index Cond: (id = ANY ('{9022079,7936134,7428090,5407287,7310977,8626401,469707,9759278,1335825,9054692}'::integer[]))

table 8 : explain SELECT c FROM sbtest8 WHERE id IN ( 9022079, 7936134, 7428090, 5407287, 7310977, 8626401, 469707, 9759278, 1335825, 9054692)
	Index Scan using sbtest8_pkey on sbtest8  (cost=0.43..83.59 rows=10 width=121)
	  Index Cond: (id = ANY ('{9022079,7936134,7428090,5407287,7310977,8626401,469707,9759278,1335825,9054692}'::integer[]))

explain: for select-inlist :: explain SELECT c FROM sbtest%d WHERE id IN ( 7468834, 3137976, 3270940, 4216440, 7061348, 9153255, 9961090, 9960277, 8150344, 8873247)
for select-inlist
table 1 : explain SELECT c FROM sbtest1 WHERE id IN ( 4525486, 2666617, 2813252, 8788961, 5080168, 2605256, 4630623, 3224950, 9726900, 172365)
	Index Scan using sbtest1_pkey on sbtest1  (cost=0.43..83.66 rows=10 width=121)
	  Index Cond: (id = ANY ('{4525486,2666617,2813252,8788961,5080168,2605256,4630623,3224950,9726900,172365}'::integer[]))

table 2 : explain SELECT c FROM sbtest2 WHERE id IN ( 4525486, 2666617, 2813252, 8788961, 5080168, 2605256, 4630623, 3224950, 9726900, 172365)
	Index Scan using sbtest2_pkey on sbtest2  (cost=0.43..83.56 rows=10 width=121)
	  Index Cond: (id = ANY ('{4525486,2666617,2813252,8788961,5080168,2605256,4630623,3224950,9726900,172365}'::integer[]))

table 3 : explain SELECT c FROM sbtest3 WHERE id IN ( 4525486, 2666617, 2813252, 8788961, 5080168, 2605256, 4630623, 3224950, 9726900, 172365)
	Index Scan using sbtest3_pkey on sbtest3  (cost=0.43..83.67 rows=10 width=121)
	  Index Cond: (id = ANY ('{4525486,2666617,2813252,8788961,5080168,2605256,4630623,3224950,9726900,172365}'::integer[]))

table 4 : explain SELECT c FROM sbtest4 WHERE id IN ( 4525486, 2666617, 2813252, 8788961, 5080168, 2605256, 4630623, 3224950, 9726900, 172365)
	Index Scan using sbtest4_pkey on sbtest4  (cost=0.43..83.51 rows=10 width=121)
	  Index Cond: (id = ANY ('{4525486,2666617,2813252,8788961,5080168,2605256,4630623,3224950,9726900,172365}'::integer[]))

table 5 : explain SELECT c FROM sbtest5 WHERE id IN ( 4525486, 2666617, 2813252, 8788961, 5080168, 2605256, 4630623, 3224950, 9726900, 172365)
	Index Scan using sbtest5_pkey on sbtest5  (cost=0.43..83.57 rows=10 width=121)
	  Index Cond: (id = ANY ('{4525486,2666617,2813252,8788961,5080168,2605256,4630623,3224950,9726900,172365}'::integer[]))

table 6 : explain SELECT c FROM sbtest6 WHERE id IN ( 4525486, 2666617, 2813252, 8788961, 5080168, 2605256, 4630623, 3224950, 9726900, 172365)
	Index Scan using sbtest6_pkey on sbtest6  (cost=0.43..83.64 rows=10 width=121)
	  Index Cond: (id = ANY ('{4525486,2666617,2813252,8788961,5080168,2605256,4630623,3224950,9726900,172365}'::integer[]))

table 7 : explain SELECT c FROM sbtest7 WHERE id IN ( 4525486, 2666617, 2813252, 8788961, 5080168, 2605256, 4630623, 3224950, 9726900, 172365)
	Index Scan using sbtest7_pkey on sbtest7  (cost=0.43..83.57 rows=10 width=121)
	  Index Cond: (id = ANY ('{4525486,2666617,2813252,8788961,5080168,2605256,4630623,3224950,9726900,172365}'::integer[]))

table 8 : explain SELECT c FROM sbtest8 WHERE id IN ( 4525486, 2666617, 2813252, 8788961, 5080168, 2605256, 4630623, 3224950, 9726900, 172365)
	Index Scan using sbtest8_pkey on sbtest8  (cost=0.43..83.59 rows=10 width=121)
	  Index Cond: (id = ANY ('{4525486,2666617,2813252,8788961,5080168,2605256,4630623,3224950,9726900,172365}'::integer[]))

explain: for select-inlist :: explain SELECT c FROM sbtest%d WHERE id IN ( 3002881, 171364, 2301663, 695235, 3523074, 5422488, 6764895, 7677641, 3214916, 8647504)
for select-inlist
table 1 : explain SELECT c FROM sbtest1 WHERE id IN ( 7825992, 2140428, 2232736, 4011244, 6489998, 8057858, 1115012, 4388075, 3861781, 6284865)
	Index Scan using sbtest1_pkey on sbtest1  (cost=0.43..83.66 rows=10 width=121)
	  Index Cond: (id = ANY ('{7825992,2140428,2232736,4011244,6489998,8057858,1115012,4388075,3861781,6284865}'::integer[]))

table 2 : explain SELECT c FROM sbtest2 WHERE id IN ( 7825992, 2140428, 2232736, 4011244, 6489998, 8057858, 1115012, 4388075, 3861781, 6284865)
	Index Scan using sbtest2_pkey on sbtest2  (cost=0.43..83.56 rows=10 width=121)
	  Index Cond: (id = ANY ('{7825992,2140428,2232736,4011244,6489998,8057858,1115012,4388075,3861781,6284865}'::integer[]))

table 3 : explain SELECT c FROM sbtest3 WHERE id IN ( 7825992, 2140428, 2232736, 4011244, 6489998, 8057858, 1115012, 4388075, 3861781, 6284865)
	Index Scan using sbtest3_pkey on sbtest3  (cost=0.43..83.67 rows=10 width=121)
	  Index Cond: (id = ANY ('{7825992,2140428,2232736,4011244,6489998,8057858,1115012,4388075,3861781,6284865}'::integer[]))

table 4 : explain SELECT c FROM sbtest4 WHERE id IN ( 7825992, 2140428, 2232736, 4011244, 6489998, 8057858, 1115012, 4388075, 3861781, 6284865)
	Index Scan using sbtest4_pkey on sbtest4  (cost=0.43..83.51 rows=10 width=121)
	  Index Cond: (id = ANY ('{7825992,2140428,2232736,4011244,6489998,8057858,1115012,4388075,3861781,6284865}'::integer[]))

table 5 : explain SELECT c FROM sbtest5 WHERE id IN ( 7825992, 2140428, 2232736, 4011244, 6489998, 8057858, 1115012, 4388075, 3861781, 6284865)
	Index Scan using sbtest5_pkey on sbtest5  (cost=0.43..83.57 rows=10 width=121)
	  Index Cond: (id = ANY ('{7825992,2140428,2232736,4011244,6489998,8057858,1115012,4388075,3861781,6284865}'::integer[]))

table 6 : explain SELECT c FROM sbtest6 WHERE id IN ( 7825992, 2140428, 2232736, 4011244, 6489998, 8057858, 1115012, 4388075, 3861781, 6284865)
	Index Scan using sbtest6_pkey on sbtest6  (cost=0.43..83.64 rows=10 width=121)
	  Index Cond: (id = ANY ('{7825992,2140428,2232736,4011244,6489998,8057858,1115012,4388075,3861781,6284865}'::integer[]))

table 7 : explain SELECT c FROM sbtest7 WHERE id IN ( 7825992, 2140428, 2232736, 4011244, 6489998, 8057858, 1115012, 4388075, 3861781, 6284865)
	Index Scan using sbtest7_pkey on sbtest7  (cost=0.43..83.57 rows=10 width=121)
	  Index Cond: (id = ANY ('{7825992,2140428,2232736,4011244,6489998,8057858,1115012,4388075,3861781,6284865}'::integer[]))

table 8 : explain SELECT c FROM sbtest8 WHERE id IN ( 7825992, 2140428, 2232736, 4011244, 6489998, 8057858, 1115012, 4388075, 3861781, 6284865)
	Index Scan using sbtest8_pkey on sbtest8  (cost=0.43..83.59 rows=10 width=121)
	  Index Cond: (id = ANY ('{7825992,2140428,2232736,4011244,6489998,8057858,1115012,4388075,3861781,6284865}'::integer[]))

for select-inlist
table 1 : explain SELECT c FROM sbtest1 WHERE id IN ( 232483, 1325368, 4330143, 5651380, 370412, 6388265, 2811926, 6626445, 2128471, 7180495)
	Index Scan using sbtest1_pkey on sbtest1  (cost=0.43..83.66 rows=10 width=121)
	  Index Cond: (id = ANY ('{232483,1325368,4330143,5651380,370412,6388265,2811926,6626445,2128471,7180495}'::integer[]))

table 2 : explain SELECT c FROM sbtest2 WHERE id IN ( 232483, 1325368, 4330143, 5651380, 370412, 6388265, 2811926, 6626445, 2128471, 7180495)
	Index Scan using sbtest2_pkey on sbtest2  (cost=0.43..83.56 rows=10 width=121)
	  Index Cond: (id = ANY ('{232483,1325368,4330143,5651380,370412,6388265,2811926,6626445,2128471,7180495}'::integer[]))

table 3 : explain SELECT c FROM sbtest3 WHERE id IN ( 232483, 1325368, 4330143, 5651380, 370412, 6388265, 2811926, 6626445, 2128471, 7180495)
	Index Scan using sbtest3_pkey on sbtest3  (cost=0.43..83.67 rows=10 width=121)
	  Index Cond: (id = ANY ('{232483,1325368,4330143,5651380,370412,6388265,2811926,6626445,2128471,7180495}'::integer[]))

table 4 : explain SELECT c FROM sbtest4 WHERE id IN ( 232483, 1325368, 4330143, 5651380, 370412, 6388265, 2811926, 6626445, 2128471, 7180495)
	Index Scan using sbtest4_pkey on sbtest4  (cost=0.43..83.51 rows=10 width=121)
	  Index Cond: (id = ANY ('{232483,1325368,4330143,5651380,370412,6388265,2811926,6626445,2128471,7180495}'::integer[]))

table 5 : explain SELECT c FROM sbtest5 WHERE id IN ( 232483, 1325368, 4330143, 5651380, 370412, 6388265, 2811926, 6626445, 2128471, 7180495)
	Index Scan using sbtest5_pkey on sbtest5  (cost=0.43..83.57 rows=10 width=121)
	  Index Cond: (id = ANY ('{232483,1325368,4330143,5651380,370412,6388265,2811926,6626445,2128471,7180495}'::integer[]))

table 6 : explain SELECT c FROM sbtest6 WHERE id IN ( 232483, 1325368, 4330143, 5651380, 370412, 6388265, 2811926, 6626445, 2128471, 7180495)
	Index Scan using sbtest6_pkey on sbtest6  (cost=0.43..83.64 rows=10 width=121)
	  Index Cond: (id = ANY ('{232483,1325368,4330143,5651380,370412,6388265,2811926,6626445,2128471,7180495}'::integer[]))

table 7 : explain SELECT c FROM sbtest7 WHERE id IN ( 232483, 1325368, 4330143, 5651380, 370412, 6388265, 2811926, 6626445, 2128471, 7180495)
	Index Scan using sbtest7_pkey on sbtest7  (cost=0.43..83.57 rows=10 width=121)
	  Index Cond: (id = ANY ('{232483,1325368,4330143,5651380,370412,6388265,2811926,6626445,2128471,7180495}'::integer[]))

table 8 : explain SELECT c FROM sbtest8 WHERE id IN ( 232483, 1325368, 4330143, 5651380, 370412, 6388265, 2811926, 6626445, 2128471, 7180495)
	Index Scan using sbtest8_pkey on sbtest8  (cost=0.43..83.59 rows=10 width=121)
	  Index Cond: (id = ANY ('{232483,1325368,4330143,5651380,370412,6388265,2811926,6626445,2128471,7180495}'::integer[]))

for select-inlist
table 1 : explain SELECT c FROM sbtest1 WHERE id IN ( 3002881, 171364, 2301663, 695235, 3523074, 5422488, 6764895, 7677641, 3214916, 8647504)
	Index Scan using sbtest1_pkey on sbtest1  (cost=0.43..83.66 rows=10 width=121)
	  Index Cond: (id = ANY ('{3002881,171364,2301663,695235,3523074,5422488,6764895,7677641,3214916,8647504}'::integer[]))

table 2 : explain SELECT c FROM sbtest2 WHERE id IN ( 3002881, 171364, 2301663, 695235, 3523074, 5422488, 6764895, 7677641, 3214916, 8647504)
	Index Scan using sbtest2_pkey on sbtest2  (cost=0.43..83.56 rows=10 width=121)
	  Index Cond: (id = ANY ('{3002881,171364,2301663,695235,3523074,5422488,6764895,7677641,3214916,8647504}'::integer[]))

table 3 : explain SELECT c FROM sbtest3 WHERE id IN ( 3002881, 171364, 2301663, 695235, 3523074, 5422488, 6764895, 7677641, 3214916, 8647504)
	Index Scan using sbtest3_pkey on sbtest3  (cost=0.43..83.67 rows=10 width=121)
	  Index Cond: (id = ANY ('{3002881,171364,2301663,695235,3523074,5422488,6764895,7677641,3214916,8647504}'::integer[]))

table 4 : explain SELECT c FROM sbtest4 WHERE id IN ( 3002881, 171364, 2301663, 695235, 3523074, 5422488, 6764895, 7677641, 3214916, 8647504)
	Index Scan using sbtest4_pkey on sbtest4  (cost=0.43..83.51 rows=10 width=121)
	  Index Cond: (id = ANY ('{3002881,171364,2301663,695235,3523074,5422488,6764895,7677641,3214916,8647504}'::integer[]))

table 5 : explain SELECT c FROM sbtest5 WHERE id IN ( 3002881, 171364, 2301663, 695235, 3523074, 5422488, 6764895, 7677641, 3214916, 8647504)
	Index Scan using sbtest5_pkey on sbtest5  (cost=0.43..83.57 rows=10 width=121)
	  Index Cond: (id = ANY ('{3002881,171364,2301663,695235,3523074,5422488,6764895,7677641,3214916,8647504}'::integer[]))

table 6 : explain SELECT c FROM sbtest6 WHERE id IN ( 3002881, 171364, 2301663, 695235, 3523074, 5422488, 6764895, 7677641, 3214916, 8647504)
	Index Scan using sbtest6_pkey on sbtest6  (cost=0.43..83.64 rows=10 width=121)
	  Index Cond: (id = ANY ('{3002881,171364,2301663,695235,3523074,5422488,6764895,7677641,3214916,8647504}'::integer[]))

table 7 : explain SELECT c FROM sbtest7 WHERE id IN ( 3002881, 171364, 2301663, 695235, 3523074, 5422488, 6764895, 7677641, 3214916, 8647504)
	Index Scan using sbtest7_pkey on sbtest7  (cost=0.43..83.57 rows=10 width=121)
	  Index Cond: (id = ANY ('{3002881,171364,2301663,695235,3523074,5422488,6764895,7677641,3214916,8647504}'::integer[]))

table 8 : explain SELECT c FROM sbtest8 WHERE id IN ( 3002881, 171364, 2301663, 695235, 3523074, 5422488, 6764895, 7677641, 3214916, 8647504)
	Index Scan using sbtest8_pkey on sbtest8  (cost=0.43..83.59 rows=10 width=121)
	  Index Cond: (id = ANY ('{3002881,171364,2301663,695235,3523074,5422488,6764895,7677641,3214916,8647504}'::integer[]))

for select-inlist
table 1 : explain SELECT c FROM sbtest1 WHERE id IN ( 7468834, 3137976, 3270940, 4216440, 7061348, 9153255, 9961090, 9960277, 8150344, 8873247)
	Index Scan using sbtest1_pkey on sbtest1  (cost=0.43..83.66 rows=10 width=121)
	  Index Cond: (id = ANY ('{7468834,3137976,3270940,4216440,7061348,9153255,9961090,9960277,8150344,8873247}'::integer[]))

table 2 : explain SELECT c FROM sbtest2 WHERE id IN ( 7468834, 3137976, 3270940, 4216440, 7061348, 9153255, 9961090, 9960277, 8150344, 8873247)
	Index Scan using sbtest2_pkey on sbtest2  (cost=0.43..83.56 rows=10 width=121)
	  Index Cond: (id = ANY ('{7468834,3137976,3270940,4216440,7061348,9153255,9961090,9960277,8150344,8873247}'::integer[]))

table 3 : explain SELECT c FROM sbtest3 WHERE id IN ( 7468834, 3137976, 3270940, 4216440, 7061348, 9153255, 9961090, 9960277, 8150344, 8873247)
	Index Scan using sbtest3_pkey on sbtest3  (cost=0.43..83.67 rows=10 width=121)
	  Index Cond: (id = ANY ('{7468834,3137976,3270940,4216440,7061348,9153255,9961090,9960277,8150344,8873247}'::integer[]))

table 4 : explain SELECT c FROM sbtest4 WHERE id IN ( 7468834, 3137976, 3270940, 4216440, 7061348, 9153255, 9961090, 9960277, 8150344, 8873247)
	Index Scan using sbtest4_pkey on sbtest4  (cost=0.43..83.51 rows=10 width=121)
	  Index Cond: (id = ANY ('{7468834,3137976,3270940,4216440,7061348,9153255,9961090,9960277,8150344,8873247}'::integer[]))

table 5 : explain SELECT c FROM sbtest5 WHERE id IN ( 7468834, 3137976, 3270940, 4216440, 7061348, 9153255, 9961090, 9960277, 8150344, 8873247)
	Index Scan using sbtest5_pkey on sbtest5  (cost=0.43..83.57 rows=10 width=121)
	  Index Cond: (id = ANY ('{7468834,3137976,3270940,4216440,7061348,9153255,9961090,9960277,8150344,8873247}'::integer[]))

table 6 : explain SELECT c FROM sbtest6 WHERE id IN ( 7468834, 3137976, 3270940, 4216440, 7061348, 9153255, 9961090, 9960277, 8150344, 8873247)
	Index Scan using sbtest6_pkey on sbtest6  (cost=0.43..83.64 rows=10 width=121)
	  Index Cond: (id = ANY ('{7468834,3137976,3270940,4216440,7061348,9153255,9961090,9960277,8150344,8873247}'::integer[]))

table 7 : explain SELECT c FROM sbtest7 WHERE id IN ( 7468834, 3137976, 3270940, 4216440, 7061348, 9153255, 9961090, 9960277, 8150344, 8873247)
	Index Scan using sbtest7_pkey on sbtest7  (cost=0.43..83.57 rows=10 width=121)
	  Index Cond: (id = ANY ('{7468834,3137976,3270940,4216440,7061348,9153255,9961090,9960277,8150344,8873247}'::integer[]))

table 8 : explain SELECT c FROM sbtest8 WHERE id IN ( 7468834, 3137976, 3270940, 4216440, 7061348, 9153255, 9961090, 9960277, 8150344, 8873247)
	Index Scan using sbtest8_pkey on sbtest8  (cost=0.43..83.59 rows=10 width=121)
	  Index Cond: (id = ANY ('{7468834,3137976,3270940,4216440,7061348,9153255,9961090,9960277,8150344,8873247}'::integer[]))

explain: for select-inlist :: explain SELECT c FROM sbtest%d WHERE id IN ( 4448970, 6995435, 6078089, 9943515, 6362576, 2195233, 3824882, 8541296, 2855269, 2012567)
explain: for select-inlist :: explain SELECT c FROM sbtest%d WHERE id IN ( 1836129, 7388089, 1035971, 6610425, 7103285, 2643008, 2589291, 6864594, 2554002, 360411)
explain: for select-inlist :: explain SELECT c FROM sbtest%d WHERE id IN ( 3379748, 7581606, 864989, 1068187, 5641769, 1354933, 223049, 8208332, 5118869, 2393748)
for select-inlist
table 1 : explain SELECT c FROM sbtest1 WHERE id IN ( 4448970, 6995435, 6078089, 9943515, 6362576, 2195233, 3824882, 8541296, 2855269, 2012567)
	Index Scan using sbtest1_pkey on sbtest1  (cost=0.43..83.66 rows=10 width=121)
	  Index Cond: (id = ANY ('{4448970,6995435,6078089,9943515,6362576,2195233,3824882,8541296,2855269,2012567}'::integer[]))

table 2 : explain SELECT c FROM sbtest2 WHERE id IN ( 4448970, 6995435, 6078089, 9943515, 6362576, 2195233, 3824882, 8541296, 2855269, 2012567)
	Index Scan using sbtest2_pkey on sbtest2  (cost=0.43..83.56 rows=10 width=121)
	  Index Cond: (id = ANY ('{4448970,6995435,6078089,9943515,6362576,2195233,3824882,8541296,2855269,2012567}'::integer[]))

table 3 : explain SELECT c FROM sbtest3 WHERE id IN ( 4448970, 6995435, 6078089, 9943515, 6362576, 2195233, 3824882, 8541296, 2855269, 2012567)
	Index Scan using sbtest3_pkey on sbtest3  (cost=0.43..83.67 rows=10 width=121)
	  Index Cond: (id = ANY ('{4448970,6995435,6078089,9943515,6362576,2195233,3824882,8541296,2855269,2012567}'::integer[]))

table 4 : explain SELECT c FROM sbtest4 WHERE id IN ( 4448970, 6995435, 6078089, 9943515, 6362576, 2195233, 3824882, 8541296, 2855269, 2012567)
	Index Scan using sbtest4_pkey on sbtest4  (cost=0.43..83.51 rows=10 width=121)
	  Index Cond: (id = ANY ('{4448970,6995435,6078089,9943515,6362576,2195233,3824882,8541296,2855269,2012567}'::integer[]))

table 5 : explain SELECT c FROM sbtest5 WHERE id IN ( 4448970, 6995435, 6078089, 9943515, 6362576, 2195233, 3824882, 8541296, 2855269, 2012567)
	Index Scan using sbtest5_pkey on sbtest5  (cost=0.43..83.57 rows=10 width=121)
	  Index Cond: (id = ANY ('{4448970,6995435,6078089,9943515,6362576,2195233,3824882,8541296,2855269,2012567}'::integer[]))

table 6 : explain SELECT c FROM sbtest6 WHERE id IN ( 4448970, 6995435, 6078089, 9943515, 6362576, 2195233, 3824882, 8541296, 2855269, 2012567)
	Index Scan using sbtest6_pkey on sbtest6  (cost=0.43..83.64 rows=10 width=121)
	  Index Cond: (id = ANY ('{4448970,6995435,6078089,9943515,6362576,2195233,3824882,8541296,2855269,2012567}'::integer[]))

table 7 : explain SELECT c FROM sbtest7 WHERE id IN ( 4448970, 6995435, 6078089, 9943515, 6362576, 2195233, 3824882, 8541296, 2855269, 2012567)
	Index Scan using sbtest7_pkey on sbtest7  (cost=0.43..83.57 rows=10 width=121)
	  Index Cond: (id = ANY ('{4448970,6995435,6078089,9943515,6362576,2195233,3824882,8541296,2855269,2012567}'::integer[]))

table 8 : explain SELECT c FROM sbtest8 WHERE id IN ( 4448970, 6995435, 6078089, 9943515, 6362576, 2195233, 3824882, 8541296, 2855269, 2012567)
	Index Scan using sbtest8_pkey on sbtest8  (cost=0.43..83.59 rows=10 width=121)
	  Index Cond: (id = ANY ('{4448970,6995435,6078089,9943515,6362576,2195233,3824882,8541296,2855269,2012567}'::integer[]))

explain: for select-inlist :: explain SELECT c FROM sbtest%d WHERE id IN ( 6786547, 822390, 653754, 8685264, 4350802, 8229138, 4625711, 7396207, 1277700, 1335993)
explain: for select-inlist :: explain SELECT c FROM sbtest%d WHERE id IN ( 7508822, 4588332, 7568311, 4420591, 8261622, 3042755, 7207647, 240931, 5808097, 8539336)
for select-inlist
table 1 : explain SELECT c FROM sbtest1 WHERE id IN ( 1836129, 7388089, 1035971, 6610425, 7103285, 2643008, 2589291, 6864594, 2554002, 360411)
	Index Scan using sbtest1_pkey on sbtest1  (cost=0.43..83.66 rows=10 width=121)
	  Index Cond: (id = ANY ('{1836129,7388089,1035971,6610425,7103285,2643008,2589291,6864594,2554002,360411}'::integer[]))

table 2 : explain SELECT c FROM sbtest2 WHERE id IN ( 1836129, 7388089, 1035971, 6610425, 7103285, 2643008, 2589291, 6864594, 2554002, 360411)
	Index Scan using sbtest2_pkey on sbtest2  (cost=0.43..83.56 rows=10 width=121)
	  Index Cond: (id = ANY ('{1836129,7388089,1035971,6610425,7103285,2643008,2589291,6864594,2554002,360411}'::integer[]))

table 3 : explain SELECT c FROM sbtest3 WHERE id IN ( 1836129, 7388089, 1035971, 6610425, 7103285, 2643008, 2589291, 6864594, 2554002, 360411)
	Index Scan using sbtest3_pkey on sbtest3  (cost=0.43..83.67 rows=10 width=121)
	  Index Cond: (id = ANY ('{1836129,7388089,1035971,6610425,7103285,2643008,2589291,6864594,2554002,360411}'::integer[]))

table 4 : explain SELECT c FROM sbtest4 WHERE id IN ( 1836129, 7388089, 1035971, 6610425, 7103285, 2643008, 2589291, 6864594, 2554002, 360411)
	Index Scan using sbtest4_pkey on sbtest4  (cost=0.43..83.51 rows=10 width=121)
	  Index Cond: (id = ANY ('{1836129,7388089,1035971,6610425,7103285,2643008,2589291,6864594,2554002,360411}'::integer[]))

table 5 : explain SELECT c FROM sbtest5 WHERE id IN ( 1836129, 7388089, 1035971, 6610425, 7103285, 2643008, 2589291, 6864594, 2554002, 360411)
	Index Scan using sbtest5_pkey on sbtest5  (cost=0.43..83.57 rows=10 width=121)
	  Index Cond: (id = ANY ('{1836129,7388089,1035971,6610425,7103285,2643008,2589291,6864594,2554002,360411}'::integer[]))

table 6 : explain SELECT c FROM sbtest6 WHERE id IN ( 1836129, 7388089, 1035971, 6610425, 7103285, 2643008, 2589291, 6864594, 2554002, 360411)
	Index Scan using sbtest6_pkey on sbtest6  (cost=0.43..83.64 rows=10 width=121)
	  Index Cond: (id = ANY ('{1836129,7388089,1035971,6610425,7103285,2643008,2589291,6864594,2554002,360411}'::integer[]))

table 7 : explain SELECT c FROM sbtest7 WHERE id IN ( 1836129, 7388089, 1035971, 6610425, 7103285, 2643008, 2589291, 6864594, 2554002, 360411)
	Index Scan using sbtest7_pkey on sbtest7  (cost=0.43..83.57 rows=10 width=121)
	  Index Cond: (id = ANY ('{1836129,7388089,1035971,6610425,7103285,2643008,2589291,6864594,2554002,360411}'::integer[]))

table 8 : explain SELECT c FROM sbtest8 WHERE id IN ( 1836129, 7388089, 1035971, 6610425, 7103285, 2643008, 2589291, 6864594, 2554002, 360411)
	Index Scan using sbtest8_pkey on sbtest8  (cost=0.43..83.59 rows=10 width=121)
	  Index Cond: (id = ANY ('{1836129,7388089,1035971,6610425,7103285,2643008,2589291,6864594,2554002,360411}'::integer[]))

for select-inlist
table 1 : explain SELECT c FROM sbtest1 WHERE id IN ( 3379748, 7581606, 864989, 1068187, 5641769, 1354933, 223049, 8208332, 5118869, 2393748)
	Index Scan using sbtest1_pkey on sbtest1  (cost=0.43..83.66 rows=10 width=121)
	  Index Cond: (id = ANY ('{3379748,7581606,864989,1068187,5641769,1354933,223049,8208332,5118869,2393748}'::integer[]))

table 2 : explain SELECT c FROM sbtest2 WHERE id IN ( 3379748, 7581606, 864989, 1068187, 5641769, 1354933, 223049, 8208332, 5118869, 2393748)
	Index Scan using sbtest2_pkey on sbtest2  (cost=0.43..83.56 rows=10 width=121)
	  Index Cond: (id = ANY ('{3379748,7581606,864989,1068187,5641769,1354933,223049,8208332,5118869,2393748}'::integer[]))

table 3 : explain SELECT c FROM sbtest3 WHERE id IN ( 3379748, 7581606, 864989, 1068187, 5641769, 1354933, 223049, 8208332, 5118869, 2393748)
	Index Scan using sbtest3_pkey on sbtest3  (cost=0.43..83.67 rows=10 width=121)
	  Index Cond: (id = ANY ('{3379748,7581606,864989,1068187,5641769,1354933,223049,8208332,5118869,2393748}'::integer[]))

table 4 : explain SELECT c FROM sbtest4 WHERE id IN ( 3379748, 7581606, 864989, 1068187, 5641769, 1354933, 223049, 8208332, 5118869, 2393748)
	Index Scan using sbtest4_pkey on sbtest4  (cost=0.43..83.51 rows=10 width=121)
	  Index Cond: (id = ANY ('{3379748,7581606,864989,1068187,5641769,1354933,223049,8208332,5118869,2393748}'::integer[]))

table 5 : explain SELECT c FROM sbtest5 WHERE id IN ( 3379748, 7581606, 864989, 1068187, 5641769, 1354933, 223049, 8208332, 5118869, 2393748)
	Index Scan using sbtest5_pkey on sbtest5  (cost=0.43..83.57 rows=10 width=121)
	  Index Cond: (id = ANY ('{3379748,7581606,864989,1068187,5641769,1354933,223049,8208332,5118869,2393748}'::integer[]))

table 6 : explain SELECT c FROM sbtest6 WHERE id IN ( 3379748, 7581606, 864989, 1068187, 5641769, 1354933, 223049, 8208332, 5118869, 2393748)
	Index Scan using sbtest6_pkey on sbtest6  (cost=0.43..83.64 rows=10 width=121)
	  Index Cond: (id = ANY ('{3379748,7581606,864989,1068187,5641769,1354933,223049,8208332,5118869,2393748}'::integer[]))

table 7 : explain SELECT c FROM sbtest7 WHERE id IN ( 3379748, 7581606, 864989, 1068187, 5641769, 1354933, 223049, 8208332, 5118869, 2393748)
	Index Scan using sbtest7_pkey on sbtest7  (cost=0.43..83.57 rows=10 width=121)
	  Index Cond: (id = ANY ('{3379748,7581606,864989,1068187,5641769,1354933,223049,8208332,5118869,2393748}'::integer[]))

table 8 : explain SELECT c FROM sbtest8 WHERE id IN ( 3379748, 7581606, 864989, 1068187, 5641769, 1354933, 223049, 8208332, 5118869, 2393748)
	Index Scan using sbtest8_pkey on sbtest8  (cost=0.43..83.59 rows=10 width=121)
	  Index Cond: (id = ANY ('{3379748,7581606,864989,1068187,5641769,1354933,223049,8208332,5118869,2393748}'::integer[]))

for select-inlist
table 1 : explain SELECT c FROM sbtest1 WHERE id IN ( 6786547, 822390, 653754, 8685264, 4350802, 8229138, 4625711, 7396207, 1277700, 1335993)
	Index Scan using sbtest1_pkey on sbtest1  (cost=0.43..83.66 rows=10 width=121)
	  Index Cond: (id = ANY ('{6786547,822390,653754,8685264,4350802,8229138,4625711,7396207,1277700,1335993}'::integer[]))

table 2 : explain SELECT c FROM sbtest2 WHERE id IN ( 6786547, 822390, 653754, 8685264, 4350802, 8229138, 4625711, 7396207, 1277700, 1335993)
	Index Scan using sbtest2_pkey on sbtest2  (cost=0.43..83.56 rows=10 width=121)
	  Index Cond: (id = ANY ('{6786547,822390,653754,8685264,4350802,8229138,4625711,7396207,1277700,1335993}'::integer[]))

table 3 : explain SELECT c FROM sbtest3 WHERE id IN ( 6786547, 822390, 653754, 8685264, 4350802, 8229138, 4625711, 7396207, 1277700, 1335993)
	Index Scan using sbtest3_pkey on sbtest3  (cost=0.43..83.67 rows=10 width=121)
	  Index Cond: (id = ANY ('{6786547,822390,653754,8685264,4350802,8229138,4625711,7396207,1277700,1335993}'::integer[]))

table 4 : explain SELECT c FROM sbtest4 WHERE id IN ( 6786547, 822390, 653754, 8685264, 4350802, 8229138, 4625711, 7396207, 1277700, 1335993)
	Index Scan using sbtest4_pkey on sbtest4  (cost=0.43..83.51 rows=10 width=121)
	  Index Cond: (id = ANY ('{6786547,822390,653754,8685264,4350802,8229138,4625711,7396207,1277700,1335993}'::integer[]))

table 5 : explain SELECT c FROM sbtest5 WHERE id IN ( 6786547, 822390, 653754, 8685264, 4350802, 8229138, 4625711, 7396207, 1277700, 1335993)
	Index Scan using sbtest5_pkey on sbtest5  (cost=0.43..83.57 rows=10 width=121)
	  Index Cond: (id = ANY ('{6786547,822390,653754,8685264,4350802,8229138,4625711,7396207,1277700,1335993}'::integer[]))

table 6 : explain SELECT c FROM sbtest6 WHERE id IN ( 6786547, 822390, 653754, 8685264, 4350802, 8229138, 4625711, 7396207, 1277700, 1335993)
	Index Scan using sbtest6_pkey on sbtest6  (cost=0.43..83.64 rows=10 width=121)
	  Index Cond: (id = ANY ('{6786547,822390,653754,8685264,4350802,8229138,4625711,7396207,1277700,1335993}'::integer[]))

table 7 : explain SELECT c FROM sbtest7 WHERE id IN ( 6786547, 822390, 653754, 8685264, 4350802, 8229138, 4625711, 7396207, 1277700, 1335993)
	Index Scan using sbtest7_pkey on sbtest7  (cost=0.43..83.57 rows=10 width=121)
	  Index Cond: (id = ANY ('{6786547,822390,653754,8685264,4350802,8229138,4625711,7396207,1277700,1335993}'::integer[]))

table 8 : explain SELECT c FROM sbtest8 WHERE id IN ( 6786547, 822390, 653754, 8685264, 4350802, 8229138, 4625711, 7396207, 1277700, 1335993)
	Index Scan using sbtest8_pkey on sbtest8  (cost=0.43..83.59 rows=10 width=121)
	  Index Cond: (id = ANY ('{6786547,822390,653754,8685264,4350802,8229138,4625711,7396207,1277700,1335993}'::integer[]))

explain: for select-inlist :: explain SELECT c FROM sbtest%d WHERE id IN ( 1706872, 2532360, 239733, 3219814, 9265279, 8478320, 6088468, 1661024, 510897, 5907507)
for select-inlist
table 1 : explain SELECT c FROM sbtest1 WHERE id IN ( 7508822, 4588332, 7568311, 4420591, 8261622, 3042755, 7207647, 240931, 5808097, 8539336)
	Index Scan using sbtest1_pkey on sbtest1  (cost=0.43..83.66 rows=10 width=121)
	  Index Cond: (id = ANY ('{7508822,4588332,7568311,4420591,8261622,3042755,7207647,240931,5808097,8539336}'::integer[]))

table 2 : explain SELECT c FROM sbtest2 WHERE id IN ( 7508822, 4588332, 7568311, 4420591, 8261622, 3042755, 7207647, 240931, 5808097, 8539336)
	Index Scan using sbtest2_pkey on sbtest2  (cost=0.43..83.56 rows=10 width=121)
	  Index Cond: (id = ANY ('{7508822,4588332,7568311,4420591,8261622,3042755,7207647,240931,5808097,8539336}'::integer[]))

table 3 : explain SELECT c FROM sbtest3 WHERE id IN ( 7508822, 4588332, 7568311, 4420591, 8261622, 3042755, 7207647, 240931, 5808097, 8539336)
	Index Scan using sbtest3_pkey on sbtest3  (cost=0.43..83.67 rows=10 width=121)
	  Index Cond: (id = ANY ('{7508822,4588332,7568311,4420591,8261622,3042755,7207647,240931,5808097,8539336}'::integer[]))

table 4 : explain SELECT c FROM sbtest4 WHERE id IN ( 7508822, 4588332, 7568311, 4420591, 8261622, 3042755, 7207647, 240931, 5808097, 8539336)
	Index Scan using sbtest4_pkey on sbtest4  (cost=0.43..83.51 rows=10 width=121)
	  Index Cond: (id = ANY ('{7508822,4588332,7568311,4420591,8261622,3042755,7207647,240931,5808097,8539336}'::integer[]))

table 5 : explain SELECT c FROM sbtest5 WHERE id IN ( 7508822, 4588332, 7568311, 4420591, 8261622, 3042755, 7207647, 240931, 5808097, 8539336)
	Index Scan using sbtest5_pkey on sbtest5  (cost=0.43..83.57 rows=10 width=121)
	  Index Cond: (id = ANY ('{7508822,4588332,7568311,4420591,8261622,3042755,7207647,240931,5808097,8539336}'::integer[]))

table 6 : explain SELECT c FROM sbtest6 WHERE id IN ( 7508822, 4588332, 7568311, 4420591, 8261622, 3042755, 7207647, 240931, 5808097, 8539336)
	Index Scan using sbtest6_pkey on sbtest6  (cost=0.43..83.64 rows=10 width=121)
	  Index Cond: (id = ANY ('{7508822,4588332,7568311,4420591,8261622,3042755,7207647,240931,5808097,8539336}'::integer[]))

table 7 : explain SELECT c FROM sbtest7 WHERE id IN ( 7508822, 4588332, 7568311, 4420591, 8261622, 3042755, 7207647, 240931, 5808097, 8539336)
	Index Scan using sbtest7_pkey on sbtest7  (cost=0.43..83.57 rows=10 width=121)
	  Index Cond: (id = ANY ('{7508822,4588332,7568311,4420591,8261622,3042755,7207647,240931,5808097,8539336}'::integer[]))

table 8 : explain SELECT c FROM sbtest8 WHERE id IN ( 7508822, 4588332, 7568311, 4420591, 8261622, 3042755, 7207647, 240931, 5808097, 8539336)
	Index Scan using sbtest8_pkey on sbtest8  (cost=0.43..83.59 rows=10 width=121)
	  Index Cond: (id = ANY ('{7508822,4588332,7568311,4420591,8261622,3042755,7207647,240931,5808097,8539336}'::integer[]))

for select-inlist
table 1 : explain SELECT c FROM sbtest1 WHERE id IN ( 1706872, 2532360, 239733, 3219814, 9265279, 8478320, 6088468, 1661024, 510897, 5907507)
	Index Scan using sbtest1_pkey on sbtest1  (cost=0.43..83.66 rows=10 width=121)
	  Index Cond: (id = ANY ('{1706872,2532360,239733,3219814,9265279,8478320,6088468,1661024,510897,5907507}'::integer[]))

table 2 : explain SELECT c FROM sbtest2 WHERE id IN ( 1706872, 2532360, 239733, 3219814, 9265279, 8478320, 6088468, 1661024, 510897, 5907507)
	Index Scan using sbtest2_pkey on sbtest2  (cost=0.43..83.56 rows=10 width=121)
	  Index Cond: (id = ANY ('{1706872,2532360,239733,3219814,9265279,8478320,6088468,1661024,510897,5907507}'::integer[]))

table 3 : explain SELECT c FROM sbtest3 WHERE id IN ( 1706872, 2532360, 239733, 3219814, 9265279, 8478320, 6088468, 1661024, 510897, 5907507)
	Index Scan using sbtest3_pkey on sbtest3  (cost=0.43..83.67 rows=10 width=121)
	  Index Cond: (id = ANY ('{1706872,2532360,239733,3219814,9265279,8478320,6088468,1661024,510897,5907507}'::integer[]))

table 4 : explain SELECT c FROM sbtest4 WHERE id IN ( 1706872, 2532360, 239733, 3219814, 9265279, 8478320, 6088468, 1661024, 510897, 5907507)
	Index Scan using sbtest4_pkey on sbtest4  (cost=0.43..83.51 rows=10 width=121)
	  Index Cond: (id = ANY ('{1706872,2532360,239733,3219814,9265279,8478320,6088468,1661024,510897,5907507}'::integer[]))

table 5 : explain SELECT c FROM sbtest5 WHERE id IN ( 1706872, 2532360, 239733, 3219814, 9265279, 8478320, 6088468, 1661024, 510897, 5907507)
	Index Scan using sbtest5_pkey on sbtest5  (cost=0.43..83.57 rows=10 width=121)
	  Index Cond: (id = ANY ('{1706872,2532360,239733,3219814,9265279,8478320,6088468,1661024,510897,5907507}'::integer[]))

table 6 : explain SELECT c FROM sbtest6 WHERE id IN ( 1706872, 2532360, 239733, 3219814, 9265279, 8478320, 6088468, 1661024, 510897, 5907507)
	Index Scan using sbtest6_pkey on sbtest6  (cost=0.43..83.64 rows=10 width=121)
	  Index Cond: (id = ANY ('{1706872,2532360,239733,3219814,9265279,8478320,6088468,1661024,510897,5907507}'::integer[]))

table 7 : explain SELECT c FROM sbtest7 WHERE id IN ( 1706872, 2532360, 239733, 3219814, 9265279, 8478320, 6088468, 1661024, 510897, 5907507)
	Index Scan using sbtest7_pkey on sbtest7  (cost=0.43..83.57 rows=10 width=121)
	  Index Cond: (id = ANY ('{1706872,2532360,239733,3219814,9265279,8478320,6088468,1661024,510897,5907507}'::integer[]))

table 8 : explain SELECT c FROM sbtest8 WHERE id IN ( 1706872, 2532360, 239733, 3219814, 9265279, 8478320, 6088468, 1661024, 510897, 5907507)
	Index Scan using sbtest8_pkey on sbtest8  (cost=0.43..83.59 rows=10 width=121)
	  Index Cond: (id = ANY ('{1706872,2532360,239733,3219814,9265279,8478320,6088468,1661024,510897,5907507}'::integer[]))

explain: for select-inlist :: explain SELECT c FROM sbtest%d WHERE id IN ( 7388163, 7791461, 880274, 9710326, 7653685, 279338, 3981130, 9751063, 6539507, 4924837)
explain: for select-inlist :: explain SELECT c FROM sbtest%d WHERE id IN ( 6908989, 5704071, 8279726, 4401330, 595274, 7572045, 2708810, 6429359, 3037217, 9995796)
for select-inlist
table 1 : explain SELECT c FROM sbtest1 WHERE id IN ( 7388163, 7791461, 880274, 9710326, 7653685, 279338, 3981130, 9751063, 6539507, 4924837)
	Index Scan using sbtest1_pkey on sbtest1  (cost=0.43..83.66 rows=10 width=121)
	  Index Cond: (id = ANY ('{7388163,7791461,880274,9710326,7653685,279338,3981130,9751063,6539507,4924837}'::integer[]))

table 2 : explain SELECT c FROM sbtest2 WHERE id IN ( 7388163, 7791461, 880274, 9710326, 7653685, 279338, 3981130, 9751063, 6539507, 4924837)
	Index Scan using sbtest2_pkey on sbtest2  (cost=0.43..83.56 rows=10 width=121)
	  Index Cond: (id = ANY ('{7388163,7791461,880274,9710326,7653685,279338,3981130,9751063,6539507,4924837}'::integer[]))

table 3 : explain SELECT c FROM sbtest3 WHERE id IN ( 7388163, 7791461, 880274, 9710326, 7653685, 279338, 3981130, 9751063, 6539507, 4924837)
	Index Scan using sbtest3_pkey on sbtest3  (cost=0.43..83.67 rows=10 width=121)
	  Index Cond: (id = ANY ('{7388163,7791461,880274,9710326,7653685,279338,3981130,9751063,6539507,4924837}'::integer[]))

table 4 : explain SELECT c FROM sbtest4 WHERE id IN ( 7388163, 7791461, 880274, 9710326, 7653685, 279338, 3981130, 9751063, 6539507, 4924837)
	Index Scan using sbtest4_pkey on sbtest4  (cost=0.43..83.51 rows=10 width=121)
	  Index Cond: (id = ANY ('{7388163,7791461,880274,9710326,7653685,279338,3981130,9751063,6539507,4924837}'::integer[]))

table 5 : explain SELECT c FROM sbtest5 WHERE id IN ( 7388163, 7791461, 880274, 9710326, 7653685, 279338, 3981130, 9751063, 6539507, 4924837)
	Index Scan using sbtest5_pkey on sbtest5  (cost=0.43..83.57 rows=10 width=121)
	  Index Cond: (id = ANY ('{7388163,7791461,880274,9710326,7653685,279338,3981130,9751063,6539507,4924837}'::integer[]))

table 6 : explain SELECT c FROM sbtest6 WHERE id IN ( 7388163, 7791461, 880274, 9710326, 7653685, 279338, 3981130, 9751063, 6539507, 4924837)
	Index Scan using sbtest6_pkey on sbtest6  (cost=0.43..83.64 rows=10 width=121)
	  Index Cond: (id = ANY ('{7388163,7791461,880274,9710326,7653685,279338,3981130,9751063,6539507,4924837}'::integer[]))

table 7 : explain SELECT c FROM sbtest7 WHERE id IN ( 7388163, 7791461, 880274, 9710326, 7653685, 279338, 3981130, 9751063, 6539507, 4924837)
	Index Scan using sbtest7_pkey on sbtest7  (cost=0.43..83.57 rows=10 width=121)
	  Index Cond: (id = ANY ('{7388163,7791461,880274,9710326,7653685,279338,3981130,9751063,6539507,4924837}'::integer[]))

table 8 : explain SELECT c FROM sbtest8 WHERE id IN ( 7388163, 7791461, 880274, 9710326, 7653685, 279338, 3981130, 9751063, 6539507, 4924837)
	Index Scan using sbtest8_pkey on sbtest8  (cost=0.43..83.59 rows=10 width=121)
	  Index Cond: (id = ANY ('{7388163,7791461,880274,9710326,7653685,279338,3981130,9751063,6539507,4924837}'::integer[]))

for select-inlist
table 1 : explain SELECT c FROM sbtest1 WHERE id IN ( 6908989, 5704071, 8279726, 4401330, 595274, 7572045, 2708810, 6429359, 3037217, 9995796)
	Index Scan using sbtest1_pkey on sbtest1  (cost=0.43..83.66 rows=10 width=121)
	  Index Cond: (id = ANY ('{6908989,5704071,8279726,4401330,595274,7572045,2708810,6429359,3037217,9995796}'::integer[]))

table 2 : explain SELECT c FROM sbtest2 WHERE id IN ( 6908989, 5704071, 8279726, 4401330, 595274, 7572045, 2708810, 6429359, 3037217, 9995796)
	Index Scan using sbtest2_pkey on sbtest2  (cost=0.43..83.56 rows=10 width=121)
	  Index Cond: (id = ANY ('{6908989,5704071,8279726,4401330,595274,7572045,2708810,6429359,3037217,9995796}'::integer[]))

table 3 : explain SELECT c FROM sbtest3 WHERE id IN ( 6908989, 5704071, 8279726, 4401330, 595274, 7572045, 2708810, 6429359, 3037217, 9995796)
	Index Scan using sbtest3_pkey on sbtest3  (cost=0.43..83.67 rows=10 width=121)
	  Index Cond: (id = ANY ('{6908989,5704071,8279726,4401330,595274,7572045,2708810,6429359,3037217,9995796}'::integer[]))

table 4 : explain SELECT c FROM sbtest4 WHERE id IN ( 6908989, 5704071, 8279726, 4401330, 595274, 7572045, 2708810, 6429359, 3037217, 9995796)
	Index Scan using sbtest4_pkey on sbtest4  (cost=0.43..83.51 rows=10 width=121)
	  Index Cond: (id = ANY ('{6908989,5704071,8279726,4401330,595274,7572045,2708810,6429359,3037217,9995796}'::integer[]))

table 5 : explain SELECT c FROM sbtest5 WHERE id IN ( 6908989, 5704071, 8279726, 4401330, 595274, 7572045, 2708810, 6429359, 3037217, 9995796)
	Index Scan using sbtest5_pkey on sbtest5  (cost=0.43..83.57 rows=10 width=121)
	  Index Cond: (id = ANY ('{6908989,5704071,8279726,4401330,595274,7572045,2708810,6429359,3037217,9995796}'::integer[]))

table 6 : explain SELECT c FROM sbtest6 WHERE id IN ( 6908989, 5704071, 8279726, 4401330, 595274, 7572045, 2708810, 6429359, 3037217, 9995796)
	Index Scan using sbtest6_pkey on sbtest6  (cost=0.43..83.64 rows=10 width=121)
	  Index Cond: (id = ANY ('{6908989,5704071,8279726,4401330,595274,7572045,2708810,6429359,3037217,9995796}'::integer[]))

table 7 : explain SELECT c FROM sbtest7 WHERE id IN ( 6908989, 5704071, 8279726, 4401330, 595274, 7572045, 2708810, 6429359, 3037217, 9995796)
	Index Scan using sbtest7_pkey on sbtest7  (cost=0.43..83.57 rows=10 width=121)
	  Index Cond: (id = ANY ('{6908989,5704071,8279726,4401330,595274,7572045,2708810,6429359,3037217,9995796}'::integer[]))

table 8 : explain SELECT c FROM sbtest8 WHERE id IN ( 6908989, 5704071, 8279726, 4401330, 595274, 7572045, 2708810, 6429359, 3037217, 9995796)
	Index Scan using sbtest8_pkey on sbtest8  (cost=0.43..83.59 rows=10 width=121)
	  Index Cond: (id = ANY ('{6908989,5704071,8279726,4401330,595274,7572045,2708810,6429359,3037217,9995796}'::integer[]))

Threads started!

Warming up for 5 seconds...

SQL statistics:
    queries performed:
        read:                            296663056
        write:                           0
        other:                           0
        total:                           296663056
    transactions:                        296663057 (470887.34 per sec.)
    queries:                             296663056 (470887.33 per sec.)
    ignored errors:                      0      (0.00 per sec.)
    reconnects:                          0      (0.00 per sec.)

Throughput:
    events/s (eps):                      470887.3350
    time elapsed:                        630.0087s
    total number of events:              296663057

Latency (ms):
         min:                                    0.07
         avg:                                    0.08
         max:                                   24.19
         95th percentile:                        0.09
         sum:                             25036608.15

Threads fairness:
    events (avg/stddev):           7416570.2750/45653.49
    execution time (avg/stddev):   625.9152/0.12

