LUA_PATH=/home/mdcallag/git/mytools/bench/sysbench.lua/lua/?.lua /home/mdcallag/git/mytools/bench/sysbench.lua/lua/sysbench --db-driver=pgsql --range-size=1000 --table-size=10000000 --tables=8 --threads=40 --events=0 --warmup-time=5 --time=630 --pgsql_conn_id=true /home/mdcallag/git/mytools/bench/sysbench.lua/lua/oltp_read_only.lua run --pgsql-user=root --pgsql-password=pw --pgsql-host=127.0.0.1 --pgsql-db=ib --rand-type=uniform --simple-ranges=0 --sum-ranges=0 --order-ranges=0 --distinct-ranges=1
48 CPUs
sysbench 1.1.0-9072687 (using bundled LuaJIT 2.1.0-beta3)

Running the test with following options:
Number of threads: 40
Warmup time: 5s
Initializing random number generator from current time


Initializing worker threads...

explain: for point_selects :: explain SELECT c FROM sbtest%u WHERE id=%u
explain: for point_selects :: explain SELECT c FROM sbtest%u WHERE id=%u
explain: for point_selects :: explain SELECT c FROM sbtest%u WHERE id=%u
for point_selects
table 1 : explain SELECT c FROM sbtest1 WHERE id=8192138
	Index Scan using sbtest1_pkey on sbtest1  (cost=0.43..8.45 rows=1 width=121)
	  Index Cond: (id = 8192138)

table 2 : explain SELECT c FROM sbtest2 WHERE id=4829619
	Index Scan using sbtest2_pkey on sbtest2  (cost=0.43..8.45 rows=1 width=121)
	  Index Cond: (id = 4829619)

table 3 : explain SELECT c FROM sbtest3 WHERE id=6213947
	Index Scan using sbtest3_pkey on sbtest3  (cost=0.43..8.45 rows=1 width=121)
	  Index Cond: (id = 6213947)

table 4 : explain SELECT c FROM sbtest4 WHERE id=5377740
	Index Scan using sbtest4_pkey on sbtest4  (cost=0.43..8.45 rows=1 width=121)
	  Index Cond: (id = 5377740)

table 5 : explain SELECT c FROM sbtest5 WHERE id=1188502
	Index Scan using sbtest5_pkey on sbtest5  (cost=0.43..8.45 rows=1 width=121)
	  Index Cond: (id = 1188502)

table 6 : explain SELECT c FROM sbtest6 WHERE id=1441110
	Index Scan using sbtest6_pkey on sbtest6  (cost=0.43..8.45 rows=1 width=121)
	  Index Cond: (id = 1441110)

table 7 : explain SELECT c FROM sbtest7 WHERE id=7935579
	Index Scan using sbtest7_pkey on sbtest7  (cost=0.43..8.45 rows=1 width=121)
	  Index Cond: (id = 7935579)

table 8 : explain SELECT c FROM sbtest8 WHERE id=9092487
	Index Scan using sbtest8_pkey on sbtest8  (cost=0.43..8.45 rows=1 width=121)
	  Index Cond: (id = 9092487)

explain: for point_selects :: explain SELECT c FROM sbtest%u WHERE id=%u
explain: for point_selects :: explain SELECT c FROM sbtest%u WHERE id=%u
explain: for point_selects :: explain SELECT c FROM sbtest%u WHERE id=%u
explain: for point_selects :: explain SELECT c FROM sbtest%u WHERE id=%u
for point_selects
table 1 : explain SELECT c FROM sbtest1 WHERE id=1050983
	Index Scan using sbtest1_pkey on sbtest1  (cost=0.43..8.45 rows=1 width=121)
	  Index Cond: (id = 1050983)

table 2 : explain SELECT c FROM sbtest2 WHERE id=4426756
	Index Scan using sbtest2_pkey on sbtest2  (cost=0.43..8.45 rows=1 width=121)
	  Index Cond: (id = 4426756)

table 3 : explain SELECT c FROM sbtest3 WHERE id=8846982
	Index Scan using sbtest3_pkey on sbtest3  (cost=0.43..8.45 rows=1 width=121)
	  Index Cond: (id = 8846982)

table 4 : explain SELECT c FROM sbtest4 WHERE id=4799915
	Index Scan using sbtest4_pkey on sbtest4  (cost=0.43..8.45 rows=1 width=121)
	  Index Cond: (id = 4799915)

table 5 : explain SELECT c FROM sbtest5 WHERE id=9757001
	Index Scan using sbtest5_pkey on sbtest5  (cost=0.43..8.45 rows=1 width=121)
	  Index Cond: (id = 9757001)

table 6 : explain SELECT c FROM sbtest6 WHERE id=9552438
	Index Scan using sbtest6_pkey on sbtest6  (cost=0.43..8.45 rows=1 width=121)
	  Index Cond: (id = 9552438)

table 7 : explain SELECT c FROM sbtest7 WHERE id=915356
	Index Scan using sbtest7_pkey on sbtest7  (cost=0.43..8.45 rows=1 width=121)
	  Index Cond: (id = 915356)

table 8 : explain SELECT c FROM sbtest8 WHERE id=9228246
	Index Scan using sbtest8_pkey on sbtest8  (cost=0.43..8.45 rows=1 width=121)
	  Index Cond: (id = 9228246)

explain: for point_selects :: explain SELECT c FROM sbtest%u WHERE id=%u
for: simple_ranges
table 1 : explain SELECT c FROM sbtest1 WHERE id BETWEEN 3415160 AND 3416159
	Bitmap Heap Scan on sbtest1  (cost=35.02..4004.37 rows=1033 width=121)
	  Recheck Cond: ((id >= 3415160) AND (id <= 3416159))
	  ->  Bitmap Index Scan on sbtest1_pkey  (cost=0.00..34.77 rows=1033 width=0)
	        Index Cond: ((id >= 3415160) AND (id <= 3416159))

table 2 : explain SELECT c FROM sbtest2 WHERE id BETWEEN 8502961 AND 8503960
	Bitmap Heap Scan on sbtest2  (cost=34.19..3692.96 rows=952 width=121)
	  Recheck Cond: ((id >= 8502961) AND (id <= 8503960))
	  ->  Bitmap Index Scan on sbtest2_pkey  (cost=0.00..33.95 rows=952 width=0)
	        Index Cond: ((id >= 8502961) AND (id <= 8503960))

table 3 : explain SELECT c FROM sbtest3 WHERE id BETWEEN 2448479 AND 2449478
	Bitmap Heap Scan on sbtest3  (cost=34.67..3869.86 rows=999 width=121)
	  Recheck Cond: ((id >= 2448479) AND (id <= 2449478))
	  ->  Bitmap Index Scan on sbtest3_pkey  (cost=0.00..34.43 rows=999 width=0)
	        Index Cond: ((id >= 2448479) AND (id <= 2449478))

table 4 : explain SELECT c FROM sbtest4 WHERE id BETWEEN 4320235 AND 4321234
	Bitmap Heap Scan on sbtest4  (cost=29.75..3527.48 rows=909 width=121)
	  Recheck Cond: ((id >= 4320235) AND (id <= 4321234))
	  ->  Bitmap Index Scan on sbtest4_pkey  (cost=0.00..29.52 rows=909 width=0)
	        Index Cond: ((id >= 4320235) AND (id <= 4321234))

table 5 : explain SELECT c FROM sbtest5 WHERE id BETWEEN 8763491 AND 8764490
	Bitmap Heap Scan on sbtest5  (cost=34.15..3680.10 rows=948 width=121)
	  Recheck Cond: ((id >= 8763491) AND (id <= 8764490))
	  ->  Bitmap Index Scan on sbtest5_pkey  (cost=0.00..33.92 rows=948 width=0)
	        Index Cond: ((id >= 8763491) AND (id <= 8764490))

table 6 : explain SELECT c FROM sbtest6 WHERE id BETWEEN 1462782 AND 1463781
	Bitmap Heap Scan on sbtest6  (cost=34.87..3942.90 rows=1018 width=121)
	  Recheck Cond: ((id >= 1462782) AND (id <= 1463781))
	  ->  Bitmap Index Scan on sbtest6_pkey  (cost=0.00..34.62 rows=1018 width=0)
	        Index Cond: ((id >= 1462782) AND (id <= 1463781))

table 7 : explain SELECT c FROM sbtest7 WHERE id BETWEEN 1894902 AND 1895901
	Bitmap Heap Scan on sbtest7  (cost=34.80..3917.43 rows=1011 width=121)
	  Recheck Cond: ((id >= 1894902) AND (id <= 1895901))
	  ->  Bitmap Index Scan on sbtest7_pkey  (cost=0.00..34.55 rows=1011 width=0)
	        Index Cond: ((id >= 1894902) AND (id <= 1895901))

table 8 : explain SELECT c FROM sbtest8 WHERE id BETWEEN 1641570 AND 1642569
	Bitmap Heap Scan on sbtest8  (cost=34.22..3706.65 rows=955 width=121)
	  Recheck Cond: ((id >= 1641570) AND (id <= 1642569))
	  ->  Bitmap Index Scan on sbtest8_pkey  (cost=0.00..33.98 rows=955 width=0)
	        Index Cond: ((id >= 1641570) AND (id <= 1642569))

for point_selects
table 1 : explain SELECT c FROM sbtest1 WHERE id=1303601
	Index Scan using sbtest1_pkey on sbtest1  (cost=0.43..8.45 rows=1 width=121)
	  Index Cond: (id = 1303601)

table 2 : explain SELECT c FROM sbtest2 WHERE id=6711247
	Index Scan using sbtest2_pkey on sbtest2  (cost=0.43..8.45 rows=1 width=121)
	  Index Cond: (id = 6711247)

table 3 : explain SELECT c FROM sbtest3 WHERE id=4173996
	Index Scan using sbtest3_pkey on sbtest3  (cost=0.43..8.45 rows=1 width=121)
	  Index Cond: (id = 4173996)

table 4 : explain SELECT c FROM sbtest4 WHERE id=3421230
	Index Scan using sbtest4_pkey on sbtest4  (cost=0.43..8.45 rows=1 width=121)
	  Index Cond: (id = 3421230)

table 5 : explain SELECT c FROM sbtest5 WHERE id=9420313
	Index Scan using sbtest5_pkey on sbtest5  (cost=0.43..8.45 rows=1 width=121)
	  Index Cond: (id = 9420313)

table 6 : explain SELECT c FROM sbtest6 WHERE id=4876478
	Index Scan using sbtest6_pkey on sbtest6  (cost=0.43..8.45 rows=1 width=121)
	  Index Cond: (id = 4876478)

table 7 : explain SELECT c FROM sbtest7 WHERE id=325930
	Index Scan using sbtest7_pkey on sbtest7  (cost=0.43..8.45 rows=1 width=121)
	  Index Cond: (id = 325930)

table 8 : explain SELECT c FROM sbtest8 WHERE id=704782
	Index Scan using sbtest8_pkey on sbtest8  (cost=0.43..8.45 rows=1 width=121)
	  Index Cond: (id = 704782)

for: simple_ranges
table 1 : explain SELECT c FROM sbtest1 WHERE id BETWEEN 4639744 AND 4640743
	Bitmap Heap Scan on sbtest1  (cost=35.25..4087.33 rows=1055 width=121)
	  Recheck Cond: ((id >= 4639744) AND (id <= 4640743))
	  ->  Bitmap Index Scan on sbtest1_pkey  (cost=0.00..34.98 rows=1055 width=0)
	        Index Cond: ((id >= 4639744) AND (id <= 4640743))

table 2 : explain SELECT c FROM sbtest2 WHERE id BETWEEN 9240725 AND 9241724
	Bitmap Heap Scan on sbtest2  (cost=34.71..3881.48 rows=1002 width=121)
	  Recheck Cond: ((id >= 9240725) AND (id <= 9241724))
	  ->  Bitmap Index Scan on sbtest2_pkey  (cost=0.00..34.45 rows=1002 width=0)
	        Index Cond: ((id >= 9240725) AND (id <= 9241724))

table 3 : explain SELECT c FROM sbtest3 WHERE id BETWEEN 7483880 AND 7484879
	Bitmap Heap Scan on sbtest3  (cost=30.04..3632.05 rows=937 width=121)
	  Recheck Cond: ((id >= 7483880) AND (id <= 7484879))
	  ->  Bitmap Index Scan on sbtest3_pkey  (cost=0.00..29.80 rows=937 width=0)
	        Index Cond: ((id >= 7483880) AND (id <= 7484879))

table 4 : explain SELECT c FROM sbtest4 WHERE id BETWEEN 6501942 AND 6502941
	Bitmap Heap Scan on sbtest4  (cost=34.17..3686.39 rows=950 width=121)
	  Recheck Cond: ((id >= 6501942) AND (id <= 6502941))
	  ->  Bitmap Index Scan on sbtest4_pkey  (cost=0.00..33.94 rows=950 width=0)
	        Index Cond: ((id >= 6501942) AND (id <= 6502941))

table 5 : explain SELECT c FROM sbtest5 WHERE id BETWEEN 3869986 AND 3870985
	Bitmap Heap Scan on sbtest5  (cost=34.96..3978.14 rows=1027 width=121)
	  Recheck Cond: ((id >= 3869986) AND (id <= 3870985))
	  ->  Bitmap Index Scan on sbtest5_pkey  (cost=0.00..34.70 rows=1027 width=0)
	        Index Cond: ((id >= 3869986) AND (id <= 3870985))

table 6 : explain SELECT c FROM sbtest6 WHERE id BETWEEN 8411871 AND 8412870
	Bitmap Heap Scan on sbtest6  (cost=35.24..4078.42 rows=1054 width=121)
	  Recheck Cond: ((id >= 8411871) AND (id <= 8412870))
	  ->  Bitmap Index Scan on sbtest6_pkey  (cost=0.00..34.98 rows=1054 width=0)
	        Index Cond: ((id >= 8411871) AND (id <= 8412870))

table 7 : explain SELECT c FROM sbtest7 WHERE id BETWEEN 1411032 AND 1412031
	Bitmap Heap Scan on sbtest7  (cost=35.41..4143.34 rows=1071 width=121)
	  Recheck Cond: ((id >= 1411032) AND (id <= 1412031))
	  ->  Bitmap Index Scan on sbtest7_pkey  (cost=0.00..35.15 rows=1071 width=0)
	        Index Cond: ((id >= 1411032) AND (id <= 1412031))

table 8 : explain SELECT c FROM sbtest8 WHERE id BETWEEN 4154484 AND 4155483
	Bitmap Heap Scan on sbtest8  (cost=35.11..4031.00 rows=1041 width=121)
	  Recheck Cond: ((id >= 4154484) AND (id <= 4155483))
	  ->  Bitmap Index Scan on sbtest8_pkey  (cost=0.00..34.84 rows=1041 width=0)
	        Index Cond: ((id >= 4154484) AND (id <= 4155483))

for point_selects
table 1 : explain SELECT c FROM sbtest1 WHERE id=8140443
	Index Scan using sbtest1_pkey on sbtest1  (cost=0.43..8.45 rows=1 width=121)
	  Index Cond: (id = 8140443)

table 2 : explain SELECT c FROM sbtest2 WHERE id=3406864
	Index Scan using sbtest2_pkey on sbtest2  (cost=0.43..8.45 rows=1 width=121)
	  Index Cond: (id = 3406864)

table 3 : explain SELECT c FROM sbtest3 WHERE id=4927408
	Index Scan using sbtest3_pkey on sbtest3  (cost=0.43..8.45 rows=1 width=121)
	  Index Cond: (id = 4927408)

table 4 : explain SELECT c FROM sbtest4 WHERE id=4002434
	Index Scan using sbtest4_pkey on sbtest4  (cost=0.43..8.45 rows=1 width=121)
	  Index Cond: (id = 4002434)

table 5 : explain SELECT c FROM sbtest5 WHERE id=9271072
	Index Scan using sbtest5_pkey on sbtest5  (cost=0.43..8.45 rows=1 width=121)
	  Index Cond: (id = 9271072)

table 6 : explain SELECT c FROM sbtest6 WHERE id=8268701
	Index Scan using sbtest6_pkey on sbtest6  (cost=0.43..8.45 rows=1 width=121)
	  Index Cond: (id = 8268701)

table 7 : explain SELECT c FROM sbtest7 WHERE id=3177930
	Index Scan using sbtest7_pkey on sbtest7  (cost=0.43..8.45 rows=1 width=121)
	  Index Cond: (id = 3177930)

table 8 : explain SELECT c FROM sbtest8 WHERE id=2246282
	Index Scan using sbtest8_pkey on sbtest8  (cost=0.43..8.45 rows=1 width=121)
	  Index Cond: (id = 2246282)

explain: for point_selects :: explain SELECT c FROM sbtest%u WHERE id=%u
for point_selects
table 1 : explain SELECT c FROM sbtest1 WHERE id=858404
	Index Scan using sbtest1_pkey on sbtest1  (cost=0.43..8.45 rows=1 width=121)
	  Index Cond: (id = 858404)

table 2 : explain SELECT c FROM sbtest2 WHERE id=5697971
	Index Scan using sbtest2_pkey on sbtest2  (cost=0.43..8.45 rows=1 width=121)
	  Index Cond: (id = 5697971)

table 3 : explain SELECT c FROM sbtest3 WHERE id=9717206
	Index Scan using sbtest3_pkey on sbtest3  (cost=0.43..8.45 rows=1 width=121)
	  Index Cond: (id = 9717206)

table 4 : explain SELECT c FROM sbtest4 WHERE id=3506154
	Index Scan using sbtest4_pkey on sbtest4  (cost=0.43..8.45 rows=1 width=121)
	  Index Cond: (id = 3506154)

table 5 : explain SELECT c FROM sbtest5 WHERE id=2382868
	Index Scan using sbtest5_pkey on sbtest5  (cost=0.43..8.45 rows=1 width=121)
	  Index Cond: (id = 2382868)

table 6 : explain SELECT c FROM sbtest6 WHERE id=3000747
	Index Scan using sbtest6_pkey on sbtest6  (cost=0.43..8.45 rows=1 width=121)
	  Index Cond: (id = 3000747)

table 7 : explain SELECT c FROM sbtest7 WHERE id=6763041
	Index Scan using sbtest7_pkey on sbtest7  (cost=0.43..8.45 rows=1 width=121)
	  Index Cond: (id = 6763041)

table 8 : explain SELECT c FROM sbtest8 WHERE id=162596
	Index Scan using sbtest8_pkey on sbtest8  (cost=0.43..8.45 rows=1 width=121)
	  Index Cond: (id = 162596)

for: simple_ranges
table 1 : explain SELECT c FROM sbtest1 WHERE id BETWEEN 5844978 AND 5845977
	Bitmap Heap Scan on sbtest1  (cost=34.67..3876.05 rows=999 width=121)
	  Recheck Cond: ((id >= 5844978) AND (id <= 5845977))
	  ->  Bitmap Index Scan on sbtest1_pkey  (cost=0.00..34.43 rows=999 width=0)
	        Index Cond: ((id >= 5844978) AND (id <= 5845977))

table 2 : explain SELECT c FROM sbtest2 WHERE id BETWEEN 5295266 AND 5296265
	Bitmap Heap Scan on sbtest2  (cost=35.37..4126.08 rows=1067 width=121)
	  Recheck Cond: ((id >= 5295266) AND (id <= 5296265))
	  ->  Bitmap Index Scan on sbtest2_pkey  (cost=0.00..35.11 rows=1067 width=0)
	        Index Cond: ((id >= 5295266) AND (id <= 5296265))

table 3 : explain SELECT c FROM sbtest3 WHERE id BETWEEN 3923697 AND 3924696
	Bitmap Heap Scan on sbtest3  (cost=35.80..4279.74 rows=1109 width=121)
	  Recheck Cond: ((id >= 3923697) AND (id <= 3924696))
	  ->  Bitmap Index Scan on sbtest3_pkey  (cost=0.00..35.53 rows=1109 width=0)
	        Index Cond: ((id >= 3923697) AND (id <= 3924696))

table 4 : explain SELECT c FROM sbtest4 WHERE id BETWEEN 7782149 AND 7783148
	Bitmap Heap Scan on sbtest4  (cost=34.87..3942.82 rows=1018 width=121)
	  Recheck Cond: ((id >= 7782149) AND (id <= 7783148))
	  ->  Bitmap Index Scan on sbtest4_pkey  (cost=0.00..34.62 rows=1018 width=0)
	        Index Cond: ((id >= 7782149) AND (id <= 7783148))

table 5 : explain SELECT c FROM sbtest5 WHERE id BETWEEN 6478201 AND 6479200
	Bitmap Heap Scan on sbtest5  (cost=34.21..3702.76 rows=954 width=121)
	  Recheck Cond: ((id >= 6478201) AND (id <= 6479200))
	  ->  Bitmap Index Scan on sbtest5_pkey  (cost=0.00..33.98 rows=954 width=0)
	        Index Cond: ((id >= 6478201) AND (id <= 6479200))

table 6 : explain SELECT c FROM sbtest6 WHERE id BETWEEN 8247479 AND 8248478
	Bitmap Heap Scan on sbtest6  (cost=34.20..3697.79 rows=953 width=121)
	  Recheck Cond: ((id >= 8247479) AND (id <= 8248478))
	  ->  Bitmap Index Scan on sbtest6_pkey  (cost=0.00..33.97 rows=953 width=0)
	        Index Cond: ((id >= 8247479) AND (id <= 8248478))

table 7 : explain SELECT c FROM sbtest7 WHERE id BETWEEN 1298852 AND 1299851
	Bitmap Heap Scan on sbtest7  (cost=34.64..3860.88 rows=996 width=121)
	  Recheck Cond: ((id >= 1298852) AND (id <= 1299851))
	  ->  Bitmap Index Scan on sbtest7_pkey  (cost=0.00..34.40 rows=996 width=0)
	        Index Cond: ((id >= 1298852) AND (id <= 1299851))

table 8 : explain SELECT c FROM sbtest8 WHERE id BETWEEN 7309163 AND 7310162
	Bitmap Heap Scan on sbtest8  (cost=34.24..3714.21 rows=957 width=121)
	  Recheck Cond: ((id >= 7309163) AND (id <= 7310162))
	  ->  Bitmap Index Scan on sbtest8_pkey  (cost=0.00..34.01 rows=957 width=0)
	        Index Cond: ((id >= 7309163) AND (id <= 7310162))

for point_selects
table 1 : explain SELECT c FROM sbtest1 WHERE id=8173800
	Index Scan using sbtest1_pkey on sbtest1  (cost=0.43..8.45 rows=1 width=121)
	  Index Cond: (id = 8173800)

table 2 : explain SELECT c FROM sbtest2 WHERE id=4371258
	Index Scan using sbtest2_pkey on sbtest2  (cost=0.43..8.45 rows=1 width=121)
	  Index Cond: (id = 4371258)

table 3 : explain SELECT c FROM sbtest3 WHERE id=6109040
	Index Scan using sbtest3_pkey on sbtest3  (cost=0.43..8.45 rows=1 width=121)
	  Index Cond: (id = 6109040)

table 4 : explain SELECT c FROM sbtest4 WHERE id=377941
	Index Scan using sbtest4_pkey on sbtest4  (cost=0.43..8.45 rows=1 width=121)
	  Index Cond: (id = 377941)

table 5 : explain SELECT c FROM sbtest5 WHERE id=1286650
	Index Scan using sbtest5_pkey on sbtest5  (cost=0.43..8.45 rows=1 width=121)
	  Index Cond: (id = 1286650)

table 6 : explain SELECT c FROM sbtest6 WHERE id=9297679
	Index Scan using sbtest6_pkey on sbtest6  (cost=0.43..8.45 rows=1 width=121)
	  Index Cond: (id = 9297679)

table 7 : explain SELECT c FROM sbtest7 WHERE id=6077333
	Index Scan using sbtest7_pkey on sbtest7  (cost=0.43..8.45 rows=1 width=121)
	  Index Cond: (id = 6077333)

table 8 : explain SELECT c FROM sbtest8 WHERE id=1328204
	Index Scan using sbtest8_pkey on sbtest8  (cost=0.43..8.45 rows=1 width=121)
	  Index Cond: (id = 1328204)

for point_selects
table 1 : explain SELECT c FROM sbtest1 WHERE id=8781133
	Index Scan using sbtest1_pkey on sbtest1  (cost=0.43..8.45 rows=1 width=121)
	  Index Cond: (id = 8781133)

table 2 : explain SELECT c FROM sbtest2 WHERE id=1425518
	Index Scan using sbtest2_pkey on sbtest2  (cost=0.43..8.45 rows=1 width=121)
	  Index Cond: (id = 1425518)

table 3 : explain SELECT c FROM sbtest3 WHERE id=3870776
	Index Scan using sbtest3_pkey on sbtest3  (cost=0.43..8.45 rows=1 width=121)
	  Index Cond: (id = 3870776)

table 4 : explain SELECT c FROM sbtest4 WHERE id=2895379
	Index Scan using sbtest4_pkey on sbtest4  (cost=0.43..8.45 rows=1 width=121)
	  Index Cond: (id = 2895379)

table 5 : explain SELECT c FROM sbtest5 WHERE id=5959495
	Index Scan using sbtest5_pkey on sbtest5  (cost=0.43..8.45 rows=1 width=121)
	  Index Cond: (id = 5959495)

table 6 : explain SELECT c FROM sbtest6 WHERE id=1441321
	Index Scan using sbtest6_pkey on sbtest6  (cost=0.43..8.45 rows=1 width=121)
	  Index Cond: (id = 1441321)

table 7 : explain SELECT c FROM sbtest7 WHERE id=4044177
	Index Scan using sbtest7_pkey on sbtest7  (cost=0.43..8.45 rows=1 width=121)
	  Index Cond: (id = 4044177)

table 8 : explain SELECT c FROM sbtest8 WHERE id=133656
	Index Scan using sbtest8_pkey on sbtest8  (cost=0.43..8.45 rows=1 width=121)
	  Index Cond: (id = 133656)

for point_selects
table 1 : explain SELECT c FROM sbtest1 WHERE id=9612020
	Index Scan using sbtest1_pkey on sbtest1  (cost=0.43..8.45 rows=1 width=121)
	  Index Cond: (id = 9612020)

table 2 : explain SELECT c FROM sbtest2 WHERE id=7786288
	Index Scan using sbtest2_pkey on sbtest2  (cost=0.43..8.45 rows=1 width=121)
	  Index Cond: (id = 7786288)

table 3 : explain SELECT c FROM sbtest3 WHERE id=2325215
	Index Scan using sbtest3_pkey on sbtest3  (cost=0.43..8.45 rows=1 width=121)
	  Index Cond: (id = 2325215)

table 4 : explain SELECT c FROM sbtest4 WHERE id=7223329
	Index Scan using sbtest4_pkey on sbtest4  (cost=0.43..8.45 rows=1 width=121)
	  Index Cond: (id = 7223329)

table 5 : explain SELECT c FROM sbtest5 WHERE id=8478218
	Index Scan using sbtest5_pkey on sbtest5  (cost=0.43..8.45 rows=1 width=121)
	  Index Cond: (id = 8478218)

table 6 : explain SELECT c FROM sbtest6 WHERE id=9116244
	Index Scan using sbtest6_pkey on sbtest6  (cost=0.43..8.45 rows=1 width=121)
	  Index Cond: (id = 9116244)

table 7 : explain SELECT c FROM sbtest7 WHERE id=1347864
	Index Scan using sbtest7_pkey on sbtest7  (cost=0.43..8.45 rows=1 width=121)
	  Index Cond: (id = 1347864)

table 8 : explain SELECT c FROM sbtest8 WHERE id=2355525
	Index Scan using sbtest8_pkey on sbtest8  (cost=0.43..8.45 rows=1 width=121)
	  Index Cond: (id = 2355525)

explain: for point_selects :: explain SELECT c FROM sbtest%u WHERE id=%u
for: simple_ranges
table 1 : explain SELECT c FROM sbtest1 WHERE id BETWEEN 5306804 AND 5307803
	Bitmap Heap Scan on sbtest1  (cost=35.07..4023.23 rows=1038 width=121)
	  Recheck Cond: ((id >= 5306804) AND (id <= 5307803))
	  ->  Bitmap Index Scan on sbtest1_pkey  (cost=0.00..34.82 rows=1038 width=0)
	        Index Cond: ((id >= 5306804) AND (id <= 5307803))

table 2 : explain SELECT c FROM sbtest2 WHERE id BETWEEN 5072099 AND 5073098
	Bitmap Heap Scan on sbtest2  (cost=29.79..3541.69 rows=913 width=121)
	  Recheck Cond: ((id >= 5072099) AND (id <= 5073098))
	  ->  Bitmap Index Scan on sbtest2_pkey  (cost=0.00..29.57 rows=913 width=0)
	        Index Cond: ((id >= 5072099) AND (id <= 5073098))

table 3 : explain SELECT c FROM sbtest3 WHERE id BETWEEN 1474542 AND 1475541
	Bitmap Heap Scan on sbtest3  (cost=35.04..4005.39 rows=1035 width=121)
	  Recheck Cond: ((id >= 1474542) AND (id <= 1475541))
	  ->  Bitmap Index Scan on sbtest3_pkey  (cost=0.00..34.79 rows=1035 width=0)
	        Index Cond: ((id >= 1474542) AND (id <= 1475541))

table 4 : explain SELECT c FROM sbtest4 WHERE id BETWEEN 7449812 AND 7450811
	Bitmap Heap Scan on sbtest4  (cost=34.96..3976.71 rows=1027 width=121)
	  Recheck Cond: ((id >= 7449812) AND (id <= 7450811))
	  ->  Bitmap Index Scan on sbtest4_pkey  (cost=0.00..34.70 rows=1027 width=0)
	        Index Cond: ((id >= 7449812) AND (id <= 7450811))

table 5 : explain SELECT c FROM sbtest5 WHERE id BETWEEN 789002 AND 790001
	Bitmap Heap Scan on sbtest5  (cost=34.31..3736.75 rows=963 width=121)
	  Recheck Cond: ((id >= 789002) AND (id <= 790001))
	  ->  Bitmap Index Scan on sbtest5_pkey  (cost=0.00..34.07 rows=963 width=0)
	        Index Cond: ((id >= 789002) AND (id <= 790001))

table 6 : explain SELECT c FROM sbtest6 WHERE id BETWEEN 2182461 AND 2183460
	Bitmap Heap Scan on sbtest6  (cost=34.79..3912.76 rows=1010 width=121)
	  Recheck Cond: ((id >= 2182461) AND (id <= 2183460))
	  ->  Bitmap Index Scan on sbtest6_pkey  (cost=0.00..34.54 rows=1010 width=0)
	        Index Cond: ((id >= 2182461) AND (id <= 2183460))

table 7 : explain SELECT c FROM sbtest7 WHERE id BETWEEN 2457151 AND 2458150
	Bitmap Heap Scan on sbtest7  (cost=34.47..3796.75 rows=979 width=121)
	  Recheck Cond: ((id >= 2457151) AND (id <= 2458150))
	  ->  Bitmap Index Scan on sbtest7_pkey  (cost=0.00..34.23 rows=979 width=0)
	        Index Cond: ((id >= 2457151) AND (id <= 2458150))

table 8 : explain SELECT c FROM sbtest8 WHERE id BETWEEN 7781556 AND 7782555
	Bitmap Heap Scan on sbtest8  (cost=35.30..4102.53 rows=1060 width=121)
	  Recheck Cond: ((id >= 7781556) AND (id <= 7782555))
	  ->  Bitmap Index Scan on sbtest8_pkey  (cost=0.00..35.04 rows=1060 width=0)
	        Index Cond: ((id >= 7781556) AND (id <= 7782555))

explain: for point_selects :: explain SELECT c FROM sbtest%u WHERE id=%u
explain: for point_selects :: explain SELECT c FROM sbtest%u WHERE id=%u
for: simple_ranges
table 1 : explain SELECT c FROM sbtest1 WHERE id BETWEEN 4546643 AND 4547642
	Bitmap Heap Scan on sbtest1  (cost=34.34..3751.36 rows=966 width=121)
	  Recheck Cond: ((id >= 4546643) AND (id <= 4547642))
	  ->  Bitmap Index Scan on sbtest1_pkey  (cost=0.00..34.09 rows=966 width=0)
	        Index Cond: ((id >= 4546643) AND (id <= 4547642))

table 2 : explain SELECT c FROM sbtest2 WHERE id BETWEEN 677945 AND 678944
	Bitmap Heap Scan on sbtest2  (cost=34.83..3926.68 rows=1014 width=121)
	  Recheck Cond: ((id >= 677945) AND (id <= 678944))
	  ->  Bitmap Index Scan on sbtest2_pkey  (cost=0.00..34.58 rows=1014 width=0)
	        Index Cond: ((id >= 677945) AND (id <= 678944))

table 3 : explain SELECT c FROM sbtest3 WHERE id BETWEEN 2286829 AND 2287828
	Bitmap Heap Scan on sbtest3  (cost=34.16..3681.34 rows=949 width=121)
	  Recheck Cond: ((id >= 2286829) AND (id <= 2287828))
	  ->  Bitmap Index Scan on sbtest3_pkey  (cost=0.00..33.93 rows=949 width=0)
	        Index Cond: ((id >= 2286829) AND (id <= 2287828))

table 4 : explain SELECT c FROM sbtest4 WHERE id BETWEEN 6511193 AND 6512192
	Bitmap Heap Scan on sbtest4  (cost=34.17..3686.39 rows=950 width=121)
	  Recheck Cond: ((id >= 6511193) AND (id <= 6512192))
	  ->  Bitmap Index Scan on sbtest4_pkey  (cost=0.00..33.94 rows=950 width=0)
	        Index Cond: ((id >= 6511193) AND (id <= 6512192))

table 5 : explain SELECT c FROM sbtest5 WHERE id BETWEEN 3778657 AND 3779656
	Bitmap Heap Scan on sbtest5  (cost=35.19..4060.99 rows=1049 width=121)
	  Recheck Cond: ((id >= 3778657) AND (id <= 3779656))
	  ->  Bitmap Index Scan on sbtest5_pkey  (cost=0.00..34.93 rows=1049 width=0)
	        Index Cond: ((id >= 3778657) AND (id <= 3779656))

table 6 : explain SELECT c FROM sbtest6 WHERE id BETWEEN 3008659 AND 3009658
	Bitmap Heap Scan on sbtest6  (cost=34.75..3897.69 rows=1006 width=121)
	  Recheck Cond: ((id >= 3008659) AND (id <= 3009658))
	  ->  Bitmap Index Scan on sbtest6_pkey  (cost=0.00..34.50 rows=1006 width=0)
	        Index Cond: ((id >= 3008659) AND (id <= 3009658))

table 7 : explain SELECT c FROM sbtest7 WHERE id BETWEEN 4644811 AND 4645810
	Bitmap Heap Scan on sbtest7  (cost=30.03..3630.39 rows=936 width=121)
	  Recheck Cond: ((id >= 4644811) AND (id <= 4645810))
	  ->  Bitmap Index Scan on sbtest7_pkey  (cost=0.00..29.79 rows=936 width=0)
	        Index Cond: ((id >= 4644811) AND (id <= 4645810))

table 8 : explain SELECT c FROM sbtest8 WHERE id BETWEEN 9208361 AND 9209360
	Bitmap Heap Scan on sbtest8  (cost=34.19..3695.32 rows=952 width=121)
	  Recheck Cond: ((id >= 9208361) AND (id <= 9209360))
	  ->  Bitmap Index Scan on sbtest8_pkey  (cost=0.00..33.95 rows=952 width=0)
	        Index Cond: ((id >= 9208361) AND (id <= 9209360))

for: simple_ranges
table 1 : explain SELECT c FROM sbtest1 WHERE id BETWEEN 788418 AND 789417
	Bitmap Heap Scan on sbtest1  (cost=34.94..3974.19 rows=1025 width=121)
	  Recheck Cond: ((id >= 788418) AND (id <= 789417))
	  ->  Bitmap Index Scan on sbtest1_pkey  (cost=0.00..34.69 rows=1025 width=0)
	        Index Cond: ((id >= 788418) AND (id <= 789417))

table 2 : explain SELECT c FROM sbtest2 WHERE id BETWEEN 2498643 AND 2499642
	Bitmap Heap Scan on sbtest2  (cost=34.80..3915.38 rows=1011 width=121)
	  Recheck Cond: ((id >= 2498643) AND (id <= 2499642))
	  ->  Bitmap Index Scan on sbtest2_pkey  (cost=0.00..34.55 rows=1011 width=0)
	        Index Cond: ((id >= 2498643) AND (id <= 2499642))

table 3 : explain SELECT c FROM sbtest3 WHERE id BETWEEN 9211361 AND 9212360
	Bitmap Heap Scan on sbtest3  (cost=34.31..3734.16 rows=963 width=121)
	  Recheck Cond: ((id >= 9211361) AND (id <= 9212360))
	  ->  Bitmap Index Scan on sbtest3_pkey  (cost=0.00..34.07 rows=963 width=0)
	        Index Cond: ((id >= 9211361) AND (id <= 9212360))

table 4 : explain SELECT c FROM sbtest4 WHERE id BETWEEN 9517419 AND 9518418
	Bitmap Heap Scan on sbtest4  (cost=35.37..4127.23 rows=1067 width=121)
	  Recheck Cond: ((id >= 9517419) AND (id <= 9518418))
	  ->  Bitmap Index Scan on sbtest4_pkey  (cost=0.00..35.11 rows=1067 width=0)
	        Index Cond: ((id >= 9517419) AND (id <= 9518418))

table 5 : explain SELECT c FROM sbtest5 WHERE id BETWEEN 9479815 AND 9480814
	Bitmap Heap Scan on sbtest5  (cost=29.67..3498.40 rows=901 width=121)
	  Recheck Cond: ((id >= 9479815) AND (id <= 9480814))
	  ->  Bitmap Index Scan on sbtest5_pkey  (cost=0.00..29.44 rows=901 width=0)
	        Index Cond: ((id >= 9479815) AND (id <= 9480814))

table 6 : explain SELECT c FROM sbtest6 WHERE id BETWEEN 8568587 AND 8569586
	Bitmap Heap Scan on sbtest6  (cost=29.07..3273.92 rows=842 width=121)
	  Recheck Cond: ((id >= 8568587) AND (id <= 8569586))
	  ->  Bitmap Index Scan on sbtest6_pkey  (cost=0.00..28.86 rows=842 width=0)
	        Index Cond: ((id >= 8568587) AND (id <= 8569586))

table 7 : explain SELECT c FROM sbtest7 WHERE id BETWEEN 2380954 AND 2381953
	Bitmap Heap Scan on sbtest7  (cost=35.41..4143.34 rows=1071 width=121)
	  Recheck Cond: ((id >= 2380954) AND (id <= 2381953))
	  ->  Bitmap Index Scan on sbtest7_pkey  (cost=0.00..35.15 rows=1071 width=0)
	        Index Cond: ((id >= 2380954) AND (id <= 2381953))

table 8 : explain SELECT c FROM sbtest8 WHERE id BETWEEN 6257741 AND 6258740
	Bitmap Heap Scan on sbtest8  (cost=34.39..3767.07 rows=971 width=121)
	  Recheck Cond: ((id >= 6257741) AND (id <= 6258740))
	  ->  Bitmap Index Scan on sbtest8_pkey  (cost=0.00..34.15 rows=971 width=0)
	        Index Cond: ((id >= 6257741) AND (id <= 6258740))

for: simple_ranges
table 1 : explain SELECT c FROM sbtest1 WHERE id BETWEEN 1455746 AND 1456745
	Bitmap Heap Scan on sbtest1  (cost=34.28..3728.68 rows=960 width=121)
	  Recheck Cond: ((id >= 1455746) AND (id <= 1456745))
	  ->  Bitmap Index Scan on sbtest1_pkey  (cost=0.00..34.04 rows=960 width=0)
	        Index Cond: ((id >= 1455746) AND (id <= 1456745))

table 2 : explain SELECT c FROM sbtest2 WHERE id BETWEEN 1403356 AND 1404355
	Bitmap Heap Scan on sbtest2  (cost=35.43..4148.63 rows=1073 width=121)
	  Recheck Cond: ((id >= 1403356) AND (id <= 1404355))
	  ->  Bitmap Index Scan on sbtest2_pkey  (cost=0.00..35.17 rows=1073 width=0)
	        Index Cond: ((id >= 1403356) AND (id <= 1404355))

table 3 : explain SELECT c FROM sbtest3 WHERE id BETWEEN 8606437 AND 8607436
	Bitmap Heap Scan on sbtest3  (cost=35.12..4031.72 rows=1042 width=121)
	  Recheck Cond: ((id >= 8606437) AND (id <= 8607436))
	  ->  Bitmap Index Scan on sbtest3_pkey  (cost=0.00..34.86 rows=1042 width=0)
	        Index Cond: ((id >= 8606437) AND (id <= 8607436))

table 4 : explain SELECT c FROM sbtest4 WHERE id BETWEEN 7140124 AND 7141123
	Bitmap Heap Scan on sbtest4  (cost=40.16..4416.70 rows=1144 width=121)
	  Recheck Cond: ((id >= 7140124) AND (id <= 7141123))
	  ->  Bitmap Index Scan on sbtest4_pkey  (cost=0.00..39.88 rows=1144 width=0)
	        Index Cond: ((id >= 7140124) AND (id <= 7141123))

table 5 : explain SELECT c FROM sbtest5 WHERE id BETWEEN 2648214 AND 2649213
	Bitmap Heap Scan on sbtest5  (cost=35.25..4083.58 rows=1055 width=121)
	  Recheck Cond: ((id >= 2648214) AND (id <= 2649213))
	  ->  Bitmap Index Scan on sbtest5_pkey  (cost=0.00..34.98 rows=1055 width=0)
	        Index Cond: ((id >= 2648214) AND (id <= 2649213))

table 6 : explain SELECT c FROM sbtest6 WHERE id BETWEEN 3448093 AND 3449092
	Bitmap Heap Scan on sbtest6  (cost=34.24..3712.89 rows=957 width=121)
	  Recheck Cond: ((id >= 3448093) AND (id <= 3449092))
	  ->  Bitmap Index Scan on sbtest6_pkey  (cost=0.00..34.01 rows=957 width=0)
	        Index Cond: ((id >= 3448093) AND (id <= 3449092))

table 7 : explain SELECT c FROM sbtest7 WHERE id BETWEEN 9504051 AND 9505050
	Bitmap Heap Scan on sbtest7  (cost=34.74..3894.81 rows=1005 width=121)
	  Recheck Cond: ((id >= 9504051) AND (id <= 9505050))
	  ->  Bitmap Index Scan on sbtest7_pkey  (cost=0.00..34.48 rows=1005 width=0)
	        Index Cond: ((id >= 9504051) AND (id <= 9505050))

table 8 : explain SELECT c FROM sbtest8 WHERE id BETWEEN 5725433 AND 5726432
	Bitmap Heap Scan on sbtest8  (cost=35.07..4019.70 rows=1038 width=121)
	  Recheck Cond: ((id >= 5725433) AND (id <= 5726432))
	  ->  Bitmap Index Scan on sbtest8_pkey  (cost=0.00..34.82 rows=1038 width=0)
	        Index Cond: ((id >= 5725433) AND (id <= 5726432))

for point_selects
table 1 : explain SELECT c FROM sbtest1 WHERE id=3375312
	Index Scan using sbtest1_pkey on sbtest1  (cost=0.43..8.45 rows=1 width=121)
	  Index Cond: (id = 3375312)

table 2 : explain SELECT c FROM sbtest2 WHERE id=3978164
	Index Scan using sbtest2_pkey on sbtest2  (cost=0.43..8.45 rows=1 width=121)
	  Index Cond: (id = 3978164)

table 3 : explain SELECT c FROM sbtest3 WHERE id=8442407
	Index Scan using sbtest3_pkey on sbtest3  (cost=0.43..8.45 rows=1 width=121)
	  Index Cond: (id = 8442407)

table 4 : explain SELECT c FROM sbtest4 WHERE id=529431
	Index Scan using sbtest4_pkey on sbtest4  (cost=0.43..8.45 rows=1 width=121)
	  Index Cond: (id = 529431)

table 5 : explain SELECT c FROM sbtest5 WHERE id=3140821
	Index Scan using sbtest5_pkey on sbtest5  (cost=0.43..8.45 rows=1 width=121)
	  Index Cond: (id = 3140821)

table 6 : explain SELECT c FROM sbtest6 WHERE id=4817137
	Index Scan using sbtest6_pkey on sbtest6  (cost=0.43..8.45 rows=1 width=121)
	  Index Cond: (id = 4817137)

table 7 : explain SELECT c FROM sbtest7 WHERE id=9621783
	Index Scan using sbtest7_pkey on sbtest7  (cost=0.43..8.45 rows=1 width=121)
	  Index Cond: (id = 9621783)

table 8 : explain SELECT c FROM sbtest8 WHERE id=3379882
	Index Scan using sbtest8_pkey on sbtest8  (cost=0.43..8.45 rows=1 width=121)
	  Index Cond: (id = 3379882)

explain: for point_selects :: explain SELECT c FROM sbtest%u WHERE id=%u
for point_selects
table 1 : explain SELECT c FROM sbtest1 WHERE id=3648883
	Index Scan using sbtest1_pkey on sbtest1  (cost=0.43..8.45 rows=1 width=121)
	  Index Cond: (id = 3648883)

table 2 : explain SELECT c FROM sbtest2 WHERE id=7961017
	Index Scan using sbtest2_pkey on sbtest2  (cost=0.43..8.45 rows=1 width=121)
	  Index Cond: (id = 7961017)

table 3 : explain SELECT c FROM sbtest3 WHERE id=3586822
	Index Scan using sbtest3_pkey on sbtest3  (cost=0.43..8.45 rows=1 width=121)
	  Index Cond: (id = 3586822)

table 4 : explain SELECT c FROM sbtest4 WHERE id=6166425
	Index Scan using sbtest4_pkey on sbtest4  (cost=0.43..8.45 rows=1 width=121)
	  Index Cond: (id = 6166425)

table 5 : explain SELECT c FROM sbtest5 WHERE id=5246776
	Index Scan using sbtest5_pkey on sbtest5  (cost=0.43..8.45 rows=1 width=121)
	  Index Cond: (id = 5246776)

table 6 : explain SELECT c FROM sbtest6 WHERE id=4366785
	Index Scan using sbtest6_pkey on sbtest6  (cost=0.43..8.45 rows=1 width=121)
	  Index Cond: (id = 4366785)

table 7 : explain SELECT c FROM sbtest7 WHERE id=7828111
	Index Scan using sbtest7_pkey on sbtest7  (cost=0.43..8.45 rows=1 width=121)
	  Index Cond: (id = 7828111)

table 8 : explain SELECT c FROM sbtest8 WHERE id=3404950
	Index Scan using sbtest8_pkey on sbtest8  (cost=0.43..8.45 rows=1 width=121)
	  Index Cond: (id = 3404950)

for: simple_ranges
table 1 : explain SELECT c FROM sbtest1 WHERE id BETWEEN 5486586 AND 5487585
	Bitmap Heap Scan on sbtest1  (cost=29.62..3482.41 rows=896 width=121)
	  Recheck Cond: ((id >= 5486586) AND (id <= 5487585))
	  ->  Bitmap Index Scan on sbtest1_pkey  (cost=0.00..29.39 rows=896 width=0)
	        Index Cond: ((id >= 5486586) AND (id <= 5487585))

table 2 : explain SELECT c FROM sbtest2 WHERE id BETWEEN 5398510 AND 5399509
	Bitmap Heap Scan on sbtest2  (cost=34.88..3945.51 rows=1019 width=121)
	  Recheck Cond: ((id >= 5398510) AND (id <= 5399509))
	  ->  Bitmap Index Scan on sbtest2_pkey  (cost=0.00..34.62 rows=1019 width=0)
	        Index Cond: ((id >= 5398510) AND (id <= 5399509))

table 3 : explain SELECT c FROM sbtest3 WHERE id BETWEEN 7345832 AND 7346831
	Bitmap Heap Scan on sbtest3  (cost=30.06..3639.60 rows=939 width=121)
	  Recheck Cond: ((id >= 7345832) AND (id <= 7346831))
	  ->  Bitmap Index Scan on sbtest3_pkey  (cost=0.00..29.82 rows=939 width=0)
	        Index Cond: ((id >= 7345832) AND (id <= 7346831))

table 4 : explain SELECT c FROM sbtest4 WHERE id BETWEEN 2174912 AND 2175911
	Bitmap Heap Scan on sbtest4  (cost=33.93..3595.74 rows=926 width=121)
	  Recheck Cond: ((id >= 2174912) AND (id <= 2175911))
	  ->  Bitmap Index Scan on sbtest4_pkey  (cost=0.00..33.70 rows=926 width=0)
	        Index Cond: ((id >= 2174912) AND (id <= 2175911))

table 5 : explain SELECT c FROM sbtest5 WHERE id BETWEEN 926740 AND 927739
	Bitmap Heap Scan on sbtest5  (cost=29.94..3596.74 rows=927 width=121)
	  Recheck Cond: ((id >= 926740) AND (id <= 927739))
	  ->  Bitmap Index Scan on sbtest5_pkey  (cost=0.00..29.70 rows=927 width=0)
	        Index Cond: ((id >= 926740) AND (id <= 927739))

table 6 : explain SELECT c FROM sbtest6 WHERE id BETWEEN 9596730 AND 9597729
	Bitmap Heap Scan on sbtest6  (cost=34.64..3860.00 rows=996 width=121)
	  Recheck Cond: ((id >= 9596730) AND (id <= 9597729))
	  ->  Bitmap Index Scan on sbtest6_pkey  (cost=0.00..34.40 rows=996 width=0)
	        Index Cond: ((id >= 9596730) AND (id <= 9597729))

table 7 : explain SELECT c FROM sbtest7 WHERE id BETWEEN 1702434 AND 1703433
	Bitmap Heap Scan on sbtest7  (cost=35.16..4049.26 rows=1046 width=121)
	  Recheck Cond: ((id >= 1702434) AND (id <= 1703433))
	  ->  Bitmap Index Scan on sbtest7_pkey  (cost=0.00..34.90 rows=1046 width=0)
	        Index Cond: ((id >= 1702434) AND (id <= 1703433))

table 8 : explain SELECT c FROM sbtest8 WHERE id BETWEEN 8003038 AND 8004037
	Bitmap Heap Scan on sbtest8  (cost=40.18..4426.03 rows=1146 width=121)
	  Recheck Cond: ((id >= 8003038) AND (id <= 8004037))
	  ->  Bitmap Index Scan on sbtest8_pkey  (cost=0.00..39.90 rows=1146 width=0)
	        Index Cond: ((id >= 8003038) AND (id <= 8004037))

for point_selects
table 1 : explain SELECT c FROM sbtest1 WHERE id=8041015
	Index Scan using sbtest1_pkey on sbtest1  (cost=0.43..8.45 rows=1 width=121)
	  Index Cond: (id = 8041015)

table 2 : explain SELECT c FROM sbtest2 WHERE id=6456530
	Index Scan using sbtest2_pkey on sbtest2  (cost=0.43..8.45 rows=1 width=121)
	  Index Cond: (id = 6456530)

table 3 : explain SELECT c FROM sbtest3 WHERE id=7109272
	Index Scan using sbtest3_pkey on sbtest3  (cost=0.43..8.45 rows=1 width=121)
	  Index Cond: (id = 7109272)

table 4 : explain SELECT c FROM sbtest4 WHERE id=1577377
	Index Scan using sbtest4_pkey on sbtest4  (cost=0.43..8.45 rows=1 width=121)
	  Index Cond: (id = 1577377)

table 5 : explain SELECT c FROM sbtest5 WHERE id=4489973
	Index Scan using sbtest5_pkey on sbtest5  (cost=0.43..8.45 rows=1 width=121)
	  Index Cond: (id = 4489973)

table 6 : explain SELECT c FROM sbtest6 WHERE id=6691464
	Index Scan using sbtest6_pkey on sbtest6  (cost=0.43..8.45 rows=1 width=121)
	  Index Cond: (id = 6691464)

table 7 : explain SELECT c FROM sbtest7 WHERE id=9269614
	Index Scan using sbtest7_pkey on sbtest7  (cost=0.43..8.45 rows=1 width=121)
	  Index Cond: (id = 9269614)

table 8 : explain SELECT c FROM sbtest8 WHERE id=3228517
	Index Scan using sbtest8_pkey on sbtest8  (cost=0.43..8.45 rows=1 width=121)
	  Index Cond: (id = 3228517)

for: sum_ranges
table 1 : explain SELECT SUM(k) FROM sbtest1 WHERE id BETWEEN 7674983 AND 7675982
	Aggregate  (cost=3836.97..3836.98 rows=1 width=8)
	  ->  Bitmap Heap Scan on sbtest1  (cost=34.56..3834.50 rows=988 width=4)
	        Recheck Cond: ((id >= 7674983) AND (id <= 7675982))
	        ->  Bitmap Index Scan on sbtest1_pkey  (cost=0.00..34.32 rows=988 width=0)
	              Index Cond: ((id >= 7674983) AND (id <= 7675982))

table 2 : explain SELECT SUM(k) FROM sbtest2 WHERE id BETWEEN 4212944 AND 4213943
	Aggregate  (cost=3638.69..3638.70 rows=1 width=8)
	  ->  Bitmap Heap Scan on sbtest2  (cost=34.04..3636.34 rows=937 width=4)
	        Recheck Cond: ((id >= 4212944) AND (id <= 4213943))
	        ->  Bitmap Index Scan on sbtest2_pkey  (cost=0.00..33.81 rows=937 width=0)
	              Index Cond: ((id >= 4212944) AND (id <= 4213943))

table 3 : explain SELECT SUM(k) FROM sbtest3 WHERE id BETWEEN 7648278 AND 7649277
	Aggregate  (cost=3808.26..3808.27 rows=1 width=8)
	  ->  Bitmap Heap Scan on sbtest3  (cost=34.50..3805.80 rows=982 width=4)
	        Recheck Cond: ((id >= 7648278) AND (id <= 7649277))
	        ->  Bitmap Index Scan on sbtest3_pkey  (cost=0.00..34.26 rows=982 width=0)
	              Index Cond: ((id >= 7648278) AND (id <= 7649277))

table 4 : explain SELECT SUM(k) FROM sbtest4 WHERE id BETWEEN 7904084 AND 7905083
	Aggregate  (cost=4084.74..4084.75 rows=1 width=8)
	  ->  Bitmap Heap Scan on sbtest4  (cost=35.25..4082.10 rows=1055 width=4)
	        Recheck Cond: ((id >= 7904084) AND (id <= 7905083))
	        ->  Bitmap Index Scan on sbtest4_pkey  (cost=0.00..34.98 rows=1055 width=0)
	              Index Cond: ((id >= 7904084) AND (id <= 7905083))

table 5 : explain SELECT SUM(k) FROM sbtest5 WHERE id BETWEEN 7555436 AND 7556435
	Aggregate  (cost=3969.39..3969.40 rows=1 width=8)
	  ->  Bitmap Heap Scan on sbtest5  (cost=34.93..3966.83 rows=1024 width=4)
	        Recheck Cond: ((id >= 7555436) AND (id <= 7556435))
	        ->  Bitmap Index Scan on sbtest5_pkey  (cost=0.00..34.68 rows=1024 width=0)
	              Index Cond: ((id >= 7555436) AND (id <= 7556435))

table 6 : explain SELECT SUM(k) FROM sbtest6 WHERE id BETWEEN 2815192 AND 2816191
	Aggregate  (cost=4190.18..4190.19 rows=1 width=8)
	  ->  Bitmap Heap Scan on sbtest6  (cost=35.54..4187.47 rows=1083 width=4)
	        Recheck Cond: ((id >= 2815192) AND (id <= 2816191))
	        ->  Bitmap Index Scan on sbtest6_pkey  (cost=0.00..35.27 rows=1083 width=0)
	              Index Cond: ((id >= 2815192) AND (id <= 2816191))

table 7 : explain SELECT SUM(k) FROM sbtest7 WHERE id BETWEEN 8582969 AND 8583968
	Aggregate  (cost=3659.41..3659.42 rows=1 width=8)
	  ->  Bitmap Heap Scan on sbtest7  (cost=34.09..3657.06 rows=942 width=4)
	        Recheck Cond: ((id >= 8582969) AND (id <= 8583968))
	        ->  Bitmap Index Scan on sbtest7_pkey  (cost=0.00..33.86 rows=942 width=0)
	              Index Cond: ((id >= 8582969) AND (id <= 8583968))

table 8 : explain SELECT SUM(k) FROM sbtest8 WHERE id BETWEEN 1210318 AND 1211317
	Aggregate  (cost=3739.27..3739.28 rows=1 width=8)
	  ->  Bitmap Heap Scan on sbtest8  (cost=34.31..3736.87 rows=963 width=4)
	        Recheck Cond: ((id >= 1210318) AND (id <= 1211317))
	        ->  Bitmap Index Scan on sbtest8_pkey  (cost=0.00..34.07 rows=963 width=0)
	              Index Cond: ((id >= 1210318) AND (id <= 1211317))

for: sum_ranges
table 1 : explain SELECT SUM(k) FROM sbtest1 WHERE id BETWEEN 7187751 AND 7188750
	Aggregate  (cost=4003.18..4003.19 rows=1 width=8)
	  ->  Bitmap Heap Scan on sbtest1  (cost=35.01..4000.60 rows=1032 width=4)
	        Recheck Cond: ((id >= 7187751) AND (id <= 7188750))
	        ->  Bitmap Index Scan on sbtest1_pkey  (cost=0.00..34.76 rows=1032 width=0)
	              Index Cond: ((id >= 7187751) AND (id <= 7188750))

table 2 : explain SELECT SUM(k) FROM sbtest2 WHERE id BETWEEN 3226416 AND 3227415
	Aggregate  (cost=4113.70..4113.71 rows=1 width=8)
	  ->  Bitmap Heap Scan on sbtest2  (cost=35.33..4111.04 rows=1063 width=4)
	        Recheck Cond: ((id >= 3226416) AND (id <= 3227415))
	        ->  Bitmap Index Scan on sbtest2_pkey  (cost=0.00..35.07 rows=1063 width=0)
	              Index Cond: ((id >= 3226416) AND (id <= 3227415))

table 3 : explain SELECT SUM(k) FROM sbtest3 WHERE id BETWEEN 4173453 AND 4174452
	Aggregate  (cost=3959.02..3959.03 rows=1 width=8)
	  ->  Bitmap Heap Scan on sbtest3  (cost=34.91..3956.47 rows=1022 width=4)
	        Recheck Cond: ((id >= 4173453) AND (id <= 4174452))
	        ->  Bitmap Index Scan on sbtest3_pkey  (cost=0.00..34.66 rows=1022 width=0)
	              Index Cond: ((id >= 4173453) AND (id <= 4174452))

table 4 : explain SELECT SUM(k) FROM sbtest4 WHERE id BETWEEN 5468562 AND 5469561
	Aggregate  (cost=3571.37..3571.38 rows=1 width=8)
	  ->  Bitmap Heap Scan on sbtest4  (cost=29.87..3569.07 rows=920 width=4)
	        Recheck Cond: ((id >= 5468562) AND (id <= 5469561))
	        ->  Bitmap Index Scan on sbtest4_pkey  (cost=0.00..29.64 rows=920 width=0)
	              Index Cond: ((id >= 5468562) AND (id <= 5469561))

table 5 : explain SELECT SUM(k) FROM sbtest5 WHERE id BETWEEN 2674394 AND 2675393
	Aggregate  (cost=4086.22..4086.23 rows=1 width=8)
	  ->  Bitmap Heap Scan on sbtest5  (cost=35.25..4083.58 rows=1055 width=4)
	        Recheck Cond: ((id >= 2674394) AND (id <= 2675393))
	        ->  Bitmap Index Scan on sbtest5_pkey  (cost=0.00..34.98 rows=1055 width=0)
	              Index Cond: ((id >= 2674394) AND (id <= 2675393))

table 6 : explain SELECT SUM(k) FROM sbtest6 WHERE id BETWEEN 8487992 AND 8488991
	Aggregate  (cost=3276.02..3276.03 rows=1 width=8)
	  ->  Bitmap Heap Scan on sbtest6  (cost=29.07..3273.92 rows=842 width=4)
	        Recheck Cond: ((id >= 8487992) AND (id <= 8488991))
	        ->  Bitmap Index Scan on sbtest6_pkey  (cost=0.00..28.86 rows=842 width=0)
	              Index Cond: ((id >= 8487992) AND (id <= 8488991))

table 7 : explain SELECT SUM(k) FROM sbtest7 WHERE id BETWEEN 1072505 AND 1073504
	Aggregate  (cost=3780.32..3780.33 rows=1 width=8)
	  ->  Bitmap Heap Scan on sbtest7  (cost=34.42..3777.89 rows=974 width=4)
	        Recheck Cond: ((id >= 1072505) AND (id <= 1073504))
	        ->  Bitmap Index Scan on sbtest7_pkey  (cost=0.00..34.18 rows=974 width=0)
	              Index Cond: ((id >= 1072505) AND (id <= 1073504))

table 8 : explain SELECT SUM(k) FROM sbtest8 WHERE id BETWEEN 2517460 AND 2518459
	Aggregate  (cost=4188.01..4188.02 rows=1 width=8)
	  ->  Bitmap Heap Scan on sbtest8  (cost=35.53..4185.31 rows=1082 width=4)
	        Recheck Cond: ((id >= 2517460) AND (id <= 2518459))
	        ->  Bitmap Index Scan on sbtest8_pkey  (cost=0.00..35.26 rows=1082 width=0)
	              Index Cond: ((id >= 2517460) AND (id <= 2518459))

for: sum_ranges
table 1 : explain SELECT SUM(k) FROM sbtest1 WHERE id BETWEEN 9215536 AND 9216535
	Aggregate  (cost=3969.20..3969.21 rows=1 width=8)
	  ->  Bitmap Heap Scan on sbtest1  (cost=34.92..3966.65 rows=1023 width=4)
	        Recheck Cond: ((id >= 9215536) AND (id <= 9216535))
	        ->  Bitmap Index Scan on sbtest1_pkey  (cost=0.00..34.67 rows=1023 width=0)
	              Index Cond: ((id >= 9215536) AND (id <= 9216535))

table 2 : explain SELECT SUM(k) FROM sbtest2 WHERE id BETWEEN 8436088 AND 8437087
	Aggregate  (cost=3695.34..3695.35 rows=1 width=8)
	  ->  Bitmap Heap Scan on sbtest2  (cost=34.19..3692.96 rows=952 width=4)
	        Recheck Cond: ((id >= 8436088) AND (id <= 8437087))
	        ->  Bitmap Index Scan on sbtest2_pkey  (cost=0.00..33.95 rows=952 width=0)
	              Index Cond: ((id >= 8436088) AND (id <= 8437087))

table 3 : explain SELECT SUM(k) FROM sbtest3 WHERE id BETWEEN 2259710 AND 2260709
	Aggregate  (cost=3683.72..3683.73 rows=1 width=8)
	  ->  Bitmap Heap Scan on sbtest3  (cost=34.16..3681.34 rows=949 width=4)
	        Recheck Cond: ((id >= 2259710) AND (id <= 2260709))
	        ->  Bitmap Index Scan on sbtest3_pkey  (cost=0.00..33.93 rows=949 width=0)
	              Index Cond: ((id >= 2259710) AND (id <= 2260709))

table 4 : explain SELECT SUM(k) FROM sbtest4 WHERE id BETWEEN 7760030 AND 7761029
	Aggregate  (cost=3945.36..3945.37 rows=1 width=8)
	  ->  Bitmap Heap Scan on sbtest4  (cost=34.87..3942.82 rows=1018 width=4)
	        Recheck Cond: ((id >= 7760030) AND (id <= 7761029))
	        ->  Bitmap Index Scan on sbtest4_pkey  (cost=0.00..34.62 rows=1018 width=0)
	              Index Cond: ((id >= 7760030) AND (id <= 7761029))

table 5 : explain SELECT SUM(k) FROM sbtest5 WHERE id BETWEEN 6791375 AND 6792374
	Aggregate  (cost=3727.82..3727.83 rows=1 width=8)
	  ->  Bitmap Heap Scan on sbtest5  (cost=34.28..3725.42 rows=960 width=4)
	        Recheck Cond: ((id >= 6791375) AND (id <= 6792374))
	        ->  Bitmap Index Scan on sbtest5_pkey  (cost=0.00..34.04 rows=960 width=0)
	              Index Cond: ((id >= 6791375) AND (id <= 6792374))

table 6 : explain SELECT SUM(k) FROM sbtest6 WHERE id BETWEEN 2942168 AND 2943167
	Aggregate  (cost=3975.59..3975.60 rows=1 width=8)
	  ->  Bitmap Heap Scan on sbtest6  (cost=34.95..3973.03 rows=1026 width=4)
	        Recheck Cond: ((id >= 2942168) AND (id <= 2943167))
	        ->  Bitmap Index Scan on sbtest6_pkey  (cost=0.00..34.70 rows=1026 width=0)
	              Index Cond: ((id >= 2942168) AND (id <= 2943167))

table 7 : explain SELECT SUM(k) FROM sbtest7 WHERE id BETWEEN 6066241 AND 6067240
	Aggregate  (cost=3802.98..3802.99 rows=1 width=8)
	  ->  Bitmap Heap Scan on sbtest7  (cost=34.48..3800.53 rows=980 width=4)
	        Recheck Cond: ((id >= 6066241) AND (id <= 6067240))
	        ->  Bitmap Index Scan on sbtest7_pkey  (cost=0.00..34.23 rows=980 width=0)
	              Index Cond: ((id >= 6066241) AND (id <= 6067240))

table 8 : explain SELECT SUM(k) FROM sbtest8 WHERE id BETWEEN 5253338 AND 5254337
	Aggregate  (cost=3799.71..3799.72 rows=1 width=8)
	  ->  Bitmap Heap Scan on sbtest8  (cost=34.47..3797.27 rows=979 width=4)
	        Recheck Cond: ((id >= 5253338) AND (id <= 5254337))
	        ->  Bitmap Index Scan on sbtest8_pkey  (cost=0.00..34.23 rows=979 width=0)
	              Index Cond: ((id >= 5253338) AND (id <= 5254337))

for: simple_ranges
table 1 : explain SELECT c FROM sbtest1 WHERE id BETWEEN 5731410 AND 5732409
	Bitmap Heap Scan on sbtest1  (cost=34.22..3709.77 rows=955 width=121)
	  Recheck Cond: ((id >= 5731410) AND (id <= 5732409))
	  ->  Bitmap Index Scan on sbtest1_pkey  (cost=0.00..33.98 rows=955 width=0)
	        Index Cond: ((id >= 5731410) AND (id <= 5732409))

table 2 : explain SELECT c FROM sbtest2 WHERE id BETWEEN 4779830 AND 4780829
	Bitmap Heap Scan on sbtest2  (cost=35.30..4099.76 rows=1060 width=121)
	  Recheck Cond: ((id >= 4779830) AND (id <= 4780829))
	  ->  Bitmap Index Scan on sbtest2_pkey  (cost=0.00..35.04 rows=1060 width=0)
	        Index Cond: ((id >= 4779830) AND (id <= 4780829))

table 3 : explain SELECT c FROM sbtest3 WHERE id BETWEEN 3448933 AND 3449932
	Bitmap Heap Scan on sbtest3  (cost=34.98..3982.81 rows=1029 width=121)
	  Recheck Cond: ((id >= 3448933) AND (id <= 3449932))
	  ->  Bitmap Index Scan on sbtest3_pkey  (cost=0.00..34.73 rows=1029 width=0)
	        Index Cond: ((id >= 3448933) AND (id <= 3449932))

table 4 : explain SELECT c FROM sbtest4 WHERE id BETWEEN 8003722 AND 8004721
	Bitmap Heap Scan on sbtest4  (cost=34.11..3663.73 rows=944 width=121)
	  Recheck Cond: ((id >= 8003722) AND (id <= 8004721))
	  ->  Bitmap Index Scan on sbtest4_pkey  (cost=0.00..33.88 rows=944 width=0)
	        Index Cond: ((id >= 8003722) AND (id <= 8004721))

table 5 : explain SELECT c FROM sbtest5 WHERE id BETWEEN 4929006 AND 4930005
	Bitmap Heap Scan on sbtest5  (cost=35.11..4030.87 rows=1041 width=121)
	  Recheck Cond: ((id >= 4929006) AND (id <= 4930005))
	  ->  Bitmap Index Scan on sbtest5_pkey  (cost=0.00..34.84 rows=1041 width=0)
	        Index Cond: ((id >= 4929006) AND (id <= 4930005))

table 6 : explain SELECT c FROM sbtest6 WHERE id BETWEEN 9954376 AND 9955375
	Bitmap Heap Scan on sbtest6  (cost=35.22..4070.90 rows=1052 width=121)
	  Recheck Cond: ((id >= 9954376) AND (id <= 9955375))
	  ->  Bitmap Index Scan on sbtest6_pkey  (cost=0.00..34.95 rows=1052 width=0)
	        Index Cond: ((id >= 9954376) AND (id <= 9955375))

table 7 : explain SELECT c FROM sbtest7 WHERE id BETWEEN 4971144 AND 4972143
	Bitmap Heap Scan on sbtest7  (cost=34.24..3713.71 rows=957 width=121)
	  Recheck Cond: ((id >= 4971144) AND (id <= 4972143))
	  ->  Bitmap Index Scan on sbtest7_pkey  (cost=0.00..34.01 rows=957 width=0)
	        Index Cond: ((id >= 4971144) AND (id <= 4972143))

table 8 : explain SELECT c FROM sbtest8 WHERE id BETWEEN 6453334 AND 6454333
	Bitmap Heap Scan on sbtest8  (cost=34.95..3974.50 rows=1026 width=121)
	  Recheck Cond: ((id >= 6453334) AND (id <= 6454333))
	  ->  Bitmap Index Scan on sbtest8_pkey  (cost=0.00..34.70 rows=1026 width=0)
	        Index Cond: ((id >= 6453334) AND (id <= 6454333))

for: simple_ranges
table 1 : explain SELECT c FROM sbtest1 WHERE id BETWEEN 5494737 AND 5495736
	Bitmap Heap Scan on sbtest1  (cost=29.62..3482.41 rows=896 width=121)
	  Recheck Cond: ((id >= 5494737) AND (id <= 5495736))
	  ->  Bitmap Index Scan on sbtest1_pkey  (cost=0.00..29.39 rows=896 width=0)
	        Index Cond: ((id >= 5494737) AND (id <= 5495736))

table 2 : explain SELECT c FROM sbtest2 WHERE id BETWEEN 1233630 AND 1234629
	Bitmap Heap Scan on sbtest2  (cost=29.67..3496.33 rows=901 width=121)
	  Recheck Cond: ((id >= 1233630) AND (id <= 1234629))
	  ->  Bitmap Index Scan on sbtest2_pkey  (cost=0.00..29.44 rows=901 width=0)
	        Index Cond: ((id >= 1233630) AND (id <= 1234629))

table 3 : explain SELECT c FROM sbtest3 WHERE id BETWEEN 4767315 AND 4768314
	Bitmap Heap Scan on sbtest3  (cost=35.32..4106.93 rows=1062 width=121)
	  Recheck Cond: ((id >= 4767315) AND (id <= 4768314))
	  ->  Bitmap Index Scan on sbtest3_pkey  (cost=0.00..35.06 rows=1062 width=0)
	        Index Cond: ((id >= 4767315) AND (id <= 4768314))

table 4 : explain SELECT c FROM sbtest4 WHERE id BETWEEN 3578092 AND 3579091
	Bitmap Heap Scan on sbtest4  (cost=35.70..4247.51 rows=1099 width=121)
	  Recheck Cond: ((id >= 3578092) AND (id <= 3579091))
	  ->  Bitmap Index Scan on sbtest4_pkey  (cost=0.00..35.43 rows=1099 width=0)
	        Index Cond: ((id >= 3578092) AND (id <= 3579091))

table 5 : explain SELECT c FROM sbtest5 WHERE id BETWEEN 1281623 AND 1282622
	Bitmap Heap Scan on sbtest5  (cost=29.91..3585.39 rows=924 width=121)
	  Recheck Cond: ((id >= 1281623) AND (id <= 1282622))
	  ->  Bitmap Index Scan on sbtest5_pkey  (cost=0.00..29.68 rows=924 width=0)
	        Index Cond: ((id >= 1281623) AND (id <= 1282622))

table 6 : explain SELECT c FROM sbtest6 WHERE id BETWEEN 502506 AND 503505
	Bitmap Heap Scan on sbtest6  (cost=29.95..3599.37 rows=928 width=121)
	  Recheck Cond: ((id >= 502506) AND (id <= 503505))
	  ->  Bitmap Index Scan on sbtest6_pkey  (cost=0.00..29.71 rows=928 width=0)
	        Index Cond: ((id >= 502506) AND (id <= 503505))

table 7 : explain SELECT c FROM sbtest7 WHERE id BETWEEN 5277063 AND 5278062
	Bitmap Heap Scan on sbtest7  (cost=34.11..3664.61 rows=944 width=121)
	  Recheck Cond: ((id >= 5277063) AND (id <= 5278062))
	  ->  Bitmap Index Scan on sbtest7_pkey  (cost=0.00..33.88 rows=944 width=0)
	        Index Cond: ((id >= 5277063) AND (id <= 5278062))

table 8 : explain SELECT c FROM sbtest8 WHERE id BETWEEN 100907 AND 101906
	Bitmap Heap Scan on sbtest8  (cost=29.96..3604.41 rows=929 width=121)
	  Recheck Cond: ((id >= 100907) AND (id <= 101906))
	  ->  Bitmap Index Scan on sbtest8_pkey  (cost=0.00..29.72 rows=929 width=0)
	        Index Cond: ((id >= 100907) AND (id <= 101906))

for: simple_ranges
table 1 : explain SELECT c FROM sbtest1 WHERE id BETWEEN 1438068 AND 1439067
	Bitmap Heap Scan on sbtest1  (cost=34.28..3728.68 rows=960 width=121)
	  Recheck Cond: ((id >= 1438068) AND (id <= 1439067))
	  ->  Bitmap Index Scan on sbtest1_pkey  (cost=0.00..34.04 rows=960 width=0)
	        Index Cond: ((id >= 1438068) AND (id <= 1439067))

table 2 : explain SELECT c FROM sbtest2 WHERE id BETWEEN 8636420 AND 8637419
	Bitmap Heap Scan on sbtest2  (cost=35.28..4092.24 rows=1058 width=121)
	  Recheck Cond: ((id >= 8636420) AND (id <= 8637419))
	  ->  Bitmap Index Scan on sbtest2_pkey  (cost=0.00..35.02 rows=1058 width=0)
	        Index Cond: ((id >= 8636420) AND (id <= 8637419))

table 3 : explain SELECT c FROM sbtest3 WHERE id BETWEEN 873888 AND 874887
	Bitmap Heap Scan on sbtest3  (cost=34.14..3673.80 rows=947 width=121)
	  Recheck Cond: ((id >= 873888) AND (id <= 874887))
	  ->  Bitmap Index Scan on sbtest3_pkey  (cost=0.00..33.91 rows=947 width=0)
	        Index Cond: ((id >= 873888) AND (id <= 874887))

table 4 : explain SELECT c FROM sbtest4 WHERE id BETWEEN 693438 AND 694437
	Bitmap Heap Scan on sbtest4  (cost=34.72..3886.30 rows=1003 width=121)
	  Recheck Cond: ((id >= 693438) AND (id <= 694437))
	  ->  Bitmap Index Scan on sbtest4_pkey  (cost=0.00..34.47 rows=1003 width=0)
	        Index Cond: ((id >= 693438) AND (id <= 694437))

table 5 : explain SELECT c FROM sbtest5 WHERE id BETWEEN 9217228 AND 9218227
	Bitmap Heap Scan on sbtest5  (cost=35.18..4057.23 rows=1048 width=121)
	  Recheck Cond: ((id >= 9217228) AND (id <= 9218227))
	  ->  Bitmap Index Scan on sbtest5_pkey  (cost=0.00..34.92 rows=1048 width=0)
	        Index Cond: ((id >= 9217228) AND (id <= 9218227))

table 6 : explain SELECT c FROM sbtest6 WHERE id BETWEEN 2679784 AND 2680783
	Bitmap Heap Scan on sbtest6  (cost=34.14..3675.13 rows=947 width=121)
	  Recheck Cond: ((id >= 2679784) AND (id <= 2680783))
	  ->  Bitmap Index Scan on sbtest6_pkey  (cost=0.00..33.91 rows=947 width=0)
	        Index Cond: ((id >= 2679784) AND (id <= 2680783))

table 7 : explain SELECT c FROM sbtest7 WHERE id BETWEEN 8658952 AND 8659951
	Bitmap Heap Scan on sbtest7  (cost=34.90..3955.11 rows=1021 width=121)
	  Recheck Cond: ((id >= 8658952) AND (id <= 8659951))
	  ->  Bitmap Index Scan on sbtest7_pkey  (cost=0.00..34.65 rows=1021 width=0)
	        Index Cond: ((id >= 8658952) AND (id <= 8659951))

table 8 : explain SELECT c FROM sbtest8 WHERE id BETWEEN 4911381 AND 4912380
	Bitmap Heap Scan on sbtest8  (cost=34.17..3687.77 rows=950 width=121)
	  Recheck Cond: ((id >= 4911381) AND (id <= 4912380))
	  ->  Bitmap Index Scan on sbtest8_pkey  (cost=0.00..33.94 rows=950 width=0)
	        Index Cond: ((id >= 4911381) AND (id <= 4912380))

explain: for point_selects :: explain SELECT c FROM sbtest%u WHERE id=%u
for: sum_ranges
table 1 : explain SELECT SUM(k) FROM sbtest1 WHERE id BETWEEN 6787045 AND 6788044
	Aggregate  (cost=3976.75..3976.76 rows=1 width=8)
	  ->  Bitmap Heap Scan on sbtest1  (cost=34.94..3974.19 rows=1025 width=4)
	        Recheck Cond: ((id >= 6787045) AND (id <= 6788044))
	        ->  Bitmap Index Scan on sbtest1_pkey  (cost=0.00..34.69 rows=1025 width=0)
	              Index Cond: ((id >= 6787045) AND (id <= 6788044))

table 2 : explain SELECT SUM(k) FROM sbtest2 WHERE id BETWEEN 8905071 AND 8906070
	Aggregate  (cost=3842.51..3842.52 rows=1 width=8)
	  ->  Bitmap Heap Scan on sbtest2  (cost=34.59..3840.04 rows=991 width=4)
	        Recheck Cond: ((id >= 8905071) AND (id <= 8906070))
	        ->  Bitmap Index Scan on sbtest2_pkey  (cost=0.00..34.34 rows=991 width=0)
	              Index Cond: ((id >= 8905071) AND (id <= 8906070))

table 3 : explain SELECT SUM(k) FROM sbtest3 WHERE id BETWEEN 2362651 AND 2363650
	Aggregate  (cost=3834.65..3834.66 rows=1 width=8)
	  ->  Bitmap Heap Scan on sbtest3  (cost=34.57..3832.18 rows=989 width=4)
	        Recheck Cond: ((id >= 2362651) AND (id <= 2363650))
	        ->  Bitmap Index Scan on sbtest3_pkey  (cost=0.00..34.33 rows=989 width=0)
	              Index Cond: ((id >= 2362651) AND (id <= 2363650))

table 4 : explain SELECT SUM(k) FROM sbtest4 WHERE id BETWEEN 9432136 AND 9433135
	Aggregate  (cost=3525.97..3525.98 rows=1 width=8)
	  ->  Bitmap Heap Scan on sbtest4  (cost=29.74..3523.70 rows=908 width=4)
	        Recheck Cond: ((id >= 9432136) AND (id <= 9433135))
	        ->  Bitmap Index Scan on sbtest4_pkey  (cost=0.00..29.51 rows=908 width=0)
	              Index Cond: ((id >= 9432136) AND (id <= 9433135))

table 5 : explain SELECT SUM(k) FROM sbtest5 WHERE id BETWEEN 6829980 AND 6830979
	Aggregate  (cost=3727.82..3727.83 rows=1 width=8)
	  ->  Bitmap Heap Scan on sbtest5  (cost=34.28..3725.42 rows=960 width=4)
	        Recheck Cond: ((id >= 6829980) AND (id <= 6830979))
	        ->  Bitmap Index Scan on sbtest5_pkey  (cost=0.00..34.04 rows=960 width=0)
	              Index Cond: ((id >= 6829980) AND (id <= 6830979))

table 6 : explain SELECT SUM(k) FROM sbtest6 WHERE id BETWEEN 6823043 AND 6824042
	Aggregate  (cost=4058.47..4058.48 rows=1 width=8)
	  ->  Bitmap Heap Scan on sbtest6  (cost=35.18..4055.85 rows=1048 width=4)
	        Recheck Cond: ((id >= 6823043) AND (id <= 6824042))
	        ->  Bitmap Index Scan on sbtest6_pkey  (cost=0.00..34.92 rows=1048 width=0)
	              Index Cond: ((id >= 6823043) AND (id <= 6824042))

table 7 : explain SELECT SUM(k) FROM sbtest7 WHERE id BETWEEN 4266942 AND 4267941
	Aggregate  (cost=3670.76..3670.77 rows=1 width=8)
	  ->  Bitmap Heap Scan on sbtest7  (cost=34.12..3668.39 rows=945 width=4)
	        Recheck Cond: ((id >= 4266942) AND (id <= 4267941))
	        ->  Bitmap Index Scan on sbtest7_pkey  (cost=0.00..33.89 rows=945 width=0)
	              Index Cond: ((id >= 4266942) AND (id <= 4267941))

table 8 : explain SELECT SUM(k) FROM sbtest8 WHERE id BETWEEN 295234 AND 296233
	Aggregate  (cost=3924.26..3924.27 rows=1 width=8)
	  ->  Bitmap Heap Scan on sbtest8  (cost=34.81..3921.73 rows=1012 width=4)
	        Recheck Cond: ((id >= 295234) AND (id <= 296233))
	        ->  Bitmap Index Scan on sbtest8_pkey  (cost=0.00..34.56 rows=1012 width=0)
	              Index Cond: ((id >= 295234) AND (id <= 296233))

for: sum_ranges
table 1 : explain SELECT SUM(k) FROM sbtest1 WHERE id BETWEEN 8068637 AND 8069636
	Aggregate  (cost=4105.05..4105.06 rows=1 width=8)
	  ->  Bitmap Heap Scan on sbtest1  (cost=35.29..4102.41 rows=1059 width=4)
	        Recheck Cond: ((id >= 8068637) AND (id <= 8069636))
	        ->  Bitmap Index Scan on sbtest1_pkey  (cost=0.00..35.03 rows=1059 width=0)
	              Index Cond: ((id >= 8068637) AND (id <= 8069636))

table 2 : explain SELECT SUM(k) FROM sbtest2 WHERE id BETWEEN 6927341 AND 6928340
	Aggregate  (cost=3672.68..3672.69 rows=1 width=8)
	  ->  Bitmap Heap Scan on sbtest2  (cost=34.13..3670.32 rows=946 width=4)
	        Recheck Cond: ((id >= 6927341) AND (id <= 6928340))
	        ->  Bitmap Index Scan on sbtest2_pkey  (cost=0.00..33.90 rows=946 width=0)
	              Index Cond: ((id >= 6927341) AND (id <= 6928340))

table 3 : explain SELECT SUM(k) FROM sbtest3 WHERE id BETWEEN 4538168 AND 4539167
	Aggregate  (cost=4094.54..4094.55 rows=1 width=8)
	  ->  Bitmap Heap Scan on sbtest3  (cost=35.28..4091.89 rows=1058 width=4)
	        Recheck Cond: ((id >= 4538168) AND (id <= 4539167))
	        ->  Bitmap Index Scan on sbtest3_pkey  (cost=0.00..35.02 rows=1058 width=0)
	              Index Cond: ((id >= 4538168) AND (id <= 4539167))

table 4 : explain SELECT SUM(k) FROM sbtest4 WHERE id BETWEEN 384313 AND 385312
	Aggregate  (cost=3594.27..3594.28 rows=1 width=8)
	  ->  Bitmap Heap Scan on sbtest4  (cost=33.92..3591.96 rows=925 width=4)
	        Recheck Cond: ((id >= 384313) AND (id <= 385312))
	        ->  Bitmap Index Scan on sbtest4_pkey  (cost=0.00..33.69 rows=925 width=0)
	              Index Cond: ((id >= 384313) AND (id <= 385312))

table 5 : explain SELECT SUM(k) FROM sbtest5 WHERE id BETWEEN 2826184 AND 2827183
	Aggregate  (cost=3950.54..3950.55 rows=1 width=8)
	  ->  Bitmap Heap Scan on sbtest5  (cost=34.88..3947.99 rows=1019 width=4)
	        Recheck Cond: ((id >= 2826184) AND (id <= 2827183))
	        ->  Bitmap Index Scan on sbtest5_pkey  (cost=0.00..34.62 rows=1019 width=0)
	              Index Cond: ((id >= 2826184) AND (id <= 2827183))

table 6 : explain SELECT SUM(k) FROM sbtest6 WHERE id BETWEEN 9759802 AND 9760801
	Aggregate  (cost=4114.93..4114.94 rows=1 width=8)
	  ->  Bitmap Heap Scan on sbtest6  (cost=35.33..4112.28 rows=1063 width=4)
	        Recheck Cond: ((id >= 9759802) AND (id <= 9760801))
	        ->  Bitmap Index Scan on sbtest6_pkey  (cost=0.00..35.07 rows=1063 width=0)
	              Index Cond: ((id >= 9759802) AND (id <= 9760801))

table 7 : explain SELECT SUM(k) FROM sbtest7 WHERE id BETWEEN 5224008 AND 5225007
	Aggregate  (cost=3666.97..3666.98 rows=1 width=8)
	  ->  Bitmap Heap Scan on sbtest7  (cost=34.11..3664.61 rows=944 width=4)
	        Recheck Cond: ((id >= 5224008) AND (id <= 5225007))
	        ->  Bitmap Index Scan on sbtest7_pkey  (cost=0.00..33.88 rows=944 width=0)
	              Index Cond: ((id >= 5224008) AND (id <= 5225007))

table 8 : explain SELECT SUM(k) FROM sbtest8 WHERE id BETWEEN 8786741 AND 8787740
	Aggregate  (cost=3682.58..3682.59 rows=1 width=8)
	  ->  Bitmap Heap Scan on sbtest8  (cost=34.15..3680.21 rows=948 width=4)
	        Recheck Cond: ((id >= 8786741) AND (id <= 8787740))
	        ->  Bitmap Index Scan on sbtest8_pkey  (cost=0.00..33.92 rows=948 width=0)
	              Index Cond: ((id >= 8786741) AND (id <= 8787740))

for: order_ranges
table 1 : explain SELECT c FROM sbtest1 WHERE id BETWEEN 5024186 AND 5025185 ORDER BY c
	Sort  (cost=4480.72..4483.58 rows=1144 width=121)
	  Sort Key: c
	  ->  Bitmap Heap Scan on sbtest1  (cost=40.16..4422.60 rows=1144 width=121)
	        Recheck Cond: ((id >= 5024186) AND (id <= 5025185))
	        ->  Bitmap Index Scan on sbtest1_pkey  (cost=0.00..39.88 rows=1144 width=0)
	              Index Cond: ((id >= 5024186) AND (id <= 5025185))

table 2 : explain SELECT c FROM sbtest2 WHERE id BETWEEN 9420100 AND 9421099 ORDER BY c
	Sort  (cost=4023.17..4025.74 rows=1026 width=121)
	  Sort Key: c
	  ->  Bitmap Heap Scan on sbtest2  (cost=34.95..3971.86 rows=1026 width=121)
	        Recheck Cond: ((id >= 9420100) AND (id <= 9421099))
	        ->  Bitmap Index Scan on sbtest2_pkey  (cost=0.00..34.70 rows=1026 width=0)
	              Index Cond: ((id >= 9420100) AND (id <= 9421099))

table 3 : explain SELECT c FROM sbtest3 WHERE id BETWEEN 1993835 AND 1994834 ORDER BY c
	Sort  (cost=3816.34..3818.77 rows=972 width=121)
	  Sort Key: c
	  ->  Bitmap Heap Scan on sbtest3  (cost=34.40..3768.10 rows=972 width=121)
	        Recheck Cond: ((id >= 1993835) AND (id <= 1994834))
	        ->  Bitmap Index Scan on sbtest3_pkey  (cost=0.00..34.16 rows=972 width=0)
	              Index Cond: ((id >= 1993835) AND (id <= 1994834))

table 4 : explain SELECT c FROM sbtest4 WHERE id BETWEEN 3492202 AND 3493201 ORDER BY c
	Sort  (cost=3794.67..3797.09 rows=966 width=121)
	  Sort Key: c
	  ->  Bitmap Heap Scan on sbtest4  (cost=34.34..3746.78 rows=966 width=121)
	        Recheck Cond: ((id >= 3492202) AND (id <= 3493201))
	        ->  Bitmap Index Scan on sbtest4_pkey  (cost=0.00..34.09 rows=966 width=0)
	              Index Cond: ((id >= 3492202) AND (id <= 3493201))

table 5 : explain SELECT c FROM sbtest5 WHERE id BETWEEN 154100 AND 155099 ORDER BY c
	Sort  (cost=3565.66..3567.92 rows=907 width=121)
	  Sort Key: c
	  ->  Bitmap Heap Scan on sbtest5  (cost=29.73..3521.10 rows=907 width=121)
	        Recheck Cond: ((id >= 154100) AND (id <= 155099))
	        ->  Bitmap Index Scan on sbtest5_pkey  (cost=0.00..29.50 rows=907 width=0)
	              Index Cond: ((id >= 154100) AND (id <= 155099))

table 6 : explain SELECT c FROM sbtest6 WHERE id BETWEEN 7724369 AND 7725368 ORDER BY c
	Sort  (cost=3817.73..3820.16 rows=972 width=121)
	  Sort Key: c
	  ->  Bitmap Heap Scan on sbtest6  (cost=34.40..3769.49 rows=972 width=121)
	        Recheck Cond: ((id >= 7724369) AND (id <= 7725368))
	        ->  Bitmap Index Scan on sbtest6_pkey  (cost=0.00..34.16 rows=972 width=0)
	              Index Cond: ((id >= 7724369) AND (id <= 7725368))

table 7 : explain SELECT c FROM sbtest7 WHERE id BETWEEN 6747670 AND 6748669 ORDER BY c
	Sort  (cost=3672.75..3675.08 rows=935 width=121)
	  Sort Key: c
	  ->  Bitmap Heap Scan on sbtest7  (cost=30.02..3626.61 rows=935 width=121)
	        Recheck Cond: ((id >= 6747670) AND (id <= 6748669))
	        ->  Bitmap Index Scan on sbtest7_pkey  (cost=0.00..29.79 rows=935 width=0)
	              Index Cond: ((id >= 6747670) AND (id <= 6748669))

table 8 : explain SELECT c FROM sbtest8 WHERE id BETWEEN 580845 AND 581844 ORDER BY c
	Sort  (cost=4197.82..4200.50 rows=1071 width=121)
	  Sort Key: c
	  ->  Bitmap Heap Scan on sbtest8  (cost=35.41..4143.93 rows=1071 width=121)
	        Recheck Cond: ((id >= 580845) AND (id <= 581844))
	        ->  Bitmap Index Scan on sbtest8_pkey  (cost=0.00..35.15 rows=1071 width=0)
	              Index Cond: ((id >= 580845) AND (id <= 581844))

for: sum_ranges
table 1 : explain SELECT SUM(k) FROM sbtest1 WHERE id BETWEEN 712752 AND 713751
	Aggregate  (cost=3976.75..3976.76 rows=1 width=8)
	  ->  Bitmap Heap Scan on sbtest1  (cost=34.94..3974.19 rows=1025 width=4)
	        Recheck Cond: ((id >= 712752) AND (id <= 713751))
	        ->  Bitmap Index Scan on sbtest1_pkey  (cost=0.00..34.69 rows=1025 width=0)
	              Index Cond: ((id >= 712752) AND (id <= 713751))

table 2 : explain SELECT SUM(k) FROM sbtest2 WHERE id BETWEEN 2617954 AND 2618953
	Aggregate  (cost=3853.83..3853.84 rows=1 width=8)
	  ->  Bitmap Heap Scan on sbtest2  (cost=34.62..3851.34 rows=994 width=4)
	        Recheck Cond: ((id >= 2617954) AND (id <= 2618953))
	        ->  Bitmap Index Scan on sbtest2_pkey  (cost=0.00..34.38 rows=994 width=0)
	              Index Cond: ((id >= 2617954) AND (id <= 2618953))

table 3 : explain SELECT SUM(k) FROM sbtest3 WHERE id BETWEEN 9941879 AND 9942878
	Aggregate  (cost=3785.62..3785.63 rows=1 width=8)
	  ->  Bitmap Heap Scan on sbtest3  (cost=34.44..3783.18 rows=976 width=4)
	        Recheck Cond: ((id >= 9941879) AND (id <= 9942878))
	        ->  Bitmap Index Scan on sbtest3_pkey  (cost=0.00..34.20 rows=976 width=0)
	              Index Cond: ((id >= 9941879) AND (id <= 9942878))

table 4 : explain SELECT SUM(k) FROM sbtest4 WHERE id BETWEEN 4051153 AND 4052152
	Aggregate  (cost=3718.98..3718.99 rows=1 width=8)
	  ->  Bitmap Heap Scan on sbtest4  (cost=34.25..3716.59 rows=958 width=4)
	        Recheck Cond: ((id >= 4051153) AND (id <= 4052152))
	        ->  Bitmap Index Scan on sbtest4_pkey  (cost=0.00..34.02 rows=958 width=0)
	              Index Cond: ((id >= 4051153) AND (id <= 4052152))

table 5 : explain SELECT SUM(k) FROM sbtest5 WHERE id BETWEEN 4139395 AND 4140394
	Aggregate  (cost=3867.54..3867.55 rows=1 width=8)
	  ->  Bitmap Heap Scan on sbtest5  (cost=34.65..3865.05 rows=997 width=4)
	        Recheck Cond: ((id >= 4139395) AND (id <= 4140394))
	        ->  Bitmap Index Scan on sbtest5_pkey  (cost=0.00..34.41 rows=997 width=0)
	              Index Cond: ((id >= 4139395) AND (id <= 4140394))

table 6 : explain SELECT SUM(k) FROM sbtest6 WHERE id BETWEEN 3707340 AND 3708339
	Aggregate  (cost=3930.37..3930.38 rows=1 width=8)
	  ->  Bitmap Heap Scan on sbtest6  (cost=34.83..3927.83 rows=1014 width=4)
	        Recheck Cond: ((id >= 3707340) AND (id <= 3708339))
	        ->  Bitmap Index Scan on sbtest6_pkey  (cost=0.00..34.58 rows=1014 width=0)
	              Index Cond: ((id >= 3707340) AND (id <= 3708339))

table 7 : explain SELECT SUM(k) FROM sbtest7 WHERE id BETWEEN 4109775 AND 4110774
	Aggregate  (cost=3757.66..3757.67 rows=1 width=8)
	  ->  Bitmap Heap Scan on sbtest7  (cost=34.36..3755.24 rows=968 width=4)
	        Recheck Cond: ((id >= 4109775) AND (id <= 4110774))
	        ->  Bitmap Index Scan on sbtest7_pkey  (cost=0.00..34.12 rows=968 width=0)
	              Index Cond: ((id >= 4109775) AND (id <= 4110774))

table 8 : explain SELECT SUM(k) FROM sbtest8 WHERE id BETWEEN 7771298 AND 7772297
	Aggregate  (cost=4105.18..4105.19 rows=1 width=8)
	  ->  Bitmap Heap Scan on sbtest8  (cost=35.30..4102.53 rows=1060 width=4)
	        Recheck Cond: ((id >= 7771298) AND (id <= 7772297))
	        ->  Bitmap Index Scan on sbtest8_pkey  (cost=0.00..35.04 rows=1060 width=0)
	              Index Cond: ((id >= 7771298) AND (id <= 7772297))

for: sum_ranges
table 1 : explain SELECT SUM(k) FROM sbtest1 WHERE id BETWEEN 4865767 AND 4866766
	Aggregate  (cost=3586.99..3587.00 rows=1 width=8)
	  ->  Bitmap Heap Scan on sbtest1  (cost=29.90..3584.68 rows=923 width=4)
	        Recheck Cond: ((id >= 4865767) AND (id <= 4866766))
	        ->  Bitmap Index Scan on sbtest1_pkey  (cost=0.00..29.66 rows=923 width=0)
	              Index Cond: ((id >= 4865767) AND (id <= 4866766))

table 2 : explain SELECT SUM(k) FROM sbtest2 WHERE id BETWEEN 9536882 AND 9537881
	Aggregate  (cost=4083.60..4083.61 rows=1 width=8)
	  ->  Bitmap Heap Scan on sbtest2  (cost=35.25..4080.96 rows=1055 width=4)
	        Recheck Cond: ((id >= 9536882) AND (id <= 9537881))
	        ->  Bitmap Index Scan on sbtest2_pkey  (cost=0.00..34.98 rows=1055 width=0)
	              Index Cond: ((id >= 9536882) AND (id <= 9537881))

table 3 : explain SELECT SUM(k) FROM sbtest3 WHERE id BETWEEN 8773189 AND 8774188
	Aggregate  (cost=3906.28..3906.29 rows=1 width=8)
	  ->  Bitmap Heap Scan on sbtest3  (cost=34.77..3903.76 rows=1008 width=4)
	        Recheck Cond: ((id >= 8773189) AND (id <= 8774188))
	        ->  Bitmap Index Scan on sbtest3_pkey  (cost=0.00..34.52 rows=1008 width=0)
	              Index Cond: ((id >= 8773189) AND (id <= 8774188))

table 4 : explain SELECT SUM(k) FROM sbtest4 WHERE id BETWEEN 1571811 AND 1572810
	Aggregate  (cost=4129.90..4129.91 rows=1 width=8)
	  ->  Bitmap Heap Scan on sbtest4  (cost=35.37..4127.23 rows=1067 width=4)
	        Recheck Cond: ((id >= 1571811) AND (id <= 1572810))
	        ->  Bitmap Index Scan on sbtest4_pkey  (cost=0.00..35.11 rows=1067 width=0)
	              Index Cond: ((id >= 1571811) AND (id <= 1572810))

table 5 : explain SELECT SUM(k) FROM sbtest5 WHERE id BETWEEN 6531281 AND 6532280
	Aggregate  (cost=3705.15..3705.16 rows=1 width=8)
	  ->  Bitmap Heap Scan on sbtest5  (cost=34.21..3702.76 rows=954 width=4)
	        Recheck Cond: ((id >= 6531281) AND (id <= 6532280))
	        ->  Bitmap Index Scan on sbtest5_pkey  (cost=0.00..33.98 rows=954 width=0)
	              Index Cond: ((id >= 6531281) AND (id <= 6532280))

table 6 : explain SELECT SUM(k) FROM sbtest6 WHERE id BETWEEN 9410431 AND 9411430
	Aggregate  (cost=3779.47..3779.48 rows=1 width=8)
	  ->  Bitmap Heap Scan on sbtest6  (cost=34.42..3777.04 rows=974 width=4)
	        Recheck Cond: ((id >= 9410431) AND (id <= 9411430))
	        ->  Bitmap Index Scan on sbtest6_pkey  (cost=0.00..34.18 rows=974 width=0)
	              Index Cond: ((id >= 9410431) AND (id <= 9411430))

table 7 : explain SELECT SUM(k) FROM sbtest7 WHERE id BETWEEN 6665835 AND 6666834
	Aggregate  (cost=3682.09..3682.10 rows=1 width=8)
	  ->  Bitmap Heap Scan on sbtest7  (cost=34.15..3679.72 rows=948 width=4)
	        Recheck Cond: ((id >= 6665835) AND (id <= 6666834))
	        ->  Bitmap Index Scan on sbtest7_pkey  (cost=0.00..33.92 rows=948 width=0)
	              Index Cond: ((id >= 6665835) AND (id <= 6666834))

table 8 : explain SELECT SUM(k) FROM sbtest8 WHERE id BETWEEN 5448898 AND 5449897
	Aggregate  (cost=3746.83..3746.84 rows=1 width=8)
	  ->  Bitmap Heap Scan on sbtest8  (cost=34.33..3744.42 rows=965 width=4)
	        Recheck Cond: ((id >= 5448898) AND (id <= 5449897))
	        ->  Bitmap Index Scan on sbtest8_pkey  (cost=0.00..34.09 rows=965 width=0)
	              Index Cond: ((id >= 5448898) AND (id <= 5449897))

for: order_ranges
table 1 : explain SELECT c FROM sbtest1 WHERE id BETWEEN 9012984 AND 9013983 ORDER BY c
	Sort  (cost=3368.57..3370.71 rows=855 width=121)
	  Sort Key: c
	  ->  Bitmap Heap Scan on sbtest1  (cost=29.20..3326.93 rows=855 width=121)
	        Recheck Cond: ((id >= 9012984) AND (id <= 9013983))
	        ->  Bitmap Index Scan on sbtest1_pkey  (cost=0.00..28.98 rows=855 width=0)
	              Index Cond: ((id >= 9012984) AND (id <= 9013983))

table 2 : explain SELECT c FROM sbtest2 WHERE id BETWEEN 1998188 AND 1999187 ORDER BY c
	Sort  (cost=3732.40..3734.78 rows=950 width=121)
	  Sort Key: c
	  ->  Bitmap Heap Scan on sbtest2  (cost=34.17..3685.42 rows=950 width=121)
	        Recheck Cond: ((id >= 1998188) AND (id <= 1999187))
	        ->  Bitmap Index Scan on sbtest2_pkey  (cost=0.00..33.94 rows=950 width=0)
	              Index Cond: ((id >= 1998188) AND (id <= 1999187))

table 3 : explain SELECT c FROM sbtest3 WHERE id BETWEEN 3084547 AND 3085546 ORDER BY c
	Sort  (cost=3889.03..3891.51 rows=991 width=121)
	  Sort Key: c
	  ->  Bitmap Heap Scan on sbtest3  (cost=34.59..3839.72 rows=991 width=121)
	        Recheck Cond: ((id >= 3084547) AND (id <= 3085546))
	        ->  Bitmap Index Scan on sbtest3_pkey  (cost=0.00..34.34 rows=991 width=0)
	              Index Cond: ((id >= 3084547) AND (id <= 3085546))

table 4 : explain SELECT c FROM sbtest4 WHERE id BETWEEN 4322635 AND 4323634 ORDER BY c
	Sort  (cost=3572.15..3574.42 rows=909 width=121)
	  Sort Key: c
	  ->  Bitmap Heap Scan on sbtest4  (cost=29.75..3527.48 rows=909 width=121)
	        Recheck Cond: ((id >= 4322635) AND (id <= 4323634))
	        ->  Bitmap Index Scan on sbtest4_pkey  (cost=0.00..29.52 rows=909 width=0)
	              Index Cond: ((id >= 4322635) AND (id <= 4323634))

table 5 : explain SELECT c FROM sbtest5 WHERE id BETWEEN 2426426 AND 2427425 ORDER BY c
	Sort  (cost=3792.14..3794.55 rows=965 width=121)
	  Sort Key: c
	  ->  Bitmap Heap Scan on sbtest5  (cost=34.33..3744.30 rows=965 width=121)
	        Recheck Cond: ((id >= 2426426) AND (id <= 2427425))
	        ->  Bitmap Index Scan on sbtest5_pkey  (cost=0.00..34.09 rows=965 width=0)
	              Index Cond: ((id >= 2426426) AND (id <= 2427425))

table 6 : explain SELECT c FROM sbtest6 WHERE id BETWEEN 2772166 AND 2773165 ORDER BY c
	Sort  (cost=4242.06..4244.77 rows=1083 width=121)
	  Sort Key: c
	  ->  Bitmap Heap Scan on sbtest6  (cost=35.54..4187.47 rows=1083 width=121)
	        Recheck Cond: ((id >= 2772166) AND (id <= 2773165))
	        ->  Bitmap Index Scan on sbtest6_pkey  (cost=0.00..35.27 rows=1083 width=0)
	              Index Cond: ((id >= 2772166) AND (id <= 2773165))

table 7 : explain SELECT c FROM sbtest7 WHERE id BETWEEN 8574123 AND 8575122 ORDER BY c
	Sort  (cost=3703.59..3705.95 rows=942 width=121)
	  Sort Key: c
	  ->  Bitmap Heap Scan on sbtest7  (cost=34.09..3657.06 rows=942 width=121)
	        Recheck Cond: ((id >= 8574123) AND (id <= 8575122))
	        ->  Bitmap Index Scan on sbtest7_pkey  (cost=0.00..33.86 rows=942 width=0)
	              Index Cond: ((id >= 8574123) AND (id <= 8575122))

table 8 : explain SELECT c FROM sbtest8 WHERE id BETWEEN 3360571 AND 3361570 ORDER BY c
	Sort  (cost=3953.11..3955.63 rows=1007 width=121)
	  Sort Key: c
	  ->  Bitmap Heap Scan on sbtest8  (cost=34.76..3902.88 rows=1007 width=121)
	        Recheck Cond: ((id >= 3360571) AND (id <= 3361570))
	        ->  Bitmap Index Scan on sbtest8_pkey  (cost=0.00..34.51 rows=1007 width=0)
	              Index Cond: ((id >= 3360571) AND (id <= 3361570))

for: order_ranges
table 1 : explain SELECT c FROM sbtest1 WHERE id BETWEEN 3626894 AND 3627893 ORDER BY c
	Sort  (cost=3806.93..3809.35 rows=968 width=121)
	  Sort Key: c
	  ->  Bitmap Heap Scan on sbtest1  (cost=34.36..3758.92 rows=968 width=121)
	        Recheck Cond: ((id >= 3626894) AND (id <= 3627893))
	        ->  Bitmap Index Scan on sbtest1_pkey  (cost=0.00..34.12 rows=968 width=0)
	              Index Cond: ((id >= 3626894) AND (id <= 3627893))

table 2 : explain SELECT c FROM sbtest2 WHERE id BETWEEN 3442217 AND 3443216 ORDER BY c
	Sort  (cost=4210.27..4212.96 rows=1075 width=121)
	  Sort Key: c
	  ->  Bitmap Heap Scan on sbtest2  (cost=35.45..4156.14 rows=1075 width=121)
	        Recheck Cond: ((id >= 3442217) AND (id <= 3443216))
	        ->  Bitmap Index Scan on sbtest2_pkey  (cost=0.00..35.19 rows=1075 width=0)
	              Index Cond: ((id >= 3442217) AND (id <= 3443216))

table 3 : explain SELECT c FROM sbtest3 WHERE id BETWEEN 1811542 AND 1812541 ORDER BY c
	Sort  (cost=4442.68..4445.52 rows=1136 width=121)
	  Sort Key: c
	  ->  Bitmap Heap Scan on sbtest3  (cost=40.08..4385.03 rows=1136 width=121)
	        Recheck Cond: ((id >= 1811542) AND (id <= 1812541))
	        ->  Bitmap Index Scan on sbtest3_pkey  (cost=0.00..39.80 rows=1136 width=0)
	              Index Cond: ((id >= 1811542) AND (id <= 1812541))

table 4 : explain SELECT c FROM sbtest4 WHERE id BETWEEN 9913322 AND 9914321 ORDER BY c
	Sort  (cost=3886.56..3889.04 rows=990 width=121)
	  Sort Key: c
	  ->  Bitmap Heap Scan on sbtest4  (cost=34.58..3837.30 rows=990 width=121)
	        Recheck Cond: ((id >= 9913322) AND (id <= 9914321))
	        ->  Bitmap Index Scan on sbtest4_pkey  (cost=0.00..34.34 rows=990 width=0)
	              Index Cond: ((id >= 9913322) AND (id <= 9914321))

table 5 : explain SELECT c FROM sbtest5 WHERE id BETWEEN 3724945 AND 3725944 ORDER BY c
	Sort  (cost=4113.62..4116.25 rows=1049 width=121)
	  Sort Key: c
	  ->  Bitmap Heap Scan on sbtest5  (cost=35.19..4060.99 rows=1049 width=121)
	        Recheck Cond: ((id >= 3724945) AND (id <= 3725944))
	        ->  Bitmap Index Scan on sbtest5_pkey  (cost=0.00..34.93 rows=1049 width=0)
	              Index Cond: ((id >= 3724945) AND (id <= 3725944))

table 6 : explain SELECT c FROM sbtest6 WHERE id BETWEEN 3678306 AND 3679305 ORDER BY c
	Sort  (cost=3978.46..3980.99 rows=1014 width=121)
	  Sort Key: c
	  ->  Bitmap Heap Scan on sbtest6  (cost=34.83..3927.83 rows=1014 width=121)
	        Recheck Cond: ((id >= 3678306) AND (id <= 3679305))
	        ->  Bitmap Index Scan on sbtest6_pkey  (cost=0.00..34.58 rows=1014 width=0)
	              Index Cond: ((id >= 3678306) AND (id <= 3679305))

table 7 : explain SELECT c FROM sbtest7 WHERE id BETWEEN 6792905 AND 6793904 ORDER BY c
	Sort  (cost=3672.75..3675.08 rows=935 width=121)
	  Sort Key: c
	  ->  Bitmap Heap Scan on sbtest7  (cost=30.02..3626.61 rows=935 width=121)
	        Recheck Cond: ((id >= 6792905) AND (id <= 6793904))
	        ->  Bitmap Index Scan on sbtest7_pkey  (cost=0.00..29.79 rows=935 width=0)
	              Index Cond: ((id >= 6792905) AND (id <= 6793904))

table 8 : explain SELECT c FROM sbtest8 WHERE id BETWEEN 1991205 AND 1992204 ORDER BY c
	Sort  (cost=4048.76..4051.34 rows=1032 width=121)
	  Sort Key: c
	  ->  Bitmap Heap Scan on sbtest8  (cost=35.01..3997.10 rows=1032 width=121)
	        Recheck Cond: ((id >= 1991205) AND (id <= 1992204))
	        ->  Bitmap Index Scan on sbtest8_pkey  (cost=0.00..34.76 rows=1032 width=0)
	              Index Cond: ((id >= 1991205) AND (id <= 1992204))

for point_selects
table 1 : explain SELECT c FROM sbtest1 WHERE id=4849529
	Index Scan using sbtest1_pkey on sbtest1  (cost=0.43..8.45 rows=1 width=121)
	  Index Cond: (id = 4849529)

table 2 : explain SELECT c FROM sbtest2 WHERE id=898451
	Index Scan using sbtest2_pkey on sbtest2  (cost=0.43..8.45 rows=1 width=121)
	  Index Cond: (id = 898451)

table 3 : explain SELECT c FROM sbtest3 WHERE id=5650591
	Index Scan using sbtest3_pkey on sbtest3  (cost=0.43..8.45 rows=1 width=121)
	  Index Cond: (id = 5650591)

table 4 : explain SELECT c FROM sbtest4 WHERE id=3312378
	Index Scan using sbtest4_pkey on sbtest4  (cost=0.43..8.45 rows=1 width=121)
	  Index Cond: (id = 3312378)

table 5 : explain SELECT c FROM sbtest5 WHERE id=3459658
	Index Scan using sbtest5_pkey on sbtest5  (cost=0.43..8.45 rows=1 width=121)
	  Index Cond: (id = 3459658)

table 6 : explain SELECT c FROM sbtest6 WHERE id=7796797
	Index Scan using sbtest6_pkey on sbtest6  (cost=0.43..8.45 rows=1 width=121)
	  Index Cond: (id = 7796797)

table 7 : explain SELECT c FROM sbtest7 WHERE id=2181054
	Index Scan using sbtest7_pkey on sbtest7  (cost=0.43..8.45 rows=1 width=121)
	  Index Cond: (id = 2181054)

table 8 : explain SELECT c FROM sbtest8 WHERE id=749587
	Index Scan using sbtest8_pkey on sbtest8  (cost=0.43..8.45 rows=1 width=121)
	  Index Cond: (id = 749587)

for: distinct_ranges
table 1 : explain SELECT DISTINCT c FROM sbtest1 WHERE id BETWEEN 4005702 AND 4006701 ORDER BY c
	Unique  (cost=4036.94..4042.08 rows=1028 width=121)
	  ->  Sort  (cost=4036.94..4039.51 rows=1028 width=121)
	        Sort Key: c
	        ->  Bitmap Heap Scan on sbtest1  (cost=34.97..3985.51 rows=1028 width=121)
	              Recheck Cond: ((id >= 4005702) AND (id <= 4006701))
	              ->  Bitmap Index Scan on sbtest1_pkey  (cost=0.00..34.72 rows=1028 width=0)
	                    Index Cond: ((id >= 4005702) AND (id <= 4006701))

table 2 : explain SELECT DISTINCT c FROM sbtest2 WHERE id BETWEEN 8031923 AND 8032922 ORDER BY c
	Unique  (cost=4011.71..4016.82 rows=1023 width=121)
	  ->  Sort  (cost=4011.71..4014.26 rows=1023 width=121)
	        Sort Key: c
	        ->  Bitmap Heap Scan on sbtest2  (cost=34.92..3960.56 rows=1023 width=121)
	              Recheck Cond: ((id >= 8031923) AND (id <= 8032922))
	              ->  Bitmap Index Scan on sbtest2_pkey  (cost=0.00..34.67 rows=1023 width=0)
	                    Index Cond: ((id >= 8031923) AND (id <= 8032922))

table 3 : explain SELECT DISTINCT c FROM sbtest3 WHERE id BETWEEN 2903422 AND 2904421 ORDER BY c
	Unique  (cost=3797.20..3802.03 rows=967 width=121)
	  ->  Sort  (cost=3797.20..3799.61 rows=967 width=121)
	        Sort Key: c
	        ->  Bitmap Heap Scan on sbtest3  (cost=34.35..3749.25 rows=967 width=121)
	              Recheck Cond: ((id >= 2903422) AND (id <= 2904421))
	              ->  Bitmap Index Scan on sbtest3_pkey  (cost=0.00..34.11 rows=967 width=0)
	                    Index Cond: ((id >= 2903422) AND (id <= 2904421))

table 4 : explain SELECT DISTINCT c FROM sbtest4 WHERE id BETWEEN 5762317 AND 5763316 ORDER BY c
	Unique  (cost=3901.87..3906.84 rows=994 width=121)
	  ->  Sort  (cost=3901.87..3904.35 rows=994 width=121)
	        Sort Key: c
	        ->  Bitmap Heap Scan on sbtest4  (cost=34.62..3852.38 rows=994 width=121)
	              Recheck Cond: ((id >= 5762317) AND (id <= 5763316))
	              ->  Bitmap Index Scan on sbtest4_pkey  (cost=0.00..34.38 rows=994 width=0)
	                    Index Cond: ((id >= 5762317) AND (id <= 5763316))

table 5 : explain SELECT DISTINCT c FROM sbtest5 WHERE id BETWEEN 8858229 AND 8859228 ORDER BY c
	Unique  (cost=3960.64..3965.69 rows=1009 width=121)
	  ->  Sort  (cost=3960.64..3963.16 rows=1009 width=121)
	        Sort Key: c
	        ->  Bitmap Heap Scan on sbtest5  (cost=34.78..3910.30 rows=1009 width=121)
	              Recheck Cond: ((id >= 8858229) AND (id <= 8859228))
	              ->  Bitmap Index Scan on sbtest5_pkey  (cost=0.00..34.53 rows=1009 width=0)
	                    Index Cond: ((id >= 8858229) AND (id <= 8859228))

table 6 : explain SELECT DISTINCT c FROM sbtest6 WHERE id BETWEEN 6890621 AND 6891620 ORDER BY c
	Unique  (cost=4177.17..4182.50 rows=1066 width=121)
	  ->  Sort  (cost=4177.17..4179.83 rows=1066 width=121)
	        Sort Key: c
	        ->  Bitmap Heap Scan on sbtest6  (cost=35.36..4123.56 rows=1066 width=121)
	              Recheck Cond: ((id >= 6890621) AND (id <= 6891620))
	              ->  Bitmap Index Scan on sbtest6_pkey  (cost=0.00..35.09 rows=1066 width=0)
	                    Index Cond: ((id >= 6890621) AND (id <= 6891620))

table 7 : explain SELECT DISTINCT c FROM sbtest7 WHERE id BETWEEN 2333055 AND 2334054 ORDER BY c
	Unique  (cost=4197.24..4202.59 rows=1071 width=121)
	  ->  Sort  (cost=4197.24..4199.91 rows=1071 width=121)
	        Sort Key: c
	        ->  Bitmap Heap Scan on sbtest7  (cost=35.41..4143.34 rows=1071 width=121)
	              Recheck Cond: ((id >= 2333055) AND (id <= 2334054))
	              ->  Bitmap Index Scan on sbtest7_pkey  (cost=0.00..35.15 rows=1071 width=0)
	                    Index Cond: ((id >= 2333055) AND (id <= 2334054))

table 8 : explain SELECT DISTINCT c FROM sbtest8 WHERE id BETWEEN 2528337 AND 2529336 ORDER BY c
	Unique  (cost=4239.84..4245.25 rows=1082 width=121)
	  ->  Sort  (cost=4239.84..4242.54 rows=1082 width=121)
	        Sort Key: c
	        ->  Bitmap Heap Scan on sbtest8  (cost=35.53..4185.31 rows=1082 width=121)
	              Recheck Cond: ((id >= 2528337) AND (id <= 2529336))
	              ->  Bitmap Index Scan on sbtest8_pkey  (cost=0.00..35.26 rows=1082 width=0)
	                    Index Cond: ((id >= 2528337) AND (id <= 2529336))

for point_selects
table 1 : explain SELECT c FROM sbtest1 WHERE id=7079731
	Index Scan using sbtest1_pkey on sbtest1  (cost=0.43..8.45 rows=1 width=121)
	  Index Cond: (id = 7079731)

table 2 : explain SELECT c FROM sbtest2 WHERE id=7332770
	Index Scan using sbtest2_pkey on sbtest2  (cost=0.43..8.45 rows=1 width=121)
	  Index Cond: (id = 7332770)

table 3 : explain SELECT c FROM sbtest3 WHERE id=1146474
	Index Scan using sbtest3_pkey on sbtest3  (cost=0.43..8.45 rows=1 width=121)
	  Index Cond: (id = 1146474)

table 4 : explain SELECT c FROM sbtest4 WHERE id=1745842
	Index Scan using sbtest4_pkey on sbtest4  (cost=0.43..8.45 rows=1 width=121)
	  Index Cond: (id = 1745842)

table 5 : explain SELECT c FROM sbtest5 WHERE id=917734
	Index Scan using sbtest5_pkey on sbtest5  (cost=0.43..8.45 rows=1 width=121)
	  Index Cond: (id = 917734)

table 6 : explain SELECT c FROM sbtest6 WHERE id=2937949
	Index Scan using sbtest6_pkey on sbtest6  (cost=0.43..8.45 rows=1 width=121)
	  Index Cond: (id = 2937949)

table 7 : explain SELECT c FROM sbtest7 WHERE id=5118724
	Index Scan using sbtest7_pkey on sbtest7  (cost=0.43..8.45 rows=1 width=121)
	  Index Cond: (id = 5118724)

table 8 : explain SELECT c FROM sbtest8 WHERE id=4488312
	Index Scan using sbtest8_pkey on sbtest8  (cost=0.43..8.45 rows=1 width=121)
	  Index Cond: (id = 4488312)

for: order_ranges
table 1 : explain SELECT c FROM sbtest1 WHERE id BETWEEN 7848589 AND 7849588 ORDER BY c
	Sort  (cost=3891.32..3893.79 rows=990 width=121)
	  Sort Key: c
	  ->  Bitmap Heap Scan on sbtest1  (cost=34.58..3842.06 rows=990 width=121)
	        Recheck Cond: ((id >= 7848589) AND (id <= 7849588))
	        ->  Bitmap Index Scan on sbtest1_pkey  (cost=0.00..34.34 rows=990 width=0)
	              Index Cond: ((id >= 7848589) AND (id <= 7849588))

table 2 : explain SELECT c FROM sbtest2 WHERE id BETWEEN 5589556 AND 5590555 ORDER BY c
	Sort  (cost=4103.39..4106.01 rows=1047 width=121)
	  Sort Key: c
	  ->  Bitmap Heap Scan on sbtest2  (cost=35.17..4050.87 rows=1047 width=121)
	        Recheck Cond: ((id >= 5589556) AND (id <= 5590555))
	        ->  Bitmap Index Scan on sbtest2_pkey  (cost=0.00..34.91 rows=1047 width=0)
	              Index Cond: ((id >= 5589556) AND (id <= 5590555))

table 3 : explain SELECT c FROM sbtest3 WHERE id BETWEEN 6678685 AND 6679684 ORDER BY c
	Sort  (cost=4354.88..4357.66 rows=1114 width=121)
	  Sort Key: c
	  ->  Bitmap Heap Scan on sbtest3  (cost=35.85..4298.50 rows=1114 width=121)
	        Recheck Cond: ((id >= 6678685) AND (id <= 6679684))
	        ->  Bitmap Index Scan on sbtest3_pkey  (cost=0.00..35.58 rows=1114 width=0)
	              Index Cond: ((id >= 6678685) AND (id <= 6679684))

table 4 : explain SELECT c FROM sbtest4 WHERE id BETWEEN 2191726 AND 2192725 ORDER BY c
	Sort  (cost=3641.37..3643.68 rows=926 width=121)
	  Sort Key: c
	  ->  Bitmap Heap Scan on sbtest4  (cost=33.93..3595.74 rows=926 width=121)
	        Recheck Cond: ((id >= 2191726) AND (id <= 2192725))
	        ->  Bitmap Index Scan on sbtest4_pkey  (cost=0.00..33.70 rows=926 width=0)
	              Index Cond: ((id >= 2191726) AND (id <= 2192725))

table 5 : explain SELECT c FROM sbtest5 WHERE id BETWEEN 9790175 AND 9791174 ORDER BY c
	Sort  (cost=3361.99..3364.12 rows=854 width=121)
	  Sort Key: c
	  ->  Bitmap Heap Scan on sbtest5  (cost=29.19..3320.40 rows=854 width=121)
	        Recheck Cond: ((id >= 9790175) AND (id <= 9791174))
	        ->  Bitmap Index Scan on sbtest5_pkey  (cost=0.00..28.97 rows=854 width=0)
	              Index Cond: ((id >= 9790175) AND (id <= 9791174))

table 6 : explain SELECT c FROM sbtest6 WHERE id BETWEEN 7402055 AND 7403054 ORDER BY c
	Sort  (cost=3863.67..3866.13 rows=984 width=121)
	  Sort Key: c
	  ->  Bitmap Heap Scan on sbtest6  (cost=34.52..3814.75 rows=984 width=121)
	        Recheck Cond: ((id >= 7402055) AND (id <= 7403054))
	        ->  Bitmap Index Scan on sbtest6_pkey  (cost=0.00..34.28 rows=984 width=0)
	              Index Cond: ((id >= 7402055) AND (id <= 7403054))

table 7 : explain SELECT c FROM sbtest7 WHERE id BETWEEN 1085537 AND 1086536 ORDER BY c
	Sort  (cost=3826.23..3828.67 rows=974 width=121)
	  Sort Key: c
	  ->  Bitmap Heap Scan on sbtest7  (cost=34.42..3777.89 rows=974 width=121)
	        Recheck Cond: ((id >= 1085537) AND (id <= 1086536))
	        ->  Bitmap Index Scan on sbtest7_pkey  (cost=0.00..34.18 rows=974 width=0)
	              Index Cond: ((id >= 1085537) AND (id <= 1086536))

table 8 : explain SELECT c FROM sbtest8 WHERE id BETWEEN 2422045 AND 2423044 ORDER BY c
	Sort  (cost=4278.02..4280.75 rows=1092 width=121)
	  Sort Key: c
	  ->  Bitmap Heap Scan on sbtest8  (cost=35.63..4222.91 rows=1092 width=121)
	        Recheck Cond: ((id >= 2422045) AND (id <= 2423044))
	        ->  Bitmap Index Scan on sbtest8_pkey  (cost=0.00..35.36 rows=1092 width=0)
	              Index Cond: ((id >= 2422045) AND (id <= 2423044))

for: order_ranges
table 1 : explain SELECT c FROM sbtest1 WHERE id BETWEEN 7999100 AND 8000099 ORDER BY c
	Sort  (cost=3979.48..3982.01 rows=1013 width=121)
	  Sort Key: c
	  ->  Bitmap Heap Scan on sbtest1  (cost=34.82..3928.91 rows=1013 width=121)
	        Recheck Cond: ((id >= 7999100) AND (id <= 8000099))
	        ->  Bitmap Index Scan on sbtest1_pkey  (cost=0.00..34.57 rows=1013 width=0)
	              Index Cond: ((id >= 7999100) AND (id <= 8000099))

table 2 : explain SELECT c FROM sbtest2 WHERE id BETWEEN 8449417 AND 8450416 ORDER BY c
	Sort  (cost=3740.06..3742.44 rows=952 width=121)
	  Sort Key: c
	  ->  Bitmap Heap Scan on sbtest2  (cost=34.19..3692.96 rows=952 width=121)
	        Recheck Cond: ((id >= 8449417) AND (id <= 8450416))
	        ->  Bitmap Index Scan on sbtest2_pkey  (cost=0.00..33.95 rows=952 width=0)
	              Index Cond: ((id >= 8449417) AND (id <= 8450416))

table 3 : explain SELECT c FROM sbtest3 WHERE id BETWEEN 4989143 AND 4990142 ORDER BY c
	Sort  (cost=4373.93..4376.73 rows=1119 width=121)
	  Sort Key: c
	  ->  Bitmap Heap Scan on sbtest3  (cost=35.90..4317.26 rows=1119 width=121)
	        Recheck Cond: ((id >= 4989143) AND (id <= 4990142))
	        ->  Bitmap Index Scan on sbtest3_pkey  (cost=0.00..35.62 rows=1119 width=0)
	              Index Cond: ((id >= 4989143) AND (id <= 4990142))

table 4 : explain SELECT c FROM sbtest4 WHERE id BETWEEN 4672494 AND 4673493 ORDER BY c
	Sort  (cost=3848.28..3850.73 rows=980 width=121)
	  Sort Key: c
	  ->  Bitmap Heap Scan on sbtest4  (cost=34.48..3799.59 rows=980 width=121)
	        Recheck Cond: ((id >= 4672494) AND (id <= 4673493))
	        ->  Bitmap Index Scan on sbtest4_pkey  (cost=0.00..34.23 rows=980 width=0)
	              Index Cond: ((id >= 4672494) AND (id <= 4673493))

table 5 : explain SELECT c FROM sbtest5 WHERE id BETWEEN 2541242 AND 2542241 ORDER BY c
	Sort  (cost=4419.30..4422.13 rows=1129 width=121)
	  Sort Key: c
	  ->  Bitmap Heap Scan on sbtest5  (cost=40.01..4362.06 rows=1129 width=121)
	        Recheck Cond: ((id >= 2541242) AND (id <= 2542241))
	        ->  Bitmap Index Scan on sbtest5_pkey  (cost=0.00..39.73 rows=1129 width=0)
	              Index Cond: ((id >= 2541242) AND (id <= 2542241))

table 6 : explain SELECT c FROM sbtest6 WHERE id BETWEEN 6447996 AND 6448995 ORDER BY c
	Sort  (cost=3798.58..3800.99 rows=967 width=121)
	  Sort Key: c
	  ->  Bitmap Heap Scan on sbtest6  (cost=34.35..3750.63 rows=967 width=121)
	        Recheck Cond: ((id >= 6447996) AND (id <= 6448995))
	        ->  Bitmap Index Scan on sbtest6_pkey  (cost=0.00..34.11 rows=967 width=0)
	              Index Cond: ((id >= 6447996) AND (id <= 6448995))

table 7 : explain SELECT c FROM sbtest7 WHERE id BETWEEN 4450440 AND 4451439 ORDER BY c
	Sort  (cost=3918.13..3920.63 rows=998 width=121)
	  Sort Key: c
	  ->  Bitmap Heap Scan on sbtest7  (cost=34.66..3868.42 rows=998 width=121)
	        Recheck Cond: ((id >= 4450440) AND (id <= 4451439))
	        ->  Bitmap Index Scan on sbtest7_pkey  (cost=0.00..34.42 rows=998 width=0)
	              Index Cond: ((id >= 4450440) AND (id <= 4451439))

table 8 : explain SELECT c FROM sbtest8 WHERE id BETWEEN 2576753 AND 2577752 ORDER BY c
	Sort  (cost=4239.84..4242.54 rows=1082 width=121)
	  Sort Key: c
	  ->  Bitmap Heap Scan on sbtest8  (cost=35.53..4185.31 rows=1082 width=121)
	        Recheck Cond: ((id >= 2576753) AND (id <= 2577752))
	        ->  Bitmap Index Scan on sbtest8_pkey  (cost=0.00..35.26 rows=1082 width=0)
	              Index Cond: ((id >= 2576753) AND (id <= 2577752))

for: distinct_ranges
table 1 : explain SELECT DISTINCT c FROM sbtest1 WHERE id BETWEEN 1099998 AND 1100997 ORDER BY c
	Unique  (cost=4002.46..4007.56 rows=1019 width=121)
	  ->  Sort  (cost=4002.46..4005.01 rows=1019 width=121)
	        Sort Key: c
	        ->  Bitmap Heap Scan on sbtest1  (cost=34.88..3951.55 rows=1019 width=121)
	              Recheck Cond: ((id >= 1099998) AND (id <= 1100997))
	              ->  Bitmap Index Scan on sbtest1_pkey  (cost=0.00..34.62 rows=1019 width=0)
	                    Index Cond: ((id >= 1099998) AND (id <= 1100997))

table 2 : explain SELECT DISTINCT c FROM sbtest2 WHERE id BETWEEN 1211840 AND 1212839 ORDER BY c
	Unique  (cost=3540.55..3545.06 rows=901 width=121)
	  ->  Sort  (cost=3540.55..3542.80 rows=901 width=121)
	        Sort Key: c
	        ->  Bitmap Heap Scan on sbtest2  (cost=29.67..3496.33 rows=901 width=121)
	              Recheck Cond: ((id >= 1211840) AND (id <= 1212839))
	              ->  Bitmap Index Scan on sbtest2_pkey  (cost=0.00..29.44 rows=901 width=0)
	                    Index Cond: ((id >= 1211840) AND (id <= 1212839))

table 3 : explain SELECT DISTINCT c FROM sbtest3 WHERE id BETWEEN 2202976 AND 2203975 ORDER BY c
	Unique  (cost=3728.27..3733.02 rows=949 width=121)
	  ->  Sort  (cost=3728.27..3730.65 rows=949 width=121)
	        Sort Key: c
	        ->  Bitmap Heap Scan on sbtest3  (cost=34.16..3681.34 rows=949 width=121)
	              Recheck Cond: ((id >= 2202976) AND (id <= 2203975))
	              ->  Bitmap Index Scan on sbtest3_pkey  (cost=0.00..33.93 rows=949 width=0)
	                    Index Cond: ((id >= 2202976) AND (id <= 2203975))

table 4 : explain SELECT DISTINCT c FROM sbtest4 WHERE id BETWEEN 9938494 AND 9939493 ORDER BY c
	Unique  (cost=3886.56..3891.51 rows=990 width=121)
	  ->  Sort  (cost=3886.56..3889.04 rows=990 width=121)
	        Sort Key: c
	        ->  Bitmap Heap Scan on sbtest4  (cost=34.58..3837.30 rows=990 width=121)
	              Recheck Cond: ((id >= 9938494) AND (id <= 9939493))
	              ->  Bitmap Index Scan on sbtest4_pkey  (cost=0.00..34.34 rows=990 width=0)
	                    Index Cond: ((id >= 9938494) AND (id <= 9939493))

table 5 : explain SELECT DISTINCT c FROM sbtest5 WHERE id BETWEEN 1331376 AND 1332375 ORDER BY c
	Unique  (cost=4514.60..4520.37 rows=1154 width=121)
	  ->  Sort  (cost=4514.60..4517.48 rows=1154 width=121)
	        Sort Key: c
	        ->  Bitmap Heap Scan on sbtest5  (cost=40.26..4455.90 rows=1154 width=121)
	              Recheck Cond: ((id >= 1331376) AND (id <= 1332375))
	              ->  Bitmap Index Scan on sbtest5_pkey  (cost=0.00..39.98 rows=1154 width=0)
	                    Index Cond: ((id >= 1331376) AND (id <= 1332375))

table 6 : explain SELECT DISTINCT c FROM sbtest6 WHERE id BETWEEN 1244757 AND 1245756 ORDER BY c
	Unique  (cost=3387.88..3392.18 rows=861 width=121)
	  ->  Sort  (cost=3387.88..3390.03 rows=861 width=121)
	        Sort Key: c
	        ->  Bitmap Heap Scan on sbtest6  (cost=29.26..3345.91 rows=861 width=121)
	              Recheck Cond: ((id >= 1244757) AND (id <= 1245756))
	              ->  Bitmap Index Scan on sbtest6_pkey  (cost=0.00..29.04 rows=861 width=0)
	                    Index Cond: ((id >= 1244757) AND (id <= 1245756))

table 7 : explain SELECT DISTINCT c FROM sbtest7 WHERE id BETWEEN 8354087 AND 8355086 ORDER BY c
	Unique  (cost=4151.40..4156.70 rows=1059 width=121)
	  ->  Sort  (cost=4151.40..4154.05 rows=1059 width=121)
	        Sort Key: c
	        ->  Bitmap Heap Scan on sbtest7  (cost=35.29..4098.19 rows=1059 width=121)
	              Recheck Cond: ((id >= 8354087) AND (id <= 8355086))
	              ->  Bitmap Index Scan on sbtest7_pkey  (cost=0.00..35.03 rows=1059 width=0)
	                    Index Cond: ((id >= 8354087) AND (id <= 8355086))

table 8 : explain SELECT DISTINCT c FROM sbtest8 WHERE id BETWEEN 3211564 AND 3212563 ORDER BY c
	Unique  (cost=4300.92..4306.41 rows=1098 width=121)
	  ->  Sort  (cost=4300.92..4303.66 rows=1098 width=121)
	        Sort Key: c
	        ->  Bitmap Heap Scan on sbtest8  (cost=35.69..4245.47 rows=1098 width=121)
	              Recheck Cond: ((id >= 3211564) AND (id <= 3212563))
	              ->  Bitmap Index Scan on sbtest8_pkey  (cost=0.00..35.42 rows=1098 width=0)
	                    Index Cond: ((id >= 3211564) AND (id <= 3212563))
for: order_ranges
table 1 : explain SELECT c FROM sbtest1 WHERE id BETWEEN 3724910 AND 3725909 ORDER BY c
	Sort  (cost=3545.58..3547.83 rows=901 width=121)
	  Sort Key: c
	  ->  Bitmap Heap Scan on sbtest1  (cost=29.67..3501.36 rows=901 width=121)
	        Recheck Cond: ((id >= 3724910) AND (id <= 3725909))
	        ->  Bitmap Index Scan on sbtest1_pkey  (cost=0.00..29.44 rows=901 width=0)
	              Index Cond: ((id >= 3724910) AND (id <= 3725909))

table 2 : explain SELECT c FROM sbtest2 WHERE id BETWEEN 7276720 AND 7277719 ORDER BY c
	Sort  (cost=4046.10..4048.68 rows=1032 width=121)
	  Sort Key: c
	  ->  Bitmap Heap Scan on sbtest2  (cost=35.01..3994.44 rows=1032 width=121)
	        Recheck Cond: ((id >= 7276720) AND (id <= 7277719))
	        ->  Bitmap Index Scan on sbtest2_pkey  (cost=0.00..34.76 rows=1032 width=0)
	              Index Cond: ((id >= 7276720) AND (id <= 7277719))

table 3 : explain SELECT c FROM sbtest3 WHERE id BETWEEN 1737309 AND 1738308 ORDER BY c
	Sort  (cost=3689.80..3692.15 rows=940 width=121)
	  Sort Key: c
	  ->  Bitmap Heap Scan on sbtest3  (cost=30.07..3643.38 rows=940 width=121)
	        Recheck Cond: ((id >= 1737309) AND (id <= 1738308))
	        ->  Bitmap Index Scan on sbtest3_pkey  (cost=0.00..29.83 rows=940 width=0)
	              Index Cond: ((id >= 1737309) AND (id <= 1738308))

table 4 : explain SELECT c FROM sbtest4 WHERE id BETWEEN 5210073 AND 5211072 ORDER BY c
	Sort  (cost=4501.48..4504.36 rows=1151 width=121)
	  Sort Key: c
	  ->  Bitmap Heap Scan on sbtest4  (cost=40.23..4442.96 rows=1151 width=121)
	        Recheck Cond: ((id >= 5210073) AND (id <= 5211072))
	        ->  Bitmap Index Scan on sbtest4_pkey  (cost=0.00..39.95 rows=1151 width=0)
	              Index Cond: ((id >= 5210073) AND (id <= 5211072))

table 5 : explain SELECT c FROM sbtest5 WHERE id BETWEEN 3265469 AND 3266468 ORDER BY c
	Sort  (cost=3930.02..3932.52 rows=1001 width=121)
	  Sort Key: c
	  ->  Bitmap Heap Scan on sbtest5  (cost=34.70..3880.13 rows=1001 width=121)
	        Recheck Cond: ((id >= 3265469) AND (id <= 3266468))
	        ->  Bitmap Index Scan on sbtest5_pkey  (cost=0.00..34.45 rows=1001 width=0)
	              Index Cond: ((id >= 3265469) AND (id <= 3266468))

table 6 : explain SELECT c FROM sbtest6 WHERE id BETWEEN 3145039 AND 3146038 ORDER BY c
	Sort  (cost=4245.88..4248.59 rows=1084 width=121)
	  Sort Key: c
	  ->  Bitmap Heap Scan on sbtest6  (cost=35.55..4191.23 rows=1084 width=121)
	        Recheck Cond: ((id >= 3145039) AND (id <= 3146038))
	        ->  Bitmap Index Scan on sbtest6_pkey  (cost=0.00..35.28 rows=1084 width=0)
	              Index Cond: ((id >= 3145039) AND (id <= 3146038))

table 7 : explain SELECT c FROM sbtest7 WHERE id BETWEEN 1026376 AND 1027375 ORDER BY c
	Sort  (cost=3826.23..3828.67 rows=974 width=121)
	  Sort Key: c
	  ->  Bitmap Heap Scan on sbtest7  (cost=34.42..3777.89 rows=974 width=121)
	        Recheck Cond: ((id >= 1026376) AND (id <= 1027375))
	        ->  Bitmap Index Scan on sbtest7_pkey  (cost=0.00..34.18 rows=974 width=0)
	              Index Cond: ((id >= 1026376) AND (id <= 1027375))

table 8 : explain SELECT c FROM sbtest8 WHERE id BETWEEN 9660483 AND 9661482 ORDER BY c
	Sort  (cost=3911.00..3913.49 rows=996 width=121)
	  Sort Key: c
	  ->  Bitmap Heap Scan on sbtest8  (cost=34.64..3861.40 rows=996 width=121)
	        Recheck Cond: ((id >= 9660483) AND (id <= 9661482))
	        ->  Bitmap Index Scan on sbtest8_pkey  (cost=0.00..34.40 rows=996 width=0)
	              Index Cond: ((id >= 9660483) AND (id <= 9661482))


for: simple_ranges
table 1 : explain SELECT c FROM sbtest1 WHERE id BETWEEN 6258832 AND 6259831
	Bitmap Heap Scan on sbtest1  (cost=34.18..3694.64 rows=951 width=121)
	  Recheck Cond: ((id >= 6258832) AND (id <= 6259831))
	  ->  Bitmap Index Scan on sbtest1_pkey  (cost=0.00..33.95 rows=951 width=0)
	        Index Cond: ((id >= 6258832) AND (id <= 6259831))

table 2 : explain SELECT c FROM sbtest2 WHERE id BETWEEN 8684688 AND 8685687
	Bitmap Heap Scan on sbtest2  (cost=35.28..4092.24 rows=1058 width=121)
	  Recheck Cond: ((id >= 8684688) AND (id <= 8685687))
	  ->  Bitmap Index Scan on sbtest2_pkey  (cost=0.00..35.02 rows=1058 width=0)
	        Index Cond: ((id >= 8684688) AND (id <= 8685687))

table 3 : explain SELECT c FROM sbtest3 WHERE id BETWEEN 4524829 AND 4525828
	Bitmap Heap Scan on sbtest3  (cost=35.28..4091.89 rows=1058 width=121)
	  Recheck Cond: ((id >= 4524829) AND (id <= 4525828))
	  ->  Bitmap Index Scan on sbtest3_pkey  (cost=0.00..35.02 rows=1058 width=0)
	        Index Cond: ((id >= 4524829) AND (id <= 4525828))

table 4 : explain SELECT c FROM sbtest4 WHERE id BETWEEN 210423 AND 211422
	Bitmap Heap Scan on sbtest4  (cost=34.66..3867.46 rows=998 width=121)
	  Recheck Cond: ((id >= 210423) AND (id <= 211422))
	  ->  Bitmap Index Scan on sbtest4_pkey  (cost=0.00..34.42 rows=998 width=0)
	        Index Cond: ((id >= 210423) AND (id <= 211422))

table 5 : explain SELECT c FROM sbtest5 WHERE id BETWEEN 2049517 AND 2050516
	Bitmap Heap Scan on sbtest5  (cost=29.93..3592.96 rows=926 width=121)
	  Recheck Cond: ((id >= 2049517) AND (id <= 2050516))
	  ->  Bitmap Index Scan on sbtest5_pkey  (cost=0.00..29.69 rows=926 width=0)
	        Index Cond: ((id >= 2049517) AND (id <= 2050516))

table 6 : explain SELECT c FROM sbtest6 WHERE id BETWEEN 6833733 AND 6834732
	Bitmap Heap Scan on sbtest6  (cost=35.18..4055.85 rows=1048 width=121)
	  Recheck Cond: ((id >= 6833733) AND (id <= 6834732))
	  ->  Bitmap Index Scan on sbtest6_pkey  (cost=0.00..34.92 rows=1048 width=0)
	        Index Cond: ((id >= 6833733) AND (id <= 6834732))

table 7 : explain SELECT c FROM sbtest7 WHERE id BETWEEN 5301955 AND 5302954
	Bitmap Heap Scan on sbtest7  (cost=34.11..3664.61 rows=944 width=121)
	  Recheck Cond: ((id >= 5301955) AND (id <= 5302954))
	  ->  Bitmap Index Scan on sbtest7_pkey  (cost=0.00..33.88 rows=944 width=0)
	        Index Cond: ((id >= 5301955) AND (id <= 5302954))

table 8 : explain SELECT c FROM sbtest8 WHERE id BETWEEN 8627028 AND 8628027
	Bitmap Heap Scan on sbtest8  (cost=30.05..3638.43 rows=938 width=121)
	  Recheck Cond: ((id >= 8627028) AND (id <= 8628027))
	  ->  Bitmap Index Scan on sbtest8_pkey  (cost=0.00..29.82 rows=938 width=0)
	        Index Cond: ((id >= 8627028) AND (id <= 8628027))

for: distinct_ranges
table 1 : explain SELECT DISTINCT c FROM sbtest1 WHERE id BETWEEN 4251450 AND 4252449 ORDER BY c
	Unique  (cost=4151.79..4157.08 rows=1058 width=121)
	  ->  Sort  (cost=4151.79..4154.43 rows=1058 width=121)
	        Sort Key: c
	        ->  Bitmap Heap Scan on sbtest1  (cost=35.28..4098.64 rows=1058 width=121)
	              Recheck Cond: ((id >= 4251450) AND (id <= 4252449))
	              ->  Bitmap Index Scan on sbtest1_pkey  (cost=0.00..35.02 rows=1058 width=0)
	                    Index Cond: ((id >= 4251450) AND (id <= 4252449))

table 2 : explain SELECT DISTINCT c FROM sbtest2 WHERE id BETWEEN 803065 AND 804064 ORDER BY c
	Unique  (cost=3571.24..3575.79 rows=909 width=121)
	  ->  Sort  (cost=3571.24..3573.52 rows=909 width=121)
	        Sort Key: c
	        ->  Bitmap Heap Scan on sbtest2  (cost=29.75..3526.57 rows=909 width=121)
	              Recheck Cond: ((id >= 803065) AND (id <= 804064))
	              ->  Bitmap Index Scan on sbtest2_pkey  (cost=0.00..29.52 rows=909 width=0)
	                    Index Cond: ((id >= 803065) AND (id <= 804064))

table 3 : explain SELECT DISTINCT c FROM sbtest3 WHERE id BETWEEN 7007720 AND 7008719 ORDER BY c
	Unique  (cost=4396.79..4402.41 rows=1125 width=121)
	  ->  Sort  (cost=4396.79..4399.60 rows=1125 width=121)
	        Sort Key: c
	        ->  Bitmap Heap Scan on sbtest3  (cost=35.97..4339.77 rows=1125 width=121)
	              Recheck Cond: ((id >= 7007720) AND (id <= 7008719))
	              ->  Bitmap Index Scan on sbtest3_pkey  (cost=0.00..35.69 rows=1125 width=0)
	                    Index Cond: ((id >= 7007720) AND (id <= 7008719))

table 4 : explain SELECT DISTINCT c FROM sbtest4 WHERE id BETWEEN 3626813 AND 3627812 ORDER BY c
	Unique  (cost=4303.02..4308.51 rows=1099 width=121)
	  ->  Sort  (cost=4303.02..4305.76 rows=1099 width=121)
	        Sort Key: c
	        ->  Bitmap Heap Scan on sbtest4  (cost=35.70..4247.51 rows=1099 width=121)
	              Recheck Cond: ((id >= 3626813) AND (id <= 3627812))
	              ->  Bitmap Index Scan on sbtest4_pkey  (cost=0.00..35.43 rows=1099 width=0)
	                    Index Cond: ((id >= 3626813) AND (id <= 3627812))

table 5 : explain SELECT DISTINCT c FROM sbtest5 WHERE id BETWEEN 6240525 AND 6241524 ORDER BY c
	Unique  (cost=4105.98..4111.21 rows=1047 width=121)
	  ->  Sort  (cost=4105.98..4108.60 rows=1047 width=121)
	        Sort Key: c
	        ->  Bitmap Heap Scan on sbtest5  (cost=35.17..4053.46 rows=1047 width=121)
	              Recheck Cond: ((id >= 6240525) AND (id <= 6241524))
	              ->  Bitmap Index Scan on sbtest5_pkey  (cost=0.00..34.91 rows=1047 width=0)
	                    Index Cond: ((id >= 6240525) AND (id <= 6241524))

table 6 : explain SELECT DISTINCT c FROM sbtest6 WHERE id BETWEEN 2037139 AND 2038138 ORDER BY c
	Unique  (cost=3718.12..3722.85 rows=946 width=121)
	  ->  Sort  (cost=3718.12..3720.48 rows=946 width=121)
	        Sort Key: c
	        ->  Bitmap Heap Scan on sbtest6  (cost=34.13..3671.36 rows=946 width=121)
	              Recheck Cond: ((id >= 2037139) AND (id <= 2038138))
	              ->  Bitmap Index Scan on sbtest6_pkey  (cost=0.00..33.90 rows=946 width=0)
	                    Index Cond: ((id >= 2037139) AND (id <= 2038138))

table 7 : explain SELECT DISTINCT c FROM sbtest7 WHERE id BETWEEN 4676210 AND 4677209 ORDER BY c
	Unique  (cost=3676.58..3681.26 rows=936 width=121)
	  ->  Sort  (cost=3676.58..3678.92 rows=936 width=121)
	        Sort Key: c
	        ->  Bitmap Heap Scan on sbtest7  (cost=30.03..3630.39 rows=936 width=121)
	              Recheck Cond: ((id >= 4676210) AND (id <= 4677209))
	              ->  Bitmap Index Scan on sbtest7_pkey  (cost=0.00..29.79 rows=936 width=0)
	                    Index Cond: ((id >= 4676210) AND (id <= 4677209))

table 8 : explain SELECT DISTINCT c FROM sbtest8 WHERE id BETWEEN 1909588 AND 1910587 ORDER BY c
	Unique  (cost=3834.41..3839.29 rows=976 width=121)
	  ->  Sort  (cost=3834.41..3836.85 rows=976 width=121)
	        Sort Key: c
	        ->  Bitmap Heap Scan on sbtest8  (cost=34.44..3785.94 rows=976 width=121)
	              Recheck Cond: ((id >= 1909588) AND (id <= 1910587))
	              ->  Bitmap Index Scan on sbtest8_pkey  (cost=0.00..34.20 rows=976 width=0)
	                    Index Cond: ((id >= 1909588) AND (id <= 1910587))

for: order_ranges
table 1 : explain SELECT c FROM sbtest1 WHERE id BETWEEN 4503498 AND 4504497 ORDER BY c
	Sort  (cost=3799.26..3801.67 rows=966 width=121)
	  Sort Key: c
	  ->  Bitmap Heap Scan on sbtest1  (cost=34.34..3751.36 rows=966 width=121)
	        Recheck Cond: ((id >= 4503498) AND (id <= 4504497))
	        ->  Bitmap Index Scan on sbtest1_pkey  (cost=0.00..34.09 rows=966 width=0)
	              Index Cond: ((id >= 4503498) AND (id <= 4504497))

table 2 : explain SELECT c FROM sbtest2 WHERE id BETWEEN 6882149 AND 6883148 ORDER BY c
	Sort  (cost=3717.08..3719.44 rows=946 width=121)
	  Sort Key: c
	  ->  Bitmap Heap Scan on sbtest2  (cost=34.13..3670.32 rows=946 width=121)
	        Recheck Cond: ((id >= 6882149) AND (id <= 6883148))
	        ->  Bitmap Index Scan on sbtest2_pkey  (cost=0.00..33.90 rows=946 width=0)
	              Index Cond: ((id >= 6882149) AND (id <= 6883148))

table 3 : explain SELECT c FROM sbtest3 WHERE id BETWEEN 3784958 AND 3785957 ORDER BY c
	Sort  (cost=4118.32..4120.95 rows=1051 width=121)
	  Sort Key: c
	  ->  Bitmap Heap Scan on sbtest3  (cost=35.21..4065.57 rows=1051 width=121)
	        Recheck Cond: ((id >= 3784958) AND (id <= 3785957))
	        ->  Bitmap Index Scan on sbtest3_pkey  (cost=0.00..34.95 rows=1051 width=0)
	              Index Cond: ((id >= 3784958) AND (id <= 3785957))

table 4 : explain SELECT c FROM sbtest4 WHERE id BETWEEN 102165 AND 103164 ORDER BY c
	Sort  (cost=3641.37..3643.68 rows=926 width=121)
	  Sort Key: c
	  ->  Bitmap Heap Scan on sbtest4  (cost=33.93..3595.74 rows=926 width=121)
	        Recheck Cond: ((id >= 102165) AND (id <= 103164))
	        ->  Bitmap Index Scan on sbtest4_pkey  (cost=0.00..33.70 rows=926 width=0)
	              Index Cond: ((id >= 102165) AND (id <= 103164))

table 5 : explain SELECT c FROM sbtest5 WHERE id BETWEEN 3791701 AND 3792700 ORDER BY c
	Sort  (cost=4029.51..4032.07 rows=1027 width=121)
	  Sort Key: c
	  ->  Bitmap Heap Scan on sbtest5  (cost=34.96..3978.14 rows=1027 width=121)
	        Recheck Cond: ((id >= 3791701) AND (id <= 3792700))
	        ->  Bitmap Index Scan on sbtest5_pkey  (cost=0.00..34.70 rows=1027 width=0)
	              Index Cond: ((id >= 3791701) AND (id <= 3792700))

table 6 : explain SELECT c FROM sbtest6 WHERE id BETWEEN 376982 AND 377981 ORDER BY c
	Sort  (cost=3445.52..3447.71 rows=876 width=121)
	  Sort Key: c
	  ->  Bitmap Heap Scan on sbtest6  (cost=29.41..3402.70 rows=876 width=121)
	        Recheck Cond: ((id >= 376982) AND (id <= 377981))
	        ->  Bitmap Index Scan on sbtest6_pkey  (cost=0.00..29.19 rows=876 width=0)
	              Index Cond: ((id >= 376982) AND (id <= 377981))

table 7 : explain SELECT c FROM sbtest7 WHERE id BETWEEN 9682400 AND 9683399 ORDER BY c
	Sort  (cost=3810.91..3813.34 rows=970 width=121)
	  Sort Key: c
	  ->  Bitmap Heap Scan on sbtest7  (cost=34.38..3762.79 rows=970 width=121)
	        Recheck Cond: ((id >= 9682400) AND (id <= 9683399))
	        ->  Bitmap Index Scan on sbtest7_pkey  (cost=0.00..34.14 rows=970 width=0)
	              Index Cond: ((id >= 9682400) AND (id <= 9683399))

table 8 : explain SELECT c FROM sbtest8 WHERE id BETWEEN 8011438 AND 8012437 ORDER BY c
	Sort  (cost=4484.26..4487.13 rows=1146 width=121)
	  Sort Key: c
	  ->  Bitmap Heap Scan on sbtest8  (cost=40.18..4426.03 rows=1146 width=121)
	        Recheck Cond: ((id >= 8011438) AND (id <= 8012437))
	        ->  Bitmap Index Scan on sbtest8_pkey  (cost=0.00..39.90 rows=1146 width=0)
	              Index Cond: ((id >= 8011438) AND (id <= 8012437))

for: simple_ranges
table 1 : explain SELECT c FROM sbtest1 WHERE id BETWEEN 1905495 AND 1906494
	Bitmap Heap Scan on sbtest1  (cost=34.49..3808.05 rows=981 width=121)
	  Recheck Cond: ((id >= 1905495) AND (id <= 1906494))
	  ->  Bitmap Index Scan on sbtest1_pkey  (cost=0.00..34.25 rows=981 width=0)
	        Index Cond: ((id >= 1905495) AND (id <= 1906494))

table 2 : explain SELECT c FROM sbtest2 WHERE id BETWEEN 9497031 AND 9498030
	Bitmap Heap Scan on sbtest2  (cost=34.95..3971.86 rows=1026 width=121)
	  Recheck Cond: ((id >= 9497031) AND (id <= 9498030))
	  ->  Bitmap Index Scan on sbtest2_pkey  (cost=0.00..34.70 rows=1026 width=0)
	        Index Cond: ((id >= 9497031) AND (id <= 9498030))

table 3 : explain SELECT c FROM sbtest3 WHERE id BETWEEN 8668745 AND 8669744
	Bitmap Heap Scan on sbtest3  (cost=34.73..3888.69 rows=1004 width=121)
	  Recheck Cond: ((id >= 8668745) AND (id <= 8669744))
	  ->  Bitmap Index Scan on sbtest3_pkey  (cost=0.00..34.48 rows=1004 width=0)
	        Index Cond: ((id >= 8668745) AND (id <= 8669744))

table 4 : explain SELECT c FROM sbtest4 WHERE id BETWEEN 8877109 AND 8878108
	Bitmap Heap Scan on sbtest4  (cost=34.12..3667.51 rows=945 width=121)
	  Recheck Cond: ((id >= 8877109) AND (id <= 8878108))
	  ->  Bitmap Index Scan on sbtest4_pkey  (cost=0.00..33.89 rows=945 width=0)
	        Index Cond: ((id >= 8877109) AND (id <= 8878108))

table 5 : explain SELECT c FROM sbtest5 WHERE id BETWEEN 6715269 AND 6716268
	Bitmap Heap Scan on sbtest5  (cost=35.63..4222.77 rows=1092 width=121)
	  Recheck Cond: ((id >= 6715269) AND (id <= 6716268))
	  ->  Bitmap Index Scan on sbtest5_pkey  (cost=0.00..35.36 rows=1092 width=0)
	        Index Cond: ((id >= 6715269) AND (id <= 6716268))

table 6 : explain SELECT c FROM sbtest6 WHERE id BETWEEN 8945079 AND 8946078
	Bitmap Heap Scan on sbtest6  (cost=35.11..4029.50 rows=1041 width=121)
	  Recheck Cond: ((id >= 8945079) AND (id <= 8946078))
	  ->  Bitmap Index Scan on sbtest6_pkey  (cost=0.00..34.84 rows=1041 width=0)
	        Index Cond: ((id >= 8945079) AND (id <= 8946078))

table 7 : explain SELECT c FROM sbtest7 WHERE id BETWEEN 6587334 AND 6588333
	Bitmap Heap Scan on sbtest7  (cost=34.07..3649.50 rows=940 width=121)
	  Recheck Cond: ((id >= 6587334) AND (id <= 6588333))
	  ->  Bitmap Index Scan on sbtest7_pkey  (cost=0.00..33.84 rows=940 width=0)
	        Index Cond: ((id >= 6587334) AND (id <= 6588333))

table 8 : explain SELECT c FROM sbtest8 WHERE id BETWEEN 476227 AND 477226
	Bitmap Heap Scan on sbtest8  (cost=29.69..3506.07 rows=903 width=121)
	  Recheck Cond: ((id >= 476227) AND (id <= 477226))
	  ->  Bitmap Index Scan on sbtest8_pkey  (cost=0.00..29.46 rows=903 width=0)
	        Index Cond: ((id >= 476227) AND (id <= 477226))

for: distinct_ranges
table 1 : explain SELECT DISTINCT c FROM sbtest1 WHERE id BETWEEN 8075223 AND 8076222 ORDER BY c
	Unique  (cost=4155.61..4160.91 rows=1059 width=121)
	  ->  Sort  (cost=4155.61..4158.26 rows=1059 width=121)
	        Sort Key: c
	        ->  Bitmap Heap Scan on sbtest1  (cost=35.29..4102.41 rows=1059 width=121)
	              Recheck Cond: ((id >= 8075223) AND (id <= 8076222))
	              ->  Bitmap Index Scan on sbtest1_pkey  (cost=0.00..35.03 rows=1059 width=0)
	                    Index Cond: ((id >= 8075223) AND (id <= 8076222))

table 2 : explain SELECT DISTINCT c FROM sbtest2 WHERE id BETWEEN 3144096 AND 3145095 ORDER BY c
	Unique  (cost=3877.88..3882.82 rows=988 width=121)
	  ->  Sort  (cost=3877.88..3880.35 rows=988 width=121)
	        Sort Key: c
	        ->  Bitmap Heap Scan on sbtest2  (cost=34.56..3828.73 rows=988 width=121)
	              Recheck Cond: ((id >= 3144096) AND (id <= 3145095))
	              ->  Bitmap Index Scan on sbtest2_pkey  (cost=0.00..34.32 rows=988 width=0)
	                    Index Cond: ((id >= 3144096) AND (id <= 3145095))

table 3 : explain SELECT DISTINCT c FROM sbtest3 WHERE id BETWEEN 4419958 AND 4420957 ORDER BY c
	Unique  (cost=3904.33..3909.31 rows=995 width=121)
	  ->  Sort  (cost=3904.33..3906.82 rows=995 width=121)
	        Sort Key: c
	        ->  Bitmap Heap Scan on sbtest3  (cost=34.63..3854.79 rows=995 width=121)
	              Recheck Cond: ((id >= 4419958) AND (id <= 4420957))
	              ->  Bitmap Index Scan on sbtest3_pkey  (cost=0.00..34.39 rows=995 width=0)
	                    Index Cond: ((id >= 4419958) AND (id <= 4420957))

table 4 : explain SELECT DISTINCT c FROM sbtest4 WHERE id BETWEEN 853001 AND 854000 ORDER BY c
	Unique  (cost=3775.52..3780.33 rows=961 width=121)
	  ->  Sort  (cost=3775.52..3777.92 rows=961 width=121)
	        Sort Key: c
	        ->  Bitmap Heap Scan on sbtest4  (cost=34.29..3727.91 rows=961 width=121)
	              Recheck Cond: ((id >= 853001) AND (id <= 854000))
	              ->  Bitmap Index Scan on sbtest4_pkey  (cost=0.00..34.05 rows=961 width=0)
	                    Index Cond: ((id >= 853001) AND (id <= 854000))

table 5 : explain SELECT DISTINCT c FROM sbtest5 WHERE id BETWEEN 5533350 AND 5534349 ORDER BY c
	Unique  (cost=4060.10..4065.28 rows=1035 width=121)
	  ->  Sort  (cost=4060.10..4062.69 rows=1035 width=121)
	        Sort Key: c
	        ->  Bitmap Heap Scan on sbtest5  (cost=35.04..4008.27 rows=1035 width=121)
	              Recheck Cond: ((id >= 5533350) AND (id <= 5534349))
	              ->  Bitmap Index Scan on sbtest5_pkey  (cost=0.00..34.79 rows=1035 width=0)
	                    Index Cond: ((id >= 5533350) AND (id <= 5534349))

table 6 : explain SELECT DISTINCT c FROM sbtest6 WHERE id BETWEEN 8426450 AND 8427449 ORDER BY c
	Unique  (cost=4131.34..4136.61 rows=1054 width=121)
	  ->  Sort  (cost=4131.34..4133.98 rows=1054 width=121)
	        Sort Key: c
	        ->  Bitmap Heap Scan on sbtest6  (cost=35.24..4078.42 rows=1054 width=121)
	              Recheck Cond: ((id >= 8426450) AND (id <= 8427449))
	              ->  Bitmap Index Scan on sbtest6_pkey  (cost=0.00..34.98 rows=1054 width=0)
	                    Index Cond: ((id >= 8426450) AND (id <= 8427449))

table 7 : explain SELECT DISTINCT c FROM sbtest7 WHERE id BETWEEN 282492 AND 283491 ORDER BY c
	Unique  (cost=4235.42..4240.83 rows=1081 width=121)
	  ->  Sort  (cost=4235.42..4238.12 rows=1081 width=121)
	        Sort Key: c
	        ->  Bitmap Heap Scan on sbtest7  (cost=35.52..4180.95 rows=1081 width=121)
	              Recheck Cond: ((id >= 282492) AND (id <= 283491))
	              ->  Bitmap Index Scan on sbtest7_pkey  (cost=0.00..35.25 rows=1081 width=0)
	                    Index Cond: ((id >= 282492) AND (id <= 283491))

table 8 : explain SELECT DISTINCT c FROM sbtest8 WHERE id BETWEEN 803098 AND 804097 ORDER BY c
	Unique  (cost=3903.35..3908.32 rows=994 width=121)
	  ->  Sort  (cost=3903.35..3905.83 rows=994 width=121)
	        Sort Key: c
	        ->  Bitmap Heap Scan on sbtest8  (cost=34.62..3853.86 rows=994 width=121)
	              Recheck Cond: ((id >= 803098) AND (id <= 804097))
	              ->  Bitmap Index Scan on sbtest8_pkey  (cost=0.00..34.38 rows=994 width=0)
	                    Index Cond: ((id >= 803098) AND (id <= 804097))

for point_selects
table 1 : explain SELECT c FROM sbtest1 WHERE id=6827597
	Index Scan using sbtest1_pkey on sbtest1  (cost=0.43..8.45 rows=1 width=121)
	  Index Cond: (id = 6827597)

table 2 : explain SELECT c FROM sbtest2 WHERE id=5979943
	Index Scan using sbtest2_pkey on sbtest2  (cost=0.43..8.45 rows=1 width=121)
	  Index Cond: (id = 5979943)

table 3 : explain SELECT c FROM sbtest3 WHERE id=4860273
	Index Scan using sbtest3_pkey on sbtest3  (cost=0.43..8.45 rows=1 width=121)
	  Index Cond: (id = 4860273)

table 4 : explain SELECT c FROM sbtest4 WHERE id=6859710
	Index Scan using sbtest4_pkey on sbtest4  (cost=0.43..8.45 rows=1 width=121)
	  Index Cond: (id = 6859710)

table 5 : explain SELECT c FROM sbtest5 WHERE id=7119803
	Index Scan using sbtest5_pkey on sbtest5  (cost=0.43..8.45 rows=1 width=121)
	  Index Cond: (id = 7119803)

table 6 : explain SELECT c FROM sbtest6 WHERE id=3552879
	Index Scan using sbtest6_pkey on sbtest6  (cost=0.43..8.45 rows=1 width=121)
	  Index Cond: (id = 3552879)

table 7 : explain SELECT c FROM sbtest7 WHERE id=8993452
	Index Scan using sbtest7_pkey on sbtest7  (cost=0.43..8.45 rows=1 width=121)
	  Index Cond: (id = 8993452)

table 8 : explain SELECT c FROM sbtest8 WHERE id=5447150
	Index Scan using sbtest8_pkey on sbtest8  (cost=0.43..8.45 rows=1 width=121)
	  Index Cond: (id = 5447150)

for: sum_ranges
table 1 : explain SELECT SUM(k) FROM sbtest1 WHERE id BETWEEN 8148076 AND 8149075
	Aggregate  (cost=3632.44..3632.45 rows=1 width=8)
	  ->  Bitmap Heap Scan on sbtest1  (cost=30.02..3630.11 rows=935 width=4)
	        Recheck Cond: ((id >= 8148076) AND (id <= 8149075))
	        ->  Bitmap Index Scan on sbtest1_pkey  (cost=0.00..29.79 rows=935 width=0)
	              Index Cond: ((id >= 8148076) AND (id <= 8149075))

table 2 : explain SELECT SUM(k) FROM sbtest2 WHERE id BETWEEN 7869196 AND 7870195
	Aggregate  (cost=3585.56..3585.57 rows=1 width=8)
	  ->  Bitmap Heap Scan on sbtest2  (cost=29.91..3583.25 rows=924 width=4)
	        Recheck Cond: ((id >= 7869196) AND (id <= 7870195))
	        ->  Bitmap Index Scan on sbtest2_pkey  (cost=0.00..29.68 rows=924 width=0)
	              Index Cond: ((id >= 7869196) AND (id <= 7870195))

table 3 : explain SELECT SUM(k) FROM sbtest3 WHERE id BETWEEN 5138863 AND 5139862
	Aggregate  (cost=3857.28..3857.29 rows=1 width=8)
	  ->  Bitmap Heap Scan on sbtest3  (cost=34.63..3854.79 rows=995 width=4)
	        Recheck Cond: ((id >= 5138863) AND (id <= 5139862))
	        ->  Bitmap Index Scan on sbtest3_pkey  (cost=0.00..34.39 rows=995 width=0)
	              Index Cond: ((id >= 5138863) AND (id <= 5139862))

table 4 : explain SELECT SUM(k) FROM sbtest4 WHERE id BETWEEN 5240271 AND 5241270
	Aggregate  (cost=3922.75..3922.76 rows=1 width=8)
	  ->  Bitmap Heap Scan on sbtest4  (cost=34.81..3920.22 rows=1012 width=4)
	        Recheck Cond: ((id >= 5240271) AND (id <= 5241270))
	        ->  Bitmap Index Scan on sbtest4_pkey  (cost=0.00..34.56 rows=1012 width=0)
	              Index Cond: ((id >= 5240271) AND (id <= 5241270))

table 5 : explain SELECT SUM(k) FROM sbtest5 WHERE id BETWEEN 7414411 AND 7415410
	Aggregate  (cost=3565.00..3565.01 rows=1 width=8)
	  ->  Bitmap Heap Scan on sbtest5  (cost=29.84..3562.71 rows=918 width=4)
	        Recheck Cond: ((id >= 7414411) AND (id <= 7415410))
	        ->  Bitmap Index Scan on sbtest5_pkey  (cost=0.00..29.61 rows=918 width=0)
	              Index Cond: ((id >= 7414411) AND (id <= 7415410))

table 6 : explain SELECT SUM(k) FROM sbtest6 WHERE id BETWEEN 3955397 AND 3956396
	Aggregate  (cost=3862.49..3862.50 rows=1 width=8)
	  ->  Bitmap Heap Scan on sbtest6  (cost=34.64..3860.00 rows=996 width=4)
	        Recheck Cond: ((id >= 3955397) AND (id <= 3956396))
	        ->  Bitmap Index Scan on sbtest6_pkey  (cost=0.00..34.40 rows=996 width=0)
	              Index Cond: ((id >= 3955397) AND (id <= 3956396))

table 7 : explain SELECT SUM(k) FROM sbtest7 WHERE id BETWEEN 2617448 AND 2618447
	Aggregate  (cost=3908.64..3908.65 rows=1 width=8)
	  ->  Bitmap Heap Scan on sbtest7  (cost=34.77..3906.12 rows=1008 width=4)
	        Recheck Cond: ((id >= 2617448) AND (id <= 2618447))
	        ->  Bitmap Index Scan on sbtest7_pkey  (cost=0.00..34.52 rows=1008 width=0)
	              Index Cond: ((id >= 2617448) AND (id <= 2618447))

table 8 : explain SELECT SUM(k) FROM sbtest8 WHERE id BETWEEN 7464556 AND 7465555
	Aggregate  (cost=3758.16..3758.17 rows=1 width=8)
	  ->  Bitmap Heap Scan on sbtest8  (cost=34.36..3755.74 rows=968 width=4)
	        Recheck Cond: ((id >= 7464556) AND (id <= 7465555))
	        ->  Bitmap Index Scan on sbtest8_pkey  (cost=0.00..34.12 rows=968 width=0)
	              Index Cond: ((id >= 7464556) AND (id <= 7465555))

explain: for point_selects :: explain SELECT c FROM sbtest%u WHERE id=%u
for: sum_ranges
table 1 : explain SELECT SUM(k) FROM sbtest1 WHERE id BETWEEN 9624869 AND 9625868
	Aggregate  (cost=4142.76..4142.77 rows=1 width=8)
	  ->  Bitmap Heap Scan on sbtest1  (cost=35.39..4140.09 rows=1069 width=4)
	        Recheck Cond: ((id >= 9624869) AND (id <= 9625868))
	        ->  Bitmap Index Scan on sbtest1_pkey  (cost=0.00..35.12 rows=1069 width=0)
	              Index Cond: ((id >= 9624869) AND (id <= 9625868))

table 2 : explain SELECT SUM(k) FROM sbtest2 WHERE id BETWEEN 9219845 AND 9220844
	Aggregate  (cost=3883.99..3884.00 rows=1 width=8)
	  ->  Bitmap Heap Scan on sbtest2  (cost=34.71..3881.48 rows=1002 width=4)
	        Recheck Cond: ((id >= 9219845) AND (id <= 9220844))
	        ->  Bitmap Index Scan on sbtest2_pkey  (cost=0.00..34.45 rows=1002 width=0)
	              Index Cond: ((id >= 9219845) AND (id <= 9220844))

table 3 : explain SELECT SUM(k) FROM sbtest3 WHERE id BETWEEN 4775774 AND 4776773
	Aggregate  (cost=4109.58..4109.59 rows=1 width=8)
	  ->  Bitmap Heap Scan on sbtest3  (cost=35.32..4106.93 rows=1062 width=4)
	        Recheck Cond: ((id >= 4775774) AND (id <= 4776773))
	        ->  Bitmap Index Scan on sbtest3_pkey  (cost=0.00..35.06 rows=1062 width=0)
	              Index Cond: ((id >= 4775774) AND (id <= 4776773))

table 4 : explain SELECT SUM(k) FROM sbtest4 WHERE id BETWEEN 5284297 AND 5285296
	Aggregate  (cost=3922.75..3922.76 rows=1 width=8)
	  ->  Bitmap Heap Scan on sbtest4  (cost=34.81..3920.22 rows=1012 width=4)
	        Recheck Cond: ((id >= 5284297) AND (id <= 5285296))
	        ->  Bitmap Index Scan on sbtest4_pkey  (cost=0.00..34.56 rows=1012 width=0)
	              Index Cond: ((id >= 5284297) AND (id <= 5285296))

table 5 : explain SELECT SUM(k) FROM sbtest5 WHERE id BETWEEN 9803078 AND 9804077
	Aggregate  (cost=3322.54..3322.55 rows=1 width=8)
	  ->  Bitmap Heap Scan on sbtest5  (cost=29.19..3320.40 rows=854 width=4)
	        Recheck Cond: ((id >= 9803078) AND (id <= 9804077))
	        ->  Bitmap Index Scan on sbtest5_pkey  (cost=0.00..28.97 rows=854 width=0)
	              Index Cond: ((id >= 9803078) AND (id <= 9804077))

table 6 : explain SELECT SUM(k) FROM sbtest6 WHERE id BETWEEN 6314059 AND 6315058
	Aggregate  (cost=4028.34..4028.35 rows=1 width=8)
	  ->  Bitmap Heap Scan on sbtest6  (cost=35.09..4025.74 rows=1040 width=4)
	        Recheck Cond: ((id >= 6314059) AND (id <= 6315058))
	        ->  Bitmap Index Scan on sbtest6_pkey  (cost=0.00..34.84 rows=1040 width=0)
	              Index Cond: ((id >= 6314059) AND (id <= 6315058))

table 7 : explain SELECT SUM(k) FROM sbtest7 WHERE id BETWEEN 7604198 AND 7605197
	Aggregate  (cost=3844.50..3844.51 rows=1 width=8)
	  ->  Bitmap Heap Scan on sbtest7  (cost=34.59..3842.02 rows=991 width=4)
	        Recheck Cond: ((id >= 7604198) AND (id <= 7605197))
	        ->  Bitmap Index Scan on sbtest7_pkey  (cost=0.00..34.34 rows=991 width=0)
	              Index Cond: ((id >= 7604198) AND (id <= 7605197))

table 8 : explain SELECT SUM(k) FROM sbtest8 WHERE id BETWEEN 9841743 AND 9842742
	Aggregate  (cost=4056.21..4056.22 rows=1 width=8)
	  ->  Bitmap Heap Scan on sbtest8  (cost=35.17..4053.60 rows=1047 width=4)
	        Recheck Cond: ((id >= 9841743) AND (id <= 9842742))
	        ->  Bitmap Index Scan on sbtest8_pkey  (cost=0.00..34.91 rows=1047 width=0)
	              Index Cond: ((id >= 9841743) AND (id <= 9842742))

for: sum_ranges
table 1 : explain SELECT SUM(k) FROM sbtest1 WHERE id BETWEEN 6250032 AND 6251031
	Aggregate  (cost=3697.02..3697.03 rows=1 width=8)
	  ->  Bitmap Heap Scan on sbtest1  (cost=34.18..3694.64 rows=951 width=4)
	        Recheck Cond: ((id >= 6250032) AND (id <= 6251031))
	        ->  Bitmap Index Scan on sbtest1_pkey  (cost=0.00..33.95 rows=951 width=0)
	              Index Cond: ((id >= 6250032) AND (id <= 6251031))

table 2 : explain SELECT SUM(k) FROM sbtest2 WHERE id BETWEEN 2260775 AND 2261774
	Aggregate  (cost=4350.72..4350.73 rows=1 width=8)
	  ->  Bitmap Heap Scan on sbtest2  (cost=39.98..4347.91 rows=1126 width=4)
	        Recheck Cond: ((id >= 2260775) AND (id <= 2261774))
	        ->  Bitmap Index Scan on sbtest2_pkey  (cost=0.00..39.70 rows=1126 width=0)
	              Index Cond: ((id >= 2260775) AND (id <= 2261774))

table 3 : explain SELECT SUM(k) FROM sbtest3 WHERE id BETWEEN 9607014 AND 9608013
	Aggregate  (cost=3460.48..3460.49 rows=1 width=8)
	  ->  Bitmap Heap Scan on sbtest3  (cost=29.57..3458.25 rows=891 width=4)
	        Recheck Cond: ((id >= 9607014) AND (id <= 9608013))
	        ->  Bitmap Index Scan on sbtest3_pkey  (cost=0.00..29.34 rows=891 width=0)
	              Index Cond: ((id >= 9607014) AND (id <= 9608013))

table 4 : explain SELECT SUM(k) FROM sbtest4 WHERE id BETWEEN 7187353 AND 7188352
	Aggregate  (cost=4419.56..4419.57 rows=1 width=8)
	  ->  Bitmap Heap Scan on sbtest4  (cost=40.16..4416.70 rows=1144 width=4)
	        Recheck Cond: ((id >= 7187353) AND (id <= 7188352))
	        ->  Bitmap Index Scan on sbtest4_pkey  (cost=0.00..39.88 rows=1144 width=0)
	              Index Cond: ((id >= 7187353) AND (id <= 7188352))

table 5 : explain SELECT SUM(k) FROM sbtest5 WHERE id BETWEEN 5944590 AND 5945589
	Aggregate  (cost=4003.32..4003.33 rows=1 width=8)
	  ->  Bitmap Heap Scan on sbtest5  (cost=35.02..4000.74 rows=1033 width=4)
	        Recheck Cond: ((id >= 5944590) AND (id <= 5945589))
	        ->  Bitmap Index Scan on sbtest5_pkey  (cost=0.00..34.77 rows=1033 width=0)
	              Index Cond: ((id >= 5944590) AND (id <= 5945589))

table 6 : explain SELECT SUM(k) FROM sbtest6 WHERE id BETWEEN 8890945 AND 8891944
	Aggregate  (cost=3586.56..3586.57 rows=1 width=8)
	  ->  Bitmap Heap Scan on sbtest6  (cost=29.91..3584.25 rows=924 width=4)
	        Recheck Cond: ((id >= 8890945) AND (id <= 8891944))
	        ->  Bitmap Index Scan on sbtest6_pkey  (cost=0.00..29.68 rows=924 width=0)
	              Index Cond: ((id >= 8890945) AND (id <= 8891944))

table 7 : explain SELECT SUM(k) FROM sbtest7 WHERE id BETWEEN 2827218 AND 2828217
	Aggregate  (cost=3768.99..3769.00 rows=1 width=8)
	  ->  Bitmap Heap Scan on sbtest7  (cost=34.39..3766.56 rows=971 width=4)
	        Recheck Cond: ((id >= 2827218) AND (id <= 2828217))
	        ->  Bitmap Index Scan on sbtest7_pkey  (cost=0.00..34.15 rows=971 width=0)
	              Index Cond: ((id >= 2827218) AND (id <= 2828217))

table 8 : explain SELECT SUM(k) FROM sbtest8 WHERE id BETWEEN 9372228 AND 9373227
	Aggregate  (cost=4112.72..4112.73 rows=1 width=8)
	  ->  Bitmap Heap Scan on sbtest8  (cost=35.32..4110.06 rows=1062 width=4)
	        Recheck Cond: ((id >= 9372228) AND (id <= 9373227))
	        ->  Bitmap Index Scan on sbtest8_pkey  (cost=0.00..35.06 rows=1062 width=0)
	              Index Cond: ((id >= 9372228) AND (id <= 9373227))

for: sum_ranges
table 1 : explain SELECT SUM(k) FROM sbtest1 WHERE id BETWEEN 1318003 AND 1319002
	Aggregate  (cost=3787.82..3787.83 rows=1 width=8)
	  ->  Bitmap Heap Scan on sbtest1  (cost=34.43..3785.38 rows=975 width=4)
	        Recheck Cond: ((id >= 1318003) AND (id <= 1319002))
	        ->  Bitmap Index Scan on sbtest1_pkey  (cost=0.00..34.19 rows=975 width=0)
	              Index Cond: ((id >= 1318003) AND (id <= 1319002))

table 2 : explain SELECT SUM(k) FROM sbtest2 WHERE id BETWEEN 6014922 AND 6015921
	Aggregate  (cost=3733.10..3733.11 rows=1 width=8)
	  ->  Bitmap Heap Scan on sbtest2  (cost=34.30..3730.69 rows=962 width=4)
	        Recheck Cond: ((id >= 6014922) AND (id <= 6015921))
	        ->  Bitmap Index Scan on sbtest2_pkey  (cost=0.00..34.06 rows=962 width=0)
	              Index Cond: ((id >= 6014922) AND (id <= 6015921))

table 3 : explain SELECT SUM(k) FROM sbtest3 WHERE id BETWEEN 4951330 AND 4952329
	Aggregate  (cost=3910.04..3910.05 rows=1 width=8)
	  ->  Bitmap Heap Scan on sbtest3  (cost=34.78..3907.52 rows=1009 width=4)
	        Recheck Cond: ((id >= 4951330) AND (id <= 4952329))
	        ->  Bitmap Index Scan on sbtest3_pkey  (cost=0.00..34.53 rows=1009 width=0)
	              Index Cond: ((id >= 4951330) AND (id <= 4952329))

table 4 : explain SELECT SUM(k) FROM sbtest4 WHERE id BETWEEN 1562699 AND 1563698
	Aggregate  (cost=4129.90..4129.91 rows=1 width=8)
	  ->  Bitmap Heap Scan on sbtest4  (cost=35.37..4127.23 rows=1067 width=4)
	        Recheck Cond: ((id >= 1562699) AND (id <= 1563698))
	        ->  Bitmap Index Scan on sbtest4_pkey  (cost=0.00..35.11 rows=1067 width=0)
	              Index Cond: ((id >= 1562699) AND (id <= 1563698))

table 5 : explain SELECT SUM(k) FROM sbtest5 WHERE id BETWEEN 8332953 AND 8333952
	Aggregate  (cost=3882.64..3882.65 rows=1 width=8)
	  ->  Bitmap Heap Scan on sbtest5  (cost=34.70..3880.13 rows=1001 width=4)
	        Recheck Cond: ((id >= 8332953) AND (id <= 8333952))
	        ->  Bitmap Index Scan on sbtest5_pkey  (cost=0.00..34.45 rows=1001 width=0)
	              Index Cond: ((id >= 8332953) AND (id <= 8333952))

table 6 : explain SELECT SUM(k) FROM sbtest6 WHERE id BETWEEN 9798741 AND 9799740
	Aggregate  (cost=4114.93..4114.94 rows=1 width=8)
	  ->  Bitmap Heap Scan on sbtest6  (cost=35.33..4112.28 rows=1063 width=4)
	        Recheck Cond: ((id >= 9798741) AND (id <= 9799740))
	        ->  Bitmap Index Scan on sbtest6_pkey  (cost=0.00..35.07 rows=1063 width=0)
	              Index Cond: ((id >= 9798741) AND (id <= 9799740))

table 7 : explain SELECT SUM(k) FROM sbtest7 WHERE id BETWEEN 5703794 AND 5704793
	Aggregate  (cost=4055.65..4055.66 rows=1 width=8)
	  ->  Bitmap Heap Scan on sbtest7  (cost=35.17..4053.03 rows=1047 width=4)
	        Recheck Cond: ((id >= 5703794) AND (id <= 5704793))
	        ->  Bitmap Index Scan on sbtest7_pkey  (cost=0.00..34.91 rows=1047 width=0)
	              Index Cond: ((id >= 5703794) AND (id <= 5704793))

table 8 : explain SELECT SUM(k) FROM sbtest8 WHERE id BETWEEN 8488791 AND 8489790
	Aggregate  (cost=3777.05..3777.06 rows=1 width=8)
	  ->  Bitmap Heap Scan on sbtest8  (cost=34.41..3774.62 rows=973 width=4)
	        Recheck Cond: ((id >= 8488791) AND (id <= 8489790))
	        ->  Bitmap Index Scan on sbtest8_pkey  (cost=0.00..34.17 rows=973 width=0)
	              Index Cond: ((id >= 8488791) AND (id <= 8489790))

for: distinct_ranges
table 1 : explain SELECT DISTINCT c FROM sbtest1 WHERE id BETWEEN 4856118 AND 4857117 ORDER BY c
	Unique  (cost=3630.14..3634.76 rows=923 width=121)
	  ->  Sort  (cost=3630.14..3632.45 rows=923 width=121)
	        Sort Key: c
	        ->  Bitmap Heap Scan on sbtest1  (cost=29.90..3584.68 rows=923 width=121)
	              Recheck Cond: ((id >= 4856118) AND (id <= 4857117))
	              ->  Bitmap Index Scan on sbtest1_pkey  (cost=0.00..29.66 rows=923 width=0)
	                    Index Cond: ((id >= 4856118) AND (id <= 4857117))

table 2 : explain SELECT DISTINCT c FROM sbtest2 WHERE id BETWEEN 9421564 AND 9422563 ORDER BY c
	Unique  (cost=4023.17..4028.30 rows=1026 width=121)
	  ->  Sort  (cost=4023.17..4025.74 rows=1026 width=121)
	        Sort Key: c
	        ->  Bitmap Heap Scan on sbtest2  (cost=34.95..3971.86 rows=1026 width=121)
	              Recheck Cond: ((id >= 9421564) AND (id <= 9422563))
	              ->  Bitmap Index Scan on sbtest2_pkey  (cost=0.00..34.70 rows=1026 width=0)
	                    Index Cond: ((id >= 9421564) AND (id <= 9422563))

table 3 : explain SELECT DISTINCT c FROM sbtest3 WHERE id BETWEEN 5999828 AND 6000827 ORDER BY c
	Unique  (cost=4049.58..4054.74 rows=1033 width=121)
	  ->  Sort  (cost=4049.58..4052.16 rows=1033 width=121)
	        Sort Key: c
	        ->  Bitmap Heap Scan on sbtest3  (cost=35.02..3997.86 rows=1033 width=121)
	              Recheck Cond: ((id >= 5999828) AND (id <= 6000827))
	              ->  Bitmap Index Scan on sbtest3_pkey  (cost=0.00..34.77 rows=1033 width=0)
	                    Index Cond: ((id >= 5999828) AND (id <= 6000827))

table 4 : explain SELECT DISTINCT c FROM sbtest4 WHERE id BETWEEN 7967709 AND 7968708 ORDER BY c
	Unique  (cost=4135.08..4140.35 rows=1055 width=121)
	  ->  Sort  (cost=4135.08..4137.71 rows=1055 width=121)
	        Sort Key: c
	        ->  Bitmap Heap Scan on sbtest4  (cost=35.25..4082.10 rows=1055 width=121)
	              Recheck Cond: ((id >= 7967709) AND (id <= 7968708))
	              ->  Bitmap Index Scan on sbtest4_pkey  (cost=0.00..34.98 rows=1055 width=0)
	                    Index Cond: ((id >= 7967709) AND (id <= 7968708))

table 5 : explain SELECT DISTINCT c FROM sbtest5 WHERE id BETWEEN 7782232 AND 7783231 ORDER BY c
	Unique  (cost=4193.87..4199.22 rows=1070 width=121)
	  ->  Sort  (cost=4193.87..4196.54 rows=1070 width=121)
	        Sort Key: c
	        ->  Bitmap Heap Scan on sbtest5  (cost=35.40..4140.03 rows=1070 width=121)
	              Recheck Cond: ((id >= 7782232) AND (id <= 7783231))
	              ->  Bitmap Index Scan on sbtest5_pkey  (cost=0.00..35.14 rows=1070 width=0)
	                    Index Cond: ((id >= 7782232) AND (id <= 7783231))

table 6 : explain SELECT DISTINCT c FROM sbtest6 WHERE id BETWEEN 7693279 AND 7694278 ORDER BY c
	Unique  (cost=3817.73..3822.59 rows=972 width=121)
	  ->  Sort  (cost=3817.73..3820.16 rows=972 width=121)
	        Sort Key: c
	        ->  Bitmap Heap Scan on sbtest6  (cost=34.40..3769.49 rows=972 width=121)
	              Recheck Cond: ((id >= 7693279) AND (id <= 7694278))
	              ->  Bitmap Index Scan on sbtest6_pkey  (cost=0.00..34.16 rows=972 width=0)
	                    Index Cond: ((id >= 7693279) AND (id <= 7694278))

table 7 : explain SELECT DISTINCT c FROM sbtest7 WHERE id BETWEEN 1263641 AND 1264640 ORDER BY c
	Unique  (cost=4040.56..4045.71 rows=1030 width=121)
	  ->  Sort  (cost=4040.56..4043.13 rows=1030 width=121)
	        Sort Key: c
	        ->  Bitmap Heap Scan on sbtest7  (cost=34.99..3989.01 rows=1030 width=121)
	              Recheck Cond: ((id >= 1263641) AND (id <= 1264640))
	              ->  Bitmap Index Scan on sbtest7_pkey  (cost=0.00..34.73 rows=1030 width=0)
	                    Index Cond: ((id >= 1263641) AND (id <= 1264640))

table 8 : explain SELECT DISTINCT c FROM sbtest8 WHERE id BETWEEN 7861210 AND 7862209 ORDER BY c
	Unique  (cost=4033.46..4038.60 rows=1028 width=121)
	  ->  Sort  (cost=4033.46..4036.03 rows=1028 width=121)
	        Sort Key: c
	        ->  Bitmap Heap Scan on sbtest8  (cost=34.97..3982.03 rows=1028 width=121)
	              Recheck Cond: ((id >= 7861210) AND (id <= 7862209))
	              ->  Bitmap Index Scan on sbtest8_pkey  (cost=0.00..34.72 rows=1028 width=0)
	                    Index Cond: ((id >= 7861210) AND (id <= 7862209))

for: sum_ranges
table 1 : explain SELECT SUM(k) FROM sbtest1 WHERE id BETWEEN 3780322 AND 3781321
	Aggregate  (cost=3621.08..3621.09 rows=1 width=8)
	  ->  Bitmap Heap Scan on sbtest1  (cost=29.99..3618.75 rows=932 width=4)
	        Recheck Cond: ((id >= 3780322) AND (id <= 3781321))
	        ->  Bitmap Index Scan on sbtest1_pkey  (cost=0.00..29.75 rows=932 width=0)
	              Index Cond: ((id >= 3780322) AND (id <= 3781321))

table 2 : explain SELECT SUM(k) FROM sbtest2 WHERE id BETWEEN 773992 AND 774991
	Aggregate  (cost=3528.85..3528.86 rows=1 width=8)
	  ->  Bitmap Heap Scan on sbtest2  (cost=29.75..3526.57 rows=909 width=4)
	        Recheck Cond: ((id >= 773992) AND (id <= 774991))
	        ->  Bitmap Index Scan on sbtest2_pkey  (cost=0.00..29.52 rows=909 width=0)
	              Index Cond: ((id >= 773992) AND (id <= 774991))

table 3 : explain SELECT SUM(k) FROM sbtest3 WHERE id BETWEEN 682073 AND 683072
	Aggregate  (cost=3668.61..3668.62 rows=1 width=8)
	  ->  Bitmap Heap Scan on sbtest3  (cost=34.12..3666.25 rows=945 width=4)
	        Recheck Cond: ((id >= 682073) AND (id <= 683072))
	        ->  Bitmap Index Scan on sbtest3_pkey  (cost=0.00..33.89 rows=945 width=0)
	              Index Cond: ((id >= 682073) AND (id <= 683072))

table 4 : explain SELECT SUM(k) FROM sbtest4 WHERE id BETWEEN 6084604 AND 6085603
	Aggregate  (cost=3711.43..3711.44 rows=1 width=8)
	  ->  Bitmap Heap Scan on sbtest4  (cost=34.23..3709.04 rows=956 width=4)
	        Recheck Cond: ((id >= 6084604) AND (id <= 6085603))
	        ->  Bitmap Index Scan on sbtest4_pkey  (cost=0.00..34.00 rows=956 width=0)
	              Index Cond: ((id >= 6084604) AND (id <= 6085603))

table 5 : explain SELECT SUM(k) FROM sbtest5 WHERE id BETWEEN 7677381 AND 7678380
	Aggregate  (cost=3739.16..3739.17 rows=1 width=8)
	  ->  Bitmap Heap Scan on sbtest5  (cost=34.31..3736.75 rows=963 width=4)
	        Recheck Cond: ((id >= 7677381) AND (id <= 7678380))
	        ->  Bitmap Index Scan on sbtest5_pkey  (cost=0.00..34.07 rows=963 width=0)
	              Index Cond: ((id >= 7677381) AND (id <= 7678380))

table 6 : explain SELECT SUM(k) FROM sbtest6 WHERE id BETWEEN 4055896 AND 4056895
	Aggregate  (cost=4269.14..4269.15 rows=1 width=8)
	  ->  Bitmap Heap Scan on sbtest6  (cost=35.75..4266.38 rows=1104 width=4)
	        Recheck Cond: ((id >= 4055896) AND (id <= 4056895))
	        ->  Bitmap Index Scan on sbtest6_pkey  (cost=0.00..35.48 rows=1104 width=0)
	              Index Cond: ((id >= 4055896) AND (id <= 4056895))

table 7 : explain SELECT SUM(k) FROM sbtest7 WHERE id BETWEEN 6850362 AND 6851361
	Aggregate  (cost=3583.56..3583.57 rows=1 width=8)
	  ->  Bitmap Heap Scan on sbtest7  (cost=29.90..3581.26 rows=923 width=4)
	        Recheck Cond: ((id >= 6850362) AND (id <= 6851361))
	        ->  Bitmap Index Scan on sbtest7_pkey  (cost=0.00..29.66 rows=923 width=0)
	              Index Cond: ((id >= 6850362) AND (id <= 6851361))

table 8 : explain SELECT SUM(k) FROM sbtest8 WHERE id BETWEEN 4636029 AND 4637028
	Aggregate  (cost=4037.37..4037.38 rows=1 width=8)
	  ->  Bitmap Heap Scan on sbtest8  (cost=35.12..4034.77 rows=1042 width=4)
	        Recheck Cond: ((id >= 4636029) AND (id <= 4637028))
	        ->  Bitmap Index Scan on sbtest8_pkey  (cost=0.00..34.86 rows=1042 width=0)
	              Index Cond: ((id >= 4636029) AND (id <= 4637028))

for: distinct_ranges
table 1 : explain SELECT DISTINCT c FROM sbtest1 WHERE id BETWEEN 2462206 AND 2463205 ORDER BY c
	Unique  (cost=3883.65..3888.59 rows=988 width=121)
	  ->  Sort  (cost=3883.65..3886.12 rows=988 width=121)
	        Sort Key: c
	        ->  Bitmap Heap Scan on sbtest1  (cost=34.56..3834.50 rows=988 width=121)
	              Recheck Cond: ((id >= 2462206) AND (id <= 2463205))
	              ->  Bitmap Index Scan on sbtest1_pkey  (cost=0.00..34.32 rows=988 width=0)
	                    Index Cond: ((id >= 2462206) AND (id <= 2463205))

table 2 : explain SELECT DISTINCT c FROM sbtest2 WHERE id BETWEEN 9382357 AND 9383356 ORDER BY c
	Unique  (cost=3805.16..3810.01 rows=969 width=121)
	  ->  Sort  (cost=3805.16..3807.58 rows=969 width=121)
	        Sort Key: c
	        ->  Bitmap Heap Scan on sbtest2  (cost=34.37..3757.10 rows=969 width=121)
	              Recheck Cond: ((id >= 9382357) AND (id <= 9383356))
	              ->  Bitmap Index Scan on sbtest2_pkey  (cost=0.00..34.12 rows=969 width=0)
	                    Index Cond: ((id >= 9382357) AND (id <= 9383356))

table 3 : explain SELECT DISTINCT c FROM sbtest3 WHERE id BETWEEN 1919469 AND 1920468 ORDER BY c
	Unique  (cost=3471.20..3475.62 rows=883 width=121)
	  ->  Sort  (cost=3471.20..3473.41 rows=883 width=121)
	        Sort Key: c
	        ->  Bitmap Heap Scan on sbtest3  (cost=29.49..3427.99 rows=883 width=121)
	              Recheck Cond: ((id >= 1919469) AND (id <= 1920468))
	              ->  Bitmap Index Scan on sbtest3_pkey  (cost=0.00..29.26 rows=883 width=0)
	                    Index Cond: ((id >= 1919469) AND (id <= 1920468))

table 4 : explain SELECT DISTINCT c FROM sbtest4 WHERE id BETWEEN 5522244 AND 5523243 ORDER BY c
	Unique  (cost=3529.93..3534.42 rows=898 width=121)
	  ->  Sort  (cost=3529.93..3532.18 rows=898 width=121)
	        Sort Key: c
	        ->  Bitmap Heap Scan on sbtest4  (cost=29.64..3485.88 rows=898 width=121)
	              Recheck Cond: ((id >= 5522244) AND (id <= 5523243))
	              ->  Bitmap Index Scan on sbtest4_pkey  (cost=0.00..29.41 rows=898 width=0)
	                    Index Cond: ((id >= 5522244) AND (id <= 5523243))

table 5 : explain SELECT DISTINCT c FROM sbtest5 WHERE id BETWEEN 6925071 AND 6926070 ORDER BY c
	Unique  (cost=3792.14..3796.96 rows=965 width=121)
	  ->  Sort  (cost=3792.14..3794.55 rows=965 width=121)
	        Sort Key: c
	        ->  Bitmap Heap Scan on sbtest5  (cost=34.33..3744.30 rows=965 width=121)
	              Recheck Cond: ((id >= 6925071) AND (id <= 6926070))
	              ->  Bitmap Index Scan on sbtest5_pkey  (cost=0.00..34.09 rows=965 width=0)
	                    Index Cond: ((id >= 6925071) AND (id <= 6926070))

table 6 : explain SELECT DISTINCT c FROM sbtest6 WHERE id BETWEEN 8256855 AND 8257854 ORDER BY c
	Unique  (cost=3744.94..3749.71 rows=953 width=121)
	  ->  Sort  (cost=3744.94..3747.33 rows=953 width=121)
	        Sort Key: c
	        ->  Bitmap Heap Scan on sbtest6  (cost=34.20..3697.79 rows=953 width=121)
	              Recheck Cond: ((id >= 8256855) AND (id <= 8257854))
	              ->  Bitmap Index Scan on sbtest6_pkey  (cost=0.00..33.97 rows=953 width=0)
	                    Index Cond: ((id >= 8256855) AND (id <= 8257854))

table 7 : explain SELECT DISTINCT c FROM sbtest7 WHERE id BETWEEN 8656857 AND 8657856 ORDER BY c
	Unique  (cost=4006.14..4011.24 rows=1021 width=121)
	  ->  Sort  (cost=4006.14..4008.69 rows=1021 width=121)
	        Sort Key: c
	        ->  Bitmap Heap Scan on sbtest7  (cost=34.90..3955.11 rows=1021 width=121)
	              Recheck Cond: ((id >= 8656857) AND (id <= 8657856))
	              ->  Bitmap Index Scan on sbtest7_pkey  (cost=0.00..34.65 rows=1021 width=0)
	                    Index Cond: ((id >= 8656857) AND (id <= 8657856))

table 8 : explain SELECT DISTINCT c FROM sbtest8 WHERE id BETWEEN 3431979 AND 3432978 ORDER BY c
	Unique  (cost=3746.26..3751.02 rows=953 width=121)
	  ->  Sort  (cost=3746.26..3748.64 rows=953 width=121)
	        Sort Key: c
	        ->  Bitmap Heap Scan on sbtest8  (cost=34.20..3699.10 rows=953 width=121)
	              Recheck Cond: ((id >= 3431979) AND (id <= 3432978))
	              ->  Bitmap Index Scan on sbtest8_pkey  (cost=0.00..33.97 rows=953 width=0)
	                    Index Cond: ((id >= 3431979) AND (id <= 3432978))

for: simple_ranges
table 1 : explain SELECT c FROM sbtest1 WHERE id BETWEEN 1694269 AND 1695268
	Bitmap Heap Scan on sbtest1  (cost=29.63..3486.20 rows=897 width=121)
	  Recheck Cond: ((id >= 1694269) AND (id <= 1695268))
	  ->  Bitmap Index Scan on sbtest1_pkey  (cost=0.00..29.40 rows=897 width=0)
	        Index Cond: ((id >= 1694269) AND (id <= 1695268))

table 2 : explain SELECT c FROM sbtest2 WHERE id BETWEEN 7070437 AND 7071436
	Bitmap Heap Scan on sbtest2  (cost=34.81..3919.15 rows=1012 width=121)
	  Recheck Cond: ((id >= 7070437) AND (id <= 7071436))
	  ->  Bitmap Index Scan on sbtest2_pkey  (cost=0.00..34.56 rows=1012 width=0)
	        Index Cond: ((id >= 7070437) AND (id <= 7071436))

table 3 : explain SELECT c FROM sbtest3 WHERE id BETWEEN 3890789 AND 3891788
	Bitmap Heap Scan on sbtest3  (cost=35.80..4279.74 rows=1109 width=121)
	  Recheck Cond: ((id >= 3890789) AND (id <= 3891788))
	  ->  Bitmap Index Scan on sbtest3_pkey  (cost=0.00..35.53 rows=1109 width=0)
	        Index Cond: ((id >= 3890789) AND (id <= 3891788))

table 4 : explain SELECT c FROM sbtest4 WHERE id BETWEEN 6037070 AND 6038069
	Bitmap Heap Scan on sbtest4  (cost=33.99..3618.41 rows=932 width=121)
	  Recheck Cond: ((id >= 6037070) AND (id <= 6038069))
	  ->  Bitmap Index Scan on sbtest4_pkey  (cost=0.00..33.76 rows=932 width=0)
	        Index Cond: ((id >= 6037070) AND (id <= 6038069))

table 5 : explain SELECT c FROM sbtest5 WHERE id BETWEEN 8783583 AND 8784582
	Bitmap Heap Scan on sbtest5  (cost=34.78..3910.30 rows=1009 width=121)
	  Recheck Cond: ((id >= 8783583) AND (id <= 8784582))
	  ->  Bitmap Index Scan on sbtest5_pkey  (cost=0.00..34.53 rows=1009 width=0)
	        Index Cond: ((id >= 8783583) AND (id <= 8784582))

table 6 : explain SELECT c FROM sbtest6 WHERE id BETWEEN 6334204 AND 6335203
	Bitmap Heap Scan on sbtest6  (cost=35.09..4025.74 rows=1040 width=121)
	  Recheck Cond: ((id >= 6334204) AND (id <= 6335203))
	  ->  Bitmap Index Scan on sbtest6_pkey  (cost=0.00..34.84 rows=1040 width=0)
	        Index Cond: ((id >= 6334204) AND (id <= 6335203))

table 7 : explain SELECT c FROM sbtest7 WHERE id BETWEEN 305720 AND 306719
	Bitmap Heap Scan on sbtest7  (cost=34.60..3845.79 rows=992 width=121)
	  Recheck Cond: ((id >= 305720) AND (id <= 306719))
	  ->  Bitmap Index Scan on sbtest7_pkey  (cost=0.00..34.36 rows=992 width=0)
	        Index Cond: ((id >= 305720) AND (id <= 306719))

table 8 : explain SELECT c FROM sbtest8 WHERE id BETWEEN 3336250 AND 3337249
	Bitmap Heap Scan on sbtest8  (cost=34.76..3902.88 rows=1007 width=121)
	  Recheck Cond: ((id >= 3336250) AND (id <= 3337249))
	  ->  Bitmap Index Scan on sbtest8_pkey  (cost=0.00..34.51 rows=1007 width=0)
	        Index Cond: ((id >= 3336250) AND (id <= 3337249))

for: distinct_ranges
table 1 : explain SELECT DISTINCT c FROM sbtest1 WHERE id BETWEEN 3381124 AND 3382123 ORDER BY c
	Unique  (cost=4056.09..4061.25 rows=1033 width=121)
	  ->  Sort  (cost=4056.09..4058.67 rows=1033 width=121)
	        Sort Key: c
	        ->  Bitmap Heap Scan on sbtest1  (cost=35.02..4004.37 rows=1033 width=121)
	              Recheck Cond: ((id >= 3381124) AND (id <= 3382123))
	              ->  Bitmap Index Scan on sbtest1_pkey  (cost=0.00..34.77 rows=1033 width=0)
	                    Index Cond: ((id >= 3381124) AND (id <= 3382123))

table 2 : explain SELECT DISTINCT c FROM sbtest2 WHERE id BETWEEN 6757917 AND 6758916 ORDER BY c
	Unique  (cost=3786.02..3790.84 rows=964 width=121)
	  ->  Sort  (cost=3786.02..3788.43 rows=964 width=121)
	        Sort Key: c
	        ->  Bitmap Heap Scan on sbtest2  (cost=34.32..3738.24 rows=964 width=121)
	              Recheck Cond: ((id >= 6757917) AND (id <= 6758916))
	              ->  Bitmap Index Scan on sbtest2_pkey  (cost=0.00..34.08 rows=964 width=0)
	                    Index Cond: ((id >= 6757917) AND (id <= 6758916))

table 3 : explain SELECT DISTINCT c FROM sbtest3 WHERE id BETWEEN 7278188 AND 7279187 ORDER BY c
	Unique  (cost=3889.03..3893.99 rows=991 width=121)
	  ->  Sort  (cost=3889.03..3891.51 rows=991 width=121)
	        Sort Key: c
	        ->  Bitmap Heap Scan on sbtest3  (cost=34.59..3839.72 rows=991 width=121)
	              Recheck Cond: ((id >= 7278188) AND (id <= 7279187))
	              ->  Bitmap Index Scan on sbtest3_pkey  (cost=0.00..34.34 rows=991 width=0)
	                    Index Cond: ((id >= 7278188) AND (id <= 7279187))

table 4 : explain SELECT DISTINCT c FROM sbtest4 WHERE id BETWEEN 5387884 AND 5388883 ORDER BY c
	Unique  (cost=4112.16..4117.40 rows=1049 width=121)
	  ->  Sort  (cost=4112.16..4114.78 rows=1049 width=121)
	        Sort Key: c
	        ->  Bitmap Heap Scan on sbtest4  (cost=35.19..4059.52 rows=1049 width=121)
	              Recheck Cond: ((id >= 5387884) AND (id <= 5388883))
	              ->  Bitmap Index Scan on sbtest4_pkey  (cost=0.00..34.93 rows=1049 width=0)
	                    Index Cond: ((id >= 5387884) AND (id <= 5388883))

table 5 : explain SELECT DISTINCT c FROM sbtest5 WHERE id BETWEEN 3924430 AND 3925429 ORDER BY c
	Unique  (cost=4094.51..4099.73 rows=1044 width=121)
	  ->  Sort  (cost=4094.51..4097.12 rows=1044 width=121)
	        Sort Key: c
	        ->  Bitmap Heap Scan on sbtest5  (cost=35.14..4042.17 rows=1044 width=121)
	              Recheck Cond: ((id >= 3924430) AND (id <= 3925429))
	              ->  Bitmap Index Scan on sbtest5_pkey  (cost=0.00..34.88 rows=1044 width=0)
	                    Index Cond: ((id >= 3924430) AND (id <= 3925429))

table 6 : explain SELECT DISTINCT c FROM sbtest6 WHERE id BETWEEN 132530 AND 133529 ORDER BY c
	Unique  (cost=4119.88..4125.14 rows=1051 width=121)
	  ->  Sort  (cost=4119.88..4122.51 rows=1051 width=121)
	        Sort Key: c
	        ->  Bitmap Heap Scan on sbtest6  (cost=35.21..4067.13 rows=1051 width=121)
	              Recheck Cond: ((id >= 132530) AND (id <= 133529))
	              ->  Bitmap Index Scan on sbtest6_pkey  (cost=0.00..34.95 rows=1051 width=0)
	                    Index Cond: ((id >= 132530) AND (id <= 133529))

table 7 : explain SELECT DISTINCT c FROM sbtest7 WHERE id BETWEEN 2953562 AND 2954561 ORDER BY c
	Unique  (cost=3810.91..3815.76 rows=970 width=121)
	  ->  Sort  (cost=3810.91..3813.34 rows=970 width=121)
	        Sort Key: c
	        ->  Bitmap Heap Scan on sbtest7  (cost=34.38..3762.79 rows=970 width=121)
	              Recheck Cond: ((id >= 2953562) AND (id <= 2954561))
	              ->  Bitmap Index Scan on sbtest7_pkey  (cost=0.00..34.14 rows=970 width=0)
	                    Index Cond: ((id >= 2953562) AND (id <= 2954561))

table 8 : explain SELECT DISTINCT c FROM sbtest8 WHERE id BETWEEN 6609036 AND 6610035 ORDER BY c
	Unique  (cost=4209.28..4214.65 rows=1074 width=121)
	  ->  Sort  (cost=4209.28..4211.97 rows=1074 width=121)
	        Sort Key: c
	        ->  Bitmap Heap Scan on sbtest8  (cost=35.44..4155.21 rows=1074 width=121)
	              Recheck Cond: ((id >= 6609036) AND (id <= 6610035))
	              ->  Bitmap Index Scan on sbtest8_pkey  (cost=0.00..35.18 rows=1074 width=0)
	                    Index Cond: ((id >= 6609036) AND (id <= 6610035))

explain: for point_selects :: explain SELECT c FROM sbtest%u WHERE id=%u
for: sum_ranges
table 1 : explain SELECT SUM(k) FROM sbtest1 WHERE id BETWEEN 8728223 AND 8729222
	Aggregate  (cost=3810.51..3810.52 rows=1 width=8)
	  ->  Bitmap Heap Scan on sbtest1  (cost=34.49..3808.05 rows=981 width=4)
	        Recheck Cond: ((id >= 8728223) AND (id <= 8729222))
	        ->  Bitmap Index Scan on sbtest1_pkey  (cost=0.00..34.25 rows=981 width=0)
	              Index Cond: ((id >= 8728223) AND (id <= 8729222))

table 2 : explain SELECT SUM(k) FROM sbtest2 WHERE id BETWEEN 8566286 AND 8567285
	Aggregate  (cost=3578.00..3578.01 rows=1 width=8)
	  ->  Bitmap Heap Scan on sbtest2  (cost=29.89..3575.69 rows=922 width=4)
	        Recheck Cond: ((id >= 8566286) AND (id <= 8567285))
	        ->  Bitmap Index Scan on sbtest2_pkey  (cost=0.00..29.65 rows=922 width=0)
	              Index Cond: ((id >= 8566286) AND (id <= 8567285))

table 3 : explain SELECT SUM(k) FROM sbtest3 WHERE id BETWEEN 3440945 AND 3441944
	Aggregate  (cost=3985.38..3985.39 rows=1 width=8)
	  ->  Bitmap Heap Scan on sbtest3  (cost=34.98..3982.81 rows=1029 width=4)
	        Recheck Cond: ((id >= 3440945) AND (id <= 3441944))
	        ->  Bitmap Index Scan on sbtest3_pkey  (cost=0.00..34.73 rows=1029 width=0)
	              Index Cond: ((id >= 3440945) AND (id <= 3441944))

table 4 : explain SELECT SUM(k) FROM sbtest4 WHERE id BETWEEN 6281470 AND 6282469
	Aggregate  (cost=3529.76..3529.77 rows=1 width=8)
	  ->  Bitmap Heap Scan on sbtest4  (cost=29.75..3527.48 rows=909 width=4)
	        Recheck Cond: ((id >= 6281470) AND (id <= 6282469))
	        ->  Bitmap Index Scan on sbtest4_pkey  (cost=0.00..29.52 rows=909 width=0)
	              Index Cond: ((id >= 6281470) AND (id <= 6282469))

table 5 : explain SELECT SUM(k) FROM sbtest5 WHERE id BETWEEN 1208622 AND 1209621
	Aggregate  (cost=3587.70..3587.71 rows=1 width=8)
	  ->  Bitmap Heap Scan on sbtest5  (cost=29.91..3585.39 rows=924 width=4)
	        Recheck Cond: ((id >= 1208622) AND (id <= 1209621))
	        ->  Bitmap Index Scan on sbtest5_pkey  (cost=0.00..29.68 rows=924 width=0)
	              Index Cond: ((id >= 1208622) AND (id <= 1209621))

table 6 : explain SELECT SUM(k) FROM sbtest6 WHERE id BETWEEN 5697969 AND 5698968
	Aggregate  (cost=4291.69..4291.70 rows=1 width=8)
	  ->  Bitmap Heap Scan on sbtest6  (cost=35.81..4288.91 rows=1110 width=4)
	        Recheck Cond: ((id >= 5697969) AND (id <= 5698968))
	        ->  Bitmap Index Scan on sbtest6_pkey  (cost=0.00..35.54 rows=1110 width=0)
	              Index Cond: ((id >= 5697969) AND (id <= 5698968))

table 7 : explain SELECT SUM(k) FROM sbtest7 WHERE id BETWEEN 2374182 AND 2375181
	Aggregate  (cost=4146.02..4146.03 rows=1 width=8)
	  ->  Bitmap Heap Scan on sbtest7  (cost=35.41..4143.34 rows=1071 width=4)
	        Recheck Cond: ((id >= 2374182) AND (id <= 2375181))
	        ->  Bitmap Index Scan on sbtest7_pkey  (cost=0.00..35.15 rows=1071 width=0)
	              Index Cond: ((id >= 2374182) AND (id <= 2375181))

table 8 : explain SELECT SUM(k) FROM sbtest8 WHERE id BETWEEN 6719539 AND 6720538
	Aggregate  (cost=3961.98..3961.99 rows=1 width=8)
	  ->  Bitmap Heap Scan on sbtest8  (cost=34.91..3959.42 rows=1022 width=4)
	        Recheck Cond: ((id >= 6719539) AND (id <= 6720538))
	        ->  Bitmap Index Scan on sbtest8_pkey  (cost=0.00..34.66 rows=1022 width=0)
	              Index Cond: ((id >= 6719539) AND (id <= 6720538))

explain: for point_selects :: explain SELECT c FROM sbtest%u WHERE id=%u
for: order_ranges
table 1 : explain SELECT c FROM sbtest1 WHERE id BETWEEN 4731875 AND 4732874 ORDER BY c
	Sort  (cost=3933.49..3935.99 rows=1001 width=121)
	  Sort Key: c
	  ->  Bitmap Heap Scan on sbtest1  (cost=34.70..3883.60 rows=1001 width=121)
	        Recheck Cond: ((id >= 4731875) AND (id <= 4732874))
	        ->  Bitmap Index Scan on sbtest1_pkey  (cost=0.00..34.45 rows=1001 width=0)
	              Index Cond: ((id >= 4731875) AND (id <= 4732874))

table 2 : explain SELECT c FROM sbtest2 WHERE id BETWEEN 831206 AND 832205 ORDER BY c
	Sort  (cost=3847.26..3849.71 rows=980 width=121)
	  Sort Key: c
	  ->  Bitmap Heap Scan on sbtest2  (cost=34.48..3798.58 rows=980 width=121)
	        Recheck Cond: ((id >= 831206) AND (id <= 832205))
	        ->  Bitmap Index Scan on sbtest2_pkey  (cost=0.00..34.23 rows=980 width=0)
	              Index Cond: ((id >= 831206) AND (id <= 832205))

table 3 : explain SELECT c FROM sbtest3 WHERE id BETWEEN 5901999 AND 5902998 ORDER BY c
	Sort  (cost=4122.14..4124.77 rows=1052 width=121)
	  Sort Key: c
	  ->  Bitmap Heap Scan on sbtest3  (cost=35.22..4069.33 rows=1052 width=121)
	        Recheck Cond: ((id >= 5901999) AND (id <= 5902998))
	        ->  Bitmap Index Scan on sbtest3_pkey  (cost=0.00..34.95 rows=1052 width=0)
	              Index Cond: ((id >= 5901999) AND (id <= 5902998))

table 4 : explain SELECT c FROM sbtest4 WHERE id BETWEEN 5099523 AND 5100522 ORDER BY c
	Sort  (cost=3656.71..3659.03 rows=930 width=121)
	  Sort Key: c
	  ->  Bitmap Heap Scan on sbtest4  (cost=33.97..3610.85 rows=930 width=121)
	        Recheck Cond: ((id >= 5099523) AND (id <= 5100522))
	        ->  Bitmap Index Scan on sbtest4_pkey  (cost=0.00..33.73 rows=930 width=0)
	              Index Cond: ((id >= 5099523) AND (id <= 5100522))

table 5 : explain SELECT c FROM sbtest5 WHERE id BETWEEN 3144148 AND 3145147 ORDER BY c
	Sort  (cost=3998.90..4001.45 rows=1019 width=121)
	  Sort Key: c
	  ->  Bitmap Heap Scan on sbtest5  (cost=34.88..3947.99 rows=1019 width=121)
	        Recheck Cond: ((id >= 3144148) AND (id <= 3145147))
	        ->  Bitmap Index Scan on sbtest5_pkey  (cost=0.00..34.62 rows=1019 width=0)
	              Index Cond: ((id >= 3144148) AND (id <= 3145147))

table 6 : explain SELECT c FROM sbtest6 WHERE id BETWEEN 9293625 AND 9294624 ORDER BY c
	Sort  (cost=3583.73..3586.01 rows=912 width=121)
	  Sort Key: c
	  ->  Bitmap Heap Scan on sbtest6  (cost=29.78..3538.89 rows=912 width=121)
	        Recheck Cond: ((id >= 9293625) AND (id <= 9294624))
	        ->  Bitmap Index Scan on sbtest6_pkey  (cost=0.00..29.55 rows=912 width=0)
	              Index Cond: ((id >= 9293625) AND (id <= 9294624))

table 7 : explain SELECT c FROM sbtest7 WHERE id BETWEEN 8612228 AND 8613227 ORDER BY c
	Sort  (cost=4006.14..4008.69 rows=1021 width=121)
	  Sort Key: c
	  ->  Bitmap Heap Scan on sbtest7  (cost=34.90..3955.11 rows=1021 width=121)
	        Recheck Cond: ((id >= 8612228) AND (id <= 8613227))
	        ->  Bitmap Index Scan on sbtest7_pkey  (cost=0.00..34.65 rows=1021 width=0)
	              Index Cond: ((id >= 8612228) AND (id <= 8613227))

table 8 : explain SELECT c FROM sbtest8 WHERE id BETWEEN 7903959 AND 7904958 ORDER BY c
	Sort  (cost=3911.00..3913.49 rows=996 width=121)
	  Sort Key: c
	  ->  Bitmap Heap Scan on sbtest8  (cost=34.64..3861.40 rows=996 width=121)
	        Recheck Cond: ((id >= 7903959) AND (id <= 7904958))
	        ->  Bitmap Index Scan on sbtest8_pkey  (cost=0.00..34.40 rows=996 width=0)
	              Index Cond: ((id >= 7903959) AND (id <= 7904958))

for: order_ranges
table 1 : explain SELECT c FROM sbtest1 WHERE id BETWEEN 3839416 AND 3840415 ORDER BY c
	Sort  (cost=3664.72..3667.05 rows=932 width=121)
	  Sort Key: c
	  ->  Bitmap Heap Scan on sbtest1  (cost=29.99..3618.75 rows=932 width=121)
	        Recheck Cond: ((id >= 3839416) AND (id <= 3840415))
	        ->  Bitmap Index Scan on sbtest1_pkey  (cost=0.00..29.75 rows=932 width=0)
	              Index Cond: ((id >= 3839416) AND (id <= 3840415))

table 2 : explain SELECT c FROM sbtest2 WHERE id BETWEEN 1203715 AND 1204714 ORDER BY c
	Sort  (cost=4214.09..4216.78 rows=1076 width=121)
	  Sort Key: c
	  ->  Bitmap Heap Scan on sbtest2  (cost=35.46..4159.90 rows=1076 width=121)
	        Recheck Cond: ((id >= 1203715) AND (id <= 1204714))
	        ->  Bitmap Index Scan on sbtest2_pkey  (cost=0.00..35.20 rows=1076 width=0)
	              Index Cond: ((id >= 1203715) AND (id <= 1204714))

table 3 : explain SELECT c FROM sbtest3 WHERE id BETWEEN 4099516 AND 4100515 ORDER BY c
	Sort  (cost=4007.55..4010.11 rows=1022 width=121)
	  Sort Key: c
	  ->  Bitmap Heap Scan on sbtest3  (cost=34.91..3956.47 rows=1022 width=121)
	        Recheck Cond: ((id >= 4099516) AND (id <= 4100515))
	        ->  Bitmap Index Scan on sbtest3_pkey  (cost=0.00..34.66 rows=1022 width=0)
	              Index Cond: ((id >= 4099516) AND (id <= 4100515))

table 4 : explain SELECT c FROM sbtest4 WHERE id BETWEEN 1777928 AND 1778927 ORDER BY c
	Sort  (cost=4173.26..4175.93 rows=1065 width=121)
	  Sort Key: c
	  ->  Bitmap Heap Scan on sbtest4  (cost=35.35..4119.71 rows=1065 width=121)
	        Recheck Cond: ((id >= 1777928) AND (id <= 1778927))
	        ->  Bitmap Index Scan on sbtest4_pkey  (cost=0.00..35.09 rows=1065 width=0)
	              Index Cond: ((id >= 1777928) AND (id <= 1778927))

table 5 : explain SELECT c FROM sbtest5 WHERE id BETWEEN 7990512 AND 7991511 ORDER BY c
	Sort  (cost=4029.51..4032.07 rows=1027 width=121)
	  Sort Key: c
	  ->  Bitmap Heap Scan on sbtest5  (cost=34.96..3978.14 rows=1027 width=121)
	        Recheck Cond: ((id >= 7990512) AND (id <= 7991511))
	        ->  Bitmap Index Scan on sbtest5_pkey  (cost=0.00..34.70 rows=1027 width=0)
	              Index Cond: ((id >= 7990512) AND (id <= 7991511))

table 6 : explain SELECT c FROM sbtest6 WHERE id BETWEEN 1806680 AND 1807679 ORDER BY c
	Sort  (cost=4230.61..4233.31 rows=1080 width=121)
	  Sort Key: c
	  ->  Bitmap Heap Scan on sbtest6  (cost=35.51..4176.20 rows=1080 width=121)
	        Recheck Cond: ((id >= 1806680) AND (id <= 1807679))
	        ->  Bitmap Index Scan on sbtest6_pkey  (cost=0.00..35.23 rows=1080 width=0)
	              Index Cond: ((id >= 1806680) AND (id <= 1807679))

table 7 : explain SELECT c FROM sbtest7 WHERE id BETWEEN 4382252 AND 4383251 ORDER BY c
	Sort  (cost=4006.14..4008.69 rows=1021 width=121)
	  Sort Key: c
	  ->  Bitmap Heap Scan on sbtest7  (cost=34.90..3955.11 rows=1021 width=121)
	        Recheck Cond: ((id >= 4382252) AND (id <= 4383251))
	        ->  Bitmap Index Scan on sbtest7_pkey  (cost=0.00..34.65 rows=1021 width=0)
	              Index Cond: ((id >= 4382252) AND (id <= 4383251))

table 8 : explain SELECT c FROM sbtest8 WHERE id BETWEEN 951143 AND 952142 ORDER BY c
	Sort  (cost=4167.26..4169.92 rows=1063 width=121)
	  Sort Key: c
	  ->  Bitmap Heap Scan on sbtest8  (cost=35.33..4113.82 rows=1063 width=121)
	        Recheck Cond: ((id >= 951143) AND (id <= 952142))
	        ->  Bitmap Index Scan on sbtest8_pkey  (cost=0.00..35.07 rows=1063 width=0)
	              Index Cond: ((id >= 951143) AND (id <= 952142))

for: order_ranges
table 1 : explain SELECT c FROM sbtest1 WHERE id BETWEEN 9470261 AND 9471260 ORDER BY c
	Sort  (cost=3737.84..3740.22 rows=950 width=121)
	  Sort Key: c
	  ->  Bitmap Heap Scan on sbtest1  (cost=34.17..3690.86 rows=950 width=121)
	        Recheck Cond: ((id >= 9470261) AND (id <= 9471260))
	        ->  Bitmap Index Scan on sbtest1_pkey  (cost=0.00..33.94 rows=950 width=0)
	              Index Cond: ((id >= 9470261) AND (id <= 9471260))

table 2 : explain SELECT c FROM sbtest2 WHERE id BETWEEN 4848566 AND 4849565 ORDER BY c
	Sort  (cost=4179.74..4182.41 rows=1067 width=121)
	  Sort Key: c
	  ->  Bitmap Heap Scan on sbtest2  (cost=35.37..4126.08 rows=1067 width=121)
	        Recheck Cond: ((id >= 4848566) AND (id <= 4849565))
	        ->  Bitmap Index Scan on sbtest2_pkey  (cost=0.00..35.11 rows=1067 width=0)
	              Index Cond: ((id >= 4848566) AND (id <= 4849565))

table 3 : explain SELECT c FROM sbtest3 WHERE id BETWEEN 9866015 AND 9867014 ORDER BY c
	Sort  (cost=3758.91..3761.30 rows=957 width=121)
	  Sort Key: c
	  ->  Bitmap Heap Scan on sbtest3  (cost=34.24..3711.53 rows=957 width=121)
	        Recheck Cond: ((id >= 9866015) AND (id <= 9867014))
	        ->  Bitmap Index Scan on sbtest3_pkey  (cost=0.00..34.01 rows=957 width=0)
	              Index Cond: ((id >= 9866015) AND (id <= 9867014))

table 4 : explain SELECT c FROM sbtest4 WHERE id BETWEEN 6859982 AND 6860981 ORDER BY c
	Sort  (cost=3886.56..3889.04 rows=990 width=121)
	  Sort Key: c
	  ->  Bitmap Heap Scan on sbtest4  (cost=34.58..3837.30 rows=990 width=121)
	        Recheck Cond: ((id >= 6859982) AND (id <= 6860981))
	        ->  Bitmap Index Scan on sbtest4_pkey  (cost=0.00..34.34 rows=990 width=0)
	              Index Cond: ((id >= 6859982) AND (id <= 6860981))

table 5 : explain SELECT c FROM sbtest5 WHERE id BETWEEN 5189598 AND 5190597 ORDER BY c
	Sort  (cost=3933.85..3936.35 rows=1002 width=121)
	  Sort Key: c
	  ->  Bitmap Heap Scan on sbtest5  (cost=34.71..3883.91 rows=1002 width=121)
	        Recheck Cond: ((id >= 5189598) AND (id <= 5190597))
	        ->  Bitmap Index Scan on sbtest5_pkey  (cost=0.00..34.45 rows=1002 width=0)
	              Index Cond: ((id >= 5189598) AND (id <= 5190597))

table 6 : explain SELECT c FROM sbtest6 WHERE id BETWEEN 6166591 AND 6167590 ORDER BY c
	Sort  (cost=4051.10..4053.68 rows=1033 width=121)
	  Sort Key: c
	  ->  Bitmap Heap Scan on sbtest6  (cost=35.02..3999.39 rows=1033 width=121)
	        Recheck Cond: ((id >= 6166591) AND (id <= 6167590))
	        ->  Bitmap Index Scan on sbtest6_pkey  (cost=0.00..34.77 rows=1033 width=0)
	              Index Cond: ((id >= 6166591) AND (id <= 6167590))

table 7 : explain SELECT c FROM sbtest7 WHERE id BETWEEN 3061928 AND 3062927 ORDER BY c
	Sort  (cost=3780.26..3782.66 rows=962 width=121)
	  Sort Key: c
	  ->  Bitmap Heap Scan on sbtest7  (cost=34.30..3732.59 rows=962 width=121)
	        Recheck Cond: ((id >= 3061928) AND (id <= 3062927))
	        ->  Bitmap Index Scan on sbtest7_pkey  (cost=0.00..34.06 rows=962 width=0)
	              Index Cond: ((id >= 3061928) AND (id <= 3062927))

table 8 : explain SELECT c FROM sbtest8 WHERE id BETWEEN 6842345 AND 6843344 ORDER BY c
	Sort  (cost=4148.16..4150.80 rows=1058 width=121)
	  Sort Key: c
	  ->  Bitmap Heap Scan on sbtest8  (cost=35.28..4095.01 rows=1058 width=121)
	        Recheck Cond: ((id >= 6842345) AND (id <= 6843344))
	        ->  Bitmap Index Scan on sbtest8_pkey  (cost=0.00..35.02 rows=1058 width=0)
	              Index Cond: ((id >= 6842345) AND (id <= 6843344))

explain: for point_selects :: explain SELECT c FROM sbtest%u WHERE id=%u
for point_selects
table 1 : explain SELECT c FROM sbtest1 WHERE id=8008301
	Index Scan using sbtest1_pkey on sbtest1  (cost=0.43..8.45 rows=1 width=121)
	  Index Cond: (id = 8008301)

table 2 : explain SELECT c FROM sbtest2 WHERE id=4274097
	Index Scan using sbtest2_pkey on sbtest2  (cost=0.43..8.45 rows=1 width=121)
	  Index Cond: (id = 4274097)

table 3 : explain SELECT c FROM sbtest3 WHERE id=6532909
	Index Scan using sbtest3_pkey on sbtest3  (cost=0.43..8.45 rows=1 width=121)
	  Index Cond: (id = 6532909)

table 4 : explain SELECT c FROM sbtest4 WHERE id=567238
	Index Scan using sbtest4_pkey on sbtest4  (cost=0.43..8.45 rows=1 width=121)
	  Index Cond: (id = 567238)

table 5 : explain SELECT c FROM sbtest5 WHERE id=8102111
	Index Scan using sbtest5_pkey on sbtest5  (cost=0.43..8.45 rows=1 width=121)
	  Index Cond: (id = 8102111)

table 6 : explain SELECT c FROM sbtest6 WHERE id=1193685
	Index Scan using sbtest6_pkey on sbtest6  (cost=0.43..8.45 rows=1 width=121)
	  Index Cond: (id = 1193685)

table 7 : explain SELECT c FROM sbtest7 WHERE id=4713231
	Index Scan using sbtest7_pkey on sbtest7  (cost=0.43..8.45 rows=1 width=121)
	  Index Cond: (id = 4713231)

table 8 : explain SELECT c FROM sbtest8 WHERE id=2049994
	Index Scan using sbtest8_pkey on sbtest8  (cost=0.43..8.45 rows=1 width=121)
	  Index Cond: (id = 2049994)

for: order_ranges
table 1 : explain SELECT c FROM sbtest1 WHERE id BETWEEN 9303769 AND 9304768 ORDER BY c
	Sort  (cost=4224.47..4227.16 rows=1077 width=121)
	  Sort Key: c
	  ->  Bitmap Heap Scan on sbtest1  (cost=35.47..4170.23 rows=1077 width=121)
	        Recheck Cond: ((id >= 9303769) AND (id <= 9304768))
	        ->  Bitmap Index Scan on sbtest1_pkey  (cost=0.00..35.20 rows=1077 width=0)
	              Index Cond: ((id >= 9303769) AND (id <= 9304768))

table 2 : explain SELECT c FROM sbtest2 WHERE id BETWEEN 7173622 AND 7174621 ORDER BY c
	Sort  (cost=4095.75..4098.37 rows=1045 width=121)
	  Sort Key: c
	  ->  Bitmap Heap Scan on sbtest2  (cost=35.15..4043.35 rows=1045 width=121)
	        Recheck Cond: ((id >= 7173622) AND (id <= 7174621))
	        ->  Bitmap Index Scan on sbtest2_pkey  (cost=0.00..34.89 rows=1045 width=0)
	              Index Cond: ((id >= 7173622) AND (id <= 7174621))

table 3 : explain SELECT c FROM sbtest3 WHERE id BETWEEN 6687563 AND 6688562 ORDER BY c
	Sort  (cost=4354.88..4357.66 rows=1114 width=121)
	  Sort Key: c
	  ->  Bitmap Heap Scan on sbtest3  (cost=35.85..4298.50 rows=1114 width=121)
	        Recheck Cond: ((id >= 6687563) AND (id <= 6688562))
	        ->  Bitmap Index Scan on sbtest3_pkey  (cost=0.00..35.58 rows=1114 width=0)
	              Index Cond: ((id >= 6687563) AND (id <= 6688562))

table 4 : explain SELECT c FROM sbtest4 WHERE id BETWEEN 2221649 AND 2222648 ORDER BY c
	Sort  (cost=3641.37..3643.68 rows=926 width=121)
	  Sort Key: c
	  ->  Bitmap Heap Scan on sbtest4  (cost=33.93..3595.74 rows=926 width=121)
	        Recheck Cond: ((id >= 2221649) AND (id <= 2222648))
	        ->  Bitmap Index Scan on sbtest4_pkey  (cost=0.00..33.70 rows=926 width=0)
	              Index Cond: ((id >= 2221649) AND (id <= 2222648))

table 5 : explain SELECT c FROM sbtest5 WHERE id BETWEEN 4522559 AND 4523558 ORDER BY c
	Sort  (cost=3960.64..3963.16 rows=1009 width=121)
	  Sort Key: c
	  ->  Bitmap Heap Scan on sbtest5  (cost=34.78..3910.30 rows=1009 width=121)
	        Recheck Cond: ((id >= 4522559) AND (id <= 4523558))
	        ->  Bitmap Index Scan on sbtest5_pkey  (cost=0.00..34.53 rows=1009 width=0)
	              Index Cond: ((id >= 4522559) AND (id <= 4523558))

table 6 : explain SELECT c FROM sbtest6 WHERE id BETWEEN 9574857 AND 9575856 ORDER BY c
	Sort  (cost=3909.60..3912.09 rows=996 width=121)
	  Sort Key: c
	  ->  Bitmap Heap Scan on sbtest6  (cost=34.64..3860.00 rows=996 width=121)
	        Recheck Cond: ((id >= 9574857) AND (id <= 9575856))
	        ->  Bitmap Index Scan on sbtest6_pkey  (cost=0.00..34.40 rows=996 width=0)
	              Index Cond: ((id >= 9574857) AND (id <= 9575856))

table 7 : explain SELECT c FROM sbtest7 WHERE id BETWEEN 8167608 AND 8168607 ORDER BY c
	Sort  (cost=4189.60..4192.27 rows=1069 width=121)
	  Sort Key: c
	  ->  Bitmap Heap Scan on sbtest7  (cost=35.39..4135.82 rows=1069 width=121)
	        Recheck Cond: ((id >= 8167608) AND (id <= 8168607))
	        ->  Bitmap Index Scan on sbtest7_pkey  (cost=0.00..35.12 rows=1069 width=0)
	              Index Cond: ((id >= 8167608) AND (id <= 8168607))

table 8 : explain SELECT c FROM sbtest8 WHERE id BETWEEN 4176899 AND 4177898 ORDER BY c
	Sort  (cost=4083.18..4085.78 rows=1041 width=121)
	  Sort Key: c
	  ->  Bitmap Heap Scan on sbtest8  (cost=35.11..4031.00 rows=1041 width=121)
	        Recheck Cond: ((id >= 4176899) AND (id <= 4177898))
	        ->  Bitmap Index Scan on sbtest8_pkey  (cost=0.00..34.84 rows=1041 width=0)
	              Index Cond: ((id >= 4176899) AND (id <= 4177898))

for: distinct_ranges
table 1 : explain SELECT DISTINCT c FROM sbtest1 WHERE id BETWEEN 7578838 AND 7579837 ORDER BY c
	Unique  (cost=3956.48..3961.52 rows=1007 width=121)
	  ->  Sort  (cost=3956.48..3959.00 rows=1007 width=121)
	        Sort Key: c
	        ->  Bitmap Heap Scan on sbtest1  (cost=34.76..3906.26 rows=1007 width=121)
	              Recheck Cond: ((id >= 7578838) AND (id <= 7579837))
	              ->  Bitmap Index Scan on sbtest1_pkey  (cost=0.00..34.51 rows=1007 width=0)
	                    Index Cond: ((id >= 7578838) AND (id <= 7579837))

table 2 : explain SELECT DISTINCT c FROM sbtest2 WHERE id BETWEEN 3834790 AND 3835789 ORDER BY c
	Unique  (cost=4160.66..4165.97 rows=1062 width=121)
	  ->  Sort  (cost=4160.66..4163.32 rows=1062 width=121)
	        Sort Key: c
	        ->  Bitmap Heap Scan on sbtest2  (cost=35.32..4107.28 rows=1062 width=121)
	              Recheck Cond: ((id >= 3834790) AND (id <= 3835789))
	              ->  Bitmap Index Scan on sbtest2_pkey  (cost=0.00..35.06 rows=1062 width=0)
	                    Index Cond: ((id >= 3834790) AND (id <= 3835789))

table 3 : explain SELECT DISTINCT c FROM sbtest3 WHERE id BETWEEN 5913141 AND 5914140 ORDER BY c
	Unique  (cost=4122.14..4127.40 rows=1052 width=121)
	  ->  Sort  (cost=4122.14..4124.77 rows=1052 width=121)
	        Sort Key: c
	        ->  Bitmap Heap Scan on sbtest3  (cost=35.22..4069.33 rows=1052 width=121)
	              Recheck Cond: ((id >= 5913141) AND (id <= 5914140))
	              ->  Bitmap Index Scan on sbtest3_pkey  (cost=0.00..34.95 rows=1052 width=0)
	                    Index Cond: ((id >= 5913141) AND (id <= 5914140))

table 4 : explain SELECT DISTINCT c FROM sbtest4 WHERE id BETWEEN 8455354 AND 8456353 ORDER BY c
	Unique  (cost=4112.16..4117.40 rows=1049 width=121)
	  ->  Sort  (cost=4112.16..4114.78 rows=1049 width=121)
	        Sort Key: c
	        ->  Bitmap Heap Scan on sbtest4  (cost=35.19..4059.52 rows=1049 width=121)
	              Recheck Cond: ((id >= 8455354) AND (id <= 8456353))
	              ->  Bitmap Index Scan on sbtest4_pkey  (cost=0.00..34.93 rows=1049 width=0)
	                    Index Cond: ((id >= 8455354) AND (id <= 8456353))

table 5 : explain SELECT DISTINCT c FROM sbtest5 WHERE id BETWEEN 3254844 AND 3255843 ORDER BY c
	Unique  (cost=3930.02..3935.03 rows=1001 width=121)
	  ->  Sort  (cost=3930.02..3932.52 rows=1001 width=121)
	        Sort Key: c
	        ->  Bitmap Heap Scan on sbtest5  (cost=34.70..3880.13 rows=1001 width=121)
	              Recheck Cond: ((id >= 3254844) AND (id <= 3255843))
	              ->  Bitmap Index Scan on sbtest5_pkey  (cost=0.00..34.45 rows=1001 width=0)
	                    Index Cond: ((id >= 3254844) AND (id <= 3255843))

table 6 : explain SELECT DISTINCT c FROM sbtest6 WHERE id BETWEEN 4872084 AND 4873083 ORDER BY c
	Unique  (cost=4135.16..4140.44 rows=1055 width=121)
	  ->  Sort  (cost=4135.16..4137.80 rows=1055 width=121)
	        Sort Key: c
	        ->  Bitmap Heap Scan on sbtest6  (cost=35.25..4082.18 rows=1055 width=121)
	              Recheck Cond: ((id >= 4872084) AND (id <= 4873083))
	              ->  Bitmap Index Scan on sbtest6_pkey  (cost=0.00..34.98 rows=1055 width=0)
	                    Index Cond: ((id >= 4872084) AND (id <= 4873083))

table 7 : explain SELECT DISTINCT c FROM sbtest7 WHERE id BETWEEN 8763491 AND 8764490 ORDER BY c
	Unique  (cost=3967.88..3972.94 rows=1011 width=121)
	  ->  Sort  (cost=3967.88..3970.41 rows=1011 width=121)
	        Sort Key: c
	        ->  Bitmap Heap Scan on sbtest7  (cost=34.80..3917.43 rows=1011 width=121)
	              Recheck Cond: ((id >= 8763491) AND (id <= 8764490))
	              ->  Bitmap Index Scan on sbtest7_pkey  (cost=0.00..34.55 rows=1011 width=0)
	                    Index Cond: ((id >= 8763491) AND (id <= 8764490))

table 8 : explain SELECT DISTINCT c FROM sbtest8 WHERE id BETWEEN 1291234 AND 1292233 ORDER BY c
	Unique  (cost=3784.59..3789.41 rows=963 width=121)
	  ->  Sort  (cost=3784.59..3787.00 rows=963 width=121)
	        Sort Key: c
	        ->  Bitmap Heap Scan on sbtest8  (cost=34.31..3736.87 rows=963 width=121)
	              Recheck Cond: ((id >= 1291234) AND (id <= 1292233))
	              ->  Bitmap Index Scan on sbtest8_pkey  (cost=0.00..34.07 rows=963 width=0)
	                    Index Cond: ((id >= 1291234) AND (id <= 1292233))

for: distinct_ranges
table 1 : explain SELECT DISTINCT c FROM sbtest1 WHERE id BETWEEN 3784149 AND 3785148 ORDER BY c
	Unique  (cost=3664.72..3669.38 rows=932 width=121)
	  ->  Sort  (cost=3664.72..3667.05 rows=932 width=121)
	        Sort Key: c
	        ->  Bitmap Heap Scan on sbtest1  (cost=29.99..3618.75 rows=932 width=121)
	              Recheck Cond: ((id >= 3784149) AND (id <= 3785148))
	              ->  Bitmap Index Scan on sbtest1_pkey  (cost=0.00..29.75 rows=932 width=0)
	                    Index Cond: ((id >= 3784149) AND (id <= 3785148))

table 2 : explain SELECT DISTINCT c FROM sbtest2 WHERE id BETWEEN 7571106 AND 7572105 ORDER BY c
	Unique  (cost=4183.56..4188.90 rows=1068 width=121)
	  ->  Sort  (cost=4183.56..4186.23 rows=1068 width=121)
	        Sort Key: c
	        ->  Bitmap Heap Scan on sbtest2  (cost=35.38..4129.84 rows=1068 width=121)
	              Recheck Cond: ((id >= 7571106) AND (id <= 7572105))
	              ->  Bitmap Index Scan on sbtest2_pkey  (cost=0.00..35.12 rows=1068 width=0)
	                    Index Cond: ((id >= 7571106) AND (id <= 7572105))

table 3 : explain SELECT DISTINCT c FROM sbtest3 WHERE id BETWEEN 3382086 AND 3383085 ORDER BY c
	Unique  (cost=3789.54..3794.37 rows=965 width=121)
	  ->  Sort  (cost=3789.54..3791.95 rows=965 width=121)
	        Sort Key: c
	        ->  Bitmap Heap Scan on sbtest3  (cost=34.33..3741.70 rows=965 width=121)
	              Recheck Cond: ((id >= 3382086) AND (id <= 3383085))
	              ->  Bitmap Index Scan on sbtest3_pkey  (cost=0.00..34.09 rows=965 width=0)
	                    Index Cond: ((id >= 3382086) AND (id <= 3383085))

table 4 : explain SELECT DISTINCT c FROM sbtest4 WHERE id BETWEEN 4290044 AND 4291043 ORDER BY c
	Unique  (cost=3572.15..3576.70 rows=909 width=121)
	  ->  Sort  (cost=3572.15..3574.42 rows=909 width=121)
	        Sort Key: c
	        ->  Bitmap Heap Scan on sbtest4  (cost=29.75..3527.48 rows=909 width=121)
	              Recheck Cond: ((id >= 4290044) AND (id <= 4291043))
	              ->  Bitmap Index Scan on sbtest4_pkey  (cost=0.00..29.52 rows=909 width=0)
	                    Index Cond: ((id >= 4290044) AND (id <= 4291043))

table 5 : explain SELECT DISTINCT c FROM sbtest5 WHERE id BETWEEN 7873223 AND 7874222 ORDER BY c
	Unique  (cost=3945.33..3950.36 rows=1005 width=121)
	  ->  Sort  (cost=3945.33..3947.84 rows=1005 width=121)
	        Sort Key: c
	        ->  Bitmap Heap Scan on sbtest5  (cost=34.74..3895.22 rows=1005 width=121)
	              Recheck Cond: ((id >= 7873223) AND (id <= 7874222))
	              ->  Bitmap Index Scan on sbtest5_pkey  (cost=0.00..34.48 rows=1005 width=0)
	                    Index Cond: ((id >= 7873223) AND (id <= 7874222))

table 6 : explain SELECT DISTINCT c FROM sbtest6 WHERE id BETWEEN 4291812 AND 4292811 ORDER BY c
	Unique  (cost=4264.96..4270.40 rows=1089 width=121)
	  ->  Sort  (cost=4264.96..4267.68 rows=1089 width=121)
	        Sort Key: c
	        ->  Bitmap Heap Scan on sbtest6  (cost=35.60..4210.02 rows=1089 width=121)
	              Recheck Cond: ((id >= 4291812) AND (id <= 4292811))
	              ->  Bitmap Index Scan on sbtest6_pkey  (cost=0.00..35.33 rows=1089 width=0)
	                    Index Cond: ((id >= 4291812) AND (id <= 4292811))

table 7 : explain SELECT DISTINCT c FROM sbtest7 WHERE id BETWEEN 7949123 AND 7950122 ORDER BY c
	Unique  (cost=4235.42..4240.83 rows=1081 width=121)
	  ->  Sort  (cost=4235.42..4238.12 rows=1081 width=121)
	        Sort Key: c
	        ->  Bitmap Heap Scan on sbtest7  (cost=35.52..4180.95 rows=1081 width=121)
	              Recheck Cond: ((id >= 7949123) AND (id <= 7950122))
	              ->  Bitmap Index Scan on sbtest7_pkey  (cost=0.00..35.25 rows=1081 width=0)
	                    Index Cond: ((id >= 7949123) AND (id <= 7950122))

table 8 : explain SELECT DISTINCT c FROM sbtest8 WHERE id BETWEEN 7258912 AND 7259911 ORDER BY c
	Unique  (cost=3930.15..3935.15 rows=1001 width=121)
	  ->  Sort  (cost=3930.15..3932.65 rows=1001 width=121)
	        Sort Key: c
	        ->  Bitmap Heap Scan on sbtest8  (cost=34.70..3880.26 rows=1001 width=121)
	              Recheck Cond: ((id >= 7258912) AND (id <= 7259911))
	              ->  Bitmap Index Scan on sbtest8_pkey  (cost=0.00..34.45 rows=1001 width=0)
	                    Index Cond: ((id >= 7258912) AND (id <= 7259911))

for: distinct_ranges
table 1 : explain SELECT DISTINCT c FROM sbtest1 WHERE id BETWEEN 651139 AND 652138 ORDER BY c
	Unique  (cost=3814.60..3819.45 rows=970 width=121)
	  ->  Sort  (cost=3814.60..3817.03 rows=970 width=121)
	        Sort Key: c
	        ->  Bitmap Heap Scan on sbtest1  (cost=34.38..3766.48 rows=970 width=121)
	              Recheck Cond: ((id >= 651139) AND (id <= 652138))
	              ->  Bitmap Index Scan on sbtest1_pkey  (cost=0.00..34.14 rows=970 width=0)
	                    Index Cond: ((id >= 651139) AND (id <= 652138))

table 2 : explain SELECT DISTINCT c FROM sbtest2 WHERE id BETWEEN 7775929 AND 7776928 ORDER BY c
	Unique  (cost=3939.07..3944.09 rows=1004 width=121)
	  ->  Sort  (cost=3939.07..3941.58 rows=1004 width=121)
	        Sort Key: c
	        ->  Bitmap Heap Scan on sbtest2  (cost=34.73..3889.02 rows=1004 width=121)
	              Recheck Cond: ((id >= 7775929) AND (id <= 7776928))
	              ->  Bitmap Index Scan on sbtest2_pkey  (cost=0.00..34.48 rows=1004 width=0)
	                    Index Cond: ((id >= 7775929) AND (id <= 7776928))

table 3 : explain SELECT DISTINCT c FROM sbtest3 WHERE id BETWEEN 5085936 AND 5086935 ORDER BY c
	Unique  (cost=3904.33..3909.31 rows=995 width=121)
	  ->  Sort  (cost=3904.33..3906.82 rows=995 width=121)
	        Sort Key: c
	        ->  Bitmap Heap Scan on sbtest3  (cost=34.63..3854.79 rows=995 width=121)
	              Recheck Cond: ((id >= 5085936) AND (id <= 5086935))
	              ->  Bitmap Index Scan on sbtest3_pkey  (cost=0.00..34.39 rows=995 width=0)
	                    Index Cond: ((id >= 5085936) AND (id <= 5086935))

table 4 : explain SELECT DISTINCT c FROM sbtest4 WHERE id BETWEEN 6314213 AND 6315212 ORDER BY c
	Unique  (cost=3572.15..3576.70 rows=909 width=121)
	  ->  Sort  (cost=3572.15..3574.42 rows=909 width=121)
	        Sort Key: c
	        ->  Bitmap Heap Scan on sbtest4  (cost=29.75..3527.48 rows=909 width=121)
	              Recheck Cond: ((id >= 6314213) AND (id <= 6315212))
	              ->  Bitmap Index Scan on sbtest4_pkey  (cost=0.00..29.52 rows=909 width=0)
	                    Index Cond: ((id >= 6314213) AND (id <= 6315212))

table 5 : explain SELECT DISTINCT c FROM sbtest5 WHERE id BETWEEN 8125406 AND 8126405 ORDER BY c
	Unique  (cost=3757.64..3762.42 rows=956 width=121)
	  ->  Sort  (cost=3757.64..3760.03 rows=956 width=121)
	        Sort Key: c
	        ->  Bitmap Heap Scan on sbtest5  (cost=34.23..3710.32 rows=956 width=121)
	              Recheck Cond: ((id >= 8125406) AND (id <= 8126405))
	              ->  Bitmap Index Scan on sbtest5_pkey  (cost=0.00..34.00 rows=956 width=0)
	                    Index Cond: ((id >= 8125406) AND (id <= 8126405))

table 6 : explain SELECT DISTINCT c FROM sbtest6 WHERE id BETWEEN 4514420 AND 4515419 ORDER BY c
	Unique  (cost=3844.53..3849.42 rows=979 width=121)
	  ->  Sort  (cost=3844.53..3846.98 rows=979 width=121)
	        Sort Key: c
	        ->  Bitmap Heap Scan on sbtest6  (cost=34.47..3795.90 rows=979 width=121)
	              Recheck Cond: ((id >= 4514420) AND (id <= 4515419))
	              ->  Bitmap Index Scan on sbtest6_pkey  (cost=0.00..34.23 rows=979 width=0)
	                    Index Cond: ((id >= 4514420) AND (id <= 4515419))

table 7 : explain SELECT DISTINCT c FROM sbtest7 WHERE id BETWEEN 630182 AND 631181 ORDER BY c
	Unique  (cost=3837.73..3842.61 rows=977 width=121)
	  ->  Sort  (cost=3837.73..3840.17 rows=977 width=121)
	        Sort Key: c
	        ->  Bitmap Heap Scan on sbtest7  (cost=34.45..3789.21 rows=977 width=121)
	              Recheck Cond: ((id >= 630182) AND (id <= 631181))
	              ->  Bitmap Index Scan on sbtest7_pkey  (cost=0.00..34.20 rows=977 width=0)
	                    Index Cond: ((id >= 630182) AND (id <= 631181))

table 8 : explain SELECT DISTINCT c FROM sbtest8 WHERE id BETWEEN 4135862 AND 4136861 ORDER BY c
	Unique  (cost=4083.18..4088.38 rows=1041 width=121)
	  ->  Sort  (cost=4083.18..4085.78 rows=1041 width=121)
	        Sort Key: c
	        ->  Bitmap Heap Scan on sbtest8  (cost=35.11..4031.00 rows=1041 width=121)
	              Recheck Cond: ((id >= 4135862) AND (id <= 4136861))
	              ->  Bitmap Index Scan on sbtest8_pkey  (cost=0.00..34.84 rows=1041 width=0)
	                    Index Cond: ((id >= 4135862) AND (id <= 4136861))

for: sum_ranges
table 1 : explain SELECT SUM(k) FROM sbtest1 WHERE id BETWEEN 4686951 AND 4687950
	Aggregate  (cost=3886.10..3886.11 rows=1 width=8)
	  ->  Bitmap Heap Scan on sbtest1  (cost=34.70..3883.60 rows=1001 width=4)
	        Recheck Cond: ((id >= 4686951) AND (id <= 4687950))
	        ->  Bitmap Index Scan on sbtest1_pkey  (cost=0.00..34.45 rows=1001 width=0)
	              Index Cond: ((id >= 4686951) AND (id <= 4687950))

table 2 : explain SELECT SUM(k) FROM sbtest2 WHERE id BETWEEN 4687880 AND 4688879
	Aggregate  (cost=4230.26..4230.27 rows=1 width=8)
	  ->  Bitmap Heap Scan on sbtest2  (cost=35.65..4227.52 rows=1094 width=4)
	        Recheck Cond: ((id >= 4687880) AND (id <= 4688879))
	        ->  Bitmap Index Scan on sbtest2_pkey  (cost=0.00..35.38 rows=1094 width=0)
	              Index Cond: ((id >= 4687880) AND (id <= 4688879))

table 3 : explain SELECT SUM(k) FROM sbtest3 WHERE id BETWEEN 1178547 AND 1179546
	Aggregate  (cost=4120.87..4120.88 rows=1 width=8)
	  ->  Bitmap Heap Scan on sbtest3  (cost=35.35..4118.20 rows=1065 width=4)
	        Recheck Cond: ((id >= 1178547) AND (id <= 1179546))
	        ->  Bitmap Index Scan on sbtest3_pkey  (cost=0.00..35.09 rows=1065 width=0)
	              Index Cond: ((id >= 1178547) AND (id <= 1179546))

table 4 : explain SELECT SUM(k) FROM sbtest4 WHERE id BETWEEN 833861 AND 834860
	Aggregate  (cost=3730.31..3730.32 rows=1 width=8)
	  ->  Bitmap Heap Scan on sbtest4  (cost=34.29..3727.91 rows=961 width=4)
	        Recheck Cond: ((id >= 833861) AND (id <= 834860))
	        ->  Bitmap Index Scan on sbtest4_pkey  (cost=0.00..34.05 rows=961 width=0)
	              Index Cond: ((id >= 833861) AND (id <= 834860))

table 5 : explain SELECT SUM(k) FROM sbtest5 WHERE id BETWEEN 7904513 AND 7905512
	Aggregate  (cost=3897.73..3897.74 rows=1 width=8)
	  ->  Bitmap Heap Scan on sbtest5  (cost=34.74..3895.22 rows=1005 width=4)
	        Recheck Cond: ((id >= 7904513) AND (id <= 7905512))
	        ->  Bitmap Index Scan on sbtest5_pkey  (cost=0.00..34.48 rows=1005 width=0)
	              Index Cond: ((id >= 7904513) AND (id <= 7905512))

table 6 : explain SELECT SUM(k) FROM sbtest6 WHERE id BETWEEN 2647751 AND 2648750
	Aggregate  (cost=4152.56..4152.57 rows=1 width=8)
	  ->  Bitmap Heap Scan on sbtest6  (cost=35.43..4149.88 rows=1073 width=4)
	        Recheck Cond: ((id >= 2647751) AND (id <= 2648750))
	        ->  Bitmap Index Scan on sbtest6_pkey  (cost=0.00..35.17 rows=1073 width=0)
	              Index Cond: ((id >= 2647751) AND (id <= 2648750))

table 7 : explain SELECT SUM(k) FROM sbtest7 WHERE id BETWEEN 8972235 AND 8973234
	Aggregate  (cost=3912.41..3912.42 rows=1 width=8)
	  ->  Bitmap Heap Scan on sbtest7  (cost=34.78..3909.89 rows=1009 width=4)
	        Recheck Cond: ((id >= 8972235) AND (id <= 8973234))
	        ->  Bitmap Index Scan on sbtest7_pkey  (cost=0.00..34.53 rows=1009 width=0)
	              Index Cond: ((id >= 8972235) AND (id <= 8973234))

table 8 : explain SELECT SUM(k) FROM sbtest8 WHERE id BETWEEN 1405549 AND 1406548
	Aggregate  (cost=3992.14..3992.15 rows=1 width=8)
	  ->  Bitmap Heap Scan on sbtest8  (cost=34.99..3989.57 rows=1030 width=4)
	        Recheck Cond: ((id >= 1405549) AND (id <= 1406548))
	        ->  Bitmap Index Scan on sbtest8_pkey  (cost=0.00..34.73 rows=1030 width=0)
	              Index Cond: ((id >= 1405549) AND (id <= 1406548))

explain: for point_selects :: explain SELECT c FROM sbtest%u WHERE id=%u
for point_selects
table 1 : explain SELECT c FROM sbtest1 WHERE id=7438676
	Index Scan using sbtest1_pkey on sbtest1  (cost=0.43..8.45 rows=1 width=121)
	  Index Cond: (id = 7438676)

table 2 : explain SELECT c FROM sbtest2 WHERE id=8428703
	Index Scan using sbtest2_pkey on sbtest2  (cost=0.43..8.45 rows=1 width=121)
	  Index Cond: (id = 8428703)

table 3 : explain SELECT c FROM sbtest3 WHERE id=1331106
	Index Scan using sbtest3_pkey on sbtest3  (cost=0.43..8.45 rows=1 width=121)
	  Index Cond: (id = 1331106)

table 4 : explain SELECT c FROM sbtest4 WHERE id=6946998
	Index Scan using sbtest4_pkey on sbtest4  (cost=0.43..8.45 rows=1 width=121)
	  Index Cond: (id = 6946998)

table 5 : explain SELECT c FROM sbtest5 WHERE id=2819350
	Index Scan using sbtest5_pkey on sbtest5  (cost=0.43..8.45 rows=1 width=121)
	  Index Cond: (id = 2819350)

table 6 : explain SELECT c FROM sbtest6 WHERE id=8874575
	Index Scan using sbtest6_pkey on sbtest6  (cost=0.43..8.45 rows=1 width=121)
	  Index Cond: (id = 8874575)

table 7 : explain SELECT c FROM sbtest7 WHERE id=7821806
	Index Scan using sbtest7_pkey on sbtest7  (cost=0.43..8.45 rows=1 width=121)
	  Index Cond: (id = 7821806)

table 8 : explain SELECT c FROM sbtest8 WHERE id=3370589
	Index Scan using sbtest8_pkey on sbtest8  (cost=0.43..8.45 rows=1 width=121)
	  Index Cond: (id = 3370589)

for: order_ranges
table 1 : explain SELECT c FROM sbtest1 WHERE id BETWEEN 646565 AND 647564 ORDER BY c
	Sort  (cost=3814.60..3817.03 rows=970 width=121)
	  Sort Key: c
	  ->  Bitmap Heap Scan on sbtest1  (cost=34.38..3766.48 rows=970 width=121)
	        Recheck Cond: ((id >= 646565) AND (id <= 647564))
	        ->  Bitmap Index Scan on sbtest1_pkey  (cost=0.00..34.14 rows=970 width=0)
	              Index Cond: ((id >= 646565) AND (id <= 647564))

table 2 : explain SELECT c FROM sbtest2 WHERE id BETWEEN 7984437 AND 7985436 ORDER BY c
	Sort  (cost=3724.74..3727.11 rows=948 width=121)
	  Sort Key: c
	  ->  Bitmap Heap Scan on sbtest2  (cost=34.15..3677.87 rows=948 width=121)
	        Recheck Cond: ((id >= 7984437) AND (id <= 7985436))
	        ->  Bitmap Index Scan on sbtest2_pkey  (cost=0.00..33.92 rows=948 width=0)
	              Index Cond: ((id >= 7984437) AND (id <= 7985436))

table 3 : explain SELECT c FROM sbtest3 WHERE id BETWEEN 417476 AND 418475 ORDER BY c
	Sort  (cost=3823.99..3826.43 rows=974 width=121)
	  Sort Key: c
	  ->  Bitmap Heap Scan on sbtest3  (cost=34.42..3775.64 rows=974 width=121)
	        Recheck Cond: ((id >= 417476) AND (id <= 418475))
	        ->  Bitmap Index Scan on sbtest3_pkey  (cost=0.00..34.18 rows=974 width=0)
	              Index Cond: ((id >= 417476) AND (id <= 418475))

table 4 : explain SELECT c FROM sbtest4 WHERE id BETWEEN 2604488 AND 2605487 ORDER BY c
	Sort  (cost=3855.94..3858.39 rows=982 width=121)
	  Sort Key: c
	  ->  Bitmap Heap Scan on sbtest4  (cost=34.50..3807.14 rows=982 width=121)
	        Recheck Cond: ((id >= 2604488) AND (id <= 2605487))
	        ->  Bitmap Index Scan on sbtest4_pkey  (cost=0.00..34.26 rows=982 width=0)
	              Index Cond: ((id >= 2604488) AND (id <= 2605487))

table 5 : explain SELECT c FROM sbtest5 WHERE id BETWEEN 6926125 AND 6927124 ORDER BY c
	Sort  (cost=3792.14..3794.55 rows=965 width=121)
	  Sort Key: c
	  ->  Bitmap Heap Scan on sbtest5  (cost=34.33..3744.30 rows=965 width=121)
	        Recheck Cond: ((id >= 6926125) AND (id <= 6927124))
	        ->  Bitmap Index Scan on sbtest5_pkey  (cost=0.00..34.09 rows=965 width=0)
	              Index Cond: ((id >= 6926125) AND (id <= 6927124))

table 6 : explain SELECT c FROM sbtest6 WHERE id BETWEEN 4836649 AND 4837648 ORDER BY c
	Sort  (cost=4135.16..4137.80 rows=1055 width=121)
	  Sort Key: c
	  ->  Bitmap Heap Scan on sbtest6  (cost=35.25..4082.18 rows=1055 width=121)
	        Recheck Cond: ((id >= 4836649) AND (id <= 4837648))
	        ->  Bitmap Index Scan on sbtest6_pkey  (cost=0.00..34.98 rows=1055 width=0)
	              Index Cond: ((id >= 4836649) AND (id <= 4837648))

table 7 : explain SELECT c FROM sbtest7 WHERE id BETWEEN 9765546 AND 9766545 ORDER BY c
	Sort  (cost=3918.13..3920.63 rows=998 width=121)
	  Sort Key: c
	  ->  Bitmap Heap Scan on sbtest7  (cost=34.66..3868.42 rows=998 width=121)
	        Recheck Cond: ((id >= 9765546) AND (id <= 9766545))
	        ->  Bitmap Index Scan on sbtest7_pkey  (cost=0.00..34.42 rows=998 width=0)
	              Index Cond: ((id >= 9765546) AND (id <= 9766545))

table 8 : explain SELECT c FROM sbtest8 WHERE id BETWEEN 574226 AND 575225 ORDER BY c
	Sort  (cost=4197.82..4200.50 rows=1071 width=121)
	  Sort Key: c
	  ->  Bitmap Heap Scan on sbtest8  (cost=35.41..4143.93 rows=1071 width=121)
	        Recheck Cond: ((id >= 574226) AND (id <= 575225))
	        ->  Bitmap Index Scan on sbtest8_pkey  (cost=0.00..35.15 rows=1071 width=0)
	              Index Cond: ((id >= 574226) AND (id <= 575225))

explain: for point_selects :: explain SELECT c FROM sbtest%u WHERE id=%u
for: order_ranges
table 1 : explain SELECT c FROM sbtest1 WHERE id BETWEEN 6643152 AND 6644151 ORDER BY c
	Sort  (cost=4515.07..4517.95 rows=1153 width=121)
	  Sort Key: c
	  ->  Bitmap Heap Scan on sbtest1  (cost=40.25..4456.43 rows=1153 width=121)
	        Recheck Cond: ((id >= 6643152) AND (id <= 6644151))
	        ->  Bitmap Index Scan on sbtest1_pkey  (cost=0.00..39.97 rows=1153 width=0)
	              Index Cond: ((id >= 6643152) AND (id <= 6644151))

table 2 : explain SELECT c FROM sbtest2 WHERE id BETWEEN 9304572 AND 9305571 ORDER BY c
	Sort  (cost=3931.43..3933.93 rows=1002 width=121)
	  Sort Key: c
	  ->  Bitmap Heap Scan on sbtest2  (cost=34.71..3881.48 rows=1002 width=121)
	        Recheck Cond: ((id >= 9304572) AND (id <= 9305571))
	        ->  Bitmap Index Scan on sbtest2_pkey  (cost=0.00..34.45 rows=1002 width=0)
	              Index Cond: ((id >= 9304572) AND (id <= 9305571))

table 3 : explain SELECT c FROM sbtest3 WHERE id BETWEEN 1273242 AND 1274241 ORDER BY c
	Sort  (cost=4347.26..4350.04 rows=1112 width=121)
	  Sort Key: c
	  ->  Bitmap Heap Scan on sbtest3  (cost=35.83..4290.99 rows=1112 width=121)
	        Recheck Cond: ((id >= 1273242) AND (id <= 1274241))
	        ->  Bitmap Index Scan on sbtest3_pkey  (cost=0.00..35.56 rows=1112 width=0)
	              Index Cond: ((id >= 1273242) AND (id <= 1274241))

table 4 : explain SELECT c FROM sbtest4 WHERE id BETWEEN 6944920 AND 6945919 ORDER BY c
	Sort  (cost=4070.13..4072.72 rows=1038 width=121)
	  Sort Key: c
	  ->  Bitmap Heap Scan on sbtest4  (cost=35.07..4018.13 rows=1038 width=121)
	        Recheck Cond: ((id >= 6944920) AND (id <= 6945919))
	        ->  Bitmap Index Scan on sbtest4_pkey  (cost=0.00..34.82 rows=1038 width=0)
	              Index Cond: ((id >= 6944920) AND (id <= 6945919))

table 5 : explain SELECT c FROM sbtest5 WHERE id BETWEEN 9467699 AND 9468698 ORDER BY c
	Sort  (cost=3542.62..3544.87 rows=901 width=121)
	  Sort Key: c
	  ->  Bitmap Heap Scan on sbtest5  (cost=29.67..3498.40 rows=901 width=121)
	        Recheck Cond: ((id >= 9467699) AND (id <= 9468698))
	        ->  Bitmap Index Scan on sbtest5_pkey  (cost=0.00..29.44 rows=901 width=0)
	              Index Cond: ((id >= 9467699) AND (id <= 9468698))

table 6 : explain SELECT c FROM sbtest6 WHERE id BETWEEN 4891790 AND 4892789 ORDER BY c
	Sort  (cost=4135.16..4137.80 rows=1055 width=121)
	  Sort Key: c
	  ->  Bitmap Heap Scan on sbtest6  (cost=35.25..4082.18 rows=1055 width=121)
	        Recheck Cond: ((id >= 4891790) AND (id <= 4892789))
	        ->  Bitmap Index Scan on sbtest6_pkey  (cost=0.00..34.98 rows=1055 width=0)
	              Index Cond: ((id >= 4891790) AND (id <= 4892789))

table 7 : explain SELECT c FROM sbtest7 WHERE id BETWEEN 5537234 AND 5538233 ORDER BY c
	Sort  (cost=4113.19..4115.81 rows=1049 width=121)
	  Sort Key: c
	  ->  Bitmap Heap Scan on sbtest7  (cost=35.19..4060.56 rows=1049 width=121)
	        Recheck Cond: ((id >= 5537234) AND (id <= 5538233))
	        ->  Bitmap Index Scan on sbtest7_pkey  (cost=0.00..34.93 rows=1049 width=0)
	              Index Cond: ((id >= 5537234) AND (id <= 5538233))

table 8 : explain SELECT c FROM sbtest8 WHERE id BETWEEN 8214653 AND 8215652 ORDER BY c
	Sort  (cost=3830.57..3833.01 rows=975 width=121)
	  Sort Key: c
	  ->  Bitmap Heap Scan on sbtest8  (cost=34.43..3782.17 rows=975 width=121)
	        Recheck Cond: ((id >= 8214653) AND (id <= 8215652))
	        ->  Bitmap Index Scan on sbtest8_pkey  (cost=0.00..34.19 rows=975 width=0)
	              Index Cond: ((id >= 8214653) AND (id <= 8215652))

for: simple_ranges
table 1 : explain SELECT c FROM sbtest1 WHERE id BETWEEN 459620 AND 460619
	Bitmap Heap Scan on sbtest1  (cost=35.12..4038.32 rows=1042 width=121)
	  Recheck Cond: ((id >= 459620) AND (id <= 460619))
	  ->  Bitmap Index Scan on sbtest1_pkey  (cost=0.00..34.86 rows=1042 width=0)
	        Index Cond: ((id >= 459620) AND (id <= 460619))

table 2 : explain SELECT c FROM sbtest2 WHERE id BETWEEN 9928349 AND 9929348
	Bitmap Heap Scan on sbtest2  (cost=40.02..4362.92 rows=1130 width=121)
	  Recheck Cond: ((id >= 9928349) AND (id <= 9929348))
	  ->  Bitmap Index Scan on sbtest2_pkey  (cost=0.00..39.73 rows=1130 width=0)
	        Index Cond: ((id >= 9928349) AND (id <= 9929348))

table 3 : explain SELECT c FROM sbtest3 WHERE id BETWEEN 9537499 AND 9538498
	Bitmap Heap Scan on sbtest3  (cost=34.95..3971.52 rows=1026 width=121)
	  Recheck Cond: ((id >= 9537499) AND (id <= 9538498))
	  ->  Bitmap Index Scan on sbtest3_pkey  (cost=0.00..34.70 rows=1026 width=0)
	        Index Cond: ((id >= 9537499) AND (id <= 9538498))

table 4 : explain SELECT c FROM sbtest4 WHERE id BETWEEN 3899517 AND 3900516
	Bitmap Heap Scan on sbtest4  (cost=29.68..3501.01 rows=902 width=121)
	  Recheck Cond: ((id >= 3899517) AND (id <= 3900516))
	  ->  Bitmap Index Scan on sbtest4_pkey  (cost=0.00..29.45 rows=902 width=0)
	        Index Cond: ((id >= 3899517) AND (id <= 3900516))

table 5 : explain SELECT c FROM sbtest5 WHERE id BETWEEN 7141849 AND 7142848
	Bitmap Heap Scan on sbtest5  (cost=35.53..4185.16 rows=1082 width=121)
	  Recheck Cond: ((id >= 7141849) AND (id <= 7142848))
	  ->  Bitmap Index Scan on sbtest5_pkey  (cost=0.00..35.26 rows=1082 width=0)
	        Index Cond: ((id >= 7141849) AND (id <= 7142848))

table 6 : explain SELECT c FROM sbtest6 WHERE id BETWEEN 762814 AND 763813
	Bitmap Heap Scan on sbtest6  (cost=35.06..4014.45 rows=1037 width=121)
	  Recheck Cond: ((id >= 762814) AND (id <= 763813))
	  ->  Bitmap Index Scan on sbtest6_pkey  (cost=0.00..34.81 rows=1037 width=0)
	        Index Cond: ((id >= 762814) AND (id <= 763813))

table 7 : explain SELECT c FROM sbtest7 WHERE id BETWEEN 4491141 AND 4492140
	Bitmap Heap Scan on sbtest7  (cost=34.66..3868.42 rows=998 width=121)
	  Recheck Cond: ((id >= 4491141) AND (id <= 4492140))
	  ->  Bitmap Index Scan on sbtest7_pkey  (cost=0.00..34.42 rows=998 width=0)
	        Index Cond: ((id >= 4491141) AND (id <= 4492140))

table 8 : explain SELECT c FROM sbtest8 WHERE id BETWEEN 9967606 AND 9968605
	Bitmap Heap Scan on sbtest8  (cost=35.06..4015.94 rows=1037 width=121)
	  Recheck Cond: ((id >= 9967606) AND (id <= 9968605))
	  ->  Bitmap Index Scan on sbtest8_pkey  (cost=0.00..34.81 rows=1037 width=0)
	        Index Cond: ((id >= 9967606) AND (id <= 9968605))

for point_selects
table 1 : explain SELECT c FROM sbtest1 WHERE id=3771007
	Index Scan using sbtest1_pkey on sbtest1  (cost=0.43..8.45 rows=1 width=121)
	  Index Cond: (id = 3771007)

table 2 : explain SELECT c FROM sbtest2 WHERE id=220089
	Index Scan using sbtest2_pkey on sbtest2  (cost=0.43..8.45 rows=1 width=121)
	  Index Cond: (id = 220089)

table 3 : explain SELECT c FROM sbtest3 WHERE id=2902623
	Index Scan using sbtest3_pkey on sbtest3  (cost=0.43..8.45 rows=1 width=121)
	  Index Cond: (id = 2902623)

table 4 : explain SELECT c FROM sbtest4 WHERE id=435766
	Index Scan using sbtest4_pkey on sbtest4  (cost=0.43..8.45 rows=1 width=121)
	  Index Cond: (id = 435766)

table 5 : explain SELECT c FROM sbtest5 WHERE id=5760843
	Index Scan using sbtest5_pkey on sbtest5  (cost=0.43..8.45 rows=1 width=121)
	  Index Cond: (id = 5760843)

table 6 : explain SELECT c FROM sbtest6 WHERE id=447287
	Index Scan using sbtest6_pkey on sbtest6  (cost=0.43..8.45 rows=1 width=121)
	  Index Cond: (id = 447287)

table 7 : explain SELECT c FROM sbtest7 WHERE id=6362495
	Index Scan using sbtest7_pkey on sbtest7  (cost=0.43..8.45 rows=1 width=121)
	  Index Cond: (id = 6362495)

table 8 : explain SELECT c FROM sbtest8 WHERE id=2049349
	Index Scan using sbtest8_pkey on sbtest8  (cost=0.43..8.45 rows=1 width=121)
	  Index Cond: (id = 2049349)

for: distinct_ranges
table 1 : explain SELECT DISTINCT c FROM sbtest1 WHERE id BETWEEN 430842 AND 431841 ORDER BY c
	Unique  (cost=4090.55..4095.76 rows=1042 width=121)
	  ->  Sort  (cost=4090.55..4093.15 rows=1042 width=121)
	        Sort Key: c
	        ->  Bitmap Heap Scan on sbtest1  (cost=35.12..4038.32 rows=1042 width=121)
	              Recheck Cond: ((id >= 430842) AND (id <= 431841))
	              ->  Bitmap Index Scan on sbtest1_pkey  (cost=0.00..34.86 rows=1042 width=0)
	                    Index Cond: ((id >= 430842) AND (id <= 431841))

table 2 : explain SELECT DISTINCT c FROM sbtest2 WHERE id BETWEEN 33638 AND 34637 ORDER BY c
	Unique  (cost=3831.96..3836.84 rows=976 width=121)
	  ->  Sort  (cost=3831.96..3834.40 rows=976 width=121)
	        Sort Key: c
	        ->  Bitmap Heap Scan on sbtest2  (cost=34.44..3783.49 rows=976 width=121)
	              Recheck Cond: ((id >= 33638) AND (id <= 34637))
	              ->  Bitmap Index Scan on sbtest2_pkey  (cost=0.00..34.20 rows=976 width=0)
	                    Index Cond: ((id >= 33638) AND (id <= 34637))

table 3 : explain SELECT DISTINCT c FROM sbtest3 WHERE id BETWEEN 8890134 AND 8891133 ORDER BY c
	Unique  (cost=3390.56..3394.87 rows=862 width=121)
	  ->  Sort  (cost=3390.56..3392.72 rows=862 width=121)
	        Sort Key: c
	        ->  Bitmap Heap Scan on sbtest3  (cost=29.27..3348.53 rows=862 width=121)
	              Recheck Cond: ((id >= 8890134) AND (id <= 8891133))
	              ->  Bitmap Index Scan on sbtest3_pkey  (cost=0.00..29.05 rows=862 width=0)
	                    Index Cond: ((id >= 8890134) AND (id <= 8891133))

table 4 : explain SELECT DISTINCT c FROM sbtest4 WHERE id BETWEEN 3726104 AND 3727103 ORDER BY c
	Unique  (cost=3787.01..3791.83 rows=964 width=121)
	  ->  Sort  (cost=3787.01..3789.42 rows=964 width=121)
	        Sort Key: c
	        ->  Bitmap Heap Scan on sbtest4  (cost=34.32..3739.23 rows=964 width=121)
	              Recheck Cond: ((id >= 3726104) AND (id <= 3727103))
	              ->  Bitmap Index Scan on sbtest4_pkey  (cost=0.00..34.08 rows=964 width=0)
	                    Index Cond: ((id >= 3726104) AND (id <= 3727103))

table 5 : explain SELECT DISTINCT c FROM sbtest5 WHERE id BETWEEN 3461342 AND 3462341 ORDER BY c
	Unique  (cost=4186.23..4191.57 rows=1068 width=121)
	  ->  Sort  (cost=4186.23..4188.90 rows=1068 width=121)
	        Sort Key: c
	        ->  Bitmap Heap Scan on sbtest5  (cost=35.38..4132.50 rows=1068 width=121)
	              Recheck Cond: ((id >= 3461342) AND (id <= 3462341))
	              ->  Bitmap Index Scan on sbtest5_pkey  (cost=0.00..35.12 rows=1068 width=0)
	                    Index Cond: ((id >= 3461342) AND (id <= 3462341))

table 6 : explain SELECT DISTINCT c FROM sbtest6 WHERE id BETWEEN 616037 AND 617036 ORDER BY c
	Unique  (cost=3414.78..3419.12 rows=868 width=121)
	  ->  Sort  (cost=3414.78..3416.95 rows=868 width=121)
	        Sort Key: c
	        ->  Bitmap Heap Scan on sbtest6  (cost=29.33..3372.41 rows=868 width=121)
	              Recheck Cond: ((id >= 616037) AND (id <= 617036))
	              ->  Bitmap Index Scan on sbtest6_pkey  (cost=0.00..29.11 rows=868 width=0)
	                    Index Cond: ((id >= 616037) AND (id <= 617036))

table 7 : explain SELECT DISTINCT c FROM sbtest7 WHERE id BETWEEN 3378519 AND 3379518 ORDER BY c
	Unique  (cost=4204.88..4210.24 rows=1073 width=121)
	  ->  Sort  (cost=4204.88..4207.56 rows=1073 width=121)
	        Sort Key: c
	        ->  Bitmap Heap Scan on sbtest7  (cost=35.43..4150.86 rows=1073 width=121)
	              Recheck Cond: ((id >= 3378519) AND (id <= 3379518))
	              ->  Bitmap Index Scan on sbtest7_pkey  (cost=0.00..35.17 rows=1073 width=0)
	                    Index Cond: ((id >= 3378519) AND (id <= 3379518))

table 8 : explain SELECT DISTINCT c FROM sbtest8 WHERE id BETWEEN 2618495 AND 2619494 ORDER BY c
	Unique  (cost=3911.00..3915.98 rows=996 width=121)
	  ->  Sort  (cost=3911.00..3913.49 rows=996 width=121)
	        Sort Key: c
	        ->  Bitmap Heap Scan on sbtest8  (cost=34.64..3861.40 rows=996 width=121)
	              Recheck Cond: ((id >= 2618495) AND (id <= 2619494))
	              ->  Bitmap Index Scan on sbtest8_pkey  (cost=0.00..34.40 rows=996 width=0)
	                    Index Cond: ((id >= 2618495) AND (id <= 2619494))

for point_selects
table 1 : explain SELECT c FROM sbtest1 WHERE id=5994624
	Index Scan using sbtest1_pkey on sbtest1  (cost=0.43..8.45 rows=1 width=121)
	  Index Cond: (id = 5994624)

table 2 : explain SELECT c FROM sbtest2 WHERE id=1159187
	Index Scan using sbtest2_pkey on sbtest2  (cost=0.43..8.45 rows=1 width=121)
	  Index Cond: (id = 1159187)

table 3 : explain SELECT c FROM sbtest3 WHERE id=9162949
	Index Scan using sbtest3_pkey on sbtest3  (cost=0.43..8.45 rows=1 width=121)
	  Index Cond: (id = 9162949)

table 4 : explain SELECT c FROM sbtest4 WHERE id=6332844
	Index Scan using sbtest4_pkey on sbtest4  (cost=0.43..8.45 rows=1 width=121)
	  Index Cond: (id = 6332844)

table 5 : explain SELECT c FROM sbtest5 WHERE id=93779
	Index Scan using sbtest5_pkey on sbtest5  (cost=0.43..8.45 rows=1 width=121)
	  Index Cond: (id = 93779)

table 6 : explain SELECT c FROM sbtest6 WHERE id=6857827
	Index Scan using sbtest6_pkey on sbtest6  (cost=0.43..8.45 rows=1 width=121)
	  Index Cond: (id = 6857827)

table 7 : explain SELECT c FROM sbtest7 WHERE id=6196363
	Index Scan using sbtest7_pkey on sbtest7  (cost=0.43..8.45 rows=1 width=121)
	  Index Cond: (id = 6196363)

table 8 : explain SELECT c FROM sbtest8 WHERE id=2668074
	Index Scan using sbtest8_pkey on sbtest8  (cost=0.43..8.45 rows=1 width=121)
	  Index Cond: (id = 2668074)

explain: for point_selects :: explain SELECT c FROM sbtest%u WHERE id=%u
explain: for point_selects :: explain SELECT c FROM sbtest%u WHERE id=%u
for point_selects
table 1 : explain SELECT c FROM sbtest1 WHERE id=7286593
	Index Scan using sbtest1_pkey on sbtest1  (cost=0.43..8.45 rows=1 width=121)
	  Index Cond: (id = 7286593)

table 2 : explain SELECT c FROM sbtest2 WHERE id=567529
	Index Scan using sbtest2_pkey on sbtest2  (cost=0.43..8.45 rows=1 width=121)
	  Index Cond: (id = 567529)

table 3 : explain SELECT c FROM sbtest3 WHERE id=4775070
	Index Scan using sbtest3_pkey on sbtest3  (cost=0.43..8.45 rows=1 width=121)
	  Index Cond: (id = 4775070)

table 4 : explain SELECT c FROM sbtest4 WHERE id=5928859
	Index Scan using sbtest4_pkey on sbtest4  (cost=0.43..8.45 rows=1 width=121)
	  Index Cond: (id = 5928859)

table 5 : explain SELECT c FROM sbtest5 WHERE id=1357965
	Index Scan using sbtest5_pkey on sbtest5  (cost=0.43..8.45 rows=1 width=121)
	  Index Cond: (id = 1357965)

table 6 : explain SELECT c FROM sbtest6 WHERE id=4082849
	Index Scan using sbtest6_pkey on sbtest6  (cost=0.43..8.45 rows=1 width=121)
	  Index Cond: (id = 4082849)

table 7 : explain SELECT c FROM sbtest7 WHERE id=569643
	Index Scan using sbtest7_pkey on sbtest7  (cost=0.43..8.45 rows=1 width=121)
	  Index Cond: (id = 569643)

table 8 : explain SELECT c FROM sbtest8 WHERE id=794192
	Index Scan using sbtest8_pkey on sbtest8  (cost=0.43..8.45 rows=1 width=121)
	  Index Cond: (id = 794192)

for: distinct_ranges
table 1 : explain SELECT DISTINCT c FROM sbtest1 WHERE id BETWEEN 369518 AND 370517 ORDER BY c
	Unique  (cost=3726.33..3731.06 rows=947 width=121)
	  ->  Sort  (cost=3726.33..3728.69 rows=947 width=121)
	        Sort Key: c
	        ->  Bitmap Heap Scan on sbtest1  (cost=34.14..3679.51 rows=947 width=121)
	              Recheck Cond: ((id >= 369518) AND (id <= 370517))
	              ->  Bitmap Index Scan on sbtest1_pkey  (cost=0.00..33.91 rows=947 width=0)
	                    Index Cond: ((id >= 369518) AND (id <= 370517))

table 2 : explain SELECT DISTINCT c FROM sbtest2 WHERE id BETWEEN 7837667 AND 7838666 ORDER BY c
	Unique  (cost=3628.76..3633.38 rows=924 width=121)
	  ->  Sort  (cost=3628.76..3631.07 rows=924 width=121)
	        Sort Key: c
	        ->  Bitmap Heap Scan on sbtest2  (cost=29.91..3583.25 rows=924 width=121)
	              Recheck Cond: ((id >= 7837667) AND (id <= 7838666))
	              ->  Bitmap Index Scan on sbtest2_pkey  (cost=0.00..29.68 rows=924 width=0)
	                    Index Cond: ((id >= 7837667) AND (id <= 7838666))

table 3 : explain SELECT DISTINCT c FROM sbtest3 WHERE id BETWEEN 3506610 AND 3507609 ORDER BY c
	Unique  (cost=3597.81..3602.39 rows=916 width=121)
	  ->  Sort  (cost=3597.81..3600.10 rows=916 width=121)
	        Sort Key: c
	        ->  Bitmap Heap Scan on sbtest3  (cost=29.82..3552.74 rows=916 width=121)
	              Recheck Cond: ((id >= 3506610) AND (id <= 3507609))
	              ->  Bitmap Index Scan on sbtest3_pkey  (cost=0.00..29.59 rows=916 width=0)
	                    Index Cond: ((id >= 3506610) AND (id <= 3507609))

table 4 : explain SELECT DISTINCT c FROM sbtest4 WHERE id BETWEEN 9214230 AND 9215229 ORDER BY c
	Unique  (cost=4028.09..4033.22 rows=1027 width=121)
	  ->  Sort  (cost=4028.09..4030.65 rows=1027 width=121)
	        Sort Key: c
	        ->  Bitmap Heap Scan on sbtest4  (cost=34.96..3976.71 rows=1027 width=121)
	              Recheck Cond: ((id >= 9214230) AND (id <= 9215229))
	              ->  Bitmap Index Scan on sbtest4_pkey  (cost=0.00..34.70 rows=1027 width=0)
	                    Index Cond: ((id >= 9214230) AND (id <= 9215229))

table 5 : explain SELECT DISTINCT c FROM sbtest5 WHERE id BETWEEN 8134276 AND 8135275 ORDER BY c
	Unique  (cost=3757.64..3762.42 rows=956 width=121)
	  ->  Sort  (cost=3757.64..3760.03 rows=956 width=121)
	        Sort Key: c
	        ->  Bitmap Heap Scan on sbtest5  (cost=34.23..3710.32 rows=956 width=121)
	              Recheck Cond: ((id >= 8134276) AND (id <= 8135275))
	              ->  Bitmap Index Scan on sbtest5_pkey  (cost=0.00..34.00 rows=956 width=0)
	                    Index Cond: ((id >= 8134276) AND (id <= 8135275))

table 6 : explain SELECT DISTINCT c FROM sbtest6 WHERE id BETWEEN 9122061 AND 9123060 ORDER BY c
	Unique  (cost=4116.06..4121.31 rows=1050 width=121)
	  ->  Sort  (cost=4116.06..4118.69 rows=1050 width=121)
	        Sort Key: c
	        ->  Bitmap Heap Scan on sbtest6  (cost=35.20..4063.37 rows=1050 width=121)
	              Recheck Cond: ((id >= 9122061) AND (id <= 9123060))
	              ->  Bitmap Index Scan on sbtest6_pkey  (cost=0.00..34.94 rows=1050 width=0)
	                    Index Cond: ((id >= 9122061) AND (id <= 9123060))

table 7 : explain SELECT DISTINCT c FROM sbtest7 WHERE id BETWEEN 2981185 AND 2982184 ORDER BY c
	Unique  (cost=3810.91..3815.76 rows=970 width=121)
	  ->  Sort  (cost=3810.91..3813.34 rows=970 width=121)
	        Sort Key: c
	        ->  Bitmap Heap Scan on sbtest7  (cost=34.38..3762.79 rows=970 width=121)
	              Recheck Cond: ((id >= 2981185) AND (id <= 2982184))
	              ->  Bitmap Index Scan on sbtest7_pkey  (cost=0.00..34.14 rows=970 width=0)
	                    Index Cond: ((id >= 2981185) AND (id <= 2982184))

table 8 : explain SELECT DISTINCT c FROM sbtest8 WHERE id BETWEEN 4661998 AND 4662997 ORDER BY c
	Unique  (cost=4087.00..4092.21 rows=1042 width=121)
	  ->  Sort  (cost=4087.00..4089.60 rows=1042 width=121)
	        Sort Key: c
	        ->  Bitmap Heap Scan on sbtest8  (cost=35.12..4034.77 rows=1042 width=121)
	              Recheck Cond: ((id >= 4661998) AND (id <= 4662997))
	              ->  Bitmap Index Scan on sbtest8_pkey  (cost=0.00..34.86 rows=1042 width=0)
	                    Index Cond: ((id >= 4661998) AND (id <= 4662997))

for: simple_ranges
table 1 : explain SELECT c FROM sbtest1 WHERE id BETWEEN 1213706 AND 1214705
	Bitmap Heap Scan on sbtest1  (cost=29.30..3364.87 rows=865 width=121)
	  Recheck Cond: ((id >= 1213706) AND (id <= 1214705))
	  ->  Bitmap Index Scan on sbtest1_pkey  (cost=0.00..29.08 rows=865 width=0)
	        Index Cond: ((id >= 1213706) AND (id <= 1214705))

table 2 : explain SELECT c FROM sbtest2 WHERE id BETWEEN 1447692 AND 1448691
	Bitmap Heap Scan on sbtest2  (cost=40.03..4366.67 rows=1131 width=121)
	  Recheck Cond: ((id >= 1447692) AND (id <= 1448691))
	  ->  Bitmap Index Scan on sbtest2_pkey  (cost=0.00..39.75 rows=1131 width=0)
	        Index Cond: ((id >= 1447692) AND (id <= 1448691))

table 3 : explain SELECT c FROM sbtest3 WHERE id BETWEEN 5103516 AND 5104515
	Bitmap Heap Scan on sbtest3  (cost=34.63..3854.79 rows=995 width=121)
	  Recheck Cond: ((id >= 5103516) AND (id <= 5104515))
	  ->  Bitmap Index Scan on sbtest3_pkey  (cost=0.00..34.39 rows=995 width=0)
	        Index Cond: ((id >= 5103516) AND (id <= 5104515))

table 4 : explain SELECT c FROM sbtest4 WHERE id BETWEEN 6587749 AND 6588748
	Bitmap Heap Scan on sbtest4  (cost=35.02..3999.30 rows=1033 width=121)
	  Recheck Cond: ((id >= 6587749) AND (id <= 6588748))
	  ->  Bitmap Index Scan on sbtest4_pkey  (cost=0.00..34.77 rows=1033 width=0)
	        Index Cond: ((id >= 6587749) AND (id <= 6588748))

table 5 : explain SELECT c FROM sbtest5 WHERE id BETWEEN 5970936 AND 5971935
	Bitmap Heap Scan on sbtest5  (cost=35.02..4000.74 rows=1033 width=121)
	  Recheck Cond: ((id >= 5970936) AND (id <= 5971935))
	  ->  Bitmap Index Scan on sbtest5_pkey  (cost=0.00..34.77 rows=1033 width=0)
	        Index Cond: ((id >= 5970936) AND (id <= 5971935))

table 6 : explain SELECT c FROM sbtest6 WHERE id BETWEEN 7010284 AND 7011283
	Bitmap Heap Scan on sbtest6  (cost=35.44..4153.64 rows=1074 width=121)
	  Recheck Cond: ((id >= 7010284) AND (id <= 7011283))
	  ->  Bitmap Index Scan on sbtest6_pkey  (cost=0.00..35.18 rows=1074 width=0)
	        Index Cond: ((id >= 7010284) AND (id <= 7011283))

table 7 : explain SELECT c FROM sbtest7 WHERE id BETWEEN 4937821 AND 4938820
	Bitmap Heap Scan on sbtest7  (cost=34.24..3713.71 rows=957 width=121)
	  Recheck Cond: ((id >= 4937821) AND (id <= 4938820))
	  ->  Bitmap Index Scan on sbtest7_pkey  (cost=0.00..34.01 rows=957 width=0)
	        Index Cond: ((id >= 4937821) AND (id <= 4938820))

table 8 : explain SELECT c FROM sbtest8 WHERE id BETWEEN 2482411 AND 2483410
	Bitmap Heap Scan on sbtest8  (cost=35.63..4222.91 rows=1092 width=121)
	  Recheck Cond: ((id >= 2482411) AND (id <= 2483410))
	  ->  Bitmap Index Scan on sbtest8_pkey  (cost=0.00..35.36 rows=1092 width=0)
	        Index Cond: ((id >= 2482411) AND (id <= 2483410))

explain: for point_selects :: explain SELECT c FROM sbtest%u WHERE id=%u
explain: for point_selects :: explain SELECT c FROM sbtest%u WHERE id=%u
explain: for point_selects :: explain SELECT c FROM sbtest%u WHERE id=%u
for: sum_ranges
table 1 : explain SELECT SUM(k) FROM sbtest1 WHERE id BETWEEN 1203983 AND 1204982
	Aggregate  (cost=3367.04..3367.05 rows=1 width=8)
	  ->  Bitmap Heap Scan on sbtest1  (cost=29.30..3364.87 rows=865 width=4)
	        Recheck Cond: ((id >= 1203983) AND (id <= 1204982))
	        ->  Bitmap Index Scan on sbtest1_pkey  (cost=0.00..29.08 rows=865 width=0)
	              Index Cond: ((id >= 1203983) AND (id <= 1204982))

table 2 : explain SELECT SUM(k) FROM sbtest2 WHERE id BETWEEN 6784456 AND 6785455
	Aggregate  (cost=3740.65..3740.66 rows=1 width=8)
	  ->  Bitmap Heap Scan on sbtest2  (cost=34.32..3738.24 rows=964 width=4)
	        Recheck Cond: ((id >= 6784456) AND (id <= 6785455))
	        ->  Bitmap Index Scan on sbtest2_pkey  (cost=0.00..34.08 rows=964 width=0)
	              Index Cond: ((id >= 6784456) AND (id <= 6785455))

table 3 : explain SELECT SUM(k) FROM sbtest3 WHERE id BETWEEN 80011 AND 81010
	Aggregate  (cost=3770.53..3770.54 rows=1 width=8)
	  ->  Bitmap Heap Scan on sbtest3  (cost=34.40..3768.10 rows=972 width=4)
	        Recheck Cond: ((id >= 80011) AND (id <= 81010))
	        ->  Bitmap Index Scan on sbtest3_pkey  (cost=0.00..34.16 rows=972 width=0)
	              Index Cond: ((id >= 80011) AND (id <= 81010))

table 4 : explain SELECT SUM(k) FROM sbtest4 WHERE id BETWEEN 7446081 AND 7447080
	Aggregate  (cost=3979.28..3979.29 rows=1 width=8)
	  ->  Bitmap Heap Scan on sbtest4  (cost=34.96..3976.71 rows=1027 width=4)
	        Recheck Cond: ((id >= 7446081) AND (id <= 7447080))
	        ->  Bitmap Index Scan on sbtest4_pkey  (cost=0.00..34.70 rows=1027 width=0)
	              Index Cond: ((id >= 7446081) AND (id <= 7447080))

table 5 : explain SELECT SUM(k) FROM sbtest5 WHERE id BETWEEN 7207018 AND 7208017
	Aggregate  (cost=3882.64..3882.65 rows=1 width=8)
	  ->  Bitmap Heap Scan on sbtest5  (cost=34.70..3880.13 rows=1001 width=4)
	        Recheck Cond: ((id >= 7207018) AND (id <= 7208017))
	        ->  Bitmap Index Scan on sbtest5_pkey  (cost=0.00..34.45 rows=1001 width=0)
	              Index Cond: ((id >= 7207018) AND (id <= 7208017))

table 6 : explain SELECT SUM(k) FROM sbtest6 WHERE id BETWEEN 3892534 AND 3893533
	Aggregate  (cost=4069.76..4069.77 rows=1 width=8)
	  ->  Bitmap Heap Scan on sbtest6  (cost=35.21..4067.13 rows=1051 width=4)
	        Recheck Cond: ((id >= 3892534) AND (id <= 3893533))
	        ->  Bitmap Index Scan on sbtest6_pkey  (cost=0.00..34.95 rows=1051 width=0)
	              Index Cond: ((id >= 3892534) AND (id <= 3893533))

table 7 : explain SELECT SUM(k) FROM sbtest7 WHERE id BETWEEN 4103174 AND 4104173
	Aggregate  (cost=3757.66..3757.67 rows=1 width=8)
	  ->  Bitmap Heap Scan on sbtest7  (cost=34.36..3755.24 rows=968 width=4)
	        Recheck Cond: ((id >= 4103174) AND (id <= 4104173))
	        ->  Bitmap Index Scan on sbtest7_pkey  (cost=0.00..34.12 rows=968 width=0)
	              Index Cond: ((id >= 4103174) AND (id <= 4104173))

table 8 : explain SELECT SUM(k) FROM sbtest8 WHERE id BETWEEN 3461873 AND 3462872
	Aggregate  (cost=3701.48..3701.49 rows=1 width=8)
	  ->  Bitmap Heap Scan on sbtest8  (cost=34.20..3699.10 rows=953 width=4)
	        Recheck Cond: ((id >= 3461873) AND (id <= 3462872))
	        ->  Bitmap Index Scan on sbtest8_pkey  (cost=0.00..33.97 rows=953 width=0)
	              Index Cond: ((id >= 3461873) AND (id <= 3462872))

for point_selects
table 1 : explain SELECT c FROM sbtest1 WHERE id=6450575
	Index Scan using sbtest1_pkey on sbtest1  (cost=0.43..8.45 rows=1 width=121)
	  Index Cond: (id = 6450575)

table 2 : explain SELECT c FROM sbtest2 WHERE id=7946970
	Index Scan using sbtest2_pkey on sbtest2  (cost=0.43..8.45 rows=1 width=121)
	  Index Cond: (id = 7946970)

table 3 : explain SELECT c FROM sbtest3 WHERE id=2917249
	Index Scan using sbtest3_pkey on sbtest3  (cost=0.43..8.45 rows=1 width=121)
	  Index Cond: (id = 2917249)

table 4 : explain SELECT c FROM sbtest4 WHERE id=7445102
	Index Scan using sbtest4_pkey on sbtest4  (cost=0.43..8.45 rows=1 width=121)
	  Index Cond: (id = 7445102)

table 5 : explain SELECT c FROM sbtest5 WHERE id=9679451
	Index Scan using sbtest5_pkey on sbtest5  (cost=0.43..8.45 rows=1 width=121)
	  Index Cond: (id = 9679451)

table 6 : explain SELECT c FROM sbtest6 WHERE id=5662910
	Index Scan using sbtest6_pkey on sbtest6  (cost=0.43..8.45 rows=1 width=121)
	  Index Cond: (id = 5662910)

table 7 : explain SELECT c FROM sbtest7 WHERE id=2028486
	Index Scan using sbtest7_pkey on sbtest7  (cost=0.43..8.45 rows=1 width=121)
	  Index Cond: (id = 2028486)

table 8 : explain SELECT c FROM sbtest8 WHERE id=2643465
	Index Scan using sbtest8_pkey on sbtest8  (cost=0.43..8.45 rows=1 width=121)
	  Index Cond: (id = 2643465)

for: simple_ranges
table 1 : explain SELECT c FROM sbtest1 WHERE id BETWEEN 446888 AND 447887
	Bitmap Heap Scan on sbtest1  (cost=35.12..4038.32 rows=1042 width=121)
	  Recheck Cond: ((id >= 446888) AND (id <= 447887))
	  ->  Bitmap Index Scan on sbtest1_pkey  (cost=0.00..34.86 rows=1042 width=0)
	        Index Cond: ((id >= 446888) AND (id <= 447887))

table 2 : explain SELECT c FROM sbtest2 WHERE id BETWEEN 3497928 AND 3498927
	Bitmap Heap Scan on sbtest2  (cost=35.45..4156.14 rows=1075 width=121)
	  Recheck Cond: ((id >= 3497928) AND (id <= 3498927))
	  ->  Bitmap Index Scan on sbtest2_pkey  (cost=0.00..35.19 rows=1075 width=0)
	        Index Cond: ((id >= 3497928) AND (id <= 3498927))

table 3 : explain SELECT c FROM sbtest3 WHERE id BETWEEN 6791445 AND 6792444
	Bitmap Heap Scan on sbtest3  (cost=35.44..4152.03 rows=1074 width=121)
	  Recheck Cond: ((id >= 6791445) AND (id <= 6792444))
	  ->  Bitmap Index Scan on sbtest3_pkey  (cost=0.00..35.18 rows=1074 width=0)
	        Index Cond: ((id >= 6791445) AND (id <= 6792444))

table 4 : explain SELECT c FROM sbtest4 WHERE id BETWEEN 5743016 AND 5744015
	Bitmap Heap Scan on sbtest4  (cost=34.62..3852.38 rows=994 width=121)
	  Recheck Cond: ((id >= 5743016) AND (id <= 5744015))
	  ->  Bitmap Index Scan on sbtest4_pkey  (cost=0.00..34.38 rows=994 width=0)
	        Index Cond: ((id >= 5743016) AND (id <= 5744015))

table 5 : explain SELECT c FROM sbtest5 WHERE id BETWEEN 1637467 AND 1638466
	Bitmap Heap Scan on sbtest5  (cost=34.84..3932.91 rows=1015 width=121)
	  Recheck Cond: ((id >= 1637467) AND (id <= 1638466))
	  ->  Bitmap Index Scan on sbtest5_pkey  (cost=0.00..34.59 rows=1015 width=0)
	        Index Cond: ((id >= 1637467) AND (id <= 1638466))

table 6 : explain SELECT c FROM sbtest6 WHERE id BETWEEN 9501586 AND 9502585
	Bitmap Heap Scan on sbtest6  (cost=34.37..3758.17 rows=969 width=121)
	  Recheck Cond: ((id >= 9501586) AND (id <= 9502585))
	  ->  Bitmap Index Scan on sbtest6_pkey  (cost=0.00..34.12 rows=969 width=0)
	        Index Cond: ((id >= 9501586) AND (id <= 9502585))

table 7 : explain SELECT c FROM sbtest7 WHERE id BETWEEN 186806 AND 187805
	Bitmap Heap Scan on sbtest7  (cost=29.97..3607.71 rows=930 width=121)
	  Recheck Cond: ((id >= 186806) AND (id <= 187805))
	  ->  Bitmap Index Scan on sbtest7_pkey  (cost=0.00..29.73 rows=930 width=0)
	        Index Cond: ((id >= 186806) AND (id <= 187805))

table 8 : explain SELECT c FROM sbtest8 WHERE id BETWEEN 3380631 AND 3381630
	Bitmap Heap Scan on sbtest8  (cost=34.76..3902.88 rows=1007 width=121)
	  Recheck Cond: ((id >= 3380631) AND (id <= 3381630))
	  ->  Bitmap Index Scan on sbtest8_pkey  (cost=0.00..34.51 rows=1007 width=0)
	        Index Cond: ((id >= 3380631) AND (id <= 3381630))

for: simple_ranges
table 1 : explain SELECT c FROM sbtest1 WHERE id BETWEEN 4045129 AND 4046128
	Bitmap Heap Scan on sbtest1  (cost=34.97..3985.51 rows=1028 width=121)
	  Recheck Cond: ((id >= 4045129) AND (id <= 4046128))
	  ->  Bitmap Index Scan on sbtest1_pkey  (cost=0.00..34.72 rows=1028 width=0)
	        Index Cond: ((id >= 4045129) AND (id <= 4046128))

table 2 : explain SELECT c FROM sbtest2 WHERE id BETWEEN 3897424 AND 3898423
	Bitmap Heap Scan on sbtest2  (cost=35.32..4107.28 rows=1062 width=121)
	  Recheck Cond: ((id >= 3897424) AND (id <= 3898423))
	  ->  Bitmap Index Scan on sbtest2_pkey  (cost=0.00..35.06 rows=1062 width=0)
	        Index Cond: ((id >= 3897424) AND (id <= 3898423))

table 3 : explain SELECT c FROM sbtest3 WHERE id BETWEEN 7187906 AND 7188905
	Bitmap Heap Scan on sbtest3  (cost=34.43..3779.41 rows=975 width=121)
	  Recheck Cond: ((id >= 7187906) AND (id <= 7188905))
	  ->  Bitmap Index Scan on sbtest3_pkey  (cost=0.00..34.19 rows=975 width=0)
	        Index Cond: ((id >= 7187906) AND (id <= 7188905))

table 4 : explain SELECT c FROM sbtest4 WHERE id BETWEEN 6875556 AND 6876555
	Bitmap Heap Scan on sbtest4  (cost=34.58..3837.30 rows=990 width=121)
	  Recheck Cond: ((id >= 6875556) AND (id <= 6876555))
	  ->  Bitmap Index Scan on sbtest4_pkey  (cost=0.00..34.34 rows=990 width=0)
	        Index Cond: ((id >= 6875556) AND (id <= 6876555))

table 5 : explain SELECT c FROM sbtest5 WHERE id BETWEEN 2876459 AND 2877458
	Bitmap Heap Scan on sbtest5  (cost=34.88..3947.99 rows=1019 width=121)
	  Recheck Cond: ((id >= 2876459) AND (id <= 2877458))
	  ->  Bitmap Index Scan on sbtest5_pkey  (cost=0.00..34.62 rows=1019 width=0)
	        Index Cond: ((id >= 2876459) AND (id <= 2877458))

table 6 : explain SELECT c FROM sbtest6 WHERE id BETWEEN 6696296 AND 6697295
	Bitmap Heap Scan on sbtest6  (cost=34.64..3860.00 rows=996 width=121)
	  Recheck Cond: ((id >= 6696296) AND (id <= 6697295))
	  ->  Bitmap Index Scan on sbtest6_pkey  (cost=0.00..34.40 rows=996 width=0)
	        Index Cond: ((id >= 6696296) AND (id <= 6697295))

table 7 : explain SELECT c FROM sbtest7 WHERE id BETWEEN 5043144 AND 5044143
	Bitmap Heap Scan on sbtest7  (cost=35.33..4113.24 rows=1063 width=121)
	  Recheck Cond: ((id >= 5043144) AND (id <= 5044143))
	  ->  Bitmap Index Scan on sbtest7_pkey  (cost=0.00..35.07 rows=1063 width=0)
	        Index Cond: ((id >= 5043144) AND (id <= 5044143))

table 8 : explain SELECT c FROM sbtest8 WHERE id BETWEEN 5313537 AND 5314536
	Bitmap Heap Scan on sbtest8  (cost=34.47..3797.27 rows=979 width=121)
	  Recheck Cond: ((id >= 5313537) AND (id <= 5314536))
	  ->  Bitmap Index Scan on sbtest8_pkey  (cost=0.00..34.23 rows=979 width=0)
	        Index Cond: ((id >= 5313537) AND (id <= 5314536))

for point_selects
table 1 : explain SELECT c FROM sbtest1 WHERE id=5455668
	Index Scan using sbtest1_pkey on sbtest1  (cost=0.43..8.45 rows=1 width=121)
	  Index Cond: (id = 5455668)

table 2 : explain SELECT c FROM sbtest2 WHERE id=5762858
	Index Scan using sbtest2_pkey on sbtest2  (cost=0.43..8.45 rows=1 width=121)
	  Index Cond: (id = 5762858)

table 3 : explain SELECT c FROM sbtest3 WHERE id=8230831
	Index Scan using sbtest3_pkey on sbtest3  (cost=0.43..8.45 rows=1 width=121)
	  Index Cond: (id = 8230831)

table 4 : explain SELECT c FROM sbtest4 WHERE id=2115104
	Index Scan using sbtest4_pkey on sbtest4  (cost=0.43..8.45 rows=1 width=121)
	  Index Cond: (id = 2115104)

table 5 : explain SELECT c FROM sbtest5 WHERE id=2026930
	Index Scan using sbtest5_pkey on sbtest5  (cost=0.43..8.45 rows=1 width=121)
	  Index Cond: (id = 2026930)

table 6 : explain SELECT c FROM sbtest6 WHERE id=5054813
	Index Scan using sbtest6_pkey on sbtest6  (cost=0.43..8.45 rows=1 width=121)
	  Index Cond: (id = 5054813)

table 7 : explain SELECT c FROM sbtest7 WHERE id=3979170
	Index Scan using sbtest7_pkey on sbtest7  (cost=0.43..8.45 rows=1 width=121)
	  Index Cond: (id = 3979170)

table 8 : explain SELECT c FROM sbtest8 WHERE id=6528746
	Index Scan using sbtest8_pkey on sbtest8  (cost=0.43..8.45 rows=1 width=121)
	  Index Cond: (id = 6528746)

for: sum_ranges
table 1 : explain SELECT SUM(k) FROM sbtest1 WHERE id BETWEEN 265041 AND 266040
	Aggregate  (cost=3833.19..3833.20 rows=1 width=8)
	  ->  Bitmap Heap Scan on sbtest1  (cost=34.55..3830.72 rows=987 width=4)
	        Recheck Cond: ((id >= 265041) AND (id <= 266040))
	        ->  Bitmap Index Scan on sbtest1_pkey  (cost=0.00..34.31 rows=987 width=0)
	              Index Cond: ((id >= 265041) AND (id <= 266040))

table 2 : explain SELECT SUM(k) FROM sbtest2 WHERE id BETWEEN 6030070 AND 6031069
	Aggregate  (cost=3733.10..3733.11 rows=1 width=8)
	  ->  Bitmap Heap Scan on sbtest2  (cost=34.30..3730.69 rows=962 width=4)
	        Recheck Cond: ((id >= 6030070) AND (id <= 6031069))
	        ->  Bitmap Index Scan on sbtest2_pkey  (cost=0.00..34.06 rows=962 width=0)
	              Index Cond: ((id >= 6030070) AND (id <= 6031069))

table 3 : explain SELECT SUM(k) FROM sbtest3 WHERE id BETWEEN 9107701 AND 9108700
	Aggregate  (cost=3566.37..3566.38 rows=1 width=8)
	  ->  Bitmap Heap Scan on sbtest3  (cost=29.85..3564.08 rows=919 width=4)
	        Recheck Cond: ((id >= 9107701) AND (id <= 9108700))
	        ->  Bitmap Index Scan on sbtest3_pkey  (cost=0.00..29.62 rows=919 width=0)
	              Index Cond: ((id >= 9107701) AND (id <= 9108700))

table 4 : explain SELECT SUM(k) FROM sbtest4 WHERE id BETWEEN 9225694 AND 9226693
	Aggregate  (cost=3979.28..3979.29 rows=1 width=8)
	  ->  Bitmap Heap Scan on sbtest4  (cost=34.96..3976.71 rows=1027 width=4)
	        Recheck Cond: ((id >= 9225694) AND (id <= 9226693))
	        ->  Bitmap Index Scan on sbtest4_pkey  (cost=0.00..34.70 rows=1027 width=0)
	              Index Cond: ((id >= 9225694) AND (id <= 9226693))

table 5 : explain SELECT SUM(k) FROM sbtest5 WHERE id BETWEEN 7555942 AND 7556941
	Aggregate  (cost=3969.39..3969.40 rows=1 width=8)
	  ->  Bitmap Heap Scan on sbtest5  (cost=34.93..3966.83 rows=1024 width=4)
	        Recheck Cond: ((id >= 7555942) AND (id <= 7556941))
	        ->  Bitmap Index Scan on sbtest5_pkey  (cost=0.00..34.68 rows=1024 width=0)
	              Index Cond: ((id >= 7555942) AND (id <= 7556941))

table 6 : explain SELECT SUM(k) FROM sbtest6 WHERE id BETWEEN 2418914 AND 2419913
	Aggregate  (cost=3820.99..3821.00 rows=1 width=8)
	  ->  Bitmap Heap Scan on sbtest6  (cost=34.53..3818.53 rows=985 width=4)
	        Recheck Cond: ((id >= 2418914) AND (id <= 2419913))
	        ->  Bitmap Index Scan on sbtest6_pkey  (cost=0.00..34.29 rows=985 width=0)
	              Index Cond: ((id >= 2418914) AND (id <= 2419913))

table 7 : explain SELECT SUM(k) FROM sbtest7 WHERE id BETWEEN 5364208 AND 5365207
	Aggregate  (cost=4108.37..4108.38 rows=1 width=8)
	  ->  Bitmap Heap Scan on sbtest7  (cost=35.31..4105.72 rows=1061 width=4)
	        Recheck Cond: ((id >= 5364208) AND (id <= 5365207))
	        ->  Bitmap Index Scan on sbtest7_pkey  (cost=0.00..35.05 rows=1061 width=0)
	              Index Cond: ((id >= 5364208) AND (id <= 5365207))

table 8 : explain SELECT SUM(k) FROM sbtest8 WHERE id BETWEEN 6762586 AND 6763585
	Aggregate  (cost=3961.98..3961.99 rows=1 width=8)
	  ->  Bitmap Heap Scan on sbtest8  (cost=34.91..3959.42 rows=1022 width=4)
	        Recheck Cond: ((id >= 6762586) AND (id <= 6763585))
	        ->  Bitmap Index Scan on sbtest8_pkey  (cost=0.00..34.66 rows=1022 width=0)
	              Index Cond: ((id >= 6762586) AND (id <= 6763585))

for: simple_ranges
table 1 : explain SELECT c FROM sbtest1 WHERE id BETWEEN 9526757 AND 9527756
	Bitmap Heap Scan on sbtest1  (cost=35.21..4072.25 rows=1051 width=121)
	  Recheck Cond: ((id >= 9526757) AND (id <= 9527756))
	  ->  Bitmap Index Scan on sbtest1_pkey  (cost=0.00..34.95 rows=1051 width=0)
	        Index Cond: ((id >= 9526757) AND (id <= 9527756))

table 2 : explain SELECT c FROM sbtest2 WHERE id BETWEEN 7329062 AND 7330061
	Bitmap Heap Scan on sbtest2  (cost=35.48..4167.42 rows=1078 width=121)
	  Recheck Cond: ((id >= 7329062) AND (id <= 7330061))
	  ->  Bitmap Index Scan on sbtest2_pkey  (cost=0.00..35.22 rows=1078 width=0)
	        Index Cond: ((id >= 7329062) AND (id <= 7330061))

table 3 : explain SELECT c FROM sbtest3 WHERE id BETWEEN 2001060 AND 2002059
	Bitmap Heap Scan on sbtest3  (cost=35.09..4024.20 rows=1040 width=121)
	  Recheck Cond: ((id >= 2001060) AND (id <= 2002059))
	  ->  Bitmap Index Scan on sbtest3_pkey  (cost=0.00..34.84 rows=1040 width=0)
	        Index Cond: ((id >= 2001060) AND (id <= 2002059))

table 4 : explain SELECT c FROM sbtest4 WHERE id BETWEEN 5674259 AND 5675258
	Bitmap Heap Scan on sbtest4  (cost=34.15..3678.84 rows=948 width=121)
	  Recheck Cond: ((id >= 5674259) AND (id <= 5675258))
	  ->  Bitmap Index Scan on sbtest4_pkey  (cost=0.00..33.92 rows=948 width=0)
	        Index Cond: ((id >= 5674259) AND (id <= 5675258))

table 5 : explain SELECT c FROM sbtest5 WHERE id BETWEEN 1342 AND 2341
	Bitmap Heap Scan on sbtest5  (cost=34.97..3981.90 rows=1028 width=121)
	  Recheck Cond: ((id >= 1342) AND (id <= 2341))
	  ->  Bitmap Index Scan on sbtest5_pkey  (cost=0.00..34.72 rows=1028 width=0)
	        Index Cond: ((id >= 1342) AND (id <= 2341))

table 6 : explain SELECT c FROM sbtest6 WHERE id BETWEEN 8300014 AND 8301013
	Bitmap Heap Scan on sbtest6  (cost=34.82..3924.06 rows=1013 width=121)
	  Recheck Cond: ((id >= 8300014) AND (id <= 8301013))
	  ->  Bitmap Index Scan on sbtest6_pkey  (cost=0.00..34.57 rows=1013 width=0)
	        Index Cond: ((id >= 8300014) AND (id <= 8301013))

table 7 : explain SELECT c FROM sbtest7 WHERE id BETWEEN 1260653 AND 1261652
	Bitmap Heap Scan on sbtest7  (cost=34.99..3989.01 rows=1030 width=121)
	  Recheck Cond: ((id >= 1260653) AND (id <= 1261652))
	  ->  Bitmap Index Scan on sbtest7_pkey  (cost=0.00..34.73 rows=1030 width=0)
	        Index Cond: ((id >= 1260653) AND (id <= 1261652))

table 8 : explain SELECT c FROM sbtest8 WHERE id BETWEEN 9887470 AND 9888469
	Bitmap Heap Scan on sbtest8  (cost=35.17..4053.60 rows=1047 width=121)
	  Recheck Cond: ((id >= 9887470) AND (id <= 9888469))
	  ->  Bitmap Index Scan on sbtest8_pkey  (cost=0.00..34.91 rows=1047 width=0)
	        Index Cond: ((id >= 9887470) AND (id <= 9888469))

for point_selects
table 1 : explain SELECT c FROM sbtest1 WHERE id=9950453
	Index Scan using sbtest1_pkey on sbtest1  (cost=0.43..8.45 rows=1 width=121)
	  Index Cond: (id = 9950453)

table 2 : explain SELECT c FROM sbtest2 WHERE id=5861271
	Index Scan using sbtest2_pkey on sbtest2  (cost=0.43..8.45 rows=1 width=121)
	  Index Cond: (id = 5861271)

table 3 : explain SELECT c FROM sbtest3 WHERE id=7796336
	Index Scan using sbtest3_pkey on sbtest3  (cost=0.43..8.45 rows=1 width=121)
	  Index Cond: (id = 7796336)

table 4 : explain SELECT c FROM sbtest4 WHERE id=9709516
	Index Scan using sbtest4_pkey on sbtest4  (cost=0.43..8.45 rows=1 width=121)
	  Index Cond: (id = 9709516)

table 5 : explain SELECT c FROM sbtest5 WHERE id=8714662
	Index Scan using sbtest5_pkey on sbtest5  (cost=0.43..8.45 rows=1 width=121)
	  Index Cond: (id = 8714662)

table 6 : explain SELECT c FROM sbtest6 WHERE id=8670225
	Index Scan using sbtest6_pkey on sbtest6  (cost=0.43..8.45 rows=1 width=121)
	  Index Cond: (id = 8670225)

table 7 : explain SELECT c FROM sbtest7 WHERE id=6087835
	Index Scan using sbtest7_pkey on sbtest7  (cost=0.43..8.45 rows=1 width=121)
	  Index Cond: (id = 6087835)

table 8 : explain SELECT c FROM sbtest8 WHERE id=4336523
	Index Scan using sbtest8_pkey on sbtest8  (cost=0.43..8.45 rows=1 width=121)
	  Index Cond: (id = 4336523)

explain: for point_selects :: explain SELECT c FROM sbtest%u WHERE id=%u
for: sum_ranges
table 1 : explain SELECT SUM(k) FROM sbtest1 WHERE id BETWEEN 3016460 AND 3017459
	Aggregate  (cost=3666.73..3666.74 rows=1 width=8)
	  ->  Bitmap Heap Scan on sbtest1  (cost=34.10..3664.38 rows=943 width=4)
	        Recheck Cond: ((id >= 3016460) AND (id <= 3017459))
	        ->  Bitmap Index Scan on sbtest1_pkey  (cost=0.00..33.87 rows=943 width=0)
	              Index Cond: ((id >= 3016460) AND (id <= 3017459))

table 2 : explain SELECT SUM(k) FROM sbtest2 WHERE id BETWEEN 9228184 AND 9229183
	Aggregate  (cost=3883.99..3884.00 rows=1 width=8)
	  ->  Bitmap Heap Scan on sbtest2  (cost=34.71..3881.48 rows=1002 width=4)
	        Recheck Cond: ((id >= 9228184) AND (id <= 9229183))
	        ->  Bitmap Index Scan on sbtest2_pkey  (cost=0.00..34.45 rows=1002 width=0)
	              Index Cond: ((id >= 9228184) AND (id <= 9229183))

table 3 : explain SELECT SUM(k) FROM sbtest3 WHERE id BETWEEN 365188 AND 366187
	Aggregate  (cost=3894.97..3894.98 rows=1 width=8)
	  ->  Bitmap Heap Scan on sbtest3  (cost=34.74..3892.46 rows=1005 width=4)
	        Recheck Cond: ((id >= 365188) AND (id <= 366187))
	        ->  Bitmap Index Scan on sbtest3_pkey  (cost=0.00..34.48 rows=1005 width=0)
	              Index Cond: ((id >= 365188) AND (id <= 366187))

table 4 : explain SELECT SUM(k) FROM sbtest4 WHERE id BETWEEN 154328 AND 155327
	Aggregate  (cost=4186.33..4186.34 rows=1 width=8)
	  ->  Bitmap Heap Scan on sbtest4  (cost=35.53..4183.63 rows=1082 width=4)
	        Recheck Cond: ((id >= 154328) AND (id <= 155327))
	        ->  Bitmap Index Scan on sbtest4_pkey  (cost=0.00..35.26 rows=1082 width=0)
	              Index Cond: ((id >= 154328) AND (id <= 155327))

table 5 : explain SELECT SUM(k) FROM sbtest5 WHERE id BETWEEN 6164365 AND 6165364
	Aggregate  (cost=3852.45..3852.46 rows=1 width=8)
	  ->  Bitmap Heap Scan on sbtest5  (cost=34.61..3849.96 rows=993 width=4)
	        Recheck Cond: ((id >= 6164365) AND (id <= 6165364))
	        ->  Bitmap Index Scan on sbtest5_pkey  (cost=0.00..34.37 rows=993 width=0)
	              Index Cond: ((id >= 6164365) AND (id <= 6165364))

table 6 : explain SELECT SUM(k) FROM sbtest6 WHERE id BETWEEN 7425865 AND 7426864
	Aggregate  (cost=3817.21..3817.22 rows=1 width=8)
	  ->  Bitmap Heap Scan on sbtest6  (cost=34.52..3814.75 rows=984 width=4)
	        Recheck Cond: ((id >= 7425865) AND (id <= 7426864))
	        ->  Bitmap Index Scan on sbtest6_pkey  (cost=0.00..34.28 rows=984 width=0)
	              Index Cond: ((id >= 7425865) AND (id <= 7426864))

table 7 : explain SELECT SUM(k) FROM sbtest7 WHERE id BETWEEN 9458686 AND 9459685
	Aggregate  (cost=3874.69..3874.70 rows=1 width=8)
	  ->  Bitmap Heap Scan on sbtest7  (cost=34.67..3872.19 rows=999 width=4)
	        Recheck Cond: ((id >= 9458686) AND (id <= 9459685))
	        ->  Bitmap Index Scan on sbtest7_pkey  (cost=0.00..34.43 rows=999 width=0)
	              Index Cond: ((id >= 9458686) AND (id <= 9459685))

table 8 : explain SELECT SUM(k) FROM sbtest8 WHERE id BETWEEN 2131612 AND 2132611
	Aggregate  (cost=4097.65..4097.66 rows=1 width=8)
	  ->  Bitmap Heap Scan on sbtest8  (cost=35.28..4095.01 rows=1058 width=4)
	        Recheck Cond: ((id >= 2131612) AND (id <= 2132611))
	        ->  Bitmap Index Scan on sbtest8_pkey  (cost=0.00..35.02 rows=1058 width=0)
	              Index Cond: ((id >= 2131612) AND (id <= 2132611))

for: order_ranges
table 1 : explain SELECT c FROM sbtest1 WHERE id BETWEEN 3453434 AND 3454433 ORDER BY c
	Sort  (cost=4232.12..4234.82 rows=1079 width=121)
	  Sort Key: c
	  ->  Bitmap Heap Scan on sbtest1  (cost=35.49..4177.76 rows=1079 width=121)
	        Recheck Cond: ((id >= 3453434) AND (id <= 3454433))
	        ->  Bitmap Index Scan on sbtest1_pkey  (cost=0.00..35.23 rows=1079 width=0)
	              Index Cond: ((id >= 3453434) AND (id <= 3454433))

table 2 : explain SELECT c FROM sbtest2 WHERE id BETWEEN 5734895 AND 5735894 ORDER BY c
	Sort  (cost=4084.30..4086.90 rows=1042 width=121)
	  Sort Key: c
	  ->  Bitmap Heap Scan on sbtest2  (cost=35.12..4032.07 rows=1042 width=121)
	        Recheck Cond: ((id >= 5734895) AND (id <= 5735894))
	        ->  Bitmap Index Scan on sbtest2_pkey  (cost=0.00..34.86 rows=1042 width=0)
	              Index Cond: ((id >= 5734895) AND (id <= 5735894))

table 3 : explain SELECT c FROM sbtest3 WHERE id BETWEEN 2977236 AND 2978235 ORDER BY c
	Sort  (cost=3797.20..3799.61 rows=967 width=121)
	  Sort Key: c
	  ->  Bitmap Heap Scan on sbtest3  (cost=34.35..3749.25 rows=967 width=121)
	        Recheck Cond: ((id >= 2977236) AND (id <= 2978235))
	        ->  Bitmap Index Scan on sbtest3_pkey  (cost=0.00..34.11 rows=967 width=0)
	              Index Cond: ((id >= 2977236) AND (id <= 2978235))

table 4 : explain SELECT c FROM sbtest4 WHERE id BETWEEN 5736289 AND 5737288 ORDER BY c
	Sort  (cost=3829.14..3831.58 rows=975 width=121)
	  Sort Key: c
	  ->  Bitmap Heap Scan on sbtest4  (cost=34.43..3780.73 rows=975 width=121)
	        Recheck Cond: ((id >= 5736289) AND (id <= 5737288))
	        ->  Bitmap Index Scan on sbtest4_pkey  (cost=0.00..34.19 rows=975 width=0)
	              Index Cond: ((id >= 5736289) AND (id <= 5737288))

table 5 : explain SELECT c FROM sbtest5 WHERE id BETWEEN 4077625 AND 4078624 ORDER BY c
	Sort  (cost=3914.71..3917.20 rows=997 width=121)
	  Sort Key: c
	  ->  Bitmap Heap Scan on sbtest5  (cost=34.65..3865.05 rows=997 width=121)
	        Recheck Cond: ((id >= 4077625) AND (id <= 4078624))
	        ->  Bitmap Index Scan on sbtest5_pkey  (cost=0.00..34.41 rows=997 width=0)
	              Index Cond: ((id >= 4077625) AND (id <= 4078624))

table 6 : explain SELECT c FROM sbtest6 WHERE id BETWEEN 3832736 AND 3833735 ORDER BY c
	Sort  (cost=4020.52..4023.08 rows=1025 width=121)
	  Sort Key: c
	  ->  Bitmap Heap Scan on sbtest6  (cost=34.94..3969.26 rows=1025 width=121)
	        Recheck Cond: ((id >= 3832736) AND (id <= 3833735))
	        ->  Bitmap Index Scan on sbtest6_pkey  (cost=0.00..34.69 rows=1025 width=0)
	              Index Cond: ((id >= 3832736) AND (id <= 3833735))

table 7 : explain SELECT c FROM sbtest7 WHERE id BETWEEN 9458353 AND 9459352 ORDER BY c
	Sort  (cost=3921.96..3924.46 rows=999 width=121)
	  Sort Key: c
	  ->  Bitmap Heap Scan on sbtest7  (cost=34.67..3872.19 rows=999 width=121)
	        Recheck Cond: ((id >= 9458353) AND (id <= 9459352))
	        ->  Bitmap Index Scan on sbtest7_pkey  (cost=0.00..34.43 rows=999 width=0)
	              Index Cond: ((id >= 9458353) AND (id <= 9459352))

table 8 : explain SELECT c FROM sbtest8 WHERE id BETWEEN 1014752 AND 1015751 ORDER BY c
	Sort  (cost=3807.58..3810.01 rows=969 width=121)
	  Sort Key: c
	  ->  Bitmap Heap Scan on sbtest8  (cost=34.37..3759.52 rows=969 width=121)
	        Recheck Cond: ((id >= 1014752) AND (id <= 1015751))
	        ->  Bitmap Index Scan on sbtest8_pkey  (cost=0.00..34.12 rows=969 width=0)
	              Index Cond: ((id >= 1014752) AND (id <= 1015751))

for: simple_ranges
table 1 : explain SELECT c FROM sbtest1 WHERE id BETWEEN 8797817 AND 8798816
	Bitmap Heap Scan on sbtest1  (cost=34.49..3808.05 rows=981 width=121)
	  Recheck Cond: ((id >= 8797817) AND (id <= 8798816))
	  ->  Bitmap Index Scan on sbtest1_pkey  (cost=0.00..34.25 rows=981 width=0)
	        Index Cond: ((id >= 8797817) AND (id <= 8798816))

table 2 : explain SELECT c FROM sbtest2 WHERE id BETWEEN 2431922 AND 2432921
	Bitmap Heap Scan on sbtest2  (cost=34.02..3628.79 rows=935 width=121)
	  Recheck Cond: ((id >= 2431922) AND (id <= 2432921))
	  ->  Bitmap Index Scan on sbtest2_pkey  (cost=0.00..33.79 rows=935 width=0)
	        Index Cond: ((id >= 2431922) AND (id <= 2432921))

table 3 : explain SELECT c FROM sbtest3 WHERE id BETWEEN 5245135 AND 5246134
	Bitmap Heap Scan on sbtest3  (cost=34.80..3915.05 rows=1011 width=121)
	  Recheck Cond: ((id >= 5245135) AND (id <= 5246134))
	  ->  Bitmap Index Scan on sbtest3_pkey  (cost=0.00..34.55 rows=1011 width=0)
	        Index Cond: ((id >= 5245135) AND (id <= 5246134))

table 4 : explain SELECT c FROM sbtest4 WHERE id BETWEEN 5554875 AND 5555874
	Bitmap Heap Scan on sbtest4  (cost=29.64..3485.88 rows=898 width=121)
	  Recheck Cond: ((id >= 5554875) AND (id <= 5555874))
	  ->  Bitmap Index Scan on sbtest4_pkey  (cost=0.00..29.41 rows=898 width=0)
	        Index Cond: ((id >= 5554875) AND (id <= 5555874))

table 5 : explain SELECT c FROM sbtest5 WHERE id BETWEEN 8151855 AND 8152854
	Bitmap Heap Scan on sbtest5  (cost=34.23..3710.32 rows=956 width=121)
	  Recheck Cond: ((id >= 8151855) AND (id <= 8152854))
	  ->  Bitmap Index Scan on sbtest5_pkey  (cost=0.00..34.00 rows=956 width=0)
	        Index Cond: ((id >= 8151855) AND (id <= 8152854))

table 6 : explain SELECT c FROM sbtest6 WHERE id BETWEEN 9984947 AND 9985946
	Bitmap Heap Scan on sbtest6  (cost=35.22..4070.90 rows=1052 width=121)
	  Recheck Cond: ((id >= 9984947) AND (id <= 9985946))
	  ->  Bitmap Index Scan on sbtest6_pkey  (cost=0.00..34.95 rows=1052 width=0)
	        Index Cond: ((id >= 9984947) AND (id <= 9985946))

table 7 : explain SELECT c FROM sbtest7 WHERE id BETWEEN 2750457 AND 2751456
	Bitmap Heap Scan on sbtest7  (cost=30.03..3630.39 rows=936 width=121)
	  Recheck Cond: ((id >= 2750457) AND (id <= 2751456))
	  ->  Bitmap Index Scan on sbtest7_pkey  (cost=0.00..29.79 rows=936 width=0)
	        Index Cond: ((id >= 2750457) AND (id <= 2751456))

table 8 : explain SELECT c FROM sbtest8 WHERE id BETWEEN 9667575 AND 9668574
	Bitmap Heap Scan on sbtest8  (cost=34.64..3861.40 rows=996 width=121)
	  Recheck Cond: ((id >= 9667575) AND (id <= 9668574))
	  ->  Bitmap Index Scan on sbtest8_pkey  (cost=0.00..34.40 rows=996 width=0)
	        Index Cond: ((id >= 9667575) AND (id <= 9668574))

for point_selects
table 1 : explain SELECT c FROM sbtest1 WHERE id=6323380
	Index Scan using sbtest1_pkey on sbtest1  (cost=0.43..8.45 rows=1 width=121)
	  Index Cond: (id = 6323380)

table 2 : explain SELECT c FROM sbtest2 WHERE id=4691685
	Index Scan using sbtest2_pkey on sbtest2  (cost=0.43..8.45 rows=1 width=121)
	  Index Cond: (id = 4691685)

table 3 : explain SELECT c FROM sbtest3 WHERE id=4516994
	Index Scan using sbtest3_pkey on sbtest3  (cost=0.43..8.45 rows=1 width=121)
	  Index Cond: (id = 4516994)

table 4 : explain SELECT c FROM sbtest4 WHERE id=2870236
	Index Scan using sbtest4_pkey on sbtest4  (cost=0.43..8.45 rows=1 width=121)
	  Index Cond: (id = 2870236)

table 5 : explain SELECT c FROM sbtest5 WHERE id=4827606
	Index Scan using sbtest5_pkey on sbtest5  (cost=0.43..8.45 rows=1 width=121)
	  Index Cond: (id = 4827606)

table 6 : explain SELECT c FROM sbtest6 WHERE id=556157
	Index Scan using sbtest6_pkey on sbtest6  (cost=0.43..8.45 rows=1 width=121)
	  Index Cond: (id = 556157)

table 7 : explain SELECT c FROM sbtest7 WHERE id=4949380
	Index Scan using sbtest7_pkey on sbtest7  (cost=0.43..8.45 rows=1 width=121)
	  Index Cond: (id = 4949380)

table 8 : explain SELECT c FROM sbtest8 WHERE id=6740273
	Index Scan using sbtest8_pkey on sbtest8  (cost=0.43..8.45 rows=1 width=121)
	  Index Cond: (id = 6740273)

for: order_ranges
table 1 : explain SELECT c FROM sbtest1 WHERE id BETWEEN 4821430 AND 4822429 ORDER BY c
	Sort  (cost=4121.17..4123.80 rows=1050 width=121)
	  Sort Key: c
	  ->  Bitmap Heap Scan on sbtest1  (cost=35.20..4068.48 rows=1050 width=121)
	        Recheck Cond: ((id >= 4821430) AND (id <= 4822429))
	        ->  Bitmap Index Scan on sbtest1_pkey  (cost=0.00..34.94 rows=1050 width=0)
	              Index Cond: ((id >= 4821430) AND (id <= 4822429))

table 2 : explain SELECT c FROM sbtest2 WHERE id BETWEEN 2097540 AND 2098539 ORDER BY c
	Sort  (cost=4133.94..4136.58 rows=1055 width=121)
	  Sort Key: c
	  ->  Bitmap Heap Scan on sbtest2  (cost=35.25..4080.96 rows=1055 width=121)
	        Recheck Cond: ((id >= 2097540) AND (id <= 2098539))
	        ->  Bitmap Index Scan on sbtest2_pkey  (cost=0.00..34.98 rows=1055 width=0)
	              Index Cond: ((id >= 2097540) AND (id <= 2098539))

table 3 : explain SELECT c FROM sbtest3 WHERE id BETWEEN 5450339 AND 5451338 ORDER BY c
	Sort  (cost=3712.95..3715.31 rows=945 width=121)
	  Sort Key: c
	  ->  Bitmap Heap Scan on sbtest3  (cost=34.12..3666.25 rows=945 width=121)
	        Recheck Cond: ((id >= 5450339) AND (id <= 5451338))
	        ->  Bitmap Index Scan on sbtest3_pkey  (cost=0.00..33.89 rows=945 width=0)
	              Index Cond: ((id >= 5450339) AND (id <= 5451338))

table 4 : explain SELECT c FROM sbtest4 WHERE id BETWEEN 1398749 AND 1399748 ORDER BY c
	Sort  (cost=3733.37..3735.75 rows=950 width=121)
	  Sort Key: c
	  ->  Bitmap Heap Scan on sbtest4  (cost=34.17..3686.39 rows=950 width=121)
	        Recheck Cond: ((id >= 1398749) AND (id <= 1399748))
	        ->  Bitmap Index Scan on sbtest4_pkey  (cost=0.00..33.94 rows=950 width=0)
	              Index Cond: ((id >= 1398749) AND (id <= 1399748))

table 5 : explain SELECT c FROM sbtest5 WHERE id BETWEEN 444254 AND 445253 ORDER BY c
	Sort  (cost=3857.27..3859.72 rows=982 width=121)
	  Sort Key: c
	  ->  Bitmap Heap Scan on sbtest5  (cost=34.50..3808.46 rows=982 width=121)
	        Recheck Cond: ((id >= 444254) AND (id <= 445253))
	        ->  Bitmap Index Scan on sbtest5_pkey  (cost=0.00..34.26 rows=982 width=0)
	              Index Cond: ((id >= 444254) AND (id <= 445253))

table 6 : explain SELECT c FROM sbtest6 WHERE id BETWEEN 5522946 AND 5523945 ORDER BY c
	Sort  (cost=4112.24..4114.86 rows=1049 width=121)
	  Sort Key: c
	  ->  Bitmap Heap Scan on sbtest6  (cost=35.19..4059.61 rows=1049 width=121)
	        Recheck Cond: ((id >= 5522946) AND (id <= 5523945))
	        ->  Bitmap Index Scan on sbtest6_pkey  (cost=0.00..34.93 rows=1049 width=0)
	              Index Cond: ((id >= 5522946) AND (id <= 5523945))

table 7 : explain SELECT c FROM sbtest7 WHERE id BETWEEN 4958131 AND 4959130 ORDER BY c
	Sort  (cost=3761.10..3763.49 rows=957 width=121)
	  Sort Key: c
	  ->  Bitmap Heap Scan on sbtest7  (cost=34.24..3713.71 rows=957 width=121)
	        Recheck Cond: ((id >= 4958131) AND (id <= 4959130))
	        ->  Bitmap Index Scan on sbtest7_pkey  (cost=0.00..34.01 rows=957 width=0)
	              Index Cond: ((id >= 4958131) AND (id <= 4959130))

table 8 : explain SELECT c FROM sbtest8 WHERE id BETWEEN 6969868 AND 6970867 ORDER BY c
	Sort  (cost=3830.57..3833.01 rows=975 width=121)
	  Sort Key: c
	  ->  Bitmap Heap Scan on sbtest8  (cost=34.43..3782.17 rows=975 width=121)
	        Recheck Cond: ((id >= 6969868) AND (id <= 6970867))
	        ->  Bitmap Index Scan on sbtest8_pkey  (cost=0.00..34.19 rows=975 width=0)
	              Index Cond: ((id >= 6969868) AND (id <= 6970867))

explain: for point_selects :: explain SELECT c FROM sbtest%u WHERE id=%u
for: simple_ranges
table 1 : explain SELECT c FROM sbtest1 WHERE id BETWEEN 3461605 AND 3462604
	Bitmap Heap Scan on sbtest1  (cost=35.49..4177.76 rows=1079 width=121)
	  Recheck Cond: ((id >= 3461605) AND (id <= 3462604))
	  ->  Bitmap Index Scan on sbtest1_pkey  (cost=0.00..35.23 rows=1079 width=0)
	        Index Cond: ((id >= 3461605) AND (id <= 3462604))

table 2 : explain SELECT c FROM sbtest2 WHERE id BETWEEN 1077624 AND 1078623
	Bitmap Heap Scan on sbtest2  (cost=34.55..3824.96 rows=987 width=121)
	  Recheck Cond: ((id >= 1077624) AND (id <= 1078623))
	  ->  Bitmap Index Scan on sbtest2_pkey  (cost=0.00..34.31 rows=987 width=0)
	        Index Cond: ((id >= 1077624) AND (id <= 1078623))

table 3 : explain SELECT c FROM sbtest3 WHERE id BETWEEN 4660690 AND 4661689
	Bitmap Heap Scan on sbtest3  (cost=34.78..3907.52 rows=1009 width=121)
	  Recheck Cond: ((id >= 4660690) AND (id <= 4661689))
	  ->  Bitmap Index Scan on sbtest3_pkey  (cost=0.00..34.53 rows=1009 width=0)
	        Index Cond: ((id >= 4660690) AND (id <= 4661689))

table 4 : explain SELECT c FROM sbtest4 WHERE id BETWEEN 9737391 AND 9738390
	Bitmap Heap Scan on sbtest4  (cost=35.13..4036.95 rows=1043 width=121)
	  Recheck Cond: ((id >= 9737391) AND (id <= 9738390))
	  ->  Bitmap Index Scan on sbtest4_pkey  (cost=0.00..34.87 rows=1043 width=0)
	        Index Cond: ((id >= 9737391) AND (id <= 9738390))

table 5 : explain SELECT c FROM sbtest5 WHERE id BETWEEN 2266352 AND 2267351
	Bitmap Heap Scan on sbtest5  (cost=34.40..3770.73 rows=972 width=121)
	  Recheck Cond: ((id >= 2266352) AND (id <= 2267351))
	  ->  Bitmap Index Scan on sbtest5_pkey  (cost=0.00..34.16 rows=972 width=0)
	        Index Cond: ((id >= 2266352) AND (id <= 2267351))

table 6 : explain SELECT c FROM sbtest6 WHERE id BETWEEN 9153943 AND 9154942
	Bitmap Heap Scan on sbtest6  (cost=35.20..4063.37 rows=1050 width=121)
	  Recheck Cond: ((id >= 9153943) AND (id <= 9154942))
	  ->  Bitmap Index Scan on sbtest6_pkey  (cost=0.00..34.94 rows=1050 width=0)
	        Index Cond: ((id >= 9153943) AND (id <= 9154942))

table 7 : explain SELECT c FROM sbtest7 WHERE id BETWEEN 261346 AND 262345
	Bitmap Heap Scan on sbtest7  (cost=35.52..4180.95 rows=1081 width=121)
	  Recheck Cond: ((id >= 261346) AND (id <= 262345))
	  ->  Bitmap Index Scan on sbtest7_pkey  (cost=0.00..35.25 rows=1081 width=0)
	        Index Cond: ((id >= 261346) AND (id <= 262345))

table 8 : explain SELECT c FROM sbtest8 WHERE id BETWEEN 9248684 AND 9249683
	Bitmap Heap Scan on sbtest8  (cost=34.19..3695.32 rows=952 width=121)
	  Recheck Cond: ((id >= 9248684) AND (id <= 9249683))
	  ->  Bitmap Index Scan on sbtest8_pkey  (cost=0.00..33.95 rows=952 width=0)
	        Index Cond: ((id >= 9248684) AND (id <= 9249683))

for: simple_ranges
table 1 : explain SELECT c FROM sbtest1 WHERE id BETWEEN 4732367 AND 4733366
	Bitmap Heap Scan on sbtest1  (cost=34.70..3883.60 rows=1001 width=121)
	  Recheck Cond: ((id >= 4732367) AND (id <= 4733366))
	  ->  Bitmap Index Scan on sbtest1_pkey  (cost=0.00..34.45 rows=1001 width=0)
	        Index Cond: ((id >= 4732367) AND (id <= 4733366))

table 2 : explain SELECT c FROM sbtest2 WHERE id BETWEEN 6969411 AND 6970410
	Bitmap Heap Scan on sbtest2  (cost=35.18..4054.64 rows=1048 width=121)
	  Recheck Cond: ((id >= 6969411) AND (id <= 6970410))
	  ->  Bitmap Index Scan on sbtest2_pkey  (cost=0.00..34.92 rows=1048 width=0)
	        Index Cond: ((id >= 6969411) AND (id <= 6970410))

table 3 : explain SELECT c FROM sbtest3 WHERE id BETWEEN 2384069 AND 2385068
	Bitmap Heap Scan on sbtest3  (cost=34.57..3832.18 rows=989 width=121)
	  Recheck Cond: ((id >= 2384069) AND (id <= 2385068))
	  ->  Bitmap Index Scan on sbtest3_pkey  (cost=0.00..34.33 rows=989 width=0)
	        Index Cond: ((id >= 2384069) AND (id <= 2385068))

table 4 : explain SELECT c FROM sbtest4 WHERE id BETWEEN 5340433 AND 5341432
	Bitmap Heap Scan on sbtest4  (cost=35.19..4059.52 rows=1049 width=121)
	  Recheck Cond: ((id >= 5340433) AND (id <= 5341432))
	  ->  Bitmap Index Scan on sbtest4_pkey  (cost=0.00..34.93 rows=1049 width=0)
	        Index Cond: ((id >= 5340433) AND (id <= 5341432))

table 5 : explain SELECT c FROM sbtest5 WHERE id BETWEEN 260554 AND 261553
	Bitmap Heap Scan on sbtest5  (cost=34.95..3974.37 rows=1026 width=121)
	  Recheck Cond: ((id >= 260554) AND (id <= 261553))
	  ->  Bitmap Index Scan on sbtest5_pkey  (cost=0.00..34.70 rows=1026 width=0)
	        Index Cond: ((id >= 260554) AND (id <= 261553))

table 6 : explain SELECT c FROM sbtest6 WHERE id BETWEEN 8248225 AND 8249224
	Bitmap Heap Scan on sbtest6  (cost=34.20..3697.79 rows=953 width=121)
	  Recheck Cond: ((id >= 8248225) AND (id <= 8249224))
	  ->  Bitmap Index Scan on sbtest6_pkey  (cost=0.00..33.97 rows=953 width=0)
	        Index Cond: ((id >= 8248225) AND (id <= 8249224))

table 7 : explain SELECT c FROM sbtest7 WHERE id BETWEEN 2945143 AND 2946142
	Bitmap Heap Scan on sbtest7  (cost=34.38..3762.79 rows=970 width=121)
	  Recheck Cond: ((id >= 2945143) AND (id <= 2946142))
	  ->  Bitmap Index Scan on sbtest7_pkey  (cost=0.00..34.14 rows=970 width=0)
	        Index Cond: ((id >= 2945143) AND (id <= 2946142))

table 8 : explain SELECT c FROM sbtest8 WHERE id BETWEEN 4380768 AND 4381767
	Bitmap Heap Scan on sbtest8  (cost=29.50..3434.16 rows=884 width=121)
	  Recheck Cond: ((id >= 4380768) AND (id <= 4381767))
	  ->  Bitmap Index Scan on sbtest8_pkey  (cost=0.00..29.27 rows=884 width=0)
	        Index Cond: ((id >= 4380768) AND (id <= 4381767))

for: simple_ranges
table 1 : explain SELECT c FROM sbtest1 WHERE id BETWEEN 6409030 AND 6410029
	Bitmap Heap Scan on sbtest1  (cost=35.77..4279.42 rows=1106 width=121)
	  Recheck Cond: ((id >= 6409030) AND (id <= 6410029))
	  ->  Bitmap Index Scan on sbtest1_pkey  (cost=0.00..35.50 rows=1106 width=0)
	        Index Cond: ((id >= 6409030) AND (id <= 6410029))

table 2 : explain SELECT c FROM sbtest2 WHERE id BETWEEN 1649883 AND 1650882
	Bitmap Heap Scan on sbtest2  (cost=34.45..3787.26 rows=977 width=121)
	  Recheck Cond: ((id >= 1649883) AND (id <= 1650882))
	  ->  Bitmap Index Scan on sbtest2_pkey  (cost=0.00..34.20 rows=977 width=0)
	        Index Cond: ((id >= 1649883) AND (id <= 1650882))

table 3 : explain SELECT c FROM sbtest3 WHERE id BETWEEN 8292323 AND 8293322
	Bitmap Heap Scan on sbtest3  (cost=34.95..3971.52 rows=1026 width=121)
	  Recheck Cond: ((id >= 8292323) AND (id <= 8293322))
	  ->  Bitmap Index Scan on sbtest3_pkey  (cost=0.00..34.70 rows=1026 width=0)
	        Index Cond: ((id >= 8292323) AND (id <= 8293322))

table 4 : explain SELECT c FROM sbtest4 WHERE id BETWEEN 3358528 AND 3359527
	Bitmap Heap Scan on sbtest4  (cost=34.43..3780.73 rows=975 width=121)
	  Recheck Cond: ((id >= 3358528) AND (id <= 3359527))
	  ->  Bitmap Index Scan on sbtest4_pkey  (cost=0.00..34.19 rows=975 width=0)
	        Index Cond: ((id >= 3358528) AND (id <= 3359527))

table 5 : explain SELECT c FROM sbtest5 WHERE id BETWEEN 2495825 AND 2496824
	Bitmap Heap Scan on sbtest5  (cost=34.33..3744.30 rows=965 width=121)
	  Recheck Cond: ((id >= 2495825) AND (id <= 2496824))
	  ->  Bitmap Index Scan on sbtest5_pkey  (cost=0.00..34.09 rows=965 width=0)
	        Index Cond: ((id >= 2495825) AND (id <= 2496824))

table 6 : explain SELECT c FROM sbtest6 WHERE id BETWEEN 3843239 AND 3844238
	Bitmap Heap Scan on sbtest6  (cost=34.94..3969.26 rows=1025 width=121)
	  Recheck Cond: ((id >= 3843239) AND (id <= 3844238))
	  ->  Bitmap Index Scan on sbtest6_pkey  (cost=0.00..34.69 rows=1025 width=0)
	        Index Cond: ((id >= 3843239) AND (id <= 3844238))

table 7 : explain SELECT c FROM sbtest7 WHERE id BETWEEN 3791445 AND 3792444
	Bitmap Heap Scan on sbtest7  (cost=35.19..4060.56 rows=1049 width=121)
	  Recheck Cond: ((id >= 3791445) AND (id <= 3792444))
	  ->  Bitmap Index Scan on sbtest7_pkey  (cost=0.00..34.93 rows=1049 width=0)
	        Index Cond: ((id >= 3791445) AND (id <= 3792444))

table 8 : explain SELECT c FROM sbtest8 WHERE id BETWEEN 979305 AND 980304
	Bitmap Heap Scan on sbtest8  (cost=35.33..4113.82 rows=1063 width=121)
	  Recheck Cond: ((id >= 979305) AND (id <= 980304))
	  ->  Bitmap Index Scan on sbtest8_pkey  (cost=0.00..35.07 rows=1063 width=0)
	        Index Cond: ((id >= 979305) AND (id <= 980304))

explain: for point_selects :: explain SELECT c FROM sbtest%u WHERE id=%u
for: sum_ranges
table 1 : explain SELECT SUM(k) FROM sbtest1 WHERE id BETWEEN 1297998 AND 1298997
	Aggregate  (cost=3367.04..3367.05 rows=1 width=8)
	  ->  Bitmap Heap Scan on sbtest1  (cost=29.30..3364.87 rows=865 width=4)
	        Recheck Cond: ((id >= 1297998) AND (id <= 1298997))
	        ->  Bitmap Index Scan on sbtest1_pkey  (cost=0.00..29.08 rows=865 width=0)
	              Index Cond: ((id >= 1297998) AND (id <= 1298997))

table 2 : explain SELECT SUM(k) FROM sbtest2 WHERE id BETWEEN 6356481 AND 6357480
	Aggregate  (cost=3751.97..3751.98 rows=1 width=8)
	  ->  Bitmap Heap Scan on sbtest2  (cost=34.35..3749.55 rows=967 width=4)
	        Recheck Cond: ((id >= 6356481) AND (id <= 6357480))
	        ->  Bitmap Index Scan on sbtest2_pkey  (cost=0.00..34.11 rows=967 width=0)
	              Index Cond: ((id >= 6356481) AND (id <= 6357480))

table 3 : explain SELECT SUM(k) FROM sbtest3 WHERE id BETWEEN 4060559 AND 4061558
	Aggregate  (cost=3396.13..3396.14 rows=1 width=8)
	  ->  Bitmap Heap Scan on sbtest3  (cost=29.39..3393.95 rows=874 width=4)
	        Recheck Cond: ((id >= 4060559) AND (id <= 4061558))
	        ->  Bitmap Index Scan on sbtest3_pkey  (cost=0.00..29.18 rows=874 width=0)
	              Index Cond: ((id >= 4060559) AND (id <= 4061558))

table 4 : explain SELECT SUM(k) FROM sbtest4 WHERE id BETWEEN 7400876 AND 7401875
	Aggregate  (cost=3945.36..3945.37 rows=1 width=8)
	  ->  Bitmap Heap Scan on sbtest4  (cost=34.87..3942.82 rows=1018 width=4)
	        Recheck Cond: ((id >= 7400876) AND (id <= 7401875))
	        ->  Bitmap Index Scan on sbtest4_pkey  (cost=0.00..34.62 rows=1018 width=0)
	              Index Cond: ((id >= 7400876) AND (id <= 7401875))

table 5 : explain SELECT SUM(k) FROM sbtest5 WHERE id BETWEEN 8133189 AND 8134188
	Aggregate  (cost=3712.71..3712.72 rows=1 width=8)
	  ->  Bitmap Heap Scan on sbtest5  (cost=34.23..3710.32 rows=956 width=4)
	        Recheck Cond: ((id >= 8133189) AND (id <= 8134188))
	        ->  Bitmap Index Scan on sbtest5_pkey  (cost=0.00..34.00 rows=956 width=0)
	              Index Cond: ((id >= 8133189) AND (id <= 8134188))

table 6 : explain SELECT SUM(k) FROM sbtest6 WHERE id BETWEEN 4896980 AND 4897979
	Aggregate  (cost=4084.82..4084.83 rows=1 width=8)
	  ->  Bitmap Heap Scan on sbtest6  (cost=35.25..4082.18 rows=1055 width=4)
	        Recheck Cond: ((id >= 4896980) AND (id <= 4897979))
	        ->  Bitmap Index Scan on sbtest6_pkey  (cost=0.00..34.98 rows=1055 width=0)
	              Index Cond: ((id >= 4896980) AND (id <= 4897979))

table 7 : explain SELECT SUM(k) FROM sbtest7 WHERE id BETWEEN 6164401 AND 6165400
	Aggregate  (cost=3874.69..3874.70 rows=1 width=8)
	  ->  Bitmap Heap Scan on sbtest7  (cost=34.67..3872.19 rows=999 width=4)
	        Recheck Cond: ((id >= 6164401) AND (id <= 6165400))
	        ->  Bitmap Index Scan on sbtest7_pkey  (cost=0.00..34.43 rows=999 width=0)
	              Index Cond: ((id >= 6164401) AND (id <= 6165400))

table 8 : explain SELECT SUM(k) FROM sbtest8 WHERE id BETWEEN 5780259 AND 5781258
	Aggregate  (cost=4022.30..4022.31 rows=1 width=8)
	  ->  Bitmap Heap Scan on sbtest8  (cost=35.07..4019.70 rows=1038 width=4)
	        Recheck Cond: ((id >= 5780259) AND (id <= 5781258))
	        ->  Bitmap Index Scan on sbtest8_pkey  (cost=0.00..34.82 rows=1038 width=0)
	              Index Cond: ((id >= 5780259) AND (id <= 5781258))

for: order_ranges
table 1 : explain SELECT c FROM sbtest1 WHERE id BETWEEN 5678204 AND 5679203 ORDER BY c
	Sort  (cost=3757.04..3759.43 rows=955 width=121)
	  Sort Key: c
	  ->  Bitmap Heap Scan on sbtest1  (cost=34.22..3709.77 rows=955 width=121)
	        Recheck Cond: ((id >= 5678204) AND (id <= 5679203))
	        ->  Bitmap Index Scan on sbtest1_pkey  (cost=0.00..33.98 rows=955 width=0)
	              Index Cond: ((id >= 5678204) AND (id <= 5679203))

table 2 : explain SELECT c FROM sbtest2 WHERE id BETWEEN 5256538 AND 5257537 ORDER BY c
	Sort  (cost=4179.74..4182.41 rows=1067 width=121)
	  Sort Key: c
	  ->  Bitmap Heap Scan on sbtest2  (cost=35.37..4126.08 rows=1067 width=121)
	        Recheck Cond: ((id >= 5256538) AND (id <= 5257537))
	        ->  Bitmap Index Scan on sbtest2_pkey  (cost=0.00..35.11 rows=1067 width=0)
	              Index Cond: ((id >= 5256538) AND (id <= 5257537))

table 3 : explain SELECT c FROM sbtest3 WHERE id BETWEEN 5942545 AND 5943544 ORDER BY c
	Sort  (cost=4122.14..4124.77 rows=1052 width=121)
	  Sort Key: c
	  ->  Bitmap Heap Scan on sbtest3  (cost=35.22..4069.33 rows=1052 width=121)
	        Recheck Cond: ((id >= 5942545) AND (id <= 5943544))
	        ->  Bitmap Index Scan on sbtest3_pkey  (cost=0.00..34.95 rows=1052 width=0)
	              Index Cond: ((id >= 5942545) AND (id <= 5943544))

table 4 : explain SELECT c FROM sbtest4 WHERE id BETWEEN 3659994 AND 3660993 ORDER BY c
	Sort  (cost=4047.20..4049.78 rows=1032 width=121)
	  Sort Key: c
	  ->  Bitmap Heap Scan on sbtest4  (cost=35.01..3995.54 rows=1032 width=121)
	        Recheck Cond: ((id >= 3659994) AND (id <= 3660993))
	        ->  Bitmap Index Scan on sbtest4_pkey  (cost=0.00..34.76 rows=1032 width=0)
	              Index Cond: ((id >= 3659994) AND (id <= 3660993))

table 5 : explain SELECT c FROM sbtest5 WHERE id BETWEEN 5236391 AND 5237390 ORDER BY c
	Sort  (cost=3933.85..3936.35 rows=1002 width=121)
	  Sort Key: c
	  ->  Bitmap Heap Scan on sbtest5  (cost=34.71..3883.91 rows=1002 width=121)
	        Recheck Cond: ((id >= 5236391) AND (id <= 5237390))
	        ->  Bitmap Index Scan on sbtest5_pkey  (cost=0.00..34.45 rows=1002 width=0)
	              Index Cond: ((id >= 5236391) AND (id <= 5237390))

table 6 : explain SELECT c FROM sbtest6 WHERE id BETWEEN 6706875 AND 6707874 ORDER BY c
	Sort  (cost=3909.60..3912.09 rows=996 width=121)
	  Sort Key: c
	  ->  Bitmap Heap Scan on sbtest6  (cost=34.64..3860.00 rows=996 width=121)
	        Recheck Cond: ((id >= 6706875) AND (id <= 6707874))
	        ->  Bitmap Index Scan on sbtest6_pkey  (cost=0.00..34.40 rows=996 width=0)
	              Index Cond: ((id >= 6706875) AND (id <= 6707874))

table 7 : explain SELECT c FROM sbtest7 WHERE id BETWEEN 1713923 AND 1714922 ORDER BY c
	Sort  (cost=4101.72..4104.34 rows=1046 width=121)
	  Sort Key: c
	  ->  Bitmap Heap Scan on sbtest7  (cost=35.16..4049.26 rows=1046 width=121)
	        Recheck Cond: ((id >= 1713923) AND (id <= 1714922))
	        ->  Bitmap Index Scan on sbtest7_pkey  (cost=0.00..34.90 rows=1046 width=0)
	              Index Cond: ((id >= 1713923) AND (id <= 1714922))

table 8 : explain SELECT c FROM sbtest8 WHERE id BETWEEN 5622490 AND 5623489 ORDER BY c
	Sort  (cost=4304.73..4307.48 rows=1099 width=121)
	  Sort Key: c
	  ->  Bitmap Heap Scan on sbtest8  (cost=35.70..4249.22 rows=1099 width=121)
	        Recheck Cond: ((id >= 5622490) AND (id <= 5623489))
	        ->  Bitmap Index Scan on sbtest8_pkey  (cost=0.00..35.43 rows=1099 width=0)
	              Index Cond: ((id >= 5622490) AND (id <= 5623489))

for point_selects
table 1 : explain SELECT c FROM sbtest1 WHERE id=5231898
	Index Scan using sbtest1_pkey on sbtest1  (cost=0.43..8.45 rows=1 width=121)
	  Index Cond: (id = 5231898)

table 2 : explain SELECT c FROM sbtest2 WHERE id=6844401
	Index Scan using sbtest2_pkey on sbtest2  (cost=0.43..8.45 rows=1 width=121)
	  Index Cond: (id = 6844401)

table 3 : explain SELECT c FROM sbtest3 WHERE id=3708182
	Index Scan using sbtest3_pkey on sbtest3  (cost=0.43..8.45 rows=1 width=121)
	  Index Cond: (id = 3708182)

table 4 : explain SELECT c FROM sbtest4 WHERE id=9704926
	Index Scan using sbtest4_pkey on sbtest4  (cost=0.43..8.45 rows=1 width=121)
	  Index Cond: (id = 9704926)

table 5 : explain SELECT c FROM sbtest5 WHERE id=2458355
	Index Scan using sbtest5_pkey on sbtest5  (cost=0.43..8.45 rows=1 width=121)
	  Index Cond: (id = 2458355)

table 6 : explain SELECT c FROM sbtest6 WHERE id=2041784
	Index Scan using sbtest6_pkey on sbtest6  (cost=0.43..8.45 rows=1 width=121)
	  Index Cond: (id = 2041784)

table 7 : explain SELECT c FROM sbtest7 WHERE id=9431536
	Index Scan using sbtest7_pkey on sbtest7  (cost=0.43..8.45 rows=1 width=121)
	  Index Cond: (id = 9431536)

table 8 : explain SELECT c FROM sbtest8 WHERE id=1144825
	Index Scan using sbtest8_pkey on sbtest8  (cost=0.43..8.45 rows=1 width=121)
	  Index Cond: (id = 1144825)

for: distinct_ranges
table 1 : explain SELECT DISTINCT c FROM sbtest1 WHERE id BETWEEN 3783061 AND 3784060 ORDER BY c
	Unique  (cost=3664.72..3669.38 rows=932 width=121)
	  ->  Sort  (cost=3664.72..3667.05 rows=932 width=121)
	        Sort Key: c
	        ->  Bitmap Heap Scan on sbtest1  (cost=29.99..3618.75 rows=932 width=121)
	              Recheck Cond: ((id >= 3783061) AND (id <= 3784060))
	              ->  Bitmap Index Scan on sbtest1_pkey  (cost=0.00..29.75 rows=932 width=0)
	                    Index Cond: ((id >= 3783061) AND (id <= 3784060))

table 2 : explain SELECT DISTINCT c FROM sbtest2 WHERE id BETWEEN 9659786 AND 9660785 ORDER BY c
	Unique  (cost=3789.85..3794.67 rows=965 width=121)
	  ->  Sort  (cost=3789.85..3792.26 rows=965 width=121)
	        Sort Key: c
	        ->  Bitmap Heap Scan on sbtest2  (cost=34.33..3742.01 rows=965 width=121)
	              Recheck Cond: ((id >= 9659786) AND (id <= 9660785))
	              ->  Bitmap Index Scan on sbtest2_pkey  (cost=0.00..34.09 rows=965 width=0)
	                    Index Cond: ((id >= 9659786) AND (id <= 9660785))

table 3 : explain SELECT DISTINCT c FROM sbtest3 WHERE id BETWEEN 9927987 AND 9928986 ORDER BY c
	Unique  (cost=3831.64..3836.52 rows=976 width=121)
	  ->  Sort  (cost=3831.64..3834.08 rows=976 width=121)
	        Sort Key: c
	        ->  Bitmap Heap Scan on sbtest3  (cost=34.44..3783.18 rows=976 width=121)
	              Recheck Cond: ((id >= 9927987) AND (id <= 9928986))
	              ->  Bitmap Index Scan on sbtest3_pkey  (cost=0.00..34.20 rows=976 width=0)
	                    Index Cond: ((id >= 9927987) AND (id <= 9928986))

table 4 : explain SELECT DISTINCT c FROM sbtest4 WHERE id BETWEEN 6985463 AND 6986462 ORDER BY c
	Unique  (cost=4070.13..4075.32 rows=1038 width=121)
	  ->  Sort  (cost=4070.13..4072.72 rows=1038 width=121)
	        Sort Key: c
	        ->  Bitmap Heap Scan on sbtest4  (cost=35.07..4018.13 rows=1038 width=121)
	              Recheck Cond: ((id >= 6985463) AND (id <= 6986462))
	              ->  Bitmap Index Scan on sbtest4_pkey  (cost=0.00..34.82 rows=1038 width=0)
	                    Index Cond: ((id >= 6985463) AND (id <= 6986462))

table 5 : explain SELECT DISTINCT c FROM sbtest5 WHERE id BETWEEN 2496578 AND 2497577 ORDER BY c
	Unique  (cost=3792.14..3796.96 rows=965 width=121)
	  ->  Sort  (cost=3792.14..3794.55 rows=965 width=121)
	        Sort Key: c
	        ->  Bitmap Heap Scan on sbtest5  (cost=34.33..3744.30 rows=965 width=121)
	              Recheck Cond: ((id >= 2496578) AND (id <= 2497577))
	              ->  Bitmap Index Scan on sbtest5_pkey  (cost=0.00..34.09 rows=965 width=0)
	                    Index Cond: ((id >= 2496578) AND (id <= 2497577))

table 6 : explain SELECT DISTINCT c FROM sbtest6 WHERE id BETWEEN 3949417 AND 3950416 ORDER BY c
	Unique  (cost=3909.60..3914.58 rows=996 width=121)
	  ->  Sort  (cost=3909.60..3912.09 rows=996 width=121)
	        Sort Key: c
	        ->  Bitmap Heap Scan on sbtest6  (cost=34.64..3860.00 rows=996 width=121)
	              Recheck Cond: ((id >= 3949417) AND (id <= 3950416))
	              ->  Bitmap Index Scan on sbtest6_pkey  (cost=0.00..34.40 rows=996 width=0)
	                    Index Cond: ((id >= 3949417) AND (id <= 3950416))

table 7 : explain SELECT DISTINCT c FROM sbtest7 WHERE id BETWEEN 7798056 AND 7799055 ORDER BY c
	Unique  (cost=4052.03..4057.19 rows=1033 width=121)
	  ->  Sort  (cost=4052.03..4054.61 rows=1033 width=121)
	        Sort Key: c
	        ->  Bitmap Heap Scan on sbtest7  (cost=35.02..4000.31 rows=1033 width=121)
	              Recheck Cond: ((id >= 7798056) AND (id <= 7799055))
	              ->  Bitmap Index Scan on sbtest7_pkey  (cost=0.00..34.77 rows=1033 width=0)
	                    Index Cond: ((id >= 7798056) AND (id <= 7799055))

table 8 : explain SELECT DISTINCT c FROM sbtest8 WHERE id BETWEEN 7141638 AND 7142637 ORDER BY c
	Unique  (cost=3872.71..3877.64 rows=986 width=121)
	  ->  Sort  (cost=3872.71..3875.18 rows=986 width=121)
	        Sort Key: c
	        ->  Bitmap Heap Scan on sbtest8  (cost=34.54..3823.68 rows=986 width=121)
	              Recheck Cond: ((id >= 7141638) AND (id <= 7142637))
	              ->  Bitmap Index Scan on sbtest8_pkey  (cost=0.00..34.30 rows=986 width=0)
	                    Index Cond: ((id >= 7141638) AND (id <= 7142637))

for point_selects
table 1 : explain SELECT c FROM sbtest1 WHERE id=2217036
	Index Scan using sbtest1_pkey on sbtest1  (cost=0.43..8.45 rows=1 width=121)
	  Index Cond: (id = 2217036)

table 2 : explain SELECT c FROM sbtest2 WHERE id=4392730
	Index Scan using sbtest2_pkey on sbtest2  (cost=0.43..8.45 rows=1 width=121)
	  Index Cond: (id = 4392730)

table 3 : explain SELECT c FROM sbtest3 WHERE id=520540
	Index Scan using sbtest3_pkey on sbtest3  (cost=0.43..8.45 rows=1 width=121)
	  Index Cond: (id = 520540)

table 4 : explain SELECT c FROM sbtest4 WHERE id=2593981
	Index Scan using sbtest4_pkey on sbtest4  (cost=0.43..8.45 rows=1 width=121)
	  Index Cond: (id = 2593981)

table 5 : explain SELECT c FROM sbtest5 WHERE id=8424955
	Index Scan using sbtest5_pkey on sbtest5  (cost=0.43..8.45 rows=1 width=121)
	  Index Cond: (id = 8424955)

table 6 : explain SELECT c FROM sbtest6 WHERE id=9771199
	Index Scan using sbtest6_pkey on sbtest6  (cost=0.43..8.45 rows=1 width=121)
	  Index Cond: (id = 9771199)

table 7 : explain SELECT c FROM sbtest7 WHERE id=2231381
	Index Scan using sbtest7_pkey on sbtest7  (cost=0.43..8.45 rows=1 width=121)
	  Index Cond: (id = 2231381)

table 8 : explain SELECT c FROM sbtest8 WHERE id=548124
	Index Scan using sbtest8_pkey on sbtest8  (cost=0.43..8.45 rows=1 width=121)
	  Index Cond: (id = 548124)

for: distinct_ranges
table 1 : explain SELECT DISTINCT c FROM sbtest1 WHERE id BETWEEN 9902060 AND 9903059 ORDER BY c
	Unique  (cost=3845.29..3850.18 rows=978 width=121)
	  ->  Sort  (cost=3845.29..3847.74 rows=978 width=121)
	        Sort Key: c
	        ->  Bitmap Heap Scan on sbtest1  (cost=34.46..3796.72 rows=978 width=121)
	              Recheck Cond: ((id >= 9902060) AND (id <= 9903059))
	              ->  Bitmap Index Scan on sbtest1_pkey  (cost=0.00..34.22 rows=978 width=0)
	                    Index Cond: ((id >= 9902060) AND (id <= 9903059))

table 2 : explain SELECT DISTINCT c FROM sbtest2 WHERE id BETWEEN 5709302 AND 5710301 ORDER BY c
	Unique  (cost=4084.30..4089.51 rows=1042 width=121)
	  ->  Sort  (cost=4084.30..4086.90 rows=1042 width=121)
	        Sort Key: c
	        ->  Bitmap Heap Scan on sbtest2  (cost=35.12..4032.07 rows=1042 width=121)
	              Recheck Cond: ((id >= 5709302) AND (id <= 5710301))
	              ->  Bitmap Index Scan on sbtest2_pkey  (cost=0.00..34.86 rows=1042 width=0)
	                    Index Cond: ((id >= 5709302) AND (id <= 5710301))

table 3 : explain SELECT DISTINCT c FROM sbtest3 WHERE id BETWEEN 4724551 AND 4725550 ORDER BY c
	Unique  (cost=4160.31..4165.62 rows=1062 width=121)
	  ->  Sort  (cost=4160.31..4162.96 rows=1062 width=121)
	        Sort Key: c
	        ->  Bitmap Heap Scan on sbtest3  (cost=35.32..4106.93 rows=1062 width=121)
	              Recheck Cond: ((id >= 4724551) AND (id <= 4725550))
	              ->  Bitmap Index Scan on sbtest3_pkey  (cost=0.00..35.06 rows=1062 width=0)
	                    Index Cond: ((id >= 4724551) AND (id <= 4725550))

table 4 : explain SELECT DISTINCT c FROM sbtest4 WHERE id BETWEEN 3687352 AND 3688351 ORDER BY c
	Unique  (cost=4047.20..4052.36 rows=1032 width=121)
	  ->  Sort  (cost=4047.20..4049.78 rows=1032 width=121)
	        Sort Key: c
	        ->  Bitmap Heap Scan on sbtest4  (cost=35.01..3995.54 rows=1032 width=121)
	              Recheck Cond: ((id >= 3687352) AND (id <= 3688351))
	              ->  Bitmap Index Scan on sbtest4_pkey  (cost=0.00..34.76 rows=1032 width=0)
	                    Index Cond: ((id >= 3687352) AND (id <= 3688351))

table 5 : explain SELECT DISTINCT c FROM sbtest5 WHERE id BETWEEN 390888 AND 391887 ORDER BY c
	Unique  (cost=4190.05..4195.39 rows=1069 width=121)
	  ->  Sort  (cost=4190.05..4192.72 rows=1069 width=121)
	        Sort Key: c
	        ->  Bitmap Heap Scan on sbtest5  (cost=35.39..4136.26 rows=1069 width=121)
	              Recheck Cond: ((id >= 390888) AND (id <= 391887))
	              ->  Bitmap Index Scan on sbtest5_pkey  (cost=0.00..35.12 rows=1069 width=0)
	                    Index Cond: ((id >= 390888) AND (id <= 391887))

table 6 : explain SELECT DISTINCT c FROM sbtest6 WHERE id BETWEEN 4885804 AND 4886803 ORDER BY c
	Unique  (cost=4135.16..4140.44 rows=1055 width=121)
	  ->  Sort  (cost=4135.16..4137.80 rows=1055 width=121)
	        Sort Key: c
	        ->  Bitmap Heap Scan on sbtest6  (cost=35.25..4082.18 rows=1055 width=121)
	              Recheck Cond: ((id >= 4885804) AND (id <= 4886803))
	              ->  Bitmap Index Scan on sbtest6_pkey  (cost=0.00..34.98 rows=1055 width=0)
	                    Index Cond: ((id >= 4885804) AND (id <= 4886803))

table 7 : explain SELECT DISTINCT c FROM sbtest7 WHERE id BETWEEN 878693 AND 879692 ORDER BY c
	Unique  (cost=4086.44..4091.65 rows=1042 width=121)
	  ->  Sort  (cost=4086.44..4089.04 rows=1042 width=121)
	        Sort Key: c
	        ->  Bitmap Heap Scan on sbtest7  (cost=35.12..4034.21 rows=1042 width=121)
	              Recheck Cond: ((id >= 878693) AND (id <= 879692))
	              ->  Bitmap Index Scan on sbtest7_pkey  (cost=0.00..34.86 rows=1042 width=0)
	                    Index Cond: ((id >= 878693) AND (id <= 879692))

table 8 : explain SELECT DISTINCT c FROM sbtest8 WHERE id BETWEEN 4820730 AND 4821729 ORDER BY c
	Unique  (cost=3715.58..3720.31 rows=945 width=121)
	  ->  Sort  (cost=3715.58..3717.94 rows=945 width=121)
	        Sort Key: c
	        ->  Bitmap Heap Scan on sbtest8  (cost=34.12..3668.88 rows=945 width=121)
	              Recheck Cond: ((id >= 4820730) AND (id <= 4821729))
	              ->  Bitmap Index Scan on sbtest8_pkey  (cost=0.00..33.89 rows=945 width=0)
	                    Index Cond: ((id >= 4820730) AND (id <= 4821729))

for: sum_ranges
table 1 : explain SELECT SUM(k) FROM sbtest1 WHERE id BETWEEN 3475000 AND 3475999
	Aggregate  (cost=4180.46..4180.47 rows=1 width=8)
	  ->  Bitmap Heap Scan on sbtest1  (cost=35.49..4177.76 rows=1079 width=4)
	        Recheck Cond: ((id >= 3475000) AND (id <= 3475999))
	        ->  Bitmap Index Scan on sbtest1_pkey  (cost=0.00..35.23 rows=1079 width=0)
	              Index Cond: ((id >= 3475000) AND (id <= 3475999))

table 2 : explain SELECT SUM(k) FROM sbtest2 WHERE id BETWEEN 6436364 AND 6437363
	Aggregate  (cost=3906.60..3906.61 rows=1 width=8)
	  ->  Bitmap Heap Scan on sbtest2  (cost=34.77..3904.08 rows=1008 width=4)
	        Recheck Cond: ((id >= 6436364) AND (id <= 6437363))
	        ->  Bitmap Index Scan on sbtest2_pkey  (cost=0.00..34.52 rows=1008 width=0)
	              Index Cond: ((id >= 6436364) AND (id <= 6437363))

table 3 : explain SELECT SUM(k) FROM sbtest3 WHERE id BETWEEN 4436661 AND 4437660
	Aggregate  (cost=3857.28..3857.29 rows=1 width=8)
	  ->  Bitmap Heap Scan on sbtest3  (cost=34.63..3854.79 rows=995 width=4)
	        Recheck Cond: ((id >= 4436661) AND (id <= 4437660))
	        ->  Bitmap Index Scan on sbtest3_pkey  (cost=0.00..34.39 rows=995 width=0)
	              Index Cond: ((id >= 4436661) AND (id <= 4437660))

table 4 : explain SELECT SUM(k) FROM sbtest4 WHERE id BETWEEN 233092 AND 234091
	Aggregate  (cost=3869.96..3869.97 rows=1 width=8)
	  ->  Bitmap Heap Scan on sbtest4  (cost=34.66..3867.46 rows=998 width=4)
	        Recheck Cond: ((id >= 233092) AND (id <= 234091))
	        ->  Bitmap Index Scan on sbtest4_pkey  (cost=0.00..34.42 rows=998 width=0)
	              Index Cond: ((id >= 233092) AND (id <= 234091))

table 5 : explain SELECT SUM(k) FROM sbtest5 WHERE id BETWEEN 1165579 AND 1166578
	Aggregate  (cost=3980.70..3980.71 rows=1 width=8)
	  ->  Bitmap Heap Scan on sbtest5  (cost=34.96..3978.14 rows=1027 width=4)
	        Recheck Cond: ((id >= 1165579) AND (id <= 1166578))
	        ->  Bitmap Index Scan on sbtest5_pkey  (cost=0.00..34.70 rows=1027 width=0)
	              Index Cond: ((id >= 1165579) AND (id <= 1166578))

table 6 : explain SELECT SUM(k) FROM sbtest6 WHERE id BETWEEN 9643817 AND 9644816
	Aggregate  (cost=4066.00..4066.01 rows=1 width=8)
	  ->  Bitmap Heap Scan on sbtest6  (cost=35.20..4063.37 rows=1050 width=4)
	        Recheck Cond: ((id >= 9643817) AND (id <= 9644816))
	        ->  Bitmap Index Scan on sbtest6_pkey  (cost=0.00..34.94 rows=1050 width=0)
	              Index Cond: ((id >= 9643817) AND (id <= 9644816))

table 7 : explain SELECT SUM(k) FROM sbtest7 WHERE id BETWEEN 2572962 AND 2573961
	Aggregate  (cost=3878.46..3878.47 rows=1 width=8)
	  ->  Bitmap Heap Scan on sbtest7  (cost=34.69..3875.96 rows=1000 width=4)
	        Recheck Cond: ((id >= 2572962) AND (id <= 2573961))
	        ->  Bitmap Index Scan on sbtest7_pkey  (cost=0.00..34.44 rows=1000 width=0)
	              Index Cond: ((id >= 2572962) AND (id <= 2573961))

table 8 : explain SELECT SUM(k) FROM sbtest8 WHERE id BETWEEN 5656137 AND 5657136
	Aggregate  (cost=4251.97..4251.98 rows=1 width=8)
	  ->  Bitmap Heap Scan on sbtest8  (cost=35.70..4249.22 rows=1099 width=4)
	        Recheck Cond: ((id >= 5656137) AND (id <= 5657136))
	        ->  Bitmap Index Scan on sbtest8_pkey  (cost=0.00..35.43 rows=1099 width=0)
	              Index Cond: ((id >= 5656137) AND (id <= 5657136))

for: distinct_ranges
table 1 : explain SELECT DISTINCT c FROM sbtest1 WHERE id BETWEEN 4229834 AND 4230833 ORDER BY c
	Unique  (cost=4151.79..4157.08 rows=1058 width=121)
	  ->  Sort  (cost=4151.79..4154.43 rows=1058 width=121)
	        Sort Key: c
	        ->  Bitmap Heap Scan on sbtest1  (cost=35.28..4098.64 rows=1058 width=121)
	              Recheck Cond: ((id >= 4229834) AND (id <= 4230833))
	              ->  Bitmap Index Scan on sbtest1_pkey  (cost=0.00..35.02 rows=1058 width=0)
	                    Index Cond: ((id >= 4229834) AND (id <= 4230833))

table 2 : explain SELECT DISTINCT c FROM sbtest2 WHERE id BETWEEN 9720435 AND 9721434 ORDER BY c
	Unique  (cost=3870.22..3875.15 rows=986 width=121)
	  ->  Sort  (cost=3870.22..3872.69 rows=986 width=121)
	        Sort Key: c
	        ->  Bitmap Heap Scan on sbtest2  (cost=34.54..3821.19 rows=986 width=121)
	              Recheck Cond: ((id >= 9720435) AND (id <= 9721434))
	              ->  Bitmap Index Scan on sbtest2_pkey  (cost=0.00..34.30 rows=986 width=0)
	                    Index Cond: ((id >= 9720435) AND (id <= 9721434))

table 3 : explain SELECT DISTINCT c FROM sbtest3 WHERE id BETWEEN 5305848 AND 5306847 ORDER BY c
	Unique  (cost=3674.47..3679.15 rows=936 width=121)
	  ->  Sort  (cost=3674.47..3676.81 rows=936 width=121)
	        Sort Key: c
	        ->  Bitmap Heap Scan on sbtest3  (cost=30.03..3628.28 rows=936 width=121)
	              Recheck Cond: ((id >= 5305848) AND (id <= 5306847))
	              ->  Bitmap Index Scan on sbtest3_pkey  (cost=0.00..29.79 rows=936 width=0)
	                    Index Cond: ((id >= 5305848) AND (id <= 5306847))

table 4 : explain SELECT DISTINCT c FROM sbtest4 WHERE id BETWEEN 1836622 AND 1837621 ORDER BY c
	Unique  (cost=3714.21..3718.94 rows=945 width=121)
	  ->  Sort  (cost=3714.21..3716.57 rows=945 width=121)
	        Sort Key: c
	        ->  Bitmap Heap Scan on sbtest4  (cost=34.12..3667.51 rows=945 width=121)
	              Recheck Cond: ((id >= 1836622) AND (id <= 1837621))
	              ->  Bitmap Index Scan on sbtest4_pkey  (cost=0.00..33.89 rows=945 width=0)
	                    Index Cond: ((id >= 1836622) AND (id <= 1837621))

table 5 : explain SELECT DISTINCT c FROM sbtest5 WHERE id BETWEEN 7256200 AND 7257199 ORDER BY c
	Unique  (cost=3930.02..3935.03 rows=1001 width=121)
	  ->  Sort  (cost=3930.02..3932.52 rows=1001 width=121)
	        Sort Key: c
	        ->  Bitmap Heap Scan on sbtest5  (cost=34.70..3880.13 rows=1001 width=121)
	              Recheck Cond: ((id >= 7256200) AND (id <= 7257199))
	              ->  Bitmap Index Scan on sbtest5_pkey  (cost=0.00..34.45 rows=1001 width=0)
	                    Index Cond: ((id >= 7256200) AND (id <= 7257199))

table 6 : explain SELECT DISTINCT c FROM sbtest6 WHERE id BETWEEN 6996350 AND 6997349 ORDER BY c
	Unique  (cost=4207.71..4213.08 rows=1074 width=121)
	  ->  Sort  (cost=4207.71..4210.40 rows=1074 width=121)
	        Sort Key: c
	        ->  Bitmap Heap Scan on sbtest6  (cost=35.44..4153.64 rows=1074 width=121)
	              Recheck Cond: ((id >= 6996350) AND (id <= 6997349))
	              ->  Bitmap Index Scan on sbtest6_pkey  (cost=0.00..35.18 rows=1074 width=0)
	                    Index Cond: ((id >= 6996350) AND (id <= 6997349))

table 7 : explain SELECT DISTINCT c FROM sbtest7 WHERE id BETWEEN 1109361 AND 1110360 ORDER BY c
	Unique  (cost=3814.74..3819.60 rows=971 width=121)
	  ->  Sort  (cost=3814.74..3817.17 rows=971 width=121)
	        Sort Key: c
	        ->  Bitmap Heap Scan on sbtest7  (cost=34.39..3766.56 rows=971 width=121)
	              Recheck Cond: ((id >= 1109361) AND (id <= 1110360))
	              ->  Bitmap Index Scan on sbtest7_pkey  (cost=0.00..34.15 rows=971 width=0)
	                    Index Cond: ((id >= 1109361) AND (id <= 1110360))

table 8 : explain SELECT DISTINCT c FROM sbtest8 WHERE id BETWEEN 723923 AND 724922 ORDER BY c
	Unique  (cost=3903.35..3908.32 rows=994 width=121)
	  ->  Sort  (cost=3903.35..3905.83 rows=994 width=121)
	        Sort Key: c
	        ->  Bitmap Heap Scan on sbtest8  (cost=34.62..3853.86 rows=994 width=121)
	              Recheck Cond: ((id >= 723923) AND (id <= 724922))
	              ->  Bitmap Index Scan on sbtest8_pkey  (cost=0.00..34.38 rows=994 width=0)
	                    Index Cond: ((id >= 723923) AND (id <= 724922))

for point_selects
table 1 : explain SELECT c FROM sbtest1 WHERE id=6726756
	Index Scan using sbtest1_pkey on sbtest1  (cost=0.43..8.45 rows=1 width=121)
	  Index Cond: (id = 6726756)

table 2 : explain SELECT c FROM sbtest2 WHERE id=6509157
	Index Scan using sbtest2_pkey on sbtest2  (cost=0.43..8.45 rows=1 width=121)
	  Index Cond: (id = 6509157)

table 3 : explain SELECT c FROM sbtest3 WHERE id=2535273
	Index Scan using sbtest3_pkey on sbtest3  (cost=0.43..8.45 rows=1 width=121)
	  Index Cond: (id = 2535273)

table 4 : explain SELECT c FROM sbtest4 WHERE id=5193201
	Index Scan using sbtest4_pkey on sbtest4  (cost=0.43..8.45 rows=1 width=121)
	  Index Cond: (id = 5193201)

table 5 : explain SELECT c FROM sbtest5 WHERE id=9806137
	Index Scan using sbtest5_pkey on sbtest5  (cost=0.43..8.45 rows=1 width=121)
	  Index Cond: (id = 9806137)

table 6 : explain SELECT c FROM sbtest6 WHERE id=1933372
	Index Scan using sbtest6_pkey on sbtest6  (cost=0.43..8.45 rows=1 width=121)
	  Index Cond: (id = 1933372)

table 7 : explain SELECT c FROM sbtest7 WHERE id=2952221
	Index Scan using sbtest7_pkey on sbtest7  (cost=0.43..8.45 rows=1 width=121)
	  Index Cond: (id = 2952221)

table 8 : explain SELECT c FROM sbtest8 WHERE id=2826639
	Index Scan using sbtest8_pkey on sbtest8  (cost=0.43..8.45 rows=1 width=121)
	  Index Cond: (id = 2826639)

for: order_ranges
table 1 : explain SELECT c FROM sbtest1 WHERE id BETWEEN 1548770 AND 1549769 ORDER BY c
	Sort  (cost=3833.79..3836.22 rows=975 width=121)
	  Sort Key: c
	  ->  Bitmap Heap Scan on sbtest1  (cost=34.43..3785.38 rows=975 width=121)
	        Recheck Cond: ((id >= 1548770) AND (id <= 1549769))
	        ->  Bitmap Index Scan on sbtest1_pkey  (cost=0.00..34.19 rows=975 width=0)
	              Index Cond: ((id >= 1548770) AND (id <= 1549769))

table 2 : explain SELECT c FROM sbtest2 WHERE id BETWEEN 6098920 AND 6099919 ORDER BY c
	Sort  (cost=3720.91..3723.28 rows=947 width=121)
	  Sort Key: c
	  ->  Bitmap Heap Scan on sbtest2  (cost=34.14..3674.09 rows=947 width=121)
	        Recheck Cond: ((id >= 6098920) AND (id <= 6099919))
	        ->  Bitmap Index Scan on sbtest2_pkey  (cost=0.00..33.91 rows=947 width=0)
	              Index Cond: ((id >= 6098920) AND (id <= 6099919))

table 3 : explain SELECT c FROM sbtest3 WHERE id BETWEEN 3322847 AND 3323846 ORDER BY c
	Sort  (cost=3789.54..3791.95 rows=965 width=121)
	  Sort Key: c
	  ->  Bitmap Heap Scan on sbtest3  (cost=34.33..3741.70 rows=965 width=121)
	        Recheck Cond: ((id >= 3322847) AND (id <= 3323846))
	        ->  Bitmap Index Scan on sbtest3_pkey  (cost=0.00..34.09 rows=965 width=0)
	              Index Cond: ((id >= 3322847) AND (id <= 3323846))

table 4 : explain SELECT c FROM sbtest4 WHERE id BETWEEN 4810988 AND 4811987 ORDER BY c
	Sort  (cost=3875.08..3877.55 rows=987 width=121)
	  Sort Key: c
	  ->  Bitmap Heap Scan on sbtest4  (cost=34.55..3825.99 rows=987 width=121)
	        Recheck Cond: ((id >= 4810988) AND (id <= 4811987))
	        ->  Bitmap Index Scan on sbtest4_pkey  (cost=0.00..34.31 rows=987 width=0)
	              Index Cond: ((id >= 4810988) AND (id <= 4811987))

table 5 : explain SELECT c FROM sbtest5 WHERE id BETWEEN 5218057 AND 5219056 ORDER BY c
	Sort  (cost=3933.85..3936.35 rows=1002 width=121)
	  Sort Key: c
	  ->  Bitmap Heap Scan on sbtest5  (cost=34.71..3883.91 rows=1002 width=121)
	        Recheck Cond: ((id >= 5218057) AND (id <= 5219056))
	        ->  Bitmap Index Scan on sbtest5_pkey  (cost=0.00..34.45 rows=1002 width=0)
	              Index Cond: ((id >= 5218057) AND (id <= 5219056))

table 6 : explain SELECT c FROM sbtest6 WHERE id BETWEEN 8975397 AND 8976396 ORDER BY c
	Sort  (cost=4081.68..4084.28 rows=1041 width=121)
	  Sort Key: c
	  ->  Bitmap Heap Scan on sbtest6  (cost=35.11..4029.50 rows=1041 width=121)
	        Recheck Cond: ((id >= 8975397) AND (id <= 8976396))
	        ->  Bitmap Index Scan on sbtest6_pkey  (cost=0.00..34.84 rows=1041 width=0)
	              Index Cond: ((id >= 8975397) AND (id <= 8976396))

table 7 : explain SELECT c FROM sbtest7 WHERE id BETWEEN 3864717 AND 3865716 ORDER BY c
	Sort  (cost=3810.91..3813.34 rows=970 width=121)
	  Sort Key: c
	  ->  Bitmap Heap Scan on sbtest7  (cost=34.38..3762.79 rows=970 width=121)
	        Recheck Cond: ((id >= 3864717) AND (id <= 3865716))
	        ->  Bitmap Index Scan on sbtest7_pkey  (cost=0.00..34.14 rows=970 width=0)
	              Index Cond: ((id >= 3864717) AND (id <= 3865716))

table 8 : explain SELECT c FROM sbtest8 WHERE id BETWEEN 7170796 AND 7171795 ORDER BY c
	Sort  (cost=3872.71..3875.18 rows=986 width=121)
	  Sort Key: c
	  ->  Bitmap Heap Scan on sbtest8  (cost=34.54..3823.68 rows=986 width=121)
	        Recheck Cond: ((id >= 7170796) AND (id <= 7171795))
	        ->  Bitmap Index Scan on sbtest8_pkey  (cost=0.00..34.30 rows=986 width=0)
	              Index Cond: ((id >= 7170796) AND (id <= 7171795))

for: sum_ranges
table 1 : explain SELECT SUM(k) FROM sbtest1 WHERE id BETWEEN 3493285 AND 3494284
	Aggregate  (cost=4180.46..4180.47 rows=1 width=8)
	  ->  Bitmap Heap Scan on sbtest1  (cost=35.49..4177.76 rows=1079 width=4)
	        Recheck Cond: ((id >= 3493285) AND (id <= 3494284))
	        ->  Bitmap Index Scan on sbtest1_pkey  (cost=0.00..35.23 rows=1079 width=0)
	              Index Cond: ((id >= 3493285) AND (id <= 3494284))

table 2 : explain SELECT SUM(k) FROM sbtest2 WHERE id BETWEEN 4979772 AND 4980771
	Aggregate  (cost=3944.29..3944.30 rows=1 width=8)
	  ->  Bitmap Heap Scan on sbtest2  (cost=34.87..3941.74 rows=1018 width=4)
	        Recheck Cond: ((id >= 4979772) AND (id <= 4980771))
	        ->  Bitmap Index Scan on sbtest2_pkey  (cost=0.00..34.62 rows=1018 width=0)
	              Index Cond: ((id >= 4979772) AND (id <= 4980771))

table 3 : explain SELECT SUM(k) FROM sbtest3 WHERE id BETWEEN 4621239 AND 4622238
	Aggregate  (cost=3910.04..3910.05 rows=1 width=8)
	  ->  Bitmap Heap Scan on sbtest3  (cost=34.78..3907.52 rows=1009 width=4)
	        Recheck Cond: ((id >= 4621239) AND (id <= 4622238))
	        ->  Bitmap Index Scan on sbtest3_pkey  (cost=0.00..34.53 rows=1009 width=0)
	              Index Cond: ((id >= 4621239) AND (id <= 4622238))

table 4 : explain SELECT SUM(k) FROM sbtest4 WHERE id BETWEEN 1116489 AND 1117488
	Aggregate  (cost=3707.65..3707.66 rows=1 width=8)
	  ->  Bitmap Heap Scan on sbtest4  (cost=34.22..3705.26 rows=955 width=4)
	        Recheck Cond: ((id >= 1116489) AND (id <= 1117488))
	        ->  Bitmap Index Scan on sbtest4_pkey  (cost=0.00..33.98 rows=955 width=0)
	              Index Cond: ((id >= 1116489) AND (id <= 1117488))

table 5 : explain SELECT SUM(k) FROM sbtest5 WHERE id BETWEEN 3529540 AND 3530539
	Aggregate  (cost=4127.64..4127.65 rows=1 width=8)
	  ->  Bitmap Heap Scan on sbtest5  (cost=35.36..4124.98 rows=1066 width=4)
	        Recheck Cond: ((id >= 3529540) AND (id <= 3530539))
	        ->  Bitmap Index Scan on sbtest5_pkey  (cost=0.00..35.09 rows=1066 width=0)
	              Index Cond: ((id >= 3529540) AND (id <= 3530539))

table 6 : explain SELECT SUM(k) FROM sbtest6 WHERE id BETWEEN 849888 AND 850887
	Aggregate  (cost=3548.74..3548.75 rows=1 width=8)
	  ->  Bitmap Heap Scan on sbtest6  (cost=29.80..3546.45 rows=914 width=4)
	        Recheck Cond: ((id >= 849888) AND (id <= 850887))
	        ->  Bitmap Index Scan on sbtest6_pkey  (cost=0.00..29.57 rows=914 width=0)
	              Index Cond: ((id >= 849888) AND (id <= 850887))

table 7 : explain SELECT SUM(k) FROM sbtest7 WHERE id BETWEEN 4824555 AND 4825554
	Aggregate  (cost=3874.69..3874.70 rows=1 width=8)
	  ->  Bitmap Heap Scan on sbtest7  (cost=34.67..3872.19 rows=999 width=4)
	        Recheck Cond: ((id >= 4824555) AND (id <= 4825554))
	        ->  Bitmap Index Scan on sbtest7_pkey  (cost=0.00..34.43 rows=999 width=0)
	              Index Cond: ((id >= 4824555) AND (id <= 4825554))

table 8 : explain SELECT SUM(k) FROM sbtest8 WHERE id BETWEEN 3711840 AND 3712839
	Aggregate  (cost=4078.82..4078.83 rows=1 width=8)
	  ->  Bitmap Heap Scan on sbtest8  (cost=35.23..4076.19 rows=1053 width=4)
	        Recheck Cond: ((id >= 3711840) AND (id <= 3712839))
	        ->  Bitmap Index Scan on sbtest8_pkey  (cost=0.00..34.97 rows=1053 width=0)
	              Index Cond: ((id >= 3711840) AND (id <= 3712839))

for point_selects
table 1 : explain SELECT c FROM sbtest1 WHERE id=6065456
	Index Scan using sbtest1_pkey on sbtest1  (cost=0.43..8.45 rows=1 width=121)
	  Index Cond: (id = 6065456)

table 2 : explain SELECT c FROM sbtest2 WHERE id=9168470
	Index Scan using sbtest2_pkey on sbtest2  (cost=0.43..8.45 rows=1 width=121)
	  Index Cond: (id = 9168470)

table 3 : explain SELECT c FROM sbtest3 WHERE id=2262817
	Index Scan using sbtest3_pkey on sbtest3  (cost=0.43..8.45 rows=1 width=121)
	  Index Cond: (id = 2262817)

table 4 : explain SELECT c FROM sbtest4 WHERE id=3293800
	Index Scan using sbtest4_pkey on sbtest4  (cost=0.43..8.45 rows=1 width=121)
	  Index Cond: (id = 3293800)

table 5 : explain SELECT c FROM sbtest5 WHERE id=9520749
	Index Scan using sbtest5_pkey on sbtest5  (cost=0.43..8.45 rows=1 width=121)
	  Index Cond: (id = 9520749)

table 6 : explain SELECT c FROM sbtest6 WHERE id=6125866
	Index Scan using sbtest6_pkey on sbtest6  (cost=0.43..8.45 rows=1 width=121)
	  Index Cond: (id = 6125866)

table 7 : explain SELECT c FROM sbtest7 WHERE id=4267343
	Index Scan using sbtest7_pkey on sbtest7  (cost=0.43..8.45 rows=1 width=121)
	  Index Cond: (id = 4267343)

table 8 : explain SELECT c FROM sbtest8 WHERE id=8564613
	Index Scan using sbtest8_pkey on sbtest8  (cost=0.43..8.45 rows=1 width=121)
	  Index Cond: (id = 8564613)

for: order_ranges
table 1 : explain SELECT c FROM sbtest1 WHERE id BETWEEN 2694087 AND 2695086 ORDER BY c
	Sort  (cost=4258.89..4261.60 rows=1086 width=121)
	  Sort Key: c
	  ->  Bitmap Heap Scan on sbtest1  (cost=35.57..4204.12 rows=1086 width=121)
	        Recheck Cond: ((id >= 2694087) AND (id <= 2695086))
	        ->  Bitmap Index Scan on sbtest1_pkey  (cost=0.00..35.30 rows=1086 width=0)
	              Index Cond: ((id >= 2694087) AND (id <= 2695086))

table 2 : explain SELECT c FROM sbtest2 WHERE id BETWEEN 1610060 AND 1611059 ORDER BY c
	Sort  (cost=3835.78..3838.23 rows=977 width=121)
	  Sort Key: c
	  ->  Bitmap Heap Scan on sbtest2  (cost=34.45..3787.26 rows=977 width=121)
	        Recheck Cond: ((id >= 1610060) AND (id <= 1611059))
	        ->  Bitmap Index Scan on sbtest2_pkey  (cost=0.00..34.20 rows=977 width=0)
	              Index Cond: ((id >= 1610060) AND (id <= 1611059))

table 3 : explain SELECT c FROM sbtest3 WHERE id BETWEEN 2258056 AND 2259055 ORDER BY c
	Sort  (cost=3728.27..3730.65 rows=949 width=121)
	  Sort Key: c
	  ->  Bitmap Heap Scan on sbtest3  (cost=34.16..3681.34 rows=949 width=121)
	        Recheck Cond: ((id >= 2258056) AND (id <= 2259055))
	        ->  Bitmap Index Scan on sbtest3_pkey  (cost=0.00..33.93 rows=949 width=0)
	              Index Cond: ((id >= 2258056) AND (id <= 2259055))

table 4 : explain SELECT c FROM sbtest4 WHERE id BETWEEN 3614949 AND 3615948 ORDER BY c
	Sort  (cost=4303.02..4305.76 rows=1099 width=121)
	  Sort Key: c
	  ->  Bitmap Heap Scan on sbtest4  (cost=35.70..4247.51 rows=1099 width=121)
	        Recheck Cond: ((id >= 3614949) AND (id <= 3615948))
	        ->  Bitmap Index Scan on sbtest4_pkey  (cost=0.00..35.43 rows=1099 width=0)
	              Index Cond: ((id >= 3614949) AND (id <= 3615948))

table 5 : explain SELECT c FROM sbtest5 WHERE id BETWEEN 6052611 AND 6053610 ORDER BY c
	Sort  (cost=4140.38..4143.02 rows=1056 width=121)
	  Sort Key: c
	  ->  Bitmap Heap Scan on sbtest5  (cost=35.26..4087.34 rows=1056 width=121)
	        Recheck Cond: ((id >= 6052611) AND (id <= 6053610))
	        ->  Bitmap Index Scan on sbtest5_pkey  (cost=0.00..35.00 rows=1056 width=0)
	              Index Cond: ((id >= 6052611) AND (id <= 6053610))

table 6 : explain SELECT c FROM sbtest6 WHERE id BETWEEN 1150839 AND 1151838 ORDER BY c
	Sort  (cost=3729.61..3731.99 rows=949 width=121)
	  Sort Key: c
	  ->  Bitmap Heap Scan on sbtest6  (cost=34.16..3682.69 rows=949 width=121)
	        Recheck Cond: ((id >= 1150839) AND (id <= 1151838))
	        ->  Bitmap Index Scan on sbtest6_pkey  (cost=0.00..33.93 rows=949 width=0)
	              Index Cond: ((id >= 1150839) AND (id <= 1151838))

table 7 : explain SELECT c FROM sbtest7 WHERE id BETWEEN 7358130 AND 7359129 ORDER BY c
	Sort  (cost=3902.82..3905.31 rows=994 width=121)
	  Sort Key: c
	  ->  Bitmap Heap Scan on sbtest7  (cost=34.62..3853.33 rows=994 width=121)
	        Recheck Cond: ((id >= 7358130) AND (id <= 7359129))
	        ->  Bitmap Index Scan on sbtest7_pkey  (cost=0.00..34.38 rows=994 width=0)
	              Index Cond: ((id >= 7358130) AND (id <= 7359129))

table 8 : explain SELECT c FROM sbtest8 WHERE id BETWEEN 8400747 AND 8401746 ORDER BY c
	Sort  (cost=3634.86..3637.17 rows=925 width=121)
	  Sort Key: c
	  ->  Bitmap Heap Scan on sbtest8  (cost=29.92..3589.29 rows=925 width=121)
	        Recheck Cond: ((id >= 8400747) AND (id <= 8401746))
	        ->  Bitmap Index Scan on sbtest8_pkey  (cost=0.00..29.68 rows=925 width=0)
	              Index Cond: ((id >= 8400747) AND (id <= 8401746))

for: sum_ranges
table 1 : explain SELECT SUM(k) FROM sbtest1 WHERE id BETWEEN 3511797 AND 3512796
	Aggregate  (cost=4180.46..4180.47 rows=1 width=8)
	  ->  Bitmap Heap Scan on sbtest1  (cost=35.49..4177.76 rows=1079 width=4)
	        Recheck Cond: ((id >= 3511797) AND (id <= 3512796))
	        ->  Bitmap Index Scan on sbtest1_pkey  (cost=0.00..35.23 rows=1079 width=0)
	              Index Cond: ((id >= 3511797) AND (id <= 3512796))

table 2 : explain SELECT SUM(k) FROM sbtest2 WHERE id BETWEEN 6106433 AND 6107432
	Aggregate  (cost=3676.46..3676.47 rows=1 width=8)
	  ->  Bitmap Heap Scan on sbtest2  (cost=34.14..3674.09 rows=947 width=4)
	        Recheck Cond: ((id >= 6106433) AND (id <= 6107432))
	        ->  Bitmap Index Scan on sbtest2_pkey  (cost=0.00..33.91 rows=947 width=0)
	              Index Cond: ((id >= 6106433) AND (id <= 6107432))

table 3 : explain SELECT SUM(k) FROM sbtest3 WHERE id BETWEEN 455306 AND 456305
	Aggregate  (cost=3778.08..3778.09 rows=1 width=8)
	  ->  Bitmap Heap Scan on sbtest3  (cost=34.42..3775.64 rows=974 width=4)
	        Recheck Cond: ((id >= 455306) AND (id <= 456305))
	        ->  Bitmap Index Scan on sbtest3_pkey  (cost=0.00..34.18 rows=974 width=0)
	              Index Cond: ((id >= 455306) AND (id <= 456305))

table 4 : explain SELECT SUM(k) FROM sbtest4 WHERE id BETWEEN 9543013 AND 9544012
	Aggregate  (cost=4129.90..4129.91 rows=1 width=8)
	  ->  Bitmap Heap Scan on sbtest4  (cost=35.37..4127.23 rows=1067 width=4)
	        Recheck Cond: ((id >= 9543013) AND (id <= 9544012))
	        ->  Bitmap Index Scan on sbtest4_pkey  (cost=0.00..35.11 rows=1067 width=0)
	              Index Cond: ((id >= 9543013) AND (id <= 9544012))

table 5 : explain SELECT SUM(k) FROM sbtest5 WHERE id BETWEEN 3799656 AND 3800655
	Aggregate  (cost=3980.70..3980.71 rows=1 width=8)
	  ->  Bitmap Heap Scan on sbtest5  (cost=34.96..3978.14 rows=1027 width=4)
	        Recheck Cond: ((id >= 3799656) AND (id <= 3800655))
	        ->  Bitmap Index Scan on sbtest5_pkey  (cost=0.00..34.70 rows=1027 width=0)
	              Index Cond: ((id >= 3799656) AND (id <= 3800655))

table 6 : explain SELECT SUM(k) FROM sbtest6 WHERE id BETWEEN 5590292 AND 5591291
	Aggregate  (cost=4062.23..4062.24 rows=1 width=8)
	  ->  Bitmap Heap Scan on sbtest6  (cost=35.19..4059.61 rows=1049 width=4)
	        Recheck Cond: ((id >= 5590292) AND (id <= 5591291))
	        ->  Bitmap Index Scan on sbtest6_pkey  (cost=0.00..34.93 rows=1049 width=0)
	              Index Cond: ((id >= 5590292) AND (id <= 5591291))

table 7 : explain SELECT SUM(k) FROM sbtest7 WHERE id BETWEEN 438834 AND 439833
	Aggregate  (cost=4014.20..4014.21 rows=1 width=8)
	  ->  Bitmap Heap Scan on sbtest7  (cost=35.05..4011.61 rows=1036 width=4)
	        Recheck Cond: ((id >= 438834) AND (id <= 439833))
	        ->  Bitmap Index Scan on sbtest7_pkey  (cost=0.00..34.80 rows=1036 width=0)
	              Index Cond: ((id >= 438834) AND (id <= 439833))

table 8 : explain SELECT SUM(k) FROM sbtest8 WHERE id BETWEEN 9026788 AND 9027787
	Aggregate  (cost=3587.82..3587.83 rows=1 width=8)
	  ->  Bitmap Heap Scan on sbtest8  (cost=29.91..3585.51 rows=924 width=4)
	        Recheck Cond: ((id >= 9026788) AND (id <= 9027787))
	        ->  Bitmap Index Scan on sbtest8_pkey  (cost=0.00..29.68 rows=924 width=0)
	              Index Cond: ((id >= 9026788) AND (id <= 9027787))

explain: for point_selects :: explain SELECT c FROM sbtest%u WHERE id=%u
for: sum_ranges
table 1 : explain SELECT SUM(k) FROM sbtest1 WHERE id BETWEEN 2881187 AND 2882186
	Aggregate  (cost=3621.08..3621.09 rows=1 width=8)
	  ->  Bitmap Heap Scan on sbtest1  (cost=29.99..3618.75 rows=932 width=4)
	        Recheck Cond: ((id >= 2881187) AND (id <= 2882186))
	        ->  Bitmap Index Scan on sbtest1_pkey  (cost=0.00..29.75 rows=932 width=0)
	              Index Cond: ((id >= 2881187) AND (id <= 2882186))

table 2 : explain SELECT SUM(k) FROM sbtest2 WHERE id BETWEEN 2897559 AND 2898558
	Aggregate  (cost=3744.42..3744.43 rows=1 width=8)
	  ->  Bitmap Heap Scan on sbtest2  (cost=34.33..3742.01 rows=965 width=4)
	        Recheck Cond: ((id >= 2897559) AND (id <= 2898558))
	        ->  Bitmap Index Scan on sbtest2_pkey  (cost=0.00..34.09 rows=965 width=0)
	              Index Cond: ((id >= 2897559) AND (id <= 2898558))

table 3 : explain SELECT SUM(k) FROM sbtest3 WHERE id BETWEEN 8665219 AND 8666218
	Aggregate  (cost=3891.20..3891.21 rows=1 width=8)
	  ->  Bitmap Heap Scan on sbtest3  (cost=34.73..3888.69 rows=1004 width=4)
	        Recheck Cond: ((id >= 8665219) AND (id <= 8666218))
	        ->  Bitmap Index Scan on sbtest3_pkey  (cost=0.00..34.48 rows=1004 width=0)
	              Index Cond: ((id >= 8665219) AND (id <= 8666218))

table 4 : explain SELECT SUM(k) FROM sbtest4 WHERE id BETWEEN 5605008 AND 5606007
	Aggregate  (cost=3488.13..3488.14 rows=1 width=8)
	  ->  Bitmap Heap Scan on sbtest4  (cost=29.64..3485.88 rows=898 width=4)
	        Recheck Cond: ((id >= 5605008) AND (id <= 5606007))
	        ->  Bitmap Index Scan on sbtest4_pkey  (cost=0.00..29.41 rows=898 width=0)
	              Index Cond: ((id >= 5605008) AND (id <= 5606007))

table 5 : explain SELECT SUM(k) FROM sbtest5 WHERE id BETWEEN 8740461 AND 8741460
	Aggregate  (cost=3682.47..3682.48 rows=1 width=8)
	  ->  Bitmap Heap Scan on sbtest5  (cost=34.15..3680.10 rows=948 width=4)
	        Recheck Cond: ((id >= 8740461) AND (id <= 8741460))
	        ->  Bitmap Index Scan on sbtest5_pkey  (cost=0.00..33.92 rows=948 width=0)
	              Index Cond: ((id >= 8740461) AND (id <= 8741460))

table 6 : explain SELECT SUM(k) FROM sbtest6 WHERE id BETWEEN 4503004 AND 4504003
	Aggregate  (cost=3798.34..3798.35 rows=1 width=8)
	  ->  Bitmap Heap Scan on sbtest6  (cost=34.47..3795.90 rows=979 width=4)
	        Recheck Cond: ((id >= 4503004) AND (id <= 4504003))
	        ->  Bitmap Index Scan on sbtest6_pkey  (cost=0.00..34.23 rows=979 width=0)
	              Index Cond: ((id >= 4503004) AND (id <= 4504003))

table 7 : explain SELECT SUM(k) FROM sbtest7 WHERE id BETWEEN 2825211 AND 2826210
	Aggregate  (cost=3768.99..3769.00 rows=1 width=8)
	  ->  Bitmap Heap Scan on sbtest7  (cost=34.39..3766.56 rows=971 width=4)
	        Recheck Cond: ((id >= 2825211) AND (id <= 2826210))
	        ->  Bitmap Index Scan on sbtest7_pkey  (cost=0.00..34.15 rows=971 width=0)
	              Index Cond: ((id >= 2825211) AND (id <= 2826210))

table 8 : explain SELECT SUM(k) FROM sbtest8 WHERE id BETWEEN 1100575 AND 1101574
	Aggregate  (cost=3761.94..3761.95 rows=1 width=8)
	  ->  Bitmap Heap Scan on sbtest8  (cost=34.37..3759.52 rows=969 width=4)
	        Recheck Cond: ((id >= 1100575) AND (id <= 1101574))
	        ->  Bitmap Index Scan on sbtest8_pkey  (cost=0.00..34.12 rows=969 width=0)
	              Index Cond: ((id >= 1100575) AND (id <= 1101574))

for: simple_ranges
table 1 : explain SELECT c FROM sbtest1 WHERE id BETWEEN 5833230 AND 5834229
	Bitmap Heap Scan on sbtest1  (cost=34.79..3917.58 rows=1010 width=121)
	  Recheck Cond: ((id >= 5833230) AND (id <= 5834229))
	  ->  Bitmap Index Scan on sbtest1_pkey  (cost=0.00..34.54 rows=1010 width=0)
	        Index Cond: ((id >= 5833230) AND (id <= 5834229))

table 2 : explain SELECT c FROM sbtest2 WHERE id BETWEEN 4872548 AND 4873547
	Bitmap Heap Scan on sbtest2  (cost=35.37..4126.08 rows=1067 width=121)
	  Recheck Cond: ((id >= 4872548) AND (id <= 4873547))
	  ->  Bitmap Index Scan on sbtest2_pkey  (cost=0.00..35.11 rows=1067 width=0)
	        Index Cond: ((id >= 4872548) AND (id <= 4873547))

table 3 : explain SELECT c FROM sbtest3 WHERE id BETWEEN 4280844 AND 4281843
	Bitmap Heap Scan on sbtest3  (cost=34.80..3915.05 rows=1011 width=121)
	  Recheck Cond: ((id >= 4280844) AND (id <= 4281843))
	  ->  Bitmap Index Scan on sbtest3_pkey  (cost=0.00..34.55 rows=1011 width=0)
	        Index Cond: ((id >= 4280844) AND (id <= 4281843))

table 4 : explain SELECT c FROM sbtest4 WHERE id BETWEEN 5738835 AND 5739834
	Bitmap Heap Scan on sbtest4  (cost=34.62..3852.38 rows=994 width=121)
	  Recheck Cond: ((id >= 5738835) AND (id <= 5739834))
	  ->  Bitmap Index Scan on sbtest4_pkey  (cost=0.00..34.38 rows=994 width=0)
	        Index Cond: ((id >= 5738835) AND (id <= 5739834))

table 5 : explain SELECT c FROM sbtest5 WHERE id BETWEEN 3212340 AND 3213339
	Bitmap Heap Scan on sbtest5  (cost=34.70..3880.13 rows=1001 width=121)
	  Recheck Cond: ((id >= 3212340) AND (id <= 3213339))
	  ->  Bitmap Index Scan on sbtest5_pkey  (cost=0.00..34.45 rows=1001 width=0)
	        Index Cond: ((id >= 3212340) AND (id <= 3213339))

table 6 : explain SELECT c FROM sbtest6 WHERE id BETWEEN 4402223 AND 4403222
	Bitmap Heap Scan on sbtest6  (cost=35.00..3991.86 rows=1031 width=121)
	  Recheck Cond: ((id >= 4402223) AND (id <= 4403222))
	  ->  Bitmap Index Scan on sbtest6_pkey  (cost=0.00..34.75 rows=1031 width=0)
	        Index Cond: ((id >= 4402223) AND (id <= 4403222))

table 7 : explain SELECT c FROM sbtest7 WHERE id BETWEEN 2520373 AND 2521372
	Bitmap Heap Scan on sbtest7  (cost=34.69..3875.96 rows=1000 width=121)
	  Recheck Cond: ((id >= 2520373) AND (id <= 2521372))
	  ->  Bitmap Index Scan on sbtest7_pkey  (cost=0.00..34.44 rows=1000 width=0)
	        Index Cond: ((id >= 2520373) AND (id <= 2521372))

table 8 : explain SELECT c FROM sbtest8 WHERE id BETWEEN 714349 AND 715348
	Bitmap Heap Scan on sbtest8  (cost=34.28..3725.54 rows=960 width=121)
	  Recheck Cond: ((id >= 714349) AND (id <= 715348))
	  ->  Bitmap Index Scan on sbtest8_pkey  (cost=0.00..34.04 rows=960 width=0)
	        Index Cond: ((id >= 714349) AND (id <= 715348))

for: sum_ranges
table 1 : explain SELECT SUM(k) FROM sbtest1 WHERE id BETWEEN 116469 AND 117468
	Aggregate  (cost=4082.42..4082.43 rows=1 width=8)
	  ->  Bitmap Heap Scan on sbtest1  (cost=35.23..4079.79 rows=1053 width=4)
	        Recheck Cond: ((id >= 116469) AND (id <= 117468))
	        ->  Bitmap Index Scan on sbtest1_pkey  (cost=0.00..34.97 rows=1053 width=0)
	              Index Cond: ((id >= 116469) AND (id <= 117468))

table 2 : explain SELECT SUM(k) FROM sbtest2 WHERE id BETWEEN 3333285 AND 3334284
	Aggregate  (cost=3944.29..3944.30 rows=1 width=8)
	  ->  Bitmap Heap Scan on sbtest2  (cost=34.87..3941.74 rows=1018 width=4)
	        Recheck Cond: ((id >= 3333285) AND (id <= 3334284))
	        ->  Bitmap Index Scan on sbtest2_pkey  (cost=0.00..34.62 rows=1018 width=0)
	              Index Cond: ((id >= 3333285) AND (id <= 3334284))

table 3 : explain SELECT SUM(k) FROM sbtest3 WHERE id BETWEEN 3977360 AND 3978359
	Aggregate  (cost=4282.51..4282.52 rows=1 width=8)
	  ->  Bitmap Heap Scan on sbtest3  (cost=35.80..4279.74 rows=1109 width=4)
	        Recheck Cond: ((id >= 3977360) AND (id <= 3978359))
	        ->  Bitmap Index Scan on sbtest3_pkey  (cost=0.00..35.53 rows=1109 width=0)
	              Index Cond: ((id >= 3977360) AND (id <= 3978359))

table 4 : explain SELECT SUM(k) FROM sbtest4 WHERE id BETWEEN 5871631 AND 5872630
	Aggregate  (cost=4080.97..4080.98 rows=1 width=8)
	  ->  Bitmap Heap Scan on sbtest4  (cost=35.24..4078.34 rows=1054 width=4)
	        Recheck Cond: ((id >= 5871631) AND (id <= 5872630))
	        ->  Bitmap Index Scan on sbtest4_pkey  (cost=0.00..34.98 rows=1054 width=0)
	              Index Cond: ((id >= 5871631) AND (id <= 5872630))

table 5 : explain SELECT SUM(k) FROM sbtest5 WHERE id BETWEEN 6765800 AND 6766799
	Aggregate  (cost=4180.34..4180.35 rows=1 width=8)
	  ->  Bitmap Heap Scan on sbtest5  (cost=35.51..4177.64 rows=1080 width=4)
	        Recheck Cond: ((id >= 6765800) AND (id <= 6766799))
	        ->  Bitmap Index Scan on sbtest5_pkey  (cost=0.00..35.23 rows=1080 width=0)
	              Index Cond: ((id >= 6765800) AND (id <= 6766799))

table 6 : explain SELECT SUM(k) FROM sbtest6 WHERE id BETWEEN 5168594 AND 5169593
	Aggregate  (cost=3798.34..3798.35 rows=1 width=8)
	  ->  Bitmap Heap Scan on sbtest6  (cost=34.47..3795.90 rows=979 width=4)
	        Recheck Cond: ((id >= 5168594) AND (id <= 5169593))
	        ->  Bitmap Index Scan on sbtest6_pkey  (cost=0.00..34.23 rows=979 width=0)
	              Index Cond: ((id >= 5168594) AND (id <= 5169593))

table 7 : explain SELECT SUM(k) FROM sbtest7 WHERE id BETWEEN 5842100 AND 5843099
	Aggregate  (cost=3598.69..3598.70 rows=1 width=8)
	  ->  Bitmap Heap Scan on sbtest7  (cost=29.94..3596.38 rows=927 width=4)
	        Recheck Cond: ((id >= 5842100) AND (id <= 5843099))
	        ->  Bitmap Index Scan on sbtest7_pkey  (cost=0.00..29.70 rows=927 width=0)
	              Index Cond: ((id >= 5842100) AND (id <= 5843099))

table 8 : explain SELECT SUM(k) FROM sbtest8 WHERE id BETWEEN 3256452 AND 3257451
	Aggregate  (cost=4248.21..4248.22 rows=1 width=8)
	  ->  Bitmap Heap Scan on sbtest8  (cost=35.69..4245.47 rows=1098 width=4)
	        Recheck Cond: ((id >= 3256452) AND (id <= 3257451))
	        ->  Bitmap Index Scan on sbtest8_pkey  (cost=0.00..35.42 rows=1098 width=0)
	              Index Cond: ((id >= 3256452) AND (id <= 3257451))

for: simple_ranges
table 1 : explain SELECT c FROM sbtest1 WHERE id BETWEEN 9170695 AND 9171694
	Bitmap Heap Scan on sbtest1  (cost=34.92..3966.65 rows=1023 width=121)
	  Recheck Cond: ((id >= 9170695) AND (id <= 9171694))
	  ->  Bitmap Index Scan on sbtest1_pkey  (cost=0.00..34.67 rows=1023 width=0)
	        Index Cond: ((id >= 9170695) AND (id <= 9171694))

table 2 : explain SELECT c FROM sbtest2 WHERE id BETWEEN 4353045 AND 4354044
	Bitmap Heap Scan on sbtest2  (cost=34.70..3877.72 rows=1001 width=121)
	  Recheck Cond: ((id >= 4353045) AND (id <= 4354044))
	  ->  Bitmap Index Scan on sbtest2_pkey  (cost=0.00..34.45 rows=1001 width=0)
	        Index Cond: ((id >= 4353045) AND (id <= 4354044))

table 3 : explain SELECT c FROM sbtest3 WHERE id BETWEEN 9743810 AND 9744809
	Bitmap Heap Scan on sbtest3  (cost=34.19..3692.66 rows=952 width=121)
	  Recheck Cond: ((id >= 9743810) AND (id <= 9744809))
	  ->  Bitmap Index Scan on sbtest3_pkey  (cost=0.00..33.95 rows=952 width=0)
	        Index Cond: ((id >= 9743810) AND (id <= 9744809))

table 4 : explain SELECT c FROM sbtest4 WHERE id BETWEEN 941061 AND 942060
	Bitmap Heap Scan on sbtest4  (cost=34.67..3871.23 rows=999 width=121)
	  Recheck Cond: ((id >= 941061) AND (id <= 942060))
	  ->  Bitmap Index Scan on sbtest4_pkey  (cost=0.00..34.43 rows=999 width=0)
	        Index Cond: ((id >= 941061) AND (id <= 942060))

table 5 : explain SELECT c FROM sbtest5 WHERE id BETWEEN 7763507 AND 7764506
	Bitmap Heap Scan on sbtest5  (cost=34.92..3963.06 rows=1023 width=121)
	  Recheck Cond: ((id >= 7763507) AND (id <= 7764506))
	  ->  Bitmap Index Scan on sbtest5_pkey  (cost=0.00..34.67 rows=1023 width=0)
	        Index Cond: ((id >= 7763507) AND (id <= 7764506))

table 6 : explain SELECT c FROM sbtest6 WHERE id BETWEEN 8255527 AND 8256526
	Bitmap Heap Scan on sbtest6  (cost=34.20..3697.79 rows=953 width=121)
	  Recheck Cond: ((id >= 8255527) AND (id <= 8256526))
	  ->  Bitmap Index Scan on sbtest6_pkey  (cost=0.00..33.97 rows=953 width=0)
	        Index Cond: ((id >= 8255527) AND (id <= 8256526))

table 7 : explain SELECT c FROM sbtest7 WHERE id BETWEEN 2090528 AND 2091527
	Bitmap Heap Scan on sbtest7  (cost=30.02..3626.61 rows=935 width=121)
	  Recheck Cond: ((id >= 2090528) AND (id <= 2091527))
	  ->  Bitmap Index Scan on sbtest7_pkey  (cost=0.00..29.79 rows=935 width=0)
	        Index Cond: ((id >= 2090528) AND (id <= 2091527))

table 8 : explain SELECT c FROM sbtest8 WHERE id BETWEEN 4884635 AND 4885634
	Bitmap Heap Scan on sbtest8  (cost=34.12..3668.88 rows=945 width=121)
	  Recheck Cond: ((id >= 4884635) AND (id <= 4885634))
	  ->  Bitmap Index Scan on sbtest8_pkey  (cost=0.00..33.89 rows=945 width=0)
	        Index Cond: ((id >= 4884635) AND (id <= 4885634))

for: order_ranges
table 1 : explain SELECT c FROM sbtest1 WHERE id BETWEEN 2702750 AND 2703749 ORDER BY c
	Sort  (cost=4258.89..4261.60 rows=1086 width=121)
	  Sort Key: c
	  ->  Bitmap Heap Scan on sbtest1  (cost=35.57..4204.12 rows=1086 width=121)
	        Recheck Cond: ((id >= 2702750) AND (id <= 2703749))
	        ->  Bitmap Index Scan on sbtest1_pkey  (cost=0.00..35.30 rows=1086 width=0)
	              Index Cond: ((id >= 2702750) AND (id <= 2703749))

table 2 : explain SELECT c FROM sbtest2 WHERE id BETWEEN 8681314 AND 8682313 ORDER BY c
	Sort  (cost=4145.39..4148.04 rows=1058 width=121)
	  Sort Key: c
	  ->  Bitmap Heap Scan on sbtest2  (cost=35.28..4092.24 rows=1058 width=121)
	        Recheck Cond: ((id >= 8681314) AND (id <= 8682313))
	        ->  Bitmap Index Scan on sbtest2_pkey  (cost=0.00..35.02 rows=1058 width=0)
	              Index Cond: ((id >= 8681314) AND (id <= 8682313))

table 3 : explain SELECT c FROM sbtest3 WHERE id BETWEEN 6323221 AND 6324220 ORDER BY c
	Sort  (cost=4270.93..4273.66 rows=1091 width=121)
	  Sort Key: c
	  ->  Bitmap Heap Scan on sbtest3  (cost=35.62..4215.89 rows=1091 width=121)
	        Recheck Cond: ((id >= 6323221) AND (id <= 6324220))
	        ->  Bitmap Index Scan on sbtest3_pkey  (cost=0.00..35.34 rows=1091 width=0)
	              Index Cond: ((id >= 6323221) AND (id <= 6324220))

table 4 : explain SELECT c FROM sbtest4 WHERE id BETWEEN 5751769 AND 5752768 ORDER BY c
	Sort  (cost=3901.87..3904.35 rows=994 width=121)
	  Sort Key: c
	  ->  Bitmap Heap Scan on sbtest4  (cost=34.62..3852.38 rows=994 width=121)
	        Recheck Cond: ((id >= 5751769) AND (id <= 5752768))
	        ->  Bitmap Index Scan on sbtest4_pkey  (cost=0.00..34.38 rows=994 width=0)
	              Index Cond: ((id >= 5751769) AND (id <= 5752768))

table 5 : explain SELECT c FROM sbtest5 WHERE id BETWEEN 7334766 AND 7335765 ORDER BY c
	Sort  (cost=3910.88..3913.37 rows=996 width=121)
	  Sort Key: c
	  ->  Bitmap Heap Scan on sbtest5  (cost=34.64..3861.28 rows=996 width=121)
	        Recheck Cond: ((id >= 7334766) AND (id <= 7335765))
	        ->  Bitmap Index Scan on sbtest5_pkey  (cost=0.00..34.40 rows=996 width=0)
	              Index Cond: ((id >= 7334766) AND (id <= 7335765))

table 6 : explain SELECT c FROM sbtest6 WHERE id BETWEEN 6140153 AND 6141152 ORDER BY c
	Sort  (cost=4051.10..4053.68 rows=1033 width=121)
	  Sort Key: c
	  ->  Bitmap Heap Scan on sbtest6  (cost=35.02..3999.39 rows=1033 width=121)
	        Recheck Cond: ((id >= 6140153) AND (id <= 6141152))
	        ->  Bitmap Index Scan on sbtest6_pkey  (cost=0.00..34.77 rows=1033 width=0)
	              Index Cond: ((id >= 6140153) AND (id <= 6141152))

table 7 : explain SELECT c FROM sbtest7 WHERE id BETWEEN 1265069 AND 1266068 ORDER BY c
	Sort  (cost=4040.56..4043.13 rows=1030 width=121)
	  Sort Key: c
	  ->  Bitmap Heap Scan on sbtest7  (cost=34.99..3989.01 rows=1030 width=121)
	        Recheck Cond: ((id >= 1265069) AND (id <= 1266068))
	        ->  Bitmap Index Scan on sbtest7_pkey  (cost=0.00..34.73 rows=1030 width=0)
	              Index Cond: ((id >= 1265069) AND (id <= 1266068))

table 8 : explain SELECT c FROM sbtest8 WHERE id BETWEEN 4177811 AND 4178810 ORDER BY c
	Sort  (cost=4083.18..4085.78 rows=1041 width=121)
	  Sort Key: c
	  ->  Bitmap Heap Scan on sbtest8  (cost=35.11..4031.00 rows=1041 width=121)
	        Recheck Cond: ((id >= 4177811) AND (id <= 4178810))
	        ->  Bitmap Index Scan on sbtest8_pkey  (cost=0.00..34.84 rows=1041 width=0)
	              Index Cond: ((id >= 4177811) AND (id <= 4178810))

for: simple_ranges
table 1 : explain SELECT c FROM sbtest1 WHERE id BETWEEN 7968431 AND 7969430
	Bitmap Heap Scan on sbtest1  (cost=34.82..3928.91 rows=1013 width=121)
	  Recheck Cond: ((id >= 7968431) AND (id <= 7969430))
	  ->  Bitmap Index Scan on sbtest1_pkey  (cost=0.00..34.57 rows=1013 width=0)
	        Index Cond: ((id >= 7968431) AND (id <= 7969430))

table 2 : explain SELECT c FROM sbtest2 WHERE id BETWEEN 463830 AND 464829
	Bitmap Heap Scan on sbtest2  (cost=35.04..4005.73 rows=1035 width=121)
	  Recheck Cond: ((id >= 463830) AND (id <= 464829))
	  ->  Bitmap Index Scan on sbtest2_pkey  (cost=0.00..34.79 rows=1035 width=0)
	        Index Cond: ((id >= 463830) AND (id <= 464829))

table 3 : explain SELECT c FROM sbtest3 WHERE id BETWEEN 8135423 AND 8136422
	Bitmap Heap Scan on sbtest3  (cost=34.71..3881.16 rows=1002 width=121)
	  Recheck Cond: ((id >= 8135423) AND (id <= 8136422))
	  ->  Bitmap Index Scan on sbtest3_pkey  (cost=0.00..34.45 rows=1002 width=0)
	        Index Cond: ((id >= 8135423) AND (id <= 8136422))

table 4 : explain SELECT c FROM sbtest4 WHERE id BETWEEN 5817969 AND 5818968
	Bitmap Heap Scan on sbtest4  (cost=34.62..3852.38 rows=994 width=121)
	  Recheck Cond: ((id >= 5817969) AND (id <= 5818968))
	  ->  Bitmap Index Scan on sbtest4_pkey  (cost=0.00..34.38 rows=994 width=0)
	        Index Cond: ((id >= 5817969) AND (id <= 5818968))

table 5 : explain SELECT c FROM sbtest5 WHERE id BETWEEN 3938748 AND 3939747
	Bitmap Heap Scan on sbtest5  (cost=35.14..4042.17 rows=1044 width=121)
	  Recheck Cond: ((id >= 3938748) AND (id <= 3939747))
	  ->  Bitmap Index Scan on sbtest5_pkey  (cost=0.00..34.88 rows=1044 width=0)
	        Index Cond: ((id >= 3938748) AND (id <= 3939747))

table 6 : explain SELECT c FROM sbtest6 WHERE id BETWEEN 9534425 AND 9535424
	Bitmap Heap Scan on sbtest6  (cost=34.64..3860.00 rows=996 width=121)
	  Recheck Cond: ((id >= 9534425) AND (id <= 9535424))
	  ->  Bitmap Index Scan on sbtest6_pkey  (cost=0.00..34.40 rows=996 width=0)
	        Index Cond: ((id >= 9534425) AND (id <= 9535424))

table 7 : explain SELECT c FROM sbtest7 WHERE id BETWEEN 1408166 AND 1409165
	Bitmap Heap Scan on sbtest7  (cost=35.41..4143.34 rows=1071 width=121)
	  Recheck Cond: ((id >= 1408166) AND (id <= 1409165))
	  ->  Bitmap Index Scan on sbtest7_pkey  (cost=0.00..35.15 rows=1071 width=0)
	        Index Cond: ((id >= 1408166) AND (id <= 1409165))

table 8 : explain SELECT c FROM sbtest8 WHERE id BETWEEN 1966194 AND 1967193
	Bitmap Heap Scan on sbtest8  (cost=35.01..3997.10 rows=1032 width=121)
	  Recheck Cond: ((id >= 1966194) AND (id <= 1967193))
	  ->  Bitmap Index Scan on sbtest8_pkey  (cost=0.00..34.76 rows=1032 width=0)
	        Index Cond: ((id >= 1966194) AND (id <= 1967193))

explain: for point_selects :: explain SELECT c FROM sbtest%u WHERE id=%u
explain: for point_selects :: explain SELECT c FROM sbtest%u WHERE id=%u
explain: for point_selects :: explain SELECT c FROM sbtest%u WHERE id=%u
explain: for point_selects :: explain SELECT c FROM sbtest%u WHERE id=%u
for: simple_ranges
table 1 : explain SELECT c FROM sbtest1 WHERE id BETWEEN 9736349 AND 9737348
	Bitmap Heap Scan on sbtest1  (cost=35.54..4192.83 rows=1083 width=121)
	  Recheck Cond: ((id >= 9736349) AND (id <= 9737348))
	  ->  Bitmap Index Scan on sbtest1_pkey  (cost=0.00..35.27 rows=1083 width=0)
	        Index Cond: ((id >= 9736349) AND (id <= 9737348))

table 2 : explain SELECT c FROM sbtest2 WHERE id BETWEEN 4997674 AND 4998673
	Bitmap Heap Scan on sbtest2  (cost=29.79..3541.69 rows=913 width=121)
	  Recheck Cond: ((id >= 4997674) AND (id <= 4998673))
	  ->  Bitmap Index Scan on sbtest2_pkey  (cost=0.00..29.57 rows=913 width=0)
	        Index Cond: ((id >= 4997674) AND (id <= 4998673))

table 3 : explain SELECT c FROM sbtest3 WHERE id BETWEEN 2119735 AND 2120734
	Bitmap Heap Scan on sbtest3  (cost=34.57..3832.18 rows=989 width=121)
	  Recheck Cond: ((id >= 2119735) AND (id <= 2120734))
	  ->  Bitmap Index Scan on sbtest3_pkey  (cost=0.00..34.33 rows=989 width=0)
	        Index Cond: ((id >= 2119735) AND (id <= 2120734))

table 4 : explain SELECT c FROM sbtest4 WHERE id BETWEEN 3785365 AND 3786364
	Bitmap Heap Scan on sbtest4  (cost=34.32..3739.23 rows=964 width=121)
	  Recheck Cond: ((id >= 3785365) AND (id <= 3786364))
	  ->  Bitmap Index Scan on sbtest4_pkey  (cost=0.00..34.08 rows=964 width=0)
	        Index Cond: ((id >= 3785365) AND (id <= 3786364))

table 5 : explain SELECT c FROM sbtest5 WHERE id BETWEEN 6083966 AND 6084965
	Bitmap Heap Scan on sbtest5  (cost=34.61..3849.96 rows=993 width=121)
	  Recheck Cond: ((id >= 6083966) AND (id <= 6084965))
	  ->  Bitmap Index Scan on sbtest5_pkey  (cost=0.00..34.37 rows=993 width=0)
	        Index Cond: ((id >= 6083966) AND (id <= 6084965))

table 6 : explain SELECT c FROM sbtest6 WHERE id BETWEEN 4077125 AND 4078124
	Bitmap Heap Scan on sbtest6  (cost=35.75..4266.38 rows=1104 width=121)
	  Recheck Cond: ((id >= 4077125) AND (id <= 4078124))
	  ->  Bitmap Index Scan on sbtest6_pkey  (cost=0.00..35.48 rows=1104 width=0)
	        Index Cond: ((id >= 4077125) AND (id <= 4078124))

table 7 : explain SELECT c FROM sbtest7 WHERE id BETWEEN 9518969 AND 9519968
	Bitmap Heap Scan on sbtest7  (cost=34.74..3894.81 rows=1005 width=121)
	  Recheck Cond: ((id >= 9518969) AND (id <= 9519968))
	  ->  Bitmap Index Scan on sbtest7_pkey  (cost=0.00..34.48 rows=1005 width=0)
	        Index Cond: ((id >= 9518969) AND (id <= 9519968))

table 8 : explain SELECT c FROM sbtest8 WHERE id BETWEEN 6127736 AND 6128735
	Bitmap Heap Scan on sbtest8  (cost=35.12..4034.77 rows=1042 width=121)
	  Recheck Cond: ((id >= 6127736) AND (id <= 6128735))
	  ->  Bitmap Index Scan on sbtest8_pkey  (cost=0.00..34.86 rows=1042 width=0)
	        Index Cond: ((id >= 6127736) AND (id <= 6128735))

for: distinct_ranges
table 1 : explain SELECT DISTINCT c FROM sbtest1 WHERE id BETWEEN 5999609 AND 6000608 ORDER BY c
	Unique  (cost=3829.95..3834.82 rows=974 width=121)
	  ->  Sort  (cost=3829.95..3832.38 rows=974 width=121)
	        Sort Key: c
	        ->  Bitmap Heap Scan on sbtest1  (cost=34.42..3781.60 rows=974 width=121)
	              Recheck Cond: ((id >= 5999609) AND (id <= 6000608))
	              ->  Bitmap Index Scan on sbtest1_pkey  (cost=0.00..34.18 rows=974 width=0)
	                    Index Cond: ((id >= 5999609) AND (id <= 6000608))

table 2 : explain SELECT DISTINCT c FROM sbtest2 WHERE id BETWEEN 744048 AND 745047 ORDER BY c
	Unique  (cost=3571.24..3575.79 rows=909 width=121)
	  ->  Sort  (cost=3571.24..3573.52 rows=909 width=121)
	        Sort Key: c
	        ->  Bitmap Heap Scan on sbtest2  (cost=29.75..3526.57 rows=909 width=121)
	              Recheck Cond: ((id >= 744048) AND (id <= 745047))
	              ->  Bitmap Index Scan on sbtest2_pkey  (cost=0.00..29.52 rows=909 width=0)
	                    Index Cond: ((id >= 744048) AND (id <= 745047))

table 3 : explain SELECT DISTINCT c FROM sbtest3 WHERE id BETWEEN 7252863 AND 7253862 ORDER BY c
	Unique  (cost=3889.03..3893.99 rows=991 width=121)
	  ->  Sort  (cost=3889.03..3891.51 rows=991 width=121)
	        Sort Key: c
	        ->  Bitmap Heap Scan on sbtest3  (cost=34.59..3839.72 rows=991 width=121)
	              Recheck Cond: ((id >= 7252863) AND (id <= 7253862))
	              ->  Bitmap Index Scan on sbtest3_pkey  (cost=0.00..34.34 rows=991 width=0)
	                    Index Cond: ((id >= 7252863) AND (id <= 7253862))

table 4 : explain SELECT DISTINCT c FROM sbtest4 WHERE id BETWEEN 7170535 AND 7171534 ORDER BY c
	Unique  (cost=4474.82..4480.54 rows=1144 width=121)
	  ->  Sort  (cost=4474.82..4477.68 rows=1144 width=121)
	        Sort Key: c
	        ->  Bitmap Heap Scan on sbtest4  (cost=40.16..4416.70 rows=1144 width=121)
	              Recheck Cond: ((id >= 7170535) AND (id <= 7171534))
	              ->  Bitmap Index Scan on sbtest4_pkey  (cost=0.00..39.88 rows=1144 width=0)
	                    Index Cond: ((id >= 7170535) AND (id <= 7171534))

table 5 : explain SELECT DISTINCT c FROM sbtest5 WHERE id BETWEEN 6575253 AND 6576252 ORDER BY c
	Unique  (cost=3749.97..3754.74 rows=954 width=121)
	  ->  Sort  (cost=3749.97..3752.36 rows=954 width=121)
	        Sort Key: c
	        ->  Bitmap Heap Scan on sbtest5  (cost=34.21..3702.76 rows=954 width=121)
	              Recheck Cond: ((id >= 6575253) AND (id <= 6576252))
	              ->  Bitmap Index Scan on sbtest5_pkey  (cost=0.00..33.98 rows=954 width=0)
	                    Index Cond: ((id >= 6575253) AND (id <= 6576252))

table 6 : explain SELECT DISTINCT c FROM sbtest6 WHERE id BETWEEN 4483992 AND 4484991 ORDER BY c
	Unique  (cost=3844.53..3849.42 rows=979 width=121)
	  ->  Sort  (cost=3844.53..3846.98 rows=979 width=121)
	        Sort Key: c
	        ->  Bitmap Heap Scan on sbtest6  (cost=34.47..3795.90 rows=979 width=121)
	              Recheck Cond: ((id >= 4483992) AND (id <= 4484991))
	              ->  Bitmap Index Scan on sbtest6_pkey  (cost=0.00..34.23 rows=979 width=0)
	                    Index Cond: ((id >= 4483992) AND (id <= 4484991))

table 7 : explain SELECT DISTINCT c FROM sbtest7 WHERE id BETWEEN 4603176 AND 4604175 ORDER BY c
	Unique  (cost=3676.58..3681.26 rows=936 width=121)
	  ->  Sort  (cost=3676.58..3678.92 rows=936 width=121)
	        Sort Key: c
	        ->  Bitmap Heap Scan on sbtest7  (cost=30.03..3630.39 rows=936 width=121)
	              Recheck Cond: ((id >= 4603176) AND (id <= 4604175))
	              ->  Bitmap Index Scan on sbtest7_pkey  (cost=0.00..29.79 rows=936 width=0)
	                    Index Cond: ((id >= 4603176) AND (id <= 4604175))

table 8 : explain SELECT DISTINCT c FROM sbtest8 WHERE id BETWEEN 5053376 AND 5054375 ORDER BY c
	Unique  (cost=4289.47..4294.94 rows=1095 width=121)
	  ->  Sort  (cost=4289.47..4292.20 rows=1095 width=121)
	        Sort Key: c
	        ->  Bitmap Heap Scan on sbtest8  (cost=35.66..4234.19 rows=1095 width=121)
	              Recheck Cond: ((id >= 5053376) AND (id <= 5054375))
	              ->  Bitmap Index Scan on sbtest8_pkey  (cost=0.00..35.39 rows=1095 width=0)
	                    Index Cond: ((id >= 5053376) AND (id <= 5054375))

for: distinct_ranges
table 1 : explain SELECT DISTINCT c FROM sbtest1 WHERE id BETWEEN 2236943 AND 2237942 ORDER BY c
	Unique  (cost=3803.09..3807.93 rows=967 width=121)
	  ->  Sort  (cost=3803.09..3805.51 rows=967 width=121)
	        Sort Key: c
	        ->  Bitmap Heap Scan on sbtest1  (cost=34.35..3755.14 rows=967 width=121)
	              Recheck Cond: ((id >= 2236943) AND (id <= 2237942))
	              ->  Bitmap Index Scan on sbtest1_pkey  (cost=0.00..34.11 rows=967 width=0)
	                    Index Cond: ((id >= 2236943) AND (id <= 2237942))

table 2 : explain SELECT DISTINCT c FROM sbtest2 WHERE id BETWEEN 7934176 AND 7935175 ORDER BY c
	Unique  (cost=3724.74..3729.48 rows=948 width=121)
	  ->  Sort  (cost=3724.74..3727.11 rows=948 width=121)
	        Sort Key: c
	        ->  Bitmap Heap Scan on sbtest2  (cost=34.15..3677.87 rows=948 width=121)
	              Recheck Cond: ((id >= 7934176) AND (id <= 7935175))
	              ->  Bitmap Index Scan on sbtest2_pkey  (cost=0.00..33.92 rows=948 width=0)
	                    Index Cond: ((id >= 7934176) AND (id <= 7935175))

table 3 : explain SELECT DISTINCT c FROM sbtest3 WHERE id BETWEEN 9846458 AND 9847457 ORDER BY c
	Unique  (cost=3758.91..3763.70 rows=957 width=121)
	  ->  Sort  (cost=3758.91..3761.30 rows=957 width=121)
	        Sort Key: c
	        ->  Bitmap Heap Scan on sbtest3  (cost=34.24..3711.53 rows=957 width=121)
	              Recheck Cond: ((id >= 9846458) AND (id <= 9847457))
	              ->  Bitmap Index Scan on sbtest3_pkey  (cost=0.00..34.01 rows=957 width=0)
	                    Index Cond: ((id >= 9846458) AND (id <= 9847457))

table 4 : explain SELECT DISTINCT c FROM sbtest4 WHERE id BETWEEN 6283306 AND 6284305 ORDER BY c
	Unique  (cost=3572.15..3576.70 rows=909 width=121)
	  ->  Sort  (cost=3572.15..3574.42 rows=909 width=121)
	        Sort Key: c
	        ->  Bitmap Heap Scan on sbtest4  (cost=29.75..3527.48 rows=909 width=121)
	              Recheck Cond: ((id >= 6283306) AND (id <= 6284305))
	              ->  Bitmap Index Scan on sbtest4_pkey  (cost=0.00..29.52 rows=909 width=0)
	                    Index Cond: ((id >= 6283306) AND (id <= 6284305))

table 5 : explain SELECT DISTINCT c FROM sbtest5 WHERE id BETWEEN 9437538 AND 9438537 ORDER BY c
	Unique  (cost=3542.62..3547.12 rows=901 width=121)
	  ->  Sort  (cost=3542.62..3544.87 rows=901 width=121)
	        Sort Key: c
	        ->  Bitmap Heap Scan on sbtest5  (cost=29.67..3498.40 rows=901 width=121)
	              Recheck Cond: ((id >= 9437538) AND (id <= 9438537))
	              ->  Bitmap Index Scan on sbtest5_pkey  (cost=0.00..29.44 rows=901 width=0)
	                    Index Cond: ((id >= 9437538) AND (id <= 9438537))

table 6 : explain SELECT DISTINCT c FROM sbtest6 WHERE id BETWEEN 2246569 AND 2247568 ORDER BY c
	Unique  (cost=3963.16..3968.21 rows=1010 width=121)
	  ->  Sort  (cost=3963.16..3965.69 rows=1010 width=121)
	        Sort Key: c
	        ->  Bitmap Heap Scan on sbtest6  (cost=34.79..3912.76 rows=1010 width=121)
	              Recheck Cond: ((id >= 2246569) AND (id <= 2247568))
	              ->  Bitmap Index Scan on sbtest6_pkey  (cost=0.00..34.54 rows=1010 width=0)
	                    Index Cond: ((id >= 2246569) AND (id <= 2247568))

table 7 : explain SELECT DISTINCT c FROM sbtest7 WHERE id BETWEEN 953453 AND 954452 ORDER BY c
	Unique  (cost=3715.10..3719.82 rows=945 width=121)
	  ->  Sort  (cost=3715.10..3717.46 rows=945 width=121)
	        Sort Key: c
	        ->  Bitmap Heap Scan on sbtest7  (cost=34.12..3668.39 rows=945 width=121)
	              Recheck Cond: ((id >= 953453) AND (id <= 954452))
	              ->  Bitmap Index Scan on sbtest7_pkey  (cost=0.00..33.89 rows=945 width=0)
	                    Index Cond: ((id >= 953453) AND (id <= 954452))

table 8 : explain SELECT DISTINCT c FROM sbtest8 WHERE id BETWEEN 3149175 AND 3150174 ORDER BY c
	Unique  (cost=3930.15..3935.15 rows=1001 width=121)
	  ->  Sort  (cost=3930.15..3932.65 rows=1001 width=121)
	        Sort Key: c
	        ->  Bitmap Heap Scan on sbtest8  (cost=34.70..3880.26 rows=1001 width=121)
	              Recheck Cond: ((id >= 3149175) AND (id <= 3150174))
	              ->  Bitmap Index Scan on sbtest8_pkey  (cost=0.00..34.45 rows=1001 width=0)
	                    Index Cond: ((id >= 3149175) AND (id <= 3150174))

explain: for point_selects :: explain SELECT c FROM sbtest%u WHERE id=%u
for point_selects
table 1 : explain SELECT c FROM sbtest1 WHERE id=9039429
	Index Scan using sbtest1_pkey on sbtest1  (cost=0.43..8.45 rows=1 width=121)
	  Index Cond: (id = 9039429)

table 2 : explain SELECT c FROM sbtest2 WHERE id=3919574
	Index Scan using sbtest2_pkey on sbtest2  (cost=0.43..8.45 rows=1 width=121)
	  Index Cond: (id = 3919574)

table 3 : explain SELECT c FROM sbtest3 WHERE id=1607902
	Index Scan using sbtest3_pkey on sbtest3  (cost=0.43..8.45 rows=1 width=121)
	  Index Cond: (id = 1607902)

table 4 : explain SELECT c FROM sbtest4 WHERE id=4643659
	Index Scan using sbtest4_pkey on sbtest4  (cost=0.43..8.45 rows=1 width=121)
	  Index Cond: (id = 4643659)

table 5 : explain SELECT c FROM sbtest5 WHERE id=1697015
	Index Scan using sbtest5_pkey on sbtest5  (cost=0.43..8.45 rows=1 width=121)
	  Index Cond: (id = 1697015)

table 6 : explain SELECT c FROM sbtest6 WHERE id=7457193
	Index Scan using sbtest6_pkey on sbtest6  (cost=0.43..8.45 rows=1 width=121)
	  Index Cond: (id = 7457193)

table 7 : explain SELECT c FROM sbtest7 WHERE id=1269745
	Index Scan using sbtest7_pkey on sbtest7  (cost=0.43..8.45 rows=1 width=121)
	  Index Cond: (id = 1269745)

table 8 : explain SELECT c FROM sbtest8 WHERE id=8786860
	Index Scan using sbtest8_pkey on sbtest8  (cost=0.43..8.45 rows=1 width=121)
	  Index Cond: (id = 8786860)

for: distinct_ranges
table 1 : explain SELECT DISTINCT c FROM sbtest1 WHERE id BETWEEN 8845366 AND 8846365 ORDER BY c
	Unique  (cost=3925.82..3930.82 rows=999 width=121)
	  ->  Sort  (cost=3925.82..3928.32 rows=999 width=121)
	        Sort Key: c
	        ->  Bitmap Heap Scan on sbtest1  (cost=34.67..3876.05 rows=999 width=121)
	              Recheck Cond: ((id >= 8845366) AND (id <= 8846365))
	              ->  Bitmap Index Scan on sbtest1_pkey  (cost=0.00..34.43 rows=999 width=0)
	                    Index Cond: ((id >= 8845366) AND (id <= 8846365))

table 2 : explain SELECT DISTINCT c FROM sbtest2 WHERE id BETWEEN 286272 AND 287271 ORDER BY c
	Unique  (cost=3858.74..3863.66 rows=983 width=121)
	  ->  Sort  (cost=3858.74..3861.20 rows=983 width=121)
	        Sort Key: c
	        ->  Bitmap Heap Scan on sbtest2  (cost=34.51..3809.88 rows=983 width=121)
	              Recheck Cond: ((id >= 286272) AND (id <= 287271))
	              ->  Bitmap Index Scan on sbtest2_pkey  (cost=0.00..34.27 rows=983 width=0)
	                    Index Cond: ((id >= 286272) AND (id <= 287271))

table 3 : explain SELECT DISTINCT c FROM sbtest3 WHERE id BETWEEN 2433076 AND 2434075 ORDER BY c
	Unique  (cost=3919.63..3924.63 rows=999 width=121)
	  ->  Sort  (cost=3919.63..3922.13 rows=999 width=121)
	        Sort Key: c
	        ->  Bitmap Heap Scan on sbtest3  (cost=34.67..3869.86 rows=999 width=121)
	              Recheck Cond: ((id >= 2433076) AND (id <= 2434075))
	              ->  Bitmap Index Scan on sbtest3_pkey  (cost=0.00..34.43 rows=999 width=0)
	                    Index Cond: ((id >= 2433076) AND (id <= 2434075))

table 4 : explain SELECT DISTINCT c FROM sbtest4 WHERE id BETWEEN 5840990 AND 5841989 ORDER BY c
	Unique  (cost=4131.26..4136.53 rows=1054 width=121)
	  ->  Sort  (cost=4131.26..4133.89 rows=1054 width=121)
	        Sort Key: c
	        ->  Bitmap Heap Scan on sbtest4  (cost=35.24..4078.34 rows=1054 width=121)
	              Recheck Cond: ((id >= 5840990) AND (id <= 5841989))
	              ->  Bitmap Index Scan on sbtest4_pkey  (cost=0.00..34.98 rows=1054 width=0)
	                    Index Cond: ((id >= 5840990) AND (id <= 5841989))

table 5 : explain SELECT DISTINCT c FROM sbtest5 WHERE id BETWEEN 4655871 AND 4656870 ORDER BY c
	Unique  (cost=3998.90..4004.00 rows=1019 width=121)
	  ->  Sort  (cost=3998.90..4001.45 rows=1019 width=121)
	        Sort Key: c
	        ->  Bitmap Heap Scan on sbtest5  (cost=34.88..3947.99 rows=1019 width=121)
	              Recheck Cond: ((id >= 4655871) AND (id <= 4656870))
	              ->  Bitmap Index Scan on sbtest5_pkey  (cost=0.00..34.62 rows=1019 width=0)
	                    Index Cond: ((id >= 4655871) AND (id <= 4656870))

table 6 : explain SELECT DISTINCT c FROM sbtest6 WHERE id BETWEEN 7267883 AND 7268882 ORDER BY c
	Unique  (cost=3530.00..3534.49 rows=898 width=121)
	  ->  Sort  (cost=3530.00..3532.25 rows=898 width=121)
	        Sort Key: c
	        ->  Bitmap Heap Scan on sbtest6  (cost=29.64..3485.95 rows=898 width=121)
	              Recheck Cond: ((id >= 7267883) AND (id <= 7268882))
	              ->  Bitmap Index Scan on sbtest6_pkey  (cost=0.00..29.41 rows=898 width=0)
	                    Index Cond: ((id >= 7267883) AND (id <= 7268882))

table 7 : explain SELECT DISTINCT c FROM sbtest7 WHERE id BETWEEN 7209959 AND 7210958 ORDER BY c
	Unique  (cost=3967.88..3972.94 rows=1011 width=121)
	  ->  Sort  (cost=3967.88..3970.41 rows=1011 width=121)
	        Sort Key: c
	        ->  Bitmap Heap Scan on sbtest7  (cost=34.80..3917.43 rows=1011 width=121)
	              Recheck Cond: ((id >= 7209959) AND (id <= 7210958))
	              ->  Bitmap Index Scan on sbtest7_pkey  (cost=0.00..34.55 rows=1011 width=0)
	                    Index Cond: ((id >= 7209959) AND (id <= 7210958))

table 8 : explain SELECT DISTINCT c FROM sbtest8 WHERE id BETWEEN 3866510 AND 3867509 ORDER BY c
	Unique  (cost=4171.08..4176.40 rows=1064 width=121)
	  ->  Sort  (cost=4171.08..4173.74 rows=1064 width=121)
	        Sort Key: c
	        ->  Bitmap Heap Scan on sbtest8  (cost=35.34..4117.59 rows=1064 width=121)
	              Recheck Cond: ((id >= 3866510) AND (id <= 3867509))
	              ->  Bitmap Index Scan on sbtest8_pkey  (cost=0.00..35.08 rows=1064 width=0)
	                    Index Cond: ((id >= 3866510) AND (id <= 3867509))

for: sum_ranges
table 1 : explain SELECT SUM(k) FROM sbtest1 WHERE id BETWEEN 6546252 AND 6547251
	Aggregate  (cost=3946.55..3946.56 rows=1 width=8)
	  ->  Bitmap Heap Scan on sbtest1  (cost=34.86..3944.00 rows=1017 width=4)
	        Recheck Cond: ((id >= 6546252) AND (id <= 6547251))
	        ->  Bitmap Index Scan on sbtest1_pkey  (cost=0.00..34.61 rows=1017 width=0)
	              Index Cond: ((id >= 6546252) AND (id <= 6547251))

table 2 : explain SELECT SUM(k) FROM sbtest2 WHERE id BETWEEN 520659 AND 521658
	Aggregate  (cost=3555.32..3555.33 rows=1 width=8)
	  ->  Bitmap Heap Scan on sbtest2  (cost=29.82..3553.03 rows=916 width=4)
	        Recheck Cond: ((id >= 520659) AND (id <= 521658))
	        ->  Bitmap Index Scan on sbtest2_pkey  (cost=0.00..29.59 rows=916 width=0)
	              Index Cond: ((id >= 520659) AND (id <= 521658))

table 3 : explain SELECT SUM(k) FROM sbtest3 WHERE id BETWEEN 7990481 AND 7991480
	Aggregate  (cost=3977.85..3977.86 rows=1 width=8)
	  ->  Bitmap Heap Scan on sbtest3  (cost=34.96..3975.28 rows=1027 width=4)
	        Recheck Cond: ((id >= 7990481) AND (id <= 7991480))
	        ->  Bitmap Index Scan on sbtest3_pkey  (cost=0.00..34.70 rows=1027 width=0)
	              Index Cond: ((id >= 7990481) AND (id <= 7991480))

table 4 : explain SELECT SUM(k) FROM sbtest4 WHERE id BETWEEN 4350262 AND 4351261
	Aggregate  (cost=3707.65..3707.66 rows=1 width=8)
	  ->  Bitmap Heap Scan on sbtest4  (cost=34.22..3705.26 rows=955 width=4)
	        Recheck Cond: ((id >= 4350262) AND (id <= 4351261))
	        ->  Bitmap Index Scan on sbtest4_pkey  (cost=0.00..33.98 rows=955 width=0)
	              Index Cond: ((id >= 4350262) AND (id <= 4351261))

table 5 : explain SELECT SUM(k) FROM sbtest5 WHERE id BETWEEN 9949496 AND 9950495
	Aggregate  (cost=4063.61..4063.62 rows=1 width=8)
	  ->  Bitmap Heap Scan on sbtest5  (cost=35.19..4060.99 rows=1049 width=4)
	        Recheck Cond: ((id >= 9949496) AND (id <= 9950495))
	        ->  Bitmap Index Scan on sbtest5_pkey  (cost=0.00..34.93 rows=1049 width=0)
	              Index Cond: ((id >= 9949496) AND (id <= 9950495))

table 6 : explain SELECT SUM(k) FROM sbtest6 WHERE id BETWEEN 3463579 AND 3464578
	Aggregate  (cost=3941.67..3941.68 rows=1 width=8)
	  ->  Bitmap Heap Scan on sbtest6  (cost=34.86..3939.13 rows=1017 width=4)
	        Recheck Cond: ((id >= 3463579) AND (id <= 3464578))
	        ->  Bitmap Index Scan on sbtest6_pkey  (cost=0.00..34.61 rows=1017 width=0)
	              Index Cond: ((id >= 3463579) AND (id <= 3464578))

table 7 : explain SELECT SUM(k) FROM sbtest7 WHERE id BETWEEN 9035501 AND 9036500
	Aggregate  (cost=3923.73..3923.74 rows=1 width=8)
	  ->  Bitmap Heap Scan on sbtest7  (cost=34.81..3921.20 rows=1012 width=4)
	        Recheck Cond: ((id >= 9035501) AND (id <= 9036500))
	        ->  Bitmap Index Scan on sbtest7_pkey  (cost=0.00..34.56 rows=1012 width=0)
	              Index Cond: ((id >= 9035501) AND (id <= 9036500))

table 8 : explain SELECT SUM(k) FROM sbtest8 WHERE id BETWEEN 6167280 AND 6168279
	Aggregate  (cost=4037.37..4037.38 rows=1 width=8)
	  ->  Bitmap Heap Scan on sbtest8  (cost=35.12..4034.77 rows=1042 width=4)
	        Recheck Cond: ((id >= 6167280) AND (id <= 6168279))
	        ->  Bitmap Index Scan on sbtest8_pkey  (cost=0.00..34.86 rows=1042 width=0)
	              Index Cond: ((id >= 6167280) AND (id <= 6168279))

for: sum_ranges
table 1 : explain SELECT SUM(k) FROM sbtest1 WHERE id BETWEEN 2489859 AND 2490858
	Aggregate  (cost=3836.97..3836.98 rows=1 width=8)
	  ->  Bitmap Heap Scan on sbtest1  (cost=34.56..3834.50 rows=988 width=4)
	        Recheck Cond: ((id >= 2489859) AND (id <= 2490858))
	        ->  Bitmap Index Scan on sbtest1_pkey  (cost=0.00..34.32 rows=988 width=0)
	              Index Cond: ((id >= 2489859) AND (id <= 2490858))

table 2 : explain SELECT SUM(k) FROM sbtest2 WHERE id BETWEEN 3493599 AND 3494598
	Aggregate  (cost=4158.83..4158.84 rows=1 width=8)
	  ->  Bitmap Heap Scan on sbtest2  (cost=35.45..4156.14 rows=1075 width=4)
	        Recheck Cond: ((id >= 3493599) AND (id <= 3494598))
	        ->  Bitmap Index Scan on sbtest2_pkey  (cost=0.00..35.19 rows=1075 width=0)
	              Index Cond: ((id >= 3493599) AND (id <= 3494598))

table 3 : explain SELECT SUM(k) FROM sbtest3 WHERE id BETWEEN 1287255 AND 1288254
	Aggregate  (cost=4293.77..4293.78 rows=1 width=8)
	  ->  Bitmap Heap Scan on sbtest3  (cost=35.83..4290.99 rows=1112 width=4)
	        Recheck Cond: ((id >= 1287255) AND (id <= 1288254))
	        ->  Bitmap Index Scan on sbtest3_pkey  (cost=0.00..35.56 rows=1112 width=0)
	              Index Cond: ((id >= 1287255) AND (id <= 1288254))

table 4 : explain SELECT SUM(k) FROM sbtest4 WHERE id BETWEEN 8328055 AND 8329054
	Aggregate  (cost=3964.21..3964.22 rows=1 width=8)
	  ->  Bitmap Heap Scan on sbtest4  (cost=34.92..3961.65 rows=1023 width=4)
	        Recheck Cond: ((id >= 8328055) AND (id <= 8329054))
	        ->  Bitmap Index Scan on sbtest4_pkey  (cost=0.00..34.67 rows=1023 width=0)
	              Index Cond: ((id >= 8328055) AND (id <= 8329054))

table 5 : explain SELECT SUM(k) FROM sbtest5 WHERE id BETWEEN 154392 AND 155391
	Aggregate  (cost=3523.37..3523.38 rows=1 width=8)
	  ->  Bitmap Heap Scan on sbtest5  (cost=29.73..3521.10 rows=907 width=4)
	        Recheck Cond: ((id >= 154392) AND (id <= 155391))
	        ->  Bitmap Index Scan on sbtest5_pkey  (cost=0.00..29.50 rows=907 width=0)
	              Index Cond: ((id >= 154392) AND (id <= 155391))

table 6 : explain SELECT SUM(k) FROM sbtest6 WHERE id BETWEEN 7629860 AND 7630859
	Aggregate  (cost=4088.59..4088.60 rows=1 width=8)
	  ->  Bitmap Heap Scan on sbtest6  (cost=35.26..4085.95 rows=1056 width=4)
	        Recheck Cond: ((id >= 7629860) AND (id <= 7630859))
	        ->  Bitmap Index Scan on sbtest6_pkey  (cost=0.00..35.00 rows=1056 width=0)
	              Index Cond: ((id >= 7629860) AND (id <= 7630859))

table 7 : explain SELECT SUM(k) FROM sbtest7 WHERE id BETWEEN 557125 AND 558124
	Aggregate  (cost=3821.85..3821.86 rows=1 width=8)
	  ->  Bitmap Heap Scan on sbtest7  (cost=34.53..3819.39 rows=985 width=4)
	        Recheck Cond: ((id >= 557125) AND (id <= 558124))
	        ->  Bitmap Index Scan on sbtest7_pkey  (cost=0.00..34.29 rows=985 width=0)
	              Index Cond: ((id >= 557125) AND (id <= 558124))

table 8 : explain SELECT SUM(k) FROM sbtest8 WHERE id BETWEEN 8156742 AND 8157741
	Aggregate  (cost=4191.77..4191.78 rows=1 width=8)
	  ->  Bitmap Heap Scan on sbtest8  (cost=35.54..4189.07 rows=1083 width=4)
	        Recheck Cond: ((id >= 8156742) AND (id <= 8157741))
	        ->  Bitmap Index Scan on sbtest8_pkey  (cost=0.00..35.27 rows=1083 width=0)
	              Index Cond: ((id >= 8156742) AND (id <= 8157741))

for: distinct_ranges
table 1 : explain SELECT DISTINCT c FROM sbtest1 WHERE id BETWEEN 6999048 AND 7000047 ORDER BY c
	Unique  (cost=3803.09..3807.93 rows=967 width=121)
	  ->  Sort  (cost=3803.09..3805.51 rows=967 width=121)
	        Sort Key: c
	        ->  Bitmap Heap Scan on sbtest1  (cost=34.35..3755.14 rows=967 width=121)
	              Recheck Cond: ((id >= 6999048) AND (id <= 7000047))
	              ->  Bitmap Index Scan on sbtest1_pkey  (cost=0.00..34.11 rows=967 width=0)
	                    Index Cond: ((id >= 6999048) AND (id <= 7000047))

table 2 : explain SELECT DISTINCT c FROM sbtest2 WHERE id BETWEEN 1537542 AND 1538541 ORDER BY c
	Unique  (cost=4114.85..4120.10 rows=1050 width=121)
	  ->  Sort  (cost=4114.85..4117.47 rows=1050 width=121)
	        Sort Key: c
	        ->  Bitmap Heap Scan on sbtest2  (cost=35.20..4062.16 rows=1050 width=121)
	              Recheck Cond: ((id >= 1537542) AND (id <= 1538541))
	              ->  Bitmap Index Scan on sbtest2_pkey  (cost=0.00..34.94 rows=1050 width=0)
	                    Index Cond: ((id >= 1537542) AND (id <= 1538541))

table 3 : explain SELECT DISTINCT c FROM sbtest3 WHERE id BETWEEN 1855126 AND 1856125 ORDER BY c
	Unique  (cost=4442.68..4448.36 rows=1136 width=121)
	  ->  Sort  (cost=4442.68..4445.52 rows=1136 width=121)
	        Sort Key: c
	        ->  Bitmap Heap Scan on sbtest3  (cost=40.08..4385.03 rows=1136 width=121)
	              Recheck Cond: ((id >= 1855126) AND (id <= 1856125))
	              ->  Bitmap Index Scan on sbtest3_pkey  (cost=0.00..39.80 rows=1136 width=0)
	                    Index Cond: ((id >= 1855126) AND (id <= 1856125))

table 4 : explain SELECT DISTINCT c FROM sbtest4 WHERE id BETWEEN 9879247 AND 9880246 ORDER BY c
	Unique  (cost=3966.91..3971.96 rows=1011 width=121)
	  ->  Sort  (cost=3966.91..3969.43 rows=1011 width=121)
	        Sort Key: c
	        ->  Bitmap Heap Scan on sbtest4  (cost=34.80..3916.45 rows=1011 width=121)
	              Recheck Cond: ((id >= 9879247) AND (id <= 9880246))
	              ->  Bitmap Index Scan on sbtest4_pkey  (cost=0.00..34.55 rows=1011 width=0)
	                    Index Cond: ((id >= 9879247) AND (id <= 9880246))

table 5 : explain SELECT DISTINCT c FROM sbtest5 WHERE id BETWEEN 3509418 AND 3510417 ORDER BY c
	Unique  (cost=4178.59..4183.92 rows=1066 width=121)
	  ->  Sort  (cost=4178.59..4181.25 rows=1066 width=121)
	        Sort Key: c
	        ->  Bitmap Heap Scan on sbtest5  (cost=35.36..4124.98 rows=1066 width=121)
	              Recheck Cond: ((id >= 3509418) AND (id <= 3510417))
	              ->  Bitmap Index Scan on sbtest5_pkey  (cost=0.00..35.09 rows=1066 width=0)
	                    Index Cond: ((id >= 3509418) AND (id <= 3510417))

table 6 : explain SELECT DISTINCT c FROM sbtest6 WHERE id BETWEEN 739029 AND 740028 ORDER BY c
	Unique  (cost=3867.50..3872.42 rows=985 width=121)
	  ->  Sort  (cost=3867.50..3869.96 rows=985 width=121)
	        Sort Key: c
	        ->  Bitmap Heap Scan on sbtest6  (cost=34.53..3818.53 rows=985 width=121)
	              Recheck Cond: ((id >= 739029) AND (id <= 740028))
	              ->  Bitmap Index Scan on sbtest6_pkey  (cost=0.00..34.29 rows=985 width=0)
	                    Index Cond: ((id >= 739029) AND (id <= 740028))

table 7 : explain SELECT DISTINCT c FROM sbtest7 WHERE id BETWEEN 498226 AND 499225 ORDER BY c
	Unique  (cost=3868.36..3873.29 rows=985 width=121)
	  ->  Sort  (cost=3868.36..3870.83 rows=985 width=121)
	        Sort Key: c
	        ->  Bitmap Heap Scan on sbtest7  (cost=34.53..3819.39 rows=985 width=121)
	              Recheck Cond: ((id >= 498226) AND (id <= 499225))
	              ->  Bitmap Index Scan on sbtest7_pkey  (cost=0.00..34.29 rows=985 width=0)
	                    Index Cond: ((id >= 498226) AND (id <= 499225))

table 8 : explain SELECT DISTINCT c FROM sbtest8 WHERE id BETWEEN 4862251 AND 4863250 ORDER BY c
	Unique  (cost=3715.58..3720.31 rows=945 width=121)
	  ->  Sort  (cost=3715.58..3717.94 rows=945 width=121)
	        Sort Key: c
	        ->  Bitmap Heap Scan on sbtest8  (cost=34.12..3668.88 rows=945 width=121)
	              Recheck Cond: ((id >= 4862251) AND (id <= 4863250))
	              ->  Bitmap Index Scan on sbtest8_pkey  (cost=0.00..33.89 rows=945 width=0)
	                    Index Cond: ((id >= 4862251) AND (id <= 4863250))

for: order_ranges
table 1 : explain SELECT c FROM sbtest1 WHERE id BETWEEN 935767 AND 936766 ORDER BY c
	Sort  (cost=3875.98..3878.44 rows=986 width=121)
	  Sort Key: c
	  ->  Bitmap Heap Scan on sbtest1  (cost=34.54..3826.95 rows=986 width=121)
	        Recheck Cond: ((id >= 935767) AND (id <= 936766))
	        ->  Bitmap Index Scan on sbtest1_pkey  (cost=0.00..34.30 rows=986 width=0)
	              Index Cond: ((id >= 935767) AND (id <= 936766))

table 2 : explain SELECT c FROM sbtest2 WHERE id BETWEEN 497999 AND 498998 ORDER BY c
	Sort  (cost=3598.09..3600.38 rows=916 width=121)
	  Sort Key: c
	  ->  Bitmap Heap Scan on sbtest2  (cost=29.82..3553.03 rows=916 width=121)
	        Recheck Cond: ((id >= 497999) AND (id <= 498998))
	        ->  Bitmap Index Scan on sbtest2_pkey  (cost=0.00..29.59 rows=916 width=0)
	              Index Cond: ((id >= 497999) AND (id <= 498998))

table 3 : explain SELECT c FROM sbtest3 WHERE id BETWEEN 8160303 AND 8161302 ORDER BY c
	Sort  (cost=3923.45..3925.95 rows=1000 width=121)
	  Sort Key: c
	  ->  Bitmap Heap Scan on sbtest3  (cost=34.69..3873.63 rows=1000 width=121)
	        Recheck Cond: ((id >= 8160303) AND (id <= 8161302))
	        ->  Bitmap Index Scan on sbtest3_pkey  (cost=0.00..34.44 rows=1000 width=0)
	              Index Cond: ((id >= 8160303) AND (id <= 8161302))

table 4 : explain SELECT c FROM sbtest4 WHERE id BETWEEN 3678343 AND 3679342 ORDER BY c
	Sort  (cost=4047.20..4049.78 rows=1032 width=121)
	  Sort Key: c
	  ->  Bitmap Heap Scan on sbtest4  (cost=35.01..3995.54 rows=1032 width=121)
	        Recheck Cond: ((id >= 3678343) AND (id <= 3679342))
	        ->  Bitmap Index Scan on sbtest4_pkey  (cost=0.00..34.76 rows=1032 width=0)
	              Index Cond: ((id >= 3678343) AND (id <= 3679342))

table 5 : explain SELECT c FROM sbtest5 WHERE id BETWEEN 3205601 AND 3206600 ORDER BY c
	Sort  (cost=3930.02..3932.52 rows=1001 width=121)
	  Sort Key: c
	  ->  Bitmap Heap Scan on sbtest5  (cost=34.70..3880.13 rows=1001 width=121)
	        Recheck Cond: ((id >= 3205601) AND (id <= 3206600))
	        ->  Bitmap Index Scan on sbtest5_pkey  (cost=0.00..34.45 rows=1001 width=0)
	              Index Cond: ((id >= 3205601) AND (id <= 3206600))

table 6 : explain SELECT c FROM sbtest6 WHERE id BETWEEN 2667224 AND 2668223 ORDER BY c
	Sort  (cost=3721.95..3724.32 rows=947 width=121)
	  Sort Key: c
	  ->  Bitmap Heap Scan on sbtest6  (cost=34.14..3675.13 rows=947 width=121)
	        Recheck Cond: ((id >= 2667224) AND (id <= 2668223))
	        ->  Bitmap Index Scan on sbtest6_pkey  (cost=0.00..33.91 rows=947 width=0)
	              Index Cond: ((id >= 2667224) AND (id <= 2668223))

table 7 : explain SELECT c FROM sbtest7 WHERE id BETWEEN 6694799 AND 6695798 ORDER BY c
	Sort  (cost=3726.60..3728.97 rows=948 width=121)
	  Sort Key: c
	  ->  Bitmap Heap Scan on sbtest7  (cost=34.15..3679.72 rows=948 width=121)
	        Recheck Cond: ((id >= 6694799) AND (id <= 6695798))
	        ->  Bitmap Index Scan on sbtest7_pkey  (cost=0.00..33.92 rows=948 width=0)
	              Index Cond: ((id >= 6694799) AND (id <= 6695798))

table 8 : explain SELECT c FROM sbtest8 WHERE id BETWEEN 7620274 AND 7621273 ORDER BY c
	Sort  (cost=4002.86..4005.41 rows=1020 width=121)
	  Sort Key: c
	  ->  Bitmap Heap Scan on sbtest8  (cost=34.89..3951.89 rows=1020 width=121)
	        Recheck Cond: ((id >= 7620274) AND (id <= 7621273))
	        ->  Bitmap Index Scan on sbtest8_pkey  (cost=0.00..34.64 rows=1020 width=0)
	              Index Cond: ((id >= 7620274) AND (id <= 7621273))

for point_selects
table 1 : explain SELECT c FROM sbtest1 WHERE id=2788062
	Index Scan using sbtest1_pkey on sbtest1  (cost=0.43..8.45 rows=1 width=121)
	  Index Cond: (id = 2788062)

table 2 : explain SELECT c FROM sbtest2 WHERE id=3302091
	Index Scan using sbtest2_pkey on sbtest2  (cost=0.43..8.45 rows=1 width=121)
	  Index Cond: (id = 3302091)

table 3 : explain SELECT c FROM sbtest3 WHERE id=251176
	Index Scan using sbtest3_pkey on sbtest3  (cost=0.43..8.45 rows=1 width=121)
	  Index Cond: (id = 251176)

table 4 : explain SELECT c FROM sbtest4 WHERE id=3927969
	Index Scan using sbtest4_pkey on sbtest4  (cost=0.43..8.45 rows=1 width=121)
	  Index Cond: (id = 3927969)

table 5 : explain SELECT c FROM sbtest5 WHERE id=4162122
	Index Scan using sbtest5_pkey on sbtest5  (cost=0.43..8.45 rows=1 width=121)
	  Index Cond: (id = 4162122)

table 6 : explain SELECT c FROM sbtest6 WHERE id=3149832
	Index Scan using sbtest6_pkey on sbtest6  (cost=0.43..8.45 rows=1 width=121)
	  Index Cond: (id = 3149832)

table 7 : explain SELECT c FROM sbtest7 WHERE id=9933960
	Index Scan using sbtest7_pkey on sbtest7  (cost=0.43..8.45 rows=1 width=121)
	  Index Cond: (id = 9933960)

table 8 : explain SELECT c FROM sbtest8 WHERE id=2540770
	Index Scan using sbtest8_pkey on sbtest8  (cost=0.43..8.45 rows=1 width=121)
	  Index Cond: (id = 2540770)

for: order_ranges
table 1 : explain SELECT c FROM sbtest1 WHERE id BETWEEN 1764351 AND 1765350 ORDER BY c
	Sort  (cost=3814.60..3817.03 rows=970 width=121)
	  Sort Key: c
	  ->  Bitmap Heap Scan on sbtest1  (cost=34.38..3766.48 rows=970 width=121)
	        Recheck Cond: ((id >= 1764351) AND (id <= 1765350))
	        ->  Bitmap Index Scan on sbtest1_pkey  (cost=0.00..34.14 rows=970 width=0)
	              Index Cond: ((id >= 1764351) AND (id <= 1765350))

table 2 : explain SELECT c FROM sbtest2 WHERE id BETWEEN 3778319 AND 3779318 ORDER BY c
	Sort  (cost=3494.50..3496.72 rows=889 width=121)
	  Sort Key: c
	  ->  Bitmap Heap Scan on sbtest2  (cost=29.55..3450.96 rows=889 width=121)
	        Recheck Cond: ((id >= 3778319) AND (id <= 3779318))
	        ->  Bitmap Index Scan on sbtest2_pkey  (cost=0.00..29.32 rows=889 width=0)
	              Index Cond: ((id >= 3778319) AND (id <= 3779318))

table 3 : explain SELECT c FROM sbtest3 WHERE id BETWEEN 3078947 AND 3079946 ORDER BY c
	Sort  (cost=3911.98..3914.47 rows=997 width=121)
	  Sort Key: c
	  ->  Bitmap Heap Scan on sbtest3  (cost=34.65..3862.32 rows=997 width=121)
	        Recheck Cond: ((id >= 3078947) AND (id <= 3079946))
	        ->  Bitmap Index Scan on sbtest3_pkey  (cost=0.00..34.41 rows=997 width=0)
	              Index Cond: ((id >= 3078947) AND (id <= 3079946))

table 4 : explain SELECT c FROM sbtest4 WHERE id BETWEEN 3250565 AND 3251564 ORDER BY c
	Sort  (cost=4020.44..4023.00 rows=1025 width=121)
	  Sort Key: c
	  ->  Bitmap Heap Scan on sbtest4  (cost=34.94..3969.18 rows=1025 width=121)
	        Recheck Cond: ((id >= 3250565) AND (id <= 3251564))
	        ->  Bitmap Index Scan on sbtest4_pkey  (cost=0.00..34.69 rows=1025 width=0)
	              Index Cond: ((id >= 3250565) AND (id <= 3251564))

table 5 : explain SELECT c FROM sbtest5 WHERE id BETWEEN 5183533 AND 5184532 ORDER BY c
	Sort  (cost=3933.85..3936.35 rows=1002 width=121)
	  Sort Key: c
	  ->  Bitmap Heap Scan on sbtest5  (cost=34.71..3883.91 rows=1002 width=121)
	        Recheck Cond: ((id >= 5183533) AND (id <= 5184532))
	        ->  Bitmap Index Scan on sbtest5_pkey  (cost=0.00..34.45 rows=1002 width=0)
	              Index Cond: ((id >= 5183533) AND (id <= 5184532))

table 6 : explain SELECT c FROM sbtest6 WHERE id BETWEEN 7383873 AND 7384872 ORDER BY c
	Sort  (cost=3863.67..3866.13 rows=984 width=121)
	  Sort Key: c
	  ->  Bitmap Heap Scan on sbtest6  (cost=34.52..3814.75 rows=984 width=121)
	        Recheck Cond: ((id >= 7383873) AND (id <= 7384872))
	        ->  Bitmap Index Scan on sbtest6_pkey  (cost=0.00..34.28 rows=984 width=0)
	              Index Cond: ((id >= 7383873) AND (id <= 7384872))

table 7 : explain SELECT c FROM sbtest7 WHERE id BETWEEN 3570061 AND 3571060 ORDER BY c
	Sort  (cost=4136.12..4138.76 rows=1055 width=121)
	  Sort Key: c
	  ->  Bitmap Heap Scan on sbtest7  (cost=35.25..4083.14 rows=1055 width=121)
	        Recheck Cond: ((id >= 3570061) AND (id <= 3571060))
	        ->  Bitmap Index Scan on sbtest7_pkey  (cost=0.00..34.98 rows=1055 width=0)
	              Index Cond: ((id >= 3570061) AND (id <= 3571060))

table 8 : explain SELECT c FROM sbtest8 WHERE id BETWEEN 7347969 AND 7348968 ORDER BY c
	Sort  (cost=3761.59..3763.98 rows=957 width=121)
	  Sort Key: c
	  ->  Bitmap Heap Scan on sbtest8  (cost=34.24..3714.21 rows=957 width=121)
	        Recheck Cond: ((id >= 7347969) AND (id <= 7348968))
	        ->  Bitmap Index Scan on sbtest8_pkey  (cost=0.00..34.01 rows=957 width=0)
	              Index Cond: ((id >= 7347969) AND (id <= 7348968))

for: sum_ranges
table 1 : explain SELECT SUM(k) FROM sbtest1 WHERE id BETWEEN 3148320 AND 3149319
	Aggregate  (cost=3908.77..3908.78 rows=1 width=8)
	  ->  Bitmap Heap Scan on sbtest1  (cost=34.76..3906.26 rows=1007 width=4)
	        Recheck Cond: ((id >= 3148320) AND (id <= 3149319))
	        ->  Bitmap Index Scan on sbtest1_pkey  (cost=0.00..34.51 rows=1007 width=0)
	              Index Cond: ((id >= 3148320) AND (id <= 3149319))

table 2 : explain SELECT SUM(k) FROM sbtest2 WHERE id BETWEEN 9658139 AND 9659138
	Aggregate  (cost=3744.42..3744.43 rows=1 width=8)
	  ->  Bitmap Heap Scan on sbtest2  (cost=34.33..3742.01 rows=965 width=4)
	        Recheck Cond: ((id >= 9658139) AND (id <= 9659138))
	        ->  Bitmap Index Scan on sbtest2_pkey  (cost=0.00..34.09 rows=965 width=0)
	              Index Cond: ((id >= 9658139) AND (id <= 9659138))

table 3 : explain SELECT SUM(k) FROM sbtest3 WHERE id BETWEEN 8543060 AND 8544059
	Aggregate  (cost=4034.33..4034.34 rows=1 width=8)
	  ->  Bitmap Heap Scan on sbtest3  (cost=35.12..4031.72 rows=1042 width=4)
	        Recheck Cond: ((id >= 8543060) AND (id <= 8544059))
	        ->  Bitmap Index Scan on sbtest3_pkey  (cost=0.00..34.86 rows=1042 width=0)
	              Index Cond: ((id >= 8543060) AND (id <= 8544059))

table 4 : explain SELECT SUM(k) FROM sbtest4 WHERE id BETWEEN 150852 AND 151851
	Aggregate  (cost=4186.33..4186.34 rows=1 width=8)
	  ->  Bitmap Heap Scan on sbtest4  (cost=35.53..4183.63 rows=1082 width=4)
	        Recheck Cond: ((id >= 150852) AND (id <= 151851))
	        ->  Bitmap Index Scan on sbtest4_pkey  (cost=0.00..35.26 rows=1082 width=0)
	              Index Cond: ((id >= 150852) AND (id <= 151851))

table 5 : explain SELECT SUM(k) FROM sbtest5 WHERE id BETWEEN 4716669 AND 4717668
	Aggregate  (cost=3814.70..3814.71 rows=1 width=8)
	  ->  Bitmap Heap Scan on sbtest5  (cost=34.51..3812.24 rows=983 width=4)
	        Recheck Cond: ((id >= 4716669) AND (id <= 4717668))
	        ->  Bitmap Index Scan on sbtest5_pkey  (cost=0.00..34.27 rows=983 width=0)
	              Index Cond: ((id >= 4716669) AND (id <= 4717668))

table 6 : explain SELECT SUM(k) FROM sbtest6 WHERE id BETWEEN 1972269 AND 1973268
	Aggregate  (cost=3673.72..3673.73 rows=1 width=8)
	  ->  Bitmap Heap Scan on sbtest6  (cost=34.13..3671.36 rows=946 width=4)
	        Recheck Cond: ((id >= 1972269) AND (id <= 1973268))
	        ->  Bitmap Index Scan on sbtest6_pkey  (cost=0.00..33.90 rows=946 width=0)
	              Index Cond: ((id >= 1972269) AND (id <= 1973268))

table 7 : explain SELECT SUM(k) FROM sbtest7 WHERE id BETWEEN 3624273 AND 3625272
	Aggregate  (cost=3799.20..3799.21 rows=1 width=8)
	  ->  Bitmap Heap Scan on sbtest7  (cost=34.47..3796.75 rows=979 width=4)
	        Recheck Cond: ((id >= 3624273) AND (id <= 3625272))
	        ->  Bitmap Index Scan on sbtest7_pkey  (cost=0.00..34.23 rows=979 width=0)
	              Index Cond: ((id >= 3624273) AND (id <= 3625272))

table 8 : explain SELECT SUM(k) FROM sbtest8 WHERE id BETWEEN 1920278 AND 1921277
	Aggregate  (cost=3999.68..3999.69 rows=1 width=8)
	  ->  Bitmap Heap Scan on sbtest8  (cost=35.01..3997.10 rows=1032 width=4)
	        Recheck Cond: ((id >= 1920278) AND (id <= 1921277))
	        ->  Bitmap Index Scan on sbtest8_pkey  (cost=0.00..34.76 rows=1032 width=0)
	              Index Cond: ((id >= 1920278) AND (id <= 1921277))

for point_selects
table 1 : explain SELECT c FROM sbtest1 WHERE id=8228405
	Index Scan using sbtest1_pkey on sbtest1  (cost=0.43..8.45 rows=1 width=121)
	  Index Cond: (id = 8228405)

table 2 : explain SELECT c FROM sbtest2 WHERE id=8690613
	Index Scan using sbtest2_pkey on sbtest2  (cost=0.43..8.45 rows=1 width=121)
	  Index Cond: (id = 8690613)

table 3 : explain SELECT c FROM sbtest3 WHERE id=1784376
	Index Scan using sbtest3_pkey on sbtest3  (cost=0.43..8.45 rows=1 width=121)
	  Index Cond: (id = 1784376)

table 4 : explain SELECT c FROM sbtest4 WHERE id=4247466
	Index Scan using sbtest4_pkey on sbtest4  (cost=0.43..8.45 rows=1 width=121)
	  Index Cond: (id = 4247466)

table 5 : explain SELECT c FROM sbtest5 WHERE id=8814862
	Index Scan using sbtest5_pkey on sbtest5  (cost=0.43..8.45 rows=1 width=121)
	  Index Cond: (id = 8814862)

table 6 : explain SELECT c FROM sbtest6 WHERE id=1726914
	Index Scan using sbtest6_pkey on sbtest6  (cost=0.43..8.45 rows=1 width=121)
	  Index Cond: (id = 1726914)

table 7 : explain SELECT c FROM sbtest7 WHERE id=945517
	Index Scan using sbtest7_pkey on sbtest7  (cost=0.43..8.45 rows=1 width=121)
	  Index Cond: (id = 945517)

table 8 : explain SELECT c FROM sbtest8 WHERE id=3134507
	Index Scan using sbtest8_pkey on sbtest8  (cost=0.43..8.45 rows=1 width=121)
	  Index Cond: (id = 3134507)

for: sum_ranges
table 1 : explain SELECT SUM(k) FROM sbtest1 WHERE id BETWEEN 5251985 AND 5252984
	Aggregate  (cost=4025.83..4025.84 rows=1 width=8)
	  ->  Bitmap Heap Scan on sbtest1  (cost=35.07..4023.23 rows=1038 width=4)
	        Recheck Cond: ((id >= 5251985) AND (id <= 5252984))
	        ->  Bitmap Index Scan on sbtest1_pkey  (cost=0.00..34.82 rows=1038 width=0)
	              Index Cond: ((id >= 5251985) AND (id <= 5252984))

table 2 : explain SELECT SUM(k) FROM sbtest2 WHERE id BETWEEN 7974979 AND 7975978
	Aggregate  (cost=3680.24..3680.25 rows=1 width=8)
	  ->  Bitmap Heap Scan on sbtest2  (cost=34.15..3677.87 rows=948 width=4)
	        Recheck Cond: ((id >= 7974979) AND (id <= 7975978))
	        ->  Bitmap Index Scan on sbtest2_pkey  (cost=0.00..33.92 rows=948 width=0)
	              Index Cond: ((id >= 7974979) AND (id <= 7975978))

table 3 : explain SELECT SUM(k) FROM sbtest3 WHERE id BETWEEN 9973676 AND 9974675
	Aggregate  (cost=3785.62..3785.63 rows=1 width=8)
	  ->  Bitmap Heap Scan on sbtest3  (cost=34.44..3783.18 rows=976 width=4)
	        Recheck Cond: ((id >= 9973676) AND (id <= 9974675))
	        ->  Bitmap Index Scan on sbtest3_pkey  (cost=0.00..34.20 rows=976 width=0)
	              Index Cond: ((id >= 9973676) AND (id <= 9974675))

table 4 : explain SELECT SUM(k) FROM sbtest4 WHERE id BETWEEN 3248370 AND 3249369
	Aggregate  (cost=3971.74..3971.75 rows=1 width=8)
	  ->  Bitmap Heap Scan on sbtest4  (cost=34.94..3969.18 rows=1025 width=4)
	        Recheck Cond: ((id >= 3248370) AND (id <= 3249369))
	        ->  Bitmap Index Scan on sbtest4_pkey  (cost=0.00..34.69 rows=1025 width=0)
	              Index Cond: ((id >= 3248370) AND (id <= 3249369))

table 5 : explain SELECT SUM(k) FROM sbtest5 WHERE id BETWEEN 2690752 AND 2691751
	Aggregate  (cost=4086.22..4086.23 rows=1 width=8)
	  ->  Bitmap Heap Scan on sbtest5  (cost=35.25..4083.58 rows=1055 width=4)
	        Recheck Cond: ((id >= 2690752) AND (id <= 2691751))
	        ->  Bitmap Index Scan on sbtest5_pkey  (cost=0.00..34.98 rows=1055 width=0)
	              Index Cond: ((id >= 2690752) AND (id <= 2691751))

table 6 : explain SELECT SUM(k) FROM sbtest6 WHERE id BETWEEN 1489482 AND 1490481
	Aggregate  (cost=3945.44..3945.45 rows=1 width=8)
	  ->  Bitmap Heap Scan on sbtest6  (cost=34.87..3942.90 rows=1018 width=4)
	        Recheck Cond: ((id >= 1489482) AND (id <= 1490481))
	        ->  Bitmap Index Scan on sbtest6_pkey  (cost=0.00..34.62 rows=1018 width=0)
	              Index Cond: ((id >= 1489482) AND (id <= 1490481))

table 7 : explain SELECT SUM(k) FROM sbtest7 WHERE id BETWEEN 6811468 AND 6812467
	Aggregate  (cost=3583.56..3583.57 rows=1 width=8)
	  ->  Bitmap Heap Scan on sbtest7  (cost=29.90..3581.26 rows=923 width=4)
	        Recheck Cond: ((id >= 6811468) AND (id <= 6812467))
	        ->  Bitmap Index Scan on sbtest7_pkey  (cost=0.00..29.66 rows=923 width=0)
	              Index Cond: ((id >= 6811468) AND (id <= 6812467))

table 8 : explain SELECT SUM(k) FROM sbtest8 WHERE id BETWEEN 7973389 AND 7974388
	Aggregate  (cost=3863.89..3863.90 rows=1 width=8)
	  ->  Bitmap Heap Scan on sbtest8  (cost=34.64..3861.40 rows=996 width=4)
	        Recheck Cond: ((id >= 7973389) AND (id <= 7974388))
	        ->  Bitmap Index Scan on sbtest8_pkey  (cost=0.00..34.40 rows=996 width=0)
	              Index Cond: ((id >= 7973389) AND (id <= 7974388))

explain: for point_selects :: explain SELECT c FROM sbtest%u WHERE id=%u
for point_selects
table 1 : explain SELECT c FROM sbtest1 WHERE id=294635
	Index Scan using sbtest1_pkey on sbtest1  (cost=0.43..8.45 rows=1 width=121)
	  Index Cond: (id = 294635)

table 2 : explain SELECT c FROM sbtest2 WHERE id=417949
	Index Scan using sbtest2_pkey on sbtest2  (cost=0.43..8.45 rows=1 width=121)
	  Index Cond: (id = 417949)

table 3 : explain SELECT c FROM sbtest3 WHERE id=3856481
	Index Scan using sbtest3_pkey on sbtest3  (cost=0.43..8.45 rows=1 width=121)
	  Index Cond: (id = 3856481)

table 4 : explain SELECT c FROM sbtest4 WHERE id=9881280
	Index Scan using sbtest4_pkey on sbtest4  (cost=0.43..8.45 rows=1 width=121)
	  Index Cond: (id = 9881280)

table 5 : explain SELECT c FROM sbtest5 WHERE id=3079973
	Index Scan using sbtest5_pkey on sbtest5  (cost=0.43..8.45 rows=1 width=121)
	  Index Cond: (id = 3079973)

table 6 : explain SELECT c FROM sbtest6 WHERE id=8847024
	Index Scan using sbtest6_pkey on sbtest6  (cost=0.43..8.45 rows=1 width=121)
	  Index Cond: (id = 8847024)

table 7 : explain SELECT c FROM sbtest7 WHERE id=3165729
	Index Scan using sbtest7_pkey on sbtest7  (cost=0.43..8.45 rows=1 width=121)
	  Index Cond: (id = 3165729)

table 8 : explain SELECT c FROM sbtest8 WHERE id=6919525
	Index Scan using sbtest8_pkey on sbtest8  (cost=0.43..8.45 rows=1 width=121)
	  Index Cond: (id = 6919525)

for: order_ranges
table 1 : explain SELECT c FROM sbtest1 WHERE id BETWEEN 1731897 AND 1732896 ORDER BY c
	Sort  (cost=3814.60..3817.03 rows=970 width=121)
	  Sort Key: c
	  ->  Bitmap Heap Scan on sbtest1  (cost=34.38..3766.48 rows=970 width=121)
	        Recheck Cond: ((id >= 1731897) AND (id <= 1732896))
	        ->  Bitmap Index Scan on sbtest1_pkey  (cost=0.00..34.14 rows=970 width=0)
	              Index Cond: ((id >= 1731897) AND (id <= 1732896))

table 2 : explain SELECT c FROM sbtest2 WHERE id BETWEEN 7219161 AND 7220160 ORDER BY c
	Sort  (cost=4095.75..4098.37 rows=1045 width=121)
	  Sort Key: c
	  ->  Bitmap Heap Scan on sbtest2  (cost=35.15..4043.35 rows=1045 width=121)
	        Recheck Cond: ((id >= 7219161) AND (id <= 7220160))
	        ->  Bitmap Index Scan on sbtest2_pkey  (cost=0.00..34.89 rows=1045 width=0)
	              Index Cond: ((id >= 7219161) AND (id <= 7220160))

table 3 : explain SELECT c FROM sbtest3 WHERE id BETWEEN 1893969 AND 1894968 ORDER BY c
	Sort  (cost=3471.20..3473.41 rows=883 width=121)
	  Sort Key: c
	  ->  Bitmap Heap Scan on sbtest3  (cost=29.49..3427.99 rows=883 width=121)
	        Recheck Cond: ((id >= 1893969) AND (id <= 1894968))
	        ->  Bitmap Index Scan on sbtest3_pkey  (cost=0.00..29.26 rows=883 width=0)
	              Index Cond: ((id >= 1893969) AND (id <= 1894968))

table 4 : explain SELECT c FROM sbtest4 WHERE id BETWEEN 6657998 AND 6658997 ORDER BY c
	Sort  (cost=3844.45..3846.90 rows=979 width=121)
	  Sort Key: c
	  ->  Bitmap Heap Scan on sbtest4  (cost=34.47..3795.82 rows=979 width=121)
	        Recheck Cond: ((id >= 6657998) AND (id <= 6658997))
	        ->  Bitmap Index Scan on sbtest4_pkey  (cost=0.00..34.23 rows=979 width=0)
	              Index Cond: ((id >= 6657998) AND (id <= 6658997))

table 5 : explain SELECT c FROM sbtest5 WHERE id BETWEEN 7939989 AND 7940988 ORDER BY c
	Sort  (cost=3945.33..3947.84 rows=1005 width=121)
	  Sort Key: c
	  ->  Bitmap Heap Scan on sbtest5  (cost=34.74..3895.22 rows=1005 width=121)
	        Recheck Cond: ((id >= 7939989) AND (id <= 7940988))
	        ->  Bitmap Index Scan on sbtest5_pkey  (cost=0.00..34.48 rows=1005 width=0)
	              Index Cond: ((id >= 7939989) AND (id <= 7940988))

table 6 : explain SELECT c FROM sbtest6 WHERE id BETWEEN 8046178 AND 8047177 ORDER BY c
	Sort  (cost=3752.61..3754.99 rows=955 width=121)
	  Sort Key: c
	  ->  Bitmap Heap Scan on sbtest6  (cost=34.22..3705.34 rows=955 width=121)
	        Recheck Cond: ((id >= 8046178) AND (id <= 8047177))
	        ->  Bitmap Index Scan on sbtest6_pkey  (cost=0.00..33.98 rows=955 width=0)
	              Index Cond: ((id >= 8046178) AND (id <= 8047177))

table 7 : explain SELECT c FROM sbtest7 WHERE id BETWEEN 359212 AND 360211 ORDER BY c
	Sort  (cost=3895.17..3897.65 rows=992 width=121)
	  Sort Key: c
	  ->  Bitmap Heap Scan on sbtest7  (cost=34.60..3845.79 rows=992 width=121)
	        Recheck Cond: ((id >= 359212) AND (id <= 360211))
	        ->  Bitmap Index Scan on sbtest7_pkey  (cost=0.00..34.36 rows=992 width=0)
	              Index Cond: ((id >= 359212) AND (id <= 360211))

table 8 : explain SELECT c FROM sbtest8 WHERE id BETWEEN 7020318 AND 7021317 ORDER BY c
	Sort  (cost=3922.49..3924.99 rows=999 width=121)
	  Sort Key: c
	  ->  Bitmap Heap Scan on sbtest8  (cost=34.67..3872.72 rows=999 width=121)
	        Recheck Cond: ((id >= 7020318) AND (id <= 7021317))
	        ->  Bitmap Index Scan on sbtest8_pkey  (cost=0.00..34.43 rows=999 width=0)
	              Index Cond: ((id >= 7020318) AND (id <= 7021317))

explain: for point_selects :: explain SELECT c FROM sbtest%u WHERE id=%u
for: order_ranges
table 1 : explain SELECT c FROM sbtest1 WHERE id BETWEEN 182429 AND 183428 ORDER BY c
	Sort  (cost=4132.65..4135.29 rows=1053 width=121)
	  Sort Key: c
	  ->  Bitmap Heap Scan on sbtest1  (cost=35.23..4079.79 rows=1053 width=121)
	        Recheck Cond: ((id >= 182429) AND (id <= 183428))
	        ->  Bitmap Index Scan on sbtest1_pkey  (cost=0.00..34.97 rows=1053 width=0)
	              Index Cond: ((id >= 182429) AND (id <= 183428))

table 2 : explain SELECT c FROM sbtest2 WHERE id BETWEEN 1636860 AND 1637859 ORDER BY c
	Sort  (cost=3835.78..3838.23 rows=977 width=121)
	  Sort Key: c
	  ->  Bitmap Heap Scan on sbtest2  (cost=34.45..3787.26 rows=977 width=121)
	        Recheck Cond: ((id >= 1636860) AND (id <= 1637859))
	        ->  Bitmap Index Scan on sbtest2_pkey  (cost=0.00..34.20 rows=977 width=0)
	              Index Cond: ((id >= 1636860) AND (id <= 1637859))

table 3 : explain SELECT c FROM sbtest3 WHERE id BETWEEN 6759028 AND 6760027 ORDER BY c
	Sort  (cost=4206.10..4208.78 rows=1074 width=121)
	  Sort Key: c
	  ->  Bitmap Heap Scan on sbtest3  (cost=35.44..4152.03 rows=1074 width=121)
	        Recheck Cond: ((id >= 6759028) AND (id <= 6760027))
	        ->  Bitmap Index Scan on sbtest3_pkey  (cost=0.00..35.18 rows=1074 width=0)
	              Index Cond: ((id >= 6759028) AND (id <= 6760027))

table 4 : explain SELECT c FROM sbtest4 WHERE id BETWEEN 3406838 AND 3407837 ORDER BY c
	Sort  (cost=3829.14..3831.58 rows=975 width=121)
	  Sort Key: c
	  ->  Bitmap Heap Scan on sbtest4  (cost=34.43..3780.73 rows=975 width=121)
	        Recheck Cond: ((id >= 3406838) AND (id <= 3407837))
	        ->  Bitmap Index Scan on sbtest4_pkey  (cost=0.00..34.19 rows=975 width=0)
	              Index Cond: ((id >= 3406838) AND (id <= 3407837))

table 5 : explain SELECT c FROM sbtest5 WHERE id BETWEEN 896953 AND 897952 ORDER BY c
	Sort  (cost=3703.96..3706.32 rows=942 width=121)
	  Sort Key: c
	  ->  Bitmap Heap Scan on sbtest5  (cost=34.09..3657.43 rows=942 width=121)
	        Recheck Cond: ((id >= 896953) AND (id <= 897952))
	        ->  Bitmap Index Scan on sbtest5_pkey  (cost=0.00..33.86 rows=942 width=0)
	              Index Cond: ((id >= 896953) AND (id <= 897952))

table 6 : explain SELECT c FROM sbtest6 WHERE id BETWEEN 4765015 AND 4766014 ORDER BY c
	Sort  (cost=3691.28..3693.63 rows=939 width=121)
	  Sort Key: c
	  ->  Bitmap Heap Scan on sbtest6  (cost=34.06..3644.92 rows=939 width=121)
	        Recheck Cond: ((id >= 4765015) AND (id <= 4766014))
	        ->  Bitmap Index Scan on sbtest6_pkey  (cost=0.00..33.83 rows=939 width=0)
	              Index Cond: ((id >= 4765015) AND (id <= 4766014))

table 7 : explain SELECT c FROM sbtest7 WHERE id BETWEEN 6404237 AND 6405236 ORDER BY c
	Sort  (cost=4472.18..4475.04 rows=1143 width=121)
	  Sort Key: c
	  ->  Bitmap Heap Scan on sbtest7  (cost=40.15..4414.13 rows=1143 width=121)
	        Recheck Cond: ((id >= 6404237) AND (id <= 6405236))
	        ->  Bitmap Index Scan on sbtest7_pkey  (cost=0.00..39.87 rows=1143 width=0)
	              Index Cond: ((id >= 6404237) AND (id <= 6405236))

table 8 : explain SELECT c FROM sbtest8 WHERE id BETWEEN 6497494 AND 6498493 ORDER BY c
	Sort  (cost=4025.81..4028.38 rows=1026 width=121)
	  Sort Key: c
	  ->  Bitmap Heap Scan on sbtest8  (cost=34.95..3974.50 rows=1026 width=121)
	        Recheck Cond: ((id >= 6497494) AND (id <= 6498493))
	        ->  Bitmap Index Scan on sbtest8_pkey  (cost=0.00..34.70 rows=1026 width=0)
	              Index Cond: ((id >= 6497494) AND (id <= 6498493))

for: order_ranges
table 1 : explain SELECT c FROM sbtest1 WHERE id BETWEEN 5485345 AND 5486344 ORDER BY c
	Sort  (cost=3526.35..3528.59 rows=896 width=121)
	  Sort Key: c
	  ->  Bitmap Heap Scan on sbtest1  (cost=29.62..3482.41 rows=896 width=121)
	        Recheck Cond: ((id >= 5485345) AND (id <= 5486344))
	        ->  Bitmap Index Scan on sbtest1_pkey  (cost=0.00..29.39 rows=896 width=0)
	              Index Cond: ((id >= 5485345) AND (id <= 5486344))

table 2 : explain SELECT c FROM sbtest2 WHERE id BETWEEN 8612322 AND 8613321 ORDER BY c
	Sort  (cost=3621.10..3623.40 rows=922 width=121)
	  Sort Key: c
	  ->  Bitmap Heap Scan on sbtest2  (cost=29.89..3575.69 rows=922 width=121)
	        Recheck Cond: ((id >= 8612322) AND (id <= 8613321))
	        ->  Bitmap Index Scan on sbtest2_pkey  (cost=0.00..29.65 rows=922 width=0)
	              Index Cond: ((id >= 8612322) AND (id <= 8613321))

table 3 : explain SELECT c FROM sbtest3 WHERE id BETWEEN 5785589 AND 5786588 ORDER BY c
	Sort  (cost=3632.31..3634.62 rows=925 width=121)
	  Sort Key: c
	  ->  Bitmap Heap Scan on sbtest3  (cost=29.92..3586.74 rows=925 width=121)
	        Recheck Cond: ((id >= 5785589) AND (id <= 5786588))
	        ->  Bitmap Index Scan on sbtest3_pkey  (cost=0.00..29.68 rows=925 width=0)
	              Index Cond: ((id >= 5785589) AND (id <= 5786588))

table 4 : explain SELECT c FROM sbtest4 WHERE id BETWEEN 6326846 AND 6327845 ORDER BY c
	Sort  (cost=3572.15..3574.42 rows=909 width=121)
	  Sort Key: c
	  ->  Bitmap Heap Scan on sbtest4  (cost=29.75..3527.48 rows=909 width=121)
	        Recheck Cond: ((id >= 6326846) AND (id <= 6327845))
	        ->  Bitmap Index Scan on sbtest4_pkey  (cost=0.00..29.52 rows=909 width=0)
	              Index Cond: ((id >= 6326846) AND (id <= 6327845))

table 5 : explain SELECT c FROM sbtest5 WHERE id BETWEEN 7896120 AND 7897119 ORDER BY c
	Sort  (cost=3945.33..3947.84 rows=1005 width=121)
	  Sort Key: c
	  ->  Bitmap Heap Scan on sbtest5  (cost=34.74..3895.22 rows=1005 width=121)
	        Recheck Cond: ((id >= 7896120) AND (id <= 7897119))
	        ->  Bitmap Index Scan on sbtest5_pkey  (cost=0.00..34.48 rows=1005 width=0)
	              Index Cond: ((id >= 7896120) AND (id <= 7897119))

table 6 : explain SELECT c FROM sbtest6 WHERE id BETWEEN 9093106 AND 9094105 ORDER BY c
	Sort  (cost=3982.28..3984.82 rows=1015 width=121)
	  Sort Key: c
	  ->  Bitmap Heap Scan on sbtest6  (cost=34.84..3931.60 rows=1015 width=121)
	        Recheck Cond: ((id >= 9093106) AND (id <= 9094105))
	        ->  Bitmap Index Scan on sbtest6_pkey  (cost=0.00..34.59 rows=1015 width=0)
	              Index Cond: ((id >= 9093106) AND (id <= 9094105))

table 7 : explain SELECT c FROM sbtest7 WHERE id BETWEEN 942064 AND 943063 ORDER BY c
	Sort  (cost=3715.10..3717.46 rows=945 width=121)
	  Sort Key: c
	  ->  Bitmap Heap Scan on sbtest7  (cost=34.12..3668.39 rows=945 width=121)
	        Recheck Cond: ((id >= 942064) AND (id <= 943063))
	        ->  Bitmap Index Scan on sbtest7_pkey  (cost=0.00..33.89 rows=945 width=0)
	              Index Cond: ((id >= 942064) AND (id <= 943063))

table 8 : explain SELECT c FROM sbtest8 WHERE id BETWEEN 2119119 AND 2120118 ORDER BY c
	Sort  (cost=4148.16..4150.80 rows=1058 width=121)
	  Sort Key: c
	  ->  Bitmap Heap Scan on sbtest8  (cost=35.28..4095.01 rows=1058 width=121)
	        Recheck Cond: ((id >= 2119119) AND (id <= 2120118))
	        ->  Bitmap Index Scan on sbtest8_pkey  (cost=0.00..35.02 rows=1058 width=0)
	              Index Cond: ((id >= 2119119) AND (id <= 2120118))

for: simple_ranges
table 1 : explain SELECT c FROM sbtest1 WHERE id BETWEEN 8177709 AND 8178708
	Bitmap Heap Scan on sbtest1  (cost=30.02..3630.11 rows=935 width=121)
	  Recheck Cond: ((id >= 8177709) AND (id <= 8178708))
	  ->  Bitmap Index Scan on sbtest1_pkey  (cost=0.00..29.79 rows=935 width=0)
	        Index Cond: ((id >= 8177709) AND (id <= 8178708))

table 2 : explain SELECT c FROM sbtest2 WHERE id BETWEEN 8103397 AND 8104396
	Bitmap Heap Scan on sbtest2  (cost=34.92..3960.56 rows=1023 width=121)
	  Recheck Cond: ((id >= 8103397) AND (id <= 8104396))
	  ->  Bitmap Index Scan on sbtest2_pkey  (cost=0.00..34.67 rows=1023 width=0)
	        Index Cond: ((id >= 8103397) AND (id <= 8104396))

table 3 : explain SELECT c FROM sbtest3 WHERE id BETWEEN 574913 AND 575912
	Bitmap Heap Scan on sbtest3  (cost=34.93..3963.99 rows=1024 width=121)
	  Recheck Cond: ((id >= 574913) AND (id <= 575912))
	  ->  Bitmap Index Scan on sbtest3_pkey  (cost=0.00..34.68 rows=1024 width=0)
	        Index Cond: ((id >= 574913) AND (id <= 575912))

table 4 : explain SELECT c FROM sbtest4 WHERE id BETWEEN 6121937 AND 6122936
	Bitmap Heap Scan on sbtest4  (cost=34.23..3709.04 rows=956 width=121)
	  Recheck Cond: ((id >= 6121937) AND (id <= 6122936))
	  ->  Bitmap Index Scan on sbtest4_pkey  (cost=0.00..34.00 rows=956 width=0)
	        Index Cond: ((id >= 6121937) AND (id <= 6122936))

table 5 : explain SELECT c FROM sbtest5 WHERE id BETWEEN 1459662 AND 1460661
	Bitmap Heap Scan on sbtest5  (cost=34.26..3721.64 rows=959 width=121)
	  Recheck Cond: ((id >= 1459662) AND (id <= 1460661))
	  ->  Bitmap Index Scan on sbtest5_pkey  (cost=0.00..34.03 rows=959 width=0)
	        Index Cond: ((id >= 1459662) AND (id <= 1460661))

table 6 : explain SELECT c FROM sbtest6 WHERE id BETWEEN 4904017 AND 4905016
	Bitmap Heap Scan on sbtest6  (cost=35.25..4082.18 rows=1055 width=121)
	  Recheck Cond: ((id >= 4904017) AND (id <= 4905016))
	  ->  Bitmap Index Scan on sbtest6_pkey  (cost=0.00..34.98 rows=1055 width=0)
	        Index Cond: ((id >= 4904017) AND (id <= 4905016))

table 7 : explain SELECT c FROM sbtest7 WHERE id BETWEEN 8347383 AND 8348382
	Bitmap Heap Scan on sbtest7  (cost=35.29..4098.19 rows=1059 width=121)
	  Recheck Cond: ((id >= 8347383) AND (id <= 8348382))
	  ->  Bitmap Index Scan on sbtest7_pkey  (cost=0.00..35.03 rows=1059 width=0)
	        Index Cond: ((id >= 8347383) AND (id <= 8348382))

table 8 : explain SELECT c FROM sbtest8 WHERE id BETWEEN 9577873 AND 9578872
	Bitmap Heap Scan on sbtest8  (cost=34.23..3710.43 rows=956 width=121)
	  Recheck Cond: ((id >= 9577873) AND (id <= 9578872))
	  ->  Bitmap Index Scan on sbtest8_pkey  (cost=0.00..34.00 rows=956 width=0)
	        Index Cond: ((id >= 9577873) AND (id <= 9578872))

for: order_ranges
table 1 : explain SELECT c FROM sbtest1 WHERE id BETWEEN 3957519 AND 3958518 ORDER BY c
	Sort  (cost=3803.09..3805.51 rows=967 width=121)
	  Sort Key: c
	  ->  Bitmap Heap Scan on sbtest1  (cost=34.35..3755.14 rows=967 width=121)
	        Recheck Cond: ((id >= 3957519) AND (id <= 3958518))
	        ->  Bitmap Index Scan on sbtest1_pkey  (cost=0.00..34.11 rows=967 width=0)
	              Index Cond: ((id >= 3957519) AND (id <= 3958518))

table 2 : explain SELECT c FROM sbtest2 WHERE id BETWEEN 8912827 AND 8913826 ORDER BY c
	Sort  (cost=3847.26..3849.71 rows=980 width=121)
	  Sort Key: c
	  ->  Bitmap Heap Scan on sbtest2  (cost=34.48..3798.58 rows=980 width=121)
	        Recheck Cond: ((id >= 8912827) AND (id <= 8913826))
	        ->  Bitmap Index Scan on sbtest2_pkey  (cost=0.00..34.23 rows=980 width=0)
	              Index Cond: ((id >= 8912827) AND (id <= 8913826))

table 3 : explain SELECT c FROM sbtest3 WHERE id BETWEEN 5084075 AND 5085074 ORDER BY c
	Sort  (cost=3904.33..3906.82 rows=995 width=121)
	  Sort Key: c
	  ->  Bitmap Heap Scan on sbtest3  (cost=34.63..3854.79 rows=995 width=121)
	        Recheck Cond: ((id >= 5084075) AND (id <= 5085074))
	        ->  Bitmap Index Scan on sbtest3_pkey  (cost=0.00..34.39 rows=995 width=0)
	              Index Cond: ((id >= 5084075) AND (id <= 5085074))

table 4 : explain SELECT c FROM sbtest4 WHERE id BETWEEN 2738319 AND 2739318 ORDER BY c
	Sort  (cost=3924.83..3927.33 rows=1000 width=121)
	  Sort Key: c
	  ->  Bitmap Heap Scan on sbtest4  (cost=34.69..3875.00 rows=1000 width=121)
	        Recheck Cond: ((id >= 2738319) AND (id <= 2739318))
	        ->  Bitmap Index Scan on sbtest4_pkey  (cost=0.00..34.44 rows=1000 width=0)
	              Index Cond: ((id >= 2738319) AND (id <= 2739318))

table 5 : explain SELECT c FROM sbtest5 WHERE id BETWEEN 7376853 AND 7377852 ORDER BY c
	Sort  (cost=3607.88..3610.18 rows=918 width=121)
	  Sort Key: c
	  ->  Bitmap Heap Scan on sbtest5  (cost=29.84..3562.71 rows=918 width=121)
	        Recheck Cond: ((id >= 7376853) AND (id <= 7377852))
	        ->  Bitmap Index Scan on sbtest5_pkey  (cost=0.00..29.61 rows=918 width=0)
	              Index Cond: ((id >= 7376853) AND (id <= 7377852))

table 6 : explain SELECT c FROM sbtest6 WHERE id BETWEEN 6858040 AND 6859039 ORDER BY c
	Sort  (cost=4108.42..4111.04 rows=1048 width=121)
	  Sort Key: c
	  ->  Bitmap Heap Scan on sbtest6  (cost=35.18..4055.85 rows=1048 width=121)
	        Recheck Cond: ((id >= 6858040) AND (id <= 6859039))
	        ->  Bitmap Index Scan on sbtest6_pkey  (cost=0.00..34.92 rows=1048 width=0)
	              Index Cond: ((id >= 6858040) AND (id <= 6859039))

table 7 : explain SELECT c FROM sbtest7 WHERE id BETWEEN 6480268 AND 6481267 ORDER BY c
	Sort  (cost=4472.18..4475.04 rows=1143 width=121)
	  Sort Key: c
	  ->  Bitmap Heap Scan on sbtest7  (cost=40.15..4414.13 rows=1143 width=121)
	        Recheck Cond: ((id >= 6480268) AND (id <= 6481267))
	        ->  Bitmap Index Scan on sbtest7_pkey  (cost=0.00..39.87 rows=1143 width=0)
	              Index Cond: ((id >= 6480268) AND (id <= 6481267))

table 8 : explain SELECT c FROM sbtest8 WHERE id BETWEEN 6990939 AND 6991938 ORDER BY c
	Sort  (cost=3922.49..3924.99 rows=999 width=121)
	  Sort Key: c
	  ->  Bitmap Heap Scan on sbtest8  (cost=34.67..3872.72 rows=999 width=121)
	        Recheck Cond: ((id >= 6990939) AND (id <= 6991938))
	        ->  Bitmap Index Scan on sbtest8_pkey  (cost=0.00..34.43 rows=999 width=0)
	              Index Cond: ((id >= 6990939) AND (id <= 6991938))

for point_selects
table 1 : explain SELECT c FROM sbtest1 WHERE id=348852
	Index Scan using sbtest1_pkey on sbtest1  (cost=0.43..8.45 rows=1 width=121)
	  Index Cond: (id = 348852)

table 2 : explain SELECT c FROM sbtest2 WHERE id=2297354
	Index Scan using sbtest2_pkey on sbtest2  (cost=0.43..8.45 rows=1 width=121)
	  Index Cond: (id = 2297354)

table 3 : explain SELECT c FROM sbtest3 WHERE id=7294393
	Index Scan using sbtest3_pkey on sbtest3  (cost=0.43..8.45 rows=1 width=121)
	  Index Cond: (id = 7294393)

table 4 : explain SELECT c FROM sbtest4 WHERE id=1431704
	Index Scan using sbtest4_pkey on sbtest4  (cost=0.43..8.45 rows=1 width=121)
	  Index Cond: (id = 1431704)

table 5 : explain SELECT c FROM sbtest5 WHERE id=2794461
	Index Scan using sbtest5_pkey on sbtest5  (cost=0.43..8.45 rows=1 width=121)
	  Index Cond: (id = 2794461)

table 6 : explain SELECT c FROM sbtest6 WHERE id=2753989
	Index Scan using sbtest6_pkey on sbtest6  (cost=0.43..8.45 rows=1 width=121)
	  Index Cond: (id = 2753989)

table 7 : explain SELECT c FROM sbtest7 WHERE id=9762817
	Index Scan using sbtest7_pkey on sbtest7  (cost=0.43..8.45 rows=1 width=121)
	  Index Cond: (id = 9762817)

table 8 : explain SELECT c FROM sbtest8 WHERE id=785576
	Index Scan using sbtest8_pkey on sbtest8  (cost=0.43..8.45 rows=1 width=121)
	  Index Cond: (id = 785576)

for: distinct_ranges
table 1 : explain SELECT DISTINCT c FROM sbtest1 WHERE id BETWEEN 6764973 AND 6765972 ORDER BY c
	Unique  (cost=4025.45..4030.57 rows=1025 width=121)
	  ->  Sort  (cost=4025.45..4028.01 rows=1025 width=121)
	        Sort Key: c
	        ->  Bitmap Heap Scan on sbtest1  (cost=34.94..3974.19 rows=1025 width=121)
	              Recheck Cond: ((id >= 6764973) AND (id <= 6765972))
	              ->  Bitmap Index Scan on sbtest1_pkey  (cost=0.00..34.69 rows=1025 width=0)
	                    Index Cond: ((id >= 6764973) AND (id <= 6765972))

table 2 : explain SELECT DISTINCT c FROM sbtest2 WHERE id BETWEEN 394177 AND 395176 ORDER BY c
	Unique  (cost=3931.43..3936.44 rows=1002 width=121)
	  ->  Sort  (cost=3931.43..3933.93 rows=1002 width=121)
	        Sort Key: c
	        ->  Bitmap Heap Scan on sbtest2  (cost=34.71..3881.48 rows=1002 width=121)
	              Recheck Cond: ((id >= 394177) AND (id <= 395176))
	              ->  Bitmap Index Scan on sbtest2_pkey  (cost=0.00..34.45 rows=1002 width=0)
	                    Index Cond: ((id >= 394177) AND (id <= 395176))

table 3 : explain SELECT DISTINCT c FROM sbtest3 WHERE id BETWEEN 109400 AND 110399 ORDER BY c
	Unique  (cost=3919.63..3924.63 rows=999 width=121)
	  ->  Sort  (cost=3919.63..3922.13 rows=999 width=121)
	        Sort Key: c
	        ->  Bitmap Heap Scan on sbtest3  (cost=34.67..3869.86 rows=999 width=121)
	              Recheck Cond: ((id >= 109400) AND (id <= 110399))
	              ->  Bitmap Index Scan on sbtest3_pkey  (cost=0.00..34.43 rows=999 width=0)
	                    Index Cond: ((id >= 109400) AND (id <= 110399))

table 4 : explain SELECT DISTINCT c FROM sbtest4 WHERE id BETWEEN 9712958 AND 9713957 ORDER BY c
	Unique  (cost=4089.23..4094.45 rows=1043 width=121)
	  ->  Sort  (cost=4089.23..4091.84 rows=1043 width=121)
	        Sort Key: c
	        ->  Bitmap Heap Scan on sbtest4  (cost=35.13..4036.95 rows=1043 width=121)
	              Recheck Cond: ((id >= 9712958) AND (id <= 9713957))
	              ->  Bitmap Index Scan on sbtest4_pkey  (cost=0.00..34.87 rows=1043 width=0)
	                    Index Cond: ((id >= 9712958) AND (id <= 9713957))

table 5 : explain SELECT DISTINCT c FROM sbtest5 WHERE id BETWEEN 4620968 AND 4621967 ORDER BY c
	Unique  (cost=3998.90..4004.00 rows=1019 width=121)
	  ->  Sort  (cost=3998.90..4001.45 rows=1019 width=121)
	        Sort Key: c
	        ->  Bitmap Heap Scan on sbtest5  (cost=34.88..3947.99 rows=1019 width=121)
	              Recheck Cond: ((id >= 4620968) AND (id <= 4621967))
	              ->  Bitmap Index Scan on sbtest5_pkey  (cost=0.00..34.62 rows=1019 width=0)
	                    Index Cond: ((id >= 4620968) AND (id <= 4621967))

table 6 : explain SELECT DISTINCT c FROM sbtest6 WHERE id BETWEEN 3450347 AND 3451346 ORDER BY c
	Unique  (cost=3760.27..3765.05 rows=957 width=121)
	  ->  Sort  (cost=3760.27..3762.66 rows=957 width=121)
	        Sort Key: c
	        ->  Bitmap Heap Scan on sbtest6  (cost=34.24..3712.89 rows=957 width=121)
	              Recheck Cond: ((id >= 3450347) AND (id <= 3451346))
	              ->  Bitmap Index Scan on sbtest6_pkey  (cost=0.00..34.01 rows=957 width=0)
	                    Index Cond: ((id >= 3450347) AND (id <= 3451346))

table 7 : explain SELECT DISTINCT c FROM sbtest7 WHERE id BETWEEN 9889137 AND 9890136 ORDER BY c
	Unique  (cost=4124.65..4129.91 rows=1052 width=121)
	  ->  Sort  (cost=4124.65..4127.28 rows=1052 width=121)
	        Sort Key: c
	        ->  Bitmap Heap Scan on sbtest7  (cost=35.22..4071.85 rows=1052 width=121)
	              Recheck Cond: ((id >= 9889137) AND (id <= 9890136))
	              ->  Bitmap Index Scan on sbtest7_pkey  (cost=0.00..34.95 rows=1052 width=0)
	                    Index Cond: ((id >= 9889137) AND (id <= 9890136))

table 8 : explain SELECT DISTINCT c FROM sbtest8 WHERE id BETWEEN 7175219 AND 7176218 ORDER BY c
	Unique  (cost=3872.71..3877.64 rows=986 width=121)
	  ->  Sort  (cost=3872.71..3875.18 rows=986 width=121)
	        Sort Key: c
	        ->  Bitmap Heap Scan on sbtest8  (cost=34.54..3823.68 rows=986 width=121)
	              Recheck Cond: ((id >= 7175219) AND (id <= 7176218))
	              ->  Bitmap Index Scan on sbtest8_pkey  (cost=0.00..34.30 rows=986 width=0)
	                    Index Cond: ((id >= 7175219) AND (id <= 7176218))

for: simple_ranges
table 1 : explain SELECT c FROM sbtest1 WHERE id BETWEEN 8431366 AND 8432365
	Bitmap Heap Scan on sbtest1  (cost=29.82..3558.18 rows=916 width=121)
	  Recheck Cond: ((id >= 8431366) AND (id <= 8432365))
	  ->  Bitmap Index Scan on sbtest1_pkey  (cost=0.00..29.59 rows=916 width=0)
	        Index Cond: ((id >= 8431366) AND (id <= 8432365))

table 2 : explain SELECT c FROM sbtest2 WHERE id BETWEEN 1168239 AND 1169238
	Bitmap Heap Scan on sbtest2  (cost=35.46..4159.90 rows=1076 width=121)
	  Recheck Cond: ((id >= 1168239) AND (id <= 1169238))
	  ->  Bitmap Index Scan on sbtest2_pkey  (cost=0.00..35.20 rows=1076 width=0)
	        Index Cond: ((id >= 1168239) AND (id <= 1169238))

table 3 : explain SELECT c FROM sbtest3 WHERE id BETWEEN 3273736 AND 3274735
	Bitmap Heap Scan on sbtest3  (cost=34.63..3854.79 rows=995 width=121)
	  Recheck Cond: ((id >= 3273736) AND (id <= 3274735))
	  ->  Bitmap Index Scan on sbtest3_pkey  (cost=0.00..34.39 rows=995 width=0)
	        Index Cond: ((id >= 3273736) AND (id <= 3274735))

table 4 : explain SELECT c FROM sbtest4 WHERE id BETWEEN 1238390 AND 1239389
	Bitmap Heap Scan on sbtest4  (cost=35.12..4033.18 rows=1042 width=121)
	  Recheck Cond: ((id >= 1238390) AND (id <= 1239389))
	  ->  Bitmap Index Scan on sbtest4_pkey  (cost=0.00..34.86 rows=1042 width=0)
	        Index Cond: ((id >= 1238390) AND (id <= 1239389))

table 5 : explain SELECT c FROM sbtest5 WHERE id BETWEEN 8827178 AND 8828177
	Bitmap Heap Scan on sbtest5  (cost=34.78..3910.30 rows=1009 width=121)
	  Recheck Cond: ((id >= 8827178) AND (id <= 8828177))
	  ->  Bitmap Index Scan on sbtest5_pkey  (cost=0.00..34.53 rows=1009 width=0)
	        Index Cond: ((id >= 8827178) AND (id <= 8828177))

table 6 : explain SELECT c FROM sbtest6 WHERE id BETWEEN 4998823 AND 4999822
	Bitmap Heap Scan on sbtest6  (cost=35.54..4187.47 rows=1083 width=121)
	  Recheck Cond: ((id >= 4998823) AND (id <= 4999822))
	  ->  Bitmap Index Scan on sbtest6_pkey  (cost=0.00..35.27 rows=1083 width=0)
	        Index Cond: ((id >= 4998823) AND (id <= 4999822))

table 7 : explain SELECT c FROM sbtest7 WHERE id BETWEEN 139585 AND 140584
	Bitmap Heap Scan on sbtest7  (cost=29.97..3607.71 rows=930 width=121)
	  Recheck Cond: ((id >= 139585) AND (id <= 140584))
	  ->  Bitmap Index Scan on sbtest7_pkey  (cost=0.00..29.73 rows=930 width=0)
	        Index Cond: ((id >= 139585) AND (id <= 140584))

table 8 : explain SELECT c FROM sbtest8 WHERE id BETWEEN 3366636 AND 3367635
	Bitmap Heap Scan on sbtest8  (cost=34.76..3902.88 rows=1007 width=121)
	  Recheck Cond: ((id >= 3366636) AND (id <= 3367635))
	  ->  Bitmap Index Scan on sbtest8_pkey  (cost=0.00..34.51 rows=1007 width=0)
	        Index Cond: ((id >= 3366636) AND (id <= 3367635))

explain: for point_selects :: explain SELECT c FROM sbtest%u WHERE id=%u
for: simple_ranges
table 1 : explain SELECT c FROM sbtest1 WHERE id BETWEEN 7255165 AND 7256164
	Bitmap Heap Scan on sbtest1  (cost=34.38..3766.48 rows=970 width=121)
	  Recheck Cond: ((id >= 7255165) AND (id <= 7256164))
	  ->  Bitmap Index Scan on sbtest1_pkey  (cost=0.00..34.14 rows=970 width=0)
	        Index Cond: ((id >= 7255165) AND (id <= 7256164))

table 2 : explain SELECT c FROM sbtest2 WHERE id BETWEEN 8334266 AND 8335265
	Bitmap Heap Scan on sbtest2  (cost=34.26..3719.38 rows=959 width=121)
	  Recheck Cond: ((id >= 8334266) AND (id <= 8335265))
	  ->  Bitmap Index Scan on sbtest2_pkey  (cost=0.00..34.03 rows=959 width=0)
	        Index Cond: ((id >= 8334266) AND (id <= 8335265))

table 3 : explain SELECT c FROM sbtest3 WHERE id BETWEEN 9159114 AND 9160113
	Bitmap Heap Scan on sbtest3  (cost=29.85..3564.08 rows=919 width=121)
	  Recheck Cond: ((id >= 9159114) AND (id <= 9160113))
	  ->  Bitmap Index Scan on sbtest3_pkey  (cost=0.00..29.62 rows=919 width=0)
	        Index Cond: ((id >= 9159114) AND (id <= 9160113))

table 4 : explain SELECT c FROM sbtest4 WHERE id BETWEEN 3959082 AND 3960081
	Bitmap Heap Scan on sbtest4  (cost=34.71..3882.54 rows=1002 width=121)
	  Recheck Cond: ((id >= 3959082) AND (id <= 3960081))
	  ->  Bitmap Index Scan on sbtest4_pkey  (cost=0.00..34.45 rows=1002 width=0)
	        Index Cond: ((id >= 3959082) AND (id <= 3960081))

table 5 : explain SELECT c FROM sbtest5 WHERE id BETWEEN 6462929 AND 6463928
	Bitmap Heap Scan on sbtest5  (cost=35.01..3996.97 rows=1032 width=121)
	  Recheck Cond: ((id >= 6462929) AND (id <= 6463928))
	  ->  Bitmap Index Scan on sbtest5_pkey  (cost=0.00..34.76 rows=1032 width=0)
	        Index Cond: ((id >= 6462929) AND (id <= 6463928))

table 6 : explain SELECT c FROM sbtest6 WHERE id BETWEEN 4402182 AND 4403181
	Bitmap Heap Scan on sbtest6  (cost=35.00..3991.86 rows=1031 width=121)
	  Recheck Cond: ((id >= 4402182) AND (id <= 4403181))
	  ->  Bitmap Index Scan on sbtest6_pkey  (cost=0.00..34.75 rows=1031 width=0)
	        Index Cond: ((id >= 4402182) AND (id <= 4403181))

table 7 : explain SELECT c FROM sbtest7 WHERE id BETWEEN 295628 AND 296627
	Bitmap Heap Scan on sbtest7  (cost=35.52..4180.95 rows=1081 width=121)
	  Recheck Cond: ((id >= 295628) AND (id <= 296627))
	  ->  Bitmap Index Scan on sbtest7_pkey  (cost=0.00..35.25 rows=1081 width=0)
	        Index Cond: ((id >= 295628) AND (id <= 296627))

table 8 : explain SELECT c FROM sbtest8 WHERE id BETWEEN 3004434 AND 3005433
	Bitmap Heap Scan on sbtest8  (cost=34.60..3846.32 rows=992 width=121)
	  Recheck Cond: ((id >= 3004434) AND (id <= 3005433))
	  ->  Bitmap Index Scan on sbtest8_pkey  (cost=0.00..34.36 rows=992 width=0)
	        Index Cond: ((id >= 3004434) AND (id <= 3005433))

for: distinct_ranges
table 1 : explain SELECT DISTINCT c FROM sbtest1 WHERE id BETWEEN 1847237 AND 1848236 ORDER BY c
	Unique  (cost=3856.80..3861.71 rows=981 width=121)
	  ->  Sort  (cost=3856.80..3859.25 rows=981 width=121)
	        Sort Key: c
	        ->  Bitmap Heap Scan on sbtest1  (cost=34.49..3808.05 rows=981 width=121)
	              Recheck Cond: ((id >= 1847237) AND (id <= 1848236))
	              ->  Bitmap Index Scan on sbtest1_pkey  (cost=0.00..34.25 rows=981 width=0)
	                    Index Cond: ((id >= 1847237) AND (id <= 1848236))

table 2 : explain SELECT DISTINCT c FROM sbtest2 WHERE id BETWEEN 1130600 AND 1131599 ORDER BY c
	Unique  (cost=4214.09..4219.47 rows=1076 width=121)
	  ->  Sort  (cost=4214.09..4216.78 rows=1076 width=121)
	        Sort Key: c
	        ->  Bitmap Heap Scan on sbtest2  (cost=35.46..4159.90 rows=1076 width=121)
	              Recheck Cond: ((id >= 1130600) AND (id <= 1131599))
	              ->  Bitmap Index Scan on sbtest2_pkey  (cost=0.00..35.20 rows=1076 width=0)
	                    Index Cond: ((id >= 1130600) AND (id <= 1131599))

table 3 : explain SELECT DISTINCT c FROM sbtest3 WHERE id BETWEEN 3765459 AND 3766458 ORDER BY c
	Unique  (cost=4118.32..4123.57 rows=1051 width=121)
	  ->  Sort  (cost=4118.32..4120.95 rows=1051 width=121)
	        Sort Key: c
	        ->  Bitmap Heap Scan on sbtest3  (cost=35.21..4065.57 rows=1051 width=121)
	              Recheck Cond: ((id >= 3765459) AND (id <= 3766458))
	              ->  Bitmap Index Scan on sbtest3_pkey  (cost=0.00..34.95 rows=1051 width=0)
	                    Index Cond: ((id >= 3765459) AND (id <= 3766458))

table 4 : explain SELECT DISTINCT c FROM sbtest4 WHERE id BETWEEN 2884315 AND 2885314 ORDER BY c
	Unique  (cost=4329.71..4335.24 rows=1106 width=121)
	  ->  Sort  (cost=4329.71..4332.48 rows=1106 width=121)
	        Sort Key: c
	        ->  Bitmap Heap Scan on sbtest4  (cost=35.77..4273.80 rows=1106 width=121)
	              Recheck Cond: ((id >= 2884315) AND (id <= 2885314))
	              ->  Bitmap Index Scan on sbtest4_pkey  (cost=0.00..35.50 rows=1106 width=0)
	                    Index Cond: ((id >= 2884315) AND (id <= 2885314))

table 5 : explain SELECT DISTINCT c FROM sbtest5 WHERE id BETWEEN 7385089 AND 7386088 ORDER BY c
	Unique  (cost=3607.88..3612.47 rows=918 width=121)
	  ->  Sort  (cost=3607.88..3610.18 rows=918 width=121)
	        Sort Key: c
	        ->  Bitmap Heap Scan on sbtest5  (cost=29.84..3562.71 rows=918 width=121)
	              Recheck Cond: ((id >= 7385089) AND (id <= 7386088))
	              ->  Bitmap Index Scan on sbtest5_pkey  (cost=0.00..29.61 rows=918 width=0)
	                    Index Cond: ((id >= 7385089) AND (id <= 7386088))

table 6 : explain SELECT DISTINCT c FROM sbtest6 WHERE id BETWEEN 3138969 AND 3139968 ORDER BY c
	Unique  (cost=4245.88..4251.30 rows=1084 width=121)
	  ->  Sort  (cost=4245.88..4248.59 rows=1084 width=121)
	        Sort Key: c
	        ->  Bitmap Heap Scan on sbtest6  (cost=35.55..4191.23 rows=1084 width=121)
	              Recheck Cond: ((id >= 3138969) AND (id <= 3139968))
	              ->  Bitmap Index Scan on sbtest6_pkey  (cost=0.00..35.28 rows=1084 width=0)
	                    Index Cond: ((id >= 3138969) AND (id <= 3139968))

table 7 : explain SELECT DISTINCT c FROM sbtest7 WHERE id BETWEEN 4589989 AND 4590988 ORDER BY c
	Unique  (cost=4185.78..4191.12 rows=1068 width=121)
	  ->  Sort  (cost=4185.78..4188.45 rows=1068 width=121)
	        Sort Key: c
	        ->  Bitmap Heap Scan on sbtest7  (cost=35.38..4132.06 rows=1068 width=121)
	              Recheck Cond: ((id >= 4589989) AND (id <= 4590988))
	              ->  Bitmap Index Scan on sbtest7_pkey  (cost=0.00..35.12 rows=1068 width=0)
	                    Index Cond: ((id >= 4589989) AND (id <= 4590988))

table 8 : explain SELECT DISTINCT c FROM sbtest8 WHERE id BETWEEN 300378 AND 301377 ORDER BY c
	Unique  (cost=3972.25..3977.31 rows=1012 width=121)
	  ->  Sort  (cost=3972.25..3974.78 rows=1012 width=121)
	        Sort Key: c
	        ->  Bitmap Heap Scan on sbtest8  (cost=34.81..3921.73 rows=1012 width=121)
	              Recheck Cond: ((id >= 300378) AND (id <= 301377))
	              ->  Bitmap Index Scan on sbtest8_pkey  (cost=0.00..34.56 rows=1012 width=0)
	                    Index Cond: ((id >= 300378) AND (id <= 301377))

for: order_ranges
table 1 : explain SELECT c FROM sbtest1 WHERE id BETWEEN 6385758 AND 6386757 ORDER BY c
	Sort  (cost=4335.33..4338.09 rows=1106 width=121)
	  Sort Key: c
	  ->  Bitmap Heap Scan on sbtest1  (cost=35.77..4279.42 rows=1106 width=121)
	        Recheck Cond: ((id >= 6385758) AND (id <= 6386757))
	        ->  Bitmap Index Scan on sbtest1_pkey  (cost=0.00..35.50 rows=1106 width=0)
	              Index Cond: ((id >= 6385758) AND (id <= 6386757))

table 2 : explain SELECT c FROM sbtest2 WHERE id BETWEEN 397172 AND 398171 ORDER BY c
	Sort  (cost=3931.43..3933.93 rows=1002 width=121)
	  Sort Key: c
	  ->  Bitmap Heap Scan on sbtest2  (cost=34.71..3881.48 rows=1002 width=121)
	        Recheck Cond: ((id >= 397172) AND (id <= 398171))
	        ->  Bitmap Index Scan on sbtest2_pkey  (cost=0.00..34.45 rows=1002 width=0)
	              Index Cond: ((id >= 397172) AND (id <= 398171))

table 3 : explain SELECT c FROM sbtest3 WHERE id BETWEEN 3724484 AND 3725483 ORDER BY c
	Sort  (cost=4118.32..4120.95 rows=1051 width=121)
	  Sort Key: c
	  ->  Bitmap Heap Scan on sbtest3  (cost=35.21..4065.57 rows=1051 width=121)
	        Recheck Cond: ((id >= 3724484) AND (id <= 3725483))
	        ->  Bitmap Index Scan on sbtest3_pkey  (cost=0.00..34.95 rows=1051 width=0)
	              Index Cond: ((id >= 3724484) AND (id <= 3725483))

table 4 : explain SELECT c FROM sbtest4 WHERE id BETWEEN 7518426 AND 7519425 ORDER BY c
	Sort  (cost=4322.09..4324.85 rows=1104 width=121)
	  Sort Key: c
	  ->  Bitmap Heap Scan on sbtest4  (cost=35.75..4266.29 rows=1104 width=121)
	        Recheck Cond: ((id >= 7518426) AND (id <= 7519425))
	        ->  Bitmap Index Scan on sbtest4_pkey  (cost=0.00..35.48 rows=1104 width=0)
	              Index Cond: ((id >= 7518426) AND (id <= 7519425))

table 5 : explain SELECT c FROM sbtest5 WHERE id BETWEEN 2592908 AND 2593907 ORDER BY c
	Sort  (cost=4419.30..4422.13 rows=1129 width=121)
	  Sort Key: c
	  ->  Bitmap Heap Scan on sbtest5  (cost=40.01..4362.06 rows=1129 width=121)
	        Recheck Cond: ((id >= 2592908) AND (id <= 2593907))
	        ->  Bitmap Index Scan on sbtest5_pkey  (cost=0.00..39.73 rows=1129 width=0)
	              Index Cond: ((id >= 2592908) AND (id <= 2593907))

table 6 : explain SELECT c FROM sbtest6 WHERE id BETWEEN 3813782 AND 3814781 ORDER BY c
	Sort  (cost=4020.52..4023.08 rows=1025 width=121)
	  Sort Key: c
	  ->  Bitmap Heap Scan on sbtest6  (cost=34.94..3969.26 rows=1025 width=121)
	        Recheck Cond: ((id >= 3813782) AND (id <= 3814781))
	        ->  Bitmap Index Scan on sbtest6_pkey  (cost=0.00..34.69 rows=1025 width=0)
	              Index Cond: ((id >= 3813782) AND (id <= 3814781))

table 7 : explain SELECT c FROM sbtest7 WHERE id BETWEEN 6380742 AND 6381741 ORDER BY c
	Sort  (cost=3944.92..3947.44 rows=1005 width=121)
	  Sort Key: c
	  ->  Bitmap Heap Scan on sbtest7  (cost=34.74..3894.81 rows=1005 width=121)
	        Recheck Cond: ((id >= 6380742) AND (id <= 6381741))
	        ->  Bitmap Index Scan on sbtest7_pkey  (cost=0.00..34.48 rows=1005 width=0)
	              Index Cond: ((id >= 6380742) AND (id <= 6381741))

table 8 : explain SELECT c FROM sbtest8 WHERE id BETWEEN 3487609 AND 3488608 ORDER BY c
	Sort  (cost=3746.26..3748.64 rows=953 width=121)
	  Sort Key: c
	  ->  Bitmap Heap Scan on sbtest8  (cost=34.20..3699.10 rows=953 width=121)
	        Recheck Cond: ((id >= 3487609) AND (id <= 3488608))
	        ->  Bitmap Index Scan on sbtest8_pkey  (cost=0.00..33.97 rows=953 width=0)
	              Index Cond: ((id >= 3487609) AND (id <= 3488608))

for: distinct_ranges
table 1 : explain SELECT DISTINCT c FROM sbtest1 WHERE id BETWEEN 6138787 AND 6139786 ORDER BY c
	Unique  (cost=3994.80..3999.89 rows=1017 width=121)
	  ->  Sort  (cost=3994.80..3997.34 rows=1017 width=121)
	        Sort Key: c
	        ->  Bitmap Heap Scan on sbtest1  (cost=34.86..3944.00 rows=1017 width=121)
	              Recheck Cond: ((id >= 6138787) AND (id <= 6139786))
	              ->  Bitmap Index Scan on sbtest1_pkey  (cost=0.00..34.61 rows=1017 width=0)
	                    Index Cond: ((id >= 6138787) AND (id <= 6139786))

table 2 : explain SELECT DISTINCT c FROM sbtest2 WHERE id BETWEEN 190583 AND 191582 ORDER BY c
	Unique  (cost=4153.03..4158.33 rows=1060 width=121)
	  ->  Sort  (cost=4153.03..4155.68 rows=1060 width=121)
	        Sort Key: c
	        ->  Bitmap Heap Scan on sbtest2  (cost=35.30..4099.76 rows=1060 width=121)
	              Recheck Cond: ((id >= 190583) AND (id <= 191582))
	              ->  Bitmap Index Scan on sbtest2_pkey  (cost=0.00..35.04 rows=1060 width=0)
	                    Index Cond: ((id >= 190583) AND (id <= 191582))

table 3 : explain SELECT DISTINCT c FROM sbtest3 WHERE id BETWEEN 1794735 AND 1795734 ORDER BY c
	Unique  (cost=4442.68..4448.36 rows=1136 width=121)
	  ->  Sort  (cost=4442.68..4445.52 rows=1136 width=121)
	        Sort Key: c
	        ->  Bitmap Heap Scan on sbtest3  (cost=40.08..4385.03 rows=1136 width=121)
	              Recheck Cond: ((id >= 1794735) AND (id <= 1795734))
	              ->  Bitmap Index Scan on sbtest3_pkey  (cost=0.00..39.80 rows=1136 width=0)
	                    Index Cond: ((id >= 1794735) AND (id <= 1795734))

table 4 : explain SELECT DISTINCT c FROM sbtest4 WHERE id BETWEEN 1306089 AND 1307088 ORDER BY c
	Unique  (cost=4085.41..4090.62 rows=1042 width=121)
	  ->  Sort  (cost=4085.41..4088.02 rows=1042 width=121)
	        Sort Key: c
	        ->  Bitmap Heap Scan on sbtest4  (cost=35.12..4033.18 rows=1042 width=121)
	              Recheck Cond: ((id >= 1306089) AND (id <= 1307088))
	              ->  Bitmap Index Scan on sbtest4_pkey  (cost=0.00..34.86 rows=1042 width=0)
	                    Index Cond: ((id >= 1306089) AND (id <= 1307088))

table 5 : explain SELECT DISTINCT c FROM sbtest5 WHERE id BETWEEN 3136695 AND 3137694 ORDER BY c
	Unique  (cost=3998.90..4004.00 rows=1019 width=121)
	  ->  Sort  (cost=3998.90..4001.45 rows=1019 width=121)
	        Sort Key: c
	        ->  Bitmap Heap Scan on sbtest5  (cost=34.88..3947.99 rows=1019 width=121)
	              Recheck Cond: ((id >= 3136695) AND (id <= 3137694))
	              ->  Bitmap Index Scan on sbtest5_pkey  (cost=0.00..34.62 rows=1019 width=0)
	                    Index Cond: ((id >= 3136695) AND (id <= 3137694))

table 6 : explain SELECT DISTINCT c FROM sbtest6 WHERE id BETWEEN 1912700 AND 1913699 ORDER BY c
	Unique  (cost=3890.47..3895.42 rows=991 width=121)
	  ->  Sort  (cost=3890.47..3892.94 rows=991 width=121)
	        Sort Key: c
	        ->  Bitmap Heap Scan on sbtest6  (cost=34.59..3841.15 rows=991 width=121)
	              Recheck Cond: ((id >= 1912700) AND (id <= 1913699))
	              ->  Bitmap Index Scan on sbtest6_pkey  (cost=0.00..34.34 rows=991 width=0)
	                    Index Cond: ((id >= 1912700) AND (id <= 1913699))

table 7 : explain SELECT DISTINCT c FROM sbtest7 WHERE id BETWEEN 3835105 AND 3836104 ORDER BY c
	Unique  (cost=3810.91..3815.76 rows=970 width=121)
	  ->  Sort  (cost=3810.91..3813.34 rows=970 width=121)
	        Sort Key: c
	        ->  Bitmap Heap Scan on sbtest7  (cost=34.38..3762.79 rows=970 width=121)
	              Recheck Cond: ((id >= 3835105) AND (id <= 3836104))
	              ->  Bitmap Index Scan on sbtest7_pkey  (cost=0.00..34.14 rows=970 width=0)
	                    Index Cond: ((id >= 3835105) AND (id <= 3836104))

table 8 : explain SELECT DISTINCT c FROM sbtest8 WHERE id BETWEEN 9525877 AND 9526876 ORDER BY c
	Unique  (cost=3757.76..3762.54 rows=956 width=121)
	  ->  Sort  (cost=3757.76..3760.15 rows=956 width=121)
	        Sort Key: c
	        ->  Bitmap Heap Scan on sbtest8  (cost=34.23..3710.43 rows=956 width=121)
	              Recheck Cond: ((id >= 9525877) AND (id <= 9526876))
	              ->  Bitmap Index Scan on sbtest8_pkey  (cost=0.00..34.00 rows=956 width=0)
	                    Index Cond: ((id >= 9525877) AND (id <= 9526876))

for: simple_ranges
table 1 : explain SELECT c FROM sbtest1 WHERE id BETWEEN 2808308 AND 2809307
	Bitmap Heap Scan on sbtest1  (cost=29.83..3561.96 rows=917 width=121)
	  Recheck Cond: ((id >= 2808308) AND (id <= 2809307))
	  ->  Bitmap Index Scan on sbtest1_pkey  (cost=0.00..29.61 rows=917 width=0)
	        Index Cond: ((id >= 2808308) AND (id <= 2809307))

table 2 : explain SELECT c FROM sbtest2 WHERE id BETWEEN 5229894 AND 5230893
	Bitmap Heap Scan on sbtest2  (cost=35.37..4126.08 rows=1067 width=121)
	  Recheck Cond: ((id >= 5229894) AND (id <= 5230893))
	  ->  Bitmap Index Scan on sbtest2_pkey  (cost=0.00..35.11 rows=1067 width=0)
	        Index Cond: ((id >= 5229894) AND (id <= 5230893))

table 3 : explain SELECT c FROM sbtest3 WHERE id BETWEEN 2776346 AND 2777345
	Bitmap Heap Scan on sbtest3  (cost=34.11..3662.47 rows=944 width=121)
	  Recheck Cond: ((id >= 2776346) AND (id <= 2777345))
	  ->  Bitmap Index Scan on sbtest3_pkey  (cost=0.00..33.88 rows=944 width=0)
	        Index Cond: ((id >= 2776346) AND (id <= 2777345))

table 4 : explain SELECT c FROM sbtest4 WHERE id BETWEEN 979997 AND 980996
	Bitmap Heap Scan on sbtest4  (cost=34.67..3871.23 rows=999 width=121)
	  Recheck Cond: ((id >= 979997) AND (id <= 980996))
	  ->  Bitmap Index Scan on sbtest4_pkey  (cost=0.00..34.43 rows=999 width=0)
	        Index Cond: ((id >= 979997) AND (id <= 980996))

table 5 : explain SELECT c FROM sbtest5 WHERE id BETWEEN 7182118 AND 7183117
	Bitmap Heap Scan on sbtest5  (cost=34.70..3880.13 rows=1001 width=121)
	  Recheck Cond: ((id >= 7182118) AND (id <= 7183117))
	  ->  Bitmap Index Scan on sbtest5_pkey  (cost=0.00..34.45 rows=1001 width=0)
	        Index Cond: ((id >= 7182118) AND (id <= 7183117))

table 6 : explain SELECT c FROM sbtest6 WHERE id BETWEEN 6492228 AND 6493227
	Bitmap Heap Scan on sbtest6  (cost=34.24..3712.89 rows=957 width=121)
	  Recheck Cond: ((id >= 6492228) AND (id <= 6493227))
	  ->  Bitmap Index Scan on sbtest6_pkey  (cost=0.00..34.01 rows=957 width=0)
	        Index Cond: ((id >= 6492228) AND (id <= 6493227))

table 7 : explain SELECT c FROM sbtest7 WHERE id BETWEEN 8154364 AND 8155363
	Bitmap Heap Scan on sbtest7  (cost=35.39..4135.82 rows=1069 width=121)
	  Recheck Cond: ((id >= 8154364) AND (id <= 8155363))
	  ->  Bitmap Index Scan on sbtest7_pkey  (cost=0.00..35.12 rows=1069 width=0)
	        Index Cond: ((id >= 8154364) AND (id <= 8155363))

table 8 : explain SELECT c FROM sbtest8 WHERE id BETWEEN 2617799 AND 2618798
	Bitmap Heap Scan on sbtest8  (cost=34.64..3861.40 rows=996 width=121)
	  Recheck Cond: ((id >= 2617799) AND (id <= 2618798))
	  ->  Bitmap Index Scan on sbtest8_pkey  (cost=0.00..34.40 rows=996 width=0)
	        Index Cond: ((id >= 2617799) AND (id <= 2618798))

for: distinct_ranges
table 1 : explain SELECT DISTINCT c FROM sbtest1 WHERE id BETWEEN 5898698 AND 5899697 ORDER BY c
	Unique  (cost=3925.82..3930.82 rows=999 width=121)
	  ->  Sort  (cost=3925.82..3928.32 rows=999 width=121)
	        Sort Key: c
	        ->  Bitmap Heap Scan on sbtest1  (cost=34.67..3876.05 rows=999 width=121)
	              Recheck Cond: ((id >= 5898698) AND (id <= 5899697))
	              ->  Bitmap Index Scan on sbtest1_pkey  (cost=0.00..34.43 rows=999 width=0)
	                    Index Cond: ((id >= 5898698) AND (id <= 5899697))

table 2 : explain SELECT DISTINCT c FROM sbtest2 WHERE id BETWEEN 5060505 AND 5061504 ORDER BY c
	Unique  (cost=3586.58..3591.15 rows=913 width=121)
	  ->  Sort  (cost=3586.58..3588.87 rows=913 width=121)
	        Sort Key: c
	        ->  Bitmap Heap Scan on sbtest2  (cost=29.79..3541.69 rows=913 width=121)
	              Recheck Cond: ((id >= 5060505) AND (id <= 5061504))
	              ->  Bitmap Index Scan on sbtest2_pkey  (cost=0.00..29.57 rows=913 width=0)
	                    Index Cond: ((id >= 5060505) AND (id <= 5061504))

table 3 : explain SELECT DISTINCT c FROM sbtest3 WHERE id BETWEEN 240560 AND 241559 ORDER BY c
	Unique  (cost=4145.04..4150.33 rows=1058 width=121)
	  ->  Sort  (cost=4145.04..4147.68 rows=1058 width=121)
	        Sort Key: c
	        ->  Bitmap Heap Scan on sbtest3  (cost=35.28..4091.89 rows=1058 width=121)
	              Recheck Cond: ((id >= 240560) AND (id <= 241559))
	              ->  Bitmap Index Scan on sbtest3_pkey  (cost=0.00..35.02 rows=1058 width=0)
	                    Index Cond: ((id >= 240560) AND (id <= 241559))

table 4 : explain SELECT DISTINCT c FROM sbtest4 WHERE id BETWEEN 9094401 AND 9095400 ORDER BY c
	Unique  (cost=3510.74..3515.20 rows=893 width=121)
	  ->  Sort  (cost=3510.74..3512.97 rows=893 width=121)
	        Sort Key: c
	        ->  Bitmap Heap Scan on sbtest4  (cost=29.59..3466.97 rows=893 width=121)
	              Recheck Cond: ((id >= 9094401) AND (id <= 9095400))
	              ->  Bitmap Index Scan on sbtest4_pkey  (cost=0.00..29.36 rows=893 width=0)
	                    Index Cond: ((id >= 9094401) AND (id <= 9095400))

table 5 : explain SELECT DISTINCT c FROM sbtest5 WHERE id BETWEEN 5670345 AND 5671344 ORDER BY c
	Unique  (cost=3723.14..3727.87 rows=947 width=121)
	  ->  Sort  (cost=3723.14..3725.50 rows=947 width=121)
	        Sort Key: c
	        ->  Bitmap Heap Scan on sbtest5  (cost=34.14..3676.32 rows=947 width=121)
	              Recheck Cond: ((id >= 5670345) AND (id <= 5671344))
	              ->  Bitmap Index Scan on sbtest5_pkey  (cost=0.00..33.91 rows=947 width=0)
	                    Index Cond: ((id >= 5670345) AND (id <= 5671344))

table 6 : explain SELECT DISTINCT c FROM sbtest6 WHERE id BETWEEN 1604297 AND 1605296 ORDER BY c
	Unique  (cost=3721.95..3726.68 rows=947 width=121)
	  ->  Sort  (cost=3721.95..3724.32 rows=947 width=121)
	        Sort Key: c
	        ->  Bitmap Heap Scan on sbtest6  (cost=34.14..3675.13 rows=947 width=121)
	              Recheck Cond: ((id >= 1604297) AND (id <= 1605296))
	              ->  Bitmap Index Scan on sbtest6_pkey  (cost=0.00..33.91 rows=947 width=0)
	                    Index Cond: ((id >= 1604297) AND (id <= 1605296))

table 7 : explain SELECT DISTINCT c FROM sbtest7 WHERE id BETWEEN 7892759 AND 7893758 ORDER BY c
	Unique  (cost=3715.10..3719.82 rows=945 width=121)
	  ->  Sort  (cost=3715.10..3717.46 rows=945 width=121)
	        Sort Key: c
	        ->  Bitmap Heap Scan on sbtest7  (cost=34.12..3668.39 rows=945 width=121)
	              Recheck Cond: ((id >= 7892759) AND (id <= 7893758))
	              ->  Bitmap Index Scan on sbtest7_pkey  (cost=0.00..33.89 rows=945 width=0)
	                    Index Cond: ((id >= 7892759) AND (id <= 7893758))

table 8 : explain SELECT DISTINCT c FROM sbtest8 WHERE id BETWEEN 8316007 AND 8317006 ORDER BY c
	Unique  (cost=3826.74..3831.61 rows=974 width=121)
	  ->  Sort  (cost=3826.74..3829.18 rows=974 width=121)
	        Sort Key: c
	        ->  Bitmap Heap Scan on sbtest8  (cost=34.42..3778.39 rows=974 width=121)
	              Recheck Cond: ((id >= 8316007) AND (id <= 8317006))
	              ->  Bitmap Index Scan on sbtest8_pkey  (cost=0.00..34.18 rows=974 width=0)
	                    Index Cond: ((id >= 8316007) AND (id <= 8317006))

for: sum_ranges
table 1 : explain SELECT SUM(k) FROM sbtest1 WHERE id BETWEEN 6032210 AND 6033209
	Aggregate  (cost=3784.04..3784.05 rows=1 width=8)
	  ->  Bitmap Heap Scan on sbtest1  (cost=34.42..3781.60 rows=974 width=4)
	        Recheck Cond: ((id >= 6032210) AND (id <= 6033209))
	        ->  Bitmap Index Scan on sbtest1_pkey  (cost=0.00..34.18 rows=974 width=0)
	              Index Cond: ((id >= 6032210) AND (id <= 6033209))

table 2 : explain SELECT SUM(k) FROM sbtest2 WHERE id BETWEEN 6006662 AND 6007661
	Aggregate  (cost=3733.10..3733.11 rows=1 width=8)
	  ->  Bitmap Heap Scan on sbtest2  (cost=34.30..3730.69 rows=962 width=4)
	        Recheck Cond: ((id >= 6006662) AND (id <= 6007661))
	        ->  Bitmap Index Scan on sbtest2_pkey  (cost=0.00..34.06 rows=962 width=0)
	              Index Cond: ((id >= 6006662) AND (id <= 6007661))

table 3 : explain SELECT SUM(k) FROM sbtest3 WHERE id BETWEEN 7255542 AND 7256541
	Aggregate  (cost=3842.20..3842.21 rows=1 width=8)
	  ->  Bitmap Heap Scan on sbtest3  (cost=34.59..3839.72 rows=991 width=4)
	        Recheck Cond: ((id >= 7255542) AND (id <= 7256541))
	        ->  Bitmap Index Scan on sbtest3_pkey  (cost=0.00..34.34 rows=991 width=0)
	              Index Cond: ((id >= 7255542) AND (id <= 7256541))

table 4 : explain SELECT SUM(k) FROM sbtest4 WHERE id BETWEEN 2487544 AND 2488543
	Aggregate  (cost=3764.30..3764.31 rows=1 width=8)
	  ->  Bitmap Heap Scan on sbtest4  (cost=34.38..3761.87 rows=970 width=4)
	        Recheck Cond: ((id >= 2487544) AND (id <= 2488543))
	        ->  Bitmap Index Scan on sbtest4_pkey  (cost=0.00..34.14 rows=970 width=0)
	              Index Cond: ((id >= 2487544) AND (id <= 2488543))

table 5 : explain SELECT SUM(k) FROM sbtest5 WHERE id BETWEEN 5350591 AND 5351590
	Aggregate  (cost=3829.80..3829.81 rows=1 width=8)
	  ->  Bitmap Heap Scan on sbtest5  (cost=34.55..3827.33 rows=987 width=4)
	        Recheck Cond: ((id >= 5350591) AND (id <= 5351590))
	        ->  Bitmap Index Scan on sbtest5_pkey  (cost=0.00..34.31 rows=987 width=0)
	              Index Cond: ((id >= 5350591) AND (id <= 5351590))

table 6 : explain SELECT SUM(k) FROM sbtest6 WHERE id BETWEEN 7501307 AND 7502306
	Aggregate  (cost=3533.61..3533.62 rows=1 width=8)
	  ->  Bitmap Heap Scan on sbtest6  (cost=29.76..3531.33 rows=910 width=4)
	        Recheck Cond: ((id >= 7501307) AND (id <= 7502306))
	        ->  Bitmap Index Scan on sbtest6_pkey  (cost=0.00..29.54 rows=910 width=0)
	              Index Cond: ((id >= 7501307) AND (id <= 7502306))

table 7 : explain SELECT SUM(k) FROM sbtest7 WHERE id BETWEEN 3260460 AND 3261459
	Aggregate  (cost=4010.43..4010.44 rows=1 width=8)
	  ->  Bitmap Heap Scan on sbtest7  (cost=35.04..4007.85 rows=1035 width=4)
	        Recheck Cond: ((id >= 3260460) AND (id <= 3261459))
	        ->  Bitmap Index Scan on sbtest7_pkey  (cost=0.00..34.79 rows=1035 width=0)
	              Index Cond: ((id >= 3260460) AND (id <= 3261459))

table 8 : explain SELECT SUM(k) FROM sbtest8 WHERE id BETWEEN 6819346 AND 6820345
	Aggregate  (cost=4097.65..4097.66 rows=1 width=8)
	  ->  Bitmap Heap Scan on sbtest8  (cost=35.28..4095.01 rows=1058 width=4)
	        Recheck Cond: ((id >= 6819346) AND (id <= 6820345))
	        ->  Bitmap Index Scan on sbtest8_pkey  (cost=0.00..35.02 rows=1058 width=0)
	              Index Cond: ((id >= 6819346) AND (id <= 6820345))

for: simple_ranges
table 1 : explain SELECT c FROM sbtest1 WHERE id BETWEEN 6081315 AND 6082314
	Bitmap Heap Scan on sbtest1  (cost=34.95..3977.96 rows=1026 width=121)
	  Recheck Cond: ((id >= 6081315) AND (id <= 6082314))
	  ->  Bitmap Index Scan on sbtest1_pkey  (cost=0.00..34.70 rows=1026 width=0)
	        Index Cond: ((id >= 6081315) AND (id <= 6082314))

table 2 : explain SELECT c FROM sbtest2 WHERE id BETWEEN 96864 AND 97863
	Bitmap Heap Scan on sbtest2  (cost=34.44..3783.49 rows=976 width=121)
	  Recheck Cond: ((id >= 96864) AND (id <= 97863))
	  ->  Bitmap Index Scan on sbtest2_pkey  (cost=0.00..34.20 rows=976 width=0)
	        Index Cond: ((id >= 96864) AND (id <= 97863))

table 3 : explain SELECT c FROM sbtest3 WHERE id BETWEEN 1793471 AND 1794470
	Bitmap Heap Scan on sbtest3  (cost=40.08..4385.03 rows=1136 width=121)
	  Recheck Cond: ((id >= 1793471) AND (id <= 1794470))
	  ->  Bitmap Index Scan on sbtest3_pkey  (cost=0.00..39.80 rows=1136 width=0)
	        Index Cond: ((id >= 1793471) AND (id <= 1794470))

table 4 : explain SELECT c FROM sbtest4 WHERE id BETWEEN 8140095 AND 8141094
	Bitmap Heap Scan on sbtest4  (cost=35.44..4153.55 rows=1074 width=121)
	  Recheck Cond: ((id >= 8140095) AND (id <= 8141094))
	  ->  Bitmap Index Scan on sbtest4_pkey  (cost=0.00..35.18 rows=1074 width=0)
	        Index Cond: ((id >= 8140095) AND (id <= 8141094))

table 5 : explain SELECT c FROM sbtest5 WHERE id BETWEEN 9967514 AND 9968513
	Bitmap Heap Scan on sbtest5  (cost=35.19..4060.99 rows=1049 width=121)
	  Recheck Cond: ((id >= 9967514) AND (id <= 9968513))
	  ->  Bitmap Index Scan on sbtest5_pkey  (cost=0.00..34.93 rows=1049 width=0)
	        Index Cond: ((id >= 9967514) AND (id <= 9968513))

table 6 : explain SELECT c FROM sbtest6 WHERE id BETWEEN 7440117 AND 7441116
	Bitmap Heap Scan on sbtest6  (cost=34.52..3814.75 rows=984 width=121)
	  Recheck Cond: ((id >= 7440117) AND (id <= 7441116))
	  ->  Bitmap Index Scan on sbtest6_pkey  (cost=0.00..34.28 rows=984 width=0)
	        Index Cond: ((id >= 7440117) AND (id <= 7441116))

table 7 : explain SELECT c FROM sbtest7 WHERE id BETWEEN 616789 AND 617788
	Bitmap Heap Scan on sbtest7  (cost=34.45..3789.21 rows=977 width=121)
	  Recheck Cond: ((id >= 616789) AND (id <= 617788))
	  ->  Bitmap Index Scan on sbtest7_pkey  (cost=0.00..34.20 rows=977 width=0)
	        Index Cond: ((id >= 616789) AND (id <= 617788))

table 8 : explain SELECT c FROM sbtest8 WHERE id BETWEEN 6625910 AND 6626909
	Bitmap Heap Scan on sbtest8  (cost=35.44..4155.21 rows=1074 width=121)
	  Recheck Cond: ((id >= 6625910) AND (id <= 6626909))
	  ->  Bitmap Index Scan on sbtest8_pkey  (cost=0.00..35.18 rows=1074 width=0)
	        Index Cond: ((id >= 6625910) AND (id <= 6626909))

for point_selects
table 1 : explain SELECT c FROM sbtest1 WHERE id=3955834
	Index Scan using sbtest1_pkey on sbtest1  (cost=0.43..8.45 rows=1 width=121)
	  Index Cond: (id = 3955834)

table 2 : explain SELECT c FROM sbtest2 WHERE id=2987906
	Index Scan using sbtest2_pkey on sbtest2  (cost=0.43..8.45 rows=1 width=121)
	  Index Cond: (id = 2987906)

table 3 : explain SELECT c FROM sbtest3 WHERE id=6709029
	Index Scan using sbtest3_pkey on sbtest3  (cost=0.43..8.45 rows=1 width=121)
	  Index Cond: (id = 6709029)

table 4 : explain SELECT c FROM sbtest4 WHERE id=204863
	Index Scan using sbtest4_pkey on sbtest4  (cost=0.43..8.45 rows=1 width=121)
	  Index Cond: (id = 204863)

table 5 : explain SELECT c FROM sbtest5 WHERE id=6103855
	Index Scan using sbtest5_pkey on sbtest5  (cost=0.43..8.45 rows=1 width=121)
	  Index Cond: (id = 6103855)

table 6 : explain SELECT c FROM sbtest6 WHERE id=9372771
	Index Scan using sbtest6_pkey on sbtest6  (cost=0.43..8.45 rows=1 width=121)
	  Index Cond: (id = 9372771)

table 7 : explain SELECT c FROM sbtest7 WHERE id=7334940
	Index Scan using sbtest7_pkey on sbtest7  (cost=0.43..8.45 rows=1 width=121)
	  Index Cond: (id = 7334940)

table 8 : explain SELECT c FROM sbtest8 WHERE id=2587850
	Index Scan using sbtest8_pkey on sbtest8  (cost=0.43..8.45 rows=1 width=121)
	  Index Cond: (id = 2587850)

for point_selects
table 1 : explain SELECT c FROM sbtest1 WHERE id=9862990
	Index Scan using sbtest1_pkey on sbtest1  (cost=0.43..8.45 rows=1 width=121)
	  Index Cond: (id = 9862990)

table 2 : explain SELECT c FROM sbtest2 WHERE id=6540247
	Index Scan using sbtest2_pkey on sbtest2  (cost=0.43..8.45 rows=1 width=121)
	  Index Cond: (id = 6540247)

table 3 : explain SELECT c FROM sbtest3 WHERE id=3898381
	Index Scan using sbtest3_pkey on sbtest3  (cost=0.43..8.45 rows=1 width=121)
	  Index Cond: (id = 3898381)

table 4 : explain SELECT c FROM sbtest4 WHERE id=9532237
	Index Scan using sbtest4_pkey on sbtest4  (cost=0.43..8.45 rows=1 width=121)
	  Index Cond: (id = 9532237)

table 5 : explain SELECT c FROM sbtest5 WHERE id=227793
	Index Scan using sbtest5_pkey on sbtest5  (cost=0.43..8.45 rows=1 width=121)
	  Index Cond: (id = 227793)

table 6 : explain SELECT c FROM sbtest6 WHERE id=9283990
	Index Scan using sbtest6_pkey on sbtest6  (cost=0.43..8.45 rows=1 width=121)
	  Index Cond: (id = 9283990)

table 7 : explain SELECT c FROM sbtest7 WHERE id=2603833
	Index Scan using sbtest7_pkey on sbtest7  (cost=0.43..8.45 rows=1 width=121)
	  Index Cond: (id = 2603833)

table 8 : explain SELECT c FROM sbtest8 WHERE id=3194818
	Index Scan using sbtest8_pkey on sbtest8  (cost=0.43..8.45 rows=1 width=121)
	  Index Cond: (id = 3194818)

for: sum_ranges
table 1 : explain SELECT SUM(k) FROM sbtest1 WHERE id BETWEEN 8297902 AND 8298901
	Aggregate  (cost=4063.56..4063.57 rows=1 width=8)
	  ->  Bitmap Heap Scan on sbtest1  (cost=35.18..4060.94 rows=1048 width=4)
	        Recheck Cond: ((id >= 8297902) AND (id <= 8298901))
	        ->  Bitmap Index Scan on sbtest1_pkey  (cost=0.00..34.92 rows=1048 width=0)
	              Index Cond: ((id >= 8297902) AND (id <= 8298901))

table 2 : explain SELECT SUM(k) FROM sbtest2 WHERE id BETWEEN 1302408 AND 1303407
	Aggregate  (cost=3498.59..3498.60 rows=1 width=8)
	  ->  Bitmap Heap Scan on sbtest2  (cost=29.67..3496.33 rows=901 width=4)
	        Recheck Cond: ((id >= 1302408) AND (id <= 1303407))
	        ->  Bitmap Index Scan on sbtest2_pkey  (cost=0.00..29.44 rows=901 width=0)
	              Index Cond: ((id >= 1302408) AND (id <= 1303407))

table 3 : explain SELECT SUM(k) FROM sbtest3 WHERE id BETWEEN 9341503 AND 9342502
	Aggregate  (cost=3471.83..3471.84 rows=1 width=8)
	  ->  Bitmap Heap Scan on sbtest3  (cost=29.60..3469.59 rows=894 width=4)
	        Recheck Cond: ((id >= 9341503) AND (id <= 9342502))
	        ->  Bitmap Index Scan on sbtest3_pkey  (cost=0.00..29.37 rows=894 width=0)
	              Index Cond: ((id >= 9341503) AND (id <= 9342502))

table 4 : explain SELECT SUM(k) FROM sbtest4 WHERE id BETWEEN 1808986 AND 1809985
	Aggregate  (cost=3669.87..3669.88 rows=1 width=8)
	  ->  Bitmap Heap Scan on sbtest4  (cost=34.12..3667.51 rows=945 width=4)
	        Recheck Cond: ((id >= 1808986) AND (id <= 1809985))
	        ->  Bitmap Index Scan on sbtest4_pkey  (cost=0.00..33.89 rows=945 width=0)
	              Index Cond: ((id >= 1808986) AND (id <= 1809985))

table 5 : explain SELECT SUM(k) FROM sbtest5 WHERE id BETWEEN 2527738 AND 2528737
	Aggregate  (cost=4364.88..4364.89 rows=1 width=8)
	  ->  Bitmap Heap Scan on sbtest5  (cost=40.01..4362.06 rows=1129 width=4)
	        Recheck Cond: ((id >= 2527738) AND (id <= 2528737))
	        ->  Bitmap Index Scan on sbtest5_pkey  (cost=0.00..39.73 rows=1129 width=0)
	              Index Cond: ((id >= 2527738) AND (id <= 2528737))

table 6 : explain SELECT SUM(k) FROM sbtest6 WHERE id BETWEEN 4744249 AND 4745248
	Aggregate  (cost=3647.27..3647.28 rows=1 width=8)
	  ->  Bitmap Heap Scan on sbtest6  (cost=34.06..3644.92 rows=939 width=4)
	        Recheck Cond: ((id >= 4744249) AND (id <= 4745248))
	        ->  Bitmap Index Scan on sbtest6_pkey  (cost=0.00..33.83 rows=939 width=0)
	              Index Cond: ((id >= 4744249) AND (id <= 4745248))

table 7 : explain SELECT SUM(k) FROM sbtest7 WHERE id BETWEEN 1292641 AND 1293640
	Aggregate  (cost=3991.59..3991.60 rows=1 width=8)
	  ->  Bitmap Heap Scan on sbtest7  (cost=34.99..3989.01 rows=1030 width=4)
	        Recheck Cond: ((id >= 1292641) AND (id <= 1293640))
	        ->  Bitmap Index Scan on sbtest7_pkey  (cost=0.00..34.73 rows=1030 width=0)
	              Index Cond: ((id >= 1292641) AND (id <= 1293640))

table 8 : explain SELECT SUM(k) FROM sbtest8 WHERE id BETWEEN 2355970 AND 2356969
	Aggregate  (cost=3894.08..3894.09 rows=1 width=8)
	  ->  Bitmap Heap Scan on sbtest8  (cost=34.73..3891.57 rows=1004 width=4)
	        Recheck Cond: ((id >= 2355970) AND (id <= 2356969))
	        ->  Bitmap Index Scan on sbtest8_pkey  (cost=0.00..34.48 rows=1004 width=0)
	              Index Cond: ((id >= 2355970) AND (id <= 2356969))

for: distinct_ranges
table 1 : explain SELECT DISTINCT c FROM sbtest1 WHERE id BETWEEN 6525763 AND 6526762 ORDER BY c
	Unique  (cost=3683.92..3688.61 rows=937 width=121)
	  ->  Sort  (cost=3683.92..3686.27 rows=937 width=121)
	        Sort Key: c
	        ->  Bitmap Heap Scan on sbtest1  (cost=30.04..3637.67 rows=937 width=121)
	              Recheck Cond: ((id >= 6525763) AND (id <= 6526762))
	              ->  Bitmap Index Scan on sbtest1_pkey  (cost=0.00..29.80 rows=937 width=0)
	                    Index Cond: ((id >= 6525763) AND (id <= 6526762))

table 2 : explain SELECT DISTINCT c FROM sbtest2 WHERE id BETWEEN 6342063 AND 6343062 ORDER BY c
	Unique  (cost=3797.50..3802.34 rows=967 width=121)
	  ->  Sort  (cost=3797.50..3799.92 rows=967 width=121)
	        Sort Key: c
	        ->  Bitmap Heap Scan on sbtest2  (cost=34.35..3749.55 rows=967 width=121)
	              Recheck Cond: ((id >= 6342063) AND (id <= 6343062))
	              ->  Bitmap Index Scan on sbtest2_pkey  (cost=0.00..34.11 rows=967 width=0)
	                    Index Cond: ((id >= 6342063) AND (id <= 6343062))

table 3 : explain SELECT DISTINCT c FROM sbtest3 WHERE id BETWEEN 8738251 AND 8739250 ORDER BY c
	Unique  (cost=3954.04..3959.08 rows=1008 width=121)
	  ->  Sort  (cost=3954.04..3956.56 rows=1008 width=121)
	        Sort Key: c
	        ->  Bitmap Heap Scan on sbtest3  (cost=34.77..3903.76 rows=1008 width=121)
	              Recheck Cond: ((id >= 8738251) AND (id <= 8739250))
	              ->  Bitmap Index Scan on sbtest3_pkey  (cost=0.00..34.52 rows=1008 width=0)
	                    Index Cond: ((id >= 8738251) AND (id <= 8739250))

table 4 : explain SELECT DISTINCT c FROM sbtest4 WHERE id BETWEEN 6209183 AND 6210182 ORDER BY c
	Unique  (cost=4203.81..4209.17 rows=1073 width=121)
	  ->  Sort  (cost=4203.81..4206.49 rows=1073 width=121)
	        Sort Key: c
	        ->  Bitmap Heap Scan on sbtest4  (cost=35.43..4149.79 rows=1073 width=121)
	              Recheck Cond: ((id >= 6209183) AND (id <= 6210182))
	              ->  Bitmap Index Scan on sbtest4_pkey  (cost=0.00..35.17 rows=1073 width=0)
	                    Index Cond: ((id >= 6209183) AND (id <= 6210182))

table 5 : explain SELECT DISTINCT c FROM sbtest5 WHERE id BETWEEN 4831429 AND 4832428 ORDER BY c
	Unique  (cost=3918.54..3923.53 rows=998 width=121)
	  ->  Sort  (cost=3918.54..3921.03 rows=998 width=121)
	        Sort Key: c
	        ->  Bitmap Heap Scan on sbtest5  (cost=34.66..3868.82 rows=998 width=121)
	              Recheck Cond: ((id >= 4831429) AND (id <= 4832428))
	              ->  Bitmap Index Scan on sbtest5_pkey  (cost=0.00..34.42 rows=998 width=0)
	                    Index Cond: ((id >= 4831429) AND (id <= 4832428))

table 6 : explain SELECT DISTINCT c FROM sbtest6 WHERE id BETWEEN 4242783 AND 4243782 ORDER BY c
	Unique  (cost=4264.96..4270.40 rows=1089 width=121)
	  ->  Sort  (cost=4264.96..4267.68 rows=1089 width=121)
	        Sort Key: c
	        ->  Bitmap Heap Scan on sbtest6  (cost=35.60..4210.02 rows=1089 width=121)
	              Recheck Cond: ((id >= 4242783) AND (id <= 4243782))
	              ->  Bitmap Index Scan on sbtest6_pkey  (cost=0.00..35.33 rows=1089 width=0)
	                    Index Cond: ((id >= 4242783) AND (id <= 4243782))

table 7 : explain SELECT DISTINCT c FROM sbtest7 WHERE id BETWEEN 455193 AND 456192 ORDER BY c
	Unique  (cost=4063.50..4068.68 rows=1036 width=121)
	  ->  Sort  (cost=4063.50..4066.09 rows=1036 width=121)
	        Sort Key: c
	        ->  Bitmap Heap Scan on sbtest7  (cost=35.05..4011.61 rows=1036 width=121)
	              Recheck Cond: ((id >= 455193) AND (id <= 456192))
	              ->  Bitmap Index Scan on sbtest7_pkey  (cost=0.00..34.80 rows=1036 width=0)
	                    Index Cond: ((id >= 455193) AND (id <= 456192))

table 8 : explain SELECT DISTINCT c FROM sbtest8 WHERE id BETWEEN 8246568 AND 8247567 ORDER BY c
	Unique  (cost=3830.57..3835.45 rows=975 width=121)
	  ->  Sort  (cost=3830.57..3833.01 rows=975 width=121)
	        Sort Key: c
	        ->  Bitmap Heap Scan on sbtest8  (cost=34.43..3782.17 rows=975 width=121)
	              Recheck Cond: ((id >= 8246568) AND (id <= 8247567))
	              ->  Bitmap Index Scan on sbtest8_pkey  (cost=0.00..34.19 rows=975 width=0)
	                    Index Cond: ((id >= 8246568) AND (id <= 8247567))

for: distinct_ranges
table 1 : explain SELECT DISTINCT c FROM sbtest1 WHERE id BETWEEN 8244825 AND 8245824 ORDER BY c
	Unique  (cost=4113.52..4118.76 rows=1048 width=121)
	  ->  Sort  (cost=4113.52..4116.14 rows=1048 width=121)
	        Sort Key: c
	        ->  Bitmap Heap Scan on sbtest1  (cost=35.18..4060.94 rows=1048 width=121)
	              Recheck Cond: ((id >= 8244825) AND (id <= 8245824))
	              ->  Bitmap Index Scan on sbtest1_pkey  (cost=0.00..34.92 rows=1048 width=0)
	                    Index Cond: ((id >= 8244825) AND (id <= 8245824))

table 2 : explain SELECT DISTINCT c FROM sbtest2 WHERE id BETWEEN 1754509 AND 1755508 ORDER BY c
	Unique  (cost=4233.16..4238.57 rows=1081 width=121)
	  ->  Sort  (cost=4233.16..4235.86 rows=1081 width=121)
	        Sort Key: c
	        ->  Bitmap Heap Scan on sbtest2  (cost=35.52..4178.69 rows=1081 width=121)
	              Recheck Cond: ((id >= 1754509) AND (id <= 1755508))
	              ->  Bitmap Index Scan on sbtest2_pkey  (cost=0.00..35.25 rows=1081 width=0)
	                    Index Cond: ((id >= 1754509) AND (id <= 1755508))

table 3 : explain SELECT DISTINCT c FROM sbtest3 WHERE id BETWEEN 4724397 AND 4725396 ORDER BY c
	Unique  (cost=4160.31..4165.62 rows=1062 width=121)
	  ->  Sort  (cost=4160.31..4162.96 rows=1062 width=121)
	        Sort Key: c
	        ->  Bitmap Heap Scan on sbtest3  (cost=35.32..4106.93 rows=1062 width=121)
	              Recheck Cond: ((id >= 4724397) AND (id <= 4725396))
	              ->  Bitmap Index Scan on sbtest3_pkey  (cost=0.00..35.06 rows=1062 width=0)
	                    Index Cond: ((id >= 4724397) AND (id <= 4725396))

table 4 : explain SELECT DISTINCT c FROM sbtest4 WHERE id BETWEEN 906184 AND 907183 ORDER BY c
	Unique  (cost=3775.52..3780.33 rows=961 width=121)
	  ->  Sort  (cost=3775.52..3777.92 rows=961 width=121)
	        Sort Key: c
	        ->  Bitmap Heap Scan on sbtest4  (cost=34.29..3727.91 rows=961 width=121)
	              Recheck Cond: ((id >= 906184) AND (id <= 907183))
	              ->  Bitmap Index Scan on sbtest4_pkey  (cost=0.00..34.05 rows=961 width=0)
	                    Index Cond: ((id >= 906184) AND (id <= 907183))

table 5 : explain SELECT DISTINCT c FROM sbtest5 WHERE id BETWEEN 2755826 AND 2756825 ORDER BY c
	Unique  (cost=4155.66..4160.96 rows=1060 width=121)
	  ->  Sort  (cost=4155.66..4158.31 rows=1060 width=121)
	        Sort Key: c
	        ->  Bitmap Heap Scan on sbtest5  (cost=35.30..4102.40 rows=1060 width=121)
	              Recheck Cond: ((id >= 2755826) AND (id <= 2756825))
	              ->  Bitmap Index Scan on sbtest5_pkey  (cost=0.00..35.04 rows=1060 width=0)
	                    Index Cond: ((id >= 2755826) AND (id <= 2756825))

table 6 : explain SELECT DISTINCT c FROM sbtest6 WHERE id BETWEEN 2124899 AND 2125898 ORDER BY c
	Unique  (cost=3595.24..3599.82 rows=915 width=121)
	  ->  Sort  (cost=3595.24..3597.53 rows=915 width=121)
	        Sort Key: c
	        ->  Bitmap Heap Scan on sbtest6  (cost=29.81..3550.23 rows=915 width=121)
	              Recheck Cond: ((id >= 2124899) AND (id <= 2125898))
	              ->  Bitmap Index Scan on sbtest6_pkey  (cost=0.00..29.58 rows=915 width=0)
	                    Index Cond: ((id >= 2124899) AND (id <= 2125898))

table 7 : explain SELECT DISTINCT c FROM sbtest7 WHERE id BETWEEN 716163 AND 717162 ORDER BY c
	Unique  (cost=4071.15..4076.34 rows=1038 width=121)
	  ->  Sort  (cost=4071.15..4073.74 rows=1038 width=121)
	        Sort Key: c
	        ->  Bitmap Heap Scan on sbtest7  (cost=35.07..4019.14 rows=1038 width=121)
	              Recheck Cond: ((id >= 716163) AND (id <= 717162))
	              ->  Bitmap Index Scan on sbtest7_pkey  (cost=0.00..34.82 rows=1038 width=0)
	                    Index Cond: ((id >= 716163) AND (id <= 717162))

table 8 : explain SELECT DISTINCT c FROM sbtest8 WHERE id BETWEEN 9566433 AND 9567432 ORDER BY c
	Unique  (cost=3757.76..3762.54 rows=956 width=121)
	  ->  Sort  (cost=3757.76..3760.15 rows=956 width=121)
	        Sort Key: c
	        ->  Bitmap Heap Scan on sbtest8  (cost=34.23..3710.43 rows=956 width=121)
	              Recheck Cond: ((id >= 9566433) AND (id <= 9567432))
	              ->  Bitmap Index Scan on sbtest8_pkey  (cost=0.00..34.00 rows=956 width=0)
	                    Index Cond: ((id >= 9566433) AND (id <= 9567432))

for: order_ranges
table 1 : explain SELECT c FROM sbtest1 WHERE id BETWEEN 3637238 AND 3638237 ORDER BY c
	Sort  (cost=3806.93..3809.35 rows=968 width=121)
	  Sort Key: c
	  ->  Bitmap Heap Scan on sbtest1  (cost=34.36..3758.92 rows=968 width=121)
	        Recheck Cond: ((id >= 3637238) AND (id <= 3638237))
	        ->  Bitmap Index Scan on sbtest1_pkey  (cost=0.00..34.12 rows=968 width=0)
	              Index Cond: ((id >= 3637238) AND (id <= 3638237))

table 2 : explain SELECT c FROM sbtest2 WHERE id BETWEEN 1179602 AND 1180601 ORDER BY c
	Sort  (cost=4214.09..4216.78 rows=1076 width=121)
	  Sort Key: c
	  ->  Bitmap Heap Scan on sbtest2  (cost=35.46..4159.90 rows=1076 width=121)
	        Recheck Cond: ((id >= 1179602) AND (id <= 1180601))
	        ->  Bitmap Index Scan on sbtest2_pkey  (cost=0.00..35.20 rows=1076 width=0)
	              Index Cond: ((id >= 1179602) AND (id <= 1180601))

table 3 : explain SELECT c FROM sbtest3 WHERE id BETWEEN 2691928 AND 2692927 ORDER BY c
	Sort  (cost=4503.59..4506.47 rows=1152 width=121)
	  Sort Key: c
	  ->  Bitmap Heap Scan on sbtest3  (cost=40.24..4445.01 rows=1152 width=121)
	        Recheck Cond: ((id >= 2691928) AND (id <= 2692927))
	        ->  Bitmap Index Scan on sbtest3_pkey  (cost=0.00..39.95 rows=1152 width=0)
	              Index Cond: ((id >= 2691928) AND (id <= 2692927))

table 4 : explain SELECT c FROM sbtest4 WHERE id BETWEEN 4568304 AND 4569303 ORDER BY c
	Sort  (cost=4123.62..4126.25 rows=1052 width=121)
	  Sort Key: c
	  ->  Bitmap Heap Scan on sbtest4  (cost=35.22..4070.81 rows=1052 width=121)
	        Recheck Cond: ((id >= 4568304) AND (id <= 4569303))
	        ->  Bitmap Index Scan on sbtest4_pkey  (cost=0.00..34.95 rows=1052 width=0)
	              Index Cond: ((id >= 4568304) AND (id <= 4569303))

table 5 : explain SELECT c FROM sbtest5 WHERE id BETWEEN 4623240 AND 4624239 ORDER BY c
	Sort  (cost=3998.90..4001.45 rows=1019 width=121)
	  Sort Key: c
	  ->  Bitmap Heap Scan on sbtest5  (cost=34.88..3947.99 rows=1019 width=121)
	        Recheck Cond: ((id >= 4623240) AND (id <= 4624239))
	        ->  Bitmap Index Scan on sbtest5_pkey  (cost=0.00..34.62 rows=1019 width=0)
	              Index Cond: ((id >= 4623240) AND (id <= 4624239))

table 6 : explain SELECT c FROM sbtest6 WHERE id BETWEEN 780020 AND 781019 ORDER BY c
	Sort  (cost=4066.39..4068.98 rows=1037 width=121)
	  Sort Key: c
	  ->  Bitmap Heap Scan on sbtest6  (cost=35.06..4014.45 rows=1037 width=121)
	        Recheck Cond: ((id >= 780020) AND (id <= 781019))
	        ->  Bitmap Index Scan on sbtest6_pkey  (cost=0.00..34.81 rows=1037 width=0)
	              Index Cond: ((id >= 780020) AND (id <= 781019))

table 7 : explain SELECT c FROM sbtest7 WHERE id BETWEEN 6272966 AND 6273965 ORDER BY c
	Sort  (cost=3960.23..3962.75 rows=1009 width=121)
	  Sort Key: c
	  ->  Bitmap Heap Scan on sbtest7  (cost=34.78..3909.89 rows=1009 width=121)
	        Recheck Cond: ((id >= 6272966) AND (id <= 6273965))
	        ->  Bitmap Index Scan on sbtest7_pkey  (cost=0.00..34.53 rows=1009 width=0)
	              Index Cond: ((id >= 6272966) AND (id <= 6273965))

table 8 : explain SELECT c FROM sbtest8 WHERE id BETWEEN 9510696 AND 9511695 ORDER BY c
	Sort  (cost=3757.76..3760.15 rows=956 width=121)
	  Sort Key: c
	  ->  Bitmap Heap Scan on sbtest8  (cost=34.23..3710.43 rows=956 width=121)
	        Recheck Cond: ((id >= 9510696) AND (id <= 9511695))
	        ->  Bitmap Index Scan on sbtest8_pkey  (cost=0.00..34.00 rows=956 width=0)
	              Index Cond: ((id >= 9510696) AND (id <= 9511695))

for: sum_ranges
table 1 : explain SELECT SUM(k) FROM sbtest1 WHERE id BETWEEN 3782467 AND 3783466
	Aggregate  (cost=3621.08..3621.09 rows=1 width=8)
	  ->  Bitmap Heap Scan on sbtest1  (cost=29.99..3618.75 rows=932 width=4)
	        Recheck Cond: ((id >= 3782467) AND (id <= 3783466))
	        ->  Bitmap Index Scan on sbtest1_pkey  (cost=0.00..29.75 rows=932 width=0)
	              Index Cond: ((id >= 3782467) AND (id <= 3783466))

table 2 : explain SELECT SUM(k) FROM sbtest2 WHERE id BETWEEN 8892145 AND 8893144
	Aggregate  (cost=4015.85..4015.86 rows=1 width=8)
	  ->  Bitmap Heap Scan on sbtest2  (cost=35.06..4013.25 rows=1037 width=4)
	        Recheck Cond: ((id >= 8892145) AND (id <= 8893144))
	        ->  Bitmap Index Scan on sbtest2_pkey  (cost=0.00..34.81 rows=1037 width=0)
	              Index Cond: ((id >= 8892145) AND (id <= 8893144))

table 3 : explain SELECT SUM(k) FROM sbtest3 WHERE id BETWEEN 656497 AND 657496
	Aggregate  (cost=3668.61..3668.62 rows=1 width=8)
	  ->  Bitmap Heap Scan on sbtest3  (cost=34.12..3666.25 rows=945 width=4)
	        Recheck Cond: ((id >= 656497) AND (id <= 657496))
	        ->  Bitmap Index Scan on sbtest3_pkey  (cost=0.00..33.89 rows=945 width=0)
	              Index Cond: ((id >= 656497) AND (id <= 657496))

table 4 : explain SELECT SUM(k) FROM sbtest4 WHERE id BETWEEN 8303237 AND 8304236
	Aggregate  (cost=3964.21..3964.22 rows=1 width=8)
	  ->  Bitmap Heap Scan on sbtest4  (cost=34.92..3961.65 rows=1023 width=4)
	        Recheck Cond: ((id >= 8303237) AND (id <= 8304236))
	        ->  Bitmap Index Scan on sbtest4_pkey  (cost=0.00..34.67 rows=1023 width=0)
	              Index Cond: ((id >= 8303237) AND (id <= 8304236))

table 5 : explain SELECT SUM(k) FROM sbtest5 WHERE id BETWEEN 3517981 AND 3518980
	Aggregate  (cost=4127.64..4127.65 rows=1 width=8)
	  ->  Bitmap Heap Scan on sbtest5  (cost=35.36..4124.98 rows=1066 width=4)
	        Recheck Cond: ((id >= 3517981) AND (id <= 3518980))
	        ->  Bitmap Index Scan on sbtest5_pkey  (cost=0.00..35.09 rows=1066 width=0)
	              Index Cond: ((id >= 3517981) AND (id <= 3518980))

table 6 : explain SELECT SUM(k) FROM sbtest6 WHERE id BETWEEN 8191284 AND 8192283
	Aggregate  (cost=3700.17..3700.18 rows=1 width=8)
	  ->  Bitmap Heap Scan on sbtest6  (cost=34.20..3697.79 rows=953 width=4)
	        Recheck Cond: ((id >= 8191284) AND (id <= 8192283))
	        ->  Bitmap Index Scan on sbtest6_pkey  (cost=0.00..33.97 rows=953 width=0)
	              Index Cond: ((id >= 8191284) AND (id <= 8192283))

table 7 : explain SELECT SUM(k) FROM sbtest7 WHERE id BETWEEN 6108306 AND 6109305
	Aggregate  (cost=3874.69..3874.70 rows=1 width=8)
	  ->  Bitmap Heap Scan on sbtest7  (cost=34.67..3872.19 rows=999 width=4)
	        Recheck Cond: ((id >= 6108306) AND (id <= 6109305))
	        ->  Bitmap Index Scan on sbtest7_pkey  (cost=0.00..34.43 rows=999 width=0)
	              Index Cond: ((id >= 6108306) AND (id <= 6109305))

table 8 : explain SELECT SUM(k) FROM sbtest8 WHERE id BETWEEN 2747304 AND 2748303
	Aggregate  (cost=3773.27..3773.28 rows=1 width=8)
	  ->  Bitmap Heap Scan on sbtest8  (cost=34.40..3770.84 rows=972 width=4)
	        Recheck Cond: ((id >= 2747304) AND (id <= 2748303))
	        ->  Bitmap Index Scan on sbtest8_pkey  (cost=0.00..34.16 rows=972 width=0)
	              Index Cond: ((id >= 2747304) AND (id <= 2748303))

for point_selects
table 1 : explain SELECT c FROM sbtest1 WHERE id=3404097
	Index Scan using sbtest1_pkey on sbtest1  (cost=0.43..8.45 rows=1 width=121)
	  Index Cond: (id = 3404097)

table 2 : explain SELECT c FROM sbtest2 WHERE id=7985616
	Index Scan using sbtest2_pkey on sbtest2  (cost=0.43..8.45 rows=1 width=121)
	  Index Cond: (id = 7985616)

table 3 : explain SELECT c FROM sbtest3 WHERE id=3033447
	Index Scan using sbtest3_pkey on sbtest3  (cost=0.43..8.45 rows=1 width=121)
	  Index Cond: (id = 3033447)

table 4 : explain SELECT c FROM sbtest4 WHERE id=8318029
	Index Scan using sbtest4_pkey on sbtest4  (cost=0.43..8.45 rows=1 width=121)
	  Index Cond: (id = 8318029)

table 5 : explain SELECT c FROM sbtest5 WHERE id=8354220
	Index Scan using sbtest5_pkey on sbtest5  (cost=0.43..8.45 rows=1 width=121)
	  Index Cond: (id = 8354220)

table 6 : explain SELECT c FROM sbtest6 WHERE id=6971928
	Index Scan using sbtest6_pkey on sbtest6  (cost=0.43..8.45 rows=1 width=121)
	  Index Cond: (id = 6971928)

table 7 : explain SELECT c FROM sbtest7 WHERE id=4918740
	Index Scan using sbtest7_pkey on sbtest7  (cost=0.43..8.45 rows=1 width=121)
	  Index Cond: (id = 4918740)

table 8 : explain SELECT c FROM sbtest8 WHERE id=4024248
	Index Scan using sbtest8_pkey on sbtest8  (cost=0.43..8.45 rows=1 width=121)
	  Index Cond: (id = 4024248)

for point_selects
table 1 : explain SELECT c FROM sbtest1 WHERE id=5100728
	Index Scan using sbtest1_pkey on sbtest1  (cost=0.43..8.45 rows=1 width=121)
	  Index Cond: (id = 5100728)

table 2 : explain SELECT c FROM sbtest2 WHERE id=4791264
	Index Scan using sbtest2_pkey on sbtest2  (cost=0.43..8.45 rows=1 width=121)
	  Index Cond: (id = 4791264)

table 3 : explain SELECT c FROM sbtest3 WHERE id=976683
	Index Scan using sbtest3_pkey on sbtest3  (cost=0.43..8.45 rows=1 width=121)
	  Index Cond: (id = 976683)

table 4 : explain SELECT c FROM sbtest4 WHERE id=1791743
	Index Scan using sbtest4_pkey on sbtest4  (cost=0.43..8.45 rows=1 width=121)
	  Index Cond: (id = 1791743)

table 5 : explain SELECT c FROM sbtest5 WHERE id=575918
	Index Scan using sbtest5_pkey on sbtest5  (cost=0.43..8.45 rows=1 width=121)
	  Index Cond: (id = 575918)

table 6 : explain SELECT c FROM sbtest6 WHERE id=5288901
	Index Scan using sbtest6_pkey on sbtest6  (cost=0.43..8.45 rows=1 width=121)
	  Index Cond: (id = 5288901)

table 7 : explain SELECT c FROM sbtest7 WHERE id=9092401
	Index Scan using sbtest7_pkey on sbtest7  (cost=0.43..8.45 rows=1 width=121)
	  Index Cond: (id = 9092401)

table 8 : explain SELECT c FROM sbtest8 WHERE id=8089105
	Index Scan using sbtest8_pkey on sbtest8  (cost=0.43..8.45 rows=1 width=121)
	  Index Cond: (id = 8089105)

for: simple_ranges
table 1 : explain SELECT c FROM sbtest1 WHERE id BETWEEN 7712109 AND 7713108
	Bitmap Heap Scan on sbtest1  (cost=34.70..3883.60 rows=1001 width=121)
	  Recheck Cond: ((id >= 7712109) AND (id <= 7713108))
	  ->  Bitmap Index Scan on sbtest1_pkey  (cost=0.00..34.45 rows=1001 width=0)
	        Index Cond: ((id >= 7712109) AND (id <= 7713108))

table 2 : explain SELECT c FROM sbtest2 WHERE id BETWEEN 5133466 AND 5134465
	Bitmap Heap Scan on sbtest2  (cost=33.97..3609.91 rows=930 width=121)
	  Recheck Cond: ((id >= 5133466) AND (id <= 5134465))
	  ->  Bitmap Index Scan on sbtest2_pkey  (cost=0.00..33.73 rows=930 width=0)
	        Index Cond: ((id >= 5133466) AND (id <= 5134465))

table 3 : explain SELECT c FROM sbtest3 WHERE id BETWEEN 7108878 AND 7109877
	Bitmap Heap Scan on sbtest3  (cost=34.49..3802.03 rows=981 width=121)
	  Recheck Cond: ((id >= 7108878) AND (id <= 7109877))
	  ->  Bitmap Index Scan on sbtest3_pkey  (cost=0.00..34.25 rows=981 width=0)
	        Index Cond: ((id >= 7108878) AND (id <= 7109877))

table 4 : explain SELECT c FROM sbtest4 WHERE id BETWEEN 3316029 AND 3317028
	Bitmap Heap Scan on sbtest4  (cost=34.94..3969.18 rows=1025 width=121)
	  Recheck Cond: ((id >= 3316029) AND (id <= 3317028))
	  ->  Bitmap Index Scan on sbtest4_pkey  (cost=0.00..34.69 rows=1025 width=0)
	        Index Cond: ((id >= 3316029) AND (id <= 3317028))

table 5 : explain SELECT c FROM sbtest5 WHERE id BETWEEN 6297489 AND 6298488
	Bitmap Heap Scan on sbtest5  (cost=34.59..3842.42 rows=991 width=121)
	  Recheck Cond: ((id >= 6297489) AND (id <= 6298488))
	  ->  Bitmap Index Scan on sbtest5_pkey  (cost=0.00..34.34 rows=991 width=0)
	        Index Cond: ((id >= 6297489) AND (id <= 6298488))

table 6 : explain SELECT c FROM sbtest6 WHERE id BETWEEN 1007428 AND 1008427
	Bitmap Heap Scan on sbtest6  (cost=34.63..3856.23 rows=995 width=121)
	  Recheck Cond: ((id >= 1007428) AND (id <= 1008427))
	  ->  Bitmap Index Scan on sbtest6_pkey  (cost=0.00..34.39 rows=995 width=0)
	        Index Cond: ((id >= 1007428) AND (id <= 1008427))

table 7 : explain SELECT c FROM sbtest7 WHERE id BETWEEN 156018 AND 157017
	Bitmap Heap Scan on sbtest7  (cost=29.97..3607.71 rows=930 width=121)
	  Recheck Cond: ((id >= 156018) AND (id <= 157017))
	  ->  Bitmap Index Scan on sbtest7_pkey  (cost=0.00..29.73 rows=930 width=0)
	        Index Cond: ((id >= 156018) AND (id <= 157017))

table 8 : explain SELECT c FROM sbtest8 WHERE id BETWEEN 5390383 AND 5391382
	Bitmap Heap Scan on sbtest8  (cost=35.58..4204.11 rows=1087 width=121)
	  Recheck Cond: ((id >= 5390383) AND (id <= 5391382))
	  ->  Bitmap Index Scan on sbtest8_pkey  (cost=0.00..35.31 rows=1087 width=0)
	        Index Cond: ((id >= 5390383) AND (id <= 5391382))

for: sum_ranges
table 1 : explain SELECT SUM(k) FROM sbtest1 WHERE id BETWEEN 4634756 AND 4635755
	Aggregate  (cost=4089.97..4089.98 rows=1 width=8)
	  ->  Bitmap Heap Scan on sbtest1  (cost=35.25..4087.33 rows=1055 width=4)
	        Recheck Cond: ((id >= 4634756) AND (id <= 4635755))
	        ->  Bitmap Index Scan on sbtest1_pkey  (cost=0.00..34.98 rows=1055 width=0)
	              Index Cond: ((id >= 4634756) AND (id <= 4635755))

table 2 : explain SELECT SUM(k) FROM sbtest2 WHERE id BETWEEN 8357431 AND 8358430
	Aggregate  (cost=3721.77..3721.78 rows=1 width=8)
	  ->  Bitmap Heap Scan on sbtest2  (cost=34.26..3719.38 rows=959 width=4)
	        Recheck Cond: ((id >= 8357431) AND (id <= 8358430))
	        ->  Bitmap Index Scan on sbtest2_pkey  (cost=0.00..34.03 rows=959 width=0)
	              Index Cond: ((id >= 8357431) AND (id <= 8358430))

table 3 : explain SELECT SUM(k) FROM sbtest3 WHERE id BETWEEN 8036756 AND 8037755
	Aggregate  (cost=3977.85..3977.86 rows=1 width=8)
	  ->  Bitmap Heap Scan on sbtest3  (cost=34.96..3975.28 rows=1027 width=4)
	        Recheck Cond: ((id >= 8036756) AND (id <= 8037755))
	        ->  Bitmap Index Scan on sbtest3_pkey  (cost=0.00..34.70 rows=1027 width=0)
	              Index Cond: ((id >= 8036756) AND (id <= 8037755))

table 4 : explain SELECT SUM(k) FROM sbtest4 WHERE id BETWEEN 9809872 AND 9810871
	Aggregate  (cost=3918.98..3918.99 rows=1 width=8)
	  ->  Bitmap Heap Scan on sbtest4  (cost=34.80..3916.45 rows=1011 width=4)
	        Recheck Cond: ((id >= 9809872) AND (id <= 9810871))
	        ->  Bitmap Index Scan on sbtest4_pkey  (cost=0.00..34.55 rows=1011 width=0)
	              Index Cond: ((id >= 9809872) AND (id <= 9810871))

table 5 : explain SELECT SUM(k) FROM sbtest5 WHERE id BETWEEN 2438376 AND 2439375
	Aggregate  (cost=3746.71..3746.72 rows=1 width=8)
	  ->  Bitmap Heap Scan on sbtest5  (cost=34.33..3744.30 rows=965 width=4)
	        Recheck Cond: ((id >= 2438376) AND (id <= 2439375))
	        ->  Bitmap Index Scan on sbtest5_pkey  (cost=0.00..34.09 rows=965 width=0)
	              Index Cond: ((id >= 2438376) AND (id <= 2439375))

table 6 : explain SELECT SUM(k) FROM sbtest6 WHERE id BETWEEN 9274818 AND 9275817
	Aggregate  (cost=3541.17..3541.18 rows=1 width=8)
	  ->  Bitmap Heap Scan on sbtest6  (cost=29.78..3538.89 rows=912 width=4)
	        Recheck Cond: ((id >= 9274818) AND (id <= 9275817))
	        ->  Bitmap Index Scan on sbtest6_pkey  (cost=0.00..29.55 rows=912 width=0)
	              Index Cond: ((id >= 9274818) AND (id <= 9275817))

table 7 : explain SELECT SUM(k) FROM sbtest7 WHERE id BETWEEN 6648582 AND 6649581
	Aggregate  (cost=3682.09..3682.10 rows=1 width=8)
	  ->  Bitmap Heap Scan on sbtest7  (cost=34.15..3679.72 rows=948 width=4)
	        Recheck Cond: ((id >= 6648582) AND (id <= 6649581))
	        ->  Bitmap Index Scan on sbtest7_pkey  (cost=0.00..33.92 rows=948 width=0)
	              Index Cond: ((id >= 6648582) AND (id <= 6649581))

table 8 : explain SELECT SUM(k) FROM sbtest8 WHERE id BETWEEN 4808903 AND 4809902
	Aggregate  (cost=3671.24..3671.25 rows=1 width=8)
	  ->  Bitmap Heap Scan on sbtest8  (cost=34.12..3668.88 rows=945 width=4)
	        Recheck Cond: ((id >= 4808903) AND (id <= 4809902))
	        ->  Bitmap Index Scan on sbtest8_pkey  (cost=0.00..33.89 rows=945 width=0)
	              Index Cond: ((id >= 4808903) AND (id <= 4809902))

for: order_ranges
table 1 : explain SELECT c FROM sbtest1 WHERE id BETWEEN 7312724 AND 7313723 ORDER BY c
	Sort  (cost=3814.60..3817.03 rows=970 width=121)
	  Sort Key: c
	  ->  Bitmap Heap Scan on sbtest1  (cost=34.38..3766.48 rows=970 width=121)
	        Recheck Cond: ((id >= 7312724) AND (id <= 7313723))
	        ->  Bitmap Index Scan on sbtest1_pkey  (cost=0.00..34.14 rows=970 width=0)
	              Index Cond: ((id >= 7312724) AND (id <= 7313723))

table 2 : explain SELECT c FROM sbtest2 WHERE id BETWEEN 9598799 AND 9599798 ORDER BY c
	Sort  (cost=4133.94..4136.58 rows=1055 width=121)
	  Sort Key: c
	  ->  Bitmap Heap Scan on sbtest2  (cost=35.25..4080.96 rows=1055 width=121)
	        Recheck Cond: ((id >= 9598799) AND (id <= 9599798))
	        ->  Bitmap Index Scan on sbtest2_pkey  (cost=0.00..34.98 rows=1055 width=0)
	              Index Cond: ((id >= 9598799) AND (id <= 9599798))

table 3 : explain SELECT c FROM sbtest3 WHERE id BETWEEN 7742159 AND 7743158 ORDER BY c
	Sort  (cost=3854.60..3857.06 rows=982 width=121)
	  Sort Key: c
	  ->  Bitmap Heap Scan on sbtest3  (cost=34.50..3805.80 rows=982 width=121)
	        Recheck Cond: ((id >= 7742159) AND (id <= 7743158))
	        ->  Bitmap Index Scan on sbtest3_pkey  (cost=0.00..34.26 rows=982 width=0)
	              Index Cond: ((id >= 7742159) AND (id <= 7743158))

table 4 : explain SELECT c FROM sbtest4 WHERE id BETWEEN 95799 AND 96798 ORDER BY c
	Sort  (cost=3641.37..3643.68 rows=926 width=121)
	  Sort Key: c
	  ->  Bitmap Heap Scan on sbtest4  (cost=33.93..3595.74 rows=926 width=121)
	        Recheck Cond: ((id >= 95799) AND (id <= 96798))
	        ->  Bitmap Index Scan on sbtest4_pkey  (cost=0.00..33.70 rows=926 width=0)
	              Index Cond: ((id >= 95799) AND (id <= 96798))

table 5 : explain SELECT c FROM sbtest5 WHERE id BETWEEN 4827282 AND 4828281 ORDER BY c
	Sort  (cost=3918.54..3921.03 rows=998 width=121)
	  Sort Key: c
	  ->  Bitmap Heap Scan on sbtest5  (cost=34.66..3868.82 rows=998 width=121)
	        Recheck Cond: ((id >= 4827282) AND (id <= 4828281))
	        ->  Bitmap Index Scan on sbtest5_pkey  (cost=0.00..34.42 rows=998 width=0)
	              Index Cond: ((id >= 4827282) AND (id <= 4828281))

table 6 : explain SELECT c FROM sbtest6 WHERE id BETWEEN 8755239 AND 8756238 ORDER BY c
	Sort  (cost=3671.95..3674.29 rows=935 width=121)
	  Sort Key: c
	  ->  Bitmap Heap Scan on sbtest6  (cost=30.02..3625.81 rows=935 width=121)
	        Recheck Cond: ((id >= 8755239) AND (id <= 8756238))
	        ->  Bitmap Index Scan on sbtest6_pkey  (cost=0.00..29.79 rows=935 width=0)
	              Index Cond: ((id >= 8755239) AND (id <= 8756238))

table 7 : explain SELECT c FROM sbtest7 WHERE id BETWEEN 7447578 AND 7448577 ORDER BY c
	Sort  (cost=4220.15..4222.84 rows=1077 width=121)
	  Sort Key: c
	  ->  Bitmap Heap Scan on sbtest7  (cost=35.47..4165.91 rows=1077 width=121)
	        Recheck Cond: ((id >= 7447578) AND (id <= 7448577))
	        ->  Bitmap Index Scan on sbtest7_pkey  (cost=0.00..35.20 rows=1077 width=0)
	              Index Cond: ((id >= 7447578) AND (id <= 7448577))

table 8 : explain SELECT c FROM sbtest8 WHERE id BETWEEN 475391 AND 476390 ORDER BY c
	Sort  (cost=3550.40..3552.66 rows=903 width=121)
	  Sort Key: c
	  ->  Bitmap Heap Scan on sbtest8  (cost=29.69..3506.07 rows=903 width=121)
	        Recheck Cond: ((id >= 475391) AND (id <= 476390))
	        ->  Bitmap Index Scan on sbtest8_pkey  (cost=0.00..29.46 rows=903 width=0)
	              Index Cond: ((id >= 475391) AND (id <= 476390))

for: sum_ranges
table 1 : explain SELECT SUM(k) FROM sbtest1 WHERE id BETWEEN 6680409 AND 6681408
	Aggregate  (cost=4459.31..4459.32 rows=1 width=8)
	  ->  Bitmap Heap Scan on sbtest1  (cost=40.25..4456.43 rows=1153 width=4)
	        Recheck Cond: ((id >= 6680409) AND (id <= 6681408))
	        ->  Bitmap Index Scan on sbtest1_pkey  (cost=0.00..39.97 rows=1153 width=0)
	              Index Cond: ((id >= 6680409) AND (id <= 6681408))

table 2 : explain SELECT SUM(k) FROM sbtest2 WHERE id BETWEEN 1906462 AND 1907461
	Aggregate  (cost=3910.37..3910.38 rows=1 width=8)
	  ->  Bitmap Heap Scan on sbtest2  (cost=34.78..3907.85 rows=1009 width=4)
	        Recheck Cond: ((id >= 1906462) AND (id <= 1907461))
	        ->  Bitmap Index Scan on sbtest2_pkey  (cost=0.00..34.53 rows=1009 width=0)
	              Index Cond: ((id >= 1906462) AND (id <= 1907461))

table 3 : explain SELECT SUM(k) FROM sbtest3 WHERE id BETWEEN 5923086 AND 5924085
	Aggregate  (cost=4071.96..4071.97 rows=1 width=8)
	  ->  Bitmap Heap Scan on sbtest3  (cost=35.22..4069.33 rows=1052 width=4)
	        Recheck Cond: ((id >= 5923086) AND (id <= 5924085))
	        ->  Bitmap Index Scan on sbtest3_pkey  (cost=0.00..34.95 rows=1052 width=0)
	              Index Cond: ((id >= 5923086) AND (id <= 5924085))

table 4 : explain SELECT SUM(k) FROM sbtest4 WHERE id BETWEEN 7334444 AND 7335443
	Aggregate  (cost=3945.36..3945.37 rows=1 width=8)
	  ->  Bitmap Heap Scan on sbtest4  (cost=34.87..3942.82 rows=1018 width=4)
	        Recheck Cond: ((id >= 7334444) AND (id <= 7335443))
	        ->  Bitmap Index Scan on sbtest4_pkey  (cost=0.00..34.62 rows=1018 width=0)
	              Index Cond: ((id >= 7334444) AND (id <= 7335443))

table 5 : explain SELECT SUM(k) FROM sbtest5 WHERE id BETWEEN 5651456 AND 5652455
	Aggregate  (cost=3678.69..3678.70 rows=1 width=8)
	  ->  Bitmap Heap Scan on sbtest5  (cost=34.14..3676.32 rows=947 width=4)
	        Recheck Cond: ((id >= 5651456) AND (id <= 5652455))
	        ->  Bitmap Index Scan on sbtest5_pkey  (cost=0.00..33.91 rows=947 width=0)
	              Index Cond: ((id >= 5651456) AND (id <= 5652455))

table 6 : explain SELECT SUM(k) FROM sbtest6 WHERE id BETWEEN 8549178 AND 8550177
	Aggregate  (cost=3276.02..3276.03 rows=1 width=8)
	  ->  Bitmap Heap Scan on sbtest6  (cost=29.07..3273.92 rows=842 width=4)
	        Recheck Cond: ((id >= 8549178) AND (id <= 8550177))
	        ->  Bitmap Index Scan on sbtest6_pkey  (cost=0.00..28.86 rows=842 width=0)
	              Index Cond: ((id >= 8549178) AND (id <= 8550177))

table 7 : explain SELECT SUM(k) FROM sbtest7 WHERE id BETWEEN 8455755 AND 8456754
	Aggregate  (cost=3621.39..3621.40 rows=1 width=8)
	  ->  Bitmap Heap Scan on sbtest7  (cost=30.00..3619.05 rows=933 width=4)
	        Recheck Cond: ((id >= 8455755) AND (id <= 8456754))
	        ->  Bitmap Index Scan on sbtest7_pkey  (cost=0.00..29.76 rows=933 width=0)
	              Index Cond: ((id >= 8455755) AND (id <= 8456754))

table 8 : explain SELECT SUM(k) FROM sbtest8 WHERE id BETWEEN 4799723 AND 4800722
	Aggregate  (cost=3602.95..3602.96 rows=1 width=8)
	  ->  Bitmap Heap Scan on sbtest8  (cost=29.95..3600.63 rows=928 width=4)
	        Recheck Cond: ((id >= 4799723) AND (id <= 4800722))
	        ->  Bitmap Index Scan on sbtest8_pkey  (cost=0.00..29.71 rows=928 width=0)
	              Index Cond: ((id >= 4799723) AND (id <= 4800722))

for: simple_ranges
table 1 : explain SELECT c FROM sbtest1 WHERE id BETWEEN 5464092 AND 5465091
	Bitmap Heap Scan on sbtest1  (cost=29.62..3482.41 rows=896 width=121)
	  Recheck Cond: ((id >= 5464092) AND (id <= 5465091))
	  ->  Bitmap Index Scan on sbtest1_pkey  (cost=0.00..29.39 rows=896 width=0)
	        Index Cond: ((id >= 5464092) AND (id <= 5465091))

table 2 : explain SELECT c FROM sbtest2 WHERE id BETWEEN 5313808 AND 5314807
	Bitmap Heap Scan on sbtest2  (cost=34.88..3945.51 rows=1019 width=121)
	  Recheck Cond: ((id >= 5313808) AND (id <= 5314807))
	  ->  Bitmap Index Scan on sbtest2_pkey  (cost=0.00..34.62 rows=1019 width=0)
	        Index Cond: ((id >= 5313808) AND (id <= 5314807))

table 3 : explain SELECT c FROM sbtest3 WHERE id BETWEEN 1719850 AND 1720849
	Bitmap Heap Scan on sbtest3  (cost=30.07..3643.38 rows=940 width=121)
	  Recheck Cond: ((id >= 1719850) AND (id <= 1720849))
	  ->  Bitmap Index Scan on sbtest3_pkey  (cost=0.00..29.83 rows=940 width=0)
	        Index Cond: ((id >= 1719850) AND (id <= 1720849))

table 4 : explain SELECT c FROM sbtest4 WHERE id BETWEEN 7808625 AND 7809624
	Bitmap Heap Scan on sbtest4  (cost=34.28..3724.14 rows=960 width=121)
	  Recheck Cond: ((id >= 7808625) AND (id <= 7809624))
	  ->  Bitmap Index Scan on sbtest4_pkey  (cost=0.00..34.04 rows=960 width=0)
	        Index Cond: ((id >= 7808625) AND (id <= 7809624))

table 5 : explain SELECT c FROM sbtest5 WHERE id BETWEEN 6712182 AND 6713181
	Bitmap Heap Scan on sbtest5  (cost=35.63..4222.77 rows=1092 width=121)
	  Recheck Cond: ((id >= 6712182) AND (id <= 6713181))
	  ->  Bitmap Index Scan on sbtest5_pkey  (cost=0.00..35.36 rows=1092 width=0)
	        Index Cond: ((id >= 6712182) AND (id <= 6713181))

table 6 : explain SELECT c FROM sbtest6 WHERE id BETWEEN 7121125 AND 7122124
	Bitmap Heap Scan on sbtest6  (cost=35.00..3991.86 rows=1031 width=121)
	  Recheck Cond: ((id >= 7121125) AND (id <= 7122124))
	  ->  Bitmap Index Scan on sbtest6_pkey  (cost=0.00..34.75 rows=1031 width=0)
	        Index Cond: ((id >= 7121125) AND (id <= 7122124))

table 7 : explain SELECT c FROM sbtest7 WHERE id BETWEEN 9970739 AND 9971738
	Bitmap Heap Scan on sbtest7  (cost=34.60..3845.79 rows=992 width=121)
	  Recheck Cond: ((id >= 9970739) AND (id <= 9971738))
	  ->  Bitmap Index Scan on sbtest7_pkey  (cost=0.00..34.36 rows=992 width=0)
	        Index Cond: ((id >= 9970739) AND (id <= 9971738))

table 8 : explain SELECT c FROM sbtest8 WHERE id BETWEEN 6317317 AND 6318316
	Bitmap Heap Scan on sbtest8  (cost=35.74..4264.26 rows=1103 width=121)
	  Recheck Cond: ((id >= 6317317) AND (id <= 6318316))
	  ->  Bitmap Index Scan on sbtest8_pkey  (cost=0.00..35.47 rows=1103 width=0)
	        Index Cond: ((id >= 6317317) AND (id <= 6318316))

for: distinct_ranges
table 1 : explain SELECT DISTINCT c FROM sbtest1 WHERE id BETWEEN 2881609 AND 2882608 ORDER BY c
	Unique  (cost=3664.72..3669.38 rows=932 width=121)
	  ->  Sort  (cost=3664.72..3667.05 rows=932 width=121)
	        Sort Key: c
	        ->  Bitmap Heap Scan on sbtest1  (cost=29.99..3618.75 rows=932 width=121)
	              Recheck Cond: ((id >= 2881609) AND (id <= 2882608))
	              ->  Bitmap Index Scan on sbtest1_pkey  (cost=0.00..29.75 rows=932 width=0)
	                    Index Cond: ((id >= 2881609) AND (id <= 2882608))

table 2 : explain SELECT DISTINCT c FROM sbtest2 WHERE id BETWEEN 8751140 AND 8752139 ORDER BY c
	Unique  (cost=4343.82..4349.38 rows=1111 width=121)
	  ->  Sort  (cost=4343.82..4346.60 rows=1111 width=121)
	        Sort Key: c
	        ->  Bitmap Heap Scan on sbtest2  (cost=35.82..4287.62 rows=1111 width=121)
	              Recheck Cond: ((id >= 8751140) AND (id <= 8752139))
	              ->  Bitmap Index Scan on sbtest2_pkey  (cost=0.00..35.55 rows=1111 width=0)
	                    Index Cond: ((id >= 8751140) AND (id <= 8752139))

table 3 : explain SELECT DISTINCT c FROM sbtest3 WHERE id BETWEEN 2823403 AND 2824402 ORDER BY c
	Unique  (cost=3709.12..3713.84 rows=944 width=121)
	  ->  Sort  (cost=3709.12..3711.48 rows=944 width=121)
	        Sort Key: c
	        ->  Bitmap Heap Scan on sbtest3  (cost=34.11..3662.47 rows=944 width=121)
	              Recheck Cond: ((id >= 2823403) AND (id <= 2824402))
	              ->  Bitmap Index Scan on sbtest3_pkey  (cost=0.00..33.88 rows=944 width=0)
	                    Index Cond: ((id >= 2823403) AND (id <= 2824402))

table 4 : explain SELECT DISTINCT c FROM sbtest4 WHERE id BETWEEN 7931838 AND 7932837 ORDER BY c
	Unique  (cost=4135.08..4140.35 rows=1055 width=121)
	  ->  Sort  (cost=4135.08..4137.71 rows=1055 width=121)
	        Sort Key: c
	        ->  Bitmap Heap Scan on sbtest4  (cost=35.25..4082.10 rows=1055 width=121)
	              Recheck Cond: ((id >= 7931838) AND (id <= 7932837))
	              ->  Bitmap Index Scan on sbtest4_pkey  (cost=0.00..34.98 rows=1055 width=0)
	                    Index Cond: ((id >= 7931838) AND (id <= 7932837))

table 5 : explain SELECT DISTINCT c FROM sbtest5 WHERE id BETWEEN 3403316 AND 3404315 ORDER BY c
	Unique  (cost=4186.23..4191.57 rows=1068 width=121)
	  ->  Sort  (cost=4186.23..4188.90 rows=1068 width=121)
	        Sort Key: c
	        ->  Bitmap Heap Scan on sbtest5  (cost=35.38..4132.50 rows=1068 width=121)
	              Recheck Cond: ((id >= 3403316) AND (id <= 3404315))
	              ->  Bitmap Index Scan on sbtest5_pkey  (cost=0.00..35.12 rows=1068 width=0)
	                    Index Cond: ((id >= 3403316) AND (id <= 3404315))

table 6 : explain SELECT DISTINCT c FROM sbtest6 WHERE id BETWEEN 3758647 AND 3759646 ORDER BY c
	Unique  (cost=4020.52..4025.65 rows=1025 width=121)
	  ->  Sort  (cost=4020.52..4023.08 rows=1025 width=121)
	        Sort Key: c
	        ->  Bitmap Heap Scan on sbtest6  (cost=34.94..3969.26 rows=1025 width=121)
	              Recheck Cond: ((id >= 3758647) AND (id <= 3759646))
	              ->  Bitmap Index Scan on sbtest6_pkey  (cost=0.00..34.69 rows=1025 width=0)
	                    Index Cond: ((id >= 3758647) AND (id <= 3759646))

table 7 : explain SELECT DISTINCT c FROM sbtest7 WHERE id BETWEEN 611216 AND 612215 ORDER BY c
	Unique  (cost=3837.73..3842.61 rows=977 width=121)
	  ->  Sort  (cost=3837.73..3840.17 rows=977 width=121)
	        Sort Key: c
	        ->  Bitmap Heap Scan on sbtest7  (cost=34.45..3789.21 rows=977 width=121)
	              Recheck Cond: ((id >= 611216) AND (id <= 612215))
	              ->  Bitmap Index Scan on sbtest7_pkey  (cost=0.00..34.20 rows=977 width=0)
	                    Index Cond: ((id >= 611216) AND (id <= 612215))

table 8 : explain SELECT DISTINCT c FROM sbtest8 WHERE id BETWEEN 8267726 AND 8268725 ORDER BY c
	Unique  (cost=3826.74..3831.61 rows=974 width=121)
	  ->  Sort  (cost=3826.74..3829.18 rows=974 width=121)
	        Sort Key: c
	        ->  Bitmap Heap Scan on sbtest8  (cost=34.42..3778.39 rows=974 width=121)
	              Recheck Cond: ((id >= 8267726) AND (id <= 8268725))
	              ->  Bitmap Index Scan on sbtest8_pkey  (cost=0.00..34.18 rows=974 width=0)
	                    Index Cond: ((id >= 8267726) AND (id <= 8268725))

for: order_ranges
table 1 : explain SELECT c FROM sbtest1 WHERE id BETWEEN 7707092 AND 7708091 ORDER BY c
	Sort  (cost=3883.65..3886.12 rows=988 width=121)
	  Sort Key: c
	  ->  Bitmap Heap Scan on sbtest1  (cost=34.56..3834.50 rows=988 width=121)
	        Recheck Cond: ((id >= 7707092) AND (id <= 7708091))
	        ->  Bitmap Index Scan on sbtest1_pkey  (cost=0.00..34.32 rows=988 width=0)
	              Index Cond: ((id >= 7707092) AND (id <= 7708091))

table 2 : explain SELECT c FROM sbtest2 WHERE id BETWEEN 6574514 AND 6575513 ORDER BY c
	Sort  (cost=3586.58..3588.87 rows=913 width=121)
	  Sort Key: c
	  ->  Bitmap Heap Scan on sbtest2  (cost=29.79..3541.69 rows=913 width=121)
	        Recheck Cond: ((id >= 6574514) AND (id <= 6575513))
	        ->  Bitmap Index Scan on sbtest2_pkey  (cost=0.00..29.57 rows=913 width=0)
	              Index Cond: ((id >= 6574514) AND (id <= 6575513))

table 3 : explain SELECT c FROM sbtest3 WHERE id BETWEEN 4258232 AND 4259231 ORDER BY c
	Sort  (cost=3965.51..3968.04 rows=1011 width=121)
	  Sort Key: c
	  ->  Bitmap Heap Scan on sbtest3  (cost=34.80..3915.05 rows=1011 width=121)
	        Recheck Cond: ((id >= 4258232) AND (id <= 4259231))
	        ->  Bitmap Index Scan on sbtest3_pkey  (cost=0.00..34.55 rows=1011 width=0)
	              Index Cond: ((id >= 4258232) AND (id <= 4259231))

table 4 : explain SELECT c FROM sbtest4 WHERE id BETWEEN 5338013 AND 5339012 ORDER BY c
	Sort  (cost=4112.16..4114.78 rows=1049 width=121)
	  Sort Key: c
	  ->  Bitmap Heap Scan on sbtest4  (cost=35.19..4059.52 rows=1049 width=121)
	        Recheck Cond: ((id >= 5338013) AND (id <= 5339012))
	        ->  Bitmap Index Scan on sbtest4_pkey  (cost=0.00..34.93 rows=1049 width=0)
	              Index Cond: ((id >= 5338013) AND (id <= 5339012))

table 5 : explain SELECT c FROM sbtest5 WHERE id BETWEEN 5221875 AND 5222874 ORDER BY c
	Sort  (cost=3933.85..3936.35 rows=1002 width=121)
	  Sort Key: c
	  ->  Bitmap Heap Scan on sbtest5  (cost=34.71..3883.91 rows=1002 width=121)
	        Recheck Cond: ((id >= 5221875) AND (id <= 5222874))
	        ->  Bitmap Index Scan on sbtest5_pkey  (cost=0.00..34.45 rows=1002 width=0)
	              Index Cond: ((id >= 5221875) AND (id <= 5222874))

table 6 : explain SELECT c FROM sbtest6 WHERE id BETWEEN 4874413 AND 4875412 ORDER BY c
	Sort  (cost=4135.16..4137.80 rows=1055 width=121)
	  Sort Key: c
	  ->  Bitmap Heap Scan on sbtest6  (cost=35.25..4082.18 rows=1055 width=121)
	        Recheck Cond: ((id >= 4874413) AND (id <= 4875412))
	        ->  Bitmap Index Scan on sbtest6_pkey  (cost=0.00..34.98 rows=1055 width=0)
	              Index Cond: ((id >= 4874413) AND (id <= 4875412))

table 7 : explain SELECT c FROM sbtest7 WHERE id BETWEEN 5677907 AND 5678906 ORDER BY c
	Sort  (cost=3818.57..3821.00 rows=972 width=121)
	  Sort Key: c
	  ->  Bitmap Heap Scan on sbtest7  (cost=34.40..3770.34 rows=972 width=121)
	        Recheck Cond: ((id >= 5677907) AND (id <= 5678906))
	        ->  Bitmap Index Scan on sbtest7_pkey  (cost=0.00..34.16 rows=972 width=0)
	              Index Cond: ((id >= 5677907) AND (id <= 5678906))

table 8 : explain SELECT c FROM sbtest8 WHERE id BETWEEN 1243208 AND 1244207 ORDER BY c
	Sort  (cost=3784.59..3787.00 rows=963 width=121)
	  Sort Key: c
	  ->  Bitmap Heap Scan on sbtest8  (cost=34.31..3736.87 rows=963 width=121)
	        Recheck Cond: ((id >= 1243208) AND (id <= 1244207))
	        ->  Bitmap Index Scan on sbtest8_pkey  (cost=0.00..34.07 rows=963 width=0)
	              Index Cond: ((id >= 1243208) AND (id <= 1244207))

explain: for point_selects :: explain SELECT c FROM sbtest%u WHERE id=%u
for: order_ranges
table 1 : explain SELECT c FROM sbtest1 WHERE id BETWEEN 2328347 AND 2329346 ORDER BY c
	Sort  (cost=3921.99..3924.48 rows=998 width=121)
	  Sort Key: c
	  ->  Bitmap Heap Scan on sbtest1  (cost=34.66..3872.27 rows=998 width=121)
	        Recheck Cond: ((id >= 2328347) AND (id <= 2329346))
	        ->  Bitmap Index Scan on sbtest1_pkey  (cost=0.00..34.42 rows=998 width=0)
	              Index Cond: ((id >= 2328347) AND (id <= 2329346))

table 2 : explain SELECT c FROM sbtest2 WHERE id BETWEEN 5390430 AND 5391429 ORDER BY c
	Sort  (cost=3996.42..3998.97 rows=1019 width=121)
	  Sort Key: c
	  ->  Bitmap Heap Scan on sbtest2  (cost=34.88..3945.51 rows=1019 width=121)
	        Recheck Cond: ((id >= 5390430) AND (id <= 5391429))
	        ->  Bitmap Index Scan on sbtest2_pkey  (cost=0.00..34.62 rows=1019 width=0)
	              Index Cond: ((id >= 5390430) AND (id <= 5391429))

table 3 : explain SELECT c FROM sbtest3 WHERE id BETWEEN 7457137 AND 7458136 ORDER BY c
	Sort  (cost=3678.30..3680.64 rows=937 width=121)
	  Sort Key: c
	  ->  Bitmap Heap Scan on sbtest3  (cost=30.04..3632.05 rows=937 width=121)
	        Recheck Cond: ((id >= 7457137) AND (id <= 7458136))
	        ->  Bitmap Index Scan on sbtest3_pkey  (cost=0.00..29.80 rows=937 width=0)
	              Index Cond: ((id >= 7457137) AND (id <= 7458136))

table 4 : explain SELECT c FROM sbtest4 WHERE id BETWEEN 6782982 AND 6783981 ORDER BY c
	Sort  (cost=3932.48..3934.98 rows=1002 width=121)
	  Sort Key: c
	  ->  Bitmap Heap Scan on sbtest4  (cost=34.71..3882.54 rows=1002 width=121)
	        Recheck Cond: ((id >= 6782982) AND (id <= 6783981))
	        ->  Bitmap Index Scan on sbtest4_pkey  (cost=0.00..34.45 rows=1002 width=0)
	              Index Cond: ((id >= 6782982) AND (id <= 6783981))

table 5 : explain SELECT c FROM sbtest5 WHERE id BETWEEN 3853911 AND 3854910 ORDER BY c
	Sort  (cost=4029.51..4032.07 rows=1027 width=121)
	  Sort Key: c
	  ->  Bitmap Heap Scan on sbtest5  (cost=34.96..3978.14 rows=1027 width=121)
	        Recheck Cond: ((id >= 3853911) AND (id <= 3854910))
	        ->  Bitmap Index Scan on sbtest5_pkey  (cost=0.00..34.70 rows=1027 width=0)
	              Index Cond: ((id >= 3853911) AND (id <= 3854910))

table 6 : explain SELECT c FROM sbtest6 WHERE id BETWEEN 3496396 AND 3497395 ORDER BY c
	Sort  (cost=3989.93..3992.47 rows=1017 width=121)
	  Sort Key: c
	  ->  Bitmap Heap Scan on sbtest6  (cost=34.86..3939.13 rows=1017 width=121)
	        Recheck Cond: ((id >= 3496396) AND (id <= 3497395))
	        ->  Bitmap Index Scan on sbtest6_pkey  (cost=0.00..34.61 rows=1017 width=0)
	              Index Cond: ((id >= 3496396) AND (id <= 3497395))

table 7 : explain SELECT c FROM sbtest7 WHERE id BETWEEN 4389337 AND 4390336 ORDER BY c
	Sort  (cost=4006.14..4008.69 rows=1021 width=121)
	  Sort Key: c
	  ->  Bitmap Heap Scan on sbtest7  (cost=34.90..3955.11 rows=1021 width=121)
	        Recheck Cond: ((id >= 4389337) AND (id <= 4390336))
	        ->  Bitmap Index Scan on sbtest7_pkey  (cost=0.00..34.65 rows=1021 width=0)
	              Index Cond: ((id >= 4389337) AND (id <= 4390336))

table 8 : explain SELECT c FROM sbtest8 WHERE id BETWEEN 7694582 AND 7695581 ORDER BY c
	Sort  (cost=4155.80..4158.45 rows=1060 width=121)
	  Sort Key: c
	  ->  Bitmap Heap Scan on sbtest8  (cost=35.30..4102.53 rows=1060 width=121)
	        Recheck Cond: ((id >= 7694582) AND (id <= 7695581))
	        ->  Bitmap Index Scan on sbtest8_pkey  (cost=0.00..35.04 rows=1060 width=0)
	              Index Cond: ((id >= 7694582) AND (id <= 7695581))

explain: for point_selects :: explain SELECT c FROM sbtest%u WHERE id=%u
for: distinct_ranges
table 1 : explain SELECT DISTINCT c FROM sbtest1 WHERE id BETWEEN 3052019 AND 3053018 ORDER BY c
	Unique  (cost=3534.04..3538.53 rows=898 width=121)
	  ->  Sort  (cost=3534.04..3536.29 rows=898 width=121)
	        Sort Key: c
	        ->  Bitmap Heap Scan on sbtest1  (cost=29.64..3489.99 rows=898 width=121)
	              Recheck Cond: ((id >= 3052019) AND (id <= 3053018))
	              ->  Bitmap Index Scan on sbtest1_pkey  (cost=0.00..29.41 rows=898 width=0)
	                    Index Cond: ((id >= 3052019) AND (id <= 3053018))

table 2 : explain SELECT DISTINCT c FROM sbtest2 WHERE id BETWEEN 8531435 AND 8532434 ORDER BY c
	Unique  (cost=3621.10..3625.71 rows=922 width=121)
	  ->  Sort  (cost=3621.10..3623.40 rows=922 width=121)
	        Sort Key: c
	        ->  Bitmap Heap Scan on sbtest2  (cost=29.89..3575.69 rows=922 width=121)
	              Recheck Cond: ((id >= 8531435) AND (id <= 8532434))
	              ->  Bitmap Index Scan on sbtest2_pkey  (cost=0.00..29.65 rows=922 width=0)
	                    Index Cond: ((id >= 8531435) AND (id <= 8532434))

table 3 : explain SELECT DISTINCT c FROM sbtest3 WHERE id BETWEEN 4242736 AND 4243735 ORDER BY c
	Unique  (cost=3965.51..3970.57 rows=1011 width=121)
	  ->  Sort  (cost=3965.51..3968.04 rows=1011 width=121)
	        Sort Key: c
	        ->  Bitmap Heap Scan on sbtest3  (cost=34.80..3915.05 rows=1011 width=121)
	              Recheck Cond: ((id >= 4242736) AND (id <= 4243735))
	              ->  Bitmap Index Scan on sbtest3_pkey  (cost=0.00..34.55 rows=1011 width=0)
	                    Index Cond: ((id >= 4242736) AND (id <= 4243735))

table 4 : explain SELECT DISTINCT c FROM sbtest4 WHERE id BETWEEN 7834275 AND 7835274 ORDER BY c
	Unique  (cost=3771.69..3776.49 rows=960 width=121)
	  ->  Sort  (cost=3771.69..3774.09 rows=960 width=121)
	        Sort Key: c
	        ->  Bitmap Heap Scan on sbtest4  (cost=34.28..3724.14 rows=960 width=121)
	              Recheck Cond: ((id >= 7834275) AND (id <= 7835274))
	              ->  Bitmap Index Scan on sbtest4_pkey  (cost=0.00..34.04 rows=960 width=0)
	                    Index Cond: ((id >= 7834275) AND (id <= 7835274))

table 5 : explain SELECT DISTINCT c FROM sbtest5 WHERE id BETWEEN 2613144 AND 2614143 ORDER BY c
	Unique  (cost=4136.56..4141.83 rows=1055 width=121)
	  ->  Sort  (cost=4136.56..4139.19 rows=1055 width=121)
	        Sort Key: c
	        ->  Bitmap Heap Scan on sbtest5  (cost=35.25..4083.58 rows=1055 width=121)
	              Recheck Cond: ((id >= 2613144) AND (id <= 2614143))
	              ->  Bitmap Index Scan on sbtest5_pkey  (cost=0.00..34.98 rows=1055 width=0)
	                    Index Cond: ((id >= 2613144) AND (id <= 2614143))

table 6 : explain SELECT DISTINCT c FROM sbtest6 WHERE id BETWEEN 9332528 AND 9333527 ORDER BY c
	Unique  (cost=3825.39..3830.26 rows=974 width=121)
	  ->  Sort  (cost=3825.39..3827.82 rows=974 width=121)
	        Sort Key: c
	        ->  Bitmap Heap Scan on sbtest6  (cost=34.42..3777.04 rows=974 width=121)
	              Recheck Cond: ((id >= 9332528) AND (id <= 9333527))
	              ->  Bitmap Index Scan on sbtest6_pkey  (cost=0.00..34.18 rows=974 width=0)
	                    Index Cond: ((id >= 9332528) AND (id <= 9333527))

table 7 : explain SELECT DISTINCT c FROM sbtest7 WHERE id BETWEEN 1495747 AND 1496746 ORDER BY c
	Unique  (cost=3891.34..3896.29 rows=991 width=121)
	  ->  Sort  (cost=3891.34..3893.81 rows=991 width=121)
	        Sort Key: c
	        ->  Bitmap Heap Scan on sbtest7  (cost=34.59..3842.02 rows=991 width=121)
	              Recheck Cond: ((id >= 1495747) AND (id <= 1496746))
	              ->  Bitmap Index Scan on sbtest7_pkey  (cost=0.00..34.34 rows=991 width=0)
	                    Index Cond: ((id >= 1495747) AND (id <= 1496746))

table 8 : explain SELECT DISTINCT c FROM sbtest8 WHERE id BETWEEN 3016248 AND 3017247 ORDER BY c
	Unique  (cost=3895.69..3900.65 rows=992 width=121)
	  ->  Sort  (cost=3895.69..3898.17 rows=992 width=121)
	        Sort Key: c
	        ->  Bitmap Heap Scan on sbtest8  (cost=34.60..3846.32 rows=992 width=121)
	              Recheck Cond: ((id >= 3016248) AND (id <= 3017247))
	              ->  Bitmap Index Scan on sbtest8_pkey  (cost=0.00..34.36 rows=992 width=0)
	                    Index Cond: ((id >= 3016248) AND (id <= 3017247))

for: distinct_ranges
table 1 : explain SELECT DISTINCT c FROM sbtest1 WHERE id BETWEEN 6377285 AND 6378284 ORDER BY c
	Unique  (cost=4335.33..4340.86 rows=1106 width=121)
	  ->  Sort  (cost=4335.33..4338.09 rows=1106 width=121)
	        Sort Key: c
	        ->  Bitmap Heap Scan on sbtest1  (cost=35.77..4279.42 rows=1106 width=121)
	              Recheck Cond: ((id >= 6377285) AND (id <= 6378284))
	              ->  Bitmap Index Scan on sbtest1_pkey  (cost=0.00..35.50 rows=1106 width=0)
	                    Index Cond: ((id >= 6377285) AND (id <= 6378284))

table 2 : explain SELECT DISTINCT c FROM sbtest2 WHERE id BETWEEN 3250720 AND 3251719 ORDER BY c
	Unique  (cost=4164.48..4169.79 rows=1063 width=121)
	  ->  Sort  (cost=4164.48..4167.13 rows=1063 width=121)
	        Sort Key: c
	        ->  Bitmap Heap Scan on sbtest2  (cost=35.33..4111.04 rows=1063 width=121)
	              Recheck Cond: ((id >= 3250720) AND (id <= 3251719))
	              ->  Bitmap Index Scan on sbtest2_pkey  (cost=0.00..35.07 rows=1063 width=0)
	                    Index Cond: ((id >= 3250720) AND (id <= 3251719))

table 3 : explain SELECT DISTINCT c FROM sbtest3 WHERE id BETWEEN 3735463 AND 3736462 ORDER BY c
	Unique  (cost=4118.32..4123.57 rows=1051 width=121)
	  ->  Sort  (cost=4118.32..4120.95 rows=1051 width=121)
	        Sort Key: c
	        ->  Bitmap Heap Scan on sbtest3  (cost=35.21..4065.57 rows=1051 width=121)
	              Recheck Cond: ((id >= 3735463) AND (id <= 3736462))
	              ->  Bitmap Index Scan on sbtest3_pkey  (cost=0.00..34.95 rows=1051 width=0)
	                    Index Cond: ((id >= 3735463) AND (id <= 3736462))

table 4 : explain SELECT DISTINCT c FROM sbtest4 WHERE id BETWEEN 705401 AND 706400 ORDER BY c
	Unique  (cost=3936.30..3941.32 rows=1003 width=121)
	  ->  Sort  (cost=3936.30..3938.81 rows=1003 width=121)
	        Sort Key: c
	        ->  Bitmap Heap Scan on sbtest4  (cost=34.72..3886.30 rows=1003 width=121)
	              Recheck Cond: ((id >= 705401) AND (id <= 706400))
	              ->  Bitmap Index Scan on sbtest4_pkey  (cost=0.00..34.47 rows=1003 width=0)
	                    Index Cond: ((id >= 705401) AND (id <= 706400))

table 5 : explain SELECT DISTINCT c FROM sbtest5 WHERE id BETWEEN 851774 AND 852773 ORDER BY c
	Unique  (cost=3703.96..3708.67 rows=942 width=121)
	  ->  Sort  (cost=3703.96..3706.32 rows=942 width=121)
	        Sort Key: c
	        ->  Bitmap Heap Scan on sbtest5  (cost=34.09..3657.43 rows=942 width=121)
	              Recheck Cond: ((id >= 851774) AND (id <= 852773))
	              ->  Bitmap Index Scan on sbtest5_pkey  (cost=0.00..33.86 rows=942 width=0)
	                    Index Cond: ((id >= 851774) AND (id <= 852773))

table 6 : explain SELECT DISTINCT c FROM sbtest6 WHERE id BETWEEN 9407634 AND 9408633 ORDER BY c
	Unique  (cost=3825.39..3830.26 rows=974 width=121)
	  ->  Sort  (cost=3825.39..3827.82 rows=974 width=121)
	        Sort Key: c
	        ->  Bitmap Heap Scan on sbtest6  (cost=34.42..3777.04 rows=974 width=121)
	              Recheck Cond: ((id >= 9407634) AND (id <= 9408633))
	              ->  Bitmap Index Scan on sbtest6_pkey  (cost=0.00..34.18 rows=974 width=0)
	                    Index Cond: ((id >= 9407634) AND (id <= 9408633))

table 7 : explain SELECT DISTINCT c FROM sbtest7 WHERE id BETWEEN 8650634 AND 8651633 ORDER BY c
	Unique  (cost=4006.14..4011.24 rows=1021 width=121)
	  ->  Sort  (cost=4006.14..4008.69 rows=1021 width=121)
	        Sort Key: c
	        ->  Bitmap Heap Scan on sbtest7  (cost=34.90..3955.11 rows=1021 width=121)
	              Recheck Cond: ((id >= 8650634) AND (id <= 8651633))
	              ->  Bitmap Index Scan on sbtest7_pkey  (cost=0.00..34.65 rows=1021 width=0)
	                    Index Cond: ((id >= 8650634) AND (id <= 8651633))

table 8 : explain SELECT DISTINCT c FROM sbtest8 WHERE id BETWEEN 6435985 AND 6436984 ORDER BY c
	Unique  (cost=4025.81..4030.94 rows=1026 width=121)
	  ->  Sort  (cost=4025.81..4028.38 rows=1026 width=121)
	        Sort Key: c
	        ->  Bitmap Heap Scan on sbtest8  (cost=34.95..3974.50 rows=1026 width=121)
	              Recheck Cond: ((id >= 6435985) AND (id <= 6436984))
	              ->  Bitmap Index Scan on sbtest8_pkey  (cost=0.00..34.70 rows=1026 width=0)
	                    Index Cond: ((id >= 6435985) AND (id <= 6436984))

for: order_ranges
table 1 : explain SELECT c FROM sbtest1 WHERE id BETWEEN 7422369 AND 7423368 ORDER BY c
	Sort  (cost=4201.52..4204.20 rows=1071 width=121)
	  Sort Key: c
	  ->  Bitmap Heap Scan on sbtest1  (cost=35.41..4147.63 rows=1071 width=121)
	        Recheck Cond: ((id >= 7422369) AND (id <= 7423368))
	        ->  Bitmap Index Scan on sbtest1_pkey  (cost=0.00..35.15 rows=1071 width=0)
	              Index Cond: ((id >= 7422369) AND (id <= 7423368))

table 2 : explain SELECT c FROM sbtest2 WHERE id BETWEEN 2701527 AND 2702526 ORDER BY c
	Sort  (cost=3740.06..3742.44 rows=952 width=121)
	  Sort Key: c
	  ->  Bitmap Heap Scan on sbtest2  (cost=34.19..3692.96 rows=952 width=121)
	        Recheck Cond: ((id >= 2701527) AND (id <= 2702526))
	        ->  Bitmap Index Scan on sbtest2_pkey  (cost=0.00..33.95 rows=952 width=0)
	              Index Cond: ((id >= 2701527) AND (id <= 2702526))

table 3 : explain SELECT c FROM sbtest3 WHERE id BETWEEN 4667149 AND 4668148 ORDER BY c
	Sort  (cost=3957.86..3960.39 rows=1009 width=121)
	  Sort Key: c
	  ->  Bitmap Heap Scan on sbtest3  (cost=34.78..3907.52 rows=1009 width=121)
	        Recheck Cond: ((id >= 4667149) AND (id <= 4668148))
	        ->  Bitmap Index Scan on sbtest3_pkey  (cost=0.00..34.53 rows=1009 width=0)
	              Index Cond: ((id >= 4667149) AND (id <= 4668148))

table 4 : explain SELECT c FROM sbtest4 WHERE id BETWEEN 1293217 AND 1294216 ORDER BY c
	Sort  (cost=4085.41..4088.02 rows=1042 width=121)
	  Sort Key: c
	  ->  Bitmap Heap Scan on sbtest4  (cost=35.12..4033.18 rows=1042 width=121)
	        Recheck Cond: ((id >= 1293217) AND (id <= 1294216))
	        ->  Bitmap Index Scan on sbtest4_pkey  (cost=0.00..34.86 rows=1042 width=0)
	              Index Cond: ((id >= 1293217) AND (id <= 1294216))

table 5 : explain SELECT c FROM sbtest5 WHERE id BETWEEN 5541119 AND 5542118 ORDER BY c
	Sort  (cost=4060.10..4062.69 rows=1035 width=121)
	  Sort Key: c
	  ->  Bitmap Heap Scan on sbtest5  (cost=35.04..4008.27 rows=1035 width=121)
	        Recheck Cond: ((id >= 5541119) AND (id <= 5542118))
	        ->  Bitmap Index Scan on sbtest5_pkey  (cost=0.00..34.79 rows=1035 width=0)
	              Index Cond: ((id >= 5541119) AND (id <= 5542118))

table 6 : explain SELECT c FROM sbtest6 WHERE id BETWEEN 5281452 AND 5282451 ORDER BY c
	Sort  (cost=3944.03..3946.55 rows=1005 width=121)
	  Sort Key: c
	  ->  Bitmap Heap Scan on sbtest6  (cost=34.74..3893.92 rows=1005 width=121)
	        Recheck Cond: ((id >= 5281452) AND (id <= 5282451))
	        ->  Bitmap Index Scan on sbtest6_pkey  (cost=0.00..34.48 rows=1005 width=0)
	              Index Cond: ((id >= 5281452) AND (id <= 5282451))

table 7 : explain SELECT c FROM sbtest7 WHERE id BETWEEN 2209448 AND 2210447 ORDER BY c
	Sort  (cost=3853.05..3855.50 rows=981 width=121)
	  Sort Key: c
	  ->  Bitmap Heap Scan on sbtest7  (cost=34.49..3804.30 rows=981 width=121)
	        Recheck Cond: ((id >= 2209448) AND (id <= 2210447))
	        ->  Bitmap Index Scan on sbtest7_pkey  (cost=0.00..34.25 rows=981 width=0)
	              Index Cond: ((id >= 2209448) AND (id <= 2210447))

table 8 : explain SELECT c FROM sbtest8 WHERE id BETWEEN 2124963 AND 2125962 ORDER BY c
	Sort  (cost=4148.16..4150.80 rows=1058 width=121)
	  Sort Key: c
	  ->  Bitmap Heap Scan on sbtest8  (cost=35.28..4095.01 rows=1058 width=121)
	        Recheck Cond: ((id >= 2124963) AND (id <= 2125962))
	        ->  Bitmap Index Scan on sbtest8_pkey  (cost=0.00..35.02 rows=1058 width=0)
	              Index Cond: ((id >= 2124963) AND (id <= 2125962))

for: sum_ranges
table 1 : explain SELECT SUM(k) FROM sbtest1 WHERE id BETWEEN 837411 AND 838410
	Aggregate  (cost=3893.66..3893.67 rows=1 width=8)
	  ->  Bitmap Heap Scan on sbtest1  (cost=34.72..3891.15 rows=1003 width=4)
	        Recheck Cond: ((id >= 837411) AND (id <= 838410))
	        ->  Bitmap Index Scan on sbtest1_pkey  (cost=0.00..34.47 rows=1003 width=0)
	              Index Cond: ((id >= 837411) AND (id <= 838410))

table 2 : explain SELECT SUM(k) FROM sbtest2 WHERE id BETWEEN 5742523 AND 5743522
	Aggregate  (cost=4034.67..4034.68 rows=1 width=8)
	  ->  Bitmap Heap Scan on sbtest2  (cost=35.12..4032.07 rows=1042 width=4)
	        Recheck Cond: ((id >= 5742523) AND (id <= 5743522))
	        ->  Bitmap Index Scan on sbtest2_pkey  (cost=0.00..34.86 rows=1042 width=0)
	              Index Cond: ((id >= 5742523) AND (id <= 5743522))

table 3 : explain SELECT SUM(k) FROM sbtest3 WHERE id BETWEEN 3540361 AND 3541360
	Aggregate  (cost=3555.03..3555.04 rows=1 width=8)
	  ->  Bitmap Heap Scan on sbtest3  (cost=29.82..3552.74 rows=916 width=4)
	        Recheck Cond: ((id >= 3540361) AND (id <= 3541360))
	        ->  Bitmap Index Scan on sbtest3_pkey  (cost=0.00..29.59 rows=916 width=0)
	              Index Cond: ((id >= 3540361) AND (id <= 3541360))

table 4 : explain SELECT SUM(k) FROM sbtest4 WHERE id BETWEEN 5734221 AND 5735220
	Aggregate  (cost=3681.21..3681.22 rows=1 width=8)
	  ->  Bitmap Heap Scan on sbtest4  (cost=34.15..3678.84 rows=948 width=4)
	        Recheck Cond: ((id >= 5734221) AND (id <= 5735220))
	        ->  Bitmap Index Scan on sbtest4_pkey  (cost=0.00..33.92 rows=948 width=0)
	              Index Cond: ((id >= 5734221) AND (id <= 5735220))

table 5 : explain SELECT SUM(k) FROM sbtest5 WHERE id BETWEEN 1033328 AND 1034327
	Aggregate  (cost=4082.45..4082.46 rows=1 width=8)
	  ->  Bitmap Heap Scan on sbtest5  (cost=35.24..4079.81 rows=1054 width=4)
	        Recheck Cond: ((id >= 1033328) AND (id <= 1034327))
	        ->  Bitmap Index Scan on sbtest5_pkey  (cost=0.00..34.98 rows=1054 width=0)
	              Index Cond: ((id >= 1033328) AND (id <= 1034327))

table 6 : explain SELECT SUM(k) FROM sbtest6 WHERE id BETWEEN 759897 AND 760896
	Aggregate  (cost=4017.04..4017.05 rows=1 width=8)
	  ->  Bitmap Heap Scan on sbtest6  (cost=35.06..4014.45 rows=1037 width=4)
	        Recheck Cond: ((id >= 759897) AND (id <= 760896))
	        ->  Bitmap Index Scan on sbtest6_pkey  (cost=0.00..34.81 rows=1037 width=0)
	              Index Cond: ((id >= 759897) AND (id <= 760896))

table 7 : explain SELECT SUM(k) FROM sbtest7 WHERE id BETWEEN 3358983 AND 3359982
	Aggregate  (cost=4153.55..4153.56 rows=1 width=8)
	  ->  Bitmap Heap Scan on sbtest7  (cost=35.43..4150.86 rows=1073 width=4)
	        Recheck Cond: ((id >= 3358983) AND (id <= 3359982))
	        ->  Bitmap Index Scan on sbtest7_pkey  (cost=0.00..35.17 rows=1073 width=0)
	              Index Cond: ((id >= 3358983) AND (id <= 3359982))

table 8 : explain SELECT SUM(k) FROM sbtest8 WHERE id BETWEEN 2259036 AND 2260035
	Aggregate  (cost=4014.76..4014.77 rows=1 width=8)
	  ->  Bitmap Heap Scan on sbtest8  (cost=35.05..4012.17 rows=1036 width=4)
	        Recheck Cond: ((id >= 2259036) AND (id <= 2260035))
	        ->  Bitmap Index Scan on sbtest8_pkey  (cost=0.00..34.80 rows=1036 width=0)
	              Index Cond: ((id >= 2259036) AND (id <= 2260035))

for: order_ranges
table 1 : explain SELECT c FROM sbtest1 WHERE id BETWEEN 893387 AND 894386 ORDER BY c
	Sort  (cost=3933.49..3935.99 rows=1001 width=121)
	  Sort Key: c
	  ->  Bitmap Heap Scan on sbtest1  (cost=34.70..3883.60 rows=1001 width=121)
	        Recheck Cond: ((id >= 893387) AND (id <= 894386))
	        ->  Bitmap Index Scan on sbtest1_pkey  (cost=0.00..34.45 rows=1001 width=0)
	              Index Cond: ((id >= 893387) AND (id <= 894386))

table 2 : explain SELECT c FROM sbtest2 WHERE id BETWEEN 72826 AND 73825 ORDER BY c
	Sort  (cost=3831.96..3834.40 rows=976 width=121)
	  Sort Key: c
	  ->  Bitmap Heap Scan on sbtest2  (cost=34.44..3783.49 rows=976 width=121)
	        Recheck Cond: ((id >= 72826) AND (id <= 73825))
	        ->  Bitmap Index Scan on sbtest2_pkey  (cost=0.00..34.20 rows=976 width=0)
	              Index Cond: ((id >= 72826) AND (id <= 73825))

table 3 : explain SELECT c FROM sbtest3 WHERE id BETWEEN 4500059 AND 4501058 ORDER BY c
	Sort  (cost=4145.04..4147.68 rows=1058 width=121)
	  Sort Key: c
	  ->  Bitmap Heap Scan on sbtest3  (cost=35.28..4091.89 rows=1058 width=121)
	        Recheck Cond: ((id >= 4500059) AND (id <= 4501058))
	        ->  Bitmap Index Scan on sbtest3_pkey  (cost=0.00..35.02 rows=1058 width=0)
	              Index Cond: ((id >= 4500059) AND (id <= 4501058))

table 4 : explain SELECT c FROM sbtest4 WHERE id BETWEEN 9850676 AND 9851675 ORDER BY c
	Sort  (cost=3966.91..3969.43 rows=1011 width=121)
	  Sort Key: c
	  ->  Bitmap Heap Scan on sbtest4  (cost=34.80..3916.45 rows=1011 width=121)
	        Recheck Cond: ((id >= 9850676) AND (id <= 9851675))
	        ->  Bitmap Index Scan on sbtest4_pkey  (cost=0.00..34.55 rows=1011 width=0)
	              Index Cond: ((id >= 9850676) AND (id <= 9851675))

table 5 : explain SELECT c FROM sbtest5 WHERE id BETWEEN 7603531 AND 7604530 ORDER BY c
	Sort  (cost=3784.47..3786.88 rows=963 width=121)
	  Sort Key: c
	  ->  Bitmap Heap Scan on sbtest5  (cost=34.31..3736.75 rows=963 width=121)
	        Recheck Cond: ((id >= 7603531) AND (id <= 7604530))
	        ->  Bitmap Index Scan on sbtest5_pkey  (cost=0.00..34.07 rows=963 width=0)
	              Index Cond: ((id >= 7603531) AND (id <= 7604530))

table 6 : explain SELECT c FROM sbtest6 WHERE id BETWEEN 2526276 AND 2527275 ORDER BY c
	Sort  (cost=3687.45..3689.80 rows=938 width=121)
	  Sort Key: c
	  ->  Bitmap Heap Scan on sbtest6  (cost=34.05..3641.14 rows=938 width=121)
	        Recheck Cond: ((id >= 2526276) AND (id <= 2527275))
	        ->  Bitmap Index Scan on sbtest6_pkey  (cost=0.00..33.82 rows=938 width=0)
	              Index Cond: ((id >= 2526276) AND (id <= 2527275))

table 7 : explain SELECT c FROM sbtest7 WHERE id BETWEEN 4731961 AND 4732960 ORDER BY c
	Sort  (cost=3757.26..3759.65 rows=956 width=121)
	  Sort Key: c
	  ->  Bitmap Heap Scan on sbtest7  (cost=34.23..3709.94 rows=956 width=121)
	        Recheck Cond: ((id >= 4731961) AND (id <= 4732960))
	        ->  Bitmap Index Scan on sbtest7_pkey  (cost=0.00..34.00 rows=956 width=0)
	              Index Cond: ((id >= 4731961) AND (id <= 4732960))

table 8 : explain SELECT c FROM sbtest8 WHERE id BETWEEN 3892191 AND 3893190 ORDER BY c
	Sort  (cost=4171.08..4173.74 rows=1064 width=121)
	  Sort Key: c
	  ->  Bitmap Heap Scan on sbtest8  (cost=35.34..4117.59 rows=1064 width=121)
	        Recheck Cond: ((id >= 3892191) AND (id <= 3893190))
	        ->  Bitmap Index Scan on sbtest8_pkey  (cost=0.00..35.08 rows=1064 width=0)
	              Index Cond: ((id >= 3892191) AND (id <= 3893190))

for: simple_ranges
table 1 : explain SELECT c FROM sbtest1 WHERE id BETWEEN 5412510 AND 5413509
	Bitmap Heap Scan on sbtest1  (cost=35.21..4072.25 rows=1051 width=121)
	  Recheck Cond: ((id >= 5412510) AND (id <= 5413509))
	  ->  Bitmap Index Scan on sbtest1_pkey  (cost=0.00..34.95 rows=1051 width=0)
	        Index Cond: ((id >= 5412510) AND (id <= 5413509))

table 2 : explain SELECT c FROM sbtest2 WHERE id BETWEEN 8363325 AND 8364324
	Bitmap Heap Scan on sbtest2  (cost=34.26..3719.38 rows=959 width=121)
	  Recheck Cond: ((id >= 8363325) AND (id <= 8364324))
	  ->  Bitmap Index Scan on sbtest2_pkey  (cost=0.00..34.03 rows=959 width=0)
	        Index Cond: ((id >= 8363325) AND (id <= 8364324))

table 3 : explain SELECT c FROM sbtest3 WHERE id BETWEEN 9580299 AND 9581298
	Bitmap Heap Scan on sbtest3  (cost=29.57..3458.25 rows=891 width=121)
	  Recheck Cond: ((id >= 9580299) AND (id <= 9581298))
	  ->  Bitmap Index Scan on sbtest3_pkey  (cost=0.00..29.34 rows=891 width=0)
	        Index Cond: ((id >= 9580299) AND (id <= 9581298))

table 4 : explain SELECT c FROM sbtest4 WHERE id BETWEEN 5741664 AND 5742663
	Bitmap Heap Scan on sbtest4  (cost=34.62..3852.38 rows=994 width=121)
	  Recheck Cond: ((id >= 5741664) AND (id <= 5742663))
	  ->  Bitmap Index Scan on sbtest4_pkey  (cost=0.00..34.38 rows=994 width=0)
	        Index Cond: ((id >= 5741664) AND (id <= 5742663))

table 5 : explain SELECT c FROM sbtest5 WHERE id BETWEEN 3677730 AND 3678729
	Bitmap Heap Scan on sbtest5  (cost=34.96..3978.14 rows=1027 width=121)
	  Recheck Cond: ((id >= 3677730) AND (id <= 3678729))
	  ->  Bitmap Index Scan on sbtest5_pkey  (cost=0.00..34.70 rows=1027 width=0)
	        Index Cond: ((id >= 3677730) AND (id <= 3678729))

table 6 : explain SELECT c FROM sbtest6 WHERE id BETWEEN 1285424 AND 1286423
	Bitmap Heap Scan on sbtest6  (cost=35.45..4157.40 rows=1075 width=121)
	  Recheck Cond: ((id >= 1285424) AND (id <= 1286423))
	  ->  Bitmap Index Scan on sbtest6_pkey  (cost=0.00..35.19 rows=1075 width=0)
	        Index Cond: ((id >= 1285424) AND (id <= 1286423))

table 7 : explain SELECT c FROM sbtest7 WHERE id BETWEEN 6660764 AND 6661763
	Bitmap Heap Scan on sbtest7  (cost=34.15..3679.72 rows=948 width=121)
	  Recheck Cond: ((id >= 6660764) AND (id <= 6661763))
	  ->  Bitmap Index Scan on sbtest7_pkey  (cost=0.00..33.92 rows=948 width=0)
	        Index Cond: ((id >= 6660764) AND (id <= 6661763))

table 8 : explain SELECT c FROM sbtest8 WHERE id BETWEEN 2137025 AND 2138024
	Bitmap Heap Scan on sbtest8  (cost=35.28..4095.01 rows=1058 width=121)
	  Recheck Cond: ((id >= 2137025) AND (id <= 2138024))
	  ->  Bitmap Index Scan on sbtest8_pkey  (cost=0.00..35.02 rows=1058 width=0)
	        Index Cond: ((id >= 2137025) AND (id <= 2138024))

for: distinct_ranges
table 1 : explain SELECT DISTINCT c FROM sbtest1 WHERE id BETWEEN 7340642 AND 7341641 ORDER BY c
	Unique  (cost=3994.80..3999.89 rows=1017 width=121)
	  ->  Sort  (cost=3994.80..3997.34 rows=1017 width=121)
	        Sort Key: c
	        ->  Bitmap Heap Scan on sbtest1  (cost=34.86..3944.00 rows=1017 width=121)
	              Recheck Cond: ((id >= 7340642) AND (id <= 7341641))
	              ->  Bitmap Index Scan on sbtest1_pkey  (cost=0.00..34.61 rows=1017 width=0)
	                    Index Cond: ((id >= 7340642) AND (id <= 7341641))

table 2 : explain SELECT DISTINCT c FROM sbtest2 WHERE id BETWEEN 9433383 AND 9434382 ORDER BY c
	Unique  (cost=4023.17..4028.30 rows=1026 width=121)
	  ->  Sort  (cost=4023.17..4025.74 rows=1026 width=121)
	        Sort Key: c
	        ->  Bitmap Heap Scan on sbtest2  (cost=34.95..3971.86 rows=1026 width=121)
	              Recheck Cond: ((id >= 9433383) AND (id <= 9434382))
	              ->  Bitmap Index Scan on sbtest2_pkey  (cost=0.00..34.70 rows=1026 width=0)
	                    Index Cond: ((id >= 9433383) AND (id <= 9434382))

table 3 : explain SELECT DISTINCT c FROM sbtest3 WHERE id BETWEEN 1016150 AND 1017149 ORDER BY c
	Unique  (cost=3976.98..3982.05 rows=1014 width=121)
	  ->  Sort  (cost=3976.98..3979.51 rows=1014 width=121)
	        Sort Key: c
	        ->  Bitmap Heap Scan on sbtest3  (cost=34.83..3926.35 rows=1014 width=121)
	              Recheck Cond: ((id >= 1016150) AND (id <= 1017149))
	              ->  Bitmap Index Scan on sbtest3_pkey  (cost=0.00..34.58 rows=1014 width=0)
	                    Index Cond: ((id >= 1016150) AND (id <= 1017149))

table 4 : explain SELECT DISTINCT c FROM sbtest4 WHERE id BETWEEN 5564505 AND 5565504 ORDER BY c
	Unique  (cost=3529.93..3534.42 rows=898 width=121)
	  ->  Sort  (cost=3529.93..3532.18 rows=898 width=121)
	        Sort Key: c
	        ->  Bitmap Heap Scan on sbtest4  (cost=29.64..3485.88 rows=898 width=121)
	              Recheck Cond: ((id >= 5564505) AND (id <= 5565504))
	              ->  Bitmap Index Scan on sbtest4_pkey  (cost=0.00..29.41 rows=898 width=0)
	                    Index Cond: ((id >= 5564505) AND (id <= 5565504))

table 5 : explain SELECT DISTINCT c FROM sbtest5 WHERE id BETWEEN 4364291 AND 4365290 ORDER BY c
	Unique  (cost=3841.95..3846.84 rows=978 width=121)
	  ->  Sort  (cost=3841.95..3844.39 rows=978 width=121)
	        Sort Key: c
	        ->  Bitmap Heap Scan on sbtest5  (cost=34.46..3793.37 rows=978 width=121)
	              Recheck Cond: ((id >= 4364291) AND (id <= 4365290))
	              ->  Bitmap Index Scan on sbtest5_pkey  (cost=0.00..34.22 rows=978 width=0)
	                    Index Cond: ((id >= 4364291) AND (id <= 4365290))

table 6 : explain SELECT DISTINCT c FROM sbtest6 WHERE id BETWEEN 7501887 AND 7502886 ORDER BY c
	Unique  (cost=3576.06..3580.61 rows=910 width=121)
	  ->  Sort  (cost=3576.06..3578.33 rows=910 width=121)
	        Sort Key: c
	        ->  Bitmap Heap Scan on sbtest6  (cost=29.76..3531.33 rows=910 width=121)
	              Recheck Cond: ((id >= 7501887) AND (id <= 7502886))
	              ->  Bitmap Index Scan on sbtest6_pkey  (cost=0.00..29.54 rows=910 width=0)
	                    Index Cond: ((id >= 7501887) AND (id <= 7502886))

table 7 : explain SELECT DISTINCT c FROM sbtest7 WHERE id BETWEEN 7178435 AND 7179434 ORDER BY c
	Unique  (cost=3967.88..3972.94 rows=1011 width=121)
	  ->  Sort  (cost=3967.88..3970.41 rows=1011 width=121)
	        Sort Key: c
	        ->  Bitmap Heap Scan on sbtest7  (cost=34.80..3917.43 rows=1011 width=121)
	              Recheck Cond: ((id >= 7178435) AND (id <= 7179434))
	              ->  Bitmap Index Scan on sbtest7_pkey  (cost=0.00..34.55 rows=1011 width=0)
	                    Index Cond: ((id >= 7178435) AND (id <= 7179434))

table 8 : explain SELECT DISTINCT c FROM sbtest8 WHERE id BETWEEN 1698180 AND 1699179 ORDER BY c
	Unique  (cost=3753.92..3758.70 rows=955 width=121)
	  ->  Sort  (cost=3753.92..3756.31 rows=955 width=121)
	        Sort Key: c
	        ->  Bitmap Heap Scan on sbtest8  (cost=34.22..3706.65 rows=955 width=121)
	              Recheck Cond: ((id >= 1698180) AND (id <= 1699179))
	              ->  Bitmap Index Scan on sbtest8_pkey  (cost=0.00..33.98 rows=955 width=0)
	                    Index Cond: ((id >= 1698180) AND (id <= 1699179))

for: sum_ranges
table 1 : explain SELECT SUM(k) FROM sbtest1 WHERE id BETWEEN 2583588 AND 2584587
	Aggregate  (cost=3678.09..3678.10 rows=1 width=8)
	  ->  Bitmap Heap Scan on sbtest1  (cost=34.13..3675.73 rows=946 width=4)
	        Recheck Cond: ((id >= 2583588) AND (id <= 2584587))
	        ->  Bitmap Index Scan on sbtest1_pkey  (cost=0.00..33.90 rows=946 width=0)
	              Index Cond: ((id >= 2583588) AND (id <= 2584587))

table 2 : explain SELECT SUM(k) FROM sbtest2 WHERE id BETWEEN 7774529 AND 7775528
	Aggregate  (cost=3891.53..3891.54 rows=1 width=8)
	  ->  Bitmap Heap Scan on sbtest2  (cost=34.73..3889.02 rows=1004 width=4)
	        Recheck Cond: ((id >= 7774529) AND (id <= 7775528))
	        ->  Bitmap Index Scan on sbtest2_pkey  (cost=0.00..34.48 rows=1004 width=0)
	              Index Cond: ((id >= 7774529) AND (id <= 7775528))

table 3 : explain SELECT SUM(k) FROM sbtest3 WHERE id BETWEEN 1779757 AND 1780756
	Aggregate  (cost=3645.73..3645.74 rows=1 width=8)
	  ->  Bitmap Heap Scan on sbtest3  (cost=30.07..3643.38 rows=940 width=4)
	        Recheck Cond: ((id >= 1779757) AND (id <= 1780756))
	        ->  Bitmap Index Scan on sbtest3_pkey  (cost=0.00..29.83 rows=940 width=0)
	              Index Cond: ((id >= 1779757) AND (id <= 1780756))

table 4 : explain SELECT SUM(k) FROM sbtest4 WHERE id BETWEEN 4005518 AND 4006517
	Aggregate  (cost=3885.04..3885.05 rows=1 width=8)
	  ->  Bitmap Heap Scan on sbtest4  (cost=34.71..3882.54 rows=1002 width=4)
	        Recheck Cond: ((id >= 4005518) AND (id <= 4006517))
	        ->  Bitmap Index Scan on sbtest4_pkey  (cost=0.00..34.45 rows=1002 width=0)
	              Index Cond: ((id >= 4005518) AND (id <= 4006517))

table 5 : explain SELECT SUM(k) FROM sbtest5 WHERE id BETWEEN 5738740 AND 5739739
	Aggregate  (cost=3617.97..3617.98 rows=1 width=8)
	  ->  Bitmap Heap Scan on sbtest5  (cost=29.99..3615.64 rows=932 width=4)
	        Recheck Cond: ((id >= 5738740) AND (id <= 5739739))
	        ->  Bitmap Index Scan on sbtest5_pkey  (cost=0.00..29.75 rows=932 width=0)
	              Index Cond: ((id >= 5738740) AND (id <= 5739739))

table 6 : explain SELECT SUM(k) FROM sbtest6 WHERE id BETWEEN 7376826 AND 7377825
	Aggregate  (cost=3817.21..3817.22 rows=1 width=8)
	  ->  Bitmap Heap Scan on sbtest6  (cost=34.52..3814.75 rows=984 width=4)
	        Recheck Cond: ((id >= 7376826) AND (id <= 7377825))
	        ->  Bitmap Index Scan on sbtest6_pkey  (cost=0.00..34.28 rows=984 width=0)
	              Index Cond: ((id >= 7376826) AND (id <= 7377825))

table 7 : explain SELECT SUM(k) FROM sbtest7 WHERE id BETWEEN 7727992 AND 7728991
	Aggregate  (cost=4002.90..4002.91 rows=1 width=8)
	  ->  Bitmap Heap Scan on sbtest7  (cost=35.02..4000.31 rows=1033 width=4)
	        Recheck Cond: ((id >= 7727992) AND (id <= 7728991))
	        ->  Bitmap Index Scan on sbtest7_pkey  (cost=0.00..34.77 rows=1033 width=0)
	              Index Cond: ((id >= 7727992) AND (id <= 7728991))

table 8 : explain SELECT SUM(k) FROM sbtest8 WHERE id BETWEEN 7137227 AND 7138226
	Aggregate  (cost=3826.14..3826.15 rows=1 width=8)
	  ->  Bitmap Heap Scan on sbtest8  (cost=34.54..3823.68 rows=986 width=4)
	        Recheck Cond: ((id >= 7137227) AND (id <= 7138226))
	        ->  Bitmap Index Scan on sbtest8_pkey  (cost=0.00..34.30 rows=986 width=0)
	              Index Cond: ((id >= 7137227) AND (id <= 7138226))

for: distinct_ranges
table 1 : explain SELECT DISTINCT c FROM sbtest1 WHERE id BETWEEN 4454437 AND 4455436 ORDER BY c
	Unique  (cost=3799.26..3804.09 rows=966 width=121)
	  ->  Sort  (cost=3799.26..3801.67 rows=966 width=121)
	        Sort Key: c
	        ->  Bitmap Heap Scan on sbtest1  (cost=34.34..3751.36 rows=966 width=121)
	              Recheck Cond: ((id >= 4454437) AND (id <= 4455436))
	              ->  Bitmap Index Scan on sbtest1_pkey  (cost=0.00..34.09 rows=966 width=0)
	                    Index Cond: ((id >= 4454437) AND (id <= 4455436))

table 2 : explain SELECT DISTINCT c FROM sbtest2 WHERE id BETWEEN 4077255 AND 4078254 ORDER BY c
	Unique  (cost=3881.70..3886.65 rows=989 width=121)
	  ->  Sort  (cost=3881.70..3884.17 rows=989 width=121)
	        Sort Key: c
	        ->  Bitmap Heap Scan on sbtest2  (cost=34.57..3832.50 rows=989 width=121)
	              Recheck Cond: ((id >= 4077255) AND (id <= 4078254))
	              ->  Bitmap Index Scan on sbtest2_pkey  (cost=0.00..34.33 rows=989 width=0)
	                    Index Cond: ((id >= 4077255) AND (id <= 4078254))

table 3 : explain SELECT DISTINCT c FROM sbtest3 WHERE id BETWEEN 8584659 AND 8585658 ORDER BY c
	Unique  (cost=4083.95..4089.16 rows=1042 width=121)
	  ->  Sort  (cost=4083.95..4086.56 rows=1042 width=121)
	        Sort Key: c
	        ->  Bitmap Heap Scan on sbtest3  (cost=35.12..4031.72 rows=1042 width=121)
	              Recheck Cond: ((id >= 8584659) AND (id <= 8585658))
	              ->  Bitmap Index Scan on sbtest3_pkey  (cost=0.00..34.86 rows=1042 width=0)
	                    Index Cond: ((id >= 8584659) AND (id <= 8585658))

table 4 : explain SELECT DISTINCT c FROM sbtest4 WHERE id BETWEEN 625879 AND 626878 ORDER BY c
	Unique  (cost=3936.30..3941.32 rows=1003 width=121)
	  ->  Sort  (cost=3936.30..3938.81 rows=1003 width=121)
	        Sort Key: c
	        ->  Bitmap Heap Scan on sbtest4  (cost=34.72..3886.30 rows=1003 width=121)
	              Recheck Cond: ((id >= 625879) AND (id <= 626878))
	              ->  Bitmap Index Scan on sbtest4_pkey  (cost=0.00..34.47 rows=1003 width=0)
	                    Index Cond: ((id >= 625879) AND (id <= 626878))

table 5 : explain SELECT DISTINCT c FROM sbtest5 WHERE id BETWEEN 879356 AND 880355 ORDER BY c
	Unique  (cost=3703.96..3708.67 rows=942 width=121)
	  ->  Sort  (cost=3703.96..3706.32 rows=942 width=121)
	        Sort Key: c
	        ->  Bitmap Heap Scan on sbtest5  (cost=34.09..3657.43 rows=942 width=121)
	              Recheck Cond: ((id >= 879356) AND (id <= 880355))
	              ->  Bitmap Index Scan on sbtest5_pkey  (cost=0.00..33.86 rows=942 width=0)
	                    Index Cond: ((id >= 879356) AND (id <= 880355))

table 6 : explain SELECT DISTINCT c FROM sbtest6 WHERE id BETWEEN 8727499 AND 8728498 ORDER BY c
	Unique  (cost=3671.95..3676.62 rows=935 width=121)
	  ->  Sort  (cost=3671.95..3674.29 rows=935 width=121)
	        Sort Key: c
	        ->  Bitmap Heap Scan on sbtest6  (cost=30.02..3625.81 rows=935 width=121)
	              Recheck Cond: ((id >= 8727499) AND (id <= 8728498))
	              ->  Bitmap Index Scan on sbtest6_pkey  (cost=0.00..29.79 rows=935 width=0)
	                    Index Cond: ((id >= 8727499) AND (id <= 8728498))

table 7 : explain SELECT DISTINCT c FROM sbtest7 WHERE id BETWEEN 3559114 AND 3560113 ORDER BY c
	Unique  (cost=4136.12..4141.39 rows=1055 width=121)
	  ->  Sort  (cost=4136.12..4138.76 rows=1055 width=121)
	        Sort Key: c
	        ->  Bitmap Heap Scan on sbtest7  (cost=35.25..4083.14 rows=1055 width=121)
	              Recheck Cond: ((id >= 3559114) AND (id <= 3560113))
	              ->  Bitmap Index Scan on sbtest7_pkey  (cost=0.00..34.98 rows=1055 width=0)
	                    Index Cond: ((id >= 3559114) AND (id <= 3560113))

table 8 : explain SELECT DISTINCT c FROM sbtest8 WHERE id BETWEEN 7159154 AND 7160153 ORDER BY c
	Unique  (cost=3872.71..3877.64 rows=986 width=121)
	  ->  Sort  (cost=3872.71..3875.18 rows=986 width=121)
	        Sort Key: c
	        ->  Bitmap Heap Scan on sbtest8  (cost=34.54..3823.68 rows=986 width=121)
	              Recheck Cond: ((id >= 7159154) AND (id <= 7160153))
	              ->  Bitmap Index Scan on sbtest8_pkey  (cost=0.00..34.30 rows=986 width=0)
	                    Index Cond: ((id >= 7159154) AND (id <= 7160153))

for: simple_ranges
table 1 : explain SELECT c FROM sbtest1 WHERE id BETWEEN 3947023 AND 3948022
	Bitmap Heap Scan on sbtest1  (cost=34.35..3755.14 rows=967 width=121)
	  Recheck Cond: ((id >= 3947023) AND (id <= 3948022))
	  ->  Bitmap Index Scan on sbtest1_pkey  (cost=0.00..34.11 rows=967 width=0)
	        Index Cond: ((id >= 3947023) AND (id <= 3948022))

table 2 : explain SELECT c FROM sbtest2 WHERE id BETWEEN 5212409 AND 5213408
	Bitmap Heap Scan on sbtest2  (cost=35.37..4126.08 rows=1067 width=121)
	  Recheck Cond: ((id >= 5212409) AND (id <= 5213408))
	  ->  Bitmap Index Scan on sbtest2_pkey  (cost=0.00..35.11 rows=1067 width=0)
	        Index Cond: ((id >= 5212409) AND (id <= 5213408))

table 3 : explain SELECT c FROM sbtest3 WHERE id BETWEEN 6076190 AND 6077189
	Bitmap Heap Scan on sbtest3  (cost=35.02..3997.86 rows=1033 width=121)
	  Recheck Cond: ((id >= 6076190) AND (id <= 6077189))
	  ->  Bitmap Index Scan on sbtest3_pkey  (cost=0.00..34.77 rows=1033 width=0)
	        Index Cond: ((id >= 6076190) AND (id <= 6077189))

table 4 : explain SELECT c FROM sbtest4 WHERE id BETWEEN 5938178 AND 5939177
	Bitmap Heap Scan on sbtest4  (cost=33.99..3618.41 rows=932 width=121)
	  Recheck Cond: ((id >= 5938178) AND (id <= 5939177))
	  ->  Bitmap Index Scan on sbtest4_pkey  (cost=0.00..33.76 rows=932 width=0)
	        Index Cond: ((id >= 5938178) AND (id <= 5939177))

table 5 : explain SELECT c FROM sbtest5 WHERE id BETWEEN 4438292 AND 4439291
	Bitmap Heap Scan on sbtest5  (cost=34.34..3748.08 rows=966 width=121)
	  Recheck Cond: ((id >= 4438292) AND (id <= 4439291))
	  ->  Bitmap Index Scan on sbtest5_pkey  (cost=0.00..34.09 rows=966 width=0)
	        Index Cond: ((id >= 4438292) AND (id <= 4439291))

table 6 : explain SELECT c FROM sbtest6 WHERE id BETWEEN 1285510 AND 1286509
	Bitmap Heap Scan on sbtest6  (cost=35.45..4157.40 rows=1075 width=121)
	  Recheck Cond: ((id >= 1285510) AND (id <= 1286509))
	  ->  Bitmap Index Scan on sbtest6_pkey  (cost=0.00..35.19 rows=1075 width=0)
	        Index Cond: ((id >= 1285510) AND (id <= 1286509))

table 7 : explain SELECT c FROM sbtest7 WHERE id BETWEEN 317531 AND 318530
	Bitmap Heap Scan on sbtest7  (cost=34.60..3845.79 rows=992 width=121)
	  Recheck Cond: ((id >= 317531) AND (id <= 318530))
	  ->  Bitmap Index Scan on sbtest7_pkey  (cost=0.00..34.36 rows=992 width=0)
	        Index Cond: ((id >= 317531) AND (id <= 318530))

table 8 : explain SELECT c FROM sbtest8 WHERE id BETWEEN 3427120 AND 3428119
	Bitmap Heap Scan on sbtest8  (cost=34.20..3699.10 rows=953 width=121)
	  Recheck Cond: ((id >= 3427120) AND (id <= 3428119))
	  ->  Bitmap Index Scan on sbtest8_pkey  (cost=0.00..33.97 rows=953 width=0)
	        Index Cond: ((id >= 3427120) AND (id <= 3428119))

for: distinct_ranges
table 1 : explain SELECT DISTINCT c FROM sbtest1 WHERE id BETWEEN 4421504 AND 4422503 ORDER BY c
	Unique  (cost=3971.81..3976.87 rows=1011 width=121)
	  ->  Sort  (cost=3971.81..3974.34 rows=1011 width=121)
	        Sort Key: c
	        ->  Bitmap Heap Scan on sbtest1  (cost=34.80..3921.36 rows=1011 width=121)
	              Recheck Cond: ((id >= 4421504) AND (id <= 4422503))
	              ->  Bitmap Index Scan on sbtest1_pkey  (cost=0.00..34.55 rows=1011 width=0)
	                    Index Cond: ((id >= 4421504) AND (id <= 4422503))

table 2 : explain SELECT DISTINCT c FROM sbtest2 WHERE id BETWEEN 9875993 AND 9876992 ORDER BY c
	Unique  (cost=3984.95..3990.03 rows=1016 width=121)
	  ->  Sort  (cost=3984.95..3987.49 rows=1016 width=121)
	        Sort Key: c
	        ->  Bitmap Heap Scan on sbtest2  (cost=34.85..3934.21 rows=1016 width=121)
	              Recheck Cond: ((id >= 9875993) AND (id <= 9876992))
	              ->  Bitmap Index Scan on sbtest2_pkey  (cost=0.00..34.59 rows=1016 width=0)
	                    Index Cond: ((id >= 9875993) AND (id <= 9876992))

table 3 : explain SELECT DISTINCT c FROM sbtest3 WHERE id BETWEEN 8025340 AND 8026339 ORDER BY c
	Unique  (cost=4026.66..4031.79 rows=1027 width=121)
	  ->  Sort  (cost=4026.66..4029.22 rows=1027 width=121)
	        Sort Key: c
	        ->  Bitmap Heap Scan on sbtest3  (cost=34.96..3975.28 rows=1027 width=121)
	              Recheck Cond: ((id >= 8025340) AND (id <= 8026339))
	              ->  Bitmap Index Scan on sbtest3_pkey  (cost=0.00..34.70 rows=1027 width=0)
	                    Index Cond: ((id >= 8025340) AND (id <= 8026339))

table 4 : explain SELECT DISTINCT c FROM sbtest4 WHERE id BETWEEN 8900806 AND 8901805 ORDER BY c
	Unique  (cost=3656.71..3661.36 rows=930 width=121)
	  ->  Sort  (cost=3656.71..3659.03 rows=930 width=121)
	        Sort Key: c
	        ->  Bitmap Heap Scan on sbtest4  (cost=33.97..3610.85 rows=930 width=121)
	              Recheck Cond: ((id >= 8900806) AND (id <= 8901805))
	              ->  Bitmap Index Scan on sbtest4_pkey  (cost=0.00..33.73 rows=930 width=0)
	                    Index Cond: ((id >= 8900806) AND (id <= 8901805))

table 5 : explain SELECT DISTINCT c FROM sbtest5 WHERE id BETWEEN 5150407 AND 5151406 ORDER BY c
	Unique  (cost=3922.36..3927.36 rows=999 width=121)
	  ->  Sort  (cost=3922.36..3924.86 rows=999 width=121)
	        Sort Key: c
	        ->  Bitmap Heap Scan on sbtest5  (cost=34.67..3872.59 rows=999 width=121)
	              Recheck Cond: ((id >= 5150407) AND (id <= 5151406))
	              ->  Bitmap Index Scan on sbtest5_pkey  (cost=0.00..34.43 rows=999 width=0)
	                    Index Cond: ((id >= 5150407) AND (id <= 5151406))

table 6 : explain SELECT DISTINCT c FROM sbtest6 WHERE id BETWEEN 7839358 AND 7840357 ORDER BY c
	Unique  (cost=3802.41..3807.25 rows=968 width=121)
	  ->  Sort  (cost=3802.41..3804.83 rows=968 width=121)
	        Sort Key: c
	        ->  Bitmap Heap Scan on sbtest6  (cost=34.36..3754.40 rows=968 width=121)
	              Recheck Cond: ((id >= 7839358) AND (id <= 7840357))
	              ->  Bitmap Index Scan on sbtest6_pkey  (cost=0.00..34.12 rows=968 width=0)
	                    Index Cond: ((id >= 7839358) AND (id <= 7840357))

table 7 : explain SELECT DISTINCT c FROM sbtest7 WHERE id BETWEEN 7671136 AND 7672135 ORDER BY c
	Unique  (cost=3879.85..3884.79 rows=988 width=121)
	  ->  Sort  (cost=3879.85..3882.32 rows=988 width=121)
	        Sort Key: c
	        ->  Bitmap Heap Scan on sbtest7  (cost=34.56..3830.71 rows=988 width=121)
	              Recheck Cond: ((id >= 7671136) AND (id <= 7672135))
	              ->  Bitmap Index Scan on sbtest7_pkey  (cost=0.00..34.32 rows=988 width=0)
	                    Index Cond: ((id >= 7671136) AND (id <= 7672135))

table 8 : explain SELECT DISTINCT c FROM sbtest8 WHERE id BETWEEN 4080295 AND 4081294 ORDER BY c
	Unique  (cost=3918.66..3923.65 rows=998 width=121)
	  ->  Sort  (cost=3918.66..3921.16 rows=998 width=121)
	        Sort Key: c
	        ->  Bitmap Heap Scan on sbtest8  (cost=34.66..3868.95 rows=998 width=121)
	              Recheck Cond: ((id >= 4080295) AND (id <= 4081294))
	              ->  Bitmap Index Scan on sbtest8_pkey  (cost=0.00..34.42 rows=998 width=0)
	                    Index Cond: ((id >= 4080295) AND (id <= 4081294))

for: distinct_ranges
table 1 : explain SELECT DISTINCT c FROM sbtest1 WHERE id BETWEEN 2303324 AND 2304323 ORDER BY c
	Unique  (cost=3803.09..3807.93 rows=967 width=121)
	  ->  Sort  (cost=3803.09..3805.51 rows=967 width=121)
	        Sort Key: c
	        ->  Bitmap Heap Scan on sbtest1  (cost=34.35..3755.14 rows=967 width=121)
	              Recheck Cond: ((id >= 2303324) AND (id <= 2304323))
	              ->  Bitmap Index Scan on sbtest1_pkey  (cost=0.00..34.11 rows=967 width=0)
	                    Index Cond: ((id >= 2303324) AND (id <= 2304323))

table 2 : explain SELECT DISTINCT c FROM sbtest2 WHERE id BETWEEN 2676465 AND 2677464 ORDER BY c
	Unique  (cost=3900.83..3905.80 rows=994 width=121)
	  ->  Sort  (cost=3900.83..3903.31 rows=994 width=121)
	        Sort Key: c
	        ->  Bitmap Heap Scan on sbtest2  (cost=34.62..3851.34 rows=994 width=121)
	              Recheck Cond: ((id >= 2676465) AND (id <= 2677464))
	              ->  Bitmap Index Scan on sbtest2_pkey  (cost=0.00..34.38 rows=994 width=0)
	                    Index Cond: ((id >= 2676465) AND (id <= 2677464))

table 3 : explain SELECT DISTINCT c FROM sbtest3 WHERE id BETWEEN 8220586 AND 8221585 ORDER BY c
	Unique  (cost=3923.45..3928.45 rows=1000 width=121)
	  ->  Sort  (cost=3923.45..3925.95 rows=1000 width=121)
	        Sort Key: c
	        ->  Bitmap Heap Scan on sbtest3  (cost=34.69..3873.63 rows=1000 width=121)
	              Recheck Cond: ((id >= 8220586) AND (id <= 8221585))
	              ->  Bitmap Index Scan on sbtest3_pkey  (cost=0.00..34.44 rows=1000 width=0)
	                    Index Cond: ((id >= 8220586) AND (id <= 8221585))

table 4 : explain SELECT DISTINCT c FROM sbtest4 WHERE id BETWEEN 2611841 AND 2612840 ORDER BY c
	Unique  (cost=3855.94..3860.85 rows=982 width=121)
	  ->  Sort  (cost=3855.94..3858.39 rows=982 width=121)
	        Sort Key: c
	        ->  Bitmap Heap Scan on sbtest4  (cost=34.50..3807.14 rows=982 width=121)
	              Recheck Cond: ((id >= 2611841) AND (id <= 2612840))
	              ->  Bitmap Index Scan on sbtest4_pkey  (cost=0.00..34.26 rows=982 width=0)
	                    Index Cond: ((id >= 2611841) AND (id <= 2612840))

table 5 : explain SELECT DISTINCT c FROM sbtest5 WHERE id BETWEEN 4517353 AND 4518352 ORDER BY c
	Unique  (cost=3960.64..3965.69 rows=1009 width=121)
	  ->  Sort  (cost=3960.64..3963.16 rows=1009 width=121)
	        Sort Key: c
	        ->  Bitmap Heap Scan on sbtest5  (cost=34.78..3910.30 rows=1009 width=121)
	              Recheck Cond: ((id >= 4517353) AND (id <= 4518352))
	              ->  Bitmap Index Scan on sbtest5_pkey  (cost=0.00..34.53 rows=1009 width=0)
	                    Index Cond: ((id >= 4517353) AND (id <= 4518352))

table 6 : explain SELECT DISTINCT c FROM sbtest6 WHERE id BETWEEN 6581493 AND 6582492 ORDER BY c
	Unique  (cost=3867.50..3872.42 rows=985 width=121)
	  ->  Sort  (cost=3867.50..3869.96 rows=985 width=121)
	        Sort Key: c
	        ->  Bitmap Heap Scan on sbtest6  (cost=34.53..3818.53 rows=985 width=121)
	              Recheck Cond: ((id >= 6581493) AND (id <= 6582492))
	              ->  Bitmap Index Scan on sbtest6_pkey  (cost=0.00..34.29 rows=985 width=0)
	                    Index Cond: ((id >= 6581493) AND (id <= 6582492))

table 7 : explain SELECT DISTINCT c FROM sbtest7 WHERE id BETWEEN 1209386 AND 1210385 ORDER BY c
	Unique  (cost=4040.56..4045.71 rows=1030 width=121)
	  ->  Sort  (cost=4040.56..4043.13 rows=1030 width=121)
	        Sort Key: c
	        ->  Bitmap Heap Scan on sbtest7  (cost=34.99..3989.01 rows=1030 width=121)
	              Recheck Cond: ((id >= 1209386) AND (id <= 1210385))
	              ->  Bitmap Index Scan on sbtest7_pkey  (cost=0.00..34.73 rows=1030 width=0)
	                    Index Cond: ((id >= 1209386) AND (id <= 1210385))

table 8 : explain SELECT DISTINCT c FROM sbtest8 WHERE id BETWEEN 4777012 AND 4778011 ORDER BY c
	Unique  (cost=3646.37..3651.01 rows=928 width=121)
	  ->  Sort  (cost=3646.37..3648.69 rows=928 width=121)
	        Sort Key: c
	        ->  Bitmap Heap Scan on sbtest8  (cost=29.95..3600.63 rows=928 width=121)
	              Recheck Cond: ((id >= 4777012) AND (id <= 4778011))
	              ->  Bitmap Index Scan on sbtest8_pkey  (cost=0.00..29.71 rows=928 width=0)
	                    Index Cond: ((id >= 4777012) AND (id <= 4778011))

for: order_ranges
table 1 : explain SELECT c FROM sbtest1 WHERE id BETWEEN 4158157 AND 4159156 ORDER BY c
	Sort  (cost=4013.96..4016.51 rows=1022 width=121)
	  Sort Key: c
	  ->  Bitmap Heap Scan on sbtest1  (cost=34.91..3962.87 rows=1022 width=121)
	        Recheck Cond: ((id >= 4158157) AND (id <= 4159156))
	        ->  Bitmap Index Scan on sbtest1_pkey  (cost=0.00..34.66 rows=1022 width=0)
	              Index Cond: ((id >= 4158157) AND (id <= 4159156))

table 2 : explain SELECT c FROM sbtest2 WHERE id BETWEEN 9094911 AND 9095910 ORDER BY c
	Sort  (cost=3847.26..3849.71 rows=980 width=121)
	  Sort Key: c
	  ->  Bitmap Heap Scan on sbtest2  (cost=34.48..3798.58 rows=980 width=121)
	        Recheck Cond: ((id >= 9094911) AND (id <= 9095910))
	        ->  Bitmap Index Scan on sbtest2_pkey  (cost=0.00..34.23 rows=980 width=0)
	              Index Cond: ((id >= 9094911) AND (id <= 9095910))

table 3 : explain SELECT c FROM sbtest3 WHERE id BETWEEN 2543369 AND 2544368 ORDER BY c
	Sort  (cost=4286.19..4288.92 rows=1095 width=121)
	  Sort Key: c
	  ->  Bitmap Heap Scan on sbtest3  (cost=35.66..4230.91 rows=1095 width=121)
	        Recheck Cond: ((id >= 2543369) AND (id <= 2544368))
	        ->  Bitmap Index Scan on sbtest3_pkey  (cost=0.00..35.39 rows=1095 width=0)
	              Index Cond: ((id >= 2543369) AND (id <= 2544368))

table 4 : explain SELECT c FROM sbtest4 WHERE id BETWEEN 5629240 AND 5630239 ORDER BY c
	Sort  (cost=3529.93..3532.18 rows=898 width=121)
	  Sort Key: c
	  ->  Bitmap Heap Scan on sbtest4  (cost=29.64..3485.88 rows=898 width=121)
	        Recheck Cond: ((id >= 5629240) AND (id <= 5630239))
	        ->  Bitmap Index Scan on sbtest4_pkey  (cost=0.00..29.41 rows=898 width=0)
	              Index Cond: ((id >= 5629240) AND (id <= 5630239))

table 5 : explain SELECT c FROM sbtest5 WHERE id BETWEEN 2439071 AND 2440070 ORDER BY c
	Sort  (cost=3792.14..3794.55 rows=965 width=121)
	  Sort Key: c
	  ->  Bitmap Heap Scan on sbtest5  (cost=34.33..3744.30 rows=965 width=121)
	        Recheck Cond: ((id >= 2439071) AND (id <= 2440070))
	        ->  Bitmap Index Scan on sbtest5_pkey  (cost=0.00..34.09 rows=965 width=0)
	              Index Cond: ((id >= 2439071) AND (id <= 2440070))

table 6 : explain SELECT c FROM sbtest6 WHERE id BETWEEN 1488810 AND 1489809 ORDER BY c
	Sort  (cost=3993.76..3996.30 rows=1018 width=121)
	  Sort Key: c
	  ->  Bitmap Heap Scan on sbtest6  (cost=34.87..3942.90 rows=1018 width=121)
	        Recheck Cond: ((id >= 1488810) AND (id <= 1489809))
	        ->  Bitmap Index Scan on sbtest6_pkey  (cost=0.00..34.62 rows=1018 width=0)
	              Index Cond: ((id >= 1488810) AND (id <= 1489809))

table 7 : explain SELECT c FROM sbtest7 WHERE id BETWEEN 633623 AND 634622 ORDER BY c
	Sort  (cost=3837.73..3840.17 rows=977 width=121)
	  Sort Key: c
	  ->  Bitmap Heap Scan on sbtest7  (cost=34.45..3789.21 rows=977 width=121)
	        Recheck Cond: ((id >= 633623) AND (id <= 634622))
	        ->  Bitmap Index Scan on sbtest7_pkey  (cost=0.00..34.20 rows=977 width=0)
	              Index Cond: ((id >= 633623) AND (id <= 634622))

table 8 : explain SELECT c FROM sbtest8 WHERE id BETWEEN 4396960 AND 4397959 ORDER BY c
	Sort  (cost=3477.42..3479.63 rows=884 width=121)
	  Sort Key: c
	  ->  Bitmap Heap Scan on sbtest8  (cost=29.50..3434.16 rows=884 width=121)
	        Recheck Cond: ((id >= 4396960) AND (id <= 4397959))
	        ->  Bitmap Index Scan on sbtest8_pkey  (cost=0.00..29.27 rows=884 width=0)
	              Index Cond: ((id >= 4396960) AND (id <= 4397959))

for: sum_ranges
table 1 : explain SELECT SUM(k) FROM sbtest1 WHERE id BETWEEN 1764598 AND 1765597
	Aggregate  (cost=3768.91..3768.92 rows=1 width=8)
	  ->  Bitmap Heap Scan on sbtest1  (cost=34.38..3766.48 rows=970 width=4)
	        Recheck Cond: ((id >= 1764598) AND (id <= 1765597))
	        ->  Bitmap Index Scan on sbtest1_pkey  (cost=0.00..34.14 rows=970 width=0)
	              Index Cond: ((id >= 1764598) AND (id <= 1765597))

table 2 : explain SELECT SUM(k) FROM sbtest2 WHERE id BETWEEN 4890451 AND 4891450
	Aggregate  (cost=4128.74..4128.75 rows=1 width=8)
	  ->  Bitmap Heap Scan on sbtest2  (cost=35.37..4126.08 rows=1067 width=4)
	        Recheck Cond: ((id >= 4890451) AND (id <= 4891450))
	        ->  Bitmap Index Scan on sbtest2_pkey  (cost=0.00..35.11 rows=1067 width=0)
	              Index Cond: ((id >= 4890451) AND (id <= 4891450))

table 3 : explain SELECT SUM(k) FROM sbtest3 WHERE id BETWEEN 8068068 AND 8069067
	Aggregate  (cost=3883.66..3883.67 rows=1 width=8)
	  ->  Bitmap Heap Scan on sbtest3  (cost=34.71..3881.16 rows=1002 width=4)
	        Recheck Cond: ((id >= 8068068) AND (id <= 8069067))
	        ->  Bitmap Index Scan on sbtest3_pkey  (cost=0.00..34.45 rows=1002 width=0)
	              Index Cond: ((id >= 8068068) AND (id <= 8069067))

table 4 : explain SELECT SUM(k) FROM sbtest4 WHERE id BETWEEN 5239260 AND 5240259
	Aggregate  (cost=3922.75..3922.76 rows=1 width=8)
	  ->  Bitmap Heap Scan on sbtest4  (cost=34.81..3920.22 rows=1012 width=4)
	        Recheck Cond: ((id >= 5239260) AND (id <= 5240259))
	        ->  Bitmap Index Scan on sbtest4_pkey  (cost=0.00..34.56 rows=1012 width=0)
	              Index Cond: ((id >= 5239260) AND (id <= 5240259))

table 5 : explain SELECT SUM(k) FROM sbtest5 WHERE id BETWEEN 5945136 AND 5946135
	Aggregate  (cost=4003.32..4003.33 rows=1 width=8)
	  ->  Bitmap Heap Scan on sbtest5  (cost=35.02..4000.74 rows=1033 width=4)
	        Recheck Cond: ((id >= 5945136) AND (id <= 5946135))
	        ->  Bitmap Index Scan on sbtest5_pkey  (cost=0.00..34.77 rows=1033 width=0)
	              Index Cond: ((id >= 5945136) AND (id <= 5946135))

table 6 : explain SELECT SUM(k) FROM sbtest6 WHERE id BETWEEN 558508 AND 559507
	Aggregate  (cost=3374.58..3374.59 rows=1 width=8)
	  ->  Bitmap Heap Scan on sbtest6  (cost=29.33..3372.41 rows=868 width=4)
	        Recheck Cond: ((id >= 558508) AND (id <= 559507))
	        ->  Bitmap Index Scan on sbtest6_pkey  (cost=0.00..29.11 rows=868 width=0)
	              Index Cond: ((id >= 558508) AND (id <= 559507))

table 7 : explain SELECT SUM(k) FROM sbtest7 WHERE id BETWEEN 7515628 AND 7516627
	Aggregate  (cost=3844.50..3844.51 rows=1 width=8)
	  ->  Bitmap Heap Scan on sbtest7  (cost=34.59..3842.02 rows=991 width=4)
	        Recheck Cond: ((id >= 7515628) AND (id <= 7516627))
	        ->  Bitmap Index Scan on sbtest7_pkey  (cost=0.00..34.34 rows=991 width=0)
	              Index Cond: ((id >= 7515628) AND (id <= 7516627))

table 8 : explain SELECT SUM(k) FROM sbtest8 WHERE id BETWEEN 791668 AND 792667
	Aggregate  (cost=3856.34..3856.35 rows=1 width=8)
	  ->  Bitmap Heap Scan on sbtest8  (cost=34.62..3853.86 rows=994 width=4)
	        Recheck Cond: ((id >= 791668) AND (id <= 792667))
	        ->  Bitmap Index Scan on sbtest8_pkey  (cost=0.00..34.38 rows=994 width=0)
	              Index Cond: ((id >= 791668) AND (id <= 792667))

for: order_ranges
table 1 : explain SELECT c FROM sbtest1 WHERE id BETWEEN 1984269 AND 1985268 ORDER BY c
	Sort  (cost=4040.77..4043.34 rows=1029 width=121)
	  Sort Key: c
	  ->  Bitmap Heap Scan on sbtest1  (cost=34.98..3989.28 rows=1029 width=121)
	        Recheck Cond: ((id >= 1984269) AND (id <= 1985268))
	        ->  Bitmap Index Scan on sbtest1_pkey  (cost=0.00..34.73 rows=1029 width=0)
	              Index Cond: ((id >= 1984269) AND (id <= 1985268))

table 2 : explain SELECT c FROM sbtest2 WHERE id BETWEEN 7911298 AND 7912297 ORDER BY c
	Sort  (cost=3724.74..3727.11 rows=948 width=121)
	  Sort Key: c
	  ->  Bitmap Heap Scan on sbtest2  (cost=34.15..3677.87 rows=948 width=121)
	        Recheck Cond: ((id >= 7911298) AND (id <= 7912297))
	        ->  Bitmap Index Scan on sbtest2_pkey  (cost=0.00..33.92 rows=948 width=0)
	              Index Cond: ((id >= 7911298) AND (id <= 7912297))

table 3 : explain SELECT c FROM sbtest3 WHERE id BETWEEN 3181869 AND 3182868 ORDER BY c
	Sort  (cost=3670.64..3672.97 rows=935 width=121)
	  Sort Key: c
	  ->  Bitmap Heap Scan on sbtest3  (cost=30.02..3624.50 rows=935 width=121)
	        Recheck Cond: ((id >= 3181869) AND (id <= 3182868))
	        ->  Bitmap Index Scan on sbtest3_pkey  (cost=0.00..29.79 rows=935 width=0)
	              Index Cond: ((id >= 3181869) AND (id <= 3182868))

table 4 : explain SELECT c FROM sbtest4 WHERE id BETWEEN 4624302 AND 4625301 ORDER BY c
	Sort  (cost=4123.62..4126.25 rows=1052 width=121)
	  Sort Key: c
	  ->  Bitmap Heap Scan on sbtest4  (cost=35.22..4070.81 rows=1052 width=121)
	        Recheck Cond: ((id >= 4624302) AND (id <= 4625301))
	        ->  Bitmap Index Scan on sbtest4_pkey  (cost=0.00..34.95 rows=1052 width=0)
	              Index Cond: ((id >= 4624302) AND (id <= 4625301))

table 5 : explain SELECT c FROM sbtest5 WHERE id BETWEEN 3642858 AND 3643857 ORDER BY c
	Sort  (cost=4029.51..4032.07 rows=1027 width=121)
	  Sort Key: c
	  ->  Bitmap Heap Scan on sbtest5  (cost=34.96..3978.14 rows=1027 width=121)
	        Recheck Cond: ((id >= 3642858) AND (id <= 3643857))
	        ->  Bitmap Index Scan on sbtest5_pkey  (cost=0.00..34.70 rows=1027 width=0)
	              Index Cond: ((id >= 3642858) AND (id <= 3643857))

table 6 : explain SELECT c FROM sbtest6 WHERE id BETWEEN 1644792 AND 1645791 ORDER BY c
	Sort  (cost=3721.95..3724.32 rows=947 width=121)
	  Sort Key: c
	  ->  Bitmap Heap Scan on sbtest6  (cost=34.14..3675.13 rows=947 width=121)
	        Recheck Cond: ((id >= 1644792) AND (id <= 1645791))
	        ->  Bitmap Index Scan on sbtest6_pkey  (cost=0.00..33.91 rows=947 width=0)
	              Index Cond: ((id >= 1644792) AND (id <= 1645791))

table 7 : explain SELECT c FROM sbtest7 WHERE id BETWEEN 8412148 AND 8413147 ORDER BY c
	Sort  (cost=3665.08..3667.41 rows=933 width=121)
	  Sort Key: c
	  ->  Bitmap Heap Scan on sbtest7  (cost=30.00..3619.05 rows=933 width=121)
	        Recheck Cond: ((id >= 8412148) AND (id <= 8413147))
	        ->  Bitmap Index Scan on sbtest7_pkey  (cost=0.00..29.76 rows=933 width=0)
	              Index Cond: ((id >= 8412148) AND (id <= 8413147))

table 8 : explain SELECT c FROM sbtest8 WHERE id BETWEEN 6073804 AND 6074803 ORDER BY c
	Sort  (cost=3956.94..3959.46 rows=1008 width=121)
	  Sort Key: c
	  ->  Bitmap Heap Scan on sbtest8  (cost=34.77..3906.65 rows=1008 width=121)
	        Recheck Cond: ((id >= 6073804) AND (id <= 6074803))
	        ->  Bitmap Index Scan on sbtest8_pkey  (cost=0.00..34.52 rows=1008 width=0)
	              Index Cond: ((id >= 6073804) AND (id <= 6074803))

for point_selects
table 1 : explain SELECT c FROM sbtest1 WHERE id=4572713
	Index Scan using sbtest1_pkey on sbtest1  (cost=0.43..8.45 rows=1 width=121)
	  Index Cond: (id = 4572713)

table 2 : explain SELECT c FROM sbtest2 WHERE id=65964
	Index Scan using sbtest2_pkey on sbtest2  (cost=0.43..8.45 rows=1 width=121)
	  Index Cond: (id = 65964)

table 3 : explain SELECT c FROM sbtest3 WHERE id=8491827
	Index Scan using sbtest3_pkey on sbtest3  (cost=0.43..8.45 rows=1 width=121)
	  Index Cond: (id = 8491827)

table 4 : explain SELECT c FROM sbtest4 WHERE id=8723924
	Index Scan using sbtest4_pkey on sbtest4  (cost=0.43..8.45 rows=1 width=121)
	  Index Cond: (id = 8723924)

table 5 : explain SELECT c FROM sbtest5 WHERE id=4924847
	Index Scan using sbtest5_pkey on sbtest5  (cost=0.43..8.45 rows=1 width=121)
	  Index Cond: (id = 4924847)

table 6 : explain SELECT c FROM sbtest6 WHERE id=7437944
	Index Scan using sbtest6_pkey on sbtest6  (cost=0.43..8.45 rows=1 width=121)
	  Index Cond: (id = 7437944)

table 7 : explain SELECT c FROM sbtest7 WHERE id=5549259
	Index Scan using sbtest7_pkey on sbtest7  (cost=0.43..8.45 rows=1 width=121)
	  Index Cond: (id = 5549259)

table 8 : explain SELECT c FROM sbtest8 WHERE id=2670940
	Index Scan using sbtest8_pkey on sbtest8  (cost=0.43..8.45 rows=1 width=121)
	  Index Cond: (id = 2670940)

for: sum_ranges
table 1 : explain SELECT SUM(k) FROM sbtest1 WHERE id BETWEEN 2769683 AND 2770682
	Aggregate  (cost=3564.26..3564.27 rows=1 width=8)
	  ->  Bitmap Heap Scan on sbtest1  (cost=29.83..3561.96 rows=917 width=4)
	        Recheck Cond: ((id >= 2769683) AND (id <= 2770682))
	        ->  Bitmap Index Scan on sbtest1_pkey  (cost=0.00..29.61 rows=917 width=0)
	              Index Cond: ((id >= 2769683) AND (id <= 2770682))

table 2 : explain SELECT SUM(k) FROM sbtest2 WHERE id BETWEEN 9536704 AND 9537703
	Aggregate  (cost=4083.60..4083.61 rows=1 width=8)
	  ->  Bitmap Heap Scan on sbtest2  (cost=35.25..4080.96 rows=1055 width=4)
	        Recheck Cond: ((id >= 9536704) AND (id <= 9537703))
	        ->  Bitmap Index Scan on sbtest2_pkey  (cost=0.00..34.98 rows=1055 width=0)
	              Index Cond: ((id >= 9536704) AND (id <= 9537703))

table 3 : explain SELECT SUM(k) FROM sbtest3 WHERE id BETWEEN 9693252 AND 9694251
	Aggregate  (cost=3695.04..3695.05 rows=1 width=8)
	  ->  Bitmap Heap Scan on sbtest3  (cost=34.19..3692.66 rows=952 width=4)
	        Recheck Cond: ((id >= 9693252) AND (id <= 9694251))
	        ->  Bitmap Index Scan on sbtest3_pkey  (cost=0.00..33.95 rows=952 width=0)
	              Index Cond: ((id >= 9693252) AND (id <= 9694251))

table 4 : explain SELECT SUM(k) FROM sbtest4 WHERE id BETWEEN 5064628 AND 5065627
	Aggregate  (cost=3613.18..3613.19 rows=1 width=8)
	  ->  Bitmap Heap Scan on sbtest4  (cost=33.97..3610.85 rows=930 width=4)
	        Recheck Cond: ((id >= 5064628) AND (id <= 5065627))
	        ->  Bitmap Index Scan on sbtest4_pkey  (cost=0.00..33.73 rows=930 width=0)
	              Index Cond: ((id >= 5064628) AND (id <= 5065627))

table 5 : explain SELECT SUM(k) FROM sbtest5 WHERE id BETWEEN 4456698 AND 4457697
	Aggregate  (cost=3750.49..3750.50 rows=1 width=8)
	  ->  Bitmap Heap Scan on sbtest5  (cost=34.34..3748.08 rows=966 width=4)
	        Recheck Cond: ((id >= 4456698) AND (id <= 4457697))
	        ->  Bitmap Index Scan on sbtest5_pkey  (cost=0.00..34.09 rows=966 width=0)
	              Index Cond: ((id >= 4456698) AND (id <= 4457697))

table 6 : explain SELECT SUM(k) FROM sbtest6 WHERE id BETWEEN 736962 AND 737961
	Aggregate  (cost=3820.99..3821.00 rows=1 width=8)
	  ->  Bitmap Heap Scan on sbtest6  (cost=34.53..3818.53 rows=985 width=4)
	        Recheck Cond: ((id >= 736962) AND (id <= 737961))
	        ->  Bitmap Index Scan on sbtest6_pkey  (cost=0.00..34.29 rows=985 width=0)
	              Index Cond: ((id >= 736962) AND (id <= 737961))

table 7 : explain SELECT SUM(k) FROM sbtest7 WHERE id BETWEEN 5383071 AND 5384070
	Aggregate  (cost=4108.37..4108.38 rows=1 width=8)
	  ->  Bitmap Heap Scan on sbtest7  (cost=35.31..4105.72 rows=1061 width=4)
	        Recheck Cond: ((id >= 5383071) AND (id <= 5384070))
	        ->  Bitmap Index Scan on sbtest7_pkey  (cost=0.00..35.05 rows=1061 width=0)
	              Index Cond: ((id >= 5383071) AND (id <= 5384070))

table 8 : explain SELECT SUM(k) FROM sbtest8 WHERE id BETWEEN 1999349 AND 2000348
	Aggregate  (cost=3999.68..3999.69 rows=1 width=8)
	  ->  Bitmap Heap Scan on sbtest8  (cost=35.01..3997.10 rows=1032 width=4)
	        Recheck Cond: ((id >= 1999349) AND (id <= 2000348))
	        ->  Bitmap Index Scan on sbtest8_pkey  (cost=0.00..34.76 rows=1032 width=0)
	              Index Cond: ((id >= 1999349) AND (id <= 2000348))

for: distinct_ranges
table 1 : explain SELECT DISTINCT c FROM sbtest1 WHERE id BETWEEN 8313401 AND 8314400 ORDER BY c
	Unique  (cost=4033.11..4038.24 rows=1027 width=121)
	  ->  Sort  (cost=4033.11..4035.68 rows=1027 width=121)
	        Sort Key: c
	        ->  Bitmap Heap Scan on sbtest1  (cost=34.96..3981.74 rows=1027 width=121)
	              Recheck Cond: ((id >= 8313401) AND (id <= 8314400))
	              ->  Bitmap Index Scan on sbtest1_pkey  (cost=0.00..34.70 rows=1027 width=0)
	                    Index Cond: ((id >= 8313401) AND (id <= 8314400))

table 2 : explain SELECT DISTINCT c FROM sbtest2 WHERE id BETWEEN 7710382 AND 7711381 ORDER BY c
	Unique  (cost=3939.07..3944.09 rows=1004 width=121)
	  ->  Sort  (cost=3939.07..3941.58 rows=1004 width=121)
	        Sort Key: c
	        ->  Bitmap Heap Scan on sbtest2  (cost=34.73..3889.02 rows=1004 width=121)
	              Recheck Cond: ((id >= 7710382) AND (id <= 7711381))
	              ->  Bitmap Index Scan on sbtest2_pkey  (cost=0.00..34.48 rows=1004 width=0)
	                    Index Cond: ((id >= 7710382) AND (id <= 7711381))

table 3 : explain SELECT DISTINCT c FROM sbtest3 WHERE id BETWEEN 8188669 AND 8189668 ORDER BY c
	Unique  (cost=3923.45..3928.45 rows=1000 width=121)
	  ->  Sort  (cost=3923.45..3925.95 rows=1000 width=121)
	        Sort Key: c
	        ->  Bitmap Heap Scan on sbtest3  (cost=34.69..3873.63 rows=1000 width=121)
	              Recheck Cond: ((id >= 8188669) AND (id <= 8189668))
	              ->  Bitmap Index Scan on sbtest3_pkey  (cost=0.00..34.44 rows=1000 width=0)
	                    Index Cond: ((id >= 8188669) AND (id <= 8189668))

table 4 : explain SELECT DISTINCT c FROM sbtest4 WHERE id BETWEEN 9992698 AND 9993697 ORDER BY c
	Unique  (cost=3886.56..3891.51 rows=990 width=121)
	  ->  Sort  (cost=3886.56..3889.04 rows=990 width=121)
	        Sort Key: c
	        ->  Bitmap Heap Scan on sbtest4  (cost=34.58..3837.30 rows=990 width=121)
	              Recheck Cond: ((id >= 9992698) AND (id <= 9993697))
	              ->  Bitmap Index Scan on sbtest4_pkey  (cost=0.00..34.34 rows=990 width=0)
	                    Index Cond: ((id >= 9992698) AND (id <= 9993697))

table 5 : explain SELECT DISTINCT c FROM sbtest5 WHERE id BETWEEN 4250890 AND 4251889 ORDER BY c
	Unique  (cost=3991.25..3996.34 rows=1017 width=121)
	  ->  Sort  (cost=3991.25..3993.79 rows=1017 width=121)
	        Sort Key: c
	        ->  Bitmap Heap Scan on sbtest5  (cost=34.86..3940.45 rows=1017 width=121)
	              Recheck Cond: ((id >= 4250890) AND (id <= 4251889))
	              ->  Bitmap Index Scan on sbtest5_pkey  (cost=0.00..34.61 rows=1017 width=0)
	                    Index Cond: ((id >= 4250890) AND (id <= 4251889))

table 6 : explain SELECT DISTINCT c FROM sbtest6 WHERE id BETWEEN 7961673 AND 7962672 ORDER BY c
	Unique  (cost=4066.39..4071.57 rows=1037 width=121)
	  ->  Sort  (cost=4066.39..4068.98 rows=1037 width=121)
	        Sort Key: c
	        ->  Bitmap Heap Scan on sbtest6  (cost=35.06..4014.45 rows=1037 width=121)
	              Recheck Cond: ((id >= 7961673) AND (id <= 7962672))
	              ->  Bitmap Index Scan on sbtest6_pkey  (cost=0.00..34.81 rows=1037 width=0)
	                    Index Cond: ((id >= 7961673) AND (id <= 7962672))

table 7 : explain SELECT DISTINCT c FROM sbtest7 WHERE id BETWEEN 674158 AND 675157 ORDER BY c
	Unique  (cost=3837.73..3842.61 rows=977 width=121)
	  ->  Sort  (cost=3837.73..3840.17 rows=977 width=121)
	        Sort Key: c
	        ->  Bitmap Heap Scan on sbtest7  (cost=34.45..3789.21 rows=977 width=121)
	              Recheck Cond: ((id >= 674158) AND (id <= 675157))
	              ->  Bitmap Index Scan on sbtest7_pkey  (cost=0.00..34.20 rows=977 width=0)
	                    Index Cond: ((id >= 674158) AND (id <= 675157))

table 8 : explain SELECT DISTINCT c FROM sbtest8 WHERE id BETWEEN 6940492 AND 6941491 ORDER BY c
	Unique  (cost=3830.57..3835.45 rows=975 width=121)
	  ->  Sort  (cost=3830.57..3833.01 rows=975 width=121)
	        Sort Key: c
	        ->  Bitmap Heap Scan on sbtest8  (cost=34.43..3782.17 rows=975 width=121)
	              Recheck Cond: ((id >= 6940492) AND (id <= 6941491))
	              ->  Bitmap Index Scan on sbtest8_pkey  (cost=0.00..34.19 rows=975 width=0)
	                    Index Cond: ((id >= 6940492) AND (id <= 6941491))

for: distinct_ranges
table 1 : explain SELECT DISTINCT c FROM sbtest1 WHERE id BETWEEN 9048921 AND 9049920 ORDER BY c
	Unique  (cost=3703.29..3707.99 rows=941 width=121)
	  ->  Sort  (cost=3703.29..3705.64 rows=941 width=121)
	        Sort Key: c
	        ->  Bitmap Heap Scan on sbtest1  (cost=34.08..3656.81 rows=941 width=121)
	              Recheck Cond: ((id >= 9048921) AND (id <= 9049920))
	              ->  Bitmap Index Scan on sbtest1_pkey  (cost=0.00..33.84 rows=941 width=0)
	                    Index Cond: ((id >= 9048921) AND (id <= 9049920))

table 2 : explain SELECT DISTINCT c FROM sbtest2 WHERE id BETWEEN 1669377 AND 1670376 ORDER BY c
	Unique  (cost=3835.78..3840.67 rows=977 width=121)
	  ->  Sort  (cost=3835.78..3838.23 rows=977 width=121)
	        Sort Key: c
	        ->  Bitmap Heap Scan on sbtest2  (cost=34.45..3787.26 rows=977 width=121)
	              Recheck Cond: ((id >= 1669377) AND (id <= 1670376))
	              ->  Bitmap Index Scan on sbtest2_pkey  (cost=0.00..34.20 rows=977 width=0)
	                    Index Cond: ((id >= 1669377) AND (id <= 1670376))

table 3 : explain SELECT DISTINCT c FROM sbtest3 WHERE id BETWEEN 2224139 AND 2225138 ORDER BY c
	Unique  (cost=3728.27..3733.02 rows=949 width=121)
	  ->  Sort  (cost=3728.27..3730.65 rows=949 width=121)
	        Sort Key: c
	        ->  Bitmap Heap Scan on sbtest3  (cost=34.16..3681.34 rows=949 width=121)
	              Recheck Cond: ((id >= 2224139) AND (id <= 2225138))
	              ->  Bitmap Index Scan on sbtest3_pkey  (cost=0.00..33.93 rows=949 width=0)
	                    Index Cond: ((id >= 2224139) AND (id <= 2225138))

table 4 : explain SELECT DISTINCT c FROM sbtest4 WHERE id BETWEEN 7892116 AND 7893115 ORDER BY c
	Unique  (cost=3771.69..3776.49 rows=960 width=121)
	  ->  Sort  (cost=3771.69..3774.09 rows=960 width=121)
	        Sort Key: c
	        ->  Bitmap Heap Scan on sbtest4  (cost=34.28..3724.14 rows=960 width=121)
	              Recheck Cond: ((id >= 7892116) AND (id <= 7893115))
	              ->  Bitmap Index Scan on sbtest4_pkey  (cost=0.00..34.04 rows=960 width=0)
	                    Index Cond: ((id >= 7892116) AND (id <= 7893115))

table 5 : explain SELECT DISTINCT c FROM sbtest5 WHERE id BETWEEN 5794849 AND 5795848 ORDER BY c
	Unique  (cost=3742.31..3747.07 rows=952 width=121)
	  ->  Sort  (cost=3742.31..3744.69 rows=952 width=121)
	        Sort Key: c
	        ->  Bitmap Heap Scan on sbtest5  (cost=34.19..3695.21 rows=952 width=121)
	              Recheck Cond: ((id >= 5794849) AND (id <= 5795848))
	              ->  Bitmap Index Scan on sbtest5_pkey  (cost=0.00..33.95 rows=952 width=0)
	                    Index Cond: ((id >= 5794849) AND (id <= 5795848))

table 6 : explain SELECT DISTINCT c FROM sbtest6 WHERE id BETWEEN 6987629 AND 6988628 ORDER BY c
	Unique  (cost=4207.71..4213.08 rows=1074 width=121)
	  ->  Sort  (cost=4207.71..4210.40 rows=1074 width=121)
	        Sort Key: c
	        ->  Bitmap Heap Scan on sbtest6  (cost=35.44..4153.64 rows=1074 width=121)
	              Recheck Cond: ((id >= 6987629) AND (id <= 6988628))
	              ->  Bitmap Index Scan on sbtest6_pkey  (cost=0.00..35.18 rows=1074 width=0)
	                    Index Cond: ((id >= 6987629) AND (id <= 6988628))

table 7 : explain SELECT DISTINCT c FROM sbtest7 WHERE id BETWEEN 7453188 AND 7454187 ORDER BY c
	Unique  (cost=4220.15..4225.53 rows=1077 width=121)
	  ->  Sort  (cost=4220.15..4222.84 rows=1077 width=121)
	        Sort Key: c
	        ->  Bitmap Heap Scan on sbtest7  (cost=35.47..4165.91 rows=1077 width=121)
	              Recheck Cond: ((id >= 7453188) AND (id <= 7454187))
	              ->  Bitmap Index Scan on sbtest7_pkey  (cost=0.00..35.20 rows=1077 width=0)
	                    Index Cond: ((id >= 7453188) AND (id <= 7454187))

table 8 : explain SELECT DISTINCT c FROM sbtest8 WHERE id BETWEEN 8018066 AND 8019065 ORDER BY c
	Unique  (cost=4484.26..4489.99 rows=1146 width=121)
	  ->  Sort  (cost=4484.26..4487.13 rows=1146 width=121)
	        Sort Key: c
	        ->  Bitmap Heap Scan on sbtest8  (cost=40.18..4426.03 rows=1146 width=121)
	              Recheck Cond: ((id >= 8018066) AND (id <= 8019065))
	              ->  Bitmap Index Scan on sbtest8_pkey  (cost=0.00..39.90 rows=1146 width=0)
	                    Index Cond: ((id >= 8018066) AND (id <= 8019065))

for: order_ranges
table 1 : explain SELECT c FROM sbtest1 WHERE id BETWEEN 9919310 AND 9920309 ORDER BY c
	Sort  (cost=4140.31..4142.94 rows=1055 width=121)
	  Sort Key: c
	  ->  Bitmap Heap Scan on sbtest1  (cost=35.25..4087.33 rows=1055 width=121)
	        Recheck Cond: ((id >= 9919310) AND (id <= 9920309))
	        ->  Bitmap Index Scan on sbtest1_pkey  (cost=0.00..34.98 rows=1055 width=0)
	              Index Cond: ((id >= 9919310) AND (id <= 9920309))

table 2 : explain SELECT c FROM sbtest2 WHERE id BETWEEN 6414333 AND 6415332 ORDER BY c
	Sort  (cost=3954.37..3956.89 rows=1008 width=121)
	  Sort Key: c
	  ->  Bitmap Heap Scan on sbtest2  (cost=34.77..3904.08 rows=1008 width=121)
	        Recheck Cond: ((id >= 6414333) AND (id <= 6415332))
	        ->  Bitmap Index Scan on sbtest2_pkey  (cost=0.00..34.52 rows=1008 width=0)
	              Index Cond: ((id >= 6414333) AND (id <= 6415332))

table 3 : explain SELECT c FROM sbtest3 WHERE id BETWEEN 4213217 AND 4214216 ORDER BY c
	Sort  (cost=3965.51..3968.04 rows=1011 width=121)
	  Sort Key: c
	  ->  Bitmap Heap Scan on sbtest3  (cost=34.80..3915.05 rows=1011 width=121)
	        Recheck Cond: ((id >= 4213217) AND (id <= 4214216))
	        ->  Bitmap Index Scan on sbtest3_pkey  (cost=0.00..34.55 rows=1011 width=0)
	              Index Cond: ((id >= 4213217) AND (id <= 4214216))

table 4 : explain SELECT c FROM sbtest4 WHERE id BETWEEN 8990189 AND 8991188 ORDER BY c
	Sort  (cost=3656.71..3659.03 rows=930 width=121)
	  Sort Key: c
	  ->  Bitmap Heap Scan on sbtest4  (cost=33.97..3610.85 rows=930 width=121)
	        Recheck Cond: ((id >= 8990189) AND (id <= 8991188))
	        ->  Bitmap Index Scan on sbtest4_pkey  (cost=0.00..33.73 rows=930 width=0)
	              Index Cond: ((id >= 8990189) AND (id <= 8991188))

table 5 : explain SELECT c FROM sbtest5 WHERE id BETWEEN 1123956 AND 1124955 ORDER BY c
	Sort  (cost=4029.51..4032.07 rows=1027 width=121)
	  Sort Key: c
	  ->  Bitmap Heap Scan on sbtest5  (cost=34.96..3978.14 rows=1027 width=121)
	        Recheck Cond: ((id >= 1123956) AND (id <= 1124955))
	        ->  Bitmap Index Scan on sbtest5_pkey  (cost=0.00..34.70 rows=1027 width=0)
	              Index Cond: ((id >= 1123956) AND (id <= 1124955))

table 6 : explain SELECT c FROM sbtest6 WHERE id BETWEEN 7988323 AND 7989322 ORDER BY c
	Sort  (cost=3752.61..3754.99 rows=955 width=121)
	  Sort Key: c
	  ->  Bitmap Heap Scan on sbtest6  (cost=34.22..3705.34 rows=955 width=121)
	        Recheck Cond: ((id >= 7988323) AND (id <= 7989322))
	        ->  Bitmap Index Scan on sbtest6_pkey  (cost=0.00..33.98 rows=955 width=0)
	              Index Cond: ((id >= 7988323) AND (id <= 7989322))

table 7 : explain SELECT c FROM sbtest7 WHERE id BETWEEN 3003284 AND 3004283 ORDER BY c
	Sort  (cost=3810.91..3813.34 rows=970 width=121)
	  Sort Key: c
	  ->  Bitmap Heap Scan on sbtest7  (cost=34.38..3762.79 rows=970 width=121)
	        Recheck Cond: ((id >= 3003284) AND (id <= 3004283))
	        ->  Bitmap Index Scan on sbtest7_pkey  (cost=0.00..34.14 rows=970 width=0)
	              Index Cond: ((id >= 3003284) AND (id <= 3004283))

table 8 : explain SELECT c FROM sbtest8 WHERE id BETWEEN 2123195 AND 2124194 ORDER BY c
	Sort  (cost=4148.16..4150.80 rows=1058 width=121)
	  Sort Key: c
	  ->  Bitmap Heap Scan on sbtest8  (cost=35.28..4095.01 rows=1058 width=121)
	        Recheck Cond: ((id >= 2123195) AND (id <= 2124194))
	        ->  Bitmap Index Scan on sbtest8_pkey  (cost=0.00..35.02 rows=1058 width=0)
	              Index Cond: ((id >= 2123195) AND (id <= 2124194))

for: order_ranges
table 1 : explain SELECT c FROM sbtest1 WHERE id BETWEEN 6375305 AND 6376304 ORDER BY c
	Sort  (cost=4335.33..4338.09 rows=1106 width=121)
	  Sort Key: c
	  ->  Bitmap Heap Scan on sbtest1  (cost=35.77..4279.42 rows=1106 width=121)
	        Recheck Cond: ((id >= 6375305) AND (id <= 6376304))
	        ->  Bitmap Index Scan on sbtest1_pkey  (cost=0.00..35.50 rows=1106 width=0)
	              Index Cond: ((id >= 6375305) AND (id <= 6376304))

table 2 : explain SELECT c FROM sbtest2 WHERE id BETWEEN 2255324 AND 2256323 ORDER BY c
	Sort  (cost=4404.98..4407.80 rows=1126 width=121)
	  Sort Key: c
	  ->  Bitmap Heap Scan on sbtest2  (cost=39.98..4347.91 rows=1126 width=121)
	        Recheck Cond: ((id >= 2255324) AND (id <= 2256323))
	        ->  Bitmap Index Scan on sbtest2_pkey  (cost=0.00..39.70 rows=1126 width=0)
	              Index Cond: ((id >= 2255324) AND (id <= 2256323))

table 3 : explain SELECT c FROM sbtest3 WHERE id BETWEEN 6715749 AND 6716748 ORDER BY c
	Sort  (cost=4354.88..4357.66 rows=1114 width=121)
	  Sort Key: c
	  ->  Bitmap Heap Scan on sbtest3  (cost=35.85..4298.50 rows=1114 width=121)
	        Recheck Cond: ((id >= 6715749) AND (id <= 6716748))
	        ->  Bitmap Index Scan on sbtest3_pkey  (cost=0.00..35.58 rows=1114 width=0)
	              Index Cond: ((id >= 6715749) AND (id <= 6716748))

table 4 : explain SELECT c FROM sbtest4 WHERE id BETWEEN 5158367 AND 5159366 ORDER BY c
	Sort  (cost=4501.48..4504.36 rows=1151 width=121)
	  Sort Key: c
	  ->  Bitmap Heap Scan on sbtest4  (cost=40.23..4442.96 rows=1151 width=121)
	        Recheck Cond: ((id >= 5158367) AND (id <= 5159366))
	        ->  Bitmap Index Scan on sbtest4_pkey  (cost=0.00..39.95 rows=1151 width=0)
	              Index Cond: ((id >= 5158367) AND (id <= 5159366))

table 5 : explain SELECT c FROM sbtest5 WHERE id BETWEEN 4755977 AND 4756976 ORDER BY c
	Sort  (cost=3861.10..3863.56 rows=983 width=121)
	  Sort Key: c
	  ->  Bitmap Heap Scan on sbtest5  (cost=34.51..3812.24 rows=983 width=121)
	        Recheck Cond: ((id >= 4755977) AND (id <= 4756976))
	        ->  Bitmap Index Scan on sbtest5_pkey  (cost=0.00..34.27 rows=983 width=0)
	              Index Cond: ((id >= 4755977) AND (id <= 4756976))

table 6 : explain SELECT c FROM sbtest6 WHERE id BETWEEN 6776643 AND 6777642 ORDER BY c
	Sort  (cost=4108.42..4111.04 rows=1048 width=121)
	  Sort Key: c
	  ->  Bitmap Heap Scan on sbtest6  (cost=35.18..4055.85 rows=1048 width=121)
	        Recheck Cond: ((id >= 6776643) AND (id <= 6777642))
	        ->  Bitmap Index Scan on sbtest6_pkey  (cost=0.00..34.92 rows=1048 width=0)
	              Index Cond: ((id >= 6776643) AND (id <= 6777642))

table 7 : explain SELECT c FROM sbtest7 WHERE id BETWEEN 4853285 AND 4854284 ORDER BY c
	Sort  (cost=3921.96..3924.46 rows=999 width=121)
	  Sort Key: c
	  ->  Bitmap Heap Scan on sbtest7  (cost=34.67..3872.19 rows=999 width=121)
	        Recheck Cond: ((id >= 4853285) AND (id <= 4854284))
	        ->  Bitmap Index Scan on sbtest7_pkey  (cost=0.00..34.43 rows=999 width=0)
	              Index Cond: ((id >= 4853285) AND (id <= 4854284))

table 8 : explain SELECT c FROM sbtest8 WHERE id BETWEEN 4269816 AND 4270815 ORDER BY c
	Sort  (cost=4018.16..4020.72 rows=1024 width=121)
	  Sort Key: c
	  ->  Bitmap Heap Scan on sbtest8  (cost=34.93..3966.96 rows=1024 width=121)
	        Recheck Cond: ((id >= 4269816) AND (id <= 4270815))
	        ->  Bitmap Index Scan on sbtest8_pkey  (cost=0.00..34.68 rows=1024 width=0)
	              Index Cond: ((id >= 4269816) AND (id <= 4270815))

for point_selects
table 1 : explain SELECT c FROM sbtest1 WHERE id=2014499
	Index Scan using sbtest1_pkey on sbtest1  (cost=0.43..8.45 rows=1 width=121)
	  Index Cond: (id = 2014499)

table 2 : explain SELECT c FROM sbtest2 WHERE id=3254535
	Index Scan using sbtest2_pkey on sbtest2  (cost=0.43..8.45 rows=1 width=121)
	  Index Cond: (id = 3254535)

table 3 : explain SELECT c FROM sbtest3 WHERE id=321490
	Index Scan using sbtest3_pkey on sbtest3  (cost=0.43..8.45 rows=1 width=121)
	  Index Cond: (id = 321490)

table 4 : explain SELECT c FROM sbtest4 WHERE id=8586091
	Index Scan using sbtest4_pkey on sbtest4  (cost=0.43..8.45 rows=1 width=121)
	  Index Cond: (id = 8586091)

table 5 : explain SELECT c FROM sbtest5 WHERE id=7117847
	Index Scan using sbtest5_pkey on sbtest5  (cost=0.43..8.45 rows=1 width=121)
	  Index Cond: (id = 7117847)

table 6 : explain SELECT c FROM sbtest6 WHERE id=3807243
	Index Scan using sbtest6_pkey on sbtest6  (cost=0.43..8.45 rows=1 width=121)
	  Index Cond: (id = 3807243)

table 7 : explain SELECT c FROM sbtest7 WHERE id=3350370
	Index Scan using sbtest7_pkey on sbtest7  (cost=0.43..8.45 rows=1 width=121)
	  Index Cond: (id = 3350370)

table 8 : explain SELECT c FROM sbtest8 WHERE id=9146839
	Index Scan using sbtest8_pkey on sbtest8  (cost=0.43..8.45 rows=1 width=121)
	  Index Cond: (id = 9146839)

for: distinct_ranges
table 1 : explain SELECT DISTINCT c FROM sbtest1 WHERE id BETWEEN 7492663 AND 7493662 ORDER BY c
	Unique  (cost=4201.52..4206.88 rows=1071 width=121)
	  ->  Sort  (cost=4201.52..4204.20 rows=1071 width=121)
	        Sort Key: c
	        ->  Bitmap Heap Scan on sbtest1  (cost=35.41..4147.63 rows=1071 width=121)
	              Recheck Cond: ((id >= 7492663) AND (id <= 7493662))
	              ->  Bitmap Index Scan on sbtest1_pkey  (cost=0.00..35.15 rows=1071 width=0)
	                    Index Cond: ((id >= 7492663) AND (id <= 7493662))

table 2 : explain SELECT DISTINCT c FROM sbtest2 WHERE id BETWEEN 8804140 AND 8805139 ORDER BY c
	Unique  (cost=4343.82..4349.38 rows=1111 width=121)
	  ->  Sort  (cost=4343.82..4346.60 rows=1111 width=121)
	        Sort Key: c
	        ->  Bitmap Heap Scan on sbtest2  (cost=35.82..4287.62 rows=1111 width=121)
	              Recheck Cond: ((id >= 8804140) AND (id <= 8805139))
	              ->  Bitmap Index Scan on sbtest2_pkey  (cost=0.00..35.55 rows=1111 width=0)
	                    Index Cond: ((id >= 8804140) AND (id <= 8805139))

table 3 : explain SELECT DISTINCT c FROM sbtest3 WHERE id BETWEEN 9032286 AND 9033285 ORDER BY c
	Unique  (cost=3766.57..3771.36 rows=959 width=121)
	  ->  Sort  (cost=3766.57..3768.97 rows=959 width=121)
	        Sort Key: c
	        ->  Bitmap Heap Scan on sbtest3  (cost=34.26..3719.07 rows=959 width=121)
	              Recheck Cond: ((id >= 9032286) AND (id <= 9033285))
	              ->  Bitmap Index Scan on sbtest3_pkey  (cost=0.00..34.03 rows=959 width=0)
	                    Index Cond: ((id >= 9032286) AND (id <= 9033285))

table 4 : explain SELECT DISTINCT c FROM sbtest4 WHERE id BETWEEN 2302670 AND 2303669 ORDER BY c
	Unique  (cost=3599.01..3603.59 rows=916 width=121)
	  ->  Sort  (cost=3599.01..3601.30 rows=916 width=121)
	        Sort Key: c
	        ->  Bitmap Heap Scan on sbtest4  (cost=29.82..3553.95 rows=916 width=121)
	              Recheck Cond: ((id >= 2302670) AND (id <= 2303669))
	              ->  Bitmap Index Scan on sbtest4_pkey  (cost=0.00..29.59 rows=916 width=0)
	                    Index Cond: ((id >= 2302670) AND (id <= 2303669))

table 5 : explain SELECT DISTINCT c FROM sbtest5 WHERE id BETWEEN 9196115 AND 9197114 ORDER BY c
	Unique  (cost=4109.80..4115.04 rows=1048 width=121)
	  ->  Sort  (cost=4109.80..4112.42 rows=1048 width=121)
	        Sort Key: c
	        ->  Bitmap Heap Scan on sbtest5  (cost=35.18..4057.23 rows=1048 width=121)
	              Recheck Cond: ((id >= 9196115) AND (id <= 9197114))
	              ->  Bitmap Index Scan on sbtest5_pkey  (cost=0.00..34.92 rows=1048 width=0)
	                    Index Cond: ((id >= 9196115) AND (id <= 9197114))

table 6 : explain SELECT DISTINCT c FROM sbtest6 WHERE id BETWEEN 8800786 AND 8801785 ORDER BY c
	Unique  (cost=3671.95..3676.62 rows=935 width=121)
	  ->  Sort  (cost=3671.95..3674.29 rows=935 width=121)
	        Sort Key: c
	        ->  Bitmap Heap Scan on sbtest6  (cost=30.02..3625.81 rows=935 width=121)
	              Recheck Cond: ((id >= 8800786) AND (id <= 8801785))
	              ->  Bitmap Index Scan on sbtest6_pkey  (cost=0.00..29.79 rows=935 width=0)
	                    Index Cond: ((id >= 8800786) AND (id <= 8801785))

table 7 : explain SELECT DISTINCT c FROM sbtest7 WHERE id BETWEEN 720467 AND 721466 ORDER BY c
	Unique  (cost=4071.15..4076.34 rows=1038 width=121)
	  ->  Sort  (cost=4071.15..4073.74 rows=1038 width=121)
	        Sort Key: c
	        ->  Bitmap Heap Scan on sbtest7  (cost=35.07..4019.14 rows=1038 width=121)
	              Recheck Cond: ((id >= 720467) AND (id <= 721466))
	              ->  Bitmap Index Scan on sbtest7_pkey  (cost=0.00..34.82 rows=1038 width=0)
	                    Index Cond: ((id >= 720467) AND (id <= 721466))

table 8 : explain SELECT DISTINCT c FROM sbtest8 WHERE id BETWEEN 4490255 AND 4491254 ORDER BY c
	Unique  (cost=3964.59..3969.64 rows=1010 width=121)
	  ->  Sort  (cost=3964.59..3967.12 rows=1010 width=121)
	        Sort Key: c
	        ->  Bitmap Heap Scan on sbtest8  (cost=34.79..3914.19 rows=1010 width=121)
	              Recheck Cond: ((id >= 4490255) AND (id <= 4491254))
	              ->  Bitmap Index Scan on sbtest8_pkey  (cost=0.00..34.54 rows=1010 width=0)
	                    Index Cond: ((id >= 4490255) AND (id <= 4491254))

for point_selects
table 1 : explain SELECT c FROM sbtest1 WHERE id=5152322
	Index Scan using sbtest1_pkey on sbtest1  (cost=0.43..8.45 rows=1 width=121)
	  Index Cond: (id = 5152322)

table 2 : explain SELECT c FROM sbtest2 WHERE id=7055805
	Index Scan using sbtest2_pkey on sbtest2  (cost=0.43..8.45 rows=1 width=121)
	  Index Cond: (id = 7055805)

table 3 : explain SELECT c FROM sbtest3 WHERE id=6879177
	Index Scan using sbtest3_pkey on sbtest3  (cost=0.43..8.45 rows=1 width=121)
	  Index Cond: (id = 6879177)

table 4 : explain SELECT c FROM sbtest4 WHERE id=2792826
	Index Scan using sbtest4_pkey on sbtest4  (cost=0.43..8.45 rows=1 width=121)
	  Index Cond: (id = 2792826)

table 5 : explain SELECT c FROM sbtest5 WHERE id=3398684
	Index Scan using sbtest5_pkey on sbtest5  (cost=0.43..8.45 rows=1 width=121)
	  Index Cond: (id = 3398684)

table 6 : explain SELECT c FROM sbtest6 WHERE id=9239997
	Index Scan using sbtest6_pkey on sbtest6  (cost=0.43..8.45 rows=1 width=121)
	  Index Cond: (id = 9239997)

table 7 : explain SELECT c FROM sbtest7 WHERE id=8011084
	Index Scan using sbtest7_pkey on sbtest7  (cost=0.43..8.45 rows=1 width=121)
	  Index Cond: (id = 8011084)

table 8 : explain SELECT c FROM sbtest8 WHERE id=84184
	Index Scan using sbtest8_pkey on sbtest8  (cost=0.43..8.45 rows=1 width=121)
	  Index Cond: (id = 84184)

for: simple_ranges
table 1 : explain SELECT c FROM sbtest1 WHERE id BETWEEN 6063214 AND 6064213
	Bitmap Heap Scan on sbtest1  (cost=34.95..3977.96 rows=1026 width=121)
	  Recheck Cond: ((id >= 6063214) AND (id <= 6064213))
	  ->  Bitmap Index Scan on sbtest1_pkey  (cost=0.00..34.70 rows=1026 width=0)
	        Index Cond: ((id >= 6063214) AND (id <= 6064213))

table 2 : explain SELECT c FROM sbtest2 WHERE id BETWEEN 7495669 AND 7496668
	Bitmap Heap Scan on sbtest2  (cost=34.77..3904.08 rows=1008 width=121)
	  Recheck Cond: ((id >= 7495669) AND (id <= 7496668))
	  ->  Bitmap Index Scan on sbtest2_pkey  (cost=0.00..34.52 rows=1008 width=0)
	        Index Cond: ((id >= 7495669) AND (id <= 7496668))

table 3 : explain SELECT c FROM sbtest3 WHERE id BETWEEN 4962112 AND 4963111
	Bitmap Heap Scan on sbtest3  (cost=34.78..3907.52 rows=1009 width=121)
	  Recheck Cond: ((id >= 4962112) AND (id <= 4963111))
	  ->  Bitmap Index Scan on sbtest3_pkey  (cost=0.00..34.53 rows=1009 width=0)
	        Index Cond: ((id >= 4962112) AND (id <= 4963111))

table 4 : explain SELECT c FROM sbtest4 WHERE id BETWEEN 321456 AND 322455
	Bitmap Heap Scan on sbtest4  (cost=33.92..3591.96 rows=925 width=121)
	  Recheck Cond: ((id >= 321456) AND (id <= 322455))
	  ->  Bitmap Index Scan on sbtest4_pkey  (cost=0.00..33.69 rows=925 width=0)
	        Index Cond: ((id >= 321456) AND (id <= 322455))

table 5 : explain SELECT c FROM sbtest5 WHERE id BETWEEN 690412 AND 691411
	Bitmap Heap Scan on sbtest5  (cost=35.14..4042.17 rows=1044 width=121)
	  Recheck Cond: ((id >= 690412) AND (id <= 691411))
	  ->  Bitmap Index Scan on sbtest5_pkey  (cost=0.00..34.88 rows=1044 width=0)
	        Index Cond: ((id >= 690412) AND (id <= 691411))

table 6 : explain SELECT c FROM sbtest6 WHERE id BETWEEN 7764230 AND 7765229
	Bitmap Heap Scan on sbtest6  (cost=34.40..3769.49 rows=972 width=121)
	  Recheck Cond: ((id >= 7764230) AND (id <= 7765229))
	  ->  Bitmap Index Scan on sbtest6_pkey  (cost=0.00..34.16 rows=972 width=0)
	        Index Cond: ((id >= 7764230) AND (id <= 7765229))

table 7 : explain SELECT c FROM sbtest7 WHERE id BETWEEN 8240787 AND 8241786
	Bitmap Heap Scan on sbtest7  (cost=35.63..4222.31 rows=1092 width=121)
	  Recheck Cond: ((id >= 8240787) AND (id <= 8241786))
	  ->  Bitmap Index Scan on sbtest7_pkey  (cost=0.00..35.36 rows=1092 width=0)
	        Index Cond: ((id >= 8240787) AND (id <= 8241786))

table 8 : explain SELECT c FROM sbtest8 WHERE id BETWEEN 5499162 AND 5500161
	Bitmap Heap Scan on sbtest8  (cost=34.33..3744.42 rows=965 width=121)
	  Recheck Cond: ((id >= 5499162) AND (id <= 5500161))
	  ->  Bitmap Index Scan on sbtest8_pkey  (cost=0.00..34.09 rows=965 width=0)
	        Index Cond: ((id >= 5499162) AND (id <= 5500161))

for: distinct_ranges
table 1 : explain SELECT DISTINCT c FROM sbtest1 WHERE id BETWEEN 810383 AND 811382 ORDER BY c
	Unique  (cost=3941.15..3946.17 rows=1003 width=121)
	  ->  Sort  (cost=3941.15..3943.66 rows=1003 width=121)
	        Sort Key: c
	        ->  Bitmap Heap Scan on sbtest1  (cost=34.72..3891.15 rows=1003 width=121)
	              Recheck Cond: ((id >= 810383) AND (id <= 811382))
	              ->  Bitmap Index Scan on sbtest1_pkey  (cost=0.00..34.47 rows=1003 width=0)
	                    Index Cond: ((id >= 810383) AND (id <= 811382))

table 2 : explain SELECT DISTINCT c FROM sbtest2 WHERE id BETWEEN 949681 AND 950680 ORDER BY c
	Unique  (cost=3946.72..3951.75 rows=1006 width=121)
	  ->  Sort  (cost=3946.72..3949.24 rows=1006 width=121)
	        Sort Key: c
	        ->  Bitmap Heap Scan on sbtest2  (cost=34.75..3896.55 rows=1006 width=121)
	              Recheck Cond: ((id >= 949681) AND (id <= 950680))
	              ->  Bitmap Index Scan on sbtest2_pkey  (cost=0.00..34.50 rows=1006 width=0)
	                    Index Cond: ((id >= 949681) AND (id <= 950680))

table 3 : explain SELECT DISTINCT c FROM sbtest3 WHERE id BETWEEN 3785189 AND 3786188 ORDER BY c
	Unique  (cost=4118.32..4123.57 rows=1051 width=121)
	  ->  Sort  (cost=4118.32..4120.95 rows=1051 width=121)
	        Sort Key: c
	        ->  Bitmap Heap Scan on sbtest3  (cost=35.21..4065.57 rows=1051 width=121)
	              Recheck Cond: ((id >= 3785189) AND (id <= 3786188))
	              ->  Bitmap Index Scan on sbtest3_pkey  (cost=0.00..34.95 rows=1051 width=0)
	                    Index Cond: ((id >= 3785189) AND (id <= 3786188))

table 4 : explain SELECT DISTINCT c FROM sbtest4 WHERE id BETWEEN 3829054 AND 3830053 ORDER BY c
	Unique  (cost=3637.53..3642.16 rows=925 width=121)
	  ->  Sort  (cost=3637.53..3639.84 rows=925 width=121)
	        Sort Key: c
	        ->  Bitmap Heap Scan on sbtest4  (cost=33.92..3591.96 rows=925 width=121)
	              Recheck Cond: ((id >= 3829054) AND (id <= 3830053))
	              ->  Bitmap Index Scan on sbtest4_pkey  (cost=0.00..33.69 rows=925 width=0)
	                    Index Cond: ((id >= 3829054) AND (id <= 3830053))

table 5 : explain SELECT DISTINCT c FROM sbtest5 WHERE id BETWEEN 998121 AND 999120 ORDER BY c
	Unique  (cost=3642.42..3647.06 rows=927 width=121)
	  ->  Sort  (cost=3642.42..3644.74 rows=927 width=121)
	        Sort Key: c
	        ->  Bitmap Heap Scan on sbtest5  (cost=29.94..3596.74 rows=927 width=121)
	              Recheck Cond: ((id >= 998121) AND (id <= 999120))
	              ->  Bitmap Index Scan on sbtest5_pkey  (cost=0.00..29.70 rows=927 width=0)
	                    Index Cond: ((id >= 998121) AND (id <= 999120))

table 6 : explain SELECT DISTINCT c FROM sbtest6 WHERE id BETWEEN 9900461 AND 9901460 ORDER BY c
	Unique  (cost=4123.70..4128.96 rows=1052 width=121)
	  ->  Sort  (cost=4123.70..4126.33 rows=1052 width=121)
	        Sort Key: c
	        ->  Bitmap Heap Scan on sbtest6  (cost=35.22..4070.90 rows=1052 width=121)
	              Recheck Cond: ((id >= 9900461) AND (id <= 9901460))
	              ->  Bitmap Index Scan on sbtest6_pkey  (cost=0.00..34.95 rows=1052 width=0)
	                    Index Cond: ((id >= 9900461) AND (id <= 9901460))

table 7 : explain SELECT DISTINCT c FROM sbtest7 WHERE id BETWEEN 2222259 AND 2223258 ORDER BY c
	Unique  (cost=3853.05..3857.95 rows=981 width=121)
	  ->  Sort  (cost=3853.05..3855.50 rows=981 width=121)
	        Sort Key: c
	        ->  Bitmap Heap Scan on sbtest7  (cost=34.49..3804.30 rows=981 width=121)
	              Recheck Cond: ((id >= 2222259) AND (id <= 2223258))
	              ->  Bitmap Index Scan on sbtest7_pkey  (cost=0.00..34.25 rows=981 width=0)
	                    Index Cond: ((id >= 2222259) AND (id <= 2223258))

table 8 : explain SELECT DISTINCT c FROM sbtest8 WHERE id BETWEEN 7143008 AND 7144007 ORDER BY c
	Unique  (cost=3872.71..3877.64 rows=986 width=121)
	  ->  Sort  (cost=3872.71..3875.18 rows=986 width=121)
	        Sort Key: c
	        ->  Bitmap Heap Scan on sbtest8  (cost=34.54..3823.68 rows=986 width=121)
	              Recheck Cond: ((id >= 7143008) AND (id <= 7144007))
	              ->  Bitmap Index Scan on sbtest8_pkey  (cost=0.00..34.30 rows=986 width=0)
	                    Index Cond: ((id >= 7143008) AND (id <= 7144007))

for: simple_ranges
table 1 : explain SELECT c FROM sbtest1 WHERE id BETWEEN 8234983 AND 8235982
	Bitmap Heap Scan on sbtest1  (cost=35.18..4060.94 rows=1048 width=121)
	  Recheck Cond: ((id >= 8234983) AND (id <= 8235982))
	  ->  Bitmap Index Scan on sbtest1_pkey  (cost=0.00..34.92 rows=1048 width=0)
	        Index Cond: ((id >= 8234983) AND (id <= 8235982))

table 2 : explain SELECT c FROM sbtest2 WHERE id BETWEEN 6826987 AND 6827986
	Bitmap Heap Scan on sbtest2  (cost=34.13..3670.32 rows=946 width=121)
	  Recheck Cond: ((id >= 6826987) AND (id <= 6827986))
	  ->  Bitmap Index Scan on sbtest2_pkey  (cost=0.00..33.90 rows=946 width=0)
	        Index Cond: ((id >= 6826987) AND (id <= 6827986))

table 3 : explain SELECT c FROM sbtest3 WHERE id BETWEEN 5841180 AND 5842179
	Bitmap Heap Scan on sbtest3  (cost=29.92..3586.74 rows=925 width=121)
	  Recheck Cond: ((id >= 5841180) AND (id <= 5842179))
	  ->  Bitmap Index Scan on sbtest3_pkey  (cost=0.00..29.68 rows=925 width=0)
	        Index Cond: ((id >= 5841180) AND (id <= 5842179))

table 4 : explain SELECT c FROM sbtest4 WHERE id BETWEEN 710967 AND 711966
	Bitmap Heap Scan on sbtest4  (cost=34.44..3784.51 rows=976 width=121)
	  Recheck Cond: ((id >= 710967) AND (id <= 711966))
	  ->  Bitmap Index Scan on sbtest4_pkey  (cost=0.00..34.20 rows=976 width=0)
	        Index Cond: ((id >= 710967) AND (id <= 711966))

table 5 : explain SELECT c FROM sbtest5 WHERE id BETWEEN 1277564 AND 1278563
	Bitmap Heap Scan on sbtest5  (cost=29.91..3585.39 rows=924 width=121)
	  Recheck Cond: ((id >= 1277564) AND (id <= 1278563))
	  ->  Bitmap Index Scan on sbtest5_pkey  (cost=0.00..29.68 rows=924 width=0)
	        Index Cond: ((id >= 1277564) AND (id <= 1278563))

table 6 : explain SELECT c FROM sbtest6 WHERE id BETWEEN 9773259 AND 9774258
	Bitmap Heap Scan on sbtest6  (cost=35.33..4112.28 rows=1063 width=121)
	  Recheck Cond: ((id >= 9773259) AND (id <= 9774258))
	  ->  Bitmap Index Scan on sbtest6_pkey  (cost=0.00..35.07 rows=1063 width=0)
	        Index Cond: ((id >= 9773259) AND (id <= 9774258))

table 7 : explain SELECT c FROM sbtest7 WHERE id BETWEEN 5931068 AND 5932067
	Bitmap Heap Scan on sbtest7  (cost=35.27..4090.67 rows=1057 width=121)
	  Recheck Cond: ((id >= 5931068) AND (id <= 5932067))
	  ->  Bitmap Index Scan on sbtest7_pkey  (cost=0.00..35.01 rows=1057 width=0)
	        Index Cond: ((id >= 5931068) AND (id <= 5932067))

table 8 : explain SELECT c FROM sbtest8 WHERE id BETWEEN 8999301 AND 9000300
	Bitmap Heap Scan on sbtest8  (cost=29.91..3585.51 rows=924 width=121)
	  Recheck Cond: ((id >= 8999301) AND (id <= 9000300))
	  ->  Bitmap Index Scan on sbtest8_pkey  (cost=0.00..29.68 rows=924 width=0)
	        Index Cond: ((id >= 8999301) AND (id <= 9000300))

explain: for point_selects :: explain SELECT c FROM sbtest%u WHERE id=%u
for: sum_ranges
table 1 : explain SELECT SUM(k) FROM sbtest1 WHERE id BETWEEN 7375389 AND 7376388
	Aggregate  (cost=3946.55..3946.56 rows=1 width=8)
	  ->  Bitmap Heap Scan on sbtest1  (cost=34.86..3944.00 rows=1017 width=4)
	        Recheck Cond: ((id >= 7375389) AND (id <= 7376388))
	        ->  Bitmap Index Scan on sbtest1_pkey  (cost=0.00..34.61 rows=1017 width=0)
	              Index Cond: ((id >= 7375389) AND (id <= 7376388))

table 2 : explain SELECT SUM(k) FROM sbtest2 WHERE id BETWEEN 2061021 AND 2062020
	Aggregate  (cost=3687.79..3687.80 rows=1 width=8)
	  ->  Bitmap Heap Scan on sbtest2  (cost=34.17..3685.42 rows=950 width=4)
	        Recheck Cond: ((id >= 2061021) AND (id <= 2062020))
	        ->  Bitmap Index Scan on sbtest2_pkey  (cost=0.00..33.94 rows=950 width=0)
	              Index Cond: ((id >= 2061021) AND (id <= 2062020))

table 3 : explain SELECT SUM(k) FROM sbtest3 WHERE id BETWEEN 2289061 AND 2290060
	Aggregate  (cost=3683.72..3683.73 rows=1 width=8)
	  ->  Bitmap Heap Scan on sbtest3  (cost=34.16..3681.34 rows=949 width=4)
	        Recheck Cond: ((id >= 2289061) AND (id <= 2290060))
	        ->  Bitmap Index Scan on sbtest3_pkey  (cost=0.00..33.93 rows=949 width=0)
	              Index Cond: ((id >= 2289061) AND (id <= 2290060))

table 4 : explain SELECT SUM(k) FROM sbtest4 WHERE id BETWEEN 2766267 AND 2767266
	Aggregate  (cost=4077.21..4077.22 rows=1 width=8)
	  ->  Bitmap Heap Scan on sbtest4  (cost=35.23..4074.57 rows=1053 width=4)
	        Recheck Cond: ((id >= 2766267) AND (id <= 2767266))
	        ->  Bitmap Index Scan on sbtest4_pkey  (cost=0.00..34.97 rows=1053 width=0)
	              Index Cond: ((id >= 2766267) AND (id <= 2767266))

table 5 : explain SELECT SUM(k) FROM sbtest5 WHERE id BETWEEN 7230320 AND 7231319
	Aggregate  (cost=3882.64..3882.65 rows=1 width=8)
	  ->  Bitmap Heap Scan on sbtest5  (cost=34.70..3880.13 rows=1001 width=4)
	        Recheck Cond: ((id >= 7230320) AND (id <= 7231319))
	        ->  Bitmap Index Scan on sbtest5_pkey  (cost=0.00..34.45 rows=1001 width=0)
	              Index Cond: ((id >= 7230320) AND (id <= 7231319))

table 6 : explain SELECT SUM(k) FROM sbtest6 WHERE id BETWEEN 7586667 AND 7587666
	Aggregate  (cost=4088.59..4088.60 rows=1 width=8)
	  ->  Bitmap Heap Scan on sbtest6  (cost=35.26..4085.95 rows=1056 width=4)
	        Recheck Cond: ((id >= 7586667) AND (id <= 7587666))
	        ->  Bitmap Index Scan on sbtest6_pkey  (cost=0.00..35.00 rows=1056 width=0)
	              Index Cond: ((id >= 7586667) AND (id <= 7587666))

table 7 : explain SELECT SUM(k) FROM sbtest7 WHERE id BETWEEN 4643103 AND 4644102
	Aggregate  (cost=3632.73..3632.74 rows=1 width=8)
	  ->  Bitmap Heap Scan on sbtest7  (cost=30.03..3630.39 rows=936 width=4)
	        Recheck Cond: ((id >= 4643103) AND (id <= 4644102))
	        ->  Bitmap Index Scan on sbtest7_pkey  (cost=0.00..29.79 rows=936 width=0)
	              Index Cond: ((id >= 4643103) AND (id <= 4644102))

table 8 : explain SELECT SUM(k) FROM sbtest8 WHERE id BETWEEN 5946539 AND 5947538
	Aggregate  (cost=3421.21..3421.22 rows=1 width=8)
	  ->  Bitmap Heap Scan on sbtest8  (cost=29.45..3419.01 rows=880 width=4)
	        Recheck Cond: ((id >= 5946539) AND (id <= 5947538))
	        ->  Bitmap Index Scan on sbtest8_pkey  (cost=0.00..29.23 rows=880 width=0)
	              Index Cond: ((id >= 5946539) AND (id <= 5947538))

for: simple_ranges
table 1 : explain SELECT c FROM sbtest1 WHERE id BETWEEN 5095479 AND 5096478
	Bitmap Heap Scan on sbtest1  (cost=35.57..4204.12 rows=1086 width=121)
	  Recheck Cond: ((id >= 5095479) AND (id <= 5096478))
	  ->  Bitmap Index Scan on sbtest1_pkey  (cost=0.00..35.30 rows=1086 width=0)
	        Index Cond: ((id >= 5095479) AND (id <= 5096478))

table 2 : explain SELECT c FROM sbtest2 WHERE id BETWEEN 5298284 AND 5299283
	Bitmap Heap Scan on sbtest2  (cost=35.37..4126.08 rows=1067 width=121)
	  Recheck Cond: ((id >= 5298284) AND (id <= 5299283))
	  ->  Bitmap Index Scan on sbtest2_pkey  (cost=0.00..35.11 rows=1067 width=0)
	        Index Cond: ((id >= 5298284) AND (id <= 5299283))

table 3 : explain SELECT c FROM sbtest3 WHERE id BETWEEN 5356303 AND 5357302
	Bitmap Heap Scan on sbtest3  (cost=30.03..3628.28 rows=936 width=121)
	  Recheck Cond: ((id >= 5356303) AND (id <= 5357302))
	  ->  Bitmap Index Scan on sbtest3_pkey  (cost=0.00..29.79 rows=936 width=0)
	        Index Cond: ((id >= 5356303) AND (id <= 5357302))

table 4 : explain SELECT c FROM sbtest4 WHERE id BETWEEN 2093450 AND 2094449
	Bitmap Heap Scan on sbtest4  (cost=34.11..3663.73 rows=944 width=121)
	  Recheck Cond: ((id >= 2093450) AND (id <= 2094449))
	  ->  Bitmap Index Scan on sbtest4_pkey  (cost=0.00..33.88 rows=944 width=0)
	        Index Cond: ((id >= 2093450) AND (id <= 2094449))

table 5 : explain SELECT c FROM sbtest5 WHERE id BETWEEN 909762 AND 910761
	Bitmap Heap Scan on sbtest5  (cost=29.94..3596.74 rows=927 width=121)
	  Recheck Cond: ((id >= 909762) AND (id <= 910761))
	  ->  Bitmap Index Scan on sbtest5_pkey  (cost=0.00..29.70 rows=927 width=0)
	        Index Cond: ((id >= 909762) AND (id <= 910761))

table 6 : explain SELECT c FROM sbtest6 WHERE id BETWEEN 1641298 AND 1642297
	Bitmap Heap Scan on sbtest6  (cost=34.14..3675.13 rows=947 width=121)
	  Recheck Cond: ((id >= 1641298) AND (id <= 1642297))
	  ->  Bitmap Index Scan on sbtest6_pkey  (cost=0.00..33.91 rows=947 width=0)
	        Index Cond: ((id >= 1641298) AND (id <= 1642297))

table 7 : explain SELECT c FROM sbtest7 WHERE id BETWEEN 353995 AND 354994
	Bitmap Heap Scan on sbtest7  (cost=34.60..3845.79 rows=992 width=121)
	  Recheck Cond: ((id >= 353995) AND (id <= 354994))
	  ->  Bitmap Index Scan on sbtest7_pkey  (cost=0.00..34.36 rows=992 width=0)
	        Index Cond: ((id >= 353995) AND (id <= 354994))

table 8 : explain SELECT c FROM sbtest8 WHERE id BETWEEN 366349 AND 367348
	Bitmap Heap Scan on sbtest8  (cost=34.24..3714.21 rows=957 width=121)
	  Recheck Cond: ((id >= 366349) AND (id <= 367348))
	  ->  Bitmap Index Scan on sbtest8_pkey  (cost=0.00..34.01 rows=957 width=0)
	        Index Cond: ((id >= 366349) AND (id <= 367348))

for point_selects
table 1 : explain SELECT c FROM sbtest1 WHERE id=7306923
	Index Scan using sbtest1_pkey on sbtest1  (cost=0.43..8.45 rows=1 width=121)
	  Index Cond: (id = 7306923)

table 2 : explain SELECT c FROM sbtest2 WHERE id=4241114
	Index Scan using sbtest2_pkey on sbtest2  (cost=0.43..8.45 rows=1 width=121)
	  Index Cond: (id = 4241114)

table 3 : explain SELECT c FROM sbtest3 WHERE id=6319925
	Index Scan using sbtest3_pkey on sbtest3  (cost=0.43..8.45 rows=1 width=121)
	  Index Cond: (id = 6319925)

table 4 : explain SELECT c FROM sbtest4 WHERE id=5482976
	Index Scan using sbtest4_pkey on sbtest4  (cost=0.43..8.45 rows=1 width=121)
	  Index Cond: (id = 5482976)

table 5 : explain SELECT c FROM sbtest5 WHERE id=5686145
	Index Scan using sbtest5_pkey on sbtest5  (cost=0.43..8.45 rows=1 width=121)
	  Index Cond: (id = 5686145)

table 6 : explain SELECT c FROM sbtest6 WHERE id=2336011
	Index Scan using sbtest6_pkey on sbtest6  (cost=0.43..8.45 rows=1 width=121)
	  Index Cond: (id = 2336011)

table 7 : explain SELECT c FROM sbtest7 WHERE id=4505567
	Index Scan using sbtest7_pkey on sbtest7  (cost=0.43..8.45 rows=1 width=121)
	  Index Cond: (id = 4505567)

table 8 : explain SELECT c FROM sbtest8 WHERE id=8886830
	Index Scan using sbtest8_pkey on sbtest8  (cost=0.43..8.45 rows=1 width=121)
	  Index Cond: (id = 8886830)

for: sum_ranges
table 1 : explain SELECT SUM(k) FROM sbtest1 WHERE id BETWEEN 9299088 AND 9300087
	Aggregate  (cost=4172.92..4172.93 rows=1 width=8)
	  ->  Bitmap Heap Scan on sbtest1  (cost=35.47..4170.23 rows=1077 width=4)
	        Recheck Cond: ((id >= 9299088) AND (id <= 9300087))
	        ->  Bitmap Index Scan on sbtest1_pkey  (cost=0.00..35.20 rows=1077 width=0)
	              Index Cond: ((id >= 9299088) AND (id <= 9300087))

table 2 : explain SELECT SUM(k) FROM sbtest2 WHERE id BETWEEN 6839651 AND 6840650
	Aggregate  (cost=3672.68..3672.69 rows=1 width=8)
	  ->  Bitmap Heap Scan on sbtest2  (cost=34.13..3670.32 rows=946 width=4)
	        Recheck Cond: ((id >= 6839651) AND (id <= 6840650))
	        ->  Bitmap Index Scan on sbtest2_pkey  (cost=0.00..33.90 rows=946 width=0)
	              Index Cond: ((id >= 6839651) AND (id <= 6840650))

table 3 : explain SELECT SUM(k) FROM sbtest3 WHERE id BETWEEN 9893349 AND 9894348
	Aggregate  (cost=3713.92..3713.93 rows=1 width=8)
	  ->  Bitmap Heap Scan on sbtest3  (cost=34.24..3711.53 rows=957 width=4)
	        Recheck Cond: ((id >= 9893349) AND (id <= 9894348))
	        ->  Bitmap Index Scan on sbtest3_pkey  (cost=0.00..34.01 rows=957 width=0)
	              Index Cond: ((id >= 9893349) AND (id <= 9894348))

table 4 : explain SELECT SUM(k) FROM sbtest4 WHERE id BETWEEN 1729455 AND 1730454
	Aggregate  (cost=4122.38..4122.39 rows=1 width=8)
	  ->  Bitmap Heap Scan on sbtest4  (cost=35.35..4119.71 rows=1065 width=4)
	        Recheck Cond: ((id >= 1729455) AND (id <= 1730454))
	        ->  Bitmap Index Scan on sbtest4_pkey  (cost=0.00..35.09 rows=1065 width=0)
	              Index Cond: ((id >= 1729455) AND (id <= 1730454))

table 5 : explain SELECT SUM(k) FROM sbtest5 WHERE id BETWEEN 5725193 AND 5726192
	Aggregate  (cost=3617.97..3617.98 rows=1 width=8)
	  ->  Bitmap Heap Scan on sbtest5  (cost=29.99..3615.64 rows=932 width=4)
	        Recheck Cond: ((id >= 5725193) AND (id <= 5726192))
	        ->  Bitmap Index Scan on sbtest5_pkey  (cost=0.00..29.75 rows=932 width=0)
	              Index Cond: ((id >= 5725193) AND (id <= 5726192))

table 6 : explain SELECT SUM(k) FROM sbtest6 WHERE id BETWEEN 5141519 AND 5142518
	Aggregate  (cost=3798.34..3798.35 rows=1 width=8)
	  ->  Bitmap Heap Scan on sbtest6  (cost=34.47..3795.90 rows=979 width=4)
	        Recheck Cond: ((id >= 5141519) AND (id <= 5142518))
	        ->  Bitmap Index Scan on sbtest6_pkey  (cost=0.00..34.23 rows=979 width=0)
	              Index Cond: ((id >= 5141519) AND (id <= 5142518))

table 7 : explain SELECT SUM(k) FROM sbtest7 WHERE id BETWEEN 9388257 AND 9389256
	Aggregate  (cost=3613.82..3613.83 rows=1 width=8)
	  ->  Bitmap Heap Scan on sbtest7  (cost=29.98..3611.49 rows=931 width=4)
	        Recheck Cond: ((id >= 9388257) AND (id <= 9389256))
	        ->  Bitmap Index Scan on sbtest7_pkey  (cost=0.00..29.75 rows=931 width=0)
	              Index Cond: ((id >= 9388257) AND (id <= 9389256))

table 8 : explain SELECT SUM(k) FROM sbtest8 WHERE id BETWEEN 8289015 AND 8290014
	Aggregate  (cost=3780.83..3780.84 rows=1 width=8)
	  ->  Bitmap Heap Scan on sbtest8  (cost=34.42..3778.39 rows=974 width=4)
	        Recheck Cond: ((id >= 8289015) AND (id <= 8290014))
	        ->  Bitmap Index Scan on sbtest8_pkey  (cost=0.00..34.18 rows=974 width=0)
	              Index Cond: ((id >= 8289015) AND (id <= 8290014))

for: order_ranges
table 1 : explain SELECT c FROM sbtest1 WHERE id BETWEEN 4701763 AND 4702762 ORDER BY c
	Sort  (cost=3933.49..3935.99 rows=1001 width=121)
	  Sort Key: c
	  ->  Bitmap Heap Scan on sbtest1  (cost=34.70..3883.60 rows=1001 width=121)
	        Recheck Cond: ((id >= 4701763) AND (id <= 4702762))
	        ->  Bitmap Index Scan on sbtest1_pkey  (cost=0.00..34.45 rows=1001 width=0)
	              Index Cond: ((id >= 4701763) AND (id <= 4702762))

table 2 : explain SELECT c FROM sbtest2 WHERE id BETWEEN 6291096 AND 6292095 ORDER BY c
	Sort  (cost=3770.70..3773.10 rows=960 width=121)
	  Sort Key: c
	  ->  Bitmap Heap Scan on sbtest2  (cost=34.28..3723.15 rows=960 width=121)
	        Recheck Cond: ((id >= 6291096) AND (id <= 6292095))
	        ->  Bitmap Index Scan on sbtest2_pkey  (cost=0.00..34.04 rows=960 width=0)
	              Index Cond: ((id >= 6291096) AND (id <= 6292095))

table 3 : explain SELECT c FROM sbtest3 WHERE id BETWEEN 5930129 AND 5931128 ORDER BY c
	Sort  (cost=4122.14..4124.77 rows=1052 width=121)
	  Sort Key: c
	  ->  Bitmap Heap Scan on sbtest3  (cost=35.22..4069.33 rows=1052 width=121)
	        Recheck Cond: ((id >= 5930129) AND (id <= 5931128))
	        ->  Bitmap Index Scan on sbtest3_pkey  (cost=0.00..34.95 rows=1052 width=0)
	              Index Cond: ((id >= 5930129) AND (id <= 5931128))

table 4 : explain SELECT c FROM sbtest4 WHERE id BETWEEN 9472609 AND 9473608 ORDER BY c
	Sort  (cost=3568.31..3570.58 rows=908 width=121)
	  Sort Key: c
	  ->  Bitmap Heap Scan on sbtest4  (cost=29.74..3523.70 rows=908 width=121)
	        Recheck Cond: ((id >= 9472609) AND (id <= 9473608))
	        ->  Bitmap Index Scan on sbtest4_pkey  (cost=0.00..29.51 rows=908 width=0)
	              Index Cond: ((id >= 9472609) AND (id <= 9473608))

table 5 : explain SELECT c FROM sbtest5 WHERE id BETWEEN 5327753 AND 5328752 ORDER BY c
	Sort  (cost=3876.42..3878.89 rows=987 width=121)
	  Sort Key: c
	  ->  Bitmap Heap Scan on sbtest5  (cost=34.55..3827.33 rows=987 width=121)
	        Recheck Cond: ((id >= 5327753) AND (id <= 5328752))
	        ->  Bitmap Index Scan on sbtest5_pkey  (cost=0.00..34.31 rows=987 width=0)
	              Index Cond: ((id >= 5327753) AND (id <= 5328752))

table 6 : explain SELECT c FROM sbtest6 WHERE id BETWEEN 7997662 AND 7998661 ORDER BY c
	Sort  (cost=3752.61..3754.99 rows=955 width=121)
	  Sort Key: c
	  ->  Bitmap Heap Scan on sbtest6  (cost=34.22..3705.34 rows=955 width=121)
	        Recheck Cond: ((id >= 7997662) AND (id <= 7998661))
	        ->  Bitmap Index Scan on sbtest6_pkey  (cost=0.00..33.98 rows=955 width=0)
	              Index Cond: ((id >= 7997662) AND (id <= 7998661))

table 7 : explain SELECT c FROM sbtest7 WHERE id BETWEEN 6041679 AND 6042678 ORDER BY c
	Sort  (cost=3849.22..3851.67 rows=980 width=121)
	  Sort Key: c
	  ->  Bitmap Heap Scan on sbtest7  (cost=34.48..3800.53 rows=980 width=121)
	        Recheck Cond: ((id >= 6041679) AND (id <= 6042678))
	        ->  Bitmap Index Scan on sbtest7_pkey  (cost=0.00..34.23 rows=980 width=0)
	              Index Cond: ((id >= 6041679) AND (id <= 6042678))

table 8 : explain SELECT c FROM sbtest8 WHERE id BETWEEN 6987520 AND 6988519 ORDER BY c
	Sort  (cost=3922.49..3924.99 rows=999 width=121)
	  Sort Key: c
	  ->  Bitmap Heap Scan on sbtest8  (cost=34.67..3872.72 rows=999 width=121)
	        Recheck Cond: ((id >= 6987520) AND (id <= 6988519))
	        ->  Bitmap Index Scan on sbtest8_pkey  (cost=0.00..34.43 rows=999 width=0)
	              Index Cond: ((id >= 6987520) AND (id <= 6988519))

for: simple_ranges
table 1 : explain SELECT c FROM sbtest1 WHERE id BETWEEN 3591557 AND 3592556
	Bitmap Heap Scan on sbtest1  (cost=34.36..3758.92 rows=968 width=121)
	  Recheck Cond: ((id >= 3591557) AND (id <= 3592556))
	  ->  Bitmap Index Scan on sbtest1_pkey  (cost=0.00..34.12 rows=968 width=0)
	        Index Cond: ((id >= 3591557) AND (id <= 3592556))

table 2 : explain SELECT c FROM sbtest2 WHERE id BETWEEN 423760 AND 424759
	Bitmap Heap Scan on sbtest2  (cost=35.04..4005.73 rows=1035 width=121)
	  Recheck Cond: ((id >= 423760) AND (id <= 424759))
	  ->  Bitmap Index Scan on sbtest2_pkey  (cost=0.00..34.79 rows=1035 width=0)
	        Index Cond: ((id >= 423760) AND (id <= 424759))

table 3 : explain SELECT c FROM sbtest3 WHERE id BETWEEN 7063297 AND 7064296
	Bitmap Heap Scan on sbtest3  (cost=34.49..3802.03 rows=981 width=121)
	  Recheck Cond: ((id >= 7063297) AND (id <= 7064296))
	  ->  Bitmap Index Scan on sbtest3_pkey  (cost=0.00..34.25 rows=981 width=0)
	        Index Cond: ((id >= 7063297) AND (id <= 7064296))

table 4 : explain SELECT c FROM sbtest4 WHERE id BETWEEN 9505124 AND 9506123
	Bitmap Heap Scan on sbtest4  (cost=29.74..3523.70 rows=908 width=121)
	  Recheck Cond: ((id >= 9505124) AND (id <= 9506123))
	  ->  Bitmap Index Scan on sbtest4_pkey  (cost=0.00..29.51 rows=908 width=0)
	        Index Cond: ((id >= 9505124) AND (id <= 9506123))

table 5 : explain SELECT c FROM sbtest5 WHERE id BETWEEN 5049847 AND 5050846
	Bitmap Heap Scan on sbtest5  (cost=34.88..3947.99 rows=1019 width=121)
	  Recheck Cond: ((id >= 5049847) AND (id <= 5050846))
	  ->  Bitmap Index Scan on sbtest5_pkey  (cost=0.00..34.62 rows=1019 width=0)
	        Index Cond: ((id >= 5049847) AND (id <= 5050846))

table 6 : explain SELECT c FROM sbtest6 WHERE id BETWEEN 3120830 AND 3121829
	Bitmap Heap Scan on sbtest6  (cost=35.55..4191.23 rows=1084 width=121)
	  Recheck Cond: ((id >= 3120830) AND (id <= 3121829))
	  ->  Bitmap Index Scan on sbtest6_pkey  (cost=0.00..35.28 rows=1084 width=0)
	        Index Cond: ((id >= 3120830) AND (id <= 3121829))

table 7 : explain SELECT c FROM sbtest7 WHERE id BETWEEN 8781473 AND 8782472
	Bitmap Heap Scan on sbtest7  (cost=34.80..3917.43 rows=1011 width=121)
	  Recheck Cond: ((id >= 8781473) AND (id <= 8782472))
	  ->  Bitmap Index Scan on sbtest7_pkey  (cost=0.00..34.55 rows=1011 width=0)
	        Index Cond: ((id >= 8781473) AND (id <= 8782472))

table 8 : explain SELECT c FROM sbtest8 WHERE id BETWEEN 519937 AND 520936
	Bitmap Heap Scan on sbtest8  (cost=29.69..3506.07 rows=903 width=121)
	  Recheck Cond: ((id >= 519937) AND (id <= 520936))
	  ->  Bitmap Index Scan on sbtest8_pkey  (cost=0.00..29.46 rows=903 width=0)
	        Index Cond: ((id >= 519937) AND (id <= 520936))

for: distinct_ranges
table 1 : explain SELECT DISTINCT c FROM sbtest1 WHERE id BETWEEN 3095671 AND 3096670 ORDER BY c
	Unique  (cost=3534.04..3538.53 rows=898 width=121)
	  ->  Sort  (cost=3534.04..3536.29 rows=898 width=121)
	        Sort Key: c
	        ->  Bitmap Heap Scan on sbtest1  (cost=29.64..3489.99 rows=898 width=121)
	              Recheck Cond: ((id >= 3095671) AND (id <= 3096670))
	              ->  Bitmap Index Scan on sbtest1_pkey  (cost=0.00..29.41 rows=898 width=0)
	                    Index Cond: ((id >= 3095671) AND (id <= 3096670))

table 2 : explain SELECT DISTINCT c FROM sbtest2 WHERE id BETWEEN 9694054 AND 9695053 ORDER BY c
	Unique  (cost=3789.85..3794.67 rows=965 width=121)
	  ->  Sort  (cost=3789.85..3792.26 rows=965 width=121)
	        Sort Key: c
	        ->  Bitmap Heap Scan on sbtest2  (cost=34.33..3742.01 rows=965 width=121)
	              Recheck Cond: ((id >= 9694054) AND (id <= 9695053))
	              ->  Bitmap Index Scan on sbtest2_pkey  (cost=0.00..34.09 rows=965 width=0)
	                    Index Cond: ((id >= 9694054) AND (id <= 9695053))

table 3 : explain SELECT DISTINCT c FROM sbtest3 WHERE id BETWEEN 419355 AND 420354 ORDER BY c
	Unique  (cost=3823.99..3828.86 rows=974 width=121)
	  ->  Sort  (cost=3823.99..3826.43 rows=974 width=121)
	        Sort Key: c
	        ->  Bitmap Heap Scan on sbtest3  (cost=34.42..3775.64 rows=974 width=121)
	              Recheck Cond: ((id >= 419355) AND (id <= 420354))
	              ->  Bitmap Index Scan on sbtest3_pkey  (cost=0.00..34.18 rows=974 width=0)
	                    Index Cond: ((id >= 419355) AND (id <= 420354))

table 4 : explain SELECT DISTINCT c FROM sbtest4 WHERE id BETWEEN 9491946 AND 9492945 ORDER BY c
	Unique  (cost=3568.31..3572.85 rows=908 width=121)
	  ->  Sort  (cost=3568.31..3570.58 rows=908 width=121)
	        Sort Key: c
	        ->  Bitmap Heap Scan on sbtest4  (cost=29.74..3523.70 rows=908 width=121)
	              Recheck Cond: ((id >= 9491946) AND (id <= 9492945))
	              ->  Bitmap Index Scan on sbtest4_pkey  (cost=0.00..29.51 rows=908 width=0)
	                    Index Cond: ((id >= 9491946) AND (id <= 9492945))

table 5 : explain SELECT DISTINCT c FROM sbtest5 WHERE id BETWEEN 5231296 AND 5232295 ORDER BY c
	Unique  (cost=3933.85..3938.86 rows=1002 width=121)
	  ->  Sort  (cost=3933.85..3936.35 rows=1002 width=121)
	        Sort Key: c
	        ->  Bitmap Heap Scan on sbtest5  (cost=34.71..3883.91 rows=1002 width=121)
	              Recheck Cond: ((id >= 5231296) AND (id <= 5232295))
	              ->  Bitmap Index Scan on sbtest5_pkey  (cost=0.00..34.45 rows=1002 width=0)
	                    Index Cond: ((id >= 5231296) AND (id <= 5232295))

table 6 : explain SELECT DISTINCT c FROM sbtest6 WHERE id BETWEEN 1514838 AND 1515837 ORDER BY c
	Unique  (cost=3993.76..3998.85 rows=1018 width=121)
	  ->  Sort  (cost=3993.76..3996.30 rows=1018 width=121)
	        Sort Key: c
	        ->  Bitmap Heap Scan on sbtest6  (cost=34.87..3942.90 rows=1018 width=121)
	              Recheck Cond: ((id >= 1514838) AND (id <= 1515837))
	              ->  Bitmap Index Scan on sbtest6_pkey  (cost=0.00..34.62 rows=1018 width=0)
	                    Index Cond: ((id >= 1514838) AND (id <= 1515837))

table 7 : explain SELECT DISTINCT c FROM sbtest7 WHERE id BETWEEN 8523932 AND 8524931 ORDER BY c
	Unique  (cost=3703.59..3708.30 rows=942 width=121)
	  ->  Sort  (cost=3703.59..3705.95 rows=942 width=121)
	        Sort Key: c
	        ->  Bitmap Heap Scan on sbtest7  (cost=34.09..3657.06 rows=942 width=121)
	              Recheck Cond: ((id >= 8523932) AND (id <= 8524931))
	              ->  Bitmap Index Scan on sbtest7_pkey  (cost=0.00..33.86 rows=942 width=0)
	                    Index Cond: ((id >= 8523932) AND (id <= 8524931))

table 8 : explain SELECT DISTINCT c FROM sbtest8 WHERE id BETWEEN 8781347 AND 8782346 ORDER BY c
	Unique  (cost=3727.09..3731.83 rows=948 width=121)
	  ->  Sort  (cost=3727.09..3729.46 rows=948 width=121)
	        Sort Key: c
	        ->  Bitmap Heap Scan on sbtest8  (cost=34.15..3680.21 rows=948 width=121)
	              Recheck Cond: ((id >= 8781347) AND (id <= 8782346))
	              ->  Bitmap Index Scan on sbtest8_pkey  (cost=0.00..33.92 rows=948 width=0)
	                    Index Cond: ((id >= 8781347) AND (id <= 8782346))

for: sum_ranges
table 1 : explain SELECT SUM(k) FROM sbtest1 WHERE id BETWEEN 3744035 AND 3745034
	Aggregate  (cost=3503.61..3503.62 rows=1 width=8)
	  ->  Bitmap Heap Scan on sbtest1  (cost=29.67..3501.36 rows=901 width=4)
	        Recheck Cond: ((id >= 3744035) AND (id <= 3745034))
	        ->  Bitmap Index Scan on sbtest1_pkey  (cost=0.00..29.44 rows=901 width=0)
	              Index Cond: ((id >= 3744035) AND (id <= 3745034))

table 2 : explain SELECT SUM(k) FROM sbtest2 WHERE id BETWEEN 6611274 AND 6612273
	Aggregate  (cost=3543.97..3543.98 rows=1 width=8)
	  ->  Bitmap Heap Scan on sbtest2  (cost=29.79..3541.69 rows=913 width=4)
	        Recheck Cond: ((id >= 6611274) AND (id <= 6612273))
	        ->  Bitmap Index Scan on sbtest2_pkey  (cost=0.00..29.57 rows=913 width=0)
	              Index Cond: ((id >= 6611274) AND (id <= 6612273))

table 3 : explain SELECT SUM(k) FROM sbtest3 WHERE id BETWEEN 3779628 AND 3780627
	Aggregate  (cost=4068.20..4068.21 rows=1 width=8)
	  ->  Bitmap Heap Scan on sbtest3  (cost=35.21..4065.57 rows=1051 width=4)
	        Recheck Cond: ((id >= 3779628) AND (id <= 3780627))
	        ->  Bitmap Index Scan on sbtest3_pkey  (cost=0.00..34.95 rows=1051 width=0)
	              Index Cond: ((id >= 3779628) AND (id <= 3780627))

table 4 : explain SELECT SUM(k) FROM sbtest4 WHERE id BETWEEN 4492126 AND 4493125
	Aggregate  (cost=4092.27..4092.28 rows=1 width=8)
	  ->  Bitmap Heap Scan on sbtest4  (cost=35.27..4089.62 rows=1057 width=4)
	        Recheck Cond: ((id >= 4492126) AND (id <= 4493125))
	        ->  Bitmap Index Scan on sbtest4_pkey  (cost=0.00..35.01 rows=1057 width=0)
	              Index Cond: ((id >= 4492126) AND (id <= 4493125))

table 5 : explain SELECT SUM(k) FROM sbtest5 WHERE id BETWEEN 8049461 AND 8050460
	Aggregate  (cost=3980.70..3980.71 rows=1 width=8)
	  ->  Bitmap Heap Scan on sbtest5  (cost=34.96..3978.14 rows=1027 width=4)
	        Recheck Cond: ((id >= 8049461) AND (id <= 8050460))
	        ->  Bitmap Index Scan on sbtest5_pkey  (cost=0.00..34.70 rows=1027 width=0)
	              Index Cond: ((id >= 8049461) AND (id <= 8050460))

table 6 : explain SELECT SUM(k) FROM sbtest6 WHERE id BETWEEN 7550338 AND 7551337
	Aggregate  (cost=3533.61..3533.62 rows=1 width=8)
	  ->  Bitmap Heap Scan on sbtest6  (cost=29.76..3531.33 rows=910 width=4)
	        Recheck Cond: ((id >= 7550338) AND (id <= 7551337))
	        ->  Bitmap Index Scan on sbtest6_pkey  (cost=0.00..29.54 rows=910 width=0)
	              Index Cond: ((id >= 7550338) AND (id <= 7551337))

table 7 : explain SELECT SUM(k) FROM sbtest7 WHERE id BETWEEN 2835966 AND 2836965
	Aggregate  (cost=3768.99..3769.00 rows=1 width=8)
	  ->  Bitmap Heap Scan on sbtest7  (cost=34.39..3766.56 rows=971 width=4)
	        Recheck Cond: ((id >= 2835966) AND (id <= 2836965))
	        ->  Bitmap Index Scan on sbtest7_pkey  (cost=0.00..34.15 rows=971 width=0)
	              Index Cond: ((id >= 2835966) AND (id <= 2836965))

table 8 : explain SELECT SUM(k) FROM sbtest8 WHERE id BETWEEN 1079456 AND 1080455
	Aggregate  (cost=3761.94..3761.95 rows=1 width=8)
	  ->  Bitmap Heap Scan on sbtest8  (cost=34.37..3759.52 rows=969 width=4)
	        Recheck Cond: ((id >= 1079456) AND (id <= 1080455))
	        ->  Bitmap Index Scan on sbtest8_pkey  (cost=0.00..34.12 rows=969 width=0)
	              Index Cond: ((id >= 1079456) AND (id <= 1080455))

for: sum_ranges
table 1 : explain SELECT SUM(k) FROM sbtest1 WHERE id BETWEEN 7714879 AND 7715878
	Aggregate  (cost=3886.10..3886.11 rows=1 width=8)
	  ->  Bitmap Heap Scan on sbtest1  (cost=34.70..3883.60 rows=1001 width=4)
	        Recheck Cond: ((id >= 7714879) AND (id <= 7715878))
	        ->  Bitmap Index Scan on sbtest1_pkey  (cost=0.00..34.45 rows=1001 width=0)
	              Index Cond: ((id >= 7714879) AND (id <= 7715878))

table 2 : explain SELECT SUM(k) FROM sbtest2 WHERE id BETWEEN 1086237 AND 1087236
	Aggregate  (cost=3827.43..3827.44 rows=1 width=8)
	  ->  Bitmap Heap Scan on sbtest2  (cost=34.55..3824.96 rows=987 width=4)
	        Recheck Cond: ((id >= 1086237) AND (id <= 1087236))
	        ->  Bitmap Index Scan on sbtest2_pkey  (cost=0.00..34.31 rows=987 width=0)
	              Index Cond: ((id >= 1086237) AND (id <= 1087236))

table 3 : explain SELECT SUM(k) FROM sbtest3 WHERE id BETWEEN 8366407 AND 8367406
	Aggregate  (cost=4117.11..4117.12 rows=1 width=8)
	  ->  Bitmap Heap Scan on sbtest3  (cost=35.34..4114.45 rows=1064 width=4)
	        Recheck Cond: ((id >= 8366407) AND (id <= 8367406))
	        ->  Bitmap Index Scan on sbtest3_pkey  (cost=0.00..35.08 rows=1064 width=0)
	              Index Cond: ((id >= 8366407) AND (id <= 8367406))

table 4 : explain SELECT SUM(k) FROM sbtest4 WHERE id BETWEEN 5969562 AND 5970561
	Aggregate  (cost=3620.74..3620.75 rows=1 width=8)
	  ->  Bitmap Heap Scan on sbtest4  (cost=33.99..3618.41 rows=932 width=4)
	        Recheck Cond: ((id >= 5969562) AND (id <= 5970561))
	        ->  Bitmap Index Scan on sbtest4_pkey  (cost=0.00..33.76 rows=932 width=0)
	              Index Cond: ((id >= 5969562) AND (id <= 5970561))

table 5 : explain SELECT SUM(k) FROM sbtest5 WHERE id BETWEEN 7650403 AND 7651402
	Aggregate  (cost=3739.16..3739.17 rows=1 width=8)
	  ->  Bitmap Heap Scan on sbtest5  (cost=34.31..3736.75 rows=963 width=4)
	        Recheck Cond: ((id >= 7650403) AND (id <= 7651402))
	        ->  Bitmap Index Scan on sbtest5_pkey  (cost=0.00..34.07 rows=963 width=0)
	              Index Cond: ((id >= 7650403) AND (id <= 7651402))

table 6 : explain SELECT SUM(k) FROM sbtest6 WHERE id BETWEEN 7804258 AND 7805257
	Aggregate  (cost=3756.82..3756.83 rows=1 width=8)
	  ->  Bitmap Heap Scan on sbtest6  (cost=34.36..3754.40 rows=968 width=4)
	        Recheck Cond: ((id >= 7804258) AND (id <= 7805257))
	        ->  Bitmap Index Scan on sbtest6_pkey  (cost=0.00..34.12 rows=968 width=0)
	              Index Cond: ((id >= 7804258) AND (id <= 7805257))

table 7 : explain SELECT SUM(k) FROM sbtest7 WHERE id BETWEEN 3845003 AND 3846002
	Aggregate  (cost=3765.21..3765.22 rows=1 width=8)
	  ->  Bitmap Heap Scan on sbtest7  (cost=34.38..3762.79 rows=970 width=4)
	        Recheck Cond: ((id >= 3845003) AND (id <= 3846002))
	        ->  Bitmap Index Scan on sbtest7_pkey  (cost=0.00..34.14 rows=970 width=0)
	              Index Cond: ((id >= 3845003) AND (id <= 3846002))

table 8 : explain SELECT SUM(k) FROM sbtest8 WHERE id BETWEEN 8958982 AND 8959981
	Aggregate  (cost=4033.60..4033.61 rows=1 width=8)
	  ->  Bitmap Heap Scan on sbtest8  (cost=35.11..4031.00 rows=1041 width=4)
	        Recheck Cond: ((id >= 8958982) AND (id <= 8959981))
	        ->  Bitmap Index Scan on sbtest8_pkey  (cost=0.00..34.84 rows=1041 width=0)
	              Index Cond: ((id >= 8958982) AND (id <= 8959981))

for: order_ranges
table 1 : explain SELECT c FROM sbtest1 WHERE id BETWEEN 336406 AND 337405 ORDER BY c
	Sort  (cost=3726.33..3728.69 rows=947 width=121)
	  Sort Key: c
	  ->  Bitmap Heap Scan on sbtest1  (cost=34.14..3679.51 rows=947 width=121)
	        Recheck Cond: ((id >= 336406) AND (id <= 337405))
	        ->  Bitmap Index Scan on sbtest1_pkey  (cost=0.00..33.91 rows=947 width=0)
	              Index Cond: ((id >= 336406) AND (id <= 337405))

table 2 : explain SELECT c FROM sbtest2 WHERE id BETWEEN 8999854 AND 9000853 ORDER BY c
	Sort  (cost=3847.26..3849.71 rows=980 width=121)
	  Sort Key: c
	  ->  Bitmap Heap Scan on sbtest2  (cost=34.48..3798.58 rows=980 width=121)
	        Recheck Cond: ((id >= 8999854) AND (id <= 9000853))
	        ->  Bitmap Index Scan on sbtest2_pkey  (cost=0.00..34.23 rows=980 width=0)
	              Index Cond: ((id >= 8999854) AND (id <= 9000853))

table 3 : explain SELECT c FROM sbtest3 WHERE id BETWEEN 997084 AND 998083 ORDER BY c
	Sort  (cost=3969.33..3971.86 rows=1012 width=121)
	  Sort Key: c
	  ->  Bitmap Heap Scan on sbtest3  (cost=34.81..3918.82 rows=1012 width=121)
	        Recheck Cond: ((id >= 997084) AND (id <= 998083))
	        ->  Bitmap Index Scan on sbtest3_pkey  (cost=0.00..34.56 rows=1012 width=0)
	              Index Cond: ((id >= 997084) AND (id <= 998083))

table 4 : explain SELECT c FROM sbtest4 WHERE id BETWEEN 2048969 AND 2049968 ORDER BY c
	Sort  (cost=3710.38..3712.74 rows=944 width=121)
	  Sort Key: c
	  ->  Bitmap Heap Scan on sbtest4  (cost=34.11..3663.73 rows=944 width=121)
	        Recheck Cond: ((id >= 2048969) AND (id <= 2049968))
	        ->  Bitmap Index Scan on sbtest4_pkey  (cost=0.00..33.88 rows=944 width=0)
	              Index Cond: ((id >= 2048969) AND (id <= 2049968))

table 5 : explain SELECT c FROM sbtest5 WHERE id BETWEEN 5202891 AND 5203890 ORDER BY c
	Sort  (cost=3933.85..3936.35 rows=1002 width=121)
	  Sort Key: c
	  ->  Bitmap Heap Scan on sbtest5  (cost=34.71..3883.91 rows=1002 width=121)
	        Recheck Cond: ((id >= 5202891) AND (id <= 5203890))
	        ->  Bitmap Index Scan on sbtest5_pkey  (cost=0.00..34.45 rows=1002 width=0)
	              Index Cond: ((id >= 5202891) AND (id <= 5203890))

table 6 : explain SELECT c FROM sbtest6 WHERE id BETWEEN 8326011 AND 8327010 ORDER BY c
	Sort  (cost=3974.63..3977.17 rows=1013 width=121)
	  Sort Key: c
	  ->  Bitmap Heap Scan on sbtest6  (cost=34.82..3924.06 rows=1013 width=121)
	        Recheck Cond: ((id >= 8326011) AND (id <= 8327010))
	        ->  Bitmap Index Scan on sbtest6_pkey  (cost=0.00..34.57 rows=1013 width=0)
	              Index Cond: ((id >= 8326011) AND (id <= 8327010))

table 7 : explain SELECT c FROM sbtest7 WHERE id BETWEEN 3431131 AND 3432130 ORDER BY c
	Sort  (cost=3776.43..3778.83 rows=961 width=121)
	  Sort Key: c
	  ->  Bitmap Heap Scan on sbtest7  (cost=34.29..3728.82 rows=961 width=121)
	        Recheck Cond: ((id >= 3431131) AND (id <= 3432130))
	        ->  Bitmap Index Scan on sbtest7_pkey  (cost=0.00..34.05 rows=961 width=0)
	              Index Cond: ((id >= 3431131) AND (id <= 3432130))

table 8 : explain SELECT c FROM sbtest8 WHERE id BETWEEN 5849813 AND 5850812 ORDER BY c
	Sort  (cost=4335.26..4338.03 rows=1107 width=121)
	  Sort Key: c
	  ->  Bitmap Heap Scan on sbtest8  (cost=35.78..4279.29 rows=1107 width=121)
	        Recheck Cond: ((id >= 5849813) AND (id <= 5850812))
	        ->  Bitmap Index Scan on sbtest8_pkey  (cost=0.00..35.51 rows=1107 width=0)
	              Index Cond: ((id >= 5849813) AND (id <= 5850812))

for: order_ranges
table 1 : explain SELECT c FROM sbtest1 WHERE id BETWEEN 3462331 AND 3463330 ORDER BY c
	Sort  (cost=4232.12..4234.82 rows=1079 width=121)
	  Sort Key: c
	  ->  Bitmap Heap Scan on sbtest1  (cost=35.49..4177.76 rows=1079 width=121)
	        Recheck Cond: ((id >= 3462331) AND (id <= 3463330))
	        ->  Bitmap Index Scan on sbtest1_pkey  (cost=0.00..35.23 rows=1079 width=0)
	              Index Cond: ((id >= 3462331) AND (id <= 3463330))

table 2 : explain SELECT c FROM sbtest2 WHERE id BETWEEN 2190537 AND 2191536 ORDER BY c
	Sort  (cost=4404.98..4407.80 rows=1126 width=121)
	  Sort Key: c
	  ->  Bitmap Heap Scan on sbtest2  (cost=39.98..4347.91 rows=1126 width=121)
	        Recheck Cond: ((id >= 2190537) AND (id <= 2191536))
	        ->  Bitmap Index Scan on sbtest2_pkey  (cost=0.00..39.70 rows=1126 width=0)
	              Index Cond: ((id >= 2190537) AND (id <= 2191536))

table 3 : explain SELECT c FROM sbtest3 WHERE id BETWEEN 5140936 AND 5141935 ORDER BY c
	Sort  (cost=3904.33..3906.82 rows=995 width=121)
	  Sort Key: c
	  ->  Bitmap Heap Scan on sbtest3  (cost=34.63..3854.79 rows=995 width=121)
	        Recheck Cond: ((id >= 5140936) AND (id <= 5141935))
	        ->  Bitmap Index Scan on sbtest3_pkey  (cost=0.00..34.39 rows=995 width=0)
	              Index Cond: ((id >= 5140936) AND (id <= 5141935))

table 4 : explain SELECT c FROM sbtest4 WHERE id BETWEEN 268716 AND 269715 ORDER BY c
	Sort  (cost=3917.17..3919.67 rows=998 width=121)
	  Sort Key: c
	  ->  Bitmap Heap Scan on sbtest4  (cost=34.66..3867.46 rows=998 width=121)
	        Recheck Cond: ((id >= 268716) AND (id <= 269715))
	        ->  Bitmap Index Scan on sbtest4_pkey  (cost=0.00..34.42 rows=998 width=0)
	              Index Cond: ((id >= 268716) AND (id <= 269715))

table 5 : explain SELECT c FROM sbtest5 WHERE id BETWEEN 6853711 AND 6854710 ORDER BY c
	Sort  (cost=3772.97..3775.37 rows=960 width=121)
	  Sort Key: c
	  ->  Bitmap Heap Scan on sbtest5  (cost=34.28..3725.42 rows=960 width=121)
	        Recheck Cond: ((id >= 6853711) AND (id <= 6854710))
	        ->  Bitmap Index Scan on sbtest5_pkey  (cost=0.00..34.04 rows=960 width=0)
	              Index Cond: ((id >= 6853711) AND (id <= 6854710))

table 6 : explain SELECT c FROM sbtest6 WHERE id BETWEEN 8003484 AND 8004483 ORDER BY c
	Sort  (cost=3752.61..3754.99 rows=955 width=121)
	  Sort Key: c
	  ->  Bitmap Heap Scan on sbtest6  (cost=34.22..3705.34 rows=955 width=121)
	        Recheck Cond: ((id >= 8003484) AND (id <= 8004483))
	        ->  Bitmap Index Scan on sbtest6_pkey  (cost=0.00..33.98 rows=955 width=0)
	              Index Cond: ((id >= 8003484) AND (id <= 8004483))

table 7 : explain SELECT c FROM sbtest7 WHERE id BETWEEN 450823 AND 451822 ORDER BY c
	Sort  (cost=4063.50..4066.09 rows=1036 width=121)
	  Sort Key: c
	  ->  Bitmap Heap Scan on sbtest7  (cost=35.05..4011.61 rows=1036 width=121)
	        Recheck Cond: ((id >= 450823) AND (id <= 451822))
	        ->  Bitmap Index Scan on sbtest7_pkey  (cost=0.00..34.80 rows=1036 width=0)
	              Index Cond: ((id >= 450823) AND (id <= 451822))

table 8 : explain SELECT c FROM sbtest8 WHERE id BETWEEN 8250155 AND 8251154 ORDER BY c
	Sort  (cost=3830.57..3833.01 rows=975 width=121)
	  Sort Key: c
	  ->  Bitmap Heap Scan on sbtest8  (cost=34.43..3782.17 rows=975 width=121)
	        Recheck Cond: ((id >= 8250155) AND (id <= 8251154))
	        ->  Bitmap Index Scan on sbtest8_pkey  (cost=0.00..34.19 rows=975 width=0)
	              Index Cond: ((id >= 8250155) AND (id <= 8251154))

for: distinct_ranges
table 1 : explain SELECT DISTINCT c FROM sbtest1 WHERE id BETWEEN 7832481 AND 7833480 ORDER BY c
	Unique  (cost=3891.32..3896.27 rows=990 width=121)
	  ->  Sort  (cost=3891.32..3893.79 rows=990 width=121)
	        Sort Key: c
	        ->  Bitmap Heap Scan on sbtest1  (cost=34.58..3842.06 rows=990 width=121)
	              Recheck Cond: ((id >= 7832481) AND (id <= 7833480))
	              ->  Bitmap Index Scan on sbtest1_pkey  (cost=0.00..34.34 rows=990 width=0)
	                    Index Cond: ((id >= 7832481) AND (id <= 7833480))

table 2 : explain SELECT DISTINCT c FROM sbtest2 WHERE id BETWEEN 9741817 AND 9742816 ORDER BY c
	Unique  (cost=3870.22..3875.15 rows=986 width=121)
	  ->  Sort  (cost=3870.22..3872.69 rows=986 width=121)
	        Sort Key: c
	        ->  Bitmap Heap Scan on sbtest2  (cost=34.54..3821.19 rows=986 width=121)
	              Recheck Cond: ((id >= 9741817) AND (id <= 9742816))
	              ->  Bitmap Index Scan on sbtest2_pkey  (cost=0.00..34.30 rows=986 width=0)
	                    Index Cond: ((id >= 9741817) AND (id <= 9742816))

table 3 : explain SELECT DISTINCT c FROM sbtest3 WHERE id BETWEEN 6527183 AND 6528182 ORDER BY c
	Unique  (cost=4129.77..4135.04 rows=1054 width=121)
	  ->  Sort  (cost=4129.77..4132.41 rows=1054 width=121)
	        Sort Key: c
	        ->  Bitmap Heap Scan on sbtest3  (cost=35.24..4076.85 rows=1054 width=121)
	              Recheck Cond: ((id >= 6527183) AND (id <= 6528182))
	              ->  Bitmap Index Scan on sbtest3_pkey  (cost=0.00..34.98 rows=1054 width=0)
	                    Index Cond: ((id >= 6527183) AND (id <= 6528182))

table 4 : explain SELECT DISTINCT c FROM sbtest4 WHERE id BETWEEN 3064874 AND 3065873 ORDER BY c
	Unique  (cost=3913.35..3918.33 rows=997 width=121)
	  ->  Sort  (cost=3913.35..3915.84 rows=997 width=121)
	        Sort Key: c
	        ->  Bitmap Heap Scan on sbtest4  (cost=34.65..3863.69 rows=997 width=121)
	              Recheck Cond: ((id >= 3064874) AND (id <= 3065873))
	              ->  Bitmap Index Scan on sbtest4_pkey  (cost=0.00..34.41 rows=997 width=0)
	                    Index Cond: ((id >= 3064874) AND (id <= 3065873))

table 5 : explain SELECT DISTINCT c FROM sbtest5 WHERE id BETWEEN 6049783 AND 6050782 ORDER BY c
	Unique  (cost=4140.38..4145.66 rows=1056 width=121)
	  ->  Sort  (cost=4140.38..4143.02 rows=1056 width=121)
	        Sort Key: c
	        ->  Bitmap Heap Scan on sbtest5  (cost=35.26..4087.34 rows=1056 width=121)
	              Recheck Cond: ((id >= 6049783) AND (id <= 6050782))
	              ->  Bitmap Index Scan on sbtest5_pkey  (cost=0.00..35.00 rows=1056 width=0)
	                    Index Cond: ((id >= 6049783) AND (id <= 6050782))

table 6 : explain SELECT DISTINCT c FROM sbtest6 WHERE id BETWEEN 3695195 AND 3696194 ORDER BY c
	Unique  (cost=3978.46..3983.53 rows=1014 width=121)
	  ->  Sort  (cost=3978.46..3980.99 rows=1014 width=121)
	        Sort Key: c
	        ->  Bitmap Heap Scan on sbtest6  (cost=34.83..3927.83 rows=1014 width=121)
	              Recheck Cond: ((id >= 3695195) AND (id <= 3696194))
	              ->  Bitmap Index Scan on sbtest6_pkey  (cost=0.00..34.58 rows=1014 width=0)
	                    Index Cond: ((id >= 3695195) AND (id <= 3696194))

table 7 : explain SELECT DISTINCT c FROM sbtest7 WHERE id BETWEEN 1605810 AND 1606809 ORDER BY c
	Unique  (cost=4025.26..4030.39 rows=1026 width=121)
	  ->  Sort  (cost=4025.26..4027.83 rows=1026 width=121)
	        Sort Key: c
	        ->  Bitmap Heap Scan on sbtest7  (cost=34.95..3973.95 rows=1026 width=121)
	              Recheck Cond: ((id >= 1605810) AND (id <= 1606809))
	              ->  Bitmap Index Scan on sbtest7_pkey  (cost=0.00..34.70 rows=1026 width=0)
	                    Index Cond: ((id >= 1605810) AND (id <= 1606809))

table 8 : explain SELECT DISTINCT c FROM sbtest8 WHERE id BETWEEN 8999401 AND 9000400 ORDER BY c
	Unique  (cost=3631.02..3635.64 rows=924 width=121)
	  ->  Sort  (cost=3631.02..3633.33 rows=924 width=121)
	        Sort Key: c
	        ->  Bitmap Heap Scan on sbtest8  (cost=29.91..3585.51 rows=924 width=121)
	              Recheck Cond: ((id >= 8999401) AND (id <= 9000400))
	              ->  Bitmap Index Scan on sbtest8_pkey  (cost=0.00..29.68 rows=924 width=0)
	                    Index Cond: ((id >= 8999401) AND (id <= 9000400))

for: order_ranges
table 1 : explain SELECT c FROM sbtest1 WHERE id BETWEEN 3916351 AND 3917350 ORDER BY c
	Sort  (cost=3803.09..3805.51 rows=967 width=121)
	  Sort Key: c
	  ->  Bitmap Heap Scan on sbtest1  (cost=34.35..3755.14 rows=967 width=121)
	        Recheck Cond: ((id >= 3916351) AND (id <= 3917350))
	        ->  Bitmap Index Scan on sbtest1_pkey  (cost=0.00..34.11 rows=967 width=0)
	              Index Cond: ((id >= 3916351) AND (id <= 3917350))

table 2 : explain SELECT c FROM sbtest2 WHERE id BETWEEN 5913919 AND 5914918 ORDER BY c
	Sort  (cost=4065.20..4067.79 rows=1037 width=121)
	  Sort Key: c
	  ->  Bitmap Heap Scan on sbtest2  (cost=35.06..4013.25 rows=1037 width=121)
	        Recheck Cond: ((id >= 5913919) AND (id <= 5914918))
	        ->  Bitmap Index Scan on sbtest2_pkey  (cost=0.00..34.81 rows=1037 width=0)
	              Index Cond: ((id >= 5913919) AND (id <= 5914918))

table 3 : explain SELECT c FROM sbtest3 WHERE id BETWEEN 6065753 AND 6066752 ORDER BY c
	Sort  (cost=4049.58..4052.16 rows=1033 width=121)
	  Sort Key: c
	  ->  Bitmap Heap Scan on sbtest3  (cost=35.02..3997.86 rows=1033 width=121)
	        Recheck Cond: ((id >= 6065753) AND (id <= 6066752))
	        ->  Bitmap Index Scan on sbtest3_pkey  (cost=0.00..34.77 rows=1033 width=0)
	              Index Cond: ((id >= 6065753) AND (id <= 6066752))

table 4 : explain SELECT c FROM sbtest4 WHERE id BETWEEN 3475484 AND 3476483 ORDER BY c
	Sort  (cost=3794.67..3797.09 rows=966 width=121)
	  Sort Key: c
	  ->  Bitmap Heap Scan on sbtest4  (cost=34.34..3746.78 rows=966 width=121)
	        Recheck Cond: ((id >= 3475484) AND (id <= 3476483))
	        ->  Bitmap Index Scan on sbtest4_pkey  (cost=0.00..34.09 rows=966 width=0)
	              Index Cond: ((id >= 3475484) AND (id <= 3476483))

table 5 : explain SELECT c FROM sbtest5 WHERE id BETWEEN 8264428 AND 8265427 ORDER BY c
	Sort  (cost=3650.09..3652.42 rows=929 width=121)
	  Sort Key: c
	  ->  Bitmap Heap Scan on sbtest5  (cost=29.96..3604.30 rows=929 width=121)
	        Recheck Cond: ((id >= 8264428) AND (id <= 8265427))
	        ->  Bitmap Index Scan on sbtest5_pkey  (cost=0.00..29.72 rows=929 width=0)
	              Index Cond: ((id >= 8264428) AND (id <= 8265427))

table 6 : explain SELECT c FROM sbtest6 WHERE id BETWEEN 9382343 AND 9383342 ORDER BY c
	Sort  (cost=3825.39..3827.82 rows=974 width=121)
	  Sort Key: c
	  ->  Bitmap Heap Scan on sbtest6  (cost=34.42..3777.04 rows=974 width=121)
	        Recheck Cond: ((id >= 9382343) AND (id <= 9383342))
	        ->  Bitmap Index Scan on sbtest6_pkey  (cost=0.00..34.18 rows=974 width=0)
	              Index Cond: ((id >= 9382343) AND (id <= 9383342))

table 7 : explain SELECT c FROM sbtest7 WHERE id BETWEEN 3790782 AND 3791781 ORDER BY c
	Sort  (cost=4113.19..4115.81 rows=1049 width=121)
	  Sort Key: c
	  ->  Bitmap Heap Scan on sbtest7  (cost=35.19..4060.56 rows=1049 width=121)
	        Recheck Cond: ((id >= 3790782) AND (id <= 3791781))
	        ->  Bitmap Index Scan on sbtest7_pkey  (cost=0.00..34.93 rows=1049 width=0)
	              Index Cond: ((id >= 3790782) AND (id <= 3791781))

table 8 : explain SELECT c FROM sbtest8 WHERE id BETWEEN 5924738 AND 5925737 ORDER BY c
	Sort  (cost=3462.05..3464.25 rows=880 width=121)
	  Sort Key: c
	  ->  Bitmap Heap Scan on sbtest8  (cost=29.45..3419.01 rows=880 width=121)
	        Recheck Cond: ((id >= 5924738) AND (id <= 5925737))
	        ->  Bitmap Index Scan on sbtest8_pkey  (cost=0.00..29.23 rows=880 width=0)
	              Index Cond: ((id >= 5924738) AND (id <= 5925737))

for: distinct_ranges
table 1 : explain SELECT DISTINCT c FROM sbtest1 WHERE id BETWEEN 6619333 AND 6620332 ORDER BY c
	Unique  (cost=4381.17..4386.76 rows=1118 width=121)
	  ->  Sort  (cost=4381.17..4383.97 rows=1118 width=121)
	        Sort Key: c
	        ->  Bitmap Heap Scan on sbtest1  (cost=35.89..4324.57 rows=1118 width=121)
	              Recheck Cond: ((id >= 6619333) AND (id <= 6620332))
	              ->  Bitmap Index Scan on sbtest1_pkey  (cost=0.00..35.62 rows=1118 width=0)
	                    Index Cond: ((id >= 6619333) AND (id <= 6620332))

table 2 : explain SELECT DISTINCT c FROM sbtest2 WHERE id BETWEEN 4840946 AND 4841945 ORDER BY c
	Unique  (cost=4179.74..4185.08 rows=1067 width=121)
	  ->  Sort  (cost=4179.74..4182.41 rows=1067 width=121)
	        Sort Key: c
	        ->  Bitmap Heap Scan on sbtest2  (cost=35.37..4126.08 rows=1067 width=121)
	              Recheck Cond: ((id >= 4840946) AND (id <= 4841945))
	              ->  Bitmap Index Scan on sbtest2_pkey  (cost=0.00..35.11 rows=1067 width=0)
	                    Index Cond: ((id >= 4840946) AND (id <= 4841945))

table 3 : explain SELECT DISTINCT c FROM sbtest3 WHERE id BETWEEN 4388151 AND 4389150 ORDER BY c
	Unique  (cost=3639.98..3644.61 rows=927 width=121)
	  ->  Sort  (cost=3639.98..3642.29 rows=927 width=121)
	        Sort Key: c
	        ->  Bitmap Heap Scan on sbtest3  (cost=29.94..3594.29 rows=927 width=121)
	              Recheck Cond: ((id >= 4388151) AND (id <= 4389150))
	              ->  Bitmap Index Scan on sbtest3_pkey  (cost=0.00..29.70 rows=927 width=0)
	                    Index Cond: ((id >= 4388151) AND (id <= 4389150))

table 4 : explain SELECT DISTINCT c FROM sbtest4 WHERE id BETWEEN 4480590 AND 4481589 ORDER BY c
	Unique  (cost=4142.71..4148.00 rows=1057 width=121)
	  ->  Sort  (cost=4142.71..4145.36 rows=1057 width=121)
	        Sort Key: c
	        ->  Bitmap Heap Scan on sbtest4  (cost=35.27..4089.62 rows=1057 width=121)
	              Recheck Cond: ((id >= 4480590) AND (id <= 4481589))
	              ->  Bitmap Index Scan on sbtest4_pkey  (cost=0.00..35.01 rows=1057 width=0)
	                    Index Cond: ((id >= 4480590) AND (id <= 4481589))

table 5 : explain SELECT DISTINCT c FROM sbtest5 WHERE id BETWEEN 8054467 AND 8055466 ORDER BY c
	Unique  (cost=4029.51..4034.64 rows=1027 width=121)
	  ->  Sort  (cost=4029.51..4032.07 rows=1027 width=121)
	        Sort Key: c
	        ->  Bitmap Heap Scan on sbtest5  (cost=34.96..3978.14 rows=1027 width=121)
	              Recheck Cond: ((id >= 8054467) AND (id <= 8055466))
	              ->  Bitmap Index Scan on sbtest5_pkey  (cost=0.00..34.70 rows=1027 width=0)
	                    Index Cond: ((id >= 8054467) AND (id <= 8055466))

table 6 : explain SELECT DISTINCT c FROM sbtest6 WHERE id BETWEEN 6805091 AND 6806090 ORDER BY c
	Unique  (cost=4108.42..4113.66 rows=1048 width=121)
	  ->  Sort  (cost=4108.42..4111.04 rows=1048 width=121)
	        Sort Key: c
	        ->  Bitmap Heap Scan on sbtest6  (cost=35.18..4055.85 rows=1048 width=121)
	              Recheck Cond: ((id >= 6805091) AND (id <= 6806090))
	              ->  Bitmap Index Scan on sbtest6_pkey  (cost=0.00..34.92 rows=1048 width=0)
	                    Index Cond: ((id >= 6805091) AND (id <= 6806090))

table 7 : explain SELECT DISTINCT c FROM sbtest7 WHERE id BETWEEN 7073497 AND 7074496 ORDER BY c
	Unique  (cost=3856.87..3861.78 rows=982 width=121)
	  ->  Sort  (cost=3856.87..3859.33 rows=982 width=121)
	        Sort Key: c
	        ->  Bitmap Heap Scan on sbtest7  (cost=34.50..3808.07 rows=982 width=121)
	              Recheck Cond: ((id >= 7073497) AND (id <= 7074496))
	              ->  Bitmap Index Scan on sbtest7_pkey  (cost=0.00..34.26 rows=982 width=0)
	                    Index Cond: ((id >= 7073497) AND (id <= 7074496))

table 8 : explain SELECT DISTINCT c FROM sbtest8 WHERE id BETWEEN 8977631 AND 8978630 ORDER BY c
	Unique  (cost=4083.18..4088.38 rows=1041 width=121)
	  ->  Sort  (cost=4083.18..4085.78 rows=1041 width=121)
	        Sort Key: c
	        ->  Bitmap Heap Scan on sbtest8  (cost=35.11..4031.00 rows=1041 width=121)
	              Recheck Cond: ((id >= 8977631) AND (id <= 8978630))
	              ->  Bitmap Index Scan on sbtest8_pkey  (cost=0.00..34.84 rows=1041 width=0)
	                    Index Cond: ((id >= 8977631) AND (id <= 8978630))

for: distinct_ranges
table 1 : explain SELECT DISTINCT c FROM sbtest1 WHERE id BETWEEN 2918075 AND 2919074 ORDER BY c
	Unique  (cost=3664.72..3669.38 rows=932 width=121)
	  ->  Sort  (cost=3664.72..3667.05 rows=932 width=121)
	        Sort Key: c
	        ->  Bitmap Heap Scan on sbtest1  (cost=29.99..3618.75 rows=932 width=121)
	              Recheck Cond: ((id >= 2918075) AND (id <= 2919074))
	              ->  Bitmap Index Scan on sbtest1_pkey  (cost=0.00..29.75 rows=932 width=0)
	                    Index Cond: ((id >= 2918075) AND (id <= 2919074))

table 2 : explain SELECT DISTINCT c FROM sbtest2 WHERE id BETWEEN 2889505 AND 2890504 ORDER BY c
	Unique  (cost=3789.85..3794.67 rows=965 width=121)
	  ->  Sort  (cost=3789.85..3792.26 rows=965 width=121)
	        Sort Key: c
	        ->  Bitmap Heap Scan on sbtest2  (cost=34.33..3742.01 rows=965 width=121)
	              Recheck Cond: ((id >= 2889505) AND (id <= 2890504))
	              ->  Bitmap Index Scan on sbtest2_pkey  (cost=0.00..34.09 rows=965 width=0)
	                    Index Cond: ((id >= 2889505) AND (id <= 2890504))

table 3 : explain SELECT DISTINCT c FROM sbtest3 WHERE id BETWEEN 6309041 AND 6310040 ORDER BY c
	Unique  (cost=4270.93..4276.39 rows=1091 width=121)
	  ->  Sort  (cost=4270.93..4273.66 rows=1091 width=121)
	        Sort Key: c
	        ->  Bitmap Heap Scan on sbtest3  (cost=35.62..4215.89 rows=1091 width=121)
	              Recheck Cond: ((id >= 6309041) AND (id <= 6310040))
	              ->  Bitmap Index Scan on sbtest3_pkey  (cost=0.00..35.34 rows=1091 width=0)
	                    Index Cond: ((id >= 6309041) AND (id <= 6310040))

table 4 : explain SELECT DISTINCT c FROM sbtest4 WHERE id BETWEEN 5970710 AND 5971709 ORDER BY c
	Unique  (cost=3664.38..3669.04 rows=932 width=121)
	  ->  Sort  (cost=3664.38..3666.71 rows=932 width=121)
	        Sort Key: c
	        ->  Bitmap Heap Scan on sbtest4  (cost=33.99..3618.41 rows=932 width=121)
	              Recheck Cond: ((id >= 5970710) AND (id <= 5971709))
	              ->  Bitmap Index Scan on sbtest4_pkey  (cost=0.00..33.76 rows=932 width=0)
	                    Index Cond: ((id >= 5970710) AND (id <= 5971709))

table 5 : explain SELECT DISTINCT c FROM sbtest5 WHERE id BETWEEN 6090201 AND 6091200 ORDER BY c
	Unique  (cost=3899.39..3904.36 rows=993 width=121)
	  ->  Sort  (cost=3899.39..3901.88 rows=993 width=121)
	        Sort Key: c
	        ->  Bitmap Heap Scan on sbtest5  (cost=34.61..3849.96 rows=993 width=121)
	              Recheck Cond: ((id >= 6090201) AND (id <= 6091200))
	              ->  Bitmap Index Scan on sbtest5_pkey  (cost=0.00..34.37 rows=993 width=0)
	                    Index Cond: ((id >= 6090201) AND (id <= 6091200))

table 6 : explain SELECT DISTINCT c FROM sbtest6 WHERE id BETWEEN 680288 AND 681287 ORDER BY c
	Unique  (cost=3867.50..3872.42 rows=985 width=121)
	  ->  Sort  (cost=3867.50..3869.96 rows=985 width=121)
	        Sort Key: c
	        ->  Bitmap Heap Scan on sbtest6  (cost=34.53..3818.53 rows=985 width=121)
	              Recheck Cond: ((id >= 680288) AND (id <= 681287))
	              ->  Bitmap Index Scan on sbtest6_pkey  (cost=0.00..34.29 rows=985 width=0)
	                    Index Cond: ((id >= 680288) AND (id <= 681287))

table 7 : explain SELECT DISTINCT c FROM sbtest7 WHERE id BETWEEN 2399685 AND 2400684 ORDER BY c
	Unique  (cost=3845.39..3850.28 rows=979 width=121)
	  ->  Sort  (cost=3845.39..3847.83 rows=979 width=121)
	        Sort Key: c
	        ->  Bitmap Heap Scan on sbtest7  (cost=34.47..3796.75 rows=979 width=121)
	              Recheck Cond: ((id >= 2399685) AND (id <= 2400684))
	              ->  Bitmap Index Scan on sbtest7_pkey  (cost=0.00..34.23 rows=979 width=0)
	                    Index Cond: ((id >= 2399685) AND (id <= 2400684))

table 8 : explain SELECT DISTINCT c FROM sbtest8 WHERE id BETWEEN 1913624 AND 1914623 ORDER BY c
	Unique  (cost=3834.41..3839.29 rows=976 width=121)
	  ->  Sort  (cost=3834.41..3836.85 rows=976 width=121)
	        Sort Key: c
	        ->  Bitmap Heap Scan on sbtest8  (cost=34.44..3785.94 rows=976 width=121)
	              Recheck Cond: ((id >= 1913624) AND (id <= 1914623))
	              ->  Bitmap Index Scan on sbtest8_pkey  (cost=0.00..34.20 rows=976 width=0)
	                    Index Cond: ((id >= 1913624) AND (id <= 1914623))

Threads started!

Warming up for 5 seconds...

SQL statistics:
    queries performed:
        read:                            89444876
        write:                           0
        other:                           16262736
        total:                           105707612
    transactions:                        8131388 (12906.82 per sec.)
    queries:                             105707612 (167787.98 per sec.)
    ignored errors:                      0      (0.00 per sec.)
    reconnects:                          0      (0.00 per sec.)

Throughput:
    events/s (eps):                      12906.8206
    time elapsed:                        630.0072s
    total number of events:              8131388

Latency (ms):
         min:                                    0.53
         avg:                                    3.10
         max:                                   26.86
         95th percentile:                        3.25
         sum:                             25190814.09

Threads fairness:
    events (avg/stddev):           203284.4500/862.34
    execution time (avg/stddev):   629.7704/0.00

