LUA_PATH=/home/mdcallag/git/mytools/bench/sysbench.lua/lua/?.lua /home/mdcallag/git/mytools/bench/sysbench.lua/lua/sysbench --db-driver=pgsql --range-size=1000 --table-size=10000000 --tables=8 --threads=40 --events=0 --warmup-time=5 --time=630 --pgsql_conn_id=true /home/mdcallag/git/mytools/bench/sysbench.lua/lua/oltp_read_only.lua run --pgsql-user=root --pgsql-password=pw --pgsql-host=127.0.0.1 --pgsql-db=ib --rand-type=uniform --simple-ranges=0 --sum-ranges=1 --order-ranges=0 --distinct-ranges=0
48 CPUs
sysbench 1.1.0-9072687 (using bundled LuaJIT 2.1.0-beta3)

Running the test with following options:
Number of threads: 40
Warmup time: 5s
Initializing random number generator from current time


Initializing worker threads...

explain: for point_selects :: explain SELECT c FROM sbtest%u WHERE id=%u
explain: for point_selects :: explain SELECT c FROM sbtest%u WHERE id=%u
explain: for point_selects :: explain SELECT c FROM sbtest%u WHERE id=%u
explain: for point_selects :: explain SELECT c FROM sbtest%u WHERE id=%u
explain: for point_selects :: explain SELECT c FROM sbtest%u WHERE id=%u
explain: for point_selects :: explain SELECT c FROM sbtest%u WHERE id=%u
for point_selects
table 1 : explain SELECT c FROM sbtest1 WHERE id=2634714
	Index Scan using sbtest1_pkey on sbtest1  (cost=0.43..8.45 rows=1 width=121)
	  Index Cond: (id = 2634714)

table 2 : explain SELECT c FROM sbtest2 WHERE id=8339949
	Index Scan using sbtest2_pkey on sbtest2  (cost=0.43..8.45 rows=1 width=121)
	  Index Cond: (id = 8339949)

table 3 : explain SELECT c FROM sbtest3 WHERE id=8816686
	Index Scan using sbtest3_pkey on sbtest3  (cost=0.43..8.45 rows=1 width=121)
	  Index Cond: (id = 8816686)

table 4 : explain SELECT c FROM sbtest4 WHERE id=197807
	Index Scan using sbtest4_pkey on sbtest4  (cost=0.43..8.45 rows=1 width=121)
	  Index Cond: (id = 197807)

table 5 : explain SELECT c FROM sbtest5 WHERE id=9011128
	Index Scan using sbtest5_pkey on sbtest5  (cost=0.43..8.45 rows=1 width=121)
	  Index Cond: (id = 9011128)

table 6 : explain SELECT c FROM sbtest6 WHERE id=2984353
	Index Scan using sbtest6_pkey on sbtest6  (cost=0.43..8.45 rows=1 width=121)
	  Index Cond: (id = 2984353)

table 7 : explain SELECT c FROM sbtest7 WHERE id=6725911
	Index Scan using sbtest7_pkey on sbtest7  (cost=0.43..8.45 rows=1 width=121)
	  Index Cond: (id = 6725911)

table 8 : explain SELECT c FROM sbtest8 WHERE id=5682718
	Index Scan using sbtest8_pkey on sbtest8  (cost=0.43..8.45 rows=1 width=121)
	  Index Cond: (id = 5682718)

for point_selects
table 1 : explain SELECT c FROM sbtest1 WHERE id=6580821
	Index Scan using sbtest1_pkey on sbtest1  (cost=0.43..8.45 rows=1 width=121)
	  Index Cond: (id = 6580821)

table 2 : explain SELECT c FROM sbtest2 WHERE id=5843460
	Index Scan using sbtest2_pkey on sbtest2  (cost=0.43..8.45 rows=1 width=121)
	  Index Cond: (id = 5843460)

table 3 : explain SELECT c FROM sbtest3 WHERE id=6317167
	Index Scan using sbtest3_pkey on sbtest3  (cost=0.43..8.45 rows=1 width=121)
	  Index Cond: (id = 6317167)

table 4 : explain SELECT c FROM sbtest4 WHERE id=5690409
	Index Scan using sbtest4_pkey on sbtest4  (cost=0.43..8.45 rows=1 width=121)
	  Index Cond: (id = 5690409)

table 5 : explain SELECT c FROM sbtest5 WHERE id=7180517
	Index Scan using sbtest5_pkey on sbtest5  (cost=0.43..8.45 rows=1 width=121)
	  Index Cond: (id = 7180517)

table 6 : explain SELECT c FROM sbtest6 WHERE id=9512555
	Index Scan using sbtest6_pkey on sbtest6  (cost=0.43..8.45 rows=1 width=121)
	  Index Cond: (id = 9512555)

table 7 : explain SELECT c FROM sbtest7 WHERE id=1552386
	Index Scan using sbtest7_pkey on sbtest7  (cost=0.43..8.45 rows=1 width=121)
	  Index Cond: (id = 1552386)

table 8 : explain SELECT c FROM sbtest8 WHERE id=8961484
	Index Scan using sbtest8_pkey on sbtest8  (cost=0.43..8.45 rows=1 width=121)
	  Index Cond: (id = 8961484)

for point_selects
table 1 : explain SELECT c FROM sbtest1 WHERE id=612019
	Index Scan using sbtest1_pkey on sbtest1  (cost=0.43..8.45 rows=1 width=121)
	  Index Cond: (id = 612019)

table 2 : explain SELECT c FROM sbtest2 WHERE id=3271944
	Index Scan using sbtest2_pkey on sbtest2  (cost=0.43..8.45 rows=1 width=121)
	  Index Cond: (id = 3271944)

table 3 : explain SELECT c FROM sbtest3 WHERE id=6595155
	Index Scan using sbtest3_pkey on sbtest3  (cost=0.43..8.45 rows=1 width=121)
	  Index Cond: (id = 6595155)

table 4 : explain SELECT c FROM sbtest4 WHERE id=83106
	Index Scan using sbtest4_pkey on sbtest4  (cost=0.43..8.45 rows=1 width=121)
	  Index Cond: (id = 83106)

table 5 : explain SELECT c FROM sbtest5 WHERE id=9428891
	Index Scan using sbtest5_pkey on sbtest5  (cost=0.43..8.45 rows=1 width=121)
	  Index Cond: (id = 9428891)

table 6 : explain SELECT c FROM sbtest6 WHERE id=2463089
	Index Scan using sbtest6_pkey on sbtest6  (cost=0.43..8.45 rows=1 width=121)
	  Index Cond: (id = 2463089)

table 7 : explain SELECT c FROM sbtest7 WHERE id=1800075
	Index Scan using sbtest7_pkey on sbtest7  (cost=0.43..8.45 rows=1 width=121)
	  Index Cond: (id = 1800075)

table 8 : explain SELECT c FROM sbtest8 WHERE id=6146600
	Index Scan using sbtest8_pkey on sbtest8  (cost=0.43..8.45 rows=1 width=121)
	  Index Cond: (id = 6146600)

explain: for point_selects :: explain SELECT c FROM sbtest%u WHERE id=%u
for point_selects
table 1 : explain SELECT c FROM sbtest1 WHERE id=5097334
	Index Scan using sbtest1_pkey on sbtest1  (cost=0.43..8.45 rows=1 width=121)
	  Index Cond: (id = 5097334)

table 2 : explain SELECT c FROM sbtest2 WHERE id=6579941
	Index Scan using sbtest2_pkey on sbtest2  (cost=0.43..8.45 rows=1 width=121)
	  Index Cond: (id = 6579941)

table 3 : explain SELECT c FROM sbtest3 WHERE id=4234206
	Index Scan using sbtest3_pkey on sbtest3  (cost=0.43..8.45 rows=1 width=121)
	  Index Cond: (id = 4234206)

table 4 : explain SELECT c FROM sbtest4 WHERE id=9069049
	Index Scan using sbtest4_pkey on sbtest4  (cost=0.43..8.45 rows=1 width=121)
	  Index Cond: (id = 9069049)

table 5 : explain SELECT c FROM sbtest5 WHERE id=2177890
	Index Scan using sbtest5_pkey on sbtest5  (cost=0.43..8.45 rows=1 width=121)
	  Index Cond: (id = 2177890)

table 6 : explain SELECT c FROM sbtest6 WHERE id=450425
	Index Scan using sbtest6_pkey on sbtest6  (cost=0.43..8.45 rows=1 width=121)
	  Index Cond: (id = 450425)

table 7 : explain SELECT c FROM sbtest7 WHERE id=5374100
	Index Scan using sbtest7_pkey on sbtest7  (cost=0.43..8.45 rows=1 width=121)
	  Index Cond: (id = 5374100)

table 8 : explain SELECT c FROM sbtest8 WHERE id=1788128
	Index Scan using sbtest8_pkey on sbtest8  (cost=0.43..8.45 rows=1 width=121)
	  Index Cond: (id = 1788128)

explain: for point_selects :: explain SELECT c FROM sbtest%u WHERE id=%u
for: simple_ranges
table 1 : explain SELECT c FROM sbtest1 WHERE id BETWEEN 5477493 AND 5478492
	Bitmap Heap Scan on sbtest1  (cost=29.62..3482.41 rows=896 width=121)
	  Recheck Cond: ((id >= 5477493) AND (id <= 5478492))
	  ->  Bitmap Index Scan on sbtest1_pkey  (cost=0.00..29.39 rows=896 width=0)
	        Index Cond: ((id >= 5477493) AND (id <= 5478492))

table 2 : explain SELECT c FROM sbtest2 WHERE id BETWEEN 471221 AND 472220
	Bitmap Heap Scan on sbtest2  (cost=35.04..4005.73 rows=1035 width=121)
	  Recheck Cond: ((id >= 471221) AND (id <= 472220))
	  ->  Bitmap Index Scan on sbtest2_pkey  (cost=0.00..34.79 rows=1035 width=0)
	        Index Cond: ((id >= 471221) AND (id <= 472220))

table 3 : explain SELECT c FROM sbtest3 WHERE id BETWEEN 2213924 AND 2214923
	Bitmap Heap Scan on sbtest3  (cost=34.16..3681.34 rows=949 width=121)
	  Recheck Cond: ((id >= 2213924) AND (id <= 2214923))
	  ->  Bitmap Index Scan on sbtest3_pkey  (cost=0.00..33.93 rows=949 width=0)
	        Index Cond: ((id >= 2213924) AND (id <= 2214923))

table 4 : explain SELECT c FROM sbtest4 WHERE id BETWEEN 3057958 AND 3058957
	Bitmap Heap Scan on sbtest4  (cost=34.65..3863.69 rows=997 width=121)
	  Recheck Cond: ((id >= 3057958) AND (id <= 3058957))
	  ->  Bitmap Index Scan on sbtest4_pkey  (cost=0.00..34.41 rows=997 width=0)
	        Index Cond: ((id >= 3057958) AND (id <= 3058957))

table 5 : explain SELECT c FROM sbtest5 WHERE id BETWEEN 5128482 AND 5129481
	Bitmap Heap Scan on sbtest5  (cost=34.67..3872.59 rows=999 width=121)
	  Recheck Cond: ((id >= 5128482) AND (id <= 5129481))
	  ->  Bitmap Index Scan on sbtest5_pkey  (cost=0.00..34.43 rows=999 width=0)
	        Index Cond: ((id >= 5128482) AND (id <= 5129481))

table 6 : explain SELECT c FROM sbtest6 WHERE id BETWEEN 3261572 AND 3262571
	Bitmap Heap Scan on sbtest6  (cost=30.03..3629.59 rows=936 width=121)
	  Recheck Cond: ((id >= 3261572) AND (id <= 3262571))
	  ->  Bitmap Index Scan on sbtest6_pkey  (cost=0.00..29.79 rows=936 width=0)
	        Index Cond: ((id >= 3261572) AND (id <= 3262571))

table 7 : explain SELECT c FROM sbtest7 WHERE id BETWEEN 8428833 AND 8429832
	Bitmap Heap Scan on sbtest7  (cost=30.00..3619.05 rows=933 width=121)
	  Recheck Cond: ((id >= 8428833) AND (id <= 8429832))
	  ->  Bitmap Index Scan on sbtest7_pkey  (cost=0.00..29.76 rows=933 width=0)
	        Index Cond: ((id >= 8428833) AND (id <= 8429832))

table 8 : explain SELECT c FROM sbtest8 WHERE id BETWEEN 7757241 AND 7758240
	Bitmap Heap Scan on sbtest8  (cost=35.30..4102.53 rows=1060 width=121)
	  Recheck Cond: ((id >= 7757241) AND (id <= 7758240))
	  ->  Bitmap Index Scan on sbtest8_pkey  (cost=0.00..35.04 rows=1060 width=0)
	        Index Cond: ((id >= 7757241) AND (id <= 7758240))

for: simple_ranges
table 1 : explain SELECT c FROM sbtest1 WHERE id BETWEEN 3010014 AND 3011013
	Bitmap Heap Scan on sbtest1  (cost=34.10..3664.38 rows=943 width=121)
	  Recheck Cond: ((id >= 3010014) AND (id <= 3011013))
	  ->  Bitmap Index Scan on sbtest1_pkey  (cost=0.00..33.87 rows=943 width=0)
	        Index Cond: ((id >= 3010014) AND (id <= 3011013))

table 2 : explain SELECT c FROM sbtest2 WHERE id BETWEEN 7949076 AND 7950075
	Bitmap Heap Scan on sbtest2  (cost=34.15..3677.87 rows=948 width=121)
	  Recheck Cond: ((id >= 7949076) AND (id <= 7950075))
	  ->  Bitmap Index Scan on sbtest2_pkey  (cost=0.00..33.92 rows=948 width=0)
	        Index Cond: ((id >= 7949076) AND (id <= 7950075))

table 3 : explain SELECT c FROM sbtest3 WHERE id BETWEEN 8253890 AND 8254889
	Bitmap Heap Scan on sbtest3  (cost=34.69..3873.63 rows=1000 width=121)
	  Recheck Cond: ((id >= 8253890) AND (id <= 8254889))
	  ->  Bitmap Index Scan on sbtest3_pkey  (cost=0.00..34.44 rows=1000 width=0)
	        Index Cond: ((id >= 8253890) AND (id <= 8254889))

table 4 : explain SELECT c FROM sbtest4 WHERE id BETWEEN 400896 AND 401895
	Bitmap Heap Scan on sbtest4  (cost=33.92..3591.96 rows=925 width=121)
	  Recheck Cond: ((id >= 400896) AND (id <= 401895))
	  ->  Bitmap Index Scan on sbtest4_pkey  (cost=0.00..33.69 rows=925 width=0)
	        Index Cond: ((id >= 400896) AND (id <= 401895))

table 5 : explain SELECT c FROM sbtest5 WHERE id BETWEEN 8041499 AND 8042498
	Bitmap Heap Scan on sbtest5  (cost=34.96..3978.14 rows=1027 width=121)
	  Recheck Cond: ((id >= 8041499) AND (id <= 8042498))
	  ->  Bitmap Index Scan on sbtest5_pkey  (cost=0.00..34.70 rows=1027 width=0)
	        Index Cond: ((id >= 8041499) AND (id <= 8042498))

table 6 : explain SELECT c FROM sbtest6 WHERE id BETWEEN 5772056 AND 5773055
	Bitmap Heap Scan on sbtest6  (cost=35.75..4266.38 rows=1104 width=121)
	  Recheck Cond: ((id >= 5772056) AND (id <= 5773055))
	  ->  Bitmap Index Scan on sbtest6_pkey  (cost=0.00..35.48 rows=1104 width=0)
	        Index Cond: ((id >= 5772056) AND (id <= 5773055))

table 7 : explain SELECT c FROM sbtest7 WHERE id BETWEEN 3025989 AND 3026988
	Bitmap Heap Scan on sbtest7  (cost=34.30..3732.59 rows=962 width=121)
	  Recheck Cond: ((id >= 3025989) AND (id <= 3026988))
	  ->  Bitmap Index Scan on sbtest7_pkey  (cost=0.00..34.06 rows=962 width=0)
	        Index Cond: ((id >= 3025989) AND (id <= 3026988))

table 8 : explain SELECT c FROM sbtest8 WHERE id BETWEEN 6174676 AND 6175675
	Bitmap Heap Scan on sbtest8  (cost=35.12..4034.77 rows=1042 width=121)
	  Recheck Cond: ((id >= 6174676) AND (id <= 6175675))
	  ->  Bitmap Index Scan on sbtest8_pkey  (cost=0.00..34.86 rows=1042 width=0)
	        Index Cond: ((id >= 6174676) AND (id <= 6175675))

for: simple_ranges
table 1 : explain SELECT c FROM sbtest1 WHERE id BETWEEN 3580295 AND 3581294
	Bitmap Heap Scan on sbtest1  (cost=34.36..3758.92 rows=968 width=121)
	  Recheck Cond: ((id >= 3580295) AND (id <= 3581294))
	  ->  Bitmap Index Scan on sbtest1_pkey  (cost=0.00..34.12 rows=968 width=0)
	        Index Cond: ((id >= 3580295) AND (id <= 3581294))

table 2 : explain SELECT c FROM sbtest2 WHERE id BETWEEN 1018257 AND 1019256
	Bitmap Heap Scan on sbtest2  (cost=34.55..3824.96 rows=987 width=121)
	  Recheck Cond: ((id >= 1018257) AND (id <= 1019256))
	  ->  Bitmap Index Scan on sbtest2_pkey  (cost=0.00..34.31 rows=987 width=0)
	        Index Cond: ((id >= 1018257) AND (id <= 1019256))

table 3 : explain SELECT c FROM sbtest3 WHERE id BETWEEN 6869842 AND 6870841
	Bitmap Heap Scan on sbtest3  (cost=34.53..3817.11 rows=985 width=121)
	  Recheck Cond: ((id >= 6869842) AND (id <= 6870841))
	  ->  Bitmap Index Scan on sbtest3_pkey  (cost=0.00..34.29 rows=985 width=0)
	        Index Cond: ((id >= 6869842) AND (id <= 6870841))

table 4 : explain SELECT c FROM sbtest4 WHERE id BETWEEN 9968894 AND 9969893
	Bitmap Heap Scan on sbtest4  (cost=34.58..3837.30 rows=990 width=121)
	  Recheck Cond: ((id >= 9968894) AND (id <= 9969893))
	  ->  Bitmap Index Scan on sbtest4_pkey  (cost=0.00..34.34 rows=990 width=0)
	        Index Cond: ((id >= 9968894) AND (id <= 9969893))

table 5 : explain SELECT c FROM sbtest5 WHERE id BETWEEN 4899504 AND 4900503
	Bitmap Heap Scan on sbtest5  (cost=35.11..4030.87 rows=1041 width=121)
	  Recheck Cond: ((id >= 4899504) AND (id <= 4900503))
	  ->  Bitmap Index Scan on sbtest5_pkey  (cost=0.00..34.84 rows=1041 width=0)
	        Index Cond: ((id >= 4899504) AND (id <= 4900503))

table 6 : explain SELECT c FROM sbtest6 WHERE id BETWEEN 9498133 AND 9499132
	Bitmap Heap Scan on sbtest6  (cost=34.37..3758.17 rows=969 width=121)
	  Recheck Cond: ((id >= 9498133) AND (id <= 9499132))
	  ->  Bitmap Index Scan on sbtest6_pkey  (cost=0.00..34.12 rows=969 width=0)
	        Index Cond: ((id >= 9498133) AND (id <= 9499132))

table 7 : explain SELECT c FROM sbtest7 WHERE id BETWEEN 5054392 AND 5055391
	Bitmap Heap Scan on sbtest7  (cost=35.33..4113.24 rows=1063 width=121)
	  Recheck Cond: ((id >= 5054392) AND (id <= 5055391))
	  ->  Bitmap Index Scan on sbtest7_pkey  (cost=0.00..35.07 rows=1063 width=0)
	        Index Cond: ((id >= 5054392) AND (id <= 5055391))

table 8 : explain SELECT c FROM sbtest8 WHERE id BETWEEN 6457638 AND 6458637
	Bitmap Heap Scan on sbtest8  (cost=34.95..3974.50 rows=1026 width=121)
	  Recheck Cond: ((id >= 6457638) AND (id <= 6458637))
	  ->  Bitmap Index Scan on sbtest8_pkey  (cost=0.00..34.70 rows=1026 width=0)
	        Index Cond: ((id >= 6457638) AND (id <= 6458637))

for: simple_ranges
table 1 : explain SELECT c FROM sbtest1 WHERE id BETWEEN 5526138 AND 5527137
	Bitmap Heap Scan on sbtest1  (cost=29.62..3482.41 rows=896 width=121)
	  Recheck Cond: ((id >= 5526138) AND (id <= 5527137))
	  ->  Bitmap Index Scan on sbtest1_pkey  (cost=0.00..29.39 rows=896 width=0)
	        Index Cond: ((id >= 5526138) AND (id <= 5527137))

table 2 : explain SELECT c FROM sbtest2 WHERE id BETWEEN 3789989 AND 3790988
	Bitmap Heap Scan on sbtest2  (cost=29.55..3450.96 rows=889 width=121)
	  Recheck Cond: ((id >= 3789989) AND (id <= 3790988))
	  ->  Bitmap Index Scan on sbtest2_pkey  (cost=0.00..29.32 rows=889 width=0)
	        Index Cond: ((id >= 3789989) AND (id <= 3790988))

table 3 : explain SELECT c FROM sbtest3 WHERE id BETWEEN 2279707 AND 2280706
	Bitmap Heap Scan on sbtest3  (cost=34.16..3681.34 rows=949 width=121)
	  Recheck Cond: ((id >= 2279707) AND (id <= 2280706))
	  ->  Bitmap Index Scan on sbtest3_pkey  (cost=0.00..33.93 rows=949 width=0)
	        Index Cond: ((id >= 2279707) AND (id <= 2280706))

table 4 : explain SELECT c FROM sbtest4 WHERE id BETWEEN 9554965 AND 9555964
	Bitmap Heap Scan on sbtest4  (cost=35.37..4127.23 rows=1067 width=121)
	  Recheck Cond: ((id >= 9554965) AND (id <= 9555964))
	  ->  Bitmap Index Scan on sbtest4_pkey  (cost=0.00..35.11 rows=1067 width=0)
	        Index Cond: ((id >= 9554965) AND (id <= 9555964))

table 5 : explain SELECT c FROM sbtest5 WHERE id BETWEEN 4180069 AND 4181068
	Bitmap Heap Scan on sbtest5  (cost=34.86..3940.45 rows=1017 width=121)
	  Recheck Cond: ((id >= 4180069) AND (id <= 4181068))
	  ->  Bitmap Index Scan on sbtest5_pkey  (cost=0.00..34.61 rows=1017 width=0)
	        Index Cond: ((id >= 4180069) AND (id <= 4181068))

table 6 : explain SELECT c FROM sbtest6 WHERE id BETWEEN 5088158 AND 5089157
	Bitmap Heap Scan on sbtest6  (cost=34.74..3893.92 rows=1005 width=121)
	  Recheck Cond: ((id >= 5088158) AND (id <= 5089157))
	  ->  Bitmap Index Scan on sbtest6_pkey  (cost=0.00..34.48 rows=1005 width=0)
	        Index Cond: ((id >= 5088158) AND (id <= 5089157))

table 7 : explain SELECT c FROM sbtest7 WHERE id BETWEEN 4213457 AND 4214456
	Bitmap Heap Scan on sbtest7  (cost=34.12..3668.39 rows=945 width=121)
	  Recheck Cond: ((id >= 4213457) AND (id <= 4214456))
	  ->  Bitmap Index Scan on sbtest7_pkey  (cost=0.00..33.89 rows=945 width=0)
	        Index Cond: ((id >= 4213457) AND (id <= 4214456))

table 8 : explain SELECT c FROM sbtest8 WHERE id BETWEEN 6928109 AND 6929108
	Bitmap Heap Scan on sbtest8  (cost=34.43..3782.17 rows=975 width=121)
	  Recheck Cond: ((id >= 6928109) AND (id <= 6929108))
	  ->  Bitmap Index Scan on sbtest8_pkey  (cost=0.00..34.19 rows=975 width=0)
	        Index Cond: ((id >= 6928109) AND (id <= 6929108))

for point_selects
table 1 : explain SELECT c FROM sbtest1 WHERE id=3098274
	Index Scan using sbtest1_pkey on sbtest1  (cost=0.43..8.45 rows=1 width=121)
	  Index Cond: (id = 3098274)

table 2 : explain SELECT c FROM sbtest2 WHERE id=7786919
	Index Scan using sbtest2_pkey on sbtest2  (cost=0.43..8.45 rows=1 width=121)
	  Index Cond: (id = 7786919)

table 3 : explain SELECT c FROM sbtest3 WHERE id=8794928
	Index Scan using sbtest3_pkey on sbtest3  (cost=0.43..8.45 rows=1 width=121)
	  Index Cond: (id = 8794928)

table 4 : explain SELECT c FROM sbtest4 WHERE id=2851264
	Index Scan using sbtest4_pkey on sbtest4  (cost=0.43..8.45 rows=1 width=121)
	  Index Cond: (id = 2851264)

table 5 : explain SELECT c FROM sbtest5 WHERE id=623004
	Index Scan using sbtest5_pkey on sbtest5  (cost=0.43..8.45 rows=1 width=121)
	  Index Cond: (id = 623004)

table 6 : explain SELECT c FROM sbtest6 WHERE id=7069114
	Index Scan using sbtest6_pkey on sbtest6  (cost=0.43..8.45 rows=1 width=121)
	  Index Cond: (id = 7069114)

table 7 : explain SELECT c FROM sbtest7 WHERE id=947934
	Index Scan using sbtest7_pkey on sbtest7  (cost=0.43..8.45 rows=1 width=121)
	  Index Cond: (id = 947934)

table 8 : explain SELECT c FROM sbtest8 WHERE id=1923125
	Index Scan using sbtest8_pkey on sbtest8  (cost=0.43..8.45 rows=1 width=121)
	  Index Cond: (id = 1923125)

for point_selects
table 1 : explain SELECT c FROM sbtest1 WHERE id=5227044
	Index Scan using sbtest1_pkey on sbtest1  (cost=0.43..8.45 rows=1 width=121)
	  Index Cond: (id = 5227044)

table 2 : explain SELECT c FROM sbtest2 WHERE id=2476983
	Index Scan using sbtest2_pkey on sbtest2  (cost=0.43..8.45 rows=1 width=121)
	  Index Cond: (id = 2476983)

table 3 : explain SELECT c FROM sbtest3 WHERE id=2362470
	Index Scan using sbtest3_pkey on sbtest3  (cost=0.43..8.45 rows=1 width=121)
	  Index Cond: (id = 2362470)

table 4 : explain SELECT c FROM sbtest4 WHERE id=2215613
	Index Scan using sbtest4_pkey on sbtest4  (cost=0.43..8.45 rows=1 width=121)
	  Index Cond: (id = 2215613)

table 5 : explain SELECT c FROM sbtest5 WHERE id=6585263
	Index Scan using sbtest5_pkey on sbtest5  (cost=0.43..8.45 rows=1 width=121)
	  Index Cond: (id = 6585263)

table 6 : explain SELECT c FROM sbtest6 WHERE id=6859899
	Index Scan using sbtest6_pkey on sbtest6  (cost=0.43..8.45 rows=1 width=121)
	  Index Cond: (id = 6859899)

table 7 : explain SELECT c FROM sbtest7 WHERE id=9310909
	Index Scan using sbtest7_pkey on sbtest7  (cost=0.43..8.45 rows=1 width=121)
	  Index Cond: (id = 9310909)

table 8 : explain SELECT c FROM sbtest8 WHERE id=4705714
	Index Scan using sbtest8_pkey on sbtest8  (cost=0.43..8.45 rows=1 width=121)
	  Index Cond: (id = 4705714)

explain: for point_selects :: explain SELECT c FROM sbtest%u WHERE id=%u
for: simple_ranges
table 1 : explain SELECT c FROM sbtest1 WHERE id BETWEEN 4102421 AND 4103420
	Bitmap Heap Scan on sbtest1  (cost=34.70..3883.60 rows=1001 width=121)
	  Recheck Cond: ((id >= 4102421) AND (id <= 4103420))
	  ->  Bitmap Index Scan on sbtest1_pkey  (cost=0.00..34.45 rows=1001 width=0)
	        Index Cond: ((id >= 4102421) AND (id <= 4103420))

table 2 : explain SELECT c FROM sbtest2 WHERE id BETWEEN 2781945 AND 2782944
	Bitmap Heap Scan on sbtest2  (cost=34.19..3692.96 rows=952 width=121)
	  Recheck Cond: ((id >= 2781945) AND (id <= 2782944))
	  ->  Bitmap Index Scan on sbtest2_pkey  (cost=0.00..33.95 rows=952 width=0)
	        Index Cond: ((id >= 2781945) AND (id <= 2782944))

table 3 : explain SELECT c FROM sbtest3 WHERE id BETWEEN 1681585 AND 1682584
	Bitmap Heap Scan on sbtest3  (cost=35.08..4020.44 rows=1039 width=121)
	  Recheck Cond: ((id >= 1681585) AND (id <= 1682584))
	  ->  Bitmap Index Scan on sbtest3_pkey  (cost=0.00..34.83 rows=1039 width=0)
	        Index Cond: ((id >= 1681585) AND (id <= 1682584))

table 4 : explain SELECT c FROM sbtest4 WHERE id BETWEEN 1597848 AND 1598847
	Bitmap Heap Scan on sbtest4  (cost=35.37..4127.23 rows=1067 width=121)
	  Recheck Cond: ((id >= 1597848) AND (id <= 1598847))
	  ->  Bitmap Index Scan on sbtest4_pkey  (cost=0.00..35.11 rows=1067 width=0)
	        Index Cond: ((id >= 1597848) AND (id <= 1598847))

table 5 : explain SELECT c FROM sbtest5 WHERE id BETWEEN 3955017 AND 3956016
	Bitmap Heap Scan on sbtest5  (cost=35.14..4042.17 rows=1044 width=121)
	  Recheck Cond: ((id >= 3955017) AND (id <= 3956016))
	  ->  Bitmap Index Scan on sbtest5_pkey  (cost=0.00..34.88 rows=1044 width=0)
	        Index Cond: ((id >= 3955017) AND (id <= 3956016))

table 6 : explain SELECT c FROM sbtest6 WHERE id BETWEEN 5689516 AND 5690515
	Bitmap Heap Scan on sbtest6  (cost=35.81..4288.91 rows=1110 width=121)
	  Recheck Cond: ((id >= 5689516) AND (id <= 5690515))
	  ->  Bitmap Index Scan on sbtest6_pkey  (cost=0.00..35.54 rows=1110 width=0)
	        Index Cond: ((id >= 5689516) AND (id <= 5690515))

table 7 : explain SELECT c FROM sbtest7 WHERE id BETWEEN 2234360 AND 2235359
	Bitmap Heap Scan on sbtest7  (cost=34.49..3804.30 rows=981 width=121)
	  Recheck Cond: ((id >= 2234360) AND (id <= 2235359))
	  ->  Bitmap Index Scan on sbtest7_pkey  (cost=0.00..34.25 rows=981 width=0)
	        Index Cond: ((id >= 2234360) AND (id <= 2235359))

table 8 : explain SELECT c FROM sbtest8 WHERE id BETWEEN 7929520 AND 7930519
	Bitmap Heap Scan on sbtest8  (cost=34.64..3861.40 rows=996 width=121)
	  Recheck Cond: ((id >= 7929520) AND (id <= 7930519))
	  ->  Bitmap Index Scan on sbtest8_pkey  (cost=0.00..34.40 rows=996 width=0)
	        Index Cond: ((id >= 7929520) AND (id <= 7930519))

for point_selects
table 1 : explain SELECT c FROM sbtest1 WHERE id=5050056
	Index Scan using sbtest1_pkey on sbtest1  (cost=0.43..8.45 rows=1 width=121)
	  Index Cond: (id = 5050056)

table 2 : explain SELECT c FROM sbtest2 WHERE id=5042761
	Index Scan using sbtest2_pkey on sbtest2  (cost=0.43..8.45 rows=1 width=121)
	  Index Cond: (id = 5042761)

table 3 : explain SELECT c FROM sbtest3 WHERE id=1410889
	Index Scan using sbtest3_pkey on sbtest3  (cost=0.43..8.45 rows=1 width=121)
	  Index Cond: (id = 1410889)

table 4 : explain SELECT c FROM sbtest4 WHERE id=4132978
	Index Scan using sbtest4_pkey on sbtest4  (cost=0.43..8.45 rows=1 width=121)
	  Index Cond: (id = 4132978)

table 5 : explain SELECT c FROM sbtest5 WHERE id=8659526
	Index Scan using sbtest5_pkey on sbtest5  (cost=0.43..8.45 rows=1 width=121)
	  Index Cond: (id = 8659526)

table 6 : explain SELECT c FROM sbtest6 WHERE id=6783269
	Index Scan using sbtest6_pkey on sbtest6  (cost=0.43..8.45 rows=1 width=121)
	  Index Cond: (id = 6783269)

table 7 : explain SELECT c FROM sbtest7 WHERE id=6752487
	Index Scan using sbtest7_pkey on sbtest7  (cost=0.43..8.45 rows=1 width=121)
	  Index Cond: (id = 6752487)

table 8 : explain SELECT c FROM sbtest8 WHERE id=481675
	Index Scan using sbtest8_pkey on sbtest8  (cost=0.43..8.45 rows=1 width=121)
	  Index Cond: (id = 481675)

explain: for point_selects :: explain SELECT c FROM sbtest%u WHERE id=%u
for point_selects
table 1 : explain SELECT c FROM sbtest1 WHERE id=9187522
	Index Scan using sbtest1_pkey on sbtest1  (cost=0.43..8.45 rows=1 width=121)
	  Index Cond: (id = 9187522)

table 2 : explain SELECT c FROM sbtest2 WHERE id=4577653
	Index Scan using sbtest2_pkey on sbtest2  (cost=0.43..8.45 rows=1 width=121)
	  Index Cond: (id = 4577653)

table 3 : explain SELECT c FROM sbtest3 WHERE id=2946983
	Index Scan using sbtest3_pkey on sbtest3  (cost=0.43..8.45 rows=1 width=121)
	  Index Cond: (id = 2946983)

table 4 : explain SELECT c FROM sbtest4 WHERE id=9044065
	Index Scan using sbtest4_pkey on sbtest4  (cost=0.43..8.45 rows=1 width=121)
	  Index Cond: (id = 9044065)

table 5 : explain SELECT c FROM sbtest5 WHERE id=4822205
	Index Scan using sbtest5_pkey on sbtest5  (cost=0.43..8.45 rows=1 width=121)
	  Index Cond: (id = 4822205)

table 6 : explain SELECT c FROM sbtest6 WHERE id=6676967
	Index Scan using sbtest6_pkey on sbtest6  (cost=0.43..8.45 rows=1 width=121)
	  Index Cond: (id = 6676967)

table 7 : explain SELECT c FROM sbtest7 WHERE id=1291329
	Index Scan using sbtest7_pkey on sbtest7  (cost=0.43..8.45 rows=1 width=121)
	  Index Cond: (id = 1291329)

table 8 : explain SELECT c FROM sbtest8 WHERE id=8373593
	Index Scan using sbtest8_pkey on sbtest8  (cost=0.43..8.45 rows=1 width=121)
	  Index Cond: (id = 8373593)

for: simple_ranges
table 1 : explain SELECT c FROM sbtest1 WHERE id BETWEEN 6222771 AND 6223770
	Bitmap Heap Scan on sbtest1  (cost=34.19..3698.42 rows=952 width=121)
	  Recheck Cond: ((id >= 6222771) AND (id <= 6223770))
	  ->  Bitmap Index Scan on sbtest1_pkey  (cost=0.00..33.95 rows=952 width=0)
	        Index Cond: ((id >= 6222771) AND (id <= 6223770))

table 2 : explain SELECT c FROM sbtest2 WHERE id BETWEEN 580505 AND 581504
	Bitmap Heap Scan on sbtest2  (cost=29.82..3553.03 rows=916 width=121)
	  Recheck Cond: ((id >= 580505) AND (id <= 581504))
	  ->  Bitmap Index Scan on sbtest2_pkey  (cost=0.00..29.59 rows=916 width=0)
	        Index Cond: ((id >= 580505) AND (id <= 581504))

table 3 : explain SELECT c FROM sbtest3 WHERE id BETWEEN 6833460 AND 6834459
	Bitmap Heap Scan on sbtest3  (cost=35.44..4152.03 rows=1074 width=121)
	  Recheck Cond: ((id >= 6833460) AND (id <= 6834459))
	  ->  Bitmap Index Scan on sbtest3_pkey  (cost=0.00..35.18 rows=1074 width=0)
	        Index Cond: ((id >= 6833460) AND (id <= 6834459))

table 4 : explain SELECT c FROM sbtest4 WHERE id BETWEEN 7072987 AND 7073986
	Bitmap Heap Scan on sbtest4  (cost=35.44..4153.55 rows=1074 width=121)
	  Recheck Cond: ((id >= 7072987) AND (id <= 7073986))
	  ->  Bitmap Index Scan on sbtest4_pkey  (cost=0.00..35.18 rows=1074 width=0)
	        Index Cond: ((id >= 7072987) AND (id <= 7073986))

table 5 : explain SELECT c FROM sbtest5 WHERE id BETWEEN 2353381 AND 2354380
	Bitmap Heap Scan on sbtest5  (cost=34.22..3706.54 rows=955 width=121)
	  Recheck Cond: ((id >= 2353381) AND (id <= 2354380))
	  ->  Bitmap Index Scan on sbtest5_pkey  (cost=0.00..33.98 rows=955 width=0)
	        Index Cond: ((id >= 2353381) AND (id <= 2354380))

table 6 : explain SELECT c FROM sbtest6 WHERE id BETWEEN 6386790 AND 6387789
	Bitmap Heap Scan on sbtest6  (cost=34.35..3750.63 rows=967 width=121)
	  Recheck Cond: ((id >= 6386790) AND (id <= 6387789))
	  ->  Bitmap Index Scan on sbtest6_pkey  (cost=0.00..34.11 rows=967 width=0)
	        Index Cond: ((id >= 6386790) AND (id <= 6387789))

table 7 : explain SELECT c FROM sbtest7 WHERE id BETWEEN 7843773 AND 7844772
	Bitmap Heap Scan on sbtest7  (cost=34.12..3668.39 rows=945 width=121)
	  Recheck Cond: ((id >= 7843773) AND (id <= 7844772))
	  ->  Bitmap Index Scan on sbtest7_pkey  (cost=0.00..33.89 rows=945 width=0)
	        Index Cond: ((id >= 7843773) AND (id <= 7844772))

table 8 : explain SELECT c FROM sbtest8 WHERE id BETWEEN 9198046 AND 9199045
	Bitmap Heap Scan on sbtest8  (cost=30.08..3649.76 rows=941 width=121)
	  Recheck Cond: ((id >= 9198046) AND (id <= 9199045))
	  ->  Bitmap Index Scan on sbtest8_pkey  (cost=0.00..29.84 rows=941 width=0)
	        Index Cond: ((id >= 9198046) AND (id <= 9199045))

for: simple_ranges
table 1 : explain SELECT c FROM sbtest1 WHERE id BETWEEN 6537359 AND 6538358
	Bitmap Heap Scan on sbtest1  (cost=30.04..3637.67 rows=937 width=121)
	  Recheck Cond: ((id >= 6537359) AND (id <= 6538358))
	  ->  Bitmap Index Scan on sbtest1_pkey  (cost=0.00..29.80 rows=937 width=0)
	        Index Cond: ((id >= 6537359) AND (id <= 6538358))

table 2 : explain SELECT c FROM sbtest2 WHERE id BETWEEN 5790269 AND 5791268
	Bitmap Heap Scan on sbtest2  (cost=35.12..4032.07 rows=1042 width=121)
	  Recheck Cond: ((id >= 5790269) AND (id <= 5791268))
	  ->  Bitmap Index Scan on sbtest2_pkey  (cost=0.00..34.86 rows=1042 width=0)
	        Index Cond: ((id >= 5790269) AND (id <= 5791268))

table 3 : explain SELECT c FROM sbtest3 WHERE id BETWEEN 9617974 AND 9618973
	Bitmap Heap Scan on sbtest3  (cost=29.57..3458.25 rows=891 width=121)
	  Recheck Cond: ((id >= 9617974) AND (id <= 9618973))
	  ->  Bitmap Index Scan on sbtest3_pkey  (cost=0.00..29.34 rows=891 width=0)
	        Index Cond: ((id >= 9617974) AND (id <= 9618973))

table 4 : explain SELECT c FROM sbtest4 WHERE id BETWEEN 8939710 AND 8940709
	Bitmap Heap Scan on sbtest4  (cost=33.97..3610.85 rows=930 width=121)
	  Recheck Cond: ((id >= 8939710) AND (id <= 8940709))
	  ->  Bitmap Index Scan on sbtest4_pkey  (cost=0.00..33.73 rows=930 width=0)
	        Index Cond: ((id >= 8939710) AND (id <= 8940709))

table 5 : explain SELECT c FROM sbtest5 WHERE id BETWEEN 6621347 AND 6622346
	Bitmap Heap Scan on sbtest5  (cost=34.96..3978.14 rows=1027 width=121)
	  Recheck Cond: ((id >= 6621347) AND (id <= 6622346))
	  ->  Bitmap Index Scan on sbtest5_pkey  (cost=0.00..34.70 rows=1027 width=0)
	        Index Cond: ((id >= 6621347) AND (id <= 6622346))

table 6 : explain SELECT c FROM sbtest6 WHERE id BETWEEN 6937865 AND 6938864
	Bitmap Heap Scan on sbtest6  (cost=35.36..4123.56 rows=1066 width=121)
	  Recheck Cond: ((id >= 6937865) AND (id <= 6938864))
	  ->  Bitmap Index Scan on sbtest6_pkey  (cost=0.00..35.09 rows=1066 width=0)
	        Index Cond: ((id >= 6937865) AND (id <= 6938864))

table 7 : explain SELECT c FROM sbtest7 WHERE id BETWEEN 8241774 AND 8242773
	Bitmap Heap Scan on sbtest7  (cost=35.63..4222.31 rows=1092 width=121)
	  Recheck Cond: ((id >= 8241774) AND (id <= 8242773))
	  ->  Bitmap Index Scan on sbtest7_pkey  (cost=0.00..35.36 rows=1092 width=0)
	        Index Cond: ((id >= 8241774) AND (id <= 8242773))

table 8 : explain SELECT c FROM sbtest8 WHERE id BETWEEN 694852 AND 695851
	Bitmap Heap Scan on sbtest8  (cost=34.28..3725.54 rows=960 width=121)
	  Recheck Cond: ((id >= 694852) AND (id <= 695851))
	  ->  Bitmap Index Scan on sbtest8_pkey  (cost=0.00..34.04 rows=960 width=0)
	        Index Cond: ((id >= 694852) AND (id <= 695851))

explain: for point_selects :: explain SELECT c FROM sbtest%u WHERE id=%u
explain: for point_selects :: explain SELECT c FROM sbtest%u WHERE id=%u
explain: for point_selects :: explain SELECT c FROM sbtest%u WHERE id=%u
for: simple_ranges
table 1 : explain SELECT c FROM sbtest1 WHERE id BETWEEN 5104900 AND 5105899
	Bitmap Heap Scan on sbtest1  (cost=35.57..4204.12 rows=1086 width=121)
	  Recheck Cond: ((id >= 5104900) AND (id <= 5105899))
	  ->  Bitmap Index Scan on sbtest1_pkey  (cost=0.00..35.30 rows=1086 width=0)
	        Index Cond: ((id >= 5104900) AND (id <= 5105899))

table 2 : explain SELECT c FROM sbtest2 WHERE id BETWEEN 4661610 AND 4662609
	Bitmap Heap Scan on sbtest2  (cost=35.65..4227.52 rows=1094 width=121)
	  Recheck Cond: ((id >= 4661610) AND (id <= 4662609))
	  ->  Bitmap Index Scan on sbtest2_pkey  (cost=0.00..35.38 rows=1094 width=0)
	        Index Cond: ((id >= 4661610) AND (id <= 4662609))

table 3 : explain SELECT c FROM sbtest3 WHERE id BETWEEN 2568667 AND 2569666
	Bitmap Heap Scan on sbtest3  (cost=35.66..4230.91 rows=1095 width=121)
	  Recheck Cond: ((id >= 2568667) AND (id <= 2569666))
	  ->  Bitmap Index Scan on sbtest3_pkey  (cost=0.00..35.39 rows=1095 width=0)
	        Index Cond: ((id >= 2568667) AND (id <= 2569666))

table 4 : explain SELECT c FROM sbtest4 WHERE id BETWEEN 7693071 AND 7694070
	Bitmap Heap Scan on sbtest4  (cost=35.09..4025.65 rows=1040 width=121)
	  Recheck Cond: ((id >= 7693071) AND (id <= 7694070))
	  ->  Bitmap Index Scan on sbtest4_pkey  (cost=0.00..34.84 rows=1040 width=0)
	        Index Cond: ((id >= 7693071) AND (id <= 7694070))

table 5 : explain SELECT c FROM sbtest5 WHERE id BETWEEN 6035017 AND 6036016
	Bitmap Heap Scan on sbtest5  (cost=35.26..4087.34 rows=1056 width=121)
	  Recheck Cond: ((id >= 6035017) AND (id <= 6036016))
	  ->  Bitmap Index Scan on sbtest5_pkey  (cost=0.00..35.00 rows=1056 width=0)
	        Index Cond: ((id >= 6035017) AND (id <= 6036016))

table 6 : explain SELECT c FROM sbtest6 WHERE id BETWEEN 9245355 AND 9246354
	Bitmap Heap Scan on sbtest6  (cost=29.78..3538.89 rows=912 width=121)
	  Recheck Cond: ((id >= 9245355) AND (id <= 9246354))
	  ->  Bitmap Index Scan on sbtest6_pkey  (cost=0.00..29.55 rows=912 width=0)
	        Index Cond: ((id >= 9245355) AND (id <= 9246354))

table 7 : explain SELECT c FROM sbtest7 WHERE id BETWEEN 6029278 AND 6030277
	Bitmap Heap Scan on sbtest7  (cost=34.48..3800.53 rows=980 width=121)
	  Recheck Cond: ((id >= 6029278) AND (id <= 6030277))
	  ->  Bitmap Index Scan on sbtest7_pkey  (cost=0.00..34.23 rows=980 width=0)
	        Index Cond: ((id >= 6029278) AND (id <= 6030277))

table 8 : explain SELECT c FROM sbtest8 WHERE id BETWEEN 111528 AND 112527
	Bitmap Heap Scan on sbtest8  (cost=29.96..3604.41 rows=929 width=121)
	  Recheck Cond: ((id >= 111528) AND (id <= 112527))
	  ->  Bitmap Index Scan on sbtest8_pkey  (cost=0.00..29.72 rows=929 width=0)
	        Index Cond: ((id >= 111528) AND (id <= 112527))

for point_selects
table 1 : explain SELECT c FROM sbtest1 WHERE id=9102964
	Index Scan using sbtest1_pkey on sbtest1  (cost=0.43..8.45 rows=1 width=121)
	  Index Cond: (id = 9102964)

table 2 : explain SELECT c FROM sbtest2 WHERE id=2131604
	Index Scan using sbtest2_pkey on sbtest2  (cost=0.43..8.45 rows=1 width=121)
	  Index Cond: (id = 2131604)

table 3 : explain SELECT c FROM sbtest3 WHERE id=2337070
	Index Scan using sbtest3_pkey on sbtest3  (cost=0.43..8.45 rows=1 width=121)
	  Index Cond: (id = 2337070)

table 4 : explain SELECT c FROM sbtest4 WHERE id=1069494
	Index Scan using sbtest4_pkey on sbtest4  (cost=0.43..8.45 rows=1 width=121)
	  Index Cond: (id = 1069494)

table 5 : explain SELECT c FROM sbtest5 WHERE id=5855455
	Index Scan using sbtest5_pkey on sbtest5  (cost=0.43..8.45 rows=1 width=121)
	  Index Cond: (id = 5855455)

table 6 : explain SELECT c FROM sbtest6 WHERE id=1243366
	Index Scan using sbtest6_pkey on sbtest6  (cost=0.43..8.45 rows=1 width=121)
	  Index Cond: (id = 1243366)

table 7 : explain SELECT c FROM sbtest7 WHERE id=889084
	Index Scan using sbtest7_pkey on sbtest7  (cost=0.43..8.45 rows=1 width=121)
	  Index Cond: (id = 889084)

table 8 : explain SELECT c FROM sbtest8 WHERE id=501754
	Index Scan using sbtest8_pkey on sbtest8  (cost=0.43..8.45 rows=1 width=121)
	  Index Cond: (id = 501754)

for point_selects
table 1 : explain SELECT c FROM sbtest1 WHERE id=2720751
	Index Scan using sbtest1_pkey on sbtest1  (cost=0.43..8.45 rows=1 width=121)
	  Index Cond: (id = 2720751)

table 2 : explain SELECT c FROM sbtest2 WHERE id=3532815
	Index Scan using sbtest2_pkey on sbtest2  (cost=0.43..8.45 rows=1 width=121)
	  Index Cond: (id = 3532815)

table 3 : explain SELECT c FROM sbtest3 WHERE id=8451719
	Index Scan using sbtest3_pkey on sbtest3  (cost=0.43..8.45 rows=1 width=121)
	  Index Cond: (id = 8451719)

table 4 : explain SELECT c FROM sbtest4 WHERE id=633418
	Index Scan using sbtest4_pkey on sbtest4  (cost=0.43..8.45 rows=1 width=121)
	  Index Cond: (id = 633418)

table 5 : explain SELECT c FROM sbtest5 WHERE id=6588804
	Index Scan using sbtest5_pkey on sbtest5  (cost=0.43..8.45 rows=1 width=121)
	  Index Cond: (id = 6588804)

table 6 : explain SELECT c FROM sbtest6 WHERE id=1664952
	Index Scan using sbtest6_pkey on sbtest6  (cost=0.43..8.45 rows=1 width=121)
	  Index Cond: (id = 1664952)

table 7 : explain SELECT c FROM sbtest7 WHERE id=6840228
	Index Scan using sbtest7_pkey on sbtest7  (cost=0.43..8.45 rows=1 width=121)
	  Index Cond: (id = 6840228)

table 8 : explain SELECT c FROM sbtest8 WHERE id=8624227
	Index Scan using sbtest8_pkey on sbtest8  (cost=0.43..8.45 rows=1 width=121)
	  Index Cond: (id = 8624227)

explain: for point_selects :: explain SELECT c FROM sbtest%u WHERE id=%u
for: simple_ranges
table 1 : explain SELECT c FROM sbtest1 WHERE id BETWEEN 1954785 AND 1955784
	Bitmap Heap Scan on sbtest1  (cost=34.98..3989.28 rows=1029 width=121)
	  Recheck Cond: ((id >= 1954785) AND (id <= 1955784))
	  ->  Bitmap Index Scan on sbtest1_pkey  (cost=0.00..34.73 rows=1029 width=0)
	        Index Cond: ((id >= 1954785) AND (id <= 1955784))

table 2 : explain SELECT c FROM sbtest2 WHERE id BETWEEN 1991049 AND 1992048
	Bitmap Heap Scan on sbtest2  (cost=34.17..3685.42 rows=950 width=121)
	  Recheck Cond: ((id >= 1991049) AND (id <= 1992048))
	  ->  Bitmap Index Scan on sbtest2_pkey  (cost=0.00..33.94 rows=950 width=0)
	        Index Cond: ((id >= 1991049) AND (id <= 1992048))

table 3 : explain SELECT c FROM sbtest3 WHERE id BETWEEN 2794145 AND 2795144
	Bitmap Heap Scan on sbtest3  (cost=34.11..3662.47 rows=944 width=121)
	  Recheck Cond: ((id >= 2794145) AND (id <= 2795144))
	  ->  Bitmap Index Scan on sbtest3_pkey  (cost=0.00..33.88 rows=944 width=0)
	        Index Cond: ((id >= 2794145) AND (id <= 2795144))

table 4 : explain SELECT c FROM sbtest4 WHERE id BETWEEN 9805523 AND 9806522
	Bitmap Heap Scan on sbtest4  (cost=34.80..3916.45 rows=1011 width=121)
	  Recheck Cond: ((id >= 9805523) AND (id <= 9806522))
	  ->  Bitmap Index Scan on sbtest4_pkey  (cost=0.00..34.55 rows=1011 width=0)
	        Index Cond: ((id >= 9805523) AND (id <= 9806522))

table 5 : explain SELECT c FROM sbtest5 WHERE id BETWEEN 5439026 AND 5440025
	Bitmap Heap Scan on sbtest5  (cost=34.33..3744.30 rows=965 width=121)
	  Recheck Cond: ((id >= 5439026) AND (id <= 5440025))
	  ->  Bitmap Index Scan on sbtest5_pkey  (cost=0.00..34.09 rows=965 width=0)
	        Index Cond: ((id >= 5439026) AND (id <= 5440025))

table 6 : explain SELECT c FROM sbtest6 WHERE id BETWEEN 2758562 AND 2759561
	Bitmap Heap Scan on sbtest6  (cost=34.14..3675.13 rows=947 width=121)
	  Recheck Cond: ((id >= 2758562) AND (id <= 2759561))
	  ->  Bitmap Index Scan on sbtest6_pkey  (cost=0.00..33.91 rows=947 width=0)
	        Index Cond: ((id >= 2758562) AND (id <= 2759561))

table 7 : explain SELECT c FROM sbtest7 WHERE id BETWEEN 9356218 AND 9357217
	Bitmap Heap Scan on sbtest7  (cost=29.98..3611.49 rows=931 width=121)
	  Recheck Cond: ((id >= 9356218) AND (id <= 9357217))
	  ->  Bitmap Index Scan on sbtest7_pkey  (cost=0.00..29.75 rows=931 width=0)
	        Index Cond: ((id >= 9356218) AND (id <= 9357217))

table 8 : explain SELECT c FROM sbtest8 WHERE id BETWEEN 8438509 AND 8439508
	Bitmap Heap Scan on sbtest8  (cost=29.92..3589.29 rows=925 width=121)
	  Recheck Cond: ((id >= 8438509) AND (id <= 8439508))
	  ->  Bitmap Index Scan on sbtest8_pkey  (cost=0.00..29.68 rows=925 width=0)
	        Index Cond: ((id >= 8438509) AND (id <= 8439508))

explain: for point_selects :: explain SELECT c FROM sbtest%u WHERE id=%u
explain: for point_selects :: explain SELECT c FROM sbtest%u WHERE id=%u
explain: for point_selects :: explain SELECT c FROM sbtest%u WHERE id=%u
for point_selects
table 1 : explain SELECT c FROM sbtest1 WHERE id=1706656
	Index Scan using sbtest1_pkey on sbtest1  (cost=0.43..8.45 rows=1 width=121)
	  Index Cond: (id = 1706656)

table 2 : explain SELECT c FROM sbtest2 WHERE id=897249
	Index Scan using sbtest2_pkey on sbtest2  (cost=0.43..8.45 rows=1 width=121)
	  Index Cond: (id = 897249)

table 3 : explain SELECT c FROM sbtest3 WHERE id=660814
	Index Scan using sbtest3_pkey on sbtest3  (cost=0.43..8.45 rows=1 width=121)
	  Index Cond: (id = 660814)

table 4 : explain SELECT c FROM sbtest4 WHERE id=737081
	Index Scan using sbtest4_pkey on sbtest4  (cost=0.43..8.45 rows=1 width=121)
	  Index Cond: (id = 737081)

table 5 : explain SELECT c FROM sbtest5 WHERE id=4483092
	Index Scan using sbtest5_pkey on sbtest5  (cost=0.43..8.45 rows=1 width=121)
	  Index Cond: (id = 4483092)

table 6 : explain SELECT c FROM sbtest6 WHERE id=2464530
	Index Scan using sbtest6_pkey on sbtest6  (cost=0.43..8.45 rows=1 width=121)
	  Index Cond: (id = 2464530)

table 7 : explain SELECT c FROM sbtest7 WHERE id=7006410
	Index Scan using sbtest7_pkey on sbtest7  (cost=0.43..8.45 rows=1 width=121)
	  Index Cond: (id = 7006410)

table 8 : explain SELECT c FROM sbtest8 WHERE id=6090393
	Index Scan using sbtest8_pkey on sbtest8  (cost=0.43..8.45 rows=1 width=121)
	  Index Cond: (id = 6090393)
explain: for point_selects :: explain SELECT c FROM sbtest%u WHERE id=%u

for: sum_ranges
table 1 : explain SELECT SUM(k) FROM sbtest1 WHERE id BETWEEN 747839 AND 748838
	Aggregate  (cost=3976.75..3976.76 rows=1 width=8)
	  ->  Bitmap Heap Scan on sbtest1  (cost=34.94..3974.19 rows=1025 width=4)
	        Recheck Cond: ((id >= 747839) AND (id <= 748838))
	        ->  Bitmap Index Scan on sbtest1_pkey  (cost=0.00..34.69 rows=1025 width=0)
	              Index Cond: ((id >= 747839) AND (id <= 748838))

table 2 : explain SELECT SUM(k) FROM sbtest2 WHERE id BETWEEN 1076944 AND 1077943
	Aggregate  (cost=3827.43..3827.44 rows=1 width=8)
	  ->  Bitmap Heap Scan on sbtest2  (cost=34.55..3824.96 rows=987 width=4)
	        Recheck Cond: ((id >= 1076944) AND (id <= 1077943))
	        ->  Bitmap Index Scan on sbtest2_pkey  (cost=0.00..34.31 rows=987 width=0)
	              Index Cond: ((id >= 1076944) AND (id <= 1077943))

table 3 : explain SELECT SUM(k) FROM sbtest3 WHERE id BETWEEN 2285324 AND 2286323
	Aggregate  (cost=3683.72..3683.73 rows=1 width=8)
	  ->  Bitmap Heap Scan on sbtest3  (cost=34.16..3681.34 rows=949 width=4)
	        Recheck Cond: ((id >= 2285324) AND (id <= 2286323))
	        ->  Bitmap Index Scan on sbtest3_pkey  (cost=0.00..33.93 rows=949 width=0)
	              Index Cond: ((id >= 2285324) AND (id <= 2286323))

table 4 : explain SELECT SUM(k) FROM sbtest4 WHERE id BETWEEN 6582234 AND 6583233
	Aggregate  (cost=4001.89..4001.90 rows=1 width=8)
	  ->  Bitmap Heap Scan on sbtest4  (cost=35.02..3999.30 rows=1033 width=4)
	        Recheck Cond: ((id >= 6582234) AND (id <= 6583233))
	        ->  Bitmap Index Scan on sbtest4_pkey  (cost=0.00..34.77 rows=1033 width=0)
	              Index Cond: ((id >= 6582234) AND (id <= 6583233))

table 5 : explain SELECT SUM(k) FROM sbtest5 WHERE id BETWEEN 5500456 AND 5501455
	Aggregate  (cost=4010.86..4010.87 rows=1 width=8)
	  ->  Bitmap Heap Scan on sbtest5  (cost=35.04..4008.27 rows=1035 width=4)
	        Recheck Cond: ((id >= 5500456) AND (id <= 5501455))
	        ->  Bitmap Index Scan on sbtest5_pkey  (cost=0.00..34.79 rows=1035 width=0)
	              Index Cond: ((id >= 5500456) AND (id <= 5501455))

table 6 : explain SELECT SUM(k) FROM sbtest6 WHERE id BETWEEN 8211452 AND 8212451
	Aggregate  (cost=3700.17..3700.18 rows=1 width=8)
	  ->  Bitmap Heap Scan on sbtest6  (cost=34.20..3697.79 rows=953 width=4)
	        Recheck Cond: ((id >= 8211452) AND (id <= 8212451))
	        ->  Bitmap Index Scan on sbtest6_pkey  (cost=0.00..33.97 rows=953 width=0)
	              Index Cond: ((id >= 8211452) AND (id <= 8212451))

table 7 : explain SELECT SUM(k) FROM sbtest7 WHERE id BETWEEN 7707374 AND 7708373
	Aggregate  (cost=3833.18..3833.19 rows=1 width=8)
	  ->  Bitmap Heap Scan on sbtest7  (cost=34.56..3830.71 rows=988 width=4)
	        Recheck Cond: ((id >= 7707374) AND (id <= 7708373))
	        ->  Bitmap Index Scan on sbtest7_pkey  (cost=0.00..34.32 rows=988 width=0)
	              Index Cond: ((id >= 7707374) AND (id <= 7708373))

table 8 : explain SELECT SUM(k) FROM sbtest8 WHERE id BETWEEN 5566297 AND 5567296
	Aggregate  (cost=3890.31..3890.32 rows=1 width=8)
	  ->  Bitmap Heap Scan on sbtest8  (cost=34.72..3887.80 rows=1003 width=4)
	        Recheck Cond: ((id >= 5566297) AND (id <= 5567296))
	        ->  Bitmap Index Scan on sbtest8_pkey  (cost=0.00..34.47 rows=1003 width=0)
	              Index Cond: ((id >= 5566297) AND (id <= 5567296))

for: sum_ranges
table 1 : explain SELECT SUM(k) FROM sbtest1 WHERE id BETWEEN 5209109 AND 5210108
	Aggregate  (cost=3889.88..3889.89 rows=1 width=8)
	  ->  Bitmap Heap Scan on sbtest1  (cost=34.71..3887.38 rows=1002 width=4)
	        Recheck Cond: ((id >= 5209109) AND (id <= 5210108))
	        ->  Bitmap Index Scan on sbtest1_pkey  (cost=0.00..34.45 rows=1002 width=0)
	              Index Cond: ((id >= 5209109) AND (id <= 5210108))

table 2 : explain SELECT SUM(k) FROM sbtest2 WHERE id BETWEEN 9292868 AND 9293867
	Aggregate  (cost=3883.99..3884.00 rows=1 width=8)
	  ->  Bitmap Heap Scan on sbtest2  (cost=34.71..3881.48 rows=1002 width=4)
	        Recheck Cond: ((id >= 9292868) AND (id <= 9293867))
	        ->  Bitmap Index Scan on sbtest2_pkey  (cost=0.00..34.45 rows=1002 width=0)
	              Index Cond: ((id >= 9292868) AND (id <= 9293867))

table 3 : explain SELECT SUM(k) FROM sbtest3 WHERE id BETWEEN 4227818 AND 4228817
	Aggregate  (cost=3917.58..3917.59 rows=1 width=8)
	  ->  Bitmap Heap Scan on sbtest3  (cost=34.80..3915.05 rows=1011 width=4)
	        Recheck Cond: ((id >= 4227818) AND (id <= 4228817))
	        ->  Bitmap Index Scan on sbtest3_pkey  (cost=0.00..34.55 rows=1011 width=0)
	              Index Cond: ((id >= 4227818) AND (id <= 4228817))

table 4 : explain SELECT SUM(k) FROM sbtest4 WHERE id BETWEEN 715476 AND 716475
	Aggregate  (cost=3786.95..3786.96 rows=1 width=8)
	  ->  Bitmap Heap Scan on sbtest4  (cost=34.44..3784.51 rows=976 width=4)
	        Recheck Cond: ((id >= 715476) AND (id <= 716475))
	        ->  Bitmap Index Scan on sbtest4_pkey  (cost=0.00..34.20 rows=976 width=0)
	              Index Cond: ((id >= 715476) AND (id <= 716475))

table 5 : explain SELECT SUM(k) FROM sbtest5 WHERE id BETWEEN 7504715 AND 7505714
	Aggregate  (cost=3969.39..3969.40 rows=1 width=8)
	  ->  Bitmap Heap Scan on sbtest5  (cost=34.93..3966.83 rows=1024 width=4)
	        Recheck Cond: ((id >= 7504715) AND (id <= 7505714))
	        ->  Bitmap Index Scan on sbtest5_pkey  (cost=0.00..34.68 rows=1024 width=0)
	              Index Cond: ((id >= 7504715) AND (id <= 7505714))

table 6 : explain SELECT SUM(k) FROM sbtest6 WHERE id BETWEEN 3662733 AND 3663732
	Aggregate  (cost=3930.37..3930.38 rows=1 width=8)
	  ->  Bitmap Heap Scan on sbtest6  (cost=34.83..3927.83 rows=1014 width=4)
	        Recheck Cond: ((id >= 3662733) AND (id <= 3663732))
	        ->  Bitmap Index Scan on sbtest6_pkey  (cost=0.00..34.58 rows=1014 width=0)
	              Index Cond: ((id >= 3662733) AND (id <= 3663732))

table 7 : explain SELECT SUM(k) FROM sbtest7 WHERE id BETWEEN 5663481 AND 5664480
	Aggregate  (cost=3772.77..3772.78 rows=1 width=8)
	  ->  Bitmap Heap Scan on sbtest7  (cost=34.40..3770.34 rows=972 width=4)
	        Recheck Cond: ((id >= 5663481) AND (id <= 5664480))
	        ->  Bitmap Index Scan on sbtest7_pkey  (cost=0.00..34.16 rows=972 width=0)
	              Index Cond: ((id >= 5663481) AND (id <= 5664480))

table 8 : explain SELECT SUM(k) FROM sbtest8 WHERE id BETWEEN 39786 AND 40785
	Aggregate  (cost=3924.26..3924.27 rows=1 width=8)
	  ->  Bitmap Heap Scan on sbtest8  (cost=34.81..3921.73 rows=1012 width=4)
	        Recheck Cond: ((id >= 39786) AND (id <= 40785))
	        ->  Bitmap Index Scan on sbtest8_pkey  (cost=0.00..34.56 rows=1012 width=0)
	              Index Cond: ((id >= 39786) AND (id <= 40785))

for: simple_ranges
table 1 : explain SELECT c FROM sbtest1 WHERE id BETWEEN 7146442 AND 7147441
	Bitmap Heap Scan on sbtest1  (cost=35.01..4000.60 rows=1032 width=121)
	  Recheck Cond: ((id >= 7146442) AND (id <= 7147441))
	  ->  Bitmap Index Scan on sbtest1_pkey  (cost=0.00..34.76 rows=1032 width=0)
	        Index Cond: ((id >= 7146442) AND (id <= 7147441))

table 2 : explain SELECT c FROM sbtest2 WHERE id BETWEEN 3767542 AND 3768541
	Bitmap Heap Scan on sbtest2  (cost=29.55..3450.96 rows=889 width=121)
	  Recheck Cond: ((id >= 3767542) AND (id <= 3768541))
	  ->  Bitmap Index Scan on sbtest2_pkey  (cost=0.00..29.32 rows=889 width=0)
	        Index Cond: ((id >= 3767542) AND (id <= 3768541))

table 3 : explain SELECT c FROM sbtest3 WHERE id BETWEEN 4960094 AND 4961093
	Bitmap Heap Scan on sbtest3  (cost=34.78..3907.52 rows=1009 width=121)
	  Recheck Cond: ((id >= 4960094) AND (id <= 4961093))
	  ->  Bitmap Index Scan on sbtest3_pkey  (cost=0.00..34.53 rows=1009 width=0)
	        Index Cond: ((id >= 4960094) AND (id <= 4961093))

table 4 : explain SELECT c FROM sbtest4 WHERE id BETWEEN 6411145 AND 6412144
	Bitmap Heap Scan on sbtest4  (cost=35.32..4108.43 rows=1062 width=121)
	  Recheck Cond: ((id >= 6411145) AND (id <= 6412144))
	  ->  Bitmap Index Scan on sbtest4_pkey  (cost=0.00..35.06 rows=1062 width=0)
	        Index Cond: ((id >= 6411145) AND (id <= 6412144))

table 5 : explain SELECT c FROM sbtest5 WHERE id BETWEEN 6902637 AND 6903636
	Bitmap Heap Scan on sbtest5  (cost=34.33..3744.30 rows=965 width=121)
	  Recheck Cond: ((id >= 6902637) AND (id <= 6903636))
	  ->  Bitmap Index Scan on sbtest5_pkey  (cost=0.00..34.09 rows=965 width=0)
	        Index Cond: ((id >= 6902637) AND (id <= 6903636))

table 6 : explain SELECT c FROM sbtest6 WHERE id BETWEEN 6718837 AND 6719836
	Bitmap Heap Scan on sbtest6  (cost=34.64..3860.00 rows=996 width=121)
	  Recheck Cond: ((id >= 6718837) AND (id <= 6719836))
	  ->  Bitmap Index Scan on sbtest6_pkey  (cost=0.00..34.40 rows=996 width=0)
	        Index Cond: ((id >= 6718837) AND (id <= 6719836))

table 7 : explain SELECT c FROM sbtest7 WHERE id BETWEEN 9309725 AND 9310724
	Bitmap Heap Scan on sbtest7  (cost=29.98..3611.49 rows=931 width=121)
	  Recheck Cond: ((id >= 9309725) AND (id <= 9310724))
	  ->  Bitmap Index Scan on sbtest7_pkey  (cost=0.00..29.75 rows=931 width=0)
	        Index Cond: ((id >= 9309725) AND (id <= 9310724))

table 8 : explain SELECT c FROM sbtest8 WHERE id BETWEEN 1234796 AND 1235795
	Bitmap Heap Scan on sbtest8  (cost=34.31..3736.87 rows=963 width=121)
	  Recheck Cond: ((id >= 1234796) AND (id <= 1235795))
	  ->  Bitmap Index Scan on sbtest8_pkey  (cost=0.00..34.07 rows=963 width=0)
	        Index Cond: ((id >= 1234796) AND (id <= 1235795))

for: sum_ranges
table 1 : explain SELECT SUM(k) FROM sbtest1 WHERE id BETWEEN 2823308 AND 2824307
	Aggregate  (cost=3621.08..3621.09 rows=1 width=8)
	  ->  Bitmap Heap Scan on sbtest1  (cost=29.99..3618.75 rows=932 width=4)
	        Recheck Cond: ((id >= 2823308) AND (id <= 2824307))
	        ->  Bitmap Index Scan on sbtest1_pkey  (cost=0.00..29.75 rows=932 width=0)
	              Index Cond: ((id >= 2823308) AND (id <= 2824307))

table 2 : explain SELECT SUM(k) FROM sbtest2 WHERE id BETWEEN 2567837 AND 2568836
	Aggregate  (cost=3917.91..3917.92 rows=1 width=8)
	  ->  Bitmap Heap Scan on sbtest2  (cost=34.80..3915.38 rows=1011 width=4)
	        Recheck Cond: ((id >= 2567837) AND (id <= 2568836))
	        ->  Bitmap Index Scan on sbtest2_pkey  (cost=0.00..34.55 rows=1011 width=0)
	              Index Cond: ((id >= 2567837) AND (id <= 2568836))

table 3 : explain SELECT SUM(k) FROM sbtest3 WHERE id BETWEEN 2048141 AND 2049140
	Aggregate  (cost=4026.80..4026.81 rows=1 width=8)
	  ->  Bitmap Heap Scan on sbtest3  (cost=35.09..4024.20 rows=1040 width=4)
	        Recheck Cond: ((id >= 2048141) AND (id <= 2049140))
	        ->  Bitmap Index Scan on sbtest3_pkey  (cost=0.00..34.84 rows=1040 width=0)
	              Index Cond: ((id >= 2048141) AND (id <= 2049140))

table 4 : explain SELECT SUM(k) FROM sbtest4 WHERE id BETWEEN 8325265 AND 8326264
	Aggregate  (cost=3964.21..3964.22 rows=1 width=8)
	  ->  Bitmap Heap Scan on sbtest4  (cost=34.92..3961.65 rows=1023 width=4)
	        Recheck Cond: ((id >= 8325265) AND (id <= 8326264))
	        ->  Bitmap Index Scan on sbtest4_pkey  (cost=0.00..34.67 rows=1023 width=0)
	              Index Cond: ((id >= 8325265) AND (id <= 8326264))

table 5 : explain SELECT SUM(k) FROM sbtest5 WHERE id BETWEEN 7282759 AND 7283758
	Aggregate  (cost=3863.77..3863.78 rows=1 width=8)
	  ->  Bitmap Heap Scan on sbtest5  (cost=34.64..3861.28 rows=996 width=4)
	        Recheck Cond: ((id >= 7282759) AND (id <= 7283758))
	        ->  Bitmap Index Scan on sbtest5_pkey  (cost=0.00..34.40 rows=996 width=0)
	              Index Cond: ((id >= 7282759) AND (id <= 7283758))

table 6 : explain SELECT SUM(k) FROM sbtest6 WHERE id BETWEEN 2439982 AND 2440981
	Aggregate  (cost=3820.99..3821.00 rows=1 width=8)
	  ->  Bitmap Heap Scan on sbtest6  (cost=34.53..3818.53 rows=985 width=4)
	        Recheck Cond: ((id >= 2439982) AND (id <= 2440981))
	        ->  Bitmap Index Scan on sbtest6_pkey  (cost=0.00..34.29 rows=985 width=0)
	              Index Cond: ((id >= 2439982) AND (id <= 2440981))

table 7 : explain SELECT SUM(k) FROM sbtest7 WHERE id BETWEEN 6433530 AND 6434529
	Aggregate  (cost=4416.98..4416.99 rows=1 width=8)
	  ->  Bitmap Heap Scan on sbtest7  (cost=40.15..4414.13 rows=1143 width=4)
	        Recheck Cond: ((id >= 6433530) AND (id <= 6434529))
	        ->  Bitmap Index Scan on sbtest7_pkey  (cost=0.00..39.87 rows=1143 width=0)
	              Index Cond: ((id >= 6433530) AND (id <= 6434529))

table 8 : explain SELECT SUM(k) FROM sbtest8 WHERE id BETWEEN 1757864 AND 1758863
	Aggregate  (cost=3701.48..3701.49 rows=1 width=8)
	  ->  Bitmap Heap Scan on sbtest8  (cost=34.20..3699.10 rows=953 width=4)
	        Recheck Cond: ((id >= 1757864) AND (id <= 1758863))
	        ->  Bitmap Index Scan on sbtest8_pkey  (cost=0.00..33.97 rows=953 width=0)
	              Index Cond: ((id >= 1757864) AND (id <= 1758863))

for point_selects
table 1 : explain SELECT c FROM sbtest1 WHERE id=181669
	Index Scan using sbtest1_pkey on sbtest1  (cost=0.43..8.45 rows=1 width=121)
	  Index Cond: (id = 181669)

table 2 : explain SELECT c FROM sbtest2 WHERE id=3646715
	Index Scan using sbtest2_pkey on sbtest2  (cost=0.43..8.45 rows=1 width=121)
	  Index Cond: (id = 3646715)

table 3 : explain SELECT c FROM sbtest3 WHERE id=3034587
	Index Scan using sbtest3_pkey on sbtest3  (cost=0.43..8.45 rows=1 width=121)
	  Index Cond: (id = 3034587)

table 4 : explain SELECT c FROM sbtest4 WHERE id=3863893
	Index Scan using sbtest4_pkey on sbtest4  (cost=0.43..8.45 rows=1 width=121)
	  Index Cond: (id = 3863893)

table 5 : explain SELECT c FROM sbtest5 WHERE id=1185951
	Index Scan using sbtest5_pkey on sbtest5  (cost=0.43..8.45 rows=1 width=121)
	  Index Cond: (id = 1185951)

table 6 : explain SELECT c FROM sbtest6 WHERE id=3078184
	Index Scan using sbtest6_pkey on sbtest6  (cost=0.43..8.45 rows=1 width=121)
	  Index Cond: (id = 3078184)

table 7 : explain SELECT c FROM sbtest7 WHERE id=451372
	Index Scan using sbtest7_pkey on sbtest7  (cost=0.43..8.45 rows=1 width=121)
	  Index Cond: (id = 451372)

table 8 : explain SELECT c FROM sbtest8 WHERE id=1350264
	Index Scan using sbtest8_pkey on sbtest8  (cost=0.43..8.45 rows=1 width=121)
	  Index Cond: (id = 1350264)

for point_selects
table 1 : explain SELECT c FROM sbtest1 WHERE id=2526484
	Index Scan using sbtest1_pkey on sbtest1  (cost=0.43..8.45 rows=1 width=121)
	  Index Cond: (id = 2526484)

table 2 : explain SELECT c FROM sbtest2 WHERE id=8093388
	Index Scan using sbtest2_pkey on sbtest2  (cost=0.43..8.45 rows=1 width=121)
	  Index Cond: (id = 8093388)

table 3 : explain SELECT c FROM sbtest3 WHERE id=7845132
	Index Scan using sbtest3_pkey on sbtest3  (cost=0.43..8.45 rows=1 width=121)
	  Index Cond: (id = 7845132)

table 4 : explain SELECT c FROM sbtest4 WHERE id=1578368
	Index Scan using sbtest4_pkey on sbtest4  (cost=0.43..8.45 rows=1 width=121)
	  Index Cond: (id = 1578368)

table 5 : explain SELECT c FROM sbtest5 WHERE id=8730228
	Index Scan using sbtest5_pkey on sbtest5  (cost=0.43..8.45 rows=1 width=121)
	  Index Cond: (id = 8730228)

table 6 : explain SELECT c FROM sbtest6 WHERE id=7904433
	Index Scan using sbtest6_pkey on sbtest6  (cost=0.43..8.45 rows=1 width=121)
	  Index Cond: (id = 7904433)

table 7 : explain SELECT c FROM sbtest7 WHERE id=3436817
	Index Scan using sbtest7_pkey on sbtest7  (cost=0.43..8.45 rows=1 width=121)
	  Index Cond: (id = 3436817)

table 8 : explain SELECT c FROM sbtest8 WHERE id=9581139
	Index Scan using sbtest8_pkey on sbtest8  (cost=0.43..8.45 rows=1 width=121)
	  Index Cond: (id = 9581139)

for: sum_ranges
table 1 : explain SELECT SUM(k) FROM sbtest1 WHERE id BETWEEN 6206267 AND 6207266
	Aggregate  (cost=3700.80..3700.81 rows=1 width=8)
	  ->  Bitmap Heap Scan on sbtest1  (cost=34.19..3698.42 rows=952 width=4)
	        Recheck Cond: ((id >= 6206267) AND (id <= 6207266))
	        ->  Bitmap Index Scan on sbtest1_pkey  (cost=0.00..33.95 rows=952 width=0)
	              Index Cond: ((id >= 6206267) AND (id <= 6207266))

table 2 : explain SELECT SUM(k) FROM sbtest2 WHERE id BETWEEN 4592491 AND 4593490
	Aggregate  (cost=4177.63..4177.64 rows=1 width=8)
	  ->  Bitmap Heap Scan on sbtest2  (cost=35.51..4174.93 rows=1080 width=4)
	        Recheck Cond: ((id >= 4592491) AND (id <= 4593490))
	        ->  Bitmap Index Scan on sbtest2_pkey  (cost=0.00..35.23 rows=1080 width=0)
	              Index Cond: ((id >= 4592491) AND (id <= 4593490))

table 3 : explain SELECT SUM(k) FROM sbtest3 WHERE id BETWEEN 2750939 AND 2751938
	Aggregate  (cost=4447.89..4447.90 rows=1 width=8)
	  ->  Bitmap Heap Scan on sbtest3  (cost=40.24..4445.01 rows=1152 width=4)
	        Recheck Cond: ((id >= 2750939) AND (id <= 2751938))
	        ->  Bitmap Index Scan on sbtest3_pkey  (cost=0.00..39.95 rows=1152 width=0)
	              Index Cond: ((id >= 2750939) AND (id <= 2751938))

table 4 : explain SELECT SUM(k) FROM sbtest4 WHERE id BETWEEN 2815667 AND 2816666
	Aggregate  (cost=4077.21..4077.22 rows=1 width=8)
	  ->  Bitmap Heap Scan on sbtest4  (cost=35.23..4074.57 rows=1053 width=4)
	        Recheck Cond: ((id >= 2815667) AND (id <= 2816666))
	        ->  Bitmap Index Scan on sbtest4_pkey  (cost=0.00..34.97 rows=1053 width=0)
	              Index Cond: ((id >= 2815667) AND (id <= 2816666))

table 5 : explain SELECT SUM(k) FROM sbtest5 WHERE id BETWEEN 6434129 AND 6435128
	Aggregate  (cost=3999.55..3999.56 rows=1 width=8)
	  ->  Bitmap Heap Scan on sbtest5  (cost=35.01..3996.97 rows=1032 width=4)
	        Recheck Cond: ((id >= 6434129) AND (id <= 6435128))
	        ->  Bitmap Index Scan on sbtest5_pkey  (cost=0.00..34.76 rows=1032 width=0)
	              Index Cond: ((id >= 6434129) AND (id <= 6435128))

table 6 : explain SELECT SUM(k) FROM sbtest6 WHERE id BETWEEN 3200665 AND 3201664
	Aggregate  (cost=4103.64..4103.65 rows=1 width=8)
	  ->  Bitmap Heap Scan on sbtest6  (cost=35.30..4100.99 rows=1060 width=4)
	        Recheck Cond: ((id >= 3200665) AND (id <= 3201664))
	        ->  Bitmap Index Scan on sbtest6_pkey  (cost=0.00..35.04 rows=1060 width=0)
	              Index Cond: ((id >= 3200665) AND (id <= 3201664))

table 7 : explain SELECT SUM(k) FROM sbtest7 WHERE id BETWEEN 3600670 AND 3601669
	Aggregate  (cost=4085.78..4085.79 rows=1 width=8)
	  ->  Bitmap Heap Scan on sbtest7  (cost=35.25..4083.14 rows=1055 width=4)
	        Recheck Cond: ((id >= 3600670) AND (id <= 3601669))
	        ->  Bitmap Index Scan on sbtest7_pkey  (cost=0.00..34.98 rows=1055 width=0)
	              Index Cond: ((id >= 3600670) AND (id <= 3601669))

table 8 : explain SELECT SUM(k) FROM sbtest8 WHERE id BETWEEN 6807649 AND 6808648
	Aggregate  (cost=4097.65..4097.66 rows=1 width=8)
	  ->  Bitmap Heap Scan on sbtest8  (cost=35.28..4095.01 rows=1058 width=4)
	        Recheck Cond: ((id >= 6807649) AND (id <= 6808648))
	        ->  Bitmap Index Scan on sbtest8_pkey  (cost=0.00..35.02 rows=1058 width=0)
	              Index Cond: ((id >= 6807649) AND (id <= 6808648))

for: order_ranges
table 1 : explain SELECT c FROM sbtest1 WHERE id BETWEEN 5046699 AND 5047698 ORDER BY c
	Sort  (cost=4258.89..4261.60 rows=1086 width=121)
	  Sort Key: c
	  ->  Bitmap Heap Scan on sbtest1  (cost=35.57..4204.12 rows=1086 width=121)
	        Recheck Cond: ((id >= 5046699) AND (id <= 5047698))
	        ->  Bitmap Index Scan on sbtest1_pkey  (cost=0.00..35.30 rows=1086 width=0)
	              Index Cond: ((id >= 5046699) AND (id <= 5047698))

table 2 : explain SELECT c FROM sbtest2 WHERE id BETWEEN 7550543 AND 7551542 ORDER BY c
	Sort  (cost=4183.56..4186.23 rows=1068 width=121)
	  Sort Key: c
	  ->  Bitmap Heap Scan on sbtest2  (cost=35.38..4129.84 rows=1068 width=121)
	        Recheck Cond: ((id >= 7550543) AND (id <= 7551542))
	        ->  Bitmap Index Scan on sbtest2_pkey  (cost=0.00..35.12 rows=1068 width=0)
	              Index Cond: ((id >= 7550543) AND (id <= 7551542))

table 3 : explain SELECT c FROM sbtest3 WHERE id BETWEEN 8382054 AND 8383053 ORDER BY c
	Sort  (cost=4167.94..4170.60 rows=1064 width=121)
	  Sort Key: c
	  ->  Bitmap Heap Scan on sbtest3  (cost=35.34..4114.45 rows=1064 width=121)
	        Recheck Cond: ((id >= 8382054) AND (id <= 8383053))
	        ->  Bitmap Index Scan on sbtest3_pkey  (cost=0.00..35.08 rows=1064 width=0)
	              Index Cond: ((id >= 8382054) AND (id <= 8383053))

table 4 : explain SELECT c FROM sbtest4 WHERE id BETWEEN 6089074 AND 6090073 ORDER BY c
	Sort  (cost=3756.36..3758.75 rows=956 width=121)
	  Sort Key: c
	  ->  Bitmap Heap Scan on sbtest4  (cost=34.23..3709.04 rows=956 width=121)
	        Recheck Cond: ((id >= 6089074) AND (id <= 6090073))
	        ->  Bitmap Index Scan on sbtest4_pkey  (cost=0.00..34.00 rows=956 width=0)
	              Index Cond: ((id >= 6089074) AND (id <= 6090073))

table 5 : explain SELECT c FROM sbtest5 WHERE id BETWEEN 5383071 AND 5384070 ORDER BY c
	Sort  (cost=3792.14..3794.55 rows=965 width=121)
	  Sort Key: c
	  ->  Bitmap Heap Scan on sbtest5  (cost=34.33..3744.30 rows=965 width=121)
	        Recheck Cond: ((id >= 5383071) AND (id <= 5384070))
	        ->  Bitmap Index Scan on sbtest5_pkey  (cost=0.00..34.09 rows=965 width=0)
	              Index Cond: ((id >= 5383071) AND (id <= 5384070))

table 6 : explain SELECT c FROM sbtest6 WHERE id BETWEEN 411929 AND 412928 ORDER BY c
	Sort  (cost=3445.52..3447.71 rows=876 width=121)
	  Sort Key: c
	  ->  Bitmap Heap Scan on sbtest6  (cost=29.41..3402.70 rows=876 width=121)
	        Recheck Cond: ((id >= 411929) AND (id <= 412928))
	        ->  Bitmap Index Scan on sbtest6_pkey  (cost=0.00..29.19 rows=876 width=0)
	              Index Cond: ((id >= 411929) AND (id <= 412928))

table 7 : explain SELECT c FROM sbtest7 WHERE id BETWEEN 2447191 AND 2448190 ORDER BY c
	Sort  (cost=3845.39..3847.83 rows=979 width=121)
	  Sort Key: c
	  ->  Bitmap Heap Scan on sbtest7  (cost=34.47..3796.75 rows=979 width=121)
	        Recheck Cond: ((id >= 2447191) AND (id <= 2448190))
	        ->  Bitmap Index Scan on sbtest7_pkey  (cost=0.00..34.23 rows=979 width=0)
	              Index Cond: ((id >= 2447191) AND (id <= 2448190))

table 8 : explain SELECT c FROM sbtest8 WHERE id BETWEEN 1868970 AND 1869969 ORDER BY c
	Sort  (cost=3834.41..3836.85 rows=976 width=121)
	  Sort Key: c
	  ->  Bitmap Heap Scan on sbtest8  (cost=34.44..3785.94 rows=976 width=121)
	        Recheck Cond: ((id >= 1868970) AND (id <= 1869969))
	        ->  Bitmap Index Scan on sbtest8_pkey  (cost=0.00..34.20 rows=976 width=0)
	              Index Cond: ((id >= 1868970) AND (id <= 1869969))

for point_selects
table 1 : explain SELECT c FROM sbtest1 WHERE id=9171034
	Index Scan using sbtest1_pkey on sbtest1  (cost=0.43..8.45 rows=1 width=121)
	  Index Cond: (id = 9171034)

table 2 : explain SELECT c FROM sbtest2 WHERE id=1889863
	Index Scan using sbtest2_pkey on sbtest2  (cost=0.43..8.45 rows=1 width=121)
	  Index Cond: (id = 1889863)

table 3 : explain SELECT c FROM sbtest3 WHERE id=2815139
	Index Scan using sbtest3_pkey on sbtest3  (cost=0.43..8.45 rows=1 width=121)
	  Index Cond: (id = 2815139)

table 4 : explain SELECT c FROM sbtest4 WHERE id=2184017
	Index Scan using sbtest4_pkey on sbtest4  (cost=0.43..8.45 rows=1 width=121)
	  Index Cond: (id = 2184017)

table 5 : explain SELECT c FROM sbtest5 WHERE id=7860387
	Index Scan using sbtest5_pkey on sbtest5  (cost=0.43..8.45 rows=1 width=121)
	  Index Cond: (id = 7860387)

table 6 : explain SELECT c FROM sbtest6 WHERE id=1984304
	Index Scan using sbtest6_pkey on sbtest6  (cost=0.43..8.45 rows=1 width=121)
	  Index Cond: (id = 1984304)

table 7 : explain SELECT c FROM sbtest7 WHERE id=4069391
	Index Scan using sbtest7_pkey on sbtest7  (cost=0.43..8.45 rows=1 width=121)
	  Index Cond: (id = 4069391)

table 8 : explain SELECT c FROM sbtest8 WHERE id=8352539
	Index Scan using sbtest8_pkey on sbtest8  (cost=0.43..8.45 rows=1 width=121)
	  Index Cond: (id = 8352539)

for: simple_ranges
table 1 : explain SELECT c FROM sbtest1 WHERE id BETWEEN 6890846 AND 6891845
	Bitmap Heap Scan on sbtest1  (cost=35.28..4098.64 rows=1058 width=121)
	  Recheck Cond: ((id >= 6890846) AND (id <= 6891845))
	  ->  Bitmap Index Scan on sbtest1_pkey  (cost=0.00..35.02 rows=1058 width=0)
	        Index Cond: ((id >= 6890846) AND (id <= 6891845))

table 2 : explain SELECT c FROM sbtest2 WHERE id BETWEEN 374502 AND 375501
	Bitmap Heap Scan on sbtest2  (cost=34.71..3881.48 rows=1002 width=121)
	  Recheck Cond: ((id >= 374502) AND (id <= 375501))
	  ->  Bitmap Index Scan on sbtest2_pkey  (cost=0.00..34.45 rows=1002 width=0)
	        Index Cond: ((id >= 374502) AND (id <= 375501))

table 3 : explain SELECT c FROM sbtest3 WHERE id BETWEEN 311247 AND 312246
	Bitmap Heap Scan on sbtest3  (cost=34.74..3892.46 rows=1005 width=121)
	  Recheck Cond: ((id >= 311247) AND (id <= 312246))
	  ->  Bitmap Index Scan on sbtest3_pkey  (cost=0.00..34.48 rows=1005 width=0)
	        Index Cond: ((id >= 311247) AND (id <= 312246))

table 4 : explain SELECT c FROM sbtest4 WHERE id BETWEEN 3937966 AND 3938965
	Bitmap Heap Scan on sbtest4  (cost=29.68..3501.01 rows=902 width=121)
	  Recheck Cond: ((id >= 3937966) AND (id <= 3938965))
	  ->  Bitmap Index Scan on sbtest4_pkey  (cost=0.00..29.45 rows=902 width=0)
	        Index Cond: ((id >= 3937966) AND (id <= 3938965))

table 5 : explain SELECT c FROM sbtest5 WHERE id BETWEEN 282555 AND 283554
	Bitmap Heap Scan on sbtest5  (cost=34.95..3974.37 rows=1026 width=121)
	  Recheck Cond: ((id >= 282555) AND (id <= 283554))
	  ->  Bitmap Index Scan on sbtest5_pkey  (cost=0.00..34.70 rows=1026 width=0)
	        Index Cond: ((id >= 282555) AND (id <= 283554))

table 6 : explain SELECT c FROM sbtest6 WHERE id BETWEEN 2043403 AND 2044402
	Bitmap Heap Scan on sbtest6  (cost=34.13..3671.36 rows=946 width=121)
	  Recheck Cond: ((id >= 2043403) AND (id <= 2044402))
	  ->  Bitmap Index Scan on sbtest6_pkey  (cost=0.00..33.90 rows=946 width=0)
	        Index Cond: ((id >= 2043403) AND (id <= 2044402))

table 7 : explain SELECT c FROM sbtest7 WHERE id BETWEEN 879226 AND 880225
	Bitmap Heap Scan on sbtest7  (cost=35.12..4034.21 rows=1042 width=121)
	  Recheck Cond: ((id >= 879226) AND (id <= 880225))
	  ->  Bitmap Index Scan on sbtest7_pkey  (cost=0.00..34.86 rows=1042 width=0)
	        Index Cond: ((id >= 879226) AND (id <= 880225))

table 8 : explain SELECT c FROM sbtest8 WHERE id BETWEEN 3744676 AND 3745675
	Bitmap Heap Scan on sbtest8  (cost=35.23..4076.19 rows=1053 width=121)
	  Recheck Cond: ((id >= 3744676) AND (id <= 3745675))
	  ->  Bitmap Index Scan on sbtest8_pkey  (cost=0.00..34.97 rows=1053 width=0)
	        Index Cond: ((id >= 3744676) AND (id <= 3745675))

for point_selects
table 1 : explain SELECT c FROM sbtest1 WHERE id=4867690
	Index Scan using sbtest1_pkey on sbtest1  (cost=0.43..8.45 rows=1 width=121)
	  Index Cond: (id = 4867690)

table 2 : explain SELECT c FROM sbtest2 WHERE id=861881
	Index Scan using sbtest2_pkey on sbtest2  (cost=0.43..8.45 rows=1 width=121)
	  Index Cond: (id = 861881)

table 3 : explain SELECT c FROM sbtest3 WHERE id=1850091
	Index Scan using sbtest3_pkey on sbtest3  (cost=0.43..8.45 rows=1 width=121)
	  Index Cond: (id = 1850091)

table 4 : explain SELECT c FROM sbtest4 WHERE id=3913499
	Index Scan using sbtest4_pkey on sbtest4  (cost=0.43..8.45 rows=1 width=121)
	  Index Cond: (id = 3913499)

table 5 : explain SELECT c FROM sbtest5 WHERE id=7113055
	Index Scan using sbtest5_pkey on sbtest5  (cost=0.43..8.45 rows=1 width=121)
	  Index Cond: (id = 7113055)

table 6 : explain SELECT c FROM sbtest6 WHERE id=8448359
	Index Scan using sbtest6_pkey on sbtest6  (cost=0.43..8.45 rows=1 width=121)
	  Index Cond: (id = 8448359)

table 7 : explain SELECT c FROM sbtest7 WHERE id=5135885
	Index Scan using sbtest7_pkey on sbtest7  (cost=0.43..8.45 rows=1 width=121)
	  Index Cond: (id = 5135885)

table 8 : explain SELECT c FROM sbtest8 WHERE id=5215788
	Index Scan using sbtest8_pkey on sbtest8  (cost=0.43..8.45 rows=1 width=121)
	  Index Cond: (id = 5215788)

explain: for point_selects :: explain SELECT c FROM sbtest%u WHERE id=%u
for: distinct_ranges
table 1 : explain SELECT DISTINCT c FROM sbtest1 WHERE id BETWEEN 9535178 AND 9536177 ORDER BY c
	Unique  (cost=4125.00..4130.25 rows=1051 width=121)
	  ->  Sort  (cost=4125.00..4127.63 rows=1051 width=121)
	        Sort Key: c
	        ->  Bitmap Heap Scan on sbtest1  (cost=35.21..4072.25 rows=1051 width=121)
	              Recheck Cond: ((id >= 9535178) AND (id <= 9536177))
	              ->  Bitmap Index Scan on sbtest1_pkey  (cost=0.00..34.95 rows=1051 width=0)
	                    Index Cond: ((id >= 9535178) AND (id <= 9536177))

table 2 : explain SELECT DISTINCT c FROM sbtest2 WHERE id BETWEEN 920463 AND 921462 ORDER BY c
	Unique  (cost=3946.72..3951.75 rows=1006 width=121)
	  ->  Sort  (cost=3946.72..3949.24 rows=1006 width=121)
	        Sort Key: c
	        ->  Bitmap Heap Scan on sbtest2  (cost=34.75..3896.55 rows=1006 width=121)
	              Recheck Cond: ((id >= 920463) AND (id <= 921462))
	              ->  Bitmap Index Scan on sbtest2_pkey  (cost=0.00..34.50 rows=1006 width=0)
	                    Index Cond: ((id >= 920463) AND (id <= 921462))

table 3 : explain SELECT DISTINCT c FROM sbtest3 WHERE id BETWEEN 3913651 AND 3914650 ORDER BY c
	Unique  (cost=4335.82..4341.37 rows=1109 width=121)
	  ->  Sort  (cost=4335.82..4338.60 rows=1109 width=121)
	        Sort Key: c
	        ->  Bitmap Heap Scan on sbtest3  (cost=35.80..4279.74 rows=1109 width=121)
	              Recheck Cond: ((id >= 3913651) AND (id <= 3914650))
	              ->  Bitmap Index Scan on sbtest3_pkey  (cost=0.00..35.53 rows=1109 width=0)
	                    Index Cond: ((id >= 3913651) AND (id <= 3914650))

table 4 : explain SELECT DISTINCT c FROM sbtest4 WHERE id BETWEEN 2216698 AND 2217697 ORDER BY c
	Unique  (cost=3641.37..3646.00 rows=926 width=121)
	  ->  Sort  (cost=3641.37..3643.68 rows=926 width=121)
	        Sort Key: c
	        ->  Bitmap Heap Scan on sbtest4  (cost=33.93..3595.74 rows=926 width=121)
	              Recheck Cond: ((id >= 2216698) AND (id <= 2217697))
	              ->  Bitmap Index Scan on sbtest4_pkey  (cost=0.00..33.70 rows=926 width=0)
	                    Index Cond: ((id >= 2216698) AND (id <= 2217697))

table 5 : explain SELECT DISTINCT c FROM sbtest5 WHERE id BETWEEN 4963447 AND 4964446 ORDER BY c
	Unique  (cost=4083.04..4088.25 rows=1041 width=121)
	  ->  Sort  (cost=4083.04..4085.65 rows=1041 width=121)
	        Sort Key: c
	        ->  Bitmap Heap Scan on sbtest5  (cost=35.11..4030.87 rows=1041 width=121)
	              Recheck Cond: ((id >= 4963447) AND (id <= 4964446))
	              ->  Bitmap Index Scan on sbtest5_pkey  (cost=0.00..34.84 rows=1041 width=0)
	                    Index Cond: ((id >= 4963447) AND (id <= 4964446))

table 6 : explain SELECT DISTINCT c FROM sbtest6 WHERE id BETWEEN 1910054 AND 1911053 ORDER BY c
	Unique  (cost=3890.47..3895.42 rows=991 width=121)
	  ->  Sort  (cost=3890.47..3892.94 rows=991 width=121)
	        Sort Key: c
	        ->  Bitmap Heap Scan on sbtest6  (cost=34.59..3841.15 rows=991 width=121)
	              Recheck Cond: ((id >= 1910054) AND (id <= 1911053))
	              ->  Bitmap Index Scan on sbtest6_pkey  (cost=0.00..34.34 rows=991 width=0)
	                    Index Cond: ((id >= 1910054) AND (id <= 1911053))

table 7 : explain SELECT DISTINCT c FROM sbtest7 WHERE id BETWEEN 8793165 AND 8794164 ORDER BY c
	Unique  (cost=3964.06..3969.11 rows=1010 width=121)
	  ->  Sort  (cost=3964.06..3966.58 rows=1010 width=121)
	        Sort Key: c
	        ->  Bitmap Heap Scan on sbtest7  (cost=34.79..3913.66 rows=1010 width=121)
	              Recheck Cond: ((id >= 8793165) AND (id <= 8794164))
	              ->  Bitmap Index Scan on sbtest7_pkey  (cost=0.00..34.54 rows=1010 width=0)
	                    Index Cond: ((id >= 8793165) AND (id <= 8794164))

table 8 : explain SELECT DISTINCT c FROM sbtest8 WHERE id BETWEEN 5737578 AND 5738577 ORDER BY c
	Unique  (cost=4071.70..4076.89 rows=1038 width=121)
	  ->  Sort  (cost=4071.70..4074.30 rows=1038 width=121)
	        Sort Key: c
	        ->  Bitmap Heap Scan on sbtest8  (cost=35.07..4019.70 rows=1038 width=121)
	              Recheck Cond: ((id >= 5737578) AND (id <= 5738577))
	              ->  Bitmap Index Scan on sbtest8_pkey  (cost=0.00..34.82 rows=1038 width=0)
	                    Index Cond: ((id >= 5737578) AND (id <= 5738577))

for: order_ranges
table 1 : explain SELECT c FROM sbtest1 WHERE id BETWEEN 7520485 AND 7521484 ORDER BY c
	Sort  (cost=3956.48..3959.00 rows=1007 width=121)
	  Sort Key: c
	  ->  Bitmap Heap Scan on sbtest1  (cost=34.76..3906.26 rows=1007 width=121)
	        Recheck Cond: ((id >= 7520485) AND (id <= 7521484))
	        ->  Bitmap Index Scan on sbtest1_pkey  (cost=0.00..34.51 rows=1007 width=0)
	              Index Cond: ((id >= 7520485) AND (id <= 7521484))

table 2 : explain SELECT c FROM sbtest2 WHERE id BETWEEN 7172882 AND 7173881 ORDER BY c
	Sort  (cost=4095.75..4098.37 rows=1045 width=121)
	  Sort Key: c
	  ->  Bitmap Heap Scan on sbtest2  (cost=35.15..4043.35 rows=1045 width=121)
	        Recheck Cond: ((id >= 7172882) AND (id <= 7173881))
	        ->  Bitmap Index Scan on sbtest2_pkey  (cost=0.00..34.89 rows=1045 width=0)
	              Index Cond: ((id >= 7172882) AND (id <= 7173881))

table 3 : explain SELECT c FROM sbtest3 WHERE id BETWEEN 7810524 AND 7811523 ORDER BY c
	Sort  (cost=3770.40..3772.80 rows=960 width=121)
	  Sort Key: c
	  ->  Bitmap Heap Scan on sbtest3  (cost=34.28..3722.85 rows=960 width=121)
	        Recheck Cond: ((id >= 7810524) AND (id <= 7811523))
	        ->  Bitmap Index Scan on sbtest3_pkey  (cost=0.00..34.04 rows=960 width=0)
	              Index Cond: ((id >= 7810524) AND (id <= 7811523))

table 4 : explain SELECT c FROM sbtest4 WHERE id BETWEEN 7932872 AND 7933871 ORDER BY c
	Sort  (cost=4135.08..4137.71 rows=1055 width=121)
	  Sort Key: c
	  ->  Bitmap Heap Scan on sbtest4  (cost=35.25..4082.10 rows=1055 width=121)
	        Recheck Cond: ((id >= 7932872) AND (id <= 7933871))
	        ->  Bitmap Index Scan on sbtest4_pkey  (cost=0.00..34.98 rows=1055 width=0)
	              Index Cond: ((id >= 7932872) AND (id <= 7933871))

table 5 : explain SELECT c FROM sbtest5 WHERE id BETWEEN 9100707 AND 9101706 ORDER BY c
	Sort  (cost=3703.96..3706.32 rows=942 width=121)
	  Sort Key: c
	  ->  Bitmap Heap Scan on sbtest5  (cost=34.09..3657.43 rows=942 width=121)
	        Recheck Cond: ((id >= 9100707) AND (id <= 9101706))
	        ->  Bitmap Index Scan on sbtest5_pkey  (cost=0.00..33.86 rows=942 width=0)
	              Index Cond: ((id >= 9100707) AND (id <= 9101706))

table 6 : explain SELECT c FROM sbtest6 WHERE id BETWEEN 9343311 AND 9344310 ORDER BY c
	Sort  (cost=3825.39..3827.82 rows=974 width=121)
	  Sort Key: c
	  ->  Bitmap Heap Scan on sbtest6  (cost=34.42..3777.04 rows=974 width=121)
	        Recheck Cond: ((id >= 9343311) AND (id <= 9344310))
	        ->  Bitmap Index Scan on sbtest6_pkey  (cost=0.00..34.18 rows=974 width=0)
	              Index Cond: ((id >= 9343311) AND (id <= 9344310))

table 7 : explain SELECT c FROM sbtest7 WHERE id BETWEEN 5156253 AND 5157252 ORDER BY c
	Sort  (cost=4189.60..4192.27 rows=1069 width=121)
	  Sort Key: c
	  ->  Bitmap Heap Scan on sbtest7  (cost=35.39..4135.82 rows=1069 width=121)
	        Recheck Cond: ((id >= 5156253) AND (id <= 5157252))
	        ->  Bitmap Index Scan on sbtest7_pkey  (cost=0.00..35.12 rows=1069 width=0)
	              Index Cond: ((id >= 5156253) AND (id <= 5157252))

table 8 : explain SELECT c FROM sbtest8 WHERE id BETWEEN 9958959 AND 9959958 ORDER BY c
	Sort  (cost=4067.88..4070.47 rows=1037 width=121)
	  Sort Key: c
	  ->  Bitmap Heap Scan on sbtest8  (cost=35.06..4015.94 rows=1037 width=121)
	        Recheck Cond: ((id >= 9958959) AND (id <= 9959958))
	        ->  Bitmap Index Scan on sbtest8_pkey  (cost=0.00..34.81 rows=1037 width=0)
	              Index Cond: ((id >= 9958959) AND (id <= 9959958))

explain: for point_selects :: explain SELECT c FROM sbtest%u WHERE id=%u
for: simple_ranges
table 1 : explain SELECT c FROM sbtest1 WHERE id BETWEEN 8913347 AND 8914346
	Bitmap Heap Scan on sbtest1  (cost=29.20..3326.93 rows=855 width=121)
	  Recheck Cond: ((id >= 8913347) AND (id <= 8914346))
	  ->  Bitmap Index Scan on sbtest1_pkey  (cost=0.00..28.98 rows=855 width=0)
	        Index Cond: ((id >= 8913347) AND (id <= 8914346))

table 2 : explain SELECT c FROM sbtest2 WHERE id BETWEEN 9100073 AND 9101072
	Bitmap Heap Scan on sbtest2  (cost=34.48..3798.58 rows=980 width=121)
	  Recheck Cond: ((id >= 9100073) AND (id <= 9101072))
	  ->  Bitmap Index Scan on sbtest2_pkey  (cost=0.00..34.23 rows=980 width=0)
	        Index Cond: ((id >= 9100073) AND (id <= 9101072))

table 3 : explain SELECT c FROM sbtest3 WHERE id BETWEEN 8492609 AND 8493608
	Bitmap Heap Scan on sbtest3  (cost=35.87..4306.01 rows=1116 width=121)
	  Recheck Cond: ((id >= 8492609) AND (id <= 8493608))
	  ->  Bitmap Index Scan on sbtest3_pkey  (cost=0.00..35.59 rows=1116 width=0)
	        Index Cond: ((id >= 8492609) AND (id <= 8493608))

table 4 : explain SELECT c FROM sbtest4 WHERE id BETWEEN 7479421 AND 7480420
	Bitmap Heap Scan on sbtest4  (cost=34.96..3976.71 rows=1027 width=121)
	  Recheck Cond: ((id >= 7479421) AND (id <= 7480420))
	  ->  Bitmap Index Scan on sbtest4_pkey  (cost=0.00..34.70 rows=1027 width=0)
	        Index Cond: ((id >= 7479421) AND (id <= 7480420))

table 5 : explain SELECT c FROM sbtest5 WHERE id BETWEEN 9080905 AND 9081904
	Bitmap Heap Scan on sbtest5  (cost=34.73..3891.45 rows=1004 width=121)
	  Recheck Cond: ((id >= 9080905) AND (id <= 9081904))
	  ->  Bitmap Index Scan on sbtest5_pkey  (cost=0.00..34.48 rows=1004 width=0)
	        Index Cond: ((id >= 9080905) AND (id <= 9081904))

table 6 : explain SELECT c FROM sbtest6 WHERE id BETWEEN 4537028 AND 4538027
	Bitmap Heap Scan on sbtest6  (cost=34.54..3822.30 rows=986 width=121)
	  Recheck Cond: ((id >= 4537028) AND (id <= 4538027))
	  ->  Bitmap Index Scan on sbtest6_pkey  (cost=0.00..34.30 rows=986 width=0)
	        Index Cond: ((id >= 4537028) AND (id <= 4538027))

table 7 : explain SELECT c FROM sbtest7 WHERE id BETWEEN 2243374 AND 2244373
	Bitmap Heap Scan on sbtest7  (cost=34.49..3804.30 rows=981 width=121)
	  Recheck Cond: ((id >= 2243374) AND (id <= 2244373))
	  ->  Bitmap Index Scan on sbtest7_pkey  (cost=0.00..34.25 rows=981 width=0)
	        Index Cond: ((id >= 2243374) AND (id <= 2244373))

table 8 : explain SELECT c FROM sbtest8 WHERE id BETWEEN 3622961 AND 3623960
	Bitmap Heap Scan on sbtest8  (cost=34.63..3857.63 rows=995 width=121)
	  Recheck Cond: ((id >= 3622961) AND (id <= 3623960))
	  ->  Bitmap Index Scan on sbtest8_pkey  (cost=0.00..34.39 rows=995 width=0)
	        Index Cond: ((id >= 3622961) AND (id <= 3623960))

for: distinct_ranges
table 1 : explain SELECT DISTINCT c FROM sbtest1 WHERE id BETWEEN 3160317 AND 3161316 ORDER BY c
	Unique  (cost=3956.48..3961.52 rows=1007 width=121)
	  ->  Sort  (cost=3956.48..3959.00 rows=1007 width=121)
	        Sort Key: c
	        ->  Bitmap Heap Scan on sbtest1  (cost=34.76..3906.26 rows=1007 width=121)
	              Recheck Cond: ((id >= 3160317) AND (id <= 3161316))
	              ->  Bitmap Index Scan on sbtest1_pkey  (cost=0.00..34.51 rows=1007 width=0)
	                    Index Cond: ((id >= 3160317) AND (id <= 3161316))

table 2 : explain SELECT DISTINCT c FROM sbtest2 WHERE id BETWEEN 8846099 AND 8847098 ORDER BY c
	Unique  (cost=4065.20..4070.38 rows=1037 width=121)
	  ->  Sort  (cost=4065.20..4067.79 rows=1037 width=121)
	        Sort Key: c
	        ->  Bitmap Heap Scan on sbtest2  (cost=35.06..4013.25 rows=1037 width=121)
	              Recheck Cond: ((id >= 8846099) AND (id <= 8847098))
	              ->  Bitmap Index Scan on sbtest2_pkey  (cost=0.00..34.81 rows=1037 width=0)
	                    Index Cond: ((id >= 8846099) AND (id <= 8847098))

table 3 : explain SELECT DISTINCT c FROM sbtest3 WHERE id BETWEEN 5082174 AND 5083173 ORDER BY c
	Unique  (cost=3904.33..3909.31 rows=995 width=121)
	  ->  Sort  (cost=3904.33..3906.82 rows=995 width=121)
	        Sort Key: c
	        ->  Bitmap Heap Scan on sbtest3  (cost=34.63..3854.79 rows=995 width=121)
	              Recheck Cond: ((id >= 5082174) AND (id <= 5083173))
	              ->  Bitmap Index Scan on sbtest3_pkey  (cost=0.00..34.39 rows=995 width=0)
	                    Index Cond: ((id >= 5082174) AND (id <= 5083173))

table 4 : explain SELECT DISTINCT c FROM sbtest4 WHERE id BETWEEN 9764107 AND 9765106 ORDER BY c
	Unique  (cost=4089.23..4094.45 rows=1043 width=121)
	  ->  Sort  (cost=4089.23..4091.84 rows=1043 width=121)
	        Sort Key: c
	        ->  Bitmap Heap Scan on sbtest4  (cost=35.13..4036.95 rows=1043 width=121)
	              Recheck Cond: ((id >= 9764107) AND (id <= 9765106))
	              ->  Bitmap Index Scan on sbtest4_pkey  (cost=0.00..34.87 rows=1043 width=0)
	                    Index Cond: ((id >= 9764107) AND (id <= 9765106))

table 5 : explain SELECT DISTINCT c FROM sbtest5 WHERE id BETWEEN 2684568 AND 2685567 ORDER BY c
	Unique  (cost=4136.56..4141.83 rows=1055 width=121)
	  ->  Sort  (cost=4136.56..4139.19 rows=1055 width=121)
	        Sort Key: c
	        ->  Bitmap Heap Scan on sbtest5  (cost=35.25..4083.58 rows=1055 width=121)
	              Recheck Cond: ((id >= 2684568) AND (id <= 2685567))
	              ->  Bitmap Index Scan on sbtest5_pkey  (cost=0.00..34.98 rows=1055 width=0)
	                    Index Cond: ((id >= 2684568) AND (id <= 2685567))

table 6 : explain SELECT DISTINCT c FROM sbtest6 WHERE id BETWEEN 8401962 AND 8402961 ORDER BY c
	Unique  (cost=4131.34..4136.61 rows=1054 width=121)
	  ->  Sort  (cost=4131.34..4133.98 rows=1054 width=121)
	        Sort Key: c
	        ->  Bitmap Heap Scan on sbtest6  (cost=35.24..4078.42 rows=1054 width=121)
	              Recheck Cond: ((id >= 8401962) AND (id <= 8402961))
	              ->  Bitmap Index Scan on sbtest6_pkey  (cost=0.00..34.98 rows=1054 width=0)
	                    Index Cond: ((id >= 8401962) AND (id <= 8402961))

table 7 : explain SELECT DISTINCT c FROM sbtest7 WHERE id BETWEEN 983370 AND 984369 ORDER BY c
	Unique  (cost=3715.10..3719.82 rows=945 width=121)
	  ->  Sort  (cost=3715.10..3717.46 rows=945 width=121)
	        Sort Key: c
	        ->  Bitmap Heap Scan on sbtest7  (cost=34.12..3668.39 rows=945 width=121)
	              Recheck Cond: ((id >= 983370) AND (id <= 984369))
	              ->  Bitmap Index Scan on sbtest7_pkey  (cost=0.00..33.89 rows=945 width=0)
	                    Index Cond: ((id >= 983370) AND (id <= 984369))

table 8 : explain SELECT DISTINCT c FROM sbtest8 WHERE id BETWEEN 5821095 AND 5822094 ORDER BY c
	Unique  (cost=4335.26..4340.80 rows=1107 width=121)
	  ->  Sort  (cost=4335.26..4338.03 rows=1107 width=121)
	        Sort Key: c
	        ->  Bitmap Heap Scan on sbtest8  (cost=35.78..4279.29 rows=1107 width=121)
	              Recheck Cond: ((id >= 5821095) AND (id <= 5822094))
	              ->  Bitmap Index Scan on sbtest8_pkey  (cost=0.00..35.51 rows=1107 width=0)
	                    Index Cond: ((id >= 5821095) AND (id <= 5822094))

for point_selects
table 1 : explain SELECT c FROM sbtest1 WHERE id=5152706
	Index Scan using sbtest1_pkey on sbtest1  (cost=0.43..8.45 rows=1 width=121)
	  Index Cond: (id = 5152706)

table 2 : explain SELECT c FROM sbtest2 WHERE id=1950718
	Index Scan using sbtest2_pkey on sbtest2  (cost=0.43..8.45 rows=1 width=121)
	  Index Cond: (id = 1950718)

table 3 : explain SELECT c FROM sbtest3 WHERE id=47650
	Index Scan using sbtest3_pkey on sbtest3  (cost=0.43..8.45 rows=1 width=121)
	  Index Cond: (id = 47650)

table 4 : explain SELECT c FROM sbtest4 WHERE id=8086776
	Index Scan using sbtest4_pkey on sbtest4  (cost=0.43..8.45 rows=1 width=121)
	  Index Cond: (id = 8086776)

table 5 : explain SELECT c FROM sbtest5 WHERE id=8905204
	Index Scan using sbtest5_pkey on sbtest5  (cost=0.43..8.45 rows=1 width=121)
	  Index Cond: (id = 8905204)

table 6 : explain SELECT c FROM sbtest6 WHERE id=736818
	Index Scan using sbtest6_pkey on sbtest6  (cost=0.43..8.45 rows=1 width=121)
	  Index Cond: (id = 736818)

table 7 : explain SELECT c FROM sbtest7 WHERE id=7697996
	Index Scan using sbtest7_pkey on sbtest7  (cost=0.43..8.45 rows=1 width=121)
	  Index Cond: (id = 7697996)

table 8 : explain SELECT c FROM sbtest8 WHERE id=9150820
	Index Scan using sbtest8_pkey on sbtest8  (cost=0.43..8.45 rows=1 width=121)
	  Index Cond: (id = 9150820)

for: simple_ranges
table 1 : explain SELECT c FROM sbtest1 WHERE id BETWEEN 5901425 AND 5902424
	Bitmap Heap Scan on sbtest1  (cost=34.67..3876.05 rows=999 width=121)
	  Recheck Cond: ((id >= 5901425) AND (id <= 5902424))
	  ->  Bitmap Index Scan on sbtest1_pkey  (cost=0.00..34.43 rows=999 width=0)
	        Index Cond: ((id >= 5901425) AND (id <= 5902424))

table 2 : explain SELECT c FROM sbtest2 WHERE id BETWEEN 565718 AND 566717
	Bitmap Heap Scan on sbtest2  (cost=29.82..3553.03 rows=916 width=121)
	  Recheck Cond: ((id >= 565718) AND (id <= 566717))
	  ->  Bitmap Index Scan on sbtest2_pkey  (cost=0.00..29.59 rows=916 width=0)
	        Index Cond: ((id >= 565718) AND (id <= 566717))

table 3 : explain SELECT c FROM sbtest3 WHERE id BETWEEN 4113517 AND 4114516
	Bitmap Heap Scan on sbtest3  (cost=34.91..3956.47 rows=1022 width=121)
	  Recheck Cond: ((id >= 4113517) AND (id <= 4114516))
	  ->  Bitmap Index Scan on sbtest3_pkey  (cost=0.00..34.66 rows=1022 width=0)
	        Index Cond: ((id >= 4113517) AND (id <= 4114516))

table 4 : explain SELECT c FROM sbtest4 WHERE id BETWEEN 6845239 AND 6846238
	Bitmap Heap Scan on sbtest4  (cost=34.58..3837.30 rows=990 width=121)
	  Recheck Cond: ((id >= 6845239) AND (id <= 6846238))
	  ->  Bitmap Index Scan on sbtest4_pkey  (cost=0.00..34.34 rows=990 width=0)
	        Index Cond: ((id >= 6845239) AND (id <= 6846238))

table 5 : explain SELECT c FROM sbtest5 WHERE id BETWEEN 4464103 AND 4465102
	Bitmap Heap Scan on sbtest5  (cost=34.34..3748.08 rows=966 width=121)
	  Recheck Cond: ((id >= 4464103) AND (id <= 4465102))
	  ->  Bitmap Index Scan on sbtest5_pkey  (cost=0.00..34.09 rows=966 width=0)
	        Index Cond: ((id >= 4464103) AND (id <= 4465102))

table 6 : explain SELECT c FROM sbtest6 WHERE id BETWEEN 7744839 AND 7745838
	Bitmap Heap Scan on sbtest6  (cost=34.40..3769.49 rows=972 width=121)
	  Recheck Cond: ((id >= 7744839) AND (id <= 7745838))
	  ->  Bitmap Index Scan on sbtest6_pkey  (cost=0.00..34.16 rows=972 width=0)
	        Index Cond: ((id >= 7744839) AND (id <= 7745838))

table 7 : explain SELECT c FROM sbtest7 WHERE id BETWEEN 507401 AND 508400
	Bitmap Heap Scan on sbtest7  (cost=34.53..3819.39 rows=985 width=121)
	  Recheck Cond: ((id >= 507401) AND (id <= 508400))
	  ->  Bitmap Index Scan on sbtest7_pkey  (cost=0.00..34.29 rows=985 width=0)
	        Index Cond: ((id >= 507401) AND (id <= 508400))

table 8 : explain SELECT c FROM sbtest8 WHERE id BETWEEN 9859639 AND 9860638
	Bitmap Heap Scan on sbtest8  (cost=35.17..4053.60 rows=1047 width=121)
	  Recheck Cond: ((id >= 9859639) AND (id <= 9860638))
	  ->  Bitmap Index Scan on sbtest8_pkey  (cost=0.00..34.91 rows=1047 width=0)
	        Index Cond: ((id >= 9859639) AND (id <= 9860638))

for: simple_ranges
table 1 : explain SELECT c FROM sbtest1 WHERE id BETWEEN 3042002 AND 3043001
	Bitmap Heap Scan on sbtest1  (cost=29.64..3489.99 rows=898 width=121)
	  Recheck Cond: ((id >= 3042002) AND (id <= 3043001))
	  ->  Bitmap Index Scan on sbtest1_pkey  (cost=0.00..29.41 rows=898 width=0)
	        Index Cond: ((id >= 3042002) AND (id <= 3043001))

table 2 : explain SELECT c FROM sbtest2 WHERE id BETWEEN 6266984 AND 6267983
	Bitmap Heap Scan on sbtest2  (cost=34.28..3723.15 rows=960 width=121)
	  Recheck Cond: ((id >= 6266984) AND (id <= 6267983))
	  ->  Bitmap Index Scan on sbtest2_pkey  (cost=0.00..34.04 rows=960 width=0)
	        Index Cond: ((id >= 6266984) AND (id <= 6267983))

table 3 : explain SELECT c FROM sbtest3 WHERE id BETWEEN 1874600 AND 1875599
	Bitmap Heap Scan on sbtest3  (cost=40.08..4385.03 rows=1136 width=121)
	  Recheck Cond: ((id >= 1874600) AND (id <= 1875599))
	  ->  Bitmap Index Scan on sbtest3_pkey  (cost=0.00..39.80 rows=1136 width=0)
	        Index Cond: ((id >= 1874600) AND (id <= 1875599))

table 4 : explain SELECT c FROM sbtest4 WHERE id BETWEEN 3237744 AND 3238743
	Bitmap Heap Scan on sbtest4  (cost=34.94..3969.18 rows=1025 width=121)
	  Recheck Cond: ((id >= 3237744) AND (id <= 3238743))
	  ->  Bitmap Index Scan on sbtest4_pkey  (cost=0.00..34.69 rows=1025 width=0)
	        Index Cond: ((id >= 3237744) AND (id <= 3238743))

table 5 : explain SELECT c FROM sbtest5 WHERE id BETWEEN 7706110 AND 7707109
	Bitmap Heap Scan on sbtest5  (cost=34.92..3963.06 rows=1023 width=121)
	  Recheck Cond: ((id >= 7706110) AND (id <= 7707109))
	  ->  Bitmap Index Scan on sbtest5_pkey  (cost=0.00..34.67 rows=1023 width=0)
	        Index Cond: ((id >= 7706110) AND (id <= 7707109))

table 6 : explain SELECT c FROM sbtest6 WHERE id BETWEEN 6740335 AND 6741334
	Bitmap Heap Scan on sbtest6  (cost=34.64..3860.00 rows=996 width=121)
	  Recheck Cond: ((id >= 6740335) AND (id <= 6741334))
	  ->  Bitmap Index Scan on sbtest6_pkey  (cost=0.00..34.40 rows=996 width=0)
	        Index Cond: ((id >= 6740335) AND (id <= 6741334))

table 7 : explain SELECT c FROM sbtest7 WHERE id BETWEEN 7761396 AND 7762395
	Bitmap Heap Scan on sbtest7  (cost=35.02..4000.31 rows=1033 width=121)
	  Recheck Cond: ((id >= 7761396) AND (id <= 7762395))
	  ->  Bitmap Index Scan on sbtest7_pkey  (cost=0.00..34.77 rows=1033 width=0)
	        Index Cond: ((id >= 7761396) AND (id <= 7762395))

table 8 : explain SELECT c FROM sbtest8 WHERE id BETWEEN 1413850 AND 1414849
	Bitmap Heap Scan on sbtest8  (cost=35.37..4128.88 rows=1067 width=121)
	  Recheck Cond: ((id >= 1413850) AND (id <= 1414849))
	  ->  Bitmap Index Scan on sbtest8_pkey  (cost=0.00..35.11 rows=1067 width=0)
	        Index Cond: ((id >= 1413850) AND (id <= 1414849))

for: simple_ranges
table 1 : explain SELECT c FROM sbtest1 WHERE id BETWEEN 2936689 AND 2937688
	Bitmap Heap Scan on sbtest1  (cost=34.10..3664.38 rows=943 width=121)
	  Recheck Cond: ((id >= 2936689) AND (id <= 2937688))
	  ->  Bitmap Index Scan on sbtest1_pkey  (cost=0.00..33.87 rows=943 width=0)
	        Index Cond: ((id >= 2936689) AND (id <= 2937688))

table 2 : explain SELECT c FROM sbtest2 WHERE id BETWEEN 3168806 AND 3169805
	Bitmap Heap Scan on sbtest2  (cost=34.56..3828.73 rows=988 width=121)
	  Recheck Cond: ((id >= 3168806) AND (id <= 3169805))
	  ->  Bitmap Index Scan on sbtest2_pkey  (cost=0.00..34.32 rows=988 width=0)
	        Index Cond: ((id >= 3168806) AND (id <= 3169805))

table 3 : explain SELECT c FROM sbtest3 WHERE id BETWEEN 7307549 AND 7308548
	Bitmap Heap Scan on sbtest3  (cost=34.59..3839.72 rows=991 width=121)
	  Recheck Cond: ((id >= 7307549) AND (id <= 7308548))
	  ->  Bitmap Index Scan on sbtest3_pkey  (cost=0.00..34.34 rows=991 width=0)
	        Index Cond: ((id >= 7307549) AND (id <= 7308548))

table 4 : explain SELECT c FROM sbtest4 WHERE id BETWEEN 8833172 AND 8834171
	Bitmap Heap Scan on sbtest4  (cost=34.12..3667.51 rows=945 width=121)
	  Recheck Cond: ((id >= 8833172) AND (id <= 8834171))
	  ->  Bitmap Index Scan on sbtest4_pkey  (cost=0.00..33.89 rows=945 width=0)
	        Index Cond: ((id >= 8833172) AND (id <= 8834171))

table 5 : explain SELECT c FROM sbtest5 WHERE id BETWEEN 3466763 AND 3467762
	Bitmap Heap Scan on sbtest5  (cost=35.38..4132.50 rows=1068 width=121)
	  Recheck Cond: ((id >= 3466763) AND (id <= 3467762))
	  ->  Bitmap Index Scan on sbtest5_pkey  (cost=0.00..35.12 rows=1068 width=0)
	        Index Cond: ((id >= 3466763) AND (id <= 3467762))

table 6 : explain SELECT c FROM sbtest6 WHERE id BETWEEN 3846794 AND 3847793
	Bitmap Heap Scan on sbtest6  (cost=35.21..4067.13 rows=1051 width=121)
	  Recheck Cond: ((id >= 3846794) AND (id <= 3847793))
	  ->  Bitmap Index Scan on sbtest6_pkey  (cost=0.00..34.95 rows=1051 width=0)
	        Index Cond: ((id >= 3846794) AND (id <= 3847793))

table 7 : explain SELECT c FROM sbtest7 WHERE id BETWEEN 2210695 AND 2211694
	Bitmap Heap Scan on sbtest7  (cost=34.49..3804.30 rows=981 width=121)
	  Recheck Cond: ((id >= 2210695) AND (id <= 2211694))
	  ->  Bitmap Index Scan on sbtest7_pkey  (cost=0.00..34.25 rows=981 width=0)
	        Index Cond: ((id >= 2210695) AND (id <= 2211694))

table 8 : explain SELECT c FROM sbtest8 WHERE id BETWEEN 9101937 AND 9102936
	Bitmap Heap Scan on sbtest8  (cost=30.08..3649.76 rows=941 width=121)
	  Recheck Cond: ((id >= 9101937) AND (id <= 9102936))
	  ->  Bitmap Index Scan on sbtest8_pkey  (cost=0.00..29.84 rows=941 width=0)
	        Index Cond: ((id >= 9101937) AND (id <= 9102936))

for point_selects
table 1 : explain SELECT c FROM sbtest1 WHERE id=2273246
	Index Scan using sbtest1_pkey on sbtest1  (cost=0.43..8.45 rows=1 width=121)
	  Index Cond: (id = 2273246)

table 2 : explain SELECT c FROM sbtest2 WHERE id=5240969
	Index Scan using sbtest2_pkey on sbtest2  (cost=0.43..8.45 rows=1 width=121)
	  Index Cond: (id = 5240969)

table 3 : explain SELECT c FROM sbtest3 WHERE id=5846837
	Index Scan using sbtest3_pkey on sbtest3  (cost=0.43..8.45 rows=1 width=121)
	  Index Cond: (id = 5846837)

table 4 : explain SELECT c FROM sbtest4 WHERE id=7061326
	Index Scan using sbtest4_pkey on sbtest4  (cost=0.43..8.45 rows=1 width=121)
	  Index Cond: (id = 7061326)

table 5 : explain SELECT c FROM sbtest5 WHERE id=598617
	Index Scan using sbtest5_pkey on sbtest5  (cost=0.43..8.45 rows=1 width=121)
	  Index Cond: (id = 598617)

table 6 : explain SELECT c FROM sbtest6 WHERE id=4726303
	Index Scan using sbtest6_pkey on sbtest6  (cost=0.43..8.45 rows=1 width=121)
	  Index Cond: (id = 4726303)

table 7 : explain SELECT c FROM sbtest7 WHERE id=5727502
	Index Scan using sbtest7_pkey on sbtest7  (cost=0.43..8.45 rows=1 width=121)
	  Index Cond: (id = 5727502)

table 8 : explain SELECT c FROM sbtest8 WHERE id=4736692
	Index Scan using sbtest8_pkey on sbtest8  (cost=0.43..8.45 rows=1 width=121)
	  Index Cond: (id = 4736692)

for point_selects
table 1 : explain SELECT c FROM sbtest1 WHERE id=7483565
	Index Scan using sbtest1_pkey on sbtest1  (cost=0.43..8.45 rows=1 width=121)
	  Index Cond: (id = 7483565)

table 2 : explain SELECT c FROM sbtest2 WHERE id=8353228
	Index Scan using sbtest2_pkey on sbtest2  (cost=0.43..8.45 rows=1 width=121)
	  Index Cond: (id = 8353228)

table 3 : explain SELECT c FROM sbtest3 WHERE id=2116748
	Index Scan using sbtest3_pkey on sbtest3  (cost=0.43..8.45 rows=1 width=121)
	  Index Cond: (id = 2116748)

table 4 : explain SELECT c FROM sbtest4 WHERE id=1603370
	Index Scan using sbtest4_pkey on sbtest4  (cost=0.43..8.45 rows=1 width=121)
	  Index Cond: (id = 1603370)

table 5 : explain SELECT c FROM sbtest5 WHERE id=952406
	Index Scan using sbtest5_pkey on sbtest5  (cost=0.43..8.45 rows=1 width=121)
	  Index Cond: (id = 952406)

table 6 : explain SELECT c FROM sbtest6 WHERE id=5863813
	Index Scan using sbtest6_pkey on sbtest6  (cost=0.43..8.45 rows=1 width=121)
	  Index Cond: (id = 5863813)

table 7 : explain SELECT c FROM sbtest7 WHERE id=4017473
	Index Scan using sbtest7_pkey on sbtest7  (cost=0.43..8.45 rows=1 width=121)
	  Index Cond: (id = 4017473)

table 8 : explain SELECT c FROM sbtest8 WHERE id=1422119
	Index Scan using sbtest8_pkey on sbtest8  (cost=0.43..8.45 rows=1 width=121)
	  Index Cond: (id = 1422119)

for: sum_ranges
table 1 : explain SELECT SUM(k) FROM sbtest1 WHERE id BETWEEN 465533 AND 466532
	Aggregate  (cost=4040.92..4040.93 rows=1 width=8)
	  ->  Bitmap Heap Scan on sbtest1  (cost=35.12..4038.32 rows=1042 width=4)
	        Recheck Cond: ((id >= 465533) AND (id <= 466532))
	        ->  Bitmap Index Scan on sbtest1_pkey  (cost=0.00..34.86 rows=1042 width=0)
	              Index Cond: ((id >= 465533) AND (id <= 466532))

table 2 : explain SELECT SUM(k) FROM sbtest2 WHERE id BETWEEN 2334684 AND 2335683
	Aggregate  (cost=3483.45..3483.46 rows=1 width=8)
	  ->  Bitmap Heap Scan on sbtest2  (cost=29.63..3481.21 rows=897 width=4)
	        Recheck Cond: ((id >= 2334684) AND (id <= 2335683))
	        ->  Bitmap Index Scan on sbtest2_pkey  (cost=0.00..29.40 rows=897 width=0)
	              Index Cond: ((id >= 2334684) AND (id <= 2335683))

table 3 : explain SELECT SUM(k) FROM sbtest3 WHERE id BETWEEN 1125885 AND 1126884
	Aggregate  (cost=4120.87..4120.88 rows=1 width=8)
	  ->  Bitmap Heap Scan on sbtest3  (cost=35.35..4118.20 rows=1065 width=4)
	        Recheck Cond: ((id >= 1125885) AND (id <= 1126884))
	        ->  Bitmap Index Scan on sbtest3_pkey  (cost=0.00..35.09 rows=1065 width=0)
	              Index Cond: ((id >= 1125885) AND (id <= 1126884))

table 4 : explain SELECT SUM(k) FROM sbtest4 WHERE id BETWEEN 4192866 AND 4193865
	Aggregate  (cost=4449.59..4449.60 rows=1 width=8)
	  ->  Bitmap Heap Scan on sbtest4  (cost=40.24..4446.71 rows=1152 width=4)
	        Recheck Cond: ((id >= 4192866) AND (id <= 4193865))
	        ->  Bitmap Index Scan on sbtest4_pkey  (cost=0.00..39.95 rows=1152 width=0)
	              Index Cond: ((id >= 4192866) AND (id <= 4193865))

table 5 : explain SELECT SUM(k) FROM sbtest5 WHERE id BETWEEN 1118083 AND 1119082
	Aggregate  (cost=3980.70..3980.71 rows=1 width=8)
	  ->  Bitmap Heap Scan on sbtest5  (cost=34.96..3978.14 rows=1027 width=4)
	        Recheck Cond: ((id >= 1118083) AND (id <= 1119082))
	        ->  Bitmap Index Scan on sbtest5_pkey  (cost=0.00..34.70 rows=1027 width=0)
	              Index Cond: ((id >= 1118083) AND (id <= 1119082))

table 6 : explain SELECT SUM(k) FROM sbtest6 WHERE id BETWEEN 765627 AND 766626
	Aggregate  (cost=4017.04..4017.05 rows=1 width=8)
	  ->  Bitmap Heap Scan on sbtest6  (cost=35.06..4014.45 rows=1037 width=4)
	        Recheck Cond: ((id >= 765627) AND (id <= 766626))
	        ->  Bitmap Index Scan on sbtest6_pkey  (cost=0.00..34.81 rows=1037 width=0)
	              Index Cond: ((id >= 765627) AND (id <= 766626))

table 7 : explain SELECT SUM(k) FROM sbtest7 WHERE id BETWEEN 6290660 AND 6291659
	Aggregate  (cost=3912.41..3912.42 rows=1 width=8)
	  ->  Bitmap Heap Scan on sbtest7  (cost=34.78..3909.89 rows=1009 width=4)
	        Recheck Cond: ((id >= 6290660) AND (id <= 6291659))
	        ->  Bitmap Index Scan on sbtest7_pkey  (cost=0.00..34.53 rows=1009 width=0)
	              Index Cond: ((id >= 6290660) AND (id <= 6291659))

table 8 : explain SELECT SUM(k) FROM sbtest8 WHERE id BETWEEN 5202803 AND 5203802
	Aggregate  (cost=3406.05..3406.06 rows=1 width=8)
	  ->  Bitmap Heap Scan on sbtest8  (cost=29.41..3403.86 rows=876 width=4)
	        Recheck Cond: ((id >= 5202803) AND (id <= 5203802))
	        ->  Bitmap Index Scan on sbtest8_pkey  (cost=0.00..29.19 rows=876 width=0)
	              Index Cond: ((id >= 5202803) AND (id <= 5203802))

for: sum_ranges
table 1 : explain SELECT SUM(k) FROM sbtest1 WHERE id BETWEEN 5242147 AND 5243146
	Aggregate  (cost=4025.83..4025.84 rows=1 width=8)
	  ->  Bitmap Heap Scan on sbtest1  (cost=35.07..4023.23 rows=1038 width=4)
	        Recheck Cond: ((id >= 5242147) AND (id <= 5243146))
	        ->  Bitmap Index Scan on sbtest1_pkey  (cost=0.00..34.82 rows=1038 width=0)
	              Index Cond: ((id >= 5242147) AND (id <= 5243146))

table 2 : explain SELECT SUM(k) FROM sbtest2 WHERE id BETWEEN 2650577 AND 2651576
	Aggregate  (cost=3853.83..3853.84 rows=1 width=8)
	  ->  Bitmap Heap Scan on sbtest2  (cost=34.62..3851.34 rows=994 width=4)
	        Recheck Cond: ((id >= 2650577) AND (id <= 2651576))
	        ->  Bitmap Index Scan on sbtest2_pkey  (cost=0.00..34.38 rows=994 width=0)
	              Index Cond: ((id >= 2650577) AND (id <= 2651576))

table 3 : explain SELECT SUM(k) FROM sbtest3 WHERE id BETWEEN 4880832 AND 4881831
	Aggregate  (cost=3992.92..3992.93 rows=1 width=8)
	  ->  Bitmap Heap Scan on sbtest3  (cost=35.00..3990.34 rows=1031 width=4)
	        Recheck Cond: ((id >= 4880832) AND (id <= 4881831))
	        ->  Bitmap Index Scan on sbtest3_pkey  (cost=0.00..34.75 rows=1031 width=0)
	              Index Cond: ((id >= 4880832) AND (id <= 4881831))

table 4 : explain SELECT SUM(k) FROM sbtest4 WHERE id BETWEEN 7952093 AND 7953092
	Aggregate  (cost=4084.74..4084.75 rows=1 width=8)
	  ->  Bitmap Heap Scan on sbtest4  (cost=35.25..4082.10 rows=1055 width=4)
	        Recheck Cond: ((id >= 7952093) AND (id <= 7953092))
	        ->  Bitmap Index Scan on sbtest4_pkey  (cost=0.00..34.98 rows=1055 width=0)
	              Index Cond: ((id >= 7952093) AND (id <= 7953092))

table 5 : explain SELECT SUM(k) FROM sbtest5 WHERE id BETWEEN 4644141 AND 4645140
	Aggregate  (cost=3950.54..3950.55 rows=1 width=8)
	  ->  Bitmap Heap Scan on sbtest5  (cost=34.88..3947.99 rows=1019 width=4)
	        Recheck Cond: ((id >= 4644141) AND (id <= 4645140))
	        ->  Bitmap Index Scan on sbtest5_pkey  (cost=0.00..34.62 rows=1019 width=0)
	              Index Cond: ((id >= 4644141) AND (id <= 4645140))

table 6 : explain SELECT SUM(k) FROM sbtest6 WHERE id BETWEEN 2160008 AND 2161007
	Aggregate  (cost=3552.52..3552.53 rows=1 width=8)
	  ->  Bitmap Heap Scan on sbtest6  (cost=29.81..3550.23 rows=915 width=4)
	        Recheck Cond: ((id >= 2160008) AND (id <= 2161007))
	        ->  Bitmap Index Scan on sbtest6_pkey  (cost=0.00..29.58 rows=915 width=0)
	              Index Cond: ((id >= 2160008) AND (id <= 2161007))

table 7 : explain SELECT SUM(k) FROM sbtest7 WHERE id BETWEEN 7294470 AND 7295469
	Aggregate  (cost=3840.72..3840.73 rows=1 width=8)
	  ->  Bitmap Heap Scan on sbtest7  (cost=34.58..3838.25 rows=990 width=4)
	        Recheck Cond: ((id >= 7294470) AND (id <= 7295469))
	        ->  Bitmap Index Scan on sbtest7_pkey  (cost=0.00..34.34 rows=990 width=0)
	              Index Cond: ((id >= 7294470) AND (id <= 7295469))

table 8 : explain SELECT SUM(k) FROM sbtest8 WHERE id BETWEEN 8133668 AND 8134667
	Aggregate  (cost=4191.77..4191.78 rows=1 width=8)
	  ->  Bitmap Heap Scan on sbtest8  (cost=35.54..4189.07 rows=1083 width=4)
	        Recheck Cond: ((id >= 8133668) AND (id <= 8134667))
	        ->  Bitmap Index Scan on sbtest8_pkey  (cost=0.00..35.27 rows=1083 width=0)
	              Index Cond: ((id >= 8133668) AND (id <= 8134667))

for: sum_ranges
table 1 : explain SELECT SUM(k) FROM sbtest1 WHERE id BETWEEN 2444256 AND 2445255
	Aggregate  (cost=3836.97..3836.98 rows=1 width=8)
	  ->  Bitmap Heap Scan on sbtest1  (cost=34.56..3834.50 rows=988 width=4)
	        Recheck Cond: ((id >= 2444256) AND (id <= 2445255))
	        ->  Bitmap Index Scan on sbtest1_pkey  (cost=0.00..34.32 rows=988 width=0)
	              Index Cond: ((id >= 2444256) AND (id <= 2445255))

table 2 : explain SELECT SUM(k) FROM sbtest2 WHERE id BETWEEN 676221 AND 677220
	Aggregate  (cost=3929.21..3929.22 rows=1 width=8)
	  ->  Bitmap Heap Scan on sbtest2  (cost=34.83..3926.68 rows=1014 width=4)
	        Recheck Cond: ((id >= 676221) AND (id <= 677220))
	        ->  Bitmap Index Scan on sbtest2_pkey  (cost=0.00..34.58 rows=1014 width=0)
	              Index Cond: ((id >= 676221) AND (id <= 677220))

table 3 : explain SELECT SUM(k) FROM sbtest3 WHERE id BETWEEN 2835387 AND 2836386
	Aggregate  (cost=3664.83..3664.84 rows=1 width=8)
	  ->  Bitmap Heap Scan on sbtest3  (cost=34.11..3662.47 rows=944 width=4)
	        Recheck Cond: ((id >= 2835387) AND (id <= 2836386))
	        ->  Bitmap Index Scan on sbtest3_pkey  (cost=0.00..33.88 rows=944 width=0)
	              Index Cond: ((id >= 2835387) AND (id <= 2836386))

table 4 : explain SELECT SUM(k) FROM sbtest4 WHERE id BETWEEN 8061296 AND 8062295
	Aggregate  (cost=3666.09..3666.10 rows=1 width=8)
	  ->  Bitmap Heap Scan on sbtest4  (cost=34.11..3663.73 rows=944 width=4)
	        Recheck Cond: ((id >= 8061296) AND (id <= 8062295))
	        ->  Bitmap Index Scan on sbtest4_pkey  (cost=0.00..33.88 rows=944 width=0)
	              Index Cond: ((id >= 8061296) AND (id <= 8062295))

table 5 : explain SELECT SUM(k) FROM sbtest5 WHERE id BETWEEN 6880812 AND 6881811
	Aggregate  (cost=3746.71..3746.72 rows=1 width=8)
	  ->  Bitmap Heap Scan on sbtest5  (cost=34.33..3744.30 rows=965 width=4)
	        Recheck Cond: ((id >= 6880812) AND (id <= 6881811))
	        ->  Bitmap Index Scan on sbtest5_pkey  (cost=0.00..34.09 rows=965 width=0)
	              Index Cond: ((id >= 6880812) AND (id <= 6881811))

table 6 : explain SELECT SUM(k) FROM sbtest6 WHERE id BETWEEN 3589139 AND 3590138
	Aggregate  (cost=4129.99..4130.00 rows=1 width=8)
	  ->  Bitmap Heap Scan on sbtest6  (cost=35.37..4127.32 rows=1067 width=4)
	        Recheck Cond: ((id >= 3589139) AND (id <= 3590138))
	        ->  Bitmap Index Scan on sbtest6_pkey  (cost=0.00..35.11 rows=1067 width=0)
	              Index Cond: ((id >= 3589139) AND (id <= 3590138))

table 7 : explain SELECT SUM(k) FROM sbtest7 WHERE id BETWEEN 443140 AND 444139
	Aggregate  (cost=4014.20..4014.21 rows=1 width=8)
	  ->  Bitmap Heap Scan on sbtest7  (cost=35.05..4011.61 rows=1036 width=4)
	        Recheck Cond: ((id >= 443140) AND (id <= 444139))
	        ->  Bitmap Index Scan on sbtest7_pkey  (cost=0.00..34.80 rows=1036 width=0)
	              Index Cond: ((id >= 443140) AND (id <= 444139))

table 8 : explain SELECT SUM(k) FROM sbtest8 WHERE id BETWEEN 4504961 AND 4505960
	Aggregate  (cost=3826.14..3826.15 rows=1 width=8)
	  ->  Bitmap Heap Scan on sbtest8  (cost=34.54..3823.68 rows=986 width=4)
	        Recheck Cond: ((id >= 4504961) AND (id <= 4505960))
	        ->  Bitmap Index Scan on sbtest8_pkey  (cost=0.00..34.30 rows=986 width=0)
	              Index Cond: ((id >= 4504961) AND (id <= 4505960))

for: sum_ranges
table 1 : explain SELECT SUM(k) FROM sbtest1 WHERE id BETWEEN 2276846 AND 2277845
	Aggregate  (cost=3757.56..3757.57 rows=1 width=8)
	  ->  Bitmap Heap Scan on sbtest1  (cost=34.35..3755.14 rows=967 width=4)
	        Recheck Cond: ((id >= 2276846) AND (id <= 2277845))
	        ->  Bitmap Index Scan on sbtest1_pkey  (cost=0.00..34.11 rows=967 width=0)
	              Index Cond: ((id >= 2276846) AND (id <= 2277845))

table 2 : explain SELECT SUM(k) FROM sbtest2 WHERE id BETWEEN 4699150 AND 4700149
	Aggregate  (cost=4230.26..4230.27 rows=1 width=8)
	  ->  Bitmap Heap Scan on sbtest2  (cost=35.65..4227.52 rows=1094 width=4)
	        Recheck Cond: ((id >= 4699150) AND (id <= 4700149))
	        ->  Bitmap Index Scan on sbtest2_pkey  (cost=0.00..35.38 rows=1094 width=0)
	              Index Cond: ((id >= 4699150) AND (id <= 4700149))

table 3 : explain SELECT SUM(k) FROM sbtest3 WHERE id BETWEEN 9701259 AND 9702258
	Aggregate  (cost=3695.04..3695.05 rows=1 width=8)
	  ->  Bitmap Heap Scan on sbtest3  (cost=34.19..3692.66 rows=952 width=4)
	        Recheck Cond: ((id >= 9701259) AND (id <= 9702258))
	        ->  Bitmap Index Scan on sbtest3_pkey  (cost=0.00..33.95 rows=952 width=0)
	              Index Cond: ((id >= 9701259) AND (id <= 9702258))

table 4 : explain SELECT SUM(k) FROM sbtest4 WHERE id BETWEEN 9035288 AND 9036287
	Aggregate  (cost=3469.20..3469.21 rows=1 width=8)
	  ->  Bitmap Heap Scan on sbtest4  (cost=29.59..3466.97 rows=893 width=4)
	        Recheck Cond: ((id >= 9035288) AND (id <= 9036287))
	        ->  Bitmap Index Scan on sbtest4_pkey  (cost=0.00..29.36 rows=893 width=0)
	              Index Cond: ((id >= 9035288) AND (id <= 9036287))

table 5 : explain SELECT SUM(k) FROM sbtest5 WHERE id BETWEEN 8355046 AND 8356045
	Aggregate  (cost=3882.64..3882.65 rows=1 width=8)
	  ->  Bitmap Heap Scan on sbtest5  (cost=34.70..3880.13 rows=1001 width=4)
	        Recheck Cond: ((id >= 8355046) AND (id <= 8356045))
	        ->  Bitmap Index Scan on sbtest5_pkey  (cost=0.00..34.45 rows=1001 width=0)
	              Index Cond: ((id >= 8355046) AND (id <= 8356045))

table 6 : explain SELECT SUM(k) FROM sbtest6 WHERE id BETWEEN 639670 AND 640669
	Aggregate  (cost=3820.99..3821.00 rows=1 width=8)
	  ->  Bitmap Heap Scan on sbtest6  (cost=34.53..3818.53 rows=985 width=4)
	        Recheck Cond: ((id >= 639670) AND (id <= 640669))
	        ->  Bitmap Index Scan on sbtest6_pkey  (cost=0.00..34.29 rows=985 width=0)
	              Index Cond: ((id >= 639670) AND (id <= 640669))

table 7 : explain SELECT SUM(k) FROM sbtest7 WHERE id BETWEEN 9911773 AND 9912772
	Aggregate  (cost=3848.27..3848.28 rows=1 width=8)
	  ->  Bitmap Heap Scan on sbtest7  (cost=34.60..3845.79 rows=992 width=4)
	        Recheck Cond: ((id >= 9911773) AND (id <= 9912772))
	        ->  Bitmap Index Scan on sbtest7_pkey  (cost=0.00..34.36 rows=992 width=0)
	              Index Cond: ((id >= 9911773) AND (id <= 9912772))

table 8 : explain SELECT SUM(k) FROM sbtest8 WHERE id BETWEEN 9221952 AND 9222951
	Aggregate  (cost=3697.70..3697.71 rows=1 width=8)
	  ->  Bitmap Heap Scan on sbtest8  (cost=34.19..3695.32 rows=952 width=4)
	        Recheck Cond: ((id >= 9221952) AND (id <= 9222951))
	        ->  Bitmap Index Scan on sbtest8_pkey  (cost=0.00..33.95 rows=952 width=0)
	              Index Cond: ((id >= 9221952) AND (id <= 9222951))

for: simple_ranges
table 1 : explain SELECT c FROM sbtest1 WHERE id BETWEEN 213200 AND 214199
	Bitmap Heap Scan on sbtest1  (cost=34.55..3830.72 rows=987 width=121)
	  Recheck Cond: ((id >= 213200) AND (id <= 214199))
	  ->  Bitmap Index Scan on sbtest1_pkey  (cost=0.00..34.31 rows=987 width=0)
	        Index Cond: ((id >= 213200) AND (id <= 214199))

table 2 : explain SELECT c FROM sbtest2 WHERE id BETWEEN 6690709 AND 6691708
	Bitmap Heap Scan on sbtest2  (cost=29.90..3579.47 rows=923 width=121)
	  Recheck Cond: ((id >= 6690709) AND (id <= 6691708))
	  ->  Bitmap Index Scan on sbtest2_pkey  (cost=0.00..29.66 rows=923 width=0)
	        Index Cond: ((id >= 6690709) AND (id <= 6691708))

table 3 : explain SELECT c FROM sbtest3 WHERE id BETWEEN 4514056 AND 4515055
	Bitmap Heap Scan on sbtest3  (cost=35.28..4091.89 rows=1058 width=121)
	  Recheck Cond: ((id >= 4514056) AND (id <= 4515055))
	  ->  Bitmap Index Scan on sbtest3_pkey  (cost=0.00..35.02 rows=1058 width=0)
	        Index Cond: ((id >= 4514056) AND (id <= 4515055))

table 4 : explain SELECT c FROM sbtest4 WHERE id BETWEEN 958383 AND 959382
	Bitmap Heap Scan on sbtest4  (cost=34.67..3871.23 rows=999 width=121)
	  Recheck Cond: ((id >= 958383) AND (id <= 959382))
	  ->  Bitmap Index Scan on sbtest4_pkey  (cost=0.00..34.43 rows=999 width=0)
	        Index Cond: ((id >= 958383) AND (id <= 959382))

table 5 : explain SELECT c FROM sbtest5 WHERE id BETWEEN 4053979 AND 4054978
	Bitmap Heap Scan on sbtest5  (cost=35.32..4109.92 rows=1062 width=121)
	  Recheck Cond: ((id >= 4053979) AND (id <= 4054978))
	  ->  Bitmap Index Scan on sbtest5_pkey  (cost=0.00..35.06 rows=1062 width=0)
	        Index Cond: ((id >= 4053979) AND (id <= 4054978))

table 6 : explain SELECT c FROM sbtest6 WHERE id BETWEEN 8903551 AND 8904550
	Bitmap Heap Scan on sbtest6  (cost=29.91..3584.25 rows=924 width=121)
	  Recheck Cond: ((id >= 8903551) AND (id <= 8904550))
	  ->  Bitmap Index Scan on sbtest6_pkey  (cost=0.00..29.68 rows=924 width=0)
	        Index Cond: ((id >= 8903551) AND (id <= 8904550))

table 7 : explain SELECT c FROM sbtest7 WHERE id BETWEEN 1705027 AND 1706026
	Bitmap Heap Scan on sbtest7  (cost=35.16..4049.26 rows=1046 width=121)
	  Recheck Cond: ((id >= 1705027) AND (id <= 1706026))
	  ->  Bitmap Index Scan on sbtest7_pkey  (cost=0.00..34.90 rows=1046 width=0)
	        Index Cond: ((id >= 1705027) AND (id <= 1706026))

table 8 : explain SELECT c FROM sbtest8 WHERE id BETWEEN 2737335 AND 2738334
	Bitmap Heap Scan on sbtest8  (cost=34.40..3770.84 rows=972 width=121)
	  Recheck Cond: ((id >= 2737335) AND (id <= 2738334))
	  ->  Bitmap Index Scan on sbtest8_pkey  (cost=0.00..34.16 rows=972 width=0)
	        Index Cond: ((id >= 2737335) AND (id <= 2738334))

explain: for point_selects :: explain SELECT c FROM sbtest%u WHERE id=%u
for: order_ranges
table 1 : explain SELECT c FROM sbtest1 WHERE id BETWEEN 4222747 AND 4223746 ORDER BY c
	Sort  (cost=4151.79..4154.43 rows=1058 width=121)
	  Sort Key: c
	  ->  Bitmap Heap Scan on sbtest1  (cost=35.28..4098.64 rows=1058 width=121)
	        Recheck Cond: ((id >= 4222747) AND (id <= 4223746))
	        ->  Bitmap Index Scan on sbtest1_pkey  (cost=0.00..35.02 rows=1058 width=0)
	              Index Cond: ((id >= 4222747) AND (id <= 4223746))

table 2 : explain SELECT c FROM sbtest2 WHERE id BETWEEN 29974 AND 30973 ORDER BY c
	Sort  (cost=3831.96..3834.40 rows=976 width=121)
	  Sort Key: c
	  ->  Bitmap Heap Scan on sbtest2  (cost=34.44..3783.49 rows=976 width=121)
	        Recheck Cond: ((id >= 29974) AND (id <= 30973))
	        ->  Bitmap Index Scan on sbtest2_pkey  (cost=0.00..34.20 rows=976 width=0)
	              Index Cond: ((id >= 29974) AND (id <= 30973))

table 3 : explain SELECT c FROM sbtest3 WHERE id BETWEEN 3155695 AND 3156694 ORDER BY c
	Sort  (cost=3670.64..3672.97 rows=935 width=121)
	  Sort Key: c
	  ->  Bitmap Heap Scan on sbtest3  (cost=30.02..3624.50 rows=935 width=121)
	        Recheck Cond: ((id >= 3155695) AND (id <= 3156694))
	        ->  Bitmap Index Scan on sbtest3_pkey  (cost=0.00..29.79 rows=935 width=0)
	              Index Cond: ((id >= 3155695) AND (id <= 3156694))

table 4 : explain SELECT c FROM sbtest4 WHERE id BETWEEN 8488990 AND 8489989 ORDER BY c
	Sort  (cost=3790.84..3793.25 rows=965 width=121)
	  Sort Key: c
	  ->  Bitmap Heap Scan on sbtest4  (cost=34.33..3743.01 rows=965 width=121)
	        Recheck Cond: ((id >= 8488990) AND (id <= 8489989))
	        ->  Bitmap Index Scan on sbtest4_pkey  (cost=0.00..34.09 rows=965 width=0)
	              Index Cond: ((id >= 8488990) AND (id <= 8489989))

table 5 : explain SELECT c FROM sbtest5 WHERE id BETWEEN 2952415 AND 2953414 ORDER BY c
	Sort  (cost=3634.75..3637.06 rows=925 width=121)
	  Sort Key: c
	  ->  Bitmap Heap Scan on sbtest5  (cost=29.92..3589.18 rows=925 width=121)
	        Recheck Cond: ((id >= 2952415) AND (id <= 2953414))
	        ->  Bitmap Index Scan on sbtest5_pkey  (cost=0.00..29.68 rows=925 width=0)
	              Index Cond: ((id >= 2952415) AND (id <= 2953414))

table 6 : explain SELECT c FROM sbtest6 WHERE id BETWEEN 3257324 AND 3258323 ORDER BY c
	Sort  (cost=3675.78..3678.12 rows=936 width=121)
	  Sort Key: c
	  ->  Bitmap Heap Scan on sbtest6  (cost=30.03..3629.59 rows=936 width=121)
	        Recheck Cond: ((id >= 3257324) AND (id <= 3258323))
	        ->  Bitmap Index Scan on sbtest6_pkey  (cost=0.00..29.79 rows=936 width=0)
	              Index Cond: ((id >= 3257324) AND (id <= 3258323))

table 7 : explain SELECT c FROM sbtest7 WHERE id BETWEEN 6259047 AND 6260046 ORDER BY c
	Sort  (cost=3960.23..3962.75 rows=1009 width=121)
	  Sort Key: c
	  ->  Bitmap Heap Scan on sbtest7  (cost=34.78..3909.89 rows=1009 width=121)
	        Recheck Cond: ((id >= 6259047) AND (id <= 6260046))
	        ->  Bitmap Index Scan on sbtest7_pkey  (cost=0.00..34.53 rows=1009 width=0)
	              Index Cond: ((id >= 6259047) AND (id <= 6260046))

table 8 : explain SELECT c FROM sbtest8 WHERE id BETWEEN 8770606 AND 8771605 ORDER BY c
	Sort  (cost=3727.09..3729.46 rows=948 width=121)
	  Sort Key: c
	  ->  Bitmap Heap Scan on sbtest8  (cost=34.15..3680.21 rows=948 width=121)
	        Recheck Cond: ((id >= 8770606) AND (id <= 8771605))
	        ->  Bitmap Index Scan on sbtest8_pkey  (cost=0.00..33.92 rows=948 width=0)
	              Index Cond: ((id >= 8770606) AND (id <= 8771605))

explain: for point_selects :: explain SELECT c FROM sbtest%u WHERE id=%u
for: simple_ranges
table 1 : explain SELECT c FROM sbtest1 WHERE id BETWEEN 528026 AND 529025
	Bitmap Heap Scan on sbtest1  (cost=35.54..4192.83 rows=1083 width=121)
	  Recheck Cond: ((id >= 528026) AND (id <= 529025))
	  ->  Bitmap Index Scan on sbtest1_pkey  (cost=0.00..35.27 rows=1083 width=0)
	        Index Cond: ((id >= 528026) AND (id <= 529025))

table 2 : explain SELECT c FROM sbtest2 WHERE id BETWEEN 7422287 AND 7423286
	Bitmap Heap Scan on sbtest2  (cost=34.77..3904.08 rows=1008 width=121)
	  Recheck Cond: ((id >= 7422287) AND (id <= 7423286))
	  ->  Bitmap Index Scan on sbtest2_pkey  (cost=0.00..34.52 rows=1008 width=0)
	        Index Cond: ((id >= 7422287) AND (id <= 7423286))

table 3 : explain SELECT c FROM sbtest3 WHERE id BETWEEN 8404013 AND 8405012
	Bitmap Heap Scan on sbtest3  (cost=35.34..4114.45 rows=1064 width=121)
	  Recheck Cond: ((id >= 8404013) AND (id <= 8405012))
	  ->  Bitmap Index Scan on sbtest3_pkey  (cost=0.00..35.08 rows=1064 width=0)
	        Index Cond: ((id >= 8404013) AND (id <= 8405012))

table 4 : explain SELECT c FROM sbtest4 WHERE id BETWEEN 4455721 AND 4456720
	Bitmap Heap Scan on sbtest4  (cost=35.27..4089.62 rows=1057 width=121)
	  Recheck Cond: ((id >= 4455721) AND (id <= 4456720))
	  ->  Bitmap Index Scan on sbtest4_pkey  (cost=0.00..35.01 rows=1057 width=0)
	        Index Cond: ((id >= 4455721) AND (id <= 4456720))

table 5 : explain SELECT c FROM sbtest5 WHERE id BETWEEN 2701393 AND 2702392
	Bitmap Heap Scan on sbtest5  (cost=35.30..4102.40 rows=1060 width=121)
	  Recheck Cond: ((id >= 2701393) AND (id <= 2702392))
	  ->  Bitmap Index Scan on sbtest5_pkey  (cost=0.00..35.04 rows=1060 width=0)
	        Index Cond: ((id >= 2701393) AND (id <= 2702392))

table 6 : explain SELECT c FROM sbtest6 WHERE id BETWEEN 4777650 AND 4778649
	Bitmap Heap Scan on sbtest6  (cost=34.06..3644.92 rows=939 width=121)
	  Recheck Cond: ((id >= 4777650) AND (id <= 4778649))
	  ->  Bitmap Index Scan on sbtest6_pkey  (cost=0.00..33.83 rows=939 width=0)
	        Index Cond: ((id >= 4777650) AND (id <= 4778649))

table 7 : explain SELECT c FROM sbtest7 WHERE id BETWEEN 2508862 AND 2509861
	Bitmap Heap Scan on sbtest7  (cost=34.69..3875.96 rows=1000 width=121)
	  Recheck Cond: ((id >= 2508862) AND (id <= 2509861))
	  ->  Bitmap Index Scan on sbtest7_pkey  (cost=0.00..34.44 rows=1000 width=0)
	        Index Cond: ((id >= 2508862) AND (id <= 2509861))

table 8 : explain SELECT c FROM sbtest8 WHERE id BETWEEN 8176533 AND 8177532
	Bitmap Heap Scan on sbtest8  (cost=34.43..3782.17 rows=975 width=121)
	  Recheck Cond: ((id >= 8176533) AND (id <= 8177532))
	  ->  Bitmap Index Scan on sbtest8_pkey  (cost=0.00..34.19 rows=975 width=0)
	        Index Cond: ((id >= 8176533) AND (id <= 8177532))

for: sum_ranges
table 1 : explain SELECT SUM(k) FROM sbtest1 WHERE id BETWEEN 1296998 AND 1297997
	Aggregate  (cost=3367.04..3367.05 rows=1 width=8)
	  ->  Bitmap Heap Scan on sbtest1  (cost=29.30..3364.87 rows=865 width=4)
	        Recheck Cond: ((id >= 1296998) AND (id <= 1297997))
	        ->  Bitmap Index Scan on sbtest1_pkey  (cost=0.00..29.08 rows=865 width=0)
	              Index Cond: ((id >= 1296998) AND (id <= 1297997))

table 2 : explain SELECT SUM(k) FROM sbtest2 WHERE id BETWEEN 290988 AND 291987
	Aggregate  (cost=3812.34..3812.35 rows=1 width=8)
	  ->  Bitmap Heap Scan on sbtest2  (cost=34.51..3809.88 rows=983 width=4)
	        Recheck Cond: ((id >= 290988) AND (id <= 291987))
	        ->  Bitmap Index Scan on sbtest2_pkey  (cost=0.00..34.27 rows=983 width=0)
	              Index Cond: ((id >= 290988) AND (id <= 291987))

table 3 : explain SELECT SUM(k) FROM sbtest3 WHERE id BETWEEN 5314753 AND 5315752
	Aggregate  (cost=3630.62..3630.63 rows=1 width=8)
	  ->  Bitmap Heap Scan on sbtest3  (cost=30.03..3628.28 rows=936 width=4)
	        Recheck Cond: ((id >= 5314753) AND (id <= 5315752))
	        ->  Bitmap Index Scan on sbtest3_pkey  (cost=0.00..29.79 rows=936 width=0)
	              Index Cond: ((id >= 5314753) AND (id <= 5315752))

table 4 : explain SELECT SUM(k) FROM sbtest4 WHERE id BETWEEN 3985864 AND 3986863
	Aggregate  (cost=3885.04..3885.05 rows=1 width=8)
	  ->  Bitmap Heap Scan on sbtest4  (cost=34.71..3882.54 rows=1002 width=4)
	        Recheck Cond: ((id >= 3985864) AND (id <= 3986863))
	        ->  Bitmap Index Scan on sbtest4_pkey  (cost=0.00..34.45 rows=1002 width=0)
	              Index Cond: ((id >= 3985864) AND (id <= 3986863))

table 5 : explain SELECT SUM(k) FROM sbtest5 WHERE id BETWEEN 9181747 AND 9182746
	Aggregate  (cost=3659.78..3659.79 rows=1 width=8)
	  ->  Bitmap Heap Scan on sbtest5  (cost=34.09..3657.43 rows=942 width=4)
	        Recheck Cond: ((id >= 9181747) AND (id <= 9182746))
	        ->  Bitmap Index Scan on sbtest5_pkey  (cost=0.00..33.86 rows=942 width=0)
	              Index Cond: ((id >= 9181747) AND (id <= 9182746))

table 6 : explain SELECT SUM(k) FROM sbtest6 WHERE id BETWEEN 5520665 AND 5521664
	Aggregate  (cost=4062.23..4062.24 rows=1 width=8)
	  ->  Bitmap Heap Scan on sbtest6  (cost=35.19..4059.61 rows=1049 width=4)
	        Recheck Cond: ((id >= 5520665) AND (id <= 5521664))
	        ->  Bitmap Index Scan on sbtest6_pkey  (cost=0.00..34.93 rows=1049 width=0)
	              Index Cond: ((id >= 5520665) AND (id <= 5521664))

table 7 : explain SELECT SUM(k) FROM sbtest7 WHERE id BETWEEN 5467903 AND 5468902
	Aggregate  (cost=3742.55..3742.56 rows=1 width=8)
	  ->  Bitmap Heap Scan on sbtest7  (cost=34.32..3740.14 rows=964 width=4)
	        Recheck Cond: ((id >= 5467903) AND (id <= 5468902))
	        ->  Bitmap Index Scan on sbtest7_pkey  (cost=0.00..34.08 rows=964 width=0)
	              Index Cond: ((id >= 5467903) AND (id <= 5468902))

table 8 : explain SELECT SUM(k) FROM sbtest8 WHERE id BETWEEN 5257551 AND 5258550
	Aggregate  (cost=3799.71..3799.72 rows=1 width=8)
	  ->  Bitmap Heap Scan on sbtest8  (cost=34.47..3797.27 rows=979 width=4)
	        Recheck Cond: ((id >= 5257551) AND (id <= 5258550))
	        ->  Bitmap Index Scan on sbtest8_pkey  (cost=0.00..34.23 rows=979 width=0)
	              Index Cond: ((id >= 5257551) AND (id <= 5258550))

for: sum_ranges
table 1 : explain SELECT SUM(k) FROM sbtest1 WHERE id BETWEEN 3019027 AND 3020026
	Aggregate  (cost=3666.73..3666.74 rows=1 width=8)
	  ->  Bitmap Heap Scan on sbtest1  (cost=34.10..3664.38 rows=943 width=4)
	        Recheck Cond: ((id >= 3019027) AND (id <= 3020026))
	        ->  Bitmap Index Scan on sbtest1_pkey  (cost=0.00..33.87 rows=943 width=0)
	              Index Cond: ((id >= 3019027) AND (id <= 3020026))

table 2 : explain SELECT SUM(k) FROM sbtest2 WHERE id BETWEEN 5095657 AND 5096656
	Aggregate  (cost=3543.97..3543.98 rows=1 width=8)
	  ->  Bitmap Heap Scan on sbtest2  (cost=29.79..3541.69 rows=913 width=4)
	        Recheck Cond: ((id >= 5095657) AND (id <= 5096656))
	        ->  Bitmap Index Scan on sbtest2_pkey  (cost=0.00..29.57 rows=913 width=0)
	              Index Cond: ((id >= 5095657) AND (id <= 5096656))

table 3 : explain SELECT SUM(k) FROM sbtest3 WHERE id BETWEEN 6374353 AND 6375352
	Aggregate  (cost=4218.61..4218.62 rows=1 width=8)
	  ->  Bitmap Heap Scan on sbtest3  (cost=35.62..4215.89 rows=1091 width=4)
	        Recheck Cond: ((id >= 6374353) AND (id <= 6375352))
	        ->  Bitmap Index Scan on sbtest3_pkey  (cost=0.00..35.34 rows=1091 width=0)
	              Index Cond: ((id >= 6374353) AND (id <= 6375352))

table 4 : explain SELECT SUM(k) FROM sbtest4 WHERE id BETWEEN 9384814 AND 9385813
	Aggregate  (cost=4137.43..4137.44 rows=1 width=8)
	  ->  Bitmap Heap Scan on sbtest4  (cost=35.39..4134.75 rows=1069 width=4)
	        Recheck Cond: ((id >= 9384814) AND (id <= 9385813))
	        ->  Bitmap Index Scan on sbtest4_pkey  (cost=0.00..35.12 rows=1069 width=0)
	              Index Cond: ((id >= 9384814) AND (id <= 9385813))

table 5 : explain SELECT SUM(k) FROM sbtest5 WHERE id BETWEEN 4351778 AND 4352777
	Aggregate  (cost=3795.82..3795.83 rows=1 width=8)
	  ->  Bitmap Heap Scan on sbtest5  (cost=34.46..3793.37 rows=978 width=4)
	        Recheck Cond: ((id >= 4351778) AND (id <= 4352777))
	        ->  Bitmap Index Scan on sbtest5_pkey  (cost=0.00..34.22 rows=978 width=0)
	              Index Cond: ((id >= 4351778) AND (id <= 4352777))

table 6 : explain SELECT SUM(k) FROM sbtest6 WHERE id BETWEEN 7332045 AND 7333044
	Aggregate  (cost=3488.20..3488.21 rows=1 width=8)
	  ->  Bitmap Heap Scan on sbtest6  (cost=29.64..3485.95 rows=898 width=4)
	        Recheck Cond: ((id >= 7332045) AND (id <= 7333044))
	        ->  Bitmap Index Scan on sbtest6_pkey  (cost=0.00..29.41 rows=898 width=0)
	              Index Cond: ((id >= 7332045) AND (id <= 7333044))

table 7 : explain SELECT SUM(k) FROM sbtest7 WHERE id BETWEEN 5529546 AND 5530545
	Aggregate  (cost=4063.18..4063.19 rows=1 width=8)
	  ->  Bitmap Heap Scan on sbtest7  (cost=35.19..4060.56 rows=1049 width=4)
	        Recheck Cond: ((id >= 5529546) AND (id <= 5530545))
	        ->  Bitmap Index Scan on sbtest7_pkey  (cost=0.00..34.93 rows=1049 width=0)
	              Index Cond: ((id >= 5529546) AND (id <= 5530545))

table 8 : explain SELECT SUM(k) FROM sbtest8 WHERE id BETWEEN 9906684 AND 9907683
	Aggregate  (cost=4018.53..4018.54 rows=1 width=8)
	  ->  Bitmap Heap Scan on sbtest8  (cost=35.06..4015.94 rows=1037 width=4)
	        Recheck Cond: ((id >= 9906684) AND (id <= 9907683))
	        ->  Bitmap Index Scan on sbtest8_pkey  (cost=0.00..34.81 rows=1037 width=0)
	              Index Cond: ((id >= 9906684) AND (id <= 9907683))

for: sum_ranges
table 1 : explain SELECT SUM(k) FROM sbtest1 WHERE id BETWEEN 8508810 AND 8509809
	Aggregate  (cost=3560.47..3560.48 rows=1 width=8)
	  ->  Bitmap Heap Scan on sbtest1  (cost=29.82..3558.18 rows=916 width=4)
	        Recheck Cond: ((id >= 8508810) AND (id <= 8509809))
	        ->  Bitmap Index Scan on sbtest1_pkey  (cost=0.00..29.59 rows=916 width=0)
	              Index Cond: ((id >= 8508810) AND (id <= 8509809))

table 2 : explain SELECT SUM(k) FROM sbtest2 WHERE id BETWEEN 2008478 AND 2009477
	Aggregate  (cost=3687.79..3687.80 rows=1 width=8)
	  ->  Bitmap Heap Scan on sbtest2  (cost=34.17..3685.42 rows=950 width=4)
	        Recheck Cond: ((id >= 2008478) AND (id <= 2009477))
	        ->  Bitmap Index Scan on sbtest2_pkey  (cost=0.00..33.94 rows=950 width=0)
	              Index Cond: ((id >= 2008478) AND (id <= 2009477))

table 3 : explain SELECT SUM(k) FROM sbtest3 WHERE id BETWEEN 1673285 AND 1674284
	Aggregate  (cost=4023.03..4023.04 rows=1 width=8)
	  ->  Bitmap Heap Scan on sbtest3  (cost=35.08..4020.44 rows=1039 width=4)
	        Recheck Cond: ((id >= 1673285) AND (id <= 1674284))
	        ->  Bitmap Index Scan on sbtest3_pkey  (cost=0.00..34.83 rows=1039 width=0)
	              Index Cond: ((id >= 1673285) AND (id <= 1674284))

table 4 : explain SELECT SUM(k) FROM sbtest4 WHERE id BETWEEN 6925099 AND 6926098
	Aggregate  (cost=3839.78..3839.79 rows=1 width=8)
	  ->  Bitmap Heap Scan on sbtest4  (cost=34.58..3837.30 rows=990 width=4)
	        Recheck Cond: ((id >= 6925099) AND (id <= 6926098))
	        ->  Bitmap Index Scan on sbtest4_pkey  (cost=0.00..34.34 rows=990 width=0)
	              Index Cond: ((id >= 6925099) AND (id <= 6926098))

table 5 : explain SELECT SUM(k) FROM sbtest5 WHERE id BETWEEN 9617909 AND 9618908
	Aggregate  (cost=4093.75..4093.76 rows=1 width=8)
	  ->  Bitmap Heap Scan on sbtest5  (cost=35.27..4091.11 rows=1057 width=4)
	        Recheck Cond: ((id >= 9617909) AND (id <= 9618908))
	        ->  Bitmap Index Scan on sbtest5_pkey  (cost=0.00..35.01 rows=1057 width=0)
	              Index Cond: ((id >= 9617909) AND (id <= 9618908))

table 6 : explain SELECT SUM(k) FROM sbtest6 WHERE id BETWEEN 971086 AND 972085
	Aggregate  (cost=3858.72..3858.73 rows=1 width=8)
	  ->  Bitmap Heap Scan on sbtest6  (cost=34.63..3856.23 rows=995 width=4)
	        Recheck Cond: ((id >= 971086) AND (id <= 972085))
	        ->  Bitmap Index Scan on sbtest6_pkey  (cost=0.00..34.39 rows=995 width=0)
	              Index Cond: ((id >= 971086) AND (id <= 972085))

table 7 : explain SELECT SUM(k) FROM sbtest7 WHERE id BETWEEN 5621422 AND 5622421
	Aggregate  (cost=3772.77..3772.78 rows=1 width=8)
	  ->  Bitmap Heap Scan on sbtest7  (cost=34.40..3770.34 rows=972 width=4)
	        Recheck Cond: ((id >= 5621422) AND (id <= 5622421))
	        ->  Bitmap Index Scan on sbtest7_pkey  (cost=0.00..34.16 rows=972 width=0)
	              Index Cond: ((id >= 5621422) AND (id <= 5622421))

table 8 : explain SELECT SUM(k) FROM sbtest8 WHERE id BETWEEN 5186837 AND 5187836
	Aggregate  (cost=3406.05..3406.06 rows=1 width=8)
	  ->  Bitmap Heap Scan on sbtest8  (cost=29.41..3403.86 rows=876 width=4)
	        Recheck Cond: ((id >= 5186837) AND (id <= 5187836))
	        ->  Bitmap Index Scan on sbtest8_pkey  (cost=0.00..29.19 rows=876 width=0)
	              Index Cond: ((id >= 5186837) AND (id <= 5187836))

for: order_ranges
table 1 : explain SELECT c FROM sbtest1 WHERE id BETWEEN 6762072 AND 6763071 ORDER BY c
	Sort  (cost=4025.45..4028.01 rows=1025 width=121)
	  Sort Key: c
	  ->  Bitmap Heap Scan on sbtest1  (cost=34.94..3974.19 rows=1025 width=121)
	        Recheck Cond: ((id >= 6762072) AND (id <= 6763071))
	        ->  Bitmap Index Scan on sbtest1_pkey  (cost=0.00..34.69 rows=1025 width=0)
	              Index Cond: ((id >= 6762072) AND (id <= 6763071))

table 2 : explain SELECT c FROM sbtest2 WHERE id BETWEEN 4223901 AND 4224900 ORDER BY c
	Sort  (cost=3682.59..3684.94 rows=937 width=121)
	  Sort Key: c
	  ->  Bitmap Heap Scan on sbtest2  (cost=34.04..3636.34 rows=937 width=121)
	        Recheck Cond: ((id >= 4223901) AND (id <= 4224900))
	        ->  Bitmap Index Scan on sbtest2_pkey  (cost=0.00..33.81 rows=937 width=0)
	              Index Cond: ((id >= 4223901) AND (id <= 4224900))

table 3 : explain SELECT c FROM sbtest3 WHERE id BETWEEN 3590382 AND 3591381 ORDER BY c
	Sort  (cost=3597.81..3600.10 rows=916 width=121)
	  Sort Key: c
	  ->  Bitmap Heap Scan on sbtest3  (cost=29.82..3552.74 rows=916 width=121)
	        Recheck Cond: ((id >= 3590382) AND (id <= 3591381))
	        ->  Bitmap Index Scan on sbtest3_pkey  (cost=0.00..29.59 rows=916 width=0)
	              Index Cond: ((id >= 3590382) AND (id <= 3591381))

table 4 : explain SELECT c FROM sbtest4 WHERE id BETWEEN 5188859 AND 5189858 ORDER BY c
	Sort  (cost=4501.48..4504.36 rows=1151 width=121)
	  Sort Key: c
	  ->  Bitmap Heap Scan on sbtest4  (cost=40.23..4442.96 rows=1151 width=121)
	        Recheck Cond: ((id >= 5188859) AND (id <= 5189858))
	        ->  Bitmap Index Scan on sbtest4_pkey  (cost=0.00..39.95 rows=1151 width=0)
	              Index Cond: ((id >= 5188859) AND (id <= 5189858))

table 5 : explain SELECT c FROM sbtest5 WHERE id BETWEEN 9956723 AND 9957722 ORDER BY c
	Sort  (cost=4113.62..4116.25 rows=1049 width=121)
	  Sort Key: c
	  ->  Bitmap Heap Scan on sbtest5  (cost=35.19..4060.99 rows=1049 width=121)
	        Recheck Cond: ((id >= 9956723) AND (id <= 9957722))
	        ->  Bitmap Index Scan on sbtest5_pkey  (cost=0.00..34.93 rows=1049 width=0)
	              Index Cond: ((id >= 9956723) AND (id <= 9957722))

table 6 : explain SELECT c FROM sbtest6 WHERE id BETWEEN 9259871 AND 9260870 ORDER BY c
	Sort  (cost=3583.73..3586.01 rows=912 width=121)
	  Sort Key: c
	  ->  Bitmap Heap Scan on sbtest6  (cost=29.78..3538.89 rows=912 width=121)
	        Recheck Cond: ((id >= 9259871) AND (id <= 9260870))
	        ->  Bitmap Index Scan on sbtest6_pkey  (cost=0.00..29.55 rows=912 width=0)
	              Index Cond: ((id >= 9259871) AND (id <= 9260870))

table 7 : explain SELECT c FROM sbtest7 WHERE id BETWEEN 917431 AND 918430 ORDER BY c
	Sort  (cost=3715.10..3717.46 rows=945 width=121)
	  Sort Key: c
	  ->  Bitmap Heap Scan on sbtest7  (cost=34.12..3668.39 rows=945 width=121)
	        Recheck Cond: ((id >= 917431) AND (id <= 918430))
	        ->  Bitmap Index Scan on sbtest7_pkey  (cost=0.00..33.89 rows=945 width=0)
	              Index Cond: ((id >= 917431) AND (id <= 918430))

table 8 : explain SELECT c FROM sbtest8 WHERE id BETWEEN 8545808 AND 8546807 ORDER BY c
	Sort  (cost=3822.91..3825.34 rows=973 width=121)
	  Sort Key: c
	  ->  Bitmap Heap Scan on sbtest8  (cost=34.41..3774.62 rows=973 width=121)
	        Recheck Cond: ((id >= 8545808) AND (id <= 8546807))
	        ->  Bitmap Index Scan on sbtest8_pkey  (cost=0.00..34.17 rows=973 width=0)
	              Index Cond: ((id >= 8545808) AND (id <= 8546807))

for point_selects
table 1 : explain SELECT c FROM sbtest1 WHERE id=2688166
	Index Scan using sbtest1_pkey on sbtest1  (cost=0.43..8.45 rows=1 width=121)
	  Index Cond: (id = 2688166)

table 2 : explain SELECT c FROM sbtest2 WHERE id=9569758
	Index Scan using sbtest2_pkey on sbtest2  (cost=0.43..8.45 rows=1 width=121)
	  Index Cond: (id = 9569758)

table 3 : explain SELECT c FROM sbtest3 WHERE id=4240829
	Index Scan using sbtest3_pkey on sbtest3  (cost=0.43..8.45 rows=1 width=121)
	  Index Cond: (id = 4240829)

table 4 : explain SELECT c FROM sbtest4 WHERE id=7930289
	Index Scan using sbtest4_pkey on sbtest4  (cost=0.43..8.45 rows=1 width=121)
	  Index Cond: (id = 7930289)

table 5 : explain SELECT c FROM sbtest5 WHERE id=1906052
	Index Scan using sbtest5_pkey on sbtest5  (cost=0.43..8.45 rows=1 width=121)
	  Index Cond: (id = 1906052)

table 6 : explain SELECT c FROM sbtest6 WHERE id=4392474
	Index Scan using sbtest6_pkey on sbtest6  (cost=0.43..8.45 rows=1 width=121)
	  Index Cond: (id = 4392474)

table 7 : explain SELECT c FROM sbtest7 WHERE id=5838288
	Index Scan using sbtest7_pkey on sbtest7  (cost=0.43..8.45 rows=1 width=121)
	  Index Cond: (id = 5838288)

table 8 : explain SELECT c FROM sbtest8 WHERE id=1800129
	Index Scan using sbtest8_pkey on sbtest8  (cost=0.43..8.45 rows=1 width=121)
	  Index Cond: (id = 1800129)

for: simple_ranges
table 1 : explain SELECT c FROM sbtest1 WHERE id BETWEEN 3179128 AND 3180127
	Bitmap Heap Scan on sbtest1  (cost=34.76..3906.26 rows=1007 width=121)
	  Recheck Cond: ((id >= 3179128) AND (id <= 3180127))
	  ->  Bitmap Index Scan on sbtest1_pkey  (cost=0.00..34.51 rows=1007 width=0)
	        Index Cond: ((id >= 3179128) AND (id <= 3180127))

table 2 : explain SELECT c FROM sbtest2 WHERE id BETWEEN 8784927 AND 8785926
	Bitmap Heap Scan on sbtest2  (cost=35.82..4287.62 rows=1111 width=121)
	  Recheck Cond: ((id >= 8784927) AND (id <= 8785926))
	  ->  Bitmap Index Scan on sbtest2_pkey  (cost=0.00..35.55 rows=1111 width=0)
	        Index Cond: ((id >= 8784927) AND (id <= 8785926))

table 3 : explain SELECT c FROM sbtest3 WHERE id BETWEEN 9237121 AND 9238120
	Bitmap Heap Scan on sbtest3  (cost=34.31..3734.16 rows=963 width=121)
	  Recheck Cond: ((id >= 9237121) AND (id <= 9238120))
	  ->  Bitmap Index Scan on sbtest3_pkey  (cost=0.00..34.07 rows=963 width=0)
	        Index Cond: ((id >= 9237121) AND (id <= 9238120))

table 4 : explain SELECT c FROM sbtest4 WHERE id BETWEEN 5268707 AND 5269706
	Bitmap Heap Scan on sbtest4  (cost=34.81..3920.22 rows=1012 width=121)
	  Recheck Cond: ((id >= 5268707) AND (id <= 5269706))
	  ->  Bitmap Index Scan on sbtest4_pkey  (cost=0.00..34.56 rows=1012 width=0)
	        Index Cond: ((id >= 5268707) AND (id <= 5269706))

table 5 : explain SELECT c FROM sbtest5 WHERE id BETWEEN 531109 AND 532108
	Bitmap Heap Scan on sbtest5  (cost=34.97..3981.90 rows=1028 width=121)
	  Recheck Cond: ((id >= 531109) AND (id <= 532108))
	  ->  Bitmap Index Scan on sbtest5_pkey  (cost=0.00..34.72 rows=1028 width=0)
	        Index Cond: ((id >= 531109) AND (id <= 532108))

table 6 : explain SELECT c FROM sbtest6 WHERE id BETWEEN 8930562 AND 8931561
	Bitmap Heap Scan on sbtest6  (cost=35.11..4029.50 rows=1041 width=121)
	  Recheck Cond: ((id >= 8930562) AND (id <= 8931561))
	  ->  Bitmap Index Scan on sbtest6_pkey  (cost=0.00..34.84 rows=1041 width=0)
	        Index Cond: ((id >= 8930562) AND (id <= 8931561))

table 7 : explain SELECT c FROM sbtest7 WHERE id BETWEEN 4851509 AND 4852508
	Bitmap Heap Scan on sbtest7  (cost=34.67..3872.19 rows=999 width=121)
	  Recheck Cond: ((id >= 4851509) AND (id <= 4852508))
	  ->  Bitmap Index Scan on sbtest7_pkey  (cost=0.00..34.43 rows=999 width=0)
	        Index Cond: ((id >= 4851509) AND (id <= 4852508))

table 8 : explain SELECT c FROM sbtest8 WHERE id BETWEEN 6147035 AND 6148034
	Bitmap Heap Scan on sbtest8  (cost=35.12..4034.77 rows=1042 width=121)
	  Recheck Cond: ((id >= 6147035) AND (id <= 6148034))
	  ->  Bitmap Index Scan on sbtest8_pkey  (cost=0.00..34.86 rows=1042 width=0)
	        Index Cond: ((id >= 6147035) AND (id <= 6148034))

for: order_ranges
table 1 : explain SELECT c FROM sbtest1 WHERE id BETWEEN 9456891 AND 9457890 ORDER BY c
	Sort  (cost=3737.84..3740.22 rows=950 width=121)
	  Sort Key: c
	  ->  Bitmap Heap Scan on sbtest1  (cost=34.17..3690.86 rows=950 width=121)
	        Recheck Cond: ((id >= 9456891) AND (id <= 9457890))
	        ->  Bitmap Index Scan on sbtest1_pkey  (cost=0.00..33.94 rows=950 width=0)
	              Index Cond: ((id >= 9456891) AND (id <= 9457890))

table 2 : explain SELECT c FROM sbtest2 WHERE id BETWEEN 2801511 AND 2802510 ORDER BY c
	Sort  (cost=3743.89..3746.28 rows=953 width=121)
	  Sort Key: c
	  ->  Bitmap Heap Scan on sbtest2  (cost=34.20..3696.74 rows=953 width=121)
	        Recheck Cond: ((id >= 2801511) AND (id <= 2802510))
	        ->  Bitmap Index Scan on sbtest2_pkey  (cost=0.00..33.97 rows=953 width=0)
	              Index Cond: ((id >= 2801511) AND (id <= 2802510))

table 3 : explain SELECT c FROM sbtest3 WHERE id BETWEEN 7336270 AND 7337269 ORDER BY c
	Sort  (cost=3797.20..3799.61 rows=967 width=121)
	  Sort Key: c
	  ->  Bitmap Heap Scan on sbtest3  (cost=34.35..3749.25 rows=967 width=121)
	        Recheck Cond: ((id >= 7336270) AND (id <= 7337269))
	        ->  Bitmap Index Scan on sbtest3_pkey  (cost=0.00..34.11 rows=967 width=0)
	              Index Cond: ((id >= 7336270) AND (id <= 7337269))

table 4 : explain SELECT c FROM sbtest4 WHERE id BETWEEN 794977 AND 795976 ORDER BY c
	Sort  (cost=3832.97..3835.41 rows=976 width=121)
	  Sort Key: c
	  ->  Bitmap Heap Scan on sbtest4  (cost=34.44..3784.51 rows=976 width=121)
	        Recheck Cond: ((id >= 794977) AND (id <= 795976))
	        ->  Bitmap Index Scan on sbtest4_pkey  (cost=0.00..34.20 rows=976 width=0)
	              Index Cond: ((id >= 794977) AND (id <= 795976))

table 5 : explain SELECT c FROM sbtest5 WHERE id BETWEEN 997211 AND 998210 ORDER BY c
	Sort  (cost=3642.42..3644.74 rows=927 width=121)
	  Sort Key: c
	  ->  Bitmap Heap Scan on sbtest5  (cost=29.94..3596.74 rows=927 width=121)
	        Recheck Cond: ((id >= 997211) AND (id <= 998210))
	        ->  Bitmap Index Scan on sbtest5_pkey  (cost=0.00..29.70 rows=927 width=0)
	              Index Cond: ((id >= 997211) AND (id <= 998210))

table 6 : explain SELECT c FROM sbtest6 WHERE id BETWEEN 3832023 AND 3833022 ORDER BY c
	Sort  (cost=4020.52..4023.08 rows=1025 width=121)
	  Sort Key: c
	  ->  Bitmap Heap Scan on sbtest6  (cost=34.94..3969.26 rows=1025 width=121)
	        Recheck Cond: ((id >= 3832023) AND (id <= 3833022))
	        ->  Bitmap Index Scan on sbtest6_pkey  (cost=0.00..34.69 rows=1025 width=0)
	              Index Cond: ((id >= 3832023) AND (id <= 3833022))

table 7 : explain SELECT c FROM sbtest7 WHERE id BETWEEN 2676123 AND 2677122 ORDER BY c
	Sort  (cost=3956.40..3958.92 rows=1008 width=121)
	  Sort Key: c
	  ->  Bitmap Heap Scan on sbtest7  (cost=34.77..3906.12 rows=1008 width=121)
	        Recheck Cond: ((id >= 2676123) AND (id <= 2677122))
	        ->  Bitmap Index Scan on sbtest7_pkey  (cost=0.00..34.52 rows=1008 width=0)
	              Index Cond: ((id >= 2676123) AND (id <= 2677122))

table 8 : explain SELECT c FROM sbtest8 WHERE id BETWEEN 1961340 AND 1962339 ORDER BY c
	Sort  (cost=4048.76..4051.34 rows=1032 width=121)
	  Sort Key: c
	  ->  Bitmap Heap Scan on sbtest8  (cost=35.01..3997.10 rows=1032 width=121)
	        Recheck Cond: ((id >= 1961340) AND (id <= 1962339))
	        ->  Bitmap Index Scan on sbtest8_pkey  (cost=0.00..34.76 rows=1032 width=0)
	              Index Cond: ((id >= 1961340) AND (id <= 1962339))

for: distinct_ranges
table 1 : explain SELECT DISTINCT c FROM sbtest1 WHERE id BETWEEN 8583668 AND 8584667 ORDER BY c
	Unique  (cost=3964.15..3969.19 rows=1009 width=121)
	  ->  Sort  (cost=3964.15..3966.67 rows=1009 width=121)
	        Sort Key: c
	        ->  Bitmap Heap Scan on sbtest1  (cost=34.78..3913.81 rows=1009 width=121)
	              Recheck Cond: ((id >= 8583668) AND (id <= 8584667))
	              ->  Bitmap Index Scan on sbtest1_pkey  (cost=0.00..34.53 rows=1009 width=0)
	                    Index Cond: ((id >= 8583668) AND (id <= 8584667))

table 2 : explain SELECT DISTINCT c FROM sbtest2 WHERE id BETWEEN 7157624 AND 7158623 ORDER BY c
	Unique  (cost=4095.75..4100.98 rows=1045 width=121)
	  ->  Sort  (cost=4095.75..4098.37 rows=1045 width=121)
	        Sort Key: c
	        ->  Bitmap Heap Scan on sbtest2  (cost=35.15..4043.35 rows=1045 width=121)
	              Recheck Cond: ((id >= 7157624) AND (id <= 7158623))
	              ->  Bitmap Index Scan on sbtest2_pkey  (cost=0.00..34.89 rows=1045 width=0)
	                    Index Cond: ((id >= 7157624) AND (id <= 7158623))

table 3 : explain SELECT DISTINCT c FROM sbtest3 WHERE id BETWEEN 7336543 AND 7337542 ORDER BY c
	Unique  (cost=3739.76..3744.52 rows=952 width=121)
	  ->  Sort  (cost=3739.76..3742.14 rows=952 width=121)
	        Sort Key: c
	        ->  Bitmap Heap Scan on sbtest3  (cost=34.19..3692.66 rows=952 width=121)
	              Recheck Cond: ((id >= 7336543) AND (id <= 7337542))
	              ->  Bitmap Index Scan on sbtest3_pkey  (cost=0.00..33.95 rows=952 width=0)
	                    Index Cond: ((id >= 7336543) AND (id <= 7337542))

table 4 : explain SELECT DISTINCT c FROM sbtest4 WHERE id BETWEEN 4809526 AND 4810525 ORDER BY c
	Unique  (cost=3875.08..3880.01 rows=987 width=121)
	  ->  Sort  (cost=3875.08..3877.55 rows=987 width=121)
	        Sort Key: c
	        ->  Bitmap Heap Scan on sbtest4  (cost=34.55..3825.99 rows=987 width=121)
	              Recheck Cond: ((id >= 4809526) AND (id <= 4810525))
	              ->  Bitmap Index Scan on sbtest4_pkey  (cost=0.00..34.31 rows=987 width=0)
	                    Index Cond: ((id >= 4809526) AND (id <= 4810525))

table 5 : explain SELECT DISTINCT c FROM sbtest5 WHERE id BETWEEN 1482760 AND 1483759 ORDER BY c
	Unique  (cost=3769.14..3773.94 rows=959 width=121)
	  ->  Sort  (cost=3769.14..3771.54 rows=959 width=121)
	        Sort Key: c
	        ->  Bitmap Heap Scan on sbtest5  (cost=34.26..3721.64 rows=959 width=121)
	              Recheck Cond: ((id >= 1482760) AND (id <= 1483759))
	              ->  Bitmap Index Scan on sbtest5_pkey  (cost=0.00..34.03 rows=959 width=0)
	                    Index Cond: ((id >= 1482760) AND (id <= 1483759))

table 6 : explain SELECT DISTINCT c FROM sbtest6 WHERE id BETWEEN 3712242 AND 3713241 ORDER BY c
	Unique  (cost=3978.46..3983.53 rows=1014 width=121)
	  ->  Sort  (cost=3978.46..3980.99 rows=1014 width=121)
	        Sort Key: c
	        ->  Bitmap Heap Scan on sbtest6  (cost=34.83..3927.83 rows=1014 width=121)
	              Recheck Cond: ((id >= 3712242) AND (id <= 3713241))
	              ->  Bitmap Index Scan on sbtest6_pkey  (cost=0.00..34.58 rows=1014 width=0)
	                    Index Cond: ((id >= 3712242) AND (id <= 3713241))

table 7 : explain SELECT DISTINCT c FROM sbtest7 WHERE id BETWEEN 4739221 AND 4740220 ORDER BY c
	Unique  (cost=3757.26..3762.04 rows=956 width=121)
	  ->  Sort  (cost=3757.26..3759.65 rows=956 width=121)
	        Sort Key: c
	        ->  Bitmap Heap Scan on sbtest7  (cost=34.23..3709.94 rows=956 width=121)
	              Recheck Cond: ((id >= 4739221) AND (id <= 4740220))
	              ->  Bitmap Index Scan on sbtest7_pkey  (cost=0.00..34.00 rows=956 width=0)
	                    Index Cond: ((id >= 4739221) AND (id <= 4740220))

table 8 : explain SELECT DISTINCT c FROM sbtest8 WHERE id BETWEEN 85666 AND 86665 ORDER BY c
	Unique  (cost=3972.25..3977.31 rows=1012 width=121)
	  ->  Sort  (cost=3972.25..3974.78 rows=1012 width=121)
	        Sort Key: c
	        ->  Bitmap Heap Scan on sbtest8  (cost=34.81..3921.73 rows=1012 width=121)
	              Recheck Cond: ((id >= 85666) AND (id <= 86665))
	              ->  Bitmap Index Scan on sbtest8_pkey  (cost=0.00..34.56 rows=1012 width=0)
	                    Index Cond: ((id >= 85666) AND (id <= 86665))

for: order_ranges
table 1 : explain SELECT c FROM sbtest1 WHERE id BETWEEN 4935739 AND 4936738 ORDER BY c
	Sort  (cost=3630.14..3632.45 rows=923 width=121)
	  Sort Key: c
	  ->  Bitmap Heap Scan on sbtest1  (cost=29.90..3584.68 rows=923 width=121)
	        Recheck Cond: ((id >= 4935739) AND (id <= 4936738))
	        ->  Bitmap Index Scan on sbtest1_pkey  (cost=0.00..29.66 rows=923 width=0)
	              Index Cond: ((id >= 4935739) AND (id <= 4936738))

table 2 : explain SELECT c FROM sbtest2 WHERE id BETWEEN 5186237 AND 5187236 ORDER BY c
	Sort  (cost=3655.77..3658.09 rows=930 width=121)
	  Sort Key: c
	  ->  Bitmap Heap Scan on sbtest2  (cost=33.97..3609.91 rows=930 width=121)
	        Recheck Cond: ((id >= 5186237) AND (id <= 5187236))
	        ->  Bitmap Index Scan on sbtest2_pkey  (cost=0.00..33.73 rows=930 width=0)
	              Index Cond: ((id >= 5186237) AND (id <= 5187236))

table 3 : explain SELECT c FROM sbtest3 WHERE id BETWEEN 4892925 AND 4893924 ORDER BY c
	Sort  (cost=3957.86..3960.39 rows=1009 width=121)
	  Sort Key: c
	  ->  Bitmap Heap Scan on sbtest3  (cost=34.78..3907.52 rows=1009 width=121)
	        Recheck Cond: ((id >= 4892925) AND (id <= 4893924))
	        ->  Bitmap Index Scan on sbtest3_pkey  (cost=0.00..34.53 rows=1009 width=0)
	              Index Cond: ((id >= 4892925) AND (id <= 4893924))

table 4 : explain SELECT c FROM sbtest4 WHERE id BETWEEN 6051555 AND 6052554 ORDER BY c
	Sort  (cost=3756.36..3758.75 rows=956 width=121)
	  Sort Key: c
	  ->  Bitmap Heap Scan on sbtest4  (cost=34.23..3709.04 rows=956 width=121)
	        Recheck Cond: ((id >= 6051555) AND (id <= 6052554))
	        ->  Bitmap Index Scan on sbtest4_pkey  (cost=0.00..34.00 rows=956 width=0)
	              Index Cond: ((id >= 6051555) AND (id <= 6052554))

table 5 : explain SELECT c FROM sbtest5 WHERE id BETWEEN 6567712 AND 6568711 ORDER BY c
	Sort  (cost=3749.97..3752.36 rows=954 width=121)
	  Sort Key: c
	  ->  Bitmap Heap Scan on sbtest5  (cost=34.21..3702.76 rows=954 width=121)
	        Recheck Cond: ((id >= 6567712) AND (id <= 6568711))
	        ->  Bitmap Index Scan on sbtest5_pkey  (cost=0.00..33.98 rows=954 width=0)
	              Index Cond: ((id >= 6567712) AND (id <= 6568711))

table 6 : explain SELECT c FROM sbtest6 WHERE id BETWEEN 808032 AND 809031 ORDER BY c
	Sort  (cost=4066.39..4068.98 rows=1037 width=121)
	  Sort Key: c
	  ->  Bitmap Heap Scan on sbtest6  (cost=35.06..4014.45 rows=1037 width=121)
	        Recheck Cond: ((id >= 808032) AND (id <= 809031))
	        ->  Bitmap Index Scan on sbtest6_pkey  (cost=0.00..34.81 rows=1037 width=0)
	              Index Cond: ((id >= 808032) AND (id <= 809031))

table 7 : explain SELECT c FROM sbtest7 WHERE id BETWEEN 8800666 AND 8801665 ORDER BY c
	Sort  (cost=3964.06..3966.58 rows=1010 width=121)
	  Sort Key: c
	  ->  Bitmap Heap Scan on sbtest7  (cost=34.79..3913.66 rows=1010 width=121)
	        Recheck Cond: ((id >= 8800666) AND (id <= 8801665))
	        ->  Bitmap Index Scan on sbtest7_pkey  (cost=0.00..34.54 rows=1010 width=0)
	              Index Cond: ((id >= 8800666) AND (id <= 8801665))

table 8 : explain SELECT c FROM sbtest8 WHERE id BETWEEN 1831114 AND 1832113 ORDER BY c
	Sort  (cost=3834.41..3836.85 rows=976 width=121)
	  Sort Key: c
	  ->  Bitmap Heap Scan on sbtest8  (cost=34.44..3785.94 rows=976 width=121)
	        Recheck Cond: ((id >= 1831114) AND (id <= 1832113))
	        ->  Bitmap Index Scan on sbtest8_pkey  (cost=0.00..34.20 rows=976 width=0)
	              Index Cond: ((id >= 1831114) AND (id <= 1832113))

for: sum_ranges
table 1 : explain SELECT SUM(k) FROM sbtest1 WHERE id BETWEEN 8330422 AND 8331421
	Aggregate  (cost=3984.31..3984.32 rows=1 width=8)
	  ->  Bitmap Heap Scan on sbtest1  (cost=34.96..3981.74 rows=1027 width=4)
	        Recheck Cond: ((id >= 8330422) AND (id <= 8331421))
	        ->  Bitmap Index Scan on sbtest1_pkey  (cost=0.00..34.70 rows=1027 width=0)
	              Index Cond: ((id >= 8330422) AND (id <= 8331421))

table 2 : explain SELECT SUM(k) FROM sbtest2 WHERE id BETWEEN 9198890 AND 9199889
	Aggregate  (cost=3767.07..3767.08 rows=1 width=8)
	  ->  Bitmap Heap Scan on sbtest2  (cost=34.39..3764.64 rows=971 width=4)
	        Recheck Cond: ((id >= 9198890) AND (id <= 9199889))
	        ->  Bitmap Index Scan on sbtest2_pkey  (cost=0.00..34.15 rows=971 width=0)
	              Index Cond: ((id >= 9198890) AND (id <= 9199889))

table 3 : explain SELECT SUM(k) FROM sbtest3 WHERE id BETWEEN 9860979 AND 9861978
	Aggregate  (cost=3713.92..3713.93 rows=1 width=8)
	  ->  Bitmap Heap Scan on sbtest3  (cost=34.24..3711.53 rows=957 width=4)
	        Recheck Cond: ((id >= 9860979) AND (id <= 9861978))
	        ->  Bitmap Index Scan on sbtest3_pkey  (cost=0.00..34.01 rows=957 width=0)
	              Index Cond: ((id >= 9860979) AND (id <= 9861978))

table 4 : explain SELECT SUM(k) FROM sbtest4 WHERE id BETWEEN 5397578 AND 5398577
	Aggregate  (cost=4062.15..4062.16 rows=1 width=8)
	  ->  Bitmap Heap Scan on sbtest4  (cost=35.19..4059.52 rows=1049 width=4)
	        Recheck Cond: ((id >= 5397578) AND (id <= 5398577))
	        ->  Bitmap Index Scan on sbtest4_pkey  (cost=0.00..34.93 rows=1049 width=0)
	              Index Cond: ((id >= 5397578) AND (id <= 5398577))

table 5 : explain SELECT SUM(k) FROM sbtest5 WHERE id BETWEEN 3267962 AND 3268961
	Aggregate  (cost=3882.64..3882.65 rows=1 width=8)
	  ->  Bitmap Heap Scan on sbtest5  (cost=34.70..3880.13 rows=1001 width=4)
	        Recheck Cond: ((id >= 3267962) AND (id <= 3268961))
	        ->  Bitmap Index Scan on sbtest5_pkey  (cost=0.00..34.45 rows=1001 width=0)
	              Index Cond: ((id >= 3267962) AND (id <= 3268961))

table 6 : explain SELECT SUM(k) FROM sbtest6 WHERE id BETWEEN 5903358 AND 5904357
	Aggregate  (cost=3866.26..3866.27 rows=1 width=8)
	  ->  Bitmap Heap Scan on sbtest6  (cost=34.65..3863.77 rows=997 width=4)
	        Recheck Cond: ((id >= 5903358) AND (id <= 5904357))
	        ->  Bitmap Index Scan on sbtest6_pkey  (cost=0.00..34.41 rows=997 width=0)
	              Index Cond: ((id >= 5903358) AND (id <= 5904357))

table 7 : explain SELECT SUM(k) FROM sbtest7 WHERE id BETWEEN 6085499 AND 6086498
	Aggregate  (cost=3802.98..3802.99 rows=1 width=8)
	  ->  Bitmap Heap Scan on sbtest7  (cost=34.48..3800.53 rows=980 width=4)
	        Recheck Cond: ((id >= 6085499) AND (id <= 6086498))
	        ->  Bitmap Index Scan on sbtest7_pkey  (cost=0.00..34.23 rows=980 width=0)
	              Index Cond: ((id >= 6085499) AND (id <= 6086498))

table 8 : explain SELECT SUM(k) FROM sbtest8 WHERE id BETWEEN 6911298 AND 6912297
	Aggregate  (cost=3784.61..3784.62 rows=1 width=8)
	  ->  Bitmap Heap Scan on sbtest8  (cost=34.43..3782.17 rows=975 width=4)
	        Recheck Cond: ((id >= 6911298) AND (id <= 6912297))
	        ->  Bitmap Index Scan on sbtest8_pkey  (cost=0.00..34.19 rows=975 width=0)
	              Index Cond: ((id >= 6911298) AND (id <= 6912297))

for: sum_ranges
table 1 : explain SELECT SUM(k) FROM sbtest1 WHERE id BETWEEN 861173 AND 862172
	Aggregate  (cost=3893.66..3893.67 rows=1 width=8)
	  ->  Bitmap Heap Scan on sbtest1  (cost=34.72..3891.15 rows=1003 width=4)
	        Recheck Cond: ((id >= 861173) AND (id <= 862172))
	        ->  Bitmap Index Scan on sbtest1_pkey  (cost=0.00..34.47 rows=1003 width=0)
	              Index Cond: ((id >= 861173) AND (id <= 862172))

table 2 : explain SELECT SUM(k) FROM sbtest2 WHERE id BETWEEN 1033967 AND 1034966
	Aggregate  (cost=3827.43..3827.44 rows=1 width=8)
	  ->  Bitmap Heap Scan on sbtest2  (cost=34.55..3824.96 rows=987 width=4)
	        Recheck Cond: ((id >= 1033967) AND (id <= 1034966))
	        ->  Bitmap Index Scan on sbtest2_pkey  (cost=0.00..34.31 rows=987 width=0)
	              Index Cond: ((id >= 1033967) AND (id <= 1034966))

table 3 : explain SELECT SUM(k) FROM sbtest3 WHERE id BETWEEN 453663 AND 454662
	Aggregate  (cost=3778.08..3778.09 rows=1 width=8)
	  ->  Bitmap Heap Scan on sbtest3  (cost=34.42..3775.64 rows=974 width=4)
	        Recheck Cond: ((id >= 453663) AND (id <= 454662))
	        ->  Bitmap Index Scan on sbtest3_pkey  (cost=0.00..34.18 rows=974 width=0)
	              Index Cond: ((id >= 453663) AND (id <= 454662))

table 4 : explain SELECT SUM(k) FROM sbtest4 WHERE id BETWEEN 5893360 AND 5894359
	Aggregate  (cost=4080.97..4080.98 rows=1 width=8)
	  ->  Bitmap Heap Scan on sbtest4  (cost=35.24..4078.34 rows=1054 width=4)
	        Recheck Cond: ((id >= 5893360) AND (id <= 5894359))
	        ->  Bitmap Index Scan on sbtest4_pkey  (cost=0.00..34.98 rows=1054 width=0)
	              Index Cond: ((id >= 5893360) AND (id <= 5894359))

table 5 : explain SELECT SUM(k) FROM sbtest5 WHERE id BETWEEN 5195083 AND 5196082
	Aggregate  (cost=3886.41..3886.42 rows=1 width=8)
	  ->  Bitmap Heap Scan on sbtest5  (cost=34.71..3883.91 rows=1002 width=4)
	        Recheck Cond: ((id >= 5195083) AND (id <= 5196082))
	        ->  Bitmap Index Scan on sbtest5_pkey  (cost=0.00..34.45 rows=1002 width=0)
	              Index Cond: ((id >= 5195083) AND (id <= 5196082))

table 6 : explain SELECT SUM(k) FROM sbtest6 WHERE id BETWEEN 5096863 AND 5097862
	Aggregate  (cost=3896.43..3896.44 rows=1 width=8)
	  ->  Bitmap Heap Scan on sbtest6  (cost=34.74..3893.92 rows=1005 width=4)
	        Recheck Cond: ((id >= 5096863) AND (id <= 5097862))
	        ->  Bitmap Index Scan on sbtest6_pkey  (cost=0.00..34.48 rows=1005 width=0)
	              Index Cond: ((id >= 5096863) AND (id <= 5097862))

table 7 : explain SELECT SUM(k) FROM sbtest7 WHERE id BETWEEN 7033318 AND 7034317
	Aggregate  (cost=3810.53..3810.54 rows=1 width=8)
	  ->  Bitmap Heap Scan on sbtest7  (cost=34.50..3808.07 rows=982 width=4)
	        Recheck Cond: ((id >= 7033318) AND (id <= 7034317))
	        ->  Bitmap Index Scan on sbtest7_pkey  (cost=0.00..34.26 rows=982 width=0)
	              Index Cond: ((id >= 7033318) AND (id <= 7034317))

table 8 : explain SELECT SUM(k) FROM sbtest8 WHERE id BETWEEN 2873750 AND 2874749
	Aggregate  (cost=3576.46..3576.47 rows=1 width=8)
	  ->  Bitmap Heap Scan on sbtest8  (cost=29.88..3574.16 rows=921 width=4)
	        Recheck Cond: ((id >= 2873750) AND (id <= 2874749))
	        ->  Bitmap Index Scan on sbtest8_pkey  (cost=0.00..29.64 rows=921 width=0)
	              Index Cond: ((id >= 2873750) AND (id <= 2874749))

for: sum_ranges
table 1 : explain SELECT SUM(k) FROM sbtest1 WHERE id BETWEEN 1928805 AND 1929804
	Aggregate  (cost=3991.86..3991.87 rows=1 width=8)
	  ->  Bitmap Heap Scan on sbtest1  (cost=34.98..3989.28 rows=1029 width=4)
	        Recheck Cond: ((id >= 1928805) AND (id <= 1929804))
	        ->  Bitmap Index Scan on sbtest1_pkey  (cost=0.00..34.73 rows=1029 width=0)
	              Index Cond: ((id >= 1928805) AND (id <= 1929804))

table 2 : explain SELECT SUM(k) FROM sbtest2 WHERE id BETWEEN 1483188 AND 1484187
	Aggregate  (cost=4369.49..4369.50 rows=1 width=8)
	  ->  Bitmap Heap Scan on sbtest2  (cost=40.03..4366.67 rows=1131 width=4)
	        Recheck Cond: ((id >= 1483188) AND (id <= 1484187))
	        ->  Bitmap Index Scan on sbtest2_pkey  (cost=0.00..39.75 rows=1131 width=0)
	              Index Cond: ((id >= 1483188) AND (id <= 1484187))

table 3 : explain SELECT SUM(k) FROM sbtest3 WHERE id BETWEEN 4887699 AND 4888698
	Aggregate  (cost=3910.04..3910.05 rows=1 width=8)
	  ->  Bitmap Heap Scan on sbtest3  (cost=34.78..3907.52 rows=1009 width=4)
	        Recheck Cond: ((id >= 4887699) AND (id <= 4888698))
	        ->  Bitmap Index Scan on sbtest3_pkey  (cost=0.00..34.53 rows=1009 width=0)
	              Index Cond: ((id >= 4887699) AND (id <= 4888698))

table 4 : explain SELECT SUM(k) FROM sbtest4 WHERE id BETWEEN 5366566 AND 5367565
	Aggregate  (cost=4062.15..4062.16 rows=1 width=8)
	  ->  Bitmap Heap Scan on sbtest4  (cost=35.19..4059.52 rows=1049 width=4)
	        Recheck Cond: ((id >= 5366566) AND (id <= 5367565))
	        ->  Bitmap Index Scan on sbtest4_pkey  (cost=0.00..34.93 rows=1049 width=0)
	              Index Cond: ((id >= 5366566) AND (id <= 5367565))

table 5 : explain SELECT SUM(k) FROM sbtest5 WHERE id BETWEEN 964330 AND 965329
	Aggregate  (cost=3599.05..3599.06 rows=1 width=8)
	  ->  Bitmap Heap Scan on sbtest5  (cost=29.94..3596.74 rows=927 width=4)
	        Recheck Cond: ((id >= 964330) AND (id <= 965329))
	        ->  Bitmap Index Scan on sbtest5_pkey  (cost=0.00..29.70 rows=927 width=0)
	              Index Cond: ((id >= 964330) AND (id <= 965329))

table 6 : explain SELECT SUM(k) FROM sbtest6 WHERE id BETWEEN 8804098 AND 8805097
	Aggregate  (cost=3628.15..3628.16 rows=1 width=8)
	  ->  Bitmap Heap Scan on sbtest6  (cost=30.02..3625.81 rows=935 width=4)
	        Recheck Cond: ((id >= 8804098) AND (id <= 8805097))
	        ->  Bitmap Index Scan on sbtest6_pkey  (cost=0.00..29.79 rows=935 width=0)
	              Index Cond: ((id >= 8804098) AND (id <= 8805097))

table 7 : explain SELECT SUM(k) FROM sbtest7 WHERE id BETWEEN 267065 AND 268064
	Aggregate  (cost=4183.65..4183.66 rows=1 width=8)
	  ->  Bitmap Heap Scan on sbtest7  (cost=35.52..4180.95 rows=1081 width=4)
	        Recheck Cond: ((id >= 267065) AND (id <= 268064))
	        ->  Bitmap Index Scan on sbtest7_pkey  (cost=0.00..35.25 rows=1081 width=0)
	              Index Cond: ((id >= 267065) AND (id <= 268064))

table 8 : explain SELECT SUM(k) FROM sbtest8 WHERE id BETWEEN 3356789 AND 3357788
	Aggregate  (cost=3905.40..3905.41 rows=1 width=8)
	  ->  Bitmap Heap Scan on sbtest8  (cost=34.76..3902.88 rows=1007 width=4)
	        Recheck Cond: ((id >= 3356789) AND (id <= 3357788))
	        ->  Bitmap Index Scan on sbtest8_pkey  (cost=0.00..34.51 rows=1007 width=0)
	              Index Cond: ((id >= 3356789) AND (id <= 3357788))

for: distinct_ranges
table 1 : explain SELECT DISTINCT c FROM sbtest1 WHERE id BETWEEN 9781704 AND 9782703 ORDER BY c
	Unique  (cost=4247.41..4252.83 rows=1083 width=121)
	  ->  Sort  (cost=4247.41..4250.12 rows=1083 width=121)
	        Sort Key: c
	        ->  Bitmap Heap Scan on sbtest1  (cost=35.54..4192.83 rows=1083 width=121)
	              Recheck Cond: ((id >= 9781704) AND (id <= 9782703))
	              ->  Bitmap Index Scan on sbtest1_pkey  (cost=0.00..35.27 rows=1083 width=0)
	                    Index Cond: ((id >= 9781704) AND (id <= 9782703))

table 2 : explain SELECT DISTINCT c FROM sbtest2 WHERE id BETWEEN 8126417 AND 8127416 ORDER BY c
	Unique  (cost=4034.64..4039.78 rows=1029 width=121)
	  ->  Sort  (cost=4034.64..4037.21 rows=1029 width=121)
	        Sort Key: c
	        ->  Bitmap Heap Scan on sbtest2  (cost=34.98..3983.15 rows=1029 width=121)
	              Recheck Cond: ((id >= 8126417) AND (id <= 8127416))
	              ->  Bitmap Index Scan on sbtest2_pkey  (cost=0.00..34.73 rows=1029 width=0)
	                    Index Cond: ((id >= 8126417) AND (id <= 8127416))

table 3 : explain SELECT DISTINCT c FROM sbtest3 WHERE id BETWEEN 2784728 AND 2785727 ORDER BY c
	Unique  (cost=3709.12..3713.84 rows=944 width=121)
	  ->  Sort  (cost=3709.12..3711.48 rows=944 width=121)
	        Sort Key: c
	        ->  Bitmap Heap Scan on sbtest3  (cost=34.11..3662.47 rows=944 width=121)
	              Recheck Cond: ((id >= 2784728) AND (id <= 2785727))
	              ->  Bitmap Index Scan on sbtest3_pkey  (cost=0.00..33.88 rows=944 width=0)
	                    Index Cond: ((id >= 2784728) AND (id <= 2785727))

table 4 : explain SELECT DISTINCT c FROM sbtest4 WHERE id BETWEEN 6755059 AND 6756058 ORDER BY c
	Unique  (cost=3932.48..3937.49 rows=1002 width=121)
	  ->  Sort  (cost=3932.48..3934.98 rows=1002 width=121)
	        Sort Key: c
	        ->  Bitmap Heap Scan on sbtest4  (cost=34.71..3882.54 rows=1002 width=121)
	              Recheck Cond: ((id >= 6755059) AND (id <= 6756058))
	              ->  Bitmap Index Scan on sbtest4_pkey  (cost=0.00..34.45 rows=1002 width=0)
	                    Index Cond: ((id >= 6755059) AND (id <= 6756058))

table 5 : explain SELECT DISTINCT c FROM sbtest5 WHERE id BETWEEN 6621821 AND 6622820 ORDER BY c
	Unique  (cost=4029.51..4034.64 rows=1027 width=121)
	  ->  Sort  (cost=4029.51..4032.07 rows=1027 width=121)
	        Sort Key: c
	        ->  Bitmap Heap Scan on sbtest5  (cost=34.96..3978.14 rows=1027 width=121)
	              Recheck Cond: ((id >= 6621821) AND (id <= 6622820))
	              ->  Bitmap Index Scan on sbtest5_pkey  (cost=0.00..34.70 rows=1027 width=0)
	                    Index Cond: ((id >= 6621821) AND (id <= 6622820))

table 6 : explain SELECT DISTINCT c FROM sbtest6 WHERE id BETWEEN 7222414 AND 7223413 ORDER BY c
	Unique  (cost=3932.56..3937.57 rows=1002 width=121)
	  ->  Sort  (cost=3932.56..3935.06 rows=1002 width=121)
	        Sort Key: c
	        ->  Bitmap Heap Scan on sbtest6  (cost=34.71..3882.61 rows=1002 width=121)
	              Recheck Cond: ((id >= 7222414) AND (id <= 7223413))
	              ->  Bitmap Index Scan on sbtest6_pkey  (cost=0.00..34.45 rows=1002 width=0)
	                    Index Cond: ((id >= 7222414) AND (id <= 7223413))

table 7 : explain SELECT DISTINCT c FROM sbtest7 WHERE id BETWEEN 3702278 AND 3703277 ORDER BY c
	Unique  (cost=3845.39..3850.28 rows=979 width=121)
	  ->  Sort  (cost=3845.39..3847.83 rows=979 width=121)
	        Sort Key: c
	        ->  Bitmap Heap Scan on sbtest7  (cost=34.47..3796.75 rows=979 width=121)
	              Recheck Cond: ((id >= 3702278) AND (id <= 3703277))
	              ->  Bitmap Index Scan on sbtest7_pkey  (cost=0.00..34.23 rows=979 width=0)
	                    Index Cond: ((id >= 3702278) AND (id <= 3703277))

table 8 : explain SELECT DISTINCT c FROM sbtest8 WHERE id BETWEEN 884688 AND 885687 ORDER BY c
	Unique  (cost=3972.25..3977.31 rows=1012 width=121)
	  ->  Sort  (cost=3972.25..3974.78 rows=1012 width=121)
	        Sort Key: c
	        ->  Bitmap Heap Scan on sbtest8  (cost=34.81..3921.73 rows=1012 width=121)
	              Recheck Cond: ((id >= 884688) AND (id <= 885687))
	              ->  Bitmap Index Scan on sbtest8_pkey  (cost=0.00..34.56 rows=1012 width=0)
	                    Index Cond: ((id >= 884688) AND (id <= 885687))

for: order_ranges
table 1 : explain SELECT c FROM sbtest1 WHERE id BETWEEN 5334232 AND 5335231 ORDER BY c
	Sort  (cost=4125.00..4127.63 rows=1051 width=121)
	  Sort Key: c
	  ->  Bitmap Heap Scan on sbtest1  (cost=35.21..4072.25 rows=1051 width=121)
	        Recheck Cond: ((id >= 5334232) AND (id <= 5335231))
	        ->  Bitmap Index Scan on sbtest1_pkey  (cost=0.00..34.95 rows=1051 width=0)
	              Index Cond: ((id >= 5334232) AND (id <= 5335231))

table 2 : explain SELECT c FROM sbtest2 WHERE id BETWEEN 5450316 AND 5451315 ORDER BY c
	Sort  (cost=3996.42..3998.97 rows=1019 width=121)
	  Sort Key: c
	  ->  Bitmap Heap Scan on sbtest2  (cost=34.88..3945.51 rows=1019 width=121)
	        Recheck Cond: ((id >= 5450316) AND (id <= 5451315))
	        ->  Bitmap Index Scan on sbtest2_pkey  (cost=0.00..34.62 rows=1019 width=0)
	              Index Cond: ((id >= 5450316) AND (id <= 5451315))

table 3 : explain SELECT c FROM sbtest3 WHERE id BETWEEN 943686 AND 944685 ORDER BY c
	Sort  (cost=3969.33..3971.86 rows=1012 width=121)
	  Sort Key: c
	  ->  Bitmap Heap Scan on sbtest3  (cost=34.81..3918.82 rows=1012 width=121)
	        Recheck Cond: ((id >= 943686) AND (id <= 944685))
	        ->  Bitmap Index Scan on sbtest3_pkey  (cost=0.00..34.56 rows=1012 width=0)
	              Index Cond: ((id >= 943686) AND (id <= 944685))

table 4 : explain SELECT c FROM sbtest4 WHERE id BETWEEN 9795518 AND 9796517 ORDER BY c
	Sort  (cost=4089.23..4091.84 rows=1043 width=121)
	  Sort Key: c
	  ->  Bitmap Heap Scan on sbtest4  (cost=35.13..4036.95 rows=1043 width=121)
	        Recheck Cond: ((id >= 9795518) AND (id <= 9796517))
	        ->  Bitmap Index Scan on sbtest4_pkey  (cost=0.00..34.87 rows=1043 width=0)
	              Index Cond: ((id >= 9795518) AND (id <= 9796517))

table 5 : explain SELECT c FROM sbtest5 WHERE id BETWEEN 4523624 AND 4524623 ORDER BY c
	Sort  (cost=3960.64..3963.16 rows=1009 width=121)
	  Sort Key: c
	  ->  Bitmap Heap Scan on sbtest5  (cost=34.78..3910.30 rows=1009 width=121)
	        Recheck Cond: ((id >= 4523624) AND (id <= 4524623))
	        ->  Bitmap Index Scan on sbtest5_pkey  (cost=0.00..34.53 rows=1009 width=0)
	              Index Cond: ((id >= 4523624) AND (id <= 4524623))

table 6 : explain SELECT c FROM sbtest6 WHERE id BETWEEN 5361637 AND 5362636 ORDER BY c
	Sort  (cost=4096.96..4099.57 rows=1045 width=121)
	  Sort Key: c
	  ->  Bitmap Heap Scan on sbtest6  (cost=35.15..4044.56 rows=1045 width=121)
	        Recheck Cond: ((id >= 5361637) AND (id <= 5362636))
	        ->  Bitmap Index Scan on sbtest6_pkey  (cost=0.00..34.89 rows=1045 width=0)
	              Index Cond: ((id >= 5361637) AND (id <= 5362636))

table 7 : explain SELECT c FROM sbtest7 WHERE id BETWEEN 936379 AND 937378 ORDER BY c
	Sort  (cost=3715.10..3717.46 rows=945 width=121)
	  Sort Key: c
	  ->  Bitmap Heap Scan on sbtest7  (cost=34.12..3668.39 rows=945 width=121)
	        Recheck Cond: ((id >= 936379) AND (id <= 937378))
	        ->  Bitmap Index Scan on sbtest7_pkey  (cost=0.00..33.89 rows=945 width=0)
	              Index Cond: ((id >= 936379) AND (id <= 937378))

table 8 : explain SELECT c FROM sbtest8 WHERE id BETWEEN 3718222 AND 3719221 ORDER BY c
	Sort  (cost=4129.05..4131.68 rows=1053 width=121)
	  Sort Key: c
	  ->  Bitmap Heap Scan on sbtest8  (cost=35.23..4076.19 rows=1053 width=121)
	        Recheck Cond: ((id >= 3718222) AND (id <= 3719221))
	        ->  Bitmap Index Scan on sbtest8_pkey  (cost=0.00..34.97 rows=1053 width=0)
	              Index Cond: ((id >= 3718222) AND (id <= 3719221))

for: distinct_ranges
table 1 : explain SELECT DISTINCT c FROM sbtest1 WHERE id BETWEEN 8559240 AND 8560239 ORDER BY c
	Unique  (cost=3964.15..3969.19 rows=1009 width=121)
	  ->  Sort  (cost=3964.15..3966.67 rows=1009 width=121)
	        Sort Key: c
	        ->  Bitmap Heap Scan on sbtest1  (cost=34.78..3913.81 rows=1009 width=121)
	              Recheck Cond: ((id >= 8559240) AND (id <= 8560239))
	              ->  Bitmap Index Scan on sbtest1_pkey  (cost=0.00..34.53 rows=1009 width=0)
	                    Index Cond: ((id >= 8559240) AND (id <= 8560239))

table 2 : explain SELECT DISTINCT c FROM sbtest2 WHERE id BETWEEN 4128143 AND 4129142 ORDER BY c
	Unique  (cost=3774.53..3779.34 rows=961 width=121)
	  ->  Sort  (cost=3774.53..3776.93 rows=961 width=121)
	        Sort Key: c
	        ->  Bitmap Heap Scan on sbtest2  (cost=34.29..3726.92 rows=961 width=121)
	              Recheck Cond: ((id >= 4128143) AND (id <= 4129142))
	              ->  Bitmap Index Scan on sbtest2_pkey  (cost=0.00..34.05 rows=961 width=0)
	                    Index Cond: ((id >= 4128143) AND (id <= 4129142))

table 3 : explain SELECT DISTINCT c FROM sbtest3 WHERE id BETWEEN 3510879 AND 3511878 ORDER BY c
	Unique  (cost=3597.81..3602.39 rows=916 width=121)
	  ->  Sort  (cost=3597.81..3600.10 rows=916 width=121)
	        Sort Key: c
	        ->  Bitmap Heap Scan on sbtest3  (cost=29.82..3552.74 rows=916 width=121)
	              Recheck Cond: ((id >= 3510879) AND (id <= 3511878))
	              ->  Bitmap Index Scan on sbtest3_pkey  (cost=0.00..29.59 rows=916 width=0)
	                    Index Cond: ((id >= 3510879) AND (id <= 3511878))

table 4 : explain SELECT DISTINCT c FROM sbtest4 WHERE id BETWEEN 946900 AND 947899 ORDER BY c
	Unique  (cost=3921.00..3926.00 rows=999 width=121)
	  ->  Sort  (cost=3921.00..3923.50 rows=999 width=121)
	        Sort Key: c
	        ->  Bitmap Heap Scan on sbtest4  (cost=34.67..3871.23 rows=999 width=121)
	              Recheck Cond: ((id >= 946900) AND (id <= 947899))
	              ->  Bitmap Index Scan on sbtest4_pkey  (cost=0.00..34.43 rows=999 width=0)
	                    Index Cond: ((id >= 946900) AND (id <= 947899))

table 5 : explain SELECT DISTINCT c FROM sbtest5 WHERE id BETWEEN 2632662 AND 2633661 ORDER BY c
	Unique  (cost=4136.56..4141.83 rows=1055 width=121)
	  ->  Sort  (cost=4136.56..4139.19 rows=1055 width=121)
	        Sort Key: c
	        ->  Bitmap Heap Scan on sbtest5  (cost=35.25..4083.58 rows=1055 width=121)
	              Recheck Cond: ((id >= 2632662) AND (id <= 2633661))
	              ->  Bitmap Index Scan on sbtest5_pkey  (cost=0.00..34.98 rows=1055 width=0)
	                    Index Cond: ((id >= 2632662) AND (id <= 2633661))

table 6 : explain SELECT DISTINCT c FROM sbtest6 WHERE id BETWEEN 2983161 AND 2984160 ORDER BY c
	Unique  (cost=3947.86..3952.89 rows=1006 width=121)
	  ->  Sort  (cost=3947.86..3950.37 rows=1006 width=121)
	        Sort Key: c
	        ->  Bitmap Heap Scan on sbtest6  (cost=34.75..3897.69 rows=1006 width=121)
	              Recheck Cond: ((id >= 2983161) AND (id <= 2984160))
	              ->  Bitmap Index Scan on sbtest6_pkey  (cost=0.00..34.50 rows=1006 width=0)
	                    Index Cond: ((id >= 2983161) AND (id <= 2984160))

table 7 : explain SELECT DISTINCT c FROM sbtest7 WHERE id BETWEEN 9486865 AND 9487864 ORDER BY c
	Unique  (cost=3921.96..3926.96 rows=999 width=121)
	  ->  Sort  (cost=3921.96..3924.46 rows=999 width=121)
	        Sort Key: c
	        ->  Bitmap Heap Scan on sbtest7  (cost=34.67..3872.19 rows=999 width=121)
	              Recheck Cond: ((id >= 9486865) AND (id <= 9487864))
	              ->  Bitmap Index Scan on sbtest7_pkey  (cost=0.00..34.43 rows=999 width=0)
	                    Index Cond: ((id >= 9486865) AND (id <= 9487864))

table 8 : explain SELECT DISTINCT c FROM sbtest8 WHERE id BETWEEN 4575373 AND 4576372 ORDER BY c
	Unique  (cost=3872.71..3877.64 rows=986 width=121)
	  ->  Sort  (cost=3872.71..3875.18 rows=986 width=121)
	        Sort Key: c
	        ->  Bitmap Heap Scan on sbtest8  (cost=34.54..3823.68 rows=986 width=121)
	              Recheck Cond: ((id >= 4575373) AND (id <= 4576372))
	              ->  Bitmap Index Scan on sbtest8_pkey  (cost=0.00..34.30 rows=986 width=0)
	                    Index Cond: ((id >= 4575373) AND (id <= 4576372))

for: simple_ranges
table 1 : explain SELECT c FROM sbtest1 WHERE id BETWEEN 3616013 AND 3617012
	Bitmap Heap Scan on sbtest1  (cost=34.36..3758.92 rows=968 width=121)
	  Recheck Cond: ((id >= 3616013) AND (id <= 3617012))
	  ->  Bitmap Index Scan on sbtest1_pkey  (cost=0.00..34.12 rows=968 width=0)
	        Index Cond: ((id >= 3616013) AND (id <= 3617012))

table 2 : explain SELECT c FROM sbtest2 WHERE id BETWEEN 8590073 AND 8591072
	Bitmap Heap Scan on sbtest2  (cost=29.89..3575.69 rows=922 width=121)
	  Recheck Cond: ((id >= 8590073) AND (id <= 8591072))
	  ->  Bitmap Index Scan on sbtest2_pkey  (cost=0.00..29.65 rows=922 width=0)
	        Index Cond: ((id >= 8590073) AND (id <= 8591072))

table 3 : explain SELECT c FROM sbtest3 WHERE id BETWEEN 6082679 AND 6083678
	Bitmap Heap Scan on sbtest3  (cost=34.87..3941.41 rows=1018 width=121)
	  Recheck Cond: ((id >= 6082679) AND (id <= 6083678))
	  ->  Bitmap Index Scan on sbtest3_pkey  (cost=0.00..34.62 rows=1018 width=0)
	        Index Cond: ((id >= 6082679) AND (id <= 6083678))

table 4 : explain SELECT c FROM sbtest4 WHERE id BETWEEN 8776159 AND 8777158
	Bitmap Heap Scan on sbtest4  (cost=34.19..3693.94 rows=952 width=121)
	  Recheck Cond: ((id >= 8776159) AND (id <= 8777158))
	  ->  Bitmap Index Scan on sbtest4_pkey  (cost=0.00..33.95 rows=952 width=0)
	        Index Cond: ((id >= 8776159) AND (id <= 8777158))

table 5 : explain SELECT c FROM sbtest5 WHERE id BETWEEN 2594035 AND 2595034
	Bitmap Heap Scan on sbtest5  (cost=40.01..4362.06 rows=1129 width=121)
	  Recheck Cond: ((id >= 2594035) AND (id <= 2595034))
	  ->  Bitmap Index Scan on sbtest5_pkey  (cost=0.00..39.73 rows=1129 width=0)
	        Index Cond: ((id >= 2594035) AND (id <= 2595034))

table 6 : explain SELECT c FROM sbtest6 WHERE id BETWEEN 782727 AND 783726
	Bitmap Heap Scan on sbtest6  (cost=35.06..4014.45 rows=1037 width=121)
	  Recheck Cond: ((id >= 782727) AND (id <= 783726))
	  ->  Bitmap Index Scan on sbtest6_pkey  (cost=0.00..34.81 rows=1037 width=0)
	        Index Cond: ((id >= 782727) AND (id <= 783726))

table 7 : explain SELECT c FROM sbtest7 WHERE id BETWEEN 2488331 AND 2489330
	Bitmap Heap Scan on sbtest7  (cost=34.47..3796.75 rows=979 width=121)
	  Recheck Cond: ((id >= 2488331) AND (id <= 2489330))
	  ->  Bitmap Index Scan on sbtest7_pkey  (cost=0.00..34.23 rows=979 width=0)
	        Index Cond: ((id >= 2488331) AND (id <= 2489330))

table 8 : explain SELECT c FROM sbtest8 WHERE id BETWEEN 7808476 AND 7809475
	Bitmap Heap Scan on sbtest8  (cost=34.97..3982.03 rows=1028 width=121)
	  Recheck Cond: ((id >= 7808476) AND (id <= 7809475))
	  ->  Bitmap Index Scan on sbtest8_pkey  (cost=0.00..34.72 rows=1028 width=0)
	        Index Cond: ((id >= 7808476) AND (id <= 7809475))

for: order_ranges
table 1 : explain SELECT c FROM sbtest1 WHERE id BETWEEN 890619 AND 891618 ORDER BY c
	Sort  (cost=3941.15..3943.66 rows=1003 width=121)
	  Sort Key: c
	  ->  Bitmap Heap Scan on sbtest1  (cost=34.72..3891.15 rows=1003 width=121)
	        Recheck Cond: ((id >= 890619) AND (id <= 891618))
	        ->  Bitmap Index Scan on sbtest1_pkey  (cost=0.00..34.47 rows=1003 width=0)
	              Index Cond: ((id >= 890619) AND (id <= 891618))

table 2 : explain SELECT c FROM sbtest2 WHERE id BETWEEN 4319158 AND 4320157 ORDER BY c
	Sort  (cost=3927.60..3930.10 rows=1001 width=121)
	  Sort Key: c
	  ->  Bitmap Heap Scan on sbtest2  (cost=34.70..3877.72 rows=1001 width=121)
	        Recheck Cond: ((id >= 4319158) AND (id <= 4320157))
	        ->  Bitmap Index Scan on sbtest2_pkey  (cost=0.00..34.45 rows=1001 width=0)
	              Index Cond: ((id >= 4319158) AND (id <= 4320157))

table 3 : explain SELECT c FROM sbtest3 WHERE id BETWEEN 1690900 AND 1691899 ORDER BY c
	Sort  (cost=3689.80..3692.15 rows=940 width=121)
	  Sort Key: c
	  ->  Bitmap Heap Scan on sbtest3  (cost=30.07..3643.38 rows=940 width=121)
	        Recheck Cond: ((id >= 1690900) AND (id <= 1691899))
	        ->  Bitmap Index Scan on sbtest3_pkey  (cost=0.00..29.83 rows=940 width=0)
	              Index Cond: ((id >= 1690900) AND (id <= 1691899))

table 4 : explain SELECT c FROM sbtest4 WHERE id BETWEEN 6205335 AND 6206334 ORDER BY c
	Sort  (cost=4203.81..4206.49 rows=1073 width=121)
	  Sort Key: c
	  ->  Bitmap Heap Scan on sbtest4  (cost=35.43..4149.79 rows=1073 width=121)
	        Recheck Cond: ((id >= 6205335) AND (id <= 6206334))
	        ->  Bitmap Index Scan on sbtest4_pkey  (cost=0.00..35.17 rows=1073 width=0)
	              Index Cond: ((id >= 6205335) AND (id <= 6206334))

table 5 : explain SELECT c FROM sbtest5 WHERE id BETWEEN 2280383 AND 2281382 ORDER BY c
	Sort  (cost=3818.96..3821.39 rows=972 width=121)
	  Sort Key: c
	  ->  Bitmap Heap Scan on sbtest5  (cost=34.40..3770.73 rows=972 width=121)
	        Recheck Cond: ((id >= 2280383) AND (id <= 2281382))
	        ->  Bitmap Index Scan on sbtest5_pkey  (cost=0.00..34.16 rows=972 width=0)
	              Index Cond: ((id >= 2280383) AND (id <= 2281382))

table 6 : explain SELECT c FROM sbtest6 WHERE id BETWEEN 255324 AND 256323 ORDER BY c
	Sort  (cost=3660.45..3662.78 rows=932 width=121)
	  Sort Key: c
	  ->  Bitmap Heap Scan on sbtest6  (cost=29.99..3614.48 rows=932 width=121)
	        Recheck Cond: ((id >= 255324) AND (id <= 256323))
	        ->  Bitmap Index Scan on sbtest6_pkey  (cost=0.00..29.75 rows=932 width=0)
	              Index Cond: ((id >= 255324) AND (id <= 256323))

table 7 : explain SELECT c FROM sbtest7 WHERE id BETWEEN 3355371 AND 3356370 ORDER BY c
	Sort  (cost=4204.88..4207.56 rows=1073 width=121)
	  Sort Key: c
	  ->  Bitmap Heap Scan on sbtest7  (cost=35.43..4150.86 rows=1073 width=121)
	        Recheck Cond: ((id >= 3355371) AND (id <= 3356370))
	        ->  Bitmap Index Scan on sbtest7_pkey  (cost=0.00..35.17 rows=1073 width=0)
	              Index Cond: ((id >= 3355371) AND (id <= 3356370))

table 8 : explain SELECT c FROM sbtest8 WHERE id BETWEEN 9174333 AND 9175332 ORDER BY c
	Sort  (cost=3696.24..3698.59 rows=941 width=121)
	  Sort Key: c
	  ->  Bitmap Heap Scan on sbtest8  (cost=30.08..3649.76 rows=941 width=121)
	        Recheck Cond: ((id >= 9174333) AND (id <= 9175332))
	        ->  Bitmap Index Scan on sbtest8_pkey  (cost=0.00..29.84 rows=941 width=0)
	              Index Cond: ((id >= 9174333) AND (id <= 9175332))

for: sum_ranges
table 1 : explain SELECT SUM(k) FROM sbtest1 WHERE id BETWEEN 2520698 AND 2521697
	Aggregate  (cost=3678.09..3678.10 rows=1 width=8)
	  ->  Bitmap Heap Scan on sbtest1  (cost=34.13..3675.73 rows=946 width=4)
	        Recheck Cond: ((id >= 2520698) AND (id <= 2521697))
	        ->  Bitmap Index Scan on sbtest1_pkey  (cost=0.00..33.90 rows=946 width=0)
	              Index Cond: ((id >= 2520698) AND (id <= 2521697))

table 2 : explain SELECT SUM(k) FROM sbtest2 WHERE id BETWEEN 781356 AND 782355
	Aggregate  (cost=3528.85..3528.86 rows=1 width=8)
	  ->  Bitmap Heap Scan on sbtest2  (cost=29.75..3526.57 rows=909 width=4)
	        Recheck Cond: ((id >= 781356) AND (id <= 782355))
	        ->  Bitmap Index Scan on sbtest2_pkey  (cost=0.00..29.52 rows=909 width=0)
	              Index Cond: ((id >= 781356) AND (id <= 782355))

table 3 : explain SELECT SUM(k) FROM sbtest3 WHERE id BETWEEN 5252386 AND 5253385
	Aggregate  (cost=3917.58..3917.59 rows=1 width=8)
	  ->  Bitmap Heap Scan on sbtest3  (cost=34.80..3915.05 rows=1011 width=4)
	        Recheck Cond: ((id >= 5252386) AND (id <= 5253385))
	        ->  Bitmap Index Scan on sbtest3_pkey  (cost=0.00..34.55 rows=1011 width=0)
	              Index Cond: ((id >= 5252386) AND (id <= 5253385))

table 4 : explain SELECT SUM(k) FROM sbtest4 WHERE id BETWEEN 1866586 AND 1867585
	Aggregate  (cost=3669.87..3669.88 rows=1 width=8)
	  ->  Bitmap Heap Scan on sbtest4  (cost=34.12..3667.51 rows=945 width=4)
	        Recheck Cond: ((id >= 1866586) AND (id <= 1867585))
	        ->  Bitmap Index Scan on sbtest4_pkey  (cost=0.00..33.89 rows=945 width=0)
	              Index Cond: ((id >= 1866586) AND (id <= 1867585))

table 5 : explain SELECT SUM(k) FROM sbtest5 WHERE id BETWEEN 5505912 AND 5506911
	Aggregate  (cost=4010.86..4010.87 rows=1 width=8)
	  ->  Bitmap Heap Scan on sbtest5  (cost=35.04..4008.27 rows=1035 width=4)
	        Recheck Cond: ((id >= 5505912) AND (id <= 5506911))
	        ->  Bitmap Index Scan on sbtest5_pkey  (cost=0.00..34.79 rows=1035 width=0)
	              Index Cond: ((id >= 5505912) AND (id <= 5506911))

table 6 : explain SELECT SUM(k) FROM sbtest6 WHERE id BETWEEN 5886555 AND 5887554
	Aggregate  (cost=3866.26..3866.27 rows=1 width=8)
	  ->  Bitmap Heap Scan on sbtest6  (cost=34.65..3863.77 rows=997 width=4)
	        Recheck Cond: ((id >= 5886555) AND (id <= 5887554))
	        ->  Bitmap Index Scan on sbtest6_pkey  (cost=0.00..34.41 rows=997 width=0)
	              Index Cond: ((id >= 5886555) AND (id <= 5887554))

table 7 : explain SELECT SUM(k) FROM sbtest7 WHERE id BETWEEN 7409790 AND 7410789
	Aggregate  (cost=3855.82..3855.83 rows=1 width=8)
	  ->  Bitmap Heap Scan on sbtest7  (cost=34.62..3853.33 rows=994 width=4)
	        Recheck Cond: ((id >= 7409790) AND (id <= 7410789))
	        ->  Bitmap Index Scan on sbtest7_pkey  (cost=0.00..34.38 rows=994 width=0)
	              Index Cond: ((id >= 7409790) AND (id <= 7410789))

table 8 : explain SELECT SUM(k) FROM sbtest8 WHERE id BETWEEN 9781710 AND 9782709
	Aggregate  (cost=3663.68..3663.69 rows=1 width=8)
	  ->  Bitmap Heap Scan on sbtest8  (cost=34.10..3661.32 rows=943 width=4)
	        Recheck Cond: ((id >= 9781710) AND (id <= 9782709))
	        ->  Bitmap Index Scan on sbtest8_pkey  (cost=0.00..33.87 rows=943 width=0)
	              Index Cond: ((id >= 9781710) AND (id <= 9782709))

for: distinct_ranges
table 1 : explain SELECT DISTINCT c FROM sbtest1 WHERE id BETWEEN 6329997 AND 6330996 ORDER BY c
	Unique  (cost=3741.68..3746.44 rows=951 width=121)
	  ->  Sort  (cost=3741.68..3744.06 rows=951 width=121)
	        Sort Key: c
	        ->  Bitmap Heap Scan on sbtest1  (cost=34.18..3694.64 rows=951 width=121)
	              Recheck Cond: ((id >= 6329997) AND (id <= 6330996))
	              ->  Bitmap Index Scan on sbtest1_pkey  (cost=0.00..33.95 rows=951 width=0)
	                    Index Cond: ((id >= 6329997) AND (id <= 6330996))

table 2 : explain SELECT DISTINCT c FROM sbtest2 WHERE id BETWEEN 2944251 AND 2945250 ORDER BY c
	Unique  (cost=3747.72..3752.49 rows=954 width=121)
	  ->  Sort  (cost=3747.72..3750.11 rows=954 width=121)
	        Sort Key: c
	        ->  Bitmap Heap Scan on sbtest2  (cost=34.21..3700.51 rows=954 width=121)
	              Recheck Cond: ((id >= 2944251) AND (id <= 2945250))
	              ->  Bitmap Index Scan on sbtest2_pkey  (cost=0.00..33.98 rows=954 width=0)
	                    Index Cond: ((id >= 2944251) AND (id <= 2945250))

table 3 : explain SELECT DISTINCT c FROM sbtest3 WHERE id BETWEEN 9596337 AND 9597336 ORDER BY c
	Unique  (cost=3501.91..3506.36 rows=891 width=121)
	  ->  Sort  (cost=3501.91..3504.13 rows=891 width=121)
	        Sort Key: c
	        ->  Bitmap Heap Scan on sbtest3  (cost=29.57..3458.25 rows=891 width=121)
	              Recheck Cond: ((id >= 9596337) AND (id <= 9597336))
	              ->  Bitmap Index Scan on sbtest3_pkey  (cost=0.00..29.34 rows=891 width=0)
	                    Index Cond: ((id >= 9596337) AND (id <= 9597336))

table 4 : explain SELECT DISTINCT c FROM sbtest4 WHERE id BETWEEN 6254693 AND 6255692 ORDER BY c
	Unique  (cost=3572.15..3576.70 rows=909 width=121)
	  ->  Sort  (cost=3572.15..3574.42 rows=909 width=121)
	        Sort Key: c
	        ->  Bitmap Heap Scan on sbtest4  (cost=29.75..3527.48 rows=909 width=121)
	              Recheck Cond: ((id >= 6254693) AND (id <= 6255692))
	              ->  Bitmap Index Scan on sbtest4_pkey  (cost=0.00..29.52 rows=909 width=0)
	                    Index Cond: ((id >= 6254693) AND (id <= 6255692))

table 5 : explain SELECT DISTINCT c FROM sbtest5 WHERE id BETWEEN 2752469 AND 2753468 ORDER BY c
	Unique  (cost=4155.66..4160.96 rows=1060 width=121)
	  ->  Sort  (cost=4155.66..4158.31 rows=1060 width=121)
	        Sort Key: c
	        ->  Bitmap Heap Scan on sbtest5  (cost=35.30..4102.40 rows=1060 width=121)
	              Recheck Cond: ((id >= 2752469) AND (id <= 2753468))
	              ->  Bitmap Index Scan on sbtest5_pkey  (cost=0.00..35.04 rows=1060 width=0)
	                    Index Cond: ((id >= 2752469) AND (id <= 2753468))

table 6 : explain SELECT DISTINCT c FROM sbtest6 WHERE id BETWEEN 5129158 AND 5130157 ORDER BY c
	Unique  (cost=3844.53..3849.42 rows=979 width=121)
	  ->  Sort  (cost=3844.53..3846.98 rows=979 width=121)
	        Sort Key: c
	        ->  Bitmap Heap Scan on sbtest6  (cost=34.47..3795.90 rows=979 width=121)
	              Recheck Cond: ((id >= 5129158) AND (id <= 5130157))
	              ->  Bitmap Index Scan on sbtest6_pkey  (cost=0.00..34.23 rows=979 width=0)
	                    Index Cond: ((id >= 5129158) AND (id <= 5130157))

table 7 : explain SELECT DISTINCT c FROM sbtest7 WHERE id BETWEEN 1811830 AND 1812829 ORDER BY c
	Unique  (cost=3665.08..3669.74 rows=933 width=121)
	  ->  Sort  (cost=3665.08..3667.41 rows=933 width=121)
	        Sort Key: c
	        ->  Bitmap Heap Scan on sbtest7  (cost=30.00..3619.05 rows=933 width=121)
	              Recheck Cond: ((id >= 1811830) AND (id <= 1812829))
	              ->  Bitmap Index Scan on sbtest7_pkey  (cost=0.00..29.76 rows=933 width=0)
	                    Index Cond: ((id >= 1811830) AND (id <= 1812829))

table 8 : explain SELECT DISTINCT c FROM sbtest8 WHERE id BETWEEN 8829282 AND 8830281 ORDER BY c
	Unique  (cost=3918.66..3923.65 rows=998 width=121)
	  ->  Sort  (cost=3918.66..3921.16 rows=998 width=121)
	        Sort Key: c
	        ->  Bitmap Heap Scan on sbtest8  (cost=34.66..3868.95 rows=998 width=121)
	              Recheck Cond: ((id >= 8829282) AND (id <= 8830281))
	              ->  Bitmap Index Scan on sbtest8_pkey  (cost=0.00..34.42 rows=998 width=0)
	                    Index Cond: ((id >= 8829282) AND (id <= 8830281))

for: order_ranges
table 1 : explain SELECT c FROM sbtest1 WHERE id BETWEEN 3910045 AND 3911044 ORDER BY c
	Sort  (cost=3803.09..3805.51 rows=967 width=121)
	  Sort Key: c
	  ->  Bitmap Heap Scan on sbtest1  (cost=34.35..3755.14 rows=967 width=121)
	        Recheck Cond: ((id >= 3910045) AND (id <= 3911044))
	        ->  Bitmap Index Scan on sbtest1_pkey  (cost=0.00..34.11 rows=967 width=0)
	              Index Cond: ((id >= 3910045) AND (id <= 3911044))

table 2 : explain SELECT c FROM sbtest2 WHERE id BETWEEN 1624901 AND 1625900 ORDER BY c
	Sort  (cost=3835.78..3838.23 rows=977 width=121)
	  Sort Key: c
	  ->  Bitmap Heap Scan on sbtest2  (cost=34.45..3787.26 rows=977 width=121)
	        Recheck Cond: ((id >= 1624901) AND (id <= 1625900))
	        ->  Bitmap Index Scan on sbtest2_pkey  (cost=0.00..34.20 rows=977 width=0)
	              Index Cond: ((id >= 1624901) AND (id <= 1625900))

table 3 : explain SELECT c FROM sbtest3 WHERE id BETWEEN 592768 AND 593767 ORDER BY c
	Sort  (cost=4015.19..4017.75 rows=1024 width=121)
	  Sort Key: c
	  ->  Bitmap Heap Scan on sbtest3  (cost=34.93..3963.99 rows=1024 width=121)
	        Recheck Cond: ((id >= 592768) AND (id <= 593767))
	        ->  Bitmap Index Scan on sbtest3_pkey  (cost=0.00..34.68 rows=1024 width=0)
	              Index Cond: ((id >= 592768) AND (id <= 593767))

table 4 : explain SELECT c FROM sbtest4 WHERE id BETWEEN 5803511 AND 5804510 ORDER BY c
	Sort  (cost=3901.87..3904.35 rows=994 width=121)
	  Sort Key: c
	  ->  Bitmap Heap Scan on sbtest4  (cost=34.62..3852.38 rows=994 width=121)
	        Recheck Cond: ((id >= 5803511) AND (id <= 5804510))
	        ->  Bitmap Index Scan on sbtest4_pkey  (cost=0.00..34.38 rows=994 width=0)
	              Index Cond: ((id >= 5803511) AND (id <= 5804510))

table 5 : explain SELECT c FROM sbtest5 WHERE id BETWEEN 6889914 AND 6890913 ORDER BY c
	Sort  (cost=3792.14..3794.55 rows=965 width=121)
	  Sort Key: c
	  ->  Bitmap Heap Scan on sbtest5  (cost=34.33..3744.30 rows=965 width=121)
	        Recheck Cond: ((id >= 6889914) AND (id <= 6890913))
	        ->  Bitmap Index Scan on sbtest5_pkey  (cost=0.00..34.09 rows=965 width=0)
	              Index Cond: ((id >= 6889914) AND (id <= 6890913))

table 6 : explain SELECT c FROM sbtest6 WHERE id BETWEEN 4608331 AND 4609330 ORDER BY c
	Sort  (cost=3871.33..3873.79 rows=986 width=121)
	  Sort Key: c
	  ->  Bitmap Heap Scan on sbtest6  (cost=34.54..3822.30 rows=986 width=121)
	        Recheck Cond: ((id >= 4608331) AND (id <= 4609330))
	        ->  Bitmap Index Scan on sbtest6_pkey  (cost=0.00..34.30 rows=986 width=0)
	              Index Cond: ((id >= 4608331) AND (id <= 4609330))

table 7 : explain SELECT c FROM sbtest7 WHERE id BETWEEN 4606395 AND 4607394 ORDER BY c
	Sort  (cost=3676.58..3678.92 rows=936 width=121)
	  Sort Key: c
	  ->  Bitmap Heap Scan on sbtest7  (cost=30.03..3630.39 rows=936 width=121)
	        Recheck Cond: ((id >= 4606395) AND (id <= 4607394))
	        ->  Bitmap Index Scan on sbtest7_pkey  (cost=0.00..29.79 rows=936 width=0)
	              Index Cond: ((id >= 4606395) AND (id <= 4607394))

table 8 : explain SELECT c FROM sbtest8 WHERE id BETWEEN 2845569 AND 2846568 ORDER BY c
	Sort  (cost=3619.51..3621.81 rows=921 width=121)
	  Sort Key: c
	  ->  Bitmap Heap Scan on sbtest8  (cost=29.88..3574.16 rows=921 width=121)
	        Recheck Cond: ((id >= 2845569) AND (id <= 2846568))
	        ->  Bitmap Index Scan on sbtest8_pkey  (cost=0.00..29.64 rows=921 width=0)
	              Index Cond: ((id >= 2845569) AND (id <= 2846568))

for: sum_ranges
table 1 : explain SELECT SUM(k) FROM sbtest1 WHERE id BETWEEN 8478254 AND 8479253
	Aggregate  (cost=3560.47..3560.48 rows=1 width=8)
	  ->  Bitmap Heap Scan on sbtest1  (cost=29.82..3558.18 rows=916 width=4)
	        Recheck Cond: ((id >= 8478254) AND (id <= 8479253))
	        ->  Bitmap Index Scan on sbtest1_pkey  (cost=0.00..29.59 rows=916 width=0)
	              Index Cond: ((id >= 8478254) AND (id <= 8479253))

table 2 : explain SELECT SUM(k) FROM sbtest2 WHERE id BETWEEN 1911695 AND 1912694
	Aggregate  (cost=3910.37..3910.38 rows=1 width=8)
	  ->  Bitmap Heap Scan on sbtest2  (cost=34.78..3907.85 rows=1009 width=4)
	        Recheck Cond: ((id >= 1911695) AND (id <= 1912694))
	        ->  Bitmap Index Scan on sbtest2_pkey  (cost=0.00..34.53 rows=1009 width=0)
	              Index Cond: ((id >= 1911695) AND (id <= 1912694))

table 3 : explain SELECT SUM(k) FROM sbtest3 WHERE id BETWEEN 7365037 AND 7366036
	Aggregate  (cost=3641.95..3641.96 rows=1 width=8)
	  ->  Bitmap Heap Scan on sbtest3  (cost=30.06..3639.60 rows=939 width=4)
	        Recheck Cond: ((id >= 7365037) AND (id <= 7366036))
	        ->  Bitmap Index Scan on sbtest3_pkey  (cost=0.00..29.82 rows=939 width=0)
	              Index Cond: ((id >= 7365037) AND (id <= 7366036))

table 4 : explain SELECT SUM(k) FROM sbtest4 WHERE id BETWEEN 7712905 AND 7713904
	Aggregate  (cost=3945.36..3945.37 rows=1 width=8)
	  ->  Bitmap Heap Scan on sbtest4  (cost=34.87..3942.82 rows=1018 width=4)
	        Recheck Cond: ((id >= 7712905) AND (id <= 7713904))
	        ->  Bitmap Index Scan on sbtest4_pkey  (cost=0.00..34.62 rows=1018 width=0)
	              Index Cond: ((id >= 7712905) AND (id <= 7713904))

table 5 : explain SELECT SUM(k) FROM sbtest5 WHERE id BETWEEN 882041 AND 883040
	Aggregate  (cost=3659.78..3659.79 rows=1 width=8)
	  ->  Bitmap Heap Scan on sbtest5  (cost=34.09..3657.43 rows=942 width=4)
	        Recheck Cond: ((id >= 882041) AND (id <= 883040))
	        ->  Bitmap Index Scan on sbtest5_pkey  (cost=0.00..33.86 rows=942 width=0)
	              Index Cond: ((id >= 882041) AND (id <= 883040))

table 6 : explain SELECT SUM(k) FROM sbtest6 WHERE id BETWEEN 7029677 AND 7030676
	Aggregate  (cost=4156.33..4156.34 rows=1 width=8)
	  ->  Bitmap Heap Scan on sbtest6  (cost=35.44..4153.64 rows=1074 width=4)
	        Recheck Cond: ((id >= 7029677) AND (id <= 7030676))
	        ->  Bitmap Index Scan on sbtest6_pkey  (cost=0.00..35.18 rows=1074 width=0)
	              Index Cond: ((id >= 7029677) AND (id <= 7030676))

table 7 : explain SELECT SUM(k) FROM sbtest7 WHERE id BETWEEN 8463319 AND 8464318
	Aggregate  (cost=3621.39..3621.40 rows=1 width=8)
	  ->  Bitmap Heap Scan on sbtest7  (cost=30.00..3619.05 rows=933 width=4)
	        Recheck Cond: ((id >= 8463319) AND (id <= 8464318))
	        ->  Bitmap Index Scan on sbtest7_pkey  (cost=0.00..29.76 rows=933 width=0)
	              Index Cond: ((id >= 8463319) AND (id <= 8464318))

table 8 : explain SELECT SUM(k) FROM sbtest8 WHERE id BETWEEN 4001377 AND 4002376
	Aggregate  (cost=3871.44..3871.45 rows=1 width=8)
	  ->  Bitmap Heap Scan on sbtest8  (cost=34.66..3868.95 rows=998 width=4)
	        Recheck Cond: ((id >= 4001377) AND (id <= 4002376))
	        ->  Bitmap Index Scan on sbtest8_pkey  (cost=0.00..34.42 rows=998 width=0)
	              Index Cond: ((id >= 4001377) AND (id <= 4002376))

explain: for point_selects :: explain SELECT c FROM sbtest%u WHERE id=%u
explain: for point_selects :: explain SELECT c FROM sbtest%u WHERE id=%u
for: distinct_ranges
table 1 : explain SELECT DISTINCT c FROM sbtest1 WHERE id BETWEEN 9057842 AND 9058841 ORDER BY c
	Unique  (cost=3703.29..3707.99 rows=941 width=121)
	  ->  Sort  (cost=3703.29..3705.64 rows=941 width=121)
	        Sort Key: c
	        ->  Bitmap Heap Scan on sbtest1  (cost=34.08..3656.81 rows=941 width=121)
	              Recheck Cond: ((id >= 9057842) AND (id <= 9058841))
	              ->  Bitmap Index Scan on sbtest1_pkey  (cost=0.00..33.84 rows=941 width=0)
	                    Index Cond: ((id >= 9057842) AND (id <= 9058841))

table 2 : explain SELECT DISTINCT c FROM sbtest2 WHERE id BETWEEN 1472443 AND 1473442 ORDER BY c
	Unique  (cost=4424.03..4429.68 rows=1131 width=121)
	  ->  Sort  (cost=4424.03..4426.85 rows=1131 width=121)
	        Sort Key: c
	        ->  Bitmap Heap Scan on sbtest2  (cost=40.03..4366.67 rows=1131 width=121)
	              Recheck Cond: ((id >= 1472443) AND (id <= 1473442))
	              ->  Bitmap Index Scan on sbtest2_pkey  (cost=0.00..39.75 rows=1131 width=0)
	                    Index Cond: ((id >= 1472443) AND (id <= 1473442))

table 3 : explain SELECT DISTINCT c FROM sbtest3 WHERE id BETWEEN 5841997 AND 5842996 ORDER BY c
	Unique  (cost=3632.31..3636.94 rows=925 width=121)
	  ->  Sort  (cost=3632.31..3634.62 rows=925 width=121)
	        Sort Key: c
	        ->  Bitmap Heap Scan on sbtest3  (cost=29.92..3586.74 rows=925 width=121)
	              Recheck Cond: ((id >= 5841997) AND (id <= 5842996))
	              ->  Bitmap Index Scan on sbtest3_pkey  (cost=0.00..29.68 rows=925 width=0)
	                    Index Cond: ((id >= 5841997) AND (id <= 5842996))

table 4 : explain SELECT DISTINCT c FROM sbtest4 WHERE id BETWEEN 7841362 AND 7842361 ORDER BY c
	Unique  (cost=3771.69..3776.49 rows=960 width=121)
	  ->  Sort  (cost=3771.69..3774.09 rows=960 width=121)
	        Sort Key: c
	        ->  Bitmap Heap Scan on sbtest4  (cost=34.28..3724.14 rows=960 width=121)
	              Recheck Cond: ((id >= 7841362) AND (id <= 7842361))
	              ->  Bitmap Index Scan on sbtest4_pkey  (cost=0.00..34.04 rows=960 width=0)
	                    Index Cond: ((id >= 7841362) AND (id <= 7842361))

table 5 : explain SELECT DISTINCT c FROM sbtest5 WHERE id BETWEEN 4131176 AND 4132175 ORDER BY c
	Unique  (cost=3914.71..3919.69 rows=997 width=121)
	  ->  Sort  (cost=3914.71..3917.20 rows=997 width=121)
	        Sort Key: c
	        ->  Bitmap Heap Scan on sbtest5  (cost=34.65..3865.05 rows=997 width=121)
	              Recheck Cond: ((id >= 4131176) AND (id <= 4132175))
	              ->  Bitmap Index Scan on sbtest5_pkey  (cost=0.00..34.41 rows=997 width=0)
	                    Index Cond: ((id >= 4131176) AND (id <= 4132175))

table 6 : explain SELECT DISTINCT c FROM sbtest6 WHERE id BETWEEN 1747579 AND 1748578 ORDER BY c
	Unique  (cost=4096.96..4102.18 rows=1045 width=121)
	  ->  Sort  (cost=4096.96..4099.57 rows=1045 width=121)
	        Sort Key: c
	        ->  Bitmap Heap Scan on sbtest6  (cost=35.15..4044.56 rows=1045 width=121)
	              Recheck Cond: ((id >= 1747579) AND (id <= 1748578))
	              ->  Bitmap Index Scan on sbtest6_pkey  (cost=0.00..34.89 rows=1045 width=0)
	                    Index Cond: ((id >= 1747579) AND (id <= 1748578))

table 7 : explain SELECT DISTINCT c FROM sbtest7 WHERE id BETWEEN 5852645 AND 5853644 ORDER BY c
	Unique  (cost=3642.06..3646.70 rows=927 width=121)
	  ->  Sort  (cost=3642.06..3644.38 rows=927 width=121)
	        Sort Key: c
	        ->  Bitmap Heap Scan on sbtest7  (cost=29.94..3596.38 rows=927 width=121)
	              Recheck Cond: ((id >= 5852645) AND (id <= 5853644))
	              ->  Bitmap Index Scan on sbtest7_pkey  (cost=0.00..29.70 rows=927 width=0)
	                    Index Cond: ((id >= 5852645) AND (id <= 5853644))

table 8 : explain SELECT DISTINCT c FROM sbtest8 WHERE id BETWEEN 9537379 AND 9538378 ORDER BY c
	Unique  (cost=3757.76..3762.54 rows=956 width=121)
	  ->  Sort  (cost=3757.76..3760.15 rows=956 width=121)
	        Sort Key: c
	        ->  Bitmap Heap Scan on sbtest8  (cost=34.23..3710.43 rows=956 width=121)
	              Recheck Cond: ((id >= 9537379) AND (id <= 9538378))
	              ->  Bitmap Index Scan on sbtest8_pkey  (cost=0.00..34.00 rows=956 width=0)
	                    Index Cond: ((id >= 9537379) AND (id <= 9538378))

for: order_ranges
table 1 : explain SELECT c FROM sbtest1 WHERE id BETWEEN 3390351 AND 3391350 ORDER BY c
	Sort  (cost=4056.09..4058.67 rows=1033 width=121)
	  Sort Key: c
	  ->  Bitmap Heap Scan on sbtest1  (cost=35.02..4004.37 rows=1033 width=121)
	        Recheck Cond: ((id >= 3390351) AND (id <= 3391350))
	        ->  Bitmap Index Scan on sbtest1_pkey  (cost=0.00..34.77 rows=1033 width=0)
	              Index Cond: ((id >= 3390351) AND (id <= 3391350))

table 2 : explain SELECT c FROM sbtest2 WHERE id BETWEEN 6538256 AND 6539255 ORDER BY c
	Sort  (cost=3586.58..3588.87 rows=913 width=121)
	  Sort Key: c
	  ->  Bitmap Heap Scan on sbtest2  (cost=29.79..3541.69 rows=913 width=121)
	        Recheck Cond: ((id >= 6538256) AND (id <= 6539255))
	        ->  Bitmap Index Scan on sbtest2_pkey  (cost=0.00..29.57 rows=913 width=0)
	              Index Cond: ((id >= 6538256) AND (id <= 6539255))

table 3 : explain SELECT c FROM sbtest3 WHERE id BETWEEN 9012133 AND 9013132 ORDER BY c
	Sort  (cost=3766.57..3768.97 rows=959 width=121)
	  Sort Key: c
	  ->  Bitmap Heap Scan on sbtest3  (cost=34.26..3719.07 rows=959 width=121)
	        Recheck Cond: ((id >= 9012133) AND (id <= 9013132))
	        ->  Bitmap Index Scan on sbtest3_pkey  (cost=0.00..34.03 rows=959 width=0)
	              Index Cond: ((id >= 9012133) AND (id <= 9013132))

table 4 : explain SELECT c FROM sbtest4 WHERE id BETWEEN 7839074 AND 7840073 ORDER BY c
	Sort  (cost=3771.69..3774.09 rows=960 width=121)
	  Sort Key: c
	  ->  Bitmap Heap Scan on sbtest4  (cost=34.28..3724.14 rows=960 width=121)
	        Recheck Cond: ((id >= 7839074) AND (id <= 7840073))
	        ->  Bitmap Index Scan on sbtest4_pkey  (cost=0.00..34.04 rows=960 width=0)
	              Index Cond: ((id >= 7839074) AND (id <= 7840073))

table 5 : explain SELECT c FROM sbtest5 WHERE id BETWEEN 1736831 AND 1737830 ORDER BY c
	Sort  (cost=4113.62..4116.25 rows=1049 width=121)
	  Sort Key: c
	  ->  Bitmap Heap Scan on sbtest5  (cost=35.19..4060.99 rows=1049 width=121)
	        Recheck Cond: ((id >= 1736831) AND (id <= 1737830))
	        ->  Bitmap Index Scan on sbtest5_pkey  (cost=0.00..34.93 rows=1049 width=0)
	              Index Cond: ((id >= 1736831) AND (id <= 1737830))

table 6 : explain SELECT c FROM sbtest6 WHERE id BETWEEN 1254486 AND 1255485 ORDER BY c
	Sort  (cost=3387.88..3390.03 rows=861 width=121)
	  Sort Key: c
	  ->  Bitmap Heap Scan on sbtest6  (cost=29.26..3345.91 rows=861 width=121)
	        Recheck Cond: ((id >= 1254486) AND (id <= 1255485))
	        ->  Bitmap Index Scan on sbtest6_pkey  (cost=0.00..29.04 rows=861 width=0)
	              Index Cond: ((id >= 1254486) AND (id <= 1255485))

table 7 : explain SELECT c FROM sbtest7 WHERE id BETWEEN 6810644 AND 6811643 ORDER BY c
	Sort  (cost=3626.71..3629.02 rows=923 width=121)
	  Sort Key: c
	  ->  Bitmap Heap Scan on sbtest7  (cost=29.90..3581.26 rows=923 width=121)
	        Recheck Cond: ((id >= 6810644) AND (id <= 6811643))
	        ->  Bitmap Index Scan on sbtest7_pkey  (cost=0.00..29.66 rows=923 width=0)
	              Index Cond: ((id >= 6810644) AND (id <= 6811643))

table 8 : explain SELECT c FROM sbtest8 WHERE id BETWEEN 8456592 AND 8457591 ORDER BY c
	Sort  (cost=3634.86..3637.17 rows=925 width=121)
	  Sort Key: c
	  ->  Bitmap Heap Scan on sbtest8  (cost=29.92..3589.29 rows=925 width=121)
	        Recheck Cond: ((id >= 8456592) AND (id <= 8457591))
	        ->  Bitmap Index Scan on sbtest8_pkey  (cost=0.00..29.68 rows=925 width=0)
	              Index Cond: ((id >= 8456592) AND (id <= 8457591))

for point_selects
table 1 : explain SELECT c FROM sbtest1 WHERE id=5768812
	Index Scan using sbtest1_pkey on sbtest1  (cost=0.43..8.45 rows=1 width=121)
	  Index Cond: (id = 5768812)

table 2 : explain SELECT c FROM sbtest2 WHERE id=2896546
	Index Scan using sbtest2_pkey on sbtest2  (cost=0.43..8.45 rows=1 width=121)
	  Index Cond: (id = 2896546)

table 3 : explain SELECT c FROM sbtest3 WHERE id=2732859
	Index Scan using sbtest3_pkey on sbtest3  (cost=0.43..8.45 rows=1 width=121)
	  Index Cond: (id = 2732859)

table 4 : explain SELECT c FROM sbtest4 WHERE id=1898833
	Index Scan using sbtest4_pkey on sbtest4  (cost=0.43..8.45 rows=1 width=121)
	  Index Cond: (id = 1898833)

table 5 : explain SELECT c FROM sbtest5 WHERE id=4200267
	Index Scan using sbtest5_pkey on sbtest5  (cost=0.43..8.45 rows=1 width=121)
	  Index Cond: (id = 4200267)

table 6 : explain SELECT c FROM sbtest6 WHERE id=9615433
	Index Scan using sbtest6_pkey on sbtest6  (cost=0.43..8.45 rows=1 width=121)
	  Index Cond: (id = 9615433)

table 7 : explain SELECT c FROM sbtest7 WHERE id=3978686
	Index Scan using sbtest7_pkey on sbtest7  (cost=0.43..8.45 rows=1 width=121)
	  Index Cond: (id = 3978686)

table 8 : explain SELECT c FROM sbtest8 WHERE id=635120
	Index Scan using sbtest8_pkey on sbtest8  (cost=0.43..8.45 rows=1 width=121)
	  Index Cond: (id = 635120)

for point_selects
table 1 : explain SELECT c FROM sbtest1 WHERE id=9836813
	Index Scan using sbtest1_pkey on sbtest1  (cost=0.43..8.45 rows=1 width=121)
	  Index Cond: (id = 9836813)

table 2 : explain SELECT c FROM sbtest2 WHERE id=3125320
	Index Scan using sbtest2_pkey on sbtest2  (cost=0.43..8.45 rows=1 width=121)
	  Index Cond: (id = 3125320)

table 3 : explain SELECT c FROM sbtest3 WHERE id=274603
	Index Scan using sbtest3_pkey on sbtest3  (cost=0.43..8.45 rows=1 width=121)
	  Index Cond: (id = 274603)

table 4 : explain SELECT c FROM sbtest4 WHERE id=2548892
	Index Scan using sbtest4_pkey on sbtest4  (cost=0.43..8.45 rows=1 width=121)
	  Index Cond: (id = 2548892)

table 5 : explain SELECT c FROM sbtest5 WHERE id=1637611
	Index Scan using sbtest5_pkey on sbtest5  (cost=0.43..8.45 rows=1 width=121)
	  Index Cond: (id = 1637611)

table 6 : explain SELECT c FROM sbtest6 WHERE id=5862336
	Index Scan using sbtest6_pkey on sbtest6  (cost=0.43..8.45 rows=1 width=121)
	  Index Cond: (id = 5862336)

table 7 : explain SELECT c FROM sbtest7 WHERE id=1083989
	Index Scan using sbtest7_pkey on sbtest7  (cost=0.43..8.45 rows=1 width=121)
	  Index Cond: (id = 1083989)

table 8 : explain SELECT c FROM sbtest8 WHERE id=3197523
	Index Scan using sbtest8_pkey on sbtest8  (cost=0.43..8.45 rows=1 width=121)
	  Index Cond: (id = 3197523)

for: order_ranges
table 1 : explain SELECT c FROM sbtest1 WHERE id BETWEEN 5695302 AND 5696301 ORDER BY c
	Sort  (cost=3757.04..3759.43 rows=955 width=121)
	  Sort Key: c
	  ->  Bitmap Heap Scan on sbtest1  (cost=34.22..3709.77 rows=955 width=121)
	        Recheck Cond: ((id >= 5695302) AND (id <= 5696301))
	        ->  Bitmap Index Scan on sbtest1_pkey  (cost=0.00..33.98 rows=955 width=0)
	              Index Cond: ((id >= 5695302) AND (id <= 5696301))

table 2 : explain SELECT c FROM sbtest2 WHERE id BETWEEN 6268043 AND 6269042 ORDER BY c
	Sort  (cost=3770.70..3773.10 rows=960 width=121)
	  Sort Key: c
	  ->  Bitmap Heap Scan on sbtest2  (cost=34.28..3723.15 rows=960 width=121)
	        Recheck Cond: ((id >= 6268043) AND (id <= 6269042))
	        ->  Bitmap Index Scan on sbtest2_pkey  (cost=0.00..34.04 rows=960 width=0)
	              Index Cond: ((id >= 6268043) AND (id <= 6269042))

table 3 : explain SELECT c FROM sbtest3 WHERE id BETWEEN 6794713 AND 6795712 ORDER BY c
	Sort  (cost=4206.10..4208.78 rows=1074 width=121)
	  Sort Key: c
	  ->  Bitmap Heap Scan on sbtest3  (cost=35.44..4152.03 rows=1074 width=121)
	        Recheck Cond: ((id >= 6794713) AND (id <= 6795712))
	        ->  Bitmap Index Scan on sbtest3_pkey  (cost=0.00..35.18 rows=1074 width=0)
	              Index Cond: ((id >= 6794713) AND (id <= 6795712))

table 4 : explain SELECT c FROM sbtest4 WHERE id BETWEEN 926260 AND 927259 ORDER BY c
	Sort  (cost=3921.00..3923.50 rows=999 width=121)
	  Sort Key: c
	  ->  Bitmap Heap Scan on sbtest4  (cost=34.67..3871.23 rows=999 width=121)
	        Recheck Cond: ((id >= 926260) AND (id <= 927259))
	        ->  Bitmap Index Scan on sbtest4_pkey  (cost=0.00..34.43 rows=999 width=0)
	              Index Cond: ((id >= 926260) AND (id <= 927259))

table 5 : explain SELECT c FROM sbtest5 WHERE id BETWEEN 5796904 AND 5797903 ORDER BY c
	Sort  (cost=3742.31..3744.69 rows=952 width=121)
	  Sort Key: c
	  ->  Bitmap Heap Scan on sbtest5  (cost=34.19..3695.21 rows=952 width=121)
	        Recheck Cond: ((id >= 5796904) AND (id <= 5797903))
	        ->  Bitmap Index Scan on sbtest5_pkey  (cost=0.00..33.95 rows=952 width=0)
	              Index Cond: ((id >= 5796904) AND (id <= 5797903))

table 6 : explain SELECT c FROM sbtest6 WHERE id BETWEEN 9616085 AND 9617084 ORDER BY c
	Sort  (cost=3909.60..3912.09 rows=996 width=121)
	  Sort Key: c
	  ->  Bitmap Heap Scan on sbtest6  (cost=34.64..3860.00 rows=996 width=121)
	        Recheck Cond: ((id >= 9616085) AND (id <= 9617084))
	        ->  Bitmap Index Scan on sbtest6_pkey  (cost=0.00..34.40 rows=996 width=0)
	              Index Cond: ((id >= 9616085) AND (id <= 9617084))

table 7 : explain SELECT c FROM sbtest7 WHERE id BETWEEN 7476338 AND 7477337 ORDER BY c
	Sort  (cost=4220.15..4222.84 rows=1077 width=121)
	  Sort Key: c
	  ->  Bitmap Heap Scan on sbtest7  (cost=35.47..4165.91 rows=1077 width=121)
	        Recheck Cond: ((id >= 7476338) AND (id <= 7477337))
	        ->  Bitmap Index Scan on sbtest7_pkey  (cost=0.00..35.20 rows=1077 width=0)
	              Index Cond: ((id >= 7476338) AND (id <= 7477337))

table 8 : explain SELECT c FROM sbtest8 WHERE id BETWEEN 534307 AND 535306 ORDER BY c
	Sort  (cost=4197.82..4200.50 rows=1071 width=121)
	  Sort Key: c
	  ->  Bitmap Heap Scan on sbtest8  (cost=35.41..4143.93 rows=1071 width=121)
	        Recheck Cond: ((id >= 534307) AND (id <= 535306))
	        ->  Bitmap Index Scan on sbtest8_pkey  (cost=0.00..35.15 rows=1071 width=0)
	              Index Cond: ((id >= 534307) AND (id <= 535306))

for: order_ranges
table 1 : explain SELECT c FROM sbtest1 WHERE id BETWEEN 6996018 AND 6997017 ORDER BY c
	Sort  (cost=3803.09..3805.51 rows=967 width=121)
	  Sort Key: c
	  ->  Bitmap Heap Scan on sbtest1  (cost=34.35..3755.14 rows=967 width=121)
	        Recheck Cond: ((id >= 6996018) AND (id <= 6997017))
	        ->  Bitmap Index Scan on sbtest1_pkey  (cost=0.00..34.11 rows=967 width=0)
	              Index Cond: ((id >= 6996018) AND (id <= 6997017))

table 2 : explain SELECT c FROM sbtest2 WHERE id BETWEEN 7460756 AND 7461755 ORDER BY c
	Sort  (cost=3954.37..3956.89 rows=1008 width=121)
	  Sort Key: c
	  ->  Bitmap Heap Scan on sbtest2  (cost=34.77..3904.08 rows=1008 width=121)
	        Recheck Cond: ((id >= 7460756) AND (id <= 7461755))
	        ->  Bitmap Index Scan on sbtest2_pkey  (cost=0.00..34.52 rows=1008 width=0)
	              Index Cond: ((id >= 7460756) AND (id <= 7461755))

table 3 : explain SELECT c FROM sbtest3 WHERE id BETWEEN 7330506 AND 7331505 ORDER BY c
	Sort  (cost=3889.03..3891.51 rows=991 width=121)
	  Sort Key: c
	  ->  Bitmap Heap Scan on sbtest3  (cost=34.59..3839.72 rows=991 width=121)
	        Recheck Cond: ((id >= 7330506) AND (id <= 7331505))
	        ->  Bitmap Index Scan on sbtest3_pkey  (cost=0.00..34.34 rows=991 width=0)
	              Index Cond: ((id >= 7330506) AND (id <= 7331505))

table 4 : explain SELECT c FROM sbtest4 WHERE id BETWEEN 6307884 AND 6308883 ORDER BY c
	Sort  (cost=3572.15..3574.42 rows=909 width=121)
	  Sort Key: c
	  ->  Bitmap Heap Scan on sbtest4  (cost=29.75..3527.48 rows=909 width=121)
	        Recheck Cond: ((id >= 6307884) AND (id <= 6308883))
	        ->  Bitmap Index Scan on sbtest4_pkey  (cost=0.00..29.52 rows=909 width=0)
	              Index Cond: ((id >= 6307884) AND (id <= 6308883))

table 5 : explain SELECT c FROM sbtest5 WHERE id BETWEEN 3989073 AND 3990072 ORDER BY c
	Sort  (cost=4163.30..4165.96 rows=1062 width=121)
	  Sort Key: c
	  ->  Bitmap Heap Scan on sbtest5  (cost=35.32..4109.92 rows=1062 width=121)
	        Recheck Cond: ((id >= 3989073) AND (id <= 3990072))
	        ->  Bitmap Index Scan on sbtest5_pkey  (cost=0.00..35.06 rows=1062 width=0)
	              Index Cond: ((id >= 3989073) AND (id <= 3990072))

table 6 : explain SELECT c FROM sbtest6 WHERE id BETWEEN 3053851 AND 3054850 ORDER BY c
	Sort  (cost=3947.86..3950.37 rows=1006 width=121)
	  Sort Key: c
	  ->  Bitmap Heap Scan on sbtest6  (cost=34.75..3897.69 rows=1006 width=121)
	        Recheck Cond: ((id >= 3053851) AND (id <= 3054850))
	        ->  Bitmap Index Scan on sbtest6_pkey  (cost=0.00..34.50 rows=1006 width=0)
	              Index Cond: ((id >= 3053851) AND (id <= 3054850))

table 7 : explain SELECT c FROM sbtest7 WHERE id BETWEEN 8272832 AND 8273831 ORDER BY c
	Sort  (cost=4277.41..4280.14 rows=1092 width=121)
	  Sort Key: c
	  ->  Bitmap Heap Scan on sbtest7  (cost=35.63..4222.31 rows=1092 width=121)
	        Recheck Cond: ((id >= 8272832) AND (id <= 8273831))
	        ->  Bitmap Index Scan on sbtest7_pkey  (cost=0.00..35.36 rows=1092 width=0)
	              Index Cond: ((id >= 8272832) AND (id <= 8273831))

table 8 : explain SELECT c FROM sbtest8 WHERE id BETWEEN 5916915 AND 5917914 ORDER BY c
	Sort  (cost=3462.05..3464.25 rows=880 width=121)
	  Sort Key: c
	  ->  Bitmap Heap Scan on sbtest8  (cost=29.45..3419.01 rows=880 width=121)
	        Recheck Cond: ((id >= 5916915) AND (id <= 5917914))
	        ->  Bitmap Index Scan on sbtest8_pkey  (cost=0.00..29.23 rows=880 width=0)
	              Index Cond: ((id >= 5916915) AND (id <= 5917914))

for: sum_ranges
table 1 : explain SELECT SUM(k) FROM sbtest1 WHERE id BETWEEN 4034896 AND 4035895
	Aggregate  (cost=3988.08..3988.09 rows=1 width=8)
	  ->  Bitmap Heap Scan on sbtest1  (cost=34.97..3985.51 rows=1028 width=4)
	        Recheck Cond: ((id >= 4034896) AND (id <= 4035895))
	        ->  Bitmap Index Scan on sbtest1_pkey  (cost=0.00..34.72 rows=1028 width=0)
	              Index Cond: ((id >= 4034896) AND (id <= 4035895))

table 2 : explain SELECT SUM(k) FROM sbtest2 WHERE id BETWEEN 9827328 AND 9828327
	Aggregate  (cost=3936.75..3936.76 rows=1 width=8)
	  ->  Bitmap Heap Scan on sbtest2  (cost=34.85..3934.21 rows=1016 width=4)
	        Recheck Cond: ((id >= 9827328) AND (id <= 9828327))
	        ->  Bitmap Index Scan on sbtest2_pkey  (cost=0.00..34.59 rows=1016 width=0)
	              Index Cond: ((id >= 9827328) AND (id <= 9828327))

table 3 : explain SELECT SUM(k) FROM sbtest3 WHERE id BETWEEN 903037 AND 904036
	Aggregate  (cost=3676.16..3676.17 rows=1 width=8)
	  ->  Bitmap Heap Scan on sbtest3  (cost=34.14..3673.80 rows=947 width=4)
	        Recheck Cond: ((id >= 903037) AND (id <= 904036))
	        ->  Bitmap Index Scan on sbtest3_pkey  (cost=0.00..33.91 rows=947 width=0)
	              Index Cond: ((id >= 903037) AND (id <= 904036))

table 4 : explain SELECT SUM(k) FROM sbtest4 WHERE id BETWEEN 5676848 AND 5677847
	Aggregate  (cost=3681.21..3681.22 rows=1 width=8)
	  ->  Bitmap Heap Scan on sbtest4  (cost=34.15..3678.84 rows=948 width=4)
	        Recheck Cond: ((id >= 5676848) AND (id <= 5677847))
	        ->  Bitmap Index Scan on sbtest4_pkey  (cost=0.00..33.92 rows=948 width=0)
	              Index Cond: ((id >= 5676848) AND (id <= 5677847))

table 5 : explain SELECT SUM(k) FROM sbtest5 WHERE id BETWEEN 866201 AND 867200
	Aggregate  (cost=3659.78..3659.79 rows=1 width=8)
	  ->  Bitmap Heap Scan on sbtest5  (cost=34.09..3657.43 rows=942 width=4)
	        Recheck Cond: ((id >= 866201) AND (id <= 867200))
	        ->  Bitmap Index Scan on sbtest5_pkey  (cost=0.00..33.86 rows=942 width=0)
	              Index Cond: ((id >= 866201) AND (id <= 867200))

table 6 : explain SELECT SUM(k) FROM sbtest6 WHERE id BETWEEN 2848227 AND 2849226
	Aggregate  (cost=4190.18..4190.19 rows=1 width=8)
	  ->  Bitmap Heap Scan on sbtest6  (cost=35.54..4187.47 rows=1083 width=4)
	        Recheck Cond: ((id >= 2848227) AND (id <= 2849226))
	        ->  Bitmap Index Scan on sbtest6_pkey  (cost=0.00..35.27 rows=1083 width=0)
	              Index Cond: ((id >= 2848227) AND (id <= 2849226))

table 7 : explain SELECT SUM(k) FROM sbtest7 WHERE id BETWEEN 245962 AND 246961
	Aggregate  (cost=4183.65..4183.66 rows=1 width=8)
	  ->  Bitmap Heap Scan on sbtest7  (cost=35.52..4180.95 rows=1081 width=4)
	        Recheck Cond: ((id >= 245962) AND (id <= 246961))
	        ->  Bitmap Index Scan on sbtest7_pkey  (cost=0.00..35.25 rows=1081 width=0)
	              Index Cond: ((id >= 245962) AND (id <= 246961))

table 8 : explain SELECT SUM(k) FROM sbtest8 WHERE id BETWEEN 7950541 AND 7951540
	Aggregate  (cost=3863.89..3863.90 rows=1 width=8)
	  ->  Bitmap Heap Scan on sbtest8  (cost=34.64..3861.40 rows=996 width=4)
	        Recheck Cond: ((id >= 7950541) AND (id <= 7951540))
	        ->  Bitmap Index Scan on sbtest8_pkey  (cost=0.00..34.40 rows=996 width=0)
	              Index Cond: ((id >= 7950541) AND (id <= 7951540))

for: order_ranges
table 1 : explain SELECT c FROM sbtest1 WHERE id BETWEEN 2287794 AND 2288793 ORDER BY c
	Sort  (cost=3803.09..3805.51 rows=967 width=121)
	  Sort Key: c
	  ->  Bitmap Heap Scan on sbtest1  (cost=34.35..3755.14 rows=967 width=121)
	        Recheck Cond: ((id >= 2287794) AND (id <= 2288793))
	        ->  Bitmap Index Scan on sbtest1_pkey  (cost=0.00..34.11 rows=967 width=0)
	              Index Cond: ((id >= 2287794) AND (id <= 2288793))

table 2 : explain SELECT c FROM sbtest2 WHERE id BETWEEN 7567661 AND 7568660 ORDER BY c
	Sort  (cost=4183.56..4186.23 rows=1068 width=121)
	  Sort Key: c
	  ->  Bitmap Heap Scan on sbtest2  (cost=35.38..4129.84 rows=1068 width=121)
	        Recheck Cond: ((id >= 7567661) AND (id <= 7568660))
	        ->  Bitmap Index Scan on sbtest2_pkey  (cost=0.00..35.12 rows=1068 width=0)
	              Index Cond: ((id >= 7567661) AND (id <= 7568660))

table 3 : explain SELECT c FROM sbtest3 WHERE id BETWEEN 2691981 AND 2692980 ORDER BY c
	Sort  (cost=4503.59..4506.47 rows=1152 width=121)
	  Sort Key: c
	  ->  Bitmap Heap Scan on sbtest3  (cost=40.24..4445.01 rows=1152 width=121)
	        Recheck Cond: ((id >= 2691981) AND (id <= 2692980))
	        ->  Bitmap Index Scan on sbtest3_pkey  (cost=0.00..39.95 rows=1152 width=0)
	              Index Cond: ((id >= 2691981) AND (id <= 2692980))

table 4 : explain SELECT c FROM sbtest4 WHERE id BETWEEN 2436276 AND 2437275 ORDER BY c
	Sort  (cost=4024.26..4026.83 rows=1026 width=121)
	  Sort Key: c
	  ->  Bitmap Heap Scan on sbtest4  (cost=34.95..3972.95 rows=1026 width=121)
	        Recheck Cond: ((id >= 2436276) AND (id <= 2437275))
	        ->  Bitmap Index Scan on sbtest4_pkey  (cost=0.00..34.70 rows=1026 width=0)
	              Index Cond: ((id >= 2436276) AND (id <= 2437275))

table 5 : explain SELECT c FROM sbtest5 WHERE id BETWEEN 1134791 AND 1135790 ORDER BY c
	Sort  (cost=4029.51..4032.07 rows=1027 width=121)
	  Sort Key: c
	  ->  Bitmap Heap Scan on sbtest5  (cost=34.96..3978.14 rows=1027 width=121)
	        Recheck Cond: ((id >= 1134791) AND (id <= 1135790))
	        ->  Bitmap Index Scan on sbtest5_pkey  (cost=0.00..34.70 rows=1027 width=0)
	              Index Cond: ((id >= 1134791) AND (id <= 1135790))

table 6 : explain SELECT c FROM sbtest6 WHERE id BETWEEN 5432971 AND 5433970 ORDER BY c
	Sort  (cost=3940.21..3942.72 rows=1004 width=121)
	  Sort Key: c
	  ->  Bitmap Heap Scan on sbtest6  (cost=34.73..3890.15 rows=1004 width=121)
	        Recheck Cond: ((id >= 5432971) AND (id <= 5433970))
	        ->  Bitmap Index Scan on sbtest6_pkey  (cost=0.00..34.48 rows=1004 width=0)
	              Index Cond: ((id >= 5432971) AND (id <= 5433970))

table 7 : explain SELECT c FROM sbtest7 WHERE id BETWEEN 4507873 AND 4508872 ORDER BY c
	Sort  (cost=4185.78..4188.45 rows=1068 width=121)
	  Sort Key: c
	  ->  Bitmap Heap Scan on sbtest7  (cost=35.38..4132.06 rows=1068 width=121)
	        Recheck Cond: ((id >= 4507873) AND (id <= 4508872))
	        ->  Bitmap Index Scan on sbtest7_pkey  (cost=0.00..35.12 rows=1068 width=0)
	              Index Cond: ((id >= 4507873) AND (id <= 4508872))

table 8 : explain SELECT c FROM sbtest8 WHERE id BETWEEN 264246 AND 265245 ORDER BY c
	Sort  (cost=3972.25..3974.78 rows=1012 width=121)
	  Sort Key: c
	  ->  Bitmap Heap Scan on sbtest8  (cost=34.81..3921.73 rows=1012 width=121)
	        Recheck Cond: ((id >= 264246) AND (id <= 265245))
	        ->  Bitmap Index Scan on sbtest8_pkey  (cost=0.00..34.56 rows=1012 width=0)
	              Index Cond: ((id >= 264246) AND (id <= 265245))

for point_selects
table 1 : explain SELECT c FROM sbtest1 WHERE id=8782093
	Index Scan using sbtest1_pkey on sbtest1  (cost=0.43..8.45 rows=1 width=121)
	  Index Cond: (id = 8782093)

table 2 : explain SELECT c FROM sbtest2 WHERE id=6840152
	Index Scan using sbtest2_pkey on sbtest2  (cost=0.43..8.45 rows=1 width=121)
	  Index Cond: (id = 6840152)

table 3 : explain SELECT c FROM sbtest3 WHERE id=9316633
	Index Scan using sbtest3_pkey on sbtest3  (cost=0.43..8.45 rows=1 width=121)
	  Index Cond: (id = 9316633)

table 4 : explain SELECT c FROM sbtest4 WHERE id=8595964
	Index Scan using sbtest4_pkey on sbtest4  (cost=0.43..8.45 rows=1 width=121)
	  Index Cond: (id = 8595964)

table 5 : explain SELECT c FROM sbtest5 WHERE id=4410253
	Index Scan using sbtest5_pkey on sbtest5  (cost=0.43..8.45 rows=1 width=121)
	  Index Cond: (id = 4410253)

table 6 : explain SELECT c FROM sbtest6 WHERE id=5244650
	Index Scan using sbtest6_pkey on sbtest6  (cost=0.43..8.45 rows=1 width=121)
	  Index Cond: (id = 5244650)

table 7 : explain SELECT c FROM sbtest7 WHERE id=5019908
	Index Scan using sbtest7_pkey on sbtest7  (cost=0.43..8.45 rows=1 width=121)
	  Index Cond: (id = 5019908)

table 8 : explain SELECT c FROM sbtest8 WHERE id=5954699
	Index Scan using sbtest8_pkey on sbtest8  (cost=0.43..8.45 rows=1 width=121)
	  Index Cond: (id = 5954699)

for: order_ranges
table 1 : explain SELECT c FROM sbtest1 WHERE id BETWEEN 5788190 AND 5789189 ORDER BY c
	Sort  (cost=3967.98..3970.51 rows=1010 width=121)
	  Sort Key: c
	  ->  Bitmap Heap Scan on sbtest1  (cost=34.79..3917.58 rows=1010 width=121)
	        Recheck Cond: ((id >= 5788190) AND (id <= 5789189))
	        ->  Bitmap Index Scan on sbtest1_pkey  (cost=0.00..34.54 rows=1010 width=0)
	              Index Cond: ((id >= 5788190) AND (id <= 5789189))

table 2 : explain SELECT c FROM sbtest2 WHERE id BETWEEN 103711 AND 104710 ORDER BY c
	Sort  (cost=4153.03..4155.68 rows=1060 width=121)
	  Sort Key: c
	  ->  Bitmap Heap Scan on sbtest2  (cost=35.30..4099.76 rows=1060 width=121)
	        Recheck Cond: ((id >= 103711) AND (id <= 104710))
	        ->  Bitmap Index Scan on sbtest2_pkey  (cost=0.00..35.04 rows=1060 width=0)
	              Index Cond: ((id >= 103711) AND (id <= 104710))

table 3 : explain SELECT c FROM sbtest3 WHERE id BETWEEN 1608958 AND 1609957 ORDER BY c
	Sort  (cost=4072.50..4075.09 rows=1039 width=121)
	  Sort Key: c
	  ->  Bitmap Heap Scan on sbtest3  (cost=35.08..4020.44 rows=1039 width=121)
	        Recheck Cond: ((id >= 1608958) AND (id <= 1609957))
	        ->  Bitmap Index Scan on sbtest3_pkey  (cost=0.00..34.83 rows=1039 width=0)
	              Index Cond: ((id >= 1608958) AND (id <= 1609957))

table 4 : explain SELECT c FROM sbtest4 WHERE id BETWEEN 7868119 AND 7869118 ORDER BY c
	Sort  (cost=3771.69..3774.09 rows=960 width=121)
	  Sort Key: c
	  ->  Bitmap Heap Scan on sbtest4  (cost=34.28..3724.14 rows=960 width=121)
	        Recheck Cond: ((id >= 7868119) AND (id <= 7869118))
	        ->  Bitmap Index Scan on sbtest4_pkey  (cost=0.00..34.04 rows=960 width=0)
	              Index Cond: ((id >= 7868119) AND (id <= 7869118))

table 5 : explain SELECT c FROM sbtest5 WHERE id BETWEEN 7540678 AND 7541677 ORDER BY c
	Sort  (cost=4018.03..4020.59 rows=1024 width=121)
	  Sort Key: c
	  ->  Bitmap Heap Scan on sbtest5  (cost=34.93..3966.83 rows=1024 width=121)
	        Recheck Cond: ((id >= 7540678) AND (id <= 7541677))
	        ->  Bitmap Index Scan on sbtest5_pkey  (cost=0.00..34.68 rows=1024 width=0)
	              Index Cond: ((id >= 7540678) AND (id <= 7541677))

table 6 : explain SELECT c FROM sbtest6 WHERE id BETWEEN 1853144 AND 1854143 ORDER BY c
	Sort  (cost=3890.47..3892.94 rows=991 width=121)
	  Sort Key: c
	  ->  Bitmap Heap Scan on sbtest6  (cost=34.59..3841.15 rows=991 width=121)
	        Recheck Cond: ((id >= 1853144) AND (id <= 1854143))
	        ->  Bitmap Index Scan on sbtest6_pkey  (cost=0.00..34.34 rows=991 width=0)
	              Index Cond: ((id >= 1853144) AND (id <= 1854143))

table 7 : explain SELECT c FROM sbtest7 WHERE id BETWEEN 5774536 AND 5775535 ORDER BY c
	Sort  (cost=4105.55..4108.16 rows=1047 width=121)
	  Sort Key: c
	  ->  Bitmap Heap Scan on sbtest7  (cost=35.17..4053.03 rows=1047 width=121)
	        Recheck Cond: ((id >= 5774536) AND (id <= 5775535))
	        ->  Bitmap Index Scan on sbtest7_pkey  (cost=0.00..34.91 rows=1047 width=0)
	              Index Cond: ((id >= 5774536) AND (id <= 5775535))

table 8 : explain SELECT c FROM sbtest8 WHERE id BETWEEN 2056060 AND 2057059 ORDER BY c
	Sort  (cost=4060.23..4062.82 rows=1035 width=121)
	  Sort Key: c
	  ->  Bitmap Heap Scan on sbtest8  (cost=35.04..4008.40 rows=1035 width=121)
	        Recheck Cond: ((id >= 2056060) AND (id <= 2057059))
	        ->  Bitmap Index Scan on sbtest8_pkey  (cost=0.00..34.79 rows=1035 width=0)
	              Index Cond: ((id >= 2056060) AND (id <= 2057059))

for: distinct_ranges
table 1 : explain SELECT DISTINCT c FROM sbtest1 WHERE id BETWEEN 845371 AND 846370 ORDER BY c
	Unique  (cost=3941.15..3946.17 rows=1003 width=121)
	  ->  Sort  (cost=3941.15..3943.66 rows=1003 width=121)
	        Sort Key: c
	        ->  Bitmap Heap Scan on sbtest1  (cost=34.72..3891.15 rows=1003 width=121)
	              Recheck Cond: ((id >= 845371) AND (id <= 846370))
	              ->  Bitmap Index Scan on sbtest1_pkey  (cost=0.00..34.47 rows=1003 width=0)
	                    Index Cond: ((id >= 845371) AND (id <= 846370))

table 2 : explain SELECT DISTINCT c FROM sbtest2 WHERE id BETWEEN 4489865 AND 4490864 ORDER BY c
	Unique  (cost=3808.99..3813.84 rows=970 width=121)
	  ->  Sort  (cost=3808.99..3811.41 rows=970 width=121)
	        Sort Key: c
	        ->  Bitmap Heap Scan on sbtest2  (cost=34.38..3760.87 rows=970 width=121)
	              Recheck Cond: ((id >= 4489865) AND (id <= 4490864))
	              ->  Bitmap Index Scan on sbtest2_pkey  (cost=0.00..34.14 rows=970 width=0)
	                    Index Cond: ((id >= 4489865) AND (id <= 4490864))

table 3 : explain SELECT DISTINCT c FROM sbtest3 WHERE id BETWEEN 1094873 AND 1095872 ORDER BY c
	Unique  (cost=3976.98..3982.05 rows=1014 width=121)
	  ->  Sort  (cost=3976.98..3979.51 rows=1014 width=121)
	        Sort Key: c
	        ->  Bitmap Heap Scan on sbtest3  (cost=34.83..3926.35 rows=1014 width=121)
	              Recheck Cond: ((id >= 1094873) AND (id <= 1095872))
	              ->  Bitmap Index Scan on sbtest3_pkey  (cost=0.00..34.58 rows=1014 width=0)
	                    Index Cond: ((id >= 1094873) AND (id <= 1095872))

table 4 : explain SELECT DISTINCT c FROM sbtest4 WHERE id BETWEEN 4286504 AND 4287503 ORDER BY c
	Unique  (cost=3572.15..3576.70 rows=909 width=121)
	  ->  Sort  (cost=3572.15..3574.42 rows=909 width=121)
	        Sort Key: c
	        ->  Bitmap Heap Scan on sbtest4  (cost=29.75..3527.48 rows=909 width=121)
	              Recheck Cond: ((id >= 4286504) AND (id <= 4287503))
	              ->  Bitmap Index Scan on sbtest4_pkey  (cost=0.00..29.52 rows=909 width=0)
	                    Index Cond: ((id >= 4286504) AND (id <= 4287503))

table 5 : explain SELECT DISTINCT c FROM sbtest5 WHERE id BETWEEN 1116393 AND 1117392 ORDER BY c
	Unique  (cost=4029.51..4034.64 rows=1027 width=121)
	  ->  Sort  (cost=4029.51..4032.07 rows=1027 width=121)
	        Sort Key: c
	        ->  Bitmap Heap Scan on sbtest5  (cost=34.96..3978.14 rows=1027 width=121)
	              Recheck Cond: ((id >= 1116393) AND (id <= 1117392))
	              ->  Bitmap Index Scan on sbtest5_pkey  (cost=0.00..34.70 rows=1027 width=0)
	                    Index Cond: ((id >= 1116393) AND (id <= 1117392))

table 6 : explain SELECT DISTINCT c FROM sbtest6 WHERE id BETWEEN 9298642 AND 9299641 ORDER BY c
	Unique  (cost=3583.73..3588.29 rows=912 width=121)
	  ->  Sort  (cost=3583.73..3586.01 rows=912 width=121)
	        Sort Key: c
	        ->  Bitmap Heap Scan on sbtest6  (cost=29.78..3538.89 rows=912 width=121)
	              Recheck Cond: ((id >= 9298642) AND (id <= 9299641))
	              ->  Bitmap Index Scan on sbtest6_pkey  (cost=0.00..29.55 rows=912 width=0)
	                    Index Cond: ((id >= 9298642) AND (id <= 9299641))

table 7 : explain SELECT DISTINCT c FROM sbtest7 WHERE id BETWEEN 8304685 AND 8305684 ORDER BY c
	Unique  (cost=4151.40..4156.70 rows=1059 width=121)
	  ->  Sort  (cost=4151.40..4154.05 rows=1059 width=121)
	        Sort Key: c
	        ->  Bitmap Heap Scan on sbtest7  (cost=35.29..4098.19 rows=1059 width=121)
	              Recheck Cond: ((id >= 8304685) AND (id <= 8305684))
	              ->  Bitmap Index Scan on sbtest7_pkey  (cost=0.00..35.03 rows=1059 width=0)
	                    Index Cond: ((id >= 8304685) AND (id <= 8305684))

table 8 : explain SELECT DISTINCT c FROM sbtest8 WHERE id BETWEEN 3771031 AND 3772030 ORDER BY c
	Unique  (cost=4129.05..4134.31 rows=1053 width=121)
	  ->  Sort  (cost=4129.05..4131.68 rows=1053 width=121)
	        Sort Key: c
	        ->  Bitmap Heap Scan on sbtest8  (cost=35.23..4076.19 rows=1053 width=121)
	              Recheck Cond: ((id >= 3771031) AND (id <= 3772030))
	              ->  Bitmap Index Scan on sbtest8_pkey  (cost=0.00..34.97 rows=1053 width=0)
	                    Index Cond: ((id >= 3771031) AND (id <= 3772030))

for: distinct_ranges
table 1 : explain SELECT DISTINCT c FROM sbtest1 WHERE id BETWEEN 2214020 AND 2215019 ORDER BY c
	Unique  (cost=3803.09..3807.93 rows=967 width=121)
	  ->  Sort  (cost=3803.09..3805.51 rows=967 width=121)
	        Sort Key: c
	        ->  Bitmap Heap Scan on sbtest1  (cost=34.35..3755.14 rows=967 width=121)
	              Recheck Cond: ((id >= 2214020) AND (id <= 2215019))
	              ->  Bitmap Index Scan on sbtest1_pkey  (cost=0.00..34.11 rows=967 width=0)
	                    Index Cond: ((id >= 2214020) AND (id <= 2215019))

table 2 : explain SELECT DISTINCT c FROM sbtest2 WHERE id BETWEEN 5439912 AND 5440911 ORDER BY c
	Unique  (cost=3996.42..4001.51 rows=1019 width=121)
	  ->  Sort  (cost=3996.42..3998.97 rows=1019 width=121)
	        Sort Key: c
	        ->  Bitmap Heap Scan on sbtest2  (cost=34.88..3945.51 rows=1019 width=121)
	              Recheck Cond: ((id >= 5439912) AND (id <= 5440911))
	              ->  Bitmap Index Scan on sbtest2_pkey  (cost=0.00..34.62 rows=1019 width=0)
	                    Index Cond: ((id >= 5439912) AND (id <= 5440911))

table 3 : explain SELECT DISTINCT c FROM sbtest3 WHERE id BETWEEN 6235381 AND 6236380 ORDER BY c
	Unique  (cost=3877.56..3882.50 rows=988 width=121)
	  ->  Sort  (cost=3877.56..3880.03 rows=988 width=121)
	        Sort Key: c
	        ->  Bitmap Heap Scan on sbtest3  (cost=34.56..3828.41 rows=988 width=121)
	              Recheck Cond: ((id >= 6235381) AND (id <= 6236380))
	              ->  Bitmap Index Scan on sbtest3_pkey  (cost=0.00..34.32 rows=988 width=0)
	                    Index Cond: ((id >= 6235381) AND (id <= 6236380))

table 4 : explain SELECT DISTINCT c FROM sbtest4 WHERE id BETWEEN 3968471 AND 3969470 ORDER BY c
	Unique  (cost=3932.48..3937.49 rows=1002 width=121)
	  ->  Sort  (cost=3932.48..3934.98 rows=1002 width=121)
	        Sort Key: c
	        ->  Bitmap Heap Scan on sbtest4  (cost=34.71..3882.54 rows=1002 width=121)
	              Recheck Cond: ((id >= 3968471) AND (id <= 3969470))
	              ->  Bitmap Index Scan on sbtest4_pkey  (cost=0.00..34.45 rows=1002 width=0)
	                    Index Cond: ((id >= 3968471) AND (id <= 3969470))

table 5 : explain SELECT DISTINCT c FROM sbtest5 WHERE id BETWEEN 4710278 AND 4711277 ORDER BY c
	Unique  (cost=3861.10..3866.01 rows=983 width=121)
	  ->  Sort  (cost=3861.10..3863.56 rows=983 width=121)
	        Sort Key: c
	        ->  Bitmap Heap Scan on sbtest5  (cost=34.51..3812.24 rows=983 width=121)
	              Recheck Cond: ((id >= 4710278) AND (id <= 4711277))
	              ->  Bitmap Index Scan on sbtest5_pkey  (cost=0.00..34.27 rows=983 width=0)
	                    Index Cond: ((id >= 4710278) AND (id <= 4711277))

table 6 : explain SELECT DISTINCT c FROM sbtest6 WHERE id BETWEEN 1699586 AND 1700585 ORDER BY c
	Unique  (cost=4096.96..4102.18 rows=1045 width=121)
	  ->  Sort  (cost=4096.96..4099.57 rows=1045 width=121)
	        Sort Key: c
	        ->  Bitmap Heap Scan on sbtest6  (cost=35.15..4044.56 rows=1045 width=121)
	              Recheck Cond: ((id >= 1699586) AND (id <= 1700585))
	              ->  Bitmap Index Scan on sbtest6_pkey  (cost=0.00..34.89 rows=1045 width=0)
	                    Index Cond: ((id >= 1699586) AND (id <= 1700585))

table 7 : explain SELECT DISTINCT c FROM sbtest7 WHERE id BETWEEN 1019359 AND 1020358 ORDER BY c
	Unique  (cost=3826.23..3831.10 rows=974 width=121)
	  ->  Sort  (cost=3826.23..3828.67 rows=974 width=121)
	        Sort Key: c
	        ->  Bitmap Heap Scan on sbtest7  (cost=34.42..3777.89 rows=974 width=121)
	              Recheck Cond: ((id >= 1019359) AND (id <= 1020358))
	              ->  Bitmap Index Scan on sbtest7_pkey  (cost=0.00..34.18 rows=974 width=0)
	                    Index Cond: ((id >= 1019359) AND (id <= 1020358))

table 8 : explain SELECT DISTINCT c FROM sbtest8 WHERE id BETWEEN 6079167 AND 6080166 ORDER BY c
	Unique  (cost=3956.94..3961.98 rows=1008 width=121)
	  ->  Sort  (cost=3956.94..3959.46 rows=1008 width=121)
	        Sort Key: c
	        ->  Bitmap Heap Scan on sbtest8  (cost=34.77..3906.65 rows=1008 width=121)
	              Recheck Cond: ((id >= 6079167) AND (id <= 6080166))
	              ->  Bitmap Index Scan on sbtest8_pkey  (cost=0.00..34.52 rows=1008 width=0)
	                    Index Cond: ((id >= 6079167) AND (id <= 6080166))

for: distinct_ranges
table 1 : explain SELECT DISTINCT c FROM sbtest1 WHERE id BETWEEN 7018047 AND 7019046 ORDER BY c
	Unique  (cost=3875.98..3880.91 rows=986 width=121)
	  ->  Sort  (cost=3875.98..3878.44 rows=986 width=121)
	        Sort Key: c
	        ->  Bitmap Heap Scan on sbtest1  (cost=34.54..3826.95 rows=986 width=121)
	              Recheck Cond: ((id >= 7018047) AND (id <= 7019046))
	              ->  Bitmap Index Scan on sbtest1_pkey  (cost=0.00..34.30 rows=986 width=0)
	                    Index Cond: ((id >= 7018047) AND (id <= 7019046))

table 2 : explain SELECT DISTINCT c FROM sbtest2 WHERE id BETWEEN 3896993 AND 3897992 ORDER BY c
	Unique  (cost=4160.66..4165.97 rows=1062 width=121)
	  ->  Sort  (cost=4160.66..4163.32 rows=1062 width=121)
	        Sort Key: c
	        ->  Bitmap Heap Scan on sbtest2  (cost=35.32..4107.28 rows=1062 width=121)
	              Recheck Cond: ((id >= 3896993) AND (id <= 3897992))
	              ->  Bitmap Index Scan on sbtest2_pkey  (cost=0.00..35.06 rows=1062 width=0)
	                    Index Cond: ((id >= 3896993) AND (id <= 3897992))

table 3 : explain SELECT DISTINCT c FROM sbtest3 WHERE id BETWEEN 5221321 AND 5222320 ORDER BY c
	Unique  (cost=3965.51..3970.57 rows=1011 width=121)
	  ->  Sort  (cost=3965.51..3968.04 rows=1011 width=121)
	        Sort Key: c
	        ->  Bitmap Heap Scan on sbtest3  (cost=34.80..3915.05 rows=1011 width=121)
	              Recheck Cond: ((id >= 5221321) AND (id <= 5222320))
	              ->  Bitmap Index Scan on sbtest3_pkey  (cost=0.00..34.55 rows=1011 width=0)
	                    Index Cond: ((id >= 5221321) AND (id <= 5222320))

table 4 : explain SELECT DISTINCT c FROM sbtest4 WHERE id BETWEEN 8735627 AND 8736626 ORDER BY c
	Unique  (cost=3741.04..3745.80 rows=952 width=121)
	  ->  Sort  (cost=3741.04..3743.42 rows=952 width=121)
	        Sort Key: c
	        ->  Bitmap Heap Scan on sbtest4  (cost=34.19..3693.94 rows=952 width=121)
	              Recheck Cond: ((id >= 8735627) AND (id <= 8736626))
	              ->  Bitmap Index Scan on sbtest4_pkey  (cost=0.00..33.95 rows=952 width=0)
	                    Index Cond: ((id >= 8735627) AND (id <= 8736626))

table 5 : explain SELECT DISTINCT c FROM sbtest5 WHERE id BETWEEN 4921308 AND 4922307 ORDER BY c
	Unique  (cost=4083.04..4088.25 rows=1041 width=121)
	  ->  Sort  (cost=4083.04..4085.65 rows=1041 width=121)
	        Sort Key: c
	        ->  Bitmap Heap Scan on sbtest5  (cost=35.11..4030.87 rows=1041 width=121)
	              Recheck Cond: ((id >= 4921308) AND (id <= 4922307))
	              ->  Bitmap Index Scan on sbtest5_pkey  (cost=0.00..34.84 rows=1041 width=0)
	                    Index Cond: ((id >= 4921308) AND (id <= 4922307))

table 6 : explain SELECT DISTINCT c FROM sbtest6 WHERE id BETWEEN 8762032 AND 8763031 ORDER BY c
	Unique  (cost=3671.95..3676.62 rows=935 width=121)
	  ->  Sort  (cost=3671.95..3674.29 rows=935 width=121)
	        Sort Key: c
	        ->  Bitmap Heap Scan on sbtest6  (cost=30.02..3625.81 rows=935 width=121)
	              Recheck Cond: ((id >= 8762032) AND (id <= 8763031))
	              ->  Bitmap Index Scan on sbtest6_pkey  (cost=0.00..29.79 rows=935 width=0)
	                    Index Cond: ((id >= 8762032) AND (id <= 8763031))

table 7 : explain SELECT DISTINCT c FROM sbtest7 WHERE id BETWEEN 9023505 AND 9024504 ORDER BY c
	Unique  (cost=3971.71..3976.77 rows=1012 width=121)
	  ->  Sort  (cost=3971.71..3974.24 rows=1012 width=121)
	        Sort Key: c
	        ->  Bitmap Heap Scan on sbtest7  (cost=34.81..3921.20 rows=1012 width=121)
	              Recheck Cond: ((id >= 9023505) AND (id <= 9024504))
	              ->  Bitmap Index Scan on sbtest7_pkey  (cost=0.00..34.56 rows=1012 width=0)
	                    Index Cond: ((id >= 9023505) AND (id <= 9024504))

table 8 : explain SELECT DISTINCT c FROM sbtest8 WHERE id BETWEEN 7432958 AND 7433957 ORDER BY c
	Unique  (cost=3803.75..3808.59 rows=968 width=121)
	  ->  Sort  (cost=3803.75..3806.17 rows=968 width=121)
	        Sort Key: c
	        ->  Bitmap Heap Scan on sbtest8  (cost=34.36..3755.74 rows=968 width=121)
	              Recheck Cond: ((id >= 7432958) AND (id <= 7433957))
	              ->  Bitmap Index Scan on sbtest8_pkey  (cost=0.00..34.12 rows=968 width=0)
	                    Index Cond: ((id >= 7432958) AND (id <= 7433957))

for: distinct_ranges
table 1 : explain SELECT DISTINCT c FROM sbtest1 WHERE id BETWEEN 5724612 AND 5725611 ORDER BY c
	Unique  (cost=3757.04..3761.81 rows=955 width=121)
	  ->  Sort  (cost=3757.04..3759.43 rows=955 width=121)
	        Sort Key: c
	        ->  Bitmap Heap Scan on sbtest1  (cost=34.22..3709.77 rows=955 width=121)
	              Recheck Cond: ((id >= 5724612) AND (id <= 5725611))
	              ->  Bitmap Index Scan on sbtest1_pkey  (cost=0.00..33.98 rows=955 width=0)
	                    Index Cond: ((id >= 5724612) AND (id <= 5725611))

table 2 : explain SELECT DISTINCT c FROM sbtest2 WHERE id BETWEEN 8419132 AND 8420131 ORDER BY c
	Unique  (cost=3740.06..3744.82 rows=952 width=121)
	  ->  Sort  (cost=3740.06..3742.44 rows=952 width=121)
	        Sort Key: c
	        ->  Bitmap Heap Scan on sbtest2  (cost=34.19..3692.96 rows=952 width=121)
	              Recheck Cond: ((id >= 8419132) AND (id <= 8420131))
	              ->  Bitmap Index Scan on sbtest2_pkey  (cost=0.00..33.95 rows=952 width=0)
	                    Index Cond: ((id >= 8419132) AND (id <= 8420131))

table 3 : explain SELECT DISTINCT c FROM sbtest3 WHERE id BETWEEN 3841295 AND 3842294 ORDER BY c
	Unique  (cost=4007.55..4012.66 rows=1022 width=121)
	  ->  Sort  (cost=4007.55..4010.11 rows=1022 width=121)
	        Sort Key: c
	        ->  Bitmap Heap Scan on sbtest3  (cost=34.91..3956.47 rows=1022 width=121)
	              Recheck Cond: ((id >= 3841295) AND (id <= 3842294))
	              ->  Bitmap Index Scan on sbtest3_pkey  (cost=0.00..34.66 rows=1022 width=0)
	                    Index Cond: ((id >= 3841295) AND (id <= 3842294))

table 4 : explain SELECT DISTINCT c FROM sbtest4 WHERE id BETWEEN 7062678 AND 7063677 ORDER BY c
	Unique  (cost=4207.62..4212.99 rows=1074 width=121)
	  ->  Sort  (cost=4207.62..4210.31 rows=1074 width=121)
	        Sort Key: c
	        ->  Bitmap Heap Scan on sbtest4  (cost=35.44..4153.55 rows=1074 width=121)
	              Recheck Cond: ((id >= 7062678) AND (id <= 7063677))
	              ->  Bitmap Index Scan on sbtest4_pkey  (cost=0.00..35.18 rows=1074 width=0)
	                    Index Cond: ((id >= 7062678) AND (id <= 7063677))

table 5 : explain SELECT DISTINCT c FROM sbtest5 WHERE id BETWEEN 9492674 AND 9493673 ORDER BY c
	Unique  (cost=3542.62..3547.12 rows=901 width=121)
	  ->  Sort  (cost=3542.62..3544.87 rows=901 width=121)
	        Sort Key: c
	        ->  Bitmap Heap Scan on sbtest5  (cost=29.67..3498.40 rows=901 width=121)
	              Recheck Cond: ((id >= 9492674) AND (id <= 9493673))
	              ->  Bitmap Index Scan on sbtest5_pkey  (cost=0.00..29.44 rows=901 width=0)
	                    Index Cond: ((id >= 9492674) AND (id <= 9493673))

table 6 : explain SELECT DISTINCT c FROM sbtest6 WHERE id BETWEEN 2529417 AND 2530416 ORDER BY c
	Unique  (cost=3687.45..3692.14 rows=938 width=121)
	  ->  Sort  (cost=3687.45..3689.80 rows=938 width=121)
	        Sort Key: c
	        ->  Bitmap Heap Scan on sbtest6  (cost=34.05..3641.14 rows=938 width=121)
	              Recheck Cond: ((id >= 2529417) AND (id <= 2530416))
	              ->  Bitmap Index Scan on sbtest6_pkey  (cost=0.00..33.82 rows=938 width=0)
	                    Index Cond: ((id >= 2529417) AND (id <= 2530416))

table 7 : explain SELECT DISTINCT c FROM sbtest7 WHERE id BETWEEN 3607181 AND 3608180 ORDER BY c
	Unique  (cost=3845.39..3850.28 rows=979 width=121)
	  ->  Sort  (cost=3845.39..3847.83 rows=979 width=121)
	        Sort Key: c
	        ->  Bitmap Heap Scan on sbtest7  (cost=34.47..3796.75 rows=979 width=121)
	              Recheck Cond: ((id >= 3607181) AND (id <= 3608180))
	              ->  Bitmap Index Scan on sbtest7_pkey  (cost=0.00..34.23 rows=979 width=0)
	                    Index Cond: ((id >= 3607181) AND (id <= 3608180))

table 8 : explain SELECT DISTINCT c FROM sbtest8 WHERE id BETWEEN 7297692 AND 7298691 ORDER BY c
	Unique  (cost=3761.59..3766.38 rows=957 width=121)
	  ->  Sort  (cost=3761.59..3763.98 rows=957 width=121)
	        Sort Key: c
	        ->  Bitmap Heap Scan on sbtest8  (cost=34.24..3714.21 rows=957 width=121)
	              Recheck Cond: ((id >= 7297692) AND (id <= 7298691))
	              ->  Bitmap Index Scan on sbtest8_pkey  (cost=0.00..34.01 rows=957 width=0)
	                    Index Cond: ((id >= 7297692) AND (id <= 7298691))

for: distinct_ranges
table 1 : explain SELECT DISTINCT c FROM sbtest1 WHERE id BETWEEN 6082174 AND 6083173 ORDER BY c
	Unique  (cost=4029.28..4034.41 rows=1026 width=121)
	  ->  Sort  (cost=4029.28..4031.84 rows=1026 width=121)
	        Sort Key: c
	        ->  Bitmap Heap Scan on sbtest1  (cost=34.95..3977.96 rows=1026 width=121)
	              Recheck Cond: ((id >= 6082174) AND (id <= 6083173))
	              ->  Bitmap Index Scan on sbtest1_pkey  (cost=0.00..34.70 rows=1026 width=0)
	                    Index Cond: ((id >= 6082174) AND (id <= 6083173))

table 2 : explain SELECT DISTINCT c FROM sbtest2 WHERE id BETWEEN 6687621 AND 6688620 ORDER BY c
	Unique  (cost=3624.93..3629.55 rows=923 width=121)
	  ->  Sort  (cost=3624.93..3627.24 rows=923 width=121)
	        Sort Key: c
	        ->  Bitmap Heap Scan on sbtest2  (cost=29.90..3579.47 rows=923 width=121)
	              Recheck Cond: ((id >= 6687621) AND (id <= 6688620))
	              ->  Bitmap Index Scan on sbtest2_pkey  (cost=0.00..29.66 rows=923 width=0)
	                    Index Cond: ((id >= 6687621) AND (id <= 6688620))

table 3 : explain SELECT DISTINCT c FROM sbtest3 WHERE id BETWEEN 8679806 AND 8680805 ORDER BY c
	Unique  (cost=3938.75..3943.77 rows=1004 width=121)
	  ->  Sort  (cost=3938.75..3941.26 rows=1004 width=121)
	        Sort Key: c
	        ->  Bitmap Heap Scan on sbtest3  (cost=34.73..3888.69 rows=1004 width=121)
	              Recheck Cond: ((id >= 8679806) AND (id <= 8680805))
	              ->  Bitmap Index Scan on sbtest3_pkey  (cost=0.00..34.48 rows=1004 width=0)
	                    Index Cond: ((id >= 8679806) AND (id <= 8680805))

table 4 : explain SELECT DISTINCT c FROM sbtest4 WHERE id BETWEEN 3758842 AND 3759841 ORDER BY c
	Unique  (cost=3787.01..3791.83 rows=964 width=121)
	  ->  Sort  (cost=3787.01..3789.42 rows=964 width=121)
	        Sort Key: c
	        ->  Bitmap Heap Scan on sbtest4  (cost=34.32..3739.23 rows=964 width=121)
	              Recheck Cond: ((id >= 3758842) AND (id <= 3759841))
	              ->  Bitmap Index Scan on sbtest4_pkey  (cost=0.00..34.08 rows=964 width=0)
	                    Index Cond: ((id >= 3758842) AND (id <= 3759841))

table 5 : explain SELECT DISTINCT c FROM sbtest5 WHERE id BETWEEN 6373934 AND 6374933 ORDER BY c
	Unique  (cost=3891.74..3896.69 rows=991 width=121)
	  ->  Sort  (cost=3891.74..3894.21 rows=991 width=121)
	        Sort Key: c
	        ->  Bitmap Heap Scan on sbtest5  (cost=34.59..3842.42 rows=991 width=121)
	              Recheck Cond: ((id >= 6373934) AND (id <= 6374933))
	              ->  Bitmap Index Scan on sbtest5_pkey  (cost=0.00..34.34 rows=991 width=0)
	                    Index Cond: ((id >= 6373934) AND (id <= 6374933))

table 6 : explain SELECT DISTINCT c FROM sbtest6 WHERE id BETWEEN 3174324 AND 3175323 ORDER BY c
	Unique  (cost=4154.26..4159.56 rows=1060 width=121)
	  ->  Sort  (cost=4154.26..4156.91 rows=1060 width=121)
	        Sort Key: c
	        ->  Bitmap Heap Scan on sbtest6  (cost=35.30..4100.99 rows=1060 width=121)
	              Recheck Cond: ((id >= 3174324) AND (id <= 3175323))
	              ->  Bitmap Index Scan on sbtest6_pkey  (cost=0.00..35.04 rows=1060 width=0)
	                    Index Cond: ((id >= 3174324) AND (id <= 3175323))

table 7 : explain SELECT DISTINCT c FROM sbtest7 WHERE id BETWEEN 8701230 AND 8702229 ORDER BY c
	Unique  (cost=3967.88..3972.94 rows=1011 width=121)
	  ->  Sort  (cost=3967.88..3970.41 rows=1011 width=121)
	        Sort Key: c
	        ->  Bitmap Heap Scan on sbtest7  (cost=34.80..3917.43 rows=1011 width=121)
	              Recheck Cond: ((id >= 8701230) AND (id <= 8702229))
	              ->  Bitmap Index Scan on sbtest7_pkey  (cost=0.00..34.55 rows=1011 width=0)
	                    Index Cond: ((id >= 8701230) AND (id <= 8702229))

table 8 : explain SELECT DISTINCT c FROM sbtest8 WHERE id BETWEEN 4042434 AND 4043433 ORDER BY c
	Unique  (cost=3918.66..3923.65 rows=998 width=121)
	  ->  Sort  (cost=3918.66..3921.16 rows=998 width=121)
	        Sort Key: c
	        ->  Bitmap Heap Scan on sbtest8  (cost=34.66..3868.95 rows=998 width=121)
	              Recheck Cond: ((id >= 4042434) AND (id <= 4043433))
	              ->  Bitmap Index Scan on sbtest8_pkey  (cost=0.00..34.42 rows=998 width=0)
	                    Index Cond: ((id >= 4042434) AND (id <= 4043433))

for: order_ranges
table 1 : explain SELECT c FROM sbtest1 WHERE id BETWEEN 1801644 AND 1802643 ORDER BY c
	Sort  (cost=3814.60..3817.03 rows=970 width=121)
	  Sort Key: c
	  ->  Bitmap Heap Scan on sbtest1  (cost=34.38..3766.48 rows=970 width=121)
	        Recheck Cond: ((id >= 1801644) AND (id <= 1802643))
	        ->  Bitmap Index Scan on sbtest1_pkey  (cost=0.00..34.14 rows=970 width=0)
	              Index Cond: ((id >= 1801644) AND (id <= 1802643))

table 2 : explain SELECT c FROM sbtest2 WHERE id BETWEEN 7804041 AND 7805040 ORDER BY c
	Sort  (cost=3628.76..3631.07 rows=924 width=121)
	  Sort Key: c
	  ->  Bitmap Heap Scan on sbtest2  (cost=29.91..3583.25 rows=924 width=121)
	        Recheck Cond: ((id >= 7804041) AND (id <= 7805040))
	        ->  Bitmap Index Scan on sbtest2_pkey  (cost=0.00..29.68 rows=924 width=0)
	              Index Cond: ((id >= 7804041) AND (id <= 7805040))

table 3 : explain SELECT c FROM sbtest3 WHERE id BETWEEN 8909159 AND 8910158 ORDER BY c
	Sort  (cost=3390.56..3392.72 rows=862 width=121)
	  Sort Key: c
	  ->  Bitmap Heap Scan on sbtest3  (cost=29.27..3348.53 rows=862 width=121)
	        Recheck Cond: ((id >= 8909159) AND (id <= 8910158))
	        ->  Bitmap Index Scan on sbtest3_pkey  (cost=0.00..29.05 rows=862 width=0)
	              Index Cond: ((id >= 8909159) AND (id <= 8910158))

table 4 : explain SELECT c FROM sbtest4 WHERE id BETWEEN 2617077 AND 2618076 ORDER BY c
	Sort  (cost=3855.94..3858.39 rows=982 width=121)
	  Sort Key: c
	  ->  Bitmap Heap Scan on sbtest4  (cost=34.50..3807.14 rows=982 width=121)
	        Recheck Cond: ((id >= 2617077) AND (id <= 2618076))
	        ->  Bitmap Index Scan on sbtest4_pkey  (cost=0.00..34.26 rows=982 width=0)
	              Index Cond: ((id >= 2617077) AND (id <= 2618076))

table 5 : explain SELECT c FROM sbtest5 WHERE id BETWEEN 4196878 AND 4197877 ORDER BY c
	Sort  (cost=3991.25..3993.79 rows=1017 width=121)
	  Sort Key: c
	  ->  Bitmap Heap Scan on sbtest5  (cost=34.86..3940.45 rows=1017 width=121)
	        Recheck Cond: ((id >= 4196878) AND (id <= 4197877))
	        ->  Bitmap Index Scan on sbtest5_pkey  (cost=0.00..34.61 rows=1017 width=0)
	              Index Cond: ((id >= 4196878) AND (id <= 4197877))

table 6 : explain SELECT c FROM sbtest6 WHERE id BETWEEN 693102 AND 694101 ORDER BY c
	Sort  (cost=3867.50..3869.96 rows=985 width=121)
	  Sort Key: c
	  ->  Bitmap Heap Scan on sbtest6  (cost=34.53..3818.53 rows=985 width=121)
	        Recheck Cond: ((id >= 693102) AND (id <= 694101))
	        ->  Bitmap Index Scan on sbtest6_pkey  (cost=0.00..34.29 rows=985 width=0)
	              Index Cond: ((id >= 693102) AND (id <= 694101))

table 7 : explain SELECT c FROM sbtest7 WHERE id BETWEEN 9564823 AND 9565822 ORDER BY c
	Sort  (cost=3944.92..3947.44 rows=1005 width=121)
	  Sort Key: c
	  ->  Bitmap Heap Scan on sbtest7  (cost=34.74..3894.81 rows=1005 width=121)
	        Recheck Cond: ((id >= 9564823) AND (id <= 9565822))
	        ->  Bitmap Index Scan on sbtest7_pkey  (cost=0.00..34.48 rows=1005 width=0)
	              Index Cond: ((id >= 9564823) AND (id <= 9565822))

table 8 : explain SELECT c FROM sbtest8 WHERE id BETWEEN 8555803 AND 8556802 ORDER BY c
	Sort  (cost=3822.91..3825.34 rows=973 width=121)
	  Sort Key: c
	  ->  Bitmap Heap Scan on sbtest8  (cost=34.41..3774.62 rows=973 width=121)
	        Recheck Cond: ((id >= 8555803) AND (id <= 8556802))
	        ->  Bitmap Index Scan on sbtest8_pkey  (cost=0.00..34.17 rows=973 width=0)
	              Index Cond: ((id >= 8555803) AND (id <= 8556802))

for: sum_ranges
table 1 : explain SELECT SUM(k) FROM sbtest1 WHERE id BETWEEN 937908 AND 938907
	Aggregate  (cost=3829.41..3829.42 rows=1 width=8)
	  ->  Bitmap Heap Scan on sbtest1  (cost=34.54..3826.95 rows=986 width=4)
	        Recheck Cond: ((id >= 937908) AND (id <= 938907))
	        ->  Bitmap Index Scan on sbtest1_pkey  (cost=0.00..34.30 rows=986 width=0)
	              Index Cond: ((id >= 937908) AND (id <= 938907))

table 2 : explain SELECT SUM(k) FROM sbtest2 WHERE id BETWEEN 2478581 AND 2479580
	Aggregate  (cost=3631.13..3631.14 rows=1 width=8)
	  ->  Bitmap Heap Scan on sbtest2  (cost=34.02..3628.79 rows=935 width=4)
	        Recheck Cond: ((id >= 2478581) AND (id <= 2479580))
	        ->  Bitmap Index Scan on sbtest2_pkey  (cost=0.00..33.79 rows=935 width=0)
	              Index Cond: ((id >= 2478581) AND (id <= 2479580))

table 3 : explain SELECT SUM(k) FROM sbtest3 WHERE id BETWEEN 668862 AND 669861
	Aggregate  (cost=3668.61..3668.62 rows=1 width=8)
	  ->  Bitmap Heap Scan on sbtest3  (cost=34.12..3666.25 rows=945 width=4)
	        Recheck Cond: ((id >= 668862) AND (id <= 669861))
	        ->  Bitmap Index Scan on sbtest3_pkey  (cost=0.00..33.89 rows=945 width=0)
	              Index Cond: ((id >= 668862) AND (id <= 669861))

table 4 : explain SELECT SUM(k) FROM sbtest4 WHERE id BETWEEN 6411082 AND 6412081
	Aggregate  (cost=4111.08..4111.09 rows=1 width=8)
	  ->  Bitmap Heap Scan on sbtest4  (cost=35.32..4108.43 rows=1062 width=4)
	        Recheck Cond: ((id >= 6411082) AND (id <= 6412081))
	        ->  Bitmap Index Scan on sbtest4_pkey  (cost=0.00..35.06 rows=1062 width=0)
	              Index Cond: ((id >= 6411082) AND (id <= 6412081))

table 5 : explain SELECT SUM(k) FROM sbtest5 WHERE id BETWEEN 307239 AND 308238
	Aggregate  (cost=4138.94..4138.95 rows=1 width=8)
	  ->  Bitmap Heap Scan on sbtest5  (cost=35.39..4136.26 rows=1069 width=4)
	        Recheck Cond: ((id >= 307239) AND (id <= 308238))
	        ->  Bitmap Index Scan on sbtest5_pkey  (cost=0.00..35.12 rows=1069 width=0)
	              Index Cond: ((id >= 307239) AND (id <= 308238))

table 6 : explain SELECT SUM(k) FROM sbtest6 WHERE id BETWEEN 6724660 AND 6725659
	Aggregate  (cost=3862.49..3862.50 rows=1 width=8)
	  ->  Bitmap Heap Scan on sbtest6  (cost=34.64..3860.00 rows=996 width=4)
	        Recheck Cond: ((id >= 6724660) AND (id <= 6725659))
	        ->  Bitmap Index Scan on sbtest6_pkey  (cost=0.00..34.40 rows=996 width=0)
	              Index Cond: ((id >= 6724660) AND (id <= 6725659))

table 7 : explain SELECT SUM(k) FROM sbtest7 WHERE id BETWEEN 1368195 AND 1369194
	Aggregate  (cost=3863.37..3863.38 rows=1 width=8)
	  ->  Bitmap Heap Scan on sbtest7  (cost=34.64..3860.88 rows=996 width=4)
	        Recheck Cond: ((id >= 1368195) AND (id <= 1369194))
	        ->  Bitmap Index Scan on sbtest7_pkey  (cost=0.00..34.40 rows=996 width=0)
	              Index Cond: ((id >= 1368195) AND (id <= 1369194))

table 8 : explain SELECT SUM(k) FROM sbtest8 WHERE id BETWEEN 1476771 AND 1477770
	Aggregate  (cost=4131.54..4131.55 rows=1 width=8)
	  ->  Bitmap Heap Scan on sbtest8  (cost=35.37..4128.88 rows=1067 width=4)
	        Recheck Cond: ((id >= 1476771) AND (id <= 1477770))
	        ->  Bitmap Index Scan on sbtest8_pkey  (cost=0.00..35.11 rows=1067 width=0)
	              Index Cond: ((id >= 1476771) AND (id <= 1477770))

for: simple_ranges
table 1 : explain SELECT c FROM sbtest1 WHERE id BETWEEN 9526130 AND 9527129
	Bitmap Heap Scan on sbtest1  (cost=35.21..4072.25 rows=1051 width=121)
	  Recheck Cond: ((id >= 9526130) AND (id <= 9527129))
	  ->  Bitmap Index Scan on sbtest1_pkey  (cost=0.00..34.95 rows=1051 width=0)
	        Index Cond: ((id >= 9526130) AND (id <= 9527129))

table 2 : explain SELECT c FROM sbtest2 WHERE id BETWEEN 5539684 AND 5540683
	Bitmap Heap Scan on sbtest2  (cost=35.17..4050.87 rows=1047 width=121)
	  Recheck Cond: ((id >= 5539684) AND (id <= 5540683))
	  ->  Bitmap Index Scan on sbtest2_pkey  (cost=0.00..34.91 rows=1047 width=0)
	        Index Cond: ((id >= 5539684) AND (id <= 5540683))

table 3 : explain SELECT c FROM sbtest3 WHERE id BETWEEN 7410504 AND 7411503
	Bitmap Heap Scan on sbtest3  (cost=30.06..3639.60 rows=939 width=121)
	  Recheck Cond: ((id >= 7410504) AND (id <= 7411503))
	  ->  Bitmap Index Scan on sbtest3_pkey  (cost=0.00..29.82 rows=939 width=0)
	        Index Cond: ((id >= 7410504) AND (id <= 7411503))

table 4 : explain SELECT c FROM sbtest4 WHERE id BETWEEN 8872192 AND 8873191
	Bitmap Heap Scan on sbtest4  (cost=34.12..3667.51 rows=945 width=121)
	  Recheck Cond: ((id >= 8872192) AND (id <= 8873191))
	  ->  Bitmap Index Scan on sbtest4_pkey  (cost=0.00..33.89 rows=945 width=0)
	        Index Cond: ((id >= 8872192) AND (id <= 8873191))

table 5 : explain SELECT c FROM sbtest5 WHERE id BETWEEN 7858684 AND 7859683
	Bitmap Heap Scan on sbtest5  (cost=35.40..4140.03 rows=1070 width=121)
	  Recheck Cond: ((id >= 7858684) AND (id <= 7859683))
	  ->  Bitmap Index Scan on sbtest5_pkey  (cost=0.00..35.14 rows=1070 width=0)
	        Index Cond: ((id >= 7858684) AND (id <= 7859683))

table 6 : explain SELECT c FROM sbtest6 WHERE id BETWEEN 3238114 AND 3239113
	Bitmap Heap Scan on sbtest6  (cost=35.30..4100.99 rows=1060 width=121)
	  Recheck Cond: ((id >= 3238114) AND (id <= 3239113))
	  ->  Bitmap Index Scan on sbtest6_pkey  (cost=0.00..35.04 rows=1060 width=0)
	        Index Cond: ((id >= 3238114) AND (id <= 3239113))

table 7 : explain SELECT c FROM sbtest7 WHERE id BETWEEN 8155690 AND 8156689
	Bitmap Heap Scan on sbtest7  (cost=35.39..4135.82 rows=1069 width=121)
	  Recheck Cond: ((id >= 8155690) AND (id <= 8156689))
	  ->  Bitmap Index Scan on sbtest7_pkey  (cost=0.00..35.12 rows=1069 width=0)
	        Index Cond: ((id >= 8155690) AND (id <= 8156689))

table 8 : explain SELECT c FROM sbtest8 WHERE id BETWEEN 3676773 AND 3677772
	Bitmap Heap Scan on sbtest8  (cost=34.63..3857.63 rows=995 width=121)
	  Recheck Cond: ((id >= 3676773) AND (id <= 3677772))
	  ->  Bitmap Index Scan on sbtest8_pkey  (cost=0.00..34.39 rows=995 width=0)
	        Index Cond: ((id >= 3676773) AND (id <= 3677772))

for: simple_ranges
table 1 : explain SELECT c FROM sbtest1 WHERE id BETWEEN 1354068 AND 1355067
	Bitmap Heap Scan on sbtest1  (cost=34.43..3785.38 rows=975 width=121)
	  Recheck Cond: ((id >= 1354068) AND (id <= 1355067))
	  ->  Bitmap Index Scan on sbtest1_pkey  (cost=0.00..34.19 rows=975 width=0)
	        Index Cond: ((id >= 1354068) AND (id <= 1355067))

table 2 : explain SELECT c FROM sbtest2 WHERE id BETWEEN 4955241 AND 4956240
	Bitmap Heap Scan on sbtest2  (cost=34.87..3941.74 rows=1018 width=121)
	  Recheck Cond: ((id >= 4955241) AND (id <= 4956240))
	  ->  Bitmap Index Scan on sbtest2_pkey  (cost=0.00..34.62 rows=1018 width=0)
	        Index Cond: ((id >= 4955241) AND (id <= 4956240))

table 3 : explain SELECT c FROM sbtest3 WHERE id BETWEEN 4988997 AND 4989996
	Bitmap Heap Scan on sbtest3  (cost=35.90..4317.26 rows=1119 width=121)
	  Recheck Cond: ((id >= 4988997) AND (id <= 4989996))
	  ->  Bitmap Index Scan on sbtest3_pkey  (cost=0.00..35.62 rows=1119 width=0)
	        Index Cond: ((id >= 4988997) AND (id <= 4989996))

table 4 : explain SELECT c FROM sbtest4 WHERE id BETWEEN 112305 AND 113304
	Bitmap Heap Scan on sbtest4  (cost=35.53..4183.63 rows=1082 width=121)
	  Recheck Cond: ((id >= 112305) AND (id <= 113304))
	  ->  Bitmap Index Scan on sbtest4_pkey  (cost=0.00..35.26 rows=1082 width=0)
	        Index Cond: ((id >= 112305) AND (id <= 113304))

table 5 : explain SELECT c FROM sbtest5 WHERE id BETWEEN 2845815 AND 2846814
	Bitmap Heap Scan on sbtest5  (cost=34.88..3947.99 rows=1019 width=121)
	  Recheck Cond: ((id >= 2845815) AND (id <= 2846814))
	  ->  Bitmap Index Scan on sbtest5_pkey  (cost=0.00..34.62 rows=1019 width=0)
	        Index Cond: ((id >= 2845815) AND (id <= 2846814))

table 6 : explain SELECT c FROM sbtest6 WHERE id BETWEEN 2294656 AND 2295655
	Bitmap Heap Scan on sbtest6  (cost=35.07..4018.21 rows=1038 width=121)
	  Recheck Cond: ((id >= 2294656) AND (id <= 2295655))
	  ->  Bitmap Index Scan on sbtest6_pkey  (cost=0.00..34.82 rows=1038 width=0)
	        Index Cond: ((id >= 2294656) AND (id <= 2295655))

table 7 : explain SELECT c FROM sbtest7 WHERE id BETWEEN 6166863 AND 6167862
	Bitmap Heap Scan on sbtest7  (cost=34.67..3872.19 rows=999 width=121)
	  Recheck Cond: ((id >= 6166863) AND (id <= 6167862))
	  ->  Bitmap Index Scan on sbtest7_pkey  (cost=0.00..34.43 rows=999 width=0)
	        Index Cond: ((id >= 6166863) AND (id <= 6167862))

table 8 : explain SELECT c FROM sbtest8 WHERE id BETWEEN 5468002 AND 5469001
	Bitmap Heap Scan on sbtest8  (cost=34.33..3744.42 rows=965 width=121)
	  Recheck Cond: ((id >= 5468002) AND (id <= 5469001))
	  ->  Bitmap Index Scan on sbtest8_pkey  (cost=0.00..34.09 rows=965 width=0)
	        Index Cond: ((id >= 5468002) AND (id <= 5469001))

for: simple_ranges
table 1 : explain SELECT c FROM sbtest1 WHERE id BETWEEN 9627949 AND 9628948
	Bitmap Heap Scan on sbtest1  (cost=35.39..4140.09 rows=1069 width=121)
	  Recheck Cond: ((id >= 9627949) AND (id <= 9628948))
	  ->  Bitmap Index Scan on sbtest1_pkey  (cost=0.00..35.12 rows=1069 width=0)
	        Index Cond: ((id >= 9627949) AND (id <= 9628948))

table 2 : explain SELECT c FROM sbtest2 WHERE id BETWEEN 4332042 AND 4333041
	Bitmap Heap Scan on sbtest2  (cost=34.70..3877.72 rows=1001 width=121)
	  Recheck Cond: ((id >= 4332042) AND (id <= 4333041))
	  ->  Bitmap Index Scan on sbtest2_pkey  (cost=0.00..34.45 rows=1001 width=0)
	        Index Cond: ((id >= 4332042) AND (id <= 4333041))

table 3 : explain SELECT c FROM sbtest3 WHERE id BETWEEN 9129494 AND 9130493
	Bitmap Heap Scan on sbtest3  (cost=29.85..3564.08 rows=919 width=121)
	  Recheck Cond: ((id >= 9129494) AND (id <= 9130493))
	  ->  Bitmap Index Scan on sbtest3_pkey  (cost=0.00..29.62 rows=919 width=0)
	        Index Cond: ((id >= 9129494) AND (id <= 9130493))

table 4 : explain SELECT c FROM sbtest4 WHERE id BETWEEN 4704938 AND 4705937
	Bitmap Heap Scan on sbtest4  (cost=34.48..3799.59 rows=980 width=121)
	  Recheck Cond: ((id >= 4704938) AND (id <= 4705937))
	  ->  Bitmap Index Scan on sbtest4_pkey  (cost=0.00..34.23 rows=980 width=0)
	        Index Cond: ((id >= 4704938) AND (id <= 4705937))

table 5 : explain SELECT c FROM sbtest5 WHERE id BETWEEN 1569739 AND 1570738
	Bitmap Heap Scan on sbtest5  (cost=34.34..3748.08 rows=966 width=121)
	  Recheck Cond: ((id >= 1569739) AND (id <= 1570738))
	  ->  Bitmap Index Scan on sbtest5_pkey  (cost=0.00..34.09 rows=966 width=0)
	        Index Cond: ((id >= 1569739) AND (id <= 1570738))

table 6 : explain SELECT c FROM sbtest6 WHERE id BETWEEN 6604546 AND 6605545
	Bitmap Heap Scan on sbtest6  (cost=34.53..3818.53 rows=985 width=121)
	  Recheck Cond: ((id >= 6604546) AND (id <= 6605545))
	  ->  Bitmap Index Scan on sbtest6_pkey  (cost=0.00..34.29 rows=985 width=0)
	        Index Cond: ((id >= 6604546) AND (id <= 6605545))

table 7 : explain SELECT c FROM sbtest7 WHERE id BETWEEN 5673707 AND 5674706
	Bitmap Heap Scan on sbtest7  (cost=34.40..3770.34 rows=972 width=121)
	  Recheck Cond: ((id >= 5673707) AND (id <= 5674706))
	  ->  Bitmap Index Scan on sbtest7_pkey  (cost=0.00..34.16 rows=972 width=0)
	        Index Cond: ((id >= 5673707) AND (id <= 5674706))

table 8 : explain SELECT c FROM sbtest8 WHERE id BETWEEN 9265785 AND 9266784
	Bitmap Heap Scan on sbtest8  (cost=34.19..3695.32 rows=952 width=121)
	  Recheck Cond: ((id >= 9265785) AND (id <= 9266784))
	  ->  Bitmap Index Scan on sbtest8_pkey  (cost=0.00..33.95 rows=952 width=0)
	        Index Cond: ((id >= 9265785) AND (id <= 9266784))

explain: for point_selects :: explain SELECT c FROM sbtest%u WHERE id=%u
for: distinct_ranges
table 1 : explain SELECT DISTINCT c FROM sbtest1 WHERE id BETWEEN 8184220 AND 8185219 ORDER BY c
	Unique  (cost=3676.24..3680.92 rows=935 width=121)
	  ->  Sort  (cost=3676.24..3678.58 rows=935 width=121)
	        Sort Key: c
	        ->  Bitmap Heap Scan on sbtest1  (cost=30.02..3630.11 rows=935 width=121)
	              Recheck Cond: ((id >= 8184220) AND (id <= 8185219))
	              ->  Bitmap Index Scan on sbtest1_pkey  (cost=0.00..29.79 rows=935 width=0)
	                    Index Cond: ((id >= 8184220) AND (id <= 8185219))

table 2 : explain SELECT DISTINCT c FROM sbtest2 WHERE id BETWEEN 7604335 AND 7605334 ORDER BY c
	Unique  (cost=4133.94..4139.21 rows=1055 width=121)
	  ->  Sort  (cost=4133.94..4136.58 rows=1055 width=121)
	        Sort Key: c
	        ->  Bitmap Heap Scan on sbtest2  (cost=35.25..4080.96 rows=1055 width=121)
	              Recheck Cond: ((id >= 7604335) AND (id <= 7605334))
	              ->  Bitmap Index Scan on sbtest2_pkey  (cost=0.00..34.98 rows=1055 width=0)
	                    Index Cond: ((id >= 7604335) AND (id <= 7605334))

table 3 : explain SELECT DISTINCT c FROM sbtest3 WHERE id BETWEEN 6295167 AND 6296166 ORDER BY c
	Unique  (cost=4270.93..4276.39 rows=1091 width=121)
	  ->  Sort  (cost=4270.93..4273.66 rows=1091 width=121)
	        Sort Key: c
	        ->  Bitmap Heap Scan on sbtest3  (cost=35.62..4215.89 rows=1091 width=121)
	              Recheck Cond: ((id >= 6295167) AND (id <= 6296166))
	              ->  Bitmap Index Scan on sbtest3_pkey  (cost=0.00..35.34 rows=1091 width=0)
	                    Index Cond: ((id >= 6295167) AND (id <= 6296166))

table 4 : explain SELECT DISTINCT c FROM sbtest4 WHERE id BETWEEN 8492225 AND 8493224 ORDER BY c
	Unique  (cost=3790.84..3795.67 rows=965 width=121)
	  ->  Sort  (cost=3790.84..3793.25 rows=965 width=121)
	        Sort Key: c
	        ->  Bitmap Heap Scan on sbtest4  (cost=34.33..3743.01 rows=965 width=121)
	              Recheck Cond: ((id >= 8492225) AND (id <= 8493224))
	              ->  Bitmap Index Scan on sbtest4_pkey  (cost=0.00..34.09 rows=965 width=0)
	                    Index Cond: ((id >= 8492225) AND (id <= 8493224))

table 5 : explain SELECT DISTINCT c FROM sbtest5 WHERE id BETWEEN 4385393 AND 4386392 ORDER BY c
	Unique  (cost=3795.97..3800.80 rows=966 width=121)
	  ->  Sort  (cost=3795.97..3798.38 rows=966 width=121)
	        Sort Key: c
	        ->  Bitmap Heap Scan on sbtest5  (cost=34.34..3748.08 rows=966 width=121)
	              Recheck Cond: ((id >= 4385393) AND (id <= 4386392))
	              ->  Bitmap Index Scan on sbtest5_pkey  (cost=0.00..34.09 rows=966 width=0)
	                    Index Cond: ((id >= 4385393) AND (id <= 4386392))

table 6 : explain SELECT DISTINCT c FROM sbtest6 WHERE id BETWEEN 6359165 AND 6360164 ORDER BY c
	Unique  (cost=4077.85..4083.05 rows=1040 width=121)
	  ->  Sort  (cost=4077.85..4080.45 rows=1040 width=121)
	        Sort Key: c
	        ->  Bitmap Heap Scan on sbtest6  (cost=35.09..4025.74 rows=1040 width=121)
	              Recheck Cond: ((id >= 6359165) AND (id <= 6360164))
	              ->  Bitmap Index Scan on sbtest6_pkey  (cost=0.00..34.84 rows=1040 width=0)
	                    Index Cond: ((id >= 6359165) AND (id <= 6360164))

table 7 : explain SELECT DISTINCT c FROM sbtest7 WHERE id BETWEEN 3796605 AND 3797604 ORDER BY c
	Unique  (cost=4113.19..4118.44 rows=1049 width=121)
	  ->  Sort  (cost=4113.19..4115.81 rows=1049 width=121)
	        Sort Key: c
	        ->  Bitmap Heap Scan on sbtest7  (cost=35.19..4060.56 rows=1049 width=121)
	              Recheck Cond: ((id >= 3796605) AND (id <= 3797604))
	              ->  Bitmap Index Scan on sbtest7_pkey  (cost=0.00..34.93 rows=1049 width=0)
	                    Index Cond: ((id >= 3796605) AND (id <= 3797604))

table 8 : explain SELECT DISTINCT c FROM sbtest8 WHERE id BETWEEN 1863952 AND 1864951 ORDER BY c
	Unique  (cost=3834.41..3839.29 rows=976 width=121)
	  ->  Sort  (cost=3834.41..3836.85 rows=976 width=121)
	        Sort Key: c
	        ->  Bitmap Heap Scan on sbtest8  (cost=34.44..3785.94 rows=976 width=121)
	              Recheck Cond: ((id >= 1863952) AND (id <= 1864951))
	              ->  Bitmap Index Scan on sbtest8_pkey  (cost=0.00..34.20 rows=976 width=0)
	                    Index Cond: ((id >= 1863952) AND (id <= 1864951))

for: order_ranges
table 1 : explain SELECT c FROM sbtest1 WHERE id BETWEEN 6297127 AND 6298126 ORDER BY c
	Sort  (cost=3741.68..3744.06 rows=951 width=121)
	  Sort Key: c
	  ->  Bitmap Heap Scan on sbtest1  (cost=34.18..3694.64 rows=951 width=121)
	        Recheck Cond: ((id >= 6297127) AND (id <= 6298126))
	        ->  Bitmap Index Scan on sbtest1_pkey  (cost=0.00..33.95 rows=951 width=0)
	              Index Cond: ((id >= 6297127) AND (id <= 6298126))

table 2 : explain SELECT c FROM sbtest2 WHERE id BETWEEN 3747819 AND 3748818 ORDER BY c
	Sort  (cost=3494.50..3496.72 rows=889 width=121)
	  Sort Key: c
	  ->  Bitmap Heap Scan on sbtest2  (cost=29.55..3450.96 rows=889 width=121)
	        Recheck Cond: ((id >= 3747819) AND (id <= 3748818))
	        ->  Bitmap Index Scan on sbtest2_pkey  (cost=0.00..29.32 rows=889 width=0)
	              Index Cond: ((id >= 3747819) AND (id <= 3748818))

table 3 : explain SELECT c FROM sbtest3 WHERE id BETWEEN 346706 AND 347705 ORDER BY c
	Sort  (cost=3942.57..3945.09 rows=1005 width=121)
	  Sort Key: c
	  ->  Bitmap Heap Scan on sbtest3  (cost=34.74..3892.46 rows=1005 width=121)
	        Recheck Cond: ((id >= 346706) AND (id <= 347705))
	        ->  Bitmap Index Scan on sbtest3_pkey  (cost=0.00..34.48 rows=1005 width=0)
	              Index Cond: ((id >= 346706) AND (id <= 347705))

table 4 : explain SELECT c FROM sbtest4 WHERE id BETWEEN 6095429 AND 6096428 ORDER BY c
	Sort  (cost=3756.36..3758.75 rows=956 width=121)
	  Sort Key: c
	  ->  Bitmap Heap Scan on sbtest4  (cost=34.23..3709.04 rows=956 width=121)
	        Recheck Cond: ((id >= 6095429) AND (id <= 6096428))
	        ->  Bitmap Index Scan on sbtest4_pkey  (cost=0.00..34.00 rows=956 width=0)
	              Index Cond: ((id >= 6095429) AND (id <= 6096428))

table 5 : explain SELECT c FROM sbtest5 WHERE id BETWEEN 3478307 AND 3479306 ORDER BY c
	Sort  (cost=4186.23..4188.90 rows=1068 width=121)
	  Sort Key: c
	  ->  Bitmap Heap Scan on sbtest5  (cost=35.38..4132.50 rows=1068 width=121)
	        Recheck Cond: ((id >= 3478307) AND (id <= 3479306))
	        ->  Bitmap Index Scan on sbtest5_pkey  (cost=0.00..35.12 rows=1068 width=0)
	              Index Cond: ((id >= 3478307) AND (id <= 3479306))

table 6 : explain SELECT c FROM sbtest6 WHERE id BETWEEN 4847888 AND 4848887 ORDER BY c
	Sort  (cost=4135.16..4137.80 rows=1055 width=121)
	  Sort Key: c
	  ->  Bitmap Heap Scan on sbtest6  (cost=35.25..4082.18 rows=1055 width=121)
	        Recheck Cond: ((id >= 4847888) AND (id <= 4848887))
	        ->  Bitmap Index Scan on sbtest6_pkey  (cost=0.00..34.98 rows=1055 width=0)
	              Index Cond: ((id >= 4847888) AND (id <= 4848887))

table 7 : explain SELECT c FROM sbtest7 WHERE id BETWEEN 7459073 AND 7460072 ORDER BY c
	Sort  (cost=4220.15..4222.84 rows=1077 width=121)
	  Sort Key: c
	  ->  Bitmap Heap Scan on sbtest7  (cost=35.47..4165.91 rows=1077 width=121)
	        Recheck Cond: ((id >= 7459073) AND (id <= 7460072))
	        ->  Bitmap Index Scan on sbtest7_pkey  (cost=0.00..35.20 rows=1077 width=0)
	              Index Cond: ((id >= 7459073) AND (id <= 7460072))

table 8 : explain SELECT c FROM sbtest8 WHERE id BETWEEN 8438547 AND 8439546 ORDER BY c
	Sort  (cost=3634.86..3637.17 rows=925 width=121)
	  Sort Key: c
	  ->  Bitmap Heap Scan on sbtest8  (cost=29.92..3589.29 rows=925 width=121)
	        Recheck Cond: ((id >= 8438547) AND (id <= 8439546))
	        ->  Bitmap Index Scan on sbtest8_pkey  (cost=0.00..29.68 rows=925 width=0)
	              Index Cond: ((id >= 8438547) AND (id <= 8439546))

for point_selects
table 1 : explain SELECT c FROM sbtest1 WHERE id=3376883
	Index Scan using sbtest1_pkey on sbtest1  (cost=0.43..8.45 rows=1 width=121)
	  Index Cond: (id = 3376883)

table 2 : explain SELECT c FROM sbtest2 WHERE id=1349924
	Index Scan using sbtest2_pkey on sbtest2  (cost=0.43..8.45 rows=1 width=121)
	  Index Cond: (id = 1349924)

table 3 : explain SELECT c FROM sbtest3 WHERE id=3213777
	Index Scan using sbtest3_pkey on sbtest3  (cost=0.43..8.45 rows=1 width=121)
	  Index Cond: (id = 3213777)

table 4 : explain SELECT c FROM sbtest4 WHERE id=7449908
	Index Scan using sbtest4_pkey on sbtest4  (cost=0.43..8.45 rows=1 width=121)
	  Index Cond: (id = 7449908)

table 5 : explain SELECT c FROM sbtest5 WHERE id=4991876
	Index Scan using sbtest5_pkey on sbtest5  (cost=0.43..8.45 rows=1 width=121)
	  Index Cond: (id = 4991876)

table 6 : explain SELECT c FROM sbtest6 WHERE id=5005931
	Index Scan using sbtest6_pkey on sbtest6  (cost=0.43..8.45 rows=1 width=121)
	  Index Cond: (id = 5005931)

table 7 : explain SELECT c FROM sbtest7 WHERE id=8228321
	Index Scan using sbtest7_pkey on sbtest7  (cost=0.43..8.45 rows=1 width=121)
	  Index Cond: (id = 8228321)

table 8 : explain SELECT c FROM sbtest8 WHERE id=9099688
	Index Scan using sbtest8_pkey on sbtest8  (cost=0.43..8.45 rows=1 width=121)
	  Index Cond: (id = 9099688)

for: distinct_ranges
table 1 : explain SELECT DISTINCT c FROM sbtest1 WHERE id BETWEEN 7356077 AND 7357076 ORDER BY c
	Unique  (cost=3994.80..3999.89 rows=1017 width=121)
	  ->  Sort  (cost=3994.80..3997.34 rows=1017 width=121)
	        Sort Key: c
	        ->  Bitmap Heap Scan on sbtest1  (cost=34.86..3944.00 rows=1017 width=121)
	              Recheck Cond: ((id >= 7356077) AND (id <= 7357076))
	              ->  Bitmap Index Scan on sbtest1_pkey  (cost=0.00..34.61 rows=1017 width=0)
	                    Index Cond: ((id >= 7356077) AND (id <= 7357076))

table 2 : explain SELECT DISTINCT c FROM sbtest2 WHERE id BETWEEN 5586136 AND 5587135 ORDER BY c
	Unique  (cost=4103.39..4108.63 rows=1047 width=121)
	  ->  Sort  (cost=4103.39..4106.01 rows=1047 width=121)
	        Sort Key: c
	        ->  Bitmap Heap Scan on sbtest2  (cost=35.17..4050.87 rows=1047 width=121)
	              Recheck Cond: ((id >= 5586136) AND (id <= 5587135))
	              ->  Bitmap Index Scan on sbtest2_pkey  (cost=0.00..34.91 rows=1047 width=0)
	                    Index Cond: ((id >= 5586136) AND (id <= 5587135))

table 3 : explain SELECT DISTINCT c FROM sbtest3 WHERE id BETWEEN 2390529 AND 2391528 ORDER BY c
	Unique  (cost=3881.38..3886.33 rows=989 width=121)
	  ->  Sort  (cost=3881.38..3883.86 rows=989 width=121)
	        Sort Key: c
	        ->  Bitmap Heap Scan on sbtest3  (cost=34.57..3832.18 rows=989 width=121)
	              Recheck Cond: ((id >= 2390529) AND (id <= 2391528))
	              ->  Bitmap Index Scan on sbtest3_pkey  (cost=0.00..34.33 rows=989 width=0)
	                    Index Cond: ((id >= 2390529) AND (id <= 2391528))

table 4 : explain SELECT DISTINCT c FROM sbtest4 WHERE id BETWEEN 3776663 AND 3777662 ORDER BY c
	Unique  (cost=3787.01..3791.83 rows=964 width=121)
	  ->  Sort  (cost=3787.01..3789.42 rows=964 width=121)
	        Sort Key: c
	        ->  Bitmap Heap Scan on sbtest4  (cost=34.32..3739.23 rows=964 width=121)
	              Recheck Cond: ((id >= 3776663) AND (id <= 3777662))
	              ->  Bitmap Index Scan on sbtest4_pkey  (cost=0.00..34.08 rows=964 width=0)
	                    Index Cond: ((id >= 3776663) AND (id <= 3777662))

table 5 : explain SELECT DISTINCT c FROM sbtest5 WHERE id BETWEEN 8808255 AND 8809254 ORDER BY c
	Unique  (cost=3960.64..3965.69 rows=1009 width=121)
	  ->  Sort  (cost=3960.64..3963.16 rows=1009 width=121)
	        Sort Key: c
	        ->  Bitmap Heap Scan on sbtest5  (cost=34.78..3910.30 rows=1009 width=121)
	              Recheck Cond: ((id >= 8808255) AND (id <= 8809254))
	              ->  Bitmap Index Scan on sbtest5_pkey  (cost=0.00..34.53 rows=1009 width=0)
	                    Index Cond: ((id >= 8808255) AND (id <= 8809254))

table 6 : explain SELECT DISTINCT c FROM sbtest6 WHERE id BETWEEN 4829179 AND 4830178 ORDER BY c
	Unique  (cost=3691.28..3695.98 rows=939 width=121)
	  ->  Sort  (cost=3691.28..3693.63 rows=939 width=121)
	        Sort Key: c
	        ->  Bitmap Heap Scan on sbtest6  (cost=34.06..3644.92 rows=939 width=121)
	              Recheck Cond: ((id >= 4829179) AND (id <= 4830178))
	              ->  Bitmap Index Scan on sbtest6_pkey  (cost=0.00..33.83 rows=939 width=0)
	                    Index Cond: ((id >= 4829179) AND (id <= 4830178))

table 7 : explain SELECT DISTINCT c FROM sbtest7 WHERE id BETWEEN 1493046 AND 1494045 ORDER BY c
	Unique  (cost=3891.34..3896.29 rows=991 width=121)
	  ->  Sort  (cost=3891.34..3893.81 rows=991 width=121)
	        Sort Key: c
	        ->  Bitmap Heap Scan on sbtest7  (cost=34.59..3842.02 rows=991 width=121)
	              Recheck Cond: ((id >= 1493046) AND (id <= 1494045))
	              ->  Bitmap Index Scan on sbtest7_pkey  (cost=0.00..34.34 rows=991 width=0)
	                    Index Cond: ((id >= 1493046) AND (id <= 1494045))

table 8 : explain SELECT DISTINCT c FROM sbtest8 WHERE id BETWEEN 6995139 AND 6996138 ORDER BY c
	Unique  (cost=3922.49..3927.48 rows=999 width=121)
	  ->  Sort  (cost=3922.49..3924.99 rows=999 width=121)
	        Sort Key: c
	        ->  Bitmap Heap Scan on sbtest8  (cost=34.67..3872.72 rows=999 width=121)
	              Recheck Cond: ((id >= 6995139) AND (id <= 6996138))
	              ->  Bitmap Index Scan on sbtest8_pkey  (cost=0.00..34.43 rows=999 width=0)
	                    Index Cond: ((id >= 6995139) AND (id <= 6996138))

for: sum_ranges
table 1 : explain SELECT SUM(k) FROM sbtest1 WHERE id BETWEEN 2113331 AND 2114330
	Aggregate  (cost=4116.37..4116.38 rows=1 width=8)
	  ->  Bitmap Heap Scan on sbtest1  (cost=35.32..4113.71 rows=1062 width=4)
	        Recheck Cond: ((id >= 2113331) AND (id <= 2114330))
	        ->  Bitmap Index Scan on sbtest1_pkey  (cost=0.00..35.06 rows=1062 width=0)
	              Index Cond: ((id >= 2113331) AND (id <= 2114330))

table 2 : explain SELECT SUM(k) FROM sbtest2 WHERE id BETWEEN 3597141 AND 3598140
	Aggregate  (cost=3801.03..3801.04 rows=1 width=8)
	  ->  Bitmap Heap Scan on sbtest2  (cost=34.48..3798.58 rows=980 width=4)
	        Recheck Cond: ((id >= 3597141) AND (id <= 3598140))
	        ->  Bitmap Index Scan on sbtest2_pkey  (cost=0.00..34.23 rows=980 width=0)
	              Index Cond: ((id >= 3597141) AND (id <= 3598140))

table 3 : explain SELECT SUM(k) FROM sbtest3 WHERE id BETWEEN 7836479 AND 7837478
	Aggregate  (cost=3725.25..3725.26 rows=1 width=8)
	  ->  Bitmap Heap Scan on sbtest3  (cost=34.28..3722.85 rows=960 width=4)
	        Recheck Cond: ((id >= 7836479) AND (id <= 7837478))
	        ->  Bitmap Index Scan on sbtest3_pkey  (cost=0.00..34.04 rows=960 width=0)
	              Index Cond: ((id >= 7836479) AND (id <= 7837478))

table 4 : explain SELECT SUM(k) FROM sbtest4 WHERE id BETWEEN 8068468 AND 8069467
	Aggregate  (cost=3666.09..3666.10 rows=1 width=8)
	  ->  Bitmap Heap Scan on sbtest4  (cost=34.11..3663.73 rows=944 width=4)
	        Recheck Cond: ((id >= 8068468) AND (id <= 8069467))
	        ->  Bitmap Index Scan on sbtest4_pkey  (cost=0.00..33.88 rows=944 width=0)
	              Index Cond: ((id >= 8068468) AND (id <= 8069467))

table 5 : explain SELECT SUM(k) FROM sbtest5 WHERE id BETWEEN 3423684 AND 3424683
	Aggregate  (cost=4135.17..4135.18 rows=1 width=8)
	  ->  Bitmap Heap Scan on sbtest5  (cost=35.38..4132.50 rows=1068 width=4)
	        Recheck Cond: ((id >= 3423684) AND (id <= 3424683))
	        ->  Bitmap Index Scan on sbtest5_pkey  (cost=0.00..35.12 rows=1068 width=0)
	              Index Cond: ((id >= 3423684) AND (id <= 3424683))

table 6 : explain SELECT SUM(k) FROM sbtest6 WHERE id BETWEEN 303320 AND 304319
	Aggregate  (cost=3404.89..3404.90 rows=1 width=8)
	  ->  Bitmap Heap Scan on sbtest6  (cost=29.41..3402.70 rows=876 width=4)
	        Recheck Cond: ((id >= 303320) AND (id <= 304319))
	        ->  Bitmap Index Scan on sbtest6_pkey  (cost=0.00..29.19 rows=876 width=0)
	              Index Cond: ((id >= 303320) AND (id <= 304319))

table 7 : explain SELECT SUM(k) FROM sbtest7 WHERE id BETWEEN 4438762 AND 4439761
	Aggregate  (cost=3870.91..3870.92 rows=1 width=8)
	  ->  Bitmap Heap Scan on sbtest7  (cost=34.66..3868.42 rows=998 width=4)
	        Recheck Cond: ((id >= 4438762) AND (id <= 4439761))
	        ->  Bitmap Index Scan on sbtest7_pkey  (cost=0.00..34.42 rows=998 width=0)
	              Index Cond: ((id >= 4438762) AND (id <= 4439761))

table 8 : explain SELECT SUM(k) FROM sbtest8 WHERE id BETWEEN 5133725 AND 5134724
	Aggregate  (cost=3406.05..3406.06 rows=1 width=8)
	  ->  Bitmap Heap Scan on sbtest8  (cost=29.41..3403.86 rows=876 width=4)
	        Recheck Cond: ((id >= 5133725) AND (id <= 5134724))
	        ->  Bitmap Index Scan on sbtest8_pkey  (cost=0.00..29.19 rows=876 width=0)
	              Index Cond: ((id >= 5133725) AND (id <= 5134724))

for point_selects
table 1 : explain SELECT c FROM sbtest1 WHERE id=602613
	Index Scan using sbtest1_pkey on sbtest1  (cost=0.43..8.45 rows=1 width=121)
	  Index Cond: (id = 602613)

table 2 : explain SELECT c FROM sbtest2 WHERE id=9389014
	Index Scan using sbtest2_pkey on sbtest2  (cost=0.43..8.45 rows=1 width=121)
	  Index Cond: (id = 9389014)

table 3 : explain SELECT c FROM sbtest3 WHERE id=6674132
	Index Scan using sbtest3_pkey on sbtest3  (cost=0.43..8.45 rows=1 width=121)
	  Index Cond: (id = 6674132)

table 4 : explain SELECT c FROM sbtest4 WHERE id=8768874
	Index Scan using sbtest4_pkey on sbtest4  (cost=0.43..8.45 rows=1 width=121)
	  Index Cond: (id = 8768874)

table 5 : explain SELECT c FROM sbtest5 WHERE id=10167
	Index Scan using sbtest5_pkey on sbtest5  (cost=0.43..8.45 rows=1 width=121)
	  Index Cond: (id = 10167)

table 6 : explain SELECT c FROM sbtest6 WHERE id=7142879
	Index Scan using sbtest6_pkey on sbtest6  (cost=0.43..8.45 rows=1 width=121)
	  Index Cond: (id = 7142879)

table 7 : explain SELECT c FROM sbtest7 WHERE id=3074374
	Index Scan using sbtest7_pkey on sbtest7  (cost=0.43..8.45 rows=1 width=121)
	  Index Cond: (id = 3074374)

table 8 : explain SELECT c FROM sbtest8 WHERE id=227865
	Index Scan using sbtest8_pkey on sbtest8  (cost=0.43..8.45 rows=1 width=121)
	  Index Cond: (id = 227865)

for: order_ranges
table 1 : explain SELECT c FROM sbtest1 WHERE id BETWEEN 9238285 AND 9239284 ORDER BY c
	Sort  (cost=4224.47..4227.16 rows=1077 width=121)
	  Sort Key: c
	  ->  Bitmap Heap Scan on sbtest1  (cost=35.47..4170.23 rows=1077 width=121)
	        Recheck Cond: ((id >= 9238285) AND (id <= 9239284))
	        ->  Bitmap Index Scan on sbtest1_pkey  (cost=0.00..35.20 rows=1077 width=0)
	              Index Cond: ((id >= 9238285) AND (id <= 9239284))

table 2 : explain SELECT c FROM sbtest2 WHERE id BETWEEN 9414157 AND 9415156 ORDER BY c
	Sort  (cost=3805.16..3807.58 rows=969 width=121)
	  Sort Key: c
	  ->  Bitmap Heap Scan on sbtest2  (cost=34.37..3757.10 rows=969 width=121)
	        Recheck Cond: ((id >= 9414157) AND (id <= 9415156))
	        ->  Bitmap Index Scan on sbtest2_pkey  (cost=0.00..34.12 rows=969 width=0)
	              Index Cond: ((id >= 9414157) AND (id <= 9415156))

table 3 : explain SELECT c FROM sbtest3 WHERE id BETWEEN 5940153 AND 5941152 ORDER BY c
	Sort  (cost=4122.14..4124.77 rows=1052 width=121)
	  Sort Key: c
	  ->  Bitmap Heap Scan on sbtest3  (cost=35.22..4069.33 rows=1052 width=121)
	        Recheck Cond: ((id >= 5940153) AND (id <= 5941152))
	        ->  Bitmap Index Scan on sbtest3_pkey  (cost=0.00..34.95 rows=1052 width=0)
	              Index Cond: ((id >= 5940153) AND (id <= 5941152))

table 4 : explain SELECT c FROM sbtest4 WHERE id BETWEEN 3617105 AND 3618104 ORDER BY c
	Sort  (cost=4303.02..4305.76 rows=1099 width=121)
	  Sort Key: c
	  ->  Bitmap Heap Scan on sbtest4  (cost=35.70..4247.51 rows=1099 width=121)
	        Recheck Cond: ((id >= 3617105) AND (id <= 3618104))
	        ->  Bitmap Index Scan on sbtest4_pkey  (cost=0.00..35.43 rows=1099 width=0)
	              Index Cond: ((id >= 3617105) AND (id <= 3618104))

table 5 : explain SELECT c FROM sbtest5 WHERE id BETWEEN 5612316 AND 5613315 ORDER BY c
	Sort  (cost=3723.14..3725.50 rows=947 width=121)
	  Sort Key: c
	  ->  Bitmap Heap Scan on sbtest5  (cost=34.14..3676.32 rows=947 width=121)
	        Recheck Cond: ((id >= 5612316) AND (id <= 5613315))
	        ->  Bitmap Index Scan on sbtest5_pkey  (cost=0.00..33.91 rows=947 width=0)
	              Index Cond: ((id >= 5612316) AND (id <= 5613315))

table 6 : explain SELECT c FROM sbtest6 WHERE id BETWEEN 3162641 AND 3163640 ORDER BY c
	Sort  (cost=4154.26..4156.91 rows=1060 width=121)
	  Sort Key: c
	  ->  Bitmap Heap Scan on sbtest6  (cost=35.30..4100.99 rows=1060 width=121)
	        Recheck Cond: ((id >= 3162641) AND (id <= 3163640))
	        ->  Bitmap Index Scan on sbtest6_pkey  (cost=0.00..35.04 rows=1060 width=0)
	              Index Cond: ((id >= 3162641) AND (id <= 3163640))

table 7 : explain SELECT c FROM sbtest7 WHERE id BETWEEN 3456565 AND 3457564 ORDER BY c
	Sort  (cost=3776.43..3778.83 rows=961 width=121)
	  Sort Key: c
	  ->  Bitmap Heap Scan on sbtest7  (cost=34.29..3728.82 rows=961 width=121)
	        Recheck Cond: ((id >= 3456565) AND (id <= 3457564))
	        ->  Bitmap Index Scan on sbtest7_pkey  (cost=0.00..34.05 rows=961 width=0)
	              Index Cond: ((id >= 3456565) AND (id <= 3457564))

table 8 : explain SELECT c FROM sbtest8 WHERE id BETWEEN 9884130 AND 9885129 ORDER BY c
	Sort  (cost=4106.11..4108.73 rows=1047 width=121)
	  Sort Key: c
	  ->  Bitmap Heap Scan on sbtest8  (cost=35.17..4053.60 rows=1047 width=121)
	        Recheck Cond: ((id >= 9884130) AND (id <= 9885129))
	        ->  Bitmap Index Scan on sbtest8_pkey  (cost=0.00..34.91 rows=1047 width=0)
	              Index Cond: ((id >= 9884130) AND (id <= 9885129))

for: distinct_ranges
table 1 : explain SELECT DISTINCT c FROM sbtest1 WHERE id BETWEEN 8592329 AND 8593328 ORDER BY c
	Unique  (cost=3964.15..3969.19 rows=1009 width=121)
	  ->  Sort  (cost=3964.15..3966.67 rows=1009 width=121)
	        Sort Key: c
	        ->  Bitmap Heap Scan on sbtest1  (cost=34.78..3913.81 rows=1009 width=121)
	              Recheck Cond: ((id >= 8592329) AND (id <= 8593328))
	              ->  Bitmap Index Scan on sbtest1_pkey  (cost=0.00..34.53 rows=1009 width=0)
	                    Index Cond: ((id >= 8592329) AND (id <= 8593328))

table 2 : explain SELECT DISTINCT c FROM sbtest2 WHERE id BETWEEN 6567007 AND 6568006 ORDER BY c
	Unique  (cost=3586.58..3591.15 rows=913 width=121)
	  ->  Sort  (cost=3586.58..3588.87 rows=913 width=121)
	        Sort Key: c
	        ->  Bitmap Heap Scan on sbtest2  (cost=29.79..3541.69 rows=913 width=121)
	              Recheck Cond: ((id >= 6567007) AND (id <= 6568006))
	              ->  Bitmap Index Scan on sbtest2_pkey  (cost=0.00..29.57 rows=913 width=0)
	                    Index Cond: ((id >= 6567007) AND (id <= 6568006))

table 3 : explain SELECT DISTINCT c FROM sbtest3 WHERE id BETWEEN 753968 AND 754967 ORDER BY c
	Unique  (cost=3762.74..3767.53 rows=958 width=121)
	  ->  Sort  (cost=3762.74..3765.14 rows=958 width=121)
	        Sort Key: c
	        ->  Bitmap Heap Scan on sbtest3  (cost=34.25..3715.30 rows=958 width=121)
	              Recheck Cond: ((id >= 753968) AND (id <= 754967))
	              ->  Bitmap Index Scan on sbtest3_pkey  (cost=0.00..34.02 rows=958 width=0)
	                    Index Cond: ((id >= 753968) AND (id <= 754967))

table 4 : explain SELECT DISTINCT c FROM sbtest4 WHERE id BETWEEN 696110 AND 697109 ORDER BY c
	Unique  (cost=3936.30..3941.32 rows=1003 width=121)
	  ->  Sort  (cost=3936.30..3938.81 rows=1003 width=121)
	        Sort Key: c
	        ->  Bitmap Heap Scan on sbtest4  (cost=34.72..3886.30 rows=1003 width=121)
	              Recheck Cond: ((id >= 696110) AND (id <= 697109))
	              ->  Bitmap Index Scan on sbtest4_pkey  (cost=0.00..34.47 rows=1003 width=0)
	                    Index Cond: ((id >= 696110) AND (id <= 697109))

table 5 : explain SELECT DISTINCT c FROM sbtest5 WHERE id BETWEEN 1891809 AND 1892808 ORDER BY c
	Unique  (cost=4170.94..4176.26 rows=1064 width=121)
	  ->  Sort  (cost=4170.94..4173.60 rows=1064 width=121)
	        Sort Key: c
	        ->  Bitmap Heap Scan on sbtest5  (cost=35.34..4117.45 rows=1064 width=121)
	              Recheck Cond: ((id >= 1891809) AND (id <= 1892808))
	              ->  Bitmap Index Scan on sbtest5_pkey  (cost=0.00..35.08 rows=1064 width=0)
	                    Index Cond: ((id >= 1891809) AND (id <= 1892808))

table 6 : explain SELECT DISTINCT c FROM sbtest6 WHERE id BETWEEN 1410620 AND 1411619 ORDER BY c
	Unique  (cost=4043.46..4048.61 rows=1031 width=121)
	  ->  Sort  (cost=4043.46..4046.03 rows=1031 width=121)
	        Sort Key: c
	        ->  Bitmap Heap Scan on sbtest6  (cost=35.00..3991.86 rows=1031 width=121)
	              Recheck Cond: ((id >= 1410620) AND (id <= 1411619))
	              ->  Bitmap Index Scan on sbtest6_pkey  (cost=0.00..34.75 rows=1031 width=0)
	                    Index Cond: ((id >= 1410620) AND (id <= 1411619))

table 7 : explain SELECT DISTINCT c FROM sbtest7 WHERE id BETWEEN 3530058 AND 3531057 ORDER BY c
	Unique  (cost=4136.12..4141.39 rows=1055 width=121)
	  ->  Sort  (cost=4136.12..4138.76 rows=1055 width=121)
	        Sort Key: c
	        ->  Bitmap Heap Scan on sbtest7  (cost=35.25..4083.14 rows=1055 width=121)
	              Recheck Cond: ((id >= 3530058) AND (id <= 3531057))
	              ->  Bitmap Index Scan on sbtest7_pkey  (cost=0.00..34.98 rows=1055 width=0)
	                    Index Cond: ((id >= 3530058) AND (id <= 3531057))

table 8 : explain SELECT DISTINCT c FROM sbtest8 WHERE id BETWEEN 5354781 AND 5355780 ORDER BY c
	Unique  (cost=4258.93..4264.36 rows=1087 width=121)
	  ->  Sort  (cost=4258.93..4261.64 rows=1087 width=121)
	        Sort Key: c
	        ->  Bitmap Heap Scan on sbtest8  (cost=35.58..4204.11 rows=1087 width=121)
	              Recheck Cond: ((id >= 5354781) AND (id <= 5355780))
	              ->  Bitmap Index Scan on sbtest8_pkey  (cost=0.00..35.31 rows=1087 width=0)
	                    Index Cond: ((id >= 5354781) AND (id <= 5355780))

for: simple_ranges
table 1 : explain SELECT c FROM sbtest1 WHERE id BETWEEN 4467886 AND 4468885
	Bitmap Heap Scan on sbtest1  (cost=34.34..3751.36 rows=966 width=121)
	  Recheck Cond: ((id >= 4467886) AND (id <= 4468885))
	  ->  Bitmap Index Scan on sbtest1_pkey  (cost=0.00..34.09 rows=966 width=0)
	        Index Cond: ((id >= 4467886) AND (id <= 4468885))

table 2 : explain SELECT c FROM sbtest2 WHERE id BETWEEN 1009418 AND 1010417
	Bitmap Heap Scan on sbtest2  (cost=34.75..3896.55 rows=1006 width=121)
	  Recheck Cond: ((id >= 1009418) AND (id <= 1010417))
	  ->  Bitmap Index Scan on sbtest2_pkey  (cost=0.00..34.50 rows=1006 width=0)
	        Index Cond: ((id >= 1009418) AND (id <= 1010417))

table 3 : explain SELECT c FROM sbtest3 WHERE id BETWEEN 9702845 AND 9703844
	Bitmap Heap Scan on sbtest3  (cost=34.19..3692.66 rows=952 width=121)
	  Recheck Cond: ((id >= 9702845) AND (id <= 9703844))
	  ->  Bitmap Index Scan on sbtest3_pkey  (cost=0.00..33.95 rows=952 width=0)
	        Index Cond: ((id >= 9702845) AND (id <= 9703844))

table 4 : explain SELECT c FROM sbtest4 WHERE id BETWEEN 3344930 AND 3345929
	Bitmap Heap Scan on sbtest4  (cost=34.43..3780.73 rows=975 width=121)
	  Recheck Cond: ((id >= 3344930) AND (id <= 3345929))
	  ->  Bitmap Index Scan on sbtest4_pkey  (cost=0.00..34.19 rows=975 width=0)
	        Index Cond: ((id >= 3344930) AND (id <= 3345929))

table 5 : explain SELECT c FROM sbtest5 WHERE id BETWEEN 6086585 AND 6087584
	Bitmap Heap Scan on sbtest5  (cost=34.61..3849.96 rows=993 width=121)
	  Recheck Cond: ((id >= 6086585) AND (id <= 6087584))
	  ->  Bitmap Index Scan on sbtest5_pkey  (cost=0.00..34.37 rows=993 width=0)
	        Index Cond: ((id >= 6086585) AND (id <= 6087584))

table 6 : explain SELECT c FROM sbtest6 WHERE id BETWEEN 1454867 AND 1455866
	Bitmap Heap Scan on sbtest6  (cost=35.00..3991.86 rows=1031 width=121)
	  Recheck Cond: ((id >= 1454867) AND (id <= 1455866))
	  ->  Bitmap Index Scan on sbtest6_pkey  (cost=0.00..34.75 rows=1031 width=0)
	        Index Cond: ((id >= 1454867) AND (id <= 1455866))

table 7 : explain SELECT c FROM sbtest7 WHERE id BETWEEN 4245501 AND 4246500
	Bitmap Heap Scan on sbtest7  (cost=34.12..3668.39 rows=945 width=121)
	  Recheck Cond: ((id >= 4245501) AND (id <= 4246500))
	  ->  Bitmap Index Scan on sbtest7_pkey  (cost=0.00..33.89 rows=945 width=0)
	        Index Cond: ((id >= 4245501) AND (id <= 4246500))

table 8 : explain SELECT c FROM sbtest8 WHERE id BETWEEN 2584802 AND 2585801
	Bitmap Heap Scan on sbtest8  (cost=35.53..4185.31 rows=1082 width=121)
	  Recheck Cond: ((id >= 2584802) AND (id <= 2585801))
	  ->  Bitmap Index Scan on sbtest8_pkey  (cost=0.00..35.26 rows=1082 width=0)
	        Index Cond: ((id >= 2584802) AND (id <= 2585801))

explain: for point_selects :: explain SELECT c FROM sbtest%u WHERE id=%u
for: order_ranges
table 1 : explain SELECT c FROM sbtest1 WHERE id BETWEEN 6220713 AND 6221712 ORDER BY c
	Sort  (cost=3745.52..3747.90 rows=952 width=121)
	  Sort Key: c
	  ->  Bitmap Heap Scan on sbtest1  (cost=34.19..3698.42 rows=952 width=121)
	        Recheck Cond: ((id >= 6220713) AND (id <= 6221712))
	        ->  Bitmap Index Scan on sbtest1_pkey  (cost=0.00..33.95 rows=952 width=0)
	              Index Cond: ((id >= 6220713) AND (id <= 6221712))

table 2 : explain SELECT c FROM sbtest2 WHERE id BETWEEN 5643579 AND 5644578 ORDER BY c
	Sort  (cost=3763.04..3765.44 rows=958 width=121)
	  Sort Key: c
	  ->  Bitmap Heap Scan on sbtest2  (cost=34.25..3715.60 rows=958 width=121)
	        Recheck Cond: ((id >= 5643579) AND (id <= 5644578))
	        ->  Bitmap Index Scan on sbtest2_pkey  (cost=0.00..34.02 rows=958 width=0)
	              Index Cond: ((id >= 5643579) AND (id <= 5644578))

table 3 : explain SELECT c FROM sbtest3 WHERE id BETWEEN 8896160 AND 8897159 ORDER BY c
	Sort  (cost=3390.56..3392.72 rows=862 width=121)
	  Sort Key: c
	  ->  Bitmap Heap Scan on sbtest3  (cost=29.27..3348.53 rows=862 width=121)
	        Recheck Cond: ((id >= 8896160) AND (id <= 8897159))
	        ->  Bitmap Index Scan on sbtest3_pkey  (cost=0.00..29.05 rows=862 width=0)
	              Index Cond: ((id >= 8896160) AND (id <= 8897159))

table 4 : explain SELECT c FROM sbtest4 WHERE id BETWEEN 4724737 AND 4725736 ORDER BY c
	Sort  (cost=3848.28..3850.73 rows=980 width=121)
	  Sort Key: c
	  ->  Bitmap Heap Scan on sbtest4  (cost=34.48..3799.59 rows=980 width=121)
	        Recheck Cond: ((id >= 4724737) AND (id <= 4725736))
	        ->  Bitmap Index Scan on sbtest4_pkey  (cost=0.00..34.23 rows=980 width=0)
	              Index Cond: ((id >= 4724737) AND (id <= 4725736))

table 5 : explain SELECT c FROM sbtest5 WHERE id BETWEEN 1001921 AND 1002920 ORDER BY c
	Sort  (cost=3642.42..3644.74 rows=927 width=121)
	  Sort Key: c
	  ->  Bitmap Heap Scan on sbtest5  (cost=29.94..3596.74 rows=927 width=121)
	        Recheck Cond: ((id >= 1001921) AND (id <= 1002920))
	        ->  Bitmap Index Scan on sbtest5_pkey  (cost=0.00..29.70 rows=927 width=0)
	              Index Cond: ((id >= 1001921) AND (id <= 1002920))

table 6 : explain SELECT c FROM sbtest6 WHERE id BETWEEN 7055553 AND 7056552 ORDER BY c
	Sort  (cost=4173.35..4176.01 rows=1065 width=121)
	  Sort Key: c
	  ->  Bitmap Heap Scan on sbtest6  (cost=35.35..4119.80 rows=1065 width=121)
	        Recheck Cond: ((id >= 7055553) AND (id <= 7056552))
	        ->  Bitmap Index Scan on sbtest6_pkey  (cost=0.00..35.09 rows=1065 width=0)
	              Index Cond: ((id >= 7055553) AND (id <= 7056552))

table 7 : explain SELECT c FROM sbtest7 WHERE id BETWEEN 4576264 AND 4577263 ORDER BY c
	Sort  (cost=4185.78..4188.45 rows=1068 width=121)
	  Sort Key: c
	  ->  Bitmap Heap Scan on sbtest7  (cost=35.38..4132.06 rows=1068 width=121)
	        Recheck Cond: ((id >= 4576264) AND (id <= 4577263))
	        ->  Bitmap Index Scan on sbtest7_pkey  (cost=0.00..35.12 rows=1068 width=0)
	              Index Cond: ((id >= 4576264) AND (id <= 4577263))

table 8 : explain SELECT c FROM sbtest8 WHERE id BETWEEN 52177 AND 53176 ORDER BY c
	Sort  (cost=3972.25..3974.78 rows=1012 width=121)
	  Sort Key: c
	  ->  Bitmap Heap Scan on sbtest8  (cost=34.81..3921.73 rows=1012 width=121)
	        Recheck Cond: ((id >= 52177) AND (id <= 53176))
	        ->  Bitmap Index Scan on sbtest8_pkey  (cost=0.00..34.56 rows=1012 width=0)
	              Index Cond: ((id >= 52177) AND (id <= 53176))

for: distinct_ranges
table 1 : explain SELECT DISTINCT c FROM sbtest1 WHERE id BETWEEN 8213720 AND 8214719 ORDER BY c
	Unique  (cost=4113.52..4118.76 rows=1048 width=121)
	  ->  Sort  (cost=4113.52..4116.14 rows=1048 width=121)
	        Sort Key: c
	        ->  Bitmap Heap Scan on sbtest1  (cost=35.18..4060.94 rows=1048 width=121)
	              Recheck Cond: ((id >= 8213720) AND (id <= 8214719))
	              ->  Bitmap Index Scan on sbtest1_pkey  (cost=0.00..34.92 rows=1048 width=0)
	                    Index Cond: ((id >= 8213720) AND (id <= 8214719))

table 2 : explain SELECT DISTINCT c FROM sbtest2 WHERE id BETWEEN 8687550 AND 8688549 ORDER BY c
	Unique  (cost=4145.39..4150.68 rows=1058 width=121)
	  ->  Sort  (cost=4145.39..4148.04 rows=1058 width=121)
	        Sort Key: c
	        ->  Bitmap Heap Scan on sbtest2  (cost=35.28..4092.24 rows=1058 width=121)
	              Recheck Cond: ((id >= 8687550) AND (id <= 8688549))
	              ->  Bitmap Index Scan on sbtest2_pkey  (cost=0.00..35.02 rows=1058 width=0)
	                    Index Cond: ((id >= 8687550) AND (id <= 8688549))

table 3 : explain SELECT DISTINCT c FROM sbtest3 WHERE id BETWEEN 7941349 AND 7942348 ORDER BY c
	Unique  (cost=3732.10..3736.85 rows=950 width=121)
	  ->  Sort  (cost=3732.10..3734.48 rows=950 width=121)
	        Sort Key: c
	        ->  Bitmap Heap Scan on sbtest3  (cost=34.17..3685.12 rows=950 width=121)
	              Recheck Cond: ((id >= 7941349) AND (id <= 7942348))
	              ->  Bitmap Index Scan on sbtest3_pkey  (cost=0.00..33.94 rows=950 width=0)
	                    Index Cond: ((id >= 7941349) AND (id <= 7942348))

table 4 : explain SELECT DISTINCT c FROM sbtest4 WHERE id BETWEEN 3852803 AND 3853802 ORDER BY c
	Unique  (cost=3545.29..3549.80 rows=902 width=121)
	  ->  Sort  (cost=3545.29..3547.54 rows=902 width=121)
	        Sort Key: c
	        ->  Bitmap Heap Scan on sbtest4  (cost=29.68..3501.01 rows=902 width=121)
	              Recheck Cond: ((id >= 3852803) AND (id <= 3853802))
	              ->  Bitmap Index Scan on sbtest4_pkey  (cost=0.00..29.45 rows=902 width=0)
	                    Index Cond: ((id >= 3852803) AND (id <= 3853802))

table 5 : explain SELECT DISTINCT c FROM sbtest5 WHERE id BETWEEN 3282249 AND 3283248 ORDER BY c
	Unique  (cost=3930.02..3935.03 rows=1001 width=121)
	  ->  Sort  (cost=3930.02..3932.52 rows=1001 width=121)
	        Sort Key: c
	        ->  Bitmap Heap Scan on sbtest5  (cost=34.70..3880.13 rows=1001 width=121)
	              Recheck Cond: ((id >= 3282249) AND (id <= 3283248))
	              ->  Bitmap Index Scan on sbtest5_pkey  (cost=0.00..34.45 rows=1001 width=0)
	                    Index Cond: ((id >= 3282249) AND (id <= 3283248))

table 6 : explain SELECT DISTINCT c FROM sbtest6 WHERE id BETWEEN 3311798 AND 3312797 ORDER BY c
	Unique  (cost=3675.78..3680.46 rows=936 width=121)
	  ->  Sort  (cost=3675.78..3678.12 rows=936 width=121)
	        Sort Key: c
	        ->  Bitmap Heap Scan on sbtest6  (cost=30.03..3629.59 rows=936 width=121)
	              Recheck Cond: ((id >= 3311798) AND (id <= 3312797))
	              ->  Bitmap Index Scan on sbtest6_pkey  (cost=0.00..29.79 rows=936 width=0)
	                    Index Cond: ((id >= 3311798) AND (id <= 3312797))

table 7 : explain SELECT DISTINCT c FROM sbtest7 WHERE id BETWEEN 8004258 AND 8005257 ORDER BY c
	Unique  (cost=4235.42..4240.83 rows=1081 width=121)
	  ->  Sort  (cost=4235.42..4238.12 rows=1081 width=121)
	        Sort Key: c
	        ->  Bitmap Heap Scan on sbtest7  (cost=35.52..4180.95 rows=1081 width=121)
	              Recheck Cond: ((id >= 8004258) AND (id <= 8005257))
	              ->  Bitmap Index Scan on sbtest7_pkey  (cost=0.00..35.25 rows=1081 width=0)
	                    Index Cond: ((id >= 8004258) AND (id <= 8005257))

table 8 : explain SELECT DISTINCT c FROM sbtest8 WHERE id BETWEEN 9416261 AND 9417260 ORDER BY c
	Unique  (cost=4251.29..4256.72 rows=1085 width=121)
	  ->  Sort  (cost=4251.29..4254.00 rows=1085 width=121)
	        Sort Key: c
	        ->  Bitmap Heap Scan on sbtest8  (cost=35.56..4196.59 rows=1085 width=121)
	              Recheck Cond: ((id >= 9416261) AND (id <= 9417260))
	              ->  Bitmap Index Scan on sbtest8_pkey  (cost=0.00..35.29 rows=1085 width=0)
	                    Index Cond: ((id >= 9416261) AND (id <= 9417260))

for: simple_ranges
table 1 : explain SELECT c FROM sbtest1 WHERE id BETWEEN 520791 AND 521790
	Bitmap Heap Scan on sbtest1  (cost=35.54..4192.83 rows=1083 width=121)
	  Recheck Cond: ((id >= 520791) AND (id <= 521790))
	  ->  Bitmap Index Scan on sbtest1_pkey  (cost=0.00..35.27 rows=1083 width=0)
	        Index Cond: ((id >= 520791) AND (id <= 521790))

table 2 : explain SELECT c FROM sbtest2 WHERE id BETWEEN 504717 AND 505716
	Bitmap Heap Scan on sbtest2  (cost=29.82..3553.03 rows=916 width=121)
	  Recheck Cond: ((id >= 504717) AND (id <= 505716))
	  ->  Bitmap Index Scan on sbtest2_pkey  (cost=0.00..29.59 rows=916 width=0)
	        Index Cond: ((id >= 504717) AND (id <= 505716))

table 3 : explain SELECT c FROM sbtest3 WHERE id BETWEEN 83881 AND 84880
	Bitmap Heap Scan on sbtest3  (cost=34.40..3768.10 rows=972 width=121)
	  Recheck Cond: ((id >= 83881) AND (id <= 84880))
	  ->  Bitmap Index Scan on sbtest3_pkey  (cost=0.00..34.16 rows=972 width=0)
	        Index Cond: ((id >= 83881) AND (id <= 84880))

table 4 : explain SELECT c FROM sbtest4 WHERE id BETWEEN 5317626 AND 5318625
	Bitmap Heap Scan on sbtest4  (cost=35.19..4059.52 rows=1049 width=121)
	  Recheck Cond: ((id >= 5317626) AND (id <= 5318625))
	  ->  Bitmap Index Scan on sbtest4_pkey  (cost=0.00..34.93 rows=1049 width=0)
	        Index Cond: ((id >= 5317626) AND (id <= 5318625))

table 5 : explain SELECT c FROM sbtest5 WHERE id BETWEEN 1484112 AND 1485111
	Bitmap Heap Scan on sbtest5  (cost=34.26..3721.64 rows=959 width=121)
	  Recheck Cond: ((id >= 1484112) AND (id <= 1485111))
	  ->  Bitmap Index Scan on sbtest5_pkey  (cost=0.00..34.03 rows=959 width=0)
	        Index Cond: ((id >= 1484112) AND (id <= 1485111))

table 6 : explain SELECT c FROM sbtest6 WHERE id BETWEEN 2681128 AND 2682127
	Bitmap Heap Scan on sbtest6  (cost=34.14..3675.13 rows=947 width=121)
	  Recheck Cond: ((id >= 2681128) AND (id <= 2682127))
	  ->  Bitmap Index Scan on sbtest6_pkey  (cost=0.00..33.91 rows=947 width=0)
	        Index Cond: ((id >= 2681128) AND (id <= 2682127))

table 7 : explain SELECT c FROM sbtest7 WHERE id BETWEEN 8501999 AND 8502998
	Bitmap Heap Scan on sbtest7  (cost=34.09..3657.06 rows=942 width=121)
	  Recheck Cond: ((id >= 8501999) AND (id <= 8502998))
	  ->  Bitmap Index Scan on sbtest7_pkey  (cost=0.00..33.86 rows=942 width=0)
	        Index Cond: ((id >= 8501999) AND (id <= 8502998))

table 8 : explain SELECT c FROM sbtest8 WHERE id BETWEEN 2540818 AND 2541817
	Bitmap Heap Scan on sbtest8  (cost=35.53..4185.31 rows=1082 width=121)
	  Recheck Cond: ((id >= 2540818) AND (id <= 2541817))
	  ->  Bitmap Index Scan on sbtest8_pkey  (cost=0.00..35.26 rows=1082 width=0)
	        Index Cond: ((id >= 2540818) AND (id <= 2541817))

for: order_ranges
table 1 : explain SELECT c FROM sbtest1 WHERE id BETWEEN 1315015 AND 1316014 ORDER BY c
	Sort  (cost=3833.79..3836.22 rows=975 width=121)
	  Sort Key: c
	  ->  Bitmap Heap Scan on sbtest1  (cost=34.43..3785.38 rows=975 width=121)
	        Recheck Cond: ((id >= 1315015) AND (id <= 1316014))
	        ->  Bitmap Index Scan on sbtest1_pkey  (cost=0.00..34.19 rows=975 width=0)
	              Index Cond: ((id >= 1315015) AND (id <= 1316014))

table 2 : explain SELECT c FROM sbtest2 WHERE id BETWEEN 1918143 AND 1919142 ORDER BY c
	Sort  (cost=3958.19..3960.72 rows=1009 width=121)
	  Sort Key: c
	  ->  Bitmap Heap Scan on sbtest2  (cost=34.78..3907.85 rows=1009 width=121)
	        Recheck Cond: ((id >= 1918143) AND (id <= 1919142))
	        ->  Bitmap Index Scan on sbtest2_pkey  (cost=0.00..34.53 rows=1009 width=0)
	              Index Cond: ((id >= 1918143) AND (id <= 1919142))

table 3 : explain SELECT c FROM sbtest3 WHERE id BETWEEN 4648646 AND 4649645 ORDER BY c
	Sort  (cost=3957.86..3960.39 rows=1009 width=121)
	  Sort Key: c
	  ->  Bitmap Heap Scan on sbtest3  (cost=34.78..3907.52 rows=1009 width=121)
	        Recheck Cond: ((id >= 4648646) AND (id <= 4649645))
	        ->  Bitmap Index Scan on sbtest3_pkey  (cost=0.00..34.53 rows=1009 width=0)
	              Index Cond: ((id >= 4648646) AND (id <= 4649645))

table 4 : explain SELECT c FROM sbtest4 WHERE id BETWEEN 724201 AND 725200 ORDER BY c
	Sort  (cost=3832.97..3835.41 rows=976 width=121)
	  Sort Key: c
	  ->  Bitmap Heap Scan on sbtest4  (cost=34.44..3784.51 rows=976 width=121)
	        Recheck Cond: ((id >= 724201) AND (id <= 725200))
	        ->  Bitmap Index Scan on sbtest4_pkey  (cost=0.00..34.20 rows=976 width=0)
	              Index Cond: ((id >= 724201) AND (id <= 725200))

table 5 : explain SELECT c FROM sbtest5 WHERE id BETWEEN 5383280 AND 5384279 ORDER BY c
	Sort  (cost=3792.14..3794.55 rows=965 width=121)
	  Sort Key: c
	  ->  Bitmap Heap Scan on sbtest5  (cost=34.33..3744.30 rows=965 width=121)
	        Recheck Cond: ((id >= 5383280) AND (id <= 5384279))
	        ->  Bitmap Index Scan on sbtest5_pkey  (cost=0.00..34.09 rows=965 width=0)
	              Index Cond: ((id >= 5383280) AND (id <= 5384279))

table 6 : explain SELECT c FROM sbtest6 WHERE id BETWEEN 3515138 AND 3516137 ORDER BY c
	Sort  (cost=3989.93..3992.47 rows=1017 width=121)
	  Sort Key: c
	  ->  Bitmap Heap Scan on sbtest6  (cost=34.86..3939.13 rows=1017 width=121)
	        Recheck Cond: ((id >= 3515138) AND (id <= 3516137))
	        ->  Bitmap Index Scan on sbtest6_pkey  (cost=0.00..34.61 rows=1017 width=0)
	              Index Cond: ((id >= 3515138) AND (id <= 3516137))

table 7 : explain SELECT c FROM sbtest7 WHERE id BETWEEN 7245809 AND 7246808 ORDER BY c
	Sort  (cost=3887.51..3889.98 rows=990 width=121)
	  Sort Key: c
	  ->  Bitmap Heap Scan on sbtest7  (cost=34.58..3838.25 rows=990 width=121)
	        Recheck Cond: ((id >= 7245809) AND (id <= 7246808))
	        ->  Bitmap Index Scan on sbtest7_pkey  (cost=0.00..34.34 rows=990 width=0)
	              Index Cond: ((id >= 7245809) AND (id <= 7246808))

table 8 : explain SELECT c FROM sbtest8 WHERE id BETWEEN 815796 AND 816795 ORDER BY c
	Sort  (cost=3903.35..3905.83 rows=994 width=121)
	  Sort Key: c
	  ->  Bitmap Heap Scan on sbtest8  (cost=34.62..3853.86 rows=994 width=121)
	        Recheck Cond: ((id >= 815796) AND (id <= 816795))
	        ->  Bitmap Index Scan on sbtest8_pkey  (cost=0.00..34.38 rows=994 width=0)
	              Index Cond: ((id >= 815796) AND (id <= 816795))

for: sum_ranges
table 1 : explain SELECT SUM(k) FROM sbtest1 WHERE id BETWEEN 5073786 AND 5074785
	Aggregate  (cost=4206.84..4206.85 rows=1 width=8)
	  ->  Bitmap Heap Scan on sbtest1  (cost=35.57..4204.12 rows=1086 width=4)
	        Recheck Cond: ((id >= 5073786) AND (id <= 5074785))
	        ->  Bitmap Index Scan on sbtest1_pkey  (cost=0.00..35.30 rows=1086 width=0)
	              Index Cond: ((id >= 5073786) AND (id <= 5074785))

table 2 : explain SELECT SUM(k) FROM sbtest2 WHERE id BETWEEN 2798488 AND 2799487
	Aggregate  (cost=3695.34..3695.35 rows=1 width=8)
	  ->  Bitmap Heap Scan on sbtest2  (cost=34.19..3692.96 rows=952 width=4)
	        Recheck Cond: ((id >= 2798488) AND (id <= 2799487))
	        ->  Bitmap Index Scan on sbtest2_pkey  (cost=0.00..33.95 rows=952 width=0)
	              Index Cond: ((id >= 2798488) AND (id <= 2799487))

table 3 : explain SELECT SUM(k) FROM sbtest3 WHERE id BETWEEN 7395846 AND 7396845
	Aggregate  (cost=3641.95..3641.96 rows=1 width=8)
	  ->  Bitmap Heap Scan on sbtest3  (cost=30.06..3639.60 rows=939 width=4)
	        Recheck Cond: ((id >= 7395846) AND (id <= 7396845))
	        ->  Bitmap Index Scan on sbtest3_pkey  (cost=0.00..29.82 rows=939 width=0)
	              Index Cond: ((id >= 7395846) AND (id <= 7396845))

table 4 : explain SELECT SUM(k) FROM sbtest4 WHERE id BETWEEN 9729218 AND 9730217
	Aggregate  (cost=4039.55..4039.56 rows=1 width=8)
	  ->  Bitmap Heap Scan on sbtest4  (cost=35.13..4036.95 rows=1043 width=4)
	        Recheck Cond: ((id >= 9729218) AND (id <= 9730217))
	        ->  Bitmap Index Scan on sbtest4_pkey  (cost=0.00..34.87 rows=1043 width=0)
	              Index Cond: ((id >= 9729218) AND (id <= 9730217))

table 5 : explain SELECT SUM(k) FROM sbtest5 WHERE id BETWEEN 7139807 AND 7140806
	Aggregate  (cost=4187.87..4187.88 rows=1 width=8)
	  ->  Bitmap Heap Scan on sbtest5  (cost=35.53..4185.16 rows=1082 width=4)
	        Recheck Cond: ((id >= 7139807) AND (id <= 7140806))
	        ->  Bitmap Index Scan on sbtest5_pkey  (cost=0.00..35.26 rows=1082 width=0)
	              Index Cond: ((id >= 7139807) AND (id <= 7140806))

table 6 : explain SELECT SUM(k) FROM sbtest6 WHERE id BETWEEN 3431602 AND 3432601
	Aggregate  (cost=3715.28..3715.29 rows=1 width=8)
	  ->  Bitmap Heap Scan on sbtest6  (cost=34.24..3712.89 rows=957 width=4)
	        Recheck Cond: ((id >= 3431602) AND (id <= 3432601))
	        ->  Bitmap Index Scan on sbtest6_pkey  (cost=0.00..34.01 rows=957 width=0)
	              Index Cond: ((id >= 3431602) AND (id <= 3432601))

table 7 : explain SELECT SUM(k) FROM sbtest7 WHERE id BETWEEN 9787227 AND 9788226
	Aggregate  (cost=3870.91..3870.92 rows=1 width=8)
	  ->  Bitmap Heap Scan on sbtest7  (cost=34.66..3868.42 rows=998 width=4)
	        Recheck Cond: ((id >= 9787227) AND (id <= 9788226))
	        ->  Bitmap Index Scan on sbtest7_pkey  (cost=0.00..34.42 rows=998 width=0)
	              Index Cond: ((id >= 9787227) AND (id <= 9788226))

table 8 : explain SELECT SUM(k) FROM sbtest8 WHERE id BETWEEN 4490990 AND 4491989
	Aggregate  (cost=3916.72..3916.73 rows=1 width=8)
	  ->  Bitmap Heap Scan on sbtest8  (cost=34.79..3914.19 rows=1010 width=4)
	        Recheck Cond: ((id >= 4490990) AND (id <= 4491989))
	        ->  Bitmap Index Scan on sbtest8_pkey  (cost=0.00..34.54 rows=1010 width=0)
	              Index Cond: ((id >= 4490990) AND (id <= 4491989))

for: sum_ranges
table 1 : explain SELECT SUM(k) FROM sbtest1 WHERE id BETWEEN 3769522 AND 3770521
	Aggregate  (cost=3621.08..3621.09 rows=1 width=8)
	  ->  Bitmap Heap Scan on sbtest1  (cost=29.99..3618.75 rows=932 width=4)
	        Recheck Cond: ((id >= 3769522) AND (id <= 3770521))
	        ->  Bitmap Index Scan on sbtest1_pkey  (cost=0.00..29.75 rows=932 width=0)
	              Index Cond: ((id >= 3769522) AND (id <= 3770521))

table 2 : explain SELECT SUM(k) FROM sbtest2 WHERE id BETWEEN 2451334 AND 2452333
	Aggregate  (cost=3631.13..3631.14 rows=1 width=8)
	  ->  Bitmap Heap Scan on sbtest2  (cost=34.02..3628.79 rows=935 width=4)
	        Recheck Cond: ((id >= 2451334) AND (id <= 2452333))
	        ->  Bitmap Index Scan on sbtest2_pkey  (cost=0.00..33.79 rows=935 width=0)
	              Index Cond: ((id >= 2451334) AND (id <= 2452333))

table 3 : explain SELECT SUM(k) FROM sbtest3 WHERE id BETWEEN 704925 AND 705924
	Aggregate  (cost=3717.70..3717.71 rows=1 width=8)
	  ->  Bitmap Heap Scan on sbtest3  (cost=34.25..3715.30 rows=958 width=4)
	        Recheck Cond: ((id >= 704925) AND (id <= 705924))
	        ->  Bitmap Index Scan on sbtest3_pkey  (cost=0.00..34.02 rows=958 width=0)
	              Index Cond: ((id >= 704925) AND (id <= 705924))

table 4 : explain SELECT SUM(k) FROM sbtest4 WHERE id BETWEEN 1096572 AND 1097571
	Aggregate  (cost=3707.65..3707.66 rows=1 width=8)
	  ->  Bitmap Heap Scan on sbtest4  (cost=34.22..3705.26 rows=955 width=4)
	        Recheck Cond: ((id >= 1096572) AND (id <= 1097571))
	        ->  Bitmap Index Scan on sbtest4_pkey  (cost=0.00..33.98 rows=955 width=0)
	              Index Cond: ((id >= 1096572) AND (id <= 1097571))

table 5 : explain SELECT SUM(k) FROM sbtest5 WHERE id BETWEEN 2497214 AND 2498213
	Aggregate  (cost=3746.71..3746.72 rows=1 width=8)
	  ->  Bitmap Heap Scan on sbtest5  (cost=34.33..3744.30 rows=965 width=4)
	        Recheck Cond: ((id >= 2497214) AND (id <= 2498213))
	        ->  Bitmap Index Scan on sbtest5_pkey  (cost=0.00..34.09 rows=965 width=0)
	              Index Cond: ((id >= 2497214) AND (id <= 2498213))

table 6 : explain SELECT SUM(k) FROM sbtest6 WHERE id BETWEEN 3443384 AND 3444383
	Aggregate  (cost=3715.28..3715.29 rows=1 width=8)
	  ->  Bitmap Heap Scan on sbtest6  (cost=34.24..3712.89 rows=957 width=4)
	        Recheck Cond: ((id >= 3443384) AND (id <= 3444383))
	        ->  Bitmap Index Scan on sbtest6_pkey  (cost=0.00..34.01 rows=957 width=0)
	              Index Cond: ((id >= 3443384) AND (id <= 3444383))

table 7 : explain SELECT SUM(k) FROM sbtest7 WHERE id BETWEEN 7621753 AND 7622752
	Aggregate  (cost=3833.18..3833.19 rows=1 width=8)
	  ->  Bitmap Heap Scan on sbtest7  (cost=34.56..3830.71 rows=988 width=4)
	        Recheck Cond: ((id >= 7621753) AND (id <= 7622752))
	        ->  Bitmap Index Scan on sbtest7_pkey  (cost=0.00..34.32 rows=988 width=0)
	              Index Cond: ((id >= 7621753) AND (id <= 7622752))

table 8 : explain SELECT SUM(k) FROM sbtest8 WHERE id BETWEEN 4357090 AND 4358089
	Aggregate  (cost=3436.37..3436.38 rows=1 width=8)
	  ->  Bitmap Heap Scan on sbtest8  (cost=29.50..3434.16 rows=884 width=4)
	        Recheck Cond: ((id >= 4357090) AND (id <= 4358089))
	        ->  Bitmap Index Scan on sbtest8_pkey  (cost=0.00..29.27 rows=884 width=0)
	              Index Cond: ((id >= 4357090) AND (id <= 4358089))

for: sum_ranges
table 1 : explain SELECT SUM(k) FROM sbtest1 WHERE id BETWEEN 6382465 AND 6383464
	Aggregate  (cost=4282.18..4282.19 rows=1 width=8)
	  ->  Bitmap Heap Scan on sbtest1  (cost=35.77..4279.42 rows=1106 width=4)
	        Recheck Cond: ((id >= 6382465) AND (id <= 6383464))
	        ->  Bitmap Index Scan on sbtest1_pkey  (cost=0.00..35.50 rows=1106 width=0)
	              Index Cond: ((id >= 6382465) AND (id <= 6383464))

table 2 : explain SELECT SUM(k) FROM sbtest2 WHERE id BETWEEN 7719617 AND 7720616
	Aggregate  (cost=3891.53..3891.54 rows=1 width=8)
	  ->  Bitmap Heap Scan on sbtest2  (cost=34.73..3889.02 rows=1004 width=4)
	        Recheck Cond: ((id >= 7719617) AND (id <= 7720616))
	        ->  Bitmap Index Scan on sbtest2_pkey  (cost=0.00..34.48 rows=1004 width=0)
	              Index Cond: ((id >= 7719617) AND (id <= 7720616))

table 3 : explain SELECT SUM(k) FROM sbtest3 WHERE id BETWEEN 6138919 AND 6139918
	Aggregate  (cost=3872.36..3872.37 rows=1 width=8)
	  ->  Bitmap Heap Scan on sbtest3  (cost=34.67..3869.86 rows=999 width=4)
	        Recheck Cond: ((id >= 6138919) AND (id <= 6139918))
	        ->  Bitmap Index Scan on sbtest3_pkey  (cost=0.00..34.43 rows=999 width=0)
	              Index Cond: ((id >= 6138919) AND (id <= 6139918))

table 4 : explain SELECT SUM(k) FROM sbtest4 WHERE id BETWEEN 3035311 AND 3036310
	Aggregate  (cost=3866.18..3866.19 rows=1 width=8)
	  ->  Bitmap Heap Scan on sbtest4  (cost=34.65..3863.69 rows=997 width=4)
	        Recheck Cond: ((id >= 3035311) AND (id <= 3036310))
	        ->  Bitmap Index Scan on sbtest4_pkey  (cost=0.00..34.41 rows=997 width=0)
	              Index Cond: ((id >= 3035311) AND (id <= 3036310))

table 5 : explain SELECT SUM(k) FROM sbtest5 WHERE id BETWEEN 9868620 AND 9869619
	Aggregate  (cost=3954.31..3954.32 rows=1 width=8)
	  ->  Bitmap Heap Scan on sbtest5  (cost=34.89..3951.76 rows=1020 width=4)
	        Recheck Cond: ((id >= 9868620) AND (id <= 9869619))
	        ->  Bitmap Index Scan on sbtest5_pkey  (cost=0.00..34.64 rows=1020 width=0)
	              Index Cond: ((id >= 9868620) AND (id <= 9869619))

table 6 : explain SELECT SUM(k) FROM sbtest6 WHERE id BETWEEN 7885340 AND 7886339
	Aggregate  (cost=4017.04..4017.05 rows=1 width=8)
	  ->  Bitmap Heap Scan on sbtest6  (cost=35.06..4014.45 rows=1037 width=4)
	        Recheck Cond: ((id >= 7885340) AND (id <= 7886339))
	        ->  Bitmap Index Scan on sbtest6_pkey  (cost=0.00..34.81 rows=1037 width=0)
	              Index Cond: ((id >= 7885340) AND (id <= 7886339))

table 7 : explain SELECT SUM(k) FROM sbtest7 WHERE id BETWEEN 7912133 AND 7913132
	Aggregate  (cost=3670.76..3670.77 rows=1 width=8)
	  ->  Bitmap Heap Scan on sbtest7  (cost=34.12..3668.39 rows=945 width=4)
	        Recheck Cond: ((id >= 7912133) AND (id <= 7913132))
	        ->  Bitmap Index Scan on sbtest7_pkey  (cost=0.00..33.89 rows=945 width=0)
	              Index Cond: ((id >= 7912133) AND (id <= 7913132))

table 8 : explain SELECT SUM(k) FROM sbtest8 WHERE id BETWEEN 2316335 AND 2317334
	Aggregate  (cost=3894.08..3894.09 rows=1 width=8)
	  ->  Bitmap Heap Scan on sbtest8  (cost=34.73..3891.57 rows=1004 width=4)
	        Recheck Cond: ((id >= 2316335) AND (id <= 2317334))
	        ->  Bitmap Index Scan on sbtest8_pkey  (cost=0.00..34.48 rows=1004 width=0)
	              Index Cond: ((id >= 2316335) AND (id <= 2317334))

for: distinct_ranges
table 1 : explain SELECT DISTINCT c FROM sbtest1 WHERE id BETWEEN 1793703 AND 1794702 ORDER BY c
	Unique  (cost=3814.60..3819.45 rows=970 width=121)
	  ->  Sort  (cost=3814.60..3817.03 rows=970 width=121)
	        Sort Key: c
	        ->  Bitmap Heap Scan on sbtest1  (cost=34.38..3766.48 rows=970 width=121)
	              Recheck Cond: ((id >= 1793703) AND (id <= 1794702))
	              ->  Bitmap Index Scan on sbtest1_pkey  (cost=0.00..34.14 rows=970 width=0)
	                    Index Cond: ((id >= 1793703) AND (id <= 1794702))

table 2 : explain SELECT DISTINCT c FROM sbtest2 WHERE id BETWEEN 6091800 AND 6092799 ORDER BY c
	Unique  (cost=3720.91..3725.65 rows=947 width=121)
	  ->  Sort  (cost=3720.91..3723.28 rows=947 width=121)
	        Sort Key: c
	        ->  Bitmap Heap Scan on sbtest2  (cost=34.14..3674.09 rows=947 width=121)
	              Recheck Cond: ((id >= 6091800) AND (id <= 6092799))
	              ->  Bitmap Index Scan on sbtest2_pkey  (cost=0.00..33.91 rows=947 width=0)
	                    Index Cond: ((id >= 6091800) AND (id <= 6092799))

table 3 : explain SELECT DISTINCT c FROM sbtest3 WHERE id BETWEEN 1786471 AND 1787470 ORDER BY c
	Unique  (cost=3689.80..3694.50 rows=940 width=121)
	  ->  Sort  (cost=3689.80..3692.15 rows=940 width=121)
	        Sort Key: c
	        ->  Bitmap Heap Scan on sbtest3  (cost=30.07..3643.38 rows=940 width=121)
	              Recheck Cond: ((id >= 1786471) AND (id <= 1787470))
	              ->  Bitmap Index Scan on sbtest3_pkey  (cost=0.00..29.83 rows=940 width=0)
	                    Index Cond: ((id >= 1786471) AND (id <= 1787470))

table 4 : explain SELECT DISTINCT c FROM sbtest4 WHERE id BETWEEN 1606605 AND 1607604 ORDER BY c
	Unique  (cost=3721.88..3726.61 rows=947 width=121)
	  ->  Sort  (cost=3721.88..3724.24 rows=947 width=121)
	        Sort Key: c
	        ->  Bitmap Heap Scan on sbtest4  (cost=34.14..3675.06 rows=947 width=121)
	              Recheck Cond: ((id >= 1606605) AND (id <= 1607604))
	              ->  Bitmap Index Scan on sbtest4_pkey  (cost=0.00..33.91 rows=947 width=0)
	                    Index Cond: ((id >= 1606605) AND (id <= 1607604))

table 5 : explain SELECT DISTINCT c FROM sbtest5 WHERE id BETWEEN 1201227 AND 1202226 ORDER BY c
	Unique  (cost=4029.51..4034.64 rows=1027 width=121)
	  ->  Sort  (cost=4029.51..4032.07 rows=1027 width=121)
	        Sort Key: c
	        ->  Bitmap Heap Scan on sbtest5  (cost=34.96..3978.14 rows=1027 width=121)
	              Recheck Cond: ((id >= 1201227) AND (id <= 1202226))
	              ->  Bitmap Index Scan on sbtest5_pkey  (cost=0.00..34.70 rows=1027 width=0)
	                    Index Cond: ((id >= 1201227) AND (id <= 1202226))

table 6 : explain SELECT DISTINCT c FROM sbtest6 WHERE id BETWEEN 4884983 AND 4885982 ORDER BY c
	Unique  (cost=4135.16..4140.44 rows=1055 width=121)
	  ->  Sort  (cost=4135.16..4137.80 rows=1055 width=121)
	        Sort Key: c
	        ->  Bitmap Heap Scan on sbtest6  (cost=35.25..4082.18 rows=1055 width=121)
	              Recheck Cond: ((id >= 4884983) AND (id <= 4885982))
	              ->  Bitmap Index Scan on sbtest6_pkey  (cost=0.00..34.98 rows=1055 width=0)
	                    Index Cond: ((id >= 4884983) AND (id <= 4885982))

table 7 : explain SELECT DISTINCT c FROM sbtest7 WHERE id BETWEEN 4011939 AND 4012938 ORDER BY c
	Unique  (cost=3971.71..3976.77 rows=1012 width=121)
	  ->  Sort  (cost=3971.71..3974.24 rows=1012 width=121)
	        Sort Key: c
	        ->  Bitmap Heap Scan on sbtest7  (cost=34.81..3921.20 rows=1012 width=121)
	              Recheck Cond: ((id >= 4011939) AND (id <= 4012938))
	              ->  Bitmap Index Scan on sbtest7_pkey  (cost=0.00..34.56 rows=1012 width=0)
	                    Index Cond: ((id >= 4011939) AND (id <= 4012938))

table 8 : explain SELECT DISTINCT c FROM sbtest8 WHERE id BETWEEN 2090472 AND 2091471 ORDER BY c
	Unique  (cost=4060.23..4065.41 rows=1035 width=121)
	  ->  Sort  (cost=4060.23..4062.82 rows=1035 width=121)
	        Sort Key: c
	        ->  Bitmap Heap Scan on sbtest8  (cost=35.04..4008.40 rows=1035 width=121)
	              Recheck Cond: ((id >= 2090472) AND (id <= 2091471))
	              ->  Bitmap Index Scan on sbtest8_pkey  (cost=0.00..34.79 rows=1035 width=0)
	                    Index Cond: ((id >= 2090472) AND (id <= 2091471))

for: sum_ranges
table 1 : explain SELECT SUM(k) FROM sbtest1 WHERE id BETWEEN 9303828 AND 9304827
	Aggregate  (cost=4172.92..4172.93 rows=1 width=8)
	  ->  Bitmap Heap Scan on sbtest1  (cost=35.47..4170.23 rows=1077 width=4)
	        Recheck Cond: ((id >= 9303828) AND (id <= 9304827))
	        ->  Bitmap Index Scan on sbtest1_pkey  (cost=0.00..35.20 rows=1077 width=0)
	              Index Cond: ((id >= 9303828) AND (id <= 9304827))

table 2 : explain SELECT SUM(k) FROM sbtest2 WHERE id BETWEEN 226865 AND 227864
	Aggregate  (cost=3812.34..3812.35 rows=1 width=8)
	  ->  Bitmap Heap Scan on sbtest2  (cost=34.51..3809.88 rows=983 width=4)
	        Recheck Cond: ((id >= 226865) AND (id <= 227864))
	        ->  Bitmap Index Scan on sbtest2_pkey  (cost=0.00..34.27 rows=983 width=0)
	              Index Cond: ((id >= 226865) AND (id <= 227864))

table 3 : explain SELECT SUM(k) FROM sbtest3 WHERE id BETWEEN 3505539 AND 3506538
	Aggregate  (cost=3555.03..3555.04 rows=1 width=8)
	  ->  Bitmap Heap Scan on sbtest3  (cost=29.82..3552.74 rows=916 width=4)
	        Recheck Cond: ((id >= 3505539) AND (id <= 3506538))
	        ->  Bitmap Index Scan on sbtest3_pkey  (cost=0.00..29.59 rows=916 width=0)
	              Index Cond: ((id >= 3505539) AND (id <= 3506538))

table 4 : explain SELECT SUM(k) FROM sbtest4 WHERE id BETWEEN 1968319 AND 1969318
	Aggregate  (cost=3408.62..3408.63 rows=1 width=8)
	  ->  Bitmap Heap Scan on sbtest4  (cost=29.42..3406.42 rows=877 width=4)
	        Recheck Cond: ((id >= 1968319) AND (id <= 1969318))
	        ->  Bitmap Index Scan on sbtest4_pkey  (cost=0.00..29.20 rows=877 width=0)
	              Index Cond: ((id >= 1968319) AND (id <= 1969318))

table 5 : explain SELECT SUM(k) FROM sbtest5 WHERE id BETWEEN 7729476 AND 7730475
	Aggregate  (cost=3965.62..3965.63 rows=1 width=8)
	  ->  Bitmap Heap Scan on sbtest5  (cost=34.92..3963.06 rows=1023 width=4)
	        Recheck Cond: ((id >= 7729476) AND (id <= 7730475))
	        ->  Bitmap Index Scan on sbtest5_pkey  (cost=0.00..34.67 rows=1023 width=0)
	              Index Cond: ((id >= 7729476) AND (id <= 7730475))

table 6 : explain SELECT SUM(k) FROM sbtest6 WHERE id BETWEEN 7739802 AND 7740801
	Aggregate  (cost=3771.92..3771.93 rows=1 width=8)
	  ->  Bitmap Heap Scan on sbtest6  (cost=34.40..3769.49 rows=972 width=4)
	        Recheck Cond: ((id >= 7739802) AND (id <= 7740801))
	        ->  Bitmap Index Scan on sbtest6_pkey  (cost=0.00..34.16 rows=972 width=0)
	              Index Cond: ((id >= 7739802) AND (id <= 7740801))

table 7 : explain SELECT SUM(k) FROM sbtest7 WHERE id BETWEEN 6298077 AND 6299076
	Aggregate  (cost=3912.41..3912.42 rows=1 width=8)
	  ->  Bitmap Heap Scan on sbtest7  (cost=34.78..3909.89 rows=1009 width=4)
	        Recheck Cond: ((id >= 6298077) AND (id <= 6299076))
	        ->  Bitmap Index Scan on sbtest7_pkey  (cost=0.00..34.53 rows=1009 width=0)
	              Index Cond: ((id >= 6298077) AND (id <= 6299076))

table 8 : explain SELECT SUM(k) FROM sbtest8 WHERE id BETWEEN 9748026 AND 9749025
	Aggregate  (cost=3663.68..3663.69 rows=1 width=8)
	  ->  Bitmap Heap Scan on sbtest8  (cost=34.10..3661.32 rows=943 width=4)
	        Recheck Cond: ((id >= 9748026) AND (id <= 9749025))
	        ->  Bitmap Index Scan on sbtest8_pkey  (cost=0.00..33.87 rows=943 width=0)
	              Index Cond: ((id >= 9748026) AND (id <= 9749025))

for point_selects
table 1 : explain SELECT c FROM sbtest1 WHERE id=4218962
	Index Scan using sbtest1_pkey on sbtest1  (cost=0.43..8.45 rows=1 width=121)
	  Index Cond: (id = 4218962)

table 2 : explain SELECT c FROM sbtest2 WHERE id=1023280
	Index Scan using sbtest2_pkey on sbtest2  (cost=0.43..8.45 rows=1 width=121)
	  Index Cond: (id = 1023280)

table 3 : explain SELECT c FROM sbtest3 WHERE id=3586943
	Index Scan using sbtest3_pkey on sbtest3  (cost=0.43..8.45 rows=1 width=121)
	  Index Cond: (id = 3586943)

table 4 : explain SELECT c FROM sbtest4 WHERE id=6526982
	Index Scan using sbtest4_pkey on sbtest4  (cost=0.43..8.45 rows=1 width=121)
	  Index Cond: (id = 6526982)

table 5 : explain SELECT c FROM sbtest5 WHERE id=9458269
	Index Scan using sbtest5_pkey on sbtest5  (cost=0.43..8.45 rows=1 width=121)
	  Index Cond: (id = 9458269)

table 6 : explain SELECT c FROM sbtest6 WHERE id=8159682
	Index Scan using sbtest6_pkey on sbtest6  (cost=0.43..8.45 rows=1 width=121)
	  Index Cond: (id = 8159682)

table 7 : explain SELECT c FROM sbtest7 WHERE id=6613454
	Index Scan using sbtest7_pkey on sbtest7  (cost=0.43..8.45 rows=1 width=121)
	  Index Cond: (id = 6613454)

table 8 : explain SELECT c FROM sbtest8 WHERE id=3282997
	Index Scan using sbtest8_pkey on sbtest8  (cost=0.43..8.45 rows=1 width=121)
	  Index Cond: (id = 3282997)

for: sum_ranges
table 1 : explain SELECT SUM(k) FROM sbtest1 WHERE id BETWEEN 8812922 AND 8813921
	Aggregate  (cost=3878.55..3878.56 rows=1 width=8)
	  ->  Bitmap Heap Scan on sbtest1  (cost=34.67..3876.05 rows=999 width=4)
	        Recheck Cond: ((id >= 8812922) AND (id <= 8813921))
	        ->  Bitmap Index Scan on sbtest1_pkey  (cost=0.00..34.43 rows=999 width=0)
	              Index Cond: ((id >= 8812922) AND (id <= 8813921))

table 2 : explain SELECT SUM(k) FROM sbtest2 WHERE id BETWEEN 2308257 AND 2309256
	Aggregate  (cost=3483.45..3483.46 rows=1 width=8)
	  ->  Bitmap Heap Scan on sbtest2  (cost=29.63..3481.21 rows=897 width=4)
	        Recheck Cond: ((id >= 2308257) AND (id <= 2309256))
	        ->  Bitmap Index Scan on sbtest2_pkey  (cost=0.00..29.40 rows=897 width=0)
	              Index Cond: ((id >= 2308257) AND (id <= 2309256))

table 3 : explain SELECT SUM(k) FROM sbtest3 WHERE id BETWEEN 2244015 AND 2245014
	Aggregate  (cost=3683.72..3683.73 rows=1 width=8)
	  ->  Bitmap Heap Scan on sbtest3  (cost=34.16..3681.34 rows=949 width=4)
	        Recheck Cond: ((id >= 2244015) AND (id <= 2245014))
	        ->  Bitmap Index Scan on sbtest3_pkey  (cost=0.00..33.93 rows=949 width=0)
	              Index Cond: ((id >= 2244015) AND (id <= 2245014))

table 4 : explain SELECT SUM(k) FROM sbtest4 WHERE id BETWEEN 8662564 AND 8663563
	Aggregate  (cost=4269.05..4269.06 rows=1 width=8)
	  ->  Bitmap Heap Scan on sbtest4  (cost=35.75..4266.29 rows=1104 width=4)
	        Recheck Cond: ((id >= 8662564) AND (id <= 8663563))
	        ->  Bitmap Index Scan on sbtest4_pkey  (cost=0.00..35.48 rows=1104 width=0)
	              Index Cond: ((id >= 8662564) AND (id <= 8663563))

table 5 : explain SELECT SUM(k) FROM sbtest5 WHERE id BETWEEN 5748172 AND 5749171
	Aggregate  (cost=3617.97..3617.98 rows=1 width=8)
	  ->  Bitmap Heap Scan on sbtest5  (cost=29.99..3615.64 rows=932 width=4)
	        Recheck Cond: ((id >= 5748172) AND (id <= 5749171))
	        ->  Bitmap Index Scan on sbtest5_pkey  (cost=0.00..29.75 rows=932 width=0)
	              Index Cond: ((id >= 5748172) AND (id <= 5749171))

table 6 : explain SELECT SUM(k) FROM sbtest6 WHERE id BETWEEN 4518296 AND 4519295
	Aggregate  (cost=3798.34..3798.35 rows=1 width=8)
	  ->  Bitmap Heap Scan on sbtest6  (cost=34.47..3795.90 rows=979 width=4)
	        Recheck Cond: ((id >= 4518296) AND (id <= 4519295))
	        ->  Bitmap Index Scan on sbtest6_pkey  (cost=0.00..34.23 rows=979 width=0)
	              Index Cond: ((id >= 4518296) AND (id <= 4519295))

table 7 : explain SELECT SUM(k) FROM sbtest7 WHERE id BETWEEN 1054177 AND 1055176
	Aggregate  (cost=3780.32..3780.33 rows=1 width=8)
	  ->  Bitmap Heap Scan on sbtest7  (cost=34.42..3777.89 rows=974 width=4)
	        Recheck Cond: ((id >= 1054177) AND (id <= 1055176))
	        ->  Bitmap Index Scan on sbtest7_pkey  (cost=0.00..34.18 rows=974 width=0)
	              Index Cond: ((id >= 1054177) AND (id <= 1055176))

table 8 : explain SELECT SUM(k) FROM sbtest8 WHERE id BETWEEN 2250806 AND 2251805
	Aggregate  (cost=4014.76..4014.77 rows=1 width=8)
	  ->  Bitmap Heap Scan on sbtest8  (cost=35.05..4012.17 rows=1036 width=4)
	        Recheck Cond: ((id >= 2250806) AND (id <= 2251805))
	        ->  Bitmap Index Scan on sbtest8_pkey  (cost=0.00..34.80 rows=1036 width=0)
	              Index Cond: ((id >= 2250806) AND (id <= 2251805))

for: distinct_ranges
table 1 : explain SELECT DISTINCT c FROM sbtest1 WHERE id BETWEEN 5337700 AND 5338699 ORDER BY c
	Unique  (cost=4125.00..4130.25 rows=1051 width=121)
	  ->  Sort  (cost=4125.00..4127.63 rows=1051 width=121)
	        Sort Key: c
	        ->  Bitmap Heap Scan on sbtest1  (cost=35.21..4072.25 rows=1051 width=121)
	              Recheck Cond: ((id >= 5337700) AND (id <= 5338699))
	              ->  Bitmap Index Scan on sbtest1_pkey  (cost=0.00..34.95 rows=1051 width=0)
	                    Index Cond: ((id >= 5337700) AND (id <= 5338699))

table 2 : explain SELECT DISTINCT c FROM sbtest2 WHERE id BETWEEN 4700815 AND 4701814 ORDER BY c
	Unique  (cost=4282.74..4288.21 rows=1094 width=121)
	  ->  Sort  (cost=4282.74..4285.48 rows=1094 width=121)
	        Sort Key: c
	        ->  Bitmap Heap Scan on sbtest2  (cost=35.65..4227.52 rows=1094 width=121)
	              Recheck Cond: ((id >= 4700815) AND (id <= 4701814))
	              ->  Bitmap Index Scan on sbtest2_pkey  (cost=0.00..35.38 rows=1094 width=0)
	                    Index Cond: ((id >= 4700815) AND (id <= 4701814))

table 3 : explain SELECT DISTINCT c FROM sbtest3 WHERE id BETWEEN 5188803 AND 5189802 ORDER BY c
	Unique  (cost=3965.51..3970.57 rows=1011 width=121)
	  ->  Sort  (cost=3965.51..3968.04 rows=1011 width=121)
	        Sort Key: c
	        ->  Bitmap Heap Scan on sbtest3  (cost=34.80..3915.05 rows=1011 width=121)
	              Recheck Cond: ((id >= 5188803) AND (id <= 5189802))
	              ->  Bitmap Index Scan on sbtest3_pkey  (cost=0.00..34.55 rows=1011 width=0)
	                    Index Cond: ((id >= 5188803) AND (id <= 5189802))

table 4 : explain SELECT DISTINCT c FROM sbtest4 WHERE id BETWEEN 1785469 AND 1786468 ORDER BY c
	Unique  (cost=4173.26..4178.59 rows=1065 width=121)
	  ->  Sort  (cost=4173.26..4175.93 rows=1065 width=121)
	        Sort Key: c
	        ->  Bitmap Heap Scan on sbtest4  (cost=35.35..4119.71 rows=1065 width=121)
	              Recheck Cond: ((id >= 1785469) AND (id <= 1786468))
	              ->  Bitmap Index Scan on sbtest4_pkey  (cost=0.00..35.09 rows=1065 width=0)
	                    Index Cond: ((id >= 1785469) AND (id <= 1786468))

table 5 : explain SELECT DISTINCT c FROM sbtest5 WHERE id BETWEEN 6893858 AND 6894857 ORDER BY c
	Unique  (cost=3792.14..3796.96 rows=965 width=121)
	  ->  Sort  (cost=3792.14..3794.55 rows=965 width=121)
	        Sort Key: c
	        ->  Bitmap Heap Scan on sbtest5  (cost=34.33..3744.30 rows=965 width=121)
	              Recheck Cond: ((id >= 6893858) AND (id <= 6894857))
	              ->  Bitmap Index Scan on sbtest5_pkey  (cost=0.00..34.09 rows=965 width=0)
	                    Index Cond: ((id >= 6893858) AND (id <= 6894857))

table 6 : explain SELECT DISTINCT c FROM sbtest6 WHERE id BETWEEN 7471494 AND 7472493 ORDER BY c
	Unique  (cost=3576.06..3580.61 rows=910 width=121)
	  ->  Sort  (cost=3576.06..3578.33 rows=910 width=121)
	        Sort Key: c
	        ->  Bitmap Heap Scan on sbtest6  (cost=29.76..3531.33 rows=910 width=121)
	              Recheck Cond: ((id >= 7471494) AND (id <= 7472493))
	              ->  Bitmap Index Scan on sbtest6_pkey  (cost=0.00..29.54 rows=910 width=0)
	                    Index Cond: ((id >= 7471494) AND (id <= 7472493))

table 7 : explain SELECT DISTINCT c FROM sbtest7 WHERE id BETWEEN 3370531 AND 3371530 ORDER BY c
	Unique  (cost=4204.88..4210.24 rows=1073 width=121)
	  ->  Sort  (cost=4204.88..4207.56 rows=1073 width=121)
	        Sort Key: c
	        ->  Bitmap Heap Scan on sbtest7  (cost=35.43..4150.86 rows=1073 width=121)
	              Recheck Cond: ((id >= 3370531) AND (id <= 3371530))
	              ->  Bitmap Index Scan on sbtest7_pkey  (cost=0.00..35.17 rows=1073 width=0)
	                    Index Cond: ((id >= 3370531) AND (id <= 3371530))

table 8 : explain SELECT DISTINCT c FROM sbtest8 WHERE id BETWEEN 2234828 AND 2235827 ORDER BY c
	Unique  (cost=4064.06..4069.24 rows=1036 width=121)
	  ->  Sort  (cost=4064.06..4066.65 rows=1036 width=121)
	        Sort Key: c
	        ->  Bitmap Heap Scan on sbtest8  (cost=35.05..4012.17 rows=1036 width=121)
	              Recheck Cond: ((id >= 2234828) AND (id <= 2235827))
	              ->  Bitmap Index Scan on sbtest8_pkey  (cost=0.00..34.80 rows=1036 width=0)
	                    Index Cond: ((id >= 2234828) AND (id <= 2235827))

for: order_ranges
table 1 : explain SELECT c FROM sbtest1 WHERE id BETWEEN 3543260 AND 3544259 ORDER BY c
	Sort  (cost=3806.93..3809.35 rows=968 width=121)
	  Sort Key: c
	  ->  Bitmap Heap Scan on sbtest1  (cost=34.36..3758.92 rows=968 width=121)
	        Recheck Cond: ((id >= 3543260) AND (id <= 3544259))
	        ->  Bitmap Index Scan on sbtest1_pkey  (cost=0.00..34.12 rows=968 width=0)
	              Index Cond: ((id >= 3543260) AND (id <= 3544259))

table 2 : explain SELECT c FROM sbtest2 WHERE id BETWEEN 1398614 AND 1399613 ORDER BY c
	Sort  (cost=4202.64..4205.32 rows=1073 width=121)
	  Sort Key: c
	  ->  Bitmap Heap Scan on sbtest2  (cost=35.43..4148.63 rows=1073 width=121)
	        Recheck Cond: ((id >= 1398614) AND (id <= 1399613))
	        ->  Bitmap Index Scan on sbtest2_pkey  (cost=0.00..35.17 rows=1073 width=0)
	              Index Cond: ((id >= 1398614) AND (id <= 1399613))

table 3 : explain SELECT c FROM sbtest3 WHERE id BETWEEN 5568831 AND 5569830 ORDER BY c
	Sort  (cost=4328.20..4330.97 rows=1107 width=121)
	  Sort Key: c
	  ->  Bitmap Heap Scan on sbtest3  (cost=35.78..4272.23 rows=1107 width=121)
	        Recheck Cond: ((id >= 5568831) AND (id <= 5569830))
	        ->  Bitmap Index Scan on sbtest3_pkey  (cost=0.00..35.51 rows=1107 width=0)
	              Index Cond: ((id >= 5568831) AND (id <= 5569830))

table 4 : explain SELECT c FROM sbtest4 WHERE id BETWEEN 9297330 AND 9298329 ORDER BY c
	Sort  (cost=4028.09..4030.65 rows=1027 width=121)
	  Sort Key: c
	  ->  Bitmap Heap Scan on sbtest4  (cost=34.96..3976.71 rows=1027 width=121)
	        Recheck Cond: ((id >= 9297330) AND (id <= 9298329))
	        ->  Bitmap Index Scan on sbtest4_pkey  (cost=0.00..34.70 rows=1027 width=0)
	              Index Cond: ((id >= 9297330) AND (id <= 9298329))

table 5 : explain SELECT c FROM sbtest5 WHERE id BETWEEN 9822665 AND 9823664 ORDER BY c
	Sort  (cost=4002.73..4005.28 rows=1020 width=121)
	  Sort Key: c
	  ->  Bitmap Heap Scan on sbtest5  (cost=34.89..3951.76 rows=1020 width=121)
	        Recheck Cond: ((id >= 9822665) AND (id <= 9823664))
	        ->  Bitmap Index Scan on sbtest5_pkey  (cost=0.00..34.64 rows=1020 width=0)
	              Index Cond: ((id >= 9822665) AND (id <= 9823664))

table 6 : explain SELECT c FROM sbtest6 WHERE id BETWEEN 8935019 AND 8936018 ORDER BY c
	Sort  (cost=4081.68..4084.28 rows=1041 width=121)
	  Sort Key: c
	  ->  Bitmap Heap Scan on sbtest6  (cost=35.11..4029.50 rows=1041 width=121)
	        Recheck Cond: ((id >= 8935019) AND (id <= 8936018))
	        ->  Bitmap Index Scan on sbtest6_pkey  (cost=0.00..34.84 rows=1041 width=0)
	              Index Cond: ((id >= 8935019) AND (id <= 8936018))

table 7 : explain SELECT c FROM sbtest7 WHERE id BETWEEN 7611305 AND 7612304 ORDER BY c
	Sort  (cost=3879.85..3882.32 rows=988 width=121)
	  Sort Key: c
	  ->  Bitmap Heap Scan on sbtest7  (cost=34.56..3830.71 rows=988 width=121)
	        Recheck Cond: ((id >= 7611305) AND (id <= 7612304))
	        ->  Bitmap Index Scan on sbtest7_pkey  (cost=0.00..34.32 rows=988 width=0)
	              Index Cond: ((id >= 7611305) AND (id <= 7612304))

table 8 : explain SELECT c FROM sbtest8 WHERE id BETWEEN 2875702 AND 2876701 ORDER BY c
	Sort  (cost=3619.51..3621.81 rows=921 width=121)
	  Sort Key: c
	  ->  Bitmap Heap Scan on sbtest8  (cost=29.88..3574.16 rows=921 width=121)
	        Recheck Cond: ((id >= 2875702) AND (id <= 2876701))
	        ->  Bitmap Index Scan on sbtest8_pkey  (cost=0.00..29.64 rows=921 width=0)
	              Index Cond: ((id >= 2875702) AND (id <= 2876701))

for point_selects
table 1 : explain SELECT c FROM sbtest1 WHERE id=6847534
	Index Scan using sbtest1_pkey on sbtest1  (cost=0.43..8.45 rows=1 width=121)
	  Index Cond: (id = 6847534)

table 2 : explain SELECT c FROM sbtest2 WHERE id=9023649
	Index Scan using sbtest2_pkey on sbtest2  (cost=0.43..8.45 rows=1 width=121)
	  Index Cond: (id = 9023649)

table 3 : explain SELECT c FROM sbtest3 WHERE id=7722434
	Index Scan using sbtest3_pkey on sbtest3  (cost=0.43..8.45 rows=1 width=121)
	  Index Cond: (id = 7722434)

table 4 : explain SELECT c FROM sbtest4 WHERE id=24519
	Index Scan using sbtest4_pkey on sbtest4  (cost=0.43..8.45 rows=1 width=121)
	  Index Cond: (id = 24519)

table 5 : explain SELECT c FROM sbtest5 WHERE id=3855505
	Index Scan using sbtest5_pkey on sbtest5  (cost=0.43..8.45 rows=1 width=121)
	  Index Cond: (id = 3855505)

table 6 : explain SELECT c FROM sbtest6 WHERE id=9662595
	Index Scan using sbtest6_pkey on sbtest6  (cost=0.43..8.45 rows=1 width=121)
	  Index Cond: (id = 9662595)

table 7 : explain SELECT c FROM sbtest7 WHERE id=1105696
	Index Scan using sbtest7_pkey on sbtest7  (cost=0.43..8.45 rows=1 width=121)
	  Index Cond: (id = 1105696)

table 8 : explain SELECT c FROM sbtest8 WHERE id=9462483
	Index Scan using sbtest8_pkey on sbtest8  (cost=0.43..8.45 rows=1 width=121)
	  Index Cond: (id = 9462483)

for: simple_ranges
table 1 : explain SELECT c FROM sbtest1 WHERE id BETWEEN 4066744 AND 4067743
	Bitmap Heap Scan on sbtest1  (cost=34.70..3883.60 rows=1001 width=121)
	  Recheck Cond: ((id >= 4066744) AND (id <= 4067743))
	  ->  Bitmap Index Scan on sbtest1_pkey  (cost=0.00..34.45 rows=1001 width=0)
	        Index Cond: ((id >= 4066744) AND (id <= 4067743))

table 2 : explain SELECT c FROM sbtest2 WHERE id BETWEEN 4483518 AND 4484517
	Bitmap Heap Scan on sbtest2  (cost=34.38..3760.87 rows=970 width=121)
	  Recheck Cond: ((id >= 4483518) AND (id <= 4484517))
	  ->  Bitmap Index Scan on sbtest2_pkey  (cost=0.00..34.14 rows=970 width=0)
	        Index Cond: ((id >= 4483518) AND (id <= 4484517))

table 3 : explain SELECT c FROM sbtest3 WHERE id BETWEEN 941000 AND 941999
	Bitmap Heap Scan on sbtest3  (cost=34.81..3918.82 rows=1012 width=121)
	  Recheck Cond: ((id >= 941000) AND (id <= 941999))
	  ->  Bitmap Index Scan on sbtest3_pkey  (cost=0.00..34.56 rows=1012 width=0)
	        Index Cond: ((id >= 941000) AND (id <= 941999))

table 4 : explain SELECT c FROM sbtest4 WHERE id BETWEEN 9946426 AND 9947425
	Bitmap Heap Scan on sbtest4  (cost=34.58..3837.30 rows=990 width=121)
	  Recheck Cond: ((id >= 9946426) AND (id <= 9947425))
	  ->  Bitmap Index Scan on sbtest4_pkey  (cost=0.00..34.34 rows=990 width=0)
	        Index Cond: ((id >= 9946426) AND (id <= 9947425))

table 5 : explain SELECT c FROM sbtest5 WHERE id BETWEEN 1174703 AND 1175702
	Bitmap Heap Scan on sbtest5  (cost=34.96..3978.14 rows=1027 width=121)
	  Recheck Cond: ((id >= 1174703) AND (id <= 1175702))
	  ->  Bitmap Index Scan on sbtest5_pkey  (cost=0.00..34.70 rows=1027 width=0)
	        Index Cond: ((id >= 1174703) AND (id <= 1175702))

table 6 : explain SELECT c FROM sbtest6 WHERE id BETWEEN 8957473 AND 8958472
	Bitmap Heap Scan on sbtest6  (cost=35.11..4029.50 rows=1041 width=121)
	  Recheck Cond: ((id >= 8957473) AND (id <= 8958472))
	  ->  Bitmap Index Scan on sbtest6_pkey  (cost=0.00..34.84 rows=1041 width=0)
	        Index Cond: ((id >= 8957473) AND (id <= 8958472))

table 7 : explain SELECT c FROM sbtest7 WHERE id BETWEEN 9054449 AND 9055448
	Bitmap Heap Scan on sbtest7  (cost=34.81..3921.20 rows=1012 width=121)
	  Recheck Cond: ((id >= 9054449) AND (id <= 9055448))
	  ->  Bitmap Index Scan on sbtest7_pkey  (cost=0.00..34.56 rows=1012 width=0)
	        Index Cond: ((id >= 9054449) AND (id <= 9055448))

table 8 : explain SELECT c FROM sbtest8 WHERE id BETWEEN 562383 AND 563382
	Bitmap Heap Scan on sbtest8  (cost=35.41..4143.93 rows=1071 width=121)
	  Recheck Cond: ((id >= 562383) AND (id <= 563382))
	  ->  Bitmap Index Scan on sbtest8_pkey  (cost=0.00..35.15 rows=1071 width=0)
	        Index Cond: ((id >= 562383) AND (id <= 563382))

for: distinct_ranges
table 1 : explain SELECT DISTINCT c FROM sbtest1 WHERE id BETWEEN 5335785 AND 5336784 ORDER BY c
	Unique  (cost=4125.00..4130.25 rows=1051 width=121)
	  ->  Sort  (cost=4125.00..4127.63 rows=1051 width=121)
	        Sort Key: c
	        ->  Bitmap Heap Scan on sbtest1  (cost=35.21..4072.25 rows=1051 width=121)
	              Recheck Cond: ((id >= 5335785) AND (id <= 5336784))
	              ->  Bitmap Index Scan on sbtest1_pkey  (cost=0.00..34.95 rows=1051 width=0)
	                    Index Cond: ((id >= 5335785) AND (id <= 5336784))

table 2 : explain SELECT DISTINCT c FROM sbtest2 WHERE id BETWEEN 8557307 AND 8558306 ORDER BY c
	Unique  (cost=3621.10..3625.71 rows=922 width=121)
	  ->  Sort  (cost=3621.10..3623.40 rows=922 width=121)
	        Sort Key: c
	        ->  Bitmap Heap Scan on sbtest2  (cost=29.89..3575.69 rows=922 width=121)
	              Recheck Cond: ((id >= 8557307) AND (id <= 8558306))
	              ->  Bitmap Index Scan on sbtest2_pkey  (cost=0.00..29.65 rows=922 width=0)
	                    Index Cond: ((id >= 8557307) AND (id <= 8558306))

table 3 : explain SELECT DISTINCT c FROM sbtest3 WHERE id BETWEEN 3285687 AND 3286686 ORDER BY c
	Unique  (cost=3904.33..3909.31 rows=995 width=121)
	  ->  Sort  (cost=3904.33..3906.82 rows=995 width=121)
	        Sort Key: c
	        ->  Bitmap Heap Scan on sbtest3  (cost=34.63..3854.79 rows=995 width=121)
	              Recheck Cond: ((id >= 3285687) AND (id <= 3286686))
	              ->  Bitmap Index Scan on sbtest3_pkey  (cost=0.00..34.39 rows=995 width=0)
	                    Index Cond: ((id >= 3285687) AND (id <= 3286686))

table 4 : explain SELECT DISTINCT c FROM sbtest4 WHERE id BETWEEN 3021138 AND 3022137 ORDER BY c
	Unique  (cost=3794.67..3799.50 rows=966 width=121)
	  ->  Sort  (cost=3794.67..3797.09 rows=966 width=121)
	        Sort Key: c
	        ->  Bitmap Heap Scan on sbtest4  (cost=34.34..3746.78 rows=966 width=121)
	              Recheck Cond: ((id >= 3021138) AND (id <= 3022137))
	              ->  Bitmap Index Scan on sbtest4_pkey  (cost=0.00..34.09 rows=966 width=0)
	                    Index Cond: ((id >= 3021138) AND (id <= 3022137))

table 5 : explain SELECT DISTINCT c FROM sbtest5 WHERE id BETWEEN 9835226 AND 9836225 ORDER BY c
	Unique  (cost=4002.73..4007.83 rows=1020 width=121)
	  ->  Sort  (cost=4002.73..4005.28 rows=1020 width=121)
	        Sort Key: c
	        ->  Bitmap Heap Scan on sbtest5  (cost=34.89..3951.76 rows=1020 width=121)
	              Recheck Cond: ((id >= 9835226) AND (id <= 9836225))
	              ->  Bitmap Index Scan on sbtest5_pkey  (cost=0.00..34.64 rows=1020 width=0)
	                    Index Cond: ((id >= 9835226) AND (id <= 9836225))

table 6 : explain SELECT DISTINCT c FROM sbtest6 WHERE id BETWEEN 6711627 AND 6712626 ORDER BY c
	Unique  (cost=3909.60..3914.58 rows=996 width=121)
	  ->  Sort  (cost=3909.60..3912.09 rows=996 width=121)
	        Sort Key: c
	        ->  Bitmap Heap Scan on sbtest6  (cost=34.64..3860.00 rows=996 width=121)
	              Recheck Cond: ((id >= 6711627) AND (id <= 6712626))
	              ->  Bitmap Index Scan on sbtest6_pkey  (cost=0.00..34.40 rows=996 width=0)
	                    Index Cond: ((id >= 6711627) AND (id <= 6712626))

table 7 : explain SELECT DISTINCT c FROM sbtest7 WHERE id BETWEEN 595293 AND 596292 ORDER BY c
	Unique  (cost=3837.73..3842.61 rows=977 width=121)
	  ->  Sort  (cost=3837.73..3840.17 rows=977 width=121)
	        Sort Key: c
	        ->  Bitmap Heap Scan on sbtest7  (cost=34.45..3789.21 rows=977 width=121)
	              Recheck Cond: ((id >= 595293) AND (id <= 596292))
	              ->  Bitmap Index Scan on sbtest7_pkey  (cost=0.00..34.20 rows=977 width=0)
	                    Index Cond: ((id >= 595293) AND (id <= 596292))

table 8 : explain SELECT DISTINCT c FROM sbtest8 WHERE id BETWEEN 5825868 AND 5826867 ORDER BY c
	Unique  (cost=4335.26..4340.80 rows=1107 width=121)
	  ->  Sort  (cost=4335.26..4338.03 rows=1107 width=121)
	        Sort Key: c
	        ->  Bitmap Heap Scan on sbtest8  (cost=35.78..4279.29 rows=1107 width=121)
	              Recheck Cond: ((id >= 5825868) AND (id <= 5826867))
	              ->  Bitmap Index Scan on sbtest8_pkey  (cost=0.00..35.51 rows=1107 width=0)
	                    Index Cond: ((id >= 5825868) AND (id <= 5826867))

for: order_ranges
table 1 : explain SELECT c FROM sbtest1 WHERE id BETWEEN 891031 AND 892030 ORDER BY c
	Sort  (cost=3941.15..3943.66 rows=1003 width=121)
	  Sort Key: c
	  ->  Bitmap Heap Scan on sbtest1  (cost=34.72..3891.15 rows=1003 width=121)
	        Recheck Cond: ((id >= 891031) AND (id <= 892030))
	        ->  Bitmap Index Scan on sbtest1_pkey  (cost=0.00..34.47 rows=1003 width=0)
	              Index Cond: ((id >= 891031) AND (id <= 892030))

table 2 : explain SELECT c FROM sbtest2 WHERE id BETWEEN 1754325 AND 1755324 ORDER BY c
	Sort  (cost=4233.16..4235.86 rows=1081 width=121)
	  Sort Key: c
	  ->  Bitmap Heap Scan on sbtest2  (cost=35.52..4178.69 rows=1081 width=121)
	        Recheck Cond: ((id >= 1754325) AND (id <= 1755324))
	        ->  Bitmap Index Scan on sbtest2_pkey  (cost=0.00..35.25 rows=1081 width=0)
	              Index Cond: ((id >= 1754325) AND (id <= 1755324))

table 3 : explain SELECT c FROM sbtest3 WHERE id BETWEEN 7737739 AND 7738738 ORDER BY c
	Sort  (cost=3854.60..3857.06 rows=982 width=121)
	  Sort Key: c
	  ->  Bitmap Heap Scan on sbtest3  (cost=34.50..3805.80 rows=982 width=121)
	        Recheck Cond: ((id >= 7737739) AND (id <= 7738738))
	        ->  Bitmap Index Scan on sbtest3_pkey  (cost=0.00..34.26 rows=982 width=0)
	              Index Cond: ((id >= 7737739) AND (id <= 7738738))

table 4 : explain SELECT c FROM sbtest4 WHERE id BETWEEN 8832979 AND 8833978 ORDER BY c
	Sort  (cost=3714.21..3716.57 rows=945 width=121)
	  Sort Key: c
	  ->  Bitmap Heap Scan on sbtest4  (cost=34.12..3667.51 rows=945 width=121)
	        Recheck Cond: ((id >= 8832979) AND (id <= 8833978))
	        ->  Bitmap Index Scan on sbtest4_pkey  (cost=0.00..33.89 rows=945 width=0)
	              Index Cond: ((id >= 8832979) AND (id <= 8833978))

table 5 : explain SELECT c FROM sbtest5 WHERE id BETWEEN 5343083 AND 5344082 ORDER BY c
	Sort  (cost=3876.42..3878.89 rows=987 width=121)
	  Sort Key: c
	  ->  Bitmap Heap Scan on sbtest5  (cost=34.55..3827.33 rows=987 width=121)
	        Recheck Cond: ((id >= 5343083) AND (id <= 5344082))
	        ->  Bitmap Index Scan on sbtest5_pkey  (cost=0.00..34.31 rows=987 width=0)
	              Index Cond: ((id >= 5343083) AND (id <= 5344082))

table 6 : explain SELECT c FROM sbtest6 WHERE id BETWEEN 2365658 AND 2366657 ORDER BY c
	Sort  (cost=3867.50..3869.96 rows=985 width=121)
	  Sort Key: c
	  ->  Bitmap Heap Scan on sbtest6  (cost=34.53..3818.53 rows=985 width=121)
	        Recheck Cond: ((id >= 2365658) AND (id <= 2366657))
	        ->  Bitmap Index Scan on sbtest6_pkey  (cost=0.00..34.29 rows=985 width=0)
	              Index Cond: ((id >= 2365658) AND (id <= 2366657))

table 7 : explain SELECT c FROM sbtest7 WHERE id BETWEEN 4334188 AND 4335187 ORDER BY c
	Sort  (cost=4006.14..4008.69 rows=1021 width=121)
	  Sort Key: c
	  ->  Bitmap Heap Scan on sbtest7  (cost=34.90..3955.11 rows=1021 width=121)
	        Recheck Cond: ((id >= 4334188) AND (id <= 4335187))
	        ->  Bitmap Index Scan on sbtest7_pkey  (cost=0.00..34.65 rows=1021 width=0)
	              Index Cond: ((id >= 4334188) AND (id <= 4335187))

table 8 : explain SELECT c FROM sbtest8 WHERE id BETWEEN 3849776 AND 3850775 ORDER BY c
	Sort  (cost=4171.08..4173.74 rows=1064 width=121)
	  Sort Key: c
	  ->  Bitmap Heap Scan on sbtest8  (cost=35.34..4117.59 rows=1064 width=121)
	        Recheck Cond: ((id >= 3849776) AND (id <= 3850775))
	        ->  Bitmap Index Scan on sbtest8_pkey  (cost=0.00..35.08 rows=1064 width=0)
	              Index Cond: ((id >= 3849776) AND (id <= 3850775))

for: order_ranges
table 1 : explain SELECT c FROM sbtest1 WHERE id BETWEEN 1806937 AND 1807936 ORDER BY c
	Sort  (cost=3814.60..3817.03 rows=970 width=121)
	  Sort Key: c
	  ->  Bitmap Heap Scan on sbtest1  (cost=34.38..3766.48 rows=970 width=121)
	        Recheck Cond: ((id >= 1806937) AND (id <= 1807936))
	        ->  Bitmap Index Scan on sbtest1_pkey  (cost=0.00..34.14 rows=970 width=0)
	              Index Cond: ((id >= 1806937) AND (id <= 1807936))

table 2 : explain SELECT c FROM sbtest2 WHERE id BETWEEN 1214401 AND 1215400 ORDER BY c
	Sort  (cost=3540.55..3542.80 rows=901 width=121)
	  Sort Key: c
	  ->  Bitmap Heap Scan on sbtest2  (cost=29.67..3496.33 rows=901 width=121)
	        Recheck Cond: ((id >= 1214401) AND (id <= 1215400))
	        ->  Bitmap Index Scan on sbtest2_pkey  (cost=0.00..29.44 rows=901 width=0)
	              Index Cond: ((id >= 1214401) AND (id <= 1215400))

table 3 : explain SELECT c FROM sbtest3 WHERE id BETWEEN 6796374 AND 6797373 ORDER BY c
	Sort  (cost=4206.10..4208.78 rows=1074 width=121)
	  Sort Key: c
	  ->  Bitmap Heap Scan on sbtest3  (cost=35.44..4152.03 rows=1074 width=121)
	        Recheck Cond: ((id >= 6796374) AND (id <= 6797373))
	        ->  Bitmap Index Scan on sbtest3_pkey  (cost=0.00..35.18 rows=1074 width=0)
	              Index Cond: ((id >= 6796374) AND (id <= 6797373))

table 4 : explain SELECT c FROM sbtest4 WHERE id BETWEEN 258901 AND 259900 ORDER BY c
	Sort  (cost=3917.17..3919.67 rows=998 width=121)
	  Sort Key: c
	  ->  Bitmap Heap Scan on sbtest4  (cost=34.66..3867.46 rows=998 width=121)
	        Recheck Cond: ((id >= 258901) AND (id <= 259900))
	        ->  Bitmap Index Scan on sbtest4_pkey  (cost=0.00..34.42 rows=998 width=0)
	              Index Cond: ((id >= 258901) AND (id <= 259900))

table 5 : explain SELECT c FROM sbtest5 WHERE id BETWEEN 8570963 AND 8571962 ORDER BY c
	Sort  (cost=3857.27..3859.72 rows=982 width=121)
	  Sort Key: c
	  ->  Bitmap Heap Scan on sbtest5  (cost=34.50..3808.46 rows=982 width=121)
	        Recheck Cond: ((id >= 8570963) AND (id <= 8571962))
	        ->  Bitmap Index Scan on sbtest5_pkey  (cost=0.00..34.26 rows=982 width=0)
	              Index Cond: ((id >= 8570963) AND (id <= 8571962))

table 6 : explain SELECT c FROM sbtest6 WHERE id BETWEEN 1087249 AND 1088248 ORDER BY c
	Sort  (cost=3729.61..3731.99 rows=949 width=121)
	  Sort Key: c
	  ->  Bitmap Heap Scan on sbtest6  (cost=34.16..3682.69 rows=949 width=121)
	        Recheck Cond: ((id >= 1087249) AND (id <= 1088248))
	        ->  Bitmap Index Scan on sbtest6_pkey  (cost=0.00..33.93 rows=949 width=0)
	              Index Cond: ((id >= 1087249) AND (id <= 1088248))

table 7 : explain SELECT c FROM sbtest7 WHERE id BETWEEN 2822832 AND 2823831 ORDER BY c
	Sort  (cost=3814.74..3817.17 rows=971 width=121)
	  Sort Key: c
	  ->  Bitmap Heap Scan on sbtest7  (cost=34.39..3766.56 rows=971 width=121)
	        Recheck Cond: ((id >= 2822832) AND (id <= 2823831))
	        ->  Bitmap Index Scan on sbtest7_pkey  (cost=0.00..34.15 rows=971 width=0)
	              Index Cond: ((id >= 2822832) AND (id <= 2823831))

table 8 : explain SELECT c FROM sbtest8 WHERE id BETWEEN 7126109 AND 7127108 ORDER BY c
	Sort  (cost=3872.71..3875.18 rows=986 width=121)
	  Sort Key: c
	  ->  Bitmap Heap Scan on sbtest8  (cost=34.54..3823.68 rows=986 width=121)
	        Recheck Cond: ((id >= 7126109) AND (id <= 7127108))
	        ->  Bitmap Index Scan on sbtest8_pkey  (cost=0.00..34.30 rows=986 width=0)
	              Index Cond: ((id >= 7126109) AND (id <= 7127108))

for: order_ranges
table 1 : explain SELECT c FROM sbtest1 WHERE id BETWEEN 4811471 AND 4812470 ORDER BY c
	Sort  (cost=4121.17..4123.80 rows=1050 width=121)
	  Sort Key: c
	  ->  Bitmap Heap Scan on sbtest1  (cost=35.20..4068.48 rows=1050 width=121)
	        Recheck Cond: ((id >= 4811471) AND (id <= 4812470))
	        ->  Bitmap Index Scan on sbtest1_pkey  (cost=0.00..34.94 rows=1050 width=0)
	              Index Cond: ((id >= 4811471) AND (id <= 4812470))

table 2 : explain SELECT c FROM sbtest2 WHERE id BETWEEN 6374275 AND 6375274 ORDER BY c
	Sort  (cost=3797.50..3799.92 rows=967 width=121)
	  Sort Key: c
	  ->  Bitmap Heap Scan on sbtest2  (cost=34.35..3749.55 rows=967 width=121)
	        Recheck Cond: ((id >= 6374275) AND (id <= 6375274))
	        ->  Bitmap Index Scan on sbtest2_pkey  (cost=0.00..34.11 rows=967 width=0)
	              Index Cond: ((id >= 6374275) AND (id <= 6375274))

table 3 : explain SELECT c FROM sbtest3 WHERE id BETWEEN 1885173 AND 1886172 ORDER BY c
	Sort  (cost=3471.20..3473.41 rows=883 width=121)
	  Sort Key: c
	  ->  Bitmap Heap Scan on sbtest3  (cost=29.49..3427.99 rows=883 width=121)
	        Recheck Cond: ((id >= 1885173) AND (id <= 1886172))
	        ->  Bitmap Index Scan on sbtest3_pkey  (cost=0.00..29.26 rows=883 width=0)
	              Index Cond: ((id >= 1885173) AND (id <= 1886172))

table 4 : explain SELECT c FROM sbtest4 WHERE id BETWEEN 1160238 AND 1161237 ORDER BY c
	Sort  (cost=4051.02..4053.60 rows=1033 width=121)
	  Sort Key: c
	  ->  Bitmap Heap Scan on sbtest4  (cost=35.02..3999.30 rows=1033 width=121)
	        Recheck Cond: ((id >= 1160238) AND (id <= 1161237))
	        ->  Bitmap Index Scan on sbtest4_pkey  (cost=0.00..34.77 rows=1033 width=0)
	              Index Cond: ((id >= 1160238) AND (id <= 1161237))

table 5 : explain SELECT c FROM sbtest5 WHERE id BETWEEN 7691001 AND 7692000 ORDER BY c
	Sort  (cost=4014.21..4016.76 rows=1023 width=121)
	  Sort Key: c
	  ->  Bitmap Heap Scan on sbtest5  (cost=34.92..3963.06 rows=1023 width=121)
	        Recheck Cond: ((id >= 7691001) AND (id <= 7692000))
	        ->  Bitmap Index Scan on sbtest5_pkey  (cost=0.00..34.67 rows=1023 width=0)
	              Index Cond: ((id >= 7691001) AND (id <= 7692000))

table 6 : explain SELECT c FROM sbtest6 WHERE id BETWEEN 3592448 AND 3593447 ORDER BY c
	Sort  (cost=4180.99..4183.65 rows=1067 width=121)
	  Sort Key: c
	  ->  Bitmap Heap Scan on sbtest6  (cost=35.37..4127.32 rows=1067 width=121)
	        Recheck Cond: ((id >= 3592448) AND (id <= 3593447))
	        ->  Bitmap Index Scan on sbtest6_pkey  (cost=0.00..35.11 rows=1067 width=0)
	              Index Cond: ((id >= 3592448) AND (id <= 3593447))

table 7 : explain SELECT c FROM sbtest7 WHERE id BETWEEN 4323181 AND 4324180 ORDER BY c
	Sort  (cost=4006.14..4008.69 rows=1021 width=121)
	  Sort Key: c
	  ->  Bitmap Heap Scan on sbtest7  (cost=34.90..3955.11 rows=1021 width=121)
	        Recheck Cond: ((id >= 4323181) AND (id <= 4324180))
	        ->  Bitmap Index Scan on sbtest7_pkey  (cost=0.00..34.65 rows=1021 width=0)
	              Index Cond: ((id >= 4323181) AND (id <= 4324180))

table 8 : explain SELECT c FROM sbtest8 WHERE id BETWEEN 6990502 AND 6991501 ORDER BY c
	Sort  (cost=3922.49..3924.99 rows=999 width=121)
	  Sort Key: c
	  ->  Bitmap Heap Scan on sbtest8  (cost=34.67..3872.72 rows=999 width=121)
	        Recheck Cond: ((id >= 6990502) AND (id <= 6991501))
	        ->  Bitmap Index Scan on sbtest8_pkey  (cost=0.00..34.43 rows=999 width=0)
	              Index Cond: ((id >= 6990502) AND (id <= 6991501))

for: order_ranges
table 1 : explain SELECT c FROM sbtest1 WHERE id BETWEEN 9984563 AND 9985562 ORDER BY c
	Sort  (cost=4140.31..4142.94 rows=1055 width=121)
	  Sort Key: c
	  ->  Bitmap Heap Scan on sbtest1  (cost=35.25..4087.33 rows=1055 width=121)
	        Recheck Cond: ((id >= 9984563) AND (id <= 9985562))
	        ->  Bitmap Index Scan on sbtest1_pkey  (cost=0.00..34.98 rows=1055 width=0)
	              Index Cond: ((id >= 9984563) AND (id <= 9985562))

table 2 : explain SELECT c FROM sbtest2 WHERE id BETWEEN 9832815 AND 9833814 ORDER BY c
	Sort  (cost=3984.95..3987.49 rows=1016 width=121)
	  Sort Key: c
	  ->  Bitmap Heap Scan on sbtest2  (cost=34.85..3934.21 rows=1016 width=121)
	        Recheck Cond: ((id >= 9832815) AND (id <= 9833814))
	        ->  Bitmap Index Scan on sbtest2_pkey  (cost=0.00..34.59 rows=1016 width=0)
	              Index Cond: ((id >= 9832815) AND (id <= 9833814))

table 3 : explain SELECT c FROM sbtest3 WHERE id BETWEEN 1445191 AND 1446190 ORDER BY c
	Sort  (cost=4057.22..4059.81 rows=1035 width=121)
	  Sort Key: c
	  ->  Bitmap Heap Scan on sbtest3  (cost=35.04..4005.39 rows=1035 width=121)
	        Recheck Cond: ((id >= 1445191) AND (id <= 1446190))
	        ->  Bitmap Index Scan on sbtest3_pkey  (cost=0.00..34.79 rows=1035 width=0)
	              Index Cond: ((id >= 1445191) AND (id <= 1446190))

table 4 : explain SELECT c FROM sbtest4 WHERE id BETWEEN 5478742 AND 5479741 ORDER BY c
	Sort  (cost=3614.35..3616.65 rows=920 width=121)
	  Sort Key: c
	  ->  Bitmap Heap Scan on sbtest4  (cost=29.87..3569.07 rows=920 width=121)
	        Recheck Cond: ((id >= 5478742) AND (id <= 5479741))
	        ->  Bitmap Index Scan on sbtest4_pkey  (cost=0.00..29.64 rows=920 width=0)
	              Index Cond: ((id >= 5478742) AND (id <= 5479741))

table 5 : explain SELECT c FROM sbtest5 WHERE id BETWEEN 6559621 AND 6560620 ORDER BY c
	Sort  (cost=3749.97..3752.36 rows=954 width=121)
	  Sort Key: c
	  ->  Bitmap Heap Scan on sbtest5  (cost=34.21..3702.76 rows=954 width=121)
	        Recheck Cond: ((id >= 6559621) AND (id <= 6560620))
	        ->  Bitmap Index Scan on sbtest5_pkey  (cost=0.00..33.98 rows=954 width=0)
	              Index Cond: ((id >= 6559621) AND (id <= 6560620))

table 6 : explain SELECT c FROM sbtest6 WHERE id BETWEEN 4559991 AND 4560990 ORDER BY c
	Sort  (cost=3871.33..3873.79 rows=986 width=121)
	  Sort Key: c
	  ->  Bitmap Heap Scan on sbtest6  (cost=34.54..3822.30 rows=986 width=121)
	        Recheck Cond: ((id >= 4559991) AND (id <= 4560990))
	        ->  Bitmap Index Scan on sbtest6_pkey  (cost=0.00..34.30 rows=986 width=0)
	              Index Cond: ((id >= 4559991) AND (id <= 4560990))

table 7 : explain SELECT c FROM sbtest7 WHERE id BETWEEN 1265747 AND 1266746 ORDER BY c
	Sort  (cost=4040.56..4043.13 rows=1030 width=121)
	  Sort Key: c
	  ->  Bitmap Heap Scan on sbtest7  (cost=34.99..3989.01 rows=1030 width=121)
	        Recheck Cond: ((id >= 1265747) AND (id <= 1266746))
	        ->  Bitmap Index Scan on sbtest7_pkey  (cost=0.00..34.73 rows=1030 width=0)
	              Index Cond: ((id >= 1265747) AND (id <= 1266746))

table 8 : explain SELECT c FROM sbtest8 WHERE id BETWEEN 2950148 AND 2951147 ORDER BY c
	Sort  (cost=3773.09..3775.49 rows=960 width=121)
	  Sort Key: c
	  ->  Bitmap Heap Scan on sbtest8  (cost=34.28..3725.54 rows=960 width=121)
	        Recheck Cond: ((id >= 2950148) AND (id <= 2951147))
	        ->  Bitmap Index Scan on sbtest8_pkey  (cost=0.00..34.04 rows=960 width=0)
	              Index Cond: ((id >= 2950148) AND (id <= 2951147))

explain: for point_selects :: explain SELECT c FROM sbtest%u WHERE id=%u
for: distinct_ranges
table 1 : explain SELECT DISTINCT c FROM sbtest1 WHERE id BETWEEN 9826091 AND 9827090 ORDER BY c
	Unique  (cost=3845.29..3850.18 rows=978 width=121)
	  ->  Sort  (cost=3845.29..3847.74 rows=978 width=121)
	        Sort Key: c
	        ->  Bitmap Heap Scan on sbtest1  (cost=34.46..3796.72 rows=978 width=121)
	              Recheck Cond: ((id >= 9826091) AND (id <= 9827090))
	              ->  Bitmap Index Scan on sbtest1_pkey  (cost=0.00..34.22 rows=978 width=0)
	                    Index Cond: ((id >= 9826091) AND (id <= 9827090))

table 2 : explain SELECT DISTINCT c FROM sbtest2 WHERE id BETWEEN 8317043 AND 8318042 ORDER BY c
	Unique  (cost=3766.87..3771.67 rows=959 width=121)
	  ->  Sort  (cost=3766.87..3769.27 rows=959 width=121)
	        Sort Key: c
	        ->  Bitmap Heap Scan on sbtest2  (cost=34.26..3719.38 rows=959 width=121)
	              Recheck Cond: ((id >= 8317043) AND (id <= 8318042))
	              ->  Bitmap Index Scan on sbtest2_pkey  (cost=0.00..34.03 rows=959 width=0)
	                    Index Cond: ((id >= 8317043) AND (id <= 8318042))

table 3 : explain SELECT DISTINCT c FROM sbtest3 WHERE id BETWEEN 8563176 AND 8564175 ORDER BY c
	Unique  (cost=4083.95..4089.16 rows=1042 width=121)
	  ->  Sort  (cost=4083.95..4086.56 rows=1042 width=121)
	        Sort Key: c
	        ->  Bitmap Heap Scan on sbtest3  (cost=35.12..4031.72 rows=1042 width=121)
	              Recheck Cond: ((id >= 8563176) AND (id <= 8564175))
	              ->  Bitmap Index Scan on sbtest3_pkey  (cost=0.00..34.86 rows=1042 width=0)
	                    Index Cond: ((id >= 8563176) AND (id <= 8564175))

table 4 : explain SELECT DISTINCT c FROM sbtest4 WHERE id BETWEEN 5850308 AND 5851307 ORDER BY c
	Unique  (cost=4131.26..4136.53 rows=1054 width=121)
	  ->  Sort  (cost=4131.26..4133.89 rows=1054 width=121)
	        Sort Key: c
	        ->  Bitmap Heap Scan on sbtest4  (cost=35.24..4078.34 rows=1054 width=121)
	              Recheck Cond: ((id >= 5850308) AND (id <= 5851307))
	              ->  Bitmap Index Scan on sbtest4_pkey  (cost=0.00..34.98 rows=1054 width=0)
	                    Index Cond: ((id >= 5850308) AND (id <= 5851307))

table 5 : explain SELECT DISTINCT c FROM sbtest5 WHERE id BETWEEN 3292119 AND 3293118 ORDER BY c
	Unique  (cost=3523.41..3527.89 rows=896 width=121)
	  ->  Sort  (cost=3523.41..3525.65 rows=896 width=121)
	        Sort Key: c
	        ->  Bitmap Heap Scan on sbtest5  (cost=29.62..3479.48 rows=896 width=121)
	              Recheck Cond: ((id >= 3292119) AND (id <= 3293118))
	              ->  Bitmap Index Scan on sbtest5_pkey  (cost=0.00..29.39 rows=896 width=0)
	                    Index Cond: ((id >= 3292119) AND (id <= 3293118))

table 6 : explain SELECT DISTINCT c FROM sbtest6 WHERE id BETWEEN 4133664 AND 4134663 ORDER BY c
	Unique  (cost=3921.08..3926.07 rows=999 width=121)
	  ->  Sort  (cost=3921.08..3923.58 rows=999 width=121)
	        Sort Key: c
	        ->  Bitmap Heap Scan on sbtest6  (cost=34.67..3871.31 rows=999 width=121)
	              Recheck Cond: ((id >= 4133664) AND (id <= 4134663))
	              ->  Bitmap Index Scan on sbtest6_pkey  (cost=0.00..34.43 rows=999 width=0)
	                    Index Cond: ((id >= 4133664) AND (id <= 4134663))

table 7 : explain SELECT DISTINCT c FROM sbtest7 WHERE id BETWEEN 6029619 AND 6030618 ORDER BY c
	Unique  (cost=3849.22..3854.12 rows=980 width=121)
	  ->  Sort  (cost=3849.22..3851.67 rows=980 width=121)
	        Sort Key: c
	        ->  Bitmap Heap Scan on sbtest7  (cost=34.48..3800.53 rows=980 width=121)
	              Recheck Cond: ((id >= 6029619) AND (id <= 6030618))
	              ->  Bitmap Index Scan on sbtest7_pkey  (cost=0.00..34.23 rows=980 width=0)
	                    Index Cond: ((id >= 6029619) AND (id <= 6030618))

table 8 : explain SELECT DISTINCT c FROM sbtest8 WHERE id BETWEEN 1473392 AND 1474391 ORDER BY c
	Unique  (cost=4182.54..4187.88 rows=1067 width=121)
	  ->  Sort  (cost=4182.54..4185.21 rows=1067 width=121)
	        Sort Key: c
	        ->  Bitmap Heap Scan on sbtest8  (cost=35.37..4128.88 rows=1067 width=121)
	              Recheck Cond: ((id >= 1473392) AND (id <= 1474391))
	              ->  Bitmap Index Scan on sbtest8_pkey  (cost=0.00..35.11 rows=1067 width=0)
	                    Index Cond: ((id >= 1473392) AND (id <= 1474391))

for: simple_ranges
table 1 : explain SELECT c FROM sbtest1 WHERE id BETWEEN 9611262 AND 9612261
	Bitmap Heap Scan on sbtest1  (cost=35.21..4072.25 rows=1051 width=121)
	  Recheck Cond: ((id >= 9611262) AND (id <= 9612261))
	  ->  Bitmap Index Scan on sbtest1_pkey  (cost=0.00..34.95 rows=1051 width=0)
	        Index Cond: ((id >= 9611262) AND (id <= 9612261))

table 2 : explain SELECT c FROM sbtest2 WHERE id BETWEEN 1058836 AND 1059835
	Bitmap Heap Scan on sbtest2  (cost=34.55..3824.96 rows=987 width=121)
	  Recheck Cond: ((id >= 1058836) AND (id <= 1059835))
	  ->  Bitmap Index Scan on sbtest2_pkey  (cost=0.00..34.31 rows=987 width=0)
	        Index Cond: ((id >= 1058836) AND (id <= 1059835))

table 3 : explain SELECT c FROM sbtest3 WHERE id BETWEEN 2473411 AND 2474410
	Bitmap Heap Scan on sbtest3  (cost=34.67..3869.86 rows=999 width=121)
	  Recheck Cond: ((id >= 2473411) AND (id <= 2474410))
	  ->  Bitmap Index Scan on sbtest3_pkey  (cost=0.00..34.43 rows=999 width=0)
	        Index Cond: ((id >= 2473411) AND (id <= 2474410))

table 4 : explain SELECT c FROM sbtest4 WHERE id BETWEEN 5173610 AND 5174609
	Bitmap Heap Scan on sbtest4  (cost=40.23..4442.96 rows=1151 width=121)
	  Recheck Cond: ((id >= 5173610) AND (id <= 5174609))
	  ->  Bitmap Index Scan on sbtest4_pkey  (cost=0.00..39.95 rows=1151 width=0)
	        Index Cond: ((id >= 5173610) AND (id <= 5174609))

table 5 : explain SELECT c FROM sbtest5 WHERE id BETWEEN 1160167 AND 1161166
	Bitmap Heap Scan on sbtest5  (cost=34.96..3978.14 rows=1027 width=121)
	  Recheck Cond: ((id >= 1160167) AND (id <= 1161166))
	  ->  Bitmap Index Scan on sbtest5_pkey  (cost=0.00..34.70 rows=1027 width=0)
	        Index Cond: ((id >= 1160167) AND (id <= 1161166))

table 6 : explain SELECT c FROM sbtest6 WHERE id BETWEEN 7771405 AND 7772404
	Bitmap Heap Scan on sbtest6  (cost=34.40..3769.49 rows=972 width=121)
	  Recheck Cond: ((id >= 7771405) AND (id <= 7772404))
	  ->  Bitmap Index Scan on sbtest6_pkey  (cost=0.00..34.16 rows=972 width=0)
	        Index Cond: ((id >= 7771405) AND (id <= 7772404))

table 7 : explain SELECT c FROM sbtest7 WHERE id BETWEEN 9631810 AND 9632809
	Bitmap Heap Scan on sbtest7  (cost=34.38..3762.79 rows=970 width=121)
	  Recheck Cond: ((id >= 9631810) AND (id <= 9632809))
	  ->  Bitmap Index Scan on sbtest7_pkey  (cost=0.00..34.14 rows=970 width=0)
	        Index Cond: ((id >= 9631810) AND (id <= 9632809))

table 8 : explain SELECT c FROM sbtest8 WHERE id BETWEEN 1672528 AND 1673527
	Bitmap Heap Scan on sbtest8  (cost=34.22..3706.65 rows=955 width=121)
	  Recheck Cond: ((id >= 1672528) AND (id <= 1673527))
	  ->  Bitmap Index Scan on sbtest8_pkey  (cost=0.00..33.98 rows=955 width=0)
	        Index Cond: ((id >= 1672528) AND (id <= 1673527))

explain: for point_selects :: explain SELECT c FROM sbtest%u WHERE id=%u
for: sum_ranges
table 1 : explain SELECT SUM(k) FROM sbtest1 WHERE id BETWEEN 6037811 AND 6038810
	Aggregate  (cost=3784.04..3784.05 rows=1 width=8)
	  ->  Bitmap Heap Scan on sbtest1  (cost=34.42..3781.60 rows=974 width=4)
	        Recheck Cond: ((id >= 6037811) AND (id <= 6038810))
	        ->  Bitmap Index Scan on sbtest1_pkey  (cost=0.00..34.18 rows=974 width=0)
	              Index Cond: ((id >= 6037811) AND (id <= 6038810))

table 2 : explain SELECT SUM(k) FROM sbtest2 WHERE id BETWEEN 8962991 AND 8963990
	Aggregate  (cost=3801.03..3801.04 rows=1 width=8)
	  ->  Bitmap Heap Scan on sbtest2  (cost=34.48..3798.58 rows=980 width=4)
	        Recheck Cond: ((id >= 8962991) AND (id <= 8963990))
	        ->  Bitmap Index Scan on sbtest2_pkey  (cost=0.00..34.23 rows=980 width=0)
	              Index Cond: ((id >= 8962991) AND (id <= 8963990))

table 3 : explain SELECT SUM(k) FROM sbtest3 WHERE id BETWEEN 5191175 AND 5192174
	Aggregate  (cost=3917.58..3917.59 rows=1 width=8)
	  ->  Bitmap Heap Scan on sbtest3  (cost=34.80..3915.05 rows=1011 width=4)
	        Recheck Cond: ((id >= 5191175) AND (id <= 5192174))
	        ->  Bitmap Index Scan on sbtest3_pkey  (cost=0.00..34.55 rows=1011 width=0)
	              Index Cond: ((id >= 5191175) AND (id <= 5192174))

table 4 : explain SELECT SUM(k) FROM sbtest4 WHERE id BETWEEN 1868780 AND 1869779
	Aggregate  (cost=3669.87..3669.88 rows=1 width=8)
	  ->  Bitmap Heap Scan on sbtest4  (cost=34.12..3667.51 rows=945 width=4)
	        Recheck Cond: ((id >= 1868780) AND (id <= 1869779))
	        ->  Bitmap Index Scan on sbtest4_pkey  (cost=0.00..33.89 rows=945 width=0)
	              Index Cond: ((id >= 1868780) AND (id <= 1869779))

table 5 : explain SELECT SUM(k) FROM sbtest5 WHERE id BETWEEN 4664608 AND 4665607
	Aggregate  (cost=3950.54..3950.55 rows=1 width=8)
	  ->  Bitmap Heap Scan on sbtest5  (cost=34.88..3947.99 rows=1019 width=4)
	        Recheck Cond: ((id >= 4664608) AND (id <= 4665607))
	        ->  Bitmap Index Scan on sbtest5_pkey  (cost=0.00..34.62 rows=1019 width=0)
	              Index Cond: ((id >= 4664608) AND (id <= 4665607))

table 6 : explain SELECT SUM(k) FROM sbtest6 WHERE id BETWEEN 4051486 AND 4052485
	Aggregate  (cost=4269.14..4269.15 rows=1 width=8)
	  ->  Bitmap Heap Scan on sbtest6  (cost=35.75..4266.38 rows=1104 width=4)
	        Recheck Cond: ((id >= 4051486) AND (id <= 4052485))
	        ->  Bitmap Index Scan on sbtest6_pkey  (cost=0.00..35.48 rows=1104 width=0)
	              Index Cond: ((id >= 4051486) AND (id <= 4052485))

table 7 : explain SELECT SUM(k) FROM sbtest7 WHERE id BETWEEN 1262680 AND 1263679
	Aggregate  (cost=3991.59..3991.60 rows=1 width=8)
	  ->  Bitmap Heap Scan on sbtest7  (cost=34.99..3989.01 rows=1030 width=4)
	        Recheck Cond: ((id >= 1262680) AND (id <= 1263679))
	        ->  Bitmap Index Scan on sbtest7_pkey  (cost=0.00..34.73 rows=1030 width=0)
	              Index Cond: ((id >= 1262680) AND (id <= 1263679))

table 8 : explain SELECT SUM(k) FROM sbtest8 WHERE id BETWEEN 7421969 AND 7422968
	Aggregate  (cost=3758.16..3758.17 rows=1 width=8)
	  ->  Bitmap Heap Scan on sbtest8  (cost=34.36..3755.74 rows=968 width=4)
	        Recheck Cond: ((id >= 7421969) AND (id <= 7422968))
	        ->  Bitmap Index Scan on sbtest8_pkey  (cost=0.00..34.12 rows=968 width=0)
	              Index Cond: ((id >= 7421969) AND (id <= 7422968))

for: distinct_ranges
table 1 : explain SELECT DISTINCT c FROM sbtest1 WHERE id BETWEEN 1928464 AND 1929463 ORDER BY c
	Unique  (cost=4040.77..4045.91 rows=1029 width=121)
	  ->  Sort  (cost=4040.77..4043.34 rows=1029 width=121)
	        Sort Key: c
	        ->  Bitmap Heap Scan on sbtest1  (cost=34.98..3989.28 rows=1029 width=121)
	              Recheck Cond: ((id >= 1928464) AND (id <= 1929463))
	              ->  Bitmap Index Scan on sbtest1_pkey  (cost=0.00..34.73 rows=1029 width=0)
	                    Index Cond: ((id >= 1928464) AND (id <= 1929463))

table 2 : explain SELECT DISTINCT c FROM sbtest2 WHERE id BETWEEN 5427565 AND 5428564 ORDER BY c
	Unique  (cost=3996.42..4001.51 rows=1019 width=121)
	  ->  Sort  (cost=3996.42..3998.97 rows=1019 width=121)
	        Sort Key: c
	        ->  Bitmap Heap Scan on sbtest2  (cost=34.88..3945.51 rows=1019 width=121)
	              Recheck Cond: ((id >= 5427565) AND (id <= 5428564))
	              ->  Bitmap Index Scan on sbtest2_pkey  (cost=0.00..34.62 rows=1019 width=0)
	                    Index Cond: ((id >= 5427565) AND (id <= 5428564))

table 3 : explain SELECT DISTINCT c FROM sbtest3 WHERE id BETWEEN 7753805 AND 7754804 ORDER BY c
	Unique  (cost=3770.40..3775.20 rows=960 width=121)
	  ->  Sort  (cost=3770.40..3772.80 rows=960 width=121)
	        Sort Key: c
	        ->  Bitmap Heap Scan on sbtest3  (cost=34.28..3722.85 rows=960 width=121)
	              Recheck Cond: ((id >= 7753805) AND (id <= 7754804))
	              ->  Bitmap Index Scan on sbtest3_pkey  (cost=0.00..34.04 rows=960 width=0)
	                    Index Cond: ((id >= 7753805) AND (id <= 7754804))

table 4 : explain SELECT DISTINCT c FROM sbtest4 WHERE id BETWEEN 2975114 AND 2976113 ORDER BY c
	Unique  (cost=3794.67..3799.50 rows=966 width=121)
	  ->  Sort  (cost=3794.67..3797.09 rows=966 width=121)
	        Sort Key: c
	        ->  Bitmap Heap Scan on sbtest4  (cost=34.34..3746.78 rows=966 width=121)
	              Recheck Cond: ((id >= 2975114) AND (id <= 2976113))
	              ->  Bitmap Index Scan on sbtest4_pkey  (cost=0.00..34.09 rows=966 width=0)
	                    Index Cond: ((id >= 2975114) AND (id <= 2976113))

table 5 : explain SELECT DISTINCT c FROM sbtest5 WHERE id BETWEEN 8280165 AND 8281164 ORDER BY c
	Unique  (cost=3930.02..3935.03 rows=1001 width=121)
	  ->  Sort  (cost=3930.02..3932.52 rows=1001 width=121)
	        Sort Key: c
	        ->  Bitmap Heap Scan on sbtest5  (cost=34.70..3880.13 rows=1001 width=121)
	              Recheck Cond: ((id >= 8280165) AND (id <= 8281164))
	              ->  Bitmap Index Scan on sbtest5_pkey  (cost=0.00..34.45 rows=1001 width=0)
	                    Index Cond: ((id >= 8280165) AND (id <= 8281164))

table 6 : explain SELECT DISTINCT c FROM sbtest6 WHERE id BETWEEN 2738723 AND 2739722 ORDER BY c
	Unique  (cost=3721.95..3726.68 rows=947 width=121)
	  ->  Sort  (cost=3721.95..3724.32 rows=947 width=121)
	        Sort Key: c
	        ->  Bitmap Heap Scan on sbtest6  (cost=34.14..3675.13 rows=947 width=121)
	              Recheck Cond: ((id >= 2738723) AND (id <= 2739722))
	              ->  Bitmap Index Scan on sbtest6_pkey  (cost=0.00..33.91 rows=947 width=0)
	                    Index Cond: ((id >= 2738723) AND (id <= 2739722))

table 7 : explain SELECT DISTINCT c FROM sbtest7 WHERE id BETWEEN 1450444 AND 1451443 ORDER BY c
	Unique  (cost=4197.24..4202.59 rows=1071 width=121)
	  ->  Sort  (cost=4197.24..4199.91 rows=1071 width=121)
	        Sort Key: c
	        ->  Bitmap Heap Scan on sbtest7  (cost=35.41..4143.34 rows=1071 width=121)
	              Recheck Cond: ((id >= 1450444) AND (id <= 1451443))
	              ->  Bitmap Index Scan on sbtest7_pkey  (cost=0.00..35.15 rows=1071 width=0)
	                    Index Cond: ((id >= 1450444) AND (id <= 1451443))

table 8 : explain SELECT DISTINCT c FROM sbtest8 WHERE id BETWEEN 5217026 AND 5218025 ORDER BY c
	Unique  (cost=3446.67..3451.05 rows=876 width=121)
	  ->  Sort  (cost=3446.67..3448.86 rows=876 width=121)
	        Sort Key: c
	        ->  Bitmap Heap Scan on sbtest8  (cost=29.41..3403.86 rows=876 width=121)
	              Recheck Cond: ((id >= 5217026) AND (id <= 5218025))
	              ->  Bitmap Index Scan on sbtest8_pkey  (cost=0.00..29.19 rows=876 width=0)
	                    Index Cond: ((id >= 5217026) AND (id <= 5218025))

for: distinct_ranges
table 1 : explain SELECT DISTINCT c FROM sbtest1 WHERE id BETWEEN 3944828 AND 3945827 ORDER BY c
	Unique  (cost=3803.09..3807.93 rows=967 width=121)
	  ->  Sort  (cost=3803.09..3805.51 rows=967 width=121)
	        Sort Key: c
	        ->  Bitmap Heap Scan on sbtest1  (cost=34.35..3755.14 rows=967 width=121)
	              Recheck Cond: ((id >= 3944828) AND (id <= 3945827))
	              ->  Bitmap Index Scan on sbtest1_pkey  (cost=0.00..34.11 rows=967 width=0)
	                    Index Cond: ((id >= 3944828) AND (id <= 3945827))

table 2 : explain SELECT DISTINCT c FROM sbtest2 WHERE id BETWEEN 9339932 AND 9340931 ORDER BY c
	Unique  (cost=3805.16..3810.01 rows=969 width=121)
	  ->  Sort  (cost=3805.16..3807.58 rows=969 width=121)
	        Sort Key: c
	        ->  Bitmap Heap Scan on sbtest2  (cost=34.37..3757.10 rows=969 width=121)
	              Recheck Cond: ((id >= 9339932) AND (id <= 9340931))
	              ->  Bitmap Index Scan on sbtest2_pkey  (cost=0.00..34.12 rows=969 width=0)
	                    Index Cond: ((id >= 9339932) AND (id <= 9340931))

table 3 : explain SELECT DISTINCT c FROM sbtest3 WHERE id BETWEEN 3132888 AND 3133887 ORDER BY c
	Unique  (cost=3670.64..3675.31 rows=935 width=121)
	  ->  Sort  (cost=3670.64..3672.97 rows=935 width=121)
	        Sort Key: c
	        ->  Bitmap Heap Scan on sbtest3  (cost=30.02..3624.50 rows=935 width=121)
	              Recheck Cond: ((id >= 3132888) AND (id <= 3133887))
	              ->  Bitmap Index Scan on sbtest3_pkey  (cost=0.00..29.79 rows=935 width=0)
	                    Index Cond: ((id >= 3132888) AND (id <= 3133887))

table 4 : explain SELECT DISTINCT c FROM sbtest4 WHERE id BETWEEN 8560163 AND 8561162 ORDER BY c
	Unique  (cost=3790.84..3795.67 rows=965 width=121)
	  ->  Sort  (cost=3790.84..3793.25 rows=965 width=121)
	        Sort Key: c
	        ->  Bitmap Heap Scan on sbtest4  (cost=34.33..3743.01 rows=965 width=121)
	              Recheck Cond: ((id >= 8560163) AND (id <= 8561162))
	              ->  Bitmap Index Scan on sbtest4_pkey  (cost=0.00..34.09 rows=965 width=0)
	                    Index Cond: ((id >= 8560163) AND (id <= 8561162))

table 5 : explain SELECT DISTINCT c FROM sbtest5 WHERE id BETWEEN 5859677 AND 5860676 ORDER BY c
	Unique  (cost=3742.31..3747.07 rows=952 width=121)
	  ->  Sort  (cost=3742.31..3744.69 rows=952 width=121)
	        Sort Key: c
	        ->  Bitmap Heap Scan on sbtest5  (cost=34.19..3695.21 rows=952 width=121)
	              Recheck Cond: ((id >= 5859677) AND (id <= 5860676))
	              ->  Bitmap Index Scan on sbtest5_pkey  (cost=0.00..33.95 rows=952 width=0)
	                    Index Cond: ((id >= 5859677) AND (id <= 5860676))

table 6 : explain SELECT DISTINCT c FROM sbtest6 WHERE id BETWEEN 8304286 AND 8305285 ORDER BY c
	Unique  (cost=3974.63..3979.70 rows=1013 width=121)
	  ->  Sort  (cost=3974.63..3977.17 rows=1013 width=121)
	        Sort Key: c
	        ->  Bitmap Heap Scan on sbtest6  (cost=34.82..3924.06 rows=1013 width=121)
	              Recheck Cond: ((id >= 8304286) AND (id <= 8305285))
	              ->  Bitmap Index Scan on sbtest6_pkey  (cost=0.00..34.57 rows=1013 width=0)
	                    Index Cond: ((id >= 8304286) AND (id <= 8305285))

table 7 : explain SELECT DISTINCT c FROM sbtest7 WHERE id BETWEEN 7186304 AND 7187303 ORDER BY c
	Unique  (cost=3967.88..3972.94 rows=1011 width=121)
	  ->  Sort  (cost=3967.88..3970.41 rows=1011 width=121)
	        Sort Key: c
	        ->  Bitmap Heap Scan on sbtest7  (cost=34.80..3917.43 rows=1011 width=121)
	              Recheck Cond: ((id >= 7186304) AND (id <= 7187303))
	              ->  Bitmap Index Scan on sbtest7_pkey  (cost=0.00..34.55 rows=1011 width=0)
	                    Index Cond: ((id >= 7186304) AND (id <= 7187303))

table 8 : explain SELECT DISTINCT c FROM sbtest8 WHERE id BETWEEN 4405466 AND 4406465 ORDER BY c
	Unique  (cost=3964.59..3969.64 rows=1010 width=121)
	  ->  Sort  (cost=3964.59..3967.12 rows=1010 width=121)
	        Sort Key: c
	        ->  Bitmap Heap Scan on sbtest8  (cost=34.79..3914.19 rows=1010 width=121)
	              Recheck Cond: ((id >= 4405466) AND (id <= 4406465))
	              ->  Bitmap Index Scan on sbtest8_pkey  (cost=0.00..34.54 rows=1010 width=0)
	                    Index Cond: ((id >= 4405466) AND (id <= 4406465))

explain: for point_selects :: explain SELECT c FROM sbtest%u WHERE id=%u
for: distinct_ranges
table 1 : explain SELECT DISTINCT c FROM sbtest1 WHERE id BETWEEN 1393090 AND 1394089 ORDER BY c
	Unique  (cost=3833.79..3838.66 rows=975 width=121)
	  ->  Sort  (cost=3833.79..3836.22 rows=975 width=121)
	        Sort Key: c
	        ->  Bitmap Heap Scan on sbtest1  (cost=34.43..3785.38 rows=975 width=121)
	              Recheck Cond: ((id >= 1393090) AND (id <= 1394089))
	              ->  Bitmap Index Scan on sbtest1_pkey  (cost=0.00..34.19 rows=975 width=0)
	                    Index Cond: ((id >= 1393090) AND (id <= 1394089))

table 2 : explain SELECT DISTINCT c FROM sbtest2 WHERE id BETWEEN 5611459 AND 5612458 ORDER BY c
	Unique  (cost=3763.04..3767.83 rows=958 width=121)
	  ->  Sort  (cost=3763.04..3765.44 rows=958 width=121)
	        Sort Key: c
	        ->  Bitmap Heap Scan on sbtest2  (cost=34.25..3715.60 rows=958 width=121)
	              Recheck Cond: ((id >= 5611459) AND (id <= 5612458))
	              ->  Bitmap Index Scan on sbtest2_pkey  (cost=0.00..34.02 rows=958 width=0)
	                    Index Cond: ((id >= 5611459) AND (id <= 5612458))

table 3 : explain SELECT DISTINCT c FROM sbtest3 WHERE id BETWEEN 676159 AND 677158 ORDER BY c
	Unique  (cost=3712.95..3717.68 rows=945 width=121)
	  ->  Sort  (cost=3712.95..3715.31 rows=945 width=121)
	        Sort Key: c
	        ->  Bitmap Heap Scan on sbtest3  (cost=34.12..3666.25 rows=945 width=121)
	              Recheck Cond: ((id >= 676159) AND (id <= 677158))
	              ->  Bitmap Index Scan on sbtest3_pkey  (cost=0.00..33.89 rows=945 width=0)
	                    Index Cond: ((id >= 676159) AND (id <= 677158))

table 4 : explain SELECT DISTINCT c FROM sbtest4 WHERE id BETWEEN 3448201 AND 3449200 ORDER BY c
	Unique  (cost=3794.67..3799.50 rows=966 width=121)
	  ->  Sort  (cost=3794.67..3797.09 rows=966 width=121)
	        Sort Key: c
	        ->  Bitmap Heap Scan on sbtest4  (cost=34.34..3746.78 rows=966 width=121)
	              Recheck Cond: ((id >= 3448201) AND (id <= 3449200))
	              ->  Bitmap Index Scan on sbtest4_pkey  (cost=0.00..34.09 rows=966 width=0)
	                    Index Cond: ((id >= 3448201) AND (id <= 3449200))

table 5 : explain SELECT DISTINCT c FROM sbtest5 WHERE id BETWEEN 4025934 AND 4026933 ORDER BY c
	Unique  (cost=4163.30..4168.61 rows=1062 width=121)
	  ->  Sort  (cost=4163.30..4165.96 rows=1062 width=121)
	        Sort Key: c
	        ->  Bitmap Heap Scan on sbtest5  (cost=35.32..4109.92 rows=1062 width=121)
	              Recheck Cond: ((id >= 4025934) AND (id <= 4026933))
	              ->  Bitmap Index Scan on sbtest5_pkey  (cost=0.00..35.06 rows=1062 width=0)
	                    Index Cond: ((id >= 4025934) AND (id <= 4026933))

table 6 : explain SELECT DISTINCT c FROM sbtest6 WHERE id BETWEEN 7314883 AND 7315882 ORDER BY c
	Unique  (cost=3530.00..3534.49 rows=898 width=121)
	  ->  Sort  (cost=3530.00..3532.25 rows=898 width=121)
	        Sort Key: c
	        ->  Bitmap Heap Scan on sbtest6  (cost=29.64..3485.95 rows=898 width=121)
	              Recheck Cond: ((id >= 7314883) AND (id <= 7315882))
	              ->  Bitmap Index Scan on sbtest6_pkey  (cost=0.00..29.41 rows=898 width=0)
	                    Index Cond: ((id >= 7314883) AND (id <= 7315882))

table 7 : explain SELECT DISTINCT c FROM sbtest7 WHERE id BETWEEN 1570546 AND 1571545 ORDER BY c
	Unique  (cost=3891.34..3896.29 rows=991 width=121)
	  ->  Sort  (cost=3891.34..3893.81 rows=991 width=121)
	        Sort Key: c
	        ->  Bitmap Heap Scan on sbtest7  (cost=34.59..3842.02 rows=991 width=121)
	              Recheck Cond: ((id >= 1570546) AND (id <= 1571545))
	              ->  Bitmap Index Scan on sbtest7_pkey  (cost=0.00..34.34 rows=991 width=0)
	                    Index Cond: ((id >= 1570546) AND (id <= 1571545))

table 8 : explain SELECT DISTINCT c FROM sbtest8 WHERE id BETWEEN 1875361 AND 1876360 ORDER BY c
	Unique  (cost=3834.41..3839.29 rows=976 width=121)
	  ->  Sort  (cost=3834.41..3836.85 rows=976 width=121)
	        Sort Key: c
	        ->  Bitmap Heap Scan on sbtest8  (cost=34.44..3785.94 rows=976 width=121)
	              Recheck Cond: ((id >= 1875361) AND (id <= 1876360))
	              ->  Bitmap Index Scan on sbtest8_pkey  (cost=0.00..34.20 rows=976 width=0)
	                    Index Cond: ((id >= 1875361) AND (id <= 1876360))

for: sum_ranges
table 1 : explain SELECT SUM(k) FROM sbtest1 WHERE id BETWEEN 8041885 AND 8042884
	Aggregate  (cost=4105.05..4105.06 rows=1 width=8)
	  ->  Bitmap Heap Scan on sbtest1  (cost=35.29..4102.41 rows=1059 width=4)
	        Recheck Cond: ((id >= 8041885) AND (id <= 8042884))
	        ->  Bitmap Index Scan on sbtest1_pkey  (cost=0.00..35.03 rows=1059 width=0)
	              Index Cond: ((id >= 8041885) AND (id <= 8042884))

table 2 : explain SELECT SUM(k) FROM sbtest2 WHERE id BETWEEN 365864 AND 366863
	Aggregate  (cost=3883.99..3884.00 rows=1 width=8)
	  ->  Bitmap Heap Scan on sbtest2  (cost=34.71..3881.48 rows=1002 width=4)
	        Recheck Cond: ((id >= 365864) AND (id <= 366863))
	        ->  Bitmap Index Scan on sbtest2_pkey  (cost=0.00..34.45 rows=1002 width=0)
	              Index Cond: ((id >= 365864) AND (id <= 366863))

table 3 : explain SELECT SUM(k) FROM sbtest3 WHERE id BETWEEN 5384880 AND 5385879
	Aggregate  (cost=3668.61..3668.62 rows=1 width=8)
	  ->  Bitmap Heap Scan on sbtest3  (cost=34.12..3666.25 rows=945 width=4)
	        Recheck Cond: ((id >= 5384880) AND (id <= 5385879))
	        ->  Bitmap Index Scan on sbtest3_pkey  (cost=0.00..33.89 rows=945 width=0)
	              Index Cond: ((id >= 5384880) AND (id <= 5385879))

table 4 : explain SELECT SUM(k) FROM sbtest4 WHERE id BETWEEN 2965158 AND 2966157
	Aggregate  (cost=3749.19..3749.20 rows=1 width=8)
	  ->  Bitmap Heap Scan on sbtest4  (cost=34.34..3746.78 rows=966 width=4)
	        Recheck Cond: ((id >= 2965158) AND (id <= 2966157))
	        ->  Bitmap Index Scan on sbtest4_pkey  (cost=0.00..34.09 rows=966 width=0)
	              Index Cond: ((id >= 2965158) AND (id <= 2966157))

table 5 : explain SELECT SUM(k) FROM sbtest5 WHERE id BETWEEN 8368507 AND 8369506
	Aggregate  (cost=3882.64..3882.65 rows=1 width=8)
	  ->  Bitmap Heap Scan on sbtest5  (cost=34.70..3880.13 rows=1001 width=4)
	        Recheck Cond: ((id >= 8368507) AND (id <= 8369506))
	        ->  Bitmap Index Scan on sbtest5_pkey  (cost=0.00..34.45 rows=1001 width=0)
	              Index Cond: ((id >= 8368507) AND (id <= 8369506))

table 6 : explain SELECT SUM(k) FROM sbtest6 WHERE id BETWEEN 6167582 AND 6168581
	Aggregate  (cost=4001.97..4001.98 rows=1 width=8)
	  ->  Bitmap Heap Scan on sbtest6  (cost=35.02..3999.39 rows=1033 width=4)
	        Recheck Cond: ((id >= 6167582) AND (id <= 6168581))
	        ->  Bitmap Index Scan on sbtest6_pkey  (cost=0.00..34.77 rows=1033 width=0)
	              Index Cond: ((id >= 6167582) AND (id <= 6168581))

table 7 : explain SELECT SUM(k) FROM sbtest7 WHERE id BETWEEN 9894102 AND 9895101
	Aggregate  (cost=4074.48..4074.49 rows=1 width=8)
	  ->  Bitmap Heap Scan on sbtest7  (cost=35.22..4071.85 rows=1052 width=4)
	        Recheck Cond: ((id >= 9894102) AND (id <= 9895101))
	        ->  Bitmap Index Scan on sbtest7_pkey  (cost=0.00..34.95 rows=1052 width=0)
	              Index Cond: ((id >= 9894102) AND (id <= 9895101))

table 8 : explain SELECT SUM(k) FROM sbtest8 WHERE id BETWEEN 8874138 AND 8875137
	Aggregate  (cost=3871.44..3871.45 rows=1 width=8)
	  ->  Bitmap Heap Scan on sbtest8  (cost=34.66..3868.95 rows=998 width=4)
	        Recheck Cond: ((id >= 8874138) AND (id <= 8875137))
	        ->  Bitmap Index Scan on sbtest8_pkey  (cost=0.00..34.42 rows=998 width=0)
	              Index Cond: ((id >= 8874138) AND (id <= 8875137))

explain: for point_selects :: explain SELECT c FROM sbtest%u WHERE id=%u
for point_selects
table 1 : explain SELECT c FROM sbtest1 WHERE id=345302
	Index Scan using sbtest1_pkey on sbtest1  (cost=0.43..8.45 rows=1 width=121)
	  Index Cond: (id = 345302)

table 2 : explain SELECT c FROM sbtest2 WHERE id=4692459
	Index Scan using sbtest2_pkey on sbtest2  (cost=0.43..8.45 rows=1 width=121)
	  Index Cond: (id = 4692459)

table 3 : explain SELECT c FROM sbtest3 WHERE id=5886
	Index Scan using sbtest3_pkey on sbtest3  (cost=0.43..8.45 rows=1 width=121)
	  Index Cond: (id = 5886)

table 4 : explain SELECT c FROM sbtest4 WHERE id=3339488
	Index Scan using sbtest4_pkey on sbtest4  (cost=0.43..8.45 rows=1 width=121)
	  Index Cond: (id = 3339488)

table 5 : explain SELECT c FROM sbtest5 WHERE id=5193203
	Index Scan using sbtest5_pkey on sbtest5  (cost=0.43..8.45 rows=1 width=121)
	  Index Cond: (id = 5193203)

table 6 : explain SELECT c FROM sbtest6 WHERE id=4591068
	Index Scan using sbtest6_pkey on sbtest6  (cost=0.43..8.45 rows=1 width=121)
	  Index Cond: (id = 4591068)

table 7 : explain SELECT c FROM sbtest7 WHERE id=4260465
	Index Scan using sbtest7_pkey on sbtest7  (cost=0.43..8.45 rows=1 width=121)
	  Index Cond: (id = 4260465)

table 8 : explain SELECT c FROM sbtest8 WHERE id=6749597
	Index Scan using sbtest8_pkey on sbtest8  (cost=0.43..8.45 rows=1 width=121)
	  Index Cond: (id = 6749597)

for: order_ranges
table 1 : explain SELECT c FROM sbtest1 WHERE id BETWEEN 2549336 AND 2550335 ORDER BY c
	Sort  (cost=3722.49..3724.85 rows=946 width=121)
	  Sort Key: c
	  ->  Bitmap Heap Scan on sbtest1  (cost=34.13..3675.73 rows=946 width=121)
	        Recheck Cond: ((id >= 2549336) AND (id <= 2550335))
	        ->  Bitmap Index Scan on sbtest1_pkey  (cost=0.00..33.90 rows=946 width=0)
	              Index Cond: ((id >= 2549336) AND (id <= 2550335))

table 2 : explain SELECT c FROM sbtest2 WHERE id BETWEEN 488756 AND 489755 ORDER BY c
	Sort  (cost=4057.56..4060.15 rows=1035 width=121)
	  Sort Key: c
	  ->  Bitmap Heap Scan on sbtest2  (cost=35.04..4005.73 rows=1035 width=121)
	        Recheck Cond: ((id >= 488756) AND (id <= 489755))
	        ->  Bitmap Index Scan on sbtest2_pkey  (cost=0.00..34.79 rows=1035 width=0)
	              Index Cond: ((id >= 488756) AND (id <= 489755))

table 3 : explain SELECT c FROM sbtest3 WHERE id BETWEEN 5243565 AND 5244564 ORDER BY c
	Sort  (cost=3965.51..3968.04 rows=1011 width=121)
	  Sort Key: c
	  ->  Bitmap Heap Scan on sbtest3  (cost=34.80..3915.05 rows=1011 width=121)
	        Recheck Cond: ((id >= 5243565) AND (id <= 5244564))
	        ->  Bitmap Index Scan on sbtest3_pkey  (cost=0.00..34.55 rows=1011 width=0)
	              Index Cond: ((id >= 5243565) AND (id <= 5244564))

table 4 : explain SELECT c FROM sbtest4 WHERE id BETWEEN 1603268 AND 1604267 ORDER BY c
	Sort  (cost=3741.04..3743.42 rows=952 width=121)
	  Sort Key: c
	  ->  Bitmap Heap Scan on sbtest4  (cost=34.19..3693.94 rows=952 width=121)
	        Recheck Cond: ((id >= 1603268) AND (id <= 1604267))
	        ->  Bitmap Index Scan on sbtest4_pkey  (cost=0.00..33.95 rows=952 width=0)
	              Index Cond: ((id >= 1603268) AND (id <= 1604267))

table 5 : explain SELECT c FROM sbtest5 WHERE id BETWEEN 9552451 AND 9553450 ORDER BY c
	Sort  (cost=4090.69..4093.30 rows=1043 width=121)
	  Sort Key: c
	  ->  Bitmap Heap Scan on sbtest5  (cost=35.13..4038.40 rows=1043 width=121)
	        Recheck Cond: ((id >= 9552451) AND (id <= 9553450))
	        ->  Bitmap Index Scan on sbtest5_pkey  (cost=0.00..34.87 rows=1043 width=0)
	              Index Cond: ((id >= 9552451) AND (id <= 9553450))

table 6 : explain SELECT c FROM sbtest6 WHERE id BETWEEN 8431626 AND 8432625 ORDER BY c
	Sort  (cost=4131.34..4133.98 rows=1054 width=121)
	  Sort Key: c
	  ->  Bitmap Heap Scan on sbtest6  (cost=35.24..4078.42 rows=1054 width=121)
	        Recheck Cond: ((id >= 8431626) AND (id <= 8432625))
	        ->  Bitmap Index Scan on sbtest6_pkey  (cost=0.00..34.98 rows=1054 width=0)
	              Index Cond: ((id >= 8431626) AND (id <= 8432625))

table 7 : explain SELECT c FROM sbtest7 WHERE id BETWEEN 50414 AND 51413 ORDER BY c
	Sort  (cost=4002.31..4004.86 rows=1020 width=121)
	  Sort Key: c
	  ->  Bitmap Heap Scan on sbtest7  (cost=34.89..3951.34 rows=1020 width=121)
	        Recheck Cond: ((id >= 50414) AND (id <= 51413))
	        ->  Bitmap Index Scan on sbtest7_pkey  (cost=0.00..34.64 rows=1020 width=0)
	              Index Cond: ((id >= 50414) AND (id <= 51413))

table 8 : explain SELECT c FROM sbtest8 WHERE id BETWEEN 8710312 AND 8711311 ORDER BY c
	Sort  (cost=3727.09..3729.46 rows=948 width=121)
	  Sort Key: c
	  ->  Bitmap Heap Scan on sbtest8  (cost=34.15..3680.21 rows=948 width=121)
	        Recheck Cond: ((id >= 8710312) AND (id <= 8711311))
	        ->  Bitmap Index Scan on sbtest8_pkey  (cost=0.00..33.92 rows=948 width=0)
	              Index Cond: ((id >= 8710312) AND (id <= 8711311))

for: distinct_ranges
table 1 : explain SELECT DISTINCT c FROM sbtest1 WHERE id BETWEEN 9990991 AND 9991990 ORDER BY c
	Unique  (cost=4140.31..4145.58 rows=1055 width=121)
	  ->  Sort  (cost=4140.31..4142.94 rows=1055 width=121)
	        Sort Key: c
	        ->  Bitmap Heap Scan on sbtest1  (cost=35.25..4087.33 rows=1055 width=121)
	              Recheck Cond: ((id >= 9990991) AND (id <= 9991990))
	              ->  Bitmap Index Scan on sbtest1_pkey  (cost=0.00..34.98 rows=1055 width=0)
	                    Index Cond: ((id >= 9990991) AND (id <= 9991990))

table 2 : explain SELECT DISTINCT c FROM sbtest2 WHERE id BETWEEN 9014072 AND 9015071 ORDER BY c
	Unique  (cost=3847.26..3852.16 rows=980 width=121)
	  ->  Sort  (cost=3847.26..3849.71 rows=980 width=121)
	        Sort Key: c
	        ->  Bitmap Heap Scan on sbtest2  (cost=34.48..3798.58 rows=980 width=121)
	              Recheck Cond: ((id >= 9014072) AND (id <= 9015071))
	              ->  Bitmap Index Scan on sbtest2_pkey  (cost=0.00..34.23 rows=980 width=0)
	                    Index Cond: ((id >= 9014072) AND (id <= 9015071))

table 3 : explain SELECT DISTINCT c FROM sbtest3 WHERE id BETWEEN 9998294 AND 9999293 ORDER BY c
	Unique  (cost=3831.64..3836.52 rows=976 width=121)
	  ->  Sort  (cost=3831.64..3834.08 rows=976 width=121)
	        Sort Key: c
	        ->  Bitmap Heap Scan on sbtest3  (cost=34.44..3783.18 rows=976 width=121)
	              Recheck Cond: ((id >= 9998294) AND (id <= 9999293))
	              ->  Bitmap Index Scan on sbtest3_pkey  (cost=0.00..34.20 rows=976 width=0)
	                    Index Cond: ((id >= 9998294) AND (id <= 9999293))

table 4 : explain SELECT DISTINCT c FROM sbtest4 WHERE id BETWEEN 4529055 AND 4530054 ORDER BY c
	Unique  (cost=4142.71..4148.00 rows=1057 width=121)
	  ->  Sort  (cost=4142.71..4145.36 rows=1057 width=121)
	        Sort Key: c
	        ->  Bitmap Heap Scan on sbtest4  (cost=35.27..4089.62 rows=1057 width=121)
	              Recheck Cond: ((id >= 4529055) AND (id <= 4530054))
	              ->  Bitmap Index Scan on sbtest4_pkey  (cost=0.00..35.01 rows=1057 width=0)
	                    Index Cond: ((id >= 4529055) AND (id <= 4530054))

table 5 : explain SELECT DISTINCT c FROM sbtest5 WHERE id BETWEEN 5400444 AND 5401443 ORDER BY c
	Unique  (cost=3792.14..3796.96 rows=965 width=121)
	  ->  Sort  (cost=3792.14..3794.55 rows=965 width=121)
	        Sort Key: c
	        ->  Bitmap Heap Scan on sbtest5  (cost=34.33..3744.30 rows=965 width=121)
	              Recheck Cond: ((id >= 5400444) AND (id <= 5401443))
	              ->  Bitmap Index Scan on sbtest5_pkey  (cost=0.00..34.09 rows=965 width=0)
	                    Index Cond: ((id >= 5400444) AND (id <= 5401443))

table 6 : explain SELECT DISTINCT c FROM sbtest6 WHERE id BETWEEN 3451044 AND 3452043 ORDER BY c
	Unique  (cost=3760.27..3765.05 rows=957 width=121)
	  ->  Sort  (cost=3760.27..3762.66 rows=957 width=121)
	        Sort Key: c
	        ->  Bitmap Heap Scan on sbtest6  (cost=34.24..3712.89 rows=957 width=121)
	              Recheck Cond: ((id >= 3451044) AND (id <= 3452043))
	              ->  Bitmap Index Scan on sbtest6_pkey  (cost=0.00..34.01 rows=957 width=0)
	                    Index Cond: ((id >= 3451044) AND (id <= 3452043))

table 7 : explain SELECT DISTINCT c FROM sbtest7 WHERE id BETWEEN 9450431 AND 9451430 ORDER BY c
	Unique  (cost=3921.96..3926.96 rows=999 width=121)
	  ->  Sort  (cost=3921.96..3924.46 rows=999 width=121)
	        Sort Key: c
	        ->  Bitmap Heap Scan on sbtest7  (cost=34.67..3872.19 rows=999 width=121)
	              Recheck Cond: ((id >= 9450431) AND (id <= 9451430))
	              ->  Bitmap Index Scan on sbtest7_pkey  (cost=0.00..34.43 rows=999 width=0)
	                    Index Cond: ((id >= 9450431) AND (id <= 9451430))

table 8 : explain SELECT DISTINCT c FROM sbtest8 WHERE id BETWEEN 3319840 AND 3320839 ORDER BY c
	Unique  (cost=3953.11..3958.15 rows=1007 width=121)
	  ->  Sort  (cost=3953.11..3955.63 rows=1007 width=121)
	        Sort Key: c
	        ->  Bitmap Heap Scan on sbtest8  (cost=34.76..3902.88 rows=1007 width=121)
	              Recheck Cond: ((id >= 3319840) AND (id <= 3320839))
	              ->  Bitmap Index Scan on sbtest8_pkey  (cost=0.00..34.51 rows=1007 width=0)
	                    Index Cond: ((id >= 3319840) AND (id <= 3320839))

explain: for point_selects :: explain SELECT c FROM sbtest%u WHERE id=%u
for point_selects
table 1 : explain SELECT c FROM sbtest1 WHERE id=4808403
	Index Scan using sbtest1_pkey on sbtest1  (cost=0.43..8.45 rows=1 width=121)
	  Index Cond: (id = 4808403)

table 2 : explain SELECT c FROM sbtest2 WHERE id=2030075
	Index Scan using sbtest2_pkey on sbtest2  (cost=0.43..8.45 rows=1 width=121)
	  Index Cond: (id = 2030075)

table 3 : explain SELECT c FROM sbtest3 WHERE id=7219058
	Index Scan using sbtest3_pkey on sbtest3  (cost=0.43..8.45 rows=1 width=121)
	  Index Cond: (id = 7219058)

table 4 : explain SELECT c FROM sbtest4 WHERE id=4320061
	Index Scan using sbtest4_pkey on sbtest4  (cost=0.43..8.45 rows=1 width=121)
	  Index Cond: (id = 4320061)

table 5 : explain SELECT c FROM sbtest5 WHERE id=5373621
	Index Scan using sbtest5_pkey on sbtest5  (cost=0.43..8.45 rows=1 width=121)
	  Index Cond: (id = 5373621)

table 6 : explain SELECT c FROM sbtest6 WHERE id=2224997
	Index Scan using sbtest6_pkey on sbtest6  (cost=0.43..8.45 rows=1 width=121)
	  Index Cond: (id = 2224997)

table 7 : explain SELECT c FROM sbtest7 WHERE id=4965000
	Index Scan using sbtest7_pkey on sbtest7  (cost=0.43..8.45 rows=1 width=121)
	  Index Cond: (id = 4965000)

table 8 : explain SELECT c FROM sbtest8 WHERE id=922607
	Index Scan using sbtest8_pkey on sbtest8  (cost=0.43..8.45 rows=1 width=121)
	  Index Cond: (id = 922607)

for: simple_ranges
table 1 : explain SELECT c FROM sbtest1 WHERE id BETWEEN 2874041 AND 2875040
	Bitmap Heap Scan on sbtest1  (cost=29.99..3618.75 rows=932 width=121)
	  Recheck Cond: ((id >= 2874041) AND (id <= 2875040))
	  ->  Bitmap Index Scan on sbtest1_pkey  (cost=0.00..29.75 rows=932 width=0)
	        Index Cond: ((id >= 2874041) AND (id <= 2875040))

table 2 : explain SELECT c FROM sbtest2 WHERE id BETWEEN 9515193 AND 9516192
	Bitmap Heap Scan on sbtest2  (cost=35.25..4080.96 rows=1055 width=121)
	  Recheck Cond: ((id >= 9515193) AND (id <= 9516192))
	  ->  Bitmap Index Scan on sbtest2_pkey  (cost=0.00..34.98 rows=1055 width=0)
	        Index Cond: ((id >= 9515193) AND (id <= 9516192))

table 3 : explain SELECT c FROM sbtest3 WHERE id BETWEEN 940008 AND 941007
	Bitmap Heap Scan on sbtest3  (cost=34.81..3918.82 rows=1012 width=121)
	  Recheck Cond: ((id >= 940008) AND (id <= 941007))
	  ->  Bitmap Index Scan on sbtest3_pkey  (cost=0.00..34.56 rows=1012 width=0)
	        Index Cond: ((id >= 940008) AND (id <= 941007))

table 4 : explain SELECT c FROM sbtest4 WHERE id BETWEEN 3101945 AND 3102944
	Bitmap Heap Scan on sbtest4  (cost=34.65..3863.69 rows=997 width=121)
	  Recheck Cond: ((id >= 3101945) AND (id <= 3102944))
	  ->  Bitmap Index Scan on sbtest4_pkey  (cost=0.00..34.41 rows=997 width=0)
	        Index Cond: ((id >= 3101945) AND (id <= 3102944))

table 5 : explain SELECT c FROM sbtest5 WHERE id BETWEEN 3948482 AND 3949481
	Bitmap Heap Scan on sbtest5  (cost=35.14..4042.17 rows=1044 width=121)
	  Recheck Cond: ((id >= 3948482) AND (id <= 3949481))
	  ->  Bitmap Index Scan on sbtest5_pkey  (cost=0.00..34.88 rows=1044 width=0)
	        Index Cond: ((id >= 3948482) AND (id <= 3949481))

table 6 : explain SELECT c FROM sbtest6 WHERE id BETWEEN 1172694 AND 1173693
	Bitmap Heap Scan on sbtest6  (cost=29.26..3345.91 rows=861 width=121)
	  Recheck Cond: ((id >= 1172694) AND (id <= 1173693))
	  ->  Bitmap Index Scan on sbtest6_pkey  (cost=0.00..29.04 rows=861 width=0)
	        Index Cond: ((id >= 1172694) AND (id <= 1173693))

table 7 : explain SELECT c FROM sbtest7 WHERE id BETWEEN 6720377 AND 6721376
	Bitmap Heap Scan on sbtest7  (cost=30.02..3626.61 rows=935 width=121)
	  Recheck Cond: ((id >= 6720377) AND (id <= 6721376))
	  ->  Bitmap Index Scan on sbtest7_pkey  (cost=0.00..29.79 rows=935 width=0)
	        Index Cond: ((id >= 6720377) AND (id <= 6721376))

table 8 : explain SELECT c FROM sbtest8 WHERE id BETWEEN 8403196 AND 8404195
	Bitmap Heap Scan on sbtest8  (cost=29.92..3589.29 rows=925 width=121)
	  Recheck Cond: ((id >= 8403196) AND (id <= 8404195))
	  ->  Bitmap Index Scan on sbtest8_pkey  (cost=0.00..29.68 rows=925 width=0)
	        Index Cond: ((id >= 8403196) AND (id <= 8404195))

for: order_ranges
table 1 : explain SELECT c FROM sbtest1 WHERE id BETWEEN 4666399 AND 4667398 ORDER BY c
	Sort  (cost=3933.49..3935.99 rows=1001 width=121)
	  Sort Key: c
	  ->  Bitmap Heap Scan on sbtest1  (cost=34.70..3883.60 rows=1001 width=121)
	        Recheck Cond: ((id >= 4666399) AND (id <= 4667398))
	        ->  Bitmap Index Scan on sbtest1_pkey  (cost=0.00..34.45 rows=1001 width=0)
	              Index Cond: ((id >= 4666399) AND (id <= 4667398))

table 2 : explain SELECT c FROM sbtest2 WHERE id BETWEEN 1369084 AND 1370083 ORDER BY c
	Sort  (cost=4202.64..4205.32 rows=1073 width=121)
	  Sort Key: c
	  ->  Bitmap Heap Scan on sbtest2  (cost=35.43..4148.63 rows=1073 width=121)
	        Recheck Cond: ((id >= 1369084) AND (id <= 1370083))
	        ->  Bitmap Index Scan on sbtest2_pkey  (cost=0.00..35.17 rows=1073 width=0)
	              Index Cond: ((id >= 1369084) AND (id <= 1370083))

table 3 : explain SELECT c FROM sbtest3 WHERE id BETWEEN 4319000 AND 4319999 ORDER BY c
	Sort  (cost=3639.98..3642.29 rows=927 width=121)
	  Sort Key: c
	  ->  Bitmap Heap Scan on sbtest3  (cost=29.94..3594.29 rows=927 width=121)
	        Recheck Cond: ((id >= 4319000) AND (id <= 4319999))
	        ->  Bitmap Index Scan on sbtest3_pkey  (cost=0.00..29.70 rows=927 width=0)
	              Index Cond: ((id >= 4319000) AND (id <= 4319999))

table 4 : explain SELECT c FROM sbtest4 WHERE id BETWEEN 818958 AND 819957 ORDER BY c
	Sort  (cost=3775.52..3777.92 rows=961 width=121)
	  Sort Key: c
	  ->  Bitmap Heap Scan on sbtest4  (cost=34.29..3727.91 rows=961 width=121)
	        Recheck Cond: ((id >= 818958) AND (id <= 819957))
	        ->  Bitmap Index Scan on sbtest4_pkey  (cost=0.00..34.05 rows=961 width=0)
	              Index Cond: ((id >= 818958) AND (id <= 819957))

table 5 : explain SELECT c FROM sbtest5 WHERE id BETWEEN 3110393 AND 3111392 ORDER BY c
	Sort  (cost=3998.90..4001.45 rows=1019 width=121)
	  Sort Key: c
	  ->  Bitmap Heap Scan on sbtest5  (cost=34.88..3947.99 rows=1019 width=121)
	        Recheck Cond: ((id >= 3110393) AND (id <= 3111392))
	        ->  Bitmap Index Scan on sbtest5_pkey  (cost=0.00..34.62 rows=1019 width=0)
	              Index Cond: ((id >= 3110393) AND (id <= 3111392))

table 6 : explain SELECT c FROM sbtest6 WHERE id BETWEEN 1160755 AND 1161754 ORDER BY c
	Sort  (cost=3387.88..3390.03 rows=861 width=121)
	  Sort Key: c
	  ->  Bitmap Heap Scan on sbtest6  (cost=29.26..3345.91 rows=861 width=121)
	        Recheck Cond: ((id >= 1160755) AND (id <= 1161754))
	        ->  Bitmap Index Scan on sbtest6_pkey  (cost=0.00..29.04 rows=861 width=0)
	              Index Cond: ((id >= 1160755) AND (id <= 1161754))

table 7 : explain SELECT c FROM sbtest7 WHERE id BETWEEN 3256792 AND 3257791 ORDER BY c
	Sort  (cost=4059.68..4062.26 rows=1035 width=121)
	  Sort Key: c
	  ->  Bitmap Heap Scan on sbtest7  (cost=35.04..4007.85 rows=1035 width=121)
	        Recheck Cond: ((id >= 3256792) AND (id <= 3257791))
	        ->  Bitmap Index Scan on sbtest7_pkey  (cost=0.00..34.79 rows=1035 width=0)
	              Index Cond: ((id >= 3256792) AND (id <= 3257791))

table 8 : explain SELECT c FROM sbtest8 WHERE id BETWEEN 4166921 AND 4167920 ORDER BY c
	Sort  (cost=4083.18..4085.78 rows=1041 width=121)
	  Sort Key: c
	  ->  Bitmap Heap Scan on sbtest8  (cost=35.11..4031.00 rows=1041 width=121)
	        Recheck Cond: ((id >= 4166921) AND (id <= 4167920))
	        ->  Bitmap Index Scan on sbtest8_pkey  (cost=0.00..34.84 rows=1041 width=0)
	              Index Cond: ((id >= 4166921) AND (id <= 4167920))

for: distinct_ranges
table 1 : explain SELECT DISTINCT c FROM sbtest1 WHERE id BETWEEN 4242349 AND 4243348 ORDER BY c
	Unique  (cost=4151.79..4157.08 rows=1058 width=121)
	  ->  Sort  (cost=4151.79..4154.43 rows=1058 width=121)
	        Sort Key: c
	        ->  Bitmap Heap Scan on sbtest1  (cost=35.28..4098.64 rows=1058 width=121)
	              Recheck Cond: ((id >= 4242349) AND (id <= 4243348))
	              ->  Bitmap Index Scan on sbtest1_pkey  (cost=0.00..35.02 rows=1058 width=0)
	                    Index Cond: ((id >= 4242349) AND (id <= 4243348))

table 2 : explain SELECT DISTINCT c FROM sbtest2 WHERE id BETWEEN 3368700 AND 3369699 ORDER BY c
	Unique  (cost=3992.60..3997.69 rows=1018 width=121)
	  ->  Sort  (cost=3992.60..3995.14 rows=1018 width=121)
	        Sort Key: c
	        ->  Bitmap Heap Scan on sbtest2  (cost=34.87..3941.74 rows=1018 width=121)
	              Recheck Cond: ((id >= 3368700) AND (id <= 3369699))
	              ->  Bitmap Index Scan on sbtest2_pkey  (cost=0.00..34.62 rows=1018 width=0)
	                    Index Cond: ((id >= 3368700) AND (id <= 3369699))

table 3 : explain SELECT DISTINCT c FROM sbtest3 WHERE id BETWEEN 8082518 AND 8083517 ORDER BY c
	Unique  (cost=3931.10..3936.11 rows=1002 width=121)
	  ->  Sort  (cost=3931.10..3933.61 rows=1002 width=121)
	        Sort Key: c
	        ->  Bitmap Heap Scan on sbtest3  (cost=34.71..3881.16 rows=1002 width=121)
	              Recheck Cond: ((id >= 8082518) AND (id <= 8083517))
	              ->  Bitmap Index Scan on sbtest3_pkey  (cost=0.00..34.45 rows=1002 width=0)
	                    Index Cond: ((id >= 8082518) AND (id <= 8083517))

table 4 : explain SELECT DISTINCT c FROM sbtest4 WHERE id BETWEEN 2167419 AND 2168418 ORDER BY c
	Unique  (cost=3641.37..3646.00 rows=926 width=121)
	  ->  Sort  (cost=3641.37..3643.68 rows=926 width=121)
	        Sort Key: c
	        ->  Bitmap Heap Scan on sbtest4  (cost=33.93..3595.74 rows=926 width=121)
	              Recheck Cond: ((id >= 2167419) AND (id <= 2168418))
	              ->  Bitmap Index Scan on sbtest4_pkey  (cost=0.00..33.70 rows=926 width=0)
	                    Index Cond: ((id >= 2167419) AND (id <= 2168418))

table 5 : explain SELECT DISTINCT c FROM sbtest5 WHERE id BETWEEN 3746818 AND 3747817 ORDER BY c
	Unique  (cost=4113.62..4118.87 rows=1049 width=121)
	  ->  Sort  (cost=4113.62..4116.25 rows=1049 width=121)
	        Sort Key: c
	        ->  Bitmap Heap Scan on sbtest5  (cost=35.19..4060.99 rows=1049 width=121)
	              Recheck Cond: ((id >= 3746818) AND (id <= 3747817))
	              ->  Bitmap Index Scan on sbtest5_pkey  (cost=0.00..34.93 rows=1049 width=0)
	                    Index Cond: ((id >= 3746818) AND (id <= 3747817))

table 6 : explain SELECT DISTINCT c FROM sbtest6 WHERE id BETWEEN 4942310 AND 4943309 ORDER BY c
	Unique  (cost=4242.06..4247.48 rows=1083 width=121)
	  ->  Sort  (cost=4242.06..4244.77 rows=1083 width=121)
	        Sort Key: c
	        ->  Bitmap Heap Scan on sbtest6  (cost=35.54..4187.47 rows=1083 width=121)
	              Recheck Cond: ((id >= 4942310) AND (id <= 4943309))
	              ->  Bitmap Index Scan on sbtest6_pkey  (cost=0.00..35.27 rows=1083 width=0)
	                    Index Cond: ((id >= 4942310) AND (id <= 4943309))

table 7 : explain SELECT DISTINCT c FROM sbtest7 WHERE id BETWEEN 2214774 AND 2215773 ORDER BY c
	Unique  (cost=3853.05..3857.95 rows=981 width=121)
	  ->  Sort  (cost=3853.05..3855.50 rows=981 width=121)
	        Sort Key: c
	        ->  Bitmap Heap Scan on sbtest7  (cost=34.49..3804.30 rows=981 width=121)
	              Recheck Cond: ((id >= 2214774) AND (id <= 2215773))
	              ->  Bitmap Index Scan on sbtest7_pkey  (cost=0.00..34.25 rows=981 width=0)
	                    Index Cond: ((id >= 2214774) AND (id <= 2215773))

table 8 : explain SELECT DISTINCT c FROM sbtest8 WHERE id BETWEEN 2893619 AND 2894618 ORDER BY c
	Unique  (cost=3619.51..3624.11 rows=921 width=121)
	  ->  Sort  (cost=3619.51..3621.81 rows=921 width=121)
	        Sort Key: c
	        ->  Bitmap Heap Scan on sbtest8  (cost=29.88..3574.16 rows=921 width=121)
	              Recheck Cond: ((id >= 2893619) AND (id <= 2894618))
	              ->  Bitmap Index Scan on sbtest8_pkey  (cost=0.00..29.64 rows=921 width=0)
	                    Index Cond: ((id >= 2893619) AND (id <= 2894618))

explain: for point_selects :: explain SELECT c FROM sbtest%u WHERE id=%u
explain: for point_selects :: explain SELECT c FROM sbtest%u WHERE id=%u
for point_selects
table 1 : explain SELECT c FROM sbtest1 WHERE id=71400
	Index Scan using sbtest1_pkey on sbtest1  (cost=0.43..8.45 rows=1 width=121)
	  Index Cond: (id = 71400)

table 2 : explain SELECT c FROM sbtest2 WHERE id=1559226
	Index Scan using sbtest2_pkey on sbtest2  (cost=0.43..8.45 rows=1 width=121)
	  Index Cond: (id = 1559226)

table 3 : explain SELECT c FROM sbtest3 WHERE id=5570118
	Index Scan using sbtest3_pkey on sbtest3  (cost=0.43..8.45 rows=1 width=121)
	  Index Cond: (id = 5570118)

table 4 : explain SELECT c FROM sbtest4 WHERE id=750961
	Index Scan using sbtest4_pkey on sbtest4  (cost=0.43..8.45 rows=1 width=121)
	  Index Cond: (id = 750961)

table 5 : explain SELECT c FROM sbtest5 WHERE id=4435411
	Index Scan using sbtest5_pkey on sbtest5  (cost=0.43..8.45 rows=1 width=121)
	  Index Cond: (id = 4435411)

table 6 : explain SELECT c FROM sbtest6 WHERE id=6800662
	Index Scan using sbtest6_pkey on sbtest6  (cost=0.43..8.45 rows=1 width=121)
	  Index Cond: (id = 6800662)

table 7 : explain SELECT c FROM sbtest7 WHERE id=8098424
	Index Scan using sbtest7_pkey on sbtest7  (cost=0.43..8.45 rows=1 width=121)
	  Index Cond: (id = 8098424)

table 8 : explain SELECT c FROM sbtest8 WHERE id=7770670
	Index Scan using sbtest8_pkey on sbtest8  (cost=0.43..8.45 rows=1 width=121)
	  Index Cond: (id = 7770670)

for: simple_ranges
table 1 : explain SELECT c FROM sbtest1 WHERE id BETWEEN 9049497 AND 9050496
	Bitmap Heap Scan on sbtest1  (cost=34.08..3656.81 rows=941 width=121)
	  Recheck Cond: ((id >= 9049497) AND (id <= 9050496))
	  ->  Bitmap Index Scan on sbtest1_pkey  (cost=0.00..33.84 rows=941 width=0)
	        Index Cond: ((id >= 9049497) AND (id <= 9050496))

table 2 : explain SELECT c FROM sbtest2 WHERE id BETWEEN 7621532 AND 7622531
	Bitmap Heap Scan on sbtest2  (cost=35.25..4080.96 rows=1055 width=121)
	  Recheck Cond: ((id >= 7621532) AND (id <= 7622531))
	  ->  Bitmap Index Scan on sbtest2_pkey  (cost=0.00..34.98 rows=1055 width=0)
	        Index Cond: ((id >= 7621532) AND (id <= 7622531))

table 3 : explain SELECT c FROM sbtest3 WHERE id BETWEEN 2727036 AND 2728035
	Bitmap Heap Scan on sbtest3  (cost=40.24..4445.01 rows=1152 width=121)
	  Recheck Cond: ((id >= 2727036) AND (id <= 2728035))
	  ->  Bitmap Index Scan on sbtest3_pkey  (cost=0.00..39.95 rows=1152 width=0)
	        Index Cond: ((id >= 2727036) AND (id <= 2728035))

table 4 : explain SELECT c FROM sbtest4 WHERE id BETWEEN 256016 AND 257015
	Bitmap Heap Scan on sbtest4  (cost=34.66..3867.46 rows=998 width=121)
	  Recheck Cond: ((id >= 256016) AND (id <= 257015))
	  ->  Bitmap Index Scan on sbtest4_pkey  (cost=0.00..34.42 rows=998 width=0)
	        Index Cond: ((id >= 256016) AND (id <= 257015))

table 5 : explain SELECT c FROM sbtest5 WHERE id BETWEEN 9874323 AND 9875322
	Bitmap Heap Scan on sbtest5  (cost=34.89..3951.76 rows=1020 width=121)
	  Recheck Cond: ((id >= 9874323) AND (id <= 9875322))
	  ->  Bitmap Index Scan on sbtest5_pkey  (cost=0.00..34.64 rows=1020 width=0)
	        Index Cond: ((id >= 9874323) AND (id <= 9875322))

table 6 : explain SELECT c FROM sbtest6 WHERE id BETWEEN 9864176 AND 9865175
	Bitmap Heap Scan on sbtest6  (cost=35.22..4070.90 rows=1052 width=121)
	  Recheck Cond: ((id >= 9864176) AND (id <= 9865175))
	  ->  Bitmap Index Scan on sbtest6_pkey  (cost=0.00..34.95 rows=1052 width=0)
	        Index Cond: ((id >= 9864176) AND (id <= 9865175))

table 7 : explain SELECT c FROM sbtest7 WHERE id BETWEEN 7517238 AND 7518237
	Bitmap Heap Scan on sbtest7  (cost=34.59..3842.02 rows=991 width=121)
	  Recheck Cond: ((id >= 7517238) AND (id <= 7518237))
	  ->  Bitmap Index Scan on sbtest7_pkey  (cost=0.00..34.34 rows=991 width=0)
	        Index Cond: ((id >= 7517238) AND (id <= 7518237))

table 8 : explain SELECT c FROM sbtest8 WHERE id BETWEEN 2901633 AND 2902632
	Bitmap Heap Scan on sbtest8  (cost=34.28..3725.54 rows=960 width=121)
	  Recheck Cond: ((id >= 2901633) AND (id <= 2902632))
	  ->  Bitmap Index Scan on sbtest8_pkey  (cost=0.00..34.04 rows=960 width=0)
	        Index Cond: ((id >= 2901633) AND (id <= 2902632))

for point_selects
table 1 : explain SELECT c FROM sbtest1 WHERE id=9939860
	Index Scan using sbtest1_pkey on sbtest1  (cost=0.43..8.45 rows=1 width=121)
	  Index Cond: (id = 9939860)

table 2 : explain SELECT c FROM sbtest2 WHERE id=9095288
	Index Scan using sbtest2_pkey on sbtest2  (cost=0.43..8.45 rows=1 width=121)
	  Index Cond: (id = 9095288)

table 3 : explain SELECT c FROM sbtest3 WHERE id=6608242
	Index Scan using sbtest3_pkey on sbtest3  (cost=0.43..8.45 rows=1 width=121)
	  Index Cond: (id = 6608242)

table 4 : explain SELECT c FROM sbtest4 WHERE id=847960
	Index Scan using sbtest4_pkey on sbtest4  (cost=0.43..8.45 rows=1 width=121)
	  Index Cond: (id = 847960)

table 5 : explain SELECT c FROM sbtest5 WHERE id=4447414
	Index Scan using sbtest5_pkey on sbtest5  (cost=0.43..8.45 rows=1 width=121)
	  Index Cond: (id = 4447414)

table 6 : explain SELECT c FROM sbtest6 WHERE id=8251945
	Index Scan using sbtest6_pkey on sbtest6  (cost=0.43..8.45 rows=1 width=121)
	  Index Cond: (id = 8251945)

table 7 : explain SELECT c FROM sbtest7 WHERE id=4969240
	Index Scan using sbtest7_pkey on sbtest7  (cost=0.43..8.45 rows=1 width=121)
	  Index Cond: (id = 4969240)

table 8 : explain SELECT c FROM sbtest8 WHERE id=7924489
	Index Scan using sbtest8_pkey on sbtest8  (cost=0.43..8.45 rows=1 width=121)
	  Index Cond: (id = 7924489)

explain: for point_selects :: explain SELECT c FROM sbtest%u WHERE id=%u
for: distinct_ranges
table 1 : explain SELECT DISTINCT c FROM sbtest1 WHERE id BETWEEN 5838541 AND 5839540 ORDER BY c
	Unique  (cost=3967.98..3973.03 rows=1010 width=121)
	  ->  Sort  (cost=3967.98..3970.51 rows=1010 width=121)
	        Sort Key: c
	        ->  Bitmap Heap Scan on sbtest1  (cost=34.79..3917.58 rows=1010 width=121)
	              Recheck Cond: ((id >= 5838541) AND (id <= 5839540))
	              ->  Bitmap Index Scan on sbtest1_pkey  (cost=0.00..34.54 rows=1010 width=0)
	                    Index Cond: ((id >= 5838541) AND (id <= 5839540))

table 2 : explain SELECT DISTINCT c FROM sbtest2 WHERE id BETWEEN 1720505 AND 1721504 ORDER BY c
	Unique  (cost=4233.16..4238.57 rows=1081 width=121)
	  ->  Sort  (cost=4233.16..4235.86 rows=1081 width=121)
	        Sort Key: c
	        ->  Bitmap Heap Scan on sbtest2  (cost=35.52..4178.69 rows=1081 width=121)
	              Recheck Cond: ((id >= 1720505) AND (id <= 1721504))
	              ->  Bitmap Index Scan on sbtest2_pkey  (cost=0.00..35.25 rows=1081 width=0)
	                    Index Cond: ((id >= 1720505) AND (id <= 1721504))

table 3 : explain SELECT DISTINCT c FROM sbtest3 WHERE id BETWEEN 8888055 AND 8889054 ORDER BY c
	Unique  (cost=3390.56..3394.87 rows=862 width=121)
	  ->  Sort  (cost=3390.56..3392.72 rows=862 width=121)
	        Sort Key: c
	        ->  Bitmap Heap Scan on sbtest3  (cost=29.27..3348.53 rows=862 width=121)
	              Recheck Cond: ((id >= 8888055) AND (id <= 8889054))
	              ->  Bitmap Index Scan on sbtest3_pkey  (cost=0.00..29.05 rows=862 width=0)
	                    Index Cond: ((id >= 8888055) AND (id <= 8889054))

table 4 : explain SELECT DISTINCT c FROM sbtest4 WHERE id BETWEEN 3331346 AND 3332345 ORDER BY c
	Unique  (cost=4020.44..4025.56 rows=1025 width=121)
	  ->  Sort  (cost=4020.44..4023.00 rows=1025 width=121)
	        Sort Key: c
	        ->  Bitmap Heap Scan on sbtest4  (cost=34.94..3969.18 rows=1025 width=121)
	              Recheck Cond: ((id >= 3331346) AND (id <= 3332345))
	              ->  Bitmap Index Scan on sbtest4_pkey  (cost=0.00..34.69 rows=1025 width=0)
	                    Index Cond: ((id >= 3331346) AND (id <= 3332345))

table 5 : explain SELECT DISTINCT c FROM sbtest5 WHERE id BETWEEN 4355955 AND 4356954 ORDER BY c
	Unique  (cost=3841.95..3846.84 rows=978 width=121)
	  ->  Sort  (cost=3841.95..3844.39 rows=978 width=121)
	        Sort Key: c
	        ->  Bitmap Heap Scan on sbtest5  (cost=34.46..3793.37 rows=978 width=121)
	              Recheck Cond: ((id >= 4355955) AND (id <= 4356954))
	              ->  Bitmap Index Scan on sbtest5_pkey  (cost=0.00..34.22 rows=978 width=0)
	                    Index Cond: ((id >= 4355955) AND (id <= 4356954))

table 6 : explain SELECT DISTINCT c FROM sbtest6 WHERE id BETWEEN 3352607 AND 3353606 ORDER BY c
	Unique  (cost=3760.27..3765.05 rows=957 width=121)
	  ->  Sort  (cost=3760.27..3762.66 rows=957 width=121)
	        Sort Key: c
	        ->  Bitmap Heap Scan on sbtest6  (cost=34.24..3712.89 rows=957 width=121)
	              Recheck Cond: ((id >= 3352607) AND (id <= 3353606))
	              ->  Bitmap Index Scan on sbtest6_pkey  (cost=0.00..34.01 rows=957 width=0)
	                    Index Cond: ((id >= 3352607) AND (id <= 3353606))

table 7 : explain SELECT DISTINCT c FROM sbtest7 WHERE id BETWEEN 6046412 AND 6047411 ORDER BY c
	Unique  (cost=3849.22..3854.12 rows=980 width=121)
	  ->  Sort  (cost=3849.22..3851.67 rows=980 width=121)
	        Sort Key: c
	        ->  Bitmap Heap Scan on sbtest7  (cost=34.48..3800.53 rows=980 width=121)
	              Recheck Cond: ((id >= 6046412) AND (id <= 6047411))
	              ->  Bitmap Index Scan on sbtest7_pkey  (cost=0.00..34.23 rows=980 width=0)
	                    Index Cond: ((id >= 6046412) AND (id <= 6047411))

table 8 : explain SELECT DISTINCT c FROM sbtest8 WHERE id BETWEEN 8751797 AND 8752796 ORDER BY c
	Unique  (cost=3727.09..3731.83 rows=948 width=121)
	  ->  Sort  (cost=3727.09..3729.46 rows=948 width=121)
	        Sort Key: c
	        ->  Bitmap Heap Scan on sbtest8  (cost=34.15..3680.21 rows=948 width=121)
	              Recheck Cond: ((id >= 8751797) AND (id <= 8752796))
	              ->  Bitmap Index Scan on sbtest8_pkey  (cost=0.00..33.92 rows=948 width=0)
	                    Index Cond: ((id >= 8751797) AND (id <= 8752796))

for: sum_ranges
table 1 : explain SELECT SUM(k) FROM sbtest1 WHERE id BETWEEN 4829160 AND 4830159
	Aggregate  (cost=4071.11..4071.12 rows=1 width=8)
	  ->  Bitmap Heap Scan on sbtest1  (cost=35.20..4068.48 rows=1050 width=4)
	        Recheck Cond: ((id >= 4829160) AND (id <= 4830159))
	        ->  Bitmap Index Scan on sbtest1_pkey  (cost=0.00..34.94 rows=1050 width=0)
	              Index Cond: ((id >= 4829160) AND (id <= 4830159))

table 2 : explain SELECT SUM(k) FROM sbtest2 WHERE id BETWEEN 3631855 AND 3632854
	Aggregate  (cost=3801.03..3801.04 rows=1 width=8)
	  ->  Bitmap Heap Scan on sbtest2  (cost=34.48..3798.58 rows=980 width=4)
	        Recheck Cond: ((id >= 3631855) AND (id <= 3632854))
	        ->  Bitmap Index Scan on sbtest2_pkey  (cost=0.00..34.23 rows=980 width=0)
	              Index Cond: ((id >= 3631855) AND (id <= 3632854))

table 3 : explain SELECT SUM(k) FROM sbtest3 WHERE id BETWEEN 9548319 AND 9549318
	Aggregate  (cost=3974.09..3974.10 rows=1 width=8)
	  ->  Bitmap Heap Scan on sbtest3  (cost=34.95..3971.52 rows=1026 width=4)
	        Recheck Cond: ((id >= 9548319) AND (id <= 9549318))
	        ->  Bitmap Index Scan on sbtest3_pkey  (cost=0.00..34.70 rows=1026 width=0)
	              Index Cond: ((id >= 9548319) AND (id <= 9549318))

table 4 : explain SELECT SUM(k) FROM sbtest4 WHERE id BETWEEN 9175793 AND 9176792
	Aggregate  (cost=3802.04..3802.05 rows=1 width=8)
	  ->  Bitmap Heap Scan on sbtest4  (cost=34.48..3799.59 rows=980 width=4)
	        Recheck Cond: ((id >= 9175793) AND (id <= 9176792))
	        ->  Bitmap Index Scan on sbtest4_pkey  (cost=0.00..34.23 rows=980 width=0)
	              Index Cond: ((id >= 9175793) AND (id <= 9176792))

table 5 : explain SELECT SUM(k) FROM sbtest5 WHERE id BETWEEN 4737685 AND 4738684
	Aggregate  (cost=3814.70..3814.71 rows=1 width=8)
	  ->  Bitmap Heap Scan on sbtest5  (cost=34.51..3812.24 rows=983 width=4)
	        Recheck Cond: ((id >= 4737685) AND (id <= 4738684))
	        ->  Bitmap Index Scan on sbtest5_pkey  (cost=0.00..34.27 rows=983 width=0)
	              Index Cond: ((id >= 4737685) AND (id <= 4738684))

table 6 : explain SELECT SUM(k) FROM sbtest6 WHERE id BETWEEN 216693 AND 217692
	Aggregate  (cost=3616.81..3616.82 rows=1 width=8)
	  ->  Bitmap Heap Scan on sbtest6  (cost=29.99..3614.48 rows=932 width=4)
	        Recheck Cond: ((id >= 216693) AND (id <= 217692))
	        ->  Bitmap Index Scan on sbtest6_pkey  (cost=0.00..29.75 rows=932 width=0)
	              Index Cond: ((id >= 216693) AND (id <= 217692))

table 7 : explain SELECT SUM(k) FROM sbtest7 WHERE id BETWEEN 4275858 AND 4276857
	Aggregate  (cost=3670.76..3670.77 rows=1 width=8)
	  ->  Bitmap Heap Scan on sbtest7  (cost=34.12..3668.39 rows=945 width=4)
	        Recheck Cond: ((id >= 4275858) AND (id <= 4276857))
	        ->  Bitmap Index Scan on sbtest7_pkey  (cost=0.00..33.89 rows=945 width=0)
	              Index Cond: ((id >= 4275858) AND (id <= 4276857))

table 8 : explain SELECT SUM(k) FROM sbtest8 WHERE id BETWEEN 3630876 AND 3631875
	Aggregate  (cost=3860.12..3860.13 rows=1 width=8)
	  ->  Bitmap Heap Scan on sbtest8  (cost=34.63..3857.63 rows=995 width=4)
	        Recheck Cond: ((id >= 3630876) AND (id <= 3631875))
	        ->  Bitmap Index Scan on sbtest8_pkey  (cost=0.00..34.39 rows=995 width=0)
	              Index Cond: ((id >= 3630876) AND (id <= 3631875))

for point_selects
table 1 : explain SELECT c FROM sbtest1 WHERE id=3357619
	Index Scan using sbtest1_pkey on sbtest1  (cost=0.43..8.45 rows=1 width=121)
	  Index Cond: (id = 3357619)

table 2 : explain SELECT c FROM sbtest2 WHERE id=9495131
	Index Scan using sbtest2_pkey on sbtest2  (cost=0.43..8.45 rows=1 width=121)
	  Index Cond: (id = 9495131)

table 3 : explain SELECT c FROM sbtest3 WHERE id=9128836
	Index Scan using sbtest3_pkey on sbtest3  (cost=0.43..8.45 rows=1 width=121)
	  Index Cond: (id = 9128836)

table 4 : explain SELECT c FROM sbtest4 WHERE id=7753247
	Index Scan using sbtest4_pkey on sbtest4  (cost=0.43..8.45 rows=1 width=121)
	  Index Cond: (id = 7753247)

table 5 : explain SELECT c FROM sbtest5 WHERE id=6446178
	Index Scan using sbtest5_pkey on sbtest5  (cost=0.43..8.45 rows=1 width=121)
	  Index Cond: (id = 6446178)

table 6 : explain SELECT c FROM sbtest6 WHERE id=7784816
	Index Scan using sbtest6_pkey on sbtest6  (cost=0.43..8.45 rows=1 width=121)
	  Index Cond: (id = 7784816)

table 7 : explain SELECT c FROM sbtest7 WHERE id=806321
	Index Scan using sbtest7_pkey on sbtest7  (cost=0.43..8.45 rows=1 width=121)
	  Index Cond: (id = 806321)

table 8 : explain SELECT c FROM sbtest8 WHERE id=6300786
	Index Scan using sbtest8_pkey on sbtest8  (cost=0.43..8.45 rows=1 width=121)
	  Index Cond: (id = 6300786)

for: simple_ranges
table 1 : explain SELECT c FROM sbtest1 WHERE id BETWEEN 8499173 AND 8500172
	Bitmap Heap Scan on sbtest1  (cost=29.82..3558.18 rows=916 width=121)
	  Recheck Cond: ((id >= 8499173) AND (id <= 8500172))
	  ->  Bitmap Index Scan on sbtest1_pkey  (cost=0.00..29.59 rows=916 width=0)
	        Index Cond: ((id >= 8499173) AND (id <= 8500172))

table 2 : explain SELECT c FROM sbtest2 WHERE id BETWEEN 2286812 AND 2287811
	Bitmap Heap Scan on sbtest2  (cost=29.63..3481.21 rows=897 width=121)
	  Recheck Cond: ((id >= 2286812) AND (id <= 2287811))
	  ->  Bitmap Index Scan on sbtest2_pkey  (cost=0.00..29.40 rows=897 width=0)
	        Index Cond: ((id >= 2286812) AND (id <= 2287811))

table 3 : explain SELECT c FROM sbtest3 WHERE id BETWEEN 8547678 AND 8548677
	Bitmap Heap Scan on sbtest3  (cost=35.12..4031.72 rows=1042 width=121)
	  Recheck Cond: ((id >= 8547678) AND (id <= 8548677))
	  ->  Bitmap Index Scan on sbtest3_pkey  (cost=0.00..34.86 rows=1042 width=0)
	        Index Cond: ((id >= 8547678) AND (id <= 8548677))

table 4 : explain SELECT c FROM sbtest4 WHERE id BETWEEN 5100676 AND 5101675
	Bitmap Heap Scan on sbtest4  (cost=33.97..3610.85 rows=930 width=121)
	  Recheck Cond: ((id >= 5100676) AND (id <= 5101675))
	  ->  Bitmap Index Scan on sbtest4_pkey  (cost=0.00..33.73 rows=930 width=0)
	        Index Cond: ((id >= 5100676) AND (id <= 5101675))

table 5 : explain SELECT c FROM sbtest5 WHERE id BETWEEN 711275 AND 712274
	Bitmap Heap Scan on sbtest5  (cost=34.31..3736.75 rows=963 width=121)
	  Recheck Cond: ((id >= 711275) AND (id <= 712274))
	  ->  Bitmap Index Scan on sbtest5_pkey  (cost=0.00..34.07 rows=963 width=0)
	        Index Cond: ((id >= 711275) AND (id <= 712274))

table 6 : explain SELECT c FROM sbtest6 WHERE id BETWEEN 4098685 AND 4099684
	Bitmap Heap Scan on sbtest6  (cost=35.75..4266.38 rows=1104 width=121)
	  Recheck Cond: ((id >= 4098685) AND (id <= 4099684))
	  ->  Bitmap Index Scan on sbtest6_pkey  (cost=0.00..35.48 rows=1104 width=0)
	        Index Cond: ((id >= 4098685) AND (id <= 4099684))

table 7 : explain SELECT c FROM sbtest7 WHERE id BETWEEN 309137 AND 310136
	Bitmap Heap Scan on sbtest7  (cost=34.60..3845.79 rows=992 width=121)
	  Recheck Cond: ((id >= 309137) AND (id <= 310136))
	  ->  Bitmap Index Scan on sbtest7_pkey  (cost=0.00..34.36 rows=992 width=0)
	        Index Cond: ((id >= 309137) AND (id <= 310136))

table 8 : explain SELECT c FROM sbtest8 WHERE id BETWEEN 9456432 AND 9457431
	Bitmap Heap Scan on sbtest8  (cost=35.56..4196.59 rows=1085 width=121)
	  Recheck Cond: ((id >= 9456432) AND (id <= 9457431))
	  ->  Bitmap Index Scan on sbtest8_pkey  (cost=0.00..35.29 rows=1085 width=0)
	        Index Cond: ((id >= 9456432) AND (id <= 9457431))

for: simple_ranges
table 1 : explain SELECT c FROM sbtest1 WHERE id BETWEEN 7158055 AND 7159054
	Bitmap Heap Scan on sbtest1  (cost=35.01..4000.60 rows=1032 width=121)
	  Recheck Cond: ((id >= 7158055) AND (id <= 7159054))
	  ->  Bitmap Index Scan on sbtest1_pkey  (cost=0.00..34.76 rows=1032 width=0)
	        Index Cond: ((id >= 7158055) AND (id <= 7159054))

table 2 : explain SELECT c FROM sbtest2 WHERE id BETWEEN 4965986 AND 4966985
	Bitmap Heap Scan on sbtest2  (cost=34.87..3941.74 rows=1018 width=121)
	  Recheck Cond: ((id >= 4965986) AND (id <= 4966985))
	  ->  Bitmap Index Scan on sbtest2_pkey  (cost=0.00..34.62 rows=1018 width=0)
	        Index Cond: ((id >= 4965986) AND (id <= 4966985))

table 3 : explain SELECT c FROM sbtest3 WHERE id BETWEEN 3462375 AND 3463374
	Bitmap Heap Scan on sbtest3  (cost=34.98..3982.81 rows=1029 width=121)
	  Recheck Cond: ((id >= 3462375) AND (id <= 3463374))
	  ->  Bitmap Index Scan on sbtest3_pkey  (cost=0.00..34.73 rows=1029 width=0)
	        Index Cond: ((id >= 3462375) AND (id <= 3463374))

table 4 : explain SELECT c FROM sbtest4 WHERE id BETWEEN 5002826 AND 5003825
	Bitmap Heap Scan on sbtest4  (cost=35.44..4153.55 rows=1074 width=121)
	  Recheck Cond: ((id >= 5002826) AND (id <= 5003825))
	  ->  Bitmap Index Scan on sbtest4_pkey  (cost=0.00..35.18 rows=1074 width=0)
	        Index Cond: ((id >= 5002826) AND (id <= 5003825))

table 5 : explain SELECT c FROM sbtest5 WHERE id BETWEEN 9860609 AND 9861608
	Bitmap Heap Scan on sbtest5  (cost=34.89..3951.76 rows=1020 width=121)
	  Recheck Cond: ((id >= 9860609) AND (id <= 9861608))
	  ->  Bitmap Index Scan on sbtest5_pkey  (cost=0.00..34.64 rows=1020 width=0)
	        Index Cond: ((id >= 9860609) AND (id <= 9861608))

table 6 : explain SELECT c FROM sbtest6 WHERE id BETWEEN 8460297 AND 8461296
	Bitmap Heap Scan on sbtest6  (cost=35.24..4078.42 rows=1054 width=121)
	  Recheck Cond: ((id >= 8460297) AND (id <= 8461296))
	  ->  Bitmap Index Scan on sbtest6_pkey  (cost=0.00..34.98 rows=1054 width=0)
	        Index Cond: ((id >= 8460297) AND (id <= 8461296))

table 7 : explain SELECT c FROM sbtest7 WHERE id BETWEEN 3727325 AND 3728324
	Bitmap Heap Scan on sbtest7  (cost=35.19..4060.56 rows=1049 width=121)
	  Recheck Cond: ((id >= 3727325) AND (id <= 3728324))
	  ->  Bitmap Index Scan on sbtest7_pkey  (cost=0.00..34.93 rows=1049 width=0)
	        Index Cond: ((id >= 3727325) AND (id <= 3728324))

table 8 : explain SELECT c FROM sbtest8 WHERE id BETWEEN 3432973 AND 3433972
	Bitmap Heap Scan on sbtest8  (cost=34.20..3699.10 rows=953 width=121)
	  Recheck Cond: ((id >= 3432973) AND (id <= 3433972))
	  ->  Bitmap Index Scan on sbtest8_pkey  (cost=0.00..33.97 rows=953 width=0)
	        Index Cond: ((id >= 3432973) AND (id <= 3433972))

for: sum_ranges
table 1 : explain SELECT SUM(k) FROM sbtest1 WHERE id BETWEEN 8168316 AND 8169315
	Aggregate  (cost=3632.44..3632.45 rows=1 width=8)
	  ->  Bitmap Heap Scan on sbtest1  (cost=30.02..3630.11 rows=935 width=4)
	        Recheck Cond: ((id >= 8168316) AND (id <= 8169315))
	        ->  Bitmap Index Scan on sbtest1_pkey  (cost=0.00..29.79 rows=935 width=0)
	              Index Cond: ((id >= 8168316) AND (id <= 8169315))

table 2 : explain SELECT SUM(k) FROM sbtest2 WHERE id BETWEEN 4182055 AND 4183054
	Aggregate  (cost=3729.32..3729.33 rows=1 width=8)
	  ->  Bitmap Heap Scan on sbtest2  (cost=34.29..3726.92 rows=961 width=4)
	        Recheck Cond: ((id >= 4182055) AND (id <= 4183054))
	        ->  Bitmap Index Scan on sbtest2_pkey  (cost=0.00..34.05 rows=961 width=0)
	              Index Cond: ((id >= 4182055) AND (id <= 4183054))

table 3 : explain SELECT SUM(k) FROM sbtest3 WHERE id BETWEEN 6394443 AND 6395442
	Aggregate  (cost=4305.04..4305.05 rows=1 width=8)
	  ->  Bitmap Heap Scan on sbtest3  (cost=35.86..4302.25 rows=1115 width=4)
	        Recheck Cond: ((id >= 6394443) AND (id <= 6395442))
	        ->  Bitmap Index Scan on sbtest3_pkey  (cost=0.00..35.59 rows=1115 width=0)
	              Index Cond: ((id >= 6394443) AND (id <= 6395442))

table 4 : explain SELECT SUM(k) FROM sbtest4 WHERE id BETWEEN 5698686 AND 5699685
	Aggregate  (cost=3681.21..3681.22 rows=1 width=8)
	  ->  Bitmap Heap Scan on sbtest4  (cost=34.15..3678.84 rows=948 width=4)
	        Recheck Cond: ((id >= 5698686) AND (id <= 5699685))
	        ->  Bitmap Index Scan on sbtest4_pkey  (cost=0.00..33.92 rows=948 width=0)
	              Index Cond: ((id >= 5698686) AND (id <= 5699685))

table 5 : explain SELECT SUM(k) FROM sbtest5 WHERE id BETWEEN 9792386 AND 9793385
	Aggregate  (cost=3322.54..3322.55 rows=1 width=8)
	  ->  Bitmap Heap Scan on sbtest5  (cost=29.19..3320.40 rows=854 width=4)
	        Recheck Cond: ((id >= 9792386) AND (id <= 9793385))
	        ->  Bitmap Index Scan on sbtest5_pkey  (cost=0.00..28.97 rows=854 width=0)
	              Index Cond: ((id >= 9792386) AND (id <= 9793385))

table 6 : explain SELECT SUM(k) FROM sbtest6 WHERE id BETWEEN 8689239 AND 8690238
	Aggregate  (cost=4088.59..4088.60 rows=1 width=8)
	  ->  Bitmap Heap Scan on sbtest6  (cost=35.26..4085.95 rows=1056 width=4)
	        Recheck Cond: ((id >= 8689239) AND (id <= 8690238))
	        ->  Bitmap Index Scan on sbtest6_pkey  (cost=0.00..35.00 rows=1056 width=0)
	              Index Cond: ((id >= 8689239) AND (id <= 8690238))

table 7 : explain SELECT SUM(k) FROM sbtest7 WHERE id BETWEEN 9466002 AND 9467001
	Aggregate  (cost=3874.69..3874.70 rows=1 width=8)
	  ->  Bitmap Heap Scan on sbtest7  (cost=34.67..3872.19 rows=999 width=4)
	        Recheck Cond: ((id >= 9466002) AND (id <= 9467001))
	        ->  Bitmap Index Scan on sbtest7_pkey  (cost=0.00..34.43 rows=999 width=0)
	              Index Cond: ((id >= 9466002) AND (id <= 9467001))

table 8 : explain SELECT SUM(k) FROM sbtest8 WHERE id BETWEEN 521253 AND 522252
	Aggregate  (cost=4146.60..4146.61 rows=1 width=8)
	  ->  Bitmap Heap Scan on sbtest8  (cost=35.41..4143.93 rows=1071 width=4)
	        Recheck Cond: ((id >= 521253) AND (id <= 522252))
	        ->  Bitmap Index Scan on sbtest8_pkey  (cost=0.00..35.15 rows=1071 width=0)
	              Index Cond: ((id >= 521253) AND (id <= 522252))

for point_selects
table 1 : explain SELECT c FROM sbtest1 WHERE id=108218
	Index Scan using sbtest1_pkey on sbtest1  (cost=0.43..8.45 rows=1 width=121)
	  Index Cond: (id = 108218)

table 2 : explain SELECT c FROM sbtest2 WHERE id=9091459
	Index Scan using sbtest2_pkey on sbtest2  (cost=0.43..8.45 rows=1 width=121)
	  Index Cond: (id = 9091459)

table 3 : explain SELECT c FROM sbtest3 WHERE id=8112051
	Index Scan using sbtest3_pkey on sbtest3  (cost=0.43..8.45 rows=1 width=121)
	  Index Cond: (id = 8112051)

table 4 : explain SELECT c FROM sbtest4 WHERE id=5820061
	Index Scan using sbtest4_pkey on sbtest4  (cost=0.43..8.45 rows=1 width=121)
	  Index Cond: (id = 5820061)

table 5 : explain SELECT c FROM sbtest5 WHERE id=9575470
	Index Scan using sbtest5_pkey on sbtest5  (cost=0.43..8.45 rows=1 width=121)
	  Index Cond: (id = 9575470)

table 6 : explain SELECT c FROM sbtest6 WHERE id=6962214
	Index Scan using sbtest6_pkey on sbtest6  (cost=0.43..8.45 rows=1 width=121)
	  Index Cond: (id = 6962214)

table 7 : explain SELECT c FROM sbtest7 WHERE id=9287861
	Index Scan using sbtest7_pkey on sbtest7  (cost=0.43..8.45 rows=1 width=121)
	  Index Cond: (id = 9287861)

table 8 : explain SELECT c FROM sbtest8 WHERE id=4007347
	Index Scan using sbtest8_pkey on sbtest8  (cost=0.43..8.45 rows=1 width=121)
	  Index Cond: (id = 4007347)

for point_selects
table 1 : explain SELECT c FROM sbtest1 WHERE id=64470
	Index Scan using sbtest1_pkey on sbtest1  (cost=0.43..8.45 rows=1 width=121)
	  Index Cond: (id = 64470)

table 2 : explain SELECT c FROM sbtest2 WHERE id=1359279
	Index Scan using sbtest2_pkey on sbtest2  (cost=0.43..8.45 rows=1 width=121)
	  Index Cond: (id = 1359279)

table 3 : explain SELECT c FROM sbtest3 WHERE id=2728048
	Index Scan using sbtest3_pkey on sbtest3  (cost=0.43..8.45 rows=1 width=121)
	  Index Cond: (id = 2728048)

table 4 : explain SELECT c FROM sbtest4 WHERE id=8363681
	Index Scan using sbtest4_pkey on sbtest4  (cost=0.43..8.45 rows=1 width=121)
	  Index Cond: (id = 8363681)

table 5 : explain SELECT c FROM sbtest5 WHERE id=9564832
	Index Scan using sbtest5_pkey on sbtest5  (cost=0.43..8.45 rows=1 width=121)
	  Index Cond: (id = 9564832)

table 6 : explain SELECT c FROM sbtest6 WHERE id=1617629
	Index Scan using sbtest6_pkey on sbtest6  (cost=0.43..8.45 rows=1 width=121)
	  Index Cond: (id = 1617629)

table 7 : explain SELECT c FROM sbtest7 WHERE id=5727813
	Index Scan using sbtest7_pkey on sbtest7  (cost=0.43..8.45 rows=1 width=121)
	  Index Cond: (id = 5727813)

table 8 : explain SELECT c FROM sbtest8 WHERE id=2294735
	Index Scan using sbtest8_pkey on sbtest8  (cost=0.43..8.45 rows=1 width=121)
	  Index Cond: (id = 2294735)

explain: for point_selects :: explain SELECT c FROM sbtest%u WHERE id=%u
for: simple_ranges
table 1 : explain SELECT c FROM sbtest1 WHERE id BETWEEN 5829248 AND 5830247
	Bitmap Heap Scan on sbtest1  (cost=34.79..3917.58 rows=1010 width=121)
	  Recheck Cond: ((id >= 5829248) AND (id <= 5830247))
	  ->  Bitmap Index Scan on sbtest1_pkey  (cost=0.00..34.54 rows=1010 width=0)
	        Index Cond: ((id >= 5829248) AND (id <= 5830247))

table 2 : explain SELECT c FROM sbtest2 WHERE id BETWEEN 7926461 AND 7927460
	Bitmap Heap Scan on sbtest2  (cost=34.15..3677.87 rows=948 width=121)
	  Recheck Cond: ((id >= 7926461) AND (id <= 7927460))
	  ->  Bitmap Index Scan on sbtest2_pkey  (cost=0.00..33.92 rows=948 width=0)
	        Index Cond: ((id >= 7926461) AND (id <= 7927460))

table 3 : explain SELECT c FROM sbtest3 WHERE id BETWEEN 4637357 AND 4638356
	Bitmap Heap Scan on sbtest3  (cost=34.78..3907.52 rows=1009 width=121)
	  Recheck Cond: ((id >= 4637357) AND (id <= 4638356))
	  ->  Bitmap Index Scan on sbtest3_pkey  (cost=0.00..34.53 rows=1009 width=0)
	        Index Cond: ((id >= 4637357) AND (id <= 4638356))

table 4 : explain SELECT c FROM sbtest4 WHERE id BETWEEN 4607154 AND 4608153
	Bitmap Heap Scan on sbtest4  (cost=35.22..4070.81 rows=1052 width=121)
	  Recheck Cond: ((id >= 4607154) AND (id <= 4608153))
	  ->  Bitmap Index Scan on sbtest4_pkey  (cost=0.00..34.95 rows=1052 width=0)
	        Index Cond: ((id >= 4607154) AND (id <= 4608153))

table 5 : explain SELECT c FROM sbtest5 WHERE id BETWEEN 9264048 AND 9265047
	Bitmap Heap Scan on sbtest5  (cost=35.18..4057.23 rows=1048 width=121)
	  Recheck Cond: ((id >= 9264048) AND (id <= 9265047))
	  ->  Bitmap Index Scan on sbtest5_pkey  (cost=0.00..34.92 rows=1048 width=0)
	        Index Cond: ((id >= 9264048) AND (id <= 9265047))

table 6 : explain SELECT c FROM sbtest6 WHERE id BETWEEN 2139336 AND 2140335
	Bitmap Heap Scan on sbtest6  (cost=29.81..3550.23 rows=915 width=121)
	  Recheck Cond: ((id >= 2139336) AND (id <= 2140335))
	  ->  Bitmap Index Scan on sbtest6_pkey  (cost=0.00..29.58 rows=915 width=0)
	        Index Cond: ((id >= 2139336) AND (id <= 2140335))

table 7 : explain SELECT c FROM sbtest7 WHERE id BETWEEN 3899250 AND 3900249
	Bitmap Heap Scan on sbtest7  (cost=34.38..3762.79 rows=970 width=121)
	  Recheck Cond: ((id >= 3899250) AND (id <= 3900249))
	  ->  Bitmap Index Scan on sbtest7_pkey  (cost=0.00..34.14 rows=970 width=0)
	        Index Cond: ((id >= 3899250) AND (id <= 3900249))

table 8 : explain SELECT c FROM sbtest8 WHERE id BETWEEN 4941048 AND 4942047
	Bitmap Heap Scan on sbtest8  (cost=34.21..3702.88 rows=954 width=121)
	  Recheck Cond: ((id >= 4941048) AND (id <= 4942047))
	  ->  Bitmap Index Scan on sbtest8_pkey  (cost=0.00..33.98 rows=954 width=0)
	        Index Cond: ((id >= 4941048) AND (id <= 4942047))

for: order_ranges
table 1 : explain SELECT c FROM sbtest1 WHERE id BETWEEN 799289 AND 800288 ORDER BY c
	Sort  (cost=3941.15..3943.66 rows=1003 width=121)
	  Sort Key: c
	  ->  Bitmap Heap Scan on sbtest1  (cost=34.72..3891.15 rows=1003 width=121)
	        Recheck Cond: ((id >= 799289) AND (id <= 800288))
	        ->  Bitmap Index Scan on sbtest1_pkey  (cost=0.00..34.47 rows=1003 width=0)
	              Index Cond: ((id >= 799289) AND (id <= 800288))

table 2 : explain SELECT c FROM sbtest2 WHERE id BETWEEN 7611382 AND 7612381 ORDER BY c
	Sort  (cost=4133.94..4136.58 rows=1055 width=121)
	  Sort Key: c
	  ->  Bitmap Heap Scan on sbtest2  (cost=35.25..4080.96 rows=1055 width=121)
	        Recheck Cond: ((id >= 7611382) AND (id <= 7612381))
	        ->  Bitmap Index Scan on sbtest2_pkey  (cost=0.00..34.98 rows=1055 width=0)
	              Index Cond: ((id >= 7611382) AND (id <= 7612381))

table 3 : explain SELECT c FROM sbtest3 WHERE id BETWEEN 3351723 AND 3352722 ORDER BY c
	Sort  (cost=3789.54..3791.95 rows=965 width=121)
	  Sort Key: c
	  ->  Bitmap Heap Scan on sbtest3  (cost=34.33..3741.70 rows=965 width=121)
	        Recheck Cond: ((id >= 3351723) AND (id <= 3352722))
	        ->  Bitmap Index Scan on sbtest3_pkey  (cost=0.00..34.09 rows=965 width=0)
	              Index Cond: ((id >= 3351723) AND (id <= 3352722))

table 4 : explain SELECT c FROM sbtest4 WHERE id BETWEEN 1708495 AND 1709494 ORDER BY c
	Sort  (cost=4066.31..4068.90 rows=1037 width=121)
	  Sort Key: c
	  ->  Bitmap Heap Scan on sbtest4  (cost=35.06..4014.36 rows=1037 width=121)
	        Recheck Cond: ((id >= 1708495) AND (id <= 1709494))
	        ->  Bitmap Index Scan on sbtest4_pkey  (cost=0.00..34.81 rows=1037 width=0)
	              Index Cond: ((id >= 1708495) AND (id <= 1709494))

table 5 : explain SELECT c FROM sbtest5 WHERE id BETWEEN 5142894 AND 5143893 ORDER BY c
	Sort  (cost=3922.36..3924.86 rows=999 width=121)
	  Sort Key: c
	  ->  Bitmap Heap Scan on sbtest5  (cost=34.67..3872.59 rows=999 width=121)
	        Recheck Cond: ((id >= 5142894) AND (id <= 5143893))
	        ->  Bitmap Index Scan on sbtest5_pkey  (cost=0.00..34.43 rows=999 width=0)
	              Index Cond: ((id >= 5142894) AND (id <= 5143893))

table 6 : explain SELECT c FROM sbtest6 WHERE id BETWEEN 6434468 AND 6435467 ORDER BY c
	Sort  (cost=3798.58..3800.99 rows=967 width=121)
	  Sort Key: c
	  ->  Bitmap Heap Scan on sbtest6  (cost=34.35..3750.63 rows=967 width=121)
	        Recheck Cond: ((id >= 6434468) AND (id <= 6435467))
	        ->  Bitmap Index Scan on sbtest6_pkey  (cost=0.00..34.11 rows=967 width=0)
	              Index Cond: ((id >= 6434468) AND (id <= 6435467))

table 7 : explain SELECT c FROM sbtest7 WHERE id BETWEEN 6425323 AND 6426322 ORDER BY c
	Sort  (cost=4472.18..4475.04 rows=1143 width=121)
	  Sort Key: c
	  ->  Bitmap Heap Scan on sbtest7  (cost=40.15..4414.13 rows=1143 width=121)
	        Recheck Cond: ((id >= 6425323) AND (id <= 6426322))
	        ->  Bitmap Index Scan on sbtest7_pkey  (cost=0.00..39.87 rows=1143 width=0)
	              Index Cond: ((id >= 6425323) AND (id <= 6426322))

table 8 : explain SELECT c FROM sbtest8 WHERE id BETWEEN 8849907 AND 8850906 ORDER BY c
	Sort  (cost=3918.66..3921.16 rows=998 width=121)
	  Sort Key: c
	  ->  Bitmap Heap Scan on sbtest8  (cost=34.66..3868.95 rows=998 width=121)
	        Recheck Cond: ((id >= 8849907) AND (id <= 8850906))
	        ->  Bitmap Index Scan on sbtest8_pkey  (cost=0.00..34.42 rows=998 width=0)
	              Index Cond: ((id >= 8849907) AND (id <= 8850906))

for point_selects
table 1 : explain SELECT c FROM sbtest1 WHERE id=4286851
	Index Scan using sbtest1_pkey on sbtest1  (cost=0.43..8.45 rows=1 width=121)
	  Index Cond: (id = 4286851)

table 2 : explain SELECT c FROM sbtest2 WHERE id=413639
	Index Scan using sbtest2_pkey on sbtest2  (cost=0.43..8.45 rows=1 width=121)
	  Index Cond: (id = 413639)

table 3 : explain SELECT c FROM sbtest3 WHERE id=4913094
	Index Scan using sbtest3_pkey on sbtest3  (cost=0.43..8.45 rows=1 width=121)
	  Index Cond: (id = 4913094)

table 4 : explain SELECT c FROM sbtest4 WHERE id=9509196
	Index Scan using sbtest4_pkey on sbtest4  (cost=0.43..8.45 rows=1 width=121)
	  Index Cond: (id = 9509196)

table 5 : explain SELECT c FROM sbtest5 WHERE id=8175884
	Index Scan using sbtest5_pkey on sbtest5  (cost=0.43..8.45 rows=1 width=121)
	  Index Cond: (id = 8175884)

table 6 : explain SELECT c FROM sbtest6 WHERE id=2052447
	Index Scan using sbtest6_pkey on sbtest6  (cost=0.43..8.45 rows=1 width=121)
	  Index Cond: (id = 2052447)

table 7 : explain SELECT c FROM sbtest7 WHERE id=311389
	Index Scan using sbtest7_pkey on sbtest7  (cost=0.43..8.45 rows=1 width=121)
	  Index Cond: (id = 311389)

table 8 : explain SELECT c FROM sbtest8 WHERE id=7429489
	Index Scan using sbtest8_pkey on sbtest8  (cost=0.43..8.45 rows=1 width=121)
	  Index Cond: (id = 7429489)

explain: for point_selects :: explain SELECT c FROM sbtest%u WHERE id=%u
for: sum_ranges
table 1 : explain SELECT SUM(k) FROM sbtest1 WHERE id BETWEEN 8081966 AND 8082965
	Aggregate  (cost=4105.05..4105.06 rows=1 width=8)
	  ->  Bitmap Heap Scan on sbtest1  (cost=35.29..4102.41 rows=1059 width=4)
	        Recheck Cond: ((id >= 8081966) AND (id <= 8082965))
	        ->  Bitmap Index Scan on sbtest1_pkey  (cost=0.00..35.03 rows=1059 width=0)
	              Index Cond: ((id >= 8081966) AND (id <= 8082965))

table 2 : explain SELECT SUM(k) FROM sbtest2 WHERE id BETWEEN 4354525 AND 4355524
	Aggregate  (cost=3880.22..3880.23 rows=1 width=8)
	  ->  Bitmap Heap Scan on sbtest2  (cost=34.70..3877.72 rows=1001 width=4)
	        Recheck Cond: ((id >= 4354525) AND (id <= 4355524))
	        ->  Bitmap Index Scan on sbtest2_pkey  (cost=0.00..34.45 rows=1001 width=0)
	              Index Cond: ((id >= 4354525) AND (id <= 4355524))

table 3 : explain SELECT SUM(k) FROM sbtest3 WHERE id BETWEEN 8743193 AND 8744192
	Aggregate  (cost=3906.28..3906.29 rows=1 width=8)
	  ->  Bitmap Heap Scan on sbtest3  (cost=34.77..3903.76 rows=1008 width=4)
	        Recheck Cond: ((id >= 8743193) AND (id <= 8744192))
	        ->  Bitmap Index Scan on sbtest3_pkey  (cost=0.00..34.52 rows=1008 width=0)
	              Index Cond: ((id >= 8743193) AND (id <= 8744192))

table 4 : explain SELECT SUM(k) FROM sbtest4 WHERE id BETWEEN 8209840 AND 8210839
	Aggregate  (cost=3858.64..3858.65 rows=1 width=8)
	  ->  Bitmap Heap Scan on sbtest4  (cost=34.63..3856.15 rows=995 width=4)
	        Recheck Cond: ((id >= 8209840) AND (id <= 8210839))
	        ->  Bitmap Index Scan on sbtest4_pkey  (cost=0.00..34.39 rows=995 width=0)
	              Index Cond: ((id >= 8209840) AND (id <= 8210839))

table 5 : explain SELECT SUM(k) FROM sbtest5 WHERE id BETWEEN 9885805 AND 9886804
	Aggregate  (cost=3954.31..3954.32 rows=1 width=8)
	  ->  Bitmap Heap Scan on sbtest5  (cost=34.89..3951.76 rows=1020 width=4)
	        Recheck Cond: ((id >= 9885805) AND (id <= 9886804))
	        ->  Bitmap Index Scan on sbtest5_pkey  (cost=0.00..34.64 rows=1020 width=0)
	              Index Cond: ((id >= 9885805) AND (id <= 9886804))

table 6 : explain SELECT SUM(k) FROM sbtest6 WHERE id BETWEEN 4458594 AND 4459593
	Aggregate  (cost=3798.34..3798.35 rows=1 width=8)
	  ->  Bitmap Heap Scan on sbtest6  (cost=34.47..3795.90 rows=979 width=4)
	        Recheck Cond: ((id >= 4458594) AND (id <= 4459593))
	        ->  Bitmap Index Scan on sbtest6_pkey  (cost=0.00..34.23 rows=979 width=0)
	              Index Cond: ((id >= 4458594) AND (id <= 4459593))

table 7 : explain SELECT SUM(k) FROM sbtest7 WHERE id BETWEEN 9399678 AND 9400677
	Aggregate  (cost=3613.82..3613.83 rows=1 width=8)
	  ->  Bitmap Heap Scan on sbtest7  (cost=29.98..3611.49 rows=931 width=4)
	        Recheck Cond: ((id >= 9399678) AND (id <= 9400677))
	        ->  Bitmap Index Scan on sbtest7_pkey  (cost=0.00..29.75 rows=931 width=0)
	              Index Cond: ((id >= 9399678) AND (id <= 9400677))

table 8 : explain SELECT SUM(k) FROM sbtest8 WHERE id BETWEEN 3336296 AND 3337295
	Aggregate  (cost=3905.40..3905.41 rows=1 width=8)
	  ->  Bitmap Heap Scan on sbtest8  (cost=34.76..3902.88 rows=1007 width=4)
	        Recheck Cond: ((id >= 3336296) AND (id <= 3337295))
	        ->  Bitmap Index Scan on sbtest8_pkey  (cost=0.00..34.51 rows=1007 width=0)
	              Index Cond: ((id >= 3336296) AND (id <= 3337295))

for: simple_ranges
table 1 : explain SELECT c FROM sbtest1 WHERE id BETWEEN 6853912 AND 6854911
	Bitmap Heap Scan on sbtest1  (cost=35.28..4098.64 rows=1058 width=121)
	  Recheck Cond: ((id >= 6853912) AND (id <= 6854911))
	  ->  Bitmap Index Scan on sbtest1_pkey  (cost=0.00..35.02 rows=1058 width=0)
	        Index Cond: ((id >= 6853912) AND (id <= 6854911))

table 2 : explain SELECT c FROM sbtest2 WHERE id BETWEEN 8158814 AND 8159813
	Bitmap Heap Scan on sbtest2  (cost=34.98..3983.15 rows=1029 width=121)
	  Recheck Cond: ((id >= 8158814) AND (id <= 8159813))
	  ->  Bitmap Index Scan on sbtest2_pkey  (cost=0.00..34.73 rows=1029 width=0)
	        Index Cond: ((id >= 8158814) AND (id <= 8159813))

table 3 : explain SELECT c FROM sbtest3 WHERE id BETWEEN 9300901 AND 9301900
	Bitmap Heap Scan on sbtest3  (cost=29.60..3469.59 rows=894 width=121)
	  Recheck Cond: ((id >= 9300901) AND (id <= 9301900))
	  ->  Bitmap Index Scan on sbtest3_pkey  (cost=0.00..29.37 rows=894 width=0)
	        Index Cond: ((id >= 9300901) AND (id <= 9301900))

table 4 : explain SELECT c FROM sbtest4 WHERE id BETWEEN 2296635 AND 2297634
	Bitmap Heap Scan on sbtest4  (cost=29.82..3553.95 rows=916 width=121)
	  Recheck Cond: ((id >= 2296635) AND (id <= 2297634))
	  ->  Bitmap Index Scan on sbtest4_pkey  (cost=0.00..29.59 rows=916 width=0)
	        Index Cond: ((id >= 2296635) AND (id <= 2297634))

table 5 : explain SELECT c FROM sbtest5 WHERE id BETWEEN 5474058 AND 5475057
	Bitmap Heap Scan on sbtest5  (cost=35.04..4008.27 rows=1035 width=121)
	  Recheck Cond: ((id >= 5474058) AND (id <= 5475057))
	  ->  Bitmap Index Scan on sbtest5_pkey  (cost=0.00..34.79 rows=1035 width=0)
	        Index Cond: ((id >= 5474058) AND (id <= 5475057))

table 6 : explain SELECT c FROM sbtest6 WHERE id BETWEEN 9147891 AND 9148890
	Bitmap Heap Scan on sbtest6  (cost=35.20..4063.37 rows=1050 width=121)
	  Recheck Cond: ((id >= 9147891) AND (id <= 9148890))
	  ->  Bitmap Index Scan on sbtest6_pkey  (cost=0.00..34.94 rows=1050 width=0)
	        Index Cond: ((id >= 9147891) AND (id <= 9148890))

table 7 : explain SELECT c FROM sbtest7 WHERE id BETWEEN 1853445 AND 1854444
	Bitmap Heap Scan on sbtest7  (cost=30.00..3619.05 rows=933 width=121)
	  Recheck Cond: ((id >= 1853445) AND (id <= 1854444))
	  ->  Bitmap Index Scan on sbtest7_pkey  (cost=0.00..29.76 rows=933 width=0)
	        Index Cond: ((id >= 1853445) AND (id <= 1854444))

table 8 : explain SELECT c FROM sbtest8 WHERE id BETWEEN 7084357 AND 7085356
	Bitmap Heap Scan on sbtest8  (cost=34.67..3872.72 rows=999 width=121)
	  Recheck Cond: ((id >= 7084357) AND (id <= 7085356))
	  ->  Bitmap Index Scan on sbtest8_pkey  (cost=0.00..34.43 rows=999 width=0)
	        Index Cond: ((id >= 7084357) AND (id <= 7085356))

for: simple_ranges
table 1 : explain SELECT c FROM sbtest1 WHERE id BETWEEN 8733979 AND 8734978
	Bitmap Heap Scan on sbtest1  (cost=34.49..3808.05 rows=981 width=121)
	  Recheck Cond: ((id >= 8733979) AND (id <= 8734978))
	  ->  Bitmap Index Scan on sbtest1_pkey  (cost=0.00..34.25 rows=981 width=0)
	        Index Cond: ((id >= 8733979) AND (id <= 8734978))

table 2 : explain SELECT c FROM sbtest2 WHERE id BETWEEN 2988772 AND 2989771
	Bitmap Heap Scan on sbtest2  (cost=34.21..3700.51 rows=954 width=121)
	  Recheck Cond: ((id >= 2988772) AND (id <= 2989771))
	  ->  Bitmap Index Scan on sbtest2_pkey  (cost=0.00..33.98 rows=954 width=0)
	        Index Cond: ((id >= 2988772) AND (id <= 2989771))

table 3 : explain SELECT c FROM sbtest3 WHERE id BETWEEN 9459826 AND 9460825
	Bitmap Heap Scan on sbtest3  (cost=34.67..3869.86 rows=999 width=121)
	  Recheck Cond: ((id >= 9459826) AND (id <= 9460825))
	  ->  Bitmap Index Scan on sbtest3_pkey  (cost=0.00..34.43 rows=999 width=0)
	        Index Cond: ((id >= 9459826) AND (id <= 9460825))

table 4 : explain SELECT c FROM sbtest4 WHERE id BETWEEN 672472 AND 673471
	Bitmap Heap Scan on sbtest4  (cost=34.72..3886.30 rows=1003 width=121)
	  Recheck Cond: ((id >= 672472) AND (id <= 673471))
	  ->  Bitmap Index Scan on sbtest4_pkey  (cost=0.00..34.47 rows=1003 width=0)
	        Index Cond: ((id >= 672472) AND (id <= 673471))

table 5 : explain SELECT c FROM sbtest5 WHERE id BETWEEN 3068351 AND 3069350
	Bitmap Heap Scan on sbtest5  (cost=34.71..3883.91 rows=1002 width=121)
	  Recheck Cond: ((id >= 3068351) AND (id <= 3069350))
	  ->  Bitmap Index Scan on sbtest5_pkey  (cost=0.00..34.45 rows=1002 width=0)
	        Index Cond: ((id >= 3068351) AND (id <= 3069350))

table 6 : explain SELECT c FROM sbtest6 WHERE id BETWEEN 8987363 AND 8988362
	Bitmap Heap Scan on sbtest6  (cost=35.11..4029.50 rows=1041 width=121)
	  Recheck Cond: ((id >= 8987363) AND (id <= 8988362))
	  ->  Bitmap Index Scan on sbtest6_pkey  (cost=0.00..34.84 rows=1041 width=0)
	        Index Cond: ((id >= 8987363) AND (id <= 8988362))

table 7 : explain SELECT c FROM sbtest7 WHERE id BETWEEN 3680382 AND 3681381
	Bitmap Heap Scan on sbtest7  (cost=34.47..3796.75 rows=979 width=121)
	  Recheck Cond: ((id >= 3680382) AND (id <= 3681381))
	  ->  Bitmap Index Scan on sbtest7_pkey  (cost=0.00..34.23 rows=979 width=0)
	        Index Cond: ((id >= 3680382) AND (id <= 3681381))

table 8 : explain SELECT c FROM sbtest8 WHERE id BETWEEN 2579660 AND 2580659
	Bitmap Heap Scan on sbtest8  (cost=35.53..4185.31 rows=1082 width=121)
	  Recheck Cond: ((id >= 2579660) AND (id <= 2580659))
	  ->  Bitmap Index Scan on sbtest8_pkey  (cost=0.00..35.26 rows=1082 width=0)
	        Index Cond: ((id >= 2579660) AND (id <= 2580659))

for: order_ranges
table 1 : explain SELECT c FROM sbtest1 WHERE id BETWEEN 6586852 AND 6587851 ORDER BY c
	Sort  (cost=4381.17..4383.97 rows=1118 width=121)
	  Sort Key: c
	  ->  Bitmap Heap Scan on sbtest1  (cost=35.89..4324.57 rows=1118 width=121)
	        Recheck Cond: ((id >= 6586852) AND (id <= 6587851))
	        ->  Bitmap Index Scan on sbtest1_pkey  (cost=0.00..35.62 rows=1118 width=0)
	              Index Cond: ((id >= 6586852) AND (id <= 6587851))

table 2 : explain SELECT c FROM sbtest2 WHERE id BETWEEN 8052824 AND 8053823 ORDER BY c
	Sort  (cost=4011.71..4014.26 rows=1023 width=121)
	  Sort Key: c
	  ->  Bitmap Heap Scan on sbtest2  (cost=34.92..3960.56 rows=1023 width=121)
	        Recheck Cond: ((id >= 8052824) AND (id <= 8053823))
	        ->  Bitmap Index Scan on sbtest2_pkey  (cost=0.00..34.67 rows=1023 width=0)
	              Index Cond: ((id >= 8052824) AND (id <= 8053823))

table 3 : explain SELECT c FROM sbtest3 WHERE id BETWEEN 6009662 AND 6010661 ORDER BY c
	Sort  (cost=4049.58..4052.16 rows=1033 width=121)
	  Sort Key: c
	  ->  Bitmap Heap Scan on sbtest3  (cost=35.02..3997.86 rows=1033 width=121)
	        Recheck Cond: ((id >= 6009662) AND (id <= 6010661))
	        ->  Bitmap Index Scan on sbtest3_pkey  (cost=0.00..34.77 rows=1033 width=0)
	              Index Cond: ((id >= 6009662) AND (id <= 6010661))

table 4 : explain SELECT c FROM sbtest4 WHERE id BETWEEN 4590187 AND 4591186 ORDER BY c
	Sort  (cost=4123.62..4126.25 rows=1052 width=121)
	  Sort Key: c
	  ->  Bitmap Heap Scan on sbtest4  (cost=35.22..4070.81 rows=1052 width=121)
	        Recheck Cond: ((id >= 4590187) AND (id <= 4591186))
	        ->  Bitmap Index Scan on sbtest4_pkey  (cost=0.00..34.95 rows=1052 width=0)
	              Index Cond: ((id >= 4590187) AND (id <= 4591186))

table 5 : explain SELECT c FROM sbtest5 WHERE id BETWEEN 5502079 AND 5503078 ORDER BY c
	Sort  (cost=4060.10..4062.69 rows=1035 width=121)
	  Sort Key: c
	  ->  Bitmap Heap Scan on sbtest5  (cost=35.04..4008.27 rows=1035 width=121)
	        Recheck Cond: ((id >= 5502079) AND (id <= 5503078))
	        ->  Bitmap Index Scan on sbtest5_pkey  (cost=0.00..34.79 rows=1035 width=0)
	              Index Cond: ((id >= 5502079) AND (id <= 5503078))

table 6 : explain SELECT c FROM sbtest6 WHERE id BETWEEN 6975604 AND 6976603 ORDER BY c
	Sort  (cost=4207.71..4210.40 rows=1074 width=121)
	  Sort Key: c
	  ->  Bitmap Heap Scan on sbtest6  (cost=35.44..4153.64 rows=1074 width=121)
	        Recheck Cond: ((id >= 6975604) AND (id <= 6976603))
	        ->  Bitmap Index Scan on sbtest6_pkey  (cost=0.00..35.18 rows=1074 width=0)
	              Index Cond: ((id >= 6975604) AND (id <= 6976603))

table 7 : explain SELECT c FROM sbtest7 WHERE id BETWEEN 4977023 AND 4978022 ORDER BY c
	Sort  (cost=3761.10..3763.49 rows=957 width=121)
	  Sort Key: c
	  ->  Bitmap Heap Scan on sbtest7  (cost=34.24..3713.71 rows=957 width=121)
	        Recheck Cond: ((id >= 4977023) AND (id <= 4978022))
	        ->  Bitmap Index Scan on sbtest7_pkey  (cost=0.00..34.01 rows=957 width=0)
	              Index Cond: ((id >= 4977023) AND (id <= 4978022))

table 8 : explain SELECT c FROM sbtest8 WHERE id BETWEEN 5248589 AND 5249588 ORDER BY c
	Sort  (cost=3845.90..3848.35 rows=979 width=121)
	  Sort Key: c
	  ->  Bitmap Heap Scan on sbtest8  (cost=34.47..3797.27 rows=979 width=121)
	        Recheck Cond: ((id >= 5248589) AND (id <= 5249588))
	        ->  Bitmap Index Scan on sbtest8_pkey  (cost=0.00..34.23 rows=979 width=0)
	              Index Cond: ((id >= 5248589) AND (id <= 5249588))

for: simple_ranges
table 1 : explain SELECT c FROM sbtest1 WHERE id BETWEEN 8054839 AND 8055838
	Bitmap Heap Scan on sbtest1  (cost=35.29..4102.41 rows=1059 width=121)
	  Recheck Cond: ((id >= 8054839) AND (id <= 8055838))
	  ->  Bitmap Index Scan on sbtest1_pkey  (cost=0.00..35.03 rows=1059 width=0)
	        Index Cond: ((id >= 8054839) AND (id <= 8055838))

table 2 : explain SELECT c FROM sbtest2 WHERE id BETWEEN 7248857 AND 7249856
	Bitmap Heap Scan on sbtest2  (cost=35.01..3994.44 rows=1032 width=121)
	  Recheck Cond: ((id >= 7248857) AND (id <= 7249856))
	  ->  Bitmap Index Scan on sbtest2_pkey  (cost=0.00..34.76 rows=1032 width=0)
	        Index Cond: ((id >= 7248857) AND (id <= 7249856))

table 3 : explain SELECT c FROM sbtest3 WHERE id BETWEEN 198999 AND 199998
	Bitmap Heap Scan on sbtest3  (cost=34.67..3869.86 rows=999 width=121)
	  Recheck Cond: ((id >= 198999) AND (id <= 199998))
	  ->  Bitmap Index Scan on sbtest3_pkey  (cost=0.00..34.43 rows=999 width=0)
	        Index Cond: ((id >= 198999) AND (id <= 199998))

table 4 : explain SELECT c FROM sbtest4 WHERE id BETWEEN 8398327 AND 8399326
	Bitmap Heap Scan on sbtest4  (cost=35.19..4059.52 rows=1049 width=121)
	  Recheck Cond: ((id >= 8398327) AND (id <= 8399326))
	  ->  Bitmap Index Scan on sbtest4_pkey  (cost=0.00..34.93 rows=1049 width=0)
	        Index Cond: ((id >= 8398327) AND (id <= 8399326))

table 5 : explain SELECT c FROM sbtest5 WHERE id BETWEEN 8581350 AND 8582349
	Bitmap Heap Scan on sbtest5  (cost=34.72..3887.68 rows=1003 width=121)
	  Recheck Cond: ((id >= 8581350) AND (id <= 8582349))
	  ->  Bitmap Index Scan on sbtest5_pkey  (cost=0.00..34.47 rows=1003 width=0)
	        Index Cond: ((id >= 8581350) AND (id <= 8582349))

table 6 : explain SELECT c FROM sbtest6 WHERE id BETWEEN 9318829 AND 9319828
	Bitmap Heap Scan on sbtest6  (cost=34.42..3777.04 rows=974 width=121)
	  Recheck Cond: ((id >= 9318829) AND (id <= 9319828))
	  ->  Bitmap Index Scan on sbtest6_pkey  (cost=0.00..34.18 rows=974 width=0)
	        Index Cond: ((id >= 9318829) AND (id <= 9319828))

table 7 : explain SELECT c FROM sbtest7 WHERE id BETWEEN 1390803 AND 1391802
	Bitmap Heap Scan on sbtest7  (cost=34.64..3860.88 rows=996 width=121)
	  Recheck Cond: ((id >= 1390803) AND (id <= 1391802))
	  ->  Bitmap Index Scan on sbtest7_pkey  (cost=0.00..34.40 rows=996 width=0)
	        Index Cond: ((id >= 1390803) AND (id <= 1391802))

table 8 : explain SELECT c FROM sbtest8 WHERE id BETWEEN 6317548 AND 6318547
	Bitmap Heap Scan on sbtest8  (cost=35.74..4264.26 rows=1103 width=121)
	  Recheck Cond: ((id >= 6317548) AND (id <= 6318547))
	  ->  Bitmap Index Scan on sbtest8_pkey  (cost=0.00..35.47 rows=1103 width=0)
	        Index Cond: ((id >= 6317548) AND (id <= 6318547))

for: distinct_ranges
table 1 : explain SELECT DISTINCT c FROM sbtest1 WHERE id BETWEEN 769009 AND 770008 ORDER BY c
	Unique  (cost=4025.45..4030.57 rows=1025 width=121)
	  ->  Sort  (cost=4025.45..4028.01 rows=1025 width=121)
	        Sort Key: c
	        ->  Bitmap Heap Scan on sbtest1  (cost=34.94..3974.19 rows=1025 width=121)
	              Recheck Cond: ((id >= 769009) AND (id <= 770008))
	              ->  Bitmap Index Scan on sbtest1_pkey  (cost=0.00..34.69 rows=1025 width=0)
	                    Index Cond: ((id >= 769009) AND (id <= 770008))

table 2 : explain SELECT DISTINCT c FROM sbtest2 WHERE id BETWEEN 5507190 AND 5508189 ORDER BY c
	Unique  (cost=4103.39..4108.63 rows=1047 width=121)
	  ->  Sort  (cost=4103.39..4106.01 rows=1047 width=121)
	        Sort Key: c
	        ->  Bitmap Heap Scan on sbtest2  (cost=35.17..4050.87 rows=1047 width=121)
	              Recheck Cond: ((id >= 5507190) AND (id <= 5508189))
	              ->  Bitmap Index Scan on sbtest2_pkey  (cost=0.00..34.91 rows=1047 width=0)
	                    Index Cond: ((id >= 5507190) AND (id <= 5508189))

table 3 : explain SELECT DISTINCT c FROM sbtest3 WHERE id BETWEEN 2271262 AND 2272261 ORDER BY c
	Unique  (cost=3728.27..3733.02 rows=949 width=121)
	  ->  Sort  (cost=3728.27..3730.65 rows=949 width=121)
	        Sort Key: c
	        ->  Bitmap Heap Scan on sbtest3  (cost=34.16..3681.34 rows=949 width=121)
	              Recheck Cond: ((id >= 2271262) AND (id <= 2272261))
	              ->  Bitmap Index Scan on sbtest3_pkey  (cost=0.00..33.93 rows=949 width=0)
	                    Index Cond: ((id >= 2271262) AND (id <= 2272261))

table 4 : explain SELECT DISTINCT c FROM sbtest4 WHERE id BETWEEN 4626510 AND 4627509 ORDER BY c
	Unique  (cost=4123.62..4128.88 rows=1052 width=121)
	  ->  Sort  (cost=4123.62..4126.25 rows=1052 width=121)
	        Sort Key: c
	        ->  Bitmap Heap Scan on sbtest4  (cost=35.22..4070.81 rows=1052 width=121)
	              Recheck Cond: ((id >= 4626510) AND (id <= 4627509))
	              ->  Bitmap Index Scan on sbtest4_pkey  (cost=0.00..34.95 rows=1052 width=0)
	                    Index Cond: ((id >= 4626510) AND (id <= 4627509))

table 5 : explain SELECT DISTINCT c FROM sbtest5 WHERE id BETWEEN 8041159 AND 8042158 ORDER BY c
	Unique  (cost=4029.51..4034.64 rows=1027 width=121)
	  ->  Sort  (cost=4029.51..4032.07 rows=1027 width=121)
	        Sort Key: c
	        ->  Bitmap Heap Scan on sbtest5  (cost=34.96..3978.14 rows=1027 width=121)
	              Recheck Cond: ((id >= 8041159) AND (id <= 8042158))
	              ->  Bitmap Index Scan on sbtest5_pkey  (cost=0.00..34.70 rows=1027 width=0)
	                    Index Cond: ((id >= 8041159) AND (id <= 8042158))

table 6 : explain SELECT DISTINCT c FROM sbtest6 WHERE id BETWEEN 2929151 AND 2930150 ORDER BY c
	Unique  (cost=4024.34..4029.47 rows=1026 width=121)
	  ->  Sort  (cost=4024.34..4026.91 rows=1026 width=121)
	        Sort Key: c
	        ->  Bitmap Heap Scan on sbtest6  (cost=34.95..3973.03 rows=1026 width=121)
	              Recheck Cond: ((id >= 2929151) AND (id <= 2930150))
	              ->  Bitmap Index Scan on sbtest6_pkey  (cost=0.00..34.70 rows=1026 width=0)
	                    Index Cond: ((id >= 2929151) AND (id <= 2930150))

table 7 : explain SELECT DISTINCT c FROM sbtest7 WHERE id BETWEEN 319402 AND 320401 ORDER BY c
	Unique  (cost=3895.17..3900.13 rows=992 width=121)
	  ->  Sort  (cost=3895.17..3897.65 rows=992 width=121)
	        Sort Key: c
	        ->  Bitmap Heap Scan on sbtest7  (cost=34.60..3845.79 rows=992 width=121)
	              Recheck Cond: ((id >= 319402) AND (id <= 320401))
	              ->  Bitmap Index Scan on sbtest7_pkey  (cost=0.00..34.36 rows=992 width=0)
	                    Index Cond: ((id >= 319402) AND (id <= 320401))

table 8 : explain SELECT DISTINCT c FROM sbtest8 WHERE id BETWEEN 684822 AND 685821 ORDER BY c
	Unique  (cost=3773.09..3777.89 rows=960 width=121)
	  ->  Sort  (cost=3773.09..3775.49 rows=960 width=121)
	        Sort Key: c
	        ->  Bitmap Heap Scan on sbtest8  (cost=34.28..3725.54 rows=960 width=121)
	              Recheck Cond: ((id >= 684822) AND (id <= 685821))
	              ->  Bitmap Index Scan on sbtest8_pkey  (cost=0.00..34.04 rows=960 width=0)
	                    Index Cond: ((id >= 684822) AND (id <= 685821))

for: sum_ranges
table 1 : explain SELECT SUM(k) FROM sbtest1 WHERE id BETWEEN 163641 AND 164640
	Aggregate  (cost=4082.42..4082.43 rows=1 width=8)
	  ->  Bitmap Heap Scan on sbtest1  (cost=35.23..4079.79 rows=1053 width=4)
	        Recheck Cond: ((id >= 163641) AND (id <= 164640))
	        ->  Bitmap Index Scan on sbtest1_pkey  (cost=0.00..34.97 rows=1053 width=0)
	              Index Cond: ((id >= 163641) AND (id <= 164640))

table 2 : explain SELECT SUM(k) FROM sbtest2 WHERE id BETWEEN 1570932 AND 1571931
	Aggregate  (cost=4064.78..4064.79 rows=1 width=8)
	  ->  Bitmap Heap Scan on sbtest2  (cost=35.20..4062.16 rows=1050 width=4)
	        Recheck Cond: ((id >= 1570932) AND (id <= 1571931))
	        ->  Bitmap Index Scan on sbtest2_pkey  (cost=0.00..34.94 rows=1050 width=0)
	              Index Cond: ((id >= 1570932) AND (id <= 1571931))

table 3 : explain SELECT SUM(k) FROM sbtest3 WHERE id BETWEEN 5763043 AND 5764042
	Aggregate  (cost=3543.69..3543.70 rows=1 width=8)
	  ->  Bitmap Heap Scan on sbtest3  (cost=29.79..3541.41 rows=913 width=4)
	        Recheck Cond: ((id >= 5763043) AND (id <= 5764042))
	        ->  Bitmap Index Scan on sbtest3_pkey  (cost=0.00..29.57 rows=913 width=0)
	              Index Cond: ((id >= 5763043) AND (id <= 5764042))

table 4 : explain SELECT SUM(k) FROM sbtest4 WHERE id BETWEEN 4731392 AND 4732391
	Aggregate  (cost=3802.04..3802.05 rows=1 width=8)
	  ->  Bitmap Heap Scan on sbtest4  (cost=34.48..3799.59 rows=980 width=4)
	        Recheck Cond: ((id >= 4731392) AND (id <= 4732391))
	        ->  Bitmap Index Scan on sbtest4_pkey  (cost=0.00..34.23 rows=980 width=0)
	              Index Cond: ((id >= 4731392) AND (id <= 4732391))

table 5 : explain SELECT SUM(k) FROM sbtest5 WHERE id BETWEEN 7882782 AND 7883781
	Aggregate  (cost=3897.73..3897.74 rows=1 width=8)
	  ->  Bitmap Heap Scan on sbtest5  (cost=34.74..3895.22 rows=1005 width=4)
	        Recheck Cond: ((id >= 7882782) AND (id <= 7883781))
	        ->  Bitmap Index Scan on sbtest5_pkey  (cost=0.00..34.48 rows=1005 width=0)
	              Index Cond: ((id >= 7882782) AND (id <= 7883781))

table 6 : explain SELECT SUM(k) FROM sbtest6 WHERE id BETWEEN 6390380 AND 6391379
	Aggregate  (cost=3753.04..3753.05 rows=1 width=8)
	  ->  Bitmap Heap Scan on sbtest6  (cost=34.35..3750.63 rows=967 width=4)
	        Recheck Cond: ((id >= 6390380) AND (id <= 6391379))
	        ->  Bitmap Index Scan on sbtest6_pkey  (cost=0.00..34.11 rows=967 width=0)
	              Index Cond: ((id >= 6390380) AND (id <= 6391379))

table 7 : explain SELECT SUM(k) FROM sbtest7 WHERE id BETWEEN 8411158 AND 8412157
	Aggregate  (cost=3621.39..3621.40 rows=1 width=8)
	  ->  Bitmap Heap Scan on sbtest7  (cost=30.00..3619.05 rows=933 width=4)
	        Recheck Cond: ((id >= 8411158) AND (id <= 8412157))
	        ->  Bitmap Index Scan on sbtest7_pkey  (cost=0.00..29.76 rows=933 width=0)
	              Index Cond: ((id >= 8411158) AND (id <= 8412157))

table 8 : explain SELECT SUM(k) FROM sbtest8 WHERE id BETWEEN 1359337 AND 1360336
	Aggregate  (cost=3992.14..3992.15 rows=1 width=8)
	  ->  Bitmap Heap Scan on sbtest8  (cost=34.99..3989.57 rows=1030 width=4)
	        Recheck Cond: ((id >= 1359337) AND (id <= 1360336))
	        ->  Bitmap Index Scan on sbtest8_pkey  (cost=0.00..34.73 rows=1030 width=0)
	              Index Cond: ((id >= 1359337) AND (id <= 1360336))

for point_selects
table 1 : explain SELECT c FROM sbtest1 WHERE id=720932
	Index Scan using sbtest1_pkey on sbtest1  (cost=0.43..8.45 rows=1 width=121)
	  Index Cond: (id = 720932)

table 2 : explain SELECT c FROM sbtest2 WHERE id=3817334
	Index Scan using sbtest2_pkey on sbtest2  (cost=0.43..8.45 rows=1 width=121)
	  Index Cond: (id = 3817334)

table 3 : explain SELECT c FROM sbtest3 WHERE id=2337643
	Index Scan using sbtest3_pkey on sbtest3  (cost=0.43..8.45 rows=1 width=121)
	  Index Cond: (id = 2337643)

table 4 : explain SELECT c FROM sbtest4 WHERE id=4450166
	Index Scan using sbtest4_pkey on sbtest4  (cost=0.43..8.45 rows=1 width=121)
	  Index Cond: (id = 4450166)

table 5 : explain SELECT c FROM sbtest5 WHERE id=3888227
	Index Scan using sbtest5_pkey on sbtest5  (cost=0.43..8.45 rows=1 width=121)
	  Index Cond: (id = 3888227)

table 6 : explain SELECT c FROM sbtest6 WHERE id=1733135
	Index Scan using sbtest6_pkey on sbtest6  (cost=0.43..8.45 rows=1 width=121)
	  Index Cond: (id = 1733135)

table 7 : explain SELECT c FROM sbtest7 WHERE id=5341206
	Index Scan using sbtest7_pkey on sbtest7  (cost=0.43..8.45 rows=1 width=121)
	  Index Cond: (id = 5341206)

table 8 : explain SELECT c FROM sbtest8 WHERE id=3279307
	Index Scan using sbtest8_pkey on sbtest8  (cost=0.43..8.45 rows=1 width=121)
	  Index Cond: (id = 3279307)

for: sum_ranges
table 1 : explain SELECT SUM(k) FROM sbtest1 WHERE id BETWEEN 8245213 AND 8246212
	Aggregate  (cost=4063.56..4063.57 rows=1 width=8)
	  ->  Bitmap Heap Scan on sbtest1  (cost=35.18..4060.94 rows=1048 width=4)
	        Recheck Cond: ((id >= 8245213) AND (id <= 8246212))
	        ->  Bitmap Index Scan on sbtest1_pkey  (cost=0.00..34.92 rows=1048 width=0)
	              Index Cond: ((id >= 8245213) AND (id <= 8246212))

table 2 : explain SELECT SUM(k) FROM sbtest2 WHERE id BETWEEN 8564515 AND 8565514
	Aggregate  (cost=3578.00..3578.01 rows=1 width=8)
	  ->  Bitmap Heap Scan on sbtest2  (cost=29.89..3575.69 rows=922 width=4)
	        Recheck Cond: ((id >= 8564515) AND (id <= 8565514))
	        ->  Bitmap Index Scan on sbtest2_pkey  (cost=0.00..29.65 rows=922 width=0)
	              Index Cond: ((id >= 8564515) AND (id <= 8565514))

table 3 : explain SELECT SUM(k) FROM sbtest3 WHERE id BETWEEN 5318606 AND 5319605
	Aggregate  (cost=3630.62..3630.63 rows=1 width=8)
	  ->  Bitmap Heap Scan on sbtest3  (cost=30.03..3628.28 rows=936 width=4)
	        Recheck Cond: ((id >= 5318606) AND (id <= 5319605))
	        ->  Bitmap Index Scan on sbtest3_pkey  (cost=0.00..29.79 rows=936 width=0)
	              Index Cond: ((id >= 5318606) AND (id <= 5319605))

table 4 : explain SELECT SUM(k) FROM sbtest4 WHERE id BETWEEN 8817055 AND 8818054
	Aggregate  (cost=3669.87..3669.88 rows=1 width=8)
	  ->  Bitmap Heap Scan on sbtest4  (cost=34.12..3667.51 rows=945 width=4)
	        Recheck Cond: ((id >= 8817055) AND (id <= 8818054))
	        ->  Bitmap Index Scan on sbtest4_pkey  (cost=0.00..33.89 rows=945 width=0)
	              Index Cond: ((id >= 8817055) AND (id <= 8818054))

table 5 : explain SELECT SUM(k) FROM sbtest5 WHERE id BETWEEN 6725530 AND 6726529
	Aggregate  (cost=4225.50..4225.51 rows=1 width=8)
	  ->  Bitmap Heap Scan on sbtest5  (cost=35.63..4222.77 rows=1092 width=4)
	        Recheck Cond: ((id >= 6725530) AND (id <= 6726529))
	        ->  Bitmap Index Scan on sbtest5_pkey  (cost=0.00..35.36 rows=1092 width=0)
	              Index Cond: ((id >= 6725530) AND (id <= 6726529))

table 6 : explain SELECT SUM(k) FROM sbtest6 WHERE id BETWEEN 6424443 AND 6425442
	Aggregate  (cost=3753.04..3753.05 rows=1 width=8)
	  ->  Bitmap Heap Scan on sbtest6  (cost=34.35..3750.63 rows=967 width=4)
	        Recheck Cond: ((id >= 6424443) AND (id <= 6425442))
	        ->  Bitmap Index Scan on sbtest6_pkey  (cost=0.00..34.11 rows=967 width=0)
	              Index Cond: ((id >= 6424443) AND (id <= 6425442))

table 7 : explain SELECT SUM(k) FROM sbtest7 WHERE id BETWEEN 2613441 AND 2614440
	Aggregate  (cost=3908.64..3908.65 rows=1 width=8)
	  ->  Bitmap Heap Scan on sbtest7  (cost=34.77..3906.12 rows=1008 width=4)
	        Recheck Cond: ((id >= 2613441) AND (id <= 2614440))
	        ->  Bitmap Index Scan on sbtest7_pkey  (cost=0.00..34.52 rows=1008 width=0)
	              Index Cond: ((id >= 2613441) AND (id <= 2614440))

table 8 : explain SELECT SUM(k) FROM sbtest8 WHERE id BETWEEN 3547600 AND 3548599
	Aggregate  (cost=3716.60..3716.61 rows=1 width=8)
	  ->  Bitmap Heap Scan on sbtest8  (cost=34.24..3714.21 rows=957 width=4)
	        Recheck Cond: ((id >= 3547600) AND (id <= 3548599))
	        ->  Bitmap Index Scan on sbtest8_pkey  (cost=0.00..34.01 rows=957 width=0)
	              Index Cond: ((id >= 3547600) AND (id <= 3548599))

for: order_ranges
table 1 : explain SELECT c FROM sbtest1 WHERE id BETWEEN 5537406 AND 5538405 ORDER BY c
	Sort  (cost=3910.49..3912.97 rows=995 width=121)
	  Sort Key: c
	  ->  Bitmap Heap Scan on sbtest1  (cost=34.63..3860.94 rows=995 width=121)
	        Recheck Cond: ((id >= 5537406) AND (id <= 5538405))
	        ->  Bitmap Index Scan on sbtest1_pkey  (cost=0.00..34.39 rows=995 width=0)
	              Index Cond: ((id >= 5537406) AND (id <= 5538405))

table 2 : explain SELECT c FROM sbtest2 WHERE id BETWEEN 6376426 AND 6377425 ORDER BY c
	Sort  (cost=3797.50..3799.92 rows=967 width=121)
	  Sort Key: c
	  ->  Bitmap Heap Scan on sbtest2  (cost=34.35..3749.55 rows=967 width=121)
	        Recheck Cond: ((id >= 6376426) AND (id <= 6377425))
	        ->  Bitmap Index Scan on sbtest2_pkey  (cost=0.00..34.11 rows=967 width=0)
	              Index Cond: ((id >= 6376426) AND (id <= 6377425))

table 3 : explain SELECT c FROM sbtest3 WHERE id BETWEEN 4561832 AND 4562831 ORDER BY c
	Sort  (cost=4145.04..4147.68 rows=1058 width=121)
	  Sort Key: c
	  ->  Bitmap Heap Scan on sbtest3  (cost=35.28..4091.89 rows=1058 width=121)
	        Recheck Cond: ((id >= 4561832) AND (id <= 4562831))
	        ->  Bitmap Index Scan on sbtest3_pkey  (cost=0.00..35.02 rows=1058 width=0)
	              Index Cond: ((id >= 4561832) AND (id <= 4562831))

table 4 : explain SELECT c FROM sbtest4 WHERE id BETWEEN 2459759 AND 2460758 ORDER BY c
	Sort  (cost=3809.99..3812.42 rows=970 width=121)
	  Sort Key: c
	  ->  Bitmap Heap Scan on sbtest4  (cost=34.38..3761.87 rows=970 width=121)
	        Recheck Cond: ((id >= 2459759) AND (id <= 2460758))
	        ->  Bitmap Index Scan on sbtest4_pkey  (cost=0.00..34.14 rows=970 width=0)
	              Index Cond: ((id >= 2459759) AND (id <= 2460758))

table 5 : explain SELECT c FROM sbtest5 WHERE id BETWEEN 1467116 AND 1468115 ORDER BY c
	Sort  (cost=3769.14..3771.54 rows=959 width=121)
	  Sort Key: c
	  ->  Bitmap Heap Scan on sbtest5  (cost=34.26..3721.64 rows=959 width=121)
	        Recheck Cond: ((id >= 1467116) AND (id <= 1468115))
	        ->  Bitmap Index Scan on sbtest5_pkey  (cost=0.00..34.03 rows=959 width=0)
	              Index Cond: ((id >= 1467116) AND (id <= 1468115))

table 6 : explain SELECT c FROM sbtest6 WHERE id BETWEEN 2017002 AND 2018001 ORDER BY c
	Sort  (cost=3718.12..3720.48 rows=946 width=121)
	  Sort Key: c
	  ->  Bitmap Heap Scan on sbtest6  (cost=34.13..3671.36 rows=946 width=121)
	        Recheck Cond: ((id >= 2017002) AND (id <= 2018001))
	        ->  Bitmap Index Scan on sbtest6_pkey  (cost=0.00..33.90 rows=946 width=0)
	              Index Cond: ((id >= 2017002) AND (id <= 2018001))

table 7 : explain SELECT c FROM sbtest7 WHERE id BETWEEN 5758424 AND 5759423 ORDER BY c
	Sort  (cost=4105.55..4108.16 rows=1047 width=121)
	  Sort Key: c
	  ->  Bitmap Heap Scan on sbtest7  (cost=35.17..4053.03 rows=1047 width=121)
	        Recheck Cond: ((id >= 5758424) AND (id <= 5759423))
	        ->  Bitmap Index Scan on sbtest7_pkey  (cost=0.00..34.91 rows=1047 width=0)
	              Index Cond: ((id >= 5758424) AND (id <= 5759423))

table 8 : explain SELECT c FROM sbtest8 WHERE id BETWEEN 690377 AND 691376 ORDER BY c
	Sort  (cost=3773.09..3775.49 rows=960 width=121)
	  Sort Key: c
	  ->  Bitmap Heap Scan on sbtest8  (cost=34.28..3725.54 rows=960 width=121)
	        Recheck Cond: ((id >= 690377) AND (id <= 691376))
	        ->  Bitmap Index Scan on sbtest8_pkey  (cost=0.00..34.04 rows=960 width=0)
	              Index Cond: ((id >= 690377) AND (id <= 691376))

for: sum_ranges
table 1 : explain SELECT SUM(k) FROM sbtest1 WHERE id BETWEEN 3225659 AND 3226658
	Aggregate  (cost=3908.77..3908.78 rows=1 width=8)
	  ->  Bitmap Heap Scan on sbtest1  (cost=34.76..3906.26 rows=1007 width=4)
	        Recheck Cond: ((id >= 3225659) AND (id <= 3226658))
	        ->  Bitmap Index Scan on sbtest1_pkey  (cost=0.00..34.51 rows=1007 width=0)
	              Index Cond: ((id >= 3225659) AND (id <= 3226658))

table 2 : explain SELECT SUM(k) FROM sbtest2 WHERE id BETWEEN 5833817 AND 5834816
	Aggregate  (cost=4072.31..4072.32 rows=1 width=8)
	  ->  Bitmap Heap Scan on sbtest2  (cost=35.22..4069.68 rows=1052 width=4)
	        Recheck Cond: ((id >= 5833817) AND (id <= 5834816))
	        ->  Bitmap Index Scan on sbtest2_pkey  (cost=0.00..34.95 rows=1052 width=0)
	              Index Cond: ((id >= 5833817) AND (id <= 5834816))

table 3 : explain SELECT SUM(k) FROM sbtest3 WHERE id BETWEEN 2296294 AND 2297293
	Aggregate  (cost=3725.25..3725.26 rows=1 width=8)
	  ->  Bitmap Heap Scan on sbtest3  (cost=34.28..3722.85 rows=960 width=4)
	        Recheck Cond: ((id >= 2296294) AND (id <= 2297293))
	        ->  Bitmap Index Scan on sbtest3_pkey  (cost=0.00..34.04 rows=960 width=0)
	              Index Cond: ((id >= 2296294) AND (id <= 2297293))

table 4 : explain SELECT SUM(k) FROM sbtest4 WHERE id BETWEEN 6335111 AND 6336110
	Aggregate  (cost=3529.76..3529.77 rows=1 width=8)
	  ->  Bitmap Heap Scan on sbtest4  (cost=29.75..3527.48 rows=909 width=4)
	        Recheck Cond: ((id >= 6335111) AND (id <= 6336110))
	        ->  Bitmap Index Scan on sbtest4_pkey  (cost=0.00..29.52 rows=909 width=0)
	              Index Cond: ((id >= 6335111) AND (id <= 6336110))

table 5 : explain SELECT SUM(k) FROM sbtest5 WHERE id BETWEEN 6096226 AND 6097225
	Aggregate  (cost=3852.45..3852.46 rows=1 width=8)
	  ->  Bitmap Heap Scan on sbtest5  (cost=34.61..3849.96 rows=993 width=4)
	        Recheck Cond: ((id >= 6096226) AND (id <= 6097225))
	        ->  Bitmap Index Scan on sbtest5_pkey  (cost=0.00..34.37 rows=993 width=0)
	              Index Cond: ((id >= 6096226) AND (id <= 6097225))

table 6 : explain SELECT SUM(k) FROM sbtest6 WHERE id BETWEEN 9016705 AND 9017704
	Aggregate  (cost=3934.14..3934.15 rows=1 width=8)
	  ->  Bitmap Heap Scan on sbtest6  (cost=34.84..3931.60 rows=1015 width=4)
	        Recheck Cond: ((id >= 9016705) AND (id <= 9017704))
	        ->  Bitmap Index Scan on sbtest6_pkey  (cost=0.00..34.59 rows=1015 width=0)
	              Index Cond: ((id >= 9016705) AND (id <= 9017704))

table 7 : explain SELECT SUM(k) FROM sbtest7 WHERE id BETWEEN 7443756 AND 7444755
	Aggregate  (cost=4168.60..4168.61 rows=1 width=8)
	  ->  Bitmap Heap Scan on sbtest7  (cost=35.47..4165.91 rows=1077 width=4)
	        Recheck Cond: ((id >= 7443756) AND (id <= 7444755))
	        ->  Bitmap Index Scan on sbtest7_pkey  (cost=0.00..35.20 rows=1077 width=0)
	              Index Cond: ((id >= 7443756) AND (id <= 7444755))

table 8 : explain SELECT SUM(k) FROM sbtest8 WHERE id BETWEEN 7386266 AND 7387265
	Aggregate  (cost=3716.60..3716.61 rows=1 width=8)
	  ->  Bitmap Heap Scan on sbtest8  (cost=34.24..3714.21 rows=957 width=4)
	        Recheck Cond: ((id >= 7386266) AND (id <= 7387265))
	        ->  Bitmap Index Scan on sbtest8_pkey  (cost=0.00..34.01 rows=957 width=0)
	              Index Cond: ((id >= 7386266) AND (id <= 7387265))

for point_selects
table 1 : explain SELECT c FROM sbtest1 WHERE id=3077492
	Index Scan using sbtest1_pkey on sbtest1  (cost=0.43..8.45 rows=1 width=121)
	  Index Cond: (id = 3077492)

table 2 : explain SELECT c FROM sbtest2 WHERE id=1279880
	Index Scan using sbtest2_pkey on sbtest2  (cost=0.43..8.45 rows=1 width=121)
	  Index Cond: (id = 1279880)

table 3 : explain SELECT c FROM sbtest3 WHERE id=260583
	Index Scan using sbtest3_pkey on sbtest3  (cost=0.43..8.45 rows=1 width=121)
	  Index Cond: (id = 260583)

table 4 : explain SELECT c FROM sbtest4 WHERE id=81477
	Index Scan using sbtest4_pkey on sbtest4  (cost=0.43..8.45 rows=1 width=121)
	  Index Cond: (id = 81477)

table 5 : explain SELECT c FROM sbtest5 WHERE id=4666791
	Index Scan using sbtest5_pkey on sbtest5  (cost=0.43..8.45 rows=1 width=121)
	  Index Cond: (id = 4666791)

table 6 : explain SELECT c FROM sbtest6 WHERE id=6660950
	Index Scan using sbtest6_pkey on sbtest6  (cost=0.43..8.45 rows=1 width=121)
	  Index Cond: (id = 6660950)

table 7 : explain SELECT c FROM sbtest7 WHERE id=1678849
	Index Scan using sbtest7_pkey on sbtest7  (cost=0.43..8.45 rows=1 width=121)
	  Index Cond: (id = 1678849)

table 8 : explain SELECT c FROM sbtest8 WHERE id=3584294
	Index Scan using sbtest8_pkey on sbtest8  (cost=0.43..8.45 rows=1 width=121)
	  Index Cond: (id = 3584294)

for: sum_ranges
table 1 : explain SELECT SUM(k) FROM sbtest1 WHERE id BETWEEN 2783567 AND 2784566
	Aggregate  (cost=3564.26..3564.27 rows=1 width=8)
	  ->  Bitmap Heap Scan on sbtest1  (cost=29.83..3561.96 rows=917 width=4)
	        Recheck Cond: ((id >= 2783567) AND (id <= 2784566))
	        ->  Bitmap Index Scan on sbtest1_pkey  (cost=0.00..29.61 rows=917 width=0)
	              Index Cond: ((id >= 2783567) AND (id <= 2784566))

table 2 : explain SELECT SUM(k) FROM sbtest2 WHERE id BETWEEN 8626042 AND 8627041
	Aggregate  (cost=4094.89..4094.90 rows=1 width=8)
	  ->  Bitmap Heap Scan on sbtest2  (cost=35.28..4092.24 rows=1058 width=4)
	        Recheck Cond: ((id >= 8626042) AND (id <= 8627041))
	        ->  Bitmap Index Scan on sbtest2_pkey  (cost=0.00..35.02 rows=1058 width=0)
	              Index Cond: ((id >= 8626042) AND (id <= 8627041))

table 3 : explain SELECT SUM(k) FROM sbtest3 WHERE id BETWEEN 2625825 AND 2626824
	Aggregate  (cost=3906.28..3906.29 rows=1 width=8)
	  ->  Bitmap Heap Scan on sbtest3  (cost=34.77..3903.76 rows=1008 width=4)
	        Recheck Cond: ((id >= 2625825) AND (id <= 2626824))
	        ->  Bitmap Index Scan on sbtest3_pkey  (cost=0.00..34.52 rows=1008 width=0)
	              Index Cond: ((id >= 2625825) AND (id <= 2626824))

table 4 : explain SELECT SUM(k) FROM sbtest4 WHERE id BETWEEN 3369950 AND 3370949
	Aggregate  (cost=3783.17..3783.18 rows=1 width=8)
	  ->  Bitmap Heap Scan on sbtest4  (cost=34.43..3780.73 rows=975 width=4)
	        Recheck Cond: ((id >= 3369950) AND (id <= 3370949))
	        ->  Bitmap Index Scan on sbtest4_pkey  (cost=0.00..34.19 rows=975 width=0)
	              Index Cond: ((id >= 3369950) AND (id <= 3370949))

table 5 : explain SELECT SUM(k) FROM sbtest5 WHERE id BETWEEN 6542129 AND 6543128
	Aggregate  (cost=3705.15..3705.16 rows=1 width=8)
	  ->  Bitmap Heap Scan on sbtest5  (cost=34.21..3702.76 rows=954 width=4)
	        Recheck Cond: ((id >= 6542129) AND (id <= 6543128))
	        ->  Bitmap Index Scan on sbtest5_pkey  (cost=0.00..33.98 rows=954 width=0)
	              Index Cond: ((id >= 6542129) AND (id <= 6543128))

table 6 : explain SELECT SUM(k) FROM sbtest6 WHERE id BETWEEN 5612143 AND 5613142
	Aggregate  (cost=4291.69..4291.70 rows=1 width=8)
	  ->  Bitmap Heap Scan on sbtest6  (cost=35.81..4288.91 rows=1110 width=4)
	        Recheck Cond: ((id >= 5612143) AND (id <= 5613142))
	        ->  Bitmap Index Scan on sbtest6_pkey  (cost=0.00..35.54 rows=1110 width=0)
	              Index Cond: ((id >= 5612143) AND (id <= 5613142))

table 7 : explain SELECT SUM(k) FROM sbtest7 WHERE id BETWEEN 9746467 AND 9747466
	Aggregate  (cost=3870.91..3870.92 rows=1 width=8)
	  ->  Bitmap Heap Scan on sbtest7  (cost=34.66..3868.42 rows=998 width=4)
	        Recheck Cond: ((id >= 9746467) AND (id <= 9747466))
	        ->  Bitmap Index Scan on sbtest7_pkey  (cost=0.00..34.42 rows=998 width=0)
	              Index Cond: ((id >= 9746467) AND (id <= 9747466))

table 8 : explain SELECT SUM(k) FROM sbtest8 WHERE id BETWEEN 4203779 AND 4204778
	Aggregate  (cost=3969.52..3969.53 rows=1 width=8)
	  ->  Bitmap Heap Scan on sbtest8  (cost=34.93..3966.96 rows=1024 width=4)
	        Recheck Cond: ((id >= 4203779) AND (id <= 4204778))
	        ->  Bitmap Index Scan on sbtest8_pkey  (cost=0.00..34.68 rows=1024 width=0)
	              Index Cond: ((id >= 4203779) AND (id <= 4204778))

for: sum_ranges
table 1 : explain SELECT SUM(k) FROM sbtest1 WHERE id BETWEEN 8568941 AND 8569940
	Aggregate  (cost=3916.33..3916.34 rows=1 width=8)
	  ->  Bitmap Heap Scan on sbtest1  (cost=34.78..3913.81 rows=1009 width=4)
	        Recheck Cond: ((id >= 8568941) AND (id <= 8569940))
	        ->  Bitmap Index Scan on sbtest1_pkey  (cost=0.00..34.53 rows=1009 width=0)
	              Index Cond: ((id >= 8568941) AND (id <= 8569940))

table 2 : explain SELECT SUM(k) FROM sbtest2 WHERE id BETWEEN 8753728 AND 8754727
	Aggregate  (cost=4290.40..4290.41 rows=1 width=8)
	  ->  Bitmap Heap Scan on sbtest2  (cost=35.82..4287.62 rows=1111 width=4)
	        Recheck Cond: ((id >= 8753728) AND (id <= 8754727))
	        ->  Bitmap Index Scan on sbtest2_pkey  (cost=0.00..35.55 rows=1111 width=0)
	              Index Cond: ((id >= 8753728) AND (id <= 8754727))

table 3 : explain SELECT SUM(k) FROM sbtest3 WHERE id BETWEEN 2936071 AND 2937070
	Aggregate  (cost=3751.66..3751.67 rows=1 width=8)
	  ->  Bitmap Heap Scan on sbtest3  (cost=34.35..3749.25 rows=967 width=4)
	        Recheck Cond: ((id >= 2936071) AND (id <= 2937070))
	        ->  Bitmap Index Scan on sbtest3_pkey  (cost=0.00..34.11 rows=967 width=0)
	              Index Cond: ((id >= 2936071) AND (id <= 2937070))

table 4 : explain SELECT SUM(k) FROM sbtest4 WHERE id BETWEEN 4901155 AND 4902154
	Aggregate  (cost=4099.79..4099.80 rows=1 width=8)
	  ->  Bitmap Heap Scan on sbtest4  (cost=35.29..4097.15 rows=1059 width=4)
	        Recheck Cond: ((id >= 4901155) AND (id <= 4902154))
	        ->  Bitmap Index Scan on sbtest4_pkey  (cost=0.00..35.03 rows=1059 width=0)
	              Index Cond: ((id >= 4901155) AND (id <= 4902154))

table 5 : explain SELECT SUM(k) FROM sbtest5 WHERE id BETWEEN 2804774 AND 2805773
	Aggregate  (cost=3950.54..3950.55 rows=1 width=8)
	  ->  Bitmap Heap Scan on sbtest5  (cost=34.88..3947.99 rows=1019 width=4)
	        Recheck Cond: ((id >= 2804774) AND (id <= 2805773))
	        ->  Bitmap Index Scan on sbtest5_pkey  (cost=0.00..34.62 rows=1019 width=0)
	              Index Cond: ((id >= 2804774) AND (id <= 2805773))

table 6 : explain SELECT SUM(k) FROM sbtest6 WHERE id BETWEEN 3347862 AND 3348861
	Aggregate  (cost=3631.93..3631.94 rows=1 width=8)
	  ->  Bitmap Heap Scan on sbtest6  (cost=30.03..3629.59 rows=936 width=4)
	        Recheck Cond: ((id >= 3347862) AND (id <= 3348861))
	        ->  Bitmap Index Scan on sbtest6_pkey  (cost=0.00..29.79 rows=936 width=0)
	              Index Cond: ((id >= 3347862) AND (id <= 3348861))

table 7 : explain SELECT SUM(k) FROM sbtest7 WHERE id BETWEEN 4616786 AND 4617785
	Aggregate  (cost=3632.73..3632.74 rows=1 width=8)
	  ->  Bitmap Heap Scan on sbtest7  (cost=30.03..3630.39 rows=936 width=4)
	        Recheck Cond: ((id >= 4616786) AND (id <= 4617785))
	        ->  Bitmap Index Scan on sbtest7_pkey  (cost=0.00..29.79 rows=936 width=0)
	              Index Cond: ((id >= 4616786) AND (id <= 4617785))

table 8 : explain SELECT SUM(k) FROM sbtest8 WHERE id BETWEEN 5775068 AND 5776067
	Aggregate  (cost=4022.30..4022.31 rows=1 width=8)
	  ->  Bitmap Heap Scan on sbtest8  (cost=35.07..4019.70 rows=1038 width=4)
	        Recheck Cond: ((id >= 5775068) AND (id <= 5776067))
	        ->  Bitmap Index Scan on sbtest8_pkey  (cost=0.00..34.82 rows=1038 width=0)
	              Index Cond: ((id >= 5775068) AND (id <= 5776067))

for: order_ranges
table 1 : explain SELECT c FROM sbtest1 WHERE id BETWEEN 1076925 AND 1077924 ORDER BY c
	Sort  (cost=4224.47..4227.16 rows=1077 width=121)
	  Sort Key: c
	  ->  Bitmap Heap Scan on sbtest1  (cost=35.47..4170.23 rows=1077 width=121)
	        Recheck Cond: ((id >= 1076925) AND (id <= 1077924))
	        ->  Bitmap Index Scan on sbtest1_pkey  (cost=0.00..35.20 rows=1077 width=0)
	              Index Cond: ((id >= 1076925) AND (id <= 1077924))

table 2 : explain SELECT c FROM sbtest2 WHERE id BETWEEN 5005654 AND 5006653 ORDER BY c
	Sort  (cost=3586.58..3588.87 rows=913 width=121)
	  Sort Key: c
	  ->  Bitmap Heap Scan on sbtest2  (cost=29.79..3541.69 rows=913 width=121)
	        Recheck Cond: ((id >= 5005654) AND (id <= 5006653))
	        ->  Bitmap Index Scan on sbtest2_pkey  (cost=0.00..29.57 rows=913 width=0)
	              Index Cond: ((id >= 5005654) AND (id <= 5006653))

table 3 : explain SELECT c FROM sbtest3 WHERE id BETWEEN 9099182 AND 9100181 ORDER BY c
	Sort  (cost=3609.31..3611.61 rows=919 width=121)
	  Sort Key: c
	  ->  Bitmap Heap Scan on sbtest3  (cost=29.85..3564.08 rows=919 width=121)
	        Recheck Cond: ((id >= 9099182) AND (id <= 9100181))
	        ->  Bitmap Index Scan on sbtest3_pkey  (cost=0.00..29.62 rows=919 width=0)
	              Index Cond: ((id >= 9099182) AND (id <= 9100181))

table 4 : explain SELECT c FROM sbtest4 WHERE id BETWEEN 3586626 AND 3587625 ORDER BY c
	Sort  (cost=4303.02..4305.76 rows=1099 width=121)
	  Sort Key: c
	  ->  Bitmap Heap Scan on sbtest4  (cost=35.70..4247.51 rows=1099 width=121)
	        Recheck Cond: ((id >= 3586626) AND (id <= 3587625))
	        ->  Bitmap Index Scan on sbtest4_pkey  (cost=0.00..35.43 rows=1099 width=0)
	              Index Cond: ((id >= 3586626) AND (id <= 3587625))

table 5 : explain SELECT c FROM sbtest5 WHERE id BETWEEN 8182255 AND 8183254 ORDER BY c
	Sort  (cost=3650.09..3652.42 rows=929 width=121)
	  Sort Key: c
	  ->  Bitmap Heap Scan on sbtest5  (cost=29.96..3604.30 rows=929 width=121)
	        Recheck Cond: ((id >= 8182255) AND (id <= 8183254))
	        ->  Bitmap Index Scan on sbtest5_pkey  (cost=0.00..29.72 rows=929 width=0)
	              Index Cond: ((id >= 8182255) AND (id <= 8183254))

table 6 : explain SELECT c FROM sbtest6 WHERE id BETWEEN 1386919 AND 1387918 ORDER BY c
	Sort  (cost=4043.46..4046.03 rows=1031 width=121)
	  Sort Key: c
	  ->  Bitmap Heap Scan on sbtest6  (cost=35.00..3991.86 rows=1031 width=121)
	        Recheck Cond: ((id >= 1386919) AND (id <= 1387918))
	        ->  Bitmap Index Scan on sbtest6_pkey  (cost=0.00..34.75 rows=1031 width=0)
	              Index Cond: ((id >= 1386919) AND (id <= 1387918))

table 7 : explain SELECT c FROM sbtest7 WHERE id BETWEEN 3000677 AND 3001676 ORDER BY c
	Sort  (cost=3810.91..3813.34 rows=970 width=121)
	  Sort Key: c
	  ->  Bitmap Heap Scan on sbtest7  (cost=34.38..3762.79 rows=970 width=121)
	        Recheck Cond: ((id >= 3000677) AND (id <= 3001676))
	        ->  Bitmap Index Scan on sbtest7_pkey  (cost=0.00..34.14 rows=970 width=0)
	              Index Cond: ((id >= 3000677) AND (id <= 3001676))

table 8 : explain SELECT c FROM sbtest8 WHERE id BETWEEN 4203419 AND 4204418 ORDER BY c
	Sort  (cost=4018.16..4020.72 rows=1024 width=121)
	  Sort Key: c
	  ->  Bitmap Heap Scan on sbtest8  (cost=34.93..3966.96 rows=1024 width=121)
	        Recheck Cond: ((id >= 4203419) AND (id <= 4204418))
	        ->  Bitmap Index Scan on sbtest8_pkey  (cost=0.00..34.68 rows=1024 width=0)
	              Index Cond: ((id >= 4203419) AND (id <= 4204418))

explain: for point_selects :: explain SELECT c FROM sbtest%u WHERE id=%u
for: simple_ranges
table 1 : explain SELECT c FROM sbtest1 WHERE id BETWEEN 6615253 AND 6616252
	Bitmap Heap Scan on sbtest1  (cost=35.89..4324.57 rows=1118 width=121)
	  Recheck Cond: ((id >= 6615253) AND (id <= 6616252))
	  ->  Bitmap Index Scan on sbtest1_pkey  (cost=0.00..35.62 rows=1118 width=0)
	        Index Cond: ((id >= 6615253) AND (id <= 6616252))

table 2 : explain SELECT c FROM sbtest2 WHERE id BETWEEN 8579728 AND 8580727
	Bitmap Heap Scan on sbtest2  (cost=29.89..3575.69 rows=922 width=121)
	  Recheck Cond: ((id >= 8579728) AND (id <= 8580727))
	  ->  Bitmap Index Scan on sbtest2_pkey  (cost=0.00..29.65 rows=922 width=0)
	        Index Cond: ((id >= 8579728) AND (id <= 8580727))

table 3 : explain SELECT c FROM sbtest3 WHERE id BETWEEN 76151 AND 77150
	Bitmap Heap Scan on sbtest3  (cost=34.40..3768.10 rows=972 width=121)
	  Recheck Cond: ((id >= 76151) AND (id <= 77150))
	  ->  Bitmap Index Scan on sbtest3_pkey  (cost=0.00..34.16 rows=972 width=0)
	        Index Cond: ((id >= 76151) AND (id <= 77150))

table 4 : explain SELECT c FROM sbtest4 WHERE id BETWEEN 608468 AND 609467
	Bitmap Heap Scan on sbtest4  (cost=35.02..3999.30 rows=1033 width=121)
	  Recheck Cond: ((id >= 608468) AND (id <= 609467))
	  ->  Bitmap Index Scan on sbtest4_pkey  (cost=0.00..34.77 rows=1033 width=0)
	        Index Cond: ((id >= 608468) AND (id <= 609467))

table 5 : explain SELECT c FROM sbtest5 WHERE id BETWEEN 3123785 AND 3124784
	Bitmap Heap Scan on sbtest5  (cost=34.88..3947.99 rows=1019 width=121)
	  Recheck Cond: ((id >= 3123785) AND (id <= 3124784))
	  ->  Bitmap Index Scan on sbtest5_pkey  (cost=0.00..34.62 rows=1019 width=0)
	        Index Cond: ((id >= 3123785) AND (id <= 3124784))

table 6 : explain SELECT c FROM sbtest6 WHERE id BETWEEN 7939612 AND 7940611
	Bitmap Heap Scan on sbtest6  (cost=35.06..4014.45 rows=1037 width=121)
	  Recheck Cond: ((id >= 7939612) AND (id <= 7940611))
	  ->  Bitmap Index Scan on sbtest6_pkey  (cost=0.00..34.81 rows=1037 width=0)
	        Index Cond: ((id >= 7939612) AND (id <= 7940611))

table 7 : explain SELECT c FROM sbtest7 WHERE id BETWEEN 1232393 AND 1233392
	Bitmap Heap Scan on sbtest7  (cost=34.99..3989.01 rows=1030 width=121)
	  Recheck Cond: ((id >= 1232393) AND (id <= 1233392))
	  ->  Bitmap Index Scan on sbtest7_pkey  (cost=0.00..34.73 rows=1030 width=0)
	        Index Cond: ((id >= 1232393) AND (id <= 1233392))

table 8 : explain SELECT c FROM sbtest8 WHERE id BETWEEN 7626990 AND 7627989
	Bitmap Heap Scan on sbtest8  (cost=34.89..3951.89 rows=1020 width=121)
	  Recheck Cond: ((id >= 7626990) AND (id <= 7627989))
	  ->  Bitmap Index Scan on sbtest8_pkey  (cost=0.00..34.64 rows=1020 width=0)
	        Index Cond: ((id >= 7626990) AND (id <= 7627989))

for: distinct_ranges
table 1 : explain SELECT DISTINCT c FROM sbtest1 WHERE id BETWEEN 4038999 AND 4039998 ORDER BY c
	Unique  (cost=4036.94..4042.08 rows=1028 width=121)
	  ->  Sort  (cost=4036.94..4039.51 rows=1028 width=121)
	        Sort Key: c
	        ->  Bitmap Heap Scan on sbtest1  (cost=34.97..3985.51 rows=1028 width=121)
	              Recheck Cond: ((id >= 4038999) AND (id <= 4039998))
	              ->  Bitmap Index Scan on sbtest1_pkey  (cost=0.00..34.72 rows=1028 width=0)
	                    Index Cond: ((id >= 4038999) AND (id <= 4039998))

table 2 : explain SELECT DISTINCT c FROM sbtest2 WHERE id BETWEEN 2420014 AND 2421013 ORDER BY c
	Unique  (cost=3674.93..3679.60 rows=935 width=121)
	  ->  Sort  (cost=3674.93..3677.27 rows=935 width=121)
	        Sort Key: c
	        ->  Bitmap Heap Scan on sbtest2  (cost=34.02..3628.79 rows=935 width=121)
	              Recheck Cond: ((id >= 2420014) AND (id <= 2421013))
	              ->  Bitmap Index Scan on sbtest2_pkey  (cost=0.00..33.79 rows=935 width=0)
	                    Index Cond: ((id >= 2420014) AND (id <= 2421013))

table 3 : explain SELECT DISTINCT c FROM sbtest3 WHERE id BETWEEN 5992873 AND 5993872 ORDER BY c
	Unique  (cost=4049.58..4054.74 rows=1033 width=121)
	  ->  Sort  (cost=4049.58..4052.16 rows=1033 width=121)
	        Sort Key: c
	        ->  Bitmap Heap Scan on sbtest3  (cost=35.02..3997.86 rows=1033 width=121)
	              Recheck Cond: ((id >= 5992873) AND (id <= 5993872))
	              ->  Bitmap Index Scan on sbtest3_pkey  (cost=0.00..34.77 rows=1033 width=0)
	                    Index Cond: ((id >= 5992873) AND (id <= 5993872))

table 4 : explain SELECT DISTINCT c FROM sbtest4 WHERE id BETWEEN 546126 AND 547125 ORDER BY c
	Unique  (cost=4051.02..4056.18 rows=1033 width=121)
	  ->  Sort  (cost=4051.02..4053.60 rows=1033 width=121)
	        Sort Key: c
	        ->  Bitmap Heap Scan on sbtest4  (cost=35.02..3999.30 rows=1033 width=121)
	              Recheck Cond: ((id >= 546126) AND (id <= 547125))
	              ->  Bitmap Index Scan on sbtest4_pkey  (cost=0.00..34.77 rows=1033 width=0)
	                    Index Cond: ((id >= 546126) AND (id <= 547125))

table 5 : explain SELECT DISTINCT c FROM sbtest5 WHERE id BETWEEN 8811328 AND 8812327 ORDER BY c
	Unique  (cost=3960.64..3965.69 rows=1009 width=121)
	  ->  Sort  (cost=3960.64..3963.16 rows=1009 width=121)
	        Sort Key: c
	        ->  Bitmap Heap Scan on sbtest5  (cost=34.78..3910.30 rows=1009 width=121)
	              Recheck Cond: ((id >= 8811328) AND (id <= 8812327))
	              ->  Bitmap Index Scan on sbtest5_pkey  (cost=0.00..34.53 rows=1009 width=0)
	                    Index Cond: ((id >= 8811328) AND (id <= 8812327))

table 6 : explain SELECT DISTINCT c FROM sbtest6 WHERE id BETWEEN 5319129 AND 5320128 ORDER BY c
	Unique  (cost=4085.50..4090.71 rows=1042 width=121)
	  ->  Sort  (cost=4085.50..4088.10 rows=1042 width=121)
	        Sort Key: c
	        ->  Bitmap Heap Scan on sbtest6  (cost=35.12..4033.27 rows=1042 width=121)
	              Recheck Cond: ((id >= 5319129) AND (id <= 5320128))
	              ->  Bitmap Index Scan on sbtest6_pkey  (cost=0.00..34.86 rows=1042 width=0)
	                    Index Cond: ((id >= 5319129) AND (id <= 5320128))

table 7 : explain SELECT DISTINCT c FROM sbtest7 WHERE id BETWEEN 5183196 AND 5184195 ORDER BY c
	Unique  (cost=4189.60..4194.94 rows=1069 width=121)
	  ->  Sort  (cost=4189.60..4192.27 rows=1069 width=121)
	        Sort Key: c
	        ->  Bitmap Heap Scan on sbtest7  (cost=35.39..4135.82 rows=1069 width=121)
	              Recheck Cond: ((id >= 5183196) AND (id <= 5184195))
	              ->  Bitmap Index Scan on sbtest7_pkey  (cost=0.00..35.12 rows=1069 width=0)
	                    Index Cond: ((id >= 5183196) AND (id <= 5184195))

table 8 : explain SELECT DISTINCT c FROM sbtest8 WHERE id BETWEEN 8692760 AND 8693759 ORDER BY c
	Unique  (cost=3727.09..3731.83 rows=948 width=121)
	  ->  Sort  (cost=3727.09..3729.46 rows=948 width=121)
	        Sort Key: c
	        ->  Bitmap Heap Scan on sbtest8  (cost=34.15..3680.21 rows=948 width=121)
	              Recheck Cond: ((id >= 8692760) AND (id <= 8693759))
	              ->  Bitmap Index Scan on sbtest8_pkey  (cost=0.00..33.92 rows=948 width=0)
	                    Index Cond: ((id >= 8692760) AND (id <= 8693759))

explain: for point_selects :: explain SELECT c FROM sbtest%u WHERE id=%u
for: simple_ranges
table 1 : explain SELECT c FROM sbtest1 WHERE id BETWEEN 1233764 AND 1234763
	Bitmap Heap Scan on sbtest1  (cost=29.30..3364.87 rows=865 width=121)
	  Recheck Cond: ((id >= 1233764) AND (id <= 1234763))
	  ->  Bitmap Index Scan on sbtest1_pkey  (cost=0.00..29.08 rows=865 width=0)
	        Index Cond: ((id >= 1233764) AND (id <= 1234763))

table 2 : explain SELECT c FROM sbtest2 WHERE id BETWEEN 7502601 AND 7503600
	Bitmap Heap Scan on sbtest2  (cost=34.77..3904.08 rows=1008 width=121)
	  Recheck Cond: ((id >= 7502601) AND (id <= 7503600))
	  ->  Bitmap Index Scan on sbtest2_pkey  (cost=0.00..34.52 rows=1008 width=0)
	        Index Cond: ((id >= 7502601) AND (id <= 7503600))

table 3 : explain SELECT c FROM sbtest3 WHERE id BETWEEN 4666474 AND 4667473
	Bitmap Heap Scan on sbtest3  (cost=34.78..3907.52 rows=1009 width=121)
	  Recheck Cond: ((id >= 4666474) AND (id <= 4667473))
	  ->  Bitmap Index Scan on sbtest3_pkey  (cost=0.00..34.53 rows=1009 width=0)
	        Index Cond: ((id >= 4666474) AND (id <= 4667473))

table 4 : explain SELECT c FROM sbtest4 WHERE id BETWEEN 4771849 AND 4772848
	Bitmap Heap Scan on sbtest4  (cost=34.55..3825.99 rows=987 width=121)
	  Recheck Cond: ((id >= 4771849) AND (id <= 4772848))
	  ->  Bitmap Index Scan on sbtest4_pkey  (cost=0.00..34.31 rows=987 width=0)
	        Index Cond: ((id >= 4771849) AND (id <= 4772848))

table 5 : explain SELECT c FROM sbtest5 WHERE id BETWEEN 215405 AND 216404
	Bitmap Heap Scan on sbtest5  (cost=34.95..3974.37 rows=1026 width=121)
	  Recheck Cond: ((id >= 215405) AND (id <= 216404))
	  ->  Bitmap Index Scan on sbtest5_pkey  (cost=0.00..34.70 rows=1026 width=0)
	        Index Cond: ((id >= 215405) AND (id <= 216404))

table 6 : explain SELECT c FROM sbtest6 WHERE id BETWEEN 8254163 AND 8255162
	Bitmap Heap Scan on sbtest6  (cost=34.20..3697.79 rows=953 width=121)
	  Recheck Cond: ((id >= 8254163) AND (id <= 8255162))
	  ->  Bitmap Index Scan on sbtest6_pkey  (cost=0.00..33.97 rows=953 width=0)
	        Index Cond: ((id >= 8254163) AND (id <= 8255162))

table 7 : explain SELECT c FROM sbtest7 WHERE id BETWEEN 1684133 AND 1685132
	Bitmap Heap Scan on sbtest7  (cost=34.95..3973.95 rows=1026 width=121)
	  Recheck Cond: ((id >= 1684133) AND (id <= 1685132))
	  ->  Bitmap Index Scan on sbtest7_pkey  (cost=0.00..34.70 rows=1026 width=0)
	        Index Cond: ((id >= 1684133) AND (id <= 1685132))

table 8 : explain SELECT c FROM sbtest8 WHERE id BETWEEN 6779249 AND 6780248
	Bitmap Heap Scan on sbtest8  (cost=34.91..3959.42 rows=1022 width=121)
	  Recheck Cond: ((id >= 6779249) AND (id <= 6780248))
	  ->  Bitmap Index Scan on sbtest8_pkey  (cost=0.00..34.66 rows=1022 width=0)
	        Index Cond: ((id >= 6779249) AND (id <= 6780248))

for: order_ranges
table 1 : explain SELECT c FROM sbtest1 WHERE id BETWEEN 7468020 AND 7469019 ORDER BY c
	Sort  (cost=4201.52..4204.20 rows=1071 width=121)
	  Sort Key: c
	  ->  Bitmap Heap Scan on sbtest1  (cost=35.41..4147.63 rows=1071 width=121)
	        Recheck Cond: ((id >= 7468020) AND (id <= 7469019))
	        ->  Bitmap Index Scan on sbtest1_pkey  (cost=0.00..35.15 rows=1071 width=0)
	              Index Cond: ((id >= 7468020) AND (id <= 7469019))

table 2 : explain SELECT c FROM sbtest2 WHERE id BETWEEN 7060569 AND 7061568 ORDER BY c
	Sort  (cost=3969.66..3972.19 rows=1012 width=121)
	  Sort Key: c
	  ->  Bitmap Heap Scan on sbtest2  (cost=34.81..3919.15 rows=1012 width=121)
	        Recheck Cond: ((id >= 7060569) AND (id <= 7061568))
	        ->  Bitmap Index Scan on sbtest2_pkey  (cost=0.00..34.56 rows=1012 width=0)
	              Index Cond: ((id >= 7060569) AND (id <= 7061568))

table 3 : explain SELECT c FROM sbtest3 WHERE id BETWEEN 4736898 AND 4737897 ORDER BY c
	Sort  (cost=4160.31..4162.96 rows=1062 width=121)
	  Sort Key: c
	  ->  Bitmap Heap Scan on sbtest3  (cost=35.32..4106.93 rows=1062 width=121)
	        Recheck Cond: ((id >= 4736898) AND (id <= 4737897))
	        ->  Bitmap Index Scan on sbtest3_pkey  (cost=0.00..35.06 rows=1062 width=0)
	              Index Cond: ((id >= 4736898) AND (id <= 4737897))

table 4 : explain SELECT c FROM sbtest4 WHERE id BETWEEN 192895 AND 193894 ORDER BY c
	Sort  (cost=4238.16..4240.86 rows=1082 width=121)
	  Sort Key: c
	  ->  Bitmap Heap Scan on sbtest4  (cost=35.53..4183.63 rows=1082 width=121)
	        Recheck Cond: ((id >= 192895) AND (id <= 193894))
	        ->  Bitmap Index Scan on sbtest4_pkey  (cost=0.00..35.26 rows=1082 width=0)
	              Index Cond: ((id >= 192895) AND (id <= 193894))

table 5 : explain SELECT c FROM sbtest5 WHERE id BETWEEN 4637044 AND 4638043 ORDER BY c
	Sort  (cost=3998.90..4001.45 rows=1019 width=121)
	  Sort Key: c
	  ->  Bitmap Heap Scan on sbtest5  (cost=34.88..3947.99 rows=1019 width=121)
	        Recheck Cond: ((id >= 4637044) AND (id <= 4638043))
	        ->  Bitmap Index Scan on sbtest5_pkey  (cost=0.00..34.62 rows=1019 width=0)
	              Index Cond: ((id >= 4637044) AND (id <= 4638043))

table 6 : explain SELECT c FROM sbtest6 WHERE id BETWEEN 4724987 AND 4725986 ORDER BY c
	Sort  (cost=3691.28..3693.63 rows=939 width=121)
	  Sort Key: c
	  ->  Bitmap Heap Scan on sbtest6  (cost=34.06..3644.92 rows=939 width=121)
	        Recheck Cond: ((id >= 4724987) AND (id <= 4725986))
	        ->  Bitmap Index Scan on sbtest6_pkey  (cost=0.00..33.83 rows=939 width=0)
	              Index Cond: ((id >= 4724987) AND (id <= 4725986))

table 7 : explain SELECT c FROM sbtest7 WHERE id BETWEEN 2906081 AND 2907080 ORDER BY c
	Sort  (cost=3814.74..3817.17 rows=971 width=121)
	  Sort Key: c
	  ->  Bitmap Heap Scan on sbtest7  (cost=34.39..3766.56 rows=971 width=121)
	        Recheck Cond: ((id >= 2906081) AND (id <= 2907080))
	        ->  Bitmap Index Scan on sbtest7_pkey  (cost=0.00..34.15 rows=971 width=0)
	              Index Cond: ((id >= 2906081) AND (id <= 2907080))

table 8 : explain SELECT c FROM sbtest8 WHERE id BETWEEN 8870456 AND 8871455 ORDER BY c
	Sort  (cost=3918.66..3921.16 rows=998 width=121)
	  Sort Key: c
	  ->  Bitmap Heap Scan on sbtest8  (cost=34.66..3868.95 rows=998 width=121)
	        Recheck Cond: ((id >= 8870456) AND (id <= 8871455))
	        ->  Bitmap Index Scan on sbtest8_pkey  (cost=0.00..34.42 rows=998 width=0)
	              Index Cond: ((id >= 8870456) AND (id <= 8871455))

for: order_ranges
table 1 : explain SELECT c FROM sbtest1 WHERE id BETWEEN 6044413 AND 6045412 ORDER BY c
	Sort  (cost=4029.28..4031.84 rows=1026 width=121)
	  Sort Key: c
	  ->  Bitmap Heap Scan on sbtest1  (cost=34.95..3977.96 rows=1026 width=121)
	        Recheck Cond: ((id >= 6044413) AND (id <= 6045412))
	        ->  Bitmap Index Scan on sbtest1_pkey  (cost=0.00..34.70 rows=1026 width=0)
	              Index Cond: ((id >= 6044413) AND (id <= 6045412))

table 2 : explain SELECT c FROM sbtest2 WHERE id BETWEEN 7028976 AND 7029975 ORDER BY c
	Sort  (cost=3969.66..3972.19 rows=1012 width=121)
	  Sort Key: c
	  ->  Bitmap Heap Scan on sbtest2  (cost=34.81..3919.15 rows=1012 width=121)
	        Recheck Cond: ((id >= 7028976) AND (id <= 7029975))
	        ->  Bitmap Index Scan on sbtest2_pkey  (cost=0.00..34.56 rows=1012 width=0)
	              Index Cond: ((id >= 7028976) AND (id <= 7029975))

table 3 : explain SELECT c FROM sbtest3 WHERE id BETWEEN 3182631 AND 3183630 ORDER BY c
	Sort  (cost=3670.64..3672.97 rows=935 width=121)
	  Sort Key: c
	  ->  Bitmap Heap Scan on sbtest3  (cost=30.02..3624.50 rows=935 width=121)
	        Recheck Cond: ((id >= 3182631) AND (id <= 3183630))
	        ->  Bitmap Index Scan on sbtest3_pkey  (cost=0.00..29.79 rows=935 width=0)
	              Index Cond: ((id >= 3182631) AND (id <= 3183630))

table 4 : explain SELECT c FROM sbtest4 WHERE id BETWEEN 4951183 AND 4952182 ORDER BY c
	Sort  (cost=4207.62..4210.31 rows=1074 width=121)
	  Sort Key: c
	  ->  Bitmap Heap Scan on sbtest4  (cost=35.44..4153.55 rows=1074 width=121)
	        Recheck Cond: ((id >= 4951183) AND (id <= 4952182))
	        ->  Bitmap Index Scan on sbtest4_pkey  (cost=0.00..35.18 rows=1074 width=0)
	              Index Cond: ((id >= 4951183) AND (id <= 4952182))

table 5 : explain SELECT c FROM sbtest5 WHERE id BETWEEN 1942290 AND 1943289 ORDER BY c
	Sort  (cost=4014.21..4016.76 rows=1023 width=121)
	  Sort Key: c
	  ->  Bitmap Heap Scan on sbtest5  (cost=34.92..3963.06 rows=1023 width=121)
	        Recheck Cond: ((id >= 1942290) AND (id <= 1943289))
	        ->  Bitmap Index Scan on sbtest5_pkey  (cost=0.00..34.67 rows=1023 width=0)
	              Index Cond: ((id >= 1942290) AND (id <= 1943289))

table 6 : explain SELECT c FROM sbtest6 WHERE id BETWEEN 563968 AND 564967 ORDER BY c
	Sort  (cost=3414.78..3416.95 rows=868 width=121)
	  Sort Key: c
	  ->  Bitmap Heap Scan on sbtest6  (cost=29.33..3372.41 rows=868 width=121)
	        Recheck Cond: ((id >= 563968) AND (id <= 564967))
	        ->  Bitmap Index Scan on sbtest6_pkey  (cost=0.00..29.11 rows=868 width=0)
	              Index Cond: ((id >= 563968) AND (id <= 564967))

table 7 : explain SELECT c FROM sbtest7 WHERE id BETWEEN 2780612 AND 2781611 ORDER BY c
	Sort  (cost=3676.58..3678.92 rows=936 width=121)
	  Sort Key: c
	  ->  Bitmap Heap Scan on sbtest7  (cost=30.03..3630.39 rows=936 width=121)
	        Recheck Cond: ((id >= 2780612) AND (id <= 2781611))
	        ->  Bitmap Index Scan on sbtest7_pkey  (cost=0.00..29.79 rows=936 width=0)
	              Index Cond: ((id >= 2780612) AND (id <= 2781611))

table 8 : explain SELECT c FROM sbtest8 WHERE id BETWEEN 3719746 AND 3720745 ORDER BY c
	Sort  (cost=4129.05..4131.68 rows=1053 width=121)
	  Sort Key: c
	  ->  Bitmap Heap Scan on sbtest8  (cost=35.23..4076.19 rows=1053 width=121)
	        Recheck Cond: ((id >= 3719746) AND (id <= 3720745))
	        ->  Bitmap Index Scan on sbtest8_pkey  (cost=0.00..34.97 rows=1053 width=0)
	              Index Cond: ((id >= 3719746) AND (id <= 3720745))

for: distinct_ranges
table 1 : explain SELECT DISTINCT c FROM sbtest1 WHERE id BETWEEN 8530246 AND 8531245 ORDER BY c
	Unique  (cost=3964.15..3969.19 rows=1009 width=121)
	  ->  Sort  (cost=3964.15..3966.67 rows=1009 width=121)
	        Sort Key: c
	        ->  Bitmap Heap Scan on sbtest1  (cost=34.78..3913.81 rows=1009 width=121)
	              Recheck Cond: ((id >= 8530246) AND (id <= 8531245))
	              ->  Bitmap Index Scan on sbtest1_pkey  (cost=0.00..34.53 rows=1009 width=0)
	                    Index Cond: ((id >= 8530246) AND (id <= 8531245))

table 2 : explain SELECT DISTINCT c FROM sbtest2 WHERE id BETWEEN 364058 AND 365057 ORDER BY c
	Unique  (cost=3931.43..3936.44 rows=1002 width=121)
	  ->  Sort  (cost=3931.43..3933.93 rows=1002 width=121)
	        Sort Key: c
	        ->  Bitmap Heap Scan on sbtest2  (cost=34.71..3881.48 rows=1002 width=121)
	              Recheck Cond: ((id >= 364058) AND (id <= 365057))
	              ->  Bitmap Index Scan on sbtest2_pkey  (cost=0.00..34.45 rows=1002 width=0)
	                    Index Cond: ((id >= 364058) AND (id <= 365057))

table 3 : explain SELECT DISTINCT c FROM sbtest3 WHERE id BETWEEN 4602350 AND 4603349 ORDER BY c
	Unique  (cost=3957.86..3962.91 rows=1009 width=121)
	  ->  Sort  (cost=3957.86..3960.39 rows=1009 width=121)
	        Sort Key: c
	        ->  Bitmap Heap Scan on sbtest3  (cost=34.78..3907.52 rows=1009 width=121)
	              Recheck Cond: ((id >= 4602350) AND (id <= 4603349))
	              ->  Bitmap Index Scan on sbtest3_pkey  (cost=0.00..34.53 rows=1009 width=0)
	                    Index Cond: ((id >= 4602350) AND (id <= 4603349))

table 4 : explain SELECT DISTINCT c FROM sbtest4 WHERE id BETWEEN 6831010 AND 6832009 ORDER BY c
	Unique  (cost=3932.48..3937.49 rows=1002 width=121)
	  ->  Sort  (cost=3932.48..3934.98 rows=1002 width=121)
	        Sort Key: c
	        ->  Bitmap Heap Scan on sbtest4  (cost=34.71..3882.54 rows=1002 width=121)
	              Recheck Cond: ((id >= 6831010) AND (id <= 6832009))
	              ->  Bitmap Index Scan on sbtest4_pkey  (cost=0.00..34.45 rows=1002 width=0)
	                    Index Cond: ((id >= 6831010) AND (id <= 6832009))

table 5 : explain SELECT DISTINCT c FROM sbtest5 WHERE id BETWEEN 8677966 AND 8678965 ORDER BY c
	Unique  (cost=3726.97..3731.71 rows=948 width=121)
	  ->  Sort  (cost=3726.97..3729.34 rows=948 width=121)
	        Sort Key: c
	        ->  Bitmap Heap Scan on sbtest5  (cost=34.15..3680.10 rows=948 width=121)
	              Recheck Cond: ((id >= 8677966) AND (id <= 8678965))
	              ->  Bitmap Index Scan on sbtest5_pkey  (cost=0.00..33.92 rows=948 width=0)
	                    Index Cond: ((id >= 8677966) AND (id <= 8678965))

table 6 : explain SELECT DISTINCT c FROM sbtest6 WHERE id BETWEEN 8867914 AND 8868913 ORDER BY c
	Unique  (cost=3629.77..3634.39 rows=924 width=121)
	  ->  Sort  (cost=3629.77..3632.08 rows=924 width=121)
	        Sort Key: c
	        ->  Bitmap Heap Scan on sbtest6  (cost=29.91..3584.25 rows=924 width=121)
	              Recheck Cond: ((id >= 8867914) AND (id <= 8868913))
	              ->  Bitmap Index Scan on sbtest6_pkey  (cost=0.00..29.68 rows=924 width=0)
	                    Index Cond: ((id >= 8867914) AND (id <= 8868913))

table 7 : explain SELECT DISTINCT c FROM sbtest7 WHERE id BETWEEN 234665 AND 235664 ORDER BY c
	Unique  (cost=4235.42..4240.83 rows=1081 width=121)
	  ->  Sort  (cost=4235.42..4238.12 rows=1081 width=121)
	        Sort Key: c
	        ->  Bitmap Heap Scan on sbtest7  (cost=35.52..4180.95 rows=1081 width=121)
	              Recheck Cond: ((id >= 234665) AND (id <= 235664))
	              ->  Bitmap Index Scan on sbtest7_pkey  (cost=0.00..35.25 rows=1081 width=0)
	                    Index Cond: ((id >= 234665) AND (id <= 235664))

table 8 : explain SELECT DISTINCT c FROM sbtest8 WHERE id BETWEEN 2279302 AND 2280301 ORDER BY c
	Unique  (cost=4064.06..4069.24 rows=1036 width=121)
	  ->  Sort  (cost=4064.06..4066.65 rows=1036 width=121)
	        Sort Key: c
	        ->  Bitmap Heap Scan on sbtest8  (cost=35.05..4012.17 rows=1036 width=121)
	              Recheck Cond: ((id >= 2279302) AND (id <= 2280301))
	              ->  Bitmap Index Scan on sbtest8_pkey  (cost=0.00..34.80 rows=1036 width=0)
	                    Index Cond: ((id >= 2279302) AND (id <= 2280301))

explain: for point_selects :: explain SELECT c FROM sbtest%u WHERE id=%u
for: order_ranges
table 1 : explain SELECT c FROM sbtest1 WHERE id BETWEEN 8670831 AND 8671830 ORDER BY c
	Sort  (cost=4235.94..4238.64 rows=1080 width=121)
	  Sort Key: c
	  ->  Bitmap Heap Scan on sbtest1  (cost=35.51..4181.53 rows=1080 width=121)
	        Recheck Cond: ((id >= 8670831) AND (id <= 8671830))
	        ->  Bitmap Index Scan on sbtest1_pkey  (cost=0.00..35.23 rows=1080 width=0)
	              Index Cond: ((id >= 8670831) AND (id <= 8671830))

table 2 : explain SELECT c FROM sbtest2 WHERE id BETWEEN 2266216 AND 2267215 ORDER BY c
	Sort  (cost=4404.98..4407.80 rows=1126 width=121)
	  Sort Key: c
	  ->  Bitmap Heap Scan on sbtest2  (cost=39.98..4347.91 rows=1126 width=121)
	        Recheck Cond: ((id >= 2266216) AND (id <= 2267215))
	        ->  Bitmap Index Scan on sbtest2_pkey  (cost=0.00..39.70 rows=1126 width=0)
	              Index Cond: ((id >= 2266216) AND (id <= 2267215))

table 3 : explain SELECT c FROM sbtest3 WHERE id BETWEEN 7604749 AND 7605748 ORDER BY c
	Sort  (cost=3999.91..4002.46 rows=1020 width=121)
	  Sort Key: c
	  ->  Bitmap Heap Scan on sbtest3  (cost=34.89..3948.94 rows=1020 width=121)
	        Recheck Cond: ((id >= 7604749) AND (id <= 7605748))
	        ->  Bitmap Index Scan on sbtest3_pkey  (cost=0.00..34.64 rows=1020 width=0)
	              Index Cond: ((id >= 7604749) AND (id <= 7605748))

table 4 : explain SELECT c FROM sbtest4 WHERE id BETWEEN 5173831 AND 5174830 ORDER BY c
	Sort  (cost=4501.48..4504.36 rows=1151 width=121)
	  Sort Key: c
	  ->  Bitmap Heap Scan on sbtest4  (cost=40.23..4442.96 rows=1151 width=121)
	        Recheck Cond: ((id >= 5173831) AND (id <= 5174830))
	        ->  Bitmap Index Scan on sbtest4_pkey  (cost=0.00..39.95 rows=1151 width=0)
	              Index Cond: ((id >= 5173831) AND (id <= 5174830))

table 5 : explain SELECT c FROM sbtest5 WHERE id BETWEEN 7714416 AND 7715415 ORDER BY c
	Sort  (cost=4014.21..4016.76 rows=1023 width=121)
	  Sort Key: c
	  ->  Bitmap Heap Scan on sbtest5  (cost=34.92..3963.06 rows=1023 width=121)
	        Recheck Cond: ((id >= 7714416) AND (id <= 7715415))
	        ->  Bitmap Index Scan on sbtest5_pkey  (cost=0.00..34.67 rows=1023 width=0)
	              Index Cond: ((id >= 7714416) AND (id <= 7715415))

table 6 : explain SELECT c FROM sbtest6 WHERE id BETWEEN 2986360 AND 2987359 ORDER BY c
	Sort  (cost=3947.86..3950.37 rows=1006 width=121)
	  Sort Key: c
	  ->  Bitmap Heap Scan on sbtest6  (cost=34.75..3897.69 rows=1006 width=121)
	        Recheck Cond: ((id >= 2986360) AND (id <= 2987359))
	        ->  Bitmap Index Scan on sbtest6_pkey  (cost=0.00..34.50 rows=1006 width=0)
	              Index Cond: ((id >= 2986360) AND (id <= 2987359))

table 7 : explain SELECT c FROM sbtest7 WHERE id BETWEEN 5600932 AND 5601931 ORDER BY c
	Sort  (cost=3818.57..3821.00 rows=972 width=121)
	  Sort Key: c
	  ->  Bitmap Heap Scan on sbtest7  (cost=34.40..3770.34 rows=972 width=121)
	        Recheck Cond: ((id >= 5600932) AND (id <= 5601931))
	        ->  Bitmap Index Scan on sbtest7_pkey  (cost=0.00..34.16 rows=972 width=0)
	              Index Cond: ((id >= 5600932) AND (id <= 5601931))

table 8 : explain SELECT c FROM sbtest8 WHERE id BETWEEN 7453501 AND 7454500 ORDER BY c
	Sort  (cost=3803.75..3806.17 rows=968 width=121)
	  Sort Key: c
	  ->  Bitmap Heap Scan on sbtest8  (cost=34.36..3755.74 rows=968 width=121)
	        Recheck Cond: ((id >= 7453501) AND (id <= 7454500))
	        ->  Bitmap Index Scan on sbtest8_pkey  (cost=0.00..34.12 rows=968 width=0)
	              Index Cond: ((id >= 7453501) AND (id <= 7454500))

for: sum_ranges
table 1 : explain SELECT SUM(k) FROM sbtest1 WHERE id BETWEEN 801986 AND 802985
	Aggregate  (cost=3893.66..3893.67 rows=1 width=8)
	  ->  Bitmap Heap Scan on sbtest1  (cost=34.72..3891.15 rows=1003 width=4)
	        Recheck Cond: ((id >= 801986) AND (id <= 802985))
	        ->  Bitmap Index Scan on sbtest1_pkey  (cost=0.00..34.47 rows=1003 width=0)
	              Index Cond: ((id >= 801986) AND (id <= 802985))

table 2 : explain SELECT SUM(k) FROM sbtest2 WHERE id BETWEEN 3439645 AND 3440644
	Aggregate  (cost=4158.83..4158.84 rows=1 width=8)
	  ->  Bitmap Heap Scan on sbtest2  (cost=35.45..4156.14 rows=1075 width=4)
	        Recheck Cond: ((id >= 3439645) AND (id <= 3440644))
	        ->  Bitmap Index Scan on sbtest2_pkey  (cost=0.00..35.19 rows=1075 width=0)
	              Index Cond: ((id >= 3439645) AND (id <= 3440644))

table 3 : explain SELECT SUM(k) FROM sbtest3 WHERE id BETWEEN 7663167 AND 7664166
	Aggregate  (cost=3808.26..3808.27 rows=1 width=8)
	  ->  Bitmap Heap Scan on sbtest3  (cost=34.50..3805.80 rows=982 width=4)
	        Recheck Cond: ((id >= 7663167) AND (id <= 7664166))
	        ->  Bitmap Index Scan on sbtest3_pkey  (cost=0.00..34.26 rows=982 width=0)
	              Index Cond: ((id >= 7663167) AND (id <= 7664166))

table 4 : explain SELECT SUM(k) FROM sbtest4 WHERE id BETWEEN 3890813 AND 3891812
	Aggregate  (cost=3503.27..3503.28 rows=1 width=8)
	  ->  Bitmap Heap Scan on sbtest4  (cost=29.68..3501.01 rows=902 width=4)
	        Recheck Cond: ((id >= 3890813) AND (id <= 3891812))
	        ->  Bitmap Index Scan on sbtest4_pkey  (cost=0.00..29.45 rows=902 width=0)
	              Index Cond: ((id >= 3890813) AND (id <= 3891812))

table 5 : explain SELECT SUM(k) FROM sbtest5 WHERE id BETWEEN 8259057 AND 8260056
	Aggregate  (cost=3606.62..3606.63 rows=1 width=8)
	  ->  Bitmap Heap Scan on sbtest5  (cost=29.96..3604.30 rows=929 width=4)
	        Recheck Cond: ((id >= 8259057) AND (id <= 8260056))
	        ->  Bitmap Index Scan on sbtest5_pkey  (cost=0.00..29.72 rows=929 width=0)
	              Index Cond: ((id >= 8259057) AND (id <= 8260056))

table 6 : explain SELECT SUM(k) FROM sbtest6 WHERE id BETWEEN 9479582 AND 9480581
	Aggregate  (cost=3760.60..3760.61 rows=1 width=8)
	  ->  Bitmap Heap Scan on sbtest6  (cost=34.37..3758.17 rows=969 width=4)
	        Recheck Cond: ((id >= 9479582) AND (id <= 9480581))
	        ->  Bitmap Index Scan on sbtest6_pkey  (cost=0.00..34.12 rows=969 width=0)
	              Index Cond: ((id >= 9479582) AND (id <= 9480581))

table 7 : explain SELECT SUM(k) FROM sbtest7 WHERE id BETWEEN 2256184 AND 2257183
	Aggregate  (cost=3806.75..3806.76 rows=1 width=8)
	  ->  Bitmap Heap Scan on sbtest7  (cost=34.49..3804.30 rows=981 width=4)
	        Recheck Cond: ((id >= 2256184) AND (id <= 2257183))
	        ->  Bitmap Index Scan on sbtest7_pkey  (cost=0.00..34.25 rows=981 width=0)
	              Index Cond: ((id >= 2256184) AND (id <= 2257183))

table 8 : explain SELECT SUM(k) FROM sbtest8 WHERE id BETWEEN 6191040 AND 6192039
	Aggregate  (cost=4037.37..4037.38 rows=1 width=8)
	  ->  Bitmap Heap Scan on sbtest8  (cost=35.12..4034.77 rows=1042 width=4)
	        Recheck Cond: ((id >= 6191040) AND (id <= 6192039))
	        ->  Bitmap Index Scan on sbtest8_pkey  (cost=0.00..34.86 rows=1042 width=0)
	              Index Cond: ((id >= 6191040) AND (id <= 6192039))

for: distinct_ranges
table 1 : explain SELECT DISTINCT c FROM sbtest1 WHERE id BETWEEN 8419664 AND 8420663 ORDER BY c
	Unique  (cost=3603.24..3607.82 rows=916 width=121)
	  ->  Sort  (cost=3603.24..3605.53 rows=916 width=121)
	        Sort Key: c
	        ->  Bitmap Heap Scan on sbtest1  (cost=29.82..3558.18 rows=916 width=121)
	              Recheck Cond: ((id >= 8419664) AND (id <= 8420663))
	              ->  Bitmap Index Scan on sbtest1_pkey  (cost=0.00..29.59 rows=916 width=0)
	                    Index Cond: ((id >= 8419664) AND (id <= 8420663))

table 2 : explain SELECT DISTINCT c FROM sbtest2 WHERE id BETWEEN 6134373 AND 6135372 ORDER BY c
	Unique  (cost=3720.91..3725.65 rows=947 width=121)
	  ->  Sort  (cost=3720.91..3723.28 rows=947 width=121)
	        Sort Key: c
	        ->  Bitmap Heap Scan on sbtest2  (cost=34.14..3674.09 rows=947 width=121)
	              Recheck Cond: ((id >= 6134373) AND (id <= 6135372))
	              ->  Bitmap Index Scan on sbtest2_pkey  (cost=0.00..33.91 rows=947 width=0)
	                    Index Cond: ((id >= 6134373) AND (id <= 6135372))

table 3 : explain SELECT DISTINCT c FROM sbtest3 WHERE id BETWEEN 3080443 AND 3081442 ORDER BY c
	Unique  (cost=3911.98..3916.97 rows=997 width=121)
	  ->  Sort  (cost=3911.98..3914.47 rows=997 width=121)
	        Sort Key: c
	        ->  Bitmap Heap Scan on sbtest3  (cost=34.65..3862.32 rows=997 width=121)
	              Recheck Cond: ((id >= 3080443) AND (id <= 3081442))
	              ->  Bitmap Index Scan on sbtest3_pkey  (cost=0.00..34.41 rows=997 width=0)
	                    Index Cond: ((id >= 3080443) AND (id <= 3081442))

table 4 : explain SELECT DISTINCT c FROM sbtest4 WHERE id BETWEEN 1079640 AND 1080639 ORDER BY c
	Unique  (cost=3752.53..3757.31 rows=955 width=121)
	  ->  Sort  (cost=3752.53..3754.92 rows=955 width=121)
	        Sort Key: c
	        ->  Bitmap Heap Scan on sbtest4  (cost=34.22..3705.26 rows=955 width=121)
	              Recheck Cond: ((id >= 1079640) AND (id <= 1080639))
	              ->  Bitmap Index Scan on sbtest4_pkey  (cost=0.00..33.98 rows=955 width=0)
	                    Index Cond: ((id >= 1079640) AND (id <= 1080639))

table 5 : explain SELECT DISTINCT c FROM sbtest5 WHERE id BETWEEN 1870641 AND 1871640 ORDER BY c
	Unique  (cost=4170.94..4176.26 rows=1064 width=121)
	  ->  Sort  (cost=4170.94..4173.60 rows=1064 width=121)
	        Sort Key: c
	        ->  Bitmap Heap Scan on sbtest5  (cost=35.34..4117.45 rows=1064 width=121)
	              Recheck Cond: ((id >= 1870641) AND (id <= 1871640))
	              ->  Bitmap Index Scan on sbtest5_pkey  (cost=0.00..35.08 rows=1064 width=0)
	                    Index Cond: ((id >= 1870641) AND (id <= 1871640))

table 6 : explain SELECT DISTINCT c FROM sbtest6 WHERE id BETWEEN 6487442 AND 6488441 ORDER BY c
	Unique  (cost=3760.27..3765.05 rows=957 width=121)
	  ->  Sort  (cost=3760.27..3762.66 rows=957 width=121)
	        Sort Key: c
	        ->  Bitmap Heap Scan on sbtest6  (cost=34.24..3712.89 rows=957 width=121)
	              Recheck Cond: ((id >= 6487442) AND (id <= 6488441))
	              ->  Bitmap Index Scan on sbtest6_pkey  (cost=0.00..34.01 rows=957 width=0)
	                    Index Cond: ((id >= 6487442) AND (id <= 6488441))

table 7 : explain SELECT DISTINCT c FROM sbtest7 WHERE id BETWEEN 7466999 AND 7467998 ORDER BY c
	Unique  (cost=4220.15..4225.53 rows=1077 width=121)
	  ->  Sort  (cost=4220.15..4222.84 rows=1077 width=121)
	        Sort Key: c
	        ->  Bitmap Heap Scan on sbtest7  (cost=35.47..4165.91 rows=1077 width=121)
	              Recheck Cond: ((id >= 7466999) AND (id <= 7467998))
	              ->  Bitmap Index Scan on sbtest7_pkey  (cost=0.00..35.20 rows=1077 width=0)
	                    Index Cond: ((id >= 7466999) AND (id <= 7467998))

table 8 : explain SELECT DISTINCT c FROM sbtest8 WHERE id BETWEEN 9131422 AND 9132421 ORDER BY c
	Unique  (cost=3696.24..3700.95 rows=941 width=121)
	  ->  Sort  (cost=3696.24..3698.59 rows=941 width=121)
	        Sort Key: c
	        ->  Bitmap Heap Scan on sbtest8  (cost=30.08..3649.76 rows=941 width=121)
	              Recheck Cond: ((id >= 9131422) AND (id <= 9132421))
	              ->  Bitmap Index Scan on sbtest8_pkey  (cost=0.00..29.84 rows=941 width=0)
	                    Index Cond: ((id >= 9131422) AND (id <= 9132421))

for point_selects
table 1 : explain SELECT c FROM sbtest1 WHERE id=5267271
	Index Scan using sbtest1_pkey on sbtest1  (cost=0.43..8.45 rows=1 width=121)
	  Index Cond: (id = 5267271)

table 2 : explain SELECT c FROM sbtest2 WHERE id=3460168
	Index Scan using sbtest2_pkey on sbtest2  (cost=0.43..8.45 rows=1 width=121)
	  Index Cond: (id = 3460168)

table 3 : explain SELECT c FROM sbtest3 WHERE id=7111963
	Index Scan using sbtest3_pkey on sbtest3  (cost=0.43..8.45 rows=1 width=121)
	  Index Cond: (id = 7111963)

table 4 : explain SELECT c FROM sbtest4 WHERE id=9844682
	Index Scan using sbtest4_pkey on sbtest4  (cost=0.43..8.45 rows=1 width=121)
	  Index Cond: (id = 9844682)

table 5 : explain SELECT c FROM sbtest5 WHERE id=6999879
	Index Scan using sbtest5_pkey on sbtest5  (cost=0.43..8.45 rows=1 width=121)
	  Index Cond: (id = 6999879)

table 6 : explain SELECT c FROM sbtest6 WHERE id=9991784
	Index Scan using sbtest6_pkey on sbtest6  (cost=0.43..8.45 rows=1 width=121)
	  Index Cond: (id = 9991784)

table 7 : explain SELECT c FROM sbtest7 WHERE id=5226397
	Index Scan using sbtest7_pkey on sbtest7  (cost=0.43..8.45 rows=1 width=121)
	  Index Cond: (id = 5226397)

table 8 : explain SELECT c FROM sbtest8 WHERE id=4331642
	Index Scan using sbtest8_pkey on sbtest8  (cost=0.43..8.45 rows=1 width=121)
	  Index Cond: (id = 4331642)

for: distinct_ranges
table 1 : explain SELECT DISTINCT c FROM sbtest1 WHERE id BETWEEN 7113654 AND 7114653 ORDER BY c
	Unique  (cost=3887.48..3892.43 rows=989 width=121)
	  ->  Sort  (cost=3887.48..3889.95 rows=989 width=121)
	        Sort Key: c
	        ->  Bitmap Heap Scan on sbtest1  (cost=34.57..3838.28 rows=989 width=121)
	              Recheck Cond: ((id >= 7113654) AND (id <= 7114653))
	              ->  Bitmap Index Scan on sbtest1_pkey  (cost=0.00..34.33 rows=989 width=0)
	                    Index Cond: ((id >= 7113654) AND (id <= 7114653))

table 2 : explain SELECT DISTINCT c FROM sbtest2 WHERE id BETWEEN 9965753 AND 9966752 ORDER BY c
	Unique  (cost=4420.22..4425.87 rows=1130 width=121)
	  ->  Sort  (cost=4420.22..4423.04 rows=1130 width=121)
	        Sort Key: c
	        ->  Bitmap Heap Scan on sbtest2  (cost=40.02..4362.92 rows=1130 width=121)
	              Recheck Cond: ((id >= 9965753) AND (id <= 9966752))
	              ->  Bitmap Index Scan on sbtest2_pkey  (cost=0.00..39.73 rows=1130 width=0)
	                    Index Cond: ((id >= 9965753) AND (id <= 9966752))

table 3 : explain SELECT DISTINCT c FROM sbtest3 WHERE id BETWEEN 6042591 AND 6043590 ORDER BY c
	Unique  (cost=4049.58..4054.74 rows=1033 width=121)
	  ->  Sort  (cost=4049.58..4052.16 rows=1033 width=121)
	        Sort Key: c
	        ->  Bitmap Heap Scan on sbtest3  (cost=35.02..3997.86 rows=1033 width=121)
	              Recheck Cond: ((id >= 6042591) AND (id <= 6043590))
	              ->  Bitmap Index Scan on sbtest3_pkey  (cost=0.00..34.77 rows=1033 width=0)
	                    Index Cond: ((id >= 6042591) AND (id <= 6043590))

table 4 : explain SELECT DISTINCT c FROM sbtest4 WHERE id BETWEEN 6339506 AND 6340505 ORDER BY c
	Unique  (cost=3572.15..3576.70 rows=909 width=121)
	  ->  Sort  (cost=3572.15..3574.42 rows=909 width=121)
	        Sort Key: c
	        ->  Bitmap Heap Scan on sbtest4  (cost=29.75..3527.48 rows=909 width=121)
	              Recheck Cond: ((id >= 6339506) AND (id <= 6340505))
	              ->  Bitmap Index Scan on sbtest4_pkey  (cost=0.00..29.52 rows=909 width=0)
	                    Index Cond: ((id >= 6339506) AND (id <= 6340505))

table 5 : explain SELECT DISTINCT c FROM sbtest5 WHERE id BETWEEN 8981397 AND 8982396 ORDER BY c
	Unique  (cost=3738.47..3743.23 rows=951 width=121)
	  ->  Sort  (cost=3738.47..3740.85 rows=951 width=121)
	        Sort Key: c
	        ->  Bitmap Heap Scan on sbtest5  (cost=34.18..3691.43 rows=951 width=121)
	              Recheck Cond: ((id >= 8981397) AND (id <= 8982396))
	              ->  Bitmap Index Scan on sbtest5_pkey  (cost=0.00..33.95 rows=951 width=0)
	                    Index Cond: ((id >= 8981397) AND (id <= 8982396))

table 6 : explain SELECT DISTINCT c FROM sbtest6 WHERE id BETWEEN 7620835 AND 7621834 ORDER BY c
	Unique  (cost=4138.98..4144.26 rows=1056 width=121)
	  ->  Sort  (cost=4138.98..4141.62 rows=1056 width=121)
	        Sort Key: c
	        ->  Bitmap Heap Scan on sbtest6  (cost=35.26..4085.95 rows=1056 width=121)
	              Recheck Cond: ((id >= 7620835) AND (id <= 7621834))
	              ->  Bitmap Index Scan on sbtest6_pkey  (cost=0.00..35.00 rows=1056 width=0)
	                    Index Cond: ((id >= 7620835) AND (id <= 7621834))

table 7 : explain SELECT DISTINCT c FROM sbtest7 WHERE id BETWEEN 8826831 AND 8827830 ORDER BY c
	Unique  (cost=3964.06..3969.11 rows=1010 width=121)
	  ->  Sort  (cost=3964.06..3966.58 rows=1010 width=121)
	        Sort Key: c
	        ->  Bitmap Heap Scan on sbtest7  (cost=34.79..3913.66 rows=1010 width=121)
	              Recheck Cond: ((id >= 8826831) AND (id <= 8827830))
	              ->  Bitmap Index Scan on sbtest7_pkey  (cost=0.00..34.54 rows=1010 width=0)
	                    Index Cond: ((id >= 8826831) AND (id <= 8827830))

table 8 : explain SELECT DISTINCT c FROM sbtest8 WHERE id BETWEEN 4673277 AND 4674276 ORDER BY c
	Unique  (cost=4087.00..4092.21 rows=1042 width=121)
	  ->  Sort  (cost=4087.00..4089.60 rows=1042 width=121)
	        Sort Key: c
	        ->  Bitmap Heap Scan on sbtest8  (cost=35.12..4034.77 rows=1042 width=121)
	              Recheck Cond: ((id >= 4673277) AND (id <= 4674276))
	              ->  Bitmap Index Scan on sbtest8_pkey  (cost=0.00..34.86 rows=1042 width=0)
	                    Index Cond: ((id >= 4673277) AND (id <= 4674276))

for: sum_ranges
table 1 : explain SELECT SUM(k) FROM sbtest1 WHERE id BETWEEN 7387192 AND 7388191
	Aggregate  (cost=3946.55..3946.56 rows=1 width=8)
	  ->  Bitmap Heap Scan on sbtest1  (cost=34.86..3944.00 rows=1017 width=4)
	        Recheck Cond: ((id >= 7387192) AND (id <= 7388191))
	        ->  Bitmap Index Scan on sbtest1_pkey  (cost=0.00..34.61 rows=1017 width=0)
	              Index Cond: ((id >= 7387192) AND (id <= 7388191))

table 2 : explain SELECT SUM(k) FROM sbtest2 WHERE id BETWEEN 5456676 AND 5457675
	Aggregate  (cost=3948.05..3948.06 rows=1 width=8)
	  ->  Bitmap Heap Scan on sbtest2  (cost=34.88..3945.51 rows=1019 width=4)
	        Recheck Cond: ((id >= 5456676) AND (id <= 5457675))
	        ->  Bitmap Index Scan on sbtest2_pkey  (cost=0.00..34.62 rows=1019 width=0)
	              Index Cond: ((id >= 5456676) AND (id <= 5457675))

table 3 : explain SELECT SUM(k) FROM sbtest3 WHERE id BETWEEN 219541 AND 220540
	Aggregate  (cost=4094.54..4094.55 rows=1 width=8)
	  ->  Bitmap Heap Scan on sbtest3  (cost=35.28..4091.89 rows=1058 width=4)
	        Recheck Cond: ((id >= 219541) AND (id <= 220540))
	        ->  Bitmap Index Scan on sbtest3_pkey  (cost=0.00..35.02 rows=1058 width=0)
	              Index Cond: ((id >= 219541) AND (id <= 220540))

table 4 : explain SELECT SUM(k) FROM sbtest4 WHERE id BETWEEN 990051 AND 991050
	Aggregate  (cost=3873.73..3873.74 rows=1 width=8)
	  ->  Bitmap Heap Scan on sbtest4  (cost=34.67..3871.23 rows=999 width=4)
	        Recheck Cond: ((id >= 990051) AND (id <= 991050))
	        ->  Bitmap Index Scan on sbtest4_pkey  (cost=0.00..34.43 rows=999 width=0)
	              Index Cond: ((id >= 990051) AND (id <= 991050))

table 5 : explain SELECT SUM(k) FROM sbtest5 WHERE id BETWEEN 2551799 AND 2552798
	Aggregate  (cost=4364.88..4364.89 rows=1 width=8)
	  ->  Bitmap Heap Scan on sbtest5  (cost=40.01..4362.06 rows=1129 width=4)
	        Recheck Cond: ((id >= 2551799) AND (id <= 2552798))
	        ->  Bitmap Index Scan on sbtest5_pkey  (cost=0.00..39.73 rows=1129 width=0)
	              Index Cond: ((id >= 2551799) AND (id <= 2552798))

table 6 : explain SELECT SUM(k) FROM sbtest6 WHERE id BETWEEN 4507760 AND 4508759
	Aggregate  (cost=3798.34..3798.35 rows=1 width=8)
	  ->  Bitmap Heap Scan on sbtest6  (cost=34.47..3795.90 rows=979 width=4)
	        Recheck Cond: ((id >= 4507760) AND (id <= 4508759))
	        ->  Bitmap Index Scan on sbtest6_pkey  (cost=0.00..34.23 rows=979 width=0)
	              Index Cond: ((id >= 4507760) AND (id <= 4508759))

table 7 : explain SELECT SUM(k) FROM sbtest7 WHERE id BETWEEN 4869082 AND 4870081
	Aggregate  (cost=3874.69..3874.70 rows=1 width=8)
	  ->  Bitmap Heap Scan on sbtest7  (cost=34.67..3872.19 rows=999 width=4)
	        Recheck Cond: ((id >= 4869082) AND (id <= 4870081))
	        ->  Bitmap Index Scan on sbtest7_pkey  (cost=0.00..34.43 rows=999 width=0)
	              Index Cond: ((id >= 4869082) AND (id <= 4870081))

table 8 : explain SELECT SUM(k) FROM sbtest8 WHERE id BETWEEN 4740446 AND 4741445
	Aggregate  (cost=3602.95..3602.96 rows=1 width=8)
	  ->  Bitmap Heap Scan on sbtest8  (cost=29.95..3600.63 rows=928 width=4)
	        Recheck Cond: ((id >= 4740446) AND (id <= 4741445))
	        ->  Bitmap Index Scan on sbtest8_pkey  (cost=0.00..29.71 rows=928 width=0)
	              Index Cond: ((id >= 4740446) AND (id <= 4741445))

for point_selects
table 1 : explain SELECT c FROM sbtest1 WHERE id=7761625
	Index Scan using sbtest1_pkey on sbtest1  (cost=0.43..8.45 rows=1 width=121)
	  Index Cond: (id = 7761625)

table 2 : explain SELECT c FROM sbtest2 WHERE id=6338349
	Index Scan using sbtest2_pkey on sbtest2  (cost=0.43..8.45 rows=1 width=121)
	  Index Cond: (id = 6338349)

table 3 : explain SELECT c FROM sbtest3 WHERE id=7803708
	Index Scan using sbtest3_pkey on sbtest3  (cost=0.43..8.45 rows=1 width=121)
	  Index Cond: (id = 7803708)

table 4 : explain SELECT c FROM sbtest4 WHERE id=9097631
	Index Scan using sbtest4_pkey on sbtest4  (cost=0.43..8.45 rows=1 width=121)
	  Index Cond: (id = 9097631)

table 5 : explain SELECT c FROM sbtest5 WHERE id=6585619
	Index Scan using sbtest5_pkey on sbtest5  (cost=0.43..8.45 rows=1 width=121)
	  Index Cond: (id = 6585619)

table 6 : explain SELECT c FROM sbtest6 WHERE id=3637886
	Index Scan using sbtest6_pkey on sbtest6  (cost=0.43..8.45 rows=1 width=121)
	  Index Cond: (id = 3637886)

table 7 : explain SELECT c FROM sbtest7 WHERE id=3026649
	Index Scan using sbtest7_pkey on sbtest7  (cost=0.43..8.45 rows=1 width=121)
	  Index Cond: (id = 3026649)

table 8 : explain SELECT c FROM sbtest8 WHERE id=5173991
	Index Scan using sbtest8_pkey on sbtest8  (cost=0.43..8.45 rows=1 width=121)
	  Index Cond: (id = 5173991)

for: distinct_ranges
table 1 : explain SELECT DISTINCT c FROM sbtest1 WHERE id BETWEEN 9306907 AND 9307906 ORDER BY c
	Unique  (cost=4224.47..4229.86 rows=1077 width=121)
	  ->  Sort  (cost=4224.47..4227.16 rows=1077 width=121)
	        Sort Key: c
	        ->  Bitmap Heap Scan on sbtest1  (cost=35.47..4170.23 rows=1077 width=121)
	              Recheck Cond: ((id >= 9306907) AND (id <= 9307906))
	              ->  Bitmap Index Scan on sbtest1_pkey  (cost=0.00..35.20 rows=1077 width=0)
	                    Index Cond: ((id >= 9306907) AND (id <= 9307906))

table 2 : explain SELECT DISTINCT c FROM sbtest2 WHERE id BETWEEN 3792491 AND 3793490 ORDER BY c
	Unique  (cost=3494.50..3498.95 rows=889 width=121)
	  ->  Sort  (cost=3494.50..3496.72 rows=889 width=121)
	        Sort Key: c
	        ->  Bitmap Heap Scan on sbtest2  (cost=29.55..3450.96 rows=889 width=121)
	              Recheck Cond: ((id >= 3792491) AND (id <= 3793490))
	              ->  Bitmap Index Scan on sbtest2_pkey  (cost=0.00..29.32 rows=889 width=0)
	                    Index Cond: ((id >= 3792491) AND (id <= 3793490))

table 3 : explain SELECT DISTINCT c FROM sbtest3 WHERE id BETWEEN 6302249 AND 6303248 ORDER BY c
	Unique  (cost=4270.93..4276.39 rows=1091 width=121)
	  ->  Sort  (cost=4270.93..4273.66 rows=1091 width=121)
	        Sort Key: c
	        ->  Bitmap Heap Scan on sbtest3  (cost=35.62..4215.89 rows=1091 width=121)
	              Recheck Cond: ((id >= 6302249) AND (id <= 6303248))
	              ->  Bitmap Index Scan on sbtest3_pkey  (cost=0.00..35.34 rows=1091 width=0)
	                    Index Cond: ((id >= 6302249) AND (id <= 6303248))

table 4 : explain SELECT DISTINCT c FROM sbtest4 WHERE id BETWEEN 1339004 AND 1340003 ORDER BY c
	Unique  (cost=3733.37..3738.12 rows=950 width=121)
	  ->  Sort  (cost=3733.37..3735.75 rows=950 width=121)
	        Sort Key: c
	        ->  Bitmap Heap Scan on sbtest4  (cost=34.17..3686.39 rows=950 width=121)
	              Recheck Cond: ((id >= 1339004) AND (id <= 1340003))
	              ->  Bitmap Index Scan on sbtest4_pkey  (cost=0.00..33.94 rows=950 width=0)
	                    Index Cond: ((id >= 1339004) AND (id <= 1340003))

table 5 : explain SELECT DISTINCT c FROM sbtest5 WHERE id BETWEEN 9880952 AND 9881951 ORDER BY c
	Unique  (cost=4002.73..4007.83 rows=1020 width=121)
	  ->  Sort  (cost=4002.73..4005.28 rows=1020 width=121)
	        Sort Key: c
	        ->  Bitmap Heap Scan on sbtest5  (cost=34.89..3951.76 rows=1020 width=121)
	              Recheck Cond: ((id >= 9880952) AND (id <= 9881951))
	              ->  Bitmap Index Scan on sbtest5_pkey  (cost=0.00..34.64 rows=1020 width=0)
	                    Index Cond: ((id >= 9880952) AND (id <= 9881951))

table 6 : explain SELECT DISTINCT c FROM sbtest6 WHERE id BETWEEN 493204 AND 494203 ORDER BY c
	Unique  (cost=3645.11..3649.75 rows=928 width=121)
	  ->  Sort  (cost=3645.11..3647.43 rows=928 width=121)
	        Sort Key: c
	        ->  Bitmap Heap Scan on sbtest6  (cost=29.95..3599.37 rows=928 width=121)
	              Recheck Cond: ((id >= 493204) AND (id <= 494203))
	              ->  Bitmap Index Scan on sbtest6_pkey  (cost=0.00..29.71 rows=928 width=0)
	                    Index Cond: ((id >= 493204) AND (id <= 494203))

table 7 : explain SELECT DISTINCT c FROM sbtest7 WHERE id BETWEEN 8442616 AND 8443615 ORDER BY c
	Unique  (cost=3665.08..3669.74 rows=933 width=121)
	  ->  Sort  (cost=3665.08..3667.41 rows=933 width=121)
	        Sort Key: c
	        ->  Bitmap Heap Scan on sbtest7  (cost=30.00..3619.05 rows=933 width=121)
	              Recheck Cond: ((id >= 8442616) AND (id <= 8443615))
	              ->  Bitmap Index Scan on sbtest7_pkey  (cost=0.00..29.76 rows=933 width=0)
	                    Index Cond: ((id >= 8442616) AND (id <= 8443615))

table 8 : explain SELECT DISTINCT c FROM sbtest8 WHERE id BETWEEN 8402806 AND 8403805 ORDER BY c
	Unique  (cost=3634.86..3639.48 rows=925 width=121)
	  ->  Sort  (cost=3634.86..3637.17 rows=925 width=121)
	        Sort Key: c
	        ->  Bitmap Heap Scan on sbtest8  (cost=29.92..3589.29 rows=925 width=121)
	              Recheck Cond: ((id >= 8402806) AND (id <= 8403805))
	              ->  Bitmap Index Scan on sbtest8_pkey  (cost=0.00..29.68 rows=925 width=0)
	                    Index Cond: ((id >= 8402806) AND (id <= 8403805))

explain: for point_selects :: explain SELECT c FROM sbtest%u WHERE id=%u
for: order_ranges
table 1 : explain SELECT c FROM sbtest1 WHERE id BETWEEN 5165607 AND 5166606 ORDER BY c
	Sort  (cost=3937.32..3939.83 rows=1002 width=121)
	  Sort Key: c
	  ->  Bitmap Heap Scan on sbtest1  (cost=34.71..3887.38 rows=1002 width=121)
	        Recheck Cond: ((id >= 5165607) AND (id <= 5166606))
	        ->  Bitmap Index Scan on sbtest1_pkey  (cost=0.00..34.45 rows=1002 width=0)
	              Index Cond: ((id >= 5165607) AND (id <= 5166606))

table 2 : explain SELECT c FROM sbtest2 WHERE id BETWEEN 8108250 AND 8109249 ORDER BY c
	Sort  (cost=4011.71..4014.26 rows=1023 width=121)
	  Sort Key: c
	  ->  Bitmap Heap Scan on sbtest2  (cost=34.92..3960.56 rows=1023 width=121)
	        Recheck Cond: ((id >= 8108250) AND (id <= 8109249))
	        ->  Bitmap Index Scan on sbtest2_pkey  (cost=0.00..34.67 rows=1023 width=0)
	              Index Cond: ((id >= 8108250) AND (id <= 8109249))

table 3 : explain SELECT c FROM sbtest3 WHERE id BETWEEN 4441850 AND 4442849 ORDER BY c
	Sort  (cost=3904.33..3906.82 rows=995 width=121)
	  Sort Key: c
	  ->  Bitmap Heap Scan on sbtest3  (cost=34.63..3854.79 rows=995 width=121)
	        Recheck Cond: ((id >= 4441850) AND (id <= 4442849))
	        ->  Bitmap Index Scan on sbtest3_pkey  (cost=0.00..34.39 rows=995 width=0)
	              Index Cond: ((id >= 4441850) AND (id <= 4442849))

table 4 : explain SELECT c FROM sbtest4 WHERE id BETWEEN 7661860 AND 7662859 ORDER BY c
	Sort  (cost=4077.77..4080.37 rows=1040 width=121)
	  Sort Key: c
	  ->  Bitmap Heap Scan on sbtest4  (cost=35.09..4025.65 rows=1040 width=121)
	        Recheck Cond: ((id >= 7661860) AND (id <= 7662859))
	        ->  Bitmap Index Scan on sbtest4_pkey  (cost=0.00..34.84 rows=1040 width=0)
	              Index Cond: ((id >= 7661860) AND (id <= 7662859))

table 5 : explain SELECT c FROM sbtest5 WHERE id BETWEEN 444897 AND 445896 ORDER BY c
	Sort  (cost=3857.27..3859.72 rows=982 width=121)
	  Sort Key: c
	  ->  Bitmap Heap Scan on sbtest5  (cost=34.50..3808.46 rows=982 width=121)
	        Recheck Cond: ((id >= 444897) AND (id <= 445896))
	        ->  Bitmap Index Scan on sbtest5_pkey  (cost=0.00..34.26 rows=982 width=0)
	              Index Cond: ((id >= 444897) AND (id <= 445896))

table 6 : explain SELECT c FROM sbtest6 WHERE id BETWEEN 3803988 AND 3804987 ORDER BY c
	Sort  (cost=4020.52..4023.08 rows=1025 width=121)
	  Sort Key: c
	  ->  Bitmap Heap Scan on sbtest6  (cost=34.94..3969.26 rows=1025 width=121)
	        Recheck Cond: ((id >= 3803988) AND (id <= 3804987))
	        ->  Bitmap Index Scan on sbtest6_pkey  (cost=0.00..34.69 rows=1025 width=0)
	              Index Cond: ((id >= 3803988) AND (id <= 3804987))

table 7 : explain SELECT c FROM sbtest7 WHERE id BETWEEN 976899 AND 977898 ORDER BY c
	Sort  (cost=3715.10..3717.46 rows=945 width=121)
	  Sort Key: c
	  ->  Bitmap Heap Scan on sbtest7  (cost=34.12..3668.39 rows=945 width=121)
	        Recheck Cond: ((id >= 976899) AND (id <= 977898))
	        ->  Bitmap Index Scan on sbtest7_pkey  (cost=0.00..33.89 rows=945 width=0)
	              Index Cond: ((id >= 976899) AND (id <= 977898))

table 8 : explain SELECT c FROM sbtest8 WHERE id BETWEEN 3800590 AND 3801589 ORDER BY c
	Sort  (cost=4171.08..4173.74 rows=1064 width=121)
	  Sort Key: c
	  ->  Bitmap Heap Scan on sbtest8  (cost=35.34..4117.59 rows=1064 width=121)
	        Recheck Cond: ((id >= 3800590) AND (id <= 3801589))
	        ->  Bitmap Index Scan on sbtest8_pkey  (cost=0.00..35.08 rows=1064 width=0)
	              Index Cond: ((id >= 3800590) AND (id <= 3801589))

for: simple_ranges
table 1 : explain SELECT c FROM sbtest1 WHERE id BETWEEN 4657364 AND 4658363
	Bitmap Heap Scan on sbtest1  (cost=34.70..3883.60 rows=1001 width=121)
	  Recheck Cond: ((id >= 4657364) AND (id <= 4658363))
	  ->  Bitmap Index Scan on sbtest1_pkey  (cost=0.00..34.45 rows=1001 width=0)
	        Index Cond: ((id >= 4657364) AND (id <= 4658363))

table 2 : explain SELECT c FROM sbtest2 WHERE id BETWEEN 8194285 AND 8195284
	Bitmap Heap Scan on sbtest2  (cost=34.98..3983.15 rows=1029 width=121)
	  Recheck Cond: ((id >= 8194285) AND (id <= 8195284))
	  ->  Bitmap Index Scan on sbtest2_pkey  (cost=0.00..34.73 rows=1029 width=0)
	        Index Cond: ((id >= 8194285) AND (id <= 8195284))

table 3 : explain SELECT c FROM sbtest3 WHERE id BETWEEN 1779153 AND 1780152
	Bitmap Heap Scan on sbtest3  (cost=30.07..3643.38 rows=940 width=121)
	  Recheck Cond: ((id >= 1779153) AND (id <= 1780152))
	  ->  Bitmap Index Scan on sbtest3_pkey  (cost=0.00..29.83 rows=940 width=0)
	        Index Cond: ((id >= 1779153) AND (id <= 1780152))

table 4 : explain SELECT c FROM sbtest4 WHERE id BETWEEN 3488769 AND 3489768
	Bitmap Heap Scan on sbtest4  (cost=34.34..3746.78 rows=966 width=121)
	  Recheck Cond: ((id >= 3488769) AND (id <= 3489768))
	  ->  Bitmap Index Scan on sbtest4_pkey  (cost=0.00..34.09 rows=966 width=0)
	        Index Cond: ((id >= 3488769) AND (id <= 3489768))

table 5 : explain SELECT c FROM sbtest5 WHERE id BETWEEN 4617753 AND 4618752
	Bitmap Heap Scan on sbtest5  (cost=34.88..3947.99 rows=1019 width=121)
	  Recheck Cond: ((id >= 4617753) AND (id <= 4618752))
	  ->  Bitmap Index Scan on sbtest5_pkey  (cost=0.00..34.62 rows=1019 width=0)
	        Index Cond: ((id >= 4617753) AND (id <= 4618752))

table 6 : explain SELECT c FROM sbtest6 WHERE id BETWEEN 686827 AND 687826
	Bitmap Heap Scan on sbtest6  (cost=34.53..3818.53 rows=985 width=121)
	  Recheck Cond: ((id >= 686827) AND (id <= 687826))
	  ->  Bitmap Index Scan on sbtest6_pkey  (cost=0.00..34.29 rows=985 width=0)
	        Index Cond: ((id >= 686827) AND (id <= 687826))

table 7 : explain SELECT c FROM sbtest7 WHERE id BETWEEN 7862624 AND 7863623
	Bitmap Heap Scan on sbtest7  (cost=34.12..3668.39 rows=945 width=121)
	  Recheck Cond: ((id >= 7862624) AND (id <= 7863623))
	  ->  Bitmap Index Scan on sbtest7_pkey  (cost=0.00..33.89 rows=945 width=0)
	        Index Cond: ((id >= 7862624) AND (id <= 7863623))

table 8 : explain SELECT c FROM sbtest8 WHERE id BETWEEN 2263021 AND 2264020
	Bitmap Heap Scan on sbtest8  (cost=35.05..4012.17 rows=1036 width=121)
	  Recheck Cond: ((id >= 2263021) AND (id <= 2264020))
	  ->  Bitmap Index Scan on sbtest8_pkey  (cost=0.00..34.80 rows=1036 width=0)
	        Index Cond: ((id >= 2263021) AND (id <= 2264020))

for: order_ranges
table 1 : explain SELECT c FROM sbtest1 WHERE id BETWEEN 2340691 AND 2341690 ORDER BY c
	Sort  (cost=3921.99..3924.48 rows=998 width=121)
	  Sort Key: c
	  ->  Bitmap Heap Scan on sbtest1  (cost=34.66..3872.27 rows=998 width=121)
	        Recheck Cond: ((id >= 2340691) AND (id <= 2341690))
	        ->  Bitmap Index Scan on sbtest1_pkey  (cost=0.00..34.42 rows=998 width=0)
	              Index Cond: ((id >= 2340691) AND (id <= 2341690))

table 2 : explain SELECT c FROM sbtest2 WHERE id BETWEEN 1805292 AND 1806291 ORDER BY c
	Sort  (cost=3946.72..3949.24 rows=1006 width=121)
	  Sort Key: c
	  ->  Bitmap Heap Scan on sbtest2  (cost=34.75..3896.55 rows=1006 width=121)
	        Recheck Cond: ((id >= 1805292) AND (id <= 1806291))
	        ->  Bitmap Index Scan on sbtest2_pkey  (cost=0.00..34.50 rows=1006 width=0)
	              Index Cond: ((id >= 1805292) AND (id <= 1806291))

table 3 : explain SELECT c FROM sbtest3 WHERE id BETWEEN 7016981 AND 7017980 ORDER BY c
	Sort  (cost=4396.79..4399.60 rows=1125 width=121)
	  Sort Key: c
	  ->  Bitmap Heap Scan on sbtest3  (cost=35.97..4339.77 rows=1125 width=121)
	        Recheck Cond: ((id >= 7016981) AND (id <= 7017980))
	        ->  Bitmap Index Scan on sbtest3_pkey  (cost=0.00..35.69 rows=1125 width=0)
	              Index Cond: ((id >= 7016981) AND (id <= 7017980))

table 4 : explain SELECT c FROM sbtest4 WHERE id BETWEEN 3748142 AND 3749141 ORDER BY c
	Sort  (cost=3787.01..3789.42 rows=964 width=121)
	  Sort Key: c
	  ->  Bitmap Heap Scan on sbtest4  (cost=34.32..3739.23 rows=964 width=121)
	        Recheck Cond: ((id >= 3748142) AND (id <= 3749141))
	        ->  Bitmap Index Scan on sbtest4_pkey  (cost=0.00..34.08 rows=964 width=0)
	              Index Cond: ((id >= 3748142) AND (id <= 3749141))

table 5 : explain SELECT c FROM sbtest5 WHERE id BETWEEN 1956838 AND 1957837 ORDER BY c
	Sort  (cost=4014.21..4016.76 rows=1023 width=121)
	  Sort Key: c
	  ->  Bitmap Heap Scan on sbtest5  (cost=34.92..3963.06 rows=1023 width=121)
	        Recheck Cond: ((id >= 1956838) AND (id <= 1957837))
	        ->  Bitmap Index Scan on sbtest5_pkey  (cost=0.00..34.67 rows=1023 width=0)
	              Index Cond: ((id >= 1956838) AND (id <= 1957837))

table 6 : explain SELECT c FROM sbtest6 WHERE id BETWEEN 5436420 AND 5437419 ORDER BY c
	Sort  (cost=3940.21..3942.72 rows=1004 width=121)
	  Sort Key: c
	  ->  Bitmap Heap Scan on sbtest6  (cost=34.73..3890.15 rows=1004 width=121)
	        Recheck Cond: ((id >= 5436420) AND (id <= 5437419))
	        ->  Bitmap Index Scan on sbtest6_pkey  (cost=0.00..34.48 rows=1004 width=0)
	              Index Cond: ((id >= 5436420) AND (id <= 5437419))

table 7 : explain SELECT c FROM sbtest7 WHERE id BETWEEN 5104106 AND 5105105 ORDER BY c
	Sort  (cost=4166.68..4169.34 rows=1063 width=121)
	  Sort Key: c
	  ->  Bitmap Heap Scan on sbtest7  (cost=35.33..4113.24 rows=1063 width=121)
	        Recheck Cond: ((id >= 5104106) AND (id <= 5105105))
	        ->  Bitmap Index Scan on sbtest7_pkey  (cost=0.00..35.07 rows=1063 width=0)
	              Index Cond: ((id >= 5104106) AND (id <= 5105105))

table 8 : explain SELECT c FROM sbtest8 WHERE id BETWEEN 5401168 AND 5402167 ORDER BY c
	Sort  (cost=4258.93..4261.64 rows=1087 width=121)
	  Sort Key: c
	  ->  Bitmap Heap Scan on sbtest8  (cost=35.58..4204.11 rows=1087 width=121)
	        Recheck Cond: ((id >= 5401168) AND (id <= 5402167))
	        ->  Bitmap Index Scan on sbtest8_pkey  (cost=0.00..35.31 rows=1087 width=0)
	              Index Cond: ((id >= 5401168) AND (id <= 5402167))

for point_selects
table 1 : explain SELECT c FROM sbtest1 WHERE id=507499
	Index Scan using sbtest1_pkey on sbtest1  (cost=0.43..8.45 rows=1 width=121)
	  Index Cond: (id = 507499)

table 2 : explain SELECT c FROM sbtest2 WHERE id=7310316
	Index Scan using sbtest2_pkey on sbtest2  (cost=0.43..8.45 rows=1 width=121)
	  Index Cond: (id = 7310316)

table 3 : explain SELECT c FROM sbtest3 WHERE id=4401416
	Index Scan using sbtest3_pkey on sbtest3  (cost=0.43..8.45 rows=1 width=121)
	  Index Cond: (id = 4401416)

table 4 : explain SELECT c FROM sbtest4 WHERE id=4093588
	Index Scan using sbtest4_pkey on sbtest4  (cost=0.43..8.45 rows=1 width=121)
	  Index Cond: (id = 4093588)

table 5 : explain SELECT c FROM sbtest5 WHERE id=7225373
	Index Scan using sbtest5_pkey on sbtest5  (cost=0.43..8.45 rows=1 width=121)
	  Index Cond: (id = 7225373)

table 6 : explain SELECT c FROM sbtest6 WHERE id=6968452
	Index Scan using sbtest6_pkey on sbtest6  (cost=0.43..8.45 rows=1 width=121)
	  Index Cond: (id = 6968452)

table 7 : explain SELECT c FROM sbtest7 WHERE id=6625445
	Index Scan using sbtest7_pkey on sbtest7  (cost=0.43..8.45 rows=1 width=121)
	  Index Cond: (id = 6625445)

table 8 : explain SELECT c FROM sbtest8 WHERE id=7546568
	Index Scan using sbtest8_pkey on sbtest8  (cost=0.43..8.45 rows=1 width=121)
	  Index Cond: (id = 7546568)

for: simple_ranges
table 1 : explain SELECT c FROM sbtest1 WHERE id BETWEEN 5154782 AND 5155781
	Bitmap Heap Scan on sbtest1  (cost=34.71..3887.38 rows=1002 width=121)
	  Recheck Cond: ((id >= 5154782) AND (id <= 5155781))
	  ->  Bitmap Index Scan on sbtest1_pkey  (cost=0.00..34.45 rows=1002 width=0)
	        Index Cond: ((id >= 5154782) AND (id <= 5155781))

table 2 : explain SELECT c FROM sbtest2 WHERE id BETWEEN 3130869 AND 3131868
	Bitmap Heap Scan on sbtest2  (cost=34.56..3828.73 rows=988 width=121)
	  Recheck Cond: ((id >= 3130869) AND (id <= 3131868))
	  ->  Bitmap Index Scan on sbtest2_pkey  (cost=0.00..34.32 rows=988 width=0)
	        Index Cond: ((id >= 3130869) AND (id <= 3131868))

table 3 : explain SELECT c FROM sbtest3 WHERE id BETWEEN 947112 AND 948111
	Bitmap Heap Scan on sbtest3  (cost=34.81..3918.82 rows=1012 width=121)
	  Recheck Cond: ((id >= 947112) AND (id <= 948111))
	  ->  Bitmap Index Scan on sbtest3_pkey  (cost=0.00..34.56 rows=1012 width=0)
	        Index Cond: ((id >= 947112) AND (id <= 948111))

table 4 : explain SELECT c FROM sbtest4 WHERE id BETWEEN 6361397 AND 6362396
	Bitmap Heap Scan on sbtest4  (cost=35.32..4108.43 rows=1062 width=121)
	  Recheck Cond: ((id >= 6361397) AND (id <= 6362396))
	  ->  Bitmap Index Scan on sbtest4_pkey  (cost=0.00..35.06 rows=1062 width=0)
	        Index Cond: ((id >= 6361397) AND (id <= 6362396))

table 5 : explain SELECT c FROM sbtest5 WHERE id BETWEEN 1501463 AND 1502462
	Bitmap Heap Scan on sbtest5  (cost=34.26..3721.64 rows=959 width=121)
	  Recheck Cond: ((id >= 1501463) AND (id <= 1502462))
	  ->  Bitmap Index Scan on sbtest5_pkey  (cost=0.00..34.03 rows=959 width=0)
	        Index Cond: ((id >= 1501463) AND (id <= 1502462))

table 6 : explain SELECT c FROM sbtest6 WHERE id BETWEEN 5351395 AND 5352394
	Bitmap Heap Scan on sbtest6  (cost=35.15..4044.56 rows=1045 width=121)
	  Recheck Cond: ((id >= 5351395) AND (id <= 5352394))
	  ->  Bitmap Index Scan on sbtest6_pkey  (cost=0.00..34.89 rows=1045 width=0)
	        Index Cond: ((id >= 5351395) AND (id <= 5352394))

table 7 : explain SELECT c FROM sbtest7 WHERE id BETWEEN 3079180 AND 3080179
	Bitmap Heap Scan on sbtest7  (cost=34.30..3732.59 rows=962 width=121)
	  Recheck Cond: ((id >= 3079180) AND (id <= 3080179))
	  ->  Bitmap Index Scan on sbtest7_pkey  (cost=0.00..34.06 rows=962 width=0)
	        Index Cond: ((id >= 3079180) AND (id <= 3080179))

table 8 : explain SELECT c FROM sbtest8 WHERE id BETWEEN 1633403 AND 1634402
	Bitmap Heap Scan on sbtest8  (cost=34.22..3706.65 rows=955 width=121)
	  Recheck Cond: ((id >= 1633403) AND (id <= 1634402))
	  ->  Bitmap Index Scan on sbtest8_pkey  (cost=0.00..33.98 rows=955 width=0)
	        Index Cond: ((id >= 1633403) AND (id <= 1634402))

for: distinct_ranges
table 1 : explain SELECT DISTINCT c FROM sbtest1 WHERE id BETWEEN 8005010 AND 8006009 ORDER BY c
	Unique  (cost=3979.48..3984.54 rows=1013 width=121)
	  ->  Sort  (cost=3979.48..3982.01 rows=1013 width=121)
	        Sort Key: c
	        ->  Bitmap Heap Scan on sbtest1  (cost=34.82..3928.91 rows=1013 width=121)
	              Recheck Cond: ((id >= 8005010) AND (id <= 8006009))
	              ->  Bitmap Index Scan on sbtest1_pkey  (cost=0.00..34.57 rows=1013 width=0)
	                    Index Cond: ((id >= 8005010) AND (id <= 8006009))

table 2 : explain SELECT DISTINCT c FROM sbtest2 WHERE id BETWEEN 3957892 AND 3958891 ORDER BY c
	Unique  (cost=3889.35..3894.31 rows=991 width=121)
	  ->  Sort  (cost=3889.35..3891.83 rows=991 width=121)
	        Sort Key: c
	        ->  Bitmap Heap Scan on sbtest2  (cost=34.59..3840.04 rows=991 width=121)
	              Recheck Cond: ((id >= 3957892) AND (id <= 3958891))
	              ->  Bitmap Index Scan on sbtest2_pkey  (cost=0.00..34.34 rows=991 width=0)
	                    Index Cond: ((id >= 3957892) AND (id <= 3958891))

table 3 : explain SELECT DISTINCT c FROM sbtest3 WHERE id BETWEEN 9409801 AND 9410800 ORDER BY c
	Unique  (cost=3919.63..3924.63 rows=999 width=121)
	  ->  Sort  (cost=3919.63..3922.13 rows=999 width=121)
	        Sort Key: c
	        ->  Bitmap Heap Scan on sbtest3  (cost=34.67..3869.86 rows=999 width=121)
	              Recheck Cond: ((id >= 9409801) AND (id <= 9410800))
	              ->  Bitmap Index Scan on sbtest3_pkey  (cost=0.00..34.43 rows=999 width=0)
	                    Index Cond: ((id >= 9409801) AND (id <= 9410800))

table 4 : explain SELECT DISTINCT c FROM sbtest4 WHERE id BETWEEN 3769039 AND 3770038 ORDER BY c
	Unique  (cost=3787.01..3791.83 rows=964 width=121)
	  ->  Sort  (cost=3787.01..3789.42 rows=964 width=121)
	        Sort Key: c
	        ->  Bitmap Heap Scan on sbtest4  (cost=34.32..3739.23 rows=964 width=121)
	              Recheck Cond: ((id >= 3769039) AND (id <= 3770038))
	              ->  Bitmap Index Scan on sbtest4_pkey  (cost=0.00..34.08 rows=964 width=0)
	                    Index Cond: ((id >= 3769039) AND (id <= 3770038))

table 5 : explain SELECT DISTINCT c FROM sbtest5 WHERE id BETWEEN 8461802 AND 8462801 ORDER BY c
	Unique  (cost=4128.91..4134.18 rows=1053 width=121)
	  ->  Sort  (cost=4128.91..4131.55 rows=1053 width=121)
	        Sort Key: c
	        ->  Bitmap Heap Scan on sbtest5  (cost=35.23..4076.05 rows=1053 width=121)
	              Recheck Cond: ((id >= 8461802) AND (id <= 8462801))
	              ->  Bitmap Index Scan on sbtest5_pkey  (cost=0.00..34.97 rows=1053 width=0)
	                    Index Cond: ((id >= 8461802) AND (id <= 8462801))

table 6 : explain SELECT DISTINCT c FROM sbtest6 WHERE id BETWEEN 4944259 AND 4945258 ORDER BY c
	Unique  (cost=4242.06..4247.48 rows=1083 width=121)
	  ->  Sort  (cost=4242.06..4244.77 rows=1083 width=121)
	        Sort Key: c
	        ->  Bitmap Heap Scan on sbtest6  (cost=35.54..4187.47 rows=1083 width=121)
	              Recheck Cond: ((id >= 4944259) AND (id <= 4945258))
	              ->  Bitmap Index Scan on sbtest6_pkey  (cost=0.00..35.27 rows=1083 width=0)
	                    Index Cond: ((id >= 4944259) AND (id <= 4945258))

table 7 : explain SELECT DISTINCT c FROM sbtest7 WHERE id BETWEEN 2127996 AND 2128995 ORDER BY c
	Unique  (cost=3615.20..3619.80 rows=920 width=121)
	  ->  Sort  (cost=3615.20..3617.50 rows=920 width=121)
	        Sort Key: c
	        ->  Bitmap Heap Scan on sbtest7  (cost=29.87..3569.91 rows=920 width=121)
	              Recheck Cond: ((id >= 2127996) AND (id <= 2128995))
	              ->  Bitmap Index Scan on sbtest7_pkey  (cost=0.00..29.64 rows=920 width=0)
	                    Index Cond: ((id >= 2127996) AND (id <= 2128995))

table 8 : explain SELECT DISTINCT c FROM sbtest8 WHERE id BETWEEN 1153214 AND 1154213 ORDER BY c
	Unique  (cost=4178.72..4184.05 rows=1066 width=121)
	  ->  Sort  (cost=4178.72..4181.39 rows=1066 width=121)
	        Sort Key: c
	        ->  Bitmap Heap Scan on sbtest8  (cost=35.36..4125.11 rows=1066 width=121)
	              Recheck Cond: ((id >= 1153214) AND (id <= 1154213))
	              ->  Bitmap Index Scan on sbtest8_pkey  (cost=0.00..35.09 rows=1066 width=0)
	                    Index Cond: ((id >= 1153214) AND (id <= 1154213))

for: distinct_ranges
table 1 : explain SELECT DISTINCT c FROM sbtest1 WHERE id BETWEEN 3793859 AND 3794858 ORDER BY c
	Unique  (cost=3664.72..3669.38 rows=932 width=121)
	  ->  Sort  (cost=3664.72..3667.05 rows=932 width=121)
	        Sort Key: c
	        ->  Bitmap Heap Scan on sbtest1  (cost=29.99..3618.75 rows=932 width=121)
	              Recheck Cond: ((id >= 3793859) AND (id <= 3794858))
	              ->  Bitmap Index Scan on sbtest1_pkey  (cost=0.00..29.75 rows=932 width=0)
	                    Index Cond: ((id >= 3793859) AND (id <= 3794858))

table 2 : explain SELECT DISTINCT c FROM sbtest2 WHERE id BETWEEN 8781960 AND 8782959 ORDER BY c
	Unique  (cost=4343.82..4349.38 rows=1111 width=121)
	  ->  Sort  (cost=4343.82..4346.60 rows=1111 width=121)
	        Sort Key: c
	        ->  Bitmap Heap Scan on sbtest2  (cost=35.82..4287.62 rows=1111 width=121)
	              Recheck Cond: ((id >= 8781960) AND (id <= 8782959))
	              ->  Bitmap Index Scan on sbtest2_pkey  (cost=0.00..35.55 rows=1111 width=0)
	                    Index Cond: ((id >= 8781960) AND (id <= 8782959))

table 3 : explain SELECT DISTINCT c FROM sbtest3 WHERE id BETWEEN 702366 AND 703365 ORDER BY c
	Unique  (cost=3712.95..3717.68 rows=945 width=121)
	  ->  Sort  (cost=3712.95..3715.31 rows=945 width=121)
	        Sort Key: c
	        ->  Bitmap Heap Scan on sbtest3  (cost=34.12..3666.25 rows=945 width=121)
	              Recheck Cond: ((id >= 702366) AND (id <= 703365))
	              ->  Bitmap Index Scan on sbtest3_pkey  (cost=0.00..33.89 rows=945 width=0)
	                    Index Cond: ((id >= 702366) AND (id <= 703365))

table 4 : explain SELECT DISTINCT c FROM sbtest4 WHERE id BETWEEN 2576938 AND 2577937 ORDER BY c
	Unique  (cost=3855.94..3860.85 rows=982 width=121)
	  ->  Sort  (cost=3855.94..3858.39 rows=982 width=121)
	        Sort Key: c
	        ->  Bitmap Heap Scan on sbtest4  (cost=34.50..3807.14 rows=982 width=121)
	              Recheck Cond: ((id >= 2576938) AND (id <= 2577937))
	              ->  Bitmap Index Scan on sbtest4_pkey  (cost=0.00..34.26 rows=982 width=0)
	                    Index Cond: ((id >= 2576938) AND (id <= 2577937))

table 5 : explain SELECT DISTINCT c FROM sbtest5 WHERE id BETWEEN 5276753 AND 5277752 ORDER BY c
	Unique  (cost=3876.42..3881.35 rows=987 width=121)
	  ->  Sort  (cost=3876.42..3878.89 rows=987 width=121)
	        Sort Key: c
	        ->  Bitmap Heap Scan on sbtest5  (cost=34.55..3827.33 rows=987 width=121)
	              Recheck Cond: ((id >= 5276753) AND (id <= 5277752))
	              ->  Bitmap Index Scan on sbtest5_pkey  (cost=0.00..34.31 rows=987 width=0)
	                    Index Cond: ((id >= 5276753) AND (id <= 5277752))

table 6 : explain SELECT DISTINCT c FROM sbtest6 WHERE id BETWEEN 3364394 AND 3365393 ORDER BY c
	Unique  (cost=3760.27..3765.05 rows=957 width=121)
	  ->  Sort  (cost=3760.27..3762.66 rows=957 width=121)
	        Sort Key: c
	        ->  Bitmap Heap Scan on sbtest6  (cost=34.24..3712.89 rows=957 width=121)
	              Recheck Cond: ((id >= 3364394) AND (id <= 3365393))
	              ->  Bitmap Index Scan on sbtest6_pkey  (cost=0.00..34.01 rows=957 width=0)
	                    Index Cond: ((id >= 3364394) AND (id <= 3365393))

table 7 : explain SELECT DISTINCT c FROM sbtest7 WHERE id BETWEEN 9517994 AND 9518993 ORDER BY c
	Unique  (cost=3944.92..3949.95 rows=1005 width=121)
	  ->  Sort  (cost=3944.92..3947.44 rows=1005 width=121)
	        Sort Key: c
	        ->  Bitmap Heap Scan on sbtest7  (cost=34.74..3894.81 rows=1005 width=121)
	              Recheck Cond: ((id >= 9517994) AND (id <= 9518993))
	              ->  Bitmap Index Scan on sbtest7_pkey  (cost=0.00..34.48 rows=1005 width=0)
	                    Index Cond: ((id >= 9517994) AND (id <= 9518993))

table 8 : explain SELECT DISTINCT c FROM sbtest8 WHERE id BETWEEN 7883064 AND 7884063 ORDER BY c
	Unique  (cost=3972.25..3977.31 rows=1012 width=121)
	  ->  Sort  (cost=3972.25..3974.78 rows=1012 width=121)
	        Sort Key: c
	        ->  Bitmap Heap Scan on sbtest8  (cost=34.81..3921.73 rows=1012 width=121)
	              Recheck Cond: ((id >= 7883064) AND (id <= 7884063))
	              ->  Bitmap Index Scan on sbtest8_pkey  (cost=0.00..34.56 rows=1012 width=0)
	                    Index Cond: ((id >= 7883064) AND (id <= 7884063))

for: sum_ranges
table 1 : explain SELECT SUM(k) FROM sbtest1 WHERE id BETWEEN 1754922 AND 1755921
	Aggregate  (cost=3768.91..3768.92 rows=1 width=8)
	  ->  Bitmap Heap Scan on sbtest1  (cost=34.38..3766.48 rows=970 width=4)
	        Recheck Cond: ((id >= 1754922) AND (id <= 1755921))
	        ->  Bitmap Index Scan on sbtest1_pkey  (cost=0.00..34.14 rows=970 width=0)
	              Index Cond: ((id >= 1754922) AND (id <= 1755921))

table 2 : explain SELECT SUM(k) FROM sbtest2 WHERE id BETWEEN 7540693 AND 7541692
	Aggregate  (cost=4132.51..4132.52 rows=1 width=8)
	  ->  Bitmap Heap Scan on sbtest2  (cost=35.38..4129.84 rows=1068 width=4)
	        Recheck Cond: ((id >= 7540693) AND (id <= 7541692))
	        ->  Bitmap Index Scan on sbtest2_pkey  (cost=0.00..35.12 rows=1068 width=0)
	              Index Cond: ((id >= 7540693) AND (id <= 7541692))

table 3 : explain SELECT SUM(k) FROM sbtest3 WHERE id BETWEEN 6742290 AND 6743289
	Aggregate  (cost=4301.29..4301.30 rows=1 width=8)
	  ->  Bitmap Heap Scan on sbtest3  (cost=35.85..4298.50 rows=1114 width=4)
	        Recheck Cond: ((id >= 6742290) AND (id <= 6743289))
	        ->  Bitmap Index Scan on sbtest3_pkey  (cost=0.00..35.58 rows=1114 width=0)
	              Index Cond: ((id >= 6742290) AND (id <= 6743289))

table 4 : explain SELECT SUM(k) FROM sbtest4 WHERE id BETWEEN 6587929 AND 6588928
	Aggregate  (cost=4001.89..4001.90 rows=1 width=8)
	  ->  Bitmap Heap Scan on sbtest4  (cost=35.02..3999.30 rows=1033 width=4)
	        Recheck Cond: ((id >= 6587929) AND (id <= 6588928))
	        ->  Bitmap Index Scan on sbtest4_pkey  (cost=0.00..34.77 rows=1033 width=0)
	              Index Cond: ((id >= 6587929) AND (id <= 6588928))

table 5 : explain SELECT SUM(k) FROM sbtest5 WHERE id BETWEEN 503402 AND 504401
	Aggregate  (cost=3984.47..3984.48 rows=1 width=8)
	  ->  Bitmap Heap Scan on sbtest5  (cost=34.97..3981.90 rows=1028 width=4)
	        Recheck Cond: ((id >= 503402) AND (id <= 504401))
	        ->  Bitmap Index Scan on sbtest5_pkey  (cost=0.00..34.72 rows=1028 width=0)
	              Index Cond: ((id >= 503402) AND (id <= 504401))

table 6 : explain SELECT SUM(k) FROM sbtest6 WHERE id BETWEEN 143301 AND 144300
	Aggregate  (cost=4069.76..4069.77 rows=1 width=8)
	  ->  Bitmap Heap Scan on sbtest6  (cost=35.21..4067.13 rows=1051 width=4)
	        Recheck Cond: ((id >= 143301) AND (id <= 144300))
	        ->  Bitmap Index Scan on sbtest6_pkey  (cost=0.00..34.95 rows=1051 width=0)
	              Index Cond: ((id >= 143301) AND (id <= 144300))

table 7 : explain SELECT SUM(k) FROM sbtest7 WHERE id BETWEEN 1535350 AND 1536349
	Aggregate  (cost=3844.50..3844.51 rows=1 width=8)
	  ->  Bitmap Heap Scan on sbtest7  (cost=34.59..3842.02 rows=991 width=4)
	        Recheck Cond: ((id >= 1535350) AND (id <= 1536349))
	        ->  Bitmap Index Scan on sbtest7_pkey  (cost=0.00..34.34 rows=991 width=0)
	              Index Cond: ((id >= 1535350) AND (id <= 1536349))

table 8 : explain SELECT SUM(k) FROM sbtest8 WHERE id BETWEEN 4340436 AND 4341435
	Aggregate  (cost=3436.37..3436.38 rows=1 width=8)
	  ->  Bitmap Heap Scan on sbtest8  (cost=29.50..3434.16 rows=884 width=4)
	        Recheck Cond: ((id >= 4340436) AND (id <= 4341435))
	        ->  Bitmap Index Scan on sbtest8_pkey  (cost=0.00..29.27 rows=884 width=0)
	              Index Cond: ((id >= 4340436) AND (id <= 4341435))

for: simple_ranges
table 1 : explain SELECT c FROM sbtest1 WHERE id BETWEEN 9566068 AND 9567067
	Bitmap Heap Scan on sbtest1  (cost=35.21..4072.25 rows=1051 width=121)
	  Recheck Cond: ((id >= 9566068) AND (id <= 9567067))
	  ->  Bitmap Index Scan on sbtest1_pkey  (cost=0.00..34.95 rows=1051 width=0)
	        Index Cond: ((id >= 9566068) AND (id <= 9567067))

table 2 : explain SELECT c FROM sbtest2 WHERE id BETWEEN 2205976 AND 2206975
	Bitmap Heap Scan on sbtest2  (cost=39.98..4347.91 rows=1126 width=121)
	  Recheck Cond: ((id >= 2205976) AND (id <= 2206975))
	  ->  Bitmap Index Scan on sbtest2_pkey  (cost=0.00..39.70 rows=1126 width=0)
	        Index Cond: ((id >= 2205976) AND (id <= 2206975))

table 3 : explain SELECT c FROM sbtest3 WHERE id BETWEEN 7547218 AND 7548217
	Bitmap Heap Scan on sbtest3  (cost=30.04..3632.05 rows=937 width=121)
	  Recheck Cond: ((id >= 7547218) AND (id <= 7548217))
	  ->  Bitmap Index Scan on sbtest3_pkey  (cost=0.00..29.80 rows=937 width=0)
	        Index Cond: ((id >= 7547218) AND (id <= 7548217))

table 4 : explain SELECT c FROM sbtest4 WHERE id BETWEEN 5527326 AND 5528325
	Bitmap Heap Scan on sbtest4  (cost=29.64..3485.88 rows=898 width=121)
	  Recheck Cond: ((id >= 5527326) AND (id <= 5528325))
	  ->  Bitmap Index Scan on sbtest4_pkey  (cost=0.00..29.41 rows=898 width=0)
	        Index Cond: ((id >= 5527326) AND (id <= 5528325))

table 5 : explain SELECT c FROM sbtest5 WHERE id BETWEEN 2587538 AND 2588537
	Bitmap Heap Scan on sbtest5  (cost=40.01..4362.06 rows=1129 width=121)
	  Recheck Cond: ((id >= 2587538) AND (id <= 2588537))
	  ->  Bitmap Index Scan on sbtest5_pkey  (cost=0.00..39.73 rows=1129 width=0)
	        Index Cond: ((id >= 2587538) AND (id <= 2588537))

table 6 : explain SELECT c FROM sbtest6 WHERE id BETWEEN 9895065 AND 9896064
	Bitmap Heap Scan on sbtest6  (cost=35.22..4070.90 rows=1052 width=121)
	  Recheck Cond: ((id >= 9895065) AND (id <= 9896064))
	  ->  Bitmap Index Scan on sbtest6_pkey  (cost=0.00..34.95 rows=1052 width=0)
	        Index Cond: ((id >= 9895065) AND (id <= 9896064))

table 7 : explain SELECT c FROM sbtest7 WHERE id BETWEEN 2095250 AND 2096249
	Bitmap Heap Scan on sbtest7  (cost=29.87..3569.91 rows=920 width=121)
	  Recheck Cond: ((id >= 2095250) AND (id <= 2096249))
	  ->  Bitmap Index Scan on sbtest7_pkey  (cost=0.00..29.64 rows=920 width=0)
	        Index Cond: ((id >= 2095250) AND (id <= 2096249))

table 8 : explain SELECT c FROM sbtest8 WHERE id BETWEEN 2475478 AND 2476477
	Bitmap Heap Scan on sbtest8  (cost=35.63..4222.91 rows=1092 width=121)
	  Recheck Cond: ((id >= 2475478) AND (id <= 2476477))
	  ->  Bitmap Index Scan on sbtest8_pkey  (cost=0.00..35.36 rows=1092 width=0)
	        Index Cond: ((id >= 2475478) AND (id <= 2476477))

for point_selects
table 1 : explain SELECT c FROM sbtest1 WHERE id=1947700
	Index Scan using sbtest1_pkey on sbtest1  (cost=0.43..8.45 rows=1 width=121)
	  Index Cond: (id = 1947700)

table 2 : explain SELECT c FROM sbtest2 WHERE id=5599093
	Index Scan using sbtest2_pkey on sbtest2  (cost=0.43..8.45 rows=1 width=121)
	  Index Cond: (id = 5599093)

table 3 : explain SELECT c FROM sbtest3 WHERE id=5069220
	Index Scan using sbtest3_pkey on sbtest3  (cost=0.43..8.45 rows=1 width=121)
	  Index Cond: (id = 5069220)

table 4 : explain SELECT c FROM sbtest4 WHERE id=5920433
	Index Scan using sbtest4_pkey on sbtest4  (cost=0.43..8.45 rows=1 width=121)
	  Index Cond: (id = 5920433)

table 5 : explain SELECT c FROM sbtest5 WHERE id=6645596
	Index Scan using sbtest5_pkey on sbtest5  (cost=0.43..8.45 rows=1 width=121)
	  Index Cond: (id = 6645596)

table 6 : explain SELECT c FROM sbtest6 WHERE id=9237777
	Index Scan using sbtest6_pkey on sbtest6  (cost=0.43..8.45 rows=1 width=121)
	  Index Cond: (id = 9237777)

table 7 : explain SELECT c FROM sbtest7 WHERE id=6599077
	Index Scan using sbtest7_pkey on sbtest7  (cost=0.43..8.45 rows=1 width=121)
	  Index Cond: (id = 6599077)

table 8 : explain SELECT c FROM sbtest8 WHERE id=6562217
	Index Scan using sbtest8_pkey on sbtest8  (cost=0.43..8.45 rows=1 width=121)
	  Index Cond: (id = 6562217)

for: sum_ranges
table 1 : explain SELECT SUM(k) FROM sbtest1 WHERE id BETWEEN 7286620 AND 7287619
	Aggregate  (cost=3768.91..3768.92 rows=1 width=8)
	  ->  Bitmap Heap Scan on sbtest1  (cost=34.38..3766.48 rows=970 width=4)
	        Recheck Cond: ((id >= 7286620) AND (id <= 7287619))
	        ->  Bitmap Index Scan on sbtest1_pkey  (cost=0.00..34.14 rows=970 width=0)
	              Index Cond: ((id >= 7286620) AND (id <= 7287619))

table 2 : explain SELECT SUM(k) FROM sbtest2 WHERE id BETWEEN 2712647 AND 2713646
	Aggregate  (cost=3695.34..3695.35 rows=1 width=8)
	  ->  Bitmap Heap Scan on sbtest2  (cost=34.19..3692.96 rows=952 width=4)
	        Recheck Cond: ((id >= 2712647) AND (id <= 2713646))
	        ->  Bitmap Index Scan on sbtest2_pkey  (cost=0.00..33.95 rows=952 width=0)
	              Index Cond: ((id >= 2712647) AND (id <= 2713646))

table 3 : explain SELECT SUM(k) FROM sbtest3 WHERE id BETWEEN 3790496 AND 3791495
	Aggregate  (cost=4053.15..4053.16 rows=1 width=8)
	  ->  Bitmap Heap Scan on sbtest3  (cost=35.17..4050.53 rows=1047 width=4)
	        Recheck Cond: ((id >= 3790496) AND (id <= 3791495))
	        ->  Bitmap Index Scan on sbtest3_pkey  (cost=0.00..34.91 rows=1047 width=0)
	              Index Cond: ((id >= 3790496) AND (id <= 3791495))

table 4 : explain SELECT SUM(k) FROM sbtest4 WHERE id BETWEEN 5289603 AND 5290602
	Aggregate  (cost=3922.75..3922.76 rows=1 width=8)
	  ->  Bitmap Heap Scan on sbtest4  (cost=34.81..3920.22 rows=1012 width=4)
	        Recheck Cond: ((id >= 5289603) AND (id <= 5290602))
	        ->  Bitmap Index Scan on sbtest4_pkey  (cost=0.00..34.56 rows=1012 width=0)
	              Index Cond: ((id >= 5289603) AND (id <= 5290602))

table 5 : explain SELECT SUM(k) FROM sbtest5 WHERE id BETWEEN 6193984 AND 6194983
	Aggregate  (cost=4056.08..4056.09 rows=1 width=8)
	  ->  Bitmap Heap Scan on sbtest5  (cost=35.17..4053.46 rows=1047 width=4)
	        Recheck Cond: ((id >= 6193984) AND (id <= 6194983))
	        ->  Bitmap Index Scan on sbtest5_pkey  (cost=0.00..34.91 rows=1047 width=0)
	              Index Cond: ((id >= 6193984) AND (id <= 6194983))

table 6 : explain SELECT SUM(k) FROM sbtest6 WHERE id BETWEEN 4832489 AND 4833488
	Aggregate  (cost=4084.82..4084.83 rows=1 width=8)
	  ->  Bitmap Heap Scan on sbtest6  (cost=35.25..4082.18 rows=1055 width=4)
	        Recheck Cond: ((id >= 4832489) AND (id <= 4833488))
	        ->  Bitmap Index Scan on sbtest6_pkey  (cost=0.00..34.98 rows=1055 width=0)
	              Index Cond: ((id >= 4832489) AND (id <= 4833488))

table 7 : explain SELECT SUM(k) FROM sbtest7 WHERE id BETWEEN 8699900 AND 8700899
	Aggregate  (cost=3919.95..3919.96 rows=1 width=8)
	  ->  Bitmap Heap Scan on sbtest7  (cost=34.80..3917.43 rows=1011 width=4)
	        Recheck Cond: ((id >= 8699900) AND (id <= 8700899))
	        ->  Bitmap Index Scan on sbtest7_pkey  (cost=0.00..34.55 rows=1011 width=0)
	              Index Cond: ((id >= 8699900) AND (id <= 8700899))

table 8 : explain SELECT SUM(k) FROM sbtest8 WHERE id BETWEEN 1124203 AND 1125202
	Aggregate  (cost=4127.78..4127.79 rows=1 width=8)
	  ->  Bitmap Heap Scan on sbtest8  (cost=35.36..4125.11 rows=1066 width=4)
	        Recheck Cond: ((id >= 1124203) AND (id <= 1125202))
	        ->  Bitmap Index Scan on sbtest8_pkey  (cost=0.00..35.09 rows=1066 width=0)
	              Index Cond: ((id >= 1124203) AND (id <= 1125202))

for: simple_ranges
table 1 : explain SELECT c FROM sbtest1 WHERE id BETWEEN 5550128 AND 5551127
	Bitmap Heap Scan on sbtest1  (cost=34.63..3860.94 rows=995 width=121)
	  Recheck Cond: ((id >= 5550128) AND (id <= 5551127))
	  ->  Bitmap Index Scan on sbtest1_pkey  (cost=0.00..34.39 rows=995 width=0)
	        Index Cond: ((id >= 5550128) AND (id <= 5551127))

table 2 : explain SELECT c FROM sbtest2 WHERE id BETWEEN 360116 AND 361115
	Bitmap Heap Scan on sbtest2  (cost=34.71..3881.48 rows=1002 width=121)
	  Recheck Cond: ((id >= 360116) AND (id <= 361115))
	  ->  Bitmap Index Scan on sbtest2_pkey  (cost=0.00..34.45 rows=1002 width=0)
	        Index Cond: ((id >= 360116) AND (id <= 361115))

table 3 : explain SELECT c FROM sbtest3 WHERE id BETWEEN 139867 AND 140866
	Bitmap Heap Scan on sbtest3  (cost=34.67..3869.86 rows=999 width=121)
	  Recheck Cond: ((id >= 139867) AND (id <= 140866))
	  ->  Bitmap Index Scan on sbtest3_pkey  (cost=0.00..34.43 rows=999 width=0)
	        Index Cond: ((id >= 139867) AND (id <= 140866))

table 4 : explain SELECT c FROM sbtest4 WHERE id BETWEEN 458781 AND 459780
	Bitmap Heap Scan on sbtest4  (cost=34.17..3686.39 rows=950 width=121)
	  Recheck Cond: ((id >= 458781) AND (id <= 459780))
	  ->  Bitmap Index Scan on sbtest4_pkey  (cost=0.00..33.94 rows=950 width=0)
	        Index Cond: ((id >= 458781) AND (id <= 459780))

table 5 : explain SELECT c FROM sbtest5 WHERE id BETWEEN 538990 AND 539989
	Bitmap Heap Scan on sbtest5  (cost=34.97..3981.90 rows=1028 width=121)
	  Recheck Cond: ((id >= 538990) AND (id <= 539989))
	  ->  Bitmap Index Scan on sbtest5_pkey  (cost=0.00..34.72 rows=1028 width=0)
	        Index Cond: ((id >= 538990) AND (id <= 539989))

table 6 : explain SELECT c FROM sbtest6 WHERE id BETWEEN 3251300 AND 3252299
	Bitmap Heap Scan on sbtest6  (cost=30.03..3629.59 rows=936 width=121)
	  Recheck Cond: ((id >= 3251300) AND (id <= 3252299))
	  ->  Bitmap Index Scan on sbtest6_pkey  (cost=0.00..29.79 rows=936 width=0)
	        Index Cond: ((id >= 3251300) AND (id <= 3252299))

table 7 : explain SELECT c FROM sbtest7 WHERE id BETWEEN 3499822 AND 3500821
	Bitmap Heap Scan on sbtest7  (cost=34.29..3728.82 rows=961 width=121)
	  Recheck Cond: ((id >= 3499822) AND (id <= 3500821))
	  ->  Bitmap Index Scan on sbtest7_pkey  (cost=0.00..34.05 rows=961 width=0)
	        Index Cond: ((id >= 3499822) AND (id <= 3500821))

table 8 : explain SELECT c FROM sbtest8 WHERE id BETWEEN 9580217 AND 9581216
	Bitmap Heap Scan on sbtest8  (cost=34.23..3710.43 rows=956 width=121)
	  Recheck Cond: ((id >= 9580217) AND (id <= 9581216))
	  ->  Bitmap Index Scan on sbtest8_pkey  (cost=0.00..34.00 rows=956 width=0)
	        Index Cond: ((id >= 9580217) AND (id <= 9581216))

for: order_ranges
table 1 : explain SELECT c FROM sbtest1 WHERE id BETWEEN 9939148 AND 9940147 ORDER BY c
	Sort  (cost=4140.31..4142.94 rows=1055 width=121)
	  Sort Key: c
	  ->  Bitmap Heap Scan on sbtest1  (cost=35.25..4087.33 rows=1055 width=121)
	        Recheck Cond: ((id >= 9939148) AND (id <= 9940147))
	        ->  Bitmap Index Scan on sbtest1_pkey  (cost=0.00..34.98 rows=1055 width=0)
	              Index Cond: ((id >= 9939148) AND (id <= 9940147))

table 2 : explain SELECT c FROM sbtest2 WHERE id BETWEEN 2723093 AND 2724092 ORDER BY c
	Sort  (cost=3740.06..3742.44 rows=952 width=121)
	  Sort Key: c
	  ->  Bitmap Heap Scan on sbtest2  (cost=34.19..3692.96 rows=952 width=121)
	        Recheck Cond: ((id >= 2723093) AND (id <= 2724092))
	        ->  Bitmap Index Scan on sbtest2_pkey  (cost=0.00..33.95 rows=952 width=0)
	              Index Cond: ((id >= 2723093) AND (id <= 2724092))

table 3 : explain SELECT c FROM sbtest3 WHERE id BETWEEN 6425669 AND 6426668 ORDER BY c
	Sort  (cost=4358.69..4361.48 rows=1115 width=121)
	  Sort Key: c
	  ->  Bitmap Heap Scan on sbtest3  (cost=35.86..4302.25 rows=1115 width=121)
	        Recheck Cond: ((id >= 6425669) AND (id <= 6426668))
	        ->  Bitmap Index Scan on sbtest3_pkey  (cost=0.00..35.59 rows=1115 width=0)
	              Index Cond: ((id >= 6425669) AND (id <= 6426668))

table 4 : explain SELECT c FROM sbtest4 WHERE id BETWEEN 5321183 AND 5322182 ORDER BY c
	Sort  (cost=4112.16..4114.78 rows=1049 width=121)
	  Sort Key: c
	  ->  Bitmap Heap Scan on sbtest4  (cost=35.19..4059.52 rows=1049 width=121)
	        Recheck Cond: ((id >= 5321183) AND (id <= 5322182))
	        ->  Bitmap Index Scan on sbtest4_pkey  (cost=0.00..34.93 rows=1049 width=0)
	              Index Cond: ((id >= 5321183) AND (id <= 5322182))

table 5 : explain SELECT c FROM sbtest5 WHERE id BETWEEN 4912416 AND 4913415 ORDER BY c
	Sort  (cost=4083.04..4085.65 rows=1041 width=121)
	  Sort Key: c
	  ->  Bitmap Heap Scan on sbtest5  (cost=35.11..4030.87 rows=1041 width=121)
	        Recheck Cond: ((id >= 4912416) AND (id <= 4913415))
	        ->  Bitmap Index Scan on sbtest5_pkey  (cost=0.00..34.84 rows=1041 width=0)
	              Index Cond: ((id >= 4912416) AND (id <= 4913415))

table 6 : explain SELECT c FROM sbtest6 WHERE id BETWEEN 9857471 AND 9858470 ORDER BY c
	Sort  (cost=4123.70..4126.33 rows=1052 width=121)
	  Sort Key: c
	  ->  Bitmap Heap Scan on sbtest6  (cost=35.22..4070.90 rows=1052 width=121)
	        Recheck Cond: ((id >= 9857471) AND (id <= 9858470))
	        ->  Bitmap Index Scan on sbtest6_pkey  (cost=0.00..34.95 rows=1052 width=0)
	              Index Cond: ((id >= 9857471) AND (id <= 9858470))

table 7 : explain SELECT c FROM sbtest7 WHERE id BETWEEN 7095175 AND 7096174 ORDER BY c
	Sort  (cost=3856.87..3859.33 rows=982 width=121)
	  Sort Key: c
	  ->  Bitmap Heap Scan on sbtest7  (cost=34.50..3808.07 rows=982 width=121)
	        Recheck Cond: ((id >= 7095175) AND (id <= 7096174))
	        ->  Bitmap Index Scan on sbtest7_pkey  (cost=0.00..34.26 rows=982 width=0)
	              Index Cond: ((id >= 7095175) AND (id <= 7096174))

table 8 : explain SELECT c FROM sbtest8 WHERE id BETWEEN 5418629 AND 5419628 ORDER BY c
	Sort  (cost=3792.26..3794.67 rows=965 width=121)
	  Sort Key: c
	  ->  Bitmap Heap Scan on sbtest8  (cost=34.33..3744.42 rows=965 width=121)
	        Recheck Cond: ((id >= 5418629) AND (id <= 5419628))
	        ->  Bitmap Index Scan on sbtest8_pkey  (cost=0.00..34.09 rows=965 width=0)
	              Index Cond: ((id >= 5418629) AND (id <= 5419628))

for: sum_ranges
table 1 : explain SELECT SUM(k) FROM sbtest1 WHERE id BETWEEN 6292818 AND 6293817
	Aggregate  (cost=3697.02..3697.03 rows=1 width=8)
	  ->  Bitmap Heap Scan on sbtest1  (cost=34.18..3694.64 rows=951 width=4)
	        Recheck Cond: ((id >= 6292818) AND (id <= 6293817))
	        ->  Bitmap Index Scan on sbtest1_pkey  (cost=0.00..33.95 rows=951 width=0)
	              Index Cond: ((id >= 6292818) AND (id <= 6293817))

table 2 : explain SELECT SUM(k) FROM sbtest2 WHERE id BETWEEN 1394137 AND 1395136
	Aggregate  (cost=4151.31..4151.32 rows=1 width=8)
	  ->  Bitmap Heap Scan on sbtest2  (cost=35.43..4148.63 rows=1073 width=4)
	        Recheck Cond: ((id >= 1394137) AND (id <= 1395136))
	        ->  Bitmap Index Scan on sbtest2_pkey  (cost=0.00..35.17 rows=1073 width=0)
	              Index Cond: ((id >= 1394137) AND (id <= 1395136))

table 3 : explain SELECT SUM(k) FROM sbtest3 WHERE id BETWEEN 6885481 AND 6886480
	Aggregate  (cost=3819.57..3819.58 rows=1 width=8)
	  ->  Bitmap Heap Scan on sbtest3  (cost=34.53..3817.11 rows=985 width=4)
	        Recheck Cond: ((id >= 6885481) AND (id <= 6886480))
	        ->  Bitmap Index Scan on sbtest3_pkey  (cost=0.00..34.29 rows=985 width=0)
	              Index Cond: ((id >= 6885481) AND (id <= 6886480))

table 4 : explain SELECT SUM(k) FROM sbtest4 WHERE id BETWEEN 175903 AND 176902
	Aggregate  (cost=4186.33..4186.34 rows=1 width=8)
	  ->  Bitmap Heap Scan on sbtest4  (cost=35.53..4183.63 rows=1082 width=4)
	        Recheck Cond: ((id >= 175903) AND (id <= 176902))
	        ->  Bitmap Index Scan on sbtest4_pkey  (cost=0.00..35.26 rows=1082 width=0)
	              Index Cond: ((id >= 175903) AND (id <= 176902))

table 5 : explain SELECT SUM(k) FROM sbtest5 WHERE id BETWEEN 7055324 AND 7056323
	Aggregate  (cost=3829.80..3829.81 rows=1 width=8)
	  ->  Bitmap Heap Scan on sbtest5  (cost=34.55..3827.33 rows=987 width=4)
	        Recheck Cond: ((id >= 7055324) AND (id <= 7056323))
	        ->  Bitmap Index Scan on sbtest5_pkey  (cost=0.00..34.31 rows=987 width=0)
	              Index Cond: ((id >= 7055324) AND (id <= 7056323))

table 6 : explain SELECT SUM(k) FROM sbtest6 WHERE id BETWEEN 2697871 AND 2698870
	Aggregate  (cost=3677.50..3677.51 rows=1 width=8)
	  ->  Bitmap Heap Scan on sbtest6  (cost=34.14..3675.13 rows=947 width=4)
	        Recheck Cond: ((id >= 2697871) AND (id <= 2698870))
	        ->  Bitmap Index Scan on sbtest6_pkey  (cost=0.00..33.91 rows=947 width=0)
	              Index Cond: ((id >= 2697871) AND (id <= 2698870))

table 7 : explain SELECT SUM(k) FROM sbtest7 WHERE id BETWEEN 650726 AND 651725
	Aggregate  (cost=3791.65..3791.66 rows=1 width=8)
	  ->  Bitmap Heap Scan on sbtest7  (cost=34.45..3789.21 rows=977 width=4)
	        Recheck Cond: ((id >= 650726) AND (id <= 651725))
	        ->  Bitmap Index Scan on sbtest7_pkey  (cost=0.00..34.20 rows=977 width=0)
	              Index Cond: ((id >= 650726) AND (id <= 651725))

table 8 : explain SELECT SUM(k) FROM sbtest8 WHERE id BETWEEN 261716 AND 262715
	Aggregate  (cost=3924.26..3924.27 rows=1 width=8)
	  ->  Bitmap Heap Scan on sbtest8  (cost=34.81..3921.73 rows=1012 width=4)
	        Recheck Cond: ((id >= 261716) AND (id <= 262715))
	        ->  Bitmap Index Scan on sbtest8_pkey  (cost=0.00..34.56 rows=1012 width=0)
	              Index Cond: ((id >= 261716) AND (id <= 262715))

for: order_ranges
table 1 : explain SELECT c FROM sbtest1 WHERE id BETWEEN 5674350 AND 5675349 ORDER BY c
	Sort  (cost=3757.04..3759.43 rows=955 width=121)
	  Sort Key: c
	  ->  Bitmap Heap Scan on sbtest1  (cost=34.22..3709.77 rows=955 width=121)
	        Recheck Cond: ((id >= 5674350) AND (id <= 5675349))
	        ->  Bitmap Index Scan on sbtest1_pkey  (cost=0.00..33.98 rows=955 width=0)
	              Index Cond: ((id >= 5674350) AND (id <= 5675349))

table 2 : explain SELECT c FROM sbtest2 WHERE id BETWEEN 2394574 AND 2395573 ORDER BY c
	Sort  (cost=3674.93..3677.27 rows=935 width=121)
	  Sort Key: c
	  ->  Bitmap Heap Scan on sbtest2  (cost=34.02..3628.79 rows=935 width=121)
	        Recheck Cond: ((id >= 2394574) AND (id <= 2395573))
	        ->  Bitmap Index Scan on sbtest2_pkey  (cost=0.00..33.79 rows=935 width=0)
	              Index Cond: ((id >= 2394574) AND (id <= 2395573))

table 3 : explain SELECT c FROM sbtest3 WHERE id BETWEEN 8107398 AND 8108397 ORDER BY c
	Sort  (cost=3931.10..3933.61 rows=1002 width=121)
	  Sort Key: c
	  ->  Bitmap Heap Scan on sbtest3  (cost=34.71..3881.16 rows=1002 width=121)
	        Recheck Cond: ((id >= 8107398) AND (id <= 8108397))
	        ->  Bitmap Index Scan on sbtest3_pkey  (cost=0.00..34.45 rows=1002 width=0)
	              Index Cond: ((id >= 8107398) AND (id <= 8108397))

table 4 : explain SELECT c FROM sbtest4 WHERE id BETWEEN 4802434 AND 4803433 ORDER BY c
	Sort  (cost=3875.08..3877.55 rows=987 width=121)
	  Sort Key: c
	  ->  Bitmap Heap Scan on sbtest4  (cost=34.55..3825.99 rows=987 width=121)
	        Recheck Cond: ((id >= 4802434) AND (id <= 4803433))
	        ->  Bitmap Index Scan on sbtest4_pkey  (cost=0.00..34.31 rows=987 width=0)
	              Index Cond: ((id >= 4802434) AND (id <= 4803433))

table 5 : explain SELECT c FROM sbtest5 WHERE id BETWEEN 4736335 AND 4737334 ORDER BY c
	Sort  (cost=3861.10..3863.56 rows=983 width=121)
	  Sort Key: c
	  ->  Bitmap Heap Scan on sbtest5  (cost=34.51..3812.24 rows=983 width=121)
	        Recheck Cond: ((id >= 4736335) AND (id <= 4737334))
	        ->  Bitmap Index Scan on sbtest5_pkey  (cost=0.00..34.27 rows=983 width=0)
	              Index Cond: ((id >= 4736335) AND (id <= 4737334))

table 6 : explain SELECT c FROM sbtest6 WHERE id BETWEEN 9891631 AND 9892630 ORDER BY c
	Sort  (cost=4123.70..4126.33 rows=1052 width=121)
	  Sort Key: c
	  ->  Bitmap Heap Scan on sbtest6  (cost=35.22..4070.90 rows=1052 width=121)
	        Recheck Cond: ((id >= 9891631) AND (id <= 9892630))
	        ->  Bitmap Index Scan on sbtest6_pkey  (cost=0.00..34.95 rows=1052 width=0)
	              Index Cond: ((id >= 9891631) AND (id <= 9892630))

table 7 : explain SELECT c FROM sbtest7 WHERE id BETWEEN 8448720 AND 8449719 ORDER BY c
	Sort  (cost=3665.08..3667.41 rows=933 width=121)
	  Sort Key: c
	  ->  Bitmap Heap Scan on sbtest7  (cost=30.00..3619.05 rows=933 width=121)
	        Recheck Cond: ((id >= 8448720) AND (id <= 8449719))
	        ->  Bitmap Index Scan on sbtest7_pkey  (cost=0.00..29.76 rows=933 width=0)
	              Index Cond: ((id >= 8448720) AND (id <= 8449719))

table 8 : explain SELECT c FROM sbtest8 WHERE id BETWEEN 2486897 AND 2487896 ORDER BY c
	Sort  (cost=4278.02..4280.75 rows=1092 width=121)
	  Sort Key: c
	  ->  Bitmap Heap Scan on sbtest8  (cost=35.63..4222.91 rows=1092 width=121)
	        Recheck Cond: ((id >= 2486897) AND (id <= 2487896))
	        ->  Bitmap Index Scan on sbtest8_pkey  (cost=0.00..35.36 rows=1092 width=0)
	              Index Cond: ((id >= 2486897) AND (id <= 2487896))

for: distinct_ranges
table 1 : explain SELECT DISTINCT c FROM sbtest1 WHERE id BETWEEN 9576448 AND 9577447 ORDER BY c
	Unique  (cost=4125.00..4130.25 rows=1051 width=121)
	  ->  Sort  (cost=4125.00..4127.63 rows=1051 width=121)
	        Sort Key: c
	        ->  Bitmap Heap Scan on sbtest1  (cost=35.21..4072.25 rows=1051 width=121)
	              Recheck Cond: ((id >= 9576448) AND (id <= 9577447))
	              ->  Bitmap Index Scan on sbtest1_pkey  (cost=0.00..34.95 rows=1051 width=0)
	                    Index Cond: ((id >= 9576448) AND (id <= 9577447))

table 2 : explain SELECT DISTINCT c FROM sbtest2 WHERE id BETWEEN 9123353 AND 9124352 ORDER BY c
	Unique  (cost=3812.82..3817.67 rows=971 width=121)
	  ->  Sort  (cost=3812.82..3815.25 rows=971 width=121)
	        Sort Key: c
	        ->  Bitmap Heap Scan on sbtest2  (cost=34.39..3764.64 rows=971 width=121)
	              Recheck Cond: ((id >= 9123353) AND (id <= 9124352))
	              ->  Bitmap Index Scan on sbtest2_pkey  (cost=0.00..34.15 rows=971 width=0)
	                    Index Cond: ((id >= 9123353) AND (id <= 9124352))

table 3 : explain SELECT DISTINCT c FROM sbtest3 WHERE id BETWEEN 1500815 AND 1501814 ORDER BY c
	Unique  (cost=3942.57..3947.60 rows=1005 width=121)
	  ->  Sort  (cost=3942.57..3945.09 rows=1005 width=121)
	        Sort Key: c
	        ->  Bitmap Heap Scan on sbtest3  (cost=34.74..3892.46 rows=1005 width=121)
	              Recheck Cond: ((id >= 1500815) AND (id <= 1501814))
	              ->  Bitmap Index Scan on sbtest3_pkey  (cost=0.00..34.48 rows=1005 width=0)
	                    Index Cond: ((id >= 1500815) AND (id <= 1501814))

table 4 : explain SELECT DISTINCT c FROM sbtest4 WHERE id BETWEEN 6711343 AND 6712342 ORDER BY c
	Unique  (cost=3844.45..3849.35 rows=979 width=121)
	  ->  Sort  (cost=3844.45..3846.90 rows=979 width=121)
	        Sort Key: c
	        ->  Bitmap Heap Scan on sbtest4  (cost=34.47..3795.82 rows=979 width=121)
	              Recheck Cond: ((id >= 6711343) AND (id <= 6712342))
	              ->  Bitmap Index Scan on sbtest4_pkey  (cost=0.00..34.23 rows=979 width=0)
	                    Index Cond: ((id >= 6711343) AND (id <= 6712342))

table 5 : explain SELECT DISTINCT c FROM sbtest5 WHERE id BETWEEN 9945897 AND 9946896 ORDER BY c
	Unique  (cost=4113.62..4118.87 rows=1049 width=121)
	  ->  Sort  (cost=4113.62..4116.25 rows=1049 width=121)
	        Sort Key: c
	        ->  Bitmap Heap Scan on sbtest5  (cost=35.19..4060.99 rows=1049 width=121)
	              Recheck Cond: ((id >= 9945897) AND (id <= 9946896))
	              ->  Bitmap Index Scan on sbtest5_pkey  (cost=0.00..34.93 rows=1049 width=0)
	                    Index Cond: ((id >= 9945897) AND (id <= 9946896))

table 6 : explain SELECT DISTINCT c FROM sbtest6 WHERE id BETWEEN 3898229 AND 3899228 ORDER BY c
	Unique  (cost=4119.88..4125.14 rows=1051 width=121)
	  ->  Sort  (cost=4119.88..4122.51 rows=1051 width=121)
	        Sort Key: c
	        ->  Bitmap Heap Scan on sbtest6  (cost=35.21..4067.13 rows=1051 width=121)
	              Recheck Cond: ((id >= 3898229) AND (id <= 3899228))
	              ->  Bitmap Index Scan on sbtest6_pkey  (cost=0.00..34.95 rows=1051 width=0)
	                    Index Cond: ((id >= 3898229) AND (id <= 3899228))

table 7 : explain SELECT DISTINCT c FROM sbtest7 WHERE id BETWEEN 9833783 AND 9834782 ORDER BY c
	Unique  (cost=4124.65..4129.91 rows=1052 width=121)
	  ->  Sort  (cost=4124.65..4127.28 rows=1052 width=121)
	        Sort Key: c
	        ->  Bitmap Heap Scan on sbtest7  (cost=35.22..4071.85 rows=1052 width=121)
	              Recheck Cond: ((id >= 9833783) AND (id <= 9834782))
	              ->  Bitmap Index Scan on sbtest7_pkey  (cost=0.00..34.95 rows=1052 width=0)
	                    Index Cond: ((id >= 9833783) AND (id <= 9834782))

table 8 : explain SELECT DISTINCT c FROM sbtest8 WHERE id BETWEEN 1909713 AND 1910712 ORDER BY c
	Unique  (cost=3834.41..3839.29 rows=976 width=121)
	  ->  Sort  (cost=3834.41..3836.85 rows=976 width=121)
	        Sort Key: c
	        ->  Bitmap Heap Scan on sbtest8  (cost=34.44..3785.94 rows=976 width=121)
	              Recheck Cond: ((id >= 1909713) AND (id <= 1910712))
	              ->  Bitmap Index Scan on sbtest8_pkey  (cost=0.00..34.20 rows=976 width=0)
	                    Index Cond: ((id >= 1909713) AND (id <= 1910712))

for: distinct_ranges
table 1 : explain SELECT DISTINCT c FROM sbtest1 WHERE id BETWEEN 8629912 AND 8630911 ORDER BY c
	Unique  (cost=4235.94..4241.34 rows=1080 width=121)
	  ->  Sort  (cost=4235.94..4238.64 rows=1080 width=121)
	        Sort Key: c
	        ->  Bitmap Heap Scan on sbtest1  (cost=35.51..4181.53 rows=1080 width=121)
	              Recheck Cond: ((id >= 8629912) AND (id <= 8630911))
	              ->  Bitmap Index Scan on sbtest1_pkey  (cost=0.00..35.23 rows=1080 width=0)
	                    Index Cond: ((id >= 8629912) AND (id <= 8630911))

table 2 : explain SELECT DISTINCT c FROM sbtest2 WHERE id BETWEEN 6036853 AND 6037852 ORDER BY c
	Unique  (cost=3778.36..3783.17 rows=962 width=121)
	  ->  Sort  (cost=3778.36..3780.77 rows=962 width=121)
	        Sort Key: c
	        ->  Bitmap Heap Scan on sbtest2  (cost=34.30..3730.69 rows=962 width=121)
	              Recheck Cond: ((id >= 6036853) AND (id <= 6037852))
	              ->  Bitmap Index Scan on sbtest2_pkey  (cost=0.00..34.06 rows=962 width=0)
	                    Index Cond: ((id >= 6036853) AND (id <= 6037852))

table 3 : explain SELECT DISTINCT c FROM sbtest3 WHERE id BETWEEN 8198609 AND 8199608 ORDER BY c
	Unique  (cost=3923.45..3928.45 rows=1000 width=121)
	  ->  Sort  (cost=3923.45..3925.95 rows=1000 width=121)
	        Sort Key: c
	        ->  Bitmap Heap Scan on sbtest3  (cost=34.69..3873.63 rows=1000 width=121)
	              Recheck Cond: ((id >= 8198609) AND (id <= 8199608))
	              ->  Bitmap Index Scan on sbtest3_pkey  (cost=0.00..34.44 rows=1000 width=0)
	                    Index Cond: ((id >= 8198609) AND (id <= 8199608))

table 4 : explain SELECT DISTINCT c FROM sbtest4 WHERE id BETWEEN 1025594 AND 1026593 ORDER BY c
	Unique  (cost=3752.53..3757.31 rows=955 width=121)
	  ->  Sort  (cost=3752.53..3754.92 rows=955 width=121)
	        Sort Key: c
	        ->  Bitmap Heap Scan on sbtest4  (cost=34.22..3705.26 rows=955 width=121)
	              Recheck Cond: ((id >= 1025594) AND (id <= 1026593))
	              ->  Bitmap Index Scan on sbtest4_pkey  (cost=0.00..33.98 rows=955 width=0)
	                    Index Cond: ((id >= 1025594) AND (id <= 1026593))

table 5 : explain SELECT DISTINCT c FROM sbtest5 WHERE id BETWEEN 934564 AND 935563 ORDER BY c
	Unique  (cost=3642.42..3647.06 rows=927 width=121)
	  ->  Sort  (cost=3642.42..3644.74 rows=927 width=121)
	        Sort Key: c
	        ->  Bitmap Heap Scan on sbtest5  (cost=29.94..3596.74 rows=927 width=121)
	              Recheck Cond: ((id >= 934564) AND (id <= 935563))
	              ->  Bitmap Index Scan on sbtest5_pkey  (cost=0.00..29.70 rows=927 width=0)
	                    Index Cond: ((id >= 934564) AND (id <= 935563))

table 6 : explain SELECT DISTINCT c FROM sbtest6 WHERE id BETWEEN 2378549 AND 2379548 ORDER BY c
	Unique  (cost=3867.50..3872.42 rows=985 width=121)
	  ->  Sort  (cost=3867.50..3869.96 rows=985 width=121)
	        Sort Key: c
	        ->  Bitmap Heap Scan on sbtest6  (cost=34.53..3818.53 rows=985 width=121)
	              Recheck Cond: ((id >= 2378549) AND (id <= 2379548))
	              ->  Bitmap Index Scan on sbtest6_pkey  (cost=0.00..34.29 rows=985 width=0)
	                    Index Cond: ((id >= 2378549) AND (id <= 2379548))

table 7 : explain SELECT DISTINCT c FROM sbtest7 WHERE id BETWEEN 7591164 AND 7592163 ORDER BY c
	Unique  (cost=3891.34..3896.29 rows=991 width=121)
	  ->  Sort  (cost=3891.34..3893.81 rows=991 width=121)
	        Sort Key: c
	        ->  Bitmap Heap Scan on sbtest7  (cost=34.59..3842.02 rows=991 width=121)
	              Recheck Cond: ((id >= 7591164) AND (id <= 7592163))
	              ->  Bitmap Index Scan on sbtest7_pkey  (cost=0.00..34.34 rows=991 width=0)
	                    Index Cond: ((id >= 7591164) AND (id <= 7592163))

table 8 : explain SELECT DISTINCT c FROM sbtest8 WHERE id BETWEEN 4632960 AND 4633959 ORDER BY c
	Unique  (cost=4087.00..4092.21 rows=1042 width=121)
	  ->  Sort  (cost=4087.00..4089.60 rows=1042 width=121)
	        Sort Key: c
	        ->  Bitmap Heap Scan on sbtest8  (cost=35.12..4034.77 rows=1042 width=121)
	              Recheck Cond: ((id >= 4632960) AND (id <= 4633959))
	              ->  Bitmap Index Scan on sbtest8_pkey  (cost=0.00..34.86 rows=1042 width=0)
	                    Index Cond: ((id >= 4632960) AND (id <= 4633959))

for: sum_ranges
table 1 : explain SELECT SUM(k) FROM sbtest1 WHERE id BETWEEN 2829624 AND 2830623
	Aggregate  (cost=3621.08..3621.09 rows=1 width=8)
	  ->  Bitmap Heap Scan on sbtest1  (cost=29.99..3618.75 rows=932 width=4)
	        Recheck Cond: ((id >= 2829624) AND (id <= 2830623))
	        ->  Bitmap Index Scan on sbtest1_pkey  (cost=0.00..29.75 rows=932 width=0)
	              Index Cond: ((id >= 2829624) AND (id <= 2830623))

table 2 : explain SELECT SUM(k) FROM sbtest2 WHERE id BETWEEN 6857088 AND 6858087
	Aggregate  (cost=3672.68..3672.69 rows=1 width=8)
	  ->  Bitmap Heap Scan on sbtest2  (cost=34.13..3670.32 rows=946 width=4)
	        Recheck Cond: ((id >= 6857088) AND (id <= 6858087))
	        ->  Bitmap Index Scan on sbtest2_pkey  (cost=0.00..33.90 rows=946 width=0)
	              Index Cond: ((id >= 6857088) AND (id <= 6858087))

table 3 : explain SELECT SUM(k) FROM sbtest3 WHERE id BETWEEN 4327082 AND 4328081
	Aggregate  (cost=3596.61..3596.62 rows=1 width=8)
	  ->  Bitmap Heap Scan on sbtest3  (cost=29.94..3594.29 rows=927 width=4)
	        Recheck Cond: ((id >= 4327082) AND (id <= 4328081))
	        ->  Bitmap Index Scan on sbtest3_pkey  (cost=0.00..29.70 rows=927 width=0)
	              Index Cond: ((id >= 4327082) AND (id <= 4328081))

table 4 : explain SELECT SUM(k) FROM sbtest4 WHERE id BETWEEN 8447068 AND 8448067
	Aggregate  (cost=4062.15..4062.16 rows=1 width=8)
	  ->  Bitmap Heap Scan on sbtest4  (cost=35.19..4059.52 rows=1049 width=4)
	        Recheck Cond: ((id >= 8447068) AND (id <= 8448067))
	        ->  Bitmap Index Scan on sbtest4_pkey  (cost=0.00..34.93 rows=1049 width=0)
	              Index Cond: ((id >= 8447068) AND (id <= 8448067))

table 5 : explain SELECT SUM(k) FROM sbtest5 WHERE id BETWEEN 8699926 AND 8700925
	Aggregate  (cost=3682.47..3682.48 rows=1 width=8)
	  ->  Bitmap Heap Scan on sbtest5  (cost=34.15..3680.10 rows=948 width=4)
	        Recheck Cond: ((id >= 8699926) AND (id <= 8700925))
	        ->  Bitmap Index Scan on sbtest5_pkey  (cost=0.00..33.92 rows=948 width=0)
	              Index Cond: ((id >= 8699926) AND (id <= 8700925))

table 6 : explain SELECT SUM(k) FROM sbtest6 WHERE id BETWEEN 4973798 AND 4974797
	Aggregate  (cost=4190.18..4190.19 rows=1 width=8)
	  ->  Bitmap Heap Scan on sbtest6  (cost=35.54..4187.47 rows=1083 width=4)
	        Recheck Cond: ((id >= 4973798) AND (id <= 4974797))
	        ->  Bitmap Index Scan on sbtest6_pkey  (cost=0.00..35.27 rows=1083 width=0)
	              Index Cond: ((id >= 4973798) AND (id <= 4974797))

table 7 : explain SELECT SUM(k) FROM sbtest7 WHERE id BETWEEN 4471253 AND 4472252
	Aggregate  (cost=3870.91..3870.92 rows=1 width=8)
	  ->  Bitmap Heap Scan on sbtest7  (cost=34.66..3868.42 rows=998 width=4)
	        Recheck Cond: ((id >= 4471253) AND (id <= 4472252))
	        ->  Bitmap Index Scan on sbtest7_pkey  (cost=0.00..34.42 rows=998 width=0)
	              Index Cond: ((id >= 4471253) AND (id <= 4472252))

table 8 : explain SELECT SUM(k) FROM sbtest8 WHERE id BETWEEN 1251631 AND 1252630
	Aggregate  (cost=3739.27..3739.28 rows=1 width=8)
	  ->  Bitmap Heap Scan on sbtest8  (cost=34.31..3736.87 rows=963 width=4)
	        Recheck Cond: ((id >= 1251631) AND (id <= 1252630))
	        ->  Bitmap Index Scan on sbtest8_pkey  (cost=0.00..34.07 rows=963 width=0)
	              Index Cond: ((id >= 1251631) AND (id <= 1252630))

for: order_ranges
table 1 : explain SELECT c FROM sbtest1 WHERE id BETWEEN 7490035 AND 7491034 ORDER BY c
	Sort  (cost=4201.52..4204.20 rows=1071 width=121)
	  Sort Key: c
	  ->  Bitmap Heap Scan on sbtest1  (cost=35.41..4147.63 rows=1071 width=121)
	        Recheck Cond: ((id >= 7490035) AND (id <= 7491034))
	        ->  Bitmap Index Scan on sbtest1_pkey  (cost=0.00..35.15 rows=1071 width=0)
	              Index Cond: ((id >= 7490035) AND (id <= 7491034))

table 2 : explain SELECT c FROM sbtest2 WHERE id BETWEEN 6950884 AND 6951883 ORDER BY c
	Sort  (cost=4107.21..4109.83 rows=1048 width=121)
	  Sort Key: c
	  ->  Bitmap Heap Scan on sbtest2  (cost=35.18..4054.64 rows=1048 width=121)
	        Recheck Cond: ((id >= 6950884) AND (id <= 6951883))
	        ->  Bitmap Index Scan on sbtest2_pkey  (cost=0.00..34.92 rows=1048 width=0)
	              Index Cond: ((id >= 6950884) AND (id <= 6951883))

table 3 : explain SELECT c FROM sbtest3 WHERE id BETWEEN 3569558 AND 3570557 ORDER BY c
	Sort  (cost=3597.81..3600.10 rows=916 width=121)
	  Sort Key: c
	  ->  Bitmap Heap Scan on sbtest3  (cost=29.82..3552.74 rows=916 width=121)
	        Recheck Cond: ((id >= 3569558) AND (id <= 3570557))
	        ->  Bitmap Index Scan on sbtest3_pkey  (cost=0.00..29.59 rows=916 width=0)
	              Index Cond: ((id >= 3569558) AND (id <= 3570557))

table 4 : explain SELECT c FROM sbtest4 WHERE id BETWEEN 1676728 AND 1677727 ORDER BY c
	Sort  (cost=3721.88..3724.24 rows=947 width=121)
	  Sort Key: c
	  ->  Bitmap Heap Scan on sbtest4  (cost=34.14..3675.06 rows=947 width=121)
	        Recheck Cond: ((id >= 1676728) AND (id <= 1677727))
	        ->  Bitmap Index Scan on sbtest4_pkey  (cost=0.00..33.91 rows=947 width=0)
	              Index Cond: ((id >= 1676728) AND (id <= 1677727))

table 5 : explain SELECT c FROM sbtest5 WHERE id BETWEEN 7087391 AND 7088390 ORDER BY c
	Sort  (cost=4239.69..4242.40 rows=1082 width=121)
	  Sort Key: c
	  ->  Bitmap Heap Scan on sbtest5  (cost=35.53..4185.16 rows=1082 width=121)
	        Recheck Cond: ((id >= 7087391) AND (id <= 7088390))
	        ->  Bitmap Index Scan on sbtest5_pkey  (cost=0.00..35.26 rows=1082 width=0)
	              Index Cond: ((id >= 7087391) AND (id <= 7088390))

table 6 : explain SELECT c FROM sbtest6 WHERE id BETWEEN 7344108 AND 7345107 ORDER BY c
	Sort  (cost=3530.00..3532.25 rows=898 width=121)
	  Sort Key: c
	  ->  Bitmap Heap Scan on sbtest6  (cost=29.64..3485.95 rows=898 width=121)
	        Recheck Cond: ((id >= 7344108) AND (id <= 7345107))
	        ->  Bitmap Index Scan on sbtest6_pkey  (cost=0.00..29.41 rows=898 width=0)
	              Index Cond: ((id >= 7344108) AND (id <= 7345107))

table 7 : explain SELECT c FROM sbtest7 WHERE id BETWEEN 4719072 AND 4720071 ORDER BY c
	Sort  (cost=3757.26..3759.65 rows=956 width=121)
	  Sort Key: c
	  ->  Bitmap Heap Scan on sbtest7  (cost=34.23..3709.94 rows=956 width=121)
	        Recheck Cond: ((id >= 4719072) AND (id <= 4720071))
	        ->  Bitmap Index Scan on sbtest7_pkey  (cost=0.00..34.00 rows=956 width=0)
	              Index Cond: ((id >= 4719072) AND (id <= 4720071))

table 8 : explain SELECT c FROM sbtest8 WHERE id BETWEEN 5938940 AND 5939939 ORDER BY c
	Sort  (cost=3462.05..3464.25 rows=880 width=121)
	  Sort Key: c
	  ->  Bitmap Heap Scan on sbtest8  (cost=29.45..3419.01 rows=880 width=121)
	        Recheck Cond: ((id >= 5938940) AND (id <= 5939939))
	        ->  Bitmap Index Scan on sbtest8_pkey  (cost=0.00..29.23 rows=880 width=0)
	              Index Cond: ((id >= 5938940) AND (id <= 5939939))

for: distinct_ranges
table 1 : explain SELECT DISTINCT c FROM sbtest1 WHERE id BETWEEN 5665612 AND 5666611 ORDER BY c
	Unique  (cost=3757.04..3761.81 rows=955 width=121)
	  ->  Sort  (cost=3757.04..3759.43 rows=955 width=121)
	        Sort Key: c
	        ->  Bitmap Heap Scan on sbtest1  (cost=34.22..3709.77 rows=955 width=121)
	              Recheck Cond: ((id >= 5665612) AND (id <= 5666611))
	              ->  Bitmap Index Scan on sbtest1_pkey  (cost=0.00..33.98 rows=955 width=0)
	                    Index Cond: ((id >= 5665612) AND (id <= 5666611))

table 2 : explain SELECT DISTINCT c FROM sbtest2 WHERE id BETWEEN 7212784 AND 7213783 ORDER BY c
	Unique  (cost=4095.75..4100.98 rows=1045 width=121)
	  ->  Sort  (cost=4095.75..4098.37 rows=1045 width=121)
	        Sort Key: c
	        ->  Bitmap Heap Scan on sbtest2  (cost=35.15..4043.35 rows=1045 width=121)
	              Recheck Cond: ((id >= 7212784) AND (id <= 7213783))
	              ->  Bitmap Index Scan on sbtest2_pkey  (cost=0.00..34.89 rows=1045 width=0)
	                    Index Cond: ((id >= 7212784) AND (id <= 7213783))

table 3 : explain SELECT DISTINCT c FROM sbtest3 WHERE id BETWEEN 6485959 AND 6486958 ORDER BY c
	Unique  (cost=4129.77..4135.04 rows=1054 width=121)
	  ->  Sort  (cost=4129.77..4132.41 rows=1054 width=121)
	        Sort Key: c
	        ->  Bitmap Heap Scan on sbtest3  (cost=35.24..4076.85 rows=1054 width=121)
	              Recheck Cond: ((id >= 6485959) AND (id <= 6486958))
	              ->  Bitmap Index Scan on sbtest3_pkey  (cost=0.00..34.98 rows=1054 width=0)
	                    Index Cond: ((id >= 6485959) AND (id <= 6486958))

table 4 : explain SELECT DISTINCT c FROM sbtest4 WHERE id BETWEEN 7209295 AND 7210294 ORDER BY c
	Unique  (cost=4474.82..4480.54 rows=1144 width=121)
	  ->  Sort  (cost=4474.82..4477.68 rows=1144 width=121)
	        Sort Key: c
	        ->  Bitmap Heap Scan on sbtest4  (cost=40.16..4416.70 rows=1144 width=121)
	              Recheck Cond: ((id >= 7209295) AND (id <= 7210294))
	              ->  Bitmap Index Scan on sbtest4_pkey  (cost=0.00..39.88 rows=1144 width=0)
	                    Index Cond: ((id >= 7209295) AND (id <= 7210294))

table 5 : explain SELECT DISTINCT c FROM sbtest5 WHERE id BETWEEN 5223161 AND 5224160 ORDER BY c
	Unique  (cost=3933.85..3938.86 rows=1002 width=121)
	  ->  Sort  (cost=3933.85..3936.35 rows=1002 width=121)
	        Sort Key: c
	        ->  Bitmap Heap Scan on sbtest5  (cost=34.71..3883.91 rows=1002 width=121)
	              Recheck Cond: ((id >= 5223161) AND (id <= 5224160))
	              ->  Bitmap Index Scan on sbtest5_pkey  (cost=0.00..34.45 rows=1002 width=0)
	                    Index Cond: ((id >= 5223161) AND (id <= 5224160))

table 6 : explain SELECT DISTINCT c FROM sbtest6 WHERE id BETWEEN 3253224 AND 3254223 ORDER BY c
	Unique  (cost=3675.78..3680.46 rows=936 width=121)
	  ->  Sort  (cost=3675.78..3678.12 rows=936 width=121)
	        Sort Key: c
	        ->  Bitmap Heap Scan on sbtest6  (cost=30.03..3629.59 rows=936 width=121)
	              Recheck Cond: ((id >= 3253224) AND (id <= 3254223))
	              ->  Bitmap Index Scan on sbtest6_pkey  (cost=0.00..29.79 rows=936 width=0)
	                    Index Cond: ((id >= 3253224) AND (id <= 3254223))

table 7 : explain SELECT DISTINCT c FROM sbtest7 WHERE id BETWEEN 1868702 AND 1869701 ORDER BY c
	Unique  (cost=3665.08..3669.74 rows=933 width=121)
	  ->  Sort  (cost=3665.08..3667.41 rows=933 width=121)
	        Sort Key: c
	        ->  Bitmap Heap Scan on sbtest7  (cost=30.00..3619.05 rows=933 width=121)
	              Recheck Cond: ((id >= 1868702) AND (id <= 1869701))
	              ->  Bitmap Index Scan on sbtest7_pkey  (cost=0.00..29.76 rows=933 width=0)
	                    Index Cond: ((id >= 1868702) AND (id <= 1869701))

table 8 : explain SELECT DISTINCT c FROM sbtest8 WHERE id BETWEEN 2089662 AND 2090661 ORDER BY c
	Unique  (cost=4060.23..4065.41 rows=1035 width=121)
	  ->  Sort  (cost=4060.23..4062.82 rows=1035 width=121)
	        Sort Key: c
	        ->  Bitmap Heap Scan on sbtest8  (cost=35.04..4008.40 rows=1035 width=121)
	              Recheck Cond: ((id >= 2089662) AND (id <= 2090661))
	              ->  Bitmap Index Scan on sbtest8_pkey  (cost=0.00..34.79 rows=1035 width=0)
	                    Index Cond: ((id >= 2089662) AND (id <= 2090661))

for: order_ranges
table 1 : explain SELECT c FROM sbtest1 WHERE id BETWEEN 8550248 AND 8551247 ORDER BY c
	Sort  (cost=3964.15..3966.67 rows=1009 width=121)
	  Sort Key: c
	  ->  Bitmap Heap Scan on sbtest1  (cost=34.78..3913.81 rows=1009 width=121)
	        Recheck Cond: ((id >= 8550248) AND (id <= 8551247))
	        ->  Bitmap Index Scan on sbtest1_pkey  (cost=0.00..34.53 rows=1009 width=0)
	              Index Cond: ((id >= 8550248) AND (id <= 8551247))

table 2 : explain SELECT c FROM sbtest2 WHERE id BETWEEN 6768020 AND 6769019 ORDER BY c
	Sort  (cost=3786.02..3788.43 rows=964 width=121)
	  Sort Key: c
	  ->  Bitmap Heap Scan on sbtest2  (cost=34.32..3738.24 rows=964 width=121)
	        Recheck Cond: ((id >= 6768020) AND (id <= 6769019))
	        ->  Bitmap Index Scan on sbtest2_pkey  (cost=0.00..34.08 rows=964 width=0)
	              Index Cond: ((id >= 6768020) AND (id <= 6769019))

table 3 : explain SELECT c FROM sbtest3 WHERE id BETWEEN 4369874 AND 4370873 ORDER BY c
	Sort  (cost=3639.98..3642.29 rows=927 width=121)
	  Sort Key: c
	  ->  Bitmap Heap Scan on sbtest3  (cost=29.94..3594.29 rows=927 width=121)
	        Recheck Cond: ((id >= 4369874) AND (id <= 4370873))
	        ->  Bitmap Index Scan on sbtest3_pkey  (cost=0.00..29.70 rows=927 width=0)
	              Index Cond: ((id >= 4369874) AND (id <= 4370873))

table 4 : explain SELECT c FROM sbtest4 WHERE id BETWEEN 6272154 AND 6273153 ORDER BY c
	Sort  (cost=3572.15..3574.42 rows=909 width=121)
	  Sort Key: c
	  ->  Bitmap Heap Scan on sbtest4  (cost=29.75..3527.48 rows=909 width=121)
	        Recheck Cond: ((id >= 6272154) AND (id <= 6273153))
	        ->  Bitmap Index Scan on sbtest4_pkey  (cost=0.00..29.52 rows=909 width=0)
	              Index Cond: ((id >= 6272154) AND (id <= 6273153))

table 5 : explain SELECT c FROM sbtest5 WHERE id BETWEEN 7030115 AND 7031114 ORDER BY c
	Sort  (cost=3876.42..3878.89 rows=987 width=121)
	  Sort Key: c
	  ->  Bitmap Heap Scan on sbtest5  (cost=34.55..3827.33 rows=987 width=121)
	        Recheck Cond: ((id >= 7030115) AND (id <= 7031114))
	        ->  Bitmap Index Scan on sbtest5_pkey  (cost=0.00..34.31 rows=987 width=0)
	              Index Cond: ((id >= 7030115) AND (id <= 7031114))

table 6 : explain SELECT c FROM sbtest6 WHERE id BETWEEN 8589219 AND 8590218 ORDER BY c
	Sort  (cost=3314.83..3316.93 rows=842 width=121)
	  Sort Key: c
	  ->  Bitmap Heap Scan on sbtest6  (cost=29.07..3273.92 rows=842 width=121)
	        Recheck Cond: ((id >= 8589219) AND (id <= 8590218))
	        ->  Bitmap Index Scan on sbtest6_pkey  (cost=0.00..28.86 rows=842 width=0)
	              Index Cond: ((id >= 8589219) AND (id <= 8590218))

table 7 : explain SELECT c FROM sbtest7 WHERE id BETWEEN 504156 AND 505155 ORDER BY c
	Sort  (cost=3868.36..3870.83 rows=985 width=121)
	  Sort Key: c
	  ->  Bitmap Heap Scan on sbtest7  (cost=34.53..3819.39 rows=985 width=121)
	        Recheck Cond: ((id >= 504156) AND (id <= 505155))
	        ->  Bitmap Index Scan on sbtest7_pkey  (cost=0.00..34.29 rows=985 width=0)
	              Index Cond: ((id >= 504156) AND (id <= 505155))

table 8 : explain SELECT c FROM sbtest8 WHERE id BETWEEN 3302241 AND 3303240 ORDER BY c
	Sort  (cost=3953.11..3955.63 rows=1007 width=121)
	  Sort Key: c
	  ->  Bitmap Heap Scan on sbtest8  (cost=34.76..3902.88 rows=1007 width=121)
	        Recheck Cond: ((id >= 3302241) AND (id <= 3303240))
	        ->  Bitmap Index Scan on sbtest8_pkey  (cost=0.00..34.51 rows=1007 width=0)
	              Index Cond: ((id >= 3302241) AND (id <= 3303240))

for: distinct_ranges
table 1 : explain SELECT DISTINCT c FROM sbtest1 WHERE id BETWEEN 8196012 AND 8197011 ORDER BY c
	Unique  (cost=3676.24..3680.92 rows=935 width=121)
	  ->  Sort  (cost=3676.24..3678.58 rows=935 width=121)
	        Sort Key: c
	        ->  Bitmap Heap Scan on sbtest1  (cost=30.02..3630.11 rows=935 width=121)
	              Recheck Cond: ((id >= 8196012) AND (id <= 8197011))
	              ->  Bitmap Index Scan on sbtest1_pkey  (cost=0.00..29.79 rows=935 width=0)
	                    Index Cond: ((id >= 8196012) AND (id <= 8197011))

table 2 : explain SELECT DISTINCT c FROM sbtest2 WHERE id BETWEEN 2995396 AND 2996395 ORDER BY c
	Unique  (cost=3747.72..3752.49 rows=954 width=121)
	  ->  Sort  (cost=3747.72..3750.11 rows=954 width=121)
	        Sort Key: c
	        ->  Bitmap Heap Scan on sbtest2  (cost=34.21..3700.51 rows=954 width=121)
	              Recheck Cond: ((id >= 2995396) AND (id <= 2996395))
	              ->  Bitmap Index Scan on sbtest2_pkey  (cost=0.00..33.98 rows=954 width=0)
	                    Index Cond: ((id >= 2995396) AND (id <= 2996395))

table 3 : explain SELECT DISTINCT c FROM sbtest3 WHERE id BETWEEN 4370144 AND 4371143 ORDER BY c
	Unique  (cost=3639.98..3644.61 rows=927 width=121)
	  ->  Sort  (cost=3639.98..3642.29 rows=927 width=121)
	        Sort Key: c
	        ->  Bitmap Heap Scan on sbtest3  (cost=29.94..3594.29 rows=927 width=121)
	              Recheck Cond: ((id >= 4370144) AND (id <= 4371143))
	              ->  Bitmap Index Scan on sbtest3_pkey  (cost=0.00..29.70 rows=927 width=0)
	                    Index Cond: ((id >= 4370144) AND (id <= 4371143))

table 4 : explain SELECT DISTINCT c FROM sbtest4 WHERE id BETWEEN 22723 AND 23722 ORDER BY c
	Unique  (cost=3641.37..3646.00 rows=926 width=121)
	  ->  Sort  (cost=3641.37..3643.68 rows=926 width=121)
	        Sort Key: c
	        ->  Bitmap Heap Scan on sbtest4  (cost=33.93..3595.74 rows=926 width=121)
	              Recheck Cond: ((id >= 22723) AND (id <= 23722))
	              ->  Bitmap Index Scan on sbtest4_pkey  (cost=0.00..33.70 rows=926 width=0)
	                    Index Cond: ((id >= 22723) AND (id <= 23722))

table 5 : explain SELECT DISTINCT c FROM sbtest5 WHERE id BETWEEN 7040984 AND 7041983 ORDER BY c
	Unique  (cost=3876.42..3881.35 rows=987 width=121)
	  ->  Sort  (cost=3876.42..3878.89 rows=987 width=121)
	        Sort Key: c
	        ->  Bitmap Heap Scan on sbtest5  (cost=34.55..3827.33 rows=987 width=121)
	              Recheck Cond: ((id >= 7040984) AND (id <= 7041983))
	              ->  Bitmap Index Scan on sbtest5_pkey  (cost=0.00..34.31 rows=987 width=0)
	                    Index Cond: ((id >= 7040984) AND (id <= 7041983))

table 6 : explain SELECT DISTINCT c FROM sbtest6 WHERE id BETWEEN 4509471 AND 4510470 ORDER BY c
	Unique  (cost=3844.53..3849.42 rows=979 width=121)
	  ->  Sort  (cost=3844.53..3846.98 rows=979 width=121)
	        Sort Key: c
	        ->  Bitmap Heap Scan on sbtest6  (cost=34.47..3795.90 rows=979 width=121)
	              Recheck Cond: ((id >= 4509471) AND (id <= 4510470))
	              ->  Bitmap Index Scan on sbtest6_pkey  (cost=0.00..34.23 rows=979 width=0)
	                    Index Cond: ((id >= 4509471) AND (id <= 4510470))

table 7 : explain SELECT DISTINCT c FROM sbtest7 WHERE id BETWEEN 8698188 AND 8699187 ORDER BY c
	Unique  (cost=3967.88..3972.94 rows=1011 width=121)
	  ->  Sort  (cost=3967.88..3970.41 rows=1011 width=121)
	        Sort Key: c
	        ->  Bitmap Heap Scan on sbtest7  (cost=34.80..3917.43 rows=1011 width=121)
	              Recheck Cond: ((id >= 8698188) AND (id <= 8699187))
	              ->  Bitmap Index Scan on sbtest7_pkey  (cost=0.00..34.55 rows=1011 width=0)
	                    Index Cond: ((id >= 8698188) AND (id <= 8699187))

table 8 : explain SELECT DISTINCT c FROM sbtest8 WHERE id BETWEEN 2100970 AND 2101969 ORDER BY c
	Unique  (cost=4060.23..4065.41 rows=1035 width=121)
	  ->  Sort  (cost=4060.23..4062.82 rows=1035 width=121)
	        Sort Key: c
	        ->  Bitmap Heap Scan on sbtest8  (cost=35.04..4008.40 rows=1035 width=121)
	              Recheck Cond: ((id >= 2100970) AND (id <= 2101969))
	              ->  Bitmap Index Scan on sbtest8_pkey  (cost=0.00..34.79 rows=1035 width=0)
	                    Index Cond: ((id >= 2100970) AND (id <= 2101969))

for: order_ranges
table 1 : explain SELECT c FROM sbtest1 WHERE id BETWEEN 9194877 AND 9195876 ORDER BY c
	Sort  (cost=4017.79..4020.35 rows=1023 width=121)
	  Sort Key: c
	  ->  Bitmap Heap Scan on sbtest1  (cost=34.92..3966.65 rows=1023 width=121)
	        Recheck Cond: ((id >= 9194877) AND (id <= 9195876))
	        ->  Bitmap Index Scan on sbtest1_pkey  (cost=0.00..34.67 rows=1023 width=0)
	              Index Cond: ((id >= 9194877) AND (id <= 9195876))

table 2 : explain SELECT c FROM sbtest2 WHERE id BETWEEN 2494506 AND 2495505 ORDER BY c
	Sort  (cost=3674.93..3677.27 rows=935 width=121)
	  Sort Key: c
	  ->  Bitmap Heap Scan on sbtest2  (cost=34.02..3628.79 rows=935 width=121)
	        Recheck Cond: ((id >= 2494506) AND (id <= 2495505))
	        ->  Bitmap Index Scan on sbtest2_pkey  (cost=0.00..33.79 rows=935 width=0)
	              Index Cond: ((id >= 2494506) AND (id <= 2495505))

table 3 : explain SELECT c FROM sbtest3 WHERE id BETWEEN 8437968 AND 8438967 ORDER BY c
	Sort  (cost=4167.94..4170.60 rows=1064 width=121)
	  Sort Key: c
	  ->  Bitmap Heap Scan on sbtest3  (cost=35.34..4114.45 rows=1064 width=121)
	        Recheck Cond: ((id >= 8437968) AND (id <= 8438967))
	        ->  Bitmap Index Scan on sbtest3_pkey  (cost=0.00..35.08 rows=1064 width=0)
	              Index Cond: ((id >= 8437968) AND (id <= 8438967))

table 4 : explain SELECT c FROM sbtest4 WHERE id BETWEEN 1696029 AND 1697028 ORDER BY c
	Sort  (cost=3721.88..3724.24 rows=947 width=121)
	  Sort Key: c
	  ->  Bitmap Heap Scan on sbtest4  (cost=34.14..3675.06 rows=947 width=121)
	        Recheck Cond: ((id >= 1696029) AND (id <= 1697028))
	        ->  Bitmap Index Scan on sbtest4_pkey  (cost=0.00..33.91 rows=947 width=0)
	              Index Cond: ((id >= 1696029) AND (id <= 1697028))

table 5 : explain SELECT c FROM sbtest5 WHERE id BETWEEN 2954475 AND 2955474 ORDER BY c
	Sort  (cost=3634.75..3637.06 rows=925 width=121)
	  Sort Key: c
	  ->  Bitmap Heap Scan on sbtest5  (cost=29.92..3589.18 rows=925 width=121)
	        Recheck Cond: ((id >= 2954475) AND (id <= 2955474))
	        ->  Bitmap Index Scan on sbtest5_pkey  (cost=0.00..29.68 rows=925 width=0)
	              Index Cond: ((id >= 2954475) AND (id <= 2955474))

table 6 : explain SELECT c FROM sbtest6 WHERE id BETWEEN 888385 AND 889384 ORDER BY c
	Sort  (cost=3591.40..3593.69 rows=914 width=121)
	  Sort Key: c
	  ->  Bitmap Heap Scan on sbtest6  (cost=29.80..3546.45 rows=914 width=121)
	        Recheck Cond: ((id >= 888385) AND (id <= 889384))
	        ->  Bitmap Index Scan on sbtest6_pkey  (cost=0.00..29.57 rows=914 width=0)
	              Index Cond: ((id >= 888385) AND (id <= 889384))

table 7 : explain SELECT c FROM sbtest7 WHERE id BETWEEN 7537553 AND 7538552 ORDER BY c
	Sort  (cost=3891.34..3893.81 rows=991 width=121)
	  Sort Key: c
	  ->  Bitmap Heap Scan on sbtest7  (cost=34.59..3842.02 rows=991 width=121)
	        Recheck Cond: ((id >= 7537553) AND (id <= 7538552))
	        ->  Bitmap Index Scan on sbtest7_pkey  (cost=0.00..34.34 rows=991 width=0)
	              Index Cond: ((id >= 7537553) AND (id <= 7538552))

table 8 : explain SELECT c FROM sbtest8 WHERE id BETWEEN 8254644 AND 8255643 ORDER BY c
	Sort  (cost=3830.57..3833.01 rows=975 width=121)
	  Sort Key: c
	  ->  Bitmap Heap Scan on sbtest8  (cost=34.43..3782.17 rows=975 width=121)
	        Recheck Cond: ((id >= 8254644) AND (id <= 8255643))
	        ->  Bitmap Index Scan on sbtest8_pkey  (cost=0.00..34.19 rows=975 width=0)
	              Index Cond: ((id >= 8254644) AND (id <= 8255643))

for: distinct_ranges
table 1 : explain SELECT DISTINCT c FROM sbtest1 WHERE id BETWEEN 2450426 AND 2451425 ORDER BY c
	Unique  (cost=3883.65..3888.59 rows=988 width=121)
	  ->  Sort  (cost=3883.65..3886.12 rows=988 width=121)
	        Sort Key: c
	        ->  Bitmap Heap Scan on sbtest1  (cost=34.56..3834.50 rows=988 width=121)
	              Recheck Cond: ((id >= 2450426) AND (id <= 2451425))
	              ->  Bitmap Index Scan on sbtest1_pkey  (cost=0.00..34.32 rows=988 width=0)
	                    Index Cond: ((id >= 2450426) AND (id <= 2451425))

table 2 : explain SELECT DISTINCT c FROM sbtest2 WHERE id BETWEEN 3415961 AND 3416960 ORDER BY c
	Unique  (cost=4210.27..4215.65 rows=1075 width=121)
	  ->  Sort  (cost=4210.27..4212.96 rows=1075 width=121)
	        Sort Key: c
	        ->  Bitmap Heap Scan on sbtest2  (cost=35.45..4156.14 rows=1075 width=121)
	              Recheck Cond: ((id >= 3415961) AND (id <= 3416960))
	              ->  Bitmap Index Scan on sbtest2_pkey  (cost=0.00..35.19 rows=1075 width=0)
	                    Index Cond: ((id >= 3415961) AND (id <= 3416960))

table 3 : explain SELECT DISTINCT c FROM sbtest3 WHERE id BETWEEN 5681051 AND 5682050 ORDER BY c
	Unique  (cost=3586.30..3590.87 rows=913 width=121)
	  ->  Sort  (cost=3586.30..3588.59 rows=913 width=121)
	        Sort Key: c
	        ->  Bitmap Heap Scan on sbtest3  (cost=29.79..3541.41 rows=913 width=121)
	              Recheck Cond: ((id >= 5681051) AND (id <= 5682050))
	              ->  Bitmap Index Scan on sbtest3_pkey  (cost=0.00..29.57 rows=913 width=0)
	                    Index Cond: ((id >= 5681051) AND (id <= 5682050))

table 4 : explain SELECT DISTINCT c FROM sbtest4 WHERE id BETWEEN 5953155 AND 5954154 ORDER BY c
	Unique  (cost=3664.38..3669.04 rows=932 width=121)
	  ->  Sort  (cost=3664.38..3666.71 rows=932 width=121)
	        Sort Key: c
	        ->  Bitmap Heap Scan on sbtest4  (cost=33.99..3618.41 rows=932 width=121)
	              Recheck Cond: ((id >= 5953155) AND (id <= 5954154))
	              ->  Bitmap Index Scan on sbtest4_pkey  (cost=0.00..33.76 rows=932 width=0)
	                    Index Cond: ((id >= 5953155) AND (id <= 5954154))

table 5 : explain SELECT DISTINCT c FROM sbtest5 WHERE id BETWEEN 6309095 AND 6310094 ORDER BY c
	Unique  (cost=3891.74..3896.69 rows=991 width=121)
	  ->  Sort  (cost=3891.74..3894.21 rows=991 width=121)
	        Sort Key: c
	        ->  Bitmap Heap Scan on sbtest5  (cost=34.59..3842.42 rows=991 width=121)
	              Recheck Cond: ((id >= 6309095) AND (id <= 6310094))
	              ->  Bitmap Index Scan on sbtest5_pkey  (cost=0.00..34.34 rows=991 width=0)
	                    Index Cond: ((id >= 6309095) AND (id <= 6310094))

table 6 : explain SELECT DISTINCT c FROM sbtest6 WHERE id BETWEEN 4808038 AND 4809037 ORDER BY c
	Unique  (cost=3691.28..3695.98 rows=939 width=121)
	  ->  Sort  (cost=3691.28..3693.63 rows=939 width=121)
	        Sort Key: c
	        ->  Bitmap Heap Scan on sbtest6  (cost=34.06..3644.92 rows=939 width=121)
	              Recheck Cond: ((id >= 4808038) AND (id <= 4809037))
	              ->  Bitmap Index Scan on sbtest6_pkey  (cost=0.00..33.83 rows=939 width=0)
	                    Index Cond: ((id >= 4808038) AND (id <= 4809037))

table 7 : explain SELECT DISTINCT c FROM sbtest7 WHERE id BETWEEN 8726964 AND 8727963 ORDER BY c
	Unique  (cost=3967.88..3972.94 rows=1011 width=121)
	  ->  Sort  (cost=3967.88..3970.41 rows=1011 width=121)
	        Sort Key: c
	        ->  Bitmap Heap Scan on sbtest7  (cost=34.80..3917.43 rows=1011 width=121)
	              Recheck Cond: ((id >= 8726964) AND (id <= 8727963))
	              ->  Bitmap Index Scan on sbtest7_pkey  (cost=0.00..34.55 rows=1011 width=0)
	                    Index Cond: ((id >= 8726964) AND (id <= 8727963))

table 8 : explain SELECT DISTINCT c FROM sbtest8 WHERE id BETWEEN 7048179 AND 7049178 ORDER BY c
	Unique  (cost=3922.49..3927.48 rows=999 width=121)
	  ->  Sort  (cost=3922.49..3924.99 rows=999 width=121)
	        Sort Key: c
	        ->  Bitmap Heap Scan on sbtest8  (cost=34.67..3872.72 rows=999 width=121)
	              Recheck Cond: ((id >= 7048179) AND (id <= 7049178))
	              ->  Bitmap Index Scan on sbtest8_pkey  (cost=0.00..34.43 rows=999 width=0)
	                    Index Cond: ((id >= 7048179) AND (id <= 7049178))

for: distinct_ranges
table 1 : explain SELECT DISTINCT c FROM sbtest1 WHERE id BETWEEN 3028334 AND 3029333 ORDER BY c
	Unique  (cost=3710.97..3715.68 rows=943 width=121)
	  ->  Sort  (cost=3710.97..3713.32 rows=943 width=121)
	        Sort Key: c
	        ->  Bitmap Heap Scan on sbtest1  (cost=34.10..3664.38 rows=943 width=121)
	              Recheck Cond: ((id >= 3028334) AND (id <= 3029333))
	              ->  Bitmap Index Scan on sbtest1_pkey  (cost=0.00..33.87 rows=943 width=0)
	                    Index Cond: ((id >= 3028334) AND (id <= 3029333))

table 2 : explain SELECT DISTINCT c FROM sbtest2 WHERE id BETWEEN 259735 AND 260734 ORDER BY c
	Unique  (cost=3858.74..3863.66 rows=983 width=121)
	  ->  Sort  (cost=3858.74..3861.20 rows=983 width=121)
	        Sort Key: c
	        ->  Bitmap Heap Scan on sbtest2  (cost=34.51..3809.88 rows=983 width=121)
	              Recheck Cond: ((id >= 259735) AND (id <= 260734))
	              ->  Bitmap Index Scan on sbtest2_pkey  (cost=0.00..34.27 rows=983 width=0)
	                    Index Cond: ((id >= 259735) AND (id <= 260734))

table 3 : explain SELECT DISTINCT c FROM sbtest3 WHERE id BETWEEN 3283494 AND 3284493 ORDER BY c
	Unique  (cost=3904.33..3909.31 rows=995 width=121)
	  ->  Sort  (cost=3904.33..3906.82 rows=995 width=121)
	        Sort Key: c
	        ->  Bitmap Heap Scan on sbtest3  (cost=34.63..3854.79 rows=995 width=121)
	              Recheck Cond: ((id >= 3283494) AND (id <= 3284493))
	              ->  Bitmap Index Scan on sbtest3_pkey  (cost=0.00..34.39 rows=995 width=0)
	                    Index Cond: ((id >= 3283494) AND (id <= 3284493))

table 4 : explain SELECT DISTINCT c FROM sbtest4 WHERE id BETWEEN 7825823 AND 7826822 ORDER BY c
	Unique  (cost=3771.69..3776.49 rows=960 width=121)
	  ->  Sort  (cost=3771.69..3774.09 rows=960 width=121)
	        Sort Key: c
	        ->  Bitmap Heap Scan on sbtest4  (cost=34.28..3724.14 rows=960 width=121)
	              Recheck Cond: ((id >= 7825823) AND (id <= 7826822))
	              ->  Bitmap Index Scan on sbtest4_pkey  (cost=0.00..34.04 rows=960 width=0)
	                    Index Cond: ((id >= 7825823) AND (id <= 7826822))

table 5 : explain SELECT DISTINCT c FROM sbtest5 WHERE id BETWEEN 1205869 AND 1206868 ORDER BY c
	Unique  (cost=3630.91..3635.53 rows=924 width=121)
	  ->  Sort  (cost=3630.91..3633.22 rows=924 width=121)
	        Sort Key: c
	        ->  Bitmap Heap Scan on sbtest5  (cost=29.91..3585.39 rows=924 width=121)
	              Recheck Cond: ((id >= 1205869) AND (id <= 1206868))
	              ->  Bitmap Index Scan on sbtest5_pkey  (cost=0.00..29.68 rows=924 width=0)
	                    Index Cond: ((id >= 1205869) AND (id <= 1206868))

table 6 : explain SELECT DISTINCT c FROM sbtest6 WHERE id BETWEEN 3201680 AND 3202679 ORDER BY c
	Unique  (cost=4154.26..4159.56 rows=1060 width=121)
	  ->  Sort  (cost=4154.26..4156.91 rows=1060 width=121)
	        Sort Key: c
	        ->  Bitmap Heap Scan on sbtest6  (cost=35.30..4100.99 rows=1060 width=121)
	              Recheck Cond: ((id >= 3201680) AND (id <= 3202679))
	              ->  Bitmap Index Scan on sbtest6_pkey  (cost=0.00..35.04 rows=1060 width=0)
	                    Index Cond: ((id >= 3201680) AND (id <= 3202679))

table 7 : explain SELECT DISTINCT c FROM sbtest7 WHERE id BETWEEN 2420587 AND 2421586 ORDER BY c
	Unique  (cost=3845.39..3850.28 rows=979 width=121)
	  ->  Sort  (cost=3845.39..3847.83 rows=979 width=121)
	        Sort Key: c
	        ->  Bitmap Heap Scan on sbtest7  (cost=34.47..3796.75 rows=979 width=121)
	              Recheck Cond: ((id >= 2420587) AND (id <= 2421586))
	              ->  Bitmap Index Scan on sbtest7_pkey  (cost=0.00..34.23 rows=979 width=0)
	                    Index Cond: ((id >= 2420587) AND (id <= 2421586))

table 8 : explain SELECT DISTINCT c FROM sbtest8 WHERE id BETWEEN 8311383 AND 8312382 ORDER BY c
	Unique  (cost=3826.74..3831.61 rows=974 width=121)
	  ->  Sort  (cost=3826.74..3829.18 rows=974 width=121)
	        Sort Key: c
	        ->  Bitmap Heap Scan on sbtest8  (cost=34.42..3778.39 rows=974 width=121)
	              Recheck Cond: ((id >= 8311383) AND (id <= 8312382))
	              ->  Bitmap Index Scan on sbtest8_pkey  (cost=0.00..34.18 rows=974 width=0)
	                    Index Cond: ((id >= 8311383) AND (id <= 8312382))

Threads started!

Warming up for 5 seconds...

SQL statistics:
    queries performed:
        read:                            159758939
        write:                           0
        other:                           29047105
        total:                           188806044
    transactions:                        14523572 (23053.02 per sec.)
    queries:                             188806044 (299688.68 per sec.)
    ignored errors:                      0      (0.00 per sec.)
    reconnects:                          0      (0.00 per sec.)

Throughput:
    events/s (eps):                      23053.0231
    time elapsed:                        630.0074s
    total number of events:              14523572

Latency (ms):
         min:                                    0.53
         avg:                                    1.73
         max:                                   13.89
         95th percentile:                        1.86
         sum:                             25186595.24

Threads fairness:
    events (avg/stddev):           363088.9250/592.93
    execution time (avg/stddev):   629.6649/0.01

