LUA_PATH=/home/mdcallag/git/mytools/bench/sysbench.lua/lua/?.lua /home/mdcallag/git/mytools/bench/sysbench.lua/lua/sysbench --db-driver=pgsql --range-size=10000 --table-size=10000000 --tables=8 --threads=40 --events=0 --warmup-time=5 --time=630 --pgsql_conn_id=true /home/mdcallag/git/mytools/bench/sysbench.lua/lua/oltp_read_only.lua run --pgsql-user=root --pgsql-password=pw --pgsql-host=127.0.0.1 --pgsql-db=ib --rand-type=uniform
48 CPUs
sysbench 1.1.0-9072687 (using bundled LuaJIT 2.1.0-beta3)

Running the test with following options:
Number of threads: 40
Warmup time: 5s
Initializing random number generator from current time


Initializing worker threads...

explain: for point_selects :: explain SELECT c FROM sbtest%u WHERE id=%u
explain: for point_selects :: explain SELECT c FROM sbtest%u WHERE id=%u
explain: for point_selects :: explain SELECT c FROM sbtest%u WHERE id=%u
explain: for point_selects :: explain SELECT c FROM sbtest%u WHERE id=%u
explain: for point_selects :: explain SELECT c FROM sbtest%u WHERE id=%u
for point_selects
table 1 : explain SELECT c FROM sbtest1 WHERE id=8158909
	Index Scan using sbtest1_pkey on sbtest1  (cost=0.43..8.45 rows=1 width=121)
	  Index Cond: (id = 8158909)

table 2 : explain SELECT c FROM sbtest2 WHERE id=3660316
	Index Scan using sbtest2_pkey on sbtest2  (cost=0.43..8.45 rows=1 width=121)
	  Index Cond: (id = 3660316)

table 3 : explain SELECT c FROM sbtest3 WHERE id=4275171
	Index Scan using sbtest3_pkey on sbtest3  (cost=0.43..8.45 rows=1 width=121)
	  Index Cond: (id = 4275171)

table 4 : explain SELECT c FROM sbtest4 WHERE id=4179804
	Index Scan using sbtest4_pkey on sbtest4  (cost=0.43..8.45 rows=1 width=121)
	  Index Cond: (id = 4179804)

table 5 : explain SELECT c FROM sbtest5 WHERE id=1998451
	Index Scan using sbtest5_pkey on sbtest5  (cost=0.43..8.45 rows=1 width=121)
	  Index Cond: (id = 1998451)

table 6 : explain SELECT c FROM sbtest6 WHERE id=5401273
	Index Scan using sbtest6_pkey on sbtest6  (cost=0.43..8.45 rows=1 width=121)
	  Index Cond: (id = 5401273)

table 7 : explain SELECT c FROM sbtest7 WHERE id=2695286
	Index Scan using sbtest7_pkey on sbtest7  (cost=0.43..8.45 rows=1 width=121)
	  Index Cond: (id = 2695286)

table 8 : explain SELECT c FROM sbtest8 WHERE id=4060331
	Index Scan using sbtest8_pkey on sbtest8  (cost=0.43..8.45 rows=1 width=121)
	  Index Cond: (id = 4060331)

for point_selects
table 1 : explain SELECT c FROM sbtest1 WHERE id=4424467
	Index Scan using sbtest1_pkey on sbtest1  (cost=0.43..8.45 rows=1 width=121)
	  Index Cond: (id = 4424467)

table 2 : explain SELECT c FROM sbtest2 WHERE id=6741408
	Index Scan using sbtest2_pkey on sbtest2  (cost=0.43..8.45 rows=1 width=121)
	  Index Cond: (id = 6741408)

table 3 : explain SELECT c FROM sbtest3 WHERE id=7371764
	Index Scan using sbtest3_pkey on sbtest3  (cost=0.43..8.45 rows=1 width=121)
	  Index Cond: (id = 7371764)

table 4 : explain SELECT c FROM sbtest4 WHERE id=2928176
	Index Scan using sbtest4_pkey on sbtest4  (cost=0.43..8.45 rows=1 width=121)
	  Index Cond: (id = 2928176)

table 5 : explain SELECT c FROM sbtest5 WHERE id=4232811
	Index Scan using sbtest5_pkey on sbtest5  (cost=0.43..8.45 rows=1 width=121)
	  Index Cond: (id = 4232811)

table 6 : explain SELECT c FROM sbtest6 WHERE id=6365902
	Index Scan using sbtest6_pkey on sbtest6  (cost=0.43..8.45 rows=1 width=121)
	  Index Cond: (id = 6365902)

table 7 : explain SELECT c FROM sbtest7 WHERE id=1932051
	Index Scan using sbtest7_pkey on sbtest7  (cost=0.43..8.45 rows=1 width=121)
	  Index Cond: (id = 1932051)

table 8 : explain SELECT c FROM sbtest8 WHERE id=5299159
	Index Scan using sbtest8_pkey on sbtest8  (cost=0.43..8.45 rows=1 width=121)
	  Index Cond: (id = 5299159)

for point_selects
table 1 : explain SELECT c FROM sbtest1 WHERE id=7122892
	Index Scan using sbtest1_pkey on sbtest1  (cost=0.43..8.45 rows=1 width=121)
	  Index Cond: (id = 7122892)

table 2 : explain SELECT c FROM sbtest2 WHERE id=5457039
	Index Scan using sbtest2_pkey on sbtest2  (cost=0.43..8.45 rows=1 width=121)
	  Index Cond: (id = 5457039)

table 3 : explain SELECT c FROM sbtest3 WHERE id=8414377
	Index Scan using sbtest3_pkey on sbtest3  (cost=0.43..8.45 rows=1 width=121)
	  Index Cond: (id = 8414377)

table 4 : explain SELECT c FROM sbtest4 WHERE id=8967216
	Index Scan using sbtest4_pkey on sbtest4  (cost=0.43..8.45 rows=1 width=121)
	  Index Cond: (id = 8967216)

table 5 : explain SELECT c FROM sbtest5 WHERE id=6323759
	Index Scan using sbtest5_pkey on sbtest5  (cost=0.43..8.45 rows=1 width=121)
	  Index Cond: (id = 6323759)

table 6 : explain SELECT c FROM sbtest6 WHERE id=7337205
	Index Scan using sbtest6_pkey on sbtest6  (cost=0.43..8.45 rows=1 width=121)
	  Index Cond: (id = 7337205)

table 7 : explain SELECT c FROM sbtest7 WHERE id=4251020
	Index Scan using sbtest7_pkey on sbtest7  (cost=0.43..8.45 rows=1 width=121)
	  Index Cond: (id = 4251020)

table 8 : explain SELECT c FROM sbtest8 WHERE id=9950128
	Index Scan using sbtest8_pkey on sbtest8  (cost=0.43..8.45 rows=1 width=121)
	  Index Cond: (id = 9950128)

for: simple_ranges
table 1 : explain SELECT c FROM sbtest1 WHERE id BETWEEN 9287650 AND 9297649
	Bitmap Heap Scan on sbtest1  (cost=342.84..37162.23 rows=10771 width=121)
	  Recheck Cond: ((id >= 9287650) AND (id <= 9297649))
	  ->  Bitmap Index Scan on sbtest1_pkey  (cost=0.00..340.15 rows=10771 width=0)
	        Index Cond: ((id >= 9287650) AND (id <= 9297649))

table 2 : explain SELECT c FROM sbtest2 WHERE id BETWEEN 6192950 AND 6202949
	Bitmap Heap Scan on sbtest2  (cost=306.40..33128.22 rows=9558 width=121)
	  Recheck Cond: ((id >= 6192950) AND (id <= 6202949))
	  ->  Bitmap Index Scan on sbtest2_pkey  (cost=0.00..304.01 rows=9558 width=0)
	        Index Cond: ((id >= 6192950) AND (id <= 6202949))

table 3 : explain SELECT c FROM sbtest3 WHERE id BETWEEN 3207241 AND 3217240
	Bitmap Heap Scan on sbtest3  (cost=314.38..34332.38 rows=9946 width=121)
	  Recheck Cond: ((id >= 3207241) AND (id <= 3217240))
	  ->  Bitmap Index Scan on sbtest3_pkey  (cost=0.00..311.90 rows=9946 width=0)
	        Index Cond: ((id >= 3207241) AND (id <= 3217240))

table 4 : explain SELECT c FROM sbtest4 WHERE id BETWEEN 4159980 AND 4169979
	Bitmap Heap Scan on sbtest4  (cost=370.53..39281.36 rows=11521 width=121)
	  Recheck Cond: ((id >= 4159980) AND (id <= 4169979))
	  ->  Bitmap Index Scan on sbtest4_pkey  (cost=0.00..367.65 rows=11521 width=0)
	        Index Cond: ((id >= 4159980) AND (id <= 4169979))

table 5 : explain SELECT c FROM sbtest5 WHERE id BETWEEN 4406487 AND 4416486
	Bitmap Heap Scan on sbtest5  (cost=307.47..33538.52 rows=9662 width=121)
	  Recheck Cond: ((id >= 4406487) AND (id <= 4416486))
	  ->  Bitmap Index Scan on sbtest5_pkey  (cost=0.00..305.06 rows=9662 width=0)
	        Index Cond: ((id >= 4406487) AND (id <= 4416486))

table 6 : explain SELECT c FROM sbtest6 WHERE id BETWEEN 2371514 AND 2381513
	Bitmap Heap Scan on sbtest6  (cost=313.39..34083.20 rows=9849 width=121)
	  Recheck Cond: ((id >= 2371514) AND (id <= 2381513))
	  ->  Bitmap Index Scan on sbtest6_pkey  (cost=0.00..310.93 rows=9849 width=0)
	        Index Cond: ((id >= 2371514) AND (id <= 2381513))

table 7 : explain SELECT c FROM sbtest7 WHERE id BETWEEN 7955240 AND 7965239
	Bitmap Heap Scan on sbtest7  (cost=343.25..37124.78 rows=10811 width=121)
	  Recheck Cond: ((id >= 7955240) AND (id <= 7965239))
	  ->  Bitmap Index Scan on sbtest7_pkey  (cost=0.00..340.55 rows=10811 width=0)
	        Index Cond: ((id >= 7955240) AND (id <= 7965239))

table 8 : explain SELECT c FROM sbtest8 WHERE id BETWEEN 7434112 AND 7444111
	Bitmap Heap Scan on sbtest8  (cost=307.66..33597.31 rows=9680 width=121)
	  Recheck Cond: ((id >= 7434112) AND (id <= 7444111))
	  ->  Bitmap Index Scan on sbtest8_pkey  (cost=0.00..305.24 rows=9680 width=0)
	        Index Cond: ((id >= 7434112) AND (id <= 7444111))

for point_selects
table 1 : explain SELECT c FROM sbtest1 WHERE id=1422958
	Index Scan using sbtest1_pkey on sbtest1  (cost=0.43..8.45 rows=1 width=121)
	  Index Cond: (id = 1422958)

table 2 : explain SELECT c FROM sbtest2 WHERE id=5501567
	Index Scan using sbtest2_pkey on sbtest2  (cost=0.43..8.45 rows=1 width=121)
	  Index Cond: (id = 5501567)

table 3 : explain SELECT c FROM sbtest3 WHERE id=3040923
	Index Scan using sbtest3_pkey on sbtest3  (cost=0.43..8.45 rows=1 width=121)
	  Index Cond: (id = 3040923)

table 4 : explain SELECT c FROM sbtest4 WHERE id=5449118
	Index Scan using sbtest4_pkey on sbtest4  (cost=0.43..8.45 rows=1 width=121)
	  Index Cond: (id = 5449118)

table 5 : explain SELECT c FROM sbtest5 WHERE id=6874699
	Index Scan using sbtest5_pkey on sbtest5  (cost=0.43..8.45 rows=1 width=121)
	  Index Cond: (id = 6874699)

table 6 : explain SELECT c FROM sbtest6 WHERE id=6340682
	Index Scan using sbtest6_pkey on sbtest6  (cost=0.43..8.45 rows=1 width=121)
	  Index Cond: (id = 6340682)

table 7 : explain SELECT c FROM sbtest7 WHERE id=6452638
	Index Scan using sbtest7_pkey on sbtest7  (cost=0.43..8.45 rows=1 width=121)
	  Index Cond: (id = 6452638)

table 8 : explain SELECT c FROM sbtest8 WHERE id=6031310
	Index Scan using sbtest8_pkey on sbtest8  (cost=0.43..8.45 rows=1 width=121)
	  Index Cond: (id = 6031310)

for point_selects
table 1 : explain SELECT c FROM sbtest1 WHERE id=2926925
	Index Scan using sbtest1_pkey on sbtest1  (cost=0.43..8.45 rows=1 width=121)
	  Index Cond: (id = 2926925)

table 2 : explain SELECT c FROM sbtest2 WHERE id=1086547
	Index Scan using sbtest2_pkey on sbtest2  (cost=0.43..8.45 rows=1 width=121)
	  Index Cond: (id = 1086547)

table 3 : explain SELECT c FROM sbtest3 WHERE id=4536631
	Index Scan using sbtest3_pkey on sbtest3  (cost=0.43..8.45 rows=1 width=121)
	  Index Cond: (id = 4536631)

table 4 : explain SELECT c FROM sbtest4 WHERE id=5912459
	Index Scan using sbtest4_pkey on sbtest4  (cost=0.43..8.45 rows=1 width=121)
	  Index Cond: (id = 5912459)

table 5 : explain SELECT c FROM sbtest5 WHERE id=9178170
	Index Scan using sbtest5_pkey on sbtest5  (cost=0.43..8.45 rows=1 width=121)
	  Index Cond: (id = 9178170)

table 6 : explain SELECT c FROM sbtest6 WHERE id=8613228
	Index Scan using sbtest6_pkey on sbtest6  (cost=0.43..8.45 rows=1 width=121)
	  Index Cond: (id = 8613228)

table 7 : explain SELECT c FROM sbtest7 WHERE id=6327523
	Index Scan using sbtest7_pkey on sbtest7  (cost=0.43..8.45 rows=1 width=121)
	  Index Cond: (id = 6327523)

table 8 : explain SELECT c FROM sbtest8 WHERE id=5327142
	Index Scan using sbtest8_pkey on sbtest8  (cost=0.43..8.45 rows=1 width=121)
	  Index Cond: (id = 5327142)

for: simple_ranges
table 1 : explain SELECT c FROM sbtest1 WHERE id BETWEEN 6651122 AND 6661121
	Bitmap Heap Scan on sbtest1  (cost=366.62..39524.69 rows=11530 width=121)
	  Recheck Cond: ((id >= 6651122) AND (id <= 6661121))
	  ->  Bitmap Index Scan on sbtest1_pkey  (cost=0.00..363.74 rows=11530 width=0)
	        Index Cond: ((id >= 6651122) AND (id <= 6661121))

table 2 : explain SELECT c FROM sbtest2 WHERE id BETWEEN 8667151 AND 8677150
	Bitmap Heap Scan on sbtest2  (cost=336.87..36323.87 rows=10579 width=121)
	  Recheck Cond: ((id >= 8667151) AND (id <= 8677150))
	  ->  Bitmap Index Scan on sbtest2_pkey  (cost=0.00..334.23 rows=10579 width=0)
	        Index Cond: ((id >= 8667151) AND (id <= 8677150))

table 3 : explain SELECT c FROM sbtest3 WHERE id BETWEEN 2326638 AND 2336637
	Bitmap Heap Scan on sbtest3  (cost=313.79..34152.13 rows=9888 width=121)
	  Recheck Cond: ((id >= 2326638) AND (id <= 2336637))
	  ->  Bitmap Index Scan on sbtest3_pkey  (cost=0.00..311.31 rows=9888 width=0)
	        Index Cond: ((id >= 2326638) AND (id <= 2336637))

table 4 : explain SELECT c FROM sbtest4 WHERE id BETWEEN 5607216 AND 5617215
	Bitmap Heap Scan on sbtest4  (cost=288.46..31322.57 rows=8978 width=121)
	  Recheck Cond: ((id >= 5607216) AND (id <= 5617215))
	  ->  Bitmap Index Scan on sbtest4_pkey  (cost=0.00..286.21 rows=8978 width=0)
	        Index Cond: ((id >= 5607216) AND (id <= 5617215))

table 5 : explain SELECT c FROM sbtest5 WHERE id BETWEEN 5202514 AND 5212513
	Bitmap Heap Scan on sbtest5  (cost=319.11..34659.13 rows=10017 width=121)
	  Recheck Cond: ((id >= 5202514) AND (id <= 5212513))
	  ->  Bitmap Index Scan on sbtest5_pkey  (cost=0.00..316.61 rows=10017 width=0)
	        Index Cond: ((id >= 5202514) AND (id <= 5212513))

table 6 : explain SELECT c FROM sbtest6 WHERE id BETWEEN 2435930 AND 2445929
	Bitmap Heap Scan on sbtest6  (cost=313.39..34083.20 rows=9849 width=121)
	  Recheck Cond: ((id >= 2435930) AND (id <= 2445929))
	  ->  Bitmap Index Scan on sbtest6_pkey  (cost=0.00..310.93 rows=9849 width=0)
	        Index Cond: ((id >= 2435930) AND (id <= 2445929))

table 7 : explain SELECT c FROM sbtest7 WHERE id BETWEEN 3322839 AND 3332838
	Bitmap Heap Scan on sbtest7  (cost=342.43..36878.64 rows=10731 width=121)
	  Recheck Cond: ((id >= 3322839) AND (id <= 3332838))
	  ->  Bitmap Index Scan on sbtest7_pkey  (cost=0.00..339.75 rows=10731 width=0)
	        Index Cond: ((id >= 3322839) AND (id <= 3332838))

table 8 : explain SELECT c FROM sbtest8 WHERE id BETWEEN 207795 AND 217794
	Bitmap Heap Scan on sbtest8  (cost=320.19..34992.04 rows=10122 width=121)
	  Recheck Cond: ((id >= 207795) AND (id <= 217794))
	  ->  Bitmap Index Scan on sbtest8_pkey  (cost=0.00..317.66 rows=10122 width=0)
	        Index Cond: ((id >= 207795) AND (id <= 217794))

for: simple_ranges
table 1 : explain SELECT c FROM sbtest1 WHERE id BETWEEN 2614519 AND 2624518
	Bitmap Heap Scan on sbtest1  (cost=330.54..35845.78 rows=10352 width=121)
	  Recheck Cond: ((id >= 2614519) AND (id <= 2624518))
	  ->  Bitmap Index Scan on sbtest1_pkey  (cost=0.00..327.95 rows=10352 width=0)
	        Index Cond: ((id >= 2614519) AND (id <= 2624518))

table 2 : explain SELECT c FROM sbtest2 WHERE id BETWEEN 7001654 AND 7011653
	Bitmap Heap Scan on sbtest2  (cost=335.83..36010.66 rows=10478 width=121)
	  Recheck Cond: ((id >= 7001654) AND (id <= 7011653))
	  ->  Bitmap Index Scan on sbtest2_pkey  (cost=0.00..333.21 rows=10478 width=0)
	        Index Cond: ((id >= 7001654) AND (id <= 7011653))

table 3 : explain SELECT c FROM sbtest3 WHERE id BETWEEN 3671588 AND 3681587
	Bitmap Heap Scan on sbtest3  (cost=342.77..36884.69 rows=10764 width=121)
	  Recheck Cond: ((id >= 3671588) AND (id <= 3681587))
	  ->  Bitmap Index Scan on sbtest3_pkey  (cost=0.00..340.07 rows=10764 width=0)
	        Index Cond: ((id >= 3671588) AND (id <= 3681587))

table 4 : explain SELECT c FROM sbtest4 WHERE id BETWEEN 207812 AND 217811
	Bitmap Heap Scan on sbtest4  (cost=322.68..34482.31 rows=9975 width=121)
	  Recheck Cond: ((id >= 207812) AND (id <= 217811))
	  ->  Bitmap Index Scan on sbtest4_pkey  (cost=0.00..320.19 rows=9975 width=0)
	        Index Cond: ((id >= 207812) AND (id <= 217811))

table 5 : explain SELECT c FROM sbtest5 WHERE id BETWEEN 5306457 AND 5316456
	Bitmap Heap Scan on sbtest5  (cost=313.60..34193.22 rows=9870 width=121)
	  Recheck Cond: ((id >= 5306457) AND (id <= 5316456))
	  ->  Bitmap Index Scan on sbtest5_pkey  (cost=0.00..311.13 rows=9870 width=0)
	        Index Cond: ((id >= 5306457) AND (id <= 5316456))

table 6 : explain SELECT c FROM sbtest6 WHERE id BETWEEN 3732578 AND 3742577
	Bitmap Heap Scan on sbtest6  (cost=324.38..34999.90 rows=10141 width=121)
	  Recheck Cond: ((id >= 3732578) AND (id <= 3742577))
	  ->  Bitmap Index Scan on sbtest6_pkey  (cost=0.00..321.84 rows=10141 width=0)
	        Index Cond: ((id >= 3732578) AND (id <= 3742577))

table 7 : explain SELECT c FROM sbtest7 WHERE id BETWEEN 6434813 AND 6444812
	Bitmap Heap Scan on sbtest7  (cost=361.60..39043.61 rows=11431 width=121)
	  Recheck Cond: ((id >= 6434813) AND (id <= 6444812))
	  ->  Bitmap Index Scan on sbtest7_pkey  (cost=0.00..358.75 rows=11431 width=0)
	        Index Cond: ((id >= 6434813) AND (id <= 6444812))

table 8 : explain SELECT c FROM sbtest8 WHERE id BETWEEN 3214883 AND 3224882
	Bitmap Heap Scan on sbtest8  (cost=348.99..37674.18 rows=10981 width=121)
	  Recheck Cond: ((id >= 3214883) AND (id <= 3224882))
	  ->  Bitmap Index Scan on sbtest8_pkey  (cost=0.00..346.25 rows=10981 width=0)
	        Index Cond: ((id >= 3214883) AND (id <= 3224882))

for: simple_ranges
table 1 : explain SELECT c FROM sbtest1 WHERE id BETWEEN 7234683 AND 7244682
	Bitmap Heap Scan on sbtest1  (cost=307.87..33780.17 rows=9701 width=121)
	  Recheck Cond: ((id >= 7234683) AND (id <= 7244682))
	  ->  Bitmap Index Scan on sbtest1_pkey  (cost=0.00..305.44 rows=9701 width=0)
	        Index Cond: ((id >= 7234683) AND (id <= 7244682))

table 2 : explain SELECT c FROM sbtest2 WHERE id BETWEEN 2653811 AND 2663810
	Bitmap Heap Scan on sbtest2  (cost=318.32..34330.17 rows=9940 width=121)
	  Recheck Cond: ((id >= 2653811) AND (id <= 2663810))
	  ->  Bitmap Index Scan on sbtest2_pkey  (cost=0.00..315.83 rows=9940 width=0)
	        Index Cond: ((id >= 2653811) AND (id <= 2663810))

table 3 : explain SELECT c FROM sbtest3 WHERE id BETWEEN 5322909 AND 5332908
	Bitmap Heap Scan on sbtest3  (cost=296.33..32473.17 rows=9356 width=121)
	  Recheck Cond: ((id >= 5322909) AND (id <= 5332908))
	  ->  Bitmap Index Scan on sbtest3_pkey  (cost=0.00..294.00 rows=9356 width=0)
	        Index Cond: ((id >= 5322909) AND (id <= 5332908))

table 4 : explain SELECT c FROM sbtest4 WHERE id BETWEEN 8337563 AND 8347562
	Bitmap Heap Scan on sbtest4  (cost=329.24..35265.01 rows=10225 width=121)
	  Recheck Cond: ((id >= 8337563) AND (id <= 8347562))
	  ->  Bitmap Index Scan on sbtest4_pkey  (cost=0.00..326.69 rows=10225 width=0)
	        Index Cond: ((id >= 8337563) AND (id <= 8347562))

table 5 : explain SELECT c FROM sbtest5 WHERE id BETWEEN 7922940 AND 7932939
	Bitmap Heap Scan on sbtest5  (cost=319.48..34772.06 rows=10053 width=121)
	  Recheck Cond: ((id >= 7922940) AND (id <= 7932939))
	  ->  Bitmap Index Scan on sbtest5_pkey  (cost=0.00..316.96 rows=10053 width=0)
	        Index Cond: ((id >= 7922940) AND (id <= 7932939))

table 6 : explain SELECT c FROM sbtest6 WHERE id BETWEEN 2485137 AND 2495136
	Bitmap Heap Scan on sbtest6  (cost=300.62..32615.15 rows=9384 width=121)
	  Recheck Cond: ((id >= 2485137) AND (id <= 2495136))
	  ->  Bitmap Index Scan on sbtest6_pkey  (cost=0.00..298.28 rows=9384 width=0)
	        Index Cond: ((id >= 2485137) AND (id <= 2495136))

table 7 : explain SELECT c FROM sbtest7 WHERE id BETWEEN 7190116 AND 7200115
	Bitmap Heap Scan on sbtest7  (cost=320.04..34927.09 rows=10108 width=121)
	  Recheck Cond: ((id >= 7190116) AND (id <= 7200115))
	  ->  Bitmap Index Scan on sbtest7_pkey  (cost=0.00..317.51 rows=10108 width=0)
	        Index Cond: ((id >= 7190116) AND (id <= 7200115))

table 8 : explain SELECT c FROM sbtest8 WHERE id BETWEEN 2001560 AND 2011559
	Bitmap Heap Scan on sbtest8  (cost=326.27..35627.15 rows=10325 width=121)
	  Recheck Cond: ((id >= 2001560) AND (id <= 2011559))
	  ->  Bitmap Index Scan on sbtest8_pkey  (cost=0.00..323.69 rows=10325 width=0)
	        Index Cond: ((id >= 2001560) AND (id <= 2011559))

for: sum_ranges
table 1 : explain SELECT SUM(k) FROM sbtest1 WHERE id BETWEEN 4850722 AND 4860721
	Aggregate  (cost=32309.72..32309.73 rows=1 width=8)
	  ->  Bitmap Heap Scan on sbtest1  (cost=295.06..32286.64 rows=9232 width=4)
	        Recheck Cond: ((id >= 4850722) AND (id <= 4860721))
	        ->  Bitmap Index Scan on sbtest1_pkey  (cost=0.00..292.75 rows=9232 width=0)
	              Index Cond: ((id >= 4850722) AND (id <= 4860721))

table 2 : explain SELECT SUM(k) FROM sbtest2 WHERE id BETWEEN 2445321 AND 2455320
	Aggregate  (cost=32490.11..32490.12 rows=1 width=8)
	  ->  Bitmap Heap Scan on sbtest2  (cost=300.26..32466.74 rows=9349 width=4)
	        Recheck Cond: ((id >= 2445321) AND (id <= 2455320))
	        ->  Bitmap Index Scan on sbtest2_pkey  (cost=0.00..297.93 rows=9349 width=0)
	              Index Cond: ((id >= 2445321) AND (id <= 2455320))

table 3 : explain SELECT SUM(k) FROM sbtest3 WHERE id BETWEEN 3300374 AND 3310373
	Aggregate  (cost=33414.46..33414.47 rows=1 width=8)
	  ->  Bitmap Heap Scan on sbtest3  (cost=307.31..33390.34 rows=9646 width=4)
	        Recheck Cond: ((id >= 3300374) AND (id <= 3310373))
	        ->  Bitmap Index Scan on sbtest3_pkey  (cost=0.00..304.90 rows=9646 width=0)
	              Index Cond: ((id >= 3300374) AND (id <= 3310373))

table 4 : explain SELECT SUM(k) FROM sbtest4 WHERE id BETWEEN 7246668 AND 7256667
	Aggregate  (cost=35753.97..35753.98 rows=1 width=8)
	  ->  Bitmap Heap Scan on sbtest4  (cost=334.76..35728.04 rows=10373 width=4)
	        Recheck Cond: ((id >= 7246668) AND (id <= 7256667))
	        ->  Bitmap Index Scan on sbtest4_pkey  (cost=0.00..332.17 rows=10373 width=0)
	              Index Cond: ((id >= 7246668) AND (id <= 7256667))

table 5 : explain SELECT SUM(k) FROM sbtest5 WHERE id BETWEEN 9422095 AND 9432094
	Aggregate  (cost=31485.65..31485.66 rows=1 width=8)
	  ->  Bitmap Heap Scan on sbtest5  (cost=288.78..31463.12 rows=9009 width=4)
	        Recheck Cond: ((id >= 9422095) AND (id <= 9432094))
	        ->  Bitmap Index Scan on sbtest5_pkey  (cost=0.00..286.53 rows=9009 width=0)
	              Index Cond: ((id >= 9422095) AND (id <= 9432094))

table 6 : explain SELECT SUM(k) FROM sbtest6 WHERE id BETWEEN 532204 AND 542203
	Aggregate  (cost=30383.54..30383.55 rows=1 width=8)
	  ->  Bitmap Heap Scan on sbtest6  (cost=277.38..30361.85 rows=8678 width=4)
	        Recheck Cond: ((id >= 532204) AND (id <= 542203))
	        ->  Bitmap Index Scan on sbtest6_pkey  (cost=0.00..275.21 rows=8678 width=0)
	              Index Cond: ((id >= 532204) AND (id <= 542203))

table 7 : explain SELECT SUM(k) FROM sbtest7 WHERE id BETWEEN 3645777 AND 3655776
	Aggregate  (cost=33940.34..33940.35 rows=1 width=8)
	  ->  Bitmap Heap Scan on sbtest7  (cost=312.74..33915.88 rows=9786 width=4)
	        Recheck Cond: ((id >= 3645777) AND (id <= 3655776))
	        ->  Bitmap Index Scan on sbtest7_pkey  (cost=0.00..310.30 rows=9786 width=0)
	              Index Cond: ((id >= 3645777) AND (id <= 3655776))

table 8 : explain SELECT SUM(k) FROM sbtest8 WHERE id BETWEEN 4249745 AND 4259744
	Aggregate  (cost=35395.34..35395.35 rows=1 width=8)
	  ->  Bitmap Heap Scan on sbtest8  (cost=325.42..35369.74 rows=10242 width=4)
	        Recheck Cond: ((id >= 4249745) AND (id <= 4259744))
	        ->  Bitmap Index Scan on sbtest8_pkey  (cost=0.00..322.86 rows=10242 width=0)
	              Index Cond: ((id >= 4249745) AND (id <= 4259744))

for: simple_ranges
table 1 : explain SELECT c FROM sbtest1 WHERE id BETWEEN 7817150 AND 7827149
	Bitmap Heap Scan on sbtest1  (cost=313.90..34411.74 rows=9899 width=121)
	  Recheck Cond: ((id >= 7817150) AND (id <= 7827149))
	  ->  Bitmap Index Scan on sbtest1_pkey  (cost=0.00..311.43 rows=9899 width=0)
	        Index Cond: ((id >= 7817150) AND (id <= 7827149))

table 2 : explain SELECT c FROM sbtest2 WHERE id BETWEEN 3888679 AND 3898678
	Bitmap Heap Scan on sbtest2  (cost=341.26..36442.86 rows=10617 width=121)
	  Recheck Cond: ((id >= 3888679) AND (id <= 3898678))
	  ->  Bitmap Index Scan on sbtest2_pkey  (cost=0.00..338.61 rows=10617 width=0)
	        Index Cond: ((id >= 3888679) AND (id <= 3898678))

table 3 : explain SELECT c FROM sbtest3 WHERE id BETWEEN 8070163 AND 8080162
	Bitmap Heap Scan on sbtest3  (cost=319.14..34567.92 rows=10020 width=121)
	  Recheck Cond: ((id >= 8070163) AND (id <= 8080162))
	  ->  Bitmap Index Scan on sbtest3_pkey  (cost=0.00..316.63 rows=10020 width=0)
	        Index Cond: ((id >= 8070163) AND (id <= 8080162))

table 4 : explain SELECT c FROM sbtest4 WHERE id BETWEEN 8945824 AND 8955823
	Bitmap Heap Scan on sbtest4  (cost=299.76..32346.62 rows=9300 width=121)
	  Recheck Cond: ((id >= 8945824) AND (id <= 8955823))
	  ->  Bitmap Index Scan on sbtest4_pkey  (cost=0.00..297.44 rows=9300 width=0)
	        Index Cond: ((id >= 8945824) AND (id <= 8955823))

table 5 : explain SELECT c FROM sbtest5 WHERE id BETWEEN 6680061 AND 6690060
	Bitmap Heap Scan on sbtest5  (cost=348.35..37478.25 rows=10919 width=121)
	  Recheck Cond: ((id >= 6680061) AND (id <= 6690060))
	  ->  Bitmap Index Scan on sbtest5_pkey  (cost=0.00..345.62 rows=10919 width=0)
	        Index Cond: ((id >= 6680061) AND (id <= 6690060))

table 6 : explain SELECT c FROM sbtest6 WHERE id BETWEEN 9759648 AND 9769647
	Bitmap Heap Scan on sbtest6  (cost=337.43..36537.62 rows=10634 width=121)
	  Recheck Cond: ((id >= 9759648) AND (id <= 9769647))
	  ->  Bitmap Index Scan on sbtest6_pkey  (cost=0.00..334.78 rows=10634 width=0)
	        Index Cond: ((id >= 9759648) AND (id <= 9769647))

table 7 : explain SELECT c FROM sbtest7 WHERE id BETWEEN 7447686 AND 7457685
	Bitmap Heap Scan on sbtest7  (cost=342.79..36987.35 rows=10766 width=121)
	  Recheck Cond: ((id >= 7447686) AND (id <= 7457685))
	  ->  Bitmap Index Scan on sbtest7_pkey  (cost=0.00..340.09 rows=10766 width=0)
	        Index Cond: ((id >= 7447686) AND (id <= 7457685))

table 8 : explain SELECT c FROM sbtest8 WHERE id BETWEEN 1691542 AND 1701541
	Bitmap Heap Scan on sbtest8  (cost=302.36..33197.56 rows=9554 width=121)
	  Recheck Cond: ((id >= 1691542) AND (id <= 1701541))
	  ->  Bitmap Index Scan on sbtest8_pkey  (cost=0.00..299.98 rows=9554 width=0)
	        Index Cond: ((id >= 1691542) AND (id <= 1701541))

for: sum_ranges
table 1 : explain SELECT SUM(k) FROM sbtest1 WHERE id BETWEEN 8326559 AND 8336558
	Aggregate  (cost=35608.90..35608.91 rows=1 width=8)
	  ->  Bitmap Heap Scan on sbtest1  (cost=325.70..35583.22 rows=10270 width=4)
	        Recheck Cond: ((id >= 8326559) AND (id <= 8336558))
	        ->  Bitmap Index Scan on sbtest1_pkey  (cost=0.00..323.13 rows=10270 width=0)
	              Index Cond: ((id >= 8326559) AND (id <= 8336558))

table 2 : explain SELECT SUM(k) FROM sbtest2 WHERE id BETWEEN 3810632 AND 3820631
	Aggregate  (cost=36222.43..36222.44 rows=1 width=8)
	  ->  Bitmap Heap Scan on sbtest2  (cost=336.45..36196.09 rows=10538 width=4)
	        Recheck Cond: ((id >= 3810632) AND (id <= 3820631))
	        ->  Bitmap Index Scan on sbtest2_pkey  (cost=0.00..333.81 rows=10538 width=0)
	              Index Cond: ((id >= 3810632) AND (id <= 3820631))

table 3 : explain SELECT SUM(k) FROM sbtest3 WHERE id BETWEEN 6299739 AND 6309738
	Aggregate  (cost=37360.73..37360.74 rows=1 width=8)
	  ->  Bitmap Heap Scan on sbtest3  (cost=344.26..37333.45 rows=10910 width=4)
	        Recheck Cond: ((id >= 6299739) AND (id <= 6309738))
	        ->  Bitmap Index Scan on sbtest3_pkey  (cost=0.00..341.54 rows=10910 width=0)
	              Index Cond: ((id >= 6299739) AND (id <= 6309738))

table 4 : explain SELECT SUM(k) FROM sbtest4 WHERE id BETWEEN 5355126 AND 5365125
	Aggregate  (cost=36119.62..36119.63 rows=1 width=8)
	  ->  Bitmap Heap Scan on sbtest4  (cost=335.97..36093.39 rows=10491 width=4)
	        Recheck Cond: ((id >= 5355126) AND (id <= 5365125))
	        ->  Bitmap Index Scan on sbtest4_pkey  (cost=0.00..333.34 rows=10491 width=0)
	              Index Cond: ((id >= 5355126) AND (id <= 5365125))

table 5 : explain SELECT SUM(k) FROM sbtest5 WHERE id BETWEEN 8142536 AND 8152535
	Aggregate  (cost=33251.06..33251.07 rows=1 width=8)
	  ->  Bitmap Heap Scan on sbtest5  (cost=306.46..33227.16 rows=9563 width=4)
	        Recheck Cond: ((id >= 8142536) AND (id <= 8152535))
	        ->  Bitmap Index Scan on sbtest5_pkey  (cost=0.00..304.06 rows=9563 width=0)
	              Index Cond: ((id >= 8142536) AND (id <= 8152535))

table 6 : explain SELECT SUM(k) FROM sbtest6 WHERE id BETWEEN 3852514 AND 3862513
	Aggregate  (cost=36176.71..36176.72 rows=1 width=8)
	  ->  Bitmap Heap Scan on sbtest6  (cost=336.15..36150.44 rows=10509 width=4)
	        Recheck Cond: ((id >= 3852514) AND (id <= 3862513))
	        ->  Bitmap Index Scan on sbtest6_pkey  (cost=0.00..333.53 rows=10509 width=0)
	              Index Cond: ((id >= 3852514) AND (id <= 3862513))

table 7 : explain SELECT SUM(k) FROM sbtest7 WHERE id BETWEEN 8592576 AND 8602575
	Aggregate  (cost=34794.30..34794.31 rows=1 width=8)
	  ->  Bitmap Heap Scan on sbtest7  (cost=319.52..34769.16 rows=10057 width=4)
	        Recheck Cond: ((id >= 8592576) AND (id <= 8602575))
	        ->  Bitmap Index Scan on sbtest7_pkey  (cost=0.00..317.00 rows=10057 width=0)
	              Index Cond: ((id >= 8592576) AND (id <= 8602575))

table 8 : explain SELECT SUM(k) FROM sbtest8 WHERE id BETWEEN 2865184 AND 2875183
	Aggregate  (cost=32139.06..32139.07 rows=1 width=8)
	  ->  Bitmap Heap Scan on sbtest8  (cost=290.88..32116.02 rows=9214 width=4)
	        Recheck Cond: ((id >= 2865184) AND (id <= 2875183))
	        ->  Bitmap Index Scan on sbtest8_pkey  (cost=0.00..288.57 rows=9214 width=0)
	              Index Cond: ((id >= 2865184) AND (id <= 2875183))

for: sum_ranges
table 1 : explain SELECT SUM(k) FROM sbtest1 WHERE id BETWEEN 6141740 AND 6151739
	Aggregate  (cost=33226.33..33226.34 rows=1 width=8)
	  ->  Bitmap Heap Scan on sbtest1  (cost=302.00..33202.53 rows=9519 width=4)
	        Recheck Cond: ((id >= 6141740) AND (id <= 6151739))
	        ->  Bitmap Index Scan on sbtest1_pkey  (cost=0.00..299.62 rows=9519 width=0)
	              Index Cond: ((id >= 6141740) AND (id <= 6151739))

table 2 : explain SELECT SUM(k) FROM sbtest2 WHERE id BETWEEN 2086991 AND 2096990
	Aggregate  (cost=33394.81..33394.82 rows=1 width=8)
	  ->  Bitmap Heap Scan on sbtest2  (cost=307.20..33370.72 rows=9636 width=4)
	        Recheck Cond: ((id >= 2086991) AND (id <= 2096990))
	        ->  Bitmap Index Scan on sbtest2_pkey  (cost=0.00..304.80 rows=9636 width=0)
	              Index Cond: ((id >= 2086991) AND (id <= 2096990))

table 3 : explain SELECT SUM(k) FROM sbtest3 WHERE id BETWEEN 1395413 AND 1405412
	Aggregate  (cost=35617.96..35617.97 rows=1 width=8)
	  ->  Bitmap Heap Scan on sbtest3  (cost=326.51..35592.09 rows=10349 width=4)
	        Recheck Cond: ((id >= 1395413) AND (id <= 1405412))
	        ->  Bitmap Index Scan on sbtest3_pkey  (cost=0.00..323.93 rows=10349 width=0)
	              Index Cond: ((id >= 1395413) AND (id <= 1405412))

table 4 : explain SELECT SUM(k) FROM sbtest4 WHERE id BETWEEN 2987536 AND 2997535
	Aggregate  (cost=33497.45..33497.46 rows=1 width=8)
	  ->  Bitmap Heap Scan on sbtest4  (cost=311.40..33473.31 rows=9655 width=4)
	        Recheck Cond: ((id >= 2987536) AND (id <= 2997535))
	        ->  Bitmap Index Scan on sbtest4_pkey  (cost=0.00..308.99 rows=9655 width=0)
	              Index Cond: ((id >= 2987536) AND (id <= 2997535))

table 5 : explain SELECT SUM(k) FROM sbtest5 WHERE id BETWEEN 4987154 AND 4997153
	Aggregate  (cost=35227.03..35227.04 rows=1 width=8)
	  ->  Bitmap Heap Scan on sbtest5  (cost=324.88..35201.55 rows=10190 width=4)
	        Recheck Cond: ((id >= 4987154) AND (id <= 4997153))
	        ->  Bitmap Index Scan on sbtest5_pkey  (cost=0.00..322.33 rows=10190 width=0)
	              Index Cond: ((id >= 4987154) AND (id <= 4997153))

table 6 : explain SELECT SUM(k) FROM sbtest6 WHERE id BETWEEN 3718837 AND 3728836
	Aggregate  (cost=35025.26..35025.27 rows=1 width=8)
	  ->  Bitmap Heap Scan on sbtest6  (cost=324.38..34999.90 rows=10141 width=4)
	        Recheck Cond: ((id >= 3718837) AND (id <= 3728836))
	        ->  Bitmap Index Scan on sbtest6_pkey  (cost=0.00..321.84 rows=10141 width=0)
	              Index Cond: ((id >= 3718837) AND (id <= 3728836))

table 7 : explain SELECT SUM(k) FROM sbtest7 WHERE id BETWEEN 5569883 AND 5579882
	Aggregate  (cost=36160.30..36160.31 rows=1 width=8)
	  ->  Bitmap Heap Scan on sbtest7  (cost=331.99..36134.07 rows=10493 width=4)
	        Recheck Cond: ((id >= 5569883) AND (id <= 5579882))
	        ->  Bitmap Index Scan on sbtest7_pkey  (cost=0.00..329.37 rows=10493 width=0)
	              Index Cond: ((id >= 5569883) AND (id <= 5579882))

table 8 : explain SELECT SUM(k) FROM sbtest8 WHERE id BETWEEN 6460304 AND 6470303
	Aggregate  (cost=35450.12..35450.13 rows=1 width=8)
	  ->  Bitmap Heap Scan on sbtest8  (cost=325.60..35424.47 rows=10260 width=4)
	        Recheck Cond: ((id >= 6460304) AND (id <= 6470303))
	        ->  Bitmap Index Scan on sbtest8_pkey  (cost=0.00..323.04 rows=10260 width=0)
	              Index Cond: ((id >= 6460304) AND (id <= 6470303))

for: sum_ranges
table 1 : explain SELECT SUM(k) FROM sbtest1 WHERE id BETWEEN 6474087 AND 6484086
	Aggregate  (cost=32732.08..32732.09 rows=1 width=8)
	  ->  Bitmap Heap Scan on sbtest1  (cost=296.43..32708.67 rows=9365 width=4)
	        Recheck Cond: ((id >= 6474087) AND (id <= 6484086))
	        ->  Bitmap Index Scan on sbtest1_pkey  (cost=0.00..294.08 rows=9365 width=0)
	              Index Cond: ((id >= 6474087) AND (id <= 6484086))

table 2 : explain SELECT SUM(k) FROM sbtest2 WHERE id BETWEEN 8568594 AND 8578593
	Aggregate  (cost=32070.31..32070.32 rows=1 width=8)
	  ->  Bitmap Heap Scan on sbtest2  (cost=294.91..32047.27 rows=9217 width=4)
	        Recheck Cond: ((id >= 8568594) AND (id <= 8578593))
	        ->  Bitmap Index Scan on sbtest2_pkey  (cost=0.00..292.61 rows=9217 width=0)
	              Index Cond: ((id >= 8568594) AND (id <= 8578593))

table 3 : explain SELECT SUM(k) FROM sbtest3 WHERE id BETWEEN 3021420 AND 3031419
	Aggregate  (cost=34428.08..34428.09 rows=1 width=8)
	  ->  Bitmap Heap Scan on sbtest3  (cost=314.62..34403.16 rows=9969 width=4)
	        Recheck Cond: ((id >= 3021420) AND (id <= 3031419))
	        ->  Bitmap Index Scan on sbtest3_pkey  (cost=0.00..312.12 rows=9969 width=0)
	              Index Cond: ((id >= 3021420) AND (id <= 3031419))

table 4 : explain SELECT SUM(k) FROM sbtest4 WHERE id BETWEEN 6404634 AND 6414633
	Aggregate  (cost=36517.55..36517.56 rows=1 width=8)
	  ->  Bitmap Heap Scan on sbtest4  (cost=341.27..36491.00 rows=10618 width=4)
	        Recheck Cond: ((id >= 6404634) AND (id <= 6414633))
	        ->  Bitmap Index Scan on sbtest4_pkey  (cost=0.00..338.62 rows=10618 width=0)
	              Index Cond: ((id >= 6404634) AND (id <= 6414633))

table 5 : explain SELECT SUM(k) FROM sbtest5 WHERE id BETWEEN 3311305 AND 3321304
	Aggregate  (cost=31331.90..31331.91 rows=1 width=8)
	  ->  Bitmap Heap Scan on sbtest5  (cost=288.29..31309.49 rows=8961 width=4)
	        Recheck Cond: ((id >= 3311305) AND (id <= 3321304))
	        ->  Bitmap Index Scan on sbtest5_pkey  (cost=0.00..286.05 rows=8961 width=0)
	              Index Cond: ((id >= 3311305) AND (id <= 3321304))

table 6 : explain SELECT SUM(k) FROM sbtest6 WHERE id BETWEEN 4689398 AND 4699397
	Aggregate  (cost=34747.48..34747.49 rows=1 width=8)
	  ->  Bitmap Heap Scan on sbtest6  (cost=319.48..34722.35 rows=10053 width=4)
	        Recheck Cond: ((id >= 4689398) AND (id <= 4699397))
	        ->  Bitmap Index Scan on sbtest6_pkey  (cost=0.00..316.96 rows=10053 width=0)
	              Index Cond: ((id >= 4689398) AND (id <= 4699397))

table 7 : explain SELECT SUM(k) FROM sbtest7 WHERE id BETWEEN 5407197 AND 5417196
	Aggregate  (cost=33476.23..33476.24 rows=1 width=8)
	  ->  Bitmap Heap Scan on sbtest7  (cost=307.23..33452.13 rows=9639 width=4)
	        Recheck Cond: ((id >= 5407197) AND (id <= 5417196))
	        ->  Bitmap Index Scan on sbtest7_pkey  (cost=0.00..304.82 rows=9639 width=0)
	              Index Cond: ((id >= 5407197) AND (id <= 5417196))

table 8 : explain SELECT SUM(k) FROM sbtest8 WHERE id BETWEEN 5370399 AND 5380398
	Aggregate  (cost=37349.28..37349.29 rows=1 width=8)
	  ->  Bitmap Heap Scan on sbtest8  (cost=343.83..37322.11 rows=10868 width=4)
	        Recheck Cond: ((id >= 5370399) AND (id <= 5380398))
	        ->  Bitmap Index Scan on sbtest8_pkey  (cost=0.00..341.12 rows=10868 width=0)
	              Index Cond: ((id >= 5370399) AND (id <= 5380398))

for: sum_ranges
table 1 : explain SELECT SUM(k) FROM sbtest1 WHERE id BETWEEN 4726424 AND 4736423
	Aggregate  (cost=34791.33..34791.34 rows=1 width=8)
	  ->  Bitmap Heap Scan on sbtest1  (cost=319.05..34766.31 rows=10011 width=4)
	        Recheck Cond: ((id >= 4726424) AND (id <= 4736423))
	        ->  Bitmap Index Scan on sbtest1_pkey  (cost=0.00..316.55 rows=10011 width=0)
	              Index Cond: ((id >= 4726424) AND (id <= 4736423))

table 2 : explain SELECT SUM(k) FROM sbtest2 WHERE id BETWEEN 3129075 AND 3139074
	Aggregate  (cost=34155.19..34155.20 rows=1 width=8)
	  ->  Bitmap Heap Scan on sbtest2  (cost=317.66..34130.50 rows=9876 width=4)
	        Recheck Cond: ((id >= 3129075) AND (id <= 3139074))
	        ->  Bitmap Index Scan on sbtest2_pkey  (cost=0.00..315.19 rows=9876 width=0)
	              Index Cond: ((id >= 3129075) AND (id <= 3139074))

table 3 : explain SELECT SUM(k) FROM sbtest3 WHERE id BETWEEN 2512940 AND 2522939
	Aggregate  (cost=37476.11..37476.12 rows=1 width=8)
	  ->  Bitmap Heap Scan on sbtest3  (cost=348.64..37448.75 rows=10947 width=4)
	        Recheck Cond: ((id >= 2512940) AND (id <= 2522939))
	        ->  Bitmap Index Scan on sbtest3_pkey  (cost=0.00..345.91 rows=10947 width=0)
	              Index Cond: ((id >= 2512940) AND (id <= 2522939))

table 4 : explain SELECT SUM(k) FROM sbtest4 WHERE id BETWEEN 8361430 AND 8371429
	Aggregate  (cost=35290.57..35290.58 rows=1 width=8)
	  ->  Bitmap Heap Scan on sbtest4  (cost=329.24..35265.01 rows=10225 width=4)
	        Recheck Cond: ((id >= 8361430) AND (id <= 8371429))
	        ->  Bitmap Index Scan on sbtest4_pkey  (cost=0.00..326.69 rows=10225 width=0)
	              Index Cond: ((id >= 8361430) AND (id <= 8371429))

table 5 : explain SELECT SUM(k) FROM sbtest5 WHERE id BETWEEN 9242894 AND 9252893
	Aggregate  (cost=36126.32..36126.33 rows=1 width=8)
	  ->  Bitmap Heap Scan on sbtest5  (cost=335.81..36100.13 rows=10476 width=4)
	        Recheck Cond: ((id >= 9242894) AND (id <= 9252893))
	        ->  Bitmap Index Scan on sbtest5_pkey  (cost=0.00..333.19 rows=10476 width=0)
	              Index Cond: ((id >= 9242894) AND (id <= 9252893))

table 6 : explain SELECT SUM(k) FROM sbtest6 WHERE id BETWEEN 5110965 AND 5120964
	Aggregate  (cost=34441.15..34441.16 rows=1 width=8)
	  ->  Bitmap Heap Scan on sbtest6  (cost=318.47..34416.27 rows=9955 width=4)
	        Recheck Cond: ((id >= 5110965) AND (id <= 5120964))
	        ->  Bitmap Index Scan on sbtest6_pkey  (cost=0.00..315.99 rows=9955 width=0)
	              Index Cond: ((id >= 5110965) AND (id <= 5120964))

table 7 : explain SELECT SUM(k) FROM sbtest7 WHERE id BETWEEN 9918216 AND 9928215
	Aggregate  (cost=34357.60..34357.61 rows=1 width=8)
	  ->  Bitmap Heap Scan on sbtest7  (cost=314.10..34332.80 rows=9919 width=4)
	        Recheck Cond: ((id >= 9918216) AND (id <= 9928215))
	        ->  Bitmap Index Scan on sbtest7_pkey  (cost=0.00..311.62 rows=9919 width=0)
	              Index Cond: ((id >= 9918216) AND (id <= 9928215))

table 8 : explain SELECT SUM(k) FROM sbtest8 WHERE id BETWEEN 273988 AND 283987
	Aggregate  (cost=35017.34..35017.35 rows=1 width=8)
	  ->  Bitmap Heap Scan on sbtest8  (cost=320.19..34992.04 rows=10122 width=4)
	        Recheck Cond: ((id >= 273988) AND (id <= 283987))
	        ->  Bitmap Index Scan on sbtest8_pkey  (cost=0.00..317.66 rows=10122 width=0)
	              Index Cond: ((id >= 273988) AND (id <= 283987))

for: order_ranges
table 1 : explain SELECT c FROM sbtest1 WHERE id BETWEEN 9990790 AND 10000789 ORDER BY c
	Sort  (cost=34472.49..34496.78 rows=9716 width=121)
	  Sort Key: c
	  ->  Bitmap Heap Scan on sbtest1  (cost=308.02..33828.99 rows=9716 width=121)
	        Recheck Cond: ((id >= 9990790) AND (id <= 10000789))
	        ->  Bitmap Index Scan on sbtest1_pkey  (cost=0.00..305.59 rows=9716 width=0)
	              Index Cond: ((id >= 9990790) AND (id <= 10000789))

table 2 : explain SELECT c FROM sbtest2 WHERE id BETWEEN 6582099 AND 6592098 ORDER BY c
	Sort  (cost=32364.84..32387.65 rows=9127 width=121)
	  Sort Key: c
	  ->  Bitmap Heap Scan on sbtest2  (cost=293.99..31764.47 rows=9127 width=121)
	        Recheck Cond: ((id >= 6582099) AND (id <= 6592098))
	        ->  Bitmap Index Scan on sbtest2_pkey  (cost=0.00..291.70 rows=9127 width=0)
	              Index Cond: ((id >= 6582099) AND (id <= 6592098))

table 3 : explain SELECT c FROM sbtest3 WHERE id BETWEEN 4257061 AND 4267060 ORDER BY c
	Sort  (cost=35516.64..35541.92 rows=10109 width=121)
	  Sort Key: c
	  ->  Bitmap Heap Scan on sbtest3  (cost=320.05..34844.23 rows=10109 width=121)
	        Recheck Cond: ((id >= 4257061) AND (id <= 4267060))
	        ->  Bitmap Index Scan on sbtest3_pkey  (cost=0.00..317.53 rows=10109 width=0)
	              Index Cond: ((id >= 4257061) AND (id <= 4267060))

table 4 : explain SELECT c FROM sbtest4 WHERE id BETWEEN 4305854 AND 4315853 ORDER BY c
	Sort  (cost=32279.77..32302.49 rows=9091 width=121)
	  Sort Key: c
	  ->  Bitmap Heap Scan on sbtest4  (cost=293.62..31682.02 rows=9091 width=121)
	        Recheck Cond: ((id >= 4305854) AND (id <= 4315853))
	        ->  Bitmap Index Scan on sbtest4_pkey  (cost=0.00..291.34 rows=9091 width=0)
	              Index Cond: ((id >= 4305854) AND (id <= 4315853))

table 5 : explain SELECT c FROM sbtest5 WHERE id BETWEEN 1879253 AND 1889252 ORDER BY c
	Sort  (cost=37338.82..37365.43 rows=10645 width=121)
	  Sort Key: c
	  ->  Bitmap Heap Scan on sbtest5  (cost=341.55..36626.78 rows=10645 width=121)
	        Recheck Cond: ((id >= 1879253) AND (id <= 1889252))
	        ->  Bitmap Index Scan on sbtest5_pkey  (cost=0.00..338.88 rows=10645 width=0)
	              Index Cond: ((id >= 1879253) AND (id <= 1889252))

table 6 : explain SELECT c FROM sbtest6 WHERE id BETWEEN 5319119 AND 5329118 ORDER BY c
	Sort  (cost=36645.06..36671.17 rows=10445 width=121)
	  Sort Key: c
	  ->  Bitmap Heap Scan on sbtest6  (cost=331.50..35947.83 rows=10445 width=121)
	        Recheck Cond: ((id >= 5319119) AND (id <= 5329118))
	        ->  Bitmap Index Scan on sbtest6_pkey  (cost=0.00..328.88 rows=10445 width=0)
	              Index Cond: ((id >= 5319119) AND (id <= 5329118))

table 7 : explain SELECT c FROM sbtest7 WHERE id BETWEEN 6339440 AND 6349439 ORDER BY c
	Sort  (cost=35414.66..35439.79 rows=10050 width=121)
	  Sort Key: c
	  ->  Bitmap Heap Scan on sbtest7  (cost=319.45..34746.59 rows=10050 width=121)
	        Recheck Cond: ((id >= 6339440) AND (id <= 6349439))
	        ->  Bitmap Index Scan on sbtest7_pkey  (cost=0.00..316.94 rows=10050 width=0)
	              Index Cond: ((id >= 6339440) AND (id <= 6349439))

table 8 : explain SELECT c FROM sbtest8 WHERE id BETWEEN 3297348 AND 3307347 ORDER BY c
	Sort  (cost=35483.93..35509.10 rows=10066 width=121)
	  Sort Key: c
	  ->  Bitmap Heap Scan on sbtest8  (cost=319.61..34814.69 rows=10066 width=121)
	        Recheck Cond: ((id >= 3297348) AND (id <= 3307347))
	        ->  Bitmap Index Scan on sbtest8_pkey  (cost=0.00..317.09 rows=10066 width=0)
	              Index Cond: ((id >= 3297348) AND (id <= 3307347))

for: order_ranges
table 1 : explain SELECT c FROM sbtest1 WHERE id BETWEEN 6720378 AND 6730377 ORDER BY c
	Sort  (cost=37240.37..37266.80 rows=10571 width=121)
	  Sort Key: c
	  ->  Bitmap Heap Scan on sbtest1  (cost=336.79..36533.81 rows=10571 width=121)
	        Recheck Cond: ((id >= 6720378) AND (id <= 6730377))
	        ->  Bitmap Index Scan on sbtest1_pkey  (cost=0.00..334.15 rows=10571 width=0)
	              Index Cond: ((id >= 6720378) AND (id <= 6730377))

table 2 : explain SELECT c FROM sbtest2 WHERE id BETWEEN 4067040 AND 4077039 ORDER BY c
	Sort  (cost=34831.98..34856.71 rows=9891 width=121)
	  Sort Key: c
	  ->  Bitmap Heap Scan on sbtest2  (cost=317.82..34175.62 rows=9891 width=121)
	        Recheck Cond: ((id >= 4067040) AND (id <= 4077039))
	        ->  Bitmap Index Scan on sbtest2_pkey  (cost=0.00..315.34 rows=9891 width=0)
	              Index Cond: ((id >= 4067040) AND (id <= 4077039))

table 3 : explain SELECT c FROM sbtest3 WHERE id BETWEEN 1431019 AND 1441018 ORDER BY c
	Sort  (cost=36282.22..36308.09 rows=10349 width=121)
	  Sort Key: c
	  ->  Bitmap Heap Scan on sbtest3  (cost=326.51..35592.09 rows=10349 width=121)
	        Recheck Cond: ((id >= 1431019) AND (id <= 1441018))
	        ->  Bitmap Index Scan on sbtest3_pkey  (cost=0.00..323.93 rows=10349 width=0)
	              Index Cond: ((id >= 1431019) AND (id <= 1441018))

table 4 : explain SELECT c FROM sbtest4 WHERE id BETWEEN 5499084 AND 5509083 ORDER BY c
	Sort  (cost=32642.86..32665.87 rows=9203 width=121)
	  Sort Key: c
	  ->  Bitmap Heap Scan on sbtest4  (cost=294.77..32036.94 rows=9203 width=121)
	        Recheck Cond: ((id >= 5499084) AND (id <= 5509083))
	        ->  Bitmap Index Scan on sbtest4_pkey  (cost=0.00..292.46 rows=9203 width=0)
	              Index Cond: ((id >= 5499084) AND (id <= 5509083))

table 5 : explain SELECT c FROM sbtest5 WHERE id BETWEEN 4599611 AND 4609610 ORDER BY c
	Sort  (cost=35866.77..35892.24 rows=10186 width=121)
	  Sort Key: c
	  ->  Bitmap Heap Scan on sbtest5  (cost=324.84..35188.67 rows=10186 width=121)
	        Recheck Cond: ((id >= 4599611) AND (id <= 4609610))
	        ->  Bitmap Index Scan on sbtest5_pkey  (cost=0.00..322.30 rows=10186 width=0)
	              Index Cond: ((id >= 4599611) AND (id <= 4609610))

table 6 : explain SELECT c FROM sbtest6 WHERE id BETWEEN 4116159 AND 4126158 ORDER BY c
	Sort  (cost=38527.59..38555.19 rows=11037 width=121)
	  Sort Key: c
	  ->  Bitmap Heap Scan on sbtest6  (cost=349.56..37786.46 rows=11037 width=121)
	        Recheck Cond: ((id >= 4116159) AND (id <= 4126158))
	        ->  Bitmap Index Scan on sbtest6_pkey  (cost=0.00..346.81 rows=11037 width=0)
	              Index Cond: ((id >= 4116159) AND (id <= 4126158))

table 7 : explain SELECT c FROM sbtest7 WHERE id BETWEEN 9531410 AND 9541409 ORDER BY c
	Sort  (cost=35401.48..35426.59 rows=10046 width=121)
	  Sort Key: c
	  ->  Bitmap Heap Scan on sbtest7  (cost=319.41..34733.70 rows=10046 width=121)
	        Recheck Cond: ((id >= 9531410) AND (id <= 9541409))
	        ->  Bitmap Index Scan on sbtest7_pkey  (cost=0.00..316.90 rows=10046 width=0)
	              Index Cond: ((id >= 9531410) AND (id <= 9541409))

table 8 : explain SELECT c FROM sbtest8 WHERE id BETWEEN 8176553 AND 8186552 ORDER BY c
	Sort  (cost=34453.68..34478.04 rows=9747 width=121)
	  Sort Key: c
	  ->  Bitmap Heap Scan on sbtest8  (cost=308.34..33807.90 rows=9747 width=121)
	        Recheck Cond: ((id >= 8176553) AND (id <= 8186552))
	        ->  Bitmap Index Scan on sbtest8_pkey  (cost=0.00..305.91 rows=9747 width=0)
	              Index Cond: ((id >= 8176553) AND (id <= 8186552))

for: order_ranges
table 1 : explain SELECT c FROM sbtest1 WHERE id BETWEEN 5852593 AND 5862592 ORDER BY c
	Sort  (cost=35348.48..35373.44 rows=9985 width=121)
	  Sort Key: c
	  ->  Bitmap Heap Scan on sbtest1  (cost=318.78..34685.20 rows=9985 width=121)
	        Recheck Cond: ((id >= 5852593) AND (id <= 5862592))
	        ->  Bitmap Index Scan on sbtest1_pkey  (cost=0.00..316.29 rows=9985 width=0)
	              Index Cond: ((id >= 5852593) AND (id <= 5862592))

table 2 : explain SELECT c FROM sbtest2 WHERE id BETWEEN 3594881 AND 3604880 ORDER BY c
	Sort  (cost=34897.85..34922.63 rows=9911 width=121)
	  Sort Key: c
	  ->  Bitmap Heap Scan on sbtest2  (cost=318.02..34240.02 rows=9911 width=121)
	        Recheck Cond: ((id >= 3594881) AND (id <= 3604880))
	        ->  Bitmap Index Scan on sbtest2_pkey  (cost=0.00..315.55 rows=9911 width=0)
	              Index Cond: ((id >= 3594881) AND (id <= 3604880))

table 3 : explain SELECT c FROM sbtest3 WHERE id BETWEEN 5924939 AND 5934938 ORDER BY c
	Sort  (cost=36826.59..36852.89 rows=10520 width=121)
	  Sort Key: c
	  ->  Bitmap Heap Scan on sbtest3  (cost=332.26..36123.81 rows=10520 width=121)
	        Recheck Cond: ((id >= 5924939) AND (id <= 5934938))
	        ->  Bitmap Index Scan on sbtest3_pkey  (cost=0.00..329.63 rows=10520 width=0)
	              Index Cond: ((id >= 5924939) AND (id <= 5934938))

table 4 : explain SELECT c FROM sbtest4 WHERE id BETWEEN 1313405 AND 1323404 ORDER BY c
	Sort  (cost=33614.59..33638.34 rows=9502 width=121)
	  Sort Key: c
	  ->  Bitmap Heap Scan on sbtest4  (cost=305.83..32986.79 rows=9502 width=121)
	        Recheck Cond: ((id >= 1313405) AND (id <= 1323404))
	        ->  Bitmap Index Scan on sbtest4_pkey  (cost=0.00..303.45 rows=9502 width=0)
	              Index Cond: ((id >= 1313405) AND (id <= 1323404))

table 5 : explain SELECT c FROM sbtest5 WHERE id BETWEEN 2294695 AND 2304694 ORDER BY c
	Sort  (cost=34134.97..34159.09 rows=9649 width=121)
	  Sort Key: c
	  ->  Bitmap Heap Scan on sbtest5  (cost=307.34..33496.39 rows=9649 width=121)
	        Recheck Cond: ((id >= 2294695) AND (id <= 2304694))
	        ->  Bitmap Index Scan on sbtest5_pkey  (cost=0.00..304.93 rows=9649 width=0)
	              Index Cond: ((id >= 2294695) AND (id <= 2304694))

table 6 : explain SELECT c FROM sbtest6 WHERE id BETWEEN 789833 AND 799832 ORDER BY c
	Sort  (cost=36395.53..36421.45 rows=10366 width=121)
	  Sort Key: c
	  ->  Bitmap Heap Scan on sbtest6  (cost=330.69..35704.14 rows=10366 width=121)
	        Recheck Cond: ((id >= 789833) AND (id <= 799832))
	        ->  Bitmap Index Scan on sbtest6_pkey  (cost=0.00..328.09 rows=10366 width=0)
	              Index Cond: ((id >= 789833) AND (id <= 799832))

table 7 : explain SELECT c FROM sbtest7 WHERE id BETWEEN 5282890 AND 5292889 ORDER BY c
	Sort  (cost=33438.57..33462.16 rows=9438 width=121)
	  Sort Key: c
	  ->  Bitmap Heap Scan on sbtest7  (cost=301.17..32815.46 rows=9438 width=121)
	        Recheck Cond: ((id >= 5282890) AND (id <= 5292889))
	        ->  Bitmap Index Scan on sbtest7_pkey  (cost=0.00..298.81 rows=9438 width=0)
	              Index Cond: ((id >= 5282890) AND (id <= 5292889))

table 8 : explain SELECT c FROM sbtest8 WHERE id BETWEEN 9423175 AND 9433174 ORDER BY c
	Sort  (cost=37998.29..38025.41 rows=10851 width=121)
	  Sort Key: c
	  ->  Bitmap Heap Scan on sbtest8  (cost=343.66..37270.97 rows=10851 width=121)
	        Recheck Cond: ((id >= 9423175) AND (id <= 9433174))
	        ->  Bitmap Index Scan on sbtest8_pkey  (cost=0.00..340.94 rows=10851 width=0)
	              Index Cond: ((id >= 9423175) AND (id <= 9433174))

for: order_ranges
table 1 : explain SELECT c FROM sbtest1 WHERE id BETWEEN 1667495 AND 1677494 ORDER BY c
	Sort  (cost=32027.94..32050.37 rows=8969 width=121)
	  Sort Key: c
	  ->  Bitmap Heap Scan on sbtest1  (cost=284.37..31439.10 rows=8969 width=121)
	        Recheck Cond: ((id >= 1667495) AND (id <= 1677494))
	        ->  Bitmap Index Scan on sbtest1_pkey  (cost=0.00..282.12 rows=8969 width=0)
	              Index Cond: ((id >= 1667495) AND (id <= 1677494))

table 2 : explain SELECT c FROM sbtest2 WHERE id BETWEEN 6447994 AND 6457993 ORDER BY c
	Sort  (cost=35448.55..35473.75 rows=10083 width=121)
	  Sort Key: c
	  ->  Bitmap Heap Scan on sbtest2  (cost=323.79..34778.05 rows=10083 width=121)
	        Recheck Cond: ((id >= 6447994) AND (id <= 6457993))
	        ->  Bitmap Index Scan on sbtest2_pkey  (cost=0.00..321.26 rows=10083 width=0)
	              Index Cond: ((id >= 6447994) AND (id <= 6457993))

table 3 : explain SELECT c FROM sbtest3 WHERE id BETWEEN 829738 AND 839737 ORDER BY c
	Sort  (cost=33445.60..33469.26 rows=9465 width=121)
	  Sort Key: c
	  ->  Bitmap Heap Scan on sbtest3  (cost=301.45..32820.51 rows=9465 width=121)
	        Recheck Cond: ((id >= 829738) AND (id <= 839737))
	        ->  Bitmap Index Scan on sbtest3_pkey  (cost=0.00..299.08 rows=9465 width=0)
	              Index Cond: ((id >= 829738) AND (id <= 839737))

table 4 : explain SELECT c FROM sbtest4 WHERE id BETWEEN 7201630 AND 7211629 ORDER BY c
	Sort  (cost=39801.62..39830.22 rows=11440 width=121)
	  Sort Key: c
	  ->  Bitmap Heap Scan on sbtest4  (cost=365.69..39030.46 rows=11440 width=121)
	        Recheck Cond: ((id >= 7201630) AND (id <= 7211629))
	        ->  Bitmap Index Scan on sbtest4_pkey  (cost=0.00..362.83 rows=11440 width=0)
	              Index Cond: ((id >= 7201630) AND (id <= 7211629))

table 5 : explain SELECT c FROM sbtest5 WHERE id BETWEEN 3676734 AND 3686733 ORDER BY c
	Sort  (cost=36131.05..36156.72 rows=10267 width=121)
	  Sort Key: c
	  ->  Bitmap Heap Scan on sbtest5  (cost=329.67..35446.98 rows=10267 width=121)
	        Recheck Cond: ((id >= 3676734) AND (id <= 3686733))
	        ->  Bitmap Index Scan on sbtest5_pkey  (cost=0.00..327.11 rows=10267 width=0)
	              Index Cond: ((id >= 3676734) AND (id <= 3686733))

table 6 : explain SELECT c FROM sbtest6 WHERE id BETWEEN 8626579 AND 8636578 ORDER BY c
	Sort  (cost=37012.95..37039.35 rows=10559 width=121)
	  Sort Key: c
	  ->  Bitmap Heap Scan on sbtest6  (cost=336.66..36307.29 rows=10559 width=121)
	        Recheck Cond: ((id >= 8626579) AND (id <= 8636578))
	        ->  Bitmap Index Scan on sbtest6_pkey  (cost=0.00..334.03 rows=10559 width=0)
	              Index Cond: ((id >= 8626579) AND (id <= 8636578))

table 7 : explain SELECT c FROM sbtest7 WHERE id BETWEEN 3811457 AND 3821456 ORDER BY c
	Sort  (cost=34278.95..34303.20 rows=9698 width=121)
	  Sort Key: c
	  ->  Bitmap Heap Scan on sbtest7  (cost=307.84..33636.78 rows=9698 width=121)
	        Recheck Cond: ((id >= 3811457) AND (id <= 3821456))
	        ->  Bitmap Index Scan on sbtest7_pkey  (cost=0.00..305.42 rows=9698 width=0)
	              Index Cond: ((id >= 3811457) AND (id <= 3821456))

table 8 : explain SELECT c FROM sbtest8 WHERE id BETWEEN 8342036 AND 8352035 ORDER BY c
	Sort  (cost=34420.46..34444.80 rows=9736 width=121)
	  Sort Key: c
	  ->  Bitmap Heap Scan on sbtest8  (cost=308.23..33775.50 rows=9736 width=121)
	        Recheck Cond: ((id >= 8342036) AND (id <= 8352035))
	        ->  Bitmap Index Scan on sbtest8_pkey  (cost=0.00..305.80 rows=9736 width=0)
	              Index Cond: ((id >= 8342036) AND (id <= 8352035))

for: distinct_ranges
table 1 : explain SELECT DISTINCT c FROM sbtest1 WHERE id BETWEEN 5443267 AND 5453266 ORDER BY c
	Unique  (cost=32011.16..32055.98 rows=8964 width=121)
	  ->  Sort  (cost=32011.16..32033.57 rows=8964 width=121)
	        Sort Key: c
	        ->  Bitmap Heap Scan on sbtest1  (cost=284.32..31422.67 rows=8964 width=121)
	              Recheck Cond: ((id >= 5443267) AND (id <= 5453266))
	              ->  Bitmap Index Scan on sbtest1_pkey  (cost=0.00..282.07 rows=8964 width=0)
	                    Index Cond: ((id >= 5443267) AND (id <= 5453266))

table 2 : explain SELECT DISTINCT c FROM sbtest2 WHERE id BETWEEN 9982123 AND 9992122 ORDER BY c
	Unique  (cost=39323.99..39380.51 rows=11304 width=121)
	  ->  Sort  (cost=39323.99..39352.25 rows=11304 width=121)
	        Sort Key: c
	        ->  Bitmap Heap Scan on sbtest2  (cost=360.30..38562.98 rows=11304 width=121)
	              Recheck Cond: ((id >= 9982123) AND (id <= 9992122))
	              ->  Bitmap Index Scan on sbtest2_pkey  (cost=0.00..357.48 rows=11304 width=0)
	                    Index Cond: ((id >= 9982123) AND (id <= 9992122))

table 3 : explain SELECT DISTINCT c FROM sbtest3 WHERE id BETWEEN 3141571 AND 3151570 ORDER BY c
	Unique  (cost=33060.35..33107.08 rows=9346 width=121)
	  ->  Sort  (cost=33060.35..33083.71 rows=9346 width=121)
	        Sort Key: c
	        ->  Bitmap Heap Scan on sbtest3  (cost=296.23..32443.97 rows=9346 width=121)
	              Recheck Cond: ((id >= 3141571) AND (id <= 3151570))
	              ->  Bitmap Index Scan on sbtest3_pkey  (cost=0.00..293.90 rows=9346 width=0)
	                    Index Cond: ((id >= 3141571) AND (id <= 3151570))

table 4 : explain SELECT DISTINCT c FROM sbtest4 WHERE id BETWEEN 2517383 AND 2527382 ORDER BY c
	Unique  (cost=34251.43..34299.92 rows=9699 width=121)
	  ->  Sort  (cost=34251.43..34275.68 rows=9699 width=121)
	        Sort Key: c
	        ->  Bitmap Heap Scan on sbtest4  (cost=311.85..33609.18 rows=9699 width=121)
	              Recheck Cond: ((id >= 2517383) AND (id <= 2527382))
	              ->  Bitmap Index Scan on sbtest4_pkey  (cost=0.00..309.43 rows=9699 width=0)
	                    Index Cond: ((id >= 2517383) AND (id <= 2527382))

table 5 : explain SELECT DISTINCT c FROM sbtest5 WHERE id BETWEEN 5839685 AND 5849684 ORDER BY c
	Unique  (cost=33712.62..33760.21 rows=9519 width=121)
	  ->  Sort  (cost=33712.62..33736.42 rows=9519 width=121)
	        Sort Key: c
	        ->  Bitmap Heap Scan on sbtest5  (cost=302.00..33083.58 rows=9519 width=121)
	              Recheck Cond: ((id >= 5839685) AND (id <= 5849684))
	              ->  Bitmap Index Scan on sbtest5_pkey  (cost=0.00..299.62 rows=9519 width=0)
	                    Index Cond: ((id >= 5839685) AND (id <= 5849684))

table 6 : explain SELECT DISTINCT c FROM sbtest6 WHERE id BETWEEN 8144502 AND 8154501 ORDER BY c
	Unique  (cost=32784.77..32831.00 rows=9246 width=121)
	  ->  Sort  (cost=32784.77..32807.89 rows=9246 width=121)
	        Sort Key: c
	        ->  Bitmap Heap Scan on sbtest6  (cost=295.21..32175.71 rows=9246 width=121)
	              Recheck Cond: ((id >= 8144502) AND (id <= 8154501))
	              ->  Bitmap Index Scan on sbtest6_pkey  (cost=0.00..292.90 rows=9246 width=0)
	                    Index Cond: ((id >= 8144502) AND (id <= 8154501))

table 7 : explain SELECT DISTINCT c FROM sbtest7 WHERE id BETWEEN 5064514 AND 5074513 ORDER BY c
	Unique  (cost=37262.17..37315.30 rows=10627 width=121)
	  ->  Sort  (cost=37262.17..37288.73 rows=10627 width=121)
	        Sort Key: c
	        ->  Bitmap Heap Scan on sbtest7  (cost=337.36..36551.46 rows=10627 width=121)
	              Recheck Cond: ((id >= 5064514) AND (id <= 5074513))
	              ->  Bitmap Index Scan on sbtest7_pkey  (cost=0.00..334.70 rows=10627 width=0)
	                    Index Cond: ((id >= 5064514) AND (id <= 5074513))

table 8 : explain SELECT DISTINCT c FROM sbtest8 WHERE id BETWEEN 2569810 AND 2579809 ORDER BY c
	Unique  (cost=37906.63..37960.74 rows=10822 width=121)
	  ->  Sort  (cost=37906.63..37933.69 rows=10822 width=121)
	        Sort Key: c
	        ->  Bitmap Heap Scan on sbtest8  (cost=343.36..37181.47 rows=10822 width=121)
	              Recheck Cond: ((id >= 2569810) AND (id <= 2579809))
	              ->  Bitmap Index Scan on sbtest8_pkey  (cost=0.00..340.66 rows=10822 width=0)
	                    Index Cond: ((id >= 2569810) AND (id <= 2579809))

for: distinct_ranges
table 1 : explain SELECT DISTINCT c FROM sbtest1 WHERE id BETWEEN 197233 AND 207232 ORDER BY c
	Unique  (cost=35361.75..35411.69 rows=9989 width=121)
	  ->  Sort  (cost=35361.75..35386.72 rows=9989 width=121)
	        Sort Key: c
	        ->  Bitmap Heap Scan on sbtest1  (cost=318.82..34698.17 rows=9989 width=121)
	              Recheck Cond: ((id >= 197233) AND (id <= 207232))
	              ->  Bitmap Index Scan on sbtest1_pkey  (cost=0.00..316.32 rows=9989 width=0)
	                    Index Cond: ((id >= 197233) AND (id <= 207232))

table 2 : explain SELECT DISTINCT c FROM sbtest2 WHERE id BETWEEN 2833588 AND 2843587 ORDER BY c
	Unique  (cost=34054.59..34102.84 rows=9650 width=121)
	  ->  Sort  (cost=34054.59..34078.72 rows=9650 width=121)
	        Sort Key: c
	        ->  Bitmap Heap Scan on sbtest2  (cost=307.35..33415.94 rows=9650 width=121)
	              Recheck Cond: ((id >= 2833588) AND (id <= 2843587))
	              ->  Bitmap Index Scan on sbtest2_pkey  (cost=0.00..304.94 rows=9650 width=0)
	                    Index Cond: ((id >= 2833588) AND (id <= 2843587))

table 3 : explain SELECT DISTINCT c FROM sbtest3 WHERE id BETWEEN 7716515 AND 7726514 ORDER BY c
	Unique  (cost=34603.86..34652.98 rows=9824 width=121)
	  ->  Sort  (cost=34603.86..34628.42 rows=9824 width=121)
	        Sort Key: c
	        ->  Bitmap Heap Scan on sbtest3  (cost=313.13..33952.42 rows=9824 width=121)
	              Recheck Cond: ((id >= 7716515) AND (id <= 7726514))
	              ->  Bitmap Index Scan on sbtest3_pkey  (cost=0.00..310.68 rows=9824 width=0)
	                    Index Cond: ((id >= 7716515) AND (id <= 7726514))

table 4 : explain SELECT DISTINCT c FROM sbtest4 WHERE id BETWEEN 8997531 AND 9007530 ORDER BY c
	Unique  (cost=31825.34..31870.10 rows=8952 width=121)
	  ->  Sort  (cost=31825.34..31847.72 rows=8952 width=121)
	        Sort Key: c
	        ->  Bitmap Heap Scan on sbtest4  (cost=288.19..31237.73 rows=8952 width=121)
	              Recheck Cond: ((id >= 8997531) AND (id <= 9007530))
	              ->  Bitmap Index Scan on sbtest4_pkey  (cost=0.00..285.95 rows=8952 width=0)
	                    Index Cond: ((id >= 8997531) AND (id <= 9007530))

table 5 : explain SELECT DISTINCT c FROM sbtest5 WHERE id BETWEEN 5696488 AND 5706487 ORDER BY c
	Unique  (cost=33069.90..33116.51 rows=9321 width=121)
	  ->  Sort  (cost=33069.90..33093.21 rows=9321 width=121)
	        Sort Key: c
	        ->  Bitmap Heap Scan on sbtest5  (cost=295.98..32455.36 rows=9321 width=121)
	              Recheck Cond: ((id >= 5696488) AND (id <= 5706487))
	              ->  Bitmap Index Scan on sbtest5_pkey  (cost=0.00..293.65 rows=9321 width=0)
	                    Index Cond: ((id >= 5696488) AND (id <= 5706487))

table 6 : explain SELECT DISTINCT c FROM sbtest6 WHERE id BETWEEN 9017814 AND 9027813 ORDER BY c
	Unique  (cost=35694.42..35745.15 rows=10147 width=121)
	  ->  Sort  (cost=35694.42..35719.78 rows=10147 width=121)
	        Sort Key: c
	        ->  Bitmap Heap Scan on sbtest6  (cost=324.44..35019.20 rows=10147 width=121)
	              Recheck Cond: ((id >= 9017814) AND (id <= 9027813))
	              ->  Bitmap Index Scan on sbtest6_pkey  (cost=0.00..321.91 rows=10147 width=0)
	                    Index Cond: ((id >= 9017814) AND (id <= 9027813))

table 7 : explain SELECT DISTINCT c FROM sbtest7 WHERE id BETWEEN 9189598 AND 9199597 ORDER BY c
	Unique  (cost=33325.53..33372.54 rows=9403 width=121)
	  ->  Sort  (cost=33325.53..33349.04 rows=9403 width=121)
	        Sort Key: c
	        ->  Bitmap Heap Scan on sbtest7  (cost=300.82..32704.98 rows=9403 width=121)
	              Recheck Cond: ((id >= 9189598) AND (id <= 9199597))
	              ->  Bitmap Index Scan on sbtest7_pkey  (cost=0.00..298.46 rows=9403 width=0)
	                    Index Cond: ((id >= 9189598) AND (id <= 9199597))

table 8 : explain SELECT DISTINCT c FROM sbtest8 WHERE id BETWEEN 7861213 AND 7871212 ORDER BY c
	Unique  (cost=36177.14..36228.54 rows=10281 width=121)
	  ->  Sort  (cost=36177.14..36202.84 rows=10281 width=121)
	        Sort Key: c
	        ->  Bitmap Heap Scan on sbtest8  (cost=325.82..35492.03 rows=10281 width=121)
	              Recheck Cond: ((id >= 7861213) AND (id <= 7871212))
	              ->  Bitmap Index Scan on sbtest8_pkey  (cost=0.00..323.25 rows=10281 width=0)
	                    Index Cond: ((id >= 7861213) AND (id <= 7871212))

for: order_ranges
table 1 : explain SELECT c FROM sbtest1 WHERE id BETWEEN 1959351 AND 1969350 ORDER BY c
	Sort  (cost=36343.57..36369.30 rows=10293 width=121)
	  Sort Key: c
	  ->  Bitmap Heap Scan on sbtest1  (cost=325.94..35657.57 rows=10293 width=121)
	        Recheck Cond: ((id >= 1959351) AND (id <= 1969350))
	        ->  Bitmap Index Scan on sbtest1_pkey  (cost=0.00..323.37 rows=10293 width=0)
	              Index Cond: ((id >= 1959351) AND (id <= 1969350))

table 2 : explain SELECT c FROM sbtest2 WHERE id BETWEEN 6772568 AND 6782567 ORDER BY c
	Sort  (cost=34021.56..34045.66 rows=9640 width=121)
	  Sort Key: c
	  ->  Bitmap Heap Scan on sbtest2  (cost=307.25..33383.64 rows=9640 width=121)
	        Recheck Cond: ((id >= 6772568) AND (id <= 6782567))
	        ->  Bitmap Index Scan on sbtest2_pkey  (cost=0.00..304.83 rows=9640 width=0)
	              Index Cond: ((id >= 6772568) AND (id <= 6782567))

table 3 : explain SELECT c FROM sbtest3 WHERE id BETWEEN 8595829 AND 8605828 ORDER BY c
	Sort  (cost=36522.19..36548.25 rows=10424 width=121)
	  Sort Key: c
	  ->  Bitmap Heap Scan on sbtest3  (cost=331.28..35826.51 rows=10424 width=121)
	        Recheck Cond: ((id >= 8595829) AND (id <= 8605828))
	        ->  Bitmap Index Scan on sbtest3_pkey  (cost=0.00..328.68 rows=10424 width=0)
	              Index Cond: ((id >= 8595829) AND (id <= 8605828))

table 4 : explain SELECT c FROM sbtest4 WHERE id BETWEEN 2695368 AND 2705367 ORDER BY c
	Sort  (cost=35230.63..35255.63 rows=10002 width=121)
	  Sort Key: c
	  ->  Bitmap Heap Scan on sbtest4  (cost=322.96..34566.09 rows=10002 width=121)
	        Recheck Cond: ((id >= 2695368) AND (id <= 2705367))
	        ->  Bitmap Index Scan on sbtest4_pkey  (cost=0.00..320.45 rows=10002 width=0)
	              Index Cond: ((id >= 2695368) AND (id <= 2705367))

table 5 : explain SELECT c FROM sbtest5 WHERE id BETWEEN 999551 AND 1009550 ORDER BY c
	Sort  (cost=32913.37..32936.55 rows=9273 width=121)
	  Sort Key: c
	  ->  Bitmap Heap Scan on sbtest5  (cost=295.48..32302.33 rows=9273 width=121)
	        Recheck Cond: ((id >= 999551) AND (id <= 1009550))
	        ->  Bitmap Index Scan on sbtest5_pkey  (cost=0.00..293.17 rows=9273 width=0)
	              Index Cond: ((id >= 999551) AND (id <= 1009550))

table 6 : explain SELECT c FROM sbtest6 WHERE id BETWEEN 4941989 AND 4951988 ORDER BY c
	Sort  (cost=37884.05..37911.14 rows=10834 width=121)
	  Sort Key: c
	  ->  Bitmap Heap Scan on sbtest6  (cost=343.48..37158.00 rows=10834 width=121)
	        Recheck Cond: ((id >= 4941989) AND (id <= 4951988))
	        ->  Bitmap Index Scan on sbtest6_pkey  (cost=0.00..340.78 rows=10834 width=0)
	              Index Cond: ((id >= 4941989) AND (id <= 4951988))

table 7 : explain SELECT c FROM sbtest7 WHERE id BETWEEN 9712316 AND 9722315 ORDER BY c
	Sort  (cost=35180.27..35205.22 rows=9977 width=121)
	  Sort Key: c
	  ->  Bitmap Heap Scan on sbtest7  (cost=318.70..34517.58 rows=9977 width=121)
	        Recheck Cond: ((id >= 9712316) AND (id <= 9722315))
	        ->  Bitmap Index Scan on sbtest7_pkey  (cost=0.00..316.20 rows=9977 width=0)
	              Index Cond: ((id >= 9712316) AND (id <= 9722315))

table 8 : explain SELECT c FROM sbtest8 WHERE id BETWEEN 7773650 AND 7783649 ORDER BY c
	Sort  (cost=37201.19..37227.69 rows=10601 width=121)
	  Sort Key: c
	  ->  Bitmap Heap Scan on sbtest8  (cost=337.10..36492.41 rows=10601 width=121)
	        Recheck Cond: ((id >= 7773650) AND (id <= 7783649))
	        ->  Bitmap Index Scan on sbtest8_pkey  (cost=0.00..334.44 rows=10601 width=0)
	              Index Cond: ((id >= 7773650) AND (id <= 7783649))

for: distinct_ranges
table 1 : explain SELECT DISTINCT c FROM sbtest1 WHERE id BETWEEN 3607054 AND 3617053 ORDER BY c
	Unique  (cost=34362.55..34410.96 rows=9682 width=121)
	  ->  Sort  (cost=34362.55..34386.76 rows=9682 width=121)
	        Sort Key: c
	        ->  Bitmap Heap Scan on sbtest1  (cost=307.68..33721.55 rows=9682 width=121)
	              Recheck Cond: ((id >= 3607054) AND (id <= 3617053))
	              ->  Bitmap Index Scan on sbtest1_pkey  (cost=0.00..305.25 rows=9682 width=0)
	                    Index Cond: ((id >= 3607054) AND (id <= 3617053))

table 2 : explain SELECT DISTINCT c FROM sbtest2 WHERE id BETWEEN 5367964 AND 5377963 ORDER BY c
	Unique  (cost=35796.98..35847.94 rows=10192 width=121)
	  ->  Sort  (cost=35796.98..35822.46 rows=10192 width=121)
	        Sort Key: c
	        ->  Bitmap Heap Scan on sbtest2  (cost=324.90..35118.44 rows=10192 width=121)
	              Recheck Cond: ((id >= 5367964) AND (id <= 5377963))
	              ->  Bitmap Index Scan on sbtest2_pkey  (cost=0.00..322.36 rows=10192 width=0)
	                    Index Cond: ((id >= 5367964) AND (id <= 5377963))

table 3 : explain SELECT DISTINCT c FROM sbtest3 WHERE id BETWEEN 8265962 AND 8275961 ORDER BY c
	Unique  (cost=35996.88..36048.18 rows=10259 width=121)
	  ->  Sort  (cost=35996.88..36022.53 rows=10259 width=121)
	        Sort Key: c
	        ->  Bitmap Heap Scan on sbtest3  (cost=325.59..35313.40 rows=10259 width=121)
	              Recheck Cond: ((id >= 8265962) AND (id <= 8275961))
	              ->  Bitmap Index Scan on sbtest3_pkey  (cost=0.00..323.03 rows=10259 width=0)
	                    Index Cond: ((id >= 8265962) AND (id <= 8275961))

table 4 : explain SELECT DISTINCT c FROM sbtest4 WHERE id BETWEEN 2727223 AND 2737222 ORDER BY c
	Unique  (cost=35230.63..35280.64 rows=10002 width=121)
	  ->  Sort  (cost=35230.63..35255.63 rows=10002 width=121)
	        Sort Key: c
	        ->  Bitmap Heap Scan on sbtest4  (cost=322.96..34566.09 rows=10002 width=121)
	              Recheck Cond: ((id >= 2727223) AND (id <= 2737222))
	              ->  Bitmap Index Scan on sbtest4_pkey  (cost=0.00..320.45 rows=10002 width=0)
	                    Index Cond: ((id >= 2727223) AND (id <= 2737222))

table 5 : explain SELECT DISTINCT c FROM sbtest5 WHERE id BETWEEN 68672 AND 78671 ORDER BY c
	Unique  (cost=36164.06..36215.45 rows=10278 width=121)
	  ->  Sort  (cost=36164.06..36189.75 rows=10278 width=121)
	        Sort Key: c
	        ->  Bitmap Heap Scan on sbtest5  (cost=329.78..35479.17 rows=10278 width=121)
	              Recheck Cond: ((id >= 68672) AND (id <= 78671))
	              ->  Bitmap Index Scan on sbtest5_pkey  (cost=0.00..327.21 rows=10278 width=0)
	                    Index Cond: ((id >= 68672) AND (id <= 78671))

table 6 : explain SELECT DISTINCT c FROM sbtest6 WHERE id BETWEEN 7390232 AND 7400231 ORDER BY c
	Unique  (cost=34703.47..34752.66 rows=9839 width=121)
	  ->  Sort  (cost=34703.47..34728.06 rows=9839 width=121)
	        Sort Key: c
	        ->  Bitmap Heap Scan on sbtest6  (cost=313.28..34050.93 rows=9839 width=121)
	              Recheck Cond: ((id >= 7390232) AND (id <= 7400231))
	              ->  Bitmap Index Scan on sbtest6_pkey  (cost=0.00..310.82 rows=9839 width=0)
	                    Index Cond: ((id >= 7390232) AND (id <= 7400231))

table 7 : explain SELECT DISTINCT c FROM sbtest7 WHERE id BETWEEN 1684863 AND 1694862 ORDER BY c
	Unique  (cost=36575.40..36627.46 rows=10412 width=121)
	  ->  Sort  (cost=36575.40..36601.43 rows=10412 width=121)
	        Sort Key: c
	        ->  Bitmap Heap Scan on sbtest7  (cost=331.16..35880.61 rows=10412 width=121)
	              Recheck Cond: ((id >= 1684863) AND (id <= 1694862))
	              ->  Bitmap Index Scan on sbtest7_pkey  (cost=0.00..328.56 rows=10412 width=0)
	                    Index Cond: ((id >= 1684863) AND (id <= 1694862))

table 8 : explain SELECT DISTINCT c FROM sbtest8 WHERE id BETWEEN 211188 AND 221187 ORDER BY c
	Unique  (cost=35665.41..35716.02 rows=10122 width=121)
	  ->  Sort  (cost=35665.41..35690.72 rows=10122 width=121)
	        Sort Key: c
	        ->  Bitmap Heap Scan on sbtest8  (cost=320.19..34992.04 rows=10122 width=121)
	              Recheck Cond: ((id >= 211188) AND (id <= 221187))
	              ->  Bitmap Index Scan on sbtest8_pkey  (cost=0.00..317.66 rows=10122 width=0)
	                    Index Cond: ((id >= 211188) AND (id <= 221187))

explain: for point_selects :: explain SELECT c FROM sbtest%u WHERE id=%u
for: distinct_ranges
table 1 : explain SELECT DISTINCT c FROM sbtest1 WHERE id BETWEEN 5487055 AND 5497054 ORDER BY c
	Unique  (cost=32011.16..32055.98 rows=8964 width=121)
	  ->  Sort  (cost=32011.16..32033.57 rows=8964 width=121)
	        Sort Key: c
	        ->  Bitmap Heap Scan on sbtest1  (cost=284.32..31422.67 rows=8964 width=121)
	              Recheck Cond: ((id >= 5487055) AND (id <= 5497054))
	              ->  Bitmap Index Scan on sbtest1_pkey  (cost=0.00..282.07 rows=8964 width=0)
	                    Index Cond: ((id >= 5487055) AND (id <= 5497054))

table 2 : explain SELECT DISTINCT c FROM sbtest2 WHERE id BETWEEN 5059329 AND 5069328 ORDER BY c
	Unique  (cost=32368.16..32413.80 rows=9128 width=121)
	  ->  Sort  (cost=32368.16..32390.98 rows=9128 width=121)
	        Sort Key: c
	        ->  Bitmap Heap Scan on sbtest2  (cost=294.00..31767.72 rows=9128 width=121)
	              Recheck Cond: ((id >= 5059329) AND (id <= 5069328))
	              ->  Bitmap Index Scan on sbtest2_pkey  (cost=0.00..291.71 rows=9128 width=0)
	                    Index Cond: ((id >= 5059329) AND (id <= 5069328))

table 3 : explain SELECT DISTINCT c FROM sbtest3 WHERE id BETWEEN 6970473 AND 6980472 ORDER BY c
	Unique  (cost=39149.18..39205.45 rows=11254 width=121)
	  ->  Sort  (cost=39149.18..39177.32 rows=11254 width=121)
	        Sort Key: c
	        ->  Bitmap Heap Scan on sbtest3  (cost=355.79..38391.89 rows=11254 width=121)
	              Recheck Cond: ((id >= 6970473) AND (id <= 6980472))
	              ->  Bitmap Index Scan on sbtest3_pkey  (cost=0.00..352.98 rows=11254 width=0)
	                    Index Cond: ((id >= 6970473) AND (id <= 6980472))

table 4 : explain SELECT DISTINCT c FROM sbtest4 WHERE id BETWEEN 3385357 AND 3395356 ORDER BY c
	Unique  (cost=34423.40..34472.16 rows=9752 width=121)
	  ->  Sort  (cost=34423.40..34447.78 rows=9752 width=121)
	        Sort Key: c
	        ->  Bitmap Heap Scan on sbtest4  (cost=312.39..33777.26 rows=9752 width=121)
	              Recheck Cond: ((id >= 3385357) AND (id <= 3395356))
	              ->  Bitmap Index Scan on sbtest4_pkey  (cost=0.00..309.95 rows=9752 width=0)
	                    Index Cond: ((id >= 3385357) AND (id <= 3395356))

table 5 : explain SELECT DISTINCT c FROM sbtest5 WHERE id BETWEEN 8501234 AND 8511233 ORDER BY c
	Unique  (cost=34672.57..34721.65 rows=9815 width=121)
	  ->  Sort  (cost=34672.57..34697.11 rows=9815 width=121)
	        Sort Key: c
	        ->  Bitmap Heap Scan on sbtest5  (cost=313.04..34021.80 rows=9815 width=121)
	              Recheck Cond: ((id >= 8501234) AND (id <= 8511233))
	              ->  Bitmap Index Scan on sbtest5_pkey  (cost=0.00..310.58 rows=9815 width=0)
	                    Index Cond: ((id >= 8501234) AND (id <= 8511233))

table 6 : explain SELECT DISTINCT c FROM sbtest6 WHERE id BETWEEN 7634869 AND 7644868 ORDER BY c
	Unique  (cost=37029.32..37082.14 rows=10564 width=121)
	  ->  Sort  (cost=37029.32..37055.73 rows=10564 width=121)
	        Sort Key: c
	        ->  Bitmap Heap Scan on sbtest6  (cost=336.72..36323.28 rows=10564 width=121)
	              Recheck Cond: ((id >= 7634869) AND (id <= 7644868))
	              ->  Bitmap Index Scan on sbtest6_pkey  (cost=0.00..334.07 rows=10564 width=0)
	                    Index Cond: ((id >= 7634869) AND (id <= 7644868))

table 7 : explain SELECT DISTINCT c FROM sbtest7 WHERE id BETWEEN 7676657 AND 7686656 ORDER BY c
	Unique  (cost=34862.31..34911.70 rows=9879 width=121)
	  ->  Sort  (cost=34862.31..34887.01 rows=9879 width=121)
	        Sort Key: c
	        ->  Bitmap Heap Scan on sbtest7  (cost=313.69..34206.83 rows=9879 width=121)
	              Recheck Cond: ((id >= 7676657) AND (id <= 7686656))
	              ->  Bitmap Index Scan on sbtest7_pkey  (cost=0.00..311.23 rows=9879 width=0)
	                    Index Cond: ((id >= 7676657) AND (id <= 7686656))

table 8 : explain SELECT DISTINCT c FROM sbtest8 WHERE id BETWEEN 1059841 AND 1069840 ORDER BY c
	Unique  (cost=34267.99..34316.43 rows=9689 width=121)
	  ->  Sort  (cost=34267.99..34292.21 rows=9689 width=121)
	        Sort Key: c
	        ->  Bitmap Heap Scan on sbtest8  (cost=307.75..33626.47 rows=9689 width=121)
	              Recheck Cond: ((id >= 1059841) AND (id <= 1069840))
	              ->  Bitmap Index Scan on sbtest8_pkey  (cost=0.00..305.32 rows=9689 width=0)
	                    Index Cond: ((id >= 1059841) AND (id <= 1069840))

for: distinct_ranges
table 1 : explain SELECT DISTINCT c FROM sbtest1 WHERE id BETWEEN 5766312 AND 5776311 ORDER BY c
	Unique  (cost=35716.78..35767.27 rows=10099 width=121)
	  ->  Sort  (cost=35716.78..35742.02 rows=10099 width=121)
	        Sort Key: c
	        ->  Bitmap Heap Scan on sbtest1  (cost=319.95..35045.10 rows=10099 width=121)
	              Recheck Cond: ((id >= 5766312) AND (id <= 5776311))
	              ->  Bitmap Index Scan on sbtest1_pkey  (cost=0.00..317.43 rows=10099 width=0)
	                    Index Cond: ((id >= 5766312) AND (id <= 5776311))

table 2 : explain SELECT DISTINCT c FROM sbtest2 WHERE id BETWEEN 6708851 AND 6718850 ORDER BY c
	Unique  (cost=32704.12..32750.28 rows=9233 width=121)
	  ->  Sort  (cost=32704.12..32727.20 rows=9233 width=121)
	        Sort Key: c
	        ->  Bitmap Heap Scan on sbtest2  (cost=295.07..32096.00 rows=9233 width=121)
	              Recheck Cond: ((id >= 6708851) AND (id <= 6718850))
	              ->  Bitmap Index Scan on sbtest2_pkey  (cost=0.00..292.76 rows=9233 width=0)
	                    Index Cond: ((id >= 6708851) AND (id <= 6718850))

table 3 : explain SELECT DISTINCT c FROM sbtest3 WHERE id BETWEEN 3660251 AND 3670250 ORDER BY c
	Unique  (cost=37605.55..37659.37 rows=10764 width=121)
	  ->  Sort  (cost=37605.55..37632.46 rows=10764 width=121)
	        Sort Key: c
	        ->  Bitmap Heap Scan on sbtest3  (cost=342.77..36884.69 rows=10764 width=121)
	              Recheck Cond: ((id >= 3660251) AND (id <= 3670250))
	              ->  Bitmap Index Scan on sbtest3_pkey  (cost=0.00..340.07 rows=10764 width=0)
	                    Index Cond: ((id >= 3660251) AND (id <= 3670250))

table 4 : explain SELECT DISTINCT c FROM sbtest4 WHERE id BETWEEN 6178081 AND 6188080 ORDER BY c
	Unique  (cost=37561.73..37615.39 rows=10731 width=121)
	  ->  Sort  (cost=37561.73..37588.56 rows=10731 width=121)
	        Sort Key: c
	        ->  Bitmap Heap Scan on sbtest4  (cost=346.43..36843.32 rows=10731 width=121)
	              Recheck Cond: ((id >= 6178081) AND (id <= 6188080))
	              ->  Bitmap Index Scan on sbtest4_pkey  (cost=0.00..343.75 rows=10731 width=0)
	                    Index Cond: ((id >= 6178081) AND (id <= 6188080))

table 5 : explain SELECT DISTINCT c FROM sbtest5 WHERE id BETWEEN 972754 AND 982753 ORDER BY c
	Unique  (cost=32913.37..32959.73 rows=9273 width=121)
	  ->  Sort  (cost=32913.37..32936.55 rows=9273 width=121)
	        Sort Key: c
	        ->  Bitmap Heap Scan on sbtest5  (cost=295.48..32302.33 rows=9273 width=121)
	              Recheck Cond: ((id >= 972754) AND (id <= 982753))
	              ->  Bitmap Index Scan on sbtest5_pkey  (cost=0.00..293.17 rows=9273 width=0)
	                    Index Cond: ((id >= 972754) AND (id <= 982753))

table 6 : explain SELECT DISTINCT c FROM sbtest6 WHERE id BETWEEN 5648878 AND 5658877 ORDER BY c
	Unique  (cost=38727.06..38782.56 rows=11099 width=121)
	  ->  Sort  (cost=38727.06..38754.81 rows=11099 width=121)
	        Sort Key: c
	        ->  Bitmap Heap Scan on sbtest6  (cost=354.20..37981.32 rows=11099 width=121)
	              Recheck Cond: ((id >= 5648878) AND (id <= 5658877))
	              ->  Bitmap Index Scan on sbtest6_pkey  (cost=0.00..351.43 rows=11099 width=0)
	                    Index Cond: ((id >= 5648878) AND (id <= 5658877))

table 7 : explain SELECT DISTINCT c FROM sbtest7 WHERE id BETWEEN 3412187 AND 3422186 ORDER BY c
	Unique  (cost=34000.51..34048.57 rows=9612 width=121)
	  ->  Sort  (cost=34000.51..34024.54 rows=9612 width=121)
	        Sort Key: c
	        ->  Bitmap Heap Scan on sbtest7  (cost=306.96..33364.65 rows=9612 width=121)
	              Recheck Cond: ((id >= 3412187) AND (id <= 3422186))
	              ->  Bitmap Index Scan on sbtest7_pkey  (cost=0.00..304.56 rows=9612 width=0)
	                    Index Cond: ((id >= 3412187) AND (id <= 3422186))

table 8 : explain SELECT DISTINCT c FROM sbtest8 WHERE id BETWEEN 6644928 AND 6654927 ORDER BY c
	Unique  (cost=37637.30..37690.99 rows=10738 width=121)
	  ->  Sort  (cost=37637.30..37664.15 rows=10738 width=121)
	        Sort Key: c
	        ->  Bitmap Heap Scan on sbtest8  (cost=338.50..36918.37 rows=10738 width=121)
	              Recheck Cond: ((id >= 6644928) AND (id <= 6654927))
	              ->  Bitmap Index Scan on sbtest8_pkey  (cost=0.00..335.81 rows=10738 width=0)
	                    Index Cond: ((id >= 6644928) AND (id <= 6654927))

explain: for point_selects :: explain SELECT c FROM sbtest%u WHERE id=%u
explain: for point_selects :: explain SELECT c FROM sbtest%u WHERE id=%u
explain: for point_selects :: explain SELECT c FROM sbtest%u WHERE id=%u
explain: for point_selects :: explain SELECT c FROM sbtest%u WHERE id=%u
explain: for point_selects :: explain SELECT c FROM sbtest%u WHERE id=%u
for point_selects
table 1 : explain SELECT c FROM sbtest1 WHERE id=2579222
	Index Scan using sbtest1_pkey on sbtest1  (cost=0.43..8.45 rows=1 width=121)
	  Index Cond: (id = 2579222)

table 2 : explain SELECT c FROM sbtest2 WHERE id=2160246
	Index Scan using sbtest2_pkey on sbtest2  (cost=0.43..8.45 rows=1 width=121)
	  Index Cond: (id = 2160246)

table 3 : explain SELECT c FROM sbtest3 WHERE id=619943
	Index Scan using sbtest3_pkey on sbtest3  (cost=0.43..8.45 rows=1 width=121)
	  Index Cond: (id = 619943)

table 4 : explain SELECT c FROM sbtest4 WHERE id=1672080
	Index Scan using sbtest4_pkey on sbtest4  (cost=0.43..8.45 rows=1 width=121)
	  Index Cond: (id = 1672080)

table 5 : explain SELECT c FROM sbtest5 WHERE id=4174174
	Index Scan using sbtest5_pkey on sbtest5  (cost=0.43..8.45 rows=1 width=121)
	  Index Cond: (id = 4174174)

table 6 : explain SELECT c FROM sbtest6 WHERE id=1666032
	Index Scan using sbtest6_pkey on sbtest6  (cost=0.43..8.45 rows=1 width=121)
	  Index Cond: (id = 1666032)

table 7 : explain SELECT c FROM sbtest7 WHERE id=9699495
	Index Scan using sbtest7_pkey on sbtest7  (cost=0.43..8.45 rows=1 width=121)
	  Index Cond: (id = 9699495)

table 8 : explain SELECT c FROM sbtest8 WHERE id=2428258
	Index Scan using sbtest8_pkey on sbtest8  (cost=0.43..8.45 rows=1 width=121)
	  Index Cond: (id = 2428258)

for point_selects
table 1 : explain SELECT c FROM sbtest1 WHERE id=9831881
	Index Scan using sbtest1_pkey on sbtest1  (cost=0.43..8.45 rows=1 width=121)
	  Index Cond: (id = 9831881)

table 2 : explain SELECT c FROM sbtest2 WHERE id=8025750
	Index Scan using sbtest2_pkey on sbtest2  (cost=0.43..8.45 rows=1 width=121)
	  Index Cond: (id = 8025750)

table 3 : explain SELECT c FROM sbtest3 WHERE id=7359941
	Index Scan using sbtest3_pkey on sbtest3  (cost=0.43..8.45 rows=1 width=121)
	  Index Cond: (id = 7359941)

table 4 : explain SELECT c FROM sbtest4 WHERE id=4296977
	Index Scan using sbtest4_pkey on sbtest4  (cost=0.43..8.45 rows=1 width=121)
	  Index Cond: (id = 4296977)

table 5 : explain SELECT c FROM sbtest5 WHERE id=8764266
	Index Scan using sbtest5_pkey on sbtest5  (cost=0.43..8.45 rows=1 width=121)
	  Index Cond: (id = 8764266)

table 6 : explain SELECT c FROM sbtest6 WHERE id=8325158
	Index Scan using sbtest6_pkey on sbtest6  (cost=0.43..8.45 rows=1 width=121)
	  Index Cond: (id = 8325158)

table 7 : explain SELECT c FROM sbtest7 WHERE id=1236139
	Index Scan using sbtest7_pkey on sbtest7  (cost=0.43..8.45 rows=1 width=121)
	  Index Cond: (id = 1236139)

table 8 : explain SELECT c FROM sbtest8 WHERE id=4452585
	Index Scan using sbtest8_pkey on sbtest8  (cost=0.43..8.45 rows=1 width=121)
	  Index Cond: (id = 4452585)

for point_selects
table 1 : explain SELECT c FROM sbtest1 WHERE id=3928828
	Index Scan using sbtest1_pkey on sbtest1  (cost=0.43..8.45 rows=1 width=121)
	  Index Cond: (id = 3928828)

table 2 : explain SELECT c FROM sbtest2 WHERE id=4283513
	Index Scan using sbtest2_pkey on sbtest2  (cost=0.43..8.45 rows=1 width=121)
	  Index Cond: (id = 4283513)

table 3 : explain SELECT c FROM sbtest3 WHERE id=2433952
	Index Scan using sbtest3_pkey on sbtest3  (cost=0.43..8.45 rows=1 width=121)
	  Index Cond: (id = 2433952)

table 4 : explain SELECT c FROM sbtest4 WHERE id=6442081
	Index Scan using sbtest4_pkey on sbtest4  (cost=0.43..8.45 rows=1 width=121)
	  Index Cond: (id = 6442081)

table 5 : explain SELECT c FROM sbtest5 WHERE id=6899122
	Index Scan using sbtest5_pkey on sbtest5  (cost=0.43..8.45 rows=1 width=121)
	  Index Cond: (id = 6899122)

table 6 : explain SELECT c FROM sbtest6 WHERE id=2033949
	Index Scan using sbtest6_pkey on sbtest6  (cost=0.43..8.45 rows=1 width=121)
	  Index Cond: (id = 2033949)

table 7 : explain SELECT c FROM sbtest7 WHERE id=8446857
	Index Scan using sbtest7_pkey on sbtest7  (cost=0.43..8.45 rows=1 width=121)
	  Index Cond: (id = 8446857)

table 8 : explain SELECT c FROM sbtest8 WHERE id=9651458
	Index Scan using sbtest8_pkey on sbtest8  (cost=0.43..8.45 rows=1 width=121)
	  Index Cond: (id = 9651458)

explain: for point_selects :: explain SELECT c FROM sbtest%u WHERE id=%u
for: simple_ranges
table 1 : explain SELECT c FROM sbtest1 WHERE id BETWEEN 9134754 AND 9144753
	Bitmap Heap Scan on sbtest1  (cost=325.33..35470.02 rows=10234 width=121)
	  Recheck Cond: ((id >= 9134754) AND (id <= 9144753))
	  ->  Bitmap Index Scan on sbtest1_pkey  (cost=0.00..322.78 rows=10234 width=0)
	        Index Cond: ((id >= 9134754) AND (id <= 9144753))

table 2 : explain SELECT c FROM sbtest2 WHERE id BETWEEN 5390055 AND 5400054
	Bitmap Heap Scan on sbtest2  (cost=324.90..35118.44 rows=10192 width=121)
	  Recheck Cond: ((id >= 5390055) AND (id <= 5400054))
	  ->  Bitmap Index Scan on sbtest2_pkey  (cost=0.00..322.36 rows=10192 width=0)
	        Index Cond: ((id >= 5390055) AND (id <= 5400054))

table 3 : explain SELECT c FROM sbtest3 WHERE id BETWEEN 9525548 AND 9535547
	Bitmap Heap Scan on sbtest3  (cost=325.64..35329.42 rows=10264 width=121)
	  Recheck Cond: ((id >= 9525548) AND (id <= 9535547))
	  ->  Bitmap Index Scan on sbtest3_pkey  (cost=0.00..323.07 rows=10264 width=0)
	        Index Cond: ((id >= 9525548) AND (id <= 9535547))

table 4 : explain SELECT c FROM sbtest4 WHERE id BETWEEN 6669731 AND 6679730
	Bitmap Heap Scan on sbtest4  (cost=316.81..33907.28 rows=9793 width=121)
	  Recheck Cond: ((id >= 6669731) AND (id <= 6679730))
	  ->  Bitmap Index Scan on sbtest4_pkey  (cost=0.00..314.37 rows=9793 width=0)
	        Index Cond: ((id >= 6669731) AND (id <= 6679730))

table 5 : explain SELECT c FROM sbtest5 WHERE id BETWEEN 134547 AND 144546
	Bitmap Heap Scan on sbtest5  (cost=289.39..31652.60 rows=9069 width=121)
	  Recheck Cond: ((id >= 134547) AND (id <= 144546))
	  ->  Bitmap Index Scan on sbtest5_pkey  (cost=0.00..287.12 rows=9069 width=0)
	        Index Cond: ((id >= 134547) AND (id <= 144546))

table 6 : explain SELECT c FROM sbtest6 WHERE id BETWEEN 759731 AND 769730
	Bitmap Heap Scan on sbtest6  (cost=330.69..35704.14 rows=10366 width=121)
	  Recheck Cond: ((id >= 759731) AND (id <= 769730))
	  ->  Bitmap Index Scan on sbtest6_pkey  (cost=0.00..328.09 rows=10366 width=0)
	        Index Cond: ((id >= 759731) AND (id <= 769730))

table 7 : explain SELECT c FROM sbtest7 WHERE id BETWEEN 4659063 AND 4669062
	Bitmap Heap Scan on sbtest7  (cost=296.42..32577.46 rows=9364 width=121)
	  Recheck Cond: ((id >= 4659063) AND (id <= 4669062))
	  ->  Bitmap Index Scan on sbtest7_pkey  (cost=0.00..294.07 rows=9364 width=0)
	        Index Cond: ((id >= 4659063) AND (id <= 4669062))

table 8 : explain SELECT c FROM sbtest8 WHERE id BETWEEN 1599995 AND 1609994
	Bitmap Heap Scan on sbtest8  (cost=308.81..33953.59 rows=9793 width=121)
	  Recheck Cond: ((id >= 1599995) AND (id <= 1609994))
	  ->  Bitmap Index Scan on sbtest8_pkey  (cost=0.00..306.37 rows=9793 width=0)
	        Index Cond: ((id >= 1599995) AND (id <= 1609994))

for point_selects
table 1 : explain SELECT c FROM sbtest1 WHERE id=6833263
	Index Scan using sbtest1_pkey on sbtest1  (cost=0.43..8.45 rows=1 width=121)
	  Index Cond: (id = 6833263)

table 2 : explain SELECT c FROM sbtest2 WHERE id=1918321
	Index Scan using sbtest2_pkey on sbtest2  (cost=0.43..8.45 rows=1 width=121)
	  Index Cond: (id = 1918321)

table 3 : explain SELECT c FROM sbtest3 WHERE id=1295856
	Index Scan using sbtest3_pkey on sbtest3  (cost=0.43..8.45 rows=1 width=121)
	  Index Cond: (id = 1295856)

table 4 : explain SELECT c FROM sbtest4 WHERE id=5073028
	Index Scan using sbtest4_pkey on sbtest4  (cost=0.43..8.45 rows=1 width=121)
	  Index Cond: (id = 5073028)

table 5 : explain SELECT c FROM sbtest5 WHERE id=7478847
	Index Scan using sbtest5_pkey on sbtest5  (cost=0.43..8.45 rows=1 width=121)
	  Index Cond: (id = 7478847)

table 6 : explain SELECT c FROM sbtest6 WHERE id=1150820
	Index Scan using sbtest6_pkey on sbtest6  (cost=0.43..8.45 rows=1 width=121)
	  Index Cond: (id = 1150820)

table 7 : explain SELECT c FROM sbtest7 WHERE id=6518380
	Index Scan using sbtest7_pkey on sbtest7  (cost=0.43..8.45 rows=1 width=121)
	  Index Cond: (id = 6518380)

table 8 : explain SELECT c FROM sbtest8 WHERE id=9421454
	Index Scan using sbtest8_pkey on sbtest8  (cost=0.43..8.45 rows=1 width=121)
	  Index Cond: (id = 9421454)

for: simple_ranges
table 1 : explain SELECT c FROM sbtest1 WHERE id BETWEEN 8712408 AND 8722407
	Bitmap Heap Scan on sbtest1  (cost=312.94..34112.79 rows=9805 width=121)
	  Recheck Cond: ((id >= 8712408) AND (id <= 8722407))
	  ->  Bitmap Index Scan on sbtest1_pkey  (cost=0.00..310.49 rows=9805 width=0)
	        Index Cond: ((id >= 8712408) AND (id <= 8722407))

table 2 : explain SELECT c FROM sbtest2 WHERE id BETWEEN 8861795 AND 8871794
	Bitmap Heap Scan on sbtest2  (cost=330.77..35686.64 rows=10374 width=121)
	  Recheck Cond: ((id >= 8861795) AND (id <= 8871794))
	  ->  Bitmap Index Scan on sbtest2_pkey  (cost=0.00..328.18 rows=10374 width=0)
	        Index Cond: ((id >= 8861795) AND (id <= 8871794))

table 3 : explain SELECT c FROM sbtest3 WHERE id BETWEEN 9192058 AND 9202057
	Bitmap Heap Scan on sbtest3  (cost=307.10..33328.96 rows=9626 width=121)
	  Recheck Cond: ((id >= 9192058) AND (id <= 9202057))
	  ->  Bitmap Index Scan on sbtest3_pkey  (cost=0.00..304.69 rows=9626 width=0)
	        Index Cond: ((id >= 9192058) AND (id <= 9202057))

table 4 : explain SELECT c FROM sbtest4 WHERE id BETWEEN 8797822 AND 8807821
	Bitmap Heap Scan on sbtest4  (cost=305.32..32831.13 rows=9452 width=121)
	  Recheck Cond: ((id >= 8797822) AND (id <= 8807821))
	  ->  Bitmap Index Scan on sbtest4_pkey  (cost=0.00..302.95 rows=9452 width=0)
	        Index Cond: ((id >= 8797822) AND (id <= 8807821))

table 5 : explain SELECT c FROM sbtest5 WHERE id BETWEEN 579780 AND 589779
	Bitmap Heap Scan on sbtest5  (cost=329.86..35501.68 rows=10285 width=121)
	  Recheck Cond: ((id >= 579780) AND (id <= 589779))
	  ->  Bitmap Index Scan on sbtest5_pkey  (cost=0.00..327.29 rows=10285 width=0)
	        Index Cond: ((id >= 579780) AND (id <= 589779))

table 6 : explain SELECT c FROM sbtest6 WHERE id BETWEEN 3512000 AND 3521999
	Bitmap Heap Scan on sbtest6  (cost=324.63..35077.07 rows=10165 width=121)
	  Recheck Cond: ((id >= 3512000) AND (id <= 3521999))
	  ->  Bitmap Index Scan on sbtest6_pkey  (cost=0.00..322.08 rows=10165 width=0)
	        Index Cond: ((id >= 3512000) AND (id <= 3521999))

table 7 : explain SELECT c FROM sbtest7 WHERE id BETWEEN 7689778 AND 7699777
	Bitmap Heap Scan on sbtest7  (cost=313.69..34206.83 rows=9879 width=121)
	  Recheck Cond: ((id >= 7689778) AND (id <= 7699777))
	  ->  Bitmap Index Scan on sbtest7_pkey  (cost=0.00..311.23 rows=9879 width=0)
	        Index Cond: ((id >= 7689778) AND (id <= 7699777))

table 8 : explain SELECT c FROM sbtest8 WHERE id BETWEEN 2357248 AND 2367247
	Bitmap Heap Scan on sbtest8  (cost=319.31..34724.34 rows=10037 width=121)
	  Recheck Cond: ((id >= 2357248) AND (id <= 2367247))
	  ->  Bitmap Index Scan on sbtest8_pkey  (cost=0.00..316.81 rows=10037 width=0)
	        Index Cond: ((id >= 2357248) AND (id <= 2367247))

for: simple_ranges
table 1 : explain SELECT c FROM sbtest1 WHERE id BETWEEN 2326312 AND 2336311
	Bitmap Heap Scan on sbtest1  (cost=318.75..34675.47 rows=9982 width=121)
	  Recheck Cond: ((id >= 2326312) AND (id <= 2336311))
	  ->  Bitmap Index Scan on sbtest1_pkey  (cost=0.00..316.25 rows=9982 width=0)
	        Index Cond: ((id >= 2326312) AND (id <= 2336311))

table 2 : explain SELECT c FROM sbtest2 WHERE id BETWEEN 9753097 AND 9763096
	Bitmap Heap Scan on sbtest2  (cost=317.50..34078.96 rows=9860 width=121)
	  Recheck Cond: ((id >= 9753097) AND (id <= 9763096))
	  ->  Bitmap Index Scan on sbtest2_pkey  (cost=0.00..315.04 rows=9860 width=0)
	        Index Cond: ((id >= 9753097) AND (id <= 9763096))

table 3 : explain SELECT c FROM sbtest3 WHERE id BETWEEN 2427989 AND 2437988
	Bitmap Heap Scan on sbtest3  (cost=318.85..34477.92 rows=9992 width=121)
	  Recheck Cond: ((id >= 2427989) AND (id <= 2437988))
	  ->  Bitmap Index Scan on sbtest3_pkey  (cost=0.00..316.36 rows=9992 width=0)
	        Index Cond: ((id >= 2427989) AND (id <= 2437988))

table 4 : explain SELECT c FROM sbtest4 WHERE id BETWEEN 8637097 AND 8647096
	Bitmap Heap Scan on sbtest4  (cost=353.65..37813.11 rows=11045 width=121)
	  Recheck Cond: ((id >= 8637097) AND (id <= 8647096))
	  ->  Bitmap Index Scan on sbtest4_pkey  (cost=0.00..350.88 rows=11045 width=0)
	        Index Cond: ((id >= 8637097) AND (id <= 8647096))

table 5 : explain SELECT c FROM sbtest5 WHERE id BETWEEN 5361653 AND 5371652
	Bitmap Heap Scan on sbtest5  (cost=313.03..34018.57 rows=9814 width=121)
	  Recheck Cond: ((id >= 5361653) AND (id <= 5371652))
	  ->  Bitmap Index Scan on sbtest5_pkey  (cost=0.00..310.57 rows=9814 width=0)
	        Index Cond: ((id >= 5361653) AND (id <= 5371652))

table 6 : explain SELECT c FROM sbtest6 WHERE id BETWEEN 1117214 AND 1127213
	Bitmap Heap Scan on sbtest6  (cost=301.72..32952.59 rows=9491 width=121)
	  Recheck Cond: ((id >= 1117214) AND (id <= 1127213))
	  ->  Bitmap Index Scan on sbtest6_pkey  (cost=0.00..299.34 rows=9491 width=0)
	        Index Cond: ((id >= 1117214) AND (id <= 1127213))

table 7 : explain SELECT c FROM sbtest7 WHERE id BETWEEN 423084 AND 433083
	Bitmap Heap Scan on sbtest7  (cost=330.58..35707.20 rows=10356 width=121)
	  Recheck Cond: ((id >= 423084) AND (id <= 433083))
	  ->  Bitmap Index Scan on sbtest7_pkey  (cost=0.00..328.00 rows=10356 width=0)
	        Index Cond: ((id >= 423084) AND (id <= 433083))

table 8 : explain SELECT c FROM sbtest8 WHERE id BETWEEN 8104113 AND 8114112
	Bitmap Heap Scan on sbtest8  (cost=343.40..37194.25 rows=10826 width=121)
	  Recheck Cond: ((id >= 8104113) AND (id <= 8114112))
	  ->  Bitmap Index Scan on sbtest8_pkey  (cost=0.00..340.69 rows=10826 width=0)
	        Index Cond: ((id >= 8104113) AND (id <= 8114112))

for point_selects
table 1 : explain SELECT c FROM sbtest1 WHERE id=4318948
	Index Scan using sbtest1_pkey on sbtest1  (cost=0.43..8.45 rows=1 width=121)
	  Index Cond: (id = 4318948)

table 2 : explain SELECT c FROM sbtest2 WHERE id=3037487
	Index Scan using sbtest2_pkey on sbtest2  (cost=0.43..8.45 rows=1 width=121)
	  Index Cond: (id = 3037487)

table 3 : explain SELECT c FROM sbtest3 WHERE id=3480745
	Index Scan using sbtest3_pkey on sbtest3  (cost=0.43..8.45 rows=1 width=121)
	  Index Cond: (id = 3480745)

table 4 : explain SELECT c FROM sbtest4 WHERE id=6251696
	Index Scan using sbtest4_pkey on sbtest4  (cost=0.43..8.45 rows=1 width=121)
	  Index Cond: (id = 6251696)

table 5 : explain SELECT c FROM sbtest5 WHERE id=2775167
	Index Scan using sbtest5_pkey on sbtest5  (cost=0.43..8.45 rows=1 width=121)
	  Index Cond: (id = 2775167)

table 6 : explain SELECT c FROM sbtest6 WHERE id=9309419
	Index Scan using sbtest6_pkey on sbtest6  (cost=0.43..8.45 rows=1 width=121)
	  Index Cond: (id = 9309419)

table 7 : explain SELECT c FROM sbtest7 WHERE id=1881743
	Index Scan using sbtest7_pkey on sbtest7  (cost=0.43..8.45 rows=1 width=121)
	  Index Cond: (id = 1881743)

table 8 : explain SELECT c FROM sbtest8 WHERE id=9380188
	Index Scan using sbtest8_pkey on sbtest8  (cost=0.43..8.45 rows=1 width=121)
	  Index Cond: (id = 9380188)

for point_selects
table 1 : explain SELECT c FROM sbtest1 WHERE id=3768534
	Index Scan using sbtest1_pkey on sbtest1  (cost=0.43..8.45 rows=1 width=121)
	  Index Cond: (id = 3768534)

table 2 : explain SELECT c FROM sbtest2 WHERE id=4143408
	Index Scan using sbtest2_pkey on sbtest2  (cost=0.43..8.45 rows=1 width=121)
	  Index Cond: (id = 4143408)

table 3 : explain SELECT c FROM sbtest3 WHERE id=6953935
	Index Scan using sbtest3_pkey on sbtest3  (cost=0.43..8.45 rows=1 width=121)
	  Index Cond: (id = 6953935)

table 4 : explain SELECT c FROM sbtest4 WHERE id=9379783
	Index Scan using sbtest4_pkey on sbtest4  (cost=0.43..8.45 rows=1 width=121)
	  Index Cond: (id = 9379783)

table 5 : explain SELECT c FROM sbtest5 WHERE id=3913618
	Index Scan using sbtest5_pkey on sbtest5  (cost=0.43..8.45 rows=1 width=121)
	  Index Cond: (id = 3913618)

table 6 : explain SELECT c FROM sbtest6 WHERE id=5924284
	Index Scan using sbtest6_pkey on sbtest6  (cost=0.43..8.45 rows=1 width=121)
	  Index Cond: (id = 5924284)

table 7 : explain SELECT c FROM sbtest7 WHERE id=5157704
	Index Scan using sbtest7_pkey on sbtest7  (cost=0.43..8.45 rows=1 width=121)
	  Index Cond: (id = 5157704)

table 8 : explain SELECT c FROM sbtest8 WHERE id=1999112
	Index Scan using sbtest8_pkey on sbtest8  (cost=0.43..8.45 rows=1 width=121)
	  Index Cond: (id = 1999112)

for: simple_ranges
table 1 : explain SELECT c FROM sbtest1 WHERE id BETWEEN 6789161 AND 6799160
	Bitmap Heap Scan on sbtest1  (cost=325.55..35537.93 rows=10255 width=121)
	  Recheck Cond: ((id >= 6789161) AND (id <= 6799160))
	  ->  Bitmap Index Scan on sbtest1_pkey  (cost=0.00..322.99 rows=10255 width=0)
	        Index Cond: ((id >= 6789161) AND (id <= 6799160))

table 2 : explain SELECT c FROM sbtest2 WHERE id BETWEEN 9287220 AND 9297219
	Bitmap Heap Scan on sbtest2  (cost=319.10..34565.08 rows=10016 width=121)
	  Recheck Cond: ((id >= 9287220) AND (id <= 9297219))
	  ->  Bitmap Index Scan on sbtest2_pkey  (cost=0.00..316.59 rows=10016 width=0)
	        Index Cond: ((id >= 9287220) AND (id <= 9297219))

table 3 : explain SELECT c FROM sbtest3 WHERE id BETWEEN 4937171 AND 4947170
	Bitmap Heap Scan on sbtest3  (cost=319.84..34776.80 rows=10088 width=121)
	  Recheck Cond: ((id >= 4937171) AND (id <= 4947170))
	  ->  Bitmap Index Scan on sbtest3_pkey  (cost=0.00..317.31 rows=10088 width=0)
	        Index Cond: ((id >= 4937171) AND (id <= 4947170))

table 4 : explain SELECT c FROM sbtest4 WHERE id BETWEEN 1592637 AND 1602636
	Bitmap Heap Scan on sbtest4  (cost=341.85..36666.81 rows=10675 width=121)
	  Recheck Cond: ((id >= 1592637) AND (id <= 1602636))
	  ->  Bitmap Index Scan on sbtest4_pkey  (cost=0.00..339.19 rows=10675 width=0)
	        Index Cond: ((id >= 1592637) AND (id <= 1602636))

table 5 : explain SELECT c FROM sbtest5 WHERE id BETWEEN 5423861 AND 5433860
	Bitmap Heap Scan on sbtest5  (cost=307.37..33506.11 rows=9652 width=121)
	  Recheck Cond: ((id >= 5423861) AND (id <= 5433860))
	  ->  Bitmap Index Scan on sbtest5_pkey  (cost=0.00..304.95 rows=9652 width=0)
	        Index Cond: ((id >= 5423861) AND (id <= 5433860))

table 6 : explain SELECT c FROM sbtest6 WHERE id BETWEEN 7395703 AND 7405702
	Bitmap Heap Scan on sbtest6  (cost=313.28..34050.93 rows=9839 width=121)
	  Recheck Cond: ((id >= 7395703) AND (id <= 7405702))
	  ->  Bitmap Index Scan on sbtest6_pkey  (cost=0.00..310.82 rows=9839 width=0)
	        Index Cond: ((id >= 7395703) AND (id <= 7405702))

table 7 : explain SELECT c FROM sbtest7 WHERE id BETWEEN 4466474 AND 4476473
	Bitmap Heap Scan on sbtest7  (cost=318.71..34520.81 rows=9978 width=121)
	  Recheck Cond: ((id >= 4466474) AND (id <= 4476473))
	  ->  Bitmap Index Scan on sbtest7_pkey  (cost=0.00..316.21 rows=9978 width=0)
	        Index Cond: ((id >= 4466474) AND (id <= 4476473))

table 8 : explain SELECT c FROM sbtest8 WHERE id BETWEEN 9055183 AND 9065182
	Bitmap Heap Scan on sbtest8  (cost=295.16..32204.78 rows=9241 width=121)
	  Recheck Cond: ((id >= 9055183) AND (id <= 9065182))
	  ->  Bitmap Index Scan on sbtest8_pkey  (cost=0.00..292.84 rows=9241 width=0)
	        Index Cond: ((id >= 9055183) AND (id <= 9065182))

for: simple_ranges
table 1 : explain SELECT c FROM sbtest1 WHERE id BETWEEN 5488651 AND 5498650
	Bitmap Heap Scan on sbtest1  (cost=284.32..31422.67 rows=8964 width=121)
	  Recheck Cond: ((id >= 5488651) AND (id <= 5498650))
	  ->  Bitmap Index Scan on sbtest1_pkey  (cost=0.00..282.07 rows=8964 width=0)
	        Index Cond: ((id >= 5488651) AND (id <= 5498650))

table 2 : explain SELECT c FROM sbtest2 WHERE id BETWEEN 3736810 AND 3746809
	Bitmap Heap Scan on sbtest2  (cost=283.60..31017.09 rows=8894 width=121)
	  Recheck Cond: ((id >= 3736810) AND (id <= 3746809))
	  ->  Bitmap Index Scan on sbtest2_pkey  (cost=0.00..281.38 rows=8894 width=0)
	        Index Cond: ((id >= 3736810) AND (id <= 3746809))

table 3 : explain SELECT c FROM sbtest3 WHERE id BETWEEN 6343920 AND 6353919
	Bitmap Heap Scan on sbtest3  (cost=344.26..37333.45 rows=10910 width=121)
	  Recheck Cond: ((id >= 6343920) AND (id <= 6353919))
	  ->  Bitmap Index Scan on sbtest3_pkey  (cost=0.00..341.54 rows=10910 width=0)
	        Index Cond: ((id >= 6343920) AND (id <= 6353919))

table 4 : explain SELECT c FROM sbtest4 WHERE id BETWEEN 3880100 AND 3890099
	Bitmap Heap Scan on sbtest4  (cost=288.92..31462.87 rows=9023 width=121)
	  Recheck Cond: ((id >= 3880100) AND (id <= 3890099))
	  ->  Bitmap Index Scan on sbtest4_pkey  (cost=0.00..286.67 rows=9023 width=0)
	        Index Cond: ((id >= 3880100) AND (id <= 3890099))

table 5 : explain SELECT c FROM sbtest5 WHERE id BETWEEN 4212072 AND 4222071
	Bitmap Heap Scan on sbtest5  (cost=324.64..35127.46 rows=10166 width=121)
	  Recheck Cond: ((id >= 4212072) AND (id <= 4222071))
	  ->  Bitmap Index Scan on sbtest5_pkey  (cost=0.00..322.09 rows=10166 width=0)
	        Index Cond: ((id >= 4212072) AND (id <= 4222071))

table 6 : explain SELECT c FROM sbtest6 WHERE id BETWEEN 936692 AND 946691
	Bitmap Heap Scan on sbtest6  (cost=290.29..31888.60 rows=9157 width=121)
	  Recheck Cond: ((id >= 936692) AND (id <= 946691))
	  ->  Bitmap Index Scan on sbtest6_pkey  (cost=0.00..288.00 rows=9157 width=0)
	        Index Cond: ((id >= 936692) AND (id <= 946691))

table 7 : explain SELECT c FROM sbtest7 WHERE id BETWEEN 505298 AND 515297
	Bitmap Heap Scan on sbtest7  (cost=313.39..34113.11 rows=9849 width=121)
	  Recheck Cond: ((id >= 505298) AND (id <= 515297))
	  ->  Bitmap Index Scan on sbtest7_pkey  (cost=0.00..310.93 rows=9849 width=0)
	        Index Cond: ((id >= 505298) AND (id <= 515297))

table 8 : explain SELECT c FROM sbtest8 WHERE id BETWEEN 3005666 AND 3015665
	Bitmap Heap Scan on sbtest8  (cost=314.15..34365.09 rows=9923 width=121)
	  Recheck Cond: ((id >= 3005666) AND (id <= 3015665))
	  ->  Bitmap Index Scan on sbtest8_pkey  (cost=0.00..311.67 rows=9923 width=0)
	        Index Cond: ((id >= 3005666) AND (id <= 3015665))

for point_selects
table 1 : explain SELECT c FROM sbtest1 WHERE id=8973749
	Index Scan using sbtest1_pkey on sbtest1  (cost=0.43..8.45 rows=1 width=121)
	  Index Cond: (id = 8973749)

table 2 : explain SELECT c FROM sbtest2 WHERE id=7322909
	Index Scan using sbtest2_pkey on sbtest2  (cost=0.43..8.45 rows=1 width=121)
	  Index Cond: (id = 7322909)

table 3 : explain SELECT c FROM sbtest3 WHERE id=3150886
	Index Scan using sbtest3_pkey on sbtest3  (cost=0.43..8.45 rows=1 width=121)
	  Index Cond: (id = 3150886)

table 4 : explain SELECT c FROM sbtest4 WHERE id=9545075
	Index Scan using sbtest4_pkey on sbtest4  (cost=0.43..8.45 rows=1 width=121)
	  Index Cond: (id = 9545075)

table 5 : explain SELECT c FROM sbtest5 WHERE id=7261560
	Index Scan using sbtest5_pkey on sbtest5  (cost=0.43..8.45 rows=1 width=121)
	  Index Cond: (id = 7261560)

table 6 : explain SELECT c FROM sbtest6 WHERE id=9877395
	Index Scan using sbtest6_pkey on sbtest6  (cost=0.43..8.45 rows=1 width=121)
	  Index Cond: (id = 9877395)

table 7 : explain SELECT c FROM sbtest7 WHERE id=3971228
	Index Scan using sbtest7_pkey on sbtest7  (cost=0.43..8.45 rows=1 width=121)
	  Index Cond: (id = 3971228)

table 8 : explain SELECT c FROM sbtest8 WHERE id=8649356
	Index Scan using sbtest8_pkey on sbtest8  (cost=0.43..8.45 rows=1 width=121)
	  Index Cond: (id = 8649356)

for: simple_ranges
table 1 : explain SELECT c FROM sbtest1 WHERE id BETWEEN 8030200 AND 8040199
	Bitmap Heap Scan on sbtest1  (cost=337.01..36601.48 rows=10593 width=121)
	  Recheck Cond: ((id >= 8030200) AND (id <= 8040199))
	  ->  Bitmap Index Scan on sbtest1_pkey  (cost=0.00..334.37 rows=10593 width=0)
	        Index Cond: ((id >= 8030200) AND (id <= 8040199))

table 2 : explain SELECT c FROM sbtest2 WHERE id BETWEEN 1068337 AND 1078336
	Bitmap Heap Scan on sbtest2  (cost=317.57..34101.51 rows=9867 width=121)
	  Recheck Cond: ((id >= 1068337) AND (id <= 1078336))
	  ->  Bitmap Index Scan on sbtest2_pkey  (cost=0.00..315.11 rows=9867 width=0)
	        Index Cond: ((id >= 1068337) AND (id <= 1078336))

table 3 : explain SELECT c FROM sbtest3 WHERE id BETWEEN 3490141 AND 3500140
	Bitmap Heap Scan on sbtest3  (cost=302.78..33228.03 rows=9595 width=121)
	  Recheck Cond: ((id >= 3490141) AND (id <= 3500140))
	  ->  Bitmap Index Scan on sbtest3_pkey  (cost=0.00..300.38 rows=9595 width=0)
	        Index Cond: ((id >= 3490141) AND (id <= 3500140))

table 4 : explain SELECT c FROM sbtest4 WHERE id BETWEEN 4717661 AND 4727660
	Bitmap Heap Scan on sbtest4  (cost=316.91..33936.34 rows=9802 width=121)
	  Recheck Cond: ((id >= 4717661) AND (id <= 4727660))
	  ->  Bitmap Index Scan on sbtest4_pkey  (cost=0.00..314.45 rows=9802 width=0)
	        Index Cond: ((id >= 4717661) AND (id <= 4727660))

table 5 : explain SELECT c FROM sbtest5 WHERE id BETWEEN 4167704 AND 4177703
	Bitmap Heap Scan on sbtest5  (cost=324.18..34985.69 rows=10121 width=121)
	  Recheck Cond: ((id >= 4167704) AND (id <= 4177703))
	  ->  Bitmap Index Scan on sbtest5_pkey  (cost=0.00..321.65 rows=10121 width=0)
	        Index Cond: ((id >= 4167704) AND (id <= 4177703))

table 6 : explain SELECT c FROM sbtest6 WHERE id BETWEEN 8635318 AND 8645317
	Bitmap Heap Scan on sbtest6  (cost=336.66..36307.29 rows=10559 width=121)
	  Recheck Cond: ((id >= 8635318) AND (id <= 8645317))
	  ->  Bitmap Index Scan on sbtest6_pkey  (cost=0.00..334.03 rows=10559 width=0)
	        Index Cond: ((id >= 8635318) AND (id <= 8645317))

table 7 : explain SELECT c FROM sbtest7 WHERE id BETWEEN 7596462 AND 7606461
	Bitmap Heap Scan on sbtest7  (cost=314.00..34300.51 rows=9909 width=121)
	  Recheck Cond: ((id >= 7596462) AND (id <= 7606461))
	  ->  Bitmap Index Scan on sbtest7_pkey  (cost=0.00..311.53 rows=9909 width=0)
	        Index Cond: ((id >= 7596462) AND (id <= 7606461))

table 8 : explain SELECT c FROM sbtest8 WHERE id BETWEEN 5805650 AND 5815649
	Bitmap Heap Scan on sbtest8  (cost=344.01..37376.41 rows=10885 width=121)
	  Recheck Cond: ((id >= 5805650) AND (id <= 5815649))
	  ->  Bitmap Index Scan on sbtest8_pkey  (cost=0.00..341.29 rows=10885 width=0)
	        Index Cond: ((id >= 5805650) AND (id <= 5815649))

for: sum_ranges
table 1 : explain SELECT SUM(k) FROM sbtest1 WHERE id BETWEEN 6379299 AND 6389298
	Aggregate  (cost=38105.43..38105.44 rows=1 width=8)
	  ->  Bitmap Heap Scan on sbtest1  (cost=349.85..38077.76 rows=11065 width=4)
	        Recheck Cond: ((id >= 6379299) AND (id <= 6389298))
	        ->  Bitmap Index Scan on sbtest1_pkey  (cost=0.00..347.08 rows=11065 width=0)
	              Index Cond: ((id >= 6379299) AND (id <= 6389298))

table 2 : explain SELECT SUM(k) FROM sbtest2 WHERE id BETWEEN 5976290 AND 5986289
	Aggregate  (cost=35690.15..35690.16 rows=1 width=8)
	  ->  Bitmap Heap Scan on sbtest2  (cost=330.70..35664.23 rows=10367 width=4)
	        Recheck Cond: ((id >= 5976290) AND (id <= 5986289))
	        ->  Bitmap Index Scan on sbtest2_pkey  (cost=0.00..328.11 rows=10367 width=0)
	              Index Cond: ((id >= 5976290) AND (id <= 5986289))

table 3 : explain SELECT SUM(k) FROM sbtest3 WHERE id BETWEEN 5498767 AND 5508766
	Aggregate  (cost=37867.09..37867.10 rows=1 width=8)
	  ->  Bitmap Heap Scan on sbtest3  (cost=349.94..37839.40 rows=11074 width=4)
	        Recheck Cond: ((id >= 5498767) AND (id <= 5508766))
	        ->  Bitmap Index Scan on sbtest3_pkey  (cost=0.00..347.18 rows=11074 width=0)
	              Index Cond: ((id >= 5498767) AND (id <= 5508766))

table 4 : explain SELECT SUM(k) FROM sbtest4 WHERE id BETWEEN 5338887 AND 5348886
	Aggregate  (cost=36119.62..36119.63 rows=1 width=8)
	  ->  Bitmap Heap Scan on sbtest4  (cost=335.97..36093.39 rows=10491 width=4)
	        Recheck Cond: ((id >= 5338887) AND (id <= 5348886))
	        ->  Bitmap Index Scan on sbtest4_pkey  (cost=0.00..333.34 rows=10491 width=0)
	              Index Cond: ((id >= 5338887) AND (id <= 5348886))

table 5 : explain SELECT SUM(k) FROM sbtest5 WHERE id BETWEEN 7576401 AND 7586400
	Aggregate  (cost=33471.85..33471.86 rows=1 width=8)
	  ->  Bitmap Heap Scan on sbtest5  (cost=307.18..33447.77 rows=9634 width=4)
	        Recheck Cond: ((id >= 7576401) AND (id <= 7586400))
	        ->  Bitmap Index Scan on sbtest5_pkey  (cost=0.00..304.78 rows=9634 width=0)
	              Index Cond: ((id >= 7576401) AND (id <= 7586400))

table 6 : explain SELECT SUM(k) FROM sbtest6 WHERE id BETWEEN 4904160 AND 4914159
	Aggregate  (cost=36308.07..36308.08 rows=1 width=8)
	  ->  Bitmap Heap Scan on sbtest6  (cost=336.58..36281.69 rows=10551 width=4)
	        Recheck Cond: ((id >= 4904160) AND (id <= 4914159))
	        ->  Bitmap Index Scan on sbtest6_pkey  (cost=0.00..333.94 rows=10551 width=0)
	              Index Cond: ((id >= 4904160) AND (id <= 4914159))

table 7 : explain SELECT SUM(k) FROM sbtest7 WHERE id BETWEEN 3127082 AND 3137081
	Aggregate  (cost=34195.94..34195.95 rows=1 width=8)
	  ->  Bitmap Heap Scan on sbtest7  (cost=313.57..34171.27 rows=9867 width=4)
	        Recheck Cond: ((id >= 3127082) AND (id <= 3137081))
	        ->  Bitmap Index Scan on sbtest7_pkey  (cost=0.00..311.11 rows=9867 width=0)
	              Index Cond: ((id >= 3127082) AND (id <= 3137081))

table 8 : explain SELECT SUM(k) FROM sbtest8 WHERE id BETWEEN 1780581 AND 1790580
	Aggregate  (cost=33133.71..33133.72 rows=1 width=8)
	  ->  Bitmap Heap Scan on sbtest8  (cost=302.08..33109.89 rows=9526 width=4)
	        Recheck Cond: ((id >= 1780581) AND (id <= 1790580))
	        ->  Bitmap Index Scan on sbtest8_pkey  (cost=0.00..299.69 rows=9526 width=0)
	              Index Cond: ((id >= 1780581) AND (id <= 1790580))

explain: for point_selects :: explain SELECT c FROM sbtest%u WHERE id=%u
for: simple_ranges
table 1 : explain SELECT c FROM sbtest1 WHERE id BETWEEN 1655653 AND 1665652
	Bitmap Heap Scan on sbtest1  (cost=284.37..31439.10 rows=8969 width=121)
	  Recheck Cond: ((id >= 1655653) AND (id <= 1665652))
	  ->  Bitmap Index Scan on sbtest1_pkey  (cost=0.00..282.12 rows=8969 width=0)
	        Index Cond: ((id >= 1655653) AND (id <= 1665652))

table 2 : explain SELECT c FROM sbtest2 WHERE id BETWEEN 2791971 AND 2801970
	Bitmap Heap Scan on sbtest2  (cost=306.05..33018.22 rows=9523 width=121)
	  Recheck Cond: ((id >= 2791971) AND (id <= 2801970))
	  ->  Bitmap Index Scan on sbtest2_pkey  (cost=0.00..303.67 rows=9523 width=0)
	        Index Cond: ((id >= 2791971) AND (id <= 2801970))

table 3 : explain SELECT c FROM sbtest3 WHERE id BETWEEN 3767081 AND 3777080
	Bitmap Heap Scan on sbtest3  (cost=332.17..36095.06 rows=10511 width=121)
	  Recheck Cond: ((id >= 3767081) AND (id <= 3777080))
	  ->  Bitmap Index Scan on sbtest3_pkey  (cost=0.00..329.55 rows=10511 width=0)
	        Index Cond: ((id >= 3767081) AND (id <= 3777080))

table 4 : explain SELECT c FROM sbtest4 WHERE id BETWEEN 9296059 AND 9306058
	Bitmap Heap Scan on sbtest4  (cost=329.73..35412.77 rows=10273 width=121)
	  Recheck Cond: ((id >= 9296059) AND (id <= 9306058))
	  ->  Bitmap Index Scan on sbtest4_pkey  (cost=0.00..327.17 rows=10273 width=0)
	        Index Cond: ((id >= 9296059) AND (id <= 9306058))

table 5 : explain SELECT c FROM sbtest5 WHERE id BETWEEN 2184444 AND 2194443
	Bitmap Heap Scan on sbtest5  (cost=325.47..35378.63 rows=10247 width=121)
	  Recheck Cond: ((id >= 2184444) AND (id <= 2194443))
	  ->  Bitmap Index Scan on sbtest5_pkey  (cost=0.00..322.91 rows=10247 width=0)
	        Index Cond: ((id >= 2184444) AND (id <= 2194443))

table 6 : explain SELECT c FROM sbtest6 WHERE id BETWEEN 23962 AND 33961
	Bitmap Heap Scan on sbtest6  (cost=324.12..34922.69 rows=10116 width=121)
	  Recheck Cond: ((id >= 23962) AND (id <= 33961))
	  ->  Bitmap Index Scan on sbtest6_pkey  (cost=0.00..321.59 rows=10116 width=0)
	        Index Cond: ((id >= 23962) AND (id <= 33961))

table 7 : explain SELECT c FROM sbtest7 WHERE id BETWEEN 9068095 AND 9078094
	Bitmap Heap Scan on sbtest7  (cost=320.14..34959.30 rows=10118 width=121)
	  Recheck Cond: ((id >= 9068095) AND (id <= 9078094))
	  ->  Bitmap Index Scan on sbtest7_pkey  (cost=0.00..317.62 rows=10118 width=0)
	        Index Cond: ((id >= 9068095) AND (id <= 9078094))

table 8 : explain SELECT c FROM sbtest8 WHERE id BETWEEN 7149992 AND 7159991
	Bitmap Heap Scan on sbtest8  (cost=313.48..34161.42 rows=9858 width=121)
	  Recheck Cond: ((id >= 7149992) AND (id <= 7159991))
	  ->  Bitmap Index Scan on sbtest8_pkey  (cost=0.00..311.01 rows=9858 width=0)
	        Index Cond: ((id >= 7149992) AND (id <= 7159991))

for: sum_ranges
table 1 : explain SELECT SUM(k) FROM sbtest1 WHERE id BETWEEN 7325673 AND 7335672
	Aggregate  (cost=35285.04..35285.05 rows=1 width=8)
	  ->  Bitmap Heap Scan on sbtest1  (cost=324.64..35259.63 rows=10166 width=4)
	        Recheck Cond: ((id >= 7325673) AND (id <= 7335672))
	        ->  Bitmap Index Scan on sbtest1_pkey  (cost=0.00..322.09 rows=10166 width=0)
	              Index Cond: ((id >= 7325673) AND (id <= 7335672))

table 2 : explain SELECT SUM(k) FROM sbtest2 WHERE id BETWEEN 9973531 AND 9983530
	Aggregate  (cost=38591.24..38591.25 rows=1 width=8)
	  ->  Bitmap Heap Scan on sbtest2  (cost=360.30..38562.98 rows=11304 width=4)
	        Recheck Cond: ((id >= 9973531) AND (id <= 9983530))
	        ->  Bitmap Index Scan on sbtest2_pkey  (cost=0.00..357.48 rows=11304 width=0)
	              Index Cond: ((id >= 9973531) AND (id <= 9983530))

table 3 : explain SELECT SUM(k) FROM sbtest3 WHERE id BETWEEN 2025917 AND 2035916
	Aggregate  (cost=35791.73..35791.74 rows=1 width=8)
	  ->  Bitmap Heap Scan on sbtest3  (cost=331.08..35765.72 rows=10404 width=4)
	        Recheck Cond: ((id >= 2025917) AND (id <= 2035916))
	        ->  Bitmap Index Scan on sbtest3_pkey  (cost=0.00..328.48 rows=10404 width=0)
	              Index Cond: ((id >= 2025917) AND (id <= 2035916))

table 4 : explain SELECT SUM(k) FROM sbtest4 WHERE id BETWEEN 6551513 AND 6561512
	Aggregate  (cost=35608.72..35608.73 rows=1 width=8)
	  ->  Bitmap Heap Scan on sbtest4  (cost=330.30..35582.90 rows=10328 width=4)
	        Recheck Cond: ((id >= 6551513) AND (id <= 6561512))
	        ->  Bitmap Index Scan on sbtest4_pkey  (cost=0.00..327.71 rows=10328 width=0)
	              Index Cond: ((id >= 6551513) AND (id <= 6561512))

table 5 : explain SELECT SUM(k) FROM sbtest5 WHERE id BETWEEN 7231881 AND 7241880
	Aggregate  (cost=34655.11..34655.12 rows=1 width=8)
	  ->  Bitmap Heap Scan on sbtest5  (cost=319.02..34630.09 rows=10008 width=4)
	        Recheck Cond: ((id >= 7231881) AND (id <= 7241880))
	        ->  Bitmap Index Scan on sbtest5_pkey  (cost=0.00..316.51 rows=10008 width=0)
	              Index Cond: ((id >= 7231881) AND (id <= 7241880))

table 6 : explain SELECT SUM(k) FROM sbtest6 WHERE id BETWEEN 5766052 AND 5776051
	Aggregate  (cost=37817.23..37817.24 rows=1 width=8)
	  ->  Bitmap Heap Scan on sbtest6  (cost=349.57..37789.64 rows=11038 width=4)
	        Recheck Cond: ((id >= 5766052) AND (id <= 5776051))
	        ->  Bitmap Index Scan on sbtest6_pkey  (cost=0.00..346.81 rows=11038 width=0)
	              Index Cond: ((id >= 5766052) AND (id <= 5776051))

table 7 : explain SELECT SUM(k) FROM sbtest7 WHERE id BETWEEN 6758331 AND 6768330
	Aggregate  (cost=32542.30..32542.31 rows=1 width=8)
	  ->  Bitmap Heap Scan on sbtest7  (cost=296.23..32518.94 rows=9346 width=4)
	        Recheck Cond: ((id >= 6758331) AND (id <= 6768330))
	        ->  Bitmap Index Scan on sbtest7_pkey  (cost=0.00..293.90 rows=9346 width=0)
	              Index Cond: ((id >= 6758331) AND (id <= 6768330))

table 8 : explain SELECT SUM(k) FROM sbtest8 WHERE id BETWEEN 2872926 AND 2882925
	Aggregate  (cost=32139.06..32139.07 rows=1 width=8)
	  ->  Bitmap Heap Scan on sbtest8  (cost=290.88..32116.02 rows=9214 width=4)
	        Recheck Cond: ((id >= 2872926) AND (id <= 2882925))
	        ->  Bitmap Index Scan on sbtest8_pkey  (cost=0.00..288.57 rows=9214 width=0)
	              Index Cond: ((id >= 2872926) AND (id <= 2882925))

for: sum_ranges
table 1 : explain SELECT SUM(k) FROM sbtest1 WHERE id BETWEEN 8397950 AND 8407949
	Aggregate  (cost=34439.77..34439.78 rows=1 width=8)
	  ->  Bitmap Heap Scan on sbtest1  (cost=313.92..34415.02 rows=9901 width=4)
	        Recheck Cond: ((id >= 8397950) AND (id <= 8407949))
	        ->  Bitmap Index Scan on sbtest1_pkey  (cost=0.00..311.44 rows=9901 width=0)
	              Index Cond: ((id >= 8397950) AND (id <= 8407949))

table 2 : explain SELECT SUM(k) FROM sbtest2 WHERE id BETWEEN 127604 AND 137603
	Aggregate  (cost=36418.26..36418.27 rows=1 width=8)
	  ->  Bitmap Heap Scan on sbtest2  (cost=341.08..36391.76 rows=10600 width=4)
	        Recheck Cond: ((id >= 127604) AND (id <= 137603))
	        ->  Bitmap Index Scan on sbtest2_pkey  (cost=0.00..338.44 rows=10600 width=0)
	              Index Cond: ((id >= 127604) AND (id <= 137603))

table 3 : explain SELECT SUM(k) FROM sbtest3 WHERE id BETWEEN 8382536 AND 8392535
	Aggregate  (cost=36515.17..36515.18 rows=1 width=8)
	  ->  Bitmap Heap Scan on sbtest3  (cost=337.46..36488.58 rows=10637 width=4)
	        Recheck Cond: ((id >= 8382536) AND (id <= 8392535))
	        ->  Bitmap Index Scan on sbtest3_pkey  (cost=0.00..334.81 rows=10637 width=0)
	              Index Cond: ((id >= 8382536) AND (id <= 8392535))

table 4 : explain SELECT SUM(k) FROM sbtest4 WHERE id BETWEEN 5751121 AND 5761120
	Aggregate  (cost=34406.47..34406.48 rows=1 width=8)
	  ->  Bitmap Heap Scan on sbtest4  (cost=318.36..34381.61 rows=9944 width=4)
	        Recheck Cond: ((id >= 5751121) AND (id <= 5761120))
	        ->  Bitmap Index Scan on sbtest4_pkey  (cost=0.00..315.88 rows=9944 width=0)
	              Index Cond: ((id >= 5751121) AND (id <= 5761120))

table 5 : explain SELECT SUM(k) FROM sbtest5 WHERE id BETWEEN 7255979 AND 7265978
	Aggregate  (cost=34655.11..34655.12 rows=1 width=8)
	  ->  Bitmap Heap Scan on sbtest5  (cost=319.02..34630.09 rows=10008 width=4)
	        Recheck Cond: ((id >= 7255979) AND (id <= 7265978))
	        ->  Bitmap Index Scan on sbtest5_pkey  (cost=0.00..316.51 rows=10008 width=0)
	              Index Cond: ((id >= 7255979) AND (id <= 7265978))

table 6 : explain SELECT SUM(k) FROM sbtest6 WHERE id BETWEEN 6838560 AND 6848559
	Aggregate  (cost=36092.58..36092.59 rows=1 width=8)
	  ->  Bitmap Heap Scan on sbtest6  (cost=331.89..36066.37 rows=10483 width=4)
	        Recheck Cond: ((id >= 6838560) AND (id <= 6848559))
	        ->  Bitmap Index Scan on sbtest6_pkey  (cost=0.00..329.26 rows=10483 width=0)
	              Index Cond: ((id >= 6838560) AND (id <= 6848559))

table 7 : explain SELECT SUM(k) FROM sbtest7 WHERE id BETWEEN 264069 AND 274068
	Aggregate  (cost=37158.20..37158.21 rows=1 width=8)
	  ->  Bitmap Heap Scan on sbtest7  (cost=343.27..37131.17 rows=10813 width=4)
	        Recheck Cond: ((id >= 264069) AND (id <= 274068))
	        ->  Bitmap Index Scan on sbtest7_pkey  (cost=0.00..340.56 rows=10813 width=0)
	              Index Cond: ((id >= 264069) AND (id <= 274068))

table 8 : explain SELECT SUM(k) FROM sbtest8 WHERE id BETWEEN 2224276 AND 2234275
	Aggregate  (cost=35752.72..35752.73 rows=1 width=8)
	  ->  Bitmap Heap Scan on sbtest8  (cost=326.59..35726.83 rows=10357 width=4)
	        Recheck Cond: ((id >= 2224276) AND (id <= 2234275))
	        ->  Bitmap Index Scan on sbtest8_pkey  (cost=0.00..324.00 rows=10357 width=0)
	              Index Cond: ((id >= 2224276) AND (id <= 2234275))

explain: for point_selects :: explain SELECT c FROM sbtest%u WHERE id=%u
for: sum_ranges
table 1 : explain SELECT SUM(k) FROM sbtest1 WHERE id BETWEEN 3527399 AND 3537398
	Aggregate  (cost=37095.86..37095.87 rows=1 width=8)
	  ->  Bitmap Heap Scan on sbtest1  (cost=342.54..37069.00 rows=10742 width=4)
	        Recheck Cond: ((id >= 3527399) AND (id <= 3537398))
	        ->  Bitmap Index Scan on sbtest1_pkey  (cost=0.00..339.86 rows=10742 width=0)
	              Index Cond: ((id >= 3527399) AND (id <= 3537398))

table 2 : explain SELECT SUM(k) FROM sbtest2 WHERE id BETWEEN 8815370 AND 8825369
	Aggregate  (cost=35712.57..35712.58 rows=1 width=8)
	  ->  Bitmap Heap Scan on sbtest2  (cost=330.77..35686.64 rows=10374 width=4)
	        Recheck Cond: ((id >= 8815370) AND (id <= 8825369))
	        ->  Bitmap Index Scan on sbtest2_pkey  (cost=0.00..328.18 rows=10374 width=0)
	              Index Cond: ((id >= 8815370) AND (id <= 8825369))

table 3 : explain SELECT SUM(k) FROM sbtest3 WHERE id BETWEEN 933157 AND 943156
	Aggregate  (cost=34898.44..34898.45 rows=1 width=8)
	  ->  Bitmap Heap Scan on sbtest3  (cost=320.15..34873.14 rows=10119 width=4)
	        Recheck Cond: ((id >= 933157) AND (id <= 943156))
	        ->  Bitmap Index Scan on sbtest3_pkey  (cost=0.00..317.62 rows=10119 width=0)
	              Index Cond: ((id >= 933157) AND (id <= 943156))

table 4 : explain SELECT SUM(k) FROM sbtest4 WHERE id BETWEEN 6898463 AND 6908462
	Aggregate  (cost=34251.57..34251.58 rows=1 width=8)
	  ->  Bitmap Heap Scan on sbtest4  (cost=317.86..34226.83 rows=9895 width=4)
	        Recheck Cond: ((id >= 6898463) AND (id <= 6908462))
	        ->  Bitmap Index Scan on sbtest4_pkey  (cost=0.00..315.38 rows=9895 width=0)
	              Index Cond: ((id >= 6898463) AND (id <= 6908462))

table 5 : explain SELECT SUM(k) FROM sbtest5 WHERE id BETWEEN 6120260 AND 6130259
	Aggregate  (cost=34422.44..34422.45 rows=1 width=8)
	  ->  Bitmap Heap Scan on sbtest5  (cost=318.26..34397.60 rows=9934 width=4)
	        Recheck Cond: ((id >= 6120260) AND (id <= 6130259))
	        ->  Bitmap Index Scan on sbtest5_pkey  (cost=0.00..315.78 rows=9934 width=0)
	              Index Cond: ((id >= 6120260) AND (id <= 6130259))

table 6 : explain SELECT SUM(k) FROM sbtest6 WHERE id BETWEEN 4553470 AND 4563469
	Aggregate  (cost=34130.46..34130.47 rows=1 width=8)
	  ->  Bitmap Heap Scan on sbtest6  (cost=313.47..34105.82 rows=9857 width=4)
	        Recheck Cond: ((id >= 4553470) AND (id <= 4563469))
	        ->  Bitmap Index Scan on sbtest6_pkey  (cost=0.00..311.00 rows=9857 width=0)
	              Index Cond: ((id >= 4553470) AND (id <= 4563469))

table 7 : explain SELECT SUM(k) FROM sbtest7 WHERE id BETWEEN 5488577 AND 5498576
	Aggregate  (cost=33476.23..33476.24 rows=1 width=8)
	  ->  Bitmap Heap Scan on sbtest7  (cost=307.23..33452.13 rows=9639 width=4)
	        Recheck Cond: ((id >= 5488577) AND (id <= 5498576))
	        ->  Bitmap Index Scan on sbtest7_pkey  (cost=0.00..304.82 rows=9639 width=0)
	              Index Cond: ((id >= 5488577) AND (id <= 5498576))

table 8 : explain SELECT SUM(k) FROM sbtest8 WHERE id BETWEEN 1633969 AND 1643968
	Aggregate  (cost=33221.45..33221.46 rows=1 width=8)
	  ->  Bitmap Heap Scan on sbtest8  (cost=302.36..33197.56 rows=9554 width=4)
	        Recheck Cond: ((id >= 1633969) AND (id <= 1643968))
	        ->  Bitmap Index Scan on sbtest8_pkey  (cost=0.00..299.98 rows=9554 width=0)
	              Index Cond: ((id >= 1633969) AND (id <= 1643968))

for: order_ranges
table 1 : explain SELECT c FROM sbtest1 WHERE id BETWEEN 5875966 AND 5885965 ORDER BY c
	Sort  (cost=35348.48..35373.44 rows=9985 width=121)
	  Sort Key: c
	  ->  Bitmap Heap Scan on sbtest1  (cost=318.78..34685.20 rows=9985 width=121)
	        Recheck Cond: ((id >= 5875966) AND (id <= 5885965))
	        ->  Bitmap Index Scan on sbtest1_pkey  (cost=0.00..316.29 rows=9985 width=0)
	              Index Cond: ((id >= 5875966) AND (id <= 5885965))

table 2 : explain SELECT c FROM sbtest2 WHERE id BETWEEN 7169232 AND 7179231 ORDER BY c
	Sort  (cost=36634.99..36661.12 rows=10454 width=121)
	  Sort Key: c
	  ->  Bitmap Heap Scan on sbtest2  (cost=335.59..35937.09 rows=10454 width=121)
	        Recheck Cond: ((id >= 7169232) AND (id <= 7179231))
	        ->  Bitmap Index Scan on sbtest2_pkey  (cost=0.00..332.98 rows=10454 width=0)
	              Index Cond: ((id >= 7169232) AND (id <= 7179231))

table 3 : explain SELECT c FROM sbtest3 WHERE id BETWEEN 7889148 AND 7899147 ORDER BY c
	Sort  (cost=33571.42..33595.18 rows=9504 width=121)
	  Sort Key: c
	  ->  Bitmap Heap Scan on sbtest3  (cost=301.85..32943.48 rows=9504 width=121)
	        Recheck Cond: ((id >= 7889148) AND (id <= 7899147))
	        ->  Bitmap Index Scan on sbtest3_pkey  (cost=0.00..299.48 rows=9504 width=0)
	              Index Cond: ((id >= 7889148) AND (id <= 7899147))

table 4 : explain SELECT c FROM sbtest4 WHERE id BETWEEN 1441881 AND 1451880 ORDER BY c
	Sort  (cost=37699.09..37726.03 rows=10775 width=121)
	  Sort Key: c
	  ->  Bitmap Heap Scan on sbtest4  (cost=346.88..36977.42 rows=10775 width=121)
	        Recheck Cond: ((id >= 1441881) AND (id <= 1451880))
	        ->  Bitmap Index Scan on sbtest4_pkey  (cost=0.00..344.19 rows=10775 width=0)
	              Index Cond: ((id >= 1441881) AND (id <= 1451880))

table 5 : explain SELECT c FROM sbtest5 WHERE id BETWEEN 6488688 AND 6498687 ORDER BY c
	Sort  (cost=33776.47..33800.31 rows=9538 width=121)
	  Sort Key: c
	  ->  Bitmap Heap Scan on sbtest5  (cost=306.20..33146.03 rows=9538 width=121)
	        Recheck Cond: ((id >= 6488688) AND (id <= 6498687))
	        ->  Bitmap Index Scan on sbtest5_pkey  (cost=0.00..303.81 rows=9538 width=0)
	              Index Cond: ((id >= 6488688) AND (id <= 6498687))

table 6 : explain SELECT c FROM sbtest6 WHERE id BETWEEN 1068335 AND 1078334 ORDER BY c
	Sort  (cost=33579.58..33603.31 rows=9491 width=121)
	  Sort Key: c
	  ->  Bitmap Heap Scan on sbtest6  (cost=301.72..32952.59 rows=9491 width=121)
	        Recheck Cond: ((id >= 1068335) AND (id <= 1078334))
	        ->  Bitmap Index Scan on sbtest6_pkey  (cost=0.00..299.34 rows=9491 width=0)
	              Index Cond: ((id >= 1068335) AND (id <= 1078334))

table 7 : explain SELECT c FROM sbtest7 WHERE id BETWEEN 6858603 AND 6868602 ORDER BY c
	Sort  (cost=32758.96..32782.03 rows=9229 width=121)
	  Sort Key: c
	  ->  Bitmap Heap Scan on sbtest7  (cost=295.03..32151.14 rows=9229 width=121)
	        Recheck Cond: ((id >= 6858603) AND (id <= 6868602))
	        ->  Bitmap Index Scan on sbtest7_pkey  (cost=0.00..292.73 rows=9229 width=0)
	              Index Cond: ((id >= 6858603) AND (id <= 6868602))

table 8 : explain SELECT c FROM sbtest8 WHERE id BETWEEN 7268165 AND 7278164 ORDER BY c
	Sort  (cost=35292.33..35317.35 rows=10006 width=121)
	  Sort Key: c
	  ->  Bitmap Heap Scan on sbtest8  (cost=319.00..34627.50 rows=10006 width=121)
	        Recheck Cond: ((id >= 7268165) AND (id <= 7278164))
	        ->  Bitmap Index Scan on sbtest8_pkey  (cost=0.00..316.50 rows=10006 width=0)
	              Index Cond: ((id >= 7268165) AND (id <= 7278164))

for point_selects
table 1 : explain SELECT c FROM sbtest1 WHERE id=9308418
	Index Scan using sbtest1_pkey on sbtest1  (cost=0.43..8.45 rows=1 width=121)
	  Index Cond: (id = 9308418)

table 2 : explain SELECT c FROM sbtest2 WHERE id=7795371
	Index Scan using sbtest2_pkey on sbtest2  (cost=0.43..8.45 rows=1 width=121)
	  Index Cond: (id = 7795371)

table 3 : explain SELECT c FROM sbtest3 WHERE id=2749203
	Index Scan using sbtest3_pkey on sbtest3  (cost=0.43..8.45 rows=1 width=121)
	  Index Cond: (id = 2749203)

table 4 : explain SELECT c FROM sbtest4 WHERE id=7592367
	Index Scan using sbtest4_pkey on sbtest4  (cost=0.43..8.45 rows=1 width=121)
	  Index Cond: (id = 7592367)

table 5 : explain SELECT c FROM sbtest5 WHERE id=6367248
	Index Scan using sbtest5_pkey on sbtest5  (cost=0.43..8.45 rows=1 width=121)
	  Index Cond: (id = 6367248)

table 6 : explain SELECT c FROM sbtest6 WHERE id=4704423
	Index Scan using sbtest6_pkey on sbtest6  (cost=0.43..8.45 rows=1 width=121)
	  Index Cond: (id = 4704423)

table 7 : explain SELECT c FROM sbtest7 WHERE id=1662524
	Index Scan using sbtest7_pkey on sbtest7  (cost=0.43..8.45 rows=1 width=121)
	  Index Cond: (id = 1662524)

table 8 : explain SELECT c FROM sbtest8 WHERE id=871576
	Index Scan using sbtest8_pkey on sbtest8  (cost=0.43..8.45 rows=1 width=121)
	  Index Cond: (id = 871576)

for: sum_ranges
table 1 : explain SELECT SUM(k) FROM sbtest1 WHERE id BETWEEN 4620213 AND 4630212
	Aggregate  (cost=36489.27..36489.28 rows=1 width=8)
	  ->  Bitmap Heap Scan on sbtest1  (cost=336.55..36462.90 rows=10548 width=4)
	        Recheck Cond: ((id >= 4620213) AND (id <= 4630212))
	        ->  Bitmap Index Scan on sbtest1_pkey  (cost=0.00..333.92 rows=10548 width=0)
	              Index Cond: ((id >= 4620213) AND (id <= 4630212))

table 2 : explain SELECT SUM(k) FROM sbtest2 WHERE id BETWEEN 897979 AND 907978
	Aggregate  (cost=33918.94..33918.95 rows=1 width=8)
	  ->  Bitmap Heap Scan on sbtest2  (cost=312.91..33894.44 rows=9802 width=4)
	        Recheck Cond: ((id >= 897979) AND (id <= 907978))
	        ->  Bitmap Index Scan on sbtest2_pkey  (cost=0.00..310.45 rows=9802 width=0)
	              Index Cond: ((id >= 897979) AND (id <= 907978))

table 3 : explain SELECT SUM(k) FROM sbtest3 WHERE id BETWEEN 1503092 AND 1513091
	Aggregate  (cost=34695.93..34695.94 rows=1 width=8)
	  ->  Bitmap Heap Scan on sbtest3  (cost=319.49..34670.79 rows=10054 width=4)
	        Recheck Cond: ((id >= 1503092) AND (id <= 1513091))
	        ->  Bitmap Index Scan on sbtest3_pkey  (cost=0.00..316.98 rows=10054 width=0)
	              Index Cond: ((id >= 1503092) AND (id <= 1513091))

table 4 : explain SELECT SUM(k) FROM sbtest4 WHERE id BETWEEN 2962459 AND 2972458
	Aggregate  (cost=33497.45..33497.46 rows=1 width=8)
	  ->  Bitmap Heap Scan on sbtest4  (cost=311.40..33473.31 rows=9655 width=4)
	        Recheck Cond: ((id >= 2962459) AND (id <= 2972458))
	        ->  Bitmap Index Scan on sbtest4_pkey  (cost=0.00..308.99 rows=9655 width=0)
	              Index Cond: ((id >= 2962459) AND (id <= 2972458))

table 5 : explain SELECT SUM(k) FROM sbtest5 WHERE id BETWEEN 7889897 AND 7899896
	Aggregate  (cost=34797.20..34797.21 rows=1 width=8)
	  ->  Bitmap Heap Scan on sbtest5  (cost=319.48..34772.06 rows=10053 width=4)
	        Recheck Cond: ((id >= 7889897) AND (id <= 7899896))
	        ->  Bitmap Index Scan on sbtest5_pkey  (cost=0.00..316.96 rows=10053 width=0)
	              Index Cond: ((id >= 7889897) AND (id <= 7899896))

table 6 : explain SELECT SUM(k) FROM sbtest6 WHERE id BETWEEN 787501 AND 797500
	Aggregate  (cost=35730.06..35730.07 rows=1 width=8)
	  ->  Bitmap Heap Scan on sbtest6  (cost=330.69..35704.14 rows=10366 width=4)
	        Recheck Cond: ((id >= 787501) AND (id <= 797500))
	        ->  Bitmap Index Scan on sbtest6_pkey  (cost=0.00..328.09 rows=10366 width=0)
	              Index Cond: ((id >= 787501) AND (id <= 797500))

table 7 : explain SELECT SUM(k) FROM sbtest7 WHERE id BETWEEN 9825569 AND 9835568
	Aggregate  (cost=36238.12..36238.13 rows=1 width=8)
	  ->  Bitmap Heap Scan on sbtest7  (cost=336.23..36211.83 rows=10517 width=4)
	        Recheck Cond: ((id >= 9825569) AND (id <= 9835568))
	        ->  Bitmap Index Scan on sbtest7_pkey  (cost=0.00..333.61 rows=10517 width=0)
	              Index Cond: ((id >= 9825569) AND (id <= 9835568))

table 8 : explain SELECT SUM(k) FROM sbtest8 WHERE id BETWEEN 2801591 AND 2811590
	Aggregate  (cost=32139.06..32139.07 rows=1 width=8)
	  ->  Bitmap Heap Scan on sbtest8  (cost=290.88..32116.02 rows=9214 width=4)
	        Recheck Cond: ((id >= 2801591) AND (id <= 2811590))
	        ->  Bitmap Index Scan on sbtest8_pkey  (cost=0.00..288.57 rows=9214 width=0)
	              Index Cond: ((id >= 2801591) AND (id <= 2811590))

explain: for point_selects :: explain SELECT c FROM sbtest%u WHERE id=%u
for: sum_ranges
table 1 : explain SELECT SUM(k) FROM sbtest1 WHERE id BETWEEN 2160722 AND 2170721
	Aggregate  (cost=38654.04..38654.05 rows=1 width=8)
	  ->  Bitmap Heap Scan on sbtest1  (cost=355.66..38625.94 rows=11241 width=4)
	        Recheck Cond: ((id >= 2160722) AND (id <= 2170721))
	        ->  Bitmap Index Scan on sbtest1_pkey  (cost=0.00..352.84 rows=11241 width=0)
	              Index Cond: ((id >= 2160722) AND (id <= 2170721))

table 2 : explain SELECT SUM(k) FROM sbtest2 WHERE id BETWEEN 8911607 AND 8921606
	Aggregate  (cost=33925.39..33925.40 rows=1 width=8)
	  ->  Bitmap Heap Scan on sbtest2  (cost=312.93..33900.88 rows=9804 width=4)
	        Recheck Cond: ((id >= 8911607) AND (id <= 8921606))
	        ->  Bitmap Index Scan on sbtest2_pkey  (cost=0.00..310.48 rows=9804 width=0)
	              Index Cond: ((id >= 8911607) AND (id <= 8921606))

table 3 : explain SELECT SUM(k) FROM sbtest3 WHERE id BETWEEN 9811250 AND 9821249
	Aggregate  (cost=33161.44..33161.45 rows=1 width=8)
	  ->  Bitmap Heap Scan on sbtest3  (cost=302.49..33137.53 rows=9566 width=4)
	        Recheck Cond: ((id >= 9811250) AND (id <= 9821249))
	        ->  Bitmap Index Scan on sbtest3_pkey  (cost=0.00..300.09 rows=9566 width=0)
	              Index Cond: ((id >= 9811250) AND (id <= 9821249))

table 4 : explain SELECT SUM(k) FROM sbtest4 WHERE id BETWEEN 2962340 AND 2972339
	Aggregate  (cost=33497.45..33497.46 rows=1 width=8)
	  ->  Bitmap Heap Scan on sbtest4  (cost=311.40..33473.31 rows=9655 width=4)
	        Recheck Cond: ((id >= 2962340) AND (id <= 2972339))
	        ->  Bitmap Index Scan on sbtest4_pkey  (cost=0.00..308.99 rows=9655 width=0)
	              Index Cond: ((id >= 2962340) AND (id <= 2972339))

table 5 : explain SELECT SUM(k) FROM sbtest5 WHERE id BETWEEN 9646275 AND 9656274
	Aggregate  (cost=36418.46..36418.47 rows=1 width=8)
	  ->  Bitmap Heap Scan on sbtest5  (cost=336.78..36392.04 rows=10570 width=4)
	        Recheck Cond: ((id >= 9646275) AND (id <= 9656274))
	        ->  Bitmap Index Scan on sbtest5_pkey  (cost=0.00..334.13 rows=10570 width=0)
	              Index Cond: ((id >= 9646275) AND (id <= 9656274))

table 6 : explain SELECT SUM(k) FROM sbtest6 WHERE id BETWEEN 7759586 AND 7769585
	Aggregate  (cost=33709.38..33709.39 rows=1 width=8)
	  ->  Bitmap Heap Scan on sbtest6  (cost=308.10..33685.07 rows=9723 width=4)
	        Recheck Cond: ((id >= 7759586) AND (id <= 7769585))
	        ->  Bitmap Index Scan on sbtest6_pkey  (cost=0.00..305.67 rows=9723 width=0)
	              Index Cond: ((id >= 7759586) AND (id <= 7769585))

table 7 : explain SELECT SUM(k) FROM sbtest7 WHERE id BETWEEN 4683643 AND 4693642
	Aggregate  (cost=32600.87..32600.88 rows=1 width=8)
	  ->  Bitmap Heap Scan on sbtest7  (cost=296.42..32577.46 rows=9364 width=4)
	        Recheck Cond: ((id >= 4683643) AND (id <= 4693642))
	        ->  Bitmap Index Scan on sbtest7_pkey  (cost=0.00..294.07 rows=9364 width=0)
	              Index Cond: ((id >= 4683643) AND (id <= 4693642))

table 8 : explain SELECT SUM(k) FROM sbtest8 WHERE id BETWEEN 3047530 AND 3057529
	Aggregate  (cost=34389.90..34389.91 rows=1 width=8)
	  ->  Bitmap Heap Scan on sbtest8  (cost=314.15..34365.09 rows=9923 width=4)
	        Recheck Cond: ((id >= 3047530) AND (id <= 3057529))
	        ->  Bitmap Index Scan on sbtest8_pkey  (cost=0.00..311.67 rows=9923 width=0)
	              Index Cond: ((id >= 3047530) AND (id <= 3057529))

for: sum_ranges
table 1 : explain SELECT SUM(k) FROM sbtest1 WHERE id BETWEEN 6748923 AND 6758922
	Aggregate  (cost=35563.57..35563.58 rows=1 width=8)
	  ->  Bitmap Heap Scan on sbtest1  (cost=325.55..35537.93 rows=10255 width=4)
	        Recheck Cond: ((id >= 6748923) AND (id <= 6758922))
	        ->  Bitmap Index Scan on sbtest1_pkey  (cost=0.00..322.99 rows=10255 width=0)
	              Index Cond: ((id >= 6748923) AND (id <= 6758922))

table 2 : explain SELECT SUM(k) FROM sbtest2 WHERE id BETWEEN 417144 AND 427143
	Aggregate  (cost=35645.29..35645.30 rows=1 width=8)
	  ->  Bitmap Heap Scan on sbtest2  (cost=330.55..35619.40 rows=10353 width=4)
	        Recheck Cond: ((id >= 417144) AND (id <= 427143))
	        ->  Bitmap Index Scan on sbtest2_pkey  (cost=0.00..327.96 rows=10353 width=0)
	              Index Cond: ((id >= 417144) AND (id <= 427143))

table 3 : explain SELECT SUM(k) FROM sbtest3 WHERE id BETWEEN 7411058 AND 7421057
	Aggregate  (cost=32597.10..32597.11 rows=1 width=8)
	  ->  Bitmap Heap Scan on sbtest3  (cost=296.66..32573.63 rows=9388 width=4)
	        Recheck Cond: ((id >= 7411058) AND (id <= 7421057))
	        ->  Bitmap Index Scan on sbtest3_pkey  (cost=0.00..294.31 rows=9388 width=0)
	              Index Cond: ((id >= 7411058) AND (id <= 7421057))

table 4 : explain SELECT SUM(k) FROM sbtest4 WHERE id BETWEEN 3751766 AND 3761765
	Aggregate  (cost=33458.60..33458.61 rows=1 width=8)
	  ->  Bitmap Heap Scan on sbtest4  (cost=311.28..33434.49 rows=9643 width=4)
	        Recheck Cond: ((id >= 3751766) AND (id <= 3761765))
	        ->  Bitmap Index Scan on sbtest4_pkey  (cost=0.00..308.87 rows=9643 width=0)
	              Index Cond: ((id >= 3751766) AND (id <= 3761765))

table 5 : explain SELECT SUM(k) FROM sbtest5 WHERE id BETWEEN 5358355 AND 5368354
	Aggregate  (cost=34217.90..34217.91 rows=1 width=8)
	  ->  Bitmap Heap Scan on sbtest5  (cost=313.60..34193.22 rows=9870 width=4)
	        Recheck Cond: ((id >= 5358355) AND (id <= 5368354))
	        ->  Bitmap Index Scan on sbtest5_pkey  (cost=0.00..311.13 rows=9870 width=0)
	              Index Cond: ((id >= 5358355) AND (id <= 5368354))

table 6 : explain SELECT SUM(k) FROM sbtest6 WHERE id BETWEEN 6187740 AND 6197739
	Aggregate  (cost=35649.78..35649.79 rows=1 width=8)
	  ->  Bitmap Heap Scan on sbtest6  (cost=330.42..35623.93 rows=10340 width=4)
	        Recheck Cond: ((id >= 6187740) AND (id <= 6197739))
	        ->  Bitmap Index Scan on sbtest6_pkey  (cost=0.00..327.83 rows=10340 width=0)
	              Index Cond: ((id >= 6187740) AND (id <= 6197739))

table 7 : explain SELECT SUM(k) FROM sbtest7 WHERE id BETWEEN 7998478 AND 8008477
	Aggregate  (cost=36674.15..36674.16 rows=1 width=8)
	  ->  Bitmap Heap Scan on sbtest7  (cost=337.68..36647.50 rows=10658 width=4)
	        Recheck Cond: ((id >= 7998478) AND (id <= 8008477))
	        ->  Bitmap Index Scan on sbtest7_pkey  (cost=0.00..335.01 rows=10658 width=0)
	              Index Cond: ((id >= 7998478) AND (id <= 8008477))

table 8 : explain SELECT SUM(k) FROM sbtest8 WHERE id BETWEEN 1997790 AND 2007789
	Aggregate  (cost=35652.96..35652.97 rows=1 width=8)
	  ->  Bitmap Heap Scan on sbtest8  (cost=326.27..35627.15 rows=10325 width=4)
	        Recheck Cond: ((id >= 1997790) AND (id <= 2007789))
	        ->  Bitmap Index Scan on sbtest8_pkey  (cost=0.00..323.69 rows=10325 width=0)
	              Index Cond: ((id >= 1997790) AND (id <= 2007789))

for point_selects
table 1 : explain SELECT c FROM sbtest1 WHERE id=4193228
	Index Scan using sbtest1_pkey on sbtest1  (cost=0.43..8.45 rows=1 width=121)
	  Index Cond: (id = 4193228)

table 2 : explain SELECT c FROM sbtest2 WHERE id=4788964
	Index Scan using sbtest2_pkey on sbtest2  (cost=0.43..8.45 rows=1 width=121)
	  Index Cond: (id = 4788964)

table 3 : explain SELECT c FROM sbtest3 WHERE id=90352
	Index Scan using sbtest3_pkey on sbtest3  (cost=0.43..8.45 rows=1 width=121)
	  Index Cond: (id = 90352)

table 4 : explain SELECT c FROM sbtest4 WHERE id=8581327
	Index Scan using sbtest4_pkey on sbtest4  (cost=0.43..8.45 rows=1 width=121)
	  Index Cond: (id = 8581327)

table 5 : explain SELECT c FROM sbtest5 WHERE id=2334902
	Index Scan using sbtest5_pkey on sbtest5  (cost=0.43..8.45 rows=1 width=121)
	  Index Cond: (id = 2334902)

table 6 : explain SELECT c FROM sbtest6 WHERE id=3360921
	Index Scan using sbtest6_pkey on sbtest6  (cost=0.43..8.45 rows=1 width=121)
	  Index Cond: (id = 3360921)

table 7 : explain SELECT c FROM sbtest7 WHERE id=5444077
	Index Scan using sbtest7_pkey on sbtest7  (cost=0.43..8.45 rows=1 width=121)
	  Index Cond: (id = 5444077)

table 8 : explain SELECT c FROM sbtest8 WHERE id=7120635
	Index Scan using sbtest8_pkey on sbtest8  (cost=0.43..8.45 rows=1 width=121)
	  Index Cond: (id = 7120635)

explain: for point_selects :: explain SELECT c FROM sbtest%u WHERE id=%u
for: simple_ranges
table 1 : explain SELECT c FROM sbtest1 WHERE id BETWEEN 319409 AND 329408
	Bitmap Heap Scan on sbtest1  (cost=301.46..33032.83 rows=9466 width=121)
	  Recheck Cond: ((id >= 319409) AND (id <= 329408))
	  ->  Bitmap Index Scan on sbtest1_pkey  (cost=0.00..299.09 rows=9466 width=0)
	        Index Cond: ((id >= 319409) AND (id <= 329408))

table 2 : explain SELECT c FROM sbtest2 WHERE id BETWEEN 9328899 AND 9338898
	Bitmap Heap Scan on sbtest2  (cost=311.79..33555.59 rows=9693 width=121)
	  Recheck Cond: ((id >= 9328899) AND (id <= 9338898))
	  ->  Bitmap Index Scan on sbtest2_pkey  (cost=0.00..309.37 rows=9693 width=0)
	        Index Cond: ((id >= 9328899) AND (id <= 9338898))

table 3 : explain SELECT c FROM sbtest3 WHERE id BETWEEN 2769359 AND 2779358
	Bitmap Heap Scan on sbtest3  (cost=342.85..36907.01 rows=10772 width=121)
	  Recheck Cond: ((id >= 2769359) AND (id <= 2779358))
	  ->  Bitmap Index Scan on sbtest3_pkey  (cost=0.00..340.16 rows=10772 width=0)
	        Index Cond: ((id >= 2769359) AND (id <= 2779358))

table 4 : explain SELECT c FROM sbtest4 WHERE id BETWEEN 7120289 AND 7130288
	Bitmap Heap Scan on sbtest4  (cost=346.54..36875.26 rows=10742 width=121)
	  Recheck Cond: ((id >= 7120289) AND (id <= 7130288))
	  ->  Bitmap Index Scan on sbtest4_pkey  (cost=0.00..343.86 rows=10742 width=0)
	        Index Cond: ((id >= 7120289) AND (id <= 7130288))

table 5 : explain SELECT c FROM sbtest5 WHERE id BETWEEN 9673960 AND 9683959
	Bitmap Heap Scan on sbtest5  (cost=336.78..36392.04 rows=10570 width=121)
	  Recheck Cond: ((id >= 9673960) AND (id <= 9683959))
	  ->  Bitmap Index Scan on sbtest5_pkey  (cost=0.00..334.13 rows=10570 width=0)
	        Index Cond: ((id >= 9673960) AND (id <= 9683959))

table 6 : explain SELECT c FROM sbtest6 WHERE id BETWEEN 1300799 AND 1310798
	Bitmap Heap Scan on sbtest6  (cost=342.59..36889.91 rows=10747 width=121)
	  Recheck Cond: ((id >= 1300799) AND (id <= 1310798))
	  ->  Bitmap Index Scan on sbtest6_pkey  (cost=0.00..339.91 rows=10747 width=0)
	        Index Cond: ((id >= 1300799) AND (id <= 1310798))

table 7 : explain SELECT c FROM sbtest7 WHERE id BETWEEN 9936990 AND 9946989
	Bitmap Heap Scan on sbtest7  (cost=314.10..34332.80 rows=9919 width=121)
	  Recheck Cond: ((id >= 9936990) AND (id <= 9946989))
	  ->  Bitmap Index Scan on sbtest7_pkey  (cost=0.00..311.62 rows=9919 width=0)
	        Index Cond: ((id >= 9936990) AND (id <= 9946989))

table 8 : explain SELECT c FROM sbtest8 WHERE id BETWEEN 2705101 AND 2715100
	Bitmap Heap Scan on sbtest8  (cost=308.04..33717.20 rows=9718 width=121)
	  Recheck Cond: ((id >= 2705101) AND (id <= 2715100))
	  ->  Bitmap Index Scan on sbtest8_pkey  (cost=0.00..305.62 rows=9718 width=0)
	        Index Cond: ((id >= 2705101) AND (id <= 2715100))

for: order_ranges
table 1 : explain SELECT c FROM sbtest1 WHERE id BETWEEN 3270509 AND 3280508 ORDER BY c
	Sort  (cost=33958.49..33982.38 rows=9559 width=121)
	  Sort Key: c
	  ->  Bitmap Heap Scan on sbtest1  (cost=302.41..33326.51 rows=9559 width=121)
	        Recheck Cond: ((id >= 3270509) AND (id <= 3280508))
	        ->  Bitmap Index Scan on sbtest1_pkey  (cost=0.00..300.03 rows=9559 width=0)
	              Index Cond: ((id >= 3270509) AND (id <= 3280508))

table 2 : explain SELECT c FROM sbtest2 WHERE id BETWEEN 257881 AND 267880 ORDER BY c
	Sort  (cost=34639.96..34664.54 rows=9832 width=121)
	  Sort Key: c
	  ->  Bitmap Heap Scan on sbtest2  (cost=313.21..33987.94 rows=9832 width=121)
	        Recheck Cond: ((id >= 257881) AND (id <= 267880))
	        ->  Bitmap Index Scan on sbtest2_pkey  (cost=0.00..310.75 rows=9832 width=0)
	              Index Cond: ((id >= 257881) AND (id <= 267880))

table 3 : explain SELECT c FROM sbtest3 WHERE id BETWEEN 9510572 AND 9520571 ORDER BY c
	Sort  (cost=36013.27..36038.93 rows=10264 width=121)
	  Sort Key: c
	  ->  Bitmap Heap Scan on sbtest3  (cost=325.64..35329.42 rows=10264 width=121)
	        Recheck Cond: ((id >= 9510572) AND (id <= 9520571))
	        ->  Bitmap Index Scan on sbtest3_pkey  (cost=0.00..323.07 rows=10264 width=0)
	              Index Cond: ((id >= 9510572) AND (id <= 9520571))

table 4 : explain SELECT c FROM sbtest4 WHERE id BETWEEN 980275 AND 990274 ORDER BY c
	Sort  (cost=35194.39..35219.36 rows=9991 width=121)
	  Sort Key: c
	  ->  Bitmap Heap Scan on sbtest4  (cost=322.84..34530.66 rows=9991 width=121)
	        Recheck Cond: ((id >= 980275) AND (id <= 990274))
	        ->  Bitmap Index Scan on sbtest4_pkey  (cost=0.00..320.34 rows=9991 width=0)
	              Index Cond: ((id >= 980275) AND (id <= 990274))

table 5 : explain SELECT c FROM sbtest5 WHERE id BETWEEN 4130450 AND 4140449 ORDER BY c
	Sort  (cost=35186.03..35210.96 rows=9974 width=121)
	  Sort Key: c
	  ->  Bitmap Heap Scan on sbtest5  (cost=318.67..34523.56 rows=9974 width=121)
	        Recheck Cond: ((id >= 4130450) AND (id <= 4140449))
	        ->  Bitmap Index Scan on sbtest5_pkey  (cost=0.00..316.18 rows=9974 width=0)
	              Index Cond: ((id >= 4130450) AND (id <= 4140449))

table 6 : explain SELECT c FROM sbtest6 WHERE id BETWEEN 3823042 AND 3833041 ORDER BY c
	Sort  (cost=36010.30..36035.91 rows=10246 width=121)
	  Sort Key: c
	  ->  Bitmap Heap Scan on sbtest6  (cost=325.46..35327.77 rows=10246 width=121)
	        Recheck Cond: ((id >= 3823042) AND (id <= 3833041))
	        ->  Bitmap Index Scan on sbtest6_pkey  (cost=0.00..322.90 rows=10246 width=0)
	              Index Cond: ((id >= 3823042) AND (id <= 3833041))

table 7 : explain SELECT c FROM sbtest7 WHERE id BETWEEN 5034627 AND 5044626 ORDER BY c
	Sort  (cost=37262.17..37288.73 rows=10627 width=121)
	  Sort Key: c
	  ->  Bitmap Heap Scan on sbtest7  (cost=337.36..36551.46 rows=10627 width=121)
	        Recheck Cond: ((id >= 5034627) AND (id <= 5044626))
	        ->  Bitmap Index Scan on sbtest7_pkey  (cost=0.00..334.70 rows=10627 width=0)
	              Index Cond: ((id >= 5034627) AND (id <= 5044626))

table 8 : explain SELECT c FROM sbtest8 WHERE id BETWEEN 5842380 AND 5852379 ORDER BY c
	Sort  (cost=38685.45..38713.11 rows=11067 width=121)
	  Sort Key: c
	  ->  Bitmap Heap Scan on sbtest8  (cost=349.87..37942.08 rows=11067 width=121)
	        Recheck Cond: ((id >= 5842380) AND (id <= 5852379))
	        ->  Bitmap Index Scan on sbtest8_pkey  (cost=0.00..347.11 rows=11067 width=0)
	              Index Cond: ((id >= 5842380) AND (id <= 5852379))

for: simple_ranges
table 1 : explain SELECT c FROM sbtest1 WHERE id BETWEEN 2078351 AND 2088350
	Bitmap Heap Scan on sbtest1  (cost=337.28..36682.02 rows=10619 width=121)
	  Recheck Cond: ((id >= 2078351) AND (id <= 2088350))
	  ->  Bitmap Index Scan on sbtest1_pkey  (cost=0.00..334.62 rows=10619 width=0)
	        Index Cond: ((id >= 2078351) AND (id <= 2088350))

table 2 : explain SELECT c FROM sbtest2 WHERE id BETWEEN 8264116 AND 8274115
	Bitmap Heap Scan on sbtest2  (cost=323.36..34646.26 rows=10041 width=121)
	  Recheck Cond: ((id >= 8264116) AND (id <= 8274115))
	  ->  Bitmap Index Scan on sbtest2_pkey  (cost=0.00..320.84 rows=10041 width=0)
	        Index Cond: ((id >= 8264116) AND (id <= 8274115))

table 3 : explain SELECT c FROM sbtest3 WHERE id BETWEEN 3520131 AND 3530130
	Bitmap Heap Scan on sbtest3  (cost=290.30..31846.02 rows=9158 width=121)
	  Recheck Cond: ((id >= 3520131) AND (id <= 3530130))
	  ->  Bitmap Index Scan on sbtest3_pkey  (cost=0.00..288.01 rows=9158 width=0)
	        Index Cond: ((id >= 3520131) AND (id <= 3530130))

table 4 : explain SELECT c FROM sbtest4 WHERE id BETWEEN 8617728 AND 8627727
	Bitmap Heap Scan on sbtest4  (cost=353.65..37813.11 rows=11045 width=121)
	  Recheck Cond: ((id >= 8617728) AND (id <= 8627727))
	  ->  Bitmap Index Scan on sbtest4_pkey  (cost=0.00..350.88 rows=11045 width=0)
	        Index Cond: ((id >= 8617728) AND (id <= 8627727))

table 5 : explain SELECT c FROM sbtest5 WHERE id BETWEEN 4728174 AND 4738173
	Bitmap Heap Scan on sbtest5  (cost=313.23..34080.04 rows=9834 width=121)
	  Recheck Cond: ((id >= 4728174) AND (id <= 4738173))
	  ->  Bitmap Index Scan on sbtest5_pkey  (cost=0.00..310.78 rows=9834 width=0)
	        Index Cond: ((id >= 4728174) AND (id <= 4738173))

table 6 : explain SELECT c FROM sbtest6 WHERE id BETWEEN 1026545 AND 1036544
	Bitmap Heap Scan on sbtest6  (cost=318.45..34409.82 rows=9953 width=121)
	  Recheck Cond: ((id >= 1026545) AND (id <= 1036544))
	  ->  Bitmap Index Scan on sbtest6_pkey  (cost=0.00..315.96 rows=9953 width=0)
	        Index Cond: ((id >= 1026545) AND (id <= 1036544))

table 7 : explain SELECT c FROM sbtest7 WHERE id BETWEEN 742297 AND 752296
	Bitmap Heap Scan on sbtest7  (cost=330.85..35787.50 rows=10382 width=121)
	  Recheck Cond: ((id >= 742297) AND (id <= 752296))
	  ->  Bitmap Index Scan on sbtest7_pkey  (cost=0.00..328.25 rows=10382 width=0)
	        Index Cond: ((id >= 742297) AND (id <= 752296))

table 8 : explain SELECT c FROM sbtest8 WHERE id BETWEEN 131713 AND 141712
	Bitmap Heap Scan on sbtest8  (cost=295.70..32374.17 rows=9294 width=121)
	  Recheck Cond: ((id >= 131713) AND (id <= 141712))
	  ->  Bitmap Index Scan on sbtest8_pkey  (cost=0.00..293.38 rows=9294 width=0)
	        Index Cond: ((id >= 131713) AND (id <= 141712))

explain: for point_selects :: explain SELECT c FROM sbtest%u WHERE id=%u
for: order_ranges
table 1 : explain SELECT c FROM sbtest1 WHERE id BETWEEN 4041267 AND 4051266 ORDER BY c
	Sort  (cost=36300.59..36326.29 rows=10280 width=121)
	  Sort Key: c
	  ->  Bitmap Heap Scan on sbtest1  (cost=325.81..35615.55 rows=10280 width=121)
	        Recheck Cond: ((id >= 4041267) AND (id <= 4051266))
	        ->  Bitmap Index Scan on sbtest1_pkey  (cost=0.00..323.24 rows=10280 width=0)
	              Index Cond: ((id >= 4041267) AND (id <= 4051266))

table 2 : explain SELECT c FROM sbtest2 WHERE id BETWEEN 9872725 AND 9882724 ORDER BY c
	Sort  (cost=35688.55..35713.94 rows=10158 width=121)
	  Sort Key: c
	  ->  Bitmap Heap Scan on sbtest2  (cost=324.55..35012.52 rows=10158 width=121)
	        Recheck Cond: ((id >= 9872725) AND (id <= 9882724))
	        ->  Bitmap Index Scan on sbtest2_pkey  (cost=0.00..322.01 rows=10158 width=0)
	              Index Cond: ((id >= 9872725) AND (id <= 9882724))

table 3 : explain SELECT c FROM sbtest3 WHERE id BETWEEN 657563 AND 667562 ORDER BY c
	Sort  (cost=33395.95..33419.58 rows=9450 width=121)
	  Sort Key: c
	  ->  Bitmap Heap Scan on sbtest3  (cost=301.30..32771.96 rows=9450 width=121)
	        Recheck Cond: ((id >= 657563) AND (id <= 667562))
	        ->  Bitmap Index Scan on sbtest3_pkey  (cost=0.00..298.94 rows=9450 width=0)
	              Index Cond: ((id >= 657563) AND (id <= 667562))

table 4 : explain SELECT c FROM sbtest4 WHERE id BETWEEN 344961 AND 354960 ORDER BY c
	Sort  (cost=32793.27..32816.39 rows=9248 width=121)
	  Sort Key: c
	  ->  Bitmap Heap Scan on sbtest4  (cost=299.23..32184.06 rows=9248 width=121)
	        Recheck Cond: ((id >= 344961) AND (id <= 354960))
	        ->  Bitmap Index Scan on sbtest4_pkey  (cost=0.00..296.92 rows=9248 width=0)
	              Index Cond: ((id >= 344961) AND (id <= 354960))

table 5 : explain SELECT c FROM sbtest5 WHERE id BETWEEN 7832326 AND 7842325 ORDER BY c
	Sort  (cost=37515.79..37542.54 rows=10700 width=121)
	  Sort Key: c
	  ->  Bitmap Heap Scan on sbtest5  (cost=342.11..36799.68 rows=10700 width=121)
	        Recheck Cond: ((id >= 7832326) AND (id <= 7842325))
	        ->  Bitmap Index Scan on sbtest5_pkey  (cost=0.00..339.44 rows=10700 width=0)
	              Index Cond: ((id >= 7832326) AND (id <= 7842325))

table 6 : explain SELECT c FROM sbtest6 WHERE id BETWEEN 531982 AND 541981 ORDER BY c
	Sort  (cost=30929.52..30951.22 rows=8678 width=121)
	  Sort Key: c
	  ->  Bitmap Heap Scan on sbtest6  (cost=277.38..30361.85 rows=8678 width=121)
	        Recheck Cond: ((id >= 531982) AND (id <= 541981))
	        ->  Bitmap Index Scan on sbtest6_pkey  (cost=0.00..275.21 rows=8678 width=0)
	              Index Cond: ((id >= 531982) AND (id <= 541981))

table 7 : explain SELECT c FROM sbtest7 WHERE id BETWEEN 2582558 AND 2592557 ORDER BY c
	Sort  (cost=35252.86..35277.86 rows=9999 width=121)
	  Sort Key: c
	  ->  Bitmap Heap Scan on sbtest7  (cost=318.92..34588.55 rows=9999 width=121)
	        Recheck Cond: ((id >= 2582558) AND (id <= 2592557))
	        ->  Bitmap Index Scan on sbtest7_pkey  (cost=0.00..316.43 rows=9999 width=0)
	              Index Cond: ((id >= 2582558) AND (id <= 2592557))

table 8 : explain SELECT c FROM sbtest8 WHERE id BETWEEN 8031612 AND 8041611 ORDER BY c
	Sort  (cost=39918.46..39947.11 rows=11457 width=121)
	  Sort Key: c
	  ->  Bitmap Heap Scan on sbtest8  (cost=361.87..39146.04 rows=11457 width=121)
	        Recheck Cond: ((id >= 8031612) AND (id <= 8041611))
	        ->  Bitmap Index Scan on sbtest8_pkey  (cost=0.00..359.00 rows=11457 width=0)
	              Index Cond: ((id >= 8031612) AND (id <= 8041611))

for: order_ranges
table 1 : explain SELECT c FROM sbtest1 WHERE id BETWEEN 646963 AND 656962 ORDER BY c
	Sort  (cost=34405.83..34430.06 rows=9695 width=121)
	  Sort Key: c
	  ->  Bitmap Heap Scan on sbtest1  (cost=307.81..33763.87 rows=9695 width=121)
	        Recheck Cond: ((id >= 646963) AND (id <= 656962))
	        ->  Bitmap Index Scan on sbtest1_pkey  (cost=0.00..305.38 rows=9695 width=0)
	              Index Cond: ((id >= 646963) AND (id <= 656962))

table 2 : explain SELECT c FROM sbtest2 WHERE id BETWEEN 9369516 AND 9379515 ORDER BY c
	Sort  (cost=34197.40..34221.63 rows=9693 width=121)
	  Sort Key: c
	  ->  Bitmap Heap Scan on sbtest2  (cost=311.79..33555.59 rows=9693 width=121)
	        Recheck Cond: ((id >= 9369516) AND (id <= 9379515))
	        ->  Bitmap Index Scan on sbtest2_pkey  (cost=0.00..309.37 rows=9693 width=0)
	              Index Cond: ((id >= 9369516) AND (id <= 9379515))

table 3 : explain SELECT c FROM sbtest3 WHERE id BETWEEN 7561180 AND 7571179 ORDER BY c
	Sort  (cost=35799.93..35825.42 rows=10197 width=121)
	  Sort Key: c
	  ->  Bitmap Heap Scan on sbtest3  (cost=324.95..35121.02 rows=10197 width=121)
	        Recheck Cond: ((id >= 7561180) AND (id <= 7571179))
	        ->  Bitmap Index Scan on sbtest3_pkey  (cost=0.00..322.41 rows=10197 width=0)
	              Index Cond: ((id >= 7561180) AND (id <= 7571179))

table 4 : explain SELECT c FROM sbtest4 WHERE id BETWEEN 6992278 AND 7002277 ORDER BY c
	Sort  (cost=36429.79..36455.73 rows=10376 width=121)
	  Sort Key: c
	  ->  Bitmap Heap Scan on sbtest4  (cost=334.79..35737.66 rows=10376 width=121)
	        Recheck Cond: ((id >= 6992278) AND (id <= 7002277))
	        ->  Bitmap Index Scan on sbtest4_pkey  (cost=0.00..332.19 rows=10376 width=0)
	              Index Cond: ((id >= 6992278) AND (id <= 7002277))

table 5 : explain SELECT c FROM sbtest5 WHERE id BETWEEN 7375347 AND 7385346 ORDER BY c
	Sort  (cost=32596.59..32619.53 rows=9175 width=121)
	  Sort Key: c
	  ->  Bitmap Heap Scan on sbtest5  (cost=294.48..31992.71 rows=9175 width=121)
	        Recheck Cond: ((id >= 7375347) AND (id <= 7385346))
	        ->  Bitmap Index Scan on sbtest5_pkey  (cost=0.00..292.19 rows=9175 width=0)
	              Index Cond: ((id >= 7375347) AND (id <= 7385346))

table 6 : explain SELECT c FROM sbtest6 WHERE id BETWEEN 1909597 AND 1919596 ORDER BY c
	Sort  (cost=34931.35..34956.12 rows=9910 width=121)
	  Sort Key: c
	  ->  Bitmap Heap Scan on sbtest6  (cost=314.01..34273.59 rows=9910 width=121)
	        Recheck Cond: ((id >= 1909597) AND (id <= 1919596))
	        ->  Bitmap Index Scan on sbtest6_pkey  (cost=0.00..311.54 rows=9910 width=0)
	              Index Cond: ((id >= 1909597) AND (id <= 1919596))

table 7 : explain SELECT c FROM sbtest7 WHERE id BETWEEN 2877301 AND 2887300 ORDER BY c
	Sort  (cost=34325.40..34349.68 rows=9713 width=121)
	  Sort Key: c
	  ->  Bitmap Heap Scan on sbtest7  (cost=307.99..33682.12 rows=9713 width=121)
	        Recheck Cond: ((id >= 2877301) AND (id <= 2887300))
	        ->  Bitmap Index Scan on sbtest7_pkey  (cost=0.00..305.56 rows=9713 width=0)
	              Index Cond: ((id >= 2877301) AND (id <= 2887300))

table 8 : explain SELECT c FROM sbtest8 WHERE id BETWEEN 8682176 AND 8692175 ORDER BY c
	Sort  (cost=33423.58..33447.15 rows=9428 width=121)
	  Sort Key: c
	  ->  Bitmap Heap Scan on sbtest8  (cost=301.07..32801.20 rows=9428 width=121)
	        Recheck Cond: ((id >= 8682176) AND (id <= 8692175))
	        ->  Bitmap Index Scan on sbtest8_pkey  (cost=0.00..298.71 rows=9428 width=0)
	              Index Cond: ((id >= 8682176) AND (id <= 8692175))

for point_selects
table 1 : explain SELECT c FROM sbtest1 WHERE id=1701901
	Index Scan using sbtest1_pkey on sbtest1  (cost=0.43..8.45 rows=1 width=121)
	  Index Cond: (id = 1701901)

table 2 : explain SELECT c FROM sbtest2 WHERE id=8565033
	Index Scan using sbtest2_pkey on sbtest2  (cost=0.43..8.45 rows=1 width=121)
	  Index Cond: (id = 8565033)

table 3 : explain SELECT c FROM sbtest3 WHERE id=8181811
	Index Scan using sbtest3_pkey on sbtest3  (cost=0.43..8.45 rows=1 width=121)
	  Index Cond: (id = 8181811)

table 4 : explain SELECT c FROM sbtest4 WHERE id=3294913
	Index Scan using sbtest4_pkey on sbtest4  (cost=0.43..8.45 rows=1 width=121)
	  Index Cond: (id = 3294913)

table 5 : explain SELECT c FROM sbtest5 WHERE id=2612068
	Index Scan using sbtest5_pkey on sbtest5  (cost=0.43..8.45 rows=1 width=121)
	  Index Cond: (id = 2612068)

table 6 : explain SELECT c FROM sbtest6 WHERE id=582598
	Index Scan using sbtest6_pkey on sbtest6  (cost=0.43..8.45 rows=1 width=121)
	  Index Cond: (id = 582598)

table 7 : explain SELECT c FROM sbtest7 WHERE id=4674500
	Index Scan using sbtest7_pkey on sbtest7  (cost=0.43..8.45 rows=1 width=121)
	  Index Cond: (id = 4674500)

table 8 : explain SELECT c FROM sbtest8 WHERE id=1086014
	Index Scan using sbtest8_pkey on sbtest8  (cost=0.43..8.45 rows=1 width=121)
	  Index Cond: (id = 1086014)

explain: for point_selects :: explain SELECT c FROM sbtest%u WHERE id=%u
for: order_ranges
table 1 : explain SELECT c FROM sbtest1 WHERE id BETWEEN 6180494 AND 6190493 ORDER BY c
	Sort  (cost=33831.58..33855.37 rows=9519 width=121)
	  Sort Key: c
	  ->  Bitmap Heap Scan on sbtest1  (cost=302.00..33202.53 rows=9519 width=121)
	        Recheck Cond: ((id >= 6180494) AND (id <= 6190493))
	        ->  Bitmap Index Scan on sbtest1_pkey  (cost=0.00..299.62 rows=9519 width=0)
	              Index Cond: ((id >= 6180494) AND (id <= 6190493))

table 2 : explain SELECT c FROM sbtest2 WHERE id BETWEEN 1060618 AND 1070617 ORDER BY c
	Sort  (cost=34756.11..34780.78 rows=9867 width=121)
	  Sort Key: c
	  ->  Bitmap Heap Scan on sbtest2  (cost=317.57..34101.51 rows=9867 width=121)
	        Recheck Cond: ((id >= 1060618) AND (id <= 1070617))
	        ->  Bitmap Index Scan on sbtest2_pkey  (cost=0.00..315.11 rows=9867 width=0)
	              Index Cond: ((id >= 1060618) AND (id <= 1070617))

table 3 : explain SELECT c FROM sbtest3 WHERE id BETWEEN 3250812 AND 3260811 ORDER BY c
	Sort  (cost=34992.79..35017.65 rows=9946 width=121)
	  Sort Key: c
	  ->  Bitmap Heap Scan on sbtest3  (cost=314.38..34332.38 rows=9946 width=121)
	        Recheck Cond: ((id >= 3250812) AND (id <= 3260811))
	        ->  Bitmap Index Scan on sbtest3_pkey  (cost=0.00..311.90 rows=9946 width=0)
	              Index Cond: ((id >= 3250812) AND (id <= 3260811))

table 4 : explain SELECT c FROM sbtest4 WHERE id BETWEEN 2849750 AND 2859749 ORDER BY c
	Sort  (cost=38613.53..38641.19 rows=11064 width=121)
	  Sort Key: c
	  ->  Bitmap Heap Scan on sbtest4  (cost=353.84..37870.38 rows=11064 width=121)
	        Recheck Cond: ((id >= 2849750) AND (id <= 2859749))
	        ->  Bitmap Index Scan on sbtest4_pkey  (cost=0.00..351.07 rows=11064 width=0)
	              Index Cond: ((id >= 2849750) AND (id <= 2859749))

table 5 : explain SELECT c FROM sbtest5 WHERE id BETWEEN 2088057 AND 2098056 ORDER BY c
	Sort  (cost=32863.32..32886.47 rows=9257 width=121)
	  Sort Key: c
	  ->  Bitmap Heap Scan on sbtest5  (cost=295.32..32253.46 rows=9257 width=121)
	        Recheck Cond: ((id >= 2088057) AND (id <= 2098056))
	        ->  Bitmap Index Scan on sbtest5_pkey  (cost=0.00..293.00 rows=9257 width=0)
	              Index Cond: ((id >= 2088057) AND (id <= 2098056))

table 6 : explain SELECT c FROM sbtest6 WHERE id BETWEEN 2748510 AND 2758509 ORDER BY c
	Sort  (cost=33519.90..33543.59 rows=9473 width=121)
	  Sort Key: c
	  ->  Bitmap Heap Scan on sbtest6  (cost=301.53..32894.23 rows=9473 width=121)
	        Recheck Cond: ((id >= 2748510) AND (id <= 2758509))
	        ->  Bitmap Index Scan on sbtest6_pkey  (cost=0.00..299.17 rows=9473 width=0)
	              Index Cond: ((id >= 2748510) AND (id <= 2758509))

table 7 : explain SELECT c FROM sbtest7 WHERE id BETWEEN 2710563 AND 2720562 ORDER BY c
	Sort  (cost=33185.18..33208.58 rows=9361 width=121)
	  Sort Key: c
	  ->  Bitmap Heap Scan on sbtest7  (cost=296.39..32567.71 rows=9361 width=121)
	        Recheck Cond: ((id >= 2710563) AND (id <= 2720562))
	        ->  Bitmap Index Scan on sbtest7_pkey  (cost=0.00..294.05 rows=9361 width=0)
	              Index Cond: ((id >= 2710563) AND (id <= 2720562))

table 8 : explain SELECT c FROM sbtest8 WHERE id BETWEEN 7809138 AND 7819137 ORDER BY c
	Sort  (cost=36177.14..36202.84 rows=10281 width=121)
	  Sort Key: c
	  ->  Bitmap Heap Scan on sbtest8  (cost=325.82..35492.03 rows=10281 width=121)
	        Recheck Cond: ((id >= 7809138) AND (id <= 7819137))
	        ->  Bitmap Index Scan on sbtest8_pkey  (cost=0.00..323.25 rows=10281 width=0)
	              Index Cond: ((id >= 7809138) AND (id <= 7819137))

for: order_ranges
table 1 : explain SELECT c FROM sbtest1 WHERE id BETWEEN 5338650 AND 5348649 ORDER BY c
	Sort  (cost=37035.06..37061.33 rows=10508 width=121)
	  Sort Key: c
	  ->  Bitmap Heap Scan on sbtest1  (cost=332.14..36333.17 rows=10508 width=121)
	        Recheck Cond: ((id >= 5338650) AND (id <= 5348649))
	        ->  Bitmap Index Scan on sbtest1_pkey  (cost=0.00..329.51 rows=10508 width=0)
	              Index Cond: ((id >= 5338650) AND (id <= 5348649))

table 2 : explain SELECT c FROM sbtest2 WHERE id BETWEEN 1002546 AND 1012545 ORDER BY c
	Sort  (cost=35369.56..35394.71 rows=10058 width=121)
	  Sort Key: c
	  ->  Bitmap Heap Scan on sbtest2  (cost=323.53..34700.90 rows=10058 width=121)
	        Recheck Cond: ((id >= 1002546) AND (id <= 1012545))
	        ->  Bitmap Index Scan on sbtest2_pkey  (cost=0.00..321.01 rows=10058 width=0)
	              Index Cond: ((id >= 1002546) AND (id <= 1012545))

table 3 : explain SELECT c FROM sbtest3 WHERE id BETWEEN 4377395 AND 4387394 ORDER BY c
	Sort  (cost=32808.15..32831.32 rows=9268 width=121)
	  Sort Key: c
	  ->  Bitmap Heap Scan on sbtest3  (cost=295.43..32197.48 rows=9268 width=121)
	        Recheck Cond: ((id >= 4377395) AND (id <= 4387394))
	        ->  Bitmap Index Scan on sbtest3_pkey  (cost=0.00..293.12 rows=9268 width=0)
	              Index Cond: ((id >= 4377395) AND (id <= 4387394))

table 4 : explain SELECT c FROM sbtest4 WHERE id BETWEEN 459309 AND 469308 ORDER BY c
	Sort  (cost=33604.64..33628.39 rows=9499 width=121)
	  Sort Key: c
	  ->  Bitmap Heap Scan on sbtest4  (cost=305.80..32977.06 rows=9499 width=121)
	        Recheck Cond: ((id >= 459309) AND (id <= 469308))
	        ->  Bitmap Index Scan on sbtest4_pkey  (cost=0.00..303.43 rows=9499 width=0)
	              Index Cond: ((id >= 459309) AND (id <= 469308))

table 5 : explain SELECT c FROM sbtest5 WHERE id BETWEEN 3891796 AND 3901795 ORDER BY c
	Sort  (cost=36667.50..36693.59 rows=10436 width=121)
	  Sort Key: c
	  ->  Bitmap Heap Scan on sbtest5  (cost=331.40..35970.93 rows=10436 width=121)
	        Recheck Cond: ((id >= 3891796) AND (id <= 3901795))
	        ->  Bitmap Index Scan on sbtest5_pkey  (cost=0.00..328.80 rows=10436 width=0)
	              Index Cond: ((id >= 3891796) AND (id <= 3901795))

table 6 : explain SELECT c FROM sbtest6 WHERE id BETWEEN 8822970 AND 8832969 ORDER BY c
	Sort  (cost=32754.85..32777.94 rows=9237 width=121)
	  Sort Key: c
	  ->  Bitmap Heap Scan on sbtest6  (cost=295.11..32146.44 rows=9237 width=121)
	        Recheck Cond: ((id >= 8822970) AND (id <= 8832969))
	        ->  Bitmap Index Scan on sbtest6_pkey  (cost=0.00..292.81 rows=9237 width=0)
	              Index Cond: ((id >= 8822970) AND (id <= 8832969))

table 7 : explain SELECT c FROM sbtest7 WHERE id BETWEEN 6092473 AND 6102472 ORDER BY c
	Sort  (cost=34680.35..34704.90 rows=9822 width=121)
	  Sort Key: c
	  ->  Bitmap Heap Scan on sbtest7  (cost=313.11..34029.06 rows=9822 width=121)
	        Recheck Cond: ((id >= 6092473) AND (id <= 6102472))
	        ->  Bitmap Index Scan on sbtest7_pkey  (cost=0.00..310.66 rows=9822 width=0)
	              Index Cond: ((id >= 6092473) AND (id <= 6102472))

table 8 : explain SELECT c FROM sbtest8 WHERE id BETWEEN 1571824 AND 1581823 ORDER BY c
	Sort  (cost=35516.92..35542.11 rows=10076 width=121)
	  Sort Key: c
	  ->  Bitmap Heap Scan on sbtest8  (cost=319.71..34846.94 rows=10076 width=121)
	        Recheck Cond: ((id >= 1571824) AND (id <= 1581823))
	        ->  Bitmap Index Scan on sbtest8_pkey  (cost=0.00..317.19 rows=10076 width=0)
	              Index Cond: ((id >= 1571824) AND (id <= 1581823))

for: order_ranges
table 1 : explain SELECT c FROM sbtest1 WHERE id BETWEEN 1659185 AND 1669184 ORDER BY c
	Sort  (cost=32027.94..32050.37 rows=8969 width=121)
	  Sort Key: c
	  ->  Bitmap Heap Scan on sbtest1  (cost=284.37..31439.10 rows=8969 width=121)
	        Recheck Cond: ((id >= 1659185) AND (id <= 1669184))
	        ->  Bitmap Index Scan on sbtest1_pkey  (cost=0.00..282.12 rows=8969 width=0)
	              Index Cond: ((id >= 1659185) AND (id <= 1669184))

table 2 : explain SELECT c FROM sbtest2 WHERE id BETWEEN 8573361 AND 8583360 ORDER BY c
	Sort  (cost=32654.21..32677.25 rows=9217 width=121)
	  Sort Key: c
	  ->  Bitmap Heap Scan on sbtest2  (cost=294.91..32047.27 rows=9217 width=121)
	        Recheck Cond: ((id >= 8573361) AND (id <= 8583360))
	        ->  Bitmap Index Scan on sbtest2_pkey  (cost=0.00..292.61 rows=9217 width=0)
	              Index Cond: ((id >= 8573361) AND (id <= 8583360))

table 3 : explain SELECT c FROM sbtest3 WHERE id BETWEEN 1811572 AND 1821571 ORDER BY c
	Sort  (cost=39496.87..39525.28 rows=11364 width=121)
	  Sort Key: c
	  ->  Bitmap Heap Scan on sbtest3  (cost=360.92..38731.38 rows=11364 width=121)
	        Recheck Cond: ((id >= 1811572) AND (id <= 1821571))
	        ->  Bitmap Index Scan on sbtest3_pkey  (cost=0.00..358.07 rows=11364 width=0)
	              Index Cond: ((id >= 1811572) AND (id <= 1821571))

table 4 : explain SELECT c FROM sbtest4 WHERE id BETWEEN 4727815 AND 4737814 ORDER BY c
	Sort  (cost=34632.38..34656.92 rows=9816 width=121)
	  Sort Key: c
	  ->  Bitmap Heap Scan on sbtest4  (cost=317.05..33981.54 rows=9816 width=121)
	        Recheck Cond: ((id >= 4727815) AND (id <= 4737814))
	        ->  Bitmap Index Scan on sbtest4_pkey  (cost=0.00..314.59 rows=9816 width=0)
	              Index Cond: ((id >= 4727815) AND (id <= 4737814))

table 5 : explain SELECT c FROM sbtest5 WHERE id BETWEEN 5768116 AND 5778115 ORDER BY c
	Sort  (cost=33069.90..33093.21 rows=9321 width=121)
	  Sort Key: c
	  ->  Bitmap Heap Scan on sbtest5  (cost=295.98..32455.36 rows=9321 width=121)
	        Recheck Cond: ((id >= 5768116) AND (id <= 5778115))
	        ->  Bitmap Index Scan on sbtest5_pkey  (cost=0.00..293.65 rows=9321 width=0)
	              Index Cond: ((id >= 5768116) AND (id <= 5778115))

table 6 : explain SELECT c FROM sbtest6 WHERE id BETWEEN 1187565 AND 1197564 ORDER BY c
	Sort  (cost=30710.96..30732.49 rows=8612 width=121)
	  Sort Key: c
	  ->  Bitmap Heap Scan on sbtest6  (cost=272.71..30148.07 rows=8612 width=121)
	        Recheck Cond: ((id >= 1187565) AND (id <= 1197564))
	        ->  Bitmap Index Scan on sbtest6_pkey  (cost=0.00..270.56 rows=8612 width=0)
	              Index Cond: ((id >= 1187565) AND (id <= 1197564))

table 7 : explain SELECT c FROM sbtest7 WHERE id BETWEEN 3802517 AND 3812516 ORDER BY c
	Sort  (cost=34278.95..34303.20 rows=9698 width=121)
	  Sort Key: c
	  ->  Bitmap Heap Scan on sbtest7  (cost=307.84..33636.78 rows=9698 width=121)
	        Recheck Cond: ((id >= 3802517) AND (id <= 3812516))
	        ->  Bitmap Index Scan on sbtest7_pkey  (cost=0.00..305.42 rows=9698 width=0)
	              Index Cond: ((id >= 3802517) AND (id <= 3812516))

table 8 : explain SELECT c FROM sbtest8 WHERE id BETWEEN 1993556 AND 2003555 ORDER BY c
	Sort  (cost=36315.51..36341.32 rows=10325 width=121)
	  Sort Key: c
	  ->  Bitmap Heap Scan on sbtest8  (cost=326.27..35627.15 rows=10325 width=121)
	        Recheck Cond: ((id >= 1993556) AND (id <= 2003555))
	        ->  Bitmap Index Scan on sbtest8_pkey  (cost=0.00..323.69 rows=10325 width=0)
	              Index Cond: ((id >= 1993556) AND (id <= 2003555))

for: distinct_ranges
table 1 : explain SELECT DISTINCT c FROM sbtest1 WHERE id BETWEEN 2825286 AND 2835285 ORDER BY c
	Unique  (cost=33192.65..33239.27 rows=9324 width=121)
	  ->  Sort  (cost=33192.65..33215.96 rows=9324 width=121)
	        Sort Key: c
	        ->  Bitmap Heap Scan on sbtest1  (cost=296.01..32577.89 rows=9324 width=121)
	              Recheck Cond: ((id >= 2825286) AND (id <= 2835285))
	              ->  Bitmap Index Scan on sbtest1_pkey  (cost=0.00..293.68 rows=9324 width=0)
	                    Index Cond: ((id >= 2825286) AND (id <= 2835285))

table 2 : explain SELECT DISTINCT c FROM sbtest2 WHERE id BETWEEN 2758448 AND 2768447 ORDER BY c
	Unique  (cost=33647.56..33695.18 rows=9523 width=121)
	  ->  Sort  (cost=33647.56..33671.37 rows=9523 width=121)
	        Sort Key: c
	        ->  Bitmap Heap Scan on sbtest2  (cost=306.05..33018.22 rows=9523 width=121)
	              Recheck Cond: ((id >= 2758448) AND (id <= 2768447))
	              ->  Bitmap Index Scan on sbtest2_pkey  (cost=0.00..303.67 rows=9523 width=0)
	                    Index Cond: ((id >= 2758448) AND (id <= 2768447))

table 3 : explain SELECT DISTINCT c FROM sbtest3 WHERE id BETWEEN 432626 AND 442625 ORDER BY c
	Unique  (cost=34319.33..34368.01 rows=9736 width=121)
	  ->  Sort  (cost=34319.33..34343.67 rows=9736 width=121)
	        Sort Key: c
	        ->  Bitmap Heap Scan on sbtest3  (cost=308.23..33674.37 rows=9736 width=121)
	              Recheck Cond: ((id >= 432626) AND (id <= 442625))
	              ->  Bitmap Index Scan on sbtest3_pkey  (cost=0.00..305.80 rows=9736 width=0)
	                    Index Cond: ((id >= 432626) AND (id <= 442625))

table 4 : explain SELECT DISTINCT c FROM sbtest4 WHERE id BETWEEN 6600128 AND 6610127 ORDER BY c
	Unique  (cost=36271.48..36323.12 rows=10328 width=121)
	  ->  Sort  (cost=36271.48..36297.30 rows=10328 width=121)
	        Sort Key: c
	        ->  Bitmap Heap Scan on sbtest4  (cost=330.30..35582.90 rows=10328 width=121)
	              Recheck Cond: ((id >= 6600128) AND (id <= 6610127))
	              ->  Bitmap Index Scan on sbtest4_pkey  (cost=0.00..327.71 rows=10328 width=0)
	                    Index Cond: ((id >= 6600128) AND (id <= 6610127))

table 5 : explain SELECT DISTINCT c FROM sbtest5 WHERE id BETWEEN 9175921 AND 9185920 ORDER BY c
	Unique  (cost=33393.45..33440.55 rows=9420 width=121)
	  ->  Sort  (cost=33393.45..33417.00 rows=9420 width=121)
	        Sort Key: c
	        ->  Bitmap Heap Scan on sbtest5  (cost=300.99..32771.66 rows=9420 width=121)
	              Recheck Cond: ((id >= 9175921) AND (id <= 9185920))
	              ->  Bitmap Index Scan on sbtest5_pkey  (cost=0.00..298.63 rows=9420 width=0)
	                    Index Cond: ((id >= 9175921) AND (id <= 9185920))

table 6 : explain SELECT DISTINCT c FROM sbtest6 WHERE id BETWEEN 6245472 AND 6255471 ORDER BY c
	Unique  (cost=36313.40..36365.10 rows=10340 width=121)
	  ->  Sort  (cost=36313.40..36339.25 rows=10340 width=121)
	        Sort Key: c
	        ->  Bitmap Heap Scan on sbtest6  (cost=330.42..35623.93 rows=10340 width=121)
	              Recheck Cond: ((id >= 6245472) AND (id <= 6255471))
	              ->  Bitmap Index Scan on sbtest6_pkey  (cost=0.00..327.83 rows=10340 width=0)
	                    Index Cond: ((id >= 6245472) AND (id <= 6255471))

table 7 : explain SELECT DISTINCT c FROM sbtest7 WHERE id BETWEEN 1225935 AND 1235934 ORDER BY c
	Unique  (cost=36226.05..36277.56 rows=10303 width=121)
	  ->  Sort  (cost=36226.05..36251.80 rows=10303 width=121)
	        Sort Key: c
	        ->  Bitmap Heap Scan on sbtest7  (cost=326.04..35539.31 rows=10303 width=121)
	              Recheck Cond: ((id >= 1225935) AND (id <= 1235934))
	              ->  Bitmap Index Scan on sbtest7_pkey  (cost=0.00..323.46 rows=10303 width=0)
	                    Index Cond: ((id >= 1225935) AND (id <= 1235934))

table 8 : explain SELECT DISTINCT c FROM sbtest8 WHERE id BETWEEN 6654804 AND 6664803 ORDER BY c
	Unique  (cost=37637.30..37690.99 rows=10738 width=121)
	  ->  Sort  (cost=37637.30..37664.15 rows=10738 width=121)
	        Sort Key: c
	        ->  Bitmap Heap Scan on sbtest8  (cost=338.50..36918.37 rows=10738 width=121)
	              Recheck Cond: ((id >= 6654804) AND (id <= 6664803))
	              ->  Bitmap Index Scan on sbtest8_pkey  (cost=0.00..335.81 rows=10738 width=0)
	                    Index Cond: ((id >= 6654804) AND (id <= 6664803))

for: distinct_ranges
table 1 : explain SELECT DISTINCT c FROM sbtest1 WHERE id BETWEEN 2140795 AND 2150794 ORDER BY c
	Unique  (cost=39382.26..39438.47 rows=11241 width=121)
	  ->  Sort  (cost=39382.26..39410.37 rows=11241 width=121)
	        Sort Key: c
	        ->  Bitmap Heap Scan on sbtest1  (cost=355.66..38625.94 rows=11241 width=121)
	              Recheck Cond: ((id >= 2140795) AND (id <= 2150794))
	              ->  Bitmap Index Scan on sbtest1_pkey  (cost=0.00..352.84 rows=11241 width=0)
	                    Index Cond: ((id >= 2140795) AND (id <= 2150794))

table 2 : explain SELECT DISTINCT c FROM sbtest2 WHERE id BETWEEN 508938 AND 518937 ORDER BY c
	Unique  (cost=32477.94..32523.75 rows=9162 width=121)
	  ->  Sort  (cost=32477.94..32500.85 rows=9162 width=121)
	        Sort Key: c
	        ->  Bitmap Heap Scan on sbtest2  (cost=294.35..31875.02 rows=9162 width=121)
	              Recheck Cond: ((id >= 508938) AND (id <= 518937))
	              ->  Bitmap Index Scan on sbtest2_pkey  (cost=0.00..292.06 rows=9162 width=0)
	                    Index Cond: ((id >= 508938) AND (id <= 518937))

table 3 : explain SELECT DISTINCT c FROM sbtest3 WHERE id BETWEEN 5122975 AND 5132974 ORDER BY c
	Unique  (cost=35015.82..35065.59 rows=9953 width=121)
	  ->  Sort  (cost=35015.82..35040.70 rows=9953 width=121)
	        Sort Key: c
	        ->  Bitmap Heap Scan on sbtest3  (cost=314.45..34354.90 rows=9953 width=121)
	              Recheck Cond: ((id >= 5122975) AND (id <= 5132974))
	              ->  Bitmap Index Scan on sbtest3_pkey  (cost=0.00..311.96 rows=9953 width=0)
	                    Index Cond: ((id >= 5122975) AND (id <= 5132974))

table 4 : explain SELECT DISTINCT c FROM sbtest4 WHERE id BETWEEN 5114128 AND 5124127 ORDER BY c
	Unique  (cost=32943.02..32989.49 rows=9295 width=121)
	  ->  Sort  (cost=32943.02..32966.26 rows=9295 width=121)
	        Sort Key: c
	        ->  Bitmap Heap Scan on sbtest4  (cost=299.71..32330.37 rows=9295 width=121)
	              Recheck Cond: ((id >= 5114128) AND (id <= 5124127))
	              ->  Bitmap Index Scan on sbtest4_pkey  (cost=0.00..297.38 rows=9295 width=0)
	                    Index Cond: ((id >= 5114128) AND (id <= 5124127))

table 5 : explain SELECT DISTINCT c FROM sbtest5 WHERE id BETWEEN 126663 AND 136662 ORDER BY c
	Unique  (cost=32248.74..32294.08 rows=9069 width=121)
	  ->  Sort  (cost=32248.74..32271.41 rows=9069 width=121)
	        Sort Key: c
	        ->  Bitmap Heap Scan on sbtest5  (cost=289.39..31652.60 rows=9069 width=121)
	              Recheck Cond: ((id >= 126663) AND (id <= 136662))
	              ->  Bitmap Index Scan on sbtest5_pkey  (cost=0.00..287.12 rows=9069 width=0)
	                    Index Cond: ((id >= 126663) AND (id <= 136662))

table 6 : explain SELECT DISTINCT c FROM sbtest6 WHERE id BETWEEN 8717405 AND 8727404 ORDER BY c
	Unique  (cost=33104.05..33150.78 rows=9345 width=121)
	  ->  Sort  (cost=33104.05..33127.41 rows=9345 width=121)
	        Sort Key: c
	        ->  Bitmap Heap Scan on sbtest6  (cost=296.22..32487.75 rows=9345 width=121)
	              Recheck Cond: ((id >= 8717405) AND (id <= 8727404))
	              ->  Bitmap Index Scan on sbtest6_pkey  (cost=0.00..293.88 rows=9345 width=0)
	                    Index Cond: ((id >= 8717405) AND (id <= 8727404))

table 7 : explain SELECT DISTINCT c FROM sbtest7 WHERE id BETWEEN 67450 AND 77449 ORDER BY c
	Unique  (cost=35893.52..35944.52 rows=10199 width=121)
	  ->  Sort  (cost=35893.52..35919.02 rows=10199 width=121)
	        Sort Key: c
	        ->  Bitmap Heap Scan on sbtest7  (cost=324.97..35214.47 rows=10199 width=121)
	              Recheck Cond: ((id >= 67450) AND (id <= 77449))
	              ->  Bitmap Index Scan on sbtest7_pkey  (cost=0.00..322.43 rows=10199 width=0)
	                    Index Cond: ((id >= 67450) AND (id <= 77449))

table 8 : explain SELECT DISTINCT c FROM sbtest8 WHERE id BETWEEN 1529168 AND 1539167 ORDER BY c
	Unique  (cost=35516.92..35567.30 rows=10076 width=121)
	  ->  Sort  (cost=35516.92..35542.11 rows=10076 width=121)
	        Sort Key: c
	        ->  Bitmap Heap Scan on sbtest8  (cost=319.71..34846.94 rows=10076 width=121)
	              Recheck Cond: ((id >= 1529168) AND (id <= 1539167))
	              ->  Bitmap Index Scan on sbtest8_pkey  (cost=0.00..317.19 rows=10076 width=0)
	                    Index Cond: ((id >= 1529168) AND (id <= 1539167))

for: distinct_ranges
table 1 : explain SELECT DISTINCT c FROM sbtest1 WHERE id BETWEEN 9691370 AND 9701369 ORDER BY c
	Unique  (cost=37629.39..37682.86 rows=10693 width=121)
	  ->  Sort  (cost=37629.39..37656.12 rows=10693 width=121)
	        Sort Key: c
	        ->  Bitmap Heap Scan on sbtest1  (cost=338.04..36913.79 rows=10693 width=121)
	              Recheck Cond: ((id >= 9691370) AND (id <= 9701369))
	              ->  Bitmap Index Scan on sbtest1_pkey  (cost=0.00..335.37 rows=10693 width=0)
	                    Index Cond: ((id >= 9691370) AND (id <= 9701369))

table 2 : explain SELECT DISTINCT c FROM sbtest2 WHERE id BETWEEN 8887800 AND 8897799 ORDER BY c
	Unique  (cost=36378.62..36430.49 rows=10374 width=121)
	  ->  Sort  (cost=36378.62..36404.56 rows=10374 width=121)
	        Sort Key: c
	        ->  Bitmap Heap Scan on sbtest2  (cost=330.77..35686.64 rows=10374 width=121)
	              Recheck Cond: ((id >= 8887800) AND (id <= 8897799))
	              ->  Bitmap Index Scan on sbtest2_pkey  (cost=0.00..328.18 rows=10374 width=0)
	                    Index Cond: ((id >= 8887800) AND (id <= 8897799))

table 3 : explain SELECT DISTINCT c FROM sbtest3 WHERE id BETWEEN 62919 AND 72918 ORDER BY c
	Unique  (cost=34250.05..34298.63 rows=9715 width=121)
	  ->  Sort  (cost=34250.05..34274.34 rows=9715 width=121)
	        Sort Key: c
	        ->  Bitmap Heap Scan on sbtest3  (cost=308.01..33606.63 rows=9715 width=121)
	              Recheck Cond: ((id >= 62919) AND (id <= 72918))
	              ->  Bitmap Index Scan on sbtest3_pkey  (cost=0.00..305.58 rows=9715 width=0)
	                    Index Cond: ((id >= 62919) AND (id <= 72918))

table 4 : explain SELECT DISTINCT c FROM sbtest4 WHERE id BETWEEN 5345653 AND 5355652 ORDER BY c
	Unique  (cost=36794.03..36846.48 rows=10491 width=121)
	  ->  Sort  (cost=36794.03..36820.26 rows=10491 width=121)
	        Sort Key: c
	        ->  Bitmap Heap Scan on sbtest4  (cost=335.97..36093.39 rows=10491 width=121)
	              Recheck Cond: ((id >= 5345653) AND (id <= 5355652))
	              ->  Bitmap Index Scan on sbtest4_pkey  (cost=0.00..333.34 rows=10491 width=0)
	                    Index Cond: ((id >= 5345653) AND (id <= 5355652))

table 5 : explain SELECT DISTINCT c FROM sbtest5 WHERE id BETWEEN 9738186 AND 9748185 ORDER BY c
	Unique  (cost=30514.15..30556.85 rows=8540 width=121)
	  ->  Sort  (cost=30514.15..30535.50 rows=8540 width=121)
	        Sort Key: c
	        ->  Bitmap Heap Scan on sbtest5  (cost=271.97..29956.49 rows=8540 width=121)
	              Recheck Cond: ((id >= 9738186) AND (id <= 9748185))
	              ->  Bitmap Index Scan on sbtest5_pkey  (cost=0.00..269.83 rows=8540 width=0)
	                    Index Cond: ((id >= 9738186) AND (id <= 9748185))

table 6 : explain SELECT DISTINCT c FROM sbtest6 WHERE id BETWEEN 5079417 AND 5089416 ORDER BY c
	Unique  (cost=35370.88..35421.11 rows=10047 width=121)
	  ->  Sort  (cost=35370.88..35396.00 rows=10047 width=121)
	        Sort Key: c
	        ->  Bitmap Heap Scan on sbtest6  (cost=319.42..34703.03 rows=10047 width=121)
	              Recheck Cond: ((id >= 5079417) AND (id <= 5089416))
	              ->  Bitmap Index Scan on sbtest6_pkey  (cost=0.00..316.91 rows=10047 width=0)
	                    Index Cond: ((id >= 5079417) AND (id <= 5089416))

table 7 : explain SELECT DISTINCT c FROM sbtest7 WHERE id BETWEEN 5132141 AND 5142140 ORDER BY c
	Unique  (cost=37465.35..37518.81 rows=10691 width=121)
	  ->  Sort  (cost=37465.35..37492.08 rows=10691 width=121)
	        Sort Key: c
	        ->  Bitmap Heap Scan on sbtest7  (cost=338.02..36749.90 rows=10691 width=121)
	              Recheck Cond: ((id >= 5132141) AND (id <= 5142140))
	              ->  Bitmap Index Scan on sbtest7_pkey  (cost=0.00..335.34 rows=10691 width=0)
	                    Index Cond: ((id >= 5132141) AND (id <= 5142140))

table 8 : explain SELECT DISTINCT c FROM sbtest8 WHERE id BETWEEN 6765320 AND 6775319 ORDER BY c
	Unique  (cost=35976.14..36027.23 rows=10218 width=121)
	  ->  Sort  (cost=35976.14..36001.68 rows=10218 width=121)
	        Sort Key: c
	        ->  Bitmap Heap Scan on sbtest8  (cost=325.17..35295.68 rows=10218 width=121)
	              Recheck Cond: ((id >= 6765320) AND (id <= 6775319))
	              ->  Bitmap Index Scan on sbtest8_pkey  (cost=0.00..322.62 rows=10218 width=0)
	                    Index Cond: ((id >= 6765320) AND (id <= 6775319))

for: sum_ranges
table 1 : explain SELECT SUM(k) FROM sbtest1 WHERE id BETWEEN 4295486 AND 4305485
	Aggregate  (cost=34768.62..34768.63 rows=1 width=8)
	  ->  Bitmap Heap Scan on sbtest1  (cost=318.98..34743.61 rows=10004 width=4)
	        Recheck Cond: ((id >= 4295486) AND (id <= 4305485))
	        ->  Bitmap Index Scan on sbtest1_pkey  (cost=0.00..316.48 rows=10004 width=0)
	              Index Cond: ((id >= 4295486) AND (id <= 4305485))

table 2 : explain SELECT SUM(k) FROM sbtest2 WHERE id BETWEEN 6060053 AND 6070052
	Aggregate  (cost=33349.51..33349.52 rows=1 width=8)
	  ->  Bitmap Heap Scan on sbtest2  (cost=307.05..33325.46 rows=9621 width=4)
	        Recheck Cond: ((id >= 6060053) AND (id <= 6070052))
	        ->  Bitmap Index Scan on sbtest2_pkey  (cost=0.00..304.65 rows=9621 width=0)
	              Index Cond: ((id >= 6060053) AND (id <= 6070052))

table 3 : explain SELECT SUM(k) FROM sbtest3 WHERE id BETWEEN 6941811 AND 6951810
	Aggregate  (cost=38153.62..38153.63 rows=1 width=8)
	  ->  Bitmap Heap Scan on sbtest3  (cost=354.89..38125.70 rows=11166 width=4)
	        Recheck Cond: ((id >= 6941811) AND (id <= 6951810))
	        ->  Bitmap Index Scan on sbtest3_pkey  (cost=0.00..352.09 rows=11166 width=0)
	              Index Cond: ((id >= 6941811) AND (id <= 6951810))

table 4 : explain SELECT SUM(k) FROM sbtest4 WHERE id BETWEEN 6996139 AND 7006138
	Aggregate  (cost=35763.60..35763.61 rows=1 width=8)
	  ->  Bitmap Heap Scan on sbtest4  (cost=334.79..35737.66 rows=10376 width=4)
	        Recheck Cond: ((id >= 6996139) AND (id <= 7006138))
	        ->  Bitmap Index Scan on sbtest4_pkey  (cost=0.00..332.19 rows=10376 width=0)
	              Index Cond: ((id >= 6996139) AND (id <= 7006138))

table 5 : explain SELECT SUM(k) FROM sbtest5 WHERE id BETWEEN 4263962 AND 4273961
	Aggregate  (cost=34493.54..34493.55 rows=1 width=8)
	  ->  Bitmap Heap Scan on sbtest5  (cost=318.48..34468.65 rows=9956 width=4)
	        Recheck Cond: ((id >= 4263962) AND (id <= 4273961))
	        ->  Bitmap Index Scan on sbtest5_pkey  (cost=0.00..316.00 rows=9956 width=0)
	              Index Cond: ((id >= 4263962) AND (id <= 4273961))

table 6 : explain SELECT SUM(k) FROM sbtest6 WHERE id BETWEEN 3409076 AND 3419075
	Aggregate  (cost=33226.83..33226.84 rows=1 width=8)
	  ->  Bitmap Heap Scan on sbtest6  (cost=306.53..33202.91 rows=9570 width=4)
	        Recheck Cond: ((id >= 3409076) AND (id <= 3419075))
	        ->  Bitmap Index Scan on sbtest6_pkey  (cost=0.00..304.13 rows=9570 width=0)
	              Index Cond: ((id >= 3409076) AND (id <= 3419075))

table 7 : explain SELECT SUM(k) FROM sbtest7 WHERE id BETWEEN 1896215 AND 1906214
	Aggregate  (cost=34942.69..34942.70 rows=1 width=8)
	  ->  Bitmap Heap Scan on sbtest7  (cost=320.01..34917.43 rows=10105 width=4)
	        Recheck Cond: ((id >= 1896215) AND (id <= 1906214))
	        ->  Bitmap Index Scan on sbtest7_pkey  (cost=0.00..317.49 rows=10105 width=0)
	              Index Cond: ((id >= 1896215) AND (id <= 1906214))

table 8 : explain SELECT SUM(k) FROM sbtest8 WHERE id BETWEEN 1325369 AND 1335368
	Aggregate  (cost=35582.14..35582.15 rows=1 width=8)
	  ->  Bitmap Heap Scan on sbtest8  (cost=326.03..35556.38 rows=10302 width=4)
	        Recheck Cond: ((id >= 1325369) AND (id <= 1335368))
	        ->  Bitmap Index Scan on sbtest8_pkey  (cost=0.00..323.45 rows=10302 width=0)
	              Index Cond: ((id >= 1325369) AND (id <= 1335368))

explain: for point_selects :: explain SELECT c FROM sbtest%u WHERE id=%u
for: sum_ranges
table 1 : explain SELECT SUM(k) FROM sbtest1 WHERE id BETWEEN 9529484 AND 9539483
	Aggregate  (cost=36382.03..36382.04 rows=1 width=8)
	  ->  Bitmap Heap Scan on sbtest1  (cost=332.21..36355.74 rows=10515 width=4)
	        Recheck Cond: ((id >= 9529484) AND (id <= 9539483))
	        ->  Bitmap Index Scan on sbtest1_pkey  (cost=0.00..329.58 rows=10515 width=0)
	              Index Cond: ((id >= 9529484) AND (id <= 9539483))

table 2 : explain SELECT SUM(k) FROM sbtest2 WHERE id BETWEEN 7885564 AND 7895563
	Aggregate  (cost=32125.59..32125.60 rows=1 width=8)
	  ->  Bitmap Heap Scan on sbtest2  (cost=295.09..32102.50 rows=9235 width=4)
	        Recheck Cond: ((id >= 7885564) AND (id <= 7895563))
	        ->  Bitmap Index Scan on sbtest2_pkey  (cost=0.00..292.79 rows=9235 width=0)
	              Index Cond: ((id >= 7885564) AND (id <= 7895563))

table 3 : explain SELECT SUM(k) FROM sbtest3 WHERE id BETWEEN 9356814 AND 9366813
	Aggregate  (cost=31164.68..31164.69 rows=1 width=8)
	  ->  Bitmap Heap Scan on sbtest3  (cost=284.03..31142.34 rows=8936 width=4)
	        Recheck Cond: ((id >= 9356814) AND (id <= 9366813))
	        ->  Bitmap Index Scan on sbtest3_pkey  (cost=0.00..281.80 rows=8936 width=0)
	              Index Cond: ((id >= 9356814) AND (id <= 9366813))

table 4 : explain SELECT SUM(k) FROM sbtest4 WHERE id BETWEEN 8001553 AND 8011552
	Aggregate  (cost=32815.81..32815.82 rows=1 width=8)
	  ->  Bitmap Heap Scan on sbtest4  (cost=305.19..32792.21 rows=9440 width=4)
	        Recheck Cond: ((id >= 8001553) AND (id <= 8011552))
	        ->  Bitmap Index Scan on sbtest4_pkey  (cost=0.00..302.83 rows=9440 width=0)
	              Index Cond: ((id >= 8001553) AND (id <= 8011552))

table 5 : explain SELECT SUM(k) FROM sbtest5 WHERE id BETWEEN 8429712 AND 8439711
	Aggregate  (cost=36309.35..36309.36 rows=1 width=8)
	  ->  Bitmap Heap Scan on sbtest5  (cost=336.42..36283.02 rows=10535 width=4)
	        Recheck Cond: ((id >= 8429712) AND (id <= 8439711))
	        ->  Bitmap Index Scan on sbtest5_pkey  (cost=0.00..333.79 rows=10535 width=0)
	              Index Cond: ((id >= 8429712) AND (id <= 8439711))

table 6 : explain SELECT SUM(k) FROM sbtest6 WHERE id BETWEEN 7794816 AND 7804815
	Aggregate  (cost=33576.69..33576.70 rows=1 width=8)
	  ->  Bitmap Heap Scan on sbtest6  (cost=307.67..33552.49 rows=9681 width=4)
	        Recheck Cond: ((id >= 7794816) AND (id <= 7804815))
	        ->  Bitmap Index Scan on sbtest6_pkey  (cost=0.00..305.25 rows=9681 width=0)
	              Index Cond: ((id >= 7794816) AND (id <= 7804815))

table 7 : explain SELECT SUM(k) FROM sbtest7 WHERE id BETWEEN 9519363 AND 9529362
	Aggregate  (cost=34758.82..34758.83 rows=1 width=8)
	  ->  Bitmap Heap Scan on sbtest7  (cost=319.41..34733.70 rows=10046 width=4)
	        Recheck Cond: ((id >= 9519363) AND (id <= 9529362))
	        ->  Bitmap Index Scan on sbtest7_pkey  (cost=0.00..316.90 rows=10046 width=0)
	              Index Cond: ((id >= 9519363) AND (id <= 9529362))

table 8 : explain SELECT SUM(k) FROM sbtest8 WHERE id BETWEEN 8116316 AND 8126315
	Aggregate  (cost=37221.32..37221.33 rows=1 width=8)
	  ->  Bitmap Heap Scan on sbtest8  (cost=343.40..37194.25 rows=10826 width=4)
	        Recheck Cond: ((id >= 8116316) AND (id <= 8126315))
	        ->  Bitmap Index Scan on sbtest8_pkey  (cost=0.00..340.69 rows=10826 width=0)
	              Index Cond: ((id >= 8116316) AND (id <= 8126315))

for: distinct_ranges
table 1 : explain SELECT DISTINCT c FROM sbtest1 WHERE id BETWEEN 5349958 AND 5359957 ORDER BY c
	Unique  (cost=37035.06..37087.60 rows=10508 width=121)
	  ->  Sort  (cost=37035.06..37061.33 rows=10508 width=121)
	        Sort Key: c
	        ->  Bitmap Heap Scan on sbtest1  (cost=332.14..36333.17 rows=10508 width=121)
	              Recheck Cond: ((id >= 5349958) AND (id <= 5359957))
	              ->  Bitmap Index Scan on sbtest1_pkey  (cost=0.00..329.51 rows=10508 width=0)
	                    Index Cond: ((id >= 5349958) AND (id <= 5359957))

table 2 : explain SELECT DISTINCT c FROM sbtest2 WHERE id BETWEEN 3048634 AND 3058633 ORDER BY c
	Unique  (cost=34114.84..34163.18 rows=9668 width=121)
	  ->  Sort  (cost=34114.84..34139.01 rows=9668 width=121)
	        Sort Key: c
	        ->  Bitmap Heap Scan on sbtest2  (cost=311.53..33474.87 rows=9668 width=121)
	              Recheck Cond: ((id >= 3048634) AND (id <= 3058633))
	              ->  Bitmap Index Scan on sbtest2_pkey  (cost=0.00..309.12 rows=9668 width=0)
	                    Index Cond: ((id >= 3048634) AND (id <= 3058633))

table 3 : explain SELECT DISTINCT c FROM sbtest3 WHERE id BETWEEN 9931801 AND 9941800 ORDER BY c
	Unique  (cost=34382.10..34430.88 rows=9756 width=121)
	  ->  Sort  (cost=34382.10..34406.49 rows=9756 width=121)
	        Sort Key: c
	        ->  Bitmap Heap Scan on sbtest3  (cost=308.43..33735.66 rows=9756 width=121)
	              Recheck Cond: ((id >= 9931801) AND (id <= 9941800))
	              ->  Bitmap Index Scan on sbtest3_pkey  (cost=0.00..306.00 rows=9756 width=0)
	                    Index Cond: ((id >= 9931801) AND (id <= 9941800))

table 4 : explain SELECT DISTINCT c FROM sbtest4 WHERE id BETWEEN 4347678 AND 4357677 ORDER BY c
	Unique  (cost=33777.03..33824.79 rows=9552 width=121)
	  ->  Sort  (cost=33777.03..33800.91 rows=9552 width=121)
	        Sort Key: c
	        ->  Bitmap Heap Scan on sbtest4  (cost=306.34..33145.56 rows=9552 width=121)
	              Recheck Cond: ((id >= 4347678) AND (id <= 4357677))
	              ->  Bitmap Index Scan on sbtest4_pkey  (cost=0.00..303.95 rows=9552 width=0)
	                    Index Cond: ((id >= 4347678) AND (id <= 4357677))

table 5 : explain SELECT DISTINCT c FROM sbtest5 WHERE id BETWEEN 9214619 AND 9224618 ORDER BY c
	Unique  (cost=36799.66..36852.04 rows=10476 width=121)
	  ->  Sort  (cost=36799.66..36825.85 rows=10476 width=121)
	        Sort Key: c
	        ->  Bitmap Heap Scan on sbtest5  (cost=335.81..36100.13 rows=10476 width=121)
	              Recheck Cond: ((id >= 9214619) AND (id <= 9224618))
	              ->  Bitmap Index Scan on sbtest5_pkey  (cost=0.00..333.19 rows=10476 width=0)
	                    Index Cond: ((id >= 9214619) AND (id <= 9224618))

table 6 : explain SELECT DISTINCT c FROM sbtest6 WHERE id BETWEEN 236963 AND 246962 ORDER BY c
	Unique  (cost=33004.31..33050.88 rows=9314 width=121)
	  ->  Sort  (cost=33004.31..33027.60 rows=9314 width=121)
	        Sort Key: c
	        ->  Bitmap Heap Scan on sbtest6  (cost=295.90..32390.28 rows=9314 width=121)
	              Recheck Cond: ((id >= 236963) AND (id <= 246962))
	              ->  Bitmap Index Scan on sbtest6_pkey  (cost=0.00..293.57 rows=9314 width=0)
	                    Index Cond: ((id >= 236963) AND (id <= 246962))

table 7 : explain SELECT DISTINCT c FROM sbtest7 WHERE id BETWEEN 41116 AND 51115 ORDER BY c
	Unique  (cost=35893.52..35944.52 rows=10199 width=121)
	  ->  Sort  (cost=35893.52..35919.02 rows=10199 width=121)
	        Sort Key: c
	        ->  Bitmap Heap Scan on sbtest7  (cost=324.97..35214.47 rows=10199 width=121)
	              Recheck Cond: ((id >= 41116) AND (id <= 51115))
	              ->  Bitmap Index Scan on sbtest7_pkey  (cost=0.00..322.43 rows=10199 width=0)
	                    Index Cond: ((id >= 41116) AND (id <= 51115))

table 8 : explain SELECT DISTINCT c FROM sbtest8 WHERE id BETWEEN 9968160 AND 9978159 ORDER BY c
	Unique  (cost=36457.72..36509.56 rows=10368 width=121)
	  ->  Sort  (cost=36457.72..36483.64 rows=10368 width=121)
	        Sort Key: c
	        ->  Bitmap Heap Scan on sbtest8  (cost=330.71..35766.18 rows=10368 width=121)
	              Recheck Cond: ((id >= 9968160) AND (id <= 9978159))
	              ->  Bitmap Index Scan on sbtest8_pkey  (cost=0.00..328.12 rows=10368 width=0)
	                    Index Cond: ((id >= 9968160) AND (id <= 9978159))

explain: for point_selects :: explain SELECT c FROM sbtest%u WHERE id=%u
for: distinct_ranges
table 1 : explain SELECT DISTINCT c FROM sbtest1 WHERE id BETWEEN 150752 AND 160751 ORDER BY c
	Unique  (cost=37098.52..37151.16 rows=10527 width=121)
	  ->  Sort  (cost=37098.52..37124.84 rows=10527 width=121)
	        Sort Key: c
	        ->  Bitmap Heap Scan on sbtest1  (cost=336.34..36395.22 rows=10527 width=121)
	              Recheck Cond: ((id >= 150752) AND (id <= 160751))
	              ->  Bitmap Index Scan on sbtest1_pkey  (cost=0.00..333.70 rows=10527 width=0)
	                    Index Cond: ((id >= 150752) AND (id <= 160751))

table 2 : explain SELECT DISTINCT c FROM sbtest2 WHERE id BETWEEN 4894023 AND 4904022 ORDER BY c
	Unique  (cost=35757.59..35808.49 rows=10180 width=121)
	  ->  Sort  (cost=35757.59..35783.04 rows=10180 width=121)
	        Sort Key: c
	        ->  Bitmap Heap Scan on sbtest2  (cost=324.78..35079.94 rows=10180 width=121)
	              Recheck Cond: ((id >= 4894023) AND (id <= 4904022))
	              ->  Bitmap Index Scan on sbtest2_pkey  (cost=0.00..322.24 rows=10180 width=0)
	                    Index Cond: ((id >= 4894023) AND (id <= 4904022))

table 3 : explain SELECT DISTINCT c FROM sbtest3 WHERE id BETWEEN 9470932 AND 9480931 ORDER BY c
	Unique  (cost=35391.73..35442.08 rows=10070 width=121)
	  ->  Sort  (cost=35391.73..35416.90 rows=10070 width=121)
	        Sort Key: c
	        ->  Bitmap Heap Scan on sbtest3  (cost=319.65..34722.18 rows=10070 width=121)
	              Recheck Cond: ((id >= 9470932) AND (id <= 9480931))
	              ->  Bitmap Index Scan on sbtest3_pkey  (cost=0.00..317.13 rows=10070 width=0)
	                    Index Cond: ((id >= 9470932) AND (id <= 9480931))

table 4 : explain SELECT DISTINCT c FROM sbtest4 WHERE id BETWEEN 7118450 AND 7128449 ORDER BY c
	Unique  (cost=37594.49..37648.20 rows=10742 width=121)
	  ->  Sort  (cost=37594.49..37621.35 rows=10742 width=121)
	        Sort Key: c
	        ->  Bitmap Heap Scan on sbtest4  (cost=346.54..36875.26 rows=10742 width=121)
	              Recheck Cond: ((id >= 7118450) AND (id <= 7128449))
	              ->  Bitmap Index Scan on sbtest4_pkey  (cost=0.00..343.86 rows=10742 width=0)
	                    Index Cond: ((id >= 7118450) AND (id <= 7128449))

table 5 : explain SELECT DISTINCT c FROM sbtest5 WHERE id BETWEEN 2593992 AND 2603991 ORDER BY c
	Unique  (cost=37833.62..37887.62 rows=10801 width=121)
	  ->  Sort  (cost=37833.62..37860.62 rows=10801 width=121)
	        Sort Key: c
	        ->  Bitmap Heap Scan on sbtest5  (cost=343.15..37110.01 rows=10801 width=121)
	              Recheck Cond: ((id >= 2593992) AND (id <= 2603991))
	              ->  Bitmap Index Scan on sbtest5_pkey  (cost=0.00..340.44 rows=10801 width=0)
	                    Index Cond: ((id >= 2593992) AND (id <= 2603991))

table 6 : explain SELECT DISTINCT c FROM sbtest6 WHERE id BETWEEN 3318227 AND 3328226 ORDER BY c
	Unique  (cost=33140.58..33187.36 rows=9356 width=121)
	  ->  Sort  (cost=33140.58..33163.97 rows=9356 width=121)
	        Sort Key: c
	        ->  Bitmap Heap Scan on sbtest6  (cost=296.33..32523.47 rows=9356 width=121)
	              Recheck Cond: ((id >= 3318227) AND (id <= 3328226))
	              ->  Bitmap Index Scan on sbtest6_pkey  (cost=0.00..294.00 rows=9356 width=0)
	                    Index Cond: ((id >= 3318227) AND (id <= 3328226))

table 7 : explain SELECT DISTINCT c FROM sbtest7 WHERE id BETWEEN 5369809 AND 5379808 ORDER BY c
	Unique  (cost=37219.49..37272.55 rows=10613 width=121)
	  ->  Sort  (cost=37219.49..37246.02 rows=10613 width=121)
	        Sort Key: c
	        ->  Bitmap Heap Scan on sbtest7  (cost=337.22..36509.82 rows=10613 width=121)
	              Recheck Cond: ((id >= 5369809) AND (id <= 5379808))
	              ->  Bitmap Index Scan on sbtest7_pkey  (cost=0.00..334.56 rows=10613 width=0)
	                    Index Cond: ((id >= 5369809) AND (id <= 5379808))

table 8 : explain SELECT DISTINCT c FROM sbtest8 WHERE id BETWEEN 2112009 AND 2122008 ORDER BY c
	Unique  (cost=37138.79..37191.69 rows=10581 width=121)
	  ->  Sort  (cost=37138.79..37165.24 rows=10581 width=121)
	        Sort Key: c
	        ->  Bitmap Heap Scan on sbtest8  (cost=336.89..36431.49 rows=10581 width=121)
	              Recheck Cond: ((id >= 2112009) AND (id <= 2122008))
	              ->  Bitmap Index Scan on sbtest8_pkey  (cost=0.00..334.25 rows=10581 width=0)
	                    Index Cond: ((id >= 2112009) AND (id <= 2122008))

for point_selects
table 1 : explain SELECT c FROM sbtest1 WHERE id=7813023
	Index Scan using sbtest1_pkey on sbtest1  (cost=0.43..8.45 rows=1 width=121)
	  Index Cond: (id = 7813023)

table 2 : explain SELECT c FROM sbtest2 WHERE id=5068494
	Index Scan using sbtest2_pkey on sbtest2  (cost=0.43..8.45 rows=1 width=121)
	  Index Cond: (id = 5068494)

table 3 : explain SELECT c FROM sbtest3 WHERE id=5595089
	Index Scan using sbtest3_pkey on sbtest3  (cost=0.43..8.45 rows=1 width=121)
	  Index Cond: (id = 5595089)

table 4 : explain SELECT c FROM sbtest4 WHERE id=7687120
	Index Scan using sbtest4_pkey on sbtest4  (cost=0.43..8.45 rows=1 width=121)
	  Index Cond: (id = 7687120)

table 5 : explain SELECT c FROM sbtest5 WHERE id=5148042
	Index Scan using sbtest5_pkey on sbtest5  (cost=0.43..8.45 rows=1 width=121)
	  Index Cond: (id = 5148042)

table 6 : explain SELECT c FROM sbtest6 WHERE id=7997651
	Index Scan using sbtest6_pkey on sbtest6  (cost=0.43..8.45 rows=1 width=121)
	  Index Cond: (id = 7997651)

table 7 : explain SELECT c FROM sbtest7 WHERE id=3740853
	Index Scan using sbtest7_pkey on sbtest7  (cost=0.43..8.45 rows=1 width=121)
	  Index Cond: (id = 3740853)

table 8 : explain SELECT c FROM sbtest8 WHERE id=3230236
	Index Scan using sbtest8_pkey on sbtest8  (cost=0.43..8.45 rows=1 width=121)
	  Index Cond: (id = 3230236)

for: distinct_ranges
table 1 : explain SELECT DISTINCT c FROM sbtest1 WHERE id BETWEEN 3580316 AND 3590315 ORDER BY c
	Unique  (cost=34362.55..34410.96 rows=9682 width=121)
	  ->  Sort  (cost=34362.55..34386.76 rows=9682 width=121)
	        Sort Key: c
	        ->  Bitmap Heap Scan on sbtest1  (cost=307.68..33721.55 rows=9682 width=121)
	              Recheck Cond: ((id >= 3580316) AND (id <= 3590315))
	              ->  Bitmap Index Scan on sbtest1_pkey  (cost=0.00..305.25 rows=9682 width=0)
	                    Index Cond: ((id >= 3580316) AND (id <= 3590315))

table 2 : explain SELECT DISTINCT c FROM sbtest2 WHERE id BETWEEN 626135 AND 636134 ORDER BY c
	Unique  (cost=35629.44..35680.14 rows=10140 width=121)
	  ->  Sort  (cost=35629.44..35654.79 rows=10140 width=121)
	        Sort Key: c
	        ->  Bitmap Heap Scan on sbtest2  (cost=324.37..34954.73 rows=10140 width=121)
	              Recheck Cond: ((id >= 626135) AND (id <= 636134))
	              ->  Bitmap Index Scan on sbtest2_pkey  (cost=0.00..321.83 rows=10140 width=0)
	                    Index Cond: ((id >= 626135) AND (id <= 636134))

table 3 : explain SELECT DISTINCT c FROM sbtest3 WHERE id BETWEEN 4712856 AND 4722855 ORDER BY c
	Unique  (cost=37134.64..37187.72 rows=10616 width=121)
	  ->  Sort  (cost=37134.64..37161.18 rows=10616 width=121)
	        Sort Key: c
	        ->  Bitmap Heap Scan on sbtest3  (cost=337.25..36424.76 rows=10616 width=121)
	              Recheck Cond: ((id >= 4712856) AND (id <= 4722855))
	              ->  Bitmap Index Scan on sbtest3_pkey  (cost=0.00..334.59 rows=10616 width=0)
	                    Index Cond: ((id >= 4712856) AND (id <= 4722855))

table 4 : explain SELECT DISTINCT c FROM sbtest4 WHERE id BETWEEN 5305923 AND 5315922 ORDER BY c
	Unique  (cost=35616.20..35666.81 rows=10123 width=121)
	  ->  Sort  (cost=35616.20..35641.51 rows=10123 width=121)
	        Sort Key: c
	        ->  Bitmap Heap Scan on sbtest4  (cost=324.20..34942.75 rows=10123 width=121)
	              Recheck Cond: ((id >= 5305923) AND (id <= 5315922))
	              ->  Bitmap Index Scan on sbtest4_pkey  (cost=0.00..321.67 rows=10123 width=0)
	                    Index Cond: ((id >= 5305923) AND (id <= 5315922))

table 5 : explain SELECT DISTINCT c FROM sbtest5 WHERE id BETWEEN 1674090 AND 1684089 ORDER BY c
	Unique  (cost=35757.86..35808.61 rows=10151 width=121)
	  ->  Sort  (cost=35757.86..35783.24 rows=10151 width=121)
	        Sort Key: c
	        ->  Bitmap Heap Scan on sbtest5  (cost=324.48..35082.34 rows=10151 width=121)
	              Recheck Cond: ((id >= 1674090) AND (id <= 1684089))
	              ->  Bitmap Index Scan on sbtest5_pkey  (cost=0.00..321.94 rows=10151 width=0)
	                    Index Cond: ((id >= 1674090) AND (id <= 1684089))

table 6 : explain SELECT DISTINCT c FROM sbtest6 WHERE id BETWEEN 5835841 AND 5845840 ORDER BY c
	Unique  (cost=38971.16..39027.04 rows=11176 width=121)
	  ->  Sort  (cost=38971.16..38999.10 rows=11176 width=121)
	        Sort Key: c
	        ->  Bitmap Heap Scan on sbtest6  (cost=354.99..38219.68 rows=11176 width=121)
	              Recheck Cond: ((id >= 5835841) AND (id <= 5845840))
	              ->  Bitmap Index Scan on sbtest6_pkey  (cost=0.00..352.19 rows=11176 width=0)
	                    Index Cond: ((id >= 5835841) AND (id <= 5845840))

table 7 : explain SELECT DISTINCT c FROM sbtest7 WHERE id BETWEEN 1352115 AND 1362114 ORDER BY c
	Unique  (cost=35110.87..35160.64 rows=9955 width=121)
	  ->  Sort  (cost=35110.87..35135.76 rows=9955 width=121)
	        Sort Key: c
	        ->  Bitmap Heap Scan on sbtest7  (cost=318.47..34449.80 rows=9955 width=121)
	              Recheck Cond: ((id >= 1352115) AND (id <= 1362114))
	              ->  Bitmap Index Scan on sbtest7_pkey  (cost=0.00..315.99 rows=9955 width=0)
	                    Index Cond: ((id >= 1352115) AND (id <= 1362114))

table 8 : explain SELECT DISTINCT c FROM sbtest8 WHERE id BETWEEN 6719491 AND 6729490 ORDER BY c
	Unique  (cost=35976.14..36027.23 rows=10218 width=121)
	  ->  Sort  (cost=35976.14..36001.68 rows=10218 width=121)
	        Sort Key: c
	        ->  Bitmap Heap Scan on sbtest8  (cost=325.17..35295.68 rows=10218 width=121)
	              Recheck Cond: ((id >= 6719491) AND (id <= 6729490))
	              ->  Bitmap Index Scan on sbtest8_pkey  (cost=0.00..322.62 rows=10218 width=0)
	                    Index Cond: ((id >= 6719491) AND (id <= 6729490))

for: order_ranges
table 1 : explain SELECT c FROM sbtest1 WHERE id BETWEEN 170236 AND 180235 ORDER BY c
	Sort  (cost=37098.52..37124.84 rows=10527 width=121)
	  Sort Key: c
	  ->  Bitmap Heap Scan on sbtest1  (cost=336.34..36395.22 rows=10527 width=121)
	        Recheck Cond: ((id >= 170236) AND (id <= 180235))
	        ->  Bitmap Index Scan on sbtest1_pkey  (cost=0.00..333.70 rows=10527 width=0)
	              Index Cond: ((id >= 170236) AND (id <= 180235))

table 2 : explain SELECT c FROM sbtest2 WHERE id BETWEEN 3710789 AND 3720788 ORDER BY c
	Sort  (cost=31600.48..31622.71 rows=8894 width=121)
	  Sort Key: c
	  ->  Bitmap Heap Scan on sbtest2  (cost=283.60..31017.09 rows=8894 width=121)
	        Recheck Cond: ((id >= 3710789) AND (id <= 3720788))
	        ->  Bitmap Index Scan on sbtest2_pkey  (cost=0.00..281.38 rows=8894 width=0)
	              Index Cond: ((id >= 3710789) AND (id <= 3720788))

table 3 : explain SELECT c FROM sbtest3 WHERE id BETWEEN 8363816 AND 8373815 ORDER BY c
	Sort  (cost=37200.02..37226.62 rows=10637 width=121)
	  Sort Key: c
	  ->  Bitmap Heap Scan on sbtest3  (cost=337.46..36488.58 rows=10637 width=121)
	        Recheck Cond: ((id >= 8363816) AND (id <= 8373815))
	        ->  Bitmap Index Scan on sbtest3_pkey  (cost=0.00..334.81 rows=10637 width=0)
	              Index Cond: ((id >= 8363816) AND (id <= 8373815))

table 4 : explain SELECT c FROM sbtest4 WHERE id BETWEEN 5633477 AND 5643476 ORDER BY c
	Sort  (cost=33544.88..33568.58 rows=9480 width=121)
	  Sort Key: c
	  ->  Bitmap Heap Scan on sbtest4  (cost=305.61..32918.69 rows=9480 width=121)
	        Recheck Cond: ((id >= 5633477) AND (id <= 5643476))
	        ->  Bitmap Index Scan on sbtest4_pkey  (cost=0.00..303.24 rows=9480 width=0)
	              Index Cond: ((id >= 5633477) AND (id <= 5643476))

table 5 : explain SELECT c FROM sbtest5 WHERE id BETWEEN 180612 AND 190611 ORDER BY c
	Sort  (cost=32248.74..32271.41 rows=9069 width=121)
	  Sort Key: c
	  ->  Bitmap Heap Scan on sbtest5  (cost=289.39..31652.60 rows=9069 width=121)
	        Recheck Cond: ((id >= 180612) AND (id <= 190611))
	        ->  Bitmap Index Scan on sbtest5_pkey  (cost=0.00..287.12 rows=9069 width=0)
	              Index Cond: ((id >= 180612) AND (id <= 190611))

table 6 : explain SELECT c FROM sbtest6 WHERE id BETWEEN 989155 AND 999154 ORDER BY c
	Sort  (cost=35070.75..35095.63 rows=9953 width=121)
	  Sort Key: c
	  ->  Bitmap Heap Scan on sbtest6  (cost=318.45..34409.82 rows=9953 width=121)
	        Recheck Cond: ((id >= 989155) AND (id <= 999154))
	        ->  Bitmap Index Scan on sbtest6_pkey  (cost=0.00..315.96 rows=9953 width=0)
	              Index Cond: ((id >= 989155) AND (id <= 999154))

table 7 : explain SELECT c FROM sbtest7 WHERE id BETWEEN 225659 AND 235658 ORDER BY c
	Sort  (cost=37855.66..37882.70 rows=10813 width=121)
	  Sort Key: c
	  ->  Bitmap Heap Scan on sbtest7  (cost=343.27..37131.17 rows=10813 width=121)
	        Recheck Cond: ((id >= 225659) AND (id <= 235658))
	        ->  Bitmap Index Scan on sbtest7_pkey  (cost=0.00..340.56 rows=10813 width=0)
	              Index Cond: ((id >= 225659) AND (id <= 235658))

table 8 : explain SELECT c FROM sbtest8 WHERE id BETWEEN 684574 AND 694573 ORDER BY c
	Sort  (cost=33985.21..34009.22 rows=9602 width=121)
	  Sort Key: c
	  ->  Bitmap Heap Scan on sbtest8  (cost=302.86..33350.08 rows=9602 width=121)
	        Recheck Cond: ((id >= 684574) AND (id <= 694573))
	        ->  Bitmap Index Scan on sbtest8_pkey  (cost=0.00..300.45 rows=9602 width=0)
	              Index Cond: ((id >= 684574) AND (id <= 694573))

for: distinct_ranges
table 1 : explain SELECT DISTINCT c FROM sbtest1 WHERE id BETWEEN 2860882 AND 2870881 ORDER BY c
	Unique  (cost=33192.65..33239.27 rows=9324 width=121)
	  ->  Sort  (cost=33192.65..33215.96 rows=9324 width=121)
	        Sort Key: c
	        ->  Bitmap Heap Scan on sbtest1  (cost=296.01..32577.89 rows=9324 width=121)
	              Recheck Cond: ((id >= 2860882) AND (id <= 2870881))
	              ->  Bitmap Index Scan on sbtest1_pkey  (cost=0.00..293.68 rows=9324 width=0)
	                    Index Cond: ((id >= 2860882) AND (id <= 2870881))

table 2 : explain SELECT DISTINCT c FROM sbtest2 WHERE id BETWEEN 1300200 AND 1310199 ORDER BY c
	Unique  (cost=31977.94..32022.98 rows=9009 width=121)
	  ->  Sort  (cost=31977.94..32000.46 rows=9009 width=121)
	        Sort Key: c
	        ->  Bitmap Heap Scan on sbtest2  (cost=288.78..31386.17 rows=9009 width=121)
	              Recheck Cond: ((id >= 1300200) AND (id <= 1310199))
	              ->  Bitmap Index Scan on sbtest2_pkey  (cost=0.00..286.53 rows=9009 width=0)
	                    Index Cond: ((id >= 1300200) AND (id <= 1310199))

table 3 : explain SELECT DISTINCT c FROM sbtest3 WHERE id BETWEEN 3343967 AND 3353966 ORDER BY c
	Unique  (cost=34028.70..34076.93 rows=9646 width=121)
	  ->  Sort  (cost=34028.70..34052.82 rows=9646 width=121)
	        Sort Key: c
	        ->  Bitmap Heap Scan on sbtest3  (cost=307.31..33390.34 rows=9646 width=121)
	              Recheck Cond: ((id >= 3343967) AND (id <= 3353966))
	              ->  Bitmap Index Scan on sbtest3_pkey  (cost=0.00..304.90 rows=9646 width=0)
	                    Index Cond: ((id >= 3343967) AND (id <= 3353966))

table 4 : explain SELECT DISTINCT c FROM sbtest4 WHERE id BETWEEN 1218257 AND 1228256 ORDER BY c
	Unique  (cost=36554.60..36606.68 rows=10416 width=121)
	  ->  Sort  (cost=36554.60..36580.64 rows=10416 width=121)
	        Sort Key: c
	        ->  Bitmap Heap Scan on sbtest4  (cost=335.20..35859.51 rows=10416 width=121)
	              Recheck Cond: ((id >= 1218257) AND (id <= 1228256))
	              ->  Bitmap Index Scan on sbtest4_pkey  (cost=0.00..332.59 rows=10416 width=0)
	                    Index Cond: ((id >= 1218257) AND (id <= 1228256))

table 5 : explain SELECT DISTINCT c FROM sbtest5 WHERE id BETWEEN 3958305 AND 3968304 ORDER BY c
	Unique  (cost=36667.50..36719.68 rows=10436 width=121)
	  ->  Sort  (cost=36667.50..36693.59 rows=10436 width=121)
	        Sort Key: c
	        ->  Bitmap Heap Scan on sbtest5  (cost=331.40..35970.93 rows=10436 width=121)
	              Recheck Cond: ((id >= 3958305) AND (id <= 3968304))
	              ->  Bitmap Index Scan on sbtest5_pkey  (cost=0.00..328.80 rows=10436 width=0)
	                    Index Cond: ((id >= 3958305) AND (id <= 3968304))

table 6 : explain SELECT DISTINCT c FROM sbtest6 WHERE id BETWEEN 8163392 AND 8173391 ORDER BY c
	Unique  (cost=32784.77..32831.00 rows=9246 width=121)
	  ->  Sort  (cost=32784.77..32807.89 rows=9246 width=121)
	        Sort Key: c
	        ->  Bitmap Heap Scan on sbtest6  (cost=295.21..32175.71 rows=9246 width=121)
	              Recheck Cond: ((id >= 8163392) AND (id <= 8173391))
	              ->  Bitmap Index Scan on sbtest6_pkey  (cost=0.00..292.90 rows=9246 width=0)
	                    Index Cond: ((id >= 8163392) AND (id <= 8173391))

table 7 : explain SELECT DISTINCT c FROM sbtest7 WHERE id BETWEEN 3610631 AND 3620630 ORDER BY c
	Unique  (cost=34564.52..34613.45 rows=9786 width=121)
	  ->  Sort  (cost=34564.52..34588.98 rows=9786 width=121)
	        Sort Key: c
	        ->  Bitmap Heap Scan on sbtest7  (cost=312.74..33915.88 rows=9786 width=121)
	              Recheck Cond: ((id >= 3610631) AND (id <= 3620630))
	              ->  Bitmap Index Scan on sbtest7_pkey  (cost=0.00..310.30 rows=9786 width=0)
	                    Index Cond: ((id >= 3610631) AND (id <= 3620630))

table 8 : explain SELECT DISTINCT c FROM sbtest8 WHERE id BETWEEN 4049029 AND 4059028 ORDER BY c
	Unique  (cost=35199.09..35248.98 rows=9978 width=121)
	  ->  Sort  (cost=35199.09..35224.03 rows=9978 width=121)
	        Sort Key: c
	        ->  Bitmap Heap Scan on sbtest8  (cost=314.71..34536.32 rows=9978 width=121)
	              Recheck Cond: ((id >= 4049029) AND (id <= 4059028))
	              ->  Bitmap Index Scan on sbtest8_pkey  (cost=0.00..312.21 rows=9978 width=0)
	                    Index Cond: ((id >= 4049029) AND (id <= 4059028))

for: order_ranges
table 1 : explain SELECT c FROM sbtest1 WHERE id BETWEEN 9682565 AND 9692564 ORDER BY c
	Sort  (cost=37629.39..37656.12 rows=10693 width=121)
	  Sort Key: c
	  ->  Bitmap Heap Scan on sbtest1  (cost=338.04..36913.79 rows=10693 width=121)
	        Recheck Cond: ((id >= 9682565) AND (id <= 9692564))
	        ->  Bitmap Index Scan on sbtest1_pkey  (cost=0.00..335.37 rows=10693 width=0)
	              Index Cond: ((id >= 9682565) AND (id <= 9692564))

table 2 : explain SELECT c FROM sbtest2 WHERE id BETWEEN 2308159 AND 2318158 ORDER BY c
	Sort  (cost=31864.61..31887.05 rows=8974 width=121)
	  Sort Key: c
	  ->  Bitmap Heap Scan on sbtest2  (cost=288.42..31275.40 rows=8974 width=121)
	        Recheck Cond: ((id >= 2308159) AND (id <= 2318158))
	        ->  Bitmap Index Scan on sbtest2_pkey  (cost=0.00..286.18 rows=8974 width=0)
	              Index Cond: ((id >= 2308159) AND (id <= 2318158))

table 3 : explain SELECT c FROM sbtest3 WHERE id BETWEEN 6005132 AND 6015131 ORDER BY c
	Sort  (cost=36216.72..36242.54 rows=10329 width=121)
	  Sort Key: c
	  ->  Bitmap Heap Scan on sbtest3  (cost=326.31..35528.06 rows=10329 width=121)
	        Recheck Cond: ((id >= 6005132) AND (id <= 6015131))
	        ->  Bitmap Index Scan on sbtest3_pkey  (cost=0.00..323.73 rows=10329 width=0)
	              Index Cond: ((id >= 6005132) AND (id <= 6015131))

table 4 : explain SELECT c FROM sbtest4 WHERE id BETWEEN 4186303 AND 4196302 ORDER BY c
	Sort  (cost=40058.57..40087.37 rows=11521 width=121)
	  Sort Key: c
	  ->  Bitmap Heap Scan on sbtest4  (cost=370.53..39281.36 rows=11521 width=121)
	        Recheck Cond: ((id >= 4186303) AND (id <= 4196302))
	        ->  Bitmap Index Scan on sbtest4_pkey  (cost=0.00..367.65 rows=11521 width=0)
	              Index Cond: ((id >= 4186303) AND (id <= 4196302))

table 5 : explain SELECT c FROM sbtest5 WHERE id BETWEEN 559384 AND 569383 ORDER BY c
	Sort  (cost=36187.09..36212.80 rows=10285 width=121)
	  Sort Key: c
	  ->  Bitmap Heap Scan on sbtest5  (cost=329.86..35501.68 rows=10285 width=121)
	        Recheck Cond: ((id >= 559384) AND (id <= 569383))
	        ->  Bitmap Index Scan on sbtest5_pkey  (cost=0.00..327.29 rows=10285 width=0)
	              Index Cond: ((id >= 559384) AND (id <= 569383))

table 6 : explain SELECT c FROM sbtest6 WHERE id BETWEEN 4769695 AND 4779694 ORDER BY c
	Sort  (cost=33237.63..33261.09 rows=9385 width=121)
	  Sort Key: c
	  ->  Bitmap Heap Scan on sbtest6  (cost=300.63..32618.40 rows=9385 width=121)
	        Recheck Cond: ((id >= 4769695) AND (id <= 4779694))
	        ->  Bitmap Index Scan on sbtest6_pkey  (cost=0.00..298.29 rows=9385 width=0)
	              Index Cond: ((id >= 4769695) AND (id <= 4779694))

table 7 : explain SELECT c FROM sbtest7 WHERE id BETWEEN 4536274 AND 4546273 ORDER BY c
	Sort  (cost=37422.70..37449.39 rows=10677 width=121)
	  Sort Key: c
	  ->  Bitmap Heap Scan on sbtest7  (cost=337.87..36708.29 rows=10677 width=121)
	        Recheck Cond: ((id >= 4536274) AND (id <= 4546273))
	        ->  Bitmap Index Scan on sbtest7_pkey  (cost=0.00..335.20 rows=10677 width=0)
	              Index Cond: ((id >= 4536274) AND (id <= 4546273))

table 8 : explain SELECT c FROM sbtest8 WHERE id BETWEEN 7912482 AND 7922481 ORDER BY c
	Sort  (cost=35132.93..35157.82 rows=9957 width=121)
	  Sort Key: c
	  ->  Bitmap Heap Scan on sbtest8  (cost=314.49..34471.71 rows=9957 width=121)
	        Recheck Cond: ((id >= 7912482) AND (id <= 7922481))
	        ->  Bitmap Index Scan on sbtest8_pkey  (cost=0.00..312.00 rows=9957 width=0)
	              Index Cond: ((id >= 7912482) AND (id <= 7922481))

for point_selects
table 1 : explain SELECT c FROM sbtest1 WHERE id=6920173
	Index Scan using sbtest1_pkey on sbtest1  (cost=0.43..8.45 rows=1 width=121)
	  Index Cond: (id = 6920173)

table 2 : explain SELECT c FROM sbtest2 WHERE id=4089460
	Index Scan using sbtest2_pkey on sbtest2  (cost=0.43..8.45 rows=1 width=121)
	  Index Cond: (id = 4089460)

table 3 : explain SELECT c FROM sbtest3 WHERE id=7235792
	Index Scan using sbtest3_pkey on sbtest3  (cost=0.43..8.45 rows=1 width=121)
	  Index Cond: (id = 7235792)

table 4 : explain SELECT c FROM sbtest4 WHERE id=8962452
	Index Scan using sbtest4_pkey on sbtest4  (cost=0.43..8.45 rows=1 width=121)
	  Index Cond: (id = 8962452)

table 5 : explain SELECT c FROM sbtest5 WHERE id=5956987
	Index Scan using sbtest5_pkey on sbtest5  (cost=0.43..8.45 rows=1 width=121)
	  Index Cond: (id = 5956987)

table 6 : explain SELECT c FROM sbtest6 WHERE id=5979802
	Index Scan using sbtest6_pkey on sbtest6  (cost=0.43..8.45 rows=1 width=121)
	  Index Cond: (id = 5979802)

table 7 : explain SELECT c FROM sbtest7 WHERE id=2664526
	Index Scan using sbtest7_pkey on sbtest7  (cost=0.43..8.45 rows=1 width=121)
	  Index Cond: (id = 2664526)

table 8 : explain SELECT c FROM sbtest8 WHERE id=277081
	Index Scan using sbtest8_pkey on sbtest8  (cost=0.43..8.45 rows=1 width=121)
	  Index Cond: (id = 277081)

for point_selects
table 1 : explain SELECT c FROM sbtest1 WHERE id=9076689
	Index Scan using sbtest1_pkey on sbtest1  (cost=0.43..8.45 rows=1 width=121)
	  Index Cond: (id = 9076689)

table 2 : explain SELECT c FROM sbtest2 WHERE id=6523748
	Index Scan using sbtest2_pkey on sbtest2  (cost=0.43..8.45 rows=1 width=121)
	  Index Cond: (id = 6523748)

table 3 : explain SELECT c FROM sbtest3 WHERE id=7283059
	Index Scan using sbtest3_pkey on sbtest3  (cost=0.43..8.45 rows=1 width=121)
	  Index Cond: (id = 7283059)

table 4 : explain SELECT c FROM sbtest4 WHERE id=2986595
	Index Scan using sbtest4_pkey on sbtest4  (cost=0.43..8.45 rows=1 width=121)
	  Index Cond: (id = 2986595)

table 5 : explain SELECT c FROM sbtest5 WHERE id=9483370
	Index Scan using sbtest5_pkey on sbtest5  (cost=0.43..8.45 rows=1 width=121)
	  Index Cond: (id = 9483370)

table 6 : explain SELECT c FROM sbtest6 WHERE id=7281724
	Index Scan using sbtest6_pkey on sbtest6  (cost=0.43..8.45 rows=1 width=121)
	  Index Cond: (id = 7281724)

table 7 : explain SELECT c FROM sbtest7 WHERE id=2214199
	Index Scan using sbtest7_pkey on sbtest7  (cost=0.43..8.45 rows=1 width=121)
	  Index Cond: (id = 2214199)

table 8 : explain SELECT c FROM sbtest8 WHERE id=7517447
	Index Scan using sbtest8_pkey on sbtest8  (cost=0.43..8.45 rows=1 width=121)
	  Index Cond: (id = 7517447)

for: simple_ranges
table 1 : explain SELECT c FROM sbtest1 WHERE id BETWEEN 5856180 AND 5866179
	Bitmap Heap Scan on sbtest1  (cost=318.78..34685.20 rows=9985 width=121)
	  Recheck Cond: ((id >= 5856180) AND (id <= 5866179))
	  ->  Bitmap Index Scan on sbtest1_pkey  (cost=0.00..316.29 rows=9985 width=0)
	        Index Cond: ((id >= 5856180) AND (id <= 5866179))

table 2 : explain SELECT c FROM sbtest2 WHERE id BETWEEN 5890102 AND 5900101
	Bitmap Heap Scan on sbtest2  (cost=330.71..35667.43 rows=10368 width=121)
	  Recheck Cond: ((id >= 5890102) AND (id <= 5900101))
	  ->  Bitmap Index Scan on sbtest2_pkey  (cost=0.00..328.12 rows=10368 width=0)
	        Index Cond: ((id >= 5890102) AND (id <= 5900101))

table 3 : explain SELECT c FROM sbtest3 WHERE id BETWEEN 4009443 AND 4019442
	Bitmap Heap Scan on sbtest3  (cost=277.96..30495.50 rows=8734 width=121)
	  Recheck Cond: ((id >= 4009443) AND (id <= 4019442))
	  ->  Bitmap Index Scan on sbtest3_pkey  (cost=0.00..275.78 rows=8734 width=0)
	        Index Cond: ((id >= 4009443) AND (id <= 4019442))

table 4 : explain SELECT c FROM sbtest4 WHERE id BETWEEN 9803239 AND 9813238
	Bitmap Heap Scan on sbtest4  (cost=324.04..34894.50 rows=10108 width=121)
	  Recheck Cond: ((id >= 9803239) AND (id <= 9813238))
	  ->  Bitmap Index Scan on sbtest4_pkey  (cost=0.00..321.51 rows=10108 width=0)
	        Index Cond: ((id >= 9803239) AND (id <= 9813238))

table 5 : explain SELECT c FROM sbtest5 WHERE id BETWEEN 613463 AND 623462
	Bitmap Heap Scan on sbtest5  (cost=331.44..35983.78 rows=10440 width=121)
	  Recheck Cond: ((id >= 613463) AND (id <= 623462))
	  ->  Bitmap Index Scan on sbtest5_pkey  (cost=0.00..328.83 rows=10440 width=0)
	        Index Cond: ((id >= 613463) AND (id <= 623462))

table 6 : explain SELECT c FROM sbtest6 WHERE id BETWEEN 94959 AND 104958
	Bitmap Heap Scan on sbtest6  (cost=330.57..35668.86 rows=10355 width=121)
	  Recheck Cond: ((id >= 94959) AND (id <= 104958))
	  ->  Bitmap Index Scan on sbtest6_pkey  (cost=0.00..327.99 rows=10355 width=0)
	        Index Cond: ((id >= 94959) AND (id <= 104958))

table 7 : explain SELECT c FROM sbtest7 WHERE id BETWEEN 1918529 AND 1928528
	Bitmap Heap Scan on sbtest7  (cost=320.01..34917.43 rows=10105 width=121)
	  Recheck Cond: ((id >= 1918529) AND (id <= 1928528))
	  ->  Bitmap Index Scan on sbtest7_pkey  (cost=0.00..317.49 rows=10105 width=0)
	        Index Cond: ((id >= 1918529) AND (id <= 1928528))

table 8 : explain SELECT c FROM sbtest8 WHERE id BETWEEN 1800201 AND 1810200
	Bitmap Heap Scan on sbtest8  (cost=302.08..33109.89 rows=9526 width=121)
	  Recheck Cond: ((id >= 1800201) AND (id <= 1810200))
	  ->  Bitmap Index Scan on sbtest8_pkey  (cost=0.00..299.69 rows=9526 width=0)
	        Index Cond: ((id >= 1800201) AND (id <= 1810200))

for point_selects
table 1 : explain SELECT c FROM sbtest1 WHERE id=266542
	Index Scan using sbtest1_pkey on sbtest1  (cost=0.43..8.45 rows=1 width=121)
	  Index Cond: (id = 266542)

table 2 : explain SELECT c FROM sbtest2 WHERE id=4886607
	Index Scan using sbtest2_pkey on sbtest2  (cost=0.43..8.45 rows=1 width=121)
	  Index Cond: (id = 4886607)

table 3 : explain SELECT c FROM sbtest3 WHERE id=8140521
	Index Scan using sbtest3_pkey on sbtest3  (cost=0.43..8.45 rows=1 width=121)
	  Index Cond: (id = 8140521)

table 4 : explain SELECT c FROM sbtest4 WHERE id=6626465
	Index Scan using sbtest4_pkey on sbtest4  (cost=0.43..8.45 rows=1 width=121)
	  Index Cond: (id = 6626465)

table 5 : explain SELECT c FROM sbtest5 WHERE id=6311946
	Index Scan using sbtest5_pkey on sbtest5  (cost=0.43..8.45 rows=1 width=121)
	  Index Cond: (id = 6311946)

table 6 : explain SELECT c FROM sbtest6 WHERE id=7871689
	Index Scan using sbtest6_pkey on sbtest6  (cost=0.43..8.45 rows=1 width=121)
	  Index Cond: (id = 7871689)

table 7 : explain SELECT c FROM sbtest7 WHERE id=1933805
	Index Scan using sbtest7_pkey on sbtest7  (cost=0.43..8.45 rows=1 width=121)
	  Index Cond: (id = 1933805)

table 8 : explain SELECT c FROM sbtest8 WHERE id=8084558
	Index Scan using sbtest8_pkey on sbtest8  (cost=0.43..8.45 rows=1 width=121)
	  Index Cond: (id = 8084558)

for: distinct_ranges
table 1 : explain SELECT DISTINCT c FROM sbtest1 WHERE id BETWEEN 8973560 AND 8983559 ORDER BY c
	Unique  (cost=30628.91..30671.64 rows=8545 width=121)
	  ->  Sort  (cost=30628.91..30650.27 rows=8545 width=121)
	        Sort Key: c
	        ->  Bitmap Heap Scan on sbtest1  (cost=272.02..30070.89 rows=8545 width=121)
	              Recheck Cond: ((id >= 8973560) AND (id <= 8983559))
	              ->  Bitmap Index Scan on sbtest1_pkey  (cost=0.00..269.88 rows=8545 width=0)
	                    Index Cond: ((id >= 8973560) AND (id <= 8983559))

table 2 : explain SELECT DISTINCT c FROM sbtest2 WHERE id BETWEEN 2679858 AND 2689857 ORDER BY c
	Unique  (cost=34990.14..35039.84 rows=9940 width=121)
	  ->  Sort  (cost=34990.14..35014.99 rows=9940 width=121)
	        Sort Key: c
	        ->  Bitmap Heap Scan on sbtest2  (cost=318.32..34330.17 rows=9940 width=121)
	              Recheck Cond: ((id >= 2679858) AND (id <= 2689857))
	              ->  Bitmap Index Scan on sbtest2_pkey  (cost=0.00..315.83 rows=9940 width=0)
	                    Index Cond: ((id >= 2679858) AND (id <= 2689857))

table 3 : explain SELECT DISTINCT c FROM sbtest3 WHERE id BETWEEN 424905 AND 434904 ORDER BY c
	Unique  (cost=34319.33..34368.01 rows=9736 width=121)
	  ->  Sort  (cost=34319.33..34343.67 rows=9736 width=121)
	        Sort Key: c
	        ->  Bitmap Heap Scan on sbtest3  (cost=308.23..33674.37 rows=9736 width=121)
	              Recheck Cond: ((id >= 424905) AND (id <= 434904))
	              ->  Bitmap Index Scan on sbtest3_pkey  (cost=0.00..305.80 rows=9736 width=0)
	                    Index Cond: ((id >= 424905) AND (id <= 434904))

table 4 : explain SELECT DISTINCT c FROM sbtest4 WHERE id BETWEEN 6993410 AND 7003409 ORDER BY c
	Unique  (cost=36429.79..36481.67 rows=10376 width=121)
	  ->  Sort  (cost=36429.79..36455.73 rows=10376 width=121)
	        Sort Key: c
	        ->  Bitmap Heap Scan on sbtest4  (cost=334.79..35737.66 rows=10376 width=121)
	              Recheck Cond: ((id >= 6993410) AND (id <= 7003409))
	              ->  Bitmap Index Scan on sbtest4_pkey  (cost=0.00..332.19 rows=10376 width=0)
	                    Index Cond: ((id >= 6993410) AND (id <= 7003409))

table 5 : explain SELECT DISTINCT c FROM sbtest5 WHERE id BETWEEN 5680408 AND 5690407 ORDER BY c
	Unique  (cost=33069.90..33116.51 rows=9321 width=121)
	  ->  Sort  (cost=33069.90..33093.21 rows=9321 width=121)
	        Sort Key: c
	        ->  Bitmap Heap Scan on sbtest5  (cost=295.98..32455.36 rows=9321 width=121)
	              Recheck Cond: ((id >= 5680408) AND (id <= 5690407))
	              ->  Bitmap Index Scan on sbtest5_pkey  (cost=0.00..293.65 rows=9321 width=0)
	                    Index Cond: ((id >= 5680408) AND (id <= 5690407))

table 6 : explain SELECT DISTINCT c FROM sbtest6 WHERE id BETWEEN 172911 AND 182910 ORDER BY c
	Unique  (cost=36855.68..36908.23 rows=10510 width=121)
	  ->  Sort  (cost=36855.68..36881.96 rows=10510 width=121)
	        Sort Key: c
	        ->  Bitmap Heap Scan on sbtest6  (cost=336.16..36153.64 rows=10510 width=121)
	              Recheck Cond: ((id >= 172911) AND (id <= 182910))
	              ->  Bitmap Index Scan on sbtest6_pkey  (cost=0.00..333.54 rows=10510 width=0)
	                    Index Cond: ((id >= 172911) AND (id <= 182910))

table 7 : explain SELECT DISTINCT c FROM sbtest7 WHERE id BETWEEN 3024336 AND 3034335 ORDER BY c
	Unique  (cost=34036.96..34085.08 rows=9623 width=121)
	  ->  Sort  (cost=34036.96..34061.02 rows=9623 width=121)
	        Sort Key: c
	        ->  Bitmap Heap Scan on sbtest7  (cost=307.07..33400.29 rows=9623 width=121)
	              Recheck Cond: ((id >= 3024336) AND (id <= 3034335))
	              ->  Bitmap Index Scan on sbtest7_pkey  (cost=0.00..304.67 rows=9623 width=0)
	                    Index Cond: ((id >= 3024336) AND (id <= 3034335))

table 8 : explain SELECT DISTINCT c FROM sbtest8 WHERE id BETWEEN 5225689 AND 5235688 ORDER BY c
	Unique  (cost=34586.19..34635.13 rows=9788 width=121)
	  ->  Sort  (cost=34586.19..34610.66 rows=9788 width=121)
	        Sort Key: c
	        ->  Bitmap Heap Scan on sbtest8  (cost=308.76..33937.41 rows=9788 width=121)
	              Recheck Cond: ((id >= 5225689) AND (id <= 5235688))
	              ->  Bitmap Index Scan on sbtest8_pkey  (cost=0.00..306.31 rows=9788 width=0)
	                    Index Cond: ((id >= 5225689) AND (id <= 5235688))

for point_selects
table 1 : explain SELECT c FROM sbtest1 WHERE id=5157840
	Index Scan using sbtest1_pkey on sbtest1  (cost=0.43..8.45 rows=1 width=121)
	  Index Cond: (id = 5157840)

table 2 : explain SELECT c FROM sbtest2 WHERE id=9997503
	Index Scan using sbtest2_pkey on sbtest2  (cost=0.43..8.45 rows=1 width=121)
	  Index Cond: (id = 9997503)

table 3 : explain SELECT c FROM sbtest3 WHERE id=637490
	Index Scan using sbtest3_pkey on sbtest3  (cost=0.43..8.45 rows=1 width=121)
	  Index Cond: (id = 637490)

table 4 : explain SELECT c FROM sbtest4 WHERE id=8040840
	Index Scan using sbtest4_pkey on sbtest4  (cost=0.43..8.45 rows=1 width=121)
	  Index Cond: (id = 8040840)

table 5 : explain SELECT c FROM sbtest5 WHERE id=3747301
	Index Scan using sbtest5_pkey on sbtest5  (cost=0.43..8.45 rows=1 width=121)
	  Index Cond: (id = 3747301)

table 6 : explain SELECT c FROM sbtest6 WHERE id=1294774
	Index Scan using sbtest6_pkey on sbtest6  (cost=0.43..8.45 rows=1 width=121)
	  Index Cond: (id = 1294774)

table 7 : explain SELECT c FROM sbtest7 WHERE id=4388621
	Index Scan using sbtest7_pkey on sbtest7  (cost=0.43..8.45 rows=1 width=121)
	  Index Cond: (id = 4388621)

table 8 : explain SELECT c FROM sbtest8 WHERE id=8407544
	Index Scan using sbtest8_pkey on sbtest8  (cost=0.43..8.45 rows=1 width=121)
	  Index Cond: (id = 8407544)

for: distinct_ranges
table 1 : explain SELECT DISTINCT c FROM sbtest1 WHERE id BETWEEN 7008590 AND 7018589 ORDER BY c
	Unique  (cost=34349.24..34397.63 rows=9678 width=121)
	  ->  Sort  (cost=34349.24..34373.43 rows=9678 width=121)
	        Sort Key: c
	        ->  Bitmap Heap Scan on sbtest1  (cost=307.63..33708.53 rows=9678 width=121)
	              Recheck Cond: ((id >= 7008590) AND (id <= 7018589))
	              ->  Bitmap Index Scan on sbtest1_pkey  (cost=0.00..305.21 rows=9678 width=0)
	                    Index Cond: ((id >= 7008590) AND (id <= 7018589))

table 2 : explain SELECT DISTINCT c FROM sbtest2 WHERE id BETWEEN 3952698 AND 3962697 ORDER BY c
	Unique  (cost=34887.97..34937.51 rows=9908 width=121)
	  ->  Sort  (cost=34887.97..34912.74 rows=9908 width=121)
	        Sort Key: c
	        ->  Bitmap Heap Scan on sbtest2  (cost=317.99..34230.36 rows=9908 width=121)
	              Recheck Cond: ((id >= 3952698) AND (id <= 3962697))
	              ->  Bitmap Index Scan on sbtest2_pkey  (cost=0.00..315.51 rows=9908 width=0)
	                    Index Cond: ((id >= 3952698) AND (id <= 3962697))

table 3 : explain SELECT DISTINCT c FROM sbtest3 WHERE id BETWEEN 1056291 AND 1066290 ORDER BY c
	Unique  (cost=35615.24..35665.94 rows=10140 width=121)
	  ->  Sort  (cost=35615.24..35640.59 rows=10140 width=121)
	        Sort Key: c
	        ->  Bitmap Heap Scan on sbtest3  (cost=320.37..34940.54 rows=10140 width=121)
	              Recheck Cond: ((id >= 1056291) AND (id <= 1066290))
	              ->  Bitmap Index Scan on sbtest3_pkey  (cost=0.00..317.83 rows=10140 width=0)
	                    Index Cond: ((id >= 1056291) AND (id <= 1066290))

table 4 : explain SELECT DISTINCT c FROM sbtest4 WHERE id BETWEEN 1205491 AND 1215490 ORDER BY c
	Unique  (cost=36281.33..36332.98 rows=10331 width=121)
	  ->  Sort  (cost=36281.33..36307.16 rows=10331 width=121)
	        Sort Key: c
	        ->  Bitmap Heap Scan on sbtest4  (cost=330.33..35592.53 rows=10331 width=121)
	              Recheck Cond: ((id >= 1205491) AND (id <= 1215490))
	              ->  Bitmap Index Scan on sbtest4_pkey  (cost=0.00..327.75 rows=10331 width=0)
	                    Index Cond: ((id >= 1205491) AND (id <= 1215490))

table 5 : explain SELECT DISTINCT c FROM sbtest5 WHERE id BETWEEN 7574651 AND 7584650 ORDER BY c
	Unique  (cost=34198.03..34246.38 rows=9669 width=121)
	  ->  Sort  (cost=34198.03..34222.21 rows=9669 width=121)
	        Sort Key: c
	        ->  Bitmap Heap Scan on sbtest5  (cost=307.54..33557.99 rows=9669 width=121)
	              Recheck Cond: ((id >= 7574651) AND (id <= 7584650))
	              ->  Bitmap Index Scan on sbtest5_pkey  (cost=0.00..305.12 rows=9669 width=0)
	                    Index Cond: ((id >= 7574651) AND (id <= 7584650))

table 6 : explain SELECT DISTINCT c FROM sbtest6 WHERE id BETWEEN 220240 AND 230239 ORDER BY c
	Unique  (cost=33004.31..33050.88 rows=9314 width=121)
	  ->  Sort  (cost=33004.31..33027.60 rows=9314 width=121)
	        Sort Key: c
	        ->  Bitmap Heap Scan on sbtest6  (cost=295.90..32390.28 rows=9314 width=121)
	              Recheck Cond: ((id >= 220240) AND (id <= 230239))
	              ->  Bitmap Index Scan on sbtest6_pkey  (cost=0.00..293.57 rows=9314 width=0)
	                    Index Cond: ((id >= 220240) AND (id <= 230239))

table 7 : explain SELECT DISTINCT c FROM sbtest7 WHERE id BETWEEN 2051922 AND 2061921 ORDER BY c
	Unique  (cost=33148.61..33195.36 rows=9350 width=121)
	  ->  Sort  (cost=33148.61..33171.99 rows=9350 width=121)
	        Sort Key: c
	        ->  Bitmap Heap Scan on sbtest7  (cost=296.27..32531.94 rows=9350 width=121)
	              Recheck Cond: ((id >= 2051922) AND (id <= 2061921))
	              ->  Bitmap Index Scan on sbtest7_pkey  (cost=0.00..293.94 rows=9350 width=0)
	                    Index Cond: ((id >= 2051922) AND (id <= 2061921))

table 8 : explain SELECT DISTINCT c FROM sbtest8 WHERE id BETWEEN 663701 AND 673700 ORDER BY c
	Unique  (cost=33985.21..34033.22 rows=9602 width=121)
	  ->  Sort  (cost=33985.21..34009.22 rows=9602 width=121)
	        Sort Key: c
	        ->  Bitmap Heap Scan on sbtest8  (cost=302.86..33350.08 rows=9602 width=121)
	              Recheck Cond: ((id >= 663701) AND (id <= 673700))
	              ->  Bitmap Index Scan on sbtest8_pkey  (cost=0.00..300.45 rows=9602 width=0)
	                    Index Cond: ((id >= 663701) AND (id <= 673700))

for: simple_ranges
table 1 : explain SELECT c FROM sbtest1 WHERE id BETWEEN 3112846 AND 3122845
	Bitmap Heap Scan on sbtest1  (cost=284.44..31462.08 rows=8976 width=121)
	  Recheck Cond: ((id >= 3112846) AND (id <= 3122845))
	  ->  Bitmap Index Scan on sbtest1_pkey  (cost=0.00..282.19 rows=8976 width=0)
	        Index Cond: ((id >= 3112846) AND (id <= 3122845))

table 2 : explain SELECT c FROM sbtest2 WHERE id BETWEEN 9559629 AND 9569628
	Bitmap Heap Scan on sbtest2  (cost=336.57..36234.42 rows=10550 width=121)
	  Recheck Cond: ((id >= 9559629) AND (id <= 9569628))
	  ->  Bitmap Index Scan on sbtest2_pkey  (cost=0.00..333.94 rows=10550 width=0)
	        Index Cond: ((id >= 9559629) AND (id <= 9569628))

table 3 : explain SELECT c FROM sbtest3 WHERE id BETWEEN 2488772 AND 2498771
	Bitmap Heap Scan on sbtest3  (cost=319.31..34619.36 rows=10037 width=121)
	  Recheck Cond: ((id >= 2488772) AND (id <= 2498771))
	  ->  Bitmap Index Scan on sbtest3_pkey  (cost=0.00..316.81 rows=10037 width=0)
	        Index Cond: ((id >= 2488772) AND (id <= 2498771))

table 4 : explain SELECT c FROM sbtest4 WHERE id BETWEEN 5953937 AND 5963936
	Bitmap Heap Scan on sbtest4  (cost=299.94..32405.10 rows=9318 width=121)
	  Recheck Cond: ((id >= 5953937) AND (id <= 5963936))
	  ->  Bitmap Index Scan on sbtest4_pkey  (cost=0.00..297.62 rows=9318 width=0)
	        Index Cond: ((id >= 5953937) AND (id <= 5963936))

table 5 : explain SELECT c FROM sbtest5 WHERE id BETWEEN 3947363 AND 3957362
	Bitmap Heap Scan on sbtest5  (cost=331.40..35970.93 rows=10436 width=121)
	  Recheck Cond: ((id >= 3947363) AND (id <= 3957362))
	  ->  Bitmap Index Scan on sbtest5_pkey  (cost=0.00..328.80 rows=10436 width=0)
	        Index Cond: ((id >= 3947363) AND (id <= 3957362))

table 6 : explain SELECT c FROM sbtest6 WHERE id BETWEEN 8668073 AND 8678072
	Bitmap Heap Scan on sbtest6  (cost=336.66..36307.29 rows=10559 width=121)
	  Recheck Cond: ((id >= 8668073) AND (id <= 8678072))
	  ->  Bitmap Index Scan on sbtest6_pkey  (cost=0.00..334.03 rows=10559 width=0)
	        Index Cond: ((id >= 8668073) AND (id <= 8678072))

table 7 : explain SELECT c FROM sbtest7 WHERE id BETWEEN 2652659 AND 2662658
	Bitmap Heap Scan on sbtest7  (cost=319.73..34833.64 rows=10078 width=121)
	  Recheck Cond: ((id >= 2652659) AND (id <= 2662658))
	  ->  Bitmap Index Scan on sbtest7_pkey  (cost=0.00..317.21 rows=10078 width=0)
	        Index Cond: ((id >= 2652659) AND (id <= 2662658))

table 8 : explain SELECT c FROM sbtest8 WHERE id BETWEEN 5669557 AND 5679556
	Bitmap Heap Scan on sbtest8  (cost=349.08..37702.89 rows=10990 width=121)
	  Recheck Cond: ((id >= 5669557) AND (id <= 5679556))
	  ->  Bitmap Index Scan on sbtest8_pkey  (cost=0.00..346.33 rows=10990 width=0)
	        Index Cond: ((id >= 5669557) AND (id <= 5679556))

for: simple_ranges
table 1 : explain SELECT c FROM sbtest1 WHERE id BETWEEN 5324892 AND 5334891
	Bitmap Heap Scan on sbtest1  (cost=331.65..36181.58 rows=10460 width=121)
	  Recheck Cond: ((id >= 5324892) AND (id <= 5334891))
	  ->  Bitmap Index Scan on sbtest1_pkey  (cost=0.00..329.04 rows=10460 width=0)
	        Index Cond: ((id >= 5324892) AND (id <= 5334891))

table 2 : explain SELECT c FROM sbtest2 WHERE id BETWEEN 7864506 AND 7874505
	Bitmap Heap Scan on sbtest2  (cost=295.09..32102.50 rows=9235 width=121)
	  Recheck Cond: ((id >= 7864506) AND (id <= 7874505))
	  ->  Bitmap Index Scan on sbtest2_pkey  (cost=0.00..292.79 rows=9235 width=0)
	        Index Cond: ((id >= 7864506) AND (id <= 7874505))

table 3 : explain SELECT c FROM sbtest3 WHERE id BETWEEN 8527063 AND 8537062
	Bitmap Heap Scan on sbtest3  (cost=354.84..38109.86 rows=11161 width=121)
	  Recheck Cond: ((id >= 8527063) AND (id <= 8537062))
	  ->  Bitmap Index Scan on sbtest3_pkey  (cost=0.00..352.05 rows=11161 width=0)
	        Index Cond: ((id >= 8527063) AND (id <= 8537062))

table 4 : explain SELECT c FROM sbtest4 WHERE id BETWEEN 5700540 AND 5710539
	Bitmap Heap Scan on sbtest4  (cost=305.61..32918.69 rows=9480 width=121)
	  Recheck Cond: ((id >= 5700540) AND (id <= 5710539))
	  ->  Bitmap Index Scan on sbtest4_pkey  (cost=0.00..303.24 rows=9480 width=0)
	        Index Cond: ((id >= 5700540) AND (id <= 5710539))

table 5 : explain SELECT c FROM sbtest5 WHERE id BETWEEN 4358746 AND 4368745
	Bitmap Heap Scan on sbtest5  (cost=312.71..33921.49 rows=9783 width=121)
	  Recheck Cond: ((id >= 4358746) AND (id <= 4368745))
	  ->  Bitmap Index Scan on sbtest5_pkey  (cost=0.00..310.26 rows=9783 width=0)
	        Index Cond: ((id >= 4358746) AND (id <= 4368745))

table 6 : explain SELECT c FROM sbtest6 WHERE id BETWEEN 5418536 AND 5428535
	Bitmap Heap Scan on sbtest6  (cost=319.32..34677.25 rows=10038 width=121)
	  Recheck Cond: ((id >= 5418536) AND (id <= 5428535))
	  ->  Bitmap Index Scan on sbtest6_pkey  (cost=0.00..316.81 rows=10038 width=0)
	        Index Cond: ((id >= 5418536) AND (id <= 5428535))

table 7 : explain SELECT c FROM sbtest7 WHERE id BETWEEN 2846319 AND 2856318
	Bitmap Heap Scan on sbtest7  (cost=307.99..33682.12 rows=9713 width=121)
	  Recheck Cond: ((id >= 2846319) AND (id <= 2856318))
	  ->  Bitmap Index Scan on sbtest7_pkey  (cost=0.00..305.56 rows=9713 width=0)
	        Index Cond: ((id >= 2846319) AND (id <= 2856318))

table 8 : explain SELECT c FROM sbtest8 WHERE id BETWEEN 7919871 AND 7929870
	Bitmap Heap Scan on sbtest8  (cost=314.49..34471.71 rows=9957 width=121)
	  Recheck Cond: ((id >= 7919871) AND (id <= 7929870))
	  ->  Bitmap Index Scan on sbtest8_pkey  (cost=0.00..312.00 rows=9957 width=0)
	        Index Cond: ((id >= 7919871) AND (id <= 7929870))

for: simple_ranges
table 1 : explain SELECT c FROM sbtest1 WHERE id BETWEEN 1502262 AND 1512261
	Bitmap Heap Scan on sbtest1  (cost=307.39..33633.61 rows=9654 width=121)
	  Recheck Cond: ((id >= 1502262) AND (id <= 1512261))
	  ->  Bitmap Index Scan on sbtest1_pkey  (cost=0.00..304.98 rows=9654 width=0)
	        Index Cond: ((id >= 1502262) AND (id <= 1512261))

table 2 : explain SELECT c FROM sbtest2 WHERE id BETWEEN 9652794 AND 9662793
	Bitmap Heap Scan on sbtest2  (cost=307.32..33406.25 rows=9647 width=121)
	  Recheck Cond: ((id >= 9652794) AND (id <= 9662793))
	  ->  Bitmap Index Scan on sbtest2_pkey  (cost=0.00..304.91 rows=9647 width=0)
	        Index Cond: ((id >= 9652794) AND (id <= 9662793))

table 3 : explain SELECT c FROM sbtest3 WHERE id BETWEEN 9889591 AND 9899590
	Bitmap Heap Scan on sbtest3  (cost=302.90..33263.57 rows=9606 width=121)
	  Recheck Cond: ((id >= 9889591) AND (id <= 9899590))
	  ->  Bitmap Index Scan on sbtest3_pkey  (cost=0.00..300.50 rows=9606 width=0)
	        Index Cond: ((id >= 9889591) AND (id <= 9899590))

table 4 : explain SELECT c FROM sbtest4 WHERE id BETWEEN 452071 AND 462070
	Bitmap Heap Scan on sbtest4  (cost=305.80..32977.06 rows=9499 width=121)
	  Recheck Cond: ((id >= 452071) AND (id <= 462070))
	  ->  Bitmap Index Scan on sbtest4_pkey  (cost=0.00..303.43 rows=9499 width=0)
	        Index Cond: ((id >= 452071) AND (id <= 462070))

table 5 : explain SELECT c FROM sbtest5 WHERE id BETWEEN 3773776 AND 3783775
	Bitmap Heap Scan on sbtest5  (cost=335.70..36064.83 rows=10465 width=121)
	  Recheck Cond: ((id >= 3773776) AND (id <= 3783775))
	  ->  Bitmap Index Scan on sbtest5_pkey  (cost=0.00..333.08 rows=10465 width=0)
	        Index Cond: ((id >= 3773776) AND (id <= 3783775))

table 6 : explain SELECT c FROM sbtest6 WHERE id BETWEEN 3932217 AND 3942216
	Bitmap Heap Scan on sbtest6  (cost=331.35..35906.15 rows=10431 width=121)
	  Recheck Cond: ((id >= 3932217) AND (id <= 3942216))
	  ->  Bitmap Index Scan on sbtest6_pkey  (cost=0.00..328.75 rows=10431 width=0)
	        Index Cond: ((id >= 3932217) AND (id <= 3942216))

table 7 : explain SELECT c FROM sbtest7 WHERE id BETWEEN 6954505 AND 6964504
	Bitmap Heap Scan on sbtest7  (cost=302.46..33208.23 rows=9563 width=121)
	  Recheck Cond: ((id >= 6954505) AND (id <= 6964504))
	  ->  Bitmap Index Scan on sbtest7_pkey  (cost=0.00..300.06 rows=9563 width=0)
	        Index Cond: ((id >= 6954505) AND (id <= 6964504))

table 8 : explain SELECT c FROM sbtest8 WHERE id BETWEEN 1257857 AND 1267856
	Bitmap Heap Scan on sbtest8  (cost=307.09..33425.45 rows=9625 width=121)
	  Recheck Cond: ((id >= 1257857) AND (id <= 1267856))
	  ->  Bitmap Index Scan on sbtest8_pkey  (cost=0.00..304.69 rows=9625 width=0)
	        Index Cond: ((id >= 1257857) AND (id <= 1267856))

for: simple_ranges
table 1 : explain SELECT c FROM sbtest1 WHERE id BETWEEN 1087841 AND 1097840
	Bitmap Heap Scan on sbtest1  (cost=325.25..35447.35 rows=10226 width=121)
	  Recheck Cond: ((id >= 1087841) AND (id <= 1097840))
	  ->  Bitmap Index Scan on sbtest1_pkey  (cost=0.00..322.69 rows=10226 width=0)
	        Index Cond: ((id >= 1087841) AND (id <= 1097840))

table 2 : explain SELECT c FROM sbtest2 WHERE id BETWEEN 9681136 AND 9691135
	Bitmap Heap Scan on sbtest2  (cost=307.32..33406.25 rows=9647 width=121)
	  Recheck Cond: ((id >= 9681136) AND (id <= 9691135))
	  ->  Bitmap Index Scan on sbtest2_pkey  (cost=0.00..304.91 rows=9647 width=0)
	        Index Cond: ((id >= 9681136) AND (id <= 9691135))

table 3 : explain SELECT c FROM sbtest3 WHERE id BETWEEN 3020269 AND 3030268
	Bitmap Heap Scan on sbtest3  (cost=314.62..34403.16 rows=9969 width=121)
	  Recheck Cond: ((id >= 3020269) AND (id <= 3030268))
	  ->  Bitmap Index Scan on sbtest3_pkey  (cost=0.00..312.12 rows=9969 width=0)
	        Index Cond: ((id >= 3020269) AND (id <= 3030268))

table 4 : explain SELECT c FROM sbtest4 WHERE id BETWEEN 5395711 AND 5405710
	Bitmap Heap Scan on sbtest4  (cost=335.97..36093.39 rows=10491 width=121)
	  Recheck Cond: ((id >= 5395711) AND (id <= 5405710))
	  ->  Bitmap Index Scan on sbtest4_pkey  (cost=0.00..333.34 rows=10491 width=0)
	        Index Cond: ((id >= 5395711) AND (id <= 5405710))

table 5 : explain SELECT c FROM sbtest5 WHERE id BETWEEN 2467993 AND 2477992
	Bitmap Heap Scan on sbtest5  (cost=307.37..33506.11 rows=9652 width=121)
	  Recheck Cond: ((id >= 2467993) AND (id <= 2477992))
	  ->  Bitmap Index Scan on sbtest5_pkey  (cost=0.00..304.95 rows=9652 width=0)
	        Index Cond: ((id >= 2467993) AND (id <= 2477992))

table 6 : explain SELECT c FROM sbtest6 WHERE id BETWEEN 4516271 AND 4526270
	Bitmap Heap Scan on sbtest6  (cost=313.02..33970.20 rows=9813 width=121)
	  Recheck Cond: ((id >= 4516271) AND (id <= 4526270))
	  ->  Bitmap Index Scan on sbtest6_pkey  (cost=0.00..310.56 rows=9813 width=0)
	        Index Cond: ((id >= 4516271) AND (id <= 4526270))

table 7 : explain SELECT c FROM sbtest7 WHERE id BETWEEN 7386850 AND 7396849
	Bitmap Heap Scan on sbtest7  (cost=314.27..34384.45 rows=9935 width=121)
	  Recheck Cond: ((id >= 7386850) AND (id <= 7396849))
	  ->  Bitmap Index Scan on sbtest7_pkey  (cost=0.00..311.79 rows=9935 width=0)
	        Index Cond: ((id >= 7386850) AND (id <= 7396849))

table 8 : explain SELECT c FROM sbtest8 WHERE id BETWEEN 6337752 AND 6347751
	Bitmap Heap Scan on sbtest8  (cost=349.50..37830.48 rows=11031 width=121)
	  Recheck Cond: ((id >= 6337752) AND (id <= 6347751))
	  ->  Bitmap Index Scan on sbtest8_pkey  (cost=0.00..346.75 rows=11031 width=0)
	        Index Cond: ((id >= 6337752) AND (id <= 6347751))

for: sum_ranges
table 1 : explain SELECT SUM(k) FROM sbtest1 WHERE id BETWEEN 2992423 AND 3002422
	Aggregate  (cost=32951.91..32951.92 rows=1 width=8)
	  ->  Bitmap Heap Scan on sbtest1  (cost=301.12..32928.33 rows=9433 width=4)
	        Recheck Cond: ((id >= 2992423) AND (id <= 3002422))
	        ->  Bitmap Index Scan on sbtest1_pkey  (cost=0.00..298.76 rows=9433 width=0)
	              Index Cond: ((id >= 2992423) AND (id <= 3002422))

table 2 : explain SELECT SUM(k) FROM sbtest2 WHERE id BETWEEN 8660181 AND 8670180
	Aggregate  (cost=36350.32..36350.33 rows=1 width=8)
	  ->  Bitmap Heap Scan on sbtest2  (cost=336.87..36323.87 rows=10579 width=4)
	        Recheck Cond: ((id >= 8660181) AND (id <= 8670180))
	        ->  Bitmap Index Scan on sbtest2_pkey  (cost=0.00..334.23 rows=10579 width=0)
	              Index Cond: ((id >= 8660181) AND (id <= 8670180))

table 3 : explain SELECT SUM(k) FROM sbtest3 WHERE id BETWEEN 5675009 AND 5685008
	Aggregate  (cost=31764.82..31764.83 rows=1 width=8)
	  ->  Bitmap Heap Scan on sbtest3  (cost=289.97..31742.01 rows=9125 width=4)
	        Recheck Cond: ((id >= 5675009) AND (id <= 5685008))
	        ->  Bitmap Index Scan on sbtest3_pkey  (cost=0.00..287.69 rows=9125 width=0)
	              Index Cond: ((id >= 5675009) AND (id <= 5685008))

table 4 : explain SELECT SUM(k) FROM sbtest4 WHERE id BETWEEN 2517821 AND 2527820
	Aggregate  (cost=33633.43..33633.44 rows=1 width=8)
	  ->  Bitmap Heap Scan on sbtest4  (cost=311.85..33609.18 rows=9699 width=4)
	        Recheck Cond: ((id >= 2517821) AND (id <= 2527820))
	        ->  Bitmap Index Scan on sbtest4_pkey  (cost=0.00..309.43 rows=9699 width=0)
	              Index Cond: ((id >= 2517821) AND (id <= 2527820))

table 5 : explain SELECT SUM(k) FROM sbtest5 WHERE id BETWEEN 7026805 AND 7036804
	Aggregate  (cost=34214.66..34214.67 rows=1 width=8)
	  ->  Bitmap Heap Scan on sbtest5  (cost=313.59..34189.99 rows=9869 width=4)
	        Recheck Cond: ((id >= 7026805) AND (id <= 7036804))
	        ->  Bitmap Index Scan on sbtest5_pkey  (cost=0.00..311.12 rows=9869 width=0)
	              Index Cond: ((id >= 7026805) AND (id <= 7036804))

table 6 : explain SELECT SUM(k) FROM sbtest6 WHERE id BETWEEN 5752950 AND 5762949
	Aggregate  (cost=37817.23..37817.24 rows=1 width=8)
	  ->  Bitmap Heap Scan on sbtest6  (cost=349.57..37789.64 rows=11038 width=4)
	        Recheck Cond: ((id >= 5752950) AND (id <= 5762949))
	        ->  Bitmap Index Scan on sbtest6_pkey  (cost=0.00..346.81 rows=11038 width=0)
	              Index Cond: ((id >= 5752950) AND (id <= 5762949))

table 7 : explain SELECT SUM(k) FROM sbtest7 WHERE id BETWEEN 677587 AND 687586
	Aggregate  (cost=33904.74..33904.75 rows=1 width=8)
	  ->  Bitmap Heap Scan on sbtest7  (cost=312.63..33880.30 rows=9775 width=4)
	        Recheck Cond: ((id >= 677587) AND (id <= 687586))
	        ->  Bitmap Index Scan on sbtest7_pkey  (cost=0.00..310.19 rows=9775 width=0)
	              Index Cond: ((id >= 677587) AND (id <= 687586))

table 8 : explain SELECT SUM(k) FROM sbtest8 WHERE id BETWEEN 2956495 AND 2966494
	Aggregate  (cost=33361.10..33361.11 rows=1 width=8)
	  ->  Bitmap Heap Scan on sbtest8  (cost=302.81..33337.11 rows=9598 width=4)
	        Recheck Cond: ((id >= 2956495) AND (id <= 2966494))
	        ->  Bitmap Index Scan on sbtest8_pkey  (cost=0.00..300.42 rows=9598 width=0)
	              Index Cond: ((id >= 2956495) AND (id <= 2966494))

for: simple_ranges
table 1 : explain SELECT c FROM sbtest1 WHERE id BETWEEN 731153 AND 741152
	Bitmap Heap Scan on sbtest1  (cost=325.54..35534.70 rows=10254 width=121)
	  Recheck Cond: ((id >= 731153) AND (id <= 741152))
	  ->  Bitmap Index Scan on sbtest1_pkey  (cost=0.00..322.98 rows=10254 width=0)
	        Index Cond: ((id >= 731153) AND (id <= 741152))

table 2 : explain SELECT c FROM sbtest2 WHERE id BETWEEN 7321438 AND 7331437
	Bitmap Heap Scan on sbtest2  (cost=346.95..36957.17 rows=10782 width=121)
	  Recheck Cond: ((id >= 7321438) AND (id <= 7331437))
	  ->  Bitmap Index Scan on sbtest2_pkey  (cost=0.00..344.25 rows=10782 width=0)
	        Index Cond: ((id >= 7321438) AND (id <= 7331437))

table 3 : explain SELECT c FROM sbtest3 WHERE id BETWEEN 1599431 AND 1609430
	Bitmap Heap Scan on sbtest3  (cost=330.97..35733.73 rows=10394 width=121)
	  Recheck Cond: ((id >= 1599431) AND (id <= 1609430))
	  ->  Bitmap Index Scan on sbtest3_pkey  (cost=0.00..328.38 rows=10394 width=0)
	        Index Cond: ((id >= 1599431) AND (id <= 1609430))

table 4 : explain SELECT c FROM sbtest4 WHERE id BETWEEN 5891207 AND 5901206
	Bitmap Heap Scan on sbtest4  (cost=340.46..36244.68 rows=10539 width=121)
	  Recheck Cond: ((id >= 5891207) AND (id <= 5901206))
	  ->  Bitmap Index Scan on sbtest4_pkey  (cost=0.00..337.82 rows=10539 width=0)
	        Index Cond: ((id >= 5891207) AND (id <= 5901206))

table 5 : explain SELECT c FROM sbtest5 WHERE id BETWEEN 6387787 AND 6397786
	Bitmap Heap Scan on sbtest5  (cost=330.25..35620.68 rows=10323 width=121)
	  Recheck Cond: ((id >= 6387787) AND (id <= 6397786))
	  ->  Bitmap Index Scan on sbtest5_pkey  (cost=0.00..327.67 rows=10323 width=0)
	        Index Cond: ((id >= 6387787) AND (id <= 6397786))

table 6 : explain SELECT c FROM sbtest6 WHERE id BETWEEN 7495967 AND 7505966
	Bitmap Heap Scan on sbtest6  (cost=289.66..31693.15 rows=9095 width=121)
	  Recheck Cond: ((id >= 7495967) AND (id <= 7505966))
	  ->  Bitmap Index Scan on sbtest6_pkey  (cost=0.00..287.38 rows=9095 width=0)
	        Index Cond: ((id >= 7495967) AND (id <= 7505966))

table 7 : explain SELECT c FROM sbtest7 WHERE id BETWEEN 2134996 AND 2144995
	Bitmap Heap Scan on sbtest7  (cost=294.76..32066.44 rows=9202 width=121)
	  Recheck Cond: ((id >= 2134996) AND (id <= 2144995))
	  ->  Bitmap Index Scan on sbtest7_pkey  (cost=0.00..292.45 rows=9202 width=0)
	        Index Cond: ((id >= 2134996) AND (id <= 2144995))

table 8 : explain SELECT c FROM sbtest8 WHERE id BETWEEN 7067966 AND 7077965
	Bitmap Heap Scan on sbtest8  (cost=318.86..34588.75 rows=9993 width=121)
	  Recheck Cond: ((id >= 7067966) AND (id <= 7077965))
	  ->  Bitmap Index Scan on sbtest8_pkey  (cost=0.00..316.37 rows=9993 width=0)
	        Index Cond: ((id >= 7067966) AND (id <= 7077965))

explain: for point_selects :: explain SELECT c FROM sbtest%u WHERE id=%u
for: sum_ranges
table 1 : explain SELECT SUM(k) FROM sbtest1 WHERE id BETWEEN 9921341 AND 9931340
	Aggregate  (cost=36492.50..36492.51 rows=1 width=8)
	  ->  Bitmap Heap Scan on sbtest1  (cost=336.56..36466.12 rows=10549 width=4)
	        Recheck Cond: ((id >= 9921341) AND (id <= 9931340))
	        ->  Bitmap Index Scan on sbtest1_pkey  (cost=0.00..333.93 rows=10549 width=0)
	              Index Cond: ((id >= 9921341) AND (id <= 9931340))

table 2 : explain SELECT SUM(k) FROM sbtest2 WHERE id BETWEEN 2443826 AND 2453825
	Aggregate  (cost=32490.11..32490.12 rows=1 width=8)
	  ->  Bitmap Heap Scan on sbtest2  (cost=300.26..32466.74 rows=9349 width=4)
	        Recheck Cond: ((id >= 2443826) AND (id <= 2453825))
	        ->  Bitmap Index Scan on sbtest2_pkey  (cost=0.00..297.93 rows=9349 width=0)
	              Index Cond: ((id >= 2443826) AND (id <= 2453825))

table 3 : explain SELECT SUM(k) FROM sbtest3 WHERE id BETWEEN 6328119 AND 6338118
	Aggregate  (cost=37360.73..37360.74 rows=1 width=8)
	  ->  Bitmap Heap Scan on sbtest3  (cost=344.26..37333.45 rows=10910 width=4)
	        Recheck Cond: ((id >= 6328119) AND (id <= 6338118))
	        ->  Bitmap Index Scan on sbtest3_pkey  (cost=0.00..341.54 rows=10910 width=0)
	              Index Cond: ((id >= 6328119) AND (id <= 6338118))

table 4 : explain SELECT SUM(k) FROM sbtest4 WHERE id BETWEEN 6597192 AND 6607191
	Aggregate  (cost=35608.72..35608.73 rows=1 width=8)
	  ->  Bitmap Heap Scan on sbtest4  (cost=330.30..35582.90 rows=10328 width=4)
	        Recheck Cond: ((id >= 6597192) AND (id <= 6607191))
	        ->  Bitmap Index Scan on sbtest4_pkey  (cost=0.00..327.71 rows=10328 width=0)
	              Index Cond: ((id >= 6597192) AND (id <= 6607191))

table 5 : explain SELECT SUM(k) FROM sbtest5 WHERE id BETWEEN 3900198 AND 3910197
	Aggregate  (cost=35997.02..35997.03 rows=1 width=8)
	  ->  Bitmap Heap Scan on sbtest5  (cost=331.40..35970.93 rows=10436 width=4)
	        Recheck Cond: ((id >= 3900198) AND (id <= 3910197))
	        ->  Bitmap Index Scan on sbtest5_pkey  (cost=0.00..328.80 rows=10436 width=0)
	              Index Cond: ((id >= 3900198) AND (id <= 3910197))

table 6 : explain SELECT SUM(k) FROM sbtest6 WHERE id BETWEEN 9747512 AND 9757511
	Aggregate  (cost=36564.20..36564.21 rows=1 width=8)
	  ->  Bitmap Heap Scan on sbtest6  (cost=337.43..36537.62 rows=10634 width=4)
	        Recheck Cond: ((id >= 9747512) AND (id <= 9757511))
	        ->  Bitmap Index Scan on sbtest6_pkey  (cost=0.00..334.78 rows=10634 width=0)
	              Index Cond: ((id >= 9747512) AND (id <= 9757511))

table 7 : explain SELECT SUM(k) FROM sbtest7 WHERE id BETWEEN 9550071 AND 9560070
	Aggregate  (cost=34758.82..34758.83 rows=1 width=8)
	  ->  Bitmap Heap Scan on sbtest7  (cost=319.41..34733.70 rows=10046 width=4)
	        Recheck Cond: ((id >= 9550071) AND (id <= 9560070))
	        ->  Bitmap Index Scan on sbtest7_pkey  (cost=0.00..316.90 rows=10046 width=0)
	              Index Cond: ((id >= 9550071) AND (id <= 9560070))

table 8 : explain SELECT SUM(k) FROM sbtest8 WHERE id BETWEEN 8948197 AND 8958196
	Aggregate  (cost=35914.30..35914.31 rows=1 width=8)
	  ->  Bitmap Heap Scan on sbtest8  (cost=331.11..35888.29 rows=10407 width=4)
	        Recheck Cond: ((id >= 8948197) AND (id <= 8958196))
	        ->  Bitmap Index Scan on sbtest8_pkey  (cost=0.00..328.50 rows=10407 width=0)
	              Index Cond: ((id >= 8948197) AND (id <= 8958196))

for: sum_ranges
table 1 : explain SELECT SUM(k) FROM sbtest1 WHERE id BETWEEN 3750404 AND 3760403
	Aggregate  (cost=32532.44..32532.45 rows=1 width=8)
	  ->  Bitmap Heap Scan on sbtest1  (cost=295.78..32509.19 rows=9302 width=4)
	        Recheck Cond: ((id >= 3750404) AND (id <= 3760403))
	        ->  Bitmap Index Scan on sbtest1_pkey  (cost=0.00..293.45 rows=9302 width=0)
	              Index Cond: ((id >= 3750404) AND (id <= 3760403))

table 2 : explain SELECT SUM(k) FROM sbtest2 WHERE id BETWEEN 8678895 AND 8688894
	Aggregate  (cost=36350.32..36350.33 rows=1 width=8)
	  ->  Bitmap Heap Scan on sbtest2  (cost=336.87..36323.87 rows=10579 width=4)
	        Recheck Cond: ((id >= 8678895) AND (id <= 8688894))
	        ->  Bitmap Index Scan on sbtest2_pkey  (cost=0.00..334.23 rows=10579 width=0)
	              Index Cond: ((id >= 8678895) AND (id <= 8688894))

table 3 : explain SELECT SUM(k) FROM sbtest3 WHERE id BETWEEN 7307398 AND 7317397
	Aggregate  (cost=34257.40..34257.41 rows=1 width=8)
	  ->  Bitmap Heap Scan on sbtest3  (cost=314.05..34232.62 rows=9914 width=4)
	        Recheck Cond: ((id >= 7307398) AND (id <= 7317397))
	        ->  Bitmap Index Scan on sbtest3_pkey  (cost=0.00..311.57 rows=9914 width=0)
	              Index Cond: ((id >= 7307398) AND (id <= 7317397))

table 4 : explain SELECT SUM(k) FROM sbtest4 WHERE id BETWEEN 296107 AND 306106
	Aggregate  (cost=33101.37..33101.38 rows=1 width=8)
	  ->  Bitmap Heap Scan on sbtest4  (cost=306.13..33077.54 rows=9531 width=4)
	        Recheck Cond: ((id >= 296107) AND (id <= 306106))
	        ->  Bitmap Index Scan on sbtest4_pkey  (cost=0.00..303.75 rows=9531 width=0)
	              Index Cond: ((id >= 296107) AND (id <= 306106))

table 5 : explain SELECT SUM(k) FROM sbtest5 WHERE id BETWEEN 3944414 AND 3954413
	Aggregate  (cost=35997.02..35997.03 rows=1 width=8)
	  ->  Bitmap Heap Scan on sbtest5  (cost=331.40..35970.93 rows=10436 width=4)
	        Recheck Cond: ((id >= 3944414) AND (id <= 3954413))
	        ->  Bitmap Index Scan on sbtest5_pkey  (cost=0.00..328.80 rows=10436 width=0)
	              Index Cond: ((id >= 3944414) AND (id <= 3954413))

table 6 : explain SELECT SUM(k) FROM sbtest6 WHERE id BETWEEN 6789403 AND 6799402
	Aggregate  (cost=36092.58..36092.59 rows=1 width=8)
	  ->  Bitmap Heap Scan on sbtest6  (cost=331.89..36066.37 rows=10483 width=4)
	        Recheck Cond: ((id >= 6789403) AND (id <= 6799402))
	        ->  Bitmap Index Scan on sbtest6_pkey  (cost=0.00..329.26 rows=10483 width=0)
	              Index Cond: ((id >= 6789403) AND (id <= 6799402))

table 7 : explain SELECT SUM(k) FROM sbtest7 WHERE id BETWEEN 2326630 AND 2336629
	Aggregate  (cost=36835.04..36835.05 rows=1 width=8)
	  ->  Bitmap Heap Scan on sbtest7  (cost=342.19..36808.27 rows=10708 width=4)
	        Recheck Cond: ((id >= 2326630) AND (id <= 2336629))
	        ->  Bitmap Index Scan on sbtest7_pkey  (cost=0.00..339.51 rows=10708 width=0)
	              Index Cond: ((id >= 2326630) AND (id <= 2336629))

table 8 : explain SELECT SUM(k) FROM sbtest8 WHERE id BETWEEN 163013 AND 173012
	Aggregate  (cost=32397.41..32397.42 rows=1 width=8)
	  ->  Bitmap Heap Scan on sbtest8  (cost=295.70..32374.17 rows=9294 width=4)
	        Recheck Cond: ((id >= 163013) AND (id <= 173012))
	        ->  Bitmap Index Scan on sbtest8_pkey  (cost=0.00..293.38 rows=9294 width=0)
	              Index Cond: ((id >= 163013) AND (id <= 173012))

for: sum_ranges
table 1 : explain SELECT SUM(k) FROM sbtest1 WHERE id BETWEEN 1263582 AND 1273581
	Aggregate  (cost=30426.53..30426.54 rows=1 width=8)
	  ->  Bitmap Heap Scan on sbtest1  (cost=277.08..30404.91 rows=8648 width=4)
	        Recheck Cond: ((id >= 1263582) AND (id <= 1273581))
	        ->  Bitmap Index Scan on sbtest1_pkey  (cost=0.00..274.92 rows=8648 width=0)
	              Index Cond: ((id >= 1263582) AND (id <= 1273581))

table 2 : explain SELECT SUM(k) FROM sbtest2 WHERE id BETWEEN 1447154 AND 1457153
	Aggregate  (cost=38619.75..38619.76 rows=1 width=8)
	  ->  Bitmap Heap Scan on sbtest2  (cost=360.39..38591.47 rows=11313 width=4)
	        Recheck Cond: ((id >= 1447154) AND (id <= 1457153))
	        ->  Bitmap Index Scan on sbtest2_pkey  (cost=0.00..357.56 rows=11313 width=0)
	              Index Cond: ((id >= 1447154) AND (id <= 1457153))

table 3 : explain SELECT SUM(k) FROM sbtest3 WHERE id BETWEEN 6383533 AND 6393532
	Aggregate  (cost=38118.73..38118.74 rows=1 width=8)
	  ->  Bitmap Heap Scan on sbtest3  (cost=354.77..38090.84 rows=11155 width=4)
	        Recheck Cond: ((id >= 6383533) AND (id <= 6393532))
	        ->  Bitmap Index Scan on sbtest3_pkey  (cost=0.00..351.99 rows=11155 width=0)
	              Index Cond: ((id >= 6383533) AND (id <= 6393532))

table 4 : explain SELECT SUM(k) FROM sbtest4 WHERE id BETWEEN 5933186 AND 5943185
	Aggregate  (cost=32428.39..32428.40 rows=1 width=8)
	  ->  Bitmap Heap Scan on sbtest4  (cost=299.94..32405.10 rows=9318 width=4)
	        Recheck Cond: ((id >= 5933186) AND (id <= 5943185))
	        ->  Bitmap Index Scan on sbtest4_pkey  (cost=0.00..297.62 rows=9318 width=0)
	              Index Cond: ((id >= 5933186) AND (id <= 5943185))

table 5 : explain SELECT SUM(k) FROM sbtest5 WHERE id BETWEEN 4985937 AND 4995936
	Aggregate  (cost=35227.03..35227.04 rows=1 width=8)
	  ->  Bitmap Heap Scan on sbtest5  (cost=324.88..35201.55 rows=10190 width=4)
	        Recheck Cond: ((id >= 4985937) AND (id <= 4995936))
	        ->  Bitmap Index Scan on sbtest5_pkey  (cost=0.00..322.33 rows=10190 width=0)
	              Index Cond: ((id >= 4985937) AND (id <= 4995936))

table 6 : explain SELECT SUM(k) FROM sbtest6 WHERE id BETWEEN 8078665 AND 8088664
	Aggregate  (cost=32198.82..32198.83 rows=1 width=8)
	  ->  Bitmap Heap Scan on sbtest6  (cost=295.21..32175.71 rows=9246 width=4)
	        Recheck Cond: ((id >= 8078665) AND (id <= 8088664))
	        ->  Bitmap Index Scan on sbtest6_pkey  (cost=0.00..292.90 rows=9246 width=0)
	              Index Cond: ((id >= 8078665) AND (id <= 8088664))

table 7 : explain SELECT SUM(k) FROM sbtest7 WHERE id BETWEEN 8482471 AND 8492470
	Aggregate  (cost=32591.11..32591.12 rows=1 width=8)
	  ->  Bitmap Heap Scan on sbtest7  (cost=296.39..32567.71 rows=9361 width=4)
	        Recheck Cond: ((id >= 8482471) AND (id <= 8492470))
	        ->  Bitmap Index Scan on sbtest7_pkey  (cost=0.00..294.05 rows=9361 width=0)
	              Index Cond: ((id >= 8482471) AND (id <= 8492470))

table 8 : explain SELECT SUM(k) FROM sbtest8 WHERE id BETWEEN 7785708 AND 7795707
	Aggregate  (cost=35562.83..35562.84 rows=1 width=8)
	  ->  Bitmap Heap Scan on sbtest8  (cost=325.97..35537.09 rows=10296 width=4)
	        Recheck Cond: ((id >= 7785708) AND (id <= 7795707))
	        ->  Bitmap Index Scan on sbtest8_pkey  (cost=0.00..323.40 rows=10296 width=0)
	              Index Cond: ((id >= 7785708) AND (id <= 7795707))

for: order_ranges
table 1 : explain SELECT c FROM sbtest1 WHERE id BETWEEN 8784753 AND 8794752 ORDER BY c
	Sort  (cost=34762.82..34787.34 rows=9805 width=121)
	  Sort Key: c
	  ->  Bitmap Heap Scan on sbtest1  (cost=312.94..34112.79 rows=9805 width=121)
	        Recheck Cond: ((id >= 8784753) AND (id <= 8794752))
	        ->  Bitmap Index Scan on sbtest1_pkey  (cost=0.00..310.49 rows=9805 width=0)
	              Index Cond: ((id >= 8784753) AND (id <= 8794752))

table 2 : explain SELECT c FROM sbtest2 WHERE id BETWEEN 114291 AND 124290 ORDER BY c
	Sort  (cost=37100.46..37126.96 rows=10600 width=121)
	  Sort Key: c
	  ->  Bitmap Heap Scan on sbtest2  (cost=341.08..36391.76 rows=10600 width=121)
	        Recheck Cond: ((id >= 114291) AND (id <= 124290))
	        ->  Bitmap Index Scan on sbtest2_pkey  (cost=0.00..338.44 rows=10600 width=0)
	              Index Cond: ((id >= 114291) AND (id <= 124290))

table 3 : explain SELECT c FROM sbtest3 WHERE id BETWEEN 6337656 AND 6347655 ORDER BY c
	Sort  (cost=38065.15..38092.43 rows=10910 width=121)
	  Sort Key: c
	  ->  Bitmap Heap Scan on sbtest3  (cost=344.26..37333.45 rows=10910 width=121)
	        Recheck Cond: ((id >= 6337656) AND (id <= 6347655))
	        ->  Bitmap Index Scan on sbtest3_pkey  (cost=0.00..341.54 rows=10910 width=0)
	              Index Cond: ((id >= 6337656) AND (id <= 6347655))

table 4 : explain SELECT c FROM sbtest4 WHERE id BETWEEN 2455490 AND 2465489 ORDER BY c
	Sort  (cost=34251.43..34275.68 rows=9699 width=121)
	  Sort Key: c
	  ->  Bitmap Heap Scan on sbtest4  (cost=311.85..33609.18 rows=9699 width=121)
	        Recheck Cond: ((id >= 2455490) AND (id <= 2465489))
	        ->  Bitmap Index Scan on sbtest4_pkey  (cost=0.00..309.43 rows=9699 width=0)
	              Index Cond: ((id >= 2455490) AND (id <= 2465489))

table 5 : explain SELECT c FROM sbtest5 WHERE id BETWEEN 6354231 AND 6364230 ORDER BY c
	Sort  (cost=34974.43..34999.20 rows=9908 width=121)
	  Sort Key: c
	  ->  Bitmap Heap Scan on sbtest5  (cost=317.99..34316.82 rows=9908 width=121)
	        Recheck Cond: ((id >= 6354231) AND (id <= 6364230))
	        ->  Bitmap Index Scan on sbtest5_pkey  (cost=0.00..315.51 rows=9908 width=0)
	              Index Cond: ((id >= 6354231) AND (id <= 6364230))

table 6 : explain SELECT c FROM sbtest6 WHERE id BETWEEN 45755 AND 55754 ORDER BY c
	Sort  (cost=35595.62..35620.91 rows=10116 width=121)
	  Sort Key: c
	  ->  Bitmap Heap Scan on sbtest6  (cost=324.12..34922.69 rows=10116 width=121)
	        Recheck Cond: ((id >= 45755) AND (id <= 55754))
	        ->  Bitmap Index Scan on sbtest6_pkey  (cost=0.00..321.59 rows=10116 width=0)
	              Index Cond: ((id >= 45755) AND (id <= 55754))

table 7 : explain SELECT c FROM sbtest7 WHERE id BETWEEN 9149085 AND 9159084 ORDER BY c
	Sort  (cost=32344.84..32367.60 rows=9103 width=121)
	  Sort Key: c
	  ->  Bitmap Heap Scan on sbtest7  (cost=289.74..31746.22 rows=9103 width=121)
	        Recheck Cond: ((id >= 9149085) AND (id <= 9159084))
	        ->  Bitmap Index Scan on sbtest7_pkey  (cost=0.00..287.46 rows=9103 width=0)
	              Index Cond: ((id >= 9149085) AND (id <= 9159084))

table 8 : explain SELECT c FROM sbtest8 WHERE id BETWEEN 6516974 AND 6526973 ORDER BY c
	Sort  (cost=36088.28..36113.91 rows=10254 width=121)
	  Sort Key: c
	  ->  Bitmap Heap Scan on sbtest8  (cost=325.54..35405.16 rows=10254 width=121)
	        Recheck Cond: ((id >= 6516974) AND (id <= 6526973))
	        ->  Bitmap Index Scan on sbtest8_pkey  (cost=0.00..322.98 rows=10254 width=0)
	              Index Cond: ((id >= 6516974) AND (id <= 6526973))

for: sum_ranges
table 1 : explain SELECT SUM(k) FROM sbtest1 WHERE id BETWEEN 7535352 AND 7545351
	Aggregate  (cost=34973.07..34973.08 rows=1 width=8)
	  ->  Bitmap Heap Scan on sbtest1  (cost=319.64..34947.89 rows=10069 width=4)
	        Recheck Cond: ((id >= 7535352) AND (id <= 7545351))
	        ->  Bitmap Index Scan on sbtest1_pkey  (cost=0.00..317.12 rows=10069 width=0)
	              Index Cond: ((id >= 7535352) AND (id <= 7545351))

table 2 : explain SELECT SUM(k) FROM sbtest2 WHERE id BETWEEN 5212429 AND 5222428
	Aggregate  (cost=36635.48..36635.49 rows=1 width=8)
	  ->  Bitmap Heap Scan on sbtest2  (cost=341.80..36608.81 rows=10670 width=4)
	        Recheck Cond: ((id >= 5212429) AND (id <= 5222428))
	        ->  Bitmap Index Scan on sbtest2_pkey  (cost=0.00..339.13 rows=10670 width=0)
	              Index Cond: ((id >= 5212429) AND (id <= 5222428))

table 3 : explain SELECT SUM(k) FROM sbtest3 WHERE id BETWEEN 6711764 AND 6721763
	Aggregate  (cost=38061.59..38061.60 rows=1 width=8)
	  ->  Bitmap Heap Scan on sbtest3  (cost=354.58..38033.75 rows=11136 width=4)
	        Recheck Cond: ((id >= 6711764) AND (id <= 6721763))
	        ->  Bitmap Index Scan on sbtest3_pkey  (cost=0.00..351.80 rows=11136 width=0)
	              Index Cond: ((id >= 6711764) AND (id <= 6721763))

table 4 : explain SELECT SUM(k) FROM sbtest4 WHERE id BETWEEN 9027328 AND 9037327
	Aggregate  (cost=31204.56..31204.57 rows=1 width=8)
	  ->  Bitmap Heap Scan on sbtest4  (cost=288.01..31182.22 rows=8934 width=4)
	        Recheck Cond: ((id >= 9027328) AND (id <= 9037327))
	        ->  Bitmap Index Scan on sbtest4_pkey  (cost=0.00..285.78 rows=8934 width=0)
	              Index Cond: ((id >= 9027328) AND (id <= 9037327))

table 5 : explain SELECT SUM(k) FROM sbtest5 WHERE id BETWEEN 9369415 AND 9379414
	Aggregate  (cost=34322.19..34322.20 rows=1 width=8)
	  ->  Bitmap Heap Scan on sbtest5  (cost=317.93..34297.43 rows=9902 width=4)
	        Recheck Cond: ((id >= 9369415) AND (id <= 9379414))
	        ->  Bitmap Index Scan on sbtest5_pkey  (cost=0.00..315.45 rows=9902 width=0)
	              Index Cond: ((id >= 9369415) AND (id <= 9379414))

table 6 : explain SELECT SUM(k) FROM sbtest6 WHERE id BETWEEN 829783 AND 839782
	Aggregate  (cost=34657.23..34657.24 rows=1 width=8)
	  ->  Bitmap Heap Scan on sbtest6  (cost=319.18..34632.17 rows=10024 width=4)
	        Recheck Cond: ((id >= 829783) AND (id <= 839782))
	        ->  Bitmap Index Scan on sbtest6_pkey  (cost=0.00..316.68 rows=10024 width=0)
	              Index Cond: ((id >= 829783) AND (id <= 839782))

table 7 : explain SELECT SUM(k) FROM sbtest7 WHERE id BETWEEN 3095812 AND 3105811
	Aggregate  (cost=33424.35..33424.36 rows=1 width=8)
	  ->  Bitmap Heap Scan on sbtest7  (cost=307.07..33400.29 rows=9623 width=4)
	        Recheck Cond: ((id >= 3095812) AND (id <= 3105811))
	        ->  Bitmap Index Scan on sbtest7_pkey  (cost=0.00..304.67 rows=9623 width=0)
	              Index Cond: ((id >= 3095812) AND (id <= 3105811))

table 8 : explain SELECT SUM(k) FROM sbtest8 WHERE id BETWEEN 3551544 AND 3561543
	Aggregate  (cost=33260.42..33260.43 rows=1 width=8)
	  ->  Bitmap Heap Scan on sbtest8  (cost=302.49..33236.51 rows=9566 width=4)
	        Recheck Cond: ((id >= 3551544) AND (id <= 3561543))
	        ->  Bitmap Index Scan on sbtest8_pkey  (cost=0.00..300.09 rows=9566 width=0)
	              Index Cond: ((id >= 3551544) AND (id <= 3561543))

for: sum_ranges
table 1 : explain SELECT SUM(k) FROM sbtest1 WHERE id BETWEEN 9915576 AND 9925575
	Aggregate  (cost=36492.50..36492.51 rows=1 width=8)
	  ->  Bitmap Heap Scan on sbtest1  (cost=336.56..36466.12 rows=10549 width=4)
	        Recheck Cond: ((id >= 9915576) AND (id <= 9925575))
	        ->  Bitmap Index Scan on sbtest1_pkey  (cost=0.00..333.93 rows=10549 width=0)
	              Index Cond: ((id >= 9915576) AND (id <= 9925575))

table 2 : explain SELECT SUM(k) FROM sbtest2 WHERE id BETWEEN 6366193 AND 6376192
	Aggregate  (cost=33489.35..33489.36 rows=1 width=8)
	  ->  Bitmap Heap Scan on sbtest2  (cost=311.50..33465.18 rows=9665 width=4)
	        Recheck Cond: ((id >= 6366193) AND (id <= 6376192))
	        ->  Bitmap Index Scan on sbtest2_pkey  (cost=0.00..309.08 rows=9665 width=0)
	              Index Cond: ((id >= 6366193) AND (id <= 6376192))

table 3 : explain SELECT SUM(k) FROM sbtest3 WHERE id BETWEEN 15667 AND 25666
	Aggregate  (cost=33630.92..33630.93 rows=1 width=8)
	  ->  Bitmap Heap Scan on sbtest3  (cost=308.01..33606.63 rows=9715 width=4)
	        Recheck Cond: ((id >= 15667) AND (id <= 25666))
	        ->  Bitmap Index Scan on sbtest3_pkey  (cost=0.00..305.58 rows=9715 width=0)
	              Index Cond: ((id >= 15667) AND (id <= 25666))

table 4 : explain SELECT SUM(k) FROM sbtest4 WHERE id BETWEEN 4925454 AND 4935453
	Aggregate  (cost=36632.75..36632.76 rows=1 width=8)
	  ->  Bitmap Heap Scan on sbtest4  (cost=341.66..36606.11 rows=10656 width=4)
	        Recheck Cond: ((id >= 4925454) AND (id <= 4935453))
	        ->  Bitmap Index Scan on sbtest4_pkey  (cost=0.00..339.00 rows=10656 width=0)
	              Index Cond: ((id >= 4925454) AND (id <= 4935453))

table 5 : explain SELECT SUM(k) FROM sbtest5 WHERE id BETWEEN 2298854 AND 2308853
	Aggregate  (cost=33290.05..33290.06 rows=1 width=8)
	  ->  Bitmap Heap Scan on sbtest5  (cost=306.59..33266.11 rows=9576 width=4)
	        Recheck Cond: ((id >= 2298854) AND (id <= 2308853))
	        ->  Bitmap Index Scan on sbtest5_pkey  (cost=0.00..304.19 rows=9576 width=0)
	              Index Cond: ((id >= 2298854) AND (id <= 2308853))

table 6 : explain SELECT SUM(k) FROM sbtest6 WHERE id BETWEEN 5155051 AND 5165050
	Aggregate  (cost=33907.45..33907.46 rows=1 width=8)
	  ->  Bitmap Heap Scan on sbtest6  (cost=312.73..33882.99 rows=9785 width=4)
	        Recheck Cond: ((id >= 5155051) AND (id <= 5165050))
	        ->  Bitmap Index Scan on sbtest6_pkey  (cost=0.00..310.29 rows=9785 width=0)
	              Index Cond: ((id >= 5155051) AND (id <= 5165050))

table 7 : explain SELECT SUM(k) FROM sbtest7 WHERE id BETWEEN 147406 AND 157405
	Aggregate  (cost=32392.52..32392.53 rows=1 width=8)
	  ->  Bitmap Heap Scan on sbtest7  (cost=295.74..32369.27 rows=9298 width=4)
	        Recheck Cond: ((id >= 147406) AND (id <= 157405))
	        ->  Bitmap Index Scan on sbtest7_pkey  (cost=0.00..293.42 rows=9298 width=0)
	              Index Cond: ((id >= 147406) AND (id <= 157405))

table 8 : explain SELECT SUM(k) FROM sbtest8 WHERE id BETWEEN 9463612 AND 9473611
	Aggregate  (cost=37298.10..37298.11 rows=1 width=8)
	  ->  Bitmap Heap Scan on sbtest8  (cost=343.66..37270.97 rows=10851 width=4)
	        Recheck Cond: ((id >= 9463612) AND (id <= 9473611))
	        ->  Bitmap Index Scan on sbtest8_pkey  (cost=0.00..340.94 rows=10851 width=0)
	              Index Cond: ((id >= 9463612) AND (id <= 9473611))

for: order_ranges
table 1 : explain SELECT c FROM sbtest1 WHERE id BETWEEN 7719903 AND 7729902 ORDER BY c
	Sort  (cost=35438.14..35463.17 rows=10013 width=121)
	  Sort Key: c
	  ->  Bitmap Heap Scan on sbtest1  (cost=319.07..34772.79 rows=10013 width=121)
	        Recheck Cond: ((id >= 7719903) AND (id <= 7729902))
	        ->  Bitmap Index Scan on sbtest1_pkey  (cost=0.00..316.56 rows=10013 width=0)
	              Index Cond: ((id >= 7719903) AND (id <= 7729902))

table 2 : explain SELECT c FROM sbtest2 WHERE id BETWEEN 7195985 AND 7205984 ORDER BY c
	Sort  (cost=36634.99..36661.12 rows=10454 width=121)
	  Sort Key: c
	  ->  Bitmap Heap Scan on sbtest2  (cost=335.59..35937.09 rows=10454 width=121)
	        Recheck Cond: ((id >= 7195985) AND (id <= 7205984))
	        ->  Bitmap Index Scan on sbtest2_pkey  (cost=0.00..332.98 rows=10454 width=0)
	              Index Cond: ((id >= 7195985) AND (id <= 7205984))

table 3 : explain SELECT c FROM sbtest3 WHERE id BETWEEN 4185257 AND 4195256 ORDER BY c
	Sort  (cost=35754.00..35779.45 rows=10183 width=121)
	  Sort Key: c
	  ->  Bitmap Heap Scan on sbtest3  (cost=324.81..35076.12 rows=10183 width=121)
	        Recheck Cond: ((id >= 4185257) AND (id <= 4195256))
	        ->  Bitmap Index Scan on sbtest3_pkey  (cost=0.00..322.26 rows=10183 width=0)
	              Index Cond: ((id >= 4185257) AND (id <= 4195256))

table 4 : explain SELECT c FROM sbtest4 WHERE id BETWEEN 4659873 AND 4669872 ORDER BY c
	Sort  (cost=34586.15..34610.66 rows=9802 width=121)
	  Sort Key: c
	  ->  Bitmap Heap Scan on sbtest4  (cost=316.91..33936.34 rows=9802 width=121)
	        Recheck Cond: ((id >= 4659873) AND (id <= 4669872))
	        ->  Bitmap Index Scan on sbtest4_pkey  (cost=0.00..314.45 rows=9802 width=0)
	              Index Cond: ((id >= 4659873) AND (id <= 4669872))

table 5 : explain SELECT c FROM sbtest5 WHERE id BETWEEN 9280713 AND 9290712 ORDER BY c
	Sort  (cost=36107.31..36132.96 rows=10261 width=121)
	  Sort Key: c
	  ->  Bitmap Heap Scan on sbtest5  (cost=325.61..35423.67 rows=10261 width=121)
	        Recheck Cond: ((id >= 9280713) AND (id <= 9290712))
	        ->  Bitmap Index Scan on sbtest5_pkey  (cost=0.00..323.05 rows=10261 width=0)
	              Index Cond: ((id >= 9280713) AND (id <= 9290712))

table 6 : explain SELECT c FROM sbtest6 WHERE id BETWEEN 7629260 AND 7639259 ORDER BY c
	Sort  (cost=37029.32..37055.73 rows=10564 width=121)
	  Sort Key: c
	  ->  Bitmap Heap Scan on sbtest6  (cost=336.72..36323.28 rows=10564 width=121)
	        Recheck Cond: ((id >= 7629260) AND (id <= 7639259))
	        ->  Bitmap Index Scan on sbtest6_pkey  (cost=0.00..334.07 rows=10564 width=0)
	              Index Cond: ((id >= 7629260) AND (id <= 7639259))

table 7 : explain SELECT c FROM sbtest7 WHERE id BETWEEN 7602062 AND 7612061 ORDER BY c
	Sort  (cost=34944.99..34969.75 rows=9905 width=121)
	  Sort Key: c
	  ->  Bitmap Heap Scan on sbtest7  (cost=313.96..34287.59 rows=9905 width=121)
	        Recheck Cond: ((id >= 7602062) AND (id <= 7612061))
	        ->  Bitmap Index Scan on sbtest7_pkey  (cost=0.00..311.49 rows=9905 width=0)
	              Index Cond: ((id >= 7602062) AND (id <= 7612061))

table 8 : explain SELECT c FROM sbtest8 WHERE id BETWEEN 9275267 AND 9285266 ORDER BY c
	Sort  (cost=33702.93..33726.72 rows=9515 width=121)
	  Sort Key: c
	  ->  Bitmap Heap Scan on sbtest8  (cost=301.96..33074.18 rows=9515 width=121)
	        Recheck Cond: ((id >= 9275267) AND (id <= 9285266))
	        ->  Bitmap Index Scan on sbtest8_pkey  (cost=0.00..299.58 rows=9515 width=0)
	              Index Cond: ((id >= 9275267) AND (id <= 9285266))

for: order_ranges
table 1 : explain SELECT c FROM sbtest1 WHERE id BETWEEN 4886471 AND 4896470 ORDER BY c
	Sort  (cost=32894.68..32917.76 rows=9232 width=121)
	  Sort Key: c
	  ->  Bitmap Heap Scan on sbtest1  (cost=295.06..32286.64 rows=9232 width=121)
	        Recheck Cond: ((id >= 4886471) AND (id <= 4896470))
	        ->  Bitmap Index Scan on sbtest1_pkey  (cost=0.00..292.75 rows=9232 width=0)
	              Index Cond: ((id >= 4886471) AND (id <= 4896470))

table 2 : explain SELECT c FROM sbtest2 WHERE id BETWEEN 2759671 AND 2769670 ORDER BY c
	Sort  (cost=33647.56..33671.37 rows=9523 width=121)
	  Sort Key: c
	  ->  Bitmap Heap Scan on sbtest2  (cost=306.05..33018.22 rows=9523 width=121)
	        Recheck Cond: ((id >= 2759671) AND (id <= 2769670))
	        ->  Bitmap Index Scan on sbtest2_pkey  (cost=0.00..303.67 rows=9523 width=0)
	              Index Cond: ((id >= 2759671) AND (id <= 2769670))

table 3 : explain SELECT c FROM sbtest3 WHERE id BETWEEN 3072698 AND 3082697 ORDER BY c
	Sort  (cost=35065.26..35090.19 rows=9969 width=121)
	  Sort Key: c
	  ->  Bitmap Heap Scan on sbtest3  (cost=314.62..34403.16 rows=9969 width=121)
	        Recheck Cond: ((id >= 3072698) AND (id <= 3082697))
	        ->  Bitmap Index Scan on sbtest3_pkey  (cost=0.00..312.12 rows=9969 width=0)
	              Index Cond: ((id >= 3072698) AND (id <= 3082697))

table 4 : explain SELECT c FROM sbtest4 WHERE id BETWEEN 3490231 AND 3500230 ORDER BY c
	Sort  (cost=34119.05..34143.19 rows=9658 width=121)
	  Sort Key: c
	  ->  Bitmap Heap Scan on sbtest4  (cost=311.43..33479.81 rows=9658 width=121)
	        Recheck Cond: ((id >= 3490231) AND (id <= 3500230))
	        ->  Bitmap Index Scan on sbtest4_pkey  (cost=0.00..309.01 rows=9658 width=0)
	              Index Cond: ((id >= 3490231) AND (id <= 3500230))

table 5 : explain SELECT c FROM sbtest5 WHERE id BETWEEN 7838882 AND 7848881 ORDER BY c
	Sort  (cost=37515.79..37542.54 rows=10700 width=121)
	  Sort Key: c
	  ->  Bitmap Heap Scan on sbtest5  (cost=342.11..36799.68 rows=10700 width=121)
	        Recheck Cond: ((id >= 7838882) AND (id <= 7848881))
	        ->  Bitmap Index Scan on sbtest5_pkey  (cost=0.00..339.44 rows=10700 width=0)
	              Index Cond: ((id >= 7838882) AND (id <= 7848881))

table 6 : explain SELECT c FROM sbtest6 WHERE id BETWEEN 8784832 AND 8794831 ORDER BY c
	Sort  (cost=33104.05..33127.41 rows=9345 width=121)
	  Sort Key: c
	  ->  Bitmap Heap Scan on sbtest6  (cost=296.22..32487.75 rows=9345 width=121)
	        Recheck Cond: ((id >= 8784832) AND (id <= 8794831))
	        ->  Bitmap Index Scan on sbtest6_pkey  (cost=0.00..293.88 rows=9345 width=0)
	              Index Cond: ((id >= 8784832) AND (id <= 8794831))

table 7 : explain SELECT c FROM sbtest7 WHERE id BETWEEN 7622851 AND 7632850 ORDER BY c
	Sort  (cost=34862.31..34887.01 rows=9879 width=121)
	  Sort Key: c
	  ->  Bitmap Heap Scan on sbtest7  (cost=313.69..34206.83 rows=9879 width=121)
	        Recheck Cond: ((id >= 7622851) AND (id <= 7632850))
	        ->  Bitmap Index Scan on sbtest7_pkey  (cost=0.00..311.23 rows=9879 width=0)
	              Index Cond: ((id >= 7622851) AND (id <= 7632850))

table 8 : explain SELECT c FROM sbtest8 WHERE id BETWEEN 8941588 AND 8951587 ORDER BY c
	Sort  (cost=36582.71..36608.73 rows=10407 width=121)
	  Sort Key: c
	  ->  Bitmap Heap Scan on sbtest8  (cost=331.11..35888.29 rows=10407 width=121)
	        Recheck Cond: ((id >= 8941588) AND (id <= 8951587))
	        ->  Bitmap Index Scan on sbtest8_pkey  (cost=0.00..328.50 rows=10407 width=0)
	              Index Cond: ((id >= 8941588) AND (id <= 8951587))

for: distinct_ranges
table 1 : explain SELECT DISTINCT c FROM sbtest1 WHERE id BETWEEN 9925955 AND 9935954 ORDER BY c
	Unique  (cost=37171.05..37223.80 rows=10549 width=121)
	  ->  Sort  (cost=37171.05..37197.42 rows=10549 width=121)
	        Sort Key: c
	        ->  Bitmap Heap Scan on sbtest1  (cost=336.56..36466.12 rows=10549 width=121)
	              Recheck Cond: ((id >= 9925955) AND (id <= 9935954))
	              ->  Bitmap Index Scan on sbtest1_pkey  (cost=0.00..333.93 rows=10549 width=0)
	                    Index Cond: ((id >= 9925955) AND (id <= 9935954))

table 2 : explain SELECT DISTINCT c FROM sbtest2 WHERE id BETWEEN 101691 AND 111690 ORDER BY c
	Unique  (cost=36887.12..36939.79 rows=10534 width=121)
	  ->  Sort  (cost=36887.12..36913.46 rows=10534 width=121)
	        Sort Key: c
	        ->  Bitmap Heap Scan on sbtest2  (cost=336.41..36183.31 rows=10534 width=121)
	              Recheck Cond: ((id >= 101691) AND (id <= 111690))
	              ->  Bitmap Index Scan on sbtest2_pkey  (cost=0.00..333.78 rows=10534 width=0)
	                    Index Cond: ((id >= 101691) AND (id <= 111690))

table 3 : explain SELECT DISTINCT c FROM sbtest3 WHERE id BETWEEN 5636142 AND 5646141 ORDER BY c
	Unique  (cost=35754.00..35804.91 rows=10183 width=121)
	  ->  Sort  (cost=35754.00..35779.45 rows=10183 width=121)
	        Sort Key: c
	        ->  Bitmap Heap Scan on sbtest3  (cost=324.81..35076.12 rows=10183 width=121)
	              Recheck Cond: ((id >= 5636142) AND (id <= 5646141))
	              ->  Bitmap Index Scan on sbtest3_pkey  (cost=0.00..322.26 rows=10183 width=0)
	                    Index Cond: ((id >= 5636142) AND (id <= 5646141))

table 4 : explain SELECT DISTINCT c FROM sbtest4 WHERE id BETWEEN 1838910 AND 1848909 ORDER BY c
	Unique  (cost=33432.05..33479.27 rows=9445 width=121)
	  ->  Sort  (cost=33432.05..33455.66 rows=9445 width=121)
	        Sort Key: c
	        ->  Bitmap Heap Scan on sbtest4  (cost=305.25..32808.43 rows=9445 width=121)
	              Recheck Cond: ((id >= 1838910) AND (id <= 1848909))
	              ->  Bitmap Index Scan on sbtest4_pkey  (cost=0.00..302.88 rows=9445 width=0)
	                    Index Cond: ((id >= 1838910) AND (id <= 1848909))

table 5 : explain SELECT DISTINCT c FROM sbtest5 WHERE id BETWEEN 1057719 AND 1067718 ORDER BY c
	Unique  (cost=37019.71..37072.43 rows=10545 width=121)
	  ->  Sort  (cost=37019.71..37046.07 rows=10545 width=121)
	        Sort Key: c
	        ->  Bitmap Heap Scan on sbtest5  (cost=336.52..36315.08 rows=10545 width=121)
	              Recheck Cond: ((id >= 1057719) AND (id <= 1067718))
	              ->  Bitmap Index Scan on sbtest5_pkey  (cost=0.00..333.88 rows=10545 width=0)
	                    Index Cond: ((id >= 1057719) AND (id <= 1067718))

table 6 : explain SELECT DISTINCT c FROM sbtest6 WHERE id BETWEEN 9377049 AND 9387048 ORDER BY c
	Unique  (cost=34368.85..34417.53 rows=9736 width=121)
	  ->  Sort  (cost=34368.85..34393.19 rows=9736 width=121)
	        Sort Key: c
	        ->  Bitmap Heap Scan on sbtest6  (cost=308.23..33723.88 rows=9736 width=121)
	              Recheck Cond: ((id >= 9377049) AND (id <= 9387048))
	              ->  Bitmap Index Scan on sbtest6_pkey  (cost=0.00..305.80 rows=9736 width=0)
	                    Index Cond: ((id >= 9377049) AND (id <= 9387048))

table 7 : explain SELECT DISTINCT c FROM sbtest7 WHERE id BETWEEN 6850806 AND 6860805 ORDER BY c
	Unique  (cost=32758.96..32805.11 rows=9229 width=121)
	  ->  Sort  (cost=32758.96..32782.03 rows=9229 width=121)
	        Sort Key: c
	        ->  Bitmap Heap Scan on sbtest7  (cost=295.03..32151.14 rows=9229 width=121)
	              Recheck Cond: ((id >= 6850806) AND (id <= 6860805))
	              ->  Bitmap Index Scan on sbtest7_pkey  (cost=0.00..292.73 rows=9229 width=0)
	                    Index Cond: ((id >= 6850806) AND (id <= 6860805))

table 8 : explain SELECT DISTINCT c FROM sbtest8 WHERE id BETWEEN 7232397 AND 7242396 ORDER BY c
	Unique  (cost=35292.33..35342.36 rows=10006 width=121)
	  ->  Sort  (cost=35292.33..35317.35 rows=10006 width=121)
	        Sort Key: c
	        ->  Bitmap Heap Scan on sbtest8  (cost=319.00..34627.50 rows=10006 width=121)
	              Recheck Cond: ((id >= 7232397) AND (id <= 7242396))
	              ->  Bitmap Index Scan on sbtest8_pkey  (cost=0.00..316.50 rows=10006 width=0)
	                    Index Cond: ((id >= 7232397) AND (id <= 7242396))

for point_selects
table 1 : explain SELECT c FROM sbtest1 WHERE id=5675352
	Index Scan using sbtest1_pkey on sbtest1  (cost=0.43..8.45 rows=1 width=121)
	  Index Cond: (id = 5675352)

table 2 : explain SELECT c FROM sbtest2 WHERE id=8249331
	Index Scan using sbtest2_pkey on sbtest2  (cost=0.43..8.45 rows=1 width=121)
	  Index Cond: (id = 8249331)

table 3 : explain SELECT c FROM sbtest3 WHERE id=968244
	Index Scan using sbtest3_pkey on sbtest3  (cost=0.43..8.45 rows=1 width=121)
	  Index Cond: (id = 968244)

table 4 : explain SELECT c FROM sbtest4 WHERE id=6289154
	Index Scan using sbtest4_pkey on sbtest4  (cost=0.43..8.45 rows=1 width=121)
	  Index Cond: (id = 6289154)

table 5 : explain SELECT c FROM sbtest5 WHERE id=340969
	Index Scan using sbtest5_pkey on sbtest5  (cost=0.43..8.45 rows=1 width=121)
	  Index Cond: (id = 340969)

table 6 : explain SELECT c FROM sbtest6 WHERE id=1517718
	Index Scan using sbtest6_pkey on sbtest6  (cost=0.43..8.45 rows=1 width=121)
	  Index Cond: (id = 1517718)

table 7 : explain SELECT c FROM sbtest7 WHERE id=9582697
	Index Scan using sbtest7_pkey on sbtest7  (cost=0.43..8.45 rows=1 width=121)
	  Index Cond: (id = 9582697)

table 8 : explain SELECT c FROM sbtest8 WHERE id=4326425
	Index Scan using sbtest8_pkey on sbtest8  (cost=0.43..8.45 rows=1 width=121)
	  Index Cond: (id = 4326425)

for: order_ranges
table 1 : explain SELECT c FROM sbtest1 WHERE id BETWEEN 741376 AND 751375 ORDER BY c
	Sort  (cost=36217.81..36243.45 rows=10254 width=121)
	  Sort Key: c
	  ->  Bitmap Heap Scan on sbtest1  (cost=325.54..35534.70 rows=10254 width=121)
	        Recheck Cond: ((id >= 741376) AND (id <= 751375))
	        ->  Bitmap Index Scan on sbtest1_pkey  (cost=0.00..322.98 rows=10254 width=0)
	              Index Cond: ((id >= 741376) AND (id <= 751375))

table 2 : explain SELECT c FROM sbtest2 WHERE id BETWEEN 3376763 AND 3386762 ORDER BY c
	Sort  (cost=35754.31..35779.76 rows=10179 width=121)
	  Sort Key: c
	  ->  Bitmap Heap Scan on sbtest2  (cost=324.77..35076.73 rows=10179 width=121)
	        Recheck Cond: ((id >= 3376763) AND (id <= 3386762))
	        ->  Bitmap Index Scan on sbtest2_pkey  (cost=0.00..322.23 rows=10179 width=0)
	              Index Cond: ((id >= 3376763) AND (id <= 3386762))

table 3 : explain SELECT c FROM sbtest3 WHERE id BETWEEN 6191797 AND 6201796 ORDER BY c
	Sort  (cost=34795.10..34819.81 rows=9884 width=121)
	  Sort Key: c
	  ->  Bitmap Heap Scan on sbtest3  (cost=313.75..34139.25 rows=9884 width=121)
	        Recheck Cond: ((id >= 6191797) AND (id <= 6201796))
	        ->  Bitmap Index Scan on sbtest3_pkey  (cost=0.00..311.28 rows=9884 width=0)
	              Index Cond: ((id >= 6191797) AND (id <= 6201796))

table 4 : explain SELECT c FROM sbtest4 WHERE id BETWEEN 5203839 AND 5213838 ORDER BY c
	Sort  (cost=40032.67..40061.45 rows=11513 width=121)
	  Sort Key: c
	  ->  Bitmap Heap Scan on sbtest4  (cost=370.44..39256.06 rows=11513 width=121)
	        Recheck Cond: ((id >= 5203839) AND (id <= 5213838))
	        ->  Bitmap Index Scan on sbtest4_pkey  (cost=0.00..367.56 rows=11513 width=0)
	              Index Cond: ((id >= 5203839) AND (id <= 5213838))

table 5 : explain SELECT c FROM sbtest5 WHERE id BETWEEN 8542639 AND 8552638 ORDER BY c
	Sort  (cost=34672.57..34697.11 rows=9815 width=121)
	  Sort Key: c
	  ->  Bitmap Heap Scan on sbtest5  (cost=313.04..34021.80 rows=9815 width=121)
	        Recheck Cond: ((id >= 8542639) AND (id <= 8552638))
	        ->  Bitmap Index Scan on sbtest5_pkey  (cost=0.00..310.58 rows=9815 width=0)
	              Index Cond: ((id >= 8542639) AND (id <= 8552638))

table 6 : explain SELECT c FROM sbtest6 WHERE id BETWEEN 3324601 AND 3334600 ORDER BY c
	Sort  (cost=33140.58..33163.97 rows=9356 width=121)
	  Sort Key: c
	  ->  Bitmap Heap Scan on sbtest6  (cost=296.33..32523.47 rows=9356 width=121)
	        Recheck Cond: ((id >= 3324601) AND (id <= 3334600))
	        ->  Bitmap Index Scan on sbtest6_pkey  (cost=0.00..294.00 rows=9356 width=0)
	              Index Cond: ((id >= 3324601) AND (id <= 3334600))

table 7 : explain SELECT c FROM sbtest7 WHERE id BETWEEN 6647332 AND 6657331 ORDER BY c
	Sort  (cost=33571.57..33595.27 rows=9480 width=121)
	  Sort Key: c
	  ->  Bitmap Heap Scan on sbtest7  (cost=301.61..32945.39 rows=9480 width=121)
	        Recheck Cond: ((id >= 6647332) AND (id <= 6657331))
	        ->  Bitmap Index Scan on sbtest7_pkey  (cost=0.00..299.24 rows=9480 width=0)
	              Index Cond: ((id >= 6647332) AND (id <= 6657331))

table 8 : explain SELECT c FROM sbtest8 WHERE id BETWEEN 2947394 AND 2957393 ORDER BY c
	Sort  (cost=33971.94..33995.94 rows=9598 width=121)
	  Sort Key: c
	  ->  Bitmap Heap Scan on sbtest8  (cost=302.81..33337.11 rows=9598 width=121)
	        Recheck Cond: ((id >= 2947394) AND (id <= 2957393))
	        ->  Bitmap Index Scan on sbtest8_pkey  (cost=0.00..300.42 rows=9598 width=0)
	              Index Cond: ((id >= 2947394) AND (id <= 2957393))

for: order_ranges
table 1 : explain SELECT c FROM sbtest1 WHERE id BETWEEN 9636576 AND 9646575 ORDER BY c
	Sort  (cost=37629.39..37656.12 rows=10693 width=121)
	  Sort Key: c
	  ->  Bitmap Heap Scan on sbtest1  (cost=338.04..36913.79 rows=10693 width=121)
	        Recheck Cond: ((id >= 9636576) AND (id <= 9646575))
	        ->  Bitmap Index Scan on sbtest1_pkey  (cost=0.00..335.37 rows=10693 width=0)
	              Index Cond: ((id >= 9636576) AND (id <= 9646575))

table 2 : explain SELECT c FROM sbtest2 WHERE id BETWEEN 5474632 AND 5484631 ORDER BY c
	Sort  (cost=35777.29..35802.75 rows=10186 width=121)
	  Sort Key: c
	  ->  Bitmap Heap Scan on sbtest2  (cost=324.84..35099.19 rows=10186 width=121)
	        Recheck Cond: ((id >= 5474632) AND (id <= 5484631))
	        ->  Bitmap Index Scan on sbtest2_pkey  (cost=0.00..322.30 rows=10186 width=0)
	              Index Cond: ((id >= 5474632) AND (id <= 5484631))

table 3 : explain SELECT c FROM sbtest3 WHERE id BETWEEN 5283068 AND 5293067 ORDER BY c
	Sort  (cost=33090.27..33113.66 rows=9356 width=121)
	  Sort Key: c
	  ->  Bitmap Heap Scan on sbtest3  (cost=296.33..32473.17 rows=9356 width=121)
	        Recheck Cond: ((id >= 5283068) AND (id <= 5293067))
	        ->  Bitmap Index Scan on sbtest3_pkey  (cost=0.00..294.00 rows=9356 width=0)
	              Index Cond: ((id >= 5283068) AND (id <= 5293067))

table 4 : explain SELECT c FROM sbtest4 WHERE id BETWEEN 4056444 AND 4066443 ORDER BY c
	Sort  (cost=33863.23..33887.17 rows=9579 width=121)
	  Sort Key: c
	  ->  Bitmap Heap Scan on sbtest4  (cost=306.62..33229.78 rows=9579 width=121)
	        Recheck Cond: ((id >= 4056444) AND (id <= 4066443))
	        ->  Bitmap Index Scan on sbtest4_pkey  (cost=0.00..304.23 rows=9579 width=0)
	              Index Cond: ((id >= 4056444) AND (id <= 4066443))

table 5 : explain SELECT c FROM sbtest5 WHERE id BETWEEN 8081194 AND 8091193 ORDER BY c
	Sort  (cost=33859.43..33883.33 rows=9563 width=121)
	  Sort Key: c
	  ->  Bitmap Heap Scan on sbtest5  (cost=306.46..33227.16 rows=9563 width=121)
	        Recheck Cond: ((id >= 8081194) AND (id <= 8091193))
	        ->  Bitmap Index Scan on sbtest5_pkey  (cost=0.00..304.06 rows=9563 width=0)
	              Index Cond: ((id >= 8081194) AND (id <= 8091193))

table 6 : explain SELECT c FROM sbtest6 WHERE id BETWEEN 7093104 AND 7103103 ORDER BY c
	Sort  (cost=36208.26..36234.03 rows=10307 width=121)
	  Sort Key: c
	  ->  Bitmap Heap Scan on sbtest6  (cost=330.08..35521.23 rows=10307 width=121)
	        Recheck Cond: ((id >= 7093104) AND (id <= 7103103))
	        ->  Bitmap Index Scan on sbtest6_pkey  (cost=0.00..327.50 rows=10307 width=0)
	              Index Cond: ((id >= 7093104) AND (id <= 7103103))

table 7 : explain SELECT c FROM sbtest7 WHERE id BETWEEN 2561073 AND 2571072 ORDER BY c
	Sort  (cost=35252.86..35277.86 rows=9999 width=121)
	  Sort Key: c
	  ->  Bitmap Heap Scan on sbtest7  (cost=318.92..34588.55 rows=9999 width=121)
	        Recheck Cond: ((id >= 2561073) AND (id <= 2571072))
	        ->  Bitmap Index Scan on sbtest7_pkey  (cost=0.00..316.43 rows=9999 width=0)
	              Index Cond: ((id >= 2561073) AND (id <= 2571072))

table 8 : explain SELECT c FROM sbtest8 WHERE id BETWEEN 5971486 AND 5981485 ORDER BY c
	Sort  (cost=31357.20..31379.19 rows=8796 width=121)
	  Sort Key: c
	  ->  Bitmap Heap Scan on sbtest8  (cost=278.59..30780.94 rows=8796 width=121)
	        Recheck Cond: ((id >= 5971486) AND (id <= 5981485))
	        ->  Bitmap Index Scan on sbtest8_pkey  (cost=0.00..276.40 rows=8796 width=0)
	              Index Cond: ((id >= 5971486) AND (id <= 5981485))

explain: for point_selects :: explain SELECT c FROM sbtest%u WHERE id=%u
for: distinct_ranges
table 1 : explain SELECT DISTINCT c FROM sbtest1 WHERE id BETWEEN 165515 AND 175514 ORDER BY c
	Unique  (cost=37098.52..37151.16 rows=10527 width=121)
	  ->  Sort  (cost=37098.52..37124.84 rows=10527 width=121)
	        Sort Key: c
	        ->  Bitmap Heap Scan on sbtest1  (cost=336.34..36395.22 rows=10527 width=121)
	              Recheck Cond: ((id >= 165515) AND (id <= 175514))
	              ->  Bitmap Index Scan on sbtest1_pkey  (cost=0.00..333.70 rows=10527 width=0)
	                    Index Cond: ((id >= 165515) AND (id <= 175514))

table 2 : explain SELECT DISTINCT c FROM sbtest2 WHERE id BETWEEN 383636 AND 393635 ORDER BY c
	Unique  (cost=35264.25..35314.37 rows=10025 width=121)
	  ->  Sort  (cost=35264.25..35289.31 rows=10025 width=121)
	        Sort Key: c
	        ->  Bitmap Heap Scan on sbtest2  (cost=323.19..34598.02 rows=10025 width=121)
	              Recheck Cond: ((id >= 383636) AND (id <= 393635))
	              ->  Bitmap Index Scan on sbtest2_pkey  (cost=0.00..320.69 rows=10025 width=0)
	                    Index Cond: ((id >= 383636) AND (id <= 393635))

table 3 : explain SELECT DISTINCT c FROM sbtest3 WHERE id BETWEEN 7973041 AND 7983040 ORDER BY c
	Unique  (cost=36019.83..36071.16 rows=10266 width=121)
	  ->  Sort  (cost=36019.83..36045.49 rows=10266 width=121)
	        Sort Key: c
	        ->  Bitmap Heap Scan on sbtest3  (cost=325.66..35335.82 rows=10266 width=121)
	              Recheck Cond: ((id >= 7973041) AND (id <= 7983040))
	              ->  Bitmap Index Scan on sbtest3_pkey  (cost=0.00..323.09 rows=10266 width=0)
	                    Index Cond: ((id >= 7973041) AND (id <= 7983040))

table 4 : explain SELECT DISTINCT c FROM sbtest4 WHERE id BETWEEN 7622431 AND 7632430 ORDER BY c
	Unique  (cost=36518.44..36570.46 rows=10404 width=121)
	  ->  Sort  (cost=36518.44..36544.45 rows=10404 width=121)
	        Sort Key: c
	        ->  Bitmap Heap Scan on sbtest4  (cost=335.08..35824.24 rows=10404 width=121)
	              Recheck Cond: ((id >= 7622431) AND (id <= 7632430))
	              ->  Bitmap Index Scan on sbtest4_pkey  (cost=0.00..332.48 rows=10404 width=0)
	                    Index Cond: ((id >= 7622431) AND (id <= 7632430))

table 5 : explain SELECT DISTINCT c FROM sbtest5 WHERE id BETWEEN 3598909 AND 3608908 ORDER BY c
	Unique  (cost=36131.05..36182.39 rows=10267 width=121)
	  ->  Sort  (cost=36131.05..36156.72 rows=10267 width=121)
	        Sort Key: c
	        ->  Bitmap Heap Scan on sbtest5  (cost=329.67..35446.98 rows=10267 width=121)
	              Recheck Cond: ((id >= 3598909) AND (id <= 3608908))
	              ->  Bitmap Index Scan on sbtest5_pkey  (cost=0.00..327.11 rows=10267 width=0)
	                    Index Cond: ((id >= 3598909) AND (id <= 3608908))

table 6 : explain SELECT DISTINCT c FROM sbtest6 WHERE id BETWEEN 9093957 AND 9103956 ORDER BY c
	Unique  (cost=35694.42..35745.15 rows=10147 width=121)
	  ->  Sort  (cost=35694.42..35719.78 rows=10147 width=121)
	        Sort Key: c
	        ->  Bitmap Heap Scan on sbtest6  (cost=324.44..35019.20 rows=10147 width=121)
	              Recheck Cond: ((id >= 9093957) AND (id <= 9103956))
	              ->  Bitmap Index Scan on sbtest6_pkey  (cost=0.00..321.91 rows=10147 width=0)
	                    Index Cond: ((id >= 9093957) AND (id <= 9103956))

table 7 : explain SELECT DISTINCT c FROM sbtest7 WHERE id BETWEEN 8910624 AND 8920623 ORDER BY c
	Unique  (cost=35546.61..35597.07 rows=10091 width=121)
	  ->  Sort  (cost=35546.61..35571.84 rows=10091 width=121)
	        Sort Key: c
	        ->  Bitmap Heap Scan on sbtest7  (cost=319.87..34875.52 rows=10091 width=121)
	              Recheck Cond: ((id >= 8910624) AND (id <= 8920623))
	              ->  Bitmap Index Scan on sbtest7_pkey  (cost=0.00..317.34 rows=10091 width=0)
	                    Index Cond: ((id >= 8910624) AND (id <= 8920623))

table 8 : explain SELECT DISTINCT c FROM sbtest8 WHERE id BETWEEN 5582408 AND 5592407 ORDER BY c
	Unique  (cost=35374.95..35425.11 rows=10032 width=121)
	  ->  Sort  (cost=35374.95..35400.03 rows=10032 width=121)
	        Sort Key: c
	        ->  Bitmap Heap Scan on sbtest8  (cost=319.26..34708.21 rows=10032 width=121)
	              Recheck Cond: ((id >= 5582408) AND (id <= 5592407))
	              ->  Bitmap Index Scan on sbtest8_pkey  (cost=0.00..316.75 rows=10032 width=0)
	                    Index Cond: ((id >= 5582408) AND (id <= 5592407))

for: distinct_ranges
table 1 : explain SELECT DISTINCT c FROM sbtest1 WHERE id BETWEEN 3581807 AND 3591806 ORDER BY c
	Unique  (cost=34362.55..34410.96 rows=9682 width=121)
	  ->  Sort  (cost=34362.55..34386.76 rows=9682 width=121)
	        Sort Key: c
	        ->  Bitmap Heap Scan on sbtest1  (cost=307.68..33721.55 rows=9682 width=121)
	              Recheck Cond: ((id >= 3581807) AND (id <= 3591806))
	              ->  Bitmap Index Scan on sbtest1_pkey  (cost=0.00..305.25 rows=9682 width=0)
	                    Index Cond: ((id >= 3581807) AND (id <= 3591806))

table 2 : explain SELECT DISTINCT c FROM sbtest2 WHERE id BETWEEN 7079820 AND 7089819 ORDER BY c
	Unique  (cost=35576.79..35627.40 rows=10123 width=121)
	  ->  Sort  (cost=35576.79..35602.09 rows=10123 width=121)
	        Sort Key: c
	        ->  Bitmap Heap Scan on sbtest2  (cost=324.20..34903.34 rows=10123 width=121)
	              Recheck Cond: ((id >= 7079820) AND (id <= 7089819))
	              ->  Bitmap Index Scan on sbtest2_pkey  (cost=0.00..321.67 rows=10123 width=0)
	                    Index Cond: ((id >= 7079820) AND (id <= 7089819))

table 3 : explain SELECT DISTINCT c FROM sbtest3 WHERE id BETWEEN 1192946 AND 1202945 ORDER BY c
	Unique  (cost=37245.71..37298.97 rows=10651 width=121)
	  ->  Sort  (cost=37245.71..37272.34 rows=10651 width=121)
	        Sort Key: c
	        ->  Bitmap Heap Scan on sbtest3  (cost=337.61..36533.23 rows=10651 width=121)
	              Recheck Cond: ((id >= 1192946) AND (id <= 1202945))
	              ->  Bitmap Index Scan on sbtest3_pkey  (cost=0.00..334.94 rows=10651 width=0)
	                    Index Cond: ((id >= 1192946) AND (id <= 1202945))

table 4 : explain SELECT DISTINCT c FROM sbtest4 WHERE id BETWEEN 3023773 AND 3033772 ORDER BY c
	Unique  (cost=34112.33..34160.61 rows=9655 width=121)
	  ->  Sort  (cost=34112.33..34136.47 rows=9655 width=121)
	        Sort Key: c
	        ->  Bitmap Heap Scan on sbtest4  (cost=311.40..33473.31 rows=9655 width=121)
	              Recheck Cond: ((id >= 3023773) AND (id <= 3033772))
	              ->  Bitmap Index Scan on sbtest4_pkey  (cost=0.00..308.99 rows=9655 width=0)
	                    Index Cond: ((id >= 3023773) AND (id <= 3033772))

table 5 : explain SELECT DISTINCT c FROM sbtest5 WHERE id BETWEEN 4416168 AND 4426167 ORDER BY c
	Unique  (cost=34178.05..34226.36 rows=9662 width=121)
	  ->  Sort  (cost=34178.05..34202.21 rows=9662 width=121)
	        Sort Key: c
	        ->  Bitmap Heap Scan on sbtest5  (cost=307.47..33538.52 rows=9662 width=121)
	              Recheck Cond: ((id >= 4416168) AND (id <= 4426167))
	              ->  Bitmap Index Scan on sbtest5_pkey  (cost=0.00..305.06 rows=9662 width=0)
	                    Index Cond: ((id >= 4416168) AND (id <= 4426167))

table 6 : explain SELECT DISTINCT c FROM sbtest6 WHERE id BETWEEN 9160160 AND 9170159 ORDER BY c
	Unique  (cost=36813.00..36865.48 rows=10496 width=121)
	  ->  Sort  (cost=36813.00..36839.24 rows=10496 width=121)
	        Sort Key: c
	        ->  Bitmap Heap Scan on sbtest6  (cost=336.02..36112.00 rows=10496 width=121)
	              Recheck Cond: ((id >= 9160160) AND (id <= 9170159))
	              ->  Bitmap Index Scan on sbtest6_pkey  (cost=0.00..333.40 rows=10496 width=0)
	                    Index Cond: ((id >= 9160160) AND (id <= 9170159))

table 7 : explain SELECT DISTINCT c FROM sbtest7 WHERE id BETWEEN 1344534 AND 1354533 ORDER BY c
	Unique  (cost=35110.87..35160.64 rows=9955 width=121)
	  ->  Sort  (cost=35110.87..35135.76 rows=9955 width=121)
	        Sort Key: c
	        ->  Bitmap Heap Scan on sbtest7  (cost=318.47..34449.80 rows=9955 width=121)
	              Recheck Cond: ((id >= 1344534) AND (id <= 1354533))
	              ->  Bitmap Index Scan on sbtest7_pkey  (cost=0.00..315.99 rows=9955 width=0)
	                    Index Cond: ((id >= 1344534) AND (id <= 1354533))

table 8 : explain SELECT DISTINCT c FROM sbtest8 WHERE id BETWEEN 1869579 AND 1879578 ORDER BY c
	Unique  (cost=34493.41..34542.20 rows=9759 width=121)
	  ->  Sort  (cost=34493.41..34517.81 rows=9759 width=121)
	        Sort Key: c
	        ->  Bitmap Heap Scan on sbtest8  (cost=308.46..33846.75 rows=9759 width=121)
	              Recheck Cond: ((id >= 1869579) AND (id <= 1879578))
	              ->  Bitmap Index Scan on sbtest8_pkey  (cost=0.00..306.03 rows=9759 width=0)
	                    Index Cond: ((id >= 1869579) AND (id <= 1879578))

explain: for point_selects :: explain SELECT c FROM sbtest%u WHERE id=%u
for: simple_ranges
table 1 : explain SELECT c FROM sbtest1 WHERE id BETWEEN 2974509 AND 2984508
	Bitmap Heap Scan on sbtest1  (cost=301.12..32928.33 rows=9433 width=121)
	  Recheck Cond: ((id >= 2974509) AND (id <= 2984508))
	  ->  Bitmap Index Scan on sbtest1_pkey  (cost=0.00..298.76 rows=9433 width=0)
	        Index Cond: ((id >= 2974509) AND (id <= 2984508))

table 2 : explain SELECT c FROM sbtest2 WHERE id BETWEEN 6397350 AND 6407349
	Bitmap Heap Scan on sbtest2  (cost=312.93..33900.88 rows=9804 width=121)
	  Recheck Cond: ((id >= 6397350) AND (id <= 6407349))
	  ->  Bitmap Index Scan on sbtest2_pkey  (cost=0.00..310.48 rows=9804 width=0)
	        Index Cond: ((id >= 6397350) AND (id <= 6407349))

table 3 : explain SELECT c FROM sbtest3 WHERE id BETWEEN 3864659 AND 3874658
	Bitmap Heap Scan on sbtest3  (cost=325.21..35197.99 rows=10222 width=121)
	  Recheck Cond: ((id >= 3864659) AND (id <= 3874658))
	  ->  Bitmap Index Scan on sbtest3_pkey  (cost=0.00..322.66 rows=10222 width=0)
	        Index Cond: ((id >= 3864659) AND (id <= 3874658))

table 4 : explain SELECT c FROM sbtest4 WHERE id BETWEEN 498312 AND 508311
	Bitmap Heap Scan on sbtest4  (cost=305.80..32977.06 rows=9499 width=121)
	  Recheck Cond: ((id >= 498312) AND (id <= 508311))
	  ->  Bitmap Index Scan on sbtest4_pkey  (cost=0.00..303.43 rows=9499 width=0)
	        Index Cond: ((id >= 498312) AND (id <= 508311))

table 5 : explain SELECT c FROM sbtest5 WHERE id BETWEEN 2187647 AND 2197646
	Bitmap Heap Scan on sbtest5  (cost=325.44..35372.17 rows=10244 width=121)
	  Recheck Cond: ((id >= 2187647) AND (id <= 2197646))
	  ->  Bitmap Index Scan on sbtest5_pkey  (cost=0.00..322.88 rows=10244 width=0)
	        Index Cond: ((id >= 2187647) AND (id <= 2197646))

table 6 : explain SELECT c FROM sbtest6 WHERE id BETWEEN 3722867 AND 3732866
	Bitmap Heap Scan on sbtest6  (cost=324.38..34999.90 rows=10141 width=121)
	  Recheck Cond: ((id >= 3722867) AND (id <= 3732866))
	  ->  Bitmap Index Scan on sbtest6_pkey  (cost=0.00..321.84 rows=10141 width=0)
	        Index Cond: ((id >= 3722867) AND (id <= 3732866))

table 7 : explain SELECT c FROM sbtest7 WHERE id BETWEEN 5456739 AND 5466738
	Bitmap Heap Scan on sbtest7  (cost=307.23..33452.13 rows=9639 width=121)
	  Recheck Cond: ((id >= 5456739) AND (id <= 5466738))
	  ->  Bitmap Index Scan on sbtest7_pkey  (cost=0.00..304.82 rows=9639 width=0)
	        Index Cond: ((id >= 5456739) AND (id <= 5466738))

table 8 : explain SELECT c FROM sbtest8 WHERE id BETWEEN 3086038 AND 3096037
	Bitmap Heap Scan on sbtest8  (cost=314.15..34365.09 rows=9923 width=121)
	  Recheck Cond: ((id >= 3086038) AND (id <= 3096037))
	  ->  Bitmap Index Scan on sbtest8_pkey  (cost=0.00..311.67 rows=9923 width=0)
	        Index Cond: ((id >= 3086038) AND (id <= 3096037))
for: distinct_ranges
table 1 : explain SELECT DISTINCT c FROM sbtest1 WHERE id BETWEEN 7665547 AND 7675546 ORDER BY c
	Unique  (cost=34995.63..35045.01 rows=9877 width=121)
	  ->  Sort  (cost=34995.63..35020.32 rows=9877 width=121)
	        Sort Key: c
	        ->  Bitmap Heap Scan on sbtest1  (cost=313.67..34340.30 rows=9877 width=121)
	              Recheck Cond: ((id >= 7665547) AND (id <= 7675546))
	              ->  Bitmap Index Scan on sbtest1_pkey  (cost=0.00..311.20 rows=9877 width=0)
	                    Index Cond: ((id >= 7665547) AND (id <= 7675546))

table 2 : explain SELECT DISTINCT c FROM sbtest2 WHERE id BETWEEN 5794568 AND 5804567 ORDER BY c
	Unique  (cost=36815.09..36867.65 rows=10511 width=121)
	  ->  Sort  (cost=36815.09..36841.37 rows=10511 width=121)
	        Sort Key: c
	        ->  Bitmap Heap Scan on sbtest2  (cost=336.17..36112.98 rows=10511 width=121)
	              Recheck Cond: ((id >= 5794568) AND (id <= 5804567))
	              ->  Bitmap Index Scan on sbtest2_pkey  (cost=0.00..333.55 rows=10511 width=0)
	                    Index Cond: ((id >= 5794568) AND (id <= 5804567))

table 3 : explain SELECT DISTINCT c FROM sbtest3 WHERE id BETWEEN 9092401 AND 9102400 ORDER BY c
	Unique  (cost=32541.75..32587.68 rows=9187 width=121)
	  ->  Sort  (cost=32541.75..32564.72 rows=9187 width=121)
	        Sort Key: c
	        ->  Bitmap Heap Scan on sbtest3  (cost=290.60..31937.00 rows=9187 width=121)
	              Recheck Cond: ((id >= 9092401) AND (id <= 9102400))
	              ->  Bitmap Index Scan on sbtest3_pkey  (cost=0.00..288.31 rows=9187 width=0)
	                    Index Cond: ((id >= 9092401) AND (id <= 9102400))

table 4 : explain SELECT DISTINCT c FROM sbtest4 WHERE id BETWEEN 468546 AND 478545 ORDER BY c
	Unique  (cost=33604.64..33652.14 rows=9499 width=121)
	  ->  Sort  (cost=33604.64..33628.39 rows=9499 width=121)
	        Sort Key: c
	        ->  Bitmap Heap Scan on sbtest4  (cost=305.80..32977.06 rows=9499 width=121)
	              Recheck Cond: ((id >= 468546) AND (id <= 478545))
	              ->  Bitmap Index Scan on sbtest4_pkey  (cost=0.00..303.43 rows=9499 width=0)
	                    Index Cond: ((id >= 468546) AND (id <= 478545))

table 5 : explain SELECT DISTINCT c FROM sbtest5 WHERE id BETWEEN 5939925 AND 5949924 ORDER BY c
	Unique  (cost=36322.04..36373.68 rows=10327 width=121)
	  ->  Sort  (cost=36322.04..36347.86 rows=10327 width=121)
	        Sort Key: c
	        ->  Bitmap Heap Scan on sbtest5  (cost=330.29..35633.53 rows=10327 width=121)
	              Recheck Cond: ((id >= 5939925) AND (id <= 5949924))
	              ->  Bitmap Index Scan on sbtest5_pkey  (cost=0.00..327.70 rows=10327 width=0)
	                    Index Cond: ((id >= 5939925) AND (id <= 5949924))

table 6 : explain SELECT DISTINCT c FROM sbtest6 WHERE id BETWEEN 8474954 AND 8484953 ORDER BY c
	Unique  (cost=36954.02..37006.73 rows=10541 width=121)
	  ->  Sort  (cost=36954.02..36980.38 rows=10541 width=121)
	        Sort Key: c
	        ->  Bitmap Heap Scan on sbtest6  (cost=336.48..36249.69 rows=10541 width=121)
	              Recheck Cond: ((id >= 8474954) AND (id <= 8484953))
	              ->  Bitmap Index Scan on sbtest6_pkey  (cost=0.00..333.84 rows=10541 width=0)
	                    Index Cond: ((id >= 8474954) AND (id <= 8484953))

table 7 : explain SELECT DISTINCT c FROM sbtest7 WHERE id BETWEEN 3292670 AND 3302669 ORDER BY c
	Unique  (cost=36378.14..36429.89 rows=10350 width=121)
	  ->  Sort  (cost=36378.14..36404.01 rows=10350 width=121)
	        Sort Key: c
	        ->  Bitmap Heap Scan on sbtest7  (cost=330.52..35687.93 rows=10350 width=121)
	              Recheck Cond: ((id >= 3292670) AND (id <= 3302669))
	              ->  Bitmap Index Scan on sbtest7_pkey  (cost=0.00..327.94 rows=10350 width=0)
	                    Index Cond: ((id >= 3292670) AND (id <= 3302669))

table 8 : explain SELECT DISTINCT c FROM sbtest8 WHERE id BETWEEN 561100 AND 571099 ORDER BY c
	Unique  (cost=37562.00..37615.58 rows=10715 width=121)
	  ->  Sort  (cost=37562.00..37588.79 rows=10715 width=121)
	        Sort Key: c
	        ->  Bitmap Heap Scan on sbtest8  (cost=338.26..36844.78 rows=10715 width=121)
	              Recheck Cond: ((id >= 561100) AND (id <= 571099))
	              ->  Bitmap Index Scan on sbtest8_pkey  (cost=0.00..335.58 rows=10715 width=0)
	                    Index Cond: ((id >= 561100) AND (id <= 571099))


for: order_ranges
table 1 : explain SELECT c FROM sbtest1 WHERE id BETWEEN 6408692 AND 6418691 ORDER BY c
	Sort  (cost=38820.98..38848.65 rows=11065 width=121)
	  Sort Key: c
	  ->  Bitmap Heap Scan on sbtest1  (cost=349.85..38077.76 rows=11065 width=121)
	        Recheck Cond: ((id >= 6408692) AND (id <= 6418691))
	        ->  Bitmap Index Scan on sbtest1_pkey  (cost=0.00..347.08 rows=11065 width=0)
	              Index Cond: ((id >= 6408692) AND (id <= 6418691))

table 2 : explain SELECT c FROM sbtest2 WHERE id BETWEEN 4885349 AND 4895348 ORDER BY c
	Sort  (cost=37048.09..37074.55 rows=10583 width=121)
	  Sort Key: c
	  ->  Bitmap Heap Scan on sbtest2  (cost=340.91..36340.65 rows=10583 width=121)
	        Recheck Cond: ((id >= 4885349) AND (id <= 4895348))
	        ->  Bitmap Index Scan on sbtest2_pkey  (cost=0.00..338.26 rows=10583 width=0)
	              Index Cond: ((id >= 4885349) AND (id <= 4895348))

table 3 : explain SELECT c FROM sbtest3 WHERE id BETWEEN 8323788 AND 8333787 ORDER BY c
	Sort  (cost=35996.88..36022.53 rows=10259 width=121)
	  Sort Key: c
	  ->  Bitmap Heap Scan on sbtest3  (cost=325.59..35313.40 rows=10259 width=121)
	        Recheck Cond: ((id >= 8323788) AND (id <= 8333787))
	        ->  Bitmap Index Scan on sbtest3_pkey  (cost=0.00..323.03 rows=10259 width=0)
	              Index Cond: ((id >= 8323788) AND (id <= 8333787))

table 4 : explain SELECT c FROM sbtest4 WHERE id BETWEEN 6087308 AND 6097307 ORDER BY c
	Sort  (cost=33813.56..33837.47 rows=9564 width=121)
	  Sort Key: c
	  ->  Bitmap Heap Scan on sbtest4  (cost=306.47..33181.21 rows=9564 width=121)
	        Recheck Cond: ((id >= 6087308) AND (id <= 6097307))
	        ->  Bitmap Index Scan on sbtest4_pkey  (cost=0.00..304.07 rows=9564 width=0)
	              Index Cond: ((id >= 6087308) AND (id <= 6097307))

table 5 : explain SELECT c FROM sbtest5 WHERE id BETWEEN 1176099 AND 1186098 ORDER BY c
	Sort  (cost=36123.76..36149.43 rows=10266 width=121)
	  Sort Key: c
	  ->  Bitmap Heap Scan on sbtest5  (cost=325.66..35439.76 rows=10266 width=121)
	        Recheck Cond: ((id >= 1176099) AND (id <= 1186098))
	        ->  Bitmap Index Scan on sbtest5_pkey  (cost=0.00..323.09 rows=10266 width=0)
	              Index Cond: ((id >= 1176099) AND (id <= 1186098))

table 6 : explain SELECT c FROM sbtest6 WHERE id BETWEEN 5156717 AND 5166716 ORDER BY c
	Sort  (cost=34531.55..34556.02 rows=9785 width=121)
	  Sort Key: c
	  ->  Bitmap Heap Scan on sbtest6  (cost=312.73..33882.99 rows=9785 width=121)
	        Recheck Cond: ((id >= 5156717) AND (id <= 5166716))
	        ->  Bitmap Index Scan on sbtest6_pkey  (cost=0.00..310.29 rows=9785 width=0)
	              Index Cond: ((id >= 5156717) AND (id <= 5166716))

table 7 : explain SELECT c FROM sbtest7 WHERE id BETWEEN 7433628 AND 7443627 ORDER BY c
	Sort  (cost=37708.36..37735.27 rows=10766 width=121)
	  Sort Key: c
	  ->  Bitmap Heap Scan on sbtest7  (cost=342.79..36987.35 rows=10766 width=121)
	        Recheck Cond: ((id >= 7433628) AND (id <= 7443627))
	        ->  Bitmap Index Scan on sbtest7_pkey  (cost=0.00..340.09 rows=10766 width=0)
	              Index Cond: ((id >= 7433628) AND (id <= 7443627))

table 8 : explain SELECT c FROM sbtest8 WHERE id BETWEEN 634315 AND 644314 ORDER BY c
	Sort  (cost=33985.21..34009.22 rows=9602 width=121)
	  Sort Key: c
	  ->  Bitmap Heap Scan on sbtest8  (cost=302.86..33350.08 rows=9602 width=121)
	        Recheck Cond: ((id >= 634315) AND (id <= 644314))
	        ->  Bitmap Index Scan on sbtest8_pkey  (cost=0.00..300.45 rows=9602 width=0)
	              Index Cond: ((id >= 634315) AND (id <= 644314))

for: distinct_ranges
table 1 : explain SELECT DISTINCT c FROM sbtest1 WHERE id BETWEEN 5551 AND 15550 ORDER BY c
	Unique  (cost=34112.57..34160.59 rows=9605 width=121)
	  ->  Sort  (cost=34112.57..34136.58 rows=9605 width=121)
	        Sort Key: c
	        ->  Bitmap Heap Scan on sbtest1  (cost=306.89..33477.22 rows=9605 width=121)
	              Recheck Cond: ((id >= 5551) AND (id <= 15550))
	              ->  Bitmap Index Scan on sbtest1_pkey  (cost=0.00..304.49 rows=9605 width=0)
	                    Index Cond: ((id >= 5551) AND (id <= 15550))

table 2 : explain SELECT DISTINCT c FROM sbtest2 WHERE id BETWEEN 2333705 AND 2343704 ORDER BY c
	Unique  (cost=31864.61..31909.48 rows=8974 width=121)
	  ->  Sort  (cost=31864.61..31887.05 rows=8974 width=121)
	        Sort Key: c
	        ->  Bitmap Heap Scan on sbtest2  (cost=288.42..31275.40 rows=8974 width=121)
	              Recheck Cond: ((id >= 2333705) AND (id <= 2343704))
	              ->  Bitmap Index Scan on sbtest2_pkey  (cost=0.00..286.18 rows=8974 width=0)
	                    Index Cond: ((id >= 2333705) AND (id <= 2343704))

table 3 : explain SELECT DISTINCT c FROM sbtest3 WHERE id BETWEEN 6873983 AND 6883982 ORDER BY c
	Unique  (cost=34686.32..34735.57 rows=9850 width=121)
	  ->  Sort  (cost=34686.32..34710.95 rows=9850 width=121)
	        Sort Key: c
	        ->  Bitmap Heap Scan on sbtest3  (cost=313.40..34032.97 rows=9850 width=121)
	              Recheck Cond: ((id >= 6873983) AND (id <= 6883982))
	              ->  Bitmap Index Scan on sbtest3_pkey  (cost=0.00..310.94 rows=9850 width=0)
	                    Index Cond: ((id >= 6873983) AND (id <= 6883982))

table 4 : explain SELECT DISTINCT c FROM sbtest4 WHERE id BETWEEN 9847968 AND 9857967 ORDER BY c
	Unique  (cost=35566.85..35617.39 rows=10108 width=121)
	  ->  Sort  (cost=35566.85..35592.12 rows=10108 width=121)
	        Sort Key: c
	        ->  Bitmap Heap Scan on sbtest4  (cost=324.04..34894.50 rows=10108 width=121)
	              Recheck Cond: ((id >= 9847968) AND (id <= 9857967))
	              ->  Bitmap Index Scan on sbtest4_pkey  (cost=0.00..321.51 rows=10108 width=0)
	                    Index Cond: ((id >= 9847968) AND (id <= 9857967))

table 5 : explain SELECT DISTINCT c FROM sbtest5 WHERE id BETWEEN 6132711 AND 6142710 ORDER BY c
	Unique  (cost=35057.13..35106.80 rows=9934 width=121)
	  ->  Sort  (cost=35057.13..35081.96 rows=9934 width=121)
	        Sort Key: c
	        ->  Bitmap Heap Scan on sbtest5  (cost=318.26..34397.60 rows=9934 width=121)
	              Recheck Cond: ((id >= 6132711) AND (id <= 6142710))
	              ->  Bitmap Index Scan on sbtest5_pkey  (cost=0.00..315.78 rows=9934 width=0)
	                    Index Cond: ((id >= 6132711) AND (id <= 6142710))

table 6 : explain SELECT DISTINCT c FROM sbtest6 WHERE id BETWEEN 1051086 AND 1061085 ORDER BY c
	Unique  (cost=33579.58..33627.03 rows=9491 width=121)
	  ->  Sort  (cost=33579.58..33603.31 rows=9491 width=121)
	        Sort Key: c
	        ->  Bitmap Heap Scan on sbtest6  (cost=301.72..32952.59 rows=9491 width=121)
	              Recheck Cond: ((id >= 1051086) AND (id <= 1061085))
	              ->  Bitmap Index Scan on sbtest6_pkey  (cost=0.00..299.34 rows=9491 width=0)
	                    Index Cond: ((id >= 1051086) AND (id <= 1061085))

table 7 : explain SELECT DISTINCT c FROM sbtest7 WHERE id BETWEEN 783360 AND 793359 ORDER BY c
	Unique  (cost=36483.35..36535.27 rows=10383 width=121)
	  ->  Sort  (cost=36483.35..36509.31 rows=10383 width=121)
	        Sort Key: c
	        ->  Bitmap Heap Scan on sbtest7  (cost=330.86..35790.71 rows=10383 width=121)
	              Recheck Cond: ((id >= 783360) AND (id <= 793359))
	              ->  Bitmap Index Scan on sbtest7_pkey  (cost=0.00..328.26 rows=10383 width=0)
	                    Index Cond: ((id >= 783360) AND (id <= 793359))

table 8 : explain SELECT DISTINCT c FROM sbtest8 WHERE id BETWEEN 7408233 AND 7418232 ORDER BY c
	Unique  (cost=34238.16..34286.56 rows=9680 width=121)
	  ->  Sort  (cost=34238.16..34262.36 rows=9680 width=121)
	        Sort Key: c
	        ->  Bitmap Heap Scan on sbtest8  (cost=307.66..33597.31 rows=9680 width=121)
	              Recheck Cond: ((id >= 7408233) AND (id <= 7418232))
	              ->  Bitmap Index Scan on sbtest8_pkey  (cost=0.00..305.24 rows=9680 width=0)
	                    Index Cond: ((id >= 7408233) AND (id <= 7418232))

explain: for point_selects :: explain SELECT c FROM sbtest%u WHERE id=%u
explain: for point_selects :: explain SELECT c FROM sbtest%u WHERE id=%u
explain: for point_selects :: explain SELECT c FROM sbtest%u WHERE id=%u
for: distinct_ranges
table 1 : explain SELECT DISTINCT c FROM sbtest1 WHERE id BETWEEN 1496935 AND 1506934 ORDER BY c
	Unique  (cost=34099.24..34147.24 rows=9601 width=121)
	  ->  Sort  (cost=34099.24..34123.24 rows=9601 width=121)
	        Sort Key: c
	        ->  Bitmap Heap Scan on sbtest1  (cost=306.85..33464.18 rows=9601 width=121)
	              Recheck Cond: ((id >= 1496935) AND (id <= 1506934))
	              ->  Bitmap Index Scan on sbtest1_pkey  (cost=0.00..304.44 rows=9601 width=0)
	                    Index Cond: ((id >= 1496935) AND (id <= 1506934))

table 2 : explain SELECT DISTINCT c FROM sbtest2 WHERE id BETWEEN 2480869 AND 2490868 ORDER BY c
	Unique  (cost=33083.33..33130.08 rows=9349 width=121)
	  ->  Sort  (cost=33083.33..33106.71 rows=9349 width=121)
	        Sort Key: c
	        ->  Bitmap Heap Scan on sbtest2  (cost=300.26..32466.74 rows=9349 width=121)
	              Recheck Cond: ((id >= 2480869) AND (id <= 2490868))
	              ->  Bitmap Index Scan on sbtest2_pkey  (cost=0.00..297.93 rows=9349 width=0)
	                    Index Cond: ((id >= 2480869) AND (id <= 2490868))

table 3 : explain SELECT DISTINCT c FROM sbtest3 WHERE id BETWEEN 233872 AND 243871 ORDER BY c
	Unique  (cost=37017.00..37069.90 rows=10579 width=121)
	  ->  Sort  (cost=37017.00..37043.45 rows=10579 width=121)
	        Sort Key: c
	        ->  Bitmap Heap Scan on sbtest3  (cost=336.87..36309.85 rows=10579 width=121)
	              Recheck Cond: ((id >= 233872) AND (id <= 243871))
	              ->  Bitmap Index Scan on sbtest3_pkey  (cost=0.00..334.23 rows=10579 width=0)
	                    Index Cond: ((id >= 233872) AND (id <= 243871))

table 4 : explain SELECT DISTINCT c FROM sbtest4 WHERE id BETWEEN 4180787 AND 4190786 ORDER BY c
	Unique  (cost=40058.57..40116.17 rows=11521 width=121)
	  ->  Sort  (cost=40058.57..40087.37 rows=11521 width=121)
	        Sort Key: c
	        ->  Bitmap Heap Scan on sbtest4  (cost=370.53..39281.36 rows=11521 width=121)
	              Recheck Cond: ((id >= 4180787) AND (id <= 4190786))
	              ->  Bitmap Index Scan on sbtest4_pkey  (cost=0.00..367.65 rows=11521 width=0)
	                    Index Cond: ((id >= 4180787) AND (id <= 4190786))

table 5 : explain SELECT DISTINCT c FROM sbtest5 WHERE id BETWEEN 4329232 AND 4339231 ORDER BY c
	Unique  (cost=34569.91..34618.82 rows=9783 width=121)
	  ->  Sort  (cost=34569.91..34594.36 rows=9783 width=121)
	        Sort Key: c
	        ->  Bitmap Heap Scan on sbtest5  (cost=312.71..33921.49 rows=9783 width=121)
	              Recheck Cond: ((id >= 4329232) AND (id <= 4339231))
	              ->  Bitmap Index Scan on sbtest5_pkey  (cost=0.00..310.26 rows=9783 width=0)
	                    Index Cond: ((id >= 4329232) AND (id <= 4339231))

table 6 : explain SELECT DISTINCT c FROM sbtest6 WHERE id BETWEEN 5568754 AND 5578753 ORDER BY c
	Unique  (cost=36786.79..36839.23 rows=10488 width=121)
	  ->  Sort  (cost=36786.79..36813.01 rows=10488 width=121)
	        Sort Key: c
	        ->  Bitmap Heap Scan on sbtest6  (cost=335.94..36086.38 rows=10488 width=121)
	              Recheck Cond: ((id >= 5568754) AND (id <= 5578753))
	              ->  Bitmap Index Scan on sbtest6_pkey  (cost=0.00..333.31 rows=10488 width=0)
	                    Index Cond: ((id >= 5568754) AND (id <= 5578753))

table 7 : explain SELECT DISTINCT c FROM sbtest7 WHERE id BETWEEN 2197610 AND 2207609 ORDER BY c
	Unique  (cost=33594.81..33642.24 rows=9487 width=121)
	  ->  Sort  (cost=33594.81..33618.52 rows=9487 width=121)
	        Sort Key: c
	        ->  Bitmap Heap Scan on sbtest7  (cost=301.68..32968.11 rows=9487 width=121)
	              Recheck Cond: ((id >= 2197610) AND (id <= 2207609))
	              ->  Bitmap Index Scan on sbtest7_pkey  (cost=0.00..299.31 rows=9487 width=0)
	                    Index Cond: ((id >= 2197610) AND (id <= 2207609))

table 8 : explain SELECT DISTINCT c FROM sbtest8 WHERE id BETWEEN 1915749 AND 1925748 ORDER BY c
	Unique  (cost=36068.43..36119.66 rows=10247 width=121)
	  ->  Sort  (cost=36068.43..36094.04 rows=10247 width=121)
	        Sort Key: c
	        ->  Bitmap Heap Scan on sbtest8  (cost=325.47..35385.83 rows=10247 width=121)
	              Recheck Cond: ((id >= 1915749) AND (id <= 1925748))
	              ->  Bitmap Index Scan on sbtest8_pkey  (cost=0.00..322.91 rows=10247 width=0)
	                    Index Cond: ((id >= 1915749) AND (id <= 1925748))

for point_selects
table 1 : explain SELECT c FROM sbtest1 WHERE id=1773744
	Index Scan using sbtest1_pkey on sbtest1  (cost=0.43..8.45 rows=1 width=121)
	  Index Cond: (id = 1773744)

table 2 : explain SELECT c FROM sbtest2 WHERE id=2478524
	Index Scan using sbtest2_pkey on sbtest2  (cost=0.43..8.45 rows=1 width=121)
	  Index Cond: (id = 2478524)

table 3 : explain SELECT c FROM sbtest3 WHERE id=9940004
	Index Scan using sbtest3_pkey on sbtest3  (cost=0.43..8.45 rows=1 width=121)
	  Index Cond: (id = 9940004)

table 4 : explain SELECT c FROM sbtest4 WHERE id=7936842
	Index Scan using sbtest4_pkey on sbtest4  (cost=0.43..8.45 rows=1 width=121)
	  Index Cond: (id = 7936842)

table 5 : explain SELECT c FROM sbtest5 WHERE id=7021323
	Index Scan using sbtest5_pkey on sbtest5  (cost=0.43..8.45 rows=1 width=121)
	  Index Cond: (id = 7021323)

table 6 : explain SELECT c FROM sbtest6 WHERE id=6018777
	Index Scan using sbtest6_pkey on sbtest6  (cost=0.43..8.45 rows=1 width=121)
	  Index Cond: (id = 6018777)

table 7 : explain SELECT c FROM sbtest7 WHERE id=3249209
	Index Scan using sbtest7_pkey on sbtest7  (cost=0.43..8.45 rows=1 width=121)
	  Index Cond: (id = 3249209)

table 8 : explain SELECT c FROM sbtest8 WHERE id=8067527
	Index Scan using sbtest8_pkey on sbtest8  (cost=0.43..8.45 rows=1 width=121)
	  Index Cond: (id = 8067527)

for: sum_ranges
table 1 : explain SELECT SUM(k) FROM sbtest1 WHERE id BETWEEN 5703923 AND 5713922
	Aggregate  (cost=33317.75..33317.76 rows=1 width=8)
	  ->  Bitmap Heap Scan on sbtest1  (cost=302.30..33293.88 rows=9548 width=4)
	        Recheck Cond: ((id >= 5703923) AND (id <= 5713922))
	        ->  Bitmap Index Scan on sbtest1_pkey  (cost=0.00..299.92 rows=9548 width=0)
	              Index Cond: ((id >= 5703923) AND (id <= 5713922))

table 2 : explain SELECT SUM(k) FROM sbtest2 WHERE id BETWEEN 1040660 AND 1050659
	Aggregate  (cost=34126.18..34126.19 rows=1 width=8)
	  ->  Bitmap Heap Scan on sbtest2  (cost=317.57..34101.51 rows=9867 width=4)
	        Recheck Cond: ((id >= 1040660) AND (id <= 1050659))
	        ->  Bitmap Index Scan on sbtest2_pkey  (cost=0.00..315.11 rows=9867 width=0)
	              Index Cond: ((id >= 1040660) AND (id <= 1050659))

table 3 : explain SELECT SUM(k) FROM sbtest3 WHERE id BETWEEN 7030508 AND 7040507
	Aggregate  (cost=34302.51..34302.52 rows=1 width=8)
	  ->  Bitmap Heap Scan on sbtest3  (cost=314.21..34277.69 rows=9929 width=4)
	        Recheck Cond: ((id >= 7030508) AND (id <= 7040507))
	        ->  Bitmap Index Scan on sbtest3_pkey  (cost=0.00..311.73 rows=9929 width=0)
	              Index Cond: ((id >= 7030508) AND (id <= 7040507))

table 4 : explain SELECT SUM(k) FROM sbtest4 WHERE id BETWEEN 3091956 AND 3101955
	Aggregate  (cost=34487.13..34487.14 rows=1 width=8)
	  ->  Bitmap Heap Scan on sbtest4  (cost=318.63..34462.20 rows=9970 width=4)
	        Recheck Cond: ((id >= 3091956) AND (id <= 3101955))
	        ->  Bitmap Index Scan on sbtest4_pkey  (cost=0.00..316.13 rows=9970 width=0)
	              Index Cond: ((id >= 3091956) AND (id <= 3101955))

table 5 : explain SELECT SUM(k) FROM sbtest5 WHERE id BETWEEN 5399356 AND 5409355
	Aggregate  (cost=33530.24..33530.25 rows=1 width=8)
	  ->  Bitmap Heap Scan on sbtest5  (cost=307.37..33506.11 rows=9652 width=4)
	        Recheck Cond: ((id >= 5399356) AND (id <= 5409355))
	        ->  Bitmap Index Scan on sbtest5_pkey  (cost=0.00..304.95 rows=9652 width=0)
	              Index Cond: ((id >= 5399356) AND (id <= 5409355))

table 6 : explain SELECT SUM(k) FROM sbtest6 WHERE id BETWEEN 6727306 AND 6737305
	Aggregate  (cost=34470.18..34470.19 rows=1 width=8)
	  ->  Bitmap Heap Scan on sbtest6  (cost=318.57..34445.27 rows=9964 width=4)
	        Recheck Cond: ((id >= 6727306) AND (id <= 6737305))
	        ->  Bitmap Index Scan on sbtest6_pkey  (cost=0.00..316.07 rows=9964 width=0)
	              Index Cond: ((id >= 6727306) AND (id <= 6737305))

table 7 : explain SELECT SUM(k) FROM sbtest7 WHERE id BETWEEN 409639 AND 419638
	Aggregate  (cost=35733.09..35733.10 rows=1 width=8)
	  ->  Bitmap Heap Scan on sbtest7  (cost=330.58..35707.20 rows=10356 width=4)
	        Recheck Cond: ((id >= 409639) AND (id <= 419638))
	        ->  Bitmap Index Scan on sbtest7_pkey  (cost=0.00..328.00 rows=10356 width=0)
	              Index Cond: ((id >= 409639) AND (id <= 419638))

table 8 : explain SELECT SUM(k) FROM sbtest8 WHERE id BETWEEN 5606224 AND 5616223
	Aggregate  (cost=34733.29..34733.30 rows=1 width=8)
	  ->  Bitmap Heap Scan on sbtest8  (cost=319.26..34708.21 rows=10032 width=4)
	        Recheck Cond: ((id >= 5606224) AND (id <= 5616223))
	        ->  Bitmap Index Scan on sbtest8_pkey  (cost=0.00..316.75 rows=10032 width=0)
	              Index Cond: ((id >= 5606224) AND (id <= 5616223))

for point_selects
table 1 : explain SELECT c FROM sbtest1 WHERE id=2877901
	Index Scan using sbtest1_pkey on sbtest1  (cost=0.43..8.45 rows=1 width=121)
	  Index Cond: (id = 2877901)

table 2 : explain SELECT c FROM sbtest2 WHERE id=2558363
	Index Scan using sbtest2_pkey on sbtest2  (cost=0.43..8.45 rows=1 width=121)
	  Index Cond: (id = 2558363)

table 3 : explain SELECT c FROM sbtest3 WHERE id=4418759
	Index Scan using sbtest3_pkey on sbtest3  (cost=0.43..8.45 rows=1 width=121)
	  Index Cond: (id = 4418759)

table 4 : explain SELECT c FROM sbtest4 WHERE id=4432459
	Index Scan using sbtest4_pkey on sbtest4  (cost=0.43..8.45 rows=1 width=121)
	  Index Cond: (id = 4432459)

table 5 : explain SELECT c FROM sbtest5 WHERE id=9971070
	Index Scan using sbtest5_pkey on sbtest5  (cost=0.43..8.45 rows=1 width=121)
	  Index Cond: (id = 9971070)

table 6 : explain SELECT c FROM sbtest6 WHERE id=8997059
	Index Scan using sbtest6_pkey on sbtest6  (cost=0.43..8.45 rows=1 width=121)
	  Index Cond: (id = 8997059)

table 7 : explain SELECT c FROM sbtest7 WHERE id=5940867
	Index Scan using sbtest7_pkey on sbtest7  (cost=0.43..8.45 rows=1 width=121)
	  Index Cond: (id = 5940867)

table 8 : explain SELECT c FROM sbtest8 WHERE id=9636556
	Index Scan using sbtest8_pkey on sbtest8  (cost=0.43..8.45 rows=1 width=121)
	  Index Cond: (id = 9636556)

explain: for point_selects :: explain SELECT c FROM sbtest%u WHERE id=%u
for: simple_ranges
table 1 : explain SELECT c FROM sbtest1 WHERE id BETWEEN 3523978 AND 3533977
	Bitmap Heap Scan on sbtest1  (cost=343.04..37223.32 rows=10791 width=121)
	  Recheck Cond: ((id >= 3523978) AND (id <= 3533977))
	  ->  Bitmap Index Scan on sbtest1_pkey  (cost=0.00..340.34 rows=10791 width=0)
	        Index Cond: ((id >= 3523978) AND (id <= 3533977))

table 2 : explain SELECT c FROM sbtest2 WHERE id BETWEEN 3098516 AND 3108515
	Bitmap Heap Scan on sbtest2  (cost=311.53..33474.87 rows=9668 width=121)
	  Recheck Cond: ((id >= 3098516) AND (id <= 3108515))
	  ->  Bitmap Index Scan on sbtest2_pkey  (cost=0.00..309.12 rows=9668 width=0)
	        Index Cond: ((id >= 3098516) AND (id <= 3108515))

table 3 : explain SELECT c FROM sbtest3 WHERE id BETWEEN 6202653 AND 6212652
	Bitmap Heap Scan on sbtest3  (cost=313.75..34139.25 rows=9884 width=121)
	  Recheck Cond: ((id >= 6202653) AND (id <= 6212652))
	  ->  Bitmap Index Scan on sbtest3_pkey  (cost=0.00..311.28 rows=9884 width=0)
	        Index Cond: ((id >= 6202653) AND (id <= 6212652))

table 4 : explain SELECT c FROM sbtest4 WHERE id BETWEEN 1669981 AND 1679980
	Bitmap Heap Scan on sbtest4  (cost=305.47..32876.55 rows=9467 width=121)
	  Recheck Cond: ((id >= 1669981) AND (id <= 1679980))
	  ->  Bitmap Index Scan on sbtest4_pkey  (cost=0.00..303.11 rows=9467 width=0)
	        Index Cond: ((id >= 1669981) AND (id <= 1679980))

table 5 : explain SELECT c FROM sbtest5 WHERE id BETWEEN 1334852 AND 1344851
	Bitmap Heap Scan on sbtest5  (cost=366.74..39405.37 rows=11542 width=121)
	  Recheck Cond: ((id >= 1334852) AND (id <= 1344851))
	  ->  Bitmap Index Scan on sbtest5_pkey  (cost=0.00..363.86 rows=11542 width=0)
	        Index Cond: ((id >= 1334852) AND (id <= 1344851))

table 6 : explain SELECT c FROM sbtest6 WHERE id BETWEEN 6592568 AND 6602567
	Bitmap Heap Scan on sbtest6  (cost=313.35..34070.29 rows=9845 width=121)
	  Recheck Cond: ((id >= 6592568) AND (id <= 6602567))
	  ->  Bitmap Index Scan on sbtest6_pkey  (cost=0.00..310.88 rows=9845 width=0)
	        Index Cond: ((id >= 6592568) AND (id <= 6602567))

table 7 : explain SELECT c FROM sbtest7 WHERE id BETWEEN 2564452 AND 2574451
	Bitmap Heap Scan on sbtest7  (cost=318.92..34588.55 rows=9999 width=121)
	  Recheck Cond: ((id >= 2564452) AND (id <= 2574451))
	  ->  Bitmap Index Scan on sbtest7_pkey  (cost=0.00..316.43 rows=9999 width=0)
	        Index Cond: ((id >= 2564452) AND (id <= 2574451))

table 8 : explain SELECT c FROM sbtest8 WHERE id BETWEEN 8453249 AND 8463248
	Bitmap Heap Scan on sbtest8  (cost=295.28..32243.87 rows=9253 width=121)
	  Recheck Cond: ((id >= 8453249) AND (id <= 8463248))
	  ->  Bitmap Index Scan on sbtest8_pkey  (cost=0.00..292.96 rows=9253 width=0)
	        Index Cond: ((id >= 8453249) AND (id <= 8463248))

for point_selects
table 1 : explain SELECT c FROM sbtest1 WHERE id=1062542
	Index Scan using sbtest1_pkey on sbtest1  (cost=0.43..8.45 rows=1 width=121)
	  Index Cond: (id = 1062542)

table 2 : explain SELECT c FROM sbtest2 WHERE id=6077128
	Index Scan using sbtest2_pkey on sbtest2  (cost=0.43..8.45 rows=1 width=121)
	  Index Cond: (id = 6077128)

table 3 : explain SELECT c FROM sbtest3 WHERE id=9113089
	Index Scan using sbtest3_pkey on sbtest3  (cost=0.43..8.45 rows=1 width=121)
	  Index Cond: (id = 9113089)

table 4 : explain SELECT c FROM sbtest4 WHERE id=6328854
	Index Scan using sbtest4_pkey on sbtest4  (cost=0.43..8.45 rows=1 width=121)
	  Index Cond: (id = 6328854)

table 5 : explain SELECT c FROM sbtest5 WHERE id=474655
	Index Scan using sbtest5_pkey on sbtest5  (cost=0.43..8.45 rows=1 width=121)
	  Index Cond: (id = 474655)

table 6 : explain SELECT c FROM sbtest6 WHERE id=6327070
	Index Scan using sbtest6_pkey on sbtest6  (cost=0.43..8.45 rows=1 width=121)
	  Index Cond: (id = 6327070)

table 7 : explain SELECT c FROM sbtest7 WHERE id=5381609
	Index Scan using sbtest7_pkey on sbtest7  (cost=0.43..8.45 rows=1 width=121)
	  Index Cond: (id = 5381609)

table 8 : explain SELECT c FROM sbtest8 WHERE id=3857354
	Index Scan using sbtest8_pkey on sbtest8  (cost=0.43..8.45 rows=1 width=121)
	  Index Cond: (id = 3857354)

for: simple_ranges
table 1 : explain SELECT c FROM sbtest1 WHERE id BETWEEN 1667163 AND 1677162
	Bitmap Heap Scan on sbtest1  (cost=284.37..31439.10 rows=8969 width=121)
	  Recheck Cond: ((id >= 1667163) AND (id <= 1677162))
	  ->  Bitmap Index Scan on sbtest1_pkey  (cost=0.00..282.12 rows=8969 width=0)
	        Index Cond: ((id >= 1667163) AND (id <= 1677162))

table 2 : explain SELECT c FROM sbtest2 WHERE id BETWEEN 4114578 AND 4124577
	Bitmap Heap Scan on sbtest2  (cost=306.90..33276.98 rows=9606 width=121)
	  Recheck Cond: ((id >= 4114578) AND (id <= 4124577))
	  ->  Bitmap Index Scan on sbtest2_pkey  (cost=0.00..304.50 rows=9606 width=0)
	        Index Cond: ((id >= 4114578) AND (id <= 4124577))

table 3 : explain SELECT c FROM sbtest3 WHERE id BETWEEN 5216425 AND 5226424
	Bitmap Heap Scan on sbtest3  (cost=320.10..34860.28 rows=10114 width=121)
	  Recheck Cond: ((id >= 5216425) AND (id <= 5226424))
	  ->  Bitmap Index Scan on sbtest3_pkey  (cost=0.00..317.57 rows=10114 width=0)
	        Index Cond: ((id >= 5216425) AND (id <= 5226424))

table 4 : explain SELECT c FROM sbtest4 WHERE id BETWEEN 4616359 AND 4626358
	Bitmap Heap Scan on sbtest4  (cost=336.31..36195.85 rows=10524 width=121)
	  Recheck Cond: ((id >= 4616359) AND (id <= 4626358))
	  ->  Bitmap Index Scan on sbtest4_pkey  (cost=0.00..333.68 rows=10524 width=0)
	        Index Cond: ((id >= 4616359) AND (id <= 4626358))

table 5 : explain SELECT c FROM sbtest5 WHERE id BETWEEN 5371718 AND 5381717
	Bitmap Heap Scan on sbtest5  (cost=307.37..33506.11 rows=9652 width=121)
	  Recheck Cond: ((id >= 5371718) AND (id <= 5381717))
	  ->  Bitmap Index Scan on sbtest5_pkey  (cost=0.00..304.95 rows=9652 width=0)
	        Index Cond: ((id >= 5371718) AND (id <= 5381717))

table 6 : explain SELECT c FROM sbtest6 WHERE id BETWEEN 4309708 AND 4319707
	Bitmap Heap Scan on sbtest6  (cost=348.07..37337.38 rows=10891 width=121)
	  Recheck Cond: ((id >= 4309708) AND (id <= 4319707))
	  ->  Bitmap Index Scan on sbtest6_pkey  (cost=0.00..345.34 rows=10891 width=0)
	        Index Cond: ((id >= 4309708) AND (id <= 4319707))

table 7 : explain SELECT c FROM sbtest7 WHERE id BETWEEN 1778435 AND 1788434
	Bitmap Heap Scan on sbtest7  (cost=312.82..33941.75 rows=9794 width=121)
	  Recheck Cond: ((id >= 1778435) AND (id <= 1788434))
	  ->  Bitmap Index Scan on sbtest7_pkey  (cost=0.00..310.38 rows=9794 width=0)
	        Index Cond: ((id >= 1778435) AND (id <= 1788434))

table 8 : explain SELECT c FROM sbtest8 WHERE id BETWEEN 227865 AND 237864
	Bitmap Heap Scan on sbtest8  (cost=320.19..34992.04 rows=10122 width=121)
	  Recheck Cond: ((id >= 227865) AND (id <= 237864))
	  ->  Bitmap Index Scan on sbtest8_pkey  (cost=0.00..317.66 rows=10122 width=0)
	        Index Cond: ((id >= 227865) AND (id <= 237864))

for: order_ranges
table 1 : explain SELECT c FROM sbtest1 WHERE id BETWEEN 5507480 AND 5517479 ORDER BY c
	Sort  (cost=32011.16..32033.57 rows=8964 width=121)
	  Sort Key: c
	  ->  Bitmap Heap Scan on sbtest1  (cost=284.32..31422.67 rows=8964 width=121)
	        Recheck Cond: ((id >= 5507480) AND (id <= 5517479))
	        ->  Bitmap Index Scan on sbtest1_pkey  (cost=0.00..282.07 rows=8964 width=0)
	              Index Cond: ((id >= 5507480) AND (id <= 5517479))

table 2 : explain SELECT c FROM sbtest2 WHERE id BETWEEN 5160591 AND 5170590 ORDER BY c
	Sort  (cost=32910.67..32933.91 rows=9295 width=121)
	  Sort Key: c
	  ->  Bitmap Heap Scan on sbtest2  (cost=299.71..32298.03 rows=9295 width=121)
	        Recheck Cond: ((id >= 5160591) AND (id <= 5170590))
	        ->  Bitmap Index Scan on sbtest2_pkey  (cost=0.00..297.38 rows=9295 width=0)
	              Index Cond: ((id >= 5160591) AND (id <= 5170590))

table 3 : explain SELECT c FROM sbtest3 WHERE id BETWEEN 4344493 AND 4354492 ORDER BY c
	Sort  (cost=32808.15..32831.32 rows=9268 width=121)
	  Sort Key: c
	  ->  Bitmap Heap Scan on sbtest3  (cost=295.43..32197.48 rows=9268 width=121)
	        Recheck Cond: ((id >= 4344493) AND (id <= 4354492))
	        ->  Bitmap Index Scan on sbtest3_pkey  (cost=0.00..293.12 rows=9268 width=0)
	              Index Cond: ((id >= 4344493) AND (id <= 4354492))

table 4 : explain SELECT c FROM sbtest4 WHERE id BETWEEN 261098 AND 271097 ORDER BY c
	Sort  (cost=35144.86..35169.80 rows=9975 width=121)
	  Sort Key: c
	  ->  Bitmap Heap Scan on sbtest4  (cost=322.68..34482.31 rows=9975 width=121)
	        Recheck Cond: ((id >= 261098) AND (id <= 271097))
	        ->  Bitmap Index Scan on sbtest4_pkey  (cost=0.00..320.19 rows=9975 width=0)
	              Index Cond: ((id >= 261098) AND (id <= 271097))

table 5 : explain SELECT c FROM sbtest5 WHERE id BETWEEN 5043143 AND 5053142 ORDER BY c
	Sort  (cost=35879.95..35905.42 rows=10190 width=121)
	  Sort Key: c
	  ->  Bitmap Heap Scan on sbtest5  (cost=324.88..35201.55 rows=10190 width=121)
	        Recheck Cond: ((id >= 5043143) AND (id <= 5053142))
	        ->  Bitmap Index Scan on sbtest5_pkey  (cost=0.00..322.33 rows=10190 width=0)
	              Index Cond: ((id >= 5043143) AND (id <= 5053142))

table 6 : explain SELECT c FROM sbtest6 WHERE id BETWEEN 2278835 AND 2288834 ORDER BY c
	Sort  (cost=36454.68..36480.64 rows=10385 width=121)
	  Sort Key: c
	  ->  Bitmap Heap Scan on sbtest6  (cost=330.88..35761.89 rows=10385 width=121)
	        Recheck Cond: ((id >= 2278835) AND (id <= 2288834))
	        ->  Bitmap Index Scan on sbtest6_pkey  (cost=0.00..328.29 rows=10385 width=0)
	              Index Cond: ((id >= 2278835) AND (id <= 2288834))

table 7 : explain SELECT c FROM sbtest7 WHERE id BETWEEN 200259 AND 210258 ORDER BY c
	Sort  (cost=35569.78..35595.03 rows=10099 width=121)
	  Sort Key: c
	  ->  Bitmap Heap Scan on sbtest7  (cost=319.95..34898.10 rows=10099 width=121)
	        Recheck Cond: ((id >= 200259) AND (id <= 210258))
	        ->  Bitmap Index Scan on sbtest7_pkey  (cost=0.00..317.43 rows=10099 width=0)
	              Index Cond: ((id >= 200259) AND (id <= 210258))

table 8 : explain SELECT c FROM sbtest8 WHERE id BETWEEN 6273421 AND 6283420 ORDER BY c
	Sort  (cost=34324.41..34348.68 rows=9707 width=121)
	  Sort Key: c
	  ->  Bitmap Heap Scan on sbtest8  (cost=307.93..33681.57 rows=9707 width=121)
	        Recheck Cond: ((id >= 6273421) AND (id <= 6283420))
	        ->  Bitmap Index Scan on sbtest8_pkey  (cost=0.00..305.50 rows=9707 width=0)
	              Index Cond: ((id >= 6273421) AND (id <= 6283420))

explain: for point_selects :: explain SELECT c FROM sbtest%u WHERE id=%u
for point_selects
table 1 : explain SELECT c FROM sbtest1 WHERE id=4084912
	Index Scan using sbtest1_pkey on sbtest1  (cost=0.43..8.45 rows=1 width=121)
	  Index Cond: (id = 4084912)

table 2 : explain SELECT c FROM sbtest2 WHERE id=5302175
	Index Scan using sbtest2_pkey on sbtest2  (cost=0.43..8.45 rows=1 width=121)
	  Index Cond: (id = 5302175)

table 3 : explain SELECT c FROM sbtest3 WHERE id=6813848
	Index Scan using sbtest3_pkey on sbtest3  (cost=0.43..8.45 rows=1 width=121)
	  Index Cond: (id = 6813848)

table 4 : explain SELECT c FROM sbtest4 WHERE id=5652497
	Index Scan using sbtest4_pkey on sbtest4  (cost=0.43..8.45 rows=1 width=121)
	  Index Cond: (id = 5652497)

table 5 : explain SELECT c FROM sbtest5 WHERE id=7414756
	Index Scan using sbtest5_pkey on sbtest5  (cost=0.43..8.45 rows=1 width=121)
	  Index Cond: (id = 7414756)

table 6 : explain SELECT c FROM sbtest6 WHERE id=6897474
	Index Scan using sbtest6_pkey on sbtest6  (cost=0.43..8.45 rows=1 width=121)
	  Index Cond: (id = 6897474)

table 7 : explain SELECT c FROM sbtest7 WHERE id=1858962
	Index Scan using sbtest7_pkey on sbtest7  (cost=0.43..8.45 rows=1 width=121)
	  Index Cond: (id = 1858962)

table 8 : explain SELECT c FROM sbtest8 WHERE id=709579
	Index Scan using sbtest8_pkey on sbtest8  (cost=0.43..8.45 rows=1 width=121)
	  Index Cond: (id = 709579)

for point_selects
table 1 : explain SELECT c FROM sbtest1 WHERE id=4551888
	Index Scan using sbtest1_pkey on sbtest1  (cost=0.43..8.45 rows=1 width=121)
	  Index Cond: (id = 4551888)

table 2 : explain SELECT c FROM sbtest2 WHERE id=6128941
	Index Scan using sbtest2_pkey on sbtest2  (cost=0.43..8.45 rows=1 width=121)
	  Index Cond: (id = 6128941)

table 3 : explain SELECT c FROM sbtest3 WHERE id=2499443
	Index Scan using sbtest3_pkey on sbtest3  (cost=0.43..8.45 rows=1 width=121)
	  Index Cond: (id = 2499443)

table 4 : explain SELECT c FROM sbtest4 WHERE id=6696876
	Index Scan using sbtest4_pkey on sbtest4  (cost=0.43..8.45 rows=1 width=121)
	  Index Cond: (id = 6696876)

table 5 : explain SELECT c FROM sbtest5 WHERE id=6729948
	Index Scan using sbtest5_pkey on sbtest5  (cost=0.43..8.45 rows=1 width=121)
	  Index Cond: (id = 6729948)

table 6 : explain SELECT c FROM sbtest6 WHERE id=5159437
	Index Scan using sbtest6_pkey on sbtest6  (cost=0.43..8.45 rows=1 width=121)
	  Index Cond: (id = 5159437)

table 7 : explain SELECT c FROM sbtest7 WHERE id=5559650
	Index Scan using sbtest7_pkey on sbtest7  (cost=0.43..8.45 rows=1 width=121)
	  Index Cond: (id = 5559650)

table 8 : explain SELECT c FROM sbtest8 WHERE id=4194468
	Index Scan using sbtest8_pkey on sbtest8  (cost=0.43..8.45 rows=1 width=121)
	  Index Cond: (id = 4194468)

for: sum_ranges
table 1 : explain SELECT SUM(k) FROM sbtest1 WHERE id BETWEEN 3525792 AND 3535791
	Aggregate  (cost=37250.30..37250.31 rows=1 width=8)
	  ->  Bitmap Heap Scan on sbtest1  (cost=343.04..37223.32 rows=10791 width=4)
	        Recheck Cond: ((id >= 3525792) AND (id <= 3535791))
	        ->  Bitmap Index Scan on sbtest1_pkey  (cost=0.00..340.34 rows=10791 width=0)
	              Index Cond: ((id >= 3525792) AND (id <= 3535791))

table 2 : explain SELECT SUM(k) FROM sbtest2 WHERE id BETWEEN 3199726 AND 3209725
	Aggregate  (cost=34155.19..34155.20 rows=1 width=8)
	  ->  Bitmap Heap Scan on sbtest2  (cost=317.66..34130.50 rows=9876 width=4)
	        Recheck Cond: ((id >= 3199726) AND (id <= 3209725))
	        ->  Bitmap Index Scan on sbtest2_pkey  (cost=0.00..315.19 rows=9876 width=0)
	              Index Cond: ((id >= 3199726) AND (id <= 3209725))

table 3 : explain SELECT SUM(k) FROM sbtest3 WHERE id BETWEEN 5151638 AND 5161637
	Aggregate  (cost=34379.78..34379.79 rows=1 width=8)
	  ->  Bitmap Heap Scan on sbtest3  (cost=314.45..34354.90 rows=9953 width=4)
	        Recheck Cond: ((id >= 5151638) AND (id <= 5161637))
	        ->  Bitmap Index Scan on sbtest3_pkey  (cost=0.00..311.96 rows=9953 width=0)
	              Index Cond: ((id >= 5151638) AND (id <= 5161637))

table 4 : explain SELECT SUM(k) FROM sbtest4 WHERE id BETWEEN 1821177 AND 1831176
	Aggregate  (cost=32832.04..32832.05 rows=1 width=8)
	  ->  Bitmap Heap Scan on sbtest4  (cost=305.25..32808.43 rows=9445 width=4)
	        Recheck Cond: ((id >= 1821177) AND (id <= 1831176))
	        ->  Bitmap Index Scan on sbtest4_pkey  (cost=0.00..302.88 rows=9445 width=0)
	              Index Cond: ((id >= 1821177) AND (id <= 1831176))

table 5 : explain SELECT SUM(k) FROM sbtest5 WHERE id BETWEEN 354550 AND 364549
	Aggregate  (cost=36804.01..36804.02 rows=1 width=8)
	  ->  Bitmap Heap Scan on sbtest5  (cost=342.04..36777.27 rows=10693 width=4)
	        Recheck Cond: ((id >= 354550) AND (id <= 364549))
	        ->  Bitmap Index Scan on sbtest5_pkey  (cost=0.00..339.37 rows=10693 width=0)
	              Index Cond: ((id >= 354550) AND (id <= 364549))

table 6 : explain SELECT SUM(k) FROM sbtest6 WHERE id BETWEEN 4042078 AND 4052077
	Aggregate  (cost=37814.05..37814.06 rows=1 width=8)
	  ->  Bitmap Heap Scan on sbtest6  (cost=349.56..37786.46 rows=11037 width=4)
	        Recheck Cond: ((id >= 4042078) AND (id <= 4052077))
	        ->  Bitmap Index Scan on sbtest6_pkey  (cost=0.00..346.81 rows=11037 width=0)
	              Index Cond: ((id >= 4042078) AND (id <= 4052077))

table 7 : explain SELECT SUM(k) FROM sbtest7 WHERE id BETWEEN 7787472 AND 7797471
	Aggregate  (cost=35662.34..35662.35 rows=1 width=8)
	  ->  Bitmap Heap Scan on sbtest7  (cost=330.35..35636.51 rows=10333 width=4)
	        Recheck Cond: ((id >= 7787472) AND (id <= 7797471))
	        ->  Bitmap Index Scan on sbtest7_pkey  (cost=0.00..327.76 rows=10333 width=0)
	              Index Cond: ((id >= 7787472) AND (id <= 7797471))

table 8 : explain SELECT SUM(k) FROM sbtest8 WHERE id BETWEEN 2063240 AND 2073239
	Aggregate  (cost=35730.20..35730.21 rows=1 width=8)
	  ->  Bitmap Heap Scan on sbtest8  (cost=326.52..35704.33 rows=10350 width=4)
	        Recheck Cond: ((id >= 2063240) AND (id <= 2073239))
	        ->  Bitmap Index Scan on sbtest8_pkey  (cost=0.00..323.94 rows=10350 width=0)
	              Index Cond: ((id >= 2063240) AND (id <= 2073239))

for: simple_ranges
table 1 : explain SELECT c FROM sbtest1 WHERE id BETWEEN 6439237 AND 6449236
	Bitmap Heap Scan on sbtest1  (cost=301.90..33169.91 rows=9509 width=121)
	  Recheck Cond: ((id >= 6439237) AND (id <= 6449236))
	  ->  Bitmap Index Scan on sbtest1_pkey  (cost=0.00..299.53 rows=9509 width=0)
	        Index Cond: ((id >= 6439237) AND (id <= 6449236))

table 2 : explain SELECT c FROM sbtest2 WHERE id BETWEEN 2592713 AND 2602712
	Bitmap Heap Scan on sbtest2  (cost=319.03..34545.76 rows=10009 width=121)
	  Recheck Cond: ((id >= 2592713) AND (id <= 2602712))
	  ->  Bitmap Index Scan on sbtest2_pkey  (cost=0.00..316.53 rows=10009 width=0)
	        Index Cond: ((id >= 2592713) AND (id <= 2602712))

table 3 : explain SELECT c FROM sbtest3 WHERE id BETWEEN 9384098 AND 9394097
	Bitmap Heap Scan on sbtest3  (cost=318.84..34477.90 rows=9991 width=121)
	  Recheck Cond: ((id >= 9384098) AND (id <= 9394097))
	  ->  Bitmap Index Scan on sbtest3_pkey  (cost=0.00..316.34 rows=9991 width=0)
	        Index Cond: ((id >= 9384098) AND (id <= 9394097))

table 4 : explain SELECT c FROM sbtest4 WHERE id BETWEEN 4812112 AND 4822111
	Bitmap Heap Scan on sbtest4  (cost=317.60..34149.40 rows=9870 width=121)
	  Recheck Cond: ((id >= 4812112) AND (id <= 4822111))
	  ->  Bitmap Index Scan on sbtest4_pkey  (cost=0.00..315.13 rows=9870 width=0)
	        Index Cond: ((id >= 4812112) AND (id <= 4822111))

table 5 : explain SELECT c FROM sbtest5 WHERE id BETWEEN 3800428 AND 3810427
	Bitmap Heap Scan on sbtest5  (cost=329.74..35469.49 rows=10274 width=121)
	  Recheck Cond: ((id >= 3800428) AND (id <= 3810427))
	  ->  Bitmap Index Scan on sbtest5_pkey  (cost=0.00..327.18 rows=10274 width=0)
	        Index Cond: ((id >= 3800428) AND (id <= 3810427))

table 6 : explain SELECT c FROM sbtest6 WHERE id BETWEEN 4802473 AND 4812472
	Bitmap Heap Scan on sbtest6  (cost=300.63..32618.40 rows=9385 width=121)
	  Recheck Cond: ((id >= 4802473) AND (id <= 4812472))
	  ->  Bitmap Index Scan on sbtest6_pkey  (cost=0.00..298.29 rows=9385 width=0)
	        Index Cond: ((id >= 4802473) AND (id <= 4812472))

table 7 : explain SELECT c FROM sbtest7 WHERE id BETWEEN 2762269 AND 2772268
	Bitmap Heap Scan on sbtest7  (cost=296.39..32567.71 rows=9361 width=121)
	  Recheck Cond: ((id >= 2762269) AND (id <= 2772268))
	  ->  Bitmap Index Scan on sbtest7_pkey  (cost=0.00..294.05 rows=9361 width=0)
	        Index Cond: ((id >= 2762269) AND (id <= 2772268))

table 8 : explain SELECT c FROM sbtest8 WHERE id BETWEEN 3129723 AND 3139722
	Bitmap Heap Scan on sbtest8  (cost=319.08..34653.32 rows=10014 width=121)
	  Recheck Cond: ((id >= 3129723) AND (id <= 3139722))
	  ->  Bitmap Index Scan on sbtest8_pkey  (cost=0.00..316.57 rows=10014 width=0)
	        Index Cond: ((id >= 3129723) AND (id <= 3139722))

for: distinct_ranges
table 1 : explain SELECT DISTINCT c FROM sbtest1 WHERE id BETWEEN 8511430 AND 8521429 ORDER BY c
	Unique  (cost=34962.31..35011.64 rows=9866 width=121)
	  ->  Sort  (cost=34962.31..34986.98 rows=9866 width=121)
	        Sort Key: c
	        ->  Bitmap Heap Scan on sbtest1  (cost=313.56..34307.79 rows=9866 width=121)
	              Recheck Cond: ((id >= 8511430) AND (id <= 8521429))
	              ->  Bitmap Index Scan on sbtest1_pkey  (cost=0.00..311.09 rows=9866 width=0)
	                    Index Cond: ((id >= 8511430) AND (id <= 8521429))

table 2 : explain SELECT DISTINCT c FROM sbtest2 WHERE id BETWEEN 2967981 AND 2977980 ORDER BY c
	Unique  (cost=33697.28..33744.98 rows=9539 width=121)
	  ->  Sort  (cost=33697.28..33721.13 rows=9539 width=121)
	        Sort Key: c
	        ->  Bitmap Heap Scan on sbtest2  (cost=306.21..33066.77 rows=9539 width=121)
	              Recheck Cond: ((id >= 2967981) AND (id <= 2977980))
	              ->  Bitmap Index Scan on sbtest2_pkey  (cost=0.00..303.82 rows=9539 width=0)
	                    Index Cond: ((id >= 2967981) AND (id <= 2977980))

table 3 : explain SELECT DISTINCT c FROM sbtest3 WHERE id BETWEEN 1487717 AND 1497716 ORDER BY c
	Unique  (cost=35628.37..35679.09 rows=10144 width=121)
	  ->  Sort  (cost=35628.37..35653.73 rows=10144 width=121)
	        Sort Key: c
	        ->  Bitmap Heap Scan on sbtest3  (cost=320.41..34953.37 rows=10144 width=121)
	              Recheck Cond: ((id >= 1487717) AND (id <= 1497716))
	              ->  Bitmap Index Scan on sbtest3_pkey  (cost=0.00..317.88 rows=10144 width=0)
	                    Index Cond: ((id >= 1487717) AND (id <= 1497716))

table 4 : explain SELECT DISTINCT c FROM sbtest4 WHERE id BETWEEN 9185162 AND 9195161 ORDER BY c
	Unique  (cost=34566.34..34615.32 rows=9796 width=121)
	  ->  Sort  (cost=34566.34..34590.83 rows=9796 width=121)
	        Sort Key: c
	        ->  Bitmap Heap Scan on sbtest4  (cost=316.84..33916.96 rows=9796 width=121)
	              Recheck Cond: ((id >= 9185162) AND (id <= 9195161))
	              ->  Bitmap Index Scan on sbtest4_pkey  (cost=0.00..314.40 rows=9796 width=0)
	                    Index Cond: ((id >= 9185162) AND (id <= 9195161))

table 5 : explain SELECT DISTINCT c FROM sbtest5 WHERE id BETWEEN 1041327 AND 1051326 ORDER BY c
	Unique  (cost=37019.71..37072.43 rows=10545 width=121)
	  ->  Sort  (cost=37019.71..37046.07 rows=10545 width=121)
	        Sort Key: c
	        ->  Bitmap Heap Scan on sbtest5  (cost=336.52..36315.08 rows=10545 width=121)
	              Recheck Cond: ((id >= 1041327) AND (id <= 1051326))
	              ->  Bitmap Index Scan on sbtest5_pkey  (cost=0.00..333.88 rows=10545 width=0)
	                    Index Cond: ((id >= 1041327) AND (id <= 1051326))

table 6 : explain SELECT DISTINCT c FROM sbtest6 WHERE id BETWEEN 5807798 AND 5817797 ORDER BY c
	Unique  (cost=38971.16..39027.04 rows=11176 width=121)
	  ->  Sort  (cost=38971.16..38999.10 rows=11176 width=121)
	        Sort Key: c
	        ->  Bitmap Heap Scan on sbtest6  (cost=354.99..38219.68 rows=11176 width=121)
	              Recheck Cond: ((id >= 5807798) AND (id <= 5817797))
	              ->  Bitmap Index Scan on sbtest6_pkey  (cost=0.00..352.19 rows=11176 width=0)
	                    Index Cond: ((id >= 5807798) AND (id <= 5817797))

table 7 : explain SELECT DISTINCT c FROM sbtest7 WHERE id BETWEEN 2297459 AND 2307458 ORDER BY c
	Unique  (cost=35490.58..35540.95 rows=10074 width=121)
	  ->  Sort  (cost=35490.58..35515.77 rows=10074 width=121)
	        Sort Key: c
	        ->  Bitmap Heap Scan on sbtest7  (cost=319.69..34820.75 rows=10074 width=121)
	              Recheck Cond: ((id >= 2297459) AND (id <= 2307458))
	              ->  Bitmap Index Scan on sbtest7_pkey  (cost=0.00..317.18 rows=10074 width=0)
	                    Index Cond: ((id >= 2297459) AND (id <= 2307458))

table 8 : explain SELECT DISTINCT c FROM sbtest8 WHERE id BETWEEN 4693570 AND 4703569 ORDER BY c
	Unique  (cost=34546.47..34595.35 rows=9776 width=121)
	  ->  Sort  (cost=34546.47..34570.91 rows=9776 width=121)
	        Sort Key: c
	        ->  Bitmap Heap Scan on sbtest8  (cost=308.64..33898.57 rows=9776 width=121)
	              Recheck Cond: ((id >= 4693570) AND (id <= 4703569))
	              ->  Bitmap Index Scan on sbtest8_pkey  (cost=0.00..306.19 rows=9776 width=0)
	                    Index Cond: ((id >= 4693570) AND (id <= 4703569))

for: simple_ranges
table 1 : explain SELECT c FROM sbtest1 WHERE id BETWEEN 6775569 AND 6785568
	Bitmap Heap Scan on sbtest1  (cost=325.55..35537.93 rows=10255 width=121)
	  Recheck Cond: ((id >= 6775569) AND (id <= 6785568))
	  ->  Bitmap Index Scan on sbtest1_pkey  (cost=0.00..322.99 rows=10255 width=0)
	        Index Cond: ((id >= 6775569) AND (id <= 6785568))

table 2 : explain SELECT c FROM sbtest2 WHERE id BETWEEN 3151874 AND 3161873
	Bitmap Heap Scan on sbtest2  (cost=317.66..34130.50 rows=9876 width=121)
	  Recheck Cond: ((id >= 3151874) AND (id <= 3161873))
	  ->  Bitmap Index Scan on sbtest2_pkey  (cost=0.00..315.19 rows=9876 width=0)
	        Index Cond: ((id >= 3151874) AND (id <= 3161873))

table 3 : explain SELECT c FROM sbtest3 WHERE id BETWEEN 7950984 AND 7960983
	Bitmap Heap Scan on sbtest3  (cost=307.02..33303.13 rows=9618 width=121)
	  Recheck Cond: ((id >= 7950984) AND (id <= 7960983))
	  ->  Bitmap Index Scan on sbtest3_pkey  (cost=0.00..304.62 rows=9618 width=0)
	        Index Cond: ((id >= 7950984) AND (id <= 7960983))

table 4 : explain SELECT c FROM sbtest4 WHERE id BETWEEN 6868260 AND 6878259
	Bitmap Heap Scan on sbtest4  (cost=317.86..34226.83 rows=9895 width=121)
	  Recheck Cond: ((id >= 6868260) AND (id <= 6878259))
	  ->  Bitmap Index Scan on sbtest4_pkey  (cost=0.00..315.38 rows=9895 width=0)
	        Index Cond: ((id >= 6868260) AND (id <= 6878259))

table 5 : explain SELECT c FROM sbtest5 WHERE id BETWEEN 2337033 AND 2347032
	Bitmap Heap Scan on sbtest5  (cost=306.30..33178.48 rows=9548 width=121)
	  Recheck Cond: ((id >= 2337033) AND (id <= 2347032))
	  ->  Bitmap Index Scan on sbtest5_pkey  (cost=0.00..303.92 rows=9548 width=0)
	        Index Cond: ((id >= 2337033) AND (id <= 2347032))

table 6 : explain SELECT c FROM sbtest6 WHERE id BETWEEN 7345569 AND 7355568
	Bitmap Heap Scan on sbtest6  (cost=284.48..31327.16 rows=8980 width=121)
	  Recheck Cond: ((id >= 7345569) AND (id <= 7355568))
	  ->  Bitmap Index Scan on sbtest6_pkey  (cost=0.00..282.24 rows=8980 width=0)
	        Index Cond: ((id >= 7345569) AND (id <= 7355568))

table 7 : explain SELECT c FROM sbtest7 WHERE id BETWEEN 4361588 AND 4371587
	Bitmap Heap Scan on sbtest7  (cost=325.10..35253.07 rows=10211 width=121)
	  Recheck Cond: ((id >= 4361588) AND (id <= 4371587))
	  ->  Bitmap Index Scan on sbtest7_pkey  (cost=0.00..322.55 rows=10211 width=0)
	        Index Cond: ((id >= 4361588) AND (id <= 4371587))

table 8 : explain SELECT c FROM sbtest8 WHERE id BETWEEN 3747641 AND 3757640
	Bitmap Heap Scan on sbtest8  (cost=332.39..36273.56 rows=10532 width=121)
	  Recheck Cond: ((id >= 3747641) AND (id <= 3757640))
	  ->  Bitmap Index Scan on sbtest8_pkey  (cost=0.00..329.75 rows=10532 width=0)
	        Index Cond: ((id >= 3747641) AND (id <= 3757640))

for: sum_ranges
table 1 : explain SELECT SUM(k) FROM sbtest1 WHERE id BETWEEN 8860828 AND 8870827
	Aggregate  (cost=34739.38..34739.39 rows=1 width=8)
	  ->  Bitmap Heap Scan on sbtest1  (cost=318.87..34714.39 rows=9994 width=4)
	        Recheck Cond: ((id >= 8860828) AND (id <= 8870827))
	        ->  Bitmap Index Scan on sbtest1_pkey  (cost=0.00..316.38 rows=9994 width=0)
	              Index Cond: ((id >= 8860828) AND (id <= 8870827))

table 2 : explain SELECT SUM(k) FROM sbtest2 WHERE id BETWEEN 5898376 AND 5908375
	Aggregate  (cost=35690.15..35690.16 rows=1 width=8)
	  ->  Bitmap Heap Scan on sbtest2  (cost=330.70..35664.23 rows=10367 width=4)
	        Recheck Cond: ((id >= 5898376) AND (id <= 5908375))
	        ->  Bitmap Index Scan on sbtest2_pkey  (cost=0.00..328.11 rows=10367 width=0)
	              Index Cond: ((id >= 5898376) AND (id <= 5908375))

table 3 : explain SELECT SUM(k) FROM sbtest3 WHERE id BETWEEN 7248103 AND 7258102
	Aggregate  (cost=34257.40..34257.41 rows=1 width=8)
	  ->  Bitmap Heap Scan on sbtest3  (cost=314.05..34232.62 rows=9914 width=4)
	        Recheck Cond: ((id >= 7248103) AND (id <= 7258102))
	        ->  Bitmap Index Scan on sbtest3_pkey  (cost=0.00..311.57 rows=9914 width=0)
	              Index Cond: ((id >= 7248103) AND (id <= 7258102))

table 4 : explain SELECT SUM(k) FROM sbtest4 WHERE id BETWEEN 2877347 AND 2887346
	Aggregate  (cost=37898.04..37898.05 rows=1 width=8)
	  ->  Bitmap Heap Scan on sbtest4  (cost=353.84..37870.38 rows=11064 width=4)
	        Recheck Cond: ((id >= 2877347) AND (id <= 2887346))
	        ->  Bitmap Index Scan on sbtest4_pkey  (cost=0.00..351.07 rows=11064 width=0)
	              Index Cond: ((id >= 2877347) AND (id <= 2887346))

table 5 : explain SELECT SUM(k) FROM sbtest5 WHERE id BETWEEN 887772 AND 897771
	Aggregate  (cost=32778.95..32778.96 rows=1 width=8)
	  ->  Bitmap Heap Scan on sbtest5  (cost=300.94..32755.41 rows=9415 width=4)
	        Recheck Cond: ((id >= 887772) AND (id <= 897771))
	        ->  Bitmap Index Scan on sbtest5_pkey  (cost=0.00..298.58 rows=9415 width=0)
	              Index Cond: ((id >= 887772) AND (id <= 897771))

table 6 : explain SELECT SUM(k) FROM sbtest6 WHERE id BETWEEN 1190039 AND 1200038
	Aggregate  (cost=30169.60..30169.61 rows=1 width=8)
	  ->  Bitmap Heap Scan on sbtest6  (cost=272.71..30148.07 rows=8612 width=4)
	        Recheck Cond: ((id >= 1190039) AND (id <= 1200038))
	        ->  Bitmap Index Scan on sbtest6_pkey  (cost=0.00..270.56 rows=8612 width=0)
	              Index Cond: ((id >= 1190039) AND (id <= 1200038))

table 7 : explain SELECT SUM(k) FROM sbtest7 WHERE id BETWEEN 1489263 AND 1499262
	Aggregate  (cost=34354.36..34354.37 rows=1 width=8)
	  ->  Bitmap Heap Scan on sbtest7  (cost=314.09..34329.57 rows=9918 width=4)
	        Recheck Cond: ((id >= 1489263) AND (id <= 1499262))
	        ->  Bitmap Index Scan on sbtest7_pkey  (cost=0.00..311.62 rows=9918 width=0)
	              Index Cond: ((id >= 1489263) AND (id <= 1499262))

table 8 : explain SELECT SUM(k) FROM sbtest8 WHERE id BETWEEN 8857932 AND 8867931
	Aggregate  (cost=34580.65..34580.66 rows=1 width=8)
	  ->  Bitmap Heap Scan on sbtest8  (cost=314.77..34555.69 rows=9984 width=4)
	        Recheck Cond: ((id >= 8857932) AND (id <= 8867931))
	        ->  Bitmap Index Scan on sbtest8_pkey  (cost=0.00..312.28 rows=9984 width=0)
	              Index Cond: ((id >= 8857932) AND (id <= 8867931))

for point_selects
table 1 : explain SELECT c FROM sbtest1 WHERE id=1392783
	Index Scan using sbtest1_pkey on sbtest1  (cost=0.43..8.45 rows=1 width=121)
	  Index Cond: (id = 1392783)

table 2 : explain SELECT c FROM sbtest2 WHERE id=2391829
	Index Scan using sbtest2_pkey on sbtest2  (cost=0.43..8.45 rows=1 width=121)
	  Index Cond: (id = 2391829)

table 3 : explain SELECT c FROM sbtest3 WHERE id=4735812
	Index Scan using sbtest3_pkey on sbtest3  (cost=0.43..8.45 rows=1 width=121)
	  Index Cond: (id = 4735812)

table 4 : explain SELECT c FROM sbtest4 WHERE id=9225297
	Index Scan using sbtest4_pkey on sbtest4  (cost=0.43..8.45 rows=1 width=121)
	  Index Cond: (id = 9225297)

table 5 : explain SELECT c FROM sbtest5 WHERE id=6627286
	Index Scan using sbtest5_pkey on sbtest5  (cost=0.43..8.45 rows=1 width=121)
	  Index Cond: (id = 6627286)

table 6 : explain SELECT c FROM sbtest6 WHERE id=9797498
	Index Scan using sbtest6_pkey on sbtest6  (cost=0.43..8.45 rows=1 width=121)
	  Index Cond: (id = 9797498)

table 7 : explain SELECT c FROM sbtest7 WHERE id=3403495
	Index Scan using sbtest7_pkey on sbtest7  (cost=0.43..8.45 rows=1 width=121)
	  Index Cond: (id = 3403495)

table 8 : explain SELECT c FROM sbtest8 WHERE id=7600827
	Index Scan using sbtest8_pkey on sbtest8  (cost=0.43..8.45 rows=1 width=121)
	  Index Cond: (id = 7600827)

for: simple_ranges
table 1 : explain SELECT c FROM sbtest1 WHERE id BETWEEN 5390037 AND 5400036
	Bitmap Heap Scan on sbtest1  (cost=332.14..36333.17 rows=10508 width=121)
	  Recheck Cond: ((id >= 5390037) AND (id <= 5400036))
	  ->  Bitmap Index Scan on sbtest1_pkey  (cost=0.00..329.51 rows=10508 width=0)
	        Index Cond: ((id >= 5390037) AND (id <= 5400036))

table 2 : explain SELECT c FROM sbtest2 WHERE id BETWEEN 4314936 AND 4324935
	Bitmap Heap Scan on sbtest2  (cost=312.82..33868.64 rows=9794 width=121)
	  Recheck Cond: ((id >= 4314936) AND (id <= 4324935))
	  ->  Bitmap Index Scan on sbtest2_pkey  (cost=0.00..310.38 rows=9794 width=0)
	        Index Cond: ((id >= 4314936) AND (id <= 4324935))

table 3 : explain SELECT c FROM sbtest3 WHERE id BETWEEN 3521201 AND 3531200
	Bitmap Heap Scan on sbtest3  (cost=290.30..31846.02 rows=9158 width=121)
	  Recheck Cond: ((id >= 3521201) AND (id <= 3531200))
	  ->  Bitmap Index Scan on sbtest3_pkey  (cost=0.00..288.01 rows=9158 width=0)
	        Index Cond: ((id >= 3521201) AND (id <= 3531200))

table 4 : explain SELECT c FROM sbtest4 WHERE id BETWEEN 7714365 AND 7724364
	Bitmap Heap Scan on sbtest4  (cost=328.74..35110.76 rows=10176 width=121)
	  Recheck Cond: ((id >= 7714365) AND (id <= 7724364))
	  ->  Bitmap Index Scan on sbtest4_pkey  (cost=0.00..326.19 rows=10176 width=0)
	        Index Cond: ((id >= 7714365) AND (id <= 7724364))

table 5 : explain SELECT c FROM sbtest5 WHERE id BETWEEN 7816115 AND 7826114
	Bitmap Heap Scan on sbtest5  (cost=342.11..36799.68 rows=10700 width=121)
	  Recheck Cond: ((id >= 7816115) AND (id <= 7826114))
	  ->  Bitmap Index Scan on sbtest5_pkey  (cost=0.00..339.44 rows=10700 width=0)
	        Index Cond: ((id >= 7816115) AND (id <= 7826114))

table 6 : explain SELECT c FROM sbtest6 WHERE id BETWEEN 4591280 AND 4601279
	Bitmap Heap Scan on sbtest6  (cost=313.47..34105.82 rows=9857 width=121)
	  Recheck Cond: ((id >= 4591280) AND (id <= 4601279))
	  ->  Bitmap Index Scan on sbtest6_pkey  (cost=0.00..311.00 rows=9857 width=0)
	        Index Cond: ((id >= 4591280) AND (id <= 4601279))

table 7 : explain SELECT c FROM sbtest7 WHERE id BETWEEN 6373056 AND 6383055
	Bitmap Heap Scan on sbtest7  (cost=319.45..34746.59 rows=10050 width=121)
	  Recheck Cond: ((id >= 6373056) AND (id <= 6383055))
	  ->  Bitmap Index Scan on sbtest7_pkey  (cost=0.00..316.94 rows=10050 width=0)
	        Index Cond: ((id >= 6373056) AND (id <= 6383055))

table 8 : explain SELECT c FROM sbtest8 WHERE id BETWEEN 3170512 AND 3180511
	Bitmap Heap Scan on sbtest8  (cost=319.08..34653.32 rows=10014 width=121)
	  Recheck Cond: ((id >= 3170512) AND (id <= 3180511))
	  ->  Bitmap Index Scan on sbtest8_pkey  (cost=0.00..316.57 rows=10014 width=0)
	        Index Cond: ((id >= 3170512) AND (id <= 3180511))

for: order_ranges
table 1 : explain SELECT c FROM sbtest1 WHERE id BETWEEN 9311556 AND 9321555 ORDER BY c
	Sort  (cost=37824.42..37851.30 rows=10753 width=121)
	  Sort Key: c
	  ->  Bitmap Heap Scan on sbtest1  (cost=342.65..37104.37 rows=10753 width=121)
	        Recheck Cond: ((id >= 9311556) AND (id <= 9321555))
	        ->  Bitmap Index Scan on sbtest1_pkey  (cost=0.00..339.96 rows=10753 width=0)
	              Index Cond: ((id >= 9311556) AND (id <= 9321555))

table 2 : explain SELECT c FROM sbtest2 WHERE id BETWEEN 5426156 AND 5436155 ORDER BY c
	Sort  (cost=35777.29..35802.75 rows=10186 width=121)
	  Sort Key: c
	  ->  Bitmap Heap Scan on sbtest2  (cost=324.84..35099.19 rows=10186 width=121)
	        Recheck Cond: ((id >= 5426156) AND (id <= 5436155))
	        ->  Bitmap Index Scan on sbtest2_pkey  (cost=0.00..322.30 rows=10186 width=0)
	              Index Cond: ((id >= 5426156) AND (id <= 5436155))

table 3 : explain SELECT c FROM sbtest3 WHERE id BETWEEN 7078163 AND 7088162 ORDER BY c
	Sort  (cost=34561.02..34585.55 rows=9811 width=121)
	  Sort Key: c
	  ->  Bitmap Heap Scan on sbtest3  (cost=313.00..33910.54 rows=9811 width=121)
	        Recheck Cond: ((id >= 7078163) AND (id <= 7088162))
	        ->  Bitmap Index Scan on sbtest3_pkey  (cost=0.00..310.55 rows=9811 width=0)
	              Index Cond: ((id >= 7078163) AND (id <= 7088162))

table 4 : explain SELECT c FROM sbtest4 WHERE id BETWEEN 5939904 AND 5949903 ORDER BY c
	Sort  (cost=33019.42..33042.72 rows=9318 width=121)
	  Sort Key: c
	  ->  Bitmap Heap Scan on sbtest4  (cost=299.94..32405.10 rows=9318 width=121)
	        Recheck Cond: ((id >= 5939904) AND (id <= 5949903))
	        ->  Bitmap Index Scan on sbtest4_pkey  (cost=0.00..297.62 rows=9318 width=0)
	              Index Cond: ((id >= 5939904) AND (id <= 5949903))

table 5 : explain SELECT c FROM sbtest5 WHERE id BETWEEN 817112 AND 827111 ORDER BY c
	Sort  (cost=33376.83..33400.37 rows=9415 width=121)
	  Sort Key: c
	  ->  Bitmap Heap Scan on sbtest5  (cost=300.94..32755.41 rows=9415 width=121)
	        Recheck Cond: ((id >= 817112) AND (id <= 827111))
	        ->  Bitmap Index Scan on sbtest5_pkey  (cost=0.00..298.58 rows=9415 width=0)
	              Index Cond: ((id >= 817112) AND (id <= 827111))

table 6 : explain SELECT c FROM sbtest6 WHERE id BETWEEN 8684407 AND 8694406 ORDER BY c
	Sort  (cost=37012.95..37039.35 rows=10559 width=121)
	  Sort Key: c
	  ->  Bitmap Heap Scan on sbtest6  (cost=336.66..36307.29 rows=10559 width=121)
	        Recheck Cond: ((id >= 8684407) AND (id <= 8694406))
	        ->  Bitmap Index Scan on sbtest6_pkey  (cost=0.00..334.03 rows=10559 width=0)
	              Index Cond: ((id >= 8684407) AND (id <= 8694406))

table 7 : explain SELECT c FROM sbtest7 WHERE id BETWEEN 7979004 AND 7989003 ORDER BY c
	Sort  (cost=37849.13..37876.16 rows=10811 width=121)
	  Sort Key: c
	  ->  Bitmap Heap Scan on sbtest7  (cost=343.25..37124.78 rows=10811 width=121)
	        Recheck Cond: ((id >= 7979004) AND (id <= 7989003))
	        ->  Bitmap Index Scan on sbtest7_pkey  (cost=0.00..340.55 rows=10811 width=0)
	              Index Cond: ((id >= 7979004) AND (id <= 7989003))

table 8 : explain SELECT c FROM sbtest8 WHERE id BETWEEN 2699450 AND 2709449 ORDER BY c
	Sort  (cost=34360.85..34385.14 rows=9718 width=121)
	  Sort Key: c
	  ->  Bitmap Heap Scan on sbtest8  (cost=308.04..33717.20 rows=9718 width=121)
	        Recheck Cond: ((id >= 2699450) AND (id <= 2709449))
	        ->  Bitmap Index Scan on sbtest8_pkey  (cost=0.00..305.62 rows=9718 width=0)
	              Index Cond: ((id >= 2699450) AND (id <= 2709449))

for point_selects
table 1 : explain SELECT c FROM sbtest1 WHERE id=1768175
	Index Scan using sbtest1_pkey on sbtest1  (cost=0.43..8.45 rows=1 width=121)
	  Index Cond: (id = 1768175)

table 2 : explain SELECT c FROM sbtest2 WHERE id=7685934
	Index Scan using sbtest2_pkey on sbtest2  (cost=0.43..8.45 rows=1 width=121)
	  Index Cond: (id = 7685934)

table 3 : explain SELECT c FROM sbtest3 WHERE id=7811988
	Index Scan using sbtest3_pkey on sbtest3  (cost=0.43..8.45 rows=1 width=121)
	  Index Cond: (id = 7811988)

table 4 : explain SELECT c FROM sbtest4 WHERE id=2193664
	Index Scan using sbtest4_pkey on sbtest4  (cost=0.43..8.45 rows=1 width=121)
	  Index Cond: (id = 2193664)

table 5 : explain SELECT c FROM sbtest5 WHERE id=3513134
	Index Scan using sbtest5_pkey on sbtest5  (cost=0.43..8.45 rows=1 width=121)
	  Index Cond: (id = 3513134)

table 6 : explain SELECT c FROM sbtest6 WHERE id=6183405
	Index Scan using sbtest6_pkey on sbtest6  (cost=0.43..8.45 rows=1 width=121)
	  Index Cond: (id = 6183405)

table 7 : explain SELECT c FROM sbtest7 WHERE id=3664404
	Index Scan using sbtest7_pkey on sbtest7  (cost=0.43..8.45 rows=1 width=121)
	  Index Cond: (id = 3664404)

table 8 : explain SELECT c FROM sbtest8 WHERE id=2032390
	Index Scan using sbtest8_pkey on sbtest8  (cost=0.43..8.45 rows=1 width=121)
	  Index Cond: (id = 2032390)

for: sum_ranges
table 1 : explain SELECT SUM(k) FROM sbtest1 WHERE id BETWEEN 5481460 AND 5491459
	Aggregate  (cost=31445.08..31445.09 rows=1 width=8)
	  ->  Bitmap Heap Scan on sbtest1  (cost=284.32..31422.67 rows=8964 width=4)
	        Recheck Cond: ((id >= 5481460) AND (id <= 5491459))
	        ->  Bitmap Index Scan on sbtest1_pkey  (cost=0.00..282.07 rows=8964 width=0)
	              Index Cond: ((id >= 5481460) AND (id <= 5491459))

table 2 : explain SELECT SUM(k) FROM sbtest2 WHERE id BETWEEN 774549 AND 784548
	Aggregate  (cost=31679.10..31679.11 rows=1 width=8)
	  ->  Bitmap Heap Scan on sbtest2  (cost=289.65..31656.37 rows=9094 width=4)
	        Recheck Cond: ((id >= 774549) AND (id <= 784548))
	        ->  Bitmap Index Scan on sbtest2_pkey  (cost=0.00..287.38 rows=9094 width=0)
	              Index Cond: ((id >= 774549) AND (id <= 784548))

table 3 : explain SELECT SUM(k) FROM sbtest3 WHERE id BETWEEN 966183 AND 976182
	Aggregate  (cost=34898.44..34898.45 rows=1 width=8)
	  ->  Bitmap Heap Scan on sbtest3  (cost=320.15..34873.14 rows=10119 width=4)
	        Recheck Cond: ((id >= 966183) AND (id <= 976182))
	        ->  Bitmap Index Scan on sbtest3_pkey  (cost=0.00..317.62 rows=10119 width=0)
	              Index Cond: ((id >= 966183) AND (id <= 976182))

table 4 : explain SELECT SUM(k) FROM sbtest4 WHERE id BETWEEN 4657150 AND 4667149
	Aggregate  (cost=33960.84..33960.85 rows=1 width=8)
	  ->  Bitmap Heap Scan on sbtest4  (cost=316.91..33936.34 rows=9802 width=4)
	        Recheck Cond: ((id >= 4657150) AND (id <= 4667149))
	        ->  Bitmap Index Scan on sbtest4_pkey  (cost=0.00..314.45 rows=9802 width=0)
	              Index Cond: ((id >= 4657150) AND (id <= 4667149))

table 5 : explain SELECT SUM(k) FROM sbtest5 WHERE id BETWEEN 224924 AND 234923
	Aggregate  (cost=35449.33..35449.34 rows=1 width=8)
	  ->  Bitmap Heap Scan on sbtest5  (cost=325.61..35423.67 rows=10261 width=4)
	        Recheck Cond: ((id >= 224924) AND (id <= 234923))
	        ->  Bitmap Index Scan on sbtest5_pkey  (cost=0.00..323.05 rows=10261 width=0)
	              Index Cond: ((id >= 224924) AND (id <= 234923))

table 6 : explain SELECT SUM(k) FROM sbtest6 WHERE id BETWEEN 3930590 AND 3940589
	Aggregate  (cost=36176.71..36176.72 rows=1 width=8)
	  ->  Bitmap Heap Scan on sbtest6  (cost=336.15..36150.44 rows=10509 width=4)
	        Recheck Cond: ((id >= 3930590) AND (id <= 3940589))
	        ->  Bitmap Index Scan on sbtest6_pkey  (cost=0.00..333.53 rows=10509 width=0)
	              Index Cond: ((id >= 3930590) AND (id <= 3940589))

table 7 : explain SELECT SUM(k) FROM sbtest7 WHERE id BETWEEN 1134521 AND 1144520
	Aggregate  (cost=33699.93..33699.94 rows=1 width=8)
	  ->  Bitmap Heap Scan on sbtest7  (cost=307.97..33675.65 rows=9711 width=4)
	        Recheck Cond: ((id >= 1134521) AND (id <= 1144520))
	        ->  Bitmap Index Scan on sbtest7_pkey  (cost=0.00..305.55 rows=9711 width=0)
	              Index Cond: ((id >= 1134521) AND (id <= 1144520))

table 8 : explain SELECT SUM(k) FROM sbtest8 WHERE id BETWEEN 8262508 AND 8272507
	Aggregate  (cost=33809.59..33809.60 rows=1 width=8)
	  ->  Bitmap Heap Scan on sbtest8  (cost=308.27..33785.24 rows=9740 width=4)
	        Recheck Cond: ((id >= 8262508) AND (id <= 8272507))
	        ->  Bitmap Index Scan on sbtest8_pkey  (cost=0.00..305.83 rows=9740 width=0)
	              Index Cond: ((id >= 8262508) AND (id <= 8272507))

for: simple_ranges
table 1 : explain SELECT c FROM sbtest1 WHERE id BETWEEN 7165078 AND 7175077
	Bitmap Heap Scan on sbtest1  (cost=326.19..35735.15 rows=10318 width=121)
	  Recheck Cond: ((id >= 7165078) AND (id <= 7175077))
	  ->  Bitmap Index Scan on sbtest1_pkey  (cost=0.00..323.62 rows=10318 width=0)
	        Index Cond: ((id >= 7165078) AND (id <= 7175077))

table 2 : explain SELECT c FROM sbtest2 WHERE id BETWEEN 1716798 AND 1726797
	Bitmap Heap Scan on sbtest2  (cost=347.24..37043.19 rows=10810 width=121)
	  Recheck Cond: ((id >= 1716798) AND (id <= 1726797))
	  ->  Bitmap Index Scan on sbtest2_pkey  (cost=0.00..344.54 rows=10810 width=0)
	        Index Cond: ((id >= 1716798) AND (id <= 1726797))

table 3 : explain SELECT c FROM sbtest3 WHERE id BETWEEN 9723496 AND 9733495
	Bitmap Heap Scan on sbtest3  (cost=301.98..32982.32 rows=9517 width=121)
	  Recheck Cond: ((id >= 9723496) AND (id <= 9733495))
	  ->  Bitmap Index Scan on sbtest3_pkey  (cost=0.00..299.61 rows=9517 width=0)
	        Index Cond: ((id >= 9723496) AND (id <= 9733495))

table 4 : explain SELECT c FROM sbtest4 WHERE id BETWEEN 906679 AND 916678
	Bitmap Heap Scan on sbtest4  (cost=311.50..33502.45 rows=9665 width=121)
	  Recheck Cond: ((id >= 906679) AND (id <= 916678))
	  ->  Bitmap Index Scan on sbtest4_pkey  (cost=0.00..309.08 rows=9665 width=0)
	        Index Cond: ((id >= 906679) AND (id <= 916678))

table 5 : explain SELECT c FROM sbtest5 WHERE id BETWEEN 3615950 AND 3625949
	Bitmap Heap Scan on sbtest5  (cost=329.67..35446.98 rows=10267 width=121)
	  Recheck Cond: ((id >= 3615950) AND (id <= 3625949))
	  ->  Bitmap Index Scan on sbtest5_pkey  (cost=0.00..327.11 rows=10267 width=0)
	        Index Cond: ((id >= 3615950) AND (id <= 3625949))

table 6 : explain SELECT c FROM sbtest6 WHERE id BETWEEN 9210779 AND 9220778
	Bitmap Heap Scan on sbtest6  (cost=289.87..31761.56 rows=9116 width=121)
	  Recheck Cond: ((id >= 9210779) AND (id <= 9220778))
	  ->  Bitmap Index Scan on sbtest6_pkey  (cost=0.00..287.59 rows=9116 width=0)
	        Index Cond: ((id >= 9210779) AND (id <= 9220778))

table 7 : explain SELECT c FROM sbtest7 WHERE id BETWEEN 8270576 AND 8280575
	Bitmap Heap Scan on sbtest7  (cost=348.37..37464.04 rows=10920 width=121)
	  Recheck Cond: ((id >= 8270576) AND (id <= 8280575))
	  ->  Bitmap Index Scan on sbtest7_pkey  (cost=0.00..345.63 rows=10920 width=0)
	        Index Cond: ((id >= 8270576) AND (id <= 8280575))

table 8 : explain SELECT c FROM sbtest8 WHERE id BETWEEN 2194747 AND 2204746
	Bitmap Heap Scan on sbtest8  (cost=336.89..36431.49 rows=10581 width=121)
	  Recheck Cond: ((id >= 2194747) AND (id <= 2204746))
	  ->  Bitmap Index Scan on sbtest8_pkey  (cost=0.00..334.25 rows=10581 width=0)
	        Index Cond: ((id >= 2194747) AND (id <= 2204746))

for: order_ranges
table 1 : explain SELECT c FROM sbtest1 WHERE id BETWEEN 8829700 AND 8839699 ORDER BY c
	Sort  (cost=35378.33..35403.32 rows=9994 width=121)
	  Sort Key: c
	  ->  Bitmap Heap Scan on sbtest1  (cost=318.87..34714.39 rows=9994 width=121)
	        Recheck Cond: ((id >= 8829700) AND (id <= 8839699))
	        ->  Bitmap Index Scan on sbtest1_pkey  (cost=0.00..316.38 rows=9994 width=0)
	              Index Cond: ((id >= 8829700) AND (id <= 8839699))

table 2 : explain SELECT c FROM sbtest2 WHERE id BETWEEN 1542976 AND 1552975 ORDER BY c
	Sort  (cost=36775.85..36802.10 rows=10499 width=121)
	  Sort Key: c
	  ->  Bitmap Heap Scan on sbtest2  (cost=336.05..36074.63 rows=10499 width=121)
	        Recheck Cond: ((id >= 1542976) AND (id <= 1552975))
	        ->  Bitmap Index Scan on sbtest2_pkey  (cost=0.00..333.43 rows=10499 width=0)
	              Index Cond: ((id >= 1542976) AND (id <= 1552975))

table 3 : explain SELECT c FROM sbtest3 WHERE id BETWEEN 2918282 AND 2928281 ORDER BY c
	Sort  (cost=34121.15..34145.33 rows=9674 width=121)
	  Sort Key: c
	  ->  Bitmap Heap Scan on sbtest3  (cost=307.59..33480.73 rows=9674 width=121)
	        Recheck Cond: ((id >= 2918282) AND (id <= 2928281))
	        ->  Bitmap Index Scan on sbtest3_pkey  (cost=0.00..305.18 rows=9674 width=0)
	              Index Cond: ((id >= 2918282) AND (id <= 2928281))

table 4 : explain SELECT c FROM sbtest4 WHERE id BETWEEN 4464530 AND 4474529 ORDER BY c
	Sort  (cost=37060.26..37086.69 rows=10574 width=121)
	  Sort Key: c
	  ->  Bitmap Heap Scan on sbtest4  (cost=340.82..36353.48 rows=10574 width=121)
	        Recheck Cond: ((id >= 4464530) AND (id <= 4474529))
	        ->  Bitmap Index Scan on sbtest4_pkey  (cost=0.00..338.18 rows=10574 width=0)
	              Index Cond: ((id >= 4464530) AND (id <= 4474529))

table 5 : explain SELECT c FROM sbtest5 WHERE id BETWEEN 7187068 AND 7197067 ORDER BY c
	Sort  (cost=35295.07..35320.09 rows=10008 width=121)
	  Sort Key: c
	  ->  Bitmap Heap Scan on sbtest5  (cost=319.02..34630.09 rows=10008 width=121)
	        Recheck Cond: ((id >= 7187068) AND (id <= 7197067))
	        ->  Bitmap Index Scan on sbtest5_pkey  (cost=0.00..316.51 rows=10008 width=0)
	              Index Cond: ((id >= 7187068) AND (id <= 7197067))

table 6 : explain SELECT c FROM sbtest6 WHERE id BETWEEN 1937722 AND 1947721 ORDER BY c
	Sort  (cost=34931.35..34956.12 rows=9910 width=121)
	  Sort Key: c
	  ->  Bitmap Heap Scan on sbtest6  (cost=314.01..34273.59 rows=9910 width=121)
	        Recheck Cond: ((id >= 1937722) AND (id <= 1947721))
	        ->  Bitmap Index Scan on sbtest6_pkey  (cost=0.00..311.54 rows=9910 width=0)
	              Index Cond: ((id >= 1937722) AND (id <= 1947721))

table 7 : explain SELECT c FROM sbtest7 WHERE id BETWEEN 9090428 AND 9100427 ORDER BY c
	Sort  (cost=32344.84..32367.60 rows=9103 width=121)
	  Sort Key: c
	  ->  Bitmap Heap Scan on sbtest7  (cost=289.74..31746.22 rows=9103 width=121)
	        Recheck Cond: ((id >= 9090428) AND (id <= 9100427))
	        ->  Bitmap Index Scan on sbtest7_pkey  (cost=0.00..287.46 rows=9103 width=0)
	              Index Cond: ((id >= 9090428) AND (id <= 9100427))

table 8 : explain SELECT c FROM sbtest8 WHERE id BETWEEN 8596108 AND 8606107 ORDER BY c
	Sort  (cost=33276.52..33299.98 rows=9384 width=121)
	  Sort Key: c
	  ->  Bitmap Heap Scan on sbtest8  (cost=296.62..32657.36 rows=9384 width=121)
	        Recheck Cond: ((id >= 8596108) AND (id <= 8606107))
	        ->  Bitmap Index Scan on sbtest8_pkey  (cost=0.00..294.28 rows=9384 width=0)
	              Index Cond: ((id >= 8596108) AND (id <= 8606107))

explain: for point_selects :: explain SELECT c FROM sbtest%u WHERE id=%u
for: sum_ranges
table 1 : explain SELECT SUM(k) FROM sbtest1 WHERE id BETWEEN 3141871 AND 3151870
	Aggregate  (cost=34329.20..34329.21 rows=1 width=8)
	  ->  Bitmap Heap Scan on sbtest1  (cost=313.55..34304.54 rows=9865 width=4)
	        Recheck Cond: ((id >= 3141871) AND (id <= 3151870))
	        ->  Bitmap Index Scan on sbtest1_pkey  (cost=0.00..311.08 rows=9865 width=0)
	              Index Cond: ((id >= 3141871) AND (id <= 3151870))

table 2 : explain SELECT SUM(k) FROM sbtest2 WHERE id BETWEEN 7476000 AND 7485999
	Aggregate  (cost=34780.75..34780.76 rows=1 width=8)
	  ->  Bitmap Heap Scan on sbtest2  (cost=323.71..34755.56 rows=10076 width=4)
	        Recheck Cond: ((id >= 7476000) AND (id <= 7485999))
	        ->  Bitmap Index Scan on sbtest2_pkey  (cost=0.00..321.19 rows=10076 width=0)
	              Index Cond: ((id >= 7476000) AND (id <= 7485999))

table 3 : explain SELECT SUM(k) FROM sbtest3 WHERE id BETWEEN 9988160 AND 9998159
	Aggregate  (cost=33760.05..33760.06 rows=1 width=8)
	  ->  Bitmap Heap Scan on sbtest3  (cost=308.43..33735.66 rows=9756 width=4)
	        Recheck Cond: ((id >= 9988160) AND (id <= 9998159))
	        ->  Bitmap Index Scan on sbtest3_pkey  (cost=0.00..306.00 rows=9756 width=0)
	              Index Cond: ((id >= 9988160) AND (id <= 9998159))

table 4 : explain SELECT SUM(k) FROM sbtest4 WHERE id BETWEEN 5207348 AND 5217347
	Aggregate  (cost=39284.84..39284.85 rows=1 width=8)
	  ->  Bitmap Heap Scan on sbtest4  (cost=370.44..39256.06 rows=11513 width=4)
	        Recheck Cond: ((id >= 5207348) AND (id <= 5217347))
	        ->  Bitmap Index Scan on sbtest4_pkey  (cost=0.00..367.56 rows=11513 width=0)
	              Index Cond: ((id >= 5207348) AND (id <= 5217347))

table 5 : explain SELECT SUM(k) FROM sbtest5 WHERE id BETWEEN 317991 AND 327990
	Aggregate  (cost=36804.01..36804.02 rows=1 width=8)
	  ->  Bitmap Heap Scan on sbtest5  (cost=342.04..36777.27 rows=10693 width=4)
	        Recheck Cond: ((id >= 317991) AND (id <= 327990))
	        ->  Bitmap Index Scan on sbtest5_pkey  (cost=0.00..339.37 rows=10693 width=0)
	              Index Cond: ((id >= 317991) AND (id <= 327990))

table 6 : explain SELECT SUM(k) FROM sbtest6 WHERE id BETWEEN 9543355 AND 9553354
	Aggregate  (cost=34460.51..34460.52 rows=1 width=8)
	  ->  Bitmap Heap Scan on sbtest6  (cost=318.54..34435.60 rows=9961 width=4)
	        Recheck Cond: ((id >= 9543355) AND (id <= 9553354))
	        ->  Bitmap Index Scan on sbtest6_pkey  (cost=0.00..316.05 rows=9961 width=0)
	              Index Cond: ((id >= 9543355) AND (id <= 9553354))

table 7 : explain SELECT SUM(k) FROM sbtest7 WHERE id BETWEEN 1949107 AND 1959106
	Aggregate  (cost=34942.69..34942.70 rows=1 width=8)
	  ->  Bitmap Heap Scan on sbtest7  (cost=320.01..34917.43 rows=10105 width=4)
	        Recheck Cond: ((id >= 1949107) AND (id <= 1959106))
	        ->  Bitmap Index Scan on sbtest7_pkey  (cost=0.00..317.49 rows=10105 width=0)
	              Index Cond: ((id >= 1949107) AND (id <= 1959106))

table 8 : explain SELECT SUM(k) FROM sbtest8 WHERE id BETWEEN 56139 AND 66138
	Aggregate  (cost=35017.34..35017.35 rows=1 width=8)
	  ->  Bitmap Heap Scan on sbtest8  (cost=320.19..34992.04 rows=10122 width=4)
	        Recheck Cond: ((id >= 56139) AND (id <= 66138))
	        ->  Bitmap Index Scan on sbtest8_pkey  (cost=0.00..317.66 rows=10122 width=0)
	              Index Cond: ((id >= 56139) AND (id <= 66138))

explain: for point_selects :: explain SELECT c FROM sbtest%u WHERE id=%u
explain: for point_selects :: explain SELECT c FROM sbtest%u WHERE id=%u
for: simple_ranges
table 1 : explain SELECT c FROM sbtest1 WHERE id BETWEEN 5104102 AND 5114101
	Bitmap Heap Scan on sbtest1  (cost=343.78..37448.21 rows=10863 width=121)
	  Recheck Cond: ((id >= 5104102) AND (id <= 5114101))
	  ->  Bitmap Index Scan on sbtest1_pkey  (cost=0.00..341.06 rows=10863 width=0)
	        Index Cond: ((id >= 5104102) AND (id <= 5114101))

table 2 : explain SELECT c FROM sbtest2 WHERE id BETWEEN 8296301 AND 8306300
	Bitmap Heap Scan on sbtest2  (cost=323.36..34646.26 rows=10041 width=121)
	  Recheck Cond: ((id >= 8296301) AND (id <= 8306300))
	  ->  Bitmap Index Scan on sbtest2_pkey  (cost=0.00..320.84 rows=10041 width=0)
	        Index Cond: ((id >= 8296301) AND (id <= 8306300))

table 3 : explain SELECT c FROM sbtest3 WHERE id BETWEEN 7618584 AND 7628583
	Bitmap Heap Scan on sbtest3  (cost=324.95..35121.02 rows=10197 width=121)
	  Recheck Cond: ((id >= 7618584) AND (id <= 7628583))
	  ->  Bitmap Index Scan on sbtest3_pkey  (cost=0.00..322.41 rows=10197 width=0)
	        Index Cond: ((id >= 7618584) AND (id <= 7628583))

table 4 : explain SELECT c FROM sbtest4 WHERE id BETWEEN 8792836 AND 8802835
	Bitmap Heap Scan on sbtest4  (cost=305.32..32831.13 rows=9452 width=121)
	  Recheck Cond: ((id >= 8792836) AND (id <= 8802835))
	  ->  Bitmap Index Scan on sbtest4_pkey  (cost=0.00..302.95 rows=9452 width=0)
	        Index Cond: ((id >= 8792836) AND (id <= 8802835))

table 5 : explain SELECT c FROM sbtest5 WHERE id BETWEEN 9453429 AND 9463428
	Bitmap Heap Scan on sbtest5  (cost=288.78..31463.12 rows=9009 width=121)
	  Recheck Cond: ((id >= 9453429) AND (id <= 9463428))
	  ->  Bitmap Index Scan on sbtest5_pkey  (cost=0.00..286.53 rows=9009 width=0)
	        Index Cond: ((id >= 9453429) AND (id <= 9463428))

table 6 : explain SELECT c FROM sbtest6 WHERE id BETWEEN 4295969 AND 4305968
	Bitmap Heap Scan on sbtest6  (cost=348.07..37337.38 rows=10891 width=121)
	  Recheck Cond: ((id >= 4295969) AND (id <= 4305968))
	  ->  Bitmap Index Scan on sbtest6_pkey  (cost=0.00..345.34 rows=10891 width=0)
	        Index Cond: ((id >= 4295969) AND (id <= 4305968))

table 7 : explain SELECT c FROM sbtest7 WHERE id BETWEEN 2420973 AND 2430972
	Bitmap Heap Scan on sbtest7  (cost=312.77..33925.58 rows=9789 width=121)
	  Recheck Cond: ((id >= 2420973) AND (id <= 2430972))
	  ->  Bitmap Index Scan on sbtest7_pkey  (cost=0.00..310.32 rows=9789 width=0)
	        Index Cond: ((id >= 2420973) AND (id <= 2430972))

table 8 : explain SELECT c FROM sbtest8 WHERE id BETWEEN 4480459 AND 4490458
	Bitmap Heap Scan on sbtest8  (cost=319.97..34924.34 rows=10101 width=121)
	  Recheck Cond: ((id >= 4480459) AND (id <= 4490458))
	  ->  Bitmap Index Scan on sbtest8_pkey  (cost=0.00..317.44 rows=10101 width=0)
	        Index Cond: ((id >= 4480459) AND (id <= 4490458))

for: distinct_ranges
table 1 : explain SELECT DISTINCT c FROM sbtest1 WHERE id BETWEEN 7235845 AND 7245844 ORDER BY c
	Unique  (cost=34422.57..34471.07 rows=9701 width=121)
	  ->  Sort  (cost=34422.57..34446.82 rows=9701 width=121)
	        Sort Key: c
	        ->  Bitmap Heap Scan on sbtest1  (cost=307.87..33780.17 rows=9701 width=121)
	              Recheck Cond: ((id >= 7235845) AND (id <= 7245844))
	              ->  Bitmap Index Scan on sbtest1_pkey  (cost=0.00..305.44 rows=9701 width=0)
	                    Index Cond: ((id >= 7235845) AND (id <= 7245844))

table 2 : explain SELECT DISTINCT c FROM sbtest2 WHERE id BETWEEN 8426619 AND 8436618 ORDER BY c
	Unique  (cost=33631.02..33678.61 rows=9518 width=121)
	  ->  Sort  (cost=33631.02..33654.81 rows=9518 width=121)
	        Sort Key: c
	        ->  Bitmap Heap Scan on sbtest2  (cost=305.99..33002.05 rows=9518 width=121)
	              Recheck Cond: ((id >= 8426619) AND (id <= 8436618))
	              ->  Bitmap Index Scan on sbtest2_pkey  (cost=0.00..303.62 rows=9518 width=0)
	                    Index Cond: ((id >= 8426619) AND (id <= 8436618))

table 3 : explain SELECT DISTINCT c FROM sbtest3 WHERE id BETWEEN 3863331 AND 3873330 ORDER BY c
	Unique  (cost=35878.75..35929.86 rows=10222 width=121)
	  ->  Sort  (cost=35878.75..35904.30 rows=10222 width=121)
	        Sort Key: c
	        ->  Bitmap Heap Scan on sbtest3  (cost=325.21..35197.99 rows=10222 width=121)
	              Recheck Cond: ((id >= 3863331) AND (id <= 3873330))
	              ->  Bitmap Index Scan on sbtest3_pkey  (cost=0.00..322.66 rows=10222 width=0)
	                    Index Cond: ((id >= 3863331) AND (id <= 3873330))

table 4 : explain SELECT DISTINCT c FROM sbtest4 WHERE id BETWEEN 2490481 AND 2500480 ORDER BY c
	Unique  (cost=34251.43..34299.92 rows=9699 width=121)
	  ->  Sort  (cost=34251.43..34275.68 rows=9699 width=121)
	        Sort Key: c
	        ->  Bitmap Heap Scan on sbtest4  (cost=311.85..33609.18 rows=9699 width=121)
	              Recheck Cond: ((id >= 2490481) AND (id <= 2500480))
	              ->  Bitmap Index Scan on sbtest4_pkey  (cost=0.00..309.43 rows=9699 width=0)
	                    Index Cond: ((id >= 2490481) AND (id <= 2500480))

table 5 : explain SELECT DISTINCT c FROM sbtest5 WHERE id BETWEEN 2434252 AND 2444251 ORDER BY c
	Unique  (cost=34144.91..34193.17 rows=9652 width=121)
	  ->  Sort  (cost=34144.91..34169.04 rows=9652 width=121)
	        Sort Key: c
	        ->  Bitmap Heap Scan on sbtest5  (cost=307.37..33506.11 rows=9652 width=121)
	              Recheck Cond: ((id >= 2434252) AND (id <= 2444251))
	              ->  Bitmap Index Scan on sbtest5_pkey  (cost=0.00..304.95 rows=9652 width=0)
	                    Index Cond: ((id >= 2434252) AND (id <= 2444251))

table 6 : explain SELECT DISTINCT c FROM sbtest6 WHERE id BETWEEN 6795629 AND 6805628 ORDER BY c
	Unique  (cost=36766.41..36818.82 rows=10483 width=121)
	  ->  Sort  (cost=36766.41..36792.62 rows=10483 width=121)
	        Sort Key: c
	        ->  Bitmap Heap Scan on sbtest6  (cost=331.89..36066.37 rows=10483 width=121)
	              Recheck Cond: ((id >= 6795629) AND (id <= 6805628))
	              ->  Bitmap Index Scan on sbtest6_pkey  (cost=0.00..329.26 rows=10483 width=0)
	                    Index Cond: ((id >= 6795629) AND (id <= 6805628))

table 7 : explain SELECT DISTINCT c FROM sbtest7 WHERE id BETWEEN 571949 AND 581948 ORDER BY c
	Unique  (cost=34766.39..34815.63 rows=9849 width=121)
	  ->  Sort  (cost=34766.39..34791.01 rows=9849 width=121)
	        Sort Key: c
	        ->  Bitmap Heap Scan on sbtest7  (cost=313.39..34113.11 rows=9849 width=121)
	              Recheck Cond: ((id >= 571949) AND (id <= 581948))
	              ->  Bitmap Index Scan on sbtest7_pkey  (cost=0.00..310.93 rows=9849 width=0)
	                    Index Cond: ((id >= 571949) AND (id <= 581948))

table 8 : explain SELECT DISTINCT c FROM sbtest8 WHERE id BETWEEN 4215894 AND 4225893 ORDER BY c
	Unique  (cost=36051.97..36103.18 rows=10242 width=121)
	  ->  Sort  (cost=36051.97..36077.57 rows=10242 width=121)
	        Sort Key: c
	        ->  Bitmap Heap Scan on sbtest8  (cost=325.42..35369.74 rows=10242 width=121)
	              Recheck Cond: ((id >= 4215894) AND (id <= 4225893))
	              ->  Bitmap Index Scan on sbtest8_pkey  (cost=0.00..322.86 rows=10242 width=0)
	                    Index Cond: ((id >= 4215894) AND (id <= 4225893))

explain: for point_selects :: explain SELECT c FROM sbtest%u WHERE id=%u
explain: for point_selects :: explain SELECT c FROM sbtest%u WHERE id=%u
for: order_ranges
table 1 : explain SELECT c FROM sbtest1 WHERE id BETWEEN 686596 AND 696595 ORDER BY c
	Sort  (cost=34405.83..34430.06 rows=9695 width=121)
	  Sort Key: c
	  ->  Bitmap Heap Scan on sbtest1  (cost=307.81..33763.87 rows=9695 width=121)
	        Recheck Cond: ((id >= 686596) AND (id <= 696595))
	        ->  Bitmap Index Scan on sbtest1_pkey  (cost=0.00..305.38 rows=9695 width=0)
	              Index Cond: ((id >= 686596) AND (id <= 696595))

table 2 : explain SELECT c FROM sbtest2 WHERE id BETWEEN 9085546 AND 9095545 ORDER BY c
	Sort  (cost=34534.36..34558.86 rows=9799 width=121)
	  Sort Key: c
	  ->  Bitmap Heap Scan on sbtest2  (cost=312.87..33884.76 rows=9799 width=121)
	        Recheck Cond: ((id >= 9085546) AND (id <= 9095545))
	        ->  Bitmap Index Scan on sbtest2_pkey  (cost=0.00..310.43 rows=9799 width=0)
	              Index Cond: ((id >= 9085546) AND (id <= 9095545))

table 3 : explain SELECT c FROM sbtest3 WHERE id BETWEEN 1035017 AND 1045016 ORDER BY c
	Sort  (cost=35615.24..35640.59 rows=10140 width=121)
	  Sort Key: c
	  ->  Bitmap Heap Scan on sbtest3  (cost=320.37..34940.54 rows=10140 width=121)
	        Recheck Cond: ((id >= 1035017) AND (id <= 1045016))
	        ->  Bitmap Index Scan on sbtest3_pkey  (cost=0.00..317.83 rows=10140 width=0)
	              Index Cond: ((id >= 1035017) AND (id <= 1045016))

table 4 : explain SELECT c FROM sbtest4 WHERE id BETWEEN 9053527 AND 9063526 ORDER BY c
	Sort  (cost=31768.52..31790.85 rows=8934 width=121)
	  Sort Key: c
	  ->  Bitmap Heap Scan on sbtest4  (cost=288.01..31182.22 rows=8934 width=121)
	        Recheck Cond: ((id >= 9053527) AND (id <= 9063526))
	        ->  Bitmap Index Scan on sbtest4_pkey  (cost=0.00..285.78 rows=8934 width=0)
	              Index Cond: ((id >= 9053527) AND (id <= 9063526))

table 5 : explain SELECT c FROM sbtest5 WHERE id BETWEEN 9394812 AND 9404811 ORDER BY c
	Sort  (cost=32054.89..32077.41 rows=9009 width=121)
	  Sort Key: c
	  ->  Bitmap Heap Scan on sbtest5  (cost=288.78..31463.12 rows=9009 width=121)
	        Recheck Cond: ((id >= 9394812) AND (id <= 9404811))
	        ->  Bitmap Index Scan on sbtest5_pkey  (cost=0.00..286.53 rows=9009 width=0)
	              Index Cond: ((id >= 9394812) AND (id <= 9404811))

table 6 : explain SELECT c FROM sbtest6 WHERE id BETWEEN 9678161 AND 9688160 ORDER BY c
	Sort  (cost=36842.48..36868.74 rows=10505 width=121)
	  Sort Key: c
	  ->  Bitmap Heap Scan on sbtest6  (cost=336.11..36140.81 rows=10505 width=121)
	        Recheck Cond: ((id >= 9678161) AND (id <= 9688160))
	        ->  Bitmap Index Scan on sbtest6_pkey  (cost=0.00..333.49 rows=10505 width=0)
	              Index Cond: ((id >= 9678161) AND (id <= 9688160))

table 7 : explain SELECT c FROM sbtest7 WHERE id BETWEEN 6619057 AND 6629056 ORDER BY c
	Sort  (cost=33571.57..33595.27 rows=9480 width=121)
	  Sort Key: c
	  ->  Bitmap Heap Scan on sbtest7  (cost=301.61..32945.39 rows=9480 width=121)
	        Recheck Cond: ((id >= 6619057) AND (id <= 6629056))
	        ->  Bitmap Index Scan on sbtest7_pkey  (cost=0.00..299.24 rows=9480 width=0)
	              Index Cond: ((id >= 6619057) AND (id <= 6629056))

table 8 : explain SELECT c FROM sbtest8 WHERE id BETWEEN 3551924 AND 3561923 ORDER BY c
	Sort  (cost=33868.99..33892.91 rows=9566 width=121)
	  Sort Key: c
	  ->  Bitmap Heap Scan on sbtest8  (cost=302.49..33236.51 rows=9566 width=121)
	        Recheck Cond: ((id >= 3551924) AND (id <= 3561923))
	        ->  Bitmap Index Scan on sbtest8_pkey  (cost=0.00..300.09 rows=9566 width=0)
	              Index Cond: ((id >= 3551924) AND (id <= 3561923))

for: sum_ranges
table 1 : explain SELECT SUM(k) FROM sbtest1 WHERE id BETWEEN 1065503 AND 1075502
	Aggregate  (cost=37176.29..37176.30 rows=1 width=8)
	  ->  Bitmap Heap Scan on sbtest1  (cost=342.80..37149.37 rows=10767 width=4)
	        Recheck Cond: ((id >= 1065503) AND (id <= 1075502))
	        ->  Bitmap Index Scan on sbtest1_pkey  (cost=0.00..340.11 rows=10767 width=0)
	              Index Cond: ((id >= 1065503) AND (id <= 1075502))

table 2 : explain SELECT SUM(k) FROM sbtest2 WHERE id BETWEEN 1394550 AND 1404549
	Aggregate  (cost=36827.03..36827.04 rows=1 width=8)
	  ->  Bitmap Heap Scan on sbtest2  (cost=342.45..36800.20 rows=10733 width=4)
	        Recheck Cond: ((id >= 1394550) AND (id <= 1404549))
	        ->  Bitmap Index Scan on sbtest2_pkey  (cost=0.00..339.76 rows=10733 width=0)
	              Index Cond: ((id >= 1394550) AND (id <= 1404549))

table 3 : explain SELECT SUM(k) FROM sbtest3 WHERE id BETWEEN 1436596 AND 1446595
	Aggregate  (cost=35617.96..35617.97 rows=1 width=8)
	  ->  Bitmap Heap Scan on sbtest3  (cost=326.51..35592.09 rows=10349 width=4)
	        Recheck Cond: ((id >= 1436596) AND (id <= 1446595))
	        ->  Bitmap Index Scan on sbtest3_pkey  (cost=0.00..323.93 rows=10349 width=0)
	              Index Cond: ((id >= 1436596) AND (id <= 1446595))

table 4 : explain SELECT SUM(k) FROM sbtest4 WHERE id BETWEEN 3540724 AND 3550723
	Aggregate  (cost=37681.46..37681.47 rows=1 width=8)
	  ->  Bitmap Heap Scan on sbtest4  (cost=353.11..37653.98 rows=10993 width=4)
	        Recheck Cond: ((id >= 3540724) AND (id <= 3550723))
	        ->  Bitmap Index Scan on sbtest4_pkey  (cost=0.00..350.37 rows=10993 width=0)
	              Index Cond: ((id >= 3540724) AND (id <= 3550723))

table 5 : explain SELECT SUM(k) FROM sbtest5 WHERE id BETWEEN 6577820 AND 6587819
	Aggregate  (cost=35488.74..35488.75 rows=1 width=8)
	  ->  Bitmap Heap Scan on sbtest5  (cost=329.72..35463.06 rows=10272 width=4)
	        Recheck Cond: ((id >= 6577820) AND (id <= 6587819))
	        ->  Bitmap Index Scan on sbtest5_pkey  (cost=0.00..327.16 rows=10272 width=0)
	              Index Cond: ((id >= 6577820) AND (id <= 6587819))

table 6 : explain SELECT SUM(k) FROM sbtest6 WHERE id BETWEEN 9049551 AND 9059550
	Aggregate  (cost=35044.56..35044.57 rows=1 width=8)
	  ->  Bitmap Heap Scan on sbtest6  (cost=324.44..35019.20 rows=10147 width=4)
	        Recheck Cond: ((id >= 9049551) AND (id <= 9059550))
	        ->  Bitmap Index Scan on sbtest6_pkey  (cost=0.00..321.91 rows=10147 width=0)
	              Index Cond: ((id >= 9049551) AND (id <= 9059550))

table 7 : explain SELECT SUM(k) FROM sbtest7 WHERE id BETWEEN 3762441 AND 3772440
	Aggregate  (cost=36147.47..36147.48 rows=1 width=8)
	  ->  Bitmap Heap Scan on sbtest7  (cost=331.95..36121.25 rows=10489 width=4)
	        Recheck Cond: ((id >= 3762441) AND (id <= 3772440))
	        ->  Bitmap Index Scan on sbtest7_pkey  (cost=0.00..329.32 rows=10489 width=0)
	              Index Cond: ((id >= 3762441) AND (id <= 3772440))

table 8 : explain SELECT SUM(k) FROM sbtest8 WHERE id BETWEEN 795066 AND 805065
	Aggregate  (cost=34448.12..34448.13 rows=1 width=8)
	  ->  Bitmap Heap Scan on sbtest8  (cost=314.34..34423.27 rows=9942 width=4)
	        Recheck Cond: ((id >= 795066) AND (id <= 805065))
	        ->  Bitmap Index Scan on sbtest8_pkey  (cost=0.00..311.86 rows=9942 width=0)
	              Index Cond: ((id >= 795066) AND (id <= 805065))

for: distinct_ranges
table 1 : explain SELECT DISTINCT c FROM sbtest1 WHERE id BETWEEN 1953735 AND 1963734 ORDER BY c
	Unique  (cost=36343.57..36395.03 rows=10293 width=121)
	  ->  Sort  (cost=36343.57..36369.30 rows=10293 width=121)
	        Sort Key: c
	        ->  Bitmap Heap Scan on sbtest1  (cost=325.94..35657.57 rows=10293 width=121)
	              Recheck Cond: ((id >= 1953735) AND (id <= 1963734))
	              ->  Bitmap Index Scan on sbtest1_pkey  (cost=0.00..323.37 rows=10293 width=0)
	                    Index Cond: ((id >= 1953735) AND (id <= 1963734))

table 2 : explain SELECT DISTINCT c FROM sbtest2 WHERE id BETWEEN 9544620 AND 9554619 ORDER BY c
	Unique  (cost=36939.42..36992.17 rows=10550 width=121)
	  ->  Sort  (cost=36939.42..36965.80 rows=10550 width=121)
	        Sort Key: c
	        ->  Bitmap Heap Scan on sbtest2  (cost=336.57..36234.42 rows=10550 width=121)
	              Recheck Cond: ((id >= 9544620) AND (id <= 9554619))
	              ->  Bitmap Index Scan on sbtest2_pkey  (cost=0.00..333.94 rows=10550 width=0)
	                    Index Cond: ((id >= 9544620) AND (id <= 9554619))

table 3 : explain SELECT DISTINCT c FROM sbtest3 WHERE id BETWEEN 1794238 AND 1804237 ORDER BY c
	Unique  (cost=39496.87..39553.69 rows=11364 width=121)
	  ->  Sort  (cost=39496.87..39525.28 rows=11364 width=121)
	        Sort Key: c
	        ->  Bitmap Heap Scan on sbtest3  (cost=360.92..38731.38 rows=11364 width=121)
	              Recheck Cond: ((id >= 1794238) AND (id <= 1804237))
	              ->  Bitmap Index Scan on sbtest3_pkey  (cost=0.00..358.07 rows=11364 width=0)
	                    Index Cond: ((id >= 1794238) AND (id <= 1804237))

table 4 : explain SELECT DISTINCT c FROM sbtest4 WHERE id BETWEEN 3941707 AND 3951706 ORDER BY c
	Unique  (cost=35283.43..35333.53 rows=10019 width=121)
	  ->  Sort  (cost=35283.43..35308.48 rows=10019 width=121)
	        Sort Key: c
	        ->  Bitmap Heap Scan on sbtest4  (cost=323.13..34617.65 rows=10019 width=121)
	              Recheck Cond: ((id >= 3941707) AND (id <= 3951706))
	              ->  Bitmap Index Scan on sbtest4_pkey  (cost=0.00..320.62 rows=10019 width=0)
	                    Index Cond: ((id >= 3941707) AND (id <= 3951706))

table 5 : explain SELECT DISTINCT c FROM sbtest5 WHERE id BETWEEN 4410290 AND 4420289 ORDER BY c
	Unique  (cost=34178.05..34226.36 rows=9662 width=121)
	  ->  Sort  (cost=34178.05..34202.21 rows=9662 width=121)
	        Sort Key: c
	        ->  Bitmap Heap Scan on sbtest5  (cost=307.47..33538.52 rows=9662 width=121)
	              Recheck Cond: ((id >= 4410290) AND (id <= 4420289))
	              ->  Bitmap Index Scan on sbtest5_pkey  (cost=0.00..305.06 rows=9662 width=0)
	                    Index Cond: ((id >= 4410290) AND (id <= 4420289))

table 6 : explain SELECT DISTINCT c FROM sbtest6 WHERE id BETWEEN 3063542 AND 3073541 ORDER BY c
	Unique  (cost=37890.58..37944.76 rows=10836 width=121)
	  ->  Sort  (cost=37890.58..37917.67 rows=10836 width=121)
	        Sort Key: c
	        ->  Bitmap Heap Scan on sbtest6  (cost=343.50..37164.37 rows=10836 width=121)
	              Recheck Cond: ((id >= 3063542) AND (id <= 3073541))
	              ->  Bitmap Index Scan on sbtest6_pkey  (cost=0.00..340.80 rows=10836 width=0)
	                    Index Cond: ((id >= 3063542) AND (id <= 3073541))

table 7 : explain SELECT DISTINCT c FROM sbtest7 WHERE id BETWEEN 4100704 AND 4110703 ORDER BY c
	Unique  (cost=34212.73..34261.12 rows=9678 width=121)
	  ->  Sort  (cost=34212.73..34236.93 rows=9678 width=121)
	        Sort Key: c
	        ->  Bitmap Heap Scan on sbtest7  (cost=307.63..33572.02 rows=9678 width=121)
	              Recheck Cond: ((id >= 4100704) AND (id <= 4110703))
	              ->  Bitmap Index Scan on sbtest7_pkey  (cost=0.00..305.21 rows=9678 width=0)
	                    Index Cond: ((id >= 4100704) AND (id <= 4110703))

table 8 : explain SELECT DISTINCT c FROM sbtest8 WHERE id BETWEEN 5625794 AND 5635793 ORDER BY c
	Unique  (cost=38440.53..38495.48 rows=10990 width=121)
	  ->  Sort  (cost=38440.53..38468.01 rows=10990 width=121)
	        Sort Key: c
	        ->  Bitmap Heap Scan on sbtest8  (cost=349.08..37702.89 rows=10990 width=121)
	              Recheck Cond: ((id >= 5625794) AND (id <= 5635793))
	              ->  Bitmap Index Scan on sbtest8_pkey  (cost=0.00..346.33 rows=10990 width=0)
	                    Index Cond: ((id >= 5625794) AND (id <= 5635793))

for: order_ranges
table 1 : explain SELECT c FROM sbtest1 WHERE id BETWEEN 536851 AND 546850 ORDER BY c
	Sort  (cost=38064.61..38091.68 rows=10828 width=121)
	  Sort Key: c
	  ->  Bitmap Heap Scan on sbtest1  (cost=343.42..37339.00 rows=10828 width=121)
	        Recheck Cond: ((id >= 536851) AND (id <= 546850))
	        ->  Bitmap Index Scan on sbtest1_pkey  (cost=0.00..340.71 rows=10828 width=0)
	              Index Cond: ((id >= 536851) AND (id <= 546850))

table 2 : explain SELECT c FROM sbtest2 WHERE id BETWEEN 861880 AND 871879 ORDER BY c
	Sort  (cost=34544.25..34568.76 rows=9802 width=121)
	  Sort Key: c
	  ->  Bitmap Heap Scan on sbtest2  (cost=312.91..33894.44 rows=9802 width=121)
	        Recheck Cond: ((id >= 861880) AND (id <= 871879))
	        ->  Bitmap Index Scan on sbtest2_pkey  (cost=0.00..310.45 rows=9802 width=0)
	              Index Cond: ((id >= 861880) AND (id <= 871879))

table 3 : explain SELECT c FROM sbtest3 WHERE id BETWEEN 9920641 AND 9930640 ORDER BY c
	Sort  (cost=34382.10..34406.49 rows=9756 width=121)
	  Sort Key: c
	  ->  Bitmap Heap Scan on sbtest3  (cost=308.43..33735.66 rows=9756 width=121)
	        Recheck Cond: ((id >= 9920641) AND (id <= 9930640))
	        ->  Bitmap Index Scan on sbtest3_pkey  (cost=0.00..306.00 rows=9756 width=0)
	              Index Cond: ((id >= 9920641) AND (id <= 9930640))

table 4 : explain SELECT c FROM sbtest4 WHERE id BETWEEN 2298534 AND 2308533 ORDER BY c
	Sort  (cost=32509.68..32532.59 rows=9162 width=121)
	  Sort Key: c
	  ->  Bitmap Heap Scan on sbtest4  (cost=294.35..31906.76 rows=9162 width=121)
	        Recheck Cond: ((id >= 2298534) AND (id <= 2308533))
	        ->  Bitmap Index Scan on sbtest4_pkey  (cost=0.00..292.06 rows=9162 width=0)
	              Index Cond: ((id >= 2298534) AND (id <= 2308533))

table 5 : explain SELECT c FROM sbtest5 WHERE id BETWEEN 9077739 AND 9087738 ORDER BY c
	Sort  (cost=34907.54..34932.26 rows=9888 width=121)
	  Sort Key: c
	  ->  Bitmap Heap Scan on sbtest5  (cost=313.79..34251.40 rows=9888 width=121)
	        Recheck Cond: ((id >= 9077739) AND (id <= 9087738))
	        ->  Bitmap Index Scan on sbtest5_pkey  (cost=0.00..311.31 rows=9888 width=0)
	              Index Cond: ((id >= 9077739) AND (id <= 9087738))

table 6 : explain SELECT c FROM sbtest6 WHERE id BETWEEN 9417738 AND 9427737 ORDER BY c
	Sort  (cost=34229.90..34254.13 rows=9693 width=121)
	  Sort Key: c
	  ->  Bitmap Heap Scan on sbtest6  (cost=307.79..33588.09 rows=9693 width=121)
	        Recheck Cond: ((id >= 9417738) AND (id <= 9427737))
	        ->  Bitmap Index Scan on sbtest6_pkey  (cost=0.00..305.37 rows=9693 width=0)
	              Index Cond: ((id >= 9417738) AND (id <= 9427737))

table 7 : explain SELECT c FROM sbtest7 WHERE id BETWEEN 2696746 AND 2706745 ORDER BY c
	Sort  (cost=33505.08..33528.72 rows=9459 width=121)
	  Sort Key: c
	  ->  Bitmap Heap Scan on sbtest7  (cost=301.39..32880.43 rows=9459 width=121)
	        Recheck Cond: ((id >= 2696746) AND (id <= 2706745))
	        ->  Bitmap Index Scan on sbtest7_pkey  (cost=0.00..299.03 rows=9459 width=0)
	              Index Cond: ((id >= 2696746) AND (id <= 2706745))

table 8 : explain SELECT c FROM sbtest8 WHERE id BETWEEN 6841263 AND 6851262 ORDER BY c
	Sort  (cost=37122.39..37148.83 rows=10576 width=121)
	  Sort Key: c
	  ->  Bitmap Heap Scan on sbtest8  (cost=336.84..36415.46 rows=10576 width=121)
	        Recheck Cond: ((id >= 6841263) AND (id <= 6851262))
	        ->  Bitmap Index Scan on sbtest8_pkey  (cost=0.00..334.19 rows=10576 width=0)
	              Index Cond: ((id >= 6841263) AND (id <= 6851262))

for: sum_ranges
table 1 : explain SELECT SUM(k) FROM sbtest1 WHERE id BETWEEN 1904454 AND 1914453
	Aggregate  (cost=34137.30..34137.31 rows=1 width=8)
	  ->  Bitmap Heap Scan on sbtest1  (cost=312.94..34112.79 rows=9805 width=4)
	        Recheck Cond: ((id >= 1904454) AND (id <= 1914453))
	        ->  Bitmap Index Scan on sbtest1_pkey  (cost=0.00..310.49 rows=9805 width=0)
	              Index Cond: ((id >= 1904454) AND (id <= 1914453))

table 2 : explain SELECT SUM(k) FROM sbtest2 WHERE id BETWEEN 2653985 AND 2663984
	Aggregate  (cost=34355.02..34355.03 rows=1 width=8)
	  ->  Bitmap Heap Scan on sbtest2  (cost=318.32..34330.17 rows=9940 width=4)
	        Recheck Cond: ((id >= 2653985) AND (id <= 2663984))
	        ->  Bitmap Index Scan on sbtest2_pkey  (cost=0.00..315.83 rows=9940 width=0)
	              Index Cond: ((id >= 2653985) AND (id <= 2663984))

table 3 : explain SELECT SUM(k) FROM sbtest3 WHERE id BETWEEN 1163014 AND 1173013
	Aggregate  (cost=36559.86..36559.87 rows=1 width=8)
	  ->  Bitmap Heap Scan on sbtest3  (cost=337.61..36533.23 rows=10651 width=4)
	        Recheck Cond: ((id >= 1163014) AND (id <= 1173013))
	        ->  Bitmap Index Scan on sbtest3_pkey  (cost=0.00..334.94 rows=10651 width=0)
	              Index Cond: ((id >= 1163014) AND (id <= 1173013))

table 4 : explain SELECT SUM(k) FROM sbtest4 WHERE id BETWEEN 3809737 AND 3819736
	Aggregate  (cost=33458.60..33458.61 rows=1 width=8)
	  ->  Bitmap Heap Scan on sbtest4  (cost=311.28..33434.49 rows=9643 width=4)
	        Recheck Cond: ((id >= 3809737) AND (id <= 3819736))
	        ->  Bitmap Index Scan on sbtest4_pkey  (cost=0.00..308.87 rows=9643 width=0)
	              Index Cond: ((id >= 3809737) AND (id <= 3819736))

table 5 : explain SELECT SUM(k) FROM sbtest5 WHERE id BETWEEN 3609950 AND 3619949
	Aggregate  (cost=35472.64..35472.65 rows=1 width=8)
	  ->  Bitmap Heap Scan on sbtest5  (cost=329.67..35446.98 rows=10267 width=4)
	        Recheck Cond: ((id >= 3609950) AND (id <= 3619949))
	        ->  Bitmap Index Scan on sbtest5_pkey  (cost=0.00..327.11 rows=10267 width=0)
	              Index Cond: ((id >= 3609950) AND (id <= 3619949))

table 6 : explain SELECT SUM(k) FROM sbtest6 WHERE id BETWEEN 7677743 AND 7687742
	Aggregate  (cost=33709.38..33709.39 rows=1 width=8)
	  ->  Bitmap Heap Scan on sbtest6  (cost=308.10..33685.07 rows=9723 width=4)
	        Recheck Cond: ((id >= 7677743) AND (id <= 7687742))
	        ->  Bitmap Index Scan on sbtest6_pkey  (cost=0.00..305.67 rows=9723 width=0)
	              Index Cond: ((id >= 7677743) AND (id <= 7687742))

table 7 : explain SELECT SUM(k) FROM sbtest7 WHERE id BETWEEN 2801614 AND 2811613
	Aggregate  (cost=33375.68..33375.69 rows=1 width=8)
	  ->  Bitmap Heap Scan on sbtest7  (cost=306.91..33351.66 rows=9607 width=4)
	        Recheck Cond: ((id >= 2801614) AND (id <= 2811613))
	        ->  Bitmap Index Scan on sbtest7_pkey  (cost=0.00..304.50 rows=9607 width=0)
	              Index Cond: ((id >= 2801614) AND (id <= 2811613))

table 8 : explain SELECT SUM(k) FROM sbtest8 WHERE id BETWEEN 7745084 AND 7755083
	Aggregate  (cost=36518.91..36518.92 rows=1 width=8)
	  ->  Bitmap Heap Scan on sbtest8  (cost=337.10..36492.41 rows=10601 width=4)
	        Recheck Cond: ((id >= 7745084) AND (id <= 7755083))
	        ->  Bitmap Index Scan on sbtest8_pkey  (cost=0.00..334.44 rows=10601 width=0)
	              Index Cond: ((id >= 7745084) AND (id <= 7755083))

for: distinct_ranges
table 1 : explain SELECT DISTINCT c FROM sbtest1 WHERE id BETWEEN 135316 AND 145315 ORDER BY c
	Unique  (cost=37098.52..37151.16 rows=10527 width=121)
	  ->  Sort  (cost=37098.52..37124.84 rows=10527 width=121)
	        Sort Key: c
	        ->  Bitmap Heap Scan on sbtest1  (cost=336.34..36395.22 rows=10527 width=121)
	              Recheck Cond: ((id >= 135316) AND (id <= 145315))
	              ->  Bitmap Index Scan on sbtest1_pkey  (cost=0.00..333.70 rows=10527 width=0)
	                    Index Cond: ((id >= 135316) AND (id <= 145315))

table 2 : explain SELECT DISTINCT c FROM sbtest2 WHERE id BETWEEN 681760 AND 691759 ORDER BY c
	Unique  (cost=35629.44..35680.14 rows=10140 width=121)
	  ->  Sort  (cost=35629.44..35654.79 rows=10140 width=121)
	        Sort Key: c
	        ->  Bitmap Heap Scan on sbtest2  (cost=324.37..34954.73 rows=10140 width=121)
	              Recheck Cond: ((id >= 681760) AND (id <= 691759))
	              ->  Bitmap Index Scan on sbtest2_pkey  (cost=0.00..321.83 rows=10140 width=0)
	                    Index Cond: ((id >= 681760) AND (id <= 691759))

table 3 : explain SELECT DISTINCT c FROM sbtest3 WHERE id BETWEEN 3484926 AND 3494925 ORDER BY c
	Unique  (cost=35760.56..35811.48 rows=10185 width=121)
	  ->  Sort  (cost=35760.56..35786.02 rows=10185 width=121)
	        Sort Key: c
	        ->  Bitmap Heap Scan on sbtest3  (cost=324.83..35082.53 rows=10185 width=121)
	              Recheck Cond: ((id >= 3484926) AND (id <= 3494925))
	              ->  Bitmap Index Scan on sbtest3_pkey  (cost=0.00..322.29 rows=10185 width=0)
	                    Index Cond: ((id >= 3484926) AND (id <= 3494925))

table 4 : explain SELECT DISTINCT c FROM sbtest4 WHERE id BETWEEN 5465681 AND 5475680 ORDER BY c
	Unique  (cost=32642.86..32688.88 rows=9203 width=121)
	  ->  Sort  (cost=32642.86..32665.87 rows=9203 width=121)
	        Sort Key: c
	        ->  Bitmap Heap Scan on sbtest4  (cost=294.77..32036.94 rows=9203 width=121)
	              Recheck Cond: ((id >= 5465681) AND (id <= 5475680))
	              ->  Bitmap Index Scan on sbtest4_pkey  (cost=0.00..292.46 rows=9203 width=0)
	                    Index Cond: ((id >= 5465681) AND (id <= 5475680))

table 5 : explain SELECT DISTINCT c FROM sbtest5 WHERE id BETWEEN 9969077 AND 9979076 ORDER BY c
	Unique  (cost=36858.84..36911.31 rows=10495 width=121)
	  ->  Sort  (cost=36858.84..36885.08 rows=10495 width=121)
	        Sort Key: c
	        ->  Bitmap Heap Scan on sbtest5  (cost=336.01..36157.91 rows=10495 width=121)
	              Recheck Cond: ((id >= 9969077) AND (id <= 9979076))
	              ->  Bitmap Index Scan on sbtest5_pkey  (cost=0.00..333.38 rows=10495 width=0)
	                    Index Cond: ((id >= 9969077) AND (id <= 9979076))

table 6 : explain SELECT DISTINCT c FROM sbtest6 WHERE id BETWEEN 8240715 AND 8250714 ORDER BY c
	Unique  (cost=33712.34..33760.00 rows=9533 width=121)
	  ->  Sort  (cost=33712.34..33736.17 rows=9533 width=121)
	        Sort Key: c
	        ->  Bitmap Heap Scan on sbtest6  (cost=302.15..33082.27 rows=9533 width=121)
	              Recheck Cond: ((id >= 8240715) AND (id <= 8250714))
	              ->  Bitmap Index Scan on sbtest6_pkey  (cost=0.00..299.76 rows=9533 width=0)
	                    Index Cond: ((id >= 8240715) AND (id <= 8250714))

table 7 : explain SELECT DISTINCT c FROM sbtest7 WHERE id BETWEEN 6634505 AND 6644504 ORDER BY c
	Unique  (cost=33571.57..33618.97 rows=9480 width=121)
	  ->  Sort  (cost=33571.57..33595.27 rows=9480 width=121)
	        Sort Key: c
	        ->  Bitmap Heap Scan on sbtest7  (cost=301.61..32945.39 rows=9480 width=121)
	              Recheck Cond: ((id >= 6634505) AND (id <= 6644504))
	              ->  Bitmap Index Scan on sbtest7_pkey  (cost=0.00..299.24 rows=9480 width=0)
	                    Index Cond: ((id >= 6634505) AND (id <= 6644504))

table 8 : explain SELECT DISTINCT c FROM sbtest8 WHERE id BETWEEN 263725 AND 273724 ORDER BY c
	Unique  (cost=35665.41..35716.02 rows=10122 width=121)
	  ->  Sort  (cost=35665.41..35690.72 rows=10122 width=121)
	        Sort Key: c
	        ->  Bitmap Heap Scan on sbtest8  (cost=320.19..34992.04 rows=10122 width=121)
	              Recheck Cond: ((id >= 263725) AND (id <= 273724))
	              ->  Bitmap Index Scan on sbtest8_pkey  (cost=0.00..317.66 rows=10122 width=0)
	                    Index Cond: ((id >= 263725) AND (id <= 273724))

for: order_ranges
table 1 : explain SELECT c FROM sbtest1 WHERE id BETWEEN 4598891 AND 4608890 ORDER BY c
	Sort  (cost=37167.76..37194.13 rows=10548 width=121)
	  Sort Key: c
	  ->  Bitmap Heap Scan on sbtest1  (cost=336.55..36462.90 rows=10548 width=121)
	        Recheck Cond: ((id >= 4598891) AND (id <= 4608890))
	        ->  Bitmap Index Scan on sbtest1_pkey  (cost=0.00..333.92 rows=10548 width=0)
	              Index Cond: ((id >= 4598891) AND (id <= 4608890))

table 2 : explain SELECT c FROM sbtest2 WHERE id BETWEEN 8758673 AND 8768672 ORDER BY c
	Sort  (cost=38722.43..38750.21 rows=11113 width=121)
	  Sort Key: c
	  ->  Bitmap Heap Scan on sbtest2  (cost=354.34..37975.64 rows=11113 width=121)
	        Recheck Cond: ((id >= 8758673) AND (id <= 8768672))
	        ->  Bitmap Index Scan on sbtest2_pkey  (cost=0.00..351.56 rows=11113 width=0)
	              Index Cond: ((id >= 8758673) AND (id <= 8768672))

table 3 : explain SELECT c FROM sbtest3 WHERE id BETWEEN 2708677 AND 2718676 ORDER BY c
	Sort  (cost=39989.65..40018.45 rows=11520 width=121)
	  Sort Key: c
	  ->  Bitmap Heap Scan on sbtest3  (cost=366.51..39212.52 rows=11520 width=121)
	        Recheck Cond: ((id >= 2708677) AND (id <= 2718676))
	        ->  Bitmap Index Scan on sbtest3_pkey  (cost=0.00..363.63 rows=11520 width=0)
	              Index Cond: ((id >= 2708677) AND (id <= 2718676))

table 4 : explain SELECT c FROM sbtest4 WHERE id BETWEEN 7084345 AND 7094344 ORDER BY c
	Sort  (cost=37594.49..37621.35 rows=10742 width=121)
	  Sort Key: c
	  ->  Bitmap Heap Scan on sbtest4  (cost=346.54..36875.26 rows=10742 width=121)
	        Recheck Cond: ((id >= 7084345) AND (id <= 7094344))
	        ->  Bitmap Index Scan on sbtest4_pkey  (cost=0.00..343.86 rows=10742 width=0)
	              Index Cond: ((id >= 7084345) AND (id <= 7094344))

table 5 : explain SELECT c FROM sbtest5 WHERE id BETWEEN 8419396 AND 8429395 ORDER BY c
	Sort  (cost=36986.91..37013.24 rows=10535 width=121)
	  Sort Key: c
	  ->  Bitmap Heap Scan on sbtest5  (cost=336.42..36283.02 rows=10535 width=121)
	        Recheck Cond: ((id >= 8419396) AND (id <= 8429395))
	        ->  Bitmap Index Scan on sbtest5_pkey  (cost=0.00..333.79 rows=10535 width=0)
	              Index Cond: ((id >= 8419396) AND (id <= 8429395))

table 6 : explain SELECT c FROM sbtest6 WHERE id BETWEEN 1454355 AND 1464354 ORDER BY c
	Sort  (cost=35990.58..36016.18 rows=10240 width=121)
	  Sort Key: c
	  ->  Bitmap Heap Scan on sbtest6  (cost=325.39..35308.50 rows=10240 width=121)
	        Recheck Cond: ((id >= 1454355) AND (id <= 1464354))
	        ->  Bitmap Index Scan on sbtest6_pkey  (cost=0.00..322.83 rows=10240 width=0)
	              Index Cond: ((id >= 1454355) AND (id <= 1464354))

table 7 : explain SELECT c FROM sbtest7 WHERE id BETWEEN 5815222 AND 5825221 ORDER BY c
	Sort  (cost=32892.20..32915.38 rows=9270 width=121)
	  Sort Key: c
	  ->  Bitmap Heap Scan on sbtest7  (cost=295.45..32281.39 rows=9270 width=121)
	        Recheck Cond: ((id >= 5815222) AND (id <= 5825221))
	        ->  Bitmap Index Scan on sbtest7_pkey  (cost=0.00..293.13 rows=9270 width=0)
	              Index Cond: ((id >= 5815222) AND (id <= 5825221))

table 8 : explain SELECT c FROM sbtest8 WHERE id BETWEEN 8243177 AND 8253176 ORDER BY c
	Sort  (cost=34453.68..34478.04 rows=9747 width=121)
	  Sort Key: c
	  ->  Bitmap Heap Scan on sbtest8  (cost=308.34..33807.90 rows=9747 width=121)
	        Recheck Cond: ((id >= 8243177) AND (id <= 8253176))
	        ->  Bitmap Index Scan on sbtest8_pkey  (cost=0.00..305.91 rows=9747 width=0)
	              Index Cond: ((id >= 8243177) AND (id <= 8253176))

for point_selects
table 1 : explain SELECT c FROM sbtest1 WHERE id=2124917
	Index Scan using sbtest1_pkey on sbtest1  (cost=0.43..8.45 rows=1 width=121)
	  Index Cond: (id = 2124917)

table 2 : explain SELECT c FROM sbtest2 WHERE id=6612417
	Index Scan using sbtest2_pkey on sbtest2  (cost=0.43..8.45 rows=1 width=121)
	  Index Cond: (id = 6612417)

table 3 : explain SELECT c FROM sbtest3 WHERE id=4637594
	Index Scan using sbtest3_pkey on sbtest3  (cost=0.43..8.45 rows=1 width=121)
	  Index Cond: (id = 4637594)

table 4 : explain SELECT c FROM sbtest4 WHERE id=3503195
	Index Scan using sbtest4_pkey on sbtest4  (cost=0.43..8.45 rows=1 width=121)
	  Index Cond: (id = 3503195)

table 5 : explain SELECT c FROM sbtest5 WHERE id=7440643
	Index Scan using sbtest5_pkey on sbtest5  (cost=0.43..8.45 rows=1 width=121)
	  Index Cond: (id = 7440643)

table 6 : explain SELECT c FROM sbtest6 WHERE id=2427759
	Index Scan using sbtest6_pkey on sbtest6  (cost=0.43..8.45 rows=1 width=121)
	  Index Cond: (id = 2427759)

table 7 : explain SELECT c FROM sbtest7 WHERE id=4163848
	Index Scan using sbtest7_pkey on sbtest7  (cost=0.43..8.45 rows=1 width=121)
	  Index Cond: (id = 4163848)

table 8 : explain SELECT c FROM sbtest8 WHERE id=3937091
	Index Scan using sbtest8_pkey on sbtest8  (cost=0.43..8.45 rows=1 width=121)
	  Index Cond: (id = 3937091)

for point_selects
table 1 : explain SELECT c FROM sbtest1 WHERE id=7282425
	Index Scan using sbtest1_pkey on sbtest1  (cost=0.43..8.45 rows=1 width=121)
	  Index Cond: (id = 7282425)

table 2 : explain SELECT c FROM sbtest2 WHERE id=7595761
	Index Scan using sbtest2_pkey on sbtest2  (cost=0.43..8.45 rows=1 width=121)
	  Index Cond: (id = 7595761)

table 3 : explain SELECT c FROM sbtest3 WHERE id=6158709
	Index Scan using sbtest3_pkey on sbtest3  (cost=0.43..8.45 rows=1 width=121)
	  Index Cond: (id = 6158709)

table 4 : explain SELECT c FROM sbtest4 WHERE id=7965210
	Index Scan using sbtest4_pkey on sbtest4  (cost=0.43..8.45 rows=1 width=121)
	  Index Cond: (id = 7965210)

table 5 : explain SELECT c FROM sbtest5 WHERE id=151304
	Index Scan using sbtest5_pkey on sbtest5  (cost=0.43..8.45 rows=1 width=121)
	  Index Cond: (id = 151304)

table 6 : explain SELECT c FROM sbtest6 WHERE id=1941766
	Index Scan using sbtest6_pkey on sbtest6  (cost=0.43..8.45 rows=1 width=121)
	  Index Cond: (id = 1941766)

table 7 : explain SELECT c FROM sbtest7 WHERE id=3131670
	Index Scan using sbtest7_pkey on sbtest7  (cost=0.43..8.45 rows=1 width=121)
	  Index Cond: (id = 3131670)

table 8 : explain SELECT c FROM sbtest8 WHERE id=8165505
	Index Scan using sbtest8_pkey on sbtest8  (cost=0.43..8.45 rows=1 width=121)
	  Index Cond: (id = 8165505)

for point_selects
table 1 : explain SELECT c FROM sbtest1 WHERE id=5536673
	Index Scan using sbtest1_pkey on sbtest1  (cost=0.43..8.45 rows=1 width=121)
	  Index Cond: (id = 5536673)

table 2 : explain SELECT c FROM sbtest2 WHERE id=4464343
	Index Scan using sbtest2_pkey on sbtest2  (cost=0.43..8.45 rows=1 width=121)
	  Index Cond: (id = 4464343)

table 3 : explain SELECT c FROM sbtest3 WHERE id=8813824
	Index Scan using sbtest3_pkey on sbtest3  (cost=0.43..8.45 rows=1 width=121)
	  Index Cond: (id = 8813824)

table 4 : explain SELECT c FROM sbtest4 WHERE id=9381795
	Index Scan using sbtest4_pkey on sbtest4  (cost=0.43..8.45 rows=1 width=121)
	  Index Cond: (id = 9381795)

table 5 : explain SELECT c FROM sbtest5 WHERE id=7653218
	Index Scan using sbtest5_pkey on sbtest5  (cost=0.43..8.45 rows=1 width=121)
	  Index Cond: (id = 7653218)

table 6 : explain SELECT c FROM sbtest6 WHERE id=6649848
	Index Scan using sbtest6_pkey on sbtest6  (cost=0.43..8.45 rows=1 width=121)
	  Index Cond: (id = 6649848)

table 7 : explain SELECT c FROM sbtest7 WHERE id=4067156
	Index Scan using sbtest7_pkey on sbtest7  (cost=0.43..8.45 rows=1 width=121)
	  Index Cond: (id = 4067156)

table 8 : explain SELECT c FROM sbtest8 WHERE id=4595625
	Index Scan using sbtest8_pkey on sbtest8  (cost=0.43..8.45 rows=1 width=121)
	  Index Cond: (id = 4595625)

for point_selects
table 1 : explain SELECT c FROM sbtest1 WHERE id=5649483
	Index Scan using sbtest1_pkey on sbtest1  (cost=0.43..8.45 rows=1 width=121)
	  Index Cond: (id = 5649483)

table 2 : explain SELECT c FROM sbtest2 WHERE id=8691174
	Index Scan using sbtest2_pkey on sbtest2  (cost=0.43..8.45 rows=1 width=121)
	  Index Cond: (id = 8691174)

table 3 : explain SELECT c FROM sbtest3 WHERE id=7608978
	Index Scan using sbtest3_pkey on sbtest3  (cost=0.43..8.45 rows=1 width=121)
	  Index Cond: (id = 7608978)

table 4 : explain SELECT c FROM sbtest4 WHERE id=4221068
	Index Scan using sbtest4_pkey on sbtest4  (cost=0.43..8.45 rows=1 width=121)
	  Index Cond: (id = 4221068)

table 5 : explain SELECT c FROM sbtest5 WHERE id=7241657
	Index Scan using sbtest5_pkey on sbtest5  (cost=0.43..8.45 rows=1 width=121)
	  Index Cond: (id = 7241657)

table 6 : explain SELECT c FROM sbtest6 WHERE id=9977656
	Index Scan using sbtest6_pkey on sbtest6  (cost=0.43..8.45 rows=1 width=121)
	  Index Cond: (id = 9977656)

table 7 : explain SELECT c FROM sbtest7 WHERE id=3805260
	Index Scan using sbtest7_pkey on sbtest7  (cost=0.43..8.45 rows=1 width=121)
	  Index Cond: (id = 3805260)

table 8 : explain SELECT c FROM sbtest8 WHERE id=5506155
	Index Scan using sbtest8_pkey on sbtest8  (cost=0.43..8.45 rows=1 width=121)
	  Index Cond: (id = 5506155)

explain: for point_selects :: explain SELECT c FROM sbtest%u WHERE id=%u
for point_selects
table 1 : explain SELECT c FROM sbtest1 WHERE id=5690064
	Index Scan using sbtest1_pkey on sbtest1  (cost=0.43..8.45 rows=1 width=121)
	  Index Cond: (id = 5690064)

table 2 : explain SELECT c FROM sbtest2 WHERE id=7216152
	Index Scan using sbtest2_pkey on sbtest2  (cost=0.43..8.45 rows=1 width=121)
	  Index Cond: (id = 7216152)

table 3 : explain SELECT c FROM sbtest3 WHERE id=2546095
	Index Scan using sbtest3_pkey on sbtest3  (cost=0.43..8.45 rows=1 width=121)
	  Index Cond: (id = 2546095)

table 4 : explain SELECT c FROM sbtest4 WHERE id=92263
	Index Scan using sbtest4_pkey on sbtest4  (cost=0.43..8.45 rows=1 width=121)
	  Index Cond: (id = 92263)

table 5 : explain SELECT c FROM sbtest5 WHERE id=5450237
	Index Scan using sbtest5_pkey on sbtest5  (cost=0.43..8.45 rows=1 width=121)
	  Index Cond: (id = 5450237)

table 6 : explain SELECT c FROM sbtest6 WHERE id=3826398
	Index Scan using sbtest6_pkey on sbtest6  (cost=0.43..8.45 rows=1 width=121)
	  Index Cond: (id = 3826398)

table 7 : explain SELECT c FROM sbtest7 WHERE id=8077279
	Index Scan using sbtest7_pkey on sbtest7  (cost=0.43..8.45 rows=1 width=121)
	  Index Cond: (id = 8077279)

table 8 : explain SELECT c FROM sbtest8 WHERE id=5826607
	Index Scan using sbtest8_pkey on sbtest8  (cost=0.43..8.45 rows=1 width=121)
	  Index Cond: (id = 5826607)

for: distinct_ranges
table 1 : explain SELECT DISTINCT c FROM sbtest1 WHERE id BETWEEN 7747635 AND 7757634 ORDER BY c
	Unique  (cost=35438.14..35488.20 rows=10013 width=121)
	  ->  Sort  (cost=35438.14..35463.17 rows=10013 width=121)
	        Sort Key: c
	        ->  Bitmap Heap Scan on sbtest1  (cost=319.07..34772.79 rows=10013 width=121)
	              Recheck Cond: ((id >= 7747635) AND (id <= 7757634))
	              ->  Bitmap Index Scan on sbtest1_pkey  (cost=0.00..316.56 rows=10013 width=0)
	                    Index Cond: ((id >= 7747635) AND (id <= 7757634))

table 2 : explain SELECT DISTINCT c FROM sbtest2 WHERE id BETWEEN 4262991 AND 4272990 ORDER BY c
	Unique  (cost=33153.05..33199.91 rows=9371 width=121)
	  ->  Sort  (cost=33153.05..33176.48 rows=9371 width=121)
	        Sort Key: c
	        ->  Bitmap Heap Scan on sbtest2  (cost=300.49..32534.85 rows=9371 width=121)
	              Recheck Cond: ((id >= 4262991) AND (id <= 4272990))
	              ->  Bitmap Index Scan on sbtest2_pkey  (cost=0.00..298.15 rows=9371 width=0)
	                    Index Cond: ((id >= 4262991) AND (id <= 4272990))

table 3 : explain SELECT DISTINCT c FROM sbtest3 WHERE id BETWEEN 9837469 AND 9847468 ORDER BY c
	Unique  (cost=33770.02..33817.85 rows=9566 width=121)
	  ->  Sort  (cost=33770.02..33793.93 rows=9566 width=121)
	        Sort Key: c
	        ->  Bitmap Heap Scan on sbtest3  (cost=302.49..33137.53 rows=9566 width=121)
	              Recheck Cond: ((id >= 9837469) AND (id <= 9847468))
	              ->  Bitmap Index Scan on sbtest3_pkey  (cost=0.00..300.09 rows=9566 width=0)
	                    Index Cond: ((id >= 9837469) AND (id <= 9847468))

table 4 : explain SELECT DISTINCT c FROM sbtest4 WHERE id BETWEEN 8547883 AND 8557882 ORDER BY c
	Unique  (cost=34085.87..34134.10 rows=9647 width=121)
	  ->  Sort  (cost=34085.87..34109.98 rows=9647 width=121)
	        Sort Key: c
	        ->  Bitmap Heap Scan on sbtest4  (cost=311.32..33447.43 rows=9647 width=121)
	              Recheck Cond: ((id >= 8547883) AND (id <= 8557882))
	              ->  Bitmap Index Scan on sbtest4_pkey  (cost=0.00..308.91 rows=9647 width=0)
	                    Index Cond: ((id >= 8547883) AND (id <= 8557882))

table 5 : explain SELECT DISTINCT c FROM sbtest5 WHERE id BETWEEN 2049589 AND 2059588 ORDER BY c
	Unique  (cost=32863.32..32909.61 rows=9257 width=121)
	  ->  Sort  (cost=32863.32..32886.47 rows=9257 width=121)
	        Sort Key: c
	        ->  Bitmap Heap Scan on sbtest5  (cost=295.32..32253.46 rows=9257 width=121)
	              Recheck Cond: ((id >= 2049589) AND (id <= 2059588))
	              ->  Bitmap Index Scan on sbtest5_pkey  (cost=0.00..293.00 rows=9257 width=0)
	                    Index Cond: ((id >= 2049589) AND (id <= 2059588))

table 6 : explain SELECT DISTINCT c FROM sbtest6 WHERE id BETWEEN 2939982 AND 2949981 ORDER BY c
	Unique  (cost=36043.15..36094.43 rows=10256 width=121)
	  ->  Sort  (cost=36043.15..36068.79 rows=10256 width=121)
	        Sort Key: c
	        ->  Bitmap Heap Scan on sbtest6  (cost=325.56..35359.88 rows=10256 width=121)
	              Recheck Cond: ((id >= 2939982) AND (id <= 2949981))
	              ->  Bitmap Index Scan on sbtest6_pkey  (cost=0.00..323.00 rows=10256 width=0)
	                    Index Cond: ((id >= 2939982) AND (id <= 2949981))

table 7 : explain SELECT DISTINCT c FROM sbtest7 WHERE id BETWEEN 5223962 AND 5233961 ORDER BY c
	Unique  (cost=33438.57..33485.76 rows=9438 width=121)
	  ->  Sort  (cost=33438.57..33462.16 rows=9438 width=121)
	        Sort Key: c
	        ->  Bitmap Heap Scan on sbtest7  (cost=301.17..32815.46 rows=9438 width=121)
	              Recheck Cond: ((id >= 5223962) AND (id <= 5233961))
	              ->  Bitmap Index Scan on sbtest7_pkey  (cost=0.00..298.81 rows=9438 width=0)
	                    Index Cond: ((id >= 5223962) AND (id <= 5233961))

table 8 : explain SELECT DISTINCT c FROM sbtest8 WHERE id BETWEEN 4795832 AND 4805831 ORDER BY c
	Unique  (cost=32923.48..32969.86 rows=9275 width=121)
	  ->  Sort  (cost=32923.48..32946.67 rows=9275 width=121)
	        Sort Key: c
	        ->  Bitmap Heap Scan on sbtest8  (cost=295.50..32312.30 rows=9275 width=121)
	              Recheck Cond: ((id >= 4795832) AND (id <= 4805831))
	              ->  Bitmap Index Scan on sbtest8_pkey  (cost=0.00..293.19 rows=9275 width=0)
	                    Index Cond: ((id >= 4795832) AND (id <= 4805831))

explain: for point_selects :: explain SELECT c FROM sbtest%u WHERE id=%u
for: order_ranges
table 1 : explain SELECT c FROM sbtest1 WHERE id BETWEEN 4069379 AND 4079378 ORDER BY c
	Sort  (cost=35421.55..35446.57 rows=10008 width=121)
	  Sort Key: c
	  ->  Bitmap Heap Scan on sbtest1  (cost=319.02..34756.58 rows=10008 width=121)
	        Recheck Cond: ((id >= 4069379) AND (id <= 4079378))
	        ->  Bitmap Index Scan on sbtest1_pkey  (cost=0.00..316.51 rows=10008 width=0)
	              Index Cond: ((id >= 4069379) AND (id <= 4079378))

table 2 : explain SELECT c FROM sbtest2 WHERE id BETWEEN 2092797 AND 2102796 ORDER BY c
	Sort  (cost=35971.80..35997.41 rows=10246 width=121)
	  Sort Key: c
	  ->  Bitmap Heap Scan on sbtest2  (cost=329.46..35289.27 rows=10246 width=121)
	        Recheck Cond: ((id >= 2092797) AND (id <= 2102796))
	        ->  Bitmap Index Scan on sbtest2_pkey  (cost=0.00..326.90 rows=10246 width=0)
	              Index Cond: ((id >= 2092797) AND (id <= 2102796))

table 3 : explain SELECT c FROM sbtest3 WHERE id BETWEEN 6411236 AND 6421235 ORDER BY c
	Sort  (cost=38840.76..38868.64 rows=11155 width=121)
	  Sort Key: c
	  ->  Bitmap Heap Scan on sbtest3  (cost=354.77..38090.84 rows=11155 width=121)
	        Recheck Cond: ((id >= 6411236) AND (id <= 6421235))
	        ->  Bitmap Index Scan on sbtest3_pkey  (cost=0.00..351.99 rows=11155 width=0)
	              Index Cond: ((id >= 6411236) AND (id <= 6421235))

table 4 : explain SELECT c FROM sbtest4 WHERE id BETWEEN 6091332 AND 6101331 ORDER BY c
	Sort  (cost=33813.56..33837.47 rows=9564 width=121)
	  Sort Key: c
	  ->  Bitmap Heap Scan on sbtest4  (cost=306.47..33181.21 rows=9564 width=121)
	        Recheck Cond: ((id >= 6091332) AND (id <= 6101331))
	        ->  Bitmap Index Scan on sbtest4_pkey  (cost=0.00..304.07 rows=9564 width=0)
	              Index Cond: ((id >= 6091332) AND (id <= 6101331))

table 5 : explain SELECT c FROM sbtest5 WHERE id BETWEEN 9065682 AND 9075681 ORDER BY c
	Sort  (cost=35384.27..35409.36 rows=10036 width=121)
	  Sort Key: c
	  ->  Bitmap Heap Scan on sbtest5  (cost=319.30..34717.23 rows=10036 width=121)
	        Recheck Cond: ((id >= 9065682) AND (id <= 9075681))
	        ->  Bitmap Index Scan on sbtest5_pkey  (cost=0.00..316.80 rows=10036 width=0)
	              Index Cond: ((id >= 9065682) AND (id <= 9075681))

table 6 : explain SELECT c FROM sbtest6 WHERE id BETWEEN 2669882 AND 2679881 ORDER BY c
	Sort  (cost=33519.90..33543.59 rows=9473 width=121)
	  Sort Key: c
	  ->  Bitmap Heap Scan on sbtest6  (cost=301.53..32894.23 rows=9473 width=121)
	        Recheck Cond: ((id >= 2669882) AND (id <= 2679881))
	        ->  Bitmap Index Scan on sbtest6_pkey  (cost=0.00..299.17 rows=9473 width=0)
	              Index Cond: ((id >= 2669882) AND (id <= 2679881))

table 7 : explain SELECT c FROM sbtest7 WHERE id BETWEEN 5553245 AND 5563244 ORDER BY c
	Sort  (cost=36834.85..36861.08 rows=10493 width=121)
	  Sort Key: c
	  ->  Bitmap Heap Scan on sbtest7  (cost=331.99..36134.07 rows=10493 width=121)
	        Recheck Cond: ((id >= 5553245) AND (id <= 5563244))
	        ->  Bitmap Index Scan on sbtest7_pkey  (cost=0.00..329.37 rows=10493 width=0)
	              Index Cond: ((id >= 5553245) AND (id <= 5563244))

table 8 : explain SELECT c FROM sbtest8 WHERE id BETWEEN 8296888 AND 8306887 ORDER BY c
	Sort  (cost=34420.46..34444.80 rows=9736 width=121)
	  Sort Key: c
	  ->  Bitmap Heap Scan on sbtest8  (cost=308.23..33775.50 rows=9736 width=121)
	        Recheck Cond: ((id >= 8296888) AND (id <= 8306887))
	        ->  Bitmap Index Scan on sbtest8_pkey  (cost=0.00..305.80 rows=9736 width=0)
	              Index Cond: ((id >= 8296888) AND (id <= 8306887))

for: distinct_ranges
table 1 : explain SELECT DISTINCT c FROM sbtest1 WHERE id BETWEEN 6764806 AND 6774805 ORDER BY c
	Unique  (cost=36221.12..36272.40 rows=10255 width=121)
	  ->  Sort  (cost=36221.12..36246.76 rows=10255 width=121)
	        Sort Key: c
	        ->  Bitmap Heap Scan on sbtest1  (cost=325.55..35537.93 rows=10255 width=121)
	              Recheck Cond: ((id >= 6764806) AND (id <= 6774805))
	              ->  Bitmap Index Scan on sbtest1_pkey  (cost=0.00..322.99 rows=10255 width=0)
	                    Index Cond: ((id >= 6764806) AND (id <= 6774805))

table 2 : explain SELECT DISTINCT c FROM sbtest2 WHERE id BETWEEN 9715608 AND 9725607 ORDER BY c
	Unique  (cost=34733.04..34782.34 rows=9860 width=121)
	  ->  Sort  (cost=34733.04..34757.69 rows=9860 width=121)
	        Sort Key: c
	        ->  Bitmap Heap Scan on sbtest2  (cost=317.50..34078.96 rows=9860 width=121)
	              Recheck Cond: ((id >= 9715608) AND (id <= 9725607))
	              ->  Bitmap Index Scan on sbtest2_pkey  (cost=0.00..315.04 rows=9860 width=0)
	                    Index Cond: ((id >= 9715608) AND (id <= 9725607))

table 3 : explain SELECT DISTINCT c FROM sbtest3 WHERE id BETWEEN 3870907 AND 3880906 ORDER BY c
	Unique  (cost=35878.75..35929.86 rows=10222 width=121)
	  ->  Sort  (cost=35878.75..35904.30 rows=10222 width=121)
	        Sort Key: c
	        ->  Bitmap Heap Scan on sbtest3  (cost=325.21..35197.99 rows=10222 width=121)
	              Recheck Cond: ((id >= 3870907) AND (id <= 3880906))
	              ->  Bitmap Index Scan on sbtest3_pkey  (cost=0.00..322.66 rows=10222 width=0)
	                    Index Cond: ((id >= 3870907) AND (id <= 3880906))

table 4 : explain SELECT DISTINCT c FROM sbtest4 WHERE id BETWEEN 532782 AND 542781 ORDER BY c
	Unique  (cost=36271.48..36323.12 rows=10328 width=121)
	  ->  Sort  (cost=36271.48..36297.30 rows=10328 width=121)
	        Sort Key: c
	        ->  Bitmap Heap Scan on sbtest4  (cost=330.30..35582.90 rows=10328 width=121)
	              Recheck Cond: ((id >= 532782) AND (id <= 542781))
	              ->  Bitmap Index Scan on sbtest4_pkey  (cost=0.00..327.71 rows=10328 width=0)
	                    Index Cond: ((id >= 532782) AND (id <= 542781))

table 5 : explain SELECT DISTINCT c FROM sbtest5 WHERE id BETWEEN 8809622 AND 8819621 ORDER BY c
	Unique  (cost=35546.70..35597.12 rows=10085 width=121)
	  ->  Sort  (cost=35546.70..35571.91 rows=10085 width=121)
	        Sort Key: c
	        ->  Bitmap Heap Scan on sbtest5  (cost=323.81..34876.05 rows=10085 width=121)
	              Recheck Cond: ((id >= 8809622) AND (id <= 8819621))
	              ->  Bitmap Index Scan on sbtest5_pkey  (cost=0.00..321.29 rows=10085 width=0)
	                    Index Cond: ((id >= 8809622) AND (id <= 8819621))

table 6 : explain SELECT DISTINCT c FROM sbtest6 WHERE id BETWEEN 3965948 AND 3975947 ORDER BY c
	Unique  (cost=35087.23..35137.02 rows=9958 width=121)
	  ->  Sort  (cost=35087.23..35112.12 rows=9958 width=121)
	        Sort Key: c
	        ->  Bitmap Heap Scan on sbtest6  (cost=318.50..34425.94 rows=9958 width=121)
	              Recheck Cond: ((id >= 3965948) AND (id <= 3975947))
	              ->  Bitmap Index Scan on sbtest6_pkey  (cost=0.00..316.01 rows=9958 width=0)
	                    Index Cond: ((id >= 3965948) AND (id <= 3975947))

table 7 : explain SELECT DISTINCT c FROM sbtest7 WHERE id BETWEEN 6687891 AND 6697890 ORDER BY c
	Unique  (cost=33551.56..33598.92 rows=9473 width=121)
	  ->  Sort  (cost=33551.56..33575.24 rows=9473 width=121)
	        Sort Key: c
	        ->  Bitmap Heap Scan on sbtest7  (cost=301.53..32925.88 rows=9473 width=121)
	              Recheck Cond: ((id >= 6687891) AND (id <= 6697890))
	              ->  Bitmap Index Scan on sbtest7_pkey  (cost=0.00..299.17 rows=9473 width=0)
	                    Index Cond: ((id >= 6687891) AND (id <= 6697890))

table 8 : explain SELECT DISTINCT c FROM sbtest8 WHERE id BETWEEN 4620138 AND 4630137 ORDER BY c
	Unique  (cost=36625.52..36677.63 rows=10421 width=121)
	  ->  Sort  (cost=36625.52..36651.57 rows=10421 width=121)
	        Sort Key: c
	        ->  Bitmap Heap Scan on sbtest8  (cost=331.25..35930.06 rows=10421 width=121)
	              Recheck Cond: ((id >= 4620138) AND (id <= 4630137))
	              ->  Bitmap Index Scan on sbtest8_pkey  (cost=0.00..328.65 rows=10421 width=0)
	                    Index Cond: ((id >= 4620138) AND (id <= 4630137))

for: simple_ranges
table 1 : explain SELECT c FROM sbtest1 WHERE id BETWEEN 7601712 AND 7611711
	Bitmap Heap Scan on sbtest1  (cost=319.31..34847.39 rows=10037 width=121)
	  Recheck Cond: ((id >= 7601712) AND (id <= 7611711))
	  ->  Bitmap Index Scan on sbtest1_pkey  (cost=0.00..316.81 rows=10037 width=0)
	        Index Cond: ((id >= 7601712) AND (id <= 7611711))

table 2 : explain SELECT c FROM sbtest2 WHERE id BETWEEN 3402907 AND 3412906
	Bitmap Heap Scan on sbtest2  (cost=335.57..35930.70 rows=10452 width=121)
	  Recheck Cond: ((id >= 3402907) AND (id <= 3412906))
	  ->  Bitmap Index Scan on sbtest2_pkey  (cost=0.00..332.95 rows=10452 width=0)
	        Index Cond: ((id >= 3402907) AND (id <= 3412906))

table 3 : explain SELECT c FROM sbtest3 WHERE id BETWEEN 7465143 AND 7475142
	Bitmap Heap Scan on sbtest3  (cost=296.51..32528.25 rows=9373 width=121)
	  Recheck Cond: ((id >= 7465143) AND (id <= 7475142))
	  ->  Bitmap Index Scan on sbtest3_pkey  (cost=0.00..294.17 rows=9373 width=0)
	        Index Cond: ((id >= 7465143) AND (id <= 7475142))

table 4 : explain SELECT c FROM sbtest4 WHERE id BETWEEN 6495631 AND 6505630
	Bitmap Heap Scan on sbtest4  (cost=305.81..32980.31 rows=9500 width=121)
	  Recheck Cond: ((id >= 6495631) AND (id <= 6505630))
	  ->  Bitmap Index Scan on sbtest4_pkey  (cost=0.00..303.44 rows=9500 width=0)
	        Index Cond: ((id >= 6495631) AND (id <= 6505630))

table 5 : explain SELECT c FROM sbtest5 WHERE id BETWEEN 186016 AND 196015
	Bitmap Heap Scan on sbtest5  (cost=289.39..31652.60 rows=9069 width=121)
	  Recheck Cond: ((id >= 186016) AND (id <= 196015))
	  ->  Bitmap Index Scan on sbtest5_pkey  (cost=0.00..287.12 rows=9069 width=0)
	        Index Cond: ((id >= 186016) AND (id <= 196015))

table 6 : explain SELECT c FROM sbtest6 WHERE id BETWEEN 5001817 AND 5011816
	Bitmap Heap Scan on sbtest6  (cost=343.48..37158.00 rows=10834 width=121)
	  Recheck Cond: ((id >= 5001817) AND (id <= 5011816))
	  ->  Bitmap Index Scan on sbtest6_pkey  (cost=0.00..340.78 rows=10834 width=0)
	        Index Cond: ((id >= 5001817) AND (id <= 5011816))

table 7 : explain SELECT c FROM sbtest7 WHERE id BETWEEN 8629064 AND 8639063
	Bitmap Heap Scan on sbtest7  (cost=325.09..35249.86 rows=10210 width=121)
	  Recheck Cond: ((id >= 8629064) AND (id <= 8639063))
	  ->  Bitmap Index Scan on sbtest7_pkey  (cost=0.00..322.54 rows=10210 width=0)
	        Index Cond: ((id >= 8629064) AND (id <= 8639063))

table 8 : explain SELECT c FROM sbtest8 WHERE id BETWEEN 3659325 AND 3669324
	Bitmap Heap Scan on sbtest8  (cost=314.45..34458.79 rows=9953 width=121)
	  Recheck Cond: ((id >= 3659325) AND (id <= 3669324))
	  ->  Bitmap Index Scan on sbtest8_pkey  (cost=0.00..311.96 rows=9953 width=0)
	        Index Cond: ((id >= 3659325) AND (id <= 3669324))
for: simple_ranges
table 1 : explain SELECT c FROM sbtest1 WHERE id BETWEEN 2885700 AND 2895699
	Bitmap Heap Scan on sbtest1  (cost=296.01..32577.89 rows=9324 width=121)
	  Recheck Cond: ((id >= 2885700) AND (id <= 2895699))
	  ->  Bitmap Index Scan on sbtest1_pkey  (cost=0.00..293.68 rows=9324 width=0)
	        Index Cond: ((id >= 2885700) AND (id <= 2895699))

table 2 : explain SELECT c FROM sbtest2 WHERE id BETWEEN 7527588 AND 7537587
	Bitmap Heap Scan on sbtest2  (cost=341.94..36647.11 rows=10683 width=121)
	  Recheck Cond: ((id >= 7527588) AND (id <= 7537587))
	  ->  Bitmap Index Scan on sbtest2_pkey  (cost=0.00..339.26 rows=10683 width=0)
	        Index Cond: ((id >= 7527588) AND (id <= 7537587))

table 3 : explain SELECT c FROM sbtest3 WHERE id BETWEEN 4801403 AND 4811402
	Bitmap Heap Scan on sbtest3  (cost=326.08..35460.80 rows=10307 width=121)
	  Recheck Cond: ((id >= 4801403) AND (id <= 4811402))
	  ->  Bitmap Index Scan on sbtest3_pkey  (cost=0.00..323.50 rows=10307 width=0)
	        Index Cond: ((id >= 4801403) AND (id <= 4811402))

table 4 : explain SELECT c FROM sbtest4 WHERE id BETWEEN 2958907 AND 2968906
	Bitmap Heap Scan on sbtest4  (cost=311.40..33473.31 rows=9655 width=121)
	  Recheck Cond: ((id >= 2958907) AND (id <= 2968906))
	  ->  Bitmap Index Scan on sbtest4_pkey  (cost=0.00..308.99 rows=9655 width=0)
	        Index Cond: ((id >= 2958907) AND (id <= 2968906))

table 5 : explain SELECT c FROM sbtest5 WHERE id BETWEEN 2461187 AND 2471186
	Bitmap Heap Scan on sbtest5  (cost=307.37..33506.11 rows=9652 width=121)
	  Recheck Cond: ((id >= 2461187) AND (id <= 2471186))
	  ->  Bitmap Index Scan on sbtest5_pkey  (cost=0.00..304.95 rows=9652 width=0)
	        Index Cond: ((id >= 2461187) AND (id <= 2471186))

table 6 : explain SELECT c FROM sbtest6 WHERE id BETWEEN 4171313 AND 4181312
	Bitmap Heap Scan on sbtest6  (cost=318.85..34532.30 rows=9992 width=121)
	  Recheck Cond: ((id >= 4171313) AND (id <= 4181312))
	  ->  Bitmap Index Scan on sbtest6_pkey  (cost=0.00..316.36 rows=9992 width=0)
	        Index Cond: ((id >= 4171313) AND (id <= 4181312))

table 7 : explain SELECT c FROM sbtest7 WHERE id BETWEEN 7867771 AND 7877770
	Bitmap Heap Scan on sbtest7  (cost=301.34..32864.19 rows=9454 width=121)
	  Recheck Cond: ((id >= 7867771) AND (id <= 7877770))
	  ->  Bitmap Index Scan on sbtest7_pkey  (cost=0.00..298.98 rows=9454 width=0)
	        Index Cond: ((id >= 7867771) AND (id <= 7877770))

table 8 : explain SELECT c FROM sbtest8 WHERE id BETWEEN 6826768 AND 6836767
	Bitmap Heap Scan on sbtest8  (cost=336.84..36415.46 rows=10576 width=121)
	  Recheck Cond: ((id >= 6826768) AND (id <= 6836767))
	  ->  Bitmap Index Scan on sbtest8_pkey  (cost=0.00..334.19 rows=10576 width=0)
	        Index Cond: ((id >= 6826768) AND (id <= 6836767))


for: simple_ranges
table 1 : explain SELECT c FROM sbtest1 WHERE id BETWEEN 9071298 AND 9081297
	Bitmap Heap Scan on sbtest1  (cost=300.86..32846.65 rows=9407 width=121)
	  Recheck Cond: ((id >= 9071298) AND (id <= 9081297))
	  ->  Bitmap Index Scan on sbtest1_pkey  (cost=0.00..298.50 rows=9407 width=0)
	        Index Cond: ((id >= 9071298) AND (id <= 9081297))

table 2 : explain SELECT c FROM sbtest2 WHERE id BETWEEN 9104951 AND 9114950
	Bitmap Heap Scan on sbtest2  (cost=312.36..33729.91 rows=9749 width=121)
	  Recheck Cond: ((id >= 9104951) AND (id <= 9114950))
	  ->  Bitmap Index Scan on sbtest2_pkey  (cost=0.00..309.93 rows=9749 width=0)
	        Index Cond: ((id >= 9104951) AND (id <= 9114950))

table 3 : explain SELECT c FROM sbtest3 WHERE id BETWEEN 856709 AND 866708
	Bitmap Heap Scan on sbtest3  (cost=301.45..32820.51 rows=9465 width=121)
	  Recheck Cond: ((id >= 856709) AND (id <= 866708))
	  ->  Bitmap Index Scan on sbtest3_pkey  (cost=0.00..299.08 rows=9465 width=0)
	        Index Cond: ((id >= 856709) AND (id <= 866708))

table 4 : explain SELECT c FROM sbtest4 WHERE id BETWEEN 2317315 AND 2327314
	Bitmap Heap Scan on sbtest4  (cost=294.35..31906.76 rows=9162 width=121)
	  Recheck Cond: ((id >= 2317315) AND (id <= 2327314))
	  ->  Bitmap Index Scan on sbtest4_pkey  (cost=0.00..292.06 rows=9162 width=0)
	        Index Cond: ((id >= 2317315) AND (id <= 2327314))

table 5 : explain SELECT c FROM sbtest5 WHERE id BETWEEN 5060653 AND 5070652
	Bitmap Heap Scan on sbtest5  (cost=324.30..35024.35 rows=10133 width=121)
	  Recheck Cond: ((id >= 5060653) AND (id <= 5070652))
	  ->  Bitmap Index Scan on sbtest5_pkey  (cost=0.00..321.76 rows=10133 width=0)
	        Index Cond: ((id >= 5060653) AND (id <= 5070652))

table 6 : explain SELECT c FROM sbtest6 WHERE id BETWEEN 6844554 AND 6854553
	Bitmap Heap Scan on sbtest6  (cost=331.89..36066.37 rows=10483 width=121)
	  Recheck Cond: ((id >= 6844554) AND (id <= 6854553))
	  ->  Bitmap Index Scan on sbtest6_pkey  (cost=0.00..329.26 rows=10483 width=0)
	        Index Cond: ((id >= 6844554) AND (id <= 6854553))

table 7 : explain SELECT c FROM sbtest7 WHERE id BETWEEN 6808880 AND 6818879
	Bitmap Heap Scan on sbtest7  (cost=295.03..32151.14 rows=9229 width=121)
	  Recheck Cond: ((id >= 6808880) AND (id <= 6818879))
	  ->  Bitmap Index Scan on sbtest7_pkey  (cost=0.00..292.73 rows=9229 width=0)
	        Index Cond: ((id >= 6808880) AND (id <= 6818879))

table 8 : explain SELECT c FROM sbtest8 WHERE id BETWEEN 6058766 AND 6068765
	Bitmap Heap Scan on sbtest8  (cost=319.80..34872.73 rows=10084 width=121)
	  Recheck Cond: ((id >= 6058766) AND (id <= 6068765))
	  ->  Bitmap Index Scan on sbtest8_pkey  (cost=0.00..317.28 rows=10084 width=0)
	        Index Cond: ((id >= 6058766) AND (id <= 6068765))

for: simple_ranges
table 1 : explain SELECT c FROM sbtest1 WHERE id BETWEEN 8592797 AND 8602796
	Bitmap Heap Scan on sbtest1  (cost=319.86..35015.94 rows=10090 width=121)
	  Recheck Cond: ((id >= 8592797) AND (id <= 8602796))
	  ->  Bitmap Index Scan on sbtest1_pkey  (cost=0.00..317.33 rows=10090 width=0)
	        Index Cond: ((id >= 8592797) AND (id <= 8602796))

table 2 : explain SELECT c FROM sbtest2 WHERE id BETWEEN 343140 AND 353139
	Bitmap Heap Scan on sbtest2  (cost=323.19..34598.02 rows=10025 width=121)
	  Recheck Cond: ((id >= 343140) AND (id <= 353139))
	  ->  Bitmap Index Scan on sbtest2_pkey  (cost=0.00..320.69 rows=10025 width=0)
	        Index Cond: ((id >= 343140) AND (id <= 353139))

table 3 : explain SELECT c FROM sbtest3 WHERE id BETWEEN 7979619 AND 7989618
	Bitmap Heap Scan on sbtest3  (cost=325.66..35335.82 rows=10266 width=121)
	  Recheck Cond: ((id >= 7979619) AND (id <= 7989618))
	  ->  Bitmap Index Scan on sbtest3_pkey  (cost=0.00..323.09 rows=10266 width=0)
	        Index Cond: ((id >= 7979619) AND (id <= 7989618))

table 4 : explain SELECT c FROM sbtest4 WHERE id BETWEEN 5727697 AND 5737696
	Bitmap Heap Scan on sbtest4  (cost=306.08..33061.34 rows=9526 width=121)
	  Recheck Cond: ((id >= 5727697) AND (id <= 5737696))
	  ->  Bitmap Index Scan on sbtest4_pkey  (cost=0.00..303.69 rows=9526 width=0)
	        Index Cond: ((id >= 5727697) AND (id <= 5737696))

table 5 : explain SELECT c FROM sbtest5 WHERE id BETWEEN 1421758 AND 1431757
	Bitmap Heap Scan on sbtest5  (cost=306.75..33318.01 rows=9592 width=121)
	  Recheck Cond: ((id >= 1421758) AND (id <= 1431757))
	  ->  Bitmap Index Scan on sbtest5_pkey  (cost=0.00..304.36 rows=9592 width=0)
	        Index Cond: ((id >= 1421758) AND (id <= 1431757))

table 6 : explain SELECT c FROM sbtest6 WHERE id BETWEEN 8743088 AND 8753087
	Bitmap Heap Scan on sbtest6  (cost=296.22..32487.75 rows=9345 width=121)
	  Recheck Cond: ((id >= 8743088) AND (id <= 8753087))
	  ->  Bitmap Index Scan on sbtest6_pkey  (cost=0.00..293.88 rows=9345 width=0)
	        Index Cond: ((id >= 8743088) AND (id <= 8753087))

table 7 : explain SELECT c FROM sbtest7 WHERE id BETWEEN 5561208 AND 5571207
	Bitmap Heap Scan on sbtest7  (cost=331.99..36134.07 rows=10493 width=121)
	  Recheck Cond: ((id >= 5561208) AND (id <= 5571207))
	  ->  Bitmap Index Scan on sbtest7_pkey  (cost=0.00..329.37 rows=10493 width=0)
	        Index Cond: ((id >= 5561208) AND (id <= 5571207))

table 8 : explain SELECT c FROM sbtest8 WHERE id BETWEEN 4219683 AND 4229682
	Bitmap Heap Scan on sbtest8  (cost=325.42..35369.74 rows=10242 width=121)
	  Recheck Cond: ((id >= 4219683) AND (id <= 4229682))
	  ->  Bitmap Index Scan on sbtest8_pkey  (cost=0.00..322.86 rows=10242 width=0)
	        Index Cond: ((id >= 4219683) AND (id <= 4229682))

for: simple_ranges
table 1 : explain SELECT c FROM sbtest1 WHERE id BETWEEN 6458529 AND 6468528
	Bitmap Heap Scan on sbtest1  (cost=296.43..32708.67 rows=9365 width=121)
	  Recheck Cond: ((id >= 6458529) AND (id <= 6468528))
	  ->  Bitmap Index Scan on sbtest1_pkey  (cost=0.00..294.08 rows=9365 width=0)
	        Index Cond: ((id >= 6458529) AND (id <= 6468528))

table 2 : explain SELECT c FROM sbtest2 WHERE id BETWEEN 9829118 AND 9839117
	Bitmap Heap Scan on sbtest2  (cost=324.55..35012.52 rows=10158 width=121)
	  Recheck Cond: ((id >= 9829118) AND (id <= 9839117))
	  ->  Bitmap Index Scan on sbtest2_pkey  (cost=0.00..322.01 rows=10158 width=0)
	        Index Cond: ((id >= 9829118) AND (id <= 9839117))

table 3 : explain SELECT c FROM sbtest3 WHERE id BETWEEN 1232030 AND 1242029
	Bitmap Heap Scan on sbtest3  (cost=354.45..37992.53 rows=11123 width=121)
	  Recheck Cond: ((id >= 1232030) AND (id <= 1242029))
	  ->  Bitmap Index Scan on sbtest3_pkey  (cost=0.00..351.67 rows=11123 width=0)
	        Index Cond: ((id >= 1232030) AND (id <= 1242029))

table 4 : explain SELECT c FROM sbtest4 WHERE id BETWEEN 8235328 AND 8245327
	Bitmap Heap Scan on sbtest4  (cost=318.46..34410.65 rows=9954 width=121)
	  Recheck Cond: ((id >= 8235328) AND (id <= 8245327))
	  ->  Bitmap Index Scan on sbtest4_pkey  (cost=0.00..315.98 rows=9954 width=0)
	        Index Cond: ((id >= 8235328) AND (id <= 8245327))

table 5 : explain SELECT c FROM sbtest5 WHERE id BETWEEN 8689353 AND 8699352
	Bitmap Heap Scan on sbtest5  (cost=301.58..32953.66 rows=9478 width=121)
	  Recheck Cond: ((id >= 8689353) AND (id <= 8699352))
	  ->  Bitmap Index Scan on sbtest5_pkey  (cost=0.00..299.21 rows=9478 width=0)
	        Index Cond: ((id >= 8689353) AND (id <= 8699352))

table 6 : explain SELECT c FROM sbtest6 WHERE id BETWEEN 5815760 AND 5825759
	Bitmap Heap Scan on sbtest6  (cost=354.99..38219.68 rows=11176 width=121)
	  Recheck Cond: ((id >= 5815760) AND (id <= 5825759))
	  ->  Bitmap Index Scan on sbtest6_pkey  (cost=0.00..352.19 rows=11176 width=0)
	        Index Cond: ((id >= 5815760) AND (id <= 5825759))

table 7 : explain SELECT c FROM sbtest7 WHERE id BETWEEN 3742728 AND 3752727
	Bitmap Heap Scan on sbtest7  (cost=331.95..36121.25 rows=10489 width=121)
	  Recheck Cond: ((id >= 3742728) AND (id <= 3752727))
	  ->  Bitmap Index Scan on sbtest7_pkey  (cost=0.00..329.32 rows=10489 width=0)
	        Index Cond: ((id >= 3742728) AND (id <= 3752727))

table 8 : explain SELECT c FROM sbtest8 WHERE id BETWEEN 7450540 AND 7460539
	Bitmap Heap Scan on sbtest8  (cost=307.66..33597.31 rows=9680 width=121)
	  Recheck Cond: ((id >= 7450540) AND (id <= 7460539))
	  ->  Bitmap Index Scan on sbtest8_pkey  (cost=0.00..305.24 rows=9680 width=0)
	        Index Cond: ((id >= 7450540) AND (id <= 7460539))

for: sum_ranges
table 1 : explain SELECT SUM(k) FROM sbtest1 WHERE id BETWEEN 4208242 AND 4218241
	Aggregate  (cost=36589.26..36589.27 rows=1 width=8)
	  ->  Bitmap Heap Scan on sbtest1  (cost=336.88..36562.81 rows=10580 width=4)
	        Recheck Cond: ((id >= 4208242) AND (id <= 4218241))
	        ->  Bitmap Index Scan on sbtest1_pkey  (cost=0.00..334.24 rows=10580 width=0)
	              Index Cond: ((id >= 4208242) AND (id <= 4218241))

table 2 : explain SELECT SUM(k) FROM sbtest2 WHERE id BETWEEN 9210417 AND 9220416
	Aggregate  (cost=34396.92..34396.93 rows=1 width=8)
	  ->  Bitmap Heap Scan on sbtest2  (cost=318.46..34372.03 rows=9954 width=4)
	        Recheck Cond: ((id >= 9210417) AND (id <= 9220416))
	        ->  Bitmap Index Scan on sbtest2_pkey  (cost=0.00..315.98 rows=9954 width=0)
	              Index Cond: ((id >= 9210417) AND (id <= 9220416))

table 3 : explain SELECT SUM(k) FROM sbtest3 WHERE id BETWEEN 3577981 AND 3587980
	Aggregate  (cost=31868.92..31868.93 rows=1 width=8)
	  ->  Bitmap Heap Scan on sbtest3  (cost=290.30..31846.02 rows=9158 width=4)
	        Recheck Cond: ((id >= 3577981) AND (id <= 3587980))
	        ->  Bitmap Index Scan on sbtest3_pkey  (cost=0.00..288.01 rows=9158 width=0)
	              Index Cond: ((id >= 3577981) AND (id <= 3587980))

table 4 : explain SELECT SUM(k) FROM sbtest4 WHERE id BETWEEN 7860535 AND 7870534
	Aggregate  (cost=33328.27..33328.28 rows=1 width=8)
	  ->  Bitmap Heap Scan on sbtest4  (cost=306.87..33304.27 rows=9603 width=4)
	        Recheck Cond: ((id >= 7860535) AND (id <= 7870534))
	        ->  Bitmap Index Scan on sbtest4_pkey  (cost=0.00..304.46 rows=9603 width=0)
	              Index Cond: ((id >= 7860535) AND (id <= 7870534))

table 5 : explain SELECT SUM(k) FROM sbtest5 WHERE id BETWEEN 6874732 AND 6884731
	Aggregate  (cost=33533.48..33533.49 rows=1 width=8)
	  ->  Bitmap Heap Scan on sbtest5  (cost=307.38..33509.35 rows=9653 width=4)
	        Recheck Cond: ((id >= 6874732) AND (id <= 6884731))
	        ->  Bitmap Index Scan on sbtest5_pkey  (cost=0.00..304.96 rows=9653 width=0)
	              Index Cond: ((id >= 6874732) AND (id <= 6884731))

table 6 : explain SELECT SUM(k) FROM sbtest6 WHERE id BETWEEN 47721 AND 57720
	Aggregate  (cost=34947.98..34947.99 rows=1 width=8)
	  ->  Bitmap Heap Scan on sbtest6  (cost=324.12..34922.69 rows=10116 width=4)
	        Recheck Cond: ((id >= 47721) AND (id <= 57720))
	        ->  Bitmap Index Scan on sbtest6_pkey  (cost=0.00..321.59 rows=10116 width=0)
	              Index Cond: ((id >= 47721) AND (id <= 57720))

table 7 : explain SELECT SUM(k) FROM sbtest7 WHERE id BETWEEN 385652 AND 395651
	Aggregate  (cost=34373.75..34373.76 rows=1 width=8)
	  ->  Bitmap Heap Scan on sbtest7  (cost=314.16..34348.94 rows=9924 width=4)
	        Recheck Cond: ((id >= 385652) AND (id <= 395651))
	        ->  Bitmap Index Scan on sbtest7_pkey  (cost=0.00..311.68 rows=9924 width=0)
	              Index Cond: ((id >= 385652) AND (id <= 395651))

table 8 : explain SELECT SUM(k) FROM sbtest8 WHERE id BETWEEN 6400177 AND 6410176
	Aggregate  (cost=35882.16..35882.17 rows=1 width=8)
	  ->  Bitmap Heap Scan on sbtest8  (cost=331.00..35856.17 rows=10397 width=4)
	        Recheck Cond: ((id >= 6400177) AND (id <= 6410176))
	        ->  Bitmap Index Scan on sbtest8_pkey  (cost=0.00..328.41 rows=10397 width=0)
	              Index Cond: ((id >= 6400177) AND (id <= 6410176))

for: distinct_ranges
table 1 : explain SELECT DISTINCT c FROM sbtest1 WHERE id BETWEEN 5033606 AND 5043605 ORDER BY c
	Unique  (cost=39513.92..39570.33 rows=11281 width=121)
	  ->  Sort  (cost=39513.92..39542.12 rows=11281 width=121)
	        Sort Key: c
	        ->  Bitmap Heap Scan on sbtest1  (cost=360.07..38754.62 rows=11281 width=121)
	              Recheck Cond: ((id >= 5033606) AND (id <= 5043605))
	              ->  Bitmap Index Scan on sbtest1_pkey  (cost=0.00..357.25 rows=11281 width=0)
	                    Index Cond: ((id >= 5033606) AND (id <= 5043605))

table 2 : explain SELECT DISTINCT c FROM sbtest2 WHERE id BETWEEN 1564334 AND 1574333 ORDER BY c
	Unique  (cost=36775.85..36828.35 rows=10499 width=121)
	  ->  Sort  (cost=36775.85..36802.10 rows=10499 width=121)
	        Sort Key: c
	        ->  Bitmap Heap Scan on sbtest2  (cost=336.05..36074.63 rows=10499 width=121)
	              Recheck Cond: ((id >= 1564334) AND (id <= 1574333))
	              ->  Bitmap Index Scan on sbtest2_pkey  (cost=0.00..333.43 rows=10499 width=0)
	                    Index Cond: ((id >= 1564334) AND (id <= 1574333))

table 3 : explain SELECT DISTINCT c FROM sbtest3 WHERE id BETWEEN 7210541 AND 7220540 ORDER BY c
	Unique  (cost=34365.61..34414.36 rows=9751 width=121)
	  ->  Sort  (cost=34365.61..34389.98 rows=9751 width=121)
	        Sort Key: c
	        ->  Bitmap Heap Scan on sbtest3  (cost=308.38..33719.54 rows=9751 width=121)
	              Recheck Cond: ((id >= 7210541) AND (id <= 7220540))
	              ->  Bitmap Index Scan on sbtest3_pkey  (cost=0.00..305.94 rows=9751 width=0)
	                    Index Cond: ((id >= 7210541) AND (id <= 7220540))

table 4 : explain SELECT DISTINCT c FROM sbtest4 WHERE id BETWEEN 2771286 AND 2781285 ORDER BY c
	Unique  (cost=36905.48..36958.11 rows=10526 width=121)
	  ->  Sort  (cost=36905.48..36931.79 rows=10526 width=121)
	        Sort Key: c
	        ->  Bitmap Heap Scan on sbtest4  (cost=336.33..36202.25 rows=10526 width=121)
	              Recheck Cond: ((id >= 2771286) AND (id <= 2781285))
	              ->  Bitmap Index Scan on sbtest4_pkey  (cost=0.00..333.69 rows=10526 width=0)
	                    Index Cond: ((id >= 2771286) AND (id <= 2781285))

table 5 : explain SELECT DISTINCT c FROM sbtest5 WHERE id BETWEEN 8297275 AND 8307274 ORDER BY c
	Unique  (cost=35318.17..35368.25 rows=10015 width=121)
	  ->  Sort  (cost=35318.17..35343.21 rows=10015 width=121)
	        Sort Key: c
	        ->  Bitmap Heap Scan on sbtest5  (cost=319.09..34652.68 rows=10015 width=121)
	              Recheck Cond: ((id >= 8297275) AND (id <= 8307274))
	              ->  Bitmap Index Scan on sbtest5_pkey  (cost=0.00..316.58 rows=10015 width=0)
	                    Index Cond: ((id >= 8297275) AND (id <= 8307274))

table 6 : explain SELECT DISTINCT c FROM sbtest6 WHERE id BETWEEN 1737543 AND 1747542 ORDER BY c
	Unique  (cost=36671.28..36723.54 rows=10453 width=121)
	  ->  Sort  (cost=36671.28..36697.41 rows=10453 width=121)
	        Sort Key: c
	        ->  Bitmap Heap Scan on sbtest6  (cost=331.58..35973.46 rows=10453 width=121)
	              Recheck Cond: ((id >= 1737543) AND (id <= 1747542))
	              ->  Bitmap Index Scan on sbtest6_pkey  (cost=0.00..328.96 rows=10453 width=0)
	                    Index Cond: ((id >= 1737543) AND (id <= 1747542))

table 7 : explain SELECT DISTINCT c FROM sbtest7 WHERE id BETWEEN 4955929 AND 4965928 ORDER BY c
	Unique  (cost=33874.35..33922.21 rows=9572 width=121)
	  ->  Sort  (cost=33874.35..33898.28 rows=9572 width=121)
	        Sort Key: c
	        ->  Bitmap Heap Scan on sbtest7  (cost=306.55..33241.42 rows=9572 width=121)
	              Recheck Cond: ((id >= 4955929) AND (id <= 4965928))
	              ->  Bitmap Index Scan on sbtest7_pkey  (cost=0.00..304.16 rows=9572 width=0)
	                    Index Cond: ((id >= 4955929) AND (id <= 4965928))

table 8 : explain SELECT DISTINCT c FROM sbtest8 WHERE id BETWEEN 5075013 AND 5085012 ORDER BY c
	Unique  (cost=38319.63..38374.39 rows=10952 width=121)
	  ->  Sort  (cost=38319.63..38347.01 rows=10952 width=121)
	        Sort Key: c
	        ->  Bitmap Heap Scan on sbtest8  (cost=348.69..37584.81 rows=10952 width=121)
	              Recheck Cond: ((id >= 5075013) AND (id <= 5085012))
	              ->  Bitmap Index Scan on sbtest8_pkey  (cost=0.00..345.95 rows=10952 width=0)
	                    Index Cond: ((id >= 5075013) AND (id <= 5085012))

for: sum_ranges
table 1 : explain SELECT SUM(k) FROM sbtest1 WHERE id BETWEEN 977209 AND 987208
	Aggregate  (cost=34299.94..34299.95 rows=1 width=8)
	  ->  Bitmap Heap Scan on sbtest1  (cost=313.46..34275.30 rows=9856 width=4)
	        Recheck Cond: ((id >= 977209) AND (id <= 987208))
	        ->  Bitmap Index Scan on sbtest1_pkey  (cost=0.00..311.00 rows=9856 width=0)
	              Index Cond: ((id >= 977209) AND (id <= 987208))

table 2 : explain SELECT SUM(k) FROM sbtest2 WHERE id BETWEEN 729036 AND 739035
	Aggregate  (cost=31679.10..31679.11 rows=1 width=8)
	  ->  Bitmap Heap Scan on sbtest2  (cost=289.65..31656.37 rows=9094 width=4)
	        Recheck Cond: ((id >= 729036) AND (id <= 739035))
	        ->  Bitmap Index Scan on sbtest2_pkey  (cost=0.00..287.38 rows=9094 width=0)
	              Index Cond: ((id >= 729036) AND (id <= 739035))

table 3 : explain SELECT SUM(k) FROM sbtest3 WHERE id BETWEEN 3861509 AND 3871508
	Aggregate  (cost=35223.55..35223.56 rows=1 width=8)
	  ->  Bitmap Heap Scan on sbtest3  (cost=325.21..35197.99 rows=10222 width=4)
	        Recheck Cond: ((id >= 3861509) AND (id <= 3871508))
	        ->  Bitmap Index Scan on sbtest3_pkey  (cost=0.00..322.66 rows=10222 width=0)
	              Index Cond: ((id >= 3861509) AND (id <= 3871508))

table 4 : explain SELECT SUM(k) FROM sbtest4 WHERE id BETWEEN 9670114 AND 9680113
	Aggregate  (cost=34803.80..34803.81 rows=1 width=8)
	  ->  Bitmap Heap Scan on sbtest4  (cost=323.65..34778.63 rows=10070 width=4)
	        Recheck Cond: ((id >= 9670114) AND (id <= 9680113))
	        ->  Bitmap Index Scan on sbtest4_pkey  (cost=0.00..321.13 rows=10070 width=0)
	              Index Cond: ((id >= 9670114) AND (id <= 9680113))

table 5 : explain SELECT SUM(k) FROM sbtest5 WHERE id BETWEEN 879950 AND 889949
	Aggregate  (cost=32778.95..32778.96 rows=1 width=8)
	  ->  Bitmap Heap Scan on sbtest5  (cost=300.94..32755.41 rows=9415 width=4)
	        Recheck Cond: ((id >= 879950) AND (id <= 889949))
	        ->  Bitmap Index Scan on sbtest5_pkey  (cost=0.00..298.58 rows=9415 width=0)
	              Index Cond: ((id >= 879950) AND (id <= 889949))

table 6 : explain SELECT SUM(k) FROM sbtest6 WHERE id BETWEEN 1721527 AND 1731526
	Aggregate  (cost=35999.59..35999.60 rows=1 width=8)
	  ->  Bitmap Heap Scan on sbtest6  (cost=331.58..35973.46 rows=10453 width=4)
	        Recheck Cond: ((id >= 1721527) AND (id <= 1731526))
	        ->  Bitmap Index Scan on sbtest6_pkey  (cost=0.00..328.96 rows=10453 width=0)
	              Index Cond: ((id >= 1721527) AND (id <= 1731526))

table 7 : explain SELECT SUM(k) FROM sbtest7 WHERE id BETWEEN 3800652 AND 3810651
	Aggregate  (cost=33661.02..33661.03 rows=1 width=8)
	  ->  Bitmap Heap Scan on sbtest7  (cost=307.84..33636.78 rows=9698 width=4)
	        Recheck Cond: ((id >= 3800652) AND (id <= 3810651))
	        ->  Bitmap Index Scan on sbtest7_pkey  (cost=0.00..305.42 rows=9698 width=0)
	              Index Cond: ((id >= 3800652) AND (id <= 3810651))

table 8 : explain SELECT SUM(k) FROM sbtest8 WHERE id BETWEEN 980175 AND 990174
	Aggregate  (cost=36595.90..36595.91 rows=1 width=8)
	  ->  Bitmap Heap Scan on sbtest8  (cost=337.35..36569.33 rows=10626 width=4)
	        Recheck Cond: ((id >= 980175) AND (id <= 990174))
	        ->  Bitmap Index Scan on sbtest8_pkey  (cost=0.00..334.69 rows=10626 width=0)
	              Index Cond: ((id >= 980175) AND (id <= 990174))

for: sum_ranges
table 1 : explain SELECT SUM(k) FROM sbtest1 WHERE id BETWEEN 8633153 AND 8643152
	Aggregate  (cost=37276.02..37276.03 rows=1 width=8)
	  ->  Bitmap Heap Scan on sbtest1  (cost=343.12..37249.02 rows=10799 width=4)
	        Recheck Cond: ((id >= 8633153) AND (id <= 8643152))
	        ->  Bitmap Index Scan on sbtest1_pkey  (cost=0.00..340.43 rows=10799 width=0)
	              Index Cond: ((id >= 8633153) AND (id <= 8643152))

table 2 : explain SELECT SUM(k) FROM sbtest2 WHERE id BETWEEN 9686446 AND 9696445
	Aggregate  (cost=33430.37..33430.38 rows=1 width=8)
	  ->  Bitmap Heap Scan on sbtest2  (cost=307.32..33406.25 rows=9647 width=4)
	        Recheck Cond: ((id >= 9686446) AND (id <= 9696445))
	        ->  Bitmap Index Scan on sbtest2_pkey  (cost=0.00..304.91 rows=9647 width=0)
	              Index Cond: ((id >= 9686446) AND (id <= 9696445))

table 3 : explain SELECT SUM(k) FROM sbtest3 WHERE id BETWEEN 5577234 AND 5587233
	Aggregate  (cost=35101.58..35101.59 rows=1 width=8)
	  ->  Bitmap Heap Scan on sbtest3  (cost=324.81..35076.12 rows=10183 width=4)
	        Recheck Cond: ((id >= 5577234) AND (id <= 5587233))
	        ->  Bitmap Index Scan on sbtest3_pkey  (cost=0.00..322.26 rows=10183 width=0)
	              Index Cond: ((id >= 5577234) AND (id <= 5587233))

table 4 : explain SELECT SUM(k) FROM sbtest4 WHERE id BETWEEN 2235647 AND 2245646
	Aggregate  (cost=31929.66..31929.67 rows=1 width=8)
	  ->  Bitmap Heap Scan on sbtest4  (cost=294.35..31906.76 rows=9162 width=4)
	        Recheck Cond: ((id >= 2235647) AND (id <= 2245646))
	        ->  Bitmap Index Scan on sbtest4_pkey  (cost=0.00..292.06 rows=9162 width=0)
	              Index Cond: ((id >= 2235647) AND (id <= 2245646))

table 5 : explain SELECT SUM(k) FROM sbtest5 WHERE id BETWEEN 5853513 AND 5863512
	Aggregate  (cost=33107.37..33107.38 rows=1 width=8)
	  ->  Bitmap Heap Scan on sbtest5  (cost=302.00..33083.58 rows=9519 width=4)
	        Recheck Cond: ((id >= 5853513) AND (id <= 5863512))
	        ->  Bitmap Index Scan on sbtest5_pkey  (cost=0.00..299.62 rows=9519 width=0)
	              Index Cond: ((id >= 5853513) AND (id <= 5863512))

table 6 : explain SELECT SUM(k) FROM sbtest6 WHERE id BETWEEN 4411239 AND 4421238
	Aggregate  (cost=35507.67..35507.68 rows=1 width=8)
	  ->  Bitmap Heap Scan on sbtest6  (cost=325.97..35481.93 rows=10296 width=4)
	        Recheck Cond: ((id >= 4411239) AND (id <= 4421238))
	        ->  Bitmap Index Scan on sbtest6_pkey  (cost=0.00..323.40 rows=10296 width=0)
	              Index Cond: ((id >= 4411239) AND (id <= 4421238))

table 7 : explain SELECT SUM(k) FROM sbtest7 WHERE id BETWEEN 3500525 AND 3510524
	Aggregate  (cost=34254.15..34254.16 rows=1 width=8)
	  ->  Bitmap Heap Scan on sbtest7  (cost=313.77..34229.44 rows=9886 width=4)
	        Recheck Cond: ((id >= 3500525) AND (id <= 3510524))
	        ->  Bitmap Index Scan on sbtest7_pkey  (cost=0.00..311.30 rows=9886 width=0)
	              Index Cond: ((id >= 3500525) AND (id <= 3510524))

table 8 : explain SELECT SUM(k) FROM sbtest8 WHERE id BETWEEN 5384136 AND 5394135
	Aggregate  (cost=37349.28..37349.29 rows=1 width=8)
	  ->  Bitmap Heap Scan on sbtest8  (cost=343.83..37322.11 rows=10868 width=4)
	        Recheck Cond: ((id >= 5384136) AND (id <= 5394135))
	        ->  Bitmap Index Scan on sbtest8_pkey  (cost=0.00..341.12 rows=10868 width=0)
	              Index Cond: ((id >= 5384136) AND (id <= 5394135))

for point_selects
table 1 : explain SELECT c FROM sbtest1 WHERE id=6638133
	Index Scan using sbtest1_pkey on sbtest1  (cost=0.43..8.45 rows=1 width=121)
	  Index Cond: (id = 6638133)

table 2 : explain SELECT c FROM sbtest2 WHERE id=1145923
	Index Scan using sbtest2_pkey on sbtest2  (cost=0.43..8.45 rows=1 width=121)
	  Index Cond: (id = 1145923)

table 3 : explain SELECT c FROM sbtest3 WHERE id=5128482
	Index Scan using sbtest3_pkey on sbtest3  (cost=0.43..8.45 rows=1 width=121)
	  Index Cond: (id = 5128482)

table 4 : explain SELECT c FROM sbtest4 WHERE id=7696999
	Index Scan using sbtest4_pkey on sbtest4  (cost=0.43..8.45 rows=1 width=121)
	  Index Cond: (id = 7696999)

table 5 : explain SELECT c FROM sbtest5 WHERE id=4134814
	Index Scan using sbtest5_pkey on sbtest5  (cost=0.43..8.45 rows=1 width=121)
	  Index Cond: (id = 4134814)

table 6 : explain SELECT c FROM sbtest6 WHERE id=4208876
	Index Scan using sbtest6_pkey on sbtest6  (cost=0.43..8.45 rows=1 width=121)
	  Index Cond: (id = 4208876)

table 7 : explain SELECT c FROM sbtest7 WHERE id=1812829
	Index Scan using sbtest7_pkey on sbtest7  (cost=0.43..8.45 rows=1 width=121)
	  Index Cond: (id = 1812829)

table 8 : explain SELECT c FROM sbtest8 WHERE id=2541173
	Index Scan using sbtest8_pkey on sbtest8  (cost=0.43..8.45 rows=1 width=121)
	  Index Cond: (id = 2541173)

for point_selects
table 1 : explain SELECT c FROM sbtest1 WHERE id=3787512
	Index Scan using sbtest1_pkey on sbtest1  (cost=0.43..8.45 rows=1 width=121)
	  Index Cond: (id = 3787512)

table 2 : explain SELECT c FROM sbtest2 WHERE id=7612366
	Index Scan using sbtest2_pkey on sbtest2  (cost=0.43..8.45 rows=1 width=121)
	  Index Cond: (id = 7612366)

table 3 : explain SELECT c FROM sbtest3 WHERE id=2092538
	Index Scan using sbtest3_pkey on sbtest3  (cost=0.43..8.45 rows=1 width=121)
	  Index Cond: (id = 2092538)

table 4 : explain SELECT c FROM sbtest4 WHERE id=8024948
	Index Scan using sbtest4_pkey on sbtest4  (cost=0.43..8.45 rows=1 width=121)
	  Index Cond: (id = 8024948)

table 5 : explain SELECT c FROM sbtest5 WHERE id=8606022
	Index Scan using sbtest5_pkey on sbtest5  (cost=0.43..8.45 rows=1 width=121)
	  Index Cond: (id = 8606022)

table 6 : explain SELECT c FROM sbtest6 WHERE id=2072533
	Index Scan using sbtest6_pkey on sbtest6  (cost=0.43..8.45 rows=1 width=121)
	  Index Cond: (id = 2072533)

table 7 : explain SELECT c FROM sbtest7 WHERE id=4725753
	Index Scan using sbtest7_pkey on sbtest7  (cost=0.43..8.45 rows=1 width=121)
	  Index Cond: (id = 4725753)

table 8 : explain SELECT c FROM sbtest8 WHERE id=5506695
	Index Scan using sbtest8_pkey on sbtest8  (cost=0.43..8.45 rows=1 width=121)
	  Index Cond: (id = 5506695)

for: sum_ranges
table 1 : explain SELECT SUM(k) FROM sbtest1 WHERE id BETWEEN 5757148 AND 5767147
	Aggregate  (cost=35070.34..35070.35 rows=1 width=8)
	  ->  Bitmap Heap Scan on sbtest1  (cost=319.95..35045.10 rows=10099 width=4)
	        Recheck Cond: ((id >= 5757148) AND (id <= 5767147))
	        ->  Bitmap Index Scan on sbtest1_pkey  (cost=0.00..317.43 rows=10099 width=0)
	              Index Cond: ((id >= 5757148) AND (id <= 5767147))

table 2 : explain SELECT SUM(k) FROM sbtest2 WHERE id BETWEEN 573060 AND 583059
	Aggregate  (cost=31897.92..31897.93 rows=1 width=8)
	  ->  Bitmap Heap Scan on sbtest2  (cost=294.35..31875.02 rows=9162 width=4)
	        Recheck Cond: ((id >= 573060) AND (id <= 583059))
	        ->  Bitmap Index Scan on sbtest2_pkey  (cost=0.00..292.06 rows=9162 width=0)
	              Index Cond: ((id >= 573060) AND (id <= 583059))

table 3 : explain SELECT SUM(k) FROM sbtest3 WHERE id BETWEEN 2958684 AND 2968683
	Aggregate  (cost=33504.92..33504.93 rows=1 width=8)
	  ->  Bitmap Heap Scan on sbtest3  (cost=307.59..33480.73 rows=9674 width=4)
	        Recheck Cond: ((id >= 2958684) AND (id <= 2968683))
	        ->  Bitmap Index Scan on sbtest3_pkey  (cost=0.00..305.18 rows=9674 width=0)
	              Index Cond: ((id >= 2958684) AND (id <= 2968683))

table 4 : explain SELECT SUM(k) FROM sbtest4 WHERE id BETWEEN 5048954 AND 5058953
	Aggregate  (cost=32353.61..32353.62 rows=1 width=8)
	  ->  Bitmap Heap Scan on sbtest4  (cost=299.71..32330.37 rows=9295 width=4)
	        Recheck Cond: ((id >= 5048954) AND (id <= 5058953))
	        ->  Bitmap Index Scan on sbtest4_pkey  (cost=0.00..297.38 rows=9295 width=0)
	              Index Cond: ((id >= 5048954) AND (id <= 5058953))

table 5 : explain SELECT SUM(k) FROM sbtest5 WHERE id BETWEEN 7739516 AND 7749515
	Aggregate  (cost=35352.70..35352.71 rows=1 width=8)
	  ->  Bitmap Heap Scan on sbtest5  (cost=325.29..35327.12 rows=10230 width=4)
	        Recheck Cond: ((id >= 7739516) AND (id <= 7749515))
	        ->  Bitmap Index Scan on sbtest5_pkey  (cost=0.00..322.74 rows=10230 width=0)
	              Index Cond: ((id >= 7739516) AND (id <= 7749515))

table 6 : explain SELECT SUM(k) FROM sbtest6 WHERE id BETWEEN 1767204 AND 1777203
	Aggregate  (cost=37076.49..37076.50 rows=1 width=8)
	  ->  Bitmap Heap Scan on sbtest6  (cost=343.11..37049.50 rows=10798 width=4)
	        Recheck Cond: ((id >= 1767204) AND (id <= 1777203))
	        ->  Bitmap Index Scan on sbtest6_pkey  (cost=0.00..340.42 rows=10798 width=0)
	              Index Cond: ((id >= 1767204) AND (id <= 1777203))

table 7 : explain SELECT SUM(k) FROM sbtest7 WHERE id BETWEEN 2957666 AND 2967665
	Aggregate  (cost=33673.98..33673.99 rows=1 width=8)
	  ->  Bitmap Heap Scan on sbtest7  (cost=307.88..33649.73 rows=9702 width=4)
	        Recheck Cond: ((id >= 2957666) AND (id <= 2967665))
	        ->  Bitmap Index Scan on sbtest7_pkey  (cost=0.00..305.45 rows=9702 width=0)
	              Index Cond: ((id >= 2957666) AND (id <= 2967665))

table 8 : explain SELECT SUM(k) FROM sbtest8 WHERE id BETWEEN 984561 AND 994560
	Aggregate  (cost=36595.90..36595.91 rows=1 width=8)
	  ->  Bitmap Heap Scan on sbtest8  (cost=337.35..36569.33 rows=10626 width=4)
	        Recheck Cond: ((id >= 984561) AND (id <= 994560))
	        ->  Bitmap Index Scan on sbtest8_pkey  (cost=0.00..334.69 rows=10626 width=0)
	              Index Cond: ((id >= 984561) AND (id <= 994560))

explain: for point_selects :: explain SELECT c FROM sbtest%u WHERE id=%u
for: sum_ranges
table 1 : explain SELECT SUM(k) FROM sbtest1 WHERE id BETWEEN 1612445 AND 1622444
	Aggregate  (cost=31461.52..31461.53 rows=1 width=8)
	  ->  Bitmap Heap Scan on sbtest1  (cost=284.37..31439.10 rows=8969 width=4)
	        Recheck Cond: ((id >= 1612445) AND (id <= 1622444))
	        ->  Bitmap Index Scan on sbtest1_pkey  (cost=0.00..282.12 rows=8969 width=0)
	              Index Cond: ((id >= 1612445) AND (id <= 1622444))

table 2 : explain SELECT SUM(k) FROM sbtest2 WHERE id BETWEEN 2261145 AND 2271144
	Aggregate  (cost=38467.59..38467.60 rows=1 width=8)
	  ->  Bitmap Heap Scan on sbtest2  (cost=359.88..38439.43 rows=11263 width=4)
	        Recheck Cond: ((id >= 2261145) AND (id <= 2271144))
	        ->  Bitmap Index Scan on sbtest2_pkey  (cost=0.00..357.06 rows=11263 width=0)
	              Index Cond: ((id >= 2261145) AND (id <= 2271144))

table 3 : explain SELECT SUM(k) FROM sbtest3 WHERE id BETWEEN 5562926 AND 5572925
	Aggregate  (cost=37867.09..37867.10 rows=1 width=8)
	  ->  Bitmap Heap Scan on sbtest3  (cost=349.94..37839.40 rows=11074 width=4)
	        Recheck Cond: ((id >= 5562926) AND (id <= 5572925))
	        ->  Bitmap Index Scan on sbtest3_pkey  (cost=0.00..347.18 rows=11074 width=0)
	              Index Cond: ((id >= 5562926) AND (id <= 5572925))

table 4 : explain SELECT SUM(k) FROM sbtest4 WHERE id BETWEEN 7977069 AND 7987068
	Aggregate  (cost=36303.05..36303.06 rows=1 width=8)
	  ->  Bitmap Heap Scan on sbtest4  (cost=340.56..36276.68 rows=10549 width=4)
	        Recheck Cond: ((id >= 7977069) AND (id <= 7987068))
	        ->  Bitmap Index Scan on sbtest4_pkey  (cost=0.00..337.93 rows=10549 width=0)
	              Index Cond: ((id >= 7977069) AND (id <= 7987068))

table 5 : explain SELECT SUM(k) FROM sbtest5 WHERE id BETWEEN 3034027 AND 3044026
	Aggregate  (cost=34684.18..34684.19 rows=1 width=8)
	  ->  Bitmap Heap Scan on sbtest5  (cost=319.11..34659.13 rows=10017 width=4)
	        Recheck Cond: ((id >= 3034027) AND (id <= 3044026))
	        ->  Bitmap Index Scan on sbtest5_pkey  (cost=0.00..316.61 rows=10017 width=0)
	              Index Cond: ((id >= 3034027) AND (id <= 3044026))

table 6 : explain SELECT SUM(k) FROM sbtest6 WHERE id BETWEEN 784584 AND 794583
	Aggregate  (cost=35730.06..35730.07 rows=1 width=8)
	  ->  Bitmap Heap Scan on sbtest6  (cost=330.69..35704.14 rows=10366 width=4)
	        Recheck Cond: ((id >= 784584) AND (id <= 794583))
	        ->  Bitmap Index Scan on sbtest6_pkey  (cost=0.00..328.09 rows=10366 width=0)
	              Index Cond: ((id >= 784584) AND (id <= 794583))

table 7 : explain SELECT SUM(k) FROM sbtest7 WHERE id BETWEEN 3576680 AND 3586679
	Aggregate  (cost=36327.95..36327.96 rows=1 width=8)
	  ->  Bitmap Heap Scan on sbtest7  (cost=336.53..36301.58 rows=10546 width=4)
	        Recheck Cond: ((id >= 3576680) AND (id <= 3586679))
	        ->  Bitmap Index Scan on sbtest7_pkey  (cost=0.00..333.90 rows=10546 width=0)
	              Index Cond: ((id >= 3576680) AND (id <= 3586679))

table 8 : explain SELECT SUM(k) FROM sbtest8 WHERE id BETWEEN 519942 AND 529941
	Aggregate  (cost=36219.61..36219.62 rows=1 width=8)
	  ->  Bitmap Heap Scan on sbtest8  (cost=332.12..36193.35 rows=10506 width=4)
	        Recheck Cond: ((id >= 519942) AND (id <= 529941))
	        ->  Bitmap Index Scan on sbtest8_pkey  (cost=0.00..329.50 rows=10506 width=0)
	              Index Cond: ((id >= 519942) AND (id <= 529941))

for: sum_ranges
table 1 : explain SELECT SUM(k) FROM sbtest1 WHERE id BETWEEN 6826595 AND 6836594
	Aggregate  (cost=36576.36..36576.37 rows=1 width=8)
	  ->  Bitmap Heap Scan on sbtest1  (cost=336.84..36549.92 rows=10576 width=4)
	        Recheck Cond: ((id >= 6826595) AND (id <= 6836594))
	        ->  Bitmap Index Scan on sbtest1_pkey  (cost=0.00..334.19 rows=10576 width=0)
	              Index Cond: ((id >= 6826595) AND (id <= 6836594))

table 2 : explain SELECT SUM(k) FROM sbtest2 WHERE id BETWEEN 1677648 AND 1687647
	Aggregate  (cost=33805.96..33805.97 rows=1 width=8)
	  ->  Bitmap Heap Scan on sbtest2  (cost=312.54..33781.55 rows=9766 width=4)
	        Recheck Cond: ((id >= 1677648) AND (id <= 1687647))
	        ->  Bitmap Index Scan on sbtest2_pkey  (cost=0.00..310.09 rows=9766 width=0)
	              Index Cond: ((id >= 1677648) AND (id <= 1687647))

table 3 : explain SELECT SUM(k) FROM sbtest3 WHERE id BETWEEN 3253890 AND 3263889
	Aggregate  (cost=34357.24..34357.25 rows=1 width=8)
	  ->  Bitmap Heap Scan on sbtest3  (cost=314.38..34332.38 rows=9946 width=4)
	        Recheck Cond: ((id >= 3253890) AND (id <= 3263889))
	        ->  Bitmap Index Scan on sbtest3_pkey  (cost=0.00..311.90 rows=9946 width=0)
	              Index Cond: ((id >= 3253890) AND (id <= 3263889))

table 4 : explain SELECT SUM(k) FROM sbtest4 WHERE id BETWEEN 1364780 AND 1374779
	Aggregate  (cost=33010.54..33010.55 rows=1 width=8)
	  ->  Bitmap Heap Scan on sbtest4  (cost=305.83..32986.79 rows=9502 width=4)
	        Recheck Cond: ((id >= 1364780) AND (id <= 1374779))
	        ->  Bitmap Index Scan on sbtest4_pkey  (cost=0.00..303.45 rows=9502 width=0)
	              Index Cond: ((id >= 1364780) AND (id <= 1374779))

table 5 : explain SELECT SUM(k) FROM sbtest5 WHERE id BETWEEN 9670984 AND 9680983
	Aggregate  (cost=36418.46..36418.47 rows=1 width=8)
	  ->  Bitmap Heap Scan on sbtest5  (cost=336.78..36392.04 rows=10570 width=4)
	        Recheck Cond: ((id >= 9670984) AND (id <= 9680983))
	        ->  Bitmap Index Scan on sbtest5_pkey  (cost=0.00..334.13 rows=10570 width=0)
	              Index Cond: ((id >= 9670984) AND (id <= 9680983))

table 6 : explain SELECT SUM(k) FROM sbtest6 WHERE id BETWEEN 2001226 AND 2011225
	Aggregate  (cost=32862.72..32862.73 rows=1 width=8)
	  ->  Bitmap Heap Scan on sbtest6  (cost=301.35..32839.08 rows=9455 width=4)
	        Recheck Cond: ((id >= 2001226) AND (id <= 2011225))
	        ->  Bitmap Index Scan on sbtest6_pkey  (cost=0.00..298.99 rows=9455 width=0)
	              Index Cond: ((id >= 2001226) AND (id <= 2011225))

table 7 : explain SELECT SUM(k) FROM sbtest7 WHERE id BETWEEN 3044797 AND 3054796
	Aggregate  (cost=33424.35..33424.36 rows=1 width=8)
	  ->  Bitmap Heap Scan on sbtest7  (cost=307.07..33400.29 rows=9623 width=4)
	        Recheck Cond: ((id >= 3044797) AND (id <= 3054796))
	        ->  Bitmap Index Scan on sbtest7_pkey  (cost=0.00..304.67 rows=9623 width=0)
	              Index Cond: ((id >= 3044797) AND (id <= 3054796))

table 8 : explain SELECT SUM(k) FROM sbtest8 WHERE id BETWEEN 1693417 AND 1703416
	Aggregate  (cost=33221.45..33221.46 rows=1 width=8)
	  ->  Bitmap Heap Scan on sbtest8  (cost=302.36..33197.56 rows=9554 width=4)
	        Recheck Cond: ((id >= 1693417) AND (id <= 1703416))
	        ->  Bitmap Index Scan on sbtest8_pkey  (cost=0.00..299.98 rows=9554 width=0)
	              Index Cond: ((id >= 1693417) AND (id <= 1703416))

for: order_ranges
table 1 : explain SELECT c FROM sbtest1 WHERE id BETWEEN 1901378 AND 1911377 ORDER BY c
	Sort  (cost=34762.82..34787.34 rows=9805 width=121)
	  Sort Key: c
	  ->  Bitmap Heap Scan on sbtest1  (cost=312.94..34112.79 rows=9805 width=121)
	        Recheck Cond: ((id >= 1901378) AND (id <= 1911377))
	        ->  Bitmap Index Scan on sbtest1_pkey  (cost=0.00..310.49 rows=9805 width=0)
	              Index Cond: ((id >= 1901378) AND (id <= 1911377))

table 2 : explain SELECT c FROM sbtest2 WHERE id BETWEEN 2945516 AND 2955515 ORDER BY c
	Sort  (cost=33697.28..33721.13 rows=9539 width=121)
	  Sort Key: c
	  ->  Bitmap Heap Scan on sbtest2  (cost=306.21..33066.77 rows=9539 width=121)
	        Recheck Cond: ((id >= 2945516) AND (id <= 2955515))
	        ->  Bitmap Index Scan on sbtest2_pkey  (cost=0.00..303.82 rows=9539 width=0)
	              Index Cond: ((id >= 2945516) AND (id <= 2955515))

table 3 : explain SELECT c FROM sbtest3 WHERE id BETWEEN 7329166 AND 7339165 ORDER BY c
	Sort  (cost=34487.70..34512.18 rows=9789 width=121)
	  Sort Key: c
	  ->  Bitmap Heap Scan on sbtest3  (cost=308.77..33838.84 rows=9789 width=121)
	        Recheck Cond: ((id >= 7329166) AND (id <= 7339165))
	        ->  Bitmap Index Scan on sbtest3_pkey  (cost=0.00..306.32 rows=9789 width=0)
	              Index Cond: ((id >= 7329166) AND (id <= 7339165))

table 4 : explain SELECT c FROM sbtest4 WHERE id BETWEEN 7919770 AND 7929769 ORDER BY c
	Sort  (cost=36981.60..37007.98 rows=10549 width=121)
	  Sort Key: c
	  ->  Bitmap Heap Scan on sbtest4  (cost=340.56..36276.68 rows=10549 width=121)
	        Recheck Cond: ((id >= 7919770) AND (id <= 7929769))
	        ->  Bitmap Index Scan on sbtest4_pkey  (cost=0.00..337.93 rows=10549 width=0)
	              Index Cond: ((id >= 7919770) AND (id <= 7929769))

table 5 : explain SELECT c FROM sbtest5 WHERE id BETWEEN 8304848 AND 8314847 ORDER BY c
	Sort  (cost=35318.17..35343.21 rows=10015 width=121)
	  Sort Key: c
	  ->  Bitmap Heap Scan on sbtest5  (cost=319.09..34652.68 rows=10015 width=121)
	        Recheck Cond: ((id >= 8304848) AND (id <= 8314847))
	        ->  Bitmap Index Scan on sbtest5_pkey  (cost=0.00..316.58 rows=10015 width=0)
	              Index Cond: ((id >= 8304848) AND (id <= 8314847))

table 6 : explain SELECT c FROM sbtest6 WHERE id BETWEEN 3914914 AND 3924913 ORDER BY c
	Sort  (cost=36852.41..36878.68 rows=10509 width=121)
	  Sort Key: c
	  ->  Bitmap Heap Scan on sbtest6  (cost=336.15..36150.44 rows=10509 width=121)
	        Recheck Cond: ((id >= 3914914) AND (id <= 3924913))
	        ->  Bitmap Index Scan on sbtest6_pkey  (cost=0.00..333.53 rows=10509 width=0)
	              Index Cond: ((id >= 3914914) AND (id <= 3924913))

table 7 : explain SELECT c FROM sbtest7 WHERE id BETWEEN 1908525 AND 1918524 ORDER BY c
	Sort  (cost=35589.55..35614.81 rows=10105 width=121)
	  Sort Key: c
	  ->  Bitmap Heap Scan on sbtest7  (cost=320.01..34917.43 rows=10105 width=121)
	        Recheck Cond: ((id >= 1908525) AND (id <= 1918524))
	        ->  Bitmap Index Scan on sbtest7_pkey  (cost=0.00..317.49 rows=10105 width=0)
	              Index Cond: ((id >= 1908525) AND (id <= 1918524))

table 8 : explain SELECT c FROM sbtest8 WHERE id BETWEEN 8891188 AND 8901187 ORDER BY c
	Sort  (cost=36275.94..36301.72 rows=10312 width=121)
	  Sort Key: c
	  ->  Bitmap Heap Scan on sbtest8  (cost=326.13..35588.54 rows=10312 width=121)
	        Recheck Cond: ((id >= 8891188) AND (id <= 8901187))
	        ->  Bitmap Index Scan on sbtest8_pkey  (cost=0.00..323.56 rows=10312 width=0)
	              Index Cond: ((id >= 8891188) AND (id <= 8901187))

explain: for point_selects :: explain SELECT c FROM sbtest%u WHERE id=%u
explain: for point_selects :: explain SELECT c FROM sbtest%u WHERE id=%u
explain: for point_selects :: explain SELECT c FROM sbtest%u WHERE id=%u
explain: for point_selects :: explain SELECT c FROM sbtest%u WHERE id=%u
for: simple_ranges
table 1 : explain SELECT c FROM sbtest1 WHERE id BETWEEN 7199309 AND 7209308
	Bitmap Heap Scan on sbtest1  (cost=326.19..35735.15 rows=10318 width=121)
	  Recheck Cond: ((id >= 7199309) AND (id <= 7209308))
	  ->  Bitmap Index Scan on sbtest1_pkey  (cost=0.00..323.62 rows=10318 width=0)
	        Index Cond: ((id >= 7199309) AND (id <= 7209308))

table 2 : explain SELECT c FROM sbtest2 WHERE id BETWEEN 8750285 AND 8760284
	Bitmap Heap Scan on sbtest2  (cost=354.34..37975.64 rows=11113 width=121)
	  Recheck Cond: ((id >= 8750285) AND (id <= 8760284))
	  ->  Bitmap Index Scan on sbtest2_pkey  (cost=0.00..351.56 rows=11113 width=0)
	        Index Cond: ((id >= 8750285) AND (id <= 8760284))

table 3 : explain SELECT c FROM sbtest3 WHERE id BETWEEN 9070872 AND 9080871
	Bitmap Heap Scan on sbtest3  (cost=290.60..31937.00 rows=9187 width=121)
	  Recheck Cond: ((id >= 9070872) AND (id <= 9080871))
	  ->  Bitmap Index Scan on sbtest3_pkey  (cost=0.00..288.31 rows=9187 width=0)
	        Index Cond: ((id >= 9070872) AND (id <= 9080871))

table 4 : explain SELECT c FROM sbtest4 WHERE id BETWEEN 6617049 AND 6627048
	Bitmap Heap Scan on sbtest4  (cost=330.30..35582.90 rows=10328 width=121)
	  Recheck Cond: ((id >= 6617049) AND (id <= 6627048))
	  ->  Bitmap Index Scan on sbtest4_pkey  (cost=0.00..327.71 rows=10328 width=0)
	        Index Cond: ((id >= 6617049) AND (id <= 6627048))

table 5 : explain SELECT c FROM sbtest5 WHERE id BETWEEN 1472390 AND 1482389
	Bitmap Heap Scan on sbtest5  (cost=306.75..33318.01 rows=9592 width=121)
	  Recheck Cond: ((id >= 1472390) AND (id <= 1482389))
	  ->  Bitmap Index Scan on sbtest5_pkey  (cost=0.00..304.36 rows=9592 width=0)
	        Index Cond: ((id >= 1472390) AND (id <= 1482389))

table 6 : explain SELECT c FROM sbtest6 WHERE id BETWEEN 7587138 AND 7597137
	Bitmap Heap Scan on sbtest6  (cost=336.72..36323.28 rows=10564 width=121)
	  Recheck Cond: ((id >= 7587138) AND (id <= 7597137))
	  ->  Bitmap Index Scan on sbtest6_pkey  (cost=0.00..334.07 rows=10564 width=0)
	        Index Cond: ((id >= 7587138) AND (id <= 7597137))

table 7 : explain SELECT c FROM sbtest7 WHERE id BETWEEN 5789890 AND 5799889
	Bitmap Heap Scan on sbtest7  (cost=324.76..35150.08 rows=10178 width=121)
	  Recheck Cond: ((id >= 5789890) AND (id <= 5799889))
	  ->  Bitmap Index Scan on sbtest7_pkey  (cost=0.00..322.21 rows=10178 width=0)
	        Index Cond: ((id >= 5789890) AND (id <= 5799889))

table 8 : explain SELECT c FROM sbtest8 WHERE id BETWEEN 6615990 AND 6625989
	Bitmap Heap Scan on sbtest8  (cost=338.50..36918.37 rows=10738 width=121)
	  Recheck Cond: ((id >= 6615990) AND (id <= 6625989))
	  ->  Bitmap Index Scan on sbtest8_pkey  (cost=0.00..335.81 rows=10738 width=0)
	        Index Cond: ((id >= 6615990) AND (id <= 6625989))

for: order_ranges
table 1 : explain SELECT c FROM sbtest1 WHERE id BETWEEN 5920150 AND 5930149 ORDER BY c
	Sort  (cost=35348.48..35373.44 rows=9985 width=121)
	  Sort Key: c
	  ->  Bitmap Heap Scan on sbtest1  (cost=318.78..34685.20 rows=9985 width=121)
	        Recheck Cond: ((id >= 5920150) AND (id <= 5930149))
	        ->  Bitmap Index Scan on sbtest1_pkey  (cost=0.00..316.29 rows=9985 width=0)
	              Index Cond: ((id >= 5920150) AND (id <= 5930149))

table 2 : explain SELECT c FROM sbtest2 WHERE id BETWEEN 3927679 AND 3937678 ORDER BY c
	Sort  (cost=34887.97..34912.74 rows=9908 width=121)
	  Sort Key: c
	  ->  Bitmap Heap Scan on sbtest2  (cost=317.99..34230.36 rows=9908 width=121)
	        Recheck Cond: ((id >= 3927679) AND (id <= 3937678))
	        ->  Bitmap Index Scan on sbtest2_pkey  (cost=0.00..315.51 rows=9908 width=0)
	              Index Cond: ((id >= 3927679) AND (id <= 3937678))

table 3 : explain SELECT c FROM sbtest3 WHERE id BETWEEN 9723963 AND 9733962 ORDER BY c
	Sort  (cost=33611.21..33635.01 rows=9517 width=121)
	  Sort Key: c
	  ->  Bitmap Heap Scan on sbtest3  (cost=301.98..32982.32 rows=9517 width=121)
	        Recheck Cond: ((id >= 9723963) AND (id <= 9733962))
	        ->  Bitmap Index Scan on sbtest3_pkey  (cost=0.00..299.61 rows=9517 width=0)
	              Index Cond: ((id >= 9723963) AND (id <= 9733962))

table 4 : explain SELECT c FROM sbtest4 WHERE id BETWEEN 2953603 AND 2963602 ORDER BY c
	Sort  (cost=34112.33..34136.47 rows=9655 width=121)
	  Sort Key: c
	  ->  Bitmap Heap Scan on sbtest4  (cost=311.40..33473.31 rows=9655 width=121)
	        Recheck Cond: ((id >= 2953603) AND (id <= 2963602))
	        ->  Bitmap Index Scan on sbtest4_pkey  (cost=0.00..308.99 rows=9655 width=0)
	              Index Cond: ((id >= 2953603) AND (id <= 2963602))

table 5 : explain SELECT c FROM sbtest5 WHERE id BETWEEN 5818759 AND 5828758 ORDER BY c
	Sort  (cost=33712.62..33736.42 rows=9519 width=121)
	  Sort Key: c
	  ->  Bitmap Heap Scan on sbtest5  (cost=302.00..33083.58 rows=9519 width=121)
	        Recheck Cond: ((id >= 5818759) AND (id <= 5828758))
	        ->  Bitmap Index Scan on sbtest5_pkey  (cost=0.00..299.62 rows=9519 width=0)
	              Index Cond: ((id >= 5818759) AND (id <= 5828758))

table 6 : explain SELECT c FROM sbtest6 WHERE id BETWEEN 5990790 AND 6000789 ORDER BY c
	Sort  (cost=37488.43..37515.20 rows=10708 width=121)
	  Sort Key: c
	  ->  Bitmap Heap Scan on sbtest6  (cost=342.19..36771.72 rows=10708 width=121)
	        Recheck Cond: ((id >= 5990790) AND (id <= 6000789))
	        ->  Bitmap Index Scan on sbtest6_pkey  (cost=0.00..339.51 rows=10708 width=0)
	              Index Cond: ((id >= 5990790) AND (id <= 6000789))

table 7 : explain SELECT c FROM sbtest7 WHERE id BETWEEN 1881860 AND 1891859 ORDER BY c
	Sort  (cost=33730.95..33754.78 rows=9529 width=121)
	  Sort Key: c
	  ->  Bitmap Heap Scan on sbtest7  (cost=302.11..33101.18 rows=9529 width=121)
	        Recheck Cond: ((id >= 1881860) AND (id <= 1891859))
	        ->  Bitmap Index Scan on sbtest7_pkey  (cost=0.00..299.73 rows=9529 width=0)
	              Index Cond: ((id >= 1881860) AND (id <= 1891859))

table 8 : explain SELECT c FROM sbtest8 WHERE id BETWEEN 8198161 AND 8208160 ORDER BY c
	Sort  (cost=34453.68..34478.04 rows=9747 width=121)
	  Sort Key: c
	  ->  Bitmap Heap Scan on sbtest8  (cost=308.34..33807.90 rows=9747 width=121)
	        Recheck Cond: ((id >= 8198161) AND (id <= 8208160))
	        ->  Bitmap Index Scan on sbtest8_pkey  (cost=0.00..305.91 rows=9747 width=0)
	              Index Cond: ((id >= 8198161) AND (id <= 8208160))

for: order_ranges
table 1 : explain SELECT c FROM sbtest1 WHERE id BETWEEN 8859933 AND 8869932 ORDER BY c
	Sort  (cost=35378.33..35403.32 rows=9994 width=121)
	  Sort Key: c
	  ->  Bitmap Heap Scan on sbtest1  (cost=318.87..34714.39 rows=9994 width=121)
	        Recheck Cond: ((id >= 8859933) AND (id <= 8869932))
	        ->  Bitmap Index Scan on sbtest1_pkey  (cost=0.00..316.38 rows=9994 width=0)
	              Index Cond: ((id >= 8859933) AND (id <= 8869932))

table 2 : explain SELECT c FROM sbtest2 WHERE id BETWEEN 5915515 AND 5925514 ORDER BY c
	Sort  (cost=36355.69..36381.61 rows=10367 width=121)
	  Sort Key: c
	  ->  Bitmap Heap Scan on sbtest2  (cost=330.70..35664.23 rows=10367 width=121)
	        Recheck Cond: ((id >= 5915515) AND (id <= 5925514))
	        ->  Bitmap Index Scan on sbtest2_pkey  (cost=0.00..328.11 rows=10367 width=0)
	              Index Cond: ((id >= 5915515) AND (id <= 5925514))

table 3 : explain SELECT c FROM sbtest3 WHERE id BETWEEN 4861184 AND 4871183 ORDER BY c
	Sort  (cost=36147.83..36173.60 rows=10307 width=121)
	  Sort Key: c
	  ->  Bitmap Heap Scan on sbtest3  (cost=326.08..35460.80 rows=10307 width=121)
	        Recheck Cond: ((id >= 4861184) AND (id <= 4871183))
	        ->  Bitmap Index Scan on sbtest3_pkey  (cost=0.00..323.50 rows=10307 width=0)
	              Index Cond: ((id >= 4861184) AND (id <= 4871183))

table 4 : explain SELECT c FROM sbtest4 WHERE id BETWEEN 5961768 AND 5971767 ORDER BY c
	Sort  (cost=33019.42..33042.72 rows=9318 width=121)
	  Sort Key: c
	  ->  Bitmap Heap Scan on sbtest4  (cost=299.94..32405.10 rows=9318 width=121)
	        Recheck Cond: ((id >= 5961768) AND (id <= 5971767))
	        ->  Bitmap Index Scan on sbtest4_pkey  (cost=0.00..297.62 rows=9318 width=0)
	              Index Cond: ((id >= 5961768) AND (id <= 5971767))

table 5 : explain SELECT c FROM sbtest5 WHERE id BETWEEN 4890212 AND 4900211 ORDER BY c
	Sort  (cost=36568.86..36594.87 rows=10405 width=121)
	  Sort Key: c
	  ->  Bitmap Heap Scan on sbtest5  (cost=331.09..35874.58 rows=10405 width=121)
	        Recheck Cond: ((id >= 4890212) AND (id <= 4900211))
	        ->  Bitmap Index Scan on sbtest5_pkey  (cost=0.00..328.49 rows=10405 width=0)
	              Index Cond: ((id >= 4890212) AND (id <= 4900211))

table 6 : explain SELECT c FROM sbtest6 WHERE id BETWEEN 2771028 AND 2781027 ORDER BY c
	Sort  (cost=37877.43..37904.50 rows=10831 width=121)
	  Sort Key: c
	  ->  Bitmap Heap Scan on sbtest6  (cost=343.45..37151.59 rows=10831 width=121)
	        Recheck Cond: ((id >= 2771028) AND (id <= 2781027))
	        ->  Bitmap Index Scan on sbtest6_pkey  (cost=0.00..340.75 rows=10831 width=0)
	              Index Cond: ((id >= 2771028) AND (id <= 2781027))

table 7 : explain SELECT c FROM sbtest7 WHERE id BETWEEN 2272962 AND 2282961 ORDER BY c
	Sort  (cost=34650.59..34675.12 rows=9813 width=121)
	  Sort Key: c
	  ->  Bitmap Heap Scan on sbtest7  (cost=313.02..33999.97 rows=9813 width=121)
	        Recheck Cond: ((id >= 2272962) AND (id <= 2282961))
	        ->  Bitmap Index Scan on sbtest7_pkey  (cost=0.00..310.56 rows=9813 width=0)
	              Index Cond: ((id >= 2272962) AND (id <= 2282961))

table 8 : explain SELECT c FROM sbtest8 WHERE id BETWEEN 2074131 AND 2084130 ORDER BY c
	Sort  (cost=36394.54..36420.41 rows=10350 width=121)
	  Sort Key: c
	  ->  Bitmap Heap Scan on sbtest8  (cost=326.52..35704.33 rows=10350 width=121)
	        Recheck Cond: ((id >= 2074131) AND (id <= 2084130))
	        ->  Bitmap Index Scan on sbtest8_pkey  (cost=0.00..323.94 rows=10350 width=0)
	              Index Cond: ((id >= 2074131) AND (id <= 2084130))

for: simple_ranges
table 1 : explain SELECT c FROM sbtest1 WHERE id BETWEEN 1604636 AND 1614635
	Bitmap Heap Scan on sbtest1  (cost=301.68..33101.36 rows=9487 width=121)
	  Recheck Cond: ((id >= 1604636) AND (id <= 1614635))
	  ->  Bitmap Index Scan on sbtest1_pkey  (cost=0.00..299.31 rows=9487 width=0)
	        Index Cond: ((id >= 1604636) AND (id <= 1614635))

table 2 : explain SELECT c FROM sbtest2 WHERE id BETWEEN 4984747 AND 4994746
	Bitmap Heap Scan on sbtest2  (cost=317.56..34098.29 rows=9866 width=121)
	  Recheck Cond: ((id >= 4984747) AND (id <= 4994746))
	  ->  Bitmap Index Scan on sbtest2_pkey  (cost=0.00..315.09 rows=9866 width=0)
	        Index Cond: ((id >= 4984747) AND (id <= 4994746))

table 3 : explain SELECT c FROM sbtest3 WHERE id BETWEEN 3928798 AND 3938797
	Bitmap Heap Scan on sbtest3  (cost=350.15..37899.70 rows=11094 width=121)
	  Recheck Cond: ((id >= 3928798) AND (id <= 3938797))
	  ->  Bitmap Index Scan on sbtest3_pkey  (cost=0.00..347.38 rows=11094 width=0)
	        Index Cond: ((id >= 3928798) AND (id <= 3938797))

table 4 : explain SELECT c FROM sbtest4 WHERE id BETWEEN 7885393 AND 7895392
	Bitmap Heap Scan on sbtest4  (cost=306.87..33304.27 rows=9603 width=121)
	  Recheck Cond: ((id >= 7885393) AND (id <= 7895392))
	  ->  Bitmap Index Scan on sbtest4_pkey  (cost=0.00..304.46 rows=9603 width=0)
	        Index Cond: ((id >= 7885393) AND (id <= 7895392))

table 5 : explain SELECT c FROM sbtest5 WHERE id BETWEEN 1468107 AND 1478106
	Bitmap Heap Scan on sbtest5  (cost=306.75..33318.01 rows=9592 width=121)
	  Recheck Cond: ((id >= 1468107) AND (id <= 1478106))
	  ->  Bitmap Index Scan on sbtest5_pkey  (cost=0.00..304.36 rows=9592 width=0)
	        Index Cond: ((id >= 1468107) AND (id <= 1478106))

table 6 : explain SELECT c FROM sbtest6 WHERE id BETWEEN 6428709 AND 6438708
	Bitmap Heap Scan on sbtest6  (cost=307.52..33507.21 rows=9667 width=121)
	  Recheck Cond: ((id >= 6428709) AND (id <= 6438708))
	  ->  Bitmap Index Scan on sbtest6_pkey  (cost=0.00..305.11 rows=9667 width=0)
	        Index Cond: ((id >= 6428709) AND (id <= 6438708))

table 7 : explain SELECT c FROM sbtest7 WHERE id BETWEEN 2443653 AND 2453652
	Bitmap Heap Scan on sbtest7  (cost=312.77..33925.58 rows=9789 width=121)
	  Recheck Cond: ((id >= 2443653) AND (id <= 2453652))
	  ->  Bitmap Index Scan on sbtest7_pkey  (cost=0.00..310.32 rows=9789 width=0)
	        Index Cond: ((id >= 2443653) AND (id <= 2453652))

table 8 : explain SELECT c FROM sbtest8 WHERE id BETWEEN 1242430 AND 1252429
	Bitmap Heap Scan on sbtest8  (cost=307.09..33425.45 rows=9625 width=121)
	  Recheck Cond: ((id >= 1242430) AND (id <= 1252429))
	  ->  Bitmap Index Scan on sbtest8_pkey  (cost=0.00..304.69 rows=9625 width=0)
	        Index Cond: ((id >= 1242430) AND (id <= 1252429))

for: distinct_ranges
table 1 : explain SELECT DISTINCT c FROM sbtest1 WHERE id BETWEEN 6212535 AND 6222534 ORDER BY c
	Unique  (cost=33831.58..33879.17 rows=9519 width=121)
	  ->  Sort  (cost=33831.58..33855.37 rows=9519 width=121)
	        Sort Key: c
	        ->  Bitmap Heap Scan on sbtest1  (cost=302.00..33202.53 rows=9519 width=121)
	              Recheck Cond: ((id >= 6212535) AND (id <= 6222534))
	              ->  Bitmap Index Scan on sbtest1_pkey  (cost=0.00..299.62 rows=9519 width=0)
	                    Index Cond: ((id >= 6212535) AND (id <= 6222534))

table 2 : explain SELECT DISTINCT c FROM sbtest2 WHERE id BETWEEN 1431721 AND 1441720 ORDER BY c
	Unique  (cost=39353.15..39409.72 rows=11313 width=121)
	  ->  Sort  (cost=39353.15..39381.44 rows=11313 width=121)
	        Sort Key: c
	        ->  Bitmap Heap Scan on sbtest2  (cost=360.39..38591.47 rows=11313 width=121)
	              Recheck Cond: ((id >= 1431721) AND (id <= 1441720))
	              ->  Bitmap Index Scan on sbtest2_pkey  (cost=0.00..357.56 rows=11313 width=0)
	                    Index Cond: ((id >= 1431721) AND (id <= 1441720))

table 3 : explain SELECT DISTINCT c FROM sbtest3 WHERE id BETWEEN 7243819 AND 7253818 ORDER BY c
	Unique  (cost=34890.67..34940.24 rows=9914 width=121)
	  ->  Sort  (cost=34890.67..34915.46 rows=9914 width=121)
	        Sort Key: c
	        ->  Bitmap Heap Scan on sbtest3  (cost=314.05..34232.62 rows=9914 width=121)
	              Recheck Cond: ((id >= 7243819) AND (id <= 7253818))
	              ->  Bitmap Index Scan on sbtest3_pkey  (cost=0.00..311.57 rows=9914 width=0)
	                    Index Cond: ((id >= 7243819) AND (id <= 7253818))

table 4 : explain SELECT DISTINCT c FROM sbtest4 WHERE id BETWEEN 4479795 AND 4489794 ORDER BY c
	Unique  (cost=37060.26..37113.13 rows=10574 width=121)
	  ->  Sort  (cost=37060.26..37086.69 rows=10574 width=121)
	        Sort Key: c
	        ->  Bitmap Heap Scan on sbtest4  (cost=340.82..36353.48 rows=10574 width=121)
	              Recheck Cond: ((id >= 4479795) AND (id <= 4489794))
	              ->  Bitmap Index Scan on sbtest4_pkey  (cost=0.00..338.18 rows=10574 width=0)
	                    Index Cond: ((id >= 4479795) AND (id <= 4489794))

table 5 : explain SELECT DISTINCT c FROM sbtest5 WHERE id BETWEEN 1073869 AND 1083868 ORDER BY c
	Unique  (cost=37019.71..37072.43 rows=10545 width=121)
	  ->  Sort  (cost=37019.71..37046.07 rows=10545 width=121)
	        Sort Key: c
	        ->  Bitmap Heap Scan on sbtest5  (cost=336.52..36315.08 rows=10545 width=121)
	              Recheck Cond: ((id >= 1073869) AND (id <= 1083868))
	              ->  Bitmap Index Scan on sbtest5_pkey  (cost=0.00..333.88 rows=10545 width=0)
	                    Index Cond: ((id >= 1073869) AND (id <= 1083868))

table 6 : explain SELECT DISTINCT c FROM sbtest6 WHERE id BETWEEN 1849867 AND 1859866 ORDER BY c
	Unique  (cost=35258.69..35308.75 rows=10011 width=121)
	  ->  Sort  (cost=35258.69..35283.72 rows=10011 width=121)
	        Sort Key: c
	        ->  Bitmap Heap Scan on sbtest6  (cost=319.05..34593.50 rows=10011 width=121)
	              Recheck Cond: ((id >= 1849867) AND (id <= 1859866))
	              ->  Bitmap Index Scan on sbtest6_pkey  (cost=0.00..316.55 rows=10011 width=0)
	                    Index Cond: ((id >= 1849867) AND (id <= 1859866))

table 7 : explain SELECT DISTINCT c FROM sbtest7 WHERE id BETWEEN 4321128 AND 4331127 ORDER BY c
	Unique  (cost=35933.02..35984.07 rows=10211 width=121)
	  ->  Sort  (cost=35933.02..35958.54 rows=10211 width=121)
	        Sort Key: c
	        ->  Bitmap Heap Scan on sbtest7  (cost=325.10..35253.07 rows=10211 width=121)
	              Recheck Cond: ((id >= 4321128) AND (id <= 4331127))
	              ->  Bitmap Index Scan on sbtest7_pkey  (cost=0.00..322.55 rows=10211 width=0)
	                    Index Cond: ((id >= 4321128) AND (id <= 4331127))

table 8 : explain SELECT DISTINCT c FROM sbtest8 WHERE id BETWEEN 3783853 AND 3793852 ORDER BY c
	Unique  (cost=36977.23..37029.89 rows=10532 width=121)
	  ->  Sort  (cost=36977.23..37003.56 rows=10532 width=121)
	        Sort Key: c
	        ->  Bitmap Heap Scan on sbtest8  (cost=332.39..36273.56 rows=10532 width=121)
	              Recheck Cond: ((id >= 3783853) AND (id <= 3793852))
	              ->  Bitmap Index Scan on sbtest8_pkey  (cost=0.00..329.75 rows=10532 width=0)
	                    Index Cond: ((id >= 3783853) AND (id <= 3793852))

for: order_ranges
table 1 : explain SELECT c FROM sbtest1 WHERE id BETWEEN 7129125 AND 7139124 ORDER BY c
	Sort  (cost=36423.00..36448.79 rows=10318 width=121)
	  Sort Key: c
	  ->  Bitmap Heap Scan on sbtest1  (cost=326.19..35735.15 rows=10318 width=121)
	        Recheck Cond: ((id >= 7129125) AND (id <= 7139124))
	        ->  Bitmap Index Scan on sbtest1_pkey  (cost=0.00..323.62 rows=10318 width=0)
	              Index Cond: ((id >= 7129125) AND (id <= 7139124))

table 2 : explain SELECT c FROM sbtest2 WHERE id BETWEEN 5145560 AND 5155559 ORDER BY c
	Sort  (cost=32910.67..32933.91 rows=9295 width=121)
	  Sort Key: c
	  ->  Bitmap Heap Scan on sbtest2  (cost=299.71..32298.03 rows=9295 width=121)
	        Recheck Cond: ((id >= 5145560) AND (id <= 5155559))
	        ->  Bitmap Index Scan on sbtest2_pkey  (cost=0.00..297.38 rows=9295 width=0)
	              Index Cond: ((id >= 5145560) AND (id <= 5155559))

table 3 : explain SELECT c FROM sbtest3 WHERE id BETWEEN 354132 AND 364131 ORDER BY c
	Sort  (cost=35339.06..35364.19 rows=10053 width=121)
	  Sort Key: c
	  ->  Bitmap Heap Scan on sbtest3  (cost=319.48..34670.77 rows=10053 width=121)
	        Recheck Cond: ((id >= 354132) AND (id <= 364131))
	        ->  Bitmap Index Scan on sbtest3_pkey  (cost=0.00..316.96 rows=10053 width=0)
	              Index Cond: ((id >= 354132) AND (id <= 364131))

table 4 : explain SELECT c FROM sbtest4 WHERE id BETWEEN 6078212 AND 6088211 ORDER BY c
	Sort  (cost=33813.56..33837.47 rows=9564 width=121)
	  Sort Key: c
	  ->  Bitmap Heap Scan on sbtest4  (cost=306.47..33181.21 rows=9564 width=121)
	        Recheck Cond: ((id >= 6078212) AND (id <= 6088211))
	        ->  Bitmap Index Scan on sbtest4_pkey  (cost=0.00..304.07 rows=9564 width=0)
	              Index Cond: ((id >= 6078212) AND (id <= 6088211))

table 5 : explain SELECT c FROM sbtest5 WHERE id BETWEEN 3937097 AND 3947096 ORDER BY c
	Sort  (cost=36667.50..36693.59 rows=10436 width=121)
	  Sort Key: c
	  ->  Bitmap Heap Scan on sbtest5  (cost=331.40..35970.93 rows=10436 width=121)
	        Recheck Cond: ((id >= 3937097) AND (id <= 3947096))
	        ->  Bitmap Index Scan on sbtest5_pkey  (cost=0.00..328.80 rows=10436 width=0)
	              Index Cond: ((id >= 3937097) AND (id <= 3947096))

table 6 : explain SELECT c FROM sbtest6 WHERE id BETWEEN 4225710 AND 4235709 ORDER BY c
	Sort  (cost=36260.79..36286.60 rows=10323 width=121)
	  Sort Key: c
	  ->  Bitmap Heap Scan on sbtest6  (cost=330.25..35572.58 rows=10323 width=121)
	        Recheck Cond: ((id >= 4225710) AND (id <= 4235709))
	        ->  Bitmap Index Scan on sbtest6_pkey  (cost=0.00..327.67 rows=10323 width=0)
	              Index Cond: ((id >= 4225710) AND (id <= 4235709))

table 7 : explain SELECT c FROM sbtest7 WHERE id BETWEEN 4401612 AND 4411611 ORDER BY c
	Sort  (cost=35559.89..35585.13 rows=10096 width=121)
	  Sort Key: c
	  ->  Bitmap Heap Scan on sbtest7  (cost=319.92..34888.43 rows=10096 width=121)
	        Recheck Cond: ((id >= 4401612) AND (id <= 4411611))
	        ->  Bitmap Index Scan on sbtest7_pkey  (cost=0.00..317.40 rows=10096 width=0)
	              Index Cond: ((id >= 4401612) AND (id <= 4411611))

table 8 : explain SELECT c FROM sbtest8 WHERE id BETWEEN 8882816 AND 8892815 ORDER BY c
	Sort  (cost=35218.90..35243.86 rows=9984 width=121)
	  Sort Key: c
	  ->  Bitmap Heap Scan on sbtest8  (cost=314.77..34555.69 rows=9984 width=121)
	        Recheck Cond: ((id >= 8882816) AND (id <= 8892815))
	        ->  Bitmap Index Scan on sbtest8_pkey  (cost=0.00..312.28 rows=9984 width=0)
	              Index Cond: ((id >= 8882816) AND (id <= 8892815))

for: order_ranges
table 1 : explain SELECT c FROM sbtest1 WHERE id BETWEEN 5620976 AND 5630975 ORDER BY c
	Sort  (cost=35221.61..35246.47 rows=9947 width=121)
	  Sort Key: c
	  ->  Bitmap Heap Scan on sbtest1  (cost=314.39..34561.12 rows=9947 width=121)
	        Recheck Cond: ((id >= 5620976) AND (id <= 5630975))
	        ->  Bitmap Index Scan on sbtest1_pkey  (cost=0.00..311.91 rows=9947 width=0)
	              Index Cond: ((id >= 5620976) AND (id <= 5630975))

table 2 : explain SELECT c FROM sbtest2 WHERE id BETWEEN 3007913 AND 3017912 ORDER BY c
	Sort  (cost=33985.11..34009.18 rows=9628 width=121)
	  Sort Key: c
	  ->  Bitmap Heap Scan on sbtest2  (cost=307.12..33348.08 rows=9628 width=121)
	        Recheck Cond: ((id >= 3007913) AND (id <= 3017912))
	        ->  Bitmap Index Scan on sbtest2_pkey  (cost=0.00..304.71 rows=9628 width=0)
	              Index Cond: ((id >= 3007913) AND (id <= 3017912))

table 3 : explain SELECT c FROM sbtest3 WHERE id BETWEEN 4511312 AND 4521311 ORDER BY c
	Sort  (cost=37026.80..37053.25 rows=10582 width=121)
	  Sort Key: c
	  ->  Bitmap Heap Scan on sbtest3  (cost=336.90..36319.43 rows=10582 width=121)
	        Recheck Cond: ((id >= 4511312) AND (id <= 4521311))
	        ->  Bitmap Index Scan on sbtest3_pkey  (cost=0.00..334.25 rows=10582 width=0)
	              Index Cond: ((id >= 4511312) AND (id <= 4521311))

table 4 : explain SELECT c FROM sbtest4 WHERE id BETWEEN 8840116 AND 8850115 ORDER BY c
	Sort  (cost=33455.26..33478.89 rows=9452 width=121)
	  Sort Key: c
	  ->  Bitmap Heap Scan on sbtest4  (cost=305.32..32831.13 rows=9452 width=121)
	        Recheck Cond: ((id >= 8840116) AND (id <= 8850115))
	        ->  Bitmap Index Scan on sbtest4_pkey  (cost=0.00..302.95 rows=9452 width=0)
	              Index Cond: ((id >= 8840116) AND (id <= 8850115))

table 5 : explain SELECT c FROM sbtest5 WHERE id BETWEEN 6392896 AND 6402895 ORDER BY c
	Sort  (cost=36308.89..36334.69 rows=10323 width=121)
	  Sort Key: c
	  ->  Bitmap Heap Scan on sbtest5  (cost=330.25..35620.68 rows=10323 width=121)
	        Recheck Cond: ((id >= 6392896) AND (id <= 6402895))
	        ->  Bitmap Index Scan on sbtest5_pkey  (cost=0.00..327.67 rows=10323 width=0)
	              Index Cond: ((id >= 6392896) AND (id <= 6402895))

table 6 : explain SELECT c FROM sbtest6 WHERE id BETWEEN 6346618 AND 6356617 ORDER BY c
	Sort  (cost=36516.99..36543.00 rows=10404 width=121)
	  Sort Key: c
	  ->  Bitmap Heap Scan on sbtest6  (cost=331.08..35822.80 rows=10404 width=121)
	        Recheck Cond: ((id >= 6346618) AND (id <= 6356617))
	        ->  Bitmap Index Scan on sbtest6_pkey  (cost=0.00..328.48 rows=10404 width=0)
	              Index Cond: ((id >= 6346618) AND (id <= 6356617))

table 7 : explain SELECT c FROM sbtest7 WHERE id BETWEEN 2592622 AND 2602621 ORDER BY c
	Sort  (cost=35338.72..35363.79 rows=10026 width=121)
	  Sort Key: c
	  ->  Bitmap Heap Scan on sbtest7  (cost=319.20..34672.42 rows=10026 width=121)
	        Recheck Cond: ((id >= 2592622) AND (id <= 2602621))
	        ->  Bitmap Index Scan on sbtest7_pkey  (cost=0.00..316.69 rows=10026 width=0)
	              Index Cond: ((id >= 2592622) AND (id <= 2602621))

table 8 : explain SELECT c FROM sbtest8 WHERE id BETWEEN 3057762 AND 3067761 ORDER BY c
	Sort  (cost=35023.81..35048.62 rows=9923 width=121)
	  Sort Key: c
	  ->  Bitmap Heap Scan on sbtest8  (cost=314.15..34365.09 rows=9923 width=121)
	        Recheck Cond: ((id >= 3057762) AND (id <= 3067761))
	        ->  Bitmap Index Scan on sbtest8_pkey  (cost=0.00..311.67 rows=9923 width=0)
	              Index Cond: ((id >= 3057762) AND (id <= 3067761))

for: order_ranges
table 1 : explain SELECT c FROM sbtest1 WHERE id BETWEEN 7359324 AND 7369323 ORDER BY c
	Sort  (cost=35936.25..35961.66 rows=10166 width=121)
	  Sort Key: c
	  ->  Bitmap Heap Scan on sbtest1  (cost=324.64..35259.63 rows=10166 width=121)
	        Recheck Cond: ((id >= 7359324) AND (id <= 7369323))
	        ->  Bitmap Index Scan on sbtest1_pkey  (cost=0.00..322.09 rows=10166 width=0)
	              Index Cond: ((id >= 7359324) AND (id <= 7369323))

table 2 : explain SELECT c FROM sbtest2 WHERE id BETWEEN 9868083 AND 9878082 ORDER BY c
	Sort  (cost=35688.55..35713.94 rows=10158 width=121)
	  Sort Key: c
	  ->  Bitmap Heap Scan on sbtest2  (cost=324.55..35012.52 rows=10158 width=121)
	        Recheck Cond: ((id >= 9868083) AND (id <= 9878082))
	        ->  Bitmap Index Scan on sbtest2_pkey  (cost=0.00..322.01 rows=10158 width=0)
	              Index Cond: ((id >= 9868083) AND (id <= 9878082))

table 3 : explain SELECT c FROM sbtest3 WHERE id BETWEEN 4042428 AND 4052427 ORDER BY c
	Sort  (cost=31067.25..31089.08 rows=8734 width=121)
	  Sort Key: c
	  ->  Bitmap Heap Scan on sbtest3  (cost=277.96..30495.50 rows=8734 width=121)
	        Recheck Cond: ((id >= 4042428) AND (id <= 4052427))
	        ->  Bitmap Index Scan on sbtest3_pkey  (cost=0.00..275.78 rows=8734 width=0)
	              Index Cond: ((id >= 4042428) AND (id <= 4052427))

table 4 : explain SELECT c FROM sbtest4 WHERE id BETWEEN 6702260 AND 6712259 ORDER BY c
	Sort  (cost=34556.43..34580.92 rows=9793 width=121)
	  Sort Key: c
	  ->  Bitmap Heap Scan on sbtest4  (cost=316.81..33907.28 rows=9793 width=121)
	        Recheck Cond: ((id >= 6702260) AND (id <= 6712259))
	        ->  Bitmap Index Scan on sbtest4_pkey  (cost=0.00..314.37 rows=9793 width=0)
	              Index Cond: ((id >= 6702260) AND (id <= 6712259))

table 5 : explain SELECT c FROM sbtest5 WHERE id BETWEEN 2437759 AND 2447758 ORDER BY c
	Sort  (cost=34144.91..34169.04 rows=9652 width=121)
	  Sort Key: c
	  ->  Bitmap Heap Scan on sbtest5  (cost=307.37..33506.11 rows=9652 width=121)
	        Recheck Cond: ((id >= 2437759) AND (id <= 2447758))
	        ->  Bitmap Index Scan on sbtest5_pkey  (cost=0.00..304.95 rows=9652 width=0)
	              Index Cond: ((id >= 2437759) AND (id <= 2447758))

table 6 : explain SELECT c FROM sbtest6 WHERE id BETWEEN 4488472 AND 4498471 ORDER BY c
	Sort  (cost=34551.47..34575.95 rows=9792 width=121)
	  Sort Key: c
	  ->  Bitmap Heap Scan on sbtest6  (cost=312.80..33902.39 rows=9792 width=121)
	        Recheck Cond: ((id >= 4488472) AND (id <= 4498471))
	        ->  Bitmap Index Scan on sbtest6_pkey  (cost=0.00..310.36 rows=9792 width=0)
	              Index Cond: ((id >= 4488472) AND (id <= 4498471))

table 7 : explain SELECT c FROM sbtest7 WHERE id BETWEEN 7609437 AND 7619436 ORDER BY c
	Sort  (cost=34875.52..34900.23 rows=9883 width=121)
	  Sort Key: c
	  ->  Bitmap Heap Scan on sbtest7  (cost=313.74..34219.75 rows=9883 width=121)
	        Recheck Cond: ((id >= 7609437) AND (id <= 7619436))
	        ->  Bitmap Index Scan on sbtest7_pkey  (cost=0.00..311.26 rows=9883 width=0)
	              Index Cond: ((id >= 7609437) AND (id <= 7619436))

table 8 : explain SELECT c FROM sbtest8 WHERE id BETWEEN 751111 AND 761110 ORDER BY c
	Sort  (cost=35083.38..35108.24 rows=9942 width=121)
	  Sort Key: c
	  ->  Bitmap Heap Scan on sbtest8  (cost=314.34..34423.27 rows=9942 width=121)
	        Recheck Cond: ((id >= 751111) AND (id <= 761110))
	        ->  Bitmap Index Scan on sbtest8_pkey  (cost=0.00..311.86 rows=9942 width=0)
	              Index Cond: ((id >= 751111) AND (id <= 761110))

for: distinct_ranges
table 1 : explain SELECT DISTINCT c FROM sbtest1 WHERE id BETWEEN 6645578 AND 6655577 ORDER BY c
	Unique  (cost=40302.57..40360.22 rows=11530 width=121)
	  ->  Sort  (cost=40302.57..40331.39 rows=11530 width=121)
	        Sort Key: c
	        ->  Bitmap Heap Scan on sbtest1  (cost=366.62..39524.69 rows=11530 width=121)
	              Recheck Cond: ((id >= 6645578) AND (id <= 6655577))
	              ->  Bitmap Index Scan on sbtest1_pkey  (cost=0.00..363.74 rows=11530 width=0)
	                    Index Cond: ((id >= 6645578) AND (id <= 6655577))

table 2 : explain SELECT DISTINCT c FROM sbtest2 WHERE id BETWEEN 2956028 AND 2966027 ORDER BY c
	Unique  (cost=33697.28..33744.98 rows=9539 width=121)
	  ->  Sort  (cost=33697.28..33721.13 rows=9539 width=121)
	        Sort Key: c
	        ->  Bitmap Heap Scan on sbtest2  (cost=306.21..33066.77 rows=9539 width=121)
	              Recheck Cond: ((id >= 2956028) AND (id <= 2966027))
	              ->  Bitmap Index Scan on sbtest2_pkey  (cost=0.00..303.82 rows=9539 width=0)
	                    Index Cond: ((id >= 2956028) AND (id <= 2966027))

table 3 : explain SELECT DISTINCT c FROM sbtest3 WHERE id BETWEEN 3364095 AND 3374094 ORDER BY c
	Unique  (cost=34028.70..34076.93 rows=9646 width=121)
	  ->  Sort  (cost=34028.70..34052.82 rows=9646 width=121)
	        Sort Key: c
	        ->  Bitmap Heap Scan on sbtest3  (cost=307.31..33390.34 rows=9646 width=121)
	              Recheck Cond: ((id >= 3364095) AND (id <= 3374094))
	              ->  Bitmap Index Scan on sbtest3_pkey  (cost=0.00..304.90 rows=9646 width=0)
	                    Index Cond: ((id >= 3364095) AND (id <= 3374094))

table 4 : explain SELECT DISTINCT c FROM sbtest4 WHERE id BETWEEN 6702817 AND 6712816 ORDER BY c
	Unique  (cost=34556.43..34605.40 rows=9793 width=121)
	  ->  Sort  (cost=34556.43..34580.92 rows=9793 width=121)
	        Sort Key: c
	        ->  Bitmap Heap Scan on sbtest4  (cost=316.81..33907.28 rows=9793 width=121)
	              Recheck Cond: ((id >= 6702817) AND (id <= 6712816))
	              ->  Bitmap Index Scan on sbtest4_pkey  (cost=0.00..314.37 rows=9793 width=0)
	                    Index Cond: ((id >= 6702817) AND (id <= 6712816))

table 5 : explain SELECT DISTINCT c FROM sbtest5 WHERE id BETWEEN 5652064 AND 5662063 ORDER BY c
	Unique  (cost=33539.84..33587.17 rows=9466 width=121)
	  ->  Sort  (cost=33539.84..33563.51 rows=9466 width=121)
	        Sort Key: c
	        ->  Bitmap Heap Scan on sbtest5  (cost=301.46..32914.68 rows=9466 width=121)
	              Recheck Cond: ((id >= 5652064) AND (id <= 5662063))
	              ->  Bitmap Index Scan on sbtest5_pkey  (cost=0.00..299.09 rows=9466 width=0)
	                    Index Cond: ((id >= 5652064) AND (id <= 5662063))

table 6 : explain SELECT DISTINCT c FROM sbtest6 WHERE id BETWEEN 610982 AND 620981 ORDER BY c
	Unique  (cost=30929.52..30972.91 rows=8678 width=121)
	  ->  Sort  (cost=30929.52..30951.22 rows=8678 width=121)
	        Sort Key: c
	        ->  Bitmap Heap Scan on sbtest6  (cost=277.38..30361.85 rows=8678 width=121)
	              Recheck Cond: ((id >= 610982) AND (id <= 620981))
	              ->  Bitmap Index Scan on sbtest6_pkey  (cost=0.00..275.21 rows=8678 width=0)
	                    Index Cond: ((id >= 610982) AND (id <= 620981))

table 7 : explain SELECT DISTINCT c FROM sbtest7 WHERE id BETWEEN 7463880 AND 7473879 ORDER BY c
	Unique  (cost=37708.36..37762.19 rows=10766 width=121)
	  ->  Sort  (cost=37708.36..37735.27 rows=10766 width=121)
	        Sort Key: c
	        ->  Bitmap Heap Scan on sbtest7  (cost=342.79..36987.35 rows=10766 width=121)
	              Recheck Cond: ((id >= 7463880) AND (id <= 7473879))
	              ->  Bitmap Index Scan on sbtest7_pkey  (cost=0.00..340.09 rows=10766 width=0)
	                    Index Cond: ((id >= 7463880) AND (id <= 7473879))

table 8 : explain SELECT DISTINCT c FROM sbtest8 WHERE id BETWEEN 5993945 AND 6003944 ORDER BY c
	Unique  (cost=31357.20..31401.18 rows=8796 width=121)
	  ->  Sort  (cost=31357.20..31379.19 rows=8796 width=121)
	        Sort Key: c
	        ->  Bitmap Heap Scan on sbtest8  (cost=278.59..30780.94 rows=8796 width=121)
	              Recheck Cond: ((id >= 5993945) AND (id <= 6003944))
	              ->  Bitmap Index Scan on sbtest8_pkey  (cost=0.00..276.40 rows=8796 width=0)
	                    Index Cond: ((id >= 5993945) AND (id <= 6003944))

for: distinct_ranges
table 1 : explain SELECT DISTINCT c FROM sbtest1 WHERE id BETWEEN 1893677 AND 1903676 ORDER BY c
	Unique  (cost=34762.82..34811.85 rows=9805 width=121)
	  ->  Sort  (cost=34762.82..34787.34 rows=9805 width=121)
	        Sort Key: c
	        ->  Bitmap Heap Scan on sbtest1  (cost=312.94..34112.79 rows=9805 width=121)
	              Recheck Cond: ((id >= 1893677) AND (id <= 1903676))
	              ->  Bitmap Index Scan on sbtest1_pkey  (cost=0.00..310.49 rows=9805 width=0)
	                    Index Cond: ((id >= 1893677) AND (id <= 1903676))

table 2 : explain SELECT DISTINCT c FROM sbtest2 WHERE id BETWEEN 4793464 AND 4803463 ORDER BY c
	Unique  (cost=37198.54..37251.70 rows=10631 width=121)
	  ->  Sort  (cost=37198.54..37225.12 rows=10631 width=121)
	        Sort Key: c
	        ->  Bitmap Heap Scan on sbtest2  (cost=341.40..36487.54 rows=10631 width=121)
	              Recheck Cond: ((id >= 4793464) AND (id <= 4803463))
	              ->  Bitmap Index Scan on sbtest2_pkey  (cost=0.00..338.75 rows=10631 width=0)
	                    Index Cond: ((id >= 4793464) AND (id <= 4803463))

table 3 : explain SELECT DISTINCT c FROM sbtest3 WHERE id BETWEEN 2614443 AND 2624442 ORDER BY c
	Unique  (cost=35424.58..35474.98 rows=10080 width=121)
	  ->  Sort  (cost=35424.58..35449.78 rows=10080 width=121)
	        Sort Key: c
	        ->  Bitmap Heap Scan on sbtest3  (cost=319.75..34754.30 rows=10080 width=121)
	              Recheck Cond: ((id >= 2614443) AND (id <= 2624442))
	              ->  Bitmap Index Scan on sbtest3_pkey  (cost=0.00..317.24 rows=10080 width=0)
	                    Index Cond: ((id >= 2614443) AND (id <= 2624442))

table 4 : explain SELECT DISTINCT c FROM sbtest4 WHERE id BETWEEN 7724116 AND 7734115 ORDER BY c
	Unique  (cost=35788.12..35839.00 rows=10176 width=121)
	  ->  Sort  (cost=35788.12..35813.56 rows=10176 width=121)
	        Sort Key: c
	        ->  Bitmap Heap Scan on sbtest4  (cost=328.74..35110.76 rows=10176 width=121)
	              Recheck Cond: ((id >= 7724116) AND (id <= 7734115))
	              ->  Bitmap Index Scan on sbtest4_pkey  (cost=0.00..326.19 rows=10176 width=0)
	                    Index Cond: ((id >= 7724116) AND (id <= 7734115))

table 5 : explain SELECT DISTINCT c FROM sbtest5 WHERE id BETWEEN 2538115 AND 2548114 ORDER BY c
	Unique  (cost=39396.56..39453.02 rows=11293 width=121)
	  ->  Sort  (cost=39396.56..39424.79 rows=11293 width=121)
	        Sort Key: c
	        ->  Bitmap Heap Scan on sbtest5  (cost=360.19..38636.36 rows=11293 width=121)
	              Recheck Cond: ((id >= 2538115) AND (id <= 2548114))
	              ->  Bitmap Index Scan on sbtest5_pkey  (cost=0.00..357.37 rows=11293 width=0)
	                    Index Cond: ((id >= 2538115) AND (id <= 2548114))

table 6 : explain SELECT DISTINCT c FROM sbtest6 WHERE id BETWEEN 3116324 AND 3126323 ORDER BY c
	Unique  (cost=37890.58..37944.76 rows=10836 width=121)
	  ->  Sort  (cost=37890.58..37917.67 rows=10836 width=121)
	        Sort Key: c
	        ->  Bitmap Heap Scan on sbtest6  (cost=343.50..37164.37 rows=10836 width=121)
	              Recheck Cond: ((id >= 3116324) AND (id <= 3126323))
	              ->  Bitmap Index Scan on sbtest6_pkey  (cost=0.00..340.80 rows=10836 width=0)
	                    Index Cond: ((id >= 3116324) AND (id <= 3126323))

table 7 : explain SELECT DISTINCT c FROM sbtest7 WHERE id BETWEEN 7921288 AND 7931287 ORDER BY c
	Unique  (cost=37849.13..37903.18 rows=10811 width=121)
	  ->  Sort  (cost=37849.13..37876.16 rows=10811 width=121)
	        Sort Key: c
	        ->  Bitmap Heap Scan on sbtest7  (cost=343.25..37124.78 rows=10811 width=121)
	              Recheck Cond: ((id >= 7921288) AND (id <= 7931287))
	              ->  Bitmap Index Scan on sbtest7_pkey  (cost=0.00..340.55 rows=10811 width=0)
	                    Index Cond: ((id >= 7921288) AND (id <= 7931287))

table 8 : explain SELECT DISTINCT c FROM sbtest8 WHERE id BETWEEN 1158619 AND 1168618 ORDER BY c
	Unique  (cost=37394.76..37448.07 rows=10662 width=121)
	  ->  Sort  (cost=37394.76..37421.41 rows=10662 width=121)
	        Sort Key: c
	        ->  Bitmap Heap Scan on sbtest8  (cost=337.72..36681.46 rows=10662 width=121)
	              Recheck Cond: ((id >= 1158619) AND (id <= 1168618))
	              ->  Bitmap Index Scan on sbtest8_pkey  (cost=0.00..335.06 rows=10662 width=0)
	                    Index Cond: ((id >= 1158619) AND (id <= 1168618))

for point_selects
table 1 : explain SELECT c FROM sbtest1 WHERE id=4839803
	Index Scan using sbtest1_pkey on sbtest1  (cost=0.43..8.45 rows=1 width=121)
	  Index Cond: (id = 4839803)

table 2 : explain SELECT c FROM sbtest2 WHERE id=8976950
	Index Scan using sbtest2_pkey on sbtest2  (cost=0.43..8.45 rows=1 width=121)
	  Index Cond: (id = 8976950)

table 3 : explain SELECT c FROM sbtest3 WHERE id=3977448
	Index Scan using sbtest3_pkey on sbtest3  (cost=0.43..8.45 rows=1 width=121)
	  Index Cond: (id = 3977448)

table 4 : explain SELECT c FROM sbtest4 WHERE id=3044563
	Index Scan using sbtest4_pkey on sbtest4  (cost=0.43..8.45 rows=1 width=121)
	  Index Cond: (id = 3044563)

table 5 : explain SELECT c FROM sbtest5 WHERE id=2434065
	Index Scan using sbtest5_pkey on sbtest5  (cost=0.43..8.45 rows=1 width=121)
	  Index Cond: (id = 2434065)

table 6 : explain SELECT c FROM sbtest6 WHERE id=7101444
	Index Scan using sbtest6_pkey on sbtest6  (cost=0.43..8.45 rows=1 width=121)
	  Index Cond: (id = 7101444)

table 7 : explain SELECT c FROM sbtest7 WHERE id=5535514
	Index Scan using sbtest7_pkey on sbtest7  (cost=0.43..8.45 rows=1 width=121)
	  Index Cond: (id = 5535514)

table 8 : explain SELECT c FROM sbtest8 WHERE id=6641093
	Index Scan using sbtest8_pkey on sbtest8  (cost=0.43..8.45 rows=1 width=121)
	  Index Cond: (id = 6641093)

for point_selects
table 1 : explain SELECT c FROM sbtest1 WHERE id=9345241
	Index Scan using sbtest1_pkey on sbtest1  (cost=0.43..8.45 rows=1 width=121)
	  Index Cond: (id = 9345241)

table 2 : explain SELECT c FROM sbtest2 WHERE id=7283690
	Index Scan using sbtest2_pkey on sbtest2  (cost=0.43..8.45 rows=1 width=121)
	  Index Cond: (id = 7283690)

table 3 : explain SELECT c FROM sbtest3 WHERE id=6252091
	Index Scan using sbtest3_pkey on sbtest3  (cost=0.43..8.45 rows=1 width=121)
	  Index Cond: (id = 6252091)

table 4 : explain SELECT c FROM sbtest4 WHERE id=8766194
	Index Scan using sbtest4_pkey on sbtest4  (cost=0.43..8.45 rows=1 width=121)
	  Index Cond: (id = 8766194)

table 5 : explain SELECT c FROM sbtest5 WHERE id=2376373
	Index Scan using sbtest5_pkey on sbtest5  (cost=0.43..8.45 rows=1 width=121)
	  Index Cond: (id = 2376373)

table 6 : explain SELECT c FROM sbtest6 WHERE id=3846200
	Index Scan using sbtest6_pkey on sbtest6  (cost=0.43..8.45 rows=1 width=121)
	  Index Cond: (id = 3846200)

table 7 : explain SELECT c FROM sbtest7 WHERE id=9133476
	Index Scan using sbtest7_pkey on sbtest7  (cost=0.43..8.45 rows=1 width=121)
	  Index Cond: (id = 9133476)

table 8 : explain SELECT c FROM sbtest8 WHERE id=3466952
	Index Scan using sbtest8_pkey on sbtest8  (cost=0.43..8.45 rows=1 width=121)
	  Index Cond: (id = 3466952)

for point_selects
table 1 : explain SELECT c FROM sbtest1 WHERE id=4926761
	Index Scan using sbtest1_pkey on sbtest1  (cost=0.43..8.45 rows=1 width=121)
	  Index Cond: (id = 4926761)

table 2 : explain SELECT c FROM sbtest2 WHERE id=7934097
	Index Scan using sbtest2_pkey on sbtest2  (cost=0.43..8.45 rows=1 width=121)
	  Index Cond: (id = 7934097)

table 3 : explain SELECT c FROM sbtest3 WHERE id=3480638
	Index Scan using sbtest3_pkey on sbtest3  (cost=0.43..8.45 rows=1 width=121)
	  Index Cond: (id = 3480638)

table 4 : explain SELECT c FROM sbtest4 WHERE id=3666698
	Index Scan using sbtest4_pkey on sbtest4  (cost=0.43..8.45 rows=1 width=121)
	  Index Cond: (id = 3666698)

table 5 : explain SELECT c FROM sbtest5 WHERE id=5135263
	Index Scan using sbtest5_pkey on sbtest5  (cost=0.43..8.45 rows=1 width=121)
	  Index Cond: (id = 5135263)

table 6 : explain SELECT c FROM sbtest6 WHERE id=6112402
	Index Scan using sbtest6_pkey on sbtest6  (cost=0.43..8.45 rows=1 width=121)
	  Index Cond: (id = 6112402)

table 7 : explain SELECT c FROM sbtest7 WHERE id=5038523
	Index Scan using sbtest7_pkey on sbtest7  (cost=0.43..8.45 rows=1 width=121)
	  Index Cond: (id = 5038523)

table 8 : explain SELECT c FROM sbtest8 WHERE id=4215010
	Index Scan using sbtest8_pkey on sbtest8  (cost=0.43..8.45 rows=1 width=121)
	  Index Cond: (id = 4215010)

for: sum_ranges
table 1 : explain SELECT SUM(k) FROM sbtest1 WHERE id BETWEEN 3572861 AND 3582860
	Aggregate  (cost=33745.76..33745.77 rows=1 width=8)
	  ->  Bitmap Heap Scan on sbtest1  (cost=307.68..33721.55 rows=9682 width=4)
	        Recheck Cond: ((id >= 3572861) AND (id <= 3582860))
	        ->  Bitmap Index Scan on sbtest1_pkey  (cost=0.00..305.25 rows=9682 width=0)
	              Index Cond: ((id >= 3572861) AND (id <= 3582860))

table 2 : explain SELECT SUM(k) FROM sbtest2 WHERE id BETWEEN 2238360 AND 2248359
	Aggregate  (cost=38467.59..38467.60 rows=1 width=8)
	  ->  Bitmap Heap Scan on sbtest2  (cost=359.88..38439.43 rows=11263 width=4)
	        Recheck Cond: ((id >= 2238360) AND (id <= 2248359))
	        ->  Bitmap Index Scan on sbtest2_pkey  (cost=0.00..357.06 rows=11263 width=0)
	              Index Cond: ((id >= 2238360) AND (id <= 2248359))

table 3 : explain SELECT SUM(k) FROM sbtest3 WHERE id BETWEEN 8108950 AND 8118949
	Aggregate  (cost=34592.97..34592.98 rows=1 width=8)
	  ->  Bitmap Heap Scan on sbtest3  (cost=319.14..34567.92 rows=10020 width=4)
	        Recheck Cond: ((id >= 8108950) AND (id <= 8118949))
	        ->  Bitmap Index Scan on sbtest3_pkey  (cost=0.00..316.63 rows=10020 width=0)
	              Index Cond: ((id >= 8108950) AND (id <= 8118949))

table 4 : explain SELECT SUM(k) FROM sbtest4 WHERE id BETWEEN 3950323 AND 3960322
	Aggregate  (cost=34642.69..34642.70 rows=1 width=8)
	  ->  Bitmap Heap Scan on sbtest4  (cost=323.13..34617.65 rows=10019 width=4)
	        Recheck Cond: ((id >= 3950323) AND (id <= 3960322))
	        ->  Bitmap Index Scan on sbtest4_pkey  (cost=0.00..320.62 rows=10019 width=0)
	              Index Cond: ((id >= 3950323) AND (id <= 3960322))

table 5 : explain SELECT SUM(k) FROM sbtest5 WHERE id BETWEEN 8213836 AND 8223835
	Aggregate  (cost=32374.39..32374.40 rows=1 width=8)
	  ->  Bitmap Heap Scan on sbtest5  (cost=295.64..32351.17 rows=9288 width=4)
	        Recheck Cond: ((id >= 8213836) AND (id <= 8223835))
	        ->  Bitmap Index Scan on sbtest5_pkey  (cost=0.00..293.31 rows=9288 width=0)
	              Index Cond: ((id >= 8213836) AND (id <= 8223835))

table 6 : explain SELECT SUM(k) FROM sbtest6 WHERE id BETWEEN 7021873 AND 7031872
	Aggregate  (cost=36910.39..36910.40 rows=1 width=8)
	  ->  Bitmap Heap Scan on sbtest6  (cost=342.57..36883.52 rows=10745 width=4)
	        Recheck Cond: ((id >= 7021873) AND (id <= 7031872))
	        ->  Bitmap Index Scan on sbtest6_pkey  (cost=0.00..339.88 rows=10745 width=0)
	              Index Cond: ((id >= 7021873) AND (id <= 7031872))

table 7 : explain SELECT SUM(k) FROM sbtest7 WHERE id BETWEEN 6319892 AND 6329891
	Aggregate  (cost=34771.72..34771.73 rows=1 width=8)
	  ->  Bitmap Heap Scan on sbtest7  (cost=319.45..34746.59 rows=10050 width=4)
	        Recheck Cond: ((id >= 6319892) AND (id <= 6329891))
	        ->  Bitmap Index Scan on sbtest7_pkey  (cost=0.00..316.94 rows=10050 width=0)
	              Index Cond: ((id >= 6319892) AND (id <= 6329891))

table 8 : explain SELECT SUM(k) FROM sbtest8 WHERE id BETWEEN 4914935 AND 4924934
	Aggregate  (cost=33185.72..33185.73 rows=1 width=8)
	  ->  Bitmap Heap Scan on sbtest8  (cost=302.25..33161.86 rows=9543 width=4)
	        Recheck Cond: ((id >= 4914935) AND (id <= 4924934))
	        ->  Bitmap Index Scan on sbtest8_pkey  (cost=0.00..299.87 rows=9543 width=0)
	              Index Cond: ((id >= 4914935) AND (id <= 4924934))

for point_selects
table 1 : explain SELECT c FROM sbtest1 WHERE id=9851432
	Index Scan using sbtest1_pkey on sbtest1  (cost=0.43..8.45 rows=1 width=121)
	  Index Cond: (id = 9851432)

table 2 : explain SELECT c FROM sbtest2 WHERE id=2736524
	Index Scan using sbtest2_pkey on sbtest2  (cost=0.43..8.45 rows=1 width=121)
	  Index Cond: (id = 2736524)

table 3 : explain SELECT c FROM sbtest3 WHERE id=2967952
	Index Scan using sbtest3_pkey on sbtest3  (cost=0.43..8.45 rows=1 width=121)
	  Index Cond: (id = 2967952)

table 4 : explain SELECT c FROM sbtest4 WHERE id=1060996
	Index Scan using sbtest4_pkey on sbtest4  (cost=0.43..8.45 rows=1 width=121)
	  Index Cond: (id = 1060996)

table 5 : explain SELECT c FROM sbtest5 WHERE id=9195667
	Index Scan using sbtest5_pkey on sbtest5  (cost=0.43..8.45 rows=1 width=121)
	  Index Cond: (id = 9195667)

table 6 : explain SELECT c FROM sbtest6 WHERE id=422337
	Index Scan using sbtest6_pkey on sbtest6  (cost=0.43..8.45 rows=1 width=121)
	  Index Cond: (id = 422337)

table 7 : explain SELECT c FROM sbtest7 WHERE id=3747432
	Index Scan using sbtest7_pkey on sbtest7  (cost=0.43..8.45 rows=1 width=121)
	  Index Cond: (id = 3747432)

table 8 : explain SELECT c FROM sbtest8 WHERE id=2230163
	Index Scan using sbtest8_pkey on sbtest8  (cost=0.43..8.45 rows=1 width=121)
	  Index Cond: (id = 2230163)

for: sum_ranges
table 1 : explain SELECT SUM(k) FROM sbtest1 WHERE id BETWEEN 8379379 AND 8389378
	Aggregate  (cost=35608.90..35608.91 rows=1 width=8)
	  ->  Bitmap Heap Scan on sbtest1  (cost=325.70..35583.22 rows=10270 width=4)
	        Recheck Cond: ((id >= 8379379) AND (id <= 8389378))
	        ->  Bitmap Index Scan on sbtest1_pkey  (cost=0.00..323.13 rows=10270 width=0)
	              Index Cond: ((id >= 8379379) AND (id <= 8389378))

table 2 : explain SELECT SUM(k) FROM sbtest2 WHERE id BETWEEN 2037823 AND 2047822
	Aggregate  (cost=32964.29..32964.30 rows=1 width=8)
	  ->  Bitmap Heap Scan on sbtest2  (cost=305.79..32940.54 rows=9498 width=4)
	        Recheck Cond: ((id >= 2037823) AND (id <= 2047822))
	        ->  Bitmap Index Scan on sbtest2_pkey  (cost=0.00..303.42 rows=9498 width=0)
	              Index Cond: ((id >= 2037823) AND (id <= 2047822))

table 3 : explain SELECT SUM(k) FROM sbtest3 WHERE id BETWEEN 557211 AND 567210
	Aggregate  (cost=35268.48..35268.49 rows=1 width=8)
	  ->  Bitmap Heap Scan on sbtest3  (cost=325.36..35242.89 rows=10237 width=4)
	        Recheck Cond: ((id >= 557211) AND (id <= 567210))
	        ->  Bitmap Index Scan on sbtest3_pkey  (cost=0.00..322.81 rows=10237 width=0)
	              Index Cond: ((id >= 557211) AND (id <= 567210))

table 4 : explain SELECT SUM(k) FROM sbtest4 WHERE id BETWEEN 2863272 AND 2873271
	Aggregate  (cost=37898.04..37898.05 rows=1 width=8)
	  ->  Bitmap Heap Scan on sbtest4  (cost=353.84..37870.38 rows=11064 width=4)
	        Recheck Cond: ((id >= 2863272) AND (id <= 2873271))
	        ->  Bitmap Index Scan on sbtest4_pkey  (cost=0.00..351.07 rows=11064 width=0)
	              Index Cond: ((id >= 2863272) AND (id <= 2873271))

table 5 : explain SELECT SUM(k) FROM sbtest5 WHERE id BETWEEN 3810179 AND 3820178
	Aggregate  (cost=35495.18..35495.19 rows=1 width=8)
	  ->  Bitmap Heap Scan on sbtest5  (cost=329.74..35469.49 rows=10274 width=4)
	        Recheck Cond: ((id >= 3810179) AND (id <= 3820178))
	        ->  Bitmap Index Scan on sbtest5_pkey  (cost=0.00..327.18 rows=10274 width=0)
	              Index Cond: ((id >= 3810179) AND (id <= 3820178))

table 6 : explain SELECT SUM(k) FROM sbtest6 WHERE id BETWEEN 3544038 AND 3554037
	Aggregate  (cost=35102.48..35102.49 rows=1 width=8)
	  ->  Bitmap Heap Scan on sbtest6  (cost=324.63..35077.07 rows=10165 width=4)
	        Recheck Cond: ((id >= 3544038) AND (id <= 3554037))
	        ->  Bitmap Index Scan on sbtest6_pkey  (cost=0.00..322.08 rows=10165 width=0)
	              Index Cond: ((id >= 3544038) AND (id <= 3554037))

table 7 : explain SELECT SUM(k) FROM sbtest7 WHERE id BETWEEN 7030867 AND 7040866
	Aggregate  (cost=34043.91..34043.92 rows=1 width=8)
	  ->  Bitmap Heap Scan on sbtest7  (cost=313.08..34019.36 rows=9819 width=4)
	        Recheck Cond: ((id >= 7030867) AND (id <= 7040866))
	        ->  Bitmap Index Scan on sbtest7_pkey  (cost=0.00..310.62 rows=9819 width=0)
	              Index Cond: ((id >= 7030867) AND (id <= 7040866))

table 8 : explain SELECT SUM(k) FROM sbtest8 WHERE id BETWEEN 4601716 AND 4611715
	Aggregate  (cost=35933.62..35933.63 rows=1 width=8)
	  ->  Bitmap Heap Scan on sbtest8  (cost=331.18..35907.58 rows=10414 width=4)
	        Recheck Cond: ((id >= 4601716) AND (id <= 4611715))
	        ->  Bitmap Index Scan on sbtest8_pkey  (cost=0.00..328.57 rows=10414 width=0)
	              Index Cond: ((id >= 4601716) AND (id <= 4611715))

for: distinct_ranges
table 1 : explain SELECT DISTINCT c FROM sbtest1 WHERE id BETWEEN 8409506 AND 8419505 ORDER BY c
	Unique  (cost=32636.03..32681.80 rows=9154 width=121)
	  ->  Sort  (cost=32636.03..32658.91 rows=9154 width=121)
	        Sort Key: c
	        ->  Bitmap Heap Scan on sbtest1  (cost=290.26..32033.68 rows=9154 width=121)
	              Recheck Cond: ((id >= 8409506) AND (id <= 8419505))
	              ->  Bitmap Index Scan on sbtest1_pkey  (cost=0.00..287.98 rows=9154 width=0)
	                    Index Cond: ((id >= 8409506) AND (id <= 8419505))

table 2 : explain SELECT DISTINCT c FROM sbtest2 WHERE id BETWEEN 6704888 AND 6714887 ORDER BY c
	Unique  (cost=32704.12..32750.28 rows=9233 width=121)
	  ->  Sort  (cost=32704.12..32727.20 rows=9233 width=121)
	        Sort Key: c
	        ->  Bitmap Heap Scan on sbtest2  (cost=295.07..32096.00 rows=9233 width=121)
	              Recheck Cond: ((id >= 6704888) AND (id <= 6714887))
	              ->  Bitmap Index Scan on sbtest2_pkey  (cost=0.00..292.76 rows=9233 width=0)
	                    Index Cond: ((id >= 6704888) AND (id <= 6714887))

table 3 : explain SELECT DISTINCT c FROM sbtest3 WHERE id BETWEEN 1999658 AND 2009657 ORDER BY c
	Unique  (cost=36459.92..36511.94 rows=10404 width=121)
	  ->  Sort  (cost=36459.92..36485.93 rows=10404 width=121)
	        Sort Key: c
	        ->  Bitmap Heap Scan on sbtest3  (cost=331.08..35765.72 rows=10404 width=121)
	              Recheck Cond: ((id >= 1999658) AND (id <= 2009657))
	              ->  Bitmap Index Scan on sbtest3_pkey  (cost=0.00..328.48 rows=10404 width=0)
	                    Index Cond: ((id >= 1999658) AND (id <= 2009657))

table 4 : explain SELECT DISTINCT c FROM sbtest4 WHERE id BETWEEN 8116097 AND 8126096 ORDER BY c
	Unique  (cost=37587.96..37641.66 rows=10740 width=121)
	  ->  Sort  (cost=37587.96..37614.81 rows=10740 width=121)
	        Sort Key: c
	        ->  Bitmap Heap Scan on sbtest4  (cost=346.52..36868.88 rows=10740 width=121)
	              Recheck Cond: ((id >= 8116097) AND (id <= 8126096))
	              ->  Bitmap Index Scan on sbtest4_pkey  (cost=0.00..343.83 rows=10740 width=0)
	                    Index Cond: ((id >= 8116097) AND (id <= 8126096))

table 5 : explain SELECT DISTINCT c FROM sbtest5 WHERE id BETWEEN 1310434 AND 1320433 ORDER BY c
	Unique  (cost=39135.93..39191.98 rows=11210 width=121)
	  ->  Sort  (cost=39135.93..39163.96 rows=11210 width=121)
	        Sort Key: c
	        ->  Bitmap Heap Scan on sbtest5  (cost=359.34..38381.92 rows=11210 width=121)
	              Recheck Cond: ((id >= 1310434) AND (id <= 1320433))
	              ->  Bitmap Index Scan on sbtest5_pkey  (cost=0.00..356.54 rows=11210 width=0)
	                    Index Cond: ((id >= 1310434) AND (id <= 1320433))

table 6 : explain SELECT DISTINCT c FROM sbtest6 WHERE id BETWEEN 291962 AND 301961 ORDER BY c
	Unique  (cost=32924.47..32970.92 rows=9289 width=121)
	  ->  Sort  (cost=32924.47..32947.70 rows=9289 width=121)
	        Sort Key: c
	        ->  Bitmap Heap Scan on sbtest6  (cost=295.65..32312.27 rows=9289 width=121)
	              Recheck Cond: ((id >= 291962) AND (id <= 301961))
	              ->  Bitmap Index Scan on sbtest6_pkey  (cost=0.00..293.32 rows=9289 width=0)
	                    Index Cond: ((id >= 291962) AND (id <= 301961))

table 7 : explain SELECT DISTINCT c FROM sbtest7 WHERE id BETWEEN 9365636 AND 9375635 ORDER BY c
	Unique  (cost=33008.75..33055.28 rows=9306 width=121)
	  ->  Sort  (cost=33008.75..33032.01 rows=9306 width=121)
	        Sort Key: c
	        ->  Bitmap Heap Scan on sbtest7  (cost=295.82..32395.30 rows=9306 width=121)
	              Recheck Cond: ((id >= 9365636) AND (id <= 9375635))
	              ->  Bitmap Index Scan on sbtest7_pkey  (cost=0.00..293.50 rows=9306 width=0)
	                    Index Cond: ((id >= 9365636) AND (id <= 9375635))

table 8 : explain SELECT DISTINCT c FROM sbtest8 WHERE id BETWEEN 219019 AND 229018 ORDER BY c
	Unique  (cost=35665.41..35716.02 rows=10122 width=121)
	  ->  Sort  (cost=35665.41..35690.72 rows=10122 width=121)
	        Sort Key: c
	        ->  Bitmap Heap Scan on sbtest8  (cost=320.19..34992.04 rows=10122 width=121)
	              Recheck Cond: ((id >= 219019) AND (id <= 229018))
	              ->  Bitmap Index Scan on sbtest8_pkey  (cost=0.00..317.66 rows=10122 width=0)
	                    Index Cond: ((id >= 219019) AND (id <= 229018))

for point_selects
table 1 : explain SELECT c FROM sbtest1 WHERE id=1842343
	Index Scan using sbtest1_pkey on sbtest1  (cost=0.43..8.45 rows=1 width=121)
	  Index Cond: (id = 1842343)

table 2 : explain SELECT c FROM sbtest2 WHERE id=9263931
	Index Scan using sbtest2_pkey on sbtest2  (cost=0.43..8.45 rows=1 width=121)
	  Index Cond: (id = 9263931)

table 3 : explain SELECT c FROM sbtest3 WHERE id=9838900
	Index Scan using sbtest3_pkey on sbtest3  (cost=0.43..8.45 rows=1 width=121)
	  Index Cond: (id = 9838900)

table 4 : explain SELECT c FROM sbtest4 WHERE id=6346009
	Index Scan using sbtest4_pkey on sbtest4  (cost=0.43..8.45 rows=1 width=121)
	  Index Cond: (id = 6346009)

table 5 : explain SELECT c FROM sbtest5 WHERE id=7986769
	Index Scan using sbtest5_pkey on sbtest5  (cost=0.43..8.45 rows=1 width=121)
	  Index Cond: (id = 7986769)

table 6 : explain SELECT c FROM sbtest6 WHERE id=3671088
	Index Scan using sbtest6_pkey on sbtest6  (cost=0.43..8.45 rows=1 width=121)
	  Index Cond: (id = 3671088)

table 7 : explain SELECT c FROM sbtest7 WHERE id=5468326
	Index Scan using sbtest7_pkey on sbtest7  (cost=0.43..8.45 rows=1 width=121)
	  Index Cond: (id = 5468326)

table 8 : explain SELECT c FROM sbtest8 WHERE id=5944654
	Index Scan using sbtest8_pkey on sbtest8  (cost=0.43..8.45 rows=1 width=121)
	  Index Cond: (id = 5944654)

for: distinct_ranges
table 1 : explain SELECT DISTINCT c FROM sbtest1 WHERE id BETWEEN 3627641 AND 3637640 ORDER BY c
	Unique  (cost=34362.55..34410.96 rows=9682 width=121)
	  ->  Sort  (cost=34362.55..34386.76 rows=9682 width=121)
	        Sort Key: c
	        ->  Bitmap Heap Scan on sbtest1  (cost=307.68..33721.55 rows=9682 width=121)
	              Recheck Cond: ((id >= 3627641) AND (id <= 3637640))
	              ->  Bitmap Index Scan on sbtest1_pkey  (cost=0.00..305.25 rows=9682 width=0)
	                    Index Cond: ((id >= 3627641) AND (id <= 3637640))

table 2 : explain SELECT DISTINCT c FROM sbtest2 WHERE id BETWEEN 8163177 AND 8173176 ORDER BY c
	Unique  (cost=36109.72..36161.17 rows=10290 width=121)
	  ->  Sort  (cost=36109.72..36135.45 rows=10290 width=121)
	        Sort Key: c
	        ->  Bitmap Heap Scan on sbtest2  (cost=329.91..35423.95 rows=10290 width=121)
	              Recheck Cond: ((id >= 8163177) AND (id <= 8173176))
	              ->  Bitmap Index Scan on sbtest2_pkey  (cost=0.00..327.33 rows=10290 width=0)
	                    Index Cond: ((id >= 8163177) AND (id <= 8173176))

table 3 : explain SELECT DISTINCT c FROM sbtest3 WHERE id BETWEEN 9856660 AND 9866659 ORDER BY c
	Unique  (cost=33770.02..33817.85 rows=9566 width=121)
	  ->  Sort  (cost=33770.02..33793.93 rows=9566 width=121)
	        Sort Key: c
	        ->  Bitmap Heap Scan on sbtest3  (cost=302.49..33137.53 rows=9566 width=121)
	              Recheck Cond: ((id >= 9856660) AND (id <= 9866659))
	              ->  Bitmap Index Scan on sbtest3_pkey  (cost=0.00..300.09 rows=9566 width=0)
	                    Index Cond: ((id >= 9856660) AND (id <= 9866659))

table 4 : explain SELECT DISTINCT c FROM sbtest4 WHERE id BETWEEN 2486802 AND 2496801 ORDER BY c
	Unique  (cost=34251.43..34299.92 rows=9699 width=121)
	  ->  Sort  (cost=34251.43..34275.68 rows=9699 width=121)
	        Sort Key: c
	        ->  Bitmap Heap Scan on sbtest4  (cost=311.85..33609.18 rows=9699 width=121)
	              Recheck Cond: ((id >= 2486802) AND (id <= 2496801))
	              ->  Bitmap Index Scan on sbtest4_pkey  (cost=0.00..309.43 rows=9699 width=0)
	                    Index Cond: ((id >= 2486802) AND (id <= 2496801))

table 5 : explain SELECT DISTINCT c FROM sbtest5 WHERE id BETWEEN 4183215 AND 4193214 ORDER BY c
	Unique  (cost=35804.08..35854.91 rows=10166 width=121)
	  ->  Sort  (cost=35804.08..35829.50 rows=10166 width=121)
	        Sort Key: c
	        ->  Bitmap Heap Scan on sbtest5  (cost=324.64..35127.46 rows=10166 width=121)
	              Recheck Cond: ((id >= 4183215) AND (id <= 4193214))
	              ->  Bitmap Index Scan on sbtest5_pkey  (cost=0.00..322.09 rows=10166 width=0)
	                    Index Cond: ((id >= 4183215) AND (id <= 4193214))

table 6 : explain SELECT DISTINCT c FROM sbtest6 WHERE id BETWEEN 4253883 AND 4263882 ORDER BY c
	Unique  (cost=38067.67..38122.12 rows=10891 width=121)
	  ->  Sort  (cost=38067.67..38094.90 rows=10891 width=121)
	        Sort Key: c
	        ->  Bitmap Heap Scan on sbtest6  (cost=348.07..37337.38 rows=10891 width=121)
	              Recheck Cond: ((id >= 4253883) AND (id <= 4263882))
	              ->  Bitmap Index Scan on sbtest6_pkey  (cost=0.00..345.34 rows=10891 width=0)
	                    Index Cond: ((id >= 4253883) AND (id <= 4263882))

table 7 : explain SELECT DISTINCT c FROM sbtest7 WHERE id BETWEEN 2154396 AND 2164395 ORDER BY c
	Unique  (cost=32672.29..32718.30 rows=9202 width=121)
	  ->  Sort  (cost=32672.29..32695.29 rows=9202 width=121)
	        Sort Key: c
	        ->  Bitmap Heap Scan on sbtest7  (cost=294.76..32066.44 rows=9202 width=121)
	              Recheck Cond: ((id >= 2154396) AND (id <= 2164395))
	              ->  Bitmap Index Scan on sbtest7_pkey  (cost=0.00..292.45 rows=9202 width=0)
	                    Index Cond: ((id >= 2154396) AND (id <= 2164395))

table 8 : explain SELECT DISTINCT c FROM sbtest8 WHERE id BETWEEN 3702746 AND 3712745 ORDER BY c
	Unique  (cost=36618.95..36671.04 rows=10419 width=121)
	  ->  Sort  (cost=36618.95..36645.00 rows=10419 width=121)
	        Sort Key: c
	        ->  Bitmap Heap Scan on sbtest8  (cost=331.23..35923.64 rows=10419 width=121)
	              Recheck Cond: ((id >= 3702746) AND (id <= 3712745))
	              ->  Bitmap Index Scan on sbtest8_pkey  (cost=0.00..328.62 rows=10419 width=0)
	                    Index Cond: ((id >= 3702746) AND (id <= 3712745))

for: distinct_ranges
table 1 : explain SELECT DISTINCT c FROM sbtest1 WHERE id BETWEEN 8230994 AND 8240993 ORDER BY c
	Unique  (cost=36952.50..37004.91 rows=10482 width=121)
	  ->  Sort  (cost=36952.50..36978.71 rows=10482 width=121)
	        Sort Key: c
	        ->  Bitmap Heap Scan on sbtest1  (cost=331.88..36252.54 rows=10482 width=121)
	              Recheck Cond: ((id >= 8230994) AND (id <= 8240993))
	              ->  Bitmap Index Scan on sbtest1_pkey  (cost=0.00..329.25 rows=10482 width=0)
	                    Index Cond: ((id >= 8230994) AND (id <= 8240993))

table 2 : explain SELECT DISTINCT c FROM sbtest2 WHERE id BETWEEN 2158498 AND 2168497 ORDER BY c
	Unique  (cost=36939.42..36992.17 rows=10550 width=121)
	  ->  Sort  (cost=36939.42..36965.80 rows=10550 width=121)
	        Sort Key: c
	        ->  Bitmap Heap Scan on sbtest2  (cost=336.57..36234.42 rows=10550 width=121)
	              Recheck Cond: ((id >= 2158498) AND (id <= 2168497))
	              ->  Bitmap Index Scan on sbtest2_pkey  (cost=0.00..333.94 rows=10550 width=0)
	                    Index Cond: ((id >= 2158498) AND (id <= 2168497))

table 3 : explain SELECT DISTINCT c FROM sbtest3 WHERE id BETWEEN 286362 AND 296361 ORDER BY c
	Unique  (cost=37017.00..37069.90 rows=10579 width=121)
	  ->  Sort  (cost=37017.00..37043.45 rows=10579 width=121)
	        Sort Key: c
	        ->  Bitmap Heap Scan on sbtest3  (cost=336.87..36309.85 rows=10579 width=121)
	              Recheck Cond: ((id >= 286362) AND (id <= 296361))
	              ->  Bitmap Index Scan on sbtest3_pkey  (cost=0.00..334.23 rows=10579 width=0)
	                    Index Cond: ((id >= 286362) AND (id <= 296361))

table 4 : explain SELECT DISTINCT c FROM sbtest4 WHERE id BETWEEN 6045307 AND 6055306 ORDER BY c
	Unique  (cost=33813.56..33861.38 rows=9564 width=121)
	  ->  Sort  (cost=33813.56..33837.47 rows=9564 width=121)
	        Sort Key: c
	        ->  Bitmap Heap Scan on sbtest4  (cost=306.47..33181.21 rows=9564 width=121)
	              Recheck Cond: ((id >= 6045307) AND (id <= 6055306))
	              ->  Bitmap Index Scan on sbtest4_pkey  (cost=0.00..304.07 rows=9564 width=0)
	                    Index Cond: ((id >= 6045307) AND (id <= 6055306))

table 5 : explain SELECT DISTINCT c FROM sbtest5 WHERE id BETWEEN 7062103 AND 7072102 ORDER BY c
	Unique  (cost=34844.73..34894.08 rows=9869 width=121)
	  ->  Sort  (cost=34844.73..34869.41 rows=9869 width=121)
	        Sort Key: c
	        ->  Bitmap Heap Scan on sbtest5  (cost=313.59..34189.99 rows=9869 width=121)
	              Recheck Cond: ((id >= 7062103) AND (id <= 7072102))
	              ->  Bitmap Index Scan on sbtest5_pkey  (cost=0.00..311.12 rows=9869 width=0)
	                    Index Cond: ((id >= 7062103) AND (id <= 7072102))

table 6 : explain SELECT DISTINCT c FROM sbtest6 WHERE id BETWEEN 7104871 AND 7114870 ORDER BY c
	Unique  (cost=36208.26..36259.80 rows=10307 width=121)
	  ->  Sort  (cost=36208.26..36234.03 rows=10307 width=121)
	        Sort Key: c
	        ->  Bitmap Heap Scan on sbtest6  (cost=330.08..35521.23 rows=10307 width=121)
	              Recheck Cond: ((id >= 7104871) AND (id <= 7114870))
	              ->  Bitmap Index Scan on sbtest6_pkey  (cost=0.00..327.50 rows=10307 width=0)
	                    Index Cond: ((id >= 7104871) AND (id <= 7114870))

table 7 : explain SELECT DISTINCT c FROM sbtest7 WHERE id BETWEEN 8965250 AND 8975249 ORDER BY c
	Unique  (cost=35546.61..35597.07 rows=10091 width=121)
	  ->  Sort  (cost=35546.61..35571.84 rows=10091 width=121)
	        Sort Key: c
	        ->  Bitmap Heap Scan on sbtest7  (cost=319.87..34875.52 rows=10091 width=121)
	              Recheck Cond: ((id >= 8965250) AND (id <= 8975249))
	              ->  Bitmap Index Scan on sbtest7_pkey  (cost=0.00..317.34 rows=10091 width=0)
	                    Index Cond: ((id >= 8965250) AND (id <= 8975249))

table 8 : explain SELECT DISTINCT c FROM sbtest8 WHERE id BETWEEN 7944726 AND 7954725 ORDER BY c
	Unique  (cost=35132.93..35182.72 rows=9957 width=121)
	  ->  Sort  (cost=35132.93..35157.82 rows=9957 width=121)
	        Sort Key: c
	        ->  Bitmap Heap Scan on sbtest8  (cost=314.49..34471.71 rows=9957 width=121)
	              Recheck Cond: ((id >= 7944726) AND (id <= 7954725))
	              ->  Bitmap Index Scan on sbtest8_pkey  (cost=0.00..312.00 rows=9957 width=0)
	                    Index Cond: ((id >= 7944726) AND (id <= 7954725))

for: simple_ranges
table 1 : explain SELECT c FROM sbtest1 WHERE id BETWEEN 3153548 AND 3163547
	Bitmap Heap Scan on sbtest1  (cost=319.63..34944.65 rows=10068 width=121)
	  Recheck Cond: ((id >= 3153548) AND (id <= 3163547))
	  ->  Bitmap Index Scan on sbtest1_pkey  (cost=0.00..317.12 rows=10068 width=0)
	        Index Cond: ((id >= 3153548) AND (id <= 3163547))

table 2 : explain SELECT c FROM sbtest2 WHERE id BETWEEN 2977494 AND 2987493
	Bitmap Heap Scan on sbtest2  (cost=306.21..33066.77 rows=9539 width=121)
	  Recheck Cond: ((id >= 2977494) AND (id <= 2987493))
	  ->  Bitmap Index Scan on sbtest2_pkey  (cost=0.00..303.82 rows=9539 width=0)
	        Index Cond: ((id >= 2977494) AND (id <= 2987493))

table 3 : explain SELECT c FROM sbtest3 WHERE id BETWEEN 8526312 AND 8536311
	Bitmap Heap Scan on sbtest3  (cost=354.84..38109.86 rows=11161 width=121)
	  Recheck Cond: ((id >= 8526312) AND (id <= 8536311))
	  ->  Bitmap Index Scan on sbtest3_pkey  (cost=0.00..352.05 rows=11161 width=0)
	        Index Cond: ((id >= 8526312) AND (id <= 8536311))

table 4 : explain SELECT c FROM sbtest4 WHERE id BETWEEN 8915973 AND 8925972
	Bitmap Heap Scan on sbtest4  (cost=299.76..32346.62 rows=9300 width=121)
	  Recheck Cond: ((id >= 8915973) AND (id <= 8925972))
	  ->  Bitmap Index Scan on sbtest4_pkey  (cost=0.00..297.44 rows=9300 width=0)
	        Index Cond: ((id >= 8915973) AND (id <= 8925972))

table 5 : explain SELECT c FROM sbtest5 WHERE id BETWEEN 5530823 AND 5540822
	Bitmap Heap Scan on sbtest5  (cost=330.57..35720.33 rows=10355 width=121)
	  Recheck Cond: ((id >= 5530823) AND (id <= 5540822))
	  ->  Bitmap Index Scan on sbtest5_pkey  (cost=0.00..327.99 rows=10355 width=0)
	        Index Cond: ((id >= 5530823) AND (id <= 5540822))

table 6 : explain SELECT c FROM sbtest6 WHERE id BETWEEN 6546019 AND 6556018
	Bitmap Heap Scan on sbtest6  (cost=306.53..33202.91 rows=9570 width=121)
	  Recheck Cond: ((id >= 6546019) AND (id <= 6556018))
	  ->  Bitmap Index Scan on sbtest6_pkey  (cost=0.00..304.13 rows=9570 width=0)
	        Index Cond: ((id >= 6546019) AND (id <= 6556018))

table 7 : explain SELECT c FROM sbtest7 WHERE id BETWEEN 9236480 AND 9246479
	Bitmap Heap Scan on sbtest7  (cost=319.07..34630.50 rows=10013 width=121)
	  Recheck Cond: ((id >= 9236480) AND (id <= 9246479))
	  ->  Bitmap Index Scan on sbtest7_pkey  (cost=0.00..316.56 rows=10013 width=0)
	        Index Cond: ((id >= 9236480) AND (id <= 9246479))

table 8 : explain SELECT c FROM sbtest8 WHERE id BETWEEN 1478497 AND 1488496
	Bitmap Heap Scan on sbtest8  (cost=337.81..36710.28 rows=10671 width=121)
	  Recheck Cond: ((id >= 1478497) AND (id <= 1488496))
	  ->  Bitmap Index Scan on sbtest8_pkey  (cost=0.00..335.15 rows=10671 width=0)
	        Index Cond: ((id >= 1478497) AND (id <= 1488496))

for: simple_ranges
table 1 : explain SELECT c FROM sbtest1 WHERE id BETWEEN 4315565 AND 4325564
	Bitmap Heap Scan on sbtest1  (cost=318.98..34743.61 rows=10004 width=121)
	  Recheck Cond: ((id >= 4315565) AND (id <= 4325564))
	  ->  Bitmap Index Scan on sbtest1_pkey  (cost=0.00..316.48 rows=10004 width=0)
	        Index Cond: ((id >= 4315565) AND (id <= 4325564))

table 2 : explain SELECT c FROM sbtest2 WHERE id BETWEEN 708309 AND 718308
	Bitmap Heap Scan on sbtest2  (cost=289.65..31656.37 rows=9094 width=121)
	  Recheck Cond: ((id >= 708309) AND (id <= 718308))
	  ->  Bitmap Index Scan on sbtest2_pkey  (cost=0.00..287.38 rows=9094 width=0)
	        Index Cond: ((id >= 708309) AND (id <= 718308))

table 3 : explain SELECT c FROM sbtest3 WHERE id BETWEEN 8725608 AND 8735607
	Bitmap Heap Scan on sbtest3  (cost=319.42..34651.49 rows=10047 width=121)
	  Recheck Cond: ((id >= 8725608) AND (id <= 8735607))
	  ->  Bitmap Index Scan on sbtest3_pkey  (cost=0.00..316.91 rows=10047 width=0)
	        Index Cond: ((id >= 8725608) AND (id <= 8735607))

table 4 : explain SELECT c FROM sbtest4 WHERE id BETWEEN 431311 AND 441310
	Bitmap Heap Scan on sbtest4  (cost=305.80..32977.06 rows=9499 width=121)
	  Recheck Cond: ((id >= 431311) AND (id <= 441310))
	  ->  Bitmap Index Scan on sbtest4_pkey  (cost=0.00..303.43 rows=9499 width=0)
	        Index Cond: ((id >= 431311) AND (id <= 441310))

table 5 : explain SELECT c FROM sbtest5 WHERE id BETWEEN 1312490 AND 1322489
	Bitmap Heap Scan on sbtest5  (cost=366.74..39405.37 rows=11542 width=121)
	  Recheck Cond: ((id >= 1312490) AND (id <= 1322489))
	  ->  Bitmap Index Scan on sbtest5_pkey  (cost=0.00..363.86 rows=11542 width=0)
	        Index Cond: ((id >= 1312490) AND (id <= 1322489))

table 6 : explain SELECT c FROM sbtest6 WHERE id BETWEEN 268624 AND 278623
	Bitmap Heap Scan on sbtest6  (cost=295.90..32390.28 rows=9314 width=121)
	  Recheck Cond: ((id >= 268624) AND (id <= 278623))
	  ->  Bitmap Index Scan on sbtest6_pkey  (cost=0.00..293.57 rows=9314 width=0)
	        Index Cond: ((id >= 268624) AND (id <= 278623))

table 7 : explain SELECT c FROM sbtest7 WHERE id BETWEEN 9776514 AND 9786513
	Bitmap Heap Scan on sbtest7  (cost=318.70..34517.58 rows=9977 width=121)
	  Recheck Cond: ((id >= 9776514) AND (id <= 9786513))
	  ->  Bitmap Index Scan on sbtest7_pkey  (cost=0.00..316.20 rows=9977 width=0)
	        Index Cond: ((id >= 9776514) AND (id <= 9786513))

table 8 : explain SELECT c FROM sbtest8 WHERE id BETWEEN 6151412 AND 6161411
	Bitmap Heap Scan on sbtest8  (cost=331.28..35939.70 rows=10424 width=121)
	  Recheck Cond: ((id >= 6151412) AND (id <= 6161411))
	  ->  Bitmap Index Scan on sbtest8_pkey  (cost=0.00..328.68 rows=10424 width=0)
	        Index Cond: ((id >= 6151412) AND (id <= 6161411))

for: simple_ranges
table 1 : explain SELECT c FROM sbtest1 WHERE id BETWEEN 7831231 AND 7841230
	Bitmap Heap Scan on sbtest1  (cost=313.90..34411.74 rows=9899 width=121)
	  Recheck Cond: ((id >= 7831231) AND (id <= 7841230))
	  ->  Bitmap Index Scan on sbtest1_pkey  (cost=0.00..311.43 rows=9899 width=0)
	        Index Cond: ((id >= 7831231) AND (id <= 7841230))

table 2 : explain SELECT c FROM sbtest2 WHERE id BETWEEN 7290605 AND 7300604
	Bitmap Heap Scan on sbtest2  (cost=330.24..35523.30 rows=10322 width=121)
	  Recheck Cond: ((id >= 7290605) AND (id <= 7300604))
	  ->  Bitmap Index Scan on sbtest2_pkey  (cost=0.00..327.66 rows=10322 width=0)
	        Index Cond: ((id >= 7290605) AND (id <= 7300604))

table 3 : explain SELECT c FROM sbtest3 WHERE id BETWEEN 9014091 AND 9024090
	Bitmap Heap Scan on sbtest3  (cost=302.74..33215.11 rows=9591 width=121)
	  Recheck Cond: ((id >= 9014091) AND (id <= 9024090))
	  ->  Bitmap Index Scan on sbtest3_pkey  (cost=0.00..300.34 rows=9591 width=0)
	        Index Cond: ((id >= 9014091) AND (id <= 9024090))

table 4 : explain SELECT c FROM sbtest4 WHERE id BETWEEN 1492834 AND 1502833
	Bitmap Heap Scan on sbtest4  (cost=346.88..36977.42 rows=10775 width=121)
	  Recheck Cond: ((id >= 1492834) AND (id <= 1502833))
	  ->  Bitmap Index Scan on sbtest4_pkey  (cost=0.00..344.19 rows=10775 width=0)
	        Index Cond: ((id >= 1492834) AND (id <= 1502833))

table 5 : explain SELECT c FROM sbtest5 WHERE id BETWEEN 6484315 AND 6494314
	Bitmap Heap Scan on sbtest5  (cost=306.20..33146.03 rows=9538 width=121)
	  Recheck Cond: ((id >= 6484315) AND (id <= 6494314))
	  ->  Bitmap Index Scan on sbtest5_pkey  (cost=0.00..303.81 rows=9538 width=0)
	        Index Cond: ((id >= 6484315) AND (id <= 6494314))

table 6 : explain SELECT c FROM sbtest6 WHERE id BETWEEN 4619808 AND 4629807
	Bitmap Heap Scan on sbtest6  (cost=318.51..34429.16 rows=9959 width=121)
	  Recheck Cond: ((id >= 4619808) AND (id <= 4629807))
	  ->  Bitmap Index Scan on sbtest6_pkey  (cost=0.00..316.03 rows=9959 width=0)
	        Index Cond: ((id >= 4619808) AND (id <= 4629807))

table 7 : explain SELECT c FROM sbtest7 WHERE id BETWEEN 6585549 AND 6595548
	Bitmap Heap Scan on sbtest7  (cost=301.04..32773.23 rows=9425 width=121)
	  Recheck Cond: ((id >= 6585549) AND (id <= 6595548))
	  ->  Bitmap Index Scan on sbtest7_pkey  (cost=0.00..298.69 rows=9425 width=0)
	        Index Cond: ((id >= 6585549) AND (id <= 6595548))

table 8 : explain SELECT c FROM sbtest8 WHERE id BETWEEN 6117637 AND 6127636
	Bitmap Heap Scan on sbtest8  (cost=331.28..35939.70 rows=10424 width=121)
	  Recheck Cond: ((id >= 6117637) AND (id <= 6127636))
	  ->  Bitmap Index Scan on sbtest8_pkey  (cost=0.00..328.68 rows=10424 width=0)
	        Index Cond: ((id >= 6117637) AND (id <= 6127636))

for: simple_ranges
table 1 : explain SELECT c FROM sbtest1 WHERE id BETWEEN 1709557 AND 1719556
	Bitmap Heap Scan on sbtest1  (cost=284.37..31439.10 rows=8969 width=121)
	  Recheck Cond: ((id >= 1709557) AND (id <= 1719556))
	  ->  Bitmap Index Scan on sbtest1_pkey  (cost=0.00..282.12 rows=8969 width=0)
	        Index Cond: ((id >= 1709557) AND (id <= 1719556))

table 2 : explain SELECT c FROM sbtest2 WHERE id BETWEEN 5157927 AND 5167926
	Bitmap Heap Scan on sbtest2  (cost=299.71..32298.03 rows=9295 width=121)
	  Recheck Cond: ((id >= 5157927) AND (id <= 5167926))
	  ->  Bitmap Index Scan on sbtest2_pkey  (cost=0.00..297.38 rows=9295 width=0)
	        Index Cond: ((id >= 5157927) AND (id <= 5167926))

table 3 : explain SELECT c FROM sbtest3 WHERE id BETWEEN 6588374 AND 6598373
	Bitmap Heap Scan on sbtest3  (cost=325.97..35428.75 rows=10296 width=121)
	  Recheck Cond: ((id >= 6588374) AND (id <= 6598373))
	  ->  Bitmap Index Scan on sbtest3_pkey  (cost=0.00..323.40 rows=10296 width=0)
	        Index Cond: ((id >= 6588374) AND (id <= 6598373))

table 4 : explain SELECT c FROM sbtest4 WHERE id BETWEEN 1604134 AND 1614133
	Bitmap Heap Scan on sbtest4  (cost=305.47..32876.55 rows=9467 width=121)
	  Recheck Cond: ((id >= 1604134) AND (id <= 1614133))
	  ->  Bitmap Index Scan on sbtest4_pkey  (cost=0.00..303.11 rows=9467 width=0)
	        Index Cond: ((id >= 1604134) AND (id <= 1614133))

table 5 : explain SELECT c FROM sbtest5 WHERE id BETWEEN 5809267 AND 5819266
	Bitmap Heap Scan on sbtest5  (cost=302.00..33083.58 rows=9519 width=121)
	  Recheck Cond: ((id >= 5809267) AND (id <= 5819266))
	  ->  Bitmap Index Scan on sbtest5_pkey  (cost=0.00..299.62 rows=9519 width=0)
	        Index Cond: ((id >= 5809267) AND (id <= 5819266))

table 6 : explain SELECT c FROM sbtest6 WHERE id BETWEEN 569219 AND 579218
	Bitmap Heap Scan on sbtest6  (cost=277.38..30361.85 rows=8678 width=121)
	  Recheck Cond: ((id >= 569219) AND (id <= 579218))
	  ->  Bitmap Index Scan on sbtest6_pkey  (cost=0.00..275.21 rows=8678 width=0)
	        Index Cond: ((id >= 569219) AND (id <= 579218))

table 7 : explain SELECT c FROM sbtest7 WHERE id BETWEEN 8024104 AND 8034103
	Bitmap Heap Scan on sbtest7  (cost=325.46..35362.46 rows=10246 width=121)
	  Recheck Cond: ((id >= 8024104) AND (id <= 8034103))
	  ->  Bitmap Index Scan on sbtest7_pkey  (cost=0.00..322.90 rows=10246 width=0)
	        Index Cond: ((id >= 8024104) AND (id <= 8034103))

table 8 : explain SELECT c FROM sbtest8 WHERE id BETWEEN 2360361 AND 2370360
	Bitmap Heap Scan on sbtest8  (cost=319.31..34724.34 rows=10037 width=121)
	  Recheck Cond: ((id >= 2360361) AND (id <= 2370360))
	  ->  Bitmap Index Scan on sbtest8_pkey  (cost=0.00..316.81 rows=10037 width=0)
	        Index Cond: ((id >= 2360361) AND (id <= 2370360))

for: order_ranges
table 1 : explain SELECT c FROM sbtest1 WHERE id BETWEEN 7879068 AND 7889067 ORDER BY c
	Sort  (cost=35068.69..35093.44 rows=9899 width=121)
	  Sort Key: c
	  ->  Bitmap Heap Scan on sbtest1  (cost=313.90..34411.74 rows=9899 width=121)
	        Recheck Cond: ((id >= 7879068) AND (id <= 7889067))
	        ->  Bitmap Index Scan on sbtest1_pkey  (cost=0.00..311.43 rows=9899 width=0)
	              Index Cond: ((id >= 7879068) AND (id <= 7889067))

table 2 : explain SELECT c FROM sbtest2 WHERE id BETWEEN 575453 AND 585452 ORDER BY c
	Sort  (cost=32477.94..32500.85 rows=9162 width=121)
	  Sort Key: c
	  ->  Bitmap Heap Scan on sbtest2  (cost=294.35..31875.02 rows=9162 width=121)
	        Recheck Cond: ((id >= 575453) AND (id <= 585452))
	        ->  Bitmap Index Scan on sbtest2_pkey  (cost=0.00..292.06 rows=9162 width=0)
	              Index Cond: ((id >= 575453) AND (id <= 585452))

table 3 : explain SELECT c FROM sbtest3 WHERE id BETWEEN 3482893 AND 3492892 ORDER BY c
	Sort  (cost=36092.03..36117.75 rows=10289 width=121)
	  Sort Key: c
	  ->  Bitmap Heap Scan on sbtest3  (cost=325.90..35406.33 rows=10289 width=121)
	        Recheck Cond: ((id >= 3482893) AND (id <= 3492892))
	        ->  Bitmap Index Scan on sbtest3_pkey  (cost=0.00..323.32 rows=10289 width=0)
	              Index Cond: ((id >= 3482893) AND (id <= 3492892))

table 4 : explain SELECT c FROM sbtest4 WHERE id BETWEEN 9074098 AND 9084097 ORDER BY c
	Sort  (cost=31768.52..31790.85 rows=8934 width=121)
	  Sort Key: c
	  ->  Bitmap Heap Scan on sbtest4  (cost=288.01..31182.22 rows=8934 width=121)
	        Recheck Cond: ((id >= 9074098) AND (id <= 9084097))
	        ->  Bitmap Index Scan on sbtest4_pkey  (cost=0.00..285.78 rows=8934 width=0)
	              Index Cond: ((id >= 9074098) AND (id <= 9084097))

table 5 : explain SELECT c FROM sbtest5 WHERE id BETWEEN 1597095 AND 1607094 ORDER BY c
	Sort  (cost=34270.93..34295.15 rows=9691 width=121)
	  Sort Key: c
	  ->  Bitmap Heap Scan on sbtest5  (cost=307.77..33629.26 rows=9691 width=121)
	        Recheck Cond: ((id >= 1597095) AND (id <= 1607094))
	        ->  Bitmap Index Scan on sbtest5_pkey  (cost=0.00..305.34 rows=9691 width=0)
	              Index Cond: ((id >= 1597095) AND (id <= 1607094))

table 6 : explain SELECT c FROM sbtest6 WHERE id BETWEEN 1882792 AND 1892791 ORDER BY c
	Sort  (cost=34931.35..34956.12 rows=9910 width=121)
	  Sort Key: c
	  ->  Bitmap Heap Scan on sbtest6  (cost=314.01..34273.59 rows=9910 width=121)
	        Recheck Cond: ((id >= 1882792) AND (id <= 1892791))
	        ->  Bitmap Index Scan on sbtest6_pkey  (cost=0.00..311.54 rows=9910 width=0)
	              Index Cond: ((id >= 1882792) AND (id <= 1892791))

table 7 : explain SELECT c FROM sbtest7 WHERE id BETWEEN 7957599 AND 7967598 ORDER BY c
	Sort  (cost=37849.13..37876.16 rows=10811 width=121)
	  Sort Key: c
	  ->  Bitmap Heap Scan on sbtest7  (cost=343.25..37124.78 rows=10811 width=121)
	        Recheck Cond: ((id >= 7957599) AND (id <= 7967598))
	        ->  Bitmap Index Scan on sbtest7_pkey  (cost=0.00..340.55 rows=10811 width=0)
	              Index Cond: ((id >= 7957599) AND (id <= 7967598))

table 8 : explain SELECT c FROM sbtest8 WHERE id BETWEEN 4066542 AND 4076541 ORDER BY c
	Sort  (cost=35199.09..35224.03 rows=9978 width=121)
	  Sort Key: c
	  ->  Bitmap Heap Scan on sbtest8  (cost=314.71..34536.32 rows=9978 width=121)
	        Recheck Cond: ((id >= 4066542) AND (id <= 4076541))
	        ->  Bitmap Index Scan on sbtest8_pkey  (cost=0.00..312.21 rows=9978 width=0)
	              Index Cond: ((id >= 4066542) AND (id <= 4076541))

for: order_ranges
table 1 : explain SELECT c FROM sbtest1 WHERE id BETWEEN 8055933 AND 8065932 ORDER BY c
	Sort  (cost=37309.67..37336.15 rows=10593 width=121)
	  Sort Key: c
	  ->  Bitmap Heap Scan on sbtest1  (cost=337.01..36601.48 rows=10593 width=121)
	        Recheck Cond: ((id >= 8055933) AND (id <= 8065932))
	        ->  Bitmap Index Scan on sbtest1_pkey  (cost=0.00..334.37 rows=10593 width=0)
	              Index Cond: ((id >= 8055933) AND (id <= 8065932))

table 2 : explain SELECT c FROM sbtest2 WHERE id BETWEEN 1960199 AND 1970198 ORDER BY c
	Sort  (cost=35461.69..35486.91 rows=10087 width=121)
	  Sort Key: c
	  ->  Bitmap Heap Scan on sbtest2  (cost=323.83..34790.90 rows=10087 width=121)
	        Recheck Cond: ((id >= 1960199) AND (id <= 1970198))
	        ->  Bitmap Index Scan on sbtest2_pkey  (cost=0.00..321.31 rows=10087 width=0)
	              Index Cond: ((id >= 1960199) AND (id <= 1970198))

table 3 : explain SELECT c FROM sbtest3 WHERE id BETWEEN 4347975 AND 4357974 ORDER BY c
	Sort  (cost=32808.15..32831.32 rows=9268 width=121)
	  Sort Key: c
	  ->  Bitmap Heap Scan on sbtest3  (cost=295.43..32197.48 rows=9268 width=121)
	        Recheck Cond: ((id >= 4347975) AND (id <= 4357974))
	        ->  Bitmap Index Scan on sbtest3_pkey  (cost=0.00..293.12 rows=9268 width=0)
	              Index Cond: ((id >= 4347975) AND (id <= 4357974))

table 4 : explain SELECT c FROM sbtest4 WHERE id BETWEEN 4586780 AND 4596779 ORDER BY c
	Sort  (cost=36898.93..36925.24 rows=10524 width=121)
	  Sort Key: c
	  ->  Bitmap Heap Scan on sbtest4  (cost=336.31..36195.85 rows=10524 width=121)
	        Recheck Cond: ((id >= 4586780) AND (id <= 4596779))
	        ->  Bitmap Index Scan on sbtest4_pkey  (cost=0.00..333.68 rows=10524 width=0)
	              Index Cond: ((id >= 4586780) AND (id <= 4596779))

table 5 : explain SELECT c FROM sbtest5 WHERE id BETWEEN 8616734 AND 8626733 ORDER BY c
	Sort  (cost=35374.37..35399.45 rows=10033 width=121)
	  Sort Key: c
	  ->  Bitmap Heap Scan on sbtest5  (cost=319.27..34707.55 rows=10033 width=121)
	        Recheck Cond: ((id >= 8616734) AND (id <= 8626733))
	        ->  Bitmap Index Scan on sbtest5_pkey  (cost=0.00..316.76 rows=10033 width=0)
	              Index Cond: ((id >= 8616734) AND (id <= 8626733))

table 6 : explain SELECT c FROM sbtest6 WHERE id BETWEEN 134872 AND 144871 ORDER BY c
	Sort  (cost=36855.68..36881.96 rows=10510 width=121)
	  Sort Key: c
	  ->  Bitmap Heap Scan on sbtest6  (cost=336.16..36153.64 rows=10510 width=121)
	        Recheck Cond: ((id >= 134872) AND (id <= 144871))
	        ->  Bitmap Index Scan on sbtest6_pkey  (cost=0.00..333.54 rows=10510 width=0)
	              Index Cond: ((id >= 134872) AND (id <= 144871))

table 7 : explain SELECT c FROM sbtest7 WHERE id BETWEEN 307142 AND 317141 ORDER BY c
	Sort  (cost=35007.73..35032.54 rows=9924 width=121)
	  Sort Key: c
	  ->  Bitmap Heap Scan on sbtest7  (cost=314.16..34348.94 rows=9924 width=121)
	        Recheck Cond: ((id >= 307142) AND (id <= 317141))
	        ->  Bitmap Index Scan on sbtest7_pkey  (cost=0.00..311.68 rows=9924 width=0)
	              Index Cond: ((id >= 307142) AND (id <= 317141))

table 8 : explain SELECT c FROM sbtest8 WHERE id BETWEEN 1556711 AND 1566710 ORDER BY c
	Sort  (cost=35516.92..35542.11 rows=10076 width=121)
	  Sort Key: c
	  ->  Bitmap Heap Scan on sbtest8  (cost=319.71..34846.94 rows=10076 width=121)
	        Recheck Cond: ((id >= 1556711) AND (id <= 1566710))
	        ->  Bitmap Index Scan on sbtest8_pkey  (cost=0.00..317.19 rows=10076 width=0)
	              Index Cond: ((id >= 1556711) AND (id <= 1566710))

for: simple_ranges
table 1 : explain SELECT c FROM sbtest1 WHERE id BETWEEN 3046386 AND 3056385
	Bitmap Heap Scan on sbtest1  (cost=284.44..31462.08 rows=8976 width=121)
	  Recheck Cond: ((id >= 3046386) AND (id <= 3056385))
	  ->  Bitmap Index Scan on sbtest1_pkey  (cost=0.00..282.19 rows=8976 width=0)
	        Index Cond: ((id >= 3046386) AND (id <= 3056385))

table 2 : explain SELECT c FROM sbtest2 WHERE id BETWEEN 8163450 AND 8173449
	Bitmap Heap Scan on sbtest2  (cost=329.91..35423.95 rows=10290 width=121)
	  Recheck Cond: ((id >= 8163450) AND (id <= 8173449))
	  ->  Bitmap Index Scan on sbtest2_pkey  (cost=0.00..327.33 rows=10290 width=0)
	        Index Cond: ((id >= 8163450) AND (id <= 8173449))

table 3 : explain SELECT c FROM sbtest3 WHERE id BETWEEN 1601396 AND 1611395
	Bitmap Heap Scan on sbtest3  (cost=330.97..35733.73 rows=10394 width=121)
	  Recheck Cond: ((id >= 1601396) AND (id <= 1611395))
	  ->  Bitmap Index Scan on sbtest3_pkey  (cost=0.00..328.38 rows=10394 width=0)
	        Index Cond: ((id >= 1601396) AND (id <= 1611395))

table 4 : explain SELECT c FROM sbtest4 WHERE id BETWEEN 7974102 AND 7984101
	Bitmap Heap Scan on sbtest4  (cost=340.56..36276.68 rows=10549 width=121)
	  Recheck Cond: ((id >= 7974102) AND (id <= 7984101))
	  ->  Bitmap Index Scan on sbtest4_pkey  (cost=0.00..337.93 rows=10549 width=0)
	        Index Cond: ((id >= 7974102) AND (id <= 7984101))

table 5 : explain SELECT c FROM sbtest5 WHERE id BETWEEN 598274 AND 608273
	Bitmap Heap Scan on sbtest5  (cost=331.44..35983.78 rows=10440 width=121)
	  Recheck Cond: ((id >= 598274) AND (id <= 608273))
	  ->  Bitmap Index Scan on sbtest5_pkey  (cost=0.00..328.83 rows=10440 width=0)
	        Index Cond: ((id >= 598274) AND (id <= 608273))

table 6 : explain SELECT c FROM sbtest6 WHERE id BETWEEN 4554222 AND 4564221
	Bitmap Heap Scan on sbtest6  (cost=313.47..34105.82 rows=9857 width=121)
	  Recheck Cond: ((id >= 4554222) AND (id <= 4564221))
	  ->  Bitmap Index Scan on sbtest6_pkey  (cost=0.00..311.00 rows=9857 width=0)
	        Index Cond: ((id >= 4554222) AND (id <= 4564221))

table 7 : explain SELECT c FROM sbtest7 WHERE id BETWEEN 702595 AND 712594
	Bitmap Heap Scan on sbtest7  (cost=330.85..35787.50 rows=10382 width=121)
	  Recheck Cond: ((id >= 702595) AND (id <= 712594))
	  ->  Bitmap Index Scan on sbtest7_pkey  (cost=0.00..328.25 rows=10382 width=0)
	        Index Cond: ((id >= 702595) AND (id <= 712594))

table 8 : explain SELECT c FROM sbtest8 WHERE id BETWEEN 6876580 AND 6886579
	Bitmap Heap Scan on sbtest8  (cost=325.92..35521.00 rows=10291 width=121)
	  Recheck Cond: ((id >= 6876580) AND (id <= 6886579))
	  ->  Bitmap Index Scan on sbtest8_pkey  (cost=0.00..323.34 rows=10291 width=0)
	        Index Cond: ((id >= 6876580) AND (id <= 6886579))

for: sum_ranges
table 1 : explain SELECT SUM(k) FROM sbtest1 WHERE id BETWEEN 8017049 AND 8027048
	Aggregate  (cost=36627.97..36627.98 rows=1 width=8)
	  ->  Bitmap Heap Scan on sbtest1  (cost=337.01..36601.48 rows=10593 width=4)
	        Recheck Cond: ((id >= 8017049) AND (id <= 8027048))
	        ->  Bitmap Index Scan on sbtest1_pkey  (cost=0.00..334.37 rows=10593 width=0)
	              Index Cond: ((id >= 8017049) AND (id <= 8027048))

table 2 : explain SELECT SUM(k) FROM sbtest2 WHERE id BETWEEN 1311517 AND 1321516
	Aggregate  (cost=32350.52..32350.53 rows=1 width=8)
	  ->  Bitmap Heap Scan on sbtest2  (cost=299.81..32327.25 rows=9305 width=4)
	        Recheck Cond: ((id >= 1311517) AND (id <= 1321516))
	        ->  Bitmap Index Scan on sbtest2_pkey  (cost=0.00..297.49 rows=9305 width=0)
	              Index Cond: ((id >= 1311517) AND (id <= 1321516))

table 3 : explain SELECT SUM(k) FROM sbtest3 WHERE id BETWEEN 535634 AND 545633
	Aggregate  (cost=35268.48..35268.49 rows=1 width=8)
	  ->  Bitmap Heap Scan on sbtest3  (cost=325.36..35242.89 rows=10237 width=4)
	        Recheck Cond: ((id >= 535634) AND (id <= 545633))
	        ->  Bitmap Index Scan on sbtest3_pkey  (cost=0.00..322.81 rows=10237 width=0)
	              Index Cond: ((id >= 535634) AND (id <= 545633))

table 4 : explain SELECT SUM(k) FROM sbtest4 WHERE id BETWEEN 2899397 AND 2909396
	Aggregate  (cost=37898.04..37898.05 rows=1 width=8)
	  ->  Bitmap Heap Scan on sbtest4  (cost=353.84..37870.38 rows=11064 width=4)
	        Recheck Cond: ((id >= 2899397) AND (id <= 2909396))
	        ->  Bitmap Index Scan on sbtest4_pkey  (cost=0.00..351.07 rows=11064 width=0)
	              Index Cond: ((id >= 2899397) AND (id <= 2909396))

table 5 : explain SELECT SUM(k) FROM sbtest5 WHERE id BETWEEN 2157559 AND 2167558
	Aggregate  (cost=35404.25..35404.26 rows=1 width=8)
	  ->  Bitmap Heap Scan on sbtest5  (cost=325.47..35378.63 rows=10247 width=4)
	        Recheck Cond: ((id >= 2157559) AND (id <= 2167558))
	        ->  Bitmap Index Scan on sbtest5_pkey  (cost=0.00..322.91 rows=10247 width=0)
	              Index Cond: ((id >= 2157559) AND (id <= 2167558))

table 6 : explain SELECT SUM(k) FROM sbtest6 WHERE id BETWEEN 1210155 AND 1220154
	Aggregate  (cost=30169.60..30169.61 rows=1 width=8)
	  ->  Bitmap Heap Scan on sbtest6  (cost=272.71..30148.07 rows=8612 width=4)
	        Recheck Cond: ((id >= 1210155) AND (id <= 1220154))
	        ->  Bitmap Index Scan on sbtest6_pkey  (cost=0.00..270.56 rows=8612 width=0)
	              Index Cond: ((id >= 1210155) AND (id <= 1220154))

table 7 : explain SELECT SUM(k) FROM sbtest7 WHERE id BETWEEN 8019736 AND 8029735
	Aggregate  (cost=35388.07..35388.08 rows=1 width=8)
	  ->  Bitmap Heap Scan on sbtest7  (cost=325.46..35362.46 rows=10246 width=4)
	        Recheck Cond: ((id >= 8019736) AND (id <= 8029735))
	        ->  Bitmap Index Scan on sbtest7_pkey  (cost=0.00..322.90 rows=10246 width=0)
	              Index Cond: ((id >= 8019736) AND (id <= 8029735))

table 8 : explain SELECT SUM(k) FROM sbtest8 WHERE id BETWEEN 8856840 AND 8866839
	Aggregate  (cost=34580.65..34580.66 rows=1 width=8)
	  ->  Bitmap Heap Scan on sbtest8  (cost=314.77..34555.69 rows=9984 width=4)
	        Recheck Cond: ((id >= 8856840) AND (id <= 8866839))
	        ->  Bitmap Index Scan on sbtest8_pkey  (cost=0.00..312.28 rows=9984 width=0)
	              Index Cond: ((id >= 8856840) AND (id <= 8866839))

for: sum_ranges
table 1 : explain SELECT SUM(k) FROM sbtest1 WHERE id BETWEEN 6712515 AND 6722514
	Aggregate  (cost=39553.52..39553.53 rows=1 width=8)
	  ->  Bitmap Heap Scan on sbtest1  (cost=366.62..39524.69 rows=11530 width=4)
	        Recheck Cond: ((id >= 6712515) AND (id <= 6722514))
	        ->  Bitmap Index Scan on sbtest1_pkey  (cost=0.00..363.74 rows=11530 width=0)
	              Index Cond: ((id >= 6712515) AND (id <= 6722514))

table 2 : explain SELECT SUM(k) FROM sbtest2 WHERE id BETWEEN 2659464 AND 2669463
	Aggregate  (cost=34355.02..34355.03 rows=1 width=8)
	  ->  Bitmap Heap Scan on sbtest2  (cost=318.32..34330.17 rows=9940 width=4)
	        Recheck Cond: ((id >= 2659464) AND (id <= 2669463))
	        ->  Bitmap Index Scan on sbtest2_pkey  (cost=0.00..315.83 rows=9940 width=0)
	              Index Cond: ((id >= 2659464) AND (id <= 2669463))

table 3 : explain SELECT SUM(k) FROM sbtest3 WHERE id BETWEEN 6077597 AND 6087596
	Aggregate  (cost=35101.58..35101.59 rows=1 width=8)
	  ->  Bitmap Heap Scan on sbtest3  (cost=324.81..35076.12 rows=10183 width=4)
	        Recheck Cond: ((id >= 6077597) AND (id <= 6087596))
	        ->  Bitmap Index Scan on sbtest3_pkey  (cost=0.00..322.26 rows=10183 width=0)
	              Index Cond: ((id >= 6077597) AND (id <= 6087596))

table 4 : explain SELECT SUM(k) FROM sbtest4 WHERE id BETWEEN 1601230 AND 1611229
	Aggregate  (cost=33698.13..33698.14 rows=1 width=8)
	  ->  Bitmap Heap Scan on sbtest4  (cost=312.05..33673.83 rows=9719 width=4)
	        Recheck Cond: ((id >= 1601230) AND (id <= 1611229))
	        ->  Bitmap Index Scan on sbtest4_pkey  (cost=0.00..309.62 rows=9719 width=0)
	              Index Cond: ((id >= 1601230) AND (id <= 1611229))

table 5 : explain SELECT SUM(k) FROM sbtest5 WHERE id BETWEEN 6758273 AND 6768272
	Aggregate  (cost=36864.88..36864.89 rows=1 width=8)
	  ->  Bitmap Heap Scan on sbtest5  (cost=342.24..36838.10 rows=10713 width=4)
	        Recheck Cond: ((id >= 6758273) AND (id <= 6768272))
	        ->  Bitmap Index Scan on sbtest5_pkey  (cost=0.00..339.56 rows=10713 width=0)
	              Index Cond: ((id >= 6758273) AND (id <= 6768272))

table 6 : explain SELECT SUM(k) FROM sbtest6 WHERE id BETWEEN 7259015 AND 7269014
	Aggregate  (cost=31349.61..31349.62 rows=1 width=8)
	  ->  Bitmap Heap Scan on sbtest6  (cost=284.48..31327.16 rows=8980 width=4)
	        Recheck Cond: ((id >= 7259015) AND (id <= 7269014))
	        ->  Bitmap Index Scan on sbtest6_pkey  (cost=0.00..282.24 rows=8980 width=0)
	              Index Cond: ((id >= 7259015) AND (id <= 7269014))

table 7 : explain SELECT SUM(k) FROM sbtest7 WHERE id BETWEEN 2519644 AND 2529643
	Aggregate  (cost=34613.55..34613.56 rows=1 width=8)
	  ->  Bitmap Heap Scan on sbtest7  (cost=318.92..34588.55 rows=9999 width=4)
	        Recheck Cond: ((id >= 2519644) AND (id <= 2529643))
	        ->  Bitmap Index Scan on sbtest7_pkey  (cost=0.00..316.43 rows=9999 width=0)
	              Index Cond: ((id >= 2519644) AND (id <= 2529643))

table 8 : explain SELECT SUM(k) FROM sbtest8 WHERE id BETWEEN 4261156 AND 4271155
	Aggregate  (cost=35395.34..35395.35 rows=1 width=8)
	  ->  Bitmap Heap Scan on sbtest8  (cost=325.42..35369.74 rows=10242 width=4)
	        Recheck Cond: ((id >= 4261156) AND (id <= 4271155))
	        ->  Bitmap Index Scan on sbtest8_pkey  (cost=0.00..322.86 rows=10242 width=0)
	              Index Cond: ((id >= 4261156) AND (id <= 4271155))

for: distinct_ranges
table 1 : explain SELECT DISTINCT c FROM sbtest1 WHERE id BETWEEN 2234879 AND 2244878 ORDER BY c
	Unique  (cost=34312.61..34360.95 rows=9667 width=121)
	  ->  Sort  (cost=34312.61..34336.78 rows=9667 width=121)
	        Sort Key: c
	        ->  Bitmap Heap Scan on sbtest1  (cost=307.52..33672.71 rows=9667 width=121)
	              Recheck Cond: ((id >= 2234879) AND (id <= 2244878))
	              ->  Bitmap Index Scan on sbtest1_pkey  (cost=0.00..305.11 rows=9667 width=0)
	                    Index Cond: ((id >= 2234879) AND (id <= 2244878))

table 2 : explain SELECT DISTINCT c FROM sbtest2 WHERE id BETWEEN 389405 AND 399404 ORDER BY c
	Unique  (cost=35369.56..35419.85 rows=10058 width=121)
	  ->  Sort  (cost=35369.56..35394.71 rows=10058 width=121)
	        Sort Key: c
	        ->  Bitmap Heap Scan on sbtest2  (cost=323.53..34700.90 rows=10058 width=121)
	              Recheck Cond: ((id >= 389405) AND (id <= 399404))
	              ->  Bitmap Index Scan on sbtest2_pkey  (cost=0.00..321.01 rows=10058 width=0)
	                    Index Cond: ((id >= 389405) AND (id <= 399404))

table 3 : explain SELECT DISTINCT c FROM sbtest3 WHERE id BETWEEN 889672 AND 899671 ORDER BY c
	Unique  (cost=33445.60..33492.92 rows=9465 width=121)
	  ->  Sort  (cost=33445.60..33469.26 rows=9465 width=121)
	        Sort Key: c
	        ->  Bitmap Heap Scan on sbtest3  (cost=301.45..32820.51 rows=9465 width=121)
	              Recheck Cond: ((id >= 889672) AND (id <= 899671))
	              ->  Bitmap Index Scan on sbtest3_pkey  (cost=0.00..299.08 rows=9465 width=0)
	                    Index Cond: ((id >= 889672) AND (id <= 899671))

table 4 : explain SELECT DISTINCT c FROM sbtest4 WHERE id BETWEEN 7266866 AND 7276865 ORDER BY c
	Unique  (cost=36419.95..36471.81 rows=10373 width=121)
	  ->  Sort  (cost=36419.95..36445.88 rows=10373 width=121)
	        Sort Key: c
	        ->  Bitmap Heap Scan on sbtest4  (cost=334.76..35728.04 rows=10373 width=121)
	              Recheck Cond: ((id >= 7266866) AND (id <= 7276865))
	              ->  Bitmap Index Scan on sbtest4_pkey  (cost=0.00..332.17 rows=10373 width=0)
	                    Index Cond: ((id >= 7266866) AND (id <= 7276865))

table 5 : explain SELECT DISTINCT c FROM sbtest5 WHERE id BETWEEN 7128476 AND 7138475 ORDER BY c
	Unique  (cost=37908.93..37963.06 rows=10825 width=121)
	  ->  Sort  (cost=37908.93..37935.99 rows=10825 width=121)
	        Sort Key: c
	        ->  Bitmap Heap Scan on sbtest5  (cost=343.39..37183.54 rows=10825 width=121)
	              Recheck Cond: ((id >= 7128476) AND (id <= 7138475))
	              ->  Bitmap Index Scan on sbtest5_pkey  (cost=0.00..340.69 rows=10825 width=0)
	                    Index Cond: ((id >= 7128476) AND (id <= 7138475))

table 6 : explain SELECT DISTINCT c FROM sbtest6 WHERE id BETWEEN 9249020 AND 9259019 ORDER BY c
	Unique  (cost=32361.13..32406.71 rows=9116 width=121)
	  ->  Sort  (cost=32361.13..32383.92 rows=9116 width=121)
	        Sort Key: c
	        ->  Bitmap Heap Scan on sbtest6  (cost=289.87..31761.56 rows=9116 width=121)
	              Recheck Cond: ((id >= 9249020) AND (id <= 9259019))
	              ->  Bitmap Index Scan on sbtest6_pkey  (cost=0.00..287.59 rows=9116 width=0)
	                    Index Cond: ((id >= 9249020) AND (id <= 9259019))

table 7 : explain SELECT DISTINCT c FROM sbtest7 WHERE id BETWEEN 5371676 AND 5381675 ORDER BY c
	Unique  (cost=37219.49..37272.55 rows=10613 width=121)
	  ->  Sort  (cost=37219.49..37246.02 rows=10613 width=121)
	        Sort Key: c
	        ->  Bitmap Heap Scan on sbtest7  (cost=337.22..36509.82 rows=10613 width=121)
	              Recheck Cond: ((id >= 5371676) AND (id <= 5381675))
	              ->  Bitmap Index Scan on sbtest7_pkey  (cost=0.00..334.56 rows=10613 width=0)
	                    Index Cond: ((id >= 5371676) AND (id <= 5381675))

table 8 : explain SELECT DISTINCT c FROM sbtest8 WHERE id BETWEEN 3672598 AND 3682597 ORDER BY c
	Unique  (cost=35119.72..35169.48 rows=9953 width=121)
	  ->  Sort  (cost=35119.72..35144.60 rows=9953 width=121)
	        Sort Key: c
	        ->  Bitmap Heap Scan on sbtest8  (cost=314.45..34458.79 rows=9953 width=121)
	              Recheck Cond: ((id >= 3672598) AND (id <= 3682597))
	              ->  Bitmap Index Scan on sbtest8_pkey  (cost=0.00..311.96 rows=9953 width=0)
	                    Index Cond: ((id >= 3672598) AND (id <= 3682597))

for: sum_ranges
table 1 : explain SELECT SUM(k) FROM sbtest1 WHERE id BETWEEN 4843062 AND 4853061
	Aggregate  (cost=33180.62..33180.63 rows=1 width=8)
	  ->  Bitmap Heap Scan on sbtest1  (cost=301.86..33156.86 rows=9505 width=4)
	        Recheck Cond: ((id >= 4843062) AND (id <= 4853061))
	        ->  Bitmap Index Scan on sbtest1_pkey  (cost=0.00..299.49 rows=9505 width=0)
	              Index Cond: ((id >= 4843062) AND (id <= 4853061))

table 2 : explain SELECT SUM(k) FROM sbtest2 WHERE id BETWEEN 6304777 AND 6314776
	Aggregate  (cost=33489.35..33489.36 rows=1 width=8)
	  ->  Bitmap Heap Scan on sbtest2  (cost=311.50..33465.18 rows=9665 width=4)
	        Recheck Cond: ((id >= 6304777) AND (id <= 6314776))
	        ->  Bitmap Index Scan on sbtest2_pkey  (cost=0.00..309.08 rows=9665 width=0)
	              Index Cond: ((id >= 6304777) AND (id <= 6314776))

table 3 : explain SELECT SUM(k) FROM sbtest3 WHERE id BETWEEN 8310794 AND 8320793
	Aggregate  (cost=35339.04..35339.05 rows=1 width=8)
	  ->  Bitmap Heap Scan on sbtest3  (cost=325.59..35313.40 rows=10259 width=4)
	        Recheck Cond: ((id >= 8310794) AND (id <= 8320793))
	        ->  Bitmap Index Scan on sbtest3_pkey  (cost=0.00..323.03 rows=10259 width=0)
	              Index Cond: ((id >= 8310794) AND (id <= 8320793))

table 4 : explain SELECT SUM(k) FROM sbtest4 WHERE id BETWEEN 1387011 AND 1397010
	Aggregate  (cost=33010.54..33010.55 rows=1 width=8)
	  ->  Bitmap Heap Scan on sbtest4  (cost=305.83..32986.79 rows=9502 width=4)
	        Recheck Cond: ((id >= 1387011) AND (id <= 1397010))
	        ->  Bitmap Index Scan on sbtest4_pkey  (cost=0.00..303.45 rows=9502 width=0)
	              Index Cond: ((id >= 1387011) AND (id <= 1397010))

table 5 : explain SELECT SUM(k) FROM sbtest5 WHERE id BETWEEN 1547674 AND 1557673
	Aggregate  (cost=33543.21..33543.22 rows=1 width=8)
	  ->  Bitmap Heap Scan on sbtest5  (cost=307.41..33519.07 rows=9656 width=4)
	        Recheck Cond: ((id >= 1547674) AND (id <= 1557673))
	        ->  Bitmap Index Scan on sbtest5_pkey  (cost=0.00..305.00 rows=9656 width=0)
	              Index Cond: ((id >= 1547674) AND (id <= 1557673))

table 6 : explain SELECT SUM(k) FROM sbtest6 WHERE id BETWEEN 6366309 AND 6376308
	Aggregate  (cost=33531.38..33531.39 rows=1 width=8)
	  ->  Bitmap Heap Scan on sbtest6  (cost=307.52..33507.21 rows=9667 width=4)
	        Recheck Cond: ((id >= 6366309) AND (id <= 6376308))
	        ->  Bitmap Index Scan on sbtest6_pkey  (cost=0.00..305.11 rows=9667 width=0)
	              Index Cond: ((id >= 6366309) AND (id <= 6376308))

table 7 : explain SELECT SUM(k) FROM sbtest7 WHERE id BETWEEN 2412620 AND 2422619
	Aggregate  (cost=33950.05..33950.06 rows=1 width=8)
	  ->  Bitmap Heap Scan on sbtest7  (cost=312.77..33925.58 rows=9789 width=4)
	        Recheck Cond: ((id >= 2412620) AND (id <= 2422619))
	        ->  Bitmap Index Scan on sbtest7_pkey  (cost=0.00..310.32 rows=9789 width=0)
	              Index Cond: ((id >= 2412620) AND (id <= 2422619))

table 8 : explain SELECT SUM(k) FROM sbtest8 WHERE id BETWEEN 4593416 AND 4603415
	Aggregate  (cost=34464.28..34464.29 rows=1 width=8)
	  ->  Bitmap Heap Scan on sbtest8  (cost=314.39..34439.42 rows=9947 width=4)
	        Recheck Cond: ((id >= 4593416) AND (id <= 4603415))
	        ->  Bitmap Index Scan on sbtest8_pkey  (cost=0.00..311.91 rows=9947 width=0)
	              Index Cond: ((id >= 4593416) AND (id <= 4603415))

for: sum_ranges
table 1 : explain SELECT SUM(k) FROM sbtest1 WHERE id BETWEEN 1036911 AND 1046910
	Aggregate  (cost=37176.29..37176.30 rows=1 width=8)
	  ->  Bitmap Heap Scan on sbtest1  (cost=342.80..37149.37 rows=10767 width=4)
	        Recheck Cond: ((id >= 1036911) AND (id <= 1046910))
	        ->  Bitmap Index Scan on sbtest1_pkey  (cost=0.00..340.11 rows=10767 width=0)
	              Index Cond: ((id >= 1036911) AND (id <= 1046910))

table 2 : explain SELECT SUM(k) FROM sbtest2 WHERE id BETWEEN 1869564 AND 1879563
	Aggregate  (cost=34716.40..34716.41 rows=1 width=8)
	  ->  Bitmap Heap Scan on sbtest2  (cost=323.50..34691.26 rows=10055 width=4)
	        Recheck Cond: ((id >= 1869564) AND (id <= 1879563))
	        ->  Bitmap Index Scan on sbtest2_pkey  (cost=0.00..320.99 rows=10055 width=0)
	              Index Cond: ((id >= 1869564) AND (id <= 1879563))

table 3 : explain SELECT SUM(k) FROM sbtest3 WHERE id BETWEEN 8818414 AND 8828413
	Aggregate  (cost=34782.71..34782.72 rows=1 width=8)
	  ->  Bitmap Heap Scan on sbtest3  (cost=319.77..34757.51 rows=10081 width=4)
	        Recheck Cond: ((id >= 8818414) AND (id <= 8828413))
	        ->  Bitmap Index Scan on sbtest3_pkey  (cost=0.00..317.25 rows=10081 width=0)
	              Index Cond: ((id >= 8818414) AND (id <= 8828413))

table 4 : explain SELECT SUM(k) FROM sbtest4 WHERE id BETWEEN 2402239 AND 2412238
	Aggregate  (cost=35409.54..35409.55 rows=1 width=8)
	  ->  Bitmap Heap Scan on sbtest4  (cost=329.64..35383.88 rows=10264 width=4)
	        Recheck Cond: ((id >= 2402239) AND (id <= 2412238))
	        ->  Bitmap Index Scan on sbtest4_pkey  (cost=0.00..327.07 rows=10264 width=0)
	              Index Cond: ((id >= 2402239) AND (id <= 2412238))

table 5 : explain SELECT SUM(k) FROM sbtest5 WHERE id BETWEEN 3692504 AND 3702503
	Aggregate  (cost=36177.70..36177.71 rows=1 width=8)
	  ->  Bitmap Heap Scan on sbtest5  (cost=335.98..36151.47 rows=10492 width=4)
	        Recheck Cond: ((id >= 3692504) AND (id <= 3702503))
	        ->  Bitmap Index Scan on sbtest5_pkey  (cost=0.00..333.36 rows=10492 width=0)
	              Index Cond: ((id >= 3692504) AND (id <= 3702503))

table 6 : explain SELECT SUM(k) FROM sbtest6 WHERE id BETWEEN 5465176 AND 5475175
	Aggregate  (cost=34702.34..34702.35 rows=1 width=8)
	  ->  Bitmap Heap Scan on sbtest6  (cost=319.32..34677.25 rows=10038 width=4)
	        Recheck Cond: ((id >= 5465176) AND (id <= 5475175))
	        ->  Bitmap Index Scan on sbtest6_pkey  (cost=0.00..316.81 rows=10038 width=0)
	              Index Cond: ((id >= 5465176) AND (id <= 5475175))

table 7 : explain SELECT SUM(k) FROM sbtest7 WHERE id BETWEEN 9837243 AND 9847242
	Aggregate  (cost=36238.12..36238.13 rows=1 width=8)
	  ->  Bitmap Heap Scan on sbtest7  (cost=336.23..36211.83 rows=10517 width=4)
	        Recheck Cond: ((id >= 9837243) AND (id <= 9847242))
	        ->  Bitmap Index Scan on sbtest7_pkey  (cost=0.00..333.61 rows=10517 width=0)
	              Index Cond: ((id >= 9837243) AND (id <= 9847242))

table 8 : explain SELECT SUM(k) FROM sbtest8 WHERE id BETWEEN 5966272 AND 5976271
	Aggregate  (cost=30802.93..30802.94 rows=1 width=8)
	  ->  Bitmap Heap Scan on sbtest8  (cost=278.59..30780.94 rows=8796 width=4)
	        Recheck Cond: ((id >= 5966272) AND (id <= 5976271))
	        ->  Bitmap Index Scan on sbtest8_pkey  (cost=0.00..276.40 rows=8796 width=0)
	              Index Cond: ((id >= 5966272) AND (id <= 5976271))

for: distinct_ranges
table 1 : explain SELECT DISTINCT c FROM sbtest1 WHERE id BETWEEN 8427660 AND 8437659 ORDER BY c
	Unique  (cost=32636.03..32681.80 rows=9154 width=121)
	  ->  Sort  (cost=32636.03..32658.91 rows=9154 width=121)
	        Sort Key: c
	        ->  Bitmap Heap Scan on sbtest1  (cost=290.26..32033.68 rows=9154 width=121)
	              Recheck Cond: ((id >= 8427660) AND (id <= 8437659))
	              ->  Bitmap Index Scan on sbtest1_pkey  (cost=0.00..287.98 rows=9154 width=0)
	                    Index Cond: ((id >= 8427660) AND (id <= 8437659))

table 2 : explain SELECT DISTINCT c FROM sbtest2 WHERE id BETWEEN 9695152 AND 9705151 ORDER BY c
	Unique  (cost=34044.68..34092.92 rows=9647 width=121)
	  ->  Sort  (cost=34044.68..34068.80 rows=9647 width=121)
	        Sort Key: c
	        ->  Bitmap Heap Scan on sbtest2  (cost=307.32..33406.25 rows=9647 width=121)
	              Recheck Cond: ((id >= 9695152) AND (id <= 9705151))
	              ->  Bitmap Index Scan on sbtest2_pkey  (cost=0.00..304.91 rows=9647 width=0)
	                    Index Cond: ((id >= 9695152) AND (id <= 9705151))

table 3 : explain SELECT DISTINCT c FROM sbtest3 WHERE id BETWEEN 6361083 AND 6371082 ORDER BY c
	Unique  (cost=38065.15..38119.70 rows=10910 width=121)
	  ->  Sort  (cost=38065.15..38092.43 rows=10910 width=121)
	        Sort Key: c
	        ->  Bitmap Heap Scan on sbtest3  (cost=344.26..37333.45 rows=10910 width=121)
	              Recheck Cond: ((id >= 6361083) AND (id <= 6371082))
	              ->  Bitmap Index Scan on sbtest3_pkey  (cost=0.00..341.54 rows=10910 width=0)
	                    Index Cond: ((id >= 6361083) AND (id <= 6371082))

table 4 : explain SELECT DISTINCT c FROM sbtest4 WHERE id BETWEEN 6927948 AND 6937947 ORDER BY c
	Unique  (cost=34883.49..34932.97 rows=9895 width=121)
	  ->  Sort  (cost=34883.49..34908.23 rows=9895 width=121)
	        Sort Key: c
	        ->  Bitmap Heap Scan on sbtest4  (cost=317.86..34226.83 rows=9895 width=121)
	              Recheck Cond: ((id >= 6927948) AND (id <= 6937947))
	              ->  Bitmap Index Scan on sbtest4_pkey  (cost=0.00..315.38 rows=9895 width=0)
	                    Index Cond: ((id >= 6927948) AND (id <= 6937947))

table 5 : explain SELECT DISTINCT c FROM sbtest5 WHERE id BETWEEN 6099817 AND 6109816 ORDER BY c
	Unique  (cost=35057.13..35106.80 rows=9934 width=121)
	  ->  Sort  (cost=35057.13..35081.96 rows=9934 width=121)
	        Sort Key: c
	        ->  Bitmap Heap Scan on sbtest5  (cost=318.26..34397.60 rows=9934 width=121)
	              Recheck Cond: ((id >= 6099817) AND (id <= 6109816))
	              ->  Bitmap Index Scan on sbtest5_pkey  (cost=0.00..315.78 rows=9934 width=0)
	                    Index Cond: ((id >= 6099817) AND (id <= 6109816))

table 6 : explain SELECT DISTINCT c FROM sbtest6 WHERE id BETWEEN 805676 AND 815675 ORDER BY c
	Unique  (cost=36395.53..36447.36 rows=10366 width=121)
	  ->  Sort  (cost=36395.53..36421.45 rows=10366 width=121)
	        Sort Key: c
	        ->  Bitmap Heap Scan on sbtest6  (cost=330.69..35704.14 rows=10366 width=121)
	              Recheck Cond: ((id >= 805676) AND (id <= 815675))
	              ->  Bitmap Index Scan on sbtest6_pkey  (cost=0.00..328.09 rows=10366 width=0)
	                    Index Cond: ((id >= 805676) AND (id <= 815675))

table 7 : explain SELECT DISTINCT c FROM sbtest7 WHERE id BETWEEN 843586 AND 853585 ORDER BY c
	Unique  (cost=36591.82..36643.90 rows=10417 width=121)
	  ->  Sort  (cost=36591.82..36617.86 rows=10417 width=121)
	        Sort Key: c
	        ->  Bitmap Heap Scan on sbtest7  (cost=331.21..35896.65 rows=10417 width=121)
	              Recheck Cond: ((id >= 843586) AND (id <= 853585))
	              ->  Bitmap Index Scan on sbtest7_pkey  (cost=0.00..328.61 rows=10417 width=0)
	                    Index Cond: ((id >= 843586) AND (id <= 853585))

table 8 : explain SELECT DISTINCT c FROM sbtest8 WHERE id BETWEEN 8444776 AND 8454775 ORDER BY c
	Unique  (cost=32853.45..32899.71 rows=9253 width=121)
	  ->  Sort  (cost=32853.45..32876.58 rows=9253 width=121)
	        Sort Key: c
	        ->  Bitmap Heap Scan on sbtest8  (cost=295.28..32243.87 rows=9253 width=121)
	              Recheck Cond: ((id >= 8444776) AND (id <= 8454775))
	              ->  Bitmap Index Scan on sbtest8_pkey  (cost=0.00..292.96 rows=9253 width=0)
	                    Index Cond: ((id >= 8444776) AND (id <= 8454775))

for: sum_ranges
table 1 : explain SELECT SUM(k) FROM sbtest1 WHERE id BETWEEN 4435636 AND 4445635
	Aggregate  (cost=35119.00..35119.01 rows=1 width=8)
	  ->  Bitmap Heap Scan on sbtest1  (cost=320.11..35093.71 rows=10115 width=4)
	        Recheck Cond: ((id >= 4435636) AND (id <= 4445635))
	        ->  Bitmap Index Scan on sbtest1_pkey  (cost=0.00..317.58 rows=10115 width=0)
	              Index Cond: ((id >= 4435636) AND (id <= 4445635))

table 2 : explain SELECT SUM(k) FROM sbtest2 WHERE id BETWEEN 9711140 AND 9721139
	Aggregate  (cost=34077.79..34077.80 rows=1 width=8)
	  ->  Bitmap Heap Scan on sbtest2  (cost=317.41..34053.16 rows=9851 width=4)
	        Recheck Cond: ((id >= 9711140) AND (id <= 9721139))
	        ->  Bitmap Index Scan on sbtest2_pkey  (cost=0.00..314.94 rows=9851 width=0)
	              Index Cond: ((id >= 9711140) AND (id <= 9721139))

table 3 : explain SELECT SUM(k) FROM sbtest3 WHERE id BETWEEN 5651423 AND 5661422
	Aggregate  (cost=35101.58..35101.59 rows=1 width=8)
	  ->  Bitmap Heap Scan on sbtest3  (cost=324.81..35076.12 rows=10183 width=4)
	        Recheck Cond: ((id >= 5651423) AND (id <= 5661422))
	        ->  Bitmap Index Scan on sbtest3_pkey  (cost=0.00..322.26 rows=10183 width=0)
	              Index Cond: ((id >= 5651423) AND (id <= 5661422))

table 4 : explain SELECT SUM(k) FROM sbtest4 WHERE id BETWEEN 7178491 AND 7188490
	Aggregate  (cost=39059.06..39059.07 rows=1 width=8)
	  ->  Bitmap Heap Scan on sbtest4  (cost=365.69..39030.46 rows=11440 width=4)
	        Recheck Cond: ((id >= 7178491) AND (id <= 7188490))
	        ->  Bitmap Index Scan on sbtest4_pkey  (cost=0.00..362.83 rows=11440 width=0)
	              Index Cond: ((id >= 7178491) AND (id <= 7188490))

table 5 : explain SELECT SUM(k) FROM sbtest5 WHERE id BETWEEN 1772668 AND 1782667
	Aggregate  (cost=36180.91..36180.92 rows=1 width=8)
	  ->  Bitmap Heap Scan on sbtest5  (cost=335.99..36154.67 rows=10493 width=4)
	        Recheck Cond: ((id >= 1772668) AND (id <= 1782667))
	        ->  Bitmap Index Scan on sbtest5_pkey  (cost=0.00..333.37 rows=10493 width=0)
	              Index Cond: ((id >= 1772668) AND (id <= 1782667))

table 6 : explain SELECT SUM(k) FROM sbtest6 WHERE id BETWEEN 656425 AND 666424
	Aggregate  (cost=34104.60..34104.61 rows=1 width=8)
	  ->  Bitmap Heap Scan on sbtest6  (cost=313.38..34079.98 rows=9848 width=4)
	        Recheck Cond: ((id >= 656425) AND (id <= 666424))
	        ->  Bitmap Index Scan on sbtest6_pkey  (cost=0.00..310.92 rows=9848 width=0)
	              Index Cond: ((id >= 656425) AND (id <= 666424))

table 7 : explain SELECT SUM(k) FROM sbtest7 WHERE id BETWEEN 5757188 AND 5767187
	Aggregate  (cost=36083.26..36083.27 rows=1 width=8)
	  ->  Bitmap Heap Scan on sbtest7  (cost=331.73..36057.09 rows=10468 width=4)
	        Recheck Cond: ((id >= 5757188) AND (id <= 5767187))
	        ->  Bitmap Index Scan on sbtest7_pkey  (cost=0.00..329.12 rows=10468 width=0)
	              Index Cond: ((id >= 5757188) AND (id <= 5767187))

table 8 : explain SELECT SUM(k) FROM sbtest8 WHERE id BETWEEN 3595887 AND 3605886
	Aggregate  (cost=33485.21..33485.22 rows=1 width=8)
	  ->  Bitmap Heap Scan on sbtest8  (cost=307.20..33461.12 rows=9636 width=4)
	        Recheck Cond: ((id >= 3595887) AND (id <= 3605886))
	        ->  Bitmap Index Scan on sbtest8_pkey  (cost=0.00..304.80 rows=9636 width=0)
	              Index Cond: ((id >= 3595887) AND (id <= 3605886))

for: order_ranges
table 1 : explain SELECT c FROM sbtest1 WHERE id BETWEEN 5474710 AND 5484709 ORDER BY c
	Sort  (cost=32011.16..32033.57 rows=8964 width=121)
	  Sort Key: c
	  ->  Bitmap Heap Scan on sbtest1  (cost=284.32..31422.67 rows=8964 width=121)
	        Recheck Cond: ((id >= 5474710) AND (id <= 5484709))
	        ->  Bitmap Index Scan on sbtest1_pkey  (cost=0.00..282.07 rows=8964 width=0)
	              Index Cond: ((id >= 5474710) AND (id <= 5484709))

table 2 : explain SELECT c FROM sbtest2 WHERE id BETWEEN 5594172 AND 5604171 ORDER BY c
	Sort  (cost=33945.46..33969.50 rows=9616 width=121)
	  Sort Key: c
	  ->  Bitmap Heap Scan on sbtest2  (cost=307.00..33309.30 rows=9616 width=121)
	        Recheck Cond: ((id >= 5594172) AND (id <= 5604171))
	        ->  Bitmap Index Scan on sbtest2_pkey  (cost=0.00..304.59 rows=9616 width=0)
	              Index Cond: ((id >= 5594172) AND (id <= 5604171))

table 3 : explain SELECT c FROM sbtest3 WHERE id BETWEEN 3685948 AND 3695947 ORDER BY c
	Sort  (cost=37605.55..37632.46 rows=10764 width=121)
	  Sort Key: c
	  ->  Bitmap Heap Scan on sbtest3  (cost=342.77..36884.69 rows=10764 width=121)
	        Recheck Cond: ((id >= 3685948) AND (id <= 3695947))
	        ->  Bitmap Index Scan on sbtest3_pkey  (cost=0.00..340.07 rows=10764 width=0)
	              Index Cond: ((id >= 3685948) AND (id <= 3695947))

table 4 : explain SELECT c FROM sbtest4 WHERE id BETWEEN 1476961 AND 1486960 ORDER BY c
	Sort  (cost=37699.09..37726.03 rows=10775 width=121)
	  Sort Key: c
	  ->  Bitmap Heap Scan on sbtest4  (cost=346.88..36977.42 rows=10775 width=121)
	        Recheck Cond: ((id >= 1476961) AND (id <= 1486960))
	        ->  Bitmap Index Scan on sbtest4_pkey  (cost=0.00..344.19 rows=10775 width=0)
	              Index Cond: ((id >= 1476961) AND (id <= 1486960))

table 5 : explain SELECT c FROM sbtest5 WHERE id BETWEEN 231651 AND 241650 ORDER BY c
	Sort  (cost=36107.31..36132.96 rows=10261 width=121)
	  Sort Key: c
	  ->  Bitmap Heap Scan on sbtest5  (cost=325.61..35423.67 rows=10261 width=121)
	        Recheck Cond: ((id >= 231651) AND (id <= 241650))
	        ->  Bitmap Index Scan on sbtest5_pkey  (cost=0.00..323.05 rows=10261 width=0)
	              Index Cond: ((id >= 231651) AND (id <= 241650))

table 6 : explain SELECT c FROM sbtest6 WHERE id BETWEEN 314653 AND 324652 ORDER BY c
	Sort  (cost=31190.74..31212.64 rows=8758 width=121)
	  Sort Key: c
	  ->  Bitmap Heap Scan on sbtest6  (cost=278.20..30617.25 rows=8758 width=121)
	        Recheck Cond: ((id >= 314653) AND (id <= 324652))
	        ->  Bitmap Index Scan on sbtest6_pkey  (cost=0.00..276.01 rows=8758 width=0)
	              Index Cond: ((id >= 314653) AND (id <= 324652))

table 7 : explain SELECT c FROM sbtest7 WHERE id BETWEEN 9478977 AND 9488976 ORDER BY c
	Sort  (cost=35226.47..35251.45 rows=9991 width=121)
	  Sort Key: c
	  ->  Bitmap Heap Scan on sbtest7  (cost=318.84..34562.75 rows=9991 width=121)
	        Recheck Cond: ((id >= 9478977) AND (id <= 9488976))
	        ->  Bitmap Index Scan on sbtest7_pkey  (cost=0.00..316.34 rows=9991 width=0)
	              Index Cond: ((id >= 9478977) AND (id <= 9488976))

table 8 : explain SELECT c FROM sbtest8 WHERE id BETWEEN 8809348 AND 8819347 ORDER BY c
	Sort  (cost=35218.90..35243.86 rows=9984 width=121)
	  Sort Key: c
	  ->  Bitmap Heap Scan on sbtest8  (cost=314.77..34555.69 rows=9984 width=121)
	        Recheck Cond: ((id >= 8809348) AND (id <= 8819347))
	        ->  Bitmap Index Scan on sbtest8_pkey  (cost=0.00..312.28 rows=9984 width=0)
	              Index Cond: ((id >= 8809348) AND (id <= 8819347))

for: order_ranges
table 1 : explain SELECT c FROM sbtest1 WHERE id BETWEEN 1942515 AND 1952514 ORDER BY c
	Sort  (cost=36343.57..36369.30 rows=10293 width=121)
	  Sort Key: c
	  ->  Bitmap Heap Scan on sbtest1  (cost=325.94..35657.57 rows=10293 width=121)
	        Recheck Cond: ((id >= 1942515) AND (id <= 1952514))
	        ->  Bitmap Index Scan on sbtest1_pkey  (cost=0.00..323.37 rows=10293 width=0)
	              Index Cond: ((id >= 1942515) AND (id <= 1952514))

table 2 : explain SELECT c FROM sbtest2 WHERE id BETWEEN 3710211 AND 3720210 ORDER BY c
	Sort  (cost=31600.48..31622.71 rows=8894 width=121)
	  Sort Key: c
	  ->  Bitmap Heap Scan on sbtest2  (cost=283.60..31017.09 rows=8894 width=121)
	        Recheck Cond: ((id >= 3710211) AND (id <= 3720210))
	        ->  Bitmap Index Scan on sbtest2_pkey  (cost=0.00..281.38 rows=8894 width=0)
	              Index Cond: ((id >= 3710211) AND (id <= 3720210))

table 3 : explain SELECT c FROM sbtest3 WHERE id BETWEEN 1965685 AND 1975684 ORDER BY c
	Sort  (cost=31381.17..31403.24 rows=8830 width=121)
	  Sort Key: c
	  ->  Bitmap Heap Scan on sbtest3  (cost=278.94..30802.44 rows=8830 width=121)
	        Recheck Cond: ((id >= 1965685) AND (id <= 1975684))
	        ->  Bitmap Index Scan on sbtest3_pkey  (cost=0.00..276.74 rows=8830 width=0)
	              Index Cond: ((id >= 1965685) AND (id <= 1975684))

table 4 : explain SELECT c FROM sbtest4 WHERE id BETWEEN 8043439 AND 8053438 ORDER BY c
	Sort  (cost=33415.47..33439.07 rows=9440 width=121)
	  Sort Key: c
	  ->  Bitmap Heap Scan on sbtest4  (cost=305.19..32792.21 rows=9440 width=121)
	        Recheck Cond: ((id >= 8043439) AND (id <= 8053438))
	        ->  Bitmap Index Scan on sbtest4_pkey  (cost=0.00..302.83 rows=9440 width=0)
	              Index Cond: ((id >= 8043439) AND (id <= 8053438))

table 5 : explain SELECT c FROM sbtest5 WHERE id BETWEEN 3178631 AND 3188630 ORDER BY c
	Sort  (cost=35883.24..35908.72 rows=10191 width=121)
	  Sort Key: c
	  ->  Bitmap Heap Scan on sbtest5  (cost=324.89..35204.77 rows=10191 width=121)
	        Recheck Cond: ((id >= 3178631) AND (id <= 3188630))
	        ->  Bitmap Index Scan on sbtest5_pkey  (cost=0.00..322.34 rows=10191 width=0)
	              Index Cond: ((id >= 3178631) AND (id <= 3188630))

table 6 : explain SELECT c FROM sbtest6 WHERE id BETWEEN 3615913 AND 3625912 ORDER BY c
	Sort  (cost=37369.93..37396.61 rows=10672 width=121)
	  Sort Key: c
	  ->  Bitmap Heap Scan on sbtest6  (cost=337.82..36655.89 rows=10672 width=121)
	        Recheck Cond: ((id >= 3615913) AND (id <= 3625912))
	        ->  Bitmap Index Scan on sbtest6_pkey  (cost=0.00..335.16 rows=10672 width=0)
	              Index Cond: ((id >= 3615913) AND (id <= 3625912))

table 7 : explain SELECT c FROM sbtest7 WHERE id BETWEEN 142927 AND 152926 ORDER BY c
	Sort  (cost=32982.13..33005.38 rows=9298 width=121)
	  Sort Key: c
	  ->  Bitmap Heap Scan on sbtest7  (cost=295.74..32369.27 rows=9298 width=121)
	        Recheck Cond: ((id >= 142927) AND (id <= 152926))
	        ->  Bitmap Index Scan on sbtest7_pkey  (cost=0.00..293.42 rows=9298 width=0)
	              Index Cond: ((id >= 142927) AND (id <= 152926))

table 8 : explain SELECT c FROM sbtest8 WHERE id BETWEEN 3257319 AND 3267318 ORDER BY c
	Sort  (cost=38411.16..38438.61 rows=10981 width=121)
	  Sort Key: c
	  ->  Bitmap Heap Scan on sbtest8  (cost=348.99..37674.18 rows=10981 width=121)
	        Recheck Cond: ((id >= 3257319) AND (id <= 3267318))
	        ->  Bitmap Index Scan on sbtest8_pkey  (cost=0.00..346.25 rows=10981 width=0)
	              Index Cond: ((id >= 3257319) AND (id <= 3267318))
for: order_ranges
table 1 : explain SELECT c FROM sbtest1 WHERE id BETWEEN 1223562 AND 1233561 ORDER BY c
	Sort  (cost=30970.41..30992.03 rows=8648 width=121)
	  Sort Key: c
	  ->  Bitmap Heap Scan on sbtest1  (cost=277.08..30404.91 rows=8648 width=121)
	        Recheck Cond: ((id >= 1223562) AND (id <= 1233561))
	        ->  Bitmap Index Scan on sbtest1_pkey  (cost=0.00..274.92 rows=8648 width=0)
	              Index Cond: ((id >= 1223562) AND (id <= 1233561))

table 2 : explain SELECT c FROM sbtest2 WHERE id BETWEEN 633451 AND 643450 ORDER BY c
	Sort  (cost=35629.44..35654.79 rows=10140 width=121)
	  Sort Key: c
	  ->  Bitmap Heap Scan on sbtest2  (cost=324.37..34954.73 rows=10140 width=121)
	        Recheck Cond: ((id >= 633451) AND (id <= 643450))
	        ->  Bitmap Index Scan on sbtest2_pkey  (cost=0.00..321.83 rows=10140 width=0)
	              Index Cond: ((id >= 633451) AND (id <= 643450))

table 3 : explain SELECT c FROM sbtest3 WHERE id BETWEEN 9427231 AND 9437230 ORDER BY c
	Sort  (cost=35141.62..35166.60 rows=9991 width=121)
	  Sort Key: c
	  ->  Bitmap Heap Scan on sbtest3  (cost=318.84..34477.90 rows=9991 width=121)
	        Recheck Cond: ((id >= 9427231) AND (id <= 9437230))
	        ->  Bitmap Index Scan on sbtest3_pkey  (cost=0.00..316.34 rows=9991 width=0)
	              Index Cond: ((id >= 9427231) AND (id <= 9437230))

table 4 : explain SELECT c FROM sbtest4 WHERE id BETWEEN 2876508 AND 2886507 ORDER BY c
	Sort  (cost=38613.53..38641.19 rows=11064 width=121)
	  Sort Key: c
	  ->  Bitmap Heap Scan on sbtest4  (cost=353.84..37870.38 rows=11064 width=121)
	        Recheck Cond: ((id >= 2876508) AND (id <= 2886507))
	        ->  Bitmap Index Scan on sbtest4_pkey  (cost=0.00..351.07 rows=11064 width=0)
	              Index Cond: ((id >= 2876508) AND (id <= 2886507))

table 5 : explain SELECT c FROM sbtest5 WHERE id BETWEEN 3087132 AND 3097131 ORDER BY c
	Sort  (cost=35576.47..35601.71 rows=10095 width=121)
	  Sort Key: c
	  ->  Bitmap Heap Scan on sbtest5  (cost=323.91..34905.09 rows=10095 width=121)
	        Recheck Cond: ((id >= 3087132) AND (id <= 3097131))
	        ->  Bitmap Index Scan on sbtest5_pkey  (cost=0.00..321.38 rows=10095 width=0)
	              Index Cond: ((id >= 3087132) AND (id <= 3097131))

table 6 : explain SELECT c FROM sbtest6 WHERE id BETWEEN 1626739 AND 1636738 ORDER BY c
	Sort  (cost=33493.38..33517.04 rows=9465 width=121)
	  Sort Key: c
	  ->  Bitmap Heap Scan on sbtest6  (cost=301.45..32868.29 rows=9465 width=121)
	        Recheck Cond: ((id >= 1626739) AND (id <= 1636738))
	        ->  Bitmap Index Scan on sbtest6_pkey  (cost=0.00..299.08 rows=9465 width=0)
	              Index Cond: ((id >= 1626739) AND (id <= 1636738))

table 7 : explain SELECT c FROM sbtest7 WHERE id BETWEEN 6759411 AND 6769410 ORDER BY c
	Sort  (cost=33135.31..33158.68 rows=9346 width=121)
	  Sort Key: c
	  ->  Bitmap Heap Scan on sbtest7  (cost=296.23..32518.94 rows=9346 width=121)
	        Recheck Cond: ((id >= 6759411) AND (id <= 6769410))
	        ->  Bitmap Index Scan on sbtest7_pkey  (cost=0.00..293.90 rows=9346 width=0)
	              Index Cond: ((id >= 6759411) AND (id <= 6769410))

table 8 : explain SELECT c FROM sbtest8 WHERE id BETWEEN 2554352 AND 2564351 ORDER BY c
	Sort  (cost=37906.63..37933.69 rows=10822 width=121)
	  Sort Key: c
	  ->  Bitmap Heap Scan on sbtest8  (cost=343.36..37181.47 rows=10822 width=121)
	        Recheck Cond: ((id >= 2554352) AND (id <= 2564351))
	        ->  Bitmap Index Scan on sbtest8_pkey  (cost=0.00..340.66 rows=10822 width=0)
	              Index Cond: ((id >= 2554352) AND (id <= 2564351))


for: order_ranges
table 1 : explain SELECT c FROM sbtest1 WHERE id BETWEEN 4195286 AND 4205285 ORDER BY c
	Sort  (cost=37270.03..37296.48 rows=10580 width=121)
	  Sort Key: c
	  ->  Bitmap Heap Scan on sbtest1  (cost=336.88..36562.81 rows=10580 width=121)
	        Recheck Cond: ((id >= 4195286) AND (id <= 4205285))
	        ->  Bitmap Index Scan on sbtest1_pkey  (cost=0.00..334.24 rows=10580 width=0)
	              Index Cond: ((id >= 4195286) AND (id <= 4205285))

table 2 : explain SELECT c FROM sbtest2 WHERE id BETWEEN 1851344 AND 1861343 ORDER BY c
	Sort  (cost=35359.70..35384.84 rows=10055 width=121)
	  Sort Key: c
	  ->  Bitmap Heap Scan on sbtest2  (cost=323.50..34691.26 rows=10055 width=121)
	        Recheck Cond: ((id >= 1851344) AND (id <= 1861343))
	        ->  Bitmap Index Scan on sbtest2_pkey  (cost=0.00..320.99 rows=10055 width=0)
	              Index Cond: ((id >= 1851344) AND (id <= 1861343))

table 3 : explain SELECT c FROM sbtest3 WHERE id BETWEEN 4893729 AND 4903728 ORDER BY c
	Sort  (cost=35447.67..35472.89 rows=10088 width=121)
	  Sort Key: c
	  ->  Bitmap Heap Scan on sbtest3  (cost=319.84..34776.80 rows=10088 width=121)
	        Recheck Cond: ((id >= 4893729) AND (id <= 4903728))
	        ->  Bitmap Index Scan on sbtest3_pkey  (cost=0.00..317.31 rows=10088 width=0)
	              Index Cond: ((id >= 4893729) AND (id <= 4903728))

table 4 : explain SELECT c FROM sbtest4 WHERE id BETWEEN 8797793 AND 8807792 ORDER BY c
	Sort  (cost=33455.26..33478.89 rows=9452 width=121)
	  Sort Key: c
	  ->  Bitmap Heap Scan on sbtest4  (cost=305.32..32831.13 rows=9452 width=121)
	        Recheck Cond: ((id >= 8797793) AND (id <= 8807792))
	        ->  Bitmap Index Scan on sbtest4_pkey  (cost=0.00..302.95 rows=9452 width=0)
	              Index Cond: ((id >= 8797793) AND (id <= 8807792))

table 5 : explain SELECT c FROM sbtest5 WHERE id BETWEEN 7281758 AND 7291757 ORDER BY c
	Sort  (cost=35153.01..35177.92 rows=9964 width=121)
	  Sort Key: c
	  ->  Bitmap Heap Scan on sbtest5  (cost=318.57..34491.27 rows=9964 width=121)
	        Recheck Cond: ((id >= 7281758) AND (id <= 7291757))
	        ->  Bitmap Index Scan on sbtest5_pkey  (cost=0.00..316.07 rows=9964 width=0)
	              Index Cond: ((id >= 7281758) AND (id <= 7291757))

table 6 : explain SELECT c FROM sbtest6 WHERE id BETWEEN 6936178 AND 6946177 ORDER BY c
	Sort  (cost=37337.23..37363.89 rows=10662 width=121)
	  Sort Key: c
	  ->  Bitmap Heap Scan on sbtest6  (cost=337.72..36623.94 rows=10662 width=121)
	        Recheck Cond: ((id >= 6936178) AND (id <= 6946177))
	        ->  Bitmap Index Scan on sbtest6_pkey  (cost=0.00..335.06 rows=10662 width=0)
	              Index Cond: ((id >= 6936178) AND (id <= 6946177))

table 7 : explain SELECT c FROM sbtest7 WHERE id BETWEEN 9527508 AND 9537507 ORDER BY c
	Sort  (cost=35401.48..35426.59 rows=10046 width=121)
	  Sort Key: c
	  ->  Bitmap Heap Scan on sbtest7  (cost=319.41..34733.70 rows=10046 width=121)
	        Recheck Cond: ((id >= 9527508) AND (id <= 9537507))
	        ->  Bitmap Index Scan on sbtest7_pkey  (cost=0.00..316.90 rows=10046 width=0)
	              Index Cond: ((id >= 9527508) AND (id <= 9537507))

table 8 : explain SELECT c FROM sbtest8 WHERE id BETWEEN 9137176 AND 9147175 ORDER BY c
	Sort  (cost=33356.42..33379.94 rows=9409 width=121)
	  Sort Key: c
	  ->  Bitmap Heap Scan on sbtest8  (cost=296.88..32735.43 rows=9409 width=121)
	        Recheck Cond: ((id >= 9137176) AND (id <= 9147175))
	        ->  Bitmap Index Scan on sbtest8_pkey  (cost=0.00..294.53 rows=9409 width=0)
	              Index Cond: ((id >= 9137176) AND (id <= 9147175))

for: order_ranges
table 1 : explain SELECT c FROM sbtest1 WHERE id BETWEEN 8539095 AND 8549094 ORDER BY c
	Sort  (cost=35686.96..35712.18 rows=10090 width=121)
	  Sort Key: c
	  ->  Bitmap Heap Scan on sbtest1  (cost=319.86..35015.94 rows=10090 width=121)
	        Recheck Cond: ((id >= 8539095) AND (id <= 8549094))
	        ->  Bitmap Index Scan on sbtest1_pkey  (cost=0.00..317.33 rows=10090 width=0)
	              Index Cond: ((id >= 8539095) AND (id <= 8549094))

table 2 : explain SELECT c FROM sbtest2 WHERE id BETWEEN 1744065 AND 1754064 ORDER BY c
	Sort  (cost=37767.46..37794.49 rows=10810 width=121)
	  Sort Key: c
	  ->  Bitmap Heap Scan on sbtest2  (cost=347.24..37043.19 rows=10810 width=121)
	        Recheck Cond: ((id >= 1744065) AND (id <= 1754064))
	        ->  Bitmap Index Scan on sbtest2_pkey  (cost=0.00..344.54 rows=10810 width=0)
	              Index Cond: ((id >= 1744065) AND (id <= 1754064))

table 3 : explain SELECT c FROM sbtest3 WHERE id BETWEEN 816596 AND 826595 ORDER BY c
	Sort  (cost=33445.60..33469.26 rows=9465 width=121)
	  Sort Key: c
	  ->  Bitmap Heap Scan on sbtest3  (cost=301.45..32820.51 rows=9465 width=121)
	        Recheck Cond: ((id >= 816596) AND (id <= 826595))
	        ->  Bitmap Index Scan on sbtest3_pkey  (cost=0.00..299.08 rows=9465 width=0)
	              Index Cond: ((id >= 816596) AND (id <= 826595))

table 4 : explain SELECT c FROM sbtest4 WHERE id BETWEEN 7183228 AND 7193227 ORDER BY c
	Sort  (cost=39801.62..39830.22 rows=11440 width=121)
	  Sort Key: c
	  ->  Bitmap Heap Scan on sbtest4  (cost=365.69..39030.46 rows=11440 width=121)
	        Recheck Cond: ((id >= 7183228) AND (id <= 7193227))
	        ->  Bitmap Index Scan on sbtest4_pkey  (cost=0.00..362.83 rows=11440 width=0)
	              Index Cond: ((id >= 7183228) AND (id <= 7193227))

table 5 : explain SELECT c FROM sbtest5 WHERE id BETWEEN 4714619 AND 4724618 ORDER BY c
	Sort  (cost=34732.21..34756.80 rows=9834 width=121)
	  Sort Key: c
	  ->  Bitmap Heap Scan on sbtest5  (cost=313.23..34080.04 rows=9834 width=121)
	        Recheck Cond: ((id >= 4714619) AND (id <= 4724618))
	        ->  Bitmap Index Scan on sbtest5_pkey  (cost=0.00..310.78 rows=9834 width=0)
	              Index Cond: ((id >= 4714619) AND (id <= 4724618))

table 6 : explain SELECT c FROM sbtest6 WHERE id BETWEEN 6500950 AND 6510949 ORDER BY c
	Sort  (cost=33835.69..33859.61 rows=9570 width=121)
	  Sort Key: c
	  ->  Bitmap Heap Scan on sbtest6  (cost=306.53..33202.91 rows=9570 width=121)
	        Recheck Cond: ((id >= 6500950) AND (id <= 6510949))
	        ->  Bitmap Index Scan on sbtest6_pkey  (cost=0.00..304.13 rows=9570 width=0)
	              Index Cond: ((id >= 6500950) AND (id <= 6510949))

table 7 : explain SELECT c FROM sbtest7 WHERE id BETWEEN 7464160 AND 7474159 ORDER BY c
	Sort  (cost=37708.36..37735.27 rows=10766 width=121)
	  Sort Key: c
	  ->  Bitmap Heap Scan on sbtest7  (cost=342.79..36987.35 rows=10766 width=121)
	        Recheck Cond: ((id >= 7464160) AND (id <= 7474159))
	        ->  Bitmap Index Scan on sbtest7_pkey  (cost=0.00..340.09 rows=10766 width=0)
	              Index Cond: ((id >= 7464160) AND (id <= 7474159))

table 8 : explain SELECT c FROM sbtest8 WHERE id BETWEEN 1455041 AND 1465040 ORDER BY c
	Sort  (cost=37424.24..37450.92 rows=10671 width=121)
	  Sort Key: c
	  ->  Bitmap Heap Scan on sbtest8  (cost=337.81..36710.28 rows=10671 width=121)
	        Recheck Cond: ((id >= 1455041) AND (id <= 1465040))
	        ->  Bitmap Index Scan on sbtest8_pkey  (cost=0.00..335.15 rows=10671 width=0)
	              Index Cond: ((id >= 1455041) AND (id <= 1465040))

for: distinct_ranges
table 1 : explain SELECT DISTINCT c FROM sbtest1 WHERE id BETWEEN 1840889 AND 1850888 ORDER BY c
	Unique  (cost=34762.82..34811.85 rows=9805 width=121)
	  ->  Sort  (cost=34762.82..34787.34 rows=9805 width=121)
	        Sort Key: c
	        ->  Bitmap Heap Scan on sbtest1  (cost=312.94..34112.79 rows=9805 width=121)
	              Recheck Cond: ((id >= 1840889) AND (id <= 1850888))
	              ->  Bitmap Index Scan on sbtest1_pkey  (cost=0.00..310.49 rows=9805 width=0)
	                    Index Cond: ((id >= 1840889) AND (id <= 1850888))

table 2 : explain SELECT DISTINCT c FROM sbtest2 WHERE id BETWEEN 1850501 AND 1860500 ORDER BY c
	Unique  (cost=35359.70..35409.97 rows=10055 width=121)
	  ->  Sort  (cost=35359.70..35384.84 rows=10055 width=121)
	        Sort Key: c
	        ->  Bitmap Heap Scan on sbtest2  (cost=323.50..34691.26 rows=10055 width=121)
	              Recheck Cond: ((id >= 1850501) AND (id <= 1860500))
	              ->  Bitmap Index Scan on sbtest2_pkey  (cost=0.00..320.99 rows=10055 width=0)
	                    Index Cond: ((id >= 1850501) AND (id <= 1860500))

table 3 : explain SELECT DISTINCT c FROM sbtest3 WHERE id BETWEEN 6235002 AND 6245001 ORDER BY c
	Unique  (cost=34795.10..34844.52 rows=9884 width=121)
	  ->  Sort  (cost=34795.10..34819.81 rows=9884 width=121)
	        Sort Key: c
	        ->  Bitmap Heap Scan on sbtest3  (cost=313.75..34139.25 rows=9884 width=121)
	              Recheck Cond: ((id >= 6235002) AND (id <= 6245001))
	              ->  Bitmap Index Scan on sbtest3_pkey  (cost=0.00..311.28 rows=9884 width=0)
	                    Index Cond: ((id >= 6235002) AND (id <= 6245001))

table 4 : explain SELECT DISTINCT c FROM sbtest4 WHERE id BETWEEN 42671 AND 52670 ORDER BY c
	Unique  (cost=32839.90..32886.22 rows=9263 width=121)
	  ->  Sort  (cost=32839.90..32863.06 rows=9263 width=121)
	        Sort Key: c
	        ->  Bitmap Heap Scan on sbtest4  (cost=299.38..32229.60 rows=9263 width=121)
	              Recheck Cond: ((id >= 42671) AND (id <= 52670))
	              ->  Bitmap Index Scan on sbtest4_pkey  (cost=0.00..297.06 rows=9263 width=0)
	                    Index Cond: ((id >= 42671) AND (id <= 52670))

table 5 : explain SELECT DISTINCT c FROM sbtest5 WHERE id BETWEEN 2550616 AND 2560615 ORDER BY c
	Unique  (cost=39396.56..39453.02 rows=11293 width=121)
	  ->  Sort  (cost=39396.56..39424.79 rows=11293 width=121)
	        Sort Key: c
	        ->  Bitmap Heap Scan on sbtest5  (cost=360.19..38636.36 rows=11293 width=121)
	              Recheck Cond: ((id >= 2550616) AND (id <= 2560615))
	              ->  Bitmap Index Scan on sbtest5_pkey  (cost=0.00..357.37 rows=11293 width=0)
	                    Index Cond: ((id >= 2550616) AND (id <= 2560615))

table 6 : explain SELECT DISTINCT c FROM sbtest6 WHERE id BETWEEN 4965863 AND 4975862 ORDER BY c
	Unique  (cost=37884.05..37938.22 rows=10834 width=121)
	  ->  Sort  (cost=37884.05..37911.14 rows=10834 width=121)
	        Sort Key: c
	        ->  Bitmap Heap Scan on sbtest6  (cost=343.48..37158.00 rows=10834 width=121)
	              Recheck Cond: ((id >= 4965863) AND (id <= 4975862))
	              ->  Bitmap Index Scan on sbtest6_pkey  (cost=0.00..340.78 rows=10834 width=0)
	                    Index Cond: ((id >= 4965863) AND (id <= 4975862))

table 7 : explain SELECT DISTINCT c FROM sbtest7 WHERE id BETWEEN 4818671 AND 4828670 ORDER BY c
	Unique  (cost=35229.77..35279.73 rows=9992 width=121)
	  ->  Sort  (cost=35229.77..35254.75 rows=9992 width=121)
	        Sort Key: c
	        ->  Bitmap Heap Scan on sbtest7  (cost=318.85..34565.97 rows=9992 width=121)
	              Recheck Cond: ((id >= 4818671) AND (id <= 4828670))
	              ->  Bitmap Index Scan on sbtest7_pkey  (cost=0.00..316.36 rows=9992 width=0)
	                    Index Cond: ((id >= 4818671) AND (id <= 4828670))

table 8 : explain SELECT DISTINCT c FROM sbtest8 WHERE id BETWEEN 8198698 AND 8208697 ORDER BY c
	Unique  (cost=34453.68..34502.41 rows=9747 width=121)
	  ->  Sort  (cost=34453.68..34478.04 rows=9747 width=121)
	        Sort Key: c
	        ->  Bitmap Heap Scan on sbtest8  (cost=308.34..33807.90 rows=9747 width=121)
	              Recheck Cond: ((id >= 8198698) AND (id <= 8208697))
	              ->  Bitmap Index Scan on sbtest8_pkey  (cost=0.00..305.91 rows=9747 width=0)
	                    Index Cond: ((id >= 8198698) AND (id <= 8208697))

for: distinct_ranges
table 1 : explain SELECT DISTINCT c FROM sbtest1 WHERE id BETWEEN 829004 AND 839003 ORDER BY c
	Unique  (cost=35487.88..35538.02 rows=10028 width=121)
	  ->  Sort  (cost=35487.88..35512.95 rows=10028 width=121)
	        Sort Key: c
	        ->  Bitmap Heap Scan on sbtest1  (cost=319.22..34821.43 rows=10028 width=121)
	              Recheck Cond: ((id >= 829004) AND (id <= 839003))
	              ->  Bitmap Index Scan on sbtest1_pkey  (cost=0.00..316.71 rows=10028 width=0)
	                    Index Cond: ((id >= 829004) AND (id <= 839003))

table 2 : explain SELECT DISTINCT c FROM sbtest2 WHERE id BETWEEN 1183225 AND 1193224 ORDER BY c
	Unique  (cost=37603.55..37657.34 rows=10759 width=121)
	  ->  Sort  (cost=37603.55..37630.44 rows=10759 width=121)
	        Sort Key: c
	        ->  Bitmap Heap Scan on sbtest2  (cost=342.71..36883.06 rows=10759 width=121)
	              Recheck Cond: ((id >= 1183225) AND (id <= 1193224))
	              ->  Bitmap Index Scan on sbtest2_pkey  (cost=0.00..340.03 rows=10759 width=0)
	                    Index Cond: ((id >= 1183225) AND (id <= 1193224))

table 3 : explain SELECT DISTINCT c FROM sbtest3 WHERE id BETWEEN 7437573 AND 7447572 ORDER BY c
	Unique  (cost=33173.10..33220.01 rows=9381 width=121)
	  ->  Sort  (cost=33173.10..33196.56 rows=9381 width=121)
	        Sort Key: c
	        ->  Bitmap Heap Scan on sbtest3  (cost=296.59..32554.17 rows=9381 width=121)
	              Recheck Cond: ((id >= 7437573) AND (id <= 7447572))
	              ->  Bitmap Index Scan on sbtest3_pkey  (cost=0.00..294.25 rows=9381 width=0)
	                    Index Cond: ((id >= 7437573) AND (id <= 7447572))

table 4 : explain SELECT DISTINCT c FROM sbtest4 WHERE id BETWEEN 1932507 AND 1942506 ORDER BY c
	Unique  (cost=31239.67..31283.54 rows=8773 width=121)
	  ->  Sort  (cost=31239.67..31261.60 rows=8773 width=121)
	        Sort Key: c
	        ->  Bitmap Heap Scan on sbtest4  (cost=282.36..30665.09 rows=8773 width=121)
	              Recheck Cond: ((id >= 1932507) AND (id <= 1942506))
	              ->  Bitmap Index Scan on sbtest4_pkey  (cost=0.00..280.17 rows=8773 width=0)
	                    Index Cond: ((id >= 1932507) AND (id <= 1942506))

table 5 : explain SELECT DISTINCT c FROM sbtest5 WHERE id BETWEEN 535924 AND 545923 ORDER BY c
	Unique  (cost=36187.09..36238.51 rows=10285 width=121)
	  ->  Sort  (cost=36187.09..36212.80 rows=10285 width=121)
	        Sort Key: c
	        ->  Bitmap Heap Scan on sbtest5  (cost=329.86..35501.68 rows=10285 width=121)
	              Recheck Cond: ((id >= 535924) AND (id <= 545923))
	              ->  Bitmap Index Scan on sbtest5_pkey  (cost=0.00..327.29 rows=10285 width=0)
	                    Index Cond: ((id >= 535924) AND (id <= 545923))

table 6 : explain SELECT DISTINCT c FROM sbtest6 WHERE id BETWEEN 6650467 AND 6660466 ORDER BY c
	Unique  (cost=34723.27..34772.50 rows=9845 width=121)
	  ->  Sort  (cost=34723.27..34747.88 rows=9845 width=121)
	        Sort Key: c
	        ->  Bitmap Heap Scan on sbtest6  (cost=313.35..34070.29 rows=9845 width=121)
	              Recheck Cond: ((id >= 6650467) AND (id <= 6660466))
	              ->  Bitmap Index Scan on sbtest6_pkey  (cost=0.00..310.88 rows=9845 width=0)
	                    Index Cond: ((id >= 6650467) AND (id <= 6660466))

table 7 : explain SELECT DISTINCT c FROM sbtest7 WHERE id BETWEEN 5529574 AND 5539573 ORDER BY c
	Unique  (cost=36834.85..36887.32 rows=10493 width=121)
	  ->  Sort  (cost=36834.85..36861.08 rows=10493 width=121)
	        Sort Key: c
	        ->  Bitmap Heap Scan on sbtest7  (cost=331.99..36134.07 rows=10493 width=121)
	              Recheck Cond: ((id >= 5529574) AND (id <= 5539573))
	              ->  Bitmap Index Scan on sbtest7_pkey  (cost=0.00..329.37 rows=10493 width=0)
	                    Index Cond: ((id >= 5529574) AND (id <= 5539573))

table 8 : explain SELECT DISTINCT c FROM sbtest8 WHERE id BETWEEN 4598916 AND 4608915 ORDER BY c
	Unique  (cost=36094.86..36146.14 rows=10256 width=121)
	  ->  Sort  (cost=36094.86..36120.50 rows=10256 width=121)
	        Sort Key: c
	        ->  Bitmap Heap Scan on sbtest8  (cost=325.56..35411.60 rows=10256 width=121)
	              Recheck Cond: ((id >= 4598916) AND (id <= 4608915))
	              ->  Bitmap Index Scan on sbtest8_pkey  (cost=0.00..323.00 rows=10256 width=0)
	                    Index Cond: ((id >= 4598916) AND (id <= 4608915))

for: distinct_ranges
table 1 : explain SELECT DISTINCT c FROM sbtest1 WHERE id BETWEEN 2694034 AND 2704033 ORDER BY c
	Unique  (cost=38163.28..38217.58 rows=10859 width=121)
	  ->  Sort  (cost=38163.28..38190.43 rows=10859 width=121)
	        Sort Key: c
	        ->  Bitmap Heap Scan on sbtest1  (cost=343.74..37435.37 rows=10859 width=121)
	              Recheck Cond: ((id >= 2694034) AND (id <= 2704033))
	              ->  Bitmap Index Scan on sbtest1_pkey  (cost=0.00..341.03 rows=10859 width=0)
	                    Index Cond: ((id >= 2694034) AND (id <= 2704033))

table 2 : explain SELECT DISTINCT c FROM sbtest2 WHERE id BETWEEN 7521541 AND 7531540 ORDER BY c
	Unique  (cost=37361.96..37415.37 rows=10683 width=121)
	  ->  Sort  (cost=37361.96..37388.67 rows=10683 width=121)
	        Sort Key: c
	        ->  Bitmap Heap Scan on sbtest2  (cost=341.94..36647.11 rows=10683 width=121)
	              Recheck Cond: ((id >= 7521541) AND (id <= 7531540))
	              ->  Bitmap Index Scan on sbtest2_pkey  (cost=0.00..339.26 rows=10683 width=0)
	                    Index Cond: ((id >= 7521541) AND (id <= 7531540))

table 3 : explain SELECT DISTINCT c FROM sbtest3 WHERE id BETWEEN 1091711 AND 1101710 ORDER BY c
	Unique  (cost=35615.24..35665.94 rows=10140 width=121)
	  ->  Sort  (cost=35615.24..35640.59 rows=10140 width=121)
	        Sort Key: c
	        ->  Bitmap Heap Scan on sbtest3  (cost=320.37..34940.54 rows=10140 width=121)
	              Recheck Cond: ((id >= 1091711) AND (id <= 1101710))
	              ->  Bitmap Index Scan on sbtest3_pkey  (cost=0.00..317.83 rows=10140 width=0)
	                    Index Cond: ((id >= 1091711) AND (id <= 1101710))

table 4 : explain SELECT DISTINCT c FROM sbtest4 WHERE id BETWEEN 1534088 AND 1544087 ORDER BY c
	Unique  (cost=37381.08..37434.45 rows=10675 width=121)
	  ->  Sort  (cost=37381.08..37407.76 rows=10675 width=121)
	        Sort Key: c
	        ->  Bitmap Heap Scan on sbtest4  (cost=341.85..36666.81 rows=10675 width=121)
	              Recheck Cond: ((id >= 1534088) AND (id <= 1544087))
	              ->  Bitmap Index Scan on sbtest4_pkey  (cost=0.00..339.19 rows=10675 width=0)
	                    Index Cond: ((id >= 1534088) AND (id <= 1544087))

table 5 : explain SELECT DISTINCT c FROM sbtest5 WHERE id BETWEEN 544697 AND 554696 ORDER BY c
	Unique  (cost=36187.09..36238.51 rows=10285 width=121)
	  ->  Sort  (cost=36187.09..36212.80 rows=10285 width=121)
	        Sort Key: c
	        ->  Bitmap Heap Scan on sbtest5  (cost=329.86..35501.68 rows=10285 width=121)
	              Recheck Cond: ((id >= 544697) AND (id <= 554696))
	              ->  Bitmap Index Scan on sbtest5_pkey  (cost=0.00..327.29 rows=10285 width=0)
	                    Index Cond: ((id >= 544697) AND (id <= 554696))

table 6 : explain SELECT DISTINCT c FROM sbtest6 WHERE id BETWEEN 3809435 AND 3819434 ORDER BY c
	Unique  (cost=36010.30..36061.53 rows=10246 width=121)
	  ->  Sort  (cost=36010.30..36035.91 rows=10246 width=121)
	        Sort Key: c
	        ->  Bitmap Heap Scan on sbtest6  (cost=325.46..35327.77 rows=10246 width=121)
	              Recheck Cond: ((id >= 3809435) AND (id <= 3819434))
	              ->  Bitmap Index Scan on sbtest6_pkey  (cost=0.00..322.90 rows=10246 width=0)
	                    Index Cond: ((id >= 3809435) AND (id <= 3819434))

table 7 : explain SELECT DISTINCT c FROM sbtest7 WHERE id BETWEEN 6872178 AND 6882177 ORDER BY c
	Unique  (cost=32758.96..32805.11 rows=9229 width=121)
	  ->  Sort  (cost=32758.96..32782.03 rows=9229 width=121)
	        Sort Key: c
	        ->  Bitmap Heap Scan on sbtest7  (cost=295.03..32151.14 rows=9229 width=121)
	              Recheck Cond: ((id >= 6872178) AND (id <= 6882177))
	              ->  Bitmap Index Scan on sbtest7_pkey  (cost=0.00..292.73 rows=9229 width=0)
	                    Index Cond: ((id >= 6872178) AND (id <= 6882177))

table 8 : explain SELECT DISTINCT c FROM sbtest8 WHERE id BETWEEN 9416963 AND 9426962 ORDER BY c
	Unique  (cost=37998.29..38052.54 rows=10851 width=121)
	  ->  Sort  (cost=37998.29..38025.41 rows=10851 width=121)
	        Sort Key: c
	        ->  Bitmap Heap Scan on sbtest8  (cost=343.66..37270.97 rows=10851 width=121)
	              Recheck Cond: ((id >= 9416963) AND (id <= 9426962))
	              ->  Bitmap Index Scan on sbtest8_pkey  (cost=0.00..340.94 rows=10851 width=0)
	                    Index Cond: ((id >= 9416963) AND (id <= 9426962))

for: distinct_ranges
table 1 : explain SELECT DISTINCT c FROM sbtest1 WHERE id BETWEEN 4738575 AND 4748574 ORDER BY c
	Unique  (cost=35431.50..35481.56 rows=10011 width=121)
	  ->  Sort  (cost=35431.50..35456.53 rows=10011 width=121)
	        Sort Key: c
	        ->  Bitmap Heap Scan on sbtest1  (cost=319.05..34766.31 rows=10011 width=121)
	              Recheck Cond: ((id >= 4738575) AND (id <= 4748574))
	              ->  Bitmap Index Scan on sbtest1_pkey  (cost=0.00..316.55 rows=10011 width=0)
	                    Index Cond: ((id >= 4738575) AND (id <= 4748574))

table 2 : explain SELECT DISTINCT c FROM sbtest2 WHERE id BETWEEN 7974000 AND 7983999 ORDER BY c
	Unique  (cost=33505.16..33552.55 rows=9479 width=121)
	  ->  Sort  (cost=33505.16..33528.86 rows=9479 width=121)
	        Sort Key: c
	        ->  Bitmap Heap Scan on sbtest2  (cost=305.59..32879.05 rows=9479 width=121)
	              Recheck Cond: ((id >= 7974000) AND (id <= 7983999))
	              ->  Bitmap Index Scan on sbtest2_pkey  (cost=0.00..303.23 rows=9479 width=0)
	                    Index Cond: ((id >= 7974000) AND (id <= 7983999))

table 3 : explain SELECT DISTINCT c FROM sbtest3 WHERE id BETWEEN 9940400 AND 9950399 ORDER BY c
	Unique  (cost=34382.10..34430.88 rows=9756 width=121)
	  ->  Sort  (cost=34382.10..34406.49 rows=9756 width=121)
	        Sort Key: c
	        ->  Bitmap Heap Scan on sbtest3  (cost=308.43..33735.66 rows=9756 width=121)
	              Recheck Cond: ((id >= 9940400) AND (id <= 9950399))
	              ->  Bitmap Index Scan on sbtest3_pkey  (cost=0.00..306.00 rows=9756 width=0)
	                    Index Cond: ((id >= 9940400) AND (id <= 9950399))

table 4 : explain SELECT DISTINCT c FROM sbtest4 WHERE id BETWEEN 9460142 AND 9470141 ORDER BY c
	Unique  (cost=32246.36..32291.76 rows=9080 width=121)
	  ->  Sort  (cost=32246.36..32269.06 rows=9080 width=121)
	        Sort Key: c
	        ->  Bitmap Heap Scan on sbtest4  (cost=293.50..31649.42 rows=9080 width=121)
	              Recheck Cond: ((id >= 9460142) AND (id <= 9470141))
	              ->  Bitmap Index Scan on sbtest4_pkey  (cost=0.00..291.24 rows=9080 width=0)
	                    Index Cond: ((id >= 9460142) AND (id <= 9470141))

table 5 : explain SELECT DISTINCT c FROM sbtest5 WHERE id BETWEEN 9032262 AND 9042261 ORDER BY c
	Unique  (cost=35384.27..35434.45 rows=10036 width=121)
	  ->  Sort  (cost=35384.27..35409.36 rows=10036 width=121)
	        Sort Key: c
	        ->  Bitmap Heap Scan on sbtest5  (cost=319.30..34717.23 rows=10036 width=121)
	              Recheck Cond: ((id >= 9032262) AND (id <= 9042261))
	              ->  Bitmap Index Scan on sbtest5_pkey  (cost=0.00..316.80 rows=10036 width=0)
	                    Index Cond: ((id >= 9032262) AND (id <= 9042261))

table 6 : explain SELECT DISTINCT c FROM sbtest6 WHERE id BETWEEN 1538443 AND 1548442 ORDER BY c
	Unique  (cost=35816.19..35867.12 rows=10185 width=121)
	  ->  Sort  (cost=35816.19..35841.65 rows=10185 width=121)
	        Sort Key: c
	        ->  Bitmap Heap Scan on sbtest6  (cost=324.83..35138.17 rows=10185 width=121)
	              Recheck Cond: ((id >= 1538443) AND (id <= 1548442))
	              ->  Bitmap Index Scan on sbtest6_pkey  (cost=0.00..322.29 rows=10185 width=0)
	                    Index Cond: ((id >= 1538443) AND (id <= 1548442))

table 7 : explain SELECT DISTINCT c FROM sbtest7 WHERE id BETWEEN 9382628 AND 9392627 ORDER BY c
	Unique  (cost=33008.75..33055.28 rows=9306 width=121)
	  ->  Sort  (cost=33008.75..33032.01 rows=9306 width=121)
	        Sort Key: c
	        ->  Bitmap Heap Scan on sbtest7  (cost=295.82..32395.30 rows=9306 width=121)
	              Recheck Cond: ((id >= 9382628) AND (id <= 9392627))
	              ->  Bitmap Index Scan on sbtest7_pkey  (cost=0.00..293.50 rows=9306 width=0)
	                    Index Cond: ((id >= 9382628) AND (id <= 9392627))

table 8 : explain SELECT DISTINCT c FROM sbtest8 WHERE id BETWEEN 7137525 AND 7147524 ORDER BY c
	Unique  (cost=34815.35..34864.64 rows=9858 width=121)
	  ->  Sort  (cost=34815.35..34840.00 rows=9858 width=121)
	        Sort Key: c
	        ->  Bitmap Heap Scan on sbtest8  (cost=313.48..34161.42 rows=9858 width=121)
	              Recheck Cond: ((id >= 7137525) AND (id <= 7147524))
	              ->  Bitmap Index Scan on sbtest8_pkey  (cost=0.00..311.01 rows=9858 width=0)
	                    Index Cond: ((id >= 7137525) AND (id <= 7147524))

for: distinct_ranges
table 1 : explain SELECT DISTINCT c FROM sbtest1 WHERE id BETWEEN 9075327 AND 9085326 ORDER BY c
	Unique  (cost=33467.49..33514.53 rows=9407 width=121)
	  ->  Sort  (cost=33467.49..33491.01 rows=9407 width=121)
	        Sort Key: c
	        ->  Bitmap Heap Scan on sbtest1  (cost=300.86..32846.65 rows=9407 width=121)
	              Recheck Cond: ((id >= 9075327) AND (id <= 9085326))
	              ->  Bitmap Index Scan on sbtest1_pkey  (cost=0.00..298.50 rows=9407 width=0)
	                    Index Cond: ((id >= 9075327) AND (id <= 9085326))

table 2 : explain SELECT DISTINCT c FROM sbtest2 WHERE id BETWEEN 2563438 AND 2573437 ORDER BY c
	Unique  (cost=35534.08..35584.63 rows=10110 width=121)
	  ->  Sort  (cost=35534.08..35559.35 rows=10110 width=121)
	        Sort Key: c
	        ->  Bitmap Heap Scan on sbtest2  (cost=324.06..34861.59 rows=10110 width=121)
	              Recheck Cond: ((id >= 2563438) AND (id <= 2573437))
	              ->  Bitmap Index Scan on sbtest2_pkey  (cost=0.00..321.54 rows=10110 width=0)
	                    Index Cond: ((id >= 2563438) AND (id <= 2573437))

table 3 : explain SELECT DISTINCT c FROM sbtest3 WHERE id BETWEEN 3429541 AND 3439540 ORDER BY c
	Unique  (cost=36092.03..36143.47 rows=10289 width=121)
	  ->  Sort  (cost=36092.03..36117.75 rows=10289 width=121)
	        Sort Key: c
	        ->  Bitmap Heap Scan on sbtest3  (cost=325.90..35406.33 rows=10289 width=121)
	              Recheck Cond: ((id >= 3429541) AND (id <= 3439540))
	              ->  Bitmap Index Scan on sbtest3_pkey  (cost=0.00..323.32 rows=10289 width=0)
	                    Index Cond: ((id >= 3429541) AND (id <= 3439540))

table 4 : explain SELECT DISTINCT c FROM sbtest4 WHERE id BETWEEN 6943362 AND 6953361 ORDER BY c
	Unique  (cost=36301.02..36352.70 rows=10337 width=121)
	  ->  Sort  (cost=36301.02..36326.86 rows=10337 width=121)
	        Sort Key: c
	        ->  Bitmap Heap Scan on sbtest4  (cost=330.39..35611.77 rows=10337 width=121)
	              Recheck Cond: ((id >= 6943362) AND (id <= 6953361))
	              ->  Bitmap Index Scan on sbtest4_pkey  (cost=0.00..327.81 rows=10337 width=0)
	                    Index Cond: ((id >= 6943362) AND (id <= 6953361))

table 5 : explain SELECT DISTINCT c FROM sbtest5 WHERE id BETWEEN 7902938 AND 7912937 ORDER BY c
	Unique  (cost=35440.35..35490.62 rows=10053 width=121)
	  ->  Sort  (cost=35440.35..35465.49 rows=10053 width=121)
	        Sort Key: c
	        ->  Bitmap Heap Scan on sbtest5  (cost=319.48..34772.06 rows=10053 width=121)
	              Recheck Cond: ((id >= 7902938) AND (id <= 7912937))
	              ->  Bitmap Index Scan on sbtest5_pkey  (cost=0.00..316.96 rows=10053 width=0)
	                    Index Cond: ((id >= 7902938) AND (id <= 7912937))

table 6 : explain SELECT DISTINCT c FROM sbtest6 WHERE id BETWEEN 3057383 AND 3067382 ORDER BY c
	Unique  (cost=37501.50..37555.06 rows=10712 width=121)
	  ->  Sort  (cost=37501.50..37528.28 rows=10712 width=121)
	        Sort Key: c
	        ->  Bitmap Heap Scan on sbtest6  (cost=342.23..36784.49 rows=10712 width=121)
	              Recheck Cond: ((id >= 3057383) AND (id <= 3067382))
	              ->  Bitmap Index Scan on sbtest6_pkey  (cost=0.00..339.56 rows=10712 width=0)
	                    Index Cond: ((id >= 3057383) AND (id <= 3067382))

table 7 : explain SELECT DISTINCT c FROM sbtest7 WHERE id BETWEEN 3425582 AND 3435581 ORDER BY c
	Unique  (cost=34000.51..34048.57 rows=9612 width=121)
	  ->  Sort  (cost=34000.51..34024.54 rows=9612 width=121)
	        Sort Key: c
	        ->  Bitmap Heap Scan on sbtest7  (cost=306.96..33364.65 rows=9612 width=121)
	              Recheck Cond: ((id >= 3425582) AND (id <= 3435581))
	              ->  Bitmap Index Scan on sbtest7_pkey  (cost=0.00..304.56 rows=9612 width=0)
	                    Index Cond: ((id >= 3425582) AND (id <= 3435581))

table 8 : explain SELECT DISTINCT c FROM sbtest8 WHERE id BETWEEN 9247825 AND 9257824 ORDER BY c
	Unique  (cost=33702.93..33750.50 rows=9515 width=121)
	  ->  Sort  (cost=33702.93..33726.72 rows=9515 width=121)
	        Sort Key: c
	        ->  Bitmap Heap Scan on sbtest8  (cost=301.96..33074.18 rows=9515 width=121)
	              Recheck Cond: ((id >= 9247825) AND (id <= 9257824))
	              ->  Bitmap Index Scan on sbtest8_pkey  (cost=0.00..299.58 rows=9515 width=0)
	                    Index Cond: ((id >= 9247825) AND (id <= 9257824))

Threads started!

Warming up for 5 seconds...

SQL statistics:
    queries performed:
        read:                            4035575
        write:                           0
        other:                           576538
        total:                           4612113
    transactions:                        288289 (457.54 per sec.)
    queries:                             4612113 (7319.80 per sec.)
    ignored errors:                      0      (0.00 per sec.)
    reconnects:                          0      (0.00 per sec.)

Throughput:
    events/s (eps):                      457.5381
    time elapsed:                        630.0876s
    total number of events:              288289

Latency (ms):
         min:                                   53.77
         avg:                                   87.42
         max:                                  102.82
         95th percentile:                       90.78
         sum:                             25202759.44

Threads fairness:
    events (avg/stddev):           7207.2250/23.68
    execution time (avg/stddev):   630.0690/0.04

