LUA_PATH=/home/mdcallag/git/mytools/bench/sysbench.lua/lua/?.lua /home/mdcallag/git/mytools/bench/sysbench.lua/lua/sysbench --db-driver=pgsql --range-size=100 --table-size=10000000 --tables=8 --threads=40 --events=0 --warmup-time=5 --time=630 --pgsql_conn_id=true /home/mdcallag/git/mytools/bench/sysbench.lua/lua/oltp_range_covered.lua run --pgsql-user=root --pgsql-password=pw --pgsql-host=127.0.0.1 --pgsql-db=ib --rand-type=uniform --random-points=100 --skip-trx --covered=false
48 CPUs
sysbench 1.1.0-9072687 (using bundled LuaJIT 2.1.0-beta3)

Running the test with following options:
Number of threads: 40
Warmup time: 5s
Initializing random number generator from current time


Initializing worker threads...

explain: for range-notcovered :: explain SELECT id, c FROM sbtest%d WHERE id BETWEEN 6774728 AND 6774828
explain: for range-notcovered :: explain SELECT id, c FROM sbtest%d WHERE id BETWEEN 1349417 AND 1349517
explain: for range-notcovered :: explain SELECT id, c FROM sbtest%d WHERE id BETWEEN 3960490 AND 3960590
explain: for range-notcovered :: explain SELECT id, c FROM sbtest%d WHERE id BETWEEN 4850213 AND 4850313
explain: for range-notcovered :: explain SELECT id, c FROM sbtest%d WHERE id BETWEEN 6423872 AND 6423972
explain: for range-notcovered :: explain SELECT id, c FROM sbtest%d WHERE id BETWEEN 2864967 AND 2865067
for range-notcovered
table 1 : explain SELECT id, c FROM sbtest1 WHERE id BETWEEN 6774728 AND 6774828
	Index Scan using sbtest1_pkey on sbtest1  (cost=0.43..412.64 rows=104 width=125)
	  Index Cond: ((id >= 6774728) AND (id <= 6774828))

table 2 : explain SELECT id, c FROM sbtest2 WHERE id BETWEEN 6774728 AND 6774828
	Index Scan using sbtest2_pkey on sbtest2  (cost=0.43..384.11 rows=97 width=125)
	  Index Cond: ((id >= 6774728) AND (id <= 6774828))

table 3 : explain SELECT id, c FROM sbtest3 WHERE id BETWEEN 6774728 AND 6774828
	Index Scan using sbtest3_pkey on sbtest3  (cost=0.43..428.54 rows=108 width=125)
	  Index Cond: ((id >= 6774728) AND (id <= 6774828))

table 4 : explain SELECT id, c FROM sbtest4 WHERE id BETWEEN 6774728 AND 6774828
	Index Scan using sbtest4_pkey on sbtest4  (cost=0.43..399.32 rows=101 width=125)
	  Index Cond: ((id >= 6774728) AND (id <= 6774828))

table 5 : explain SELECT id, c FROM sbtest5 WHERE id BETWEEN 6774728 AND 6774828
	Index Scan using sbtest5_pkey on sbtest5  (cost=0.43..384.27 rows=97 width=125)
	  Index Cond: ((id >= 6774728) AND (id <= 6774828))

table 6 : explain SELECT id, c FROM sbtest6 WHERE id BETWEEN 6774728 AND 6774828
	Index Scan using sbtest6_pkey on sbtest6  (cost=0.43..420.36 rows=106 width=125)
	  Index Cond: ((id >= 6774728) AND (id <= 6774828))

table 7 : explain SELECT id, c FROM sbtest7 WHERE id BETWEEN 6774728 AND 6774828
	Index Scan using sbtest7_pkey on sbtest7  (cost=0.43..372.47 rows=94 width=125)
	  Index Cond: ((id >= 6774728) AND (id <= 6774828))

table 8 : explain SELECT id, c FROM sbtest8 WHERE id BETWEEN 6774728 AND 6774828
	Index Scan using sbtest8_pkey on sbtest8  (cost=0.43..407.92 rows=103 width=125)
	  Index Cond: ((id >= 6774728) AND (id <= 6774828))

explain: for range-notcovered :: explain SELECT id, c FROM sbtest%d WHERE id BETWEEN 6774728 AND 6774828
for range-notcovered
table 1 : explain SELECT id, c FROM sbtest1 WHERE id BETWEEN 1349417 AND 1349517
	Index Scan using sbtest1_pkey on sbtest1  (cost=0.43..393.03 rows=99 width=125)
	  Index Cond: ((id >= 1349417) AND (id <= 1349517))

table 2 : explain SELECT id, c FROM sbtest2 WHERE id BETWEEN 1349417 AND 1349517
	Index Scan using sbtest2_pkey on sbtest2  (cost=0.43..427.17 rows=108 width=125)
	  Index Cond: ((id >= 1349417) AND (id <= 1349517))

table 3 : explain SELECT id, c FROM sbtest3 WHERE id BETWEEN 1349417 AND 1349517
	Index Scan using sbtest3_pkey on sbtest3  (cost=0.43..404.99 rows=102 width=125)
	  Index Cond: ((id >= 1349417) AND (id <= 1349517))

table 4 : explain SELECT id, c FROM sbtest4 WHERE id BETWEEN 1349417 AND 1349517
	Index Scan using sbtest4_pkey on sbtest4  (cost=0.43..379.75 rows=96 width=125)
	  Index Cond: ((id >= 1349417) AND (id <= 1349517))

table 5 : explain SELECT id, c FROM sbtest5 WHERE id BETWEEN 1349417 AND 1349517
	Index Scan using sbtest5_pkey on sbtest5  (cost=0.43..458.64 rows=116 width=125)
	  Index Cond: ((id >= 1349417) AND (id <= 1349517))

table 6 : explain SELECT id, c FROM sbtest6 WHERE id BETWEEN 1349417 AND 1349517
	Index Scan using sbtest6_pkey on sbtest6  (cost=0.43..428.21 rows=108 width=125)
	  Index Cond: ((id >= 1349417) AND (id <= 1349517))

table 7 : explain SELECT id, c FROM sbtest7 WHERE id BETWEEN 1349417 AND 1349517
	Index Scan using sbtest7_pkey on sbtest7  (cost=0.43..399.89 rows=101 width=125)
	  Index Cond: ((id >= 1349417) AND (id <= 1349517))

table 8 : explain SELECT id, c FROM sbtest8 WHERE id BETWEEN 1349417 AND 1349517
	Index Scan using sbtest8_pkey on sbtest8  (cost=0.43..411.84 rows=104 width=125)
	  Index Cond: ((id >= 1349417) AND (id <= 1349517))

for range-notcovered
table 1 : explain SELECT id, c FROM sbtest1 WHERE id BETWEEN 3960490 AND 3960590
	Index Scan using sbtest1_pkey on sbtest1  (cost=0.43..389.10 rows=98 width=125)
	  Index Cond: ((id >= 3960490) AND (id <= 3960590))

table 2 : explain SELECT id, c FROM sbtest2 WHERE id BETWEEN 3960490 AND 3960590
	Index Scan using sbtest2_pkey on sbtest2  (cost=0.43..395.87 rows=100 width=125)
	  Index Cond: ((id >= 3960490) AND (id <= 3960590))

table 3 : explain SELECT id, c FROM sbtest3 WHERE id BETWEEN 3960490 AND 3960590
	Index Scan using sbtest3_pkey on sbtest3  (cost=0.43..444.24 rows=112 width=125)
	  Index Cond: ((id >= 3960490) AND (id <= 3960590))

table 4 : explain SELECT id, c FROM sbtest4 WHERE id BETWEEN 3960490 AND 3960590
	Index Scan using sbtest4_pkey on sbtest4  (cost=0.43..399.32 rows=101 width=125)
	  Index Cond: ((id >= 3960490) AND (id <= 3960590))

table 5 : explain SELECT id, c FROM sbtest5 WHERE id BETWEEN 3960490 AND 3960590
	Index Scan using sbtest5_pkey on sbtest5  (cost=0.43..415.58 rows=105 width=125)
	  Index Cond: ((id >= 3960490) AND (id <= 3960590))

table 6 : explain SELECT id, c FROM sbtest6 WHERE id BETWEEN 3960490 AND 3960590
	Index Scan using sbtest6_pkey on sbtest6  (cost=0.43..400.75 rows=101 width=125)
	  Index Cond: ((id >= 3960490) AND (id <= 3960590))

table 7 : explain SELECT id, c FROM sbtest7 WHERE id BETWEEN 3960490 AND 3960590
	Index Scan using sbtest7_pkey on sbtest7  (cost=0.43..399.89 rows=101 width=125)
	  Index Cond: ((id >= 3960490) AND (id <= 3960590))

table 8 : explain SELECT id, c FROM sbtest8 WHERE id BETWEEN 3960490 AND 3960590
	Index Scan using sbtest8_pkey on sbtest8  (cost=0.43..404.01 rows=102 width=125)
	  Index Cond: ((id >= 3960490) AND (id <= 3960590))

explain: for range-notcovered :: explain SELECT id, c FROM sbtest%d WHERE id BETWEEN 1349417 AND 1349517
explain: for range-notcovered :: explain SELECT id, c FROM sbtest%d WHERE id BETWEEN 3960490 AND 3960590
for range-notcovered
table 1 : explain SELECT id, c FROM sbtest1 WHERE id BETWEEN 3960490 AND 3960590
	Index Scan using sbtest1_pkey on sbtest1  (cost=0.43..389.10 rows=98 width=125)
	  Index Cond: ((id >= 3960490) AND (id <= 3960590))

table 2 : explain SELECT id, c FROM sbtest2 WHERE id BETWEEN 3960490 AND 3960590
	Index Scan using sbtest2_pkey on sbtest2  (cost=0.43..395.87 rows=100 width=125)
	  Index Cond: ((id >= 3960490) AND (id <= 3960590))

table 3 : explain SELECT id, c FROM sbtest3 WHERE id BETWEEN 3960490 AND 3960590
	Index Scan using sbtest3_pkey on sbtest3  (cost=0.43..444.24 rows=112 width=125)
	  Index Cond: ((id >= 3960490) AND (id <= 3960590))

table 4 : explain SELECT id, c FROM sbtest4 WHERE id BETWEEN 3960490 AND 3960590
	Index Scan using sbtest4_pkey on sbtest4  (cost=0.43..399.32 rows=101 width=125)
	  Index Cond: ((id >= 3960490) AND (id <= 3960590))

table 5 : explain SELECT id, c FROM sbtest5 WHERE id BETWEEN 3960490 AND 3960590
	Index Scan using sbtest5_pkey on sbtest5  (cost=0.43..415.58 rows=105 width=125)
	  Index Cond: ((id >= 3960490) AND (id <= 3960590))

table 6 : explain SELECT id, c FROM sbtest6 WHERE id BETWEEN 3960490 AND 3960590
	Index Scan using sbtest6_pkey on sbtest6  (cost=0.43..400.75 rows=101 width=125)
	  Index Cond: ((id >= 3960490) AND (id <= 3960590))

table 7 : explain SELECT id, c FROM sbtest7 WHERE id BETWEEN 3960490 AND 3960590
	Index Scan using sbtest7_pkey on sbtest7  (cost=0.43..399.89 rows=101 width=125)
	  Index Cond: ((id >= 3960490) AND (id <= 3960590))

table 8 : explain SELECT id, c FROM sbtest8 WHERE id BETWEEN 3960490 AND 3960590
	Index Scan using sbtest8_pkey on sbtest8  (cost=0.43..404.01 rows=102 width=125)
	  Index Cond: ((id >= 3960490) AND (id <= 3960590))

explain: for range-notcovered :: explain SELECT id, c FROM sbtest%d WHERE id BETWEEN 3960490 AND 3960590
explain: for range-notcovered :: explain SELECT id, c FROM sbtest%d WHERE id BETWEEN 4511041 AND 4511141
for range-notcovered
table 1 : explain SELECT id, c FROM sbtest1 WHERE id BETWEEN 3960490 AND 3960590
	Index Scan using sbtest1_pkey on sbtest1  (cost=0.43..389.10 rows=98 width=125)
	  Index Cond: ((id >= 3960490) AND (id <= 3960590))

table 2 : explain SELECT id, c FROM sbtest2 WHERE id BETWEEN 3960490 AND 3960590
	Index Scan using sbtest2_pkey on sbtest2  (cost=0.43..395.87 rows=100 width=125)
	  Index Cond: ((id >= 3960490) AND (id <= 3960590))

table 3 : explain SELECT id, c FROM sbtest3 WHERE id BETWEEN 3960490 AND 3960590
	Index Scan using sbtest3_pkey on sbtest3  (cost=0.43..444.24 rows=112 width=125)
	  Index Cond: ((id >= 3960490) AND (id <= 3960590))

table 4 : explain SELECT id, c FROM sbtest4 WHERE id BETWEEN 3960490 AND 3960590
	Index Scan using sbtest4_pkey on sbtest4  (cost=0.43..399.32 rows=101 width=125)
	  Index Cond: ((id >= 3960490) AND (id <= 3960590))

table 5 : explain SELECT id, c FROM sbtest5 WHERE id BETWEEN 3960490 AND 3960590
	Index Scan using sbtest5_pkey on sbtest5  (cost=0.43..415.58 rows=105 width=125)
	  Index Cond: ((id >= 3960490) AND (id <= 3960590))

table 6 : explain SELECT id, c FROM sbtest6 WHERE id BETWEEN 3960490 AND 3960590
	Index Scan using sbtest6_pkey on sbtest6  (cost=0.43..400.75 rows=101 width=125)
	  Index Cond: ((id >= 3960490) AND (id <= 3960590))

table 7 : explain SELECT id, c FROM sbtest7 WHERE id BETWEEN 3960490 AND 3960590
	Index Scan using sbtest7_pkey on sbtest7  (cost=0.43..399.89 rows=101 width=125)
	  Index Cond: ((id >= 3960490) AND (id <= 3960590))

table 8 : explain SELECT id, c FROM sbtest8 WHERE id BETWEEN 3960490 AND 3960590
	Index Scan using sbtest8_pkey on sbtest8  (cost=0.43..404.01 rows=102 width=125)
	  Index Cond: ((id >= 3960490) AND (id <= 3960590))

explain: for range-notcovered :: explain SELECT id, c FROM sbtest%d WHERE id BETWEEN 3960490 AND 3960590
for range-notcovered
table 1 : explain SELECT id, c FROM sbtest1 WHERE id BETWEEN 1349417 AND 1349517
	Index Scan using sbtest1_pkey on sbtest1  (cost=0.43..393.03 rows=99 width=125)
	  Index Cond: ((id >= 1349417) AND (id <= 1349517))

table 2 : explain SELECT id, c FROM sbtest2 WHERE id BETWEEN 1349417 AND 1349517
	Index Scan using sbtest2_pkey on sbtest2  (cost=0.43..427.17 rows=108 width=125)
	  Index Cond: ((id >= 1349417) AND (id <= 1349517))

table 3 : explain SELECT id, c FROM sbtest3 WHERE id BETWEEN 1349417 AND 1349517
	Index Scan using sbtest3_pkey on sbtest3  (cost=0.43..404.99 rows=102 width=125)
	  Index Cond: ((id >= 1349417) AND (id <= 1349517))

table 4 : explain SELECT id, c FROM sbtest4 WHERE id BETWEEN 1349417 AND 1349517
	Index Scan using sbtest4_pkey on sbtest4  (cost=0.43..379.75 rows=96 width=125)
	  Index Cond: ((id >= 1349417) AND (id <= 1349517))

table 5 : explain SELECT id, c FROM sbtest5 WHERE id BETWEEN 1349417 AND 1349517
	Index Scan using sbtest5_pkey on sbtest5  (cost=0.43..458.64 rows=116 width=125)
	  Index Cond: ((id >= 1349417) AND (id <= 1349517))

table 6 : explain SELECT id, c FROM sbtest6 WHERE id BETWEEN 1349417 AND 1349517
	Index Scan using sbtest6_pkey on sbtest6  (cost=0.43..428.21 rows=108 width=125)
	  Index Cond: ((id >= 1349417) AND (id <= 1349517))

table 7 : explain SELECT id, c FROM sbtest7 WHERE id BETWEEN 1349417 AND 1349517
	Index Scan using sbtest7_pkey on sbtest7  (cost=0.43..399.89 rows=101 width=125)
	  Index Cond: ((id >= 1349417) AND (id <= 1349517))

table 8 : explain SELECT id, c FROM sbtest8 WHERE id BETWEEN 1349417 AND 1349517
	Index Scan using sbtest8_pkey on sbtest8  (cost=0.43..411.84 rows=104 width=125)
	  Index Cond: ((id >= 1349417) AND (id <= 1349517))

for range-notcovered
table 1 : explain SELECT id, c FROM sbtest1 WHERE id BETWEEN 6423872 AND 6423972
	Index Scan using sbtest1_pkey on sbtest1  (cost=0.43..444.03 rows=112 width=125)
	  Index Cond: ((id >= 6423872) AND (id <= 6423972))

table 2 : explain SELECT id, c FROM sbtest2 WHERE id BETWEEN 6423872 AND 6423972
	Index Scan using sbtest2_pkey on sbtest2  (cost=0.43..403.70 rows=102 width=125)
	  Index Cond: ((id >= 6423872) AND (id <= 6423972))

table 3 : explain SELECT id, c FROM sbtest3 WHERE id BETWEEN 6423872 AND 6423972
	Index Scan using sbtest3_pkey on sbtest3  (cost=0.43..448.17 rows=113 width=125)
	  Index Cond: ((id >= 6423872) AND (id <= 6423972))

table 4 : explain SELECT id, c FROM sbtest4 WHERE id BETWEEN 6423872 AND 6423972
	Index Scan using sbtest4_pkey on sbtest4  (cost=0.43..422.76 rows=107 width=125)
	  Index Cond: ((id >= 6423872) AND (id <= 6423972))

table 5 : explain SELECT id, c FROM sbtest5 WHERE id BETWEEN 6423872 AND 6423972
	Index Scan using sbtest5_pkey on sbtest5  (cost=0.43..411.67 rows=104 width=125)
	  Index Cond: ((id >= 6423872) AND (id <= 6423972))

table 6 : explain SELECT id, c FROM sbtest6 WHERE id BETWEEN 6423872 AND 6423972
	Index Scan using sbtest6_pkey on sbtest6  (cost=0.43..388.98 rows=98 width=125)
	  Index Cond: ((id >= 6423872) AND (id <= 6423972))

table 7 : explain SELECT id, c FROM sbtest7 WHERE id BETWEEN 6423872 AND 6423972
	Index Scan using sbtest7_pkey on sbtest7  (cost=0.43..454.68 rows=115 width=125)
	  Index Cond: ((id >= 6423872) AND (id <= 6423972))

table 8 : explain SELECT id, c FROM sbtest8 WHERE id BETWEEN 6423872 AND 6423972
	Index Scan using sbtest8_pkey on sbtest8  (cost=0.43..411.84 rows=104 width=125)
	  Index Cond: ((id >= 6423872) AND (id <= 6423972))

for range-notcovered
table 1 : explain SELECT id, c FROM sbtest1 WHERE id BETWEEN 6774728 AND 6774828
	Index Scan using sbtest1_pkey on sbtest1  (cost=0.43..412.64 rows=104 width=125)
	  Index Cond: ((id >= 6774728) AND (id <= 6774828))

table 2 : explain SELECT id, c FROM sbtest2 WHERE id BETWEEN 6774728 AND 6774828
	Index Scan using sbtest2_pkey on sbtest2  (cost=0.43..384.11 rows=97 width=125)
	  Index Cond: ((id >= 6774728) AND (id <= 6774828))

table 3 : explain SELECT id, c FROM sbtest3 WHERE id BETWEEN 6774728 AND 6774828
	Index Scan using sbtest3_pkey on sbtest3  (cost=0.43..428.54 rows=108 width=125)
	  Index Cond: ((id >= 6774728) AND (id <= 6774828))

table 4 : explain SELECT id, c FROM sbtest4 WHERE id BETWEEN 6774728 AND 6774828
	Index Scan using sbtest4_pkey on sbtest4  (cost=0.43..399.32 rows=101 width=125)
	  Index Cond: ((id >= 6774728) AND (id <= 6774828))

table 5 : explain SELECT id, c FROM sbtest5 WHERE id BETWEEN 6774728 AND 6774828
	Index Scan using sbtest5_pkey on sbtest5  (cost=0.43..384.27 rows=97 width=125)
	  Index Cond: ((id >= 6774728) AND (id <= 6774828))

table 6 : explain SELECT id, c FROM sbtest6 WHERE id BETWEEN 6774728 AND 6774828
	Index Scan using sbtest6_pkey on sbtest6  (cost=0.43..420.36 rows=106 width=125)
	  Index Cond: ((id >= 6774728) AND (id <= 6774828))

table 7 : explain SELECT id, c FROM sbtest7 WHERE id BETWEEN 6774728 AND 6774828
	Index Scan using sbtest7_pkey on sbtest7  (cost=0.43..372.47 rows=94 width=125)
	  Index Cond: ((id >= 6774728) AND (id <= 6774828))

table 8 : explain SELECT id, c FROM sbtest8 WHERE id BETWEEN 6774728 AND 6774828
	Index Scan using sbtest8_pkey on sbtest8  (cost=0.43..407.92 rows=103 width=125)
	  Index Cond: ((id >= 6774728) AND (id <= 6774828))

explain: for range-notcovered :: explain SELECT id, c FROM sbtest%d WHERE id BETWEEN 1349417 AND 1349517
explain: for range-notcovered :: explain SELECT id, c FROM sbtest%d WHERE id BETWEEN 6423872 AND 6423972
explain: for range-notcovered :: explain SELECT id, c FROM sbtest%d WHERE id BETWEEN 6774728 AND 6774828
for range-notcovered
table 1 : explain SELECT id, c FROM sbtest1 WHERE id BETWEEN 3960490 AND 3960590
	Index Scan using sbtest1_pkey on sbtest1  (cost=0.43..389.10 rows=98 width=125)
	  Index Cond: ((id >= 3960490) AND (id <= 3960590))

table 2 : explain SELECT id, c FROM sbtest2 WHERE id BETWEEN 3960490 AND 3960590
	Index Scan using sbtest2_pkey on sbtest2  (cost=0.43..395.87 rows=100 width=125)
	  Index Cond: ((id >= 3960490) AND (id <= 3960590))

table 3 : explain SELECT id, c FROM sbtest3 WHERE id BETWEEN 3960490 AND 3960590
	Index Scan using sbtest3_pkey on sbtest3  (cost=0.43..444.24 rows=112 width=125)
	  Index Cond: ((id >= 3960490) AND (id <= 3960590))

table 4 : explain SELECT id, c FROM sbtest4 WHERE id BETWEEN 3960490 AND 3960590
	Index Scan using sbtest4_pkey on sbtest4  (cost=0.43..399.32 rows=101 width=125)
	  Index Cond: ((id >= 3960490) AND (id <= 3960590))

table 5 : explain SELECT id, c FROM sbtest5 WHERE id BETWEEN 3960490 AND 3960590
	Index Scan using sbtest5_pkey on sbtest5  (cost=0.43..415.58 rows=105 width=125)
	  Index Cond: ((id >= 3960490) AND (id <= 3960590))

table 6 : explain SELECT id, c FROM sbtest6 WHERE id BETWEEN 3960490 AND 3960590
	Index Scan using sbtest6_pkey on sbtest6  (cost=0.43..400.75 rows=101 width=125)
	  Index Cond: ((id >= 3960490) AND (id <= 3960590))

table 7 : explain SELECT id, c FROM sbtest7 WHERE id BETWEEN 3960490 AND 3960590
	Index Scan using sbtest7_pkey on sbtest7  (cost=0.43..399.89 rows=101 width=125)
	  Index Cond: ((id >= 3960490) AND (id <= 3960590))

table 8 : explain SELECT id, c FROM sbtest8 WHERE id BETWEEN 3960490 AND 3960590
	Index Scan using sbtest8_pkey on sbtest8  (cost=0.43..404.01 rows=102 width=125)
	  Index Cond: ((id >= 3960490) AND (id <= 3960590))

explain: for range-notcovered :: explain SELECT id, c FROM sbtest%d WHERE id BETWEEN 3960490 AND 3960590
for range-notcovered
table 1 : explain SELECT id, c FROM sbtest1 WHERE id BETWEEN 6423872 AND 6423972
	Index Scan using sbtest1_pkey on sbtest1  (cost=0.43..444.03 rows=112 width=125)
	  Index Cond: ((id >= 6423872) AND (id <= 6423972))

table 2 : explain SELECT id, c FROM sbtest2 WHERE id BETWEEN 6423872 AND 6423972
	Index Scan using sbtest2_pkey on sbtest2  (cost=0.43..403.70 rows=102 width=125)
	  Index Cond: ((id >= 6423872) AND (id <= 6423972))

table 3 : explain SELECT id, c FROM sbtest3 WHERE id BETWEEN 6423872 AND 6423972
	Index Scan using sbtest3_pkey on sbtest3  (cost=0.43..448.17 rows=113 width=125)
	  Index Cond: ((id >= 6423872) AND (id <= 6423972))

table 4 : explain SELECT id, c FROM sbtest4 WHERE id BETWEEN 6423872 AND 6423972
	Index Scan using sbtest4_pkey on sbtest4  (cost=0.43..422.76 rows=107 width=125)
	  Index Cond: ((id >= 6423872) AND (id <= 6423972))

table 5 : explain SELECT id, c FROM sbtest5 WHERE id BETWEEN 6423872 AND 6423972
	Index Scan using sbtest5_pkey on sbtest5  (cost=0.43..411.67 rows=104 width=125)
	  Index Cond: ((id >= 6423872) AND (id <= 6423972))

table 6 : explain SELECT id, c FROM sbtest6 WHERE id BETWEEN 6423872 AND 6423972
	Index Scan using sbtest6_pkey on sbtest6  (cost=0.43..388.98 rows=98 width=125)
	  Index Cond: ((id >= 6423872) AND (id <= 6423972))

table 7 : explain SELECT id, c FROM sbtest7 WHERE id BETWEEN 6423872 AND 6423972
	Index Scan using sbtest7_pkey on sbtest7  (cost=0.43..454.68 rows=115 width=125)
	  Index Cond: ((id >= 6423872) AND (id <= 6423972))

table 8 : explain SELECT id, c FROM sbtest8 WHERE id BETWEEN 6423872 AND 6423972
	Index Scan using sbtest8_pkey on sbtest8  (cost=0.43..411.84 rows=104 width=125)
	  Index Cond: ((id >= 6423872) AND (id <= 6423972))

explain: for range-notcovered :: explain SELECT id, c FROM sbtest%d WHERE id BETWEEN 6423872 AND 6423972
for range-notcovered
table 1 : explain SELECT id, c FROM sbtest1 WHERE id BETWEEN 1349417 AND 1349517
	Index Scan using sbtest1_pkey on sbtest1  (cost=0.43..393.03 rows=99 width=125)
	  Index Cond: ((id >= 1349417) AND (id <= 1349517))

table 2 : explain SELECT id, c FROM sbtest2 WHERE id BETWEEN 1349417 AND 1349517
	Index Scan using sbtest2_pkey on sbtest2  (cost=0.43..427.17 rows=108 width=125)
	  Index Cond: ((id >= 1349417) AND (id <= 1349517))

table 3 : explain SELECT id, c FROM sbtest3 WHERE id BETWEEN 1349417 AND 1349517
	Index Scan using sbtest3_pkey on sbtest3  (cost=0.43..404.99 rows=102 width=125)
	  Index Cond: ((id >= 1349417) AND (id <= 1349517))

table 4 : explain SELECT id, c FROM sbtest4 WHERE id BETWEEN 1349417 AND 1349517
	Index Scan using sbtest4_pkey on sbtest4  (cost=0.43..379.75 rows=96 width=125)
	  Index Cond: ((id >= 1349417) AND (id <= 1349517))

table 5 : explain SELECT id, c FROM sbtest5 WHERE id BETWEEN 1349417 AND 1349517
	Index Scan using sbtest5_pkey on sbtest5  (cost=0.43..458.64 rows=116 width=125)
	  Index Cond: ((id >= 1349417) AND (id <= 1349517))

table 6 : explain SELECT id, c FROM sbtest6 WHERE id BETWEEN 1349417 AND 1349517
	Index Scan using sbtest6_pkey on sbtest6  (cost=0.43..428.21 rows=108 width=125)
	  Index Cond: ((id >= 1349417) AND (id <= 1349517))

table 7 : explain SELECT id, c FROM sbtest7 WHERE id BETWEEN 1349417 AND 1349517
	Index Scan using sbtest7_pkey on sbtest7  (cost=0.43..399.89 rows=101 width=125)
	  Index Cond: ((id >= 1349417) AND (id <= 1349517))

table 8 : explain SELECT id, c FROM sbtest8 WHERE id BETWEEN 1349417 AND 1349517
	Index Scan using sbtest8_pkey on sbtest8  (cost=0.43..411.84 rows=104 width=125)
	  Index Cond: ((id >= 1349417) AND (id <= 1349517))

for range-notcovered
table 1 : explain SELECT id, c FROM sbtest1 WHERE id BETWEEN 6423872 AND 6423972
	Index Scan using sbtest1_pkey on sbtest1  (cost=0.43..444.03 rows=112 width=125)
	  Index Cond: ((id >= 6423872) AND (id <= 6423972))

table 2 : explain SELECT id, c FROM sbtest2 WHERE id BETWEEN 6423872 AND 6423972
	Index Scan using sbtest2_pkey on sbtest2  (cost=0.43..403.70 rows=102 width=125)
	  Index Cond: ((id >= 6423872) AND (id <= 6423972))

table 3 : explain SELECT id, c FROM sbtest3 WHERE id BETWEEN 6423872 AND 6423972
	Index Scan using sbtest3_pkey on sbtest3  (cost=0.43..448.17 rows=113 width=125)
	  Index Cond: ((id >= 6423872) AND (id <= 6423972))

table 4 : explain SELECT id, c FROM sbtest4 WHERE id BETWEEN 6423872 AND 6423972
	Index Scan using sbtest4_pkey on sbtest4  (cost=0.43..422.76 rows=107 width=125)
	  Index Cond: ((id >= 6423872) AND (id <= 6423972))

table 5 : explain SELECT id, c FROM sbtest5 WHERE id BETWEEN 6423872 AND 6423972
	Index Scan using sbtest5_pkey on sbtest5  (cost=0.43..411.67 rows=104 width=125)
	  Index Cond: ((id >= 6423872) AND (id <= 6423972))

table 6 : explain SELECT id, c FROM sbtest6 WHERE id BETWEEN 6423872 AND 6423972
	Index Scan using sbtest6_pkey on sbtest6  (cost=0.43..388.98 rows=98 width=125)
	  Index Cond: ((id >= 6423872) AND (id <= 6423972))

table 7 : explain SELECT id, c FROM sbtest7 WHERE id BETWEEN 6423872 AND 6423972
	Index Scan using sbtest7_pkey on sbtest7  (cost=0.43..454.68 rows=115 width=125)
	  Index Cond: ((id >= 6423872) AND (id <= 6423972))

table 8 : explain SELECT id, c FROM sbtest8 WHERE id BETWEEN 6423872 AND 6423972
	Index Scan using sbtest8_pkey on sbtest8  (cost=0.43..411.84 rows=104 width=125)
	  Index Cond: ((id >= 6423872) AND (id <= 6423972))

explain: for range-notcovered :: explain SELECT id, c FROM sbtest%d WHERE id BETWEEN 1349417 AND 1349517
explain: for range-notcovered :: explain SELECT id, c FROM sbtest%d WHERE id BETWEEN 6423872 AND 6423972
for range-notcovered
table 1 : explain SELECT id, c FROM sbtest1 WHERE id BETWEEN 6774728 AND 6774828
	Index Scan using sbtest1_pkey on sbtest1  (cost=0.43..412.64 rows=104 width=125)
	  Index Cond: ((id >= 6774728) AND (id <= 6774828))

table 2 : explain SELECT id, c FROM sbtest2 WHERE id BETWEEN 6774728 AND 6774828
	Index Scan using sbtest2_pkey on sbtest2  (cost=0.43..384.11 rows=97 width=125)
	  Index Cond: ((id >= 6774728) AND (id <= 6774828))

table 3 : explain SELECT id, c FROM sbtest3 WHERE id BETWEEN 6774728 AND 6774828
	Index Scan using sbtest3_pkey on sbtest3  (cost=0.43..428.54 rows=108 width=125)
	  Index Cond: ((id >= 6774728) AND (id <= 6774828))

table 4 : explain SELECT id, c FROM sbtest4 WHERE id BETWEEN 6774728 AND 6774828
	Index Scan using sbtest4_pkey on sbtest4  (cost=0.43..399.32 rows=101 width=125)
	  Index Cond: ((id >= 6774728) AND (id <= 6774828))

table 5 : explain SELECT id, c FROM sbtest5 WHERE id BETWEEN 6774728 AND 6774828
	Index Scan using sbtest5_pkey on sbtest5  (cost=0.43..384.27 rows=97 width=125)
	  Index Cond: ((id >= 6774728) AND (id <= 6774828))

table 6 : explain SELECT id, c FROM sbtest6 WHERE id BETWEEN 6774728 AND 6774828
	Index Scan using sbtest6_pkey on sbtest6  (cost=0.43..420.36 rows=106 width=125)
	  Index Cond: ((id >= 6774728) AND (id <= 6774828))

table 7 : explain SELECT id, c FROM sbtest7 WHERE id BETWEEN 6774728 AND 6774828
	Index Scan using sbtest7_pkey on sbtest7  (cost=0.43..372.47 rows=94 width=125)
	  Index Cond: ((id >= 6774728) AND (id <= 6774828))

table 8 : explain SELECT id, c FROM sbtest8 WHERE id BETWEEN 6774728 AND 6774828
	Index Scan using sbtest8_pkey on sbtest8  (cost=0.43..407.92 rows=103 width=125)
	  Index Cond: ((id >= 6774728) AND (id <= 6774828))

explain: for range-notcovered :: explain SELECT id, c FROM sbtest%d WHERE id BETWEEN 6774728 AND 6774828
for range-notcovered
table 1 : explain SELECT id, c FROM sbtest1 WHERE id BETWEEN 3960490 AND 3960590
	Index Scan using sbtest1_pkey on sbtest1  (cost=0.43..389.10 rows=98 width=125)
	  Index Cond: ((id >= 3960490) AND (id <= 3960590))

table 2 : explain SELECT id, c FROM sbtest2 WHERE id BETWEEN 3960490 AND 3960590
	Index Scan using sbtest2_pkey on sbtest2  (cost=0.43..395.87 rows=100 width=125)
	  Index Cond: ((id >= 3960490) AND (id <= 3960590))

table 3 : explain SELECT id, c FROM sbtest3 WHERE id BETWEEN 3960490 AND 3960590
	Index Scan using sbtest3_pkey on sbtest3  (cost=0.43..444.24 rows=112 width=125)
	  Index Cond: ((id >= 3960490) AND (id <= 3960590))

table 4 : explain SELECT id, c FROM sbtest4 WHERE id BETWEEN 3960490 AND 3960590
	Index Scan using sbtest4_pkey on sbtest4  (cost=0.43..399.32 rows=101 width=125)
	  Index Cond: ((id >= 3960490) AND (id <= 3960590))

table 5 : explain SELECT id, c FROM sbtest5 WHERE id BETWEEN 3960490 AND 3960590
	Index Scan using sbtest5_pkey on sbtest5  (cost=0.43..415.58 rows=105 width=125)
	  Index Cond: ((id >= 3960490) AND (id <= 3960590))

table 6 : explain SELECT id, c FROM sbtest6 WHERE id BETWEEN 3960490 AND 3960590
	Index Scan using sbtest6_pkey on sbtest6  (cost=0.43..400.75 rows=101 width=125)
	  Index Cond: ((id >= 3960490) AND (id <= 3960590))

table 7 : explain SELECT id, c FROM sbtest7 WHERE id BETWEEN 3960490 AND 3960590
	Index Scan using sbtest7_pkey on sbtest7  (cost=0.43..399.89 rows=101 width=125)
	  Index Cond: ((id >= 3960490) AND (id <= 3960590))

table 8 : explain SELECT id, c FROM sbtest8 WHERE id BETWEEN 3960490 AND 3960590
	Index Scan using sbtest8_pkey on sbtest8  (cost=0.43..404.01 rows=102 width=125)
	  Index Cond: ((id >= 3960490) AND (id <= 3960590))

explain: for range-notcovered :: explain SELECT id, c FROM sbtest%d WHERE id BETWEEN 3960490 AND 3960590
for range-notcovered
table 1 : explain SELECT id, c FROM sbtest1 WHERE id BETWEEN 1349417 AND 1349517
	Index Scan using sbtest1_pkey on sbtest1  (cost=0.43..393.03 rows=99 width=125)
	  Index Cond: ((id >= 1349417) AND (id <= 1349517))

table 2 : explain SELECT id, c FROM sbtest2 WHERE id BETWEEN 1349417 AND 1349517
	Index Scan using sbtest2_pkey on sbtest2  (cost=0.43..427.17 rows=108 width=125)
	  Index Cond: ((id >= 1349417) AND (id <= 1349517))

table 3 : explain SELECT id, c FROM sbtest3 WHERE id BETWEEN 1349417 AND 1349517
	Index Scan using sbtest3_pkey on sbtest3  (cost=0.43..404.99 rows=102 width=125)
	  Index Cond: ((id >= 1349417) AND (id <= 1349517))

table 4 : explain SELECT id, c FROM sbtest4 WHERE id BETWEEN 1349417 AND 1349517
	Index Scan using sbtest4_pkey on sbtest4  (cost=0.43..379.75 rows=96 width=125)
	  Index Cond: ((id >= 1349417) AND (id <= 1349517))

table 5 : explain SELECT id, c FROM sbtest5 WHERE id BETWEEN 1349417 AND 1349517
	Index Scan using sbtest5_pkey on sbtest5  (cost=0.43..458.64 rows=116 width=125)
	  Index Cond: ((id >= 1349417) AND (id <= 1349517))

table 6 : explain SELECT id, c FROM sbtest6 WHERE id BETWEEN 1349417 AND 1349517
	Index Scan using sbtest6_pkey on sbtest6  (cost=0.43..428.21 rows=108 width=125)
	  Index Cond: ((id >= 1349417) AND (id <= 1349517))

table 7 : explain SELECT id, c FROM sbtest7 WHERE id BETWEEN 1349417 AND 1349517
	Index Scan using sbtest7_pkey on sbtest7  (cost=0.43..399.89 rows=101 width=125)
	  Index Cond: ((id >= 1349417) AND (id <= 1349517))

table 8 : explain SELECT id, c FROM sbtest8 WHERE id BETWEEN 1349417 AND 1349517
	Index Scan using sbtest8_pkey on sbtest8  (cost=0.43..411.84 rows=104 width=125)
	  Index Cond: ((id >= 1349417) AND (id <= 1349517))

explain: for range-notcovered :: explain SELECT id, c FROM sbtest%d WHERE id BETWEEN 1349417 AND 1349517
for range-notcovered
table 1 : explain SELECT id, c FROM sbtest1 WHERE id BETWEEN 2864967 AND 2865067
	Index Scan using sbtest1_pkey on sbtest1  (cost=0.43..373.41 rows=94 width=125)
	  Index Cond: ((id >= 2864967) AND (id <= 2865067))

table 2 : explain SELECT id, c FROM sbtest2 WHERE id BETWEEN 2864967 AND 2865067
	Index Scan using sbtest2_pkey on sbtest2  (cost=0.43..384.11 rows=97 width=125)
	  Index Cond: ((id >= 2864967) AND (id <= 2865067))

table 3 : explain SELECT id, c FROM sbtest3 WHERE id BETWEEN 2864967 AND 2865067
	Index Scan using sbtest3_pkey on sbtest3  (cost=0.43..377.49 rows=95 width=125)
	  Index Cond: ((id >= 2864967) AND (id <= 2865067))

table 4 : explain SELECT id, c FROM sbtest4 WHERE id BETWEEN 2864967 AND 2865067
	Index Scan using sbtest4_pkey on sbtest4  (cost=0.43..442.30 rows=112 width=125)
	  Index Cond: ((id >= 2864967) AND (id <= 2865067))

table 5 : explain SELECT id, c FROM sbtest5 WHERE id BETWEEN 2864967 AND 2865067
	Index Scan using sbtest5_pkey on sbtest5  (cost=0.43..407.76 rows=103 width=125)
	  Index Cond: ((id >= 2864967) AND (id <= 2865067))

table 6 : explain SELECT id, c FROM sbtest6 WHERE id BETWEEN 2864967 AND 2865067
	Index Scan using sbtest6_pkey on sbtest6  (cost=0.43..412.52 rows=104 width=125)
	  Index Cond: ((id >= 2864967) AND (id <= 2865067))

table 7 : explain SELECT id, c FROM sbtest7 WHERE id BETWEEN 2864967 AND 2865067
	Index Scan using sbtest7_pkey on sbtest7  (cost=0.43..388.15 rows=98 width=125)
	  Index Cond: ((id >= 2864967) AND (id <= 2865067))

table 8 : explain SELECT id, c FROM sbtest8 WHERE id BETWEEN 2864967 AND 2865067
	Index Scan using sbtest8_pkey on sbtest8  (cost=0.43..368.74 rows=93 width=125)
	  Index Cond: ((id >= 2864967) AND (id <= 2865067))

for range-notcovered
table 1 : explain SELECT id, c FROM sbtest1 WHERE id BETWEEN 3960490 AND 3960590
	Index Scan using sbtest1_pkey on sbtest1  (cost=0.43..389.10 rows=98 width=125)
	  Index Cond: ((id >= 3960490) AND (id <= 3960590))

table 2 : explain SELECT id, c FROM sbtest2 WHERE id BETWEEN 3960490 AND 3960590
	Index Scan using sbtest2_pkey on sbtest2  (cost=0.43..395.87 rows=100 width=125)
	  Index Cond: ((id >= 3960490) AND (id <= 3960590))

table 3 : explain SELECT id, c FROM sbtest3 WHERE id BETWEEN 3960490 AND 3960590
	Index Scan using sbtest3_pkey on sbtest3  (cost=0.43..444.24 rows=112 width=125)
	  Index Cond: ((id >= 3960490) AND (id <= 3960590))

table 4 : explain SELECT id, c FROM sbtest4 WHERE id BETWEEN 3960490 AND 3960590
	Index Scan using sbtest4_pkey on sbtest4  (cost=0.43..399.32 rows=101 width=125)
	  Index Cond: ((id >= 3960490) AND (id <= 3960590))

table 5 : explain SELECT id, c FROM sbtest5 WHERE id BETWEEN 3960490 AND 3960590
	Index Scan using sbtest5_pkey on sbtest5  (cost=0.43..415.58 rows=105 width=125)
	  Index Cond: ((id >= 3960490) AND (id <= 3960590))

table 6 : explain SELECT id, c FROM sbtest6 WHERE id BETWEEN 3960490 AND 3960590
	Index Scan using sbtest6_pkey on sbtest6  (cost=0.43..400.75 rows=101 width=125)
	  Index Cond: ((id >= 3960490) AND (id <= 3960590))

table 7 : explain SELECT id, c FROM sbtest7 WHERE id BETWEEN 3960490 AND 3960590
	Index Scan using sbtest7_pkey on sbtest7  (cost=0.43..399.89 rows=101 width=125)
	  Index Cond: ((id >= 3960490) AND (id <= 3960590))

table 8 : explain SELECT id, c FROM sbtest8 WHERE id BETWEEN 3960490 AND 3960590
	Index Scan using sbtest8_pkey on sbtest8  (cost=0.43..404.01 rows=102 width=125)
	  Index Cond: ((id >= 3960490) AND (id <= 3960590))

for range-notcovered
table 1 : explain SELECT id, c FROM sbtest1 WHERE id BETWEEN 6423872 AND 6423972
	Index Scan using sbtest1_pkey on sbtest1  (cost=0.43..444.03 rows=112 width=125)
	  Index Cond: ((id >= 6423872) AND (id <= 6423972))

table 2 : explain SELECT id, c FROM sbtest2 WHERE id BETWEEN 6423872 AND 6423972
	Index Scan using sbtest2_pkey on sbtest2  (cost=0.43..403.70 rows=102 width=125)
	  Index Cond: ((id >= 6423872) AND (id <= 6423972))

table 3 : explain SELECT id, c FROM sbtest3 WHERE id BETWEEN 6423872 AND 6423972
	Index Scan using sbtest3_pkey on sbtest3  (cost=0.43..448.17 rows=113 width=125)
	  Index Cond: ((id >= 6423872) AND (id <= 6423972))

table 4 : explain SELECT id, c FROM sbtest4 WHERE id BETWEEN 6423872 AND 6423972
	Index Scan using sbtest4_pkey on sbtest4  (cost=0.43..422.76 rows=107 width=125)
	  Index Cond: ((id >= 6423872) AND (id <= 6423972))

table 5 : explain SELECT id, c FROM sbtest5 WHERE id BETWEEN 6423872 AND 6423972
	Index Scan using sbtest5_pkey on sbtest5  (cost=0.43..411.67 rows=104 width=125)
	  Index Cond: ((id >= 6423872) AND (id <= 6423972))

table 6 : explain SELECT id, c FROM sbtest6 WHERE id BETWEEN 6423872 AND 6423972
	Index Scan using sbtest6_pkey on sbtest6  (cost=0.43..388.98 rows=98 width=125)
	  Index Cond: ((id >= 6423872) AND (id <= 6423972))

table 7 : explain SELECT id, c FROM sbtest7 WHERE id BETWEEN 6423872 AND 6423972
	Index Scan using sbtest7_pkey on sbtest7  (cost=0.43..454.68 rows=115 width=125)
	  Index Cond: ((id >= 6423872) AND (id <= 6423972))

table 8 : explain SELECT id, c FROM sbtest8 WHERE id BETWEEN 6423872 AND 6423972
	Index Scan using sbtest8_pkey on sbtest8  (cost=0.43..411.84 rows=104 width=125)
	  Index Cond: ((id >= 6423872) AND (id <= 6423972))

explain: for range-notcovered :: explain SELECT id, c FROM sbtest%d WHERE id BETWEEN 3960490 AND 3960590
explain: for range-notcovered :: explain SELECT id, c FROM sbtest%d WHERE id BETWEEN 2864967 AND 2865067
explain: for range-notcovered :: explain SELECT id, c FROM sbtest%d WHERE id BETWEEN 6423872 AND 6423972
for range-notcovered
table 1 : explain SELECT id, c FROM sbtest1 WHERE id BETWEEN 6774728 AND 6774828
	Index Scan using sbtest1_pkey on sbtest1  (cost=0.43..412.64 rows=104 width=125)
	  Index Cond: ((id >= 6774728) AND (id <= 6774828))

table 2 : explain SELECT id, c FROM sbtest2 WHERE id BETWEEN 6774728 AND 6774828
	Index Scan using sbtest2_pkey on sbtest2  (cost=0.43..384.11 rows=97 width=125)
	  Index Cond: ((id >= 6774728) AND (id <= 6774828))

table 3 : explain SELECT id, c FROM sbtest3 WHERE id BETWEEN 6774728 AND 6774828
	Index Scan using sbtest3_pkey on sbtest3  (cost=0.43..428.54 rows=108 width=125)
	  Index Cond: ((id >= 6774728) AND (id <= 6774828))

table 4 : explain SELECT id, c FROM sbtest4 WHERE id BETWEEN 6774728 AND 6774828
	Index Scan using sbtest4_pkey on sbtest4  (cost=0.43..399.32 rows=101 width=125)
	  Index Cond: ((id >= 6774728) AND (id <= 6774828))

table 5 : explain SELECT id, c FROM sbtest5 WHERE id BETWEEN 6774728 AND 6774828
	Index Scan using sbtest5_pkey on sbtest5  (cost=0.43..384.27 rows=97 width=125)
	  Index Cond: ((id >= 6774728) AND (id <= 6774828))

table 6 : explain SELECT id, c FROM sbtest6 WHERE id BETWEEN 6774728 AND 6774828
	Index Scan using sbtest6_pkey on sbtest6  (cost=0.43..420.36 rows=106 width=125)
	  Index Cond: ((id >= 6774728) AND (id <= 6774828))

table 7 : explain SELECT id, c FROM sbtest7 WHERE id BETWEEN 6774728 AND 6774828
	Index Scan using sbtest7_pkey on sbtest7  (cost=0.43..372.47 rows=94 width=125)
	  Index Cond: ((id >= 6774728) AND (id <= 6774828))

table 8 : explain SELECT id, c FROM sbtest8 WHERE id BETWEEN 6774728 AND 6774828
	Index Scan using sbtest8_pkey on sbtest8  (cost=0.43..407.92 rows=103 width=125)
	  Index Cond: ((id >= 6774728) AND (id <= 6774828))

for range-notcovered
table 1 : explain SELECT id, c FROM sbtest1 WHERE id BETWEEN 1349417 AND 1349517
	Index Scan using sbtest1_pkey on sbtest1  (cost=0.43..393.03 rows=99 width=125)
	  Index Cond: ((id >= 1349417) AND (id <= 1349517))

table 2 : explain SELECT id, c FROM sbtest2 WHERE id BETWEEN 1349417 AND 1349517
	Index Scan using sbtest2_pkey on sbtest2  (cost=0.43..427.17 rows=108 width=125)
	  Index Cond: ((id >= 1349417) AND (id <= 1349517))

table 3 : explain SELECT id, c FROM sbtest3 WHERE id BETWEEN 1349417 AND 1349517
	Index Scan using sbtest3_pkey on sbtest3  (cost=0.43..404.99 rows=102 width=125)
	  Index Cond: ((id >= 1349417) AND (id <= 1349517))

table 4 : explain SELECT id, c FROM sbtest4 WHERE id BETWEEN 1349417 AND 1349517
	Index Scan using sbtest4_pkey on sbtest4  (cost=0.43..379.75 rows=96 width=125)
	  Index Cond: ((id >= 1349417) AND (id <= 1349517))

table 5 : explain SELECT id, c FROM sbtest5 WHERE id BETWEEN 1349417 AND 1349517
	Index Scan using sbtest5_pkey on sbtest5  (cost=0.43..458.64 rows=116 width=125)
	  Index Cond: ((id >= 1349417) AND (id <= 1349517))

table 6 : explain SELECT id, c FROM sbtest6 WHERE id BETWEEN 1349417 AND 1349517
	Index Scan using sbtest6_pkey on sbtest6  (cost=0.43..428.21 rows=108 width=125)
	  Index Cond: ((id >= 1349417) AND (id <= 1349517))

table 7 : explain SELECT id, c FROM sbtest7 WHERE id BETWEEN 1349417 AND 1349517
	Index Scan using sbtest7_pkey on sbtest7  (cost=0.43..399.89 rows=101 width=125)
	  Index Cond: ((id >= 1349417) AND (id <= 1349517))

table 8 : explain SELECT id, c FROM sbtest8 WHERE id BETWEEN 1349417 AND 1349517
	Index Scan using sbtest8_pkey on sbtest8  (cost=0.43..411.84 rows=104 width=125)
	  Index Cond: ((id >= 1349417) AND (id <= 1349517))

explain: for range-notcovered :: explain SELECT id, c FROM sbtest%d WHERE id BETWEEN 6774728 AND 6774828
explain: for range-notcovered :: explain SELECT id, c FROM sbtest%d WHERE id BETWEEN 1349417 AND 1349517
for range-notcovered
table 1 : explain SELECT id, c FROM sbtest1 WHERE id BETWEEN 3960490 AND 3960590
	Index Scan using sbtest1_pkey on sbtest1  (cost=0.43..389.10 rows=98 width=125)
	  Index Cond: ((id >= 3960490) AND (id <= 3960590))

table 2 : explain SELECT id, c FROM sbtest2 WHERE id BETWEEN 3960490 AND 3960590
	Index Scan using sbtest2_pkey on sbtest2  (cost=0.43..395.87 rows=100 width=125)
	  Index Cond: ((id >= 3960490) AND (id <= 3960590))

table 3 : explain SELECT id, c FROM sbtest3 WHERE id BETWEEN 3960490 AND 3960590
	Index Scan using sbtest3_pkey on sbtest3  (cost=0.43..444.24 rows=112 width=125)
	  Index Cond: ((id >= 3960490) AND (id <= 3960590))

table 4 : explain SELECT id, c FROM sbtest4 WHERE id BETWEEN 3960490 AND 3960590
	Index Scan using sbtest4_pkey on sbtest4  (cost=0.43..399.32 rows=101 width=125)
	  Index Cond: ((id >= 3960490) AND (id <= 3960590))

table 5 : explain SELECT id, c FROM sbtest5 WHERE id BETWEEN 3960490 AND 3960590
	Index Scan using sbtest5_pkey on sbtest5  (cost=0.43..415.58 rows=105 width=125)
	  Index Cond: ((id >= 3960490) AND (id <= 3960590))

table 6 : explain SELECT id, c FROM sbtest6 WHERE id BETWEEN 3960490 AND 3960590
	Index Scan using sbtest6_pkey on sbtest6  (cost=0.43..400.75 rows=101 width=125)
	  Index Cond: ((id >= 3960490) AND (id <= 3960590))

table 7 : explain SELECT id, c FROM sbtest7 WHERE id BETWEEN 3960490 AND 3960590
	Index Scan using sbtest7_pkey on sbtest7  (cost=0.43..399.89 rows=101 width=125)
	  Index Cond: ((id >= 3960490) AND (id <= 3960590))

table 8 : explain SELECT id, c FROM sbtest8 WHERE id BETWEEN 3960490 AND 3960590
	Index Scan using sbtest8_pkey on sbtest8  (cost=0.43..404.01 rows=102 width=125)
	  Index Cond: ((id >= 3960490) AND (id <= 3960590))

explain: for range-notcovered :: explain SELECT id, c FROM sbtest%d WHERE id BETWEEN 3960490 AND 3960590
for range-notcovered
table 1 : explain SELECT id, c FROM sbtest1 WHERE id BETWEEN 1349417 AND 1349517
	Index Scan using sbtest1_pkey on sbtest1  (cost=0.43..393.03 rows=99 width=125)
	  Index Cond: ((id >= 1349417) AND (id <= 1349517))

table 2 : explain SELECT id, c FROM sbtest2 WHERE id BETWEEN 1349417 AND 1349517
	Index Scan using sbtest2_pkey on sbtest2  (cost=0.43..427.17 rows=108 width=125)
	  Index Cond: ((id >= 1349417) AND (id <= 1349517))

table 3 : explain SELECT id, c FROM sbtest3 WHERE id BETWEEN 1349417 AND 1349517
	Index Scan using sbtest3_pkey on sbtest3  (cost=0.43..404.99 rows=102 width=125)
	  Index Cond: ((id >= 1349417) AND (id <= 1349517))

table 4 : explain SELECT id, c FROM sbtest4 WHERE id BETWEEN 1349417 AND 1349517
	Index Scan using sbtest4_pkey on sbtest4  (cost=0.43..379.75 rows=96 width=125)
	  Index Cond: ((id >= 1349417) AND (id <= 1349517))

table 5 : explain SELECT id, c FROM sbtest5 WHERE id BETWEEN 1349417 AND 1349517
	Index Scan using sbtest5_pkey on sbtest5  (cost=0.43..458.64 rows=116 width=125)
	  Index Cond: ((id >= 1349417) AND (id <= 1349517))

table 6 : explain SELECT id, c FROM sbtest6 WHERE id BETWEEN 1349417 AND 1349517
	Index Scan using sbtest6_pkey on sbtest6  (cost=0.43..428.21 rows=108 width=125)
	  Index Cond: ((id >= 1349417) AND (id <= 1349517))

table 7 : explain SELECT id, c FROM sbtest7 WHERE id BETWEEN 1349417 AND 1349517
	Index Scan using sbtest7_pkey on sbtest7  (cost=0.43..399.89 rows=101 width=125)
	  Index Cond: ((id >= 1349417) AND (id <= 1349517))

table 8 : explain SELECT id, c FROM sbtest8 WHERE id BETWEEN 1349417 AND 1349517
	Index Scan using sbtest8_pkey on sbtest8  (cost=0.43..411.84 rows=104 width=125)
	  Index Cond: ((id >= 1349417) AND (id <= 1349517))

for range-notcovered
table 1 : explain SELECT id, c FROM sbtest1 WHERE id BETWEEN 6774728 AND 6774828
	Index Scan using sbtest1_pkey on sbtest1  (cost=0.43..412.64 rows=104 width=125)
	  Index Cond: ((id >= 6774728) AND (id <= 6774828))

table 2 : explain SELECT id, c FROM sbtest2 WHERE id BETWEEN 6774728 AND 6774828
	Index Scan using sbtest2_pkey on sbtest2  (cost=0.43..384.11 rows=97 width=125)
	  Index Cond: ((id >= 6774728) AND (id <= 6774828))

table 3 : explain SELECT id, c FROM sbtest3 WHERE id BETWEEN 6774728 AND 6774828
	Index Scan using sbtest3_pkey on sbtest3  (cost=0.43..428.54 rows=108 width=125)
	  Index Cond: ((id >= 6774728) AND (id <= 6774828))

table 4 : explain SELECT id, c FROM sbtest4 WHERE id BETWEEN 6774728 AND 6774828
	Index Scan using sbtest4_pkey on sbtest4  (cost=0.43..399.32 rows=101 width=125)
	  Index Cond: ((id >= 6774728) AND (id <= 6774828))

table 5 : explain SELECT id, c FROM sbtest5 WHERE id BETWEEN 6774728 AND 6774828
	Index Scan using sbtest5_pkey on sbtest5  (cost=0.43..384.27 rows=97 width=125)
	  Index Cond: ((id >= 6774728) AND (id <= 6774828))

table 6 : explain SELECT id, c FROM sbtest6 WHERE id BETWEEN 6774728 AND 6774828
	Index Scan using sbtest6_pkey on sbtest6  (cost=0.43..420.36 rows=106 width=125)
	  Index Cond: ((id >= 6774728) AND (id <= 6774828))

table 7 : explain SELECT id, c FROM sbtest7 WHERE id BETWEEN 6774728 AND 6774828
	Index Scan using sbtest7_pkey on sbtest7  (cost=0.43..372.47 rows=94 width=125)
	  Index Cond: ((id >= 6774728) AND (id <= 6774828))

table 8 : explain SELECT id, c FROM sbtest8 WHERE id BETWEEN 6774728 AND 6774828
	Index Scan using sbtest8_pkey on sbtest8  (cost=0.43..407.92 rows=103 width=125)
	  Index Cond: ((id >= 6774728) AND (id <= 6774828))

explain: for range-notcovered :: explain SELECT id, c FROM sbtest%d WHERE id BETWEEN 1349417 AND 1349517
for range-notcovered
table 1 : explain SELECT id, c FROM sbtest1 WHERE id BETWEEN 2864967 AND 2865067
	Index Scan using sbtest1_pkey on sbtest1  (cost=0.43..373.41 rows=94 width=125)
	  Index Cond: ((id >= 2864967) AND (id <= 2865067))

table 2 : explain SELECT id, c FROM sbtest2 WHERE id BETWEEN 2864967 AND 2865067
	Index Scan using sbtest2_pkey on sbtest2  (cost=0.43..384.11 rows=97 width=125)
	  Index Cond: ((id >= 2864967) AND (id <= 2865067))

table 3 : explain SELECT id, c FROM sbtest3 WHERE id BETWEEN 2864967 AND 2865067
	Index Scan using sbtest3_pkey on sbtest3  (cost=0.43..377.49 rows=95 width=125)
	  Index Cond: ((id >= 2864967) AND (id <= 2865067))

table 4 : explain SELECT id, c FROM sbtest4 WHERE id BETWEEN 2864967 AND 2865067
	Index Scan using sbtest4_pkey on sbtest4  (cost=0.43..442.30 rows=112 width=125)
	  Index Cond: ((id >= 2864967) AND (id <= 2865067))

table 5 : explain SELECT id, c FROM sbtest5 WHERE id BETWEEN 2864967 AND 2865067
	Index Scan using sbtest5_pkey on sbtest5  (cost=0.43..407.76 rows=103 width=125)
	  Index Cond: ((id >= 2864967) AND (id <= 2865067))

table 6 : explain SELECT id, c FROM sbtest6 WHERE id BETWEEN 2864967 AND 2865067
	Index Scan using sbtest6_pkey on sbtest6  (cost=0.43..412.52 rows=104 width=125)
	  Index Cond: ((id >= 2864967) AND (id <= 2865067))

table 7 : explain SELECT id, c FROM sbtest7 WHERE id BETWEEN 2864967 AND 2865067
	Index Scan using sbtest7_pkey on sbtest7  (cost=0.43..388.15 rows=98 width=125)
	  Index Cond: ((id >= 2864967) AND (id <= 2865067))

table 8 : explain SELECT id, c FROM sbtest8 WHERE id BETWEEN 2864967 AND 2865067
	Index Scan using sbtest8_pkey on sbtest8  (cost=0.43..368.74 rows=93 width=125)
	  Index Cond: ((id >= 2864967) AND (id <= 2865067))

explain: for range-notcovered :: explain SELECT id, c FROM sbtest%d WHERE id BETWEEN 6774728 AND 6774828
explain: for range-notcovered :: explain SELECT id, c FROM sbtest%d WHERE id BETWEEN 2864967 AND 2865067
for range-notcovered
table 1 : explain SELECT id, c FROM sbtest1 WHERE id BETWEEN 4511041 AND 4511141
	Index Scan using sbtest1_pkey on sbtest1  (cost=0.43..389.10 rows=98 width=125)
	  Index Cond: ((id >= 4511041) AND (id <= 4511141))

table 2 : explain SELECT id, c FROM sbtest2 WHERE id BETWEEN 4511041 AND 4511141
	Index Scan using sbtest2_pkey on sbtest2  (cost=0.43..388.02 rows=98 width=125)
	  Index Cond: ((id >= 4511041) AND (id <= 4511141))

table 3 : explain SELECT id, c FROM sbtest3 WHERE id BETWEEN 4511041 AND 4511141
	Index Scan using sbtest3_pkey on sbtest3  (cost=0.43..424.61 rows=107 width=125)
	  Index Cond: ((id >= 4511041) AND (id <= 4511141))

table 4 : explain SELECT id, c FROM sbtest4 WHERE id BETWEEN 4511041 AND 4511141
	Index Scan using sbtest4_pkey on sbtest4  (cost=0.43..422.76 rows=107 width=125)
	  Index Cond: ((id >= 4511041) AND (id <= 4511141))

table 5 : explain SELECT id, c FROM sbtest5 WHERE id BETWEEN 4511041 AND 4511141
	Index Scan using sbtest5_pkey on sbtest5  (cost=0.43..403.84 rows=102 width=125)
	  Index Cond: ((id >= 4511041) AND (id <= 4511141))

table 6 : explain SELECT id, c FROM sbtest6 WHERE id BETWEEN 4511041 AND 4511141
	Index Scan using sbtest6_pkey on sbtest6  (cost=0.43..392.91 rows=99 width=125)
	  Index Cond: ((id >= 4511041) AND (id <= 4511141))

table 7 : explain SELECT id, c FROM sbtest7 WHERE id BETWEEN 4511041 AND 4511141
	Index Scan using sbtest7_pkey on sbtest7  (cost=0.43..427.28 rows=108 width=125)
	  Index Cond: ((id >= 4511041) AND (id <= 4511141))

table 8 : explain SELECT id, c FROM sbtest8 WHERE id BETWEEN 4511041 AND 4511141
	Index Scan using sbtest8_pkey on sbtest8  (cost=0.43..396.18 rows=100 width=125)
	  Index Cond: ((id >= 4511041) AND (id <= 4511141))

for range-notcovered
table 1 : explain SELECT id, c FROM sbtest1 WHERE id BETWEEN 1349417 AND 1349517
	Index Scan using sbtest1_pkey on sbtest1  (cost=0.43..393.03 rows=99 width=125)
	  Index Cond: ((id >= 1349417) AND (id <= 1349517))

table 2 : explain SELECT id, c FROM sbtest2 WHERE id BETWEEN 1349417 AND 1349517
	Index Scan using sbtest2_pkey on sbtest2  (cost=0.43..427.17 rows=108 width=125)
	  Index Cond: ((id >= 1349417) AND (id <= 1349517))

table 3 : explain SELECT id, c FROM sbtest3 WHERE id BETWEEN 1349417 AND 1349517
	Index Scan using sbtest3_pkey on sbtest3  (cost=0.43..404.99 rows=102 width=125)
	  Index Cond: ((id >= 1349417) AND (id <= 1349517))

table 4 : explain SELECT id, c FROM sbtest4 WHERE id BETWEEN 1349417 AND 1349517
	Index Scan using sbtest4_pkey on sbtest4  (cost=0.43..379.75 rows=96 width=125)
	  Index Cond: ((id >= 1349417) AND (id <= 1349517))

table 5 : explain SELECT id, c FROM sbtest5 WHERE id BETWEEN 1349417 AND 1349517
	Index Scan using sbtest5_pkey on sbtest5  (cost=0.43..458.64 rows=116 width=125)
	  Index Cond: ((id >= 1349417) AND (id <= 1349517))

table 6 : explain SELECT id, c FROM sbtest6 WHERE id BETWEEN 1349417 AND 1349517
	Index Scan using sbtest6_pkey on sbtest6  (cost=0.43..428.21 rows=108 width=125)
	  Index Cond: ((id >= 1349417) AND (id <= 1349517))

table 7 : explain SELECT id, c FROM sbtest7 WHERE id BETWEEN 1349417 AND 1349517
	Index Scan using sbtest7_pkey on sbtest7  (cost=0.43..399.89 rows=101 width=125)
	  Index Cond: ((id >= 1349417) AND (id <= 1349517))

table 8 : explain SELECT id, c FROM sbtest8 WHERE id BETWEEN 1349417 AND 1349517
	Index Scan using sbtest8_pkey on sbtest8  (cost=0.43..411.84 rows=104 width=125)
	  Index Cond: ((id >= 1349417) AND (id <= 1349517))

for range-notcovered
table 1 : explain SELECT id, c FROM sbtest1 WHERE id BETWEEN 6774728 AND 6774828
	Index Scan using sbtest1_pkey on sbtest1  (cost=0.43..412.64 rows=104 width=125)
	  Index Cond: ((id >= 6774728) AND (id <= 6774828))

table 2 : explain SELECT id, c FROM sbtest2 WHERE id BETWEEN 6774728 AND 6774828
	Index Scan using sbtest2_pkey on sbtest2  (cost=0.43..384.11 rows=97 width=125)
	  Index Cond: ((id >= 6774728) AND (id <= 6774828))

table 3 : explain SELECT id, c FROM sbtest3 WHERE id BETWEEN 6774728 AND 6774828
	Index Scan using sbtest3_pkey on sbtest3  (cost=0.43..428.54 rows=108 width=125)
	  Index Cond: ((id >= 6774728) AND (id <= 6774828))

table 4 : explain SELECT id, c FROM sbtest4 WHERE id BETWEEN 6774728 AND 6774828
	Index Scan using sbtest4_pkey on sbtest4  (cost=0.43..399.32 rows=101 width=125)
	  Index Cond: ((id >= 6774728) AND (id <= 6774828))

table 5 : explain SELECT id, c FROM sbtest5 WHERE id BETWEEN 6774728 AND 6774828
	Index Scan using sbtest5_pkey on sbtest5  (cost=0.43..384.27 rows=97 width=125)
	  Index Cond: ((id >= 6774728) AND (id <= 6774828))

table 6 : explain SELECT id, c FROM sbtest6 WHERE id BETWEEN 6774728 AND 6774828
	Index Scan using sbtest6_pkey on sbtest6  (cost=0.43..420.36 rows=106 width=125)
	  Index Cond: ((id >= 6774728) AND (id <= 6774828))

table 7 : explain SELECT id, c FROM sbtest7 WHERE id BETWEEN 6774728 AND 6774828
	Index Scan using sbtest7_pkey on sbtest7  (cost=0.43..372.47 rows=94 width=125)
	  Index Cond: ((id >= 6774728) AND (id <= 6774828))

table 8 : explain SELECT id, c FROM sbtest8 WHERE id BETWEEN 6774728 AND 6774828
	Index Scan using sbtest8_pkey on sbtest8  (cost=0.43..407.92 rows=103 width=125)
	  Index Cond: ((id >= 6774728) AND (id <= 6774828))

explain: for range-notcovered :: explain SELECT id, c FROM sbtest%d WHERE id BETWEEN 1349417 AND 1349517
explain: for range-notcovered :: explain SELECT id, c FROM sbtest%d WHERE id BETWEEN 4511041 AND 4511141
explain: for range-notcovered :: explain SELECT id, c FROM sbtest%d WHERE id BETWEEN 6774728 AND 6774828
for range-notcovered
table 1 : explain SELECT id, c FROM sbtest1 WHERE id BETWEEN 3960490 AND 3960590
	Index Scan using sbtest1_pkey on sbtest1  (cost=0.43..389.10 rows=98 width=125)
	  Index Cond: ((id >= 3960490) AND (id <= 3960590))

table 2 : explain SELECT id, c FROM sbtest2 WHERE id BETWEEN 3960490 AND 3960590
	Index Scan using sbtest2_pkey on sbtest2  (cost=0.43..395.87 rows=100 width=125)
	  Index Cond: ((id >= 3960490) AND (id <= 3960590))

table 3 : explain SELECT id, c FROM sbtest3 WHERE id BETWEEN 3960490 AND 3960590
	Index Scan using sbtest3_pkey on sbtest3  (cost=0.43..444.24 rows=112 width=125)
	  Index Cond: ((id >= 3960490) AND (id <= 3960590))

table 4 : explain SELECT id, c FROM sbtest4 WHERE id BETWEEN 3960490 AND 3960590
	Index Scan using sbtest4_pkey on sbtest4  (cost=0.43..399.32 rows=101 width=125)
	  Index Cond: ((id >= 3960490) AND (id <= 3960590))

table 5 : explain SELECT id, c FROM sbtest5 WHERE id BETWEEN 3960490 AND 3960590
	Index Scan using sbtest5_pkey on sbtest5  (cost=0.43..415.58 rows=105 width=125)
	  Index Cond: ((id >= 3960490) AND (id <= 3960590))

table 6 : explain SELECT id, c FROM sbtest6 WHERE id BETWEEN 3960490 AND 3960590
	Index Scan using sbtest6_pkey on sbtest6  (cost=0.43..400.75 rows=101 width=125)
	  Index Cond: ((id >= 3960490) AND (id <= 3960590))

table 7 : explain SELECT id, c FROM sbtest7 WHERE id BETWEEN 3960490 AND 3960590
	Index Scan using sbtest7_pkey on sbtest7  (cost=0.43..399.89 rows=101 width=125)
	  Index Cond: ((id >= 3960490) AND (id <= 3960590))

table 8 : explain SELECT id, c FROM sbtest8 WHERE id BETWEEN 3960490 AND 3960590
	Index Scan using sbtest8_pkey on sbtest8  (cost=0.43..404.01 rows=102 width=125)
	  Index Cond: ((id >= 3960490) AND (id <= 3960590))

for range-notcovered
table 1 : explain SELECT id, c FROM sbtest1 WHERE id BETWEEN 2864967 AND 2865067
	Index Scan using sbtest1_pkey on sbtest1  (cost=0.43..373.41 rows=94 width=125)
	  Index Cond: ((id >= 2864967) AND (id <= 2865067))

table 2 : explain SELECT id, c FROM sbtest2 WHERE id BETWEEN 2864967 AND 2865067
	Index Scan using sbtest2_pkey on sbtest2  (cost=0.43..384.11 rows=97 width=125)
	  Index Cond: ((id >= 2864967) AND (id <= 2865067))

table 3 : explain SELECT id, c FROM sbtest3 WHERE id BETWEEN 2864967 AND 2865067
	Index Scan using sbtest3_pkey on sbtest3  (cost=0.43..377.49 rows=95 width=125)
	  Index Cond: ((id >= 2864967) AND (id <= 2865067))

table 4 : explain SELECT id, c FROM sbtest4 WHERE id BETWEEN 2864967 AND 2865067
	Index Scan using sbtest4_pkey on sbtest4  (cost=0.43..442.30 rows=112 width=125)
	  Index Cond: ((id >= 2864967) AND (id <= 2865067))

table 5 : explain SELECT id, c FROM sbtest5 WHERE id BETWEEN 2864967 AND 2865067
	Index Scan using sbtest5_pkey on sbtest5  (cost=0.43..407.76 rows=103 width=125)
	  Index Cond: ((id >= 2864967) AND (id <= 2865067))

table 6 : explain SELECT id, c FROM sbtest6 WHERE id BETWEEN 2864967 AND 2865067
	Index Scan using sbtest6_pkey on sbtest6  (cost=0.43..412.52 rows=104 width=125)
	  Index Cond: ((id >= 2864967) AND (id <= 2865067))

table 7 : explain SELECT id, c FROM sbtest7 WHERE id BETWEEN 2864967 AND 2865067
	Index Scan using sbtest7_pkey on sbtest7  (cost=0.43..388.15 rows=98 width=125)
	  Index Cond: ((id >= 2864967) AND (id <= 2865067))

table 8 : explain SELECT id, c FROM sbtest8 WHERE id BETWEEN 2864967 AND 2865067
	Index Scan using sbtest8_pkey on sbtest8  (cost=0.43..368.74 rows=93 width=125)
	  Index Cond: ((id >= 2864967) AND (id <= 2865067))

explain: for range-notcovered :: explain SELECT id, c FROM sbtest%d WHERE id BETWEEN 2864967 AND 2865067
for range-notcovered
table 1 : explain SELECT id, c FROM sbtest1 WHERE id BETWEEN 4850213 AND 4850313
	Index Scan using sbtest1_pkey on sbtest1  (cost=0.43..369.49 rows=93 width=125)
	  Index Cond: ((id >= 4850213) AND (id <= 4850313))

table 2 : explain SELECT id, c FROM sbtest2 WHERE id BETWEEN 4850213 AND 4850313
	Index Scan using sbtest2_pkey on sbtest2  (cost=0.43..427.17 rows=108 width=125)
	  Index Cond: ((id >= 4850213) AND (id <= 4850313))

table 3 : explain SELECT id, c FROM sbtest3 WHERE id BETWEEN 4850213 AND 4850313
	Index Scan using sbtest3_pkey on sbtest3  (cost=0.43..412.84 rows=104 width=125)
	  Index Cond: ((id >= 4850213) AND (id <= 4850313))

table 4 : explain SELECT id, c FROM sbtest4 WHERE id BETWEEN 4850213 AND 4850313
	Index Scan using sbtest4_pkey on sbtest4  (cost=0.43..422.76 rows=107 width=125)
	  Index Cond: ((id >= 4850213) AND (id <= 4850313))

table 5 : explain SELECT id, c FROM sbtest5 WHERE id BETWEEN 4850213 AND 4850313
	Index Scan using sbtest5_pkey on sbtest5  (cost=0.43..399.93 rows=101 width=125)
	  Index Cond: ((id >= 4850213) AND (id <= 4850313))

table 6 : explain SELECT id, c FROM sbtest6 WHERE id BETWEEN 4850213 AND 4850313
	Index Scan using sbtest6_pkey on sbtest6  (cost=0.43..424.28 rows=107 width=125)
	  Index Cond: ((id >= 4850213) AND (id <= 4850313))

table 7 : explain SELECT id, c FROM sbtest7 WHERE id BETWEEN 4850213 AND 4850313
	Index Scan using sbtest7_pkey on sbtest7  (cost=0.43..399.89 rows=101 width=125)
	  Index Cond: ((id >= 4850213) AND (id <= 4850313))

table 8 : explain SELECT id, c FROM sbtest8 WHERE id BETWEEN 4850213 AND 4850313
	Index Scan using sbtest8_pkey on sbtest8  (cost=0.43..376.57 rows=95 width=125)
	  Index Cond: ((id >= 4850213) AND (id <= 4850313))

explain: for range-notcovered :: explain SELECT id, c FROM sbtest%d WHERE id BETWEEN 4850213 AND 4850313
for range-notcovered
table 1 : explain SELECT id, c FROM sbtest1 WHERE id BETWEEN 6774728 AND 6774828
	Index Scan using sbtest1_pkey on sbtest1  (cost=0.43..412.64 rows=104 width=125)
	  Index Cond: ((id >= 6774728) AND (id <= 6774828))

table 2 : explain SELECT id, c FROM sbtest2 WHERE id BETWEEN 6774728 AND 6774828
	Index Scan using sbtest2_pkey on sbtest2  (cost=0.43..384.11 rows=97 width=125)
	  Index Cond: ((id >= 6774728) AND (id <= 6774828))

table 3 : explain SELECT id, c FROM sbtest3 WHERE id BETWEEN 6774728 AND 6774828
	Index Scan using sbtest3_pkey on sbtest3  (cost=0.43..428.54 rows=108 width=125)
	  Index Cond: ((id >= 6774728) AND (id <= 6774828))

table 4 : explain SELECT id, c FROM sbtest4 WHERE id BETWEEN 6774728 AND 6774828
	Index Scan using sbtest4_pkey on sbtest4  (cost=0.43..399.32 rows=101 width=125)
	  Index Cond: ((id >= 6774728) AND (id <= 6774828))

table 5 : explain SELECT id, c FROM sbtest5 WHERE id BETWEEN 6774728 AND 6774828
	Index Scan using sbtest5_pkey on sbtest5  (cost=0.43..384.27 rows=97 width=125)
	  Index Cond: ((id >= 6774728) AND (id <= 6774828))

table 6 : explain SELECT id, c FROM sbtest6 WHERE id BETWEEN 6774728 AND 6774828
	Index Scan using sbtest6_pkey on sbtest6  (cost=0.43..420.36 rows=106 width=125)
	  Index Cond: ((id >= 6774728) AND (id <= 6774828))

table 7 : explain SELECT id, c FROM sbtest7 WHERE id BETWEEN 6774728 AND 6774828
	Index Scan using sbtest7_pkey on sbtest7  (cost=0.43..372.47 rows=94 width=125)
	  Index Cond: ((id >= 6774728) AND (id <= 6774828))

table 8 : explain SELECT id, c FROM sbtest8 WHERE id BETWEEN 6774728 AND 6774828
	Index Scan using sbtest8_pkey on sbtest8  (cost=0.43..407.92 rows=103 width=125)
	  Index Cond: ((id >= 6774728) AND (id <= 6774828))

explain: for range-notcovered :: explain SELECT id, c FROM sbtest%d WHERE id BETWEEN 6774728 AND 6774828
for range-notcovered
table 1 : explain SELECT id, c FROM sbtest1 WHERE id BETWEEN 4511041 AND 4511141
	Index Scan using sbtest1_pkey on sbtest1  (cost=0.43..389.10 rows=98 width=125)
	  Index Cond: ((id >= 4511041) AND (id <= 4511141))

table 2 : explain SELECT id, c FROM sbtest2 WHERE id BETWEEN 4511041 AND 4511141
	Index Scan using sbtest2_pkey on sbtest2  (cost=0.43..388.02 rows=98 width=125)
	  Index Cond: ((id >= 4511041) AND (id <= 4511141))

table 3 : explain SELECT id, c FROM sbtest3 WHERE id BETWEEN 4511041 AND 4511141
	Index Scan using sbtest3_pkey on sbtest3  (cost=0.43..424.61 rows=107 width=125)
	  Index Cond: ((id >= 4511041) AND (id <= 4511141))

table 4 : explain SELECT id, c FROM sbtest4 WHERE id BETWEEN 4511041 AND 4511141
	Index Scan using sbtest4_pkey on sbtest4  (cost=0.43..422.76 rows=107 width=125)
	  Index Cond: ((id >= 4511041) AND (id <= 4511141))

table 5 : explain SELECT id, c FROM sbtest5 WHERE id BETWEEN 4511041 AND 4511141
	Index Scan using sbtest5_pkey on sbtest5  (cost=0.43..403.84 rows=102 width=125)
	  Index Cond: ((id >= 4511041) AND (id <= 4511141))

table 6 : explain SELECT id, c FROM sbtest6 WHERE id BETWEEN 4511041 AND 4511141
	Index Scan using sbtest6_pkey on sbtest6  (cost=0.43..392.91 rows=99 width=125)
	  Index Cond: ((id >= 4511041) AND (id <= 4511141))

table 7 : explain SELECT id, c FROM sbtest7 WHERE id BETWEEN 4511041 AND 4511141
	Index Scan using sbtest7_pkey on sbtest7  (cost=0.43..427.28 rows=108 width=125)
	  Index Cond: ((id >= 4511041) AND (id <= 4511141))

table 8 : explain SELECT id, c FROM sbtest8 WHERE id BETWEEN 4511041 AND 4511141
	Index Scan using sbtest8_pkey on sbtest8  (cost=0.43..396.18 rows=100 width=125)
	  Index Cond: ((id >= 4511041) AND (id <= 4511141))

explain: for range-notcovered :: explain SELECT id, c FROM sbtest%d WHERE id BETWEEN 4511041 AND 4511141
for range-notcovered
table 1 : explain SELECT id, c FROM sbtest1 WHERE id BETWEEN 2864967 AND 2865067
	Index Scan using sbtest1_pkey on sbtest1  (cost=0.43..373.41 rows=94 width=125)
	  Index Cond: ((id >= 2864967) AND (id <= 2865067))

table 2 : explain SELECT id, c FROM sbtest2 WHERE id BETWEEN 2864967 AND 2865067
	Index Scan using sbtest2_pkey on sbtest2  (cost=0.43..384.11 rows=97 width=125)
	  Index Cond: ((id >= 2864967) AND (id <= 2865067))

table 3 : explain SELECT id, c FROM sbtest3 WHERE id BETWEEN 2864967 AND 2865067
	Index Scan using sbtest3_pkey on sbtest3  (cost=0.43..377.49 rows=95 width=125)
	  Index Cond: ((id >= 2864967) AND (id <= 2865067))

table 4 : explain SELECT id, c FROM sbtest4 WHERE id BETWEEN 2864967 AND 2865067
	Index Scan using sbtest4_pkey on sbtest4  (cost=0.43..442.30 rows=112 width=125)
	  Index Cond: ((id >= 2864967) AND (id <= 2865067))

table 5 : explain SELECT id, c FROM sbtest5 WHERE id BETWEEN 2864967 AND 2865067
	Index Scan using sbtest5_pkey on sbtest5  (cost=0.43..407.76 rows=103 width=125)
	  Index Cond: ((id >= 2864967) AND (id <= 2865067))

table 6 : explain SELECT id, c FROM sbtest6 WHERE id BETWEEN 2864967 AND 2865067
	Index Scan using sbtest6_pkey on sbtest6  (cost=0.43..412.52 rows=104 width=125)
	  Index Cond: ((id >= 2864967) AND (id <= 2865067))

table 7 : explain SELECT id, c FROM sbtest7 WHERE id BETWEEN 2864967 AND 2865067
	Index Scan using sbtest7_pkey on sbtest7  (cost=0.43..388.15 rows=98 width=125)
	  Index Cond: ((id >= 2864967) AND (id <= 2865067))

table 8 : explain SELECT id, c FROM sbtest8 WHERE id BETWEEN 2864967 AND 2865067
	Index Scan using sbtest8_pkey on sbtest8  (cost=0.43..368.74 rows=93 width=125)
	  Index Cond: ((id >= 2864967) AND (id <= 2865067))

explain: for range-notcovered :: explain SELECT id, c FROM sbtest%d WHERE id BETWEEN 2864967 AND 2865067
for range-notcovered
table 1 : explain SELECT id, c FROM sbtest1 WHERE id BETWEEN 4850213 AND 4850313
	Index Scan using sbtest1_pkey on sbtest1  (cost=0.43..369.49 rows=93 width=125)
	  Index Cond: ((id >= 4850213) AND (id <= 4850313))

table 2 : explain SELECT id, c FROM sbtest2 WHERE id BETWEEN 4850213 AND 4850313
	Index Scan using sbtest2_pkey on sbtest2  (cost=0.43..427.17 rows=108 width=125)
	  Index Cond: ((id >= 4850213) AND (id <= 4850313))

table 3 : explain SELECT id, c FROM sbtest3 WHERE id BETWEEN 4850213 AND 4850313
	Index Scan using sbtest3_pkey on sbtest3  (cost=0.43..412.84 rows=104 width=125)
	  Index Cond: ((id >= 4850213) AND (id <= 4850313))

table 4 : explain SELECT id, c FROM sbtest4 WHERE id BETWEEN 4850213 AND 4850313
	Index Scan using sbtest4_pkey on sbtest4  (cost=0.43..422.76 rows=107 width=125)
	  Index Cond: ((id >= 4850213) AND (id <= 4850313))

table 5 : explain SELECT id, c FROM sbtest5 WHERE id BETWEEN 4850213 AND 4850313
	Index Scan using sbtest5_pkey on sbtest5  (cost=0.43..399.93 rows=101 width=125)
	  Index Cond: ((id >= 4850213) AND (id <= 4850313))

table 6 : explain SELECT id, c FROM sbtest6 WHERE id BETWEEN 4850213 AND 4850313
	Index Scan using sbtest6_pkey on sbtest6  (cost=0.43..424.28 rows=107 width=125)
	  Index Cond: ((id >= 4850213) AND (id <= 4850313))

table 7 : explain SELECT id, c FROM sbtest7 WHERE id BETWEEN 4850213 AND 4850313
	Index Scan using sbtest7_pkey on sbtest7  (cost=0.43..399.89 rows=101 width=125)
	  Index Cond: ((id >= 4850213) AND (id <= 4850313))

table 8 : explain SELECT id, c FROM sbtest8 WHERE id BETWEEN 4850213 AND 4850313
	Index Scan using sbtest8_pkey on sbtest8  (cost=0.43..376.57 rows=95 width=125)
	  Index Cond: ((id >= 4850213) AND (id <= 4850313))

explain: for range-notcovered :: explain SELECT id, c FROM sbtest%d WHERE id BETWEEN 4850213 AND 4850313
for range-notcovered
table 1 : explain SELECT id, c FROM sbtest1 WHERE id BETWEEN 4511041 AND 4511141
	Index Scan using sbtest1_pkey on sbtest1  (cost=0.43..389.10 rows=98 width=125)
	  Index Cond: ((id >= 4511041) AND (id <= 4511141))

table 2 : explain SELECT id, c FROM sbtest2 WHERE id BETWEEN 4511041 AND 4511141
	Index Scan using sbtest2_pkey on sbtest2  (cost=0.43..388.02 rows=98 width=125)
	  Index Cond: ((id >= 4511041) AND (id <= 4511141))

table 3 : explain SELECT id, c FROM sbtest3 WHERE id BETWEEN 4511041 AND 4511141
	Index Scan using sbtest3_pkey on sbtest3  (cost=0.43..424.61 rows=107 width=125)
	  Index Cond: ((id >= 4511041) AND (id <= 4511141))

table 4 : explain SELECT id, c FROM sbtest4 WHERE id BETWEEN 4511041 AND 4511141
	Index Scan using sbtest4_pkey on sbtest4  (cost=0.43..422.76 rows=107 width=125)
	  Index Cond: ((id >= 4511041) AND (id <= 4511141))

table 5 : explain SELECT id, c FROM sbtest5 WHERE id BETWEEN 4511041 AND 4511141
	Index Scan using sbtest5_pkey on sbtest5  (cost=0.43..403.84 rows=102 width=125)
	  Index Cond: ((id >= 4511041) AND (id <= 4511141))

table 6 : explain SELECT id, c FROM sbtest6 WHERE id BETWEEN 4511041 AND 4511141
	Index Scan using sbtest6_pkey on sbtest6  (cost=0.43..392.91 rows=99 width=125)
	  Index Cond: ((id >= 4511041) AND (id <= 4511141))

table 7 : explain SELECT id, c FROM sbtest7 WHERE id BETWEEN 4511041 AND 4511141
	Index Scan using sbtest7_pkey on sbtest7  (cost=0.43..427.28 rows=108 width=125)
	  Index Cond: ((id >= 4511041) AND (id <= 4511141))

table 8 : explain SELECT id, c FROM sbtest8 WHERE id BETWEEN 4511041 AND 4511141
	Index Scan using sbtest8_pkey on sbtest8  (cost=0.43..396.18 rows=100 width=125)
	  Index Cond: ((id >= 4511041) AND (id <= 4511141))

explain: for range-notcovered :: explain SELECT id, c FROM sbtest%d WHERE id BETWEEN 4511041 AND 4511141
for range-notcovered
table 1 : explain SELECT id, c FROM sbtest1 WHERE id BETWEEN 2864967 AND 2865067
	Index Scan using sbtest1_pkey on sbtest1  (cost=0.43..373.41 rows=94 width=125)
	  Index Cond: ((id >= 2864967) AND (id <= 2865067))

table 2 : explain SELECT id, c FROM sbtest2 WHERE id BETWEEN 2864967 AND 2865067
	Index Scan using sbtest2_pkey on sbtest2  (cost=0.43..384.11 rows=97 width=125)
	  Index Cond: ((id >= 2864967) AND (id <= 2865067))

table 3 : explain SELECT id, c FROM sbtest3 WHERE id BETWEEN 2864967 AND 2865067
	Index Scan using sbtest3_pkey on sbtest3  (cost=0.43..377.49 rows=95 width=125)
	  Index Cond: ((id >= 2864967) AND (id <= 2865067))

table 4 : explain SELECT id, c FROM sbtest4 WHERE id BETWEEN 2864967 AND 2865067
	Index Scan using sbtest4_pkey on sbtest4  (cost=0.43..442.30 rows=112 width=125)
	  Index Cond: ((id >= 2864967) AND (id <= 2865067))

table 5 : explain SELECT id, c FROM sbtest5 WHERE id BETWEEN 2864967 AND 2865067
	Index Scan using sbtest5_pkey on sbtest5  (cost=0.43..407.76 rows=103 width=125)
	  Index Cond: ((id >= 2864967) AND (id <= 2865067))

table 6 : explain SELECT id, c FROM sbtest6 WHERE id BETWEEN 2864967 AND 2865067
	Index Scan using sbtest6_pkey on sbtest6  (cost=0.43..412.52 rows=104 width=125)
	  Index Cond: ((id >= 2864967) AND (id <= 2865067))

table 7 : explain SELECT id, c FROM sbtest7 WHERE id BETWEEN 2864967 AND 2865067
	Index Scan using sbtest7_pkey on sbtest7  (cost=0.43..388.15 rows=98 width=125)
	  Index Cond: ((id >= 2864967) AND (id <= 2865067))

table 8 : explain SELECT id, c FROM sbtest8 WHERE id BETWEEN 2864967 AND 2865067
	Index Scan using sbtest8_pkey on sbtest8  (cost=0.43..368.74 rows=93 width=125)
	  Index Cond: ((id >= 2864967) AND (id <= 2865067))

explain: for range-notcovered :: explain SELECT id, c FROM sbtest%d WHERE id BETWEEN 2864967 AND 2865067
for range-notcovered
table 1 : explain SELECT id, c FROM sbtest1 WHERE id BETWEEN 4850213 AND 4850313
	Index Scan using sbtest1_pkey on sbtest1  (cost=0.43..369.49 rows=93 width=125)
	  Index Cond: ((id >= 4850213) AND (id <= 4850313))

table 2 : explain SELECT id, c FROM sbtest2 WHERE id BETWEEN 4850213 AND 4850313
	Index Scan using sbtest2_pkey on sbtest2  (cost=0.43..427.17 rows=108 width=125)
	  Index Cond: ((id >= 4850213) AND (id <= 4850313))

table 3 : explain SELECT id, c FROM sbtest3 WHERE id BETWEEN 4850213 AND 4850313
	Index Scan using sbtest3_pkey on sbtest3  (cost=0.43..412.84 rows=104 width=125)
	  Index Cond: ((id >= 4850213) AND (id <= 4850313))

table 4 : explain SELECT id, c FROM sbtest4 WHERE id BETWEEN 4850213 AND 4850313
	Index Scan using sbtest4_pkey on sbtest4  (cost=0.43..422.76 rows=107 width=125)
	  Index Cond: ((id >= 4850213) AND (id <= 4850313))

table 5 : explain SELECT id, c FROM sbtest5 WHERE id BETWEEN 4850213 AND 4850313
	Index Scan using sbtest5_pkey on sbtest5  (cost=0.43..399.93 rows=101 width=125)
	  Index Cond: ((id >= 4850213) AND (id <= 4850313))

table 6 : explain SELECT id, c FROM sbtest6 WHERE id BETWEEN 4850213 AND 4850313
	Index Scan using sbtest6_pkey on sbtest6  (cost=0.43..424.28 rows=107 width=125)
	  Index Cond: ((id >= 4850213) AND (id <= 4850313))

table 7 : explain SELECT id, c FROM sbtest7 WHERE id BETWEEN 4850213 AND 4850313
	Index Scan using sbtest7_pkey on sbtest7  (cost=0.43..399.89 rows=101 width=125)
	  Index Cond: ((id >= 4850213) AND (id <= 4850313))

table 8 : explain SELECT id, c FROM sbtest8 WHERE id BETWEEN 4850213 AND 4850313
	Index Scan using sbtest8_pkey on sbtest8  (cost=0.43..376.57 rows=95 width=125)
	  Index Cond: ((id >= 4850213) AND (id <= 4850313))

explain: for range-notcovered :: explain SELECT id, c FROM sbtest%d WHERE id BETWEEN 4850213 AND 4850313
explain: for range-notcovered :: explain SELECT id, c FROM sbtest%d WHERE id BETWEEN 5445236 AND 5445336
for range-notcovered
table 1 : explain SELECT id, c FROM sbtest1 WHERE id BETWEEN 4511041 AND 4511141
	Index Scan using sbtest1_pkey on sbtest1  (cost=0.43..389.10 rows=98 width=125)
	  Index Cond: ((id >= 4511041) AND (id <= 4511141))

table 2 : explain SELECT id, c FROM sbtest2 WHERE id BETWEEN 4511041 AND 4511141
	Index Scan using sbtest2_pkey on sbtest2  (cost=0.43..388.02 rows=98 width=125)
	  Index Cond: ((id >= 4511041) AND (id <= 4511141))

table 3 : explain SELECT id, c FROM sbtest3 WHERE id BETWEEN 4511041 AND 4511141
	Index Scan using sbtest3_pkey on sbtest3  (cost=0.43..424.61 rows=107 width=125)
	  Index Cond: ((id >= 4511041) AND (id <= 4511141))

table 4 : explain SELECT id, c FROM sbtest4 WHERE id BETWEEN 4511041 AND 4511141
	Index Scan using sbtest4_pkey on sbtest4  (cost=0.43..422.76 rows=107 width=125)
	  Index Cond: ((id >= 4511041) AND (id <= 4511141))

table 5 : explain SELECT id, c FROM sbtest5 WHERE id BETWEEN 4511041 AND 4511141
	Index Scan using sbtest5_pkey on sbtest5  (cost=0.43..403.84 rows=102 width=125)
	  Index Cond: ((id >= 4511041) AND (id <= 4511141))

table 6 : explain SELECT id, c FROM sbtest6 WHERE id BETWEEN 4511041 AND 4511141
	Index Scan using sbtest6_pkey on sbtest6  (cost=0.43..392.91 rows=99 width=125)
	  Index Cond: ((id >= 4511041) AND (id <= 4511141))

table 7 : explain SELECT id, c FROM sbtest7 WHERE id BETWEEN 4511041 AND 4511141
	Index Scan using sbtest7_pkey on sbtest7  (cost=0.43..427.28 rows=108 width=125)
	  Index Cond: ((id >= 4511041) AND (id <= 4511141))

table 8 : explain SELECT id, c FROM sbtest8 WHERE id BETWEEN 4511041 AND 4511141
	Index Scan using sbtest8_pkey on sbtest8  (cost=0.43..396.18 rows=100 width=125)
	  Index Cond: ((id >= 4511041) AND (id <= 4511141))

explain: for range-notcovered :: explain SELECT id, c FROM sbtest%d WHERE id BETWEEN 4511041 AND 4511141
for range-notcovered
table 1 : explain SELECT id, c FROM sbtest1 WHERE id BETWEEN 2864967 AND 2865067
	Index Scan using sbtest1_pkey on sbtest1  (cost=0.43..373.41 rows=94 width=125)
	  Index Cond: ((id >= 2864967) AND (id <= 2865067))

table 2 : explain SELECT id, c FROM sbtest2 WHERE id BETWEEN 2864967 AND 2865067
	Index Scan using sbtest2_pkey on sbtest2  (cost=0.43..384.11 rows=97 width=125)
	  Index Cond: ((id >= 2864967) AND (id <= 2865067))

table 3 : explain SELECT id, c FROM sbtest3 WHERE id BETWEEN 2864967 AND 2865067
	Index Scan using sbtest3_pkey on sbtest3  (cost=0.43..377.49 rows=95 width=125)
	  Index Cond: ((id >= 2864967) AND (id <= 2865067))

table 4 : explain SELECT id, c FROM sbtest4 WHERE id BETWEEN 2864967 AND 2865067
	Index Scan using sbtest4_pkey on sbtest4  (cost=0.43..442.30 rows=112 width=125)
	  Index Cond: ((id >= 2864967) AND (id <= 2865067))

table 5 : explain SELECT id, c FROM sbtest5 WHERE id BETWEEN 2864967 AND 2865067
	Index Scan using sbtest5_pkey on sbtest5  (cost=0.43..407.76 rows=103 width=125)
	  Index Cond: ((id >= 2864967) AND (id <= 2865067))

table 6 : explain SELECT id, c FROM sbtest6 WHERE id BETWEEN 2864967 AND 2865067
	Index Scan using sbtest6_pkey on sbtest6  (cost=0.43..412.52 rows=104 width=125)
	  Index Cond: ((id >= 2864967) AND (id <= 2865067))

table 7 : explain SELECT id, c FROM sbtest7 WHERE id BETWEEN 2864967 AND 2865067
	Index Scan using sbtest7_pkey on sbtest7  (cost=0.43..388.15 rows=98 width=125)
	  Index Cond: ((id >= 2864967) AND (id <= 2865067))

table 8 : explain SELECT id, c FROM sbtest8 WHERE id BETWEEN 2864967 AND 2865067
	Index Scan using sbtest8_pkey on sbtest8  (cost=0.43..368.74 rows=93 width=125)
	  Index Cond: ((id >= 2864967) AND (id <= 2865067))

explain: for range-notcovered :: explain SELECT id, c FROM sbtest%d WHERE id BETWEEN 2864967 AND 2865067
for range-notcovered
table 1 : explain SELECT id, c FROM sbtest1 WHERE id BETWEEN 4850213 AND 4850313
	Index Scan using sbtest1_pkey on sbtest1  (cost=0.43..369.49 rows=93 width=125)
	  Index Cond: ((id >= 4850213) AND (id <= 4850313))

table 2 : explain SELECT id, c FROM sbtest2 WHERE id BETWEEN 4850213 AND 4850313
	Index Scan using sbtest2_pkey on sbtest2  (cost=0.43..427.17 rows=108 width=125)
	  Index Cond: ((id >= 4850213) AND (id <= 4850313))

table 3 : explain SELECT id, c FROM sbtest3 WHERE id BETWEEN 4850213 AND 4850313
	Index Scan using sbtest3_pkey on sbtest3  (cost=0.43..412.84 rows=104 width=125)
	  Index Cond: ((id >= 4850213) AND (id <= 4850313))

table 4 : explain SELECT id, c FROM sbtest4 WHERE id BETWEEN 4850213 AND 4850313
	Index Scan using sbtest4_pkey on sbtest4  (cost=0.43..422.76 rows=107 width=125)
	  Index Cond: ((id >= 4850213) AND (id <= 4850313))

table 5 : explain SELECT id, c FROM sbtest5 WHERE id BETWEEN 4850213 AND 4850313
	Index Scan using sbtest5_pkey on sbtest5  (cost=0.43..399.93 rows=101 width=125)
	  Index Cond: ((id >= 4850213) AND (id <= 4850313))

table 6 : explain SELECT id, c FROM sbtest6 WHERE id BETWEEN 4850213 AND 4850313
	Index Scan using sbtest6_pkey on sbtest6  (cost=0.43..424.28 rows=107 width=125)
	  Index Cond: ((id >= 4850213) AND (id <= 4850313))

table 7 : explain SELECT id, c FROM sbtest7 WHERE id BETWEEN 4850213 AND 4850313
	Index Scan using sbtest7_pkey on sbtest7  (cost=0.43..399.89 rows=101 width=125)
	  Index Cond: ((id >= 4850213) AND (id <= 4850313))

table 8 : explain SELECT id, c FROM sbtest8 WHERE id BETWEEN 4850213 AND 4850313
	Index Scan using sbtest8_pkey on sbtest8  (cost=0.43..376.57 rows=95 width=125)
	  Index Cond: ((id >= 4850213) AND (id <= 4850313))

explain: for range-notcovered :: explain SELECT id, c FROM sbtest%d WHERE id BETWEEN 4850213 AND 4850313
for range-notcovered
table 1 : explain SELECT id, c FROM sbtest1 WHERE id BETWEEN 4511041 AND 4511141
	Index Scan using sbtest1_pkey on sbtest1  (cost=0.43..389.10 rows=98 width=125)
	  Index Cond: ((id >= 4511041) AND (id <= 4511141))

table 2 : explain SELECT id, c FROM sbtest2 WHERE id BETWEEN 4511041 AND 4511141
	Index Scan using sbtest2_pkey on sbtest2  (cost=0.43..388.02 rows=98 width=125)
	  Index Cond: ((id >= 4511041) AND (id <= 4511141))

table 3 : explain SELECT id, c FROM sbtest3 WHERE id BETWEEN 4511041 AND 4511141
	Index Scan using sbtest3_pkey on sbtest3  (cost=0.43..424.61 rows=107 width=125)
	  Index Cond: ((id >= 4511041) AND (id <= 4511141))

table 4 : explain SELECT id, c FROM sbtest4 WHERE id BETWEEN 4511041 AND 4511141
	Index Scan using sbtest4_pkey on sbtest4  (cost=0.43..422.76 rows=107 width=125)
	  Index Cond: ((id >= 4511041) AND (id <= 4511141))

table 5 : explain SELECT id, c FROM sbtest5 WHERE id BETWEEN 4511041 AND 4511141
	Index Scan using sbtest5_pkey on sbtest5  (cost=0.43..403.84 rows=102 width=125)
	  Index Cond: ((id >= 4511041) AND (id <= 4511141))

table 6 : explain SELECT id, c FROM sbtest6 WHERE id BETWEEN 4511041 AND 4511141
	Index Scan using sbtest6_pkey on sbtest6  (cost=0.43..392.91 rows=99 width=125)
	  Index Cond: ((id >= 4511041) AND (id <= 4511141))

table 7 : explain SELECT id, c FROM sbtest7 WHERE id BETWEEN 4511041 AND 4511141
	Index Scan using sbtest7_pkey on sbtest7  (cost=0.43..427.28 rows=108 width=125)
	  Index Cond: ((id >= 4511041) AND (id <= 4511141))

table 8 : explain SELECT id, c FROM sbtest8 WHERE id BETWEEN 4511041 AND 4511141
	Index Scan using sbtest8_pkey on sbtest8  (cost=0.43..396.18 rows=100 width=125)
	  Index Cond: ((id >= 4511041) AND (id <= 4511141))

for range-notcovered
table 1 : explain SELECT id, c FROM sbtest1 WHERE id BETWEEN 2864967 AND 2865067
	Index Scan using sbtest1_pkey on sbtest1  (cost=0.43..373.41 rows=94 width=125)
	  Index Cond: ((id >= 2864967) AND (id <= 2865067))

table 2 : explain SELECT id, c FROM sbtest2 WHERE id BETWEEN 2864967 AND 2865067
	Index Scan using sbtest2_pkey on sbtest2  (cost=0.43..384.11 rows=97 width=125)
	  Index Cond: ((id >= 2864967) AND (id <= 2865067))

table 3 : explain SELECT id, c FROM sbtest3 WHERE id BETWEEN 2864967 AND 2865067
	Index Scan using sbtest3_pkey on sbtest3  (cost=0.43..377.49 rows=95 width=125)
	  Index Cond: ((id >= 2864967) AND (id <= 2865067))

table 4 : explain SELECT id, c FROM sbtest4 WHERE id BETWEEN 2864967 AND 2865067
	Index Scan using sbtest4_pkey on sbtest4  (cost=0.43..442.30 rows=112 width=125)
	  Index Cond: ((id >= 2864967) AND (id <= 2865067))

table 5 : explain SELECT id, c FROM sbtest5 WHERE id BETWEEN 2864967 AND 2865067
	Index Scan using sbtest5_pkey on sbtest5  (cost=0.43..407.76 rows=103 width=125)
	  Index Cond: ((id >= 2864967) AND (id <= 2865067))

table 6 : explain SELECT id, c FROM sbtest6 WHERE id BETWEEN 2864967 AND 2865067
	Index Scan using sbtest6_pkey on sbtest6  (cost=0.43..412.52 rows=104 width=125)
	  Index Cond: ((id >= 2864967) AND (id <= 2865067))

table 7 : explain SELECT id, c FROM sbtest7 WHERE id BETWEEN 2864967 AND 2865067
	Index Scan using sbtest7_pkey on sbtest7  (cost=0.43..388.15 rows=98 width=125)
	  Index Cond: ((id >= 2864967) AND (id <= 2865067))

table 8 : explain SELECT id, c FROM sbtest8 WHERE id BETWEEN 2864967 AND 2865067
	Index Scan using sbtest8_pkey on sbtest8  (cost=0.43..368.74 rows=93 width=125)
	  Index Cond: ((id >= 2864967) AND (id <= 2865067))

explain: for range-notcovered :: explain SELECT id, c FROM sbtest%d WHERE id BETWEEN 4511041 AND 4511141
explain: for range-notcovered :: explain SELECT id, c FROM sbtest%d WHERE id BETWEEN 2864967 AND 2865067
for range-notcovered
table 1 : explain SELECT id, c FROM sbtest1 WHERE id BETWEEN 4511041 AND 4511141
	Index Scan using sbtest1_pkey on sbtest1  (cost=0.43..389.10 rows=98 width=125)
	  Index Cond: ((id >= 4511041) AND (id <= 4511141))

table 2 : explain SELECT id, c FROM sbtest2 WHERE id BETWEEN 4511041 AND 4511141
	Index Scan using sbtest2_pkey on sbtest2  (cost=0.43..388.02 rows=98 width=125)
	  Index Cond: ((id >= 4511041) AND (id <= 4511141))

table 3 : explain SELECT id, c FROM sbtest3 WHERE id BETWEEN 4511041 AND 4511141
	Index Scan using sbtest3_pkey on sbtest3  (cost=0.43..424.61 rows=107 width=125)
	  Index Cond: ((id >= 4511041) AND (id <= 4511141))

table 4 : explain SELECT id, c FROM sbtest4 WHERE id BETWEEN 4511041 AND 4511141
	Index Scan using sbtest4_pkey on sbtest4  (cost=0.43..422.76 rows=107 width=125)
	  Index Cond: ((id >= 4511041) AND (id <= 4511141))

table 5 : explain SELECT id, c FROM sbtest5 WHERE id BETWEEN 4511041 AND 4511141
	Index Scan using sbtest5_pkey on sbtest5  (cost=0.43..403.84 rows=102 width=125)
	  Index Cond: ((id >= 4511041) AND (id <= 4511141))

table 6 : explain SELECT id, c FROM sbtest6 WHERE id BETWEEN 4511041 AND 4511141
	Index Scan using sbtest6_pkey on sbtest6  (cost=0.43..392.91 rows=99 width=125)
	  Index Cond: ((id >= 4511041) AND (id <= 4511141))

table 7 : explain SELECT id, c FROM sbtest7 WHERE id BETWEEN 4511041 AND 4511141
	Index Scan using sbtest7_pkey on sbtest7  (cost=0.43..427.28 rows=108 width=125)
	  Index Cond: ((id >= 4511041) AND (id <= 4511141))

table 8 : explain SELECT id, c FROM sbtest8 WHERE id BETWEEN 4511041 AND 4511141
	Index Scan using sbtest8_pkey on sbtest8  (cost=0.43..396.18 rows=100 width=125)
	  Index Cond: ((id >= 4511041) AND (id <= 4511141))

explain: for range-notcovered :: explain SELECT id, c FROM sbtest%d WHERE id BETWEEN 4511041 AND 4511141
for range-notcovered
table 1 : explain SELECT id, c FROM sbtest1 WHERE id BETWEEN 4511041 AND 4511141
	Index Scan using sbtest1_pkey on sbtest1  (cost=0.43..389.10 rows=98 width=125)
	  Index Cond: ((id >= 4511041) AND (id <= 4511141))

table 2 : explain SELECT id, c FROM sbtest2 WHERE id BETWEEN 4511041 AND 4511141
	Index Scan using sbtest2_pkey on sbtest2  (cost=0.43..388.02 rows=98 width=125)
	  Index Cond: ((id >= 4511041) AND (id <= 4511141))

table 3 : explain SELECT id, c FROM sbtest3 WHERE id BETWEEN 4511041 AND 4511141
	Index Scan using sbtest3_pkey on sbtest3  (cost=0.43..424.61 rows=107 width=125)
	  Index Cond: ((id >= 4511041) AND (id <= 4511141))

table 4 : explain SELECT id, c FROM sbtest4 WHERE id BETWEEN 4511041 AND 4511141
	Index Scan using sbtest4_pkey on sbtest4  (cost=0.43..422.76 rows=107 width=125)
	  Index Cond: ((id >= 4511041) AND (id <= 4511141))

table 5 : explain SELECT id, c FROM sbtest5 WHERE id BETWEEN 4511041 AND 4511141
	Index Scan using sbtest5_pkey on sbtest5  (cost=0.43..403.84 rows=102 width=125)
	  Index Cond: ((id >= 4511041) AND (id <= 4511141))

table 6 : explain SELECT id, c FROM sbtest6 WHERE id BETWEEN 4511041 AND 4511141
	Index Scan using sbtest6_pkey on sbtest6  (cost=0.43..392.91 rows=99 width=125)
	  Index Cond: ((id >= 4511041) AND (id <= 4511141))

table 7 : explain SELECT id, c FROM sbtest7 WHERE id BETWEEN 4511041 AND 4511141
	Index Scan using sbtest7_pkey on sbtest7  (cost=0.43..427.28 rows=108 width=125)
	  Index Cond: ((id >= 4511041) AND (id <= 4511141))

table 8 : explain SELECT id, c FROM sbtest8 WHERE id BETWEEN 4511041 AND 4511141
	Index Scan using sbtest8_pkey on sbtest8  (cost=0.43..396.18 rows=100 width=125)
	  Index Cond: ((id >= 4511041) AND (id <= 4511141))

explain: for range-notcovered :: explain SELECT id, c FROM sbtest%d WHERE id BETWEEN 4511041 AND 4511141
for range-notcovered
table 1 : explain SELECT id, c FROM sbtest1 WHERE id BETWEEN 6423872 AND 6423972
	Index Scan using sbtest1_pkey on sbtest1  (cost=0.43..444.03 rows=112 width=125)
	  Index Cond: ((id >= 6423872) AND (id <= 6423972))

table 2 : explain SELECT id, c FROM sbtest2 WHERE id BETWEEN 6423872 AND 6423972
	Index Scan using sbtest2_pkey on sbtest2  (cost=0.43..403.70 rows=102 width=125)
	  Index Cond: ((id >= 6423872) AND (id <= 6423972))

table 3 : explain SELECT id, c FROM sbtest3 WHERE id BETWEEN 6423872 AND 6423972
	Index Scan using sbtest3_pkey on sbtest3  (cost=0.43..448.17 rows=113 width=125)
	  Index Cond: ((id >= 6423872) AND (id <= 6423972))

table 4 : explain SELECT id, c FROM sbtest4 WHERE id BETWEEN 6423872 AND 6423972
	Index Scan using sbtest4_pkey on sbtest4  (cost=0.43..422.76 rows=107 width=125)
	  Index Cond: ((id >= 6423872) AND (id <= 6423972))

table 5 : explain SELECT id, c FROM sbtest5 WHERE id BETWEEN 6423872 AND 6423972
	Index Scan using sbtest5_pkey on sbtest5  (cost=0.43..411.67 rows=104 width=125)
	  Index Cond: ((id >= 6423872) AND (id <= 6423972))

table 6 : explain SELECT id, c FROM sbtest6 WHERE id BETWEEN 6423872 AND 6423972
	Index Scan using sbtest6_pkey on sbtest6  (cost=0.43..388.98 rows=98 width=125)
	  Index Cond: ((id >= 6423872) AND (id <= 6423972))

table 7 : explain SELECT id, c FROM sbtest7 WHERE id BETWEEN 6423872 AND 6423972
	Index Scan using sbtest7_pkey on sbtest7  (cost=0.43..454.68 rows=115 width=125)
	  Index Cond: ((id >= 6423872) AND (id <= 6423972))

table 8 : explain SELECT id, c FROM sbtest8 WHERE id BETWEEN 6423872 AND 6423972
	Index Scan using sbtest8_pkey on sbtest8  (cost=0.43..411.84 rows=104 width=125)
	  Index Cond: ((id >= 6423872) AND (id <= 6423972))

explain: for range-notcovered :: explain SELECT id, c FROM sbtest%d WHERE id BETWEEN 6423872 AND 6423972
for range-notcovered
table 1 : explain SELECT id, c FROM sbtest1 WHERE id BETWEEN 4850213 AND 4850313
	Index Scan using sbtest1_pkey on sbtest1  (cost=0.43..369.49 rows=93 width=125)
	  Index Cond: ((id >= 4850213) AND (id <= 4850313))

table 2 : explain SELECT id, c FROM sbtest2 WHERE id BETWEEN 4850213 AND 4850313
	Index Scan using sbtest2_pkey on sbtest2  (cost=0.43..427.17 rows=108 width=125)
	  Index Cond: ((id >= 4850213) AND (id <= 4850313))

table 3 : explain SELECT id, c FROM sbtest3 WHERE id BETWEEN 4850213 AND 4850313
	Index Scan using sbtest3_pkey on sbtest3  (cost=0.43..412.84 rows=104 width=125)
	  Index Cond: ((id >= 4850213) AND (id <= 4850313))

table 4 : explain SELECT id, c FROM sbtest4 WHERE id BETWEEN 4850213 AND 4850313
	Index Scan using sbtest4_pkey on sbtest4  (cost=0.43..422.76 rows=107 width=125)
	  Index Cond: ((id >= 4850213) AND (id <= 4850313))

table 5 : explain SELECT id, c FROM sbtest5 WHERE id BETWEEN 4850213 AND 4850313
	Index Scan using sbtest5_pkey on sbtest5  (cost=0.43..399.93 rows=101 width=125)
	  Index Cond: ((id >= 4850213) AND (id <= 4850313))

table 6 : explain SELECT id, c FROM sbtest6 WHERE id BETWEEN 4850213 AND 4850313
	Index Scan using sbtest6_pkey on sbtest6  (cost=0.43..424.28 rows=107 width=125)
	  Index Cond: ((id >= 4850213) AND (id <= 4850313))

table 7 : explain SELECT id, c FROM sbtest7 WHERE id BETWEEN 4850213 AND 4850313
	Index Scan using sbtest7_pkey on sbtest7  (cost=0.43..399.89 rows=101 width=125)
	  Index Cond: ((id >= 4850213) AND (id <= 4850313))

table 8 : explain SELECT id, c FROM sbtest8 WHERE id BETWEEN 4850213 AND 4850313
	Index Scan using sbtest8_pkey on sbtest8  (cost=0.43..376.57 rows=95 width=125)
	  Index Cond: ((id >= 4850213) AND (id <= 4850313))

explain: for range-notcovered :: explain SELECT id, c FROM sbtest%d WHERE id BETWEEN 4850213 AND 4850313
for range-notcovered
table 1 : explain SELECT id, c FROM sbtest1 WHERE id BETWEEN 6423872 AND 6423972
	Index Scan using sbtest1_pkey on sbtest1  (cost=0.43..444.03 rows=112 width=125)
	  Index Cond: ((id >= 6423872) AND (id <= 6423972))

table 2 : explain SELECT id, c FROM sbtest2 WHERE id BETWEEN 6423872 AND 6423972
	Index Scan using sbtest2_pkey on sbtest2  (cost=0.43..403.70 rows=102 width=125)
	  Index Cond: ((id >= 6423872) AND (id <= 6423972))

table 3 : explain SELECT id, c FROM sbtest3 WHERE id BETWEEN 6423872 AND 6423972
	Index Scan using sbtest3_pkey on sbtest3  (cost=0.43..448.17 rows=113 width=125)
	  Index Cond: ((id >= 6423872) AND (id <= 6423972))

table 4 : explain SELECT id, c FROM sbtest4 WHERE id BETWEEN 6423872 AND 6423972
	Index Scan using sbtest4_pkey on sbtest4  (cost=0.43..422.76 rows=107 width=125)
	  Index Cond: ((id >= 6423872) AND (id <= 6423972))

table 5 : explain SELECT id, c FROM sbtest5 WHERE id BETWEEN 6423872 AND 6423972
	Index Scan using sbtest5_pkey on sbtest5  (cost=0.43..411.67 rows=104 width=125)
	  Index Cond: ((id >= 6423872) AND (id <= 6423972))

table 6 : explain SELECT id, c FROM sbtest6 WHERE id BETWEEN 6423872 AND 6423972
	Index Scan using sbtest6_pkey on sbtest6  (cost=0.43..388.98 rows=98 width=125)
	  Index Cond: ((id >= 6423872) AND (id <= 6423972))

table 7 : explain SELECT id, c FROM sbtest7 WHERE id BETWEEN 6423872 AND 6423972
	Index Scan using sbtest7_pkey on sbtest7  (cost=0.43..454.68 rows=115 width=125)
	  Index Cond: ((id >= 6423872) AND (id <= 6423972))

table 8 : explain SELECT id, c FROM sbtest8 WHERE id BETWEEN 6423872 AND 6423972
	Index Scan using sbtest8_pkey on sbtest8  (cost=0.43..411.84 rows=104 width=125)
	  Index Cond: ((id >= 6423872) AND (id <= 6423972))

explain: for range-notcovered :: explain SELECT id, c FROM sbtest%d WHERE id BETWEEN 6423872 AND 6423972
for range-notcovered
table 1 : explain SELECT id, c FROM sbtest1 WHERE id BETWEEN 4850213 AND 4850313
	Index Scan using sbtest1_pkey on sbtest1  (cost=0.43..369.49 rows=93 width=125)
	  Index Cond: ((id >= 4850213) AND (id <= 4850313))

table 2 : explain SELECT id, c FROM sbtest2 WHERE id BETWEEN 4850213 AND 4850313
	Index Scan using sbtest2_pkey on sbtest2  (cost=0.43..427.17 rows=108 width=125)
	  Index Cond: ((id >= 4850213) AND (id <= 4850313))

table 3 : explain SELECT id, c FROM sbtest3 WHERE id BETWEEN 4850213 AND 4850313
	Index Scan using sbtest3_pkey on sbtest3  (cost=0.43..412.84 rows=104 width=125)
	  Index Cond: ((id >= 4850213) AND (id <= 4850313))

table 4 : explain SELECT id, c FROM sbtest4 WHERE id BETWEEN 4850213 AND 4850313
	Index Scan using sbtest4_pkey on sbtest4  (cost=0.43..422.76 rows=107 width=125)
	  Index Cond: ((id >= 4850213) AND (id <= 4850313))

table 5 : explain SELECT id, c FROM sbtest5 WHERE id BETWEEN 4850213 AND 4850313
	Index Scan using sbtest5_pkey on sbtest5  (cost=0.43..399.93 rows=101 width=125)
	  Index Cond: ((id >= 4850213) AND (id <= 4850313))

table 6 : explain SELECT id, c FROM sbtest6 WHERE id BETWEEN 4850213 AND 4850313
	Index Scan using sbtest6_pkey on sbtest6  (cost=0.43..424.28 rows=107 width=125)
	  Index Cond: ((id >= 4850213) AND (id <= 4850313))

table 7 : explain SELECT id, c FROM sbtest7 WHERE id BETWEEN 4850213 AND 4850313
	Index Scan using sbtest7_pkey on sbtest7  (cost=0.43..399.89 rows=101 width=125)
	  Index Cond: ((id >= 4850213) AND (id <= 4850313))

table 8 : explain SELECT id, c FROM sbtest8 WHERE id BETWEEN 4850213 AND 4850313
	Index Scan using sbtest8_pkey on sbtest8  (cost=0.43..376.57 rows=95 width=125)
	  Index Cond: ((id >= 4850213) AND (id <= 4850313))

explain: for range-notcovered :: explain SELECT id, c FROM sbtest%d WHERE id BETWEEN 4850213 AND 4850313
explain: for range-notcovered :: explain SELECT id, c FROM sbtest%d WHERE id BETWEEN 6541340 AND 6541440
for range-notcovered
table 1 : explain SELECT id, c FROM sbtest1 WHERE id BETWEEN 6423872 AND 6423972
	Index Scan using sbtest1_pkey on sbtest1  (cost=0.43..444.03 rows=112 width=125)
	  Index Cond: ((id >= 6423872) AND (id <= 6423972))

table 2 : explain SELECT id, c FROM sbtest2 WHERE id BETWEEN 6423872 AND 6423972
	Index Scan using sbtest2_pkey on sbtest2  (cost=0.43..403.70 rows=102 width=125)
	  Index Cond: ((id >= 6423872) AND (id <= 6423972))

table 3 : explain SELECT id, c FROM sbtest3 WHERE id BETWEEN 6423872 AND 6423972
	Index Scan using sbtest3_pkey on sbtest3  (cost=0.43..448.17 rows=113 width=125)
	  Index Cond: ((id >= 6423872) AND (id <= 6423972))

table 4 : explain SELECT id, c FROM sbtest4 WHERE id BETWEEN 6423872 AND 6423972
	Index Scan using sbtest4_pkey on sbtest4  (cost=0.43..422.76 rows=107 width=125)
	  Index Cond: ((id >= 6423872) AND (id <= 6423972))

table 5 : explain SELECT id, c FROM sbtest5 WHERE id BETWEEN 6423872 AND 6423972
	Index Scan using sbtest5_pkey on sbtest5  (cost=0.43..411.67 rows=104 width=125)
	  Index Cond: ((id >= 6423872) AND (id <= 6423972))

table 6 : explain SELECT id, c FROM sbtest6 WHERE id BETWEEN 6423872 AND 6423972
	Index Scan using sbtest6_pkey on sbtest6  (cost=0.43..388.98 rows=98 width=125)
	  Index Cond: ((id >= 6423872) AND (id <= 6423972))

table 7 : explain SELECT id, c FROM sbtest7 WHERE id BETWEEN 6423872 AND 6423972
	Index Scan using sbtest7_pkey on sbtest7  (cost=0.43..454.68 rows=115 width=125)
	  Index Cond: ((id >= 6423872) AND (id <= 6423972))

table 8 : explain SELECT id, c FROM sbtest8 WHERE id BETWEEN 6423872 AND 6423972
	Index Scan using sbtest8_pkey on sbtest8  (cost=0.43..411.84 rows=104 width=125)
	  Index Cond: ((id >= 6423872) AND (id <= 6423972))

explain: for range-notcovered :: explain SELECT id, c FROM sbtest%d WHERE id BETWEEN 6423872 AND 6423972
explain: for range-notcovered :: explain SELECT id, c FROM sbtest%d WHERE id BETWEEN 6681985 AND 6682085
for range-notcovered
table 1 : explain SELECT id, c FROM sbtest1 WHERE id BETWEEN 6774728 AND 6774828
	Index Scan using sbtest1_pkey on sbtest1  (cost=0.43..412.64 rows=104 width=125)
	  Index Cond: ((id >= 6774728) AND (id <= 6774828))

table 2 : explain SELECT id, c FROM sbtest2 WHERE id BETWEEN 6774728 AND 6774828
	Index Scan using sbtest2_pkey on sbtest2  (cost=0.43..384.11 rows=97 width=125)
	  Index Cond: ((id >= 6774728) AND (id <= 6774828))

table 3 : explain SELECT id, c FROM sbtest3 WHERE id BETWEEN 6774728 AND 6774828
	Index Scan using sbtest3_pkey on sbtest3  (cost=0.43..428.54 rows=108 width=125)
	  Index Cond: ((id >= 6774728) AND (id <= 6774828))

table 4 : explain SELECT id, c FROM sbtest4 WHERE id BETWEEN 6774728 AND 6774828
	Index Scan using sbtest4_pkey on sbtest4  (cost=0.43..399.32 rows=101 width=125)
	  Index Cond: ((id >= 6774728) AND (id <= 6774828))

table 5 : explain SELECT id, c FROM sbtest5 WHERE id BETWEEN 6774728 AND 6774828
	Index Scan using sbtest5_pkey on sbtest5  (cost=0.43..384.27 rows=97 width=125)
	  Index Cond: ((id >= 6774728) AND (id <= 6774828))

table 6 : explain SELECT id, c FROM sbtest6 WHERE id BETWEEN 6774728 AND 6774828
	Index Scan using sbtest6_pkey on sbtest6  (cost=0.43..420.36 rows=106 width=125)
	  Index Cond: ((id >= 6774728) AND (id <= 6774828))

table 7 : explain SELECT id, c FROM sbtest7 WHERE id BETWEEN 6774728 AND 6774828
	Index Scan using sbtest7_pkey on sbtest7  (cost=0.43..372.47 rows=94 width=125)
	  Index Cond: ((id >= 6774728) AND (id <= 6774828))

table 8 : explain SELECT id, c FROM sbtest8 WHERE id BETWEEN 6774728 AND 6774828
	Index Scan using sbtest8_pkey on sbtest8  (cost=0.43..407.92 rows=103 width=125)
	  Index Cond: ((id >= 6774728) AND (id <= 6774828))

for range-notcovered
table 1 : explain SELECT id, c FROM sbtest1 WHERE id BETWEEN 4850213 AND 4850313
	Index Scan using sbtest1_pkey on sbtest1  (cost=0.43..369.49 rows=93 width=125)
	  Index Cond: ((id >= 4850213) AND (id <= 4850313))

table 2 : explain SELECT id, c FROM sbtest2 WHERE id BETWEEN 4850213 AND 4850313
	Index Scan using sbtest2_pkey on sbtest2  (cost=0.43..427.17 rows=108 width=125)
	  Index Cond: ((id >= 4850213) AND (id <= 4850313))

table 3 : explain SELECT id, c FROM sbtest3 WHERE id BETWEEN 4850213 AND 4850313
	Index Scan using sbtest3_pkey on sbtest3  (cost=0.43..412.84 rows=104 width=125)
	  Index Cond: ((id >= 4850213) AND (id <= 4850313))

table 4 : explain SELECT id, c FROM sbtest4 WHERE id BETWEEN 4850213 AND 4850313
	Index Scan using sbtest4_pkey on sbtest4  (cost=0.43..422.76 rows=107 width=125)
	  Index Cond: ((id >= 4850213) AND (id <= 4850313))

table 5 : explain SELECT id, c FROM sbtest5 WHERE id BETWEEN 4850213 AND 4850313
	Index Scan using sbtest5_pkey on sbtest5  (cost=0.43..399.93 rows=101 width=125)
	  Index Cond: ((id >= 4850213) AND (id <= 4850313))

table 6 : explain SELECT id, c FROM sbtest6 WHERE id BETWEEN 4850213 AND 4850313
	Index Scan using sbtest6_pkey on sbtest6  (cost=0.43..424.28 rows=107 width=125)
	  Index Cond: ((id >= 4850213) AND (id <= 4850313))

table 7 : explain SELECT id, c FROM sbtest7 WHERE id BETWEEN 4850213 AND 4850313
	Index Scan using sbtest7_pkey on sbtest7  (cost=0.43..399.89 rows=101 width=125)
	  Index Cond: ((id >= 4850213) AND (id <= 4850313))

table 8 : explain SELECT id, c FROM sbtest8 WHERE id BETWEEN 4850213 AND 4850313
	Index Scan using sbtest8_pkey on sbtest8  (cost=0.43..376.57 rows=95 width=125)
	  Index Cond: ((id >= 4850213) AND (id <= 4850313))

explain: for range-notcovered :: explain SELECT id, c FROM sbtest%d WHERE id BETWEEN 4850213 AND 4850313
for range-notcovered
table 1 : explain SELECT id, c FROM sbtest1 WHERE id BETWEEN 6423872 AND 6423972
	Index Scan using sbtest1_pkey on sbtest1  (cost=0.43..444.03 rows=112 width=125)
	  Index Cond: ((id >= 6423872) AND (id <= 6423972))

table 2 : explain SELECT id, c FROM sbtest2 WHERE id BETWEEN 6423872 AND 6423972
	Index Scan using sbtest2_pkey on sbtest2  (cost=0.43..403.70 rows=102 width=125)
	  Index Cond: ((id >= 6423872) AND (id <= 6423972))

table 3 : explain SELECT id, c FROM sbtest3 WHERE id BETWEEN 6423872 AND 6423972
	Index Scan using sbtest3_pkey on sbtest3  (cost=0.43..448.17 rows=113 width=125)
	  Index Cond: ((id >= 6423872) AND (id <= 6423972))

table 4 : explain SELECT id, c FROM sbtest4 WHERE id BETWEEN 6423872 AND 6423972
	Index Scan using sbtest4_pkey on sbtest4  (cost=0.43..422.76 rows=107 width=125)
	  Index Cond: ((id >= 6423872) AND (id <= 6423972))

table 5 : explain SELECT id, c FROM sbtest5 WHERE id BETWEEN 6423872 AND 6423972
	Index Scan using sbtest5_pkey on sbtest5  (cost=0.43..411.67 rows=104 width=125)
	  Index Cond: ((id >= 6423872) AND (id <= 6423972))

table 6 : explain SELECT id, c FROM sbtest6 WHERE id BETWEEN 6423872 AND 6423972
	Index Scan using sbtest6_pkey on sbtest6  (cost=0.43..388.98 rows=98 width=125)
	  Index Cond: ((id >= 6423872) AND (id <= 6423972))

table 7 : explain SELECT id, c FROM sbtest7 WHERE id BETWEEN 6423872 AND 6423972
	Index Scan using sbtest7_pkey on sbtest7  (cost=0.43..454.68 rows=115 width=125)
	  Index Cond: ((id >= 6423872) AND (id <= 6423972))

table 8 : explain SELECT id, c FROM sbtest8 WHERE id BETWEEN 6423872 AND 6423972
	Index Scan using sbtest8_pkey on sbtest8  (cost=0.43..411.84 rows=104 width=125)
	  Index Cond: ((id >= 6423872) AND (id <= 6423972))

explain: for range-notcovered :: explain SELECT id, c FROM sbtest%d WHERE id BETWEEN 943483 AND 943583
explain: for range-notcovered :: explain SELECT id, c FROM sbtest%d WHERE id BETWEEN 6433946 AND 6434046
for range-notcovered
table 1 : explain SELECT id, c FROM sbtest1 WHERE id BETWEEN 1349417 AND 1349517
	Index Scan using sbtest1_pkey on sbtest1  (cost=0.43..393.03 rows=99 width=125)
	  Index Cond: ((id >= 1349417) AND (id <= 1349517))

table 2 : explain SELECT id, c FROM sbtest2 WHERE id BETWEEN 1349417 AND 1349517
	Index Scan using sbtest2_pkey on sbtest2  (cost=0.43..427.17 rows=108 width=125)
	  Index Cond: ((id >= 1349417) AND (id <= 1349517))

table 3 : explain SELECT id, c FROM sbtest3 WHERE id BETWEEN 1349417 AND 1349517
	Index Scan using sbtest3_pkey on sbtest3  (cost=0.43..404.99 rows=102 width=125)
	  Index Cond: ((id >= 1349417) AND (id <= 1349517))

table 4 : explain SELECT id, c FROM sbtest4 WHERE id BETWEEN 1349417 AND 1349517
	Index Scan using sbtest4_pkey on sbtest4  (cost=0.43..379.75 rows=96 width=125)
	  Index Cond: ((id >= 1349417) AND (id <= 1349517))

table 5 : explain SELECT id, c FROM sbtest5 WHERE id BETWEEN 1349417 AND 1349517
	Index Scan using sbtest5_pkey on sbtest5  (cost=0.43..458.64 rows=116 width=125)
	  Index Cond: ((id >= 1349417) AND (id <= 1349517))

table 6 : explain SELECT id, c FROM sbtest6 WHERE id BETWEEN 1349417 AND 1349517
	Index Scan using sbtest6_pkey on sbtest6  (cost=0.43..428.21 rows=108 width=125)
	  Index Cond: ((id >= 1349417) AND (id <= 1349517))

table 7 : explain SELECT id, c FROM sbtest7 WHERE id BETWEEN 1349417 AND 1349517
	Index Scan using sbtest7_pkey on sbtest7  (cost=0.43..399.89 rows=101 width=125)
	  Index Cond: ((id >= 1349417) AND (id <= 1349517))

table 8 : explain SELECT id, c FROM sbtest8 WHERE id BETWEEN 1349417 AND 1349517
	Index Scan using sbtest8_pkey on sbtest8  (cost=0.43..411.84 rows=104 width=125)
	  Index Cond: ((id >= 1349417) AND (id <= 1349517))

for range-notcovered
table 1 : explain SELECT id, c FROM sbtest1 WHERE id BETWEEN 4850213 AND 4850313
	Index Scan using sbtest1_pkey on sbtest1  (cost=0.43..369.49 rows=93 width=125)
	  Index Cond: ((id >= 4850213) AND (id <= 4850313))

table 2 : explain SELECT id, c FROM sbtest2 WHERE id BETWEEN 4850213 AND 4850313
	Index Scan using sbtest2_pkey on sbtest2  (cost=0.43..427.17 rows=108 width=125)
	  Index Cond: ((id >= 4850213) AND (id <= 4850313))

table 3 : explain SELECT id, c FROM sbtest3 WHERE id BETWEEN 4850213 AND 4850313
	Index Scan using sbtest3_pkey on sbtest3  (cost=0.43..412.84 rows=104 width=125)
	  Index Cond: ((id >= 4850213) AND (id <= 4850313))

table 4 : explain SELECT id, c FROM sbtest4 WHERE id BETWEEN 4850213 AND 4850313
	Index Scan using sbtest4_pkey on sbtest4  (cost=0.43..422.76 rows=107 width=125)
	  Index Cond: ((id >= 4850213) AND (id <= 4850313))

table 5 : explain SELECT id, c FROM sbtest5 WHERE id BETWEEN 4850213 AND 4850313
	Index Scan using sbtest5_pkey on sbtest5  (cost=0.43..399.93 rows=101 width=125)
	  Index Cond: ((id >= 4850213) AND (id <= 4850313))

table 6 : explain SELECT id, c FROM sbtest6 WHERE id BETWEEN 4850213 AND 4850313
	Index Scan using sbtest6_pkey on sbtest6  (cost=0.43..424.28 rows=107 width=125)
	  Index Cond: ((id >= 4850213) AND (id <= 4850313))

table 7 : explain SELECT id, c FROM sbtest7 WHERE id BETWEEN 4850213 AND 4850313
	Index Scan using sbtest7_pkey on sbtest7  (cost=0.43..399.89 rows=101 width=125)
	  Index Cond: ((id >= 4850213) AND (id <= 4850313))

table 8 : explain SELECT id, c FROM sbtest8 WHERE id BETWEEN 4850213 AND 4850313
	Index Scan using sbtest8_pkey on sbtest8  (cost=0.43..376.57 rows=95 width=125)
	  Index Cond: ((id >= 4850213) AND (id <= 4850313))

for range-notcovered
table 1 : explain SELECT id, c FROM sbtest1 WHERE id BETWEEN 2864967 AND 2865067
	Index Scan using sbtest1_pkey on sbtest1  (cost=0.43..373.41 rows=94 width=125)
	  Index Cond: ((id >= 2864967) AND (id <= 2865067))

table 2 : explain SELECT id, c FROM sbtest2 WHERE id BETWEEN 2864967 AND 2865067
	Index Scan using sbtest2_pkey on sbtest2  (cost=0.43..384.11 rows=97 width=125)
	  Index Cond: ((id >= 2864967) AND (id <= 2865067))

table 3 : explain SELECT id, c FROM sbtest3 WHERE id BETWEEN 2864967 AND 2865067
	Index Scan using sbtest3_pkey on sbtest3  (cost=0.43..377.49 rows=95 width=125)
	  Index Cond: ((id >= 2864967) AND (id <= 2865067))

table 4 : explain SELECT id, c FROM sbtest4 WHERE id BETWEEN 2864967 AND 2865067
	Index Scan using sbtest4_pkey on sbtest4  (cost=0.43..442.30 rows=112 width=125)
	  Index Cond: ((id >= 2864967) AND (id <= 2865067))

table 5 : explain SELECT id, c FROM sbtest5 WHERE id BETWEEN 2864967 AND 2865067
	Index Scan using sbtest5_pkey on sbtest5  (cost=0.43..407.76 rows=103 width=125)
	  Index Cond: ((id >= 2864967) AND (id <= 2865067))

table 6 : explain SELECT id, c FROM sbtest6 WHERE id BETWEEN 2864967 AND 2865067
	Index Scan using sbtest6_pkey on sbtest6  (cost=0.43..412.52 rows=104 width=125)
	  Index Cond: ((id >= 2864967) AND (id <= 2865067))

table 7 : explain SELECT id, c FROM sbtest7 WHERE id BETWEEN 2864967 AND 2865067
	Index Scan using sbtest7_pkey on sbtest7  (cost=0.43..388.15 rows=98 width=125)
	  Index Cond: ((id >= 2864967) AND (id <= 2865067))

table 8 : explain SELECT id, c FROM sbtest8 WHERE id BETWEEN 2864967 AND 2865067
	Index Scan using sbtest8_pkey on sbtest8  (cost=0.43..368.74 rows=93 width=125)
	  Index Cond: ((id >= 2864967) AND (id <= 2865067))

for range-notcovered
table 1 : explain SELECT id, c FROM sbtest1 WHERE id BETWEEN 4511041 AND 4511141
	Index Scan using sbtest1_pkey on sbtest1  (cost=0.43..389.10 rows=98 width=125)
	  Index Cond: ((id >= 4511041) AND (id <= 4511141))

table 2 : explain SELECT id, c FROM sbtest2 WHERE id BETWEEN 4511041 AND 4511141
	Index Scan using sbtest2_pkey on sbtest2  (cost=0.43..388.02 rows=98 width=125)
	  Index Cond: ((id >= 4511041) AND (id <= 4511141))

table 3 : explain SELECT id, c FROM sbtest3 WHERE id BETWEEN 4511041 AND 4511141
	Index Scan using sbtest3_pkey on sbtest3  (cost=0.43..424.61 rows=107 width=125)
	  Index Cond: ((id >= 4511041) AND (id <= 4511141))

table 4 : explain SELECT id, c FROM sbtest4 WHERE id BETWEEN 4511041 AND 4511141
	Index Scan using sbtest4_pkey on sbtest4  (cost=0.43..422.76 rows=107 width=125)
	  Index Cond: ((id >= 4511041) AND (id <= 4511141))

table 5 : explain SELECT id, c FROM sbtest5 WHERE id BETWEEN 4511041 AND 4511141
	Index Scan using sbtest5_pkey on sbtest5  (cost=0.43..403.84 rows=102 width=125)
	  Index Cond: ((id >= 4511041) AND (id <= 4511141))

table 6 : explain SELECT id, c FROM sbtest6 WHERE id BETWEEN 4511041 AND 4511141
	Index Scan using sbtest6_pkey on sbtest6  (cost=0.43..392.91 rows=99 width=125)
	  Index Cond: ((id >= 4511041) AND (id <= 4511141))

table 7 : explain SELECT id, c FROM sbtest7 WHERE id BETWEEN 4511041 AND 4511141
	Index Scan using sbtest7_pkey on sbtest7  (cost=0.43..427.28 rows=108 width=125)
	  Index Cond: ((id >= 4511041) AND (id <= 4511141))

table 8 : explain SELECT id, c FROM sbtest8 WHERE id BETWEEN 4511041 AND 4511141
	Index Scan using sbtest8_pkey on sbtest8  (cost=0.43..396.18 rows=100 width=125)
	  Index Cond: ((id >= 4511041) AND (id <= 4511141))

for range-notcovered
table 1 : explain SELECT id, c FROM sbtest1 WHERE id BETWEEN 5445236 AND 5445336
	Index Scan using sbtest1_pkey on sbtest1  (cost=0.43..361.62 rows=91 width=125)
	  Index Cond: ((id >= 5445236) AND (id <= 5445336))

table 2 : explain SELECT id, c FROM sbtest2 WHERE id BETWEEN 5445236 AND 5445336
	Index Scan using sbtest2_pkey on sbtest2  (cost=0.43..407.61 rows=103 width=125)
	  Index Cond: ((id >= 5445236) AND (id <= 5445336))

table 3 : explain SELECT id, c FROM sbtest3 WHERE id BETWEEN 5445236 AND 5445336
	Index Scan using sbtest3_pkey on sbtest3  (cost=0.43..377.49 rows=95 width=125)
	  Index Cond: ((id >= 5445236) AND (id <= 5445336))

table 4 : explain SELECT id, c FROM sbtest4 WHERE id BETWEEN 5445236 AND 5445336
	Index Scan using sbtest4_pkey on sbtest4  (cost=0.43..368.03 rows=93 width=125)
	  Index Cond: ((id >= 5445236) AND (id <= 5445336))

table 5 : explain SELECT id, c FROM sbtest5 WHERE id BETWEEN 5445236 AND 5445336
	Index Scan using sbtest5_pkey on sbtest5  (cost=0.43..388.19 rows=98 width=125)
	  Index Cond: ((id >= 5445236) AND (id <= 5445336))

table 6 : explain SELECT id, c FROM sbtest6 WHERE id BETWEEN 5445236 AND 5445336
	Index Scan using sbtest6_pkey on sbtest6  (cost=0.43..400.75 rows=101 width=125)
	  Index Cond: ((id >= 5445236) AND (id <= 5445336))

table 7 : explain SELECT id, c FROM sbtest7 WHERE id BETWEEN 5445236 AND 5445336
	Index Scan using sbtest7_pkey on sbtest7  (cost=0.43..384.23 rows=97 width=125)
	  Index Cond: ((id >= 5445236) AND (id <= 5445336))

table 8 : explain SELECT id, c FROM sbtest8 WHERE id BETWEEN 5445236 AND 5445336
	Index Scan using sbtest8_pkey on sbtest8  (cost=0.43..384.43 rows=97 width=125)
	  Index Cond: ((id >= 5445236) AND (id <= 5445336))

explain: for range-notcovered :: explain SELECT id, c FROM sbtest%d WHERE id BETWEEN 5445236 AND 5445336
for range-notcovered
table 1 : explain SELECT id, c FROM sbtest1 WHERE id BETWEEN 5445236 AND 5445336
	Index Scan using sbtest1_pkey on sbtest1  (cost=0.43..361.62 rows=91 width=125)
	  Index Cond: ((id >= 5445236) AND (id <= 5445336))

table 2 : explain SELECT id, c FROM sbtest2 WHERE id BETWEEN 5445236 AND 5445336
	Index Scan using sbtest2_pkey on sbtest2  (cost=0.43..407.61 rows=103 width=125)
	  Index Cond: ((id >= 5445236) AND (id <= 5445336))

table 3 : explain SELECT id, c FROM sbtest3 WHERE id BETWEEN 5445236 AND 5445336
	Index Scan using sbtest3_pkey on sbtest3  (cost=0.43..377.49 rows=95 width=125)
	  Index Cond: ((id >= 5445236) AND (id <= 5445336))

table 4 : explain SELECT id, c FROM sbtest4 WHERE id BETWEEN 5445236 AND 5445336
	Index Scan using sbtest4_pkey on sbtest4  (cost=0.43..368.03 rows=93 width=125)
	  Index Cond: ((id >= 5445236) AND (id <= 5445336))

table 5 : explain SELECT id, c FROM sbtest5 WHERE id BETWEEN 5445236 AND 5445336
	Index Scan using sbtest5_pkey on sbtest5  (cost=0.43..388.19 rows=98 width=125)
	  Index Cond: ((id >= 5445236) AND (id <= 5445336))

table 6 : explain SELECT id, c FROM sbtest6 WHERE id BETWEEN 5445236 AND 5445336
	Index Scan using sbtest6_pkey on sbtest6  (cost=0.43..400.75 rows=101 width=125)
	  Index Cond: ((id >= 5445236) AND (id <= 5445336))

table 7 : explain SELECT id, c FROM sbtest7 WHERE id BETWEEN 5445236 AND 5445336
	Index Scan using sbtest7_pkey on sbtest7  (cost=0.43..384.23 rows=97 width=125)
	  Index Cond: ((id >= 5445236) AND (id <= 5445336))

table 8 : explain SELECT id, c FROM sbtest8 WHERE id BETWEEN 5445236 AND 5445336
	Index Scan using sbtest8_pkey on sbtest8  (cost=0.43..384.43 rows=97 width=125)
	  Index Cond: ((id >= 5445236) AND (id <= 5445336))

for range-notcovered
table 1 : explain SELECT id, c FROM sbtest1 WHERE id BETWEEN 6681985 AND 6682085
	Index Scan using sbtest1_pkey on sbtest1  (cost=0.43..459.73 rows=116 width=125)
	  Index Cond: ((id >= 6681985) AND (id <= 6682085))

table 2 : explain SELECT id, c FROM sbtest2 WHERE id BETWEEN 6681985 AND 6682085
	Index Scan using sbtest2_pkey on sbtest2  (cost=0.43..368.46 rows=93 width=125)
	  Index Cond: ((id >= 6681985) AND (id <= 6682085))

table 3 : explain SELECT id, c FROM sbtest3 WHERE id BETWEEN 6681985 AND 6682085
	Index Scan using sbtest3_pkey on sbtest3  (cost=0.43..444.24 rows=112 width=125)
	  Index Cond: ((id >= 6681985) AND (id <= 6682085))

table 4 : explain SELECT id, c FROM sbtest4 WHERE id BETWEEN 6681985 AND 6682085
	Index Scan using sbtest4_pkey on sbtest4  (cost=0.43..391.50 rows=99 width=125)
	  Index Cond: ((id >= 6681985) AND (id <= 6682085))

table 5 : explain SELECT id, c FROM sbtest5 WHERE id BETWEEN 6681985 AND 6682085
	Index Scan using sbtest5_pkey on sbtest5  (cost=0.43..435.15 rows=110 width=125)
	  Index Cond: ((id >= 6681985) AND (id <= 6682085))

table 6 : explain SELECT id, c FROM sbtest6 WHERE id BETWEEN 6681985 AND 6682085
	Index Scan using sbtest6_pkey on sbtest6  (cost=0.43..400.75 rows=101 width=125)
	  Index Cond: ((id >= 6681985) AND (id <= 6682085))

table 7 : explain SELECT id, c FROM sbtest7 WHERE id BETWEEN 6681985 AND 6682085
	Index Scan using sbtest7_pkey on sbtest7  (cost=0.43..380.29 rows=96 width=125)
	  Index Cond: ((id >= 6681985) AND (id <= 6682085))

table 8 : explain SELECT id, c FROM sbtest8 WHERE id BETWEEN 6681985 AND 6682085
	Index Scan using sbtest8_pkey on sbtest8  (cost=0.43..427.50 rows=108 width=125)
	  Index Cond: ((id >= 6681985) AND (id <= 6682085))
explain: for range-notcovered :: explain SELECT id, c FROM sbtest%d WHERE id BETWEEN 5445236 AND 5445336

for range-notcovered
table 1 : explain SELECT id, c FROM sbtest1 WHERE id BETWEEN 943483 AND 943583
	Index Scan using sbtest1_pkey on sbtest1  (cost=0.43..396.95 rows=100 width=125)
	  Index Cond: ((id >= 943483) AND (id <= 943583))

table 2 : explain SELECT id, c FROM sbtest2 WHERE id BETWEEN 943483 AND 943583
	Index Scan using sbtest2_pkey on sbtest2  (cost=0.43..403.70 rows=102 width=125)
	  Index Cond: ((id >= 943483) AND (id <= 943583))

table 3 : explain SELECT id, c FROM sbtest3 WHERE id BETWEEN 943483 AND 943583
	Index Scan using sbtest3_pkey on sbtest3  (cost=0.43..404.99 rows=102 width=125)
	  Index Cond: ((id >= 943483) AND (id <= 943583))

table 4 : explain SELECT id, c FROM sbtest4 WHERE id BETWEEN 943483 AND 943583
	Index Scan using sbtest4_pkey on sbtest4  (cost=0.43..399.32 rows=101 width=125)
	  Index Cond: ((id >= 943483) AND (id <= 943583))

table 5 : explain SELECT id, c FROM sbtest5 WHERE id BETWEEN 943483 AND 943583
	Index Scan using sbtest5_pkey on sbtest5  (cost=0.43..372.50 rows=94 width=125)
	  Index Cond: ((id >= 943483) AND (id <= 943583))

table 6 : explain SELECT id, c FROM sbtest6 WHERE id BETWEEN 943483 AND 943583
	Index Scan using sbtest6_pkey on sbtest6  (cost=0.43..365.43 rows=92 width=125)
	  Index Cond: ((id >= 943483) AND (id <= 943583))

table 7 : explain SELECT id, c FROM sbtest7 WHERE id BETWEEN 943483 AND 943583
	Index Scan using sbtest7_pkey on sbtest7  (cost=0.43..376.38 rows=95 width=125)
	  Index Cond: ((id >= 943483) AND (id <= 943583))

table 8 : explain SELECT id, c FROM sbtest8 WHERE id BETWEEN 943483 AND 943583
	Index Scan using sbtest8_pkey on sbtest8  (cost=0.43..423.59 rows=107 width=125)
	  Index Cond: ((id >= 943483) AND (id <= 943583))

for range-notcovered
table 1 : explain SELECT id, c FROM sbtest1 WHERE id BETWEEN 6433946 AND 6434046
	Index Scan using sbtest1_pkey on sbtest1  (cost=0.43..444.03 rows=112 width=125)
	  Index Cond: ((id >= 6433946) AND (id <= 6434046))

table 2 : explain SELECT id, c FROM sbtest2 WHERE id BETWEEN 6433946 AND 6434046
	Index Scan using sbtest2_pkey on sbtest2  (cost=0.43..403.70 rows=102 width=125)
	  Index Cond: ((id >= 6433946) AND (id <= 6434046))

table 3 : explain SELECT id, c FROM sbtest3 WHERE id BETWEEN 6433946 AND 6434046
	Index Scan using sbtest3_pkey on sbtest3  (cost=0.43..448.17 rows=113 width=125)
	  Index Cond: ((id >= 6433946) AND (id <= 6434046))

table 4 : explain SELECT id, c FROM sbtest4 WHERE id BETWEEN 6433946 AND 6434046
	Index Scan using sbtest4_pkey on sbtest4  (cost=0.43..422.76 rows=107 width=125)
	  Index Cond: ((id >= 6433946) AND (id <= 6434046))

table 5 : explain SELECT id, c FROM sbtest5 WHERE id BETWEEN 6433946 AND 6434046
	Index Scan using sbtest5_pkey on sbtest5  (cost=0.43..411.67 rows=104 width=125)
	  Index Cond: ((id >= 6433946) AND (id <= 6434046))

table 6 : explain SELECT id, c FROM sbtest6 WHERE id BETWEEN 6433946 AND 6434046
	Index Scan using sbtest6_pkey on sbtest6  (cost=0.43..388.98 rows=98 width=125)
	  Index Cond: ((id >= 6433946) AND (id <= 6434046))

table 7 : explain SELECT id, c FROM sbtest7 WHERE id BETWEEN 6433946 AND 6434046
	Index Scan using sbtest7_pkey on sbtest7  (cost=0.43..454.68 rows=115 width=125)
	  Index Cond: ((id >= 6433946) AND (id <= 6434046))

table 8 : explain SELECT id, c FROM sbtest8 WHERE id BETWEEN 6433946 AND 6434046
	Index Scan using sbtest8_pkey on sbtest8  (cost=0.43..411.84 rows=104 width=125)
	  Index Cond: ((id >= 6433946) AND (id <= 6434046))

explain: for range-notcovered :: explain SELECT id, c FROM sbtest%d WHERE id BETWEEN 6681985 AND 6682085
explain: for range-notcovered :: explain SELECT id, c FROM sbtest%d WHERE id BETWEEN 943483 AND 943583
explain: for range-notcovered :: explain SELECT id, c FROM sbtest%d WHERE id BETWEEN 6433946 AND 6434046
for range-notcovered
table 1 : explain SELECT id, c FROM sbtest1 WHERE id BETWEEN 5445236 AND 5445336
	Index Scan using sbtest1_pkey on sbtest1  (cost=0.43..361.62 rows=91 width=125)
	  Index Cond: ((id >= 5445236) AND (id <= 5445336))

table 2 : explain SELECT id, c FROM sbtest2 WHERE id BETWEEN 5445236 AND 5445336
	Index Scan using sbtest2_pkey on sbtest2  (cost=0.43..407.61 rows=103 width=125)
	  Index Cond: ((id >= 5445236) AND (id <= 5445336))

table 3 : explain SELECT id, c FROM sbtest3 WHERE id BETWEEN 5445236 AND 5445336
	Index Scan using sbtest3_pkey on sbtest3  (cost=0.43..377.49 rows=95 width=125)
	  Index Cond: ((id >= 5445236) AND (id <= 5445336))

table 4 : explain SELECT id, c FROM sbtest4 WHERE id BETWEEN 5445236 AND 5445336
	Index Scan using sbtest4_pkey on sbtest4  (cost=0.43..368.03 rows=93 width=125)
	  Index Cond: ((id >= 5445236) AND (id <= 5445336))

table 5 : explain SELECT id, c FROM sbtest5 WHERE id BETWEEN 5445236 AND 5445336
	Index Scan using sbtest5_pkey on sbtest5  (cost=0.43..388.19 rows=98 width=125)
	  Index Cond: ((id >= 5445236) AND (id <= 5445336))

table 6 : explain SELECT id, c FROM sbtest6 WHERE id BETWEEN 5445236 AND 5445336
	Index Scan using sbtest6_pkey on sbtest6  (cost=0.43..400.75 rows=101 width=125)
	  Index Cond: ((id >= 5445236) AND (id <= 5445336))

table 7 : explain SELECT id, c FROM sbtest7 WHERE id BETWEEN 5445236 AND 5445336
	Index Scan using sbtest7_pkey on sbtest7  (cost=0.43..384.23 rows=97 width=125)
	  Index Cond: ((id >= 5445236) AND (id <= 5445336))

table 8 : explain SELECT id, c FROM sbtest8 WHERE id BETWEEN 5445236 AND 5445336
	Index Scan using sbtest8_pkey on sbtest8  (cost=0.43..384.43 rows=97 width=125)
	  Index Cond: ((id >= 5445236) AND (id <= 5445336))

explain: for range-notcovered :: explain SELECT id, c FROM sbtest%d WHERE id BETWEEN 5445236 AND 5445336
explain: for range-notcovered :: explain SELECT id, c FROM sbtest%d WHERE id BETWEEN 6256310 AND 6256410
for range-notcovered
table 1 : explain SELECT id, c FROM sbtest1 WHERE id BETWEEN 6681985 AND 6682085
	Index Scan using sbtest1_pkey on sbtest1  (cost=0.43..459.73 rows=116 width=125)
	  Index Cond: ((id >= 6681985) AND (id <= 6682085))

table 2 : explain SELECT id, c FROM sbtest2 WHERE id BETWEEN 6681985 AND 6682085
	Index Scan using sbtest2_pkey on sbtest2  (cost=0.43..368.46 rows=93 width=125)
	  Index Cond: ((id >= 6681985) AND (id <= 6682085))

table 3 : explain SELECT id, c FROM sbtest3 WHERE id BETWEEN 6681985 AND 6682085
	Index Scan using sbtest3_pkey on sbtest3  (cost=0.43..444.24 rows=112 width=125)
	  Index Cond: ((id >= 6681985) AND (id <= 6682085))

table 4 : explain SELECT id, c FROM sbtest4 WHERE id BETWEEN 6681985 AND 6682085
	Index Scan using sbtest4_pkey on sbtest4  (cost=0.43..391.50 rows=99 width=125)
	  Index Cond: ((id >= 6681985) AND (id <= 6682085))

table 5 : explain SELECT id, c FROM sbtest5 WHERE id BETWEEN 6681985 AND 6682085
	Index Scan using sbtest5_pkey on sbtest5  (cost=0.43..435.15 rows=110 width=125)
	  Index Cond: ((id >= 6681985) AND (id <= 6682085))

table 6 : explain SELECT id, c FROM sbtest6 WHERE id BETWEEN 6681985 AND 6682085
	Index Scan using sbtest6_pkey on sbtest6  (cost=0.43..400.75 rows=101 width=125)
	  Index Cond: ((id >= 6681985) AND (id <= 6682085))

table 7 : explain SELECT id, c FROM sbtest7 WHERE id BETWEEN 6681985 AND 6682085
	Index Scan using sbtest7_pkey on sbtest7  (cost=0.43..380.29 rows=96 width=125)
	  Index Cond: ((id >= 6681985) AND (id <= 6682085))

table 8 : explain SELECT id, c FROM sbtest8 WHERE id BETWEEN 6681985 AND 6682085
	Index Scan using sbtest8_pkey on sbtest8  (cost=0.43..427.50 rows=108 width=125)
	  Index Cond: ((id >= 6681985) AND (id <= 6682085))

for range-notcovered
table 1 : explain SELECT id, c FROM sbtest1 WHERE id BETWEEN 943483 AND 943583
	Index Scan using sbtest1_pkey on sbtest1  (cost=0.43..396.95 rows=100 width=125)
	  Index Cond: ((id >= 943483) AND (id <= 943583))

table 2 : explain SELECT id, c FROM sbtest2 WHERE id BETWEEN 943483 AND 943583
	Index Scan using sbtest2_pkey on sbtest2  (cost=0.43..403.70 rows=102 width=125)
	  Index Cond: ((id >= 943483) AND (id <= 943583))

table 3 : explain SELECT id, c FROM sbtest3 WHERE id BETWEEN 943483 AND 943583
	Index Scan using sbtest3_pkey on sbtest3  (cost=0.43..404.99 rows=102 width=125)
	  Index Cond: ((id >= 943483) AND (id <= 943583))

table 4 : explain SELECT id, c FROM sbtest4 WHERE id BETWEEN 943483 AND 943583
	Index Scan using sbtest4_pkey on sbtest4  (cost=0.43..399.32 rows=101 width=125)
	  Index Cond: ((id >= 943483) AND (id <= 943583))

table 5 : explain SELECT id, c FROM sbtest5 WHERE id BETWEEN 943483 AND 943583
	Index Scan using sbtest5_pkey on sbtest5  (cost=0.43..372.50 rows=94 width=125)
	  Index Cond: ((id >= 943483) AND (id <= 943583))

table 6 : explain SELECT id, c FROM sbtest6 WHERE id BETWEEN 943483 AND 943583
	Index Scan using sbtest6_pkey on sbtest6  (cost=0.43..365.43 rows=92 width=125)
	  Index Cond: ((id >= 943483) AND (id <= 943583))

table 7 : explain SELECT id, c FROM sbtest7 WHERE id BETWEEN 943483 AND 943583
	Index Scan using sbtest7_pkey on sbtest7  (cost=0.43..376.38 rows=95 width=125)
	  Index Cond: ((id >= 943483) AND (id <= 943583))

table 8 : explain SELECT id, c FROM sbtest8 WHERE id BETWEEN 943483 AND 943583
	Index Scan using sbtest8_pkey on sbtest8  (cost=0.43..423.59 rows=107 width=125)
	  Index Cond: ((id >= 943483) AND (id <= 943583))

explain: for range-notcovered :: explain SELECT id, c FROM sbtest%d WHERE id BETWEEN 6681985 AND 6682085
explain: for range-notcovered :: explain SELECT id, c FROM sbtest%d WHERE id BETWEEN 2246494 AND 2246594explain: for range-notcovered :: explain SELECT id, c FROM sbtest%d WHERE id BETWEEN 943483 AND 943583

for range-notcovered
table 1 : explain SELECT id, c FROM sbtest1 WHERE id BETWEEN 5445236 AND 5445336
	Index Scan using sbtest1_pkey on sbtest1  (cost=0.43..361.62 rows=91 width=125)
	  Index Cond: ((id >= 5445236) AND (id <= 5445336))

table 2 : explain SELECT id, c FROM sbtest2 WHERE id BETWEEN 5445236 AND 5445336
	Index Scan using sbtest2_pkey on sbtest2  (cost=0.43..407.61 rows=103 width=125)
	  Index Cond: ((id >= 5445236) AND (id <= 5445336))

table 3 : explain SELECT id, c FROM sbtest3 WHERE id BETWEEN 5445236 AND 5445336
	Index Scan using sbtest3_pkey on sbtest3  (cost=0.43..377.49 rows=95 width=125)
	  Index Cond: ((id >= 5445236) AND (id <= 5445336))

table 4 : explain SELECT id, c FROM sbtest4 WHERE id BETWEEN 5445236 AND 5445336
	Index Scan using sbtest4_pkey on sbtest4  (cost=0.43..368.03 rows=93 width=125)
	  Index Cond: ((id >= 5445236) AND (id <= 5445336))

table 5 : explain SELECT id, c FROM sbtest5 WHERE id BETWEEN 5445236 AND 5445336
	Index Scan using sbtest5_pkey on sbtest5  (cost=0.43..388.19 rows=98 width=125)
	  Index Cond: ((id >= 5445236) AND (id <= 5445336))

table 6 : explain SELECT id, c FROM sbtest6 WHERE id BETWEEN 5445236 AND 5445336
	Index Scan using sbtest6_pkey on sbtest6  (cost=0.43..400.75 rows=101 width=125)
	  Index Cond: ((id >= 5445236) AND (id <= 5445336))

table 7 : explain SELECT id, c FROM sbtest7 WHERE id BETWEEN 5445236 AND 5445336
	Index Scan using sbtest7_pkey on sbtest7  (cost=0.43..384.23 rows=97 width=125)
	  Index Cond: ((id >= 5445236) AND (id <= 5445336))

table 8 : explain SELECT id, c FROM sbtest8 WHERE id BETWEEN 5445236 AND 5445336
	Index Scan using sbtest8_pkey on sbtest8  (cost=0.43..384.43 rows=97 width=125)
	  Index Cond: ((id >= 5445236) AND (id <= 5445336))

explain: for range-notcovered :: explain SELECT id, c FROM sbtest%d WHERE id BETWEEN 5445236 AND 5445336
for range-notcovered
table 1 : explain SELECT id, c FROM sbtest1 WHERE id BETWEEN 6433946 AND 6434046
	Index Scan using sbtest1_pkey on sbtest1  (cost=0.43..444.03 rows=112 width=125)
	  Index Cond: ((id >= 6433946) AND (id <= 6434046))

table 2 : explain SELECT id, c FROM sbtest2 WHERE id BETWEEN 6433946 AND 6434046
	Index Scan using sbtest2_pkey on sbtest2  (cost=0.43..403.70 rows=102 width=125)
	  Index Cond: ((id >= 6433946) AND (id <= 6434046))

table 3 : explain SELECT id, c FROM sbtest3 WHERE id BETWEEN 6433946 AND 6434046
	Index Scan using sbtest3_pkey on sbtest3  (cost=0.43..448.17 rows=113 width=125)
	  Index Cond: ((id >= 6433946) AND (id <= 6434046))

table 4 : explain SELECT id, c FROM sbtest4 WHERE id BETWEEN 6433946 AND 6434046
	Index Scan using sbtest4_pkey on sbtest4  (cost=0.43..422.76 rows=107 width=125)
	  Index Cond: ((id >= 6433946) AND (id <= 6434046))

table 5 : explain SELECT id, c FROM sbtest5 WHERE id BETWEEN 6433946 AND 6434046
	Index Scan using sbtest5_pkey on sbtest5  (cost=0.43..411.67 rows=104 width=125)
	  Index Cond: ((id >= 6433946) AND (id <= 6434046))

table 6 : explain SELECT id, c FROM sbtest6 WHERE id BETWEEN 6433946 AND 6434046
	Index Scan using sbtest6_pkey on sbtest6  (cost=0.43..388.98 rows=98 width=125)
	  Index Cond: ((id >= 6433946) AND (id <= 6434046))

table 7 : explain SELECT id, c FROM sbtest7 WHERE id BETWEEN 6433946 AND 6434046
	Index Scan using sbtest7_pkey on sbtest7  (cost=0.43..454.68 rows=115 width=125)
	  Index Cond: ((id >= 6433946) AND (id <= 6434046))

table 8 : explain SELECT id, c FROM sbtest8 WHERE id BETWEEN 6433946 AND 6434046
	Index Scan using sbtest8_pkey on sbtest8  (cost=0.43..411.84 rows=104 width=125)
	  Index Cond: ((id >= 6433946) AND (id <= 6434046))

explain: for range-notcovered :: explain SELECT id, c FROM sbtest%d WHERE id BETWEEN 6433946 AND 6434046
for range-notcovered
table 1 : explain SELECT id, c FROM sbtest1 WHERE id BETWEEN 6681985 AND 6682085
	Index Scan using sbtest1_pkey on sbtest1  (cost=0.43..459.73 rows=116 width=125)
	  Index Cond: ((id >= 6681985) AND (id <= 6682085))

table 2 : explain SELECT id, c FROM sbtest2 WHERE id BETWEEN 6681985 AND 6682085
	Index Scan using sbtest2_pkey on sbtest2  (cost=0.43..368.46 rows=93 width=125)
	  Index Cond: ((id >= 6681985) AND (id <= 6682085))

table 3 : explain SELECT id, c FROM sbtest3 WHERE id BETWEEN 6681985 AND 6682085
	Index Scan using sbtest3_pkey on sbtest3  (cost=0.43..444.24 rows=112 width=125)
	  Index Cond: ((id >= 6681985) AND (id <= 6682085))

table 4 : explain SELECT id, c FROM sbtest4 WHERE id BETWEEN 6681985 AND 6682085
	Index Scan using sbtest4_pkey on sbtest4  (cost=0.43..391.50 rows=99 width=125)
	  Index Cond: ((id >= 6681985) AND (id <= 6682085))

table 5 : explain SELECT id, c FROM sbtest5 WHERE id BETWEEN 6681985 AND 6682085
	Index Scan using sbtest5_pkey on sbtest5  (cost=0.43..435.15 rows=110 width=125)
	  Index Cond: ((id >= 6681985) AND (id <= 6682085))

table 6 : explain SELECT id, c FROM sbtest6 WHERE id BETWEEN 6681985 AND 6682085
	Index Scan using sbtest6_pkey on sbtest6  (cost=0.43..400.75 rows=101 width=125)
	  Index Cond: ((id >= 6681985) AND (id <= 6682085))

table 7 : explain SELECT id, c FROM sbtest7 WHERE id BETWEEN 6681985 AND 6682085
	Index Scan using sbtest7_pkey on sbtest7  (cost=0.43..380.29 rows=96 width=125)
	  Index Cond: ((id >= 6681985) AND (id <= 6682085))

table 8 : explain SELECT id, c FROM sbtest8 WHERE id BETWEEN 6681985 AND 6682085
	Index Scan using sbtest8_pkey on sbtest8  (cost=0.43..427.50 rows=108 width=125)
	  Index Cond: ((id >= 6681985) AND (id <= 6682085))

for range-notcovered
table 1 : explain SELECT id, c FROM sbtest1 WHERE id BETWEEN 943483 AND 943583
	Index Scan using sbtest1_pkey on sbtest1  (cost=0.43..396.95 rows=100 width=125)
	  Index Cond: ((id >= 943483) AND (id <= 943583))

table 2 : explain SELECT id, c FROM sbtest2 WHERE id BETWEEN 943483 AND 943583
	Index Scan using sbtest2_pkey on sbtest2  (cost=0.43..403.70 rows=102 width=125)
	  Index Cond: ((id >= 943483) AND (id <= 943583))

table 3 : explain SELECT id, c FROM sbtest3 WHERE id BETWEEN 943483 AND 943583
	Index Scan using sbtest3_pkey on sbtest3  (cost=0.43..404.99 rows=102 width=125)
	  Index Cond: ((id >= 943483) AND (id <= 943583))

table 4 : explain SELECT id, c FROM sbtest4 WHERE id BETWEEN 943483 AND 943583
	Index Scan using sbtest4_pkey on sbtest4  (cost=0.43..399.32 rows=101 width=125)
	  Index Cond: ((id >= 943483) AND (id <= 943583))

table 5 : explain SELECT id, c FROM sbtest5 WHERE id BETWEEN 943483 AND 943583
	Index Scan using sbtest5_pkey on sbtest5  (cost=0.43..372.50 rows=94 width=125)
	  Index Cond: ((id >= 943483) AND (id <= 943583))

table 6 : explain SELECT id, c FROM sbtest6 WHERE id BETWEEN 943483 AND 943583
	Index Scan using sbtest6_pkey on sbtest6  (cost=0.43..365.43 rows=92 width=125)
	  Index Cond: ((id >= 943483) AND (id <= 943583))

table 7 : explain SELECT id, c FROM sbtest7 WHERE id BETWEEN 943483 AND 943583
	Index Scan using sbtest7_pkey on sbtest7  (cost=0.43..376.38 rows=95 width=125)
	  Index Cond: ((id >= 943483) AND (id <= 943583))

table 8 : explain SELECT id, c FROM sbtest8 WHERE id BETWEEN 943483 AND 943583
	Index Scan using sbtest8_pkey on sbtest8  (cost=0.43..423.59 rows=107 width=125)
	  Index Cond: ((id >= 943483) AND (id <= 943583))

explain: for range-notcovered :: explain SELECT id, c FROM sbtest%d WHERE id BETWEEN 6681985 AND 6682085
explain: for range-notcovered :: explain SELECT id, c FROM sbtest%d WHERE id BETWEEN 943483 AND 943583
for range-notcovered
table 1 : explain SELECT id, c FROM sbtest1 WHERE id BETWEEN 6433946 AND 6434046
	Index Scan using sbtest1_pkey on sbtest1  (cost=0.43..444.03 rows=112 width=125)
	  Index Cond: ((id >= 6433946) AND (id <= 6434046))

table 2 : explain SELECT id, c FROM sbtest2 WHERE id BETWEEN 6433946 AND 6434046
	Index Scan using sbtest2_pkey on sbtest2  (cost=0.43..403.70 rows=102 width=125)
	  Index Cond: ((id >= 6433946) AND (id <= 6434046))

table 3 : explain SELECT id, c FROM sbtest3 WHERE id BETWEEN 6433946 AND 6434046
	Index Scan using sbtest3_pkey on sbtest3  (cost=0.43..448.17 rows=113 width=125)
	  Index Cond: ((id >= 6433946) AND (id <= 6434046))

table 4 : explain SELECT id, c FROM sbtest4 WHERE id BETWEEN 6433946 AND 6434046
	Index Scan using sbtest4_pkey on sbtest4  (cost=0.43..422.76 rows=107 width=125)
	  Index Cond: ((id >= 6433946) AND (id <= 6434046))

table 5 : explain SELECT id, c FROM sbtest5 WHERE id BETWEEN 6433946 AND 6434046
	Index Scan using sbtest5_pkey on sbtest5  (cost=0.43..411.67 rows=104 width=125)
	  Index Cond: ((id >= 6433946) AND (id <= 6434046))

table 6 : explain SELECT id, c FROM sbtest6 WHERE id BETWEEN 6433946 AND 6434046
	Index Scan using sbtest6_pkey on sbtest6  (cost=0.43..388.98 rows=98 width=125)
	  Index Cond: ((id >= 6433946) AND (id <= 6434046))

table 7 : explain SELECT id, c FROM sbtest7 WHERE id BETWEEN 6433946 AND 6434046
	Index Scan using sbtest7_pkey on sbtest7  (cost=0.43..454.68 rows=115 width=125)
	  Index Cond: ((id >= 6433946) AND (id <= 6434046))

table 8 : explain SELECT id, c FROM sbtest8 WHERE id BETWEEN 6433946 AND 6434046
	Index Scan using sbtest8_pkey on sbtest8  (cost=0.43..411.84 rows=104 width=125)
	  Index Cond: ((id >= 6433946) AND (id <= 6434046))

explain: for range-notcovered :: explain SELECT id, c FROM sbtest%d WHERE id BETWEEN 6433946 AND 6434046
for range-notcovered
table 1 : explain SELECT id, c FROM sbtest1 WHERE id BETWEEN 6681985 AND 6682085
	Index Scan using sbtest1_pkey on sbtest1  (cost=0.43..459.73 rows=116 width=125)
	  Index Cond: ((id >= 6681985) AND (id <= 6682085))

table 2 : explain SELECT id, c FROM sbtest2 WHERE id BETWEEN 6681985 AND 6682085
	Index Scan using sbtest2_pkey on sbtest2  (cost=0.43..368.46 rows=93 width=125)
	  Index Cond: ((id >= 6681985) AND (id <= 6682085))

table 3 : explain SELECT id, c FROM sbtest3 WHERE id BETWEEN 6681985 AND 6682085
	Index Scan using sbtest3_pkey on sbtest3  (cost=0.43..444.24 rows=112 width=125)
	  Index Cond: ((id >= 6681985) AND (id <= 6682085))

table 4 : explain SELECT id, c FROM sbtest4 WHERE id BETWEEN 6681985 AND 6682085
	Index Scan using sbtest4_pkey on sbtest4  (cost=0.43..391.50 rows=99 width=125)
	  Index Cond: ((id >= 6681985) AND (id <= 6682085))

table 5 : explain SELECT id, c FROM sbtest5 WHERE id BETWEEN 6681985 AND 6682085
	Index Scan using sbtest5_pkey on sbtest5  (cost=0.43..435.15 rows=110 width=125)
	  Index Cond: ((id >= 6681985) AND (id <= 6682085))

table 6 : explain SELECT id, c FROM sbtest6 WHERE id BETWEEN 6681985 AND 6682085
	Index Scan using sbtest6_pkey on sbtest6  (cost=0.43..400.75 rows=101 width=125)
	  Index Cond: ((id >= 6681985) AND (id <= 6682085))

table 7 : explain SELECT id, c FROM sbtest7 WHERE id BETWEEN 6681985 AND 6682085
	Index Scan using sbtest7_pkey on sbtest7  (cost=0.43..380.29 rows=96 width=125)
	  Index Cond: ((id >= 6681985) AND (id <= 6682085))

table 8 : explain SELECT id, c FROM sbtest8 WHERE id BETWEEN 6681985 AND 6682085
	Index Scan using sbtest8_pkey on sbtest8  (cost=0.43..427.50 rows=108 width=125)
	  Index Cond: ((id >= 6681985) AND (id <= 6682085))

for range-notcovered
table 1 : explain SELECT id, c FROM sbtest1 WHERE id BETWEEN 943483 AND 943583
	Index Scan using sbtest1_pkey on sbtest1  (cost=0.43..396.95 rows=100 width=125)
	  Index Cond: ((id >= 943483) AND (id <= 943583))

table 2 : explain SELECT id, c FROM sbtest2 WHERE id BETWEEN 943483 AND 943583
	Index Scan using sbtest2_pkey on sbtest2  (cost=0.43..403.70 rows=102 width=125)
	  Index Cond: ((id >= 943483) AND (id <= 943583))

table 3 : explain SELECT id, c FROM sbtest3 WHERE id BETWEEN 943483 AND 943583
	Index Scan using sbtest3_pkey on sbtest3  (cost=0.43..404.99 rows=102 width=125)
	  Index Cond: ((id >= 943483) AND (id <= 943583))

table 4 : explain SELECT id, c FROM sbtest4 WHERE id BETWEEN 943483 AND 943583
	Index Scan using sbtest4_pkey on sbtest4  (cost=0.43..399.32 rows=101 width=125)
	  Index Cond: ((id >= 943483) AND (id <= 943583))

table 5 : explain SELECT id, c FROM sbtest5 WHERE id BETWEEN 943483 AND 943583
	Index Scan using sbtest5_pkey on sbtest5  (cost=0.43..372.50 rows=94 width=125)
	  Index Cond: ((id >= 943483) AND (id <= 943583))

table 6 : explain SELECT id, c FROM sbtest6 WHERE id BETWEEN 943483 AND 943583
	Index Scan using sbtest6_pkey on sbtest6  (cost=0.43..365.43 rows=92 width=125)
	  Index Cond: ((id >= 943483) AND (id <= 943583))

table 7 : explain SELECT id, c FROM sbtest7 WHERE id BETWEEN 943483 AND 943583
	Index Scan using sbtest7_pkey on sbtest7  (cost=0.43..376.38 rows=95 width=125)
	  Index Cond: ((id >= 943483) AND (id <= 943583))

table 8 : explain SELECT id, c FROM sbtest8 WHERE id BETWEEN 943483 AND 943583
	Index Scan using sbtest8_pkey on sbtest8  (cost=0.43..423.59 rows=107 width=125)
	  Index Cond: ((id >= 943483) AND (id <= 943583))

explain: for range-notcovered :: explain SELECT id, c FROM sbtest%d WHERE id BETWEEN 4493004 AND 4493104explain: for range-notcovered :: explain SELECT id, c FROM sbtest%d WHERE id BETWEEN 6681985 AND 6682085

explain: for range-notcovered :: explain SELECT id, c FROM sbtest%d WHERE id BETWEEN 943483 AND 943583
for range-notcovered
table 1 : explain SELECT id, c FROM sbtest1 WHERE id BETWEEN 6433946 AND 6434046
	Index Scan using sbtest1_pkey on sbtest1  (cost=0.43..444.03 rows=112 width=125)
	  Index Cond: ((id >= 6433946) AND (id <= 6434046))

table 2 : explain SELECT id, c FROM sbtest2 WHERE id BETWEEN 6433946 AND 6434046
	Index Scan using sbtest2_pkey on sbtest2  (cost=0.43..403.70 rows=102 width=125)
	  Index Cond: ((id >= 6433946) AND (id <= 6434046))

table 3 : explain SELECT id, c FROM sbtest3 WHERE id BETWEEN 6433946 AND 6434046
	Index Scan using sbtest3_pkey on sbtest3  (cost=0.43..448.17 rows=113 width=125)
	  Index Cond: ((id >= 6433946) AND (id <= 6434046))

table 4 : explain SELECT id, c FROM sbtest4 WHERE id BETWEEN 6433946 AND 6434046
	Index Scan using sbtest4_pkey on sbtest4  (cost=0.43..422.76 rows=107 width=125)
	  Index Cond: ((id >= 6433946) AND (id <= 6434046))

table 5 : explain SELECT id, c FROM sbtest5 WHERE id BETWEEN 6433946 AND 6434046
	Index Scan using sbtest5_pkey on sbtest5  (cost=0.43..411.67 rows=104 width=125)
	  Index Cond: ((id >= 6433946) AND (id <= 6434046))

table 6 : explain SELECT id, c FROM sbtest6 WHERE id BETWEEN 6433946 AND 6434046
	Index Scan using sbtest6_pkey on sbtest6  (cost=0.43..388.98 rows=98 width=125)
	  Index Cond: ((id >= 6433946) AND (id <= 6434046))

table 7 : explain SELECT id, c FROM sbtest7 WHERE id BETWEEN 6433946 AND 6434046
	Index Scan using sbtest7_pkey on sbtest7  (cost=0.43..454.68 rows=115 width=125)
	  Index Cond: ((id >= 6433946) AND (id <= 6434046))

table 8 : explain SELECT id, c FROM sbtest8 WHERE id BETWEEN 6433946 AND 6434046
	Index Scan using sbtest8_pkey on sbtest8  (cost=0.43..411.84 rows=104 width=125)
	  Index Cond: ((id >= 6433946) AND (id <= 6434046))

explain: for range-notcovered :: explain SELECT id, c FROM sbtest%d WHERE id BETWEEN 6433946 AND 6434046
for range-notcovered
table 1 : explain SELECT id, c FROM sbtest1 WHERE id BETWEEN 943483 AND 943583
	Index Scan using sbtest1_pkey on sbtest1  (cost=0.43..396.95 rows=100 width=125)
	  Index Cond: ((id >= 943483) AND (id <= 943583))

table 2 : explain SELECT id, c FROM sbtest2 WHERE id BETWEEN 943483 AND 943583
	Index Scan using sbtest2_pkey on sbtest2  (cost=0.43..403.70 rows=102 width=125)
	  Index Cond: ((id >= 943483) AND (id <= 943583))

table 3 : explain SELECT id, c FROM sbtest3 WHERE id BETWEEN 943483 AND 943583
	Index Scan using sbtest3_pkey on sbtest3  (cost=0.43..404.99 rows=102 width=125)
	  Index Cond: ((id >= 943483) AND (id <= 943583))

table 4 : explain SELECT id, c FROM sbtest4 WHERE id BETWEEN 943483 AND 943583
	Index Scan using sbtest4_pkey on sbtest4  (cost=0.43..399.32 rows=101 width=125)
	  Index Cond: ((id >= 943483) AND (id <= 943583))

table 5 : explain SELECT id, c FROM sbtest5 WHERE id BETWEEN 943483 AND 943583
	Index Scan using sbtest5_pkey on sbtest5  (cost=0.43..372.50 rows=94 width=125)
	  Index Cond: ((id >= 943483) AND (id <= 943583))

table 6 : explain SELECT id, c FROM sbtest6 WHERE id BETWEEN 943483 AND 943583
	Index Scan using sbtest6_pkey on sbtest6  (cost=0.43..365.43 rows=92 width=125)
	  Index Cond: ((id >= 943483) AND (id <= 943583))

table 7 : explain SELECT id, c FROM sbtest7 WHERE id BETWEEN 943483 AND 943583
	Index Scan using sbtest7_pkey on sbtest7  (cost=0.43..376.38 rows=95 width=125)
	  Index Cond: ((id >= 943483) AND (id <= 943583))

table 8 : explain SELECT id, c FROM sbtest8 WHERE id BETWEEN 943483 AND 943583
	Index Scan using sbtest8_pkey on sbtest8  (cost=0.43..423.59 rows=107 width=125)
	  Index Cond: ((id >= 943483) AND (id <= 943583))

explain: for range-notcovered :: explain SELECT id, c FROM sbtest%d WHERE id BETWEEN 943483 AND 943583
for range-notcovered
table 1 : explain SELECT id, c FROM sbtest1 WHERE id BETWEEN 6433946 AND 6434046
	Index Scan using sbtest1_pkey on sbtest1  (cost=0.43..444.03 rows=112 width=125)
	  Index Cond: ((id >= 6433946) AND (id <= 6434046))

table 2 : explain SELECT id, c FROM sbtest2 WHERE id BETWEEN 6433946 AND 6434046
	Index Scan using sbtest2_pkey on sbtest2  (cost=0.43..403.70 rows=102 width=125)
	  Index Cond: ((id >= 6433946) AND (id <= 6434046))

table 3 : explain SELECT id, c FROM sbtest3 WHERE id BETWEEN 6433946 AND 6434046
	Index Scan using sbtest3_pkey on sbtest3  (cost=0.43..448.17 rows=113 width=125)
	  Index Cond: ((id >= 6433946) AND (id <= 6434046))

table 4 : explain SELECT id, c FROM sbtest4 WHERE id BETWEEN 6433946 AND 6434046
	Index Scan using sbtest4_pkey on sbtest4  (cost=0.43..422.76 rows=107 width=125)
	  Index Cond: ((id >= 6433946) AND (id <= 6434046))

table 5 : explain SELECT id, c FROM sbtest5 WHERE id BETWEEN 6433946 AND 6434046
	Index Scan using sbtest5_pkey on sbtest5  (cost=0.43..411.67 rows=104 width=125)
	  Index Cond: ((id >= 6433946) AND (id <= 6434046))

table 6 : explain SELECT id, c FROM sbtest6 WHERE id BETWEEN 6433946 AND 6434046
	Index Scan using sbtest6_pkey on sbtest6  (cost=0.43..388.98 rows=98 width=125)
	  Index Cond: ((id >= 6433946) AND (id <= 6434046))

table 7 : explain SELECT id, c FROM sbtest7 WHERE id BETWEEN 6433946 AND 6434046
	Index Scan using sbtest7_pkey on sbtest7  (cost=0.43..454.68 rows=115 width=125)
	  Index Cond: ((id >= 6433946) AND (id <= 6434046))

table 8 : explain SELECT id, c FROM sbtest8 WHERE id BETWEEN 6433946 AND 6434046
	Index Scan using sbtest8_pkey on sbtest8  (cost=0.43..411.84 rows=104 width=125)
	  Index Cond: ((id >= 6433946) AND (id <= 6434046))

explain: for range-notcovered :: explain SELECT id, c FROM sbtest%d WHERE id BETWEEN 6433946 AND 6434046
for range-notcovered
table 1 : explain SELECT id, c FROM sbtest1 WHERE id BETWEEN 943483 AND 943583
	Index Scan using sbtest1_pkey on sbtest1  (cost=0.43..396.95 rows=100 width=125)
	  Index Cond: ((id >= 943483) AND (id <= 943583))

table 2 : explain SELECT id, c FROM sbtest2 WHERE id BETWEEN 943483 AND 943583
	Index Scan using sbtest2_pkey on sbtest2  (cost=0.43..403.70 rows=102 width=125)
	  Index Cond: ((id >= 943483) AND (id <= 943583))

table 3 : explain SELECT id, c FROM sbtest3 WHERE id BETWEEN 943483 AND 943583
	Index Scan using sbtest3_pkey on sbtest3  (cost=0.43..404.99 rows=102 width=125)
	  Index Cond: ((id >= 943483) AND (id <= 943583))

table 4 : explain SELECT id, c FROM sbtest4 WHERE id BETWEEN 943483 AND 943583
	Index Scan using sbtest4_pkey on sbtest4  (cost=0.43..399.32 rows=101 width=125)
	  Index Cond: ((id >= 943483) AND (id <= 943583))

table 5 : explain SELECT id, c FROM sbtest5 WHERE id BETWEEN 943483 AND 943583
	Index Scan using sbtest5_pkey on sbtest5  (cost=0.43..372.50 rows=94 width=125)
	  Index Cond: ((id >= 943483) AND (id <= 943583))

table 6 : explain SELECT id, c FROM sbtest6 WHERE id BETWEEN 943483 AND 943583
	Index Scan using sbtest6_pkey on sbtest6  (cost=0.43..365.43 rows=92 width=125)
	  Index Cond: ((id >= 943483) AND (id <= 943583))

table 7 : explain SELECT id, c FROM sbtest7 WHERE id BETWEEN 943483 AND 943583
	Index Scan using sbtest7_pkey on sbtest7  (cost=0.43..376.38 rows=95 width=125)
	  Index Cond: ((id >= 943483) AND (id <= 943583))

table 8 : explain SELECT id, c FROM sbtest8 WHERE id BETWEEN 943483 AND 943583
	Index Scan using sbtest8_pkey on sbtest8  (cost=0.43..423.59 rows=107 width=125)
	  Index Cond: ((id >= 943483) AND (id <= 943583))

explain: for range-notcovered :: explain SELECT id, c FROM sbtest%d WHERE id BETWEEN 943483 AND 943583
for range-notcovered
table 1 : explain SELECT id, c FROM sbtest1 WHERE id BETWEEN 6433946 AND 6434046
	Index Scan using sbtest1_pkey on sbtest1  (cost=0.43..444.03 rows=112 width=125)
	  Index Cond: ((id >= 6433946) AND (id <= 6434046))

table 2 : explain SELECT id, c FROM sbtest2 WHERE id BETWEEN 6433946 AND 6434046
	Index Scan using sbtest2_pkey on sbtest2  (cost=0.43..403.70 rows=102 width=125)
	  Index Cond: ((id >= 6433946) AND (id <= 6434046))

table 3 : explain SELECT id, c FROM sbtest3 WHERE id BETWEEN 6433946 AND 6434046
	Index Scan using sbtest3_pkey on sbtest3  (cost=0.43..448.17 rows=113 width=125)
	  Index Cond: ((id >= 6433946) AND (id <= 6434046))

table 4 : explain SELECT id, c FROM sbtest4 WHERE id BETWEEN 6433946 AND 6434046
	Index Scan using sbtest4_pkey on sbtest4  (cost=0.43..422.76 rows=107 width=125)
	  Index Cond: ((id >= 6433946) AND (id <= 6434046))

table 5 : explain SELECT id, c FROM sbtest5 WHERE id BETWEEN 6433946 AND 6434046
	Index Scan using sbtest5_pkey on sbtest5  (cost=0.43..411.67 rows=104 width=125)
	  Index Cond: ((id >= 6433946) AND (id <= 6434046))

table 6 : explain SELECT id, c FROM sbtest6 WHERE id BETWEEN 6433946 AND 6434046
	Index Scan using sbtest6_pkey on sbtest6  (cost=0.43..388.98 rows=98 width=125)
	  Index Cond: ((id >= 6433946) AND (id <= 6434046))

table 7 : explain SELECT id, c FROM sbtest7 WHERE id BETWEEN 6433946 AND 6434046
	Index Scan using sbtest7_pkey on sbtest7  (cost=0.43..454.68 rows=115 width=125)
	  Index Cond: ((id >= 6433946) AND (id <= 6434046))

table 8 : explain SELECT id, c FROM sbtest8 WHERE id BETWEEN 6433946 AND 6434046
	Index Scan using sbtest8_pkey on sbtest8  (cost=0.43..411.84 rows=104 width=125)
	  Index Cond: ((id >= 6433946) AND (id <= 6434046))

explain: for range-notcovered :: explain SELECT id, c FROM sbtest%d WHERE id BETWEEN 6433946 AND 6434046
for range-notcovered
table 1 : explain SELECT id, c FROM sbtest1 WHERE id BETWEEN 943483 AND 943583
	Index Scan using sbtest1_pkey on sbtest1  (cost=0.43..396.95 rows=100 width=125)
	  Index Cond: ((id >= 943483) AND (id <= 943583))

table 2 : explain SELECT id, c FROM sbtest2 WHERE id BETWEEN 943483 AND 943583
	Index Scan using sbtest2_pkey on sbtest2  (cost=0.43..403.70 rows=102 width=125)
	  Index Cond: ((id >= 943483) AND (id <= 943583))

table 3 : explain SELECT id, c FROM sbtest3 WHERE id BETWEEN 943483 AND 943583
	Index Scan using sbtest3_pkey on sbtest3  (cost=0.43..404.99 rows=102 width=125)
	  Index Cond: ((id >= 943483) AND (id <= 943583))

table 4 : explain SELECT id, c FROM sbtest4 WHERE id BETWEEN 943483 AND 943583
	Index Scan using sbtest4_pkey on sbtest4  (cost=0.43..399.32 rows=101 width=125)
	  Index Cond: ((id >= 943483) AND (id <= 943583))

table 5 : explain SELECT id, c FROM sbtest5 WHERE id BETWEEN 943483 AND 943583
	Index Scan using sbtest5_pkey on sbtest5  (cost=0.43..372.50 rows=94 width=125)
	  Index Cond: ((id >= 943483) AND (id <= 943583))

table 6 : explain SELECT id, c FROM sbtest6 WHERE id BETWEEN 943483 AND 943583
	Index Scan using sbtest6_pkey on sbtest6  (cost=0.43..365.43 rows=92 width=125)
	  Index Cond: ((id >= 943483) AND (id <= 943583))

table 7 : explain SELECT id, c FROM sbtest7 WHERE id BETWEEN 943483 AND 943583
	Index Scan using sbtest7_pkey on sbtest7  (cost=0.43..376.38 rows=95 width=125)
	  Index Cond: ((id >= 943483) AND (id <= 943583))

table 8 : explain SELECT id, c FROM sbtest8 WHERE id BETWEEN 943483 AND 943583
	Index Scan using sbtest8_pkey on sbtest8  (cost=0.43..423.59 rows=107 width=125)
	  Index Cond: ((id >= 943483) AND (id <= 943583))

explain: for range-notcovered :: explain SELECT id, c FROM sbtest%d WHERE id BETWEEN 2386042 AND 2386142
explain: for range-notcovered :: explain SELECT id, c FROM sbtest%d WHERE id BETWEEN 943483 AND 943583
for range-notcovered
table 1 : explain SELECT id, c FROM sbtest1 WHERE id BETWEEN 6433946 AND 6434046
	Index Scan using sbtest1_pkey on sbtest1  (cost=0.43..444.03 rows=112 width=125)
	  Index Cond: ((id >= 6433946) AND (id <= 6434046))

table 2 : explain SELECT id, c FROM sbtest2 WHERE id BETWEEN 6433946 AND 6434046
	Index Scan using sbtest2_pkey on sbtest2  (cost=0.43..403.70 rows=102 width=125)
	  Index Cond: ((id >= 6433946) AND (id <= 6434046))

table 3 : explain SELECT id, c FROM sbtest3 WHERE id BETWEEN 6433946 AND 6434046
	Index Scan using sbtest3_pkey on sbtest3  (cost=0.43..448.17 rows=113 width=125)
	  Index Cond: ((id >= 6433946) AND (id <= 6434046))

table 4 : explain SELECT id, c FROM sbtest4 WHERE id BETWEEN 6433946 AND 6434046
	Index Scan using sbtest4_pkey on sbtest4  (cost=0.43..422.76 rows=107 width=125)
	  Index Cond: ((id >= 6433946) AND (id <= 6434046))

table 5 : explain SELECT id, c FROM sbtest5 WHERE id BETWEEN 6433946 AND 6434046
	Index Scan using sbtest5_pkey on sbtest5  (cost=0.43..411.67 rows=104 width=125)
	  Index Cond: ((id >= 6433946) AND (id <= 6434046))

table 6 : explain SELECT id, c FROM sbtest6 WHERE id BETWEEN 6433946 AND 6434046
	Index Scan using sbtest6_pkey on sbtest6  (cost=0.43..388.98 rows=98 width=125)
	  Index Cond: ((id >= 6433946) AND (id <= 6434046))

table 7 : explain SELECT id, c FROM sbtest7 WHERE id BETWEEN 6433946 AND 6434046
	Index Scan using sbtest7_pkey on sbtest7  (cost=0.43..454.68 rows=115 width=125)
	  Index Cond: ((id >= 6433946) AND (id <= 6434046))

table 8 : explain SELECT id, c FROM sbtest8 WHERE id BETWEEN 6433946 AND 6434046
	Index Scan using sbtest8_pkey on sbtest8  (cost=0.43..411.84 rows=104 width=125)
	  Index Cond: ((id >= 6433946) AND (id <= 6434046))

explain: for range-notcovered :: explain SELECT id, c FROM sbtest%d WHERE id BETWEEN 6433946 AND 6434046
for range-notcovered
table 1 : explain SELECT id, c FROM sbtest1 WHERE id BETWEEN 5445236 AND 5445336
	Index Scan using sbtest1_pkey on sbtest1  (cost=0.43..361.62 rows=91 width=125)
	  Index Cond: ((id >= 5445236) AND (id <= 5445336))

table 2 : explain SELECT id, c FROM sbtest2 WHERE id BETWEEN 5445236 AND 5445336
	Index Scan using sbtest2_pkey on sbtest2  (cost=0.43..407.61 rows=103 width=125)
	  Index Cond: ((id >= 5445236) AND (id <= 5445336))

table 3 : explain SELECT id, c FROM sbtest3 WHERE id BETWEEN 5445236 AND 5445336
	Index Scan using sbtest3_pkey on sbtest3  (cost=0.43..377.49 rows=95 width=125)
	  Index Cond: ((id >= 5445236) AND (id <= 5445336))

table 4 : explain SELECT id, c FROM sbtest4 WHERE id BETWEEN 5445236 AND 5445336
	Index Scan using sbtest4_pkey on sbtest4  (cost=0.43..368.03 rows=93 width=125)
	  Index Cond: ((id >= 5445236) AND (id <= 5445336))

table 5 : explain SELECT id, c FROM sbtest5 WHERE id BETWEEN 5445236 AND 5445336
	Index Scan using sbtest5_pkey on sbtest5  (cost=0.43..388.19 rows=98 width=125)
	  Index Cond: ((id >= 5445236) AND (id <= 5445336))

table 6 : explain SELECT id, c FROM sbtest6 WHERE id BETWEEN 5445236 AND 5445336
	Index Scan using sbtest6_pkey on sbtest6  (cost=0.43..400.75 rows=101 width=125)
	  Index Cond: ((id >= 5445236) AND (id <= 5445336))

table 7 : explain SELECT id, c FROM sbtest7 WHERE id BETWEEN 5445236 AND 5445336
	Index Scan using sbtest7_pkey on sbtest7  (cost=0.43..384.23 rows=97 width=125)
	  Index Cond: ((id >= 5445236) AND (id <= 5445336))

table 8 : explain SELECT id, c FROM sbtest8 WHERE id BETWEEN 5445236 AND 5445336
	Index Scan using sbtest8_pkey on sbtest8  (cost=0.43..384.43 rows=97 width=125)
	  Index Cond: ((id >= 5445236) AND (id <= 5445336))

for range-notcovered
table 1 : explain SELECT id, c FROM sbtest1 WHERE id BETWEEN 6681985 AND 6682085
	Index Scan using sbtest1_pkey on sbtest1  (cost=0.43..459.73 rows=116 width=125)
	  Index Cond: ((id >= 6681985) AND (id <= 6682085))

table 2 : explain SELECT id, c FROM sbtest2 WHERE id BETWEEN 6681985 AND 6682085
	Index Scan using sbtest2_pkey on sbtest2  (cost=0.43..368.46 rows=93 width=125)
	  Index Cond: ((id >= 6681985) AND (id <= 6682085))

table 3 : explain SELECT id, c FROM sbtest3 WHERE id BETWEEN 6681985 AND 6682085
	Index Scan using sbtest3_pkey on sbtest3  (cost=0.43..444.24 rows=112 width=125)
	  Index Cond: ((id >= 6681985) AND (id <= 6682085))

table 4 : explain SELECT id, c FROM sbtest4 WHERE id BETWEEN 6681985 AND 6682085
	Index Scan using sbtest4_pkey on sbtest4  (cost=0.43..391.50 rows=99 width=125)
	  Index Cond: ((id >= 6681985) AND (id <= 6682085))

table 5 : explain SELECT id, c FROM sbtest5 WHERE id BETWEEN 6681985 AND 6682085
	Index Scan using sbtest5_pkey on sbtest5  (cost=0.43..435.15 rows=110 width=125)
	  Index Cond: ((id >= 6681985) AND (id <= 6682085))

table 6 : explain SELECT id, c FROM sbtest6 WHERE id BETWEEN 6681985 AND 6682085
	Index Scan using sbtest6_pkey on sbtest6  (cost=0.43..400.75 rows=101 width=125)
	  Index Cond: ((id >= 6681985) AND (id <= 6682085))

table 7 : explain SELECT id, c FROM sbtest7 WHERE id BETWEEN 6681985 AND 6682085
	Index Scan using sbtest7_pkey on sbtest7  (cost=0.43..380.29 rows=96 width=125)
	  Index Cond: ((id >= 6681985) AND (id <= 6682085))

table 8 : explain SELECT id, c FROM sbtest8 WHERE id BETWEEN 6681985 AND 6682085
	Index Scan using sbtest8_pkey on sbtest8  (cost=0.43..427.50 rows=108 width=125)
	  Index Cond: ((id >= 6681985) AND (id <= 6682085))

explain: for range-notcovered :: explain SELECT id, c FROM sbtest%d WHERE id BETWEEN 5445236 AND 5445336
explain: for range-notcovered :: explain SELECT id, c FROM sbtest%d WHERE id BETWEEN 6681985 AND 6682085
for range-notcovered
table 1 : explain SELECT id, c FROM sbtest1 WHERE id BETWEEN 943483 AND 943583
	Index Scan using sbtest1_pkey on sbtest1  (cost=0.43..396.95 rows=100 width=125)
	  Index Cond: ((id >= 943483) AND (id <= 943583))

table 2 : explain SELECT id, c FROM sbtest2 WHERE id BETWEEN 943483 AND 943583
	Index Scan using sbtest2_pkey on sbtest2  (cost=0.43..403.70 rows=102 width=125)
	  Index Cond: ((id >= 943483) AND (id <= 943583))

table 3 : explain SELECT id, c FROM sbtest3 WHERE id BETWEEN 943483 AND 943583
	Index Scan using sbtest3_pkey on sbtest3  (cost=0.43..404.99 rows=102 width=125)
	  Index Cond: ((id >= 943483) AND (id <= 943583))

table 4 : explain SELECT id, c FROM sbtest4 WHERE id BETWEEN 943483 AND 943583
	Index Scan using sbtest4_pkey on sbtest4  (cost=0.43..399.32 rows=101 width=125)
	  Index Cond: ((id >= 943483) AND (id <= 943583))

table 5 : explain SELECT id, c FROM sbtest5 WHERE id BETWEEN 943483 AND 943583
	Index Scan using sbtest5_pkey on sbtest5  (cost=0.43..372.50 rows=94 width=125)
	  Index Cond: ((id >= 943483) AND (id <= 943583))

table 6 : explain SELECT id, c FROM sbtest6 WHERE id BETWEEN 943483 AND 943583
	Index Scan using sbtest6_pkey on sbtest6  (cost=0.43..365.43 rows=92 width=125)
	  Index Cond: ((id >= 943483) AND (id <= 943583))

table 7 : explain SELECT id, c FROM sbtest7 WHERE id BETWEEN 943483 AND 943583
	Index Scan using sbtest7_pkey on sbtest7  (cost=0.43..376.38 rows=95 width=125)
	  Index Cond: ((id >= 943483) AND (id <= 943583))

table 8 : explain SELECT id, c FROM sbtest8 WHERE id BETWEEN 943483 AND 943583
	Index Scan using sbtest8_pkey on sbtest8  (cost=0.43..423.59 rows=107 width=125)
	  Index Cond: ((id >= 943483) AND (id <= 943583))

for range-notcovered
table 1 : explain SELECT id, c FROM sbtest1 WHERE id BETWEEN 6681985 AND 6682085
	Index Scan using sbtest1_pkey on sbtest1  (cost=0.43..459.73 rows=116 width=125)
	  Index Cond: ((id >= 6681985) AND (id <= 6682085))

table 2 : explain SELECT id, c FROM sbtest2 WHERE id BETWEEN 6681985 AND 6682085
	Index Scan using sbtest2_pkey on sbtest2  (cost=0.43..368.46 rows=93 width=125)
	  Index Cond: ((id >= 6681985) AND (id <= 6682085))

table 3 : explain SELECT id, c FROM sbtest3 WHERE id BETWEEN 6681985 AND 6682085
	Index Scan using sbtest3_pkey on sbtest3  (cost=0.43..444.24 rows=112 width=125)
	  Index Cond: ((id >= 6681985) AND (id <= 6682085))

table 4 : explain SELECT id, c FROM sbtest4 WHERE id BETWEEN 6681985 AND 6682085
	Index Scan using sbtest4_pkey on sbtest4  (cost=0.43..391.50 rows=99 width=125)
	  Index Cond: ((id >= 6681985) AND (id <= 6682085))

table 5 : explain SELECT id, c FROM sbtest5 WHERE id BETWEEN 6681985 AND 6682085
	Index Scan using sbtest5_pkey on sbtest5  (cost=0.43..435.15 rows=110 width=125)
	  Index Cond: ((id >= 6681985) AND (id <= 6682085))

table 6 : explain SELECT id, c FROM sbtest6 WHERE id BETWEEN 6681985 AND 6682085
	Index Scan using sbtest6_pkey on sbtest6  (cost=0.43..400.75 rows=101 width=125)
	  Index Cond: ((id >= 6681985) AND (id <= 6682085))

table 7 : explain SELECT id, c FROM sbtest7 WHERE id BETWEEN 6681985 AND 6682085
	Index Scan using sbtest7_pkey on sbtest7  (cost=0.43..380.29 rows=96 width=125)
	  Index Cond: ((id >= 6681985) AND (id <= 6682085))

table 8 : explain SELECT id, c FROM sbtest8 WHERE id BETWEEN 6681985 AND 6682085
	Index Scan using sbtest8_pkey on sbtest8  (cost=0.43..427.50 rows=108 width=125)
	  Index Cond: ((id >= 6681985) AND (id <= 6682085))

for range-notcovered
table 1 : explain SELECT id, c FROM sbtest1 WHERE id BETWEEN 5445236 AND 5445336
	Index Scan using sbtest1_pkey on sbtest1  (cost=0.43..361.62 rows=91 width=125)
	  Index Cond: ((id >= 5445236) AND (id <= 5445336))

table 2 : explain SELECT id, c FROM sbtest2 WHERE id BETWEEN 5445236 AND 5445336
	Index Scan using sbtest2_pkey on sbtest2  (cost=0.43..407.61 rows=103 width=125)
	  Index Cond: ((id >= 5445236) AND (id <= 5445336))

table 3 : explain SELECT id, c FROM sbtest3 WHERE id BETWEEN 5445236 AND 5445336
	Index Scan using sbtest3_pkey on sbtest3  (cost=0.43..377.49 rows=95 width=125)
	  Index Cond: ((id >= 5445236) AND (id <= 5445336))

table 4 : explain SELECT id, c FROM sbtest4 WHERE id BETWEEN 5445236 AND 5445336
	Index Scan using sbtest4_pkey on sbtest4  (cost=0.43..368.03 rows=93 width=125)
	  Index Cond: ((id >= 5445236) AND (id <= 5445336))

table 5 : explain SELECT id, c FROM sbtest5 WHERE id BETWEEN 5445236 AND 5445336
	Index Scan using sbtest5_pkey on sbtest5  (cost=0.43..388.19 rows=98 width=125)
	  Index Cond: ((id >= 5445236) AND (id <= 5445336))

table 6 : explain SELECT id, c FROM sbtest6 WHERE id BETWEEN 5445236 AND 5445336
	Index Scan using sbtest6_pkey on sbtest6  (cost=0.43..400.75 rows=101 width=125)
	  Index Cond: ((id >= 5445236) AND (id <= 5445336))

table 7 : explain SELECT id, c FROM sbtest7 WHERE id BETWEEN 5445236 AND 5445336
	Index Scan using sbtest7_pkey on sbtest7  (cost=0.43..384.23 rows=97 width=125)
	  Index Cond: ((id >= 5445236) AND (id <= 5445336))

table 8 : explain SELECT id, c FROM sbtest8 WHERE id BETWEEN 5445236 AND 5445336
	Index Scan using sbtest8_pkey on sbtest8  (cost=0.43..384.43 rows=97 width=125)
	  Index Cond: ((id >= 5445236) AND (id <= 5445336))

explain: for range-notcovered :: explain SELECT id, c FROM sbtest%d WHERE id BETWEEN 6681985 AND 6682085
explain: for range-notcovered :: explain SELECT id, c FROM sbtest%d WHERE id BETWEEN 5445236 AND 5445336
for range-notcovered
table 1 : explain SELECT id, c FROM sbtest1 WHERE id BETWEEN 6681985 AND 6682085
	Index Scan using sbtest1_pkey on sbtest1  (cost=0.43..459.73 rows=116 width=125)
	  Index Cond: ((id >= 6681985) AND (id <= 6682085))

table 2 : explain SELECT id, c FROM sbtest2 WHERE id BETWEEN 6681985 AND 6682085
	Index Scan using sbtest2_pkey on sbtest2  (cost=0.43..368.46 rows=93 width=125)
	  Index Cond: ((id >= 6681985) AND (id <= 6682085))

table 3 : explain SELECT id, c FROM sbtest3 WHERE id BETWEEN 6681985 AND 6682085
	Index Scan using sbtest3_pkey on sbtest3  (cost=0.43..444.24 rows=112 width=125)
	  Index Cond: ((id >= 6681985) AND (id <= 6682085))

table 4 : explain SELECT id, c FROM sbtest4 WHERE id BETWEEN 6681985 AND 6682085
	Index Scan using sbtest4_pkey on sbtest4  (cost=0.43..391.50 rows=99 width=125)
	  Index Cond: ((id >= 6681985) AND (id <= 6682085))

table 5 : explain SELECT id, c FROM sbtest5 WHERE id BETWEEN 6681985 AND 6682085
	Index Scan using sbtest5_pkey on sbtest5  (cost=0.43..435.15 rows=110 width=125)
	  Index Cond: ((id >= 6681985) AND (id <= 6682085))

table 6 : explain SELECT id, c FROM sbtest6 WHERE id BETWEEN 6681985 AND 6682085
	Index Scan using sbtest6_pkey on sbtest6  (cost=0.43..400.75 rows=101 width=125)
	  Index Cond: ((id >= 6681985) AND (id <= 6682085))

table 7 : explain SELECT id, c FROM sbtest7 WHERE id BETWEEN 6681985 AND 6682085
	Index Scan using sbtest7_pkey on sbtest7  (cost=0.43..380.29 rows=96 width=125)
	  Index Cond: ((id >= 6681985) AND (id <= 6682085))

table 8 : explain SELECT id, c FROM sbtest8 WHERE id BETWEEN 6681985 AND 6682085
	Index Scan using sbtest8_pkey on sbtest8  (cost=0.43..427.50 rows=108 width=125)
	  Index Cond: ((id >= 6681985) AND (id <= 6682085))

for range-notcovered
table 1 : explain SELECT id, c FROM sbtest1 WHERE id BETWEEN 5445236 AND 5445336
	Index Scan using sbtest1_pkey on sbtest1  (cost=0.43..361.62 rows=91 width=125)
	  Index Cond: ((id >= 5445236) AND (id <= 5445336))

table 2 : explain SELECT id, c FROM sbtest2 WHERE id BETWEEN 5445236 AND 5445336
	Index Scan using sbtest2_pkey on sbtest2  (cost=0.43..407.61 rows=103 width=125)
	  Index Cond: ((id >= 5445236) AND (id <= 5445336))

table 3 : explain SELECT id, c FROM sbtest3 WHERE id BETWEEN 5445236 AND 5445336
	Index Scan using sbtest3_pkey on sbtest3  (cost=0.43..377.49 rows=95 width=125)
	  Index Cond: ((id >= 5445236) AND (id <= 5445336))

table 4 : explain SELECT id, c FROM sbtest4 WHERE id BETWEEN 5445236 AND 5445336
	Index Scan using sbtest4_pkey on sbtest4  (cost=0.43..368.03 rows=93 width=125)
	  Index Cond: ((id >= 5445236) AND (id <= 5445336))

table 5 : explain SELECT id, c FROM sbtest5 WHERE id BETWEEN 5445236 AND 5445336
	Index Scan using sbtest5_pkey on sbtest5  (cost=0.43..388.19 rows=98 width=125)
	  Index Cond: ((id >= 5445236) AND (id <= 5445336))

table 6 : explain SELECT id, c FROM sbtest6 WHERE id BETWEEN 5445236 AND 5445336
	Index Scan using sbtest6_pkey on sbtest6  (cost=0.43..400.75 rows=101 width=125)
	  Index Cond: ((id >= 5445236) AND (id <= 5445336))

table 7 : explain SELECT id, c FROM sbtest7 WHERE id BETWEEN 5445236 AND 5445336
	Index Scan using sbtest7_pkey on sbtest7  (cost=0.43..384.23 rows=97 width=125)
	  Index Cond: ((id >= 5445236) AND (id <= 5445336))

table 8 : explain SELECT id, c FROM sbtest8 WHERE id BETWEEN 5445236 AND 5445336
	Index Scan using sbtest8_pkey on sbtest8  (cost=0.43..384.43 rows=97 width=125)
	  Index Cond: ((id >= 5445236) AND (id <= 5445336))

explain: for range-notcovered :: explain SELECT id, c FROM sbtest%d WHERE id BETWEEN 6681985 AND 6682085
for range-notcovered
table 1 : explain SELECT id, c FROM sbtest1 WHERE id BETWEEN 6541340 AND 6541440
	Index Scan using sbtest1_pkey on sbtest1  (cost=0.43..377.33 rows=95 width=125)
	  Index Cond: ((id >= 6541340) AND (id <= 6541440))

table 2 : explain SELECT id, c FROM sbtest2 WHERE id BETWEEN 6541340 AND 6541440
	Index Scan using sbtest2_pkey on sbtest2  (cost=0.43..364.54 rows=92 width=125)
	  Index Cond: ((id >= 6541340) AND (id <= 6541440))

table 3 : explain SELECT id, c FROM sbtest3 WHERE id BETWEEN 6541340 AND 6541440
	Index Scan using sbtest3_pkey on sbtest3  (cost=0.43..420.69 rows=106 width=125)
	  Index Cond: ((id >= 6541340) AND (id <= 6541440))

table 4 : explain SELECT id, c FROM sbtest4 WHERE id BETWEEN 6541340 AND 6541440
	Index Scan using sbtest4_pkey on sbtest4  (cost=0.43..379.75 rows=96 width=125)
	  Index Cond: ((id >= 6541340) AND (id <= 6541440))

table 5 : explain SELECT id, c FROM sbtest5 WHERE id BETWEEN 6541340 AND 6541440
	Index Scan using sbtest5_pkey on sbtest5  (cost=0.43..380.36 rows=96 width=125)
	  Index Cond: ((id >= 6541340) AND (id <= 6541440))

table 6 : explain SELECT id, c FROM sbtest6 WHERE id BETWEEN 6541340 AND 6541440
	Index Scan using sbtest6_pkey on sbtest6  (cost=0.43..385.04 rows=97 width=125)
	  Index Cond: ((id >= 6541340) AND (id <= 6541440))

table 7 : explain SELECT id, c FROM sbtest7 WHERE id BETWEEN 6541340 AND 6541440
	Index Scan using sbtest7_pkey on sbtest7  (cost=0.43..376.38 rows=95 width=125)
	  Index Cond: ((id >= 6541340) AND (id <= 6541440))

table 8 : explain SELECT id, c FROM sbtest8 WHERE id BETWEEN 6541340 AND 6541440
	Index Scan using sbtest8_pkey on sbtest8  (cost=0.43..411.84 rows=104 width=125)
	  Index Cond: ((id >= 6541340) AND (id <= 6541440))

explain: for range-notcovered :: explain SELECT id, c FROM sbtest%d WHERE id BETWEEN 5445236 AND 5445336
explain: for range-notcovered :: explain SELECT id, c FROM sbtest%d WHERE id BETWEEN 6541340 AND 6541440
for range-notcovered
table 1 : explain SELECT id, c FROM sbtest1 WHERE id BETWEEN 4493004 AND 4493104
	Index Scan using sbtest1_pkey on sbtest1  (cost=0.43..389.10 rows=98 width=125)
	  Index Cond: ((id >= 4493004) AND (id <= 4493104))

table 2 : explain SELECT id, c FROM sbtest2 WHERE id BETWEEN 4493004 AND 4493104
	Index Scan using sbtest2_pkey on sbtest2  (cost=0.43..388.02 rows=98 width=125)
	  Index Cond: ((id >= 4493004) AND (id <= 4493104))

table 3 : explain SELECT id, c FROM sbtest3 WHERE id BETWEEN 4493004 AND 4493104
	Index Scan using sbtest3_pkey on sbtest3  (cost=0.43..401.06 rows=101 width=125)
	  Index Cond: ((id >= 4493004) AND (id <= 4493104))

table 4 : explain SELECT id, c FROM sbtest4 WHERE id BETWEEN 4493004 AND 4493104
	Index Scan using sbtest4_pkey on sbtest4  (cost=0.43..422.76 rows=107 width=125)
	  Index Cond: ((id >= 4493004) AND (id <= 4493104))

table 5 : explain SELECT id, c FROM sbtest5 WHERE id BETWEEN 4493004 AND 4493104
	Index Scan using sbtest5_pkey on sbtest5  (cost=0.43..403.84 rows=102 width=125)
	  Index Cond: ((id >= 4493004) AND (id <= 4493104))

table 6 : explain SELECT id, c FROM sbtest6 WHERE id BETWEEN 4493004 AND 4493104
	Index Scan using sbtest6_pkey on sbtest6  (cost=0.43..392.91 rows=99 width=125)
	  Index Cond: ((id >= 4493004) AND (id <= 4493104))

table 7 : explain SELECT id, c FROM sbtest7 WHERE id BETWEEN 4493004 AND 4493104
	Index Scan using sbtest7_pkey on sbtest7  (cost=0.43..399.89 rows=101 width=125)
	  Index Cond: ((id >= 4493004) AND (id <= 4493104))

table 8 : explain SELECT id, c FROM sbtest8 WHERE id BETWEEN 4493004 AND 4493104
	Index Scan using sbtest8_pkey on sbtest8  (cost=0.43..404.01 rows=102 width=125)
	  Index Cond: ((id >= 4493004) AND (id <= 4493104))

explain: for range-notcovered :: explain SELECT id, c FROM sbtest%d WHERE id BETWEEN 4493004 AND 4493104
for range-notcovered
table 1 : explain SELECT id, c FROM sbtest1 WHERE id BETWEEN 6681985 AND 6682085
	Index Scan using sbtest1_pkey on sbtest1  (cost=0.43..459.73 rows=116 width=125)
	  Index Cond: ((id >= 6681985) AND (id <= 6682085))

table 2 : explain SELECT id, c FROM sbtest2 WHERE id BETWEEN 6681985 AND 6682085
	Index Scan using sbtest2_pkey on sbtest2  (cost=0.43..368.46 rows=93 width=125)
	  Index Cond: ((id >= 6681985) AND (id <= 6682085))

table 3 : explain SELECT id, c FROM sbtest3 WHERE id BETWEEN 6681985 AND 6682085
	Index Scan using sbtest3_pkey on sbtest3  (cost=0.43..444.24 rows=112 width=125)
	  Index Cond: ((id >= 6681985) AND (id <= 6682085))

table 4 : explain SELECT id, c FROM sbtest4 WHERE id BETWEEN 6681985 AND 6682085
	Index Scan using sbtest4_pkey on sbtest4  (cost=0.43..391.50 rows=99 width=125)
	  Index Cond: ((id >= 6681985) AND (id <= 6682085))

table 5 : explain SELECT id, c FROM sbtest5 WHERE id BETWEEN 6681985 AND 6682085
	Index Scan using sbtest5_pkey on sbtest5  (cost=0.43..435.15 rows=110 width=125)
	  Index Cond: ((id >= 6681985) AND (id <= 6682085))

table 6 : explain SELECT id, c FROM sbtest6 WHERE id BETWEEN 6681985 AND 6682085
	Index Scan using sbtest6_pkey on sbtest6  (cost=0.43..400.75 rows=101 width=125)
	  Index Cond: ((id >= 6681985) AND (id <= 6682085))

table 7 : explain SELECT id, c FROM sbtest7 WHERE id BETWEEN 6681985 AND 6682085
	Index Scan using sbtest7_pkey on sbtest7  (cost=0.43..380.29 rows=96 width=125)
	  Index Cond: ((id >= 6681985) AND (id <= 6682085))

table 8 : explain SELECT id, c FROM sbtest8 WHERE id BETWEEN 6681985 AND 6682085
	Index Scan using sbtest8_pkey on sbtest8  (cost=0.43..427.50 rows=108 width=125)
	  Index Cond: ((id >= 6681985) AND (id <= 6682085))

for range-notcovered
table 1 : explain SELECT id, c FROM sbtest1 WHERE id BETWEEN 5445236 AND 5445336
	Index Scan using sbtest1_pkey on sbtest1  (cost=0.43..361.62 rows=91 width=125)
	  Index Cond: ((id >= 5445236) AND (id <= 5445336))

table 2 : explain SELECT id, c FROM sbtest2 WHERE id BETWEEN 5445236 AND 5445336
	Index Scan using sbtest2_pkey on sbtest2  (cost=0.43..407.61 rows=103 width=125)
	  Index Cond: ((id >= 5445236) AND (id <= 5445336))

table 3 : explain SELECT id, c FROM sbtest3 WHERE id BETWEEN 5445236 AND 5445336
	Index Scan using sbtest3_pkey on sbtest3  (cost=0.43..377.49 rows=95 width=125)
	  Index Cond: ((id >= 5445236) AND (id <= 5445336))

table 4 : explain SELECT id, c FROM sbtest4 WHERE id BETWEEN 5445236 AND 5445336
	Index Scan using sbtest4_pkey on sbtest4  (cost=0.43..368.03 rows=93 width=125)
	  Index Cond: ((id >= 5445236) AND (id <= 5445336))

table 5 : explain SELECT id, c FROM sbtest5 WHERE id BETWEEN 5445236 AND 5445336
	Index Scan using sbtest5_pkey on sbtest5  (cost=0.43..388.19 rows=98 width=125)
	  Index Cond: ((id >= 5445236) AND (id <= 5445336))

table 6 : explain SELECT id, c FROM sbtest6 WHERE id BETWEEN 5445236 AND 5445336
	Index Scan using sbtest6_pkey on sbtest6  (cost=0.43..400.75 rows=101 width=125)
	  Index Cond: ((id >= 5445236) AND (id <= 5445336))

table 7 : explain SELECT id, c FROM sbtest7 WHERE id BETWEEN 5445236 AND 5445336
	Index Scan using sbtest7_pkey on sbtest7  (cost=0.43..384.23 rows=97 width=125)
	  Index Cond: ((id >= 5445236) AND (id <= 5445336))

table 8 : explain SELECT id, c FROM sbtest8 WHERE id BETWEEN 5445236 AND 5445336
	Index Scan using sbtest8_pkey on sbtest8  (cost=0.43..384.43 rows=97 width=125)
	  Index Cond: ((id >= 5445236) AND (id <= 5445336))

for range-notcovered
table 1 : explain SELECT id, c FROM sbtest1 WHERE id BETWEEN 6541340 AND 6541440
	Index Scan using sbtest1_pkey on sbtest1  (cost=0.43..377.33 rows=95 width=125)
	  Index Cond: ((id >= 6541340) AND (id <= 6541440))

table 2 : explain SELECT id, c FROM sbtest2 WHERE id BETWEEN 6541340 AND 6541440
	Index Scan using sbtest2_pkey on sbtest2  (cost=0.43..364.54 rows=92 width=125)
	  Index Cond: ((id >= 6541340) AND (id <= 6541440))

table 3 : explain SELECT id, c FROM sbtest3 WHERE id BETWEEN 6541340 AND 6541440
	Index Scan using sbtest3_pkey on sbtest3  (cost=0.43..420.69 rows=106 width=125)
	  Index Cond: ((id >= 6541340) AND (id <= 6541440))

table 4 : explain SELECT id, c FROM sbtest4 WHERE id BETWEEN 6541340 AND 6541440
	Index Scan using sbtest4_pkey on sbtest4  (cost=0.43..379.75 rows=96 width=125)
	  Index Cond: ((id >= 6541340) AND (id <= 6541440))

table 5 : explain SELECT id, c FROM sbtest5 WHERE id BETWEEN 6541340 AND 6541440
	Index Scan using sbtest5_pkey on sbtest5  (cost=0.43..380.36 rows=96 width=125)
	  Index Cond: ((id >= 6541340) AND (id <= 6541440))

table 6 : explain SELECT id, c FROM sbtest6 WHERE id BETWEEN 6541340 AND 6541440
	Index Scan using sbtest6_pkey on sbtest6  (cost=0.43..385.04 rows=97 width=125)
	  Index Cond: ((id >= 6541340) AND (id <= 6541440))

table 7 : explain SELECT id, c FROM sbtest7 WHERE id BETWEEN 6541340 AND 6541440
	Index Scan using sbtest7_pkey on sbtest7  (cost=0.43..376.38 rows=95 width=125)
	  Index Cond: ((id >= 6541340) AND (id <= 6541440))

table 8 : explain SELECT id, c FROM sbtest8 WHERE id BETWEEN 6541340 AND 6541440
	Index Scan using sbtest8_pkey on sbtest8  (cost=0.43..411.84 rows=104 width=125)
	  Index Cond: ((id >= 6541340) AND (id <= 6541440))

explain: for range-notcovered :: explain SELECT id, c FROM sbtest%d WHERE id BETWEEN 6541340 AND 6541440
explain: for range-notcovered :: explain SELECT id, c FROM sbtest%d WHERE id BETWEEN 6371020 AND 6371120
for range-notcovered
table 1 : explain SELECT id, c FROM sbtest1 WHERE id BETWEEN 4493004 AND 4493104
	Index Scan using sbtest1_pkey on sbtest1  (cost=0.43..389.10 rows=98 width=125)
	  Index Cond: ((id >= 4493004) AND (id <= 4493104))

table 2 : explain SELECT id, c FROM sbtest2 WHERE id BETWEEN 4493004 AND 4493104
	Index Scan using sbtest2_pkey on sbtest2  (cost=0.43..388.02 rows=98 width=125)
	  Index Cond: ((id >= 4493004) AND (id <= 4493104))

table 3 : explain SELECT id, c FROM sbtest3 WHERE id BETWEEN 4493004 AND 4493104
	Index Scan using sbtest3_pkey on sbtest3  (cost=0.43..401.06 rows=101 width=125)
	  Index Cond: ((id >= 4493004) AND (id <= 4493104))

table 4 : explain SELECT id, c FROM sbtest4 WHERE id BETWEEN 4493004 AND 4493104
	Index Scan using sbtest4_pkey on sbtest4  (cost=0.43..422.76 rows=107 width=125)
	  Index Cond: ((id >= 4493004) AND (id <= 4493104))

table 5 : explain SELECT id, c FROM sbtest5 WHERE id BETWEEN 4493004 AND 4493104
	Index Scan using sbtest5_pkey on sbtest5  (cost=0.43..403.84 rows=102 width=125)
	  Index Cond: ((id >= 4493004) AND (id <= 4493104))

table 6 : explain SELECT id, c FROM sbtest6 WHERE id BETWEEN 4493004 AND 4493104
	Index Scan using sbtest6_pkey on sbtest6  (cost=0.43..392.91 rows=99 width=125)
	  Index Cond: ((id >= 4493004) AND (id <= 4493104))

table 7 : explain SELECT id, c FROM sbtest7 WHERE id BETWEEN 4493004 AND 4493104
	Index Scan using sbtest7_pkey on sbtest7  (cost=0.43..399.89 rows=101 width=125)
	  Index Cond: ((id >= 4493004) AND (id <= 4493104))

table 8 : explain SELECT id, c FROM sbtest8 WHERE id BETWEEN 4493004 AND 4493104
	Index Scan using sbtest8_pkey on sbtest8  (cost=0.43..404.01 rows=102 width=125)
	  Index Cond: ((id >= 4493004) AND (id <= 4493104))

explain: for range-notcovered :: explain SELECT id, c FROM sbtest%d WHERE id BETWEEN 4493004 AND 4493104
for range-notcovered
table 1 : explain SELECT id, c FROM sbtest1 WHERE id BETWEEN 6541340 AND 6541440
	Index Scan using sbtest1_pkey on sbtest1  (cost=0.43..377.33 rows=95 width=125)
	  Index Cond: ((id >= 6541340) AND (id <= 6541440))

table 2 : explain SELECT id, c FROM sbtest2 WHERE id BETWEEN 6541340 AND 6541440
	Index Scan using sbtest2_pkey on sbtest2  (cost=0.43..364.54 rows=92 width=125)
	  Index Cond: ((id >= 6541340) AND (id <= 6541440))

table 3 : explain SELECT id, c FROM sbtest3 WHERE id BETWEEN 6541340 AND 6541440
	Index Scan using sbtest3_pkey on sbtest3  (cost=0.43..420.69 rows=106 width=125)
	  Index Cond: ((id >= 6541340) AND (id <= 6541440))

table 4 : explain SELECT id, c FROM sbtest4 WHERE id BETWEEN 6541340 AND 6541440
	Index Scan using sbtest4_pkey on sbtest4  (cost=0.43..379.75 rows=96 width=125)
	  Index Cond: ((id >= 6541340) AND (id <= 6541440))

table 5 : explain SELECT id, c FROM sbtest5 WHERE id BETWEEN 6541340 AND 6541440
	Index Scan using sbtest5_pkey on sbtest5  (cost=0.43..380.36 rows=96 width=125)
	  Index Cond: ((id >= 6541340) AND (id <= 6541440))

table 6 : explain SELECT id, c FROM sbtest6 WHERE id BETWEEN 6541340 AND 6541440
	Index Scan using sbtest6_pkey on sbtest6  (cost=0.43..385.04 rows=97 width=125)
	  Index Cond: ((id >= 6541340) AND (id <= 6541440))

table 7 : explain SELECT id, c FROM sbtest7 WHERE id BETWEEN 6541340 AND 6541440
	Index Scan using sbtest7_pkey on sbtest7  (cost=0.43..376.38 rows=95 width=125)
	  Index Cond: ((id >= 6541340) AND (id <= 6541440))

table 8 : explain SELECT id, c FROM sbtest8 WHERE id BETWEEN 6541340 AND 6541440
	Index Scan using sbtest8_pkey on sbtest8  (cost=0.43..411.84 rows=104 width=125)
	  Index Cond: ((id >= 6541340) AND (id <= 6541440))

explain: for range-notcovered :: explain SELECT id, c FROM sbtest%d WHERE id BETWEEN 6541340 AND 6541440
for range-notcovered
table 1 : explain SELECT id, c FROM sbtest1 WHERE id BETWEEN 6433946 AND 6434046
	Index Scan using sbtest1_pkey on sbtest1  (cost=0.43..444.03 rows=112 width=125)
	  Index Cond: ((id >= 6433946) AND (id <= 6434046))

table 2 : explain SELECT id, c FROM sbtest2 WHERE id BETWEEN 6433946 AND 6434046
	Index Scan using sbtest2_pkey on sbtest2  (cost=0.43..403.70 rows=102 width=125)
	  Index Cond: ((id >= 6433946) AND (id <= 6434046))

table 3 : explain SELECT id, c FROM sbtest3 WHERE id BETWEEN 6433946 AND 6434046
	Index Scan using sbtest3_pkey on sbtest3  (cost=0.43..448.17 rows=113 width=125)
	  Index Cond: ((id >= 6433946) AND (id <= 6434046))

table 4 : explain SELECT id, c FROM sbtest4 WHERE id BETWEEN 6433946 AND 6434046
	Index Scan using sbtest4_pkey on sbtest4  (cost=0.43..422.76 rows=107 width=125)
	  Index Cond: ((id >= 6433946) AND (id <= 6434046))

table 5 : explain SELECT id, c FROM sbtest5 WHERE id BETWEEN 6433946 AND 6434046
	Index Scan using sbtest5_pkey on sbtest5  (cost=0.43..411.67 rows=104 width=125)
	  Index Cond: ((id >= 6433946) AND (id <= 6434046))

table 6 : explain SELECT id, c FROM sbtest6 WHERE id BETWEEN 6433946 AND 6434046
	Index Scan using sbtest6_pkey on sbtest6  (cost=0.43..388.98 rows=98 width=125)
	  Index Cond: ((id >= 6433946) AND (id <= 6434046))

table 7 : explain SELECT id, c FROM sbtest7 WHERE id BETWEEN 6433946 AND 6434046
	Index Scan using sbtest7_pkey on sbtest7  (cost=0.43..454.68 rows=115 width=125)
	  Index Cond: ((id >= 6433946) AND (id <= 6434046))

table 8 : explain SELECT id, c FROM sbtest8 WHERE id BETWEEN 6433946 AND 6434046
	Index Scan using sbtest8_pkey on sbtest8  (cost=0.43..411.84 rows=104 width=125)
	  Index Cond: ((id >= 6433946) AND (id <= 6434046))

for range-notcovered
table 1 : explain SELECT id, c FROM sbtest1 WHERE id BETWEEN 4493004 AND 4493104
	Index Scan using sbtest1_pkey on sbtest1  (cost=0.43..389.10 rows=98 width=125)
	  Index Cond: ((id >= 4493004) AND (id <= 4493104))

table 2 : explain SELECT id, c FROM sbtest2 WHERE id BETWEEN 4493004 AND 4493104
	Index Scan using sbtest2_pkey on sbtest2  (cost=0.43..388.02 rows=98 width=125)
	  Index Cond: ((id >= 4493004) AND (id <= 4493104))

table 3 : explain SELECT id, c FROM sbtest3 WHERE id BETWEEN 4493004 AND 4493104
	Index Scan using sbtest3_pkey on sbtest3  (cost=0.43..401.06 rows=101 width=125)
	  Index Cond: ((id >= 4493004) AND (id <= 4493104))

table 4 : explain SELECT id, c FROM sbtest4 WHERE id BETWEEN 4493004 AND 4493104
	Index Scan using sbtest4_pkey on sbtest4  (cost=0.43..422.76 rows=107 width=125)
	  Index Cond: ((id >= 4493004) AND (id <= 4493104))

table 5 : explain SELECT id, c FROM sbtest5 WHERE id BETWEEN 4493004 AND 4493104
	Index Scan using sbtest5_pkey on sbtest5  (cost=0.43..403.84 rows=102 width=125)
	  Index Cond: ((id >= 4493004) AND (id <= 4493104))

table 6 : explain SELECT id, c FROM sbtest6 WHERE id BETWEEN 4493004 AND 4493104
	Index Scan using sbtest6_pkey on sbtest6  (cost=0.43..392.91 rows=99 width=125)
	  Index Cond: ((id >= 4493004) AND (id <= 4493104))

table 7 : explain SELECT id, c FROM sbtest7 WHERE id BETWEEN 4493004 AND 4493104
	Index Scan using sbtest7_pkey on sbtest7  (cost=0.43..399.89 rows=101 width=125)
	  Index Cond: ((id >= 4493004) AND (id <= 4493104))

table 8 : explain SELECT id, c FROM sbtest8 WHERE id BETWEEN 4493004 AND 4493104
	Index Scan using sbtest8_pkey on sbtest8  (cost=0.43..404.01 rows=102 width=125)
	  Index Cond: ((id >= 4493004) AND (id <= 4493104))

for range-notcovered
table 1 : explain SELECT id, c FROM sbtest1 WHERE id BETWEEN 6541340 AND 6541440
	Index Scan using sbtest1_pkey on sbtest1  (cost=0.43..377.33 rows=95 width=125)
	  Index Cond: ((id >= 6541340) AND (id <= 6541440))

table 2 : explain SELECT id, c FROM sbtest2 WHERE id BETWEEN 6541340 AND 6541440
	Index Scan using sbtest2_pkey on sbtest2  (cost=0.43..364.54 rows=92 width=125)
	  Index Cond: ((id >= 6541340) AND (id <= 6541440))

table 3 : explain SELECT id, c FROM sbtest3 WHERE id BETWEEN 6541340 AND 6541440
	Index Scan using sbtest3_pkey on sbtest3  (cost=0.43..420.69 rows=106 width=125)
	  Index Cond: ((id >= 6541340) AND (id <= 6541440))

table 4 : explain SELECT id, c FROM sbtest4 WHERE id BETWEEN 6541340 AND 6541440
	Index Scan using sbtest4_pkey on sbtest4  (cost=0.43..379.75 rows=96 width=125)
	  Index Cond: ((id >= 6541340) AND (id <= 6541440))

table 5 : explain SELECT id, c FROM sbtest5 WHERE id BETWEEN 6541340 AND 6541440
	Index Scan using sbtest5_pkey on sbtest5  (cost=0.43..380.36 rows=96 width=125)
	  Index Cond: ((id >= 6541340) AND (id <= 6541440))

table 6 : explain SELECT id, c FROM sbtest6 WHERE id BETWEEN 6541340 AND 6541440
	Index Scan using sbtest6_pkey on sbtest6  (cost=0.43..385.04 rows=97 width=125)
	  Index Cond: ((id >= 6541340) AND (id <= 6541440))

table 7 : explain SELECT id, c FROM sbtest7 WHERE id BETWEEN 6541340 AND 6541440
	Index Scan using sbtest7_pkey on sbtest7  (cost=0.43..376.38 rows=95 width=125)
	  Index Cond: ((id >= 6541340) AND (id <= 6541440))

table 8 : explain SELECT id, c FROM sbtest8 WHERE id BETWEEN 6541340 AND 6541440
	Index Scan using sbtest8_pkey on sbtest8  (cost=0.43..411.84 rows=104 width=125)
	  Index Cond: ((id >= 6541340) AND (id <= 6541440))

explain: for range-notcovered :: explain SELECT id, c FROM sbtest%d WHERE id BETWEEN 4493004 AND 4493104
explain: for range-notcovered :: explain SELECT id, c FROM sbtest%d WHERE id BETWEEN 6541340 AND 6541440
for range-notcovered
table 1 : explain SELECT id, c FROM sbtest1 WHERE id BETWEEN 2386042 AND 2386142
	Index Scan using sbtest1_pkey on sbtest1  (cost=0.43..400.87 rows=101 width=125)
	  Index Cond: ((id >= 2386042) AND (id <= 2386142))

table 2 : explain SELECT id, c FROM sbtest2 WHERE id BETWEEN 2386042 AND 2386142
	Index Scan using sbtest2_pkey on sbtest2  (cost=0.43..360.63 rows=91 width=125)
	  Index Cond: ((id >= 2386042) AND (id <= 2386142))

table 3 : explain SELECT id, c FROM sbtest3 WHERE id BETWEEN 2386042 AND 2386142
	Index Scan using sbtest3_pkey on sbtest3  (cost=0.43..397.14 rows=100 width=125)
	  Index Cond: ((id >= 2386042) AND (id <= 2386142))

table 4 : explain SELECT id, c FROM sbtest4 WHERE id BETWEEN 2386042 AND 2386142
	Index Scan using sbtest4_pkey on sbtest4  (cost=0.43..411.04 rows=104 width=125)
	  Index Cond: ((id >= 2386042) AND (id <= 2386142))

table 5 : explain SELECT id, c FROM sbtest5 WHERE id BETWEEN 2386042 AND 2386142
	Index Scan using sbtest5_pkey on sbtest5  (cost=0.43..380.36 rows=96 width=125)
	  Index Cond: ((id >= 2386042) AND (id <= 2386142))

table 6 : explain SELECT id, c FROM sbtest6 WHERE id BETWEEN 2386042 AND 2386142
	Index Scan using sbtest6_pkey on sbtest6  (cost=0.43..392.91 rows=99 width=125)
	  Index Cond: ((id >= 2386042) AND (id <= 2386142))

table 7 : explain SELECT id, c FROM sbtest7 WHERE id BETWEEN 2386042 AND 2386142
	Index Scan using sbtest7_pkey on sbtest7  (cost=0.43..427.28 rows=108 width=125)
	  Index Cond: ((id >= 2386042) AND (id <= 2386142))

table 8 : explain SELECT id, c FROM sbtest8 WHERE id BETWEEN 2386042 AND 2386142
	Index Scan using sbtest8_pkey on sbtest8  (cost=0.43..400.09 rows=101 width=125)
	  Index Cond: ((id >= 2386042) AND (id <= 2386142))

explain: for range-notcovered :: explain SELECT id, c FROM sbtest%d WHERE id BETWEEN 2386042 AND 2386142
for range-notcovered
table 1 : explain SELECT id, c FROM sbtest1 WHERE id BETWEEN 6541340 AND 6541440
	Index Scan using sbtest1_pkey on sbtest1  (cost=0.43..377.33 rows=95 width=125)
	  Index Cond: ((id >= 6541340) AND (id <= 6541440))

table 2 : explain SELECT id, c FROM sbtest2 WHERE id BETWEEN 6541340 AND 6541440
	Index Scan using sbtest2_pkey on sbtest2  (cost=0.43..364.54 rows=92 width=125)
	  Index Cond: ((id >= 6541340) AND (id <= 6541440))

table 3 : explain SELECT id, c FROM sbtest3 WHERE id BETWEEN 6541340 AND 6541440
	Index Scan using sbtest3_pkey on sbtest3  (cost=0.43..420.69 rows=106 width=125)
	  Index Cond: ((id >= 6541340) AND (id <= 6541440))

table 4 : explain SELECT id, c FROM sbtest4 WHERE id BETWEEN 6541340 AND 6541440
	Index Scan using sbtest4_pkey on sbtest4  (cost=0.43..379.75 rows=96 width=125)
	  Index Cond: ((id >= 6541340) AND (id <= 6541440))

table 5 : explain SELECT id, c FROM sbtest5 WHERE id BETWEEN 6541340 AND 6541440
	Index Scan using sbtest5_pkey on sbtest5  (cost=0.43..380.36 rows=96 width=125)
	  Index Cond: ((id >= 6541340) AND (id <= 6541440))

table 6 : explain SELECT id, c FROM sbtest6 WHERE id BETWEEN 6541340 AND 6541440
	Index Scan using sbtest6_pkey on sbtest6  (cost=0.43..385.04 rows=97 width=125)
	  Index Cond: ((id >= 6541340) AND (id <= 6541440))

table 7 : explain SELECT id, c FROM sbtest7 WHERE id BETWEEN 6541340 AND 6541440
	Index Scan using sbtest7_pkey on sbtest7  (cost=0.43..376.38 rows=95 width=125)
	  Index Cond: ((id >= 6541340) AND (id <= 6541440))

table 8 : explain SELECT id, c FROM sbtest8 WHERE id BETWEEN 6541340 AND 6541440
	Index Scan using sbtest8_pkey on sbtest8  (cost=0.43..411.84 rows=104 width=125)
	  Index Cond: ((id >= 6541340) AND (id <= 6541440))

explain: for range-notcovered :: explain SELECT id, c FROM sbtest%d WHERE id BETWEEN 6541340 AND 6541440
for range-notcovered
table 1 : explain SELECT id, c FROM sbtest1 WHERE id BETWEEN 2386042 AND 2386142
	Index Scan using sbtest1_pkey on sbtest1  (cost=0.43..400.87 rows=101 width=125)
	  Index Cond: ((id >= 2386042) AND (id <= 2386142))

table 2 : explain SELECT id, c FROM sbtest2 WHERE id BETWEEN 2386042 AND 2386142
	Index Scan using sbtest2_pkey on sbtest2  (cost=0.43..360.63 rows=91 width=125)
	  Index Cond: ((id >= 2386042) AND (id <= 2386142))

table 3 : explain SELECT id, c FROM sbtest3 WHERE id BETWEEN 2386042 AND 2386142
	Index Scan using sbtest3_pkey on sbtest3  (cost=0.43..397.14 rows=100 width=125)
	  Index Cond: ((id >= 2386042) AND (id <= 2386142))

table 4 : explain SELECT id, c FROM sbtest4 WHERE id BETWEEN 2386042 AND 2386142
	Index Scan using sbtest4_pkey on sbtest4  (cost=0.43..411.04 rows=104 width=125)
	  Index Cond: ((id >= 2386042) AND (id <= 2386142))

table 5 : explain SELECT id, c FROM sbtest5 WHERE id BETWEEN 2386042 AND 2386142
	Index Scan using sbtest5_pkey on sbtest5  (cost=0.43..380.36 rows=96 width=125)
	  Index Cond: ((id >= 2386042) AND (id <= 2386142))

table 6 : explain SELECT id, c FROM sbtest6 WHERE id BETWEEN 2386042 AND 2386142
	Index Scan using sbtest6_pkey on sbtest6  (cost=0.43..392.91 rows=99 width=125)
	  Index Cond: ((id >= 2386042) AND (id <= 2386142))

table 7 : explain SELECT id, c FROM sbtest7 WHERE id BETWEEN 2386042 AND 2386142
	Index Scan using sbtest7_pkey on sbtest7  (cost=0.43..427.28 rows=108 width=125)
	  Index Cond: ((id >= 2386042) AND (id <= 2386142))

table 8 : explain SELECT id, c FROM sbtest8 WHERE id BETWEEN 2386042 AND 2386142
	Index Scan using sbtest8_pkey on sbtest8  (cost=0.43..400.09 rows=101 width=125)
	  Index Cond: ((id >= 2386042) AND (id <= 2386142))

explain: for range-notcovered :: explain SELECT id, c FROM sbtest%d WHERE id BETWEEN 2386042 AND 2386142
for range-notcovered
table 1 : explain SELECT id, c FROM sbtest1 WHERE id BETWEEN 6541340 AND 6541440
	Index Scan using sbtest1_pkey on sbtest1  (cost=0.43..377.33 rows=95 width=125)
	  Index Cond: ((id >= 6541340) AND (id <= 6541440))

table 2 : explain SELECT id, c FROM sbtest2 WHERE id BETWEEN 6541340 AND 6541440
	Index Scan using sbtest2_pkey on sbtest2  (cost=0.43..364.54 rows=92 width=125)
	  Index Cond: ((id >= 6541340) AND (id <= 6541440))

table 3 : explain SELECT id, c FROM sbtest3 WHERE id BETWEEN 6541340 AND 6541440
	Index Scan using sbtest3_pkey on sbtest3  (cost=0.43..420.69 rows=106 width=125)
	  Index Cond: ((id >= 6541340) AND (id <= 6541440))

table 4 : explain SELECT id, c FROM sbtest4 WHERE id BETWEEN 6541340 AND 6541440
	Index Scan using sbtest4_pkey on sbtest4  (cost=0.43..379.75 rows=96 width=125)
	  Index Cond: ((id >= 6541340) AND (id <= 6541440))

table 5 : explain SELECT id, c FROM sbtest5 WHERE id BETWEEN 6541340 AND 6541440
	Index Scan using sbtest5_pkey on sbtest5  (cost=0.43..380.36 rows=96 width=125)
	  Index Cond: ((id >= 6541340) AND (id <= 6541440))

table 6 : explain SELECT id, c FROM sbtest6 WHERE id BETWEEN 6541340 AND 6541440
	Index Scan using sbtest6_pkey on sbtest6  (cost=0.43..385.04 rows=97 width=125)
	  Index Cond: ((id >= 6541340) AND (id <= 6541440))

table 7 : explain SELECT id, c FROM sbtest7 WHERE id BETWEEN 6541340 AND 6541440
	Index Scan using sbtest7_pkey on sbtest7  (cost=0.43..376.38 rows=95 width=125)
	  Index Cond: ((id >= 6541340) AND (id <= 6541440))

table 8 : explain SELECT id, c FROM sbtest8 WHERE id BETWEEN 6541340 AND 6541440
	Index Scan using sbtest8_pkey on sbtest8  (cost=0.43..411.84 rows=104 width=125)
	  Index Cond: ((id >= 6541340) AND (id <= 6541440))

explain: for range-notcovered :: explain SELECT id, c FROM sbtest%d WHERE id BETWEEN 6541340 AND 6541440
for range-notcovered
table 1 : explain SELECT id, c FROM sbtest1 WHERE id BETWEEN 4493004 AND 4493104
	Index Scan using sbtest1_pkey on sbtest1  (cost=0.43..389.10 rows=98 width=125)
	  Index Cond: ((id >= 4493004) AND (id <= 4493104))

table 2 : explain SELECT id, c FROM sbtest2 WHERE id BETWEEN 4493004 AND 4493104
	Index Scan using sbtest2_pkey on sbtest2  (cost=0.43..388.02 rows=98 width=125)
	  Index Cond: ((id >= 4493004) AND (id <= 4493104))

table 3 : explain SELECT id, c FROM sbtest3 WHERE id BETWEEN 4493004 AND 4493104
	Index Scan using sbtest3_pkey on sbtest3  (cost=0.43..401.06 rows=101 width=125)
	  Index Cond: ((id >= 4493004) AND (id <= 4493104))

table 4 : explain SELECT id, c FROM sbtest4 WHERE id BETWEEN 4493004 AND 4493104
	Index Scan using sbtest4_pkey on sbtest4  (cost=0.43..422.76 rows=107 width=125)
	  Index Cond: ((id >= 4493004) AND (id <= 4493104))

table 5 : explain SELECT id, c FROM sbtest5 WHERE id BETWEEN 4493004 AND 4493104
	Index Scan using sbtest5_pkey on sbtest5  (cost=0.43..403.84 rows=102 width=125)
	  Index Cond: ((id >= 4493004) AND (id <= 4493104))

table 6 : explain SELECT id, c FROM sbtest6 WHERE id BETWEEN 4493004 AND 4493104
	Index Scan using sbtest6_pkey on sbtest6  (cost=0.43..392.91 rows=99 width=125)
	  Index Cond: ((id >= 4493004) AND (id <= 4493104))

table 7 : explain SELECT id, c FROM sbtest7 WHERE id BETWEEN 4493004 AND 4493104
	Index Scan using sbtest7_pkey on sbtest7  (cost=0.43..399.89 rows=101 width=125)
	  Index Cond: ((id >= 4493004) AND (id <= 4493104))

table 8 : explain SELECT id, c FROM sbtest8 WHERE id BETWEEN 4493004 AND 4493104
	Index Scan using sbtest8_pkey on sbtest8  (cost=0.43..404.01 rows=102 width=125)
	  Index Cond: ((id >= 4493004) AND (id <= 4493104))

explain: for range-notcovered :: explain SELECT id, c FROM sbtest%d WHERE id BETWEEN 4493004 AND 4493104
for range-notcovered
table 1 : explain SELECT id, c FROM sbtest1 WHERE id BETWEEN 2246494 AND 2246594
	Index Scan using sbtest1_pkey on sbtest1  (cost=0.43..389.10 rows=98 width=125)
	  Index Cond: ((id >= 2246494) AND (id <= 2246594))

table 2 : explain SELECT id, c FROM sbtest2 WHERE id BETWEEN 2246494 AND 2246594
	Index Scan using sbtest2_pkey on sbtest2  (cost=0.43..450.65 rows=114 width=125)
	  Index Cond: ((id >= 2246494) AND (id <= 2246594))

table 3 : explain SELECT id, c FROM sbtest3 WHERE id BETWEEN 2246494 AND 2246594
	Index Scan using sbtest3_pkey on sbtest3  (cost=0.43..381.41 rows=96 width=125)
	  Index Cond: ((id >= 2246494) AND (id <= 2246594))

table 4 : explain SELECT id, c FROM sbtest4 WHERE id BETWEEN 2246494 AND 2246594
	Index Scan using sbtest4_pkey on sbtest4  (cost=0.43..368.03 rows=93 width=125)
	  Index Cond: ((id >= 2246494) AND (id <= 2246594))

table 5 : explain SELECT id, c FROM sbtest5 WHERE id BETWEEN 2246494 AND 2246594
	Index Scan using sbtest5_pkey on sbtest5  (cost=0.43..388.19 rows=98 width=125)
	  Index Cond: ((id >= 2246494) AND (id <= 2246594))

table 6 : explain SELECT id, c FROM sbtest6 WHERE id BETWEEN 2246494 AND 2246594
	Index Scan using sbtest6_pkey on sbtest6  (cost=0.43..404.67 rows=102 width=125)
	  Index Cond: ((id >= 2246494) AND (id <= 2246594))

table 7 : explain SELECT id, c FROM sbtest7 WHERE id BETWEEN 2246494 AND 2246594
	Index Scan using sbtest7_pkey on sbtest7  (cost=0.43..392.06 rows=99 width=125)
	  Index Cond: ((id >= 2246494) AND (id <= 2246594))

table 8 : explain SELECT id, c FROM sbtest8 WHERE id BETWEEN 2246494 AND 2246594
	Index Scan using sbtest8_pkey on sbtest8  (cost=0.43..415.76 rows=105 width=125)
	  Index Cond: ((id >= 2246494) AND (id <= 2246594))

explain: for range-notcovered :: explain SELECT id, c FROM sbtest%d WHERE id BETWEEN 2246494 AND 2246594
for range-notcovered
table 1 : explain SELECT id, c FROM sbtest1 WHERE id BETWEEN 2386042 AND 2386142
	Index Scan using sbtest1_pkey on sbtest1  (cost=0.43..400.87 rows=101 width=125)
	  Index Cond: ((id >= 2386042) AND (id <= 2386142))

table 2 : explain SELECT id, c FROM sbtest2 WHERE id BETWEEN 2386042 AND 2386142
	Index Scan using sbtest2_pkey on sbtest2  (cost=0.43..360.63 rows=91 width=125)
	  Index Cond: ((id >= 2386042) AND (id <= 2386142))

table 3 : explain SELECT id, c FROM sbtest3 WHERE id BETWEEN 2386042 AND 2386142
	Index Scan using sbtest3_pkey on sbtest3  (cost=0.43..397.14 rows=100 width=125)
	  Index Cond: ((id >= 2386042) AND (id <= 2386142))

table 4 : explain SELECT id, c FROM sbtest4 WHERE id BETWEEN 2386042 AND 2386142
	Index Scan using sbtest4_pkey on sbtest4  (cost=0.43..411.04 rows=104 width=125)
	  Index Cond: ((id >= 2386042) AND (id <= 2386142))

table 5 : explain SELECT id, c FROM sbtest5 WHERE id BETWEEN 2386042 AND 2386142
	Index Scan using sbtest5_pkey on sbtest5  (cost=0.43..380.36 rows=96 width=125)
	  Index Cond: ((id >= 2386042) AND (id <= 2386142))

table 6 : explain SELECT id, c FROM sbtest6 WHERE id BETWEEN 2386042 AND 2386142
	Index Scan using sbtest6_pkey on sbtest6  (cost=0.43..392.91 rows=99 width=125)
	  Index Cond: ((id >= 2386042) AND (id <= 2386142))

table 7 : explain SELECT id, c FROM sbtest7 WHERE id BETWEEN 2386042 AND 2386142
	Index Scan using sbtest7_pkey on sbtest7  (cost=0.43..427.28 rows=108 width=125)
	  Index Cond: ((id >= 2386042) AND (id <= 2386142))

table 8 : explain SELECT id, c FROM sbtest8 WHERE id BETWEEN 2386042 AND 2386142
	Index Scan using sbtest8_pkey on sbtest8  (cost=0.43..400.09 rows=101 width=125)
	  Index Cond: ((id >= 2386042) AND (id <= 2386142))

for range-notcovered
table 1 : explain SELECT id, c FROM sbtest1 WHERE id BETWEEN 6541340 AND 6541440
	Index Scan using sbtest1_pkey on sbtest1  (cost=0.43..377.33 rows=95 width=125)
	  Index Cond: ((id >= 6541340) AND (id <= 6541440))

table 2 : explain SELECT id, c FROM sbtest2 WHERE id BETWEEN 6541340 AND 6541440
	Index Scan using sbtest2_pkey on sbtest2  (cost=0.43..364.54 rows=92 width=125)
	  Index Cond: ((id >= 6541340) AND (id <= 6541440))

table 3 : explain SELECT id, c FROM sbtest3 WHERE id BETWEEN 6541340 AND 6541440
	Index Scan using sbtest3_pkey on sbtest3  (cost=0.43..420.69 rows=106 width=125)
	  Index Cond: ((id >= 6541340) AND (id <= 6541440))

table 4 : explain SELECT id, c FROM sbtest4 WHERE id BETWEEN 6541340 AND 6541440
	Index Scan using sbtest4_pkey on sbtest4  (cost=0.43..379.75 rows=96 width=125)
	  Index Cond: ((id >= 6541340) AND (id <= 6541440))

table 5 : explain SELECT id, c FROM sbtest5 WHERE id BETWEEN 6541340 AND 6541440
	Index Scan using sbtest5_pkey on sbtest5  (cost=0.43..380.36 rows=96 width=125)
	  Index Cond: ((id >= 6541340) AND (id <= 6541440))

table 6 : explain SELECT id, c FROM sbtest6 WHERE id BETWEEN 6541340 AND 6541440
	Index Scan using sbtest6_pkey on sbtest6  (cost=0.43..385.04 rows=97 width=125)
	  Index Cond: ((id >= 6541340) AND (id <= 6541440))

table 7 : explain SELECT id, c FROM sbtest7 WHERE id BETWEEN 6541340 AND 6541440
	Index Scan using sbtest7_pkey on sbtest7  (cost=0.43..376.38 rows=95 width=125)
	  Index Cond: ((id >= 6541340) AND (id <= 6541440))

table 8 : explain SELECT id, c FROM sbtest8 WHERE id BETWEEN 6541340 AND 6541440
	Index Scan using sbtest8_pkey on sbtest8  (cost=0.43..411.84 rows=104 width=125)
	  Index Cond: ((id >= 6541340) AND (id <= 6541440))

explain: for range-notcovered :: explain SELECT id, c FROM sbtest%d WHERE id BETWEEN 2386042 AND 2386142
explain: for range-notcovered :: explain SELECT id, c FROM sbtest%d WHERE id BETWEEN 6541340 AND 6541440
explain: for range-notcovered :: explain SELECT id, c FROM sbtest%d WHERE id BETWEEN 9485254 AND 9485354
explain: for range-notcovered :: explain SELECT id, c FROM sbtest%d WHERE id BETWEEN 2157161 AND 2157261
for range-notcovered
table 1 : explain SELECT id, c FROM sbtest1 WHERE id BETWEEN 2246494 AND 2246594
	Index Scan using sbtest1_pkey on sbtest1  (cost=0.43..389.10 rows=98 width=125)
	  Index Cond: ((id >= 2246494) AND (id <= 2246594))

table 2 : explain SELECT id, c FROM sbtest2 WHERE id BETWEEN 2246494 AND 2246594
	Index Scan using sbtest2_pkey on sbtest2  (cost=0.43..450.65 rows=114 width=125)
	  Index Cond: ((id >= 2246494) AND (id <= 2246594))

table 3 : explain SELECT id, c FROM sbtest3 WHERE id BETWEEN 2246494 AND 2246594
	Index Scan using sbtest3_pkey on sbtest3  (cost=0.43..381.41 rows=96 width=125)
	  Index Cond: ((id >= 2246494) AND (id <= 2246594))

table 4 : explain SELECT id, c FROM sbtest4 WHERE id BETWEEN 2246494 AND 2246594
	Index Scan using sbtest4_pkey on sbtest4  (cost=0.43..368.03 rows=93 width=125)
	  Index Cond: ((id >= 2246494) AND (id <= 2246594))

table 5 : explain SELECT id, c FROM sbtest5 WHERE id BETWEEN 2246494 AND 2246594
	Index Scan using sbtest5_pkey on sbtest5  (cost=0.43..388.19 rows=98 width=125)
	  Index Cond: ((id >= 2246494) AND (id <= 2246594))

table 6 : explain SELECT id, c FROM sbtest6 WHERE id BETWEEN 2246494 AND 2246594
	Index Scan using sbtest6_pkey on sbtest6  (cost=0.43..404.67 rows=102 width=125)
	  Index Cond: ((id >= 2246494) AND (id <= 2246594))

table 7 : explain SELECT id, c FROM sbtest7 WHERE id BETWEEN 2246494 AND 2246594
	Index Scan using sbtest7_pkey on sbtest7  (cost=0.43..392.06 rows=99 width=125)
	  Index Cond: ((id >= 2246494) AND (id <= 2246594))

table 8 : explain SELECT id, c FROM sbtest8 WHERE id BETWEEN 2246494 AND 2246594
	Index Scan using sbtest8_pkey on sbtest8  (cost=0.43..415.76 rows=105 width=125)
	  Index Cond: ((id >= 2246494) AND (id <= 2246594))

for range-notcovered
table 1 : explain SELECT id, c FROM sbtest1 WHERE id BETWEEN 2386042 AND 2386142
	Index Scan using sbtest1_pkey on sbtest1  (cost=0.43..400.87 rows=101 width=125)
	  Index Cond: ((id >= 2386042) AND (id <= 2386142))

table 2 : explain SELECT id, c FROM sbtest2 WHERE id BETWEEN 2386042 AND 2386142
	Index Scan using sbtest2_pkey on sbtest2  (cost=0.43..360.63 rows=91 width=125)
	  Index Cond: ((id >= 2386042) AND (id <= 2386142))

table 3 : explain SELECT id, c FROM sbtest3 WHERE id BETWEEN 2386042 AND 2386142
	Index Scan using sbtest3_pkey on sbtest3  (cost=0.43..397.14 rows=100 width=125)
	  Index Cond: ((id >= 2386042) AND (id <= 2386142))

table 4 : explain SELECT id, c FROM sbtest4 WHERE id BETWEEN 2386042 AND 2386142
	Index Scan using sbtest4_pkey on sbtest4  (cost=0.43..411.04 rows=104 width=125)
	  Index Cond: ((id >= 2386042) AND (id <= 2386142))

table 5 : explain SELECT id, c FROM sbtest5 WHERE id BETWEEN 2386042 AND 2386142
	Index Scan using sbtest5_pkey on sbtest5  (cost=0.43..380.36 rows=96 width=125)
	  Index Cond: ((id >= 2386042) AND (id <= 2386142))

table 6 : explain SELECT id, c FROM sbtest6 WHERE id BETWEEN 2386042 AND 2386142
	Index Scan using sbtest6_pkey on sbtest6  (cost=0.43..392.91 rows=99 width=125)
	  Index Cond: ((id >= 2386042) AND (id <= 2386142))

table 7 : explain SELECT id, c FROM sbtest7 WHERE id BETWEEN 2386042 AND 2386142
	Index Scan using sbtest7_pkey on sbtest7  (cost=0.43..427.28 rows=108 width=125)
	  Index Cond: ((id >= 2386042) AND (id <= 2386142))

table 8 : explain SELECT id, c FROM sbtest8 WHERE id BETWEEN 2386042 AND 2386142
	Index Scan using sbtest8_pkey on sbtest8  (cost=0.43..400.09 rows=101 width=125)
	  Index Cond: ((id >= 2386042) AND (id <= 2386142))

explain: for range-notcovered :: explain SELECT id, c FROM sbtest%d WHERE id BETWEEN 2246494 AND 2246594
explain: for range-notcovered :: explain SELECT id, c FROM sbtest%d WHERE id BETWEEN 2386042 AND 2386142
for range-notcovered
table 1 : explain SELECT id, c FROM sbtest1 WHERE id BETWEEN 6541340 AND 6541440
	Index Scan using sbtest1_pkey on sbtest1  (cost=0.43..377.33 rows=95 width=125)
	  Index Cond: ((id >= 6541340) AND (id <= 6541440))

table 2 : explain SELECT id, c FROM sbtest2 WHERE id BETWEEN 6541340 AND 6541440
	Index Scan using sbtest2_pkey on sbtest2  (cost=0.43..364.54 rows=92 width=125)
	  Index Cond: ((id >= 6541340) AND (id <= 6541440))

table 3 : explain SELECT id, c FROM sbtest3 WHERE id BETWEEN 6541340 AND 6541440
	Index Scan using sbtest3_pkey on sbtest3  (cost=0.43..420.69 rows=106 width=125)
	  Index Cond: ((id >= 6541340) AND (id <= 6541440))

table 4 : explain SELECT id, c FROM sbtest4 WHERE id BETWEEN 6541340 AND 6541440
	Index Scan using sbtest4_pkey on sbtest4  (cost=0.43..379.75 rows=96 width=125)
	  Index Cond: ((id >= 6541340) AND (id <= 6541440))

table 5 : explain SELECT id, c FROM sbtest5 WHERE id BETWEEN 6541340 AND 6541440
	Index Scan using sbtest5_pkey on sbtest5  (cost=0.43..380.36 rows=96 width=125)
	  Index Cond: ((id >= 6541340) AND (id <= 6541440))

table 6 : explain SELECT id, c FROM sbtest6 WHERE id BETWEEN 6541340 AND 6541440
	Index Scan using sbtest6_pkey on sbtest6  (cost=0.43..385.04 rows=97 width=125)
	  Index Cond: ((id >= 6541340) AND (id <= 6541440))

table 7 : explain SELECT id, c FROM sbtest7 WHERE id BETWEEN 6541340 AND 6541440
	Index Scan using sbtest7_pkey on sbtest7  (cost=0.43..376.38 rows=95 width=125)
	  Index Cond: ((id >= 6541340) AND (id <= 6541440))

table 8 : explain SELECT id, c FROM sbtest8 WHERE id BETWEEN 6541340 AND 6541440
	Index Scan using sbtest8_pkey on sbtest8  (cost=0.43..411.84 rows=104 width=125)
	  Index Cond: ((id >= 6541340) AND (id <= 6541440))

for range-notcovered
table 1 : explain SELECT id, c FROM sbtest1 WHERE id BETWEEN 6256310 AND 6256410
	Index Scan using sbtest1_pkey on sbtest1  (cost=0.43..381.26 rows=96 width=125)
	  Index Cond: ((id >= 6256310) AND (id <= 6256410))

table 2 : explain SELECT id, c FROM sbtest2 WHERE id BETWEEN 6256310 AND 6256410
	Index Scan using sbtest2_pkey on sbtest2  (cost=0.43..384.11 rows=97 width=125)
	  Index Cond: ((id >= 6256310) AND (id <= 6256410))

table 3 : explain SELECT id, c FROM sbtest3 WHERE id BETWEEN 6256310 AND 6256410
	Index Scan using sbtest3_pkey on sbtest3  (cost=0.43..397.14 rows=100 width=125)
	  Index Cond: ((id >= 6256310) AND (id <= 6256410))

table 4 : explain SELECT id, c FROM sbtest4 WHERE id BETWEEN 6256310 AND 6256410
	Index Scan using sbtest4_pkey on sbtest4  (cost=0.43..364.12 rows=92 width=125)
	  Index Cond: ((id >= 6256310) AND (id <= 6256410))

table 5 : explain SELECT id, c FROM sbtest5 WHERE id BETWEEN 6256310 AND 6256410
	Index Scan using sbtest5_pkey on sbtest5  (cost=0.43..419.50 rows=106 width=125)
	  Index Cond: ((id >= 6256310) AND (id <= 6256410))

table 6 : explain SELECT id, c FROM sbtest6 WHERE id BETWEEN 6256310 AND 6256410
	Index Scan using sbtest6_pkey on sbtest6  (cost=0.43..412.52 rows=104 width=125)
	  Index Cond: ((id >= 6256310) AND (id <= 6256410))

table 7 : explain SELECT id, c FROM sbtest7 WHERE id BETWEEN 6256310 AND 6256410
	Index Scan using sbtest7_pkey on sbtest7  (cost=0.43..403.80 rows=102 width=125)
	  Index Cond: ((id >= 6256310) AND (id <= 6256410))

table 8 : explain SELECT id, c FROM sbtest8 WHERE id BETWEEN 6256310 AND 6256410
	Index Scan using sbtest8_pkey on sbtest8  (cost=0.43..388.35 rows=98 width=125)
	  Index Cond: ((id >= 6256310) AND (id <= 6256410))

explain: for range-notcovered :: explain SELECT id, c FROM sbtest%d WHERE id BETWEEN 6256310 AND 6256410
for range-notcovered
table 1 : explain SELECT id, c FROM sbtest1 WHERE id BETWEEN 2246494 AND 2246594
	Index Scan using sbtest1_pkey on sbtest1  (cost=0.43..389.10 rows=98 width=125)
	  Index Cond: ((id >= 2246494) AND (id <= 2246594))

table 2 : explain SELECT id, c FROM sbtest2 WHERE id BETWEEN 2246494 AND 2246594
	Index Scan using sbtest2_pkey on sbtest2  (cost=0.43..450.65 rows=114 width=125)
	  Index Cond: ((id >= 2246494) AND (id <= 2246594))

table 3 : explain SELECT id, c FROM sbtest3 WHERE id BETWEEN 2246494 AND 2246594
	Index Scan using sbtest3_pkey on sbtest3  (cost=0.43..381.41 rows=96 width=125)
	  Index Cond: ((id >= 2246494) AND (id <= 2246594))

table 4 : explain SELECT id, c FROM sbtest4 WHERE id BETWEEN 2246494 AND 2246594
	Index Scan using sbtest4_pkey on sbtest4  (cost=0.43..368.03 rows=93 width=125)
	  Index Cond: ((id >= 2246494) AND (id <= 2246594))

table 5 : explain SELECT id, c FROM sbtest5 WHERE id BETWEEN 2246494 AND 2246594
	Index Scan using sbtest5_pkey on sbtest5  (cost=0.43..388.19 rows=98 width=125)
	  Index Cond: ((id >= 2246494) AND (id <= 2246594))

table 6 : explain SELECT id, c FROM sbtest6 WHERE id BETWEEN 2246494 AND 2246594
	Index Scan using sbtest6_pkey on sbtest6  (cost=0.43..404.67 rows=102 width=125)
	  Index Cond: ((id >= 2246494) AND (id <= 2246594))

table 7 : explain SELECT id, c FROM sbtest7 WHERE id BETWEEN 2246494 AND 2246594
	Index Scan using sbtest7_pkey on sbtest7  (cost=0.43..392.06 rows=99 width=125)
	  Index Cond: ((id >= 2246494) AND (id <= 2246594))

table 8 : explain SELECT id, c FROM sbtest8 WHERE id BETWEEN 2246494 AND 2246594
	Index Scan using sbtest8_pkey on sbtest8  (cost=0.43..415.76 rows=105 width=125)
	  Index Cond: ((id >= 2246494) AND (id <= 2246594))
for range-notcovered
table 1 : explain SELECT id, c FROM sbtest1 WHERE id BETWEEN 2386042 AND 2386142
	Index Scan using sbtest1_pkey on sbtest1  (cost=0.43..400.87 rows=101 width=125)
	  Index Cond: ((id >= 2386042) AND (id <= 2386142))

table 2 : explain SELECT id, c FROM sbtest2 WHERE id BETWEEN 2386042 AND 2386142
	Index Scan using sbtest2_pkey on sbtest2  (cost=0.43..360.63 rows=91 width=125)
	  Index Cond: ((id >= 2386042) AND (id <= 2386142))

table 3 : explain SELECT id, c FROM sbtest3 WHERE id BETWEEN 2386042 AND 2386142
	Index Scan using sbtest3_pkey on sbtest3  (cost=0.43..397.14 rows=100 width=125)
	  Index Cond: ((id >= 2386042) AND (id <= 2386142))

table 4 : explain SELECT id, c FROM sbtest4 WHERE id BETWEEN 2386042 AND 2386142
	Index Scan using sbtest4_pkey on sbtest4  (cost=0.43..411.04 rows=104 width=125)
	  Index Cond: ((id >= 2386042) AND (id <= 2386142))

table 5 : explain SELECT id, c FROM sbtest5 WHERE id BETWEEN 2386042 AND 2386142
	Index Scan using sbtest5_pkey on sbtest5  (cost=0.43..380.36 rows=96 width=125)
	  Index Cond: ((id >= 2386042) AND (id <= 2386142))

table 6 : explain SELECT id, c FROM sbtest6 WHERE id BETWEEN 2386042 AND 2386142
	Index Scan using sbtest6_pkey on sbtest6  (cost=0.43..392.91 rows=99 width=125)
	  Index Cond: ((id >= 2386042) AND (id <= 2386142))

table 7 : explain SELECT id, c FROM sbtest7 WHERE id BETWEEN 2386042 AND 2386142
	Index Scan using sbtest7_pkey on sbtest7  (cost=0.43..427.28 rows=108 width=125)
	  Index Cond: ((id >= 2386042) AND (id <= 2386142))

table 8 : explain SELECT id, c FROM sbtest8 WHERE id BETWEEN 2386042 AND 2386142
	Index Scan using sbtest8_pkey on sbtest8  (cost=0.43..400.09 rows=101 width=125)
	  Index Cond: ((id >= 2386042) AND (id <= 2386142))


explain: for range-notcovered :: explain SELECT id, c FROM sbtest%d WHERE id BETWEEN 2386042 AND 2386142
explain: for range-notcovered :: explain SELECT id, c FROM sbtest%d WHERE id BETWEEN 2246494 AND 2246594
for range-notcovered
table 1 : explain SELECT id, c FROM sbtest1 WHERE id BETWEEN 4493004 AND 4493104
	Index Scan using sbtest1_pkey on sbtest1  (cost=0.43..389.10 rows=98 width=125)
	  Index Cond: ((id >= 4493004) AND (id <= 4493104))

table 2 : explain SELECT id, c FROM sbtest2 WHERE id BETWEEN 4493004 AND 4493104
	Index Scan using sbtest2_pkey on sbtest2  (cost=0.43..388.02 rows=98 width=125)
	  Index Cond: ((id >= 4493004) AND (id <= 4493104))

table 3 : explain SELECT id, c FROM sbtest3 WHERE id BETWEEN 4493004 AND 4493104
	Index Scan using sbtest3_pkey on sbtest3  (cost=0.43..401.06 rows=101 width=125)
	  Index Cond: ((id >= 4493004) AND (id <= 4493104))

table 4 : explain SELECT id, c FROM sbtest4 WHERE id BETWEEN 4493004 AND 4493104
	Index Scan using sbtest4_pkey on sbtest4  (cost=0.43..422.76 rows=107 width=125)
	  Index Cond: ((id >= 4493004) AND (id <= 4493104))

table 5 : explain SELECT id, c FROM sbtest5 WHERE id BETWEEN 4493004 AND 4493104
	Index Scan using sbtest5_pkey on sbtest5  (cost=0.43..403.84 rows=102 width=125)
	  Index Cond: ((id >= 4493004) AND (id <= 4493104))

table 6 : explain SELECT id, c FROM sbtest6 WHERE id BETWEEN 4493004 AND 4493104
	Index Scan using sbtest6_pkey on sbtest6  (cost=0.43..392.91 rows=99 width=125)
	  Index Cond: ((id >= 4493004) AND (id <= 4493104))

table 7 : explain SELECT id, c FROM sbtest7 WHERE id BETWEEN 4493004 AND 4493104
	Index Scan using sbtest7_pkey on sbtest7  (cost=0.43..399.89 rows=101 width=125)
	  Index Cond: ((id >= 4493004) AND (id <= 4493104))

table 8 : explain SELECT id, c FROM sbtest8 WHERE id BETWEEN 4493004 AND 4493104
	Index Scan using sbtest8_pkey on sbtest8  (cost=0.43..404.01 rows=102 width=125)
	  Index Cond: ((id >= 4493004) AND (id <= 4493104))

explain: for range-notcovered :: explain SELECT id, c FROM sbtest%d WHERE id BETWEEN 4493004 AND 4493104
for range-notcovered
table 1 : explain SELECT id, c FROM sbtest1 WHERE id BETWEEN 2386042 AND 2386142
	Index Scan using sbtest1_pkey on sbtest1  (cost=0.43..400.87 rows=101 width=125)
	  Index Cond: ((id >= 2386042) AND (id <= 2386142))

table 2 : explain SELECT id, c FROM sbtest2 WHERE id BETWEEN 2386042 AND 2386142
	Index Scan using sbtest2_pkey on sbtest2  (cost=0.43..360.63 rows=91 width=125)
	  Index Cond: ((id >= 2386042) AND (id <= 2386142))

table 3 : explain SELECT id, c FROM sbtest3 WHERE id BETWEEN 2386042 AND 2386142
	Index Scan using sbtest3_pkey on sbtest3  (cost=0.43..397.14 rows=100 width=125)
	  Index Cond: ((id >= 2386042) AND (id <= 2386142))

table 4 : explain SELECT id, c FROM sbtest4 WHERE id BETWEEN 2386042 AND 2386142
	Index Scan using sbtest4_pkey on sbtest4  (cost=0.43..411.04 rows=104 width=125)
	  Index Cond: ((id >= 2386042) AND (id <= 2386142))

table 5 : explain SELECT id, c FROM sbtest5 WHERE id BETWEEN 2386042 AND 2386142
	Index Scan using sbtest5_pkey on sbtest5  (cost=0.43..380.36 rows=96 width=125)
	  Index Cond: ((id >= 2386042) AND (id <= 2386142))

table 6 : explain SELECT id, c FROM sbtest6 WHERE id BETWEEN 2386042 AND 2386142
	Index Scan using sbtest6_pkey on sbtest6  (cost=0.43..392.91 rows=99 width=125)
	  Index Cond: ((id >= 2386042) AND (id <= 2386142))

table 7 : explain SELECT id, c FROM sbtest7 WHERE id BETWEEN 2386042 AND 2386142
	Index Scan using sbtest7_pkey on sbtest7  (cost=0.43..427.28 rows=108 width=125)
	  Index Cond: ((id >= 2386042) AND (id <= 2386142))

table 8 : explain SELECT id, c FROM sbtest8 WHERE id BETWEEN 2386042 AND 2386142
	Index Scan using sbtest8_pkey on sbtest8  (cost=0.43..400.09 rows=101 width=125)
	  Index Cond: ((id >= 2386042) AND (id <= 2386142))

explain: for range-notcovered :: explain SELECT id, c FROM sbtest%d WHERE id BETWEEN 2386042 AND 2386142
for range-notcovered
table 1 : explain SELECT id, c FROM sbtest1 WHERE id BETWEEN 6256310 AND 6256410
	Index Scan using sbtest1_pkey on sbtest1  (cost=0.43..381.26 rows=96 width=125)
	  Index Cond: ((id >= 6256310) AND (id <= 6256410))

table 2 : explain SELECT id, c FROM sbtest2 WHERE id BETWEEN 6256310 AND 6256410
	Index Scan using sbtest2_pkey on sbtest2  (cost=0.43..384.11 rows=97 width=125)
	  Index Cond: ((id >= 6256310) AND (id <= 6256410))

table 3 : explain SELECT id, c FROM sbtest3 WHERE id BETWEEN 6256310 AND 6256410
	Index Scan using sbtest3_pkey on sbtest3  (cost=0.43..397.14 rows=100 width=125)
	  Index Cond: ((id >= 6256310) AND (id <= 6256410))

table 4 : explain SELECT id, c FROM sbtest4 WHERE id BETWEEN 6256310 AND 6256410
	Index Scan using sbtest4_pkey on sbtest4  (cost=0.43..364.12 rows=92 width=125)
	  Index Cond: ((id >= 6256310) AND (id <= 6256410))

table 5 : explain SELECT id, c FROM sbtest5 WHERE id BETWEEN 6256310 AND 6256410
	Index Scan using sbtest5_pkey on sbtest5  (cost=0.43..419.50 rows=106 width=125)
	  Index Cond: ((id >= 6256310) AND (id <= 6256410))

table 6 : explain SELECT id, c FROM sbtest6 WHERE id BETWEEN 6256310 AND 6256410
	Index Scan using sbtest6_pkey on sbtest6  (cost=0.43..412.52 rows=104 width=125)
	  Index Cond: ((id >= 6256310) AND (id <= 6256410))

table 7 : explain SELECT id, c FROM sbtest7 WHERE id BETWEEN 6256310 AND 6256410
	Index Scan using sbtest7_pkey on sbtest7  (cost=0.43..403.80 rows=102 width=125)
	  Index Cond: ((id >= 6256310) AND (id <= 6256410))

table 8 : explain SELECT id, c FROM sbtest8 WHERE id BETWEEN 6256310 AND 6256410
	Index Scan using sbtest8_pkey on sbtest8  (cost=0.43..388.35 rows=98 width=125)
	  Index Cond: ((id >= 6256310) AND (id <= 6256410))

explain: for range-notcovered :: explain SELECT id, c FROM sbtest%d WHERE id BETWEEN 6256310 AND 6256410
for range-notcovered
table 1 : explain SELECT id, c FROM sbtest1 WHERE id BETWEEN 2246494 AND 2246594
	Index Scan using sbtest1_pkey on sbtest1  (cost=0.43..389.10 rows=98 width=125)
	  Index Cond: ((id >= 2246494) AND (id <= 2246594))

table 2 : explain SELECT id, c FROM sbtest2 WHERE id BETWEEN 2246494 AND 2246594
	Index Scan using sbtest2_pkey on sbtest2  (cost=0.43..450.65 rows=114 width=125)
	  Index Cond: ((id >= 2246494) AND (id <= 2246594))

table 3 : explain SELECT id, c FROM sbtest3 WHERE id BETWEEN 2246494 AND 2246594
	Index Scan using sbtest3_pkey on sbtest3  (cost=0.43..381.41 rows=96 width=125)
	  Index Cond: ((id >= 2246494) AND (id <= 2246594))

table 4 : explain SELECT id, c FROM sbtest4 WHERE id BETWEEN 2246494 AND 2246594
	Index Scan using sbtest4_pkey on sbtest4  (cost=0.43..368.03 rows=93 width=125)
	  Index Cond: ((id >= 2246494) AND (id <= 2246594))

table 5 : explain SELECT id, c FROM sbtest5 WHERE id BETWEEN 2246494 AND 2246594
	Index Scan using sbtest5_pkey on sbtest5  (cost=0.43..388.19 rows=98 width=125)
	  Index Cond: ((id >= 2246494) AND (id <= 2246594))

table 6 : explain SELECT id, c FROM sbtest6 WHERE id BETWEEN 2246494 AND 2246594
	Index Scan using sbtest6_pkey on sbtest6  (cost=0.43..404.67 rows=102 width=125)
	  Index Cond: ((id >= 2246494) AND (id <= 2246594))

table 7 : explain SELECT id, c FROM sbtest7 WHERE id BETWEEN 2246494 AND 2246594
	Index Scan using sbtest7_pkey on sbtest7  (cost=0.43..392.06 rows=99 width=125)
	  Index Cond: ((id >= 2246494) AND (id <= 2246594))

table 8 : explain SELECT id, c FROM sbtest8 WHERE id BETWEEN 2246494 AND 2246594
	Index Scan using sbtest8_pkey on sbtest8  (cost=0.43..415.76 rows=105 width=125)
	  Index Cond: ((id >= 2246494) AND (id <= 2246594))

explain: for range-notcovered :: explain SELECT id, c FROM sbtest%d WHERE id BETWEEN 2246494 AND 2246594
for range-notcovered
table 1 : explain SELECT id, c FROM sbtest1 WHERE id BETWEEN 6371020 AND 6371120
	Index Scan using sbtest1_pkey on sbtest1  (cost=0.43..444.03 rows=112 width=125)
	  Index Cond: ((id >= 6371020) AND (id <= 6371120))

table 2 : explain SELECT id, c FROM sbtest2 WHERE id BETWEEN 6371020 AND 6371120
	Index Scan using sbtest2_pkey on sbtest2  (cost=0.43..388.02 rows=98 width=125)
	  Index Cond: ((id >= 6371020) AND (id <= 6371120))

table 3 : explain SELECT id, c FROM sbtest3 WHERE id BETWEEN 6371020 AND 6371120
	Index Scan using sbtest3_pkey on sbtest3  (cost=0.43..436.39 rows=110 width=125)
	  Index Cond: ((id >= 6371020) AND (id <= 6371120))

table 4 : explain SELECT id, c FROM sbtest4 WHERE id BETWEEN 6371020 AND 6371120
	Index Scan using sbtest4_pkey on sbtest4  (cost=0.43..422.76 rows=107 width=125)
	  Index Cond: ((id >= 6371020) AND (id <= 6371120))

table 5 : explain SELECT id, c FROM sbtest5 WHERE id BETWEEN 6371020 AND 6371120
	Index Scan using sbtest5_pkey on sbtest5  (cost=0.43..396.01 rows=100 width=125)
	  Index Cond: ((id >= 6371020) AND (id <= 6371120))

table 6 : explain SELECT id, c FROM sbtest6 WHERE id BETWEEN 6371020 AND 6371120
	Index Scan using sbtest6_pkey on sbtest6  (cost=0.43..388.98 rows=98 width=125)
	  Index Cond: ((id >= 6371020) AND (id <= 6371120))

table 7 : explain SELECT id, c FROM sbtest7 WHERE id BETWEEN 6371020 AND 6371120
	Index Scan using sbtest7_pkey on sbtest7  (cost=0.43..403.80 rows=102 width=125)
	  Index Cond: ((id >= 6371020) AND (id <= 6371120))

table 8 : explain SELECT id, c FROM sbtest8 WHERE id BETWEEN 6371020 AND 6371120
	Index Scan using sbtest8_pkey on sbtest8  (cost=0.43..439.25 rows=111 width=125)
	  Index Cond: ((id >= 6371020) AND (id <= 6371120))

explain: for range-notcovered :: explain SELECT id, c FROM sbtest%d WHERE id BETWEEN 6371020 AND 6371120
for range-notcovered
table 1 : explain SELECT id, c FROM sbtest1 WHERE id BETWEEN 2386042 AND 2386142
	Index Scan using sbtest1_pkey on sbtest1  (cost=0.43..400.87 rows=101 width=125)
	  Index Cond: ((id >= 2386042) AND (id <= 2386142))

table 2 : explain SELECT id, c FROM sbtest2 WHERE id BETWEEN 2386042 AND 2386142
	Index Scan using sbtest2_pkey on sbtest2  (cost=0.43..360.63 rows=91 width=125)
	  Index Cond: ((id >= 2386042) AND (id <= 2386142))

table 3 : explain SELECT id, c FROM sbtest3 WHERE id BETWEEN 2386042 AND 2386142
	Index Scan using sbtest3_pkey on sbtest3  (cost=0.43..397.14 rows=100 width=125)
	  Index Cond: ((id >= 2386042) AND (id <= 2386142))

table 4 : explain SELECT id, c FROM sbtest4 WHERE id BETWEEN 2386042 AND 2386142
	Index Scan using sbtest4_pkey on sbtest4  (cost=0.43..411.04 rows=104 width=125)
	  Index Cond: ((id >= 2386042) AND (id <= 2386142))

table 5 : explain SELECT id, c FROM sbtest5 WHERE id BETWEEN 2386042 AND 2386142
	Index Scan using sbtest5_pkey on sbtest5  (cost=0.43..380.36 rows=96 width=125)
	  Index Cond: ((id >= 2386042) AND (id <= 2386142))

table 6 : explain SELECT id, c FROM sbtest6 WHERE id BETWEEN 2386042 AND 2386142
	Index Scan using sbtest6_pkey on sbtest6  (cost=0.43..392.91 rows=99 width=125)
	  Index Cond: ((id >= 2386042) AND (id <= 2386142))

table 7 : explain SELECT id, c FROM sbtest7 WHERE id BETWEEN 2386042 AND 2386142
	Index Scan using sbtest7_pkey on sbtest7  (cost=0.43..427.28 rows=108 width=125)
	  Index Cond: ((id >= 2386042) AND (id <= 2386142))

table 8 : explain SELECT id, c FROM sbtest8 WHERE id BETWEEN 2386042 AND 2386142
	Index Scan using sbtest8_pkey on sbtest8  (cost=0.43..400.09 rows=101 width=125)
	  Index Cond: ((id >= 2386042) AND (id <= 2386142))

for range-notcovered
table 1 : explain SELECT id, c FROM sbtest1 WHERE id BETWEEN 4493004 AND 4493104
	Index Scan using sbtest1_pkey on sbtest1  (cost=0.43..389.10 rows=98 width=125)
	  Index Cond: ((id >= 4493004) AND (id <= 4493104))

table 2 : explain SELECT id, c FROM sbtest2 WHERE id BETWEEN 4493004 AND 4493104
	Index Scan using sbtest2_pkey on sbtest2  (cost=0.43..388.02 rows=98 width=125)
	  Index Cond: ((id >= 4493004) AND (id <= 4493104))

table 3 : explain SELECT id, c FROM sbtest3 WHERE id BETWEEN 4493004 AND 4493104
	Index Scan using sbtest3_pkey on sbtest3  (cost=0.43..401.06 rows=101 width=125)
	  Index Cond: ((id >= 4493004) AND (id <= 4493104))

table 4 : explain SELECT id, c FROM sbtest4 WHERE id BETWEEN 4493004 AND 4493104
	Index Scan using sbtest4_pkey on sbtest4  (cost=0.43..422.76 rows=107 width=125)
	  Index Cond: ((id >= 4493004) AND (id <= 4493104))

table 5 : explain SELECT id, c FROM sbtest5 WHERE id BETWEEN 4493004 AND 4493104
	Index Scan using sbtest5_pkey on sbtest5  (cost=0.43..403.84 rows=102 width=125)
	  Index Cond: ((id >= 4493004) AND (id <= 4493104))

table 6 : explain SELECT id, c FROM sbtest6 WHERE id BETWEEN 4493004 AND 4493104
	Index Scan using sbtest6_pkey on sbtest6  (cost=0.43..392.91 rows=99 width=125)
	  Index Cond: ((id >= 4493004) AND (id <= 4493104))

table 7 : explain SELECT id, c FROM sbtest7 WHERE id BETWEEN 4493004 AND 4493104
	Index Scan using sbtest7_pkey on sbtest7  (cost=0.43..399.89 rows=101 width=125)
	  Index Cond: ((id >= 4493004) AND (id <= 4493104))

table 8 : explain SELECT id, c FROM sbtest8 WHERE id BETWEEN 4493004 AND 4493104
	Index Scan using sbtest8_pkey on sbtest8  (cost=0.43..404.01 rows=102 width=125)
	  Index Cond: ((id >= 4493004) AND (id <= 4493104))

explain: for range-notcovered :: explain SELECT id, c FROM sbtest%d WHERE id BETWEEN 2386042 AND 2386142
explain: for range-notcovered :: explain SELECT id, c FROM sbtest%d WHERE id BETWEEN 4493004 AND 4493104
for range-notcovered
table 1 : explain SELECT id, c FROM sbtest1 WHERE id BETWEEN 6256310 AND 6256410
	Index Scan using sbtest1_pkey on sbtest1  (cost=0.43..381.26 rows=96 width=125)
	  Index Cond: ((id >= 6256310) AND (id <= 6256410))

table 2 : explain SELECT id, c FROM sbtest2 WHERE id BETWEEN 6256310 AND 6256410
	Index Scan using sbtest2_pkey on sbtest2  (cost=0.43..384.11 rows=97 width=125)
	  Index Cond: ((id >= 6256310) AND (id <= 6256410))

table 3 : explain SELECT id, c FROM sbtest3 WHERE id BETWEEN 6256310 AND 6256410
	Index Scan using sbtest3_pkey on sbtest3  (cost=0.43..397.14 rows=100 width=125)
	  Index Cond: ((id >= 6256310) AND (id <= 6256410))

table 4 : explain SELECT id, c FROM sbtest4 WHERE id BETWEEN 6256310 AND 6256410
	Index Scan using sbtest4_pkey on sbtest4  (cost=0.43..364.12 rows=92 width=125)
	  Index Cond: ((id >= 6256310) AND (id <= 6256410))

table 5 : explain SELECT id, c FROM sbtest5 WHERE id BETWEEN 6256310 AND 6256410
	Index Scan using sbtest5_pkey on sbtest5  (cost=0.43..419.50 rows=106 width=125)
	  Index Cond: ((id >= 6256310) AND (id <= 6256410))

table 6 : explain SELECT id, c FROM sbtest6 WHERE id BETWEEN 6256310 AND 6256410
	Index Scan using sbtest6_pkey on sbtest6  (cost=0.43..412.52 rows=104 width=125)
	  Index Cond: ((id >= 6256310) AND (id <= 6256410))

table 7 : explain SELECT id, c FROM sbtest7 WHERE id BETWEEN 6256310 AND 6256410
	Index Scan using sbtest7_pkey on sbtest7  (cost=0.43..403.80 rows=102 width=125)
	  Index Cond: ((id >= 6256310) AND (id <= 6256410))

table 8 : explain SELECT id, c FROM sbtest8 WHERE id BETWEEN 6256310 AND 6256410
	Index Scan using sbtest8_pkey on sbtest8  (cost=0.43..388.35 rows=98 width=125)
	  Index Cond: ((id >= 6256310) AND (id <= 6256410))

explain: for range-notcovered :: explain SELECT id, c FROM sbtest%d WHERE id BETWEEN 6256310 AND 6256410
for range-notcovered
table 1 : explain SELECT id, c FROM sbtest1 WHERE id BETWEEN 4493004 AND 4493104
	Index Scan using sbtest1_pkey on sbtest1  (cost=0.43..389.10 rows=98 width=125)
	  Index Cond: ((id >= 4493004) AND (id <= 4493104))

table 2 : explain SELECT id, c FROM sbtest2 WHERE id BETWEEN 4493004 AND 4493104
	Index Scan using sbtest2_pkey on sbtest2  (cost=0.43..388.02 rows=98 width=125)
	  Index Cond: ((id >= 4493004) AND (id <= 4493104))

table 3 : explain SELECT id, c FROM sbtest3 WHERE id BETWEEN 4493004 AND 4493104
	Index Scan using sbtest3_pkey on sbtest3  (cost=0.43..401.06 rows=101 width=125)
	  Index Cond: ((id >= 4493004) AND (id <= 4493104))

table 4 : explain SELECT id, c FROM sbtest4 WHERE id BETWEEN 4493004 AND 4493104
	Index Scan using sbtest4_pkey on sbtest4  (cost=0.43..422.76 rows=107 width=125)
	  Index Cond: ((id >= 4493004) AND (id <= 4493104))

table 5 : explain SELECT id, c FROM sbtest5 WHERE id BETWEEN 4493004 AND 4493104
	Index Scan using sbtest5_pkey on sbtest5  (cost=0.43..403.84 rows=102 width=125)
	  Index Cond: ((id >= 4493004) AND (id <= 4493104))

table 6 : explain SELECT id, c FROM sbtest6 WHERE id BETWEEN 4493004 AND 4493104
	Index Scan using sbtest6_pkey on sbtest6  (cost=0.43..392.91 rows=99 width=125)
	  Index Cond: ((id >= 4493004) AND (id <= 4493104))

table 7 : explain SELECT id, c FROM sbtest7 WHERE id BETWEEN 4493004 AND 4493104
	Index Scan using sbtest7_pkey on sbtest7  (cost=0.43..399.89 rows=101 width=125)
	  Index Cond: ((id >= 4493004) AND (id <= 4493104))

table 8 : explain SELECT id, c FROM sbtest8 WHERE id BETWEEN 4493004 AND 4493104
	Index Scan using sbtest8_pkey on sbtest8  (cost=0.43..404.01 rows=102 width=125)
	  Index Cond: ((id >= 4493004) AND (id <= 4493104))

explain: for range-notcovered :: explain SELECT id, c FROM sbtest%d WHERE id BETWEEN 4493004 AND 4493104
for range-notcovered
table 1 : explain SELECT id, c FROM sbtest1 WHERE id BETWEEN 6371020 AND 6371120
	Index Scan using sbtest1_pkey on sbtest1  (cost=0.43..444.03 rows=112 width=125)
	  Index Cond: ((id >= 6371020) AND (id <= 6371120))

table 2 : explain SELECT id, c FROM sbtest2 WHERE id BETWEEN 6371020 AND 6371120
	Index Scan using sbtest2_pkey on sbtest2  (cost=0.43..388.02 rows=98 width=125)
	  Index Cond: ((id >= 6371020) AND (id <= 6371120))

table 3 : explain SELECT id, c FROM sbtest3 WHERE id BETWEEN 6371020 AND 6371120
	Index Scan using sbtest3_pkey on sbtest3  (cost=0.43..436.39 rows=110 width=125)
	  Index Cond: ((id >= 6371020) AND (id <= 6371120))

table 4 : explain SELECT id, c FROM sbtest4 WHERE id BETWEEN 6371020 AND 6371120
	Index Scan using sbtest4_pkey on sbtest4  (cost=0.43..422.76 rows=107 width=125)
	  Index Cond: ((id >= 6371020) AND (id <= 6371120))

table 5 : explain SELECT id, c FROM sbtest5 WHERE id BETWEEN 6371020 AND 6371120
	Index Scan using sbtest5_pkey on sbtest5  (cost=0.43..396.01 rows=100 width=125)
	  Index Cond: ((id >= 6371020) AND (id <= 6371120))

table 6 : explain SELECT id, c FROM sbtest6 WHERE id BETWEEN 6371020 AND 6371120
	Index Scan using sbtest6_pkey on sbtest6  (cost=0.43..388.98 rows=98 width=125)
	  Index Cond: ((id >= 6371020) AND (id <= 6371120))

table 7 : explain SELECT id, c FROM sbtest7 WHERE id BETWEEN 6371020 AND 6371120
	Index Scan using sbtest7_pkey on sbtest7  (cost=0.43..403.80 rows=102 width=125)
	  Index Cond: ((id >= 6371020) AND (id <= 6371120))

table 8 : explain SELECT id, c FROM sbtest8 WHERE id BETWEEN 6371020 AND 6371120
	Index Scan using sbtest8_pkey on sbtest8  (cost=0.43..439.25 rows=111 width=125)
	  Index Cond: ((id >= 6371020) AND (id <= 6371120))

explain: for range-notcovered :: explain SELECT id, c FROM sbtest%d WHERE id BETWEEN 6371020 AND 6371120
for range-notcovered
table 1 : explain SELECT id, c FROM sbtest1 WHERE id BETWEEN 2246494 AND 2246594
	Index Scan using sbtest1_pkey on sbtest1  (cost=0.43..389.10 rows=98 width=125)
	  Index Cond: ((id >= 2246494) AND (id <= 2246594))

table 2 : explain SELECT id, c FROM sbtest2 WHERE id BETWEEN 2246494 AND 2246594
	Index Scan using sbtest2_pkey on sbtest2  (cost=0.43..450.65 rows=114 width=125)
	  Index Cond: ((id >= 2246494) AND (id <= 2246594))

table 3 : explain SELECT id, c FROM sbtest3 WHERE id BETWEEN 2246494 AND 2246594
	Index Scan using sbtest3_pkey on sbtest3  (cost=0.43..381.41 rows=96 width=125)
	  Index Cond: ((id >= 2246494) AND (id <= 2246594))

table 4 : explain SELECT id, c FROM sbtest4 WHERE id BETWEEN 2246494 AND 2246594
	Index Scan using sbtest4_pkey on sbtest4  (cost=0.43..368.03 rows=93 width=125)
	  Index Cond: ((id >= 2246494) AND (id <= 2246594))

table 5 : explain SELECT id, c FROM sbtest5 WHERE id BETWEEN 2246494 AND 2246594
	Index Scan using sbtest5_pkey on sbtest5  (cost=0.43..388.19 rows=98 width=125)
	  Index Cond: ((id >= 2246494) AND (id <= 2246594))

table 6 : explain SELECT id, c FROM sbtest6 WHERE id BETWEEN 2246494 AND 2246594
	Index Scan using sbtest6_pkey on sbtest6  (cost=0.43..404.67 rows=102 width=125)
	  Index Cond: ((id >= 2246494) AND (id <= 2246594))

table 7 : explain SELECT id, c FROM sbtest7 WHERE id BETWEEN 2246494 AND 2246594
	Index Scan using sbtest7_pkey on sbtest7  (cost=0.43..392.06 rows=99 width=125)
	  Index Cond: ((id >= 2246494) AND (id <= 2246594))

table 8 : explain SELECT id, c FROM sbtest8 WHERE id BETWEEN 2246494 AND 2246594
	Index Scan using sbtest8_pkey on sbtest8  (cost=0.43..415.76 rows=105 width=125)
	  Index Cond: ((id >= 2246494) AND (id <= 2246594))

explain: for range-notcovered :: explain SELECT id, c FROM sbtest%d WHERE id BETWEEN 2246494 AND 2246594
for range-notcovered
table 1 : explain SELECT id, c FROM sbtest1 WHERE id BETWEEN 2386042 AND 2386142
	Index Scan using sbtest1_pkey on sbtest1  (cost=0.43..400.87 rows=101 width=125)
	  Index Cond: ((id >= 2386042) AND (id <= 2386142))

table 2 : explain SELECT id, c FROM sbtest2 WHERE id BETWEEN 2386042 AND 2386142
	Index Scan using sbtest2_pkey on sbtest2  (cost=0.43..360.63 rows=91 width=125)
	  Index Cond: ((id >= 2386042) AND (id <= 2386142))

table 3 : explain SELECT id, c FROM sbtest3 WHERE id BETWEEN 2386042 AND 2386142
	Index Scan using sbtest3_pkey on sbtest3  (cost=0.43..397.14 rows=100 width=125)
	  Index Cond: ((id >= 2386042) AND (id <= 2386142))

table 4 : explain SELECT id, c FROM sbtest4 WHERE id BETWEEN 2386042 AND 2386142
	Index Scan using sbtest4_pkey on sbtest4  (cost=0.43..411.04 rows=104 width=125)
	  Index Cond: ((id >= 2386042) AND (id <= 2386142))

table 5 : explain SELECT id, c FROM sbtest5 WHERE id BETWEEN 2386042 AND 2386142
	Index Scan using sbtest5_pkey on sbtest5  (cost=0.43..380.36 rows=96 width=125)
	  Index Cond: ((id >= 2386042) AND (id <= 2386142))

table 6 : explain SELECT id, c FROM sbtest6 WHERE id BETWEEN 2386042 AND 2386142
	Index Scan using sbtest6_pkey on sbtest6  (cost=0.43..392.91 rows=99 width=125)
	  Index Cond: ((id >= 2386042) AND (id <= 2386142))

table 7 : explain SELECT id, c FROM sbtest7 WHERE id BETWEEN 2386042 AND 2386142
	Index Scan using sbtest7_pkey on sbtest7  (cost=0.43..427.28 rows=108 width=125)
	  Index Cond: ((id >= 2386042) AND (id <= 2386142))

table 8 : explain SELECT id, c FROM sbtest8 WHERE id BETWEEN 2386042 AND 2386142
	Index Scan using sbtest8_pkey on sbtest8  (cost=0.43..400.09 rows=101 width=125)
	  Index Cond: ((id >= 2386042) AND (id <= 2386142))

explain: for range-notcovered :: explain SELECT id, c FROM sbtest%d WHERE id BETWEEN 6313578 AND 6313678
for range-notcovered
table 1 : explain SELECT id, c FROM sbtest1 WHERE id BETWEEN 4493004 AND 4493104
	Index Scan using sbtest1_pkey on sbtest1  (cost=0.43..389.10 rows=98 width=125)
	  Index Cond: ((id >= 4493004) AND (id <= 4493104))

table 2 : explain SELECT id, c FROM sbtest2 WHERE id BETWEEN 4493004 AND 4493104
	Index Scan using sbtest2_pkey on sbtest2  (cost=0.43..388.02 rows=98 width=125)
	  Index Cond: ((id >= 4493004) AND (id <= 4493104))

table 3 : explain SELECT id, c FROM sbtest3 WHERE id BETWEEN 4493004 AND 4493104
	Index Scan using sbtest3_pkey on sbtest3  (cost=0.43..401.06 rows=101 width=125)
	  Index Cond: ((id >= 4493004) AND (id <= 4493104))

table 4 : explain SELECT id, c FROM sbtest4 WHERE id BETWEEN 4493004 AND 4493104
	Index Scan using sbtest4_pkey on sbtest4  (cost=0.43..422.76 rows=107 width=125)
	  Index Cond: ((id >= 4493004) AND (id <= 4493104))

table 5 : explain SELECT id, c FROM sbtest5 WHERE id BETWEEN 4493004 AND 4493104
	Index Scan using sbtest5_pkey on sbtest5  (cost=0.43..403.84 rows=102 width=125)
	  Index Cond: ((id >= 4493004) AND (id <= 4493104))

table 6 : explain SELECT id, c FROM sbtest6 WHERE id BETWEEN 4493004 AND 4493104
	Index Scan using sbtest6_pkey on sbtest6  (cost=0.43..392.91 rows=99 width=125)
	  Index Cond: ((id >= 4493004) AND (id <= 4493104))

table 7 : explain SELECT id, c FROM sbtest7 WHERE id BETWEEN 4493004 AND 4493104
	Index Scan using sbtest7_pkey on sbtest7  (cost=0.43..399.89 rows=101 width=125)
	  Index Cond: ((id >= 4493004) AND (id <= 4493104))

table 8 : explain SELECT id, c FROM sbtest8 WHERE id BETWEEN 4493004 AND 4493104
	Index Scan using sbtest8_pkey on sbtest8  (cost=0.43..404.01 rows=102 width=125)
	  Index Cond: ((id >= 4493004) AND (id <= 4493104))

for range-notcovered
table 1 : explain SELECT id, c FROM sbtest1 WHERE id BETWEEN 2157161 AND 2157261
	Index Scan using sbtest1_pkey on sbtest1  (cost=0.43..447.96 rows=113 width=125)
	  Index Cond: ((id >= 2157161) AND (id <= 2157261))

table 2 : explain SELECT id, c FROM sbtest2 WHERE id BETWEEN 2157161 AND 2157261
	Index Scan using sbtest2_pkey on sbtest2  (cost=0.43..419.35 rows=106 width=125)
	  Index Cond: ((id >= 2157161) AND (id <= 2157261))

table 3 : explain SELECT id, c FROM sbtest3 WHERE id BETWEEN 2157161 AND 2157261
	Index Scan using sbtest3_pkey on sbtest3  (cost=0.43..397.14 rows=100 width=125)
	  Index Cond: ((id >= 2157161) AND (id <= 2157261))

table 4 : explain SELECT id, c FROM sbtest4 WHERE id BETWEEN 2157161 AND 2157261
	Index Scan using sbtest4_pkey on sbtest4  (cost=0.43..371.93 rows=94 width=125)
	  Index Cond: ((id >= 2157161) AND (id <= 2157261))

table 5 : explain SELECT id, c FROM sbtest5 WHERE id BETWEEN 2157161 AND 2157261
	Index Scan using sbtest5_pkey on sbtest5  (cost=0.43..407.76 rows=103 width=125)
	  Index Cond: ((id >= 2157161) AND (id <= 2157261))

table 6 : explain SELECT id, c FROM sbtest6 WHERE id BETWEEN 2157161 AND 2157261
	Index Scan using sbtest6_pkey on sbtest6  (cost=0.43..365.43 rows=92 width=125)
	  Index Cond: ((id >= 2157161) AND (id <= 2157261))

table 7 : explain SELECT id, c FROM sbtest7 WHERE id BETWEEN 2157161 AND 2157261
	Index Scan using sbtest7_pkey on sbtest7  (cost=0.43..368.55 rows=93 width=125)
	  Index Cond: ((id >= 2157161) AND (id <= 2157261))

table 8 : explain SELECT id, c FROM sbtest8 WHERE id BETWEEN 2157161 AND 2157261
	Index Scan using sbtest8_pkey on sbtest8  (cost=0.43..423.59 rows=107 width=125)
	  Index Cond: ((id >= 2157161) AND (id <= 2157261))

for range-notcovered
table 1 : explain SELECT id, c FROM sbtest1 WHERE id BETWEEN 6371020 AND 6371120
	Index Scan using sbtest1_pkey on sbtest1  (cost=0.43..444.03 rows=112 width=125)
	  Index Cond: ((id >= 6371020) AND (id <= 6371120))

table 2 : explain SELECT id, c FROM sbtest2 WHERE id BETWEEN 6371020 AND 6371120
	Index Scan using sbtest2_pkey on sbtest2  (cost=0.43..388.02 rows=98 width=125)
	  Index Cond: ((id >= 6371020) AND (id <= 6371120))

table 3 : explain SELECT id, c FROM sbtest3 WHERE id BETWEEN 6371020 AND 6371120
	Index Scan using sbtest3_pkey on sbtest3  (cost=0.43..436.39 rows=110 width=125)
	  Index Cond: ((id >= 6371020) AND (id <= 6371120))

table 4 : explain SELECT id, c FROM sbtest4 WHERE id BETWEEN 6371020 AND 6371120
	Index Scan using sbtest4_pkey on sbtest4  (cost=0.43..422.76 rows=107 width=125)
	  Index Cond: ((id >= 6371020) AND (id <= 6371120))

table 5 : explain SELECT id, c FROM sbtest5 WHERE id BETWEEN 6371020 AND 6371120
	Index Scan using sbtest5_pkey on sbtest5  (cost=0.43..396.01 rows=100 width=125)
	  Index Cond: ((id >= 6371020) AND (id <= 6371120))

table 6 : explain SELECT id, c FROM sbtest6 WHERE id BETWEEN 6371020 AND 6371120
	Index Scan using sbtest6_pkey on sbtest6  (cost=0.43..388.98 rows=98 width=125)
	  Index Cond: ((id >= 6371020) AND (id <= 6371120))

table 7 : explain SELECT id, c FROM sbtest7 WHERE id BETWEEN 6371020 AND 6371120
	Index Scan using sbtest7_pkey on sbtest7  (cost=0.43..403.80 rows=102 width=125)
	  Index Cond: ((id >= 6371020) AND (id <= 6371120))

table 8 : explain SELECT id, c FROM sbtest8 WHERE id BETWEEN 6371020 AND 6371120
	Index Scan using sbtest8_pkey on sbtest8  (cost=0.43..439.25 rows=111 width=125)
	  Index Cond: ((id >= 6371020) AND (id <= 6371120))

explain: for range-notcovered :: explain SELECT id, c FROM sbtest%d WHERE id BETWEEN 2157161 AND 2157261
explain: for range-notcovered :: explain SELECT id, c FROM sbtest%d WHERE id BETWEEN 6371020 AND 6371120
for range-notcovered
table 1 : explain SELECT id, c FROM sbtest1 WHERE id BETWEEN 6256310 AND 6256410
	Index Scan using sbtest1_pkey on sbtest1  (cost=0.43..381.26 rows=96 width=125)
	  Index Cond: ((id >= 6256310) AND (id <= 6256410))

table 2 : explain SELECT id, c FROM sbtest2 WHERE id BETWEEN 6256310 AND 6256410
	Index Scan using sbtest2_pkey on sbtest2  (cost=0.43..384.11 rows=97 width=125)
	  Index Cond: ((id >= 6256310) AND (id <= 6256410))

table 3 : explain SELECT id, c FROM sbtest3 WHERE id BETWEEN 6256310 AND 6256410
	Index Scan using sbtest3_pkey on sbtest3  (cost=0.43..397.14 rows=100 width=125)
	  Index Cond: ((id >= 6256310) AND (id <= 6256410))

table 4 : explain SELECT id, c FROM sbtest4 WHERE id BETWEEN 6256310 AND 6256410
	Index Scan using sbtest4_pkey on sbtest4  (cost=0.43..364.12 rows=92 width=125)
	  Index Cond: ((id >= 6256310) AND (id <= 6256410))

table 5 : explain SELECT id, c FROM sbtest5 WHERE id BETWEEN 6256310 AND 6256410
	Index Scan using sbtest5_pkey on sbtest5  (cost=0.43..419.50 rows=106 width=125)
	  Index Cond: ((id >= 6256310) AND (id <= 6256410))

table 6 : explain SELECT id, c FROM sbtest6 WHERE id BETWEEN 6256310 AND 6256410
	Index Scan using sbtest6_pkey on sbtest6  (cost=0.43..412.52 rows=104 width=125)
	  Index Cond: ((id >= 6256310) AND (id <= 6256410))

table 7 : explain SELECT id, c FROM sbtest7 WHERE id BETWEEN 6256310 AND 6256410
	Index Scan using sbtest7_pkey on sbtest7  (cost=0.43..403.80 rows=102 width=125)
	  Index Cond: ((id >= 6256310) AND (id <= 6256410))

table 8 : explain SELECT id, c FROM sbtest8 WHERE id BETWEEN 6256310 AND 6256410
	Index Scan using sbtest8_pkey on sbtest8  (cost=0.43..388.35 rows=98 width=125)
	  Index Cond: ((id >= 6256310) AND (id <= 6256410))

explain: for range-notcovered :: explain SELECT id, c FROM sbtest%d WHERE id BETWEEN 6256310 AND 6256410
for range-notcovered
table 1 : explain SELECT id, c FROM sbtest1 WHERE id BETWEEN 6371020 AND 6371120
	Index Scan using sbtest1_pkey on sbtest1  (cost=0.43..444.03 rows=112 width=125)
	  Index Cond: ((id >= 6371020) AND (id <= 6371120))

table 2 : explain SELECT id, c FROM sbtest2 WHERE id BETWEEN 6371020 AND 6371120
	Index Scan using sbtest2_pkey on sbtest2  (cost=0.43..388.02 rows=98 width=125)
	  Index Cond: ((id >= 6371020) AND (id <= 6371120))

table 3 : explain SELECT id, c FROM sbtest3 WHERE id BETWEEN 6371020 AND 6371120
	Index Scan using sbtest3_pkey on sbtest3  (cost=0.43..436.39 rows=110 width=125)
	  Index Cond: ((id >= 6371020) AND (id <= 6371120))

table 4 : explain SELECT id, c FROM sbtest4 WHERE id BETWEEN 6371020 AND 6371120
	Index Scan using sbtest4_pkey on sbtest4  (cost=0.43..422.76 rows=107 width=125)
	  Index Cond: ((id >= 6371020) AND (id <= 6371120))

table 5 : explain SELECT id, c FROM sbtest5 WHERE id BETWEEN 6371020 AND 6371120
	Index Scan using sbtest5_pkey on sbtest5  (cost=0.43..396.01 rows=100 width=125)
	  Index Cond: ((id >= 6371020) AND (id <= 6371120))

table 6 : explain SELECT id, c FROM sbtest6 WHERE id BETWEEN 6371020 AND 6371120
	Index Scan using sbtest6_pkey on sbtest6  (cost=0.43..388.98 rows=98 width=125)
	  Index Cond: ((id >= 6371020) AND (id <= 6371120))

table 7 : explain SELECT id, c FROM sbtest7 WHERE id BETWEEN 6371020 AND 6371120
	Index Scan using sbtest7_pkey on sbtest7  (cost=0.43..403.80 rows=102 width=125)
	  Index Cond: ((id >= 6371020) AND (id <= 6371120))

table 8 : explain SELECT id, c FROM sbtest8 WHERE id BETWEEN 6371020 AND 6371120
	Index Scan using sbtest8_pkey on sbtest8  (cost=0.43..439.25 rows=111 width=125)
	  Index Cond: ((id >= 6371020) AND (id <= 6371120))

for range-notcovered
table 1 : explain SELECT id, c FROM sbtest1 WHERE id BETWEEN 2157161 AND 2157261
	Index Scan using sbtest1_pkey on sbtest1  (cost=0.43..447.96 rows=113 width=125)
	  Index Cond: ((id >= 2157161) AND (id <= 2157261))

table 2 : explain SELECT id, c FROM sbtest2 WHERE id BETWEEN 2157161 AND 2157261
	Index Scan using sbtest2_pkey on sbtest2  (cost=0.43..419.35 rows=106 width=125)
	  Index Cond: ((id >= 2157161) AND (id <= 2157261))

table 3 : explain SELECT id, c FROM sbtest3 WHERE id BETWEEN 2157161 AND 2157261
	Index Scan using sbtest3_pkey on sbtest3  (cost=0.43..397.14 rows=100 width=125)
	  Index Cond: ((id >= 2157161) AND (id <= 2157261))

table 4 : explain SELECT id, c FROM sbtest4 WHERE id BETWEEN 2157161 AND 2157261
	Index Scan using sbtest4_pkey on sbtest4  (cost=0.43..371.93 rows=94 width=125)
	  Index Cond: ((id >= 2157161) AND (id <= 2157261))

table 5 : explain SELECT id, c FROM sbtest5 WHERE id BETWEEN 2157161 AND 2157261
	Index Scan using sbtest5_pkey on sbtest5  (cost=0.43..407.76 rows=103 width=125)
	  Index Cond: ((id >= 2157161) AND (id <= 2157261))

table 6 : explain SELECT id, c FROM sbtest6 WHERE id BETWEEN 2157161 AND 2157261
	Index Scan using sbtest6_pkey on sbtest6  (cost=0.43..365.43 rows=92 width=125)
	  Index Cond: ((id >= 2157161) AND (id <= 2157261))

table 7 : explain SELECT id, c FROM sbtest7 WHERE id BETWEEN 2157161 AND 2157261
	Index Scan using sbtest7_pkey on sbtest7  (cost=0.43..368.55 rows=93 width=125)
	  Index Cond: ((id >= 2157161) AND (id <= 2157261))

table 8 : explain SELECT id, c FROM sbtest8 WHERE id BETWEEN 2157161 AND 2157261
	Index Scan using sbtest8_pkey on sbtest8  (cost=0.43..423.59 rows=107 width=125)
	  Index Cond: ((id >= 2157161) AND (id <= 2157261))

explain: for range-notcovered :: explain SELECT id, c FROM sbtest%d WHERE id BETWEEN 6371020 AND 6371120
explain: for range-notcovered :: explain SELECT id, c FROM sbtest%d WHERE id BETWEEN 2157161 AND 2157261
for range-notcovered
table 1 : explain SELECT id, c FROM sbtest1 WHERE id BETWEEN 2246494 AND 2246594
	Index Scan using sbtest1_pkey on sbtest1  (cost=0.43..389.10 rows=98 width=125)
	  Index Cond: ((id >= 2246494) AND (id <= 2246594))

table 2 : explain SELECT id, c FROM sbtest2 WHERE id BETWEEN 2246494 AND 2246594
	Index Scan using sbtest2_pkey on sbtest2  (cost=0.43..450.65 rows=114 width=125)
	  Index Cond: ((id >= 2246494) AND (id <= 2246594))

table 3 : explain SELECT id, c FROM sbtest3 WHERE id BETWEEN 2246494 AND 2246594
	Index Scan using sbtest3_pkey on sbtest3  (cost=0.43..381.41 rows=96 width=125)
	  Index Cond: ((id >= 2246494) AND (id <= 2246594))

table 4 : explain SELECT id, c FROM sbtest4 WHERE id BETWEEN 2246494 AND 2246594
	Index Scan using sbtest4_pkey on sbtest4  (cost=0.43..368.03 rows=93 width=125)
	  Index Cond: ((id >= 2246494) AND (id <= 2246594))

table 5 : explain SELECT id, c FROM sbtest5 WHERE id BETWEEN 2246494 AND 2246594
	Index Scan using sbtest5_pkey on sbtest5  (cost=0.43..388.19 rows=98 width=125)
	  Index Cond: ((id >= 2246494) AND (id <= 2246594))

table 6 : explain SELECT id, c FROM sbtest6 WHERE id BETWEEN 2246494 AND 2246594
	Index Scan using sbtest6_pkey on sbtest6  (cost=0.43..404.67 rows=102 width=125)
	  Index Cond: ((id >= 2246494) AND (id <= 2246594))

table 7 : explain SELECT id, c FROM sbtest7 WHERE id BETWEEN 2246494 AND 2246594
	Index Scan using sbtest7_pkey on sbtest7  (cost=0.43..392.06 rows=99 width=125)
	  Index Cond: ((id >= 2246494) AND (id <= 2246594))

table 8 : explain SELECT id, c FROM sbtest8 WHERE id BETWEEN 2246494 AND 2246594
	Index Scan using sbtest8_pkey on sbtest8  (cost=0.43..415.76 rows=105 width=125)
	  Index Cond: ((id >= 2246494) AND (id <= 2246594))

explain: for range-notcovered :: explain SELECT id, c FROM sbtest%d WHERE id BETWEEN 2246494 AND 2246594
for range-notcovered
table 1 : explain SELECT id, c FROM sbtest1 WHERE id BETWEEN 6371020 AND 6371120
	Index Scan using sbtest1_pkey on sbtest1  (cost=0.43..444.03 rows=112 width=125)
	  Index Cond: ((id >= 6371020) AND (id <= 6371120))

table 2 : explain SELECT id, c FROM sbtest2 WHERE id BETWEEN 6371020 AND 6371120
	Index Scan using sbtest2_pkey on sbtest2  (cost=0.43..388.02 rows=98 width=125)
	  Index Cond: ((id >= 6371020) AND (id <= 6371120))

table 3 : explain SELECT id, c FROM sbtest3 WHERE id BETWEEN 6371020 AND 6371120
	Index Scan using sbtest3_pkey on sbtest3  (cost=0.43..436.39 rows=110 width=125)
	  Index Cond: ((id >= 6371020) AND (id <= 6371120))

table 4 : explain SELECT id, c FROM sbtest4 WHERE id BETWEEN 6371020 AND 6371120
	Index Scan using sbtest4_pkey on sbtest4  (cost=0.43..422.76 rows=107 width=125)
	  Index Cond: ((id >= 6371020) AND (id <= 6371120))

table 5 : explain SELECT id, c FROM sbtest5 WHERE id BETWEEN 6371020 AND 6371120
	Index Scan using sbtest5_pkey on sbtest5  (cost=0.43..396.01 rows=100 width=125)
	  Index Cond: ((id >= 6371020) AND (id <= 6371120))

table 6 : explain SELECT id, c FROM sbtest6 WHERE id BETWEEN 6371020 AND 6371120
	Index Scan using sbtest6_pkey on sbtest6  (cost=0.43..388.98 rows=98 width=125)
	  Index Cond: ((id >= 6371020) AND (id <= 6371120))

table 7 : explain SELECT id, c FROM sbtest7 WHERE id BETWEEN 6371020 AND 6371120
	Index Scan using sbtest7_pkey on sbtest7  (cost=0.43..403.80 rows=102 width=125)
	  Index Cond: ((id >= 6371020) AND (id <= 6371120))

table 8 : explain SELECT id, c FROM sbtest8 WHERE id BETWEEN 6371020 AND 6371120
	Index Scan using sbtest8_pkey on sbtest8  (cost=0.43..439.25 rows=111 width=125)
	  Index Cond: ((id >= 6371020) AND (id <= 6371120))

for range-notcovered
table 1 : explain SELECT id, c FROM sbtest1 WHERE id BETWEEN 6256310 AND 6256410
	Index Scan using sbtest1_pkey on sbtest1  (cost=0.43..381.26 rows=96 width=125)
	  Index Cond: ((id >= 6256310) AND (id <= 6256410))

table 2 : explain SELECT id, c FROM sbtest2 WHERE id BETWEEN 6256310 AND 6256410
	Index Scan using sbtest2_pkey on sbtest2  (cost=0.43..384.11 rows=97 width=125)
	  Index Cond: ((id >= 6256310) AND (id <= 6256410))

table 3 : explain SELECT id, c FROM sbtest3 WHERE id BETWEEN 6256310 AND 6256410
	Index Scan using sbtest3_pkey on sbtest3  (cost=0.43..397.14 rows=100 width=125)
	  Index Cond: ((id >= 6256310) AND (id <= 6256410))

table 4 : explain SELECT id, c FROM sbtest4 WHERE id BETWEEN 6256310 AND 6256410
	Index Scan using sbtest4_pkey on sbtest4  (cost=0.43..364.12 rows=92 width=125)
	  Index Cond: ((id >= 6256310) AND (id <= 6256410))

table 5 : explain SELECT id, c FROM sbtest5 WHERE id BETWEEN 6256310 AND 6256410
	Index Scan using sbtest5_pkey on sbtest5  (cost=0.43..419.50 rows=106 width=125)
	  Index Cond: ((id >= 6256310) AND (id <= 6256410))

table 6 : explain SELECT id, c FROM sbtest6 WHERE id BETWEEN 6256310 AND 6256410
	Index Scan using sbtest6_pkey on sbtest6  (cost=0.43..412.52 rows=104 width=125)
	  Index Cond: ((id >= 6256310) AND (id <= 6256410))

table 7 : explain SELECT id, c FROM sbtest7 WHERE id BETWEEN 6256310 AND 6256410
	Index Scan using sbtest7_pkey on sbtest7  (cost=0.43..403.80 rows=102 width=125)
	  Index Cond: ((id >= 6256310) AND (id <= 6256410))

table 8 : explain SELECT id, c FROM sbtest8 WHERE id BETWEEN 6256310 AND 6256410
	Index Scan using sbtest8_pkey on sbtest8  (cost=0.43..388.35 rows=98 width=125)
	  Index Cond: ((id >= 6256310) AND (id <= 6256410))

for range-notcovered
table 1 : explain SELECT id, c FROM sbtest1 WHERE id BETWEEN 2157161 AND 2157261
	Index Scan using sbtest1_pkey on sbtest1  (cost=0.43..447.96 rows=113 width=125)
	  Index Cond: ((id >= 2157161) AND (id <= 2157261))

table 2 : explain SELECT id, c FROM sbtest2 WHERE id BETWEEN 2157161 AND 2157261
	Index Scan using sbtest2_pkey on sbtest2  (cost=0.43..419.35 rows=106 width=125)
	  Index Cond: ((id >= 2157161) AND (id <= 2157261))

table 3 : explain SELECT id, c FROM sbtest3 WHERE id BETWEEN 2157161 AND 2157261
	Index Scan using sbtest3_pkey on sbtest3  (cost=0.43..397.14 rows=100 width=125)
	  Index Cond: ((id >= 2157161) AND (id <= 2157261))

table 4 : explain SELECT id, c FROM sbtest4 WHERE id BETWEEN 2157161 AND 2157261
	Index Scan using sbtest4_pkey on sbtest4  (cost=0.43..371.93 rows=94 width=125)
	  Index Cond: ((id >= 2157161) AND (id <= 2157261))

table 5 : explain SELECT id, c FROM sbtest5 WHERE id BETWEEN 2157161 AND 2157261
	Index Scan using sbtest5_pkey on sbtest5  (cost=0.43..407.76 rows=103 width=125)
	  Index Cond: ((id >= 2157161) AND (id <= 2157261))

table 6 : explain SELECT id, c FROM sbtest6 WHERE id BETWEEN 2157161 AND 2157261
	Index Scan using sbtest6_pkey on sbtest6  (cost=0.43..365.43 rows=92 width=125)
	  Index Cond: ((id >= 2157161) AND (id <= 2157261))

table 7 : explain SELECT id, c FROM sbtest7 WHERE id BETWEEN 2157161 AND 2157261
	Index Scan using sbtest7_pkey on sbtest7  (cost=0.43..368.55 rows=93 width=125)
	  Index Cond: ((id >= 2157161) AND (id <= 2157261))

table 8 : explain SELECT id, c FROM sbtest8 WHERE id BETWEEN 2157161 AND 2157261
	Index Scan using sbtest8_pkey on sbtest8  (cost=0.43..423.59 rows=107 width=125)
	  Index Cond: ((id >= 2157161) AND (id <= 2157261))

explain: for range-notcovered :: explain SELECT id, c FROM sbtest%d WHERE id BETWEEN 6371020 AND 6371120
for range-notcovered
table 1 : explain SELECT id, c FROM sbtest1 WHERE id BETWEEN 9485254 AND 9485354
	Index Scan using sbtest1_pkey on sbtest1  (cost=0.43..381.26 rows=96 width=125)
	  Index Cond: ((id >= 9485254) AND (id <= 9485354))

table 2 : explain SELECT id, c FROM sbtest2 WHERE id BETWEEN 9485254 AND 9485354
	Index Scan using sbtest2_pkey on sbtest2  (cost=0.43..411.52 rows=104 width=125)
	  Index Cond: ((id >= 9485254) AND (id <= 9485354))

table 3 : explain SELECT id, c FROM sbtest3 WHERE id BETWEEN 9485254 AND 9485354
	Index Scan using sbtest3_pkey on sbtest3  (cost=0.43..412.84 rows=104 width=125)
	  Index Cond: ((id >= 9485254) AND (id <= 9485354))

table 4 : explain SELECT id, c FROM sbtest4 WHERE id BETWEEN 9485254 AND 9485354
	Index Scan using sbtest4_pkey on sbtest4  (cost=0.43..364.12 rows=92 width=125)
	  Index Cond: ((id >= 9485254) AND (id <= 9485354))

table 5 : explain SELECT id, c FROM sbtest5 WHERE id BETWEEN 9485254 AND 9485354
	Index Scan using sbtest5_pkey on sbtest5  (cost=0.43..360.76 rows=91 width=125)
	  Index Cond: ((id >= 9485254) AND (id <= 9485354))

table 6 : explain SELECT id, c FROM sbtest6 WHERE id BETWEEN 9485254 AND 9485354
	Index Scan using sbtest6_pkey on sbtest6  (cost=0.43..388.98 rows=98 width=125)
	  Index Cond: ((id >= 9485254) AND (id <= 9485354))

table 7 : explain SELECT id, c FROM sbtest7 WHERE id BETWEEN 9485254 AND 9485354
	Index Scan using sbtest7_pkey on sbtest7  (cost=0.43..399.89 rows=101 width=125)
	  Index Cond: ((id >= 9485254) AND (id <= 9485354))

table 8 : explain SELECT id, c FROM sbtest8 WHERE id BETWEEN 9485254 AND 9485354
	Index Scan using sbtest8_pkey on sbtest8  (cost=0.43..435.33 rows=110 width=125)
	  Index Cond: ((id >= 9485254) AND (id <= 9485354))

explain: for range-notcovered :: explain SELECT id, c FROM sbtest%d WHERE id BETWEEN 6256310 AND 6256410
explain: for range-notcovered :: explain SELECT id, c FROM sbtest%d WHERE id BETWEEN 2157161 AND 2157261
explain: for range-notcovered :: explain SELECT id, c FROM sbtest%d WHERE id BETWEEN 9485254 AND 9485354
for range-notcovered
table 1 : explain SELECT id, c FROM sbtest1 WHERE id BETWEEN 2157161 AND 2157261
	Index Scan using sbtest1_pkey on sbtest1  (cost=0.43..447.96 rows=113 width=125)
	  Index Cond: ((id >= 2157161) AND (id <= 2157261))

table 2 : explain SELECT id, c FROM sbtest2 WHERE id BETWEEN 2157161 AND 2157261
	Index Scan using sbtest2_pkey on sbtest2  (cost=0.43..419.35 rows=106 width=125)
	  Index Cond: ((id >= 2157161) AND (id <= 2157261))

table 3 : explain SELECT id, c FROM sbtest3 WHERE id BETWEEN 2157161 AND 2157261
	Index Scan using sbtest3_pkey on sbtest3  (cost=0.43..397.14 rows=100 width=125)
	  Index Cond: ((id >= 2157161) AND (id <= 2157261))

table 4 : explain SELECT id, c FROM sbtest4 WHERE id BETWEEN 2157161 AND 2157261
	Index Scan using sbtest4_pkey on sbtest4  (cost=0.43..371.93 rows=94 width=125)
	  Index Cond: ((id >= 2157161) AND (id <= 2157261))

table 5 : explain SELECT id, c FROM sbtest5 WHERE id BETWEEN 2157161 AND 2157261
	Index Scan using sbtest5_pkey on sbtest5  (cost=0.43..407.76 rows=103 width=125)
	  Index Cond: ((id >= 2157161) AND (id <= 2157261))

table 6 : explain SELECT id, c FROM sbtest6 WHERE id BETWEEN 2157161 AND 2157261
	Index Scan using sbtest6_pkey on sbtest6  (cost=0.43..365.43 rows=92 width=125)
	  Index Cond: ((id >= 2157161) AND (id <= 2157261))

table 7 : explain SELECT id, c FROM sbtest7 WHERE id BETWEEN 2157161 AND 2157261
	Index Scan using sbtest7_pkey on sbtest7  (cost=0.43..368.55 rows=93 width=125)
	  Index Cond: ((id >= 2157161) AND (id <= 2157261))

table 8 : explain SELECT id, c FROM sbtest8 WHERE id BETWEEN 2157161 AND 2157261
	Index Scan using sbtest8_pkey on sbtest8  (cost=0.43..423.59 rows=107 width=125)
	  Index Cond: ((id >= 2157161) AND (id <= 2157261))

for range-notcovered
table 1 : explain SELECT id, c FROM sbtest1 WHERE id BETWEEN 6371020 AND 6371120
	Index Scan using sbtest1_pkey on sbtest1  (cost=0.43..444.03 rows=112 width=125)
	  Index Cond: ((id >= 6371020) AND (id <= 6371120))

table 2 : explain SELECT id, c FROM sbtest2 WHERE id BETWEEN 6371020 AND 6371120
	Index Scan using sbtest2_pkey on sbtest2  (cost=0.43..388.02 rows=98 width=125)
	  Index Cond: ((id >= 6371020) AND (id <= 6371120))

table 3 : explain SELECT id, c FROM sbtest3 WHERE id BETWEEN 6371020 AND 6371120
	Index Scan using sbtest3_pkey on sbtest3  (cost=0.43..436.39 rows=110 width=125)
	  Index Cond: ((id >= 6371020) AND (id <= 6371120))

table 4 : explain SELECT id, c FROM sbtest4 WHERE id BETWEEN 6371020 AND 6371120
	Index Scan using sbtest4_pkey on sbtest4  (cost=0.43..422.76 rows=107 width=125)
	  Index Cond: ((id >= 6371020) AND (id <= 6371120))

table 5 : explain SELECT id, c FROM sbtest5 WHERE id BETWEEN 6371020 AND 6371120
	Index Scan using sbtest5_pkey on sbtest5  (cost=0.43..396.01 rows=100 width=125)
	  Index Cond: ((id >= 6371020) AND (id <= 6371120))

table 6 : explain SELECT id, c FROM sbtest6 WHERE id BETWEEN 6371020 AND 6371120
	Index Scan using sbtest6_pkey on sbtest6  (cost=0.43..388.98 rows=98 width=125)
	  Index Cond: ((id >= 6371020) AND (id <= 6371120))

table 7 : explain SELECT id, c FROM sbtest7 WHERE id BETWEEN 6371020 AND 6371120
	Index Scan using sbtest7_pkey on sbtest7  (cost=0.43..403.80 rows=102 width=125)
	  Index Cond: ((id >= 6371020) AND (id <= 6371120))

table 8 : explain SELECT id, c FROM sbtest8 WHERE id BETWEEN 6371020 AND 6371120
	Index Scan using sbtest8_pkey on sbtest8  (cost=0.43..439.25 rows=111 width=125)
	  Index Cond: ((id >= 6371020) AND (id <= 6371120))

explain: for range-notcovered :: explain SELECT id, c FROM sbtest%d WHERE id BETWEEN 2157161 AND 2157261
explain: for range-notcovered :: explain SELECT id, c FROM sbtest%d WHERE id BETWEEN 6371020 AND 6371120
for range-notcovered
table 1 : explain SELECT id, c FROM sbtest1 WHERE id BETWEEN 6256310 AND 6256410
	Index Scan using sbtest1_pkey on sbtest1  (cost=0.43..381.26 rows=96 width=125)
	  Index Cond: ((id >= 6256310) AND (id <= 6256410))

table 2 : explain SELECT id, c FROM sbtest2 WHERE id BETWEEN 6256310 AND 6256410
	Index Scan using sbtest2_pkey on sbtest2  (cost=0.43..384.11 rows=97 width=125)
	  Index Cond: ((id >= 6256310) AND (id <= 6256410))

table 3 : explain SELECT id, c FROM sbtest3 WHERE id BETWEEN 6256310 AND 6256410
	Index Scan using sbtest3_pkey on sbtest3  (cost=0.43..397.14 rows=100 width=125)
	  Index Cond: ((id >= 6256310) AND (id <= 6256410))

table 4 : explain SELECT id, c FROM sbtest4 WHERE id BETWEEN 6256310 AND 6256410
	Index Scan using sbtest4_pkey on sbtest4  (cost=0.43..364.12 rows=92 width=125)
	  Index Cond: ((id >= 6256310) AND (id <= 6256410))

table 5 : explain SELECT id, c FROM sbtest5 WHERE id BETWEEN 6256310 AND 6256410
	Index Scan using sbtest5_pkey on sbtest5  (cost=0.43..419.50 rows=106 width=125)
	  Index Cond: ((id >= 6256310) AND (id <= 6256410))

table 6 : explain SELECT id, c FROM sbtest6 WHERE id BETWEEN 6256310 AND 6256410
	Index Scan using sbtest6_pkey on sbtest6  (cost=0.43..412.52 rows=104 width=125)
	  Index Cond: ((id >= 6256310) AND (id <= 6256410))

table 7 : explain SELECT id, c FROM sbtest7 WHERE id BETWEEN 6256310 AND 6256410
	Index Scan using sbtest7_pkey on sbtest7  (cost=0.43..403.80 rows=102 width=125)
	  Index Cond: ((id >= 6256310) AND (id <= 6256410))

table 8 : explain SELECT id, c FROM sbtest8 WHERE id BETWEEN 6256310 AND 6256410
	Index Scan using sbtest8_pkey on sbtest8  (cost=0.43..388.35 rows=98 width=125)
	  Index Cond: ((id >= 6256310) AND (id <= 6256410))

for range-notcovered
table 1 : explain SELECT id, c FROM sbtest1 WHERE id BETWEEN 9485254 AND 9485354
	Index Scan using sbtest1_pkey on sbtest1  (cost=0.43..381.26 rows=96 width=125)
	  Index Cond: ((id >= 9485254) AND (id <= 9485354))

table 2 : explain SELECT id, c FROM sbtest2 WHERE id BETWEEN 9485254 AND 9485354
	Index Scan using sbtest2_pkey on sbtest2  (cost=0.43..411.52 rows=104 width=125)
	  Index Cond: ((id >= 9485254) AND (id <= 9485354))

table 3 : explain SELECT id, c FROM sbtest3 WHERE id BETWEEN 9485254 AND 9485354
	Index Scan using sbtest3_pkey on sbtest3  (cost=0.43..412.84 rows=104 width=125)
	  Index Cond: ((id >= 9485254) AND (id <= 9485354))

table 4 : explain SELECT id, c FROM sbtest4 WHERE id BETWEEN 9485254 AND 9485354
	Index Scan using sbtest4_pkey on sbtest4  (cost=0.43..364.12 rows=92 width=125)
	  Index Cond: ((id >= 9485254) AND (id <= 9485354))

table 5 : explain SELECT id, c FROM sbtest5 WHERE id BETWEEN 9485254 AND 9485354
	Index Scan using sbtest5_pkey on sbtest5  (cost=0.43..360.76 rows=91 width=125)
	  Index Cond: ((id >= 9485254) AND (id <= 9485354))

table 6 : explain SELECT id, c FROM sbtest6 WHERE id BETWEEN 9485254 AND 9485354
	Index Scan using sbtest6_pkey on sbtest6  (cost=0.43..388.98 rows=98 width=125)
	  Index Cond: ((id >= 9485254) AND (id <= 9485354))

table 7 : explain SELECT id, c FROM sbtest7 WHERE id BETWEEN 9485254 AND 9485354
	Index Scan using sbtest7_pkey on sbtest7  (cost=0.43..399.89 rows=101 width=125)
	  Index Cond: ((id >= 9485254) AND (id <= 9485354))

table 8 : explain SELECT id, c FROM sbtest8 WHERE id BETWEEN 9485254 AND 9485354
	Index Scan using sbtest8_pkey on sbtest8  (cost=0.43..435.33 rows=110 width=125)
	  Index Cond: ((id >= 9485254) AND (id <= 9485354))

explain: for range-notcovered :: explain SELECT id, c FROM sbtest%d WHERE id BETWEEN 6256310 AND 6256410
explain: for range-notcovered :: explain SELECT id, c FROM sbtest%d WHERE id BETWEEN 9485254 AND 9485354
explain: for range-notcovered :: explain SELECT id, c FROM sbtest%d WHERE id BETWEEN 6731455 AND 6731555
explain: for range-notcovered :: explain SELECT id, c FROM sbtest%d WHERE id BETWEEN 3078574 AND 3078674
for range-notcovered
table 1 : explain SELECT id, c FROM sbtest1 WHERE id BETWEEN 2157161 AND 2157261
	Index Scan using sbtest1_pkey on sbtest1  (cost=0.43..447.96 rows=113 width=125)
	  Index Cond: ((id >= 2157161) AND (id <= 2157261))

table 2 : explain SELECT id, c FROM sbtest2 WHERE id BETWEEN 2157161 AND 2157261
	Index Scan using sbtest2_pkey on sbtest2  (cost=0.43..419.35 rows=106 width=125)
	  Index Cond: ((id >= 2157161) AND (id <= 2157261))

table 3 : explain SELECT id, c FROM sbtest3 WHERE id BETWEEN 2157161 AND 2157261
	Index Scan using sbtest3_pkey on sbtest3  (cost=0.43..397.14 rows=100 width=125)
	  Index Cond: ((id >= 2157161) AND (id <= 2157261))

table 4 : explain SELECT id, c FROM sbtest4 WHERE id BETWEEN 2157161 AND 2157261
	Index Scan using sbtest4_pkey on sbtest4  (cost=0.43..371.93 rows=94 width=125)
	  Index Cond: ((id >= 2157161) AND (id <= 2157261))

table 5 : explain SELECT id, c FROM sbtest5 WHERE id BETWEEN 2157161 AND 2157261
	Index Scan using sbtest5_pkey on sbtest5  (cost=0.43..407.76 rows=103 width=125)
	  Index Cond: ((id >= 2157161) AND (id <= 2157261))

table 6 : explain SELECT id, c FROM sbtest6 WHERE id BETWEEN 2157161 AND 2157261
	Index Scan using sbtest6_pkey on sbtest6  (cost=0.43..365.43 rows=92 width=125)
	  Index Cond: ((id >= 2157161) AND (id <= 2157261))

table 7 : explain SELECT id, c FROM sbtest7 WHERE id BETWEEN 2157161 AND 2157261
	Index Scan using sbtest7_pkey on sbtest7  (cost=0.43..368.55 rows=93 width=125)
	  Index Cond: ((id >= 2157161) AND (id <= 2157261))

table 8 : explain SELECT id, c FROM sbtest8 WHERE id BETWEEN 2157161 AND 2157261
	Index Scan using sbtest8_pkey on sbtest8  (cost=0.43..423.59 rows=107 width=125)
	  Index Cond: ((id >= 2157161) AND (id <= 2157261))

explain: for range-notcovered :: explain SELECT id, c FROM sbtest%d WHERE id BETWEEN 2157161 AND 2157261
for range-notcovered
table 1 : explain SELECT id, c FROM sbtest1 WHERE id BETWEEN 6371020 AND 6371120
	Index Scan using sbtest1_pkey on sbtest1  (cost=0.43..444.03 rows=112 width=125)
	  Index Cond: ((id >= 6371020) AND (id <= 6371120))

table 2 : explain SELECT id, c FROM sbtest2 WHERE id BETWEEN 6371020 AND 6371120
	Index Scan using sbtest2_pkey on sbtest2  (cost=0.43..388.02 rows=98 width=125)
	  Index Cond: ((id >= 6371020) AND (id <= 6371120))

table 3 : explain SELECT id, c FROM sbtest3 WHERE id BETWEEN 6371020 AND 6371120
	Index Scan using sbtest3_pkey on sbtest3  (cost=0.43..436.39 rows=110 width=125)
	  Index Cond: ((id >= 6371020) AND (id <= 6371120))

table 4 : explain SELECT id, c FROM sbtest4 WHERE id BETWEEN 6371020 AND 6371120
	Index Scan using sbtest4_pkey on sbtest4  (cost=0.43..422.76 rows=107 width=125)
	  Index Cond: ((id >= 6371020) AND (id <= 6371120))

table 5 : explain SELECT id, c FROM sbtest5 WHERE id BETWEEN 6371020 AND 6371120
	Index Scan using sbtest5_pkey on sbtest5  (cost=0.43..396.01 rows=100 width=125)
	  Index Cond: ((id >= 6371020) AND (id <= 6371120))

table 6 : explain SELECT id, c FROM sbtest6 WHERE id BETWEEN 6371020 AND 6371120
	Index Scan using sbtest6_pkey on sbtest6  (cost=0.43..388.98 rows=98 width=125)
	  Index Cond: ((id >= 6371020) AND (id <= 6371120))

table 7 : explain SELECT id, c FROM sbtest7 WHERE id BETWEEN 6371020 AND 6371120
	Index Scan using sbtest7_pkey on sbtest7  (cost=0.43..403.80 rows=102 width=125)
	  Index Cond: ((id >= 6371020) AND (id <= 6371120))

table 8 : explain SELECT id, c FROM sbtest8 WHERE id BETWEEN 6371020 AND 6371120
	Index Scan using sbtest8_pkey on sbtest8  (cost=0.43..439.25 rows=111 width=125)
	  Index Cond: ((id >= 6371020) AND (id <= 6371120))

for range-notcovered
table 1 : explain SELECT id, c FROM sbtest1 WHERE id BETWEEN 6256310 AND 6256410
	Index Scan using sbtest1_pkey on sbtest1  (cost=0.43..381.26 rows=96 width=125)
	  Index Cond: ((id >= 6256310) AND (id <= 6256410))

table 2 : explain SELECT id, c FROM sbtest2 WHERE id BETWEEN 6256310 AND 6256410
	Index Scan using sbtest2_pkey on sbtest2  (cost=0.43..384.11 rows=97 width=125)
	  Index Cond: ((id >= 6256310) AND (id <= 6256410))

table 3 : explain SELECT id, c FROM sbtest3 WHERE id BETWEEN 6256310 AND 6256410
	Index Scan using sbtest3_pkey on sbtest3  (cost=0.43..397.14 rows=100 width=125)
	  Index Cond: ((id >= 6256310) AND (id <= 6256410))

table 4 : explain SELECT id, c FROM sbtest4 WHERE id BETWEEN 6256310 AND 6256410
	Index Scan using sbtest4_pkey on sbtest4  (cost=0.43..364.12 rows=92 width=125)
	  Index Cond: ((id >= 6256310) AND (id <= 6256410))

table 5 : explain SELECT id, c FROM sbtest5 WHERE id BETWEEN 6256310 AND 6256410
	Index Scan using sbtest5_pkey on sbtest5  (cost=0.43..419.50 rows=106 width=125)
	  Index Cond: ((id >= 6256310) AND (id <= 6256410))

table 6 : explain SELECT id, c FROM sbtest6 WHERE id BETWEEN 6256310 AND 6256410
	Index Scan using sbtest6_pkey on sbtest6  (cost=0.43..412.52 rows=104 width=125)
	  Index Cond: ((id >= 6256310) AND (id <= 6256410))

table 7 : explain SELECT id, c FROM sbtest7 WHERE id BETWEEN 6256310 AND 6256410
	Index Scan using sbtest7_pkey on sbtest7  (cost=0.43..403.80 rows=102 width=125)
	  Index Cond: ((id >= 6256310) AND (id <= 6256410))

table 8 : explain SELECT id, c FROM sbtest8 WHERE id BETWEEN 6256310 AND 6256410
	Index Scan using sbtest8_pkey on sbtest8  (cost=0.43..388.35 rows=98 width=125)
	  Index Cond: ((id >= 6256310) AND (id <= 6256410))

for range-notcovered
table 1 : explain SELECT id, c FROM sbtest1 WHERE id BETWEEN 9485254 AND 9485354
	Index Scan using sbtest1_pkey on sbtest1  (cost=0.43..381.26 rows=96 width=125)
	  Index Cond: ((id >= 9485254) AND (id <= 9485354))

table 2 : explain SELECT id, c FROM sbtest2 WHERE id BETWEEN 9485254 AND 9485354
	Index Scan using sbtest2_pkey on sbtest2  (cost=0.43..411.52 rows=104 width=125)
	  Index Cond: ((id >= 9485254) AND (id <= 9485354))

table 3 : explain SELECT id, c FROM sbtest3 WHERE id BETWEEN 9485254 AND 9485354
	Index Scan using sbtest3_pkey on sbtest3  (cost=0.43..412.84 rows=104 width=125)
	  Index Cond: ((id >= 9485254) AND (id <= 9485354))

table 4 : explain SELECT id, c FROM sbtest4 WHERE id BETWEEN 9485254 AND 9485354
	Index Scan using sbtest4_pkey on sbtest4  (cost=0.43..364.12 rows=92 width=125)
	  Index Cond: ((id >= 9485254) AND (id <= 9485354))

table 5 : explain SELECT id, c FROM sbtest5 WHERE id BETWEEN 9485254 AND 9485354
	Index Scan using sbtest5_pkey on sbtest5  (cost=0.43..360.76 rows=91 width=125)
	  Index Cond: ((id >= 9485254) AND (id <= 9485354))

table 6 : explain SELECT id, c FROM sbtest6 WHERE id BETWEEN 9485254 AND 9485354
	Index Scan using sbtest6_pkey on sbtest6  (cost=0.43..388.98 rows=98 width=125)
	  Index Cond: ((id >= 9485254) AND (id <= 9485354))

table 7 : explain SELECT id, c FROM sbtest7 WHERE id BETWEEN 9485254 AND 9485354
	Index Scan using sbtest7_pkey on sbtest7  (cost=0.43..399.89 rows=101 width=125)
	  Index Cond: ((id >= 9485254) AND (id <= 9485354))

table 8 : explain SELECT id, c FROM sbtest8 WHERE id BETWEEN 9485254 AND 9485354
	Index Scan using sbtest8_pkey on sbtest8  (cost=0.43..435.33 rows=110 width=125)
	  Index Cond: ((id >= 9485254) AND (id <= 9485354))

explain: for range-notcovered :: explain SELECT id, c FROM sbtest%d WHERE id BETWEEN 6371020 AND 6371120
explain: for range-notcovered :: explain SELECT id, c FROM sbtest%d WHERE id BETWEEN 6256310 AND 6256410
explain: for range-notcovered :: explain SELECT id, c FROM sbtest%d WHERE id BETWEEN 9485254 AND 9485354
for range-notcovered
table 1 : explain SELECT id, c FROM sbtest1 WHERE id BETWEEN 2246494 AND 2246594
	Index Scan using sbtest1_pkey on sbtest1  (cost=0.43..389.10 rows=98 width=125)
	  Index Cond: ((id >= 2246494) AND (id <= 2246594))

table 2 : explain SELECT id, c FROM sbtest2 WHERE id BETWEEN 2246494 AND 2246594
	Index Scan using sbtest2_pkey on sbtest2  (cost=0.43..450.65 rows=114 width=125)
	  Index Cond: ((id >= 2246494) AND (id <= 2246594))

table 3 : explain SELECT id, c FROM sbtest3 WHERE id BETWEEN 2246494 AND 2246594
	Index Scan using sbtest3_pkey on sbtest3  (cost=0.43..381.41 rows=96 width=125)
	  Index Cond: ((id >= 2246494) AND (id <= 2246594))

table 4 : explain SELECT id, c FROM sbtest4 WHERE id BETWEEN 2246494 AND 2246594
	Index Scan using sbtest4_pkey on sbtest4  (cost=0.43..368.03 rows=93 width=125)
	  Index Cond: ((id >= 2246494) AND (id <= 2246594))

table 5 : explain SELECT id, c FROM sbtest5 WHERE id BETWEEN 2246494 AND 2246594
	Index Scan using sbtest5_pkey on sbtest5  (cost=0.43..388.19 rows=98 width=125)
	  Index Cond: ((id >= 2246494) AND (id <= 2246594))

table 6 : explain SELECT id, c FROM sbtest6 WHERE id BETWEEN 2246494 AND 2246594
	Index Scan using sbtest6_pkey on sbtest6  (cost=0.43..404.67 rows=102 width=125)
	  Index Cond: ((id >= 2246494) AND (id <= 2246594))

table 7 : explain SELECT id, c FROM sbtest7 WHERE id BETWEEN 2246494 AND 2246594
	Index Scan using sbtest7_pkey on sbtest7  (cost=0.43..392.06 rows=99 width=125)
	  Index Cond: ((id >= 2246494) AND (id <= 2246594))

table 8 : explain SELECT id, c FROM sbtest8 WHERE id BETWEEN 2246494 AND 2246594
	Index Scan using sbtest8_pkey on sbtest8  (cost=0.43..415.76 rows=105 width=125)
	  Index Cond: ((id >= 2246494) AND (id <= 2246594))

explain: for range-notcovered :: explain SELECT id, c FROM sbtest%d WHERE id BETWEEN 2246494 AND 2246594
for range-notcovered
table 1 : explain SELECT id, c FROM sbtest1 WHERE id BETWEEN 2157161 AND 2157261
	Index Scan using sbtest1_pkey on sbtest1  (cost=0.43..447.96 rows=113 width=125)
	  Index Cond: ((id >= 2157161) AND (id <= 2157261))

table 2 : explain SELECT id, c FROM sbtest2 WHERE id BETWEEN 2157161 AND 2157261
	Index Scan using sbtest2_pkey on sbtest2  (cost=0.43..419.35 rows=106 width=125)
	  Index Cond: ((id >= 2157161) AND (id <= 2157261))

table 3 : explain SELECT id, c FROM sbtest3 WHERE id BETWEEN 2157161 AND 2157261
	Index Scan using sbtest3_pkey on sbtest3  (cost=0.43..397.14 rows=100 width=125)
	  Index Cond: ((id >= 2157161) AND (id <= 2157261))

table 4 : explain SELECT id, c FROM sbtest4 WHERE id BETWEEN 2157161 AND 2157261
	Index Scan using sbtest4_pkey on sbtest4  (cost=0.43..371.93 rows=94 width=125)
	  Index Cond: ((id >= 2157161) AND (id <= 2157261))

table 5 : explain SELECT id, c FROM sbtest5 WHERE id BETWEEN 2157161 AND 2157261
	Index Scan using sbtest5_pkey on sbtest5  (cost=0.43..407.76 rows=103 width=125)
	  Index Cond: ((id >= 2157161) AND (id <= 2157261))

table 6 : explain SELECT id, c FROM sbtest6 WHERE id BETWEEN 2157161 AND 2157261
	Index Scan using sbtest6_pkey on sbtest6  (cost=0.43..365.43 rows=92 width=125)
	  Index Cond: ((id >= 2157161) AND (id <= 2157261))

table 7 : explain SELECT id, c FROM sbtest7 WHERE id BETWEEN 2157161 AND 2157261
	Index Scan using sbtest7_pkey on sbtest7  (cost=0.43..368.55 rows=93 width=125)
	  Index Cond: ((id >= 2157161) AND (id <= 2157261))

table 8 : explain SELECT id, c FROM sbtest8 WHERE id BETWEEN 2157161 AND 2157261
	Index Scan using sbtest8_pkey on sbtest8  (cost=0.43..423.59 rows=107 width=125)
	  Index Cond: ((id >= 2157161) AND (id <= 2157261))

explain: for range-notcovered :: explain SELECT id, c FROM sbtest%d WHERE id BETWEEN 2157161 AND 2157261
for range-notcovered
table 1 : explain SELECT id, c FROM sbtest1 WHERE id BETWEEN 9485254 AND 9485354
	Index Scan using sbtest1_pkey on sbtest1  (cost=0.43..381.26 rows=96 width=125)
	  Index Cond: ((id >= 9485254) AND (id <= 9485354))

table 2 : explain SELECT id, c FROM sbtest2 WHERE id BETWEEN 9485254 AND 9485354
	Index Scan using sbtest2_pkey on sbtest2  (cost=0.43..411.52 rows=104 width=125)
	  Index Cond: ((id >= 9485254) AND (id <= 9485354))

table 3 : explain SELECT id, c FROM sbtest3 WHERE id BETWEEN 9485254 AND 9485354
	Index Scan using sbtest3_pkey on sbtest3  (cost=0.43..412.84 rows=104 width=125)
	  Index Cond: ((id >= 9485254) AND (id <= 9485354))

table 4 : explain SELECT id, c FROM sbtest4 WHERE id BETWEEN 9485254 AND 9485354
	Index Scan using sbtest4_pkey on sbtest4  (cost=0.43..364.12 rows=92 width=125)
	  Index Cond: ((id >= 9485254) AND (id <= 9485354))

table 5 : explain SELECT id, c FROM sbtest5 WHERE id BETWEEN 9485254 AND 9485354
	Index Scan using sbtest5_pkey on sbtest5  (cost=0.43..360.76 rows=91 width=125)
	  Index Cond: ((id >= 9485254) AND (id <= 9485354))

table 6 : explain SELECT id, c FROM sbtest6 WHERE id BETWEEN 9485254 AND 9485354
	Index Scan using sbtest6_pkey on sbtest6  (cost=0.43..388.98 rows=98 width=125)
	  Index Cond: ((id >= 9485254) AND (id <= 9485354))

table 7 : explain SELECT id, c FROM sbtest7 WHERE id BETWEEN 9485254 AND 9485354
	Index Scan using sbtest7_pkey on sbtest7  (cost=0.43..399.89 rows=101 width=125)
	  Index Cond: ((id >= 9485254) AND (id <= 9485354))

table 8 : explain SELECT id, c FROM sbtest8 WHERE id BETWEEN 9485254 AND 9485354
	Index Scan using sbtest8_pkey on sbtest8  (cost=0.43..435.33 rows=110 width=125)
	  Index Cond: ((id >= 9485254) AND (id <= 9485354))

for range-notcovered
table 1 : explain SELECT id, c FROM sbtest1 WHERE id BETWEEN 6256310 AND 6256410
	Index Scan using sbtest1_pkey on sbtest1  (cost=0.43..381.26 rows=96 width=125)
	  Index Cond: ((id >= 6256310) AND (id <= 6256410))

table 2 : explain SELECT id, c FROM sbtest2 WHERE id BETWEEN 6256310 AND 6256410
	Index Scan using sbtest2_pkey on sbtest2  (cost=0.43..384.11 rows=97 width=125)
	  Index Cond: ((id >= 6256310) AND (id <= 6256410))

table 3 : explain SELECT id, c FROM sbtest3 WHERE id BETWEEN 6256310 AND 6256410
	Index Scan using sbtest3_pkey on sbtest3  (cost=0.43..397.14 rows=100 width=125)
	  Index Cond: ((id >= 6256310) AND (id <= 6256410))

table 4 : explain SELECT id, c FROM sbtest4 WHERE id BETWEEN 6256310 AND 6256410
	Index Scan using sbtest4_pkey on sbtest4  (cost=0.43..364.12 rows=92 width=125)
	  Index Cond: ((id >= 6256310) AND (id <= 6256410))

table 5 : explain SELECT id, c FROM sbtest5 WHERE id BETWEEN 6256310 AND 6256410
	Index Scan using sbtest5_pkey on sbtest5  (cost=0.43..419.50 rows=106 width=125)
	  Index Cond: ((id >= 6256310) AND (id <= 6256410))

table 6 : explain SELECT id, c FROM sbtest6 WHERE id BETWEEN 6256310 AND 6256410
	Index Scan using sbtest6_pkey on sbtest6  (cost=0.43..412.52 rows=104 width=125)
	  Index Cond: ((id >= 6256310) AND (id <= 6256410))

table 7 : explain SELECT id, c FROM sbtest7 WHERE id BETWEEN 6256310 AND 6256410
	Index Scan using sbtest7_pkey on sbtest7  (cost=0.43..403.80 rows=102 width=125)
	  Index Cond: ((id >= 6256310) AND (id <= 6256410))

table 8 : explain SELECT id, c FROM sbtest8 WHERE id BETWEEN 6256310 AND 6256410
	Index Scan using sbtest8_pkey on sbtest8  (cost=0.43..388.35 rows=98 width=125)
	  Index Cond: ((id >= 6256310) AND (id <= 6256410))

for range-notcovered
table 1 : explain SELECT id, c FROM sbtest1 WHERE id BETWEEN 6371020 AND 6371120
	Index Scan using sbtest1_pkey on sbtest1  (cost=0.43..444.03 rows=112 width=125)
	  Index Cond: ((id >= 6371020) AND (id <= 6371120))

table 2 : explain SELECT id, c FROM sbtest2 WHERE id BETWEEN 6371020 AND 6371120
	Index Scan using sbtest2_pkey on sbtest2  (cost=0.43..388.02 rows=98 width=125)
	  Index Cond: ((id >= 6371020) AND (id <= 6371120))

table 3 : explain SELECT id, c FROM sbtest3 WHERE id BETWEEN 6371020 AND 6371120
	Index Scan using sbtest3_pkey on sbtest3  (cost=0.43..436.39 rows=110 width=125)
	  Index Cond: ((id >= 6371020) AND (id <= 6371120))

table 4 : explain SELECT id, c FROM sbtest4 WHERE id BETWEEN 6371020 AND 6371120
	Index Scan using sbtest4_pkey on sbtest4  (cost=0.43..422.76 rows=107 width=125)
	  Index Cond: ((id >= 6371020) AND (id <= 6371120))

table 5 : explain SELECT id, c FROM sbtest5 WHERE id BETWEEN 6371020 AND 6371120
	Index Scan using sbtest5_pkey on sbtest5  (cost=0.43..396.01 rows=100 width=125)
	  Index Cond: ((id >= 6371020) AND (id <= 6371120))

table 6 : explain SELECT id, c FROM sbtest6 WHERE id BETWEEN 6371020 AND 6371120
	Index Scan using sbtest6_pkey on sbtest6  (cost=0.43..388.98 rows=98 width=125)
	  Index Cond: ((id >= 6371020) AND (id <= 6371120))

table 7 : explain SELECT id, c FROM sbtest7 WHERE id BETWEEN 6371020 AND 6371120
	Index Scan using sbtest7_pkey on sbtest7  (cost=0.43..403.80 rows=102 width=125)
	  Index Cond: ((id >= 6371020) AND (id <= 6371120))

table 8 : explain SELECT id, c FROM sbtest8 WHERE id BETWEEN 6371020 AND 6371120
	Index Scan using sbtest8_pkey on sbtest8  (cost=0.43..439.25 rows=111 width=125)
	  Index Cond: ((id >= 6371020) AND (id <= 6371120))

explain: for range-notcovered :: explain SELECT id, c FROM sbtest%d WHERE id BETWEEN 9485254 AND 9485354
for range-notcovered
table 1 : explain SELECT id, c FROM sbtest1 WHERE id BETWEEN 2246494 AND 2246594
	Index Scan using sbtest1_pkey on sbtest1  (cost=0.43..389.10 rows=98 width=125)
	  Index Cond: ((id >= 2246494) AND (id <= 2246594))

table 2 : explain SELECT id, c FROM sbtest2 WHERE id BETWEEN 2246494 AND 2246594
	Index Scan using sbtest2_pkey on sbtest2  (cost=0.43..450.65 rows=114 width=125)
	  Index Cond: ((id >= 2246494) AND (id <= 2246594))

table 3 : explain SELECT id, c FROM sbtest3 WHERE id BETWEEN 2246494 AND 2246594
	Index Scan using sbtest3_pkey on sbtest3  (cost=0.43..381.41 rows=96 width=125)
	  Index Cond: ((id >= 2246494) AND (id <= 2246594))

table 4 : explain SELECT id, c FROM sbtest4 WHERE id BETWEEN 2246494 AND 2246594
	Index Scan using sbtest4_pkey on sbtest4  (cost=0.43..368.03 rows=93 width=125)
	  Index Cond: ((id >= 2246494) AND (id <= 2246594))

table 5 : explain SELECT id, c FROM sbtest5 WHERE id BETWEEN 2246494 AND 2246594
	Index Scan using sbtest5_pkey on sbtest5  (cost=0.43..388.19 rows=98 width=125)
	  Index Cond: ((id >= 2246494) AND (id <= 2246594))

table 6 : explain SELECT id, c FROM sbtest6 WHERE id BETWEEN 2246494 AND 2246594
	Index Scan using sbtest6_pkey on sbtest6  (cost=0.43..404.67 rows=102 width=125)
	  Index Cond: ((id >= 2246494) AND (id <= 2246594))

table 7 : explain SELECT id, c FROM sbtest7 WHERE id BETWEEN 2246494 AND 2246594
	Index Scan using sbtest7_pkey on sbtest7  (cost=0.43..392.06 rows=99 width=125)
	  Index Cond: ((id >= 2246494) AND (id <= 2246594))

table 8 : explain SELECT id, c FROM sbtest8 WHERE id BETWEEN 2246494 AND 2246594
	Index Scan using sbtest8_pkey on sbtest8  (cost=0.43..415.76 rows=105 width=125)
	  Index Cond: ((id >= 2246494) AND (id <= 2246594))

for range-notcovered
table 1 : explain SELECT id, c FROM sbtest1 WHERE id BETWEEN 2157161 AND 2157261
	Index Scan using sbtest1_pkey on sbtest1  (cost=0.43..447.96 rows=113 width=125)
	  Index Cond: ((id >= 2157161) AND (id <= 2157261))

table 2 : explain SELECT id, c FROM sbtest2 WHERE id BETWEEN 2157161 AND 2157261
	Index Scan using sbtest2_pkey on sbtest2  (cost=0.43..419.35 rows=106 width=125)
	  Index Cond: ((id >= 2157161) AND (id <= 2157261))

table 3 : explain SELECT id, c FROM sbtest3 WHERE id BETWEEN 2157161 AND 2157261
	Index Scan using sbtest3_pkey on sbtest3  (cost=0.43..397.14 rows=100 width=125)
	  Index Cond: ((id >= 2157161) AND (id <= 2157261))

table 4 : explain SELECT id, c FROM sbtest4 WHERE id BETWEEN 2157161 AND 2157261
	Index Scan using sbtest4_pkey on sbtest4  (cost=0.43..371.93 rows=94 width=125)
	  Index Cond: ((id >= 2157161) AND (id <= 2157261))

table 5 : explain SELECT id, c FROM sbtest5 WHERE id BETWEEN 2157161 AND 2157261
	Index Scan using sbtest5_pkey on sbtest5  (cost=0.43..407.76 rows=103 width=125)
	  Index Cond: ((id >= 2157161) AND (id <= 2157261))

table 6 : explain SELECT id, c FROM sbtest6 WHERE id BETWEEN 2157161 AND 2157261
	Index Scan using sbtest6_pkey on sbtest6  (cost=0.43..365.43 rows=92 width=125)
	  Index Cond: ((id >= 2157161) AND (id <= 2157261))

table 7 : explain SELECT id, c FROM sbtest7 WHERE id BETWEEN 2157161 AND 2157261
	Index Scan using sbtest7_pkey on sbtest7  (cost=0.43..368.55 rows=93 width=125)
	  Index Cond: ((id >= 2157161) AND (id <= 2157261))

table 8 : explain SELECT id, c FROM sbtest8 WHERE id BETWEEN 2157161 AND 2157261
	Index Scan using sbtest8_pkey on sbtest8  (cost=0.43..423.59 rows=107 width=125)
	  Index Cond: ((id >= 2157161) AND (id <= 2157261))

explain: for range-notcovered :: explain SELECT id, c FROM sbtest%d WHERE id BETWEEN 2157161 AND 2157261
for range-notcovered
table 1 : explain SELECT id, c FROM sbtest1 WHERE id BETWEEN 9485254 AND 9485354
	Index Scan using sbtest1_pkey on sbtest1  (cost=0.43..381.26 rows=96 width=125)
	  Index Cond: ((id >= 9485254) AND (id <= 9485354))

table 2 : explain SELECT id, c FROM sbtest2 WHERE id BETWEEN 9485254 AND 9485354
	Index Scan using sbtest2_pkey on sbtest2  (cost=0.43..411.52 rows=104 width=125)
	  Index Cond: ((id >= 9485254) AND (id <= 9485354))

table 3 : explain SELECT id, c FROM sbtest3 WHERE id BETWEEN 9485254 AND 9485354
	Index Scan using sbtest3_pkey on sbtest3  (cost=0.43..412.84 rows=104 width=125)
	  Index Cond: ((id >= 9485254) AND (id <= 9485354))

table 4 : explain SELECT id, c FROM sbtest4 WHERE id BETWEEN 9485254 AND 9485354
	Index Scan using sbtest4_pkey on sbtest4  (cost=0.43..364.12 rows=92 width=125)
	  Index Cond: ((id >= 9485254) AND (id <= 9485354))

table 5 : explain SELECT id, c FROM sbtest5 WHERE id BETWEEN 9485254 AND 9485354
	Index Scan using sbtest5_pkey on sbtest5  (cost=0.43..360.76 rows=91 width=125)
	  Index Cond: ((id >= 9485254) AND (id <= 9485354))

table 6 : explain SELECT id, c FROM sbtest6 WHERE id BETWEEN 9485254 AND 9485354
	Index Scan using sbtest6_pkey on sbtest6  (cost=0.43..388.98 rows=98 width=125)
	  Index Cond: ((id >= 9485254) AND (id <= 9485354))

table 7 : explain SELECT id, c FROM sbtest7 WHERE id BETWEEN 9485254 AND 9485354
	Index Scan using sbtest7_pkey on sbtest7  (cost=0.43..399.89 rows=101 width=125)
	  Index Cond: ((id >= 9485254) AND (id <= 9485354))

table 8 : explain SELECT id, c FROM sbtest8 WHERE id BETWEEN 9485254 AND 9485354
	Index Scan using sbtest8_pkey on sbtest8  (cost=0.43..435.33 rows=110 width=125)
	  Index Cond: ((id >= 9485254) AND (id <= 9485354))

explain: for range-notcovered :: explain SELECT id, c FROM sbtest%d WHERE id BETWEEN 9485254 AND 9485354
for range-notcovered
table 1 : explain SELECT id, c FROM sbtest1 WHERE id BETWEEN 6313578 AND 6313678
	Index Scan using sbtest1_pkey on sbtest1  (cost=0.43..381.26 rows=96 width=125)
	  Index Cond: ((id >= 6313578) AND (id <= 6313678))

table 2 : explain SELECT id, c FROM sbtest2 WHERE id BETWEEN 6313578 AND 6313678
	Index Scan using sbtest2_pkey on sbtest2  (cost=0.43..388.02 rows=98 width=125)
	  Index Cond: ((id >= 6313578) AND (id <= 6313678))

table 3 : explain SELECT id, c FROM sbtest3 WHERE id BETWEEN 6313578 AND 6313678
	Index Scan using sbtest3_pkey on sbtest3  (cost=0.43..436.39 rows=110 width=125)
	  Index Cond: ((id >= 6313578) AND (id <= 6313678))

table 4 : explain SELECT id, c FROM sbtest4 WHERE id BETWEEN 6313578 AND 6313678
	Index Scan using sbtest4_pkey on sbtest4  (cost=0.43..364.12 rows=92 width=125)
	  Index Cond: ((id >= 6313578) AND (id <= 6313678))

table 5 : explain SELECT id, c FROM sbtest5 WHERE id BETWEEN 6313578 AND 6313678
	Index Scan using sbtest5_pkey on sbtest5  (cost=0.43..396.01 rows=100 width=125)
	  Index Cond: ((id >= 6313578) AND (id <= 6313678))

table 6 : explain SELECT id, c FROM sbtest6 WHERE id BETWEEN 6313578 AND 6313678
	Index Scan using sbtest6_pkey on sbtest6  (cost=0.43..416.44 rows=105 width=125)
	  Index Cond: ((id >= 6313578) AND (id <= 6313678))

table 7 : explain SELECT id, c FROM sbtest7 WHERE id BETWEEN 6313578 AND 6313678
	Index Scan using sbtest7_pkey on sbtest7  (cost=0.43..403.80 rows=102 width=125)
	  Index Cond: ((id >= 6313578) AND (id <= 6313678))

table 8 : explain SELECT id, c FROM sbtest8 WHERE id BETWEEN 6313578 AND 6313678
	Index Scan using sbtest8_pkey on sbtest8  (cost=0.43..439.25 rows=111 width=125)
	  Index Cond: ((id >= 6313578) AND (id <= 6313678))

explain: for range-notcovered :: explain SELECT id, c FROM sbtest%d WHERE id BETWEEN 6313578 AND 6313678
for range-notcovered
table 1 : explain SELECT id, c FROM sbtest1 WHERE id BETWEEN 2157161 AND 2157261
	Index Scan using sbtest1_pkey on sbtest1  (cost=0.43..447.96 rows=113 width=125)
	  Index Cond: ((id >= 2157161) AND (id <= 2157261))

table 2 : explain SELECT id, c FROM sbtest2 WHERE id BETWEEN 2157161 AND 2157261
	Index Scan using sbtest2_pkey on sbtest2  (cost=0.43..419.35 rows=106 width=125)
	  Index Cond: ((id >= 2157161) AND (id <= 2157261))

table 3 : explain SELECT id, c FROM sbtest3 WHERE id BETWEEN 2157161 AND 2157261
	Index Scan using sbtest3_pkey on sbtest3  (cost=0.43..397.14 rows=100 width=125)
	  Index Cond: ((id >= 2157161) AND (id <= 2157261))

table 4 : explain SELECT id, c FROM sbtest4 WHERE id BETWEEN 2157161 AND 2157261
	Index Scan using sbtest4_pkey on sbtest4  (cost=0.43..371.93 rows=94 width=125)
	  Index Cond: ((id >= 2157161) AND (id <= 2157261))

table 5 : explain SELECT id, c FROM sbtest5 WHERE id BETWEEN 2157161 AND 2157261
	Index Scan using sbtest5_pkey on sbtest5  (cost=0.43..407.76 rows=103 width=125)
	  Index Cond: ((id >= 2157161) AND (id <= 2157261))

table 6 : explain SELECT id, c FROM sbtest6 WHERE id BETWEEN 2157161 AND 2157261
	Index Scan using sbtest6_pkey on sbtest6  (cost=0.43..365.43 rows=92 width=125)
	  Index Cond: ((id >= 2157161) AND (id <= 2157261))

table 7 : explain SELECT id, c FROM sbtest7 WHERE id BETWEEN 2157161 AND 2157261
	Index Scan using sbtest7_pkey on sbtest7  (cost=0.43..368.55 rows=93 width=125)
	  Index Cond: ((id >= 2157161) AND (id <= 2157261))

table 8 : explain SELECT id, c FROM sbtest8 WHERE id BETWEEN 2157161 AND 2157261
	Index Scan using sbtest8_pkey on sbtest8  (cost=0.43..423.59 rows=107 width=125)
	  Index Cond: ((id >= 2157161) AND (id <= 2157261))

explain: for range-notcovered :: explain SELECT id, c FROM sbtest%d WHERE id BETWEEN 7452986 AND 7453086
for range-notcovered
table 1 : explain SELECT id, c FROM sbtest1 WHERE id BETWEEN 6731455 AND 6731555
	Index Scan using sbtest1_pkey on sbtest1  (cost=0.43..412.64 rows=104 width=125)
	  Index Cond: ((id >= 6731455) AND (id <= 6731555))

table 2 : explain SELECT id, c FROM sbtest2 WHERE id BETWEEN 6731455 AND 6731555
	Index Scan using sbtest2_pkey on sbtest2  (cost=0.43..384.11 rows=97 width=125)
	  Index Cond: ((id >= 6731455) AND (id <= 6731555))

table 3 : explain SELECT id, c FROM sbtest3 WHERE id BETWEEN 6731455 AND 6731555
	Index Scan using sbtest3_pkey on sbtest3  (cost=0.43..444.24 rows=112 width=125)
	  Index Cond: ((id >= 6731455) AND (id <= 6731555))

table 4 : explain SELECT id, c FROM sbtest4 WHERE id BETWEEN 6731455 AND 6731555
	Index Scan using sbtest4_pkey on sbtest4  (cost=0.43..391.50 rows=99 width=125)
	  Index Cond: ((id >= 6731455) AND (id <= 6731555))

table 5 : explain SELECT id, c FROM sbtest5 WHERE id BETWEEN 6731455 AND 6731555
	Index Scan using sbtest5_pkey on sbtest5  (cost=0.43..435.15 rows=110 width=125)
	  Index Cond: ((id >= 6731455) AND (id <= 6731555))

table 6 : explain SELECT id, c FROM sbtest6 WHERE id BETWEEN 6731455 AND 6731555
	Index Scan using sbtest6_pkey on sbtest6  (cost=0.43..400.75 rows=101 width=125)
	  Index Cond: ((id >= 6731455) AND (id <= 6731555))

table 7 : explain SELECT id, c FROM sbtest7 WHERE id BETWEEN 6731455 AND 6731555
	Index Scan using sbtest7_pkey on sbtest7  (cost=0.43..372.47 rows=94 width=125)
	  Index Cond: ((id >= 6731455) AND (id <= 6731555))

table 8 : explain SELECT id, c FROM sbtest8 WHERE id BETWEEN 6731455 AND 6731555
	Index Scan using sbtest8_pkey on sbtest8  (cost=0.43..407.92 rows=103 width=125)
	  Index Cond: ((id >= 6731455) AND (id <= 6731555))

explain: for range-notcovered :: explain SELECT id, c FROM sbtest%d WHERE id BETWEEN 6731455 AND 6731555
for range-notcovered
table 1 : explain SELECT id, c FROM sbtest1 WHERE id BETWEEN 6313578 AND 6313678
	Index Scan using sbtest1_pkey on sbtest1  (cost=0.43..381.26 rows=96 width=125)
	  Index Cond: ((id >= 6313578) AND (id <= 6313678))

table 2 : explain SELECT id, c FROM sbtest2 WHERE id BETWEEN 6313578 AND 6313678
	Index Scan using sbtest2_pkey on sbtest2  (cost=0.43..388.02 rows=98 width=125)
	  Index Cond: ((id >= 6313578) AND (id <= 6313678))

table 3 : explain SELECT id, c FROM sbtest3 WHERE id BETWEEN 6313578 AND 6313678
	Index Scan using sbtest3_pkey on sbtest3  (cost=0.43..436.39 rows=110 width=125)
	  Index Cond: ((id >= 6313578) AND (id <= 6313678))

table 4 : explain SELECT id, c FROM sbtest4 WHERE id BETWEEN 6313578 AND 6313678
	Index Scan using sbtest4_pkey on sbtest4  (cost=0.43..364.12 rows=92 width=125)
	  Index Cond: ((id >= 6313578) AND (id <= 6313678))

table 5 : explain SELECT id, c FROM sbtest5 WHERE id BETWEEN 6313578 AND 6313678
	Index Scan using sbtest5_pkey on sbtest5  (cost=0.43..396.01 rows=100 width=125)
	  Index Cond: ((id >= 6313578) AND (id <= 6313678))

table 6 : explain SELECT id, c FROM sbtest6 WHERE id BETWEEN 6313578 AND 6313678
	Index Scan using sbtest6_pkey on sbtest6  (cost=0.43..416.44 rows=105 width=125)
	  Index Cond: ((id >= 6313578) AND (id <= 6313678))

table 7 : explain SELECT id, c FROM sbtest7 WHERE id BETWEEN 6313578 AND 6313678
	Index Scan using sbtest7_pkey on sbtest7  (cost=0.43..403.80 rows=102 width=125)
	  Index Cond: ((id >= 6313578) AND (id <= 6313678))

table 8 : explain SELECT id, c FROM sbtest8 WHERE id BETWEEN 6313578 AND 6313678
	Index Scan using sbtest8_pkey on sbtest8  (cost=0.43..439.25 rows=111 width=125)
	  Index Cond: ((id >= 6313578) AND (id <= 6313678))

explain: for range-notcovered :: explain SELECT id, c FROM sbtest%d WHERE id BETWEEN 4765013 AND 4765113
explain: for range-notcovered :: explain SELECT id, c FROM sbtest%d WHERE id BETWEEN 6313578 AND 6313678
for range-notcovered
table 1 : explain SELECT id, c FROM sbtest1 WHERE id BETWEEN 6731455 AND 6731555
	Index Scan using sbtest1_pkey on sbtest1  (cost=0.43..412.64 rows=104 width=125)
	  Index Cond: ((id >= 6731455) AND (id <= 6731555))

table 2 : explain SELECT id, c FROM sbtest2 WHERE id BETWEEN 6731455 AND 6731555
	Index Scan using sbtest2_pkey on sbtest2  (cost=0.43..384.11 rows=97 width=125)
	  Index Cond: ((id >= 6731455) AND (id <= 6731555))

table 3 : explain SELECT id, c FROM sbtest3 WHERE id BETWEEN 6731455 AND 6731555
	Index Scan using sbtest3_pkey on sbtest3  (cost=0.43..444.24 rows=112 width=125)
	  Index Cond: ((id >= 6731455) AND (id <= 6731555))

table 4 : explain SELECT id, c FROM sbtest4 WHERE id BETWEEN 6731455 AND 6731555
	Index Scan using sbtest4_pkey on sbtest4  (cost=0.43..391.50 rows=99 width=125)
	  Index Cond: ((id >= 6731455) AND (id <= 6731555))

table 5 : explain SELECT id, c FROM sbtest5 WHERE id BETWEEN 6731455 AND 6731555
	Index Scan using sbtest5_pkey on sbtest5  (cost=0.43..435.15 rows=110 width=125)
	  Index Cond: ((id >= 6731455) AND (id <= 6731555))

table 6 : explain SELECT id, c FROM sbtest6 WHERE id BETWEEN 6731455 AND 6731555
	Index Scan using sbtest6_pkey on sbtest6  (cost=0.43..400.75 rows=101 width=125)
	  Index Cond: ((id >= 6731455) AND (id <= 6731555))

table 7 : explain SELECT id, c FROM sbtest7 WHERE id BETWEEN 6731455 AND 6731555
	Index Scan using sbtest7_pkey on sbtest7  (cost=0.43..372.47 rows=94 width=125)
	  Index Cond: ((id >= 6731455) AND (id <= 6731555))

table 8 : explain SELECT id, c FROM sbtest8 WHERE id BETWEEN 6731455 AND 6731555
	Index Scan using sbtest8_pkey on sbtest8  (cost=0.43..407.92 rows=103 width=125)
	  Index Cond: ((id >= 6731455) AND (id <= 6731555))

explain: for range-notcovered :: explain SELECT id, c FROM sbtest%d WHERE id BETWEEN 6731455 AND 6731555
explain: for range-notcovered :: explain SELECT id, c FROM sbtest%d WHERE id BETWEEN 3945702 AND 3945802
for range-notcovered
table 1 : explain SELECT id, c FROM sbtest1 WHERE id BETWEEN 6731455 AND 6731555
	Index Scan using sbtest1_pkey on sbtest1  (cost=0.43..412.64 rows=104 width=125)
	  Index Cond: ((id >= 6731455) AND (id <= 6731555))

table 2 : explain SELECT id, c FROM sbtest2 WHERE id BETWEEN 6731455 AND 6731555
	Index Scan using sbtest2_pkey on sbtest2  (cost=0.43..384.11 rows=97 width=125)
	  Index Cond: ((id >= 6731455) AND (id <= 6731555))

table 3 : explain SELECT id, c FROM sbtest3 WHERE id BETWEEN 6731455 AND 6731555
	Index Scan using sbtest3_pkey on sbtest3  (cost=0.43..444.24 rows=112 width=125)
	  Index Cond: ((id >= 6731455) AND (id <= 6731555))

table 4 : explain SELECT id, c FROM sbtest4 WHERE id BETWEEN 6731455 AND 6731555
	Index Scan using sbtest4_pkey on sbtest4  (cost=0.43..391.50 rows=99 width=125)
	  Index Cond: ((id >= 6731455) AND (id <= 6731555))

table 5 : explain SELECT id, c FROM sbtest5 WHERE id BETWEEN 6731455 AND 6731555
	Index Scan using sbtest5_pkey on sbtest5  (cost=0.43..435.15 rows=110 width=125)
	  Index Cond: ((id >= 6731455) AND (id <= 6731555))

table 6 : explain SELECT id, c FROM sbtest6 WHERE id BETWEEN 6731455 AND 6731555
	Index Scan using sbtest6_pkey on sbtest6  (cost=0.43..400.75 rows=101 width=125)
	  Index Cond: ((id >= 6731455) AND (id <= 6731555))

table 7 : explain SELECT id, c FROM sbtest7 WHERE id BETWEEN 6731455 AND 6731555
	Index Scan using sbtest7_pkey on sbtest7  (cost=0.43..372.47 rows=94 width=125)
	  Index Cond: ((id >= 6731455) AND (id <= 6731555))

table 8 : explain SELECT id, c FROM sbtest8 WHERE id BETWEEN 6731455 AND 6731555
	Index Scan using sbtest8_pkey on sbtest8  (cost=0.43..407.92 rows=103 width=125)
	  Index Cond: ((id >= 6731455) AND (id <= 6731555))

for range-notcovered
table 1 : explain SELECT id, c FROM sbtest1 WHERE id BETWEEN 9485254 AND 9485354
	Index Scan using sbtest1_pkey on sbtest1  (cost=0.43..381.26 rows=96 width=125)
	  Index Cond: ((id >= 9485254) AND (id <= 9485354))

table 2 : explain SELECT id, c FROM sbtest2 WHERE id BETWEEN 9485254 AND 9485354
	Index Scan using sbtest2_pkey on sbtest2  (cost=0.43..411.52 rows=104 width=125)
	  Index Cond: ((id >= 9485254) AND (id <= 9485354))

table 3 : explain SELECT id, c FROM sbtest3 WHERE id BETWEEN 9485254 AND 9485354
	Index Scan using sbtest3_pkey on sbtest3  (cost=0.43..412.84 rows=104 width=125)
	  Index Cond: ((id >= 9485254) AND (id <= 9485354))

table 4 : explain SELECT id, c FROM sbtest4 WHERE id BETWEEN 9485254 AND 9485354
	Index Scan using sbtest4_pkey on sbtest4  (cost=0.43..364.12 rows=92 width=125)
	  Index Cond: ((id >= 9485254) AND (id <= 9485354))

table 5 : explain SELECT id, c FROM sbtest5 WHERE id BETWEEN 9485254 AND 9485354
	Index Scan using sbtest5_pkey on sbtest5  (cost=0.43..360.76 rows=91 width=125)
	  Index Cond: ((id >= 9485254) AND (id <= 9485354))

table 6 : explain SELECT id, c FROM sbtest6 WHERE id BETWEEN 9485254 AND 9485354
	Index Scan using sbtest6_pkey on sbtest6  (cost=0.43..388.98 rows=98 width=125)
	  Index Cond: ((id >= 9485254) AND (id <= 9485354))

table 7 : explain SELECT id, c FROM sbtest7 WHERE id BETWEEN 9485254 AND 9485354
	Index Scan using sbtest7_pkey on sbtest7  (cost=0.43..399.89 rows=101 width=125)
	  Index Cond: ((id >= 9485254) AND (id <= 9485354))

table 8 : explain SELECT id, c FROM sbtest8 WHERE id BETWEEN 9485254 AND 9485354
	Index Scan using sbtest8_pkey on sbtest8  (cost=0.43..435.33 rows=110 width=125)
	  Index Cond: ((id >= 9485254) AND (id <= 9485354))

explain: for range-notcovered :: explain SELECT id, c FROM sbtest%d WHERE id BETWEEN 6731455 AND 6731555
explain: for range-notcovered :: explain SELECT id, c FROM sbtest%d WHERE id BETWEEN 9485254 AND 9485354
for range-notcovered
table 1 : explain SELECT id, c FROM sbtest1 WHERE id BETWEEN 3078574 AND 3078674
	Index Scan using sbtest1_pkey on sbtest1  (cost=0.43..361.62 rows=91 width=125)
	  Index Cond: ((id >= 3078574) AND (id <= 3078674))

table 2 : explain SELECT id, c FROM sbtest2 WHERE id BETWEEN 3078574 AND 3078674
	Index Scan using sbtest2_pkey on sbtest2  (cost=0.43..388.02 rows=98 width=125)
	  Index Cond: ((id >= 3078574) AND (id <= 3078674))

table 3 : explain SELECT id, c FROM sbtest3 WHERE id BETWEEN 3078574 AND 3078674
	Index Scan using sbtest3_pkey on sbtest3  (cost=0.43..401.06 rows=101 width=125)
	  Index Cond: ((id >= 3078574) AND (id <= 3078674))

table 4 : explain SELECT id, c FROM sbtest4 WHERE id BETWEEN 3078574 AND 3078674
	Index Scan using sbtest4_pkey on sbtest4  (cost=0.43..399.32 rows=101 width=125)
	  Index Cond: ((id >= 3078574) AND (id <= 3078674))

table 5 : explain SELECT id, c FROM sbtest5 WHERE id BETWEEN 3078574 AND 3078674
	Index Scan using sbtest5_pkey on sbtest5  (cost=0.43..399.93 rows=101 width=125)
	  Index Cond: ((id >= 3078574) AND (id <= 3078674))

table 6 : explain SELECT id, c FROM sbtest6 WHERE id BETWEEN 3078574 AND 3078674
	Index Scan using sbtest6_pkey on sbtest6  (cost=0.43..432.13 rows=109 width=125)
	  Index Cond: ((id >= 3078574) AND (id <= 3078674))

table 7 : explain SELECT id, c FROM sbtest7 WHERE id BETWEEN 3078574 AND 3078674
	Index Scan using sbtest7_pkey on sbtest7  (cost=0.43..384.23 rows=97 width=125)
	  Index Cond: ((id >= 3078574) AND (id <= 3078674))

table 8 : explain SELECT id, c FROM sbtest8 WHERE id BETWEEN 3078574 AND 3078674
	Index Scan using sbtest8_pkey on sbtest8  (cost=0.43..396.18 rows=100 width=125)
	  Index Cond: ((id >= 3078574) AND (id <= 3078674))

explain: for range-notcovered :: explain SELECT id, c FROM sbtest%d WHERE id BETWEEN 3078574 AND 3078674
for range-notcovered
table 1 : explain SELECT id, c FROM sbtest1 WHERE id BETWEEN 6313578 AND 6313678
	Index Scan using sbtest1_pkey on sbtest1  (cost=0.43..381.26 rows=96 width=125)
	  Index Cond: ((id >= 6313578) AND (id <= 6313678))

table 2 : explain SELECT id, c FROM sbtest2 WHERE id BETWEEN 6313578 AND 6313678
	Index Scan using sbtest2_pkey on sbtest2  (cost=0.43..388.02 rows=98 width=125)
	  Index Cond: ((id >= 6313578) AND (id <= 6313678))

table 3 : explain SELECT id, c FROM sbtest3 WHERE id BETWEEN 6313578 AND 6313678
	Index Scan using sbtest3_pkey on sbtest3  (cost=0.43..436.39 rows=110 width=125)
	  Index Cond: ((id >= 6313578) AND (id <= 6313678))

table 4 : explain SELECT id, c FROM sbtest4 WHERE id BETWEEN 6313578 AND 6313678
	Index Scan using sbtest4_pkey on sbtest4  (cost=0.43..364.12 rows=92 width=125)
	  Index Cond: ((id >= 6313578) AND (id <= 6313678))

table 5 : explain SELECT id, c FROM sbtest5 WHERE id BETWEEN 6313578 AND 6313678
	Index Scan using sbtest5_pkey on sbtest5  (cost=0.43..396.01 rows=100 width=125)
	  Index Cond: ((id >= 6313578) AND (id <= 6313678))

table 6 : explain SELECT id, c FROM sbtest6 WHERE id BETWEEN 6313578 AND 6313678
	Index Scan using sbtest6_pkey on sbtest6  (cost=0.43..416.44 rows=105 width=125)
	  Index Cond: ((id >= 6313578) AND (id <= 6313678))

table 7 : explain SELECT id, c FROM sbtest7 WHERE id BETWEEN 6313578 AND 6313678
	Index Scan using sbtest7_pkey on sbtest7  (cost=0.43..403.80 rows=102 width=125)
	  Index Cond: ((id >= 6313578) AND (id <= 6313678))

table 8 : explain SELECT id, c FROM sbtest8 WHERE id BETWEEN 6313578 AND 6313678
	Index Scan using sbtest8_pkey on sbtest8  (cost=0.43..439.25 rows=111 width=125)
	  Index Cond: ((id >= 6313578) AND (id <= 6313678))

explain: for range-notcovered :: explain SELECT id, c FROM sbtest%d WHERE id BETWEEN 6313578 AND 6313678
for range-notcovered
table 1 : explain SELECT id, c FROM sbtest1 WHERE id BETWEEN 6731455 AND 6731555
	Index Scan using sbtest1_pkey on sbtest1  (cost=0.43..412.64 rows=104 width=125)
	  Index Cond: ((id >= 6731455) AND (id <= 6731555))

table 2 : explain SELECT id, c FROM sbtest2 WHERE id BETWEEN 6731455 AND 6731555
	Index Scan using sbtest2_pkey on sbtest2  (cost=0.43..384.11 rows=97 width=125)
	  Index Cond: ((id >= 6731455) AND (id <= 6731555))

table 3 : explain SELECT id, c FROM sbtest3 WHERE id BETWEEN 6731455 AND 6731555
	Index Scan using sbtest3_pkey on sbtest3  (cost=0.43..444.24 rows=112 width=125)
	  Index Cond: ((id >= 6731455) AND (id <= 6731555))

table 4 : explain SELECT id, c FROM sbtest4 WHERE id BETWEEN 6731455 AND 6731555
	Index Scan using sbtest4_pkey on sbtest4  (cost=0.43..391.50 rows=99 width=125)
	  Index Cond: ((id >= 6731455) AND (id <= 6731555))

table 5 : explain SELECT id, c FROM sbtest5 WHERE id BETWEEN 6731455 AND 6731555
	Index Scan using sbtest5_pkey on sbtest5  (cost=0.43..435.15 rows=110 width=125)
	  Index Cond: ((id >= 6731455) AND (id <= 6731555))

table 6 : explain SELECT id, c FROM sbtest6 WHERE id BETWEEN 6731455 AND 6731555
	Index Scan using sbtest6_pkey on sbtest6  (cost=0.43..400.75 rows=101 width=125)
	  Index Cond: ((id >= 6731455) AND (id <= 6731555))

table 7 : explain SELECT id, c FROM sbtest7 WHERE id BETWEEN 6731455 AND 6731555
	Index Scan using sbtest7_pkey on sbtest7  (cost=0.43..372.47 rows=94 width=125)
	  Index Cond: ((id >= 6731455) AND (id <= 6731555))

table 8 : explain SELECT id, c FROM sbtest8 WHERE id BETWEEN 6731455 AND 6731555
	Index Scan using sbtest8_pkey on sbtest8  (cost=0.43..407.92 rows=103 width=125)
	  Index Cond: ((id >= 6731455) AND (id <= 6731555))

for range-notcovered
table 1 : explain SELECT id, c FROM sbtest1 WHERE id BETWEEN 9485254 AND 9485354
	Index Scan using sbtest1_pkey on sbtest1  (cost=0.43..381.26 rows=96 width=125)
	  Index Cond: ((id >= 9485254) AND (id <= 9485354))

table 2 : explain SELECT id, c FROM sbtest2 WHERE id BETWEEN 9485254 AND 9485354
	Index Scan using sbtest2_pkey on sbtest2  (cost=0.43..411.52 rows=104 width=125)
	  Index Cond: ((id >= 9485254) AND (id <= 9485354))

table 3 : explain SELECT id, c FROM sbtest3 WHERE id BETWEEN 9485254 AND 9485354
	Index Scan using sbtest3_pkey on sbtest3  (cost=0.43..412.84 rows=104 width=125)
	  Index Cond: ((id >= 9485254) AND (id <= 9485354))

table 4 : explain SELECT id, c FROM sbtest4 WHERE id BETWEEN 9485254 AND 9485354
	Index Scan using sbtest4_pkey on sbtest4  (cost=0.43..364.12 rows=92 width=125)
	  Index Cond: ((id >= 9485254) AND (id <= 9485354))

table 5 : explain SELECT id, c FROM sbtest5 WHERE id BETWEEN 9485254 AND 9485354
	Index Scan using sbtest5_pkey on sbtest5  (cost=0.43..360.76 rows=91 width=125)
	  Index Cond: ((id >= 9485254) AND (id <= 9485354))

table 6 : explain SELECT id, c FROM sbtest6 WHERE id BETWEEN 9485254 AND 9485354
	Index Scan using sbtest6_pkey on sbtest6  (cost=0.43..388.98 rows=98 width=125)
	  Index Cond: ((id >= 9485254) AND (id <= 9485354))

table 7 : explain SELECT id, c FROM sbtest7 WHERE id BETWEEN 9485254 AND 9485354
	Index Scan using sbtest7_pkey on sbtest7  (cost=0.43..399.89 rows=101 width=125)
	  Index Cond: ((id >= 9485254) AND (id <= 9485354))

table 8 : explain SELECT id, c FROM sbtest8 WHERE id BETWEEN 9485254 AND 9485354
	Index Scan using sbtest8_pkey on sbtest8  (cost=0.43..435.33 rows=110 width=125)
	  Index Cond: ((id >= 9485254) AND (id <= 9485354))

explain: for range-notcovered :: explain SELECT id, c FROM sbtest%d WHERE id BETWEEN 6731455 AND 6731555
explain: for range-notcovered :: explain SELECT id, c FROM sbtest%d WHERE id BETWEEN 9485254 AND 9485354
for range-notcovered
table 1 : explain SELECT id, c FROM sbtest1 WHERE id BETWEEN 3078574 AND 3078674
	Index Scan using sbtest1_pkey on sbtest1  (cost=0.43..361.62 rows=91 width=125)
	  Index Cond: ((id >= 3078574) AND (id <= 3078674))

table 2 : explain SELECT id, c FROM sbtest2 WHERE id BETWEEN 3078574 AND 3078674
	Index Scan using sbtest2_pkey on sbtest2  (cost=0.43..388.02 rows=98 width=125)
	  Index Cond: ((id >= 3078574) AND (id <= 3078674))

table 3 : explain SELECT id, c FROM sbtest3 WHERE id BETWEEN 3078574 AND 3078674
	Index Scan using sbtest3_pkey on sbtest3  (cost=0.43..401.06 rows=101 width=125)
	  Index Cond: ((id >= 3078574) AND (id <= 3078674))

table 4 : explain SELECT id, c FROM sbtest4 WHERE id BETWEEN 3078574 AND 3078674
	Index Scan using sbtest4_pkey on sbtest4  (cost=0.43..399.32 rows=101 width=125)
	  Index Cond: ((id >= 3078574) AND (id <= 3078674))

table 5 : explain SELECT id, c FROM sbtest5 WHERE id BETWEEN 3078574 AND 3078674
	Index Scan using sbtest5_pkey on sbtest5  (cost=0.43..399.93 rows=101 width=125)
	  Index Cond: ((id >= 3078574) AND (id <= 3078674))

table 6 : explain SELECT id, c FROM sbtest6 WHERE id BETWEEN 3078574 AND 3078674
	Index Scan using sbtest6_pkey on sbtest6  (cost=0.43..432.13 rows=109 width=125)
	  Index Cond: ((id >= 3078574) AND (id <= 3078674))

table 7 : explain SELECT id, c FROM sbtest7 WHERE id BETWEEN 3078574 AND 3078674
	Index Scan using sbtest7_pkey on sbtest7  (cost=0.43..384.23 rows=97 width=125)
	  Index Cond: ((id >= 3078574) AND (id <= 3078674))

table 8 : explain SELECT id, c FROM sbtest8 WHERE id BETWEEN 3078574 AND 3078674
	Index Scan using sbtest8_pkey on sbtest8  (cost=0.43..396.18 rows=100 width=125)
	  Index Cond: ((id >= 3078574) AND (id <= 3078674))

explain: for range-notcovered :: explain SELECT id, c FROM sbtest%d WHERE id BETWEEN 3078574 AND 3078674
explain: for range-notcovered :: explain SELECT id, c FROM sbtest%d WHERE id BETWEEN 3564768 AND 3564868
for range-notcovered
table 1 : explain SELECT id, c FROM sbtest1 WHERE id BETWEEN 6731455 AND 6731555
	Index Scan using sbtest1_pkey on sbtest1  (cost=0.43..412.64 rows=104 width=125)
	  Index Cond: ((id >= 6731455) AND (id <= 6731555))

table 2 : explain SELECT id, c FROM sbtest2 WHERE id BETWEEN 6731455 AND 6731555
	Index Scan using sbtest2_pkey on sbtest2  (cost=0.43..384.11 rows=97 width=125)
	  Index Cond: ((id >= 6731455) AND (id <= 6731555))

table 3 : explain SELECT id, c FROM sbtest3 WHERE id BETWEEN 6731455 AND 6731555
	Index Scan using sbtest3_pkey on sbtest3  (cost=0.43..444.24 rows=112 width=125)
	  Index Cond: ((id >= 6731455) AND (id <= 6731555))

table 4 : explain SELECT id, c FROM sbtest4 WHERE id BETWEEN 6731455 AND 6731555
	Index Scan using sbtest4_pkey on sbtest4  (cost=0.43..391.50 rows=99 width=125)
	  Index Cond: ((id >= 6731455) AND (id <= 6731555))

table 5 : explain SELECT id, c FROM sbtest5 WHERE id BETWEEN 6731455 AND 6731555
	Index Scan using sbtest5_pkey on sbtest5  (cost=0.43..435.15 rows=110 width=125)
	  Index Cond: ((id >= 6731455) AND (id <= 6731555))

table 6 : explain SELECT id, c FROM sbtest6 WHERE id BETWEEN 6731455 AND 6731555
	Index Scan using sbtest6_pkey on sbtest6  (cost=0.43..400.75 rows=101 width=125)
	  Index Cond: ((id >= 6731455) AND (id <= 6731555))

table 7 : explain SELECT id, c FROM sbtest7 WHERE id BETWEEN 6731455 AND 6731555
	Index Scan using sbtest7_pkey on sbtest7  (cost=0.43..372.47 rows=94 width=125)
	  Index Cond: ((id >= 6731455) AND (id <= 6731555))

table 8 : explain SELECT id, c FROM sbtest8 WHERE id BETWEEN 6731455 AND 6731555
	Index Scan using sbtest8_pkey on sbtest8  (cost=0.43..407.92 rows=103 width=125)
	  Index Cond: ((id >= 6731455) AND (id <= 6731555))

for range-notcovered
table 1 : explain SELECT id, c FROM sbtest1 WHERE id BETWEEN 9485254 AND 9485354
	Index Scan using sbtest1_pkey on sbtest1  (cost=0.43..381.26 rows=96 width=125)
	  Index Cond: ((id >= 9485254) AND (id <= 9485354))

table 2 : explain SELECT id, c FROM sbtest2 WHERE id BETWEEN 9485254 AND 9485354
	Index Scan using sbtest2_pkey on sbtest2  (cost=0.43..411.52 rows=104 width=125)
	  Index Cond: ((id >= 9485254) AND (id <= 9485354))

table 3 : explain SELECT id, c FROM sbtest3 WHERE id BETWEEN 9485254 AND 9485354
	Index Scan using sbtest3_pkey on sbtest3  (cost=0.43..412.84 rows=104 width=125)
	  Index Cond: ((id >= 9485254) AND (id <= 9485354))

table 4 : explain SELECT id, c FROM sbtest4 WHERE id BETWEEN 9485254 AND 9485354
	Index Scan using sbtest4_pkey on sbtest4  (cost=0.43..364.12 rows=92 width=125)
	  Index Cond: ((id >= 9485254) AND (id <= 9485354))

table 5 : explain SELECT id, c FROM sbtest5 WHERE id BETWEEN 9485254 AND 9485354
	Index Scan using sbtest5_pkey on sbtest5  (cost=0.43..360.76 rows=91 width=125)
	  Index Cond: ((id >= 9485254) AND (id <= 9485354))

table 6 : explain SELECT id, c FROM sbtest6 WHERE id BETWEEN 9485254 AND 9485354
	Index Scan using sbtest6_pkey on sbtest6  (cost=0.43..388.98 rows=98 width=125)
	  Index Cond: ((id >= 9485254) AND (id <= 9485354))

table 7 : explain SELECT id, c FROM sbtest7 WHERE id BETWEEN 9485254 AND 9485354
	Index Scan using sbtest7_pkey on sbtest7  (cost=0.43..399.89 rows=101 width=125)
	  Index Cond: ((id >= 9485254) AND (id <= 9485354))

table 8 : explain SELECT id, c FROM sbtest8 WHERE id BETWEEN 9485254 AND 9485354
	Index Scan using sbtest8_pkey on sbtest8  (cost=0.43..435.33 rows=110 width=125)
	  Index Cond: ((id >= 9485254) AND (id <= 9485354))

explain: for range-notcovered :: explain SELECT id, c FROM sbtest%d WHERE id BETWEEN 6731455 AND 6731555
for range-notcovered
table 1 : explain SELECT id, c FROM sbtest1 WHERE id BETWEEN 6313578 AND 6313678
	Index Scan using sbtest1_pkey on sbtest1  (cost=0.43..381.26 rows=96 width=125)
	  Index Cond: ((id >= 6313578) AND (id <= 6313678))

table 2 : explain SELECT id, c FROM sbtest2 WHERE id BETWEEN 6313578 AND 6313678
	Index Scan using sbtest2_pkey on sbtest2  (cost=0.43..388.02 rows=98 width=125)
	  Index Cond: ((id >= 6313578) AND (id <= 6313678))

table 3 : explain SELECT id, c FROM sbtest3 WHERE id BETWEEN 6313578 AND 6313678
	Index Scan using sbtest3_pkey on sbtest3  (cost=0.43..436.39 rows=110 width=125)
	  Index Cond: ((id >= 6313578) AND (id <= 6313678))

table 4 : explain SELECT id, c FROM sbtest4 WHERE id BETWEEN 6313578 AND 6313678
	Index Scan using sbtest4_pkey on sbtest4  (cost=0.43..364.12 rows=92 width=125)
	  Index Cond: ((id >= 6313578) AND (id <= 6313678))

table 5 : explain SELECT id, c FROM sbtest5 WHERE id BETWEEN 6313578 AND 6313678
	Index Scan using sbtest5_pkey on sbtest5  (cost=0.43..396.01 rows=100 width=125)
	  Index Cond: ((id >= 6313578) AND (id <= 6313678))

table 6 : explain SELECT id, c FROM sbtest6 WHERE id BETWEEN 6313578 AND 6313678
	Index Scan using sbtest6_pkey on sbtest6  (cost=0.43..416.44 rows=105 width=125)
	  Index Cond: ((id >= 6313578) AND (id <= 6313678))

table 7 : explain SELECT id, c FROM sbtest7 WHERE id BETWEEN 6313578 AND 6313678
	Index Scan using sbtest7_pkey on sbtest7  (cost=0.43..403.80 rows=102 width=125)
	  Index Cond: ((id >= 6313578) AND (id <= 6313678))

table 8 : explain SELECT id, c FROM sbtest8 WHERE id BETWEEN 6313578 AND 6313678
	Index Scan using sbtest8_pkey on sbtest8  (cost=0.43..439.25 rows=111 width=125)
	  Index Cond: ((id >= 6313578) AND (id <= 6313678))

explain: for range-notcovered :: explain SELECT id, c FROM sbtest%d WHERE id BETWEEN 6313578 AND 6313678
for range-notcovered
table 1 : explain SELECT id, c FROM sbtest1 WHERE id BETWEEN 3078574 AND 3078674
	Index Scan using sbtest1_pkey on sbtest1  (cost=0.43..361.62 rows=91 width=125)
	  Index Cond: ((id >= 3078574) AND (id <= 3078674))

table 2 : explain SELECT id, c FROM sbtest2 WHERE id BETWEEN 3078574 AND 3078674
	Index Scan using sbtest2_pkey on sbtest2  (cost=0.43..388.02 rows=98 width=125)
	  Index Cond: ((id >= 3078574) AND (id <= 3078674))

table 3 : explain SELECT id, c FROM sbtest3 WHERE id BETWEEN 3078574 AND 3078674
	Index Scan using sbtest3_pkey on sbtest3  (cost=0.43..401.06 rows=101 width=125)
	  Index Cond: ((id >= 3078574) AND (id <= 3078674))

table 4 : explain SELECT id, c FROM sbtest4 WHERE id BETWEEN 3078574 AND 3078674
	Index Scan using sbtest4_pkey on sbtest4  (cost=0.43..399.32 rows=101 width=125)
	  Index Cond: ((id >= 3078574) AND (id <= 3078674))

table 5 : explain SELECT id, c FROM sbtest5 WHERE id BETWEEN 3078574 AND 3078674
	Index Scan using sbtest5_pkey on sbtest5  (cost=0.43..399.93 rows=101 width=125)
	  Index Cond: ((id >= 3078574) AND (id <= 3078674))

table 6 : explain SELECT id, c FROM sbtest6 WHERE id BETWEEN 3078574 AND 3078674
	Index Scan using sbtest6_pkey on sbtest6  (cost=0.43..432.13 rows=109 width=125)
	  Index Cond: ((id >= 3078574) AND (id <= 3078674))

table 7 : explain SELECT id, c FROM sbtest7 WHERE id BETWEEN 3078574 AND 3078674
	Index Scan using sbtest7_pkey on sbtest7  (cost=0.43..384.23 rows=97 width=125)
	  Index Cond: ((id >= 3078574) AND (id <= 3078674))

table 8 : explain SELECT id, c FROM sbtest8 WHERE id BETWEEN 3078574 AND 3078674
	Index Scan using sbtest8_pkey on sbtest8  (cost=0.43..396.18 rows=100 width=125)
	  Index Cond: ((id >= 3078574) AND (id <= 3078674))

explain: for range-notcovered :: explain SELECT id, c FROM sbtest%d WHERE id BETWEEN 3078574 AND 3078674
for range-notcovered
table 1 : explain SELECT id, c FROM sbtest1 WHERE id BETWEEN 6731455 AND 6731555
	Index Scan using sbtest1_pkey on sbtest1  (cost=0.43..412.64 rows=104 width=125)
	  Index Cond: ((id >= 6731455) AND (id <= 6731555))

table 2 : explain SELECT id, c FROM sbtest2 WHERE id BETWEEN 6731455 AND 6731555
	Index Scan using sbtest2_pkey on sbtest2  (cost=0.43..384.11 rows=97 width=125)
	  Index Cond: ((id >= 6731455) AND (id <= 6731555))

table 3 : explain SELECT id, c FROM sbtest3 WHERE id BETWEEN 6731455 AND 6731555
	Index Scan using sbtest3_pkey on sbtest3  (cost=0.43..444.24 rows=112 width=125)
	  Index Cond: ((id >= 6731455) AND (id <= 6731555))

table 4 : explain SELECT id, c FROM sbtest4 WHERE id BETWEEN 6731455 AND 6731555
	Index Scan using sbtest4_pkey on sbtest4  (cost=0.43..391.50 rows=99 width=125)
	  Index Cond: ((id >= 6731455) AND (id <= 6731555))

table 5 : explain SELECT id, c FROM sbtest5 WHERE id BETWEEN 6731455 AND 6731555
	Index Scan using sbtest5_pkey on sbtest5  (cost=0.43..435.15 rows=110 width=125)
	  Index Cond: ((id >= 6731455) AND (id <= 6731555))

table 6 : explain SELECT id, c FROM sbtest6 WHERE id BETWEEN 6731455 AND 6731555
	Index Scan using sbtest6_pkey on sbtest6  (cost=0.43..400.75 rows=101 width=125)
	  Index Cond: ((id >= 6731455) AND (id <= 6731555))

table 7 : explain SELECT id, c FROM sbtest7 WHERE id BETWEEN 6731455 AND 6731555
	Index Scan using sbtest7_pkey on sbtest7  (cost=0.43..372.47 rows=94 width=125)
	  Index Cond: ((id >= 6731455) AND (id <= 6731555))

table 8 : explain SELECT id, c FROM sbtest8 WHERE id BETWEEN 6731455 AND 6731555
	Index Scan using sbtest8_pkey on sbtest8  (cost=0.43..407.92 rows=103 width=125)
	  Index Cond: ((id >= 6731455) AND (id <= 6731555))

explain: for range-notcovered :: explain SELECT id, c FROM sbtest%d WHERE id BETWEEN 6731455 AND 6731555
for range-notcovered
table 1 : explain SELECT id, c FROM sbtest1 WHERE id BETWEEN 3078574 AND 3078674
	Index Scan using sbtest1_pkey on sbtest1  (cost=0.43..361.62 rows=91 width=125)
	  Index Cond: ((id >= 3078574) AND (id <= 3078674))

table 2 : explain SELECT id, c FROM sbtest2 WHERE id BETWEEN 3078574 AND 3078674
	Index Scan using sbtest2_pkey on sbtest2  (cost=0.43..388.02 rows=98 width=125)
	  Index Cond: ((id >= 3078574) AND (id <= 3078674))

table 3 : explain SELECT id, c FROM sbtest3 WHERE id BETWEEN 3078574 AND 3078674
	Index Scan using sbtest3_pkey on sbtest3  (cost=0.43..401.06 rows=101 width=125)
	  Index Cond: ((id >= 3078574) AND (id <= 3078674))

table 4 : explain SELECT id, c FROM sbtest4 WHERE id BETWEEN 3078574 AND 3078674
	Index Scan using sbtest4_pkey on sbtest4  (cost=0.43..399.32 rows=101 width=125)
	  Index Cond: ((id >= 3078574) AND (id <= 3078674))

table 5 : explain SELECT id, c FROM sbtest5 WHERE id BETWEEN 3078574 AND 3078674
	Index Scan using sbtest5_pkey on sbtest5  (cost=0.43..399.93 rows=101 width=125)
	  Index Cond: ((id >= 3078574) AND (id <= 3078674))

table 6 : explain SELECT id, c FROM sbtest6 WHERE id BETWEEN 3078574 AND 3078674
	Index Scan using sbtest6_pkey on sbtest6  (cost=0.43..432.13 rows=109 width=125)
	  Index Cond: ((id >= 3078574) AND (id <= 3078674))

table 7 : explain SELECT id, c FROM sbtest7 WHERE id BETWEEN 3078574 AND 3078674
	Index Scan using sbtest7_pkey on sbtest7  (cost=0.43..384.23 rows=97 width=125)
	  Index Cond: ((id >= 3078574) AND (id <= 3078674))

table 8 : explain SELECT id, c FROM sbtest8 WHERE id BETWEEN 3078574 AND 3078674
	Index Scan using sbtest8_pkey on sbtest8  (cost=0.43..396.18 rows=100 width=125)
	  Index Cond: ((id >= 3078574) AND (id <= 3078674))

explain: for range-notcovered :: explain SELECT id, c FROM sbtest%d WHERE id BETWEEN 7772462 AND 7772562
explain: for range-notcovered :: explain SELECT id, c FROM sbtest%d WHERE id BETWEEN 3078574 AND 3078674
for range-notcovered
table 1 : explain SELECT id, c FROM sbtest1 WHERE id BETWEEN 3945702 AND 3945802
	Index Scan using sbtest1_pkey on sbtest1  (cost=0.43..389.10 rows=98 width=125)
	  Index Cond: ((id >= 3945702) AND (id <= 3945802))

table 2 : explain SELECT id, c FROM sbtest2 WHERE id BETWEEN 3945702 AND 3945802
	Index Scan using sbtest2_pkey on sbtest2  (cost=0.43..395.87 rows=100 width=125)
	  Index Cond: ((id >= 3945702) AND (id <= 3945802))

table 3 : explain SELECT id, c FROM sbtest3 WHERE id BETWEEN 3945702 AND 3945802
	Index Scan using sbtest3_pkey on sbtest3  (cost=0.43..444.24 rows=112 width=125)
	  Index Cond: ((id >= 3945702) AND (id <= 3945802))

table 4 : explain SELECT id, c FROM sbtest4 WHERE id BETWEEN 3945702 AND 3945802
	Index Scan using sbtest4_pkey on sbtest4  (cost=0.43..399.32 rows=101 width=125)
	  Index Cond: ((id >= 3945702) AND (id <= 3945802))

table 5 : explain SELECT id, c FROM sbtest5 WHERE id BETWEEN 3945702 AND 3945802
	Index Scan using sbtest5_pkey on sbtest5  (cost=0.43..415.58 rows=105 width=125)
	  Index Cond: ((id >= 3945702) AND (id <= 3945802))

table 6 : explain SELECT id, c FROM sbtest6 WHERE id BETWEEN 3945702 AND 3945802
	Index Scan using sbtest6_pkey on sbtest6  (cost=0.43..400.75 rows=101 width=125)
	  Index Cond: ((id >= 3945702) AND (id <= 3945802))

table 7 : explain SELECT id, c FROM sbtest7 WHERE id BETWEEN 3945702 AND 3945802
	Index Scan using sbtest7_pkey on sbtest7  (cost=0.43..399.89 rows=101 width=125)
	  Index Cond: ((id >= 3945702) AND (id <= 3945802))

table 8 : explain SELECT id, c FROM sbtest8 WHERE id BETWEEN 3945702 AND 3945802
	Index Scan using sbtest8_pkey on sbtest8  (cost=0.43..404.01 rows=102 width=125)
	  Index Cond: ((id >= 3945702) AND (id <= 3945802))

explain: for range-notcovered :: explain SELECT id, c FROM sbtest%d WHERE id BETWEEN 3945702 AND 3945802
explain: for range-notcovered :: explain SELECT id, c FROM sbtest%d WHERE id BETWEEN 1572200 AND 1572300
for range-notcovered
table 1 : explain SELECT id, c FROM sbtest1 WHERE id BETWEEN 6731455 AND 6731555
	Index Scan using sbtest1_pkey on sbtest1  (cost=0.43..412.64 rows=104 width=125)
	  Index Cond: ((id >= 6731455) AND (id <= 6731555))

table 2 : explain SELECT id, c FROM sbtest2 WHERE id BETWEEN 6731455 AND 6731555
	Index Scan using sbtest2_pkey on sbtest2  (cost=0.43..384.11 rows=97 width=125)
	  Index Cond: ((id >= 6731455) AND (id <= 6731555))

table 3 : explain SELECT id, c FROM sbtest3 WHERE id BETWEEN 6731455 AND 6731555
	Index Scan using sbtest3_pkey on sbtest3  (cost=0.43..444.24 rows=112 width=125)
	  Index Cond: ((id >= 6731455) AND (id <= 6731555))

table 4 : explain SELECT id, c FROM sbtest4 WHERE id BETWEEN 6731455 AND 6731555
	Index Scan using sbtest4_pkey on sbtest4  (cost=0.43..391.50 rows=99 width=125)
	  Index Cond: ((id >= 6731455) AND (id <= 6731555))

table 5 : explain SELECT id, c FROM sbtest5 WHERE id BETWEEN 6731455 AND 6731555
	Index Scan using sbtest5_pkey on sbtest5  (cost=0.43..435.15 rows=110 width=125)
	  Index Cond: ((id >= 6731455) AND (id <= 6731555))

table 6 : explain SELECT id, c FROM sbtest6 WHERE id BETWEEN 6731455 AND 6731555
	Index Scan using sbtest6_pkey on sbtest6  (cost=0.43..400.75 rows=101 width=125)
	  Index Cond: ((id >= 6731455) AND (id <= 6731555))

table 7 : explain SELECT id, c FROM sbtest7 WHERE id BETWEEN 6731455 AND 6731555
	Index Scan using sbtest7_pkey on sbtest7  (cost=0.43..372.47 rows=94 width=125)
	  Index Cond: ((id >= 6731455) AND (id <= 6731555))

table 8 : explain SELECT id, c FROM sbtest8 WHERE id BETWEEN 6731455 AND 6731555
	Index Scan using sbtest8_pkey on sbtest8  (cost=0.43..407.92 rows=103 width=125)
	  Index Cond: ((id >= 6731455) AND (id <= 6731555))

explain: for range-notcovered :: explain SELECT id, c FROM sbtest%d WHERE id BETWEEN 6731455 AND 6731555
for range-notcovered
table 1 : explain SELECT id, c FROM sbtest1 WHERE id BETWEEN 6313578 AND 6313678
	Index Scan using sbtest1_pkey on sbtest1  (cost=0.43..381.26 rows=96 width=125)
	  Index Cond: ((id >= 6313578) AND (id <= 6313678))

table 2 : explain SELECT id, c FROM sbtest2 WHERE id BETWEEN 6313578 AND 6313678
	Index Scan using sbtest2_pkey on sbtest2  (cost=0.43..388.02 rows=98 width=125)
	  Index Cond: ((id >= 6313578) AND (id <= 6313678))

table 3 : explain SELECT id, c FROM sbtest3 WHERE id BETWEEN 6313578 AND 6313678
	Index Scan using sbtest3_pkey on sbtest3  (cost=0.43..436.39 rows=110 width=125)
	  Index Cond: ((id >= 6313578) AND (id <= 6313678))

table 4 : explain SELECT id, c FROM sbtest4 WHERE id BETWEEN 6313578 AND 6313678
	Index Scan using sbtest4_pkey on sbtest4  (cost=0.43..364.12 rows=92 width=125)
	  Index Cond: ((id >= 6313578) AND (id <= 6313678))

table 5 : explain SELECT id, c FROM sbtest5 WHERE id BETWEEN 6313578 AND 6313678
	Index Scan using sbtest5_pkey on sbtest5  (cost=0.43..396.01 rows=100 width=125)
	  Index Cond: ((id >= 6313578) AND (id <= 6313678))

table 6 : explain SELECT id, c FROM sbtest6 WHERE id BETWEEN 6313578 AND 6313678
	Index Scan using sbtest6_pkey on sbtest6  (cost=0.43..416.44 rows=105 width=125)
	  Index Cond: ((id >= 6313578) AND (id <= 6313678))

table 7 : explain SELECT id, c FROM sbtest7 WHERE id BETWEEN 6313578 AND 6313678
	Index Scan using sbtest7_pkey on sbtest7  (cost=0.43..403.80 rows=102 width=125)
	  Index Cond: ((id >= 6313578) AND (id <= 6313678))

table 8 : explain SELECT id, c FROM sbtest8 WHERE id BETWEEN 6313578 AND 6313678
	Index Scan using sbtest8_pkey on sbtest8  (cost=0.43..439.25 rows=111 width=125)
	  Index Cond: ((id >= 6313578) AND (id <= 6313678))

for range-notcovered
table 1 : explain SELECT id, c FROM sbtest1 WHERE id BETWEEN 3078574 AND 3078674
	Index Scan using sbtest1_pkey on sbtest1  (cost=0.43..361.62 rows=91 width=125)
	  Index Cond: ((id >= 3078574) AND (id <= 3078674))

table 2 : explain SELECT id, c FROM sbtest2 WHERE id BETWEEN 3078574 AND 3078674
	Index Scan using sbtest2_pkey on sbtest2  (cost=0.43..388.02 rows=98 width=125)
	  Index Cond: ((id >= 3078574) AND (id <= 3078674))

table 3 : explain SELECT id, c FROM sbtest3 WHERE id BETWEEN 3078574 AND 3078674
	Index Scan using sbtest3_pkey on sbtest3  (cost=0.43..401.06 rows=101 width=125)
	  Index Cond: ((id >= 3078574) AND (id <= 3078674))

table 4 : explain SELECT id, c FROM sbtest4 WHERE id BETWEEN 3078574 AND 3078674
	Index Scan using sbtest4_pkey on sbtest4  (cost=0.43..399.32 rows=101 width=125)
	  Index Cond: ((id >= 3078574) AND (id <= 3078674))

table 5 : explain SELECT id, c FROM sbtest5 WHERE id BETWEEN 3078574 AND 3078674
	Index Scan using sbtest5_pkey on sbtest5  (cost=0.43..399.93 rows=101 width=125)
	  Index Cond: ((id >= 3078574) AND (id <= 3078674))

table 6 : explain SELECT id, c FROM sbtest6 WHERE id BETWEEN 3078574 AND 3078674
	Index Scan using sbtest6_pkey on sbtest6  (cost=0.43..432.13 rows=109 width=125)
	  Index Cond: ((id >= 3078574) AND (id <= 3078674))

table 7 : explain SELECT id, c FROM sbtest7 WHERE id BETWEEN 3078574 AND 3078674
	Index Scan using sbtest7_pkey on sbtest7  (cost=0.43..384.23 rows=97 width=125)
	  Index Cond: ((id >= 3078574) AND (id <= 3078674))

table 8 : explain SELECT id, c FROM sbtest8 WHERE id BETWEEN 3078574 AND 3078674
	Index Scan using sbtest8_pkey on sbtest8  (cost=0.43..396.18 rows=100 width=125)
	  Index Cond: ((id >= 3078574) AND (id <= 3078674))

explain: for range-notcovered :: explain SELECT id, c FROM sbtest%d WHERE id BETWEEN 6313578 AND 6313678
explain: for range-notcovered :: explain SELECT id, c FROM sbtest%d WHERE id BETWEEN 3078574 AND 3078674
for range-notcovered
table 1 : explain SELECT id, c FROM sbtest1 WHERE id BETWEEN 3945702 AND 3945802
	Index Scan using sbtest1_pkey on sbtest1  (cost=0.43..389.10 rows=98 width=125)
	  Index Cond: ((id >= 3945702) AND (id <= 3945802))

table 2 : explain SELECT id, c FROM sbtest2 WHERE id BETWEEN 3945702 AND 3945802
	Index Scan using sbtest2_pkey on sbtest2  (cost=0.43..395.87 rows=100 width=125)
	  Index Cond: ((id >= 3945702) AND (id <= 3945802))

table 3 : explain SELECT id, c FROM sbtest3 WHERE id BETWEEN 3945702 AND 3945802
	Index Scan using sbtest3_pkey on sbtest3  (cost=0.43..444.24 rows=112 width=125)
	  Index Cond: ((id >= 3945702) AND (id <= 3945802))

table 4 : explain SELECT id, c FROM sbtest4 WHERE id BETWEEN 3945702 AND 3945802
	Index Scan using sbtest4_pkey on sbtest4  (cost=0.43..399.32 rows=101 width=125)
	  Index Cond: ((id >= 3945702) AND (id <= 3945802))

table 5 : explain SELECT id, c FROM sbtest5 WHERE id BETWEEN 3945702 AND 3945802
	Index Scan using sbtest5_pkey on sbtest5  (cost=0.43..415.58 rows=105 width=125)
	  Index Cond: ((id >= 3945702) AND (id <= 3945802))

table 6 : explain SELECT id, c FROM sbtest6 WHERE id BETWEEN 3945702 AND 3945802
	Index Scan using sbtest6_pkey on sbtest6  (cost=0.43..400.75 rows=101 width=125)
	  Index Cond: ((id >= 3945702) AND (id <= 3945802))

table 7 : explain SELECT id, c FROM sbtest7 WHERE id BETWEEN 3945702 AND 3945802
	Index Scan using sbtest7_pkey on sbtest7  (cost=0.43..399.89 rows=101 width=125)
	  Index Cond: ((id >= 3945702) AND (id <= 3945802))

table 8 : explain SELECT id, c FROM sbtest8 WHERE id BETWEEN 3945702 AND 3945802
	Index Scan using sbtest8_pkey on sbtest8  (cost=0.43..404.01 rows=102 width=125)
	  Index Cond: ((id >= 3945702) AND (id <= 3945802))

explain: for range-notcovered :: explain SELECT id, c FROM sbtest%d WHERE id BETWEEN 3945702 AND 3945802
for range-notcovered
table 1 : explain SELECT id, c FROM sbtest1 WHERE id BETWEEN 6731455 AND 6731555
	Index Scan using sbtest1_pkey on sbtest1  (cost=0.43..412.64 rows=104 width=125)
	  Index Cond: ((id >= 6731455) AND (id <= 6731555))

table 2 : explain SELECT id, c FROM sbtest2 WHERE id BETWEEN 6731455 AND 6731555
	Index Scan using sbtest2_pkey on sbtest2  (cost=0.43..384.11 rows=97 width=125)
	  Index Cond: ((id >= 6731455) AND (id <= 6731555))

table 3 : explain SELECT id, c FROM sbtest3 WHERE id BETWEEN 6731455 AND 6731555
	Index Scan using sbtest3_pkey on sbtest3  (cost=0.43..444.24 rows=112 width=125)
	  Index Cond: ((id >= 6731455) AND (id <= 6731555))

table 4 : explain SELECT id, c FROM sbtest4 WHERE id BETWEEN 6731455 AND 6731555
	Index Scan using sbtest4_pkey on sbtest4  (cost=0.43..391.50 rows=99 width=125)
	  Index Cond: ((id >= 6731455) AND (id <= 6731555))

table 5 : explain SELECT id, c FROM sbtest5 WHERE id BETWEEN 6731455 AND 6731555
	Index Scan using sbtest5_pkey on sbtest5  (cost=0.43..435.15 rows=110 width=125)
	  Index Cond: ((id >= 6731455) AND (id <= 6731555))

table 6 : explain SELECT id, c FROM sbtest6 WHERE id BETWEEN 6731455 AND 6731555
	Index Scan using sbtest6_pkey on sbtest6  (cost=0.43..400.75 rows=101 width=125)
	  Index Cond: ((id >= 6731455) AND (id <= 6731555))

table 7 : explain SELECT id, c FROM sbtest7 WHERE id BETWEEN 6731455 AND 6731555
	Index Scan using sbtest7_pkey on sbtest7  (cost=0.43..372.47 rows=94 width=125)
	  Index Cond: ((id >= 6731455) AND (id <= 6731555))

table 8 : explain SELECT id, c FROM sbtest8 WHERE id BETWEEN 6731455 AND 6731555
	Index Scan using sbtest8_pkey on sbtest8  (cost=0.43..407.92 rows=103 width=125)
	  Index Cond: ((id >= 6731455) AND (id <= 6731555))

for range-notcovered
table 1 : explain SELECT id, c FROM sbtest1 WHERE id BETWEEN 4765013 AND 4765113
	Index Scan using sbtest1_pkey on sbtest1  (cost=0.43..420.49 rows=106 width=125)
	  Index Cond: ((id >= 4765013) AND (id <= 4765113))

table 2 : explain SELECT id, c FROM sbtest2 WHERE id BETWEEN 4765013 AND 4765113
	Index Scan using sbtest2_pkey on sbtest2  (cost=0.43..423.26 rows=107 width=125)
	  Index Cond: ((id >= 4765013) AND (id <= 4765113))

table 3 : explain SELECT id, c FROM sbtest3 WHERE id BETWEEN 4765013 AND 4765113
	Index Scan using sbtest3_pkey on sbtest3  (cost=0.43..424.61 rows=107 width=125)
	  Index Cond: ((id >= 4765013) AND (id <= 4765113))

table 4 : explain SELECT id, c FROM sbtest4 WHERE id BETWEEN 4765013 AND 4765113
	Index Scan using sbtest4_pkey on sbtest4  (cost=0.43..395.41 rows=100 width=125)
	  Index Cond: ((id >= 4765013) AND (id <= 4765113))

table 5 : explain SELECT id, c FROM sbtest5 WHERE id BETWEEN 4765013 AND 4765113
	Index Scan using sbtest5_pkey on sbtest5  (cost=0.43..392.10 rows=99 width=125)
	  Index Cond: ((id >= 4765013) AND (id <= 4765113))

table 6 : explain SELECT id, c FROM sbtest6 WHERE id BETWEEN 4765013 AND 4765113
	Index Scan using sbtest6_pkey on sbtest6  (cost=0.43..377.19 rows=95 width=125)
	  Index Cond: ((id >= 4765013) AND (id <= 4765113))

table 7 : explain SELECT id, c FROM sbtest7 WHERE id BETWEEN 4765013 AND 4765113
	Index Scan using sbtest7_pkey on sbtest7  (cost=0.43..384.23 rows=97 width=125)
	  Index Cond: ((id >= 4765013) AND (id <= 4765113))

table 8 : explain SELECT id, c FROM sbtest8 WHERE id BETWEEN 4765013 AND 4765113
	Index Scan using sbtest8_pkey on sbtest8  (cost=0.43..372.66 rows=94 width=125)
	  Index Cond: ((id >= 4765013) AND (id <= 4765113))

explain: for range-notcovered :: explain SELECT id, c FROM sbtest%d WHERE id BETWEEN 4765013 AND 4765113
for range-notcovered
table 1 : explain SELECT id, c FROM sbtest1 WHERE id BETWEEN 3078574 AND 3078674
	Index Scan using sbtest1_pkey on sbtest1  (cost=0.43..361.62 rows=91 width=125)
	  Index Cond: ((id >= 3078574) AND (id <= 3078674))

table 2 : explain SELECT id, c FROM sbtest2 WHERE id BETWEEN 3078574 AND 3078674
	Index Scan using sbtest2_pkey on sbtest2  (cost=0.43..388.02 rows=98 width=125)
	  Index Cond: ((id >= 3078574) AND (id <= 3078674))

table 3 : explain SELECT id, c FROM sbtest3 WHERE id BETWEEN 3078574 AND 3078674
	Index Scan using sbtest3_pkey on sbtest3  (cost=0.43..401.06 rows=101 width=125)
	  Index Cond: ((id >= 3078574) AND (id <= 3078674))

table 4 : explain SELECT id, c FROM sbtest4 WHERE id BETWEEN 3078574 AND 3078674
	Index Scan using sbtest4_pkey on sbtest4  (cost=0.43..399.32 rows=101 width=125)
	  Index Cond: ((id >= 3078574) AND (id <= 3078674))

table 5 : explain SELECT id, c FROM sbtest5 WHERE id BETWEEN 3078574 AND 3078674
	Index Scan using sbtest5_pkey on sbtest5  (cost=0.43..399.93 rows=101 width=125)
	  Index Cond: ((id >= 3078574) AND (id <= 3078674))

table 6 : explain SELECT id, c FROM sbtest6 WHERE id BETWEEN 3078574 AND 3078674
	Index Scan using sbtest6_pkey on sbtest6  (cost=0.43..432.13 rows=109 width=125)
	  Index Cond: ((id >= 3078574) AND (id <= 3078674))

table 7 : explain SELECT id, c FROM sbtest7 WHERE id BETWEEN 3078574 AND 3078674
	Index Scan using sbtest7_pkey on sbtest7  (cost=0.43..384.23 rows=97 width=125)
	  Index Cond: ((id >= 3078574) AND (id <= 3078674))

table 8 : explain SELECT id, c FROM sbtest8 WHERE id BETWEEN 3078574 AND 3078674
	Index Scan using sbtest8_pkey on sbtest8  (cost=0.43..396.18 rows=100 width=125)
	  Index Cond: ((id >= 3078574) AND (id <= 3078674))

explain: for range-notcovered :: explain SELECT id, c FROM sbtest%d WHERE id BETWEEN 3078574 AND 3078674
for range-notcovered
table 1 : explain SELECT id, c FROM sbtest1 WHERE id BETWEEN 6313578 AND 6313678
	Index Scan using sbtest1_pkey on sbtest1  (cost=0.43..381.26 rows=96 width=125)
	  Index Cond: ((id >= 6313578) AND (id <= 6313678))

table 2 : explain SELECT id, c FROM sbtest2 WHERE id BETWEEN 6313578 AND 6313678
	Index Scan using sbtest2_pkey on sbtest2  (cost=0.43..388.02 rows=98 width=125)
	  Index Cond: ((id >= 6313578) AND (id <= 6313678))

table 3 : explain SELECT id, c FROM sbtest3 WHERE id BETWEEN 6313578 AND 6313678
	Index Scan using sbtest3_pkey on sbtest3  (cost=0.43..436.39 rows=110 width=125)
	  Index Cond: ((id >= 6313578) AND (id <= 6313678))

table 4 : explain SELECT id, c FROM sbtest4 WHERE id BETWEEN 6313578 AND 6313678
	Index Scan using sbtest4_pkey on sbtest4  (cost=0.43..364.12 rows=92 width=125)
	  Index Cond: ((id >= 6313578) AND (id <= 6313678))

table 5 : explain SELECT id, c FROM sbtest5 WHERE id BETWEEN 6313578 AND 6313678
	Index Scan using sbtest5_pkey on sbtest5  (cost=0.43..396.01 rows=100 width=125)
	  Index Cond: ((id >= 6313578) AND (id <= 6313678))

table 6 : explain SELECT id, c FROM sbtest6 WHERE id BETWEEN 6313578 AND 6313678
	Index Scan using sbtest6_pkey on sbtest6  (cost=0.43..416.44 rows=105 width=125)
	  Index Cond: ((id >= 6313578) AND (id <= 6313678))

table 7 : explain SELECT id, c FROM sbtest7 WHERE id BETWEEN 6313578 AND 6313678
	Index Scan using sbtest7_pkey on sbtest7  (cost=0.43..403.80 rows=102 width=125)
	  Index Cond: ((id >= 6313578) AND (id <= 6313678))

table 8 : explain SELECT id, c FROM sbtest8 WHERE id BETWEEN 6313578 AND 6313678
	Index Scan using sbtest8_pkey on sbtest8  (cost=0.43..439.25 rows=111 width=125)
	  Index Cond: ((id >= 6313578) AND (id <= 6313678))

explain: for range-notcovered :: explain SELECT id, c FROM sbtest%d WHERE id BETWEEN 3784171 AND 3784271
explain: for range-notcovered :: explain SELECT id, c FROM sbtest%d WHERE id BETWEEN 6313578 AND 6313678
for range-notcovered
table 1 : explain SELECT id, c FROM sbtest1 WHERE id BETWEEN 3945702 AND 3945802
	Index Scan using sbtest1_pkey on sbtest1  (cost=0.43..389.10 rows=98 width=125)
	  Index Cond: ((id >= 3945702) AND (id <= 3945802))

table 2 : explain SELECT id, c FROM sbtest2 WHERE id BETWEEN 3945702 AND 3945802
	Index Scan using sbtest2_pkey on sbtest2  (cost=0.43..395.87 rows=100 width=125)
	  Index Cond: ((id >= 3945702) AND (id <= 3945802))

table 3 : explain SELECT id, c FROM sbtest3 WHERE id BETWEEN 3945702 AND 3945802
	Index Scan using sbtest3_pkey on sbtest3  (cost=0.43..444.24 rows=112 width=125)
	  Index Cond: ((id >= 3945702) AND (id <= 3945802))

table 4 : explain SELECT id, c FROM sbtest4 WHERE id BETWEEN 3945702 AND 3945802
	Index Scan using sbtest4_pkey on sbtest4  (cost=0.43..399.32 rows=101 width=125)
	  Index Cond: ((id >= 3945702) AND (id <= 3945802))

table 5 : explain SELECT id, c FROM sbtest5 WHERE id BETWEEN 3945702 AND 3945802
	Index Scan using sbtest5_pkey on sbtest5  (cost=0.43..415.58 rows=105 width=125)
	  Index Cond: ((id >= 3945702) AND (id <= 3945802))

table 6 : explain SELECT id, c FROM sbtest6 WHERE id BETWEEN 3945702 AND 3945802
	Index Scan using sbtest6_pkey on sbtest6  (cost=0.43..400.75 rows=101 width=125)
	  Index Cond: ((id >= 3945702) AND (id <= 3945802))

table 7 : explain SELECT id, c FROM sbtest7 WHERE id BETWEEN 3945702 AND 3945802
	Index Scan using sbtest7_pkey on sbtest7  (cost=0.43..399.89 rows=101 width=125)
	  Index Cond: ((id >= 3945702) AND (id <= 3945802))

table 8 : explain SELECT id, c FROM sbtest8 WHERE id BETWEEN 3945702 AND 3945802
	Index Scan using sbtest8_pkey on sbtest8  (cost=0.43..404.01 rows=102 width=125)
	  Index Cond: ((id >= 3945702) AND (id <= 3945802))

explain: for range-notcovered :: explain SELECT id, c FROM sbtest%d WHERE id BETWEEN 3945702 AND 3945802
explain: for range-notcovered :: explain SELECT id, c FROM sbtest%d WHERE id BETWEEN 1904249 AND 1904349
for range-notcovered
table 1 : explain SELECT id, c FROM sbtest1 WHERE id BETWEEN 3078574 AND 3078674
	Index Scan using sbtest1_pkey on sbtest1  (cost=0.43..361.62 rows=91 width=125)
	  Index Cond: ((id >= 3078574) AND (id <= 3078674))

table 2 : explain SELECT id, c FROM sbtest2 WHERE id BETWEEN 3078574 AND 3078674
	Index Scan using sbtest2_pkey on sbtest2  (cost=0.43..388.02 rows=98 width=125)
	  Index Cond: ((id >= 3078574) AND (id <= 3078674))

table 3 : explain SELECT id, c FROM sbtest3 WHERE id BETWEEN 3078574 AND 3078674
	Index Scan using sbtest3_pkey on sbtest3  (cost=0.43..401.06 rows=101 width=125)
	  Index Cond: ((id >= 3078574) AND (id <= 3078674))

table 4 : explain SELECT id, c FROM sbtest4 WHERE id BETWEEN 3078574 AND 3078674
	Index Scan using sbtest4_pkey on sbtest4  (cost=0.43..399.32 rows=101 width=125)
	  Index Cond: ((id >= 3078574) AND (id <= 3078674))

table 5 : explain SELECT id, c FROM sbtest5 WHERE id BETWEEN 3078574 AND 3078674
	Index Scan using sbtest5_pkey on sbtest5  (cost=0.43..399.93 rows=101 width=125)
	  Index Cond: ((id >= 3078574) AND (id <= 3078674))

table 6 : explain SELECT id, c FROM sbtest6 WHERE id BETWEEN 3078574 AND 3078674
	Index Scan using sbtest6_pkey on sbtest6  (cost=0.43..432.13 rows=109 width=125)
	  Index Cond: ((id >= 3078574) AND (id <= 3078674))

table 7 : explain SELECT id, c FROM sbtest7 WHERE id BETWEEN 3078574 AND 3078674
	Index Scan using sbtest7_pkey on sbtest7  (cost=0.43..384.23 rows=97 width=125)
	  Index Cond: ((id >= 3078574) AND (id <= 3078674))

table 8 : explain SELECT id, c FROM sbtest8 WHERE id BETWEEN 3078574 AND 3078674
	Index Scan using sbtest8_pkey on sbtest8  (cost=0.43..396.18 rows=100 width=125)
	  Index Cond: ((id >= 3078574) AND (id <= 3078674))

explain: for range-notcovered :: explain SELECT id, c FROM sbtest%d WHERE id BETWEEN 3078574 AND 3078674
for range-notcovered
table 1 : explain SELECT id, c FROM sbtest1 WHERE id BETWEEN 4765013 AND 4765113
	Index Scan using sbtest1_pkey on sbtest1  (cost=0.43..420.49 rows=106 width=125)
	  Index Cond: ((id >= 4765013) AND (id <= 4765113))

table 2 : explain SELECT id, c FROM sbtest2 WHERE id BETWEEN 4765013 AND 4765113
	Index Scan using sbtest2_pkey on sbtest2  (cost=0.43..423.26 rows=107 width=125)
	  Index Cond: ((id >= 4765013) AND (id <= 4765113))

table 3 : explain SELECT id, c FROM sbtest3 WHERE id BETWEEN 4765013 AND 4765113
	Index Scan using sbtest3_pkey on sbtest3  (cost=0.43..424.61 rows=107 width=125)
	  Index Cond: ((id >= 4765013) AND (id <= 4765113))

table 4 : explain SELECT id, c FROM sbtest4 WHERE id BETWEEN 4765013 AND 4765113
	Index Scan using sbtest4_pkey on sbtest4  (cost=0.43..395.41 rows=100 width=125)
	  Index Cond: ((id >= 4765013) AND (id <= 4765113))

table 5 : explain SELECT id, c FROM sbtest5 WHERE id BETWEEN 4765013 AND 4765113
	Index Scan using sbtest5_pkey on sbtest5  (cost=0.43..392.10 rows=99 width=125)
	  Index Cond: ((id >= 4765013) AND (id <= 4765113))

table 6 : explain SELECT id, c FROM sbtest6 WHERE id BETWEEN 4765013 AND 4765113
	Index Scan using sbtest6_pkey on sbtest6  (cost=0.43..377.19 rows=95 width=125)
	  Index Cond: ((id >= 4765013) AND (id <= 4765113))

table 7 : explain SELECT id, c FROM sbtest7 WHERE id BETWEEN 4765013 AND 4765113
	Index Scan using sbtest7_pkey on sbtest7  (cost=0.43..384.23 rows=97 width=125)
	  Index Cond: ((id >= 4765013) AND (id <= 4765113))

table 8 : explain SELECT id, c FROM sbtest8 WHERE id BETWEEN 4765013 AND 4765113
	Index Scan using sbtest8_pkey on sbtest8  (cost=0.43..372.66 rows=94 width=125)
	  Index Cond: ((id >= 4765013) AND (id <= 4765113))

for range-notcovered
table 1 : explain SELECT id, c FROM sbtest1 WHERE id BETWEEN 3945702 AND 3945802
	Index Scan using sbtest1_pkey on sbtest1  (cost=0.43..389.10 rows=98 width=125)
	  Index Cond: ((id >= 3945702) AND (id <= 3945802))

table 2 : explain SELECT id, c FROM sbtest2 WHERE id BETWEEN 3945702 AND 3945802
	Index Scan using sbtest2_pkey on sbtest2  (cost=0.43..395.87 rows=100 width=125)
	  Index Cond: ((id >= 3945702) AND (id <= 3945802))

table 3 : explain SELECT id, c FROM sbtest3 WHERE id BETWEEN 3945702 AND 3945802
	Index Scan using sbtest3_pkey on sbtest3  (cost=0.43..444.24 rows=112 width=125)
	  Index Cond: ((id >= 3945702) AND (id <= 3945802))

table 4 : explain SELECT id, c FROM sbtest4 WHERE id BETWEEN 3945702 AND 3945802
	Index Scan using sbtest4_pkey on sbtest4  (cost=0.43..399.32 rows=101 width=125)
	  Index Cond: ((id >= 3945702) AND (id <= 3945802))

table 5 : explain SELECT id, c FROM sbtest5 WHERE id BETWEEN 3945702 AND 3945802
	Index Scan using sbtest5_pkey on sbtest5  (cost=0.43..415.58 rows=105 width=125)
	  Index Cond: ((id >= 3945702) AND (id <= 3945802))

table 6 : explain SELECT id, c FROM sbtest6 WHERE id BETWEEN 3945702 AND 3945802
	Index Scan using sbtest6_pkey on sbtest6  (cost=0.43..400.75 rows=101 width=125)
	  Index Cond: ((id >= 3945702) AND (id <= 3945802))

table 7 : explain SELECT id, c FROM sbtest7 WHERE id BETWEEN 3945702 AND 3945802
	Index Scan using sbtest7_pkey on sbtest7  (cost=0.43..399.89 rows=101 width=125)
	  Index Cond: ((id >= 3945702) AND (id <= 3945802))

table 8 : explain SELECT id, c FROM sbtest8 WHERE id BETWEEN 3945702 AND 3945802
	Index Scan using sbtest8_pkey on sbtest8  (cost=0.43..404.01 rows=102 width=125)
	  Index Cond: ((id >= 3945702) AND (id <= 3945802))

explain: for range-notcovered :: explain SELECT id, c FROM sbtest%d WHERE id BETWEEN 4765013 AND 4765113
for range-notcovered
table 1 : explain SELECT id, c FROM sbtest1 WHERE id BETWEEN 7772462 AND 7772562
	Index Scan using sbtest1_pkey on sbtest1  (cost=0.43..400.87 rows=101 width=125)
	  Index Cond: ((id >= 7772462) AND (id <= 7772562))

table 2 : explain SELECT id, c FROM sbtest2 WHERE id BETWEEN 7772462 AND 7772562
	Index Scan using sbtest2_pkey on sbtest2  (cost=0.43..399.78 rows=101 width=125)
	  Index Cond: ((id >= 7772462) AND (id <= 7772562))

table 3 : explain SELECT id, c FROM sbtest3 WHERE id BETWEEN 7772462 AND 7772562
	Index Scan using sbtest3_pkey on sbtest3  (cost=0.43..385.34 rows=97 width=125)
	  Index Cond: ((id >= 7772462) AND (id <= 7772562))

table 4 : explain SELECT id, c FROM sbtest4 WHERE id BETWEEN 7772462 AND 7772562
	Index Scan using sbtest4_pkey on sbtest4  (cost=0.43..407.13 rows=103 width=125)
	  Index Cond: ((id >= 7772462) AND (id <= 7772562))

table 5 : explain SELECT id, c FROM sbtest5 WHERE id BETWEEN 7772462 AND 7772562
	Index Scan using sbtest5_pkey on sbtest5  (cost=0.43..407.76 rows=103 width=125)
	  Index Cond: ((id >= 7772462) AND (id <= 7772562))

table 6 : explain SELECT id, c FROM sbtest6 WHERE id BETWEEN 7772462 AND 7772562
	Index Scan using sbtest6_pkey on sbtest6  (cost=0.43..388.98 rows=98 width=125)
	  Index Cond: ((id >= 7772462) AND (id <= 7772562))

table 7 : explain SELECT id, c FROM sbtest7 WHERE id BETWEEN 7772462 AND 7772562
	Index Scan using sbtest7_pkey on sbtest7  (cost=0.43..411.63 rows=104 width=125)
	  Index Cond: ((id >= 7772462) AND (id <= 7772562))

table 8 : explain SELECT id, c FROM sbtest8 WHERE id BETWEEN 7772462 AND 7772562
	Index Scan using sbtest8_pkey on sbtest8  (cost=0.43..423.59 rows=107 width=125)
	  Index Cond: ((id >= 7772462) AND (id <= 7772562))

explain: for range-notcovered :: explain SELECT id, c FROM sbtest%d WHERE id BETWEEN 7772462 AND 7772562
for range-notcovered
table 1 : explain SELECT id, c FROM sbtest1 WHERE id BETWEEN 3078574 AND 3078674
	Index Scan using sbtest1_pkey on sbtest1  (cost=0.43..361.62 rows=91 width=125)
	  Index Cond: ((id >= 3078574) AND (id <= 3078674))

table 2 : explain SELECT id, c FROM sbtest2 WHERE id BETWEEN 3078574 AND 3078674
	Index Scan using sbtest2_pkey on sbtest2  (cost=0.43..388.02 rows=98 width=125)
	  Index Cond: ((id >= 3078574) AND (id <= 3078674))

table 3 : explain SELECT id, c FROM sbtest3 WHERE id BETWEEN 3078574 AND 3078674
	Index Scan using sbtest3_pkey on sbtest3  (cost=0.43..401.06 rows=101 width=125)
	  Index Cond: ((id >= 3078574) AND (id <= 3078674))

table 4 : explain SELECT id, c FROM sbtest4 WHERE id BETWEEN 3078574 AND 3078674
	Index Scan using sbtest4_pkey on sbtest4  (cost=0.43..399.32 rows=101 width=125)
	  Index Cond: ((id >= 3078574) AND (id <= 3078674))

table 5 : explain SELECT id, c FROM sbtest5 WHERE id BETWEEN 3078574 AND 3078674
	Index Scan using sbtest5_pkey on sbtest5  (cost=0.43..399.93 rows=101 width=125)
	  Index Cond: ((id >= 3078574) AND (id <= 3078674))

table 6 : explain SELECT id, c FROM sbtest6 WHERE id BETWEEN 3078574 AND 3078674
	Index Scan using sbtest6_pkey on sbtest6  (cost=0.43..432.13 rows=109 width=125)
	  Index Cond: ((id >= 3078574) AND (id <= 3078674))

table 7 : explain SELECT id, c FROM sbtest7 WHERE id BETWEEN 3078574 AND 3078674
	Index Scan using sbtest7_pkey on sbtest7  (cost=0.43..384.23 rows=97 width=125)
	  Index Cond: ((id >= 3078574) AND (id <= 3078674))

table 8 : explain SELECT id, c FROM sbtest8 WHERE id BETWEEN 3078574 AND 3078674
	Index Scan using sbtest8_pkey on sbtest8  (cost=0.43..396.18 rows=100 width=125)
	  Index Cond: ((id >= 3078574) AND (id <= 3078674))

explain: for range-notcovered :: explain SELECT id, c FROM sbtest%d WHERE id BETWEEN 3945702 AND 3945802
for range-notcovered
table 1 : explain SELECT id, c FROM sbtest1 WHERE id BETWEEN 7452986 AND 7453086
	Index Scan using sbtest1_pkey on sbtest1  (cost=0.43..428.34 rows=108 width=125)
	  Index Cond: ((id >= 7452986) AND (id <= 7453086))

table 2 : explain SELECT id, c FROM sbtest2 WHERE id BETWEEN 7452986 AND 7453086
	Index Scan using sbtest2_pkey on sbtest2  (cost=0.43..403.70 rows=102 width=125)
	  Index Cond: ((id >= 7452986) AND (id <= 7453086))

table 3 : explain SELECT id, c FROM sbtest3 WHERE id BETWEEN 7452986 AND 7453086
	Index Scan using sbtest3_pkey on sbtest3  (cost=0.43..377.49 rows=95 width=125)
	  Index Cond: ((id >= 7452986) AND (id <= 7453086))

table 4 : explain SELECT id, c FROM sbtest4 WHERE id BETWEEN 7452986 AND 7453086
	Index Scan using sbtest4_pkey on sbtest4  (cost=0.43..411.04 rows=104 width=125)
	  Index Cond: ((id >= 7452986) AND (id <= 7453086))

table 5 : explain SELECT id, c FROM sbtest5 WHERE id BETWEEN 7452986 AND 7453086
	Index Scan using sbtest5_pkey on sbtest5  (cost=0.43..368.59 rows=93 width=125)
	  Index Cond: ((id >= 7452986) AND (id <= 7453086))

table 6 : explain SELECT id, c FROM sbtest6 WHERE id BETWEEN 7452986 AND 7453086
	Index Scan using sbtest6_pkey on sbtest6  (cost=0.43..392.91 rows=99 width=125)
	  Index Cond: ((id >= 7452986) AND (id <= 7453086))

table 7 : explain SELECT id, c FROM sbtest7 WHERE id BETWEEN 7452986 AND 7453086
	Index Scan using sbtest7_pkey on sbtest7  (cost=0.43..431.20 rows=109 width=125)
	  Index Cond: ((id >= 7452986) AND (id <= 7453086))

table 8 : explain SELECT id, c FROM sbtest8 WHERE id BETWEEN 7452986 AND 7453086
	Index Scan using sbtest8_pkey on sbtest8  (cost=0.43..388.35 rows=98 width=125)
	  Index Cond: ((id >= 7452986) AND (id <= 7453086))

for range-notcovered
table 1 : explain SELECT id, c FROM sbtest1 WHERE id BETWEEN 6313578 AND 6313678
	Index Scan using sbtest1_pkey on sbtest1  (cost=0.43..381.26 rows=96 width=125)
	  Index Cond: ((id >= 6313578) AND (id <= 6313678))

table 2 : explain SELECT id, c FROM sbtest2 WHERE id BETWEEN 6313578 AND 6313678
	Index Scan using sbtest2_pkey on sbtest2  (cost=0.43..388.02 rows=98 width=125)
	  Index Cond: ((id >= 6313578) AND (id <= 6313678))

table 3 : explain SELECT id, c FROM sbtest3 WHERE id BETWEEN 6313578 AND 6313678
	Index Scan using sbtest3_pkey on sbtest3  (cost=0.43..436.39 rows=110 width=125)
	  Index Cond: ((id >= 6313578) AND (id <= 6313678))

table 4 : explain SELECT id, c FROM sbtest4 WHERE id BETWEEN 6313578 AND 6313678
	Index Scan using sbtest4_pkey on sbtest4  (cost=0.43..364.12 rows=92 width=125)
	  Index Cond: ((id >= 6313578) AND (id <= 6313678))

table 5 : explain SELECT id, c FROM sbtest5 WHERE id BETWEEN 6313578 AND 6313678
	Index Scan using sbtest5_pkey on sbtest5  (cost=0.43..396.01 rows=100 width=125)
	  Index Cond: ((id >= 6313578) AND (id <= 6313678))

table 6 : explain SELECT id, c FROM sbtest6 WHERE id BETWEEN 6313578 AND 6313678
	Index Scan using sbtest6_pkey on sbtest6  (cost=0.43..416.44 rows=105 width=125)
	  Index Cond: ((id >= 6313578) AND (id <= 6313678))

table 7 : explain SELECT id, c FROM sbtest7 WHERE id BETWEEN 6313578 AND 6313678
	Index Scan using sbtest7_pkey on sbtest7  (cost=0.43..403.80 rows=102 width=125)
	  Index Cond: ((id >= 6313578) AND (id <= 6313678))

table 8 : explain SELECT id, c FROM sbtest8 WHERE id BETWEEN 6313578 AND 6313678
	Index Scan using sbtest8_pkey on sbtest8  (cost=0.43..439.25 rows=111 width=125)
	  Index Cond: ((id >= 6313578) AND (id <= 6313678))

explain: for range-notcovered :: explain SELECT id, c FROM sbtest%d WHERE id BETWEEN 6313578 AND 6313678
explain: for range-notcovered :: explain SELECT id, c FROM sbtest%d WHERE id BETWEEN 7452986 AND 7453086
for range-notcovered
table 1 : explain SELECT id, c FROM sbtest1 WHERE id BETWEEN 1572200 AND 1572300
	Index Scan using sbtest1_pkey on sbtest1  (cost=0.43..393.03 rows=99 width=125)
	  Index Cond: ((id >= 1572200) AND (id <= 1572300))

table 2 : explain SELECT id, c FROM sbtest2 WHERE id BETWEEN 1572200 AND 1572300
	Index Scan using sbtest2_pkey on sbtest2  (cost=0.43..419.35 rows=106 width=125)
	  Index Cond: ((id >= 1572200) AND (id <= 1572300))

table 3 : explain SELECT id, c FROM sbtest3 WHERE id BETWEEN 1572200 AND 1572300
	Index Scan using sbtest3_pkey on sbtest3  (cost=0.43..404.99 rows=102 width=125)
	  Index Cond: ((id >= 1572200) AND (id <= 1572300))

table 4 : explain SELECT id, c FROM sbtest4 WHERE id BETWEEN 1572200 AND 1572300
	Index Scan using sbtest4_pkey on sbtest4  (cost=0.43..426.67 rows=108 width=125)
	  Index Cond: ((id >= 1572200) AND (id <= 1572300))

table 5 : explain SELECT id, c FROM sbtest5 WHERE id BETWEEN 1572200 AND 1572300
	Index Scan using sbtest5_pkey on sbtest5  (cost=0.43..388.19 rows=98 width=125)
	  Index Cond: ((id >= 1572200) AND (id <= 1572300))

table 6 : explain SELECT id, c FROM sbtest6 WHERE id BETWEEN 1572200 AND 1572300
	Index Scan using sbtest6_pkey on sbtest6  (cost=0.43..381.11 rows=96 width=125)
	  Index Cond: ((id >= 1572200) AND (id <= 1572300))

table 7 : explain SELECT id, c FROM sbtest7 WHERE id BETWEEN 1572200 AND 1572300
	Index Scan using sbtest7_pkey on sbtest7  (cost=0.43..395.98 rows=100 width=125)
	  Index Cond: ((id >= 1572200) AND (id <= 1572300))

table 8 : explain SELECT id, c FROM sbtest8 WHERE id BETWEEN 1572200 AND 1572300
	Index Scan using sbtest8_pkey on sbtest8  (cost=0.43..404.01 rows=102 width=125)
	  Index Cond: ((id >= 1572200) AND (id <= 1572300))

explain: for range-notcovered :: explain SELECT id, c FROM sbtest%d WHERE id BETWEEN 1572200 AND 1572300
for range-notcovered
table 1 : explain SELECT id, c FROM sbtest1 WHERE id BETWEEN 7772462 AND 7772562
	Index Scan using sbtest1_pkey on sbtest1  (cost=0.43..400.87 rows=101 width=125)
	  Index Cond: ((id >= 7772462) AND (id <= 7772562))

table 2 : explain SELECT id, c FROM sbtest2 WHERE id BETWEEN 7772462 AND 7772562
	Index Scan using sbtest2_pkey on sbtest2  (cost=0.43..399.78 rows=101 width=125)
	  Index Cond: ((id >= 7772462) AND (id <= 7772562))

table 3 : explain SELECT id, c FROM sbtest3 WHERE id BETWEEN 7772462 AND 7772562
	Index Scan using sbtest3_pkey on sbtest3  (cost=0.43..385.34 rows=97 width=125)
	  Index Cond: ((id >= 7772462) AND (id <= 7772562))

table 4 : explain SELECT id, c FROM sbtest4 WHERE id BETWEEN 7772462 AND 7772562
	Index Scan using sbtest4_pkey on sbtest4  (cost=0.43..407.13 rows=103 width=125)
	  Index Cond: ((id >= 7772462) AND (id <= 7772562))

table 5 : explain SELECT id, c FROM sbtest5 WHERE id BETWEEN 7772462 AND 7772562
	Index Scan using sbtest5_pkey on sbtest5  (cost=0.43..407.76 rows=103 width=125)
	  Index Cond: ((id >= 7772462) AND (id <= 7772562))

table 6 : explain SELECT id, c FROM sbtest6 WHERE id BETWEEN 7772462 AND 7772562
	Index Scan using sbtest6_pkey on sbtest6  (cost=0.43..388.98 rows=98 width=125)
	  Index Cond: ((id >= 7772462) AND (id <= 7772562))

table 7 : explain SELECT id, c FROM sbtest7 WHERE id BETWEEN 7772462 AND 7772562
	Index Scan using sbtest7_pkey on sbtest7  (cost=0.43..411.63 rows=104 width=125)
	  Index Cond: ((id >= 7772462) AND (id <= 7772562))

table 8 : explain SELECT id, c FROM sbtest8 WHERE id BETWEEN 7772462 AND 7772562
	Index Scan using sbtest8_pkey on sbtest8  (cost=0.43..423.59 rows=107 width=125)
	  Index Cond: ((id >= 7772462) AND (id <= 7772562))

explain: for range-notcovered :: explain SELECT id, c FROM sbtest%d WHERE id BETWEEN 7772462 AND 7772562
for range-notcovered
table 1 : explain SELECT id, c FROM sbtest1 WHERE id BETWEEN 3945702 AND 3945802
	Index Scan using sbtest1_pkey on sbtest1  (cost=0.43..389.10 rows=98 width=125)
	  Index Cond: ((id >= 3945702) AND (id <= 3945802))

table 2 : explain SELECT id, c FROM sbtest2 WHERE id BETWEEN 3945702 AND 3945802
	Index Scan using sbtest2_pkey on sbtest2  (cost=0.43..395.87 rows=100 width=125)
	  Index Cond: ((id >= 3945702) AND (id <= 3945802))

table 3 : explain SELECT id, c FROM sbtest3 WHERE id BETWEEN 3945702 AND 3945802
	Index Scan using sbtest3_pkey on sbtest3  (cost=0.43..444.24 rows=112 width=125)
	  Index Cond: ((id >= 3945702) AND (id <= 3945802))

table 4 : explain SELECT id, c FROM sbtest4 WHERE id BETWEEN 3945702 AND 3945802
	Index Scan using sbtest4_pkey on sbtest4  (cost=0.43..399.32 rows=101 width=125)
	  Index Cond: ((id >= 3945702) AND (id <= 3945802))

table 5 : explain SELECT id, c FROM sbtest5 WHERE id BETWEEN 3945702 AND 3945802
	Index Scan using sbtest5_pkey on sbtest5  (cost=0.43..415.58 rows=105 width=125)
	  Index Cond: ((id >= 3945702) AND (id <= 3945802))

table 6 : explain SELECT id, c FROM sbtest6 WHERE id BETWEEN 3945702 AND 3945802
	Index Scan using sbtest6_pkey on sbtest6  (cost=0.43..400.75 rows=101 width=125)
	  Index Cond: ((id >= 3945702) AND (id <= 3945802))

table 7 : explain SELECT id, c FROM sbtest7 WHERE id BETWEEN 3945702 AND 3945802
	Index Scan using sbtest7_pkey on sbtest7  (cost=0.43..399.89 rows=101 width=125)
	  Index Cond: ((id >= 3945702) AND (id <= 3945802))

table 8 : explain SELECT id, c FROM sbtest8 WHERE id BETWEEN 3945702 AND 3945802
	Index Scan using sbtest8_pkey on sbtest8  (cost=0.43..404.01 rows=102 width=125)
	  Index Cond: ((id >= 3945702) AND (id <= 3945802))

explain: for range-notcovered :: explain SELECT id, c FROM sbtest%d WHERE id BETWEEN 3945702 AND 3945802
for range-notcovered
table 1 : explain SELECT id, c FROM sbtest1 WHERE id BETWEEN 4765013 AND 4765113
	Index Scan using sbtest1_pkey on sbtest1  (cost=0.43..420.49 rows=106 width=125)
	  Index Cond: ((id >= 4765013) AND (id <= 4765113))

table 2 : explain SELECT id, c FROM sbtest2 WHERE id BETWEEN 4765013 AND 4765113
	Index Scan using sbtest2_pkey on sbtest2  (cost=0.43..423.26 rows=107 width=125)
	  Index Cond: ((id >= 4765013) AND (id <= 4765113))

table 3 : explain SELECT id, c FROM sbtest3 WHERE id BETWEEN 4765013 AND 4765113
	Index Scan using sbtest3_pkey on sbtest3  (cost=0.43..424.61 rows=107 width=125)
	  Index Cond: ((id >= 4765013) AND (id <= 4765113))

table 4 : explain SELECT id, c FROM sbtest4 WHERE id BETWEEN 4765013 AND 4765113
	Index Scan using sbtest4_pkey on sbtest4  (cost=0.43..395.41 rows=100 width=125)
	  Index Cond: ((id >= 4765013) AND (id <= 4765113))

table 5 : explain SELECT id, c FROM sbtest5 WHERE id BETWEEN 4765013 AND 4765113
	Index Scan using sbtest5_pkey on sbtest5  (cost=0.43..392.10 rows=99 width=125)
	  Index Cond: ((id >= 4765013) AND (id <= 4765113))

table 6 : explain SELECT id, c FROM sbtest6 WHERE id BETWEEN 4765013 AND 4765113
	Index Scan using sbtest6_pkey on sbtest6  (cost=0.43..377.19 rows=95 width=125)
	  Index Cond: ((id >= 4765013) AND (id <= 4765113))

table 7 : explain SELECT id, c FROM sbtest7 WHERE id BETWEEN 4765013 AND 4765113
	Index Scan using sbtest7_pkey on sbtest7  (cost=0.43..384.23 rows=97 width=125)
	  Index Cond: ((id >= 4765013) AND (id <= 4765113))

table 8 : explain SELECT id, c FROM sbtest8 WHERE id BETWEEN 4765013 AND 4765113
	Index Scan using sbtest8_pkey on sbtest8  (cost=0.43..372.66 rows=94 width=125)
	  Index Cond: ((id >= 4765013) AND (id <= 4765113))

explain: for range-notcovered :: explain SELECT id, c FROM sbtest%d WHERE id BETWEEN 4765013 AND 4765113for range-notcovered
table 1 : explain SELECT id, c FROM sbtest1 WHERE id BETWEEN 1572200 AND 1572300
	Index Scan using sbtest1_pkey on sbtest1  (cost=0.43..393.03 rows=99 width=125)
	  Index Cond: ((id >= 1572200) AND (id <= 1572300))

table 2 : explain SELECT id, c FROM sbtest2 WHERE id BETWEEN 1572200 AND 1572300
	Index Scan using sbtest2_pkey on sbtest2  (cost=0.43..419.35 rows=106 width=125)
	  Index Cond: ((id >= 1572200) AND (id <= 1572300))

table 3 : explain SELECT id, c FROM sbtest3 WHERE id BETWEEN 1572200 AND 1572300
	Index Scan using sbtest3_pkey on sbtest3  (cost=0.43..404.99 rows=102 width=125)
	  Index Cond: ((id >= 1572200) AND (id <= 1572300))

table 4 : explain SELECT id, c FROM sbtest4 WHERE id BETWEEN 1572200 AND 1572300
	Index Scan using sbtest4_pkey on sbtest4  (cost=0.43..426.67 rows=108 width=125)
	  Index Cond: ((id >= 1572200) AND (id <= 1572300))

table 5 : explain SELECT id, c FROM sbtest5 WHERE id BETWEEN 1572200 AND 1572300
	Index Scan using sbtest5_pkey on sbtest5  (cost=0.43..388.19 rows=98 width=125)
	  Index Cond: ((id >= 1572200) AND (id <= 1572300))

table 6 : explain SELECT id, c FROM sbtest6 WHERE id BETWEEN 1572200 AND 1572300
	Index Scan using sbtest6_pkey on sbtest6  (cost=0.43..381.11 rows=96 width=125)
	  Index Cond: ((id >= 1572200) AND (id <= 1572300))

table 7 : explain SELECT id, c FROM sbtest7 WHERE id BETWEEN 1572200 AND 1572300
	Index Scan using sbtest7_pkey on sbtest7  (cost=0.43..395.98 rows=100 width=125)
	  Index Cond: ((id >= 1572200) AND (id <= 1572300))

table 8 : explain SELECT id, c FROM sbtest8 WHERE id BETWEEN 1572200 AND 1572300
	Index Scan using sbtest8_pkey on sbtest8  (cost=0.43..404.01 rows=102 width=125)
	  Index Cond: ((id >= 1572200) AND (id <= 1572300))
explain: for range-notcovered :: explain SELECT id, c FROM sbtest%d WHERE id BETWEEN 9399829 AND 9399929


for range-notcovered
table 1 : explain SELECT id, c FROM sbtest1 WHERE id BETWEEN 3564768 AND 3564868
	Index Scan using sbtest1_pkey on sbtest1  (cost=0.43..389.10 rows=98 width=125)
	  Index Cond: ((id >= 3564768) AND (id <= 3564868))

table 2 : explain SELECT id, c FROM sbtest2 WHERE id BETWEEN 3564768 AND 3564868
	Index Scan using sbtest2_pkey on sbtest2  (cost=0.43..419.35 rows=106 width=125)
	  Index Cond: ((id >= 3564768) AND (id <= 3564868))

table 3 : explain SELECT id, c FROM sbtest3 WHERE id BETWEEN 3564768 AND 3564868
	Index Scan using sbtest3_pkey on sbtest3  (cost=0.43..369.64 rows=93 width=125)
	  Index Cond: ((id >= 3564768) AND (id <= 3564868))

table 4 : explain SELECT id, c FROM sbtest4 WHERE id BETWEEN 3564768 AND 3564868
	Index Scan using sbtest4_pkey on sbtest4  (cost=0.43..438.39 rows=111 width=125)
	  Index Cond: ((id >= 3564768) AND (id <= 3564868))

table 5 : explain SELECT id, c FROM sbtest5 WHERE id BETWEEN 3564768 AND 3564868
	Index Scan using sbtest5_pkey on sbtest5  (cost=0.43..427.33 rows=108 width=125)
	  Index Cond: ((id >= 3564768) AND (id <= 3564868))

table 6 : explain SELECT id, c FROM sbtest6 WHERE id BETWEEN 3564768 AND 3564868
	Index Scan using sbtest6_pkey on sbtest6  (cost=0.43..428.21 rows=108 width=125)
	  Index Cond: ((id >= 3564768) AND (id <= 3564868))

table 7 : explain SELECT id, c FROM sbtest7 WHERE id BETWEEN 3564768 AND 3564868
	Index Scan using sbtest7_pkey on sbtest7  (cost=0.43..419.46 rows=106 width=125)
	  Index Cond: ((id >= 3564768) AND (id <= 3564868))

table 8 : explain SELECT id, c FROM sbtest8 WHERE id BETWEEN 3564768 AND 3564868
	Index Scan using sbtest8_pkey on sbtest8  (cost=0.43..384.43 rows=97 width=125)
	  Index Cond: ((id >= 3564768) AND (id <= 3564868))

for range-notcovered
table 1 : explain SELECT id, c FROM sbtest1 WHERE id BETWEEN 7772462 AND 7772562
	Index Scan using sbtest1_pkey on sbtest1  (cost=0.43..400.87 rows=101 width=125)
	  Index Cond: ((id >= 7772462) AND (id <= 7772562))

table 2 : explain SELECT id, c FROM sbtest2 WHERE id BETWEEN 7772462 AND 7772562
	Index Scan using sbtest2_pkey on sbtest2  (cost=0.43..399.78 rows=101 width=125)
	  Index Cond: ((id >= 7772462) AND (id <= 7772562))

table 3 : explain SELECT id, c FROM sbtest3 WHERE id BETWEEN 7772462 AND 7772562
	Index Scan using sbtest3_pkey on sbtest3  (cost=0.43..385.34 rows=97 width=125)
	  Index Cond: ((id >= 7772462) AND (id <= 7772562))

table 4 : explain SELECT id, c FROM sbtest4 WHERE id BETWEEN 7772462 AND 7772562
	Index Scan using sbtest4_pkey on sbtest4  (cost=0.43..407.13 rows=103 width=125)
	  Index Cond: ((id >= 7772462) AND (id <= 7772562))

table 5 : explain SELECT id, c FROM sbtest5 WHERE id BETWEEN 7772462 AND 7772562
	Index Scan using sbtest5_pkey on sbtest5  (cost=0.43..407.76 rows=103 width=125)
	  Index Cond: ((id >= 7772462) AND (id <= 7772562))

table 6 : explain SELECT id, c FROM sbtest6 WHERE id BETWEEN 7772462 AND 7772562
	Index Scan using sbtest6_pkey on sbtest6  (cost=0.43..388.98 rows=98 width=125)
	  Index Cond: ((id >= 7772462) AND (id <= 7772562))

table 7 : explain SELECT id, c FROM sbtest7 WHERE id BETWEEN 7772462 AND 7772562
	Index Scan using sbtest7_pkey on sbtest7  (cost=0.43..411.63 rows=104 width=125)
	  Index Cond: ((id >= 7772462) AND (id <= 7772562))

table 8 : explain SELECT id, c FROM sbtest8 WHERE id BETWEEN 7772462 AND 7772562
	Index Scan using sbtest8_pkey on sbtest8  (cost=0.43..423.59 rows=107 width=125)
	  Index Cond: ((id >= 7772462) AND (id <= 7772562))

explain: for range-notcovered :: explain SELECT id, c FROM sbtest%d WHERE id BETWEEN 1572200 AND 1572300
explain: for range-notcovered :: explain SELECT id, c FROM sbtest%d WHERE id BETWEEN 7772462 AND 7772562
for range-notcovered
table 1 : explain SELECT id, c FROM sbtest1 WHERE id BETWEEN 3945702 AND 3945802
	Index Scan using sbtest1_pkey on sbtest1  (cost=0.43..389.10 rows=98 width=125)
	  Index Cond: ((id >= 3945702) AND (id <= 3945802))

table 2 : explain SELECT id, c FROM sbtest2 WHERE id BETWEEN 3945702 AND 3945802
	Index Scan using sbtest2_pkey on sbtest2  (cost=0.43..395.87 rows=100 width=125)
	  Index Cond: ((id >= 3945702) AND (id <= 3945802))

table 3 : explain SELECT id, c FROM sbtest3 WHERE id BETWEEN 3945702 AND 3945802
	Index Scan using sbtest3_pkey on sbtest3  (cost=0.43..444.24 rows=112 width=125)
	  Index Cond: ((id >= 3945702) AND (id <= 3945802))

table 4 : explain SELECT id, c FROM sbtest4 WHERE id BETWEEN 3945702 AND 3945802
	Index Scan using sbtest4_pkey on sbtest4  (cost=0.43..399.32 rows=101 width=125)
	  Index Cond: ((id >= 3945702) AND (id <= 3945802))

table 5 : explain SELECT id, c FROM sbtest5 WHERE id BETWEEN 3945702 AND 3945802
	Index Scan using sbtest5_pkey on sbtest5  (cost=0.43..415.58 rows=105 width=125)
	  Index Cond: ((id >= 3945702) AND (id <= 3945802))

table 6 : explain SELECT id, c FROM sbtest6 WHERE id BETWEEN 3945702 AND 3945802
	Index Scan using sbtest6_pkey on sbtest6  (cost=0.43..400.75 rows=101 width=125)
	  Index Cond: ((id >= 3945702) AND (id <= 3945802))

table 7 : explain SELECT id, c FROM sbtest7 WHERE id BETWEEN 3945702 AND 3945802
	Index Scan using sbtest7_pkey on sbtest7  (cost=0.43..399.89 rows=101 width=125)
	  Index Cond: ((id >= 3945702) AND (id <= 3945802))

table 8 : explain SELECT id, c FROM sbtest8 WHERE id BETWEEN 3945702 AND 3945802
	Index Scan using sbtest8_pkey on sbtest8  (cost=0.43..404.01 rows=102 width=125)
	  Index Cond: ((id >= 3945702) AND (id <= 3945802))

explain: for range-notcovered :: explain SELECT id, c FROM sbtest%d WHERE id BETWEEN 3945702 AND 3945802
explain: for range-notcovered :: explain SELECT id, c FROM sbtest%d WHERE id BETWEEN 5716205 AND 5716305
for range-notcovered
table 1 : explain SELECT id, c FROM sbtest1 WHERE id BETWEEN 6313578 AND 6313678
	Index Scan using sbtest1_pkey on sbtest1  (cost=0.43..381.26 rows=96 width=125)
	  Index Cond: ((id >= 6313578) AND (id <= 6313678))

table 2 : explain SELECT id, c FROM sbtest2 WHERE id BETWEEN 6313578 AND 6313678
	Index Scan using sbtest2_pkey on sbtest2  (cost=0.43..388.02 rows=98 width=125)
	  Index Cond: ((id >= 6313578) AND (id <= 6313678))

table 3 : explain SELECT id, c FROM sbtest3 WHERE id BETWEEN 6313578 AND 6313678
	Index Scan using sbtest3_pkey on sbtest3  (cost=0.43..436.39 rows=110 width=125)
	  Index Cond: ((id >= 6313578) AND (id <= 6313678))

table 4 : explain SELECT id, c FROM sbtest4 WHERE id BETWEEN 6313578 AND 6313678
	Index Scan using sbtest4_pkey on sbtest4  (cost=0.43..364.12 rows=92 width=125)
	  Index Cond: ((id >= 6313578) AND (id <= 6313678))

table 5 : explain SELECT id, c FROM sbtest5 WHERE id BETWEEN 6313578 AND 6313678
	Index Scan using sbtest5_pkey on sbtest5  (cost=0.43..396.01 rows=100 width=125)
	  Index Cond: ((id >= 6313578) AND (id <= 6313678))

table 6 : explain SELECT id, c FROM sbtest6 WHERE id BETWEEN 6313578 AND 6313678
	Index Scan using sbtest6_pkey on sbtest6  (cost=0.43..416.44 rows=105 width=125)
	  Index Cond: ((id >= 6313578) AND (id <= 6313678))

table 7 : explain SELECT id, c FROM sbtest7 WHERE id BETWEEN 6313578 AND 6313678
	Index Scan using sbtest7_pkey on sbtest7  (cost=0.43..403.80 rows=102 width=125)
	  Index Cond: ((id >= 6313578) AND (id <= 6313678))

table 8 : explain SELECT id, c FROM sbtest8 WHERE id BETWEEN 6313578 AND 6313678
	Index Scan using sbtest8_pkey on sbtest8  (cost=0.43..439.25 rows=111 width=125)
	  Index Cond: ((id >= 6313578) AND (id <= 6313678))

explain: for range-notcovered :: explain SELECT id, c FROM sbtest%d WHERE id BETWEEN 3564768 AND 3564868
for range-notcovered
table 1 : explain SELECT id, c FROM sbtest1 WHERE id BETWEEN 1572200 AND 1572300
	Index Scan using sbtest1_pkey on sbtest1  (cost=0.43..393.03 rows=99 width=125)
	  Index Cond: ((id >= 1572200) AND (id <= 1572300))

table 2 : explain SELECT id, c FROM sbtest2 WHERE id BETWEEN 1572200 AND 1572300
	Index Scan using sbtest2_pkey on sbtest2  (cost=0.43..419.35 rows=106 width=125)
	  Index Cond: ((id >= 1572200) AND (id <= 1572300))

table 3 : explain SELECT id, c FROM sbtest3 WHERE id BETWEEN 1572200 AND 1572300
	Index Scan using sbtest3_pkey on sbtest3  (cost=0.43..404.99 rows=102 width=125)
	  Index Cond: ((id >= 1572200) AND (id <= 1572300))

table 4 : explain SELECT id, c FROM sbtest4 WHERE id BETWEEN 1572200 AND 1572300
	Index Scan using sbtest4_pkey on sbtest4  (cost=0.43..426.67 rows=108 width=125)
	  Index Cond: ((id >= 1572200) AND (id <= 1572300))

table 5 : explain SELECT id, c FROM sbtest5 WHERE id BETWEEN 1572200 AND 1572300
	Index Scan using sbtest5_pkey on sbtest5  (cost=0.43..388.19 rows=98 width=125)
	  Index Cond: ((id >= 1572200) AND (id <= 1572300))

table 6 : explain SELECT id, c FROM sbtest6 WHERE id BETWEEN 1572200 AND 1572300
	Index Scan using sbtest6_pkey on sbtest6  (cost=0.43..381.11 rows=96 width=125)
	  Index Cond: ((id >= 1572200) AND (id <= 1572300))

table 7 : explain SELECT id, c FROM sbtest7 WHERE id BETWEEN 1572200 AND 1572300
	Index Scan using sbtest7_pkey on sbtest7  (cost=0.43..395.98 rows=100 width=125)
	  Index Cond: ((id >= 1572200) AND (id <= 1572300))

table 8 : explain SELECT id, c FROM sbtest8 WHERE id BETWEEN 1572200 AND 1572300
	Index Scan using sbtest8_pkey on sbtest8  (cost=0.43..404.01 rows=102 width=125)
	  Index Cond: ((id >= 1572200) AND (id <= 1572300))

for range-notcovered
table 1 : explain SELECT id, c FROM sbtest1 WHERE id BETWEEN 7772462 AND 7772562
	Index Scan using sbtest1_pkey on sbtest1  (cost=0.43..400.87 rows=101 width=125)
	  Index Cond: ((id >= 7772462) AND (id <= 7772562))

table 2 : explain SELECT id, c FROM sbtest2 WHERE id BETWEEN 7772462 AND 7772562
	Index Scan using sbtest2_pkey on sbtest2  (cost=0.43..399.78 rows=101 width=125)
	  Index Cond: ((id >= 7772462) AND (id <= 7772562))

table 3 : explain SELECT id, c FROM sbtest3 WHERE id BETWEEN 7772462 AND 7772562
	Index Scan using sbtest3_pkey on sbtest3  (cost=0.43..385.34 rows=97 width=125)
	  Index Cond: ((id >= 7772462) AND (id <= 7772562))

table 4 : explain SELECT id, c FROM sbtest4 WHERE id BETWEEN 7772462 AND 7772562
	Index Scan using sbtest4_pkey on sbtest4  (cost=0.43..407.13 rows=103 width=125)
	  Index Cond: ((id >= 7772462) AND (id <= 7772562))

table 5 : explain SELECT id, c FROM sbtest5 WHERE id BETWEEN 7772462 AND 7772562
	Index Scan using sbtest5_pkey on sbtest5  (cost=0.43..407.76 rows=103 width=125)
	  Index Cond: ((id >= 7772462) AND (id <= 7772562))

table 6 : explain SELECT id, c FROM sbtest6 WHERE id BETWEEN 7772462 AND 7772562
	Index Scan using sbtest6_pkey on sbtest6  (cost=0.43..388.98 rows=98 width=125)
	  Index Cond: ((id >= 7772462) AND (id <= 7772562))

table 7 : explain SELECT id, c FROM sbtest7 WHERE id BETWEEN 7772462 AND 7772562
	Index Scan using sbtest7_pkey on sbtest7  (cost=0.43..411.63 rows=104 width=125)
	  Index Cond: ((id >= 7772462) AND (id <= 7772562))

table 8 : explain SELECT id, c FROM sbtest8 WHERE id BETWEEN 7772462 AND 7772562
	Index Scan using sbtest8_pkey on sbtest8  (cost=0.43..423.59 rows=107 width=125)
	  Index Cond: ((id >= 7772462) AND (id <= 7772562))

for range-notcovered
table 1 : explain SELECT id, c FROM sbtest1 WHERE id BETWEEN 7452986 AND 7453086
	Index Scan using sbtest1_pkey on sbtest1  (cost=0.43..428.34 rows=108 width=125)
	  Index Cond: ((id >= 7452986) AND (id <= 7453086))

table 2 : explain SELECT id, c FROM sbtest2 WHERE id BETWEEN 7452986 AND 7453086
	Index Scan using sbtest2_pkey on sbtest2  (cost=0.43..403.70 rows=102 width=125)
	  Index Cond: ((id >= 7452986) AND (id <= 7453086))

table 3 : explain SELECT id, c FROM sbtest3 WHERE id BETWEEN 7452986 AND 7453086
	Index Scan using sbtest3_pkey on sbtest3  (cost=0.43..377.49 rows=95 width=125)
	  Index Cond: ((id >= 7452986) AND (id <= 7453086))

table 4 : explain SELECT id, c FROM sbtest4 WHERE id BETWEEN 7452986 AND 7453086
	Index Scan using sbtest4_pkey on sbtest4  (cost=0.43..411.04 rows=104 width=125)
	  Index Cond: ((id >= 7452986) AND (id <= 7453086))

table 5 : explain SELECT id, c FROM sbtest5 WHERE id BETWEEN 7452986 AND 7453086
	Index Scan using sbtest5_pkey on sbtest5  (cost=0.43..368.59 rows=93 width=125)
	  Index Cond: ((id >= 7452986) AND (id <= 7453086))

table 6 : explain SELECT id, c FROM sbtest6 WHERE id BETWEEN 7452986 AND 7453086
	Index Scan using sbtest6_pkey on sbtest6  (cost=0.43..392.91 rows=99 width=125)
	  Index Cond: ((id >= 7452986) AND (id <= 7453086))

table 7 : explain SELECT id, c FROM sbtest7 WHERE id BETWEEN 7452986 AND 7453086
	Index Scan using sbtest7_pkey on sbtest7  (cost=0.43..431.20 rows=109 width=125)
	  Index Cond: ((id >= 7452986) AND (id <= 7453086))

table 8 : explain SELECT id, c FROM sbtest8 WHERE id BETWEEN 7452986 AND 7453086
	Index Scan using sbtest8_pkey on sbtest8  (cost=0.43..388.35 rows=98 width=125)
	  Index Cond: ((id >= 7452986) AND (id <= 7453086))

explain: for range-notcovered :: explain SELECT id, c FROM sbtest%d WHERE id BETWEEN 1572200 AND 1572300
explain: for range-notcovered :: explain SELECT id, c FROM sbtest%d WHERE id BETWEEN 7772462 AND 7772562
explain: for range-notcovered :: explain SELECT id, c FROM sbtest%d WHERE id BETWEEN 7452986 AND 7453086
for range-notcovered
table 1 : explain SELECT id, c FROM sbtest1 WHERE id BETWEEN 3945702 AND 3945802
	Index Scan using sbtest1_pkey on sbtest1  (cost=0.43..389.10 rows=98 width=125)
	  Index Cond: ((id >= 3945702) AND (id <= 3945802))

table 2 : explain SELECT id, c FROM sbtest2 WHERE id BETWEEN 3945702 AND 3945802
	Index Scan using sbtest2_pkey on sbtest2  (cost=0.43..395.87 rows=100 width=125)
	  Index Cond: ((id >= 3945702) AND (id <= 3945802))

table 3 : explain SELECT id, c FROM sbtest3 WHERE id BETWEEN 3945702 AND 3945802
	Index Scan using sbtest3_pkey on sbtest3  (cost=0.43..444.24 rows=112 width=125)
	  Index Cond: ((id >= 3945702) AND (id <= 3945802))

table 4 : explain SELECT id, c FROM sbtest4 WHERE id BETWEEN 3945702 AND 3945802
	Index Scan using sbtest4_pkey on sbtest4  (cost=0.43..399.32 rows=101 width=125)
	  Index Cond: ((id >= 3945702) AND (id <= 3945802))

table 5 : explain SELECT id, c FROM sbtest5 WHERE id BETWEEN 3945702 AND 3945802
	Index Scan using sbtest5_pkey on sbtest5  (cost=0.43..415.58 rows=105 width=125)
	  Index Cond: ((id >= 3945702) AND (id <= 3945802))

table 6 : explain SELECT id, c FROM sbtest6 WHERE id BETWEEN 3945702 AND 3945802
	Index Scan using sbtest6_pkey on sbtest6  (cost=0.43..400.75 rows=101 width=125)
	  Index Cond: ((id >= 3945702) AND (id <= 3945802))

table 7 : explain SELECT id, c FROM sbtest7 WHERE id BETWEEN 3945702 AND 3945802
	Index Scan using sbtest7_pkey on sbtest7  (cost=0.43..399.89 rows=101 width=125)
	  Index Cond: ((id >= 3945702) AND (id <= 3945802))

table 8 : explain SELECT id, c FROM sbtest8 WHERE id BETWEEN 3945702 AND 3945802
	Index Scan using sbtest8_pkey on sbtest8  (cost=0.43..404.01 rows=102 width=125)
	  Index Cond: ((id >= 3945702) AND (id <= 3945802))

explain: for range-notcovered :: explain SELECT id, c FROM sbtest%d WHERE id BETWEEN 3945702 AND 3945802
for range-notcovered
table 1 : explain SELECT id, c FROM sbtest1 WHERE id BETWEEN 4765013 AND 4765113
	Index Scan using sbtest1_pkey on sbtest1  (cost=0.43..420.49 rows=106 width=125)
	  Index Cond: ((id >= 4765013) AND (id <= 4765113))

table 2 : explain SELECT id, c FROM sbtest2 WHERE id BETWEEN 4765013 AND 4765113
	Index Scan using sbtest2_pkey on sbtest2  (cost=0.43..423.26 rows=107 width=125)
	  Index Cond: ((id >= 4765013) AND (id <= 4765113))

table 3 : explain SELECT id, c FROM sbtest3 WHERE id BETWEEN 4765013 AND 4765113
	Index Scan using sbtest3_pkey on sbtest3  (cost=0.43..424.61 rows=107 width=125)
	  Index Cond: ((id >= 4765013) AND (id <= 4765113))

table 4 : explain SELECT id, c FROM sbtest4 WHERE id BETWEEN 4765013 AND 4765113
	Index Scan using sbtest4_pkey on sbtest4  (cost=0.43..395.41 rows=100 width=125)
	  Index Cond: ((id >= 4765013) AND (id <= 4765113))

table 5 : explain SELECT id, c FROM sbtest5 WHERE id BETWEEN 4765013 AND 4765113
	Index Scan using sbtest5_pkey on sbtest5  (cost=0.43..392.10 rows=99 width=125)
	  Index Cond: ((id >= 4765013) AND (id <= 4765113))

table 6 : explain SELECT id, c FROM sbtest6 WHERE id BETWEEN 4765013 AND 4765113
	Index Scan using sbtest6_pkey on sbtest6  (cost=0.43..377.19 rows=95 width=125)
	  Index Cond: ((id >= 4765013) AND (id <= 4765113))

table 7 : explain SELECT id, c FROM sbtest7 WHERE id BETWEEN 4765013 AND 4765113
	Index Scan using sbtest7_pkey on sbtest7  (cost=0.43..384.23 rows=97 width=125)
	  Index Cond: ((id >= 4765013) AND (id <= 4765113))

table 8 : explain SELECT id, c FROM sbtest8 WHERE id BETWEEN 4765013 AND 4765113
	Index Scan using sbtest8_pkey on sbtest8  (cost=0.43..372.66 rows=94 width=125)
	  Index Cond: ((id >= 4765013) AND (id <= 4765113))

explain: for range-notcovered :: explain SELECT id, c FROM sbtest%d WHERE id BETWEEN 4765013 AND 4765113
for range-notcovered
table 1 : explain SELECT id, c FROM sbtest1 WHERE id BETWEEN 1572200 AND 1572300
	Index Scan using sbtest1_pkey on sbtest1  (cost=0.43..393.03 rows=99 width=125)
	  Index Cond: ((id >= 1572200) AND (id <= 1572300))

table 2 : explain SELECT id, c FROM sbtest2 WHERE id BETWEEN 1572200 AND 1572300
	Index Scan using sbtest2_pkey on sbtest2  (cost=0.43..419.35 rows=106 width=125)
	  Index Cond: ((id >= 1572200) AND (id <= 1572300))

table 3 : explain SELECT id, c FROM sbtest3 WHERE id BETWEEN 1572200 AND 1572300
	Index Scan using sbtest3_pkey on sbtest3  (cost=0.43..404.99 rows=102 width=125)
	  Index Cond: ((id >= 1572200) AND (id <= 1572300))

table 4 : explain SELECT id, c FROM sbtest4 WHERE id BETWEEN 1572200 AND 1572300
	Index Scan using sbtest4_pkey on sbtest4  (cost=0.43..426.67 rows=108 width=125)
	  Index Cond: ((id >= 1572200) AND (id <= 1572300))

table 5 : explain SELECT id, c FROM sbtest5 WHERE id BETWEEN 1572200 AND 1572300
	Index Scan using sbtest5_pkey on sbtest5  (cost=0.43..388.19 rows=98 width=125)
	  Index Cond: ((id >= 1572200) AND (id <= 1572300))

table 6 : explain SELECT id, c FROM sbtest6 WHERE id BETWEEN 1572200 AND 1572300
	Index Scan using sbtest6_pkey on sbtest6  (cost=0.43..381.11 rows=96 width=125)
	  Index Cond: ((id >= 1572200) AND (id <= 1572300))

table 7 : explain SELECT id, c FROM sbtest7 WHERE id BETWEEN 1572200 AND 1572300
	Index Scan using sbtest7_pkey on sbtest7  (cost=0.43..395.98 rows=100 width=125)
	  Index Cond: ((id >= 1572200) AND (id <= 1572300))

table 8 : explain SELECT id, c FROM sbtest8 WHERE id BETWEEN 1572200 AND 1572300
	Index Scan using sbtest8_pkey on sbtest8  (cost=0.43..404.01 rows=102 width=125)
	  Index Cond: ((id >= 1572200) AND (id <= 1572300))

for range-notcovered
table 1 : explain SELECT id, c FROM sbtest1 WHERE id BETWEEN 7772462 AND 7772562
	Index Scan using sbtest1_pkey on sbtest1  (cost=0.43..400.87 rows=101 width=125)
	  Index Cond: ((id >= 7772462) AND (id <= 7772562))

table 2 : explain SELECT id, c FROM sbtest2 WHERE id BETWEEN 7772462 AND 7772562
	Index Scan using sbtest2_pkey on sbtest2  (cost=0.43..399.78 rows=101 width=125)
	  Index Cond: ((id >= 7772462) AND (id <= 7772562))

table 3 : explain SELECT id, c FROM sbtest3 WHERE id BETWEEN 7772462 AND 7772562
	Index Scan using sbtest3_pkey on sbtest3  (cost=0.43..385.34 rows=97 width=125)
	  Index Cond: ((id >= 7772462) AND (id <= 7772562))

table 4 : explain SELECT id, c FROM sbtest4 WHERE id BETWEEN 7772462 AND 7772562
	Index Scan using sbtest4_pkey on sbtest4  (cost=0.43..407.13 rows=103 width=125)
	  Index Cond: ((id >= 7772462) AND (id <= 7772562))

table 5 : explain SELECT id, c FROM sbtest5 WHERE id BETWEEN 7772462 AND 7772562
	Index Scan using sbtest5_pkey on sbtest5  (cost=0.43..407.76 rows=103 width=125)
	  Index Cond: ((id >= 7772462) AND (id <= 7772562))

table 6 : explain SELECT id, c FROM sbtest6 WHERE id BETWEEN 7772462 AND 7772562
	Index Scan using sbtest6_pkey on sbtest6  (cost=0.43..388.98 rows=98 width=125)
	  Index Cond: ((id >= 7772462) AND (id <= 7772562))

table 7 : explain SELECT id, c FROM sbtest7 WHERE id BETWEEN 7772462 AND 7772562
	Index Scan using sbtest7_pkey on sbtest7  (cost=0.43..411.63 rows=104 width=125)
	  Index Cond: ((id >= 7772462) AND (id <= 7772562))

table 8 : explain SELECT id, c FROM sbtest8 WHERE id BETWEEN 7772462 AND 7772562
	Index Scan using sbtest8_pkey on sbtest8  (cost=0.43..423.59 rows=107 width=125)
	  Index Cond: ((id >= 7772462) AND (id <= 7772562))

explain: for range-notcovered :: explain SELECT id, c FROM sbtest%d WHERE id BETWEEN 1572200 AND 1572300
explain: for range-notcovered :: explain SELECT id, c FROM sbtest%d WHERE id BETWEEN 7772462 AND 7772562
for range-notcovered
table 1 : explain SELECT id, c FROM sbtest1 WHERE id BETWEEN 7452986 AND 7453086
	Index Scan using sbtest1_pkey on sbtest1  (cost=0.43..428.34 rows=108 width=125)
	  Index Cond: ((id >= 7452986) AND (id <= 7453086))

table 2 : explain SELECT id, c FROM sbtest2 WHERE id BETWEEN 7452986 AND 7453086
	Index Scan using sbtest2_pkey on sbtest2  (cost=0.43..403.70 rows=102 width=125)
	  Index Cond: ((id >= 7452986) AND (id <= 7453086))

table 3 : explain SELECT id, c FROM sbtest3 WHERE id BETWEEN 7452986 AND 7453086
	Index Scan using sbtest3_pkey on sbtest3  (cost=0.43..377.49 rows=95 width=125)
	  Index Cond: ((id >= 7452986) AND (id <= 7453086))

table 4 : explain SELECT id, c FROM sbtest4 WHERE id BETWEEN 7452986 AND 7453086
	Index Scan using sbtest4_pkey on sbtest4  (cost=0.43..411.04 rows=104 width=125)
	  Index Cond: ((id >= 7452986) AND (id <= 7453086))

table 5 : explain SELECT id, c FROM sbtest5 WHERE id BETWEEN 7452986 AND 7453086
	Index Scan using sbtest5_pkey on sbtest5  (cost=0.43..368.59 rows=93 width=125)
	  Index Cond: ((id >= 7452986) AND (id <= 7453086))

table 6 : explain SELECT id, c FROM sbtest6 WHERE id BETWEEN 7452986 AND 7453086
	Index Scan using sbtest6_pkey on sbtest6  (cost=0.43..392.91 rows=99 width=125)
	  Index Cond: ((id >= 7452986) AND (id <= 7453086))

table 7 : explain SELECT id, c FROM sbtest7 WHERE id BETWEEN 7452986 AND 7453086
	Index Scan using sbtest7_pkey on sbtest7  (cost=0.43..431.20 rows=109 width=125)
	  Index Cond: ((id >= 7452986) AND (id <= 7453086))

table 8 : explain SELECT id, c FROM sbtest8 WHERE id BETWEEN 7452986 AND 7453086
	Index Scan using sbtest8_pkey on sbtest8  (cost=0.43..388.35 rows=98 width=125)
	  Index Cond: ((id >= 7452986) AND (id <= 7453086))

explain: for range-notcovered :: explain SELECT id, c FROM sbtest%d WHERE id BETWEEN 7452986 AND 7453086
for range-notcovered
table 1 : explain SELECT id, c FROM sbtest1 WHERE id BETWEEN 3945702 AND 3945802
	Index Scan using sbtest1_pkey on sbtest1  (cost=0.43..389.10 rows=98 width=125)
	  Index Cond: ((id >= 3945702) AND (id <= 3945802))

table 2 : explain SELECT id, c FROM sbtest2 WHERE id BETWEEN 3945702 AND 3945802
	Index Scan using sbtest2_pkey on sbtest2  (cost=0.43..395.87 rows=100 width=125)
	  Index Cond: ((id >= 3945702) AND (id <= 3945802))

table 3 : explain SELECT id, c FROM sbtest3 WHERE id BETWEEN 3945702 AND 3945802
	Index Scan using sbtest3_pkey on sbtest3  (cost=0.43..444.24 rows=112 width=125)
	  Index Cond: ((id >= 3945702) AND (id <= 3945802))

table 4 : explain SELECT id, c FROM sbtest4 WHERE id BETWEEN 3945702 AND 3945802
	Index Scan using sbtest4_pkey on sbtest4  (cost=0.43..399.32 rows=101 width=125)
	  Index Cond: ((id >= 3945702) AND (id <= 3945802))

table 5 : explain SELECT id, c FROM sbtest5 WHERE id BETWEEN 3945702 AND 3945802
	Index Scan using sbtest5_pkey on sbtest5  (cost=0.43..415.58 rows=105 width=125)
	  Index Cond: ((id >= 3945702) AND (id <= 3945802))

table 6 : explain SELECT id, c FROM sbtest6 WHERE id BETWEEN 3945702 AND 3945802
	Index Scan using sbtest6_pkey on sbtest6  (cost=0.43..400.75 rows=101 width=125)
	  Index Cond: ((id >= 3945702) AND (id <= 3945802))

table 7 : explain SELECT id, c FROM sbtest7 WHERE id BETWEEN 3945702 AND 3945802
	Index Scan using sbtest7_pkey on sbtest7  (cost=0.43..399.89 rows=101 width=125)
	  Index Cond: ((id >= 3945702) AND (id <= 3945802))

table 8 : explain SELECT id, c FROM sbtest8 WHERE id BETWEEN 3945702 AND 3945802
	Index Scan using sbtest8_pkey on sbtest8  (cost=0.43..404.01 rows=102 width=125)
	  Index Cond: ((id >= 3945702) AND (id <= 3945802))

explain: for range-notcovered :: explain SELECT id, c FROM sbtest%d WHERE id BETWEEN 2568705 AND 2568805
for range-notcovered
table 1 : explain SELECT id, c FROM sbtest1 WHERE id BETWEEN 3564768 AND 3564868
	Index Scan using sbtest1_pkey on sbtest1  (cost=0.43..389.10 rows=98 width=125)
	  Index Cond: ((id >= 3564768) AND (id <= 3564868))

table 2 : explain SELECT id, c FROM sbtest2 WHERE id BETWEEN 3564768 AND 3564868
	Index Scan using sbtest2_pkey on sbtest2  (cost=0.43..419.35 rows=106 width=125)
	  Index Cond: ((id >= 3564768) AND (id <= 3564868))

table 3 : explain SELECT id, c FROM sbtest3 WHERE id BETWEEN 3564768 AND 3564868
	Index Scan using sbtest3_pkey on sbtest3  (cost=0.43..369.64 rows=93 width=125)
	  Index Cond: ((id >= 3564768) AND (id <= 3564868))

table 4 : explain SELECT id, c FROM sbtest4 WHERE id BETWEEN 3564768 AND 3564868
	Index Scan using sbtest4_pkey on sbtest4  (cost=0.43..438.39 rows=111 width=125)
	  Index Cond: ((id >= 3564768) AND (id <= 3564868))

table 5 : explain SELECT id, c FROM sbtest5 WHERE id BETWEEN 3564768 AND 3564868
	Index Scan using sbtest5_pkey on sbtest5  (cost=0.43..427.33 rows=108 width=125)
	  Index Cond: ((id >= 3564768) AND (id <= 3564868))

table 6 : explain SELECT id, c FROM sbtest6 WHERE id BETWEEN 3564768 AND 3564868
	Index Scan using sbtest6_pkey on sbtest6  (cost=0.43..428.21 rows=108 width=125)
	  Index Cond: ((id >= 3564768) AND (id <= 3564868))

table 7 : explain SELECT id, c FROM sbtest7 WHERE id BETWEEN 3564768 AND 3564868
	Index Scan using sbtest7_pkey on sbtest7  (cost=0.43..419.46 rows=106 width=125)
	  Index Cond: ((id >= 3564768) AND (id <= 3564868))

table 8 : explain SELECT id, c FROM sbtest8 WHERE id BETWEEN 3564768 AND 3564868
	Index Scan using sbtest8_pkey on sbtest8  (cost=0.43..384.43 rows=97 width=125)
	  Index Cond: ((id >= 3564768) AND (id <= 3564868))

explain: for range-notcovered :: explain SELECT id, c FROM sbtest%d WHERE id BETWEEN 3564768 AND 3564868
for range-notcovered
table 1 : explain SELECT id, c FROM sbtest1 WHERE id BETWEEN 4765013 AND 4765113
	Index Scan using sbtest1_pkey on sbtest1  (cost=0.43..420.49 rows=106 width=125)
	  Index Cond: ((id >= 4765013) AND (id <= 4765113))

table 2 : explain SELECT id, c FROM sbtest2 WHERE id BETWEEN 4765013 AND 4765113
	Index Scan using sbtest2_pkey on sbtest2  (cost=0.43..423.26 rows=107 width=125)
	  Index Cond: ((id >= 4765013) AND (id <= 4765113))

table 3 : explain SELECT id, c FROM sbtest3 WHERE id BETWEEN 4765013 AND 4765113
	Index Scan using sbtest3_pkey on sbtest3  (cost=0.43..424.61 rows=107 width=125)
	  Index Cond: ((id >= 4765013) AND (id <= 4765113))

table 4 : explain SELECT id, c FROM sbtest4 WHERE id BETWEEN 4765013 AND 4765113
	Index Scan using sbtest4_pkey on sbtest4  (cost=0.43..395.41 rows=100 width=125)
	  Index Cond: ((id >= 4765013) AND (id <= 4765113))

table 5 : explain SELECT id, c FROM sbtest5 WHERE id BETWEEN 4765013 AND 4765113
	Index Scan using sbtest5_pkey on sbtest5  (cost=0.43..392.10 rows=99 width=125)
	  Index Cond: ((id >= 4765013) AND (id <= 4765113))

table 6 : explain SELECT id, c FROM sbtest6 WHERE id BETWEEN 4765013 AND 4765113
	Index Scan using sbtest6_pkey on sbtest6  (cost=0.43..377.19 rows=95 width=125)
	  Index Cond: ((id >= 4765013) AND (id <= 4765113))

table 7 : explain SELECT id, c FROM sbtest7 WHERE id BETWEEN 4765013 AND 4765113
	Index Scan using sbtest7_pkey on sbtest7  (cost=0.43..384.23 rows=97 width=125)
	  Index Cond: ((id >= 4765013) AND (id <= 4765113))

table 8 : explain SELECT id, c FROM sbtest8 WHERE id BETWEEN 4765013 AND 4765113
	Index Scan using sbtest8_pkey on sbtest8  (cost=0.43..372.66 rows=94 width=125)
	  Index Cond: ((id >= 4765013) AND (id <= 4765113))

explain: for range-notcovered :: explain SELECT id, c FROM sbtest%d WHERE id BETWEEN 4765013 AND 4765113
for range-notcovered
table 1 : explain SELECT id, c FROM sbtest1 WHERE id BETWEEN 1572200 AND 1572300
	Index Scan using sbtest1_pkey on sbtest1  (cost=0.43..393.03 rows=99 width=125)
	  Index Cond: ((id >= 1572200) AND (id <= 1572300))

table 2 : explain SELECT id, c FROM sbtest2 WHERE id BETWEEN 1572200 AND 1572300
	Index Scan using sbtest2_pkey on sbtest2  (cost=0.43..419.35 rows=106 width=125)
	  Index Cond: ((id >= 1572200) AND (id <= 1572300))

table 3 : explain SELECT id, c FROM sbtest3 WHERE id BETWEEN 1572200 AND 1572300
	Index Scan using sbtest3_pkey on sbtest3  (cost=0.43..404.99 rows=102 width=125)
	  Index Cond: ((id >= 1572200) AND (id <= 1572300))

table 4 : explain SELECT id, c FROM sbtest4 WHERE id BETWEEN 1572200 AND 1572300
	Index Scan using sbtest4_pkey on sbtest4  (cost=0.43..426.67 rows=108 width=125)
	  Index Cond: ((id >= 1572200) AND (id <= 1572300))

table 5 : explain SELECT id, c FROM sbtest5 WHERE id BETWEEN 1572200 AND 1572300
	Index Scan using sbtest5_pkey on sbtest5  (cost=0.43..388.19 rows=98 width=125)
	  Index Cond: ((id >= 1572200) AND (id <= 1572300))

table 6 : explain SELECT id, c FROM sbtest6 WHERE id BETWEEN 1572200 AND 1572300
	Index Scan using sbtest6_pkey on sbtest6  (cost=0.43..381.11 rows=96 width=125)
	  Index Cond: ((id >= 1572200) AND (id <= 1572300))

table 7 : explain SELECT id, c FROM sbtest7 WHERE id BETWEEN 1572200 AND 1572300
	Index Scan using sbtest7_pkey on sbtest7  (cost=0.43..395.98 rows=100 width=125)
	  Index Cond: ((id >= 1572200) AND (id <= 1572300))

table 8 : explain SELECT id, c FROM sbtest8 WHERE id BETWEEN 1572200 AND 1572300
	Index Scan using sbtest8_pkey on sbtest8  (cost=0.43..404.01 rows=102 width=125)
	  Index Cond: ((id >= 1572200) AND (id <= 1572300))

for range-notcovered
table 1 : explain SELECT id, c FROM sbtest1 WHERE id BETWEEN 7772462 AND 7772562
	Index Scan using sbtest1_pkey on sbtest1  (cost=0.43..400.87 rows=101 width=125)
	  Index Cond: ((id >= 7772462) AND (id <= 7772562))

table 2 : explain SELECT id, c FROM sbtest2 WHERE id BETWEEN 7772462 AND 7772562
	Index Scan using sbtest2_pkey on sbtest2  (cost=0.43..399.78 rows=101 width=125)
	  Index Cond: ((id >= 7772462) AND (id <= 7772562))

table 3 : explain SELECT id, c FROM sbtest3 WHERE id BETWEEN 7772462 AND 7772562
	Index Scan using sbtest3_pkey on sbtest3  (cost=0.43..385.34 rows=97 width=125)
	  Index Cond: ((id >= 7772462) AND (id <= 7772562))

table 4 : explain SELECT id, c FROM sbtest4 WHERE id BETWEEN 7772462 AND 7772562
	Index Scan using sbtest4_pkey on sbtest4  (cost=0.43..407.13 rows=103 width=125)
	  Index Cond: ((id >= 7772462) AND (id <= 7772562))

table 5 : explain SELECT id, c FROM sbtest5 WHERE id BETWEEN 7772462 AND 7772562
	Index Scan using sbtest5_pkey on sbtest5  (cost=0.43..407.76 rows=103 width=125)
	  Index Cond: ((id >= 7772462) AND (id <= 7772562))

table 6 : explain SELECT id, c FROM sbtest6 WHERE id BETWEEN 7772462 AND 7772562
	Index Scan using sbtest6_pkey on sbtest6  (cost=0.43..388.98 rows=98 width=125)
	  Index Cond: ((id >= 7772462) AND (id <= 7772562))

table 7 : explain SELECT id, c FROM sbtest7 WHERE id BETWEEN 7772462 AND 7772562
	Index Scan using sbtest7_pkey on sbtest7  (cost=0.43..411.63 rows=104 width=125)
	  Index Cond: ((id >= 7772462) AND (id <= 7772562))

table 8 : explain SELECT id, c FROM sbtest8 WHERE id BETWEEN 7772462 AND 7772562
	Index Scan using sbtest8_pkey on sbtest8  (cost=0.43..423.59 rows=107 width=125)
	  Index Cond: ((id >= 7772462) AND (id <= 7772562))

explain: for range-notcovered :: explain SELECT id, c FROM sbtest%d WHERE id BETWEEN 1572200 AND 1572300
for range-notcovered
table 1 : explain SELECT id, c FROM sbtest1 WHERE id BETWEEN 7452986 AND 7453086
	Index Scan using sbtest1_pkey on sbtest1  (cost=0.43..428.34 rows=108 width=125)
	  Index Cond: ((id >= 7452986) AND (id <= 7453086))

table 2 : explain SELECT id, c FROM sbtest2 WHERE id BETWEEN 7452986 AND 7453086
	Index Scan using sbtest2_pkey on sbtest2  (cost=0.43..403.70 rows=102 width=125)
	  Index Cond: ((id >= 7452986) AND (id <= 7453086))

table 3 : explain SELECT id, c FROM sbtest3 WHERE id BETWEEN 7452986 AND 7453086
	Index Scan using sbtest3_pkey on sbtest3  (cost=0.43..377.49 rows=95 width=125)
	  Index Cond: ((id >= 7452986) AND (id <= 7453086))

table 4 : explain SELECT id, c FROM sbtest4 WHERE id BETWEEN 7452986 AND 7453086
	Index Scan using sbtest4_pkey on sbtest4  (cost=0.43..411.04 rows=104 width=125)
	  Index Cond: ((id >= 7452986) AND (id <= 7453086))

table 5 : explain SELECT id, c FROM sbtest5 WHERE id BETWEEN 7452986 AND 7453086
	Index Scan using sbtest5_pkey on sbtest5  (cost=0.43..368.59 rows=93 width=125)
	  Index Cond: ((id >= 7452986) AND (id <= 7453086))

table 6 : explain SELECT id, c FROM sbtest6 WHERE id BETWEEN 7452986 AND 7453086
	Index Scan using sbtest6_pkey on sbtest6  (cost=0.43..392.91 rows=99 width=125)
	  Index Cond: ((id >= 7452986) AND (id <= 7453086))

table 7 : explain SELECT id, c FROM sbtest7 WHERE id BETWEEN 7452986 AND 7453086
	Index Scan using sbtest7_pkey on sbtest7  (cost=0.43..431.20 rows=109 width=125)
	  Index Cond: ((id >= 7452986) AND (id <= 7453086))

table 8 : explain SELECT id, c FROM sbtest8 WHERE id BETWEEN 7452986 AND 7453086
	Index Scan using sbtest8_pkey on sbtest8  (cost=0.43..388.35 rows=98 width=125)
	  Index Cond: ((id >= 7452986) AND (id <= 7453086))

explain: for range-notcovered :: explain SELECT id, c FROM sbtest%d WHERE id BETWEEN 7772462 AND 7772562
explain: for range-notcovered :: explain SELECT id, c FROM sbtest%d WHERE id BETWEEN 7452986 AND 7453086
for range-notcovered
table 1 : explain SELECT id, c FROM sbtest1 WHERE id BETWEEN 9399829 AND 9399929
	Index Scan using sbtest1_pkey on sbtest1  (cost=0.43..416.57 rows=105 width=125)
	  Index Cond: ((id >= 9399829) AND (id <= 9399929))

table 2 : explain SELECT id, c FROM sbtest2 WHERE id BETWEEN 9399829 AND 9399929
	Index Scan using sbtest2_pkey on sbtest2  (cost=0.43..388.02 rows=98 width=125)
	  Index Cond: ((id >= 9399829) AND (id <= 9399929))

table 3 : explain SELECT id, c FROM sbtest3 WHERE id BETWEEN 9399829 AND 9399929
	Index Scan using sbtest3_pkey on sbtest3  (cost=0.43..401.06 rows=101 width=125)
	  Index Cond: ((id >= 9399829) AND (id <= 9399929))

table 4 : explain SELECT id, c FROM sbtest4 WHERE id BETWEEN 9399829 AND 9399929
	Index Scan using sbtest4_pkey on sbtest4  (cost=0.43..426.67 rows=108 width=125)
	  Index Cond: ((id >= 9399829) AND (id <= 9399929))

table 5 : explain SELECT id, c FROM sbtest5 WHERE id BETWEEN 9399829 AND 9399929
	Index Scan using sbtest5_pkey on sbtest5  (cost=0.43..360.76 rows=91 width=125)
	  Index Cond: ((id >= 9399829) AND (id <= 9399929))

table 6 : explain SELECT id, c FROM sbtest6 WHERE id BETWEEN 9399829 AND 9399929
	Index Scan using sbtest6_pkey on sbtest6  (cost=0.43..388.98 rows=98 width=125)
	  Index Cond: ((id >= 9399829) AND (id <= 9399929))

table 7 : explain SELECT id, c FROM sbtest7 WHERE id BETWEEN 9399829 AND 9399929
	Index Scan using sbtest7_pkey on sbtest7  (cost=0.43..372.47 rows=94 width=125)
	  Index Cond: ((id >= 9399829) AND (id <= 9399929))

table 8 : explain SELECT id, c FROM sbtest8 WHERE id BETWEEN 9399829 AND 9399929
	Index Scan using sbtest8_pkey on sbtest8  (cost=0.43..423.59 rows=107 width=125)
	  Index Cond: ((id >= 9399829) AND (id <= 9399929))

for range-notcovered
table 1 : explain SELECT id, c FROM sbtest1 WHERE id BETWEEN 1572200 AND 1572300
	Index Scan using sbtest1_pkey on sbtest1  (cost=0.43..393.03 rows=99 width=125)
	  Index Cond: ((id >= 1572200) AND (id <= 1572300))

table 2 : explain SELECT id, c FROM sbtest2 WHERE id BETWEEN 1572200 AND 1572300
	Index Scan using sbtest2_pkey on sbtest2  (cost=0.43..419.35 rows=106 width=125)
	  Index Cond: ((id >= 1572200) AND (id <= 1572300))

table 3 : explain SELECT id, c FROM sbtest3 WHERE id BETWEEN 1572200 AND 1572300
	Index Scan using sbtest3_pkey on sbtest3  (cost=0.43..404.99 rows=102 width=125)
	  Index Cond: ((id >= 1572200) AND (id <= 1572300))

table 4 : explain SELECT id, c FROM sbtest4 WHERE id BETWEEN 1572200 AND 1572300
	Index Scan using sbtest4_pkey on sbtest4  (cost=0.43..426.67 rows=108 width=125)
	  Index Cond: ((id >= 1572200) AND (id <= 1572300))

table 5 : explain SELECT id, c FROM sbtest5 WHERE id BETWEEN 1572200 AND 1572300
	Index Scan using sbtest5_pkey on sbtest5  (cost=0.43..388.19 rows=98 width=125)
	  Index Cond: ((id >= 1572200) AND (id <= 1572300))

table 6 : explain SELECT id, c FROM sbtest6 WHERE id BETWEEN 1572200 AND 1572300
	Index Scan using sbtest6_pkey on sbtest6  (cost=0.43..381.11 rows=96 width=125)
	  Index Cond: ((id >= 1572200) AND (id <= 1572300))

table 7 : explain SELECT id, c FROM sbtest7 WHERE id BETWEEN 1572200 AND 1572300
	Index Scan using sbtest7_pkey on sbtest7  (cost=0.43..395.98 rows=100 width=125)
	  Index Cond: ((id >= 1572200) AND (id <= 1572300))

table 8 : explain SELECT id, c FROM sbtest8 WHERE id BETWEEN 1572200 AND 1572300
	Index Scan using sbtest8_pkey on sbtest8  (cost=0.43..404.01 rows=102 width=125)
	  Index Cond: ((id >= 1572200) AND (id <= 1572300))

for range-notcovered
table 1 : explain SELECT id, c FROM sbtest1 WHERE id BETWEEN 7772462 AND 7772562
	Index Scan using sbtest1_pkey on sbtest1  (cost=0.43..400.87 rows=101 width=125)
	  Index Cond: ((id >= 7772462) AND (id <= 7772562))

table 2 : explain SELECT id, c FROM sbtest2 WHERE id BETWEEN 7772462 AND 7772562
	Index Scan using sbtest2_pkey on sbtest2  (cost=0.43..399.78 rows=101 width=125)
	  Index Cond: ((id >= 7772462) AND (id <= 7772562))

table 3 : explain SELECT id, c FROM sbtest3 WHERE id BETWEEN 7772462 AND 7772562
	Index Scan using sbtest3_pkey on sbtest3  (cost=0.43..385.34 rows=97 width=125)
	  Index Cond: ((id >= 7772462) AND (id <= 7772562))

table 4 : explain SELECT id, c FROM sbtest4 WHERE id BETWEEN 7772462 AND 7772562
	Index Scan using sbtest4_pkey on sbtest4  (cost=0.43..407.13 rows=103 width=125)
	  Index Cond: ((id >= 7772462) AND (id <= 7772562))

table 5 : explain SELECT id, c FROM sbtest5 WHERE id BETWEEN 7772462 AND 7772562
	Index Scan using sbtest5_pkey on sbtest5  (cost=0.43..407.76 rows=103 width=125)
	  Index Cond: ((id >= 7772462) AND (id <= 7772562))

table 6 : explain SELECT id, c FROM sbtest6 WHERE id BETWEEN 7772462 AND 7772562
	Index Scan using sbtest6_pkey on sbtest6  (cost=0.43..388.98 rows=98 width=125)
	  Index Cond: ((id >= 7772462) AND (id <= 7772562))

table 7 : explain SELECT id, c FROM sbtest7 WHERE id BETWEEN 7772462 AND 7772562
	Index Scan using sbtest7_pkey on sbtest7  (cost=0.43..411.63 rows=104 width=125)
	  Index Cond: ((id >= 7772462) AND (id <= 7772562))

table 8 : explain SELECT id, c FROM sbtest8 WHERE id BETWEEN 7772462 AND 7772562
	Index Scan using sbtest8_pkey on sbtest8  (cost=0.43..423.59 rows=107 width=125)
	  Index Cond: ((id >= 7772462) AND (id <= 7772562))

explain: for range-notcovered :: explain SELECT id, c FROM sbtest%d WHERE id BETWEEN 9399829 AND 9399929
explain: for range-notcovered :: explain SELECT id, c FROM sbtest%d WHERE id BETWEEN 1572200 AND 1572300
for range-notcovered
table 1 : explain SELECT id, c FROM sbtest1 WHERE id BETWEEN 7452986 AND 7453086
	Index Scan using sbtest1_pkey on sbtest1  (cost=0.43..428.34 rows=108 width=125)
	  Index Cond: ((id >= 7452986) AND (id <= 7453086))

table 2 : explain SELECT id, c FROM sbtest2 WHERE id BETWEEN 7452986 AND 7453086
	Index Scan using sbtest2_pkey on sbtest2  (cost=0.43..403.70 rows=102 width=125)
	  Index Cond: ((id >= 7452986) AND (id <= 7453086))

table 3 : explain SELECT id, c FROM sbtest3 WHERE id BETWEEN 7452986 AND 7453086
	Index Scan using sbtest3_pkey on sbtest3  (cost=0.43..377.49 rows=95 width=125)
	  Index Cond: ((id >= 7452986) AND (id <= 7453086))

table 4 : explain SELECT id, c FROM sbtest4 WHERE id BETWEEN 7452986 AND 7453086
	Index Scan using sbtest4_pkey on sbtest4  (cost=0.43..411.04 rows=104 width=125)
	  Index Cond: ((id >= 7452986) AND (id <= 7453086))

table 5 : explain SELECT id, c FROM sbtest5 WHERE id BETWEEN 7452986 AND 7453086
	Index Scan using sbtest5_pkey on sbtest5  (cost=0.43..368.59 rows=93 width=125)
	  Index Cond: ((id >= 7452986) AND (id <= 7453086))

table 6 : explain SELECT id, c FROM sbtest6 WHERE id BETWEEN 7452986 AND 7453086
	Index Scan using sbtest6_pkey on sbtest6  (cost=0.43..392.91 rows=99 width=125)
	  Index Cond: ((id >= 7452986) AND (id <= 7453086))

table 7 : explain SELECT id, c FROM sbtest7 WHERE id BETWEEN 7452986 AND 7453086
	Index Scan using sbtest7_pkey on sbtest7  (cost=0.43..431.20 rows=109 width=125)
	  Index Cond: ((id >= 7452986) AND (id <= 7453086))

table 8 : explain SELECT id, c FROM sbtest8 WHERE id BETWEEN 7452986 AND 7453086
	Index Scan using sbtest8_pkey on sbtest8  (cost=0.43..388.35 rows=98 width=125)
	  Index Cond: ((id >= 7452986) AND (id <= 7453086))

explain: for range-notcovered :: explain SELECT id, c FROM sbtest%d WHERE id BETWEEN 7772462 AND 7772562
explain: for range-notcovered :: explain SELECT id, c FROM sbtest%d WHERE id BETWEEN 7452986 AND 7453086
for range-notcovered
table 1 : explain SELECT id, c FROM sbtest1 WHERE id BETWEEN 5716205 AND 5716305
	Index Scan using sbtest1_pkey on sbtest1  (cost=0.43..381.26 rows=96 width=125)
	  Index Cond: ((id >= 5716205) AND (id <= 5716305))

table 2 : explain SELECT id, c FROM sbtest2 WHERE id BETWEEN 5716205 AND 5716305
	Index Scan using sbtest2_pkey on sbtest2  (cost=0.43..415.43 rows=105 width=125)
	  Index Cond: ((id >= 5716205) AND (id <= 5716305))

table 3 : explain SELECT id, c FROM sbtest3 WHERE id BETWEEN 5716205 AND 5716305
	Index Scan using sbtest3_pkey on sbtest3  (cost=0.43..365.71 rows=92 width=125)
	  Index Cond: ((id >= 5716205) AND (id <= 5716305))

table 4 : explain SELECT id, c FROM sbtest4 WHERE id BETWEEN 5716205 AND 5716305
	Index Scan using sbtest4_pkey on sbtest4  (cost=0.43..379.75 rows=96 width=125)
	  Index Cond: ((id >= 5716205) AND (id <= 5716305))

table 5 : explain SELECT id, c FROM sbtest5 WHERE id BETWEEN 5716205 AND 5716305
	Index Scan using sbtest5_pkey on sbtest5  (cost=0.43..372.50 rows=94 width=125)
	  Index Cond: ((id >= 5716205) AND (id <= 5716305))

table 6 : explain SELECT id, c FROM sbtest6 WHERE id BETWEEN 5716205 AND 5716305
	Index Scan using sbtest6_pkey on sbtest6  (cost=0.43..439.97 rows=111 width=125)
	  Index Cond: ((id >= 5716205) AND (id <= 5716305))

table 7 : explain SELECT id, c FROM sbtest7 WHERE id BETWEEN 5716205 AND 5716305
	Index Scan using sbtest7_pkey on sbtest7  (cost=0.43..419.46 rows=106 width=125)
	  Index Cond: ((id >= 5716205) AND (id <= 5716305))

table 8 : explain SELECT id, c FROM sbtest8 WHERE id BETWEEN 5716205 AND 5716305
	Index Scan using sbtest8_pkey on sbtest8  (cost=0.43..415.76 rows=105 width=125)
	  Index Cond: ((id >= 5716205) AND (id <= 5716305))

for range-notcovered
table 1 : explain SELECT id, c FROM sbtest1 WHERE id BETWEEN 3564768 AND 3564868
	Index Scan using sbtest1_pkey on sbtest1  (cost=0.43..389.10 rows=98 width=125)
	  Index Cond: ((id >= 3564768) AND (id <= 3564868))

table 2 : explain SELECT id, c FROM sbtest2 WHERE id BETWEEN 3564768 AND 3564868
	Index Scan using sbtest2_pkey on sbtest2  (cost=0.43..419.35 rows=106 width=125)
	  Index Cond: ((id >= 3564768) AND (id <= 3564868))

table 3 : explain SELECT id, c FROM sbtest3 WHERE id BETWEEN 3564768 AND 3564868
	Index Scan using sbtest3_pkey on sbtest3  (cost=0.43..369.64 rows=93 width=125)
	  Index Cond: ((id >= 3564768) AND (id <= 3564868))

table 4 : explain SELECT id, c FROM sbtest4 WHERE id BETWEEN 3564768 AND 3564868
	Index Scan using sbtest4_pkey on sbtest4  (cost=0.43..438.39 rows=111 width=125)
	  Index Cond: ((id >= 3564768) AND (id <= 3564868))

table 5 : explain SELECT id, c FROM sbtest5 WHERE id BETWEEN 3564768 AND 3564868
	Index Scan using sbtest5_pkey on sbtest5  (cost=0.43..427.33 rows=108 width=125)
	  Index Cond: ((id >= 3564768) AND (id <= 3564868))

table 6 : explain SELECT id, c FROM sbtest6 WHERE id BETWEEN 3564768 AND 3564868
	Index Scan using sbtest6_pkey on sbtest6  (cost=0.43..428.21 rows=108 width=125)
	  Index Cond: ((id >= 3564768) AND (id <= 3564868))

table 7 : explain SELECT id, c FROM sbtest7 WHERE id BETWEEN 3564768 AND 3564868
	Index Scan using sbtest7_pkey on sbtest7  (cost=0.43..419.46 rows=106 width=125)
	  Index Cond: ((id >= 3564768) AND (id <= 3564868))

table 8 : explain SELECT id, c FROM sbtest8 WHERE id BETWEEN 3564768 AND 3564868
	Index Scan using sbtest8_pkey on sbtest8  (cost=0.43..384.43 rows=97 width=125)
	  Index Cond: ((id >= 3564768) AND (id <= 3564868))

explain: for range-notcovered :: explain SELECT id, c FROM sbtest%d WHERE id BETWEEN 5716205 AND 5716305
explain: for range-notcovered :: explain SELECT id, c FROM sbtest%d WHERE id BETWEEN 3564768 AND 3564868
for range-notcovered
table 1 : explain SELECT id, c FROM sbtest1 WHERE id BETWEEN 4765013 AND 4765113
	Index Scan using sbtest1_pkey on sbtest1  (cost=0.43..420.49 rows=106 width=125)
	  Index Cond: ((id >= 4765013) AND (id <= 4765113))

table 2 : explain SELECT id, c FROM sbtest2 WHERE id BETWEEN 4765013 AND 4765113
	Index Scan using sbtest2_pkey on sbtest2  (cost=0.43..423.26 rows=107 width=125)
	  Index Cond: ((id >= 4765013) AND (id <= 4765113))

table 3 : explain SELECT id, c FROM sbtest3 WHERE id BETWEEN 4765013 AND 4765113
	Index Scan using sbtest3_pkey on sbtest3  (cost=0.43..424.61 rows=107 width=125)
	  Index Cond: ((id >= 4765013) AND (id <= 4765113))

table 4 : explain SELECT id, c FROM sbtest4 WHERE id BETWEEN 4765013 AND 4765113
	Index Scan using sbtest4_pkey on sbtest4  (cost=0.43..395.41 rows=100 width=125)
	  Index Cond: ((id >= 4765013) AND (id <= 4765113))

table 5 : explain SELECT id, c FROM sbtest5 WHERE id BETWEEN 4765013 AND 4765113
	Index Scan using sbtest5_pkey on sbtest5  (cost=0.43..392.10 rows=99 width=125)
	  Index Cond: ((id >= 4765013) AND (id <= 4765113))

table 6 : explain SELECT id, c FROM sbtest6 WHERE id BETWEEN 4765013 AND 4765113
	Index Scan using sbtest6_pkey on sbtest6  (cost=0.43..377.19 rows=95 width=125)
	  Index Cond: ((id >= 4765013) AND (id <= 4765113))

table 7 : explain SELECT id, c FROM sbtest7 WHERE id BETWEEN 4765013 AND 4765113
	Index Scan using sbtest7_pkey on sbtest7  (cost=0.43..384.23 rows=97 width=125)
	  Index Cond: ((id >= 4765013) AND (id <= 4765113))

table 8 : explain SELECT id, c FROM sbtest8 WHERE id BETWEEN 4765013 AND 4765113
	Index Scan using sbtest8_pkey on sbtest8  (cost=0.43..372.66 rows=94 width=125)
	  Index Cond: ((id >= 4765013) AND (id <= 4765113))

explain: for range-notcovered :: explain SELECT id, c FROM sbtest%d WHERE id BETWEEN 4765013 AND 4765113
for range-notcovered
table 1 : explain SELECT id, c FROM sbtest1 WHERE id BETWEEN 1572200 AND 1572300
	Index Scan using sbtest1_pkey on sbtest1  (cost=0.43..393.03 rows=99 width=125)
	  Index Cond: ((id >= 1572200) AND (id <= 1572300))

table 2 : explain SELECT id, c FROM sbtest2 WHERE id BETWEEN 1572200 AND 1572300
	Index Scan using sbtest2_pkey on sbtest2  (cost=0.43..419.35 rows=106 width=125)
	  Index Cond: ((id >= 1572200) AND (id <= 1572300))

table 3 : explain SELECT id, c FROM sbtest3 WHERE id BETWEEN 1572200 AND 1572300
	Index Scan using sbtest3_pkey on sbtest3  (cost=0.43..404.99 rows=102 width=125)
	  Index Cond: ((id >= 1572200) AND (id <= 1572300))

table 4 : explain SELECT id, c FROM sbtest4 WHERE id BETWEEN 1572200 AND 1572300
	Index Scan using sbtest4_pkey on sbtest4  (cost=0.43..426.67 rows=108 width=125)
	  Index Cond: ((id >= 1572200) AND (id <= 1572300))

table 5 : explain SELECT id, c FROM sbtest5 WHERE id BETWEEN 1572200 AND 1572300
	Index Scan using sbtest5_pkey on sbtest5  (cost=0.43..388.19 rows=98 width=125)
	  Index Cond: ((id >= 1572200) AND (id <= 1572300))

table 6 : explain SELECT id, c FROM sbtest6 WHERE id BETWEEN 1572200 AND 1572300
	Index Scan using sbtest6_pkey on sbtest6  (cost=0.43..381.11 rows=96 width=125)
	  Index Cond: ((id >= 1572200) AND (id <= 1572300))

table 7 : explain SELECT id, c FROM sbtest7 WHERE id BETWEEN 1572200 AND 1572300
	Index Scan using sbtest7_pkey on sbtest7  (cost=0.43..395.98 rows=100 width=125)
	  Index Cond: ((id >= 1572200) AND (id <= 1572300))

table 8 : explain SELECT id, c FROM sbtest8 WHERE id BETWEEN 1572200 AND 1572300
	Index Scan using sbtest8_pkey on sbtest8  (cost=0.43..404.01 rows=102 width=125)
	  Index Cond: ((id >= 1572200) AND (id <= 1572300))

explain: for range-notcovered :: explain SELECT id, c FROM sbtest%d WHERE id BETWEEN 1572200 AND 1572300
for range-notcovered
table 1 : explain SELECT id, c FROM sbtest1 WHERE id BETWEEN 9399829 AND 9399929
	Index Scan using sbtest1_pkey on sbtest1  (cost=0.43..416.57 rows=105 width=125)
	  Index Cond: ((id >= 9399829) AND (id <= 9399929))

table 2 : explain SELECT id, c FROM sbtest2 WHERE id BETWEEN 9399829 AND 9399929
	Index Scan using sbtest2_pkey on sbtest2  (cost=0.43..388.02 rows=98 width=125)
	  Index Cond: ((id >= 9399829) AND (id <= 9399929))

table 3 : explain SELECT id, c FROM sbtest3 WHERE id BETWEEN 9399829 AND 9399929
	Index Scan using sbtest3_pkey on sbtest3  (cost=0.43..401.06 rows=101 width=125)
	  Index Cond: ((id >= 9399829) AND (id <= 9399929))

table 4 : explain SELECT id, c FROM sbtest4 WHERE id BETWEEN 9399829 AND 9399929
	Index Scan using sbtest4_pkey on sbtest4  (cost=0.43..426.67 rows=108 width=125)
	  Index Cond: ((id >= 9399829) AND (id <= 9399929))

table 5 : explain SELECT id, c FROM sbtest5 WHERE id BETWEEN 9399829 AND 9399929
	Index Scan using sbtest5_pkey on sbtest5  (cost=0.43..360.76 rows=91 width=125)
	  Index Cond: ((id >= 9399829) AND (id <= 9399929))

table 6 : explain SELECT id, c FROM sbtest6 WHERE id BETWEEN 9399829 AND 9399929
	Index Scan using sbtest6_pkey on sbtest6  (cost=0.43..388.98 rows=98 width=125)
	  Index Cond: ((id >= 9399829) AND (id <= 9399929))

table 7 : explain SELECT id, c FROM sbtest7 WHERE id BETWEEN 9399829 AND 9399929
	Index Scan using sbtest7_pkey on sbtest7  (cost=0.43..372.47 rows=94 width=125)
	  Index Cond: ((id >= 9399829) AND (id <= 9399929))

table 8 : explain SELECT id, c FROM sbtest8 WHERE id BETWEEN 9399829 AND 9399929
	Index Scan using sbtest8_pkey on sbtest8  (cost=0.43..423.59 rows=107 width=125)
	  Index Cond: ((id >= 9399829) AND (id <= 9399929))

for range-notcovered
table 1 : explain SELECT id, c FROM sbtest1 WHERE id BETWEEN 7772462 AND 7772562
	Index Scan using sbtest1_pkey on sbtest1  (cost=0.43..400.87 rows=101 width=125)
	  Index Cond: ((id >= 7772462) AND (id <= 7772562))

table 2 : explain SELECT id, c FROM sbtest2 WHERE id BETWEEN 7772462 AND 7772562
	Index Scan using sbtest2_pkey on sbtest2  (cost=0.43..399.78 rows=101 width=125)
	  Index Cond: ((id >= 7772462) AND (id <= 7772562))

table 3 : explain SELECT id, c FROM sbtest3 WHERE id BETWEEN 7772462 AND 7772562
	Index Scan using sbtest3_pkey on sbtest3  (cost=0.43..385.34 rows=97 width=125)
	  Index Cond: ((id >= 7772462) AND (id <= 7772562))

table 4 : explain SELECT id, c FROM sbtest4 WHERE id BETWEEN 7772462 AND 7772562
	Index Scan using sbtest4_pkey on sbtest4  (cost=0.43..407.13 rows=103 width=125)
	  Index Cond: ((id >= 7772462) AND (id <= 7772562))

table 5 : explain SELECT id, c FROM sbtest5 WHERE id BETWEEN 7772462 AND 7772562
	Index Scan using sbtest5_pkey on sbtest5  (cost=0.43..407.76 rows=103 width=125)
	  Index Cond: ((id >= 7772462) AND (id <= 7772562))

table 6 : explain SELECT id, c FROM sbtest6 WHERE id BETWEEN 7772462 AND 7772562
	Index Scan using sbtest6_pkey on sbtest6  (cost=0.43..388.98 rows=98 width=125)
	  Index Cond: ((id >= 7772462) AND (id <= 7772562))

table 7 : explain SELECT id, c FROM sbtest7 WHERE id BETWEEN 7772462 AND 7772562
	Index Scan using sbtest7_pkey on sbtest7  (cost=0.43..411.63 rows=104 width=125)
	  Index Cond: ((id >= 7772462) AND (id <= 7772562))

table 8 : explain SELECT id, c FROM sbtest8 WHERE id BETWEEN 7772462 AND 7772562
	Index Scan using sbtest8_pkey on sbtest8  (cost=0.43..423.59 rows=107 width=125)
	  Index Cond: ((id >= 7772462) AND (id <= 7772562))

explain: for range-notcovered :: explain SELECT id, c FROM sbtest%d WHERE id BETWEEN 9399829 AND 9399929
for range-notcovered
table 1 : explain SELECT id, c FROM sbtest1 WHERE id BETWEEN 7452986 AND 7453086
	Index Scan using sbtest1_pkey on sbtest1  (cost=0.43..428.34 rows=108 width=125)
	  Index Cond: ((id >= 7452986) AND (id <= 7453086))

table 2 : explain SELECT id, c FROM sbtest2 WHERE id BETWEEN 7452986 AND 7453086
	Index Scan using sbtest2_pkey on sbtest2  (cost=0.43..403.70 rows=102 width=125)
	  Index Cond: ((id >= 7452986) AND (id <= 7453086))

table 3 : explain SELECT id, c FROM sbtest3 WHERE id BETWEEN 7452986 AND 7453086
	Index Scan using sbtest3_pkey on sbtest3  (cost=0.43..377.49 rows=95 width=125)
	  Index Cond: ((id >= 7452986) AND (id <= 7453086))

table 4 : explain SELECT id, c FROM sbtest4 WHERE id BETWEEN 7452986 AND 7453086
	Index Scan using sbtest4_pkey on sbtest4  (cost=0.43..411.04 rows=104 width=125)
	  Index Cond: ((id >= 7452986) AND (id <= 7453086))

table 5 : explain SELECT id, c FROM sbtest5 WHERE id BETWEEN 7452986 AND 7453086
	Index Scan using sbtest5_pkey on sbtest5  (cost=0.43..368.59 rows=93 width=125)
	  Index Cond: ((id >= 7452986) AND (id <= 7453086))

table 6 : explain SELECT id, c FROM sbtest6 WHERE id BETWEEN 7452986 AND 7453086
	Index Scan using sbtest6_pkey on sbtest6  (cost=0.43..392.91 rows=99 width=125)
	  Index Cond: ((id >= 7452986) AND (id <= 7453086))

table 7 : explain SELECT id, c FROM sbtest7 WHERE id BETWEEN 7452986 AND 7453086
	Index Scan using sbtest7_pkey on sbtest7  (cost=0.43..431.20 rows=109 width=125)
	  Index Cond: ((id >= 7452986) AND (id <= 7453086))

table 8 : explain SELECT id, c FROM sbtest8 WHERE id BETWEEN 7452986 AND 7453086
	Index Scan using sbtest8_pkey on sbtest8  (cost=0.43..388.35 rows=98 width=125)
	  Index Cond: ((id >= 7452986) AND (id <= 7453086))

explain: for range-notcovered :: explain SELECT id, c FROM sbtest%d WHERE id BETWEEN 7452986 AND 7453086
for range-notcovered
table 1 : explain SELECT id, c FROM sbtest1 WHERE id BETWEEN 5716205 AND 5716305
	Index Scan using sbtest1_pkey on sbtest1  (cost=0.43..381.26 rows=96 width=125)
	  Index Cond: ((id >= 5716205) AND (id <= 5716305))

table 2 : explain SELECT id, c FROM sbtest2 WHERE id BETWEEN 5716205 AND 5716305
	Index Scan using sbtest2_pkey on sbtest2  (cost=0.43..415.43 rows=105 width=125)
	  Index Cond: ((id >= 5716205) AND (id <= 5716305))

table 3 : explain SELECT id, c FROM sbtest3 WHERE id BETWEEN 5716205 AND 5716305
	Index Scan using sbtest3_pkey on sbtest3  (cost=0.43..365.71 rows=92 width=125)
	  Index Cond: ((id >= 5716205) AND (id <= 5716305))

table 4 : explain SELECT id, c FROM sbtest4 WHERE id BETWEEN 5716205 AND 5716305
	Index Scan using sbtest4_pkey on sbtest4  (cost=0.43..379.75 rows=96 width=125)
	  Index Cond: ((id >= 5716205) AND (id <= 5716305))

table 5 : explain SELECT id, c FROM sbtest5 WHERE id BETWEEN 5716205 AND 5716305
	Index Scan using sbtest5_pkey on sbtest5  (cost=0.43..372.50 rows=94 width=125)
	  Index Cond: ((id >= 5716205) AND (id <= 5716305))

table 6 : explain SELECT id, c FROM sbtest6 WHERE id BETWEEN 5716205 AND 5716305
	Index Scan using sbtest6_pkey on sbtest6  (cost=0.43..439.97 rows=111 width=125)
	  Index Cond: ((id >= 5716205) AND (id <= 5716305))

table 7 : explain SELECT id, c FROM sbtest7 WHERE id BETWEEN 5716205 AND 5716305
	Index Scan using sbtest7_pkey on sbtest7  (cost=0.43..419.46 rows=106 width=125)
	  Index Cond: ((id >= 5716205) AND (id <= 5716305))

table 8 : explain SELECT id, c FROM sbtest8 WHERE id BETWEEN 5716205 AND 5716305
	Index Scan using sbtest8_pkey on sbtest8  (cost=0.43..415.76 rows=105 width=125)
	  Index Cond: ((id >= 5716205) AND (id <= 5716305))

explain: for range-notcovered :: explain SELECT id, c FROM sbtest%d WHERE id BETWEEN 5716205 AND 5716305
for range-notcovered
table 1 : explain SELECT id, c FROM sbtest1 WHERE id BETWEEN 1572200 AND 1572300
	Index Scan using sbtest1_pkey on sbtest1  (cost=0.43..393.03 rows=99 width=125)
	  Index Cond: ((id >= 1572200) AND (id <= 1572300))

table 2 : explain SELECT id, c FROM sbtest2 WHERE id BETWEEN 1572200 AND 1572300
	Index Scan using sbtest2_pkey on sbtest2  (cost=0.43..419.35 rows=106 width=125)
	  Index Cond: ((id >= 1572200) AND (id <= 1572300))

table 3 : explain SELECT id, c FROM sbtest3 WHERE id BETWEEN 1572200 AND 1572300
	Index Scan using sbtest3_pkey on sbtest3  (cost=0.43..404.99 rows=102 width=125)
	  Index Cond: ((id >= 1572200) AND (id <= 1572300))

table 4 : explain SELECT id, c FROM sbtest4 WHERE id BETWEEN 1572200 AND 1572300
	Index Scan using sbtest4_pkey on sbtest4  (cost=0.43..426.67 rows=108 width=125)
	  Index Cond: ((id >= 1572200) AND (id <= 1572300))

table 5 : explain SELECT id, c FROM sbtest5 WHERE id BETWEEN 1572200 AND 1572300
	Index Scan using sbtest5_pkey on sbtest5  (cost=0.43..388.19 rows=98 width=125)
	  Index Cond: ((id >= 1572200) AND (id <= 1572300))

table 6 : explain SELECT id, c FROM sbtest6 WHERE id BETWEEN 1572200 AND 1572300
	Index Scan using sbtest6_pkey on sbtest6  (cost=0.43..381.11 rows=96 width=125)
	  Index Cond: ((id >= 1572200) AND (id <= 1572300))

table 7 : explain SELECT id, c FROM sbtest7 WHERE id BETWEEN 1572200 AND 1572300
	Index Scan using sbtest7_pkey on sbtest7  (cost=0.43..395.98 rows=100 width=125)
	  Index Cond: ((id >= 1572200) AND (id <= 1572300))

table 8 : explain SELECT id, c FROM sbtest8 WHERE id BETWEEN 1572200 AND 1572300
	Index Scan using sbtest8_pkey on sbtest8  (cost=0.43..404.01 rows=102 width=125)
	  Index Cond: ((id >= 1572200) AND (id <= 1572300))

for range-notcovered
table 1 : explain SELECT id, c FROM sbtest1 WHERE id BETWEEN 3784171 AND 3784271
	Index Scan using sbtest1_pkey on sbtest1  (cost=0.43..373.41 rows=94 width=125)
	  Index Cond: ((id >= 3784171) AND (id <= 3784271))

table 2 : explain SELECT id, c FROM sbtest2 WHERE id BETWEEN 3784171 AND 3784271
	Index Scan using sbtest2_pkey on sbtest2  (cost=0.43..356.72 rows=90 width=125)
	  Index Cond: ((id >= 3784171) AND (id <= 3784271))

table 3 : explain SELECT id, c FROM sbtest3 WHERE id BETWEEN 3784171 AND 3784271
	Index Scan using sbtest3_pkey on sbtest3  (cost=0.43..420.69 rows=106 width=125)
	  Index Cond: ((id >= 3784171) AND (id <= 3784271))

table 4 : explain SELECT id, c FROM sbtest4 WHERE id BETWEEN 3784171 AND 3784271
	Index Scan using sbtest4_pkey on sbtest4  (cost=0.43..383.68 rows=97 width=125)
	  Index Cond: ((id >= 3784171) AND (id <= 3784271))

table 5 : explain SELECT id, c FROM sbtest5 WHERE id BETWEEN 3784171 AND 3784271
	Index Scan using sbtest5_pkey on sbtest5  (cost=0.43..411.67 rows=104 width=125)
	  Index Cond: ((id >= 3784171) AND (id <= 3784271))

table 6 : explain SELECT id, c FROM sbtest6 WHERE id BETWEEN 3784171 AND 3784271
	Index Scan using sbtest6_pkey on sbtest6  (cost=0.43..408.59 rows=103 width=125)
	  Index Cond: ((id >= 3784171) AND (id <= 3784271))

table 7 : explain SELECT id, c FROM sbtest7 WHERE id BETWEEN 3784171 AND 3784271
	Index Scan using sbtest7_pkey on sbtest7  (cost=0.43..419.46 rows=106 width=125)
	  Index Cond: ((id >= 3784171) AND (id <= 3784271))

table 8 : explain SELECT id, c FROM sbtest8 WHERE id BETWEEN 3784171 AND 3784271
	Index Scan using sbtest8_pkey on sbtest8  (cost=0.43..419.67 rows=106 width=125)
	  Index Cond: ((id >= 3784171) AND (id <= 3784271))

for range-notcovered
table 1 : explain SELECT id, c FROM sbtest1 WHERE id BETWEEN 9399829 AND 9399929
	Index Scan using sbtest1_pkey on sbtest1  (cost=0.43..416.57 rows=105 width=125)
	  Index Cond: ((id >= 9399829) AND (id <= 9399929))

table 2 : explain SELECT id, c FROM sbtest2 WHERE id BETWEEN 9399829 AND 9399929
	Index Scan using sbtest2_pkey on sbtest2  (cost=0.43..388.02 rows=98 width=125)
	  Index Cond: ((id >= 9399829) AND (id <= 9399929))

table 3 : explain SELECT id, c FROM sbtest3 WHERE id BETWEEN 9399829 AND 9399929
	Index Scan using sbtest3_pkey on sbtest3  (cost=0.43..401.06 rows=101 width=125)
	  Index Cond: ((id >= 9399829) AND (id <= 9399929))

table 4 : explain SELECT id, c FROM sbtest4 WHERE id BETWEEN 9399829 AND 9399929
	Index Scan using sbtest4_pkey on sbtest4  (cost=0.43..426.67 rows=108 width=125)
	  Index Cond: ((id >= 9399829) AND (id <= 9399929))

table 5 : explain SELECT id, c FROM sbtest5 WHERE id BETWEEN 9399829 AND 9399929
	Index Scan using sbtest5_pkey on sbtest5  (cost=0.43..360.76 rows=91 width=125)
	  Index Cond: ((id >= 9399829) AND (id <= 9399929))

table 6 : explain SELECT id, c FROM sbtest6 WHERE id BETWEEN 9399829 AND 9399929
	Index Scan using sbtest6_pkey on sbtest6  (cost=0.43..388.98 rows=98 width=125)
	  Index Cond: ((id >= 9399829) AND (id <= 9399929))

table 7 : explain SELECT id, c FROM sbtest7 WHERE id BETWEEN 9399829 AND 9399929
	Index Scan using sbtest7_pkey on sbtest7  (cost=0.43..372.47 rows=94 width=125)
	  Index Cond: ((id >= 9399829) AND (id <= 9399929))

table 8 : explain SELECT id, c FROM sbtest8 WHERE id BETWEEN 9399829 AND 9399929
	Index Scan using sbtest8_pkey on sbtest8  (cost=0.43..423.59 rows=107 width=125)
	  Index Cond: ((id >= 9399829) AND (id <= 9399929))

for range-notcovered
table 1 : explain SELECT id, c FROM sbtest1 WHERE id BETWEEN 7452986 AND 7453086
	Index Scan using sbtest1_pkey on sbtest1  (cost=0.43..428.34 rows=108 width=125)
	  Index Cond: ((id >= 7452986) AND (id <= 7453086))

table 2 : explain SELECT id, c FROM sbtest2 WHERE id BETWEEN 7452986 AND 7453086
	Index Scan using sbtest2_pkey on sbtest2  (cost=0.43..403.70 rows=102 width=125)
	  Index Cond: ((id >= 7452986) AND (id <= 7453086))

table 3 : explain SELECT id, c FROM sbtest3 WHERE id BETWEEN 7452986 AND 7453086
	Index Scan using sbtest3_pkey on sbtest3  (cost=0.43..377.49 rows=95 width=125)
	  Index Cond: ((id >= 7452986) AND (id <= 7453086))

table 4 : explain SELECT id, c FROM sbtest4 WHERE id BETWEEN 7452986 AND 7453086
	Index Scan using sbtest4_pkey on sbtest4  (cost=0.43..411.04 rows=104 width=125)
	  Index Cond: ((id >= 7452986) AND (id <= 7453086))

table 5 : explain SELECT id, c FROM sbtest5 WHERE id BETWEEN 7452986 AND 7453086
	Index Scan using sbtest5_pkey on sbtest5  (cost=0.43..368.59 rows=93 width=125)
	  Index Cond: ((id >= 7452986) AND (id <= 7453086))

table 6 : explain SELECT id, c FROM sbtest6 WHERE id BETWEEN 7452986 AND 7453086
	Index Scan using sbtest6_pkey on sbtest6  (cost=0.43..392.91 rows=99 width=125)
	  Index Cond: ((id >= 7452986) AND (id <= 7453086))

table 7 : explain SELECT id, c FROM sbtest7 WHERE id BETWEEN 7452986 AND 7453086
	Index Scan using sbtest7_pkey on sbtest7  (cost=0.43..431.20 rows=109 width=125)
	  Index Cond: ((id >= 7452986) AND (id <= 7453086))

table 8 : explain SELECT id, c FROM sbtest8 WHERE id BETWEEN 7452986 AND 7453086
	Index Scan using sbtest8_pkey on sbtest8  (cost=0.43..388.35 rows=98 width=125)
	  Index Cond: ((id >= 7452986) AND (id <= 7453086))

explain: for range-notcovered :: explain SELECT id, c FROM sbtest%d WHERE id BETWEEN 9399829 AND 9399929
for range-notcovered
table 1 : explain SELECT id, c FROM sbtest1 WHERE id BETWEEN 3564768 AND 3564868
	Index Scan using sbtest1_pkey on sbtest1  (cost=0.43..389.10 rows=98 width=125)
	  Index Cond: ((id >= 3564768) AND (id <= 3564868))

table 2 : explain SELECT id, c FROM sbtest2 WHERE id BETWEEN 3564768 AND 3564868
	Index Scan using sbtest2_pkey on sbtest2  (cost=0.43..419.35 rows=106 width=125)
	  Index Cond: ((id >= 3564768) AND (id <= 3564868))

table 3 : explain SELECT id, c FROM sbtest3 WHERE id BETWEEN 3564768 AND 3564868
	Index Scan using sbtest3_pkey on sbtest3  (cost=0.43..369.64 rows=93 width=125)
	  Index Cond: ((id >= 3564768) AND (id <= 3564868))

table 4 : explain SELECT id, c FROM sbtest4 WHERE id BETWEEN 3564768 AND 3564868
	Index Scan using sbtest4_pkey on sbtest4  (cost=0.43..438.39 rows=111 width=125)
	  Index Cond: ((id >= 3564768) AND (id <= 3564868))

table 5 : explain SELECT id, c FROM sbtest5 WHERE id BETWEEN 3564768 AND 3564868
	Index Scan using sbtest5_pkey on sbtest5  (cost=0.43..427.33 rows=108 width=125)
	  Index Cond: ((id >= 3564768) AND (id <= 3564868))

table 6 : explain SELECT id, c FROM sbtest6 WHERE id BETWEEN 3564768 AND 3564868
	Index Scan using sbtest6_pkey on sbtest6  (cost=0.43..428.21 rows=108 width=125)
	  Index Cond: ((id >= 3564768) AND (id <= 3564868))

table 7 : explain SELECT id, c FROM sbtest7 WHERE id BETWEEN 3564768 AND 3564868
	Index Scan using sbtest7_pkey on sbtest7  (cost=0.43..419.46 rows=106 width=125)
	  Index Cond: ((id >= 3564768) AND (id <= 3564868))

table 8 : explain SELECT id, c FROM sbtest8 WHERE id BETWEEN 3564768 AND 3564868
	Index Scan using sbtest8_pkey on sbtest8  (cost=0.43..384.43 rows=97 width=125)
	  Index Cond: ((id >= 3564768) AND (id <= 3564868))

explain: for range-notcovered :: explain SELECT id, c FROM sbtest%d WHERE id BETWEEN 7452986 AND 7453086
explain: for range-notcovered :: explain SELECT id, c FROM sbtest%d WHERE id BETWEEN 3812580 AND 3812680
for range-notcovered
table 1 : explain SELECT id, c FROM sbtest1 WHERE id BETWEEN 2568705 AND 2568805
	Index Scan using sbtest1_pkey on sbtest1  (cost=0.43..381.26 rows=96 width=125)
	  Index Cond: ((id >= 2568705) AND (id <= 2568805))

table 2 : explain SELECT id, c FROM sbtest2 WHERE id BETWEEN 2568705 AND 2568805
	Index Scan using sbtest2_pkey on sbtest2  (cost=0.43..403.70 rows=102 width=125)
	  Index Cond: ((id >= 2568705) AND (id <= 2568805))

table 3 : explain SELECT id, c FROM sbtest3 WHERE id BETWEEN 2568705 AND 2568805
	Index Scan using sbtest3_pkey on sbtest3  (cost=0.43..436.39 rows=110 width=125)
	  Index Cond: ((id >= 2568705) AND (id <= 2568805))

table 4 : explain SELECT id, c FROM sbtest4 WHERE id BETWEEN 2568705 AND 2568805
	Index Scan using sbtest4_pkey on sbtest4  (cost=0.43..391.50 rows=99 width=125)
	  Index Cond: ((id >= 2568705) AND (id <= 2568805))

table 5 : explain SELECT id, c FROM sbtest5 WHERE id BETWEEN 2568705 AND 2568805
	Index Scan using sbtest5_pkey on sbtest5  (cost=0.43..450.81 rows=114 width=125)
	  Index Cond: ((id >= 2568705) AND (id <= 2568805))

table 6 : explain SELECT id, c FROM sbtest6 WHERE id BETWEEN 2568705 AND 2568805
	Index Scan using sbtest6_pkey on sbtest6  (cost=0.43..377.19 rows=95 width=125)
	  Index Cond: ((id >= 2568705) AND (id <= 2568805))

table 7 : explain SELECT id, c FROM sbtest7 WHERE id BETWEEN 2568705 AND 2568805
	Index Scan using sbtest7_pkey on sbtest7  (cost=0.43..399.89 rows=101 width=125)
	  Index Cond: ((id >= 2568705) AND (id <= 2568805))

table 8 : explain SELECT id, c FROM sbtest8 WHERE id BETWEEN 2568705 AND 2568805
	Index Scan using sbtest8_pkey on sbtest8  (cost=0.43..431.42 rows=109 width=125)
	  Index Cond: ((id >= 2568705) AND (id <= 2568805))

explain: for range-notcovered :: explain SELECT id, c FROM sbtest%d WHERE id BETWEEN 3564768 AND 3564868
for range-notcovered
table 1 : explain SELECT id, c FROM sbtest1 WHERE id BETWEEN 5716205 AND 5716305
	Index Scan using sbtest1_pkey on sbtest1  (cost=0.43..381.26 rows=96 width=125)
	  Index Cond: ((id >= 5716205) AND (id <= 5716305))

table 2 : explain SELECT id, c FROM sbtest2 WHERE id BETWEEN 5716205 AND 5716305
	Index Scan using sbtest2_pkey on sbtest2  (cost=0.43..415.43 rows=105 width=125)
	  Index Cond: ((id >= 5716205) AND (id <= 5716305))

table 3 : explain SELECT id, c FROM sbtest3 WHERE id BETWEEN 5716205 AND 5716305
	Index Scan using sbtest3_pkey on sbtest3  (cost=0.43..365.71 rows=92 width=125)
	  Index Cond: ((id >= 5716205) AND (id <= 5716305))

table 4 : explain SELECT id, c FROM sbtest4 WHERE id BETWEEN 5716205 AND 5716305
	Index Scan using sbtest4_pkey on sbtest4  (cost=0.43..379.75 rows=96 width=125)
	  Index Cond: ((id >= 5716205) AND (id <= 5716305))

table 5 : explain SELECT id, c FROM sbtest5 WHERE id BETWEEN 5716205 AND 5716305
	Index Scan using sbtest5_pkey on sbtest5  (cost=0.43..372.50 rows=94 width=125)
	  Index Cond: ((id >= 5716205) AND (id <= 5716305))

table 6 : explain SELECT id, c FROM sbtest6 WHERE id BETWEEN 5716205 AND 5716305
	Index Scan using sbtest6_pkey on sbtest6  (cost=0.43..439.97 rows=111 width=125)
	  Index Cond: ((id >= 5716205) AND (id <= 5716305))

table 7 : explain SELECT id, c FROM sbtest7 WHERE id BETWEEN 5716205 AND 5716305
	Index Scan using sbtest7_pkey on sbtest7  (cost=0.43..419.46 rows=106 width=125)
	  Index Cond: ((id >= 5716205) AND (id <= 5716305))

table 8 : explain SELECT id, c FROM sbtest8 WHERE id BETWEEN 5716205 AND 5716305
	Index Scan using sbtest8_pkey on sbtest8  (cost=0.43..415.76 rows=105 width=125)
	  Index Cond: ((id >= 5716205) AND (id <= 5716305))

explain: for range-notcovered :: explain SELECT id, c FROM sbtest%d WHERE id BETWEEN 2568705 AND 2568805
explain: for range-notcovered :: explain SELECT id, c FROM sbtest%d WHERE id BETWEEN 5716205 AND 5716305
for range-notcovered
table 1 : explain SELECT id, c FROM sbtest1 WHERE id BETWEEN 4765013 AND 4765113
	Index Scan using sbtest1_pkey on sbtest1  (cost=0.43..420.49 rows=106 width=125)
	  Index Cond: ((id >= 4765013) AND (id <= 4765113))

table 2 : explain SELECT id, c FROM sbtest2 WHERE id BETWEEN 4765013 AND 4765113
	Index Scan using sbtest2_pkey on sbtest2  (cost=0.43..423.26 rows=107 width=125)
	  Index Cond: ((id >= 4765013) AND (id <= 4765113))

table 3 : explain SELECT id, c FROM sbtest3 WHERE id BETWEEN 4765013 AND 4765113
	Index Scan using sbtest3_pkey on sbtest3  (cost=0.43..424.61 rows=107 width=125)
	  Index Cond: ((id >= 4765013) AND (id <= 4765113))

table 4 : explain SELECT id, c FROM sbtest4 WHERE id BETWEEN 4765013 AND 4765113
	Index Scan using sbtest4_pkey on sbtest4  (cost=0.43..395.41 rows=100 width=125)
	  Index Cond: ((id >= 4765013) AND (id <= 4765113))

table 5 : explain SELECT id, c FROM sbtest5 WHERE id BETWEEN 4765013 AND 4765113
	Index Scan using sbtest5_pkey on sbtest5  (cost=0.43..392.10 rows=99 width=125)
	  Index Cond: ((id >= 4765013) AND (id <= 4765113))

table 6 : explain SELECT id, c FROM sbtest6 WHERE id BETWEEN 4765013 AND 4765113
	Index Scan using sbtest6_pkey on sbtest6  (cost=0.43..377.19 rows=95 width=125)
	  Index Cond: ((id >= 4765013) AND (id <= 4765113))

table 7 : explain SELECT id, c FROM sbtest7 WHERE id BETWEEN 4765013 AND 4765113
	Index Scan using sbtest7_pkey on sbtest7  (cost=0.43..384.23 rows=97 width=125)
	  Index Cond: ((id >= 4765013) AND (id <= 4765113))

table 8 : explain SELECT id, c FROM sbtest8 WHERE id BETWEEN 4765013 AND 4765113
	Index Scan using sbtest8_pkey on sbtest8  (cost=0.43..372.66 rows=94 width=125)
	  Index Cond: ((id >= 4765013) AND (id <= 4765113))

explain: for range-notcovered :: explain SELECT id, c FROM sbtest%d WHERE id BETWEEN 3784171 AND 3784271
explain: for range-notcovered :: explain SELECT id, c FROM sbtest%d WHERE id BETWEEN 4765013 AND 4765113
for range-notcovered
table 1 : explain SELECT id, c FROM sbtest1 WHERE id BETWEEN 9399829 AND 9399929
	Index Scan using sbtest1_pkey on sbtest1  (cost=0.43..416.57 rows=105 width=125)
	  Index Cond: ((id >= 9399829) AND (id <= 9399929))

table 2 : explain SELECT id, c FROM sbtest2 WHERE id BETWEEN 9399829 AND 9399929
	Index Scan using sbtest2_pkey on sbtest2  (cost=0.43..388.02 rows=98 width=125)
	  Index Cond: ((id >= 9399829) AND (id <= 9399929))

table 3 : explain SELECT id, c FROM sbtest3 WHERE id BETWEEN 9399829 AND 9399929
	Index Scan using sbtest3_pkey on sbtest3  (cost=0.43..401.06 rows=101 width=125)
	  Index Cond: ((id >= 9399829) AND (id <= 9399929))

table 4 : explain SELECT id, c FROM sbtest4 WHERE id BETWEEN 9399829 AND 9399929
	Index Scan using sbtest4_pkey on sbtest4  (cost=0.43..426.67 rows=108 width=125)
	  Index Cond: ((id >= 9399829) AND (id <= 9399929))

table 5 : explain SELECT id, c FROM sbtest5 WHERE id BETWEEN 9399829 AND 9399929
	Index Scan using sbtest5_pkey on sbtest5  (cost=0.43..360.76 rows=91 width=125)
	  Index Cond: ((id >= 9399829) AND (id <= 9399929))

table 6 : explain SELECT id, c FROM sbtest6 WHERE id BETWEEN 9399829 AND 9399929
	Index Scan using sbtest6_pkey on sbtest6  (cost=0.43..388.98 rows=98 width=125)
	  Index Cond: ((id >= 9399829) AND (id <= 9399929))

table 7 : explain SELECT id, c FROM sbtest7 WHERE id BETWEEN 9399829 AND 9399929
	Index Scan using sbtest7_pkey on sbtest7  (cost=0.43..372.47 rows=94 width=125)
	  Index Cond: ((id >= 9399829) AND (id <= 9399929))

table 8 : explain SELECT id, c FROM sbtest8 WHERE id BETWEEN 9399829 AND 9399929
	Index Scan using sbtest8_pkey on sbtest8  (cost=0.43..423.59 rows=107 width=125)
	  Index Cond: ((id >= 9399829) AND (id <= 9399929))

explain: for range-notcovered :: explain SELECT id, c FROM sbtest%d WHERE id BETWEEN 9399829 AND 9399929
for range-notcovered
table 1 : explain SELECT id, c FROM sbtest1 WHERE id BETWEEN 7452986 AND 7453086
	Index Scan using sbtest1_pkey on sbtest1  (cost=0.43..428.34 rows=108 width=125)
	  Index Cond: ((id >= 7452986) AND (id <= 7453086))

table 2 : explain SELECT id, c FROM sbtest2 WHERE id BETWEEN 7452986 AND 7453086
	Index Scan using sbtest2_pkey on sbtest2  (cost=0.43..403.70 rows=102 width=125)
	  Index Cond: ((id >= 7452986) AND (id <= 7453086))

table 3 : explain SELECT id, c FROM sbtest3 WHERE id BETWEEN 7452986 AND 7453086
	Index Scan using sbtest3_pkey on sbtest3  (cost=0.43..377.49 rows=95 width=125)
	  Index Cond: ((id >= 7452986) AND (id <= 7453086))

table 4 : explain SELECT id, c FROM sbtest4 WHERE id BETWEEN 7452986 AND 7453086
	Index Scan using sbtest4_pkey on sbtest4  (cost=0.43..411.04 rows=104 width=125)
	  Index Cond: ((id >= 7452986) AND (id <= 7453086))

table 5 : explain SELECT id, c FROM sbtest5 WHERE id BETWEEN 7452986 AND 7453086
	Index Scan using sbtest5_pkey on sbtest5  (cost=0.43..368.59 rows=93 width=125)
	  Index Cond: ((id >= 7452986) AND (id <= 7453086))

table 6 : explain SELECT id, c FROM sbtest6 WHERE id BETWEEN 7452986 AND 7453086
	Index Scan using sbtest6_pkey on sbtest6  (cost=0.43..392.91 rows=99 width=125)
	  Index Cond: ((id >= 7452986) AND (id <= 7453086))

table 7 : explain SELECT id, c FROM sbtest7 WHERE id BETWEEN 7452986 AND 7453086
	Index Scan using sbtest7_pkey on sbtest7  (cost=0.43..431.20 rows=109 width=125)
	  Index Cond: ((id >= 7452986) AND (id <= 7453086))

table 8 : explain SELECT id, c FROM sbtest8 WHERE id BETWEEN 7452986 AND 7453086
	Index Scan using sbtest8_pkey on sbtest8  (cost=0.43..388.35 rows=98 width=125)
	  Index Cond: ((id >= 7452986) AND (id <= 7453086))

for range-notcovered
table 1 : explain SELECT id, c FROM sbtest1 WHERE id BETWEEN 1904249 AND 1904349
	Index Scan using sbtest1_pkey on sbtest1  (cost=0.43..393.03 rows=99 width=125)
	  Index Cond: ((id >= 1904249) AND (id <= 1904349))

table 2 : explain SELECT id, c FROM sbtest2 WHERE id BETWEEN 1904249 AND 1904349
	Index Scan using sbtest2_pkey on sbtest2  (cost=0.43..403.70 rows=102 width=125)
	  Index Cond: ((id >= 1904249) AND (id <= 1904349))

table 3 : explain SELECT id, c FROM sbtest3 WHERE id BETWEEN 1904249 AND 1904349
	Index Scan using sbtest3_pkey on sbtest3  (cost=0.43..353.93 rows=89 width=125)
	  Index Cond: ((id >= 1904249) AND (id <= 1904349))

table 4 : explain SELECT id, c FROM sbtest4 WHERE id BETWEEN 1904249 AND 1904349
	Index Scan using sbtest4_pkey on sbtest4  (cost=0.43..375.84 rows=95 width=125)
	  Index Cond: ((id >= 1904249) AND (id <= 1904349))

table 5 : explain SELECT id, c FROM sbtest5 WHERE id BETWEEN 1904249 AND 1904349
	Index Scan using sbtest5_pkey on sbtest5  (cost=0.43..407.76 rows=103 width=125)
	  Index Cond: ((id >= 1904249) AND (id <= 1904349))

table 6 : explain SELECT id, c FROM sbtest6 WHERE id BETWEEN 1904249 AND 1904349
	Index Scan using sbtest6_pkey on sbtest6  (cost=0.43..396.83 rows=100 width=125)
	  Index Cond: ((id >= 1904249) AND (id <= 1904349))

table 7 : explain SELECT id, c FROM sbtest7 WHERE id BETWEEN 1904249 AND 1904349
	Index Scan using sbtest7_pkey on sbtest7  (cost=0.43..403.80 rows=102 width=125)
	  Index Cond: ((id >= 1904249) AND (id <= 1904349))

table 8 : explain SELECT id, c FROM sbtest8 WHERE id BETWEEN 1904249 AND 1904349
	Index Scan using sbtest8_pkey on sbtest8  (cost=0.43..392.26 rows=99 width=125)
	  Index Cond: ((id >= 1904249) AND (id <= 1904349))

for range-notcovered
table 1 : explain SELECT id, c FROM sbtest1 WHERE id BETWEEN 5716205 AND 5716305
	Index Scan using sbtest1_pkey on sbtest1  (cost=0.43..381.26 rows=96 width=125)
	  Index Cond: ((id >= 5716205) AND (id <= 5716305))

table 2 : explain SELECT id, c FROM sbtest2 WHERE id BETWEEN 5716205 AND 5716305
	Index Scan using sbtest2_pkey on sbtest2  (cost=0.43..415.43 rows=105 width=125)
	  Index Cond: ((id >= 5716205) AND (id <= 5716305))

table 3 : explain SELECT id, c FROM sbtest3 WHERE id BETWEEN 5716205 AND 5716305
	Index Scan using sbtest3_pkey on sbtest3  (cost=0.43..365.71 rows=92 width=125)
	  Index Cond: ((id >= 5716205) AND (id <= 5716305))

table 4 : explain SELECT id, c FROM sbtest4 WHERE id BETWEEN 5716205 AND 5716305
	Index Scan using sbtest4_pkey on sbtest4  (cost=0.43..379.75 rows=96 width=125)
	  Index Cond: ((id >= 5716205) AND (id <= 5716305))

table 5 : explain SELECT id, c FROM sbtest5 WHERE id BETWEEN 5716205 AND 5716305
	Index Scan using sbtest5_pkey on sbtest5  (cost=0.43..372.50 rows=94 width=125)
	  Index Cond: ((id >= 5716205) AND (id <= 5716305))

table 6 : explain SELECT id, c FROM sbtest6 WHERE id BETWEEN 5716205 AND 5716305
	Index Scan using sbtest6_pkey on sbtest6  (cost=0.43..439.97 rows=111 width=125)
	  Index Cond: ((id >= 5716205) AND (id <= 5716305))

table 7 : explain SELECT id, c FROM sbtest7 WHERE id BETWEEN 5716205 AND 5716305
	Index Scan using sbtest7_pkey on sbtest7  (cost=0.43..419.46 rows=106 width=125)
	  Index Cond: ((id >= 5716205) AND (id <= 5716305))

table 8 : explain SELECT id, c FROM sbtest8 WHERE id BETWEEN 5716205 AND 5716305
	Index Scan using sbtest8_pkey on sbtest8  (cost=0.43..415.76 rows=105 width=125)
	  Index Cond: ((id >= 5716205) AND (id <= 5716305))

explain: for range-notcovered :: explain SELECT id, c FROM sbtest%d WHERE id BETWEEN 5716205 AND 5716305
for range-notcovered
table 1 : explain SELECT id, c FROM sbtest1 WHERE id BETWEEN 2568705 AND 2568805
	Index Scan using sbtest1_pkey on sbtest1  (cost=0.43..381.26 rows=96 width=125)
	  Index Cond: ((id >= 2568705) AND (id <= 2568805))

table 2 : explain SELECT id, c FROM sbtest2 WHERE id BETWEEN 2568705 AND 2568805
	Index Scan using sbtest2_pkey on sbtest2  (cost=0.43..403.70 rows=102 width=125)
	  Index Cond: ((id >= 2568705) AND (id <= 2568805))

table 3 : explain SELECT id, c FROM sbtest3 WHERE id BETWEEN 2568705 AND 2568805
	Index Scan using sbtest3_pkey on sbtest3  (cost=0.43..436.39 rows=110 width=125)
	  Index Cond: ((id >= 2568705) AND (id <= 2568805))

table 4 : explain SELECT id, c FROM sbtest4 WHERE id BETWEEN 2568705 AND 2568805
	Index Scan using sbtest4_pkey on sbtest4  (cost=0.43..391.50 rows=99 width=125)
	  Index Cond: ((id >= 2568705) AND (id <= 2568805))

table 5 : explain SELECT id, c FROM sbtest5 WHERE id BETWEEN 2568705 AND 2568805
	Index Scan using sbtest5_pkey on sbtest5  (cost=0.43..450.81 rows=114 width=125)
	  Index Cond: ((id >= 2568705) AND (id <= 2568805))

table 6 : explain SELECT id, c FROM sbtest6 WHERE id BETWEEN 2568705 AND 2568805
	Index Scan using sbtest6_pkey on sbtest6  (cost=0.43..377.19 rows=95 width=125)
	  Index Cond: ((id >= 2568705) AND (id <= 2568805))

table 7 : explain SELECT id, c FROM sbtest7 WHERE id BETWEEN 2568705 AND 2568805
	Index Scan using sbtest7_pkey on sbtest7  (cost=0.43..399.89 rows=101 width=125)
	  Index Cond: ((id >= 2568705) AND (id <= 2568805))

table 8 : explain SELECT id, c FROM sbtest8 WHERE id BETWEEN 2568705 AND 2568805
	Index Scan using sbtest8_pkey on sbtest8  (cost=0.43..431.42 rows=109 width=125)
	  Index Cond: ((id >= 2568705) AND (id <= 2568805))

explain: for range-notcovered :: explain SELECT id, c FROM sbtest%d WHERE id BETWEEN 2568705 AND 2568805
explain: for range-notcovered :: explain SELECT id, c FROM sbtest%d WHERE id BETWEEN 1904249 AND 1904349
for range-notcovered
table 1 : explain SELECT id, c FROM sbtest1 WHERE id BETWEEN 9399829 AND 9399929
	Index Scan using sbtest1_pkey on sbtest1  (cost=0.43..416.57 rows=105 width=125)
	  Index Cond: ((id >= 9399829) AND (id <= 9399929))

table 2 : explain SELECT id, c FROM sbtest2 WHERE id BETWEEN 9399829 AND 9399929
	Index Scan using sbtest2_pkey on sbtest2  (cost=0.43..388.02 rows=98 width=125)
	  Index Cond: ((id >= 9399829) AND (id <= 9399929))

table 3 : explain SELECT id, c FROM sbtest3 WHERE id BETWEEN 9399829 AND 9399929
	Index Scan using sbtest3_pkey on sbtest3  (cost=0.43..401.06 rows=101 width=125)
	  Index Cond: ((id >= 9399829) AND (id <= 9399929))

table 4 : explain SELECT id, c FROM sbtest4 WHERE id BETWEEN 9399829 AND 9399929
	Index Scan using sbtest4_pkey on sbtest4  (cost=0.43..426.67 rows=108 width=125)
	  Index Cond: ((id >= 9399829) AND (id <= 9399929))

table 5 : explain SELECT id, c FROM sbtest5 WHERE id BETWEEN 9399829 AND 9399929
	Index Scan using sbtest5_pkey on sbtest5  (cost=0.43..360.76 rows=91 width=125)
	  Index Cond: ((id >= 9399829) AND (id <= 9399929))

table 6 : explain SELECT id, c FROM sbtest6 WHERE id BETWEEN 9399829 AND 9399929
	Index Scan using sbtest6_pkey on sbtest6  (cost=0.43..388.98 rows=98 width=125)
	  Index Cond: ((id >= 9399829) AND (id <= 9399929))

table 7 : explain SELECT id, c FROM sbtest7 WHERE id BETWEEN 9399829 AND 9399929
	Index Scan using sbtest7_pkey on sbtest7  (cost=0.43..372.47 rows=94 width=125)
	  Index Cond: ((id >= 9399829) AND (id <= 9399929))

table 8 : explain SELECT id, c FROM sbtest8 WHERE id BETWEEN 9399829 AND 9399929
	Index Scan using sbtest8_pkey on sbtest8  (cost=0.43..423.59 rows=107 width=125)
	  Index Cond: ((id >= 9399829) AND (id <= 9399929))

explain: for range-notcovered :: explain SELECT id, c FROM sbtest%d WHERE id BETWEEN 9399829 AND 9399929
for range-notcovered
table 1 : explain SELECT id, c FROM sbtest1 WHERE id BETWEEN 3564768 AND 3564868
	Index Scan using sbtest1_pkey on sbtest1  (cost=0.43..389.10 rows=98 width=125)
	  Index Cond: ((id >= 3564768) AND (id <= 3564868))

table 2 : explain SELECT id, c FROM sbtest2 WHERE id BETWEEN 3564768 AND 3564868
	Index Scan using sbtest2_pkey on sbtest2  (cost=0.43..419.35 rows=106 width=125)
	  Index Cond: ((id >= 3564768) AND (id <= 3564868))

table 3 : explain SELECT id, c FROM sbtest3 WHERE id BETWEEN 3564768 AND 3564868
	Index Scan using sbtest3_pkey on sbtest3  (cost=0.43..369.64 rows=93 width=125)
	  Index Cond: ((id >= 3564768) AND (id <= 3564868))

table 4 : explain SELECT id, c FROM sbtest4 WHERE id BETWEEN 3564768 AND 3564868
	Index Scan using sbtest4_pkey on sbtest4  (cost=0.43..438.39 rows=111 width=125)
	  Index Cond: ((id >= 3564768) AND (id <= 3564868))

table 5 : explain SELECT id, c FROM sbtest5 WHERE id BETWEEN 3564768 AND 3564868
	Index Scan using sbtest5_pkey on sbtest5  (cost=0.43..427.33 rows=108 width=125)
	  Index Cond: ((id >= 3564768) AND (id <= 3564868))

table 6 : explain SELECT id, c FROM sbtest6 WHERE id BETWEEN 3564768 AND 3564868
	Index Scan using sbtest6_pkey on sbtest6  (cost=0.43..428.21 rows=108 width=125)
	  Index Cond: ((id >= 3564768) AND (id <= 3564868))

table 7 : explain SELECT id, c FROM sbtest7 WHERE id BETWEEN 3564768 AND 3564868
	Index Scan using sbtest7_pkey on sbtest7  (cost=0.43..419.46 rows=106 width=125)
	  Index Cond: ((id >= 3564768) AND (id <= 3564868))

table 8 : explain SELECT id, c FROM sbtest8 WHERE id BETWEEN 3564768 AND 3564868
	Index Scan using sbtest8_pkey on sbtest8  (cost=0.43..384.43 rows=97 width=125)
	  Index Cond: ((id >= 3564768) AND (id <= 3564868))

for range-notcovered
table 1 : explain SELECT id, c FROM sbtest1 WHERE id BETWEEN 5716205 AND 5716305
	Index Scan using sbtest1_pkey on sbtest1  (cost=0.43..381.26 rows=96 width=125)
	  Index Cond: ((id >= 5716205) AND (id <= 5716305))

table 2 : explain SELECT id, c FROM sbtest2 WHERE id BETWEEN 5716205 AND 5716305
	Index Scan using sbtest2_pkey on sbtest2  (cost=0.43..415.43 rows=105 width=125)
	  Index Cond: ((id >= 5716205) AND (id <= 5716305))

table 3 : explain SELECT id, c FROM sbtest3 WHERE id BETWEEN 5716205 AND 5716305
	Index Scan using sbtest3_pkey on sbtest3  (cost=0.43..365.71 rows=92 width=125)
	  Index Cond: ((id >= 5716205) AND (id <= 5716305))

table 4 : explain SELECT id, c FROM sbtest4 WHERE id BETWEEN 5716205 AND 5716305
	Index Scan using sbtest4_pkey on sbtest4  (cost=0.43..379.75 rows=96 width=125)
	  Index Cond: ((id >= 5716205) AND (id <= 5716305))

table 5 : explain SELECT id, c FROM sbtest5 WHERE id BETWEEN 5716205 AND 5716305
	Index Scan using sbtest5_pkey on sbtest5  (cost=0.43..372.50 rows=94 width=125)
	  Index Cond: ((id >= 5716205) AND (id <= 5716305))

table 6 : explain SELECT id, c FROM sbtest6 WHERE id BETWEEN 5716205 AND 5716305
	Index Scan using sbtest6_pkey on sbtest6  (cost=0.43..439.97 rows=111 width=125)
	  Index Cond: ((id >= 5716205) AND (id <= 5716305))

table 7 : explain SELECT id, c FROM sbtest7 WHERE id BETWEEN 5716205 AND 5716305
	Index Scan using sbtest7_pkey on sbtest7  (cost=0.43..419.46 rows=106 width=125)
	  Index Cond: ((id >= 5716205) AND (id <= 5716305))

table 8 : explain SELECT id, c FROM sbtest8 WHERE id BETWEEN 5716205 AND 5716305
	Index Scan using sbtest8_pkey on sbtest8  (cost=0.43..415.76 rows=105 width=125)
	  Index Cond: ((id >= 5716205) AND (id <= 5716305))

explain: for range-notcovered :: explain SELECT id, c FROM sbtest%d WHERE id BETWEEN 3564768 AND 3564868
explain: for range-notcovered :: explain SELECT id, c FROM sbtest%d WHERE id BETWEEN 5716205 AND 5716305
for range-notcovered
table 1 : explain SELECT id, c FROM sbtest1 WHERE id BETWEEN 2568705 AND 2568805
	Index Scan using sbtest1_pkey on sbtest1  (cost=0.43..381.26 rows=96 width=125)
	  Index Cond: ((id >= 2568705) AND (id <= 2568805))

table 2 : explain SELECT id, c FROM sbtest2 WHERE id BETWEEN 2568705 AND 2568805
	Index Scan using sbtest2_pkey on sbtest2  (cost=0.43..403.70 rows=102 width=125)
	  Index Cond: ((id >= 2568705) AND (id <= 2568805))

table 3 : explain SELECT id, c FROM sbtest3 WHERE id BETWEEN 2568705 AND 2568805
	Index Scan using sbtest3_pkey on sbtest3  (cost=0.43..436.39 rows=110 width=125)
	  Index Cond: ((id >= 2568705) AND (id <= 2568805))

table 4 : explain SELECT id, c FROM sbtest4 WHERE id BETWEEN 2568705 AND 2568805
	Index Scan using sbtest4_pkey on sbtest4  (cost=0.43..391.50 rows=99 width=125)
	  Index Cond: ((id >= 2568705) AND (id <= 2568805))

table 5 : explain SELECT id, c FROM sbtest5 WHERE id BETWEEN 2568705 AND 2568805
	Index Scan using sbtest5_pkey on sbtest5  (cost=0.43..450.81 rows=114 width=125)
	  Index Cond: ((id >= 2568705) AND (id <= 2568805))

table 6 : explain SELECT id, c FROM sbtest6 WHERE id BETWEEN 2568705 AND 2568805
	Index Scan using sbtest6_pkey on sbtest6  (cost=0.43..377.19 rows=95 width=125)
	  Index Cond: ((id >= 2568705) AND (id <= 2568805))

table 7 : explain SELECT id, c FROM sbtest7 WHERE id BETWEEN 2568705 AND 2568805
	Index Scan using sbtest7_pkey on sbtest7  (cost=0.43..399.89 rows=101 width=125)
	  Index Cond: ((id >= 2568705) AND (id <= 2568805))

table 8 : explain SELECT id, c FROM sbtest8 WHERE id BETWEEN 2568705 AND 2568805
	Index Scan using sbtest8_pkey on sbtest8  (cost=0.43..431.42 rows=109 width=125)
	  Index Cond: ((id >= 2568705) AND (id <= 2568805))

for range-notcovered
table 1 : explain SELECT id, c FROM sbtest1 WHERE id BETWEEN 4765013 AND 4765113
	Index Scan using sbtest1_pkey on sbtest1  (cost=0.43..420.49 rows=106 width=125)
	  Index Cond: ((id >= 4765013) AND (id <= 4765113))

table 2 : explain SELECT id, c FROM sbtest2 WHERE id BETWEEN 4765013 AND 4765113
	Index Scan using sbtest2_pkey on sbtest2  (cost=0.43..423.26 rows=107 width=125)
	  Index Cond: ((id >= 4765013) AND (id <= 4765113))

table 3 : explain SELECT id, c FROM sbtest3 WHERE id BETWEEN 4765013 AND 4765113
	Index Scan using sbtest3_pkey on sbtest3  (cost=0.43..424.61 rows=107 width=125)
	  Index Cond: ((id >= 4765013) AND (id <= 4765113))

table 4 : explain SELECT id, c FROM sbtest4 WHERE id BETWEEN 4765013 AND 4765113
	Index Scan using sbtest4_pkey on sbtest4  (cost=0.43..395.41 rows=100 width=125)
	  Index Cond: ((id >= 4765013) AND (id <= 4765113))

table 5 : explain SELECT id, c FROM sbtest5 WHERE id BETWEEN 4765013 AND 4765113
	Index Scan using sbtest5_pkey on sbtest5  (cost=0.43..392.10 rows=99 width=125)
	  Index Cond: ((id >= 4765013) AND (id <= 4765113))

table 6 : explain SELECT id, c FROM sbtest6 WHERE id BETWEEN 4765013 AND 4765113
	Index Scan using sbtest6_pkey on sbtest6  (cost=0.43..377.19 rows=95 width=125)
	  Index Cond: ((id >= 4765013) AND (id <= 4765113))

table 7 : explain SELECT id, c FROM sbtest7 WHERE id BETWEEN 4765013 AND 4765113
	Index Scan using sbtest7_pkey on sbtest7  (cost=0.43..384.23 rows=97 width=125)
	  Index Cond: ((id >= 4765013) AND (id <= 4765113))

table 8 : explain SELECT id, c FROM sbtest8 WHERE id BETWEEN 4765013 AND 4765113
	Index Scan using sbtest8_pkey on sbtest8  (cost=0.43..372.66 rows=94 width=125)
	  Index Cond: ((id >= 4765013) AND (id <= 4765113))

explain: for range-notcovered :: explain SELECT id, c FROM sbtest%d WHERE id BETWEEN 2568705 AND 2568805
for range-notcovered
table 1 : explain SELECT id, c FROM sbtest1 WHERE id BETWEEN 3784171 AND 3784271
	Index Scan using sbtest1_pkey on sbtest1  (cost=0.43..373.41 rows=94 width=125)
	  Index Cond: ((id >= 3784171) AND (id <= 3784271))

table 2 : explain SELECT id, c FROM sbtest2 WHERE id BETWEEN 3784171 AND 3784271
	Index Scan using sbtest2_pkey on sbtest2  (cost=0.43..356.72 rows=90 width=125)
	  Index Cond: ((id >= 3784171) AND (id <= 3784271))

table 3 : explain SELECT id, c FROM sbtest3 WHERE id BETWEEN 3784171 AND 3784271
	Index Scan using sbtest3_pkey on sbtest3  (cost=0.43..420.69 rows=106 width=125)
	  Index Cond: ((id >= 3784171) AND (id <= 3784271))

table 4 : explain SELECT id, c FROM sbtest4 WHERE id BETWEEN 3784171 AND 3784271
	Index Scan using sbtest4_pkey on sbtest4  (cost=0.43..383.68 rows=97 width=125)
	  Index Cond: ((id >= 3784171) AND (id <= 3784271))

table 5 : explain SELECT id, c FROM sbtest5 WHERE id BETWEEN 3784171 AND 3784271
	Index Scan using sbtest5_pkey on sbtest5  (cost=0.43..411.67 rows=104 width=125)
	  Index Cond: ((id >= 3784171) AND (id <= 3784271))

table 6 : explain SELECT id, c FROM sbtest6 WHERE id BETWEEN 3784171 AND 3784271
	Index Scan using sbtest6_pkey on sbtest6  (cost=0.43..408.59 rows=103 width=125)
	  Index Cond: ((id >= 3784171) AND (id <= 3784271))

table 7 : explain SELECT id, c FROM sbtest7 WHERE id BETWEEN 3784171 AND 3784271
	Index Scan using sbtest7_pkey on sbtest7  (cost=0.43..419.46 rows=106 width=125)
	  Index Cond: ((id >= 3784171) AND (id <= 3784271))

table 8 : explain SELECT id, c FROM sbtest8 WHERE id BETWEEN 3784171 AND 3784271
	Index Scan using sbtest8_pkey on sbtest8  (cost=0.43..419.67 rows=106 width=125)
	  Index Cond: ((id >= 3784171) AND (id <= 3784271))

explain: for range-notcovered :: explain SELECT id, c FROM sbtest%d WHERE id BETWEEN 3784171 AND 3784271
for range-notcovered
table 1 : explain SELECT id, c FROM sbtest1 WHERE id BETWEEN 9399829 AND 9399929
	Index Scan using sbtest1_pkey on sbtest1  (cost=0.43..416.57 rows=105 width=125)
	  Index Cond: ((id >= 9399829) AND (id <= 9399929))

table 2 : explain SELECT id, c FROM sbtest2 WHERE id BETWEEN 9399829 AND 9399929
	Index Scan using sbtest2_pkey on sbtest2  (cost=0.43..388.02 rows=98 width=125)
	  Index Cond: ((id >= 9399829) AND (id <= 9399929))

table 3 : explain SELECT id, c FROM sbtest3 WHERE id BETWEEN 9399829 AND 9399929
	Index Scan using sbtest3_pkey on sbtest3  (cost=0.43..401.06 rows=101 width=125)
	  Index Cond: ((id >= 9399829) AND (id <= 9399929))

table 4 : explain SELECT id, c FROM sbtest4 WHERE id BETWEEN 9399829 AND 9399929
	Index Scan using sbtest4_pkey on sbtest4  (cost=0.43..426.67 rows=108 width=125)
	  Index Cond: ((id >= 9399829) AND (id <= 9399929))

table 5 : explain SELECT id, c FROM sbtest5 WHERE id BETWEEN 9399829 AND 9399929
	Index Scan using sbtest5_pkey on sbtest5  (cost=0.43..360.76 rows=91 width=125)
	  Index Cond: ((id >= 9399829) AND (id <= 9399929))

table 6 : explain SELECT id, c FROM sbtest6 WHERE id BETWEEN 9399829 AND 9399929
	Index Scan using sbtest6_pkey on sbtest6  (cost=0.43..388.98 rows=98 width=125)
	  Index Cond: ((id >= 9399829) AND (id <= 9399929))

table 7 : explain SELECT id, c FROM sbtest7 WHERE id BETWEEN 9399829 AND 9399929
	Index Scan using sbtest7_pkey on sbtest7  (cost=0.43..372.47 rows=94 width=125)
	  Index Cond: ((id >= 9399829) AND (id <= 9399929))

table 8 : explain SELECT id, c FROM sbtest8 WHERE id BETWEEN 9399829 AND 9399929
	Index Scan using sbtest8_pkey on sbtest8  (cost=0.43..423.59 rows=107 width=125)
	  Index Cond: ((id >= 9399829) AND (id <= 9399929))

explain: for range-notcovered :: explain SELECT id, c FROM sbtest%d WHERE id BETWEEN 9399829 AND 9399929
for range-notcovered
table 1 : explain SELECT id, c FROM sbtest1 WHERE id BETWEEN 5716205 AND 5716305
	Index Scan using sbtest1_pkey on sbtest1  (cost=0.43..381.26 rows=96 width=125)
	  Index Cond: ((id >= 5716205) AND (id <= 5716305))

table 2 : explain SELECT id, c FROM sbtest2 WHERE id BETWEEN 5716205 AND 5716305
	Index Scan using sbtest2_pkey on sbtest2  (cost=0.43..415.43 rows=105 width=125)
	  Index Cond: ((id >= 5716205) AND (id <= 5716305))

table 3 : explain SELECT id, c FROM sbtest3 WHERE id BETWEEN 5716205 AND 5716305
	Index Scan using sbtest3_pkey on sbtest3  (cost=0.43..365.71 rows=92 width=125)
	  Index Cond: ((id >= 5716205) AND (id <= 5716305))

table 4 : explain SELECT id, c FROM sbtest4 WHERE id BETWEEN 5716205 AND 5716305
	Index Scan using sbtest4_pkey on sbtest4  (cost=0.43..379.75 rows=96 width=125)
	  Index Cond: ((id >= 5716205) AND (id <= 5716305))

table 5 : explain SELECT id, c FROM sbtest5 WHERE id BETWEEN 5716205 AND 5716305
	Index Scan using sbtest5_pkey on sbtest5  (cost=0.43..372.50 rows=94 width=125)
	  Index Cond: ((id >= 5716205) AND (id <= 5716305))

table 6 : explain SELECT id, c FROM sbtest6 WHERE id BETWEEN 5716205 AND 5716305
	Index Scan using sbtest6_pkey on sbtest6  (cost=0.43..439.97 rows=111 width=125)
	  Index Cond: ((id >= 5716205) AND (id <= 5716305))

table 7 : explain SELECT id, c FROM sbtest7 WHERE id BETWEEN 5716205 AND 5716305
	Index Scan using sbtest7_pkey on sbtest7  (cost=0.43..419.46 rows=106 width=125)
	  Index Cond: ((id >= 5716205) AND (id <= 5716305))

table 8 : explain SELECT id, c FROM sbtest8 WHERE id BETWEEN 5716205 AND 5716305
	Index Scan using sbtest8_pkey on sbtest8  (cost=0.43..415.76 rows=105 width=125)
	  Index Cond: ((id >= 5716205) AND (id <= 5716305))

for range-notcovered
table 1 : explain SELECT id, c FROM sbtest1 WHERE id BETWEEN 2568705 AND 2568805
	Index Scan using sbtest1_pkey on sbtest1  (cost=0.43..381.26 rows=96 width=125)
	  Index Cond: ((id >= 2568705) AND (id <= 2568805))

table 2 : explain SELECT id, c FROM sbtest2 WHERE id BETWEEN 2568705 AND 2568805
	Index Scan using sbtest2_pkey on sbtest2  (cost=0.43..403.70 rows=102 width=125)
	  Index Cond: ((id >= 2568705) AND (id <= 2568805))

table 3 : explain SELECT id, c FROM sbtest3 WHERE id BETWEEN 2568705 AND 2568805
	Index Scan using sbtest3_pkey on sbtest3  (cost=0.43..436.39 rows=110 width=125)
	  Index Cond: ((id >= 2568705) AND (id <= 2568805))

table 4 : explain SELECT id, c FROM sbtest4 WHERE id BETWEEN 2568705 AND 2568805
	Index Scan using sbtest4_pkey on sbtest4  (cost=0.43..391.50 rows=99 width=125)
	  Index Cond: ((id >= 2568705) AND (id <= 2568805))

table 5 : explain SELECT id, c FROM sbtest5 WHERE id BETWEEN 2568705 AND 2568805
	Index Scan using sbtest5_pkey on sbtest5  (cost=0.43..450.81 rows=114 width=125)
	  Index Cond: ((id >= 2568705) AND (id <= 2568805))

table 6 : explain SELECT id, c FROM sbtest6 WHERE id BETWEEN 2568705 AND 2568805
	Index Scan using sbtest6_pkey on sbtest6  (cost=0.43..377.19 rows=95 width=125)
	  Index Cond: ((id >= 2568705) AND (id <= 2568805))

table 7 : explain SELECT id, c FROM sbtest7 WHERE id BETWEEN 2568705 AND 2568805
	Index Scan using sbtest7_pkey on sbtest7  (cost=0.43..399.89 rows=101 width=125)
	  Index Cond: ((id >= 2568705) AND (id <= 2568805))

table 8 : explain SELECT id, c FROM sbtest8 WHERE id BETWEEN 2568705 AND 2568805
	Index Scan using sbtest8_pkey on sbtest8  (cost=0.43..431.42 rows=109 width=125)
	  Index Cond: ((id >= 2568705) AND (id <= 2568805))

explain: for range-notcovered :: explain SELECT id, c FROM sbtest%d WHERE id BETWEEN 5716205 AND 5716305
explain: for range-notcovered :: explain SELECT id, c FROM sbtest%d WHERE id BETWEEN 2568705 AND 2568805
explain: for range-notcovered :: explain SELECT id, c FROM sbtest%d WHERE id BETWEEN 7014261 AND 7014361
for range-notcovered
table 1 : explain SELECT id, c FROM sbtest1 WHERE id BETWEEN 1904249 AND 1904349
	Index Scan using sbtest1_pkey on sbtest1  (cost=0.43..393.03 rows=99 width=125)
	  Index Cond: ((id >= 1904249) AND (id <= 1904349))

table 2 : explain SELECT id, c FROM sbtest2 WHERE id BETWEEN 1904249 AND 1904349
	Index Scan using sbtest2_pkey on sbtest2  (cost=0.43..403.70 rows=102 width=125)
	  Index Cond: ((id >= 1904249) AND (id <= 1904349))

table 3 : explain SELECT id, c FROM sbtest3 WHERE id BETWEEN 1904249 AND 1904349
	Index Scan using sbtest3_pkey on sbtest3  (cost=0.43..353.93 rows=89 width=125)
	  Index Cond: ((id >= 1904249) AND (id <= 1904349))

table 4 : explain SELECT id, c FROM sbtest4 WHERE id BETWEEN 1904249 AND 1904349
	Index Scan using sbtest4_pkey on sbtest4  (cost=0.43..375.84 rows=95 width=125)
	  Index Cond: ((id >= 1904249) AND (id <= 1904349))

table 5 : explain SELECT id, c FROM sbtest5 WHERE id BETWEEN 1904249 AND 1904349
	Index Scan using sbtest5_pkey on sbtest5  (cost=0.43..407.76 rows=103 width=125)
	  Index Cond: ((id >= 1904249) AND (id <= 1904349))

table 6 : explain SELECT id, c FROM sbtest6 WHERE id BETWEEN 1904249 AND 1904349
	Index Scan using sbtest6_pkey on sbtest6  (cost=0.43..396.83 rows=100 width=125)
	  Index Cond: ((id >= 1904249) AND (id <= 1904349))

table 7 : explain SELECT id, c FROM sbtest7 WHERE id BETWEEN 1904249 AND 1904349
	Index Scan using sbtest7_pkey on sbtest7  (cost=0.43..403.80 rows=102 width=125)
	  Index Cond: ((id >= 1904249) AND (id <= 1904349))

table 8 : explain SELECT id, c FROM sbtest8 WHERE id BETWEEN 1904249 AND 1904349
	Index Scan using sbtest8_pkey on sbtest8  (cost=0.43..392.26 rows=99 width=125)
	  Index Cond: ((id >= 1904249) AND (id <= 1904349))

explain: for range-notcovered :: explain SELECT id, c FROM sbtest%d WHERE id BETWEEN 1904249 AND 1904349
for range-notcovered
table 1 : explain SELECT id, c FROM sbtest1 WHERE id BETWEEN 9399829 AND 9399929
	Index Scan using sbtest1_pkey on sbtest1  (cost=0.43..416.57 rows=105 width=125)
	  Index Cond: ((id >= 9399829) AND (id <= 9399929))

table 2 : explain SELECT id, c FROM sbtest2 WHERE id BETWEEN 9399829 AND 9399929
	Index Scan using sbtest2_pkey on sbtest2  (cost=0.43..388.02 rows=98 width=125)
	  Index Cond: ((id >= 9399829) AND (id <= 9399929))

table 3 : explain SELECT id, c FROM sbtest3 WHERE id BETWEEN 9399829 AND 9399929
	Index Scan using sbtest3_pkey on sbtest3  (cost=0.43..401.06 rows=101 width=125)
	  Index Cond: ((id >= 9399829) AND (id <= 9399929))

table 4 : explain SELECT id, c FROM sbtest4 WHERE id BETWEEN 9399829 AND 9399929
	Index Scan using sbtest4_pkey on sbtest4  (cost=0.43..426.67 rows=108 width=125)
	  Index Cond: ((id >= 9399829) AND (id <= 9399929))

table 5 : explain SELECT id, c FROM sbtest5 WHERE id BETWEEN 9399829 AND 9399929
	Index Scan using sbtest5_pkey on sbtest5  (cost=0.43..360.76 rows=91 width=125)
	  Index Cond: ((id >= 9399829) AND (id <= 9399929))

table 6 : explain SELECT id, c FROM sbtest6 WHERE id BETWEEN 9399829 AND 9399929
	Index Scan using sbtest6_pkey on sbtest6  (cost=0.43..388.98 rows=98 width=125)
	  Index Cond: ((id >= 9399829) AND (id <= 9399929))

table 7 : explain SELECT id, c FROM sbtest7 WHERE id BETWEEN 9399829 AND 9399929
	Index Scan using sbtest7_pkey on sbtest7  (cost=0.43..372.47 rows=94 width=125)
	  Index Cond: ((id >= 9399829) AND (id <= 9399929))

table 8 : explain SELECT id, c FROM sbtest8 WHERE id BETWEEN 9399829 AND 9399929
	Index Scan using sbtest8_pkey on sbtest8  (cost=0.43..423.59 rows=107 width=125)
	  Index Cond: ((id >= 9399829) AND (id <= 9399929))

explain: for range-notcovered :: explain SELECT id, c FROM sbtest%d WHERE id BETWEEN 9399829 AND 9399929
for range-notcovered
table 1 : explain SELECT id, c FROM sbtest1 WHERE id BETWEEN 3564768 AND 3564868
	Index Scan using sbtest1_pkey on sbtest1  (cost=0.43..389.10 rows=98 width=125)
	  Index Cond: ((id >= 3564768) AND (id <= 3564868))

table 2 : explain SELECT id, c FROM sbtest2 WHERE id BETWEEN 3564768 AND 3564868
	Index Scan using sbtest2_pkey on sbtest2  (cost=0.43..419.35 rows=106 width=125)
	  Index Cond: ((id >= 3564768) AND (id <= 3564868))

table 3 : explain SELECT id, c FROM sbtest3 WHERE id BETWEEN 3564768 AND 3564868
	Index Scan using sbtest3_pkey on sbtest3  (cost=0.43..369.64 rows=93 width=125)
	  Index Cond: ((id >= 3564768) AND (id <= 3564868))

table 4 : explain SELECT id, c FROM sbtest4 WHERE id BETWEEN 3564768 AND 3564868
	Index Scan using sbtest4_pkey on sbtest4  (cost=0.43..438.39 rows=111 width=125)
	  Index Cond: ((id >= 3564768) AND (id <= 3564868))

table 5 : explain SELECT id, c FROM sbtest5 WHERE id BETWEEN 3564768 AND 3564868
	Index Scan using sbtest5_pkey on sbtest5  (cost=0.43..427.33 rows=108 width=125)
	  Index Cond: ((id >= 3564768) AND (id <= 3564868))

table 6 : explain SELECT id, c FROM sbtest6 WHERE id BETWEEN 3564768 AND 3564868
	Index Scan using sbtest6_pkey on sbtest6  (cost=0.43..428.21 rows=108 width=125)
	  Index Cond: ((id >= 3564768) AND (id <= 3564868))

table 7 : explain SELECT id, c FROM sbtest7 WHERE id BETWEEN 3564768 AND 3564868
	Index Scan using sbtest7_pkey on sbtest7  (cost=0.43..419.46 rows=106 width=125)
	  Index Cond: ((id >= 3564768) AND (id <= 3564868))

table 8 : explain SELECT id, c FROM sbtest8 WHERE id BETWEEN 3564768 AND 3564868
	Index Scan using sbtest8_pkey on sbtest8  (cost=0.43..384.43 rows=97 width=125)
	  Index Cond: ((id >= 3564768) AND (id <= 3564868))

for range-notcovered
table 1 : explain SELECT id, c FROM sbtest1 WHERE id BETWEEN 3812580 AND 3812680
	Index Scan using sbtest1_pkey on sbtest1  (cost=0.43..373.41 rows=94 width=125)
	  Index Cond: ((id >= 3812580) AND (id <= 3812680))

table 2 : explain SELECT id, c FROM sbtest2 WHERE id BETWEEN 3812580 AND 3812680
	Index Scan using sbtest2_pkey on sbtest2  (cost=0.43..423.26 rows=107 width=125)
	  Index Cond: ((id >= 3812580) AND (id <= 3812680))

table 3 : explain SELECT id, c FROM sbtest3 WHERE id BETWEEN 3812580 AND 3812680
	Index Scan using sbtest3_pkey on sbtest3  (cost=0.43..408.91 rows=103 width=125)
	  Index Cond: ((id >= 3812580) AND (id <= 3812680))

table 4 : explain SELECT id, c FROM sbtest4 WHERE id BETWEEN 3812580 AND 3812680
	Index Scan using sbtest4_pkey on sbtest4  (cost=0.43..383.68 rows=97 width=125)
	  Index Cond: ((id >= 3812580) AND (id <= 3812680))

table 5 : explain SELECT id, c FROM sbtest5 WHERE id BETWEEN 3812580 AND 3812680
	Index Scan using sbtest5_pkey on sbtest5  (cost=0.43..411.67 rows=104 width=125)
	  Index Cond: ((id >= 3812580) AND (id <= 3812680))

table 6 : explain SELECT id, c FROM sbtest6 WHERE id BETWEEN 3812580 AND 3812680
	Index Scan using sbtest6_pkey on sbtest6  (cost=0.43..408.59 rows=103 width=125)
	  Index Cond: ((id >= 3812580) AND (id <= 3812680))

table 7 : explain SELECT id, c FROM sbtest7 WHERE id BETWEEN 3812580 AND 3812680
	Index Scan using sbtest7_pkey on sbtest7  (cost=0.43..388.15 rows=98 width=125)
	  Index Cond: ((id >= 3812580) AND (id <= 3812680))

table 8 : explain SELECT id, c FROM sbtest8 WHERE id BETWEEN 3812580 AND 3812680
	Index Scan using sbtest8_pkey on sbtest8  (cost=0.43..423.59 rows=107 width=125)
	  Index Cond: ((id >= 3812580) AND (id <= 3812680))

explain: for range-notcovered :: explain SELECT id, c FROM sbtest%d WHERE id BETWEEN 3564768 AND 3564868
explain: for range-notcovered :: explain SELECT id, c FROM sbtest%d WHERE id BETWEEN 3812580 AND 3812680
for range-notcovered
table 1 : explain SELECT id, c FROM sbtest1 WHERE id BETWEEN 2568705 AND 2568805
	Index Scan using sbtest1_pkey on sbtest1  (cost=0.43..381.26 rows=96 width=125)
	  Index Cond: ((id >= 2568705) AND (id <= 2568805))

table 2 : explain SELECT id, c FROM sbtest2 WHERE id BETWEEN 2568705 AND 2568805
	Index Scan using sbtest2_pkey on sbtest2  (cost=0.43..403.70 rows=102 width=125)
	  Index Cond: ((id >= 2568705) AND (id <= 2568805))

table 3 : explain SELECT id, c FROM sbtest3 WHERE id BETWEEN 2568705 AND 2568805
	Index Scan using sbtest3_pkey on sbtest3  (cost=0.43..436.39 rows=110 width=125)
	  Index Cond: ((id >= 2568705) AND (id <= 2568805))

table 4 : explain SELECT id, c FROM sbtest4 WHERE id BETWEEN 2568705 AND 2568805
	Index Scan using sbtest4_pkey on sbtest4  (cost=0.43..391.50 rows=99 width=125)
	  Index Cond: ((id >= 2568705) AND (id <= 2568805))

table 5 : explain SELECT id, c FROM sbtest5 WHERE id BETWEEN 2568705 AND 2568805
	Index Scan using sbtest5_pkey on sbtest5  (cost=0.43..450.81 rows=114 width=125)
	  Index Cond: ((id >= 2568705) AND (id <= 2568805))

table 6 : explain SELECT id, c FROM sbtest6 WHERE id BETWEEN 2568705 AND 2568805
	Index Scan using sbtest6_pkey on sbtest6  (cost=0.43..377.19 rows=95 width=125)
	  Index Cond: ((id >= 2568705) AND (id <= 2568805))

table 7 : explain SELECT id, c FROM sbtest7 WHERE id BETWEEN 2568705 AND 2568805
	Index Scan using sbtest7_pkey on sbtest7  (cost=0.43..399.89 rows=101 width=125)
	  Index Cond: ((id >= 2568705) AND (id <= 2568805))

table 8 : explain SELECT id, c FROM sbtest8 WHERE id BETWEEN 2568705 AND 2568805
	Index Scan using sbtest8_pkey on sbtest8  (cost=0.43..431.42 rows=109 width=125)
	  Index Cond: ((id >= 2568705) AND (id <= 2568805))

for range-notcovered
table 1 : explain SELECT id, c FROM sbtest1 WHERE id BETWEEN 3784171 AND 3784271
	Index Scan using sbtest1_pkey on sbtest1  (cost=0.43..373.41 rows=94 width=125)
	  Index Cond: ((id >= 3784171) AND (id <= 3784271))

table 2 : explain SELECT id, c FROM sbtest2 WHERE id BETWEEN 3784171 AND 3784271
	Index Scan using sbtest2_pkey on sbtest2  (cost=0.43..356.72 rows=90 width=125)
	  Index Cond: ((id >= 3784171) AND (id <= 3784271))

table 3 : explain SELECT id, c FROM sbtest3 WHERE id BETWEEN 3784171 AND 3784271
	Index Scan using sbtest3_pkey on sbtest3  (cost=0.43..420.69 rows=106 width=125)
	  Index Cond: ((id >= 3784171) AND (id <= 3784271))

table 4 : explain SELECT id, c FROM sbtest4 WHERE id BETWEEN 3784171 AND 3784271
	Index Scan using sbtest4_pkey on sbtest4  (cost=0.43..383.68 rows=97 width=125)
	  Index Cond: ((id >= 3784171) AND (id <= 3784271))

table 5 : explain SELECT id, c FROM sbtest5 WHERE id BETWEEN 3784171 AND 3784271
	Index Scan using sbtest5_pkey on sbtest5  (cost=0.43..411.67 rows=104 width=125)
	  Index Cond: ((id >= 3784171) AND (id <= 3784271))

table 6 : explain SELECT id, c FROM sbtest6 WHERE id BETWEEN 3784171 AND 3784271
	Index Scan using sbtest6_pkey on sbtest6  (cost=0.43..408.59 rows=103 width=125)
	  Index Cond: ((id >= 3784171) AND (id <= 3784271))

table 7 : explain SELECT id, c FROM sbtest7 WHERE id BETWEEN 3784171 AND 3784271
	Index Scan using sbtest7_pkey on sbtest7  (cost=0.43..419.46 rows=106 width=125)
	  Index Cond: ((id >= 3784171) AND (id <= 3784271))

table 8 : explain SELECT id, c FROM sbtest8 WHERE id BETWEEN 3784171 AND 3784271
	Index Scan using sbtest8_pkey on sbtest8  (cost=0.43..419.67 rows=106 width=125)
	  Index Cond: ((id >= 3784171) AND (id <= 3784271))

explain: for range-notcovered :: explain SELECT id, c FROM sbtest%d WHERE id BETWEEN 2568705 AND 2568805
for range-notcovered
table 1 : explain SELECT id, c FROM sbtest1 WHERE id BETWEEN 1904249 AND 1904349
	Index Scan using sbtest1_pkey on sbtest1  (cost=0.43..393.03 rows=99 width=125)
	  Index Cond: ((id >= 1904249) AND (id <= 1904349))

table 2 : explain SELECT id, c FROM sbtest2 WHERE id BETWEEN 1904249 AND 1904349
	Index Scan using sbtest2_pkey on sbtest2  (cost=0.43..403.70 rows=102 width=125)
	  Index Cond: ((id >= 1904249) AND (id <= 1904349))

table 3 : explain SELECT id, c FROM sbtest3 WHERE id BETWEEN 1904249 AND 1904349
	Index Scan using sbtest3_pkey on sbtest3  (cost=0.43..353.93 rows=89 width=125)
	  Index Cond: ((id >= 1904249) AND (id <= 1904349))

table 4 : explain SELECT id, c FROM sbtest4 WHERE id BETWEEN 1904249 AND 1904349
	Index Scan using sbtest4_pkey on sbtest4  (cost=0.43..375.84 rows=95 width=125)
	  Index Cond: ((id >= 1904249) AND (id <= 1904349))

table 5 : explain SELECT id, c FROM sbtest5 WHERE id BETWEEN 1904249 AND 1904349
	Index Scan using sbtest5_pkey on sbtest5  (cost=0.43..407.76 rows=103 width=125)
	  Index Cond: ((id >= 1904249) AND (id <= 1904349))

table 6 : explain SELECT id, c FROM sbtest6 WHERE id BETWEEN 1904249 AND 1904349
	Index Scan using sbtest6_pkey on sbtest6  (cost=0.43..396.83 rows=100 width=125)
	  Index Cond: ((id >= 1904249) AND (id <= 1904349))

table 7 : explain SELECT id, c FROM sbtest7 WHERE id BETWEEN 1904249 AND 1904349
	Index Scan using sbtest7_pkey on sbtest7  (cost=0.43..403.80 rows=102 width=125)
	  Index Cond: ((id >= 1904249) AND (id <= 1904349))

table 8 : explain SELECT id, c FROM sbtest8 WHERE id BETWEEN 1904249 AND 1904349
	Index Scan using sbtest8_pkey on sbtest8  (cost=0.43..392.26 rows=99 width=125)
	  Index Cond: ((id >= 1904249) AND (id <= 1904349))

explain: for range-notcovered :: explain SELECT id, c FROM sbtest%d WHERE id BETWEEN 3784171 AND 3784271
explain: for range-notcovered :: explain SELECT id, c FROM sbtest%d WHERE id BETWEEN 1904249 AND 1904349
for range-notcovered
table 1 : explain SELECT id, c FROM sbtest1 WHERE id BETWEEN 9399829 AND 9399929
	Index Scan using sbtest1_pkey on sbtest1  (cost=0.43..416.57 rows=105 width=125)
	  Index Cond: ((id >= 9399829) AND (id <= 9399929))

table 2 : explain SELECT id, c FROM sbtest2 WHERE id BETWEEN 9399829 AND 9399929
	Index Scan using sbtest2_pkey on sbtest2  (cost=0.43..388.02 rows=98 width=125)
	  Index Cond: ((id >= 9399829) AND (id <= 9399929))

table 3 : explain SELECT id, c FROM sbtest3 WHERE id BETWEEN 9399829 AND 9399929
	Index Scan using sbtest3_pkey on sbtest3  (cost=0.43..401.06 rows=101 width=125)
	  Index Cond: ((id >= 9399829) AND (id <= 9399929))

table 4 : explain SELECT id, c FROM sbtest4 WHERE id BETWEEN 9399829 AND 9399929
	Index Scan using sbtest4_pkey on sbtest4  (cost=0.43..426.67 rows=108 width=125)
	  Index Cond: ((id >= 9399829) AND (id <= 9399929))

table 5 : explain SELECT id, c FROM sbtest5 WHERE id BETWEEN 9399829 AND 9399929
	Index Scan using sbtest5_pkey on sbtest5  (cost=0.43..360.76 rows=91 width=125)
	  Index Cond: ((id >= 9399829) AND (id <= 9399929))

table 6 : explain SELECT id, c FROM sbtest6 WHERE id BETWEEN 9399829 AND 9399929
	Index Scan using sbtest6_pkey on sbtest6  (cost=0.43..388.98 rows=98 width=125)
	  Index Cond: ((id >= 9399829) AND (id <= 9399929))

table 7 : explain SELECT id, c FROM sbtest7 WHERE id BETWEEN 9399829 AND 9399929
	Index Scan using sbtest7_pkey on sbtest7  (cost=0.43..372.47 rows=94 width=125)
	  Index Cond: ((id >= 9399829) AND (id <= 9399929))

table 8 : explain SELECT id, c FROM sbtest8 WHERE id BETWEEN 9399829 AND 9399929
	Index Scan using sbtest8_pkey on sbtest8  (cost=0.43..423.59 rows=107 width=125)
	  Index Cond: ((id >= 9399829) AND (id <= 9399929))

for range-notcovered
table 1 : explain SELECT id, c FROM sbtest1 WHERE id BETWEEN 2568705 AND 2568805
	Index Scan using sbtest1_pkey on sbtest1  (cost=0.43..381.26 rows=96 width=125)
	  Index Cond: ((id >= 2568705) AND (id <= 2568805))

table 2 : explain SELECT id, c FROM sbtest2 WHERE id BETWEEN 2568705 AND 2568805
	Index Scan using sbtest2_pkey on sbtest2  (cost=0.43..403.70 rows=102 width=125)
	  Index Cond: ((id >= 2568705) AND (id <= 2568805))

table 3 : explain SELECT id, c FROM sbtest3 WHERE id BETWEEN 2568705 AND 2568805
	Index Scan using sbtest3_pkey on sbtest3  (cost=0.43..436.39 rows=110 width=125)
	  Index Cond: ((id >= 2568705) AND (id <= 2568805))

table 4 : explain SELECT id, c FROM sbtest4 WHERE id BETWEEN 2568705 AND 2568805
	Index Scan using sbtest4_pkey on sbtest4  (cost=0.43..391.50 rows=99 width=125)
	  Index Cond: ((id >= 2568705) AND (id <= 2568805))

table 5 : explain SELECT id, c FROM sbtest5 WHERE id BETWEEN 2568705 AND 2568805
	Index Scan using sbtest5_pkey on sbtest5  (cost=0.43..450.81 rows=114 width=125)
	  Index Cond: ((id >= 2568705) AND (id <= 2568805))

table 6 : explain SELECT id, c FROM sbtest6 WHERE id BETWEEN 2568705 AND 2568805
	Index Scan using sbtest6_pkey on sbtest6  (cost=0.43..377.19 rows=95 width=125)
	  Index Cond: ((id >= 2568705) AND (id <= 2568805))

table 7 : explain SELECT id, c FROM sbtest7 WHERE id BETWEEN 2568705 AND 2568805
	Index Scan using sbtest7_pkey on sbtest7  (cost=0.43..399.89 rows=101 width=125)
	  Index Cond: ((id >= 2568705) AND (id <= 2568805))

table 8 : explain SELECT id, c FROM sbtest8 WHERE id BETWEEN 2568705 AND 2568805
	Index Scan using sbtest8_pkey on sbtest8  (cost=0.43..431.42 rows=109 width=125)
	  Index Cond: ((id >= 2568705) AND (id <= 2568805))

explain: for range-notcovered :: explain SELECT id, c FROM sbtest%d WHERE id BETWEEN 2568705 AND 2568805
for range-notcovered
table 1 : explain SELECT id, c FROM sbtest1 WHERE id BETWEEN 1904249 AND 1904349
	Index Scan using sbtest1_pkey on sbtest1  (cost=0.43..393.03 rows=99 width=125)
	  Index Cond: ((id >= 1904249) AND (id <= 1904349))

table 2 : explain SELECT id, c FROM sbtest2 WHERE id BETWEEN 1904249 AND 1904349
	Index Scan using sbtest2_pkey on sbtest2  (cost=0.43..403.70 rows=102 width=125)
	  Index Cond: ((id >= 1904249) AND (id <= 1904349))

table 3 : explain SELECT id, c FROM sbtest3 WHERE id BETWEEN 1904249 AND 1904349
	Index Scan using sbtest3_pkey on sbtest3  (cost=0.43..353.93 rows=89 width=125)
	  Index Cond: ((id >= 1904249) AND (id <= 1904349))

table 4 : explain SELECT id, c FROM sbtest4 WHERE id BETWEEN 1904249 AND 1904349
	Index Scan using sbtest4_pkey on sbtest4  (cost=0.43..375.84 rows=95 width=125)
	  Index Cond: ((id >= 1904249) AND (id <= 1904349))

table 5 : explain SELECT id, c FROM sbtest5 WHERE id BETWEEN 1904249 AND 1904349
	Index Scan using sbtest5_pkey on sbtest5  (cost=0.43..407.76 rows=103 width=125)
	  Index Cond: ((id >= 1904249) AND (id <= 1904349))

table 6 : explain SELECT id, c FROM sbtest6 WHERE id BETWEEN 1904249 AND 1904349
	Index Scan using sbtest6_pkey on sbtest6  (cost=0.43..396.83 rows=100 width=125)
	  Index Cond: ((id >= 1904249) AND (id <= 1904349))

table 7 : explain SELECT id, c FROM sbtest7 WHERE id BETWEEN 1904249 AND 1904349
	Index Scan using sbtest7_pkey on sbtest7  (cost=0.43..403.80 rows=102 width=125)
	  Index Cond: ((id >= 1904249) AND (id <= 1904349))

table 8 : explain SELECT id, c FROM sbtest8 WHERE id BETWEEN 1904249 AND 1904349
	Index Scan using sbtest8_pkey on sbtest8  (cost=0.43..392.26 rows=99 width=125)
	  Index Cond: ((id >= 1904249) AND (id <= 1904349))

explain: for range-notcovered :: explain SELECT id, c FROM sbtest%d WHERE id BETWEEN 1904249 AND 1904349
for range-notcovered
table 1 : explain SELECT id, c FROM sbtest1 WHERE id BETWEEN 3564768 AND 3564868
	Index Scan using sbtest1_pkey on sbtest1  (cost=0.43..389.10 rows=98 width=125)
	  Index Cond: ((id >= 3564768) AND (id <= 3564868))

table 2 : explain SELECT id, c FROM sbtest2 WHERE id BETWEEN 3564768 AND 3564868
	Index Scan using sbtest2_pkey on sbtest2  (cost=0.43..419.35 rows=106 width=125)
	  Index Cond: ((id >= 3564768) AND (id <= 3564868))

table 3 : explain SELECT id, c FROM sbtest3 WHERE id BETWEEN 3564768 AND 3564868
	Index Scan using sbtest3_pkey on sbtest3  (cost=0.43..369.64 rows=93 width=125)
	  Index Cond: ((id >= 3564768) AND (id <= 3564868))

table 4 : explain SELECT id, c FROM sbtest4 WHERE id BETWEEN 3564768 AND 3564868
	Index Scan using sbtest4_pkey on sbtest4  (cost=0.43..438.39 rows=111 width=125)
	  Index Cond: ((id >= 3564768) AND (id <= 3564868))

table 5 : explain SELECT id, c FROM sbtest5 WHERE id BETWEEN 3564768 AND 3564868
	Index Scan using sbtest5_pkey on sbtest5  (cost=0.43..427.33 rows=108 width=125)
	  Index Cond: ((id >= 3564768) AND (id <= 3564868))

table 6 : explain SELECT id, c FROM sbtest6 WHERE id BETWEEN 3564768 AND 3564868
	Index Scan using sbtest6_pkey on sbtest6  (cost=0.43..428.21 rows=108 width=125)
	  Index Cond: ((id >= 3564768) AND (id <= 3564868))

table 7 : explain SELECT id, c FROM sbtest7 WHERE id BETWEEN 3564768 AND 3564868
	Index Scan using sbtest7_pkey on sbtest7  (cost=0.43..419.46 rows=106 width=125)
	  Index Cond: ((id >= 3564768) AND (id <= 3564868))

table 8 : explain SELECT id, c FROM sbtest8 WHERE id BETWEEN 3564768 AND 3564868
	Index Scan using sbtest8_pkey on sbtest8  (cost=0.43..384.43 rows=97 width=125)
	  Index Cond: ((id >= 3564768) AND (id <= 3564868))

explain: for range-notcovered :: explain SELECT id, c FROM sbtest%d WHERE id BETWEEN 3564768 AND 3564868
explain: for range-notcovered :: explain SELECT id, c FROM sbtest%d WHERE id BETWEEN 2814980 AND 2815080
for range-notcovered
table 1 : explain SELECT id, c FROM sbtest1 WHERE id BETWEEN 3784171 AND 3784271
	Index Scan using sbtest1_pkey on sbtest1  (cost=0.43..373.41 rows=94 width=125)
	  Index Cond: ((id >= 3784171) AND (id <= 3784271))

table 2 : explain SELECT id, c FROM sbtest2 WHERE id BETWEEN 3784171 AND 3784271
	Index Scan using sbtest2_pkey on sbtest2  (cost=0.43..356.72 rows=90 width=125)
	  Index Cond: ((id >= 3784171) AND (id <= 3784271))

table 3 : explain SELECT id, c FROM sbtest3 WHERE id BETWEEN 3784171 AND 3784271
	Index Scan using sbtest3_pkey on sbtest3  (cost=0.43..420.69 rows=106 width=125)
	  Index Cond: ((id >= 3784171) AND (id <= 3784271))

table 4 : explain SELECT id, c FROM sbtest4 WHERE id BETWEEN 3784171 AND 3784271
	Index Scan using sbtest4_pkey on sbtest4  (cost=0.43..383.68 rows=97 width=125)
	  Index Cond: ((id >= 3784171) AND (id <= 3784271))

table 5 : explain SELECT id, c FROM sbtest5 WHERE id BETWEEN 3784171 AND 3784271
	Index Scan using sbtest5_pkey on sbtest5  (cost=0.43..411.67 rows=104 width=125)
	  Index Cond: ((id >= 3784171) AND (id <= 3784271))

table 6 : explain SELECT id, c FROM sbtest6 WHERE id BETWEEN 3784171 AND 3784271
	Index Scan using sbtest6_pkey on sbtest6  (cost=0.43..408.59 rows=103 width=125)
	  Index Cond: ((id >= 3784171) AND (id <= 3784271))

table 7 : explain SELECT id, c FROM sbtest7 WHERE id BETWEEN 3784171 AND 3784271
	Index Scan using sbtest7_pkey on sbtest7  (cost=0.43..419.46 rows=106 width=125)
	  Index Cond: ((id >= 3784171) AND (id <= 3784271))

table 8 : explain SELECT id, c FROM sbtest8 WHERE id BETWEEN 3784171 AND 3784271
	Index Scan using sbtest8_pkey on sbtest8  (cost=0.43..419.67 rows=106 width=125)
	  Index Cond: ((id >= 3784171) AND (id <= 3784271))

for range-notcovered
table 1 : explain SELECT id, c FROM sbtest1 WHERE id BETWEEN 2568705 AND 2568805
	Index Scan using sbtest1_pkey on sbtest1  (cost=0.43..381.26 rows=96 width=125)
	  Index Cond: ((id >= 2568705) AND (id <= 2568805))

table 2 : explain SELECT id, c FROM sbtest2 WHERE id BETWEEN 2568705 AND 2568805
	Index Scan using sbtest2_pkey on sbtest2  (cost=0.43..403.70 rows=102 width=125)
	  Index Cond: ((id >= 2568705) AND (id <= 2568805))

table 3 : explain SELECT id, c FROM sbtest3 WHERE id BETWEEN 2568705 AND 2568805
	Index Scan using sbtest3_pkey on sbtest3  (cost=0.43..436.39 rows=110 width=125)
	  Index Cond: ((id >= 2568705) AND (id <= 2568805))

table 4 : explain SELECT id, c FROM sbtest4 WHERE id BETWEEN 2568705 AND 2568805
	Index Scan using sbtest4_pkey on sbtest4  (cost=0.43..391.50 rows=99 width=125)
	  Index Cond: ((id >= 2568705) AND (id <= 2568805))

table 5 : explain SELECT id, c FROM sbtest5 WHERE id BETWEEN 2568705 AND 2568805
	Index Scan using sbtest5_pkey on sbtest5  (cost=0.43..450.81 rows=114 width=125)
	  Index Cond: ((id >= 2568705) AND (id <= 2568805))

table 6 : explain SELECT id, c FROM sbtest6 WHERE id BETWEEN 2568705 AND 2568805
	Index Scan using sbtest6_pkey on sbtest6  (cost=0.43..377.19 rows=95 width=125)
	  Index Cond: ((id >= 2568705) AND (id <= 2568805))

table 7 : explain SELECT id, c FROM sbtest7 WHERE id BETWEEN 2568705 AND 2568805
	Index Scan using sbtest7_pkey on sbtest7  (cost=0.43..399.89 rows=101 width=125)
	  Index Cond: ((id >= 2568705) AND (id <= 2568805))

table 8 : explain SELECT id, c FROM sbtest8 WHERE id BETWEEN 2568705 AND 2568805
	Index Scan using sbtest8_pkey on sbtest8  (cost=0.43..431.42 rows=109 width=125)
	  Index Cond: ((id >= 2568705) AND (id <= 2568805))

for range-notcovered
table 1 : explain SELECT id, c FROM sbtest1 WHERE id BETWEEN 1904249 AND 1904349
	Index Scan using sbtest1_pkey on sbtest1  (cost=0.43..393.03 rows=99 width=125)
	  Index Cond: ((id >= 1904249) AND (id <= 1904349))

table 2 : explain SELECT id, c FROM sbtest2 WHERE id BETWEEN 1904249 AND 1904349
	Index Scan using sbtest2_pkey on sbtest2  (cost=0.43..403.70 rows=102 width=125)
	  Index Cond: ((id >= 1904249) AND (id <= 1904349))

table 3 : explain SELECT id, c FROM sbtest3 WHERE id BETWEEN 1904249 AND 1904349
	Index Scan using sbtest3_pkey on sbtest3  (cost=0.43..353.93 rows=89 width=125)
	  Index Cond: ((id >= 1904249) AND (id <= 1904349))

table 4 : explain SELECT id, c FROM sbtest4 WHERE id BETWEEN 1904249 AND 1904349
	Index Scan using sbtest4_pkey on sbtest4  (cost=0.43..375.84 rows=95 width=125)
	  Index Cond: ((id >= 1904249) AND (id <= 1904349))

table 5 : explain SELECT id, c FROM sbtest5 WHERE id BETWEEN 1904249 AND 1904349
	Index Scan using sbtest5_pkey on sbtest5  (cost=0.43..407.76 rows=103 width=125)
	  Index Cond: ((id >= 1904249) AND (id <= 1904349))

table 6 : explain SELECT id, c FROM sbtest6 WHERE id BETWEEN 1904249 AND 1904349
	Index Scan using sbtest6_pkey on sbtest6  (cost=0.43..396.83 rows=100 width=125)
	  Index Cond: ((id >= 1904249) AND (id <= 1904349))

table 7 : explain SELECT id, c FROM sbtest7 WHERE id BETWEEN 1904249 AND 1904349
	Index Scan using sbtest7_pkey on sbtest7  (cost=0.43..403.80 rows=102 width=125)
	  Index Cond: ((id >= 1904249) AND (id <= 1904349))

table 8 : explain SELECT id, c FROM sbtest8 WHERE id BETWEEN 1904249 AND 1904349
	Index Scan using sbtest8_pkey on sbtest8  (cost=0.43..392.26 rows=99 width=125)
	  Index Cond: ((id >= 1904249) AND (id <= 1904349))

explain: for range-notcovered :: explain SELECT id, c FROM sbtest%d WHERE id BETWEEN 2568705 AND 2568805
explain: for range-notcovered :: explain SELECT id, c FROM sbtest%d WHERE id BETWEEN 1904249 AND 1904349
explain: for range-notcovered :: explain SELECT id, c FROM sbtest%d WHERE id BETWEEN 3784171 AND 3784271
for range-notcovered
table 1 : explain SELECT id, c FROM sbtest1 WHERE id BETWEEN 5716205 AND 5716305
	Index Scan using sbtest1_pkey on sbtest1  (cost=0.43..381.26 rows=96 width=125)
	  Index Cond: ((id >= 5716205) AND (id <= 5716305))

table 2 : explain SELECT id, c FROM sbtest2 WHERE id BETWEEN 5716205 AND 5716305
	Index Scan using sbtest2_pkey on sbtest2  (cost=0.43..415.43 rows=105 width=125)
	  Index Cond: ((id >= 5716205) AND (id <= 5716305))

table 3 : explain SELECT id, c FROM sbtest3 WHERE id BETWEEN 5716205 AND 5716305
	Index Scan using sbtest3_pkey on sbtest3  (cost=0.43..365.71 rows=92 width=125)
	  Index Cond: ((id >= 5716205) AND (id <= 5716305))

table 4 : explain SELECT id, c FROM sbtest4 WHERE id BETWEEN 5716205 AND 5716305
	Index Scan using sbtest4_pkey on sbtest4  (cost=0.43..379.75 rows=96 width=125)
	  Index Cond: ((id >= 5716205) AND (id <= 5716305))

table 5 : explain SELECT id, c FROM sbtest5 WHERE id BETWEEN 5716205 AND 5716305
	Index Scan using sbtest5_pkey on sbtest5  (cost=0.43..372.50 rows=94 width=125)
	  Index Cond: ((id >= 5716205) AND (id <= 5716305))

table 6 : explain SELECT id, c FROM sbtest6 WHERE id BETWEEN 5716205 AND 5716305
	Index Scan using sbtest6_pkey on sbtest6  (cost=0.43..439.97 rows=111 width=125)
	  Index Cond: ((id >= 5716205) AND (id <= 5716305))

table 7 : explain SELECT id, c FROM sbtest7 WHERE id BETWEEN 5716205 AND 5716305
	Index Scan using sbtest7_pkey on sbtest7  (cost=0.43..419.46 rows=106 width=125)
	  Index Cond: ((id >= 5716205) AND (id <= 5716305))

table 8 : explain SELECT id, c FROM sbtest8 WHERE id BETWEEN 5716205 AND 5716305
	Index Scan using sbtest8_pkey on sbtest8  (cost=0.43..415.76 rows=105 width=125)
	  Index Cond: ((id >= 5716205) AND (id <= 5716305))

explain: for range-notcovered :: explain SELECT id, c FROM sbtest%d WHERE id BETWEEN 5716205 AND 5716305
for range-notcovered
table 1 : explain SELECT id, c FROM sbtest1 WHERE id BETWEEN 7014261 AND 7014361
	Index Scan using sbtest1_pkey on sbtest1  (cost=0.43..389.10 rows=98 width=125)
	  Index Cond: ((id >= 7014261) AND (id <= 7014361))

table 2 : explain SELECT id, c FROM sbtest2 WHERE id BETWEEN 7014261 AND 7014361
	Index Scan using sbtest2_pkey on sbtest2  (cost=0.43..419.35 rows=106 width=125)
	  Index Cond: ((id >= 7014261) AND (id <= 7014361))

table 3 : explain SELECT id, c FROM sbtest3 WHERE id BETWEEN 7014261 AND 7014361
	Index Scan using sbtest3_pkey on sbtest3  (cost=0.43..452.09 rows=114 width=125)
	  Index Cond: ((id >= 7014261) AND (id <= 7014361))

table 4 : explain SELECT id, c FROM sbtest4 WHERE id BETWEEN 7014261 AND 7014361
	Index Scan using sbtest4_pkey on sbtest4  (cost=0.43..414.95 rows=105 width=125)
	  Index Cond: ((id >= 7014261) AND (id <= 7014361))

table 5 : explain SELECT id, c FROM sbtest5 WHERE id BETWEEN 7014261 AND 7014361
	Index Scan using sbtest5_pkey on sbtest5  (cost=0.43..396.01 rows=100 width=125)
	  Index Cond: ((id >= 7014261) AND (id <= 7014361))

table 6 : explain SELECT id, c FROM sbtest6 WHERE id BETWEEN 7014261 AND 7014361
	Index Scan using sbtest6_pkey on sbtest6  (cost=0.43..428.21 rows=108 width=125)
	  Index Cond: ((id >= 7014261) AND (id <= 7014361))

table 7 : explain SELECT id, c FROM sbtest7 WHERE id BETWEEN 7014261 AND 7014361
	Index Scan using sbtest7_pkey on sbtest7  (cost=0.43..384.23 rows=97 width=125)
	  Index Cond: ((id >= 7014261) AND (id <= 7014361))

table 8 : explain SELECT id, c FROM sbtest8 WHERE id BETWEEN 7014261 AND 7014361
	Index Scan using sbtest8_pkey on sbtest8  (cost=0.43..400.09 rows=101 width=125)
	  Index Cond: ((id >= 7014261) AND (id <= 7014361))

explain: for range-notcovered :: explain SELECT id, c FROM sbtest%d WHERE id BETWEEN 7014261 AND 7014361
for range-notcovered
table 1 : explain SELECT id, c FROM sbtest1 WHERE id BETWEEN 1904249 AND 1904349
	Index Scan using sbtest1_pkey on sbtest1  (cost=0.43..393.03 rows=99 width=125)
	  Index Cond: ((id >= 1904249) AND (id <= 1904349))

table 2 : explain SELECT id, c FROM sbtest2 WHERE id BETWEEN 1904249 AND 1904349
	Index Scan using sbtest2_pkey on sbtest2  (cost=0.43..403.70 rows=102 width=125)
	  Index Cond: ((id >= 1904249) AND (id <= 1904349))

table 3 : explain SELECT id, c FROM sbtest3 WHERE id BETWEEN 1904249 AND 1904349
	Index Scan using sbtest3_pkey on sbtest3  (cost=0.43..353.93 rows=89 width=125)
	  Index Cond: ((id >= 1904249) AND (id <= 1904349))

table 4 : explain SELECT id, c FROM sbtest4 WHERE id BETWEEN 1904249 AND 1904349
	Index Scan using sbtest4_pkey on sbtest4  (cost=0.43..375.84 rows=95 width=125)
	  Index Cond: ((id >= 1904249) AND (id <= 1904349))

table 5 : explain SELECT id, c FROM sbtest5 WHERE id BETWEEN 1904249 AND 1904349
	Index Scan using sbtest5_pkey on sbtest5  (cost=0.43..407.76 rows=103 width=125)
	  Index Cond: ((id >= 1904249) AND (id <= 1904349))

table 6 : explain SELECT id, c FROM sbtest6 WHERE id BETWEEN 1904249 AND 1904349
	Index Scan using sbtest6_pkey on sbtest6  (cost=0.43..396.83 rows=100 width=125)
	  Index Cond: ((id >= 1904249) AND (id <= 1904349))

table 7 : explain SELECT id, c FROM sbtest7 WHERE id BETWEEN 1904249 AND 1904349
	Index Scan using sbtest7_pkey on sbtest7  (cost=0.43..403.80 rows=102 width=125)
	  Index Cond: ((id >= 1904249) AND (id <= 1904349))

table 8 : explain SELECT id, c FROM sbtest8 WHERE id BETWEEN 1904249 AND 1904349
	Index Scan using sbtest8_pkey on sbtest8  (cost=0.43..392.26 rows=99 width=125)
	  Index Cond: ((id >= 1904249) AND (id <= 1904349))

for range-notcovered
table 1 : explain SELECT id, c FROM sbtest1 WHERE id BETWEEN 2568705 AND 2568805
	Index Scan using sbtest1_pkey on sbtest1  (cost=0.43..381.26 rows=96 width=125)
	  Index Cond: ((id >= 2568705) AND (id <= 2568805))

table 2 : explain SELECT id, c FROM sbtest2 WHERE id BETWEEN 2568705 AND 2568805
	Index Scan using sbtest2_pkey on sbtest2  (cost=0.43..403.70 rows=102 width=125)
	  Index Cond: ((id >= 2568705) AND (id <= 2568805))

table 3 : explain SELECT id, c FROM sbtest3 WHERE id BETWEEN 2568705 AND 2568805
	Index Scan using sbtest3_pkey on sbtest3  (cost=0.43..436.39 rows=110 width=125)
	  Index Cond: ((id >= 2568705) AND (id <= 2568805))

table 4 : explain SELECT id, c FROM sbtest4 WHERE id BETWEEN 2568705 AND 2568805
	Index Scan using sbtest4_pkey on sbtest4  (cost=0.43..391.50 rows=99 width=125)
	  Index Cond: ((id >= 2568705) AND (id <= 2568805))

table 5 : explain SELECT id, c FROM sbtest5 WHERE id BETWEEN 2568705 AND 2568805
	Index Scan using sbtest5_pkey on sbtest5  (cost=0.43..450.81 rows=114 width=125)
	  Index Cond: ((id >= 2568705) AND (id <= 2568805))

table 6 : explain SELECT id, c FROM sbtest6 WHERE id BETWEEN 2568705 AND 2568805
	Index Scan using sbtest6_pkey on sbtest6  (cost=0.43..377.19 rows=95 width=125)
	  Index Cond: ((id >= 2568705) AND (id <= 2568805))

table 7 : explain SELECT id, c FROM sbtest7 WHERE id BETWEEN 2568705 AND 2568805
	Index Scan using sbtest7_pkey on sbtest7  (cost=0.43..399.89 rows=101 width=125)
	  Index Cond: ((id >= 2568705) AND (id <= 2568805))

table 8 : explain SELECT id, c FROM sbtest8 WHERE id BETWEEN 2568705 AND 2568805
	Index Scan using sbtest8_pkey on sbtest8  (cost=0.43..431.42 rows=109 width=125)
	  Index Cond: ((id >= 2568705) AND (id <= 2568805))

for range-notcovered
table 1 : explain SELECT id, c FROM sbtest1 WHERE id BETWEEN 3812580 AND 3812680
	Index Scan using sbtest1_pkey on sbtest1  (cost=0.43..373.41 rows=94 width=125)
	  Index Cond: ((id >= 3812580) AND (id <= 3812680))

table 2 : explain SELECT id, c FROM sbtest2 WHERE id BETWEEN 3812580 AND 3812680
	Index Scan using sbtest2_pkey on sbtest2  (cost=0.43..423.26 rows=107 width=125)
	  Index Cond: ((id >= 3812580) AND (id <= 3812680))

table 3 : explain SELECT id, c FROM sbtest3 WHERE id BETWEEN 3812580 AND 3812680
	Index Scan using sbtest3_pkey on sbtest3  (cost=0.43..408.91 rows=103 width=125)
	  Index Cond: ((id >= 3812580) AND (id <= 3812680))

table 4 : explain SELECT id, c FROM sbtest4 WHERE id BETWEEN 3812580 AND 3812680
	Index Scan using sbtest4_pkey on sbtest4  (cost=0.43..383.68 rows=97 width=125)
	  Index Cond: ((id >= 3812580) AND (id <= 3812680))

table 5 : explain SELECT id, c FROM sbtest5 WHERE id BETWEEN 3812580 AND 3812680
	Index Scan using sbtest5_pkey on sbtest5  (cost=0.43..411.67 rows=104 width=125)
	  Index Cond: ((id >= 3812580) AND (id <= 3812680))

table 6 : explain SELECT id, c FROM sbtest6 WHERE id BETWEEN 3812580 AND 3812680
	Index Scan using sbtest6_pkey on sbtest6  (cost=0.43..408.59 rows=103 width=125)
	  Index Cond: ((id >= 3812580) AND (id <= 3812680))

table 7 : explain SELECT id, c FROM sbtest7 WHERE id BETWEEN 3812580 AND 3812680
	Index Scan using sbtest7_pkey on sbtest7  (cost=0.43..388.15 rows=98 width=125)
	  Index Cond: ((id >= 3812580) AND (id <= 3812680))

table 8 : explain SELECT id, c FROM sbtest8 WHERE id BETWEEN 3812580 AND 3812680
	Index Scan using sbtest8_pkey on sbtest8  (cost=0.43..423.59 rows=107 width=125)
	  Index Cond: ((id >= 3812580) AND (id <= 3812680))

explain: for range-notcovered :: explain SELECT id, c FROM sbtest%d WHERE id BETWEEN 1904249 AND 1904349
explain: for range-notcovered :: explain SELECT id, c FROM sbtest%d WHERE id BETWEEN 3812580 AND 3812680
for range-notcovered
table 1 : explain SELECT id, c FROM sbtest1 WHERE id BETWEEN 5716205 AND 5716305
	Index Scan using sbtest1_pkey on sbtest1  (cost=0.43..381.26 rows=96 width=125)
	  Index Cond: ((id >= 5716205) AND (id <= 5716305))

table 2 : explain SELECT id, c FROM sbtest2 WHERE id BETWEEN 5716205 AND 5716305
	Index Scan using sbtest2_pkey on sbtest2  (cost=0.43..415.43 rows=105 width=125)
	  Index Cond: ((id >= 5716205) AND (id <= 5716305))

table 3 : explain SELECT id, c FROM sbtest3 WHERE id BETWEEN 5716205 AND 5716305
	Index Scan using sbtest3_pkey on sbtest3  (cost=0.43..365.71 rows=92 width=125)
	  Index Cond: ((id >= 5716205) AND (id <= 5716305))

table 4 : explain SELECT id, c FROM sbtest4 WHERE id BETWEEN 5716205 AND 5716305
	Index Scan using sbtest4_pkey on sbtest4  (cost=0.43..379.75 rows=96 width=125)
	  Index Cond: ((id >= 5716205) AND (id <= 5716305))

table 5 : explain SELECT id, c FROM sbtest5 WHERE id BETWEEN 5716205 AND 5716305
	Index Scan using sbtest5_pkey on sbtest5  (cost=0.43..372.50 rows=94 width=125)
	  Index Cond: ((id >= 5716205) AND (id <= 5716305))

table 6 : explain SELECT id, c FROM sbtest6 WHERE id BETWEEN 5716205 AND 5716305
	Index Scan using sbtest6_pkey on sbtest6  (cost=0.43..439.97 rows=111 width=125)
	  Index Cond: ((id >= 5716205) AND (id <= 5716305))

table 7 : explain SELECT id, c FROM sbtest7 WHERE id BETWEEN 5716205 AND 5716305
	Index Scan using sbtest7_pkey on sbtest7  (cost=0.43..419.46 rows=106 width=125)
	  Index Cond: ((id >= 5716205) AND (id <= 5716305))

table 8 : explain SELECT id, c FROM sbtest8 WHERE id BETWEEN 5716205 AND 5716305
	Index Scan using sbtest8_pkey on sbtest8  (cost=0.43..415.76 rows=105 width=125)
	  Index Cond: ((id >= 5716205) AND (id <= 5716305))

for range-notcovered
table 1 : explain SELECT id, c FROM sbtest1 WHERE id BETWEEN 3564768 AND 3564868
	Index Scan using sbtest1_pkey on sbtest1  (cost=0.43..389.10 rows=98 width=125)
	  Index Cond: ((id >= 3564768) AND (id <= 3564868))

table 2 : explain SELECT id, c FROM sbtest2 WHERE id BETWEEN 3564768 AND 3564868
	Index Scan using sbtest2_pkey on sbtest2  (cost=0.43..419.35 rows=106 width=125)
	  Index Cond: ((id >= 3564768) AND (id <= 3564868))

table 3 : explain SELECT id, c FROM sbtest3 WHERE id BETWEEN 3564768 AND 3564868
	Index Scan using sbtest3_pkey on sbtest3  (cost=0.43..369.64 rows=93 width=125)
	  Index Cond: ((id >= 3564768) AND (id <= 3564868))

table 4 : explain SELECT id, c FROM sbtest4 WHERE id BETWEEN 3564768 AND 3564868
	Index Scan using sbtest4_pkey on sbtest4  (cost=0.43..438.39 rows=111 width=125)
	  Index Cond: ((id >= 3564768) AND (id <= 3564868))

table 5 : explain SELECT id, c FROM sbtest5 WHERE id BETWEEN 3564768 AND 3564868
	Index Scan using sbtest5_pkey on sbtest5  (cost=0.43..427.33 rows=108 width=125)
	  Index Cond: ((id >= 3564768) AND (id <= 3564868))

table 6 : explain SELECT id, c FROM sbtest6 WHERE id BETWEEN 3564768 AND 3564868
	Index Scan using sbtest6_pkey on sbtest6  (cost=0.43..428.21 rows=108 width=125)
	  Index Cond: ((id >= 3564768) AND (id <= 3564868))

table 7 : explain SELECT id, c FROM sbtest7 WHERE id BETWEEN 3564768 AND 3564868
	Index Scan using sbtest7_pkey on sbtest7  (cost=0.43..419.46 rows=106 width=125)
	  Index Cond: ((id >= 3564768) AND (id <= 3564868))

table 8 : explain SELECT id, c FROM sbtest8 WHERE id BETWEEN 3564768 AND 3564868
	Index Scan using sbtest8_pkey on sbtest8  (cost=0.43..384.43 rows=97 width=125)
	  Index Cond: ((id >= 3564768) AND (id <= 3564868))

for range-notcovered
table 1 : explain SELECT id, c FROM sbtest1 WHERE id BETWEEN 7014261 AND 7014361
	Index Scan using sbtest1_pkey on sbtest1  (cost=0.43..389.10 rows=98 width=125)
	  Index Cond: ((id >= 7014261) AND (id <= 7014361))

table 2 : explain SELECT id, c FROM sbtest2 WHERE id BETWEEN 7014261 AND 7014361
	Index Scan using sbtest2_pkey on sbtest2  (cost=0.43..419.35 rows=106 width=125)
	  Index Cond: ((id >= 7014261) AND (id <= 7014361))

table 3 : explain SELECT id, c FROM sbtest3 WHERE id BETWEEN 7014261 AND 7014361
	Index Scan using sbtest3_pkey on sbtest3  (cost=0.43..452.09 rows=114 width=125)
	  Index Cond: ((id >= 7014261) AND (id <= 7014361))

table 4 : explain SELECT id, c FROM sbtest4 WHERE id BETWEEN 7014261 AND 7014361
	Index Scan using sbtest4_pkey on sbtest4  (cost=0.43..414.95 rows=105 width=125)
	  Index Cond: ((id >= 7014261) AND (id <= 7014361))

table 5 : explain SELECT id, c FROM sbtest5 WHERE id BETWEEN 7014261 AND 7014361
	Index Scan using sbtest5_pkey on sbtest5  (cost=0.43..396.01 rows=100 width=125)
	  Index Cond: ((id >= 7014261) AND (id <= 7014361))

table 6 : explain SELECT id, c FROM sbtest6 WHERE id BETWEEN 7014261 AND 7014361
	Index Scan using sbtest6_pkey on sbtest6  (cost=0.43..428.21 rows=108 width=125)
	  Index Cond: ((id >= 7014261) AND (id <= 7014361))

table 7 : explain SELECT id, c FROM sbtest7 WHERE id BETWEEN 7014261 AND 7014361
	Index Scan using sbtest7_pkey on sbtest7  (cost=0.43..384.23 rows=97 width=125)
	  Index Cond: ((id >= 7014261) AND (id <= 7014361))

table 8 : explain SELECT id, c FROM sbtest8 WHERE id BETWEEN 7014261 AND 7014361
	Index Scan using sbtest8_pkey on sbtest8  (cost=0.43..400.09 rows=101 width=125)
	  Index Cond: ((id >= 7014261) AND (id <= 7014361))

explain: for range-notcovered :: explain SELECT id, c FROM sbtest%d WHERE id BETWEEN 7014261 AND 7014361
for range-notcovered
table 1 : explain SELECT id, c FROM sbtest1 WHERE id BETWEEN 1904249 AND 1904349
	Index Scan using sbtest1_pkey on sbtest1  (cost=0.43..393.03 rows=99 width=125)
	  Index Cond: ((id >= 1904249) AND (id <= 1904349))

table 2 : explain SELECT id, c FROM sbtest2 WHERE id BETWEEN 1904249 AND 1904349
	Index Scan using sbtest2_pkey on sbtest2  (cost=0.43..403.70 rows=102 width=125)
	  Index Cond: ((id >= 1904249) AND (id <= 1904349))

table 3 : explain SELECT id, c FROM sbtest3 WHERE id BETWEEN 1904249 AND 1904349
	Index Scan using sbtest3_pkey on sbtest3  (cost=0.43..353.93 rows=89 width=125)
	  Index Cond: ((id >= 1904249) AND (id <= 1904349))

table 4 : explain SELECT id, c FROM sbtest4 WHERE id BETWEEN 1904249 AND 1904349
	Index Scan using sbtest4_pkey on sbtest4  (cost=0.43..375.84 rows=95 width=125)
	  Index Cond: ((id >= 1904249) AND (id <= 1904349))

table 5 : explain SELECT id, c FROM sbtest5 WHERE id BETWEEN 1904249 AND 1904349
	Index Scan using sbtest5_pkey on sbtest5  (cost=0.43..407.76 rows=103 width=125)
	  Index Cond: ((id >= 1904249) AND (id <= 1904349))

table 6 : explain SELECT id, c FROM sbtest6 WHERE id BETWEEN 1904249 AND 1904349
	Index Scan using sbtest6_pkey on sbtest6  (cost=0.43..396.83 rows=100 width=125)
	  Index Cond: ((id >= 1904249) AND (id <= 1904349))

table 7 : explain SELECT id, c FROM sbtest7 WHERE id BETWEEN 1904249 AND 1904349
	Index Scan using sbtest7_pkey on sbtest7  (cost=0.43..403.80 rows=102 width=125)
	  Index Cond: ((id >= 1904249) AND (id <= 1904349))

table 8 : explain SELECT id, c FROM sbtest8 WHERE id BETWEEN 1904249 AND 1904349
	Index Scan using sbtest8_pkey on sbtest8  (cost=0.43..392.26 rows=99 width=125)
	  Index Cond: ((id >= 1904249) AND (id <= 1904349))

explain: for range-notcovered :: explain SELECT id, c FROM sbtest%d WHERE id BETWEEN 1904249 AND 1904349
for range-notcovered
table 1 : explain SELECT id, c FROM sbtest1 WHERE id BETWEEN 3812580 AND 3812680
	Index Scan using sbtest1_pkey on sbtest1  (cost=0.43..373.41 rows=94 width=125)
	  Index Cond: ((id >= 3812580) AND (id <= 3812680))

table 2 : explain SELECT id, c FROM sbtest2 WHERE id BETWEEN 3812580 AND 3812680
	Index Scan using sbtest2_pkey on sbtest2  (cost=0.43..423.26 rows=107 width=125)
	  Index Cond: ((id >= 3812580) AND (id <= 3812680))

table 3 : explain SELECT id, c FROM sbtest3 WHERE id BETWEEN 3812580 AND 3812680
	Index Scan using sbtest3_pkey on sbtest3  (cost=0.43..408.91 rows=103 width=125)
	  Index Cond: ((id >= 3812580) AND (id <= 3812680))

table 4 : explain SELECT id, c FROM sbtest4 WHERE id BETWEEN 3812580 AND 3812680
	Index Scan using sbtest4_pkey on sbtest4  (cost=0.43..383.68 rows=97 width=125)
	  Index Cond: ((id >= 3812580) AND (id <= 3812680))

table 5 : explain SELECT id, c FROM sbtest5 WHERE id BETWEEN 3812580 AND 3812680
	Index Scan using sbtest5_pkey on sbtest5  (cost=0.43..411.67 rows=104 width=125)
	  Index Cond: ((id >= 3812580) AND (id <= 3812680))

table 6 : explain SELECT id, c FROM sbtest6 WHERE id BETWEEN 3812580 AND 3812680
	Index Scan using sbtest6_pkey on sbtest6  (cost=0.43..408.59 rows=103 width=125)
	  Index Cond: ((id >= 3812580) AND (id <= 3812680))

table 7 : explain SELECT id, c FROM sbtest7 WHERE id BETWEEN 3812580 AND 3812680
	Index Scan using sbtest7_pkey on sbtest7  (cost=0.43..388.15 rows=98 width=125)
	  Index Cond: ((id >= 3812580) AND (id <= 3812680))

table 8 : explain SELECT id, c FROM sbtest8 WHERE id BETWEEN 3812580 AND 3812680
	Index Scan using sbtest8_pkey on sbtest8  (cost=0.43..423.59 rows=107 width=125)
	  Index Cond: ((id >= 3812580) AND (id <= 3812680))

for range-notcovered
table 1 : explain SELECT id, c FROM sbtest1 WHERE id BETWEEN 3784171 AND 3784271
	Index Scan using sbtest1_pkey on sbtest1  (cost=0.43..373.41 rows=94 width=125)
	  Index Cond: ((id >= 3784171) AND (id <= 3784271))

table 2 : explain SELECT id, c FROM sbtest2 WHERE id BETWEEN 3784171 AND 3784271
	Index Scan using sbtest2_pkey on sbtest2  (cost=0.43..356.72 rows=90 width=125)
	  Index Cond: ((id >= 3784171) AND (id <= 3784271))

table 3 : explain SELECT id, c FROM sbtest3 WHERE id BETWEEN 3784171 AND 3784271
	Index Scan using sbtest3_pkey on sbtest3  (cost=0.43..420.69 rows=106 width=125)
	  Index Cond: ((id >= 3784171) AND (id <= 3784271))

table 4 : explain SELECT id, c FROM sbtest4 WHERE id BETWEEN 3784171 AND 3784271
	Index Scan using sbtest4_pkey on sbtest4  (cost=0.43..383.68 rows=97 width=125)
	  Index Cond: ((id >= 3784171) AND (id <= 3784271))

table 5 : explain SELECT id, c FROM sbtest5 WHERE id BETWEEN 3784171 AND 3784271
	Index Scan using sbtest5_pkey on sbtest5  (cost=0.43..411.67 rows=104 width=125)
	  Index Cond: ((id >= 3784171) AND (id <= 3784271))

table 6 : explain SELECT id, c FROM sbtest6 WHERE id BETWEEN 3784171 AND 3784271
	Index Scan using sbtest6_pkey on sbtest6  (cost=0.43..408.59 rows=103 width=125)
	  Index Cond: ((id >= 3784171) AND (id <= 3784271))

table 7 : explain SELECT id, c FROM sbtest7 WHERE id BETWEEN 3784171 AND 3784271
	Index Scan using sbtest7_pkey on sbtest7  (cost=0.43..419.46 rows=106 width=125)
	  Index Cond: ((id >= 3784171) AND (id <= 3784271))

table 8 : explain SELECT id, c FROM sbtest8 WHERE id BETWEEN 3784171 AND 3784271
	Index Scan using sbtest8_pkey on sbtest8  (cost=0.43..419.67 rows=106 width=125)
	  Index Cond: ((id >= 3784171) AND (id <= 3784271))

explain: for range-notcovered :: explain SELECT id, c FROM sbtest%d WHERE id BETWEEN 3784171 AND 3784271
explain: for range-notcovered :: explain SELECT id, c FROM sbtest%d WHERE id BETWEEN 3645240 AND 3645340
for range-notcovered
table 1 : explain SELECT id, c FROM sbtest1 WHERE id BETWEEN 7014261 AND 7014361
	Index Scan using sbtest1_pkey on sbtest1  (cost=0.43..389.10 rows=98 width=125)
	  Index Cond: ((id >= 7014261) AND (id <= 7014361))

table 2 : explain SELECT id, c FROM sbtest2 WHERE id BETWEEN 7014261 AND 7014361
	Index Scan using sbtest2_pkey on sbtest2  (cost=0.43..419.35 rows=106 width=125)
	  Index Cond: ((id >= 7014261) AND (id <= 7014361))

table 3 : explain SELECT id, c FROM sbtest3 WHERE id BETWEEN 7014261 AND 7014361
	Index Scan using sbtest3_pkey on sbtest3  (cost=0.43..452.09 rows=114 width=125)
	  Index Cond: ((id >= 7014261) AND (id <= 7014361))

table 4 : explain SELECT id, c FROM sbtest4 WHERE id BETWEEN 7014261 AND 7014361
	Index Scan using sbtest4_pkey on sbtest4  (cost=0.43..414.95 rows=105 width=125)
	  Index Cond: ((id >= 7014261) AND (id <= 7014361))

table 5 : explain SELECT id, c FROM sbtest5 WHERE id BETWEEN 7014261 AND 7014361
	Index Scan using sbtest5_pkey on sbtest5  (cost=0.43..396.01 rows=100 width=125)
	  Index Cond: ((id >= 7014261) AND (id <= 7014361))

table 6 : explain SELECT id, c FROM sbtest6 WHERE id BETWEEN 7014261 AND 7014361
	Index Scan using sbtest6_pkey on sbtest6  (cost=0.43..428.21 rows=108 width=125)
	  Index Cond: ((id >= 7014261) AND (id <= 7014361))

table 7 : explain SELECT id, c FROM sbtest7 WHERE id BETWEEN 7014261 AND 7014361
	Index Scan using sbtest7_pkey on sbtest7  (cost=0.43..384.23 rows=97 width=125)
	  Index Cond: ((id >= 7014261) AND (id <= 7014361))

table 8 : explain SELECT id, c FROM sbtest8 WHERE id BETWEEN 7014261 AND 7014361
	Index Scan using sbtest8_pkey on sbtest8  (cost=0.43..400.09 rows=101 width=125)
	  Index Cond: ((id >= 7014261) AND (id <= 7014361))

explain: for range-notcovered :: explain SELECT id, c FROM sbtest%d WHERE id BETWEEN 7014261 AND 7014361
explain: for range-notcovered :: explain SELECT id, c FROM sbtest%d WHERE id BETWEEN 6818615 AND 6818715
explain: for range-notcovered :: explain SELECT id, c FROM sbtest%d WHERE id BETWEEN 3812580 AND 3812680
for range-notcovered
table 1 : explain SELECT id, c FROM sbtest1 WHERE id BETWEEN 1904249 AND 1904349
	Index Scan using sbtest1_pkey on sbtest1  (cost=0.43..393.03 rows=99 width=125)
	  Index Cond: ((id >= 1904249) AND (id <= 1904349))

table 2 : explain SELECT id, c FROM sbtest2 WHERE id BETWEEN 1904249 AND 1904349
	Index Scan using sbtest2_pkey on sbtest2  (cost=0.43..403.70 rows=102 width=125)
	  Index Cond: ((id >= 1904249) AND (id <= 1904349))

table 3 : explain SELECT id, c FROM sbtest3 WHERE id BETWEEN 1904249 AND 1904349
	Index Scan using sbtest3_pkey on sbtest3  (cost=0.43..353.93 rows=89 width=125)
	  Index Cond: ((id >= 1904249) AND (id <= 1904349))

table 4 : explain SELECT id, c FROM sbtest4 WHERE id BETWEEN 1904249 AND 1904349
	Index Scan using sbtest4_pkey on sbtest4  (cost=0.43..375.84 rows=95 width=125)
	  Index Cond: ((id >= 1904249) AND (id <= 1904349))

table 5 : explain SELECT id, c FROM sbtest5 WHERE id BETWEEN 1904249 AND 1904349
	Index Scan using sbtest5_pkey on sbtest5  (cost=0.43..407.76 rows=103 width=125)
	  Index Cond: ((id >= 1904249) AND (id <= 1904349))

table 6 : explain SELECT id, c FROM sbtest6 WHERE id BETWEEN 1904249 AND 1904349
	Index Scan using sbtest6_pkey on sbtest6  (cost=0.43..396.83 rows=100 width=125)
	  Index Cond: ((id >= 1904249) AND (id <= 1904349))

table 7 : explain SELECT id, c FROM sbtest7 WHERE id BETWEEN 1904249 AND 1904349
	Index Scan using sbtest7_pkey on sbtest7  (cost=0.43..403.80 rows=102 width=125)
	  Index Cond: ((id >= 1904249) AND (id <= 1904349))

table 8 : explain SELECT id, c FROM sbtest8 WHERE id BETWEEN 1904249 AND 1904349
	Index Scan using sbtest8_pkey on sbtest8  (cost=0.43..392.26 rows=99 width=125)
	  Index Cond: ((id >= 1904249) AND (id <= 1904349))

for range-notcovered
table 1 : explain SELECT id, c FROM sbtest1 WHERE id BETWEEN 3784171 AND 3784271
	Index Scan using sbtest1_pkey on sbtest1  (cost=0.43..373.41 rows=94 width=125)
	  Index Cond: ((id >= 3784171) AND (id <= 3784271))

table 2 : explain SELECT id, c FROM sbtest2 WHERE id BETWEEN 3784171 AND 3784271
	Index Scan using sbtest2_pkey on sbtest2  (cost=0.43..356.72 rows=90 width=125)
	  Index Cond: ((id >= 3784171) AND (id <= 3784271))

table 3 : explain SELECT id, c FROM sbtest3 WHERE id BETWEEN 3784171 AND 3784271
	Index Scan using sbtest3_pkey on sbtest3  (cost=0.43..420.69 rows=106 width=125)
	  Index Cond: ((id >= 3784171) AND (id <= 3784271))

table 4 : explain SELECT id, c FROM sbtest4 WHERE id BETWEEN 3784171 AND 3784271
	Index Scan using sbtest4_pkey on sbtest4  (cost=0.43..383.68 rows=97 width=125)
	  Index Cond: ((id >= 3784171) AND (id <= 3784271))

table 5 : explain SELECT id, c FROM sbtest5 WHERE id BETWEEN 3784171 AND 3784271
	Index Scan using sbtest5_pkey on sbtest5  (cost=0.43..411.67 rows=104 width=125)
	  Index Cond: ((id >= 3784171) AND (id <= 3784271))

table 6 : explain SELECT id, c FROM sbtest6 WHERE id BETWEEN 3784171 AND 3784271
	Index Scan using sbtest6_pkey on sbtest6  (cost=0.43..408.59 rows=103 width=125)
	  Index Cond: ((id >= 3784171) AND (id <= 3784271))

table 7 : explain SELECT id, c FROM sbtest7 WHERE id BETWEEN 3784171 AND 3784271
	Index Scan using sbtest7_pkey on sbtest7  (cost=0.43..419.46 rows=106 width=125)
	  Index Cond: ((id >= 3784171) AND (id <= 3784271))

table 8 : explain SELECT id, c FROM sbtest8 WHERE id BETWEEN 3784171 AND 3784271
	Index Scan using sbtest8_pkey on sbtest8  (cost=0.43..419.67 rows=106 width=125)
	  Index Cond: ((id >= 3784171) AND (id <= 3784271))

explain: for range-notcovered :: explain SELECT id, c FROM sbtest%d WHERE id BETWEEN 3784171 AND 3784271
for range-notcovered
table 1 : explain SELECT id, c FROM sbtest1 WHERE id BETWEEN 7014261 AND 7014361
	Index Scan using sbtest1_pkey on sbtest1  (cost=0.43..389.10 rows=98 width=125)
	  Index Cond: ((id >= 7014261) AND (id <= 7014361))

table 2 : explain SELECT id, c FROM sbtest2 WHERE id BETWEEN 7014261 AND 7014361
	Index Scan using sbtest2_pkey on sbtest2  (cost=0.43..419.35 rows=106 width=125)
	  Index Cond: ((id >= 7014261) AND (id <= 7014361))

table 3 : explain SELECT id, c FROM sbtest3 WHERE id BETWEEN 7014261 AND 7014361
	Index Scan using sbtest3_pkey on sbtest3  (cost=0.43..452.09 rows=114 width=125)
	  Index Cond: ((id >= 7014261) AND (id <= 7014361))

table 4 : explain SELECT id, c FROM sbtest4 WHERE id BETWEEN 7014261 AND 7014361
	Index Scan using sbtest4_pkey on sbtest4  (cost=0.43..414.95 rows=105 width=125)
	  Index Cond: ((id >= 7014261) AND (id <= 7014361))

table 5 : explain SELECT id, c FROM sbtest5 WHERE id BETWEEN 7014261 AND 7014361
	Index Scan using sbtest5_pkey on sbtest5  (cost=0.43..396.01 rows=100 width=125)
	  Index Cond: ((id >= 7014261) AND (id <= 7014361))

table 6 : explain SELECT id, c FROM sbtest6 WHERE id BETWEEN 7014261 AND 7014361
	Index Scan using sbtest6_pkey on sbtest6  (cost=0.43..428.21 rows=108 width=125)
	  Index Cond: ((id >= 7014261) AND (id <= 7014361))

table 7 : explain SELECT id, c FROM sbtest7 WHERE id BETWEEN 7014261 AND 7014361
	Index Scan using sbtest7_pkey on sbtest7  (cost=0.43..384.23 rows=97 width=125)
	  Index Cond: ((id >= 7014261) AND (id <= 7014361))

table 8 : explain SELECT id, c FROM sbtest8 WHERE id BETWEEN 7014261 AND 7014361
	Index Scan using sbtest8_pkey on sbtest8  (cost=0.43..400.09 rows=101 width=125)
	  Index Cond: ((id >= 7014261) AND (id <= 7014361))

for range-notcovered
table 1 : explain SELECT id, c FROM sbtest1 WHERE id BETWEEN 2814980 AND 2815080
	Index Scan using sbtest1_pkey on sbtest1  (cost=0.43..369.49 rows=93 width=125)
	  Index Cond: ((id >= 2814980) AND (id <= 2815080))

table 2 : explain SELECT id, c FROM sbtest2 WHERE id BETWEEN 2814980 AND 2815080
	Index Scan using sbtest2_pkey on sbtest2  (cost=0.43..384.11 rows=97 width=125)
	  Index Cond: ((id >= 2814980) AND (id <= 2815080))

table 3 : explain SELECT id, c FROM sbtest3 WHERE id BETWEEN 2814980 AND 2815080
	Index Scan using sbtest3_pkey on sbtest3  (cost=0.43..377.49 rows=95 width=125)
	  Index Cond: ((id >= 2814980) AND (id <= 2815080))

table 4 : explain SELECT id, c FROM sbtest4 WHERE id BETWEEN 2814980 AND 2815080
	Index Scan using sbtest4_pkey on sbtest4  (cost=0.43..418.85 rows=106 width=125)
	  Index Cond: ((id >= 2814980) AND (id <= 2815080))

table 5 : explain SELECT id, c FROM sbtest5 WHERE id BETWEEN 2814980 AND 2815080
	Index Scan using sbtest5_pkey on sbtest5  (cost=0.43..407.76 rows=103 width=125)
	  Index Cond: ((id >= 2814980) AND (id <= 2815080))

table 6 : explain SELECT id, c FROM sbtest6 WHERE id BETWEEN 2814980 AND 2815080
	Index Scan using sbtest6_pkey on sbtest6  (cost=0.43..432.13 rows=109 width=125)
	  Index Cond: ((id >= 2814980) AND (id <= 2815080))

table 7 : explain SELECT id, c FROM sbtest7 WHERE id BETWEEN 2814980 AND 2815080
	Index Scan using sbtest7_pkey on sbtest7  (cost=0.43..388.15 rows=98 width=125)
	  Index Cond: ((id >= 2814980) AND (id <= 2815080))

table 8 : explain SELECT id, c FROM sbtest8 WHERE id BETWEEN 2814980 AND 2815080
	Index Scan using sbtest8_pkey on sbtest8  (cost=0.43..368.74 rows=93 width=125)
	  Index Cond: ((id >= 2814980) AND (id <= 2815080))

explain: for range-notcovered :: explain SELECT id, c FROM sbtest%d WHERE id BETWEEN 7014261 AND 7014361
explain: for range-notcovered :: explain SELECT id, c FROM sbtest%d WHERE id BETWEEN 2814980 AND 2815080
for range-notcovered
table 1 : explain SELECT id, c FROM sbtest1 WHERE id BETWEEN 3784171 AND 3784271
	Index Scan using sbtest1_pkey on sbtest1  (cost=0.43..373.41 rows=94 width=125)
	  Index Cond: ((id >= 3784171) AND (id <= 3784271))

table 2 : explain SELECT id, c FROM sbtest2 WHERE id BETWEEN 3784171 AND 3784271
	Index Scan using sbtest2_pkey on sbtest2  (cost=0.43..356.72 rows=90 width=125)
	  Index Cond: ((id >= 3784171) AND (id <= 3784271))

table 3 : explain SELECT id, c FROM sbtest3 WHERE id BETWEEN 3784171 AND 3784271
	Index Scan using sbtest3_pkey on sbtest3  (cost=0.43..420.69 rows=106 width=125)
	  Index Cond: ((id >= 3784171) AND (id <= 3784271))

table 4 : explain SELECT id, c FROM sbtest4 WHERE id BETWEEN 3784171 AND 3784271
	Index Scan using sbtest4_pkey on sbtest4  (cost=0.43..383.68 rows=97 width=125)
	  Index Cond: ((id >= 3784171) AND (id <= 3784271))

table 5 : explain SELECT id, c FROM sbtest5 WHERE id BETWEEN 3784171 AND 3784271
	Index Scan using sbtest5_pkey on sbtest5  (cost=0.43..411.67 rows=104 width=125)
	  Index Cond: ((id >= 3784171) AND (id <= 3784271))

table 6 : explain SELECT id, c FROM sbtest6 WHERE id BETWEEN 3784171 AND 3784271
	Index Scan using sbtest6_pkey on sbtest6  (cost=0.43..408.59 rows=103 width=125)
	  Index Cond: ((id >= 3784171) AND (id <= 3784271))

table 7 : explain SELECT id, c FROM sbtest7 WHERE id BETWEEN 3784171 AND 3784271
	Index Scan using sbtest7_pkey on sbtest7  (cost=0.43..419.46 rows=106 width=125)
	  Index Cond: ((id >= 3784171) AND (id <= 3784271))

table 8 : explain SELECT id, c FROM sbtest8 WHERE id BETWEEN 3784171 AND 3784271
	Index Scan using sbtest8_pkey on sbtest8  (cost=0.43..419.67 rows=106 width=125)
	  Index Cond: ((id >= 3784171) AND (id <= 3784271))

explain: for range-notcovered :: explain SELECT id, c FROM sbtest%d WHERE id BETWEEN 3784171 AND 3784271
explain: for range-notcovered :: explain SELECT id, c FROM sbtest%d WHERE id BETWEEN 5873281 AND 5873381
for range-notcovered
table 1 : explain SELECT id, c FROM sbtest1 WHERE id BETWEEN 7014261 AND 7014361
	Index Scan using sbtest1_pkey on sbtest1  (cost=0.43..389.10 rows=98 width=125)
	  Index Cond: ((id >= 7014261) AND (id <= 7014361))

table 2 : explain SELECT id, c FROM sbtest2 WHERE id BETWEEN 7014261 AND 7014361
	Index Scan using sbtest2_pkey on sbtest2  (cost=0.43..419.35 rows=106 width=125)
	  Index Cond: ((id >= 7014261) AND (id <= 7014361))

table 3 : explain SELECT id, c FROM sbtest3 WHERE id BETWEEN 7014261 AND 7014361
	Index Scan using sbtest3_pkey on sbtest3  (cost=0.43..452.09 rows=114 width=125)
	  Index Cond: ((id >= 7014261) AND (id <= 7014361))

table 4 : explain SELECT id, c FROM sbtest4 WHERE id BETWEEN 7014261 AND 7014361
	Index Scan using sbtest4_pkey on sbtest4  (cost=0.43..414.95 rows=105 width=125)
	  Index Cond: ((id >= 7014261) AND (id <= 7014361))

table 5 : explain SELECT id, c FROM sbtest5 WHERE id BETWEEN 7014261 AND 7014361
	Index Scan using sbtest5_pkey on sbtest5  (cost=0.43..396.01 rows=100 width=125)
	  Index Cond: ((id >= 7014261) AND (id <= 7014361))

table 6 : explain SELECT id, c FROM sbtest6 WHERE id BETWEEN 7014261 AND 7014361
	Index Scan using sbtest6_pkey on sbtest6  (cost=0.43..428.21 rows=108 width=125)
	  Index Cond: ((id >= 7014261) AND (id <= 7014361))

table 7 : explain SELECT id, c FROM sbtest7 WHERE id BETWEEN 7014261 AND 7014361
	Index Scan using sbtest7_pkey on sbtest7  (cost=0.43..384.23 rows=97 width=125)
	  Index Cond: ((id >= 7014261) AND (id <= 7014361))

table 8 : explain SELECT id, c FROM sbtest8 WHERE id BETWEEN 7014261 AND 7014361
	Index Scan using sbtest8_pkey on sbtest8  (cost=0.43..400.09 rows=101 width=125)
	  Index Cond: ((id >= 7014261) AND (id <= 7014361))

explain: for range-notcovered :: explain SELECT id, c FROM sbtest%d WHERE id BETWEEN 7014261 AND 7014361
for range-notcovered
table 1 : explain SELECT id, c FROM sbtest1 WHERE id BETWEEN 2814980 AND 2815080
	Index Scan using sbtest1_pkey on sbtest1  (cost=0.43..369.49 rows=93 width=125)
	  Index Cond: ((id >= 2814980) AND (id <= 2815080))

table 2 : explain SELECT id, c FROM sbtest2 WHERE id BETWEEN 2814980 AND 2815080
	Index Scan using sbtest2_pkey on sbtest2  (cost=0.43..384.11 rows=97 width=125)
	  Index Cond: ((id >= 2814980) AND (id <= 2815080))

table 3 : explain SELECT id, c FROM sbtest3 WHERE id BETWEEN 2814980 AND 2815080
	Index Scan using sbtest3_pkey on sbtest3  (cost=0.43..377.49 rows=95 width=125)
	  Index Cond: ((id >= 2814980) AND (id <= 2815080))

table 4 : explain SELECT id, c FROM sbtest4 WHERE id BETWEEN 2814980 AND 2815080
	Index Scan using sbtest4_pkey on sbtest4  (cost=0.43..418.85 rows=106 width=125)
	  Index Cond: ((id >= 2814980) AND (id <= 2815080))

table 5 : explain SELECT id, c FROM sbtest5 WHERE id BETWEEN 2814980 AND 2815080
	Index Scan using sbtest5_pkey on sbtest5  (cost=0.43..407.76 rows=103 width=125)
	  Index Cond: ((id >= 2814980) AND (id <= 2815080))

table 6 : explain SELECT id, c FROM sbtest6 WHERE id BETWEEN 2814980 AND 2815080
	Index Scan using sbtest6_pkey on sbtest6  (cost=0.43..432.13 rows=109 width=125)
	  Index Cond: ((id >= 2814980) AND (id <= 2815080))

table 7 : explain SELECT id, c FROM sbtest7 WHERE id BETWEEN 2814980 AND 2815080
	Index Scan using sbtest7_pkey on sbtest7  (cost=0.43..388.15 rows=98 width=125)
	  Index Cond: ((id >= 2814980) AND (id <= 2815080))

table 8 : explain SELECT id, c FROM sbtest8 WHERE id BETWEEN 2814980 AND 2815080
	Index Scan using sbtest8_pkey on sbtest8  (cost=0.43..368.74 rows=93 width=125)
	  Index Cond: ((id >= 2814980) AND (id <= 2815080))

explain: for range-notcovered :: explain SELECT id, c FROM sbtest%d WHERE id BETWEEN 2814980 AND 2815080
for range-notcovered
table 1 : explain SELECT id, c FROM sbtest1 WHERE id BETWEEN 3812580 AND 3812680
	Index Scan using sbtest1_pkey on sbtest1  (cost=0.43..373.41 rows=94 width=125)
	  Index Cond: ((id >= 3812580) AND (id <= 3812680))

table 2 : explain SELECT id, c FROM sbtest2 WHERE id BETWEEN 3812580 AND 3812680
	Index Scan using sbtest2_pkey on sbtest2  (cost=0.43..423.26 rows=107 width=125)
	  Index Cond: ((id >= 3812580) AND (id <= 3812680))

table 3 : explain SELECT id, c FROM sbtest3 WHERE id BETWEEN 3812580 AND 3812680
	Index Scan using sbtest3_pkey on sbtest3  (cost=0.43..408.91 rows=103 width=125)
	  Index Cond: ((id >= 3812580) AND (id <= 3812680))

table 4 : explain SELECT id, c FROM sbtest4 WHERE id BETWEEN 3812580 AND 3812680
	Index Scan using sbtest4_pkey on sbtest4  (cost=0.43..383.68 rows=97 width=125)
	  Index Cond: ((id >= 3812580) AND (id <= 3812680))

table 5 : explain SELECT id, c FROM sbtest5 WHERE id BETWEEN 3812580 AND 3812680
	Index Scan using sbtest5_pkey on sbtest5  (cost=0.43..411.67 rows=104 width=125)
	  Index Cond: ((id >= 3812580) AND (id <= 3812680))

table 6 : explain SELECT id, c FROM sbtest6 WHERE id BETWEEN 3812580 AND 3812680
	Index Scan using sbtest6_pkey on sbtest6  (cost=0.43..408.59 rows=103 width=125)
	  Index Cond: ((id >= 3812580) AND (id <= 3812680))

table 7 : explain SELECT id, c FROM sbtest7 WHERE id BETWEEN 3812580 AND 3812680
	Index Scan using sbtest7_pkey on sbtest7  (cost=0.43..388.15 rows=98 width=125)
	  Index Cond: ((id >= 3812580) AND (id <= 3812680))

table 8 : explain SELECT id, c FROM sbtest8 WHERE id BETWEEN 3812580 AND 3812680
	Index Scan using sbtest8_pkey on sbtest8  (cost=0.43..423.59 rows=107 width=125)
	  Index Cond: ((id >= 3812580) AND (id <= 3812680))

explain: for range-notcovered :: explain SELECT id, c FROM sbtest%d WHERE id BETWEEN 3812580 AND 3812680
for range-notcovered
table 1 : explain SELECT id, c FROM sbtest1 WHERE id BETWEEN 3784171 AND 3784271
	Index Scan using sbtest1_pkey on sbtest1  (cost=0.43..373.41 rows=94 width=125)
	  Index Cond: ((id >= 3784171) AND (id <= 3784271))

table 2 : explain SELECT id, c FROM sbtest2 WHERE id BETWEEN 3784171 AND 3784271
	Index Scan using sbtest2_pkey on sbtest2  (cost=0.43..356.72 rows=90 width=125)
	  Index Cond: ((id >= 3784171) AND (id <= 3784271))

table 3 : explain SELECT id, c FROM sbtest3 WHERE id BETWEEN 3784171 AND 3784271
	Index Scan using sbtest3_pkey on sbtest3  (cost=0.43..420.69 rows=106 width=125)
	  Index Cond: ((id >= 3784171) AND (id <= 3784271))

table 4 : explain SELECT id, c FROM sbtest4 WHERE id BETWEEN 3784171 AND 3784271
	Index Scan using sbtest4_pkey on sbtest4  (cost=0.43..383.68 rows=97 width=125)
	  Index Cond: ((id >= 3784171) AND (id <= 3784271))

table 5 : explain SELECT id, c FROM sbtest5 WHERE id BETWEEN 3784171 AND 3784271
	Index Scan using sbtest5_pkey on sbtest5  (cost=0.43..411.67 rows=104 width=125)
	  Index Cond: ((id >= 3784171) AND (id <= 3784271))

table 6 : explain SELECT id, c FROM sbtest6 WHERE id BETWEEN 3784171 AND 3784271
	Index Scan using sbtest6_pkey on sbtest6  (cost=0.43..408.59 rows=103 width=125)
	  Index Cond: ((id >= 3784171) AND (id <= 3784271))

table 7 : explain SELECT id, c FROM sbtest7 WHERE id BETWEEN 3784171 AND 3784271
	Index Scan using sbtest7_pkey on sbtest7  (cost=0.43..419.46 rows=106 width=125)
	  Index Cond: ((id >= 3784171) AND (id <= 3784271))

table 8 : explain SELECT id, c FROM sbtest8 WHERE id BETWEEN 3784171 AND 3784271
	Index Scan using sbtest8_pkey on sbtest8  (cost=0.43..419.67 rows=106 width=125)
	  Index Cond: ((id >= 3784171) AND (id <= 3784271))

for range-notcovered
table 1 : explain SELECT id, c FROM sbtest1 WHERE id BETWEEN 7014261 AND 7014361
	Index Scan using sbtest1_pkey on sbtest1  (cost=0.43..389.10 rows=98 width=125)
	  Index Cond: ((id >= 7014261) AND (id <= 7014361))

table 2 : explain SELECT id, c FROM sbtest2 WHERE id BETWEEN 7014261 AND 7014361
	Index Scan using sbtest2_pkey on sbtest2  (cost=0.43..419.35 rows=106 width=125)
	  Index Cond: ((id >= 7014261) AND (id <= 7014361))

table 3 : explain SELECT id, c FROM sbtest3 WHERE id BETWEEN 7014261 AND 7014361
	Index Scan using sbtest3_pkey on sbtest3  (cost=0.43..452.09 rows=114 width=125)
	  Index Cond: ((id >= 7014261) AND (id <= 7014361))

table 4 : explain SELECT id, c FROM sbtest4 WHERE id BETWEEN 7014261 AND 7014361
	Index Scan using sbtest4_pkey on sbtest4  (cost=0.43..414.95 rows=105 width=125)
	  Index Cond: ((id >= 7014261) AND (id <= 7014361))

table 5 : explain SELECT id, c FROM sbtest5 WHERE id BETWEEN 7014261 AND 7014361
	Index Scan using sbtest5_pkey on sbtest5  (cost=0.43..396.01 rows=100 width=125)
	  Index Cond: ((id >= 7014261) AND (id <= 7014361))

table 6 : explain SELECT id, c FROM sbtest6 WHERE id BETWEEN 7014261 AND 7014361
	Index Scan using sbtest6_pkey on sbtest6  (cost=0.43..428.21 rows=108 width=125)
	  Index Cond: ((id >= 7014261) AND (id <= 7014361))

table 7 : explain SELECT id, c FROM sbtest7 WHERE id BETWEEN 7014261 AND 7014361
	Index Scan using sbtest7_pkey on sbtest7  (cost=0.43..384.23 rows=97 width=125)
	  Index Cond: ((id >= 7014261) AND (id <= 7014361))

table 8 : explain SELECT id, c FROM sbtest8 WHERE id BETWEEN 7014261 AND 7014361
	Index Scan using sbtest8_pkey on sbtest8  (cost=0.43..400.09 rows=101 width=125)
	  Index Cond: ((id >= 7014261) AND (id <= 7014361))

explain: for range-notcovered :: explain SELECT id, c FROM sbtest%d WHERE id BETWEEN 7014261 AND 7014361
for range-notcovered
table 1 : explain SELECT id, c FROM sbtest1 WHERE id BETWEEN 2814980 AND 2815080
	Index Scan using sbtest1_pkey on sbtest1  (cost=0.43..369.49 rows=93 width=125)
	  Index Cond: ((id >= 2814980) AND (id <= 2815080))

table 2 : explain SELECT id, c FROM sbtest2 WHERE id BETWEEN 2814980 AND 2815080
	Index Scan using sbtest2_pkey on sbtest2  (cost=0.43..384.11 rows=97 width=125)
	  Index Cond: ((id >= 2814980) AND (id <= 2815080))

table 3 : explain SELECT id, c FROM sbtest3 WHERE id BETWEEN 2814980 AND 2815080
	Index Scan using sbtest3_pkey on sbtest3  (cost=0.43..377.49 rows=95 width=125)
	  Index Cond: ((id >= 2814980) AND (id <= 2815080))

table 4 : explain SELECT id, c FROM sbtest4 WHERE id BETWEEN 2814980 AND 2815080
	Index Scan using sbtest4_pkey on sbtest4  (cost=0.43..418.85 rows=106 width=125)
	  Index Cond: ((id >= 2814980) AND (id <= 2815080))

table 5 : explain SELECT id, c FROM sbtest5 WHERE id BETWEEN 2814980 AND 2815080
	Index Scan using sbtest5_pkey on sbtest5  (cost=0.43..407.76 rows=103 width=125)
	  Index Cond: ((id >= 2814980) AND (id <= 2815080))

table 6 : explain SELECT id, c FROM sbtest6 WHERE id BETWEEN 2814980 AND 2815080
	Index Scan using sbtest6_pkey on sbtest6  (cost=0.43..432.13 rows=109 width=125)
	  Index Cond: ((id >= 2814980) AND (id <= 2815080))

table 7 : explain SELECT id, c FROM sbtest7 WHERE id BETWEEN 2814980 AND 2815080
	Index Scan using sbtest7_pkey on sbtest7  (cost=0.43..388.15 rows=98 width=125)
	  Index Cond: ((id >= 2814980) AND (id <= 2815080))

table 8 : explain SELECT id, c FROM sbtest8 WHERE id BETWEEN 2814980 AND 2815080
	Index Scan using sbtest8_pkey on sbtest8  (cost=0.43..368.74 rows=93 width=125)
	  Index Cond: ((id >= 2814980) AND (id <= 2815080))

explain: for range-notcovered :: explain SELECT id, c FROM sbtest%d WHERE id BETWEEN 2814980 AND 2815080
for range-notcovered
table 1 : explain SELECT id, c FROM sbtest1 WHERE id BETWEEN 3812580 AND 3812680
	Index Scan using sbtest1_pkey on sbtest1  (cost=0.43..373.41 rows=94 width=125)
	  Index Cond: ((id >= 3812580) AND (id <= 3812680))

table 2 : explain SELECT id, c FROM sbtest2 WHERE id BETWEEN 3812580 AND 3812680
	Index Scan using sbtest2_pkey on sbtest2  (cost=0.43..423.26 rows=107 width=125)
	  Index Cond: ((id >= 3812580) AND (id <= 3812680))

table 3 : explain SELECT id, c FROM sbtest3 WHERE id BETWEEN 3812580 AND 3812680
	Index Scan using sbtest3_pkey on sbtest3  (cost=0.43..408.91 rows=103 width=125)
	  Index Cond: ((id >= 3812580) AND (id <= 3812680))

table 4 : explain SELECT id, c FROM sbtest4 WHERE id BETWEEN 3812580 AND 3812680
	Index Scan using sbtest4_pkey on sbtest4  (cost=0.43..383.68 rows=97 width=125)
	  Index Cond: ((id >= 3812580) AND (id <= 3812680))

table 5 : explain SELECT id, c FROM sbtest5 WHERE id BETWEEN 3812580 AND 3812680
	Index Scan using sbtest5_pkey on sbtest5  (cost=0.43..411.67 rows=104 width=125)
	  Index Cond: ((id >= 3812580) AND (id <= 3812680))

table 6 : explain SELECT id, c FROM sbtest6 WHERE id BETWEEN 3812580 AND 3812680
	Index Scan using sbtest6_pkey on sbtest6  (cost=0.43..408.59 rows=103 width=125)
	  Index Cond: ((id >= 3812580) AND (id <= 3812680))

table 7 : explain SELECT id, c FROM sbtest7 WHERE id BETWEEN 3812580 AND 3812680
	Index Scan using sbtest7_pkey on sbtest7  (cost=0.43..388.15 rows=98 width=125)
	  Index Cond: ((id >= 3812580) AND (id <= 3812680))

table 8 : explain SELECT id, c FROM sbtest8 WHERE id BETWEEN 3812580 AND 3812680
	Index Scan using sbtest8_pkey on sbtest8  (cost=0.43..423.59 rows=107 width=125)
	  Index Cond: ((id >= 3812580) AND (id <= 3812680))

explain: for range-notcovered :: explain SELECT id, c FROM sbtest%d WHERE id BETWEEN 3812580 AND 3812680
for range-notcovered
table 1 : explain SELECT id, c FROM sbtest1 WHERE id BETWEEN 3645240 AND 3645340
	Index Scan using sbtest1_pkey on sbtest1  (cost=0.43..361.62 rows=91 width=125)
	  Index Cond: ((id >= 3645240) AND (id <= 3645340))

table 2 : explain SELECT id, c FROM sbtest2 WHERE id BETWEEN 3645240 AND 3645340
	Index Scan using sbtest2_pkey on sbtest2  (cost=0.43..391.96 rows=99 width=125)
	  Index Cond: ((id >= 3645240) AND (id <= 3645340))

table 3 : explain SELECT id, c FROM sbtest3 WHERE id BETWEEN 3645240 AND 3645340
	Index Scan using sbtest3_pkey on sbtest3  (cost=0.43..432.47 rows=109 width=125)
	  Index Cond: ((id >= 3645240) AND (id <= 3645340))

table 4 : explain SELECT id, c FROM sbtest4 WHERE id BETWEEN 3645240 AND 3645340
	Index Scan using sbtest4_pkey on sbtest4  (cost=0.43..411.04 rows=104 width=125)
	  Index Cond: ((id >= 3645240) AND (id <= 3645340))

table 5 : explain SELECT id, c FROM sbtest5 WHERE id BETWEEN 3645240 AND 3645340
	Index Scan using sbtest5_pkey on sbtest5  (cost=0.43..411.67 rows=104 width=125)
	  Index Cond: ((id >= 3645240) AND (id <= 3645340))

table 6 : explain SELECT id, c FROM sbtest6 WHERE id BETWEEN 3645240 AND 3645340
	Index Scan using sbtest6_pkey on sbtest6  (cost=0.43..428.21 rows=108 width=125)
	  Index Cond: ((id >= 3645240) AND (id <= 3645340))

table 7 : explain SELECT id, c FROM sbtest7 WHERE id BETWEEN 3645240 AND 3645340
	Index Scan using sbtest7_pkey on sbtest7  (cost=0.43..392.06 rows=99 width=125)
	  Index Cond: ((id >= 3645240) AND (id <= 3645340))

table 8 : explain SELECT id, c FROM sbtest8 WHERE id BETWEEN 3645240 AND 3645340
	Index Scan using sbtest8_pkey on sbtest8  (cost=0.43..400.09 rows=101 width=125)
	  Index Cond: ((id >= 3645240) AND (id <= 3645340))

explain: for range-notcovered :: explain SELECT id, c FROM sbtest%d WHERE id BETWEEN 3645240 AND 3645340
for range-notcovered
table 1 : explain SELECT id, c FROM sbtest1 WHERE id BETWEEN 7014261 AND 7014361
	Index Scan using sbtest1_pkey on sbtest1  (cost=0.43..389.10 rows=98 width=125)
	  Index Cond: ((id >= 7014261) AND (id <= 7014361))

table 2 : explain SELECT id, c FROM sbtest2 WHERE id BETWEEN 7014261 AND 7014361
	Index Scan using sbtest2_pkey on sbtest2  (cost=0.43..419.35 rows=106 width=125)
	  Index Cond: ((id >= 7014261) AND (id <= 7014361))

table 3 : explain SELECT id, c FROM sbtest3 WHERE id BETWEEN 7014261 AND 7014361
	Index Scan using sbtest3_pkey on sbtest3  (cost=0.43..452.09 rows=114 width=125)
	  Index Cond: ((id >= 7014261) AND (id <= 7014361))

table 4 : explain SELECT id, c FROM sbtest4 WHERE id BETWEEN 7014261 AND 7014361
	Index Scan using sbtest4_pkey on sbtest4  (cost=0.43..414.95 rows=105 width=125)
	  Index Cond: ((id >= 7014261) AND (id <= 7014361))

table 5 : explain SELECT id, c FROM sbtest5 WHERE id BETWEEN 7014261 AND 7014361
	Index Scan using sbtest5_pkey on sbtest5  (cost=0.43..396.01 rows=100 width=125)
	  Index Cond: ((id >= 7014261) AND (id <= 7014361))

table 6 : explain SELECT id, c FROM sbtest6 WHERE id BETWEEN 7014261 AND 7014361
	Index Scan using sbtest6_pkey on sbtest6  (cost=0.43..428.21 rows=108 width=125)
	  Index Cond: ((id >= 7014261) AND (id <= 7014361))

table 7 : explain SELECT id, c FROM sbtest7 WHERE id BETWEEN 7014261 AND 7014361
	Index Scan using sbtest7_pkey on sbtest7  (cost=0.43..384.23 rows=97 width=125)
	  Index Cond: ((id >= 7014261) AND (id <= 7014361))

table 8 : explain SELECT id, c FROM sbtest8 WHERE id BETWEEN 7014261 AND 7014361
	Index Scan using sbtest8_pkey on sbtest8  (cost=0.43..400.09 rows=101 width=125)
	  Index Cond: ((id >= 7014261) AND (id <= 7014361))

explain: for range-notcovered :: explain SELECT id, c FROM sbtest%d WHERE id BETWEEN 7014261 AND 7014361
for range-notcovered
table 1 : explain SELECT id, c FROM sbtest1 WHERE id BETWEEN 2814980 AND 2815080
	Index Scan using sbtest1_pkey on sbtest1  (cost=0.43..369.49 rows=93 width=125)
	  Index Cond: ((id >= 2814980) AND (id <= 2815080))

table 2 : explain SELECT id, c FROM sbtest2 WHERE id BETWEEN 2814980 AND 2815080
	Index Scan using sbtest2_pkey on sbtest2  (cost=0.43..384.11 rows=97 width=125)
	  Index Cond: ((id >= 2814980) AND (id <= 2815080))

table 3 : explain SELECT id, c FROM sbtest3 WHERE id BETWEEN 2814980 AND 2815080
	Index Scan using sbtest3_pkey on sbtest3  (cost=0.43..377.49 rows=95 width=125)
	  Index Cond: ((id >= 2814980) AND (id <= 2815080))

table 4 : explain SELECT id, c FROM sbtest4 WHERE id BETWEEN 2814980 AND 2815080
	Index Scan using sbtest4_pkey on sbtest4  (cost=0.43..418.85 rows=106 width=125)
	  Index Cond: ((id >= 2814980) AND (id <= 2815080))

table 5 : explain SELECT id, c FROM sbtest5 WHERE id BETWEEN 2814980 AND 2815080
	Index Scan using sbtest5_pkey on sbtest5  (cost=0.43..407.76 rows=103 width=125)
	  Index Cond: ((id >= 2814980) AND (id <= 2815080))

table 6 : explain SELECT id, c FROM sbtest6 WHERE id BETWEEN 2814980 AND 2815080
	Index Scan using sbtest6_pkey on sbtest6  (cost=0.43..432.13 rows=109 width=125)
	  Index Cond: ((id >= 2814980) AND (id <= 2815080))

table 7 : explain SELECT id, c FROM sbtest7 WHERE id BETWEEN 2814980 AND 2815080
	Index Scan using sbtest7_pkey on sbtest7  (cost=0.43..388.15 rows=98 width=125)
	  Index Cond: ((id >= 2814980) AND (id <= 2815080))

table 8 : explain SELECT id, c FROM sbtest8 WHERE id BETWEEN 2814980 AND 2815080
	Index Scan using sbtest8_pkey on sbtest8  (cost=0.43..368.74 rows=93 width=125)
	  Index Cond: ((id >= 2814980) AND (id <= 2815080))

explain: for range-notcovered :: explain SELECT id, c FROM sbtest%d WHERE id BETWEEN 2814980 AND 2815080
for range-notcovered
table 1 : explain SELECT id, c FROM sbtest1 WHERE id BETWEEN 6818615 AND 6818715
	Index Scan using sbtest1_pkey on sbtest1  (cost=0.43..412.64 rows=104 width=125)
	  Index Cond: ((id >= 6818615) AND (id <= 6818715))

table 2 : explain SELECT id, c FROM sbtest2 WHERE id BETWEEN 6818615 AND 6818715
	Index Scan using sbtest2_pkey on sbtest2  (cost=0.43..384.11 rows=97 width=125)
	  Index Cond: ((id >= 6818615) AND (id <= 6818715))

table 3 : explain SELECT id, c FROM sbtest3 WHERE id BETWEEN 6818615 AND 6818715
	Index Scan using sbtest3_pkey on sbtest3  (cost=0.43..428.54 rows=108 width=125)
	  Index Cond: ((id >= 6818615) AND (id <= 6818715))

table 4 : explain SELECT id, c FROM sbtest4 WHERE id BETWEEN 6818615 AND 6818715
	Index Scan using sbtest4_pkey on sbtest4  (cost=0.43..399.32 rows=101 width=125)
	  Index Cond: ((id >= 6818615) AND (id <= 6818715))

table 5 : explain SELECT id, c FROM sbtest5 WHERE id BETWEEN 6818615 AND 6818715
	Index Scan using sbtest5_pkey on sbtest5  (cost=0.43..384.27 rows=97 width=125)
	  Index Cond: ((id >= 6818615) AND (id <= 6818715))

table 6 : explain SELECT id, c FROM sbtest6 WHERE id BETWEEN 6818615 AND 6818715
	Index Scan using sbtest6_pkey on sbtest6  (cost=0.43..420.36 rows=106 width=125)
	  Index Cond: ((id >= 6818615) AND (id <= 6818715))

table 7 : explain SELECT id, c FROM sbtest7 WHERE id BETWEEN 6818615 AND 6818715
	Index Scan using sbtest7_pkey on sbtest7  (cost=0.43..368.55 rows=93 width=125)
	  Index Cond: ((id >= 6818615) AND (id <= 6818715))

table 8 : explain SELECT id, c FROM sbtest8 WHERE id BETWEEN 6818615 AND 6818715
	Index Scan using sbtest8_pkey on sbtest8  (cost=0.43..423.59 rows=107 width=125)
	  Index Cond: ((id >= 6818615) AND (id <= 6818715))

for range-notcovered
table 1 : explain SELECT id, c FROM sbtest1 WHERE id BETWEEN 3812580 AND 3812680
	Index Scan using sbtest1_pkey on sbtest1  (cost=0.43..373.41 rows=94 width=125)
	  Index Cond: ((id >= 3812580) AND (id <= 3812680))

table 2 : explain SELECT id, c FROM sbtest2 WHERE id BETWEEN 3812580 AND 3812680
	Index Scan using sbtest2_pkey on sbtest2  (cost=0.43..423.26 rows=107 width=125)
	  Index Cond: ((id >= 3812580) AND (id <= 3812680))

table 3 : explain SELECT id, c FROM sbtest3 WHERE id BETWEEN 3812580 AND 3812680
	Index Scan using sbtest3_pkey on sbtest3  (cost=0.43..408.91 rows=103 width=125)
	  Index Cond: ((id >= 3812580) AND (id <= 3812680))

table 4 : explain SELECT id, c FROM sbtest4 WHERE id BETWEEN 3812580 AND 3812680
	Index Scan using sbtest4_pkey on sbtest4  (cost=0.43..383.68 rows=97 width=125)
	  Index Cond: ((id >= 3812580) AND (id <= 3812680))

table 5 : explain SELECT id, c FROM sbtest5 WHERE id BETWEEN 3812580 AND 3812680
	Index Scan using sbtest5_pkey on sbtest5  (cost=0.43..411.67 rows=104 width=125)
	  Index Cond: ((id >= 3812580) AND (id <= 3812680))

table 6 : explain SELECT id, c FROM sbtest6 WHERE id BETWEEN 3812580 AND 3812680
	Index Scan using sbtest6_pkey on sbtest6  (cost=0.43..408.59 rows=103 width=125)
	  Index Cond: ((id >= 3812580) AND (id <= 3812680))

table 7 : explain SELECT id, c FROM sbtest7 WHERE id BETWEEN 3812580 AND 3812680
	Index Scan using sbtest7_pkey on sbtest7  (cost=0.43..388.15 rows=98 width=125)
	  Index Cond: ((id >= 3812580) AND (id <= 3812680))

table 8 : explain SELECT id, c FROM sbtest8 WHERE id BETWEEN 3812580 AND 3812680
	Index Scan using sbtest8_pkey on sbtest8  (cost=0.43..423.59 rows=107 width=125)
	  Index Cond: ((id >= 3812580) AND (id <= 3812680))

explain: for range-notcovered :: explain SELECT id, c FROM sbtest%d WHERE id BETWEEN 6818615 AND 6818715
explain: for range-notcovered :: explain SELECT id, c FROM sbtest%d WHERE id BETWEEN 3812580 AND 3812680
for range-notcovered
table 1 : explain SELECT id, c FROM sbtest1 WHERE id BETWEEN 3645240 AND 3645340
	Index Scan using sbtest1_pkey on sbtest1  (cost=0.43..361.62 rows=91 width=125)
	  Index Cond: ((id >= 3645240) AND (id <= 3645340))

table 2 : explain SELECT id, c FROM sbtest2 WHERE id BETWEEN 3645240 AND 3645340
	Index Scan using sbtest2_pkey on sbtest2  (cost=0.43..391.96 rows=99 width=125)
	  Index Cond: ((id >= 3645240) AND (id <= 3645340))

table 3 : explain SELECT id, c FROM sbtest3 WHERE id BETWEEN 3645240 AND 3645340
	Index Scan using sbtest3_pkey on sbtest3  (cost=0.43..432.47 rows=109 width=125)
	  Index Cond: ((id >= 3645240) AND (id <= 3645340))

table 4 : explain SELECT id, c FROM sbtest4 WHERE id BETWEEN 3645240 AND 3645340
	Index Scan using sbtest4_pkey on sbtest4  (cost=0.43..411.04 rows=104 width=125)
	  Index Cond: ((id >= 3645240) AND (id <= 3645340))

table 5 : explain SELECT id, c FROM sbtest5 WHERE id BETWEEN 3645240 AND 3645340
	Index Scan using sbtest5_pkey on sbtest5  (cost=0.43..411.67 rows=104 width=125)
	  Index Cond: ((id >= 3645240) AND (id <= 3645340))

table 6 : explain SELECT id, c FROM sbtest6 WHERE id BETWEEN 3645240 AND 3645340
	Index Scan using sbtest6_pkey on sbtest6  (cost=0.43..428.21 rows=108 width=125)
	  Index Cond: ((id >= 3645240) AND (id <= 3645340))

table 7 : explain SELECT id, c FROM sbtest7 WHERE id BETWEEN 3645240 AND 3645340
	Index Scan using sbtest7_pkey on sbtest7  (cost=0.43..392.06 rows=99 width=125)
	  Index Cond: ((id >= 3645240) AND (id <= 3645340))

table 8 : explain SELECT id, c FROM sbtest8 WHERE id BETWEEN 3645240 AND 3645340
	Index Scan using sbtest8_pkey on sbtest8  (cost=0.43..400.09 rows=101 width=125)
	  Index Cond: ((id >= 3645240) AND (id <= 3645340))

explain: for range-notcovered :: explain SELECT id, c FROM sbtest%d WHERE id BETWEEN 3645240 AND 3645340
for range-notcovered
table 1 : explain SELECT id, c FROM sbtest1 WHERE id BETWEEN 7014261 AND 7014361
	Index Scan using sbtest1_pkey on sbtest1  (cost=0.43..389.10 rows=98 width=125)
	  Index Cond: ((id >= 7014261) AND (id <= 7014361))

table 2 : explain SELECT id, c FROM sbtest2 WHERE id BETWEEN 7014261 AND 7014361
	Index Scan using sbtest2_pkey on sbtest2  (cost=0.43..419.35 rows=106 width=125)
	  Index Cond: ((id >= 7014261) AND (id <= 7014361))

table 3 : explain SELECT id, c FROM sbtest3 WHERE id BETWEEN 7014261 AND 7014361
	Index Scan using sbtest3_pkey on sbtest3  (cost=0.43..452.09 rows=114 width=125)
	  Index Cond: ((id >= 7014261) AND (id <= 7014361))

table 4 : explain SELECT id, c FROM sbtest4 WHERE id BETWEEN 7014261 AND 7014361
	Index Scan using sbtest4_pkey on sbtest4  (cost=0.43..414.95 rows=105 width=125)
	  Index Cond: ((id >= 7014261) AND (id <= 7014361))

table 5 : explain SELECT id, c FROM sbtest5 WHERE id BETWEEN 7014261 AND 7014361
	Index Scan using sbtest5_pkey on sbtest5  (cost=0.43..396.01 rows=100 width=125)
	  Index Cond: ((id >= 7014261) AND (id <= 7014361))

table 6 : explain SELECT id, c FROM sbtest6 WHERE id BETWEEN 7014261 AND 7014361
	Index Scan using sbtest6_pkey on sbtest6  (cost=0.43..428.21 rows=108 width=125)
	  Index Cond: ((id >= 7014261) AND (id <= 7014361))

table 7 : explain SELECT id, c FROM sbtest7 WHERE id BETWEEN 7014261 AND 7014361
	Index Scan using sbtest7_pkey on sbtest7  (cost=0.43..384.23 rows=97 width=125)
	  Index Cond: ((id >= 7014261) AND (id <= 7014361))

table 8 : explain SELECT id, c FROM sbtest8 WHERE id BETWEEN 7014261 AND 7014361
	Index Scan using sbtest8_pkey on sbtest8  (cost=0.43..400.09 rows=101 width=125)
	  Index Cond: ((id >= 7014261) AND (id <= 7014361))

for range-notcovered
table 1 : explain SELECT id, c FROM sbtest1 WHERE id BETWEEN 2814980 AND 2815080
	Index Scan using sbtest1_pkey on sbtest1  (cost=0.43..369.49 rows=93 width=125)
	  Index Cond: ((id >= 2814980) AND (id <= 2815080))

table 2 : explain SELECT id, c FROM sbtest2 WHERE id BETWEEN 2814980 AND 2815080
	Index Scan using sbtest2_pkey on sbtest2  (cost=0.43..384.11 rows=97 width=125)
	  Index Cond: ((id >= 2814980) AND (id <= 2815080))

table 3 : explain SELECT id, c FROM sbtest3 WHERE id BETWEEN 2814980 AND 2815080
	Index Scan using sbtest3_pkey on sbtest3  (cost=0.43..377.49 rows=95 width=125)
	  Index Cond: ((id >= 2814980) AND (id <= 2815080))

table 4 : explain SELECT id, c FROM sbtest4 WHERE id BETWEEN 2814980 AND 2815080
	Index Scan using sbtest4_pkey on sbtest4  (cost=0.43..418.85 rows=106 width=125)
	  Index Cond: ((id >= 2814980) AND (id <= 2815080))

table 5 : explain SELECT id, c FROM sbtest5 WHERE id BETWEEN 2814980 AND 2815080
	Index Scan using sbtest5_pkey on sbtest5  (cost=0.43..407.76 rows=103 width=125)
	  Index Cond: ((id >= 2814980) AND (id <= 2815080))

table 6 : explain SELECT id, c FROM sbtest6 WHERE id BETWEEN 2814980 AND 2815080
	Index Scan using sbtest6_pkey on sbtest6  (cost=0.43..432.13 rows=109 width=125)
	  Index Cond: ((id >= 2814980) AND (id <= 2815080))

table 7 : explain SELECT id, c FROM sbtest7 WHERE id BETWEEN 2814980 AND 2815080
	Index Scan using sbtest7_pkey on sbtest7  (cost=0.43..388.15 rows=98 width=125)
	  Index Cond: ((id >= 2814980) AND (id <= 2815080))

table 8 : explain SELECT id, c FROM sbtest8 WHERE id BETWEEN 2814980 AND 2815080
	Index Scan using sbtest8_pkey on sbtest8  (cost=0.43..368.74 rows=93 width=125)
	  Index Cond: ((id >= 2814980) AND (id <= 2815080))

explain: for range-notcovered :: explain SELECT id, c FROM sbtest%d WHERE id BETWEEN 2814980 AND 2815080
for range-notcovered
table 1 : explain SELECT id, c FROM sbtest1 WHERE id BETWEEN 3812580 AND 3812680
	Index Scan using sbtest1_pkey on sbtest1  (cost=0.43..373.41 rows=94 width=125)
	  Index Cond: ((id >= 3812580) AND (id <= 3812680))

table 2 : explain SELECT id, c FROM sbtest2 WHERE id BETWEEN 3812580 AND 3812680
	Index Scan using sbtest2_pkey on sbtest2  (cost=0.43..423.26 rows=107 width=125)
	  Index Cond: ((id >= 3812580) AND (id <= 3812680))

table 3 : explain SELECT id, c FROM sbtest3 WHERE id BETWEEN 3812580 AND 3812680
	Index Scan using sbtest3_pkey on sbtest3  (cost=0.43..408.91 rows=103 width=125)
	  Index Cond: ((id >= 3812580) AND (id <= 3812680))

table 4 : explain SELECT id, c FROM sbtest4 WHERE id BETWEEN 3812580 AND 3812680
	Index Scan using sbtest4_pkey on sbtest4  (cost=0.43..383.68 rows=97 width=125)
	  Index Cond: ((id >= 3812580) AND (id <= 3812680))

table 5 : explain SELECT id, c FROM sbtest5 WHERE id BETWEEN 3812580 AND 3812680
	Index Scan using sbtest5_pkey on sbtest5  (cost=0.43..411.67 rows=104 width=125)
	  Index Cond: ((id >= 3812580) AND (id <= 3812680))

table 6 : explain SELECT id, c FROM sbtest6 WHERE id BETWEEN 3812580 AND 3812680
	Index Scan using sbtest6_pkey on sbtest6  (cost=0.43..408.59 rows=103 width=125)
	  Index Cond: ((id >= 3812580) AND (id <= 3812680))

table 7 : explain SELECT id, c FROM sbtest7 WHERE id BETWEEN 3812580 AND 3812680
	Index Scan using sbtest7_pkey on sbtest7  (cost=0.43..388.15 rows=98 width=125)
	  Index Cond: ((id >= 3812580) AND (id <= 3812680))

table 8 : explain SELECT id, c FROM sbtest8 WHERE id BETWEEN 3812580 AND 3812680
	Index Scan using sbtest8_pkey on sbtest8  (cost=0.43..423.59 rows=107 width=125)
	  Index Cond: ((id >= 3812580) AND (id <= 3812680))

for range-notcovered
table 1 : explain SELECT id, c FROM sbtest1 WHERE id BETWEEN 6818615 AND 6818715
	Index Scan using sbtest1_pkey on sbtest1  (cost=0.43..412.64 rows=104 width=125)
	  Index Cond: ((id >= 6818615) AND (id <= 6818715))

table 2 : explain SELECT id, c FROM sbtest2 WHERE id BETWEEN 6818615 AND 6818715
	Index Scan using sbtest2_pkey on sbtest2  (cost=0.43..384.11 rows=97 width=125)
	  Index Cond: ((id >= 6818615) AND (id <= 6818715))

table 3 : explain SELECT id, c FROM sbtest3 WHERE id BETWEEN 6818615 AND 6818715
	Index Scan using sbtest3_pkey on sbtest3  (cost=0.43..428.54 rows=108 width=125)
	  Index Cond: ((id >= 6818615) AND (id <= 6818715))

table 4 : explain SELECT id, c FROM sbtest4 WHERE id BETWEEN 6818615 AND 6818715
	Index Scan using sbtest4_pkey on sbtest4  (cost=0.43..399.32 rows=101 width=125)
	  Index Cond: ((id >= 6818615) AND (id <= 6818715))

table 5 : explain SELECT id, c FROM sbtest5 WHERE id BETWEEN 6818615 AND 6818715
	Index Scan using sbtest5_pkey on sbtest5  (cost=0.43..384.27 rows=97 width=125)
	  Index Cond: ((id >= 6818615) AND (id <= 6818715))

table 6 : explain SELECT id, c FROM sbtest6 WHERE id BETWEEN 6818615 AND 6818715
	Index Scan using sbtest6_pkey on sbtest6  (cost=0.43..420.36 rows=106 width=125)
	  Index Cond: ((id >= 6818615) AND (id <= 6818715))

table 7 : explain SELECT id, c FROM sbtest7 WHERE id BETWEEN 6818615 AND 6818715
	Index Scan using sbtest7_pkey on sbtest7  (cost=0.43..368.55 rows=93 width=125)
	  Index Cond: ((id >= 6818615) AND (id <= 6818715))

table 8 : explain SELECT id, c FROM sbtest8 WHERE id BETWEEN 6818615 AND 6818715
	Index Scan using sbtest8_pkey on sbtest8  (cost=0.43..423.59 rows=107 width=125)
	  Index Cond: ((id >= 6818615) AND (id <= 6818715))

explain: for range-notcovered :: explain SELECT id, c FROM sbtest%d WHERE id BETWEEN 3812580 AND 3812680
explain: for range-notcovered :: explain SELECT id, c FROM sbtest%d WHERE id BETWEEN 6818615 AND 6818715
for range-notcovered
table 1 : explain SELECT id, c FROM sbtest1 WHERE id BETWEEN 3645240 AND 3645340
	Index Scan using sbtest1_pkey on sbtest1  (cost=0.43..361.62 rows=91 width=125)
	  Index Cond: ((id >= 3645240) AND (id <= 3645340))

table 2 : explain SELECT id, c FROM sbtest2 WHERE id BETWEEN 3645240 AND 3645340
	Index Scan using sbtest2_pkey on sbtest2  (cost=0.43..391.96 rows=99 width=125)
	  Index Cond: ((id >= 3645240) AND (id <= 3645340))

table 3 : explain SELECT id, c FROM sbtest3 WHERE id BETWEEN 3645240 AND 3645340
	Index Scan using sbtest3_pkey on sbtest3  (cost=0.43..432.47 rows=109 width=125)
	  Index Cond: ((id >= 3645240) AND (id <= 3645340))

table 4 : explain SELECT id, c FROM sbtest4 WHERE id BETWEEN 3645240 AND 3645340
	Index Scan using sbtest4_pkey on sbtest4  (cost=0.43..411.04 rows=104 width=125)
	  Index Cond: ((id >= 3645240) AND (id <= 3645340))

table 5 : explain SELECT id, c FROM sbtest5 WHERE id BETWEEN 3645240 AND 3645340
	Index Scan using sbtest5_pkey on sbtest5  (cost=0.43..411.67 rows=104 width=125)
	  Index Cond: ((id >= 3645240) AND (id <= 3645340))

table 6 : explain SELECT id, c FROM sbtest6 WHERE id BETWEEN 3645240 AND 3645340
	Index Scan using sbtest6_pkey on sbtest6  (cost=0.43..428.21 rows=108 width=125)
	  Index Cond: ((id >= 3645240) AND (id <= 3645340))

table 7 : explain SELECT id, c FROM sbtest7 WHERE id BETWEEN 3645240 AND 3645340
	Index Scan using sbtest7_pkey on sbtest7  (cost=0.43..392.06 rows=99 width=125)
	  Index Cond: ((id >= 3645240) AND (id <= 3645340))

table 8 : explain SELECT id, c FROM sbtest8 WHERE id BETWEEN 3645240 AND 3645340
	Index Scan using sbtest8_pkey on sbtest8  (cost=0.43..400.09 rows=101 width=125)
	  Index Cond: ((id >= 3645240) AND (id <= 3645340))

explain: for range-notcovered :: explain SELECT id, c FROM sbtest%d WHERE id BETWEEN 3645240 AND 3645340
for range-notcovered
table 1 : explain SELECT id, c FROM sbtest1 WHERE id BETWEEN 5873281 AND 5873381
	Index Scan using sbtest1_pkey on sbtest1  (cost=0.43..400.87 rows=101 width=125)
	  Index Cond: ((id >= 5873281) AND (id <= 5873381))

table 2 : explain SELECT id, c FROM sbtest2 WHERE id BETWEEN 5873281 AND 5873381
	Index Scan using sbtest2_pkey on sbtest2  (cost=0.43..419.35 rows=106 width=125)
	  Index Cond: ((id >= 5873281) AND (id <= 5873381))

table 3 : explain SELECT id, c FROM sbtest3 WHERE id BETWEEN 5873281 AND 5873381
	Index Scan using sbtest3_pkey on sbtest3  (cost=0.43..373.56 rows=94 width=125)
	  Index Cond: ((id >= 5873281) AND (id <= 5873381))

table 4 : explain SELECT id, c FROM sbtest4 WHERE id BETWEEN 5873281 AND 5873381
	Index Scan using sbtest4_pkey on sbtest4  (cost=0.43..418.85 rows=106 width=125)
	  Index Cond: ((id >= 5873281) AND (id <= 5873381))

table 5 : explain SELECT id, c FROM sbtest5 WHERE id BETWEEN 5873281 AND 5873381
	Index Scan using sbtest5_pkey on sbtest5  (cost=0.43..380.36 rows=96 width=125)
	  Index Cond: ((id >= 5873281) AND (id <= 5873381))

table 6 : explain SELECT id, c FROM sbtest6 WHERE id BETWEEN 5873281 AND 5873381
	Index Scan using sbtest6_pkey on sbtest6  (cost=0.43..447.82 rows=113 width=125)
	  Index Cond: ((id >= 5873281) AND (id <= 5873381))

table 7 : explain SELECT id, c FROM sbtest7 WHERE id BETWEEN 5873281 AND 5873381
	Index Scan using sbtest7_pkey on sbtest7  (cost=0.43..372.47 rows=94 width=125)
	  Index Cond: ((id >= 5873281) AND (id <= 5873381))

table 8 : explain SELECT id, c FROM sbtest8 WHERE id BETWEEN 5873281 AND 5873381
	Index Scan using sbtest8_pkey on sbtest8  (cost=0.43..443.16 rows=112 width=125)
	  Index Cond: ((id >= 5873281) AND (id <= 5873381))

explain: for range-notcovered :: explain SELECT id, c FROM sbtest%d WHERE id BETWEEN 5873281 AND 5873381
for range-notcovered
table 1 : explain SELECT id, c FROM sbtest1 WHERE id BETWEEN 2814980 AND 2815080
	Index Scan using sbtest1_pkey on sbtest1  (cost=0.43..369.49 rows=93 width=125)
	  Index Cond: ((id >= 2814980) AND (id <= 2815080))

table 2 : explain SELECT id, c FROM sbtest2 WHERE id BETWEEN 2814980 AND 2815080
	Index Scan using sbtest2_pkey on sbtest2  (cost=0.43..384.11 rows=97 width=125)
	  Index Cond: ((id >= 2814980) AND (id <= 2815080))

table 3 : explain SELECT id, c FROM sbtest3 WHERE id BETWEEN 2814980 AND 2815080
	Index Scan using sbtest3_pkey on sbtest3  (cost=0.43..377.49 rows=95 width=125)
	  Index Cond: ((id >= 2814980) AND (id <= 2815080))

table 4 : explain SELECT id, c FROM sbtest4 WHERE id BETWEEN 2814980 AND 2815080
	Index Scan using sbtest4_pkey on sbtest4  (cost=0.43..418.85 rows=106 width=125)
	  Index Cond: ((id >= 2814980) AND (id <= 2815080))

table 5 : explain SELECT id, c FROM sbtest5 WHERE id BETWEEN 2814980 AND 2815080
	Index Scan using sbtest5_pkey on sbtest5  (cost=0.43..407.76 rows=103 width=125)
	  Index Cond: ((id >= 2814980) AND (id <= 2815080))

table 6 : explain SELECT id, c FROM sbtest6 WHERE id BETWEEN 2814980 AND 2815080
	Index Scan using sbtest6_pkey on sbtest6  (cost=0.43..432.13 rows=109 width=125)
	  Index Cond: ((id >= 2814980) AND (id <= 2815080))

table 7 : explain SELECT id, c FROM sbtest7 WHERE id BETWEEN 2814980 AND 2815080
	Index Scan using sbtest7_pkey on sbtest7  (cost=0.43..388.15 rows=98 width=125)
	  Index Cond: ((id >= 2814980) AND (id <= 2815080))

table 8 : explain SELECT id, c FROM sbtest8 WHERE id BETWEEN 2814980 AND 2815080
	Index Scan using sbtest8_pkey on sbtest8  (cost=0.43..368.74 rows=93 width=125)
	  Index Cond: ((id >= 2814980) AND (id <= 2815080))

explain: for range-notcovered :: explain SELECT id, c FROM sbtest%d WHERE id BETWEEN 2814980 AND 2815080
for range-notcovered
table 1 : explain SELECT id, c FROM sbtest1 WHERE id BETWEEN 3812580 AND 3812680
	Index Scan using sbtest1_pkey on sbtest1  (cost=0.43..373.41 rows=94 width=125)
	  Index Cond: ((id >= 3812580) AND (id <= 3812680))

table 2 : explain SELECT id, c FROM sbtest2 WHERE id BETWEEN 3812580 AND 3812680
	Index Scan using sbtest2_pkey on sbtest2  (cost=0.43..423.26 rows=107 width=125)
	  Index Cond: ((id >= 3812580) AND (id <= 3812680))

table 3 : explain SELECT id, c FROM sbtest3 WHERE id BETWEEN 3812580 AND 3812680
	Index Scan using sbtest3_pkey on sbtest3  (cost=0.43..408.91 rows=103 width=125)
	  Index Cond: ((id >= 3812580) AND (id <= 3812680))

table 4 : explain SELECT id, c FROM sbtest4 WHERE id BETWEEN 3812580 AND 3812680
	Index Scan using sbtest4_pkey on sbtest4  (cost=0.43..383.68 rows=97 width=125)
	  Index Cond: ((id >= 3812580) AND (id <= 3812680))

table 5 : explain SELECT id, c FROM sbtest5 WHERE id BETWEEN 3812580 AND 3812680
	Index Scan using sbtest5_pkey on sbtest5  (cost=0.43..411.67 rows=104 width=125)
	  Index Cond: ((id >= 3812580) AND (id <= 3812680))

table 6 : explain SELECT id, c FROM sbtest6 WHERE id BETWEEN 3812580 AND 3812680
	Index Scan using sbtest6_pkey on sbtest6  (cost=0.43..408.59 rows=103 width=125)
	  Index Cond: ((id >= 3812580) AND (id <= 3812680))

table 7 : explain SELECT id, c FROM sbtest7 WHERE id BETWEEN 3812580 AND 3812680
	Index Scan using sbtest7_pkey on sbtest7  (cost=0.43..388.15 rows=98 width=125)
	  Index Cond: ((id >= 3812580) AND (id <= 3812680))

table 8 : explain SELECT id, c FROM sbtest8 WHERE id BETWEEN 3812580 AND 3812680
	Index Scan using sbtest8_pkey on sbtest8  (cost=0.43..423.59 rows=107 width=125)
	  Index Cond: ((id >= 3812580) AND (id <= 3812680))

for range-notcovered
table 1 : explain SELECT id, c FROM sbtest1 WHERE id BETWEEN 6818615 AND 6818715
	Index Scan using sbtest1_pkey on sbtest1  (cost=0.43..412.64 rows=104 width=125)
	  Index Cond: ((id >= 6818615) AND (id <= 6818715))

table 2 : explain SELECT id, c FROM sbtest2 WHERE id BETWEEN 6818615 AND 6818715
	Index Scan using sbtest2_pkey on sbtest2  (cost=0.43..384.11 rows=97 width=125)
	  Index Cond: ((id >= 6818615) AND (id <= 6818715))

table 3 : explain SELECT id, c FROM sbtest3 WHERE id BETWEEN 6818615 AND 6818715
	Index Scan using sbtest3_pkey on sbtest3  (cost=0.43..428.54 rows=108 width=125)
	  Index Cond: ((id >= 6818615) AND (id <= 6818715))

table 4 : explain SELECT id, c FROM sbtest4 WHERE id BETWEEN 6818615 AND 6818715
	Index Scan using sbtest4_pkey on sbtest4  (cost=0.43..399.32 rows=101 width=125)
	  Index Cond: ((id >= 6818615) AND (id <= 6818715))

table 5 : explain SELECT id, c FROM sbtest5 WHERE id BETWEEN 6818615 AND 6818715
	Index Scan using sbtest5_pkey on sbtest5  (cost=0.43..384.27 rows=97 width=125)
	  Index Cond: ((id >= 6818615) AND (id <= 6818715))

table 6 : explain SELECT id, c FROM sbtest6 WHERE id BETWEEN 6818615 AND 6818715
	Index Scan using sbtest6_pkey on sbtest6  (cost=0.43..420.36 rows=106 width=125)
	  Index Cond: ((id >= 6818615) AND (id <= 6818715))

table 7 : explain SELECT id, c FROM sbtest7 WHERE id BETWEEN 6818615 AND 6818715
	Index Scan using sbtest7_pkey on sbtest7  (cost=0.43..368.55 rows=93 width=125)
	  Index Cond: ((id >= 6818615) AND (id <= 6818715))

table 8 : explain SELECT id, c FROM sbtest8 WHERE id BETWEEN 6818615 AND 6818715
	Index Scan using sbtest8_pkey on sbtest8  (cost=0.43..423.59 rows=107 width=125)
	  Index Cond: ((id >= 6818615) AND (id <= 6818715))

explain: for range-notcovered :: explain SELECT id, c FROM sbtest%d WHERE id BETWEEN 6818615 AND 6818715
for range-notcovered
table 1 : explain SELECT id, c FROM sbtest1 WHERE id BETWEEN 3645240 AND 3645340
	Index Scan using sbtest1_pkey on sbtest1  (cost=0.43..361.62 rows=91 width=125)
	  Index Cond: ((id >= 3645240) AND (id <= 3645340))

table 2 : explain SELECT id, c FROM sbtest2 WHERE id BETWEEN 3645240 AND 3645340
	Index Scan using sbtest2_pkey on sbtest2  (cost=0.43..391.96 rows=99 width=125)
	  Index Cond: ((id >= 3645240) AND (id <= 3645340))

table 3 : explain SELECT id, c FROM sbtest3 WHERE id BETWEEN 3645240 AND 3645340
	Index Scan using sbtest3_pkey on sbtest3  (cost=0.43..432.47 rows=109 width=125)
	  Index Cond: ((id >= 3645240) AND (id <= 3645340))

table 4 : explain SELECT id, c FROM sbtest4 WHERE id BETWEEN 3645240 AND 3645340
	Index Scan using sbtest4_pkey on sbtest4  (cost=0.43..411.04 rows=104 width=125)
	  Index Cond: ((id >= 3645240) AND (id <= 3645340))

table 5 : explain SELECT id, c FROM sbtest5 WHERE id BETWEEN 3645240 AND 3645340
	Index Scan using sbtest5_pkey on sbtest5  (cost=0.43..411.67 rows=104 width=125)
	  Index Cond: ((id >= 3645240) AND (id <= 3645340))

table 6 : explain SELECT id, c FROM sbtest6 WHERE id BETWEEN 3645240 AND 3645340
	Index Scan using sbtest6_pkey on sbtest6  (cost=0.43..428.21 rows=108 width=125)
	  Index Cond: ((id >= 3645240) AND (id <= 3645340))

table 7 : explain SELECT id, c FROM sbtest7 WHERE id BETWEEN 3645240 AND 3645340
	Index Scan using sbtest7_pkey on sbtest7  (cost=0.43..392.06 rows=99 width=125)
	  Index Cond: ((id >= 3645240) AND (id <= 3645340))

table 8 : explain SELECT id, c FROM sbtest8 WHERE id BETWEEN 3645240 AND 3645340
	Index Scan using sbtest8_pkey on sbtest8  (cost=0.43..400.09 rows=101 width=125)
	  Index Cond: ((id >= 3645240) AND (id <= 3645340))

explain: for range-notcovered :: explain SELECT id, c FROM sbtest%d WHERE id BETWEEN 3645240 AND 3645340
for range-notcovered
table 1 : explain SELECT id, c FROM sbtest1 WHERE id BETWEEN 5873281 AND 5873381
	Index Scan using sbtest1_pkey on sbtest1  (cost=0.43..400.87 rows=101 width=125)
	  Index Cond: ((id >= 5873281) AND (id <= 5873381))

table 2 : explain SELECT id, c FROM sbtest2 WHERE id BETWEEN 5873281 AND 5873381
	Index Scan using sbtest2_pkey on sbtest2  (cost=0.43..419.35 rows=106 width=125)
	  Index Cond: ((id >= 5873281) AND (id <= 5873381))

table 3 : explain SELECT id, c FROM sbtest3 WHERE id BETWEEN 5873281 AND 5873381
	Index Scan using sbtest3_pkey on sbtest3  (cost=0.43..373.56 rows=94 width=125)
	  Index Cond: ((id >= 5873281) AND (id <= 5873381))

table 4 : explain SELECT id, c FROM sbtest4 WHERE id BETWEEN 5873281 AND 5873381
	Index Scan using sbtest4_pkey on sbtest4  (cost=0.43..418.85 rows=106 width=125)
	  Index Cond: ((id >= 5873281) AND (id <= 5873381))

table 5 : explain SELECT id, c FROM sbtest5 WHERE id BETWEEN 5873281 AND 5873381
	Index Scan using sbtest5_pkey on sbtest5  (cost=0.43..380.36 rows=96 width=125)
	  Index Cond: ((id >= 5873281) AND (id <= 5873381))

table 6 : explain SELECT id, c FROM sbtest6 WHERE id BETWEEN 5873281 AND 5873381
	Index Scan using sbtest6_pkey on sbtest6  (cost=0.43..447.82 rows=113 width=125)
	  Index Cond: ((id >= 5873281) AND (id <= 5873381))

table 7 : explain SELECT id, c FROM sbtest7 WHERE id BETWEEN 5873281 AND 5873381
	Index Scan using sbtest7_pkey on sbtest7  (cost=0.43..372.47 rows=94 width=125)
	  Index Cond: ((id >= 5873281) AND (id <= 5873381))

table 8 : explain SELECT id, c FROM sbtest8 WHERE id BETWEEN 5873281 AND 5873381
	Index Scan using sbtest8_pkey on sbtest8  (cost=0.43..443.16 rows=112 width=125)
	  Index Cond: ((id >= 5873281) AND (id <= 5873381))

for range-notcovered
table 1 : explain SELECT id, c FROM sbtest1 WHERE id BETWEEN 2814980 AND 2815080
	Index Scan using sbtest1_pkey on sbtest1  (cost=0.43..369.49 rows=93 width=125)
	  Index Cond: ((id >= 2814980) AND (id <= 2815080))

table 2 : explain SELECT id, c FROM sbtest2 WHERE id BETWEEN 2814980 AND 2815080
	Index Scan using sbtest2_pkey on sbtest2  (cost=0.43..384.11 rows=97 width=125)
	  Index Cond: ((id >= 2814980) AND (id <= 2815080))

table 3 : explain SELECT id, c FROM sbtest3 WHERE id BETWEEN 2814980 AND 2815080
	Index Scan using sbtest3_pkey on sbtest3  (cost=0.43..377.49 rows=95 width=125)
	  Index Cond: ((id >= 2814980) AND (id <= 2815080))

table 4 : explain SELECT id, c FROM sbtest4 WHERE id BETWEEN 2814980 AND 2815080
	Index Scan using sbtest4_pkey on sbtest4  (cost=0.43..418.85 rows=106 width=125)
	  Index Cond: ((id >= 2814980) AND (id <= 2815080))

table 5 : explain SELECT id, c FROM sbtest5 WHERE id BETWEEN 2814980 AND 2815080
	Index Scan using sbtest5_pkey on sbtest5  (cost=0.43..407.76 rows=103 width=125)
	  Index Cond: ((id >= 2814980) AND (id <= 2815080))

table 6 : explain SELECT id, c FROM sbtest6 WHERE id BETWEEN 2814980 AND 2815080
	Index Scan using sbtest6_pkey on sbtest6  (cost=0.43..432.13 rows=109 width=125)
	  Index Cond: ((id >= 2814980) AND (id <= 2815080))

table 7 : explain SELECT id, c FROM sbtest7 WHERE id BETWEEN 2814980 AND 2815080
	Index Scan using sbtest7_pkey on sbtest7  (cost=0.43..388.15 rows=98 width=125)
	  Index Cond: ((id >= 2814980) AND (id <= 2815080))

table 8 : explain SELECT id, c FROM sbtest8 WHERE id BETWEEN 2814980 AND 2815080
	Index Scan using sbtest8_pkey on sbtest8  (cost=0.43..368.74 rows=93 width=125)
	  Index Cond: ((id >= 2814980) AND (id <= 2815080))

explain: for range-notcovered :: explain SELECT id, c FROM sbtest%d WHERE id BETWEEN 5873281 AND 5873381
explain: for range-notcovered :: explain SELECT id, c FROM sbtest%d WHERE id BETWEEN 2814980 AND 2815080
for range-notcovered
table 1 : explain SELECT id, c FROM sbtest1 WHERE id BETWEEN 6818615 AND 6818715
	Index Scan using sbtest1_pkey on sbtest1  (cost=0.43..412.64 rows=104 width=125)
	  Index Cond: ((id >= 6818615) AND (id <= 6818715))

table 2 : explain SELECT id, c FROM sbtest2 WHERE id BETWEEN 6818615 AND 6818715
	Index Scan using sbtest2_pkey on sbtest2  (cost=0.43..384.11 rows=97 width=125)
	  Index Cond: ((id >= 6818615) AND (id <= 6818715))

table 3 : explain SELECT id, c FROM sbtest3 WHERE id BETWEEN 6818615 AND 6818715
	Index Scan using sbtest3_pkey on sbtest3  (cost=0.43..428.54 rows=108 width=125)
	  Index Cond: ((id >= 6818615) AND (id <= 6818715))

table 4 : explain SELECT id, c FROM sbtest4 WHERE id BETWEEN 6818615 AND 6818715
	Index Scan using sbtest4_pkey on sbtest4  (cost=0.43..399.32 rows=101 width=125)
	  Index Cond: ((id >= 6818615) AND (id <= 6818715))

table 5 : explain SELECT id, c FROM sbtest5 WHERE id BETWEEN 6818615 AND 6818715
	Index Scan using sbtest5_pkey on sbtest5  (cost=0.43..384.27 rows=97 width=125)
	  Index Cond: ((id >= 6818615) AND (id <= 6818715))

table 6 : explain SELECT id, c FROM sbtest6 WHERE id BETWEEN 6818615 AND 6818715
	Index Scan using sbtest6_pkey on sbtest6  (cost=0.43..420.36 rows=106 width=125)
	  Index Cond: ((id >= 6818615) AND (id <= 6818715))

table 7 : explain SELECT id, c FROM sbtest7 WHERE id BETWEEN 6818615 AND 6818715
	Index Scan using sbtest7_pkey on sbtest7  (cost=0.43..368.55 rows=93 width=125)
	  Index Cond: ((id >= 6818615) AND (id <= 6818715))

table 8 : explain SELECT id, c FROM sbtest8 WHERE id BETWEEN 6818615 AND 6818715
	Index Scan using sbtest8_pkey on sbtest8  (cost=0.43..423.59 rows=107 width=125)
	  Index Cond: ((id >= 6818615) AND (id <= 6818715))

explain: for range-notcovered :: explain SELECT id, c FROM sbtest%d WHERE id BETWEEN 6818615 AND 6818715
for range-notcovered
table 1 : explain SELECT id, c FROM sbtest1 WHERE id BETWEEN 3645240 AND 3645340
	Index Scan using sbtest1_pkey on sbtest1  (cost=0.43..361.62 rows=91 width=125)
	  Index Cond: ((id >= 3645240) AND (id <= 3645340))

table 2 : explain SELECT id, c FROM sbtest2 WHERE id BETWEEN 3645240 AND 3645340
	Index Scan using sbtest2_pkey on sbtest2  (cost=0.43..391.96 rows=99 width=125)
	  Index Cond: ((id >= 3645240) AND (id <= 3645340))

table 3 : explain SELECT id, c FROM sbtest3 WHERE id BETWEEN 3645240 AND 3645340
	Index Scan using sbtest3_pkey on sbtest3  (cost=0.43..432.47 rows=109 width=125)
	  Index Cond: ((id >= 3645240) AND (id <= 3645340))

table 4 : explain SELECT id, c FROM sbtest4 WHERE id BETWEEN 3645240 AND 3645340
	Index Scan using sbtest4_pkey on sbtest4  (cost=0.43..411.04 rows=104 width=125)
	  Index Cond: ((id >= 3645240) AND (id <= 3645340))

table 5 : explain SELECT id, c FROM sbtest5 WHERE id BETWEEN 3645240 AND 3645340
	Index Scan using sbtest5_pkey on sbtest5  (cost=0.43..411.67 rows=104 width=125)
	  Index Cond: ((id >= 3645240) AND (id <= 3645340))

table 6 : explain SELECT id, c FROM sbtest6 WHERE id BETWEEN 3645240 AND 3645340
	Index Scan using sbtest6_pkey on sbtest6  (cost=0.43..428.21 rows=108 width=125)
	  Index Cond: ((id >= 3645240) AND (id <= 3645340))

table 7 : explain SELECT id, c FROM sbtest7 WHERE id BETWEEN 3645240 AND 3645340
	Index Scan using sbtest7_pkey on sbtest7  (cost=0.43..392.06 rows=99 width=125)
	  Index Cond: ((id >= 3645240) AND (id <= 3645340))

table 8 : explain SELECT id, c FROM sbtest8 WHERE id BETWEEN 3645240 AND 3645340
	Index Scan using sbtest8_pkey on sbtest8  (cost=0.43..400.09 rows=101 width=125)
	  Index Cond: ((id >= 3645240) AND (id <= 3645340))

explain: for range-notcovered :: explain SELECT id, c FROM sbtest%d WHERE id BETWEEN 3645240 AND 3645340
for range-notcovered
table 1 : explain SELECT id, c FROM sbtest1 WHERE id BETWEEN 5873281 AND 5873381
	Index Scan using sbtest1_pkey on sbtest1  (cost=0.43..400.87 rows=101 width=125)
	  Index Cond: ((id >= 5873281) AND (id <= 5873381))

table 2 : explain SELECT id, c FROM sbtest2 WHERE id BETWEEN 5873281 AND 5873381
	Index Scan using sbtest2_pkey on sbtest2  (cost=0.43..419.35 rows=106 width=125)
	  Index Cond: ((id >= 5873281) AND (id <= 5873381))

table 3 : explain SELECT id, c FROM sbtest3 WHERE id BETWEEN 5873281 AND 5873381
	Index Scan using sbtest3_pkey on sbtest3  (cost=0.43..373.56 rows=94 width=125)
	  Index Cond: ((id >= 5873281) AND (id <= 5873381))

table 4 : explain SELECT id, c FROM sbtest4 WHERE id BETWEEN 5873281 AND 5873381
	Index Scan using sbtest4_pkey on sbtest4  (cost=0.43..418.85 rows=106 width=125)
	  Index Cond: ((id >= 5873281) AND (id <= 5873381))

table 5 : explain SELECT id, c FROM sbtest5 WHERE id BETWEEN 5873281 AND 5873381
	Index Scan using sbtest5_pkey on sbtest5  (cost=0.43..380.36 rows=96 width=125)
	  Index Cond: ((id >= 5873281) AND (id <= 5873381))

table 6 : explain SELECT id, c FROM sbtest6 WHERE id BETWEEN 5873281 AND 5873381
	Index Scan using sbtest6_pkey on sbtest6  (cost=0.43..447.82 rows=113 width=125)
	  Index Cond: ((id >= 5873281) AND (id <= 5873381))

table 7 : explain SELECT id, c FROM sbtest7 WHERE id BETWEEN 5873281 AND 5873381
	Index Scan using sbtest7_pkey on sbtest7  (cost=0.43..372.47 rows=94 width=125)
	  Index Cond: ((id >= 5873281) AND (id <= 5873381))

table 8 : explain SELECT id, c FROM sbtest8 WHERE id BETWEEN 5873281 AND 5873381
	Index Scan using sbtest8_pkey on sbtest8  (cost=0.43..443.16 rows=112 width=125)
	  Index Cond: ((id >= 5873281) AND (id <= 5873381))

explain: for range-notcovered :: explain SELECT id, c FROM sbtest%d WHERE id BETWEEN 5873281 AND 5873381
for range-notcovered
table 1 : explain SELECT id, c FROM sbtest1 WHERE id BETWEEN 2814980 AND 2815080
	Index Scan using sbtest1_pkey on sbtest1  (cost=0.43..369.49 rows=93 width=125)
	  Index Cond: ((id >= 2814980) AND (id <= 2815080))

table 2 : explain SELECT id, c FROM sbtest2 WHERE id BETWEEN 2814980 AND 2815080
	Index Scan using sbtest2_pkey on sbtest2  (cost=0.43..384.11 rows=97 width=125)
	  Index Cond: ((id >= 2814980) AND (id <= 2815080))

table 3 : explain SELECT id, c FROM sbtest3 WHERE id BETWEEN 2814980 AND 2815080
	Index Scan using sbtest3_pkey on sbtest3  (cost=0.43..377.49 rows=95 width=125)
	  Index Cond: ((id >= 2814980) AND (id <= 2815080))

table 4 : explain SELECT id, c FROM sbtest4 WHERE id BETWEEN 2814980 AND 2815080
	Index Scan using sbtest4_pkey on sbtest4  (cost=0.43..418.85 rows=106 width=125)
	  Index Cond: ((id >= 2814980) AND (id <= 2815080))

table 5 : explain SELECT id, c FROM sbtest5 WHERE id BETWEEN 2814980 AND 2815080
	Index Scan using sbtest5_pkey on sbtest5  (cost=0.43..407.76 rows=103 width=125)
	  Index Cond: ((id >= 2814980) AND (id <= 2815080))

table 6 : explain SELECT id, c FROM sbtest6 WHERE id BETWEEN 2814980 AND 2815080
	Index Scan using sbtest6_pkey on sbtest6  (cost=0.43..432.13 rows=109 width=125)
	  Index Cond: ((id >= 2814980) AND (id <= 2815080))

table 7 : explain SELECT id, c FROM sbtest7 WHERE id BETWEEN 2814980 AND 2815080
	Index Scan using sbtest7_pkey on sbtest7  (cost=0.43..388.15 rows=98 width=125)
	  Index Cond: ((id >= 2814980) AND (id <= 2815080))

table 8 : explain SELECT id, c FROM sbtest8 WHERE id BETWEEN 2814980 AND 2815080
	Index Scan using sbtest8_pkey on sbtest8  (cost=0.43..368.74 rows=93 width=125)
	  Index Cond: ((id >= 2814980) AND (id <= 2815080))

for range-notcovered
table 1 : explain SELECT id, c FROM sbtest1 WHERE id BETWEEN 6818615 AND 6818715
	Index Scan using sbtest1_pkey on sbtest1  (cost=0.43..412.64 rows=104 width=125)
	  Index Cond: ((id >= 6818615) AND (id <= 6818715))

table 2 : explain SELECT id, c FROM sbtest2 WHERE id BETWEEN 6818615 AND 6818715
	Index Scan using sbtest2_pkey on sbtest2  (cost=0.43..384.11 rows=97 width=125)
	  Index Cond: ((id >= 6818615) AND (id <= 6818715))

table 3 : explain SELECT id, c FROM sbtest3 WHERE id BETWEEN 6818615 AND 6818715
	Index Scan using sbtest3_pkey on sbtest3  (cost=0.43..428.54 rows=108 width=125)
	  Index Cond: ((id >= 6818615) AND (id <= 6818715))

table 4 : explain SELECT id, c FROM sbtest4 WHERE id BETWEEN 6818615 AND 6818715
	Index Scan using sbtest4_pkey on sbtest4  (cost=0.43..399.32 rows=101 width=125)
	  Index Cond: ((id >= 6818615) AND (id <= 6818715))

table 5 : explain SELECT id, c FROM sbtest5 WHERE id BETWEEN 6818615 AND 6818715
	Index Scan using sbtest5_pkey on sbtest5  (cost=0.43..384.27 rows=97 width=125)
	  Index Cond: ((id >= 6818615) AND (id <= 6818715))

table 6 : explain SELECT id, c FROM sbtest6 WHERE id BETWEEN 6818615 AND 6818715
	Index Scan using sbtest6_pkey on sbtest6  (cost=0.43..420.36 rows=106 width=125)
	  Index Cond: ((id >= 6818615) AND (id <= 6818715))

table 7 : explain SELECT id, c FROM sbtest7 WHERE id BETWEEN 6818615 AND 6818715
	Index Scan using sbtest7_pkey on sbtest7  (cost=0.43..368.55 rows=93 width=125)
	  Index Cond: ((id >= 6818615) AND (id <= 6818715))

table 8 : explain SELECT id, c FROM sbtest8 WHERE id BETWEEN 6818615 AND 6818715
	Index Scan using sbtest8_pkey on sbtest8  (cost=0.43..423.59 rows=107 width=125)
	  Index Cond: ((id >= 6818615) AND (id <= 6818715))

explain: for range-notcovered :: explain SELECT id, c FROM sbtest%d WHERE id BETWEEN 6818615 AND 6818715
for range-notcovered
table 1 : explain SELECT id, c FROM sbtest1 WHERE id BETWEEN 3645240 AND 3645340
	Index Scan using sbtest1_pkey on sbtest1  (cost=0.43..361.62 rows=91 width=125)
	  Index Cond: ((id >= 3645240) AND (id <= 3645340))

table 2 : explain SELECT id, c FROM sbtest2 WHERE id BETWEEN 3645240 AND 3645340
	Index Scan using sbtest2_pkey on sbtest2  (cost=0.43..391.96 rows=99 width=125)
	  Index Cond: ((id >= 3645240) AND (id <= 3645340))

table 3 : explain SELECT id, c FROM sbtest3 WHERE id BETWEEN 3645240 AND 3645340
	Index Scan using sbtest3_pkey on sbtest3  (cost=0.43..432.47 rows=109 width=125)
	  Index Cond: ((id >= 3645240) AND (id <= 3645340))

table 4 : explain SELECT id, c FROM sbtest4 WHERE id BETWEEN 3645240 AND 3645340
	Index Scan using sbtest4_pkey on sbtest4  (cost=0.43..411.04 rows=104 width=125)
	  Index Cond: ((id >= 3645240) AND (id <= 3645340))

table 5 : explain SELECT id, c FROM sbtest5 WHERE id BETWEEN 3645240 AND 3645340
	Index Scan using sbtest5_pkey on sbtest5  (cost=0.43..411.67 rows=104 width=125)
	  Index Cond: ((id >= 3645240) AND (id <= 3645340))

table 6 : explain SELECT id, c FROM sbtest6 WHERE id BETWEEN 3645240 AND 3645340
	Index Scan using sbtest6_pkey on sbtest6  (cost=0.43..428.21 rows=108 width=125)
	  Index Cond: ((id >= 3645240) AND (id <= 3645340))

table 7 : explain SELECT id, c FROM sbtest7 WHERE id BETWEEN 3645240 AND 3645340
	Index Scan using sbtest7_pkey on sbtest7  (cost=0.43..392.06 rows=99 width=125)
	  Index Cond: ((id >= 3645240) AND (id <= 3645340))

table 8 : explain SELECT id, c FROM sbtest8 WHERE id BETWEEN 3645240 AND 3645340
	Index Scan using sbtest8_pkey on sbtest8  (cost=0.43..400.09 rows=101 width=125)
	  Index Cond: ((id >= 3645240) AND (id <= 3645340))

explain: for range-notcovered :: explain SELECT id, c FROM sbtest%d WHERE id BETWEEN 3645240 AND 3645340
for range-notcovered
table 1 : explain SELECT id, c FROM sbtest1 WHERE id BETWEEN 5873281 AND 5873381
	Index Scan using sbtest1_pkey on sbtest1  (cost=0.43..400.87 rows=101 width=125)
	  Index Cond: ((id >= 5873281) AND (id <= 5873381))

table 2 : explain SELECT id, c FROM sbtest2 WHERE id BETWEEN 5873281 AND 5873381
	Index Scan using sbtest2_pkey on sbtest2  (cost=0.43..419.35 rows=106 width=125)
	  Index Cond: ((id >= 5873281) AND (id <= 5873381))

table 3 : explain SELECT id, c FROM sbtest3 WHERE id BETWEEN 5873281 AND 5873381
	Index Scan using sbtest3_pkey on sbtest3  (cost=0.43..373.56 rows=94 width=125)
	  Index Cond: ((id >= 5873281) AND (id <= 5873381))

table 4 : explain SELECT id, c FROM sbtest4 WHERE id BETWEEN 5873281 AND 5873381
	Index Scan using sbtest4_pkey on sbtest4  (cost=0.43..418.85 rows=106 width=125)
	  Index Cond: ((id >= 5873281) AND (id <= 5873381))

table 5 : explain SELECT id, c FROM sbtest5 WHERE id BETWEEN 5873281 AND 5873381
	Index Scan using sbtest5_pkey on sbtest5  (cost=0.43..380.36 rows=96 width=125)
	  Index Cond: ((id >= 5873281) AND (id <= 5873381))

table 6 : explain SELECT id, c FROM sbtest6 WHERE id BETWEEN 5873281 AND 5873381
	Index Scan using sbtest6_pkey on sbtest6  (cost=0.43..447.82 rows=113 width=125)
	  Index Cond: ((id >= 5873281) AND (id <= 5873381))

table 7 : explain SELECT id, c FROM sbtest7 WHERE id BETWEEN 5873281 AND 5873381
	Index Scan using sbtest7_pkey on sbtest7  (cost=0.43..372.47 rows=94 width=125)
	  Index Cond: ((id >= 5873281) AND (id <= 5873381))

table 8 : explain SELECT id, c FROM sbtest8 WHERE id BETWEEN 5873281 AND 5873381
	Index Scan using sbtest8_pkey on sbtest8  (cost=0.43..443.16 rows=112 width=125)
	  Index Cond: ((id >= 5873281) AND (id <= 5873381))

explain: for range-notcovered :: explain SELECT id, c FROM sbtest%d WHERE id BETWEEN 5873281 AND 5873381
for range-notcovered
table 1 : explain SELECT id, c FROM sbtest1 WHERE id BETWEEN 6818615 AND 6818715
	Index Scan using sbtest1_pkey on sbtest1  (cost=0.43..412.64 rows=104 width=125)
	  Index Cond: ((id >= 6818615) AND (id <= 6818715))

table 2 : explain SELECT id, c FROM sbtest2 WHERE id BETWEEN 6818615 AND 6818715
	Index Scan using sbtest2_pkey on sbtest2  (cost=0.43..384.11 rows=97 width=125)
	  Index Cond: ((id >= 6818615) AND (id <= 6818715))

table 3 : explain SELECT id, c FROM sbtest3 WHERE id BETWEEN 6818615 AND 6818715
	Index Scan using sbtest3_pkey on sbtest3  (cost=0.43..428.54 rows=108 width=125)
	  Index Cond: ((id >= 6818615) AND (id <= 6818715))

table 4 : explain SELECT id, c FROM sbtest4 WHERE id BETWEEN 6818615 AND 6818715
	Index Scan using sbtest4_pkey on sbtest4  (cost=0.43..399.32 rows=101 width=125)
	  Index Cond: ((id >= 6818615) AND (id <= 6818715))

table 5 : explain SELECT id, c FROM sbtest5 WHERE id BETWEEN 6818615 AND 6818715
	Index Scan using sbtest5_pkey on sbtest5  (cost=0.43..384.27 rows=97 width=125)
	  Index Cond: ((id >= 6818615) AND (id <= 6818715))

table 6 : explain SELECT id, c FROM sbtest6 WHERE id BETWEEN 6818615 AND 6818715
	Index Scan using sbtest6_pkey on sbtest6  (cost=0.43..420.36 rows=106 width=125)
	  Index Cond: ((id >= 6818615) AND (id <= 6818715))

table 7 : explain SELECT id, c FROM sbtest7 WHERE id BETWEEN 6818615 AND 6818715
	Index Scan using sbtest7_pkey on sbtest7  (cost=0.43..368.55 rows=93 width=125)
	  Index Cond: ((id >= 6818615) AND (id <= 6818715))

table 8 : explain SELECT id, c FROM sbtest8 WHERE id BETWEEN 6818615 AND 6818715
	Index Scan using sbtest8_pkey on sbtest8  (cost=0.43..423.59 rows=107 width=125)
	  Index Cond: ((id >= 6818615) AND (id <= 6818715))

explain: for range-notcovered :: explain SELECT id, c FROM sbtest%d WHERE id BETWEEN 6818615 AND 6818715
for range-notcovered
table 1 : explain SELECT id, c FROM sbtest1 WHERE id BETWEEN 3645240 AND 3645340
	Index Scan using sbtest1_pkey on sbtest1  (cost=0.43..361.62 rows=91 width=125)
	  Index Cond: ((id >= 3645240) AND (id <= 3645340))

table 2 : explain SELECT id, c FROM sbtest2 WHERE id BETWEEN 3645240 AND 3645340
	Index Scan using sbtest2_pkey on sbtest2  (cost=0.43..391.96 rows=99 width=125)
	  Index Cond: ((id >= 3645240) AND (id <= 3645340))

table 3 : explain SELECT id, c FROM sbtest3 WHERE id BETWEEN 3645240 AND 3645340
	Index Scan using sbtest3_pkey on sbtest3  (cost=0.43..432.47 rows=109 width=125)
	  Index Cond: ((id >= 3645240) AND (id <= 3645340))

table 4 : explain SELECT id, c FROM sbtest4 WHERE id BETWEEN 3645240 AND 3645340
	Index Scan using sbtest4_pkey on sbtest4  (cost=0.43..411.04 rows=104 width=125)
	  Index Cond: ((id >= 3645240) AND (id <= 3645340))

table 5 : explain SELECT id, c FROM sbtest5 WHERE id BETWEEN 3645240 AND 3645340
	Index Scan using sbtest5_pkey on sbtest5  (cost=0.43..411.67 rows=104 width=125)
	  Index Cond: ((id >= 3645240) AND (id <= 3645340))

table 6 : explain SELECT id, c FROM sbtest6 WHERE id BETWEEN 3645240 AND 3645340
	Index Scan using sbtest6_pkey on sbtest6  (cost=0.43..428.21 rows=108 width=125)
	  Index Cond: ((id >= 3645240) AND (id <= 3645340))

table 7 : explain SELECT id, c FROM sbtest7 WHERE id BETWEEN 3645240 AND 3645340
	Index Scan using sbtest7_pkey on sbtest7  (cost=0.43..392.06 rows=99 width=125)
	  Index Cond: ((id >= 3645240) AND (id <= 3645340))

table 8 : explain SELECT id, c FROM sbtest8 WHERE id BETWEEN 3645240 AND 3645340
	Index Scan using sbtest8_pkey on sbtest8  (cost=0.43..400.09 rows=101 width=125)
	  Index Cond: ((id >= 3645240) AND (id <= 3645340))

explain: for range-notcovered :: explain SELECT id, c FROM sbtest%d WHERE id BETWEEN 3645240 AND 3645340
for range-notcovered
table 1 : explain SELECT id, c FROM sbtest1 WHERE id BETWEEN 5873281 AND 5873381
	Index Scan using sbtest1_pkey on sbtest1  (cost=0.43..400.87 rows=101 width=125)
	  Index Cond: ((id >= 5873281) AND (id <= 5873381))

table 2 : explain SELECT id, c FROM sbtest2 WHERE id BETWEEN 5873281 AND 5873381
	Index Scan using sbtest2_pkey on sbtest2  (cost=0.43..419.35 rows=106 width=125)
	  Index Cond: ((id >= 5873281) AND (id <= 5873381))

table 3 : explain SELECT id, c FROM sbtest3 WHERE id BETWEEN 5873281 AND 5873381
	Index Scan using sbtest3_pkey on sbtest3  (cost=0.43..373.56 rows=94 width=125)
	  Index Cond: ((id >= 5873281) AND (id <= 5873381))

table 4 : explain SELECT id, c FROM sbtest4 WHERE id BETWEEN 5873281 AND 5873381
	Index Scan using sbtest4_pkey on sbtest4  (cost=0.43..418.85 rows=106 width=125)
	  Index Cond: ((id >= 5873281) AND (id <= 5873381))

table 5 : explain SELECT id, c FROM sbtest5 WHERE id BETWEEN 5873281 AND 5873381
	Index Scan using sbtest5_pkey on sbtest5  (cost=0.43..380.36 rows=96 width=125)
	  Index Cond: ((id >= 5873281) AND (id <= 5873381))

table 6 : explain SELECT id, c FROM sbtest6 WHERE id BETWEEN 5873281 AND 5873381
	Index Scan using sbtest6_pkey on sbtest6  (cost=0.43..447.82 rows=113 width=125)
	  Index Cond: ((id >= 5873281) AND (id <= 5873381))

table 7 : explain SELECT id, c FROM sbtest7 WHERE id BETWEEN 5873281 AND 5873381
	Index Scan using sbtest7_pkey on sbtest7  (cost=0.43..372.47 rows=94 width=125)
	  Index Cond: ((id >= 5873281) AND (id <= 5873381))

table 8 : explain SELECT id, c FROM sbtest8 WHERE id BETWEEN 5873281 AND 5873381
	Index Scan using sbtest8_pkey on sbtest8  (cost=0.43..443.16 rows=112 width=125)
	  Index Cond: ((id >= 5873281) AND (id <= 5873381))

explain: for range-notcovered :: explain SELECT id, c FROM sbtest%d WHERE id BETWEEN 5873281 AND 5873381
explain: for range-notcovered :: explain SELECT id, c FROM sbtest%d WHERE id BETWEEN 8918535 AND 8918635
for range-notcovered
table 1 : explain SELECT id, c FROM sbtest1 WHERE id BETWEEN 6818615 AND 6818715
	Index Scan using sbtest1_pkey on sbtest1  (cost=0.43..412.64 rows=104 width=125)
	  Index Cond: ((id >= 6818615) AND (id <= 6818715))

table 2 : explain SELECT id, c FROM sbtest2 WHERE id BETWEEN 6818615 AND 6818715
	Index Scan using sbtest2_pkey on sbtest2  (cost=0.43..384.11 rows=97 width=125)
	  Index Cond: ((id >= 6818615) AND (id <= 6818715))

table 3 : explain SELECT id, c FROM sbtest3 WHERE id BETWEEN 6818615 AND 6818715
	Index Scan using sbtest3_pkey on sbtest3  (cost=0.43..428.54 rows=108 width=125)
	  Index Cond: ((id >= 6818615) AND (id <= 6818715))

table 4 : explain SELECT id, c FROM sbtest4 WHERE id BETWEEN 6818615 AND 6818715
	Index Scan using sbtest4_pkey on sbtest4  (cost=0.43..399.32 rows=101 width=125)
	  Index Cond: ((id >= 6818615) AND (id <= 6818715))

table 5 : explain SELECT id, c FROM sbtest5 WHERE id BETWEEN 6818615 AND 6818715
	Index Scan using sbtest5_pkey on sbtest5  (cost=0.43..384.27 rows=97 width=125)
	  Index Cond: ((id >= 6818615) AND (id <= 6818715))

table 6 : explain SELECT id, c FROM sbtest6 WHERE id BETWEEN 6818615 AND 6818715
	Index Scan using sbtest6_pkey on sbtest6  (cost=0.43..420.36 rows=106 width=125)
	  Index Cond: ((id >= 6818615) AND (id <= 6818715))

table 7 : explain SELECT id, c FROM sbtest7 WHERE id BETWEEN 6818615 AND 6818715
	Index Scan using sbtest7_pkey on sbtest7  (cost=0.43..368.55 rows=93 width=125)
	  Index Cond: ((id >= 6818615) AND (id <= 6818715))

table 8 : explain SELECT id, c FROM sbtest8 WHERE id BETWEEN 6818615 AND 6818715
	Index Scan using sbtest8_pkey on sbtest8  (cost=0.43..423.59 rows=107 width=125)
	  Index Cond: ((id >= 6818615) AND (id <= 6818715))

explain: for range-notcovered :: explain SELECT id, c FROM sbtest%d WHERE id BETWEEN 6818615 AND 6818715
for range-notcovered
table 1 : explain SELECT id, c FROM sbtest1 WHERE id BETWEEN 3645240 AND 3645340
	Index Scan using sbtest1_pkey on sbtest1  (cost=0.43..361.62 rows=91 width=125)
	  Index Cond: ((id >= 3645240) AND (id <= 3645340))

table 2 : explain SELECT id, c FROM sbtest2 WHERE id BETWEEN 3645240 AND 3645340
	Index Scan using sbtest2_pkey on sbtest2  (cost=0.43..391.96 rows=99 width=125)
	  Index Cond: ((id >= 3645240) AND (id <= 3645340))

table 3 : explain SELECT id, c FROM sbtest3 WHERE id BETWEEN 3645240 AND 3645340
	Index Scan using sbtest3_pkey on sbtest3  (cost=0.43..432.47 rows=109 width=125)
	  Index Cond: ((id >= 3645240) AND (id <= 3645340))

table 4 : explain SELECT id, c FROM sbtest4 WHERE id BETWEEN 3645240 AND 3645340
	Index Scan using sbtest4_pkey on sbtest4  (cost=0.43..411.04 rows=104 width=125)
	  Index Cond: ((id >= 3645240) AND (id <= 3645340))

table 5 : explain SELECT id, c FROM sbtest5 WHERE id BETWEEN 3645240 AND 3645340
	Index Scan using sbtest5_pkey on sbtest5  (cost=0.43..411.67 rows=104 width=125)
	  Index Cond: ((id >= 3645240) AND (id <= 3645340))

table 6 : explain SELECT id, c FROM sbtest6 WHERE id BETWEEN 3645240 AND 3645340
	Index Scan using sbtest6_pkey on sbtest6  (cost=0.43..428.21 rows=108 width=125)
	  Index Cond: ((id >= 3645240) AND (id <= 3645340))

table 7 : explain SELECT id, c FROM sbtest7 WHERE id BETWEEN 3645240 AND 3645340
	Index Scan using sbtest7_pkey on sbtest7  (cost=0.43..392.06 rows=99 width=125)
	  Index Cond: ((id >= 3645240) AND (id <= 3645340))

table 8 : explain SELECT id, c FROM sbtest8 WHERE id BETWEEN 3645240 AND 3645340
	Index Scan using sbtest8_pkey on sbtest8  (cost=0.43..400.09 rows=101 width=125)
	  Index Cond: ((id >= 3645240) AND (id <= 3645340))

for range-notcovered
table 1 : explain SELECT id, c FROM sbtest1 WHERE id BETWEEN 5873281 AND 5873381
	Index Scan using sbtest1_pkey on sbtest1  (cost=0.43..400.87 rows=101 width=125)
	  Index Cond: ((id >= 5873281) AND (id <= 5873381))

table 2 : explain SELECT id, c FROM sbtest2 WHERE id BETWEEN 5873281 AND 5873381
	Index Scan using sbtest2_pkey on sbtest2  (cost=0.43..419.35 rows=106 width=125)
	  Index Cond: ((id >= 5873281) AND (id <= 5873381))

table 3 : explain SELECT id, c FROM sbtest3 WHERE id BETWEEN 5873281 AND 5873381
	Index Scan using sbtest3_pkey on sbtest3  (cost=0.43..373.56 rows=94 width=125)
	  Index Cond: ((id >= 5873281) AND (id <= 5873381))

table 4 : explain SELECT id, c FROM sbtest4 WHERE id BETWEEN 5873281 AND 5873381
	Index Scan using sbtest4_pkey on sbtest4  (cost=0.43..418.85 rows=106 width=125)
	  Index Cond: ((id >= 5873281) AND (id <= 5873381))

table 5 : explain SELECT id, c FROM sbtest5 WHERE id BETWEEN 5873281 AND 5873381
	Index Scan using sbtest5_pkey on sbtest5  (cost=0.43..380.36 rows=96 width=125)
	  Index Cond: ((id >= 5873281) AND (id <= 5873381))

table 6 : explain SELECT id, c FROM sbtest6 WHERE id BETWEEN 5873281 AND 5873381
	Index Scan using sbtest6_pkey on sbtest6  (cost=0.43..447.82 rows=113 width=125)
	  Index Cond: ((id >= 5873281) AND (id <= 5873381))

table 7 : explain SELECT id, c FROM sbtest7 WHERE id BETWEEN 5873281 AND 5873381
	Index Scan using sbtest7_pkey on sbtest7  (cost=0.43..372.47 rows=94 width=125)
	  Index Cond: ((id >= 5873281) AND (id <= 5873381))

table 8 : explain SELECT id, c FROM sbtest8 WHERE id BETWEEN 5873281 AND 5873381
	Index Scan using sbtest8_pkey on sbtest8  (cost=0.43..443.16 rows=112 width=125)
	  Index Cond: ((id >= 5873281) AND (id <= 5873381))

explain: for range-notcovered :: explain SELECT id, c FROM sbtest%d WHERE id BETWEEN 5873281 AND 5873381
for range-notcovered
table 1 : explain SELECT id, c FROM sbtest1 WHERE id BETWEEN 6818615 AND 6818715
	Index Scan using sbtest1_pkey on sbtest1  (cost=0.43..412.64 rows=104 width=125)
	  Index Cond: ((id >= 6818615) AND (id <= 6818715))

table 2 : explain SELECT id, c FROM sbtest2 WHERE id BETWEEN 6818615 AND 6818715
	Index Scan using sbtest2_pkey on sbtest2  (cost=0.43..384.11 rows=97 width=125)
	  Index Cond: ((id >= 6818615) AND (id <= 6818715))

table 3 : explain SELECT id, c FROM sbtest3 WHERE id BETWEEN 6818615 AND 6818715
	Index Scan using sbtest3_pkey on sbtest3  (cost=0.43..428.54 rows=108 width=125)
	  Index Cond: ((id >= 6818615) AND (id <= 6818715))

table 4 : explain SELECT id, c FROM sbtest4 WHERE id BETWEEN 6818615 AND 6818715
	Index Scan using sbtest4_pkey on sbtest4  (cost=0.43..399.32 rows=101 width=125)
	  Index Cond: ((id >= 6818615) AND (id <= 6818715))

table 5 : explain SELECT id, c FROM sbtest5 WHERE id BETWEEN 6818615 AND 6818715
	Index Scan using sbtest5_pkey on sbtest5  (cost=0.43..384.27 rows=97 width=125)
	  Index Cond: ((id >= 6818615) AND (id <= 6818715))

table 6 : explain SELECT id, c FROM sbtest6 WHERE id BETWEEN 6818615 AND 6818715
	Index Scan using sbtest6_pkey on sbtest6  (cost=0.43..420.36 rows=106 width=125)
	  Index Cond: ((id >= 6818615) AND (id <= 6818715))

table 7 : explain SELECT id, c FROM sbtest7 WHERE id BETWEEN 6818615 AND 6818715
	Index Scan using sbtest7_pkey on sbtest7  (cost=0.43..368.55 rows=93 width=125)
	  Index Cond: ((id >= 6818615) AND (id <= 6818715))

table 8 : explain SELECT id, c FROM sbtest8 WHERE id BETWEEN 6818615 AND 6818715
	Index Scan using sbtest8_pkey on sbtest8  (cost=0.43..423.59 rows=107 width=125)
	  Index Cond: ((id >= 6818615) AND (id <= 6818715))

for range-notcovered
table 1 : explain SELECT id, c FROM sbtest1 WHERE id BETWEEN 5873281 AND 5873381
	Index Scan using sbtest1_pkey on sbtest1  (cost=0.43..400.87 rows=101 width=125)
	  Index Cond: ((id >= 5873281) AND (id <= 5873381))

table 2 : explain SELECT id, c FROM sbtest2 WHERE id BETWEEN 5873281 AND 5873381
	Index Scan using sbtest2_pkey on sbtest2  (cost=0.43..419.35 rows=106 width=125)
	  Index Cond: ((id >= 5873281) AND (id <= 5873381))

table 3 : explain SELECT id, c FROM sbtest3 WHERE id BETWEEN 5873281 AND 5873381
	Index Scan using sbtest3_pkey on sbtest3  (cost=0.43..373.56 rows=94 width=125)
	  Index Cond: ((id >= 5873281) AND (id <= 5873381))

table 4 : explain SELECT id, c FROM sbtest4 WHERE id BETWEEN 5873281 AND 5873381
	Index Scan using sbtest4_pkey on sbtest4  (cost=0.43..418.85 rows=106 width=125)
	  Index Cond: ((id >= 5873281) AND (id <= 5873381))

table 5 : explain SELECT id, c FROM sbtest5 WHERE id BETWEEN 5873281 AND 5873381
	Index Scan using sbtest5_pkey on sbtest5  (cost=0.43..380.36 rows=96 width=125)
	  Index Cond: ((id >= 5873281) AND (id <= 5873381))

table 6 : explain SELECT id, c FROM sbtest6 WHERE id BETWEEN 5873281 AND 5873381
	Index Scan using sbtest6_pkey on sbtest6  (cost=0.43..447.82 rows=113 width=125)
	  Index Cond: ((id >= 5873281) AND (id <= 5873381))

table 7 : explain SELECT id, c FROM sbtest7 WHERE id BETWEEN 5873281 AND 5873381
	Index Scan using sbtest7_pkey on sbtest7  (cost=0.43..372.47 rows=94 width=125)
	  Index Cond: ((id >= 5873281) AND (id <= 5873381))

table 8 : explain SELECT id, c FROM sbtest8 WHERE id BETWEEN 5873281 AND 5873381
	Index Scan using sbtest8_pkey on sbtest8  (cost=0.43..443.16 rows=112 width=125)
	  Index Cond: ((id >= 5873281) AND (id <= 5873381))

explain: for range-notcovered :: explain SELECT id, c FROM sbtest%d WHERE id BETWEEN 5873281 AND 5873381
for range-notcovered
table 1 : explain SELECT id, c FROM sbtest1 WHERE id BETWEEN 5873281 AND 5873381
	Index Scan using sbtest1_pkey on sbtest1  (cost=0.43..400.87 rows=101 width=125)
	  Index Cond: ((id >= 5873281) AND (id <= 5873381))

table 2 : explain SELECT id, c FROM sbtest2 WHERE id BETWEEN 5873281 AND 5873381
	Index Scan using sbtest2_pkey on sbtest2  (cost=0.43..419.35 rows=106 width=125)
	  Index Cond: ((id >= 5873281) AND (id <= 5873381))

table 3 : explain SELECT id, c FROM sbtest3 WHERE id BETWEEN 5873281 AND 5873381
	Index Scan using sbtest3_pkey on sbtest3  (cost=0.43..373.56 rows=94 width=125)
	  Index Cond: ((id >= 5873281) AND (id <= 5873381))

table 4 : explain SELECT id, c FROM sbtest4 WHERE id BETWEEN 5873281 AND 5873381
	Index Scan using sbtest4_pkey on sbtest4  (cost=0.43..418.85 rows=106 width=125)
	  Index Cond: ((id >= 5873281) AND (id <= 5873381))

table 5 : explain SELECT id, c FROM sbtest5 WHERE id BETWEEN 5873281 AND 5873381
	Index Scan using sbtest5_pkey on sbtest5  (cost=0.43..380.36 rows=96 width=125)
	  Index Cond: ((id >= 5873281) AND (id <= 5873381))

table 6 : explain SELECT id, c FROM sbtest6 WHERE id BETWEEN 5873281 AND 5873381
	Index Scan using sbtest6_pkey on sbtest6  (cost=0.43..447.82 rows=113 width=125)
	  Index Cond: ((id >= 5873281) AND (id <= 5873381))

table 7 : explain SELECT id, c FROM sbtest7 WHERE id BETWEEN 5873281 AND 5873381
	Index Scan using sbtest7_pkey on sbtest7  (cost=0.43..372.47 rows=94 width=125)
	  Index Cond: ((id >= 5873281) AND (id <= 5873381))

table 8 : explain SELECT id, c FROM sbtest8 WHERE id BETWEEN 5873281 AND 5873381
	Index Scan using sbtest8_pkey on sbtest8  (cost=0.43..443.16 rows=112 width=125)
	  Index Cond: ((id >= 5873281) AND (id <= 5873381))

for range-notcovered
table 1 : explain SELECT id, c FROM sbtest1 WHERE id BETWEEN 8918535 AND 8918635
	Index Scan using sbtest1_pkey on sbtest1  (cost=0.43..342.00 rows=86 width=125)
	  Index Cond: ((id >= 8918535) AND (id <= 8918635))

table 2 : explain SELECT id, c FROM sbtest2 WHERE id BETWEEN 8918535 AND 8918635
	Index Scan using sbtest2_pkey on sbtest2  (cost=0.43..391.96 rows=99 width=125)
	  Index Cond: ((id >= 8918535) AND (id <= 8918635))

table 3 : explain SELECT id, c FROM sbtest3 WHERE id BETWEEN 8918535 AND 8918635
	Index Scan using sbtest3_pkey on sbtest3  (cost=0.43..346.08 rows=87 width=125)
	  Index Cond: ((id >= 8918535) AND (id <= 8918635))

table 4 : explain SELECT id, c FROM sbtest4 WHERE id BETWEEN 8918535 AND 8918635
	Index Scan using sbtest4_pkey on sbtest4  (cost=0.43..371.93 rows=94 width=125)
	  Index Cond: ((id >= 8918535) AND (id <= 8918635))

table 5 : explain SELECT id, c FROM sbtest5 WHERE id BETWEEN 8918535 AND 8918635
	Index Scan using sbtest5_pkey on sbtest5  (cost=0.43..380.36 rows=96 width=125)
	  Index Cond: ((id >= 8918535) AND (id <= 8918635))

table 6 : explain SELECT id, c FROM sbtest6 WHERE id BETWEEN 8918535 AND 8918635
	Index Scan using sbtest6_pkey on sbtest6  (cost=0.43..416.44 rows=105 width=125)
	  Index Cond: ((id >= 8918535) AND (id <= 8918635))

table 7 : explain SELECT id, c FROM sbtest7 WHERE id BETWEEN 8918535 AND 8918635
	Index Scan using sbtest7_pkey on sbtest7  (cost=0.43..403.80 rows=102 width=125)
	  Index Cond: ((id >= 8918535) AND (id <= 8918635))

table 8 : explain SELECT id, c FROM sbtest8 WHERE id BETWEEN 8918535 AND 8918635
	Index Scan using sbtest8_pkey on sbtest8  (cost=0.43..415.76 rows=105 width=125)
	  Index Cond: ((id >= 8918535) AND (id <= 8918635))

explain: for range-notcovered :: explain SELECT id, c FROM sbtest%d WHERE id BETWEEN 8918535 AND 8918635
for range-notcovered
table 1 : explain SELECT id, c FROM sbtest1 WHERE id BETWEEN 8918535 AND 8918635
	Index Scan using sbtest1_pkey on sbtest1  (cost=0.43..342.00 rows=86 width=125)
	  Index Cond: ((id >= 8918535) AND (id <= 8918635))

table 2 : explain SELECT id, c FROM sbtest2 WHERE id BETWEEN 8918535 AND 8918635
	Index Scan using sbtest2_pkey on sbtest2  (cost=0.43..391.96 rows=99 width=125)
	  Index Cond: ((id >= 8918535) AND (id <= 8918635))

table 3 : explain SELECT id, c FROM sbtest3 WHERE id BETWEEN 8918535 AND 8918635
	Index Scan using sbtest3_pkey on sbtest3  (cost=0.43..346.08 rows=87 width=125)
	  Index Cond: ((id >= 8918535) AND (id <= 8918635))

table 4 : explain SELECT id, c FROM sbtest4 WHERE id BETWEEN 8918535 AND 8918635
	Index Scan using sbtest4_pkey on sbtest4  (cost=0.43..371.93 rows=94 width=125)
	  Index Cond: ((id >= 8918535) AND (id <= 8918635))

table 5 : explain SELECT id, c FROM sbtest5 WHERE id BETWEEN 8918535 AND 8918635
	Index Scan using sbtest5_pkey on sbtest5  (cost=0.43..380.36 rows=96 width=125)
	  Index Cond: ((id >= 8918535) AND (id <= 8918635))

table 6 : explain SELECT id, c FROM sbtest6 WHERE id BETWEEN 8918535 AND 8918635
	Index Scan using sbtest6_pkey on sbtest6  (cost=0.43..416.44 rows=105 width=125)
	  Index Cond: ((id >= 8918535) AND (id <= 8918635))

table 7 : explain SELECT id, c FROM sbtest7 WHERE id BETWEEN 8918535 AND 8918635
	Index Scan using sbtest7_pkey on sbtest7  (cost=0.43..403.80 rows=102 width=125)
	  Index Cond: ((id >= 8918535) AND (id <= 8918635))

table 8 : explain SELECT id, c FROM sbtest8 WHERE id BETWEEN 8918535 AND 8918635
	Index Scan using sbtest8_pkey on sbtest8  (cost=0.43..415.76 rows=105 width=125)
	  Index Cond: ((id >= 8918535) AND (id <= 8918635))

explain: for range-notcovered :: explain SELECT id, c FROM sbtest%d WHERE id BETWEEN 8918535 AND 8918635
for range-notcovered
table 1 : explain SELECT id, c FROM sbtest1 WHERE id BETWEEN 8918535 AND 8918635
	Index Scan using sbtest1_pkey on sbtest1  (cost=0.43..342.00 rows=86 width=125)
	  Index Cond: ((id >= 8918535) AND (id <= 8918635))

table 2 : explain SELECT id, c FROM sbtest2 WHERE id BETWEEN 8918535 AND 8918635
	Index Scan using sbtest2_pkey on sbtest2  (cost=0.43..391.96 rows=99 width=125)
	  Index Cond: ((id >= 8918535) AND (id <= 8918635))

table 3 : explain SELECT id, c FROM sbtest3 WHERE id BETWEEN 8918535 AND 8918635
	Index Scan using sbtest3_pkey on sbtest3  (cost=0.43..346.08 rows=87 width=125)
	  Index Cond: ((id >= 8918535) AND (id <= 8918635))

table 4 : explain SELECT id, c FROM sbtest4 WHERE id BETWEEN 8918535 AND 8918635
	Index Scan using sbtest4_pkey on sbtest4  (cost=0.43..371.93 rows=94 width=125)
	  Index Cond: ((id >= 8918535) AND (id <= 8918635))

table 5 : explain SELECT id, c FROM sbtest5 WHERE id BETWEEN 8918535 AND 8918635
	Index Scan using sbtest5_pkey on sbtest5  (cost=0.43..380.36 rows=96 width=125)
	  Index Cond: ((id >= 8918535) AND (id <= 8918635))

table 6 : explain SELECT id, c FROM sbtest6 WHERE id BETWEEN 8918535 AND 8918635
	Index Scan using sbtest6_pkey on sbtest6  (cost=0.43..416.44 rows=105 width=125)
	  Index Cond: ((id >= 8918535) AND (id <= 8918635))

table 7 : explain SELECT id, c FROM sbtest7 WHERE id BETWEEN 8918535 AND 8918635
	Index Scan using sbtest7_pkey on sbtest7  (cost=0.43..403.80 rows=102 width=125)
	  Index Cond: ((id >= 8918535) AND (id <= 8918635))

table 8 : explain SELECT id, c FROM sbtest8 WHERE id BETWEEN 8918535 AND 8918635
	Index Scan using sbtest8_pkey on sbtest8  (cost=0.43..415.76 rows=105 width=125)
	  Index Cond: ((id >= 8918535) AND (id <= 8918635))

explain: for range-notcovered :: explain SELECT id, c FROM sbtest%d WHERE id BETWEEN 8918535 AND 8918635
for range-notcovered
table 1 : explain SELECT id, c FROM sbtest1 WHERE id BETWEEN 8918535 AND 8918635
	Index Scan using sbtest1_pkey on sbtest1  (cost=0.43..342.00 rows=86 width=125)
	  Index Cond: ((id >= 8918535) AND (id <= 8918635))

table 2 : explain SELECT id, c FROM sbtest2 WHERE id BETWEEN 8918535 AND 8918635
	Index Scan using sbtest2_pkey on sbtest2  (cost=0.43..391.96 rows=99 width=125)
	  Index Cond: ((id >= 8918535) AND (id <= 8918635))

table 3 : explain SELECT id, c FROM sbtest3 WHERE id BETWEEN 8918535 AND 8918635
	Index Scan using sbtest3_pkey on sbtest3  (cost=0.43..346.08 rows=87 width=125)
	  Index Cond: ((id >= 8918535) AND (id <= 8918635))

table 4 : explain SELECT id, c FROM sbtest4 WHERE id BETWEEN 8918535 AND 8918635
	Index Scan using sbtest4_pkey on sbtest4  (cost=0.43..371.93 rows=94 width=125)
	  Index Cond: ((id >= 8918535) AND (id <= 8918635))

table 5 : explain SELECT id, c FROM sbtest5 WHERE id BETWEEN 8918535 AND 8918635
	Index Scan using sbtest5_pkey on sbtest5  (cost=0.43..380.36 rows=96 width=125)
	  Index Cond: ((id >= 8918535) AND (id <= 8918635))

table 6 : explain SELECT id, c FROM sbtest6 WHERE id BETWEEN 8918535 AND 8918635
	Index Scan using sbtest6_pkey on sbtest6  (cost=0.43..416.44 rows=105 width=125)
	  Index Cond: ((id >= 8918535) AND (id <= 8918635))

table 7 : explain SELECT id, c FROM sbtest7 WHERE id BETWEEN 8918535 AND 8918635
	Index Scan using sbtest7_pkey on sbtest7  (cost=0.43..403.80 rows=102 width=125)
	  Index Cond: ((id >= 8918535) AND (id <= 8918635))

table 8 : explain SELECT id, c FROM sbtest8 WHERE id BETWEEN 8918535 AND 8918635
	Index Scan using sbtest8_pkey on sbtest8  (cost=0.43..415.76 rows=105 width=125)
	  Index Cond: ((id >= 8918535) AND (id <= 8918635))

explain: for range-notcovered :: explain SELECT id, c FROM sbtest%d WHERE id BETWEEN 8918535 AND 8918635
for range-notcovered
table 1 : explain SELECT id, c FROM sbtest1 WHERE id BETWEEN 8918535 AND 8918635
	Index Scan using sbtest1_pkey on sbtest1  (cost=0.43..342.00 rows=86 width=125)
	  Index Cond: ((id >= 8918535) AND (id <= 8918635))

table 2 : explain SELECT id, c FROM sbtest2 WHERE id BETWEEN 8918535 AND 8918635
	Index Scan using sbtest2_pkey on sbtest2  (cost=0.43..391.96 rows=99 width=125)
	  Index Cond: ((id >= 8918535) AND (id <= 8918635))

table 3 : explain SELECT id, c FROM sbtest3 WHERE id BETWEEN 8918535 AND 8918635
	Index Scan using sbtest3_pkey on sbtest3  (cost=0.43..346.08 rows=87 width=125)
	  Index Cond: ((id >= 8918535) AND (id <= 8918635))

table 4 : explain SELECT id, c FROM sbtest4 WHERE id BETWEEN 8918535 AND 8918635
	Index Scan using sbtest4_pkey on sbtest4  (cost=0.43..371.93 rows=94 width=125)
	  Index Cond: ((id >= 8918535) AND (id <= 8918635))

table 5 : explain SELECT id, c FROM sbtest5 WHERE id BETWEEN 8918535 AND 8918635
	Index Scan using sbtest5_pkey on sbtest5  (cost=0.43..380.36 rows=96 width=125)
	  Index Cond: ((id >= 8918535) AND (id <= 8918635))

table 6 : explain SELECT id, c FROM sbtest6 WHERE id BETWEEN 8918535 AND 8918635
	Index Scan using sbtest6_pkey on sbtest6  (cost=0.43..416.44 rows=105 width=125)
	  Index Cond: ((id >= 8918535) AND (id <= 8918635))

table 7 : explain SELECT id, c FROM sbtest7 WHERE id BETWEEN 8918535 AND 8918635
	Index Scan using sbtest7_pkey on sbtest7  (cost=0.43..403.80 rows=102 width=125)
	  Index Cond: ((id >= 8918535) AND (id <= 8918635))

table 8 : explain SELECT id, c FROM sbtest8 WHERE id BETWEEN 8918535 AND 8918635
	Index Scan using sbtest8_pkey on sbtest8  (cost=0.43..415.76 rows=105 width=125)
	  Index Cond: ((id >= 8918535) AND (id <= 8918635))

explain: for range-notcovered :: explain SELECT id, c FROM sbtest%d WHERE id BETWEEN 8918535 AND 8918635
for range-notcovered
table 1 : explain SELECT id, c FROM sbtest1 WHERE id BETWEEN 8918535 AND 8918635
	Index Scan using sbtest1_pkey on sbtest1  (cost=0.43..342.00 rows=86 width=125)
	  Index Cond: ((id >= 8918535) AND (id <= 8918635))

table 2 : explain SELECT id, c FROM sbtest2 WHERE id BETWEEN 8918535 AND 8918635
	Index Scan using sbtest2_pkey on sbtest2  (cost=0.43..391.96 rows=99 width=125)
	  Index Cond: ((id >= 8918535) AND (id <= 8918635))

table 3 : explain SELECT id, c FROM sbtest3 WHERE id BETWEEN 8918535 AND 8918635
	Index Scan using sbtest3_pkey on sbtest3  (cost=0.43..346.08 rows=87 width=125)
	  Index Cond: ((id >= 8918535) AND (id <= 8918635))

table 4 : explain SELECT id, c FROM sbtest4 WHERE id BETWEEN 8918535 AND 8918635
	Index Scan using sbtest4_pkey on sbtest4  (cost=0.43..371.93 rows=94 width=125)
	  Index Cond: ((id >= 8918535) AND (id <= 8918635))

table 5 : explain SELECT id, c FROM sbtest5 WHERE id BETWEEN 8918535 AND 8918635
	Index Scan using sbtest5_pkey on sbtest5  (cost=0.43..380.36 rows=96 width=125)
	  Index Cond: ((id >= 8918535) AND (id <= 8918635))

table 6 : explain SELECT id, c FROM sbtest6 WHERE id BETWEEN 8918535 AND 8918635
	Index Scan using sbtest6_pkey on sbtest6  (cost=0.43..416.44 rows=105 width=125)
	  Index Cond: ((id >= 8918535) AND (id <= 8918635))

table 7 : explain SELECT id, c FROM sbtest7 WHERE id BETWEEN 8918535 AND 8918635
	Index Scan using sbtest7_pkey on sbtest7  (cost=0.43..403.80 rows=102 width=125)
	  Index Cond: ((id >= 8918535) AND (id <= 8918635))

table 8 : explain SELECT id, c FROM sbtest8 WHERE id BETWEEN 8918535 AND 8918635
	Index Scan using sbtest8_pkey on sbtest8  (cost=0.43..415.76 rows=105 width=125)
	  Index Cond: ((id >= 8918535) AND (id <= 8918635))

explain: for range-notcovered :: explain SELECT id, c FROM sbtest%d WHERE id BETWEEN 8918535 AND 8918635
for range-notcovered
table 1 : explain SELECT id, c FROM sbtest1 WHERE id BETWEEN 8918535 AND 8918635
	Index Scan using sbtest1_pkey on sbtest1  (cost=0.43..342.00 rows=86 width=125)
	  Index Cond: ((id >= 8918535) AND (id <= 8918635))

table 2 : explain SELECT id, c FROM sbtest2 WHERE id BETWEEN 8918535 AND 8918635
	Index Scan using sbtest2_pkey on sbtest2  (cost=0.43..391.96 rows=99 width=125)
	  Index Cond: ((id >= 8918535) AND (id <= 8918635))

table 3 : explain SELECT id, c FROM sbtest3 WHERE id BETWEEN 8918535 AND 8918635
	Index Scan using sbtest3_pkey on sbtest3  (cost=0.43..346.08 rows=87 width=125)
	  Index Cond: ((id >= 8918535) AND (id <= 8918635))

table 4 : explain SELECT id, c FROM sbtest4 WHERE id BETWEEN 8918535 AND 8918635
	Index Scan using sbtest4_pkey on sbtest4  (cost=0.43..371.93 rows=94 width=125)
	  Index Cond: ((id >= 8918535) AND (id <= 8918635))

table 5 : explain SELECT id, c FROM sbtest5 WHERE id BETWEEN 8918535 AND 8918635
	Index Scan using sbtest5_pkey on sbtest5  (cost=0.43..380.36 rows=96 width=125)
	  Index Cond: ((id >= 8918535) AND (id <= 8918635))

table 6 : explain SELECT id, c FROM sbtest6 WHERE id BETWEEN 8918535 AND 8918635
	Index Scan using sbtest6_pkey on sbtest6  (cost=0.43..416.44 rows=105 width=125)
	  Index Cond: ((id >= 8918535) AND (id <= 8918635))

table 7 : explain SELECT id, c FROM sbtest7 WHERE id BETWEEN 8918535 AND 8918635
	Index Scan using sbtest7_pkey on sbtest7  (cost=0.43..403.80 rows=102 width=125)
	  Index Cond: ((id >= 8918535) AND (id <= 8918635))

table 8 : explain SELECT id, c FROM sbtest8 WHERE id BETWEEN 8918535 AND 8918635
	Index Scan using sbtest8_pkey on sbtest8  (cost=0.43..415.76 rows=105 width=125)
	  Index Cond: ((id >= 8918535) AND (id <= 8918635))

explain: for range-notcovered :: explain SELECT id, c FROM sbtest%d WHERE id BETWEEN 8918535 AND 8918635
for range-notcovered
table 1 : explain SELECT id, c FROM sbtest1 WHERE id BETWEEN 8918535 AND 8918635
	Index Scan using sbtest1_pkey on sbtest1  (cost=0.43..342.00 rows=86 width=125)
	  Index Cond: ((id >= 8918535) AND (id <= 8918635))

table 2 : explain SELECT id, c FROM sbtest2 WHERE id BETWEEN 8918535 AND 8918635
	Index Scan using sbtest2_pkey on sbtest2  (cost=0.43..391.96 rows=99 width=125)
	  Index Cond: ((id >= 8918535) AND (id <= 8918635))

table 3 : explain SELECT id, c FROM sbtest3 WHERE id BETWEEN 8918535 AND 8918635
	Index Scan using sbtest3_pkey on sbtest3  (cost=0.43..346.08 rows=87 width=125)
	  Index Cond: ((id >= 8918535) AND (id <= 8918635))

table 4 : explain SELECT id, c FROM sbtest4 WHERE id BETWEEN 8918535 AND 8918635
	Index Scan using sbtest4_pkey on sbtest4  (cost=0.43..371.93 rows=94 width=125)
	  Index Cond: ((id >= 8918535) AND (id <= 8918635))

table 5 : explain SELECT id, c FROM sbtest5 WHERE id BETWEEN 8918535 AND 8918635
	Index Scan using sbtest5_pkey on sbtest5  (cost=0.43..380.36 rows=96 width=125)
	  Index Cond: ((id >= 8918535) AND (id <= 8918635))

table 6 : explain SELECT id, c FROM sbtest6 WHERE id BETWEEN 8918535 AND 8918635
	Index Scan using sbtest6_pkey on sbtest6  (cost=0.43..416.44 rows=105 width=125)
	  Index Cond: ((id >= 8918535) AND (id <= 8918635))

table 7 : explain SELECT id, c FROM sbtest7 WHERE id BETWEEN 8918535 AND 8918635
	Index Scan using sbtest7_pkey on sbtest7  (cost=0.43..403.80 rows=102 width=125)
	  Index Cond: ((id >= 8918535) AND (id <= 8918635))

table 8 : explain SELECT id, c FROM sbtest8 WHERE id BETWEEN 8918535 AND 8918635
	Index Scan using sbtest8_pkey on sbtest8  (cost=0.43..415.76 rows=105 width=125)
	  Index Cond: ((id >= 8918535) AND (id <= 8918635))

Threads started!

Warming up for 5 seconds...

SQL statistics:
    queries performed:
        read:                            120190086
        write:                           0
        other:                           0
        total:                           120190086
    transactions:                        120190086 (190776.78 per sec.)
    queries:                             120190086 (190776.78 per sec.)
    ignored errors:                      0      (0.00 per sec.)
    reconnects:                          0      (0.00 per sec.)

Throughput:
    events/s (eps):                      190776.7822
    time elapsed:                        630.0061s
    total number of events:              120190086

Latency (ms):
         min:                                    0.07
         avg:                                    0.21
         max:                                   36.14
         95th percentile:                        0.22
         sum:                             25150463.16

Threads fairness:
    events (avg/stddev):           3004748.3000/11577.01
    execution time (avg/stddev):   628.7616/0.05

