LUA_PATH=/home/mdcallag/git/mytools/bench/sysbench.lua/lua/?.lua /home/mdcallag/git/mytools/bench/sysbench.lua/lua/sysbench --db-driver=pgsql --range-size=100 --table-size=10000000 --tables=8 --threads=40 --events=0 --warmup-time=5 --time=630 --pgsql_conn_id=true /home/mdcallag/git/mytools/bench/sysbench.lua/lua/oltp_range_covered.lua run --pgsql-user=root --pgsql-password=pw --pgsql-host=127.0.0.1 --pgsql-db=ib --rand-type=uniform --random-points=100 --skip-trx --on-id=false --covered=false
48 CPUs
sysbench 1.1.0-9072687 (using bundled LuaJIT 2.1.0-beta3)

Running the test with following options:
Number of threads: 40
Warmup time: 5s
Initializing random number generator from current time


Initializing worker threads...

explain: for range-notcovered :: explain SELECT k, c FROM sbtest%d WHERE k BETWEEN 7177792 AND 7177892
explain: for range-notcovered :: explain SELECT k, c FROM sbtest%d WHERE k BETWEEN 991256 AND 991356explain: for range-notcovered :: explain SELECT k, c FROM sbtest%d WHERE k BETWEEN 5559874 AND 5559974
explain: for range-notcovered :: explain SELECT k, c FROM sbtest%d WHERE k BETWEEN 6399033 AND 6399133
explain: for range-notcovered :: explain SELECT k, c FROM sbtest%d WHERE k BETWEEN 6268598 AND 6268698
explain: for range-notcovered :: explain SELECT k, c FROM sbtest%d WHERE k BETWEEN 8893029 AND 8893129
explain: for range-notcovered :: explain SELECT k, c FROM sbtest%d WHERE k BETWEEN 8314358 AND 8314458
explain: for range-notcovered :: explain SELECT k, c FROM sbtest%d WHERE k BETWEEN 4339301 AND 4339401
explain: for range-notcovered :: explain SELECT k, c FROM sbtest%d WHERE k BETWEEN 5367980 AND 5368080
explain: for range-notcovered :: explain SELECT k, c FROM sbtest%d WHERE k BETWEEN 8430366 AND 8430466

explain: for range-notcovered :: explain SELECT k, c FROM sbtest%d WHERE k BETWEEN 6094280 AND 6094380
explain: for range-notcovered :: explain SELECT k, c FROM sbtest%d WHERE k BETWEEN 2768573 AND 2768673
explain: for range-notcovered :: explain SELECT k, c FROM sbtest%d WHERE k BETWEEN 4856690 AND 4856790
explain: for range-notcovered :: explain SELECT k, c FROM sbtest%d WHERE k BETWEEN 6515265 AND 6515365
explain: for range-notcovered :: explain SELECT k, c FROM sbtest%d WHERE k BETWEEN 2619940 AND 2620040
explain: for range-notcovered :: explain SELECT k, c FROM sbtest%d WHERE k BETWEEN 4305027 AND 4305127
explain: for range-notcovered :: explain SELECT k, c FROM sbtest%d WHERE k BETWEEN 5520301 AND 5520401
explain: for range-notcovered :: explain SELECT k, c FROM sbtest%d WHERE k BETWEEN 3928970 AND 3929070
explain: for range-notcovered :: explain SELECT k, c FROM sbtest%d WHERE k BETWEEN 4644618 AND 4644718
explain: for range-notcovered :: explain SELECT k, c FROM sbtest%d WHERE k BETWEEN 1754192 AND 1754292
explain: for range-notcovered :: explain SELECT k, c FROM sbtest%d WHERE k BETWEEN 3509700 AND 3509800
explain: for range-notcovered :: explain SELECT k, c FROM sbtest%d WHERE k BETWEEN 6392831 AND 6392931
explain: for range-notcovered :: explain SELECT k, c FROM sbtest%d WHERE k BETWEEN 5256120 AND 5256220
explain: for range-notcovered :: explain SELECT k, c FROM sbtest%d WHERE k BETWEEN 4998269 AND 4998369
explain: for range-notcovered :: explain SELECT k, c FROM sbtest%d WHERE k BETWEEN 5001658 AND 5001758
explain: for range-notcovered :: explain SELECT k, c FROM sbtest%d WHERE k BETWEEN 3057141 AND 3057241
explain: for range-notcovered :: explain SELECT k, c FROM sbtest%d WHERE k BETWEEN 6238724 AND 6238824
for range-notcovered
table 1 : explain SELECT k, c FROM sbtest1 WHERE k BETWEEN 7177792 AND 7177892
	Bitmap Heap Scan on sbtest1  (cost=5.42..385.92 rows=96 width=125)
	  Recheck Cond: ((k >= 7177792) AND (k <= 7177892))
	  ->  Bitmap Index Scan on k_1  (cost=0.00..5.39 rows=96 width=0)
	        Index Cond: ((k >= 7177792) AND (k <= 7177892))

table 2 : explain SELECT k, c FROM sbtest2 WHERE k BETWEEN 7177792 AND 7177892
	Bitmap Heap Scan on sbtest2  (cost=5.48..409.41 rows=102 width=125)
	  Recheck Cond: ((k >= 7177792) AND (k <= 7177892))
	  ->  Bitmap Index Scan on k_2  (cost=0.00..5.45 rows=102 width=0)
	        Index Cond: ((k >= 7177792) AND (k <= 7177892))

table 3 : explain SELECT k, c FROM sbtest3 WHERE k BETWEEN 7177792 AND 7177892
	Bitmap Heap Scan on sbtest3  (cost=5.50..417.28 rows=104 width=125)
	  Recheck Cond: ((k >= 7177792) AND (k <= 7177892))
	  ->  Bitmap Index Scan on k_3  (cost=0.00..5.47 rows=104 width=0)
	        Index Cond: ((k >= 7177792) AND (k <= 7177892))

table 4 : explain SELECT k, c FROM sbtest4 WHERE k BETWEEN 7177792 AND 7177892
	Bitmap Heap Scan on sbtest4  (cost=5.47..405.50 rows=101 width=125)
	  Recheck Cond: ((k >= 7177792) AND (k <= 7177892))
	  ->  Bitmap Index Scan on k_4  (cost=0.00..5.44 rows=101 width=0)
	        Index Cond: ((k >= 7177792) AND (k <= 7177892))

table 5 : explain SELECT k, c FROM sbtest5 WHERE k BETWEEN 7177792 AND 7177892
	Bitmap Heap Scan on sbtest5  (cost=5.48..409.49 rows=102 width=125)
	  Recheck Cond: ((k >= 7177792) AND (k <= 7177892))
	  ->  Bitmap Index Scan on k_5  (cost=0.00..5.45 rows=102 width=0)
	        Index Cond: ((k >= 7177792) AND (k <= 7177892))

table 6 : explain SELECT k, c FROM sbtest6 WHERE k BETWEEN 7177792 AND 7177892
	Bitmap Heap Scan on sbtest6  (cost=5.50..417.33 rows=104 width=125)
	  Recheck Cond: ((k >= 7177792) AND (k <= 7177892))
	  ->  Bitmap Index Scan on k_6  (cost=0.00..5.47 rows=104 width=0)
	        Index Cond: ((k >= 7177792) AND (k <= 7177892))

table 7 : explain SELECT k, c FROM sbtest7 WHERE k BETWEEN 7177792 AND 7177892
	Bitmap Heap Scan on sbtest7  (cost=5.48..409.47 rows=102 width=125)
	  Recheck Cond: ((k >= 7177792) AND (k <= 7177892))
	  ->  Bitmap Index Scan on k_7  (cost=0.00..5.45 rows=102 width=0)
	        Index Cond: ((k >= 7177792) AND (k <= 7177892))

table 8 : explain SELECT k, c FROM sbtest8 WHERE k BETWEEN 7177792 AND 7177892
	Bitmap Heap Scan on sbtest8  (cost=5.46..401.60 rows=100 width=125)
	  Recheck Cond: ((k >= 7177792) AND (k <= 7177892))
	  ->  Bitmap Index Scan on k_8  (cost=0.00..5.43 rows=100 width=0)
	        Index Cond: ((k >= 7177792) AND (k <= 7177892))

explain: for range-notcovered :: explain SELECT k, c FROM sbtest%d WHERE k BETWEEN 7177792 AND 7177892
explain: for range-notcovered :: explain SELECT k, c FROM sbtest%d WHERE k BETWEEN 3577665 AND 3577765
explain: for range-notcovered :: explain SELECT k, c FROM sbtest%d WHERE k BETWEEN 5460229 AND 5460329
for range-notcovered
table 1 : explain SELECT k, c FROM sbtest1 WHERE k BETWEEN 4856690 AND 4856790
	Bitmap Heap Scan on sbtest1  (cost=5.49..413.54 rows=103 width=125)
	  Recheck Cond: ((k >= 4856690) AND (k <= 4856790))
	  ->  Bitmap Index Scan on k_1  (cost=0.00..5.46 rows=103 width=0)
	        Index Cond: ((k >= 4856690) AND (k <= 4856790))

table 2 : explain SELECT k, c FROM sbtest2 WHERE k BETWEEN 4856690 AND 4856790
	Bitmap Heap Scan on sbtest2  (cost=5.54..433.06 rows=108 width=125)
	  Recheck Cond: ((k >= 4856690) AND (k <= 4856790))
	  ->  Bitmap Index Scan on k_2  (cost=0.00..5.51 rows=108 width=0)
	        Index Cond: ((k >= 4856690) AND (k <= 4856790))

table 3 : explain SELECT k, c FROM sbtest3 WHERE k BETWEEN 4856690 AND 4856790
	Bitmap Heap Scan on sbtest3  (cost=5.50..417.28 rows=104 width=125)
	  Recheck Cond: ((k >= 4856690) AND (k <= 4856790))
	  ->  Bitmap Index Scan on k_3  (cost=0.00..5.47 rows=104 width=0)
	        Index Cond: ((k >= 4856690) AND (k <= 4856790))

table 4 : explain SELECT k, c FROM sbtest4 WHERE k BETWEEN 4856690 AND 4856790
	Bitmap Heap Scan on sbtest4  (cost=5.51..421.27 rows=105 width=125)
	  Recheck Cond: ((k >= 4856690) AND (k <= 4856790))
	  ->  Bitmap Index Scan on k_4  (cost=0.00..5.48 rows=105 width=0)
	        Index Cond: ((k >= 4856690) AND (k <= 4856790))

table 5 : explain SELECT k, c FROM sbtest5 WHERE k BETWEEN 4856690 AND 4856790
	Bitmap Heap Scan on sbtest5  (cost=5.45..397.65 rows=99 width=125)
	  Recheck Cond: ((k >= 4856690) AND (k <= 4856790))
	  ->  Bitmap Index Scan on k_5  (cost=0.00..5.42 rows=99 width=0)
	        Index Cond: ((k >= 4856690) AND (k <= 4856790))

table 6 : explain SELECT k, c FROM sbtest6 WHERE k BETWEEN 4856690 AND 4856790
	Bitmap Heap Scan on sbtest6  (cost=5.40..377.88 rows=94 width=125)
	  Recheck Cond: ((k >= 4856690) AND (k <= 4856790))
	  ->  Bitmap Index Scan on k_6  (cost=0.00..5.38 rows=94 width=0)
	        Index Cond: ((k >= 4856690) AND (k <= 4856790))

table 7 : explain SELECT k, c FROM sbtest7 WHERE k BETWEEN 4856690 AND 4856790
	Bitmap Heap Scan on sbtest7  (cost=5.57..444.95 rows=111 width=125)
	  Recheck Cond: ((k >= 4856690) AND (k <= 4856790))
	  ->  Bitmap Index Scan on k_7  (cost=0.00..5.54 rows=111 width=0)
	        Index Cond: ((k >= 4856690) AND (k <= 4856790))

table 8 : explain SELECT k, c FROM sbtest8 WHERE k BETWEEN 4856690 AND 4856790
	Bitmap Heap Scan on sbtest8  (cost=5.69..488.29 rows=122 width=125)
	  Recheck Cond: ((k >= 4856690) AND (k <= 4856790))
	  ->  Bitmap Index Scan on k_8  (cost=0.00..5.65 rows=122 width=0)
	        Index Cond: ((k >= 4856690) AND (k <= 4856790))

explain: for range-notcovered :: explain SELECT k, c FROM sbtest%d WHERE k BETWEEN 2389879 AND 2389979
for range-notcovered
table 1 : explain SELECT k, c FROM sbtest1 WHERE k BETWEEN 6399033 AND 6399133
	Bitmap Heap Scan on sbtest1  (cost=5.41..381.97 rows=95 width=125)
	  Recheck Cond: ((k >= 6399033) AND (k <= 6399133))
	  ->  Bitmap Index Scan on k_1  (cost=0.00..5.38 rows=95 width=0)
	        Index Cond: ((k >= 6399033) AND (k <= 6399133))

table 2 : explain SELECT k, c FROM sbtest2 WHERE k BETWEEN 6399033 AND 6399133
	Bitmap Heap Scan on sbtest2  (cost=5.49..413.35 rows=103 width=125)
	  Recheck Cond: ((k >= 6399033) AND (k <= 6399133))
	  ->  Bitmap Index Scan on k_2  (cost=0.00..5.46 rows=103 width=0)
	        Index Cond: ((k >= 6399033) AND (k <= 6399133))

table 3 : explain SELECT k, c FROM sbtest3 WHERE k BETWEEN 6399033 AND 6399133
	Bitmap Heap Scan on sbtest3  (cost=5.46..401.51 rows=100 width=125)
	  Recheck Cond: ((k >= 6399033) AND (k <= 6399133))
	  ->  Bitmap Index Scan on k_3  (cost=0.00..5.43 rows=100 width=0)
	        Index Cond: ((k >= 6399033) AND (k <= 6399133))

table 4 : explain SELECT k, c FROM sbtest4 WHERE k BETWEEN 6399033 AND 6399133
	Bitmap Heap Scan on sbtest4  (cost=5.55..437.04 rows=109 width=125)
	  Recheck Cond: ((k >= 6399033) AND (k <= 6399133))
	  ->  Bitmap Index Scan on k_4  (cost=0.00..5.52 rows=109 width=0)
	        Index Cond: ((k >= 6399033) AND (k <= 6399133))

table 5 : explain SELECT k, c FROM sbtest5 WHERE k BETWEEN 6399033 AND 6399133
	Bitmap Heap Scan on sbtest5  (cost=5.40..377.92 rows=94 width=125)
	  Recheck Cond: ((k >= 6399033) AND (k <= 6399133))
	  ->  Bitmap Index Scan on k_5  (cost=0.00..5.38 rows=94 width=0)
	        Index Cond: ((k >= 6399033) AND (k <= 6399133))

table 6 : explain SELECT k, c FROM sbtest6 WHERE k BETWEEN 6399033 AND 6399133
	Bitmap Heap Scan on sbtest6  (cost=5.55..437.04 rows=109 width=125)
	  Recheck Cond: ((k >= 6399033) AND (k <= 6399133))
	  ->  Bitmap Index Scan on k_6  (cost=0.00..5.52 rows=109 width=0)
	        Index Cond: ((k >= 6399033) AND (k <= 6399133))

table 7 : explain SELECT k, c FROM sbtest7 WHERE k BETWEEN 6399033 AND 6399133
	Bitmap Heap Scan on sbtest7  (cost=5.54..433.13 rows=108 width=125)
	  Recheck Cond: ((k >= 6399033) AND (k <= 6399133))
	  ->  Bitmap Index Scan on k_7  (cost=0.00..5.51 rows=108 width=0)
	        Index Cond: ((k >= 6399033) AND (k <= 6399133))

table 8 : explain SELECT k, c FROM sbtest8 WHERE k BETWEEN 6399033 AND 6399133
	Bitmap Heap Scan on sbtest8  (cost=5.49..413.43 rows=103 width=125)
	  Recheck Cond: ((k >= 6399033) AND (k <= 6399133))
	  ->  Bitmap Index Scan on k_8  (cost=0.00..5.46 rows=103 width=0)
	        Index Cond: ((k >= 6399033) AND (k <= 6399133))

for range-notcovered
table 1 : explain SELECT k, c FROM sbtest1 WHERE k BETWEEN 5367980 AND 5368080
	Bitmap Heap Scan on sbtest1  (cost=5.46..401.71 rows=100 width=125)
	  Recheck Cond: ((k >= 5367980) AND (k <= 5368080))
	  ->  Bitmap Index Scan on k_1  (cost=0.00..5.43 rows=100 width=0)
	        Index Cond: ((k >= 5367980) AND (k <= 5368080))

table 2 : explain SELECT k, c FROM sbtest2 WHERE k BETWEEN 5367980 AND 5368080
	Bitmap Heap Scan on sbtest2  (cost=5.48..409.41 rows=102 width=125)
	  Recheck Cond: ((k >= 5367980) AND (k <= 5368080))
	  ->  Bitmap Index Scan on k_2  (cost=0.00..5.45 rows=102 width=0)
	        Index Cond: ((k >= 5367980) AND (k <= 5368080))

table 3 : explain SELECT k, c FROM sbtest3 WHERE k BETWEEN 5367980 AND 5368080
	Bitmap Heap Scan on sbtest3  (cost=5.56..440.93 rows=110 width=125)
	  Recheck Cond: ((k >= 5367980) AND (k <= 5368080))
	  ->  Bitmap Index Scan on k_3  (cost=0.00..5.53 rows=110 width=0)
	        Index Cond: ((k >= 5367980) AND (k <= 5368080))

table 4 : explain SELECT k, c FROM sbtest4 WHERE k BETWEEN 5367980 AND 5368080
	Bitmap Heap Scan on sbtest4  (cost=5.47..405.50 rows=101 width=125)
	  Recheck Cond: ((k >= 5367980) AND (k <= 5368080))
	  ->  Bitmap Index Scan on k_4  (cost=0.00..5.44 rows=101 width=0)
	        Index Cond: ((k >= 5367980) AND (k <= 5368080))

table 5 : explain SELECT k, c FROM sbtest5 WHERE k BETWEEN 5367980 AND 5368080
	Bitmap Heap Scan on sbtest5  (cost=5.44..393.71 rows=98 width=125)
	  Recheck Cond: ((k >= 5367980) AND (k <= 5368080))
	  ->  Bitmap Index Scan on k_5  (cost=0.00..5.42 rows=98 width=0)
	        Index Cond: ((k >= 5367980) AND (k <= 5368080))

table 6 : explain SELECT k, c FROM sbtest6 WHERE k BETWEEN 5367980 AND 5368080
	Bitmap Heap Scan on sbtest6  (cost=5.57..444.92 rows=111 width=125)
	  Recheck Cond: ((k >= 5367980) AND (k <= 5368080))
	  ->  Bitmap Index Scan on k_6  (cost=0.00..5.54 rows=111 width=0)
	        Index Cond: ((k >= 5367980) AND (k <= 5368080))

table 7 : explain SELECT k, c FROM sbtest7 WHERE k BETWEEN 5367980 AND 5368080
	Bitmap Heap Scan on sbtest7  (cost=5.42..385.80 rows=96 width=125)
	  Recheck Cond: ((k >= 5367980) AND (k <= 5368080))
	  ->  Bitmap Index Scan on k_7  (cost=0.00..5.39 rows=96 width=0)
	        Index Cond: ((k >= 5367980) AND (k <= 5368080))

table 8 : explain SELECT k, c FROM sbtest8 WHERE k BETWEEN 5367980 AND 5368080
	Bitmap Heap Scan on sbtest8  (cost=5.53..429.21 rows=107 width=125)
	  Recheck Cond: ((k >= 5367980) AND (k <= 5368080))
	  ->  Bitmap Index Scan on k_8  (cost=0.00..5.50 rows=107 width=0)
	        Index Cond: ((k >= 5367980) AND (k <= 5368080))

for range-notcovered
table 1 : explain SELECT k, c FROM sbtest1 WHERE k BETWEEN 2768573 AND 2768673
	Bitmap Heap Scan on sbtest1  (cost=5.38..370.12 rows=92 width=125)
	  Recheck Cond: ((k >= 2768573) AND (k <= 2768673))
	  ->  Bitmap Index Scan on k_1  (cost=0.00..5.35 rows=92 width=0)
	        Index Cond: ((k >= 2768573) AND (k <= 2768673))

table 2 : explain SELECT k, c FROM sbtest2 WHERE k BETWEEN 2768573 AND 2768673
	Bitmap Heap Scan on sbtest2  (cost=5.50..417.29 rows=104 width=125)
	  Recheck Cond: ((k >= 2768573) AND (k <= 2768673))
	  ->  Bitmap Index Scan on k_2  (cost=0.00..5.47 rows=104 width=0)
	        Index Cond: ((k >= 2768573) AND (k <= 2768673))

table 3 : explain SELECT k, c FROM sbtest3 WHERE k BETWEEN 2768573 AND 2768673
	Bitmap Heap Scan on sbtest3  (cost=5.54..433.05 rows=108 width=125)
	  Recheck Cond: ((k >= 2768573) AND (k <= 2768673))
	  ->  Bitmap Index Scan on k_3  (cost=0.00..5.51 rows=108 width=0)
	        Index Cond: ((k >= 2768573) AND (k <= 2768673))

table 4 : explain SELECT k, c FROM sbtest4 WHERE k BETWEEN 2768573 AND 2768673
	Bitmap Heap Scan on sbtest4  (cost=5.55..437.04 rows=109 width=125)
	  Recheck Cond: ((k >= 2768573) AND (k <= 2768673))
	  ->  Bitmap Index Scan on k_4  (cost=0.00..5.52 rows=109 width=0)
	        Index Cond: ((k >= 2768573) AND (k <= 2768673))

table 5 : explain SELECT k, c FROM sbtest5 WHERE k BETWEEN 2768573 AND 2768673
	Bitmap Heap Scan on sbtest5  (cost=5.53..429.20 rows=107 width=125)
	  Recheck Cond: ((k >= 2768573) AND (k <= 2768673))
	  ->  Bitmap Index Scan on k_5  (cost=0.00..5.50 rows=107 width=0)
	        Index Cond: ((k >= 2768573) AND (k <= 2768673))

table 6 : explain SELECT k, c FROM sbtest6 WHERE k BETWEEN 2768573 AND 2768673
	Bitmap Heap Scan on sbtest6  (cost=5.57..444.92 rows=111 width=125)
	  Recheck Cond: ((k >= 2768573) AND (k <= 2768673))
	  ->  Bitmap Index Scan on k_6  (cost=0.00..5.54 rows=111 width=0)
	        Index Cond: ((k >= 2768573) AND (k <= 2768673))

table 7 : explain SELECT k, c FROM sbtest7 WHERE k BETWEEN 2768573 AND 2768673
	Bitmap Heap Scan on sbtest7  (cost=5.51..421.30 rows=105 width=125)
	  Recheck Cond: ((k >= 2768573) AND (k <= 2768673))
	  ->  Bitmap Index Scan on k_7  (cost=0.00..5.48 rows=105 width=0)
	        Index Cond: ((k >= 2768573) AND (k <= 2768673))

table 8 : explain SELECT k, c FROM sbtest8 WHERE k BETWEEN 2768573 AND 2768673
	Bitmap Heap Scan on sbtest8  (cost=5.49..413.43 rows=103 width=125)
	  Recheck Cond: ((k >= 2768573) AND (k <= 2768673))
	  ->  Bitmap Index Scan on k_8  (cost=0.00..5.46 rows=103 width=0)
	        Index Cond: ((k >= 2768573) AND (k <= 2768673))

explain: for range-notcovered :: explain SELECT k, c FROM sbtest%d WHERE k BETWEEN 4856690 AND 4856790
explain: for range-notcovered :: explain SELECT k, c FROM sbtest%d WHERE k BETWEEN 6399033 AND 6399133
explain: for range-notcovered :: explain SELECT k, c FROM sbtest%d WHERE k BETWEEN 5367980 AND 5368080
for range-notcovered
table 1 : explain SELECT k, c FROM sbtest1 WHERE k BETWEEN 8893029 AND 8893129
	Bitmap Heap Scan on sbtest1  (cost=5.50..417.49 rows=104 width=125)
	  Recheck Cond: ((k >= 8893029) AND (k <= 8893129))
	  ->  Bitmap Index Scan on k_1  (cost=0.00..5.47 rows=104 width=0)
	        Index Cond: ((k >= 8893029) AND (k <= 8893129))

table 2 : explain SELECT k, c FROM sbtest2 WHERE k BETWEEN 8893029 AND 8893129
	Bitmap Heap Scan on sbtest2  (cost=5.46..401.52 rows=100 width=125)
	  Recheck Cond: ((k >= 8893029) AND (k <= 8893129))
	  ->  Bitmap Index Scan on k_2  (cost=0.00..5.43 rows=100 width=0)
	        Index Cond: ((k >= 8893029) AND (k <= 8893129))

table 3 : explain SELECT k, c FROM sbtest3 WHERE k BETWEEN 8893029 AND 8893129
	Bitmap Heap Scan on sbtest3  (cost=5.51..421.22 rows=105 width=125)
	  Recheck Cond: ((k >= 8893029) AND (k <= 8893129))
	  ->  Bitmap Index Scan on k_3  (cost=0.00..5.48 rows=105 width=0)
	        Index Cond: ((k >= 8893029) AND (k <= 8893129))

table 4 : explain SELECT k, c FROM sbtest4 WHERE k BETWEEN 8893029 AND 8893129
	Bitmap Heap Scan on sbtest4  (cost=5.42..385.77 rows=96 width=125)
	  Recheck Cond: ((k >= 8893029) AND (k <= 8893129))
	  ->  Bitmap Index Scan on k_4  (cost=0.00..5.39 rows=96 width=0)
	        Index Cond: ((k >= 8893029) AND (k <= 8893129))

table 5 : explain SELECT k, c FROM sbtest5 WHERE k BETWEEN 8893029 AND 8893129
	Bitmap Heap Scan on sbtest5  (cost=5.43..389.76 rows=97 width=125)
	  Recheck Cond: ((k >= 8893029) AND (k <= 8893129))
	  ->  Bitmap Index Scan on k_5  (cost=0.00..5.40 rows=97 width=0)
	        Index Cond: ((k >= 8893029) AND (k <= 8893129))

table 6 : explain SELECT k, c FROM sbtest6 WHERE k BETWEEN 8893029 AND 8893129
	Bitmap Heap Scan on sbtest6  (cost=5.47..405.50 rows=101 width=125)
	  Recheck Cond: ((k >= 8893029) AND (k <= 8893129))
	  ->  Bitmap Index Scan on k_6  (cost=0.00..5.44 rows=101 width=0)
	        Index Cond: ((k >= 8893029) AND (k <= 8893129))

table 7 : explain SELECT k, c FROM sbtest7 WHERE k BETWEEN 8893029 AND 8893129
	Bitmap Heap Scan on sbtest7  (cost=5.51..421.30 rows=105 width=125)
	  Recheck Cond: ((k >= 8893029) AND (k <= 8893129))
	  ->  Bitmap Index Scan on k_7  (cost=0.00..5.48 rows=105 width=0)
	        Index Cond: ((k >= 8893029) AND (k <= 8893129))

table 8 : explain SELECT k, c FROM sbtest8 WHERE k BETWEEN 8893029 AND 8893129
	Bitmap Heap Scan on sbtest8  (cost=5.52..425.26 rows=106 width=125)
	  Recheck Cond: ((k >= 8893029) AND (k <= 8893129))
	  ->  Bitmap Index Scan on k_8  (cost=0.00..5.50 rows=106 width=0)
	        Index Cond: ((k >= 8893029) AND (k <= 8893129))

explain: for range-notcovered :: explain SELECT k, c FROM sbtest%d WHERE k BETWEEN 2768573 AND 2768673
for range-notcovered
table 1 : explain SELECT k, c FROM sbtest1 WHERE k BETWEEN 6094280 AND 6094380
	Bitmap Heap Scan on sbtest1  (cost=5.53..429.32 rows=107 width=125)
	  Recheck Cond: ((k >= 6094280) AND (k <= 6094380))
	  ->  Bitmap Index Scan on k_1  (cost=0.00..5.50 rows=107 width=0)
	        Index Cond: ((k >= 6094280) AND (k <= 6094380))

table 2 : explain SELECT k, c FROM sbtest2 WHERE k BETWEEN 6094280 AND 6094380
	Bitmap Heap Scan on sbtest2  (cost=5.51..421.23 rows=105 width=125)
	  Recheck Cond: ((k >= 6094280) AND (k <= 6094380))
	  ->  Bitmap Index Scan on k_2  (cost=0.00..5.48 rows=105 width=0)
	        Index Cond: ((k >= 6094280) AND (k <= 6094380))

table 3 : explain SELECT k, c FROM sbtest3 WHERE k BETWEEN 6094280 AND 6094380
	Bitmap Heap Scan on sbtest3  (cost=5.45..397.57 rows=99 width=125)
	  Recheck Cond: ((k >= 6094280) AND (k <= 6094380))
	  ->  Bitmap Index Scan on k_3  (cost=0.00..5.42 rows=99 width=0)
	        Index Cond: ((k >= 6094280) AND (k <= 6094380))

table 4 : explain SELECT k, c FROM sbtest4 WHERE k BETWEEN 6094280 AND 6094380
	Bitmap Heap Scan on sbtest4  (cost=5.50..417.33 rows=104 width=125)
	  Recheck Cond: ((k >= 6094280) AND (k <= 6094380))
	  ->  Bitmap Index Scan on k_4  (cost=0.00..5.47 rows=104 width=0)
	        Index Cond: ((k >= 6094280) AND (k <= 6094380))

table 5 : explain SELECT k, c FROM sbtest5 WHERE k BETWEEN 6094280 AND 6094380
	Bitmap Heap Scan on sbtest5  (cost=5.48..409.49 rows=102 width=125)
	  Recheck Cond: ((k >= 6094280) AND (k <= 6094380))
	  ->  Bitmap Index Scan on k_5  (cost=0.00..5.45 rows=102 width=0)
	        Index Cond: ((k >= 6094280) AND (k <= 6094380))

table 6 : explain SELECT k, c FROM sbtest6 WHERE k BETWEEN 6094280 AND 6094380
	Bitmap Heap Scan on sbtest6  (cost=5.53..429.16 rows=107 width=125)
	  Recheck Cond: ((k >= 6094280) AND (k <= 6094380))
	  ->  Bitmap Index Scan on k_6  (cost=0.00..5.50 rows=107 width=0)
	        Index Cond: ((k >= 6094280) AND (k <= 6094380))

table 7 : explain SELECT k, c FROM sbtest7 WHERE k BETWEEN 6094280 AND 6094380
	Bitmap Heap Scan on sbtest7  (cost=5.56..441.01 rows=110 width=125)
	  Recheck Cond: ((k >= 6094280) AND (k <= 6094380))
	  ->  Bitmap Index Scan on k_7  (cost=0.00..5.53 rows=110 width=0)
	        Index Cond: ((k >= 6094280) AND (k <= 6094380))

table 8 : explain SELECT k, c FROM sbtest8 WHERE k BETWEEN 6094280 AND 6094380
	Bitmap Heap Scan on sbtest8  (cost=5.37..366.08 rows=91 width=125)
	  Recheck Cond: ((k >= 6094280) AND (k <= 6094380))
	  ->  Bitmap Index Scan on k_8  (cost=0.00..5.34 rows=91 width=0)
	        Index Cond: ((k >= 6094280) AND (k <= 6094380))

explain: for range-notcovered :: explain SELECT k, c FROM sbtest%d WHERE k BETWEEN 8893029 AND 8893129
explain: for range-notcovered :: explain SELECT k, c FROM sbtest%d WHERE k BETWEEN 6094280 AND 6094380
for range-notcovered
table 1 : explain SELECT k, c FROM sbtest1 WHERE k BETWEEN 8314358 AND 8314458
	Bitmap Heap Scan on sbtest1  (cost=5.46..401.71 rows=100 width=125)
	  Recheck Cond: ((k >= 8314358) AND (k <= 8314458))
	  ->  Bitmap Index Scan on k_1  (cost=0.00..5.43 rows=100 width=0)
	        Index Cond: ((k >= 8314358) AND (k <= 8314458))

table 2 : explain SELECT k, c FROM sbtest2 WHERE k BETWEEN 8314358 AND 8314458
	Bitmap Heap Scan on sbtest2  (cost=5.47..405.46 rows=101 width=125)
	  Recheck Cond: ((k >= 8314358) AND (k <= 8314458))
	  ->  Bitmap Index Scan on k_2  (cost=0.00..5.44 rows=101 width=0)
	        Index Cond: ((k >= 8314358) AND (k <= 8314458))

table 3 : explain SELECT k, c FROM sbtest3 WHERE k BETWEEN 8314358 AND 8314458
	Bitmap Heap Scan on sbtest3  (cost=5.49..413.34 rows=103 width=125)
	  Recheck Cond: ((k >= 8314358) AND (k <= 8314458))
	  ->  Bitmap Index Scan on k_3  (cost=0.00..5.46 rows=103 width=0)
	        Index Cond: ((k >= 8314358) AND (k <= 8314458))

table 4 : explain SELECT k, c FROM sbtest4 WHERE k BETWEEN 8314358 AND 8314458
	Bitmap Heap Scan on sbtest4  (cost=5.55..437.04 rows=109 width=125)
	  Recheck Cond: ((k >= 8314358) AND (k <= 8314458))
	  ->  Bitmap Index Scan on k_4  (cost=0.00..5.52 rows=109 width=0)
	        Index Cond: ((k >= 8314358) AND (k <= 8314458))

table 5 : explain SELECT k, c FROM sbtest5 WHERE k BETWEEN 8314358 AND 8314458
	Bitmap Heap Scan on sbtest5  (cost=5.50..417.37 rows=104 width=125)
	  Recheck Cond: ((k >= 8314358) AND (k <= 8314458))
	  ->  Bitmap Index Scan on k_5  (cost=0.00..5.47 rows=104 width=0)
	        Index Cond: ((k >= 8314358) AND (k <= 8314458))

table 6 : explain SELECT k, c FROM sbtest6 WHERE k BETWEEN 8314358 AND 8314458
	Bitmap Heap Scan on sbtest6  (cost=5.46..401.56 rows=100 width=125)
	  Recheck Cond: ((k >= 8314358) AND (k <= 8314458))
	  ->  Bitmap Index Scan on k_6  (cost=0.00..5.43 rows=100 width=0)
	        Index Cond: ((k >= 8314358) AND (k <= 8314458))

table 7 : explain SELECT k, c FROM sbtest7 WHERE k BETWEEN 8314358 AND 8314458
	Bitmap Heap Scan on sbtest7  (cost=5.46..401.58 rows=100 width=125)
	  Recheck Cond: ((k >= 8314358) AND (k <= 8314458))
	  ->  Bitmap Index Scan on k_7  (cost=0.00..5.43 rows=100 width=0)
	        Index Cond: ((k >= 8314358) AND (k <= 8314458))

table 8 : explain SELECT k, c FROM sbtest8 WHERE k BETWEEN 8314358 AND 8314458
	Bitmap Heap Scan on sbtest8  (cost=5.40..377.92 rows=94 width=125)
	  Recheck Cond: ((k >= 8314358) AND (k <= 8314458))
	  ->  Bitmap Index Scan on k_8  (cost=0.00..5.38 rows=94 width=0)
	        Index Cond: ((k >= 8314358) AND (k <= 8314458))

for range-notcovered
table 1 : explain SELECT k, c FROM sbtest1 WHERE k BETWEEN 6515265 AND 6515365
	Bitmap Heap Scan on sbtest1  (cost=5.52..425.38 rows=106 width=125)
	  Recheck Cond: ((k >= 6515265) AND (k <= 6515365))
	  ->  Bitmap Index Scan on k_1  (cost=0.00..5.50 rows=106 width=0)
	        Index Cond: ((k >= 6515265) AND (k <= 6515365))

table 2 : explain SELECT k, c FROM sbtest2 WHERE k BETWEEN 6515265 AND 6515365
	Bitmap Heap Scan on sbtest2  (cost=5.44..393.63 rows=98 width=125)
	  Recheck Cond: ((k >= 6515265) AND (k <= 6515365))
	  ->  Bitmap Index Scan on k_2  (cost=0.00..5.42 rows=98 width=0)
	        Index Cond: ((k >= 6515265) AND (k <= 6515365))

table 3 : explain SELECT k, c FROM sbtest3 WHERE k BETWEEN 6515265 AND 6515365
	Bitmap Heap Scan on sbtest3  (cost=5.51..421.22 rows=105 width=125)
	  Recheck Cond: ((k >= 6515265) AND (k <= 6515365))
	  ->  Bitmap Index Scan on k_3  (cost=0.00..5.48 rows=105 width=0)
	        Index Cond: ((k >= 6515265) AND (k <= 6515365))

table 4 : explain SELECT k, c FROM sbtest4 WHERE k BETWEEN 6515265 AND 6515365
	Bitmap Heap Scan on sbtest4  (cost=5.46..401.55 rows=100 width=125)
	  Recheck Cond: ((k >= 6515265) AND (k <= 6515365))
	  ->  Bitmap Index Scan on k_4  (cost=0.00..5.43 rows=100 width=0)
	        Index Cond: ((k >= 6515265) AND (k <= 6515365))

table 5 : explain SELECT k, c FROM sbtest5 WHERE k BETWEEN 6515265 AND 6515365
	Bitmap Heap Scan on sbtest5  (cost=5.41..381.87 rows=95 width=125)
	  Recheck Cond: ((k >= 6515265) AND (k <= 6515365))
	  ->  Bitmap Index Scan on k_5  (cost=0.00..5.38 rows=95 width=0)
	        Index Cond: ((k >= 6515265) AND (k <= 6515365))

table 6 : explain SELECT k, c FROM sbtest6 WHERE k BETWEEN 6515265 AND 6515365
	Bitmap Heap Scan on sbtest6  (cost=5.46..401.56 rows=100 width=125)
	  Recheck Cond: ((k >= 6515265) AND (k <= 6515365))
	  ->  Bitmap Index Scan on k_6  (cost=0.00..5.43 rows=100 width=0)
	        Index Cond: ((k >= 6515265) AND (k <= 6515365))

table 7 : explain SELECT k, c FROM sbtest7 WHERE k BETWEEN 6515265 AND 6515365
	Bitmap Heap Scan on sbtest7  (cost=5.43..389.75 rows=97 width=125)
	  Recheck Cond: ((k >= 6515265) AND (k <= 6515365))
	  ->  Bitmap Index Scan on k_7  (cost=0.00..5.40 rows=97 width=0)
	        Index Cond: ((k >= 6515265) AND (k <= 6515365))

table 8 : explain SELECT k, c FROM sbtest8 WHERE k BETWEEN 6515265 AND 6515365
	Bitmap Heap Scan on sbtest8  (cost=5.45..397.66 rows=99 width=125)
	  Recheck Cond: ((k >= 6515265) AND (k <= 6515365))
	  ->  Bitmap Index Scan on k_8  (cost=0.00..5.42 rows=99 width=0)
	        Index Cond: ((k >= 6515265) AND (k <= 6515365))

for range-notcovered
table 1 : explain SELECT k, c FROM sbtest1 WHERE k BETWEEN 7177792 AND 7177892
	Bitmap Heap Scan on sbtest1  (cost=5.42..385.92 rows=96 width=125)
	  Recheck Cond: ((k >= 7177792) AND (k <= 7177892))
	  ->  Bitmap Index Scan on k_1  (cost=0.00..5.39 rows=96 width=0)
	        Index Cond: ((k >= 7177792) AND (k <= 7177892))

table 2 : explain SELECT k, c FROM sbtest2 WHERE k BETWEEN 7177792 AND 7177892
	Bitmap Heap Scan on sbtest2  (cost=5.48..409.41 rows=102 width=125)
	  Recheck Cond: ((k >= 7177792) AND (k <= 7177892))
	  ->  Bitmap Index Scan on k_2  (cost=0.00..5.45 rows=102 width=0)
	        Index Cond: ((k >= 7177792) AND (k <= 7177892))

table 3 : explain SELECT k, c FROM sbtest3 WHERE k BETWEEN 7177792 AND 7177892
	Bitmap Heap Scan on sbtest3  (cost=5.50..417.28 rows=104 width=125)
	  Recheck Cond: ((k >= 7177792) AND (k <= 7177892))
	  ->  Bitmap Index Scan on k_3  (cost=0.00..5.47 rows=104 width=0)
	        Index Cond: ((k >= 7177792) AND (k <= 7177892))

table 4 : explain SELECT k, c FROM sbtest4 WHERE k BETWEEN 7177792 AND 7177892
	Bitmap Heap Scan on sbtest4  (cost=5.47..405.50 rows=101 width=125)
	  Recheck Cond: ((k >= 7177792) AND (k <= 7177892))
	  ->  Bitmap Index Scan on k_4  (cost=0.00..5.44 rows=101 width=0)
	        Index Cond: ((k >= 7177792) AND (k <= 7177892))

table 5 : explain SELECT k, c FROM sbtest5 WHERE k BETWEEN 7177792 AND 7177892
	Bitmap Heap Scan on sbtest5  (cost=5.48..409.49 rows=102 width=125)
	  Recheck Cond: ((k >= 7177792) AND (k <= 7177892))
	  ->  Bitmap Index Scan on k_5  (cost=0.00..5.45 rows=102 width=0)
	        Index Cond: ((k >= 7177792) AND (k <= 7177892))

table 6 : explain SELECT k, c FROM sbtest6 WHERE k BETWEEN 7177792 AND 7177892
	Bitmap Heap Scan on sbtest6  (cost=5.50..417.33 rows=104 width=125)
	  Recheck Cond: ((k >= 7177792) AND (k <= 7177892))
	  ->  Bitmap Index Scan on k_6  (cost=0.00..5.47 rows=104 width=0)
	        Index Cond: ((k >= 7177792) AND (k <= 7177892))

table 7 : explain SELECT k, c FROM sbtest7 WHERE k BETWEEN 7177792 AND 7177892
	Bitmap Heap Scan on sbtest7  (cost=5.48..409.47 rows=102 width=125)
	  Recheck Cond: ((k >= 7177792) AND (k <= 7177892))
	  ->  Bitmap Index Scan on k_7  (cost=0.00..5.45 rows=102 width=0)
	        Index Cond: ((k >= 7177792) AND (k <= 7177892))

table 8 : explain SELECT k, c FROM sbtest8 WHERE k BETWEEN 7177792 AND 7177892
	Bitmap Heap Scan on sbtest8  (cost=5.46..401.60 rows=100 width=125)
	  Recheck Cond: ((k >= 7177792) AND (k <= 7177892))
	  ->  Bitmap Index Scan on k_8  (cost=0.00..5.43 rows=100 width=0)
	        Index Cond: ((k >= 7177792) AND (k <= 7177892))

explain: for range-notcovered :: explain SELECT k, c FROM sbtest%d WHERE k BETWEEN 5715146 AND 5715246
explain: for range-notcovered :: explain SELECT k, c FROM sbtest%d WHERE k BETWEEN 8314358 AND 8314458explain: for range-notcovered :: explain SELECT k, c FROM sbtest%d WHERE k BETWEEN 6515265 AND 6515365
explain: for range-notcovered :: explain SELECT k, c FROM sbtest%d WHERE k BETWEEN 7177792 AND 7177892
explain: for range-notcovered :: explain SELECT k, c FROM sbtest%d WHERE k BETWEEN 5658378 AND 5658478

for range-notcovered
table 1 : explain SELECT k, c FROM sbtest1 WHERE k BETWEEN 5559874 AND 5559974
	Bitmap Heap Scan on sbtest1  (cost=5.48..409.60 rows=102 width=125)
	  Recheck Cond: ((k >= 5559874) AND (k <= 5559974))
	  ->  Bitmap Index Scan on k_1  (cost=0.00..5.45 rows=102 width=0)
	        Index Cond: ((k >= 5559874) AND (k <= 5559974))

table 2 : explain SELECT k, c FROM sbtest2 WHERE k BETWEEN 5559874 AND 5559974
	Bitmap Heap Scan on sbtest2  (cost=5.40..377.85 rows=94 width=125)
	  Recheck Cond: ((k >= 5559874) AND (k <= 5559974))
	  ->  Bitmap Index Scan on k_2  (cost=0.00..5.38 rows=94 width=0)
	        Index Cond: ((k >= 5559874) AND (k <= 5559974))

table 3 : explain SELECT k, c FROM sbtest3 WHERE k BETWEEN 5559874 AND 5559974
	Bitmap Heap Scan on sbtest3  (cost=5.48..409.40 rows=102 width=125)
	  Recheck Cond: ((k >= 5559874) AND (k <= 5559974))
	  ->  Bitmap Index Scan on k_3  (cost=0.00..5.45 rows=102 width=0)
	        Index Cond: ((k >= 5559874) AND (k <= 5559974))

table 4 : explain SELECT k, c FROM sbtest4 WHERE k BETWEEN 5559874 AND 5559974
	Bitmap Heap Scan on sbtest4  (cost=5.52..425.21 rows=106 width=125)
	  Recheck Cond: ((k >= 5559874) AND (k <= 5559974))
	  ->  Bitmap Index Scan on k_4  (cost=0.00..5.50 rows=106 width=0)
	        Index Cond: ((k >= 5559874) AND (k <= 5559974))

table 5 : explain SELECT k, c FROM sbtest5 WHERE k BETWEEN 5559874 AND 5559974
	Bitmap Heap Scan on sbtest5  (cost=5.49..413.43 rows=103 width=125)
	  Recheck Cond: ((k >= 5559874) AND (k <= 5559974))
	  ->  Bitmap Index Scan on k_5  (cost=0.00..5.46 rows=103 width=0)
	        Index Cond: ((k >= 5559874) AND (k <= 5559974))

table 6 : explain SELECT k, c FROM sbtest6 WHERE k BETWEEN 5559874 AND 5559974
	Bitmap Heap Scan on sbtest6  (cost=5.53..429.16 rows=107 width=125)
	  Recheck Cond: ((k >= 5559874) AND (k <= 5559974))
	  ->  Bitmap Index Scan on k_6  (cost=0.00..5.50 rows=107 width=0)
	        Index Cond: ((k >= 5559874) AND (k <= 5559974))

table 7 : explain SELECT k, c FROM sbtest7 WHERE k BETWEEN 5559874 AND 5559974
	Bitmap Heap Scan on sbtest7  (cost=5.68..484.34 rows=121 width=125)
	  Recheck Cond: ((k >= 5559874) AND (k <= 5559974))
	  ->  Bitmap Index Scan on k_7  (cost=0.00..5.64 rows=121 width=0)
	        Index Cond: ((k >= 5559874) AND (k <= 5559974))

table 8 : explain SELECT k, c FROM sbtest8 WHERE k BETWEEN 5559874 AND 5559974
	Bitmap Heap Scan on sbtest8  (cost=5.45..397.66 rows=99 width=125)
	  Recheck Cond: ((k >= 5559874) AND (k <= 5559974))
	  ->  Bitmap Index Scan on k_8  (cost=0.00..5.42 rows=99 width=0)
	        Index Cond: ((k >= 5559874) AND (k <= 5559974))

explain: for range-notcovered :: explain SELECT k, c FROM sbtest%d WHERE k BETWEEN 5984951 AND 5985051
explain: for range-notcovered :: explain SELECT k, c FROM sbtest%d WHERE k BETWEEN 5559874 AND 5559974
for range-notcovered
table 1 : explain SELECT k, c FROM sbtest1 WHERE k BETWEEN 4339301 AND 4339401
	Bitmap Heap Scan on sbtest1  (cost=5.42..385.92 rows=96 width=125)
	  Recheck Cond: ((k >= 4339301) AND (k <= 4339401))
	  ->  Bitmap Index Scan on k_1  (cost=0.00..5.39 rows=96 width=0)
	        Index Cond: ((k >= 4339301) AND (k <= 4339401))

table 2 : explain SELECT k, c FROM sbtest2 WHERE k BETWEEN 4339301 AND 4339401
	Bitmap Heap Scan on sbtest2  (cost=5.47..405.46 rows=101 width=125)
	  Recheck Cond: ((k >= 4339301) AND (k <= 4339401))
	  ->  Bitmap Index Scan on k_2  (cost=0.00..5.44 rows=101 width=0)
	        Index Cond: ((k >= 4339301) AND (k <= 4339401))

table 3 : explain SELECT k, c FROM sbtest3 WHERE k BETWEEN 4339301 AND 4339401
	Bitmap Heap Scan on sbtest3  (cost=5.58..448.80 rows=112 width=125)
	  Recheck Cond: ((k >= 4339301) AND (k <= 4339401))
	  ->  Bitmap Index Scan on k_3  (cost=0.00..5.55 rows=112 width=0)
	        Index Cond: ((k >= 4339301) AND (k <= 4339401))

table 4 : explain SELECT k, c FROM sbtest4 WHERE k BETWEEN 4339301 AND 4339401
	Bitmap Heap Scan on sbtest4  (cost=5.56..440.98 rows=110 width=125)
	  Recheck Cond: ((k >= 4339301) AND (k <= 4339401))
	  ->  Bitmap Index Scan on k_4  (cost=0.00..5.53 rows=110 width=0)
	        Index Cond: ((k >= 4339301) AND (k <= 4339401))

table 5 : explain SELECT k, c FROM sbtest5 WHERE k BETWEEN 4339301 AND 4339401
	Bitmap Heap Scan on sbtest5  (cost=5.43..389.76 rows=97 width=125)
	  Recheck Cond: ((k >= 4339301) AND (k <= 4339401))
	  ->  Bitmap Index Scan on k_5  (cost=0.00..5.40 rows=97 width=0)
	        Index Cond: ((k >= 4339301) AND (k <= 4339401))

table 6 : explain SELECT k, c FROM sbtest6 WHERE k BETWEEN 4339301 AND 4339401
	Bitmap Heap Scan on sbtest6  (cost=5.52..425.21 rows=106 width=125)
	  Recheck Cond: ((k >= 4339301) AND (k <= 4339401))
	  ->  Bitmap Index Scan on k_6  (cost=0.00..5.50 rows=106 width=0)
	        Index Cond: ((k >= 4339301) AND (k <= 4339401))

table 7 : explain SELECT k, c FROM sbtest7 WHERE k BETWEEN 4339301 AND 4339401
	Bitmap Heap Scan on sbtest7  (cost=5.36..362.12 rows=90 width=125)
	  Recheck Cond: ((k >= 4339301) AND (k <= 4339401))
	  ->  Bitmap Index Scan on k_7  (cost=0.00..5.33 rows=90 width=0)
	        Index Cond: ((k >= 4339301) AND (k <= 4339401))

table 8 : explain SELECT k, c FROM sbtest8 WHERE k BETWEEN 4339301 AND 4339401
	Bitmap Heap Scan on sbtest8  (cost=5.51..421.32 rows=105 width=125)
	  Recheck Cond: ((k >= 4339301) AND (k <= 4339401))
	  ->  Bitmap Index Scan on k_8  (cost=0.00..5.48 rows=105 width=0)
	        Index Cond: ((k >= 4339301) AND (k <= 4339401))

for range-notcovered
table 1 : explain SELECT k, c FROM sbtest1 WHERE k BETWEEN 2619940 AND 2620040
	Bitmap Heap Scan on sbtest1  (cost=5.49..413.54 rows=103 width=125)
	  Recheck Cond: ((k >= 2619940) AND (k <= 2620040))
	  ->  Bitmap Index Scan on k_1  (cost=0.00..5.46 rows=103 width=0)
	        Index Cond: ((k >= 2619940) AND (k <= 2620040))

table 2 : explain SELECT k, c FROM sbtest2 WHERE k BETWEEN 2619940 AND 2620040
	Bitmap Heap Scan on sbtest2  (cost=5.55..437.00 rows=109 width=125)
	  Recheck Cond: ((k >= 2619940) AND (k <= 2620040))
	  ->  Bitmap Index Scan on k_2  (cost=0.00..5.52 rows=109 width=0)
	        Index Cond: ((k >= 2619940) AND (k <= 2620040))

table 3 : explain SELECT k, c FROM sbtest3 WHERE k BETWEEN 2619940 AND 2620040
	Bitmap Heap Scan on sbtest3  (cost=5.48..409.40 rows=102 width=125)
	  Recheck Cond: ((k >= 2619940) AND (k <= 2620040))
	  ->  Bitmap Index Scan on k_3  (cost=0.00..5.45 rows=102 width=0)
	        Index Cond: ((k >= 2619940) AND (k <= 2620040))

table 4 : explain SELECT k, c FROM sbtest4 WHERE k BETWEEN 2619940 AND 2620040
	Bitmap Heap Scan on sbtest4  (cost=5.39..373.94 rows=93 width=125)
	  Recheck Cond: ((k >= 2619940) AND (k <= 2620040))
	  ->  Bitmap Index Scan on k_4  (cost=0.00..5.36 rows=93 width=0)
	        Index Cond: ((k >= 2619940) AND (k <= 2620040))

table 5 : explain SELECT k, c FROM sbtest5 WHERE k BETWEEN 2619940 AND 2620040
	Bitmap Heap Scan on sbtest5  (cost=5.43..389.76 rows=97 width=125)
	  Recheck Cond: ((k >= 2619940) AND (k <= 2620040))
	  ->  Bitmap Index Scan on k_5  (cost=0.00..5.40 rows=97 width=0)
	        Index Cond: ((k >= 2619940) AND (k <= 2620040))

table 6 : explain SELECT k, c FROM sbtest6 WHERE k BETWEEN 2619940 AND 2620040
	Bitmap Heap Scan on sbtest6  (cost=5.51..421.27 rows=105 width=125)
	  Recheck Cond: ((k >= 2619940) AND (k <= 2620040))
	  ->  Bitmap Index Scan on k_6  (cost=0.00..5.48 rows=105 width=0)
	        Index Cond: ((k >= 2619940) AND (k <= 2620040))

table 7 : explain SELECT k, c FROM sbtest7 WHERE k BETWEEN 2619940 AND 2620040
	Bitmap Heap Scan on sbtest7  (cost=5.56..441.01 rows=110 width=125)
	  Recheck Cond: ((k >= 2619940) AND (k <= 2620040))
	  ->  Bitmap Index Scan on k_7  (cost=0.00..5.53 rows=110 width=0)
	        Index Cond: ((k >= 2619940) AND (k <= 2620040))

table 8 : explain SELECT k, c FROM sbtest8 WHERE k BETWEEN 2619940 AND 2620040
	Bitmap Heap Scan on sbtest8  (cost=5.55..437.09 rows=109 width=125)
	  Recheck Cond: ((k >= 2619940) AND (k <= 2620040))
	  ->  Bitmap Index Scan on k_8  (cost=0.00..5.52 rows=109 width=0)
	        Index Cond: ((k >= 2619940) AND (k <= 2620040))

for range-notcovered
table 1 : explain SELECT k, c FROM sbtest1 WHERE k BETWEEN 991256 AND 991356
	Bitmap Heap Scan on sbtest1  (cost=5.44..393.81 rows=98 width=125)
	  Recheck Cond: ((k >= 991256) AND (k <= 991356))
	  ->  Bitmap Index Scan on k_1  (cost=0.00..5.42 rows=98 width=0)
	        Index Cond: ((k >= 991256) AND (k <= 991356))

table 2 : explain SELECT k, c FROM sbtest2 WHERE k BETWEEN 991256 AND 991356
	Bitmap Heap Scan on sbtest2  (cost=5.48..409.41 rows=102 width=125)
	  Recheck Cond: ((k >= 991256) AND (k <= 991356))
	  ->  Bitmap Index Scan on k_2  (cost=0.00..5.45 rows=102 width=0)
	        Index Cond: ((k >= 991256) AND (k <= 991356))

table 3 : explain SELECT k, c FROM sbtest3 WHERE k BETWEEN 991256 AND 991356
	Bitmap Heap Scan on sbtest3  (cost=5.39..373.90 rows=93 width=125)
	  Recheck Cond: ((k >= 991256) AND (k <= 991356))
	  ->  Bitmap Index Scan on k_3  (cost=0.00..5.36 rows=93 width=0)
	        Index Cond: ((k >= 991256) AND (k <= 991356))

table 4 : explain SELECT k, c FROM sbtest4 WHERE k BETWEEN 991256 AND 991356
	Bitmap Heap Scan on sbtest4  (cost=5.52..425.21 rows=106 width=125)
	  Recheck Cond: ((k >= 991256) AND (k <= 991356))
	  ->  Bitmap Index Scan on k_4  (cost=0.00..5.50 rows=106 width=0)
	        Index Cond: ((k >= 991256) AND (k <= 991356))

table 5 : explain SELECT k, c FROM sbtest5 WHERE k BETWEEN 991256 AND 991356
	Bitmap Heap Scan on sbtest5  (cost=5.47..405.54 rows=101 width=125)
	  Recheck Cond: ((k >= 991256) AND (k <= 991356))
	  ->  Bitmap Index Scan on k_5  (cost=0.00..5.44 rows=101 width=0)
	        Index Cond: ((k >= 991256) AND (k <= 991356))

table 6 : explain SELECT k, c FROM sbtest6 WHERE k BETWEEN 991256 AND 991356
	Bitmap Heap Scan on sbtest6  (cost=5.39..373.94 rows=93 width=125)
	  Recheck Cond: ((k >= 991256) AND (k <= 991356))
	  ->  Bitmap Index Scan on k_6  (cost=0.00..5.36 rows=93 width=0)
	        Index Cond: ((k >= 991256) AND (k <= 991356))

table 7 : explain SELECT k, c FROM sbtest7 WHERE k BETWEEN 991256 AND 991356
	Bitmap Heap Scan on sbtest7  (cost=5.39..373.96 rows=93 width=125)
	  Recheck Cond: ((k >= 991256) AND (k <= 991356))
	  ->  Bitmap Index Scan on k_7  (cost=0.00..5.36 rows=93 width=0)
	        Index Cond: ((k >= 991256) AND (k <= 991356))

table 8 : explain SELECT k, c FROM sbtest8 WHERE k BETWEEN 991256 AND 991356
	Bitmap Heap Scan on sbtest8  (cost=5.52..425.26 rows=106 width=125)
	  Recheck Cond: ((k >= 991256) AND (k <= 991356))
	  ->  Bitmap Index Scan on k_8  (cost=0.00..5.50 rows=106 width=0)
	        Index Cond: ((k >= 991256) AND (k <= 991356))

explain: for range-notcovered :: explain SELECT k, c FROM sbtest%d WHERE k BETWEEN 4339301 AND 4339401
explain: for range-notcovered :: explain SELECT k, c FROM sbtest%d WHERE k BETWEEN 2619940 AND 2620040
explain: for range-notcovered :: explain SELECT k, c FROM sbtest%d WHERE k BETWEEN 3253896 AND 3253996
for range-notcovered
table 1 : explain SELECT k, c FROM sbtest1 WHERE k BETWEEN 4856690 AND 4856790
	Bitmap Heap Scan on sbtest1  (cost=5.49..413.54 rows=103 width=125)
	  Recheck Cond: ((k >= 4856690) AND (k <= 4856790))
	  ->  Bitmap Index Scan on k_1  (cost=0.00..5.46 rows=103 width=0)
	        Index Cond: ((k >= 4856690) AND (k <= 4856790))

table 2 : explain SELECT k, c FROM sbtest2 WHERE k BETWEEN 4856690 AND 4856790
	Bitmap Heap Scan on sbtest2  (cost=5.54..433.06 rows=108 width=125)
	  Recheck Cond: ((k >= 4856690) AND (k <= 4856790))
	  ->  Bitmap Index Scan on k_2  (cost=0.00..5.51 rows=108 width=0)
	        Index Cond: ((k >= 4856690) AND (k <= 4856790))

table 3 : explain SELECT k, c FROM sbtest3 WHERE k BETWEEN 4856690 AND 4856790
	Bitmap Heap Scan on sbtest3  (cost=5.50..417.28 rows=104 width=125)
	  Recheck Cond: ((k >= 4856690) AND (k <= 4856790))
	  ->  Bitmap Index Scan on k_3  (cost=0.00..5.47 rows=104 width=0)
	        Index Cond: ((k >= 4856690) AND (k <= 4856790))

table 4 : explain SELECT k, c FROM sbtest4 WHERE k BETWEEN 4856690 AND 4856790
	Bitmap Heap Scan on sbtest4  (cost=5.51..421.27 rows=105 width=125)
	  Recheck Cond: ((k >= 4856690) AND (k <= 4856790))
	  ->  Bitmap Index Scan on k_4  (cost=0.00..5.48 rows=105 width=0)
	        Index Cond: ((k >= 4856690) AND (k <= 4856790))

table 5 : explain SELECT k, c FROM sbtest5 WHERE k BETWEEN 4856690 AND 4856790
	Bitmap Heap Scan on sbtest5  (cost=5.45..397.65 rows=99 width=125)
	  Recheck Cond: ((k >= 4856690) AND (k <= 4856790))
	  ->  Bitmap Index Scan on k_5  (cost=0.00..5.42 rows=99 width=0)
	        Index Cond: ((k >= 4856690) AND (k <= 4856790))

table 6 : explain SELECT k, c FROM sbtest6 WHERE k BETWEEN 4856690 AND 4856790
	Bitmap Heap Scan on sbtest6  (cost=5.40..377.88 rows=94 width=125)
	  Recheck Cond: ((k >= 4856690) AND (k <= 4856790))
	  ->  Bitmap Index Scan on k_6  (cost=0.00..5.38 rows=94 width=0)
	        Index Cond: ((k >= 4856690) AND (k <= 4856790))

table 7 : explain SELECT k, c FROM sbtest7 WHERE k BETWEEN 4856690 AND 4856790
	Bitmap Heap Scan on sbtest7  (cost=5.57..444.95 rows=111 width=125)
	  Recheck Cond: ((k >= 4856690) AND (k <= 4856790))
	  ->  Bitmap Index Scan on k_7  (cost=0.00..5.54 rows=111 width=0)
	        Index Cond: ((k >= 4856690) AND (k <= 4856790))

table 8 : explain SELECT k, c FROM sbtest8 WHERE k BETWEEN 4856690 AND 4856790
	Bitmap Heap Scan on sbtest8  (cost=5.69..488.29 rows=122 width=125)
	  Recheck Cond: ((k >= 4856690) AND (k <= 4856790))
	  ->  Bitmap Index Scan on k_8  (cost=0.00..5.65 rows=122 width=0)
	        Index Cond: ((k >= 4856690) AND (k <= 4856790))

for range-notcovered
table 1 : explain SELECT k, c FROM sbtest1 WHERE k BETWEEN 6399033 AND 6399133
	Bitmap Heap Scan on sbtest1  (cost=5.41..381.97 rows=95 width=125)
	  Recheck Cond: ((k >= 6399033) AND (k <= 6399133))
	  ->  Bitmap Index Scan on k_1  (cost=0.00..5.38 rows=95 width=0)
	        Index Cond: ((k >= 6399033) AND (k <= 6399133))

table 2 : explain SELECT k, c FROM sbtest2 WHERE k BETWEEN 6399033 AND 6399133
	Bitmap Heap Scan on sbtest2  (cost=5.49..413.35 rows=103 width=125)
	  Recheck Cond: ((k >= 6399033) AND (k <= 6399133))
	  ->  Bitmap Index Scan on k_2  (cost=0.00..5.46 rows=103 width=0)
	        Index Cond: ((k >= 6399033) AND (k <= 6399133))

table 3 : explain SELECT k, c FROM sbtest3 WHERE k BETWEEN 6399033 AND 6399133
	Bitmap Heap Scan on sbtest3  (cost=5.46..401.51 rows=100 width=125)
	  Recheck Cond: ((k >= 6399033) AND (k <= 6399133))
	  ->  Bitmap Index Scan on k_3  (cost=0.00..5.43 rows=100 width=0)
	        Index Cond: ((k >= 6399033) AND (k <= 6399133))

table 4 : explain SELECT k, c FROM sbtest4 WHERE k BETWEEN 6399033 AND 6399133
	Bitmap Heap Scan on sbtest4  (cost=5.55..437.04 rows=109 width=125)
	  Recheck Cond: ((k >= 6399033) AND (k <= 6399133))
	  ->  Bitmap Index Scan on k_4  (cost=0.00..5.52 rows=109 width=0)
	        Index Cond: ((k >= 6399033) AND (k <= 6399133))

table 5 : explain SELECT k, c FROM sbtest5 WHERE k BETWEEN 6399033 AND 6399133
	Bitmap Heap Scan on sbtest5  (cost=5.40..377.92 rows=94 width=125)
	  Recheck Cond: ((k >= 6399033) AND (k <= 6399133))
	  ->  Bitmap Index Scan on k_5  (cost=0.00..5.38 rows=94 width=0)
	        Index Cond: ((k >= 6399033) AND (k <= 6399133))

table 6 : explain SELECT k, c FROM sbtest6 WHERE k BETWEEN 6399033 AND 6399133
	Bitmap Heap Scan on sbtest6  (cost=5.55..437.04 rows=109 width=125)
	  Recheck Cond: ((k >= 6399033) AND (k <= 6399133))
	  ->  Bitmap Index Scan on k_6  (cost=0.00..5.52 rows=109 width=0)
	        Index Cond: ((k >= 6399033) AND (k <= 6399133))

table 7 : explain SELECT k, c FROM sbtest7 WHERE k BETWEEN 6399033 AND 6399133
	Bitmap Heap Scan on sbtest7  (cost=5.54..433.13 rows=108 width=125)
	  Recheck Cond: ((k >= 6399033) AND (k <= 6399133))
	  ->  Bitmap Index Scan on k_7  (cost=0.00..5.51 rows=108 width=0)
	        Index Cond: ((k >= 6399033) AND (k <= 6399133))

table 8 : explain SELECT k, c FROM sbtest8 WHERE k BETWEEN 6399033 AND 6399133
	Bitmap Heap Scan on sbtest8  (cost=5.49..413.43 rows=103 width=125)
	  Recheck Cond: ((k >= 6399033) AND (k <= 6399133))
	  ->  Bitmap Index Scan on k_8  (cost=0.00..5.46 rows=103 width=0)
	        Index Cond: ((k >= 6399033) AND (k <= 6399133))

for range-notcovered
table 1 : explain SELECT k, c FROM sbtest1 WHERE k BETWEEN 5367980 AND 5368080
	Bitmap Heap Scan on sbtest1  (cost=5.46..401.71 rows=100 width=125)
	  Recheck Cond: ((k >= 5367980) AND (k <= 5368080))
	  ->  Bitmap Index Scan on k_1  (cost=0.00..5.43 rows=100 width=0)
	        Index Cond: ((k >= 5367980) AND (k <= 5368080))

table 2 : explain SELECT k, c FROM sbtest2 WHERE k BETWEEN 5367980 AND 5368080
	Bitmap Heap Scan on sbtest2  (cost=5.48..409.41 rows=102 width=125)
	  Recheck Cond: ((k >= 5367980) AND (k <= 5368080))
	  ->  Bitmap Index Scan on k_2  (cost=0.00..5.45 rows=102 width=0)
	        Index Cond: ((k >= 5367980) AND (k <= 5368080))

table 3 : explain SELECT k, c FROM sbtest3 WHERE k BETWEEN 5367980 AND 5368080
	Bitmap Heap Scan on sbtest3  (cost=5.56..440.93 rows=110 width=125)
	  Recheck Cond: ((k >= 5367980) AND (k <= 5368080))
	  ->  Bitmap Index Scan on k_3  (cost=0.00..5.53 rows=110 width=0)
	        Index Cond: ((k >= 5367980) AND (k <= 5368080))

table 4 : explain SELECT k, c FROM sbtest4 WHERE k BETWEEN 5367980 AND 5368080
	Bitmap Heap Scan on sbtest4  (cost=5.47..405.50 rows=101 width=125)
	  Recheck Cond: ((k >= 5367980) AND (k <= 5368080))
	  ->  Bitmap Index Scan on k_4  (cost=0.00..5.44 rows=101 width=0)
	        Index Cond: ((k >= 5367980) AND (k <= 5368080))

table 5 : explain SELECT k, c FROM sbtest5 WHERE k BETWEEN 5367980 AND 5368080
	Bitmap Heap Scan on sbtest5  (cost=5.44..393.71 rows=98 width=125)
	  Recheck Cond: ((k >= 5367980) AND (k <= 5368080))
	  ->  Bitmap Index Scan on k_5  (cost=0.00..5.42 rows=98 width=0)
	        Index Cond: ((k >= 5367980) AND (k <= 5368080))

table 6 : explain SELECT k, c FROM sbtest6 WHERE k BETWEEN 5367980 AND 5368080
	Bitmap Heap Scan on sbtest6  (cost=5.57..444.92 rows=111 width=125)
	  Recheck Cond: ((k >= 5367980) AND (k <= 5368080))
	  ->  Bitmap Index Scan on k_6  (cost=0.00..5.54 rows=111 width=0)
	        Index Cond: ((k >= 5367980) AND (k <= 5368080))

table 7 : explain SELECT k, c FROM sbtest7 WHERE k BETWEEN 5367980 AND 5368080
	Bitmap Heap Scan on sbtest7  (cost=5.42..385.80 rows=96 width=125)
	  Recheck Cond: ((k >= 5367980) AND (k <= 5368080))
	  ->  Bitmap Index Scan on k_7  (cost=0.00..5.39 rows=96 width=0)
	        Index Cond: ((k >= 5367980) AND (k <= 5368080))

table 8 : explain SELECT k, c FROM sbtest8 WHERE k BETWEEN 5367980 AND 5368080
	Bitmap Heap Scan on sbtest8  (cost=5.53..429.21 rows=107 width=125)
	  Recheck Cond: ((k >= 5367980) AND (k <= 5368080))
	  ->  Bitmap Index Scan on k_8  (cost=0.00..5.50 rows=107 width=0)
	        Index Cond: ((k >= 5367980) AND (k <= 5368080))

for range-notcovered
table 1 : explain SELECT k, c FROM sbtest1 WHERE k BETWEEN 2768573 AND 2768673
	Bitmap Heap Scan on sbtest1  (cost=5.38..370.12 rows=92 width=125)
	  Recheck Cond: ((k >= 2768573) AND (k <= 2768673))
	  ->  Bitmap Index Scan on k_1  (cost=0.00..5.35 rows=92 width=0)
	        Index Cond: ((k >= 2768573) AND (k <= 2768673))

table 2 : explain SELECT k, c FROM sbtest2 WHERE k BETWEEN 2768573 AND 2768673
	Bitmap Heap Scan on sbtest2  (cost=5.50..417.29 rows=104 width=125)
	  Recheck Cond: ((k >= 2768573) AND (k <= 2768673))
	  ->  Bitmap Index Scan on k_2  (cost=0.00..5.47 rows=104 width=0)
	        Index Cond: ((k >= 2768573) AND (k <= 2768673))

table 3 : explain SELECT k, c FROM sbtest3 WHERE k BETWEEN 2768573 AND 2768673
	Bitmap Heap Scan on sbtest3  (cost=5.54..433.05 rows=108 width=125)
	  Recheck Cond: ((k >= 2768573) AND (k <= 2768673))
	  ->  Bitmap Index Scan on k_3  (cost=0.00..5.51 rows=108 width=0)
	        Index Cond: ((k >= 2768573) AND (k <= 2768673))

table 4 : explain SELECT k, c FROM sbtest4 WHERE k BETWEEN 2768573 AND 2768673
	Bitmap Heap Scan on sbtest4  (cost=5.55..437.04 rows=109 width=125)
	  Recheck Cond: ((k >= 2768573) AND (k <= 2768673))
	  ->  Bitmap Index Scan on k_4  (cost=0.00..5.52 rows=109 width=0)
	        Index Cond: ((k >= 2768573) AND (k <= 2768673))

table 5 : explain SELECT k, c FROM sbtest5 WHERE k BETWEEN 2768573 AND 2768673
	Bitmap Heap Scan on sbtest5  (cost=5.53..429.20 rows=107 width=125)
	  Recheck Cond: ((k >= 2768573) AND (k <= 2768673))
	  ->  Bitmap Index Scan on k_5  (cost=0.00..5.50 rows=107 width=0)
	        Index Cond: ((k >= 2768573) AND (k <= 2768673))

table 6 : explain SELECT k, c FROM sbtest6 WHERE k BETWEEN 2768573 AND 2768673
	Bitmap Heap Scan on sbtest6  (cost=5.57..444.92 rows=111 width=125)
	  Recheck Cond: ((k >= 2768573) AND (k <= 2768673))
	  ->  Bitmap Index Scan on k_6  (cost=0.00..5.54 rows=111 width=0)
	        Index Cond: ((k >= 2768573) AND (k <= 2768673))

table 7 : explain SELECT k, c FROM sbtest7 WHERE k BETWEEN 2768573 AND 2768673
	Bitmap Heap Scan on sbtest7  (cost=5.51..421.30 rows=105 width=125)
	  Recheck Cond: ((k >= 2768573) AND (k <= 2768673))
	  ->  Bitmap Index Scan on k_7  (cost=0.00..5.48 rows=105 width=0)
	        Index Cond: ((k >= 2768573) AND (k <= 2768673))

table 8 : explain SELECT k, c FROM sbtest8 WHERE k BETWEEN 2768573 AND 2768673
	Bitmap Heap Scan on sbtest8  (cost=5.49..413.43 rows=103 width=125)
	  Recheck Cond: ((k >= 2768573) AND (k <= 2768673))
	  ->  Bitmap Index Scan on k_8  (cost=0.00..5.46 rows=103 width=0)
	        Index Cond: ((k >= 2768573) AND (k <= 2768673))

for range-notcovered
table 1 : explain SELECT k, c FROM sbtest1 WHERE k BETWEEN 4305027 AND 4305127
	Bitmap Heap Scan on sbtest1  (cost=5.42..385.92 rows=96 width=125)
	  Recheck Cond: ((k >= 4305027) AND (k <= 4305127))
	  ->  Bitmap Index Scan on k_1  (cost=0.00..5.39 rows=96 width=0)
	        Index Cond: ((k >= 4305027) AND (k <= 4305127))

table 2 : explain SELECT k, c FROM sbtest2 WHERE k BETWEEN 4305027 AND 4305127
	Bitmap Heap Scan on sbtest2  (cost=5.47..405.46 rows=101 width=125)
	  Recheck Cond: ((k >= 4305027) AND (k <= 4305127))
	  ->  Bitmap Index Scan on k_2  (cost=0.00..5.44 rows=101 width=0)
	        Index Cond: ((k >= 4305027) AND (k <= 4305127))

table 3 : explain SELECT k, c FROM sbtest3 WHERE k BETWEEN 4305027 AND 4305127
	Bitmap Heap Scan on sbtest3  (cost=5.47..405.45 rows=101 width=125)
	  Recheck Cond: ((k >= 4305027) AND (k <= 4305127))
	  ->  Bitmap Index Scan on k_3  (cost=0.00..5.44 rows=101 width=0)
	        Index Cond: ((k >= 4305027) AND (k <= 4305127))

table 4 : explain SELECT k, c FROM sbtest4 WHERE k BETWEEN 4305027 AND 4305127
	Bitmap Heap Scan on sbtest4  (cost=5.50..417.33 rows=104 width=125)
	  Recheck Cond: ((k >= 4305027) AND (k <= 4305127))
	  ->  Bitmap Index Scan on k_4  (cost=0.00..5.47 rows=104 width=0)
	        Index Cond: ((k >= 4305027) AND (k <= 4305127))

table 5 : explain SELECT k, c FROM sbtest5 WHERE k BETWEEN 4305027 AND 4305127
	Bitmap Heap Scan on sbtest5  (cost=5.43..389.76 rows=97 width=125)
	  Recheck Cond: ((k >= 4305027) AND (k <= 4305127))
	  ->  Bitmap Index Scan on k_5  (cost=0.00..5.40 rows=97 width=0)
	        Index Cond: ((k >= 4305027) AND (k <= 4305127))

table 6 : explain SELECT k, c FROM sbtest6 WHERE k BETWEEN 4305027 AND 4305127
	Bitmap Heap Scan on sbtest6  (cost=5.48..409.44 rows=102 width=125)
	  Recheck Cond: ((k >= 4305027) AND (k <= 4305127))
	  ->  Bitmap Index Scan on k_6  (cost=0.00..5.45 rows=102 width=0)
	        Index Cond: ((k >= 4305027) AND (k <= 4305127))

table 7 : explain SELECT k, c FROM sbtest7 WHERE k BETWEEN 4305027 AND 4305127
	Bitmap Heap Scan on sbtest7  (cost=5.36..362.12 rows=90 width=125)
	  Recheck Cond: ((k >= 4305027) AND (k <= 4305127))
	  ->  Bitmap Index Scan on k_7  (cost=0.00..5.33 rows=90 width=0)
	        Index Cond: ((k >= 4305027) AND (k <= 4305127))

table 8 : explain SELECT k, c FROM sbtest8 WHERE k BETWEEN 4305027 AND 4305127
	Bitmap Heap Scan on sbtest8  (cost=5.49..413.43 rows=103 width=125)
	  Recheck Cond: ((k >= 4305027) AND (k <= 4305127))
	  ->  Bitmap Index Scan on k_8  (cost=0.00..5.46 rows=103 width=0)
	        Index Cond: ((k >= 4305027) AND (k <= 4305127))

explain: for range-notcovered :: explain SELECT k, c FROM sbtest%d WHERE k BETWEEN 4856690 AND 4856790
explain: for range-notcovered :: explain SELECT k, c FROM sbtest%d WHERE k BETWEEN 6399033 AND 6399133
explain: for range-notcovered :: explain SELECT k, c FROM sbtest%d WHERE k BETWEEN 991256 AND 991356
explain: for range-notcovered :: explain SELECT k, c FROM sbtest%d WHERE k BETWEEN 1459258 AND 1459358for range-notcovered
table 1 : explain SELECT k, c FROM sbtest1 WHERE k BETWEEN 8430366 AND 8430466
	Bitmap Heap Scan on sbtest1  (cost=5.47..405.65 rows=101 width=125)
	  Recheck Cond: ((k >= 8430366) AND (k <= 8430466))
	  ->  Bitmap Index Scan on k_1  (cost=0.00..5.44 rows=101 width=0)
	        Index Cond: ((k >= 8430366) AND (k <= 8430466))

table 2 : explain SELECT k, c FROM sbtest2 WHERE k BETWEEN 8430366 AND 8430466
	Bitmap Heap Scan on sbtest2  (cost=5.52..425.18 rows=106 width=125)
	  Recheck Cond: ((k >= 8430366) AND (k <= 8430466))
	  ->  Bitmap Index Scan on k_2  (cost=0.00..5.50 rows=106 width=0)
	        Index Cond: ((k >= 8430366) AND (k <= 8430466))

table 3 : explain SELECT k, c FROM sbtest3 WHERE k BETWEEN 8430366 AND 8430466
	Bitmap Heap Scan on sbtest3  (cost=5.49..413.34 rows=103 width=125)
	  Recheck Cond: ((k >= 8430366) AND (k <= 8430466))
	  ->  Bitmap Index Scan on k_3  (cost=0.00..5.46 rows=103 width=0)
	        Index Cond: ((k >= 8430366) AND (k <= 8430466))

table 4 : explain SELECT k, c FROM sbtest4 WHERE k BETWEEN 8430366 AND 8430466
	Bitmap Heap Scan on sbtest4  (cost=5.49..413.38 rows=103 width=125)
	  Recheck Cond: ((k >= 8430366) AND (k <= 8430466))
	  ->  Bitmap Index Scan on k_4  (cost=0.00..5.46 rows=103 width=0)
	        Index Cond: ((k >= 8430366) AND (k <= 8430466))

table 5 : explain SELECT k, c FROM sbtest5 WHERE k BETWEEN 8430366 AND 8430466
	Bitmap Heap Scan on sbtest5  (cost=5.42..385.82 rows=96 width=125)
	  Recheck Cond: ((k >= 8430366) AND (k <= 8430466))
	  ->  Bitmap Index Scan on k_5  (cost=0.00..5.39 rows=96 width=0)
	        Index Cond: ((k >= 8430366) AND (k <= 8430466))

table 6 : explain SELECT k, c FROM sbtest6 WHERE k BETWEEN 8430366 AND 8430466
	Bitmap Heap Scan on sbtest6  (cost=5.46..401.56 rows=100 width=125)
	  Recheck Cond: ((k >= 8430366) AND (k <= 8430466))
	  ->  Bitmap Index Scan on k_6  (cost=0.00..5.43 rows=100 width=0)
	        Index Cond: ((k >= 8430366) AND (k <= 8430466))

table 7 : explain SELECT k, c FROM sbtest7 WHERE k BETWEEN 8430366 AND 8430466
	Bitmap Heap Scan on sbtest7  (cost=5.40..377.91 rows=94 width=125)
	  Recheck Cond: ((k >= 8430366) AND (k <= 8430466))
	  ->  Bitmap Index Scan on k_7  (cost=0.00..5.38 rows=94 width=0)
	        Index Cond: ((k >= 8430366) AND (k <= 8430466))

table 8 : explain SELECT k, c FROM sbtest8 WHERE k BETWEEN 8430366 AND 8430466
	Bitmap Heap Scan on sbtest8  (cost=5.50..417.38 rows=104 width=125)
	  Recheck Cond: ((k >= 8430366) AND (k <= 8430466))
	  ->  Bitmap Index Scan on k_8  (cost=0.00..5.47 rows=104 width=0)
	        Index Cond: ((k >= 8430366) AND (k <= 8430466))
for range-notcovered
table 1 : explain SELECT k, c FROM sbtest1 WHERE k BETWEEN 7177792 AND 7177892
	Bitmap Heap Scan on sbtest1  (cost=5.42..385.92 rows=96 width=125)
	  Recheck Cond: ((k >= 7177792) AND (k <= 7177892))
	  ->  Bitmap Index Scan on k_1  (cost=0.00..5.39 rows=96 width=0)
	        Index Cond: ((k >= 7177792) AND (k <= 7177892))

table 2 : explain SELECT k, c FROM sbtest2 WHERE k BETWEEN 7177792 AND 7177892
	Bitmap Heap Scan on sbtest2  (cost=5.48..409.41 rows=102 width=125)
	  Recheck Cond: ((k >= 7177792) AND (k <= 7177892))
	  ->  Bitmap Index Scan on k_2  (cost=0.00..5.45 rows=102 width=0)
	        Index Cond: ((k >= 7177792) AND (k <= 7177892))

table 3 : explain SELECT k, c FROM sbtest3 WHERE k BETWEEN 7177792 AND 7177892
	Bitmap Heap Scan on sbtest3  (cost=5.50..417.28 rows=104 width=125)
	  Recheck Cond: ((k >= 7177792) AND (k <= 7177892))
	  ->  Bitmap Index Scan on k_3  (cost=0.00..5.47 rows=104 width=0)
	        Index Cond: ((k >= 7177792) AND (k <= 7177892))

table 4 : explain SELECT k, c FROM sbtest4 WHERE k BETWEEN 7177792 AND 7177892
	Bitmap Heap Scan on sbtest4  (cost=5.47..405.50 rows=101 width=125)
	  Recheck Cond: ((k >= 7177792) AND (k <= 7177892))
	  ->  Bitmap Index Scan on k_4  (cost=0.00..5.44 rows=101 width=0)
	        Index Cond: ((k >= 7177792) AND (k <= 7177892))

table 5 : explain SELECT k, c FROM sbtest5 WHERE k BETWEEN 7177792 AND 7177892
	Bitmap Heap Scan on sbtest5  (cost=5.48..409.49 rows=102 width=125)
	  Recheck Cond: ((k >= 7177792) AND (k <= 7177892))
	  ->  Bitmap Index Scan on k_5  (cost=0.00..5.45 rows=102 width=0)
	        Index Cond: ((k >= 7177792) AND (k <= 7177892))

table 6 : explain SELECT k, c FROM sbtest6 WHERE k BETWEEN 7177792 AND 7177892
	Bitmap Heap Scan on sbtest6  (cost=5.50..417.33 rows=104 width=125)
	  Recheck Cond: ((k >= 7177792) AND (k <= 7177892))
	  ->  Bitmap Index Scan on k_6  (cost=0.00..5.47 rows=104 width=0)
	        Index Cond: ((k >= 7177792) AND (k <= 7177892))

table 7 : explain SELECT k, c FROM sbtest7 WHERE k BETWEEN 7177792 AND 7177892
	Bitmap Heap Scan on sbtest7  (cost=5.48..409.47 rows=102 width=125)
	  Recheck Cond: ((k >= 7177792) AND (k <= 7177892))
	  ->  Bitmap Index Scan on k_7  (cost=0.00..5.45 rows=102 width=0)
	        Index Cond: ((k >= 7177792) AND (k <= 7177892))

table 8 : explain SELECT k, c FROM sbtest8 WHERE k BETWEEN 7177792 AND 7177892
	Bitmap Heap Scan on sbtest8  (cost=5.46..401.60 rows=100 width=125)
	  Recheck Cond: ((k >= 7177792) AND (k <= 7177892))
	  ->  Bitmap Index Scan on k_8  (cost=0.00..5.43 rows=100 width=0)
	        Index Cond: ((k >= 7177792) AND (k <= 7177892))
for range-notcovered
table 1 : explain SELECT k, c FROM sbtest1 WHERE k BETWEEN 8893029 AND 8893129
	Bitmap Heap Scan on sbtest1  (cost=5.50..417.49 rows=104 width=125)
	  Recheck Cond: ((k >= 8893029) AND (k <= 8893129))
	  ->  Bitmap Index Scan on k_1  (cost=0.00..5.47 rows=104 width=0)
	        Index Cond: ((k >= 8893029) AND (k <= 8893129))

table 2 : explain SELECT k, c FROM sbtest2 WHERE k BETWEEN 8893029 AND 8893129
	Bitmap Heap Scan on sbtest2  (cost=5.46..401.52 rows=100 width=125)
	  Recheck Cond: ((k >= 8893029) AND (k <= 8893129))
	  ->  Bitmap Index Scan on k_2  (cost=0.00..5.43 rows=100 width=0)
	        Index Cond: ((k >= 8893029) AND (k <= 8893129))

table 3 : explain SELECT k, c FROM sbtest3 WHERE k BETWEEN 8893029 AND 8893129
	Bitmap Heap Scan on sbtest3  (cost=5.51..421.22 rows=105 width=125)
	  Recheck Cond: ((k >= 8893029) AND (k <= 8893129))
	  ->  Bitmap Index Scan on k_3  (cost=0.00..5.48 rows=105 width=0)
	        Index Cond: ((k >= 8893029) AND (k <= 8893129))

table 4 : explain SELECT k, c FROM sbtest4 WHERE k BETWEEN 8893029 AND 8893129
	Bitmap Heap Scan on sbtest4  (cost=5.42..385.77 rows=96 width=125)
	  Recheck Cond: ((k >= 8893029) AND (k <= 8893129))
	  ->  Bitmap Index Scan on k_4  (cost=0.00..5.39 rows=96 width=0)
	        Index Cond: ((k >= 8893029) AND (k <= 8893129))

table 5 : explain SELECT k, c FROM sbtest5 WHERE k BETWEEN 8893029 AND 8893129
	Bitmap Heap Scan on sbtest5  (cost=5.43..389.76 rows=97 width=125)
	  Recheck Cond: ((k >= 8893029) AND (k <= 8893129))
	  ->  Bitmap Index Scan on k_5  (cost=0.00..5.40 rows=97 width=0)
	        Index Cond: ((k >= 8893029) AND (k <= 8893129))

table 6 : explain SELECT k, c FROM sbtest6 WHERE k BETWEEN 8893029 AND 8893129
	Bitmap Heap Scan on sbtest6  (cost=5.47..405.50 rows=101 width=125)
	  Recheck Cond: ((k >= 8893029) AND (k <= 8893129))
	  ->  Bitmap Index Scan on k_6  (cost=0.00..5.44 rows=101 width=0)
	        Index Cond: ((k >= 8893029) AND (k <= 8893129))

table 7 : explain SELECT k, c FROM sbtest7 WHERE k BETWEEN 8893029 AND 8893129
	Bitmap Heap Scan on sbtest7  (cost=5.51..421.30 rows=105 width=125)
	  Recheck Cond: ((k >= 8893029) AND (k <= 8893129))
	  ->  Bitmap Index Scan on k_7  (cost=0.00..5.48 rows=105 width=0)
	        Index Cond: ((k >= 8893029) AND (k <= 8893129))

table 8 : explain SELECT k, c FROM sbtest8 WHERE k BETWEEN 8893029 AND 8893129
	Bitmap Heap Scan on sbtest8  (cost=5.52..425.26 rows=106 width=125)
	  Recheck Cond: ((k >= 8893029) AND (k <= 8893129))
	  ->  Bitmap Index Scan on k_8  (cost=0.00..5.50 rows=106 width=0)
	        Index Cond: ((k >= 8893029) AND (k <= 8893129))

for range-notcovered
table 1 : explain SELECT k, c FROM sbtest1 WHERE k BETWEEN 6094280 AND 6094380
	Bitmap Heap Scan on sbtest1  (cost=5.53..429.32 rows=107 width=125)
	  Recheck Cond: ((k >= 6094280) AND (k <= 6094380))
	  ->  Bitmap Index Scan on k_1  (cost=0.00..5.50 rows=107 width=0)
	        Index Cond: ((k >= 6094280) AND (k <= 6094380))

table 2 : explain SELECT k, c FROM sbtest2 WHERE k BETWEEN 6094280 AND 6094380
	Bitmap Heap Scan on sbtest2  (cost=5.51..421.23 rows=105 width=125)
	  Recheck Cond: ((k >= 6094280) AND (k <= 6094380))
	  ->  Bitmap Index Scan on k_2  (cost=0.00..5.48 rows=105 width=0)
	        Index Cond: ((k >= 6094280) AND (k <= 6094380))

table 3 : explain SELECT k, c FROM sbtest3 WHERE k BETWEEN 6094280 AND 6094380
	Bitmap Heap Scan on sbtest3  (cost=5.45..397.57 rows=99 width=125)
	  Recheck Cond: ((k >= 6094280) AND (k <= 6094380))
	  ->  Bitmap Index Scan on k_3  (cost=0.00..5.42 rows=99 width=0)
	        Index Cond: ((k >= 6094280) AND (k <= 6094380))

table 4 : explain SELECT k, c FROM sbtest4 WHERE k BETWEEN 6094280 AND 6094380
	Bitmap Heap Scan on sbtest4  (cost=5.50..417.33 rows=104 width=125)
	  Recheck Cond: ((k >= 6094280) AND (k <= 6094380))
	  ->  Bitmap Index Scan on k_4  (cost=0.00..5.47 rows=104 width=0)
	        Index Cond: ((k >= 6094280) AND (k <= 6094380))

table 5 : explain SELECT k, c FROM sbtest5 WHERE k BETWEEN 6094280 AND 6094380
	Bitmap Heap Scan on sbtest5  (cost=5.48..409.49 rows=102 width=125)
	  Recheck Cond: ((k >= 6094280) AND (k <= 6094380))
	  ->  Bitmap Index Scan on k_5  (cost=0.00..5.45 rows=102 width=0)
	        Index Cond: ((k >= 6094280) AND (k <= 6094380))

table 6 : explain SELECT k, c FROM sbtest6 WHERE k BETWEEN 6094280 AND 6094380
	Bitmap Heap Scan on sbtest6  (cost=5.53..429.16 rows=107 width=125)
	  Recheck Cond: ((k >= 6094280) AND (k <= 6094380))
	  ->  Bitmap Index Scan on k_6  (cost=0.00..5.50 rows=107 width=0)
	        Index Cond: ((k >= 6094280) AND (k <= 6094380))

table 7 : explain SELECT k, c FROM sbtest7 WHERE k BETWEEN 6094280 AND 6094380
	Bitmap Heap Scan on sbtest7  (cost=5.56..441.01 rows=110 width=125)
	  Recheck Cond: ((k >= 6094280) AND (k <= 6094380))
	  ->  Bitmap Index Scan on k_7  (cost=0.00..5.53 rows=110 width=0)
	        Index Cond: ((k >= 6094280) AND (k <= 6094380))

table 8 : explain SELECT k, c FROM sbtest8 WHERE k BETWEEN 6094280 AND 6094380
	Bitmap Heap Scan on sbtest8  (cost=5.37..366.08 rows=91 width=125)
	  Recheck Cond: ((k >= 6094280) AND (k <= 6094380))
	  ->  Bitmap Index Scan on k_8  (cost=0.00..5.34 rows=91 width=0)
	        Index Cond: ((k >= 6094280) AND (k <= 6094380))

explain: for range-notcovered :: explain SELECT k, c FROM sbtest%d WHERE k BETWEEN 2768573 AND 2768673
explain: for range-notcovered :: explain SELECT k, c FROM sbtest%d WHERE k BETWEEN 5367980 AND 5368080
for range-notcovered
table 1 : explain SELECT k, c FROM sbtest1 WHERE k BETWEEN 3928970 AND 3929070
	Bitmap Heap Scan on sbtest1  (cost=5.43..389.87 rows=97 width=125)
	  Recheck Cond: ((k >= 3928970) AND (k <= 3929070))
	  ->  Bitmap Index Scan on k_1  (cost=0.00..5.40 rows=97 width=0)
	        Index Cond: ((k >= 3928970) AND (k <= 3929070))

table 2 : explain SELECT k, c FROM sbtest2 WHERE k BETWEEN 3928970 AND 3929070
	Bitmap Heap Scan on sbtest2  (cost=5.37..366.01 rows=91 width=125)
	  Recheck Cond: ((k >= 3928970) AND (k <= 3929070))
	  ->  Bitmap Index Scan on k_2  (cost=0.00..5.34 rows=91 width=0)
	        Index Cond: ((k >= 3928970) AND (k <= 3929070))

table 3 : explain SELECT k, c FROM sbtest3 WHERE k BETWEEN 3928970 AND 3929070
	Bitmap Heap Scan on sbtest3  (cost=5.55..436.99 rows=109 width=125)
	  Recheck Cond: ((k >= 3928970) AND (k <= 3929070))
	  ->  Bitmap Index Scan on k_3  (cost=0.00..5.52 rows=109 width=0)
	        Index Cond: ((k >= 3928970) AND (k <= 3929070))

table 4 : explain SELECT k, c FROM sbtest4 WHERE k BETWEEN 3928970 AND 3929070
	Bitmap Heap Scan on sbtest4  (cost=5.51..421.27 rows=105 width=125)
	  Recheck Cond: ((k >= 3928970) AND (k <= 3929070))
	  ->  Bitmap Index Scan on k_4  (cost=0.00..5.48 rows=105 width=0)
	        Index Cond: ((k >= 3928970) AND (k <= 3929070))

table 5 : explain SELECT k, c FROM sbtest5 WHERE k BETWEEN 3928970 AND 3929070
	Bitmap Heap Scan on sbtest5  (cost=5.60..456.79 rows=114 width=125)
	  Recheck Cond: ((k >= 3928970) AND (k <= 3929070))
	  ->  Bitmap Index Scan on k_5  (cost=0.00..5.58 rows=114 width=0)
	        Index Cond: ((k >= 3928970) AND (k <= 3929070))

table 6 : explain SELECT k, c FROM sbtest6 WHERE k BETWEEN 3928970 AND 3929070
	Bitmap Heap Scan on sbtest6  (cost=5.48..409.44 rows=102 width=125)
	  Recheck Cond: ((k >= 3928970) AND (k <= 3929070))
	  ->  Bitmap Index Scan on k_6  (cost=0.00..5.45 rows=102 width=0)
	        Index Cond: ((k >= 3928970) AND (k <= 3929070))

table 7 : explain SELECT k, c FROM sbtest7 WHERE k BETWEEN 3928970 AND 3929070
	Bitmap Heap Scan on sbtest7  (cost=5.45..397.64 rows=99 width=125)
	  Recheck Cond: ((k >= 3928970) AND (k <= 3929070))
	  ->  Bitmap Index Scan on k_7  (cost=0.00..5.42 rows=99 width=0)
	        Index Cond: ((k >= 3928970) AND (k <= 3929070))

table 8 : explain SELECT k, c FROM sbtest8 WHERE k BETWEEN 3928970 AND 3929070
	Bitmap Heap Scan on sbtest8  (cost=5.49..413.43 rows=103 width=125)
	  Recheck Cond: ((k >= 3928970) AND (k <= 3929070))
	  ->  Bitmap Index Scan on k_8  (cost=0.00..5.46 rows=103 width=0)
	        Index Cond: ((k >= 3928970) AND (k <= 3929070))



explain: for range-notcovered :: explain SELECT k, c FROM sbtest%d WHERE k BETWEEN 6094280 AND 6094380
explain: for range-notcovered :: explain SELECT k, c FROM sbtest%d WHERE k BETWEEN 4305027 AND 4305127

explain: for range-notcovered :: explain SELECT k, c FROM sbtest%d WHERE k BETWEEN 4481903 AND 4482003
for range-notcovered
table 1 : explain SELECT k, c FROM sbtest1 WHERE k BETWEEN 6515265 AND 6515365
	Bitmap Heap Scan on sbtest1  (cost=5.52..425.38 rows=106 width=125)
	  Recheck Cond: ((k >= 6515265) AND (k <= 6515365))
	  ->  Bitmap Index Scan on k_1  (cost=0.00..5.50 rows=106 width=0)
	        Index Cond: ((k >= 6515265) AND (k <= 6515365))

table 2 : explain SELECT k, c FROM sbtest2 WHERE k BETWEEN 6515265 AND 6515365
	Bitmap Heap Scan on sbtest2  (cost=5.44..393.63 rows=98 width=125)
	  Recheck Cond: ((k >= 6515265) AND (k <= 6515365))
	  ->  Bitmap Index Scan on k_2  (cost=0.00..5.42 rows=98 width=0)
	        Index Cond: ((k >= 6515265) AND (k <= 6515365))

table 3 : explain SELECT k, c FROM sbtest3 WHERE k BETWEEN 6515265 AND 6515365
	Bitmap Heap Scan on sbtest3  (cost=5.51..421.22 rows=105 width=125)
	  Recheck Cond: ((k >= 6515265) AND (k <= 6515365))
	  ->  Bitmap Index Scan on k_3  (cost=0.00..5.48 rows=105 width=0)
	        Index Cond: ((k >= 6515265) AND (k <= 6515365))

table 4 : explain SELECT k, c FROM sbtest4 WHERE k BETWEEN 6515265 AND 6515365
	Bitmap Heap Scan on sbtest4  (cost=5.46..401.55 rows=100 width=125)
	  Recheck Cond: ((k >= 6515265) AND (k <= 6515365))
	  ->  Bitmap Index Scan on k_4  (cost=0.00..5.43 rows=100 width=0)
	        Index Cond: ((k >= 6515265) AND (k <= 6515365))

table 5 : explain SELECT k, c FROM sbtest5 WHERE k BETWEEN 6515265 AND 6515365
	Bitmap Heap Scan on sbtest5  (cost=5.41..381.87 rows=95 width=125)
	  Recheck Cond: ((k >= 6515265) AND (k <= 6515365))
	  ->  Bitmap Index Scan on k_5  (cost=0.00..5.38 rows=95 width=0)
	        Index Cond: ((k >= 6515265) AND (k <= 6515365))

table 6 : explain SELECT k, c FROM sbtest6 WHERE k BETWEEN 6515265 AND 6515365
	Bitmap Heap Scan on sbtest6  (cost=5.46..401.56 rows=100 width=125)
	  Recheck Cond: ((k >= 6515265) AND (k <= 6515365))
	  ->  Bitmap Index Scan on k_6  (cost=0.00..5.43 rows=100 width=0)
	        Index Cond: ((k >= 6515265) AND (k <= 6515365))

table 7 : explain SELECT k, c FROM sbtest7 WHERE k BETWEEN 6515265 AND 6515365
	Bitmap Heap Scan on sbtest7  (cost=5.43..389.75 rows=97 width=125)
	  Recheck Cond: ((k >= 6515265) AND (k <= 6515365))
	  ->  Bitmap Index Scan on k_7  (cost=0.00..5.40 rows=97 width=0)
	        Index Cond: ((k >= 6515265) AND (k <= 6515365))

table 8 : explain SELECT k, c FROM sbtest8 WHERE k BETWEEN 6515265 AND 6515365
	Bitmap Heap Scan on sbtest8  (cost=5.45..397.66 rows=99 width=125)
	  Recheck Cond: ((k >= 6515265) AND (k <= 6515365))
	  ->  Bitmap Index Scan on k_8  (cost=0.00..5.42 rows=99 width=0)
	        Index Cond: ((k >= 6515265) AND (k <= 6515365))
for range-notcovered
table 1 : explain SELECT k, c FROM sbtest1 WHERE k BETWEEN 4644618 AND 4644718
	Bitmap Heap Scan on sbtest1  (cost=5.52..425.38 rows=106 width=125)
	  Recheck Cond: ((k >= 4644618) AND (k <= 4644718))
	  ->  Bitmap Index Scan on k_1  (cost=0.00..5.50 rows=106 width=0)
	        Index Cond: ((k >= 4644618) AND (k <= 4644718))

table 2 : explain SELECT k, c FROM sbtest2 WHERE k BETWEEN 4644618 AND 4644718
	Bitmap Heap Scan on sbtest2  (cost=5.56..440.94 rows=110 width=125)
	  Recheck Cond: ((k >= 4644618) AND (k <= 4644718))
	  ->  Bitmap Index Scan on k_2  (cost=0.00..5.53 rows=110 width=0)
	        Index Cond: ((k >= 4644618) AND (k <= 4644718))

table 3 : explain SELECT k, c FROM sbtest3 WHERE k BETWEEN 4644618 AND 4644718
	Bitmap Heap Scan on sbtest3  (cost=5.43..389.68 rows=97 width=125)
	  Recheck Cond: ((k >= 4644618) AND (k <= 4644718))
	  ->  Bitmap Index Scan on k_3  (cost=0.00..5.40 rows=97 width=0)
	        Index Cond: ((k >= 4644618) AND (k <= 4644718))

table 4 : explain SELECT k, c FROM sbtest4 WHERE k BETWEEN 4644618 AND 4644718
	Bitmap Heap Scan on sbtest4  (cost=5.52..425.21 rows=106 width=125)
	  Recheck Cond: ((k >= 4644618) AND (k <= 4644718))
	  ->  Bitmap Index Scan on k_4  (cost=0.00..5.50 rows=106 width=0)
	        Index Cond: ((k >= 4644618) AND (k <= 4644718))

table 5 : explain SELECT k, c FROM sbtest5 WHERE k BETWEEN 4644618 AND 4644718
	Bitmap Heap Scan on sbtest5  (cost=5.56..441.03 rows=110 width=125)
	  Recheck Cond: ((k >= 4644618) AND (k <= 4644718))
	  ->  Bitmap Index Scan on k_5  (cost=0.00..5.53 rows=110 width=0)
	        Index Cond: ((k >= 4644618) AND (k <= 4644718))

table 6 : explain SELECT k, c FROM sbtest6 WHERE k BETWEEN 4644618 AND 4644718
	Bitmap Heap Scan on sbtest6  (cost=5.55..437.04 rows=109 width=125)
	  Recheck Cond: ((k >= 4644618) AND (k <= 4644718))
	  ->  Bitmap Index Scan on k_6  (cost=0.00..5.52 rows=109 width=0)
	        Index Cond: ((k >= 4644618) AND (k <= 4644718))

table 7 : explain SELECT k, c FROM sbtest7 WHERE k BETWEEN 4644618 AND 4644718
	Bitmap Heap Scan on sbtest7  (cost=5.49..413.42 rows=103 width=125)
	  Recheck Cond: ((k >= 4644618) AND (k <= 4644718))
	  ->  Bitmap Index Scan on k_7  (cost=0.00..5.46 rows=103 width=0)
	        Index Cond: ((k >= 4644618) AND (k <= 4644718))

table 8 : explain SELECT k, c FROM sbtest8 WHERE k BETWEEN 4644618 AND 4644718
	Bitmap Heap Scan on sbtest8  (cost=5.56..441.03 rows=110 width=125)
	  Recheck Cond: ((k >= 4644618) AND (k <= 4644718))
	  ->  Bitmap Index Scan on k_8  (cost=0.00..5.53 rows=110 width=0)
	        Index Cond: ((k >= 4644618) AND (k <= 4644718))

explain: for range-notcovered :: explain SELECT k, c FROM sbtest%d WHERE k BETWEEN 5149272 AND 5149372
explain: for range-notcovered :: explain SELECT k, c FROM sbtest%d WHERE k BETWEEN 3928970 AND 3929070

explain: for range-notcovered :: explain SELECT k, c FROM sbtest%d WHERE k BETWEEN 443834 AND 443934
explain: for range-notcovered :: explain SELECT k, c FROM sbtest%d WHERE k BETWEEN 8893029 AND 8893129
for range-notcovered
table 1 : explain SELECT k, c FROM sbtest1 WHERE k BETWEEN 5520301 AND 5520401
	Bitmap Heap Scan on sbtest1  (cost=5.42..385.92 rows=96 width=125)
	  Recheck Cond: ((k >= 5520301) AND (k <= 5520401))
	  ->  Bitmap Index Scan on k_1  (cost=0.00..5.39 rows=96 width=0)
	        Index Cond: ((k >= 5520301) AND (k <= 5520401))

table 2 : explain SELECT k, c FROM sbtest2 WHERE k BETWEEN 5520301 AND 5520401
	Bitmap Heap Scan on sbtest2  (cost=5.40..377.85 rows=94 width=125)
	  Recheck Cond: ((k >= 5520301) AND (k <= 5520401))
	  ->  Bitmap Index Scan on k_2  (cost=0.00..5.38 rows=94 width=0)
	        Index Cond: ((k >= 5520301) AND (k <= 5520401))

table 3 : explain SELECT k, c FROM sbtest3 WHERE k BETWEEN 5520301 AND 5520401
	Bitmap Heap Scan on sbtest3  (cost=5.43..389.68 rows=97 width=125)
	  Recheck Cond: ((k >= 5520301) AND (k <= 5520401))
	  ->  Bitmap Index Scan on k_3  (cost=0.00..5.40 rows=97 width=0)
	        Index Cond: ((k >= 5520301) AND (k <= 5520401))

table 4 : explain SELECT k, c FROM sbtest4 WHERE k BETWEEN 5520301 AND 5520401
	Bitmap Heap Scan on sbtest4  (cost=5.52..425.21 rows=106 width=125)
	  Recheck Cond: ((k >= 5520301) AND (k <= 5520401))
	  ->  Bitmap Index Scan on k_4  (cost=0.00..5.50 rows=106 width=0)
	        Index Cond: ((k >= 5520301) AND (k <= 5520401))

table 5 : explain SELECT k, c FROM sbtest5 WHERE k BETWEEN 5520301 AND 5520401
	Bitmap Heap Scan on sbtest5  (cost=5.49..413.43 rows=103 width=125)
	  Recheck Cond: ((k >= 5520301) AND (k <= 5520401))
	  ->  Bitmap Index Scan on k_5  (cost=0.00..5.46 rows=103 width=0)
	        Index Cond: ((k >= 5520301) AND (k <= 5520401))

table 6 : explain SELECT k, c FROM sbtest6 WHERE k BETWEEN 5520301 AND 5520401
	Bitmap Heap Scan on sbtest6  (cost=5.53..429.16 rows=107 width=125)
	  Recheck Cond: ((k >= 5520301) AND (k <= 5520401))
	  ->  Bitmap Index Scan on k_6  (cost=0.00..5.50 rows=107 width=0)
	        Index Cond: ((k >= 5520301) AND (k <= 5520401))

table 7 : explain SELECT k, c FROM sbtest7 WHERE k BETWEEN 5520301 AND 5520401
	Bitmap Heap Scan on sbtest7  (cost=5.68..484.34 rows=121 width=125)
	  Recheck Cond: ((k >= 5520301) AND (k <= 5520401))
	  ->  Bitmap Index Scan on k_7  (cost=0.00..5.64 rows=121 width=0)
	        Index Cond: ((k >= 5520301) AND (k <= 5520401))

table 8 : explain SELECT k, c FROM sbtest8 WHERE k BETWEEN 5520301 AND 5520401
	Bitmap Heap Scan on sbtest8  (cost=5.45..397.66 rows=99 width=125)
	  Recheck Cond: ((k >= 5520301) AND (k <= 5520401))
	  ->  Bitmap Index Scan on k_8  (cost=0.00..5.42 rows=99 width=0)
	        Index Cond: ((k >= 5520301) AND (k <= 5520401))

explain: for range-notcovered :: explain SELECT k, c FROM sbtest%d WHERE k BETWEEN 8430366 AND 8430466
explain: for range-notcovered :: explain SELECT k, c FROM sbtest%d WHERE k BETWEEN 7177792 AND 7177892
for range-notcovered
table 1 : explain SELECT k, c FROM sbtest1 WHERE k BETWEEN 5559874 AND 5559974
	Bitmap Heap Scan on sbtest1  (cost=5.48..409.60 rows=102 width=125)
	  Recheck Cond: ((k >= 5559874) AND (k <= 5559974))
	  ->  Bitmap Index Scan on k_1  (cost=0.00..5.45 rows=102 width=0)
	        Index Cond: ((k >= 5559874) AND (k <= 5559974))

table 2 : explain SELECT k, c FROM sbtest2 WHERE k BETWEEN 5559874 AND 5559974
	Bitmap Heap Scan on sbtest2  (cost=5.40..377.85 rows=94 width=125)
	  Recheck Cond: ((k >= 5559874) AND (k <= 5559974))
	  ->  Bitmap Index Scan on k_2  (cost=0.00..5.38 rows=94 width=0)
	        Index Cond: ((k >= 5559874) AND (k <= 5559974))

table 3 : explain SELECT k, c FROM sbtest3 WHERE k BETWEEN 5559874 AND 5559974
	Bitmap Heap Scan on sbtest3  (cost=5.48..409.40 rows=102 width=125)
	  Recheck Cond: ((k >= 5559874) AND (k <= 5559974))
	  ->  Bitmap Index Scan on k_3  (cost=0.00..5.45 rows=102 width=0)
	        Index Cond: ((k >= 5559874) AND (k <= 5559974))

table 4 : explain SELECT k, c FROM sbtest4 WHERE k BETWEEN 5559874 AND 5559974
	Bitmap Heap Scan on sbtest4  (cost=5.52..425.21 rows=106 width=125)
	  Recheck Cond: ((k >= 5559874) AND (k <= 5559974))
	  ->  Bitmap Index Scan on k_4  (cost=0.00..5.50 rows=106 width=0)
	        Index Cond: ((k >= 5559874) AND (k <= 5559974))

table 5 : explain SELECT k, c FROM sbtest5 WHERE k BETWEEN 5559874 AND 5559974
	Bitmap Heap Scan on sbtest5  (cost=5.49..413.43 rows=103 width=125)
	  Recheck Cond: ((k >= 5559874) AND (k <= 5559974))
	  ->  Bitmap Index Scan on k_5  (cost=0.00..5.46 rows=103 width=0)
	        Index Cond: ((k >= 5559874) AND (k <= 5559974))

table 6 : explain SELECT k, c FROM sbtest6 WHERE k BETWEEN 5559874 AND 5559974
	Bitmap Heap Scan on sbtest6  (cost=5.53..429.16 rows=107 width=125)
	  Recheck Cond: ((k >= 5559874) AND (k <= 5559974))
	  ->  Bitmap Index Scan on k_6  (cost=0.00..5.50 rows=107 width=0)
	        Index Cond: ((k >= 5559874) AND (k <= 5559974))

table 7 : explain SELECT k, c FROM sbtest7 WHERE k BETWEEN 5559874 AND 5559974
	Bitmap Heap Scan on sbtest7  (cost=5.68..484.34 rows=121 width=125)
	  Recheck Cond: ((k >= 5559874) AND (k <= 5559974))
	  ->  Bitmap Index Scan on k_7  (cost=0.00..5.64 rows=121 width=0)
	        Index Cond: ((k >= 5559874) AND (k <= 5559974))

table 8 : explain SELECT k, c FROM sbtest8 WHERE k BETWEEN 5559874 AND 5559974
	Bitmap Heap Scan on sbtest8  (cost=5.45..397.66 rows=99 width=125)
	  Recheck Cond: ((k >= 5559874) AND (k <= 5559974))
	  ->  Bitmap Index Scan on k_8  (cost=0.00..5.42 rows=99 width=0)
	        Index Cond: ((k >= 5559874) AND (k <= 5559974))

explain: for range-notcovered :: explain SELECT k, c FROM sbtest%d WHERE k BETWEEN 4644618 AND 4644718
for range-notcovered
table 1 : explain SELECT k, c FROM sbtest1 WHERE k BETWEEN 8314358 AND 8314458
	Bitmap Heap Scan on sbtest1  (cost=5.46..401.71 rows=100 width=125)
	  Recheck Cond: ((k >= 8314358) AND (k <= 8314458))
	  ->  Bitmap Index Scan on k_1  (cost=0.00..5.43 rows=100 width=0)
	        Index Cond: ((k >= 8314358) AND (k <= 8314458))

table 2 : explain SELECT k, c FROM sbtest2 WHERE k BETWEEN 8314358 AND 8314458
	Bitmap Heap Scan on sbtest2  (cost=5.47..405.46 rows=101 width=125)
	  Recheck Cond: ((k >= 8314358) AND (k <= 8314458))
	  ->  Bitmap Index Scan on k_2  (cost=0.00..5.44 rows=101 width=0)
	        Index Cond: ((k >= 8314358) AND (k <= 8314458))

table 3 : explain SELECT k, c FROM sbtest3 WHERE k BETWEEN 8314358 AND 8314458
	Bitmap Heap Scan on sbtest3  (cost=5.49..413.34 rows=103 width=125)
	  Recheck Cond: ((k >= 8314358) AND (k <= 8314458))
	  ->  Bitmap Index Scan on k_3  (cost=0.00..5.46 rows=103 width=0)
	        Index Cond: ((k >= 8314358) AND (k <= 8314458))

table 4 : explain SELECT k, c FROM sbtest4 WHERE k BETWEEN 8314358 AND 8314458
	Bitmap Heap Scan on sbtest4  (cost=5.55..437.04 rows=109 width=125)
	  Recheck Cond: ((k >= 8314358) AND (k <= 8314458))
	  ->  Bitmap Index Scan on k_4  (cost=0.00..5.52 rows=109 width=0)
	        Index Cond: ((k >= 8314358) AND (k <= 8314458))

table 5 : explain SELECT k, c FROM sbtest5 WHERE k BETWEEN 8314358 AND 8314458
	Bitmap Heap Scan on sbtest5  (cost=5.50..417.37 rows=104 width=125)
	  Recheck Cond: ((k >= 8314358) AND (k <= 8314458))
	  ->  Bitmap Index Scan on k_5  (cost=0.00..5.47 rows=104 width=0)
	        Index Cond: ((k >= 8314358) AND (k <= 8314458))

table 6 : explain SELECT k, c FROM sbtest6 WHERE k BETWEEN 8314358 AND 8314458
	Bitmap Heap Scan on sbtest6  (cost=5.46..401.56 rows=100 width=125)
	  Recheck Cond: ((k >= 8314358) AND (k <= 8314458))
	  ->  Bitmap Index Scan on k_6  (cost=0.00..5.43 rows=100 width=0)
	        Index Cond: ((k >= 8314358) AND (k <= 8314458))

table 7 : explain SELECT k, c FROM sbtest7 WHERE k BETWEEN 8314358 AND 8314458
	Bitmap Heap Scan on sbtest7  (cost=5.46..401.58 rows=100 width=125)
	  Recheck Cond: ((k >= 8314358) AND (k <= 8314458))
	  ->  Bitmap Index Scan on k_7  (cost=0.00..5.43 rows=100 width=0)
	        Index Cond: ((k >= 8314358) AND (k <= 8314458))

table 8 : explain SELECT k, c FROM sbtest8 WHERE k BETWEEN 8314358 AND 8314458
	Bitmap Heap Scan on sbtest8  (cost=5.40..377.92 rows=94 width=125)
	  Recheck Cond: ((k >= 8314358) AND (k <= 8314458))
	  ->  Bitmap Index Scan on k_8  (cost=0.00..5.38 rows=94 width=0)
	        Index Cond: ((k >= 8314358) AND (k <= 8314458))

explain: for range-notcovered :: explain SELECT k, c FROM sbtest%d WHERE k BETWEEN 6515265 AND 6515365
for range-notcovered
table 1 : explain SELECT k, c FROM sbtest1 WHERE k BETWEEN 2619940 AND 2620040
	Bitmap Heap Scan on sbtest1  (cost=5.49..413.54 rows=103 width=125)
	  Recheck Cond: ((k >= 2619940) AND (k <= 2620040))
	  ->  Bitmap Index Scan on k_1  (cost=0.00..5.46 rows=103 width=0)
	        Index Cond: ((k >= 2619940) AND (k <= 2620040))

table 2 : explain SELECT k, c FROM sbtest2 WHERE k BETWEEN 2619940 AND 2620040
	Bitmap Heap Scan on sbtest2  (cost=5.55..437.00 rows=109 width=125)
	  Recheck Cond: ((k >= 2619940) AND (k <= 2620040))
	  ->  Bitmap Index Scan on k_2  (cost=0.00..5.52 rows=109 width=0)
	        Index Cond: ((k >= 2619940) AND (k <= 2620040))

table 3 : explain SELECT k, c FROM sbtest3 WHERE k BETWEEN 2619940 AND 2620040
	Bitmap Heap Scan on sbtest3  (cost=5.48..409.40 rows=102 width=125)
	  Recheck Cond: ((k >= 2619940) AND (k <= 2620040))
	  ->  Bitmap Index Scan on k_3  (cost=0.00..5.45 rows=102 width=0)
	        Index Cond: ((k >= 2619940) AND (k <= 2620040))

table 4 : explain SELECT k, c FROM sbtest4 WHERE k BETWEEN 2619940 AND 2620040
	Bitmap Heap Scan on sbtest4  (cost=5.39..373.94 rows=93 width=125)
	  Recheck Cond: ((k >= 2619940) AND (k <= 2620040))
	  ->  Bitmap Index Scan on k_4  (cost=0.00..5.36 rows=93 width=0)
	        Index Cond: ((k >= 2619940) AND (k <= 2620040))

table 5 : explain SELECT k, c FROM sbtest5 WHERE k BETWEEN 2619940 AND 2620040
	Bitmap Heap Scan on sbtest5  (cost=5.43..389.76 rows=97 width=125)
	  Recheck Cond: ((k >= 2619940) AND (k <= 2620040))
	  ->  Bitmap Index Scan on k_5  (cost=0.00..5.40 rows=97 width=0)
	        Index Cond: ((k >= 2619940) AND (k <= 2620040))

table 6 : explain SELECT k, c FROM sbtest6 WHERE k BETWEEN 2619940 AND 2620040
	Bitmap Heap Scan on sbtest6  (cost=5.51..421.27 rows=105 width=125)
	  Recheck Cond: ((k >= 2619940) AND (k <= 2620040))
	  ->  Bitmap Index Scan on k_6  (cost=0.00..5.48 rows=105 width=0)
	        Index Cond: ((k >= 2619940) AND (k <= 2620040))

table 7 : explain SELECT k, c FROM sbtest7 WHERE k BETWEEN 2619940 AND 2620040
	Bitmap Heap Scan on sbtest7  (cost=5.56..441.01 rows=110 width=125)
	  Recheck Cond: ((k >= 2619940) AND (k <= 2620040))
	  ->  Bitmap Index Scan on k_7  (cost=0.00..5.53 rows=110 width=0)
	        Index Cond: ((k >= 2619940) AND (k <= 2620040))

table 8 : explain SELECT k, c FROM sbtest8 WHERE k BETWEEN 2619940 AND 2620040
	Bitmap Heap Scan on sbtest8  (cost=5.55..437.09 rows=109 width=125)
	  Recheck Cond: ((k >= 2619940) AND (k <= 2620040))
	  ->  Bitmap Index Scan on k_8  (cost=0.00..5.52 rows=109 width=0)
	        Index Cond: ((k >= 2619940) AND (k <= 2620040))

explain: for range-notcovered :: explain SELECT k, c FROM sbtest%d WHERE k BETWEEN 5428658 AND 5428758
for range-notcovered
table 1 : explain SELECT k, c FROM sbtest1 WHERE k BETWEEN 6268598 AND 6268698
	Bitmap Heap Scan on sbtest1  (cost=5.46..401.71 rows=100 width=125)
	  Recheck Cond: ((k >= 6268598) AND (k <= 6268698))
	  ->  Bitmap Index Scan on k_1  (cost=0.00..5.43 rows=100 width=0)
	        Index Cond: ((k >= 6268598) AND (k <= 6268698))

table 2 : explain SELECT k, c FROM sbtest2 WHERE k BETWEEN 6268598 AND 6268698
	Bitmap Heap Scan on sbtest2  (cost=5.47..405.46 rows=101 width=125)
	  Recheck Cond: ((k >= 6268598) AND (k <= 6268698))
	  ->  Bitmap Index Scan on k_2  (cost=0.00..5.44 rows=101 width=0)
	        Index Cond: ((k >= 6268598) AND (k <= 6268698))

table 3 : explain SELECT k, c FROM sbtest3 WHERE k BETWEEN 6268598 AND 6268698
	Bitmap Heap Scan on sbtest3  (cost=5.52..425.16 rows=106 width=125)
	  Recheck Cond: ((k >= 6268598) AND (k <= 6268698))
	  ->  Bitmap Index Scan on k_3  (cost=0.00..5.50 rows=106 width=0)
	        Index Cond: ((k >= 6268598) AND (k <= 6268698))

table 4 : explain SELECT k, c FROM sbtest4 WHERE k BETWEEN 6268598 AND 6268698
	Bitmap Heap Scan on sbtest4  (cost=5.57..444.92 rows=111 width=125)
	  Recheck Cond: ((k >= 6268598) AND (k <= 6268698))
	  ->  Bitmap Index Scan on k_4  (cost=0.00..5.54 rows=111 width=0)
	        Index Cond: ((k >= 6268598) AND (k <= 6268698))

table 5 : explain SELECT k, c FROM sbtest5 WHERE k BETWEEN 6268598 AND 6268698
	Bitmap Heap Scan on sbtest5  (cost=5.48..409.49 rows=102 width=125)
	  Recheck Cond: ((k >= 6268598) AND (k <= 6268698))
	  ->  Bitmap Index Scan on k_5  (cost=0.00..5.45 rows=102 width=0)
	        Index Cond: ((k >= 6268598) AND (k <= 6268698))

table 6 : explain SELECT k, c FROM sbtest6 WHERE k BETWEEN 6268598 AND 6268698
	Bitmap Heap Scan on sbtest6  (cost=5.39..373.94 rows=93 width=125)
	  Recheck Cond: ((k >= 6268598) AND (k <= 6268698))
	  ->  Bitmap Index Scan on k_6  (cost=0.00..5.36 rows=93 width=0)
	        Index Cond: ((k >= 6268598) AND (k <= 6268698))

table 7 : explain SELECT k, c FROM sbtest7 WHERE k BETWEEN 6268598 AND 6268698
	Bitmap Heap Scan on sbtest7  (cost=5.46..401.58 rows=100 width=125)
	  Recheck Cond: ((k >= 6268598) AND (k <= 6268698))
	  ->  Bitmap Index Scan on k_7  (cost=0.00..5.43 rows=100 width=0)
	        Index Cond: ((k >= 6268598) AND (k <= 6268698))

table 8 : explain SELECT k, c FROM sbtest8 WHERE k BETWEEN 6268598 AND 6268698
	Bitmap Heap Scan on sbtest8  (cost=5.41..381.87 rows=95 width=125)
	  Recheck Cond: ((k >= 6268598) AND (k <= 6268698))
	  ->  Bitmap Index Scan on k_8  (cost=0.00..5.38 rows=95 width=0)
	        Index Cond: ((k >= 6268598) AND (k <= 6268698))

for range-notcovered
table 1 : explain SELECT k, c FROM sbtest1 WHERE k BETWEEN 4339301 AND 4339401
	Bitmap Heap Scan on sbtest1  (cost=5.42..385.92 rows=96 width=125)
	  Recheck Cond: ((k >= 4339301) AND (k <= 4339401))
	  ->  Bitmap Index Scan on k_1  (cost=0.00..5.39 rows=96 width=0)
	        Index Cond: ((k >= 4339301) AND (k <= 4339401))

table 2 : explain SELECT k, c FROM sbtest2 WHERE k BETWEEN 4339301 AND 4339401
	Bitmap Heap Scan on sbtest2  (cost=5.47..405.46 rows=101 width=125)
	  Recheck Cond: ((k >= 4339301) AND (k <= 4339401))
	  ->  Bitmap Index Scan on k_2  (cost=0.00..5.44 rows=101 width=0)
	        Index Cond: ((k >= 4339301) AND (k <= 4339401))

table 3 : explain SELECT k, c FROM sbtest3 WHERE k BETWEEN 4339301 AND 4339401
	Bitmap Heap Scan on sbtest3  (cost=5.58..448.80 rows=112 width=125)
	  Recheck Cond: ((k >= 4339301) AND (k <= 4339401))
	  ->  Bitmap Index Scan on k_3  (cost=0.00..5.55 rows=112 width=0)
	        Index Cond: ((k >= 4339301) AND (k <= 4339401))

table 4 : explain SELECT k, c FROM sbtest4 WHERE k BETWEEN 4339301 AND 4339401
	Bitmap Heap Scan on sbtest4  (cost=5.56..440.98 rows=110 width=125)
	  Recheck Cond: ((k >= 4339301) AND (k <= 4339401))
	  ->  Bitmap Index Scan on k_4  (cost=0.00..5.53 rows=110 width=0)
	        Index Cond: ((k >= 4339301) AND (k <= 4339401))

table 5 : explain SELECT k, c FROM sbtest5 WHERE k BETWEEN 4339301 AND 4339401
	Bitmap Heap Scan on sbtest5  (cost=5.43..389.76 rows=97 width=125)
	  Recheck Cond: ((k >= 4339301) AND (k <= 4339401))
	  ->  Bitmap Index Scan on k_5  (cost=0.00..5.40 rows=97 width=0)
	        Index Cond: ((k >= 4339301) AND (k <= 4339401))

table 6 : explain SELECT k, c FROM sbtest6 WHERE k BETWEEN 4339301 AND 4339401
	Bitmap Heap Scan on sbtest6  (cost=5.52..425.21 rows=106 width=125)
	  Recheck Cond: ((k >= 4339301) AND (k <= 4339401))
	  ->  Bitmap Index Scan on k_6  (cost=0.00..5.50 rows=106 width=0)
	        Index Cond: ((k >= 4339301) AND (k <= 4339401))

table 7 : explain SELECT k, c FROM sbtest7 WHERE k BETWEEN 4339301 AND 4339401
	Bitmap Heap Scan on sbtest7  (cost=5.36..362.12 rows=90 width=125)
	  Recheck Cond: ((k >= 4339301) AND (k <= 4339401))
	  ->  Bitmap Index Scan on k_7  (cost=0.00..5.33 rows=90 width=0)
	        Index Cond: ((k >= 4339301) AND (k <= 4339401))

table 8 : explain SELECT k, c FROM sbtest8 WHERE k BETWEEN 4339301 AND 4339401
	Bitmap Heap Scan on sbtest8  (cost=5.51..421.32 rows=105 width=125)
	  Recheck Cond: ((k >= 4339301) AND (k <= 4339401))
	  ->  Bitmap Index Scan on k_8  (cost=0.00..5.48 rows=105 width=0)
	        Index Cond: ((k >= 4339301) AND (k <= 4339401))

explain: for range-notcovered :: explain SELECT k, c FROM sbtest%d WHERE k BETWEEN 5520301 AND 5520401
for range-notcovered
table 1 : explain SELECT k, c FROM sbtest1 WHERE k BETWEEN 3509700 AND 3509800
	Bitmap Heap Scan on sbtest1  (cost=5.56..441.15 rows=110 width=125)
	  Recheck Cond: ((k >= 3509700) AND (k <= 3509800))
	  ->  Bitmap Index Scan on k_1  (cost=0.00..5.53 rows=110 width=0)
	        Index Cond: ((k >= 3509700) AND (k <= 3509800))

table 2 : explain SELECT k, c FROM sbtest2 WHERE k BETWEEN 3509700 AND 3509800
	Bitmap Heap Scan on sbtest2  (cost=5.46..401.52 rows=100 width=125)
	  Recheck Cond: ((k >= 3509700) AND (k <= 3509800))
	  ->  Bitmap Index Scan on k_2  (cost=0.00..5.43 rows=100 width=0)
	        Index Cond: ((k >= 3509700) AND (k <= 3509800))

table 3 : explain SELECT k, c FROM sbtest3 WHERE k BETWEEN 3509700 AND 3509800
	Bitmap Heap Scan on sbtest3  (cost=5.55..436.99 rows=109 width=125)
	  Recheck Cond: ((k >= 3509700) AND (k <= 3509800))
	  ->  Bitmap Index Scan on k_3  (cost=0.00..5.52 rows=109 width=0)
	        Index Cond: ((k >= 3509700) AND (k <= 3509800))

table 4 : explain SELECT k, c FROM sbtest4 WHERE k BETWEEN 3509700 AND 3509800
	Bitmap Heap Scan on sbtest4  (cost=5.42..385.77 rows=96 width=125)
	  Recheck Cond: ((k >= 3509700) AND (k <= 3509800))
	  ->  Bitmap Index Scan on k_4  (cost=0.00..5.39 rows=96 width=0)
	        Index Cond: ((k >= 3509700) AND (k <= 3509800))

table 5 : explain SELECT k, c FROM sbtest5 WHERE k BETWEEN 3509700 AND 3509800
	Bitmap Heap Scan on sbtest5  (cost=5.43..389.76 rows=97 width=125)
	  Recheck Cond: ((k >= 3509700) AND (k <= 3509800))
	  ->  Bitmap Index Scan on k_5  (cost=0.00..5.40 rows=97 width=0)
	        Index Cond: ((k >= 3509700) AND (k <= 3509800))

table 6 : explain SELECT k, c FROM sbtest6 WHERE k BETWEEN 3509700 AND 3509800
	Bitmap Heap Scan on sbtest6  (cost=5.49..413.39 rows=103 width=125)
	  Recheck Cond: ((k >= 3509700) AND (k <= 3509800))
	  ->  Bitmap Index Scan on k_6  (cost=0.00..5.46 rows=103 width=0)
	        Index Cond: ((k >= 3509700) AND (k <= 3509800))

table 7 : explain SELECT k, c FROM sbtest7 WHERE k BETWEEN 3509700 AND 3509800
	Bitmap Heap Scan on sbtest7  (cost=5.51..421.30 rows=105 width=125)
	  Recheck Cond: ((k >= 3509700) AND (k <= 3509800))
	  ->  Bitmap Index Scan on k_7  (cost=0.00..5.48 rows=105 width=0)
	        Index Cond: ((k >= 3509700) AND (k <= 3509800))

table 8 : explain SELECT k, c FROM sbtest8 WHERE k BETWEEN 3509700 AND 3509800
	Bitmap Heap Scan on sbtest8  (cost=5.56..441.03 rows=110 width=125)
	  Recheck Cond: ((k >= 3509700) AND (k <= 3509800))
	  ->  Bitmap Index Scan on k_8  (cost=0.00..5.53 rows=110 width=0)
	        Index Cond: ((k >= 3509700) AND (k <= 3509800))
explain: for range-notcovered :: explain SELECT k, c FROM sbtest%d WHERE k BETWEEN 2619940 AND 2620040explain: for range-notcovered :: explain SELECT k, c FROM sbtest%d WHERE k BETWEEN 5559874 AND 5559974

for range-notcovered
table 1 : explain SELECT k, c FROM sbtest1 WHERE k BETWEEN 5256120 AND 5256220
	Bitmap Heap Scan on sbtest1  (cost=5.64..472.68 rows=118 width=125)
	  Recheck Cond: ((k >= 5256120) AND (k <= 5256220))
	  ->  Bitmap Index Scan on k_1  (cost=0.00..5.61 rows=118 width=0)
	        Index Cond: ((k >= 5256120) AND (k <= 5256220))

table 2 : explain SELECT k, c FROM sbtest2 WHERE k BETWEEN 5256120 AND 5256220
	Bitmap Heap Scan on sbtest2  (cost=5.49..413.35 rows=103 width=125)
	  Recheck Cond: ((k >= 5256120) AND (k <= 5256220))
	  ->  Bitmap Index Scan on k_2  (cost=0.00..5.46 rows=103 width=0)
	        Index Cond: ((k >= 5256120) AND (k <= 5256220))

table 3 : explain SELECT k, c FROM sbtest3 WHERE k BETWEEN 5256120 AND 5256220
	Bitmap Heap Scan on sbtest3  (cost=5.57..444.87 rows=111 width=125)
	  Recheck Cond: ((k >= 5256120) AND (k <= 5256220))
	  ->  Bitmap Index Scan on k_3  (cost=0.00..5.54 rows=111 width=0)
	        Index Cond: ((k >= 5256120) AND (k <= 5256220))

table 4 : explain SELECT k, c FROM sbtest4 WHERE k BETWEEN 5256120 AND 5256220
	Bitmap Heap Scan on sbtest4  (cost=5.48..409.44 rows=102 width=125)
	  Recheck Cond: ((k >= 5256120) AND (k <= 5256220))
	  ->  Bitmap Index Scan on k_4  (cost=0.00..5.45 rows=102 width=0)
	        Index Cond: ((k >= 5256120) AND (k <= 5256220))

table 5 : explain SELECT k, c FROM sbtest5 WHERE k BETWEEN 5256120 AND 5256220
	Bitmap Heap Scan on sbtest5  (cost=5.50..417.37 rows=104 width=125)
	  Recheck Cond: ((k >= 5256120) AND (k <= 5256220))
	  ->  Bitmap Index Scan on k_5  (cost=0.00..5.47 rows=104 width=0)
	        Index Cond: ((k >= 5256120) AND (k <= 5256220))

table 6 : explain SELECT k, c FROM sbtest6 WHERE k BETWEEN 5256120 AND 5256220
	Bitmap Heap Scan on sbtest6  (cost=5.56..440.98 rows=110 width=125)
	  Recheck Cond: ((k >= 5256120) AND (k <= 5256220))
	  ->  Bitmap Index Scan on k_6  (cost=0.00..5.53 rows=110 width=0)
	        Index Cond: ((k >= 5256120) AND (k <= 5256220))

table 7 : explain SELECT k, c FROM sbtest7 WHERE k BETWEEN 5256120 AND 5256220
	Bitmap Heap Scan on sbtest7  (cost=5.50..417.36 rows=104 width=125)
	  Recheck Cond: ((k >= 5256120) AND (k <= 5256220))
	  ->  Bitmap Index Scan on k_7  (cost=0.00..5.47 rows=104 width=0)
	        Index Cond: ((k >= 5256120) AND (k <= 5256220))

table 8 : explain SELECT k, c FROM sbtest8 WHERE k BETWEEN 5256120 AND 5256220
	Bitmap Heap Scan on sbtest8  (cost=5.51..421.32 rows=105 width=125)
	  Recheck Cond: ((k >= 5256120) AND (k <= 5256220))
	  ->  Bitmap Index Scan on k_8  (cost=0.00..5.48 rows=105 width=0)
	        Index Cond: ((k >= 5256120) AND (k <= 5256220))

explain: for range-notcovered :: explain SELECT k, c FROM sbtest%d WHERE k BETWEEN 8314358 AND 8314458
explain: for range-notcovered :: explain SELECT k, c FROM sbtest%d WHERE k BETWEEN 4339301 AND 4339401
explain: for range-notcovered :: explain SELECT k, c FROM sbtest%d WHERE k BETWEEN 2131083 AND 2131183

for range-notcovered
table 1 : explain SELECT k, c FROM sbtest1 WHERE k BETWEEN 6399033 AND 6399133
	Bitmap Heap Scan on sbtest1  (cost=5.41..381.97 rows=95 width=125)
	  Recheck Cond: ((k >= 6399033) AND (k <= 6399133))
	  ->  Bitmap Index Scan on k_1  (cost=0.00..5.38 rows=95 width=0)
	        Index Cond: ((k >= 6399033) AND (k <= 6399133))

table 2 : explain SELECT k, c FROM sbtest2 WHERE k BETWEEN 6399033 AND 6399133
	Bitmap Heap Scan on sbtest2  (cost=5.49..413.35 rows=103 width=125)
	  Recheck Cond: ((k >= 6399033) AND (k <= 6399133))
	  ->  Bitmap Index Scan on k_2  (cost=0.00..5.46 rows=103 width=0)
	        Index Cond: ((k >= 6399033) AND (k <= 6399133))

table 3 : explain SELECT k, c FROM sbtest3 WHERE k BETWEEN 6399033 AND 6399133
	Bitmap Heap Scan on sbtest3  (cost=5.46..401.51 rows=100 width=125)
	  Recheck Cond: ((k >= 6399033) AND (k <= 6399133))
	  ->  Bitmap Index Scan on k_3  (cost=0.00..5.43 rows=100 width=0)
	        Index Cond: ((k >= 6399033) AND (k <= 6399133))

table 4 : explain SELECT k, c FROM sbtest4 WHERE k BETWEEN 6399033 AND 6399133
	Bitmap Heap Scan on sbtest4  (cost=5.55..437.04 rows=109 width=125)
	  Recheck Cond: ((k >= 6399033) AND (k <= 6399133))
	  ->  Bitmap Index Scan on k_4  (cost=0.00..5.52 rows=109 width=0)
	        Index Cond: ((k >= 6399033) AND (k <= 6399133))

table 5 : explain SELECT k, c FROM sbtest5 WHERE k BETWEEN 6399033 AND 6399133
	Bitmap Heap Scan on sbtest5  (cost=5.40..377.92 rows=94 width=125)
	  Recheck Cond: ((k >= 6399033) AND (k <= 6399133))
	  ->  Bitmap Index Scan on k_5  (cost=0.00..5.38 rows=94 width=0)
	        Index Cond: ((k >= 6399033) AND (k <= 6399133))

table 6 : explain SELECT k, c FROM sbtest6 WHERE k BETWEEN 6399033 AND 6399133
	Bitmap Heap Scan on sbtest6  (cost=5.55..437.04 rows=109 width=125)
	  Recheck Cond: ((k >= 6399033) AND (k <= 6399133))
	  ->  Bitmap Index Scan on k_6  (cost=0.00..5.52 rows=109 width=0)
	        Index Cond: ((k >= 6399033) AND (k <= 6399133))

table 7 : explain SELECT k, c FROM sbtest7 WHERE k BETWEEN 6399033 AND 6399133
	Bitmap Heap Scan on sbtest7  (cost=5.54..433.13 rows=108 width=125)
	  Recheck Cond: ((k >= 6399033) AND (k <= 6399133))
	  ->  Bitmap Index Scan on k_7  (cost=0.00..5.51 rows=108 width=0)
	        Index Cond: ((k >= 6399033) AND (k <= 6399133))

table 8 : explain SELECT k, c FROM sbtest8 WHERE k BETWEEN 6399033 AND 6399133
	Bitmap Heap Scan on sbtest8  (cost=5.49..413.43 rows=103 width=125)
	  Recheck Cond: ((k >= 6399033) AND (k <= 6399133))
	  ->  Bitmap Index Scan on k_8  (cost=0.00..5.46 rows=103 width=0)
	        Index Cond: ((k >= 6399033) AND (k <= 6399133))

for range-notcovered
table 1 : explain SELECT k, c FROM sbtest1 WHERE k BETWEEN 991256 AND 991356
	Bitmap Heap Scan on sbtest1  (cost=5.44..393.81 rows=98 width=125)
	  Recheck Cond: ((k >= 991256) AND (k <= 991356))
	  ->  Bitmap Index Scan on k_1  (cost=0.00..5.42 rows=98 width=0)
	        Index Cond: ((k >= 991256) AND (k <= 991356))

table 2 : explain SELECT k, c FROM sbtest2 WHERE k BETWEEN 991256 AND 991356
	Bitmap Heap Scan on sbtest2  (cost=5.48..409.41 rows=102 width=125)
	  Recheck Cond: ((k >= 991256) AND (k <= 991356))
	  ->  Bitmap Index Scan on k_2  (cost=0.00..5.45 rows=102 width=0)
	        Index Cond: ((k >= 991256) AND (k <= 991356))

table 3 : explain SELECT k, c FROM sbtest3 WHERE k BETWEEN 991256 AND 991356
	Bitmap Heap Scan on sbtest3  (cost=5.39..373.90 rows=93 width=125)
	  Recheck Cond: ((k >= 991256) AND (k <= 991356))
	  ->  Bitmap Index Scan on k_3  (cost=0.00..5.36 rows=93 width=0)
	        Index Cond: ((k >= 991256) AND (k <= 991356))

table 4 : explain SELECT k, c FROM sbtest4 WHERE k BETWEEN 991256 AND 991356
	Bitmap Heap Scan on sbtest4  (cost=5.52..425.21 rows=106 width=125)
	  Recheck Cond: ((k >= 991256) AND (k <= 991356))
	  ->  Bitmap Index Scan on k_4  (cost=0.00..5.50 rows=106 width=0)
	        Index Cond: ((k >= 991256) AND (k <= 991356))

table 5 : explain SELECT k, c FROM sbtest5 WHERE k BETWEEN 991256 AND 991356
	Bitmap Heap Scan on sbtest5  (cost=5.47..405.54 rows=101 width=125)
	  Recheck Cond: ((k >= 991256) AND (k <= 991356))
	  ->  Bitmap Index Scan on k_5  (cost=0.00..5.44 rows=101 width=0)
	        Index Cond: ((k >= 991256) AND (k <= 991356))

table 6 : explain SELECT k, c FROM sbtest6 WHERE k BETWEEN 991256 AND 991356
	Bitmap Heap Scan on sbtest6  (cost=5.39..373.94 rows=93 width=125)
	  Recheck Cond: ((k >= 991256) AND (k <= 991356))
	  ->  Bitmap Index Scan on k_6  (cost=0.00..5.36 rows=93 width=0)
	        Index Cond: ((k >= 991256) AND (k <= 991356))

table 7 : explain SELECT k, c FROM sbtest7 WHERE k BETWEEN 991256 AND 991356
	Bitmap Heap Scan on sbtest7  (cost=5.39..373.96 rows=93 width=125)
	  Recheck Cond: ((k >= 991256) AND (k <= 991356))
	  ->  Bitmap Index Scan on k_7  (cost=0.00..5.36 rows=93 width=0)
	        Index Cond: ((k >= 991256) AND (k <= 991356))

table 8 : explain SELECT k, c FROM sbtest8 WHERE k BETWEEN 991256 AND 991356
	Bitmap Heap Scan on sbtest8  (cost=5.52..425.26 rows=106 width=125)
	  Recheck Cond: ((k >= 991256) AND (k <= 991356))
	  ->  Bitmap Index Scan on k_8  (cost=0.00..5.50 rows=106 width=0)
	        Index Cond: ((k >= 991256) AND (k <= 991356))
for range-notcovered
table 1 : explain SELECT k, c FROM sbtest1 WHERE k BETWEEN 4998269 AND 4998369
	Bitmap Heap Scan on sbtest1  (cost=5.50..417.49 rows=104 width=125)
	  Recheck Cond: ((k >= 4998269) AND (k <= 4998369))
	  ->  Bitmap Index Scan on k_1  (cost=0.00..5.47 rows=104 width=0)
	        Index Cond: ((k >= 4998269) AND (k <= 4998369))

table 2 : explain SELECT k, c FROM sbtest2 WHERE k BETWEEN 4998269 AND 4998369
	Bitmap Heap Scan on sbtest2  (cost=5.52..425.18 rows=106 width=125)
	  Recheck Cond: ((k >= 4998269) AND (k <= 4998369))
	  ->  Bitmap Index Scan on k_2  (cost=0.00..5.50 rows=106 width=0)
	        Index Cond: ((k >= 4998269) AND (k <= 4998369))

table 3 : explain SELECT k, c FROM sbtest3 WHERE k BETWEEN 4998269 AND 4998369
	Bitmap Heap Scan on sbtest3  (cost=5.35..358.11 rows=89 width=125)
	  Recheck Cond: ((k >= 4998269) AND (k <= 4998369))
	  ->  Bitmap Index Scan on k_3  (cost=0.00..5.32 rows=89 width=0)
	        Index Cond: ((k >= 4998269) AND (k <= 4998369))

table 4 : explain SELECT k, c FROM sbtest4 WHERE k BETWEEN 4998269 AND 4998369
	Bitmap Heap Scan on sbtest4  (cost=5.48..409.44 rows=102 width=125)
	  Recheck Cond: ((k >= 4998269) AND (k <= 4998369))
	  ->  Bitmap Index Scan on k_4  (cost=0.00..5.45 rows=102 width=0)
	        Index Cond: ((k >= 4998269) AND (k <= 4998369))

table 5 : explain SELECT k, c FROM sbtest5 WHERE k BETWEEN 4998269 AND 4998369
	Bitmap Heap Scan on sbtest5  (cost=5.51..421.32 rows=105 width=125)
	  Recheck Cond: ((k >= 4998269) AND (k <= 4998369))
	  ->  Bitmap Index Scan on k_5  (cost=0.00..5.48 rows=105 width=0)
	        Index Cond: ((k >= 4998269) AND (k <= 4998369))

table 6 : explain SELECT k, c FROM sbtest6 WHERE k BETWEEN 4998269 AND 4998369
	Bitmap Heap Scan on sbtest6  (cost=5.50..417.33 rows=104 width=125)
	  Recheck Cond: ((k >= 4998269) AND (k <= 4998369))
	  ->  Bitmap Index Scan on k_6  (cost=0.00..5.47 rows=104 width=0)
	        Index Cond: ((k >= 4998269) AND (k <= 4998369))

table 7 : explain SELECT k, c FROM sbtest7 WHERE k BETWEEN 4998269 AND 4998369
	Bitmap Heap Scan on sbtest7  (cost=5.54..433.13 rows=108 width=125)
	  Recheck Cond: ((k >= 4998269) AND (k <= 4998369))
	  ->  Bitmap Index Scan on k_7  (cost=0.00..5.51 rows=108 width=0)
	        Index Cond: ((k >= 4998269) AND (k <= 4998369))

table 8 : explain SELECT k, c FROM sbtest8 WHERE k BETWEEN 4998269 AND 4998369
	Bitmap Heap Scan on sbtest8  (cost=5.46..401.60 rows=100 width=125)
	  Recheck Cond: ((k >= 4998269) AND (k <= 4998369))
	  ->  Bitmap Index Scan on k_8  (cost=0.00..5.43 rows=100 width=0)
	        Index Cond: ((k >= 4998269) AND (k <= 4998369))
for range-notcovered
table 1 : explain SELECT k, c FROM sbtest1 WHERE k BETWEEN 6392831 AND 6392931
	Bitmap Heap Scan on sbtest1  (cost=5.41..381.97 rows=95 width=125)
	  Recheck Cond: ((k >= 6392831) AND (k <= 6392931))
	  ->  Bitmap Index Scan on k_1  (cost=0.00..5.38 rows=95 width=0)
	        Index Cond: ((k >= 6392831) AND (k <= 6392931))

table 2 : explain SELECT k, c FROM sbtest2 WHERE k BETWEEN 6392831 AND 6392931
	Bitmap Heap Scan on sbtest2  (cost=5.49..413.35 rows=103 width=125)
	  Recheck Cond: ((k >= 6392831) AND (k <= 6392931))
	  ->  Bitmap Index Scan on k_2  (cost=0.00..5.46 rows=103 width=0)
	        Index Cond: ((k >= 6392831) AND (k <= 6392931))

table 3 : explain SELECT k, c FROM sbtest3 WHERE k BETWEEN 6392831 AND 6392931
	Bitmap Heap Scan on sbtest3  (cost=5.46..401.51 rows=100 width=125)
	  Recheck Cond: ((k >= 6392831) AND (k <= 6392931))
	  ->  Bitmap Index Scan on k_3  (cost=0.00..5.43 rows=100 width=0)
	        Index Cond: ((k >= 6392831) AND (k <= 6392931))

table 4 : explain SELECT k, c FROM sbtest4 WHERE k BETWEEN 6392831 AND 6392931
	Bitmap Heap Scan on sbtest4  (cost=5.55..437.04 rows=109 width=125)
	  Recheck Cond: ((k >= 6392831) AND (k <= 6392931))
	  ->  Bitmap Index Scan on k_4  (cost=0.00..5.52 rows=109 width=0)
	        Index Cond: ((k >= 6392831) AND (k <= 6392931))

table 5 : explain SELECT k, c FROM sbtest5 WHERE k BETWEEN 6392831 AND 6392931
	Bitmap Heap Scan on sbtest5  (cost=5.40..377.92 rows=94 width=125)
	  Recheck Cond: ((k >= 6392831) AND (k <= 6392931))
	  ->  Bitmap Index Scan on k_5  (cost=0.00..5.38 rows=94 width=0)
	        Index Cond: ((k >= 6392831) AND (k <= 6392931))

table 6 : explain SELECT k, c FROM sbtest6 WHERE k BETWEEN 6392831 AND 6392931
	Bitmap Heap Scan on sbtest6  (cost=5.55..437.04 rows=109 width=125)
	  Recheck Cond: ((k >= 6392831) AND (k <= 6392931))
	  ->  Bitmap Index Scan on k_6  (cost=0.00..5.52 rows=109 width=0)
	        Index Cond: ((k >= 6392831) AND (k <= 6392931))

table 7 : explain SELECT k, c FROM sbtest7 WHERE k BETWEEN 6392831 AND 6392931
	Bitmap Heap Scan on sbtest7  (cost=5.54..433.13 rows=108 width=125)
	  Recheck Cond: ((k >= 6392831) AND (k <= 6392931))
	  ->  Bitmap Index Scan on k_7  (cost=0.00..5.51 rows=108 width=0)
	        Index Cond: ((k >= 6392831) AND (k <= 6392931))

table 8 : explain SELECT k, c FROM sbtest8 WHERE k BETWEEN 6392831 AND 6392931
	Bitmap Heap Scan on sbtest8  (cost=5.49..413.43 rows=103 width=125)
	  Recheck Cond: ((k >= 6392831) AND (k <= 6392931))
	  ->  Bitmap Index Scan on k_8  (cost=0.00..5.46 rows=103 width=0)
	        Index Cond: ((k >= 6392831) AND (k <= 6392931))

explain: for range-notcovered :: explain SELECT k, c FROM sbtest%d WHERE k BETWEEN 3509700 AND 3509800

for range-notcovered
table 1 : explain SELECT k, c FROM sbtest1 WHERE k BETWEEN 1754192 AND 1754292
	Bitmap Heap Scan on sbtest1  (cost=5.52..425.38 rows=106 width=125)
	  Recheck Cond: ((k >= 1754192) AND (k <= 1754292))
	  ->  Bitmap Index Scan on k_1  (cost=0.00..5.50 rows=106 width=0)
	        Index Cond: ((k >= 1754192) AND (k <= 1754292))

table 2 : explain SELECT k, c FROM sbtest2 WHERE k BETWEEN 1754192 AND 1754292
	Bitmap Heap Scan on sbtest2  (cost=5.43..389.69 rows=97 width=125)
	  Recheck Cond: ((k >= 1754192) AND (k <= 1754292))
	  ->  Bitmap Index Scan on k_2  (cost=0.00..5.40 rows=97 width=0)
	        Index Cond: ((k >= 1754192) AND (k <= 1754292))

table 3 : explain SELECT k, c FROM sbtest3 WHERE k BETWEEN 1754192 AND 1754292
	Bitmap Heap Scan on sbtest3  (cost=5.51..421.22 rows=105 width=125)
	  Recheck Cond: ((k >= 1754192) AND (k <= 1754292))
	  ->  Bitmap Index Scan on k_3  (cost=0.00..5.48 rows=105 width=0)
	        Index Cond: ((k >= 1754192) AND (k <= 1754292))

table 4 : explain SELECT k, c FROM sbtest4 WHERE k BETWEEN 1754192 AND 1754292
	Bitmap Heap Scan on sbtest4  (cost=5.60..456.73 rows=114 width=125)
	  Recheck Cond: ((k >= 1754192) AND (k <= 1754292))
	  ->  Bitmap Index Scan on k_4  (cost=0.00..5.58 rows=114 width=0)
	        Index Cond: ((k >= 1754192) AND (k <= 1754292))

table 5 : explain SELECT k, c FROM sbtest5 WHERE k BETWEEN 1754192 AND 1754292
	Bitmap Heap Scan on sbtest5  (cost=5.36..362.13 rows=90 width=125)
	  Recheck Cond: ((k >= 1754192) AND (k <= 1754292))
	  ->  Bitmap Index Scan on k_5  (cost=0.00..5.33 rows=90 width=0)
	        Index Cond: ((k >= 1754192) AND (k <= 1754292))

table 6 : explain SELECT k, c FROM sbtest6 WHERE k BETWEEN 1754192 AND 1754292
	Bitmap Heap Scan on sbtest6  (cost=5.48..409.44 rows=102 width=125)
	  Recheck Cond: ((k >= 1754192) AND (k <= 1754292))
	  ->  Bitmap Index Scan on k_6  (cost=0.00..5.45 rows=102 width=0)
	        Index Cond: ((k >= 1754192) AND (k <= 1754292))

table 7 : explain SELECT k, c FROM sbtest7 WHERE k BETWEEN 1754192 AND 1754292
	Bitmap Heap Scan on sbtest7  (cost=5.43..389.75 rows=97 width=125)
	  Recheck Cond: ((k >= 1754192) AND (k <= 1754292))
	  ->  Bitmap Index Scan on k_7  (cost=0.00..5.40 rows=97 width=0)
	        Index Cond: ((k >= 1754192) AND (k <= 1754292))

table 8 : explain SELECT k, c FROM sbtest8 WHERE k BETWEEN 1754192 AND 1754292
	Bitmap Heap Scan on sbtest8  (cost=5.36..362.13 rows=90 width=125)
	  Recheck Cond: ((k >= 1754192) AND (k <= 1754292))
	  ->  Bitmap Index Scan on k_8  (cost=0.00..5.33 rows=90 width=0)
	        Index Cond: ((k >= 1754192) AND (k <= 1754292))

explain: for range-notcovered :: explain SELECT k, c FROM sbtest%d WHERE k BETWEEN 6268598 AND 6268698

explain: for range-notcovered :: explain SELECT k, c FROM sbtest%d WHERE k BETWEEN 5256120 AND 5256220
for range-notcovered
table 1 : explain SELECT k, c FROM sbtest1 WHERE k BETWEEN 4856690 AND 4856790
	Bitmap Heap Scan on sbtest1  (cost=5.49..413.54 rows=103 width=125)
	  Recheck Cond: ((k >= 4856690) AND (k <= 4856790))
	  ->  Bitmap Index Scan on k_1  (cost=0.00..5.46 rows=103 width=0)
	        Index Cond: ((k >= 4856690) AND (k <= 4856790))

table 2 : explain SELECT k, c FROM sbtest2 WHERE k BETWEEN 4856690 AND 4856790
	Bitmap Heap Scan on sbtest2  (cost=5.54..433.06 rows=108 width=125)
	  Recheck Cond: ((k >= 4856690) AND (k <= 4856790))
	  ->  Bitmap Index Scan on k_2  (cost=0.00..5.51 rows=108 width=0)
	        Index Cond: ((k >= 4856690) AND (k <= 4856790))

table 3 : explain SELECT k, c FROM sbtest3 WHERE k BETWEEN 4856690 AND 4856790
	Bitmap Heap Scan on sbtest3  (cost=5.50..417.28 rows=104 width=125)
	  Recheck Cond: ((k >= 4856690) AND (k <= 4856790))
	  ->  Bitmap Index Scan on k_3  (cost=0.00..5.47 rows=104 width=0)
	        Index Cond: ((k >= 4856690) AND (k <= 4856790))

table 4 : explain SELECT k, c FROM sbtest4 WHERE k BETWEEN 4856690 AND 4856790
	Bitmap Heap Scan on sbtest4  (cost=5.51..421.27 rows=105 width=125)
	  Recheck Cond: ((k >= 4856690) AND (k <= 4856790))
	  ->  Bitmap Index Scan on k_4  (cost=0.00..5.48 rows=105 width=0)
	        Index Cond: ((k >= 4856690) AND (k <= 4856790))

table 5 : explain SELECT k, c FROM sbtest5 WHERE k BETWEEN 4856690 AND 4856790
	Bitmap Heap Scan on sbtest5  (cost=5.45..397.65 rows=99 width=125)
	  Recheck Cond: ((k >= 4856690) AND (k <= 4856790))
	  ->  Bitmap Index Scan on k_5  (cost=0.00..5.42 rows=99 width=0)
	        Index Cond: ((k >= 4856690) AND (k <= 4856790))

table 6 : explain SELECT k, c FROM sbtest6 WHERE k BETWEEN 4856690 AND 4856790
	Bitmap Heap Scan on sbtest6  (cost=5.40..377.88 rows=94 width=125)
	  Recheck Cond: ((k >= 4856690) AND (k <= 4856790))
	  ->  Bitmap Index Scan on k_6  (cost=0.00..5.38 rows=94 width=0)
	        Index Cond: ((k >= 4856690) AND (k <= 4856790))

table 7 : explain SELECT k, c FROM sbtest7 WHERE k BETWEEN 4856690 AND 4856790
	Bitmap Heap Scan on sbtest7  (cost=5.57..444.95 rows=111 width=125)
	  Recheck Cond: ((k >= 4856690) AND (k <= 4856790))
	  ->  Bitmap Index Scan on k_7  (cost=0.00..5.54 rows=111 width=0)
	        Index Cond: ((k >= 4856690) AND (k <= 4856790))

table 8 : explain SELECT k, c FROM sbtest8 WHERE k BETWEEN 4856690 AND 4856790
	Bitmap Heap Scan on sbtest8  (cost=5.69..488.29 rows=122 width=125)
	  Recheck Cond: ((k >= 4856690) AND (k <= 4856790))
	  ->  Bitmap Index Scan on k_8  (cost=0.00..5.65 rows=122 width=0)
	        Index Cond: ((k >= 4856690) AND (k <= 4856790))

for range-notcovered
table 1 : explain SELECT k, c FROM sbtest1 WHERE k BETWEEN 5367980 AND 5368080
	Bitmap Heap Scan on sbtest1  (cost=5.46..401.71 rows=100 width=125)
	  Recheck Cond: ((k >= 5367980) AND (k <= 5368080))
	  ->  Bitmap Index Scan on k_1  (cost=0.00..5.43 rows=100 width=0)
	        Index Cond: ((k >= 5367980) AND (k <= 5368080))

table 2 : explain SELECT k, c FROM sbtest2 WHERE k BETWEEN 5367980 AND 5368080
	Bitmap Heap Scan on sbtest2  (cost=5.48..409.41 rows=102 width=125)
	  Recheck Cond: ((k >= 5367980) AND (k <= 5368080))
	  ->  Bitmap Index Scan on k_2  (cost=0.00..5.45 rows=102 width=0)
	        Index Cond: ((k >= 5367980) AND (k <= 5368080))

table 3 : explain SELECT k, c FROM sbtest3 WHERE k BETWEEN 5367980 AND 5368080
	Bitmap Heap Scan on sbtest3  (cost=5.56..440.93 rows=110 width=125)
	  Recheck Cond: ((k >= 5367980) AND (k <= 5368080))
	  ->  Bitmap Index Scan on k_3  (cost=0.00..5.53 rows=110 width=0)
	        Index Cond: ((k >= 5367980) AND (k <= 5368080))

table 4 : explain SELECT k, c FROM sbtest4 WHERE k BETWEEN 5367980 AND 5368080
	Bitmap Heap Scan on sbtest4  (cost=5.47..405.50 rows=101 width=125)
	  Recheck Cond: ((k >= 5367980) AND (k <= 5368080))
	  ->  Bitmap Index Scan on k_4  (cost=0.00..5.44 rows=101 width=0)
	        Index Cond: ((k >= 5367980) AND (k <= 5368080))

table 5 : explain SELECT k, c FROM sbtest5 WHERE k BETWEEN 5367980 AND 5368080
	Bitmap Heap Scan on sbtest5  (cost=5.44..393.71 rows=98 width=125)
	  Recheck Cond: ((k >= 5367980) AND (k <= 5368080))
	  ->  Bitmap Index Scan on k_5  (cost=0.00..5.42 rows=98 width=0)
	        Index Cond: ((k >= 5367980) AND (k <= 5368080))

table 6 : explain SELECT k, c FROM sbtest6 WHERE k BETWEEN 5367980 AND 5368080
	Bitmap Heap Scan on sbtest6  (cost=5.57..444.92 rows=111 width=125)
	  Recheck Cond: ((k >= 5367980) AND (k <= 5368080))
	  ->  Bitmap Index Scan on k_6  (cost=0.00..5.54 rows=111 width=0)
	        Index Cond: ((k >= 5367980) AND (k <= 5368080))

table 7 : explain SELECT k, c FROM sbtest7 WHERE k BETWEEN 5367980 AND 5368080
	Bitmap Heap Scan on sbtest7  (cost=5.42..385.80 rows=96 width=125)
	  Recheck Cond: ((k >= 5367980) AND (k <= 5368080))
	  ->  Bitmap Index Scan on k_7  (cost=0.00..5.39 rows=96 width=0)
	        Index Cond: ((k >= 5367980) AND (k <= 5368080))

table 8 : explain SELECT k, c FROM sbtest8 WHERE k BETWEEN 5367980 AND 5368080
	Bitmap Heap Scan on sbtest8  (cost=5.53..429.21 rows=107 width=125)
	  Recheck Cond: ((k >= 5367980) AND (k <= 5368080))
	  ->  Bitmap Index Scan on k_8  (cost=0.00..5.50 rows=107 width=0)
	        Index Cond: ((k >= 5367980) AND (k <= 5368080))

explain: for range-notcovered :: explain SELECT k, c FROM sbtest%d WHERE k BETWEEN 6399033 AND 6399133for range-notcovered
table 1 : explain SELECT k, c FROM sbtest1 WHERE k BETWEEN 5001658 AND 5001758
	Bitmap Heap Scan on sbtest1  (cost=5.50..417.49 rows=104 width=125)
	  Recheck Cond: ((k >= 5001658) AND (k <= 5001758))
	  ->  Bitmap Index Scan on k_1  (cost=0.00..5.47 rows=104 width=0)
	        Index Cond: ((k >= 5001658) AND (k <= 5001758))

table 2 : explain SELECT k, c FROM sbtest2 WHERE k BETWEEN 5001658 AND 5001758
	Bitmap Heap Scan on sbtest2  (cost=5.38..369.96 rows=92 width=125)
	  Recheck Cond: ((k >= 5001658) AND (k <= 5001758))
	  ->  Bitmap Index Scan on k_2  (cost=0.00..5.35 rows=92 width=0)
	        Index Cond: ((k >= 5001658) AND (k <= 5001758))

table 3 : explain SELECT k, c FROM sbtest3 WHERE k BETWEEN 5001658 AND 5001758
	Bitmap Heap Scan on sbtest3  (cost=5.35..358.11 rows=89 width=125)
	  Recheck Cond: ((k >= 5001658) AND (k <= 5001758))
	  ->  Bitmap Index Scan on k_3  (cost=0.00..5.32 rows=89 width=0)
	        Index Cond: ((k >= 5001658) AND (k <= 5001758))

table 4 : explain SELECT k, c FROM sbtest4 WHERE k BETWEEN 5001658 AND 5001758
	Bitmap Heap Scan on sbtest4  (cost=5.48..409.44 rows=102 width=125)
	  Recheck Cond: ((k >= 5001658) AND (k <= 5001758))
	  ->  Bitmap Index Scan on k_4  (cost=0.00..5.45 rows=102 width=0)
	        Index Cond: ((k >= 5001658) AND (k <= 5001758))

table 5 : explain SELECT k, c FROM sbtest5 WHERE k BETWEEN 5001658 AND 5001758
	Bitmap Heap Scan on sbtest5  (cost=5.51..421.32 rows=105 width=125)
	  Recheck Cond: ((k >= 5001658) AND (k <= 5001758))
	  ->  Bitmap Index Scan on k_5  (cost=0.00..5.48 rows=105 width=0)
	        Index Cond: ((k >= 5001658) AND (k <= 5001758))

table 6 : explain SELECT k, c FROM sbtest6 WHERE k BETWEEN 5001658 AND 5001758
	Bitmap Heap Scan on sbtest6  (cost=5.50..417.33 rows=104 width=125)
	  Recheck Cond: ((k >= 5001658) AND (k <= 5001758))
	  ->  Bitmap Index Scan on k_6  (cost=0.00..5.47 rows=104 width=0)
	        Index Cond: ((k >= 5001658) AND (k <= 5001758))

table 7 : explain SELECT k, c FROM sbtest7 WHERE k BETWEEN 5001658 AND 5001758
	Bitmap Heap Scan on sbtest7  (cost=5.54..433.13 rows=108 width=125)
	  Recheck Cond: ((k >= 5001658) AND (k <= 5001758))
	  ->  Bitmap Index Scan on k_7  (cost=0.00..5.51 rows=108 width=0)
	        Index Cond: ((k >= 5001658) AND (k <= 5001758))

table 8 : explain SELECT k, c FROM sbtest8 WHERE k BETWEEN 5001658 AND 5001758
	Bitmap Heap Scan on sbtest8  (cost=5.52..425.26 rows=106 width=125)
	  Recheck Cond: ((k >= 5001658) AND (k <= 5001758))
	  ->  Bitmap Index Scan on k_8  (cost=0.00..5.50 rows=106 width=0)
	        Index Cond: ((k >= 5001658) AND (k <= 5001758))

explain: for range-notcovered :: explain SELECT k, c FROM sbtest%d WHERE k BETWEEN 4998269 AND 4998369
for range-notcovered
table 1 : explain SELECT k, c FROM sbtest1 WHERE k BETWEEN 6094280 AND 6094380
	Bitmap Heap Scan on sbtest1  (cost=5.53..429.32 rows=107 width=125)
	  Recheck Cond: ((k >= 6094280) AND (k <= 6094380))
	  ->  Bitmap Index Scan on k_1  (cost=0.00..5.50 rows=107 width=0)
	        Index Cond: ((k >= 6094280) AND (k <= 6094380))

table 2 : explain SELECT k, c FROM sbtest2 WHERE k BETWEEN 6094280 AND 6094380
	Bitmap Heap Scan on sbtest2  (cost=5.51..421.23 rows=105 width=125)
	  Recheck Cond: ((k >= 6094280) AND (k <= 6094380))
	  ->  Bitmap Index Scan on k_2  (cost=0.00..5.48 rows=105 width=0)
	        Index Cond: ((k >= 6094280) AND (k <= 6094380))

table 3 : explain SELECT k, c FROM sbtest3 WHERE k BETWEEN 6094280 AND 6094380
	Bitmap Heap Scan on sbtest3  (cost=5.45..397.57 rows=99 width=125)
	  Recheck Cond: ((k >= 6094280) AND (k <= 6094380))
	  ->  Bitmap Index Scan on k_3  (cost=0.00..5.42 rows=99 width=0)
	        Index Cond: ((k >= 6094280) AND (k <= 6094380))

table 4 : explain SELECT k, c FROM sbtest4 WHERE k BETWEEN 6094280 AND 6094380
	Bitmap Heap Scan on sbtest4  (cost=5.50..417.33 rows=104 width=125)
	  Recheck Cond: ((k >= 6094280) AND (k <= 6094380))
	  ->  Bitmap Index Scan on k_4  (cost=0.00..5.47 rows=104 width=0)
	        Index Cond: ((k >= 6094280) AND (k <= 6094380))

table 5 : explain SELECT k, c FROM sbtest5 WHERE k BETWEEN 6094280 AND 6094380
	Bitmap Heap Scan on sbtest5  (cost=5.48..409.49 rows=102 width=125)
	  Recheck Cond: ((k >= 6094280) AND (k <= 6094380))
	  ->  Bitmap Index Scan on k_5  (cost=0.00..5.45 rows=102 width=0)
	        Index Cond: ((k >= 6094280) AND (k <= 6094380))

table 6 : explain SELECT k, c FROM sbtest6 WHERE k BETWEEN 6094280 AND 6094380
	Bitmap Heap Scan on sbtest6  (cost=5.53..429.16 rows=107 width=125)
	  Recheck Cond: ((k >= 6094280) AND (k <= 6094380))
	  ->  Bitmap Index Scan on k_6  (cost=0.00..5.50 rows=107 width=0)
	        Index Cond: ((k >= 6094280) AND (k <= 6094380))

table 7 : explain SELECT k, c FROM sbtest7 WHERE k BETWEEN 6094280 AND 6094380
	Bitmap Heap Scan on sbtest7  (cost=5.56..441.01 rows=110 width=125)
	  Recheck Cond: ((k >= 6094280) AND (k <= 6094380))
	  ->  Bitmap Index Scan on k_7  (cost=0.00..5.53 rows=110 width=0)
	        Index Cond: ((k >= 6094280) AND (k <= 6094380))

table 8 : explain SELECT k, c FROM sbtest8 WHERE k BETWEEN 6094280 AND 6094380
	Bitmap Heap Scan on sbtest8  (cost=5.37..366.08 rows=91 width=125)
	  Recheck Cond: ((k >= 6094280) AND (k <= 6094380))
	  ->  Bitmap Index Scan on k_8  (cost=0.00..5.34 rows=91 width=0)
	        Index Cond: ((k >= 6094280) AND (k <= 6094380))
explain: for range-notcovered :: explain SELECT k, c FROM sbtest%d WHERE k BETWEEN 4856690 AND 4856790for range-notcovered
table 1 : explain SELECT k, c FROM sbtest1 WHERE k BETWEEN 2768573 AND 2768673
	Bitmap Heap Scan on sbtest1  (cost=5.38..370.12 rows=92 width=125)
	  Recheck Cond: ((k >= 2768573) AND (k <= 2768673))
	  ->  Bitmap Index Scan on k_1  (cost=0.00..5.35 rows=92 width=0)
	        Index Cond: ((k >= 2768573) AND (k <= 2768673))

table 2 : explain SELECT k, c FROM sbtest2 WHERE k BETWEEN 2768573 AND 2768673
	Bitmap Heap Scan on sbtest2  (cost=5.50..417.29 rows=104 width=125)
	  Recheck Cond: ((k >= 2768573) AND (k <= 2768673))
	  ->  Bitmap Index Scan on k_2  (cost=0.00..5.47 rows=104 width=0)
	        Index Cond: ((k >= 2768573) AND (k <= 2768673))

table 3 : explain SELECT k, c FROM sbtest3 WHERE k BETWEEN 2768573 AND 2768673
	Bitmap Heap Scan on sbtest3  (cost=5.54..433.05 rows=108 width=125)
	  Recheck Cond: ((k >= 2768573) AND (k <= 2768673))
	  ->  Bitmap Index Scan on k_3  (cost=0.00..5.51 rows=108 width=0)
	        Index Cond: ((k >= 2768573) AND (k <= 2768673))

table 4 : explain SELECT k, c FROM sbtest4 WHERE k BETWEEN 2768573 AND 2768673
	Bitmap Heap Scan on sbtest4  (cost=5.55..437.04 rows=109 width=125)
	  Recheck Cond: ((k >= 2768573) AND (k <= 2768673))
	  ->  Bitmap Index Scan on k_4  (cost=0.00..5.52 rows=109 width=0)
	        Index Cond: ((k >= 2768573) AND (k <= 2768673))

table 5 : explain SELECT k, c FROM sbtest5 WHERE k BETWEEN 2768573 AND 2768673
	Bitmap Heap Scan on sbtest5  (cost=5.53..429.20 rows=107 width=125)
	  Recheck Cond: ((k >= 2768573) AND (k <= 2768673))
	  ->  Bitmap Index Scan on k_5  (cost=0.00..5.50 rows=107 width=0)
	        Index Cond: ((k >= 2768573) AND (k <= 2768673))

table 6 : explain SELECT k, c FROM sbtest6 WHERE k BETWEEN 2768573 AND 2768673
	Bitmap Heap Scan on sbtest6  (cost=5.57..444.92 rows=111 width=125)
	  Recheck Cond: ((k >= 2768573) AND (k <= 2768673))
	  ->  Bitmap Index Scan on k_6  (cost=0.00..5.54 rows=111 width=0)
	        Index Cond: ((k >= 2768573) AND (k <= 2768673))

table 7 : explain SELECT k, c FROM sbtest7 WHERE k BETWEEN 2768573 AND 2768673
	Bitmap Heap Scan on sbtest7  (cost=5.51..421.30 rows=105 width=125)
	  Recheck Cond: ((k >= 2768573) AND (k <= 2768673))
	  ->  Bitmap Index Scan on k_7  (cost=0.00..5.48 rows=105 width=0)
	        Index Cond: ((k >= 2768573) AND (k <= 2768673))

table 8 : explain SELECT k, c FROM sbtest8 WHERE k BETWEEN 2768573 AND 2768673
	Bitmap Heap Scan on sbtest8  (cost=5.49..413.43 rows=103 width=125)
	  Recheck Cond: ((k >= 2768573) AND (k <= 2768673))
	  ->  Bitmap Index Scan on k_8  (cost=0.00..5.46 rows=103 width=0)
	        Index Cond: ((k >= 2768573) AND (k <= 2768673))

for range-notcovered
table 1 : explain SELECT k, c FROM sbtest1 WHERE k BETWEEN 4305027 AND 4305127
	Bitmap Heap Scan on sbtest1  (cost=5.42..385.92 rows=96 width=125)
	  Recheck Cond: ((k >= 4305027) AND (k <= 4305127))
	  ->  Bitmap Index Scan on k_1  (cost=0.00..5.39 rows=96 width=0)
	        Index Cond: ((k >= 4305027) AND (k <= 4305127))

table 2 : explain SELECT k, c FROM sbtest2 WHERE k BETWEEN 4305027 AND 4305127
	Bitmap Heap Scan on sbtest2  (cost=5.47..405.46 rows=101 width=125)
	  Recheck Cond: ((k >= 4305027) AND (k <= 4305127))
	  ->  Bitmap Index Scan on k_2  (cost=0.00..5.44 rows=101 width=0)
	        Index Cond: ((k >= 4305027) AND (k <= 4305127))

table 3 : explain SELECT k, c FROM sbtest3 WHERE k BETWEEN 4305027 AND 4305127
	Bitmap Heap Scan on sbtest3  (cost=5.47..405.45 rows=101 width=125)
	  Recheck Cond: ((k >= 4305027) AND (k <= 4305127))
	  ->  Bitmap Index Scan on k_3  (cost=0.00..5.44 rows=101 width=0)
	        Index Cond: ((k >= 4305027) AND (k <= 4305127))

table 4 : explain SELECT k, c FROM sbtest4 WHERE k BETWEEN 4305027 AND 4305127
	Bitmap Heap Scan on sbtest4  (cost=5.50..417.33 rows=104 width=125)
	  Recheck Cond: ((k >= 4305027) AND (k <= 4305127))
	  ->  Bitmap Index Scan on k_4  (cost=0.00..5.47 rows=104 width=0)
	        Index Cond: ((k >= 4305027) AND (k <= 4305127))

table 5 : explain SELECT k, c FROM sbtest5 WHERE k BETWEEN 4305027 AND 4305127
	Bitmap Heap Scan on sbtest5  (cost=5.43..389.76 rows=97 width=125)
	  Recheck Cond: ((k >= 4305027) AND (k <= 4305127))
	  ->  Bitmap Index Scan on k_5  (cost=0.00..5.40 rows=97 width=0)
	        Index Cond: ((k >= 4305027) AND (k <= 4305127))

table 6 : explain SELECT k, c FROM sbtest6 WHERE k BETWEEN 4305027 AND 4305127
	Bitmap Heap Scan on sbtest6  (cost=5.48..409.44 rows=102 width=125)
	  Recheck Cond: ((k >= 4305027) AND (k <= 4305127))
	  ->  Bitmap Index Scan on k_6  (cost=0.00..5.45 rows=102 width=0)
	        Index Cond: ((k >= 4305027) AND (k <= 4305127))

table 7 : explain SELECT k, c FROM sbtest7 WHERE k BETWEEN 4305027 AND 4305127
	Bitmap Heap Scan on sbtest7  (cost=5.36..362.12 rows=90 width=125)
	  Recheck Cond: ((k >= 4305027) AND (k <= 4305127))
	  ->  Bitmap Index Scan on k_7  (cost=0.00..5.33 rows=90 width=0)
	        Index Cond: ((k >= 4305027) AND (k <= 4305127))

table 8 : explain SELECT k, c FROM sbtest8 WHERE k BETWEEN 4305027 AND 4305127
	Bitmap Heap Scan on sbtest8  (cost=5.49..413.43 rows=103 width=125)
	  Recheck Cond: ((k >= 4305027) AND (k <= 4305127))
	  ->  Bitmap Index Scan on k_8  (cost=0.00..5.46 rows=103 width=0)
	        Index Cond: ((k >= 4305027) AND (k <= 4305127))

explain: for range-notcovered :: explain SELECT k, c FROM sbtest%d WHERE k BETWEEN 991256 AND 991356
explain: for range-notcovered :: explain SELECT k, c FROM sbtest%d WHERE k BETWEEN 6392831 AND 6392931
for range-notcovered
table 1 : explain SELECT k, c FROM sbtest1 WHERE k BETWEEN 8893029 AND 8893129
	Bitmap Heap Scan on sbtest1  (cost=5.50..417.49 rows=104 width=125)
	  Recheck Cond: ((k >= 8893029) AND (k <= 8893129))
	  ->  Bitmap Index Scan on k_1  (cost=0.00..5.47 rows=104 width=0)
	        Index Cond: ((k >= 8893029) AND (k <= 8893129))

table 2 : explain SELECT k, c FROM sbtest2 WHERE k BETWEEN 8893029 AND 8893129
	Bitmap Heap Scan on sbtest2  (cost=5.46..401.52 rows=100 width=125)
	  Recheck Cond: ((k >= 8893029) AND (k <= 8893129))
	  ->  Bitmap Index Scan on k_2  (cost=0.00..5.43 rows=100 width=0)
	        Index Cond: ((k >= 8893029) AND (k <= 8893129))

table 3 : explain SELECT k, c FROM sbtest3 WHERE k BETWEEN 8893029 AND 8893129
	Bitmap Heap Scan on sbtest3  (cost=5.51..421.22 rows=105 width=125)
	  Recheck Cond: ((k >= 8893029) AND (k <= 8893129))
	  ->  Bitmap Index Scan on k_3  (cost=0.00..5.48 rows=105 width=0)
	        Index Cond: ((k >= 8893029) AND (k <= 8893129))

table 4 : explain SELECT k, c FROM sbtest4 WHERE k BETWEEN 8893029 AND 8893129
	Bitmap Heap Scan on sbtest4  (cost=5.42..385.77 rows=96 width=125)
	  Recheck Cond: ((k >= 8893029) AND (k <= 8893129))
	  ->  Bitmap Index Scan on k_4  (cost=0.00..5.39 rows=96 width=0)
	        Index Cond: ((k >= 8893029) AND (k <= 8893129))

table 5 : explain SELECT k, c FROM sbtest5 WHERE k BETWEEN 8893029 AND 8893129
	Bitmap Heap Scan on sbtest5  (cost=5.43..389.76 rows=97 width=125)
	  Recheck Cond: ((k >= 8893029) AND (k <= 8893129))
	  ->  Bitmap Index Scan on k_5  (cost=0.00..5.40 rows=97 width=0)
	        Index Cond: ((k >= 8893029) AND (k <= 8893129))

table 6 : explain SELECT k, c FROM sbtest6 WHERE k BETWEEN 8893029 AND 8893129
	Bitmap Heap Scan on sbtest6  (cost=5.47..405.50 rows=101 width=125)
	  Recheck Cond: ((k >= 8893029) AND (k <= 8893129))
	  ->  Bitmap Index Scan on k_6  (cost=0.00..5.44 rows=101 width=0)
	        Index Cond: ((k >= 8893029) AND (k <= 8893129))

table 7 : explain SELECT k, c FROM sbtest7 WHERE k BETWEEN 8893029 AND 8893129
	Bitmap Heap Scan on sbtest7  (cost=5.51..421.30 rows=105 width=125)
	  Recheck Cond: ((k >= 8893029) AND (k <= 8893129))
	  ->  Bitmap Index Scan on k_7  (cost=0.00..5.48 rows=105 width=0)
	        Index Cond: ((k >= 8893029) AND (k <= 8893129))

table 8 : explain SELECT k, c FROM sbtest8 WHERE k BETWEEN 8893029 AND 8893129
	Bitmap Heap Scan on sbtest8  (cost=5.52..425.26 rows=106 width=125)
	  Recheck Cond: ((k >= 8893029) AND (k <= 8893129))
	  ->  Bitmap Index Scan on k_8  (cost=0.00..5.50 rows=106 width=0)
	        Index Cond: ((k >= 8893029) AND (k <= 8893129))


explain: for range-notcovered :: explain SELECT k, c FROM sbtest%d WHERE k BETWEEN 1754192 AND 1754292
for range-notcovered
table 1 : explain SELECT k, c FROM sbtest1 WHERE k BETWEEN 3057141 AND 3057241
	Bitmap Heap Scan on sbtest1  (cost=5.51..421.43 rows=105 width=125)
	  Recheck Cond: ((k >= 3057141) AND (k <= 3057241))
	  ->  Bitmap Index Scan on k_1  (cost=0.00..5.48 rows=105 width=0)
	        Index Cond: ((k >= 3057141) AND (k <= 3057241))

table 2 : explain SELECT k, c FROM sbtest2 WHERE k BETWEEN 3057141 AND 3057241
	Bitmap Heap Scan on sbtest2  (cost=5.41..381.80 rows=95 width=125)
	  Recheck Cond: ((k >= 3057141) AND (k <= 3057241))
	  ->  Bitmap Index Scan on k_2  (cost=0.00..5.38 rows=95 width=0)
	        Index Cond: ((k >= 3057141) AND (k <= 3057241))

table 3 : explain SELECT k, c FROM sbtest3 WHERE k BETWEEN 3057141 AND 3057241
	Bitmap Heap Scan on sbtest3  (cost=5.50..417.28 rows=104 width=125)
	  Recheck Cond: ((k >= 3057141) AND (k <= 3057241))
	  ->  Bitmap Index Scan on k_3  (cost=0.00..5.47 rows=104 width=0)
	        Index Cond: ((k >= 3057141) AND (k <= 3057241))

table 4 : explain SELECT k, c FROM sbtest4 WHERE k BETWEEN 3057141 AND 3057241
	Bitmap Heap Scan on sbtest4  (cost=5.54..433.09 rows=108 width=125)
	  Recheck Cond: ((k >= 3057141) AND (k <= 3057241))
	  ->  Bitmap Index Scan on k_4  (cost=0.00..5.51 rows=108 width=0)
	        Index Cond: ((k >= 3057141) AND (k <= 3057241))

table 5 : explain SELECT k, c FROM sbtest5 WHERE k BETWEEN 3057141 AND 3057241
	Bitmap Heap Scan on sbtest5  (cost=5.54..433.14 rows=108 width=125)
	  Recheck Cond: ((k >= 3057141) AND (k <= 3057241))
	  ->  Bitmap Index Scan on k_5  (cost=0.00..5.51 rows=108 width=0)
	        Index Cond: ((k >= 3057141) AND (k <= 3057241))

table 6 : explain SELECT k, c FROM sbtest6 WHERE k BETWEEN 3057141 AND 3057241
	Bitmap Heap Scan on sbtest6  (cost=5.44..393.67 rows=98 width=125)
	  Recheck Cond: ((k >= 3057141) AND (k <= 3057241))
	  ->  Bitmap Index Scan on k_6  (cost=0.00..5.42 rows=98 width=0)
	        Index Cond: ((k >= 3057141) AND (k <= 3057241))

table 7 : explain SELECT k, c FROM sbtest7 WHERE k BETWEEN 3057141 AND 3057241
	Bitmap Heap Scan on sbtest7  (cost=5.57..444.95 rows=111 width=125)
	  Recheck Cond: ((k >= 3057141) AND (k <= 3057241))
	  ->  Bitmap Index Scan on k_7  (cost=0.00..5.54 rows=111 width=0)
	        Index Cond: ((k >= 3057141) AND (k <= 3057241))

table 8 : explain SELECT k, c FROM sbtest8 WHERE k BETWEEN 3057141 AND 3057241
	Bitmap Heap Scan on sbtest8  (cost=5.44..393.71 rows=98 width=125)
	  Recheck Cond: ((k >= 3057141) AND (k <= 3057241))
	  ->  Bitmap Index Scan on k_8  (cost=0.00..5.42 rows=98 width=0)
	        Index Cond: ((k >= 3057141) AND (k <= 3057241))


explain: for range-notcovered :: explain SELECT k, c FROM sbtest%d WHERE k BETWEEN 5367980 AND 5368080
explain: for range-notcovered :: explain SELECT k, c FROM sbtest%d WHERE k BETWEEN 5001658 AND 5001758
explain: for range-notcovered :: explain SELECT k, c FROM sbtest%d WHERE k BETWEEN 2768573 AND 2768673
explain: for range-notcovered :: explain SELECT k, c FROM sbtest%d WHERE k BETWEEN 4305027 AND 4305127

explain: for range-notcovered :: explain SELECT k, c FROM sbtest%d WHERE k BETWEEN 8893029 AND 8893129
explain: for range-notcovered :: explain SELECT k, c FROM sbtest%d WHERE k BETWEEN 3057141 AND 3057241
explain: for range-notcovered :: explain SELECT k, c FROM sbtest%d WHERE k BETWEEN 6094280 AND 6094380
for range-notcovered
table 1 : explain SELECT k, c FROM sbtest1 WHERE k BETWEEN 4644618 AND 4644718
	Bitmap Heap Scan on sbtest1  (cost=5.52..425.38 rows=106 width=125)
	  Recheck Cond: ((k >= 4644618) AND (k <= 4644718))
	  ->  Bitmap Index Scan on k_1  (cost=0.00..5.50 rows=106 width=0)
	        Index Cond: ((k >= 4644618) AND (k <= 4644718))

table 2 : explain SELECT k, c FROM sbtest2 WHERE k BETWEEN 4644618 AND 4644718
	Bitmap Heap Scan on sbtest2  (cost=5.56..440.94 rows=110 width=125)
	  Recheck Cond: ((k >= 4644618) AND (k <= 4644718))
	  ->  Bitmap Index Scan on k_2  (cost=0.00..5.53 rows=110 width=0)
	        Index Cond: ((k >= 4644618) AND (k <= 4644718))

table 3 : explain SELECT k, c FROM sbtest3 WHERE k BETWEEN 4644618 AND 4644718
	Bitmap Heap Scan on sbtest3  (cost=5.43..389.68 rows=97 width=125)
	  Recheck Cond: ((k >= 4644618) AND (k <= 4644718))
	  ->  Bitmap Index Scan on k_3  (cost=0.00..5.40 rows=97 width=0)
	        Index Cond: ((k >= 4644618) AND (k <= 4644718))

table 4 : explain SELECT k, c FROM sbtest4 WHERE k BETWEEN 4644618 AND 4644718
	Bitmap Heap Scan on sbtest4  (cost=5.52..425.21 rows=106 width=125)
	  Recheck Cond: ((k >= 4644618) AND (k <= 4644718))
	  ->  Bitmap Index Scan on k_4  (cost=0.00..5.50 rows=106 width=0)
	        Index Cond: ((k >= 4644618) AND (k <= 4644718))

table 5 : explain SELECT k, c FROM sbtest5 WHERE k BETWEEN 4644618 AND 4644718
	Bitmap Heap Scan on sbtest5  (cost=5.56..441.03 rows=110 width=125)
	  Recheck Cond: ((k >= 4644618) AND (k <= 4644718))
	  ->  Bitmap Index Scan on k_5  (cost=0.00..5.53 rows=110 width=0)
	        Index Cond: ((k >= 4644618) AND (k <= 4644718))

table 6 : explain SELECT k, c FROM sbtest6 WHERE k BETWEEN 4644618 AND 4644718
	Bitmap Heap Scan on sbtest6  (cost=5.55..437.04 rows=109 width=125)
	  Recheck Cond: ((k >= 4644618) AND (k <= 4644718))
	  ->  Bitmap Index Scan on k_6  (cost=0.00..5.52 rows=109 width=0)
	        Index Cond: ((k >= 4644618) AND (k <= 4644718))

table 7 : explain SELECT k, c FROM sbtest7 WHERE k BETWEEN 4644618 AND 4644718
	Bitmap Heap Scan on sbtest7  (cost=5.49..413.42 rows=103 width=125)
	  Recheck Cond: ((k >= 4644618) AND (k <= 4644718))
	  ->  Bitmap Index Scan on k_7  (cost=0.00..5.46 rows=103 width=0)
	        Index Cond: ((k >= 4644618) AND (k <= 4644718))

table 8 : explain SELECT k, c FROM sbtest8 WHERE k BETWEEN 4644618 AND 4644718
	Bitmap Heap Scan on sbtest8  (cost=5.56..441.03 rows=110 width=125)
	  Recheck Cond: ((k >= 4644618) AND (k <= 4644718))
	  ->  Bitmap Index Scan on k_8  (cost=0.00..5.53 rows=110 width=0)
	        Index Cond: ((k >= 4644618) AND (k <= 4644718))

for range-notcovered
table 1 : explain SELECT k, c FROM sbtest1 WHERE k BETWEEN 6238724 AND 6238824
	Bitmap Heap Scan on sbtest1  (cost=5.46..401.71 rows=100 width=125)
	  Recheck Cond: ((k >= 6238724) AND (k <= 6238824))
	  ->  Bitmap Index Scan on k_1  (cost=0.00..5.43 rows=100 width=0)
	        Index Cond: ((k >= 6238724) AND (k <= 6238824))

table 2 : explain SELECT k, c FROM sbtest2 WHERE k BETWEEN 6238724 AND 6238824
	Bitmap Heap Scan on sbtest2  (cost=5.47..405.46 rows=101 width=125)
	  Recheck Cond: ((k >= 6238724) AND (k <= 6238824))
	  ->  Bitmap Index Scan on k_2  (cost=0.00..5.44 rows=101 width=0)
	        Index Cond: ((k >= 6238724) AND (k <= 6238824))

table 3 : explain SELECT k, c FROM sbtest3 WHERE k BETWEEN 6238724 AND 6238824
	Bitmap Heap Scan on sbtest3  (cost=5.52..425.16 rows=106 width=125)
	  Recheck Cond: ((k >= 6238724) AND (k <= 6238824))
	  ->  Bitmap Index Scan on k_3  (cost=0.00..5.50 rows=106 width=0)
	        Index Cond: ((k >= 6238724) AND (k <= 6238824))

table 4 : explain SELECT k, c FROM sbtest4 WHERE k BETWEEN 6238724 AND 6238824
	Bitmap Heap Scan on sbtest4  (cost=5.57..444.92 rows=111 width=125)
	  Recheck Cond: ((k >= 6238724) AND (k <= 6238824))
	  ->  Bitmap Index Scan on k_4  (cost=0.00..5.54 rows=111 width=0)
	        Index Cond: ((k >= 6238724) AND (k <= 6238824))

table 5 : explain SELECT k, c FROM sbtest5 WHERE k BETWEEN 6238724 AND 6238824
	Bitmap Heap Scan on sbtest5  (cost=5.44..393.71 rows=98 width=125)
	  Recheck Cond: ((k >= 6238724) AND (k <= 6238824))
	  ->  Bitmap Index Scan on k_5  (cost=0.00..5.42 rows=98 width=0)
	        Index Cond: ((k >= 6238724) AND (k <= 6238824))

table 6 : explain SELECT k, c FROM sbtest6 WHERE k BETWEEN 6238724 AND 6238824
	Bitmap Heap Scan on sbtest6  (cost=5.39..373.94 rows=93 width=125)
	  Recheck Cond: ((k >= 6238724) AND (k <= 6238824))
	  ->  Bitmap Index Scan on k_6  (cost=0.00..5.36 rows=93 width=0)
	        Index Cond: ((k >= 6238724) AND (k <= 6238824))

table 7 : explain SELECT k, c FROM sbtest7 WHERE k BETWEEN 6238724 AND 6238824
	Bitmap Heap Scan on sbtest7  (cost=5.53..429.19 rows=107 width=125)
	  Recheck Cond: ((k >= 6238724) AND (k <= 6238824))
	  ->  Bitmap Index Scan on k_7  (cost=0.00..5.50 rows=107 width=0)
	        Index Cond: ((k >= 6238724) AND (k <= 6238824))

table 8 : explain SELECT k, c FROM sbtest8 WHERE k BETWEEN 6238724 AND 6238824
	Bitmap Heap Scan on sbtest8  (cost=5.41..381.87 rows=95 width=125)
	  Recheck Cond: ((k >= 6238724) AND (k <= 6238824))
	  ->  Bitmap Index Scan on k_8  (cost=0.00..5.38 rows=95 width=0)
	        Index Cond: ((k >= 6238724) AND (k <= 6238824))

explain: for range-notcovered :: explain SELECT k, c FROM sbtest%d WHERE k BETWEEN 4644618 AND 4644718
for range-notcovered
table 1 : explain SELECT k, c FROM sbtest1 WHERE k BETWEEN 3928970 AND 3929070
	Bitmap Heap Scan on sbtest1  (cost=5.43..389.87 rows=97 width=125)
	  Recheck Cond: ((k >= 3928970) AND (k <= 3929070))
	  ->  Bitmap Index Scan on k_1  (cost=0.00..5.40 rows=97 width=0)
	        Index Cond: ((k >= 3928970) AND (k <= 3929070))

table 2 : explain SELECT k, c FROM sbtest2 WHERE k BETWEEN 3928970 AND 3929070
	Bitmap Heap Scan on sbtest2  (cost=5.37..366.01 rows=91 width=125)
	  Recheck Cond: ((k >= 3928970) AND (k <= 3929070))
	  ->  Bitmap Index Scan on k_2  (cost=0.00..5.34 rows=91 width=0)
	        Index Cond: ((k >= 3928970) AND (k <= 3929070))

table 3 : explain SELECT k, c FROM sbtest3 WHERE k BETWEEN 3928970 AND 3929070
	Bitmap Heap Scan on sbtest3  (cost=5.55..436.99 rows=109 width=125)
	  Recheck Cond: ((k >= 3928970) AND (k <= 3929070))
	  ->  Bitmap Index Scan on k_3  (cost=0.00..5.52 rows=109 width=0)
	        Index Cond: ((k >= 3928970) AND (k <= 3929070))

table 4 : explain SELECT k, c FROM sbtest4 WHERE k BETWEEN 3928970 AND 3929070
	Bitmap Heap Scan on sbtest4  (cost=5.51..421.27 rows=105 width=125)
	  Recheck Cond: ((k >= 3928970) AND (k <= 3929070))
	  ->  Bitmap Index Scan on k_4  (cost=0.00..5.48 rows=105 width=0)
	        Index Cond: ((k >= 3928970) AND (k <= 3929070))

table 5 : explain SELECT k, c FROM sbtest5 WHERE k BETWEEN 3928970 AND 3929070
	Bitmap Heap Scan on sbtest5  (cost=5.60..456.79 rows=114 width=125)
	  Recheck Cond: ((k >= 3928970) AND (k <= 3929070))
	  ->  Bitmap Index Scan on k_5  (cost=0.00..5.58 rows=114 width=0)
	        Index Cond: ((k >= 3928970) AND (k <= 3929070))

table 6 : explain SELECT k, c FROM sbtest6 WHERE k BETWEEN 3928970 AND 3929070
	Bitmap Heap Scan on sbtest6  (cost=5.48..409.44 rows=102 width=125)
	  Recheck Cond: ((k >= 3928970) AND (k <= 3929070))
	  ->  Bitmap Index Scan on k_6  (cost=0.00..5.45 rows=102 width=0)
	        Index Cond: ((k >= 3928970) AND (k <= 3929070))

table 7 : explain SELECT k, c FROM sbtest7 WHERE k BETWEEN 3928970 AND 3929070
	Bitmap Heap Scan on sbtest7  (cost=5.45..397.64 rows=99 width=125)
	  Recheck Cond: ((k >= 3928970) AND (k <= 3929070))
	  ->  Bitmap Index Scan on k_7  (cost=0.00..5.42 rows=99 width=0)
	        Index Cond: ((k >= 3928970) AND (k <= 3929070))

table 8 : explain SELECT k, c FROM sbtest8 WHERE k BETWEEN 3928970 AND 3929070
	Bitmap Heap Scan on sbtest8  (cost=5.49..413.43 rows=103 width=125)
	  Recheck Cond: ((k >= 3928970) AND (k <= 3929070))
	  ->  Bitmap Index Scan on k_8  (cost=0.00..5.46 rows=103 width=0)
	        Index Cond: ((k >= 3928970) AND (k <= 3929070))
for range-notcovered
table 1 : explain SELECT k, c FROM sbtest1 WHERE k BETWEEN 8314358 AND 8314458
	Bitmap Heap Scan on sbtest1  (cost=5.46..401.71 rows=100 width=125)
	  Recheck Cond: ((k >= 8314358) AND (k <= 8314458))
	  ->  Bitmap Index Scan on k_1  (cost=0.00..5.43 rows=100 width=0)
	        Index Cond: ((k >= 8314358) AND (k <= 8314458))

table 2 : explain SELECT k, c FROM sbtest2 WHERE k BETWEEN 8314358 AND 8314458
	Bitmap Heap Scan on sbtest2  (cost=5.47..405.46 rows=101 width=125)
	  Recheck Cond: ((k >= 8314358) AND (k <= 8314458))
	  ->  Bitmap Index Scan on k_2  (cost=0.00..5.44 rows=101 width=0)
	        Index Cond: ((k >= 8314358) AND (k <= 8314458))

table 3 : explain SELECT k, c FROM sbtest3 WHERE k BETWEEN 8314358 AND 8314458
	Bitmap Heap Scan on sbtest3  (cost=5.49..413.34 rows=103 width=125)
	  Recheck Cond: ((k >= 8314358) AND (k <= 8314458))
	  ->  Bitmap Index Scan on k_3  (cost=0.00..5.46 rows=103 width=0)
	        Index Cond: ((k >= 8314358) AND (k <= 8314458))

table 4 : explain SELECT k, c FROM sbtest4 WHERE k BETWEEN 8314358 AND 8314458
	Bitmap Heap Scan on sbtest4  (cost=5.55..437.04 rows=109 width=125)
	  Recheck Cond: ((k >= 8314358) AND (k <= 8314458))
	  ->  Bitmap Index Scan on k_4  (cost=0.00..5.52 rows=109 width=0)
	        Index Cond: ((k >= 8314358) AND (k <= 8314458))

table 5 : explain SELECT k, c FROM sbtest5 WHERE k BETWEEN 8314358 AND 8314458
	Bitmap Heap Scan on sbtest5  (cost=5.50..417.37 rows=104 width=125)
	  Recheck Cond: ((k >= 8314358) AND (k <= 8314458))
	  ->  Bitmap Index Scan on k_5  (cost=0.00..5.47 rows=104 width=0)
	        Index Cond: ((k >= 8314358) AND (k <= 8314458))

table 6 : explain SELECT k, c FROM sbtest6 WHERE k BETWEEN 8314358 AND 8314458
	Bitmap Heap Scan on sbtest6  (cost=5.46..401.56 rows=100 width=125)
	  Recheck Cond: ((k >= 8314358) AND (k <= 8314458))
	  ->  Bitmap Index Scan on k_6  (cost=0.00..5.43 rows=100 width=0)
	        Index Cond: ((k >= 8314358) AND (k <= 8314458))

table 7 : explain SELECT k, c FROM sbtest7 WHERE k BETWEEN 8314358 AND 8314458
	Bitmap Heap Scan on sbtest7  (cost=5.46..401.58 rows=100 width=125)
	  Recheck Cond: ((k >= 8314358) AND (k <= 8314458))
	  ->  Bitmap Index Scan on k_7  (cost=0.00..5.43 rows=100 width=0)
	        Index Cond: ((k >= 8314358) AND (k <= 8314458))

table 8 : explain SELECT k, c FROM sbtest8 WHERE k BETWEEN 8314358 AND 8314458
	Bitmap Heap Scan on sbtest8  (cost=5.40..377.92 rows=94 width=125)
	  Recheck Cond: ((k >= 8314358) AND (k <= 8314458))
	  ->  Bitmap Index Scan on k_8  (cost=0.00..5.38 rows=94 width=0)
	        Index Cond: ((k >= 8314358) AND (k <= 8314458))

for range-notcovered
table 1 : explain SELECT k, c FROM sbtest1 WHERE k BETWEEN 8430366 AND 8430466
	Bitmap Heap Scan on sbtest1  (cost=5.47..405.65 rows=101 width=125)
	  Recheck Cond: ((k >= 8430366) AND (k <= 8430466))
	  ->  Bitmap Index Scan on k_1  (cost=0.00..5.44 rows=101 width=0)
	        Index Cond: ((k >= 8430366) AND (k <= 8430466))

table 2 : explain SELECT k, c FROM sbtest2 WHERE k BETWEEN 8430366 AND 8430466
	Bitmap Heap Scan on sbtest2  (cost=5.52..425.18 rows=106 width=125)
	  Recheck Cond: ((k >= 8430366) AND (k <= 8430466))
	  ->  Bitmap Index Scan on k_2  (cost=0.00..5.50 rows=106 width=0)
	        Index Cond: ((k >= 8430366) AND (k <= 8430466))

table 3 : explain SELECT k, c FROM sbtest3 WHERE k BETWEEN 8430366 AND 8430466
	Bitmap Heap Scan on sbtest3  (cost=5.49..413.34 rows=103 width=125)
	  Recheck Cond: ((k >= 8430366) AND (k <= 8430466))
	  ->  Bitmap Index Scan on k_3  (cost=0.00..5.46 rows=103 width=0)
	        Index Cond: ((k >= 8430366) AND (k <= 8430466))

table 4 : explain SELECT k, c FROM sbtest4 WHERE k BETWEEN 8430366 AND 8430466
	Bitmap Heap Scan on sbtest4  (cost=5.49..413.38 rows=103 width=125)
	  Recheck Cond: ((k >= 8430366) AND (k <= 8430466))
	  ->  Bitmap Index Scan on k_4  (cost=0.00..5.46 rows=103 width=0)
	        Index Cond: ((k >= 8430366) AND (k <= 8430466))

table 5 : explain SELECT k, c FROM sbtest5 WHERE k BETWEEN 8430366 AND 8430466
	Bitmap Heap Scan on sbtest5  (cost=5.42..385.82 rows=96 width=125)
	  Recheck Cond: ((k >= 8430366) AND (k <= 8430466))
	  ->  Bitmap Index Scan on k_5  (cost=0.00..5.39 rows=96 width=0)
	        Index Cond: ((k >= 8430366) AND (k <= 8430466))

table 6 : explain SELECT k, c FROM sbtest6 WHERE k BETWEEN 8430366 AND 8430466
	Bitmap Heap Scan on sbtest6  (cost=5.46..401.56 rows=100 width=125)
	  Recheck Cond: ((k >= 8430366) AND (k <= 8430466))
	  ->  Bitmap Index Scan on k_6  (cost=0.00..5.43 rows=100 width=0)
	        Index Cond: ((k >= 8430366) AND (k <= 8430466))

table 7 : explain SELECT k, c FROM sbtest7 WHERE k BETWEEN 8430366 AND 8430466
	Bitmap Heap Scan on sbtest7  (cost=5.40..377.91 rows=94 width=125)
	  Recheck Cond: ((k >= 8430366) AND (k <= 8430466))
	  ->  Bitmap Index Scan on k_7  (cost=0.00..5.38 rows=94 width=0)
	        Index Cond: ((k >= 8430366) AND (k <= 8430466))

table 8 : explain SELECT k, c FROM sbtest8 WHERE k BETWEEN 8430366 AND 8430466
	Bitmap Heap Scan on sbtest8  (cost=5.50..417.38 rows=104 width=125)
	  Recheck Cond: ((k >= 8430366) AND (k <= 8430466))
	  ->  Bitmap Index Scan on k_8  (cost=0.00..5.47 rows=104 width=0)
	        Index Cond: ((k >= 8430366) AND (k <= 8430466))

for range-notcovered
table 1 : explain SELECT k, c FROM sbtest1 WHERE k BETWEEN 6515265 AND 6515365
	Bitmap Heap Scan on sbtest1  (cost=5.52..425.38 rows=106 width=125)
	  Recheck Cond: ((k >= 6515265) AND (k <= 6515365))
	  ->  Bitmap Index Scan on k_1  (cost=0.00..5.50 rows=106 width=0)
	        Index Cond: ((k >= 6515265) AND (k <= 6515365))

table 2 : explain SELECT k, c FROM sbtest2 WHERE k BETWEEN 6515265 AND 6515365
	Bitmap Heap Scan on sbtest2  (cost=5.44..393.63 rows=98 width=125)
	  Recheck Cond: ((k >= 6515265) AND (k <= 6515365))
	  ->  Bitmap Index Scan on k_2  (cost=0.00..5.42 rows=98 width=0)
	        Index Cond: ((k >= 6515265) AND (k <= 6515365))

table 3 : explain SELECT k, c FROM sbtest3 WHERE k BETWEEN 6515265 AND 6515365
	Bitmap Heap Scan on sbtest3  (cost=5.51..421.22 rows=105 width=125)
	  Recheck Cond: ((k >= 6515265) AND (k <= 6515365))
	  ->  Bitmap Index Scan on k_3  (cost=0.00..5.48 rows=105 width=0)
	        Index Cond: ((k >= 6515265) AND (k <= 6515365))

table 4 : explain SELECT k, c FROM sbtest4 WHERE k BETWEEN 6515265 AND 6515365
	Bitmap Heap Scan on sbtest4  (cost=5.46..401.55 rows=100 width=125)
	  Recheck Cond: ((k >= 6515265) AND (k <= 6515365))
	  ->  Bitmap Index Scan on k_4  (cost=0.00..5.43 rows=100 width=0)
	        Index Cond: ((k >= 6515265) AND (k <= 6515365))

table 5 : explain SELECT k, c FROM sbtest5 WHERE k BETWEEN 6515265 AND 6515365
	Bitmap Heap Scan on sbtest5  (cost=5.41..381.87 rows=95 width=125)
	  Recheck Cond: ((k >= 6515265) AND (k <= 6515365))
	  ->  Bitmap Index Scan on k_5  (cost=0.00..5.38 rows=95 width=0)
	        Index Cond: ((k >= 6515265) AND (k <= 6515365))

table 6 : explain SELECT k, c FROM sbtest6 WHERE k BETWEEN 6515265 AND 6515365
	Bitmap Heap Scan on sbtest6  (cost=5.46..401.56 rows=100 width=125)
	  Recheck Cond: ((k >= 6515265) AND (k <= 6515365))
	  ->  Bitmap Index Scan on k_6  (cost=0.00..5.43 rows=100 width=0)
	        Index Cond: ((k >= 6515265) AND (k <= 6515365))

table 7 : explain SELECT k, c FROM sbtest7 WHERE k BETWEEN 6515265 AND 6515365
	Bitmap Heap Scan on sbtest7  (cost=5.43..389.75 rows=97 width=125)
	  Recheck Cond: ((k >= 6515265) AND (k <= 6515365))
	  ->  Bitmap Index Scan on k_7  (cost=0.00..5.40 rows=97 width=0)
	        Index Cond: ((k >= 6515265) AND (k <= 6515365))

table 8 : explain SELECT k, c FROM sbtest8 WHERE k BETWEEN 6515265 AND 6515365
	Bitmap Heap Scan on sbtest8  (cost=5.45..397.66 rows=99 width=125)
	  Recheck Cond: ((k >= 6515265) AND (k <= 6515365))
	  ->  Bitmap Index Scan on k_8  (cost=0.00..5.42 rows=99 width=0)
	        Index Cond: ((k >= 6515265) AND (k <= 6515365))
explain: for range-notcovered :: explain SELECT k, c FROM sbtest%d WHERE k BETWEEN 6238724 AND 6238824
for range-notcovered
table 1 : explain SELECT k, c FROM sbtest1 WHERE k BETWEEN 4339301 AND 4339401
	Bitmap Heap Scan on sbtest1  (cost=5.42..385.92 rows=96 width=125)
	  Recheck Cond: ((k >= 4339301) AND (k <= 4339401))
	  ->  Bitmap Index Scan on k_1  (cost=0.00..5.39 rows=96 width=0)
	        Index Cond: ((k >= 4339301) AND (k <= 4339401))

table 2 : explain SELECT k, c FROM sbtest2 WHERE k BETWEEN 4339301 AND 4339401
	Bitmap Heap Scan on sbtest2  (cost=5.47..405.46 rows=101 width=125)
	  Recheck Cond: ((k >= 4339301) AND (k <= 4339401))
	  ->  Bitmap Index Scan on k_2  (cost=0.00..5.44 rows=101 width=0)
	        Index Cond: ((k >= 4339301) AND (k <= 4339401))

table 3 : explain SELECT k, c FROM sbtest3 WHERE k BETWEEN 4339301 AND 4339401
	Bitmap Heap Scan on sbtest3  (cost=5.58..448.80 rows=112 width=125)
	  Recheck Cond: ((k >= 4339301) AND (k <= 4339401))
	  ->  Bitmap Index Scan on k_3  (cost=0.00..5.55 rows=112 width=0)
	        Index Cond: ((k >= 4339301) AND (k <= 4339401))

table 4 : explain SELECT k, c FROM sbtest4 WHERE k BETWEEN 4339301 AND 4339401
	Bitmap Heap Scan on sbtest4  (cost=5.56..440.98 rows=110 width=125)
	  Recheck Cond: ((k >= 4339301) AND (k <= 4339401))
	  ->  Bitmap Index Scan on k_4  (cost=0.00..5.53 rows=110 width=0)
	        Index Cond: ((k >= 4339301) AND (k <= 4339401))

table 5 : explain SELECT k, c FROM sbtest5 WHERE k BETWEEN 4339301 AND 4339401
	Bitmap Heap Scan on sbtest5  (cost=5.43..389.76 rows=97 width=125)
	  Recheck Cond: ((k >= 4339301) AND (k <= 4339401))
	  ->  Bitmap Index Scan on k_5  (cost=0.00..5.40 rows=97 width=0)
	        Index Cond: ((k >= 4339301) AND (k <= 4339401))

table 6 : explain SELECT k, c FROM sbtest6 WHERE k BETWEEN 4339301 AND 4339401
	Bitmap Heap Scan on sbtest6  (cost=5.52..425.21 rows=106 width=125)
	  Recheck Cond: ((k >= 4339301) AND (k <= 4339401))
	  ->  Bitmap Index Scan on k_6  (cost=0.00..5.50 rows=106 width=0)
	        Index Cond: ((k >= 4339301) AND (k <= 4339401))

table 7 : explain SELECT k, c FROM sbtest7 WHERE k BETWEEN 4339301 AND 4339401
	Bitmap Heap Scan on sbtest7  (cost=5.36..362.12 rows=90 width=125)
	  Recheck Cond: ((k >= 4339301) AND (k <= 4339401))
	  ->  Bitmap Index Scan on k_7  (cost=0.00..5.33 rows=90 width=0)
	        Index Cond: ((k >= 4339301) AND (k <= 4339401))

table 8 : explain SELECT k, c FROM sbtest8 WHERE k BETWEEN 4339301 AND 4339401
	Bitmap Heap Scan on sbtest8  (cost=5.51..421.32 rows=105 width=125)
	  Recheck Cond: ((k >= 4339301) AND (k <= 4339401))
	  ->  Bitmap Index Scan on k_8  (cost=0.00..5.48 rows=105 width=0)
	        Index Cond: ((k >= 4339301) AND (k <= 4339401))
explain: for range-notcovered :: explain SELECT k, c FROM sbtest%d WHERE k BETWEEN 8430366 AND 8430466for range-notcovered
table 1 : explain SELECT k, c FROM sbtest1 WHERE k BETWEEN 5559874 AND 5559974
	Bitmap Heap Scan on sbtest1  (cost=5.48..409.60 rows=102 width=125)
	  Recheck Cond: ((k >= 5559874) AND (k <= 5559974))
	  ->  Bitmap Index Scan on k_1  (cost=0.00..5.45 rows=102 width=0)
	        Index Cond: ((k >= 5559874) AND (k <= 5559974))

table 2 : explain SELECT k, c FROM sbtest2 WHERE k BETWEEN 5559874 AND 5559974
	Bitmap Heap Scan on sbtest2  (cost=5.40..377.85 rows=94 width=125)
	  Recheck Cond: ((k >= 5559874) AND (k <= 5559974))
	  ->  Bitmap Index Scan on k_2  (cost=0.00..5.38 rows=94 width=0)
	        Index Cond: ((k >= 5559874) AND (k <= 5559974))

table 3 : explain SELECT k, c FROM sbtest3 WHERE k BETWEEN 5559874 AND 5559974
	Bitmap Heap Scan on sbtest3  (cost=5.48..409.40 rows=102 width=125)
	  Recheck Cond: ((k >= 5559874) AND (k <= 5559974))
	  ->  Bitmap Index Scan on k_3  (cost=0.00..5.45 rows=102 width=0)
	        Index Cond: ((k >= 5559874) AND (k <= 5559974))

table 4 : explain SELECT k, c FROM sbtest4 WHERE k BETWEEN 5559874 AND 5559974
	Bitmap Heap Scan on sbtest4  (cost=5.52..425.21 rows=106 width=125)
	  Recheck Cond: ((k >= 5559874) AND (k <= 5559974))
	  ->  Bitmap Index Scan on k_4  (cost=0.00..5.50 rows=106 width=0)
	        Index Cond: ((k >= 5559874) AND (k <= 5559974))

table 5 : explain SELECT k, c FROM sbtest5 WHERE k BETWEEN 5559874 AND 5559974
	Bitmap Heap Scan on sbtest5  (cost=5.49..413.43 rows=103 width=125)
	  Recheck Cond: ((k >= 5559874) AND (k <= 5559974))
	  ->  Bitmap Index Scan on k_5  (cost=0.00..5.46 rows=103 width=0)
	        Index Cond: ((k >= 5559874) AND (k <= 5559974))

table 6 : explain SELECT k, c FROM sbtest6 WHERE k BETWEEN 5559874 AND 5559974
	Bitmap Heap Scan on sbtest6  (cost=5.53..429.16 rows=107 width=125)
	  Recheck Cond: ((k >= 5559874) AND (k <= 5559974))
	  ->  Bitmap Index Scan on k_6  (cost=0.00..5.50 rows=107 width=0)
	        Index Cond: ((k >= 5559874) AND (k <= 5559974))

table 7 : explain SELECT k, c FROM sbtest7 WHERE k BETWEEN 5559874 AND 5559974
	Bitmap Heap Scan on sbtest7  (cost=5.68..484.34 rows=121 width=125)
	  Recheck Cond: ((k >= 5559874) AND (k <= 5559974))
	  ->  Bitmap Index Scan on k_7  (cost=0.00..5.64 rows=121 width=0)
	        Index Cond: ((k >= 5559874) AND (k <= 5559974))

table 8 : explain SELECT k, c FROM sbtest8 WHERE k BETWEEN 5559874 AND 5559974
	Bitmap Heap Scan on sbtest8  (cost=5.45..397.66 rows=99 width=125)
	  Recheck Cond: ((k >= 5559874) AND (k <= 5559974))
	  ->  Bitmap Index Scan on k_8  (cost=0.00..5.42 rows=99 width=0)
	        Index Cond: ((k >= 5559874) AND (k <= 5559974))

for range-notcovered
table 1 : explain SELECT k, c FROM sbtest1 WHERE k BETWEEN 7177792 AND 7177892
	Bitmap Heap Scan on sbtest1  (cost=5.42..385.92 rows=96 width=125)
	  Recheck Cond: ((k >= 7177792) AND (k <= 7177892))
	  ->  Bitmap Index Scan on k_1  (cost=0.00..5.39 rows=96 width=0)
	        Index Cond: ((k >= 7177792) AND (k <= 7177892))

table 2 : explain SELECT k, c FROM sbtest2 WHERE k BETWEEN 7177792 AND 7177892
	Bitmap Heap Scan on sbtest2  (cost=5.48..409.41 rows=102 width=125)
	  Recheck Cond: ((k >= 7177792) AND (k <= 7177892))
	  ->  Bitmap Index Scan on k_2  (cost=0.00..5.45 rows=102 width=0)
	        Index Cond: ((k >= 7177792) AND (k <= 7177892))

table 3 : explain SELECT k, c FROM sbtest3 WHERE k BETWEEN 7177792 AND 7177892
	Bitmap Heap Scan on sbtest3  (cost=5.50..417.28 rows=104 width=125)
	  Recheck Cond: ((k >= 7177792) AND (k <= 7177892))
	  ->  Bitmap Index Scan on k_3  (cost=0.00..5.47 rows=104 width=0)
	        Index Cond: ((k >= 7177792) AND (k <= 7177892))

table 4 : explain SELECT k, c FROM sbtest4 WHERE k BETWEEN 7177792 AND 7177892
	Bitmap Heap Scan on sbtest4  (cost=5.47..405.50 rows=101 width=125)
	  Recheck Cond: ((k >= 7177792) AND (k <= 7177892))
	  ->  Bitmap Index Scan on k_4  (cost=0.00..5.44 rows=101 width=0)
	        Index Cond: ((k >= 7177792) AND (k <= 7177892))

table 5 : explain SELECT k, c FROM sbtest5 WHERE k BETWEEN 7177792 AND 7177892
	Bitmap Heap Scan on sbtest5  (cost=5.48..409.49 rows=102 width=125)
	  Recheck Cond: ((k >= 7177792) AND (k <= 7177892))
	  ->  Bitmap Index Scan on k_5  (cost=0.00..5.45 rows=102 width=0)
	        Index Cond: ((k >= 7177792) AND (k <= 7177892))

table 6 : explain SELECT k, c FROM sbtest6 WHERE k BETWEEN 7177792 AND 7177892
	Bitmap Heap Scan on sbtest6  (cost=5.50..417.33 rows=104 width=125)
	  Recheck Cond: ((k >= 7177792) AND (k <= 7177892))
	  ->  Bitmap Index Scan on k_6  (cost=0.00..5.47 rows=104 width=0)
	        Index Cond: ((k >= 7177792) AND (k <= 7177892))

table 7 : explain SELECT k, c FROM sbtest7 WHERE k BETWEEN 7177792 AND 7177892
	Bitmap Heap Scan on sbtest7  (cost=5.48..409.47 rows=102 width=125)
	  Recheck Cond: ((k >= 7177792) AND (k <= 7177892))
	  ->  Bitmap Index Scan on k_7  (cost=0.00..5.45 rows=102 width=0)
	        Index Cond: ((k >= 7177792) AND (k <= 7177892))

table 8 : explain SELECT k, c FROM sbtest8 WHERE k BETWEEN 7177792 AND 7177892
	Bitmap Heap Scan on sbtest8  (cost=5.46..401.60 rows=100 width=125)
	  Recheck Cond: ((k >= 7177792) AND (k <= 7177892))
	  ->  Bitmap Index Scan on k_8  (cost=0.00..5.43 rows=100 width=0)
	        Index Cond: ((k >= 7177792) AND (k <= 7177892))

for range-notcovered
table 1 : explain SELECT k, c FROM sbtest1 WHERE k BETWEEN 5520301 AND 5520401
	Bitmap Heap Scan on sbtest1  (cost=5.42..385.92 rows=96 width=125)
	  Recheck Cond: ((k >= 5520301) AND (k <= 5520401))
	  ->  Bitmap Index Scan on k_1  (cost=0.00..5.39 rows=96 width=0)
	        Index Cond: ((k >= 5520301) AND (k <= 5520401))

table 2 : explain SELECT k, c FROM sbtest2 WHERE k BETWEEN 5520301 AND 5520401
	Bitmap Heap Scan on sbtest2  (cost=5.40..377.85 rows=94 width=125)
	  Recheck Cond: ((k >= 5520301) AND (k <= 5520401))
	  ->  Bitmap Index Scan on k_2  (cost=0.00..5.38 rows=94 width=0)
	        Index Cond: ((k >= 5520301) AND (k <= 5520401))

table 3 : explain SELECT k, c FROM sbtest3 WHERE k BETWEEN 5520301 AND 5520401
	Bitmap Heap Scan on sbtest3  (cost=5.43..389.68 rows=97 width=125)
	  Recheck Cond: ((k >= 5520301) AND (k <= 5520401))
	  ->  Bitmap Index Scan on k_3  (cost=0.00..5.40 rows=97 width=0)
	        Index Cond: ((k >= 5520301) AND (k <= 5520401))

table 4 : explain SELECT k, c FROM sbtest4 WHERE k BETWEEN 5520301 AND 5520401
	Bitmap Heap Scan on sbtest4  (cost=5.52..425.21 rows=106 width=125)
	  Recheck Cond: ((k >= 5520301) AND (k <= 5520401))
	  ->  Bitmap Index Scan on k_4  (cost=0.00..5.50 rows=106 width=0)
	        Index Cond: ((k >= 5520301) AND (k <= 5520401))

table 5 : explain SELECT k, c FROM sbtest5 WHERE k BETWEEN 5520301 AND 5520401
	Bitmap Heap Scan on sbtest5  (cost=5.49..413.43 rows=103 width=125)
	  Recheck Cond: ((k >= 5520301) AND (k <= 5520401))
	  ->  Bitmap Index Scan on k_5  (cost=0.00..5.46 rows=103 width=0)
	        Index Cond: ((k >= 5520301) AND (k <= 5520401))

table 6 : explain SELECT k, c FROM sbtest6 WHERE k BETWEEN 5520301 AND 5520401
	Bitmap Heap Scan on sbtest6  (cost=5.53..429.16 rows=107 width=125)
	  Recheck Cond: ((k >= 5520301) AND (k <= 5520401))
	  ->  Bitmap Index Scan on k_6  (cost=0.00..5.50 rows=107 width=0)
	        Index Cond: ((k >= 5520301) AND (k <= 5520401))

table 7 : explain SELECT k, c FROM sbtest7 WHERE k BETWEEN 5520301 AND 5520401
	Bitmap Heap Scan on sbtest7  (cost=5.68..484.34 rows=121 width=125)
	  Recheck Cond: ((k >= 5520301) AND (k <= 5520401))
	  ->  Bitmap Index Scan on k_7  (cost=0.00..5.64 rows=121 width=0)
	        Index Cond: ((k >= 5520301) AND (k <= 5520401))

table 8 : explain SELECT k, c FROM sbtest8 WHERE k BETWEEN 5520301 AND 5520401
	Bitmap Heap Scan on sbtest8  (cost=5.45..397.66 rows=99 width=125)
	  Recheck Cond: ((k >= 5520301) AND (k <= 5520401))
	  ->  Bitmap Index Scan on k_8  (cost=0.00..5.42 rows=99 width=0)
	        Index Cond: ((k >= 5520301) AND (k <= 5520401))

explain: for range-notcovered :: explain SELECT k, c FROM sbtest%d WHERE k BETWEEN 8314358 AND 8314458
for range-notcovered
table 1 : explain SELECT k, c FROM sbtest1 WHERE k BETWEEN 2619940 AND 2620040
	Bitmap Heap Scan on sbtest1  (cost=5.49..413.54 rows=103 width=125)
	  Recheck Cond: ((k >= 2619940) AND (k <= 2620040))
	  ->  Bitmap Index Scan on k_1  (cost=0.00..5.46 rows=103 width=0)
	        Index Cond: ((k >= 2619940) AND (k <= 2620040))

table 2 : explain SELECT k, c FROM sbtest2 WHERE k BETWEEN 2619940 AND 2620040
	Bitmap Heap Scan on sbtest2  (cost=5.55..437.00 rows=109 width=125)
	  Recheck Cond: ((k >= 2619940) AND (k <= 2620040))
	  ->  Bitmap Index Scan on k_2  (cost=0.00..5.52 rows=109 width=0)
	        Index Cond: ((k >= 2619940) AND (k <= 2620040))

table 3 : explain SELECT k, c FROM sbtest3 WHERE k BETWEEN 2619940 AND 2620040
	Bitmap Heap Scan on sbtest3  (cost=5.48..409.40 rows=102 width=125)
	  Recheck Cond: ((k >= 2619940) AND (k <= 2620040))
	  ->  Bitmap Index Scan on k_3  (cost=0.00..5.45 rows=102 width=0)
	        Index Cond: ((k >= 2619940) AND (k <= 2620040))

table 4 : explain SELECT k, c FROM sbtest4 WHERE k BETWEEN 2619940 AND 2620040
	Bitmap Heap Scan on sbtest4  (cost=5.39..373.94 rows=93 width=125)
	  Recheck Cond: ((k >= 2619940) AND (k <= 2620040))
	  ->  Bitmap Index Scan on k_4  (cost=0.00..5.36 rows=93 width=0)
	        Index Cond: ((k >= 2619940) AND (k <= 2620040))

table 5 : explain SELECT k, c FROM sbtest5 WHERE k BETWEEN 2619940 AND 2620040
	Bitmap Heap Scan on sbtest5  (cost=5.43..389.76 rows=97 width=125)
	  Recheck Cond: ((k >= 2619940) AND (k <= 2620040))
	  ->  Bitmap Index Scan on k_5  (cost=0.00..5.40 rows=97 width=0)
	        Index Cond: ((k >= 2619940) AND (k <= 2620040))

table 6 : explain SELECT k, c FROM sbtest6 WHERE k BETWEEN 2619940 AND 2620040
	Bitmap Heap Scan on sbtest6  (cost=5.51..421.27 rows=105 width=125)
	  Recheck Cond: ((k >= 2619940) AND (k <= 2620040))
	  ->  Bitmap Index Scan on k_6  (cost=0.00..5.48 rows=105 width=0)
	        Index Cond: ((k >= 2619940) AND (k <= 2620040))

table 7 : explain SELECT k, c FROM sbtest7 WHERE k BETWEEN 2619940 AND 2620040
	Bitmap Heap Scan on sbtest7  (cost=5.56..441.01 rows=110 width=125)
	  Recheck Cond: ((k >= 2619940) AND (k <= 2620040))
	  ->  Bitmap Index Scan on k_7  (cost=0.00..5.53 rows=110 width=0)
	        Index Cond: ((k >= 2619940) AND (k <= 2620040))

table 8 : explain SELECT k, c FROM sbtest8 WHERE k BETWEEN 2619940 AND 2620040
	Bitmap Heap Scan on sbtest8  (cost=5.55..437.09 rows=109 width=125)
	  Recheck Cond: ((k >= 2619940) AND (k <= 2620040))
	  ->  Bitmap Index Scan on k_8  (cost=0.00..5.52 rows=109 width=0)
	        Index Cond: ((k >= 2619940) AND (k <= 2620040))


for range-notcovered
table 1 : explain SELECT k, c FROM sbtest1 WHERE k BETWEEN 3577665 AND 3577765
	Bitmap Heap Scan on sbtest1  (cost=5.48..409.60 rows=102 width=125)
	  Recheck Cond: ((k >= 3577665) AND (k <= 3577765))
	  ->  Bitmap Index Scan on k_1  (cost=0.00..5.45 rows=102 width=0)
	        Index Cond: ((k >= 3577665) AND (k <= 3577765))

table 2 : explain SELECT k, c FROM sbtest2 WHERE k BETWEEN 3577665 AND 3577765
	Bitmap Heap Scan on sbtest2  (cost=5.46..401.52 rows=100 width=125)
	  Recheck Cond: ((k >= 3577665) AND (k <= 3577765))
	  ->  Bitmap Index Scan on k_2  (cost=0.00..5.43 rows=100 width=0)
	        Index Cond: ((k >= 3577665) AND (k <= 3577765))

table 3 : explain SELECT k, c FROM sbtest3 WHERE k BETWEEN 3577665 AND 3577765
	Bitmap Heap Scan on sbtest3  (cost=5.44..393.62 rows=98 width=125)
	  Recheck Cond: ((k >= 3577665) AND (k <= 3577765))
	  ->  Bitmap Index Scan on k_3  (cost=0.00..5.42 rows=98 width=0)
	        Index Cond: ((k >= 3577665) AND (k <= 3577765))

table 4 : explain SELECT k, c FROM sbtest4 WHERE k BETWEEN 3577665 AND 3577765
	Bitmap Heap Scan on sbtest4  (cost=5.46..401.55 rows=100 width=125)
	  Recheck Cond: ((k >= 3577665) AND (k <= 3577765))
	  ->  Bitmap Index Scan on k_4  (cost=0.00..5.43 rows=100 width=0)
	        Index Cond: ((k >= 3577665) AND (k <= 3577765))

table 5 : explain SELECT k, c FROM sbtest5 WHERE k BETWEEN 3577665 AND 3577765
	Bitmap Heap Scan on sbtest5  (cost=5.43..389.76 rows=97 width=125)
	  Recheck Cond: ((k >= 3577665) AND (k <= 3577765))
	  ->  Bitmap Index Scan on k_5  (cost=0.00..5.40 rows=97 width=0)
	        Index Cond: ((k >= 3577665) AND (k <= 3577765))

table 6 : explain SELECT k, c FROM sbtest6 WHERE k BETWEEN 3577665 AND 3577765
	Bitmap Heap Scan on sbtest6  (cost=5.49..413.39 rows=103 width=125)
	  Recheck Cond: ((k >= 3577665) AND (k <= 3577765))
	  ->  Bitmap Index Scan on k_6  (cost=0.00..5.46 rows=103 width=0)
	        Index Cond: ((k >= 3577665) AND (k <= 3577765))

table 7 : explain SELECT k, c FROM sbtest7 WHERE k BETWEEN 3577665 AND 3577765
	Bitmap Heap Scan on sbtest7  (cost=5.51..421.30 rows=105 width=125)
	  Recheck Cond: ((k >= 3577665) AND (k <= 3577765))
	  ->  Bitmap Index Scan on k_7  (cost=0.00..5.48 rows=105 width=0)
	        Index Cond: ((k >= 3577665) AND (k <= 3577765))

table 8 : explain SELECT k, c FROM sbtest8 WHERE k BETWEEN 3577665 AND 3577765
	Bitmap Heap Scan on sbtest8  (cost=5.43..389.77 rows=97 width=125)
	  Recheck Cond: ((k >= 3577665) AND (k <= 3577765))
	  ->  Bitmap Index Scan on k_8  (cost=0.00..5.40 rows=97 width=0)
	        Index Cond: ((k >= 3577665) AND (k <= 3577765))



explain: for range-notcovered :: explain SELECT k, c FROM sbtest%d WHERE k BETWEEN 7177792 AND 7177892
for range-notcovered
table 1 : explain SELECT k, c FROM sbtest1 WHERE k BETWEEN 5256120 AND 5256220
	Bitmap Heap Scan on sbtest1  (cost=5.64..472.68 rows=118 width=125)
	  Recheck Cond: ((k >= 5256120) AND (k <= 5256220))
	  ->  Bitmap Index Scan on k_1  (cost=0.00..5.61 rows=118 width=0)
	        Index Cond: ((k >= 5256120) AND (k <= 5256220))

table 2 : explain SELECT k, c FROM sbtest2 WHERE k BETWEEN 5256120 AND 5256220
	Bitmap Heap Scan on sbtest2  (cost=5.49..413.35 rows=103 width=125)
	  Recheck Cond: ((k >= 5256120) AND (k <= 5256220))
	  ->  Bitmap Index Scan on k_2  (cost=0.00..5.46 rows=103 width=0)
	        Index Cond: ((k >= 5256120) AND (k <= 5256220))

table 3 : explain SELECT k, c FROM sbtest3 WHERE k BETWEEN 5256120 AND 5256220
	Bitmap Heap Scan on sbtest3  (cost=5.57..444.87 rows=111 width=125)
	  Recheck Cond: ((k >= 5256120) AND (k <= 5256220))
	  ->  Bitmap Index Scan on k_3  (cost=0.00..5.54 rows=111 width=0)
	        Index Cond: ((k >= 5256120) AND (k <= 5256220))

table 4 : explain SELECT k, c FROM sbtest4 WHERE k BETWEEN 5256120 AND 5256220
	Bitmap Heap Scan on sbtest4  (cost=5.48..409.44 rows=102 width=125)
	  Recheck Cond: ((k >= 5256120) AND (k <= 5256220))
	  ->  Bitmap Index Scan on k_4  (cost=0.00..5.45 rows=102 width=0)
	        Index Cond: ((k >= 5256120) AND (k <= 5256220))

table 5 : explain SELECT k, c FROM sbtest5 WHERE k BETWEEN 5256120 AND 5256220
	Bitmap Heap Scan on sbtest5  (cost=5.50..417.37 rows=104 width=125)
	  Recheck Cond: ((k >= 5256120) AND (k <= 5256220))
	  ->  Bitmap Index Scan on k_5  (cost=0.00..5.47 rows=104 width=0)
	        Index Cond: ((k >= 5256120) AND (k <= 5256220))

table 6 : explain SELECT k, c FROM sbtest6 WHERE k BETWEEN 5256120 AND 5256220
	Bitmap Heap Scan on sbtest6  (cost=5.56..440.98 rows=110 width=125)
	  Recheck Cond: ((k >= 5256120) AND (k <= 5256220))
	  ->  Bitmap Index Scan on k_6  (cost=0.00..5.53 rows=110 width=0)
	        Index Cond: ((k >= 5256120) AND (k <= 5256220))

table 7 : explain SELECT k, c FROM sbtest7 WHERE k BETWEEN 5256120 AND 5256220
	Bitmap Heap Scan on sbtest7  (cost=5.50..417.36 rows=104 width=125)
	  Recheck Cond: ((k >= 5256120) AND (k <= 5256220))
	  ->  Bitmap Index Scan on k_7  (cost=0.00..5.47 rows=104 width=0)
	        Index Cond: ((k >= 5256120) AND (k <= 5256220))

table 8 : explain SELECT k, c FROM sbtest8 WHERE k BETWEEN 5256120 AND 5256220
	Bitmap Heap Scan on sbtest8  (cost=5.51..421.32 rows=105 width=125)
	  Recheck Cond: ((k >= 5256120) AND (k <= 5256220))
	  ->  Bitmap Index Scan on k_8  (cost=0.00..5.48 rows=105 width=0)
	        Index Cond: ((k >= 5256120) AND (k <= 5256220))
explain: for range-notcovered :: explain SELECT k, c FROM sbtest%d WHERE k BETWEEN 5559874 AND 5559974
explain: for range-notcovered :: explain SELECT k, c FROM sbtest%d WHERE k BETWEEN 3928970 AND 3929070explain: for range-notcovered :: explain SELECT k, c FROM sbtest%d WHERE k BETWEEN 5520301 AND 5520401for range-notcovered
table 1 : explain SELECT k, c FROM sbtest1 WHERE k BETWEEN 3509700 AND 3509800
	Bitmap Heap Scan on sbtest1  (cost=5.56..441.15 rows=110 width=125)
	  Recheck Cond: ((k >= 3509700) AND (k <= 3509800))
	  ->  Bitmap Index Scan on k_1  (cost=0.00..5.53 rows=110 width=0)
	        Index Cond: ((k >= 3509700) AND (k <= 3509800))

table 2 : explain SELECT k, c FROM sbtest2 WHERE k BETWEEN 3509700 AND 3509800
	Bitmap Heap Scan on sbtest2  (cost=5.46..401.52 rows=100 width=125)
	  Recheck Cond: ((k >= 3509700) AND (k <= 3509800))
	  ->  Bitmap Index Scan on k_2  (cost=0.00..5.43 rows=100 width=0)
	        Index Cond: ((k >= 3509700) AND (k <= 3509800))

table 3 : explain SELECT k, c FROM sbtest3 WHERE k BETWEEN 3509700 AND 3509800
	Bitmap Heap Scan on sbtest3  (cost=5.55..436.99 rows=109 width=125)
	  Recheck Cond: ((k >= 3509700) AND (k <= 3509800))
	  ->  Bitmap Index Scan on k_3  (cost=0.00..5.52 rows=109 width=0)
	        Index Cond: ((k >= 3509700) AND (k <= 3509800))

table 4 : explain SELECT k, c FROM sbtest4 WHERE k BETWEEN 3509700 AND 3509800
	Bitmap Heap Scan on sbtest4  (cost=5.42..385.77 rows=96 width=125)
	  Recheck Cond: ((k >= 3509700) AND (k <= 3509800))
	  ->  Bitmap Index Scan on k_4  (cost=0.00..5.39 rows=96 width=0)
	        Index Cond: ((k >= 3509700) AND (k <= 3509800))

table 5 : explain SELECT k, c FROM sbtest5 WHERE k BETWEEN 3509700 AND 3509800
	Bitmap Heap Scan on sbtest5  (cost=5.43..389.76 rows=97 width=125)
	  Recheck Cond: ((k >= 3509700) AND (k <= 3509800))
	  ->  Bitmap Index Scan on k_5  (cost=0.00..5.40 rows=97 width=0)
	        Index Cond: ((k >= 3509700) AND (k <= 3509800))

table 6 : explain SELECT k, c FROM sbtest6 WHERE k BETWEEN 3509700 AND 3509800
	Bitmap Heap Scan on sbtest6  (cost=5.49..413.39 rows=103 width=125)
	  Recheck Cond: ((k >= 3509700) AND (k <= 3509800))
	  ->  Bitmap Index Scan on k_6  (cost=0.00..5.46 rows=103 width=0)
	        Index Cond: ((k >= 3509700) AND (k <= 3509800))

table 7 : explain SELECT k, c FROM sbtest7 WHERE k BETWEEN 3509700 AND 3509800
	Bitmap Heap Scan on sbtest7  (cost=5.51..421.30 rows=105 width=125)
	  Recheck Cond: ((k >= 3509700) AND (k <= 3509800))
	  ->  Bitmap Index Scan on k_7  (cost=0.00..5.48 rows=105 width=0)
	        Index Cond: ((k >= 3509700) AND (k <= 3509800))

table 8 : explain SELECT k, c FROM sbtest8 WHERE k BETWEEN 3509700 AND 3509800
	Bitmap Heap Scan on sbtest8  (cost=5.56..441.03 rows=110 width=125)
	  Recheck Cond: ((k >= 3509700) AND (k <= 3509800))
	  ->  Bitmap Index Scan on k_8  (cost=0.00..5.53 rows=110 width=0)
	        Index Cond: ((k >= 3509700) AND (k <= 3509800))

for range-notcovered
table 1 : explain SELECT k, c FROM sbtest1 WHERE k BETWEEN 6268598 AND 6268698
	Bitmap Heap Scan on sbtest1  (cost=5.46..401.71 rows=100 width=125)
	  Recheck Cond: ((k >= 6268598) AND (k <= 6268698))
	  ->  Bitmap Index Scan on k_1  (cost=0.00..5.43 rows=100 width=0)
	        Index Cond: ((k >= 6268598) AND (k <= 6268698))

table 2 : explain SELECT k, c FROM sbtest2 WHERE k BETWEEN 6268598 AND 6268698
	Bitmap Heap Scan on sbtest2  (cost=5.47..405.46 rows=101 width=125)
	  Recheck Cond: ((k >= 6268598) AND (k <= 6268698))
	  ->  Bitmap Index Scan on k_2  (cost=0.00..5.44 rows=101 width=0)
	        Index Cond: ((k >= 6268598) AND (k <= 6268698))

table 3 : explain SELECT k, c FROM sbtest3 WHERE k BETWEEN 6268598 AND 6268698
	Bitmap Heap Scan on sbtest3  (cost=5.52..425.16 rows=106 width=125)
	  Recheck Cond: ((k >= 6268598) AND (k <= 6268698))
	  ->  Bitmap Index Scan on k_3  (cost=0.00..5.50 rows=106 width=0)
	        Index Cond: ((k >= 6268598) AND (k <= 6268698))

table 4 : explain SELECT k, c FROM sbtest4 WHERE k BETWEEN 6268598 AND 6268698
	Bitmap Heap Scan on sbtest4  (cost=5.57..444.92 rows=111 width=125)
	  Recheck Cond: ((k >= 6268598) AND (k <= 6268698))
	  ->  Bitmap Index Scan on k_4  (cost=0.00..5.54 rows=111 width=0)
	        Index Cond: ((k >= 6268598) AND (k <= 6268698))

table 5 : explain SELECT k, c FROM sbtest5 WHERE k BETWEEN 6268598 AND 6268698
	Bitmap Heap Scan on sbtest5  (cost=5.48..409.49 rows=102 width=125)
	  Recheck Cond: ((k >= 6268598) AND (k <= 6268698))
	  ->  Bitmap Index Scan on k_5  (cost=0.00..5.45 rows=102 width=0)
	        Index Cond: ((k >= 6268598) AND (k <= 6268698))

table 6 : explain SELECT k, c FROM sbtest6 WHERE k BETWEEN 6268598 AND 6268698
	Bitmap Heap Scan on sbtest6  (cost=5.39..373.94 rows=93 width=125)
	  Recheck Cond: ((k >= 6268598) AND (k <= 6268698))
	  ->  Bitmap Index Scan on k_6  (cost=0.00..5.36 rows=93 width=0)
	        Index Cond: ((k >= 6268598) AND (k <= 6268698))

table 7 : explain SELECT k, c FROM sbtest7 WHERE k BETWEEN 6268598 AND 6268698
	Bitmap Heap Scan on sbtest7  (cost=5.46..401.58 rows=100 width=125)
	  Recheck Cond: ((k >= 6268598) AND (k <= 6268698))
	  ->  Bitmap Index Scan on k_7  (cost=0.00..5.43 rows=100 width=0)
	        Index Cond: ((k >= 6268598) AND (k <= 6268698))

table 8 : explain SELECT k, c FROM sbtest8 WHERE k BETWEEN 6268598 AND 6268698
	Bitmap Heap Scan on sbtest8  (cost=5.41..381.87 rows=95 width=125)
	  Recheck Cond: ((k >= 6268598) AND (k <= 6268698))
	  ->  Bitmap Index Scan on k_8  (cost=0.00..5.38 rows=95 width=0)
	        Index Cond: ((k >= 6268598) AND (k <= 6268698))



for range-notcovered
table 1 : explain SELECT k, c FROM sbtest1 WHERE k BETWEEN 2389879 AND 2389979
	Bitmap Heap Scan on sbtest1  (cost=5.45..397.76 rows=99 width=125)
	  Recheck Cond: ((k >= 2389879) AND (k <= 2389979))
	  ->  Bitmap Index Scan on k_1  (cost=0.00..5.42 rows=99 width=0)
	        Index Cond: ((k >= 2389879) AND (k <= 2389979))

table 2 : explain SELECT k, c FROM sbtest2 WHERE k BETWEEN 2389879 AND 2389979
	Bitmap Heap Scan on sbtest2  (cost=5.44..393.63 rows=98 width=125)
	  Recheck Cond: ((k >= 2389879) AND (k <= 2389979))
	  ->  Bitmap Index Scan on k_2  (cost=0.00..5.42 rows=98 width=0)
	        Index Cond: ((k >= 2389879) AND (k <= 2389979))

table 3 : explain SELECT k, c FROM sbtest3 WHERE k BETWEEN 2389879 AND 2389979
	Bitmap Heap Scan on sbtest3  (cost=5.51..421.22 rows=105 width=125)
	  Recheck Cond: ((k >= 2389879) AND (k <= 2389979))
	  ->  Bitmap Index Scan on k_3  (cost=0.00..5.48 rows=105 width=0)
	        Index Cond: ((k >= 2389879) AND (k <= 2389979))

table 4 : explain SELECT k, c FROM sbtest4 WHERE k BETWEEN 2389879 AND 2389979
	Bitmap Heap Scan on sbtest4  (cost=5.44..393.67 rows=98 width=125)
	  Recheck Cond: ((k >= 2389879) AND (k <= 2389979))
	  ->  Bitmap Index Scan on k_4  (cost=0.00..5.42 rows=98 width=0)
	        Index Cond: ((k >= 2389879) AND (k <= 2389979))

table 5 : explain SELECT k, c FROM sbtest5 WHERE k BETWEEN 2389879 AND 2389979
	Bitmap Heap Scan on sbtest5  (cost=5.52..425.26 rows=106 width=125)
	  Recheck Cond: ((k >= 2389879) AND (k <= 2389979))
	  ->  Bitmap Index Scan on k_5  (cost=0.00..5.50 rows=106 width=0)
	        Index Cond: ((k >= 2389879) AND (k <= 2389979))

table 6 : explain SELECT k, c FROM sbtest6 WHERE k BETWEEN 2389879 AND 2389979
	Bitmap Heap Scan on sbtest6  (cost=5.46..401.56 rows=100 width=125)
	  Recheck Cond: ((k >= 2389879) AND (k <= 2389979))
	  ->  Bitmap Index Scan on k_6  (cost=0.00..5.43 rows=100 width=0)
	        Index Cond: ((k >= 2389879) AND (k <= 2389979))

table 7 : explain SELECT k, c FROM sbtest7 WHERE k BETWEEN 2389879 AND 2389979
	Bitmap Heap Scan on sbtest7  (cost=5.44..393.69 rows=98 width=125)
	  Recheck Cond: ((k >= 2389879) AND (k <= 2389979))
	  ->  Bitmap Index Scan on k_7  (cost=0.00..5.42 rows=98 width=0)
	        Index Cond: ((k >= 2389879) AND (k <= 2389979))

table 8 : explain SELECT k, c FROM sbtest8 WHERE k BETWEEN 2389879 AND 2389979
	Bitmap Heap Scan on sbtest8  (cost=5.49..413.43 rows=103 width=125)
	  Recheck Cond: ((k >= 2389879) AND (k <= 2389979))
	  ->  Bitmap Index Scan on k_8  (cost=0.00..5.46 rows=103 width=0)
	        Index Cond: ((k >= 2389879) AND (k <= 2389979))


explain: for range-notcovered :: explain SELECT k, c FROM sbtest%d WHERE k BETWEEN 3509700 AND 3509800
explain: for range-notcovered :: explain SELECT k, c FROM sbtest%d WHERE k BETWEEN 2619940 AND 2620040
explain: for range-notcovered :: explain SELECT k, c FROM sbtest%d WHERE k BETWEEN 3577665 AND 3577765
for range-notcovered
table 1 : explain SELECT k, c FROM sbtest1 WHERE k BETWEEN 1754192 AND 1754292
	Bitmap Heap Scan on sbtest1  (cost=5.52..425.38 rows=106 width=125)
	  Recheck Cond: ((k >= 1754192) AND (k <= 1754292))
	  ->  Bitmap Index Scan on k_1  (cost=0.00..5.50 rows=106 width=0)
	        Index Cond: ((k >= 1754192) AND (k <= 1754292))

table 2 : explain SELECT k, c FROM sbtest2 WHERE k BETWEEN 1754192 AND 1754292
	Bitmap Heap Scan on sbtest2  (cost=5.43..389.69 rows=97 width=125)
	  Recheck Cond: ((k >= 1754192) AND (k <= 1754292))
	  ->  Bitmap Index Scan on k_2  (cost=0.00..5.40 rows=97 width=0)
	        Index Cond: ((k >= 1754192) AND (k <= 1754292))

table 3 : explain SELECT k, c FROM sbtest3 WHERE k BETWEEN 1754192 AND 1754292
	Bitmap Heap Scan on sbtest3  (cost=5.51..421.22 rows=105 width=125)
	  Recheck Cond: ((k >= 1754192) AND (k <= 1754292))
	  ->  Bitmap Index Scan on k_3  (cost=0.00..5.48 rows=105 width=0)
	        Index Cond: ((k >= 1754192) AND (k <= 1754292))

table 4 : explain SELECT k, c FROM sbtest4 WHERE k BETWEEN 1754192 AND 1754292
	Bitmap Heap Scan on sbtest4  (cost=5.60..456.73 rows=114 width=125)
	  Recheck Cond: ((k >= 1754192) AND (k <= 1754292))
	  ->  Bitmap Index Scan on k_4  (cost=0.00..5.58 rows=114 width=0)
	        Index Cond: ((k >= 1754192) AND (k <= 1754292))

table 5 : explain SELECT k, c FROM sbtest5 WHERE k BETWEEN 1754192 AND 1754292
	Bitmap Heap Scan on sbtest5  (cost=5.36..362.13 rows=90 width=125)
	  Recheck Cond: ((k >= 1754192) AND (k <= 1754292))
	  ->  Bitmap Index Scan on k_5  (cost=0.00..5.33 rows=90 width=0)
	        Index Cond: ((k >= 1754192) AND (k <= 1754292))

table 6 : explain SELECT k, c FROM sbtest6 WHERE k BETWEEN 1754192 AND 1754292
	Bitmap Heap Scan on sbtest6  (cost=5.48..409.44 rows=102 width=125)
	  Recheck Cond: ((k >= 1754192) AND (k <= 1754292))
	  ->  Bitmap Index Scan on k_6  (cost=0.00..5.45 rows=102 width=0)
	        Index Cond: ((k >= 1754192) AND (k <= 1754292))

table 7 : explain SELECT k, c FROM sbtest7 WHERE k BETWEEN 1754192 AND 1754292
	Bitmap Heap Scan on sbtest7  (cost=5.43..389.75 rows=97 width=125)
	  Recheck Cond: ((k >= 1754192) AND (k <= 1754292))
	  ->  Bitmap Index Scan on k_7  (cost=0.00..5.40 rows=97 width=0)
	        Index Cond: ((k >= 1754192) AND (k <= 1754292))

table 8 : explain SELECT k, c FROM sbtest8 WHERE k BETWEEN 1754192 AND 1754292
	Bitmap Heap Scan on sbtest8  (cost=5.36..362.13 rows=90 width=125)
	  Recheck Cond: ((k >= 1754192) AND (k <= 1754292))
	  ->  Bitmap Index Scan on k_8  (cost=0.00..5.33 rows=90 width=0)
	        Index Cond: ((k >= 1754192) AND (k <= 1754292))
for range-notcovered
table 1 : explain SELECT k, c FROM sbtest1 WHERE k BETWEEN 991256 AND 991356
	Bitmap Heap Scan on sbtest1  (cost=5.44..393.81 rows=98 width=125)
	  Recheck Cond: ((k >= 991256) AND (k <= 991356))
	  ->  Bitmap Index Scan on k_1  (cost=0.00..5.42 rows=98 width=0)
	        Index Cond: ((k >= 991256) AND (k <= 991356))

table 2 : explain SELECT k, c FROM sbtest2 WHERE k BETWEEN 991256 AND 991356
	Bitmap Heap Scan on sbtest2  (cost=5.48..409.41 rows=102 width=125)
	  Recheck Cond: ((k >= 991256) AND (k <= 991356))
	  ->  Bitmap Index Scan on k_2  (cost=0.00..5.45 rows=102 width=0)
	        Index Cond: ((k >= 991256) AND (k <= 991356))

table 3 : explain SELECT k, c FROM sbtest3 WHERE k BETWEEN 991256 AND 991356
	Bitmap Heap Scan on sbtest3  (cost=5.39..373.90 rows=93 width=125)
	  Recheck Cond: ((k >= 991256) AND (k <= 991356))
	  ->  Bitmap Index Scan on k_3  (cost=0.00..5.36 rows=93 width=0)
	        Index Cond: ((k >= 991256) AND (k <= 991356))

table 4 : explain SELECT k, c FROM sbtest4 WHERE k BETWEEN 991256 AND 991356
	Bitmap Heap Scan on sbtest4  (cost=5.52..425.21 rows=106 width=125)
	  Recheck Cond: ((k >= 991256) AND (k <= 991356))
	  ->  Bitmap Index Scan on k_4  (cost=0.00..5.50 rows=106 width=0)
	        Index Cond: ((k >= 991256) AND (k <= 991356))

table 5 : explain SELECT k, c FROM sbtest5 WHERE k BETWEEN 991256 AND 991356
	Bitmap Heap Scan on sbtest5  (cost=5.47..405.54 rows=101 width=125)
	  Recheck Cond: ((k >= 991256) AND (k <= 991356))
	  ->  Bitmap Index Scan on k_5  (cost=0.00..5.44 rows=101 width=0)
	        Index Cond: ((k >= 991256) AND (k <= 991356))

table 6 : explain SELECT k, c FROM sbtest6 WHERE k BETWEEN 991256 AND 991356
	Bitmap Heap Scan on sbtest6  (cost=5.39..373.94 rows=93 width=125)
	  Recheck Cond: ((k >= 991256) AND (k <= 991356))
	  ->  Bitmap Index Scan on k_6  (cost=0.00..5.36 rows=93 width=0)
	        Index Cond: ((k >= 991256) AND (k <= 991356))

table 7 : explain SELECT k, c FROM sbtest7 WHERE k BETWEEN 991256 AND 991356
	Bitmap Heap Scan on sbtest7  (cost=5.39..373.96 rows=93 width=125)
	  Recheck Cond: ((k >= 991256) AND (k <= 991356))
	  ->  Bitmap Index Scan on k_7  (cost=0.00..5.36 rows=93 width=0)
	        Index Cond: ((k >= 991256) AND (k <= 991356))

table 8 : explain SELECT k, c FROM sbtest8 WHERE k BETWEEN 991256 AND 991356
	Bitmap Heap Scan on sbtest8  (cost=5.52..425.26 rows=106 width=125)
	  Recheck Cond: ((k >= 991256) AND (k <= 991356))
	  ->  Bitmap Index Scan on k_8  (cost=0.00..5.50 rows=106 width=0)
	        Index Cond: ((k >= 991256) AND (k <= 991356))

for range-notcovered
table 1 : explain SELECT k, c FROM sbtest1 WHERE k BETWEEN 4998269 AND 4998369
	Bitmap Heap Scan on sbtest1  (cost=5.50..417.49 rows=104 width=125)
	  Recheck Cond: ((k >= 4998269) AND (k <= 4998369))
	  ->  Bitmap Index Scan on k_1  (cost=0.00..5.47 rows=104 width=0)
	        Index Cond: ((k >= 4998269) AND (k <= 4998369))

table 2 : explain SELECT k, c FROM sbtest2 WHERE k BETWEEN 4998269 AND 4998369
	Bitmap Heap Scan on sbtest2  (cost=5.52..425.18 rows=106 width=125)
	  Recheck Cond: ((k >= 4998269) AND (k <= 4998369))
	  ->  Bitmap Index Scan on k_2  (cost=0.00..5.50 rows=106 width=0)
	        Index Cond: ((k >= 4998269) AND (k <= 4998369))

table 3 : explain SELECT k, c FROM sbtest3 WHERE k BETWEEN 4998269 AND 4998369
	Bitmap Heap Scan on sbtest3  (cost=5.35..358.11 rows=89 width=125)
	  Recheck Cond: ((k >= 4998269) AND (k <= 4998369))
	  ->  Bitmap Index Scan on k_3  (cost=0.00..5.32 rows=89 width=0)
	        Index Cond: ((k >= 4998269) AND (k <= 4998369))

table 4 : explain SELECT k, c FROM sbtest4 WHERE k BETWEEN 4998269 AND 4998369
	Bitmap Heap Scan on sbtest4  (cost=5.48..409.44 rows=102 width=125)
	  Recheck Cond: ((k >= 4998269) AND (k <= 4998369))
	  ->  Bitmap Index Scan on k_4  (cost=0.00..5.45 rows=102 width=0)
	        Index Cond: ((k >= 4998269) AND (k <= 4998369))

table 5 : explain SELECT k, c FROM sbtest5 WHERE k BETWEEN 4998269 AND 4998369
	Bitmap Heap Scan on sbtest5  (cost=5.51..421.32 rows=105 width=125)
	  Recheck Cond: ((k >= 4998269) AND (k <= 4998369))
	  ->  Bitmap Index Scan on k_5  (cost=0.00..5.48 rows=105 width=0)
	        Index Cond: ((k >= 4998269) AND (k <= 4998369))

table 6 : explain SELECT k, c FROM sbtest6 WHERE k BETWEEN 4998269 AND 4998369
	Bitmap Heap Scan on sbtest6  (cost=5.50..417.33 rows=104 width=125)
	  Recheck Cond: ((k >= 4998269) AND (k <= 4998369))
	  ->  Bitmap Index Scan on k_6  (cost=0.00..5.47 rows=104 width=0)
	        Index Cond: ((k >= 4998269) AND (k <= 4998369))

table 7 : explain SELECT k, c FROM sbtest7 WHERE k BETWEEN 4998269 AND 4998369
	Bitmap Heap Scan on sbtest7  (cost=5.54..433.13 rows=108 width=125)
	  Recheck Cond: ((k >= 4998269) AND (k <= 4998369))
	  ->  Bitmap Index Scan on k_7  (cost=0.00..5.51 rows=108 width=0)
	        Index Cond: ((k >= 4998269) AND (k <= 4998369))

table 8 : explain SELECT k, c FROM sbtest8 WHERE k BETWEEN 4998269 AND 4998369
	Bitmap Heap Scan on sbtest8  (cost=5.46..401.60 rows=100 width=125)
	  Recheck Cond: ((k >= 4998269) AND (k <= 4998369))
	  ->  Bitmap Index Scan on k_8  (cost=0.00..5.43 rows=100 width=0)
	        Index Cond: ((k >= 4998269) AND (k <= 4998369))

for range-notcovered
table 1 : explain SELECT k, c FROM sbtest1 WHERE k BETWEEN 6399033 AND 6399133
	Bitmap Heap Scan on sbtest1  (cost=5.41..381.97 rows=95 width=125)
	  Recheck Cond: ((k >= 6399033) AND (k <= 6399133))
	  ->  Bitmap Index Scan on k_1  (cost=0.00..5.38 rows=95 width=0)
	        Index Cond: ((k >= 6399033) AND (k <= 6399133))

table 2 : explain SELECT k, c FROM sbtest2 WHERE k BETWEEN 6399033 AND 6399133
	Bitmap Heap Scan on sbtest2  (cost=5.49..413.35 rows=103 width=125)
	  Recheck Cond: ((k >= 6399033) AND (k <= 6399133))
	  ->  Bitmap Index Scan on k_2  (cost=0.00..5.46 rows=103 width=0)
	        Index Cond: ((k >= 6399033) AND (k <= 6399133))

table 3 : explain SELECT k, c FROM sbtest3 WHERE k BETWEEN 6399033 AND 6399133
	Bitmap Heap Scan on sbtest3  (cost=5.46..401.51 rows=100 width=125)
	  Recheck Cond: ((k >= 6399033) AND (k <= 6399133))
	  ->  Bitmap Index Scan on k_3  (cost=0.00..5.43 rows=100 width=0)
	        Index Cond: ((k >= 6399033) AND (k <= 6399133))

table 4 : explain SELECT k, c FROM sbtest4 WHERE k BETWEEN 6399033 AND 6399133
	Bitmap Heap Scan on sbtest4  (cost=5.55..437.04 rows=109 width=125)
	  Recheck Cond: ((k >= 6399033) AND (k <= 6399133))
	  ->  Bitmap Index Scan on k_4  (cost=0.00..5.52 rows=109 width=0)
	        Index Cond: ((k >= 6399033) AND (k <= 6399133))

table 5 : explain SELECT k, c FROM sbtest5 WHERE k BETWEEN 6399033 AND 6399133
	Bitmap Heap Scan on sbtest5  (cost=5.40..377.92 rows=94 width=125)
	  Recheck Cond: ((k >= 6399033) AND (k <= 6399133))
	  ->  Bitmap Index Scan on k_5  (cost=0.00..5.38 rows=94 width=0)
	        Index Cond: ((k >= 6399033) AND (k <= 6399133))

table 6 : explain SELECT k, c FROM sbtest6 WHERE k BETWEEN 6399033 AND 6399133
	Bitmap Heap Scan on sbtest6  (cost=5.55..437.04 rows=109 width=125)
	  Recheck Cond: ((k >= 6399033) AND (k <= 6399133))
	  ->  Bitmap Index Scan on k_6  (cost=0.00..5.52 rows=109 width=0)
	        Index Cond: ((k >= 6399033) AND (k <= 6399133))

table 7 : explain SELECT k, c FROM sbtest7 WHERE k BETWEEN 6399033 AND 6399133
	Bitmap Heap Scan on sbtest7  (cost=5.54..433.13 rows=108 width=125)
	  Recheck Cond: ((k >= 6399033) AND (k <= 6399133))
	  ->  Bitmap Index Scan on k_7  (cost=0.00..5.51 rows=108 width=0)
	        Index Cond: ((k >= 6399033) AND (k <= 6399133))

table 8 : explain SELECT k, c FROM sbtest8 WHERE k BETWEEN 6399033 AND 6399133
	Bitmap Heap Scan on sbtest8  (cost=5.49..413.43 rows=103 width=125)
	  Recheck Cond: ((k >= 6399033) AND (k <= 6399133))
	  ->  Bitmap Index Scan on k_8  (cost=0.00..5.46 rows=103 width=0)
	        Index Cond: ((k >= 6399033) AND (k <= 6399133))

for range-notcovered
table 1 : explain SELECT k, c FROM sbtest1 WHERE k BETWEEN 6392831 AND 6392931
	Bitmap Heap Scan on sbtest1  (cost=5.41..381.97 rows=95 width=125)
	  Recheck Cond: ((k >= 6392831) AND (k <= 6392931))
	  ->  Bitmap Index Scan on k_1  (cost=0.00..5.38 rows=95 width=0)
	        Index Cond: ((k >= 6392831) AND (k <= 6392931))

table 2 : explain SELECT k, c FROM sbtest2 WHERE k BETWEEN 6392831 AND 6392931
	Bitmap Heap Scan on sbtest2  (cost=5.49..413.35 rows=103 width=125)
	  Recheck Cond: ((k >= 6392831) AND (k <= 6392931))
	  ->  Bitmap Index Scan on k_2  (cost=0.00..5.46 rows=103 width=0)
	        Index Cond: ((k >= 6392831) AND (k <= 6392931))

table 3 : explain SELECT k, c FROM sbtest3 WHERE k BETWEEN 6392831 AND 6392931
	Bitmap Heap Scan on sbtest3  (cost=5.46..401.51 rows=100 width=125)
	  Recheck Cond: ((k >= 6392831) AND (k <= 6392931))
	  ->  Bitmap Index Scan on k_3  (cost=0.00..5.43 rows=100 width=0)
	        Index Cond: ((k >= 6392831) AND (k <= 6392931))

table 4 : explain SELECT k, c FROM sbtest4 WHERE k BETWEEN 6392831 AND 6392931
	Bitmap Heap Scan on sbtest4  (cost=5.55..437.04 rows=109 width=125)
	  Recheck Cond: ((k >= 6392831) AND (k <= 6392931))
	  ->  Bitmap Index Scan on k_4  (cost=0.00..5.52 rows=109 width=0)
	        Index Cond: ((k >= 6392831) AND (k <= 6392931))

table 5 : explain SELECT k, c FROM sbtest5 WHERE k BETWEEN 6392831 AND 6392931
	Bitmap Heap Scan on sbtest5  (cost=5.40..377.92 rows=94 width=125)
	  Recheck Cond: ((k >= 6392831) AND (k <= 6392931))
	  ->  Bitmap Index Scan on k_5  (cost=0.00..5.38 rows=94 width=0)
	        Index Cond: ((k >= 6392831) AND (k <= 6392931))

table 6 : explain SELECT k, c FROM sbtest6 WHERE k BETWEEN 6392831 AND 6392931
	Bitmap Heap Scan on sbtest6  (cost=5.55..437.04 rows=109 width=125)
	  Recheck Cond: ((k >= 6392831) AND (k <= 6392931))
	  ->  Bitmap Index Scan on k_6  (cost=0.00..5.52 rows=109 width=0)
	        Index Cond: ((k >= 6392831) AND (k <= 6392931))

table 7 : explain SELECT k, c FROM sbtest7 WHERE k BETWEEN 6392831 AND 6392931
	Bitmap Heap Scan on sbtest7  (cost=5.54..433.13 rows=108 width=125)
	  Recheck Cond: ((k >= 6392831) AND (k <= 6392931))
	  ->  Bitmap Index Scan on k_7  (cost=0.00..5.51 rows=108 width=0)
	        Index Cond: ((k >= 6392831) AND (k <= 6392931))

table 8 : explain SELECT k, c FROM sbtest8 WHERE k BETWEEN 6392831 AND 6392931
	Bitmap Heap Scan on sbtest8  (cost=5.49..413.43 rows=103 width=125)
	  Recheck Cond: ((k >= 6392831) AND (k <= 6392931))
	  ->  Bitmap Index Scan on k_8  (cost=0.00..5.46 rows=103 width=0)
	        Index Cond: ((k >= 6392831) AND (k <= 6392931))

for range-notcovered
table 1 : explain SELECT k, c FROM sbtest1 WHERE k BETWEEN 4305027 AND 4305127
	Bitmap Heap Scan on sbtest1  (cost=5.42..385.92 rows=96 width=125)
	  Recheck Cond: ((k >= 4305027) AND (k <= 4305127))
	  ->  Bitmap Index Scan on k_1  (cost=0.00..5.39 rows=96 width=0)
	        Index Cond: ((k >= 4305027) AND (k <= 4305127))

table 2 : explain SELECT k, c FROM sbtest2 WHERE k BETWEEN 4305027 AND 4305127
	Bitmap Heap Scan on sbtest2  (cost=5.47..405.46 rows=101 width=125)
	  Recheck Cond: ((k >= 4305027) AND (k <= 4305127))
	  ->  Bitmap Index Scan on k_2  (cost=0.00..5.44 rows=101 width=0)
	        Index Cond: ((k >= 4305027) AND (k <= 4305127))

table 3 : explain SELECT k, c FROM sbtest3 WHERE k BETWEEN 4305027 AND 4305127
	Bitmap Heap Scan on sbtest3  (cost=5.47..405.45 rows=101 width=125)
	  Recheck Cond: ((k >= 4305027) AND (k <= 4305127))
	  ->  Bitmap Index Scan on k_3  (cost=0.00..5.44 rows=101 width=0)
	        Index Cond: ((k >= 4305027) AND (k <= 4305127))

table 4 : explain SELECT k, c FROM sbtest4 WHERE k BETWEEN 4305027 AND 4305127
	Bitmap Heap Scan on sbtest4  (cost=5.50..417.33 rows=104 width=125)
	  Recheck Cond: ((k >= 4305027) AND (k <= 4305127))
	  ->  Bitmap Index Scan on k_4  (cost=0.00..5.47 rows=104 width=0)
	        Index Cond: ((k >= 4305027) AND (k <= 4305127))

table 5 : explain SELECT k, c FROM sbtest5 WHERE k BETWEEN 4305027 AND 4305127
	Bitmap Heap Scan on sbtest5  (cost=5.43..389.76 rows=97 width=125)
	  Recheck Cond: ((k >= 4305027) AND (k <= 4305127))
	  ->  Bitmap Index Scan on k_5  (cost=0.00..5.40 rows=97 width=0)
	        Index Cond: ((k >= 4305027) AND (k <= 4305127))

table 6 : explain SELECT k, c FROM sbtest6 WHERE k BETWEEN 4305027 AND 4305127
	Bitmap Heap Scan on sbtest6  (cost=5.48..409.44 rows=102 width=125)
	  Recheck Cond: ((k >= 4305027) AND (k <= 4305127))
	  ->  Bitmap Index Scan on k_6  (cost=0.00..5.45 rows=102 width=0)
	        Index Cond: ((k >= 4305027) AND (k <= 4305127))

table 7 : explain SELECT k, c FROM sbtest7 WHERE k BETWEEN 4305027 AND 4305127
	Bitmap Heap Scan on sbtest7  (cost=5.36..362.12 rows=90 width=125)
	  Recheck Cond: ((k >= 4305027) AND (k <= 4305127))
	  ->  Bitmap Index Scan on k_7  (cost=0.00..5.33 rows=90 width=0)
	        Index Cond: ((k >= 4305027) AND (k <= 4305127))

table 8 : explain SELECT k, c FROM sbtest8 WHERE k BETWEEN 4305027 AND 4305127
	Bitmap Heap Scan on sbtest8  (cost=5.49..413.43 rows=103 width=125)
	  Recheck Cond: ((k >= 4305027) AND (k <= 4305127))
	  ->  Bitmap Index Scan on k_8  (cost=0.00..5.46 rows=103 width=0)
	        Index Cond: ((k >= 4305027) AND (k <= 4305127))


explain: for range-notcovered :: explain SELECT k, c FROM sbtest%d WHERE k BETWEEN 4339301 AND 4339401for range-notcovered
table 1 : explain SELECT k, c FROM sbtest1 WHERE k BETWEEN 8893029 AND 8893129
	Bitmap Heap Scan on sbtest1  (cost=5.50..417.49 rows=104 width=125)
	  Recheck Cond: ((k >= 8893029) AND (k <= 8893129))
	  ->  Bitmap Index Scan on k_1  (cost=0.00..5.47 rows=104 width=0)
	        Index Cond: ((k >= 8893029) AND (k <= 8893129))

table 2 : explain SELECT k, c FROM sbtest2 WHERE k BETWEEN 8893029 AND 8893129
	Bitmap Heap Scan on sbtest2  (cost=5.46..401.52 rows=100 width=125)
	  Recheck Cond: ((k >= 8893029) AND (k <= 8893129))
	  ->  Bitmap Index Scan on k_2  (cost=0.00..5.43 rows=100 width=0)
	        Index Cond: ((k >= 8893029) AND (k <= 8893129))

table 3 : explain SELECT k, c FROM sbtest3 WHERE k BETWEEN 8893029 AND 8893129
	Bitmap Heap Scan on sbtest3  (cost=5.51..421.22 rows=105 width=125)
	  Recheck Cond: ((k >= 8893029) AND (k <= 8893129))
	  ->  Bitmap Index Scan on k_3  (cost=0.00..5.48 rows=105 width=0)
	        Index Cond: ((k >= 8893029) AND (k <= 8893129))

table 4 : explain SELECT k, c FROM sbtest4 WHERE k BETWEEN 8893029 AND 8893129
	Bitmap Heap Scan on sbtest4  (cost=5.42..385.77 rows=96 width=125)
	  Recheck Cond: ((k >= 8893029) AND (k <= 8893129))
	  ->  Bitmap Index Scan on k_4  (cost=0.00..5.39 rows=96 width=0)
	        Index Cond: ((k >= 8893029) AND (k <= 8893129))

table 5 : explain SELECT k, c FROM sbtest5 WHERE k BETWEEN 8893029 AND 8893129
	Bitmap Heap Scan on sbtest5  (cost=5.43..389.76 rows=97 width=125)
	  Recheck Cond: ((k >= 8893029) AND (k <= 8893129))
	  ->  Bitmap Index Scan on k_5  (cost=0.00..5.40 rows=97 width=0)
	        Index Cond: ((k >= 8893029) AND (k <= 8893129))

table 6 : explain SELECT k, c FROM sbtest6 WHERE k BETWEEN 8893029 AND 8893129
	Bitmap Heap Scan on sbtest6  (cost=5.47..405.50 rows=101 width=125)
	  Recheck Cond: ((k >= 8893029) AND (k <= 8893129))
	  ->  Bitmap Index Scan on k_6  (cost=0.00..5.44 rows=101 width=0)
	        Index Cond: ((k >= 8893029) AND (k <= 8893129))

table 7 : explain SELECT k, c FROM sbtest7 WHERE k BETWEEN 8893029 AND 8893129
	Bitmap Heap Scan on sbtest7  (cost=5.51..421.30 rows=105 width=125)
	  Recheck Cond: ((k >= 8893029) AND (k <= 8893129))
	  ->  Bitmap Index Scan on k_7  (cost=0.00..5.48 rows=105 width=0)
	        Index Cond: ((k >= 8893029) AND (k <= 8893129))

table 8 : explain SELECT k, c FROM sbtest8 WHERE k BETWEEN 8893029 AND 8893129
	Bitmap Heap Scan on sbtest8  (cost=5.52..425.26 rows=106 width=125)
	  Recheck Cond: ((k >= 8893029) AND (k <= 8893129))
	  ->  Bitmap Index Scan on k_8  (cost=0.00..5.50 rows=106 width=0)
	        Index Cond: ((k >= 8893029) AND (k <= 8893129))

explain: for range-notcovered :: explain SELECT k, c FROM sbtest%d WHERE k BETWEEN 6268598 AND 6268698
explain: for range-notcovered :: explain SELECT k, c FROM sbtest%d WHERE k BETWEEN 6515265 AND 6515365
explain: for range-notcovered :: explain SELECT k, c FROM sbtest%d WHERE k BETWEEN 2389879 AND 2389979for range-notcovered
table 1 : explain SELECT k, c FROM sbtest1 WHERE k BETWEEN 3057141 AND 3057241
	Bitmap Heap Scan on sbtest1  (cost=5.51..421.43 rows=105 width=125)
	  Recheck Cond: ((k >= 3057141) AND (k <= 3057241))
	  ->  Bitmap Index Scan on k_1  (cost=0.00..5.48 rows=105 width=0)
	        Index Cond: ((k >= 3057141) AND (k <= 3057241))

table 2 : explain SELECT k, c FROM sbtest2 WHERE k BETWEEN 3057141 AND 3057241
	Bitmap Heap Scan on sbtest2  (cost=5.41..381.80 rows=95 width=125)
	  Recheck Cond: ((k >= 3057141) AND (k <= 3057241))
	  ->  Bitmap Index Scan on k_2  (cost=0.00..5.38 rows=95 width=0)
	        Index Cond: ((k >= 3057141) AND (k <= 3057241))

table 3 : explain SELECT k, c FROM sbtest3 WHERE k BETWEEN 3057141 AND 3057241
	Bitmap Heap Scan on sbtest3  (cost=5.50..417.28 rows=104 width=125)
	  Recheck Cond: ((k >= 3057141) AND (k <= 3057241))
	  ->  Bitmap Index Scan on k_3  (cost=0.00..5.47 rows=104 width=0)
	        Index Cond: ((k >= 3057141) AND (k <= 3057241))

table 4 : explain SELECT k, c FROM sbtest4 WHERE k BETWEEN 3057141 AND 3057241
	Bitmap Heap Scan on sbtest4  (cost=5.54..433.09 rows=108 width=125)
	  Recheck Cond: ((k >= 3057141) AND (k <= 3057241))
	  ->  Bitmap Index Scan on k_4  (cost=0.00..5.51 rows=108 width=0)
	        Index Cond: ((k >= 3057141) AND (k <= 3057241))

table 5 : explain SELECT k, c FROM sbtest5 WHERE k BETWEEN 3057141 AND 3057241
	Bitmap Heap Scan on sbtest5  (cost=5.54..433.14 rows=108 width=125)
	  Recheck Cond: ((k >= 3057141) AND (k <= 3057241))
	  ->  Bitmap Index Scan on k_5  (cost=0.00..5.51 rows=108 width=0)
	        Index Cond: ((k >= 3057141) AND (k <= 3057241))

table 6 : explain SELECT k, c FROM sbtest6 WHERE k BETWEEN 3057141 AND 3057241
	Bitmap Heap Scan on sbtest6  (cost=5.44..393.67 rows=98 width=125)
	  Recheck Cond: ((k >= 3057141) AND (k <= 3057241))
	  ->  Bitmap Index Scan on k_6  (cost=0.00..5.42 rows=98 width=0)
	        Index Cond: ((k >= 3057141) AND (k <= 3057241))

table 7 : explain SELECT k, c FROM sbtest7 WHERE k BETWEEN 3057141 AND 3057241
	Bitmap Heap Scan on sbtest7  (cost=5.57..444.95 rows=111 width=125)
	  Recheck Cond: ((k >= 3057141) AND (k <= 3057241))
	  ->  Bitmap Index Scan on k_7  (cost=0.00..5.54 rows=111 width=0)
	        Index Cond: ((k >= 3057141) AND (k <= 3057241))

table 8 : explain SELECT k, c FROM sbtest8 WHERE k BETWEEN 3057141 AND 3057241
	Bitmap Heap Scan on sbtest8  (cost=5.44..393.71 rows=98 width=125)
	  Recheck Cond: ((k >= 3057141) AND (k <= 3057241))
	  ->  Bitmap Index Scan on k_8  (cost=0.00..5.42 rows=98 width=0)
	        Index Cond: ((k >= 3057141) AND (k <= 3057241))
for range-notcovered
table 1 : explain SELECT k, c FROM sbtest1 WHERE k BETWEEN 4644618 AND 4644718
	Bitmap Heap Scan on sbtest1  (cost=5.52..425.38 rows=106 width=125)
	  Recheck Cond: ((k >= 4644618) AND (k <= 4644718))
	  ->  Bitmap Index Scan on k_1  (cost=0.00..5.50 rows=106 width=0)
	        Index Cond: ((k >= 4644618) AND (k <= 4644718))

table 2 : explain SELECT k, c FROM sbtest2 WHERE k BETWEEN 4644618 AND 4644718
	Bitmap Heap Scan on sbtest2  (cost=5.56..440.94 rows=110 width=125)
	  Recheck Cond: ((k >= 4644618) AND (k <= 4644718))
	  ->  Bitmap Index Scan on k_2  (cost=0.00..5.53 rows=110 width=0)
	        Index Cond: ((k >= 4644618) AND (k <= 4644718))

table 3 : explain SELECT k, c FROM sbtest3 WHERE k BETWEEN 4644618 AND 4644718
	Bitmap Heap Scan on sbtest3  (cost=5.43..389.68 rows=97 width=125)
	  Recheck Cond: ((k >= 4644618) AND (k <= 4644718))
	  ->  Bitmap Index Scan on k_3  (cost=0.00..5.40 rows=97 width=0)
	        Index Cond: ((k >= 4644618) AND (k <= 4644718))

table 4 : explain SELECT k, c FROM sbtest4 WHERE k BETWEEN 4644618 AND 4644718
	Bitmap Heap Scan on sbtest4  (cost=5.52..425.21 rows=106 width=125)
	  Recheck Cond: ((k >= 4644618) AND (k <= 4644718))
	  ->  Bitmap Index Scan on k_4  (cost=0.00..5.50 rows=106 width=0)
	        Index Cond: ((k >= 4644618) AND (k <= 4644718))

table 5 : explain SELECT k, c FROM sbtest5 WHERE k BETWEEN 4644618 AND 4644718
	Bitmap Heap Scan on sbtest5  (cost=5.56..441.03 rows=110 width=125)
	  Recheck Cond: ((k >= 4644618) AND (k <= 4644718))
	  ->  Bitmap Index Scan on k_5  (cost=0.00..5.53 rows=110 width=0)
	        Index Cond: ((k >= 4644618) AND (k <= 4644718))

table 6 : explain SELECT k, c FROM sbtest6 WHERE k BETWEEN 4644618 AND 4644718
	Bitmap Heap Scan on sbtest6  (cost=5.55..437.04 rows=109 width=125)
	  Recheck Cond: ((k >= 4644618) AND (k <= 4644718))
	  ->  Bitmap Index Scan on k_6  (cost=0.00..5.52 rows=109 width=0)
	        Index Cond: ((k >= 4644618) AND (k <= 4644718))

table 7 : explain SELECT k, c FROM sbtest7 WHERE k BETWEEN 4644618 AND 4644718
	Bitmap Heap Scan on sbtest7  (cost=5.49..413.42 rows=103 width=125)
	  Recheck Cond: ((k >= 4644618) AND (k <= 4644718))
	  ->  Bitmap Index Scan on k_7  (cost=0.00..5.46 rows=103 width=0)
	        Index Cond: ((k >= 4644618) AND (k <= 4644718))

table 8 : explain SELECT k, c FROM sbtest8 WHERE k BETWEEN 4644618 AND 4644718
	Bitmap Heap Scan on sbtest8  (cost=5.56..441.03 rows=110 width=125)
	  Recheck Cond: ((k >= 4644618) AND (k <= 4644718))
	  ->  Bitmap Index Scan on k_8  (cost=0.00..5.53 rows=110 width=0)
	        Index Cond: ((k >= 4644618) AND (k <= 4644718))

for range-notcovered
table 1 : explain SELECT k, c FROM sbtest1 WHERE k BETWEEN 5001658 AND 5001758
	Bitmap Heap Scan on sbtest1  (cost=5.50..417.49 rows=104 width=125)
	  Recheck Cond: ((k >= 5001658) AND (k <= 5001758))
	  ->  Bitmap Index Scan on k_1  (cost=0.00..5.47 rows=104 width=0)
	        Index Cond: ((k >= 5001658) AND (k <= 5001758))

table 2 : explain SELECT k, c FROM sbtest2 WHERE k BETWEEN 5001658 AND 5001758
	Bitmap Heap Scan on sbtest2  (cost=5.38..369.96 rows=92 width=125)
	  Recheck Cond: ((k >= 5001658) AND (k <= 5001758))
	  ->  Bitmap Index Scan on k_2  (cost=0.00..5.35 rows=92 width=0)
	        Index Cond: ((k >= 5001658) AND (k <= 5001758))

table 3 : explain SELECT k, c FROM sbtest3 WHERE k BETWEEN 5001658 AND 5001758
	Bitmap Heap Scan on sbtest3  (cost=5.35..358.11 rows=89 width=125)
	  Recheck Cond: ((k >= 5001658) AND (k <= 5001758))
	  ->  Bitmap Index Scan on k_3  (cost=0.00..5.32 rows=89 width=0)
	        Index Cond: ((k >= 5001658) AND (k <= 5001758))

table 4 : explain SELECT k, c FROM sbtest4 WHERE k BETWEEN 5001658 AND 5001758
	Bitmap Heap Scan on sbtest4  (cost=5.48..409.44 rows=102 width=125)
	  Recheck Cond: ((k >= 5001658) AND (k <= 5001758))
	  ->  Bitmap Index Scan on k_4  (cost=0.00..5.45 rows=102 width=0)
	        Index Cond: ((k >= 5001658) AND (k <= 5001758))

table 5 : explain SELECT k, c FROM sbtest5 WHERE k BETWEEN 5001658 AND 5001758
	Bitmap Heap Scan on sbtest5  (cost=5.51..421.32 rows=105 width=125)
	  Recheck Cond: ((k >= 5001658) AND (k <= 5001758))
	  ->  Bitmap Index Scan on k_5  (cost=0.00..5.48 rows=105 width=0)
	        Index Cond: ((k >= 5001658) AND (k <= 5001758))

table 6 : explain SELECT k, c FROM sbtest6 WHERE k BETWEEN 5001658 AND 5001758
	Bitmap Heap Scan on sbtest6  (cost=5.50..417.33 rows=104 width=125)
	  Recheck Cond: ((k >= 5001658) AND (k <= 5001758))
	  ->  Bitmap Index Scan on k_6  (cost=0.00..5.47 rows=104 width=0)
	        Index Cond: ((k >= 5001658) AND (k <= 5001758))

table 7 : explain SELECT k, c FROM sbtest7 WHERE k BETWEEN 5001658 AND 5001758
	Bitmap Heap Scan on sbtest7  (cost=5.54..433.13 rows=108 width=125)
	  Recheck Cond: ((k >= 5001658) AND (k <= 5001758))
	  ->  Bitmap Index Scan on k_7  (cost=0.00..5.51 rows=108 width=0)
	        Index Cond: ((k >= 5001658) AND (k <= 5001758))

table 8 : explain SELECT k, c FROM sbtest8 WHERE k BETWEEN 5001658 AND 5001758
	Bitmap Heap Scan on sbtest8  (cost=5.52..425.26 rows=106 width=125)
	  Recheck Cond: ((k >= 5001658) AND (k <= 5001758))
	  ->  Bitmap Index Scan on k_8  (cost=0.00..5.50 rows=106 width=0)
	        Index Cond: ((k >= 5001658) AND (k <= 5001758))

for range-notcovered
table 1 : explain SELECT k, c FROM sbtest1 WHERE k BETWEEN 2768573 AND 2768673
	Bitmap Heap Scan on sbtest1  (cost=5.38..370.12 rows=92 width=125)
	  Recheck Cond: ((k >= 2768573) AND (k <= 2768673))
	  ->  Bitmap Index Scan on k_1  (cost=0.00..5.35 rows=92 width=0)
	        Index Cond: ((k >= 2768573) AND (k <= 2768673))

table 2 : explain SELECT k, c FROM sbtest2 WHERE k BETWEEN 2768573 AND 2768673
	Bitmap Heap Scan on sbtest2  (cost=5.50..417.29 rows=104 width=125)
	  Recheck Cond: ((k >= 2768573) AND (k <= 2768673))
	  ->  Bitmap Index Scan on k_2  (cost=0.00..5.47 rows=104 width=0)
	        Index Cond: ((k >= 2768573) AND (k <= 2768673))

table 3 : explain SELECT k, c FROM sbtest3 WHERE k BETWEEN 2768573 AND 2768673
	Bitmap Heap Scan on sbtest3  (cost=5.54..433.05 rows=108 width=125)
	  Recheck Cond: ((k >= 2768573) AND (k <= 2768673))
	  ->  Bitmap Index Scan on k_3  (cost=0.00..5.51 rows=108 width=0)
	        Index Cond: ((k >= 2768573) AND (k <= 2768673))

table 4 : explain SELECT k, c FROM sbtest4 WHERE k BETWEEN 2768573 AND 2768673
	Bitmap Heap Scan on sbtest4  (cost=5.55..437.04 rows=109 width=125)
	  Recheck Cond: ((k >= 2768573) AND (k <= 2768673))
	  ->  Bitmap Index Scan on k_4  (cost=0.00..5.52 rows=109 width=0)
	        Index Cond: ((k >= 2768573) AND (k <= 2768673))

table 5 : explain SELECT k, c FROM sbtest5 WHERE k BETWEEN 2768573 AND 2768673
	Bitmap Heap Scan on sbtest5  (cost=5.53..429.20 rows=107 width=125)
	  Recheck Cond: ((k >= 2768573) AND (k <= 2768673))
	  ->  Bitmap Index Scan on k_5  (cost=0.00..5.50 rows=107 width=0)
	        Index Cond: ((k >= 2768573) AND (k <= 2768673))

table 6 : explain SELECT k, c FROM sbtest6 WHERE k BETWEEN 2768573 AND 2768673
	Bitmap Heap Scan on sbtest6  (cost=5.57..444.92 rows=111 width=125)
	  Recheck Cond: ((k >= 2768573) AND (k <= 2768673))
	  ->  Bitmap Index Scan on k_6  (cost=0.00..5.54 rows=111 width=0)
	        Index Cond: ((k >= 2768573) AND (k <= 2768673))

table 7 : explain SELECT k, c FROM sbtest7 WHERE k BETWEEN 2768573 AND 2768673
	Bitmap Heap Scan on sbtest7  (cost=5.51..421.30 rows=105 width=125)
	  Recheck Cond: ((k >= 2768573) AND (k <= 2768673))
	  ->  Bitmap Index Scan on k_7  (cost=0.00..5.48 rows=105 width=0)
	        Index Cond: ((k >= 2768573) AND (k <= 2768673))

table 8 : explain SELECT k, c FROM sbtest8 WHERE k BETWEEN 2768573 AND 2768673
	Bitmap Heap Scan on sbtest8  (cost=5.49..413.43 rows=103 width=125)
	  Recheck Cond: ((k >= 2768573) AND (k <= 2768673))
	  ->  Bitmap Index Scan on k_8  (cost=0.00..5.46 rows=103 width=0)
	        Index Cond: ((k >= 2768573) AND (k <= 2768673))

explain: for range-notcovered :: explain SELECT k, c FROM sbtest%d WHERE k BETWEEN 4998269 AND 4998369
for range-notcovered
table 1 : explain SELECT k, c FROM sbtest1 WHERE k BETWEEN 5715146 AND 5715246
	Bitmap Heap Scan on sbtest1  (cost=5.53..429.32 rows=107 width=125)
	  Recheck Cond: ((k >= 5715146) AND (k <= 5715246))
	  ->  Bitmap Index Scan on k_1  (cost=0.00..5.50 rows=107 width=0)
	        Index Cond: ((k >= 5715146) AND (k <= 5715246))

table 2 : explain SELECT k, c FROM sbtest2 WHERE k BETWEEN 5715146 AND 5715246
	Bitmap Heap Scan on sbtest2  (cost=5.52..425.18 rows=106 width=125)
	  Recheck Cond: ((k >= 5715146) AND (k <= 5715246))
	  ->  Bitmap Index Scan on k_2  (cost=0.00..5.50 rows=106 width=0)
	        Index Cond: ((k >= 5715146) AND (k <= 5715246))

table 3 : explain SELECT k, c FROM sbtest3 WHERE k BETWEEN 5715146 AND 5715246
	Bitmap Heap Scan on sbtest3  (cost=5.46..401.51 rows=100 width=125)
	  Recheck Cond: ((k >= 5715146) AND (k <= 5715246))
	  ->  Bitmap Index Scan on k_3  (cost=0.00..5.43 rows=100 width=0)
	        Index Cond: ((k >= 5715146) AND (k <= 5715246))

table 4 : explain SELECT k, c FROM sbtest4 WHERE k BETWEEN 5715146 AND 5715246
	Bitmap Heap Scan on sbtest4  (cost=5.50..417.33 rows=104 width=125)
	  Recheck Cond: ((k >= 5715146) AND (k <= 5715246))
	  ->  Bitmap Index Scan on k_4  (cost=0.00..5.47 rows=104 width=0)
	        Index Cond: ((k >= 5715146) AND (k <= 5715246))

table 5 : explain SELECT k, c FROM sbtest5 WHERE k BETWEEN 5715146 AND 5715246
	Bitmap Heap Scan on sbtest5  (cost=5.50..417.37 rows=104 width=125)
	  Recheck Cond: ((k >= 5715146) AND (k <= 5715246))
	  ->  Bitmap Index Scan on k_5  (cost=0.00..5.47 rows=104 width=0)
	        Index Cond: ((k >= 5715146) AND (k <= 5715246))

table 6 : explain SELECT k, c FROM sbtest6 WHERE k BETWEEN 5715146 AND 5715246
	Bitmap Heap Scan on sbtest6  (cost=5.44..393.67 rows=98 width=125)
	  Recheck Cond: ((k >= 5715146) AND (k <= 5715246))
	  ->  Bitmap Index Scan on k_6  (cost=0.00..5.42 rows=98 width=0)
	        Index Cond: ((k >= 5715146) AND (k <= 5715246))

table 7 : explain SELECT k, c FROM sbtest7 WHERE k BETWEEN 5715146 AND 5715246
	Bitmap Heap Scan on sbtest7  (cost=5.53..429.19 rows=107 width=125)
	  Recheck Cond: ((k >= 5715146) AND (k <= 5715246))
	  ->  Bitmap Index Scan on k_7  (cost=0.00..5.50 rows=107 width=0)
	        Index Cond: ((k >= 5715146) AND (k <= 5715246))

table 8 : explain SELECT k, c FROM sbtest8 WHERE k BETWEEN 5715146 AND 5715246
	Bitmap Heap Scan on sbtest8  (cost=5.53..429.21 rows=107 width=125)
	  Recheck Cond: ((k >= 5715146) AND (k <= 5715246))
	  ->  Bitmap Index Scan on k_8  (cost=0.00..5.50 rows=107 width=0)
	        Index Cond: ((k >= 5715146) AND (k <= 5715246))


for range-notcovered
table 1 : explain SELECT k, c FROM sbtest1 WHERE k BETWEEN 5460229 AND 5460329
	Bitmap Heap Scan on sbtest1  (cost=5.42..385.92 rows=96 width=125)
	  Recheck Cond: ((k >= 5460229) AND (k <= 5460329))
	  ->  Bitmap Index Scan on k_1  (cost=0.00..5.39 rows=96 width=0)
	        Index Cond: ((k >= 5460229) AND (k <= 5460329))

table 2 : explain SELECT k, c FROM sbtest2 WHERE k BETWEEN 5460229 AND 5460329
	Bitmap Heap Scan on sbtest2  (cost=5.53..429.12 rows=107 width=125)
	  Recheck Cond: ((k >= 5460229) AND (k <= 5460329))
	  ->  Bitmap Index Scan on k_2  (cost=0.00..5.50 rows=107 width=0)
	        Index Cond: ((k >= 5460229) AND (k <= 5460329))

table 3 : explain SELECT k, c FROM sbtest3 WHERE k BETWEEN 5460229 AND 5460329
	Bitmap Heap Scan on sbtest3  (cost=5.43..389.68 rows=97 width=125)
	  Recheck Cond: ((k >= 5460229) AND (k <= 5460329))
	  ->  Bitmap Index Scan on k_3  (cost=0.00..5.40 rows=97 width=0)
	        Index Cond: ((k >= 5460229) AND (k <= 5460329))

table 4 : explain SELECT k, c FROM sbtest4 WHERE k BETWEEN 5460229 AND 5460329
	Bitmap Heap Scan on sbtest4  (cost=5.47..405.50 rows=101 width=125)
	  Recheck Cond: ((k >= 5460229) AND (k <= 5460329))
	  ->  Bitmap Index Scan on k_4  (cost=0.00..5.44 rows=101 width=0)
	        Index Cond: ((k >= 5460229) AND (k <= 5460329))

table 5 : explain SELECT k, c FROM sbtest5 WHERE k BETWEEN 5460229 AND 5460329
	Bitmap Heap Scan on sbtest5  (cost=5.52..425.26 rows=106 width=125)
	  Recheck Cond: ((k >= 5460229) AND (k <= 5460329))
	  ->  Bitmap Index Scan on k_5  (cost=0.00..5.50 rows=106 width=0)
	        Index Cond: ((k >= 5460229) AND (k <= 5460329))

table 6 : explain SELECT k, c FROM sbtest6 WHERE k BETWEEN 5460229 AND 5460329
	Bitmap Heap Scan on sbtest6  (cost=5.38..369.99 rows=92 width=125)
	  Recheck Cond: ((k >= 5460229) AND (k <= 5460329))
	  ->  Bitmap Index Scan on k_6  (cost=0.00..5.35 rows=92 width=0)
	        Index Cond: ((k >= 5460229) AND (k <= 5460329))

table 7 : explain SELECT k, c FROM sbtest7 WHERE k BETWEEN 5460229 AND 5460329
	Bitmap Heap Scan on sbtest7  (cost=5.42..385.80 rows=96 width=125)
	  Recheck Cond: ((k >= 5460229) AND (k <= 5460329))
	  ->  Bitmap Index Scan on k_7  (cost=0.00..5.39 rows=96 width=0)
	        Index Cond: ((k >= 5460229) AND (k <= 5460329))

table 8 : explain SELECT k, c FROM sbtest8 WHERE k BETWEEN 5460229 AND 5460329
	Bitmap Heap Scan on sbtest8  (cost=5.48..409.49 rows=102 width=125)
	  Recheck Cond: ((k >= 5460229) AND (k <= 5460329))
	  ->  Bitmap Index Scan on k_8  (cost=0.00..5.45 rows=102 width=0)
	        Index Cond: ((k >= 5460229) AND (k <= 5460329))
explain: for range-notcovered :: explain SELECT k, c FROM sbtest%d WHERE k BETWEEN 4305027 AND 4305127
explain: for range-notcovered :: explain SELECT k, c FROM sbtest%d WHERE k BETWEEN 6399033 AND 6399133
for range-notcovered
table 1 : explain SELECT k, c FROM sbtest1 WHERE k BETWEEN 4856690 AND 4856790
	Bitmap Heap Scan on sbtest1  (cost=5.49..413.54 rows=103 width=125)
	  Recheck Cond: ((k >= 4856690) AND (k <= 4856790))
	  ->  Bitmap Index Scan on k_1  (cost=0.00..5.46 rows=103 width=0)
	        Index Cond: ((k >= 4856690) AND (k <= 4856790))

table 2 : explain SELECT k, c FROM sbtest2 WHERE k BETWEEN 4856690 AND 4856790
	Bitmap Heap Scan on sbtest2  (cost=5.54..433.06 rows=108 width=125)
	  Recheck Cond: ((k >= 4856690) AND (k <= 4856790))
	  ->  Bitmap Index Scan on k_2  (cost=0.00..5.51 rows=108 width=0)
	        Index Cond: ((k >= 4856690) AND (k <= 4856790))

table 3 : explain SELECT k, c FROM sbtest3 WHERE k BETWEEN 4856690 AND 4856790
	Bitmap Heap Scan on sbtest3  (cost=5.50..417.28 rows=104 width=125)
	  Recheck Cond: ((k >= 4856690) AND (k <= 4856790))
	  ->  Bitmap Index Scan on k_3  (cost=0.00..5.47 rows=104 width=0)
	        Index Cond: ((k >= 4856690) AND (k <= 4856790))

table 4 : explain SELECT k, c FROM sbtest4 WHERE k BETWEEN 4856690 AND 4856790
	Bitmap Heap Scan on sbtest4  (cost=5.51..421.27 rows=105 width=125)
	  Recheck Cond: ((k >= 4856690) AND (k <= 4856790))
	  ->  Bitmap Index Scan on k_4  (cost=0.00..5.48 rows=105 width=0)
	        Index Cond: ((k >= 4856690) AND (k <= 4856790))

table 5 : explain SELECT k, c FROM sbtest5 WHERE k BETWEEN 4856690 AND 4856790
	Bitmap Heap Scan on sbtest5  (cost=5.45..397.65 rows=99 width=125)
	  Recheck Cond: ((k >= 4856690) AND (k <= 4856790))
	  ->  Bitmap Index Scan on k_5  (cost=0.00..5.42 rows=99 width=0)
	        Index Cond: ((k >= 4856690) AND (k <= 4856790))

table 6 : explain SELECT k, c FROM sbtest6 WHERE k BETWEEN 4856690 AND 4856790
	Bitmap Heap Scan on sbtest6  (cost=5.40..377.88 rows=94 width=125)
	  Recheck Cond: ((k >= 4856690) AND (k <= 4856790))
	  ->  Bitmap Index Scan on k_6  (cost=0.00..5.38 rows=94 width=0)
	        Index Cond: ((k >= 4856690) AND (k <= 4856790))

table 7 : explain SELECT k, c FROM sbtest7 WHERE k BETWEEN 4856690 AND 4856790
	Bitmap Heap Scan on sbtest7  (cost=5.57..444.95 rows=111 width=125)
	  Recheck Cond: ((k >= 4856690) AND (k <= 4856790))
	  ->  Bitmap Index Scan on k_7  (cost=0.00..5.54 rows=111 width=0)
	        Index Cond: ((k >= 4856690) AND (k <= 4856790))

table 8 : explain SELECT k, c FROM sbtest8 WHERE k BETWEEN 4856690 AND 4856790
	Bitmap Heap Scan on sbtest8  (cost=5.69..488.29 rows=122 width=125)
	  Recheck Cond: ((k >= 4856690) AND (k <= 4856790))
	  ->  Bitmap Index Scan on k_8  (cost=0.00..5.65 rows=122 width=0)
	        Index Cond: ((k >= 4856690) AND (k <= 4856790))


explain: for range-notcovered :: explain SELECT k, c FROM sbtest%d WHERE k BETWEEN 5256120 AND 5256220
explain: for range-notcovered :: explain SELECT k, c FROM sbtest%d WHERE k BETWEEN 6392831 AND 6392931
explain: for range-notcovered :: explain SELECT k, c FROM sbtest%d WHERE k BETWEEN 8893029 AND 8893129
explain: for range-notcovered :: explain SELECT k, c FROM sbtest%d WHERE k BETWEEN 991256 AND 991356
explain: for range-notcovered :: explain SELECT k, c FROM sbtest%d WHERE k BETWEEN 3057141 AND 3057241
explain: for range-notcovered :: explain SELECT k, c FROM sbtest%d WHERE k BETWEEN 5001658 AND 5001758
explain: for range-notcovered :: explain SELECT k, c FROM sbtest%d WHERE k BETWEEN 2768573 AND 2768673

for range-notcovered
table 1 : explain SELECT k, c FROM sbtest1 WHERE k BETWEEN 5984951 AND 5985051
	Bitmap Heap Scan on sbtest1  (cost=5.50..417.49 rows=104 width=125)
	  Recheck Cond: ((k >= 5984951) AND (k <= 5985051))
	  ->  Bitmap Index Scan on k_1  (cost=0.00..5.47 rows=104 width=0)
	        Index Cond: ((k >= 5984951) AND (k <= 5985051))

table 2 : explain SELECT k, c FROM sbtest2 WHERE k BETWEEN 5984951 AND 5985051
	Bitmap Heap Scan on sbtest2  (cost=5.50..417.29 rows=104 width=125)
	  Recheck Cond: ((k >= 5984951) AND (k <= 5985051))
	  ->  Bitmap Index Scan on k_2  (cost=0.00..5.47 rows=104 width=0)
	        Index Cond: ((k >= 5984951) AND (k <= 5985051))

table 3 : explain SELECT k, c FROM sbtest3 WHERE k BETWEEN 5984951 AND 5985051
	Bitmap Heap Scan on sbtest3  (cost=5.50..417.28 rows=104 width=125)
	  Recheck Cond: ((k >= 5984951) AND (k <= 5985051))
	  ->  Bitmap Index Scan on k_3  (cost=0.00..5.47 rows=104 width=0)
	        Index Cond: ((k >= 5984951) AND (k <= 5985051))

table 4 : explain SELECT k, c FROM sbtest4 WHERE k BETWEEN 5984951 AND 5985051
	Bitmap Heap Scan on sbtest4  (cost=5.43..389.72 rows=97 width=125)
	  Recheck Cond: ((k >= 5984951) AND (k <= 5985051))
	  ->  Bitmap Index Scan on k_4  (cost=0.00..5.40 rows=97 width=0)
	        Index Cond: ((k >= 5984951) AND (k <= 5985051))

table 5 : explain SELECT k, c FROM sbtest5 WHERE k BETWEEN 5984951 AND 5985051
	Bitmap Heap Scan on sbtest5  (cost=5.51..421.32 rows=105 width=125)
	  Recheck Cond: ((k >= 5984951) AND (k <= 5985051))
	  ->  Bitmap Index Scan on k_5  (cost=0.00..5.48 rows=105 width=0)
	        Index Cond: ((k >= 5984951) AND (k <= 5985051))

table 6 : explain SELECT k, c FROM sbtest6 WHERE k BETWEEN 5984951 AND 5985051
	Bitmap Heap Scan on sbtest6  (cost=5.43..389.72 rows=97 width=125)
	  Recheck Cond: ((k >= 5984951) AND (k <= 5985051))
	  ->  Bitmap Index Scan on k_6  (cost=0.00..5.40 rows=97 width=0)
	        Index Cond: ((k >= 5984951) AND (k <= 5985051))

table 7 : explain SELECT k, c FROM sbtest7 WHERE k BETWEEN 5984951 AND 5985051
	Bitmap Heap Scan on sbtest7  (cost=5.53..429.19 rows=107 width=125)
	  Recheck Cond: ((k >= 5984951) AND (k <= 5985051))
	  ->  Bitmap Index Scan on k_7  (cost=0.00..5.50 rows=107 width=0)
	        Index Cond: ((k >= 5984951) AND (k <= 5985051))

table 8 : explain SELECT k, c FROM sbtest8 WHERE k BETWEEN 5984951 AND 5985051
	Bitmap Heap Scan on sbtest8  (cost=5.49..413.43 rows=103 width=125)
	  Recheck Cond: ((k >= 5984951) AND (k <= 5985051))
	  ->  Bitmap Index Scan on k_8  (cost=0.00..5.46 rows=103 width=0)
	        Index Cond: ((k >= 5984951) AND (k <= 5985051))

explain: for range-notcovered :: explain SELECT k, c FROM sbtest%d WHERE k BETWEEN 1754192 AND 1754292
explain: for range-notcovered :: explain SELECT k, c FROM sbtest%d WHERE k BETWEEN 4644618 AND 4644718

for range-notcovered
table 1 : explain SELECT k, c FROM sbtest1 WHERE k BETWEEN 6094280 AND 6094380
	Bitmap Heap Scan on sbtest1  (cost=5.53..429.32 rows=107 width=125)
	  Recheck Cond: ((k >= 6094280) AND (k <= 6094380))
	  ->  Bitmap Index Scan on k_1  (cost=0.00..5.50 rows=107 width=0)
	        Index Cond: ((k >= 6094280) AND (k <= 6094380))

table 2 : explain SELECT k, c FROM sbtest2 WHERE k BETWEEN 6094280 AND 6094380
	Bitmap Heap Scan on sbtest2  (cost=5.51..421.23 rows=105 width=125)
	  Recheck Cond: ((k >= 6094280) AND (k <= 6094380))
	  ->  Bitmap Index Scan on k_2  (cost=0.00..5.48 rows=105 width=0)
	        Index Cond: ((k >= 6094280) AND (k <= 6094380))

table 3 : explain SELECT k, c FROM sbtest3 WHERE k BETWEEN 6094280 AND 6094380
	Bitmap Heap Scan on sbtest3  (cost=5.45..397.57 rows=99 width=125)
	  Recheck Cond: ((k >= 6094280) AND (k <= 6094380))
	  ->  Bitmap Index Scan on k_3  (cost=0.00..5.42 rows=99 width=0)
	        Index Cond: ((k >= 6094280) AND (k <= 6094380))

table 4 : explain SELECT k, c FROM sbtest4 WHERE k BETWEEN 6094280 AND 6094380
	Bitmap Heap Scan on sbtest4  (cost=5.50..417.33 rows=104 width=125)
	  Recheck Cond: ((k >= 6094280) AND (k <= 6094380))
	  ->  Bitmap Index Scan on k_4  (cost=0.00..5.47 rows=104 width=0)
	        Index Cond: ((k >= 6094280) AND (k <= 6094380))

table 5 : explain SELECT k, c FROM sbtest5 WHERE k BETWEEN 6094280 AND 6094380
	Bitmap Heap Scan on sbtest5  (cost=5.48..409.49 rows=102 width=125)
	  Recheck Cond: ((k >= 6094280) AND (k <= 6094380))
	  ->  Bitmap Index Scan on k_5  (cost=0.00..5.45 rows=102 width=0)
	        Index Cond: ((k >= 6094280) AND (k <= 6094380))

table 6 : explain SELECT k, c FROM sbtest6 WHERE k BETWEEN 6094280 AND 6094380
	Bitmap Heap Scan on sbtest6  (cost=5.53..429.16 rows=107 width=125)
	  Recheck Cond: ((k >= 6094280) AND (k <= 6094380))
	  ->  Bitmap Index Scan on k_6  (cost=0.00..5.50 rows=107 width=0)
	        Index Cond: ((k >= 6094280) AND (k <= 6094380))

table 7 : explain SELECT k, c FROM sbtest7 WHERE k BETWEEN 6094280 AND 6094380
	Bitmap Heap Scan on sbtest7  (cost=5.56..441.01 rows=110 width=125)
	  Recheck Cond: ((k >= 6094280) AND (k <= 6094380))
	  ->  Bitmap Index Scan on k_7  (cost=0.00..5.53 rows=110 width=0)
	        Index Cond: ((k >= 6094280) AND (k <= 6094380))

table 8 : explain SELECT k, c FROM sbtest8 WHERE k BETWEEN 6094280 AND 6094380
	Bitmap Heap Scan on sbtest8  (cost=5.37..366.08 rows=91 width=125)
	  Recheck Cond: ((k >= 6094280) AND (k <= 6094380))
	  ->  Bitmap Index Scan on k_8  (cost=0.00..5.34 rows=91 width=0)
	        Index Cond: ((k >= 6094280) AND (k <= 6094380))


explain: for range-notcovered :: explain SELECT k, c FROM sbtest%d WHERE k BETWEEN 5460229 AND 5460329
for range-notcovered
table 1 : explain SELECT k, c FROM sbtest1 WHERE k BETWEEN 6238724 AND 6238824
	Bitmap Heap Scan on sbtest1  (cost=5.46..401.71 rows=100 width=125)
	  Recheck Cond: ((k >= 6238724) AND (k <= 6238824))
	  ->  Bitmap Index Scan on k_1  (cost=0.00..5.43 rows=100 width=0)
	        Index Cond: ((k >= 6238724) AND (k <= 6238824))

table 2 : explain SELECT k, c FROM sbtest2 WHERE k BETWEEN 6238724 AND 6238824
	Bitmap Heap Scan on sbtest2  (cost=5.47..405.46 rows=101 width=125)
	  Recheck Cond: ((k >= 6238724) AND (k <= 6238824))
	  ->  Bitmap Index Scan on k_2  (cost=0.00..5.44 rows=101 width=0)
	        Index Cond: ((k >= 6238724) AND (k <= 6238824))

table 3 : explain SELECT k, c FROM sbtest3 WHERE k BETWEEN 6238724 AND 6238824
	Bitmap Heap Scan on sbtest3  (cost=5.52..425.16 rows=106 width=125)
	  Recheck Cond: ((k >= 6238724) AND (k <= 6238824))
	  ->  Bitmap Index Scan on k_3  (cost=0.00..5.50 rows=106 width=0)
	        Index Cond: ((k >= 6238724) AND (k <= 6238824))

table 4 : explain SELECT k, c FROM sbtest4 WHERE k BETWEEN 6238724 AND 6238824
	Bitmap Heap Scan on sbtest4  (cost=5.57..444.92 rows=111 width=125)
	  Recheck Cond: ((k >= 6238724) AND (k <= 6238824))
	  ->  Bitmap Index Scan on k_4  (cost=0.00..5.54 rows=111 width=0)
	        Index Cond: ((k >= 6238724) AND (k <= 6238824))

table 5 : explain SELECT k, c FROM sbtest5 WHERE k BETWEEN 6238724 AND 6238824
	Bitmap Heap Scan on sbtest5  (cost=5.44..393.71 rows=98 width=125)
	  Recheck Cond: ((k >= 6238724) AND (k <= 6238824))
	  ->  Bitmap Index Scan on k_5  (cost=0.00..5.42 rows=98 width=0)
	        Index Cond: ((k >= 6238724) AND (k <= 6238824))

table 6 : explain SELECT k, c FROM sbtest6 WHERE k BETWEEN 6238724 AND 6238824
	Bitmap Heap Scan on sbtest6  (cost=5.39..373.94 rows=93 width=125)
	  Recheck Cond: ((k >= 6238724) AND (k <= 6238824))
	  ->  Bitmap Index Scan on k_6  (cost=0.00..5.36 rows=93 width=0)
	        Index Cond: ((k >= 6238724) AND (k <= 6238824))

table 7 : explain SELECT k, c FROM sbtest7 WHERE k BETWEEN 6238724 AND 6238824
	Bitmap Heap Scan on sbtest7  (cost=5.53..429.19 rows=107 width=125)
	  Recheck Cond: ((k >= 6238724) AND (k <= 6238824))
	  ->  Bitmap Index Scan on k_7  (cost=0.00..5.50 rows=107 width=0)
	        Index Cond: ((k >= 6238724) AND (k <= 6238824))

table 8 : explain SELECT k, c FROM sbtest8 WHERE k BETWEEN 6238724 AND 6238824
	Bitmap Heap Scan on sbtest8  (cost=5.41..381.87 rows=95 width=125)
	  Recheck Cond: ((k >= 6238724) AND (k <= 6238824))
	  ->  Bitmap Index Scan on k_8  (cost=0.00..5.38 rows=95 width=0)
	        Index Cond: ((k >= 6238724) AND (k <= 6238824))

for range-notcovered
table 1 : explain SELECT k, c FROM sbtest1 WHERE k BETWEEN 5367980 AND 5368080
	Bitmap Heap Scan on sbtest1  (cost=5.46..401.71 rows=100 width=125)
	  Recheck Cond: ((k >= 5367980) AND (k <= 5368080))
	  ->  Bitmap Index Scan on k_1  (cost=0.00..5.43 rows=100 width=0)
	        Index Cond: ((k >= 5367980) AND (k <= 5368080))

table 2 : explain SELECT k, c FROM sbtest2 WHERE k BETWEEN 5367980 AND 5368080
	Bitmap Heap Scan on sbtest2  (cost=5.48..409.41 rows=102 width=125)
	  Recheck Cond: ((k >= 5367980) AND (k <= 5368080))
	  ->  Bitmap Index Scan on k_2  (cost=0.00..5.45 rows=102 width=0)
	        Index Cond: ((k >= 5367980) AND (k <= 5368080))

table 3 : explain SELECT k, c FROM sbtest3 WHERE k BETWEEN 5367980 AND 5368080
	Bitmap Heap Scan on sbtest3  (cost=5.56..440.93 rows=110 width=125)
	  Recheck Cond: ((k >= 5367980) AND (k <= 5368080))
	  ->  Bitmap Index Scan on k_3  (cost=0.00..5.53 rows=110 width=0)
	        Index Cond: ((k >= 5367980) AND (k <= 5368080))

table 4 : explain SELECT k, c FROM sbtest4 WHERE k BETWEEN 5367980 AND 5368080
	Bitmap Heap Scan on sbtest4  (cost=5.47..405.50 rows=101 width=125)
	  Recheck Cond: ((k >= 5367980) AND (k <= 5368080))
	  ->  Bitmap Index Scan on k_4  (cost=0.00..5.44 rows=101 width=0)
	        Index Cond: ((k >= 5367980) AND (k <= 5368080))

table 5 : explain SELECT k, c FROM sbtest5 WHERE k BETWEEN 5367980 AND 5368080
	Bitmap Heap Scan on sbtest5  (cost=5.44..393.71 rows=98 width=125)
	  Recheck Cond: ((k >= 5367980) AND (k <= 5368080))
	  ->  Bitmap Index Scan on k_5  (cost=0.00..5.42 rows=98 width=0)
	        Index Cond: ((k >= 5367980) AND (k <= 5368080))

table 6 : explain SELECT k, c FROM sbtest6 WHERE k BETWEEN 5367980 AND 5368080
	Bitmap Heap Scan on sbtest6  (cost=5.57..444.92 rows=111 width=125)
	  Recheck Cond: ((k >= 5367980) AND (k <= 5368080))
	  ->  Bitmap Index Scan on k_6  (cost=0.00..5.54 rows=111 width=0)
	        Index Cond: ((k >= 5367980) AND (k <= 5368080))

table 7 : explain SELECT k, c FROM sbtest7 WHERE k BETWEEN 5367980 AND 5368080
	Bitmap Heap Scan on sbtest7  (cost=5.42..385.80 rows=96 width=125)
	  Recheck Cond: ((k >= 5367980) AND (k <= 5368080))
	  ->  Bitmap Index Scan on k_7  (cost=0.00..5.39 rows=96 width=0)
	        Index Cond: ((k >= 5367980) AND (k <= 5368080))

table 8 : explain SELECT k, c FROM sbtest8 WHERE k BETWEEN 5367980 AND 5368080
	Bitmap Heap Scan on sbtest8  (cost=5.53..429.21 rows=107 width=125)
	  Recheck Cond: ((k >= 5367980) AND (k <= 5368080))
	  ->  Bitmap Index Scan on k_8  (cost=0.00..5.50 rows=107 width=0)
	        Index Cond: ((k >= 5367980) AND (k <= 5368080))

explain: for range-notcovered :: explain SELECT k, c FROM sbtest%d WHERE k BETWEEN 6094280 AND 6094380
for range-notcovered
table 1 : explain SELECT k, c FROM sbtest1 WHERE k BETWEEN 8314358 AND 8314458
	Bitmap Heap Scan on sbtest1  (cost=5.46..401.71 rows=100 width=125)
	  Recheck Cond: ((k >= 8314358) AND (k <= 8314458))
	  ->  Bitmap Index Scan on k_1  (cost=0.00..5.43 rows=100 width=0)
	        Index Cond: ((k >= 8314358) AND (k <= 8314458))

table 2 : explain SELECT k, c FROM sbtest2 WHERE k BETWEEN 8314358 AND 8314458
	Bitmap Heap Scan on sbtest2  (cost=5.47..405.46 rows=101 width=125)
	  Recheck Cond: ((k >= 8314358) AND (k <= 8314458))
	  ->  Bitmap Index Scan on k_2  (cost=0.00..5.44 rows=101 width=0)
	        Index Cond: ((k >= 8314358) AND (k <= 8314458))

table 3 : explain SELECT k, c FROM sbtest3 WHERE k BETWEEN 8314358 AND 8314458
	Bitmap Heap Scan on sbtest3  (cost=5.49..413.34 rows=103 width=125)
	  Recheck Cond: ((k >= 8314358) AND (k <= 8314458))
	  ->  Bitmap Index Scan on k_3  (cost=0.00..5.46 rows=103 width=0)
	        Index Cond: ((k >= 8314358) AND (k <= 8314458))

table 4 : explain SELECT k, c FROM sbtest4 WHERE k BETWEEN 8314358 AND 8314458
	Bitmap Heap Scan on sbtest4  (cost=5.55..437.04 rows=109 width=125)
	  Recheck Cond: ((k >= 8314358) AND (k <= 8314458))
	  ->  Bitmap Index Scan on k_4  (cost=0.00..5.52 rows=109 width=0)
	        Index Cond: ((k >= 8314358) AND (k <= 8314458))

table 5 : explain SELECT k, c FROM sbtest5 WHERE k BETWEEN 8314358 AND 8314458
	Bitmap Heap Scan on sbtest5  (cost=5.50..417.37 rows=104 width=125)
	  Recheck Cond: ((k >= 8314358) AND (k <= 8314458))
	  ->  Bitmap Index Scan on k_5  (cost=0.00..5.47 rows=104 width=0)
	        Index Cond: ((k >= 8314358) AND (k <= 8314458))

table 6 : explain SELECT k, c FROM sbtest6 WHERE k BETWEEN 8314358 AND 8314458
	Bitmap Heap Scan on sbtest6  (cost=5.46..401.56 rows=100 width=125)
	  Recheck Cond: ((k >= 8314358) AND (k <= 8314458))
	  ->  Bitmap Index Scan on k_6  (cost=0.00..5.43 rows=100 width=0)
	        Index Cond: ((k >= 8314358) AND (k <= 8314458))

table 7 : explain SELECT k, c FROM sbtest7 WHERE k BETWEEN 8314358 AND 8314458
	Bitmap Heap Scan on sbtest7  (cost=5.46..401.58 rows=100 width=125)
	  Recheck Cond: ((k >= 8314358) AND (k <= 8314458))
	  ->  Bitmap Index Scan on k_7  (cost=0.00..5.43 rows=100 width=0)
	        Index Cond: ((k >= 8314358) AND (k <= 8314458))

table 8 : explain SELECT k, c FROM sbtest8 WHERE k BETWEEN 8314358 AND 8314458
	Bitmap Heap Scan on sbtest8  (cost=5.40..377.92 rows=94 width=125)
	  Recheck Cond: ((k >= 8314358) AND (k <= 8314458))
	  ->  Bitmap Index Scan on k_8  (cost=0.00..5.38 rows=94 width=0)
	        Index Cond: ((k >= 8314358) AND (k <= 8314458))

for range-notcovered
table 1 : explain SELECT k, c FROM sbtest1 WHERE k BETWEEN 7177792 AND 7177892
	Bitmap Heap Scan on sbtest1  (cost=5.42..385.92 rows=96 width=125)
	  Recheck Cond: ((k >= 7177792) AND (k <= 7177892))
	  ->  Bitmap Index Scan on k_1  (cost=0.00..5.39 rows=96 width=0)
	        Index Cond: ((k >= 7177792) AND (k <= 7177892))

table 2 : explain SELECT k, c FROM sbtest2 WHERE k BETWEEN 7177792 AND 7177892
	Bitmap Heap Scan on sbtest2  (cost=5.48..409.41 rows=102 width=125)
	  Recheck Cond: ((k >= 7177792) AND (k <= 7177892))
	  ->  Bitmap Index Scan on k_2  (cost=0.00..5.45 rows=102 width=0)
	        Index Cond: ((k >= 7177792) AND (k <= 7177892))

table 3 : explain SELECT k, c FROM sbtest3 WHERE k BETWEEN 7177792 AND 7177892
	Bitmap Heap Scan on sbtest3  (cost=5.50..417.28 rows=104 width=125)
	  Recheck Cond: ((k >= 7177792) AND (k <= 7177892))
	  ->  Bitmap Index Scan on k_3  (cost=0.00..5.47 rows=104 width=0)
	        Index Cond: ((k >= 7177792) AND (k <= 7177892))

table 4 : explain SELECT k, c FROM sbtest4 WHERE k BETWEEN 7177792 AND 7177892
	Bitmap Heap Scan on sbtest4  (cost=5.47..405.50 rows=101 width=125)
	  Recheck Cond: ((k >= 7177792) AND (k <= 7177892))
	  ->  Bitmap Index Scan on k_4  (cost=0.00..5.44 rows=101 width=0)
	        Index Cond: ((k >= 7177792) AND (k <= 7177892))

table 5 : explain SELECT k, c FROM sbtest5 WHERE k BETWEEN 7177792 AND 7177892
	Bitmap Heap Scan on sbtest5  (cost=5.48..409.49 rows=102 width=125)
	  Recheck Cond: ((k >= 7177792) AND (k <= 7177892))
	  ->  Bitmap Index Scan on k_5  (cost=0.00..5.45 rows=102 width=0)
	        Index Cond: ((k >= 7177792) AND (k <= 7177892))

table 6 : explain SELECT k, c FROM sbtest6 WHERE k BETWEEN 7177792 AND 7177892
	Bitmap Heap Scan on sbtest6  (cost=5.50..417.33 rows=104 width=125)
	  Recheck Cond: ((k >= 7177792) AND (k <= 7177892))
	  ->  Bitmap Index Scan on k_6  (cost=0.00..5.47 rows=104 width=0)
	        Index Cond: ((k >= 7177792) AND (k <= 7177892))

table 7 : explain SELECT k, c FROM sbtest7 WHERE k BETWEEN 7177792 AND 7177892
	Bitmap Heap Scan on sbtest7  (cost=5.48..409.47 rows=102 width=125)
	  Recheck Cond: ((k >= 7177792) AND (k <= 7177892))
	  ->  Bitmap Index Scan on k_7  (cost=0.00..5.45 rows=102 width=0)
	        Index Cond: ((k >= 7177792) AND (k <= 7177892))

table 8 : explain SELECT k, c FROM sbtest8 WHERE k BETWEEN 7177792 AND 7177892
	Bitmap Heap Scan on sbtest8  (cost=5.46..401.60 rows=100 width=125)
	  Recheck Cond: ((k >= 7177792) AND (k <= 7177892))
	  ->  Bitmap Index Scan on k_8  (cost=0.00..5.43 rows=100 width=0)
	        Index Cond: ((k >= 7177792) AND (k <= 7177892))

explain: for range-notcovered :: explain SELECT k, c FROM sbtest%d WHERE k BETWEEN 5984951 AND 5985051
explain: for range-notcovered :: explain SELECT k, c FROM sbtest%d WHERE k BETWEEN 4856690 AND 4856790
explain: for range-notcovered :: explain SELECT k, c FROM sbtest%d WHERE k BETWEEN 5715146 AND 5715246
for range-notcovered
table 1 : explain SELECT k, c FROM sbtest1 WHERE k BETWEEN 5658378 AND 5658478
	Bitmap Heap Scan on sbtest1  (cost=5.53..429.32 rows=107 width=125)
	  Recheck Cond: ((k >= 5658378) AND (k <= 5658478))
	  ->  Bitmap Index Scan on k_1  (cost=0.00..5.50 rows=107 width=0)
	        Index Cond: ((k >= 5658378) AND (k <= 5658478))

table 2 : explain SELECT k, c FROM sbtest2 WHERE k BETWEEN 5658378 AND 5658478
	Bitmap Heap Scan on sbtest2  (cost=5.52..425.18 rows=106 width=125)
	  Recheck Cond: ((k >= 5658378) AND (k <= 5658478))
	  ->  Bitmap Index Scan on k_2  (cost=0.00..5.50 rows=106 width=0)
	        Index Cond: ((k >= 5658378) AND (k <= 5658478))

table 3 : explain SELECT k, c FROM sbtest3 WHERE k BETWEEN 5658378 AND 5658478
	Bitmap Heap Scan on sbtest3  (cost=5.46..401.51 rows=100 width=125)
	  Recheck Cond: ((k >= 5658378) AND (k <= 5658478))
	  ->  Bitmap Index Scan on k_3  (cost=0.00..5.43 rows=100 width=0)
	        Index Cond: ((k >= 5658378) AND (k <= 5658478))

table 4 : explain SELECT k, c FROM sbtest4 WHERE k BETWEEN 5658378 AND 5658478
	Bitmap Heap Scan on sbtest4  (cost=5.48..409.44 rows=102 width=125)
	  Recheck Cond: ((k >= 5658378) AND (k <= 5658478))
	  ->  Bitmap Index Scan on k_4  (cost=0.00..5.45 rows=102 width=0)
	        Index Cond: ((k >= 5658378) AND (k <= 5658478))

table 5 : explain SELECT k, c FROM sbtest5 WHERE k BETWEEN 5658378 AND 5658478
	Bitmap Heap Scan on sbtest5  (cost=5.54..433.14 rows=108 width=125)
	  Recheck Cond: ((k >= 5658378) AND (k <= 5658478))
	  ->  Bitmap Index Scan on k_5  (cost=0.00..5.51 rows=108 width=0)
	        Index Cond: ((k >= 5658378) AND (k <= 5658478))

table 6 : explain SELECT k, c FROM sbtest6 WHERE k BETWEEN 5658378 AND 5658478
	Bitmap Heap Scan on sbtest6  (cost=5.44..393.67 rows=98 width=125)
	  Recheck Cond: ((k >= 5658378) AND (k <= 5658478))
	  ->  Bitmap Index Scan on k_6  (cost=0.00..5.42 rows=98 width=0)
	        Index Cond: ((k >= 5658378) AND (k <= 5658478))

table 7 : explain SELECT k, c FROM sbtest7 WHERE k BETWEEN 5658378 AND 5658478
	Bitmap Heap Scan on sbtest7  (cost=5.46..401.58 rows=100 width=125)
	  Recheck Cond: ((k >= 5658378) AND (k <= 5658478))
	  ->  Bitmap Index Scan on k_7  (cost=0.00..5.43 rows=100 width=0)
	        Index Cond: ((k >= 5658378) AND (k <= 5658478))

table 8 : explain SELECT k, c FROM sbtest8 WHERE k BETWEEN 5658378 AND 5658478
	Bitmap Heap Scan on sbtest8  (cost=5.42..385.82 rows=96 width=125)
	  Recheck Cond: ((k >= 5658378) AND (k <= 5658478))
	  ->  Bitmap Index Scan on k_8  (cost=0.00..5.39 rows=96 width=0)
	        Index Cond: ((k >= 5658378) AND (k <= 5658478))

explain: for range-notcovered :: explain SELECT k, c FROM sbtest%d WHERE k BETWEEN 6238724 AND 6238824
for range-notcovered
table 1 : explain SELECT k, c FROM sbtest1 WHERE k BETWEEN 8430366 AND 8430466
	Bitmap Heap Scan on sbtest1  (cost=5.47..405.65 rows=101 width=125)
	  Recheck Cond: ((k >= 8430366) AND (k <= 8430466))
	  ->  Bitmap Index Scan on k_1  (cost=0.00..5.44 rows=101 width=0)
	        Index Cond: ((k >= 8430366) AND (k <= 8430466))

table 2 : explain SELECT k, c FROM sbtest2 WHERE k BETWEEN 8430366 AND 8430466
	Bitmap Heap Scan on sbtest2  (cost=5.52..425.18 rows=106 width=125)
	  Recheck Cond: ((k >= 8430366) AND (k <= 8430466))
	  ->  Bitmap Index Scan on k_2  (cost=0.00..5.50 rows=106 width=0)
	        Index Cond: ((k >= 8430366) AND (k <= 8430466))

table 3 : explain SELECT k, c FROM sbtest3 WHERE k BETWEEN 8430366 AND 8430466
	Bitmap Heap Scan on sbtest3  (cost=5.49..413.34 rows=103 width=125)
	  Recheck Cond: ((k >= 8430366) AND (k <= 8430466))
	  ->  Bitmap Index Scan on k_3  (cost=0.00..5.46 rows=103 width=0)
	        Index Cond: ((k >= 8430366) AND (k <= 8430466))

table 4 : explain SELECT k, c FROM sbtest4 WHERE k BETWEEN 8430366 AND 8430466
	Bitmap Heap Scan on sbtest4  (cost=5.49..413.38 rows=103 width=125)
	  Recheck Cond: ((k >= 8430366) AND (k <= 8430466))
	  ->  Bitmap Index Scan on k_4  (cost=0.00..5.46 rows=103 width=0)
	        Index Cond: ((k >= 8430366) AND (k <= 8430466))

table 5 : explain SELECT k, c FROM sbtest5 WHERE k BETWEEN 8430366 AND 8430466
	Bitmap Heap Scan on sbtest5  (cost=5.42..385.82 rows=96 width=125)
	  Recheck Cond: ((k >= 8430366) AND (k <= 8430466))
	  ->  Bitmap Index Scan on k_5  (cost=0.00..5.39 rows=96 width=0)
	        Index Cond: ((k >= 8430366) AND (k <= 8430466))

table 6 : explain SELECT k, c FROM sbtest6 WHERE k BETWEEN 8430366 AND 8430466
	Bitmap Heap Scan on sbtest6  (cost=5.46..401.56 rows=100 width=125)
	  Recheck Cond: ((k >= 8430366) AND (k <= 8430466))
	  ->  Bitmap Index Scan on k_6  (cost=0.00..5.43 rows=100 width=0)
	        Index Cond: ((k >= 8430366) AND (k <= 8430466))

table 7 : explain SELECT k, c FROM sbtest7 WHERE k BETWEEN 8430366 AND 8430466
	Bitmap Heap Scan on sbtest7  (cost=5.40..377.91 rows=94 width=125)
	  Recheck Cond: ((k >= 8430366) AND (k <= 8430466))
	  ->  Bitmap Index Scan on k_7  (cost=0.00..5.38 rows=94 width=0)
	        Index Cond: ((k >= 8430366) AND (k <= 8430466))

table 8 : explain SELECT k, c FROM sbtest8 WHERE k BETWEEN 8430366 AND 8430466
	Bitmap Heap Scan on sbtest8  (cost=5.50..417.38 rows=104 width=125)
	  Recheck Cond: ((k >= 8430366) AND (k <= 8430466))
	  ->  Bitmap Index Scan on k_8  (cost=0.00..5.47 rows=104 width=0)
	        Index Cond: ((k >= 8430366) AND (k <= 8430466))

explain: for range-notcovered :: explain SELECT k, c FROM sbtest%d WHERE k BETWEEN 8314358 AND 8314458
explain: for range-notcovered :: explain SELECT k, c FROM sbtest%d WHERE k BETWEEN 5367980 AND 5368080
explain: for range-notcovered :: explain SELECT k, c FROM sbtest%d WHERE k BETWEEN 7177792 AND 7177892
for range-notcovered
table 1 : explain SELECT k, c FROM sbtest1 WHERE k BETWEEN 5559874 AND 5559974
	Bitmap Heap Scan on sbtest1  (cost=5.48..409.60 rows=102 width=125)
	  Recheck Cond: ((k >= 5559874) AND (k <= 5559974))
	  ->  Bitmap Index Scan on k_1  (cost=0.00..5.45 rows=102 width=0)
	        Index Cond: ((k >= 5559874) AND (k <= 5559974))

table 2 : explain SELECT k, c FROM sbtest2 WHERE k BETWEEN 5559874 AND 5559974
	Bitmap Heap Scan on sbtest2  (cost=5.40..377.85 rows=94 width=125)
	  Recheck Cond: ((k >= 5559874) AND (k <= 5559974))
	  ->  Bitmap Index Scan on k_2  (cost=0.00..5.38 rows=94 width=0)
	        Index Cond: ((k >= 5559874) AND (k <= 5559974))

table 3 : explain SELECT k, c FROM sbtest3 WHERE k BETWEEN 5559874 AND 5559974
	Bitmap Heap Scan on sbtest3  (cost=5.48..409.40 rows=102 width=125)
	  Recheck Cond: ((k >= 5559874) AND (k <= 5559974))
	  ->  Bitmap Index Scan on k_3  (cost=0.00..5.45 rows=102 width=0)
	        Index Cond: ((k >= 5559874) AND (k <= 5559974))

table 4 : explain SELECT k, c FROM sbtest4 WHERE k BETWEEN 5559874 AND 5559974
	Bitmap Heap Scan on sbtest4  (cost=5.52..425.21 rows=106 width=125)
	  Recheck Cond: ((k >= 5559874) AND (k <= 5559974))
	  ->  Bitmap Index Scan on k_4  (cost=0.00..5.50 rows=106 width=0)
	        Index Cond: ((k >= 5559874) AND (k <= 5559974))

table 5 : explain SELECT k, c FROM sbtest5 WHERE k BETWEEN 5559874 AND 5559974
	Bitmap Heap Scan on sbtest5  (cost=5.49..413.43 rows=103 width=125)
	  Recheck Cond: ((k >= 5559874) AND (k <= 5559974))
	  ->  Bitmap Index Scan on k_5  (cost=0.00..5.46 rows=103 width=0)
	        Index Cond: ((k >= 5559874) AND (k <= 5559974))

table 6 : explain SELECT k, c FROM sbtest6 WHERE k BETWEEN 5559874 AND 5559974
	Bitmap Heap Scan on sbtest6  (cost=5.53..429.16 rows=107 width=125)
	  Recheck Cond: ((k >= 5559874) AND (k <= 5559974))
	  ->  Bitmap Index Scan on k_6  (cost=0.00..5.50 rows=107 width=0)
	        Index Cond: ((k >= 5559874) AND (k <= 5559974))

table 7 : explain SELECT k, c FROM sbtest7 WHERE k BETWEEN 5559874 AND 5559974
	Bitmap Heap Scan on sbtest7  (cost=5.68..484.34 rows=121 width=125)
	  Recheck Cond: ((k >= 5559874) AND (k <= 5559974))
	  ->  Bitmap Index Scan on k_7  (cost=0.00..5.64 rows=121 width=0)
	        Index Cond: ((k >= 5559874) AND (k <= 5559974))

table 8 : explain SELECT k, c FROM sbtest8 WHERE k BETWEEN 5559874 AND 5559974
	Bitmap Heap Scan on sbtest8  (cost=5.45..397.66 rows=99 width=125)
	  Recheck Cond: ((k >= 5559874) AND (k <= 5559974))
	  ->  Bitmap Index Scan on k_8  (cost=0.00..5.42 rows=99 width=0)
	        Index Cond: ((k >= 5559874) AND (k <= 5559974))

for range-notcovered
table 1 : explain SELECT k, c FROM sbtest1 WHERE k BETWEEN 3577665 AND 3577765
	Bitmap Heap Scan on sbtest1  (cost=5.48..409.60 rows=102 width=125)
	  Recheck Cond: ((k >= 3577665) AND (k <= 3577765))
	  ->  Bitmap Index Scan on k_1  (cost=0.00..5.45 rows=102 width=0)
	        Index Cond: ((k >= 3577665) AND (k <= 3577765))

table 2 : explain SELECT k, c FROM sbtest2 WHERE k BETWEEN 3577665 AND 3577765
	Bitmap Heap Scan on sbtest2  (cost=5.46..401.52 rows=100 width=125)
	  Recheck Cond: ((k >= 3577665) AND (k <= 3577765))
	  ->  Bitmap Index Scan on k_2  (cost=0.00..5.43 rows=100 width=0)
	        Index Cond: ((k >= 3577665) AND (k <= 3577765))

table 3 : explain SELECT k, c FROM sbtest3 WHERE k BETWEEN 3577665 AND 3577765
	Bitmap Heap Scan on sbtest3  (cost=5.44..393.62 rows=98 width=125)
	  Recheck Cond: ((k >= 3577665) AND (k <= 3577765))
	  ->  Bitmap Index Scan on k_3  (cost=0.00..5.42 rows=98 width=0)
	        Index Cond: ((k >= 3577665) AND (k <= 3577765))

table 4 : explain SELECT k, c FROM sbtest4 WHERE k BETWEEN 3577665 AND 3577765
	Bitmap Heap Scan on sbtest4  (cost=5.46..401.55 rows=100 width=125)
	  Recheck Cond: ((k >= 3577665) AND (k <= 3577765))
	  ->  Bitmap Index Scan on k_4  (cost=0.00..5.43 rows=100 width=0)
	        Index Cond: ((k >= 3577665) AND (k <= 3577765))

table 5 : explain SELECT k, c FROM sbtest5 WHERE k BETWEEN 3577665 AND 3577765
	Bitmap Heap Scan on sbtest5  (cost=5.43..389.76 rows=97 width=125)
	  Recheck Cond: ((k >= 3577665) AND (k <= 3577765))
	  ->  Bitmap Index Scan on k_5  (cost=0.00..5.40 rows=97 width=0)
	        Index Cond: ((k >= 3577665) AND (k <= 3577765))

table 6 : explain SELECT k, c FROM sbtest6 WHERE k BETWEEN 3577665 AND 3577765
	Bitmap Heap Scan on sbtest6  (cost=5.49..413.39 rows=103 width=125)
	  Recheck Cond: ((k >= 3577665) AND (k <= 3577765))
	  ->  Bitmap Index Scan on k_6  (cost=0.00..5.46 rows=103 width=0)
	        Index Cond: ((k >= 3577665) AND (k <= 3577765))

table 7 : explain SELECT k, c FROM sbtest7 WHERE k BETWEEN 3577665 AND 3577765
	Bitmap Heap Scan on sbtest7  (cost=5.51..421.30 rows=105 width=125)
	  Recheck Cond: ((k >= 3577665) AND (k <= 3577765))
	  ->  Bitmap Index Scan on k_7  (cost=0.00..5.48 rows=105 width=0)
	        Index Cond: ((k >= 3577665) AND (k <= 3577765))

table 8 : explain SELECT k, c FROM sbtest8 WHERE k BETWEEN 3577665 AND 3577765
	Bitmap Heap Scan on sbtest8  (cost=5.43..389.77 rows=97 width=125)
	  Recheck Cond: ((k >= 3577665) AND (k <= 3577765))
	  ->  Bitmap Index Scan on k_8  (cost=0.00..5.40 rows=97 width=0)
	        Index Cond: ((k >= 3577665) AND (k <= 3577765))
explain: for range-notcovered :: explain SELECT k, c FROM sbtest%d WHERE k BETWEEN 8430366 AND 8430466

for range-notcovered
table 1 : explain SELECT k, c FROM sbtest1 WHERE k BETWEEN 3509700 AND 3509800
	Bitmap Heap Scan on sbtest1  (cost=5.56..441.15 rows=110 width=125)
	  Recheck Cond: ((k >= 3509700) AND (k <= 3509800))
	  ->  Bitmap Index Scan on k_1  (cost=0.00..5.53 rows=110 width=0)
	        Index Cond: ((k >= 3509700) AND (k <= 3509800))

table 2 : explain SELECT k, c FROM sbtest2 WHERE k BETWEEN 3509700 AND 3509800
	Bitmap Heap Scan on sbtest2  (cost=5.46..401.52 rows=100 width=125)
	  Recheck Cond: ((k >= 3509700) AND (k <= 3509800))
	  ->  Bitmap Index Scan on k_2  (cost=0.00..5.43 rows=100 width=0)
	        Index Cond: ((k >= 3509700) AND (k <= 3509800))

table 3 : explain SELECT k, c FROM sbtest3 WHERE k BETWEEN 3509700 AND 3509800
	Bitmap Heap Scan on sbtest3  (cost=5.55..436.99 rows=109 width=125)
	  Recheck Cond: ((k >= 3509700) AND (k <= 3509800))
	  ->  Bitmap Index Scan on k_3  (cost=0.00..5.52 rows=109 width=0)
	        Index Cond: ((k >= 3509700) AND (k <= 3509800))

table 4 : explain SELECT k, c FROM sbtest4 WHERE k BETWEEN 3509700 AND 3509800
	Bitmap Heap Scan on sbtest4  (cost=5.42..385.77 rows=96 width=125)
	  Recheck Cond: ((k >= 3509700) AND (k <= 3509800))
	  ->  Bitmap Index Scan on k_4  (cost=0.00..5.39 rows=96 width=0)
	        Index Cond: ((k >= 3509700) AND (k <= 3509800))

table 5 : explain SELECT k, c FROM sbtest5 WHERE k BETWEEN 3509700 AND 3509800
	Bitmap Heap Scan on sbtest5  (cost=5.43..389.76 rows=97 width=125)
	  Recheck Cond: ((k >= 3509700) AND (k <= 3509800))
	  ->  Bitmap Index Scan on k_5  (cost=0.00..5.40 rows=97 width=0)
	        Index Cond: ((k >= 3509700) AND (k <= 3509800))

table 6 : explain SELECT k, c FROM sbtest6 WHERE k BETWEEN 3509700 AND 3509800
	Bitmap Heap Scan on sbtest6  (cost=5.49..413.39 rows=103 width=125)
	  Recheck Cond: ((k >= 3509700) AND (k <= 3509800))
	  ->  Bitmap Index Scan on k_6  (cost=0.00..5.46 rows=103 width=0)
	        Index Cond: ((k >= 3509700) AND (k <= 3509800))

table 7 : explain SELECT k, c FROM sbtest7 WHERE k BETWEEN 3509700 AND 3509800
	Bitmap Heap Scan on sbtest7  (cost=5.51..421.30 rows=105 width=125)
	  Recheck Cond: ((k >= 3509700) AND (k <= 3509800))
	  ->  Bitmap Index Scan on k_7  (cost=0.00..5.48 rows=105 width=0)
	        Index Cond: ((k >= 3509700) AND (k <= 3509800))

table 8 : explain SELECT k, c FROM sbtest8 WHERE k BETWEEN 3509700 AND 3509800
	Bitmap Heap Scan on sbtest8  (cost=5.56..441.03 rows=110 width=125)
	  Recheck Cond: ((k >= 3509700) AND (k <= 3509800))
	  ->  Bitmap Index Scan on k_8  (cost=0.00..5.53 rows=110 width=0)
	        Index Cond: ((k >= 3509700) AND (k <= 3509800))

for range-notcovered
table 1 : explain SELECT k, c FROM sbtest1 WHERE k BETWEEN 2619940 AND 2620040
	Bitmap Heap Scan on sbtest1  (cost=5.49..413.54 rows=103 width=125)
	  Recheck Cond: ((k >= 2619940) AND (k <= 2620040))
	  ->  Bitmap Index Scan on k_1  (cost=0.00..5.46 rows=103 width=0)
	        Index Cond: ((k >= 2619940) AND (k <= 2620040))

table 2 : explain SELECT k, c FROM sbtest2 WHERE k BETWEEN 2619940 AND 2620040
	Bitmap Heap Scan on sbtest2  (cost=5.55..437.00 rows=109 width=125)
	  Recheck Cond: ((k >= 2619940) AND (k <= 2620040))
	  ->  Bitmap Index Scan on k_2  (cost=0.00..5.52 rows=109 width=0)
	        Index Cond: ((k >= 2619940) AND (k <= 2620040))

table 3 : explain SELECT k, c FROM sbtest3 WHERE k BETWEEN 2619940 AND 2620040
	Bitmap Heap Scan on sbtest3  (cost=5.48..409.40 rows=102 width=125)
	  Recheck Cond: ((k >= 2619940) AND (k <= 2620040))
	  ->  Bitmap Index Scan on k_3  (cost=0.00..5.45 rows=102 width=0)
	        Index Cond: ((k >= 2619940) AND (k <= 2620040))

table 4 : explain SELECT k, c FROM sbtest4 WHERE k BETWEEN 2619940 AND 2620040
	Bitmap Heap Scan on sbtest4  (cost=5.39..373.94 rows=93 width=125)
	  Recheck Cond: ((k >= 2619940) AND (k <= 2620040))
	  ->  Bitmap Index Scan on k_4  (cost=0.00..5.36 rows=93 width=0)
	        Index Cond: ((k >= 2619940) AND (k <= 2620040))

table 5 : explain SELECT k, c FROM sbtest5 WHERE k BETWEEN 2619940 AND 2620040
	Bitmap Heap Scan on sbtest5  (cost=5.43..389.76 rows=97 width=125)
	  Recheck Cond: ((k >= 2619940) AND (k <= 2620040))
	  ->  Bitmap Index Scan on k_5  (cost=0.00..5.40 rows=97 width=0)
	        Index Cond: ((k >= 2619940) AND (k <= 2620040))

table 6 : explain SELECT k, c FROM sbtest6 WHERE k BETWEEN 2619940 AND 2620040
	Bitmap Heap Scan on sbtest6  (cost=5.51..421.27 rows=105 width=125)
	  Recheck Cond: ((k >= 2619940) AND (k <= 2620040))
	  ->  Bitmap Index Scan on k_6  (cost=0.00..5.48 rows=105 width=0)
	        Index Cond: ((k >= 2619940) AND (k <= 2620040))

table 7 : explain SELECT k, c FROM sbtest7 WHERE k BETWEEN 2619940 AND 2620040
	Bitmap Heap Scan on sbtest7  (cost=5.56..441.01 rows=110 width=125)
	  Recheck Cond: ((k >= 2619940) AND (k <= 2620040))
	  ->  Bitmap Index Scan on k_7  (cost=0.00..5.53 rows=110 width=0)
	        Index Cond: ((k >= 2619940) AND (k <= 2620040))

table 8 : explain SELECT k, c FROM sbtest8 WHERE k BETWEEN 2619940 AND 2620040
	Bitmap Heap Scan on sbtest8  (cost=5.55..437.09 rows=109 width=125)
	  Recheck Cond: ((k >= 2619940) AND (k <= 2620040))
	  ->  Bitmap Index Scan on k_8  (cost=0.00..5.52 rows=109 width=0)
	        Index Cond: ((k >= 2619940) AND (k <= 2620040))

explain: for range-notcovered :: explain SELECT k, c FROM sbtest%d WHERE k BETWEEN 5559874 AND 5559974
for range-notcovered
table 1 : explain SELECT k, c FROM sbtest1 WHERE k BETWEEN 6268598 AND 6268698
	Bitmap Heap Scan on sbtest1  (cost=5.46..401.71 rows=100 width=125)
	  Recheck Cond: ((k >= 6268598) AND (k <= 6268698))
	  ->  Bitmap Index Scan on k_1  (cost=0.00..5.43 rows=100 width=0)
	        Index Cond: ((k >= 6268598) AND (k <= 6268698))

table 2 : explain SELECT k, c FROM sbtest2 WHERE k BETWEEN 6268598 AND 6268698
	Bitmap Heap Scan on sbtest2  (cost=5.47..405.46 rows=101 width=125)
	  Recheck Cond: ((k >= 6268598) AND (k <= 6268698))
	  ->  Bitmap Index Scan on k_2  (cost=0.00..5.44 rows=101 width=0)
	        Index Cond: ((k >= 6268598) AND (k <= 6268698))

table 3 : explain SELECT k, c FROM sbtest3 WHERE k BETWEEN 6268598 AND 6268698
	Bitmap Heap Scan on sbtest3  (cost=5.52..425.16 rows=106 width=125)
	  Recheck Cond: ((k >= 6268598) AND (k <= 6268698))
	  ->  Bitmap Index Scan on k_3  (cost=0.00..5.50 rows=106 width=0)
	        Index Cond: ((k >= 6268598) AND (k <= 6268698))

table 4 : explain SELECT k, c FROM sbtest4 WHERE k BETWEEN 6268598 AND 6268698
	Bitmap Heap Scan on sbtest4  (cost=5.57..444.92 rows=111 width=125)
	  Recheck Cond: ((k >= 6268598) AND (k <= 6268698))
	  ->  Bitmap Index Scan on k_4  (cost=0.00..5.54 rows=111 width=0)
	        Index Cond: ((k >= 6268598) AND (k <= 6268698))

table 5 : explain SELECT k, c FROM sbtest5 WHERE k BETWEEN 6268598 AND 6268698
	Bitmap Heap Scan on sbtest5  (cost=5.48..409.49 rows=102 width=125)
	  Recheck Cond: ((k >= 6268598) AND (k <= 6268698))
	  ->  Bitmap Index Scan on k_5  (cost=0.00..5.45 rows=102 width=0)
	        Index Cond: ((k >= 6268598) AND (k <= 6268698))

table 6 : explain SELECT k, c FROM sbtest6 WHERE k BETWEEN 6268598 AND 6268698
	Bitmap Heap Scan on sbtest6  (cost=5.39..373.94 rows=93 width=125)
	  Recheck Cond: ((k >= 6268598) AND (k <= 6268698))
	  ->  Bitmap Index Scan on k_6  (cost=0.00..5.36 rows=93 width=0)
	        Index Cond: ((k >= 6268598) AND (k <= 6268698))

table 7 : explain SELECT k, c FROM sbtest7 WHERE k BETWEEN 6268598 AND 6268698
	Bitmap Heap Scan on sbtest7  (cost=5.46..401.58 rows=100 width=125)
	  Recheck Cond: ((k >= 6268598) AND (k <= 6268698))
	  ->  Bitmap Index Scan on k_7  (cost=0.00..5.43 rows=100 width=0)
	        Index Cond: ((k >= 6268598) AND (k <= 6268698))

table 8 : explain SELECT k, c FROM sbtest8 WHERE k BETWEEN 6268598 AND 6268698
	Bitmap Heap Scan on sbtest8  (cost=5.41..381.87 rows=95 width=125)
	  Recheck Cond: ((k >= 6268598) AND (k <= 6268698))
	  ->  Bitmap Index Scan on k_8  (cost=0.00..5.38 rows=95 width=0)
	        Index Cond: ((k >= 6268598) AND (k <= 6268698))
explain: for range-notcovered :: explain SELECT k, c FROM sbtest%d WHERE k BETWEEN 5658378 AND 5658478

for range-notcovered
table 1 : explain SELECT k, c FROM sbtest1 WHERE k BETWEEN 3253896 AND 3253996
	Bitmap Heap Scan on sbtest1  (cost=5.48..409.60 rows=102 width=125)
	  Recheck Cond: ((k >= 3253896) AND (k <= 3253996))
	  ->  Bitmap Index Scan on k_1  (cost=0.00..5.45 rows=102 width=0)
	        Index Cond: ((k >= 3253896) AND (k <= 3253996))

table 2 : explain SELECT k, c FROM sbtest2 WHERE k BETWEEN 3253896 AND 3253996
	Bitmap Heap Scan on sbtest2  (cost=5.51..421.23 rows=105 width=125)
	  Recheck Cond: ((k >= 3253896) AND (k <= 3253996))
	  ->  Bitmap Index Scan on k_2  (cost=0.00..5.48 rows=105 width=0)
	        Index Cond: ((k >= 3253896) AND (k <= 3253996))

table 3 : explain SELECT k, c FROM sbtest3 WHERE k BETWEEN 3253896 AND 3253996
	Bitmap Heap Scan on sbtest3  (cost=5.46..401.51 rows=100 width=125)
	  Recheck Cond: ((k >= 3253896) AND (k <= 3253996))
	  ->  Bitmap Index Scan on k_3  (cost=0.00..5.43 rows=100 width=0)
	        Index Cond: ((k >= 3253896) AND (k <= 3253996))

table 4 : explain SELECT k, c FROM sbtest4 WHERE k BETWEEN 3253896 AND 3253996
	Bitmap Heap Scan on sbtest4  (cost=5.53..429.15 rows=107 width=125)
	  Recheck Cond: ((k >= 3253896) AND (k <= 3253996))
	  ->  Bitmap Index Scan on k_4  (cost=0.00..5.50 rows=107 width=0)
	        Index Cond: ((k >= 3253896) AND (k <= 3253996))

table 5 : explain SELECT k, c FROM sbtest5 WHERE k BETWEEN 3253896 AND 3253996
	Bitmap Heap Scan on sbtest5  (cost=5.51..421.32 rows=105 width=125)
	  Recheck Cond: ((k >= 3253896) AND (k <= 3253996))
	  ->  Bitmap Index Scan on k_5  (cost=0.00..5.48 rows=105 width=0)
	        Index Cond: ((k >= 3253896) AND (k <= 3253996))

table 6 : explain SELECT k, c FROM sbtest6 WHERE k BETWEEN 3253896 AND 3253996
	Bitmap Heap Scan on sbtest6  (cost=5.40..377.88 rows=94 width=125)
	  Recheck Cond: ((k >= 3253896) AND (k <= 3253996))
	  ->  Bitmap Index Scan on k_6  (cost=0.00..5.38 rows=94 width=0)
	        Index Cond: ((k >= 3253896) AND (k <= 3253996))

table 7 : explain SELECT k, c FROM sbtest7 WHERE k BETWEEN 3253896 AND 3253996
	Bitmap Heap Scan on sbtest7  (cost=5.49..413.42 rows=103 width=125)
	  Recheck Cond: ((k >= 3253896) AND (k <= 3253996))
	  ->  Bitmap Index Scan on k_7  (cost=0.00..5.46 rows=103 width=0)
	        Index Cond: ((k >= 3253896) AND (k <= 3253996))

table 8 : explain SELECT k, c FROM sbtest8 WHERE k BETWEEN 3253896 AND 3253996
	Bitmap Heap Scan on sbtest8  (cost=5.47..405.55 rows=101 width=125)
	  Recheck Cond: ((k >= 3253896) AND (k <= 3253996))
	  ->  Bitmap Index Scan on k_8  (cost=0.00..5.44 rows=101 width=0)
	        Index Cond: ((k >= 3253896) AND (k <= 3253996))

for range-notcovered
table 1 : explain SELECT k, c FROM sbtest1 WHERE k BETWEEN 5520301 AND 5520401
	Bitmap Heap Scan on sbtest1  (cost=5.42..385.92 rows=96 width=125)
	  Recheck Cond: ((k >= 5520301) AND (k <= 5520401))
	  ->  Bitmap Index Scan on k_1  (cost=0.00..5.39 rows=96 width=0)
	        Index Cond: ((k >= 5520301) AND (k <= 5520401))

table 2 : explain SELECT k, c FROM sbtest2 WHERE k BETWEEN 5520301 AND 5520401
	Bitmap Heap Scan on sbtest2  (cost=5.40..377.85 rows=94 width=125)
	  Recheck Cond: ((k >= 5520301) AND (k <= 5520401))
	  ->  Bitmap Index Scan on k_2  (cost=0.00..5.38 rows=94 width=0)
	        Index Cond: ((k >= 5520301) AND (k <= 5520401))

table 3 : explain SELECT k, c FROM sbtest3 WHERE k BETWEEN 5520301 AND 5520401
	Bitmap Heap Scan on sbtest3  (cost=5.43..389.68 rows=97 width=125)
	  Recheck Cond: ((k >= 5520301) AND (k <= 5520401))
	  ->  Bitmap Index Scan on k_3  (cost=0.00..5.40 rows=97 width=0)
	        Index Cond: ((k >= 5520301) AND (k <= 5520401))

table 4 : explain SELECT k, c FROM sbtest4 WHERE k BETWEEN 5520301 AND 5520401
	Bitmap Heap Scan on sbtest4  (cost=5.52..425.21 rows=106 width=125)
	  Recheck Cond: ((k >= 5520301) AND (k <= 5520401))
	  ->  Bitmap Index Scan on k_4  (cost=0.00..5.50 rows=106 width=0)
	        Index Cond: ((k >= 5520301) AND (k <= 5520401))

table 5 : explain SELECT k, c FROM sbtest5 WHERE k BETWEEN 5520301 AND 5520401
	Bitmap Heap Scan on sbtest5  (cost=5.49..413.43 rows=103 width=125)
	  Recheck Cond: ((k >= 5520301) AND (k <= 5520401))
	  ->  Bitmap Index Scan on k_5  (cost=0.00..5.46 rows=103 width=0)
	        Index Cond: ((k >= 5520301) AND (k <= 5520401))

table 6 : explain SELECT k, c FROM sbtest6 WHERE k BETWEEN 5520301 AND 5520401
	Bitmap Heap Scan on sbtest6  (cost=5.53..429.16 rows=107 width=125)
	  Recheck Cond: ((k >= 5520301) AND (k <= 5520401))
	  ->  Bitmap Index Scan on k_6  (cost=0.00..5.50 rows=107 width=0)
	        Index Cond: ((k >= 5520301) AND (k <= 5520401))

table 7 : explain SELECT k, c FROM sbtest7 WHERE k BETWEEN 5520301 AND 5520401
	Bitmap Heap Scan on sbtest7  (cost=5.68..484.34 rows=121 width=125)
	  Recheck Cond: ((k >= 5520301) AND (k <= 5520401))
	  ->  Bitmap Index Scan on k_7  (cost=0.00..5.64 rows=121 width=0)
	        Index Cond: ((k >= 5520301) AND (k <= 5520401))

table 8 : explain SELECT k, c FROM sbtest8 WHERE k BETWEEN 5520301 AND 5520401
	Bitmap Heap Scan on sbtest8  (cost=5.45..397.66 rows=99 width=125)
	  Recheck Cond: ((k >= 5520301) AND (k <= 5520401))
	  ->  Bitmap Index Scan on k_8  (cost=0.00..5.42 rows=99 width=0)
	        Index Cond: ((k >= 5520301) AND (k <= 5520401))

for range-notcovered
table 1 : explain SELECT k, c FROM sbtest1 WHERE k BETWEEN 3928970 AND 3929070
	Bitmap Heap Scan on sbtest1  (cost=5.43..389.87 rows=97 width=125)
	  Recheck Cond: ((k >= 3928970) AND (k <= 3929070))
	  ->  Bitmap Index Scan on k_1  (cost=0.00..5.40 rows=97 width=0)
	        Index Cond: ((k >= 3928970) AND (k <= 3929070))

table 2 : explain SELECT k, c FROM sbtest2 WHERE k BETWEEN 3928970 AND 3929070
	Bitmap Heap Scan on sbtest2  (cost=5.37..366.01 rows=91 width=125)
	  Recheck Cond: ((k >= 3928970) AND (k <= 3929070))
	  ->  Bitmap Index Scan on k_2  (cost=0.00..5.34 rows=91 width=0)
	        Index Cond: ((k >= 3928970) AND (k <= 3929070))

table 3 : explain SELECT k, c FROM sbtest3 WHERE k BETWEEN 3928970 AND 3929070
	Bitmap Heap Scan on sbtest3  (cost=5.55..436.99 rows=109 width=125)
	  Recheck Cond: ((k >= 3928970) AND (k <= 3929070))
	  ->  Bitmap Index Scan on k_3  (cost=0.00..5.52 rows=109 width=0)
	        Index Cond: ((k >= 3928970) AND (k <= 3929070))

table 4 : explain SELECT k, c FROM sbtest4 WHERE k BETWEEN 3928970 AND 3929070
	Bitmap Heap Scan on sbtest4  (cost=5.51..421.27 rows=105 width=125)
	  Recheck Cond: ((k >= 3928970) AND (k <= 3929070))
	  ->  Bitmap Index Scan on k_4  (cost=0.00..5.48 rows=105 width=0)
	        Index Cond: ((k >= 3928970) AND (k <= 3929070))

table 5 : explain SELECT k, c FROM sbtest5 WHERE k BETWEEN 3928970 AND 3929070
	Bitmap Heap Scan on sbtest5  (cost=5.60..456.79 rows=114 width=125)
	  Recheck Cond: ((k >= 3928970) AND (k <= 3929070))
	  ->  Bitmap Index Scan on k_5  (cost=0.00..5.58 rows=114 width=0)
	        Index Cond: ((k >= 3928970) AND (k <= 3929070))

table 6 : explain SELECT k, c FROM sbtest6 WHERE k BETWEEN 3928970 AND 3929070
	Bitmap Heap Scan on sbtest6  (cost=5.48..409.44 rows=102 width=125)
	  Recheck Cond: ((k >= 3928970) AND (k <= 3929070))
	  ->  Bitmap Index Scan on k_6  (cost=0.00..5.45 rows=102 width=0)
	        Index Cond: ((k >= 3928970) AND (k <= 3929070))

table 7 : explain SELECT k, c FROM sbtest7 WHERE k BETWEEN 3928970 AND 3929070
	Bitmap Heap Scan on sbtest7  (cost=5.45..397.64 rows=99 width=125)
	  Recheck Cond: ((k >= 3928970) AND (k <= 3929070))
	  ->  Bitmap Index Scan on k_7  (cost=0.00..5.42 rows=99 width=0)
	        Index Cond: ((k >= 3928970) AND (k <= 3929070))

table 8 : explain SELECT k, c FROM sbtest8 WHERE k BETWEEN 3928970 AND 3929070
	Bitmap Heap Scan on sbtest8  (cost=5.49..413.43 rows=103 width=125)
	  Recheck Cond: ((k >= 3928970) AND (k <= 3929070))
	  ->  Bitmap Index Scan on k_8  (cost=0.00..5.46 rows=103 width=0)
	        Index Cond: ((k >= 3928970) AND (k <= 3929070))

explain: for range-notcovered :: explain SELECT k, c FROM sbtest%d WHERE k BETWEEN 3509700 AND 3509800
explain: for range-notcovered :: explain SELECT k, c FROM sbtest%d WHERE k BETWEEN 2619940 AND 2620040
explain: for range-notcovered :: explain SELECT k, c FROM sbtest%d WHERE k BETWEEN 3577665 AND 3577765
explain: for range-notcovered :: explain SELECT k, c FROM sbtest%d WHERE k BETWEEN 6268598 AND 6268698
for range-notcovered
table 1 : explain SELECT k, c FROM sbtest1 WHERE k BETWEEN 6515265 AND 6515365
	Bitmap Heap Scan on sbtest1  (cost=5.52..425.38 rows=106 width=125)
	  Recheck Cond: ((k >= 6515265) AND (k <= 6515365))
	  ->  Bitmap Index Scan on k_1  (cost=0.00..5.50 rows=106 width=0)
	        Index Cond: ((k >= 6515265) AND (k <= 6515365))

table 2 : explain SELECT k, c FROM sbtest2 WHERE k BETWEEN 6515265 AND 6515365
	Bitmap Heap Scan on sbtest2  (cost=5.44..393.63 rows=98 width=125)
	  Recheck Cond: ((k >= 6515265) AND (k <= 6515365))
	  ->  Bitmap Index Scan on k_2  (cost=0.00..5.42 rows=98 width=0)
	        Index Cond: ((k >= 6515265) AND (k <= 6515365))

table 3 : explain SELECT k, c FROM sbtest3 WHERE k BETWEEN 6515265 AND 6515365
	Bitmap Heap Scan on sbtest3  (cost=5.51..421.22 rows=105 width=125)
	  Recheck Cond: ((k >= 6515265) AND (k <= 6515365))
	  ->  Bitmap Index Scan on k_3  (cost=0.00..5.48 rows=105 width=0)
	        Index Cond: ((k >= 6515265) AND (k <= 6515365))

table 4 : explain SELECT k, c FROM sbtest4 WHERE k BETWEEN 6515265 AND 6515365
	Bitmap Heap Scan on sbtest4  (cost=5.46..401.55 rows=100 width=125)
	  Recheck Cond: ((k >= 6515265) AND (k <= 6515365))
	  ->  Bitmap Index Scan on k_4  (cost=0.00..5.43 rows=100 width=0)
	        Index Cond: ((k >= 6515265) AND (k <= 6515365))

table 5 : explain SELECT k, c FROM sbtest5 WHERE k BETWEEN 6515265 AND 6515365
	Bitmap Heap Scan on sbtest5  (cost=5.41..381.87 rows=95 width=125)
	  Recheck Cond: ((k >= 6515265) AND (k <= 6515365))
	  ->  Bitmap Index Scan on k_5  (cost=0.00..5.38 rows=95 width=0)
	        Index Cond: ((k >= 6515265) AND (k <= 6515365))

table 6 : explain SELECT k, c FROM sbtest6 WHERE k BETWEEN 6515265 AND 6515365
	Bitmap Heap Scan on sbtest6  (cost=5.46..401.56 rows=100 width=125)
	  Recheck Cond: ((k >= 6515265) AND (k <= 6515365))
	  ->  Bitmap Index Scan on k_6  (cost=0.00..5.43 rows=100 width=0)
	        Index Cond: ((k >= 6515265) AND (k <= 6515365))

table 7 : explain SELECT k, c FROM sbtest7 WHERE k BETWEEN 6515265 AND 6515365
	Bitmap Heap Scan on sbtest7  (cost=5.43..389.75 rows=97 width=125)
	  Recheck Cond: ((k >= 6515265) AND (k <= 6515365))
	  ->  Bitmap Index Scan on k_7  (cost=0.00..5.40 rows=97 width=0)
	        Index Cond: ((k >= 6515265) AND (k <= 6515365))

table 8 : explain SELECT k, c FROM sbtest8 WHERE k BETWEEN 6515265 AND 6515365
	Bitmap Heap Scan on sbtest8  (cost=5.45..397.66 rows=99 width=125)
	  Recheck Cond: ((k >= 6515265) AND (k <= 6515365))
	  ->  Bitmap Index Scan on k_8  (cost=0.00..5.42 rows=99 width=0)
	        Index Cond: ((k >= 6515265) AND (k <= 6515365))

explain: for range-notcovered :: explain SELECT k, c FROM sbtest%d WHERE k BETWEEN 5520301 AND 5520401
explain: for range-notcovered :: explain SELECT k, c FROM sbtest%d WHERE k BETWEEN 3928970 AND 3929070
for range-notcovered
table 1 : explain SELECT k, c FROM sbtest1 WHERE k BETWEEN 5256120 AND 5256220
	Bitmap Heap Scan on sbtest1  (cost=5.64..472.68 rows=118 width=125)
	  Recheck Cond: ((k >= 5256120) AND (k <= 5256220))
	  ->  Bitmap Index Scan on k_1  (cost=0.00..5.61 rows=118 width=0)
	        Index Cond: ((k >= 5256120) AND (k <= 5256220))

table 2 : explain SELECT k, c FROM sbtest2 WHERE k BETWEEN 5256120 AND 5256220
	Bitmap Heap Scan on sbtest2  (cost=5.49..413.35 rows=103 width=125)
	  Recheck Cond: ((k >= 5256120) AND (k <= 5256220))
	  ->  Bitmap Index Scan on k_2  (cost=0.00..5.46 rows=103 width=0)
	        Index Cond: ((k >= 5256120) AND (k <= 5256220))

table 3 : explain SELECT k, c FROM sbtest3 WHERE k BETWEEN 5256120 AND 5256220
	Bitmap Heap Scan on sbtest3  (cost=5.57..444.87 rows=111 width=125)
	  Recheck Cond: ((k >= 5256120) AND (k <= 5256220))
	  ->  Bitmap Index Scan on k_3  (cost=0.00..5.54 rows=111 width=0)
	        Index Cond: ((k >= 5256120) AND (k <= 5256220))

table 4 : explain SELECT k, c FROM sbtest4 WHERE k BETWEEN 5256120 AND 5256220
	Bitmap Heap Scan on sbtest4  (cost=5.48..409.44 rows=102 width=125)
	  Recheck Cond: ((k >= 5256120) AND (k <= 5256220))
	  ->  Bitmap Index Scan on k_4  (cost=0.00..5.45 rows=102 width=0)
	        Index Cond: ((k >= 5256120) AND (k <= 5256220))

table 5 : explain SELECT k, c FROM sbtest5 WHERE k BETWEEN 5256120 AND 5256220
	Bitmap Heap Scan on sbtest5  (cost=5.50..417.37 rows=104 width=125)
	  Recheck Cond: ((k >= 5256120) AND (k <= 5256220))
	  ->  Bitmap Index Scan on k_5  (cost=0.00..5.47 rows=104 width=0)
	        Index Cond: ((k >= 5256120) AND (k <= 5256220))

table 6 : explain SELECT k, c FROM sbtest6 WHERE k BETWEEN 5256120 AND 5256220
	Bitmap Heap Scan on sbtest6  (cost=5.56..440.98 rows=110 width=125)
	  Recheck Cond: ((k >= 5256120) AND (k <= 5256220))
	  ->  Bitmap Index Scan on k_6  (cost=0.00..5.53 rows=110 width=0)
	        Index Cond: ((k >= 5256120) AND (k <= 5256220))

table 7 : explain SELECT k, c FROM sbtest7 WHERE k BETWEEN 5256120 AND 5256220
	Bitmap Heap Scan on sbtest7  (cost=5.50..417.36 rows=104 width=125)
	  Recheck Cond: ((k >= 5256120) AND (k <= 5256220))
	  ->  Bitmap Index Scan on k_7  (cost=0.00..5.47 rows=104 width=0)
	        Index Cond: ((k >= 5256120) AND (k <= 5256220))

table 8 : explain SELECT k, c FROM sbtest8 WHERE k BETWEEN 5256120 AND 5256220
	Bitmap Heap Scan on sbtest8  (cost=5.51..421.32 rows=105 width=125)
	  Recheck Cond: ((k >= 5256120) AND (k <= 5256220))
	  ->  Bitmap Index Scan on k_8  (cost=0.00..5.48 rows=105 width=0)
	        Index Cond: ((k >= 5256120) AND (k <= 5256220))
for range-notcovered
table 1 : explain SELECT k, c FROM sbtest1 WHERE k BETWEEN 6399033 AND 6399133
	Bitmap Heap Scan on sbtest1  (cost=5.41..381.97 rows=95 width=125)
	  Recheck Cond: ((k >= 6399033) AND (k <= 6399133))
	  ->  Bitmap Index Scan on k_1  (cost=0.00..5.38 rows=95 width=0)
	        Index Cond: ((k >= 6399033) AND (k <= 6399133))

table 2 : explain SELECT k, c FROM sbtest2 WHERE k BETWEEN 6399033 AND 6399133
	Bitmap Heap Scan on sbtest2  (cost=5.49..413.35 rows=103 width=125)
	  Recheck Cond: ((k >= 6399033) AND (k <= 6399133))
	  ->  Bitmap Index Scan on k_2  (cost=0.00..5.46 rows=103 width=0)
	        Index Cond: ((k >= 6399033) AND (k <= 6399133))

table 3 : explain SELECT k, c FROM sbtest3 WHERE k BETWEEN 6399033 AND 6399133
	Bitmap Heap Scan on sbtest3  (cost=5.46..401.51 rows=100 width=125)
	  Recheck Cond: ((k >= 6399033) AND (k <= 6399133))
	  ->  Bitmap Index Scan on k_3  (cost=0.00..5.43 rows=100 width=0)
	        Index Cond: ((k >= 6399033) AND (k <= 6399133))

table 4 : explain SELECT k, c FROM sbtest4 WHERE k BETWEEN 6399033 AND 6399133
	Bitmap Heap Scan on sbtest4  (cost=5.55..437.04 rows=109 width=125)
	  Recheck Cond: ((k >= 6399033) AND (k <= 6399133))
	  ->  Bitmap Index Scan on k_4  (cost=0.00..5.52 rows=109 width=0)
	        Index Cond: ((k >= 6399033) AND (k <= 6399133))

table 5 : explain SELECT k, c FROM sbtest5 WHERE k BETWEEN 6399033 AND 6399133
	Bitmap Heap Scan on sbtest5  (cost=5.40..377.92 rows=94 width=125)
	  Recheck Cond: ((k >= 6399033) AND (k <= 6399133))
	  ->  Bitmap Index Scan on k_5  (cost=0.00..5.38 rows=94 width=0)
	        Index Cond: ((k >= 6399033) AND (k <= 6399133))

table 6 : explain SELECT k, c FROM sbtest6 WHERE k BETWEEN 6399033 AND 6399133
	Bitmap Heap Scan on sbtest6  (cost=5.55..437.04 rows=109 width=125)
	  Recheck Cond: ((k >= 6399033) AND (k <= 6399133))
	  ->  Bitmap Index Scan on k_6  (cost=0.00..5.52 rows=109 width=0)
	        Index Cond: ((k >= 6399033) AND (k <= 6399133))

table 7 : explain SELECT k, c FROM sbtest7 WHERE k BETWEEN 6399033 AND 6399133
	Bitmap Heap Scan on sbtest7  (cost=5.54..433.13 rows=108 width=125)
	  Recheck Cond: ((k >= 6399033) AND (k <= 6399133))
	  ->  Bitmap Index Scan on k_7  (cost=0.00..5.51 rows=108 width=0)
	        Index Cond: ((k >= 6399033) AND (k <= 6399133))

table 8 : explain SELECT k, c FROM sbtest8 WHERE k BETWEEN 6399033 AND 6399133
	Bitmap Heap Scan on sbtest8  (cost=5.49..413.43 rows=103 width=125)
	  Recheck Cond: ((k >= 6399033) AND (k <= 6399133))
	  ->  Bitmap Index Scan on k_8  (cost=0.00..5.46 rows=103 width=0)
	        Index Cond: ((k >= 6399033) AND (k <= 6399133))


explain: for range-notcovered :: explain SELECT k, c FROM sbtest%d WHERE k BETWEEN 3253896 AND 3253996
explain: for range-notcovered :: explain SELECT k, c FROM sbtest%d WHERE k BETWEEN 6515265 AND 6515365
for range-notcovered
table 1 : explain SELECT k, c FROM sbtest1 WHERE k BETWEEN 1459258 AND 1459358
	Bitmap Heap Scan on sbtest1  (cost=5.50..417.49 rows=104 width=125)
	  Recheck Cond: ((k >= 1459258) AND (k <= 1459358))
	  ->  Bitmap Index Scan on k_1  (cost=0.00..5.47 rows=104 width=0)
	        Index Cond: ((k >= 1459258) AND (k <= 1459358))

table 2 : explain SELECT k, c FROM sbtest2 WHERE k BETWEEN 1459258 AND 1459358
	Bitmap Heap Scan on sbtest2  (cost=5.54..433.06 rows=108 width=125)
	  Recheck Cond: ((k >= 1459258) AND (k <= 1459358))
	  ->  Bitmap Index Scan on k_2  (cost=0.00..5.51 rows=108 width=0)
	        Index Cond: ((k >= 1459258) AND (k <= 1459358))

table 3 : explain SELECT k, c FROM sbtest3 WHERE k BETWEEN 1459258 AND 1459358
	Bitmap Heap Scan on sbtest3  (cost=5.55..436.99 rows=109 width=125)
	  Recheck Cond: ((k >= 1459258) AND (k <= 1459358))
	  ->  Bitmap Index Scan on k_3  (cost=0.00..5.52 rows=109 width=0)
	        Index Cond: ((k >= 1459258) AND (k <= 1459358))

table 4 : explain SELECT k, c FROM sbtest4 WHERE k BETWEEN 1459258 AND 1459358
	Bitmap Heap Scan on sbtest4  (cost=5.46..401.55 rows=100 width=125)
	  Recheck Cond: ((k >= 1459258) AND (k <= 1459358))
	  ->  Bitmap Index Scan on k_4  (cost=0.00..5.43 rows=100 width=0)
	        Index Cond: ((k >= 1459258) AND (k <= 1459358))

table 5 : explain SELECT k, c FROM sbtest5 WHERE k BETWEEN 1459258 AND 1459358
	Bitmap Heap Scan on sbtest5  (cost=5.38..370.03 rows=92 width=125)
	  Recheck Cond: ((k >= 1459258) AND (k <= 1459358))
	  ->  Bitmap Index Scan on k_5  (cost=0.00..5.35 rows=92 width=0)
	        Index Cond: ((k >= 1459258) AND (k <= 1459358))

table 6 : explain SELECT k, c FROM sbtest6 WHERE k BETWEEN 1459258 AND 1459358
	Bitmap Heap Scan on sbtest6  (cost=5.41..381.83 rows=95 width=125)
	  Recheck Cond: ((k >= 1459258) AND (k <= 1459358))
	  ->  Bitmap Index Scan on k_6  (cost=0.00..5.38 rows=95 width=0)
	        Index Cond: ((k >= 1459258) AND (k <= 1459358))

table 7 : explain SELECT k, c FROM sbtest7 WHERE k BETWEEN 1459258 AND 1459358
	Bitmap Heap Scan on sbtest7  (cost=5.50..417.36 rows=104 width=125)
	  Recheck Cond: ((k >= 1459258) AND (k <= 1459358))
	  ->  Bitmap Index Scan on k_7  (cost=0.00..5.47 rows=104 width=0)
	        Index Cond: ((k >= 1459258) AND (k <= 1459358))

table 8 : explain SELECT k, c FROM sbtest8 WHERE k BETWEEN 1459258 AND 1459358
	Bitmap Heap Scan on sbtest8  (cost=5.45..397.66 rows=99 width=125)
	  Recheck Cond: ((k >= 1459258) AND (k <= 1459358))
	  ->  Bitmap Index Scan on k_8  (cost=0.00..5.42 rows=99 width=0)
	        Index Cond: ((k >= 1459258) AND (k <= 1459358))

for range-notcovered
table 1 : explain SELECT k, c FROM sbtest1 WHERE k BETWEEN 2768573 AND 2768673
	Bitmap Heap Scan on sbtest1  (cost=5.38..370.12 rows=92 width=125)
	  Recheck Cond: ((k >= 2768573) AND (k <= 2768673))
	  ->  Bitmap Index Scan on k_1  (cost=0.00..5.35 rows=92 width=0)
	        Index Cond: ((k >= 2768573) AND (k <= 2768673))

table 2 : explain SELECT k, c FROM sbtest2 WHERE k BETWEEN 2768573 AND 2768673
	Bitmap Heap Scan on sbtest2  (cost=5.50..417.29 rows=104 width=125)
	  Recheck Cond: ((k >= 2768573) AND (k <= 2768673))
	  ->  Bitmap Index Scan on k_2  (cost=0.00..5.47 rows=104 width=0)
	        Index Cond: ((k >= 2768573) AND (k <= 2768673))

table 3 : explain SELECT k, c FROM sbtest3 WHERE k BETWEEN 2768573 AND 2768673
	Bitmap Heap Scan on sbtest3  (cost=5.54..433.05 rows=108 width=125)
	  Recheck Cond: ((k >= 2768573) AND (k <= 2768673))
	  ->  Bitmap Index Scan on k_3  (cost=0.00..5.51 rows=108 width=0)
	        Index Cond: ((k >= 2768573) AND (k <= 2768673))

table 4 : explain SELECT k, c FROM sbtest4 WHERE k BETWEEN 2768573 AND 2768673
	Bitmap Heap Scan on sbtest4  (cost=5.55..437.04 rows=109 width=125)
	  Recheck Cond: ((k >= 2768573) AND (k <= 2768673))
	  ->  Bitmap Index Scan on k_4  (cost=0.00..5.52 rows=109 width=0)
	        Index Cond: ((k >= 2768573) AND (k <= 2768673))

table 5 : explain SELECT k, c FROM sbtest5 WHERE k BETWEEN 2768573 AND 2768673
	Bitmap Heap Scan on sbtest5  (cost=5.53..429.20 rows=107 width=125)
	  Recheck Cond: ((k >= 2768573) AND (k <= 2768673))
	  ->  Bitmap Index Scan on k_5  (cost=0.00..5.50 rows=107 width=0)
	        Index Cond: ((k >= 2768573) AND (k <= 2768673))

table 6 : explain SELECT k, c FROM sbtest6 WHERE k BETWEEN 2768573 AND 2768673
	Bitmap Heap Scan on sbtest6  (cost=5.57..444.92 rows=111 width=125)
	  Recheck Cond: ((k >= 2768573) AND (k <= 2768673))
	  ->  Bitmap Index Scan on k_6  (cost=0.00..5.54 rows=111 width=0)
	        Index Cond: ((k >= 2768573) AND (k <= 2768673))

table 7 : explain SELECT k, c FROM sbtest7 WHERE k BETWEEN 2768573 AND 2768673
	Bitmap Heap Scan on sbtest7  (cost=5.51..421.30 rows=105 width=125)
	  Recheck Cond: ((k >= 2768573) AND (k <= 2768673))
	  ->  Bitmap Index Scan on k_7  (cost=0.00..5.48 rows=105 width=0)
	        Index Cond: ((k >= 2768573) AND (k <= 2768673))

table 8 : explain SELECT k, c FROM sbtest8 WHERE k BETWEEN 2768573 AND 2768673
	Bitmap Heap Scan on sbtest8  (cost=5.49..413.43 rows=103 width=125)
	  Recheck Cond: ((k >= 2768573) AND (k <= 2768673))
	  ->  Bitmap Index Scan on k_8  (cost=0.00..5.46 rows=103 width=0)
	        Index Cond: ((k >= 2768573) AND (k <= 2768673))
for range-notcovered
table 1 : explain SELECT k, c FROM sbtest1 WHERE k BETWEEN 4998269 AND 4998369
	Bitmap Heap Scan on sbtest1  (cost=5.50..417.49 rows=104 width=125)
	  Recheck Cond: ((k >= 4998269) AND (k <= 4998369))
	  ->  Bitmap Index Scan on k_1  (cost=0.00..5.47 rows=104 width=0)
	        Index Cond: ((k >= 4998269) AND (k <= 4998369))

table 2 : explain SELECT k, c FROM sbtest2 WHERE k BETWEEN 4998269 AND 4998369
	Bitmap Heap Scan on sbtest2  (cost=5.52..425.18 rows=106 width=125)
	  Recheck Cond: ((k >= 4998269) AND (k <= 4998369))
	  ->  Bitmap Index Scan on k_2  (cost=0.00..5.50 rows=106 width=0)
	        Index Cond: ((k >= 4998269) AND (k <= 4998369))

table 3 : explain SELECT k, c FROM sbtest3 WHERE k BETWEEN 4998269 AND 4998369
	Bitmap Heap Scan on sbtest3  (cost=5.35..358.11 rows=89 width=125)
	  Recheck Cond: ((k >= 4998269) AND (k <= 4998369))
	  ->  Bitmap Index Scan on k_3  (cost=0.00..5.32 rows=89 width=0)
	        Index Cond: ((k >= 4998269) AND (k <= 4998369))

table 4 : explain SELECT k, c FROM sbtest4 WHERE k BETWEEN 4998269 AND 4998369
	Bitmap Heap Scan on sbtest4  (cost=5.48..409.44 rows=102 width=125)
	  Recheck Cond: ((k >= 4998269) AND (k <= 4998369))
	  ->  Bitmap Index Scan on k_4  (cost=0.00..5.45 rows=102 width=0)
	        Index Cond: ((k >= 4998269) AND (k <= 4998369))

table 5 : explain SELECT k, c FROM sbtest5 WHERE k BETWEEN 4998269 AND 4998369
	Bitmap Heap Scan on sbtest5  (cost=5.51..421.32 rows=105 width=125)
	  Recheck Cond: ((k >= 4998269) AND (k <= 4998369))
	  ->  Bitmap Index Scan on k_5  (cost=0.00..5.48 rows=105 width=0)
	        Index Cond: ((k >= 4998269) AND (k <= 4998369))

table 6 : explain SELECT k, c FROM sbtest6 WHERE k BETWEEN 4998269 AND 4998369
	Bitmap Heap Scan on sbtest6  (cost=5.50..417.33 rows=104 width=125)
	  Recheck Cond: ((k >= 4998269) AND (k <= 4998369))
	  ->  Bitmap Index Scan on k_6  (cost=0.00..5.47 rows=104 width=0)
	        Index Cond: ((k >= 4998269) AND (k <= 4998369))

table 7 : explain SELECT k, c FROM sbtest7 WHERE k BETWEEN 4998269 AND 4998369
	Bitmap Heap Scan on sbtest7  (cost=5.54..433.13 rows=108 width=125)
	  Recheck Cond: ((k >= 4998269) AND (k <= 4998369))
	  ->  Bitmap Index Scan on k_7  (cost=0.00..5.51 rows=108 width=0)
	        Index Cond: ((k >= 4998269) AND (k <= 4998369))

table 8 : explain SELECT k, c FROM sbtest8 WHERE k BETWEEN 4998269 AND 4998369
	Bitmap Heap Scan on sbtest8  (cost=5.46..401.60 rows=100 width=125)
	  Recheck Cond: ((k >= 4998269) AND (k <= 4998369))
	  ->  Bitmap Index Scan on k_8  (cost=0.00..5.43 rows=100 width=0)
	        Index Cond: ((k >= 4998269) AND (k <= 4998369))

explain: for range-notcovered :: explain SELECT k, c FROM sbtest%d WHERE k BETWEEN 5256120 AND 5256220

for range-notcovered
table 1 : explain SELECT k, c FROM sbtest1 WHERE k BETWEEN 4481903 AND 4482003
	Bitmap Heap Scan on sbtest1  (cost=5.48..409.60 rows=102 width=125)
	  Recheck Cond: ((k >= 4481903) AND (k <= 4482003))
	  ->  Bitmap Index Scan on k_1  (cost=0.00..5.45 rows=102 width=0)
	        Index Cond: ((k >= 4481903) AND (k <= 4482003))

table 2 : explain SELECT k, c FROM sbtest2 WHERE k BETWEEN 4481903 AND 4482003
	Bitmap Heap Scan on sbtest2  (cost=5.39..373.91 rows=93 width=125)
	  Recheck Cond: ((k >= 4481903) AND (k <= 4482003))
	  ->  Bitmap Index Scan on k_2  (cost=0.00..5.36 rows=93 width=0)
	        Index Cond: ((k >= 4481903) AND (k <= 4482003))

table 3 : explain SELECT k, c FROM sbtest3 WHERE k BETWEEN 4481903 AND 4482003
	Bitmap Heap Scan on sbtest3  (cost=5.52..425.16 rows=106 width=125)
	  Recheck Cond: ((k >= 4481903) AND (k <= 4482003))
	  ->  Bitmap Index Scan on k_3  (cost=0.00..5.50 rows=106 width=0)
	        Index Cond: ((k >= 4481903) AND (k <= 4482003))

table 4 : explain SELECT k, c FROM sbtest4 WHERE k BETWEEN 4481903 AND 4482003
	Bitmap Heap Scan on sbtest4  (cost=5.56..440.98 rows=110 width=125)
	  Recheck Cond: ((k >= 4481903) AND (k <= 4482003))
	  ->  Bitmap Index Scan on k_4  (cost=0.00..5.53 rows=110 width=0)
	        Index Cond: ((k >= 4481903) AND (k <= 4482003))

table 5 : explain SELECT k, c FROM sbtest5 WHERE k BETWEEN 4481903 AND 4482003
	Bitmap Heap Scan on sbtest5  (cost=5.45..397.65 rows=99 width=125)
	  Recheck Cond: ((k >= 4481903) AND (k <= 4482003))
	  ->  Bitmap Index Scan on k_5  (cost=0.00..5.42 rows=99 width=0)
	        Index Cond: ((k >= 4481903) AND (k <= 4482003))

table 6 : explain SELECT k, c FROM sbtest6 WHERE k BETWEEN 4481903 AND 4482003
	Bitmap Heap Scan on sbtest6  (cost=5.38..369.99 rows=92 width=125)
	  Recheck Cond: ((k >= 4481903) AND (k <= 4482003))
	  ->  Bitmap Index Scan on k_6  (cost=0.00..5.35 rows=92 width=0)
	        Index Cond: ((k >= 4481903) AND (k <= 4482003))

table 7 : explain SELECT k, c FROM sbtest7 WHERE k BETWEEN 4481903 AND 4482003
	Bitmap Heap Scan on sbtest7  (cost=5.43..389.75 rows=97 width=125)
	  Recheck Cond: ((k >= 4481903) AND (k <= 4482003))
	  ->  Bitmap Index Scan on k_7  (cost=0.00..5.40 rows=97 width=0)
	        Index Cond: ((k >= 4481903) AND (k <= 4482003))

table 8 : explain SELECT k, c FROM sbtest8 WHERE k BETWEEN 4481903 AND 4482003
	Bitmap Heap Scan on sbtest8  (cost=5.49..413.43 rows=103 width=125)
	  Recheck Cond: ((k >= 4481903) AND (k <= 4482003))
	  ->  Bitmap Index Scan on k_8  (cost=0.00..5.46 rows=103 width=0)
	        Index Cond: ((k >= 4481903) AND (k <= 4482003))

for range-notcovered
table 1 : explain SELECT k, c FROM sbtest1 WHERE k BETWEEN 4305027 AND 4305127
	Bitmap Heap Scan on sbtest1  (cost=5.42..385.92 rows=96 width=125)
	  Recheck Cond: ((k >= 4305027) AND (k <= 4305127))
	  ->  Bitmap Index Scan on k_1  (cost=0.00..5.39 rows=96 width=0)
	        Index Cond: ((k >= 4305027) AND (k <= 4305127))

table 2 : explain SELECT k, c FROM sbtest2 WHERE k BETWEEN 4305027 AND 4305127
	Bitmap Heap Scan on sbtest2  (cost=5.47..405.46 rows=101 width=125)
	  Recheck Cond: ((k >= 4305027) AND (k <= 4305127))
	  ->  Bitmap Index Scan on k_2  (cost=0.00..5.44 rows=101 width=0)
	        Index Cond: ((k >= 4305027) AND (k <= 4305127))

table 3 : explain SELECT k, c FROM sbtest3 WHERE k BETWEEN 4305027 AND 4305127
	Bitmap Heap Scan on sbtest3  (cost=5.47..405.45 rows=101 width=125)
	  Recheck Cond: ((k >= 4305027) AND (k <= 4305127))
	  ->  Bitmap Index Scan on k_3  (cost=0.00..5.44 rows=101 width=0)
	        Index Cond: ((k >= 4305027) AND (k <= 4305127))

table 4 : explain SELECT k, c FROM sbtest4 WHERE k BETWEEN 4305027 AND 4305127
	Bitmap Heap Scan on sbtest4  (cost=5.50..417.33 rows=104 width=125)
	  Recheck Cond: ((k >= 4305027) AND (k <= 4305127))
	  ->  Bitmap Index Scan on k_4  (cost=0.00..5.47 rows=104 width=0)
	        Index Cond: ((k >= 4305027) AND (k <= 4305127))

table 5 : explain SELECT k, c FROM sbtest5 WHERE k BETWEEN 4305027 AND 4305127
	Bitmap Heap Scan on sbtest5  (cost=5.43..389.76 rows=97 width=125)
	  Recheck Cond: ((k >= 4305027) AND (k <= 4305127))
	  ->  Bitmap Index Scan on k_5  (cost=0.00..5.40 rows=97 width=0)
	        Index Cond: ((k >= 4305027) AND (k <= 4305127))

table 6 : explain SELECT k, c FROM sbtest6 WHERE k BETWEEN 4305027 AND 4305127
	Bitmap Heap Scan on sbtest6  (cost=5.48..409.44 rows=102 width=125)
	  Recheck Cond: ((k >= 4305027) AND (k <= 4305127))
	  ->  Bitmap Index Scan on k_6  (cost=0.00..5.45 rows=102 width=0)
	        Index Cond: ((k >= 4305027) AND (k <= 4305127))

table 7 : explain SELECT k, c FROM sbtest7 WHERE k BETWEEN 4305027 AND 4305127
	Bitmap Heap Scan on sbtest7  (cost=5.36..362.12 rows=90 width=125)
	  Recheck Cond: ((k >= 4305027) AND (k <= 4305127))
	  ->  Bitmap Index Scan on k_7  (cost=0.00..5.33 rows=90 width=0)
	        Index Cond: ((k >= 4305027) AND (k <= 4305127))

table 8 : explain SELECT k, c FROM sbtest8 WHERE k BETWEEN 4305027 AND 4305127
	Bitmap Heap Scan on sbtest8  (cost=5.49..413.43 rows=103 width=125)
	  Recheck Cond: ((k >= 4305027) AND (k <= 4305127))
	  ->  Bitmap Index Scan on k_8  (cost=0.00..5.46 rows=103 width=0)
	        Index Cond: ((k >= 4305027) AND (k <= 4305127))

explain: for range-notcovered :: explain SELECT k, c FROM sbtest%d WHERE k BETWEEN 1459258 AND 1459358
explain: for range-notcovered :: explain SELECT k, c FROM sbtest%d WHERE k BETWEEN 6399033 AND 6399133explain: for range-notcovered :: explain SELECT k, c FROM sbtest%d WHERE k BETWEEN 4998269 AND 4998369
explain: for range-notcovered :: explain SELECT k, c FROM sbtest%d WHERE k BETWEEN 2768573 AND 2768673for range-notcovered
table 1 : explain SELECT k, c FROM sbtest1 WHERE k BETWEEN 3057141 AND 3057241
	Bitmap Heap Scan on sbtest1  (cost=5.51..421.43 rows=105 width=125)
	  Recheck Cond: ((k >= 3057141) AND (k <= 3057241))
	  ->  Bitmap Index Scan on k_1  (cost=0.00..5.48 rows=105 width=0)
	        Index Cond: ((k >= 3057141) AND (k <= 3057241))

table 2 : explain SELECT k, c FROM sbtest2 WHERE k BETWEEN 3057141 AND 3057241
	Bitmap Heap Scan on sbtest2  (cost=5.41..381.80 rows=95 width=125)
	  Recheck Cond: ((k >= 3057141) AND (k <= 3057241))
	  ->  Bitmap Index Scan on k_2  (cost=0.00..5.38 rows=95 width=0)
	        Index Cond: ((k >= 3057141) AND (k <= 3057241))

table 3 : explain SELECT k, c FROM sbtest3 WHERE k BETWEEN 3057141 AND 3057241
	Bitmap Heap Scan on sbtest3  (cost=5.50..417.28 rows=104 width=125)
	  Recheck Cond: ((k >= 3057141) AND (k <= 3057241))
	  ->  Bitmap Index Scan on k_3  (cost=0.00..5.47 rows=104 width=0)
	        Index Cond: ((k >= 3057141) AND (k <= 3057241))

table 4 : explain SELECT k, c FROM sbtest4 WHERE k BETWEEN 3057141 AND 3057241
	Bitmap Heap Scan on sbtest4  (cost=5.54..433.09 rows=108 width=125)
	  Recheck Cond: ((k >= 3057141) AND (k <= 3057241))
	  ->  Bitmap Index Scan on k_4  (cost=0.00..5.51 rows=108 width=0)
	        Index Cond: ((k >= 3057141) AND (k <= 3057241))

table 5 : explain SELECT k, c FROM sbtest5 WHERE k BETWEEN 3057141 AND 3057241
	Bitmap Heap Scan on sbtest5  (cost=5.54..433.14 rows=108 width=125)
	  Recheck Cond: ((k >= 3057141) AND (k <= 3057241))
	  ->  Bitmap Index Scan on k_5  (cost=0.00..5.51 rows=108 width=0)
	        Index Cond: ((k >= 3057141) AND (k <= 3057241))

table 6 : explain SELECT k, c FROM sbtest6 WHERE k BETWEEN 3057141 AND 3057241
	Bitmap Heap Scan on sbtest6  (cost=5.44..393.67 rows=98 width=125)
	  Recheck Cond: ((k >= 3057141) AND (k <= 3057241))
	  ->  Bitmap Index Scan on k_6  (cost=0.00..5.42 rows=98 width=0)
	        Index Cond: ((k >= 3057141) AND (k <= 3057241))

table 7 : explain SELECT k, c FROM sbtest7 WHERE k BETWEEN 3057141 AND 3057241
	Bitmap Heap Scan on sbtest7  (cost=5.57..444.95 rows=111 width=125)
	  Recheck Cond: ((k >= 3057141) AND (k <= 3057241))
	  ->  Bitmap Index Scan on k_7  (cost=0.00..5.54 rows=111 width=0)
	        Index Cond: ((k >= 3057141) AND (k <= 3057241))

table 8 : explain SELECT k, c FROM sbtest8 WHERE k BETWEEN 3057141 AND 3057241
	Bitmap Heap Scan on sbtest8  (cost=5.44..393.71 rows=98 width=125)
	  Recheck Cond: ((k >= 3057141) AND (k <= 3057241))
	  ->  Bitmap Index Scan on k_8  (cost=0.00..5.42 rows=98 width=0)
	        Index Cond: ((k >= 3057141) AND (k <= 3057241))

for range-notcovered
table 1 : explain SELECT k, c FROM sbtest1 WHERE k BETWEEN 5149272 AND 5149372
	Bitmap Heap Scan on sbtest1  (cost=5.57..445.09 rows=111 width=125)
	  Recheck Cond: ((k >= 5149272) AND (k <= 5149372))
	  ->  Bitmap Index Scan on k_1  (cost=0.00..5.54 rows=111 width=0)
	        Index Cond: ((k >= 5149272) AND (k <= 5149372))

table 2 : explain SELECT k, c FROM sbtest2 WHERE k BETWEEN 5149272 AND 5149372
	Bitmap Heap Scan on sbtest2  (cost=5.43..389.69 rows=97 width=125)
	  Recheck Cond: ((k >= 5149272) AND (k <= 5149372))
	  ->  Bitmap Index Scan on k_2  (cost=0.00..5.40 rows=97 width=0)
	        Index Cond: ((k >= 5149272) AND (k <= 5149372))

table 3 : explain SELECT k, c FROM sbtest3 WHERE k BETWEEN 5149272 AND 5149372
	Bitmap Heap Scan on sbtest3  (cost=5.39..373.90 rows=93 width=125)
	  Recheck Cond: ((k >= 5149272) AND (k <= 5149372))
	  ->  Bitmap Index Scan on k_3  (cost=0.00..5.36 rows=93 width=0)
	        Index Cond: ((k >= 5149272) AND (k <= 5149372))

table 4 : explain SELECT k, c FROM sbtest4 WHERE k BETWEEN 5149272 AND 5149372
	Bitmap Heap Scan on sbtest4  (cost=5.53..429.15 rows=107 width=125)
	  Recheck Cond: ((k >= 5149272) AND (k <= 5149372))
	  ->  Bitmap Index Scan on k_4  (cost=0.00..5.50 rows=107 width=0)
	        Index Cond: ((k >= 5149272) AND (k <= 5149372))

table 5 : explain SELECT k, c FROM sbtest5 WHERE k BETWEEN 5149272 AND 5149372
	Bitmap Heap Scan on sbtest5  (cost=5.44..393.71 rows=98 width=125)
	  Recheck Cond: ((k >= 5149272) AND (k <= 5149372))
	  ->  Bitmap Index Scan on k_5  (cost=0.00..5.42 rows=98 width=0)
	        Index Cond: ((k >= 5149272) AND (k <= 5149372))

table 6 : explain SELECT k, c FROM sbtest6 WHERE k BETWEEN 5149272 AND 5149372
	Bitmap Heap Scan on sbtest6  (cost=5.54..433.10 rows=108 width=125)
	  Recheck Cond: ((k >= 5149272) AND (k <= 5149372))
	  ->  Bitmap Index Scan on k_6  (cost=0.00..5.51 rows=108 width=0)
	        Index Cond: ((k >= 5149272) AND (k <= 5149372))

table 7 : explain SELECT k, c FROM sbtest7 WHERE k BETWEEN 5149272 AND 5149372
	Bitmap Heap Scan on sbtest7  (cost=5.64..472.52 rows=118 width=125)
	  Recheck Cond: ((k >= 5149272) AND (k <= 5149372))
	  ->  Bitmap Index Scan on k_7  (cost=0.00..5.61 rows=118 width=0)
	        Index Cond: ((k >= 5149272) AND (k <= 5149372))

table 8 : explain SELECT k, c FROM sbtest8 WHERE k BETWEEN 5149272 AND 5149372
	Bitmap Heap Scan on sbtest8  (cost=5.41..381.87 rows=95 width=125)
	  Recheck Cond: ((k >= 5149272) AND (k <= 5149372))
	  ->  Bitmap Index Scan on k_8  (cost=0.00..5.38 rows=95 width=0)
	        Index Cond: ((k >= 5149272) AND (k <= 5149372))


explain: for range-notcovered :: explain SELECT k, c FROM sbtest%d WHERE k BETWEEN 4305027 AND 4305127
explain: for range-notcovered :: explain SELECT k, c FROM sbtest%d WHERE k BETWEEN 4481903 AND 4482003
for range-notcovered
table 1 : explain SELECT k, c FROM sbtest1 WHERE k BETWEEN 8893029 AND 8893129
	Bitmap Heap Scan on sbtest1  (cost=5.50..417.49 rows=104 width=125)
	  Recheck Cond: ((k >= 8893029) AND (k <= 8893129))
	  ->  Bitmap Index Scan on k_1  (cost=0.00..5.47 rows=104 width=0)
	        Index Cond: ((k >= 8893029) AND (k <= 8893129))

table 2 : explain SELECT k, c FROM sbtest2 WHERE k BETWEEN 8893029 AND 8893129
	Bitmap Heap Scan on sbtest2  (cost=5.46..401.52 rows=100 width=125)
	  Recheck Cond: ((k >= 8893029) AND (k <= 8893129))
	  ->  Bitmap Index Scan on k_2  (cost=0.00..5.43 rows=100 width=0)
	        Index Cond: ((k >= 8893029) AND (k <= 8893129))

table 3 : explain SELECT k, c FROM sbtest3 WHERE k BETWEEN 8893029 AND 8893129
	Bitmap Heap Scan on sbtest3  (cost=5.51..421.22 rows=105 width=125)
	  Recheck Cond: ((k >= 8893029) AND (k <= 8893129))
	  ->  Bitmap Index Scan on k_3  (cost=0.00..5.48 rows=105 width=0)
	        Index Cond: ((k >= 8893029) AND (k <= 8893129))

table 4 : explain SELECT k, c FROM sbtest4 WHERE k BETWEEN 8893029 AND 8893129
	Bitmap Heap Scan on sbtest4  (cost=5.42..385.77 rows=96 width=125)
	  Recheck Cond: ((k >= 8893029) AND (k <= 8893129))
	  ->  Bitmap Index Scan on k_4  (cost=0.00..5.39 rows=96 width=0)
	        Index Cond: ((k >= 8893029) AND (k <= 8893129))

table 5 : explain SELECT k, c FROM sbtest5 WHERE k BETWEEN 8893029 AND 8893129
	Bitmap Heap Scan on sbtest5  (cost=5.43..389.76 rows=97 width=125)
	  Recheck Cond: ((k >= 8893029) AND (k <= 8893129))
	  ->  Bitmap Index Scan on k_5  (cost=0.00..5.40 rows=97 width=0)
	        Index Cond: ((k >= 8893029) AND (k <= 8893129))

table 6 : explain SELECT k, c FROM sbtest6 WHERE k BETWEEN 8893029 AND 8893129
	Bitmap Heap Scan on sbtest6  (cost=5.47..405.50 rows=101 width=125)
	  Recheck Cond: ((k >= 8893029) AND (k <= 8893129))
	  ->  Bitmap Index Scan on k_6  (cost=0.00..5.44 rows=101 width=0)
	        Index Cond: ((k >= 8893029) AND (k <= 8893129))

table 7 : explain SELECT k, c FROM sbtest7 WHERE k BETWEEN 8893029 AND 8893129
	Bitmap Heap Scan on sbtest7  (cost=5.51..421.30 rows=105 width=125)
	  Recheck Cond: ((k >= 8893029) AND (k <= 8893129))
	  ->  Bitmap Index Scan on k_7  (cost=0.00..5.48 rows=105 width=0)
	        Index Cond: ((k >= 8893029) AND (k <= 8893129))

table 8 : explain SELECT k, c FROM sbtest8 WHERE k BETWEEN 8893029 AND 8893129
	Bitmap Heap Scan on sbtest8  (cost=5.52..425.26 rows=106 width=125)
	  Recheck Cond: ((k >= 8893029) AND (k <= 8893129))
	  ->  Bitmap Index Scan on k_8  (cost=0.00..5.50 rows=106 width=0)
	        Index Cond: ((k >= 8893029) AND (k <= 8893129))

for range-notcovered
table 1 : explain SELECT k, c FROM sbtest1 WHERE k BETWEEN 4856690 AND 4856790
	Bitmap Heap Scan on sbtest1  (cost=5.49..413.54 rows=103 width=125)
	  Recheck Cond: ((k >= 4856690) AND (k <= 4856790))
	  ->  Bitmap Index Scan on k_1  (cost=0.00..5.46 rows=103 width=0)
	        Index Cond: ((k >= 4856690) AND (k <= 4856790))

table 2 : explain SELECT k, c FROM sbtest2 WHERE k BETWEEN 4856690 AND 4856790
	Bitmap Heap Scan on sbtest2  (cost=5.54..433.06 rows=108 width=125)
	  Recheck Cond: ((k >= 4856690) AND (k <= 4856790))
	  ->  Bitmap Index Scan on k_2  (cost=0.00..5.51 rows=108 width=0)
	        Index Cond: ((k >= 4856690) AND (k <= 4856790))

table 3 : explain SELECT k, c FROM sbtest3 WHERE k BETWEEN 4856690 AND 4856790
	Bitmap Heap Scan on sbtest3  (cost=5.50..417.28 rows=104 width=125)
	  Recheck Cond: ((k >= 4856690) AND (k <= 4856790))
	  ->  Bitmap Index Scan on k_3  (cost=0.00..5.47 rows=104 width=0)
	        Index Cond: ((k >= 4856690) AND (k <= 4856790))

table 4 : explain SELECT k, c FROM sbtest4 WHERE k BETWEEN 4856690 AND 4856790
	Bitmap Heap Scan on sbtest4  (cost=5.51..421.27 rows=105 width=125)
	  Recheck Cond: ((k >= 4856690) AND (k <= 4856790))
	  ->  Bitmap Index Scan on k_4  (cost=0.00..5.48 rows=105 width=0)
	        Index Cond: ((k >= 4856690) AND (k <= 4856790))

table 5 : explain SELECT k, c FROM sbtest5 WHERE k BETWEEN 4856690 AND 4856790
	Bitmap Heap Scan on sbtest5  (cost=5.45..397.65 rows=99 width=125)
	  Recheck Cond: ((k >= 4856690) AND (k <= 4856790))
	  ->  Bitmap Index Scan on k_5  (cost=0.00..5.42 rows=99 width=0)
	        Index Cond: ((k >= 4856690) AND (k <= 4856790))

table 6 : explain SELECT k, c FROM sbtest6 WHERE k BETWEEN 4856690 AND 4856790
	Bitmap Heap Scan on sbtest6  (cost=5.40..377.88 rows=94 width=125)
	  Recheck Cond: ((k >= 4856690) AND (k <= 4856790))
	  ->  Bitmap Index Scan on k_6  (cost=0.00..5.38 rows=94 width=0)
	        Index Cond: ((k >= 4856690) AND (k <= 4856790))

table 7 : explain SELECT k, c FROM sbtest7 WHERE k BETWEEN 4856690 AND 4856790
	Bitmap Heap Scan on sbtest7  (cost=5.57..444.95 rows=111 width=125)
	  Recheck Cond: ((k >= 4856690) AND (k <= 4856790))
	  ->  Bitmap Index Scan on k_7  (cost=0.00..5.54 rows=111 width=0)
	        Index Cond: ((k >= 4856690) AND (k <= 4856790))

table 8 : explain SELECT k, c FROM sbtest8 WHERE k BETWEEN 4856690 AND 4856790
	Bitmap Heap Scan on sbtest8  (cost=5.69..488.29 rows=122 width=125)
	  Recheck Cond: ((k >= 4856690) AND (k <= 4856790))
	  ->  Bitmap Index Scan on k_8  (cost=0.00..5.65 rows=122 width=0)
	        Index Cond: ((k >= 4856690) AND (k <= 4856790))

for range-notcovered
table 1 : explain SELECT k, c FROM sbtest1 WHERE k BETWEEN 443834 AND 443934
	Bitmap Heap Scan on sbtest1  (cost=5.50..417.49 rows=104 width=125)
	  Recheck Cond: ((k >= 443834) AND (k <= 443934))
	  ->  Bitmap Index Scan on k_1  (cost=0.00..5.47 rows=104 width=0)
	        Index Cond: ((k >= 443834) AND (k <= 443934))

table 2 : explain SELECT k, c FROM sbtest2 WHERE k BETWEEN 443834 AND 443934
	Bitmap Heap Scan on sbtest2  (cost=5.60..456.69 rows=114 width=125)
	  Recheck Cond: ((k >= 443834) AND (k <= 443934))
	  ->  Bitmap Index Scan on k_2  (cost=0.00..5.58 rows=114 width=0)
	        Index Cond: ((k >= 443834) AND (k <= 443934))

table 3 : explain SELECT k, c FROM sbtest3 WHERE k BETWEEN 443834 AND 443934
	Bitmap Heap Scan on sbtest3  (cost=5.38..369.95 rows=92 width=125)
	  Recheck Cond: ((k >= 443834) AND (k <= 443934))
	  ->  Bitmap Index Scan on k_3  (cost=0.00..5.35 rows=92 width=0)
	        Index Cond: ((k >= 443834) AND (k <= 443934))

table 4 : explain SELECT k, c FROM sbtest4 WHERE k BETWEEN 443834 AND 443934
	Bitmap Heap Scan on sbtest4  (cost=5.46..401.55 rows=100 width=125)
	  Recheck Cond: ((k >= 443834) AND (k <= 443934))
	  ->  Bitmap Index Scan on k_4  (cost=0.00..5.43 rows=100 width=0)
	        Index Cond: ((k >= 443834) AND (k <= 443934))

table 5 : explain SELECT k, c FROM sbtest5 WHERE k BETWEEN 443834 AND 443934
	Bitmap Heap Scan on sbtest5  (cost=5.51..421.32 rows=105 width=125)
	  Recheck Cond: ((k >= 443834) AND (k <= 443934))
	  ->  Bitmap Index Scan on k_5  (cost=0.00..5.48 rows=105 width=0)
	        Index Cond: ((k >= 443834) AND (k <= 443934))

table 6 : explain SELECT k, c FROM sbtest6 WHERE k BETWEEN 443834 AND 443934
	Bitmap Heap Scan on sbtest6  (cost=5.64..472.49 rows=118 width=125)
	  Recheck Cond: ((k >= 443834) AND (k <= 443934))
	  ->  Bitmap Index Scan on k_6  (cost=0.00..5.61 rows=118 width=0)
	        Index Cond: ((k >= 443834) AND (k <= 443934))

table 7 : explain SELECT k, c FROM sbtest7 WHERE k BETWEEN 443834 AND 443934
	Bitmap Heap Scan on sbtest7  (cost=5.47..405.53 rows=101 width=125)
	  Recheck Cond: ((k >= 443834) AND (k <= 443934))
	  ->  Bitmap Index Scan on k_7  (cost=0.00..5.44 rows=101 width=0)
	        Index Cond: ((k >= 443834) AND (k <= 443934))

table 8 : explain SELECT k, c FROM sbtest8 WHERE k BETWEEN 443834 AND 443934
	Bitmap Heap Scan on sbtest8  (cost=5.55..437.09 rows=109 width=125)
	  Recheck Cond: ((k >= 443834) AND (k <= 443934))
	  ->  Bitmap Index Scan on k_8  (cost=0.00..5.52 rows=109 width=0)
	        Index Cond: ((k >= 443834) AND (k <= 443934))
for range-notcovered
table 1 : explain SELECT k, c FROM sbtest1 WHERE k BETWEEN 6238724 AND 6238824
	Bitmap Heap Scan on sbtest1  (cost=5.46..401.71 rows=100 width=125)
	  Recheck Cond: ((k >= 6238724) AND (k <= 6238824))
	  ->  Bitmap Index Scan on k_1  (cost=0.00..5.43 rows=100 width=0)
	        Index Cond: ((k >= 6238724) AND (k <= 6238824))

table 2 : explain SELECT k, c FROM sbtest2 WHERE k BETWEEN 6238724 AND 6238824
	Bitmap Heap Scan on sbtest2  (cost=5.47..405.46 rows=101 width=125)
	  Recheck Cond: ((k >= 6238724) AND (k <= 6238824))
	  ->  Bitmap Index Scan on k_2  (cost=0.00..5.44 rows=101 width=0)
	        Index Cond: ((k >= 6238724) AND (k <= 6238824))

table 3 : explain SELECT k, c FROM sbtest3 WHERE k BETWEEN 6238724 AND 6238824
	Bitmap Heap Scan on sbtest3  (cost=5.52..425.16 rows=106 width=125)
	  Recheck Cond: ((k >= 6238724) AND (k <= 6238824))
	  ->  Bitmap Index Scan on k_3  (cost=0.00..5.50 rows=106 width=0)
	        Index Cond: ((k >= 6238724) AND (k <= 6238824))

table 4 : explain SELECT k, c FROM sbtest4 WHERE k BETWEEN 6238724 AND 6238824
	Bitmap Heap Scan on sbtest4  (cost=5.57..444.92 rows=111 width=125)
	  Recheck Cond: ((k >= 6238724) AND (k <= 6238824))
	  ->  Bitmap Index Scan on k_4  (cost=0.00..5.54 rows=111 width=0)
	        Index Cond: ((k >= 6238724) AND (k <= 6238824))

table 5 : explain SELECT k, c FROM sbtest5 WHERE k BETWEEN 6238724 AND 6238824
	Bitmap Heap Scan on sbtest5  (cost=5.44..393.71 rows=98 width=125)
	  Recheck Cond: ((k >= 6238724) AND (k <= 6238824))
	  ->  Bitmap Index Scan on k_5  (cost=0.00..5.42 rows=98 width=0)
	        Index Cond: ((k >= 6238724) AND (k <= 6238824))

table 6 : explain SELECT k, c FROM sbtest6 WHERE k BETWEEN 6238724 AND 6238824
	Bitmap Heap Scan on sbtest6  (cost=5.39..373.94 rows=93 width=125)
	  Recheck Cond: ((k >= 6238724) AND (k <= 6238824))
	  ->  Bitmap Index Scan on k_6  (cost=0.00..5.36 rows=93 width=0)
	        Index Cond: ((k >= 6238724) AND (k <= 6238824))

table 7 : explain SELECT k, c FROM sbtest7 WHERE k BETWEEN 6238724 AND 6238824
	Bitmap Heap Scan on sbtest7  (cost=5.53..429.19 rows=107 width=125)
	  Recheck Cond: ((k >= 6238724) AND (k <= 6238824))
	  ->  Bitmap Index Scan on k_7  (cost=0.00..5.50 rows=107 width=0)
	        Index Cond: ((k >= 6238724) AND (k <= 6238824))

table 8 : explain SELECT k, c FROM sbtest8 WHERE k BETWEEN 6238724 AND 6238824
	Bitmap Heap Scan on sbtest8  (cost=5.41..381.87 rows=95 width=125)
	  Recheck Cond: ((k >= 6238724) AND (k <= 6238824))
	  ->  Bitmap Index Scan on k_8  (cost=0.00..5.38 rows=95 width=0)
	        Index Cond: ((k >= 6238724) AND (k <= 6238824))


explain: for range-notcovered :: explain SELECT k, c FROM sbtest%d WHERE k BETWEEN 8893029 AND 8893129
for range-notcovered
table 1 : explain SELECT k, c FROM sbtest1 WHERE k BETWEEN 4644618 AND 4644718
	Bitmap Heap Scan on sbtest1  (cost=5.52..425.38 rows=106 width=125)
	  Recheck Cond: ((k >= 4644618) AND (k <= 4644718))
	  ->  Bitmap Index Scan on k_1  (cost=0.00..5.50 rows=106 width=0)
	        Index Cond: ((k >= 4644618) AND (k <= 4644718))

table 2 : explain SELECT k, c FROM sbtest2 WHERE k BETWEEN 4644618 AND 4644718
	Bitmap Heap Scan on sbtest2  (cost=5.56..440.94 rows=110 width=125)
	  Recheck Cond: ((k >= 4644618) AND (k <= 4644718))
	  ->  Bitmap Index Scan on k_2  (cost=0.00..5.53 rows=110 width=0)
	        Index Cond: ((k >= 4644618) AND (k <= 4644718))

table 3 : explain SELECT k, c FROM sbtest3 WHERE k BETWEEN 4644618 AND 4644718
	Bitmap Heap Scan on sbtest3  (cost=5.43..389.68 rows=97 width=125)
	  Recheck Cond: ((k >= 4644618) AND (k <= 4644718))
	  ->  Bitmap Index Scan on k_3  (cost=0.00..5.40 rows=97 width=0)
	        Index Cond: ((k >= 4644618) AND (k <= 4644718))

table 4 : explain SELECT k, c FROM sbtest4 WHERE k BETWEEN 4644618 AND 4644718
	Bitmap Heap Scan on sbtest4  (cost=5.52..425.21 rows=106 width=125)
	  Recheck Cond: ((k >= 4644618) AND (k <= 4644718))
	  ->  Bitmap Index Scan on k_4  (cost=0.00..5.50 rows=106 width=0)
	        Index Cond: ((k >= 4644618) AND (k <= 4644718))

table 5 : explain SELECT k, c FROM sbtest5 WHERE k BETWEEN 4644618 AND 4644718
	Bitmap Heap Scan on sbtest5  (cost=5.56..441.03 rows=110 width=125)
	  Recheck Cond: ((k >= 4644618) AND (k <= 4644718))
	  ->  Bitmap Index Scan on k_5  (cost=0.00..5.53 rows=110 width=0)
	        Index Cond: ((k >= 4644618) AND (k <= 4644718))

table 6 : explain SELECT k, c FROM sbtest6 WHERE k BETWEEN 4644618 AND 4644718
	Bitmap Heap Scan on sbtest6  (cost=5.55..437.04 rows=109 width=125)
	  Recheck Cond: ((k >= 4644618) AND (k <= 4644718))
	  ->  Bitmap Index Scan on k_6  (cost=0.00..5.52 rows=109 width=0)
	        Index Cond: ((k >= 4644618) AND (k <= 4644718))

table 7 : explain SELECT k, c FROM sbtest7 WHERE k BETWEEN 4644618 AND 4644718
	Bitmap Heap Scan on sbtest7  (cost=5.49..413.42 rows=103 width=125)
	  Recheck Cond: ((k >= 4644618) AND (k <= 4644718))
	  ->  Bitmap Index Scan on k_7  (cost=0.00..5.46 rows=103 width=0)
	        Index Cond: ((k >= 4644618) AND (k <= 4644718))

table 8 : explain SELECT k, c FROM sbtest8 WHERE k BETWEEN 4644618 AND 4644718
	Bitmap Heap Scan on sbtest8  (cost=5.56..441.03 rows=110 width=125)
	  Recheck Cond: ((k >= 4644618) AND (k <= 4644718))
	  ->  Bitmap Index Scan on k_8  (cost=0.00..5.53 rows=110 width=0)
	        Index Cond: ((k >= 4644618) AND (k <= 4644718))
explain: for range-notcovered :: explain SELECT k, c FROM sbtest%d WHERE k BETWEEN 4856690 AND 4856790for range-notcovered
table 1 : explain SELECT k, c FROM sbtest1 WHERE k BETWEEN 5001658 AND 5001758
	Bitmap Heap Scan on sbtest1  (cost=5.50..417.49 rows=104 width=125)
	  Recheck Cond: ((k >= 5001658) AND (k <= 5001758))
	  ->  Bitmap Index Scan on k_1  (cost=0.00..5.47 rows=104 width=0)
	        Index Cond: ((k >= 5001658) AND (k <= 5001758))

table 2 : explain SELECT k, c FROM sbtest2 WHERE k BETWEEN 5001658 AND 5001758
	Bitmap Heap Scan on sbtest2  (cost=5.38..369.96 rows=92 width=125)
	  Recheck Cond: ((k >= 5001658) AND (k <= 5001758))
	  ->  Bitmap Index Scan on k_2  (cost=0.00..5.35 rows=92 width=0)
	        Index Cond: ((k >= 5001658) AND (k <= 5001758))

table 3 : explain SELECT k, c FROM sbtest3 WHERE k BETWEEN 5001658 AND 5001758
	Bitmap Heap Scan on sbtest3  (cost=5.35..358.11 rows=89 width=125)
	  Recheck Cond: ((k >= 5001658) AND (k <= 5001758))
	  ->  Bitmap Index Scan on k_3  (cost=0.00..5.32 rows=89 width=0)
	        Index Cond: ((k >= 5001658) AND (k <= 5001758))

table 4 : explain SELECT k, c FROM sbtest4 WHERE k BETWEEN 5001658 AND 5001758
	Bitmap Heap Scan on sbtest4  (cost=5.48..409.44 rows=102 width=125)
	  Recheck Cond: ((k >= 5001658) AND (k <= 5001758))
	  ->  Bitmap Index Scan on k_4  (cost=0.00..5.45 rows=102 width=0)
	        Index Cond: ((k >= 5001658) AND (k <= 5001758))

table 5 : explain SELECT k, c FROM sbtest5 WHERE k BETWEEN 5001658 AND 5001758
	Bitmap Heap Scan on sbtest5  (cost=5.51..421.32 rows=105 width=125)
	  Recheck Cond: ((k >= 5001658) AND (k <= 5001758))
	  ->  Bitmap Index Scan on k_5  (cost=0.00..5.48 rows=105 width=0)
	        Index Cond: ((k >= 5001658) AND (k <= 5001758))

table 6 : explain SELECT k, c FROM sbtest6 WHERE k BETWEEN 5001658 AND 5001758
	Bitmap Heap Scan on sbtest6  (cost=5.50..417.33 rows=104 width=125)
	  Recheck Cond: ((k >= 5001658) AND (k <= 5001758))
	  ->  Bitmap Index Scan on k_6  (cost=0.00..5.47 rows=104 width=0)
	        Index Cond: ((k >= 5001658) AND (k <= 5001758))

table 7 : explain SELECT k, c FROM sbtest7 WHERE k BETWEEN 5001658 AND 5001758
	Bitmap Heap Scan on sbtest7  (cost=5.54..433.13 rows=108 width=125)
	  Recheck Cond: ((k >= 5001658) AND (k <= 5001758))
	  ->  Bitmap Index Scan on k_7  (cost=0.00..5.51 rows=108 width=0)
	        Index Cond: ((k >= 5001658) AND (k <= 5001758))

table 8 : explain SELECT k, c FROM sbtest8 WHERE k BETWEEN 5001658 AND 5001758
	Bitmap Heap Scan on sbtest8  (cost=5.52..425.26 rows=106 width=125)
	  Recheck Cond: ((k >= 5001658) AND (k <= 5001758))
	  ->  Bitmap Index Scan on k_8  (cost=0.00..5.50 rows=106 width=0)
	        Index Cond: ((k >= 5001658) AND (k <= 5001758))

for range-notcovered
table 1 : explain SELECT k, c FROM sbtest1 WHERE k BETWEEN 991256 AND 991356
	Bitmap Heap Scan on sbtest1  (cost=5.44..393.81 rows=98 width=125)
	  Recheck Cond: ((k >= 991256) AND (k <= 991356))
	  ->  Bitmap Index Scan on k_1  (cost=0.00..5.42 rows=98 width=0)
	        Index Cond: ((k >= 991256) AND (k <= 991356))

table 2 : explain SELECT k, c FROM sbtest2 WHERE k BETWEEN 991256 AND 991356
	Bitmap Heap Scan on sbtest2  (cost=5.48..409.41 rows=102 width=125)
	  Recheck Cond: ((k >= 991256) AND (k <= 991356))
	  ->  Bitmap Index Scan on k_2  (cost=0.00..5.45 rows=102 width=0)
	        Index Cond: ((k >= 991256) AND (k <= 991356))

table 3 : explain SELECT k, c FROM sbtest3 WHERE k BETWEEN 991256 AND 991356
	Bitmap Heap Scan on sbtest3  (cost=5.39..373.90 rows=93 width=125)
	  Recheck Cond: ((k >= 991256) AND (k <= 991356))
	  ->  Bitmap Index Scan on k_3  (cost=0.00..5.36 rows=93 width=0)
	        Index Cond: ((k >= 991256) AND (k <= 991356))

table 4 : explain SELECT k, c FROM sbtest4 WHERE k BETWEEN 991256 AND 991356
	Bitmap Heap Scan on sbtest4  (cost=5.52..425.21 rows=106 width=125)
	  Recheck Cond: ((k >= 991256) AND (k <= 991356))
	  ->  Bitmap Index Scan on k_4  (cost=0.00..5.50 rows=106 width=0)
	        Index Cond: ((k >= 991256) AND (k <= 991356))

table 5 : explain SELECT k, c FROM sbtest5 WHERE k BETWEEN 991256 AND 991356
	Bitmap Heap Scan on sbtest5  (cost=5.47..405.54 rows=101 width=125)
	  Recheck Cond: ((k >= 991256) AND (k <= 991356))
	  ->  Bitmap Index Scan on k_5  (cost=0.00..5.44 rows=101 width=0)
	        Index Cond: ((k >= 991256) AND (k <= 991356))

table 6 : explain SELECT k, c FROM sbtest6 WHERE k BETWEEN 991256 AND 991356
	Bitmap Heap Scan on sbtest6  (cost=5.39..373.94 rows=93 width=125)
	  Recheck Cond: ((k >= 991256) AND (k <= 991356))
	  ->  Bitmap Index Scan on k_6  (cost=0.00..5.36 rows=93 width=0)
	        Index Cond: ((k >= 991256) AND (k <= 991356))

table 7 : explain SELECT k, c FROM sbtest7 WHERE k BETWEEN 991256 AND 991356
	Bitmap Heap Scan on sbtest7  (cost=5.39..373.96 rows=93 width=125)
	  Recheck Cond: ((k >= 991256) AND (k <= 991356))
	  ->  Bitmap Index Scan on k_7  (cost=0.00..5.36 rows=93 width=0)
	        Index Cond: ((k >= 991256) AND (k <= 991356))

table 8 : explain SELECT k, c FROM sbtest8 WHERE k BETWEEN 991256 AND 991356
	Bitmap Heap Scan on sbtest8  (cost=5.52..425.26 rows=106 width=125)
	  Recheck Cond: ((k >= 991256) AND (k <= 991356))
	  ->  Bitmap Index Scan on k_8  (cost=0.00..5.50 rows=106 width=0)
	        Index Cond: ((k >= 991256) AND (k <= 991356))
for range-notcovered
table 1 : explain SELECT k, c FROM sbtest1 WHERE k BETWEEN 5984951 AND 5985051
	Bitmap Heap Scan on sbtest1  (cost=5.50..417.49 rows=104 width=125)
	  Recheck Cond: ((k >= 5984951) AND (k <= 5985051))
	  ->  Bitmap Index Scan on k_1  (cost=0.00..5.47 rows=104 width=0)
	        Index Cond: ((k >= 5984951) AND (k <= 5985051))

table 2 : explain SELECT k, c FROM sbtest2 WHERE k BETWEEN 5984951 AND 5985051
	Bitmap Heap Scan on sbtest2  (cost=5.50..417.29 rows=104 width=125)
	  Recheck Cond: ((k >= 5984951) AND (k <= 5985051))
	  ->  Bitmap Index Scan on k_2  (cost=0.00..5.47 rows=104 width=0)
	        Index Cond: ((k >= 5984951) AND (k <= 5985051))

table 3 : explain SELECT k, c FROM sbtest3 WHERE k BETWEEN 5984951 AND 5985051
	Bitmap Heap Scan on sbtest3  (cost=5.50..417.28 rows=104 width=125)
	  Recheck Cond: ((k >= 5984951) AND (k <= 5985051))
	  ->  Bitmap Index Scan on k_3  (cost=0.00..5.47 rows=104 width=0)
	        Index Cond: ((k >= 5984951) AND (k <= 5985051))

table 4 : explain SELECT k, c FROM sbtest4 WHERE k BETWEEN 5984951 AND 5985051
	Bitmap Heap Scan on sbtest4  (cost=5.43..389.72 rows=97 width=125)
	  Recheck Cond: ((k >= 5984951) AND (k <= 5985051))
	  ->  Bitmap Index Scan on k_4  (cost=0.00..5.40 rows=97 width=0)
	        Index Cond: ((k >= 5984951) AND (k <= 5985051))

table 5 : explain SELECT k, c FROM sbtest5 WHERE k BETWEEN 5984951 AND 5985051
	Bitmap Heap Scan on sbtest5  (cost=5.51..421.32 rows=105 width=125)
	  Recheck Cond: ((k >= 5984951) AND (k <= 5985051))
	  ->  Bitmap Index Scan on k_5  (cost=0.00..5.48 rows=105 width=0)
	        Index Cond: ((k >= 5984951) AND (k <= 5985051))

table 6 : explain SELECT k, c FROM sbtest6 WHERE k BETWEEN 5984951 AND 5985051
	Bitmap Heap Scan on sbtest6  (cost=5.43..389.72 rows=97 width=125)
	  Recheck Cond: ((k >= 5984951) AND (k <= 5985051))
	  ->  Bitmap Index Scan on k_6  (cost=0.00..5.40 rows=97 width=0)
	        Index Cond: ((k >= 5984951) AND (k <= 5985051))

table 7 : explain SELECT k, c FROM sbtest7 WHERE k BETWEEN 5984951 AND 5985051
	Bitmap Heap Scan on sbtest7  (cost=5.53..429.19 rows=107 width=125)
	  Recheck Cond: ((k >= 5984951) AND (k <= 5985051))
	  ->  Bitmap Index Scan on k_7  (cost=0.00..5.50 rows=107 width=0)
	        Index Cond: ((k >= 5984951) AND (k <= 5985051))

table 8 : explain SELECT k, c FROM sbtest8 WHERE k BETWEEN 5984951 AND 5985051
	Bitmap Heap Scan on sbtest8  (cost=5.49..413.43 rows=103 width=125)
	  Recheck Cond: ((k >= 5984951) AND (k <= 5985051))
	  ->  Bitmap Index Scan on k_8  (cost=0.00..5.46 rows=103 width=0)
	        Index Cond: ((k >= 5984951) AND (k <= 5985051))

for range-notcovered
table 1 : explain SELECT k, c FROM sbtest1 WHERE k BETWEEN 8314358 AND 8314458
	Bitmap Heap Scan on sbtest1  (cost=5.46..401.71 rows=100 width=125)
	  Recheck Cond: ((k >= 8314358) AND (k <= 8314458))
	  ->  Bitmap Index Scan on k_1  (cost=0.00..5.43 rows=100 width=0)
	        Index Cond: ((k >= 8314358) AND (k <= 8314458))

table 2 : explain SELECT k, c FROM sbtest2 WHERE k BETWEEN 8314358 AND 8314458
	Bitmap Heap Scan on sbtest2  (cost=5.47..405.46 rows=101 width=125)
	  Recheck Cond: ((k >= 8314358) AND (k <= 8314458))
	  ->  Bitmap Index Scan on k_2  (cost=0.00..5.44 rows=101 width=0)
	        Index Cond: ((k >= 8314358) AND (k <= 8314458))

table 3 : explain SELECT k, c FROM sbtest3 WHERE k BETWEEN 8314358 AND 8314458
	Bitmap Heap Scan on sbtest3  (cost=5.49..413.34 rows=103 width=125)
	  Recheck Cond: ((k >= 8314358) AND (k <= 8314458))
	  ->  Bitmap Index Scan on k_3  (cost=0.00..5.46 rows=103 width=0)
	        Index Cond: ((k >= 8314358) AND (k <= 8314458))

table 4 : explain SELECT k, c FROM sbtest4 WHERE k BETWEEN 8314358 AND 8314458
	Bitmap Heap Scan on sbtest4  (cost=5.55..437.04 rows=109 width=125)
	  Recheck Cond: ((k >= 8314358) AND (k <= 8314458))
	  ->  Bitmap Index Scan on k_4  (cost=0.00..5.52 rows=109 width=0)
	        Index Cond: ((k >= 8314358) AND (k <= 8314458))

table 5 : explain SELECT k, c FROM sbtest5 WHERE k BETWEEN 8314358 AND 8314458
	Bitmap Heap Scan on sbtest5  (cost=5.50..417.37 rows=104 width=125)
	  Recheck Cond: ((k >= 8314358) AND (k <= 8314458))
	  ->  Bitmap Index Scan on k_5  (cost=0.00..5.47 rows=104 width=0)
	        Index Cond: ((k >= 8314358) AND (k <= 8314458))

table 6 : explain SELECT k, c FROM sbtest6 WHERE k BETWEEN 8314358 AND 8314458
	Bitmap Heap Scan on sbtest6  (cost=5.46..401.56 rows=100 width=125)
	  Recheck Cond: ((k >= 8314358) AND (k <= 8314458))
	  ->  Bitmap Index Scan on k_6  (cost=0.00..5.43 rows=100 width=0)
	        Index Cond: ((k >= 8314358) AND (k <= 8314458))

table 7 : explain SELECT k, c FROM sbtest7 WHERE k BETWEEN 8314358 AND 8314458
	Bitmap Heap Scan on sbtest7  (cost=5.46..401.58 rows=100 width=125)
	  Recheck Cond: ((k >= 8314358) AND (k <= 8314458))
	  ->  Bitmap Index Scan on k_7  (cost=0.00..5.43 rows=100 width=0)
	        Index Cond: ((k >= 8314358) AND (k <= 8314458))

table 8 : explain SELECT k, c FROM sbtest8 WHERE k BETWEEN 8314358 AND 8314458
	Bitmap Heap Scan on sbtest8  (cost=5.40..377.92 rows=94 width=125)
	  Recheck Cond: ((k >= 8314358) AND (k <= 8314458))
	  ->  Bitmap Index Scan on k_8  (cost=0.00..5.38 rows=94 width=0)
	        Index Cond: ((k >= 8314358) AND (k <= 8314458))

for range-notcovered
table 1 : explain SELECT k, c FROM sbtest1 WHERE k BETWEEN 2389879 AND 2389979
	Bitmap Heap Scan on sbtest1  (cost=5.45..397.76 rows=99 width=125)
	  Recheck Cond: ((k >= 2389879) AND (k <= 2389979))
	  ->  Bitmap Index Scan on k_1  (cost=0.00..5.42 rows=99 width=0)
	        Index Cond: ((k >= 2389879) AND (k <= 2389979))

table 2 : explain SELECT k, c FROM sbtest2 WHERE k BETWEEN 2389879 AND 2389979
	Bitmap Heap Scan on sbtest2  (cost=5.44..393.63 rows=98 width=125)
	  Recheck Cond: ((k >= 2389879) AND (k <= 2389979))
	  ->  Bitmap Index Scan on k_2  (cost=0.00..5.42 rows=98 width=0)
	        Index Cond: ((k >= 2389879) AND (k <= 2389979))

table 3 : explain SELECT k, c FROM sbtest3 WHERE k BETWEEN 2389879 AND 2389979
	Bitmap Heap Scan on sbtest3  (cost=5.51..421.22 rows=105 width=125)
	  Recheck Cond: ((k >= 2389879) AND (k <= 2389979))
	  ->  Bitmap Index Scan on k_3  (cost=0.00..5.48 rows=105 width=0)
	        Index Cond: ((k >= 2389879) AND (k <= 2389979))

table 4 : explain SELECT k, c FROM sbtest4 WHERE k BETWEEN 2389879 AND 2389979
	Bitmap Heap Scan on sbtest4  (cost=5.44..393.67 rows=98 width=125)
	  Recheck Cond: ((k >= 2389879) AND (k <= 2389979))
	  ->  Bitmap Index Scan on k_4  (cost=0.00..5.42 rows=98 width=0)
	        Index Cond: ((k >= 2389879) AND (k <= 2389979))

table 5 : explain SELECT k, c FROM sbtest5 WHERE k BETWEEN 2389879 AND 2389979
	Bitmap Heap Scan on sbtest5  (cost=5.52..425.26 rows=106 width=125)
	  Recheck Cond: ((k >= 2389879) AND (k <= 2389979))
	  ->  Bitmap Index Scan on k_5  (cost=0.00..5.50 rows=106 width=0)
	        Index Cond: ((k >= 2389879) AND (k <= 2389979))

table 6 : explain SELECT k, c FROM sbtest6 WHERE k BETWEEN 2389879 AND 2389979
	Bitmap Heap Scan on sbtest6  (cost=5.46..401.56 rows=100 width=125)
	  Recheck Cond: ((k >= 2389879) AND (k <= 2389979))
	  ->  Bitmap Index Scan on k_6  (cost=0.00..5.43 rows=100 width=0)
	        Index Cond: ((k >= 2389879) AND (k <= 2389979))

table 7 : explain SELECT k, c FROM sbtest7 WHERE k BETWEEN 2389879 AND 2389979
	Bitmap Heap Scan on sbtest7  (cost=5.44..393.69 rows=98 width=125)
	  Recheck Cond: ((k >= 2389879) AND (k <= 2389979))
	  ->  Bitmap Index Scan on k_7  (cost=0.00..5.42 rows=98 width=0)
	        Index Cond: ((k >= 2389879) AND (k <= 2389979))

table 8 : explain SELECT k, c FROM sbtest8 WHERE k BETWEEN 2389879 AND 2389979
	Bitmap Heap Scan on sbtest8  (cost=5.49..413.43 rows=103 width=125)
	  Recheck Cond: ((k >= 2389879) AND (k <= 2389979))
	  ->  Bitmap Index Scan on k_8  (cost=0.00..5.46 rows=103 width=0)
	        Index Cond: ((k >= 2389879) AND (k <= 2389979))
explain: for range-notcovered :: explain SELECT k, c FROM sbtest%d WHERE k BETWEEN 5001658 AND 5001758
for range-notcovered
table 1 : explain SELECT k, c FROM sbtest1 WHERE k BETWEEN 5460229 AND 5460329
	Bitmap Heap Scan on sbtest1  (cost=5.42..385.92 rows=96 width=125)
	  Recheck Cond: ((k >= 5460229) AND (k <= 5460329))
	  ->  Bitmap Index Scan on k_1  (cost=0.00..5.39 rows=96 width=0)
	        Index Cond: ((k >= 5460229) AND (k <= 5460329))

table 2 : explain SELECT k, c FROM sbtest2 WHERE k BETWEEN 5460229 AND 5460329
	Bitmap Heap Scan on sbtest2  (cost=5.53..429.12 rows=107 width=125)
	  Recheck Cond: ((k >= 5460229) AND (k <= 5460329))
	  ->  Bitmap Index Scan on k_2  (cost=0.00..5.50 rows=107 width=0)
	        Index Cond: ((k >= 5460229) AND (k <= 5460329))

table 3 : explain SELECT k, c FROM sbtest3 WHERE k BETWEEN 5460229 AND 5460329
	Bitmap Heap Scan on sbtest3  (cost=5.43..389.68 rows=97 width=125)
	  Recheck Cond: ((k >= 5460229) AND (k <= 5460329))
	  ->  Bitmap Index Scan on k_3  (cost=0.00..5.40 rows=97 width=0)
	        Index Cond: ((k >= 5460229) AND (k <= 5460329))

table 4 : explain SELECT k, c FROM sbtest4 WHERE k BETWEEN 5460229 AND 5460329
	Bitmap Heap Scan on sbtest4  (cost=5.47..405.50 rows=101 width=125)
	  Recheck Cond: ((k >= 5460229) AND (k <= 5460329))
	  ->  Bitmap Index Scan on k_4  (cost=0.00..5.44 rows=101 width=0)
	        Index Cond: ((k >= 5460229) AND (k <= 5460329))

table 5 : explain SELECT k, c FROM sbtest5 WHERE k BETWEEN 5460229 AND 5460329
	Bitmap Heap Scan on sbtest5  (cost=5.52..425.26 rows=106 width=125)
	  Recheck Cond: ((k >= 5460229) AND (k <= 5460329))
	  ->  Bitmap Index Scan on k_5  (cost=0.00..5.50 rows=106 width=0)
	        Index Cond: ((k >= 5460229) AND (k <= 5460329))

table 6 : explain SELECT k, c FROM sbtest6 WHERE k BETWEEN 5460229 AND 5460329
	Bitmap Heap Scan on sbtest6  (cost=5.38..369.99 rows=92 width=125)
	  Recheck Cond: ((k >= 5460229) AND (k <= 5460329))
	  ->  Bitmap Index Scan on k_6  (cost=0.00..5.35 rows=92 width=0)
	        Index Cond: ((k >= 5460229) AND (k <= 5460329))

table 7 : explain SELECT k, c FROM sbtest7 WHERE k BETWEEN 5460229 AND 5460329
	Bitmap Heap Scan on sbtest7  (cost=5.42..385.80 rows=96 width=125)
	  Recheck Cond: ((k >= 5460229) AND (k <= 5460329))
	  ->  Bitmap Index Scan on k_7  (cost=0.00..5.39 rows=96 width=0)
	        Index Cond: ((k >= 5460229) AND (k <= 5460329))

table 8 : explain SELECT k, c FROM sbtest8 WHERE k BETWEEN 5460229 AND 5460329
	Bitmap Heap Scan on sbtest8  (cost=5.48..409.49 rows=102 width=125)
	  Recheck Cond: ((k >= 5460229) AND (k <= 5460329))
	  ->  Bitmap Index Scan on k_8  (cost=0.00..5.45 rows=102 width=0)
	        Index Cond: ((k >= 5460229) AND (k <= 5460329))


explain: for range-notcovered :: explain SELECT k, c FROM sbtest%d WHERE k BETWEEN 5984951 AND 5985051
for range-notcovered
table 1 : explain SELECT k, c FROM sbtest1 WHERE k BETWEEN 1754192 AND 1754292
	Bitmap Heap Scan on sbtest1  (cost=5.52..425.38 rows=106 width=125)
	  Recheck Cond: ((k >= 1754192) AND (k <= 1754292))
	  ->  Bitmap Index Scan on k_1  (cost=0.00..5.50 rows=106 width=0)
	        Index Cond: ((k >= 1754192) AND (k <= 1754292))

table 2 : explain SELECT k, c FROM sbtest2 WHERE k BETWEEN 1754192 AND 1754292
	Bitmap Heap Scan on sbtest2  (cost=5.43..389.69 rows=97 width=125)
	  Recheck Cond: ((k >= 1754192) AND (k <= 1754292))
	  ->  Bitmap Index Scan on k_2  (cost=0.00..5.40 rows=97 width=0)
	        Index Cond: ((k >= 1754192) AND (k <= 1754292))

table 3 : explain SELECT k, c FROM sbtest3 WHERE k BETWEEN 1754192 AND 1754292
	Bitmap Heap Scan on sbtest3  (cost=5.51..421.22 rows=105 width=125)
	  Recheck Cond: ((k >= 1754192) AND (k <= 1754292))
	  ->  Bitmap Index Scan on k_3  (cost=0.00..5.48 rows=105 width=0)
	        Index Cond: ((k >= 1754192) AND (k <= 1754292))

table 4 : explain SELECT k, c FROM sbtest4 WHERE k BETWEEN 1754192 AND 1754292
	Bitmap Heap Scan on sbtest4  (cost=5.60..456.73 rows=114 width=125)
	  Recheck Cond: ((k >= 1754192) AND (k <= 1754292))
	  ->  Bitmap Index Scan on k_4  (cost=0.00..5.58 rows=114 width=0)
	        Index Cond: ((k >= 1754192) AND (k <= 1754292))

table 5 : explain SELECT k, c FROM sbtest5 WHERE k BETWEEN 1754192 AND 1754292
	Bitmap Heap Scan on sbtest5  (cost=5.36..362.13 rows=90 width=125)
	  Recheck Cond: ((k >= 1754192) AND (k <= 1754292))
	  ->  Bitmap Index Scan on k_5  (cost=0.00..5.33 rows=90 width=0)
	        Index Cond: ((k >= 1754192) AND (k <= 1754292))

table 6 : explain SELECT k, c FROM sbtest6 WHERE k BETWEEN 1754192 AND 1754292
	Bitmap Heap Scan on sbtest6  (cost=5.48..409.44 rows=102 width=125)
	  Recheck Cond: ((k >= 1754192) AND (k <= 1754292))
	  ->  Bitmap Index Scan on k_6  (cost=0.00..5.45 rows=102 width=0)
	        Index Cond: ((k >= 1754192) AND (k <= 1754292))

table 7 : explain SELECT k, c FROM sbtest7 WHERE k BETWEEN 1754192 AND 1754292
	Bitmap Heap Scan on sbtest7  (cost=5.43..389.75 rows=97 width=125)
	  Recheck Cond: ((k >= 1754192) AND (k <= 1754292))
	  ->  Bitmap Index Scan on k_7  (cost=0.00..5.40 rows=97 width=0)
	        Index Cond: ((k >= 1754192) AND (k <= 1754292))

table 8 : explain SELECT k, c FROM sbtest8 WHERE k BETWEEN 1754192 AND 1754292
	Bitmap Heap Scan on sbtest8  (cost=5.36..362.13 rows=90 width=125)
	  Recheck Cond: ((k >= 1754192) AND (k <= 1754292))
	  ->  Bitmap Index Scan on k_8  (cost=0.00..5.33 rows=90 width=0)
	        Index Cond: ((k >= 1754192) AND (k <= 1754292))

for range-notcovered
table 1 : explain SELECT k, c FROM sbtest1 WHERE k BETWEEN 4339301 AND 4339401
	Bitmap Heap Scan on sbtest1  (cost=5.42..385.92 rows=96 width=125)
	  Recheck Cond: ((k >= 4339301) AND (k <= 4339401))
	  ->  Bitmap Index Scan on k_1  (cost=0.00..5.39 rows=96 width=0)
	        Index Cond: ((k >= 4339301) AND (k <= 4339401))

table 2 : explain SELECT k, c FROM sbtest2 WHERE k BETWEEN 4339301 AND 4339401
	Bitmap Heap Scan on sbtest2  (cost=5.47..405.46 rows=101 width=125)
	  Recheck Cond: ((k >= 4339301) AND (k <= 4339401))
	  ->  Bitmap Index Scan on k_2  (cost=0.00..5.44 rows=101 width=0)
	        Index Cond: ((k >= 4339301) AND (k <= 4339401))

table 3 : explain SELECT k, c FROM sbtest3 WHERE k BETWEEN 4339301 AND 4339401
	Bitmap Heap Scan on sbtest3  (cost=5.58..448.80 rows=112 width=125)
	  Recheck Cond: ((k >= 4339301) AND (k <= 4339401))
	  ->  Bitmap Index Scan on k_3  (cost=0.00..5.55 rows=112 width=0)
	        Index Cond: ((k >= 4339301) AND (k <= 4339401))

table 4 : explain SELECT k, c FROM sbtest4 WHERE k BETWEEN 4339301 AND 4339401
	Bitmap Heap Scan on sbtest4  (cost=5.56..440.98 rows=110 width=125)
	  Recheck Cond: ((k >= 4339301) AND (k <= 4339401))
	  ->  Bitmap Index Scan on k_4  (cost=0.00..5.53 rows=110 width=0)
	        Index Cond: ((k >= 4339301) AND (k <= 4339401))

table 5 : explain SELECT k, c FROM sbtest5 WHERE k BETWEEN 4339301 AND 4339401
	Bitmap Heap Scan on sbtest5  (cost=5.43..389.76 rows=97 width=125)
	  Recheck Cond: ((k >= 4339301) AND (k <= 4339401))
	  ->  Bitmap Index Scan on k_5  (cost=0.00..5.40 rows=97 width=0)
	        Index Cond: ((k >= 4339301) AND (k <= 4339401))

table 6 : explain SELECT k, c FROM sbtest6 WHERE k BETWEEN 4339301 AND 4339401
	Bitmap Heap Scan on sbtest6  (cost=5.52..425.21 rows=106 width=125)
	  Recheck Cond: ((k >= 4339301) AND (k <= 4339401))
	  ->  Bitmap Index Scan on k_6  (cost=0.00..5.50 rows=106 width=0)
	        Index Cond: ((k >= 4339301) AND (k <= 4339401))

table 7 : explain SELECT k, c FROM sbtest7 WHERE k BETWEEN 4339301 AND 4339401
	Bitmap Heap Scan on sbtest7  (cost=5.36..362.12 rows=90 width=125)
	  Recheck Cond: ((k >= 4339301) AND (k <= 4339401))
	  ->  Bitmap Index Scan on k_7  (cost=0.00..5.33 rows=90 width=0)
	        Index Cond: ((k >= 4339301) AND (k <= 4339401))

table 8 : explain SELECT k, c FROM sbtest8 WHERE k BETWEEN 4339301 AND 4339401
	Bitmap Heap Scan on sbtest8  (cost=5.51..421.32 rows=105 width=125)
	  Recheck Cond: ((k >= 4339301) AND (k <= 4339401))
	  ->  Bitmap Index Scan on k_8  (cost=0.00..5.48 rows=105 width=0)
	        Index Cond: ((k >= 4339301) AND (k <= 4339401))


explain: for range-notcovered :: explain SELECT k, c FROM sbtest%d WHERE k BETWEEN 4644618 AND 4644718
explain: for range-notcovered :: explain SELECT k, c FROM sbtest%d WHERE k BETWEEN 8314358 AND 8314458
for range-notcovered
table 1 : explain SELECT k, c FROM sbtest1 WHERE k BETWEEN 5658378 AND 5658478
	Bitmap Heap Scan on sbtest1  (cost=5.53..429.32 rows=107 width=125)
	  Recheck Cond: ((k >= 5658378) AND (k <= 5658478))
	  ->  Bitmap Index Scan on k_1  (cost=0.00..5.50 rows=107 width=0)
	        Index Cond: ((k >= 5658378) AND (k <= 5658478))

table 2 : explain SELECT k, c FROM sbtest2 WHERE k BETWEEN 5658378 AND 5658478
	Bitmap Heap Scan on sbtest2  (cost=5.52..425.18 rows=106 width=125)
	  Recheck Cond: ((k >= 5658378) AND (k <= 5658478))
	  ->  Bitmap Index Scan on k_2  (cost=0.00..5.50 rows=106 width=0)
	        Index Cond: ((k >= 5658378) AND (k <= 5658478))

table 3 : explain SELECT k, c FROM sbtest3 WHERE k BETWEEN 5658378 AND 5658478
	Bitmap Heap Scan on sbtest3  (cost=5.46..401.51 rows=100 width=125)
	  Recheck Cond: ((k >= 5658378) AND (k <= 5658478))
	  ->  Bitmap Index Scan on k_3  (cost=0.00..5.43 rows=100 width=0)
	        Index Cond: ((k >= 5658378) AND (k <= 5658478))

table 4 : explain SELECT k, c FROM sbtest4 WHERE k BETWEEN 5658378 AND 5658478
	Bitmap Heap Scan on sbtest4  (cost=5.48..409.44 rows=102 width=125)
	  Recheck Cond: ((k >= 5658378) AND (k <= 5658478))
	  ->  Bitmap Index Scan on k_4  (cost=0.00..5.45 rows=102 width=0)
	        Index Cond: ((k >= 5658378) AND (k <= 5658478))

table 5 : explain SELECT k, c FROM sbtest5 WHERE k BETWEEN 5658378 AND 5658478
	Bitmap Heap Scan on sbtest5  (cost=5.54..433.14 rows=108 width=125)
	  Recheck Cond: ((k >= 5658378) AND (k <= 5658478))
	  ->  Bitmap Index Scan on k_5  (cost=0.00..5.51 rows=108 width=0)
	        Index Cond: ((k >= 5658378) AND (k <= 5658478))

table 6 : explain SELECT k, c FROM sbtest6 WHERE k BETWEEN 5658378 AND 5658478
	Bitmap Heap Scan on sbtest6  (cost=5.44..393.67 rows=98 width=125)
	  Recheck Cond: ((k >= 5658378) AND (k <= 5658478))
	  ->  Bitmap Index Scan on k_6  (cost=0.00..5.42 rows=98 width=0)
	        Index Cond: ((k >= 5658378) AND (k <= 5658478))

table 7 : explain SELECT k, c FROM sbtest7 WHERE k BETWEEN 5658378 AND 5658478
	Bitmap Heap Scan on sbtest7  (cost=5.46..401.58 rows=100 width=125)
	  Recheck Cond: ((k >= 5658378) AND (k <= 5658478))
	  ->  Bitmap Index Scan on k_7  (cost=0.00..5.43 rows=100 width=0)
	        Index Cond: ((k >= 5658378) AND (k <= 5658478))

table 8 : explain SELECT k, c FROM sbtest8 WHERE k BETWEEN 5658378 AND 5658478
	Bitmap Heap Scan on sbtest8  (cost=5.42..385.82 rows=96 width=125)
	  Recheck Cond: ((k >= 5658378) AND (k <= 5658478))
	  ->  Bitmap Index Scan on k_8  (cost=0.00..5.39 rows=96 width=0)
	        Index Cond: ((k >= 5658378) AND (k <= 5658478))

for range-notcovered
table 1 : explain SELECT k, c FROM sbtest1 WHERE k BETWEEN 6268598 AND 6268698
	Bitmap Heap Scan on sbtest1  (cost=5.46..401.71 rows=100 width=125)
	  Recheck Cond: ((k >= 6268598) AND (k <= 6268698))
	  ->  Bitmap Index Scan on k_1  (cost=0.00..5.43 rows=100 width=0)
	        Index Cond: ((k >= 6268598) AND (k <= 6268698))

table 2 : explain SELECT k, c FROM sbtest2 WHERE k BETWEEN 6268598 AND 6268698
	Bitmap Heap Scan on sbtest2  (cost=5.47..405.46 rows=101 width=125)
	  Recheck Cond: ((k >= 6268598) AND (k <= 6268698))
	  ->  Bitmap Index Scan on k_2  (cost=0.00..5.44 rows=101 width=0)
	        Index Cond: ((k >= 6268598) AND (k <= 6268698))

table 3 : explain SELECT k, c FROM sbtest3 WHERE k BETWEEN 6268598 AND 6268698
	Bitmap Heap Scan on sbtest3  (cost=5.52..425.16 rows=106 width=125)
	  Recheck Cond: ((k >= 6268598) AND (k <= 6268698))
	  ->  Bitmap Index Scan on k_3  (cost=0.00..5.50 rows=106 width=0)
	        Index Cond: ((k >= 6268598) AND (k <= 6268698))

table 4 : explain SELECT k, c FROM sbtest4 WHERE k BETWEEN 6268598 AND 6268698
	Bitmap Heap Scan on sbtest4  (cost=5.57..444.92 rows=111 width=125)
	  Recheck Cond: ((k >= 6268598) AND (k <= 6268698))
	  ->  Bitmap Index Scan on k_4  (cost=0.00..5.54 rows=111 width=0)
	        Index Cond: ((k >= 6268598) AND (k <= 6268698))

table 5 : explain SELECT k, c FROM sbtest5 WHERE k BETWEEN 6268598 AND 6268698
	Bitmap Heap Scan on sbtest5  (cost=5.48..409.49 rows=102 width=125)
	  Recheck Cond: ((k >= 6268598) AND (k <= 6268698))
	  ->  Bitmap Index Scan on k_5  (cost=0.00..5.45 rows=102 width=0)
	        Index Cond: ((k >= 6268598) AND (k <= 6268698))

table 6 : explain SELECT k, c FROM sbtest6 WHERE k BETWEEN 6268598 AND 6268698
	Bitmap Heap Scan on sbtest6  (cost=5.39..373.94 rows=93 width=125)
	  Recheck Cond: ((k >= 6268598) AND (k <= 6268698))
	  ->  Bitmap Index Scan on k_6  (cost=0.00..5.36 rows=93 width=0)
	        Index Cond: ((k >= 6268598) AND (k <= 6268698))

table 7 : explain SELECT k, c FROM sbtest7 WHERE k BETWEEN 6268598 AND 6268698
	Bitmap Heap Scan on sbtest7  (cost=5.46..401.58 rows=100 width=125)
	  Recheck Cond: ((k >= 6268598) AND (k <= 6268698))
	  ->  Bitmap Index Scan on k_7  (cost=0.00..5.43 rows=100 width=0)
	        Index Cond: ((k >= 6268598) AND (k <= 6268698))

table 8 : explain SELECT k, c FROM sbtest8 WHERE k BETWEEN 6268598 AND 6268698
	Bitmap Heap Scan on sbtest8  (cost=5.41..381.87 rows=95 width=125)
	  Recheck Cond: ((k >= 6268598) AND (k <= 6268698))
	  ->  Bitmap Index Scan on k_8  (cost=0.00..5.38 rows=95 width=0)
	        Index Cond: ((k >= 6268598) AND (k <= 6268698))

for range-notcovered
table 1 : explain SELECT k, c FROM sbtest1 WHERE k BETWEEN 7177792 AND 7177892
	Bitmap Heap Scan on sbtest1  (cost=5.42..385.92 rows=96 width=125)
	  Recheck Cond: ((k >= 7177792) AND (k <= 7177892))
	  ->  Bitmap Index Scan on k_1  (cost=0.00..5.39 rows=96 width=0)
	        Index Cond: ((k >= 7177792) AND (k <= 7177892))

table 2 : explain SELECT k, c FROM sbtest2 WHERE k BETWEEN 7177792 AND 7177892
	Bitmap Heap Scan on sbtest2  (cost=5.48..409.41 rows=102 width=125)
	  Recheck Cond: ((k >= 7177792) AND (k <= 7177892))
	  ->  Bitmap Index Scan on k_2  (cost=0.00..5.45 rows=102 width=0)
	        Index Cond: ((k >= 7177792) AND (k <= 7177892))

table 3 : explain SELECT k, c FROM sbtest3 WHERE k BETWEEN 7177792 AND 7177892
	Bitmap Heap Scan on sbtest3  (cost=5.50..417.28 rows=104 width=125)
	  Recheck Cond: ((k >= 7177792) AND (k <= 7177892))
	  ->  Bitmap Index Scan on k_3  (cost=0.00..5.47 rows=104 width=0)
	        Index Cond: ((k >= 7177792) AND (k <= 7177892))

table 4 : explain SELECT k, c FROM sbtest4 WHERE k BETWEEN 7177792 AND 7177892
	Bitmap Heap Scan on sbtest4  (cost=5.47..405.50 rows=101 width=125)
	  Recheck Cond: ((k >= 7177792) AND (k <= 7177892))
	  ->  Bitmap Index Scan on k_4  (cost=0.00..5.44 rows=101 width=0)
	        Index Cond: ((k >= 7177792) AND (k <= 7177892))

table 5 : explain SELECT k, c FROM sbtest5 WHERE k BETWEEN 7177792 AND 7177892
	Bitmap Heap Scan on sbtest5  (cost=5.48..409.49 rows=102 width=125)
	  Recheck Cond: ((k >= 7177792) AND (k <= 7177892))
	  ->  Bitmap Index Scan on k_5  (cost=0.00..5.45 rows=102 width=0)
	        Index Cond: ((k >= 7177792) AND (k <= 7177892))

table 6 : explain SELECT k, c FROM sbtest6 WHERE k BETWEEN 7177792 AND 7177892
	Bitmap Heap Scan on sbtest6  (cost=5.50..417.33 rows=104 width=125)
	  Recheck Cond: ((k >= 7177792) AND (k <= 7177892))
	  ->  Bitmap Index Scan on k_6  (cost=0.00..5.47 rows=104 width=0)
	        Index Cond: ((k >= 7177792) AND (k <= 7177892))

table 7 : explain SELECT k, c FROM sbtest7 WHERE k BETWEEN 7177792 AND 7177892
	Bitmap Heap Scan on sbtest7  (cost=5.48..409.47 rows=102 width=125)
	  Recheck Cond: ((k >= 7177792) AND (k <= 7177892))
	  ->  Bitmap Index Scan on k_7  (cost=0.00..5.45 rows=102 width=0)
	        Index Cond: ((k >= 7177792) AND (k <= 7177892))

table 8 : explain SELECT k, c FROM sbtest8 WHERE k BETWEEN 7177792 AND 7177892
	Bitmap Heap Scan on sbtest8  (cost=5.46..401.60 rows=100 width=125)
	  Recheck Cond: ((k >= 7177792) AND (k <= 7177892))
	  ->  Bitmap Index Scan on k_8  (cost=0.00..5.43 rows=100 width=0)
	        Index Cond: ((k >= 7177792) AND (k <= 7177892))

explain: for range-notcovered :: explain SELECT k, c FROM sbtest%d WHERE k BETWEEN 5149272 AND 5149372
for range-notcovered
table 1 : explain SELECT k, c FROM sbtest1 WHERE k BETWEEN 5715146 AND 5715246
	Bitmap Heap Scan on sbtest1  (cost=5.53..429.32 rows=107 width=125)
	  Recheck Cond: ((k >= 5715146) AND (k <= 5715246))
	  ->  Bitmap Index Scan on k_1  (cost=0.00..5.50 rows=107 width=0)
	        Index Cond: ((k >= 5715146) AND (k <= 5715246))

table 2 : explain SELECT k, c FROM sbtest2 WHERE k BETWEEN 5715146 AND 5715246
	Bitmap Heap Scan on sbtest2  (cost=5.52..425.18 rows=106 width=125)
	  Recheck Cond: ((k >= 5715146) AND (k <= 5715246))
	  ->  Bitmap Index Scan on k_2  (cost=0.00..5.50 rows=106 width=0)
	        Index Cond: ((k >= 5715146) AND (k <= 5715246))

table 3 : explain SELECT k, c FROM sbtest3 WHERE k BETWEEN 5715146 AND 5715246
	Bitmap Heap Scan on sbtest3  (cost=5.46..401.51 rows=100 width=125)
	  Recheck Cond: ((k >= 5715146) AND (k <= 5715246))
	  ->  Bitmap Index Scan on k_3  (cost=0.00..5.43 rows=100 width=0)
	        Index Cond: ((k >= 5715146) AND (k <= 5715246))

table 4 : explain SELECT k, c FROM sbtest4 WHERE k BETWEEN 5715146 AND 5715246
	Bitmap Heap Scan on sbtest4  (cost=5.50..417.33 rows=104 width=125)
	  Recheck Cond: ((k >= 5715146) AND (k <= 5715246))
	  ->  Bitmap Index Scan on k_4  (cost=0.00..5.47 rows=104 width=0)
	        Index Cond: ((k >= 5715146) AND (k <= 5715246))

table 5 : explain SELECT k, c FROM sbtest5 WHERE k BETWEEN 5715146 AND 5715246
	Bitmap Heap Scan on sbtest5  (cost=5.50..417.37 rows=104 width=125)
	  Recheck Cond: ((k >= 5715146) AND (k <= 5715246))
	  ->  Bitmap Index Scan on k_5  (cost=0.00..5.47 rows=104 width=0)
	        Index Cond: ((k >= 5715146) AND (k <= 5715246))

table 6 : explain SELECT k, c FROM sbtest6 WHERE k BETWEEN 5715146 AND 5715246
	Bitmap Heap Scan on sbtest6  (cost=5.44..393.67 rows=98 width=125)
	  Recheck Cond: ((k >= 5715146) AND (k <= 5715246))
	  ->  Bitmap Index Scan on k_6  (cost=0.00..5.42 rows=98 width=0)
	        Index Cond: ((k >= 5715146) AND (k <= 5715246))

table 7 : explain SELECT k, c FROM sbtest7 WHERE k BETWEEN 5715146 AND 5715246
	Bitmap Heap Scan on sbtest7  (cost=5.53..429.19 rows=107 width=125)
	  Recheck Cond: ((k >= 5715146) AND (k <= 5715246))
	  ->  Bitmap Index Scan on k_7  (cost=0.00..5.50 rows=107 width=0)
	        Index Cond: ((k >= 5715146) AND (k <= 5715246))

table 8 : explain SELECT k, c FROM sbtest8 WHERE k BETWEEN 5715146 AND 5715246
	Bitmap Heap Scan on sbtest8  (cost=5.53..429.21 rows=107 width=125)
	  Recheck Cond: ((k >= 5715146) AND (k <= 5715246))
	  ->  Bitmap Index Scan on k_8  (cost=0.00..5.50 rows=107 width=0)
	        Index Cond: ((k >= 5715146) AND (k <= 5715246))

for range-notcovered
table 1 : explain SELECT k, c FROM sbtest1 WHERE k BETWEEN 3509700 AND 3509800
	Bitmap Heap Scan on sbtest1  (cost=5.56..441.15 rows=110 width=125)
	  Recheck Cond: ((k >= 3509700) AND (k <= 3509800))
	  ->  Bitmap Index Scan on k_1  (cost=0.00..5.53 rows=110 width=0)
	        Index Cond: ((k >= 3509700) AND (k <= 3509800))

table 2 : explain SELECT k, c FROM sbtest2 WHERE k BETWEEN 3509700 AND 3509800
	Bitmap Heap Scan on sbtest2  (cost=5.46..401.52 rows=100 width=125)
	  Recheck Cond: ((k >= 3509700) AND (k <= 3509800))
	  ->  Bitmap Index Scan on k_2  (cost=0.00..5.43 rows=100 width=0)
	        Index Cond: ((k >= 3509700) AND (k <= 3509800))

table 3 : explain SELECT k, c FROM sbtest3 WHERE k BETWEEN 3509700 AND 3509800
	Bitmap Heap Scan on sbtest3  (cost=5.55..436.99 rows=109 width=125)
	  Recheck Cond: ((k >= 3509700) AND (k <= 3509800))
	  ->  Bitmap Index Scan on k_3  (cost=0.00..5.52 rows=109 width=0)
	        Index Cond: ((k >= 3509700) AND (k <= 3509800))

table 4 : explain SELECT k, c FROM sbtest4 WHERE k BETWEEN 3509700 AND 3509800
	Bitmap Heap Scan on sbtest4  (cost=5.42..385.77 rows=96 width=125)
	  Recheck Cond: ((k >= 3509700) AND (k <= 3509800))
	  ->  Bitmap Index Scan on k_4  (cost=0.00..5.39 rows=96 width=0)
	        Index Cond: ((k >= 3509700) AND (k <= 3509800))

table 5 : explain SELECT k, c FROM sbtest5 WHERE k BETWEEN 3509700 AND 3509800
	Bitmap Heap Scan on sbtest5  (cost=5.43..389.76 rows=97 width=125)
	  Recheck Cond: ((k >= 3509700) AND (k <= 3509800))
	  ->  Bitmap Index Scan on k_5  (cost=0.00..5.40 rows=97 width=0)
	        Index Cond: ((k >= 3509700) AND (k <= 3509800))

table 6 : explain SELECT k, c FROM sbtest6 WHERE k BETWEEN 3509700 AND 3509800
	Bitmap Heap Scan on sbtest6  (cost=5.49..413.39 rows=103 width=125)
	  Recheck Cond: ((k >= 3509700) AND (k <= 3509800))
	  ->  Bitmap Index Scan on k_6  (cost=0.00..5.46 rows=103 width=0)
	        Index Cond: ((k >= 3509700) AND (k <= 3509800))

table 7 : explain SELECT k, c FROM sbtest7 WHERE k BETWEEN 3509700 AND 3509800
	Bitmap Heap Scan on sbtest7  (cost=5.51..421.30 rows=105 width=125)
	  Recheck Cond: ((k >= 3509700) AND (k <= 3509800))
	  ->  Bitmap Index Scan on k_7  (cost=0.00..5.48 rows=105 width=0)
	        Index Cond: ((k >= 3509700) AND (k <= 3509800))

table 8 : explain SELECT k, c FROM sbtest8 WHERE k BETWEEN 3509700 AND 3509800
	Bitmap Heap Scan on sbtest8  (cost=5.56..441.03 rows=110 width=125)
	  Recheck Cond: ((k >= 3509700) AND (k <= 3509800))
	  ->  Bitmap Index Scan on k_8  (cost=0.00..5.53 rows=110 width=0)
	        Index Cond: ((k >= 3509700) AND (k <= 3509800))



for range-notcovered
table 1 : explain SELECT k, c FROM sbtest1 WHERE k BETWEEN 5559874 AND 5559974
	Bitmap Heap Scan on sbtest1  (cost=5.48..409.60 rows=102 width=125)
	  Recheck Cond: ((k >= 5559874) AND (k <= 5559974))
	  ->  Bitmap Index Scan on k_1  (cost=0.00..5.45 rows=102 width=0)
	        Index Cond: ((k >= 5559874) AND (k <= 5559974))

table 2 : explain SELECT k, c FROM sbtest2 WHERE k BETWEEN 5559874 AND 5559974
	Bitmap Heap Scan on sbtest2  (cost=5.40..377.85 rows=94 width=125)
	  Recheck Cond: ((k >= 5559874) AND (k <= 5559974))
	  ->  Bitmap Index Scan on k_2  (cost=0.00..5.38 rows=94 width=0)
	        Index Cond: ((k >= 5559874) AND (k <= 5559974))

table 3 : explain SELECT k, c FROM sbtest3 WHERE k BETWEEN 5559874 AND 5559974
	Bitmap Heap Scan on sbtest3  (cost=5.48..409.40 rows=102 width=125)
	  Recheck Cond: ((k >= 5559874) AND (k <= 5559974))
	  ->  Bitmap Index Scan on k_3  (cost=0.00..5.45 rows=102 width=0)
	        Index Cond: ((k >= 5559874) AND (k <= 5559974))

table 4 : explain SELECT k, c FROM sbtest4 WHERE k BETWEEN 5559874 AND 5559974
	Bitmap Heap Scan on sbtest4  (cost=5.52..425.21 rows=106 width=125)
	  Recheck Cond: ((k >= 5559874) AND (k <= 5559974))
	  ->  Bitmap Index Scan on k_4  (cost=0.00..5.50 rows=106 width=0)
	        Index Cond: ((k >= 5559874) AND (k <= 5559974))

table 5 : explain SELECT k, c FROM sbtest5 WHERE k BETWEEN 5559874 AND 5559974
	Bitmap Heap Scan on sbtest5  (cost=5.49..413.43 rows=103 width=125)
	  Recheck Cond: ((k >= 5559874) AND (k <= 5559974))
	  ->  Bitmap Index Scan on k_5  (cost=0.00..5.46 rows=103 width=0)
	        Index Cond: ((k >= 5559874) AND (k <= 5559974))

table 6 : explain SELECT k, c FROM sbtest6 WHERE k BETWEEN 5559874 AND 5559974
	Bitmap Heap Scan on sbtest6  (cost=5.53..429.16 rows=107 width=125)
	  Recheck Cond: ((k >= 5559874) AND (k <= 5559974))
	  ->  Bitmap Index Scan on k_6  (cost=0.00..5.50 rows=107 width=0)
	        Index Cond: ((k >= 5559874) AND (k <= 5559974))

table 7 : explain SELECT k, c FROM sbtest7 WHERE k BETWEEN 5559874 AND 5559974
	Bitmap Heap Scan on sbtest7  (cost=5.68..484.34 rows=121 width=125)
	  Recheck Cond: ((k >= 5559874) AND (k <= 5559974))
	  ->  Bitmap Index Scan on k_7  (cost=0.00..5.64 rows=121 width=0)
	        Index Cond: ((k >= 5559874) AND (k <= 5559974))

table 8 : explain SELECT k, c FROM sbtest8 WHERE k BETWEEN 5559874 AND 5559974
	Bitmap Heap Scan on sbtest8  (cost=5.45..397.66 rows=99 width=125)
	  Recheck Cond: ((k >= 5559874) AND (k <= 5559974))
	  ->  Bitmap Index Scan on k_8  (cost=0.00..5.42 rows=99 width=0)
	        Index Cond: ((k >= 5559874) AND (k <= 5559974))
for range-notcovered
table 1 : explain SELECT k, c FROM sbtest1 WHERE k BETWEEN 2619940 AND 2620040
	Bitmap Heap Scan on sbtest1  (cost=5.49..413.54 rows=103 width=125)
	  Recheck Cond: ((k >= 2619940) AND (k <= 2620040))
	  ->  Bitmap Index Scan on k_1  (cost=0.00..5.46 rows=103 width=0)
	        Index Cond: ((k >= 2619940) AND (k <= 2620040))

table 2 : explain SELECT k, c FROM sbtest2 WHERE k BETWEEN 2619940 AND 2620040
	Bitmap Heap Scan on sbtest2  (cost=5.55..437.00 rows=109 width=125)
	  Recheck Cond: ((k >= 2619940) AND (k <= 2620040))
	  ->  Bitmap Index Scan on k_2  (cost=0.00..5.52 rows=109 width=0)
	        Index Cond: ((k >= 2619940) AND (k <= 2620040))

table 3 : explain SELECT k, c FROM sbtest3 WHERE k BETWEEN 2619940 AND 2620040
	Bitmap Heap Scan on sbtest3  (cost=5.48..409.40 rows=102 width=125)
	  Recheck Cond: ((k >= 2619940) AND (k <= 2620040))
	  ->  Bitmap Index Scan on k_3  (cost=0.00..5.45 rows=102 width=0)
	        Index Cond: ((k >= 2619940) AND (k <= 2620040))

table 4 : explain SELECT k, c FROM sbtest4 WHERE k BETWEEN 2619940 AND 2620040
	Bitmap Heap Scan on sbtest4  (cost=5.39..373.94 rows=93 width=125)
	  Recheck Cond: ((k >= 2619940) AND (k <= 2620040))
	  ->  Bitmap Index Scan on k_4  (cost=0.00..5.36 rows=93 width=0)
	        Index Cond: ((k >= 2619940) AND (k <= 2620040))

table 5 : explain SELECT k, c FROM sbtest5 WHERE k BETWEEN 2619940 AND 2620040
	Bitmap Heap Scan on sbtest5  (cost=5.43..389.76 rows=97 width=125)
	  Recheck Cond: ((k >= 2619940) AND (k <= 2620040))
	  ->  Bitmap Index Scan on k_5  (cost=0.00..5.40 rows=97 width=0)
	        Index Cond: ((k >= 2619940) AND (k <= 2620040))

table 6 : explain SELECT k, c FROM sbtest6 WHERE k BETWEEN 2619940 AND 2620040
	Bitmap Heap Scan on sbtest6  (cost=5.51..421.27 rows=105 width=125)
	  Recheck Cond: ((k >= 2619940) AND (k <= 2620040))
	  ->  Bitmap Index Scan on k_6  (cost=0.00..5.48 rows=105 width=0)
	        Index Cond: ((k >= 2619940) AND (k <= 2620040))

table 7 : explain SELECT k, c FROM sbtest7 WHERE k BETWEEN 2619940 AND 2620040
	Bitmap Heap Scan on sbtest7  (cost=5.56..441.01 rows=110 width=125)
	  Recheck Cond: ((k >= 2619940) AND (k <= 2620040))
	  ->  Bitmap Index Scan on k_7  (cost=0.00..5.53 rows=110 width=0)
	        Index Cond: ((k >= 2619940) AND (k <= 2620040))

table 8 : explain SELECT k, c FROM sbtest8 WHERE k BETWEEN 2619940 AND 2620040
	Bitmap Heap Scan on sbtest8  (cost=5.55..437.09 rows=109 width=125)
	  Recheck Cond: ((k >= 2619940) AND (k <= 2620040))
	  ->  Bitmap Index Scan on k_8  (cost=0.00..5.52 rows=109 width=0)
	        Index Cond: ((k >= 2619940) AND (k <= 2620040))

explain: for range-notcovered :: explain SELECT k, c FROM sbtest%d WHERE k BETWEEN 443834 AND 443934
for range-notcovered
table 1 : explain SELECT k, c FROM sbtest1 WHERE k BETWEEN 6094280 AND 6094380
	Bitmap Heap Scan on sbtest1  (cost=5.53..429.32 rows=107 width=125)
	  Recheck Cond: ((k >= 6094280) AND (k <= 6094380))
	  ->  Bitmap Index Scan on k_1  (cost=0.00..5.50 rows=107 width=0)
	        Index Cond: ((k >= 6094280) AND (k <= 6094380))

table 2 : explain SELECT k, c FROM sbtest2 WHERE k BETWEEN 6094280 AND 6094380
	Bitmap Heap Scan on sbtest2  (cost=5.51..421.23 rows=105 width=125)
	  Recheck Cond: ((k >= 6094280) AND (k <= 6094380))
	  ->  Bitmap Index Scan on k_2  (cost=0.00..5.48 rows=105 width=0)
	        Index Cond: ((k >= 6094280) AND (k <= 6094380))

table 3 : explain SELECT k, c FROM sbtest3 WHERE k BETWEEN 6094280 AND 6094380
	Bitmap Heap Scan on sbtest3  (cost=5.45..397.57 rows=99 width=125)
	  Recheck Cond: ((k >= 6094280) AND (k <= 6094380))
	  ->  Bitmap Index Scan on k_3  (cost=0.00..5.42 rows=99 width=0)
	        Index Cond: ((k >= 6094280) AND (k <= 6094380))

table 4 : explain SELECT k, c FROM sbtest4 WHERE k BETWEEN 6094280 AND 6094380
	Bitmap Heap Scan on sbtest4  (cost=5.50..417.33 rows=104 width=125)
	  Recheck Cond: ((k >= 6094280) AND (k <= 6094380))
	  ->  Bitmap Index Scan on k_4  (cost=0.00..5.47 rows=104 width=0)
	        Index Cond: ((k >= 6094280) AND (k <= 6094380))

table 5 : explain SELECT k, c FROM sbtest5 WHERE k BETWEEN 6094280 AND 6094380
	Bitmap Heap Scan on sbtest5  (cost=5.48..409.49 rows=102 width=125)
	  Recheck Cond: ((k >= 6094280) AND (k <= 6094380))
	  ->  Bitmap Index Scan on k_5  (cost=0.00..5.45 rows=102 width=0)
	        Index Cond: ((k >= 6094280) AND (k <= 6094380))

table 6 : explain SELECT k, c FROM sbtest6 WHERE k BETWEEN 6094280 AND 6094380
	Bitmap Heap Scan on sbtest6  (cost=5.53..429.16 rows=107 width=125)
	  Recheck Cond: ((k >= 6094280) AND (k <= 6094380))
	  ->  Bitmap Index Scan on k_6  (cost=0.00..5.50 rows=107 width=0)
	        Index Cond: ((k >= 6094280) AND (k <= 6094380))

table 7 : explain SELECT k, c FROM sbtest7 WHERE k BETWEEN 6094280 AND 6094380
	Bitmap Heap Scan on sbtest7  (cost=5.56..441.01 rows=110 width=125)
	  Recheck Cond: ((k >= 6094280) AND (k <= 6094380))
	  ->  Bitmap Index Scan on k_7  (cost=0.00..5.53 rows=110 width=0)
	        Index Cond: ((k >= 6094280) AND (k <= 6094380))

table 8 : explain SELECT k, c FROM sbtest8 WHERE k BETWEEN 6094280 AND 6094380
	Bitmap Heap Scan on sbtest8  (cost=5.37..366.08 rows=91 width=125)
	  Recheck Cond: ((k >= 6094280) AND (k <= 6094380))
	  ->  Bitmap Index Scan on k_8  (cost=0.00..5.34 rows=91 width=0)
	        Index Cond: ((k >= 6094280) AND (k <= 6094380))

explain: for range-notcovered :: explain SELECT k, c FROM sbtest%d WHERE k BETWEEN 3509700 AND 3509800
explain: for range-notcovered :: explain SELECT k, c FROM sbtest%d WHERE k BETWEEN 1754192 AND 1754292
explain: for range-notcovered :: explain SELECT k, c FROM sbtest%d WHERE k BETWEEN 3057141 AND 3057241
explain: for range-notcovered :: explain SELECT k, c FROM sbtest%d WHERE k BETWEEN 2389879 AND 2389979explain: for range-notcovered :: explain SELECT k, c FROM sbtest%d WHERE k BETWEEN 2619940 AND 2620040
for range-notcovered
table 1 : explain SELECT k, c FROM sbtest1 WHERE k BETWEEN 3577665 AND 3577765
	Bitmap Heap Scan on sbtest1  (cost=5.48..409.60 rows=102 width=125)
	  Recheck Cond: ((k >= 3577665) AND (k <= 3577765))
	  ->  Bitmap Index Scan on k_1  (cost=0.00..5.45 rows=102 width=0)
	        Index Cond: ((k >= 3577665) AND (k <= 3577765))

table 2 : explain SELECT k, c FROM sbtest2 WHERE k BETWEEN 3577665 AND 3577765
	Bitmap Heap Scan on sbtest2  (cost=5.46..401.52 rows=100 width=125)
	  Recheck Cond: ((k >= 3577665) AND (k <= 3577765))
	  ->  Bitmap Index Scan on k_2  (cost=0.00..5.43 rows=100 width=0)
	        Index Cond: ((k >= 3577665) AND (k <= 3577765))

table 3 : explain SELECT k, c FROM sbtest3 WHERE k BETWEEN 3577665 AND 3577765
	Bitmap Heap Scan on sbtest3  (cost=5.44..393.62 rows=98 width=125)
	  Recheck Cond: ((k >= 3577665) AND (k <= 3577765))
	  ->  Bitmap Index Scan on k_3  (cost=0.00..5.42 rows=98 width=0)
	        Index Cond: ((k >= 3577665) AND (k <= 3577765))

table 4 : explain SELECT k, c FROM sbtest4 WHERE k BETWEEN 3577665 AND 3577765
	Bitmap Heap Scan on sbtest4  (cost=5.46..401.55 rows=100 width=125)
	  Recheck Cond: ((k >= 3577665) AND (k <= 3577765))
	  ->  Bitmap Index Scan on k_4  (cost=0.00..5.43 rows=100 width=0)
	        Index Cond: ((k >= 3577665) AND (k <= 3577765))

table 5 : explain SELECT k, c FROM sbtest5 WHERE k BETWEEN 3577665 AND 3577765
	Bitmap Heap Scan on sbtest5  (cost=5.43..389.76 rows=97 width=125)
	  Recheck Cond: ((k >= 3577665) AND (k <= 3577765))
	  ->  Bitmap Index Scan on k_5  (cost=0.00..5.40 rows=97 width=0)
	        Index Cond: ((k >= 3577665) AND (k <= 3577765))

table 6 : explain SELECT k, c FROM sbtest6 WHERE k BETWEEN 3577665 AND 3577765
	Bitmap Heap Scan on sbtest6  (cost=5.49..413.39 rows=103 width=125)
	  Recheck Cond: ((k >= 3577665) AND (k <= 3577765))
	  ->  Bitmap Index Scan on k_6  (cost=0.00..5.46 rows=103 width=0)
	        Index Cond: ((k >= 3577665) AND (k <= 3577765))

table 7 : explain SELECT k, c FROM sbtest7 WHERE k BETWEEN 3577665 AND 3577765
	Bitmap Heap Scan on sbtest7  (cost=5.51..421.30 rows=105 width=125)
	  Recheck Cond: ((k >= 3577665) AND (k <= 3577765))
	  ->  Bitmap Index Scan on k_7  (cost=0.00..5.48 rows=105 width=0)
	        Index Cond: ((k >= 3577665) AND (k <= 3577765))

table 8 : explain SELECT k, c FROM sbtest8 WHERE k BETWEEN 3577665 AND 3577765
	Bitmap Heap Scan on sbtest8  (cost=5.43..389.77 rows=97 width=125)
	  Recheck Cond: ((k >= 3577665) AND (k <= 3577765))
	  ->  Bitmap Index Scan on k_8  (cost=0.00..5.40 rows=97 width=0)
	        Index Cond: ((k >= 3577665) AND (k <= 3577765))
explain: for range-notcovered :: explain SELECT k, c FROM sbtest%d WHERE k BETWEEN 6094280 AND 6094380
for range-notcovered
table 1 : explain SELECT k, c FROM sbtest1 WHERE k BETWEEN 3253896 AND 3253996
	Bitmap Heap Scan on sbtest1  (cost=5.48..409.60 rows=102 width=125)
	  Recheck Cond: ((k >= 3253896) AND (k <= 3253996))
	  ->  Bitmap Index Scan on k_1  (cost=0.00..5.45 rows=102 width=0)
	        Index Cond: ((k >= 3253896) AND (k <= 3253996))

table 2 : explain SELECT k, c FROM sbtest2 WHERE k BETWEEN 3253896 AND 3253996
	Bitmap Heap Scan on sbtest2  (cost=5.51..421.23 rows=105 width=125)
	  Recheck Cond: ((k >= 3253896) AND (k <= 3253996))
	  ->  Bitmap Index Scan on k_2  (cost=0.00..5.48 rows=105 width=0)
	        Index Cond: ((k >= 3253896) AND (k <= 3253996))

table 3 : explain SELECT k, c FROM sbtest3 WHERE k BETWEEN 3253896 AND 3253996
	Bitmap Heap Scan on sbtest3  (cost=5.46..401.51 rows=100 width=125)
	  Recheck Cond: ((k >= 3253896) AND (k <= 3253996))
	  ->  Bitmap Index Scan on k_3  (cost=0.00..5.43 rows=100 width=0)
	        Index Cond: ((k >= 3253896) AND (k <= 3253996))

table 4 : explain SELECT k, c FROM sbtest4 WHERE k BETWEEN 3253896 AND 3253996
	Bitmap Heap Scan on sbtest4  (cost=5.53..429.15 rows=107 width=125)
	  Recheck Cond: ((k >= 3253896) AND (k <= 3253996))
	  ->  Bitmap Index Scan on k_4  (cost=0.00..5.50 rows=107 width=0)
	        Index Cond: ((k >= 3253896) AND (k <= 3253996))

table 5 : explain SELECT k, c FROM sbtest5 WHERE k BETWEEN 3253896 AND 3253996
	Bitmap Heap Scan on sbtest5  (cost=5.51..421.32 rows=105 width=125)
	  Recheck Cond: ((k >= 3253896) AND (k <= 3253996))
	  ->  Bitmap Index Scan on k_5  (cost=0.00..5.48 rows=105 width=0)
	        Index Cond: ((k >= 3253896) AND (k <= 3253996))

table 6 : explain SELECT k, c FROM sbtest6 WHERE k BETWEEN 3253896 AND 3253996
	Bitmap Heap Scan on sbtest6  (cost=5.40..377.88 rows=94 width=125)
	  Recheck Cond: ((k >= 3253896) AND (k <= 3253996))
	  ->  Bitmap Index Scan on k_6  (cost=0.00..5.38 rows=94 width=0)
	        Index Cond: ((k >= 3253896) AND (k <= 3253996))

table 7 : explain SELECT k, c FROM sbtest7 WHERE k BETWEEN 3253896 AND 3253996
	Bitmap Heap Scan on sbtest7  (cost=5.49..413.42 rows=103 width=125)
	  Recheck Cond: ((k >= 3253896) AND (k <= 3253996))
	  ->  Bitmap Index Scan on k_7  (cost=0.00..5.46 rows=103 width=0)
	        Index Cond: ((k >= 3253896) AND (k <= 3253996))

table 8 : explain SELECT k, c FROM sbtest8 WHERE k BETWEEN 3253896 AND 3253996
	Bitmap Heap Scan on sbtest8  (cost=5.47..405.55 rows=101 width=125)
	  Recheck Cond: ((k >= 3253896) AND (k <= 3253996))
	  ->  Bitmap Index Scan on k_8  (cost=0.00..5.44 rows=101 width=0)
	        Index Cond: ((k >= 3253896) AND (k <= 3253996))

for range-notcovered
table 1 : explain SELECT k, c FROM sbtest1 WHERE k BETWEEN 5367980 AND 5368080
	Bitmap Heap Scan on sbtest1  (cost=5.46..401.71 rows=100 width=125)
	  Recheck Cond: ((k >= 5367980) AND (k <= 5368080))
	  ->  Bitmap Index Scan on k_1  (cost=0.00..5.43 rows=100 width=0)
	        Index Cond: ((k >= 5367980) AND (k <= 5368080))

table 2 : explain SELECT k, c FROM sbtest2 WHERE k BETWEEN 5367980 AND 5368080
	Bitmap Heap Scan on sbtest2  (cost=5.48..409.41 rows=102 width=125)
	  Recheck Cond: ((k >= 5367980) AND (k <= 5368080))
	  ->  Bitmap Index Scan on k_2  (cost=0.00..5.45 rows=102 width=0)
	        Index Cond: ((k >= 5367980) AND (k <= 5368080))

table 3 : explain SELECT k, c FROM sbtest3 WHERE k BETWEEN 5367980 AND 5368080
	Bitmap Heap Scan on sbtest3  (cost=5.56..440.93 rows=110 width=125)
	  Recheck Cond: ((k >= 5367980) AND (k <= 5368080))
	  ->  Bitmap Index Scan on k_3  (cost=0.00..5.53 rows=110 width=0)
	        Index Cond: ((k >= 5367980) AND (k <= 5368080))

table 4 : explain SELECT k, c FROM sbtest4 WHERE k BETWEEN 5367980 AND 5368080
	Bitmap Heap Scan on sbtest4  (cost=5.47..405.50 rows=101 width=125)
	  Recheck Cond: ((k >= 5367980) AND (k <= 5368080))
	  ->  Bitmap Index Scan on k_4  (cost=0.00..5.44 rows=101 width=0)
	        Index Cond: ((k >= 5367980) AND (k <= 5368080))

table 5 : explain SELECT k, c FROM sbtest5 WHERE k BETWEEN 5367980 AND 5368080
	Bitmap Heap Scan on sbtest5  (cost=5.44..393.71 rows=98 width=125)
	  Recheck Cond: ((k >= 5367980) AND (k <= 5368080))
	  ->  Bitmap Index Scan on k_5  (cost=0.00..5.42 rows=98 width=0)
	        Index Cond: ((k >= 5367980) AND (k <= 5368080))

table 6 : explain SELECT k, c FROM sbtest6 WHERE k BETWEEN 5367980 AND 5368080
	Bitmap Heap Scan on sbtest6  (cost=5.57..444.92 rows=111 width=125)
	  Recheck Cond: ((k >= 5367980) AND (k <= 5368080))
	  ->  Bitmap Index Scan on k_6  (cost=0.00..5.54 rows=111 width=0)
	        Index Cond: ((k >= 5367980) AND (k <= 5368080))

table 7 : explain SELECT k, c FROM sbtest7 WHERE k BETWEEN 5367980 AND 5368080
	Bitmap Heap Scan on sbtest7  (cost=5.42..385.80 rows=96 width=125)
	  Recheck Cond: ((k >= 5367980) AND (k <= 5368080))
	  ->  Bitmap Index Scan on k_7  (cost=0.00..5.39 rows=96 width=0)
	        Index Cond: ((k >= 5367980) AND (k <= 5368080))

table 8 : explain SELECT k, c FROM sbtest8 WHERE k BETWEEN 5367980 AND 5368080
	Bitmap Heap Scan on sbtest8  (cost=5.53..429.21 rows=107 width=125)
	  Recheck Cond: ((k >= 5367980) AND (k <= 5368080))
	  ->  Bitmap Index Scan on k_8  (cost=0.00..5.50 rows=107 width=0)
	        Index Cond: ((k >= 5367980) AND (k <= 5368080))


for range-notcovered
table 1 : explain SELECT k, c FROM sbtest1 WHERE k BETWEEN 5256120 AND 5256220
	Bitmap Heap Scan on sbtest1  (cost=5.64..472.68 rows=118 width=125)
	  Recheck Cond: ((k >= 5256120) AND (k <= 5256220))
	  ->  Bitmap Index Scan on k_1  (cost=0.00..5.61 rows=118 width=0)
	        Index Cond: ((k >= 5256120) AND (k <= 5256220))

table 2 : explain SELECT k, c FROM sbtest2 WHERE k BETWEEN 5256120 AND 5256220
	Bitmap Heap Scan on sbtest2  (cost=5.49..413.35 rows=103 width=125)
	  Recheck Cond: ((k >= 5256120) AND (k <= 5256220))
	  ->  Bitmap Index Scan on k_2  (cost=0.00..5.46 rows=103 width=0)
	        Index Cond: ((k >= 5256120) AND (k <= 5256220))

table 3 : explain SELECT k, c FROM sbtest3 WHERE k BETWEEN 5256120 AND 5256220
	Bitmap Heap Scan on sbtest3  (cost=5.57..444.87 rows=111 width=125)
	  Recheck Cond: ((k >= 5256120) AND (k <= 5256220))
	  ->  Bitmap Index Scan on k_3  (cost=0.00..5.54 rows=111 width=0)
	        Index Cond: ((k >= 5256120) AND (k <= 5256220))

table 4 : explain SELECT k, c FROM sbtest4 WHERE k BETWEEN 5256120 AND 5256220
	Bitmap Heap Scan on sbtest4  (cost=5.48..409.44 rows=102 width=125)
	  Recheck Cond: ((k >= 5256120) AND (k <= 5256220))
	  ->  Bitmap Index Scan on k_4  (cost=0.00..5.45 rows=102 width=0)
	        Index Cond: ((k >= 5256120) AND (k <= 5256220))

table 5 : explain SELECT k, c FROM sbtest5 WHERE k BETWEEN 5256120 AND 5256220
	Bitmap Heap Scan on sbtest5  (cost=5.50..417.37 rows=104 width=125)
	  Recheck Cond: ((k >= 5256120) AND (k <= 5256220))
	  ->  Bitmap Index Scan on k_5  (cost=0.00..5.47 rows=104 width=0)
	        Index Cond: ((k >= 5256120) AND (k <= 5256220))

table 6 : explain SELECT k, c FROM sbtest6 WHERE k BETWEEN 5256120 AND 5256220
	Bitmap Heap Scan on sbtest6  (cost=5.56..440.98 rows=110 width=125)
	  Recheck Cond: ((k >= 5256120) AND (k <= 5256220))
	  ->  Bitmap Index Scan on k_6  (cost=0.00..5.53 rows=110 width=0)
	        Index Cond: ((k >= 5256120) AND (k <= 5256220))

table 7 : explain SELECT k, c FROM sbtest7 WHERE k BETWEEN 5256120 AND 5256220
	Bitmap Heap Scan on sbtest7  (cost=5.50..417.36 rows=104 width=125)
	  Recheck Cond: ((k >= 5256120) AND (k <= 5256220))
	  ->  Bitmap Index Scan on k_7  (cost=0.00..5.47 rows=104 width=0)
	        Index Cond: ((k >= 5256120) AND (k <= 5256220))

table 8 : explain SELECT k, c FROM sbtest8 WHERE k BETWEEN 5256120 AND 5256220
	Bitmap Heap Scan on sbtest8  (cost=5.51..421.32 rows=105 width=125)
	  Recheck Cond: ((k >= 5256120) AND (k <= 5256220))
	  ->  Bitmap Index Scan on k_8  (cost=0.00..5.48 rows=105 width=0)
	        Index Cond: ((k >= 5256120) AND (k <= 5256220))

explain: for range-notcovered :: explain SELECT k, c FROM sbtest%d WHERE k BETWEEN 7177792 AND 7177892
explain: for range-notcovered :: explain SELECT k, c FROM sbtest%d WHERE k BETWEEN 3253896 AND 3253996
for range-notcovered
table 1 : explain SELECT k, c FROM sbtest1 WHERE k BETWEEN 2131083 AND 2131183
	Bitmap Heap Scan on sbtest1  (cost=5.48..409.60 rows=102 width=125)
	  Recheck Cond: ((k >= 2131083) AND (k <= 2131183))
	  ->  Bitmap Index Scan on k_1  (cost=0.00..5.45 rows=102 width=0)
	        Index Cond: ((k >= 2131083) AND (k <= 2131183))

table 2 : explain SELECT k, c FROM sbtest2 WHERE k BETWEEN 2131083 AND 2131183
	Bitmap Heap Scan on sbtest2  (cost=5.49..413.35 rows=103 width=125)
	  Recheck Cond: ((k >= 2131083) AND (k <= 2131183))
	  ->  Bitmap Index Scan on k_2  (cost=0.00..5.46 rows=103 width=0)
	        Index Cond: ((k >= 2131083) AND (k <= 2131183))

table 3 : explain SELECT k, c FROM sbtest3 WHERE k BETWEEN 2131083 AND 2131183
	Bitmap Heap Scan on sbtest3  (cost=5.45..397.57 rows=99 width=125)
	  Recheck Cond: ((k >= 2131083) AND (k <= 2131183))
	  ->  Bitmap Index Scan on k_3  (cost=0.00..5.42 rows=99 width=0)
	        Index Cond: ((k >= 2131083) AND (k <= 2131183))

table 4 : explain SELECT k, c FROM sbtest4 WHERE k BETWEEN 2131083 AND 2131183
	Bitmap Heap Scan on sbtest4  (cost=5.41..381.83 rows=95 width=125)
	  Recheck Cond: ((k >= 2131083) AND (k <= 2131183))
	  ->  Bitmap Index Scan on k_4  (cost=0.00..5.38 rows=95 width=0)
	        Index Cond: ((k >= 2131083) AND (k <= 2131183))

table 5 : explain SELECT k, c FROM sbtest5 WHERE k BETWEEN 2131083 AND 2131183
	Bitmap Heap Scan on sbtest5  (cost=5.52..425.26 rows=106 width=125)
	  Recheck Cond: ((k >= 2131083) AND (k <= 2131183))
	  ->  Bitmap Index Scan on k_5  (cost=0.00..5.50 rows=106 width=0)
	        Index Cond: ((k >= 2131083) AND (k <= 2131183))

table 6 : explain SELECT k, c FROM sbtest6 WHERE k BETWEEN 2131083 AND 2131183
	Bitmap Heap Scan on sbtest6  (cost=5.58..448.86 rows=112 width=125)
	  Recheck Cond: ((k >= 2131083) AND (k <= 2131183))
	  ->  Bitmap Index Scan on k_6  (cost=0.00..5.55 rows=112 width=0)
	        Index Cond: ((k >= 2131083) AND (k <= 2131183))

table 7 : explain SELECT k, c FROM sbtest7 WHERE k BETWEEN 2131083 AND 2131183
	Bitmap Heap Scan on sbtest7  (cost=5.48..409.47 rows=102 width=125)
	  Recheck Cond: ((k >= 2131083) AND (k <= 2131183))
	  ->  Bitmap Index Scan on k_7  (cost=0.00..5.45 rows=102 width=0)
	        Index Cond: ((k >= 2131083) AND (k <= 2131183))

table 8 : explain SELECT k, c FROM sbtest8 WHERE k BETWEEN 2131083 AND 2131183
	Bitmap Heap Scan on sbtest8  (cost=5.42..385.82 rows=96 width=125)
	  Recheck Cond: ((k >= 2131083) AND (k <= 2131183))
	  ->  Bitmap Index Scan on k_8  (cost=0.00..5.39 rows=96 width=0)
	        Index Cond: ((k >= 2131083) AND (k <= 2131183))
for range-notcovered
table 1 : explain SELECT k, c FROM sbtest1 WHERE k BETWEEN 4305027 AND 4305127
	Bitmap Heap Scan on sbtest1  (cost=5.42..385.92 rows=96 width=125)
	  Recheck Cond: ((k >= 4305027) AND (k <= 4305127))
	  ->  Bitmap Index Scan on k_1  (cost=0.00..5.39 rows=96 width=0)
	        Index Cond: ((k >= 4305027) AND (k <= 4305127))

table 2 : explain SELECT k, c FROM sbtest2 WHERE k BETWEEN 4305027 AND 4305127
	Bitmap Heap Scan on sbtest2  (cost=5.47..405.46 rows=101 width=125)
	  Recheck Cond: ((k >= 4305027) AND (k <= 4305127))
	  ->  Bitmap Index Scan on k_2  (cost=0.00..5.44 rows=101 width=0)
	        Index Cond: ((k >= 4305027) AND (k <= 4305127))

table 3 : explain SELECT k, c FROM sbtest3 WHERE k BETWEEN 4305027 AND 4305127
	Bitmap Heap Scan on sbtest3  (cost=5.47..405.45 rows=101 width=125)
	  Recheck Cond: ((k >= 4305027) AND (k <= 4305127))
	  ->  Bitmap Index Scan on k_3  (cost=0.00..5.44 rows=101 width=0)
	        Index Cond: ((k >= 4305027) AND (k <= 4305127))

table 4 : explain SELECT k, c FROM sbtest4 WHERE k BETWEEN 4305027 AND 4305127
	Bitmap Heap Scan on sbtest4  (cost=5.50..417.33 rows=104 width=125)
	  Recheck Cond: ((k >= 4305027) AND (k <= 4305127))
	  ->  Bitmap Index Scan on k_4  (cost=0.00..5.47 rows=104 width=0)
	        Index Cond: ((k >= 4305027) AND (k <= 4305127))

table 5 : explain SELECT k, c FROM sbtest5 WHERE k BETWEEN 4305027 AND 4305127
	Bitmap Heap Scan on sbtest5  (cost=5.43..389.76 rows=97 width=125)
	  Recheck Cond: ((k >= 4305027) AND (k <= 4305127))
	  ->  Bitmap Index Scan on k_5  (cost=0.00..5.40 rows=97 width=0)
	        Index Cond: ((k >= 4305027) AND (k <= 4305127))

table 6 : explain SELECT k, c FROM sbtest6 WHERE k BETWEEN 4305027 AND 4305127
	Bitmap Heap Scan on sbtest6  (cost=5.48..409.44 rows=102 width=125)
	  Recheck Cond: ((k >= 4305027) AND (k <= 4305127))
	  ->  Bitmap Index Scan on k_6  (cost=0.00..5.45 rows=102 width=0)
	        Index Cond: ((k >= 4305027) AND (k <= 4305127))

table 7 : explain SELECT k, c FROM sbtest7 WHERE k BETWEEN 4305027 AND 4305127
	Bitmap Heap Scan on sbtest7  (cost=5.36..362.12 rows=90 width=125)
	  Recheck Cond: ((k >= 4305027) AND (k <= 4305127))
	  ->  Bitmap Index Scan on k_7  (cost=0.00..5.33 rows=90 width=0)
	        Index Cond: ((k >= 4305027) AND (k <= 4305127))

table 8 : explain SELECT k, c FROM sbtest8 WHERE k BETWEEN 4305027 AND 4305127
	Bitmap Heap Scan on sbtest8  (cost=5.49..413.43 rows=103 width=125)
	  Recheck Cond: ((k >= 4305027) AND (k <= 4305127))
	  ->  Bitmap Index Scan on k_8  (cost=0.00..5.46 rows=103 width=0)
	        Index Cond: ((k >= 4305027) AND (k <= 4305127))
for range-notcovered
table 1 : explain SELECT k, c FROM sbtest1 WHERE k BETWEEN 1459258 AND 1459358
	Bitmap Heap Scan on sbtest1  (cost=5.50..417.49 rows=104 width=125)
	  Recheck Cond: ((k >= 1459258) AND (k <= 1459358))
	  ->  Bitmap Index Scan on k_1  (cost=0.00..5.47 rows=104 width=0)
	        Index Cond: ((k >= 1459258) AND (k <= 1459358))

table 2 : explain SELECT k, c FROM sbtest2 WHERE k BETWEEN 1459258 AND 1459358
	Bitmap Heap Scan on sbtest2  (cost=5.54..433.06 rows=108 width=125)
	  Recheck Cond: ((k >= 1459258) AND (k <= 1459358))
	  ->  Bitmap Index Scan on k_2  (cost=0.00..5.51 rows=108 width=0)
	        Index Cond: ((k >= 1459258) AND (k <= 1459358))

table 3 : explain SELECT k, c FROM sbtest3 WHERE k BETWEEN 1459258 AND 1459358
	Bitmap Heap Scan on sbtest3  (cost=5.55..436.99 rows=109 width=125)
	  Recheck Cond: ((k >= 1459258) AND (k <= 1459358))
	  ->  Bitmap Index Scan on k_3  (cost=0.00..5.52 rows=109 width=0)
	        Index Cond: ((k >= 1459258) AND (k <= 1459358))

table 4 : explain SELECT k, c FROM sbtest4 WHERE k BETWEEN 1459258 AND 1459358
	Bitmap Heap Scan on sbtest4  (cost=5.46..401.55 rows=100 width=125)
	  Recheck Cond: ((k >= 1459258) AND (k <= 1459358))
	  ->  Bitmap Index Scan on k_4  (cost=0.00..5.43 rows=100 width=0)
	        Index Cond: ((k >= 1459258) AND (k <= 1459358))

table 5 : explain SELECT k, c FROM sbtest5 WHERE k BETWEEN 1459258 AND 1459358
	Bitmap Heap Scan on sbtest5  (cost=5.38..370.03 rows=92 width=125)
	  Recheck Cond: ((k >= 1459258) AND (k <= 1459358))
	  ->  Bitmap Index Scan on k_5  (cost=0.00..5.35 rows=92 width=0)
	        Index Cond: ((k >= 1459258) AND (k <= 1459358))

table 6 : explain SELECT k, c FROM sbtest6 WHERE k BETWEEN 1459258 AND 1459358
	Bitmap Heap Scan on sbtest6  (cost=5.41..381.83 rows=95 width=125)
	  Recheck Cond: ((k >= 1459258) AND (k <= 1459358))
	  ->  Bitmap Index Scan on k_6  (cost=0.00..5.38 rows=95 width=0)
	        Index Cond: ((k >= 1459258) AND (k <= 1459358))

table 7 : explain SELECT k, c FROM sbtest7 WHERE k BETWEEN 1459258 AND 1459358
	Bitmap Heap Scan on sbtest7  (cost=5.50..417.36 rows=104 width=125)
	  Recheck Cond: ((k >= 1459258) AND (k <= 1459358))
	  ->  Bitmap Index Scan on k_7  (cost=0.00..5.47 rows=104 width=0)
	        Index Cond: ((k >= 1459258) AND (k <= 1459358))

table 8 : explain SELECT k, c FROM sbtest8 WHERE k BETWEEN 1459258 AND 1459358
	Bitmap Heap Scan on sbtest8  (cost=5.45..397.66 rows=99 width=125)
	  Recheck Cond: ((k >= 1459258) AND (k <= 1459358))
	  ->  Bitmap Index Scan on k_8  (cost=0.00..5.42 rows=99 width=0)
	        Index Cond: ((k >= 1459258) AND (k <= 1459358))

explain: for range-notcovered :: explain SELECT k, c FROM sbtest%d WHERE k BETWEEN 5460229 AND 5460329
for range-notcovered
table 1 : explain SELECT k, c FROM sbtest1 WHERE k BETWEEN 8893029 AND 8893129
	Bitmap Heap Scan on sbtest1  (cost=5.50..417.49 rows=104 width=125)
	  Recheck Cond: ((k >= 8893029) AND (k <= 8893129))
	  ->  Bitmap Index Scan on k_1  (cost=0.00..5.47 rows=104 width=0)
	        Index Cond: ((k >= 8893029) AND (k <= 8893129))

table 2 : explain SELECT k, c FROM sbtest2 WHERE k BETWEEN 8893029 AND 8893129
	Bitmap Heap Scan on sbtest2  (cost=5.46..401.52 rows=100 width=125)
	  Recheck Cond: ((k >= 8893029) AND (k <= 8893129))
	  ->  Bitmap Index Scan on k_2  (cost=0.00..5.43 rows=100 width=0)
	        Index Cond: ((k >= 8893029) AND (k <= 8893129))

table 3 : explain SELECT k, c FROM sbtest3 WHERE k BETWEEN 8893029 AND 8893129
	Bitmap Heap Scan on sbtest3  (cost=5.51..421.22 rows=105 width=125)
	  Recheck Cond: ((k >= 8893029) AND (k <= 8893129))
	  ->  Bitmap Index Scan on k_3  (cost=0.00..5.48 rows=105 width=0)
	        Index Cond: ((k >= 8893029) AND (k <= 8893129))

table 4 : explain SELECT k, c FROM sbtest4 WHERE k BETWEEN 8893029 AND 8893129
	Bitmap Heap Scan on sbtest4  (cost=5.42..385.77 rows=96 width=125)
	  Recheck Cond: ((k >= 8893029) AND (k <= 8893129))
	  ->  Bitmap Index Scan on k_4  (cost=0.00..5.39 rows=96 width=0)
	        Index Cond: ((k >= 8893029) AND (k <= 8893129))

table 5 : explain SELECT k, c FROM sbtest5 WHERE k BETWEEN 8893029 AND 8893129
	Bitmap Heap Scan on sbtest5  (cost=5.43..389.76 rows=97 width=125)
	  Recheck Cond: ((k >= 8893029) AND (k <= 8893129))
	  ->  Bitmap Index Scan on k_5  (cost=0.00..5.40 rows=97 width=0)
	        Index Cond: ((k >= 8893029) AND (k <= 8893129))

table 6 : explain SELECT k, c FROM sbtest6 WHERE k BETWEEN 8893029 AND 8893129
	Bitmap Heap Scan on sbtest6  (cost=5.47..405.50 rows=101 width=125)
	  Recheck Cond: ((k >= 8893029) AND (k <= 8893129))
	  ->  Bitmap Index Scan on k_6  (cost=0.00..5.44 rows=101 width=0)
	        Index Cond: ((k >= 8893029) AND (k <= 8893129))

table 7 : explain SELECT k, c FROM sbtest7 WHERE k BETWEEN 8893029 AND 8893129
	Bitmap Heap Scan on sbtest7  (cost=5.51..421.30 rows=105 width=125)
	  Recheck Cond: ((k >= 8893029) AND (k <= 8893129))
	  ->  Bitmap Index Scan on k_7  (cost=0.00..5.48 rows=105 width=0)
	        Index Cond: ((k >= 8893029) AND (k <= 8893129))

table 8 : explain SELECT k, c FROM sbtest8 WHERE k BETWEEN 8893029 AND 8893129
	Bitmap Heap Scan on sbtest8  (cost=5.52..425.26 rows=106 width=125)
	  Recheck Cond: ((k >= 8893029) AND (k <= 8893129))
	  ->  Bitmap Index Scan on k_8  (cost=0.00..5.50 rows=106 width=0)
	        Index Cond: ((k >= 8893029) AND (k <= 8893129))

for range-notcovered
table 1 : explain SELECT k, c FROM sbtest1 WHERE k BETWEEN 5428658 AND 5428758
	Bitmap Heap Scan on sbtest1  (cost=5.46..401.71 rows=100 width=125)
	  Recheck Cond: ((k >= 5428658) AND (k <= 5428758))
	  ->  Bitmap Index Scan on k_1  (cost=0.00..5.43 rows=100 width=0)
	        Index Cond: ((k >= 5428658) AND (k <= 5428758))

table 2 : explain SELECT k, c FROM sbtest2 WHERE k BETWEEN 5428658 AND 5428758
	Bitmap Heap Scan on sbtest2  (cost=5.53..429.12 rows=107 width=125)
	  Recheck Cond: ((k >= 5428658) AND (k <= 5428758))
	  ->  Bitmap Index Scan on k_2  (cost=0.00..5.50 rows=107 width=0)
	        Index Cond: ((k >= 5428658) AND (k <= 5428758))

table 3 : explain SELECT k, c FROM sbtest3 WHERE k BETWEEN 5428658 AND 5428758
	Bitmap Heap Scan on sbtest3  (cost=5.43..389.68 rows=97 width=125)
	  Recheck Cond: ((k >= 5428658) AND (k <= 5428758))
	  ->  Bitmap Index Scan on k_3  (cost=0.00..5.40 rows=97 width=0)
	        Index Cond: ((k >= 5428658) AND (k <= 5428758))

table 4 : explain SELECT k, c FROM sbtest4 WHERE k BETWEEN 5428658 AND 5428758
	Bitmap Heap Scan on sbtest4  (cost=5.47..405.50 rows=101 width=125)
	  Recheck Cond: ((k >= 5428658) AND (k <= 5428758))
	  ->  Bitmap Index Scan on k_4  (cost=0.00..5.44 rows=101 width=0)
	        Index Cond: ((k >= 5428658) AND (k <= 5428758))

table 5 : explain SELECT k, c FROM sbtest5 WHERE k BETWEEN 5428658 AND 5428758
	Bitmap Heap Scan on sbtest5  (cost=5.52..425.26 rows=106 width=125)
	  Recheck Cond: ((k >= 5428658) AND (k <= 5428758))
	  ->  Bitmap Index Scan on k_5  (cost=0.00..5.50 rows=106 width=0)
	        Index Cond: ((k >= 5428658) AND (k <= 5428758))

table 6 : explain SELECT k, c FROM sbtest6 WHERE k BETWEEN 5428658 AND 5428758
	Bitmap Heap Scan on sbtest6  (cost=5.38..369.99 rows=92 width=125)
	  Recheck Cond: ((k >= 5428658) AND (k <= 5428758))
	  ->  Bitmap Index Scan on k_6  (cost=0.00..5.35 rows=92 width=0)
	        Index Cond: ((k >= 5428658) AND (k <= 5428758))

table 7 : explain SELECT k, c FROM sbtest7 WHERE k BETWEEN 5428658 AND 5428758
	Bitmap Heap Scan on sbtest7  (cost=5.42..385.80 rows=96 width=125)
	  Recheck Cond: ((k >= 5428658) AND (k <= 5428758))
	  ->  Bitmap Index Scan on k_7  (cost=0.00..5.39 rows=96 width=0)
	        Index Cond: ((k >= 5428658) AND (k <= 5428758))

table 8 : explain SELECT k, c FROM sbtest8 WHERE k BETWEEN 5428658 AND 5428758
	Bitmap Heap Scan on sbtest8  (cost=5.48..409.49 rows=102 width=125)
	  Recheck Cond: ((k >= 5428658) AND (k <= 5428758))
	  ->  Bitmap Index Scan on k_8  (cost=0.00..5.45 rows=102 width=0)
	        Index Cond: ((k >= 5428658) AND (k <= 5428758))

explain: for range-notcovered :: explain SELECT k, c FROM sbtest%d WHERE k BETWEEN 4339301 AND 4339401

for range-notcovered
table 1 : explain SELECT k, c FROM sbtest1 WHERE k BETWEEN 5520301 AND 5520401
	Bitmap Heap Scan on sbtest1  (cost=5.42..385.92 rows=96 width=125)
	  Recheck Cond: ((k >= 5520301) AND (k <= 5520401))
	  ->  Bitmap Index Scan on k_1  (cost=0.00..5.39 rows=96 width=0)
	        Index Cond: ((k >= 5520301) AND (k <= 5520401))

table 2 : explain SELECT k, c FROM sbtest2 WHERE k BETWEEN 5520301 AND 5520401
	Bitmap Heap Scan on sbtest2  (cost=5.40..377.85 rows=94 width=125)
	  Recheck Cond: ((k >= 5520301) AND (k <= 5520401))
	  ->  Bitmap Index Scan on k_2  (cost=0.00..5.38 rows=94 width=0)
	        Index Cond: ((k >= 5520301) AND (k <= 5520401))

table 3 : explain SELECT k, c FROM sbtest3 WHERE k BETWEEN 5520301 AND 5520401
	Bitmap Heap Scan on sbtest3  (cost=5.43..389.68 rows=97 width=125)
	  Recheck Cond: ((k >= 5520301) AND (k <= 5520401))
	  ->  Bitmap Index Scan on k_3  (cost=0.00..5.40 rows=97 width=0)
	        Index Cond: ((k >= 5520301) AND (k <= 5520401))

table 4 : explain SELECT k, c FROM sbtest4 WHERE k BETWEEN 5520301 AND 5520401
	Bitmap Heap Scan on sbtest4  (cost=5.52..425.21 rows=106 width=125)
	  Recheck Cond: ((k >= 5520301) AND (k <= 5520401))
	  ->  Bitmap Index Scan on k_4  (cost=0.00..5.50 rows=106 width=0)
	        Index Cond: ((k >= 5520301) AND (k <= 5520401))

table 5 : explain SELECT k, c FROM sbtest5 WHERE k BETWEEN 5520301 AND 5520401
	Bitmap Heap Scan on sbtest5  (cost=5.49..413.43 rows=103 width=125)
	  Recheck Cond: ((k >= 5520301) AND (k <= 5520401))
	  ->  Bitmap Index Scan on k_5  (cost=0.00..5.46 rows=103 width=0)
	        Index Cond: ((k >= 5520301) AND (k <= 5520401))

table 6 : explain SELECT k, c FROM sbtest6 WHERE k BETWEEN 5520301 AND 5520401
	Bitmap Heap Scan on sbtest6  (cost=5.53..429.16 rows=107 width=125)
	  Recheck Cond: ((k >= 5520301) AND (k <= 5520401))
	  ->  Bitmap Index Scan on k_6  (cost=0.00..5.50 rows=107 width=0)
	        Index Cond: ((k >= 5520301) AND (k <= 5520401))

table 7 : explain SELECT k, c FROM sbtest7 WHERE k BETWEEN 5520301 AND 5520401
	Bitmap Heap Scan on sbtest7  (cost=5.68..484.34 rows=121 width=125)
	  Recheck Cond: ((k >= 5520301) AND (k <= 5520401))
	  ->  Bitmap Index Scan on k_7  (cost=0.00..5.64 rows=121 width=0)
	        Index Cond: ((k >= 5520301) AND (k <= 5520401))

table 8 : explain SELECT k, c FROM sbtest8 WHERE k BETWEEN 5520301 AND 5520401
	Bitmap Heap Scan on sbtest8  (cost=5.45..397.66 rows=99 width=125)
	  Recheck Cond: ((k >= 5520301) AND (k <= 5520401))
	  ->  Bitmap Index Scan on k_8  (cost=0.00..5.42 rows=99 width=0)
	        Index Cond: ((k >= 5520301) AND (k <= 5520401))


explain: for range-notcovered :: explain SELECT k, c FROM sbtest%d WHERE k BETWEEN 5658378 AND 5658478

explain: for range-notcovered :: explain SELECT k, c FROM sbtest%d WHERE k BETWEEN 6268598 AND 6268698
for range-notcovered
table 1 : explain SELECT k, c FROM sbtest1 WHERE k BETWEEN 6515265 AND 6515365
	Bitmap Heap Scan on sbtest1  (cost=5.52..425.38 rows=106 width=125)
	  Recheck Cond: ((k >= 6515265) AND (k <= 6515365))
	  ->  Bitmap Index Scan on k_1  (cost=0.00..5.50 rows=106 width=0)
	        Index Cond: ((k >= 6515265) AND (k <= 6515365))

table 2 : explain SELECT k, c FROM sbtest2 WHERE k BETWEEN 6515265 AND 6515365
	Bitmap Heap Scan on sbtest2  (cost=5.44..393.63 rows=98 width=125)
	  Recheck Cond: ((k >= 6515265) AND (k <= 6515365))
	  ->  Bitmap Index Scan on k_2  (cost=0.00..5.42 rows=98 width=0)
	        Index Cond: ((k >= 6515265) AND (k <= 6515365))

table 3 : explain SELECT k, c FROM sbtest3 WHERE k BETWEEN 6515265 AND 6515365
	Bitmap Heap Scan on sbtest3  (cost=5.51..421.22 rows=105 width=125)
	  Recheck Cond: ((k >= 6515265) AND (k <= 6515365))
	  ->  Bitmap Index Scan on k_3  (cost=0.00..5.48 rows=105 width=0)
	        Index Cond: ((k >= 6515265) AND (k <= 6515365))

table 4 : explain SELECT k, c FROM sbtest4 WHERE k BETWEEN 6515265 AND 6515365
	Bitmap Heap Scan on sbtest4  (cost=5.46..401.55 rows=100 width=125)
	  Recheck Cond: ((k >= 6515265) AND (k <= 6515365))
	  ->  Bitmap Index Scan on k_4  (cost=0.00..5.43 rows=100 width=0)
	        Index Cond: ((k >= 6515265) AND (k <= 6515365))

table 5 : explain SELECT k, c FROM sbtest5 WHERE k BETWEEN 6515265 AND 6515365
	Bitmap Heap Scan on sbtest5  (cost=5.41..381.87 rows=95 width=125)
	  Recheck Cond: ((k >= 6515265) AND (k <= 6515365))
	  ->  Bitmap Index Scan on k_5  (cost=0.00..5.38 rows=95 width=0)
	        Index Cond: ((k >= 6515265) AND (k <= 6515365))

table 6 : explain SELECT k, c FROM sbtest6 WHERE k BETWEEN 6515265 AND 6515365
	Bitmap Heap Scan on sbtest6  (cost=5.46..401.56 rows=100 width=125)
	  Recheck Cond: ((k >= 6515265) AND (k <= 6515365))
	  ->  Bitmap Index Scan on k_6  (cost=0.00..5.43 rows=100 width=0)
	        Index Cond: ((k >= 6515265) AND (k <= 6515365))

table 7 : explain SELECT k, c FROM sbtest7 WHERE k BETWEEN 6515265 AND 6515365
	Bitmap Heap Scan on sbtest7  (cost=5.43..389.75 rows=97 width=125)
	  Recheck Cond: ((k >= 6515265) AND (k <= 6515365))
	  ->  Bitmap Index Scan on k_7  (cost=0.00..5.40 rows=97 width=0)
	        Index Cond: ((k >= 6515265) AND (k <= 6515365))

table 8 : explain SELECT k, c FROM sbtest8 WHERE k BETWEEN 6515265 AND 6515365
	Bitmap Heap Scan on sbtest8  (cost=5.45..397.66 rows=99 width=125)
	  Recheck Cond: ((k >= 6515265) AND (k <= 6515365))
	  ->  Bitmap Index Scan on k_8  (cost=0.00..5.42 rows=99 width=0)
	        Index Cond: ((k >= 6515265) AND (k <= 6515365))

for range-notcovered
table 1 : explain SELECT k, c FROM sbtest1 WHERE k BETWEEN 4998269 AND 4998369
	Bitmap Heap Scan on sbtest1  (cost=5.50..417.49 rows=104 width=125)
	  Recheck Cond: ((k >= 4998269) AND (k <= 4998369))
	  ->  Bitmap Index Scan on k_1  (cost=0.00..5.47 rows=104 width=0)
	        Index Cond: ((k >= 4998269) AND (k <= 4998369))

table 2 : explain SELECT k, c FROM sbtest2 WHERE k BETWEEN 4998269 AND 4998369
	Bitmap Heap Scan on sbtest2  (cost=5.52..425.18 rows=106 width=125)
	  Recheck Cond: ((k >= 4998269) AND (k <= 4998369))
	  ->  Bitmap Index Scan on k_2  (cost=0.00..5.50 rows=106 width=0)
	        Index Cond: ((k >= 4998269) AND (k <= 4998369))

table 3 : explain SELECT k, c FROM sbtest3 WHERE k BETWEEN 4998269 AND 4998369
	Bitmap Heap Scan on sbtest3  (cost=5.35..358.11 rows=89 width=125)
	  Recheck Cond: ((k >= 4998269) AND (k <= 4998369))
	  ->  Bitmap Index Scan on k_3  (cost=0.00..5.32 rows=89 width=0)
	        Index Cond: ((k >= 4998269) AND (k <= 4998369))

table 4 : explain SELECT k, c FROM sbtest4 WHERE k BETWEEN 4998269 AND 4998369
	Bitmap Heap Scan on sbtest4  (cost=5.48..409.44 rows=102 width=125)
	  Recheck Cond: ((k >= 4998269) AND (k <= 4998369))
	  ->  Bitmap Index Scan on k_4  (cost=0.00..5.45 rows=102 width=0)
	        Index Cond: ((k >= 4998269) AND (k <= 4998369))

table 5 : explain SELECT k, c FROM sbtest5 WHERE k BETWEEN 4998269 AND 4998369
	Bitmap Heap Scan on sbtest5  (cost=5.51..421.32 rows=105 width=125)
	  Recheck Cond: ((k >= 4998269) AND (k <= 4998369))
	  ->  Bitmap Index Scan on k_5  (cost=0.00..5.48 rows=105 width=0)
	        Index Cond: ((k >= 4998269) AND (k <= 4998369))

table 6 : explain SELECT k, c FROM sbtest6 WHERE k BETWEEN 4998269 AND 4998369
	Bitmap Heap Scan on sbtest6  (cost=5.50..417.33 rows=104 width=125)
	  Recheck Cond: ((k >= 4998269) AND (k <= 4998369))
	  ->  Bitmap Index Scan on k_6  (cost=0.00..5.47 rows=104 width=0)
	        Index Cond: ((k >= 4998269) AND (k <= 4998369))

table 7 : explain SELECT k, c FROM sbtest7 WHERE k BETWEEN 4998269 AND 4998369
	Bitmap Heap Scan on sbtest7  (cost=5.54..433.13 rows=108 width=125)
	  Recheck Cond: ((k >= 4998269) AND (k <= 4998369))
	  ->  Bitmap Index Scan on k_7  (cost=0.00..5.51 rows=108 width=0)
	        Index Cond: ((k >= 4998269) AND (k <= 4998369))

table 8 : explain SELECT k, c FROM sbtest8 WHERE k BETWEEN 4998269 AND 4998369
	Bitmap Heap Scan on sbtest8  (cost=5.46..401.60 rows=100 width=125)
	  Recheck Cond: ((k >= 4998269) AND (k <= 4998369))
	  ->  Bitmap Index Scan on k_8  (cost=0.00..5.43 rows=100 width=0)
	        Index Cond: ((k >= 4998269) AND (k <= 4998369))

for range-notcovered
table 1 : explain SELECT k, c FROM sbtest1 WHERE k BETWEEN 6392831 AND 6392931
	Bitmap Heap Scan on sbtest1  (cost=5.41..381.97 rows=95 width=125)
	  Recheck Cond: ((k >= 6392831) AND (k <= 6392931))
	  ->  Bitmap Index Scan on k_1  (cost=0.00..5.38 rows=95 width=0)
	        Index Cond: ((k >= 6392831) AND (k <= 6392931))

table 2 : explain SELECT k, c FROM sbtest2 WHERE k BETWEEN 6392831 AND 6392931
	Bitmap Heap Scan on sbtest2  (cost=5.49..413.35 rows=103 width=125)
	  Recheck Cond: ((k >= 6392831) AND (k <= 6392931))
	  ->  Bitmap Index Scan on k_2  (cost=0.00..5.46 rows=103 width=0)
	        Index Cond: ((k >= 6392831) AND (k <= 6392931))

table 3 : explain SELECT k, c FROM sbtest3 WHERE k BETWEEN 6392831 AND 6392931
	Bitmap Heap Scan on sbtest3  (cost=5.46..401.51 rows=100 width=125)
	  Recheck Cond: ((k >= 6392831) AND (k <= 6392931))
	  ->  Bitmap Index Scan on k_3  (cost=0.00..5.43 rows=100 width=0)
	        Index Cond: ((k >= 6392831) AND (k <= 6392931))

table 4 : explain SELECT k, c FROM sbtest4 WHERE k BETWEEN 6392831 AND 6392931
	Bitmap Heap Scan on sbtest4  (cost=5.55..437.04 rows=109 width=125)
	  Recheck Cond: ((k >= 6392831) AND (k <= 6392931))
	  ->  Bitmap Index Scan on k_4  (cost=0.00..5.52 rows=109 width=0)
	        Index Cond: ((k >= 6392831) AND (k <= 6392931))

table 5 : explain SELECT k, c FROM sbtest5 WHERE k BETWEEN 6392831 AND 6392931
	Bitmap Heap Scan on sbtest5  (cost=5.40..377.92 rows=94 width=125)
	  Recheck Cond: ((k >= 6392831) AND (k <= 6392931))
	  ->  Bitmap Index Scan on k_5  (cost=0.00..5.38 rows=94 width=0)
	        Index Cond: ((k >= 6392831) AND (k <= 6392931))

table 6 : explain SELECT k, c FROM sbtest6 WHERE k BETWEEN 6392831 AND 6392931
	Bitmap Heap Scan on sbtest6  (cost=5.55..437.04 rows=109 width=125)
	  Recheck Cond: ((k >= 6392831) AND (k <= 6392931))
	  ->  Bitmap Index Scan on k_6  (cost=0.00..5.52 rows=109 width=0)
	        Index Cond: ((k >= 6392831) AND (k <= 6392931))

table 7 : explain SELECT k, c FROM sbtest7 WHERE k BETWEEN 6392831 AND 6392931
	Bitmap Heap Scan on sbtest7  (cost=5.54..433.13 rows=108 width=125)
	  Recheck Cond: ((k >= 6392831) AND (k <= 6392931))
	  ->  Bitmap Index Scan on k_7  (cost=0.00..5.51 rows=108 width=0)
	        Index Cond: ((k >= 6392831) AND (k <= 6392931))

table 8 : explain SELECT k, c FROM sbtest8 WHERE k BETWEEN 6392831 AND 6392931
	Bitmap Heap Scan on sbtest8  (cost=5.49..413.43 rows=103 width=125)
	  Recheck Cond: ((k >= 6392831) AND (k <= 6392931))
	  ->  Bitmap Index Scan on k_8  (cost=0.00..5.46 rows=103 width=0)
	        Index Cond: ((k >= 6392831) AND (k <= 6392931))

for range-notcovered
table 1 : explain SELECT k, c FROM sbtest1 WHERE k BETWEEN 3928970 AND 3929070
	Bitmap Heap Scan on sbtest1  (cost=5.43..389.87 rows=97 width=125)
	  Recheck Cond: ((k >= 3928970) AND (k <= 3929070))
	  ->  Bitmap Index Scan on k_1  (cost=0.00..5.40 rows=97 width=0)
	        Index Cond: ((k >= 3928970) AND (k <= 3929070))

table 2 : explain SELECT k, c FROM sbtest2 WHERE k BETWEEN 3928970 AND 3929070
	Bitmap Heap Scan on sbtest2  (cost=5.37..366.01 rows=91 width=125)
	  Recheck Cond: ((k >= 3928970) AND (k <= 3929070))
	  ->  Bitmap Index Scan on k_2  (cost=0.00..5.34 rows=91 width=0)
	        Index Cond: ((k >= 3928970) AND (k <= 3929070))

table 3 : explain SELECT k, c FROM sbtest3 WHERE k BETWEEN 3928970 AND 3929070
	Bitmap Heap Scan on sbtest3  (cost=5.55..436.99 rows=109 width=125)
	  Recheck Cond: ((k >= 3928970) AND (k <= 3929070))
	  ->  Bitmap Index Scan on k_3  (cost=0.00..5.52 rows=109 width=0)
	        Index Cond: ((k >= 3928970) AND (k <= 3929070))

table 4 : explain SELECT k, c FROM sbtest4 WHERE k BETWEEN 3928970 AND 3929070
	Bitmap Heap Scan on sbtest4  (cost=5.51..421.27 rows=105 width=125)
	  Recheck Cond: ((k >= 3928970) AND (k <= 3929070))
	  ->  Bitmap Index Scan on k_4  (cost=0.00..5.48 rows=105 width=0)
	        Index Cond: ((k >= 3928970) AND (k <= 3929070))

table 5 : explain SELECT k, c FROM sbtest5 WHERE k BETWEEN 3928970 AND 3929070
	Bitmap Heap Scan on sbtest5  (cost=5.60..456.79 rows=114 width=125)
	  Recheck Cond: ((k >= 3928970) AND (k <= 3929070))
	  ->  Bitmap Index Scan on k_5  (cost=0.00..5.58 rows=114 width=0)
	        Index Cond: ((k >= 3928970) AND (k <= 3929070))

table 6 : explain SELECT k, c FROM sbtest6 WHERE k BETWEEN 3928970 AND 3929070
	Bitmap Heap Scan on sbtest6  (cost=5.48..409.44 rows=102 width=125)
	  Recheck Cond: ((k >= 3928970) AND (k <= 3929070))
	  ->  Bitmap Index Scan on k_6  (cost=0.00..5.45 rows=102 width=0)
	        Index Cond: ((k >= 3928970) AND (k <= 3929070))

table 7 : explain SELECT k, c FROM sbtest7 WHERE k BETWEEN 3928970 AND 3929070
	Bitmap Heap Scan on sbtest7  (cost=5.45..397.64 rows=99 width=125)
	  Recheck Cond: ((k >= 3928970) AND (k <= 3929070))
	  ->  Bitmap Index Scan on k_7  (cost=0.00..5.42 rows=99 width=0)
	        Index Cond: ((k >= 3928970) AND (k <= 3929070))

table 8 : explain SELECT k, c FROM sbtest8 WHERE k BETWEEN 3928970 AND 3929070
	Bitmap Heap Scan on sbtest8  (cost=5.49..413.43 rows=103 width=125)
	  Recheck Cond: ((k >= 3928970) AND (k <= 3929070))
	  ->  Bitmap Index Scan on k_8  (cost=0.00..5.46 rows=103 width=0)
	        Index Cond: ((k >= 3928970) AND (k <= 3929070))

explain: for range-notcovered :: explain SELECT k, c FROM sbtest%d WHERE k BETWEEN 5367980 AND 5368080for range-notcovered
table 1 : explain SELECT k, c FROM sbtest1 WHERE k BETWEEN 4481903 AND 4482003
	Bitmap Heap Scan on sbtest1  (cost=5.48..409.60 rows=102 width=125)
	  Recheck Cond: ((k >= 4481903) AND (k <= 4482003))
	  ->  Bitmap Index Scan on k_1  (cost=0.00..5.45 rows=102 width=0)
	        Index Cond: ((k >= 4481903) AND (k <= 4482003))

table 2 : explain SELECT k, c FROM sbtest2 WHERE k BETWEEN 4481903 AND 4482003
	Bitmap Heap Scan on sbtest2  (cost=5.39..373.91 rows=93 width=125)
	  Recheck Cond: ((k >= 4481903) AND (k <= 4482003))
	  ->  Bitmap Index Scan on k_2  (cost=0.00..5.36 rows=93 width=0)
	        Index Cond: ((k >= 4481903) AND (k <= 4482003))

table 3 : explain SELECT k, c FROM sbtest3 WHERE k BETWEEN 4481903 AND 4482003
	Bitmap Heap Scan on sbtest3  (cost=5.52..425.16 rows=106 width=125)
	  Recheck Cond: ((k >= 4481903) AND (k <= 4482003))
	  ->  Bitmap Index Scan on k_3  (cost=0.00..5.50 rows=106 width=0)
	        Index Cond: ((k >= 4481903) AND (k <= 4482003))

table 4 : explain SELECT k, c FROM sbtest4 WHERE k BETWEEN 4481903 AND 4482003
	Bitmap Heap Scan on sbtest4  (cost=5.56..440.98 rows=110 width=125)
	  Recheck Cond: ((k >= 4481903) AND (k <= 4482003))
	  ->  Bitmap Index Scan on k_4  (cost=0.00..5.53 rows=110 width=0)
	        Index Cond: ((k >= 4481903) AND (k <= 4482003))

table 5 : explain SELECT k, c FROM sbtest5 WHERE k BETWEEN 4481903 AND 4482003
	Bitmap Heap Scan on sbtest5  (cost=5.45..397.65 rows=99 width=125)
	  Recheck Cond: ((k >= 4481903) AND (k <= 4482003))
	  ->  Bitmap Index Scan on k_5  (cost=0.00..5.42 rows=99 width=0)
	        Index Cond: ((k >= 4481903) AND (k <= 4482003))

table 6 : explain SELECT k, c FROM sbtest6 WHERE k BETWEEN 4481903 AND 4482003
	Bitmap Heap Scan on sbtest6  (cost=5.38..369.99 rows=92 width=125)
	  Recheck Cond: ((k >= 4481903) AND (k <= 4482003))
	  ->  Bitmap Index Scan on k_6  (cost=0.00..5.35 rows=92 width=0)
	        Index Cond: ((k >= 4481903) AND (k <= 4482003))

table 7 : explain SELECT k, c FROM sbtest7 WHERE k BETWEEN 4481903 AND 4482003
	Bitmap Heap Scan on sbtest7  (cost=5.43..389.75 rows=97 width=125)
	  Recheck Cond: ((k >= 4481903) AND (k <= 4482003))
	  ->  Bitmap Index Scan on k_7  (cost=0.00..5.40 rows=97 width=0)
	        Index Cond: ((k >= 4481903) AND (k <= 4482003))

table 8 : explain SELECT k, c FROM sbtest8 WHERE k BETWEEN 4481903 AND 4482003
	Bitmap Heap Scan on sbtest8  (cost=5.49..413.43 rows=103 width=125)
	  Recheck Cond: ((k >= 4481903) AND (k <= 4482003))
	  ->  Bitmap Index Scan on k_8  (cost=0.00..5.46 rows=103 width=0)
	        Index Cond: ((k >= 4481903) AND (k <= 4482003))
for range-notcovered
table 1 : explain SELECT k, c FROM sbtest1 WHERE k BETWEEN 3509700 AND 3509800
	Bitmap Heap Scan on sbtest1  (cost=5.56..441.15 rows=110 width=125)
	  Recheck Cond: ((k >= 3509700) AND (k <= 3509800))
	  ->  Bitmap Index Scan on k_1  (cost=0.00..5.53 rows=110 width=0)
	        Index Cond: ((k >= 3509700) AND (k <= 3509800))

table 2 : explain SELECT k, c FROM sbtest2 WHERE k BETWEEN 3509700 AND 3509800
	Bitmap Heap Scan on sbtest2  (cost=5.46..401.52 rows=100 width=125)
	  Recheck Cond: ((k >= 3509700) AND (k <= 3509800))
	  ->  Bitmap Index Scan on k_2  (cost=0.00..5.43 rows=100 width=0)
	        Index Cond: ((k >= 3509700) AND (k <= 3509800))

table 3 : explain SELECT k, c FROM sbtest3 WHERE k BETWEEN 3509700 AND 3509800
	Bitmap Heap Scan on sbtest3  (cost=5.55..436.99 rows=109 width=125)
	  Recheck Cond: ((k >= 3509700) AND (k <= 3509800))
	  ->  Bitmap Index Scan on k_3  (cost=0.00..5.52 rows=109 width=0)
	        Index Cond: ((k >= 3509700) AND (k <= 3509800))

table 4 : explain SELECT k, c FROM sbtest4 WHERE k BETWEEN 3509700 AND 3509800
	Bitmap Heap Scan on sbtest4  (cost=5.42..385.77 rows=96 width=125)
	  Recheck Cond: ((k >= 3509700) AND (k <= 3509800))
	  ->  Bitmap Index Scan on k_4  (cost=0.00..5.39 rows=96 width=0)
	        Index Cond: ((k >= 3509700) AND (k <= 3509800))

table 5 : explain SELECT k, c FROM sbtest5 WHERE k BETWEEN 3509700 AND 3509800
	Bitmap Heap Scan on sbtest5  (cost=5.43..389.76 rows=97 width=125)
	  Recheck Cond: ((k >= 3509700) AND (k <= 3509800))
	  ->  Bitmap Index Scan on k_5  (cost=0.00..5.40 rows=97 width=0)
	        Index Cond: ((k >= 3509700) AND (k <= 3509800))

table 6 : explain SELECT k, c FROM sbtest6 WHERE k BETWEEN 3509700 AND 3509800
	Bitmap Heap Scan on sbtest6  (cost=5.49..413.39 rows=103 width=125)
	  Recheck Cond: ((k >= 3509700) AND (k <= 3509800))
	  ->  Bitmap Index Scan on k_6  (cost=0.00..5.46 rows=103 width=0)
	        Index Cond: ((k >= 3509700) AND (k <= 3509800))

table 7 : explain SELECT k, c FROM sbtest7 WHERE k BETWEEN 3509700 AND 3509800
	Bitmap Heap Scan on sbtest7  (cost=5.51..421.30 rows=105 width=125)
	  Recheck Cond: ((k >= 3509700) AND (k <= 3509800))
	  ->  Bitmap Index Scan on k_7  (cost=0.00..5.48 rows=105 width=0)
	        Index Cond: ((k >= 3509700) AND (k <= 3509800))

table 8 : explain SELECT k, c FROM sbtest8 WHERE k BETWEEN 3509700 AND 3509800
	Bitmap Heap Scan on sbtest8  (cost=5.56..441.03 rows=110 width=125)
	  Recheck Cond: ((k >= 3509700) AND (k <= 3509800))
	  ->  Bitmap Index Scan on k_8  (cost=0.00..5.53 rows=110 width=0)
	        Index Cond: ((k >= 3509700) AND (k <= 3509800))

for range-notcovered
table 1 : explain SELECT k, c FROM sbtest1 WHERE k BETWEEN 8430366 AND 8430466
	Bitmap Heap Scan on sbtest1  (cost=5.47..405.65 rows=101 width=125)
	  Recheck Cond: ((k >= 8430366) AND (k <= 8430466))
	  ->  Bitmap Index Scan on k_1  (cost=0.00..5.44 rows=101 width=0)
	        Index Cond: ((k >= 8430366) AND (k <= 8430466))

table 2 : explain SELECT k, c FROM sbtest2 WHERE k BETWEEN 8430366 AND 8430466
	Bitmap Heap Scan on sbtest2  (cost=5.52..425.18 rows=106 width=125)
	  Recheck Cond: ((k >= 8430366) AND (k <= 8430466))
	  ->  Bitmap Index Scan on k_2  (cost=0.00..5.50 rows=106 width=0)
	        Index Cond: ((k >= 8430366) AND (k <= 8430466))

table 3 : explain SELECT k, c FROM sbtest3 WHERE k BETWEEN 8430366 AND 8430466
	Bitmap Heap Scan on sbtest3  (cost=5.49..413.34 rows=103 width=125)
	  Recheck Cond: ((k >= 8430366) AND (k <= 8430466))
	  ->  Bitmap Index Scan on k_3  (cost=0.00..5.46 rows=103 width=0)
	        Index Cond: ((k >= 8430366) AND (k <= 8430466))

table 4 : explain SELECT k, c FROM sbtest4 WHERE k BETWEEN 8430366 AND 8430466
	Bitmap Heap Scan on sbtest4  (cost=5.49..413.38 rows=103 width=125)
	  Recheck Cond: ((k >= 8430366) AND (k <= 8430466))
	  ->  Bitmap Index Scan on k_4  (cost=0.00..5.46 rows=103 width=0)
	        Index Cond: ((k >= 8430366) AND (k <= 8430466))

table 5 : explain SELECT k, c FROM sbtest5 WHERE k BETWEEN 8430366 AND 8430466
	Bitmap Heap Scan on sbtest5  (cost=5.42..385.82 rows=96 width=125)
	  Recheck Cond: ((k >= 8430366) AND (k <= 8430466))
	  ->  Bitmap Index Scan on k_5  (cost=0.00..5.39 rows=96 width=0)
	        Index Cond: ((k >= 8430366) AND (k <= 8430466))

table 6 : explain SELECT k, c FROM sbtest6 WHERE k BETWEEN 8430366 AND 8430466
	Bitmap Heap Scan on sbtest6  (cost=5.46..401.56 rows=100 width=125)
	  Recheck Cond: ((k >= 8430366) AND (k <= 8430466))
	  ->  Bitmap Index Scan on k_6  (cost=0.00..5.43 rows=100 width=0)
	        Index Cond: ((k >= 8430366) AND (k <= 8430466))

table 7 : explain SELECT k, c FROM sbtest7 WHERE k BETWEEN 8430366 AND 8430466
	Bitmap Heap Scan on sbtest7  (cost=5.40..377.91 rows=94 width=125)
	  Recheck Cond: ((k >= 8430366) AND (k <= 8430466))
	  ->  Bitmap Index Scan on k_7  (cost=0.00..5.38 rows=94 width=0)
	        Index Cond: ((k >= 8430366) AND (k <= 8430466))

table 8 : explain SELECT k, c FROM sbtest8 WHERE k BETWEEN 8430366 AND 8430466
	Bitmap Heap Scan on sbtest8  (cost=5.50..417.38 rows=104 width=125)
	  Recheck Cond: ((k >= 8430366) AND (k <= 8430466))
	  ->  Bitmap Index Scan on k_8  (cost=0.00..5.47 rows=104 width=0)
	        Index Cond: ((k >= 8430366) AND (k <= 8430466))


explain: for range-notcovered :: explain SELECT k, c FROM sbtest%d WHERE k BETWEEN 5256120 AND 5256220
for range-notcovered
table 1 : explain SELECT k, c FROM sbtest1 WHERE k BETWEEN 6399033 AND 6399133
	Bitmap Heap Scan on sbtest1  (cost=5.41..381.97 rows=95 width=125)
	  Recheck Cond: ((k >= 6399033) AND (k <= 6399133))
	  ->  Bitmap Index Scan on k_1  (cost=0.00..5.38 rows=95 width=0)
	        Index Cond: ((k >= 6399033) AND (k <= 6399133))

table 2 : explain SELECT k, c FROM sbtest2 WHERE k BETWEEN 6399033 AND 6399133
	Bitmap Heap Scan on sbtest2  (cost=5.49..413.35 rows=103 width=125)
	  Recheck Cond: ((k >= 6399033) AND (k <= 6399133))
	  ->  Bitmap Index Scan on k_2  (cost=0.00..5.46 rows=103 width=0)
	        Index Cond: ((k >= 6399033) AND (k <= 6399133))

table 3 : explain SELECT k, c FROM sbtest3 WHERE k BETWEEN 6399033 AND 6399133
	Bitmap Heap Scan on sbtest3  (cost=5.46..401.51 rows=100 width=125)
	  Recheck Cond: ((k >= 6399033) AND (k <= 6399133))
	  ->  Bitmap Index Scan on k_3  (cost=0.00..5.43 rows=100 width=0)
	        Index Cond: ((k >= 6399033) AND (k <= 6399133))

table 4 : explain SELECT k, c FROM sbtest4 WHERE k BETWEEN 6399033 AND 6399133
	Bitmap Heap Scan on sbtest4  (cost=5.55..437.04 rows=109 width=125)
	  Recheck Cond: ((k >= 6399033) AND (k <= 6399133))
	  ->  Bitmap Index Scan on k_4  (cost=0.00..5.52 rows=109 width=0)
	        Index Cond: ((k >= 6399033) AND (k <= 6399133))

table 5 : explain SELECT k, c FROM sbtest5 WHERE k BETWEEN 6399033 AND 6399133
	Bitmap Heap Scan on sbtest5  (cost=5.40..377.92 rows=94 width=125)
	  Recheck Cond: ((k >= 6399033) AND (k <= 6399133))
	  ->  Bitmap Index Scan on k_5  (cost=0.00..5.38 rows=94 width=0)
	        Index Cond: ((k >= 6399033) AND (k <= 6399133))

table 6 : explain SELECT k, c FROM sbtest6 WHERE k BETWEEN 6399033 AND 6399133
	Bitmap Heap Scan on sbtest6  (cost=5.55..437.04 rows=109 width=125)
	  Recheck Cond: ((k >= 6399033) AND (k <= 6399133))
	  ->  Bitmap Index Scan on k_6  (cost=0.00..5.52 rows=109 width=0)
	        Index Cond: ((k >= 6399033) AND (k <= 6399133))

table 7 : explain SELECT k, c FROM sbtest7 WHERE k BETWEEN 6399033 AND 6399133
	Bitmap Heap Scan on sbtest7  (cost=5.54..433.13 rows=108 width=125)
	  Recheck Cond: ((k >= 6399033) AND (k <= 6399133))
	  ->  Bitmap Index Scan on k_7  (cost=0.00..5.51 rows=108 width=0)
	        Index Cond: ((k >= 6399033) AND (k <= 6399133))

table 8 : explain SELECT k, c FROM sbtest8 WHERE k BETWEEN 6399033 AND 6399133
	Bitmap Heap Scan on sbtest8  (cost=5.49..413.43 rows=103 width=125)
	  Recheck Cond: ((k >= 6399033) AND (k <= 6399133))
	  ->  Bitmap Index Scan on k_8  (cost=0.00..5.46 rows=103 width=0)
	        Index Cond: ((k >= 6399033) AND (k <= 6399133))

explain: for range-notcovered :: explain SELECT k, c FROM sbtest%d WHERE k BETWEEN 3509700 AND 3509800for range-notcovered
table 1 : explain SELECT k, c FROM sbtest1 WHERE k BETWEEN 2768573 AND 2768673
	Bitmap Heap Scan on sbtest1  (cost=5.38..370.12 rows=92 width=125)
	  Recheck Cond: ((k >= 2768573) AND (k <= 2768673))
	  ->  Bitmap Index Scan on k_1  (cost=0.00..5.35 rows=92 width=0)
	        Index Cond: ((k >= 2768573) AND (k <= 2768673))

table 2 : explain SELECT k, c FROM sbtest2 WHERE k BETWEEN 2768573 AND 2768673
	Bitmap Heap Scan on sbtest2  (cost=5.50..417.29 rows=104 width=125)
	  Recheck Cond: ((k >= 2768573) AND (k <= 2768673))
	  ->  Bitmap Index Scan on k_2  (cost=0.00..5.47 rows=104 width=0)
	        Index Cond: ((k >= 2768573) AND (k <= 2768673))

table 3 : explain SELECT k, c FROM sbtest3 WHERE k BETWEEN 2768573 AND 2768673
	Bitmap Heap Scan on sbtest3  (cost=5.54..433.05 rows=108 width=125)
	  Recheck Cond: ((k >= 2768573) AND (k <= 2768673))
	  ->  Bitmap Index Scan on k_3  (cost=0.00..5.51 rows=108 width=0)
	        Index Cond: ((k >= 2768573) AND (k <= 2768673))

table 4 : explain SELECT k, c FROM sbtest4 WHERE k BETWEEN 2768573 AND 2768673
	Bitmap Heap Scan on sbtest4  (cost=5.55..437.04 rows=109 width=125)
	  Recheck Cond: ((k >= 2768573) AND (k <= 2768673))
	  ->  Bitmap Index Scan on k_4  (cost=0.00..5.52 rows=109 width=0)
	        Index Cond: ((k >= 2768573) AND (k <= 2768673))

table 5 : explain SELECT k, c FROM sbtest5 WHERE k BETWEEN 2768573 AND 2768673
	Bitmap Heap Scan on sbtest5  (cost=5.53..429.20 rows=107 width=125)
	  Recheck Cond: ((k >= 2768573) AND (k <= 2768673))
	  ->  Bitmap Index Scan on k_5  (cost=0.00..5.50 rows=107 width=0)
	        Index Cond: ((k >= 2768573) AND (k <= 2768673))

table 6 : explain SELECT k, c FROM sbtest6 WHERE k BETWEEN 2768573 AND 2768673
	Bitmap Heap Scan on sbtest6  (cost=5.57..444.92 rows=111 width=125)
	  Recheck Cond: ((k >= 2768573) AND (k <= 2768673))
	  ->  Bitmap Index Scan on k_6  (cost=0.00..5.54 rows=111 width=0)
	        Index Cond: ((k >= 2768573) AND (k <= 2768673))

table 7 : explain SELECT k, c FROM sbtest7 WHERE k BETWEEN 2768573 AND 2768673
	Bitmap Heap Scan on sbtest7  (cost=5.51..421.30 rows=105 width=125)
	  Recheck Cond: ((k >= 2768573) AND (k <= 2768673))
	  ->  Bitmap Index Scan on k_7  (cost=0.00..5.48 rows=105 width=0)
	        Index Cond: ((k >= 2768573) AND (k <= 2768673))

table 8 : explain SELECT k, c FROM sbtest8 WHERE k BETWEEN 2768573 AND 2768673
	Bitmap Heap Scan on sbtest8  (cost=5.49..413.43 rows=103 width=125)
	  Recheck Cond: ((k >= 2768573) AND (k <= 2768673))
	  ->  Bitmap Index Scan on k_8  (cost=0.00..5.46 rows=103 width=0)
	        Index Cond: ((k >= 2768573) AND (k <= 2768673))

explain: for range-notcovered :: explain SELECT k, c FROM sbtest%d WHERE k BETWEEN 8893029 AND 8893129explain: for range-notcovered :: explain SELECT k, c FROM sbtest%d WHERE k BETWEEN 4305027 AND 4305127explain: for range-notcovered :: explain SELECT k, c FROM sbtest%d WHERE k BETWEEN 5520301 AND 5520401explain: for range-notcovered :: explain SELECT k, c FROM sbtest%d WHERE k BETWEEN 991256 AND 991356
for range-notcovered
table 1 : explain SELECT k, c FROM sbtest1 WHERE k BETWEEN 8314358 AND 8314458
	Bitmap Heap Scan on sbtest1  (cost=5.46..401.71 rows=100 width=125)
	  Recheck Cond: ((k >= 8314358) AND (k <= 8314458))
	  ->  Bitmap Index Scan on k_1  (cost=0.00..5.43 rows=100 width=0)
	        Index Cond: ((k >= 8314358) AND (k <= 8314458))

table 2 : explain SELECT k, c FROM sbtest2 WHERE k BETWEEN 8314358 AND 8314458
	Bitmap Heap Scan on sbtest2  (cost=5.47..405.46 rows=101 width=125)
	  Recheck Cond: ((k >= 8314358) AND (k <= 8314458))
	  ->  Bitmap Index Scan on k_2  (cost=0.00..5.44 rows=101 width=0)
	        Index Cond: ((k >= 8314358) AND (k <= 8314458))

table 3 : explain SELECT k, c FROM sbtest3 WHERE k BETWEEN 8314358 AND 8314458
	Bitmap Heap Scan on sbtest3  (cost=5.49..413.34 rows=103 width=125)
	  Recheck Cond: ((k >= 8314358) AND (k <= 8314458))
	  ->  Bitmap Index Scan on k_3  (cost=0.00..5.46 rows=103 width=0)
	        Index Cond: ((k >= 8314358) AND (k <= 8314458))

table 4 : explain SELECT k, c FROM sbtest4 WHERE k BETWEEN 8314358 AND 8314458
	Bitmap Heap Scan on sbtest4  (cost=5.55..437.04 rows=109 width=125)
	  Recheck Cond: ((k >= 8314358) AND (k <= 8314458))
	  ->  Bitmap Index Scan on k_4  (cost=0.00..5.52 rows=109 width=0)
	        Index Cond: ((k >= 8314358) AND (k <= 8314458))

table 5 : explain SELECT k, c FROM sbtest5 WHERE k BETWEEN 8314358 AND 8314458
	Bitmap Heap Scan on sbtest5  (cost=5.50..417.37 rows=104 width=125)
	  Recheck Cond: ((k >= 8314358) AND (k <= 8314458))
	  ->  Bitmap Index Scan on k_5  (cost=0.00..5.47 rows=104 width=0)
	        Index Cond: ((k >= 8314358) AND (k <= 8314458))

table 6 : explain SELECT k, c FROM sbtest6 WHERE k BETWEEN 8314358 AND 8314458
	Bitmap Heap Scan on sbtest6  (cost=5.46..401.56 rows=100 width=125)
	  Recheck Cond: ((k >= 8314358) AND (k <= 8314458))
	  ->  Bitmap Index Scan on k_6  (cost=0.00..5.43 rows=100 width=0)
	        Index Cond: ((k >= 8314358) AND (k <= 8314458))

table 7 : explain SELECT k, c FROM sbtest7 WHERE k BETWEEN 8314358 AND 8314458
	Bitmap Heap Scan on sbtest7  (cost=5.46..401.58 rows=100 width=125)
	  Recheck Cond: ((k >= 8314358) AND (k <= 8314458))
	  ->  Bitmap Index Scan on k_7  (cost=0.00..5.43 rows=100 width=0)
	        Index Cond: ((k >= 8314358) AND (k <= 8314458))

table 8 : explain SELECT k, c FROM sbtest8 WHERE k BETWEEN 8314358 AND 8314458
	Bitmap Heap Scan on sbtest8  (cost=5.40..377.92 rows=94 width=125)
	  Recheck Cond: ((k >= 8314358) AND (k <= 8314458))
	  ->  Bitmap Index Scan on k_8  (cost=0.00..5.38 rows=94 width=0)
	        Index Cond: ((k >= 8314358) AND (k <= 8314458))
explain: for range-notcovered :: explain SELECT k, c FROM sbtest%d WHERE k BETWEEN 6399033 AND 6399133
explain: for range-notcovered :: explain SELECT k, c FROM sbtest%d WHERE k BETWEEN 4998269 AND 4998369for range-notcovered
table 1 : explain SELECT k, c FROM sbtest1 WHERE k BETWEEN 4856690 AND 4856790
	Bitmap Heap Scan on sbtest1  (cost=5.49..413.54 rows=103 width=125)
	  Recheck Cond: ((k >= 4856690) AND (k <= 4856790))
	  ->  Bitmap Index Scan on k_1  (cost=0.00..5.46 rows=103 width=0)
	        Index Cond: ((k >= 4856690) AND (k <= 4856790))

table 2 : explain SELECT k, c FROM sbtest2 WHERE k BETWEEN 4856690 AND 4856790
	Bitmap Heap Scan on sbtest2  (cost=5.54..433.06 rows=108 width=125)
	  Recheck Cond: ((k >= 4856690) AND (k <= 4856790))
	  ->  Bitmap Index Scan on k_2  (cost=0.00..5.51 rows=108 width=0)
	        Index Cond: ((k >= 4856690) AND (k <= 4856790))

table 3 : explain SELECT k, c FROM sbtest3 WHERE k BETWEEN 4856690 AND 4856790
	Bitmap Heap Scan on sbtest3  (cost=5.50..417.28 rows=104 width=125)
	  Recheck Cond: ((k >= 4856690) AND (k <= 4856790))
	  ->  Bitmap Index Scan on k_3  (cost=0.00..5.47 rows=104 width=0)
	        Index Cond: ((k >= 4856690) AND (k <= 4856790))

table 4 : explain SELECT k, c FROM sbtest4 WHERE k BETWEEN 4856690 AND 4856790
	Bitmap Heap Scan on sbtest4  (cost=5.51..421.27 rows=105 width=125)
	  Recheck Cond: ((k >= 4856690) AND (k <= 4856790))
	  ->  Bitmap Index Scan on k_4  (cost=0.00..5.48 rows=105 width=0)
	        Index Cond: ((k >= 4856690) AND (k <= 4856790))

table 5 : explain SELECT k, c FROM sbtest5 WHERE k BETWEEN 4856690 AND 4856790
	Bitmap Heap Scan on sbtest5  (cost=5.45..397.65 rows=99 width=125)
	  Recheck Cond: ((k >= 4856690) AND (k <= 4856790))
	  ->  Bitmap Index Scan on k_5  (cost=0.00..5.42 rows=99 width=0)
	        Index Cond: ((k >= 4856690) AND (k <= 4856790))

table 6 : explain SELECT k, c FROM sbtest6 WHERE k BETWEEN 4856690 AND 4856790
	Bitmap Heap Scan on sbtest6  (cost=5.40..377.88 rows=94 width=125)
	  Recheck Cond: ((k >= 4856690) AND (k <= 4856790))
	  ->  Bitmap Index Scan on k_6  (cost=0.00..5.38 rows=94 width=0)
	        Index Cond: ((k >= 4856690) AND (k <= 4856790))

table 7 : explain SELECT k, c FROM sbtest7 WHERE k BETWEEN 4856690 AND 4856790
	Bitmap Heap Scan on sbtest7  (cost=5.57..444.95 rows=111 width=125)
	  Recheck Cond: ((k >= 4856690) AND (k <= 4856790))
	  ->  Bitmap Index Scan on k_7  (cost=0.00..5.54 rows=111 width=0)
	        Index Cond: ((k >= 4856690) AND (k <= 4856790))

table 8 : explain SELECT k, c FROM sbtest8 WHERE k BETWEEN 4856690 AND 4856790
	Bitmap Heap Scan on sbtest8  (cost=5.69..488.29 rows=122 width=125)
	  Recheck Cond: ((k >= 4856690) AND (k <= 4856790))
	  ->  Bitmap Index Scan on k_8  (cost=0.00..5.65 rows=122 width=0)
	        Index Cond: ((k >= 4856690) AND (k <= 4856790))
for range-notcovered
table 1 : explain SELECT k, c FROM sbtest1 WHERE k BETWEEN 6094280 AND 6094380
	Bitmap Heap Scan on sbtest1  (cost=5.53..429.32 rows=107 width=125)
	  Recheck Cond: ((k >= 6094280) AND (k <= 6094380))
	  ->  Bitmap Index Scan on k_1  (cost=0.00..5.50 rows=107 width=0)
	        Index Cond: ((k >= 6094280) AND (k <= 6094380))

table 2 : explain SELECT k, c FROM sbtest2 WHERE k BETWEEN 6094280 AND 6094380
	Bitmap Heap Scan on sbtest2  (cost=5.51..421.23 rows=105 width=125)
	  Recheck Cond: ((k >= 6094280) AND (k <= 6094380))
	  ->  Bitmap Index Scan on k_2  (cost=0.00..5.48 rows=105 width=0)
	        Index Cond: ((k >= 6094280) AND (k <= 6094380))

table 3 : explain SELECT k, c FROM sbtest3 WHERE k BETWEEN 6094280 AND 6094380
	Bitmap Heap Scan on sbtest3  (cost=5.45..397.57 rows=99 width=125)
	  Recheck Cond: ((k >= 6094280) AND (k <= 6094380))
	  ->  Bitmap Index Scan on k_3  (cost=0.00..5.42 rows=99 width=0)
	        Index Cond: ((k >= 6094280) AND (k <= 6094380))

table 4 : explain SELECT k, c FROM sbtest4 WHERE k BETWEEN 6094280 AND 6094380
	Bitmap Heap Scan on sbtest4  (cost=5.50..417.33 rows=104 width=125)
	  Recheck Cond: ((k >= 6094280) AND (k <= 6094380))
	  ->  Bitmap Index Scan on k_4  (cost=0.00..5.47 rows=104 width=0)
	        Index Cond: ((k >= 6094280) AND (k <= 6094380))

table 5 : explain SELECT k, c FROM sbtest5 WHERE k BETWEEN 6094280 AND 6094380
	Bitmap Heap Scan on sbtest5  (cost=5.48..409.49 rows=102 width=125)
	  Recheck Cond: ((k >= 6094280) AND (k <= 6094380))
	  ->  Bitmap Index Scan on k_5  (cost=0.00..5.45 rows=102 width=0)
	        Index Cond: ((k >= 6094280) AND (k <= 6094380))

table 6 : explain SELECT k, c FROM sbtest6 WHERE k BETWEEN 6094280 AND 6094380
	Bitmap Heap Scan on sbtest6  (cost=5.53..429.16 rows=107 width=125)
	  Recheck Cond: ((k >= 6094280) AND (k <= 6094380))
	  ->  Bitmap Index Scan on k_6  (cost=0.00..5.50 rows=107 width=0)
	        Index Cond: ((k >= 6094280) AND (k <= 6094380))

table 7 : explain SELECT k, c FROM sbtest7 WHERE k BETWEEN 6094280 AND 6094380
	Bitmap Heap Scan on sbtest7  (cost=5.56..441.01 rows=110 width=125)
	  Recheck Cond: ((k >= 6094280) AND (k <= 6094380))
	  ->  Bitmap Index Scan on k_7  (cost=0.00..5.53 rows=110 width=0)
	        Index Cond: ((k >= 6094280) AND (k <= 6094380))

table 8 : explain SELECT k, c FROM sbtest8 WHERE k BETWEEN 6094280 AND 6094380
	Bitmap Heap Scan on sbtest8  (cost=5.37..366.08 rows=91 width=125)
	  Recheck Cond: ((k >= 6094280) AND (k <= 6094380))
	  ->  Bitmap Index Scan on k_8  (cost=0.00..5.34 rows=91 width=0)
	        Index Cond: ((k >= 6094280) AND (k <= 6094380))

for range-notcovered
table 1 : explain SELECT k, c FROM sbtest1 WHERE k BETWEEN 5149272 AND 5149372
	Bitmap Heap Scan on sbtest1  (cost=5.57..445.09 rows=111 width=125)
	  Recheck Cond: ((k >= 5149272) AND (k <= 5149372))
	  ->  Bitmap Index Scan on k_1  (cost=0.00..5.54 rows=111 width=0)
	        Index Cond: ((k >= 5149272) AND (k <= 5149372))

table 2 : explain SELECT k, c FROM sbtest2 WHERE k BETWEEN 5149272 AND 5149372
	Bitmap Heap Scan on sbtest2  (cost=5.43..389.69 rows=97 width=125)
	  Recheck Cond: ((k >= 5149272) AND (k <= 5149372))
	  ->  Bitmap Index Scan on k_2  (cost=0.00..5.40 rows=97 width=0)
	        Index Cond: ((k >= 5149272) AND (k <= 5149372))

table 3 : explain SELECT k, c FROM sbtest3 WHERE k BETWEEN 5149272 AND 5149372
	Bitmap Heap Scan on sbtest3  (cost=5.39..373.90 rows=93 width=125)
	  Recheck Cond: ((k >= 5149272) AND (k <= 5149372))
	  ->  Bitmap Index Scan on k_3  (cost=0.00..5.36 rows=93 width=0)
	        Index Cond: ((k >= 5149272) AND (k <= 5149372))

table 4 : explain SELECT k, c FROM sbtest4 WHERE k BETWEEN 5149272 AND 5149372
	Bitmap Heap Scan on sbtest4  (cost=5.53..429.15 rows=107 width=125)
	  Recheck Cond: ((k >= 5149272) AND (k <= 5149372))
	  ->  Bitmap Index Scan on k_4  (cost=0.00..5.50 rows=107 width=0)
	        Index Cond: ((k >= 5149272) AND (k <= 5149372))

table 5 : explain SELECT k, c FROM sbtest5 WHERE k BETWEEN 5149272 AND 5149372
	Bitmap Heap Scan on sbtest5  (cost=5.44..393.71 rows=98 width=125)
	  Recheck Cond: ((k >= 5149272) AND (k <= 5149372))
	  ->  Bitmap Index Scan on k_5  (cost=0.00..5.42 rows=98 width=0)
	        Index Cond: ((k >= 5149272) AND (k <= 5149372))

table 6 : explain SELECT k, c FROM sbtest6 WHERE k BETWEEN 5149272 AND 5149372
	Bitmap Heap Scan on sbtest6  (cost=5.54..433.10 rows=108 width=125)
	  Recheck Cond: ((k >= 5149272) AND (k <= 5149372))
	  ->  Bitmap Index Scan on k_6  (cost=0.00..5.51 rows=108 width=0)
	        Index Cond: ((k >= 5149272) AND (k <= 5149372))

table 7 : explain SELECT k, c FROM sbtest7 WHERE k BETWEEN 5149272 AND 5149372
	Bitmap Heap Scan on sbtest7  (cost=5.64..472.52 rows=118 width=125)
	  Recheck Cond: ((k >= 5149272) AND (k <= 5149372))
	  ->  Bitmap Index Scan on k_7  (cost=0.00..5.61 rows=118 width=0)
	        Index Cond: ((k >= 5149272) AND (k <= 5149372))

table 8 : explain SELECT k, c FROM sbtest8 WHERE k BETWEEN 5149272 AND 5149372
	Bitmap Heap Scan on sbtest8  (cost=5.41..381.87 rows=95 width=125)
	  Recheck Cond: ((k >= 5149272) AND (k <= 5149372))
	  ->  Bitmap Index Scan on k_8  (cost=0.00..5.38 rows=95 width=0)
	        Index Cond: ((k >= 5149272) AND (k <= 5149372))

explain: for range-notcovered :: explain SELECT k, c FROM sbtest%d WHERE k BETWEEN 5559874 AND 5559974

for range-notcovered
table 1 : explain SELECT k, c FROM sbtest1 WHERE k BETWEEN 3253896 AND 3253996
	Bitmap Heap Scan on sbtest1  (cost=5.48..409.60 rows=102 width=125)
	  Recheck Cond: ((k >= 3253896) AND (k <= 3253996))
	  ->  Bitmap Index Scan on k_1  (cost=0.00..5.45 rows=102 width=0)
	        Index Cond: ((k >= 3253896) AND (k <= 3253996))

table 2 : explain SELECT k, c FROM sbtest2 WHERE k BETWEEN 3253896 AND 3253996
	Bitmap Heap Scan on sbtest2  (cost=5.51..421.23 rows=105 width=125)
	  Recheck Cond: ((k >= 3253896) AND (k <= 3253996))
	  ->  Bitmap Index Scan on k_2  (cost=0.00..5.48 rows=105 width=0)
	        Index Cond: ((k >= 3253896) AND (k <= 3253996))

table 3 : explain SELECT k, c FROM sbtest3 WHERE k BETWEEN 3253896 AND 3253996
	Bitmap Heap Scan on sbtest3  (cost=5.46..401.51 rows=100 width=125)
	  Recheck Cond: ((k >= 3253896) AND (k <= 3253996))
	  ->  Bitmap Index Scan on k_3  (cost=0.00..5.43 rows=100 width=0)
	        Index Cond: ((k >= 3253896) AND (k <= 3253996))

table 4 : explain SELECT k, c FROM sbtest4 WHERE k BETWEEN 3253896 AND 3253996
	Bitmap Heap Scan on sbtest4  (cost=5.53..429.15 rows=107 width=125)
	  Recheck Cond: ((k >= 3253896) AND (k <= 3253996))
	  ->  Bitmap Index Scan on k_4  (cost=0.00..5.50 rows=107 width=0)
	        Index Cond: ((k >= 3253896) AND (k <= 3253996))

table 5 : explain SELECT k, c FROM sbtest5 WHERE k BETWEEN 3253896 AND 3253996
	Bitmap Heap Scan on sbtest5  (cost=5.51..421.32 rows=105 width=125)
	  Recheck Cond: ((k >= 3253896) AND (k <= 3253996))
	  ->  Bitmap Index Scan on k_5  (cost=0.00..5.48 rows=105 width=0)
	        Index Cond: ((k >= 3253896) AND (k <= 3253996))

table 6 : explain SELECT k, c FROM sbtest6 WHERE k BETWEEN 3253896 AND 3253996
	Bitmap Heap Scan on sbtest6  (cost=5.40..377.88 rows=94 width=125)
	  Recheck Cond: ((k >= 3253896) AND (k <= 3253996))
	  ->  Bitmap Index Scan on k_6  (cost=0.00..5.38 rows=94 width=0)
	        Index Cond: ((k >= 3253896) AND (k <= 3253996))

table 7 : explain SELECT k, c FROM sbtest7 WHERE k BETWEEN 3253896 AND 3253996
	Bitmap Heap Scan on sbtest7  (cost=5.49..413.42 rows=103 width=125)
	  Recheck Cond: ((k >= 3253896) AND (k <= 3253996))
	  ->  Bitmap Index Scan on k_7  (cost=0.00..5.46 rows=103 width=0)
	        Index Cond: ((k >= 3253896) AND (k <= 3253996))

table 8 : explain SELECT k, c FROM sbtest8 WHERE k BETWEEN 3253896 AND 3253996
	Bitmap Heap Scan on sbtest8  (cost=5.47..405.55 rows=101 width=125)
	  Recheck Cond: ((k >= 3253896) AND (k <= 3253996))
	  ->  Bitmap Index Scan on k_8  (cost=0.00..5.44 rows=101 width=0)
	        Index Cond: ((k >= 3253896) AND (k <= 3253996))

explain: for range-notcovered :: explain SELECT k, c FROM sbtest%d WHERE k BETWEEN 6392831 AND 6392931
explain: for range-notcovered :: explain SELECT k, c FROM sbtest%d WHERE k BETWEEN 3928970 AND 3929070
for range-notcovered
table 1 : explain SELECT k, c FROM sbtest1 WHERE k BETWEEN 443834 AND 443934
	Bitmap Heap Scan on sbtest1  (cost=5.50..417.49 rows=104 width=125)
	  Recheck Cond: ((k >= 443834) AND (k <= 443934))
	  ->  Bitmap Index Scan on k_1  (cost=0.00..5.47 rows=104 width=0)
	        Index Cond: ((k >= 443834) AND (k <= 443934))

table 2 : explain SELECT k, c FROM sbtest2 WHERE k BETWEEN 443834 AND 443934
	Bitmap Heap Scan on sbtest2  (cost=5.60..456.69 rows=114 width=125)
	  Recheck Cond: ((k >= 443834) AND (k <= 443934))
	  ->  Bitmap Index Scan on k_2  (cost=0.00..5.58 rows=114 width=0)
	        Index Cond: ((k >= 443834) AND (k <= 443934))

table 3 : explain SELECT k, c FROM sbtest3 WHERE k BETWEEN 443834 AND 443934
	Bitmap Heap Scan on sbtest3  (cost=5.38..369.95 rows=92 width=125)
	  Recheck Cond: ((k >= 443834) AND (k <= 443934))
	  ->  Bitmap Index Scan on k_3  (cost=0.00..5.35 rows=92 width=0)
	        Index Cond: ((k >= 443834) AND (k <= 443934))

table 4 : explain SELECT k, c FROM sbtest4 WHERE k BETWEEN 443834 AND 443934
	Bitmap Heap Scan on sbtest4  (cost=5.46..401.55 rows=100 width=125)
	  Recheck Cond: ((k >= 443834) AND (k <= 443934))
	  ->  Bitmap Index Scan on k_4  (cost=0.00..5.43 rows=100 width=0)
	        Index Cond: ((k >= 443834) AND (k <= 443934))

table 5 : explain SELECT k, c FROM sbtest5 WHERE k BETWEEN 443834 AND 443934
	Bitmap Heap Scan on sbtest5  (cost=5.51..421.32 rows=105 width=125)
	  Recheck Cond: ((k >= 443834) AND (k <= 443934))
	  ->  Bitmap Index Scan on k_5  (cost=0.00..5.48 rows=105 width=0)
	        Index Cond: ((k >= 443834) AND (k <= 443934))

table 6 : explain SELECT k, c FROM sbtest6 WHERE k BETWEEN 443834 AND 443934
	Bitmap Heap Scan on sbtest6  (cost=5.64..472.49 rows=118 width=125)
	  Recheck Cond: ((k >= 443834) AND (k <= 443934))
	  ->  Bitmap Index Scan on k_6  (cost=0.00..5.61 rows=118 width=0)
	        Index Cond: ((k >= 443834) AND (k <= 443934))

table 7 : explain SELECT k, c FROM sbtest7 WHERE k BETWEEN 443834 AND 443934
	Bitmap Heap Scan on sbtest7  (cost=5.47..405.53 rows=101 width=125)
	  Recheck Cond: ((k >= 443834) AND (k <= 443934))
	  ->  Bitmap Index Scan on k_7  (cost=0.00..5.44 rows=101 width=0)
	        Index Cond: ((k >= 443834) AND (k <= 443934))

table 8 : explain SELECT k, c FROM sbtest8 WHERE k BETWEEN 443834 AND 443934
	Bitmap Heap Scan on sbtest8  (cost=5.55..437.09 rows=109 width=125)
	  Recheck Cond: ((k >= 443834) AND (k <= 443934))
	  ->  Bitmap Index Scan on k_8  (cost=0.00..5.52 rows=109 width=0)
	        Index Cond: ((k >= 443834) AND (k <= 443934))

explain: for range-notcovered :: explain SELECT k, c FROM sbtest%d WHERE k BETWEEN 6238724 AND 6238824explain: for range-notcovered :: explain SELECT k, c FROM sbtest%d WHERE k BETWEEN 4481903 AND 4482003explain: for range-notcovered :: explain SELECT k, c FROM sbtest%d WHERE k BETWEEN 5715146 AND 5715246explain: for range-notcovered :: explain SELECT k, c FROM sbtest%d WHERE k BETWEEN 6094280 AND 6094380explain: for range-notcovered :: explain SELECT k, c FROM sbtest%d WHERE k BETWEEN 1459258 AND 1459358
explain: for range-notcovered :: explain SELECT k, c FROM sbtest%d WHERE k BETWEEN 5428658 AND 5428758


explain: for range-notcovered :: explain SELECT k, c FROM sbtest%d WHERE k BETWEEN 3577665 AND 3577765
explain: for range-notcovered :: explain SELECT k, c FROM sbtest%d WHERE k BETWEEN 443834 AND 443934
for range-notcovered
table 1 : explain SELECT k, c FROM sbtest1 WHERE k BETWEEN 4644618 AND 4644718
	Bitmap Heap Scan on sbtest1  (cost=5.52..425.38 rows=106 width=125)
	  Recheck Cond: ((k >= 4644618) AND (k <= 4644718))
	  ->  Bitmap Index Scan on k_1  (cost=0.00..5.50 rows=106 width=0)
	        Index Cond: ((k >= 4644618) AND (k <= 4644718))

table 2 : explain SELECT k, c FROM sbtest2 WHERE k BETWEEN 4644618 AND 4644718
	Bitmap Heap Scan on sbtest2  (cost=5.56..440.94 rows=110 width=125)
	  Recheck Cond: ((k >= 4644618) AND (k <= 4644718))
	  ->  Bitmap Index Scan on k_2  (cost=0.00..5.53 rows=110 width=0)
	        Index Cond: ((k >= 4644618) AND (k <= 4644718))

table 3 : explain SELECT k, c FROM sbtest3 WHERE k BETWEEN 4644618 AND 4644718
	Bitmap Heap Scan on sbtest3  (cost=5.43..389.68 rows=97 width=125)
	  Recheck Cond: ((k >= 4644618) AND (k <= 4644718))
	  ->  Bitmap Index Scan on k_3  (cost=0.00..5.40 rows=97 width=0)
	        Index Cond: ((k >= 4644618) AND (k <= 4644718))

table 4 : explain SELECT k, c FROM sbtest4 WHERE k BETWEEN 4644618 AND 4644718
	Bitmap Heap Scan on sbtest4  (cost=5.52..425.21 rows=106 width=125)
	  Recheck Cond: ((k >= 4644618) AND (k <= 4644718))
	  ->  Bitmap Index Scan on k_4  (cost=0.00..5.50 rows=106 width=0)
	        Index Cond: ((k >= 4644618) AND (k <= 4644718))

table 5 : explain SELECT k, c FROM sbtest5 WHERE k BETWEEN 4644618 AND 4644718
	Bitmap Heap Scan on sbtest5  (cost=5.56..441.03 rows=110 width=125)
	  Recheck Cond: ((k >= 4644618) AND (k <= 4644718))
	  ->  Bitmap Index Scan on k_5  (cost=0.00..5.53 rows=110 width=0)
	        Index Cond: ((k >= 4644618) AND (k <= 4644718))

table 6 : explain SELECT k, c FROM sbtest6 WHERE k BETWEEN 4644618 AND 4644718
	Bitmap Heap Scan on sbtest6  (cost=5.55..437.04 rows=109 width=125)
	  Recheck Cond: ((k >= 4644618) AND (k <= 4644718))
	  ->  Bitmap Index Scan on k_6  (cost=0.00..5.52 rows=109 width=0)
	        Index Cond: ((k >= 4644618) AND (k <= 4644718))

table 7 : explain SELECT k, c FROM sbtest7 WHERE k BETWEEN 4644618 AND 4644718
	Bitmap Heap Scan on sbtest7  (cost=5.49..413.42 rows=103 width=125)
	  Recheck Cond: ((k >= 4644618) AND (k <= 4644718))
	  ->  Bitmap Index Scan on k_7  (cost=0.00..5.46 rows=103 width=0)
	        Index Cond: ((k >= 4644618) AND (k <= 4644718))

table 8 : explain SELECT k, c FROM sbtest8 WHERE k BETWEEN 4644618 AND 4644718
	Bitmap Heap Scan on sbtest8  (cost=5.56..441.03 rows=110 width=125)
	  Recheck Cond: ((k >= 4644618) AND (k <= 4644718))
	  ->  Bitmap Index Scan on k_8  (cost=0.00..5.53 rows=110 width=0)
	        Index Cond: ((k >= 4644618) AND (k <= 4644718))


for range-notcovered
table 1 : explain SELECT k, c FROM sbtest1 WHERE k BETWEEN 6268598 AND 6268698
	Bitmap Heap Scan on sbtest1  (cost=5.46..401.71 rows=100 width=125)
	  Recheck Cond: ((k >= 6268598) AND (k <= 6268698))
	  ->  Bitmap Index Scan on k_1  (cost=0.00..5.43 rows=100 width=0)
	        Index Cond: ((k >= 6268598) AND (k <= 6268698))

table 2 : explain SELECT k, c FROM sbtest2 WHERE k BETWEEN 6268598 AND 6268698
	Bitmap Heap Scan on sbtest2  (cost=5.47..405.46 rows=101 width=125)
	  Recheck Cond: ((k >= 6268598) AND (k <= 6268698))
	  ->  Bitmap Index Scan on k_2  (cost=0.00..5.44 rows=101 width=0)
	        Index Cond: ((k >= 6268598) AND (k <= 6268698))

table 3 : explain SELECT k, c FROM sbtest3 WHERE k BETWEEN 6268598 AND 6268698
	Bitmap Heap Scan on sbtest3  (cost=5.52..425.16 rows=106 width=125)
	  Recheck Cond: ((k >= 6268598) AND (k <= 6268698))
	  ->  Bitmap Index Scan on k_3  (cost=0.00..5.50 rows=106 width=0)
	        Index Cond: ((k >= 6268598) AND (k <= 6268698))

table 4 : explain SELECT k, c FROM sbtest4 WHERE k BETWEEN 6268598 AND 6268698
	Bitmap Heap Scan on sbtest4  (cost=5.57..444.92 rows=111 width=125)
	  Recheck Cond: ((k >= 6268598) AND (k <= 6268698))
	  ->  Bitmap Index Scan on k_4  (cost=0.00..5.54 rows=111 width=0)
	        Index Cond: ((k >= 6268598) AND (k <= 6268698))

table 5 : explain SELECT k, c FROM sbtest5 WHERE k BETWEEN 6268598 AND 6268698
	Bitmap Heap Scan on sbtest5  (cost=5.48..409.49 rows=102 width=125)
	  Recheck Cond: ((k >= 6268598) AND (k <= 6268698))
	  ->  Bitmap Index Scan on k_5  (cost=0.00..5.45 rows=102 width=0)
	        Index Cond: ((k >= 6268598) AND (k <= 6268698))

table 6 : explain SELECT k, c FROM sbtest6 WHERE k BETWEEN 6268598 AND 6268698
	Bitmap Heap Scan on sbtest6  (cost=5.39..373.94 rows=93 width=125)
	  Recheck Cond: ((k >= 6268598) AND (k <= 6268698))
	  ->  Bitmap Index Scan on k_6  (cost=0.00..5.36 rows=93 width=0)
	        Index Cond: ((k >= 6268598) AND (k <= 6268698))

table 7 : explain SELECT k, c FROM sbtest7 WHERE k BETWEEN 6268598 AND 6268698
	Bitmap Heap Scan on sbtest7  (cost=5.46..401.58 rows=100 width=125)
	  Recheck Cond: ((k >= 6268598) AND (k <= 6268698))
	  ->  Bitmap Index Scan on k_7  (cost=0.00..5.43 rows=100 width=0)
	        Index Cond: ((k >= 6268598) AND (k <= 6268698))

table 8 : explain SELECT k, c FROM sbtest8 WHERE k BETWEEN 6268598 AND 6268698
	Bitmap Heap Scan on sbtest8  (cost=5.41..381.87 rows=95 width=125)
	  Recheck Cond: ((k >= 6268598) AND (k <= 6268698))
	  ->  Bitmap Index Scan on k_8  (cost=0.00..5.38 rows=95 width=0)
	        Index Cond: ((k >= 6268598) AND (k <= 6268698))

for range-notcovered
table 1 : explain SELECT k, c FROM sbtest1 WHERE k BETWEEN 7177792 AND 7177892
	Bitmap Heap Scan on sbtest1  (cost=5.42..385.92 rows=96 width=125)
	  Recheck Cond: ((k >= 7177792) AND (k <= 7177892))
	  ->  Bitmap Index Scan on k_1  (cost=0.00..5.39 rows=96 width=0)
	        Index Cond: ((k >= 7177792) AND (k <= 7177892))

table 2 : explain SELECT k, c FROM sbtest2 WHERE k BETWEEN 7177792 AND 7177892
	Bitmap Heap Scan on sbtest2  (cost=5.48..409.41 rows=102 width=125)
	  Recheck Cond: ((k >= 7177792) AND (k <= 7177892))
	  ->  Bitmap Index Scan on k_2  (cost=0.00..5.45 rows=102 width=0)
	        Index Cond: ((k >= 7177792) AND (k <= 7177892))

table 3 : explain SELECT k, c FROM sbtest3 WHERE k BETWEEN 7177792 AND 7177892
	Bitmap Heap Scan on sbtest3  (cost=5.50..417.28 rows=104 width=125)
	  Recheck Cond: ((k >= 7177792) AND (k <= 7177892))
	  ->  Bitmap Index Scan on k_3  (cost=0.00..5.47 rows=104 width=0)
	        Index Cond: ((k >= 7177792) AND (k <= 7177892))

table 4 : explain SELECT k, c FROM sbtest4 WHERE k BETWEEN 7177792 AND 7177892
	Bitmap Heap Scan on sbtest4  (cost=5.47..405.50 rows=101 width=125)
	  Recheck Cond: ((k >= 7177792) AND (k <= 7177892))
	  ->  Bitmap Index Scan on k_4  (cost=0.00..5.44 rows=101 width=0)
	        Index Cond: ((k >= 7177792) AND (k <= 7177892))

table 5 : explain SELECT k, c FROM sbtest5 WHERE k BETWEEN 7177792 AND 7177892
	Bitmap Heap Scan on sbtest5  (cost=5.48..409.49 rows=102 width=125)
	  Recheck Cond: ((k >= 7177792) AND (k <= 7177892))
	  ->  Bitmap Index Scan on k_5  (cost=0.00..5.45 rows=102 width=0)
	        Index Cond: ((k >= 7177792) AND (k <= 7177892))

table 6 : explain SELECT k, c FROM sbtest6 WHERE k BETWEEN 7177792 AND 7177892
	Bitmap Heap Scan on sbtest6  (cost=5.50..417.33 rows=104 width=125)
	  Recheck Cond: ((k >= 7177792) AND (k <= 7177892))
	  ->  Bitmap Index Scan on k_6  (cost=0.00..5.47 rows=104 width=0)
	        Index Cond: ((k >= 7177792) AND (k <= 7177892))

table 7 : explain SELECT k, c FROM sbtest7 WHERE k BETWEEN 7177792 AND 7177892
	Bitmap Heap Scan on sbtest7  (cost=5.48..409.47 rows=102 width=125)
	  Recheck Cond: ((k >= 7177792) AND (k <= 7177892))
	  ->  Bitmap Index Scan on k_7  (cost=0.00..5.45 rows=102 width=0)
	        Index Cond: ((k >= 7177792) AND (k <= 7177892))

table 8 : explain SELECT k, c FROM sbtest8 WHERE k BETWEEN 7177792 AND 7177892
	Bitmap Heap Scan on sbtest8  (cost=5.46..401.60 rows=100 width=125)
	  Recheck Cond: ((k >= 7177792) AND (k <= 7177892))
	  ->  Bitmap Index Scan on k_8  (cost=0.00..5.43 rows=100 width=0)
	        Index Cond: ((k >= 7177792) AND (k <= 7177892))


for range-notcovered
table 1 : explain SELECT k, c FROM sbtest1 WHERE k BETWEEN 1754192 AND 1754292
	Bitmap Heap Scan on sbtest1  (cost=5.52..425.38 rows=106 width=125)
	  Recheck Cond: ((k >= 1754192) AND (k <= 1754292))
	  ->  Bitmap Index Scan on k_1  (cost=0.00..5.50 rows=106 width=0)
	        Index Cond: ((k >= 1754192) AND (k <= 1754292))

table 2 : explain SELECT k, c FROM sbtest2 WHERE k BETWEEN 1754192 AND 1754292
	Bitmap Heap Scan on sbtest2  (cost=5.43..389.69 rows=97 width=125)
	  Recheck Cond: ((k >= 1754192) AND (k <= 1754292))
	  ->  Bitmap Index Scan on k_2  (cost=0.00..5.40 rows=97 width=0)
	        Index Cond: ((k >= 1754192) AND (k <= 1754292))

table 3 : explain SELECT k, c FROM sbtest3 WHERE k BETWEEN 1754192 AND 1754292
	Bitmap Heap Scan on sbtest3  (cost=5.51..421.22 rows=105 width=125)
	  Recheck Cond: ((k >= 1754192) AND (k <= 1754292))
	  ->  Bitmap Index Scan on k_3  (cost=0.00..5.48 rows=105 width=0)
	        Index Cond: ((k >= 1754192) AND (k <= 1754292))

table 4 : explain SELECT k, c FROM sbtest4 WHERE k BETWEEN 1754192 AND 1754292
	Bitmap Heap Scan on sbtest4  (cost=5.60..456.73 rows=114 width=125)
	  Recheck Cond: ((k >= 1754192) AND (k <= 1754292))
	  ->  Bitmap Index Scan on k_4  (cost=0.00..5.58 rows=114 width=0)
	        Index Cond: ((k >= 1754192) AND (k <= 1754292))

table 5 : explain SELECT k, c FROM sbtest5 WHERE k BETWEEN 1754192 AND 1754292
	Bitmap Heap Scan on sbtest5  (cost=5.36..362.13 rows=90 width=125)
	  Recheck Cond: ((k >= 1754192) AND (k <= 1754292))
	  ->  Bitmap Index Scan on k_5  (cost=0.00..5.33 rows=90 width=0)
	        Index Cond: ((k >= 1754192) AND (k <= 1754292))

table 6 : explain SELECT k, c FROM sbtest6 WHERE k BETWEEN 1754192 AND 1754292
	Bitmap Heap Scan on sbtest6  (cost=5.48..409.44 rows=102 width=125)
	  Recheck Cond: ((k >= 1754192) AND (k <= 1754292))
	  ->  Bitmap Index Scan on k_6  (cost=0.00..5.45 rows=102 width=0)
	        Index Cond: ((k >= 1754192) AND (k <= 1754292))

table 7 : explain SELECT k, c FROM sbtest7 WHERE k BETWEEN 1754192 AND 1754292
	Bitmap Heap Scan on sbtest7  (cost=5.43..389.75 rows=97 width=125)
	  Recheck Cond: ((k >= 1754192) AND (k <= 1754292))
	  ->  Bitmap Index Scan on k_7  (cost=0.00..5.40 rows=97 width=0)
	        Index Cond: ((k >= 1754192) AND (k <= 1754292))

table 8 : explain SELECT k, c FROM sbtest8 WHERE k BETWEEN 1754192 AND 1754292
	Bitmap Heap Scan on sbtest8  (cost=5.36..362.13 rows=90 width=125)
	  Recheck Cond: ((k >= 1754192) AND (k <= 1754292))
	  ->  Bitmap Index Scan on k_8  (cost=0.00..5.33 rows=90 width=0)
	        Index Cond: ((k >= 1754192) AND (k <= 1754292))


for range-notcovered
table 1 : explain SELECT k, c FROM sbtest1 WHERE k BETWEEN 5001658 AND 5001758
	Bitmap Heap Scan on sbtest1  (cost=5.50..417.49 rows=104 width=125)
	  Recheck Cond: ((k >= 5001658) AND (k <= 5001758))
	  ->  Bitmap Index Scan on k_1  (cost=0.00..5.47 rows=104 width=0)
	        Index Cond: ((k >= 5001658) AND (k <= 5001758))

table 2 : explain SELECT k, c FROM sbtest2 WHERE k BETWEEN 5001658 AND 5001758
	Bitmap Heap Scan on sbtest2  (cost=5.38..369.96 rows=92 width=125)
	  Recheck Cond: ((k >= 5001658) AND (k <= 5001758))
	  ->  Bitmap Index Scan on k_2  (cost=0.00..5.35 rows=92 width=0)
	        Index Cond: ((k >= 5001658) AND (k <= 5001758))

table 3 : explain SELECT k, c FROM sbtest3 WHERE k BETWEEN 5001658 AND 5001758
	Bitmap Heap Scan on sbtest3  (cost=5.35..358.11 rows=89 width=125)
	  Recheck Cond: ((k >= 5001658) AND (k <= 5001758))
	  ->  Bitmap Index Scan on k_3  (cost=0.00..5.32 rows=89 width=0)
	        Index Cond: ((k >= 5001658) AND (k <= 5001758))

table 4 : explain SELECT k, c FROM sbtest4 WHERE k BETWEEN 5001658 AND 5001758
	Bitmap Heap Scan on sbtest4  (cost=5.48..409.44 rows=102 width=125)
	  Recheck Cond: ((k >= 5001658) AND (k <= 5001758))
	  ->  Bitmap Index Scan on k_4  (cost=0.00..5.45 rows=102 width=0)
	        Index Cond: ((k >= 5001658) AND (k <= 5001758))

table 5 : explain SELECT k, c FROM sbtest5 WHERE k BETWEEN 5001658 AND 5001758
	Bitmap Heap Scan on sbtest5  (cost=5.51..421.32 rows=105 width=125)
	  Recheck Cond: ((k >= 5001658) AND (k <= 5001758))
	  ->  Bitmap Index Scan on k_5  (cost=0.00..5.48 rows=105 width=0)
	        Index Cond: ((k >= 5001658) AND (k <= 5001758))

table 6 : explain SELECT k, c FROM sbtest6 WHERE k BETWEEN 5001658 AND 5001758
	Bitmap Heap Scan on sbtest6  (cost=5.50..417.33 rows=104 width=125)
	  Recheck Cond: ((k >= 5001658) AND (k <= 5001758))
	  ->  Bitmap Index Scan on k_6  (cost=0.00..5.47 rows=104 width=0)
	        Index Cond: ((k >= 5001658) AND (k <= 5001758))

table 7 : explain SELECT k, c FROM sbtest7 WHERE k BETWEEN 5001658 AND 5001758
	Bitmap Heap Scan on sbtest7  (cost=5.54..433.13 rows=108 width=125)
	  Recheck Cond: ((k >= 5001658) AND (k <= 5001758))
	  ->  Bitmap Index Scan on k_7  (cost=0.00..5.51 rows=108 width=0)
	        Index Cond: ((k >= 5001658) AND (k <= 5001758))

table 8 : explain SELECT k, c FROM sbtest8 WHERE k BETWEEN 5001658 AND 5001758
	Bitmap Heap Scan on sbtest8  (cost=5.52..425.26 rows=106 width=125)
	  Recheck Cond: ((k >= 5001658) AND (k <= 5001758))
	  ->  Bitmap Index Scan on k_8  (cost=0.00..5.50 rows=106 width=0)
	        Index Cond: ((k >= 5001658) AND (k <= 5001758))

explain: for range-notcovered :: explain SELECT k, c FROM sbtest%d WHERE k BETWEEN 6268598 AND 6268698for range-notcovered
table 1 : explain SELECT k, c FROM sbtest1 WHERE k BETWEEN 4339301 AND 4339401
	Bitmap Heap Scan on sbtest1  (cost=5.42..385.92 rows=96 width=125)
	  Recheck Cond: ((k >= 4339301) AND (k <= 4339401))
	  ->  Bitmap Index Scan on k_1  (cost=0.00..5.39 rows=96 width=0)
	        Index Cond: ((k >= 4339301) AND (k <= 4339401))

table 2 : explain SELECT k, c FROM sbtest2 WHERE k BETWEEN 4339301 AND 4339401
	Bitmap Heap Scan on sbtest2  (cost=5.47..405.46 rows=101 width=125)
	  Recheck Cond: ((k >= 4339301) AND (k <= 4339401))
	  ->  Bitmap Index Scan on k_2  (cost=0.00..5.44 rows=101 width=0)
	        Index Cond: ((k >= 4339301) AND (k <= 4339401))

table 3 : explain SELECT k, c FROM sbtest3 WHERE k BETWEEN 4339301 AND 4339401
	Bitmap Heap Scan on sbtest3  (cost=5.58..448.80 rows=112 width=125)
	  Recheck Cond: ((k >= 4339301) AND (k <= 4339401))
	  ->  Bitmap Index Scan on k_3  (cost=0.00..5.55 rows=112 width=0)
	        Index Cond: ((k >= 4339301) AND (k <= 4339401))

table 4 : explain SELECT k, c FROM sbtest4 WHERE k BETWEEN 4339301 AND 4339401
	Bitmap Heap Scan on sbtest4  (cost=5.56..440.98 rows=110 width=125)
	  Recheck Cond: ((k >= 4339301) AND (k <= 4339401))
	  ->  Bitmap Index Scan on k_4  (cost=0.00..5.53 rows=110 width=0)
	        Index Cond: ((k >= 4339301) AND (k <= 4339401))

table 5 : explain SELECT k, c FROM sbtest5 WHERE k BETWEEN 4339301 AND 4339401
	Bitmap Heap Scan on sbtest5  (cost=5.43..389.76 rows=97 width=125)
	  Recheck Cond: ((k >= 4339301) AND (k <= 4339401))
	  ->  Bitmap Index Scan on k_5  (cost=0.00..5.40 rows=97 width=0)
	        Index Cond: ((k >= 4339301) AND (k <= 4339401))

table 6 : explain SELECT k, c FROM sbtest6 WHERE k BETWEEN 4339301 AND 4339401
	Bitmap Heap Scan on sbtest6  (cost=5.52..425.21 rows=106 width=125)
	  Recheck Cond: ((k >= 4339301) AND (k <= 4339401))
	  ->  Bitmap Index Scan on k_6  (cost=0.00..5.50 rows=106 width=0)
	        Index Cond: ((k >= 4339301) AND (k <= 4339401))

table 7 : explain SELECT k, c FROM sbtest7 WHERE k BETWEEN 4339301 AND 4339401
	Bitmap Heap Scan on sbtest7  (cost=5.36..362.12 rows=90 width=125)
	  Recheck Cond: ((k >= 4339301) AND (k <= 4339401))
	  ->  Bitmap Index Scan on k_7  (cost=0.00..5.33 rows=90 width=0)
	        Index Cond: ((k >= 4339301) AND (k <= 4339401))

table 8 : explain SELECT k, c FROM sbtest8 WHERE k BETWEEN 4339301 AND 4339401
	Bitmap Heap Scan on sbtest8  (cost=5.51..421.32 rows=105 width=125)
	  Recheck Cond: ((k >= 4339301) AND (k <= 4339401))
	  ->  Bitmap Index Scan on k_8  (cost=0.00..5.48 rows=105 width=0)
	        Index Cond: ((k >= 4339301) AND (k <= 4339401))




explain: for range-notcovered :: explain SELECT k, c FROM sbtest%d WHERE k BETWEEN 2131083 AND 2131183

explain: for range-notcovered :: explain SELECT k, c FROM sbtest%d WHERE k BETWEEN 5001658 AND 5001758
explain: for range-notcovered :: explain SELECT k, c FROM sbtest%d WHERE k BETWEEN 3253896 AND 3253996

for range-notcovered
table 1 : explain SELECT k, c FROM sbtest1 WHERE k BETWEEN 2619940 AND 2620040
	Bitmap Heap Scan on sbtest1  (cost=5.49..413.54 rows=103 width=125)
	  Recheck Cond: ((k >= 2619940) AND (k <= 2620040))
	  ->  Bitmap Index Scan on k_1  (cost=0.00..5.46 rows=103 width=0)
	        Index Cond: ((k >= 2619940) AND (k <= 2620040))

table 2 : explain SELECT k, c FROM sbtest2 WHERE k BETWEEN 2619940 AND 2620040
	Bitmap Heap Scan on sbtest2  (cost=5.55..437.00 rows=109 width=125)
	  Recheck Cond: ((k >= 2619940) AND (k <= 2620040))
	  ->  Bitmap Index Scan on k_2  (cost=0.00..5.52 rows=109 width=0)
	        Index Cond: ((k >= 2619940) AND (k <= 2620040))

table 3 : explain SELECT k, c FROM sbtest3 WHERE k BETWEEN 2619940 AND 2620040
	Bitmap Heap Scan on sbtest3  (cost=5.48..409.40 rows=102 width=125)
	  Recheck Cond: ((k >= 2619940) AND (k <= 2620040))
	  ->  Bitmap Index Scan on k_3  (cost=0.00..5.45 rows=102 width=0)
	        Index Cond: ((k >= 2619940) AND (k <= 2620040))

table 4 : explain SELECT k, c FROM sbtest4 WHERE k BETWEEN 2619940 AND 2620040
	Bitmap Heap Scan on sbtest4  (cost=5.39..373.94 rows=93 width=125)
	  Recheck Cond: ((k >= 2619940) AND (k <= 2620040))
	  ->  Bitmap Index Scan on k_4  (cost=0.00..5.36 rows=93 width=0)
	        Index Cond: ((k >= 2619940) AND (k <= 2620040))

table 5 : explain SELECT k, c FROM sbtest5 WHERE k BETWEEN 2619940 AND 2620040
	Bitmap Heap Scan on sbtest5  (cost=5.43..389.76 rows=97 width=125)
	  Recheck Cond: ((k >= 2619940) AND (k <= 2620040))
	  ->  Bitmap Index Scan on k_5  (cost=0.00..5.40 rows=97 width=0)
	        Index Cond: ((k >= 2619940) AND (k <= 2620040))

table 6 : explain SELECT k, c FROM sbtest6 WHERE k BETWEEN 2619940 AND 2620040
	Bitmap Heap Scan on sbtest6  (cost=5.51..421.27 rows=105 width=125)
	  Recheck Cond: ((k >= 2619940) AND (k <= 2620040))
	  ->  Bitmap Index Scan on k_6  (cost=0.00..5.48 rows=105 width=0)
	        Index Cond: ((k >= 2619940) AND (k <= 2620040))

table 7 : explain SELECT k, c FROM sbtest7 WHERE k BETWEEN 2619940 AND 2620040
	Bitmap Heap Scan on sbtest7  (cost=5.56..441.01 rows=110 width=125)
	  Recheck Cond: ((k >= 2619940) AND (k <= 2620040))
	  ->  Bitmap Index Scan on k_7  (cost=0.00..5.53 rows=110 width=0)
	        Index Cond: ((k >= 2619940) AND (k <= 2620040))

table 8 : explain SELECT k, c FROM sbtest8 WHERE k BETWEEN 2619940 AND 2620040
	Bitmap Heap Scan on sbtest8  (cost=5.55..437.09 rows=109 width=125)
	  Recheck Cond: ((k >= 2619940) AND (k <= 2620040))
	  ->  Bitmap Index Scan on k_8  (cost=0.00..5.52 rows=109 width=0)
	        Index Cond: ((k >= 2619940) AND (k <= 2620040))


explain: for range-notcovered :: explain SELECT k, c FROM sbtest%d WHERE k BETWEEN 6515265 AND 6515365

for range-notcovered
table 1 : explain SELECT k, c FROM sbtest1 WHERE k BETWEEN 3057141 AND 3057241
	Bitmap Heap Scan on sbtest1  (cost=5.51..421.43 rows=105 width=125)
	  Recheck Cond: ((k >= 3057141) AND (k <= 3057241))
	  ->  Bitmap Index Scan on k_1  (cost=0.00..5.48 rows=105 width=0)
	        Index Cond: ((k >= 3057141) AND (k <= 3057241))

table 2 : explain SELECT k, c FROM sbtest2 WHERE k BETWEEN 3057141 AND 3057241
	Bitmap Heap Scan on sbtest2  (cost=5.41..381.80 rows=95 width=125)
	  Recheck Cond: ((k >= 3057141) AND (k <= 3057241))
	  ->  Bitmap Index Scan on k_2  (cost=0.00..5.38 rows=95 width=0)
	        Index Cond: ((k >= 3057141) AND (k <= 3057241))

table 3 : explain SELECT k, c FROM sbtest3 WHERE k BETWEEN 3057141 AND 3057241
	Bitmap Heap Scan on sbtest3  (cost=5.50..417.28 rows=104 width=125)
	  Recheck Cond: ((k >= 3057141) AND (k <= 3057241))
	  ->  Bitmap Index Scan on k_3  (cost=0.00..5.47 rows=104 width=0)
	        Index Cond: ((k >= 3057141) AND (k <= 3057241))

table 4 : explain SELECT k, c FROM sbtest4 WHERE k BETWEEN 3057141 AND 3057241
	Bitmap Heap Scan on sbtest4  (cost=5.54..433.09 rows=108 width=125)
	  Recheck Cond: ((k >= 3057141) AND (k <= 3057241))
	  ->  Bitmap Index Scan on k_4  (cost=0.00..5.51 rows=108 width=0)
	        Index Cond: ((k >= 3057141) AND (k <= 3057241))

table 5 : explain SELECT k, c FROM sbtest5 WHERE k BETWEEN 3057141 AND 3057241
	Bitmap Heap Scan on sbtest5  (cost=5.54..433.14 rows=108 width=125)
	  Recheck Cond: ((k >= 3057141) AND (k <= 3057241))
	  ->  Bitmap Index Scan on k_5  (cost=0.00..5.51 rows=108 width=0)
	        Index Cond: ((k >= 3057141) AND (k <= 3057241))

table 6 : explain SELECT k, c FROM sbtest6 WHERE k BETWEEN 3057141 AND 3057241
	Bitmap Heap Scan on sbtest6  (cost=5.44..393.67 rows=98 width=125)
	  Recheck Cond: ((k >= 3057141) AND (k <= 3057241))
	  ->  Bitmap Index Scan on k_6  (cost=0.00..5.42 rows=98 width=0)
	        Index Cond: ((k >= 3057141) AND (k <= 3057241))

table 7 : explain SELECT k, c FROM sbtest7 WHERE k BETWEEN 3057141 AND 3057241
	Bitmap Heap Scan on sbtest7  (cost=5.57..444.95 rows=111 width=125)
	  Recheck Cond: ((k >= 3057141) AND (k <= 3057241))
	  ->  Bitmap Index Scan on k_7  (cost=0.00..5.54 rows=111 width=0)
	        Index Cond: ((k >= 3057141) AND (k <= 3057241))

table 8 : explain SELECT k, c FROM sbtest8 WHERE k BETWEEN 3057141 AND 3057241
	Bitmap Heap Scan on sbtest8  (cost=5.44..393.71 rows=98 width=125)
	  Recheck Cond: ((k >= 3057141) AND (k <= 3057241))
	  ->  Bitmap Index Scan on k_8  (cost=0.00..5.42 rows=98 width=0)
	        Index Cond: ((k >= 3057141) AND (k <= 3057241))

explain: for range-notcovered :: explain SELECT k, c FROM sbtest%d WHERE k BETWEEN 2768573 AND 2768673
for range-notcovered
table 1 : explain SELECT k, c FROM sbtest1 WHERE k BETWEEN 5984951 AND 5985051
	Bitmap Heap Scan on sbtest1  (cost=5.50..417.49 rows=104 width=125)
	  Recheck Cond: ((k >= 5984951) AND (k <= 5985051))
	  ->  Bitmap Index Scan on k_1  (cost=0.00..5.47 rows=104 width=0)
	        Index Cond: ((k >= 5984951) AND (k <= 5985051))

table 2 : explain SELECT k, c FROM sbtest2 WHERE k BETWEEN 5984951 AND 5985051
	Bitmap Heap Scan on sbtest2  (cost=5.50..417.29 rows=104 width=125)
	  Recheck Cond: ((k >= 5984951) AND (k <= 5985051))
	  ->  Bitmap Index Scan on k_2  (cost=0.00..5.47 rows=104 width=0)
	        Index Cond: ((k >= 5984951) AND (k <= 5985051))

table 3 : explain SELECT k, c FROM sbtest3 WHERE k BETWEEN 5984951 AND 5985051
	Bitmap Heap Scan on sbtest3  (cost=5.50..417.28 rows=104 width=125)
	  Recheck Cond: ((k >= 5984951) AND (k <= 5985051))
	  ->  Bitmap Index Scan on k_3  (cost=0.00..5.47 rows=104 width=0)
	        Index Cond: ((k >= 5984951) AND (k <= 5985051))

table 4 : explain SELECT k, c FROM sbtest4 WHERE k BETWEEN 5984951 AND 5985051
	Bitmap Heap Scan on sbtest4  (cost=5.43..389.72 rows=97 width=125)
	  Recheck Cond: ((k >= 5984951) AND (k <= 5985051))
	  ->  Bitmap Index Scan on k_4  (cost=0.00..5.40 rows=97 width=0)
	        Index Cond: ((k >= 5984951) AND (k <= 5985051))

table 5 : explain SELECT k, c FROM sbtest5 WHERE k BETWEEN 5984951 AND 5985051
	Bitmap Heap Scan on sbtest5  (cost=5.51..421.32 rows=105 width=125)
	  Recheck Cond: ((k >= 5984951) AND (k <= 5985051))
	  ->  Bitmap Index Scan on k_5  (cost=0.00..5.48 rows=105 width=0)
	        Index Cond: ((k >= 5984951) AND (k <= 5985051))

table 6 : explain SELECT k, c FROM sbtest6 WHERE k BETWEEN 5984951 AND 5985051
	Bitmap Heap Scan on sbtest6  (cost=5.43..389.72 rows=97 width=125)
	  Recheck Cond: ((k >= 5984951) AND (k <= 5985051))
	  ->  Bitmap Index Scan on k_6  (cost=0.00..5.40 rows=97 width=0)
	        Index Cond: ((k >= 5984951) AND (k <= 5985051))

table 7 : explain SELECT k, c FROM sbtest7 WHERE k BETWEEN 5984951 AND 5985051
	Bitmap Heap Scan on sbtest7  (cost=5.53..429.19 rows=107 width=125)
	  Recheck Cond: ((k >= 5984951) AND (k <= 5985051))
	  ->  Bitmap Index Scan on k_7  (cost=0.00..5.50 rows=107 width=0)
	        Index Cond: ((k >= 5984951) AND (k <= 5985051))

table 8 : explain SELECT k, c FROM sbtest8 WHERE k BETWEEN 5984951 AND 5985051
	Bitmap Heap Scan on sbtest8  (cost=5.49..413.43 rows=103 width=125)
	  Recheck Cond: ((k >= 5984951) AND (k <= 5985051))
	  ->  Bitmap Index Scan on k_8  (cost=0.00..5.46 rows=103 width=0)
	        Index Cond: ((k >= 5984951) AND (k <= 5985051))

for range-notcovered
table 1 : explain SELECT k, c FROM sbtest1 WHERE k BETWEEN 2389879 AND 2389979
	Bitmap Heap Scan on sbtest1  (cost=5.45..397.76 rows=99 width=125)
	  Recheck Cond: ((k >= 2389879) AND (k <= 2389979))
	  ->  Bitmap Index Scan on k_1  (cost=0.00..5.42 rows=99 width=0)
	        Index Cond: ((k >= 2389879) AND (k <= 2389979))

table 2 : explain SELECT k, c FROM sbtest2 WHERE k BETWEEN 2389879 AND 2389979
	Bitmap Heap Scan on sbtest2  (cost=5.44..393.63 rows=98 width=125)
	  Recheck Cond: ((k >= 2389879) AND (k <= 2389979))
	  ->  Bitmap Index Scan on k_2  (cost=0.00..5.42 rows=98 width=0)
	        Index Cond: ((k >= 2389879) AND (k <= 2389979))

table 3 : explain SELECT k, c FROM sbtest3 WHERE k BETWEEN 2389879 AND 2389979
	Bitmap Heap Scan on sbtest3  (cost=5.51..421.22 rows=105 width=125)
	  Recheck Cond: ((k >= 2389879) AND (k <= 2389979))
	  ->  Bitmap Index Scan on k_3  (cost=0.00..5.48 rows=105 width=0)
	        Index Cond: ((k >= 2389879) AND (k <= 2389979))

table 4 : explain SELECT k, c FROM sbtest4 WHERE k BETWEEN 2389879 AND 2389979
	Bitmap Heap Scan on sbtest4  (cost=5.44..393.67 rows=98 width=125)
	  Recheck Cond: ((k >= 2389879) AND (k <= 2389979))
	  ->  Bitmap Index Scan on k_4  (cost=0.00..5.42 rows=98 width=0)
	        Index Cond: ((k >= 2389879) AND (k <= 2389979))

table 5 : explain SELECT k, c FROM sbtest5 WHERE k BETWEEN 2389879 AND 2389979
	Bitmap Heap Scan on sbtest5  (cost=5.52..425.26 rows=106 width=125)
	  Recheck Cond: ((k >= 2389879) AND (k <= 2389979))
	  ->  Bitmap Index Scan on k_5  (cost=0.00..5.50 rows=106 width=0)
	        Index Cond: ((k >= 2389879) AND (k <= 2389979))

table 6 : explain SELECT k, c FROM sbtest6 WHERE k BETWEEN 2389879 AND 2389979
	Bitmap Heap Scan on sbtest6  (cost=5.46..401.56 rows=100 width=125)
	  Recheck Cond: ((k >= 2389879) AND (k <= 2389979))
	  ->  Bitmap Index Scan on k_6  (cost=0.00..5.43 rows=100 width=0)
	        Index Cond: ((k >= 2389879) AND (k <= 2389979))

table 7 : explain SELECT k, c FROM sbtest7 WHERE k BETWEEN 2389879 AND 2389979
	Bitmap Heap Scan on sbtest7  (cost=5.44..393.69 rows=98 width=125)
	  Recheck Cond: ((k >= 2389879) AND (k <= 2389979))
	  ->  Bitmap Index Scan on k_7  (cost=0.00..5.42 rows=98 width=0)
	        Index Cond: ((k >= 2389879) AND (k <= 2389979))

table 8 : explain SELECT k, c FROM sbtest8 WHERE k BETWEEN 2389879 AND 2389979
	Bitmap Heap Scan on sbtest8  (cost=5.49..413.43 rows=103 width=125)
	  Recheck Cond: ((k >= 2389879) AND (k <= 2389979))
	  ->  Bitmap Index Scan on k_8  (cost=0.00..5.46 rows=103 width=0)
	        Index Cond: ((k >= 2389879) AND (k <= 2389979))

explain: for range-notcovered :: explain SELECT k, c FROM sbtest%d WHERE k BETWEEN 4644618 AND 4644718
for range-notcovered
table 1 : explain SELECT k, c FROM sbtest1 WHERE k BETWEEN 5658378 AND 5658478
	Bitmap Heap Scan on sbtest1  (cost=5.53..429.32 rows=107 width=125)
	  Recheck Cond: ((k >= 5658378) AND (k <= 5658478))
	  ->  Bitmap Index Scan on k_1  (cost=0.00..5.50 rows=107 width=0)
	        Index Cond: ((k >= 5658378) AND (k <= 5658478))

table 2 : explain SELECT k, c FROM sbtest2 WHERE k BETWEEN 5658378 AND 5658478
	Bitmap Heap Scan on sbtest2  (cost=5.52..425.18 rows=106 width=125)
	  Recheck Cond: ((k >= 5658378) AND (k <= 5658478))
	  ->  Bitmap Index Scan on k_2  (cost=0.00..5.50 rows=106 width=0)
	        Index Cond: ((k >= 5658378) AND (k <= 5658478))

table 3 : explain SELECT k, c FROM sbtest3 WHERE k BETWEEN 5658378 AND 5658478
	Bitmap Heap Scan on sbtest3  (cost=5.46..401.51 rows=100 width=125)
	  Recheck Cond: ((k >= 5658378) AND (k <= 5658478))
	  ->  Bitmap Index Scan on k_3  (cost=0.00..5.43 rows=100 width=0)
	        Index Cond: ((k >= 5658378) AND (k <= 5658478))

table 4 : explain SELECT k, c FROM sbtest4 WHERE k BETWEEN 5658378 AND 5658478
	Bitmap Heap Scan on sbtest4  (cost=5.48..409.44 rows=102 width=125)
	  Recheck Cond: ((k >= 5658378) AND (k <= 5658478))
	  ->  Bitmap Index Scan on k_4  (cost=0.00..5.45 rows=102 width=0)
	        Index Cond: ((k >= 5658378) AND (k <= 5658478))

table 5 : explain SELECT k, c FROM sbtest5 WHERE k BETWEEN 5658378 AND 5658478
	Bitmap Heap Scan on sbtest5  (cost=5.54..433.14 rows=108 width=125)
	  Recheck Cond: ((k >= 5658378) AND (k <= 5658478))
	  ->  Bitmap Index Scan on k_5  (cost=0.00..5.51 rows=108 width=0)
	        Index Cond: ((k >= 5658378) AND (k <= 5658478))

table 6 : explain SELECT k, c FROM sbtest6 WHERE k BETWEEN 5658378 AND 5658478
	Bitmap Heap Scan on sbtest6  (cost=5.44..393.67 rows=98 width=125)
	  Recheck Cond: ((k >= 5658378) AND (k <= 5658478))
	  ->  Bitmap Index Scan on k_6  (cost=0.00..5.42 rows=98 width=0)
	        Index Cond: ((k >= 5658378) AND (k <= 5658478))

table 7 : explain SELECT k, c FROM sbtest7 WHERE k BETWEEN 5658378 AND 5658478
	Bitmap Heap Scan on sbtest7  (cost=5.46..401.58 rows=100 width=125)
	  Recheck Cond: ((k >= 5658378) AND (k <= 5658478))
	  ->  Bitmap Index Scan on k_7  (cost=0.00..5.43 rows=100 width=0)
	        Index Cond: ((k >= 5658378) AND (k <= 5658478))

table 8 : explain SELECT k, c FROM sbtest8 WHERE k BETWEEN 5658378 AND 5658478
	Bitmap Heap Scan on sbtest8  (cost=5.42..385.82 rows=96 width=125)
	  Recheck Cond: ((k >= 5658378) AND (k <= 5658478))
	  ->  Bitmap Index Scan on k_8  (cost=0.00..5.39 rows=96 width=0)
	        Index Cond: ((k >= 5658378) AND (k <= 5658478))

explain: for range-notcovered :: explain SELECT k, c FROM sbtest%d WHERE k BETWEEN 4856690 AND 4856790
explain: for range-notcovered :: explain SELECT k, c FROM sbtest%d WHERE k BETWEEN 5149272 AND 5149372explain: for range-notcovered :: explain SELECT k, c FROM sbtest%d WHERE k BETWEEN 8314358 AND 8314458
explain: for range-notcovered :: explain SELECT k, c FROM sbtest%d WHERE k BETWEEN 1754192 AND 1754292
explain: for range-notcovered :: explain SELECT k, c FROM sbtest%d WHERE k BETWEEN 7177792 AND 7177892
explain: for range-notcovered :: explain SELECT k, c FROM sbtest%d WHERE k BETWEEN 5658378 AND 5658478
explain: for range-notcovered :: explain SELECT k, c FROM sbtest%d WHERE k BETWEEN 5984951 AND 5985051
for range-notcovered
table 1 : explain SELECT k, c FROM sbtest1 WHERE k BETWEEN 5460229 AND 5460329
	Bitmap Heap Scan on sbtest1  (cost=5.42..385.92 rows=96 width=125)
	  Recheck Cond: ((k >= 5460229) AND (k <= 5460329))
	  ->  Bitmap Index Scan on k_1  (cost=0.00..5.39 rows=96 width=0)
	        Index Cond: ((k >= 5460229) AND (k <= 5460329))

table 2 : explain SELECT k, c FROM sbtest2 WHERE k BETWEEN 5460229 AND 5460329
	Bitmap Heap Scan on sbtest2  (cost=5.53..429.12 rows=107 width=125)
	  Recheck Cond: ((k >= 5460229) AND (k <= 5460329))
	  ->  Bitmap Index Scan on k_2  (cost=0.00..5.50 rows=107 width=0)
	        Index Cond: ((k >= 5460229) AND (k <= 5460329))

table 3 : explain SELECT k, c FROM sbtest3 WHERE k BETWEEN 5460229 AND 5460329
	Bitmap Heap Scan on sbtest3  (cost=5.43..389.68 rows=97 width=125)
	  Recheck Cond: ((k >= 5460229) AND (k <= 5460329))
	  ->  Bitmap Index Scan on k_3  (cost=0.00..5.40 rows=97 width=0)
	        Index Cond: ((k >= 5460229) AND (k <= 5460329))

table 4 : explain SELECT k, c FROM sbtest4 WHERE k BETWEEN 5460229 AND 5460329
	Bitmap Heap Scan on sbtest4  (cost=5.47..405.50 rows=101 width=125)
	  Recheck Cond: ((k >= 5460229) AND (k <= 5460329))
	  ->  Bitmap Index Scan on k_4  (cost=0.00..5.44 rows=101 width=0)
	        Index Cond: ((k >= 5460229) AND (k <= 5460329))

table 5 : explain SELECT k, c FROM sbtest5 WHERE k BETWEEN 5460229 AND 5460329
	Bitmap Heap Scan on sbtest5  (cost=5.52..425.26 rows=106 width=125)
	  Recheck Cond: ((k >= 5460229) AND (k <= 5460329))
	  ->  Bitmap Index Scan on k_5  (cost=0.00..5.50 rows=106 width=0)
	        Index Cond: ((k >= 5460229) AND (k <= 5460329))

table 6 : explain SELECT k, c FROM sbtest6 WHERE k BETWEEN 5460229 AND 5460329
	Bitmap Heap Scan on sbtest6  (cost=5.38..369.99 rows=92 width=125)
	  Recheck Cond: ((k >= 5460229) AND (k <= 5460329))
	  ->  Bitmap Index Scan on k_6  (cost=0.00..5.35 rows=92 width=0)
	        Index Cond: ((k >= 5460229) AND (k <= 5460329))

table 7 : explain SELECT k, c FROM sbtest7 WHERE k BETWEEN 5460229 AND 5460329
	Bitmap Heap Scan on sbtest7  (cost=5.42..385.80 rows=96 width=125)
	  Recheck Cond: ((k >= 5460229) AND (k <= 5460329))
	  ->  Bitmap Index Scan on k_7  (cost=0.00..5.39 rows=96 width=0)
	        Index Cond: ((k >= 5460229) AND (k <= 5460329))

table 8 : explain SELECT k, c FROM sbtest8 WHERE k BETWEEN 5460229 AND 5460329
	Bitmap Heap Scan on sbtest8  (cost=5.48..409.49 rows=102 width=125)
	  Recheck Cond: ((k >= 5460229) AND (k <= 5460329))
	  ->  Bitmap Index Scan on k_8  (cost=0.00..5.45 rows=102 width=0)
	        Index Cond: ((k >= 5460229) AND (k <= 5460329))

explain: for range-notcovered :: explain SELECT k, c FROM sbtest%d WHERE k BETWEEN 8430366 AND 8430466
explain: for range-notcovered :: explain SELECT k, c FROM sbtest%d WHERE k BETWEEN 4339301 AND 4339401
explain: for range-notcovered :: explain SELECT k, c FROM sbtest%d WHERE k BETWEEN 2619940 AND 2620040
for range-notcovered
table 1 : explain SELECT k, c FROM sbtest1 WHERE k BETWEEN 5256120 AND 5256220
	Bitmap Heap Scan on sbtest1  (cost=5.64..472.68 rows=118 width=125)
	  Recheck Cond: ((k >= 5256120) AND (k <= 5256220))
	  ->  Bitmap Index Scan on k_1  (cost=0.00..5.61 rows=118 width=0)
	        Index Cond: ((k >= 5256120) AND (k <= 5256220))

table 2 : explain SELECT k, c FROM sbtest2 WHERE k BETWEEN 5256120 AND 5256220
	Bitmap Heap Scan on sbtest2  (cost=5.49..413.35 rows=103 width=125)
	  Recheck Cond: ((k >= 5256120) AND (k <= 5256220))
	  ->  Bitmap Index Scan on k_2  (cost=0.00..5.46 rows=103 width=0)
	        Index Cond: ((k >= 5256120) AND (k <= 5256220))

table 3 : explain SELECT k, c FROM sbtest3 WHERE k BETWEEN 5256120 AND 5256220
	Bitmap Heap Scan on sbtest3  (cost=5.57..444.87 rows=111 width=125)
	  Recheck Cond: ((k >= 5256120) AND (k <= 5256220))
	  ->  Bitmap Index Scan on k_3  (cost=0.00..5.54 rows=111 width=0)
	        Index Cond: ((k >= 5256120) AND (k <= 5256220))

table 4 : explain SELECT k, c FROM sbtest4 WHERE k BETWEEN 5256120 AND 5256220
	Bitmap Heap Scan on sbtest4  (cost=5.48..409.44 rows=102 width=125)
	  Recheck Cond: ((k >= 5256120) AND (k <= 5256220))
	  ->  Bitmap Index Scan on k_4  (cost=0.00..5.45 rows=102 width=0)
	        Index Cond: ((k >= 5256120) AND (k <= 5256220))

table 5 : explain SELECT k, c FROM sbtest5 WHERE k BETWEEN 5256120 AND 5256220
	Bitmap Heap Scan on sbtest5  (cost=5.50..417.37 rows=104 width=125)
	  Recheck Cond: ((k >= 5256120) AND (k <= 5256220))
	  ->  Bitmap Index Scan on k_5  (cost=0.00..5.47 rows=104 width=0)
	        Index Cond: ((k >= 5256120) AND (k <= 5256220))

table 6 : explain SELECT k, c FROM sbtest6 WHERE k BETWEEN 5256120 AND 5256220
	Bitmap Heap Scan on sbtest6  (cost=5.56..440.98 rows=110 width=125)
	  Recheck Cond: ((k >= 5256120) AND (k <= 5256220))
	  ->  Bitmap Index Scan on k_6  (cost=0.00..5.53 rows=110 width=0)
	        Index Cond: ((k >= 5256120) AND (k <= 5256220))

table 7 : explain SELECT k, c FROM sbtest7 WHERE k BETWEEN 5256120 AND 5256220
	Bitmap Heap Scan on sbtest7  (cost=5.50..417.36 rows=104 width=125)
	  Recheck Cond: ((k >= 5256120) AND (k <= 5256220))
	  ->  Bitmap Index Scan on k_7  (cost=0.00..5.47 rows=104 width=0)
	        Index Cond: ((k >= 5256120) AND (k <= 5256220))

table 8 : explain SELECT k, c FROM sbtest8 WHERE k BETWEEN 5256120 AND 5256220
	Bitmap Heap Scan on sbtest8  (cost=5.51..421.32 rows=105 width=125)
	  Recheck Cond: ((k >= 5256120) AND (k <= 5256220))
	  ->  Bitmap Index Scan on k_8  (cost=0.00..5.48 rows=105 width=0)
	        Index Cond: ((k >= 5256120) AND (k <= 5256220))
for range-notcovered
table 1 : explain SELECT k, c FROM sbtest1 WHERE k BETWEEN 6399033 AND 6399133
	Bitmap Heap Scan on sbtest1  (cost=5.41..381.97 rows=95 width=125)
	  Recheck Cond: ((k >= 6399033) AND (k <= 6399133))
	  ->  Bitmap Index Scan on k_1  (cost=0.00..5.38 rows=95 width=0)
	        Index Cond: ((k >= 6399033) AND (k <= 6399133))

table 2 : explain SELECT k, c FROM sbtest2 WHERE k BETWEEN 6399033 AND 6399133
	Bitmap Heap Scan on sbtest2  (cost=5.49..413.35 rows=103 width=125)
	  Recheck Cond: ((k >= 6399033) AND (k <= 6399133))
	  ->  Bitmap Index Scan on k_2  (cost=0.00..5.46 rows=103 width=0)
	        Index Cond: ((k >= 6399033) AND (k <= 6399133))

table 3 : explain SELECT k, c FROM sbtest3 WHERE k BETWEEN 6399033 AND 6399133
	Bitmap Heap Scan on sbtest3  (cost=5.46..401.51 rows=100 width=125)
	  Recheck Cond: ((k >= 6399033) AND (k <= 6399133))
	  ->  Bitmap Index Scan on k_3  (cost=0.00..5.43 rows=100 width=0)
	        Index Cond: ((k >= 6399033) AND (k <= 6399133))

table 4 : explain SELECT k, c FROM sbtest4 WHERE k BETWEEN 6399033 AND 6399133
	Bitmap Heap Scan on sbtest4  (cost=5.55..437.04 rows=109 width=125)
	  Recheck Cond: ((k >= 6399033) AND (k <= 6399133))
	  ->  Bitmap Index Scan on k_4  (cost=0.00..5.52 rows=109 width=0)
	        Index Cond: ((k >= 6399033) AND (k <= 6399133))

table 5 : explain SELECT k, c FROM sbtest5 WHERE k BETWEEN 6399033 AND 6399133
	Bitmap Heap Scan on sbtest5  (cost=5.40..377.92 rows=94 width=125)
	  Recheck Cond: ((k >= 6399033) AND (k <= 6399133))
	  ->  Bitmap Index Scan on k_5  (cost=0.00..5.38 rows=94 width=0)
	        Index Cond: ((k >= 6399033) AND (k <= 6399133))

table 6 : explain SELECT k, c FROM sbtest6 WHERE k BETWEEN 6399033 AND 6399133
	Bitmap Heap Scan on sbtest6  (cost=5.55..437.04 rows=109 width=125)
	  Recheck Cond: ((k >= 6399033) AND (k <= 6399133))
	  ->  Bitmap Index Scan on k_6  (cost=0.00..5.52 rows=109 width=0)
	        Index Cond: ((k >= 6399033) AND (k <= 6399133))

table 7 : explain SELECT k, c FROM sbtest7 WHERE k BETWEEN 6399033 AND 6399133
	Bitmap Heap Scan on sbtest7  (cost=5.54..433.13 rows=108 width=125)
	  Recheck Cond: ((k >= 6399033) AND (k <= 6399133))
	  ->  Bitmap Index Scan on k_7  (cost=0.00..5.51 rows=108 width=0)
	        Index Cond: ((k >= 6399033) AND (k <= 6399133))

table 8 : explain SELECT k, c FROM sbtest8 WHERE k BETWEEN 6399033 AND 6399133
	Bitmap Heap Scan on sbtest8  (cost=5.49..413.43 rows=103 width=125)
	  Recheck Cond: ((k >= 6399033) AND (k <= 6399133))
	  ->  Bitmap Index Scan on k_8  (cost=0.00..5.46 rows=103 width=0)
	        Index Cond: ((k >= 6399033) AND (k <= 6399133))


explain: for range-notcovered :: explain SELECT k, c FROM sbtest%d WHERE k BETWEEN 2389879 AND 2389979
for range-notcovered
table 1 : explain SELECT k, c FROM sbtest1 WHERE k BETWEEN 5559874 AND 5559974
	Bitmap Heap Scan on sbtest1  (cost=5.48..409.60 rows=102 width=125)
	  Recheck Cond: ((k >= 5559874) AND (k <= 5559974))
	  ->  Bitmap Index Scan on k_1  (cost=0.00..5.45 rows=102 width=0)
	        Index Cond: ((k >= 5559874) AND (k <= 5559974))

table 2 : explain SELECT k, c FROM sbtest2 WHERE k BETWEEN 5559874 AND 5559974
	Bitmap Heap Scan on sbtest2  (cost=5.40..377.85 rows=94 width=125)
	  Recheck Cond: ((k >= 5559874) AND (k <= 5559974))
	  ->  Bitmap Index Scan on k_2  (cost=0.00..5.38 rows=94 width=0)
	        Index Cond: ((k >= 5559874) AND (k <= 5559974))

table 3 : explain SELECT k, c FROM sbtest3 WHERE k BETWEEN 5559874 AND 5559974
	Bitmap Heap Scan on sbtest3  (cost=5.48..409.40 rows=102 width=125)
	  Recheck Cond: ((k >= 5559874) AND (k <= 5559974))
	  ->  Bitmap Index Scan on k_3  (cost=0.00..5.45 rows=102 width=0)
	        Index Cond: ((k >= 5559874) AND (k <= 5559974))

table 4 : explain SELECT k, c FROM sbtest4 WHERE k BETWEEN 5559874 AND 5559974
	Bitmap Heap Scan on sbtest4  (cost=5.52..425.21 rows=106 width=125)
	  Recheck Cond: ((k >= 5559874) AND (k <= 5559974))
	  ->  Bitmap Index Scan on k_4  (cost=0.00..5.50 rows=106 width=0)
	        Index Cond: ((k >= 5559874) AND (k <= 5559974))

table 5 : explain SELECT k, c FROM sbtest5 WHERE k BETWEEN 5559874 AND 5559974
	Bitmap Heap Scan on sbtest5  (cost=5.49..413.43 rows=103 width=125)
	  Recheck Cond: ((k >= 5559874) AND (k <= 5559974))
	  ->  Bitmap Index Scan on k_5  (cost=0.00..5.46 rows=103 width=0)
	        Index Cond: ((k >= 5559874) AND (k <= 5559974))

table 6 : explain SELECT k, c FROM sbtest6 WHERE k BETWEEN 5559874 AND 5559974
	Bitmap Heap Scan on sbtest6  (cost=5.53..429.16 rows=107 width=125)
	  Recheck Cond: ((k >= 5559874) AND (k <= 5559974))
	  ->  Bitmap Index Scan on k_6  (cost=0.00..5.50 rows=107 width=0)
	        Index Cond: ((k >= 5559874) AND (k <= 5559974))

table 7 : explain SELECT k, c FROM sbtest7 WHERE k BETWEEN 5559874 AND 5559974
	Bitmap Heap Scan on sbtest7  (cost=5.68..484.34 rows=121 width=125)
	  Recheck Cond: ((k >= 5559874) AND (k <= 5559974))
	  ->  Bitmap Index Scan on k_7  (cost=0.00..5.64 rows=121 width=0)
	        Index Cond: ((k >= 5559874) AND (k <= 5559974))

table 8 : explain SELECT k, c FROM sbtest8 WHERE k BETWEEN 5559874 AND 5559974
	Bitmap Heap Scan on sbtest8  (cost=5.45..397.66 rows=99 width=125)
	  Recheck Cond: ((k >= 5559874) AND (k <= 5559974))
	  ->  Bitmap Index Scan on k_8  (cost=0.00..5.42 rows=99 width=0)
	        Index Cond: ((k >= 5559874) AND (k <= 5559974))

explain: for range-notcovered :: explain SELECT k, c FROM sbtest%d WHERE k BETWEEN 3057141 AND 3057241

for range-notcovered
table 1 : explain SELECT k, c FROM sbtest1 WHERE k BETWEEN 991256 AND 991356
	Bitmap Heap Scan on sbtest1  (cost=5.44..393.81 rows=98 width=125)
	  Recheck Cond: ((k >= 991256) AND (k <= 991356))
	  ->  Bitmap Index Scan on k_1  (cost=0.00..5.42 rows=98 width=0)
	        Index Cond: ((k >= 991256) AND (k <= 991356))

table 2 : explain SELECT k, c FROM sbtest2 WHERE k BETWEEN 991256 AND 991356
	Bitmap Heap Scan on sbtest2  (cost=5.48..409.41 rows=102 width=125)
	  Recheck Cond: ((k >= 991256) AND (k <= 991356))
	  ->  Bitmap Index Scan on k_2  (cost=0.00..5.45 rows=102 width=0)
	        Index Cond: ((k >= 991256) AND (k <= 991356))

table 3 : explain SELECT k, c FROM sbtest3 WHERE k BETWEEN 991256 AND 991356
	Bitmap Heap Scan on sbtest3  (cost=5.39..373.90 rows=93 width=125)
	  Recheck Cond: ((k >= 991256) AND (k <= 991356))
	  ->  Bitmap Index Scan on k_3  (cost=0.00..5.36 rows=93 width=0)
	        Index Cond: ((k >= 991256) AND (k <= 991356))

table 4 : explain SELECT k, c FROM sbtest4 WHERE k BETWEEN 991256 AND 991356
	Bitmap Heap Scan on sbtest4  (cost=5.52..425.21 rows=106 width=125)
	  Recheck Cond: ((k >= 991256) AND (k <= 991356))
	  ->  Bitmap Index Scan on k_4  (cost=0.00..5.50 rows=106 width=0)
	        Index Cond: ((k >= 991256) AND (k <= 991356))

table 5 : explain SELECT k, c FROM sbtest5 WHERE k BETWEEN 991256 AND 991356
	Bitmap Heap Scan on sbtest5  (cost=5.47..405.54 rows=101 width=125)
	  Recheck Cond: ((k >= 991256) AND (k <= 991356))
	  ->  Bitmap Index Scan on k_5  (cost=0.00..5.44 rows=101 width=0)
	        Index Cond: ((k >= 991256) AND (k <= 991356))

table 6 : explain SELECT k, c FROM sbtest6 WHERE k BETWEEN 991256 AND 991356
	Bitmap Heap Scan on sbtest6  (cost=5.39..373.94 rows=93 width=125)
	  Recheck Cond: ((k >= 991256) AND (k <= 991356))
	  ->  Bitmap Index Scan on k_6  (cost=0.00..5.36 rows=93 width=0)
	        Index Cond: ((k >= 991256) AND (k <= 991356))

table 7 : explain SELECT k, c FROM sbtest7 WHERE k BETWEEN 991256 AND 991356
	Bitmap Heap Scan on sbtest7  (cost=5.39..373.96 rows=93 width=125)
	  Recheck Cond: ((k >= 991256) AND (k <= 991356))
	  ->  Bitmap Index Scan on k_7  (cost=0.00..5.36 rows=93 width=0)
	        Index Cond: ((k >= 991256) AND (k <= 991356))

table 8 : explain SELECT k, c FROM sbtest8 WHERE k BETWEEN 991256 AND 991356
	Bitmap Heap Scan on sbtest8  (cost=5.52..425.26 rows=106 width=125)
	  Recheck Cond: ((k >= 991256) AND (k <= 991356))
	  ->  Bitmap Index Scan on k_8  (cost=0.00..5.50 rows=106 width=0)
	        Index Cond: ((k >= 991256) AND (k <= 991356))


for range-notcovered
table 1 : explain SELECT k, c FROM sbtest1 WHERE k BETWEEN 6392831 AND 6392931
	Bitmap Heap Scan on sbtest1  (cost=5.41..381.97 rows=95 width=125)
	  Recheck Cond: ((k >= 6392831) AND (k <= 6392931))
	  ->  Bitmap Index Scan on k_1  (cost=0.00..5.38 rows=95 width=0)
	        Index Cond: ((k >= 6392831) AND (k <= 6392931))

table 2 : explain SELECT k, c FROM sbtest2 WHERE k BETWEEN 6392831 AND 6392931
	Bitmap Heap Scan on sbtest2  (cost=5.49..413.35 rows=103 width=125)
	  Recheck Cond: ((k >= 6392831) AND (k <= 6392931))
	  ->  Bitmap Index Scan on k_2  (cost=0.00..5.46 rows=103 width=0)
	        Index Cond: ((k >= 6392831) AND (k <= 6392931))

table 3 : explain SELECT k, c FROM sbtest3 WHERE k BETWEEN 6392831 AND 6392931
	Bitmap Heap Scan on sbtest3  (cost=5.46..401.51 rows=100 width=125)
	  Recheck Cond: ((k >= 6392831) AND (k <= 6392931))
	  ->  Bitmap Index Scan on k_3  (cost=0.00..5.43 rows=100 width=0)
	        Index Cond: ((k >= 6392831) AND (k <= 6392931))

table 4 : explain SELECT k, c FROM sbtest4 WHERE k BETWEEN 6392831 AND 6392931
	Bitmap Heap Scan on sbtest4  (cost=5.55..437.04 rows=109 width=125)
	  Recheck Cond: ((k >= 6392831) AND (k <= 6392931))
	  ->  Bitmap Index Scan on k_4  (cost=0.00..5.52 rows=109 width=0)
	        Index Cond: ((k >= 6392831) AND (k <= 6392931))

table 5 : explain SELECT k, c FROM sbtest5 WHERE k BETWEEN 6392831 AND 6392931
	Bitmap Heap Scan on sbtest5  (cost=5.40..377.92 rows=94 width=125)
	  Recheck Cond: ((k >= 6392831) AND (k <= 6392931))
	  ->  Bitmap Index Scan on k_5  (cost=0.00..5.38 rows=94 width=0)
	        Index Cond: ((k >= 6392831) AND (k <= 6392931))

table 6 : explain SELECT k, c FROM sbtest6 WHERE k BETWEEN 6392831 AND 6392931
	Bitmap Heap Scan on sbtest6  (cost=5.55..437.04 rows=109 width=125)
	  Recheck Cond: ((k >= 6392831) AND (k <= 6392931))
	  ->  Bitmap Index Scan on k_6  (cost=0.00..5.52 rows=109 width=0)
	        Index Cond: ((k >= 6392831) AND (k <= 6392931))

table 7 : explain SELECT k, c FROM sbtest7 WHERE k BETWEEN 6392831 AND 6392931
	Bitmap Heap Scan on sbtest7  (cost=5.54..433.13 rows=108 width=125)
	  Recheck Cond: ((k >= 6392831) AND (k <= 6392931))
	  ->  Bitmap Index Scan on k_7  (cost=0.00..5.51 rows=108 width=0)
	        Index Cond: ((k >= 6392831) AND (k <= 6392931))

table 8 : explain SELECT k, c FROM sbtest8 WHERE k BETWEEN 6392831 AND 6392931
	Bitmap Heap Scan on sbtest8  (cost=5.49..413.43 rows=103 width=125)
	  Recheck Cond: ((k >= 6392831) AND (k <= 6392931))
	  ->  Bitmap Index Scan on k_8  (cost=0.00..5.46 rows=103 width=0)
	        Index Cond: ((k >= 6392831) AND (k <= 6392931))

explain: for range-notcovered :: explain SELECT k, c FROM sbtest%d WHERE k BETWEEN 5256120 AND 5256220
for range-notcovered
table 1 : explain SELECT k, c FROM sbtest1 WHERE k BETWEEN 5520301 AND 5520401
	Bitmap Heap Scan on sbtest1  (cost=5.42..385.92 rows=96 width=125)
	  Recheck Cond: ((k >= 5520301) AND (k <= 5520401))
	  ->  Bitmap Index Scan on k_1  (cost=0.00..5.39 rows=96 width=0)
	        Index Cond: ((k >= 5520301) AND (k <= 5520401))

table 2 : explain SELECT k, c FROM sbtest2 WHERE k BETWEEN 5520301 AND 5520401
	Bitmap Heap Scan on sbtest2  (cost=5.40..377.85 rows=94 width=125)
	  Recheck Cond: ((k >= 5520301) AND (k <= 5520401))
	  ->  Bitmap Index Scan on k_2  (cost=0.00..5.38 rows=94 width=0)
	        Index Cond: ((k >= 5520301) AND (k <= 5520401))

table 3 : explain SELECT k, c FROM sbtest3 WHERE k BETWEEN 5520301 AND 5520401
	Bitmap Heap Scan on sbtest3  (cost=5.43..389.68 rows=97 width=125)
	  Recheck Cond: ((k >= 5520301) AND (k <= 5520401))
	  ->  Bitmap Index Scan on k_3  (cost=0.00..5.40 rows=97 width=0)
	        Index Cond: ((k >= 5520301) AND (k <= 5520401))

table 4 : explain SELECT k, c FROM sbtest4 WHERE k BETWEEN 5520301 AND 5520401
	Bitmap Heap Scan on sbtest4  (cost=5.52..425.21 rows=106 width=125)
	  Recheck Cond: ((k >= 5520301) AND (k <= 5520401))
	  ->  Bitmap Index Scan on k_4  (cost=0.00..5.50 rows=106 width=0)
	        Index Cond: ((k >= 5520301) AND (k <= 5520401))

table 5 : explain SELECT k, c FROM sbtest5 WHERE k BETWEEN 5520301 AND 5520401
	Bitmap Heap Scan on sbtest5  (cost=5.49..413.43 rows=103 width=125)
	  Recheck Cond: ((k >= 5520301) AND (k <= 5520401))
	  ->  Bitmap Index Scan on k_5  (cost=0.00..5.46 rows=103 width=0)
	        Index Cond: ((k >= 5520301) AND (k <= 5520401))

table 6 : explain SELECT k, c FROM sbtest6 WHERE k BETWEEN 5520301 AND 5520401
	Bitmap Heap Scan on sbtest6  (cost=5.53..429.16 rows=107 width=125)
	  Recheck Cond: ((k >= 5520301) AND (k <= 5520401))
	  ->  Bitmap Index Scan on k_6  (cost=0.00..5.50 rows=107 width=0)
	        Index Cond: ((k >= 5520301) AND (k <= 5520401))

table 7 : explain SELECT k, c FROM sbtest7 WHERE k BETWEEN 5520301 AND 5520401
	Bitmap Heap Scan on sbtest7  (cost=5.68..484.34 rows=121 width=125)
	  Recheck Cond: ((k >= 5520301) AND (k <= 5520401))
	  ->  Bitmap Index Scan on k_7  (cost=0.00..5.64 rows=121 width=0)
	        Index Cond: ((k >= 5520301) AND (k <= 5520401))

table 8 : explain SELECT k, c FROM sbtest8 WHERE k BETWEEN 5520301 AND 5520401
	Bitmap Heap Scan on sbtest8  (cost=5.45..397.66 rows=99 width=125)
	  Recheck Cond: ((k >= 5520301) AND (k <= 5520401))
	  ->  Bitmap Index Scan on k_8  (cost=0.00..5.42 rows=99 width=0)
	        Index Cond: ((k >= 5520301) AND (k <= 5520401))
for range-notcovered
table 1 : explain SELECT k, c FROM sbtest1 WHERE k BETWEEN 3928970 AND 3929070
	Bitmap Heap Scan on sbtest1  (cost=5.43..389.87 rows=97 width=125)
	  Recheck Cond: ((k >= 3928970) AND (k <= 3929070))
	  ->  Bitmap Index Scan on k_1  (cost=0.00..5.40 rows=97 width=0)
	        Index Cond: ((k >= 3928970) AND (k <= 3929070))

table 2 : explain SELECT k, c FROM sbtest2 WHERE k BETWEEN 3928970 AND 3929070
	Bitmap Heap Scan on sbtest2  (cost=5.37..366.01 rows=91 width=125)
	  Recheck Cond: ((k >= 3928970) AND (k <= 3929070))
	  ->  Bitmap Index Scan on k_2  (cost=0.00..5.34 rows=91 width=0)
	        Index Cond: ((k >= 3928970) AND (k <= 3929070))

table 3 : explain SELECT k, c FROM sbtest3 WHERE k BETWEEN 3928970 AND 3929070
	Bitmap Heap Scan on sbtest3  (cost=5.55..436.99 rows=109 width=125)
	  Recheck Cond: ((k >= 3928970) AND (k <= 3929070))
	  ->  Bitmap Index Scan on k_3  (cost=0.00..5.52 rows=109 width=0)
	        Index Cond: ((k >= 3928970) AND (k <= 3929070))

table 4 : explain SELECT k, c FROM sbtest4 WHERE k BETWEEN 3928970 AND 3929070
	Bitmap Heap Scan on sbtest4  (cost=5.51..421.27 rows=105 width=125)
	  Recheck Cond: ((k >= 3928970) AND (k <= 3929070))
	  ->  Bitmap Index Scan on k_4  (cost=0.00..5.48 rows=105 width=0)
	        Index Cond: ((k >= 3928970) AND (k <= 3929070))

table 5 : explain SELECT k, c FROM sbtest5 WHERE k BETWEEN 3928970 AND 3929070
	Bitmap Heap Scan on sbtest5  (cost=5.60..456.79 rows=114 width=125)
	  Recheck Cond: ((k >= 3928970) AND (k <= 3929070))
	  ->  Bitmap Index Scan on k_5  (cost=0.00..5.58 rows=114 width=0)
	        Index Cond: ((k >= 3928970) AND (k <= 3929070))

table 6 : explain SELECT k, c FROM sbtest6 WHERE k BETWEEN 3928970 AND 3929070
	Bitmap Heap Scan on sbtest6  (cost=5.48..409.44 rows=102 width=125)
	  Recheck Cond: ((k >= 3928970) AND (k <= 3929070))
	  ->  Bitmap Index Scan on k_6  (cost=0.00..5.45 rows=102 width=0)
	        Index Cond: ((k >= 3928970) AND (k <= 3929070))

table 7 : explain SELECT k, c FROM sbtest7 WHERE k BETWEEN 3928970 AND 3929070
	Bitmap Heap Scan on sbtest7  (cost=5.45..397.64 rows=99 width=125)
	  Recheck Cond: ((k >= 3928970) AND (k <= 3929070))
	  ->  Bitmap Index Scan on k_7  (cost=0.00..5.42 rows=99 width=0)
	        Index Cond: ((k >= 3928970) AND (k <= 3929070))

table 8 : explain SELECT k, c FROM sbtest8 WHERE k BETWEEN 3928970 AND 3929070
	Bitmap Heap Scan on sbtest8  (cost=5.49..413.43 rows=103 width=125)
	  Recheck Cond: ((k >= 3928970) AND (k <= 3929070))
	  ->  Bitmap Index Scan on k_8  (cost=0.00..5.46 rows=103 width=0)
	        Index Cond: ((k >= 3928970) AND (k <= 3929070))

for range-notcovered
table 1 : explain SELECT k, c FROM sbtest1 WHERE k BETWEEN 4305027 AND 4305127
	Bitmap Heap Scan on sbtest1  (cost=5.42..385.92 rows=96 width=125)
	  Recheck Cond: ((k >= 4305027) AND (k <= 4305127))
	  ->  Bitmap Index Scan on k_1  (cost=0.00..5.39 rows=96 width=0)
	        Index Cond: ((k >= 4305027) AND (k <= 4305127))

table 2 : explain SELECT k, c FROM sbtest2 WHERE k BETWEEN 4305027 AND 4305127
	Bitmap Heap Scan on sbtest2  (cost=5.47..405.46 rows=101 width=125)
	  Recheck Cond: ((k >= 4305027) AND (k <= 4305127))
	  ->  Bitmap Index Scan on k_2  (cost=0.00..5.44 rows=101 width=0)
	        Index Cond: ((k >= 4305027) AND (k <= 4305127))

table 3 : explain SELECT k, c FROM sbtest3 WHERE k BETWEEN 4305027 AND 4305127
	Bitmap Heap Scan on sbtest3  (cost=5.47..405.45 rows=101 width=125)
	  Recheck Cond: ((k >= 4305027) AND (k <= 4305127))
	  ->  Bitmap Index Scan on k_3  (cost=0.00..5.44 rows=101 width=0)
	        Index Cond: ((k >= 4305027) AND (k <= 4305127))

table 4 : explain SELECT k, c FROM sbtest4 WHERE k BETWEEN 4305027 AND 4305127
	Bitmap Heap Scan on sbtest4  (cost=5.50..417.33 rows=104 width=125)
	  Recheck Cond: ((k >= 4305027) AND (k <= 4305127))
	  ->  Bitmap Index Scan on k_4  (cost=0.00..5.47 rows=104 width=0)
	        Index Cond: ((k >= 4305027) AND (k <= 4305127))

table 5 : explain SELECT k, c FROM sbtest5 WHERE k BETWEEN 4305027 AND 4305127
	Bitmap Heap Scan on sbtest5  (cost=5.43..389.76 rows=97 width=125)
	  Recheck Cond: ((k >= 4305027) AND (k <= 4305127))
	  ->  Bitmap Index Scan on k_5  (cost=0.00..5.40 rows=97 width=0)
	        Index Cond: ((k >= 4305027) AND (k <= 4305127))

table 6 : explain SELECT k, c FROM sbtest6 WHERE k BETWEEN 4305027 AND 4305127
	Bitmap Heap Scan on sbtest6  (cost=5.48..409.44 rows=102 width=125)
	  Recheck Cond: ((k >= 4305027) AND (k <= 4305127))
	  ->  Bitmap Index Scan on k_6  (cost=0.00..5.45 rows=102 width=0)
	        Index Cond: ((k >= 4305027) AND (k <= 4305127))

table 7 : explain SELECT k, c FROM sbtest7 WHERE k BETWEEN 4305027 AND 4305127
	Bitmap Heap Scan on sbtest7  (cost=5.36..362.12 rows=90 width=125)
	  Recheck Cond: ((k >= 4305027) AND (k <= 4305127))
	  ->  Bitmap Index Scan on k_7  (cost=0.00..5.33 rows=90 width=0)
	        Index Cond: ((k >= 4305027) AND (k <= 4305127))

table 8 : explain SELECT k, c FROM sbtest8 WHERE k BETWEEN 4305027 AND 4305127
	Bitmap Heap Scan on sbtest8  (cost=5.49..413.43 rows=103 width=125)
	  Recheck Cond: ((k >= 4305027) AND (k <= 4305127))
	  ->  Bitmap Index Scan on k_8  (cost=0.00..5.46 rows=103 width=0)
	        Index Cond: ((k >= 4305027) AND (k <= 4305127))

explain: for range-notcovered :: explain SELECT k, c FROM sbtest%d WHERE k BETWEEN 991256 AND 991356
explain: for range-notcovered :: explain SELECT k, c FROM sbtest%d WHERE k BETWEEN 6392831 AND 6392931for range-notcovered
table 1 : explain SELECT k, c FROM sbtest1 WHERE k BETWEEN 3509700 AND 3509800
	Bitmap Heap Scan on sbtest1  (cost=5.56..441.15 rows=110 width=125)
	  Recheck Cond: ((k >= 3509700) AND (k <= 3509800))
	  ->  Bitmap Index Scan on k_1  (cost=0.00..5.53 rows=110 width=0)
	        Index Cond: ((k >= 3509700) AND (k <= 3509800))

table 2 : explain SELECT k, c FROM sbtest2 WHERE k BETWEEN 3509700 AND 3509800
	Bitmap Heap Scan on sbtest2  (cost=5.46..401.52 rows=100 width=125)
	  Recheck Cond: ((k >= 3509700) AND (k <= 3509800))
	  ->  Bitmap Index Scan on k_2  (cost=0.00..5.43 rows=100 width=0)
	        Index Cond: ((k >= 3509700) AND (k <= 3509800))

table 3 : explain SELECT k, c FROM sbtest3 WHERE k BETWEEN 3509700 AND 3509800
	Bitmap Heap Scan on sbtest3  (cost=5.55..436.99 rows=109 width=125)
	  Recheck Cond: ((k >= 3509700) AND (k <= 3509800))
	  ->  Bitmap Index Scan on k_3  (cost=0.00..5.52 rows=109 width=0)
	        Index Cond: ((k >= 3509700) AND (k <= 3509800))

table 4 : explain SELECT k, c FROM sbtest4 WHERE k BETWEEN 3509700 AND 3509800
	Bitmap Heap Scan on sbtest4  (cost=5.42..385.77 rows=96 width=125)
	  Recheck Cond: ((k >= 3509700) AND (k <= 3509800))
	  ->  Bitmap Index Scan on k_4  (cost=0.00..5.39 rows=96 width=0)
	        Index Cond: ((k >= 3509700) AND (k <= 3509800))

table 5 : explain SELECT k, c FROM sbtest5 WHERE k BETWEEN 3509700 AND 3509800
	Bitmap Heap Scan on sbtest5  (cost=5.43..389.76 rows=97 width=125)
	  Recheck Cond: ((k >= 3509700) AND (k <= 3509800))
	  ->  Bitmap Index Scan on k_5  (cost=0.00..5.40 rows=97 width=0)
	        Index Cond: ((k >= 3509700) AND (k <= 3509800))

table 6 : explain SELECT k, c FROM sbtest6 WHERE k BETWEEN 3509700 AND 3509800
	Bitmap Heap Scan on sbtest6  (cost=5.49..413.39 rows=103 width=125)
	  Recheck Cond: ((k >= 3509700) AND (k <= 3509800))
	  ->  Bitmap Index Scan on k_6  (cost=0.00..5.46 rows=103 width=0)
	        Index Cond: ((k >= 3509700) AND (k <= 3509800))

table 7 : explain SELECT k, c FROM sbtest7 WHERE k BETWEEN 3509700 AND 3509800
	Bitmap Heap Scan on sbtest7  (cost=5.51..421.30 rows=105 width=125)
	  Recheck Cond: ((k >= 3509700) AND (k <= 3509800))
	  ->  Bitmap Index Scan on k_7  (cost=0.00..5.48 rows=105 width=0)
	        Index Cond: ((k >= 3509700) AND (k <= 3509800))

table 8 : explain SELECT k, c FROM sbtest8 WHERE k BETWEEN 3509700 AND 3509800
	Bitmap Heap Scan on sbtest8  (cost=5.56..441.03 rows=110 width=125)
	  Recheck Cond: ((k >= 3509700) AND (k <= 3509800))
	  ->  Bitmap Index Scan on k_8  (cost=0.00..5.53 rows=110 width=0)
	        Index Cond: ((k >= 3509700) AND (k <= 3509800))

for range-notcovered
table 1 : explain SELECT k, c FROM sbtest1 WHERE k BETWEEN 1459258 AND 1459358
	Bitmap Heap Scan on sbtest1  (cost=5.50..417.49 rows=104 width=125)
	  Recheck Cond: ((k >= 1459258) AND (k <= 1459358))
	  ->  Bitmap Index Scan on k_1  (cost=0.00..5.47 rows=104 width=0)
	        Index Cond: ((k >= 1459258) AND (k <= 1459358))

table 2 : explain SELECT k, c FROM sbtest2 WHERE k BETWEEN 1459258 AND 1459358
	Bitmap Heap Scan on sbtest2  (cost=5.54..433.06 rows=108 width=125)
	  Recheck Cond: ((k >= 1459258) AND (k <= 1459358))
	  ->  Bitmap Index Scan on k_2  (cost=0.00..5.51 rows=108 width=0)
	        Index Cond: ((k >= 1459258) AND (k <= 1459358))

table 3 : explain SELECT k, c FROM sbtest3 WHERE k BETWEEN 1459258 AND 1459358
	Bitmap Heap Scan on sbtest3  (cost=5.55..436.99 rows=109 width=125)
	  Recheck Cond: ((k >= 1459258) AND (k <= 1459358))
	  ->  Bitmap Index Scan on k_3  (cost=0.00..5.52 rows=109 width=0)
	        Index Cond: ((k >= 1459258) AND (k <= 1459358))

table 4 : explain SELECT k, c FROM sbtest4 WHERE k BETWEEN 1459258 AND 1459358
	Bitmap Heap Scan on sbtest4  (cost=5.46..401.55 rows=100 width=125)
	  Recheck Cond: ((k >= 1459258) AND (k <= 1459358))
	  ->  Bitmap Index Scan on k_4  (cost=0.00..5.43 rows=100 width=0)
	        Index Cond: ((k >= 1459258) AND (k <= 1459358))

table 5 : explain SELECT k, c FROM sbtest5 WHERE k BETWEEN 1459258 AND 1459358
	Bitmap Heap Scan on sbtest5  (cost=5.38..370.03 rows=92 width=125)
	  Recheck Cond: ((k >= 1459258) AND (k <= 1459358))
	  ->  Bitmap Index Scan on k_5  (cost=0.00..5.35 rows=92 width=0)
	        Index Cond: ((k >= 1459258) AND (k <= 1459358))

table 6 : explain SELECT k, c FROM sbtest6 WHERE k BETWEEN 1459258 AND 1459358
	Bitmap Heap Scan on sbtest6  (cost=5.41..381.83 rows=95 width=125)
	  Recheck Cond: ((k >= 1459258) AND (k <= 1459358))
	  ->  Bitmap Index Scan on k_6  (cost=0.00..5.38 rows=95 width=0)
	        Index Cond: ((k >= 1459258) AND (k <= 1459358))

table 7 : explain SELECT k, c FROM sbtest7 WHERE k BETWEEN 1459258 AND 1459358
	Bitmap Heap Scan on sbtest7  (cost=5.50..417.36 rows=104 width=125)
	  Recheck Cond: ((k >= 1459258) AND (k <= 1459358))
	  ->  Bitmap Index Scan on k_7  (cost=0.00..5.47 rows=104 width=0)
	        Index Cond: ((k >= 1459258) AND (k <= 1459358))

table 8 : explain SELECT k, c FROM sbtest8 WHERE k BETWEEN 1459258 AND 1459358
	Bitmap Heap Scan on sbtest8  (cost=5.45..397.66 rows=99 width=125)
	  Recheck Cond: ((k >= 1459258) AND (k <= 1459358))
	  ->  Bitmap Index Scan on k_8  (cost=0.00..5.42 rows=99 width=0)
	        Index Cond: ((k >= 1459258) AND (k <= 1459358))

explain: for range-notcovered :: explain SELECT k, c FROM sbtest%d WHERE k BETWEEN 6399033 AND 6399133

explain: for range-notcovered :: explain SELECT k, c FROM sbtest%d WHERE k BETWEEN 4305027 AND 4305127
for range-notcovered
table 1 : explain SELECT k, c FROM sbtest1 WHERE k BETWEEN 4481903 AND 4482003
	Bitmap Heap Scan on sbtest1  (cost=5.48..409.60 rows=102 width=125)
	  Recheck Cond: ((k >= 4481903) AND (k <= 4482003))
	  ->  Bitmap Index Scan on k_1  (cost=0.00..5.45 rows=102 width=0)
	        Index Cond: ((k >= 4481903) AND (k <= 4482003))

table 2 : explain SELECT k, c FROM sbtest2 WHERE k BETWEEN 4481903 AND 4482003
	Bitmap Heap Scan on sbtest2  (cost=5.39..373.91 rows=93 width=125)
	  Recheck Cond: ((k >= 4481903) AND (k <= 4482003))
	  ->  Bitmap Index Scan on k_2  (cost=0.00..5.36 rows=93 width=0)
	        Index Cond: ((k >= 4481903) AND (k <= 4482003))

table 3 : explain SELECT k, c FROM sbtest3 WHERE k BETWEEN 4481903 AND 4482003
	Bitmap Heap Scan on sbtest3  (cost=5.52..425.16 rows=106 width=125)
	  Recheck Cond: ((k >= 4481903) AND (k <= 4482003))
	  ->  Bitmap Index Scan on k_3  (cost=0.00..5.50 rows=106 width=0)
	        Index Cond: ((k >= 4481903) AND (k <= 4482003))

table 4 : explain SELECT k, c FROM sbtest4 WHERE k BETWEEN 4481903 AND 4482003
	Bitmap Heap Scan on sbtest4  (cost=5.56..440.98 rows=110 width=125)
	  Recheck Cond: ((k >= 4481903) AND (k <= 4482003))
	  ->  Bitmap Index Scan on k_4  (cost=0.00..5.53 rows=110 width=0)
	        Index Cond: ((k >= 4481903) AND (k <= 4482003))

table 5 : explain SELECT k, c FROM sbtest5 WHERE k BETWEEN 4481903 AND 4482003
	Bitmap Heap Scan on sbtest5  (cost=5.45..397.65 rows=99 width=125)
	  Recheck Cond: ((k >= 4481903) AND (k <= 4482003))
	  ->  Bitmap Index Scan on k_5  (cost=0.00..5.42 rows=99 width=0)
	        Index Cond: ((k >= 4481903) AND (k <= 4482003))

table 6 : explain SELECT k, c FROM sbtest6 WHERE k BETWEEN 4481903 AND 4482003
	Bitmap Heap Scan on sbtest6  (cost=5.38..369.99 rows=92 width=125)
	  Recheck Cond: ((k >= 4481903) AND (k <= 4482003))
	  ->  Bitmap Index Scan on k_6  (cost=0.00..5.35 rows=92 width=0)
	        Index Cond: ((k >= 4481903) AND (k <= 4482003))

table 7 : explain SELECT k, c FROM sbtest7 WHERE k BETWEEN 4481903 AND 4482003
	Bitmap Heap Scan on sbtest7  (cost=5.43..389.75 rows=97 width=125)
	  Recheck Cond: ((k >= 4481903) AND (k <= 4482003))
	  ->  Bitmap Index Scan on k_7  (cost=0.00..5.40 rows=97 width=0)
	        Index Cond: ((k >= 4481903) AND (k <= 4482003))

table 8 : explain SELECT k, c FROM sbtest8 WHERE k BETWEEN 4481903 AND 4482003
	Bitmap Heap Scan on sbtest8  (cost=5.49..413.43 rows=103 width=125)
	  Recheck Cond: ((k >= 4481903) AND (k <= 4482003))
	  ->  Bitmap Index Scan on k_8  (cost=0.00..5.46 rows=103 width=0)
	        Index Cond: ((k >= 4481903) AND (k <= 4482003))


for range-notcovered
table 1 : explain SELECT k, c FROM sbtest1 WHERE k BETWEEN 3577665 AND 3577765
	Bitmap Heap Scan on sbtest1  (cost=5.48..409.60 rows=102 width=125)
	  Recheck Cond: ((k >= 3577665) AND (k <= 3577765))
	  ->  Bitmap Index Scan on k_1  (cost=0.00..5.45 rows=102 width=0)
	        Index Cond: ((k >= 3577665) AND (k <= 3577765))

table 2 : explain SELECT k, c FROM sbtest2 WHERE k BETWEEN 3577665 AND 3577765
	Bitmap Heap Scan on sbtest2  (cost=5.46..401.52 rows=100 width=125)
	  Recheck Cond: ((k >= 3577665) AND (k <= 3577765))
	  ->  Bitmap Index Scan on k_2  (cost=0.00..5.43 rows=100 width=0)
	        Index Cond: ((k >= 3577665) AND (k <= 3577765))

table 3 : explain SELECT k, c FROM sbtest3 WHERE k BETWEEN 3577665 AND 3577765
	Bitmap Heap Scan on sbtest3  (cost=5.44..393.62 rows=98 width=125)
	  Recheck Cond: ((k >= 3577665) AND (k <= 3577765))
	  ->  Bitmap Index Scan on k_3  (cost=0.00..5.42 rows=98 width=0)
	        Index Cond: ((k >= 3577665) AND (k <= 3577765))

table 4 : explain SELECT k, c FROM sbtest4 WHERE k BETWEEN 3577665 AND 3577765
	Bitmap Heap Scan on sbtest4  (cost=5.46..401.55 rows=100 width=125)
	  Recheck Cond: ((k >= 3577665) AND (k <= 3577765))
	  ->  Bitmap Index Scan on k_4  (cost=0.00..5.43 rows=100 width=0)
	        Index Cond: ((k >= 3577665) AND (k <= 3577765))

table 5 : explain SELECT k, c FROM sbtest5 WHERE k BETWEEN 3577665 AND 3577765
	Bitmap Heap Scan on sbtest5  (cost=5.43..389.76 rows=97 width=125)
	  Recheck Cond: ((k >= 3577665) AND (k <= 3577765))
	  ->  Bitmap Index Scan on k_5  (cost=0.00..5.40 rows=97 width=0)
	        Index Cond: ((k >= 3577665) AND (k <= 3577765))

table 6 : explain SELECT k, c FROM sbtest6 WHERE k BETWEEN 3577665 AND 3577765
	Bitmap Heap Scan on sbtest6  (cost=5.49..413.39 rows=103 width=125)
	  Recheck Cond: ((k >= 3577665) AND (k <= 3577765))
	  ->  Bitmap Index Scan on k_6  (cost=0.00..5.46 rows=103 width=0)
	        Index Cond: ((k >= 3577665) AND (k <= 3577765))

table 7 : explain SELECT k, c FROM sbtest7 WHERE k BETWEEN 3577665 AND 3577765
	Bitmap Heap Scan on sbtest7  (cost=5.51..421.30 rows=105 width=125)
	  Recheck Cond: ((k >= 3577665) AND (k <= 3577765))
	  ->  Bitmap Index Scan on k_7  (cost=0.00..5.48 rows=105 width=0)
	        Index Cond: ((k >= 3577665) AND (k <= 3577765))

table 8 : explain SELECT k, c FROM sbtest8 WHERE k BETWEEN 3577665 AND 3577765
	Bitmap Heap Scan on sbtest8  (cost=5.43..389.77 rows=97 width=125)
	  Recheck Cond: ((k >= 3577665) AND (k <= 3577765))
	  ->  Bitmap Index Scan on k_8  (cost=0.00..5.40 rows=97 width=0)
	        Index Cond: ((k >= 3577665) AND (k <= 3577765))
for range-notcovered
table 1 : explain SELECT k, c FROM sbtest1 WHERE k BETWEEN 5001658 AND 5001758
	Bitmap Heap Scan on sbtest1  (cost=5.50..417.49 rows=104 width=125)
	  Recheck Cond: ((k >= 5001658) AND (k <= 5001758))
	  ->  Bitmap Index Scan on k_1  (cost=0.00..5.47 rows=104 width=0)
	        Index Cond: ((k >= 5001658) AND (k <= 5001758))

table 2 : explain SELECT k, c FROM sbtest2 WHERE k BETWEEN 5001658 AND 5001758
	Bitmap Heap Scan on sbtest2  (cost=5.38..369.96 rows=92 width=125)
	  Recheck Cond: ((k >= 5001658) AND (k <= 5001758))
	  ->  Bitmap Index Scan on k_2  (cost=0.00..5.35 rows=92 width=0)
	        Index Cond: ((k >= 5001658) AND (k <= 5001758))

table 3 : explain SELECT k, c FROM sbtest3 WHERE k BETWEEN 5001658 AND 5001758
	Bitmap Heap Scan on sbtest3  (cost=5.35..358.11 rows=89 width=125)
	  Recheck Cond: ((k >= 5001658) AND (k <= 5001758))
	  ->  Bitmap Index Scan on k_3  (cost=0.00..5.32 rows=89 width=0)
	        Index Cond: ((k >= 5001658) AND (k <= 5001758))

table 4 : explain SELECT k, c FROM sbtest4 WHERE k BETWEEN 5001658 AND 5001758
	Bitmap Heap Scan on sbtest4  (cost=5.48..409.44 rows=102 width=125)
	  Recheck Cond: ((k >= 5001658) AND (k <= 5001758))
	  ->  Bitmap Index Scan on k_4  (cost=0.00..5.45 rows=102 width=0)
	        Index Cond: ((k >= 5001658) AND (k <= 5001758))

table 5 : explain SELECT k, c FROM sbtest5 WHERE k BETWEEN 5001658 AND 5001758
	Bitmap Heap Scan on sbtest5  (cost=5.51..421.32 rows=105 width=125)
	  Recheck Cond: ((k >= 5001658) AND (k <= 5001758))
	  ->  Bitmap Index Scan on k_5  (cost=0.00..5.48 rows=105 width=0)
	        Index Cond: ((k >= 5001658) AND (k <= 5001758))

table 6 : explain SELECT k, c FROM sbtest6 WHERE k BETWEEN 5001658 AND 5001758
	Bitmap Heap Scan on sbtest6  (cost=5.50..417.33 rows=104 width=125)
	  Recheck Cond: ((k >= 5001658) AND (k <= 5001758))
	  ->  Bitmap Index Scan on k_6  (cost=0.00..5.47 rows=104 width=0)
	        Index Cond: ((k >= 5001658) AND (k <= 5001758))

table 7 : explain SELECT k, c FROM sbtest7 WHERE k BETWEEN 5001658 AND 5001758
	Bitmap Heap Scan on sbtest7  (cost=5.54..433.13 rows=108 width=125)
	  Recheck Cond: ((k >= 5001658) AND (k <= 5001758))
	  ->  Bitmap Index Scan on k_7  (cost=0.00..5.51 rows=108 width=0)
	        Index Cond: ((k >= 5001658) AND (k <= 5001758))

table 8 : explain SELECT k, c FROM sbtest8 WHERE k BETWEEN 5001658 AND 5001758
	Bitmap Heap Scan on sbtest8  (cost=5.52..425.26 rows=106 width=125)
	  Recheck Cond: ((k >= 5001658) AND (k <= 5001758))
	  ->  Bitmap Index Scan on k_8  (cost=0.00..5.50 rows=106 width=0)
	        Index Cond: ((k >= 5001658) AND (k <= 5001758))
for range-notcovered
table 1 : explain SELECT k, c FROM sbtest1 WHERE k BETWEEN 5367980 AND 5368080
	Bitmap Heap Scan on sbtest1  (cost=5.46..401.71 rows=100 width=125)
	  Recheck Cond: ((k >= 5367980) AND (k <= 5368080))
	  ->  Bitmap Index Scan on k_1  (cost=0.00..5.43 rows=100 width=0)
	        Index Cond: ((k >= 5367980) AND (k <= 5368080))

table 2 : explain SELECT k, c FROM sbtest2 WHERE k BETWEEN 5367980 AND 5368080
	Bitmap Heap Scan on sbtest2  (cost=5.48..409.41 rows=102 width=125)
	  Recheck Cond: ((k >= 5367980) AND (k <= 5368080))
	  ->  Bitmap Index Scan on k_2  (cost=0.00..5.45 rows=102 width=0)
	        Index Cond: ((k >= 5367980) AND (k <= 5368080))

table 3 : explain SELECT k, c FROM sbtest3 WHERE k BETWEEN 5367980 AND 5368080
	Bitmap Heap Scan on sbtest3  (cost=5.56..440.93 rows=110 width=125)
	  Recheck Cond: ((k >= 5367980) AND (k <= 5368080))
	  ->  Bitmap Index Scan on k_3  (cost=0.00..5.53 rows=110 width=0)
	        Index Cond: ((k >= 5367980) AND (k <= 5368080))

table 4 : explain SELECT k, c FROM sbtest4 WHERE k BETWEEN 5367980 AND 5368080
	Bitmap Heap Scan on sbtest4  (cost=5.47..405.50 rows=101 width=125)
	  Recheck Cond: ((k >= 5367980) AND (k <= 5368080))
	  ->  Bitmap Index Scan on k_4  (cost=0.00..5.44 rows=101 width=0)
	        Index Cond: ((k >= 5367980) AND (k <= 5368080))

table 5 : explain SELECT k, c FROM sbtest5 WHERE k BETWEEN 5367980 AND 5368080
	Bitmap Heap Scan on sbtest5  (cost=5.44..393.71 rows=98 width=125)
	  Recheck Cond: ((k >= 5367980) AND (k <= 5368080))
	  ->  Bitmap Index Scan on k_5  (cost=0.00..5.42 rows=98 width=0)
	        Index Cond: ((k >= 5367980) AND (k <= 5368080))

table 6 : explain SELECT k, c FROM sbtest6 WHERE k BETWEEN 5367980 AND 5368080
	Bitmap Heap Scan on sbtest6  (cost=5.57..444.92 rows=111 width=125)
	  Recheck Cond: ((k >= 5367980) AND (k <= 5368080))
	  ->  Bitmap Index Scan on k_6  (cost=0.00..5.54 rows=111 width=0)
	        Index Cond: ((k >= 5367980) AND (k <= 5368080))

table 7 : explain SELECT k, c FROM sbtest7 WHERE k BETWEEN 5367980 AND 5368080
	Bitmap Heap Scan on sbtest7  (cost=5.42..385.80 rows=96 width=125)
	  Recheck Cond: ((k >= 5367980) AND (k <= 5368080))
	  ->  Bitmap Index Scan on k_7  (cost=0.00..5.39 rows=96 width=0)
	        Index Cond: ((k >= 5367980) AND (k <= 5368080))

table 8 : explain SELECT k, c FROM sbtest8 WHERE k BETWEEN 5367980 AND 5368080
	Bitmap Heap Scan on sbtest8  (cost=5.53..429.21 rows=107 width=125)
	  Recheck Cond: ((k >= 5367980) AND (k <= 5368080))
	  ->  Bitmap Index Scan on k_8  (cost=0.00..5.50 rows=107 width=0)
	        Index Cond: ((k >= 5367980) AND (k <= 5368080))

explain: for range-notcovered :: explain SELECT k, c FROM sbtest%d WHERE k BETWEEN 3928970 AND 3929070
explain: for range-notcovered :: explain SELECT k, c FROM sbtest%d WHERE k BETWEEN 5559874 AND 5559974
for range-notcovered
table 1 : explain SELECT k, c FROM sbtest1 WHERE k BETWEEN 443834 AND 443934
	Bitmap Heap Scan on sbtest1  (cost=5.50..417.49 rows=104 width=125)
	  Recheck Cond: ((k >= 443834) AND (k <= 443934))
	  ->  Bitmap Index Scan on k_1  (cost=0.00..5.47 rows=104 width=0)
	        Index Cond: ((k >= 443834) AND (k <= 443934))

table 2 : explain SELECT k, c FROM sbtest2 WHERE k BETWEEN 443834 AND 443934
	Bitmap Heap Scan on sbtest2  (cost=5.60..456.69 rows=114 width=125)
	  Recheck Cond: ((k >= 443834) AND (k <= 443934))
	  ->  Bitmap Index Scan on k_2  (cost=0.00..5.58 rows=114 width=0)
	        Index Cond: ((k >= 443834) AND (k <= 443934))

table 3 : explain SELECT k, c FROM sbtest3 WHERE k BETWEEN 443834 AND 443934
	Bitmap Heap Scan on sbtest3  (cost=5.38..369.95 rows=92 width=125)
	  Recheck Cond: ((k >= 443834) AND (k <= 443934))
	  ->  Bitmap Index Scan on k_3  (cost=0.00..5.35 rows=92 width=0)
	        Index Cond: ((k >= 443834) AND (k <= 443934))

table 4 : explain SELECT k, c FROM sbtest4 WHERE k BETWEEN 443834 AND 443934
	Bitmap Heap Scan on sbtest4  (cost=5.46..401.55 rows=100 width=125)
	  Recheck Cond: ((k >= 443834) AND (k <= 443934))
	  ->  Bitmap Index Scan on k_4  (cost=0.00..5.43 rows=100 width=0)
	        Index Cond: ((k >= 443834) AND (k <= 443934))

table 5 : explain SELECT k, c FROM sbtest5 WHERE k BETWEEN 443834 AND 443934
	Bitmap Heap Scan on sbtest5  (cost=5.51..421.32 rows=105 width=125)
	  Recheck Cond: ((k >= 443834) AND (k <= 443934))
	  ->  Bitmap Index Scan on k_5  (cost=0.00..5.48 rows=105 width=0)
	        Index Cond: ((k >= 443834) AND (k <= 443934))

table 6 : explain SELECT k, c FROM sbtest6 WHERE k BETWEEN 443834 AND 443934
	Bitmap Heap Scan on sbtest6  (cost=5.64..472.49 rows=118 width=125)
	  Recheck Cond: ((k >= 443834) AND (k <= 443934))
	  ->  Bitmap Index Scan on k_6  (cost=0.00..5.61 rows=118 width=0)
	        Index Cond: ((k >= 443834) AND (k <= 443934))

table 7 : explain SELECT k, c FROM sbtest7 WHERE k BETWEEN 443834 AND 443934
	Bitmap Heap Scan on sbtest7  (cost=5.47..405.53 rows=101 width=125)
	  Recheck Cond: ((k >= 443834) AND (k <= 443934))
	  ->  Bitmap Index Scan on k_7  (cost=0.00..5.44 rows=101 width=0)
	        Index Cond: ((k >= 443834) AND (k <= 443934))

table 8 : explain SELECT k, c FROM sbtest8 WHERE k BETWEEN 443834 AND 443934
	Bitmap Heap Scan on sbtest8  (cost=5.55..437.09 rows=109 width=125)
	  Recheck Cond: ((k >= 443834) AND (k <= 443934))
	  ->  Bitmap Index Scan on k_8  (cost=0.00..5.52 rows=109 width=0)
	        Index Cond: ((k >= 443834) AND (k <= 443934))


explain: for range-notcovered :: explain SELECT k, c FROM sbtest%d WHERE k BETWEEN 1459258 AND 1459358
for range-notcovered
table 1 : explain SELECT k, c FROM sbtest1 WHERE k BETWEEN 2131083 AND 2131183
	Bitmap Heap Scan on sbtest1  (cost=5.48..409.60 rows=102 width=125)
	  Recheck Cond: ((k >= 2131083) AND (k <= 2131183))
	  ->  Bitmap Index Scan on k_1  (cost=0.00..5.45 rows=102 width=0)
	        Index Cond: ((k >= 2131083) AND (k <= 2131183))

table 2 : explain SELECT k, c FROM sbtest2 WHERE k BETWEEN 2131083 AND 2131183
	Bitmap Heap Scan on sbtest2  (cost=5.49..413.35 rows=103 width=125)
	  Recheck Cond: ((k >= 2131083) AND (k <= 2131183))
	  ->  Bitmap Index Scan on k_2  (cost=0.00..5.46 rows=103 width=0)
	        Index Cond: ((k >= 2131083) AND (k <= 2131183))

table 3 : explain SELECT k, c FROM sbtest3 WHERE k BETWEEN 2131083 AND 2131183
	Bitmap Heap Scan on sbtest3  (cost=5.45..397.57 rows=99 width=125)
	  Recheck Cond: ((k >= 2131083) AND (k <= 2131183))
	  ->  Bitmap Index Scan on k_3  (cost=0.00..5.42 rows=99 width=0)
	        Index Cond: ((k >= 2131083) AND (k <= 2131183))

table 4 : explain SELECT k, c FROM sbtest4 WHERE k BETWEEN 2131083 AND 2131183
	Bitmap Heap Scan on sbtest4  (cost=5.41..381.83 rows=95 width=125)
	  Recheck Cond: ((k >= 2131083) AND (k <= 2131183))
	  ->  Bitmap Index Scan on k_4  (cost=0.00..5.38 rows=95 width=0)
	        Index Cond: ((k >= 2131083) AND (k <= 2131183))

table 5 : explain SELECT k, c FROM sbtest5 WHERE k BETWEEN 2131083 AND 2131183
	Bitmap Heap Scan on sbtest5  (cost=5.52..425.26 rows=106 width=125)
	  Recheck Cond: ((k >= 2131083) AND (k <= 2131183))
	  ->  Bitmap Index Scan on k_5  (cost=0.00..5.50 rows=106 width=0)
	        Index Cond: ((k >= 2131083) AND (k <= 2131183))

table 6 : explain SELECT k, c FROM sbtest6 WHERE k BETWEEN 2131083 AND 2131183
	Bitmap Heap Scan on sbtest6  (cost=5.58..448.86 rows=112 width=125)
	  Recheck Cond: ((k >= 2131083) AND (k <= 2131183))
	  ->  Bitmap Index Scan on k_6  (cost=0.00..5.55 rows=112 width=0)
	        Index Cond: ((k >= 2131083) AND (k <= 2131183))

table 7 : explain SELECT k, c FROM sbtest7 WHERE k BETWEEN 2131083 AND 2131183
	Bitmap Heap Scan on sbtest7  (cost=5.48..409.47 rows=102 width=125)
	  Recheck Cond: ((k >= 2131083) AND (k <= 2131183))
	  ->  Bitmap Index Scan on k_7  (cost=0.00..5.45 rows=102 width=0)
	        Index Cond: ((k >= 2131083) AND (k <= 2131183))

table 8 : explain SELECT k, c FROM sbtest8 WHERE k BETWEEN 2131083 AND 2131183
	Bitmap Heap Scan on sbtest8  (cost=5.42..385.82 rows=96 width=125)
	  Recheck Cond: ((k >= 2131083) AND (k <= 2131183))
	  ->  Bitmap Index Scan on k_8  (cost=0.00..5.39 rows=96 width=0)
	        Index Cond: ((k >= 2131083) AND (k <= 2131183))

explain: for range-notcovered :: explain SELECT k, c FROM sbtest%d WHERE k BETWEEN 5367980 AND 5368080
explain: for range-notcovered :: explain SELECT k, c FROM sbtest%d WHERE k BETWEEN 3577665 AND 3577765
for range-notcovered
table 1 : explain SELECT k, c FROM sbtest1 WHERE k BETWEEN 6268598 AND 6268698
	Bitmap Heap Scan on sbtest1  (cost=5.46..401.71 rows=100 width=125)
	  Recheck Cond: ((k >= 6268598) AND (k <= 6268698))
	  ->  Bitmap Index Scan on k_1  (cost=0.00..5.43 rows=100 width=0)
	        Index Cond: ((k >= 6268598) AND (k <= 6268698))

table 2 : explain SELECT k, c FROM sbtest2 WHERE k BETWEEN 6268598 AND 6268698
	Bitmap Heap Scan on sbtest2  (cost=5.47..405.46 rows=101 width=125)
	  Recheck Cond: ((k >= 6268598) AND (k <= 6268698))
	  ->  Bitmap Index Scan on k_2  (cost=0.00..5.44 rows=101 width=0)
	        Index Cond: ((k >= 6268598) AND (k <= 6268698))

table 3 : explain SELECT k, c FROM sbtest3 WHERE k BETWEEN 6268598 AND 6268698
	Bitmap Heap Scan on sbtest3  (cost=5.52..425.16 rows=106 width=125)
	  Recheck Cond: ((k >= 6268598) AND (k <= 6268698))
	  ->  Bitmap Index Scan on k_3  (cost=0.00..5.50 rows=106 width=0)
	        Index Cond: ((k >= 6268598) AND (k <= 6268698))

table 4 : explain SELECT k, c FROM sbtest4 WHERE k BETWEEN 6268598 AND 6268698
	Bitmap Heap Scan on sbtest4  (cost=5.57..444.92 rows=111 width=125)
	  Recheck Cond: ((k >= 6268598) AND (k <= 6268698))
	  ->  Bitmap Index Scan on k_4  (cost=0.00..5.54 rows=111 width=0)
	        Index Cond: ((k >= 6268598) AND (k <= 6268698))

table 5 : explain SELECT k, c FROM sbtest5 WHERE k BETWEEN 6268598 AND 6268698
	Bitmap Heap Scan on sbtest5  (cost=5.48..409.49 rows=102 width=125)
	  Recheck Cond: ((k >= 6268598) AND (k <= 6268698))
	  ->  Bitmap Index Scan on k_5  (cost=0.00..5.45 rows=102 width=0)
	        Index Cond: ((k >= 6268598) AND (k <= 6268698))

table 6 : explain SELECT k, c FROM sbtest6 WHERE k BETWEEN 6268598 AND 6268698
	Bitmap Heap Scan on sbtest6  (cost=5.39..373.94 rows=93 width=125)
	  Recheck Cond: ((k >= 6268598) AND (k <= 6268698))
	  ->  Bitmap Index Scan on k_6  (cost=0.00..5.36 rows=93 width=0)
	        Index Cond: ((k >= 6268598) AND (k <= 6268698))

table 7 : explain SELECT k, c FROM sbtest7 WHERE k BETWEEN 6268598 AND 6268698
	Bitmap Heap Scan on sbtest7  (cost=5.46..401.58 rows=100 width=125)
	  Recheck Cond: ((k >= 6268598) AND (k <= 6268698))
	  ->  Bitmap Index Scan on k_7  (cost=0.00..5.43 rows=100 width=0)
	        Index Cond: ((k >= 6268598) AND (k <= 6268698))

table 8 : explain SELECT k, c FROM sbtest8 WHERE k BETWEEN 6268598 AND 6268698
	Bitmap Heap Scan on sbtest8  (cost=5.41..381.87 rows=95 width=125)
	  Recheck Cond: ((k >= 6268598) AND (k <= 6268698))
	  ->  Bitmap Index Scan on k_8  (cost=0.00..5.38 rows=95 width=0)
	        Index Cond: ((k >= 6268598) AND (k <= 6268698))

for range-notcovered
table 1 : explain SELECT k, c FROM sbtest1 WHERE k BETWEEN 4998269 AND 4998369
	Bitmap Heap Scan on sbtest1  (cost=5.50..417.49 rows=104 width=125)
	  Recheck Cond: ((k >= 4998269) AND (k <= 4998369))
	  ->  Bitmap Index Scan on k_1  (cost=0.00..5.47 rows=104 width=0)
	        Index Cond: ((k >= 4998269) AND (k <= 4998369))

table 2 : explain SELECT k, c FROM sbtest2 WHERE k BETWEEN 4998269 AND 4998369
	Bitmap Heap Scan on sbtest2  (cost=5.52..425.18 rows=106 width=125)
	  Recheck Cond: ((k >= 4998269) AND (k <= 4998369))
	  ->  Bitmap Index Scan on k_2  (cost=0.00..5.50 rows=106 width=0)
	        Index Cond: ((k >= 4998269) AND (k <= 4998369))

table 3 : explain SELECT k, c FROM sbtest3 WHERE k BETWEEN 4998269 AND 4998369
	Bitmap Heap Scan on sbtest3  (cost=5.35..358.11 rows=89 width=125)
	  Recheck Cond: ((k >= 4998269) AND (k <= 4998369))
	  ->  Bitmap Index Scan on k_3  (cost=0.00..5.32 rows=89 width=0)
	        Index Cond: ((k >= 4998269) AND (k <= 4998369))

table 4 : explain SELECT k, c FROM sbtest4 WHERE k BETWEEN 4998269 AND 4998369
	Bitmap Heap Scan on sbtest4  (cost=5.48..409.44 rows=102 width=125)
	  Recheck Cond: ((k >= 4998269) AND (k <= 4998369))
	  ->  Bitmap Index Scan on k_4  (cost=0.00..5.45 rows=102 width=0)
	        Index Cond: ((k >= 4998269) AND (k <= 4998369))

table 5 : explain SELECT k, c FROM sbtest5 WHERE k BETWEEN 4998269 AND 4998369
	Bitmap Heap Scan on sbtest5  (cost=5.51..421.32 rows=105 width=125)
	  Recheck Cond: ((k >= 4998269) AND (k <= 4998369))
	  ->  Bitmap Index Scan on k_5  (cost=0.00..5.48 rows=105 width=0)
	        Index Cond: ((k >= 4998269) AND (k <= 4998369))

table 6 : explain SELECT k, c FROM sbtest6 WHERE k BETWEEN 4998269 AND 4998369
	Bitmap Heap Scan on sbtest6  (cost=5.50..417.33 rows=104 width=125)
	  Recheck Cond: ((k >= 4998269) AND (k <= 4998369))
	  ->  Bitmap Index Scan on k_6  (cost=0.00..5.47 rows=104 width=0)
	        Index Cond: ((k >= 4998269) AND (k <= 4998369))

table 7 : explain SELECT k, c FROM sbtest7 WHERE k BETWEEN 4998269 AND 4998369
	Bitmap Heap Scan on sbtest7  (cost=5.54..433.13 rows=108 width=125)
	  Recheck Cond: ((k >= 4998269) AND (k <= 4998369))
	  ->  Bitmap Index Scan on k_7  (cost=0.00..5.51 rows=108 width=0)
	        Index Cond: ((k >= 4998269) AND (k <= 4998369))

table 8 : explain SELECT k, c FROM sbtest8 WHERE k BETWEEN 4998269 AND 4998369
	Bitmap Heap Scan on sbtest8  (cost=5.46..401.60 rows=100 width=125)
	  Recheck Cond: ((k >= 4998269) AND (k <= 4998369))
	  ->  Bitmap Index Scan on k_8  (cost=0.00..5.43 rows=100 width=0)
	        Index Cond: ((k >= 4998269) AND (k <= 4998369))


explain: for range-notcovered :: explain SELECT k, c FROM sbtest%d WHERE k BETWEEN 5460229 AND 5460329
for range-notcovered
table 1 : explain SELECT k, c FROM sbtest1 WHERE k BETWEEN 3253896 AND 3253996
	Bitmap Heap Scan on sbtest1  (cost=5.48..409.60 rows=102 width=125)
	  Recheck Cond: ((k >= 3253896) AND (k <= 3253996))
	  ->  Bitmap Index Scan on k_1  (cost=0.00..5.45 rows=102 width=0)
	        Index Cond: ((k >= 3253896) AND (k <= 3253996))

table 2 : explain SELECT k, c FROM sbtest2 WHERE k BETWEEN 3253896 AND 3253996
	Bitmap Heap Scan on sbtest2  (cost=5.51..421.23 rows=105 width=125)
	  Recheck Cond: ((k >= 3253896) AND (k <= 3253996))
	  ->  Bitmap Index Scan on k_2  (cost=0.00..5.48 rows=105 width=0)
	        Index Cond: ((k >= 3253896) AND (k <= 3253996))

table 3 : explain SELECT k, c FROM sbtest3 WHERE k BETWEEN 3253896 AND 3253996
	Bitmap Heap Scan on sbtest3  (cost=5.46..401.51 rows=100 width=125)
	  Recheck Cond: ((k >= 3253896) AND (k <= 3253996))
	  ->  Bitmap Index Scan on k_3  (cost=0.00..5.43 rows=100 width=0)
	        Index Cond: ((k >= 3253896) AND (k <= 3253996))

table 4 : explain SELECT k, c FROM sbtest4 WHERE k BETWEEN 3253896 AND 3253996
	Bitmap Heap Scan on sbtest4  (cost=5.53..429.15 rows=107 width=125)
	  Recheck Cond: ((k >= 3253896) AND (k <= 3253996))
	  ->  Bitmap Index Scan on k_4  (cost=0.00..5.50 rows=107 width=0)
	        Index Cond: ((k >= 3253896) AND (k <= 3253996))

table 5 : explain SELECT k, c FROM sbtest5 WHERE k BETWEEN 3253896 AND 3253996
	Bitmap Heap Scan on sbtest5  (cost=5.51..421.32 rows=105 width=125)
	  Recheck Cond: ((k >= 3253896) AND (k <= 3253996))
	  ->  Bitmap Index Scan on k_5  (cost=0.00..5.48 rows=105 width=0)
	        Index Cond: ((k >= 3253896) AND (k <= 3253996))

table 6 : explain SELECT k, c FROM sbtest6 WHERE k BETWEEN 3253896 AND 3253996
	Bitmap Heap Scan on sbtest6  (cost=5.40..377.88 rows=94 width=125)
	  Recheck Cond: ((k >= 3253896) AND (k <= 3253996))
	  ->  Bitmap Index Scan on k_6  (cost=0.00..5.38 rows=94 width=0)
	        Index Cond: ((k >= 3253896) AND (k <= 3253996))

table 7 : explain SELECT k, c FROM sbtest7 WHERE k BETWEEN 3253896 AND 3253996
	Bitmap Heap Scan on sbtest7  (cost=5.49..413.42 rows=103 width=125)
	  Recheck Cond: ((k >= 3253896) AND (k <= 3253996))
	  ->  Bitmap Index Scan on k_7  (cost=0.00..5.46 rows=103 width=0)
	        Index Cond: ((k >= 3253896) AND (k <= 3253996))

table 8 : explain SELECT k, c FROM sbtest8 WHERE k BETWEEN 3253896 AND 3253996
	Bitmap Heap Scan on sbtest8  (cost=5.47..405.55 rows=101 width=125)
	  Recheck Cond: ((k >= 3253896) AND (k <= 3253996))
	  ->  Bitmap Index Scan on k_8  (cost=0.00..5.44 rows=101 width=0)
	        Index Cond: ((k >= 3253896) AND (k <= 3253996))
for range-notcovered
table 1 : explain SELECT k, c FROM sbtest1 WHERE k BETWEEN 5428658 AND 5428758
	Bitmap Heap Scan on sbtest1  (cost=5.46..401.71 rows=100 width=125)
	  Recheck Cond: ((k >= 5428658) AND (k <= 5428758))
	  ->  Bitmap Index Scan on k_1  (cost=0.00..5.43 rows=100 width=0)
	        Index Cond: ((k >= 5428658) AND (k <= 5428758))

table 2 : explain SELECT k, c FROM sbtest2 WHERE k BETWEEN 5428658 AND 5428758
	Bitmap Heap Scan on sbtest2  (cost=5.53..429.12 rows=107 width=125)
	  Recheck Cond: ((k >= 5428658) AND (k <= 5428758))
	  ->  Bitmap Index Scan on k_2  (cost=0.00..5.50 rows=107 width=0)
	        Index Cond: ((k >= 5428658) AND (k <= 5428758))

table 3 : explain SELECT k, c FROM sbtest3 WHERE k BETWEEN 5428658 AND 5428758
	Bitmap Heap Scan on sbtest3  (cost=5.43..389.68 rows=97 width=125)
	  Recheck Cond: ((k >= 5428658) AND (k <= 5428758))
	  ->  Bitmap Index Scan on k_3  (cost=0.00..5.40 rows=97 width=0)
	        Index Cond: ((k >= 5428658) AND (k <= 5428758))

table 4 : explain SELECT k, c FROM sbtest4 WHERE k BETWEEN 5428658 AND 5428758
	Bitmap Heap Scan on sbtest4  (cost=5.47..405.50 rows=101 width=125)
	  Recheck Cond: ((k >= 5428658) AND (k <= 5428758))
	  ->  Bitmap Index Scan on k_4  (cost=0.00..5.44 rows=101 width=0)
	        Index Cond: ((k >= 5428658) AND (k <= 5428758))

table 5 : explain SELECT k, c FROM sbtest5 WHERE k BETWEEN 5428658 AND 5428758
	Bitmap Heap Scan on sbtest5  (cost=5.52..425.26 rows=106 width=125)
	  Recheck Cond: ((k >= 5428658) AND (k <= 5428758))
	  ->  Bitmap Index Scan on k_5  (cost=0.00..5.50 rows=106 width=0)
	        Index Cond: ((k >= 5428658) AND (k <= 5428758))

table 6 : explain SELECT k, c FROM sbtest6 WHERE k BETWEEN 5428658 AND 5428758
	Bitmap Heap Scan on sbtest6  (cost=5.38..369.99 rows=92 width=125)
	  Recheck Cond: ((k >= 5428658) AND (k <= 5428758))
	  ->  Bitmap Index Scan on k_6  (cost=0.00..5.35 rows=92 width=0)
	        Index Cond: ((k >= 5428658) AND (k <= 5428758))

table 7 : explain SELECT k, c FROM sbtest7 WHERE k BETWEEN 5428658 AND 5428758
	Bitmap Heap Scan on sbtest7  (cost=5.42..385.80 rows=96 width=125)
	  Recheck Cond: ((k >= 5428658) AND (k <= 5428758))
	  ->  Bitmap Index Scan on k_7  (cost=0.00..5.39 rows=96 width=0)
	        Index Cond: ((k >= 5428658) AND (k <= 5428758))

table 8 : explain SELECT k, c FROM sbtest8 WHERE k BETWEEN 5428658 AND 5428758
	Bitmap Heap Scan on sbtest8  (cost=5.48..409.49 rows=102 width=125)
	  Recheck Cond: ((k >= 5428658) AND (k <= 5428758))
	  ->  Bitmap Index Scan on k_8  (cost=0.00..5.45 rows=102 width=0)
	        Index Cond: ((k >= 5428658) AND (k <= 5428758))

for range-notcovered
table 1 : explain SELECT k, c FROM sbtest1 WHERE k BETWEEN 5715146 AND 5715246
	Bitmap Heap Scan on sbtest1  (cost=5.53..429.32 rows=107 width=125)
	  Recheck Cond: ((k >= 5715146) AND (k <= 5715246))
	  ->  Bitmap Index Scan on k_1  (cost=0.00..5.50 rows=107 width=0)
	        Index Cond: ((k >= 5715146) AND (k <= 5715246))

table 2 : explain SELECT k, c FROM sbtest2 WHERE k BETWEEN 5715146 AND 5715246
	Bitmap Heap Scan on sbtest2  (cost=5.52..425.18 rows=106 width=125)
	  Recheck Cond: ((k >= 5715146) AND (k <= 5715246))
	  ->  Bitmap Index Scan on k_2  (cost=0.00..5.50 rows=106 width=0)
	        Index Cond: ((k >= 5715146) AND (k <= 5715246))

table 3 : explain SELECT k, c FROM sbtest3 WHERE k BETWEEN 5715146 AND 5715246
	Bitmap Heap Scan on sbtest3  (cost=5.46..401.51 rows=100 width=125)
	  Recheck Cond: ((k >= 5715146) AND (k <= 5715246))
	  ->  Bitmap Index Scan on k_3  (cost=0.00..5.43 rows=100 width=0)
	        Index Cond: ((k >= 5715146) AND (k <= 5715246))

table 4 : explain SELECT k, c FROM sbtest4 WHERE k BETWEEN 5715146 AND 5715246
	Bitmap Heap Scan on sbtest4  (cost=5.50..417.33 rows=104 width=125)
	  Recheck Cond: ((k >= 5715146) AND (k <= 5715246))
	  ->  Bitmap Index Scan on k_4  (cost=0.00..5.47 rows=104 width=0)
	        Index Cond: ((k >= 5715146) AND (k <= 5715246))

table 5 : explain SELECT k, c FROM sbtest5 WHERE k BETWEEN 5715146 AND 5715246
	Bitmap Heap Scan on sbtest5  (cost=5.50..417.37 rows=104 width=125)
	  Recheck Cond: ((k >= 5715146) AND (k <= 5715246))
	  ->  Bitmap Index Scan on k_5  (cost=0.00..5.47 rows=104 width=0)
	        Index Cond: ((k >= 5715146) AND (k <= 5715246))

table 6 : explain SELECT k, c FROM sbtest6 WHERE k BETWEEN 5715146 AND 5715246
	Bitmap Heap Scan on sbtest6  (cost=5.44..393.67 rows=98 width=125)
	  Recheck Cond: ((k >= 5715146) AND (k <= 5715246))
	  ->  Bitmap Index Scan on k_6  (cost=0.00..5.42 rows=98 width=0)
	        Index Cond: ((k >= 5715146) AND (k <= 5715246))

table 7 : explain SELECT k, c FROM sbtest7 WHERE k BETWEEN 5715146 AND 5715246
	Bitmap Heap Scan on sbtest7  (cost=5.53..429.19 rows=107 width=125)
	  Recheck Cond: ((k >= 5715146) AND (k <= 5715246))
	  ->  Bitmap Index Scan on k_7  (cost=0.00..5.50 rows=107 width=0)
	        Index Cond: ((k >= 5715146) AND (k <= 5715246))

table 8 : explain SELECT k, c FROM sbtest8 WHERE k BETWEEN 5715146 AND 5715246
	Bitmap Heap Scan on sbtest8  (cost=5.53..429.21 rows=107 width=125)
	  Recheck Cond: ((k >= 5715146) AND (k <= 5715246))
	  ->  Bitmap Index Scan on k_8  (cost=0.00..5.50 rows=107 width=0)
	        Index Cond: ((k >= 5715146) AND (k <= 5715246))

for range-notcovered
table 1 : explain SELECT k, c FROM sbtest1 WHERE k BETWEEN 6515265 AND 6515365
	Bitmap Heap Scan on sbtest1  (cost=5.52..425.38 rows=106 width=125)
	  Recheck Cond: ((k >= 6515265) AND (k <= 6515365))
	  ->  Bitmap Index Scan on k_1  (cost=0.00..5.50 rows=106 width=0)
	        Index Cond: ((k >= 6515265) AND (k <= 6515365))

table 2 : explain SELECT k, c FROM sbtest2 WHERE k BETWEEN 6515265 AND 6515365
	Bitmap Heap Scan on sbtest2  (cost=5.44..393.63 rows=98 width=125)
	  Recheck Cond: ((k >= 6515265) AND (k <= 6515365))
	  ->  Bitmap Index Scan on k_2  (cost=0.00..5.42 rows=98 width=0)
	        Index Cond: ((k >= 6515265) AND (k <= 6515365))

table 3 : explain SELECT k, c FROM sbtest3 WHERE k BETWEEN 6515265 AND 6515365
	Bitmap Heap Scan on sbtest3  (cost=5.51..421.22 rows=105 width=125)
	  Recheck Cond: ((k >= 6515265) AND (k <= 6515365))
	  ->  Bitmap Index Scan on k_3  (cost=0.00..5.48 rows=105 width=0)
	        Index Cond: ((k >= 6515265) AND (k <= 6515365))

table 4 : explain SELECT k, c FROM sbtest4 WHERE k BETWEEN 6515265 AND 6515365
	Bitmap Heap Scan on sbtest4  (cost=5.46..401.55 rows=100 width=125)
	  Recheck Cond: ((k >= 6515265) AND (k <= 6515365))
	  ->  Bitmap Index Scan on k_4  (cost=0.00..5.43 rows=100 width=0)
	        Index Cond: ((k >= 6515265) AND (k <= 6515365))

table 5 : explain SELECT k, c FROM sbtest5 WHERE k BETWEEN 6515265 AND 6515365
	Bitmap Heap Scan on sbtest5  (cost=5.41..381.87 rows=95 width=125)
	  Recheck Cond: ((k >= 6515265) AND (k <= 6515365))
	  ->  Bitmap Index Scan on k_5  (cost=0.00..5.38 rows=95 width=0)
	        Index Cond: ((k >= 6515265) AND (k <= 6515365))

table 6 : explain SELECT k, c FROM sbtest6 WHERE k BETWEEN 6515265 AND 6515365
	Bitmap Heap Scan on sbtest6  (cost=5.46..401.56 rows=100 width=125)
	  Recheck Cond: ((k >= 6515265) AND (k <= 6515365))
	  ->  Bitmap Index Scan on k_6  (cost=0.00..5.43 rows=100 width=0)
	        Index Cond: ((k >= 6515265) AND (k <= 6515365))

table 7 : explain SELECT k, c FROM sbtest7 WHERE k BETWEEN 6515265 AND 6515365
	Bitmap Heap Scan on sbtest7  (cost=5.43..389.75 rows=97 width=125)
	  Recheck Cond: ((k >= 6515265) AND (k <= 6515365))
	  ->  Bitmap Index Scan on k_7  (cost=0.00..5.40 rows=97 width=0)
	        Index Cond: ((k >= 6515265) AND (k <= 6515365))

table 8 : explain SELECT k, c FROM sbtest8 WHERE k BETWEEN 6515265 AND 6515365
	Bitmap Heap Scan on sbtest8  (cost=5.45..397.66 rows=99 width=125)
	  Recheck Cond: ((k >= 6515265) AND (k <= 6515365))
	  ->  Bitmap Index Scan on k_8  (cost=0.00..5.42 rows=99 width=0)
	        Index Cond: ((k >= 6515265) AND (k <= 6515365))

for range-notcovered
table 1 : explain SELECT k, c FROM sbtest1 WHERE k BETWEEN 8893029 AND 8893129
	Bitmap Heap Scan on sbtest1  (cost=5.50..417.49 rows=104 width=125)
	  Recheck Cond: ((k >= 8893029) AND (k <= 8893129))
	  ->  Bitmap Index Scan on k_1  (cost=0.00..5.47 rows=104 width=0)
	        Index Cond: ((k >= 8893029) AND (k <= 8893129))

table 2 : explain SELECT k, c FROM sbtest2 WHERE k BETWEEN 8893029 AND 8893129
	Bitmap Heap Scan on sbtest2  (cost=5.46..401.52 rows=100 width=125)
	  Recheck Cond: ((k >= 8893029) AND (k <= 8893129))
	  ->  Bitmap Index Scan on k_2  (cost=0.00..5.43 rows=100 width=0)
	        Index Cond: ((k >= 8893029) AND (k <= 8893129))

table 3 : explain SELECT k, c FROM sbtest3 WHERE k BETWEEN 8893029 AND 8893129
	Bitmap Heap Scan on sbtest3  (cost=5.51..421.22 rows=105 width=125)
	  Recheck Cond: ((k >= 8893029) AND (k <= 8893129))
	  ->  Bitmap Index Scan on k_3  (cost=0.00..5.48 rows=105 width=0)
	        Index Cond: ((k >= 8893029) AND (k <= 8893129))

table 4 : explain SELECT k, c FROM sbtest4 WHERE k BETWEEN 8893029 AND 8893129
	Bitmap Heap Scan on sbtest4  (cost=5.42..385.77 rows=96 width=125)
	  Recheck Cond: ((k >= 8893029) AND (k <= 8893129))
	  ->  Bitmap Index Scan on k_4  (cost=0.00..5.39 rows=96 width=0)
	        Index Cond: ((k >= 8893029) AND (k <= 8893129))

table 5 : explain SELECT k, c FROM sbtest5 WHERE k BETWEEN 8893029 AND 8893129
	Bitmap Heap Scan on sbtest5  (cost=5.43..389.76 rows=97 width=125)
	  Recheck Cond: ((k >= 8893029) AND (k <= 8893129))
	  ->  Bitmap Index Scan on k_5  (cost=0.00..5.40 rows=97 width=0)
	        Index Cond: ((k >= 8893029) AND (k <= 8893129))

table 6 : explain SELECT k, c FROM sbtest6 WHERE k BETWEEN 8893029 AND 8893129
	Bitmap Heap Scan on sbtest6  (cost=5.47..405.50 rows=101 width=125)
	  Recheck Cond: ((k >= 8893029) AND (k <= 8893129))
	  ->  Bitmap Index Scan on k_6  (cost=0.00..5.44 rows=101 width=0)
	        Index Cond: ((k >= 8893029) AND (k <= 8893129))

table 7 : explain SELECT k, c FROM sbtest7 WHERE k BETWEEN 8893029 AND 8893129
	Bitmap Heap Scan on sbtest7  (cost=5.51..421.30 rows=105 width=125)
	  Recheck Cond: ((k >= 8893029) AND (k <= 8893129))
	  ->  Bitmap Index Scan on k_7  (cost=0.00..5.48 rows=105 width=0)
	        Index Cond: ((k >= 8893029) AND (k <= 8893129))

table 8 : explain SELECT k, c FROM sbtest8 WHERE k BETWEEN 8893029 AND 8893129
	Bitmap Heap Scan on sbtest8  (cost=5.52..425.26 rows=106 width=125)
	  Recheck Cond: ((k >= 8893029) AND (k <= 8893129))
	  ->  Bitmap Index Scan on k_8  (cost=0.00..5.50 rows=106 width=0)
	        Index Cond: ((k >= 8893029) AND (k <= 8893129))
for range-notcovered
table 1 : explain SELECT k, c FROM sbtest1 WHERE k BETWEEN 8430366 AND 8430466
	Bitmap Heap Scan on sbtest1  (cost=5.47..405.65 rows=101 width=125)
	  Recheck Cond: ((k >= 8430366) AND (k <= 8430466))
	  ->  Bitmap Index Scan on k_1  (cost=0.00..5.44 rows=101 width=0)
	        Index Cond: ((k >= 8430366) AND (k <= 8430466))

table 2 : explain SELECT k, c FROM sbtest2 WHERE k BETWEEN 8430366 AND 8430466
	Bitmap Heap Scan on sbtest2  (cost=5.52..425.18 rows=106 width=125)
	  Recheck Cond: ((k >= 8430366) AND (k <= 8430466))
	  ->  Bitmap Index Scan on k_2  (cost=0.00..5.50 rows=106 width=0)
	        Index Cond: ((k >= 8430366) AND (k <= 8430466))

table 3 : explain SELECT k, c FROM sbtest3 WHERE k BETWEEN 8430366 AND 8430466
	Bitmap Heap Scan on sbtest3  (cost=5.49..413.34 rows=103 width=125)
	  Recheck Cond: ((k >= 8430366) AND (k <= 8430466))
	  ->  Bitmap Index Scan on k_3  (cost=0.00..5.46 rows=103 width=0)
	        Index Cond: ((k >= 8430366) AND (k <= 8430466))

table 4 : explain SELECT k, c FROM sbtest4 WHERE k BETWEEN 8430366 AND 8430466
	Bitmap Heap Scan on sbtest4  (cost=5.49..413.38 rows=103 width=125)
	  Recheck Cond: ((k >= 8430366) AND (k <= 8430466))
	  ->  Bitmap Index Scan on k_4  (cost=0.00..5.46 rows=103 width=0)
	        Index Cond: ((k >= 8430366) AND (k <= 8430466))

table 5 : explain SELECT k, c FROM sbtest5 WHERE k BETWEEN 8430366 AND 8430466
	Bitmap Heap Scan on sbtest5  (cost=5.42..385.82 rows=96 width=125)
	  Recheck Cond: ((k >= 8430366) AND (k <= 8430466))
	  ->  Bitmap Index Scan on k_5  (cost=0.00..5.39 rows=96 width=0)
	        Index Cond: ((k >= 8430366) AND (k <= 8430466))

table 6 : explain SELECT k, c FROM sbtest6 WHERE k BETWEEN 8430366 AND 8430466
	Bitmap Heap Scan on sbtest6  (cost=5.46..401.56 rows=100 width=125)
	  Recheck Cond: ((k >= 8430366) AND (k <= 8430466))
	  ->  Bitmap Index Scan on k_6  (cost=0.00..5.43 rows=100 width=0)
	        Index Cond: ((k >= 8430366) AND (k <= 8430466))

table 7 : explain SELECT k, c FROM sbtest7 WHERE k BETWEEN 8430366 AND 8430466
	Bitmap Heap Scan on sbtest7  (cost=5.40..377.91 rows=94 width=125)
	  Recheck Cond: ((k >= 8430366) AND (k <= 8430466))
	  ->  Bitmap Index Scan on k_7  (cost=0.00..5.38 rows=94 width=0)
	        Index Cond: ((k >= 8430366) AND (k <= 8430466))

table 8 : explain SELECT k, c FROM sbtest8 WHERE k BETWEEN 8430366 AND 8430466
	Bitmap Heap Scan on sbtest8  (cost=5.50..417.38 rows=104 width=125)
	  Recheck Cond: ((k >= 8430366) AND (k <= 8430466))
	  ->  Bitmap Index Scan on k_8  (cost=0.00..5.47 rows=104 width=0)
	        Index Cond: ((k >= 8430366) AND (k <= 8430466))

explain: for range-notcovered :: explain SELECT k, c FROM sbtest%d WHERE k BETWEEN 3253896 AND 3253996
for range-notcovered
table 1 : explain SELECT k, c FROM sbtest1 WHERE k BETWEEN 2768573 AND 2768673
	Bitmap Heap Scan on sbtest1  (cost=5.38..370.12 rows=92 width=125)
	  Recheck Cond: ((k >= 2768573) AND (k <= 2768673))
	  ->  Bitmap Index Scan on k_1  (cost=0.00..5.35 rows=92 width=0)
	        Index Cond: ((k >= 2768573) AND (k <= 2768673))

table 2 : explain SELECT k, c FROM sbtest2 WHERE k BETWEEN 2768573 AND 2768673
	Bitmap Heap Scan on sbtest2  (cost=5.50..417.29 rows=104 width=125)
	  Recheck Cond: ((k >= 2768573) AND (k <= 2768673))
	  ->  Bitmap Index Scan on k_2  (cost=0.00..5.47 rows=104 width=0)
	        Index Cond: ((k >= 2768573) AND (k <= 2768673))

table 3 : explain SELECT k, c FROM sbtest3 WHERE k BETWEEN 2768573 AND 2768673
	Bitmap Heap Scan on sbtest3  (cost=5.54..433.05 rows=108 width=125)
	  Recheck Cond: ((k >= 2768573) AND (k <= 2768673))
	  ->  Bitmap Index Scan on k_3  (cost=0.00..5.51 rows=108 width=0)
	        Index Cond: ((k >= 2768573) AND (k <= 2768673))

table 4 : explain SELECT k, c FROM sbtest4 WHERE k BETWEEN 2768573 AND 2768673
	Bitmap Heap Scan on sbtest4  (cost=5.55..437.04 rows=109 width=125)
	  Recheck Cond: ((k >= 2768573) AND (k <= 2768673))
	  ->  Bitmap Index Scan on k_4  (cost=0.00..5.52 rows=109 width=0)
	        Index Cond: ((k >= 2768573) AND (k <= 2768673))

table 5 : explain SELECT k, c FROM sbtest5 WHERE k BETWEEN 2768573 AND 2768673
	Bitmap Heap Scan on sbtest5  (cost=5.53..429.20 rows=107 width=125)
	  Recheck Cond: ((k >= 2768573) AND (k <= 2768673))
	  ->  Bitmap Index Scan on k_5  (cost=0.00..5.50 rows=107 width=0)
	        Index Cond: ((k >= 2768573) AND (k <= 2768673))

table 6 : explain SELECT k, c FROM sbtest6 WHERE k BETWEEN 2768573 AND 2768673
	Bitmap Heap Scan on sbtest6  (cost=5.57..444.92 rows=111 width=125)
	  Recheck Cond: ((k >= 2768573) AND (k <= 2768673))
	  ->  Bitmap Index Scan on k_6  (cost=0.00..5.54 rows=111 width=0)
	        Index Cond: ((k >= 2768573) AND (k <= 2768673))

table 7 : explain SELECT k, c FROM sbtest7 WHERE k BETWEEN 2768573 AND 2768673
	Bitmap Heap Scan on sbtest7  (cost=5.51..421.30 rows=105 width=125)
	  Recheck Cond: ((k >= 2768573) AND (k <= 2768673))
	  ->  Bitmap Index Scan on k_7  (cost=0.00..5.48 rows=105 width=0)
	        Index Cond: ((k >= 2768573) AND (k <= 2768673))

table 8 : explain SELECT k, c FROM sbtest8 WHERE k BETWEEN 2768573 AND 2768673
	Bitmap Heap Scan on sbtest8  (cost=5.49..413.43 rows=103 width=125)
	  Recheck Cond: ((k >= 2768573) AND (k <= 2768673))
	  ->  Bitmap Index Scan on k_8  (cost=0.00..5.46 rows=103 width=0)
	        Index Cond: ((k >= 2768573) AND (k <= 2768673))

for range-notcovered
table 1 : explain SELECT k, c FROM sbtest1 WHERE k BETWEEN 7177792 AND 7177892
	Bitmap Heap Scan on sbtest1  (cost=5.42..385.92 rows=96 width=125)
	  Recheck Cond: ((k >= 7177792) AND (k <= 7177892))
	  ->  Bitmap Index Scan on k_1  (cost=0.00..5.39 rows=96 width=0)
	        Index Cond: ((k >= 7177792) AND (k <= 7177892))

table 2 : explain SELECT k, c FROM sbtest2 WHERE k BETWEEN 7177792 AND 7177892
	Bitmap Heap Scan on sbtest2  (cost=5.48..409.41 rows=102 width=125)
	  Recheck Cond: ((k >= 7177792) AND (k <= 7177892))
	  ->  Bitmap Index Scan on k_2  (cost=0.00..5.45 rows=102 width=0)
	        Index Cond: ((k >= 7177792) AND (k <= 7177892))

table 3 : explain SELECT k, c FROM sbtest3 WHERE k BETWEEN 7177792 AND 7177892
	Bitmap Heap Scan on sbtest3  (cost=5.50..417.28 rows=104 width=125)
	  Recheck Cond: ((k >= 7177792) AND (k <= 7177892))
	  ->  Bitmap Index Scan on k_3  (cost=0.00..5.47 rows=104 width=0)
	        Index Cond: ((k >= 7177792) AND (k <= 7177892))

table 4 : explain SELECT k, c FROM sbtest4 WHERE k BETWEEN 7177792 AND 7177892
	Bitmap Heap Scan on sbtest4  (cost=5.47..405.50 rows=101 width=125)
	  Recheck Cond: ((k >= 7177792) AND (k <= 7177892))
	  ->  Bitmap Index Scan on k_4  (cost=0.00..5.44 rows=101 width=0)
	        Index Cond: ((k >= 7177792) AND (k <= 7177892))

table 5 : explain SELECT k, c FROM sbtest5 WHERE k BETWEEN 7177792 AND 7177892
	Bitmap Heap Scan on sbtest5  (cost=5.48..409.49 rows=102 width=125)
	  Recheck Cond: ((k >= 7177792) AND (k <= 7177892))
	  ->  Bitmap Index Scan on k_5  (cost=0.00..5.45 rows=102 width=0)
	        Index Cond: ((k >= 7177792) AND (k <= 7177892))

table 6 : explain SELECT k, c FROM sbtest6 WHERE k BETWEEN 7177792 AND 7177892
	Bitmap Heap Scan on sbtest6  (cost=5.50..417.33 rows=104 width=125)
	  Recheck Cond: ((k >= 7177792) AND (k <= 7177892))
	  ->  Bitmap Index Scan on k_6  (cost=0.00..5.47 rows=104 width=0)
	        Index Cond: ((k >= 7177792) AND (k <= 7177892))

table 7 : explain SELECT k, c FROM sbtest7 WHERE k BETWEEN 7177792 AND 7177892
	Bitmap Heap Scan on sbtest7  (cost=5.48..409.47 rows=102 width=125)
	  Recheck Cond: ((k >= 7177792) AND (k <= 7177892))
	  ->  Bitmap Index Scan on k_7  (cost=0.00..5.45 rows=102 width=0)
	        Index Cond: ((k >= 7177792) AND (k <= 7177892))

table 8 : explain SELECT k, c FROM sbtest8 WHERE k BETWEEN 7177792 AND 7177892
	Bitmap Heap Scan on sbtest8  (cost=5.46..401.60 rows=100 width=125)
	  Recheck Cond: ((k >= 7177792) AND (k <= 7177892))
	  ->  Bitmap Index Scan on k_8  (cost=0.00..5.43 rows=100 width=0)
	        Index Cond: ((k >= 7177792) AND (k <= 7177892))

explain: for range-notcovered :: explain SELECT k, c FROM sbtest%d WHERE k BETWEEN 2131083 AND 2131183
explain: for range-notcovered :: explain SELECT k, c FROM sbtest%d WHERE k BETWEEN 6515265 AND 6515365for range-notcovered
table 1 : explain SELECT k, c FROM sbtest1 WHERE k BETWEEN 5984951 AND 5985051
	Bitmap Heap Scan on sbtest1  (cost=5.50..417.49 rows=104 width=125)
	  Recheck Cond: ((k >= 5984951) AND (k <= 5985051))
	  ->  Bitmap Index Scan on k_1  (cost=0.00..5.47 rows=104 width=0)
	        Index Cond: ((k >= 5984951) AND (k <= 5985051))

table 2 : explain SELECT k, c FROM sbtest2 WHERE k BETWEEN 5984951 AND 5985051
	Bitmap Heap Scan on sbtest2  (cost=5.50..417.29 rows=104 width=125)
	  Recheck Cond: ((k >= 5984951) AND (k <= 5985051))
	  ->  Bitmap Index Scan on k_2  (cost=0.00..5.47 rows=104 width=0)
	        Index Cond: ((k >= 5984951) AND (k <= 5985051))

table 3 : explain SELECT k, c FROM sbtest3 WHERE k BETWEEN 5984951 AND 5985051
	Bitmap Heap Scan on sbtest3  (cost=5.50..417.28 rows=104 width=125)
	  Recheck Cond: ((k >= 5984951) AND (k <= 5985051))
	  ->  Bitmap Index Scan on k_3  (cost=0.00..5.47 rows=104 width=0)
	        Index Cond: ((k >= 5984951) AND (k <= 5985051))

table 4 : explain SELECT k, c FROM sbtest4 WHERE k BETWEEN 5984951 AND 5985051
	Bitmap Heap Scan on sbtest4  (cost=5.43..389.72 rows=97 width=125)
	  Recheck Cond: ((k >= 5984951) AND (k <= 5985051))
	  ->  Bitmap Index Scan on k_4  (cost=0.00..5.40 rows=97 width=0)
	        Index Cond: ((k >= 5984951) AND (k <= 5985051))

table 5 : explain SELECT k, c FROM sbtest5 WHERE k BETWEEN 5984951 AND 5985051
	Bitmap Heap Scan on sbtest5  (cost=5.51..421.32 rows=105 width=125)
	  Recheck Cond: ((k >= 5984951) AND (k <= 5985051))
	  ->  Bitmap Index Scan on k_5  (cost=0.00..5.48 rows=105 width=0)
	        Index Cond: ((k >= 5984951) AND (k <= 5985051))

table 6 : explain SELECT k, c FROM sbtest6 WHERE k BETWEEN 5984951 AND 5985051
	Bitmap Heap Scan on sbtest6  (cost=5.43..389.72 rows=97 width=125)
	  Recheck Cond: ((k >= 5984951) AND (k <= 5985051))
	  ->  Bitmap Index Scan on k_6  (cost=0.00..5.40 rows=97 width=0)
	        Index Cond: ((k >= 5984951) AND (k <= 5985051))

table 7 : explain SELECT k, c FROM sbtest7 WHERE k BETWEEN 5984951 AND 5985051
	Bitmap Heap Scan on sbtest7  (cost=5.53..429.19 rows=107 width=125)
	  Recheck Cond: ((k >= 5984951) AND (k <= 5985051))
	  ->  Bitmap Index Scan on k_7  (cost=0.00..5.50 rows=107 width=0)
	        Index Cond: ((k >= 5984951) AND (k <= 5985051))

table 8 : explain SELECT k, c FROM sbtest8 WHERE k BETWEEN 5984951 AND 5985051
	Bitmap Heap Scan on sbtest8  (cost=5.49..413.43 rows=103 width=125)
	  Recheck Cond: ((k >= 5984951) AND (k <= 5985051))
	  ->  Bitmap Index Scan on k_8  (cost=0.00..5.46 rows=103 width=0)
	        Index Cond: ((k >= 5984951) AND (k <= 5985051))

explain: for range-notcovered :: explain SELECT k, c FROM sbtest%d WHERE k BETWEEN 443834 AND 443934
explain: for range-notcovered :: explain SELECT k, c FROM sbtest%d WHERE k BETWEEN 6268598 AND 6268698
explain: for range-notcovered :: explain SELECT k, c FROM sbtest%d WHERE k BETWEEN 4998269 AND 4998369

explain: for range-notcovered :: explain SELECT k, c FROM sbtest%d WHERE k BETWEEN 5520301 AND 5520401
for range-notcovered
table 1 : explain SELECT k, c FROM sbtest1 WHERE k BETWEEN 2389879 AND 2389979
	Bitmap Heap Scan on sbtest1  (cost=5.45..397.76 rows=99 width=125)
	  Recheck Cond: ((k >= 2389879) AND (k <= 2389979))
	  ->  Bitmap Index Scan on k_1  (cost=0.00..5.42 rows=99 width=0)
	        Index Cond: ((k >= 2389879) AND (k <= 2389979))

table 2 : explain SELECT k, c FROM sbtest2 WHERE k BETWEEN 2389879 AND 2389979
	Bitmap Heap Scan on sbtest2  (cost=5.44..393.63 rows=98 width=125)
	  Recheck Cond: ((k >= 2389879) AND (k <= 2389979))
	  ->  Bitmap Index Scan on k_2  (cost=0.00..5.42 rows=98 width=0)
	        Index Cond: ((k >= 2389879) AND (k <= 2389979))

table 3 : explain SELECT k, c FROM sbtest3 WHERE k BETWEEN 2389879 AND 2389979
	Bitmap Heap Scan on sbtest3  (cost=5.51..421.22 rows=105 width=125)
	  Recheck Cond: ((k >= 2389879) AND (k <= 2389979))
	  ->  Bitmap Index Scan on k_3  (cost=0.00..5.48 rows=105 width=0)
	        Index Cond: ((k >= 2389879) AND (k <= 2389979))

table 4 : explain SELECT k, c FROM sbtest4 WHERE k BETWEEN 2389879 AND 2389979
	Bitmap Heap Scan on sbtest4  (cost=5.44..393.67 rows=98 width=125)
	  Recheck Cond: ((k >= 2389879) AND (k <= 2389979))
	  ->  Bitmap Index Scan on k_4  (cost=0.00..5.42 rows=98 width=0)
	        Index Cond: ((k >= 2389879) AND (k <= 2389979))

table 5 : explain SELECT k, c FROM sbtest5 WHERE k BETWEEN 2389879 AND 2389979
	Bitmap Heap Scan on sbtest5  (cost=5.52..425.26 rows=106 width=125)
	  Recheck Cond: ((k >= 2389879) AND (k <= 2389979))
	  ->  Bitmap Index Scan on k_5  (cost=0.00..5.50 rows=106 width=0)
	        Index Cond: ((k >= 2389879) AND (k <= 2389979))

table 6 : explain SELECT k, c FROM sbtest6 WHERE k BETWEEN 2389879 AND 2389979
	Bitmap Heap Scan on sbtest6  (cost=5.46..401.56 rows=100 width=125)
	  Recheck Cond: ((k >= 2389879) AND (k <= 2389979))
	  ->  Bitmap Index Scan on k_6  (cost=0.00..5.43 rows=100 width=0)
	        Index Cond: ((k >= 2389879) AND (k <= 2389979))

table 7 : explain SELECT k, c FROM sbtest7 WHERE k BETWEEN 2389879 AND 2389979
	Bitmap Heap Scan on sbtest7  (cost=5.44..393.69 rows=98 width=125)
	  Recheck Cond: ((k >= 2389879) AND (k <= 2389979))
	  ->  Bitmap Index Scan on k_7  (cost=0.00..5.42 rows=98 width=0)
	        Index Cond: ((k >= 2389879) AND (k <= 2389979))

table 8 : explain SELECT k, c FROM sbtest8 WHERE k BETWEEN 2389879 AND 2389979
	Bitmap Heap Scan on sbtest8  (cost=5.49..413.43 rows=103 width=125)
	  Recheck Cond: ((k >= 2389879) AND (k <= 2389979))
	  ->  Bitmap Index Scan on k_8  (cost=0.00..5.46 rows=103 width=0)
	        Index Cond: ((k >= 2389879) AND (k <= 2389979))
for range-notcovered
table 1 : explain SELECT k, c FROM sbtest1 WHERE k BETWEEN 4339301 AND 4339401
	Bitmap Heap Scan on sbtest1  (cost=5.42..385.92 rows=96 width=125)
	  Recheck Cond: ((k >= 4339301) AND (k <= 4339401))
	  ->  Bitmap Index Scan on k_1  (cost=0.00..5.39 rows=96 width=0)
	        Index Cond: ((k >= 4339301) AND (k <= 4339401))

table 2 : explain SELECT k, c FROM sbtest2 WHERE k BETWEEN 4339301 AND 4339401
	Bitmap Heap Scan on sbtest2  (cost=5.47..405.46 rows=101 width=125)
	  Recheck Cond: ((k >= 4339301) AND (k <= 4339401))
	  ->  Bitmap Index Scan on k_2  (cost=0.00..5.44 rows=101 width=0)
	        Index Cond: ((k >= 4339301) AND (k <= 4339401))

table 3 : explain SELECT k, c FROM sbtest3 WHERE k BETWEEN 4339301 AND 4339401
	Bitmap Heap Scan on sbtest3  (cost=5.58..448.80 rows=112 width=125)
	  Recheck Cond: ((k >= 4339301) AND (k <= 4339401))
	  ->  Bitmap Index Scan on k_3  (cost=0.00..5.55 rows=112 width=0)
	        Index Cond: ((k >= 4339301) AND (k <= 4339401))

table 4 : explain SELECT k, c FROM sbtest4 WHERE k BETWEEN 4339301 AND 4339401
	Bitmap Heap Scan on sbtest4  (cost=5.56..440.98 rows=110 width=125)
	  Recheck Cond: ((k >= 4339301) AND (k <= 4339401))
	  ->  Bitmap Index Scan on k_4  (cost=0.00..5.53 rows=110 width=0)
	        Index Cond: ((k >= 4339301) AND (k <= 4339401))

table 5 : explain SELECT k, c FROM sbtest5 WHERE k BETWEEN 4339301 AND 4339401
	Bitmap Heap Scan on sbtest5  (cost=5.43..389.76 rows=97 width=125)
	  Recheck Cond: ((k >= 4339301) AND (k <= 4339401))
	  ->  Bitmap Index Scan on k_5  (cost=0.00..5.40 rows=97 width=0)
	        Index Cond: ((k >= 4339301) AND (k <= 4339401))

table 6 : explain SELECT k, c FROM sbtest6 WHERE k BETWEEN 4339301 AND 4339401
	Bitmap Heap Scan on sbtest6  (cost=5.52..425.21 rows=106 width=125)
	  Recheck Cond: ((k >= 4339301) AND (k <= 4339401))
	  ->  Bitmap Index Scan on k_6  (cost=0.00..5.50 rows=106 width=0)
	        Index Cond: ((k >= 4339301) AND (k <= 4339401))

table 7 : explain SELECT k, c FROM sbtest7 WHERE k BETWEEN 4339301 AND 4339401
	Bitmap Heap Scan on sbtest7  (cost=5.36..362.12 rows=90 width=125)
	  Recheck Cond: ((k >= 4339301) AND (k <= 4339401))
	  ->  Bitmap Index Scan on k_7  (cost=0.00..5.33 rows=90 width=0)
	        Index Cond: ((k >= 4339301) AND (k <= 4339401))

table 8 : explain SELECT k, c FROM sbtest8 WHERE k BETWEEN 4339301 AND 4339401
	Bitmap Heap Scan on sbtest8  (cost=5.51..421.32 rows=105 width=125)
	  Recheck Cond: ((k >= 4339301) AND (k <= 4339401))
	  ->  Bitmap Index Scan on k_8  (cost=0.00..5.48 rows=105 width=0)
	        Index Cond: ((k >= 4339301) AND (k <= 4339401))
for range-notcovered
table 1 : explain SELECT k, c FROM sbtest1 WHERE k BETWEEN 4856690 AND 4856790
	Bitmap Heap Scan on sbtest1  (cost=5.49..413.54 rows=103 width=125)
	  Recheck Cond: ((k >= 4856690) AND (k <= 4856790))
	  ->  Bitmap Index Scan on k_1  (cost=0.00..5.46 rows=103 width=0)
	        Index Cond: ((k >= 4856690) AND (k <= 4856790))

table 2 : explain SELECT k, c FROM sbtest2 WHERE k BETWEEN 4856690 AND 4856790
	Bitmap Heap Scan on sbtest2  (cost=5.54..433.06 rows=108 width=125)
	  Recheck Cond: ((k >= 4856690) AND (k <= 4856790))
	  ->  Bitmap Index Scan on k_2  (cost=0.00..5.51 rows=108 width=0)
	        Index Cond: ((k >= 4856690) AND (k <= 4856790))

table 3 : explain SELECT k, c FROM sbtest3 WHERE k BETWEEN 4856690 AND 4856790
	Bitmap Heap Scan on sbtest3  (cost=5.50..417.28 rows=104 width=125)
	  Recheck Cond: ((k >= 4856690) AND (k <= 4856790))
	  ->  Bitmap Index Scan on k_3  (cost=0.00..5.47 rows=104 width=0)
	        Index Cond: ((k >= 4856690) AND (k <= 4856790))

table 4 : explain SELECT k, c FROM sbtest4 WHERE k BETWEEN 4856690 AND 4856790
	Bitmap Heap Scan on sbtest4  (cost=5.51..421.27 rows=105 width=125)
	  Recheck Cond: ((k >= 4856690) AND (k <= 4856790))
	  ->  Bitmap Index Scan on k_4  (cost=0.00..5.48 rows=105 width=0)
	        Index Cond: ((k >= 4856690) AND (k <= 4856790))

table 5 : explain SELECT k, c FROM sbtest5 WHERE k BETWEEN 4856690 AND 4856790
	Bitmap Heap Scan on sbtest5  (cost=5.45..397.65 rows=99 width=125)
	  Recheck Cond: ((k >= 4856690) AND (k <= 4856790))
	  ->  Bitmap Index Scan on k_5  (cost=0.00..5.42 rows=99 width=0)
	        Index Cond: ((k >= 4856690) AND (k <= 4856790))

table 6 : explain SELECT k, c FROM sbtest6 WHERE k BETWEEN 4856690 AND 4856790
	Bitmap Heap Scan on sbtest6  (cost=5.40..377.88 rows=94 width=125)
	  Recheck Cond: ((k >= 4856690) AND (k <= 4856790))
	  ->  Bitmap Index Scan on k_6  (cost=0.00..5.38 rows=94 width=0)
	        Index Cond: ((k >= 4856690) AND (k <= 4856790))

table 7 : explain SELECT k, c FROM sbtest7 WHERE k BETWEEN 4856690 AND 4856790
	Bitmap Heap Scan on sbtest7  (cost=5.57..444.95 rows=111 width=125)
	  Recheck Cond: ((k >= 4856690) AND (k <= 4856790))
	  ->  Bitmap Index Scan on k_7  (cost=0.00..5.54 rows=111 width=0)
	        Index Cond: ((k >= 4856690) AND (k <= 4856790))

table 8 : explain SELECT k, c FROM sbtest8 WHERE k BETWEEN 4856690 AND 4856790
	Bitmap Heap Scan on sbtest8  (cost=5.69..488.29 rows=122 width=125)
	  Recheck Cond: ((k >= 4856690) AND (k <= 4856790))
	  ->  Bitmap Index Scan on k_8  (cost=0.00..5.65 rows=122 width=0)
	        Index Cond: ((k >= 4856690) AND (k <= 4856790))

for range-notcovered
table 1 : explain SELECT k, c FROM sbtest1 WHERE k BETWEEN 5658378 AND 5658478
	Bitmap Heap Scan on sbtest1  (cost=5.53..429.32 rows=107 width=125)
	  Recheck Cond: ((k >= 5658378) AND (k <= 5658478))
	  ->  Bitmap Index Scan on k_1  (cost=0.00..5.50 rows=107 width=0)
	        Index Cond: ((k >= 5658378) AND (k <= 5658478))

table 2 : explain SELECT k, c FROM sbtest2 WHERE k BETWEEN 5658378 AND 5658478
	Bitmap Heap Scan on sbtest2  (cost=5.52..425.18 rows=106 width=125)
	  Recheck Cond: ((k >= 5658378) AND (k <= 5658478))
	  ->  Bitmap Index Scan on k_2  (cost=0.00..5.50 rows=106 width=0)
	        Index Cond: ((k >= 5658378) AND (k <= 5658478))

table 3 : explain SELECT k, c FROM sbtest3 WHERE k BETWEEN 5658378 AND 5658478
	Bitmap Heap Scan on sbtest3  (cost=5.46..401.51 rows=100 width=125)
	  Recheck Cond: ((k >= 5658378) AND (k <= 5658478))
	  ->  Bitmap Index Scan on k_3  (cost=0.00..5.43 rows=100 width=0)
	        Index Cond: ((k >= 5658378) AND (k <= 5658478))

table 4 : explain SELECT k, c FROM sbtest4 WHERE k BETWEEN 5658378 AND 5658478
	Bitmap Heap Scan on sbtest4  (cost=5.48..409.44 rows=102 width=125)
	  Recheck Cond: ((k >= 5658378) AND (k <= 5658478))
	  ->  Bitmap Index Scan on k_4  (cost=0.00..5.45 rows=102 width=0)
	        Index Cond: ((k >= 5658378) AND (k <= 5658478))

table 5 : explain SELECT k, c FROM sbtest5 WHERE k BETWEEN 5658378 AND 5658478
	Bitmap Heap Scan on sbtest5  (cost=5.54..433.14 rows=108 width=125)
	  Recheck Cond: ((k >= 5658378) AND (k <= 5658478))
	  ->  Bitmap Index Scan on k_5  (cost=0.00..5.51 rows=108 width=0)
	        Index Cond: ((k >= 5658378) AND (k <= 5658478))

table 6 : explain SELECT k, c FROM sbtest6 WHERE k BETWEEN 5658378 AND 5658478
	Bitmap Heap Scan on sbtest6  (cost=5.44..393.67 rows=98 width=125)
	  Recheck Cond: ((k >= 5658378) AND (k <= 5658478))
	  ->  Bitmap Index Scan on k_6  (cost=0.00..5.42 rows=98 width=0)
	        Index Cond: ((k >= 5658378) AND (k <= 5658478))

table 7 : explain SELECT k, c FROM sbtest7 WHERE k BETWEEN 5658378 AND 5658478
	Bitmap Heap Scan on sbtest7  (cost=5.46..401.58 rows=100 width=125)
	  Recheck Cond: ((k >= 5658378) AND (k <= 5658478))
	  ->  Bitmap Index Scan on k_7  (cost=0.00..5.43 rows=100 width=0)
	        Index Cond: ((k >= 5658378) AND (k <= 5658478))

table 8 : explain SELECT k, c FROM sbtest8 WHERE k BETWEEN 5658378 AND 5658478
	Bitmap Heap Scan on sbtest8  (cost=5.42..385.82 rows=96 width=125)
	  Recheck Cond: ((k >= 5658378) AND (k <= 5658478))
	  ->  Bitmap Index Scan on k_8  (cost=0.00..5.39 rows=96 width=0)
	        Index Cond: ((k >= 5658378) AND (k <= 5658478))

for range-notcovered
table 1 : explain SELECT k, c FROM sbtest1 WHERE k BETWEEN 1754192 AND 1754292
	Bitmap Heap Scan on sbtest1  (cost=5.52..425.38 rows=106 width=125)
	  Recheck Cond: ((k >= 1754192) AND (k <= 1754292))
	  ->  Bitmap Index Scan on k_1  (cost=0.00..5.50 rows=106 width=0)
	        Index Cond: ((k >= 1754192) AND (k <= 1754292))

table 2 : explain SELECT k, c FROM sbtest2 WHERE k BETWEEN 1754192 AND 1754292
	Bitmap Heap Scan on sbtest2  (cost=5.43..389.69 rows=97 width=125)
	  Recheck Cond: ((k >= 1754192) AND (k <= 1754292))
	  ->  Bitmap Index Scan on k_2  (cost=0.00..5.40 rows=97 width=0)
	        Index Cond: ((k >= 1754192) AND (k <= 1754292))

table 3 : explain SELECT k, c FROM sbtest3 WHERE k BETWEEN 1754192 AND 1754292
	Bitmap Heap Scan on sbtest3  (cost=5.51..421.22 rows=105 width=125)
	  Recheck Cond: ((k >= 1754192) AND (k <= 1754292))
	  ->  Bitmap Index Scan on k_3  (cost=0.00..5.48 rows=105 width=0)
	        Index Cond: ((k >= 1754192) AND (k <= 1754292))

table 4 : explain SELECT k, c FROM sbtest4 WHERE k BETWEEN 1754192 AND 1754292
	Bitmap Heap Scan on sbtest4  (cost=5.60..456.73 rows=114 width=125)
	  Recheck Cond: ((k >= 1754192) AND (k <= 1754292))
	  ->  Bitmap Index Scan on k_4  (cost=0.00..5.58 rows=114 width=0)
	        Index Cond: ((k >= 1754192) AND (k <= 1754292))

table 5 : explain SELECT k, c FROM sbtest5 WHERE k BETWEEN 1754192 AND 1754292
	Bitmap Heap Scan on sbtest5  (cost=5.36..362.13 rows=90 width=125)
	  Recheck Cond: ((k >= 1754192) AND (k <= 1754292))
	  ->  Bitmap Index Scan on k_5  (cost=0.00..5.33 rows=90 width=0)
	        Index Cond: ((k >= 1754192) AND (k <= 1754292))

table 6 : explain SELECT k, c FROM sbtest6 WHERE k BETWEEN 1754192 AND 1754292
	Bitmap Heap Scan on sbtest6  (cost=5.48..409.44 rows=102 width=125)
	  Recheck Cond: ((k >= 1754192) AND (k <= 1754292))
	  ->  Bitmap Index Scan on k_6  (cost=0.00..5.45 rows=102 width=0)
	        Index Cond: ((k >= 1754192) AND (k <= 1754292))

table 7 : explain SELECT k, c FROM sbtest7 WHERE k BETWEEN 1754192 AND 1754292
	Bitmap Heap Scan on sbtest7  (cost=5.43..389.75 rows=97 width=125)
	  Recheck Cond: ((k >= 1754192) AND (k <= 1754292))
	  ->  Bitmap Index Scan on k_7  (cost=0.00..5.40 rows=97 width=0)
	        Index Cond: ((k >= 1754192) AND (k <= 1754292))

table 8 : explain SELECT k, c FROM sbtest8 WHERE k BETWEEN 1754192 AND 1754292
	Bitmap Heap Scan on sbtest8  (cost=5.36..362.13 rows=90 width=125)
	  Recheck Cond: ((k >= 1754192) AND (k <= 1754292))
	  ->  Bitmap Index Scan on k_8  (cost=0.00..5.33 rows=90 width=0)
	        Index Cond: ((k >= 1754192) AND (k <= 1754292))

for range-notcovered
table 1 : explain SELECT k, c FROM sbtest1 WHERE k BETWEEN 8314358 AND 8314458
	Bitmap Heap Scan on sbtest1  (cost=5.46..401.71 rows=100 width=125)
	  Recheck Cond: ((k >= 8314358) AND (k <= 8314458))
	  ->  Bitmap Index Scan on k_1  (cost=0.00..5.43 rows=100 width=0)
	        Index Cond: ((k >= 8314358) AND (k <= 8314458))

table 2 : explain SELECT k, c FROM sbtest2 WHERE k BETWEEN 8314358 AND 8314458
	Bitmap Heap Scan on sbtest2  (cost=5.47..405.46 rows=101 width=125)
	  Recheck Cond: ((k >= 8314358) AND (k <= 8314458))
	  ->  Bitmap Index Scan on k_2  (cost=0.00..5.44 rows=101 width=0)
	        Index Cond: ((k >= 8314358) AND (k <= 8314458))

table 3 : explain SELECT k, c FROM sbtest3 WHERE k BETWEEN 8314358 AND 8314458
	Bitmap Heap Scan on sbtest3  (cost=5.49..413.34 rows=103 width=125)
	  Recheck Cond: ((k >= 8314358) AND (k <= 8314458))
	  ->  Bitmap Index Scan on k_3  (cost=0.00..5.46 rows=103 width=0)
	        Index Cond: ((k >= 8314358) AND (k <= 8314458))

table 4 : explain SELECT k, c FROM sbtest4 WHERE k BETWEEN 8314358 AND 8314458
	Bitmap Heap Scan on sbtest4  (cost=5.55..437.04 rows=109 width=125)
	  Recheck Cond: ((k >= 8314358) AND (k <= 8314458))
	  ->  Bitmap Index Scan on k_4  (cost=0.00..5.52 rows=109 width=0)
	        Index Cond: ((k >= 8314358) AND (k <= 8314458))

table 5 : explain SELECT k, c FROM sbtest5 WHERE k BETWEEN 8314358 AND 8314458
	Bitmap Heap Scan on sbtest5  (cost=5.50..417.37 rows=104 width=125)
	  Recheck Cond: ((k >= 8314358) AND (k <= 8314458))
	  ->  Bitmap Index Scan on k_5  (cost=0.00..5.47 rows=104 width=0)
	        Index Cond: ((k >= 8314358) AND (k <= 8314458))

table 6 : explain SELECT k, c FROM sbtest6 WHERE k BETWEEN 8314358 AND 8314458
	Bitmap Heap Scan on sbtest6  (cost=5.46..401.56 rows=100 width=125)
	  Recheck Cond: ((k >= 8314358) AND (k <= 8314458))
	  ->  Bitmap Index Scan on k_6  (cost=0.00..5.43 rows=100 width=0)
	        Index Cond: ((k >= 8314358) AND (k <= 8314458))

table 7 : explain SELECT k, c FROM sbtest7 WHERE k BETWEEN 8314358 AND 8314458
	Bitmap Heap Scan on sbtest7  (cost=5.46..401.58 rows=100 width=125)
	  Recheck Cond: ((k >= 8314358) AND (k <= 8314458))
	  ->  Bitmap Index Scan on k_7  (cost=0.00..5.43 rows=100 width=0)
	        Index Cond: ((k >= 8314358) AND (k <= 8314458))

table 8 : explain SELECT k, c FROM sbtest8 WHERE k BETWEEN 8314358 AND 8314458
	Bitmap Heap Scan on sbtest8  (cost=5.40..377.92 rows=94 width=125)
	  Recheck Cond: ((k >= 8314358) AND (k <= 8314458))
	  ->  Bitmap Index Scan on k_8  (cost=0.00..5.38 rows=94 width=0)
	        Index Cond: ((k >= 8314358) AND (k <= 8314458))

explain: for range-notcovered :: explain SELECT k, c FROM sbtest%d WHERE k BETWEEN 3509700 AND 3509800
for range-notcovered
table 1 : explain SELECT k, c FROM sbtest1 WHERE k BETWEEN 6094280 AND 6094380
	Bitmap Heap Scan on sbtest1  (cost=5.53..429.32 rows=107 width=125)
	  Recheck Cond: ((k >= 6094280) AND (k <= 6094380))
	  ->  Bitmap Index Scan on k_1  (cost=0.00..5.50 rows=107 width=0)
	        Index Cond: ((k >= 6094280) AND (k <= 6094380))

table 2 : explain SELECT k, c FROM sbtest2 WHERE k BETWEEN 6094280 AND 6094380
	Bitmap Heap Scan on sbtest2  (cost=5.51..421.23 rows=105 width=125)
	  Recheck Cond: ((k >= 6094280) AND (k <= 6094380))
	  ->  Bitmap Index Scan on k_2  (cost=0.00..5.48 rows=105 width=0)
	        Index Cond: ((k >= 6094280) AND (k <= 6094380))

table 3 : explain SELECT k, c FROM sbtest3 WHERE k BETWEEN 6094280 AND 6094380
	Bitmap Heap Scan on sbtest3  (cost=5.45..397.57 rows=99 width=125)
	  Recheck Cond: ((k >= 6094280) AND (k <= 6094380))
	  ->  Bitmap Index Scan on k_3  (cost=0.00..5.42 rows=99 width=0)
	        Index Cond: ((k >= 6094280) AND (k <= 6094380))

table 4 : explain SELECT k, c FROM sbtest4 WHERE k BETWEEN 6094280 AND 6094380
	Bitmap Heap Scan on sbtest4  (cost=5.50..417.33 rows=104 width=125)
	  Recheck Cond: ((k >= 6094280) AND (k <= 6094380))
	  ->  Bitmap Index Scan on k_4  (cost=0.00..5.47 rows=104 width=0)
	        Index Cond: ((k >= 6094280) AND (k <= 6094380))

table 5 : explain SELECT k, c FROM sbtest5 WHERE k BETWEEN 6094280 AND 6094380
	Bitmap Heap Scan on sbtest5  (cost=5.48..409.49 rows=102 width=125)
	  Recheck Cond: ((k >= 6094280) AND (k <= 6094380))
	  ->  Bitmap Index Scan on k_5  (cost=0.00..5.45 rows=102 width=0)
	        Index Cond: ((k >= 6094280) AND (k <= 6094380))

table 6 : explain SELECT k, c FROM sbtest6 WHERE k BETWEEN 6094280 AND 6094380
	Bitmap Heap Scan on sbtest6  (cost=5.53..429.16 rows=107 width=125)
	  Recheck Cond: ((k >= 6094280) AND (k <= 6094380))
	  ->  Bitmap Index Scan on k_6  (cost=0.00..5.50 rows=107 width=0)
	        Index Cond: ((k >= 6094280) AND (k <= 6094380))

table 7 : explain SELECT k, c FROM sbtest7 WHERE k BETWEEN 6094280 AND 6094380
	Bitmap Heap Scan on sbtest7  (cost=5.56..441.01 rows=110 width=125)
	  Recheck Cond: ((k >= 6094280) AND (k <= 6094380))
	  ->  Bitmap Index Scan on k_7  (cost=0.00..5.53 rows=110 width=0)
	        Index Cond: ((k >= 6094280) AND (k <= 6094380))

table 8 : explain SELECT k, c FROM sbtest8 WHERE k BETWEEN 6094280 AND 6094380
	Bitmap Heap Scan on sbtest8  (cost=5.37..366.08 rows=91 width=125)
	  Recheck Cond: ((k >= 6094280) AND (k <= 6094380))
	  ->  Bitmap Index Scan on k_8  (cost=0.00..5.34 rows=91 width=0)
	        Index Cond: ((k >= 6094280) AND (k <= 6094380))

explain: for range-notcovered :: explain SELECT k, c FROM sbtest%d WHERE k BETWEEN 8430366 AND 8430466

explain: for range-notcovered :: explain SELECT k, c FROM sbtest%d WHERE k BETWEEN 5658378 AND 5658478
for range-notcovered
table 1 : explain SELECT k, c FROM sbtest1 WHERE k BETWEEN 4644618 AND 4644718
	Bitmap Heap Scan on sbtest1  (cost=5.52..425.38 rows=106 width=125)
	  Recheck Cond: ((k >= 4644618) AND (k <= 4644718))
	  ->  Bitmap Index Scan on k_1  (cost=0.00..5.50 rows=106 width=0)
	        Index Cond: ((k >= 4644618) AND (k <= 4644718))

table 2 : explain SELECT k, c FROM sbtest2 WHERE k BETWEEN 4644618 AND 4644718
	Bitmap Heap Scan on sbtest2  (cost=5.56..440.94 rows=110 width=125)
	  Recheck Cond: ((k >= 4644618) AND (k <= 4644718))
	  ->  Bitmap Index Scan on k_2  (cost=0.00..5.53 rows=110 width=0)
	        Index Cond: ((k >= 4644618) AND (k <= 4644718))

table 3 : explain SELECT k, c FROM sbtest3 WHERE k BETWEEN 4644618 AND 4644718
	Bitmap Heap Scan on sbtest3  (cost=5.43..389.68 rows=97 width=125)
	  Recheck Cond: ((k >= 4644618) AND (k <= 4644718))
	  ->  Bitmap Index Scan on k_3  (cost=0.00..5.40 rows=97 width=0)
	        Index Cond: ((k >= 4644618) AND (k <= 4644718))

table 4 : explain SELECT k, c FROM sbtest4 WHERE k BETWEEN 4644618 AND 4644718
	Bitmap Heap Scan on sbtest4  (cost=5.52..425.21 rows=106 width=125)
	  Recheck Cond: ((k >= 4644618) AND (k <= 4644718))
	  ->  Bitmap Index Scan on k_4  (cost=0.00..5.50 rows=106 width=0)
	        Index Cond: ((k >= 4644618) AND (k <= 4644718))

table 5 : explain SELECT k, c FROM sbtest5 WHERE k BETWEEN 4644618 AND 4644718
	Bitmap Heap Scan on sbtest5  (cost=5.56..441.03 rows=110 width=125)
	  Recheck Cond: ((k >= 4644618) AND (k <= 4644718))
	  ->  Bitmap Index Scan on k_5  (cost=0.00..5.53 rows=110 width=0)
	        Index Cond: ((k >= 4644618) AND (k <= 4644718))

table 6 : explain SELECT k, c FROM sbtest6 WHERE k BETWEEN 4644618 AND 4644718
	Bitmap Heap Scan on sbtest6  (cost=5.55..437.04 rows=109 width=125)
	  Recheck Cond: ((k >= 4644618) AND (k <= 4644718))
	  ->  Bitmap Index Scan on k_6  (cost=0.00..5.52 rows=109 width=0)
	        Index Cond: ((k >= 4644618) AND (k <= 4644718))

table 7 : explain SELECT k, c FROM sbtest7 WHERE k BETWEEN 4644618 AND 4644718
	Bitmap Heap Scan on sbtest7  (cost=5.49..413.42 rows=103 width=125)
	  Recheck Cond: ((k >= 4644618) AND (k <= 4644718))
	  ->  Bitmap Index Scan on k_7  (cost=0.00..5.46 rows=103 width=0)
	        Index Cond: ((k >= 4644618) AND (k <= 4644718))

table 8 : explain SELECT k, c FROM sbtest8 WHERE k BETWEEN 4644618 AND 4644718
	Bitmap Heap Scan on sbtest8  (cost=5.56..441.03 rows=110 width=125)
	  Recheck Cond: ((k >= 4644618) AND (k <= 4644718))
	  ->  Bitmap Index Scan on k_8  (cost=0.00..5.53 rows=110 width=0)
	        Index Cond: ((k >= 4644618) AND (k <= 4644718))

explain: for range-notcovered :: explain SELECT k, c FROM sbtest%d WHERE k BETWEEN 5984951 AND 5985051


explain: for range-notcovered :: explain SELECT k, c FROM sbtest%d WHERE k BETWEEN 5715146 AND 5715246for range-notcovered
table 1 : explain SELECT k, c FROM sbtest1 WHERE k BETWEEN 991256 AND 991356
	Bitmap Heap Scan on sbtest1  (cost=5.44..393.81 rows=98 width=125)
	  Recheck Cond: ((k >= 991256) AND (k <= 991356))
	  ->  Bitmap Index Scan on k_1  (cost=0.00..5.42 rows=98 width=0)
	        Index Cond: ((k >= 991256) AND (k <= 991356))

table 2 : explain SELECT k, c FROM sbtest2 WHERE k BETWEEN 991256 AND 991356
	Bitmap Heap Scan on sbtest2  (cost=5.48..409.41 rows=102 width=125)
	  Recheck Cond: ((k >= 991256) AND (k <= 991356))
	  ->  Bitmap Index Scan on k_2  (cost=0.00..5.45 rows=102 width=0)
	        Index Cond: ((k >= 991256) AND (k <= 991356))

table 3 : explain SELECT k, c FROM sbtest3 WHERE k BETWEEN 991256 AND 991356
	Bitmap Heap Scan on sbtest3  (cost=5.39..373.90 rows=93 width=125)
	  Recheck Cond: ((k >= 991256) AND (k <= 991356))
	  ->  Bitmap Index Scan on k_3  (cost=0.00..5.36 rows=93 width=0)
	        Index Cond: ((k >= 991256) AND (k <= 991356))

table 4 : explain SELECT k, c FROM sbtest4 WHERE k BETWEEN 991256 AND 991356
	Bitmap Heap Scan on sbtest4  (cost=5.52..425.21 rows=106 width=125)
	  Recheck Cond: ((k >= 991256) AND (k <= 991356))
	  ->  Bitmap Index Scan on k_4  (cost=0.00..5.50 rows=106 width=0)
	        Index Cond: ((k >= 991256) AND (k <= 991356))

table 5 : explain SELECT k, c FROM sbtest5 WHERE k BETWEEN 991256 AND 991356
	Bitmap Heap Scan on sbtest5  (cost=5.47..405.54 rows=101 width=125)
	  Recheck Cond: ((k >= 991256) AND (k <= 991356))
	  ->  Bitmap Index Scan on k_5  (cost=0.00..5.44 rows=101 width=0)
	        Index Cond: ((k >= 991256) AND (k <= 991356))

table 6 : explain SELECT k, c FROM sbtest6 WHERE k BETWEEN 991256 AND 991356
	Bitmap Heap Scan on sbtest6  (cost=5.39..373.94 rows=93 width=125)
	  Recheck Cond: ((k >= 991256) AND (k <= 991356))
	  ->  Bitmap Index Scan on k_6  (cost=0.00..5.36 rows=93 width=0)
	        Index Cond: ((k >= 991256) AND (k <= 991356))

table 7 : explain SELECT k, c FROM sbtest7 WHERE k BETWEEN 991256 AND 991356
	Bitmap Heap Scan on sbtest7  (cost=5.39..373.96 rows=93 width=125)
	  Recheck Cond: ((k >= 991256) AND (k <= 991356))
	  ->  Bitmap Index Scan on k_7  (cost=0.00..5.36 rows=93 width=0)
	        Index Cond: ((k >= 991256) AND (k <= 991356))

table 8 : explain SELECT k, c FROM sbtest8 WHERE k BETWEEN 991256 AND 991356
	Bitmap Heap Scan on sbtest8  (cost=5.52..425.26 rows=106 width=125)
	  Recheck Cond: ((k >= 991256) AND (k <= 991356))
	  ->  Bitmap Index Scan on k_8  (cost=0.00..5.50 rows=106 width=0)
	        Index Cond: ((k >= 991256) AND (k <= 991356))

explain: for range-notcovered :: explain SELECT k, c FROM sbtest%d WHERE k BETWEEN 6094280 AND 6094380
for range-notcovered
table 1 : explain SELECT k, c FROM sbtest1 WHERE k BETWEEN 5559874 AND 5559974
	Bitmap Heap Scan on sbtest1  (cost=5.48..409.60 rows=102 width=125)
	  Recheck Cond: ((k >= 5559874) AND (k <= 5559974))
	  ->  Bitmap Index Scan on k_1  (cost=0.00..5.45 rows=102 width=0)
	        Index Cond: ((k >= 5559874) AND (k <= 5559974))

table 2 : explain SELECT k, c FROM sbtest2 WHERE k BETWEEN 5559874 AND 5559974
	Bitmap Heap Scan on sbtest2  (cost=5.40..377.85 rows=94 width=125)
	  Recheck Cond: ((k >= 5559874) AND (k <= 5559974))
	  ->  Bitmap Index Scan on k_2  (cost=0.00..5.38 rows=94 width=0)
	        Index Cond: ((k >= 5559874) AND (k <= 5559974))

table 3 : explain SELECT k, c FROM sbtest3 WHERE k BETWEEN 5559874 AND 5559974
	Bitmap Heap Scan on sbtest3  (cost=5.48..409.40 rows=102 width=125)
	  Recheck Cond: ((k >= 5559874) AND (k <= 5559974))
	  ->  Bitmap Index Scan on k_3  (cost=0.00..5.45 rows=102 width=0)
	        Index Cond: ((k >= 5559874) AND (k <= 5559974))

table 4 : explain SELECT k, c FROM sbtest4 WHERE k BETWEEN 5559874 AND 5559974
	Bitmap Heap Scan on sbtest4  (cost=5.52..425.21 rows=106 width=125)
	  Recheck Cond: ((k >= 5559874) AND (k <= 5559974))
	  ->  Bitmap Index Scan on k_4  (cost=0.00..5.50 rows=106 width=0)
	        Index Cond: ((k >= 5559874) AND (k <= 5559974))

table 5 : explain SELECT k, c FROM sbtest5 WHERE k BETWEEN 5559874 AND 5559974
	Bitmap Heap Scan on sbtest5  (cost=5.49..413.43 rows=103 width=125)
	  Recheck Cond: ((k >= 5559874) AND (k <= 5559974))
	  ->  Bitmap Index Scan on k_5  (cost=0.00..5.46 rows=103 width=0)
	        Index Cond: ((k >= 5559874) AND (k <= 5559974))

table 6 : explain SELECT k, c FROM sbtest6 WHERE k BETWEEN 5559874 AND 5559974
	Bitmap Heap Scan on sbtest6  (cost=5.53..429.16 rows=107 width=125)
	  Recheck Cond: ((k >= 5559874) AND (k <= 5559974))
	  ->  Bitmap Index Scan on k_6  (cost=0.00..5.50 rows=107 width=0)
	        Index Cond: ((k >= 5559874) AND (k <= 5559974))

table 7 : explain SELECT k, c FROM sbtest7 WHERE k BETWEEN 5559874 AND 5559974
	Bitmap Heap Scan on sbtest7  (cost=5.68..484.34 rows=121 width=125)
	  Recheck Cond: ((k >= 5559874) AND (k <= 5559974))
	  ->  Bitmap Index Scan on k_7  (cost=0.00..5.64 rows=121 width=0)
	        Index Cond: ((k >= 5559874) AND (k <= 5559974))

table 8 : explain SELECT k, c FROM sbtest8 WHERE k BETWEEN 5559874 AND 5559974
	Bitmap Heap Scan on sbtest8  (cost=5.45..397.66 rows=99 width=125)
	  Recheck Cond: ((k >= 5559874) AND (k <= 5559974))
	  ->  Bitmap Index Scan on k_8  (cost=0.00..5.42 rows=99 width=0)
	        Index Cond: ((k >= 5559874) AND (k <= 5559974))
for range-notcovered
table 1 : explain SELECT k, c FROM sbtest1 WHERE k BETWEEN 2619940 AND 2620040
	Bitmap Heap Scan on sbtest1  (cost=5.49..413.54 rows=103 width=125)
	  Recheck Cond: ((k >= 2619940) AND (k <= 2620040))
	  ->  Bitmap Index Scan on k_1  (cost=0.00..5.46 rows=103 width=0)
	        Index Cond: ((k >= 2619940) AND (k <= 2620040))

table 2 : explain SELECT k, c FROM sbtest2 WHERE k BETWEEN 2619940 AND 2620040
	Bitmap Heap Scan on sbtest2  (cost=5.55..437.00 rows=109 width=125)
	  Recheck Cond: ((k >= 2619940) AND (k <= 2620040))
	  ->  Bitmap Index Scan on k_2  (cost=0.00..5.52 rows=109 width=0)
	        Index Cond: ((k >= 2619940) AND (k <= 2620040))

table 3 : explain SELECT k, c FROM sbtest3 WHERE k BETWEEN 2619940 AND 2620040
	Bitmap Heap Scan on sbtest3  (cost=5.48..409.40 rows=102 width=125)
	  Recheck Cond: ((k >= 2619940) AND (k <= 2620040))
	  ->  Bitmap Index Scan on k_3  (cost=0.00..5.45 rows=102 width=0)
	        Index Cond: ((k >= 2619940) AND (k <= 2620040))

table 4 : explain SELECT k, c FROM sbtest4 WHERE k BETWEEN 2619940 AND 2620040
	Bitmap Heap Scan on sbtest4  (cost=5.39..373.94 rows=93 width=125)
	  Recheck Cond: ((k >= 2619940) AND (k <= 2620040))
	  ->  Bitmap Index Scan on k_4  (cost=0.00..5.36 rows=93 width=0)
	        Index Cond: ((k >= 2619940) AND (k <= 2620040))

table 5 : explain SELECT k, c FROM sbtest5 WHERE k BETWEEN 2619940 AND 2620040
	Bitmap Heap Scan on sbtest5  (cost=5.43..389.76 rows=97 width=125)
	  Recheck Cond: ((k >= 2619940) AND (k <= 2620040))
	  ->  Bitmap Index Scan on k_5  (cost=0.00..5.40 rows=97 width=0)
	        Index Cond: ((k >= 2619940) AND (k <= 2620040))

table 6 : explain SELECT k, c FROM sbtest6 WHERE k BETWEEN 2619940 AND 2620040
	Bitmap Heap Scan on sbtest6  (cost=5.51..421.27 rows=105 width=125)
	  Recheck Cond: ((k >= 2619940) AND (k <= 2620040))
	  ->  Bitmap Index Scan on k_6  (cost=0.00..5.48 rows=105 width=0)
	        Index Cond: ((k >= 2619940) AND (k <= 2620040))

table 7 : explain SELECT k, c FROM sbtest7 WHERE k BETWEEN 2619940 AND 2620040
	Bitmap Heap Scan on sbtest7  (cost=5.56..441.01 rows=110 width=125)
	  Recheck Cond: ((k >= 2619940) AND (k <= 2620040))
	  ->  Bitmap Index Scan on k_7  (cost=0.00..5.53 rows=110 width=0)
	        Index Cond: ((k >= 2619940) AND (k <= 2620040))

table 8 : explain SELECT k, c FROM sbtest8 WHERE k BETWEEN 2619940 AND 2620040
	Bitmap Heap Scan on sbtest8  (cost=5.55..437.09 rows=109 width=125)
	  Recheck Cond: ((k >= 2619940) AND (k <= 2620040))
	  ->  Bitmap Index Scan on k_8  (cost=0.00..5.52 rows=109 width=0)
	        Index Cond: ((k >= 2619940) AND (k <= 2620040))
explain: for range-notcovered :: explain SELECT k, c FROM sbtest%d WHERE k BETWEEN 5428658 AND 5428758
explain: for range-notcovered :: explain SELECT k, c FROM sbtest%d WHERE k BETWEEN 1754192 AND 1754292
explain: for range-notcovered :: explain SELECT k, c FROM sbtest%d WHERE k BETWEEN 5001658 AND 5001758
for range-notcovered
table 1 : explain SELECT k, c FROM sbtest1 WHERE k BETWEEN 6399033 AND 6399133
	Bitmap Heap Scan on sbtest1  (cost=5.41..381.97 rows=95 width=125)
	  Recheck Cond: ((k >= 6399033) AND (k <= 6399133))
	  ->  Bitmap Index Scan on k_1  (cost=0.00..5.38 rows=95 width=0)
	        Index Cond: ((k >= 6399033) AND (k <= 6399133))

table 2 : explain SELECT k, c FROM sbtest2 WHERE k BETWEEN 6399033 AND 6399133
	Bitmap Heap Scan on sbtest2  (cost=5.49..413.35 rows=103 width=125)
	  Recheck Cond: ((k >= 6399033) AND (k <= 6399133))
	  ->  Bitmap Index Scan on k_2  (cost=0.00..5.46 rows=103 width=0)
	        Index Cond: ((k >= 6399033) AND (k <= 6399133))

table 3 : explain SELECT k, c FROM sbtest3 WHERE k BETWEEN 6399033 AND 6399133
	Bitmap Heap Scan on sbtest3  (cost=5.46..401.51 rows=100 width=125)
	  Recheck Cond: ((k >= 6399033) AND (k <= 6399133))
	  ->  Bitmap Index Scan on k_3  (cost=0.00..5.43 rows=100 width=0)
	        Index Cond: ((k >= 6399033) AND (k <= 6399133))

table 4 : explain SELECT k, c FROM sbtest4 WHERE k BETWEEN 6399033 AND 6399133
	Bitmap Heap Scan on sbtest4  (cost=5.55..437.04 rows=109 width=125)
	  Recheck Cond: ((k >= 6399033) AND (k <= 6399133))
	  ->  Bitmap Index Scan on k_4  (cost=0.00..5.52 rows=109 width=0)
	        Index Cond: ((k >= 6399033) AND (k <= 6399133))

table 5 : explain SELECT k, c FROM sbtest5 WHERE k BETWEEN 6399033 AND 6399133
	Bitmap Heap Scan on sbtest5  (cost=5.40..377.92 rows=94 width=125)
	  Recheck Cond: ((k >= 6399033) AND (k <= 6399133))
	  ->  Bitmap Index Scan on k_5  (cost=0.00..5.38 rows=94 width=0)
	        Index Cond: ((k >= 6399033) AND (k <= 6399133))

table 6 : explain SELECT k, c FROM sbtest6 WHERE k BETWEEN 6399033 AND 6399133
	Bitmap Heap Scan on sbtest6  (cost=5.55..437.04 rows=109 width=125)
	  Recheck Cond: ((k >= 6399033) AND (k <= 6399133))
	  ->  Bitmap Index Scan on k_6  (cost=0.00..5.52 rows=109 width=0)
	        Index Cond: ((k >= 6399033) AND (k <= 6399133))

table 7 : explain SELECT k, c FROM sbtest7 WHERE k BETWEEN 6399033 AND 6399133
	Bitmap Heap Scan on sbtest7  (cost=5.54..433.13 rows=108 width=125)
	  Recheck Cond: ((k >= 6399033) AND (k <= 6399133))
	  ->  Bitmap Index Scan on k_7  (cost=0.00..5.51 rows=108 width=0)
	        Index Cond: ((k >= 6399033) AND (k <= 6399133))

table 8 : explain SELECT k, c FROM sbtest8 WHERE k BETWEEN 6399033 AND 6399133
	Bitmap Heap Scan on sbtest8  (cost=5.49..413.43 rows=103 width=125)
	  Recheck Cond: ((k >= 6399033) AND (k <= 6399133))
	  ->  Bitmap Index Scan on k_8  (cost=0.00..5.46 rows=103 width=0)
	        Index Cond: ((k >= 6399033) AND (k <= 6399133))

for range-notcovered
table 1 : explain SELECT k, c FROM sbtest1 WHERE k BETWEEN 3057141 AND 3057241
	Bitmap Heap Scan on sbtest1  (cost=5.51..421.43 rows=105 width=125)
	  Recheck Cond: ((k >= 3057141) AND (k <= 3057241))
	  ->  Bitmap Index Scan on k_1  (cost=0.00..5.48 rows=105 width=0)
	        Index Cond: ((k >= 3057141) AND (k <= 3057241))

table 2 : explain SELECT k, c FROM sbtest2 WHERE k BETWEEN 3057141 AND 3057241
	Bitmap Heap Scan on sbtest2  (cost=5.41..381.80 rows=95 width=125)
	  Recheck Cond: ((k >= 3057141) AND (k <= 3057241))
	  ->  Bitmap Index Scan on k_2  (cost=0.00..5.38 rows=95 width=0)
	        Index Cond: ((k >= 3057141) AND (k <= 3057241))

table 3 : explain SELECT k, c FROM sbtest3 WHERE k BETWEEN 3057141 AND 3057241
	Bitmap Heap Scan on sbtest3  (cost=5.50..417.28 rows=104 width=125)
	  Recheck Cond: ((k >= 3057141) AND (k <= 3057241))
	  ->  Bitmap Index Scan on k_3  (cost=0.00..5.47 rows=104 width=0)
	        Index Cond: ((k >= 3057141) AND (k <= 3057241))

table 4 : explain SELECT k, c FROM sbtest4 WHERE k BETWEEN 3057141 AND 3057241
	Bitmap Heap Scan on sbtest4  (cost=5.54..433.09 rows=108 width=125)
	  Recheck Cond: ((k >= 3057141) AND (k <= 3057241))
	  ->  Bitmap Index Scan on k_4  (cost=0.00..5.51 rows=108 width=0)
	        Index Cond: ((k >= 3057141) AND (k <= 3057241))

table 5 : explain SELECT k, c FROM sbtest5 WHERE k BETWEEN 3057141 AND 3057241
	Bitmap Heap Scan on sbtest5  (cost=5.54..433.14 rows=108 width=125)
	  Recheck Cond: ((k >= 3057141) AND (k <= 3057241))
	  ->  Bitmap Index Scan on k_5  (cost=0.00..5.51 rows=108 width=0)
	        Index Cond: ((k >= 3057141) AND (k <= 3057241))

table 6 : explain SELECT k, c FROM sbtest6 WHERE k BETWEEN 3057141 AND 3057241
	Bitmap Heap Scan on sbtest6  (cost=5.44..393.67 rows=98 width=125)
	  Recheck Cond: ((k >= 3057141) AND (k <= 3057241))
	  ->  Bitmap Index Scan on k_6  (cost=0.00..5.42 rows=98 width=0)
	        Index Cond: ((k >= 3057141) AND (k <= 3057241))

table 7 : explain SELECT k, c FROM sbtest7 WHERE k BETWEEN 3057141 AND 3057241
	Bitmap Heap Scan on sbtest7  (cost=5.57..444.95 rows=111 width=125)
	  Recheck Cond: ((k >= 3057141) AND (k <= 3057241))
	  ->  Bitmap Index Scan on k_7  (cost=0.00..5.54 rows=111 width=0)
	        Index Cond: ((k >= 3057141) AND (k <= 3057241))

table 8 : explain SELECT k, c FROM sbtest8 WHERE k BETWEEN 3057141 AND 3057241
	Bitmap Heap Scan on sbtest8  (cost=5.44..393.71 rows=98 width=125)
	  Recheck Cond: ((k >= 3057141) AND (k <= 3057241))
	  ->  Bitmap Index Scan on k_8  (cost=0.00..5.42 rows=98 width=0)
	        Index Cond: ((k >= 3057141) AND (k <= 3057241))

explain: for range-notcovered :: explain SELECT k, c FROM sbtest%d WHERE k BETWEEN 4339301 AND 4339401

for range-notcovered
table 1 : explain SELECT k, c FROM sbtest1 WHERE k BETWEEN 5256120 AND 5256220
	Bitmap Heap Scan on sbtest1  (cost=5.64..472.68 rows=118 width=125)
	  Recheck Cond: ((k >= 5256120) AND (k <= 5256220))
	  ->  Bitmap Index Scan on k_1  (cost=0.00..5.61 rows=118 width=0)
	        Index Cond: ((k >= 5256120) AND (k <= 5256220))

table 2 : explain SELECT k, c FROM sbtest2 WHERE k BETWEEN 5256120 AND 5256220
	Bitmap Heap Scan on sbtest2  (cost=5.49..413.35 rows=103 width=125)
	  Recheck Cond: ((k >= 5256120) AND (k <= 5256220))
	  ->  Bitmap Index Scan on k_2  (cost=0.00..5.46 rows=103 width=0)
	        Index Cond: ((k >= 5256120) AND (k <= 5256220))

table 3 : explain SELECT k, c FROM sbtest3 WHERE k BETWEEN 5256120 AND 5256220
	Bitmap Heap Scan on sbtest3  (cost=5.57..444.87 rows=111 width=125)
	  Recheck Cond: ((k >= 5256120) AND (k <= 5256220))
	  ->  Bitmap Index Scan on k_3  (cost=0.00..5.54 rows=111 width=0)
	        Index Cond: ((k >= 5256120) AND (k <= 5256220))

table 4 : explain SELECT k, c FROM sbtest4 WHERE k BETWEEN 5256120 AND 5256220
	Bitmap Heap Scan on sbtest4  (cost=5.48..409.44 rows=102 width=125)
	  Recheck Cond: ((k >= 5256120) AND (k <= 5256220))
	  ->  Bitmap Index Scan on k_4  (cost=0.00..5.45 rows=102 width=0)
	        Index Cond: ((k >= 5256120) AND (k <= 5256220))

table 5 : explain SELECT k, c FROM sbtest5 WHERE k BETWEEN 5256120 AND 5256220
	Bitmap Heap Scan on sbtest5  (cost=5.50..417.37 rows=104 width=125)
	  Recheck Cond: ((k >= 5256120) AND (k <= 5256220))
	  ->  Bitmap Index Scan on k_5  (cost=0.00..5.47 rows=104 width=0)
	        Index Cond: ((k >= 5256120) AND (k <= 5256220))

table 6 : explain SELECT k, c FROM sbtest6 WHERE k BETWEEN 5256120 AND 5256220
	Bitmap Heap Scan on sbtest6  (cost=5.56..440.98 rows=110 width=125)
	  Recheck Cond: ((k >= 5256120) AND (k <= 5256220))
	  ->  Bitmap Index Scan on k_6  (cost=0.00..5.53 rows=110 width=0)
	        Index Cond: ((k >= 5256120) AND (k <= 5256220))

table 7 : explain SELECT k, c FROM sbtest7 WHERE k BETWEEN 5256120 AND 5256220
	Bitmap Heap Scan on sbtest7  (cost=5.50..417.36 rows=104 width=125)
	  Recheck Cond: ((k >= 5256120) AND (k <= 5256220))
	  ->  Bitmap Index Scan on k_7  (cost=0.00..5.47 rows=104 width=0)
	        Index Cond: ((k >= 5256120) AND (k <= 5256220))

table 8 : explain SELECT k, c FROM sbtest8 WHERE k BETWEEN 5256120 AND 5256220
	Bitmap Heap Scan on sbtest8  (cost=5.51..421.32 rows=105 width=125)
	  Recheck Cond: ((k >= 5256120) AND (k <= 5256220))
	  ->  Bitmap Index Scan on k_8  (cost=0.00..5.48 rows=105 width=0)
	        Index Cond: ((k >= 5256120) AND (k <= 5256220))

for range-notcovered
table 1 : explain SELECT k, c FROM sbtest1 WHERE k BETWEEN 4305027 AND 4305127
	Bitmap Heap Scan on sbtest1  (cost=5.42..385.92 rows=96 width=125)
	  Recheck Cond: ((k >= 4305027) AND (k <= 4305127))
	  ->  Bitmap Index Scan on k_1  (cost=0.00..5.39 rows=96 width=0)
	        Index Cond: ((k >= 4305027) AND (k <= 4305127))

table 2 : explain SELECT k, c FROM sbtest2 WHERE k BETWEEN 4305027 AND 4305127
	Bitmap Heap Scan on sbtest2  (cost=5.47..405.46 rows=101 width=125)
	  Recheck Cond: ((k >= 4305027) AND (k <= 4305127))
	  ->  Bitmap Index Scan on k_2  (cost=0.00..5.44 rows=101 width=0)
	        Index Cond: ((k >= 4305027) AND (k <= 4305127))

table 3 : explain SELECT k, c FROM sbtest3 WHERE k BETWEEN 4305027 AND 4305127
	Bitmap Heap Scan on sbtest3  (cost=5.47..405.45 rows=101 width=125)
	  Recheck Cond: ((k >= 4305027) AND (k <= 4305127))
	  ->  Bitmap Index Scan on k_3  (cost=0.00..5.44 rows=101 width=0)
	        Index Cond: ((k >= 4305027) AND (k <= 4305127))

table 4 : explain SELECT k, c FROM sbtest4 WHERE k BETWEEN 4305027 AND 4305127
	Bitmap Heap Scan on sbtest4  (cost=5.50..417.33 rows=104 width=125)
	  Recheck Cond: ((k >= 4305027) AND (k <= 4305127))
	  ->  Bitmap Index Scan on k_4  (cost=0.00..5.47 rows=104 width=0)
	        Index Cond: ((k >= 4305027) AND (k <= 4305127))

table 5 : explain SELECT k, c FROM sbtest5 WHERE k BETWEEN 4305027 AND 4305127
	Bitmap Heap Scan on sbtest5  (cost=5.43..389.76 rows=97 width=125)
	  Recheck Cond: ((k >= 4305027) AND (k <= 4305127))
	  ->  Bitmap Index Scan on k_5  (cost=0.00..5.40 rows=97 width=0)
	        Index Cond: ((k >= 4305027) AND (k <= 4305127))

table 6 : explain SELECT k, c FROM sbtest6 WHERE k BETWEEN 4305027 AND 4305127
	Bitmap Heap Scan on sbtest6  (cost=5.48..409.44 rows=102 width=125)
	  Recheck Cond: ((k >= 4305027) AND (k <= 4305127))
	  ->  Bitmap Index Scan on k_6  (cost=0.00..5.45 rows=102 width=0)
	        Index Cond: ((k >= 4305027) AND (k <= 4305127))

table 7 : explain SELECT k, c FROM sbtest7 WHERE k BETWEEN 4305027 AND 4305127
	Bitmap Heap Scan on sbtest7  (cost=5.36..362.12 rows=90 width=125)
	  Recheck Cond: ((k >= 4305027) AND (k <= 4305127))
	  ->  Bitmap Index Scan on k_7  (cost=0.00..5.33 rows=90 width=0)
	        Index Cond: ((k >= 4305027) AND (k <= 4305127))

table 8 : explain SELECT k, c FROM sbtest8 WHERE k BETWEEN 4305027 AND 4305127
	Bitmap Heap Scan on sbtest8  (cost=5.49..413.43 rows=103 width=125)
	  Recheck Cond: ((k >= 4305027) AND (k <= 4305127))
	  ->  Bitmap Index Scan on k_8  (cost=0.00..5.46 rows=103 width=0)
	        Index Cond: ((k >= 4305027) AND (k <= 4305127))

for range-notcovered
table 1 : explain SELECT k, c FROM sbtest1 WHERE k BETWEEN 5367980 AND 5368080
	Bitmap Heap Scan on sbtest1  (cost=5.46..401.71 rows=100 width=125)
	  Recheck Cond: ((k >= 5367980) AND (k <= 5368080))
	  ->  Bitmap Index Scan on k_1  (cost=0.00..5.43 rows=100 width=0)
	        Index Cond: ((k >= 5367980) AND (k <= 5368080))

table 2 : explain SELECT k, c FROM sbtest2 WHERE k BETWEEN 5367980 AND 5368080
	Bitmap Heap Scan on sbtest2  (cost=5.48..409.41 rows=102 width=125)
	  Recheck Cond: ((k >= 5367980) AND (k <= 5368080))
	  ->  Bitmap Index Scan on k_2  (cost=0.00..5.45 rows=102 width=0)
	        Index Cond: ((k >= 5367980) AND (k <= 5368080))

table 3 : explain SELECT k, c FROM sbtest3 WHERE k BETWEEN 5367980 AND 5368080
	Bitmap Heap Scan on sbtest3  (cost=5.56..440.93 rows=110 width=125)
	  Recheck Cond: ((k >= 5367980) AND (k <= 5368080))
	  ->  Bitmap Index Scan on k_3  (cost=0.00..5.53 rows=110 width=0)
	        Index Cond: ((k >= 5367980) AND (k <= 5368080))

table 4 : explain SELECT k, c FROM sbtest4 WHERE k BETWEEN 5367980 AND 5368080
	Bitmap Heap Scan on sbtest4  (cost=5.47..405.50 rows=101 width=125)
	  Recheck Cond: ((k >= 5367980) AND (k <= 5368080))
	  ->  Bitmap Index Scan on k_4  (cost=0.00..5.44 rows=101 width=0)
	        Index Cond: ((k >= 5367980) AND (k <= 5368080))

table 5 : explain SELECT k, c FROM sbtest5 WHERE k BETWEEN 5367980 AND 5368080
	Bitmap Heap Scan on sbtest5  (cost=5.44..393.71 rows=98 width=125)
	  Recheck Cond: ((k >= 5367980) AND (k <= 5368080))
	  ->  Bitmap Index Scan on k_5  (cost=0.00..5.42 rows=98 width=0)
	        Index Cond: ((k >= 5367980) AND (k <= 5368080))

table 6 : explain SELECT k, c FROM sbtest6 WHERE k BETWEEN 5367980 AND 5368080
	Bitmap Heap Scan on sbtest6  (cost=5.57..444.92 rows=111 width=125)
	  Recheck Cond: ((k >= 5367980) AND (k <= 5368080))
	  ->  Bitmap Index Scan on k_6  (cost=0.00..5.54 rows=111 width=0)
	        Index Cond: ((k >= 5367980) AND (k <= 5368080))

table 7 : explain SELECT k, c FROM sbtest7 WHERE k BETWEEN 5367980 AND 5368080
	Bitmap Heap Scan on sbtest7  (cost=5.42..385.80 rows=96 width=125)
	  Recheck Cond: ((k >= 5367980) AND (k <= 5368080))
	  ->  Bitmap Index Scan on k_7  (cost=0.00..5.39 rows=96 width=0)
	        Index Cond: ((k >= 5367980) AND (k <= 5368080))

table 8 : explain SELECT k, c FROM sbtest8 WHERE k BETWEEN 5367980 AND 5368080
	Bitmap Heap Scan on sbtest8  (cost=5.53..429.21 rows=107 width=125)
	  Recheck Cond: ((k >= 5367980) AND (k <= 5368080))
	  ->  Bitmap Index Scan on k_8  (cost=0.00..5.50 rows=107 width=0)
	        Index Cond: ((k >= 5367980) AND (k <= 5368080))
for range-notcovered
table 1 : explain SELECT k, c FROM sbtest1 WHERE k BETWEEN 6238724 AND 6238824
	Bitmap Heap Scan on sbtest1  (cost=5.46..401.71 rows=100 width=125)
	  Recheck Cond: ((k >= 6238724) AND (k <= 6238824))
	  ->  Bitmap Index Scan on k_1  (cost=0.00..5.43 rows=100 width=0)
	        Index Cond: ((k >= 6238724) AND (k <= 6238824))

table 2 : explain SELECT k, c FROM sbtest2 WHERE k BETWEEN 6238724 AND 6238824
	Bitmap Heap Scan on sbtest2  (cost=5.47..405.46 rows=101 width=125)
	  Recheck Cond: ((k >= 6238724) AND (k <= 6238824))
	  ->  Bitmap Index Scan on k_2  (cost=0.00..5.44 rows=101 width=0)
	        Index Cond: ((k >= 6238724) AND (k <= 6238824))

table 3 : explain SELECT k, c FROM sbtest3 WHERE k BETWEEN 6238724 AND 6238824
	Bitmap Heap Scan on sbtest3  (cost=5.52..425.16 rows=106 width=125)
	  Recheck Cond: ((k >= 6238724) AND (k <= 6238824))
	  ->  Bitmap Index Scan on k_3  (cost=0.00..5.50 rows=106 width=0)
	        Index Cond: ((k >= 6238724) AND (k <= 6238824))

table 4 : explain SELECT k, c FROM sbtest4 WHERE k BETWEEN 6238724 AND 6238824
	Bitmap Heap Scan on sbtest4  (cost=5.57..444.92 rows=111 width=125)
	  Recheck Cond: ((k >= 6238724) AND (k <= 6238824))
	  ->  Bitmap Index Scan on k_4  (cost=0.00..5.54 rows=111 width=0)
	        Index Cond: ((k >= 6238724) AND (k <= 6238824))

table 5 : explain SELECT k, c FROM sbtest5 WHERE k BETWEEN 6238724 AND 6238824
	Bitmap Heap Scan on sbtest5  (cost=5.44..393.71 rows=98 width=125)
	  Recheck Cond: ((k >= 6238724) AND (k <= 6238824))
	  ->  Bitmap Index Scan on k_5  (cost=0.00..5.42 rows=98 width=0)
	        Index Cond: ((k >= 6238724) AND (k <= 6238824))

table 6 : explain SELECT k, c FROM sbtest6 WHERE k BETWEEN 6238724 AND 6238824
	Bitmap Heap Scan on sbtest6  (cost=5.39..373.94 rows=93 width=125)
	  Recheck Cond: ((k >= 6238724) AND (k <= 6238824))
	  ->  Bitmap Index Scan on k_6  (cost=0.00..5.36 rows=93 width=0)
	        Index Cond: ((k >= 6238724) AND (k <= 6238824))

table 7 : explain SELECT k, c FROM sbtest7 WHERE k BETWEEN 6238724 AND 6238824
	Bitmap Heap Scan on sbtest7  (cost=5.53..429.19 rows=107 width=125)
	  Recheck Cond: ((k >= 6238724) AND (k <= 6238824))
	  ->  Bitmap Index Scan on k_7  (cost=0.00..5.50 rows=107 width=0)
	        Index Cond: ((k >= 6238724) AND (k <= 6238824))

table 8 : explain SELECT k, c FROM sbtest8 WHERE k BETWEEN 6238724 AND 6238824
	Bitmap Heap Scan on sbtest8  (cost=5.41..381.87 rows=95 width=125)
	  Recheck Cond: ((k >= 6238724) AND (k <= 6238824))
	  ->  Bitmap Index Scan on k_8  (cost=0.00..5.38 rows=95 width=0)
	        Index Cond: ((k >= 6238724) AND (k <= 6238824))


explain: for range-notcovered :: explain SELECT k, c FROM sbtest%d WHERE k BETWEEN 4856690 AND 4856790
explain: for range-notcovered :: explain SELECT k, c FROM sbtest%d WHERE k BETWEEN 4481903 AND 4482003

explain: for range-notcovered :: explain SELECT k, c FROM sbtest%d WHERE k BETWEEN 2389879 AND 2389979

explain: for range-notcovered :: explain SELECT k, c FROM sbtest%d WHERE k BETWEEN 2768573 AND 2768673
explain: for range-notcovered :: explain SELECT k, c FROM sbtest%d WHERE k BETWEEN 8314358 AND 8314458
explain: for range-notcovered :: explain SELECT k, c FROM sbtest%d WHERE k BETWEEN 991256 AND 991356

for range-notcovered
table 1 : explain SELECT k, c FROM sbtest1 WHERE k BETWEEN 3928970 AND 3929070
	Bitmap Heap Scan on sbtest1  (cost=5.43..389.87 rows=97 width=125)
	  Recheck Cond: ((k >= 3928970) AND (k <= 3929070))
	  ->  Bitmap Index Scan on k_1  (cost=0.00..5.40 rows=97 width=0)
	        Index Cond: ((k >= 3928970) AND (k <= 3929070))

table 2 : explain SELECT k, c FROM sbtest2 WHERE k BETWEEN 3928970 AND 3929070
	Bitmap Heap Scan on sbtest2  (cost=5.37..366.01 rows=91 width=125)
	  Recheck Cond: ((k >= 3928970) AND (k <= 3929070))
	  ->  Bitmap Index Scan on k_2  (cost=0.00..5.34 rows=91 width=0)
	        Index Cond: ((k >= 3928970) AND (k <= 3929070))

table 3 : explain SELECT k, c FROM sbtest3 WHERE k BETWEEN 3928970 AND 3929070
	Bitmap Heap Scan on sbtest3  (cost=5.55..436.99 rows=109 width=125)
	  Recheck Cond: ((k >= 3928970) AND (k <= 3929070))
	  ->  Bitmap Index Scan on k_3  (cost=0.00..5.52 rows=109 width=0)
	        Index Cond: ((k >= 3928970) AND (k <= 3929070))

table 4 : explain SELECT k, c FROM sbtest4 WHERE k BETWEEN 3928970 AND 3929070
	Bitmap Heap Scan on sbtest4  (cost=5.51..421.27 rows=105 width=125)
	  Recheck Cond: ((k >= 3928970) AND (k <= 3929070))
	  ->  Bitmap Index Scan on k_4  (cost=0.00..5.48 rows=105 width=0)
	        Index Cond: ((k >= 3928970) AND (k <= 3929070))

table 5 : explain SELECT k, c FROM sbtest5 WHERE k BETWEEN 3928970 AND 3929070
	Bitmap Heap Scan on sbtest5  (cost=5.60..456.79 rows=114 width=125)
	  Recheck Cond: ((k >= 3928970) AND (k <= 3929070))
	  ->  Bitmap Index Scan on k_5  (cost=0.00..5.58 rows=114 width=0)
	        Index Cond: ((k >= 3928970) AND (k <= 3929070))

table 6 : explain SELECT k, c FROM sbtest6 WHERE k BETWEEN 3928970 AND 3929070
	Bitmap Heap Scan on sbtest6  (cost=5.48..409.44 rows=102 width=125)
	  Recheck Cond: ((k >= 3928970) AND (k <= 3929070))
	  ->  Bitmap Index Scan on k_6  (cost=0.00..5.45 rows=102 width=0)
	        Index Cond: ((k >= 3928970) AND (k <= 3929070))

table 7 : explain SELECT k, c FROM sbtest7 WHERE k BETWEEN 3928970 AND 3929070
	Bitmap Heap Scan on sbtest7  (cost=5.45..397.64 rows=99 width=125)
	  Recheck Cond: ((k >= 3928970) AND (k <= 3929070))
	  ->  Bitmap Index Scan on k_7  (cost=0.00..5.42 rows=99 width=0)
	        Index Cond: ((k >= 3928970) AND (k <= 3929070))

table 8 : explain SELECT k, c FROM sbtest8 WHERE k BETWEEN 3928970 AND 3929070
	Bitmap Heap Scan on sbtest8  (cost=5.49..413.43 rows=103 width=125)
	  Recheck Cond: ((k >= 3928970) AND (k <= 3929070))
	  ->  Bitmap Index Scan on k_8  (cost=0.00..5.46 rows=103 width=0)
	        Index Cond: ((k >= 3928970) AND (k <= 3929070))

explain: for range-notcovered :: explain SELECT k, c FROM sbtest%d WHERE k BETWEEN 8893029 AND 8893129
for range-notcovered
table 1 : explain SELECT k, c FROM sbtest1 WHERE k BETWEEN 3577665 AND 3577765
	Bitmap Heap Scan on sbtest1  (cost=5.48..409.60 rows=102 width=125)
	  Recheck Cond: ((k >= 3577665) AND (k <= 3577765))
	  ->  Bitmap Index Scan on k_1  (cost=0.00..5.45 rows=102 width=0)
	        Index Cond: ((k >= 3577665) AND (k <= 3577765))

table 2 : explain SELECT k, c FROM sbtest2 WHERE k BETWEEN 3577665 AND 3577765
	Bitmap Heap Scan on sbtest2  (cost=5.46..401.52 rows=100 width=125)
	  Recheck Cond: ((k >= 3577665) AND (k <= 3577765))
	  ->  Bitmap Index Scan on k_2  (cost=0.00..5.43 rows=100 width=0)
	        Index Cond: ((k >= 3577665) AND (k <= 3577765))

table 3 : explain SELECT k, c FROM sbtest3 WHERE k BETWEEN 3577665 AND 3577765
	Bitmap Heap Scan on sbtest3  (cost=5.44..393.62 rows=98 width=125)
	  Recheck Cond: ((k >= 3577665) AND (k <= 3577765))
	  ->  Bitmap Index Scan on k_3  (cost=0.00..5.42 rows=98 width=0)
	        Index Cond: ((k >= 3577665) AND (k <= 3577765))

table 4 : explain SELECT k, c FROM sbtest4 WHERE k BETWEEN 3577665 AND 3577765
	Bitmap Heap Scan on sbtest4  (cost=5.46..401.55 rows=100 width=125)
	  Recheck Cond: ((k >= 3577665) AND (k <= 3577765))
	  ->  Bitmap Index Scan on k_4  (cost=0.00..5.43 rows=100 width=0)
	        Index Cond: ((k >= 3577665) AND (k <= 3577765))

table 5 : explain SELECT k, c FROM sbtest5 WHERE k BETWEEN 3577665 AND 3577765
	Bitmap Heap Scan on sbtest5  (cost=5.43..389.76 rows=97 width=125)
	  Recheck Cond: ((k >= 3577665) AND (k <= 3577765))
	  ->  Bitmap Index Scan on k_5  (cost=0.00..5.40 rows=97 width=0)
	        Index Cond: ((k >= 3577665) AND (k <= 3577765))

table 6 : explain SELECT k, c FROM sbtest6 WHERE k BETWEEN 3577665 AND 3577765
	Bitmap Heap Scan on sbtest6  (cost=5.49..413.39 rows=103 width=125)
	  Recheck Cond: ((k >= 3577665) AND (k <= 3577765))
	  ->  Bitmap Index Scan on k_6  (cost=0.00..5.46 rows=103 width=0)
	        Index Cond: ((k >= 3577665) AND (k <= 3577765))

table 7 : explain SELECT k, c FROM sbtest7 WHERE k BETWEEN 3577665 AND 3577765
	Bitmap Heap Scan on sbtest7  (cost=5.51..421.30 rows=105 width=125)
	  Recheck Cond: ((k >= 3577665) AND (k <= 3577765))
	  ->  Bitmap Index Scan on k_7  (cost=0.00..5.48 rows=105 width=0)
	        Index Cond: ((k >= 3577665) AND (k <= 3577765))

table 8 : explain SELECT k, c FROM sbtest8 WHERE k BETWEEN 3577665 AND 3577765
	Bitmap Heap Scan on sbtest8  (cost=5.43..389.77 rows=97 width=125)
	  Recheck Cond: ((k >= 3577665) AND (k <= 3577765))
	  ->  Bitmap Index Scan on k_8  (cost=0.00..5.40 rows=97 width=0)
	        Index Cond: ((k >= 3577665) AND (k <= 3577765))

for range-notcovered
table 1 : explain SELECT k, c FROM sbtest1 WHERE k BETWEEN 6392831 AND 6392931
	Bitmap Heap Scan on sbtest1  (cost=5.41..381.97 rows=95 width=125)
	  Recheck Cond: ((k >= 6392831) AND (k <= 6392931))
	  ->  Bitmap Index Scan on k_1  (cost=0.00..5.38 rows=95 width=0)
	        Index Cond: ((k >= 6392831) AND (k <= 6392931))

table 2 : explain SELECT k, c FROM sbtest2 WHERE k BETWEEN 6392831 AND 6392931
	Bitmap Heap Scan on sbtest2  (cost=5.49..413.35 rows=103 width=125)
	  Recheck Cond: ((k >= 6392831) AND (k <= 6392931))
	  ->  Bitmap Index Scan on k_2  (cost=0.00..5.46 rows=103 width=0)
	        Index Cond: ((k >= 6392831) AND (k <= 6392931))

table 3 : explain SELECT k, c FROM sbtest3 WHERE k BETWEEN 6392831 AND 6392931
	Bitmap Heap Scan on sbtest3  (cost=5.46..401.51 rows=100 width=125)
	  Recheck Cond: ((k >= 6392831) AND (k <= 6392931))
	  ->  Bitmap Index Scan on k_3  (cost=0.00..5.43 rows=100 width=0)
	        Index Cond: ((k >= 6392831) AND (k <= 6392931))

table 4 : explain SELECT k, c FROM sbtest4 WHERE k BETWEEN 6392831 AND 6392931
	Bitmap Heap Scan on sbtest4  (cost=5.55..437.04 rows=109 width=125)
	  Recheck Cond: ((k >= 6392831) AND (k <= 6392931))
	  ->  Bitmap Index Scan on k_4  (cost=0.00..5.52 rows=109 width=0)
	        Index Cond: ((k >= 6392831) AND (k <= 6392931))

table 5 : explain SELECT k, c FROM sbtest5 WHERE k BETWEEN 6392831 AND 6392931
	Bitmap Heap Scan on sbtest5  (cost=5.40..377.92 rows=94 width=125)
	  Recheck Cond: ((k >= 6392831) AND (k <= 6392931))
	  ->  Bitmap Index Scan on k_5  (cost=0.00..5.38 rows=94 width=0)
	        Index Cond: ((k >= 6392831) AND (k <= 6392931))

table 6 : explain SELECT k, c FROM sbtest6 WHERE k BETWEEN 6392831 AND 6392931
	Bitmap Heap Scan on sbtest6  (cost=5.55..437.04 rows=109 width=125)
	  Recheck Cond: ((k >= 6392831) AND (k <= 6392931))
	  ->  Bitmap Index Scan on k_6  (cost=0.00..5.52 rows=109 width=0)
	        Index Cond: ((k >= 6392831) AND (k <= 6392931))

table 7 : explain SELECT k, c FROM sbtest7 WHERE k BETWEEN 6392831 AND 6392931
	Bitmap Heap Scan on sbtest7  (cost=5.54..433.13 rows=108 width=125)
	  Recheck Cond: ((k >= 6392831) AND (k <= 6392931))
	  ->  Bitmap Index Scan on k_7  (cost=0.00..5.51 rows=108 width=0)
	        Index Cond: ((k >= 6392831) AND (k <= 6392931))

table 8 : explain SELECT k, c FROM sbtest8 WHERE k BETWEEN 6392831 AND 6392931
	Bitmap Heap Scan on sbtest8  (cost=5.49..413.43 rows=103 width=125)
	  Recheck Cond: ((k >= 6392831) AND (k <= 6392931))
	  ->  Bitmap Index Scan on k_8  (cost=0.00..5.46 rows=103 width=0)
	        Index Cond: ((k >= 6392831) AND (k <= 6392931))


explain: for range-notcovered :: explain SELECT k, c FROM sbtest%d WHERE k BETWEEN 3057141 AND 3057241explain: for range-notcovered :: explain SELECT k, c FROM sbtest%d WHERE k BETWEEN 3928970 AND 3929070explain: for range-notcovered :: explain SELECT k, c FROM sbtest%d WHERE k BETWEEN 4644618 AND 4644718explain: for range-notcovered :: explain SELECT k, c FROM sbtest%d WHERE k BETWEEN 5256120 AND 5256220
explain: for range-notcovered :: explain SELECT k, c FROM sbtest%d WHERE k BETWEEN 6238724 AND 6238824explain: for range-notcovered :: explain SELECT k, c FROM sbtest%d WHERE k BETWEEN 5559874 AND 5559974
explain: for range-notcovered :: explain SELECT k, c FROM sbtest%d WHERE k BETWEEN 2619940 AND 2620040
explain: for range-notcovered :: explain SELECT k, c FROM sbtest%d WHERE k BETWEEN 6392831 AND 6392931



for range-notcovered
table 1 : explain SELECT k, c FROM sbtest1 WHERE k BETWEEN 6268598 AND 6268698
	Bitmap Heap Scan on sbtest1  (cost=5.46..401.71 rows=100 width=125)
	  Recheck Cond: ((k >= 6268598) AND (k <= 6268698))
	  ->  Bitmap Index Scan on k_1  (cost=0.00..5.43 rows=100 width=0)
	        Index Cond: ((k >= 6268598) AND (k <= 6268698))

table 2 : explain SELECT k, c FROM sbtest2 WHERE k BETWEEN 6268598 AND 6268698
	Bitmap Heap Scan on sbtest2  (cost=5.47..405.46 rows=101 width=125)
	  Recheck Cond: ((k >= 6268598) AND (k <= 6268698))
	  ->  Bitmap Index Scan on k_2  (cost=0.00..5.44 rows=101 width=0)
	        Index Cond: ((k >= 6268598) AND (k <= 6268698))

table 3 : explain SELECT k, c FROM sbtest3 WHERE k BETWEEN 6268598 AND 6268698
	Bitmap Heap Scan on sbtest3  (cost=5.52..425.16 rows=106 width=125)
	  Recheck Cond: ((k >= 6268598) AND (k <= 6268698))
	  ->  Bitmap Index Scan on k_3  (cost=0.00..5.50 rows=106 width=0)
	        Index Cond: ((k >= 6268598) AND (k <= 6268698))

table 4 : explain SELECT k, c FROM sbtest4 WHERE k BETWEEN 6268598 AND 6268698
	Bitmap Heap Scan on sbtest4  (cost=5.57..444.92 rows=111 width=125)
	  Recheck Cond: ((k >= 6268598) AND (k <= 6268698))
	  ->  Bitmap Index Scan on k_4  (cost=0.00..5.54 rows=111 width=0)
	        Index Cond: ((k >= 6268598) AND (k <= 6268698))

table 5 : explain SELECT k, c FROM sbtest5 WHERE k BETWEEN 6268598 AND 6268698
	Bitmap Heap Scan on sbtest5  (cost=5.48..409.49 rows=102 width=125)
	  Recheck Cond: ((k >= 6268598) AND (k <= 6268698))
	  ->  Bitmap Index Scan on k_5  (cost=0.00..5.45 rows=102 width=0)
	        Index Cond: ((k >= 6268598) AND (k <= 6268698))

table 6 : explain SELECT k, c FROM sbtest6 WHERE k BETWEEN 6268598 AND 6268698
	Bitmap Heap Scan on sbtest6  (cost=5.39..373.94 rows=93 width=125)
	  Recheck Cond: ((k >= 6268598) AND (k <= 6268698))
	  ->  Bitmap Index Scan on k_6  (cost=0.00..5.36 rows=93 width=0)
	        Index Cond: ((k >= 6268598) AND (k <= 6268698))

table 7 : explain SELECT k, c FROM sbtest7 WHERE k BETWEEN 6268598 AND 6268698
	Bitmap Heap Scan on sbtest7  (cost=5.46..401.58 rows=100 width=125)
	  Recheck Cond: ((k >= 6268598) AND (k <= 6268698))
	  ->  Bitmap Index Scan on k_7  (cost=0.00..5.43 rows=100 width=0)
	        Index Cond: ((k >= 6268598) AND (k <= 6268698))

table 8 : explain SELECT k, c FROM sbtest8 WHERE k BETWEEN 6268598 AND 6268698
	Bitmap Heap Scan on sbtest8  (cost=5.41..381.87 rows=95 width=125)
	  Recheck Cond: ((k >= 6268598) AND (k <= 6268698))
	  ->  Bitmap Index Scan on k_8  (cost=0.00..5.38 rows=95 width=0)
	        Index Cond: ((k >= 6268598) AND (k <= 6268698))


for range-notcovered
table 1 : explain SELECT k, c FROM sbtest1 WHERE k BETWEEN 1459258 AND 1459358
	Bitmap Heap Scan on sbtest1  (cost=5.50..417.49 rows=104 width=125)
	  Recheck Cond: ((k >= 1459258) AND (k <= 1459358))
	  ->  Bitmap Index Scan on k_1  (cost=0.00..5.47 rows=104 width=0)
	        Index Cond: ((k >= 1459258) AND (k <= 1459358))

table 2 : explain SELECT k, c FROM sbtest2 WHERE k BETWEEN 1459258 AND 1459358
	Bitmap Heap Scan on sbtest2  (cost=5.54..433.06 rows=108 width=125)
	  Recheck Cond: ((k >= 1459258) AND (k <= 1459358))
	  ->  Bitmap Index Scan on k_2  (cost=0.00..5.51 rows=108 width=0)
	        Index Cond: ((k >= 1459258) AND (k <= 1459358))

table 3 : explain SELECT k, c FROM sbtest3 WHERE k BETWEEN 1459258 AND 1459358
	Bitmap Heap Scan on sbtest3  (cost=5.55..436.99 rows=109 width=125)
	  Recheck Cond: ((k >= 1459258) AND (k <= 1459358))
	  ->  Bitmap Index Scan on k_3  (cost=0.00..5.52 rows=109 width=0)
	        Index Cond: ((k >= 1459258) AND (k <= 1459358))

table 4 : explain SELECT k, c FROM sbtest4 WHERE k BETWEEN 1459258 AND 1459358
	Bitmap Heap Scan on sbtest4  (cost=5.46..401.55 rows=100 width=125)
	  Recheck Cond: ((k >= 1459258) AND (k <= 1459358))
	  ->  Bitmap Index Scan on k_4  (cost=0.00..5.43 rows=100 width=0)
	        Index Cond: ((k >= 1459258) AND (k <= 1459358))

table 5 : explain SELECT k, c FROM sbtest5 WHERE k BETWEEN 1459258 AND 1459358
	Bitmap Heap Scan on sbtest5  (cost=5.38..370.03 rows=92 width=125)
	  Recheck Cond: ((k >= 1459258) AND (k <= 1459358))
	  ->  Bitmap Index Scan on k_5  (cost=0.00..5.35 rows=92 width=0)
	        Index Cond: ((k >= 1459258) AND (k <= 1459358))

table 6 : explain SELECT k, c FROM sbtest6 WHERE k BETWEEN 1459258 AND 1459358
	Bitmap Heap Scan on sbtest6  (cost=5.41..381.83 rows=95 width=125)
	  Recheck Cond: ((k >= 1459258) AND (k <= 1459358))
	  ->  Bitmap Index Scan on k_6  (cost=0.00..5.38 rows=95 width=0)
	        Index Cond: ((k >= 1459258) AND (k <= 1459358))

table 7 : explain SELECT k, c FROM sbtest7 WHERE k BETWEEN 1459258 AND 1459358
	Bitmap Heap Scan on sbtest7  (cost=5.50..417.36 rows=104 width=125)
	  Recheck Cond: ((k >= 1459258) AND (k <= 1459358))
	  ->  Bitmap Index Scan on k_7  (cost=0.00..5.47 rows=104 width=0)
	        Index Cond: ((k >= 1459258) AND (k <= 1459358))

table 8 : explain SELECT k, c FROM sbtest8 WHERE k BETWEEN 1459258 AND 1459358
	Bitmap Heap Scan on sbtest8  (cost=5.45..397.66 rows=99 width=125)
	  Recheck Cond: ((k >= 1459258) AND (k <= 1459358))
	  ->  Bitmap Index Scan on k_8  (cost=0.00..5.42 rows=99 width=0)
	        Index Cond: ((k >= 1459258) AND (k <= 1459358))

for range-notcovered
table 1 : explain SELECT k, c FROM sbtest1 WHERE k BETWEEN 5460229 AND 5460329
	Bitmap Heap Scan on sbtest1  (cost=5.42..385.92 rows=96 width=125)
	  Recheck Cond: ((k >= 5460229) AND (k <= 5460329))
	  ->  Bitmap Index Scan on k_1  (cost=0.00..5.39 rows=96 width=0)
	        Index Cond: ((k >= 5460229) AND (k <= 5460329))

table 2 : explain SELECT k, c FROM sbtest2 WHERE k BETWEEN 5460229 AND 5460329
	Bitmap Heap Scan on sbtest2  (cost=5.53..429.12 rows=107 width=125)
	  Recheck Cond: ((k >= 5460229) AND (k <= 5460329))
	  ->  Bitmap Index Scan on k_2  (cost=0.00..5.50 rows=107 width=0)
	        Index Cond: ((k >= 5460229) AND (k <= 5460329))

table 3 : explain SELECT k, c FROM sbtest3 WHERE k BETWEEN 5460229 AND 5460329
	Bitmap Heap Scan on sbtest3  (cost=5.43..389.68 rows=97 width=125)
	  Recheck Cond: ((k >= 5460229) AND (k <= 5460329))
	  ->  Bitmap Index Scan on k_3  (cost=0.00..5.40 rows=97 width=0)
	        Index Cond: ((k >= 5460229) AND (k <= 5460329))

table 4 : explain SELECT k, c FROM sbtest4 WHERE k BETWEEN 5460229 AND 5460329
	Bitmap Heap Scan on sbtest4  (cost=5.47..405.50 rows=101 width=125)
	  Recheck Cond: ((k >= 5460229) AND (k <= 5460329))
	  ->  Bitmap Index Scan on k_4  (cost=0.00..5.44 rows=101 width=0)
	        Index Cond: ((k >= 5460229) AND (k <= 5460329))

table 5 : explain SELECT k, c FROM sbtest5 WHERE k BETWEEN 5460229 AND 5460329
	Bitmap Heap Scan on sbtest5  (cost=5.52..425.26 rows=106 width=125)
	  Recheck Cond: ((k >= 5460229) AND (k <= 5460329))
	  ->  Bitmap Index Scan on k_5  (cost=0.00..5.50 rows=106 width=0)
	        Index Cond: ((k >= 5460229) AND (k <= 5460329))

table 6 : explain SELECT k, c FROM sbtest6 WHERE k BETWEEN 5460229 AND 5460329
	Bitmap Heap Scan on sbtest6  (cost=5.38..369.99 rows=92 width=125)
	  Recheck Cond: ((k >= 5460229) AND (k <= 5460329))
	  ->  Bitmap Index Scan on k_6  (cost=0.00..5.35 rows=92 width=0)
	        Index Cond: ((k >= 5460229) AND (k <= 5460329))

table 7 : explain SELECT k, c FROM sbtest7 WHERE k BETWEEN 5460229 AND 5460329
	Bitmap Heap Scan on sbtest7  (cost=5.42..385.80 rows=96 width=125)
	  Recheck Cond: ((k >= 5460229) AND (k <= 5460329))
	  ->  Bitmap Index Scan on k_7  (cost=0.00..5.39 rows=96 width=0)
	        Index Cond: ((k >= 5460229) AND (k <= 5460329))

table 8 : explain SELECT k, c FROM sbtest8 WHERE k BETWEEN 5460229 AND 5460329
	Bitmap Heap Scan on sbtest8  (cost=5.48..409.49 rows=102 width=125)
	  Recheck Cond: ((k >= 5460229) AND (k <= 5460329))
	  ->  Bitmap Index Scan on k_8  (cost=0.00..5.45 rows=102 width=0)
	        Index Cond: ((k >= 5460229) AND (k <= 5460329))

explain: for range-notcovered :: explain SELECT k, c FROM sbtest%d WHERE k BETWEEN 3577665 AND 3577765for range-notcovered
table 1 : explain SELECT k, c FROM sbtest1 WHERE k BETWEEN 3509700 AND 3509800
	Bitmap Heap Scan on sbtest1  (cost=5.56..441.15 rows=110 width=125)
	  Recheck Cond: ((k >= 3509700) AND (k <= 3509800))
	  ->  Bitmap Index Scan on k_1  (cost=0.00..5.53 rows=110 width=0)
	        Index Cond: ((k >= 3509700) AND (k <= 3509800))

table 2 : explain SELECT k, c FROM sbtest2 WHERE k BETWEEN 3509700 AND 3509800
	Bitmap Heap Scan on sbtest2  (cost=5.46..401.52 rows=100 width=125)
	  Recheck Cond: ((k >= 3509700) AND (k <= 3509800))
	  ->  Bitmap Index Scan on k_2  (cost=0.00..5.43 rows=100 width=0)
	        Index Cond: ((k >= 3509700) AND (k <= 3509800))

table 3 : explain SELECT k, c FROM sbtest3 WHERE k BETWEEN 3509700 AND 3509800
	Bitmap Heap Scan on sbtest3  (cost=5.55..436.99 rows=109 width=125)
	  Recheck Cond: ((k >= 3509700) AND (k <= 3509800))
	  ->  Bitmap Index Scan on k_3  (cost=0.00..5.52 rows=109 width=0)
	        Index Cond: ((k >= 3509700) AND (k <= 3509800))

table 4 : explain SELECT k, c FROM sbtest4 WHERE k BETWEEN 3509700 AND 3509800
	Bitmap Heap Scan on sbtest4  (cost=5.42..385.77 rows=96 width=125)
	  Recheck Cond: ((k >= 3509700) AND (k <= 3509800))
	  ->  Bitmap Index Scan on k_4  (cost=0.00..5.39 rows=96 width=0)
	        Index Cond: ((k >= 3509700) AND (k <= 3509800))

table 5 : explain SELECT k, c FROM sbtest5 WHERE k BETWEEN 3509700 AND 3509800
	Bitmap Heap Scan on sbtest5  (cost=5.43..389.76 rows=97 width=125)
	  Recheck Cond: ((k >= 3509700) AND (k <= 3509800))
	  ->  Bitmap Index Scan on k_5  (cost=0.00..5.40 rows=97 width=0)
	        Index Cond: ((k >= 3509700) AND (k <= 3509800))

table 6 : explain SELECT k, c FROM sbtest6 WHERE k BETWEEN 3509700 AND 3509800
	Bitmap Heap Scan on sbtest6  (cost=5.49..413.39 rows=103 width=125)
	  Recheck Cond: ((k >= 3509700) AND (k <= 3509800))
	  ->  Bitmap Index Scan on k_6  (cost=0.00..5.46 rows=103 width=0)
	        Index Cond: ((k >= 3509700) AND (k <= 3509800))

table 7 : explain SELECT k, c FROM sbtest7 WHERE k BETWEEN 3509700 AND 3509800
	Bitmap Heap Scan on sbtest7  (cost=5.51..421.30 rows=105 width=125)
	  Recheck Cond: ((k >= 3509700) AND (k <= 3509800))
	  ->  Bitmap Index Scan on k_7  (cost=0.00..5.48 rows=105 width=0)
	        Index Cond: ((k >= 3509700) AND (k <= 3509800))

table 8 : explain SELECT k, c FROM sbtest8 WHERE k BETWEEN 3509700 AND 3509800
	Bitmap Heap Scan on sbtest8  (cost=5.56..441.03 rows=110 width=125)
	  Recheck Cond: ((k >= 3509700) AND (k <= 3509800))
	  ->  Bitmap Index Scan on k_8  (cost=0.00..5.53 rows=110 width=0)
	        Index Cond: ((k >= 3509700) AND (k <= 3509800))

explain: for range-notcovered :: explain SELECT k, c FROM sbtest%d WHERE k BETWEEN 6268598 AND 6268698
explain: for range-notcovered :: explain SELECT k, c FROM sbtest%d WHERE k BETWEEN 5367980 AND 5368080
for range-notcovered
table 1 : explain SELECT k, c FROM sbtest1 WHERE k BETWEEN 443834 AND 443934
	Bitmap Heap Scan on sbtest1  (cost=5.50..417.49 rows=104 width=125)
	  Recheck Cond: ((k >= 443834) AND (k <= 443934))
	  ->  Bitmap Index Scan on k_1  (cost=0.00..5.47 rows=104 width=0)
	        Index Cond: ((k >= 443834) AND (k <= 443934))

table 2 : explain SELECT k, c FROM sbtest2 WHERE k BETWEEN 443834 AND 443934
	Bitmap Heap Scan on sbtest2  (cost=5.60..456.69 rows=114 width=125)
	  Recheck Cond: ((k >= 443834) AND (k <= 443934))
	  ->  Bitmap Index Scan on k_2  (cost=0.00..5.58 rows=114 width=0)
	        Index Cond: ((k >= 443834) AND (k <= 443934))

table 3 : explain SELECT k, c FROM sbtest3 WHERE k BETWEEN 443834 AND 443934
	Bitmap Heap Scan on sbtest3  (cost=5.38..369.95 rows=92 width=125)
	  Recheck Cond: ((k >= 443834) AND (k <= 443934))
	  ->  Bitmap Index Scan on k_3  (cost=0.00..5.35 rows=92 width=0)
	        Index Cond: ((k >= 443834) AND (k <= 443934))

table 4 : explain SELECT k, c FROM sbtest4 WHERE k BETWEEN 443834 AND 443934
	Bitmap Heap Scan on sbtest4  (cost=5.46..401.55 rows=100 width=125)
	  Recheck Cond: ((k >= 443834) AND (k <= 443934))
	  ->  Bitmap Index Scan on k_4  (cost=0.00..5.43 rows=100 width=0)
	        Index Cond: ((k >= 443834) AND (k <= 443934))

table 5 : explain SELECT k, c FROM sbtest5 WHERE k BETWEEN 443834 AND 443934
	Bitmap Heap Scan on sbtest5  (cost=5.51..421.32 rows=105 width=125)
	  Recheck Cond: ((k >= 443834) AND (k <= 443934))
	  ->  Bitmap Index Scan on k_5  (cost=0.00..5.48 rows=105 width=0)
	        Index Cond: ((k >= 443834) AND (k <= 443934))

table 6 : explain SELECT k, c FROM sbtest6 WHERE k BETWEEN 443834 AND 443934
	Bitmap Heap Scan on sbtest6  (cost=5.64..472.49 rows=118 width=125)
	  Recheck Cond: ((k >= 443834) AND (k <= 443934))
	  ->  Bitmap Index Scan on k_6  (cost=0.00..5.61 rows=118 width=0)
	        Index Cond: ((k >= 443834) AND (k <= 443934))

table 7 : explain SELECT k, c FROM sbtest7 WHERE k BETWEEN 443834 AND 443934
	Bitmap Heap Scan on sbtest7  (cost=5.47..405.53 rows=101 width=125)
	  Recheck Cond: ((k >= 443834) AND (k <= 443934))
	  ->  Bitmap Index Scan on k_7  (cost=0.00..5.44 rows=101 width=0)
	        Index Cond: ((k >= 443834) AND (k <= 443934))

table 8 : explain SELECT k, c FROM sbtest8 WHERE k BETWEEN 443834 AND 443934
	Bitmap Heap Scan on sbtest8  (cost=5.55..437.09 rows=109 width=125)
	  Recheck Cond: ((k >= 443834) AND (k <= 443934))
	  ->  Bitmap Index Scan on k_8  (cost=0.00..5.52 rows=109 width=0)
	        Index Cond: ((k >= 443834) AND (k <= 443934))

for range-notcovered
table 1 : explain SELECT k, c FROM sbtest1 WHERE k BETWEEN 4998269 AND 4998369
	Bitmap Heap Scan on sbtest1  (cost=5.50..417.49 rows=104 width=125)
	  Recheck Cond: ((k >= 4998269) AND (k <= 4998369))
	  ->  Bitmap Index Scan on k_1  (cost=0.00..5.47 rows=104 width=0)
	        Index Cond: ((k >= 4998269) AND (k <= 4998369))

table 2 : explain SELECT k, c FROM sbtest2 WHERE k BETWEEN 4998269 AND 4998369
	Bitmap Heap Scan on sbtest2  (cost=5.52..425.18 rows=106 width=125)
	  Recheck Cond: ((k >= 4998269) AND (k <= 4998369))
	  ->  Bitmap Index Scan on k_2  (cost=0.00..5.50 rows=106 width=0)
	        Index Cond: ((k >= 4998269) AND (k <= 4998369))

table 3 : explain SELECT k, c FROM sbtest3 WHERE k BETWEEN 4998269 AND 4998369
	Bitmap Heap Scan on sbtest3  (cost=5.35..358.11 rows=89 width=125)
	  Recheck Cond: ((k >= 4998269) AND (k <= 4998369))
	  ->  Bitmap Index Scan on k_3  (cost=0.00..5.32 rows=89 width=0)
	        Index Cond: ((k >= 4998269) AND (k <= 4998369))

table 4 : explain SELECT k, c FROM sbtest4 WHERE k BETWEEN 4998269 AND 4998369
	Bitmap Heap Scan on sbtest4  (cost=5.48..409.44 rows=102 width=125)
	  Recheck Cond: ((k >= 4998269) AND (k <= 4998369))
	  ->  Bitmap Index Scan on k_4  (cost=0.00..5.45 rows=102 width=0)
	        Index Cond: ((k >= 4998269) AND (k <= 4998369))

table 5 : explain SELECT k, c FROM sbtest5 WHERE k BETWEEN 4998269 AND 4998369
	Bitmap Heap Scan on sbtest5  (cost=5.51..421.32 rows=105 width=125)
	  Recheck Cond: ((k >= 4998269) AND (k <= 4998369))
	  ->  Bitmap Index Scan on k_5  (cost=0.00..5.48 rows=105 width=0)
	        Index Cond: ((k >= 4998269) AND (k <= 4998369))

table 6 : explain SELECT k, c FROM sbtest6 WHERE k BETWEEN 4998269 AND 4998369
	Bitmap Heap Scan on sbtest6  (cost=5.50..417.33 rows=104 width=125)
	  Recheck Cond: ((k >= 4998269) AND (k <= 4998369))
	  ->  Bitmap Index Scan on k_6  (cost=0.00..5.47 rows=104 width=0)
	        Index Cond: ((k >= 4998269) AND (k <= 4998369))

table 7 : explain SELECT k, c FROM sbtest7 WHERE k BETWEEN 4998269 AND 4998369
	Bitmap Heap Scan on sbtest7  (cost=5.54..433.13 rows=108 width=125)
	  Recheck Cond: ((k >= 4998269) AND (k <= 4998369))
	  ->  Bitmap Index Scan on k_7  (cost=0.00..5.51 rows=108 width=0)
	        Index Cond: ((k >= 4998269) AND (k <= 4998369))

table 8 : explain SELECT k, c FROM sbtest8 WHERE k BETWEEN 4998269 AND 4998369
	Bitmap Heap Scan on sbtest8  (cost=5.46..401.60 rows=100 width=125)
	  Recheck Cond: ((k >= 4998269) AND (k <= 4998369))
	  ->  Bitmap Index Scan on k_8  (cost=0.00..5.43 rows=100 width=0)
	        Index Cond: ((k >= 4998269) AND (k <= 4998369))

explain: for range-notcovered :: explain SELECT k, c FROM sbtest%d WHERE k BETWEEN 3509700 AND 3509800
for range-notcovered
table 1 : explain SELECT k, c FROM sbtest1 WHERE k BETWEEN 3253896 AND 3253996
	Bitmap Heap Scan on sbtest1  (cost=5.48..409.60 rows=102 width=125)
	  Recheck Cond: ((k >= 3253896) AND (k <= 3253996))
	  ->  Bitmap Index Scan on k_1  (cost=0.00..5.45 rows=102 width=0)
	        Index Cond: ((k >= 3253896) AND (k <= 3253996))

table 2 : explain SELECT k, c FROM sbtest2 WHERE k BETWEEN 3253896 AND 3253996
	Bitmap Heap Scan on sbtest2  (cost=5.51..421.23 rows=105 width=125)
	  Recheck Cond: ((k >= 3253896) AND (k <= 3253996))
	  ->  Bitmap Index Scan on k_2  (cost=0.00..5.48 rows=105 width=0)
	        Index Cond: ((k >= 3253896) AND (k <= 3253996))

table 3 : explain SELECT k, c FROM sbtest3 WHERE k BETWEEN 3253896 AND 3253996
	Bitmap Heap Scan on sbtest3  (cost=5.46..401.51 rows=100 width=125)
	  Recheck Cond: ((k >= 3253896) AND (k <= 3253996))
	  ->  Bitmap Index Scan on k_3  (cost=0.00..5.43 rows=100 width=0)
	        Index Cond: ((k >= 3253896) AND (k <= 3253996))

table 4 : explain SELECT k, c FROM sbtest4 WHERE k BETWEEN 3253896 AND 3253996
	Bitmap Heap Scan on sbtest4  (cost=5.53..429.15 rows=107 width=125)
	  Recheck Cond: ((k >= 3253896) AND (k <= 3253996))
	  ->  Bitmap Index Scan on k_4  (cost=0.00..5.50 rows=107 width=0)
	        Index Cond: ((k >= 3253896) AND (k <= 3253996))

table 5 : explain SELECT k, c FROM sbtest5 WHERE k BETWEEN 3253896 AND 3253996
	Bitmap Heap Scan on sbtest5  (cost=5.51..421.32 rows=105 width=125)
	  Recheck Cond: ((k >= 3253896) AND (k <= 3253996))
	  ->  Bitmap Index Scan on k_5  (cost=0.00..5.48 rows=105 width=0)
	        Index Cond: ((k >= 3253896) AND (k <= 3253996))

table 6 : explain SELECT k, c FROM sbtest6 WHERE k BETWEEN 3253896 AND 3253996
	Bitmap Heap Scan on sbtest6  (cost=5.40..377.88 rows=94 width=125)
	  Recheck Cond: ((k >= 3253896) AND (k <= 3253996))
	  ->  Bitmap Index Scan on k_6  (cost=0.00..5.38 rows=94 width=0)
	        Index Cond: ((k >= 3253896) AND (k <= 3253996))

table 7 : explain SELECT k, c FROM sbtest7 WHERE k BETWEEN 3253896 AND 3253996
	Bitmap Heap Scan on sbtest7  (cost=5.49..413.42 rows=103 width=125)
	  Recheck Cond: ((k >= 3253896) AND (k <= 3253996))
	  ->  Bitmap Index Scan on k_7  (cost=0.00..5.46 rows=103 width=0)
	        Index Cond: ((k >= 3253896) AND (k <= 3253996))

table 8 : explain SELECT k, c FROM sbtest8 WHERE k BETWEEN 3253896 AND 3253996
	Bitmap Heap Scan on sbtest8  (cost=5.47..405.55 rows=101 width=125)
	  Recheck Cond: ((k >= 3253896) AND (k <= 3253996))
	  ->  Bitmap Index Scan on k_8  (cost=0.00..5.44 rows=101 width=0)
	        Index Cond: ((k >= 3253896) AND (k <= 3253996))

for range-notcovered
table 1 : explain SELECT k, c FROM sbtest1 WHERE k BETWEEN 5658378 AND 5658478
	Bitmap Heap Scan on sbtest1  (cost=5.53..429.32 rows=107 width=125)
	  Recheck Cond: ((k >= 5658378) AND (k <= 5658478))
	  ->  Bitmap Index Scan on k_1  (cost=0.00..5.50 rows=107 width=0)
	        Index Cond: ((k >= 5658378) AND (k <= 5658478))

table 2 : explain SELECT k, c FROM sbtest2 WHERE k BETWEEN 5658378 AND 5658478
	Bitmap Heap Scan on sbtest2  (cost=5.52..425.18 rows=106 width=125)
	  Recheck Cond: ((k >= 5658378) AND (k <= 5658478))
	  ->  Bitmap Index Scan on k_2  (cost=0.00..5.50 rows=106 width=0)
	        Index Cond: ((k >= 5658378) AND (k <= 5658478))

table 3 : explain SELECT k, c FROM sbtest3 WHERE k BETWEEN 5658378 AND 5658478
	Bitmap Heap Scan on sbtest3  (cost=5.46..401.51 rows=100 width=125)
	  Recheck Cond: ((k >= 5658378) AND (k <= 5658478))
	  ->  Bitmap Index Scan on k_3  (cost=0.00..5.43 rows=100 width=0)
	        Index Cond: ((k >= 5658378) AND (k <= 5658478))

table 4 : explain SELECT k, c FROM sbtest4 WHERE k BETWEEN 5658378 AND 5658478
	Bitmap Heap Scan on sbtest4  (cost=5.48..409.44 rows=102 width=125)
	  Recheck Cond: ((k >= 5658378) AND (k <= 5658478))
	  ->  Bitmap Index Scan on k_4  (cost=0.00..5.45 rows=102 width=0)
	        Index Cond: ((k >= 5658378) AND (k <= 5658478))

table 5 : explain SELECT k, c FROM sbtest5 WHERE k BETWEEN 5658378 AND 5658478
	Bitmap Heap Scan on sbtest5  (cost=5.54..433.14 rows=108 width=125)
	  Recheck Cond: ((k >= 5658378) AND (k <= 5658478))
	  ->  Bitmap Index Scan on k_5  (cost=0.00..5.51 rows=108 width=0)
	        Index Cond: ((k >= 5658378) AND (k <= 5658478))

table 6 : explain SELECT k, c FROM sbtest6 WHERE k BETWEEN 5658378 AND 5658478
	Bitmap Heap Scan on sbtest6  (cost=5.44..393.67 rows=98 width=125)
	  Recheck Cond: ((k >= 5658378) AND (k <= 5658478))
	  ->  Bitmap Index Scan on k_6  (cost=0.00..5.42 rows=98 width=0)
	        Index Cond: ((k >= 5658378) AND (k <= 5658478))

table 7 : explain SELECT k, c FROM sbtest7 WHERE k BETWEEN 5658378 AND 5658478
	Bitmap Heap Scan on sbtest7  (cost=5.46..401.58 rows=100 width=125)
	  Recheck Cond: ((k >= 5658378) AND (k <= 5658478))
	  ->  Bitmap Index Scan on k_7  (cost=0.00..5.43 rows=100 width=0)
	        Index Cond: ((k >= 5658378) AND (k <= 5658478))

table 8 : explain SELECT k, c FROM sbtest8 WHERE k BETWEEN 5658378 AND 5658478
	Bitmap Heap Scan on sbtest8  (cost=5.42..385.82 rows=96 width=125)
	  Recheck Cond: ((k >= 5658378) AND (k <= 5658478))
	  ->  Bitmap Index Scan on k_8  (cost=0.00..5.39 rows=96 width=0)
	        Index Cond: ((k >= 5658378) AND (k <= 5658478))

for range-notcovered
table 1 : explain SELECT k, c FROM sbtest1 WHERE k BETWEEN 5149272 AND 5149372
	Bitmap Heap Scan on sbtest1  (cost=5.57..445.09 rows=111 width=125)
	  Recheck Cond: ((k >= 5149272) AND (k <= 5149372))
	  ->  Bitmap Index Scan on k_1  (cost=0.00..5.54 rows=111 width=0)
	        Index Cond: ((k >= 5149272) AND (k <= 5149372))

table 2 : explain SELECT k, c FROM sbtest2 WHERE k BETWEEN 5149272 AND 5149372
	Bitmap Heap Scan on sbtest2  (cost=5.43..389.69 rows=97 width=125)
	  Recheck Cond: ((k >= 5149272) AND (k <= 5149372))
	  ->  Bitmap Index Scan on k_2  (cost=0.00..5.40 rows=97 width=0)
	        Index Cond: ((k >= 5149272) AND (k <= 5149372))

table 3 : explain SELECT k, c FROM sbtest3 WHERE k BETWEEN 5149272 AND 5149372
	Bitmap Heap Scan on sbtest3  (cost=5.39..373.90 rows=93 width=125)
	  Recheck Cond: ((k >= 5149272) AND (k <= 5149372))
	  ->  Bitmap Index Scan on k_3  (cost=0.00..5.36 rows=93 width=0)
	        Index Cond: ((k >= 5149272) AND (k <= 5149372))

table 4 : explain SELECT k, c FROM sbtest4 WHERE k BETWEEN 5149272 AND 5149372
	Bitmap Heap Scan on sbtest4  (cost=5.53..429.15 rows=107 width=125)
	  Recheck Cond: ((k >= 5149272) AND (k <= 5149372))
	  ->  Bitmap Index Scan on k_4  (cost=0.00..5.50 rows=107 width=0)
	        Index Cond: ((k >= 5149272) AND (k <= 5149372))

table 5 : explain SELECT k, c FROM sbtest5 WHERE k BETWEEN 5149272 AND 5149372
	Bitmap Heap Scan on sbtest5  (cost=5.44..393.71 rows=98 width=125)
	  Recheck Cond: ((k >= 5149272) AND (k <= 5149372))
	  ->  Bitmap Index Scan on k_5  (cost=0.00..5.42 rows=98 width=0)
	        Index Cond: ((k >= 5149272) AND (k <= 5149372))

table 6 : explain SELECT k, c FROM sbtest6 WHERE k BETWEEN 5149272 AND 5149372
	Bitmap Heap Scan on sbtest6  (cost=5.54..433.10 rows=108 width=125)
	  Recheck Cond: ((k >= 5149272) AND (k <= 5149372))
	  ->  Bitmap Index Scan on k_6  (cost=0.00..5.51 rows=108 width=0)
	        Index Cond: ((k >= 5149272) AND (k <= 5149372))

table 7 : explain SELECT k, c FROM sbtest7 WHERE k BETWEEN 5149272 AND 5149372
	Bitmap Heap Scan on sbtest7  (cost=5.64..472.52 rows=118 width=125)
	  Recheck Cond: ((k >= 5149272) AND (k <= 5149372))
	  ->  Bitmap Index Scan on k_7  (cost=0.00..5.61 rows=118 width=0)
	        Index Cond: ((k >= 5149272) AND (k <= 5149372))

table 8 : explain SELECT k, c FROM sbtest8 WHERE k BETWEEN 5149272 AND 5149372
	Bitmap Heap Scan on sbtest8  (cost=5.41..381.87 rows=95 width=125)
	  Recheck Cond: ((k >= 5149272) AND (k <= 5149372))
	  ->  Bitmap Index Scan on k_8  (cost=0.00..5.38 rows=95 width=0)
	        Index Cond: ((k >= 5149272) AND (k <= 5149372))

explain: for range-notcovered :: explain SELECT k, c FROM sbtest%d WHERE k BETWEEN 4305027 AND 4305127
explain: for range-notcovered :: explain SELECT k, c FROM sbtest%d WHERE k BETWEEN 1459258 AND 1459358
for range-notcovered
table 1 : explain SELECT k, c FROM sbtest1 WHERE k BETWEEN 2131083 AND 2131183
	Bitmap Heap Scan on sbtest1  (cost=5.48..409.60 rows=102 width=125)
	  Recheck Cond: ((k >= 2131083) AND (k <= 2131183))
	  ->  Bitmap Index Scan on k_1  (cost=0.00..5.45 rows=102 width=0)
	        Index Cond: ((k >= 2131083) AND (k <= 2131183))

table 2 : explain SELECT k, c FROM sbtest2 WHERE k BETWEEN 2131083 AND 2131183
	Bitmap Heap Scan on sbtest2  (cost=5.49..413.35 rows=103 width=125)
	  Recheck Cond: ((k >= 2131083) AND (k <= 2131183))
	  ->  Bitmap Index Scan on k_2  (cost=0.00..5.46 rows=103 width=0)
	        Index Cond: ((k >= 2131083) AND (k <= 2131183))

table 3 : explain SELECT k, c FROM sbtest3 WHERE k BETWEEN 2131083 AND 2131183
	Bitmap Heap Scan on sbtest3  (cost=5.45..397.57 rows=99 width=125)
	  Recheck Cond: ((k >= 2131083) AND (k <= 2131183))
	  ->  Bitmap Index Scan on k_3  (cost=0.00..5.42 rows=99 width=0)
	        Index Cond: ((k >= 2131083) AND (k <= 2131183))

table 4 : explain SELECT k, c FROM sbtest4 WHERE k BETWEEN 2131083 AND 2131183
	Bitmap Heap Scan on sbtest4  (cost=5.41..381.83 rows=95 width=125)
	  Recheck Cond: ((k >= 2131083) AND (k <= 2131183))
	  ->  Bitmap Index Scan on k_4  (cost=0.00..5.38 rows=95 width=0)
	        Index Cond: ((k >= 2131083) AND (k <= 2131183))

table 5 : explain SELECT k, c FROM sbtest5 WHERE k BETWEEN 2131083 AND 2131183
	Bitmap Heap Scan on sbtest5  (cost=5.52..425.26 rows=106 width=125)
	  Recheck Cond: ((k >= 2131083) AND (k <= 2131183))
	  ->  Bitmap Index Scan on k_5  (cost=0.00..5.50 rows=106 width=0)
	        Index Cond: ((k >= 2131083) AND (k <= 2131183))

table 6 : explain SELECT k, c FROM sbtest6 WHERE k BETWEEN 2131083 AND 2131183
	Bitmap Heap Scan on sbtest6  (cost=5.58..448.86 rows=112 width=125)
	  Recheck Cond: ((k >= 2131083) AND (k <= 2131183))
	  ->  Bitmap Index Scan on k_6  (cost=0.00..5.55 rows=112 width=0)
	        Index Cond: ((k >= 2131083) AND (k <= 2131183))

table 7 : explain SELECT k, c FROM sbtest7 WHERE k BETWEEN 2131083 AND 2131183
	Bitmap Heap Scan on sbtest7  (cost=5.48..409.47 rows=102 width=125)
	  Recheck Cond: ((k >= 2131083) AND (k <= 2131183))
	  ->  Bitmap Index Scan on k_7  (cost=0.00..5.45 rows=102 width=0)
	        Index Cond: ((k >= 2131083) AND (k <= 2131183))

table 8 : explain SELECT k, c FROM sbtest8 WHERE k BETWEEN 2131083 AND 2131183
	Bitmap Heap Scan on sbtest8  (cost=5.42..385.82 rows=96 width=125)
	  Recheck Cond: ((k >= 2131083) AND (k <= 2131183))
	  ->  Bitmap Index Scan on k_8  (cost=0.00..5.39 rows=96 width=0)
	        Index Cond: ((k >= 2131083) AND (k <= 2131183))

explain: for range-notcovered :: explain SELECT k, c FROM sbtest%d WHERE k BETWEEN 5460229 AND 5460329
explain: for range-notcovered :: explain SELECT k, c FROM sbtest%d WHERE k BETWEEN 5658378 AND 5658478
explain: for range-notcovered :: explain SELECT k, c FROM sbtest%d WHERE k BETWEEN 3253896 AND 3253996
explain: for range-notcovered :: explain SELECT k, c FROM sbtest%d WHERE k BETWEEN 4998269 AND 4998369
for range-notcovered
table 1 : explain SELECT k, c FROM sbtest1 WHERE k BETWEEN 5428658 AND 5428758
	Bitmap Heap Scan on sbtest1  (cost=5.46..401.71 rows=100 width=125)
	  Recheck Cond: ((k >= 5428658) AND (k <= 5428758))
	  ->  Bitmap Index Scan on k_1  (cost=0.00..5.43 rows=100 width=0)
	        Index Cond: ((k >= 5428658) AND (k <= 5428758))

table 2 : explain SELECT k, c FROM sbtest2 WHERE k BETWEEN 5428658 AND 5428758
	Bitmap Heap Scan on sbtest2  (cost=5.53..429.12 rows=107 width=125)
	  Recheck Cond: ((k >= 5428658) AND (k <= 5428758))
	  ->  Bitmap Index Scan on k_2  (cost=0.00..5.50 rows=107 width=0)
	        Index Cond: ((k >= 5428658) AND (k <= 5428758))

table 3 : explain SELECT k, c FROM sbtest3 WHERE k BETWEEN 5428658 AND 5428758
	Bitmap Heap Scan on sbtest3  (cost=5.43..389.68 rows=97 width=125)
	  Recheck Cond: ((k >= 5428658) AND (k <= 5428758))
	  ->  Bitmap Index Scan on k_3  (cost=0.00..5.40 rows=97 width=0)
	        Index Cond: ((k >= 5428658) AND (k <= 5428758))

table 4 : explain SELECT k, c FROM sbtest4 WHERE k BETWEEN 5428658 AND 5428758
	Bitmap Heap Scan on sbtest4  (cost=5.47..405.50 rows=101 width=125)
	  Recheck Cond: ((k >= 5428658) AND (k <= 5428758))
	  ->  Bitmap Index Scan on k_4  (cost=0.00..5.44 rows=101 width=0)
	        Index Cond: ((k >= 5428658) AND (k <= 5428758))

table 5 : explain SELECT k, c FROM sbtest5 WHERE k BETWEEN 5428658 AND 5428758
	Bitmap Heap Scan on sbtest5  (cost=5.52..425.26 rows=106 width=125)
	  Recheck Cond: ((k >= 5428658) AND (k <= 5428758))
	  ->  Bitmap Index Scan on k_5  (cost=0.00..5.50 rows=106 width=0)
	        Index Cond: ((k >= 5428658) AND (k <= 5428758))

table 6 : explain SELECT k, c FROM sbtest6 WHERE k BETWEEN 5428658 AND 5428758
	Bitmap Heap Scan on sbtest6  (cost=5.38..369.99 rows=92 width=125)
	  Recheck Cond: ((k >= 5428658) AND (k <= 5428758))
	  ->  Bitmap Index Scan on k_6  (cost=0.00..5.35 rows=92 width=0)
	        Index Cond: ((k >= 5428658) AND (k <= 5428758))

table 7 : explain SELECT k, c FROM sbtest7 WHERE k BETWEEN 5428658 AND 5428758
	Bitmap Heap Scan on sbtest7  (cost=5.42..385.80 rows=96 width=125)
	  Recheck Cond: ((k >= 5428658) AND (k <= 5428758))
	  ->  Bitmap Index Scan on k_7  (cost=0.00..5.39 rows=96 width=0)
	        Index Cond: ((k >= 5428658) AND (k <= 5428758))

table 8 : explain SELECT k, c FROM sbtest8 WHERE k BETWEEN 5428658 AND 5428758
	Bitmap Heap Scan on sbtest8  (cost=5.48..409.49 rows=102 width=125)
	  Recheck Cond: ((k >= 5428658) AND (k <= 5428758))
	  ->  Bitmap Index Scan on k_8  (cost=0.00..5.45 rows=102 width=0)
	        Index Cond: ((k >= 5428658) AND (k <= 5428758))

for range-notcovered
table 1 : explain SELECT k, c FROM sbtest1 WHERE k BETWEEN 6094280 AND 6094380
	Bitmap Heap Scan on sbtest1  (cost=5.53..429.32 rows=107 width=125)
	  Recheck Cond: ((k >= 6094280) AND (k <= 6094380))
	  ->  Bitmap Index Scan on k_1  (cost=0.00..5.50 rows=107 width=0)
	        Index Cond: ((k >= 6094280) AND (k <= 6094380))

table 2 : explain SELECT k, c FROM sbtest2 WHERE k BETWEEN 6094280 AND 6094380
	Bitmap Heap Scan on sbtest2  (cost=5.51..421.23 rows=105 width=125)
	  Recheck Cond: ((k >= 6094280) AND (k <= 6094380))
	  ->  Bitmap Index Scan on k_2  (cost=0.00..5.48 rows=105 width=0)
	        Index Cond: ((k >= 6094280) AND (k <= 6094380))

table 3 : explain SELECT k, c FROM sbtest3 WHERE k BETWEEN 6094280 AND 6094380
	Bitmap Heap Scan on sbtest3  (cost=5.45..397.57 rows=99 width=125)
	  Recheck Cond: ((k >= 6094280) AND (k <= 6094380))
	  ->  Bitmap Index Scan on k_3  (cost=0.00..5.42 rows=99 width=0)
	        Index Cond: ((k >= 6094280) AND (k <= 6094380))

table 4 : explain SELECT k, c FROM sbtest4 WHERE k BETWEEN 6094280 AND 6094380
	Bitmap Heap Scan on sbtest4  (cost=5.50..417.33 rows=104 width=125)
	  Recheck Cond: ((k >= 6094280) AND (k <= 6094380))
	  ->  Bitmap Index Scan on k_4  (cost=0.00..5.47 rows=104 width=0)
	        Index Cond: ((k >= 6094280) AND (k <= 6094380))

table 5 : explain SELECT k, c FROM sbtest5 WHERE k BETWEEN 6094280 AND 6094380
	Bitmap Heap Scan on sbtest5  (cost=5.48..409.49 rows=102 width=125)
	  Recheck Cond: ((k >= 6094280) AND (k <= 6094380))
	  ->  Bitmap Index Scan on k_5  (cost=0.00..5.45 rows=102 width=0)
	        Index Cond: ((k >= 6094280) AND (k <= 6094380))

table 6 : explain SELECT k, c FROM sbtest6 WHERE k BETWEEN 6094280 AND 6094380
	Bitmap Heap Scan on sbtest6  (cost=5.53..429.16 rows=107 width=125)
	  Recheck Cond: ((k >= 6094280) AND (k <= 6094380))
	  ->  Bitmap Index Scan on k_6  (cost=0.00..5.50 rows=107 width=0)
	        Index Cond: ((k >= 6094280) AND (k <= 6094380))

table 7 : explain SELECT k, c FROM sbtest7 WHERE k BETWEEN 6094280 AND 6094380
	Bitmap Heap Scan on sbtest7  (cost=5.56..441.01 rows=110 width=125)
	  Recheck Cond: ((k >= 6094280) AND (k <= 6094380))
	  ->  Bitmap Index Scan on k_7  (cost=0.00..5.53 rows=110 width=0)
	        Index Cond: ((k >= 6094280) AND (k <= 6094380))

table 8 : explain SELECT k, c FROM sbtest8 WHERE k BETWEEN 6094280 AND 6094380
	Bitmap Heap Scan on sbtest8  (cost=5.37..366.08 rows=91 width=125)
	  Recheck Cond: ((k >= 6094280) AND (k <= 6094380))
	  ->  Bitmap Index Scan on k_8  (cost=0.00..5.34 rows=91 width=0)
	        Index Cond: ((k >= 6094280) AND (k <= 6094380))


for range-notcovered
table 1 : explain SELECT k, c FROM sbtest1 WHERE k BETWEEN 5520301 AND 5520401
	Bitmap Heap Scan on sbtest1  (cost=5.42..385.92 rows=96 width=125)
	  Recheck Cond: ((k >= 5520301) AND (k <= 5520401))
	  ->  Bitmap Index Scan on k_1  (cost=0.00..5.39 rows=96 width=0)
	        Index Cond: ((k >= 5520301) AND (k <= 5520401))

table 2 : explain SELECT k, c FROM sbtest2 WHERE k BETWEEN 5520301 AND 5520401
	Bitmap Heap Scan on sbtest2  (cost=5.40..377.85 rows=94 width=125)
	  Recheck Cond: ((k >= 5520301) AND (k <= 5520401))
	  ->  Bitmap Index Scan on k_2  (cost=0.00..5.38 rows=94 width=0)
	        Index Cond: ((k >= 5520301) AND (k <= 5520401))

table 3 : explain SELECT k, c FROM sbtest3 WHERE k BETWEEN 5520301 AND 5520401
	Bitmap Heap Scan on sbtest3  (cost=5.43..389.68 rows=97 width=125)
	  Recheck Cond: ((k >= 5520301) AND (k <= 5520401))
	  ->  Bitmap Index Scan on k_3  (cost=0.00..5.40 rows=97 width=0)
	        Index Cond: ((k >= 5520301) AND (k <= 5520401))

table 4 : explain SELECT k, c FROM sbtest4 WHERE k BETWEEN 5520301 AND 5520401
	Bitmap Heap Scan on sbtest4  (cost=5.52..425.21 rows=106 width=125)
	  Recheck Cond: ((k >= 5520301) AND (k <= 5520401))
	  ->  Bitmap Index Scan on k_4  (cost=0.00..5.50 rows=106 width=0)
	        Index Cond: ((k >= 5520301) AND (k <= 5520401))

table 5 : explain SELECT k, c FROM sbtest5 WHERE k BETWEEN 5520301 AND 5520401
	Bitmap Heap Scan on sbtest5  (cost=5.49..413.43 rows=103 width=125)
	  Recheck Cond: ((k >= 5520301) AND (k <= 5520401))
	  ->  Bitmap Index Scan on k_5  (cost=0.00..5.46 rows=103 width=0)
	        Index Cond: ((k >= 5520301) AND (k <= 5520401))

table 6 : explain SELECT k, c FROM sbtest6 WHERE k BETWEEN 5520301 AND 5520401
	Bitmap Heap Scan on sbtest6  (cost=5.53..429.16 rows=107 width=125)
	  Recheck Cond: ((k >= 5520301) AND (k <= 5520401))
	  ->  Bitmap Index Scan on k_6  (cost=0.00..5.50 rows=107 width=0)
	        Index Cond: ((k >= 5520301) AND (k <= 5520401))

table 7 : explain SELECT k, c FROM sbtest7 WHERE k BETWEEN 5520301 AND 5520401
	Bitmap Heap Scan on sbtest7  (cost=5.68..484.34 rows=121 width=125)
	  Recheck Cond: ((k >= 5520301) AND (k <= 5520401))
	  ->  Bitmap Index Scan on k_7  (cost=0.00..5.64 rows=121 width=0)
	        Index Cond: ((k >= 5520301) AND (k <= 5520401))

table 8 : explain SELECT k, c FROM sbtest8 WHERE k BETWEEN 5520301 AND 5520401
	Bitmap Heap Scan on sbtest8  (cost=5.45..397.66 rows=99 width=125)
	  Recheck Cond: ((k >= 5520301) AND (k <= 5520401))
	  ->  Bitmap Index Scan on k_8  (cost=0.00..5.42 rows=99 width=0)
	        Index Cond: ((k >= 5520301) AND (k <= 5520401))

for range-notcovered
table 1 : explain SELECT k, c FROM sbtest1 WHERE k BETWEEN 5715146 AND 5715246
	Bitmap Heap Scan on sbtest1  (cost=5.53..429.32 rows=107 width=125)
	  Recheck Cond: ((k >= 5715146) AND (k <= 5715246))
	  ->  Bitmap Index Scan on k_1  (cost=0.00..5.50 rows=107 width=0)
	        Index Cond: ((k >= 5715146) AND (k <= 5715246))

table 2 : explain SELECT k, c FROM sbtest2 WHERE k BETWEEN 5715146 AND 5715246
	Bitmap Heap Scan on sbtest2  (cost=5.52..425.18 rows=106 width=125)
	  Recheck Cond: ((k >= 5715146) AND (k <= 5715246))
	  ->  Bitmap Index Scan on k_2  (cost=0.00..5.50 rows=106 width=0)
	        Index Cond: ((k >= 5715146) AND (k <= 5715246))

table 3 : explain SELECT k, c FROM sbtest3 WHERE k BETWEEN 5715146 AND 5715246
	Bitmap Heap Scan on sbtest3  (cost=5.46..401.51 rows=100 width=125)
	  Recheck Cond: ((k >= 5715146) AND (k <= 5715246))
	  ->  Bitmap Index Scan on k_3  (cost=0.00..5.43 rows=100 width=0)
	        Index Cond: ((k >= 5715146) AND (k <= 5715246))

table 4 : explain SELECT k, c FROM sbtest4 WHERE k BETWEEN 5715146 AND 5715246
	Bitmap Heap Scan on sbtest4  (cost=5.50..417.33 rows=104 width=125)
	  Recheck Cond: ((k >= 5715146) AND (k <= 5715246))
	  ->  Bitmap Index Scan on k_4  (cost=0.00..5.47 rows=104 width=0)
	        Index Cond: ((k >= 5715146) AND (k <= 5715246))

table 5 : explain SELECT k, c FROM sbtest5 WHERE k BETWEEN 5715146 AND 5715246
	Bitmap Heap Scan on sbtest5  (cost=5.50..417.37 rows=104 width=125)
	  Recheck Cond: ((k >= 5715146) AND (k <= 5715246))
	  ->  Bitmap Index Scan on k_5  (cost=0.00..5.47 rows=104 width=0)
	        Index Cond: ((k >= 5715146) AND (k <= 5715246))

table 6 : explain SELECT k, c FROM sbtest6 WHERE k BETWEEN 5715146 AND 5715246
	Bitmap Heap Scan on sbtest6  (cost=5.44..393.67 rows=98 width=125)
	  Recheck Cond: ((k >= 5715146) AND (k <= 5715246))
	  ->  Bitmap Index Scan on k_6  (cost=0.00..5.42 rows=98 width=0)
	        Index Cond: ((k >= 5715146) AND (k <= 5715246))

table 7 : explain SELECT k, c FROM sbtest7 WHERE k BETWEEN 5715146 AND 5715246
	Bitmap Heap Scan on sbtest7  (cost=5.53..429.19 rows=107 width=125)
	  Recheck Cond: ((k >= 5715146) AND (k <= 5715246))
	  ->  Bitmap Index Scan on k_7  (cost=0.00..5.50 rows=107 width=0)
	        Index Cond: ((k >= 5715146) AND (k <= 5715246))

table 8 : explain SELECT k, c FROM sbtest8 WHERE k BETWEEN 5715146 AND 5715246
	Bitmap Heap Scan on sbtest8  (cost=5.53..429.21 rows=107 width=125)
	  Recheck Cond: ((k >= 5715146) AND (k <= 5715246))
	  ->  Bitmap Index Scan on k_8  (cost=0.00..5.50 rows=107 width=0)
	        Index Cond: ((k >= 5715146) AND (k <= 5715246))

explain: for range-notcovered :: explain SELECT k, c FROM sbtest%d WHERE k BETWEEN 5428658 AND 5428758
explain: for range-notcovered :: explain SELECT k, c FROM sbtest%d WHERE k BETWEEN 5149272 AND 5149372explain: for range-notcovered :: explain SELECT k, c FROM sbtest%d WHERE k BETWEEN 443834 AND 443934explain: for range-notcovered :: explain SELECT k, c FROM sbtest%d WHERE k BETWEEN 2131083 AND 2131183for range-notcovered
table 1 : explain SELECT k, c FROM sbtest1 WHERE k BETWEEN 8430366 AND 8430466
	Bitmap Heap Scan on sbtest1  (cost=5.47..405.65 rows=101 width=125)
	  Recheck Cond: ((k >= 8430366) AND (k <= 8430466))
	  ->  Bitmap Index Scan on k_1  (cost=0.00..5.44 rows=101 width=0)
	        Index Cond: ((k >= 8430366) AND (k <= 8430466))

table 2 : explain SELECT k, c FROM sbtest2 WHERE k BETWEEN 8430366 AND 8430466
	Bitmap Heap Scan on sbtest2  (cost=5.52..425.18 rows=106 width=125)
	  Recheck Cond: ((k >= 8430366) AND (k <= 8430466))
	  ->  Bitmap Index Scan on k_2  (cost=0.00..5.50 rows=106 width=0)
	        Index Cond: ((k >= 8430366) AND (k <= 8430466))

table 3 : explain SELECT k, c FROM sbtest3 WHERE k BETWEEN 8430366 AND 8430466
	Bitmap Heap Scan on sbtest3  (cost=5.49..413.34 rows=103 width=125)
	  Recheck Cond: ((k >= 8430366) AND (k <= 8430466))
	  ->  Bitmap Index Scan on k_3  (cost=0.00..5.46 rows=103 width=0)
	        Index Cond: ((k >= 8430366) AND (k <= 8430466))

table 4 : explain SELECT k, c FROM sbtest4 WHERE k BETWEEN 8430366 AND 8430466
	Bitmap Heap Scan on sbtest4  (cost=5.49..413.38 rows=103 width=125)
	  Recheck Cond: ((k >= 8430366) AND (k <= 8430466))
	  ->  Bitmap Index Scan on k_4  (cost=0.00..5.46 rows=103 width=0)
	        Index Cond: ((k >= 8430366) AND (k <= 8430466))

table 5 : explain SELECT k, c FROM sbtest5 WHERE k BETWEEN 8430366 AND 8430466
	Bitmap Heap Scan on sbtest5  (cost=5.42..385.82 rows=96 width=125)
	  Recheck Cond: ((k >= 8430366) AND (k <= 8430466))
	  ->  Bitmap Index Scan on k_5  (cost=0.00..5.39 rows=96 width=0)
	        Index Cond: ((k >= 8430366) AND (k <= 8430466))

table 6 : explain SELECT k, c FROM sbtest6 WHERE k BETWEEN 8430366 AND 8430466
	Bitmap Heap Scan on sbtest6  (cost=5.46..401.56 rows=100 width=125)
	  Recheck Cond: ((k >= 8430366) AND (k <= 8430466))
	  ->  Bitmap Index Scan on k_6  (cost=0.00..5.43 rows=100 width=0)
	        Index Cond: ((k >= 8430366) AND (k <= 8430466))

table 7 : explain SELECT k, c FROM sbtest7 WHERE k BETWEEN 8430366 AND 8430466
	Bitmap Heap Scan on sbtest7  (cost=5.40..377.91 rows=94 width=125)
	  Recheck Cond: ((k >= 8430366) AND (k <= 8430466))
	  ->  Bitmap Index Scan on k_7  (cost=0.00..5.38 rows=94 width=0)
	        Index Cond: ((k >= 8430366) AND (k <= 8430466))

table 8 : explain SELECT k, c FROM sbtest8 WHERE k BETWEEN 8430366 AND 8430466
	Bitmap Heap Scan on sbtest8  (cost=5.50..417.38 rows=104 width=125)
	  Recheck Cond: ((k >= 8430366) AND (k <= 8430466))
	  ->  Bitmap Index Scan on k_8  (cost=0.00..5.47 rows=104 width=0)
	        Index Cond: ((k >= 8430366) AND (k <= 8430466))
for range-notcovered
table 1 : explain SELECT k, c FROM sbtest1 WHERE k BETWEEN 1754192 AND 1754292
	Bitmap Heap Scan on sbtest1  (cost=5.52..425.38 rows=106 width=125)
	  Recheck Cond: ((k >= 1754192) AND (k <= 1754292))
	  ->  Bitmap Index Scan on k_1  (cost=0.00..5.50 rows=106 width=0)
	        Index Cond: ((k >= 1754192) AND (k <= 1754292))

table 2 : explain SELECT k, c FROM sbtest2 WHERE k BETWEEN 1754192 AND 1754292
	Bitmap Heap Scan on sbtest2  (cost=5.43..389.69 rows=97 width=125)
	  Recheck Cond: ((k >= 1754192) AND (k <= 1754292))
	  ->  Bitmap Index Scan on k_2  (cost=0.00..5.40 rows=97 width=0)
	        Index Cond: ((k >= 1754192) AND (k <= 1754292))

table 3 : explain SELECT k, c FROM sbtest3 WHERE k BETWEEN 1754192 AND 1754292
	Bitmap Heap Scan on sbtest3  (cost=5.51..421.22 rows=105 width=125)
	  Recheck Cond: ((k >= 1754192) AND (k <= 1754292))
	  ->  Bitmap Index Scan on k_3  (cost=0.00..5.48 rows=105 width=0)
	        Index Cond: ((k >= 1754192) AND (k <= 1754292))

table 4 : explain SELECT k, c FROM sbtest4 WHERE k BETWEEN 1754192 AND 1754292
	Bitmap Heap Scan on sbtest4  (cost=5.60..456.73 rows=114 width=125)
	  Recheck Cond: ((k >= 1754192) AND (k <= 1754292))
	  ->  Bitmap Index Scan on k_4  (cost=0.00..5.58 rows=114 width=0)
	        Index Cond: ((k >= 1754192) AND (k <= 1754292))

table 5 : explain SELECT k, c FROM sbtest5 WHERE k BETWEEN 1754192 AND 1754292
	Bitmap Heap Scan on sbtest5  (cost=5.36..362.13 rows=90 width=125)
	  Recheck Cond: ((k >= 1754192) AND (k <= 1754292))
	  ->  Bitmap Index Scan on k_5  (cost=0.00..5.33 rows=90 width=0)
	        Index Cond: ((k >= 1754192) AND (k <= 1754292))

table 6 : explain SELECT k, c FROM sbtest6 WHERE k BETWEEN 1754192 AND 1754292
	Bitmap Heap Scan on sbtest6  (cost=5.48..409.44 rows=102 width=125)
	  Recheck Cond: ((k >= 1754192) AND (k <= 1754292))
	  ->  Bitmap Index Scan on k_6  (cost=0.00..5.45 rows=102 width=0)
	        Index Cond: ((k >= 1754192) AND (k <= 1754292))

table 7 : explain SELECT k, c FROM sbtest7 WHERE k BETWEEN 1754192 AND 1754292
	Bitmap Heap Scan on sbtest7  (cost=5.43..389.75 rows=97 width=125)
	  Recheck Cond: ((k >= 1754192) AND (k <= 1754292))
	  ->  Bitmap Index Scan on k_7  (cost=0.00..5.40 rows=97 width=0)
	        Index Cond: ((k >= 1754192) AND (k <= 1754292))

table 8 : explain SELECT k, c FROM sbtest8 WHERE k BETWEEN 1754192 AND 1754292
	Bitmap Heap Scan on sbtest8  (cost=5.36..362.13 rows=90 width=125)
	  Recheck Cond: ((k >= 1754192) AND (k <= 1754292))
	  ->  Bitmap Index Scan on k_8  (cost=0.00..5.33 rows=90 width=0)
	        Index Cond: ((k >= 1754192) AND (k <= 1754292))
explain: for range-notcovered :: explain SELECT k, c FROM sbtest%d WHERE k BETWEEN 5715146 AND 5715246



for range-notcovered
table 1 : explain SELECT k, c FROM sbtest1 WHERE k BETWEEN 4339301 AND 4339401
	Bitmap Heap Scan on sbtest1  (cost=5.42..385.92 rows=96 width=125)
	  Recheck Cond: ((k >= 4339301) AND (k <= 4339401))
	  ->  Bitmap Index Scan on k_1  (cost=0.00..5.39 rows=96 width=0)
	        Index Cond: ((k >= 4339301) AND (k <= 4339401))

table 2 : explain SELECT k, c FROM sbtest2 WHERE k BETWEEN 4339301 AND 4339401
	Bitmap Heap Scan on sbtest2  (cost=5.47..405.46 rows=101 width=125)
	  Recheck Cond: ((k >= 4339301) AND (k <= 4339401))
	  ->  Bitmap Index Scan on k_2  (cost=0.00..5.44 rows=101 width=0)
	        Index Cond: ((k >= 4339301) AND (k <= 4339401))

table 3 : explain SELECT k, c FROM sbtest3 WHERE k BETWEEN 4339301 AND 4339401
	Bitmap Heap Scan on sbtest3  (cost=5.58..448.80 rows=112 width=125)
	  Recheck Cond: ((k >= 4339301) AND (k <= 4339401))
	  ->  Bitmap Index Scan on k_3  (cost=0.00..5.55 rows=112 width=0)
	        Index Cond: ((k >= 4339301) AND (k <= 4339401))

table 4 : explain SELECT k, c FROM sbtest4 WHERE k BETWEEN 4339301 AND 4339401
	Bitmap Heap Scan on sbtest4  (cost=5.56..440.98 rows=110 width=125)
	  Recheck Cond: ((k >= 4339301) AND (k <= 4339401))
	  ->  Bitmap Index Scan on k_4  (cost=0.00..5.53 rows=110 width=0)
	        Index Cond: ((k >= 4339301) AND (k <= 4339401))

table 5 : explain SELECT k, c FROM sbtest5 WHERE k BETWEEN 4339301 AND 4339401
	Bitmap Heap Scan on sbtest5  (cost=5.43..389.76 rows=97 width=125)
	  Recheck Cond: ((k >= 4339301) AND (k <= 4339401))
	  ->  Bitmap Index Scan on k_5  (cost=0.00..5.40 rows=97 width=0)
	        Index Cond: ((k >= 4339301) AND (k <= 4339401))

table 6 : explain SELECT k, c FROM sbtest6 WHERE k BETWEEN 4339301 AND 4339401
	Bitmap Heap Scan on sbtest6  (cost=5.52..425.21 rows=106 width=125)
	  Recheck Cond: ((k >= 4339301) AND (k <= 4339401))
	  ->  Bitmap Index Scan on k_6  (cost=0.00..5.50 rows=106 width=0)
	        Index Cond: ((k >= 4339301) AND (k <= 4339401))

table 7 : explain SELECT k, c FROM sbtest7 WHERE k BETWEEN 4339301 AND 4339401
	Bitmap Heap Scan on sbtest7  (cost=5.36..362.12 rows=90 width=125)
	  Recheck Cond: ((k >= 4339301) AND (k <= 4339401))
	  ->  Bitmap Index Scan on k_7  (cost=0.00..5.33 rows=90 width=0)
	        Index Cond: ((k >= 4339301) AND (k <= 4339401))

table 8 : explain SELECT k, c FROM sbtest8 WHERE k BETWEEN 4339301 AND 4339401
	Bitmap Heap Scan on sbtest8  (cost=5.51..421.32 rows=105 width=125)
	  Recheck Cond: ((k >= 4339301) AND (k <= 4339401))
	  ->  Bitmap Index Scan on k_8  (cost=0.00..5.48 rows=105 width=0)
	        Index Cond: ((k >= 4339301) AND (k <= 4339401))

for range-notcovered
table 1 : explain SELECT k, c FROM sbtest1 WHERE k BETWEEN 2768573 AND 2768673
	Bitmap Heap Scan on sbtest1  (cost=5.38..370.12 rows=92 width=125)
	  Recheck Cond: ((k >= 2768573) AND (k <= 2768673))
	  ->  Bitmap Index Scan on k_1  (cost=0.00..5.35 rows=92 width=0)
	        Index Cond: ((k >= 2768573) AND (k <= 2768673))

table 2 : explain SELECT k, c FROM sbtest2 WHERE k BETWEEN 2768573 AND 2768673
	Bitmap Heap Scan on sbtest2  (cost=5.50..417.29 rows=104 width=125)
	  Recheck Cond: ((k >= 2768573) AND (k <= 2768673))
	  ->  Bitmap Index Scan on k_2  (cost=0.00..5.47 rows=104 width=0)
	        Index Cond: ((k >= 2768573) AND (k <= 2768673))

table 3 : explain SELECT k, c FROM sbtest3 WHERE k BETWEEN 2768573 AND 2768673
	Bitmap Heap Scan on sbtest3  (cost=5.54..433.05 rows=108 width=125)
	  Recheck Cond: ((k >= 2768573) AND (k <= 2768673))
	  ->  Bitmap Index Scan on k_3  (cost=0.00..5.51 rows=108 width=0)
	        Index Cond: ((k >= 2768573) AND (k <= 2768673))

table 4 : explain SELECT k, c FROM sbtest4 WHERE k BETWEEN 2768573 AND 2768673
	Bitmap Heap Scan on sbtest4  (cost=5.55..437.04 rows=109 width=125)
	  Recheck Cond: ((k >= 2768573) AND (k <= 2768673))
	  ->  Bitmap Index Scan on k_4  (cost=0.00..5.52 rows=109 width=0)
	        Index Cond: ((k >= 2768573) AND (k <= 2768673))

table 5 : explain SELECT k, c FROM sbtest5 WHERE k BETWEEN 2768573 AND 2768673
	Bitmap Heap Scan on sbtest5  (cost=5.53..429.20 rows=107 width=125)
	  Recheck Cond: ((k >= 2768573) AND (k <= 2768673))
	  ->  Bitmap Index Scan on k_5  (cost=0.00..5.50 rows=107 width=0)
	        Index Cond: ((k >= 2768573) AND (k <= 2768673))

table 6 : explain SELECT k, c FROM sbtest6 WHERE k BETWEEN 2768573 AND 2768673
	Bitmap Heap Scan on sbtest6  (cost=5.57..444.92 rows=111 width=125)
	  Recheck Cond: ((k >= 2768573) AND (k <= 2768673))
	  ->  Bitmap Index Scan on k_6  (cost=0.00..5.54 rows=111 width=0)
	        Index Cond: ((k >= 2768573) AND (k <= 2768673))

table 7 : explain SELECT k, c FROM sbtest7 WHERE k BETWEEN 2768573 AND 2768673
	Bitmap Heap Scan on sbtest7  (cost=5.51..421.30 rows=105 width=125)
	  Recheck Cond: ((k >= 2768573) AND (k <= 2768673))
	  ->  Bitmap Index Scan on k_7  (cost=0.00..5.48 rows=105 width=0)
	        Index Cond: ((k >= 2768573) AND (k <= 2768673))

table 8 : explain SELECT k, c FROM sbtest8 WHERE k BETWEEN 2768573 AND 2768673
	Bitmap Heap Scan on sbtest8  (cost=5.49..413.43 rows=103 width=125)
	  Recheck Cond: ((k >= 2768573) AND (k <= 2768673))
	  ->  Bitmap Index Scan on k_8  (cost=0.00..5.46 rows=103 width=0)
	        Index Cond: ((k >= 2768573) AND (k <= 2768673))

for range-notcovered
table 1 : explain SELECT k, c FROM sbtest1 WHERE k BETWEEN 5001658 AND 5001758
	Bitmap Heap Scan on sbtest1  (cost=5.50..417.49 rows=104 width=125)
	  Recheck Cond: ((k >= 5001658) AND (k <= 5001758))
	  ->  Bitmap Index Scan on k_1  (cost=0.00..5.47 rows=104 width=0)
	        Index Cond: ((k >= 5001658) AND (k <= 5001758))

table 2 : explain SELECT k, c FROM sbtest2 WHERE k BETWEEN 5001658 AND 5001758
	Bitmap Heap Scan on sbtest2  (cost=5.38..369.96 rows=92 width=125)
	  Recheck Cond: ((k >= 5001658) AND (k <= 5001758))
	  ->  Bitmap Index Scan on k_2  (cost=0.00..5.35 rows=92 width=0)
	        Index Cond: ((k >= 5001658) AND (k <= 5001758))

table 3 : explain SELECT k, c FROM sbtest3 WHERE k BETWEEN 5001658 AND 5001758
	Bitmap Heap Scan on sbtest3  (cost=5.35..358.11 rows=89 width=125)
	  Recheck Cond: ((k >= 5001658) AND (k <= 5001758))
	  ->  Bitmap Index Scan on k_3  (cost=0.00..5.32 rows=89 width=0)
	        Index Cond: ((k >= 5001658) AND (k <= 5001758))

table 4 : explain SELECT k, c FROM sbtest4 WHERE k BETWEEN 5001658 AND 5001758
	Bitmap Heap Scan on sbtest4  (cost=5.48..409.44 rows=102 width=125)
	  Recheck Cond: ((k >= 5001658) AND (k <= 5001758))
	  ->  Bitmap Index Scan on k_4  (cost=0.00..5.45 rows=102 width=0)
	        Index Cond: ((k >= 5001658) AND (k <= 5001758))

table 5 : explain SELECT k, c FROM sbtest5 WHERE k BETWEEN 5001658 AND 5001758
	Bitmap Heap Scan on sbtest5  (cost=5.51..421.32 rows=105 width=125)
	  Recheck Cond: ((k >= 5001658) AND (k <= 5001758))
	  ->  Bitmap Index Scan on k_5  (cost=0.00..5.48 rows=105 width=0)
	        Index Cond: ((k >= 5001658) AND (k <= 5001758))

table 6 : explain SELECT k, c FROM sbtest6 WHERE k BETWEEN 5001658 AND 5001758
	Bitmap Heap Scan on sbtest6  (cost=5.50..417.33 rows=104 width=125)
	  Recheck Cond: ((k >= 5001658) AND (k <= 5001758))
	  ->  Bitmap Index Scan on k_6  (cost=0.00..5.47 rows=104 width=0)
	        Index Cond: ((k >= 5001658) AND (k <= 5001758))

table 7 : explain SELECT k, c FROM sbtest7 WHERE k BETWEEN 5001658 AND 5001758
	Bitmap Heap Scan on sbtest7  (cost=5.54..433.13 rows=108 width=125)
	  Recheck Cond: ((k >= 5001658) AND (k <= 5001758))
	  ->  Bitmap Index Scan on k_7  (cost=0.00..5.51 rows=108 width=0)
	        Index Cond: ((k >= 5001658) AND (k <= 5001758))

table 8 : explain SELECT k, c FROM sbtest8 WHERE k BETWEEN 5001658 AND 5001758
	Bitmap Heap Scan on sbtest8  (cost=5.52..425.26 rows=106 width=125)
	  Recheck Cond: ((k >= 5001658) AND (k <= 5001758))
	  ->  Bitmap Index Scan on k_8  (cost=0.00..5.50 rows=106 width=0)
	        Index Cond: ((k >= 5001658) AND (k <= 5001758))

for range-notcovered
table 1 : explain SELECT k, c FROM sbtest1 WHERE k BETWEEN 6515265 AND 6515365
	Bitmap Heap Scan on sbtest1  (cost=5.52..425.38 rows=106 width=125)
	  Recheck Cond: ((k >= 6515265) AND (k <= 6515365))
	  ->  Bitmap Index Scan on k_1  (cost=0.00..5.50 rows=106 width=0)
	        Index Cond: ((k >= 6515265) AND (k <= 6515365))

table 2 : explain SELECT k, c FROM sbtest2 WHERE k BETWEEN 6515265 AND 6515365
	Bitmap Heap Scan on sbtest2  (cost=5.44..393.63 rows=98 width=125)
	  Recheck Cond: ((k >= 6515265) AND (k <= 6515365))
	  ->  Bitmap Index Scan on k_2  (cost=0.00..5.42 rows=98 width=0)
	        Index Cond: ((k >= 6515265) AND (k <= 6515365))

table 3 : explain SELECT k, c FROM sbtest3 WHERE k BETWEEN 6515265 AND 6515365
	Bitmap Heap Scan on sbtest3  (cost=5.51..421.22 rows=105 width=125)
	  Recheck Cond: ((k >= 6515265) AND (k <= 6515365))
	  ->  Bitmap Index Scan on k_3  (cost=0.00..5.48 rows=105 width=0)
	        Index Cond: ((k >= 6515265) AND (k <= 6515365))

table 4 : explain SELECT k, c FROM sbtest4 WHERE k BETWEEN 6515265 AND 6515365
	Bitmap Heap Scan on sbtest4  (cost=5.46..401.55 rows=100 width=125)
	  Recheck Cond: ((k >= 6515265) AND (k <= 6515365))
	  ->  Bitmap Index Scan on k_4  (cost=0.00..5.43 rows=100 width=0)
	        Index Cond: ((k >= 6515265) AND (k <= 6515365))

table 5 : explain SELECT k, c FROM sbtest5 WHERE k BETWEEN 6515265 AND 6515365
	Bitmap Heap Scan on sbtest5  (cost=5.41..381.87 rows=95 width=125)
	  Recheck Cond: ((k >= 6515265) AND (k <= 6515365))
	  ->  Bitmap Index Scan on k_5  (cost=0.00..5.38 rows=95 width=0)
	        Index Cond: ((k >= 6515265) AND (k <= 6515365))

table 6 : explain SELECT k, c FROM sbtest6 WHERE k BETWEEN 6515265 AND 6515365
	Bitmap Heap Scan on sbtest6  (cost=5.46..401.56 rows=100 width=125)
	  Recheck Cond: ((k >= 6515265) AND (k <= 6515365))
	  ->  Bitmap Index Scan on k_6  (cost=0.00..5.43 rows=100 width=0)
	        Index Cond: ((k >= 6515265) AND (k <= 6515365))

table 7 : explain SELECT k, c FROM sbtest7 WHERE k BETWEEN 6515265 AND 6515365
	Bitmap Heap Scan on sbtest7  (cost=5.43..389.75 rows=97 width=125)
	  Recheck Cond: ((k >= 6515265) AND (k <= 6515365))
	  ->  Bitmap Index Scan on k_7  (cost=0.00..5.40 rows=97 width=0)
	        Index Cond: ((k >= 6515265) AND (k <= 6515365))

table 8 : explain SELECT k, c FROM sbtest8 WHERE k BETWEEN 6515265 AND 6515365
	Bitmap Heap Scan on sbtest8  (cost=5.45..397.66 rows=99 width=125)
	  Recheck Cond: ((k >= 6515265) AND (k <= 6515365))
	  ->  Bitmap Index Scan on k_8  (cost=0.00..5.42 rows=99 width=0)
	        Index Cond: ((k >= 6515265) AND (k <= 6515365))


for range-notcovered
table 1 : explain SELECT k, c FROM sbtest1 WHERE k BETWEEN 2389879 AND 2389979
	Bitmap Heap Scan on sbtest1  (cost=5.45..397.76 rows=99 width=125)
	  Recheck Cond: ((k >= 2389879) AND (k <= 2389979))
	  ->  Bitmap Index Scan on k_1  (cost=0.00..5.42 rows=99 width=0)
	        Index Cond: ((k >= 2389879) AND (k <= 2389979))

table 2 : explain SELECT k, c FROM sbtest2 WHERE k BETWEEN 2389879 AND 2389979
	Bitmap Heap Scan on sbtest2  (cost=5.44..393.63 rows=98 width=125)
	  Recheck Cond: ((k >= 2389879) AND (k <= 2389979))
	  ->  Bitmap Index Scan on k_2  (cost=0.00..5.42 rows=98 width=0)
	        Index Cond: ((k >= 2389879) AND (k <= 2389979))

table 3 : explain SELECT k, c FROM sbtest3 WHERE k BETWEEN 2389879 AND 2389979
	Bitmap Heap Scan on sbtest3  (cost=5.51..421.22 rows=105 width=125)
	  Recheck Cond: ((k >= 2389879) AND (k <= 2389979))
	  ->  Bitmap Index Scan on k_3  (cost=0.00..5.48 rows=105 width=0)
	        Index Cond: ((k >= 2389879) AND (k <= 2389979))

table 4 : explain SELECT k, c FROM sbtest4 WHERE k BETWEEN 2389879 AND 2389979
	Bitmap Heap Scan on sbtest4  (cost=5.44..393.67 rows=98 width=125)
	  Recheck Cond: ((k >= 2389879) AND (k <= 2389979))
	  ->  Bitmap Index Scan on k_4  (cost=0.00..5.42 rows=98 width=0)
	        Index Cond: ((k >= 2389879) AND (k <= 2389979))

table 5 : explain SELECT k, c FROM sbtest5 WHERE k BETWEEN 2389879 AND 2389979
	Bitmap Heap Scan on sbtest5  (cost=5.52..425.26 rows=106 width=125)
	  Recheck Cond: ((k >= 2389879) AND (k <= 2389979))
	  ->  Bitmap Index Scan on k_5  (cost=0.00..5.50 rows=106 width=0)
	        Index Cond: ((k >= 2389879) AND (k <= 2389979))

table 6 : explain SELECT k, c FROM sbtest6 WHERE k BETWEEN 2389879 AND 2389979
	Bitmap Heap Scan on sbtest6  (cost=5.46..401.56 rows=100 width=125)
	  Recheck Cond: ((k >= 2389879) AND (k <= 2389979))
	  ->  Bitmap Index Scan on k_6  (cost=0.00..5.43 rows=100 width=0)
	        Index Cond: ((k >= 2389879) AND (k <= 2389979))

table 7 : explain SELECT k, c FROM sbtest7 WHERE k BETWEEN 2389879 AND 2389979
	Bitmap Heap Scan on sbtest7  (cost=5.44..393.69 rows=98 width=125)
	  Recheck Cond: ((k >= 2389879) AND (k <= 2389979))
	  ->  Bitmap Index Scan on k_7  (cost=0.00..5.42 rows=98 width=0)
	        Index Cond: ((k >= 2389879) AND (k <= 2389979))

table 8 : explain SELECT k, c FROM sbtest8 WHERE k BETWEEN 2389879 AND 2389979
	Bitmap Heap Scan on sbtest8  (cost=5.49..413.43 rows=103 width=125)
	  Recheck Cond: ((k >= 2389879) AND (k <= 2389979))
	  ->  Bitmap Index Scan on k_8  (cost=0.00..5.46 rows=103 width=0)
	        Index Cond: ((k >= 2389879) AND (k <= 2389979))

for range-notcovered
table 1 : explain SELECT k, c FROM sbtest1 WHERE k BETWEEN 8314358 AND 8314458
	Bitmap Heap Scan on sbtest1  (cost=5.46..401.71 rows=100 width=125)
	  Recheck Cond: ((k >= 8314358) AND (k <= 8314458))
	  ->  Bitmap Index Scan on k_1  (cost=0.00..5.43 rows=100 width=0)
	        Index Cond: ((k >= 8314358) AND (k <= 8314458))

table 2 : explain SELECT k, c FROM sbtest2 WHERE k BETWEEN 8314358 AND 8314458
	Bitmap Heap Scan on sbtest2  (cost=5.47..405.46 rows=101 width=125)
	  Recheck Cond: ((k >= 8314358) AND (k <= 8314458))
	  ->  Bitmap Index Scan on k_2  (cost=0.00..5.44 rows=101 width=0)
	        Index Cond: ((k >= 8314358) AND (k <= 8314458))

table 3 : explain SELECT k, c FROM sbtest3 WHERE k BETWEEN 8314358 AND 8314458
	Bitmap Heap Scan on sbtest3  (cost=5.49..413.34 rows=103 width=125)
	  Recheck Cond: ((k >= 8314358) AND (k <= 8314458))
	  ->  Bitmap Index Scan on k_3  (cost=0.00..5.46 rows=103 width=0)
	        Index Cond: ((k >= 8314358) AND (k <= 8314458))

table 4 : explain SELECT k, c FROM sbtest4 WHERE k BETWEEN 8314358 AND 8314458
	Bitmap Heap Scan on sbtest4  (cost=5.55..437.04 rows=109 width=125)
	  Recheck Cond: ((k >= 8314358) AND (k <= 8314458))
	  ->  Bitmap Index Scan on k_4  (cost=0.00..5.52 rows=109 width=0)
	        Index Cond: ((k >= 8314358) AND (k <= 8314458))

table 5 : explain SELECT k, c FROM sbtest5 WHERE k BETWEEN 8314358 AND 8314458
	Bitmap Heap Scan on sbtest5  (cost=5.50..417.37 rows=104 width=125)
	  Recheck Cond: ((k >= 8314358) AND (k <= 8314458))
	  ->  Bitmap Index Scan on k_5  (cost=0.00..5.47 rows=104 width=0)
	        Index Cond: ((k >= 8314358) AND (k <= 8314458))

table 6 : explain SELECT k, c FROM sbtest6 WHERE k BETWEEN 8314358 AND 8314458
	Bitmap Heap Scan on sbtest6  (cost=5.46..401.56 rows=100 width=125)
	  Recheck Cond: ((k >= 8314358) AND (k <= 8314458))
	  ->  Bitmap Index Scan on k_6  (cost=0.00..5.43 rows=100 width=0)
	        Index Cond: ((k >= 8314358) AND (k <= 8314458))

table 7 : explain SELECT k, c FROM sbtest7 WHERE k BETWEEN 8314358 AND 8314458
	Bitmap Heap Scan on sbtest7  (cost=5.46..401.58 rows=100 width=125)
	  Recheck Cond: ((k >= 8314358) AND (k <= 8314458))
	  ->  Bitmap Index Scan on k_7  (cost=0.00..5.43 rows=100 width=0)
	        Index Cond: ((k >= 8314358) AND (k <= 8314458))

table 8 : explain SELECT k, c FROM sbtest8 WHERE k BETWEEN 8314358 AND 8314458
	Bitmap Heap Scan on sbtest8  (cost=5.40..377.92 rows=94 width=125)
	  Recheck Cond: ((k >= 8314358) AND (k <= 8314458))
	  ->  Bitmap Index Scan on k_8  (cost=0.00..5.38 rows=94 width=0)
	        Index Cond: ((k >= 8314358) AND (k <= 8314458))

explain: for range-notcovered :: explain SELECT k, c FROM sbtest%d WHERE k BETWEEN 5520301 AND 5520401

for range-notcovered
table 1 : explain SELECT k, c FROM sbtest1 WHERE k BETWEEN 4481903 AND 4482003
	Bitmap Heap Scan on sbtest1  (cost=5.48..409.60 rows=102 width=125)
	  Recheck Cond: ((k >= 4481903) AND (k <= 4482003))
	  ->  Bitmap Index Scan on k_1  (cost=0.00..5.45 rows=102 width=0)
	        Index Cond: ((k >= 4481903) AND (k <= 4482003))

table 2 : explain SELECT k, c FROM sbtest2 WHERE k BETWEEN 4481903 AND 4482003
	Bitmap Heap Scan on sbtest2  (cost=5.39..373.91 rows=93 width=125)
	  Recheck Cond: ((k >= 4481903) AND (k <= 4482003))
	  ->  Bitmap Index Scan on k_2  (cost=0.00..5.36 rows=93 width=0)
	        Index Cond: ((k >= 4481903) AND (k <= 4482003))

table 3 : explain SELECT k, c FROM sbtest3 WHERE k BETWEEN 4481903 AND 4482003
	Bitmap Heap Scan on sbtest3  (cost=5.52..425.16 rows=106 width=125)
	  Recheck Cond: ((k >= 4481903) AND (k <= 4482003))
	  ->  Bitmap Index Scan on k_3  (cost=0.00..5.50 rows=106 width=0)
	        Index Cond: ((k >= 4481903) AND (k <= 4482003))

table 4 : explain SELECT k, c FROM sbtest4 WHERE k BETWEEN 4481903 AND 4482003
	Bitmap Heap Scan on sbtest4  (cost=5.56..440.98 rows=110 width=125)
	  Recheck Cond: ((k >= 4481903) AND (k <= 4482003))
	  ->  Bitmap Index Scan on k_4  (cost=0.00..5.53 rows=110 width=0)
	        Index Cond: ((k >= 4481903) AND (k <= 4482003))

table 5 : explain SELECT k, c FROM sbtest5 WHERE k BETWEEN 4481903 AND 4482003
	Bitmap Heap Scan on sbtest5  (cost=5.45..397.65 rows=99 width=125)
	  Recheck Cond: ((k >= 4481903) AND (k <= 4482003))
	  ->  Bitmap Index Scan on k_5  (cost=0.00..5.42 rows=99 width=0)
	        Index Cond: ((k >= 4481903) AND (k <= 4482003))

table 6 : explain SELECT k, c FROM sbtest6 WHERE k BETWEEN 4481903 AND 4482003
	Bitmap Heap Scan on sbtest6  (cost=5.38..369.99 rows=92 width=125)
	  Recheck Cond: ((k >= 4481903) AND (k <= 4482003))
	  ->  Bitmap Index Scan on k_6  (cost=0.00..5.35 rows=92 width=0)
	        Index Cond: ((k >= 4481903) AND (k <= 4482003))

table 7 : explain SELECT k, c FROM sbtest7 WHERE k BETWEEN 4481903 AND 4482003
	Bitmap Heap Scan on sbtest7  (cost=5.43..389.75 rows=97 width=125)
	  Recheck Cond: ((k >= 4481903) AND (k <= 4482003))
	  ->  Bitmap Index Scan on k_7  (cost=0.00..5.40 rows=97 width=0)
	        Index Cond: ((k >= 4481903) AND (k <= 4482003))

table 8 : explain SELECT k, c FROM sbtest8 WHERE k BETWEEN 4481903 AND 4482003
	Bitmap Heap Scan on sbtest8  (cost=5.49..413.43 rows=103 width=125)
	  Recheck Cond: ((k >= 4481903) AND (k <= 4482003))
	  ->  Bitmap Index Scan on k_8  (cost=0.00..5.46 rows=103 width=0)
	        Index Cond: ((k >= 4481903) AND (k <= 4482003))

explain: for range-notcovered :: explain SELECT k, c FROM sbtest%d WHERE k BETWEEN 2389879 AND 2389979
explain: for range-notcovered :: explain SELECT k, c FROM sbtest%d WHERE k BETWEEN 4339301 AND 4339401
explain: for range-notcovered :: explain SELECT k, c FROM sbtest%d WHERE k BETWEEN 8430366 AND 8430466
for range-notcovered
table 1 : explain SELECT k, c FROM sbtest1 WHERE k BETWEEN 5984951 AND 5985051
	Bitmap Heap Scan on sbtest1  (cost=5.50..417.49 rows=104 width=125)
	  Recheck Cond: ((k >= 5984951) AND (k <= 5985051))
	  ->  Bitmap Index Scan on k_1  (cost=0.00..5.47 rows=104 width=0)
	        Index Cond: ((k >= 5984951) AND (k <= 5985051))

table 2 : explain SELECT k, c FROM sbtest2 WHERE k BETWEEN 5984951 AND 5985051
	Bitmap Heap Scan on sbtest2  (cost=5.50..417.29 rows=104 width=125)
	  Recheck Cond: ((k >= 5984951) AND (k <= 5985051))
	  ->  Bitmap Index Scan on k_2  (cost=0.00..5.47 rows=104 width=0)
	        Index Cond: ((k >= 5984951) AND (k <= 5985051))

table 3 : explain SELECT k, c FROM sbtest3 WHERE k BETWEEN 5984951 AND 5985051
	Bitmap Heap Scan on sbtest3  (cost=5.50..417.28 rows=104 width=125)
	  Recheck Cond: ((k >= 5984951) AND (k <= 5985051))
	  ->  Bitmap Index Scan on k_3  (cost=0.00..5.47 rows=104 width=0)
	        Index Cond: ((k >= 5984951) AND (k <= 5985051))

table 4 : explain SELECT k, c FROM sbtest4 WHERE k BETWEEN 5984951 AND 5985051
	Bitmap Heap Scan on sbtest4  (cost=5.43..389.72 rows=97 width=125)
	  Recheck Cond: ((k >= 5984951) AND (k <= 5985051))
	  ->  Bitmap Index Scan on k_4  (cost=0.00..5.40 rows=97 width=0)
	        Index Cond: ((k >= 5984951) AND (k <= 5985051))

table 5 : explain SELECT k, c FROM sbtest5 WHERE k BETWEEN 5984951 AND 5985051
	Bitmap Heap Scan on sbtest5  (cost=5.51..421.32 rows=105 width=125)
	  Recheck Cond: ((k >= 5984951) AND (k <= 5985051))
	  ->  Bitmap Index Scan on k_5  (cost=0.00..5.48 rows=105 width=0)
	        Index Cond: ((k >= 5984951) AND (k <= 5985051))

table 6 : explain SELECT k, c FROM sbtest6 WHERE k BETWEEN 5984951 AND 5985051
	Bitmap Heap Scan on sbtest6  (cost=5.43..389.72 rows=97 width=125)
	  Recheck Cond: ((k >= 5984951) AND (k <= 5985051))
	  ->  Bitmap Index Scan on k_6  (cost=0.00..5.40 rows=97 width=0)
	        Index Cond: ((k >= 5984951) AND (k <= 5985051))

table 7 : explain SELECT k, c FROM sbtest7 WHERE k BETWEEN 5984951 AND 5985051
	Bitmap Heap Scan on sbtest7  (cost=5.53..429.19 rows=107 width=125)
	  Recheck Cond: ((k >= 5984951) AND (k <= 5985051))
	  ->  Bitmap Index Scan on k_7  (cost=0.00..5.50 rows=107 width=0)
	        Index Cond: ((k >= 5984951) AND (k <= 5985051))

table 8 : explain SELECT k, c FROM sbtest8 WHERE k BETWEEN 5984951 AND 5985051
	Bitmap Heap Scan on sbtest8  (cost=5.49..413.43 rows=103 width=125)
	  Recheck Cond: ((k >= 5984951) AND (k <= 5985051))
	  ->  Bitmap Index Scan on k_8  (cost=0.00..5.46 rows=103 width=0)
	        Index Cond: ((k >= 5984951) AND (k <= 5985051))

for range-notcovered
table 1 : explain SELECT k, c FROM sbtest1 WHERE k BETWEEN 6392831 AND 6392931
	Bitmap Heap Scan on sbtest1  (cost=5.41..381.97 rows=95 width=125)
	  Recheck Cond: ((k >= 6392831) AND (k <= 6392931))
	  ->  Bitmap Index Scan on k_1  (cost=0.00..5.38 rows=95 width=0)
	        Index Cond: ((k >= 6392831) AND (k <= 6392931))

table 2 : explain SELECT k, c FROM sbtest2 WHERE k BETWEEN 6392831 AND 6392931
	Bitmap Heap Scan on sbtest2  (cost=5.49..413.35 rows=103 width=125)
	  Recheck Cond: ((k >= 6392831) AND (k <= 6392931))
	  ->  Bitmap Index Scan on k_2  (cost=0.00..5.46 rows=103 width=0)
	        Index Cond: ((k >= 6392831) AND (k <= 6392931))

table 3 : explain SELECT k, c FROM sbtest3 WHERE k BETWEEN 6392831 AND 6392931
	Bitmap Heap Scan on sbtest3  (cost=5.46..401.51 rows=100 width=125)
	  Recheck Cond: ((k >= 6392831) AND (k <= 6392931))
	  ->  Bitmap Index Scan on k_3  (cost=0.00..5.43 rows=100 width=0)
	        Index Cond: ((k >= 6392831) AND (k <= 6392931))

table 4 : explain SELECT k, c FROM sbtest4 WHERE k BETWEEN 6392831 AND 6392931
	Bitmap Heap Scan on sbtest4  (cost=5.55..437.04 rows=109 width=125)
	  Recheck Cond: ((k >= 6392831) AND (k <= 6392931))
	  ->  Bitmap Index Scan on k_4  (cost=0.00..5.52 rows=109 width=0)
	        Index Cond: ((k >= 6392831) AND (k <= 6392931))

table 5 : explain SELECT k, c FROM sbtest5 WHERE k BETWEEN 6392831 AND 6392931
	Bitmap Heap Scan on sbtest5  (cost=5.40..377.92 rows=94 width=125)
	  Recheck Cond: ((k >= 6392831) AND (k <= 6392931))
	  ->  Bitmap Index Scan on k_5  (cost=0.00..5.38 rows=94 width=0)
	        Index Cond: ((k >= 6392831) AND (k <= 6392931))

table 6 : explain SELECT k, c FROM sbtest6 WHERE k BETWEEN 6392831 AND 6392931
	Bitmap Heap Scan on sbtest6  (cost=5.55..437.04 rows=109 width=125)
	  Recheck Cond: ((k >= 6392831) AND (k <= 6392931))
	  ->  Bitmap Index Scan on k_6  (cost=0.00..5.52 rows=109 width=0)
	        Index Cond: ((k >= 6392831) AND (k <= 6392931))

table 7 : explain SELECT k, c FROM sbtest7 WHERE k BETWEEN 6392831 AND 6392931
	Bitmap Heap Scan on sbtest7  (cost=5.54..433.13 rows=108 width=125)
	  Recheck Cond: ((k >= 6392831) AND (k <= 6392931))
	  ->  Bitmap Index Scan on k_7  (cost=0.00..5.51 rows=108 width=0)
	        Index Cond: ((k >= 6392831) AND (k <= 6392931))

table 8 : explain SELECT k, c FROM sbtest8 WHERE k BETWEEN 6392831 AND 6392931
	Bitmap Heap Scan on sbtest8  (cost=5.49..413.43 rows=103 width=125)
	  Recheck Cond: ((k >= 6392831) AND (k <= 6392931))
	  ->  Bitmap Index Scan on k_8  (cost=0.00..5.46 rows=103 width=0)
	        Index Cond: ((k >= 6392831) AND (k <= 6392931))

explain: for range-notcovered :: explain SELECT k, c FROM sbtest%d WHERE k BETWEEN 6515265 AND 6515365for range-notcovered
table 1 : explain SELECT k, c FROM sbtest1 WHERE k BETWEEN 3057141 AND 3057241
	Bitmap Heap Scan on sbtest1  (cost=5.51..421.43 rows=105 width=125)
	  Recheck Cond: ((k >= 3057141) AND (k <= 3057241))
	  ->  Bitmap Index Scan on k_1  (cost=0.00..5.48 rows=105 width=0)
	        Index Cond: ((k >= 3057141) AND (k <= 3057241))

table 2 : explain SELECT k, c FROM sbtest2 WHERE k BETWEEN 3057141 AND 3057241
	Bitmap Heap Scan on sbtest2  (cost=5.41..381.80 rows=95 width=125)
	  Recheck Cond: ((k >= 3057141) AND (k <= 3057241))
	  ->  Bitmap Index Scan on k_2  (cost=0.00..5.38 rows=95 width=0)
	        Index Cond: ((k >= 3057141) AND (k <= 3057241))

table 3 : explain SELECT k, c FROM sbtest3 WHERE k BETWEEN 3057141 AND 3057241
	Bitmap Heap Scan on sbtest3  (cost=5.50..417.28 rows=104 width=125)
	  Recheck Cond: ((k >= 3057141) AND (k <= 3057241))
	  ->  Bitmap Index Scan on k_3  (cost=0.00..5.47 rows=104 width=0)
	        Index Cond: ((k >= 3057141) AND (k <= 3057241))

table 4 : explain SELECT k, c FROM sbtest4 WHERE k BETWEEN 3057141 AND 3057241
	Bitmap Heap Scan on sbtest4  (cost=5.54..433.09 rows=108 width=125)
	  Recheck Cond: ((k >= 3057141) AND (k <= 3057241))
	  ->  Bitmap Index Scan on k_4  (cost=0.00..5.51 rows=108 width=0)
	        Index Cond: ((k >= 3057141) AND (k <= 3057241))

table 5 : explain SELECT k, c FROM sbtest5 WHERE k BETWEEN 3057141 AND 3057241
	Bitmap Heap Scan on sbtest5  (cost=5.54..433.14 rows=108 width=125)
	  Recheck Cond: ((k >= 3057141) AND (k <= 3057241))
	  ->  Bitmap Index Scan on k_5  (cost=0.00..5.51 rows=108 width=0)
	        Index Cond: ((k >= 3057141) AND (k <= 3057241))

table 6 : explain SELECT k, c FROM sbtest6 WHERE k BETWEEN 3057141 AND 3057241
	Bitmap Heap Scan on sbtest6  (cost=5.44..393.67 rows=98 width=125)
	  Recheck Cond: ((k >= 3057141) AND (k <= 3057241))
	  ->  Bitmap Index Scan on k_6  (cost=0.00..5.42 rows=98 width=0)
	        Index Cond: ((k >= 3057141) AND (k <= 3057241))

table 7 : explain SELECT k, c FROM sbtest7 WHERE k BETWEEN 3057141 AND 3057241
	Bitmap Heap Scan on sbtest7  (cost=5.57..444.95 rows=111 width=125)
	  Recheck Cond: ((k >= 3057141) AND (k <= 3057241))
	  ->  Bitmap Index Scan on k_7  (cost=0.00..5.54 rows=111 width=0)
	        Index Cond: ((k >= 3057141) AND (k <= 3057241))

table 8 : explain SELECT k, c FROM sbtest8 WHERE k BETWEEN 3057141 AND 3057241
	Bitmap Heap Scan on sbtest8  (cost=5.44..393.71 rows=98 width=125)
	  Recheck Cond: ((k >= 3057141) AND (k <= 3057241))
	  ->  Bitmap Index Scan on k_8  (cost=0.00..5.42 rows=98 width=0)
	        Index Cond: ((k >= 3057141) AND (k <= 3057241))

for range-notcovered
table 1 : explain SELECT k, c FROM sbtest1 WHERE k BETWEEN 3928970 AND 3929070
	Bitmap Heap Scan on sbtest1  (cost=5.43..389.87 rows=97 width=125)
	  Recheck Cond: ((k >= 3928970) AND (k <= 3929070))
	  ->  Bitmap Index Scan on k_1  (cost=0.00..5.40 rows=97 width=0)
	        Index Cond: ((k >= 3928970) AND (k <= 3929070))

table 2 : explain SELECT k, c FROM sbtest2 WHERE k BETWEEN 3928970 AND 3929070
	Bitmap Heap Scan on sbtest2  (cost=5.37..366.01 rows=91 width=125)
	  Recheck Cond: ((k >= 3928970) AND (k <= 3929070))
	  ->  Bitmap Index Scan on k_2  (cost=0.00..5.34 rows=91 width=0)
	        Index Cond: ((k >= 3928970) AND (k <= 3929070))

table 3 : explain SELECT k, c FROM sbtest3 WHERE k BETWEEN 3928970 AND 3929070
	Bitmap Heap Scan on sbtest3  (cost=5.55..436.99 rows=109 width=125)
	  Recheck Cond: ((k >= 3928970) AND (k <= 3929070))
	  ->  Bitmap Index Scan on k_3  (cost=0.00..5.52 rows=109 width=0)
	        Index Cond: ((k >= 3928970) AND (k <= 3929070))

table 4 : explain SELECT k, c FROM sbtest4 WHERE k BETWEEN 3928970 AND 3929070
	Bitmap Heap Scan on sbtest4  (cost=5.51..421.27 rows=105 width=125)
	  Recheck Cond: ((k >= 3928970) AND (k <= 3929070))
	  ->  Bitmap Index Scan on k_4  (cost=0.00..5.48 rows=105 width=0)
	        Index Cond: ((k >= 3928970) AND (k <= 3929070))

table 5 : explain SELECT k, c FROM sbtest5 WHERE k BETWEEN 3928970 AND 3929070
	Bitmap Heap Scan on sbtest5  (cost=5.60..456.79 rows=114 width=125)
	  Recheck Cond: ((k >= 3928970) AND (k <= 3929070))
	  ->  Bitmap Index Scan on k_5  (cost=0.00..5.58 rows=114 width=0)
	        Index Cond: ((k >= 3928970) AND (k <= 3929070))

table 6 : explain SELECT k, c FROM sbtest6 WHERE k BETWEEN 3928970 AND 3929070
	Bitmap Heap Scan on sbtest6  (cost=5.48..409.44 rows=102 width=125)
	  Recheck Cond: ((k >= 3928970) AND (k <= 3929070))
	  ->  Bitmap Index Scan on k_6  (cost=0.00..5.45 rows=102 width=0)
	        Index Cond: ((k >= 3928970) AND (k <= 3929070))

table 7 : explain SELECT k, c FROM sbtest7 WHERE k BETWEEN 3928970 AND 3929070
	Bitmap Heap Scan on sbtest7  (cost=5.45..397.64 rows=99 width=125)
	  Recheck Cond: ((k >= 3928970) AND (k <= 3929070))
	  ->  Bitmap Index Scan on k_7  (cost=0.00..5.42 rows=99 width=0)
	        Index Cond: ((k >= 3928970) AND (k <= 3929070))

table 8 : explain SELECT k, c FROM sbtest8 WHERE k BETWEEN 3928970 AND 3929070
	Bitmap Heap Scan on sbtest8  (cost=5.49..413.43 rows=103 width=125)
	  Recheck Cond: ((k >= 3928970) AND (k <= 3929070))
	  ->  Bitmap Index Scan on k_8  (cost=0.00..5.46 rows=103 width=0)
	        Index Cond: ((k >= 3928970) AND (k <= 3929070))

explain: for range-notcovered :: explain SELECT k, c FROM sbtest%d WHERE k BETWEEN 4481903 AND 4482003
explain: for range-notcovered :: explain SELECT k, c FROM sbtest%d WHERE k BETWEEN 5001658 AND 5001758

for range-notcovered
table 1 : explain SELECT k, c FROM sbtest1 WHERE k BETWEEN 4856690 AND 4856790
	Bitmap Heap Scan on sbtest1  (cost=5.49..413.54 rows=103 width=125)
	  Recheck Cond: ((k >= 4856690) AND (k <= 4856790))
	  ->  Bitmap Index Scan on k_1  (cost=0.00..5.46 rows=103 width=0)
	        Index Cond: ((k >= 4856690) AND (k <= 4856790))

table 2 : explain SELECT k, c FROM sbtest2 WHERE k BETWEEN 4856690 AND 4856790
	Bitmap Heap Scan on sbtest2  (cost=5.54..433.06 rows=108 width=125)
	  Recheck Cond: ((k >= 4856690) AND (k <= 4856790))
	  ->  Bitmap Index Scan on k_2  (cost=0.00..5.51 rows=108 width=0)
	        Index Cond: ((k >= 4856690) AND (k <= 4856790))

table 3 : explain SELECT k, c FROM sbtest3 WHERE k BETWEEN 4856690 AND 4856790
	Bitmap Heap Scan on sbtest3  (cost=5.50..417.28 rows=104 width=125)
	  Recheck Cond: ((k >= 4856690) AND (k <= 4856790))
	  ->  Bitmap Index Scan on k_3  (cost=0.00..5.47 rows=104 width=0)
	        Index Cond: ((k >= 4856690) AND (k <= 4856790))

table 4 : explain SELECT k, c FROM sbtest4 WHERE k BETWEEN 4856690 AND 4856790
	Bitmap Heap Scan on sbtest4  (cost=5.51..421.27 rows=105 width=125)
	  Recheck Cond: ((k >= 4856690) AND (k <= 4856790))
	  ->  Bitmap Index Scan on k_4  (cost=0.00..5.48 rows=105 width=0)
	        Index Cond: ((k >= 4856690) AND (k <= 4856790))

table 5 : explain SELECT k, c FROM sbtest5 WHERE k BETWEEN 4856690 AND 4856790
	Bitmap Heap Scan on sbtest5  (cost=5.45..397.65 rows=99 width=125)
	  Recheck Cond: ((k >= 4856690) AND (k <= 4856790))
	  ->  Bitmap Index Scan on k_5  (cost=0.00..5.42 rows=99 width=0)
	        Index Cond: ((k >= 4856690) AND (k <= 4856790))

table 6 : explain SELECT k, c FROM sbtest6 WHERE k BETWEEN 4856690 AND 4856790
	Bitmap Heap Scan on sbtest6  (cost=5.40..377.88 rows=94 width=125)
	  Recheck Cond: ((k >= 4856690) AND (k <= 4856790))
	  ->  Bitmap Index Scan on k_6  (cost=0.00..5.38 rows=94 width=0)
	        Index Cond: ((k >= 4856690) AND (k <= 4856790))

table 7 : explain SELECT k, c FROM sbtest7 WHERE k BETWEEN 4856690 AND 4856790
	Bitmap Heap Scan on sbtest7  (cost=5.57..444.95 rows=111 width=125)
	  Recheck Cond: ((k >= 4856690) AND (k <= 4856790))
	  ->  Bitmap Index Scan on k_7  (cost=0.00..5.54 rows=111 width=0)
	        Index Cond: ((k >= 4856690) AND (k <= 4856790))

table 8 : explain SELECT k, c FROM sbtest8 WHERE k BETWEEN 4856690 AND 4856790
	Bitmap Heap Scan on sbtest8  (cost=5.69..488.29 rows=122 width=125)
	  Recheck Cond: ((k >= 4856690) AND (k <= 4856790))
	  ->  Bitmap Index Scan on k_8  (cost=0.00..5.65 rows=122 width=0)
	        Index Cond: ((k >= 4856690) AND (k <= 4856790))
explain: for range-notcovered :: explain SELECT k, c FROM sbtest%d WHERE k BETWEEN 5984951 AND 5985051explain: for range-notcovered :: explain SELECT k, c FROM sbtest%d WHERE k BETWEEN 6392831 AND 6392931explain: for range-notcovered :: explain SELECT k, c FROM sbtest%d WHERE k BETWEEN 3057141 AND 3057241
for range-notcovered
table 1 : explain SELECT k, c FROM sbtest1 WHERE k BETWEEN 6238724 AND 6238824
	Bitmap Heap Scan on sbtest1  (cost=5.46..401.71 rows=100 width=125)
	  Recheck Cond: ((k >= 6238724) AND (k <= 6238824))
	  ->  Bitmap Index Scan on k_1  (cost=0.00..5.43 rows=100 width=0)
	        Index Cond: ((k >= 6238724) AND (k <= 6238824))

table 2 : explain SELECT k, c FROM sbtest2 WHERE k BETWEEN 6238724 AND 6238824
	Bitmap Heap Scan on sbtest2  (cost=5.47..405.46 rows=101 width=125)
	  Recheck Cond: ((k >= 6238724) AND (k <= 6238824))
	  ->  Bitmap Index Scan on k_2  (cost=0.00..5.44 rows=101 width=0)
	        Index Cond: ((k >= 6238724) AND (k <= 6238824))

table 3 : explain SELECT k, c FROM sbtest3 WHERE k BETWEEN 6238724 AND 6238824
	Bitmap Heap Scan on sbtest3  (cost=5.52..425.16 rows=106 width=125)
	  Recheck Cond: ((k >= 6238724) AND (k <= 6238824))
	  ->  Bitmap Index Scan on k_3  (cost=0.00..5.50 rows=106 width=0)
	        Index Cond: ((k >= 6238724) AND (k <= 6238824))

table 4 : explain SELECT k, c FROM sbtest4 WHERE k BETWEEN 6238724 AND 6238824
	Bitmap Heap Scan on sbtest4  (cost=5.57..444.92 rows=111 width=125)
	  Recheck Cond: ((k >= 6238724) AND (k <= 6238824))
	  ->  Bitmap Index Scan on k_4  (cost=0.00..5.54 rows=111 width=0)
	        Index Cond: ((k >= 6238724) AND (k <= 6238824))

table 5 : explain SELECT k, c FROM sbtest5 WHERE k BETWEEN 6238724 AND 6238824
	Bitmap Heap Scan on sbtest5  (cost=5.44..393.71 rows=98 width=125)
	  Recheck Cond: ((k >= 6238724) AND (k <= 6238824))
	  ->  Bitmap Index Scan on k_5  (cost=0.00..5.42 rows=98 width=0)
	        Index Cond: ((k >= 6238724) AND (k <= 6238824))

table 6 : explain SELECT k, c FROM sbtest6 WHERE k BETWEEN 6238724 AND 6238824
	Bitmap Heap Scan on sbtest6  (cost=5.39..373.94 rows=93 width=125)
	  Recheck Cond: ((k >= 6238724) AND (k <= 6238824))
	  ->  Bitmap Index Scan on k_6  (cost=0.00..5.36 rows=93 width=0)
	        Index Cond: ((k >= 6238724) AND (k <= 6238824))

table 7 : explain SELECT k, c FROM sbtest7 WHERE k BETWEEN 6238724 AND 6238824
	Bitmap Heap Scan on sbtest7  (cost=5.53..429.19 rows=107 width=125)
	  Recheck Cond: ((k >= 6238724) AND (k <= 6238824))
	  ->  Bitmap Index Scan on k_7  (cost=0.00..5.50 rows=107 width=0)
	        Index Cond: ((k >= 6238724) AND (k <= 6238824))

table 8 : explain SELECT k, c FROM sbtest8 WHERE k BETWEEN 6238724 AND 6238824
	Bitmap Heap Scan on sbtest8  (cost=5.41..381.87 rows=95 width=125)
	  Recheck Cond: ((k >= 6238724) AND (k <= 6238824))
	  ->  Bitmap Index Scan on k_8  (cost=0.00..5.38 rows=95 width=0)
	        Index Cond: ((k >= 6238724) AND (k <= 6238824))

for range-notcovered
table 1 : explain SELECT k, c FROM sbtest1 WHERE k BETWEEN 2619940 AND 2620040
	Bitmap Heap Scan on sbtest1  (cost=5.49..413.54 rows=103 width=125)
	  Recheck Cond: ((k >= 2619940) AND (k <= 2620040))
	  ->  Bitmap Index Scan on k_1  (cost=0.00..5.46 rows=103 width=0)
	        Index Cond: ((k >= 2619940) AND (k <= 2620040))

table 2 : explain SELECT k, c FROM sbtest2 WHERE k BETWEEN 2619940 AND 2620040
	Bitmap Heap Scan on sbtest2  (cost=5.55..437.00 rows=109 width=125)
	  Recheck Cond: ((k >= 2619940) AND (k <= 2620040))
	  ->  Bitmap Index Scan on k_2  (cost=0.00..5.52 rows=109 width=0)
	        Index Cond: ((k >= 2619940) AND (k <= 2620040))

table 3 : explain SELECT k, c FROM sbtest3 WHERE k BETWEEN 2619940 AND 2620040
	Bitmap Heap Scan on sbtest3  (cost=5.48..409.40 rows=102 width=125)
	  Recheck Cond: ((k >= 2619940) AND (k <= 2620040))
	  ->  Bitmap Index Scan on k_3  (cost=0.00..5.45 rows=102 width=0)
	        Index Cond: ((k >= 2619940) AND (k <= 2620040))

table 4 : explain SELECT k, c FROM sbtest4 WHERE k BETWEEN 2619940 AND 2620040
	Bitmap Heap Scan on sbtest4  (cost=5.39..373.94 rows=93 width=125)
	  Recheck Cond: ((k >= 2619940) AND (k <= 2620040))
	  ->  Bitmap Index Scan on k_4  (cost=0.00..5.36 rows=93 width=0)
	        Index Cond: ((k >= 2619940) AND (k <= 2620040))

table 5 : explain SELECT k, c FROM sbtest5 WHERE k BETWEEN 2619940 AND 2620040
	Bitmap Heap Scan on sbtest5  (cost=5.43..389.76 rows=97 width=125)
	  Recheck Cond: ((k >= 2619940) AND (k <= 2620040))
	  ->  Bitmap Index Scan on k_5  (cost=0.00..5.40 rows=97 width=0)
	        Index Cond: ((k >= 2619940) AND (k <= 2620040))

table 6 : explain SELECT k, c FROM sbtest6 WHERE k BETWEEN 2619940 AND 2620040
	Bitmap Heap Scan on sbtest6  (cost=5.51..421.27 rows=105 width=125)
	  Recheck Cond: ((k >= 2619940) AND (k <= 2620040))
	  ->  Bitmap Index Scan on k_6  (cost=0.00..5.48 rows=105 width=0)
	        Index Cond: ((k >= 2619940) AND (k <= 2620040))

table 7 : explain SELECT k, c FROM sbtest7 WHERE k BETWEEN 2619940 AND 2620040
	Bitmap Heap Scan on sbtest7  (cost=5.56..441.01 rows=110 width=125)
	  Recheck Cond: ((k >= 2619940) AND (k <= 2620040))
	  ->  Bitmap Index Scan on k_7  (cost=0.00..5.53 rows=110 width=0)
	        Index Cond: ((k >= 2619940) AND (k <= 2620040))

table 8 : explain SELECT k, c FROM sbtest8 WHERE k BETWEEN 2619940 AND 2620040
	Bitmap Heap Scan on sbtest8  (cost=5.55..437.09 rows=109 width=125)
	  Recheck Cond: ((k >= 2619940) AND (k <= 2620040))
	  ->  Bitmap Index Scan on k_8  (cost=0.00..5.52 rows=109 width=0)
	        Index Cond: ((k >= 2619940) AND (k <= 2620040))

explain: for range-notcovered :: explain SELECT k, c FROM sbtest%d WHERE k BETWEEN 1754192 AND 1754292

for range-notcovered
table 1 : explain SELECT k, c FROM sbtest1 WHERE k BETWEEN 991256 AND 991356
	Bitmap Heap Scan on sbtest1  (cost=5.44..393.81 rows=98 width=125)
	  Recheck Cond: ((k >= 991256) AND (k <= 991356))
	  ->  Bitmap Index Scan on k_1  (cost=0.00..5.42 rows=98 width=0)
	        Index Cond: ((k >= 991256) AND (k <= 991356))

table 2 : explain SELECT k, c FROM sbtest2 WHERE k BETWEEN 991256 AND 991356
	Bitmap Heap Scan on sbtest2  (cost=5.48..409.41 rows=102 width=125)
	  Recheck Cond: ((k >= 991256) AND (k <= 991356))
	  ->  Bitmap Index Scan on k_2  (cost=0.00..5.45 rows=102 width=0)
	        Index Cond: ((k >= 991256) AND (k <= 991356))

table 3 : explain SELECT k, c FROM sbtest3 WHERE k BETWEEN 991256 AND 991356
	Bitmap Heap Scan on sbtest3  (cost=5.39..373.90 rows=93 width=125)
	  Recheck Cond: ((k >= 991256) AND (k <= 991356))
	  ->  Bitmap Index Scan on k_3  (cost=0.00..5.36 rows=93 width=0)
	        Index Cond: ((k >= 991256) AND (k <= 991356))

table 4 : explain SELECT k, c FROM sbtest4 WHERE k BETWEEN 991256 AND 991356
	Bitmap Heap Scan on sbtest4  (cost=5.52..425.21 rows=106 width=125)
	  Recheck Cond: ((k >= 991256) AND (k <= 991356))
	  ->  Bitmap Index Scan on k_4  (cost=0.00..5.50 rows=106 width=0)
	        Index Cond: ((k >= 991256) AND (k <= 991356))

table 5 : explain SELECT k, c FROM sbtest5 WHERE k BETWEEN 991256 AND 991356
	Bitmap Heap Scan on sbtest5  (cost=5.47..405.54 rows=101 width=125)
	  Recheck Cond: ((k >= 991256) AND (k <= 991356))
	  ->  Bitmap Index Scan on k_5  (cost=0.00..5.44 rows=101 width=0)
	        Index Cond: ((k >= 991256) AND (k <= 991356))

table 6 : explain SELECT k, c FROM sbtest6 WHERE k BETWEEN 991256 AND 991356
	Bitmap Heap Scan on sbtest6  (cost=5.39..373.94 rows=93 width=125)
	  Recheck Cond: ((k >= 991256) AND (k <= 991356))
	  ->  Bitmap Index Scan on k_6  (cost=0.00..5.36 rows=93 width=0)
	        Index Cond: ((k >= 991256) AND (k <= 991356))

table 7 : explain SELECT k, c FROM sbtest7 WHERE k BETWEEN 991256 AND 991356
	Bitmap Heap Scan on sbtest7  (cost=5.39..373.96 rows=93 width=125)
	  Recheck Cond: ((k >= 991256) AND (k <= 991356))
	  ->  Bitmap Index Scan on k_7  (cost=0.00..5.36 rows=93 width=0)
	        Index Cond: ((k >= 991256) AND (k <= 991356))

table 8 : explain SELECT k, c FROM sbtest8 WHERE k BETWEEN 991256 AND 991356
	Bitmap Heap Scan on sbtest8  (cost=5.52..425.26 rows=106 width=125)
	  Recheck Cond: ((k >= 991256) AND (k <= 991356))
	  ->  Bitmap Index Scan on k_8  (cost=0.00..5.50 rows=106 width=0)
	        Index Cond: ((k >= 991256) AND (k <= 991356))


for range-notcovered
table 1 : explain SELECT k, c FROM sbtest1 WHERE k BETWEEN 5367980 AND 5368080
	Bitmap Heap Scan on sbtest1  (cost=5.46..401.71 rows=100 width=125)
	  Recheck Cond: ((k >= 5367980) AND (k <= 5368080))
	  ->  Bitmap Index Scan on k_1  (cost=0.00..5.43 rows=100 width=0)
	        Index Cond: ((k >= 5367980) AND (k <= 5368080))

table 2 : explain SELECT k, c FROM sbtest2 WHERE k BETWEEN 5367980 AND 5368080
	Bitmap Heap Scan on sbtest2  (cost=5.48..409.41 rows=102 width=125)
	  Recheck Cond: ((k >= 5367980) AND (k <= 5368080))
	  ->  Bitmap Index Scan on k_2  (cost=0.00..5.45 rows=102 width=0)
	        Index Cond: ((k >= 5367980) AND (k <= 5368080))

table 3 : explain SELECT k, c FROM sbtest3 WHERE k BETWEEN 5367980 AND 5368080
	Bitmap Heap Scan on sbtest3  (cost=5.56..440.93 rows=110 width=125)
	  Recheck Cond: ((k >= 5367980) AND (k <= 5368080))
	  ->  Bitmap Index Scan on k_3  (cost=0.00..5.53 rows=110 width=0)
	        Index Cond: ((k >= 5367980) AND (k <= 5368080))

table 4 : explain SELECT k, c FROM sbtest4 WHERE k BETWEEN 5367980 AND 5368080
	Bitmap Heap Scan on sbtest4  (cost=5.47..405.50 rows=101 width=125)
	  Recheck Cond: ((k >= 5367980) AND (k <= 5368080))
	  ->  Bitmap Index Scan on k_4  (cost=0.00..5.44 rows=101 width=0)
	        Index Cond: ((k >= 5367980) AND (k <= 5368080))

table 5 : explain SELECT k, c FROM sbtest5 WHERE k BETWEEN 5367980 AND 5368080
	Bitmap Heap Scan on sbtest5  (cost=5.44..393.71 rows=98 width=125)
	  Recheck Cond: ((k >= 5367980) AND (k <= 5368080))
	  ->  Bitmap Index Scan on k_5  (cost=0.00..5.42 rows=98 width=0)
	        Index Cond: ((k >= 5367980) AND (k <= 5368080))

table 6 : explain SELECT k, c FROM sbtest6 WHERE k BETWEEN 5367980 AND 5368080
	Bitmap Heap Scan on sbtest6  (cost=5.57..444.92 rows=111 width=125)
	  Recheck Cond: ((k >= 5367980) AND (k <= 5368080))
	  ->  Bitmap Index Scan on k_6  (cost=0.00..5.54 rows=111 width=0)
	        Index Cond: ((k >= 5367980) AND (k <= 5368080))

table 7 : explain SELECT k, c FROM sbtest7 WHERE k BETWEEN 5367980 AND 5368080
	Bitmap Heap Scan on sbtest7  (cost=5.42..385.80 rows=96 width=125)
	  Recheck Cond: ((k >= 5367980) AND (k <= 5368080))
	  ->  Bitmap Index Scan on k_7  (cost=0.00..5.39 rows=96 width=0)
	        Index Cond: ((k >= 5367980) AND (k <= 5368080))

table 8 : explain SELECT k, c FROM sbtest8 WHERE k BETWEEN 5367980 AND 5368080
	Bitmap Heap Scan on sbtest8  (cost=5.53..429.21 rows=107 width=125)
	  Recheck Cond: ((k >= 5367980) AND (k <= 5368080))
	  ->  Bitmap Index Scan on k_8  (cost=0.00..5.50 rows=107 width=0)
	        Index Cond: ((k >= 5367980) AND (k <= 5368080))

for range-notcovered
table 1 : explain SELECT k, c FROM sbtest1 WHERE k BETWEEN 5559874 AND 5559974
	Bitmap Heap Scan on sbtest1  (cost=5.48..409.60 rows=102 width=125)
	  Recheck Cond: ((k >= 5559874) AND (k <= 5559974))
	  ->  Bitmap Index Scan on k_1  (cost=0.00..5.45 rows=102 width=0)
	        Index Cond: ((k >= 5559874) AND (k <= 5559974))

table 2 : explain SELECT k, c FROM sbtest2 WHERE k BETWEEN 5559874 AND 5559974
	Bitmap Heap Scan on sbtest2  (cost=5.40..377.85 rows=94 width=125)
	  Recheck Cond: ((k >= 5559874) AND (k <= 5559974))
	  ->  Bitmap Index Scan on k_2  (cost=0.00..5.38 rows=94 width=0)
	        Index Cond: ((k >= 5559874) AND (k <= 5559974))

table 3 : explain SELECT k, c FROM sbtest3 WHERE k BETWEEN 5559874 AND 5559974
	Bitmap Heap Scan on sbtest3  (cost=5.48..409.40 rows=102 width=125)
	  Recheck Cond: ((k >= 5559874) AND (k <= 5559974))
	  ->  Bitmap Index Scan on k_3  (cost=0.00..5.45 rows=102 width=0)
	        Index Cond: ((k >= 5559874) AND (k <= 5559974))

table 4 : explain SELECT k, c FROM sbtest4 WHERE k BETWEEN 5559874 AND 5559974
	Bitmap Heap Scan on sbtest4  (cost=5.52..425.21 rows=106 width=125)
	  Recheck Cond: ((k >= 5559874) AND (k <= 5559974))
	  ->  Bitmap Index Scan on k_4  (cost=0.00..5.50 rows=106 width=0)
	        Index Cond: ((k >= 5559874) AND (k <= 5559974))

table 5 : explain SELECT k, c FROM sbtest5 WHERE k BETWEEN 5559874 AND 5559974
	Bitmap Heap Scan on sbtest5  (cost=5.49..413.43 rows=103 width=125)
	  Recheck Cond: ((k >= 5559874) AND (k <= 5559974))
	  ->  Bitmap Index Scan on k_5  (cost=0.00..5.46 rows=103 width=0)
	        Index Cond: ((k >= 5559874) AND (k <= 5559974))

table 6 : explain SELECT k, c FROM sbtest6 WHERE k BETWEEN 5559874 AND 5559974
	Bitmap Heap Scan on sbtest6  (cost=5.53..429.16 rows=107 width=125)
	  Recheck Cond: ((k >= 5559874) AND (k <= 5559974))
	  ->  Bitmap Index Scan on k_6  (cost=0.00..5.50 rows=107 width=0)
	        Index Cond: ((k >= 5559874) AND (k <= 5559974))

table 7 : explain SELECT k, c FROM sbtest7 WHERE k BETWEEN 5559874 AND 5559974
	Bitmap Heap Scan on sbtest7  (cost=5.68..484.34 rows=121 width=125)
	  Recheck Cond: ((k >= 5559874) AND (k <= 5559974))
	  ->  Bitmap Index Scan on k_7  (cost=0.00..5.64 rows=121 width=0)
	        Index Cond: ((k >= 5559874) AND (k <= 5559974))

table 8 : explain SELECT k, c FROM sbtest8 WHERE k BETWEEN 5559874 AND 5559974
	Bitmap Heap Scan on sbtest8  (cost=5.45..397.66 rows=99 width=125)
	  Recheck Cond: ((k >= 5559874) AND (k <= 5559974))
	  ->  Bitmap Index Scan on k_8  (cost=0.00..5.42 rows=99 width=0)
	        Index Cond: ((k >= 5559874) AND (k <= 5559974))
for range-notcovered
table 1 : explain SELECT k, c FROM sbtest1 WHERE k BETWEEN 1459258 AND 1459358
	Bitmap Heap Scan on sbtest1  (cost=5.50..417.49 rows=104 width=125)
	  Recheck Cond: ((k >= 1459258) AND (k <= 1459358))
	  ->  Bitmap Index Scan on k_1  (cost=0.00..5.47 rows=104 width=0)
	        Index Cond: ((k >= 1459258) AND (k <= 1459358))

table 2 : explain SELECT k, c FROM sbtest2 WHERE k BETWEEN 1459258 AND 1459358
	Bitmap Heap Scan on sbtest2  (cost=5.54..433.06 rows=108 width=125)
	  Recheck Cond: ((k >= 1459258) AND (k <= 1459358))
	  ->  Bitmap Index Scan on k_2  (cost=0.00..5.51 rows=108 width=0)
	        Index Cond: ((k >= 1459258) AND (k <= 1459358))

table 3 : explain SELECT k, c FROM sbtest3 WHERE k BETWEEN 1459258 AND 1459358
	Bitmap Heap Scan on sbtest3  (cost=5.55..436.99 rows=109 width=125)
	  Recheck Cond: ((k >= 1459258) AND (k <= 1459358))
	  ->  Bitmap Index Scan on k_3  (cost=0.00..5.52 rows=109 width=0)
	        Index Cond: ((k >= 1459258) AND (k <= 1459358))

table 4 : explain SELECT k, c FROM sbtest4 WHERE k BETWEEN 1459258 AND 1459358
	Bitmap Heap Scan on sbtest4  (cost=5.46..401.55 rows=100 width=125)
	  Recheck Cond: ((k >= 1459258) AND (k <= 1459358))
	  ->  Bitmap Index Scan on k_4  (cost=0.00..5.43 rows=100 width=0)
	        Index Cond: ((k >= 1459258) AND (k <= 1459358))

table 5 : explain SELECT k, c FROM sbtest5 WHERE k BETWEEN 1459258 AND 1459358
	Bitmap Heap Scan on sbtest5  (cost=5.38..370.03 rows=92 width=125)
	  Recheck Cond: ((k >= 1459258) AND (k <= 1459358))
	  ->  Bitmap Index Scan on k_5  (cost=0.00..5.35 rows=92 width=0)
	        Index Cond: ((k >= 1459258) AND (k <= 1459358))

table 6 : explain SELECT k, c FROM sbtest6 WHERE k BETWEEN 1459258 AND 1459358
	Bitmap Heap Scan on sbtest6  (cost=5.41..381.83 rows=95 width=125)
	  Recheck Cond: ((k >= 1459258) AND (k <= 1459358))
	  ->  Bitmap Index Scan on k_6  (cost=0.00..5.38 rows=95 width=0)
	        Index Cond: ((k >= 1459258) AND (k <= 1459358))

table 7 : explain SELECT k, c FROM sbtest7 WHERE k BETWEEN 1459258 AND 1459358
	Bitmap Heap Scan on sbtest7  (cost=5.50..417.36 rows=104 width=125)
	  Recheck Cond: ((k >= 1459258) AND (k <= 1459358))
	  ->  Bitmap Index Scan on k_7  (cost=0.00..5.47 rows=104 width=0)
	        Index Cond: ((k >= 1459258) AND (k <= 1459358))

table 8 : explain SELECT k, c FROM sbtest8 WHERE k BETWEEN 1459258 AND 1459358
	Bitmap Heap Scan on sbtest8  (cost=5.45..397.66 rows=99 width=125)
	  Recheck Cond: ((k >= 1459258) AND (k <= 1459358))
	  ->  Bitmap Index Scan on k_8  (cost=0.00..5.42 rows=99 width=0)
	        Index Cond: ((k >= 1459258) AND (k <= 1459358))

explain: for range-notcovered :: explain SELECT k, c FROM sbtest%d WHERE k BETWEEN 3928970 AND 3929070
for range-notcovered
table 1 : explain SELECT k, c FROM sbtest1 WHERE k BETWEEN 4644618 AND 4644718
	Bitmap Heap Scan on sbtest1  (cost=5.52..425.38 rows=106 width=125)
	  Recheck Cond: ((k >= 4644618) AND (k <= 4644718))
	  ->  Bitmap Index Scan on k_1  (cost=0.00..5.50 rows=106 width=0)
	        Index Cond: ((k >= 4644618) AND (k <= 4644718))

table 2 : explain SELECT k, c FROM sbtest2 WHERE k BETWEEN 4644618 AND 4644718
	Bitmap Heap Scan on sbtest2  (cost=5.56..440.94 rows=110 width=125)
	  Recheck Cond: ((k >= 4644618) AND (k <= 4644718))
	  ->  Bitmap Index Scan on k_2  (cost=0.00..5.53 rows=110 width=0)
	        Index Cond: ((k >= 4644618) AND (k <= 4644718))

table 3 : explain SELECT k, c FROM sbtest3 WHERE k BETWEEN 4644618 AND 4644718
	Bitmap Heap Scan on sbtest3  (cost=5.43..389.68 rows=97 width=125)
	  Recheck Cond: ((k >= 4644618) AND (k <= 4644718))
	  ->  Bitmap Index Scan on k_3  (cost=0.00..5.40 rows=97 width=0)
	        Index Cond: ((k >= 4644618) AND (k <= 4644718))

table 4 : explain SELECT k, c FROM sbtest4 WHERE k BETWEEN 4644618 AND 4644718
	Bitmap Heap Scan on sbtest4  (cost=5.52..425.21 rows=106 width=125)
	  Recheck Cond: ((k >= 4644618) AND (k <= 4644718))
	  ->  Bitmap Index Scan on k_4  (cost=0.00..5.50 rows=106 width=0)
	        Index Cond: ((k >= 4644618) AND (k <= 4644718))

table 5 : explain SELECT k, c FROM sbtest5 WHERE k BETWEEN 4644618 AND 4644718
	Bitmap Heap Scan on sbtest5  (cost=5.56..441.03 rows=110 width=125)
	  Recheck Cond: ((k >= 4644618) AND (k <= 4644718))
	  ->  Bitmap Index Scan on k_5  (cost=0.00..5.53 rows=110 width=0)
	        Index Cond: ((k >= 4644618) AND (k <= 4644718))

table 6 : explain SELECT k, c FROM sbtest6 WHERE k BETWEEN 4644618 AND 4644718
	Bitmap Heap Scan on sbtest6  (cost=5.55..437.04 rows=109 width=125)
	  Recheck Cond: ((k >= 4644618) AND (k <= 4644718))
	  ->  Bitmap Index Scan on k_6  (cost=0.00..5.52 rows=109 width=0)
	        Index Cond: ((k >= 4644618) AND (k <= 4644718))

table 7 : explain SELECT k, c FROM sbtest7 WHERE k BETWEEN 4644618 AND 4644718
	Bitmap Heap Scan on sbtest7  (cost=5.49..413.42 rows=103 width=125)
	  Recheck Cond: ((k >= 4644618) AND (k <= 4644718))
	  ->  Bitmap Index Scan on k_7  (cost=0.00..5.46 rows=103 width=0)
	        Index Cond: ((k >= 4644618) AND (k <= 4644718))

table 8 : explain SELECT k, c FROM sbtest8 WHERE k BETWEEN 4644618 AND 4644718
	Bitmap Heap Scan on sbtest8  (cost=5.56..441.03 rows=110 width=125)
	  Recheck Cond: ((k >= 4644618) AND (k <= 4644718))
	  ->  Bitmap Index Scan on k_8  (cost=0.00..5.53 rows=110 width=0)
	        Index Cond: ((k >= 4644618) AND (k <= 4644718))

for range-notcovered
table 1 : explain SELECT k, c FROM sbtest1 WHERE k BETWEEN 3509700 AND 3509800
	Bitmap Heap Scan on sbtest1  (cost=5.56..441.15 rows=110 width=125)
	  Recheck Cond: ((k >= 3509700) AND (k <= 3509800))
	  ->  Bitmap Index Scan on k_1  (cost=0.00..5.53 rows=110 width=0)
	        Index Cond: ((k >= 3509700) AND (k <= 3509800))

table 2 : explain SELECT k, c FROM sbtest2 WHERE k BETWEEN 3509700 AND 3509800
	Bitmap Heap Scan on sbtest2  (cost=5.46..401.52 rows=100 width=125)
	  Recheck Cond: ((k >= 3509700) AND (k <= 3509800))
	  ->  Bitmap Index Scan on k_2  (cost=0.00..5.43 rows=100 width=0)
	        Index Cond: ((k >= 3509700) AND (k <= 3509800))

table 3 : explain SELECT k, c FROM sbtest3 WHERE k BETWEEN 3509700 AND 3509800
	Bitmap Heap Scan on sbtest3  (cost=5.55..436.99 rows=109 width=125)
	  Recheck Cond: ((k >= 3509700) AND (k <= 3509800))
	  ->  Bitmap Index Scan on k_3  (cost=0.00..5.52 rows=109 width=0)
	        Index Cond: ((k >= 3509700) AND (k <= 3509800))

table 4 : explain SELECT k, c FROM sbtest4 WHERE k BETWEEN 3509700 AND 3509800
	Bitmap Heap Scan on sbtest4  (cost=5.42..385.77 rows=96 width=125)
	  Recheck Cond: ((k >= 3509700) AND (k <= 3509800))
	  ->  Bitmap Index Scan on k_4  (cost=0.00..5.39 rows=96 width=0)
	        Index Cond: ((k >= 3509700) AND (k <= 3509800))

table 5 : explain SELECT k, c FROM sbtest5 WHERE k BETWEEN 3509700 AND 3509800
	Bitmap Heap Scan on sbtest5  (cost=5.43..389.76 rows=97 width=125)
	  Recheck Cond: ((k >= 3509700) AND (k <= 3509800))
	  ->  Bitmap Index Scan on k_5  (cost=0.00..5.40 rows=97 width=0)
	        Index Cond: ((k >= 3509700) AND (k <= 3509800))

table 6 : explain SELECT k, c FROM sbtest6 WHERE k BETWEEN 3509700 AND 3509800
	Bitmap Heap Scan on sbtest6  (cost=5.49..413.39 rows=103 width=125)
	  Recheck Cond: ((k >= 3509700) AND (k <= 3509800))
	  ->  Bitmap Index Scan on k_6  (cost=0.00..5.46 rows=103 width=0)
	        Index Cond: ((k >= 3509700) AND (k <= 3509800))

table 7 : explain SELECT k, c FROM sbtest7 WHERE k BETWEEN 3509700 AND 3509800
	Bitmap Heap Scan on sbtest7  (cost=5.51..421.30 rows=105 width=125)
	  Recheck Cond: ((k >= 3509700) AND (k <= 3509800))
	  ->  Bitmap Index Scan on k_7  (cost=0.00..5.48 rows=105 width=0)
	        Index Cond: ((k >= 3509700) AND (k <= 3509800))

table 8 : explain SELECT k, c FROM sbtest8 WHERE k BETWEEN 3509700 AND 3509800
	Bitmap Heap Scan on sbtest8  (cost=5.56..441.03 rows=110 width=125)
	  Recheck Cond: ((k >= 3509700) AND (k <= 3509800))
	  ->  Bitmap Index Scan on k_8  (cost=0.00..5.53 rows=110 width=0)
	        Index Cond: ((k >= 3509700) AND (k <= 3509800))

for range-notcovered
table 1 : explain SELECT k, c FROM sbtest1 WHERE k BETWEEN 5460229 AND 5460329
	Bitmap Heap Scan on sbtest1  (cost=5.42..385.92 rows=96 width=125)
	  Recheck Cond: ((k >= 5460229) AND (k <= 5460329))
	  ->  Bitmap Index Scan on k_1  (cost=0.00..5.39 rows=96 width=0)
	        Index Cond: ((k >= 5460229) AND (k <= 5460329))

table 2 : explain SELECT k, c FROM sbtest2 WHERE k BETWEEN 5460229 AND 5460329
	Bitmap Heap Scan on sbtest2  (cost=5.53..429.12 rows=107 width=125)
	  Recheck Cond: ((k >= 5460229) AND (k <= 5460329))
	  ->  Bitmap Index Scan on k_2  (cost=0.00..5.50 rows=107 width=0)
	        Index Cond: ((k >= 5460229) AND (k <= 5460329))

table 3 : explain SELECT k, c FROM sbtest3 WHERE k BETWEEN 5460229 AND 5460329
	Bitmap Heap Scan on sbtest3  (cost=5.43..389.68 rows=97 width=125)
	  Recheck Cond: ((k >= 5460229) AND (k <= 5460329))
	  ->  Bitmap Index Scan on k_3  (cost=0.00..5.40 rows=97 width=0)
	        Index Cond: ((k >= 5460229) AND (k <= 5460329))

table 4 : explain SELECT k, c FROM sbtest4 WHERE k BETWEEN 5460229 AND 5460329
	Bitmap Heap Scan on sbtest4  (cost=5.47..405.50 rows=101 width=125)
	  Recheck Cond: ((k >= 5460229) AND (k <= 5460329))
	  ->  Bitmap Index Scan on k_4  (cost=0.00..5.44 rows=101 width=0)
	        Index Cond: ((k >= 5460229) AND (k <= 5460329))

table 5 : explain SELECT k, c FROM sbtest5 WHERE k BETWEEN 5460229 AND 5460329
	Bitmap Heap Scan on sbtest5  (cost=5.52..425.26 rows=106 width=125)
	  Recheck Cond: ((k >= 5460229) AND (k <= 5460329))
	  ->  Bitmap Index Scan on k_5  (cost=0.00..5.50 rows=106 width=0)
	        Index Cond: ((k >= 5460229) AND (k <= 5460329))

table 6 : explain SELECT k, c FROM sbtest6 WHERE k BETWEEN 5460229 AND 5460329
	Bitmap Heap Scan on sbtest6  (cost=5.38..369.99 rows=92 width=125)
	  Recheck Cond: ((k >= 5460229) AND (k <= 5460329))
	  ->  Bitmap Index Scan on k_6  (cost=0.00..5.35 rows=92 width=0)
	        Index Cond: ((k >= 5460229) AND (k <= 5460329))

table 7 : explain SELECT k, c FROM sbtest7 WHERE k BETWEEN 5460229 AND 5460329
	Bitmap Heap Scan on sbtest7  (cost=5.42..385.80 rows=96 width=125)
	  Recheck Cond: ((k >= 5460229) AND (k <= 5460329))
	  ->  Bitmap Index Scan on k_7  (cost=0.00..5.39 rows=96 width=0)
	        Index Cond: ((k >= 5460229) AND (k <= 5460329))

table 8 : explain SELECT k, c FROM sbtest8 WHERE k BETWEEN 5460229 AND 5460329
	Bitmap Heap Scan on sbtest8  (cost=5.48..409.49 rows=102 width=125)
	  Recheck Cond: ((k >= 5460229) AND (k <= 5460329))
	  ->  Bitmap Index Scan on k_8  (cost=0.00..5.45 rows=102 width=0)
	        Index Cond: ((k >= 5460229) AND (k <= 5460329))

for range-notcovered
table 1 : explain SELECT k, c FROM sbtest1 WHERE k BETWEEN 8893029 AND 8893129
	Bitmap Heap Scan on sbtest1  (cost=5.50..417.49 rows=104 width=125)
	  Recheck Cond: ((k >= 8893029) AND (k <= 8893129))
	  ->  Bitmap Index Scan on k_1  (cost=0.00..5.47 rows=104 width=0)
	        Index Cond: ((k >= 8893029) AND (k <= 8893129))

table 2 : explain SELECT k, c FROM sbtest2 WHERE k BETWEEN 8893029 AND 8893129
	Bitmap Heap Scan on sbtest2  (cost=5.46..401.52 rows=100 width=125)
	  Recheck Cond: ((k >= 8893029) AND (k <= 8893129))
	  ->  Bitmap Index Scan on k_2  (cost=0.00..5.43 rows=100 width=0)
	        Index Cond: ((k >= 8893029) AND (k <= 8893129))

table 3 : explain SELECT k, c FROM sbtest3 WHERE k BETWEEN 8893029 AND 8893129
	Bitmap Heap Scan on sbtest3  (cost=5.51..421.22 rows=105 width=125)
	  Recheck Cond: ((k >= 8893029) AND (k <= 8893129))
	  ->  Bitmap Index Scan on k_3  (cost=0.00..5.48 rows=105 width=0)
	        Index Cond: ((k >= 8893029) AND (k <= 8893129))

table 4 : explain SELECT k, c FROM sbtest4 WHERE k BETWEEN 8893029 AND 8893129
	Bitmap Heap Scan on sbtest4  (cost=5.42..385.77 rows=96 width=125)
	  Recheck Cond: ((k >= 8893029) AND (k <= 8893129))
	  ->  Bitmap Index Scan on k_4  (cost=0.00..5.39 rows=96 width=0)
	        Index Cond: ((k >= 8893029) AND (k <= 8893129))

table 5 : explain SELECT k, c FROM sbtest5 WHERE k BETWEEN 8893029 AND 8893129
	Bitmap Heap Scan on sbtest5  (cost=5.43..389.76 rows=97 width=125)
	  Recheck Cond: ((k >= 8893029) AND (k <= 8893129))
	  ->  Bitmap Index Scan on k_5  (cost=0.00..5.40 rows=97 width=0)
	        Index Cond: ((k >= 8893029) AND (k <= 8893129))

table 6 : explain SELECT k, c FROM sbtest6 WHERE k BETWEEN 8893029 AND 8893129
	Bitmap Heap Scan on sbtest6  (cost=5.47..405.50 rows=101 width=125)
	  Recheck Cond: ((k >= 8893029) AND (k <= 8893129))
	  ->  Bitmap Index Scan on k_6  (cost=0.00..5.44 rows=101 width=0)
	        Index Cond: ((k >= 8893029) AND (k <= 8893129))

table 7 : explain SELECT k, c FROM sbtest7 WHERE k BETWEEN 8893029 AND 8893129
	Bitmap Heap Scan on sbtest7  (cost=5.51..421.30 rows=105 width=125)
	  Recheck Cond: ((k >= 8893029) AND (k <= 8893129))
	  ->  Bitmap Index Scan on k_7  (cost=0.00..5.48 rows=105 width=0)
	        Index Cond: ((k >= 8893029) AND (k <= 8893129))

table 8 : explain SELECT k, c FROM sbtest8 WHERE k BETWEEN 8893029 AND 8893129
	Bitmap Heap Scan on sbtest8  (cost=5.52..425.26 rows=106 width=125)
	  Recheck Cond: ((k >= 8893029) AND (k <= 8893129))
	  ->  Bitmap Index Scan on k_8  (cost=0.00..5.50 rows=106 width=0)
	        Index Cond: ((k >= 8893029) AND (k <= 8893129))


for range-notcovered
table 1 : explain SELECT k, c FROM sbtest1 WHERE k BETWEEN 6268598 AND 6268698
	Bitmap Heap Scan on sbtest1  (cost=5.46..401.71 rows=100 width=125)
	  Recheck Cond: ((k >= 6268598) AND (k <= 6268698))
	  ->  Bitmap Index Scan on k_1  (cost=0.00..5.43 rows=100 width=0)
	        Index Cond: ((k >= 6268598) AND (k <= 6268698))

table 2 : explain SELECT k, c FROM sbtest2 WHERE k BETWEEN 6268598 AND 6268698
	Bitmap Heap Scan on sbtest2  (cost=5.47..405.46 rows=101 width=125)
	  Recheck Cond: ((k >= 6268598) AND (k <= 6268698))
	  ->  Bitmap Index Scan on k_2  (cost=0.00..5.44 rows=101 width=0)
	        Index Cond: ((k >= 6268598) AND (k <= 6268698))

table 3 : explain SELECT k, c FROM sbtest3 WHERE k BETWEEN 6268598 AND 6268698
	Bitmap Heap Scan on sbtest3  (cost=5.52..425.16 rows=106 width=125)
	  Recheck Cond: ((k >= 6268598) AND (k <= 6268698))
	  ->  Bitmap Index Scan on k_3  (cost=0.00..5.50 rows=106 width=0)
	        Index Cond: ((k >= 6268598) AND (k <= 6268698))

table 4 : explain SELECT k, c FROM sbtest4 WHERE k BETWEEN 6268598 AND 6268698
	Bitmap Heap Scan on sbtest4  (cost=5.57..444.92 rows=111 width=125)
	  Recheck Cond: ((k >= 6268598) AND (k <= 6268698))
	  ->  Bitmap Index Scan on k_4  (cost=0.00..5.54 rows=111 width=0)
	        Index Cond: ((k >= 6268598) AND (k <= 6268698))

table 5 : explain SELECT k, c FROM sbtest5 WHERE k BETWEEN 6268598 AND 6268698
	Bitmap Heap Scan on sbtest5  (cost=5.48..409.49 rows=102 width=125)
	  Recheck Cond: ((k >= 6268598) AND (k <= 6268698))
	  ->  Bitmap Index Scan on k_5  (cost=0.00..5.45 rows=102 width=0)
	        Index Cond: ((k >= 6268598) AND (k <= 6268698))

table 6 : explain SELECT k, c FROM sbtest6 WHERE k BETWEEN 6268598 AND 6268698
	Bitmap Heap Scan on sbtest6  (cost=5.39..373.94 rows=93 width=125)
	  Recheck Cond: ((k >= 6268598) AND (k <= 6268698))
	  ->  Bitmap Index Scan on k_6  (cost=0.00..5.36 rows=93 width=0)
	        Index Cond: ((k >= 6268598) AND (k <= 6268698))

table 7 : explain SELECT k, c FROM sbtest7 WHERE k BETWEEN 6268598 AND 6268698
	Bitmap Heap Scan on sbtest7  (cost=5.46..401.58 rows=100 width=125)
	  Recheck Cond: ((k >= 6268598) AND (k <= 6268698))
	  ->  Bitmap Index Scan on k_7  (cost=0.00..5.43 rows=100 width=0)
	        Index Cond: ((k >= 6268598) AND (k <= 6268698))

table 8 : explain SELECT k, c FROM sbtest8 WHERE k BETWEEN 6268598 AND 6268698
	Bitmap Heap Scan on sbtest8  (cost=5.41..381.87 rows=95 width=125)
	  Recheck Cond: ((k >= 6268598) AND (k <= 6268698))
	  ->  Bitmap Index Scan on k_8  (cost=0.00..5.38 rows=95 width=0)
	        Index Cond: ((k >= 6268598) AND (k <= 6268698))
for range-notcovered
table 1 : explain SELECT k, c FROM sbtest1 WHERE k BETWEEN 4305027 AND 4305127
	Bitmap Heap Scan on sbtest1  (cost=5.42..385.92 rows=96 width=125)
	  Recheck Cond: ((k >= 4305027) AND (k <= 4305127))
	  ->  Bitmap Index Scan on k_1  (cost=0.00..5.39 rows=96 width=0)
	        Index Cond: ((k >= 4305027) AND (k <= 4305127))

table 2 : explain SELECT k, c FROM sbtest2 WHERE k BETWEEN 4305027 AND 4305127
	Bitmap Heap Scan on sbtest2  (cost=5.47..405.46 rows=101 width=125)
	  Recheck Cond: ((k >= 4305027) AND (k <= 4305127))
	  ->  Bitmap Index Scan on k_2  (cost=0.00..5.44 rows=101 width=0)
	        Index Cond: ((k >= 4305027) AND (k <= 4305127))

table 3 : explain SELECT k, c FROM sbtest3 WHERE k BETWEEN 4305027 AND 4305127
	Bitmap Heap Scan on sbtest3  (cost=5.47..405.45 rows=101 width=125)
	  Recheck Cond: ((k >= 4305027) AND (k <= 4305127))
	  ->  Bitmap Index Scan on k_3  (cost=0.00..5.44 rows=101 width=0)
	        Index Cond: ((k >= 4305027) AND (k <= 4305127))

table 4 : explain SELECT k, c FROM sbtest4 WHERE k BETWEEN 4305027 AND 4305127
	Bitmap Heap Scan on sbtest4  (cost=5.50..417.33 rows=104 width=125)
	  Recheck Cond: ((k >= 4305027) AND (k <= 4305127))
	  ->  Bitmap Index Scan on k_4  (cost=0.00..5.47 rows=104 width=0)
	        Index Cond: ((k >= 4305027) AND (k <= 4305127))

table 5 : explain SELECT k, c FROM sbtest5 WHERE k BETWEEN 4305027 AND 4305127
	Bitmap Heap Scan on sbtest5  (cost=5.43..389.76 rows=97 width=125)
	  Recheck Cond: ((k >= 4305027) AND (k <= 4305127))
	  ->  Bitmap Index Scan on k_5  (cost=0.00..5.40 rows=97 width=0)
	        Index Cond: ((k >= 4305027) AND (k <= 4305127))

table 6 : explain SELECT k, c FROM sbtest6 WHERE k BETWEEN 4305027 AND 4305127
	Bitmap Heap Scan on sbtest6  (cost=5.48..409.44 rows=102 width=125)
	  Recheck Cond: ((k >= 4305027) AND (k <= 4305127))
	  ->  Bitmap Index Scan on k_6  (cost=0.00..5.45 rows=102 width=0)
	        Index Cond: ((k >= 4305027) AND (k <= 4305127))

table 7 : explain SELECT k, c FROM sbtest7 WHERE k BETWEEN 4305027 AND 4305127
	Bitmap Heap Scan on sbtest7  (cost=5.36..362.12 rows=90 width=125)
	  Recheck Cond: ((k >= 4305027) AND (k <= 4305127))
	  ->  Bitmap Index Scan on k_7  (cost=0.00..5.33 rows=90 width=0)
	        Index Cond: ((k >= 4305027) AND (k <= 4305127))

table 8 : explain SELECT k, c FROM sbtest8 WHERE k BETWEEN 4305027 AND 4305127
	Bitmap Heap Scan on sbtest8  (cost=5.49..413.43 rows=103 width=125)
	  Recheck Cond: ((k >= 4305027) AND (k <= 4305127))
	  ->  Bitmap Index Scan on k_8  (cost=0.00..5.46 rows=103 width=0)
	        Index Cond: ((k >= 4305027) AND (k <= 4305127))

explain: for range-notcovered :: explain SELECT k, c FROM sbtest%d WHERE k BETWEEN 991256 AND 991356

explain: for range-notcovered :: explain SELECT k, c FROM sbtest%d WHERE k BETWEEN 1459258 AND 1459358for range-notcovered
table 1 : explain SELECT k, c FROM sbtest1 WHERE k BETWEEN 3253896 AND 3253996
	Bitmap Heap Scan on sbtest1  (cost=5.48..409.60 rows=102 width=125)
	  Recheck Cond: ((k >= 3253896) AND (k <= 3253996))
	  ->  Bitmap Index Scan on k_1  (cost=0.00..5.45 rows=102 width=0)
	        Index Cond: ((k >= 3253896) AND (k <= 3253996))

table 2 : explain SELECT k, c FROM sbtest2 WHERE k BETWEEN 3253896 AND 3253996
	Bitmap Heap Scan on sbtest2  (cost=5.51..421.23 rows=105 width=125)
	  Recheck Cond: ((k >= 3253896) AND (k <= 3253996))
	  ->  Bitmap Index Scan on k_2  (cost=0.00..5.48 rows=105 width=0)
	        Index Cond: ((k >= 3253896) AND (k <= 3253996))

table 3 : explain SELECT k, c FROM sbtest3 WHERE k BETWEEN 3253896 AND 3253996
	Bitmap Heap Scan on sbtest3  (cost=5.46..401.51 rows=100 width=125)
	  Recheck Cond: ((k >= 3253896) AND (k <= 3253996))
	  ->  Bitmap Index Scan on k_3  (cost=0.00..5.43 rows=100 width=0)
	        Index Cond: ((k >= 3253896) AND (k <= 3253996))

table 4 : explain SELECT k, c FROM sbtest4 WHERE k BETWEEN 3253896 AND 3253996
	Bitmap Heap Scan on sbtest4  (cost=5.53..429.15 rows=107 width=125)
	  Recheck Cond: ((k >= 3253896) AND (k <= 3253996))
	  ->  Bitmap Index Scan on k_4  (cost=0.00..5.50 rows=107 width=0)
	        Index Cond: ((k >= 3253896) AND (k <= 3253996))

table 5 : explain SELECT k, c FROM sbtest5 WHERE k BETWEEN 3253896 AND 3253996
	Bitmap Heap Scan on sbtest5  (cost=5.51..421.32 rows=105 width=125)
	  Recheck Cond: ((k >= 3253896) AND (k <= 3253996))
	  ->  Bitmap Index Scan on k_5  (cost=0.00..5.48 rows=105 width=0)
	        Index Cond: ((k >= 3253896) AND (k <= 3253996))

table 6 : explain SELECT k, c FROM sbtest6 WHERE k BETWEEN 3253896 AND 3253996
	Bitmap Heap Scan on sbtest6  (cost=5.40..377.88 rows=94 width=125)
	  Recheck Cond: ((k >= 3253896) AND (k <= 3253996))
	  ->  Bitmap Index Scan on k_6  (cost=0.00..5.38 rows=94 width=0)
	        Index Cond: ((k >= 3253896) AND (k <= 3253996))

table 7 : explain SELECT k, c FROM sbtest7 WHERE k BETWEEN 3253896 AND 3253996
	Bitmap Heap Scan on sbtest7  (cost=5.49..413.42 rows=103 width=125)
	  Recheck Cond: ((k >= 3253896) AND (k <= 3253996))
	  ->  Bitmap Index Scan on k_7  (cost=0.00..5.46 rows=103 width=0)
	        Index Cond: ((k >= 3253896) AND (k <= 3253996))

table 8 : explain SELECT k, c FROM sbtest8 WHERE k BETWEEN 3253896 AND 3253996
	Bitmap Heap Scan on sbtest8  (cost=5.47..405.55 rows=101 width=125)
	  Recheck Cond: ((k >= 3253896) AND (k <= 3253996))
	  ->  Bitmap Index Scan on k_8  (cost=0.00..5.44 rows=101 width=0)
	        Index Cond: ((k >= 3253896) AND (k <= 3253996))

explain: for range-notcovered :: explain SELECT k, c FROM sbtest%d WHERE k BETWEEN 6238724 AND 6238824
for range-notcovered
table 1 : explain SELECT k, c FROM sbtest1 WHERE k BETWEEN 4998269 AND 4998369
	Bitmap Heap Scan on sbtest1  (cost=5.50..417.49 rows=104 width=125)
	  Recheck Cond: ((k >= 4998269) AND (k <= 4998369))
	  ->  Bitmap Index Scan on k_1  (cost=0.00..5.47 rows=104 width=0)
	        Index Cond: ((k >= 4998269) AND (k <= 4998369))

table 2 : explain SELECT k, c FROM sbtest2 WHERE k BETWEEN 4998269 AND 4998369
	Bitmap Heap Scan on sbtest2  (cost=5.52..425.18 rows=106 width=125)
	  Recheck Cond: ((k >= 4998269) AND (k <= 4998369))
	  ->  Bitmap Index Scan on k_2  (cost=0.00..5.50 rows=106 width=0)
	        Index Cond: ((k >= 4998269) AND (k <= 4998369))

table 3 : explain SELECT k, c FROM sbtest3 WHERE k BETWEEN 4998269 AND 4998369
	Bitmap Heap Scan on sbtest3  (cost=5.35..358.11 rows=89 width=125)
	  Recheck Cond: ((k >= 4998269) AND (k <= 4998369))
	  ->  Bitmap Index Scan on k_3  (cost=0.00..5.32 rows=89 width=0)
	        Index Cond: ((k >= 4998269) AND (k <= 4998369))

table 4 : explain SELECT k, c FROM sbtest4 WHERE k BETWEEN 4998269 AND 4998369
	Bitmap Heap Scan on sbtest4  (cost=5.48..409.44 rows=102 width=125)
	  Recheck Cond: ((k >= 4998269) AND (k <= 4998369))
	  ->  Bitmap Index Scan on k_4  (cost=0.00..5.45 rows=102 width=0)
	        Index Cond: ((k >= 4998269) AND (k <= 4998369))

table 5 : explain SELECT k, c FROM sbtest5 WHERE k BETWEEN 4998269 AND 4998369
	Bitmap Heap Scan on sbtest5  (cost=5.51..421.32 rows=105 width=125)
	  Recheck Cond: ((k >= 4998269) AND (k <= 4998369))
	  ->  Bitmap Index Scan on k_5  (cost=0.00..5.48 rows=105 width=0)
	        Index Cond: ((k >= 4998269) AND (k <= 4998369))

table 6 : explain SELECT k, c FROM sbtest6 WHERE k BETWEEN 4998269 AND 4998369
	Bitmap Heap Scan on sbtest6  (cost=5.50..417.33 rows=104 width=125)
	  Recheck Cond: ((k >= 4998269) AND (k <= 4998369))
	  ->  Bitmap Index Scan on k_6  (cost=0.00..5.47 rows=104 width=0)
	        Index Cond: ((k >= 4998269) AND (k <= 4998369))

table 7 : explain SELECT k, c FROM sbtest7 WHERE k BETWEEN 4998269 AND 4998369
	Bitmap Heap Scan on sbtest7  (cost=5.54..433.13 rows=108 width=125)
	  Recheck Cond: ((k >= 4998269) AND (k <= 4998369))
	  ->  Bitmap Index Scan on k_7  (cost=0.00..5.51 rows=108 width=0)
	        Index Cond: ((k >= 4998269) AND (k <= 4998369))

table 8 : explain SELECT k, c FROM sbtest8 WHERE k BETWEEN 4998269 AND 4998369
	Bitmap Heap Scan on sbtest8  (cost=5.46..401.60 rows=100 width=125)
	  Recheck Cond: ((k >= 4998269) AND (k <= 4998369))
	  ->  Bitmap Index Scan on k_8  (cost=0.00..5.43 rows=100 width=0)
	        Index Cond: ((k >= 4998269) AND (k <= 4998369))

for range-notcovered
table 1 : explain SELECT k, c FROM sbtest1 WHERE k BETWEEN 5658378 AND 5658478
	Bitmap Heap Scan on sbtest1  (cost=5.53..429.32 rows=107 width=125)
	  Recheck Cond: ((k >= 5658378) AND (k <= 5658478))
	  ->  Bitmap Index Scan on k_1  (cost=0.00..5.50 rows=107 width=0)
	        Index Cond: ((k >= 5658378) AND (k <= 5658478))

table 2 : explain SELECT k, c FROM sbtest2 WHERE k BETWEEN 5658378 AND 5658478
	Bitmap Heap Scan on sbtest2  (cost=5.52..425.18 rows=106 width=125)
	  Recheck Cond: ((k >= 5658378) AND (k <= 5658478))
	  ->  Bitmap Index Scan on k_2  (cost=0.00..5.50 rows=106 width=0)
	        Index Cond: ((k >= 5658378) AND (k <= 5658478))

table 3 : explain SELECT k, c FROM sbtest3 WHERE k BETWEEN 5658378 AND 5658478
	Bitmap Heap Scan on sbtest3  (cost=5.46..401.51 rows=100 width=125)
	  Recheck Cond: ((k >= 5658378) AND (k <= 5658478))
	  ->  Bitmap Index Scan on k_3  (cost=0.00..5.43 rows=100 width=0)
	        Index Cond: ((k >= 5658378) AND (k <= 5658478))

table 4 : explain SELECT k, c FROM sbtest4 WHERE k BETWEEN 5658378 AND 5658478
	Bitmap Heap Scan on sbtest4  (cost=5.48..409.44 rows=102 width=125)
	  Recheck Cond: ((k >= 5658378) AND (k <= 5658478))
	  ->  Bitmap Index Scan on k_4  (cost=0.00..5.45 rows=102 width=0)
	        Index Cond: ((k >= 5658378) AND (k <= 5658478))

table 5 : explain SELECT k, c FROM sbtest5 WHERE k BETWEEN 5658378 AND 5658478
	Bitmap Heap Scan on sbtest5  (cost=5.54..433.14 rows=108 width=125)
	  Recheck Cond: ((k >= 5658378) AND (k <= 5658478))
	  ->  Bitmap Index Scan on k_5  (cost=0.00..5.51 rows=108 width=0)
	        Index Cond: ((k >= 5658378) AND (k <= 5658478))

table 6 : explain SELECT k, c FROM sbtest6 WHERE k BETWEEN 5658378 AND 5658478
	Bitmap Heap Scan on sbtest6  (cost=5.44..393.67 rows=98 width=125)
	  Recheck Cond: ((k >= 5658378) AND (k <= 5658478))
	  ->  Bitmap Index Scan on k_6  (cost=0.00..5.42 rows=98 width=0)
	        Index Cond: ((k >= 5658378) AND (k <= 5658478))

table 7 : explain SELECT k, c FROM sbtest7 WHERE k BETWEEN 5658378 AND 5658478
	Bitmap Heap Scan on sbtest7  (cost=5.46..401.58 rows=100 width=125)
	  Recheck Cond: ((k >= 5658378) AND (k <= 5658478))
	  ->  Bitmap Index Scan on k_7  (cost=0.00..5.43 rows=100 width=0)
	        Index Cond: ((k >= 5658378) AND (k <= 5658478))

table 8 : explain SELECT k, c FROM sbtest8 WHERE k BETWEEN 5658378 AND 5658478
	Bitmap Heap Scan on sbtest8  (cost=5.42..385.82 rows=96 width=125)
	  Recheck Cond: ((k >= 5658378) AND (k <= 5658478))
	  ->  Bitmap Index Scan on k_8  (cost=0.00..5.39 rows=96 width=0)
	        Index Cond: ((k >= 5658378) AND (k <= 5658478))

explain: for range-notcovered :: explain SELECT k, c FROM sbtest%d WHERE k BETWEEN 5460229 AND 5460329
explain: for range-notcovered :: explain SELECT k, c FROM sbtest%d WHERE k BETWEEN 4644618 AND 4644718

explain: for range-notcovered :: explain SELECT k, c FROM sbtest%d WHERE k BETWEEN 3253896 AND 3253996for range-notcovered
table 1 : explain SELECT k, c FROM sbtest1 WHERE k BETWEEN 3577665 AND 3577765
	Bitmap Heap Scan on sbtest1  (cost=5.48..409.60 rows=102 width=125)
	  Recheck Cond: ((k >= 3577665) AND (k <= 3577765))
	  ->  Bitmap Index Scan on k_1  (cost=0.00..5.45 rows=102 width=0)
	        Index Cond: ((k >= 3577665) AND (k <= 3577765))

table 2 : explain SELECT k, c FROM sbtest2 WHERE k BETWEEN 3577665 AND 3577765
	Bitmap Heap Scan on sbtest2  (cost=5.46..401.52 rows=100 width=125)
	  Recheck Cond: ((k >= 3577665) AND (k <= 3577765))
	  ->  Bitmap Index Scan on k_2  (cost=0.00..5.43 rows=100 width=0)
	        Index Cond: ((k >= 3577665) AND (k <= 3577765))

table 3 : explain SELECT k, c FROM sbtest3 WHERE k BETWEEN 3577665 AND 3577765
	Bitmap Heap Scan on sbtest3  (cost=5.44..393.62 rows=98 width=125)
	  Recheck Cond: ((k >= 3577665) AND (k <= 3577765))
	  ->  Bitmap Index Scan on k_3  (cost=0.00..5.42 rows=98 width=0)
	        Index Cond: ((k >= 3577665) AND (k <= 3577765))

table 4 : explain SELECT k, c FROM sbtest4 WHERE k BETWEEN 3577665 AND 3577765
	Bitmap Heap Scan on sbtest4  (cost=5.46..401.55 rows=100 width=125)
	  Recheck Cond: ((k >= 3577665) AND (k <= 3577765))
	  ->  Bitmap Index Scan on k_4  (cost=0.00..5.43 rows=100 width=0)
	        Index Cond: ((k >= 3577665) AND (k <= 3577765))

table 5 : explain SELECT k, c FROM sbtest5 WHERE k BETWEEN 3577665 AND 3577765
	Bitmap Heap Scan on sbtest5  (cost=5.43..389.76 rows=97 width=125)
	  Recheck Cond: ((k >= 3577665) AND (k <= 3577765))
	  ->  Bitmap Index Scan on k_5  (cost=0.00..5.40 rows=97 width=0)
	        Index Cond: ((k >= 3577665) AND (k <= 3577765))

table 6 : explain SELECT k, c FROM sbtest6 WHERE k BETWEEN 3577665 AND 3577765
	Bitmap Heap Scan on sbtest6  (cost=5.49..413.39 rows=103 width=125)
	  Recheck Cond: ((k >= 3577665) AND (k <= 3577765))
	  ->  Bitmap Index Scan on k_6  (cost=0.00..5.46 rows=103 width=0)
	        Index Cond: ((k >= 3577665) AND (k <= 3577765))

table 7 : explain SELECT k, c FROM sbtest7 WHERE k BETWEEN 3577665 AND 3577765
	Bitmap Heap Scan on sbtest7  (cost=5.51..421.30 rows=105 width=125)
	  Recheck Cond: ((k >= 3577665) AND (k <= 3577765))
	  ->  Bitmap Index Scan on k_7  (cost=0.00..5.48 rows=105 width=0)
	        Index Cond: ((k >= 3577665) AND (k <= 3577765))

table 8 : explain SELECT k, c FROM sbtest8 WHERE k BETWEEN 3577665 AND 3577765
	Bitmap Heap Scan on sbtest8  (cost=5.43..389.77 rows=97 width=125)
	  Recheck Cond: ((k >= 3577665) AND (k <= 3577765))
	  ->  Bitmap Index Scan on k_8  (cost=0.00..5.40 rows=97 width=0)
	        Index Cond: ((k >= 3577665) AND (k <= 3577765))

for range-notcovered
table 1 : explain SELECT k, c FROM sbtest1 WHERE k BETWEEN 443834 AND 443934
	Bitmap Heap Scan on sbtest1  (cost=5.50..417.49 rows=104 width=125)
	  Recheck Cond: ((k >= 443834) AND (k <= 443934))
	  ->  Bitmap Index Scan on k_1  (cost=0.00..5.47 rows=104 width=0)
	        Index Cond: ((k >= 443834) AND (k <= 443934))

table 2 : explain SELECT k, c FROM sbtest2 WHERE k BETWEEN 443834 AND 443934
	Bitmap Heap Scan on sbtest2  (cost=5.60..456.69 rows=114 width=125)
	  Recheck Cond: ((k >= 443834) AND (k <= 443934))
	  ->  Bitmap Index Scan on k_2  (cost=0.00..5.58 rows=114 width=0)
	        Index Cond: ((k >= 443834) AND (k <= 443934))

table 3 : explain SELECT k, c FROM sbtest3 WHERE k BETWEEN 443834 AND 443934
	Bitmap Heap Scan on sbtest3  (cost=5.38..369.95 rows=92 width=125)
	  Recheck Cond: ((k >= 443834) AND (k <= 443934))
	  ->  Bitmap Index Scan on k_3  (cost=0.00..5.35 rows=92 width=0)
	        Index Cond: ((k >= 443834) AND (k <= 443934))

table 4 : explain SELECT k, c FROM sbtest4 WHERE k BETWEEN 443834 AND 443934
	Bitmap Heap Scan on sbtest4  (cost=5.46..401.55 rows=100 width=125)
	  Recheck Cond: ((k >= 443834) AND (k <= 443934))
	  ->  Bitmap Index Scan on k_4  (cost=0.00..5.43 rows=100 width=0)
	        Index Cond: ((k >= 443834) AND (k <= 443934))

table 5 : explain SELECT k, c FROM sbtest5 WHERE k BETWEEN 443834 AND 443934
	Bitmap Heap Scan on sbtest5  (cost=5.51..421.32 rows=105 width=125)
	  Recheck Cond: ((k >= 443834) AND (k <= 443934))
	  ->  Bitmap Index Scan on k_5  (cost=0.00..5.48 rows=105 width=0)
	        Index Cond: ((k >= 443834) AND (k <= 443934))

table 6 : explain SELECT k, c FROM sbtest6 WHERE k BETWEEN 443834 AND 443934
	Bitmap Heap Scan on sbtest6  (cost=5.64..472.49 rows=118 width=125)
	  Recheck Cond: ((k >= 443834) AND (k <= 443934))
	  ->  Bitmap Index Scan on k_6  (cost=0.00..5.61 rows=118 width=0)
	        Index Cond: ((k >= 443834) AND (k <= 443934))

table 7 : explain SELECT k, c FROM sbtest7 WHERE k BETWEEN 443834 AND 443934
	Bitmap Heap Scan on sbtest7  (cost=5.47..405.53 rows=101 width=125)
	  Recheck Cond: ((k >= 443834) AND (k <= 443934))
	  ->  Bitmap Index Scan on k_7  (cost=0.00..5.44 rows=101 width=0)
	        Index Cond: ((k >= 443834) AND (k <= 443934))

table 8 : explain SELECT k, c FROM sbtest8 WHERE k BETWEEN 443834 AND 443934
	Bitmap Heap Scan on sbtest8  (cost=5.55..437.09 rows=109 width=125)
	  Recheck Cond: ((k >= 443834) AND (k <= 443934))
	  ->  Bitmap Index Scan on k_8  (cost=0.00..5.52 rows=109 width=0)
	        Index Cond: ((k >= 443834) AND (k <= 443934))

for range-notcovered
table 1 : explain SELECT k, c FROM sbtest1 WHERE k BETWEEN 5428658 AND 5428758
	Bitmap Heap Scan on sbtest1  (cost=5.46..401.71 rows=100 width=125)
	  Recheck Cond: ((k >= 5428658) AND (k <= 5428758))
	  ->  Bitmap Index Scan on k_1  (cost=0.00..5.43 rows=100 width=0)
	        Index Cond: ((k >= 5428658) AND (k <= 5428758))

table 2 : explain SELECT k, c FROM sbtest2 WHERE k BETWEEN 5428658 AND 5428758
	Bitmap Heap Scan on sbtest2  (cost=5.53..429.12 rows=107 width=125)
	  Recheck Cond: ((k >= 5428658) AND (k <= 5428758))
	  ->  Bitmap Index Scan on k_2  (cost=0.00..5.50 rows=107 width=0)
	        Index Cond: ((k >= 5428658) AND (k <= 5428758))

table 3 : explain SELECT k, c FROM sbtest3 WHERE k BETWEEN 5428658 AND 5428758
	Bitmap Heap Scan on sbtest3  (cost=5.43..389.68 rows=97 width=125)
	  Recheck Cond: ((k >= 5428658) AND (k <= 5428758))
	  ->  Bitmap Index Scan on k_3  (cost=0.00..5.40 rows=97 width=0)
	        Index Cond: ((k >= 5428658) AND (k <= 5428758))

table 4 : explain SELECT k, c FROM sbtest4 WHERE k BETWEEN 5428658 AND 5428758
	Bitmap Heap Scan on sbtest4  (cost=5.47..405.50 rows=101 width=125)
	  Recheck Cond: ((k >= 5428658) AND (k <= 5428758))
	  ->  Bitmap Index Scan on k_4  (cost=0.00..5.44 rows=101 width=0)
	        Index Cond: ((k >= 5428658) AND (k <= 5428758))

table 5 : explain SELECT k, c FROM sbtest5 WHERE k BETWEEN 5428658 AND 5428758
	Bitmap Heap Scan on sbtest5  (cost=5.52..425.26 rows=106 width=125)
	  Recheck Cond: ((k >= 5428658) AND (k <= 5428758))
	  ->  Bitmap Index Scan on k_5  (cost=0.00..5.50 rows=106 width=0)
	        Index Cond: ((k >= 5428658) AND (k <= 5428758))

table 6 : explain SELECT k, c FROM sbtest6 WHERE k BETWEEN 5428658 AND 5428758
	Bitmap Heap Scan on sbtest6  (cost=5.38..369.99 rows=92 width=125)
	  Recheck Cond: ((k >= 5428658) AND (k <= 5428758))
	  ->  Bitmap Index Scan on k_6  (cost=0.00..5.35 rows=92 width=0)
	        Index Cond: ((k >= 5428658) AND (k <= 5428758))

table 7 : explain SELECT k, c FROM sbtest7 WHERE k BETWEEN 5428658 AND 5428758
	Bitmap Heap Scan on sbtest7  (cost=5.42..385.80 rows=96 width=125)
	  Recheck Cond: ((k >= 5428658) AND (k <= 5428758))
	  ->  Bitmap Index Scan on k_7  (cost=0.00..5.39 rows=96 width=0)
	        Index Cond: ((k >= 5428658) AND (k <= 5428758))

table 8 : explain SELECT k, c FROM sbtest8 WHERE k BETWEEN 5428658 AND 5428758
	Bitmap Heap Scan on sbtest8  (cost=5.48..409.49 rows=102 width=125)
	  Recheck Cond: ((k >= 5428658) AND (k <= 5428758))
	  ->  Bitmap Index Scan on k_8  (cost=0.00..5.45 rows=102 width=0)
	        Index Cond: ((k >= 5428658) AND (k <= 5428758))
explain: for range-notcovered :: explain SELECT k, c FROM sbtest%d WHERE k BETWEEN 5658378 AND 5658478
for range-notcovered
table 1 : explain SELECT k, c FROM sbtest1 WHERE k BETWEEN 5256120 AND 5256220
	Bitmap Heap Scan on sbtest1  (cost=5.64..472.68 rows=118 width=125)
	  Recheck Cond: ((k >= 5256120) AND (k <= 5256220))
	  ->  Bitmap Index Scan on k_1  (cost=0.00..5.61 rows=118 width=0)
	        Index Cond: ((k >= 5256120) AND (k <= 5256220))

table 2 : explain SELECT k, c FROM sbtest2 WHERE k BETWEEN 5256120 AND 5256220
	Bitmap Heap Scan on sbtest2  (cost=5.49..413.35 rows=103 width=125)
	  Recheck Cond: ((k >= 5256120) AND (k <= 5256220))
	  ->  Bitmap Index Scan on k_2  (cost=0.00..5.46 rows=103 width=0)
	        Index Cond: ((k >= 5256120) AND (k <= 5256220))

table 3 : explain SELECT k, c FROM sbtest3 WHERE k BETWEEN 5256120 AND 5256220
	Bitmap Heap Scan on sbtest3  (cost=5.57..444.87 rows=111 width=125)
	  Recheck Cond: ((k >= 5256120) AND (k <= 5256220))
	  ->  Bitmap Index Scan on k_3  (cost=0.00..5.54 rows=111 width=0)
	        Index Cond: ((k >= 5256120) AND (k <= 5256220))

table 4 : explain SELECT k, c FROM sbtest4 WHERE k BETWEEN 5256120 AND 5256220
	Bitmap Heap Scan on sbtest4  (cost=5.48..409.44 rows=102 width=125)
	  Recheck Cond: ((k >= 5256120) AND (k <= 5256220))
	  ->  Bitmap Index Scan on k_4  (cost=0.00..5.45 rows=102 width=0)
	        Index Cond: ((k >= 5256120) AND (k <= 5256220))

table 5 : explain SELECT k, c FROM sbtest5 WHERE k BETWEEN 5256120 AND 5256220
	Bitmap Heap Scan on sbtest5  (cost=5.50..417.37 rows=104 width=125)
	  Recheck Cond: ((k >= 5256120) AND (k <= 5256220))
	  ->  Bitmap Index Scan on k_5  (cost=0.00..5.47 rows=104 width=0)
	        Index Cond: ((k >= 5256120) AND (k <= 5256220))

table 6 : explain SELECT k, c FROM sbtest6 WHERE k BETWEEN 5256120 AND 5256220
	Bitmap Heap Scan on sbtest6  (cost=5.56..440.98 rows=110 width=125)
	  Recheck Cond: ((k >= 5256120) AND (k <= 5256220))
	  ->  Bitmap Index Scan on k_6  (cost=0.00..5.53 rows=110 width=0)
	        Index Cond: ((k >= 5256120) AND (k <= 5256220))

table 7 : explain SELECT k, c FROM sbtest7 WHERE k BETWEEN 5256120 AND 5256220
	Bitmap Heap Scan on sbtest7  (cost=5.50..417.36 rows=104 width=125)
	  Recheck Cond: ((k >= 5256120) AND (k <= 5256220))
	  ->  Bitmap Index Scan on k_7  (cost=0.00..5.47 rows=104 width=0)
	        Index Cond: ((k >= 5256120) AND (k <= 5256220))

table 8 : explain SELECT k, c FROM sbtest8 WHERE k BETWEEN 5256120 AND 5256220
	Bitmap Heap Scan on sbtest8  (cost=5.51..421.32 rows=105 width=125)
	  Recheck Cond: ((k >= 5256120) AND (k <= 5256220))
	  ->  Bitmap Index Scan on k_8  (cost=0.00..5.48 rows=105 width=0)
	        Index Cond: ((k >= 5256120) AND (k <= 5256220))

explain: for range-notcovered :: explain SELECT k, c FROM sbtest%d WHERE k BETWEEN 4998269 AND 4998369

for range-notcovered
table 1 : explain SELECT k, c FROM sbtest1 WHERE k BETWEEN 5715146 AND 5715246
	Bitmap Heap Scan on sbtest1  (cost=5.53..429.32 rows=107 width=125)
	  Recheck Cond: ((k >= 5715146) AND (k <= 5715246))
	  ->  Bitmap Index Scan on k_1  (cost=0.00..5.50 rows=107 width=0)
	        Index Cond: ((k >= 5715146) AND (k <= 5715246))

table 2 : explain SELECT k, c FROM sbtest2 WHERE k BETWEEN 5715146 AND 5715246
	Bitmap Heap Scan on sbtest2  (cost=5.52..425.18 rows=106 width=125)
	  Recheck Cond: ((k >= 5715146) AND (k <= 5715246))
	  ->  Bitmap Index Scan on k_2  (cost=0.00..5.50 rows=106 width=0)
	        Index Cond: ((k >= 5715146) AND (k <= 5715246))

table 3 : explain SELECT k, c FROM sbtest3 WHERE k BETWEEN 5715146 AND 5715246
	Bitmap Heap Scan on sbtest3  (cost=5.46..401.51 rows=100 width=125)
	  Recheck Cond: ((k >= 5715146) AND (k <= 5715246))
	  ->  Bitmap Index Scan on k_3  (cost=0.00..5.43 rows=100 width=0)
	        Index Cond: ((k >= 5715146) AND (k <= 5715246))

table 4 : explain SELECT k, c FROM sbtest4 WHERE k BETWEEN 5715146 AND 5715246
	Bitmap Heap Scan on sbtest4  (cost=5.50..417.33 rows=104 width=125)
	  Recheck Cond: ((k >= 5715146) AND (k <= 5715246))
	  ->  Bitmap Index Scan on k_4  (cost=0.00..5.47 rows=104 width=0)
	        Index Cond: ((k >= 5715146) AND (k <= 5715246))

table 5 : explain SELECT k, c FROM sbtest5 WHERE k BETWEEN 5715146 AND 5715246
	Bitmap Heap Scan on sbtest5  (cost=5.50..417.37 rows=104 width=125)
	  Recheck Cond: ((k >= 5715146) AND (k <= 5715246))
	  ->  Bitmap Index Scan on k_5  (cost=0.00..5.47 rows=104 width=0)
	        Index Cond: ((k >= 5715146) AND (k <= 5715246))

table 6 : explain SELECT k, c FROM sbtest6 WHERE k BETWEEN 5715146 AND 5715246
	Bitmap Heap Scan on sbtest6  (cost=5.44..393.67 rows=98 width=125)
	  Recheck Cond: ((k >= 5715146) AND (k <= 5715246))
	  ->  Bitmap Index Scan on k_6  (cost=0.00..5.42 rows=98 width=0)
	        Index Cond: ((k >= 5715146) AND (k <= 5715246))

table 7 : explain SELECT k, c FROM sbtest7 WHERE k BETWEEN 5715146 AND 5715246
	Bitmap Heap Scan on sbtest7  (cost=5.53..429.19 rows=107 width=125)
	  Recheck Cond: ((k >= 5715146) AND (k <= 5715246))
	  ->  Bitmap Index Scan on k_7  (cost=0.00..5.50 rows=107 width=0)
	        Index Cond: ((k >= 5715146) AND (k <= 5715246))

table 8 : explain SELECT k, c FROM sbtest8 WHERE k BETWEEN 5715146 AND 5715246
	Bitmap Heap Scan on sbtest8  (cost=5.53..429.21 rows=107 width=125)
	  Recheck Cond: ((k >= 5715146) AND (k <= 5715246))
	  ->  Bitmap Index Scan on k_8  (cost=0.00..5.50 rows=107 width=0)
	        Index Cond: ((k >= 5715146) AND (k <= 5715246))

for range-notcovered
table 1 : explain SELECT k, c FROM sbtest1 WHERE k BETWEEN 2131083 AND 2131183
	Bitmap Heap Scan on sbtest1  (cost=5.48..409.60 rows=102 width=125)
	  Recheck Cond: ((k >= 2131083) AND (k <= 2131183))
	  ->  Bitmap Index Scan on k_1  (cost=0.00..5.45 rows=102 width=0)
	        Index Cond: ((k >= 2131083) AND (k <= 2131183))

table 2 : explain SELECT k, c FROM sbtest2 WHERE k BETWEEN 2131083 AND 2131183
	Bitmap Heap Scan on sbtest2  (cost=5.49..413.35 rows=103 width=125)
	  Recheck Cond: ((k >= 2131083) AND (k <= 2131183))
	  ->  Bitmap Index Scan on k_2  (cost=0.00..5.46 rows=103 width=0)
	        Index Cond: ((k >= 2131083) AND (k <= 2131183))

table 3 : explain SELECT k, c FROM sbtest3 WHERE k BETWEEN 2131083 AND 2131183
	Bitmap Heap Scan on sbtest3  (cost=5.45..397.57 rows=99 width=125)
	  Recheck Cond: ((k >= 2131083) AND (k <= 2131183))
	  ->  Bitmap Index Scan on k_3  (cost=0.00..5.42 rows=99 width=0)
	        Index Cond: ((k >= 2131083) AND (k <= 2131183))

table 4 : explain SELECT k, c FROM sbtest4 WHERE k BETWEEN 2131083 AND 2131183
	Bitmap Heap Scan on sbtest4  (cost=5.41..381.83 rows=95 width=125)
	  Recheck Cond: ((k >= 2131083) AND (k <= 2131183))
	  ->  Bitmap Index Scan on k_4  (cost=0.00..5.38 rows=95 width=0)
	        Index Cond: ((k >= 2131083) AND (k <= 2131183))

table 5 : explain SELECT k, c FROM sbtest5 WHERE k BETWEEN 2131083 AND 2131183
	Bitmap Heap Scan on sbtest5  (cost=5.52..425.26 rows=106 width=125)
	  Recheck Cond: ((k >= 2131083) AND (k <= 2131183))
	  ->  Bitmap Index Scan on k_5  (cost=0.00..5.50 rows=106 width=0)
	        Index Cond: ((k >= 2131083) AND (k <= 2131183))

table 6 : explain SELECT k, c FROM sbtest6 WHERE k BETWEEN 2131083 AND 2131183
	Bitmap Heap Scan on sbtest6  (cost=5.58..448.86 rows=112 width=125)
	  Recheck Cond: ((k >= 2131083) AND (k <= 2131183))
	  ->  Bitmap Index Scan on k_6  (cost=0.00..5.55 rows=112 width=0)
	        Index Cond: ((k >= 2131083) AND (k <= 2131183))

table 7 : explain SELECT k, c FROM sbtest7 WHERE k BETWEEN 2131083 AND 2131183
	Bitmap Heap Scan on sbtest7  (cost=5.48..409.47 rows=102 width=125)
	  Recheck Cond: ((k >= 2131083) AND (k <= 2131183))
	  ->  Bitmap Index Scan on k_7  (cost=0.00..5.45 rows=102 width=0)
	        Index Cond: ((k >= 2131083) AND (k <= 2131183))

table 8 : explain SELECT k, c FROM sbtest8 WHERE k BETWEEN 2131083 AND 2131183
	Bitmap Heap Scan on sbtest8  (cost=5.42..385.82 rows=96 width=125)
	  Recheck Cond: ((k >= 2131083) AND (k <= 2131183))
	  ->  Bitmap Index Scan on k_8  (cost=0.00..5.39 rows=96 width=0)
	        Index Cond: ((k >= 2131083) AND (k <= 2131183))


explain: for range-notcovered :: explain SELECT k, c FROM sbtest%d WHERE k BETWEEN 3577665 AND 3577765
explain: for range-notcovered :: explain SELECT k, c FROM sbtest%d WHERE k BETWEEN 443834 AND 443934for range-notcovered
table 1 : explain SELECT k, c FROM sbtest1 WHERE k BETWEEN 5149272 AND 5149372
	Bitmap Heap Scan on sbtest1  (cost=5.57..445.09 rows=111 width=125)
	  Recheck Cond: ((k >= 5149272) AND (k <= 5149372))
	  ->  Bitmap Index Scan on k_1  (cost=0.00..5.54 rows=111 width=0)
	        Index Cond: ((k >= 5149272) AND (k <= 5149372))

table 2 : explain SELECT k, c FROM sbtest2 WHERE k BETWEEN 5149272 AND 5149372
	Bitmap Heap Scan on sbtest2  (cost=5.43..389.69 rows=97 width=125)
	  Recheck Cond: ((k >= 5149272) AND (k <= 5149372))
	  ->  Bitmap Index Scan on k_2  (cost=0.00..5.40 rows=97 width=0)
	        Index Cond: ((k >= 5149272) AND (k <= 5149372))

table 3 : explain SELECT k, c FROM sbtest3 WHERE k BETWEEN 5149272 AND 5149372
	Bitmap Heap Scan on sbtest3  (cost=5.39..373.90 rows=93 width=125)
	  Recheck Cond: ((k >= 5149272) AND (k <= 5149372))
	  ->  Bitmap Index Scan on k_3  (cost=0.00..5.36 rows=93 width=0)
	        Index Cond: ((k >= 5149272) AND (k <= 5149372))

table 4 : explain SELECT k, c FROM sbtest4 WHERE k BETWEEN 5149272 AND 5149372
	Bitmap Heap Scan on sbtest4  (cost=5.53..429.15 rows=107 width=125)
	  Recheck Cond: ((k >= 5149272) AND (k <= 5149372))
	  ->  Bitmap Index Scan on k_4  (cost=0.00..5.50 rows=107 width=0)
	        Index Cond: ((k >= 5149272) AND (k <= 5149372))

table 5 : explain SELECT k, c FROM sbtest5 WHERE k BETWEEN 5149272 AND 5149372
	Bitmap Heap Scan on sbtest5  (cost=5.44..393.71 rows=98 width=125)
	  Recheck Cond: ((k >= 5149272) AND (k <= 5149372))
	  ->  Bitmap Index Scan on k_5  (cost=0.00..5.42 rows=98 width=0)
	        Index Cond: ((k >= 5149272) AND (k <= 5149372))

table 6 : explain SELECT k, c FROM sbtest6 WHERE k BETWEEN 5149272 AND 5149372
	Bitmap Heap Scan on sbtest6  (cost=5.54..433.10 rows=108 width=125)
	  Recheck Cond: ((k >= 5149272) AND (k <= 5149372))
	  ->  Bitmap Index Scan on k_6  (cost=0.00..5.51 rows=108 width=0)
	        Index Cond: ((k >= 5149272) AND (k <= 5149372))

table 7 : explain SELECT k, c FROM sbtest7 WHERE k BETWEEN 5149272 AND 5149372
	Bitmap Heap Scan on sbtest7  (cost=5.64..472.52 rows=118 width=125)
	  Recheck Cond: ((k >= 5149272) AND (k <= 5149372))
	  ->  Bitmap Index Scan on k_7  (cost=0.00..5.61 rows=118 width=0)
	        Index Cond: ((k >= 5149272) AND (k <= 5149372))

table 8 : explain SELECT k, c FROM sbtest8 WHERE k BETWEEN 5149272 AND 5149372
	Bitmap Heap Scan on sbtest8  (cost=5.41..381.87 rows=95 width=125)
	  Recheck Cond: ((k >= 5149272) AND (k <= 5149372))
	  ->  Bitmap Index Scan on k_8  (cost=0.00..5.38 rows=95 width=0)
	        Index Cond: ((k >= 5149272) AND (k <= 5149372))

explain: for range-notcovered :: explain SELECT k, c FROM sbtest%d WHERE k BETWEEN 5715146 AND 5715246
for range-notcovered
table 1 : explain SELECT k, c FROM sbtest1 WHERE k BETWEEN 4339301 AND 4339401
	Bitmap Heap Scan on sbtest1  (cost=5.42..385.92 rows=96 width=125)
	  Recheck Cond: ((k >= 4339301) AND (k <= 4339401))
	  ->  Bitmap Index Scan on k_1  (cost=0.00..5.39 rows=96 width=0)
	        Index Cond: ((k >= 4339301) AND (k <= 4339401))

table 2 : explain SELECT k, c FROM sbtest2 WHERE k BETWEEN 4339301 AND 4339401
	Bitmap Heap Scan on sbtest2  (cost=5.47..405.46 rows=101 width=125)
	  Recheck Cond: ((k >= 4339301) AND (k <= 4339401))
	  ->  Bitmap Index Scan on k_2  (cost=0.00..5.44 rows=101 width=0)
	        Index Cond: ((k >= 4339301) AND (k <= 4339401))

table 3 : explain SELECT k, c FROM sbtest3 WHERE k BETWEEN 4339301 AND 4339401
	Bitmap Heap Scan on sbtest3  (cost=5.58..448.80 rows=112 width=125)
	  Recheck Cond: ((k >= 4339301) AND (k <= 4339401))
	  ->  Bitmap Index Scan on k_3  (cost=0.00..5.55 rows=112 width=0)
	        Index Cond: ((k >= 4339301) AND (k <= 4339401))

table 4 : explain SELECT k, c FROM sbtest4 WHERE k BETWEEN 4339301 AND 4339401
	Bitmap Heap Scan on sbtest4  (cost=5.56..440.98 rows=110 width=125)
	  Recheck Cond: ((k >= 4339301) AND (k <= 4339401))
	  ->  Bitmap Index Scan on k_4  (cost=0.00..5.53 rows=110 width=0)
	        Index Cond: ((k >= 4339301) AND (k <= 4339401))

table 5 : explain SELECT k, c FROM sbtest5 WHERE k BETWEEN 4339301 AND 4339401
	Bitmap Heap Scan on sbtest5  (cost=5.43..389.76 rows=97 width=125)
	  Recheck Cond: ((k >= 4339301) AND (k <= 4339401))
	  ->  Bitmap Index Scan on k_5  (cost=0.00..5.40 rows=97 width=0)
	        Index Cond: ((k >= 4339301) AND (k <= 4339401))

table 6 : explain SELECT k, c FROM sbtest6 WHERE k BETWEEN 4339301 AND 4339401
	Bitmap Heap Scan on sbtest6  (cost=5.52..425.21 rows=106 width=125)
	  Recheck Cond: ((k >= 4339301) AND (k <= 4339401))
	  ->  Bitmap Index Scan on k_6  (cost=0.00..5.50 rows=106 width=0)
	        Index Cond: ((k >= 4339301) AND (k <= 4339401))

table 7 : explain SELECT k, c FROM sbtest7 WHERE k BETWEEN 4339301 AND 4339401
	Bitmap Heap Scan on sbtest7  (cost=5.36..362.12 rows=90 width=125)
	  Recheck Cond: ((k >= 4339301) AND (k <= 4339401))
	  ->  Bitmap Index Scan on k_7  (cost=0.00..5.33 rows=90 width=0)
	        Index Cond: ((k >= 4339301) AND (k <= 4339401))

table 8 : explain SELECT k, c FROM sbtest8 WHERE k BETWEEN 4339301 AND 4339401
	Bitmap Heap Scan on sbtest8  (cost=5.51..421.32 rows=105 width=125)
	  Recheck Cond: ((k >= 4339301) AND (k <= 4339401))
	  ->  Bitmap Index Scan on k_8  (cost=0.00..5.48 rows=105 width=0)
	        Index Cond: ((k >= 4339301) AND (k <= 4339401))


for range-notcovered
table 1 : explain SELECT k, c FROM sbtest1 WHERE k BETWEEN 2389879 AND 2389979
	Bitmap Heap Scan on sbtest1  (cost=5.45..397.76 rows=99 width=125)
	  Recheck Cond: ((k >= 2389879) AND (k <= 2389979))
	  ->  Bitmap Index Scan on k_1  (cost=0.00..5.42 rows=99 width=0)
	        Index Cond: ((k >= 2389879) AND (k <= 2389979))

table 2 : explain SELECT k, c FROM sbtest2 WHERE k BETWEEN 2389879 AND 2389979
	Bitmap Heap Scan on sbtest2  (cost=5.44..393.63 rows=98 width=125)
	  Recheck Cond: ((k >= 2389879) AND (k <= 2389979))
	  ->  Bitmap Index Scan on k_2  (cost=0.00..5.42 rows=98 width=0)
	        Index Cond: ((k >= 2389879) AND (k <= 2389979))

table 3 : explain SELECT k, c FROM sbtest3 WHERE k BETWEEN 2389879 AND 2389979
	Bitmap Heap Scan on sbtest3  (cost=5.51..421.22 rows=105 width=125)
	  Recheck Cond: ((k >= 2389879) AND (k <= 2389979))
	  ->  Bitmap Index Scan on k_3  (cost=0.00..5.48 rows=105 width=0)
	        Index Cond: ((k >= 2389879) AND (k <= 2389979))

table 4 : explain SELECT k, c FROM sbtest4 WHERE k BETWEEN 2389879 AND 2389979
	Bitmap Heap Scan on sbtest4  (cost=5.44..393.67 rows=98 width=125)
	  Recheck Cond: ((k >= 2389879) AND (k <= 2389979))
	  ->  Bitmap Index Scan on k_4  (cost=0.00..5.42 rows=98 width=0)
	        Index Cond: ((k >= 2389879) AND (k <= 2389979))

table 5 : explain SELECT k, c FROM sbtest5 WHERE k BETWEEN 2389879 AND 2389979
	Bitmap Heap Scan on sbtest5  (cost=5.52..425.26 rows=106 width=125)
	  Recheck Cond: ((k >= 2389879) AND (k <= 2389979))
	  ->  Bitmap Index Scan on k_5  (cost=0.00..5.50 rows=106 width=0)
	        Index Cond: ((k >= 2389879) AND (k <= 2389979))

table 6 : explain SELECT k, c FROM sbtest6 WHERE k BETWEEN 2389879 AND 2389979
	Bitmap Heap Scan on sbtest6  (cost=5.46..401.56 rows=100 width=125)
	  Recheck Cond: ((k >= 2389879) AND (k <= 2389979))
	  ->  Bitmap Index Scan on k_6  (cost=0.00..5.43 rows=100 width=0)
	        Index Cond: ((k >= 2389879) AND (k <= 2389979))

table 7 : explain SELECT k, c FROM sbtest7 WHERE k BETWEEN 2389879 AND 2389979
	Bitmap Heap Scan on sbtest7  (cost=5.44..393.69 rows=98 width=125)
	  Recheck Cond: ((k >= 2389879) AND (k <= 2389979))
	  ->  Bitmap Index Scan on k_7  (cost=0.00..5.42 rows=98 width=0)
	        Index Cond: ((k >= 2389879) AND (k <= 2389979))

table 8 : explain SELECT k, c FROM sbtest8 WHERE k BETWEEN 2389879 AND 2389979
	Bitmap Heap Scan on sbtest8  (cost=5.49..413.43 rows=103 width=125)
	  Recheck Cond: ((k >= 2389879) AND (k <= 2389979))
	  ->  Bitmap Index Scan on k_8  (cost=0.00..5.46 rows=103 width=0)
	        Index Cond: ((k >= 2389879) AND (k <= 2389979))

for range-notcovered
table 1 : explain SELECT k, c FROM sbtest1 WHERE k BETWEEN 5520301 AND 5520401
	Bitmap Heap Scan on sbtest1  (cost=5.42..385.92 rows=96 width=125)
	  Recheck Cond: ((k >= 5520301) AND (k <= 5520401))
	  ->  Bitmap Index Scan on k_1  (cost=0.00..5.39 rows=96 width=0)
	        Index Cond: ((k >= 5520301) AND (k <= 5520401))

table 2 : explain SELECT k, c FROM sbtest2 WHERE k BETWEEN 5520301 AND 5520401
	Bitmap Heap Scan on sbtest2  (cost=5.40..377.85 rows=94 width=125)
	  Recheck Cond: ((k >= 5520301) AND (k <= 5520401))
	  ->  Bitmap Index Scan on k_2  (cost=0.00..5.38 rows=94 width=0)
	        Index Cond: ((k >= 5520301) AND (k <= 5520401))

table 3 : explain SELECT k, c FROM sbtest3 WHERE k BETWEEN 5520301 AND 5520401
	Bitmap Heap Scan on sbtest3  (cost=5.43..389.68 rows=97 width=125)
	  Recheck Cond: ((k >= 5520301) AND (k <= 5520401))
	  ->  Bitmap Index Scan on k_3  (cost=0.00..5.40 rows=97 width=0)
	        Index Cond: ((k >= 5520301) AND (k <= 5520401))

table 4 : explain SELECT k, c FROM sbtest4 WHERE k BETWEEN 5520301 AND 5520401
	Bitmap Heap Scan on sbtest4  (cost=5.52..425.21 rows=106 width=125)
	  Recheck Cond: ((k >= 5520301) AND (k <= 5520401))
	  ->  Bitmap Index Scan on k_4  (cost=0.00..5.50 rows=106 width=0)
	        Index Cond: ((k >= 5520301) AND (k <= 5520401))

table 5 : explain SELECT k, c FROM sbtest5 WHERE k BETWEEN 5520301 AND 5520401
	Bitmap Heap Scan on sbtest5  (cost=5.49..413.43 rows=103 width=125)
	  Recheck Cond: ((k >= 5520301) AND (k <= 5520401))
	  ->  Bitmap Index Scan on k_5  (cost=0.00..5.46 rows=103 width=0)
	        Index Cond: ((k >= 5520301) AND (k <= 5520401))

table 6 : explain SELECT k, c FROM sbtest6 WHERE k BETWEEN 5520301 AND 5520401
	Bitmap Heap Scan on sbtest6  (cost=5.53..429.16 rows=107 width=125)
	  Recheck Cond: ((k >= 5520301) AND (k <= 5520401))
	  ->  Bitmap Index Scan on k_6  (cost=0.00..5.50 rows=107 width=0)
	        Index Cond: ((k >= 5520301) AND (k <= 5520401))

table 7 : explain SELECT k, c FROM sbtest7 WHERE k BETWEEN 5520301 AND 5520401
	Bitmap Heap Scan on sbtest7  (cost=5.68..484.34 rows=121 width=125)
	  Recheck Cond: ((k >= 5520301) AND (k <= 5520401))
	  ->  Bitmap Index Scan on k_7  (cost=0.00..5.64 rows=121 width=0)
	        Index Cond: ((k >= 5520301) AND (k <= 5520401))

table 8 : explain SELECT k, c FROM sbtest8 WHERE k BETWEEN 5520301 AND 5520401
	Bitmap Heap Scan on sbtest8  (cost=5.45..397.66 rows=99 width=125)
	  Recheck Cond: ((k >= 5520301) AND (k <= 5520401))
	  ->  Bitmap Index Scan on k_8  (cost=0.00..5.42 rows=99 width=0)
	        Index Cond: ((k >= 5520301) AND (k <= 5520401))
for range-notcovered
table 1 : explain SELECT k, c FROM sbtest1 WHERE k BETWEEN 6515265 AND 6515365
	Bitmap Heap Scan on sbtest1  (cost=5.52..425.38 rows=106 width=125)
	  Recheck Cond: ((k >= 6515265) AND (k <= 6515365))
	  ->  Bitmap Index Scan on k_1  (cost=0.00..5.50 rows=106 width=0)
	        Index Cond: ((k >= 6515265) AND (k <= 6515365))

table 2 : explain SELECT k, c FROM sbtest2 WHERE k BETWEEN 6515265 AND 6515365
	Bitmap Heap Scan on sbtest2  (cost=5.44..393.63 rows=98 width=125)
	  Recheck Cond: ((k >= 6515265) AND (k <= 6515365))
	  ->  Bitmap Index Scan on k_2  (cost=0.00..5.42 rows=98 width=0)
	        Index Cond: ((k >= 6515265) AND (k <= 6515365))

table 3 : explain SELECT k, c FROM sbtest3 WHERE k BETWEEN 6515265 AND 6515365
	Bitmap Heap Scan on sbtest3  (cost=5.51..421.22 rows=105 width=125)
	  Recheck Cond: ((k >= 6515265) AND (k <= 6515365))
	  ->  Bitmap Index Scan on k_3  (cost=0.00..5.48 rows=105 width=0)
	        Index Cond: ((k >= 6515265) AND (k <= 6515365))

table 4 : explain SELECT k, c FROM sbtest4 WHERE k BETWEEN 6515265 AND 6515365
	Bitmap Heap Scan on sbtest4  (cost=5.46..401.55 rows=100 width=125)
	  Recheck Cond: ((k >= 6515265) AND (k <= 6515365))
	  ->  Bitmap Index Scan on k_4  (cost=0.00..5.43 rows=100 width=0)
	        Index Cond: ((k >= 6515265) AND (k <= 6515365))

table 5 : explain SELECT k, c FROM sbtest5 WHERE k BETWEEN 6515265 AND 6515365
	Bitmap Heap Scan on sbtest5  (cost=5.41..381.87 rows=95 width=125)
	  Recheck Cond: ((k >= 6515265) AND (k <= 6515365))
	  ->  Bitmap Index Scan on k_5  (cost=0.00..5.38 rows=95 width=0)
	        Index Cond: ((k >= 6515265) AND (k <= 6515365))

table 6 : explain SELECT k, c FROM sbtest6 WHERE k BETWEEN 6515265 AND 6515365
	Bitmap Heap Scan on sbtest6  (cost=5.46..401.56 rows=100 width=125)
	  Recheck Cond: ((k >= 6515265) AND (k <= 6515365))
	  ->  Bitmap Index Scan on k_6  (cost=0.00..5.43 rows=100 width=0)
	        Index Cond: ((k >= 6515265) AND (k <= 6515365))

table 7 : explain SELECT k, c FROM sbtest7 WHERE k BETWEEN 6515265 AND 6515365
	Bitmap Heap Scan on sbtest7  (cost=5.43..389.75 rows=97 width=125)
	  Recheck Cond: ((k >= 6515265) AND (k <= 6515365))
	  ->  Bitmap Index Scan on k_7  (cost=0.00..5.40 rows=97 width=0)
	        Index Cond: ((k >= 6515265) AND (k <= 6515365))

table 8 : explain SELECT k, c FROM sbtest8 WHERE k BETWEEN 6515265 AND 6515365
	Bitmap Heap Scan on sbtest8  (cost=5.45..397.66 rows=99 width=125)
	  Recheck Cond: ((k >= 6515265) AND (k <= 6515365))
	  ->  Bitmap Index Scan on k_8  (cost=0.00..5.42 rows=99 width=0)
	        Index Cond: ((k >= 6515265) AND (k <= 6515365))

explain: for range-notcovered :: explain SELECT k, c FROM sbtest%d WHERE k BETWEEN 5428658 AND 5428758

explain: for range-notcovered :: explain SELECT k, c FROM sbtest%d WHERE k BETWEEN 2131083 AND 2131183
explain: for range-notcovered :: explain SELECT k, c FROM sbtest%d WHERE k BETWEEN 5256120 AND 5256220

explain: for range-notcovered :: explain SELECT k, c FROM sbtest%d WHERE k BETWEEN 5149272 AND 5149372
for range-notcovered
table 1 : explain SELECT k, c FROM sbtest1 WHERE k BETWEEN 4481903 AND 4482003
	Bitmap Heap Scan on sbtest1  (cost=5.48..409.60 rows=102 width=125)
	  Recheck Cond: ((k >= 4481903) AND (k <= 4482003))
	  ->  Bitmap Index Scan on k_1  (cost=0.00..5.45 rows=102 width=0)
	        Index Cond: ((k >= 4481903) AND (k <= 4482003))

table 2 : explain SELECT k, c FROM sbtest2 WHERE k BETWEEN 4481903 AND 4482003
	Bitmap Heap Scan on sbtest2  (cost=5.39..373.91 rows=93 width=125)
	  Recheck Cond: ((k >= 4481903) AND (k <= 4482003))
	  ->  Bitmap Index Scan on k_2  (cost=0.00..5.36 rows=93 width=0)
	        Index Cond: ((k >= 4481903) AND (k <= 4482003))

table 3 : explain SELECT k, c FROM sbtest3 WHERE k BETWEEN 4481903 AND 4482003
	Bitmap Heap Scan on sbtest3  (cost=5.52..425.16 rows=106 width=125)
	  Recheck Cond: ((k >= 4481903) AND (k <= 4482003))
	  ->  Bitmap Index Scan on k_3  (cost=0.00..5.50 rows=106 width=0)
	        Index Cond: ((k >= 4481903) AND (k <= 4482003))

table 4 : explain SELECT k, c FROM sbtest4 WHERE k BETWEEN 4481903 AND 4482003
	Bitmap Heap Scan on sbtest4  (cost=5.56..440.98 rows=110 width=125)
	  Recheck Cond: ((k >= 4481903) AND (k <= 4482003))
	  ->  Bitmap Index Scan on k_4  (cost=0.00..5.53 rows=110 width=0)
	        Index Cond: ((k >= 4481903) AND (k <= 4482003))

table 5 : explain SELECT k, c FROM sbtest5 WHERE k BETWEEN 4481903 AND 4482003
	Bitmap Heap Scan on sbtest5  (cost=5.45..397.65 rows=99 width=125)
	  Recheck Cond: ((k >= 4481903) AND (k <= 4482003))
	  ->  Bitmap Index Scan on k_5  (cost=0.00..5.42 rows=99 width=0)
	        Index Cond: ((k >= 4481903) AND (k <= 4482003))

table 6 : explain SELECT k, c FROM sbtest6 WHERE k BETWEEN 4481903 AND 4482003
	Bitmap Heap Scan on sbtest6  (cost=5.38..369.99 rows=92 width=125)
	  Recheck Cond: ((k >= 4481903) AND (k <= 4482003))
	  ->  Bitmap Index Scan on k_6  (cost=0.00..5.35 rows=92 width=0)
	        Index Cond: ((k >= 4481903) AND (k <= 4482003))

table 7 : explain SELECT k, c FROM sbtest7 WHERE k BETWEEN 4481903 AND 4482003
	Bitmap Heap Scan on sbtest7  (cost=5.43..389.75 rows=97 width=125)
	  Recheck Cond: ((k >= 4481903) AND (k <= 4482003))
	  ->  Bitmap Index Scan on k_7  (cost=0.00..5.40 rows=97 width=0)
	        Index Cond: ((k >= 4481903) AND (k <= 4482003))

table 8 : explain SELECT k, c FROM sbtest8 WHERE k BETWEEN 4481903 AND 4482003
	Bitmap Heap Scan on sbtest8  (cost=5.49..413.43 rows=103 width=125)
	  Recheck Cond: ((k >= 4481903) AND (k <= 4482003))
	  ->  Bitmap Index Scan on k_8  (cost=0.00..5.46 rows=103 width=0)
	        Index Cond: ((k >= 4481903) AND (k <= 4482003))

explain: for range-notcovered :: explain SELECT k, c FROM sbtest%d WHERE k BETWEEN 2389879 AND 2389979
for range-notcovered
table 1 : explain SELECT k, c FROM sbtest1 WHERE k BETWEEN 8430366 AND 8430466
	Bitmap Heap Scan on sbtest1  (cost=5.47..405.65 rows=101 width=125)
	  Recheck Cond: ((k >= 8430366) AND (k <= 8430466))
	  ->  Bitmap Index Scan on k_1  (cost=0.00..5.44 rows=101 width=0)
	        Index Cond: ((k >= 8430366) AND (k <= 8430466))

table 2 : explain SELECT k, c FROM sbtest2 WHERE k BETWEEN 8430366 AND 8430466
	Bitmap Heap Scan on sbtest2  (cost=5.52..425.18 rows=106 width=125)
	  Recheck Cond: ((k >= 8430366) AND (k <= 8430466))
	  ->  Bitmap Index Scan on k_2  (cost=0.00..5.50 rows=106 width=0)
	        Index Cond: ((k >= 8430366) AND (k <= 8430466))

table 3 : explain SELECT k, c FROM sbtest3 WHERE k BETWEEN 8430366 AND 8430466
	Bitmap Heap Scan on sbtest3  (cost=5.49..413.34 rows=103 width=125)
	  Recheck Cond: ((k >= 8430366) AND (k <= 8430466))
	  ->  Bitmap Index Scan on k_3  (cost=0.00..5.46 rows=103 width=0)
	        Index Cond: ((k >= 8430366) AND (k <= 8430466))

table 4 : explain SELECT k, c FROM sbtest4 WHERE k BETWEEN 8430366 AND 8430466
	Bitmap Heap Scan on sbtest4  (cost=5.49..413.38 rows=103 width=125)
	  Recheck Cond: ((k >= 8430366) AND (k <= 8430466))
	  ->  Bitmap Index Scan on k_4  (cost=0.00..5.46 rows=103 width=0)
	        Index Cond: ((k >= 8430366) AND (k <= 8430466))

table 5 : explain SELECT k, c FROM sbtest5 WHERE k BETWEEN 8430366 AND 8430466
	Bitmap Heap Scan on sbtest5  (cost=5.42..385.82 rows=96 width=125)
	  Recheck Cond: ((k >= 8430366) AND (k <= 8430466))
	  ->  Bitmap Index Scan on k_5  (cost=0.00..5.39 rows=96 width=0)
	        Index Cond: ((k >= 8430366) AND (k <= 8430466))

table 6 : explain SELECT k, c FROM sbtest6 WHERE k BETWEEN 8430366 AND 8430466
	Bitmap Heap Scan on sbtest6  (cost=5.46..401.56 rows=100 width=125)
	  Recheck Cond: ((k >= 8430366) AND (k <= 8430466))
	  ->  Bitmap Index Scan on k_6  (cost=0.00..5.43 rows=100 width=0)
	        Index Cond: ((k >= 8430366) AND (k <= 8430466))

table 7 : explain SELECT k, c FROM sbtest7 WHERE k BETWEEN 8430366 AND 8430466
	Bitmap Heap Scan on sbtest7  (cost=5.40..377.91 rows=94 width=125)
	  Recheck Cond: ((k >= 8430366) AND (k <= 8430466))
	  ->  Bitmap Index Scan on k_7  (cost=0.00..5.38 rows=94 width=0)
	        Index Cond: ((k >= 8430366) AND (k <= 8430466))

table 8 : explain SELECT k, c FROM sbtest8 WHERE k BETWEEN 8430366 AND 8430466
	Bitmap Heap Scan on sbtest8  (cost=5.50..417.38 rows=104 width=125)
	  Recheck Cond: ((k >= 8430366) AND (k <= 8430466))
	  ->  Bitmap Index Scan on k_8  (cost=0.00..5.47 rows=104 width=0)
	        Index Cond: ((k >= 8430366) AND (k <= 8430466))

for range-notcovered
table 1 : explain SELECT k, c FROM sbtest1 WHERE k BETWEEN 5001658 AND 5001758
	Bitmap Heap Scan on sbtest1  (cost=5.50..417.49 rows=104 width=125)
	  Recheck Cond: ((k >= 5001658) AND (k <= 5001758))
	  ->  Bitmap Index Scan on k_1  (cost=0.00..5.47 rows=104 width=0)
	        Index Cond: ((k >= 5001658) AND (k <= 5001758))

table 2 : explain SELECT k, c FROM sbtest2 WHERE k BETWEEN 5001658 AND 5001758
	Bitmap Heap Scan on sbtest2  (cost=5.38..369.96 rows=92 width=125)
	  Recheck Cond: ((k >= 5001658) AND (k <= 5001758))
	  ->  Bitmap Index Scan on k_2  (cost=0.00..5.35 rows=92 width=0)
	        Index Cond: ((k >= 5001658) AND (k <= 5001758))

table 3 : explain SELECT k, c FROM sbtest3 WHERE k BETWEEN 5001658 AND 5001758
	Bitmap Heap Scan on sbtest3  (cost=5.35..358.11 rows=89 width=125)
	  Recheck Cond: ((k >= 5001658) AND (k <= 5001758))
	  ->  Bitmap Index Scan on k_3  (cost=0.00..5.32 rows=89 width=0)
	        Index Cond: ((k >= 5001658) AND (k <= 5001758))

table 4 : explain SELECT k, c FROM sbtest4 WHERE k BETWEEN 5001658 AND 5001758
	Bitmap Heap Scan on sbtest4  (cost=5.48..409.44 rows=102 width=125)
	  Recheck Cond: ((k >= 5001658) AND (k <= 5001758))
	  ->  Bitmap Index Scan on k_4  (cost=0.00..5.45 rows=102 width=0)
	        Index Cond: ((k >= 5001658) AND (k <= 5001758))

table 5 : explain SELECT k, c FROM sbtest5 WHERE k BETWEEN 5001658 AND 5001758
	Bitmap Heap Scan on sbtest5  (cost=5.51..421.32 rows=105 width=125)
	  Recheck Cond: ((k >= 5001658) AND (k <= 5001758))
	  ->  Bitmap Index Scan on k_5  (cost=0.00..5.48 rows=105 width=0)
	        Index Cond: ((k >= 5001658) AND (k <= 5001758))

table 6 : explain SELECT k, c FROM sbtest6 WHERE k BETWEEN 5001658 AND 5001758
	Bitmap Heap Scan on sbtest6  (cost=5.50..417.33 rows=104 width=125)
	  Recheck Cond: ((k >= 5001658) AND (k <= 5001758))
	  ->  Bitmap Index Scan on k_6  (cost=0.00..5.47 rows=104 width=0)
	        Index Cond: ((k >= 5001658) AND (k <= 5001758))

table 7 : explain SELECT k, c FROM sbtest7 WHERE k BETWEEN 5001658 AND 5001758
	Bitmap Heap Scan on sbtest7  (cost=5.54..433.13 rows=108 width=125)
	  Recheck Cond: ((k >= 5001658) AND (k <= 5001758))
	  ->  Bitmap Index Scan on k_7  (cost=0.00..5.51 rows=108 width=0)
	        Index Cond: ((k >= 5001658) AND (k <= 5001758))

table 8 : explain SELECT k, c FROM sbtest8 WHERE k BETWEEN 5001658 AND 5001758
	Bitmap Heap Scan on sbtest8  (cost=5.52..425.26 rows=106 width=125)
	  Recheck Cond: ((k >= 5001658) AND (k <= 5001758))
	  ->  Bitmap Index Scan on k_8  (cost=0.00..5.50 rows=106 width=0)
	        Index Cond: ((k >= 5001658) AND (k <= 5001758))

for range-notcovered
table 1 : explain SELECT k, c FROM sbtest1 WHERE k BETWEEN 5984951 AND 5985051
	Bitmap Heap Scan on sbtest1  (cost=5.50..417.49 rows=104 width=125)
	  Recheck Cond: ((k >= 5984951) AND (k <= 5985051))
	  ->  Bitmap Index Scan on k_1  (cost=0.00..5.47 rows=104 width=0)
	        Index Cond: ((k >= 5984951) AND (k <= 5985051))

table 2 : explain SELECT k, c FROM sbtest2 WHERE k BETWEEN 5984951 AND 5985051
	Bitmap Heap Scan on sbtest2  (cost=5.50..417.29 rows=104 width=125)
	  Recheck Cond: ((k >= 5984951) AND (k <= 5985051))
	  ->  Bitmap Index Scan on k_2  (cost=0.00..5.47 rows=104 width=0)
	        Index Cond: ((k >= 5984951) AND (k <= 5985051))

table 3 : explain SELECT k, c FROM sbtest3 WHERE k BETWEEN 5984951 AND 5985051
	Bitmap Heap Scan on sbtest3  (cost=5.50..417.28 rows=104 width=125)
	  Recheck Cond: ((k >= 5984951) AND (k <= 5985051))
	  ->  Bitmap Index Scan on k_3  (cost=0.00..5.47 rows=104 width=0)
	        Index Cond: ((k >= 5984951) AND (k <= 5985051))

table 4 : explain SELECT k, c FROM sbtest4 WHERE k BETWEEN 5984951 AND 5985051
	Bitmap Heap Scan on sbtest4  (cost=5.43..389.72 rows=97 width=125)
	  Recheck Cond: ((k >= 5984951) AND (k <= 5985051))
	  ->  Bitmap Index Scan on k_4  (cost=0.00..5.40 rows=97 width=0)
	        Index Cond: ((k >= 5984951) AND (k <= 5985051))

table 5 : explain SELECT k, c FROM sbtest5 WHERE k BETWEEN 5984951 AND 5985051
	Bitmap Heap Scan on sbtest5  (cost=5.51..421.32 rows=105 width=125)
	  Recheck Cond: ((k >= 5984951) AND (k <= 5985051))
	  ->  Bitmap Index Scan on k_5  (cost=0.00..5.48 rows=105 width=0)
	        Index Cond: ((k >= 5984951) AND (k <= 5985051))

table 6 : explain SELECT k, c FROM sbtest6 WHERE k BETWEEN 5984951 AND 5985051
	Bitmap Heap Scan on sbtest6  (cost=5.43..389.72 rows=97 width=125)
	  Recheck Cond: ((k >= 5984951) AND (k <= 5985051))
	  ->  Bitmap Index Scan on k_6  (cost=0.00..5.40 rows=97 width=0)
	        Index Cond: ((k >= 5984951) AND (k <= 5985051))

table 7 : explain SELECT k, c FROM sbtest7 WHERE k BETWEEN 5984951 AND 5985051
	Bitmap Heap Scan on sbtest7  (cost=5.53..429.19 rows=107 width=125)
	  Recheck Cond: ((k >= 5984951) AND (k <= 5985051))
	  ->  Bitmap Index Scan on k_7  (cost=0.00..5.50 rows=107 width=0)
	        Index Cond: ((k >= 5984951) AND (k <= 5985051))

table 8 : explain SELECT k, c FROM sbtest8 WHERE k BETWEEN 5984951 AND 5985051
	Bitmap Heap Scan on sbtest8  (cost=5.49..413.43 rows=103 width=125)
	  Recheck Cond: ((k >= 5984951) AND (k <= 5985051))
	  ->  Bitmap Index Scan on k_8  (cost=0.00..5.46 rows=103 width=0)
	        Index Cond: ((k >= 5984951) AND (k <= 5985051))

explain: for range-notcovered :: explain SELECT k, c FROM sbtest%d WHERE k BETWEEN 5520301 AND 5520401
for range-notcovered
table 1 : explain SELECT k, c FROM sbtest1 WHERE k BETWEEN 1754192 AND 1754292
	Bitmap Heap Scan on sbtest1  (cost=5.52..425.38 rows=106 width=125)
	  Recheck Cond: ((k >= 1754192) AND (k <= 1754292))
	  ->  Bitmap Index Scan on k_1  (cost=0.00..5.50 rows=106 width=0)
	        Index Cond: ((k >= 1754192) AND (k <= 1754292))

table 2 : explain SELECT k, c FROM sbtest2 WHERE k BETWEEN 1754192 AND 1754292
	Bitmap Heap Scan on sbtest2  (cost=5.43..389.69 rows=97 width=125)
	  Recheck Cond: ((k >= 1754192) AND (k <= 1754292))
	  ->  Bitmap Index Scan on k_2  (cost=0.00..5.40 rows=97 width=0)
	        Index Cond: ((k >= 1754192) AND (k <= 1754292))

table 3 : explain SELECT k, c FROM sbtest3 WHERE k BETWEEN 1754192 AND 1754292
	Bitmap Heap Scan on sbtest3  (cost=5.51..421.22 rows=105 width=125)
	  Recheck Cond: ((k >= 1754192) AND (k <= 1754292))
	  ->  Bitmap Index Scan on k_3  (cost=0.00..5.48 rows=105 width=0)
	        Index Cond: ((k >= 1754192) AND (k <= 1754292))

table 4 : explain SELECT k, c FROM sbtest4 WHERE k BETWEEN 1754192 AND 1754292
	Bitmap Heap Scan on sbtest4  (cost=5.60..456.73 rows=114 width=125)
	  Recheck Cond: ((k >= 1754192) AND (k <= 1754292))
	  ->  Bitmap Index Scan on k_4  (cost=0.00..5.58 rows=114 width=0)
	        Index Cond: ((k >= 1754192) AND (k <= 1754292))

table 5 : explain SELECT k, c FROM sbtest5 WHERE k BETWEEN 1754192 AND 1754292
	Bitmap Heap Scan on sbtest5  (cost=5.36..362.13 rows=90 width=125)
	  Recheck Cond: ((k >= 1754192) AND (k <= 1754292))
	  ->  Bitmap Index Scan on k_5  (cost=0.00..5.33 rows=90 width=0)
	        Index Cond: ((k >= 1754192) AND (k <= 1754292))

table 6 : explain SELECT k, c FROM sbtest6 WHERE k BETWEEN 1754192 AND 1754292
	Bitmap Heap Scan on sbtest6  (cost=5.48..409.44 rows=102 width=125)
	  Recheck Cond: ((k >= 1754192) AND (k <= 1754292))
	  ->  Bitmap Index Scan on k_6  (cost=0.00..5.45 rows=102 width=0)
	        Index Cond: ((k >= 1754192) AND (k <= 1754292))

table 7 : explain SELECT k, c FROM sbtest7 WHERE k BETWEEN 1754192 AND 1754292
	Bitmap Heap Scan on sbtest7  (cost=5.43..389.75 rows=97 width=125)
	  Recheck Cond: ((k >= 1754192) AND (k <= 1754292))
	  ->  Bitmap Index Scan on k_7  (cost=0.00..5.40 rows=97 width=0)
	        Index Cond: ((k >= 1754192) AND (k <= 1754292))

table 8 : explain SELECT k, c FROM sbtest8 WHERE k BETWEEN 1754192 AND 1754292
	Bitmap Heap Scan on sbtest8  (cost=5.36..362.13 rows=90 width=125)
	  Recheck Cond: ((k >= 1754192) AND (k <= 1754292))
	  ->  Bitmap Index Scan on k_8  (cost=0.00..5.33 rows=90 width=0)
	        Index Cond: ((k >= 1754192) AND (k <= 1754292))

explain: for range-notcovered :: explain SELECT k, c FROM sbtest%d WHERE k BETWEEN 4481903 AND 4482003
explain: for range-notcovered :: explain SELECT k, c FROM sbtest%d WHERE k BETWEEN 8430366 AND 8430466
for range-notcovered
table 1 : explain SELECT k, c FROM sbtest1 WHERE k BETWEEN 3057141 AND 3057241
	Bitmap Heap Scan on sbtest1  (cost=5.51..421.43 rows=105 width=125)
	  Recheck Cond: ((k >= 3057141) AND (k <= 3057241))
	  ->  Bitmap Index Scan on k_1  (cost=0.00..5.48 rows=105 width=0)
	        Index Cond: ((k >= 3057141) AND (k <= 3057241))

table 2 : explain SELECT k, c FROM sbtest2 WHERE k BETWEEN 3057141 AND 3057241
	Bitmap Heap Scan on sbtest2  (cost=5.41..381.80 rows=95 width=125)
	  Recheck Cond: ((k >= 3057141) AND (k <= 3057241))
	  ->  Bitmap Index Scan on k_2  (cost=0.00..5.38 rows=95 width=0)
	        Index Cond: ((k >= 3057141) AND (k <= 3057241))

table 3 : explain SELECT k, c FROM sbtest3 WHERE k BETWEEN 3057141 AND 3057241
	Bitmap Heap Scan on sbtest3  (cost=5.50..417.28 rows=104 width=125)
	  Recheck Cond: ((k >= 3057141) AND (k <= 3057241))
	  ->  Bitmap Index Scan on k_3  (cost=0.00..5.47 rows=104 width=0)
	        Index Cond: ((k >= 3057141) AND (k <= 3057241))

table 4 : explain SELECT k, c FROM sbtest4 WHERE k BETWEEN 3057141 AND 3057241
	Bitmap Heap Scan on sbtest4  (cost=5.54..433.09 rows=108 width=125)
	  Recheck Cond: ((k >= 3057141) AND (k <= 3057241))
	  ->  Bitmap Index Scan on k_4  (cost=0.00..5.51 rows=108 width=0)
	        Index Cond: ((k >= 3057141) AND (k <= 3057241))

table 5 : explain SELECT k, c FROM sbtest5 WHERE k BETWEEN 3057141 AND 3057241
	Bitmap Heap Scan on sbtest5  (cost=5.54..433.14 rows=108 width=125)
	  Recheck Cond: ((k >= 3057141) AND (k <= 3057241))
	  ->  Bitmap Index Scan on k_5  (cost=0.00..5.51 rows=108 width=0)
	        Index Cond: ((k >= 3057141) AND (k <= 3057241))

table 6 : explain SELECT k, c FROM sbtest6 WHERE k BETWEEN 3057141 AND 3057241
	Bitmap Heap Scan on sbtest6  (cost=5.44..393.67 rows=98 width=125)
	  Recheck Cond: ((k >= 3057141) AND (k <= 3057241))
	  ->  Bitmap Index Scan on k_6  (cost=0.00..5.42 rows=98 width=0)
	        Index Cond: ((k >= 3057141) AND (k <= 3057241))

table 7 : explain SELECT k, c FROM sbtest7 WHERE k BETWEEN 3057141 AND 3057241
	Bitmap Heap Scan on sbtest7  (cost=5.57..444.95 rows=111 width=125)
	  Recheck Cond: ((k >= 3057141) AND (k <= 3057241))
	  ->  Bitmap Index Scan on k_7  (cost=0.00..5.54 rows=111 width=0)
	        Index Cond: ((k >= 3057141) AND (k <= 3057241))

table 8 : explain SELECT k, c FROM sbtest8 WHERE k BETWEEN 3057141 AND 3057241
	Bitmap Heap Scan on sbtest8  (cost=5.44..393.71 rows=98 width=125)
	  Recheck Cond: ((k >= 3057141) AND (k <= 3057241))
	  ->  Bitmap Index Scan on k_8  (cost=0.00..5.42 rows=98 width=0)
	        Index Cond: ((k >= 3057141) AND (k <= 3057241))

for range-notcovered
table 1 : explain SELECT k, c FROM sbtest1 WHERE k BETWEEN 6392831 AND 6392931
	Bitmap Heap Scan on sbtest1  (cost=5.41..381.97 rows=95 width=125)
	  Recheck Cond: ((k >= 6392831) AND (k <= 6392931))
	  ->  Bitmap Index Scan on k_1  (cost=0.00..5.38 rows=95 width=0)
	        Index Cond: ((k >= 6392831) AND (k <= 6392931))

table 2 : explain SELECT k, c FROM sbtest2 WHERE k BETWEEN 6392831 AND 6392931
	Bitmap Heap Scan on sbtest2  (cost=5.49..413.35 rows=103 width=125)
	  Recheck Cond: ((k >= 6392831) AND (k <= 6392931))
	  ->  Bitmap Index Scan on k_2  (cost=0.00..5.46 rows=103 width=0)
	        Index Cond: ((k >= 6392831) AND (k <= 6392931))

table 3 : explain SELECT k, c FROM sbtest3 WHERE k BETWEEN 6392831 AND 6392931
	Bitmap Heap Scan on sbtest3  (cost=5.46..401.51 rows=100 width=125)
	  Recheck Cond: ((k >= 6392831) AND (k <= 6392931))
	  ->  Bitmap Index Scan on k_3  (cost=0.00..5.43 rows=100 width=0)
	        Index Cond: ((k >= 6392831) AND (k <= 6392931))

table 4 : explain SELECT k, c FROM sbtest4 WHERE k BETWEEN 6392831 AND 6392931
	Bitmap Heap Scan on sbtest4  (cost=5.55..437.04 rows=109 width=125)
	  Recheck Cond: ((k >= 6392831) AND (k <= 6392931))
	  ->  Bitmap Index Scan on k_4  (cost=0.00..5.52 rows=109 width=0)
	        Index Cond: ((k >= 6392831) AND (k <= 6392931))

table 5 : explain SELECT k, c FROM sbtest5 WHERE k BETWEEN 6392831 AND 6392931
	Bitmap Heap Scan on sbtest5  (cost=5.40..377.92 rows=94 width=125)
	  Recheck Cond: ((k >= 6392831) AND (k <= 6392931))
	  ->  Bitmap Index Scan on k_5  (cost=0.00..5.38 rows=94 width=0)
	        Index Cond: ((k >= 6392831) AND (k <= 6392931))

table 6 : explain SELECT k, c FROM sbtest6 WHERE k BETWEEN 6392831 AND 6392931
	Bitmap Heap Scan on sbtest6  (cost=5.55..437.04 rows=109 width=125)
	  Recheck Cond: ((k >= 6392831) AND (k <= 6392931))
	  ->  Bitmap Index Scan on k_6  (cost=0.00..5.52 rows=109 width=0)
	        Index Cond: ((k >= 6392831) AND (k <= 6392931))

table 7 : explain SELECT k, c FROM sbtest7 WHERE k BETWEEN 6392831 AND 6392931
	Bitmap Heap Scan on sbtest7  (cost=5.54..433.13 rows=108 width=125)
	  Recheck Cond: ((k >= 6392831) AND (k <= 6392931))
	  ->  Bitmap Index Scan on k_7  (cost=0.00..5.51 rows=108 width=0)
	        Index Cond: ((k >= 6392831) AND (k <= 6392931))

table 8 : explain SELECT k, c FROM sbtest8 WHERE k BETWEEN 6392831 AND 6392931
	Bitmap Heap Scan on sbtest8  (cost=5.49..413.43 rows=103 width=125)
	  Recheck Cond: ((k >= 6392831) AND (k <= 6392931))
	  ->  Bitmap Index Scan on k_8  (cost=0.00..5.46 rows=103 width=0)
	        Index Cond: ((k >= 6392831) AND (k <= 6392931))

explain: for range-notcovered :: explain SELECT k, c FROM sbtest%d WHERE k BETWEEN 5984951 AND 5985051explain: for range-notcovered :: explain SELECT k, c FROM sbtest%d WHERE k BETWEEN 1754192 AND 1754292

explain: for range-notcovered :: explain SELECT k, c FROM sbtest%d WHERE k BETWEEN 5001658 AND 5001758
explain: for range-notcovered :: explain SELECT k, c FROM sbtest%d WHERE k BETWEEN 3057141 AND 3057241
for range-notcovered
table 1 : explain SELECT k, c FROM sbtest1 WHERE k BETWEEN 991256 AND 991356
	Bitmap Heap Scan on sbtest1  (cost=5.44..393.81 rows=98 width=125)
	  Recheck Cond: ((k >= 991256) AND (k <= 991356))
	  ->  Bitmap Index Scan on k_1  (cost=0.00..5.42 rows=98 width=0)
	        Index Cond: ((k >= 991256) AND (k <= 991356))

table 2 : explain SELECT k, c FROM sbtest2 WHERE k BETWEEN 991256 AND 991356
	Bitmap Heap Scan on sbtest2  (cost=5.48..409.41 rows=102 width=125)
	  Recheck Cond: ((k >= 991256) AND (k <= 991356))
	  ->  Bitmap Index Scan on k_2  (cost=0.00..5.45 rows=102 width=0)
	        Index Cond: ((k >= 991256) AND (k <= 991356))

table 3 : explain SELECT k, c FROM sbtest3 WHERE k BETWEEN 991256 AND 991356
	Bitmap Heap Scan on sbtest3  (cost=5.39..373.90 rows=93 width=125)
	  Recheck Cond: ((k >= 991256) AND (k <= 991356))
	  ->  Bitmap Index Scan on k_3  (cost=0.00..5.36 rows=93 width=0)
	        Index Cond: ((k >= 991256) AND (k <= 991356))

table 4 : explain SELECT k, c FROM sbtest4 WHERE k BETWEEN 991256 AND 991356
	Bitmap Heap Scan on sbtest4  (cost=5.52..425.21 rows=106 width=125)
	  Recheck Cond: ((k >= 991256) AND (k <= 991356))
	  ->  Bitmap Index Scan on k_4  (cost=0.00..5.50 rows=106 width=0)
	        Index Cond: ((k >= 991256) AND (k <= 991356))

table 5 : explain SELECT k, c FROM sbtest5 WHERE k BETWEEN 991256 AND 991356
	Bitmap Heap Scan on sbtest5  (cost=5.47..405.54 rows=101 width=125)
	  Recheck Cond: ((k >= 991256) AND (k <= 991356))
	  ->  Bitmap Index Scan on k_5  (cost=0.00..5.44 rows=101 width=0)
	        Index Cond: ((k >= 991256) AND (k <= 991356))

table 6 : explain SELECT k, c FROM sbtest6 WHERE k BETWEEN 991256 AND 991356
	Bitmap Heap Scan on sbtest6  (cost=5.39..373.94 rows=93 width=125)
	  Recheck Cond: ((k >= 991256) AND (k <= 991356))
	  ->  Bitmap Index Scan on k_6  (cost=0.00..5.36 rows=93 width=0)
	        Index Cond: ((k >= 991256) AND (k <= 991356))

table 7 : explain SELECT k, c FROM sbtest7 WHERE k BETWEEN 991256 AND 991356
	Bitmap Heap Scan on sbtest7  (cost=5.39..373.96 rows=93 width=125)
	  Recheck Cond: ((k >= 991256) AND (k <= 991356))
	  ->  Bitmap Index Scan on k_7  (cost=0.00..5.36 rows=93 width=0)
	        Index Cond: ((k >= 991256) AND (k <= 991356))

table 8 : explain SELECT k, c FROM sbtest8 WHERE k BETWEEN 991256 AND 991356
	Bitmap Heap Scan on sbtest8  (cost=5.52..425.26 rows=106 width=125)
	  Recheck Cond: ((k >= 991256) AND (k <= 991356))
	  ->  Bitmap Index Scan on k_8  (cost=0.00..5.50 rows=106 width=0)
	        Index Cond: ((k >= 991256) AND (k <= 991356))

explain: for range-notcovered :: explain SELECT k, c FROM sbtest%d WHERE k BETWEEN 6392831 AND 6392931
for range-notcovered
table 1 : explain SELECT k, c FROM sbtest1 WHERE k BETWEEN 3928970 AND 3929070
	Bitmap Heap Scan on sbtest1  (cost=5.43..389.87 rows=97 width=125)
	  Recheck Cond: ((k >= 3928970) AND (k <= 3929070))
	  ->  Bitmap Index Scan on k_1  (cost=0.00..5.40 rows=97 width=0)
	        Index Cond: ((k >= 3928970) AND (k <= 3929070))

table 2 : explain SELECT k, c FROM sbtest2 WHERE k BETWEEN 3928970 AND 3929070
	Bitmap Heap Scan on sbtest2  (cost=5.37..366.01 rows=91 width=125)
	  Recheck Cond: ((k >= 3928970) AND (k <= 3929070))
	  ->  Bitmap Index Scan on k_2  (cost=0.00..5.34 rows=91 width=0)
	        Index Cond: ((k >= 3928970) AND (k <= 3929070))

table 3 : explain SELECT k, c FROM sbtest3 WHERE k BETWEEN 3928970 AND 3929070
	Bitmap Heap Scan on sbtest3  (cost=5.55..436.99 rows=109 width=125)
	  Recheck Cond: ((k >= 3928970) AND (k <= 3929070))
	  ->  Bitmap Index Scan on k_3  (cost=0.00..5.52 rows=109 width=0)
	        Index Cond: ((k >= 3928970) AND (k <= 3929070))

table 4 : explain SELECT k, c FROM sbtest4 WHERE k BETWEEN 3928970 AND 3929070
	Bitmap Heap Scan on sbtest4  (cost=5.51..421.27 rows=105 width=125)
	  Recheck Cond: ((k >= 3928970) AND (k <= 3929070))
	  ->  Bitmap Index Scan on k_4  (cost=0.00..5.48 rows=105 width=0)
	        Index Cond: ((k >= 3928970) AND (k <= 3929070))

table 5 : explain SELECT k, c FROM sbtest5 WHERE k BETWEEN 3928970 AND 3929070
	Bitmap Heap Scan on sbtest5  (cost=5.60..456.79 rows=114 width=125)
	  Recheck Cond: ((k >= 3928970) AND (k <= 3929070))
	  ->  Bitmap Index Scan on k_5  (cost=0.00..5.58 rows=114 width=0)
	        Index Cond: ((k >= 3928970) AND (k <= 3929070))

table 6 : explain SELECT k, c FROM sbtest6 WHERE k BETWEEN 3928970 AND 3929070
	Bitmap Heap Scan on sbtest6  (cost=5.48..409.44 rows=102 width=125)
	  Recheck Cond: ((k >= 3928970) AND (k <= 3929070))
	  ->  Bitmap Index Scan on k_6  (cost=0.00..5.45 rows=102 width=0)
	        Index Cond: ((k >= 3928970) AND (k <= 3929070))

table 7 : explain SELECT k, c FROM sbtest7 WHERE k BETWEEN 3928970 AND 3929070
	Bitmap Heap Scan on sbtest7  (cost=5.45..397.64 rows=99 width=125)
	  Recheck Cond: ((k >= 3928970) AND (k <= 3929070))
	  ->  Bitmap Index Scan on k_7  (cost=0.00..5.42 rows=99 width=0)
	        Index Cond: ((k >= 3928970) AND (k <= 3929070))

table 8 : explain SELECT k, c FROM sbtest8 WHERE k BETWEEN 3928970 AND 3929070
	Bitmap Heap Scan on sbtest8  (cost=5.49..413.43 rows=103 width=125)
	  Recheck Cond: ((k >= 3928970) AND (k <= 3929070))
	  ->  Bitmap Index Scan on k_8  (cost=0.00..5.46 rows=103 width=0)
	        Index Cond: ((k >= 3928970) AND (k <= 3929070))

for range-notcovered
table 1 : explain SELECT k, c FROM sbtest1 WHERE k BETWEEN 5460229 AND 5460329
	Bitmap Heap Scan on sbtest1  (cost=5.42..385.92 rows=96 width=125)
	  Recheck Cond: ((k >= 5460229) AND (k <= 5460329))
	  ->  Bitmap Index Scan on k_1  (cost=0.00..5.39 rows=96 width=0)
	        Index Cond: ((k >= 5460229) AND (k <= 5460329))

table 2 : explain SELECT k, c FROM sbtest2 WHERE k BETWEEN 5460229 AND 5460329
	Bitmap Heap Scan on sbtest2  (cost=5.53..429.12 rows=107 width=125)
	  Recheck Cond: ((k >= 5460229) AND (k <= 5460329))
	  ->  Bitmap Index Scan on k_2  (cost=0.00..5.50 rows=107 width=0)
	        Index Cond: ((k >= 5460229) AND (k <= 5460329))

table 3 : explain SELECT k, c FROM sbtest3 WHERE k BETWEEN 5460229 AND 5460329
	Bitmap Heap Scan on sbtest3  (cost=5.43..389.68 rows=97 width=125)
	  Recheck Cond: ((k >= 5460229) AND (k <= 5460329))
	  ->  Bitmap Index Scan on k_3  (cost=0.00..5.40 rows=97 width=0)
	        Index Cond: ((k >= 5460229) AND (k <= 5460329))

table 4 : explain SELECT k, c FROM sbtest4 WHERE k BETWEEN 5460229 AND 5460329
	Bitmap Heap Scan on sbtest4  (cost=5.47..405.50 rows=101 width=125)
	  Recheck Cond: ((k >= 5460229) AND (k <= 5460329))
	  ->  Bitmap Index Scan on k_4  (cost=0.00..5.44 rows=101 width=0)
	        Index Cond: ((k >= 5460229) AND (k <= 5460329))

table 5 : explain SELECT k, c FROM sbtest5 WHERE k BETWEEN 5460229 AND 5460329
	Bitmap Heap Scan on sbtest5  (cost=5.52..425.26 rows=106 width=125)
	  Recheck Cond: ((k >= 5460229) AND (k <= 5460329))
	  ->  Bitmap Index Scan on k_5  (cost=0.00..5.50 rows=106 width=0)
	        Index Cond: ((k >= 5460229) AND (k <= 5460329))

table 6 : explain SELECT k, c FROM sbtest6 WHERE k BETWEEN 5460229 AND 5460329
	Bitmap Heap Scan on sbtest6  (cost=5.38..369.99 rows=92 width=125)
	  Recheck Cond: ((k >= 5460229) AND (k <= 5460329))
	  ->  Bitmap Index Scan on k_6  (cost=0.00..5.35 rows=92 width=0)
	        Index Cond: ((k >= 5460229) AND (k <= 5460329))

table 7 : explain SELECT k, c FROM sbtest7 WHERE k BETWEEN 5460229 AND 5460329
	Bitmap Heap Scan on sbtest7  (cost=5.42..385.80 rows=96 width=125)
	  Recheck Cond: ((k >= 5460229) AND (k <= 5460329))
	  ->  Bitmap Index Scan on k_7  (cost=0.00..5.39 rows=96 width=0)
	        Index Cond: ((k >= 5460229) AND (k <= 5460329))

table 8 : explain SELECT k, c FROM sbtest8 WHERE k BETWEEN 5460229 AND 5460329
	Bitmap Heap Scan on sbtest8  (cost=5.48..409.49 rows=102 width=125)
	  Recheck Cond: ((k >= 5460229) AND (k <= 5460329))
	  ->  Bitmap Index Scan on k_8  (cost=0.00..5.45 rows=102 width=0)
	        Index Cond: ((k >= 5460229) AND (k <= 5460329))

explain: for range-notcovered :: explain SELECT k, c FROM sbtest%d WHERE k BETWEEN 5460229 AND 5460329
for range-notcovered
table 1 : explain SELECT k, c FROM sbtest1 WHERE k BETWEEN 4644618 AND 4644718
	Bitmap Heap Scan on sbtest1  (cost=5.52..425.38 rows=106 width=125)
	  Recheck Cond: ((k >= 4644618) AND (k <= 4644718))
	  ->  Bitmap Index Scan on k_1  (cost=0.00..5.50 rows=106 width=0)
	        Index Cond: ((k >= 4644618) AND (k <= 4644718))

table 2 : explain SELECT k, c FROM sbtest2 WHERE k BETWEEN 4644618 AND 4644718
	Bitmap Heap Scan on sbtest2  (cost=5.56..440.94 rows=110 width=125)
	  Recheck Cond: ((k >= 4644618) AND (k <= 4644718))
	  ->  Bitmap Index Scan on k_2  (cost=0.00..5.53 rows=110 width=0)
	        Index Cond: ((k >= 4644618) AND (k <= 4644718))

table 3 : explain SELECT k, c FROM sbtest3 WHERE k BETWEEN 4644618 AND 4644718
	Bitmap Heap Scan on sbtest3  (cost=5.43..389.68 rows=97 width=125)
	  Recheck Cond: ((k >= 4644618) AND (k <= 4644718))
	  ->  Bitmap Index Scan on k_3  (cost=0.00..5.40 rows=97 width=0)
	        Index Cond: ((k >= 4644618) AND (k <= 4644718))

table 4 : explain SELECT k, c FROM sbtest4 WHERE k BETWEEN 4644618 AND 4644718
	Bitmap Heap Scan on sbtest4  (cost=5.52..425.21 rows=106 width=125)
	  Recheck Cond: ((k >= 4644618) AND (k <= 4644718))
	  ->  Bitmap Index Scan on k_4  (cost=0.00..5.50 rows=106 width=0)
	        Index Cond: ((k >= 4644618) AND (k <= 4644718))

table 5 : explain SELECT k, c FROM sbtest5 WHERE k BETWEEN 4644618 AND 4644718
	Bitmap Heap Scan on sbtest5  (cost=5.56..441.03 rows=110 width=125)
	  Recheck Cond: ((k >= 4644618) AND (k <= 4644718))
	  ->  Bitmap Index Scan on k_5  (cost=0.00..5.53 rows=110 width=0)
	        Index Cond: ((k >= 4644618) AND (k <= 4644718))

table 6 : explain SELECT k, c FROM sbtest6 WHERE k BETWEEN 4644618 AND 4644718
	Bitmap Heap Scan on sbtest6  (cost=5.55..437.04 rows=109 width=125)
	  Recheck Cond: ((k >= 4644618) AND (k <= 4644718))
	  ->  Bitmap Index Scan on k_6  (cost=0.00..5.52 rows=109 width=0)
	        Index Cond: ((k >= 4644618) AND (k <= 4644718))

table 7 : explain SELECT k, c FROM sbtest7 WHERE k BETWEEN 4644618 AND 4644718
	Bitmap Heap Scan on sbtest7  (cost=5.49..413.42 rows=103 width=125)
	  Recheck Cond: ((k >= 4644618) AND (k <= 4644718))
	  ->  Bitmap Index Scan on k_7  (cost=0.00..5.46 rows=103 width=0)
	        Index Cond: ((k >= 4644618) AND (k <= 4644718))

table 8 : explain SELECT k, c FROM sbtest8 WHERE k BETWEEN 4644618 AND 4644718
	Bitmap Heap Scan on sbtest8  (cost=5.56..441.03 rows=110 width=125)
	  Recheck Cond: ((k >= 4644618) AND (k <= 4644718))
	  ->  Bitmap Index Scan on k_8  (cost=0.00..5.53 rows=110 width=0)
	        Index Cond: ((k >= 4644618) AND (k <= 4644718))

for range-notcovered
table 1 : explain SELECT k, c FROM sbtest1 WHERE k BETWEEN 1459258 AND 1459358
	Bitmap Heap Scan on sbtest1  (cost=5.50..417.49 rows=104 width=125)
	  Recheck Cond: ((k >= 1459258) AND (k <= 1459358))
	  ->  Bitmap Index Scan on k_1  (cost=0.00..5.47 rows=104 width=0)
	        Index Cond: ((k >= 1459258) AND (k <= 1459358))

table 2 : explain SELECT k, c FROM sbtest2 WHERE k BETWEEN 1459258 AND 1459358
	Bitmap Heap Scan on sbtest2  (cost=5.54..433.06 rows=108 width=125)
	  Recheck Cond: ((k >= 1459258) AND (k <= 1459358))
	  ->  Bitmap Index Scan on k_2  (cost=0.00..5.51 rows=108 width=0)
	        Index Cond: ((k >= 1459258) AND (k <= 1459358))

table 3 : explain SELECT k, c FROM sbtest3 WHERE k BETWEEN 1459258 AND 1459358
	Bitmap Heap Scan on sbtest3  (cost=5.55..436.99 rows=109 width=125)
	  Recheck Cond: ((k >= 1459258) AND (k <= 1459358))
	  ->  Bitmap Index Scan on k_3  (cost=0.00..5.52 rows=109 width=0)
	        Index Cond: ((k >= 1459258) AND (k <= 1459358))

table 4 : explain SELECT k, c FROM sbtest4 WHERE k BETWEEN 1459258 AND 1459358
	Bitmap Heap Scan on sbtest4  (cost=5.46..401.55 rows=100 width=125)
	  Recheck Cond: ((k >= 1459258) AND (k <= 1459358))
	  ->  Bitmap Index Scan on k_4  (cost=0.00..5.43 rows=100 width=0)
	        Index Cond: ((k >= 1459258) AND (k <= 1459358))

table 5 : explain SELECT k, c FROM sbtest5 WHERE k BETWEEN 1459258 AND 1459358
	Bitmap Heap Scan on sbtest5  (cost=5.38..370.03 rows=92 width=125)
	  Recheck Cond: ((k >= 1459258) AND (k <= 1459358))
	  ->  Bitmap Index Scan on k_5  (cost=0.00..5.35 rows=92 width=0)
	        Index Cond: ((k >= 1459258) AND (k <= 1459358))

table 6 : explain SELECT k, c FROM sbtest6 WHERE k BETWEEN 1459258 AND 1459358
	Bitmap Heap Scan on sbtest6  (cost=5.41..381.83 rows=95 width=125)
	  Recheck Cond: ((k >= 1459258) AND (k <= 1459358))
	  ->  Bitmap Index Scan on k_6  (cost=0.00..5.38 rows=95 width=0)
	        Index Cond: ((k >= 1459258) AND (k <= 1459358))

table 7 : explain SELECT k, c FROM sbtest7 WHERE k BETWEEN 1459258 AND 1459358
	Bitmap Heap Scan on sbtest7  (cost=5.50..417.36 rows=104 width=125)
	  Recheck Cond: ((k >= 1459258) AND (k <= 1459358))
	  ->  Bitmap Index Scan on k_7  (cost=0.00..5.47 rows=104 width=0)
	        Index Cond: ((k >= 1459258) AND (k <= 1459358))

table 8 : explain SELECT k, c FROM sbtest8 WHERE k BETWEEN 1459258 AND 1459358
	Bitmap Heap Scan on sbtest8  (cost=5.45..397.66 rows=99 width=125)
	  Recheck Cond: ((k >= 1459258) AND (k <= 1459358))
	  ->  Bitmap Index Scan on k_8  (cost=0.00..5.42 rows=99 width=0)
	        Index Cond: ((k >= 1459258) AND (k <= 1459358))

for range-notcovered
table 1 : explain SELECT k, c FROM sbtest1 WHERE k BETWEEN 6238724 AND 6238824
	Bitmap Heap Scan on sbtest1  (cost=5.46..401.71 rows=100 width=125)
	  Recheck Cond: ((k >= 6238724) AND (k <= 6238824))
	  ->  Bitmap Index Scan on k_1  (cost=0.00..5.43 rows=100 width=0)
	        Index Cond: ((k >= 6238724) AND (k <= 6238824))

table 2 : explain SELECT k, c FROM sbtest2 WHERE k BETWEEN 6238724 AND 6238824
	Bitmap Heap Scan on sbtest2  (cost=5.47..405.46 rows=101 width=125)
	  Recheck Cond: ((k >= 6238724) AND (k <= 6238824))
	  ->  Bitmap Index Scan on k_2  (cost=0.00..5.44 rows=101 width=0)
	        Index Cond: ((k >= 6238724) AND (k <= 6238824))

table 3 : explain SELECT k, c FROM sbtest3 WHERE k BETWEEN 6238724 AND 6238824
	Bitmap Heap Scan on sbtest3  (cost=5.52..425.16 rows=106 width=125)
	  Recheck Cond: ((k >= 6238724) AND (k <= 6238824))
	  ->  Bitmap Index Scan on k_3  (cost=0.00..5.50 rows=106 width=0)
	        Index Cond: ((k >= 6238724) AND (k <= 6238824))

table 4 : explain SELECT k, c FROM sbtest4 WHERE k BETWEEN 6238724 AND 6238824
	Bitmap Heap Scan on sbtest4  (cost=5.57..444.92 rows=111 width=125)
	  Recheck Cond: ((k >= 6238724) AND (k <= 6238824))
	  ->  Bitmap Index Scan on k_4  (cost=0.00..5.54 rows=111 width=0)
	        Index Cond: ((k >= 6238724) AND (k <= 6238824))

table 5 : explain SELECT k, c FROM sbtest5 WHERE k BETWEEN 6238724 AND 6238824
	Bitmap Heap Scan on sbtest5  (cost=5.44..393.71 rows=98 width=125)
	  Recheck Cond: ((k >= 6238724) AND (k <= 6238824))
	  ->  Bitmap Index Scan on k_5  (cost=0.00..5.42 rows=98 width=0)
	        Index Cond: ((k >= 6238724) AND (k <= 6238824))

table 6 : explain SELECT k, c FROM sbtest6 WHERE k BETWEEN 6238724 AND 6238824
	Bitmap Heap Scan on sbtest6  (cost=5.39..373.94 rows=93 width=125)
	  Recheck Cond: ((k >= 6238724) AND (k <= 6238824))
	  ->  Bitmap Index Scan on k_6  (cost=0.00..5.36 rows=93 width=0)
	        Index Cond: ((k >= 6238724) AND (k <= 6238824))

table 7 : explain SELECT k, c FROM sbtest7 WHERE k BETWEEN 6238724 AND 6238824
	Bitmap Heap Scan on sbtest7  (cost=5.53..429.19 rows=107 width=125)
	  Recheck Cond: ((k >= 6238724) AND (k <= 6238824))
	  ->  Bitmap Index Scan on k_7  (cost=0.00..5.50 rows=107 width=0)
	        Index Cond: ((k >= 6238724) AND (k <= 6238824))

table 8 : explain SELECT k, c FROM sbtest8 WHERE k BETWEEN 6238724 AND 6238824
	Bitmap Heap Scan on sbtest8  (cost=5.41..381.87 rows=95 width=125)
	  Recheck Cond: ((k >= 6238724) AND (k <= 6238824))
	  ->  Bitmap Index Scan on k_8  (cost=0.00..5.38 rows=95 width=0)
	        Index Cond: ((k >= 6238724) AND (k <= 6238824))

for range-notcovered
table 1 : explain SELECT k, c FROM sbtest1 WHERE k BETWEEN 5658378 AND 5658478
	Bitmap Heap Scan on sbtest1  (cost=5.53..429.32 rows=107 width=125)
	  Recheck Cond: ((k >= 5658378) AND (k <= 5658478))
	  ->  Bitmap Index Scan on k_1  (cost=0.00..5.50 rows=107 width=0)
	        Index Cond: ((k >= 5658378) AND (k <= 5658478))

table 2 : explain SELECT k, c FROM sbtest2 WHERE k BETWEEN 5658378 AND 5658478
	Bitmap Heap Scan on sbtest2  (cost=5.52..425.18 rows=106 width=125)
	  Recheck Cond: ((k >= 5658378) AND (k <= 5658478))
	  ->  Bitmap Index Scan on k_2  (cost=0.00..5.50 rows=106 width=0)
	        Index Cond: ((k >= 5658378) AND (k <= 5658478))

table 3 : explain SELECT k, c FROM sbtest3 WHERE k BETWEEN 5658378 AND 5658478
	Bitmap Heap Scan on sbtest3  (cost=5.46..401.51 rows=100 width=125)
	  Recheck Cond: ((k >= 5658378) AND (k <= 5658478))
	  ->  Bitmap Index Scan on k_3  (cost=0.00..5.43 rows=100 width=0)
	        Index Cond: ((k >= 5658378) AND (k <= 5658478))

table 4 : explain SELECT k, c FROM sbtest4 WHERE k BETWEEN 5658378 AND 5658478
	Bitmap Heap Scan on sbtest4  (cost=5.48..409.44 rows=102 width=125)
	  Recheck Cond: ((k >= 5658378) AND (k <= 5658478))
	  ->  Bitmap Index Scan on k_4  (cost=0.00..5.45 rows=102 width=0)
	        Index Cond: ((k >= 5658378) AND (k <= 5658478))

table 5 : explain SELECT k, c FROM sbtest5 WHERE k BETWEEN 5658378 AND 5658478
	Bitmap Heap Scan on sbtest5  (cost=5.54..433.14 rows=108 width=125)
	  Recheck Cond: ((k >= 5658378) AND (k <= 5658478))
	  ->  Bitmap Index Scan on k_5  (cost=0.00..5.51 rows=108 width=0)
	        Index Cond: ((k >= 5658378) AND (k <= 5658478))

table 6 : explain SELECT k, c FROM sbtest6 WHERE k BETWEEN 5658378 AND 5658478
	Bitmap Heap Scan on sbtest6  (cost=5.44..393.67 rows=98 width=125)
	  Recheck Cond: ((k >= 5658378) AND (k <= 5658478))
	  ->  Bitmap Index Scan on k_6  (cost=0.00..5.42 rows=98 width=0)
	        Index Cond: ((k >= 5658378) AND (k <= 5658478))

table 7 : explain SELECT k, c FROM sbtest7 WHERE k BETWEEN 5658378 AND 5658478
	Bitmap Heap Scan on sbtest7  (cost=5.46..401.58 rows=100 width=125)
	  Recheck Cond: ((k >= 5658378) AND (k <= 5658478))
	  ->  Bitmap Index Scan on k_7  (cost=0.00..5.43 rows=100 width=0)
	        Index Cond: ((k >= 5658378) AND (k <= 5658478))

table 8 : explain SELECT k, c FROM sbtest8 WHERE k BETWEEN 5658378 AND 5658478
	Bitmap Heap Scan on sbtest8  (cost=5.42..385.82 rows=96 width=125)
	  Recheck Cond: ((k >= 5658378) AND (k <= 5658478))
	  ->  Bitmap Index Scan on k_8  (cost=0.00..5.39 rows=96 width=0)
	        Index Cond: ((k >= 5658378) AND (k <= 5658478))

for range-notcovered
table 1 : explain SELECT k, c FROM sbtest1 WHERE k BETWEEN 5715146 AND 5715246
	Bitmap Heap Scan on sbtest1  (cost=5.53..429.32 rows=107 width=125)
	  Recheck Cond: ((k >= 5715146) AND (k <= 5715246))
	  ->  Bitmap Index Scan on k_1  (cost=0.00..5.50 rows=107 width=0)
	        Index Cond: ((k >= 5715146) AND (k <= 5715246))

table 2 : explain SELECT k, c FROM sbtest2 WHERE k BETWEEN 5715146 AND 5715246
	Bitmap Heap Scan on sbtest2  (cost=5.52..425.18 rows=106 width=125)
	  Recheck Cond: ((k >= 5715146) AND (k <= 5715246))
	  ->  Bitmap Index Scan on k_2  (cost=0.00..5.50 rows=106 width=0)
	        Index Cond: ((k >= 5715146) AND (k <= 5715246))

table 3 : explain SELECT k, c FROM sbtest3 WHERE k BETWEEN 5715146 AND 5715246
	Bitmap Heap Scan on sbtest3  (cost=5.46..401.51 rows=100 width=125)
	  Recheck Cond: ((k >= 5715146) AND (k <= 5715246))
	  ->  Bitmap Index Scan on k_3  (cost=0.00..5.43 rows=100 width=0)
	        Index Cond: ((k >= 5715146) AND (k <= 5715246))

table 4 : explain SELECT k, c FROM sbtest4 WHERE k BETWEEN 5715146 AND 5715246
	Bitmap Heap Scan on sbtest4  (cost=5.50..417.33 rows=104 width=125)
	  Recheck Cond: ((k >= 5715146) AND (k <= 5715246))
	  ->  Bitmap Index Scan on k_4  (cost=0.00..5.47 rows=104 width=0)
	        Index Cond: ((k >= 5715146) AND (k <= 5715246))

table 5 : explain SELECT k, c FROM sbtest5 WHERE k BETWEEN 5715146 AND 5715246
	Bitmap Heap Scan on sbtest5  (cost=5.50..417.37 rows=104 width=125)
	  Recheck Cond: ((k >= 5715146) AND (k <= 5715246))
	  ->  Bitmap Index Scan on k_5  (cost=0.00..5.47 rows=104 width=0)
	        Index Cond: ((k >= 5715146) AND (k <= 5715246))

table 6 : explain SELECT k, c FROM sbtest6 WHERE k BETWEEN 5715146 AND 5715246
	Bitmap Heap Scan on sbtest6  (cost=5.44..393.67 rows=98 width=125)
	  Recheck Cond: ((k >= 5715146) AND (k <= 5715246))
	  ->  Bitmap Index Scan on k_6  (cost=0.00..5.42 rows=98 width=0)
	        Index Cond: ((k >= 5715146) AND (k <= 5715246))

table 7 : explain SELECT k, c FROM sbtest7 WHERE k BETWEEN 5715146 AND 5715246
	Bitmap Heap Scan on sbtest7  (cost=5.53..429.19 rows=107 width=125)
	  Recheck Cond: ((k >= 5715146) AND (k <= 5715246))
	  ->  Bitmap Index Scan on k_7  (cost=0.00..5.50 rows=107 width=0)
	        Index Cond: ((k >= 5715146) AND (k <= 5715246))

table 8 : explain SELECT k, c FROM sbtest8 WHERE k BETWEEN 5715146 AND 5715246
	Bitmap Heap Scan on sbtest8  (cost=5.53..429.21 rows=107 width=125)
	  Recheck Cond: ((k >= 5715146) AND (k <= 5715246))
	  ->  Bitmap Index Scan on k_8  (cost=0.00..5.50 rows=107 width=0)
	        Index Cond: ((k >= 5715146) AND (k <= 5715246))

for range-notcovered
table 1 : explain SELECT k, c FROM sbtest1 WHERE k BETWEEN 3577665 AND 3577765
	Bitmap Heap Scan on sbtest1  (cost=5.48..409.60 rows=102 width=125)
	  Recheck Cond: ((k >= 3577665) AND (k <= 3577765))
	  ->  Bitmap Index Scan on k_1  (cost=0.00..5.45 rows=102 width=0)
	        Index Cond: ((k >= 3577665) AND (k <= 3577765))

table 2 : explain SELECT k, c FROM sbtest2 WHERE k BETWEEN 3577665 AND 3577765
	Bitmap Heap Scan on sbtest2  (cost=5.46..401.52 rows=100 width=125)
	  Recheck Cond: ((k >= 3577665) AND (k <= 3577765))
	  ->  Bitmap Index Scan on k_2  (cost=0.00..5.43 rows=100 width=0)
	        Index Cond: ((k >= 3577665) AND (k <= 3577765))

table 3 : explain SELECT k, c FROM sbtest3 WHERE k BETWEEN 3577665 AND 3577765
	Bitmap Heap Scan on sbtest3  (cost=5.44..393.62 rows=98 width=125)
	  Recheck Cond: ((k >= 3577665) AND (k <= 3577765))
	  ->  Bitmap Index Scan on k_3  (cost=0.00..5.42 rows=98 width=0)
	        Index Cond: ((k >= 3577665) AND (k <= 3577765))

table 4 : explain SELECT k, c FROM sbtest4 WHERE k BETWEEN 3577665 AND 3577765
	Bitmap Heap Scan on sbtest4  (cost=5.46..401.55 rows=100 width=125)
	  Recheck Cond: ((k >= 3577665) AND (k <= 3577765))
	  ->  Bitmap Index Scan on k_4  (cost=0.00..5.43 rows=100 width=0)
	        Index Cond: ((k >= 3577665) AND (k <= 3577765))

table 5 : explain SELECT k, c FROM sbtest5 WHERE k BETWEEN 3577665 AND 3577765
	Bitmap Heap Scan on sbtest5  (cost=5.43..389.76 rows=97 width=125)
	  Recheck Cond: ((k >= 3577665) AND (k <= 3577765))
	  ->  Bitmap Index Scan on k_5  (cost=0.00..5.40 rows=97 width=0)
	        Index Cond: ((k >= 3577665) AND (k <= 3577765))

table 6 : explain SELECT k, c FROM sbtest6 WHERE k BETWEEN 3577665 AND 3577765
	Bitmap Heap Scan on sbtest6  (cost=5.49..413.39 rows=103 width=125)
	  Recheck Cond: ((k >= 3577665) AND (k <= 3577765))
	  ->  Bitmap Index Scan on k_6  (cost=0.00..5.46 rows=103 width=0)
	        Index Cond: ((k >= 3577665) AND (k <= 3577765))

table 7 : explain SELECT k, c FROM sbtest7 WHERE k BETWEEN 3577665 AND 3577765
	Bitmap Heap Scan on sbtest7  (cost=5.51..421.30 rows=105 width=125)
	  Recheck Cond: ((k >= 3577665) AND (k <= 3577765))
	  ->  Bitmap Index Scan on k_7  (cost=0.00..5.48 rows=105 width=0)
	        Index Cond: ((k >= 3577665) AND (k <= 3577765))

table 8 : explain SELECT k, c FROM sbtest8 WHERE k BETWEEN 3577665 AND 3577765
	Bitmap Heap Scan on sbtest8  (cost=5.43..389.77 rows=97 width=125)
	  Recheck Cond: ((k >= 3577665) AND (k <= 3577765))
	  ->  Bitmap Index Scan on k_8  (cost=0.00..5.40 rows=97 width=0)
	        Index Cond: ((k >= 3577665) AND (k <= 3577765))

for range-notcovered
table 1 : explain SELECT k, c FROM sbtest1 WHERE k BETWEEN 4998269 AND 4998369
	Bitmap Heap Scan on sbtest1  (cost=5.50..417.49 rows=104 width=125)
	  Recheck Cond: ((k >= 4998269) AND (k <= 4998369))
	  ->  Bitmap Index Scan on k_1  (cost=0.00..5.47 rows=104 width=0)
	        Index Cond: ((k >= 4998269) AND (k <= 4998369))

table 2 : explain SELECT k, c FROM sbtest2 WHERE k BETWEEN 4998269 AND 4998369
	Bitmap Heap Scan on sbtest2  (cost=5.52..425.18 rows=106 width=125)
	  Recheck Cond: ((k >= 4998269) AND (k <= 4998369))
	  ->  Bitmap Index Scan on k_2  (cost=0.00..5.50 rows=106 width=0)
	        Index Cond: ((k >= 4998269) AND (k <= 4998369))

table 3 : explain SELECT k, c FROM sbtest3 WHERE k BETWEEN 4998269 AND 4998369
	Bitmap Heap Scan on sbtest3  (cost=5.35..358.11 rows=89 width=125)
	  Recheck Cond: ((k >= 4998269) AND (k <= 4998369))
	  ->  Bitmap Index Scan on k_3  (cost=0.00..5.32 rows=89 width=0)
	        Index Cond: ((k >= 4998269) AND (k <= 4998369))

table 4 : explain SELECT k, c FROM sbtest4 WHERE k BETWEEN 4998269 AND 4998369
	Bitmap Heap Scan on sbtest4  (cost=5.48..409.44 rows=102 width=125)
	  Recheck Cond: ((k >= 4998269) AND (k <= 4998369))
	  ->  Bitmap Index Scan on k_4  (cost=0.00..5.45 rows=102 width=0)
	        Index Cond: ((k >= 4998269) AND (k <= 4998369))

table 5 : explain SELECT k, c FROM sbtest5 WHERE k BETWEEN 4998269 AND 4998369
	Bitmap Heap Scan on sbtest5  (cost=5.51..421.32 rows=105 width=125)
	  Recheck Cond: ((k >= 4998269) AND (k <= 4998369))
	  ->  Bitmap Index Scan on k_5  (cost=0.00..5.48 rows=105 width=0)
	        Index Cond: ((k >= 4998269) AND (k <= 4998369))

table 6 : explain SELECT k, c FROM sbtest6 WHERE k BETWEEN 4998269 AND 4998369
	Bitmap Heap Scan on sbtest6  (cost=5.50..417.33 rows=104 width=125)
	  Recheck Cond: ((k >= 4998269) AND (k <= 4998369))
	  ->  Bitmap Index Scan on k_6  (cost=0.00..5.47 rows=104 width=0)
	        Index Cond: ((k >= 4998269) AND (k <= 4998369))

table 7 : explain SELECT k, c FROM sbtest7 WHERE k BETWEEN 4998269 AND 4998369
	Bitmap Heap Scan on sbtest7  (cost=5.54..433.13 rows=108 width=125)
	  Recheck Cond: ((k >= 4998269) AND (k <= 4998369))
	  ->  Bitmap Index Scan on k_7  (cost=0.00..5.51 rows=108 width=0)
	        Index Cond: ((k >= 4998269) AND (k <= 4998369))

table 8 : explain SELECT k, c FROM sbtest8 WHERE k BETWEEN 4998269 AND 4998369
	Bitmap Heap Scan on sbtest8  (cost=5.46..401.60 rows=100 width=125)
	  Recheck Cond: ((k >= 4998269) AND (k <= 4998369))
	  ->  Bitmap Index Scan on k_8  (cost=0.00..5.43 rows=100 width=0)
	        Index Cond: ((k >= 4998269) AND (k <= 4998369))

for range-notcovered
table 1 : explain SELECT k, c FROM sbtest1 WHERE k BETWEEN 3253896 AND 3253996
	Bitmap Heap Scan on sbtest1  (cost=5.48..409.60 rows=102 width=125)
	  Recheck Cond: ((k >= 3253896) AND (k <= 3253996))
	  ->  Bitmap Index Scan on k_1  (cost=0.00..5.45 rows=102 width=0)
	        Index Cond: ((k >= 3253896) AND (k <= 3253996))

table 2 : explain SELECT k, c FROM sbtest2 WHERE k BETWEEN 3253896 AND 3253996
	Bitmap Heap Scan on sbtest2  (cost=5.51..421.23 rows=105 width=125)
	  Recheck Cond: ((k >= 3253896) AND (k <= 3253996))
	  ->  Bitmap Index Scan on k_2  (cost=0.00..5.48 rows=105 width=0)
	        Index Cond: ((k >= 3253896) AND (k <= 3253996))

table 3 : explain SELECT k, c FROM sbtest3 WHERE k BETWEEN 3253896 AND 3253996
	Bitmap Heap Scan on sbtest3  (cost=5.46..401.51 rows=100 width=125)
	  Recheck Cond: ((k >= 3253896) AND (k <= 3253996))
	  ->  Bitmap Index Scan on k_3  (cost=0.00..5.43 rows=100 width=0)
	        Index Cond: ((k >= 3253896) AND (k <= 3253996))

table 4 : explain SELECT k, c FROM sbtest4 WHERE k BETWEEN 3253896 AND 3253996
	Bitmap Heap Scan on sbtest4  (cost=5.53..429.15 rows=107 width=125)
	  Recheck Cond: ((k >= 3253896) AND (k <= 3253996))
	  ->  Bitmap Index Scan on k_4  (cost=0.00..5.50 rows=107 width=0)
	        Index Cond: ((k >= 3253896) AND (k <= 3253996))

table 5 : explain SELECT k, c FROM sbtest5 WHERE k BETWEEN 3253896 AND 3253996
	Bitmap Heap Scan on sbtest5  (cost=5.51..421.32 rows=105 width=125)
	  Recheck Cond: ((k >= 3253896) AND (k <= 3253996))
	  ->  Bitmap Index Scan on k_5  (cost=0.00..5.48 rows=105 width=0)
	        Index Cond: ((k >= 3253896) AND (k <= 3253996))

table 6 : explain SELECT k, c FROM sbtest6 WHERE k BETWEEN 3253896 AND 3253996
	Bitmap Heap Scan on sbtest6  (cost=5.40..377.88 rows=94 width=125)
	  Recheck Cond: ((k >= 3253896) AND (k <= 3253996))
	  ->  Bitmap Index Scan on k_6  (cost=0.00..5.38 rows=94 width=0)
	        Index Cond: ((k >= 3253896) AND (k <= 3253996))

table 7 : explain SELECT k, c FROM sbtest7 WHERE k BETWEEN 3253896 AND 3253996
	Bitmap Heap Scan on sbtest7  (cost=5.49..413.42 rows=103 width=125)
	  Recheck Cond: ((k >= 3253896) AND (k <= 3253996))
	  ->  Bitmap Index Scan on k_7  (cost=0.00..5.46 rows=103 width=0)
	        Index Cond: ((k >= 3253896) AND (k <= 3253996))

table 8 : explain SELECT k, c FROM sbtest8 WHERE k BETWEEN 3253896 AND 3253996
	Bitmap Heap Scan on sbtest8  (cost=5.47..405.55 rows=101 width=125)
	  Recheck Cond: ((k >= 3253896) AND (k <= 3253996))
	  ->  Bitmap Index Scan on k_8  (cost=0.00..5.44 rows=101 width=0)
	        Index Cond: ((k >= 3253896) AND (k <= 3253996))

explain: for range-notcovered :: explain SELECT k, c FROM sbtest%d WHERE k BETWEEN 5658378 AND 5658478
explain: for range-notcovered :: explain SELECT k, c FROM sbtest%d WHERE k BETWEEN 6238724 AND 6238824
explain: for range-notcovered :: explain SELECT k, c FROM sbtest%d WHERE k BETWEEN 1459258 AND 1459358
explain: for range-notcovered :: explain SELECT k, c FROM sbtest%d WHERE k BETWEEN 5715146 AND 5715246
for range-notcovered
table 1 : explain SELECT k, c FROM sbtest1 WHERE k BETWEEN 443834 AND 443934
	Bitmap Heap Scan on sbtest1  (cost=5.50..417.49 rows=104 width=125)
	  Recheck Cond: ((k >= 443834) AND (k <= 443934))
	  ->  Bitmap Index Scan on k_1  (cost=0.00..5.47 rows=104 width=0)
	        Index Cond: ((k >= 443834) AND (k <= 443934))

table 2 : explain SELECT k, c FROM sbtest2 WHERE k BETWEEN 443834 AND 443934
	Bitmap Heap Scan on sbtest2  (cost=5.60..456.69 rows=114 width=125)
	  Recheck Cond: ((k >= 443834) AND (k <= 443934))
	  ->  Bitmap Index Scan on k_2  (cost=0.00..5.58 rows=114 width=0)
	        Index Cond: ((k >= 443834) AND (k <= 443934))

table 3 : explain SELECT k, c FROM sbtest3 WHERE k BETWEEN 443834 AND 443934
	Bitmap Heap Scan on sbtest3  (cost=5.38..369.95 rows=92 width=125)
	  Recheck Cond: ((k >= 443834) AND (k <= 443934))
	  ->  Bitmap Index Scan on k_3  (cost=0.00..5.35 rows=92 width=0)
	        Index Cond: ((k >= 443834) AND (k <= 443934))

table 4 : explain SELECT k, c FROM sbtest4 WHERE k BETWEEN 443834 AND 443934
	Bitmap Heap Scan on sbtest4  (cost=5.46..401.55 rows=100 width=125)
	  Recheck Cond: ((k >= 443834) AND (k <= 443934))
	  ->  Bitmap Index Scan on k_4  (cost=0.00..5.43 rows=100 width=0)
	        Index Cond: ((k >= 443834) AND (k <= 443934))

table 5 : explain SELECT k, c FROM sbtest5 WHERE k BETWEEN 443834 AND 443934
	Bitmap Heap Scan on sbtest5  (cost=5.51..421.32 rows=105 width=125)
	  Recheck Cond: ((k >= 443834) AND (k <= 443934))
	  ->  Bitmap Index Scan on k_5  (cost=0.00..5.48 rows=105 width=0)
	        Index Cond: ((k >= 443834) AND (k <= 443934))

table 6 : explain SELECT k, c FROM sbtest6 WHERE k BETWEEN 443834 AND 443934
	Bitmap Heap Scan on sbtest6  (cost=5.64..472.49 rows=118 width=125)
	  Recheck Cond: ((k >= 443834) AND (k <= 443934))
	  ->  Bitmap Index Scan on k_6  (cost=0.00..5.61 rows=118 width=0)
	        Index Cond: ((k >= 443834) AND (k <= 443934))

table 7 : explain SELECT k, c FROM sbtest7 WHERE k BETWEEN 443834 AND 443934
	Bitmap Heap Scan on sbtest7  (cost=5.47..405.53 rows=101 width=125)
	  Recheck Cond: ((k >= 443834) AND (k <= 443934))
	  ->  Bitmap Index Scan on k_7  (cost=0.00..5.44 rows=101 width=0)
	        Index Cond: ((k >= 443834) AND (k <= 443934))

table 8 : explain SELECT k, c FROM sbtest8 WHERE k BETWEEN 443834 AND 443934
	Bitmap Heap Scan on sbtest8  (cost=5.55..437.09 rows=109 width=125)
	  Recheck Cond: ((k >= 443834) AND (k <= 443934))
	  ->  Bitmap Index Scan on k_8  (cost=0.00..5.52 rows=109 width=0)
	        Index Cond: ((k >= 443834) AND (k <= 443934))

explain: for range-notcovered :: explain SELECT k, c FROM sbtest%d WHERE k BETWEEN 3577665 AND 3577765
for range-notcovered
table 1 : explain SELECT k, c FROM sbtest1 WHERE k BETWEEN 5256120 AND 5256220
	Bitmap Heap Scan on sbtest1  (cost=5.64..472.68 rows=118 width=125)
	  Recheck Cond: ((k >= 5256120) AND (k <= 5256220))
	  ->  Bitmap Index Scan on k_1  (cost=0.00..5.61 rows=118 width=0)
	        Index Cond: ((k >= 5256120) AND (k <= 5256220))

table 2 : explain SELECT k, c FROM sbtest2 WHERE k BETWEEN 5256120 AND 5256220
	Bitmap Heap Scan on sbtest2  (cost=5.49..413.35 rows=103 width=125)
	  Recheck Cond: ((k >= 5256120) AND (k <= 5256220))
	  ->  Bitmap Index Scan on k_2  (cost=0.00..5.46 rows=103 width=0)
	        Index Cond: ((k >= 5256120) AND (k <= 5256220))

table 3 : explain SELECT k, c FROM sbtest3 WHERE k BETWEEN 5256120 AND 5256220
	Bitmap Heap Scan on sbtest3  (cost=5.57..444.87 rows=111 width=125)
	  Recheck Cond: ((k >= 5256120) AND (k <= 5256220))
	  ->  Bitmap Index Scan on k_3  (cost=0.00..5.54 rows=111 width=0)
	        Index Cond: ((k >= 5256120) AND (k <= 5256220))

table 4 : explain SELECT k, c FROM sbtest4 WHERE k BETWEEN 5256120 AND 5256220
	Bitmap Heap Scan on sbtest4  (cost=5.48..409.44 rows=102 width=125)
	  Recheck Cond: ((k >= 5256120) AND (k <= 5256220))
	  ->  Bitmap Index Scan on k_4  (cost=0.00..5.45 rows=102 width=0)
	        Index Cond: ((k >= 5256120) AND (k <= 5256220))

table 5 : explain SELECT k, c FROM sbtest5 WHERE k BETWEEN 5256120 AND 5256220
	Bitmap Heap Scan on sbtest5  (cost=5.50..417.37 rows=104 width=125)
	  Recheck Cond: ((k >= 5256120) AND (k <= 5256220))
	  ->  Bitmap Index Scan on k_5  (cost=0.00..5.47 rows=104 width=0)
	        Index Cond: ((k >= 5256120) AND (k <= 5256220))

table 6 : explain SELECT k, c FROM sbtest6 WHERE k BETWEEN 5256120 AND 5256220
	Bitmap Heap Scan on sbtest6  (cost=5.56..440.98 rows=110 width=125)
	  Recheck Cond: ((k >= 5256120) AND (k <= 5256220))
	  ->  Bitmap Index Scan on k_6  (cost=0.00..5.53 rows=110 width=0)
	        Index Cond: ((k >= 5256120) AND (k <= 5256220))

table 7 : explain SELECT k, c FROM sbtest7 WHERE k BETWEEN 5256120 AND 5256220
	Bitmap Heap Scan on sbtest7  (cost=5.50..417.36 rows=104 width=125)
	  Recheck Cond: ((k >= 5256120) AND (k <= 5256220))
	  ->  Bitmap Index Scan on k_7  (cost=0.00..5.47 rows=104 width=0)
	        Index Cond: ((k >= 5256120) AND (k <= 5256220))

table 8 : explain SELECT k, c FROM sbtest8 WHERE k BETWEEN 5256120 AND 5256220
	Bitmap Heap Scan on sbtest8  (cost=5.51..421.32 rows=105 width=125)
	  Recheck Cond: ((k >= 5256120) AND (k <= 5256220))
	  ->  Bitmap Index Scan on k_8  (cost=0.00..5.48 rows=105 width=0)
	        Index Cond: ((k >= 5256120) AND (k <= 5256220))

explain: for range-notcovered :: explain SELECT k, c FROM sbtest%d WHERE k BETWEEN 3253896 AND 3253996
for range-notcovered
table 1 : explain SELECT k, c FROM sbtest1 WHERE k BETWEEN 2389879 AND 2389979
	Bitmap Heap Scan on sbtest1  (cost=5.45..397.76 rows=99 width=125)
	  Recheck Cond: ((k >= 2389879) AND (k <= 2389979))
	  ->  Bitmap Index Scan on k_1  (cost=0.00..5.42 rows=99 width=0)
	        Index Cond: ((k >= 2389879) AND (k <= 2389979))

table 2 : explain SELECT k, c FROM sbtest2 WHERE k BETWEEN 2389879 AND 2389979
	Bitmap Heap Scan on sbtest2  (cost=5.44..393.63 rows=98 width=125)
	  Recheck Cond: ((k >= 2389879) AND (k <= 2389979))
	  ->  Bitmap Index Scan on k_2  (cost=0.00..5.42 rows=98 width=0)
	        Index Cond: ((k >= 2389879) AND (k <= 2389979))

table 3 : explain SELECT k, c FROM sbtest3 WHERE k BETWEEN 2389879 AND 2389979
	Bitmap Heap Scan on sbtest3  (cost=5.51..421.22 rows=105 width=125)
	  Recheck Cond: ((k >= 2389879) AND (k <= 2389979))
	  ->  Bitmap Index Scan on k_3  (cost=0.00..5.48 rows=105 width=0)
	        Index Cond: ((k >= 2389879) AND (k <= 2389979))

table 4 : explain SELECT k, c FROM sbtest4 WHERE k BETWEEN 2389879 AND 2389979
	Bitmap Heap Scan on sbtest4  (cost=5.44..393.67 rows=98 width=125)
	  Recheck Cond: ((k >= 2389879) AND (k <= 2389979))
	  ->  Bitmap Index Scan on k_4  (cost=0.00..5.42 rows=98 width=0)
	        Index Cond: ((k >= 2389879) AND (k <= 2389979))

table 5 : explain SELECT k, c FROM sbtest5 WHERE k BETWEEN 2389879 AND 2389979
	Bitmap Heap Scan on sbtest5  (cost=5.52..425.26 rows=106 width=125)
	  Recheck Cond: ((k >= 2389879) AND (k <= 2389979))
	  ->  Bitmap Index Scan on k_5  (cost=0.00..5.50 rows=106 width=0)
	        Index Cond: ((k >= 2389879) AND (k <= 2389979))

table 6 : explain SELECT k, c FROM sbtest6 WHERE k BETWEEN 2389879 AND 2389979
	Bitmap Heap Scan on sbtest6  (cost=5.46..401.56 rows=100 width=125)
	  Recheck Cond: ((k >= 2389879) AND (k <= 2389979))
	  ->  Bitmap Index Scan on k_6  (cost=0.00..5.43 rows=100 width=0)
	        Index Cond: ((k >= 2389879) AND (k <= 2389979))

table 7 : explain SELECT k, c FROM sbtest7 WHERE k BETWEEN 2389879 AND 2389979
	Bitmap Heap Scan on sbtest7  (cost=5.44..393.69 rows=98 width=125)
	  Recheck Cond: ((k >= 2389879) AND (k <= 2389979))
	  ->  Bitmap Index Scan on k_7  (cost=0.00..5.42 rows=98 width=0)
	        Index Cond: ((k >= 2389879) AND (k <= 2389979))

table 8 : explain SELECT k, c FROM sbtest8 WHERE k BETWEEN 2389879 AND 2389979
	Bitmap Heap Scan on sbtest8  (cost=5.49..413.43 rows=103 width=125)
	  Recheck Cond: ((k >= 2389879) AND (k <= 2389979))
	  ->  Bitmap Index Scan on k_8  (cost=0.00..5.46 rows=103 width=0)
	        Index Cond: ((k >= 2389879) AND (k <= 2389979))

for range-notcovered
table 1 : explain SELECT k, c FROM sbtest1 WHERE k BETWEEN 5149272 AND 5149372
	Bitmap Heap Scan on sbtest1  (cost=5.57..445.09 rows=111 width=125)
	  Recheck Cond: ((k >= 5149272) AND (k <= 5149372))
	  ->  Bitmap Index Scan on k_1  (cost=0.00..5.54 rows=111 width=0)
	        Index Cond: ((k >= 5149272) AND (k <= 5149372))

table 2 : explain SELECT k, c FROM sbtest2 WHERE k BETWEEN 5149272 AND 5149372
	Bitmap Heap Scan on sbtest2  (cost=5.43..389.69 rows=97 width=125)
	  Recheck Cond: ((k >= 5149272) AND (k <= 5149372))
	  ->  Bitmap Index Scan on k_2  (cost=0.00..5.40 rows=97 width=0)
	        Index Cond: ((k >= 5149272) AND (k <= 5149372))

table 3 : explain SELECT k, c FROM sbtest3 WHERE k BETWEEN 5149272 AND 5149372
	Bitmap Heap Scan on sbtest3  (cost=5.39..373.90 rows=93 width=125)
	  Recheck Cond: ((k >= 5149272) AND (k <= 5149372))
	  ->  Bitmap Index Scan on k_3  (cost=0.00..5.36 rows=93 width=0)
	        Index Cond: ((k >= 5149272) AND (k <= 5149372))

table 4 : explain SELECT k, c FROM sbtest4 WHERE k BETWEEN 5149272 AND 5149372
	Bitmap Heap Scan on sbtest4  (cost=5.53..429.15 rows=107 width=125)
	  Recheck Cond: ((k >= 5149272) AND (k <= 5149372))
	  ->  Bitmap Index Scan on k_4  (cost=0.00..5.50 rows=107 width=0)
	        Index Cond: ((k >= 5149272) AND (k <= 5149372))

table 5 : explain SELECT k, c FROM sbtest5 WHERE k BETWEEN 5149272 AND 5149372
	Bitmap Heap Scan on sbtest5  (cost=5.44..393.71 rows=98 width=125)
	  Recheck Cond: ((k >= 5149272) AND (k <= 5149372))
	  ->  Bitmap Index Scan on k_5  (cost=0.00..5.42 rows=98 width=0)
	        Index Cond: ((k >= 5149272) AND (k <= 5149372))

table 6 : explain SELECT k, c FROM sbtest6 WHERE k BETWEEN 5149272 AND 5149372
	Bitmap Heap Scan on sbtest6  (cost=5.54..433.10 rows=108 width=125)
	  Recheck Cond: ((k >= 5149272) AND (k <= 5149372))
	  ->  Bitmap Index Scan on k_6  (cost=0.00..5.51 rows=108 width=0)
	        Index Cond: ((k >= 5149272) AND (k <= 5149372))

table 7 : explain SELECT k, c FROM sbtest7 WHERE k BETWEEN 5149272 AND 5149372
	Bitmap Heap Scan on sbtest7  (cost=5.64..472.52 rows=118 width=125)
	  Recheck Cond: ((k >= 5149272) AND (k <= 5149372))
	  ->  Bitmap Index Scan on k_7  (cost=0.00..5.61 rows=118 width=0)
	        Index Cond: ((k >= 5149272) AND (k <= 5149372))

table 8 : explain SELECT k, c FROM sbtest8 WHERE k BETWEEN 5149272 AND 5149372
	Bitmap Heap Scan on sbtest8  (cost=5.41..381.87 rows=95 width=125)
	  Recheck Cond: ((k >= 5149272) AND (k <= 5149372))
	  ->  Bitmap Index Scan on k_8  (cost=0.00..5.38 rows=95 width=0)
	        Index Cond: ((k >= 5149272) AND (k <= 5149372))

explain: for range-notcovered :: explain SELECT k, c FROM sbtest%d WHERE k BETWEEN 443834 AND 443934
explain: for range-notcovered :: explain SELECT k, c FROM sbtest%d WHERE k BETWEEN 2389879 AND 2389979for range-notcovered
table 1 : explain SELECT k, c FROM sbtest1 WHERE k BETWEEN 2131083 AND 2131183
	Bitmap Heap Scan on sbtest1  (cost=5.48..409.60 rows=102 width=125)
	  Recheck Cond: ((k >= 2131083) AND (k <= 2131183))
	  ->  Bitmap Index Scan on k_1  (cost=0.00..5.45 rows=102 width=0)
	        Index Cond: ((k >= 2131083) AND (k <= 2131183))

table 2 : explain SELECT k, c FROM sbtest2 WHERE k BETWEEN 2131083 AND 2131183
	Bitmap Heap Scan on sbtest2  (cost=5.49..413.35 rows=103 width=125)
	  Recheck Cond: ((k >= 2131083) AND (k <= 2131183))
	  ->  Bitmap Index Scan on k_2  (cost=0.00..5.46 rows=103 width=0)
	        Index Cond: ((k >= 2131083) AND (k <= 2131183))

table 3 : explain SELECT k, c FROM sbtest3 WHERE k BETWEEN 2131083 AND 2131183
	Bitmap Heap Scan on sbtest3  (cost=5.45..397.57 rows=99 width=125)
	  Recheck Cond: ((k >= 2131083) AND (k <= 2131183))
	  ->  Bitmap Index Scan on k_3  (cost=0.00..5.42 rows=99 width=0)
	        Index Cond: ((k >= 2131083) AND (k <= 2131183))

table 4 : explain SELECT k, c FROM sbtest4 WHERE k BETWEEN 2131083 AND 2131183
	Bitmap Heap Scan on sbtest4  (cost=5.41..381.83 rows=95 width=125)
	  Recheck Cond: ((k >= 2131083) AND (k <= 2131183))
	  ->  Bitmap Index Scan on k_4  (cost=0.00..5.38 rows=95 width=0)
	        Index Cond: ((k >= 2131083) AND (k <= 2131183))

table 5 : explain SELECT k, c FROM sbtest5 WHERE k BETWEEN 2131083 AND 2131183
	Bitmap Heap Scan on sbtest5  (cost=5.52..425.26 rows=106 width=125)
	  Recheck Cond: ((k >= 2131083) AND (k <= 2131183))
	  ->  Bitmap Index Scan on k_5  (cost=0.00..5.50 rows=106 width=0)
	        Index Cond: ((k >= 2131083) AND (k <= 2131183))

table 6 : explain SELECT k, c FROM sbtest6 WHERE k BETWEEN 2131083 AND 2131183
	Bitmap Heap Scan on sbtest6  (cost=5.58..448.86 rows=112 width=125)
	  Recheck Cond: ((k >= 2131083) AND (k <= 2131183))
	  ->  Bitmap Index Scan on k_6  (cost=0.00..5.55 rows=112 width=0)
	        Index Cond: ((k >= 2131083) AND (k <= 2131183))

table 7 : explain SELECT k, c FROM sbtest7 WHERE k BETWEEN 2131083 AND 2131183
	Bitmap Heap Scan on sbtest7  (cost=5.48..409.47 rows=102 width=125)
	  Recheck Cond: ((k >= 2131083) AND (k <= 2131183))
	  ->  Bitmap Index Scan on k_7  (cost=0.00..5.45 rows=102 width=0)
	        Index Cond: ((k >= 2131083) AND (k <= 2131183))

table 8 : explain SELECT k, c FROM sbtest8 WHERE k BETWEEN 2131083 AND 2131183
	Bitmap Heap Scan on sbtest8  (cost=5.42..385.82 rows=96 width=125)
	  Recheck Cond: ((k >= 2131083) AND (k <= 2131183))
	  ->  Bitmap Index Scan on k_8  (cost=0.00..5.39 rows=96 width=0)
	        Index Cond: ((k >= 2131083) AND (k <= 2131183))


for range-notcovered
table 1 : explain SELECT k, c FROM sbtest1 WHERE k BETWEEN 5520301 AND 5520401
	Bitmap Heap Scan on sbtest1  (cost=5.42..385.92 rows=96 width=125)
	  Recheck Cond: ((k >= 5520301) AND (k <= 5520401))
	  ->  Bitmap Index Scan on k_1  (cost=0.00..5.39 rows=96 width=0)
	        Index Cond: ((k >= 5520301) AND (k <= 5520401))

table 2 : explain SELECT k, c FROM sbtest2 WHERE k BETWEEN 5520301 AND 5520401
	Bitmap Heap Scan on sbtest2  (cost=5.40..377.85 rows=94 width=125)
	  Recheck Cond: ((k >= 5520301) AND (k <= 5520401))
	  ->  Bitmap Index Scan on k_2  (cost=0.00..5.38 rows=94 width=0)
	        Index Cond: ((k >= 5520301) AND (k <= 5520401))

table 3 : explain SELECT k, c FROM sbtest3 WHERE k BETWEEN 5520301 AND 5520401
	Bitmap Heap Scan on sbtest3  (cost=5.43..389.68 rows=97 width=125)
	  Recheck Cond: ((k >= 5520301) AND (k <= 5520401))
	  ->  Bitmap Index Scan on k_3  (cost=0.00..5.40 rows=97 width=0)
	        Index Cond: ((k >= 5520301) AND (k <= 5520401))

table 4 : explain SELECT k, c FROM sbtest4 WHERE k BETWEEN 5520301 AND 5520401
	Bitmap Heap Scan on sbtest4  (cost=5.52..425.21 rows=106 width=125)
	  Recheck Cond: ((k >= 5520301) AND (k <= 5520401))
	  ->  Bitmap Index Scan on k_4  (cost=0.00..5.50 rows=106 width=0)
	        Index Cond: ((k >= 5520301) AND (k <= 5520401))

table 5 : explain SELECT k, c FROM sbtest5 WHERE k BETWEEN 5520301 AND 5520401
	Bitmap Heap Scan on sbtest5  (cost=5.49..413.43 rows=103 width=125)
	  Recheck Cond: ((k >= 5520301) AND (k <= 5520401))
	  ->  Bitmap Index Scan on k_5  (cost=0.00..5.46 rows=103 width=0)
	        Index Cond: ((k >= 5520301) AND (k <= 5520401))

table 6 : explain SELECT k, c FROM sbtest6 WHERE k BETWEEN 5520301 AND 5520401
	Bitmap Heap Scan on sbtest6  (cost=5.53..429.16 rows=107 width=125)
	  Recheck Cond: ((k >= 5520301) AND (k <= 5520401))
	  ->  Bitmap Index Scan on k_6  (cost=0.00..5.50 rows=107 width=0)
	        Index Cond: ((k >= 5520301) AND (k <= 5520401))

table 7 : explain SELECT k, c FROM sbtest7 WHERE k BETWEEN 5520301 AND 5520401
	Bitmap Heap Scan on sbtest7  (cost=5.68..484.34 rows=121 width=125)
	  Recheck Cond: ((k >= 5520301) AND (k <= 5520401))
	  ->  Bitmap Index Scan on k_7  (cost=0.00..5.64 rows=121 width=0)
	        Index Cond: ((k >= 5520301) AND (k <= 5520401))

table 8 : explain SELECT k, c FROM sbtest8 WHERE k BETWEEN 5520301 AND 5520401
	Bitmap Heap Scan on sbtest8  (cost=5.45..397.66 rows=99 width=125)
	  Recheck Cond: ((k >= 5520301) AND (k <= 5520401))
	  ->  Bitmap Index Scan on k_8  (cost=0.00..5.42 rows=99 width=0)
	        Index Cond: ((k >= 5520301) AND (k <= 5520401))

explain: for range-notcovered :: explain SELECT k, c FROM sbtest%d WHERE k BETWEEN 5149272 AND 5149372
for range-notcovered
table 1 : explain SELECT k, c FROM sbtest1 WHERE k BETWEEN 5428658 AND 5428758
	Bitmap Heap Scan on sbtest1  (cost=5.46..401.71 rows=100 width=125)
	  Recheck Cond: ((k >= 5428658) AND (k <= 5428758))
	  ->  Bitmap Index Scan on k_1  (cost=0.00..5.43 rows=100 width=0)
	        Index Cond: ((k >= 5428658) AND (k <= 5428758))

table 2 : explain SELECT k, c FROM sbtest2 WHERE k BETWEEN 5428658 AND 5428758
	Bitmap Heap Scan on sbtest2  (cost=5.53..429.12 rows=107 width=125)
	  Recheck Cond: ((k >= 5428658) AND (k <= 5428758))
	  ->  Bitmap Index Scan on k_2  (cost=0.00..5.50 rows=107 width=0)
	        Index Cond: ((k >= 5428658) AND (k <= 5428758))

table 3 : explain SELECT k, c FROM sbtest3 WHERE k BETWEEN 5428658 AND 5428758
	Bitmap Heap Scan on sbtest3  (cost=5.43..389.68 rows=97 width=125)
	  Recheck Cond: ((k >= 5428658) AND (k <= 5428758))
	  ->  Bitmap Index Scan on k_3  (cost=0.00..5.40 rows=97 width=0)
	        Index Cond: ((k >= 5428658) AND (k <= 5428758))

table 4 : explain SELECT k, c FROM sbtest4 WHERE k BETWEEN 5428658 AND 5428758
	Bitmap Heap Scan on sbtest4  (cost=5.47..405.50 rows=101 width=125)
	  Recheck Cond: ((k >= 5428658) AND (k <= 5428758))
	  ->  Bitmap Index Scan on k_4  (cost=0.00..5.44 rows=101 width=0)
	        Index Cond: ((k >= 5428658) AND (k <= 5428758))

table 5 : explain SELECT k, c FROM sbtest5 WHERE k BETWEEN 5428658 AND 5428758
	Bitmap Heap Scan on sbtest5  (cost=5.52..425.26 rows=106 width=125)
	  Recheck Cond: ((k >= 5428658) AND (k <= 5428758))
	  ->  Bitmap Index Scan on k_5  (cost=0.00..5.50 rows=106 width=0)
	        Index Cond: ((k >= 5428658) AND (k <= 5428758))

table 6 : explain SELECT k, c FROM sbtest6 WHERE k BETWEEN 5428658 AND 5428758
	Bitmap Heap Scan on sbtest6  (cost=5.38..369.99 rows=92 width=125)
	  Recheck Cond: ((k >= 5428658) AND (k <= 5428758))
	  ->  Bitmap Index Scan on k_6  (cost=0.00..5.35 rows=92 width=0)
	        Index Cond: ((k >= 5428658) AND (k <= 5428758))

table 7 : explain SELECT k, c FROM sbtest7 WHERE k BETWEEN 5428658 AND 5428758
	Bitmap Heap Scan on sbtest7  (cost=5.42..385.80 rows=96 width=125)
	  Recheck Cond: ((k >= 5428658) AND (k <= 5428758))
	  ->  Bitmap Index Scan on k_7  (cost=0.00..5.39 rows=96 width=0)
	        Index Cond: ((k >= 5428658) AND (k <= 5428758))

table 8 : explain SELECT k, c FROM sbtest8 WHERE k BETWEEN 5428658 AND 5428758
	Bitmap Heap Scan on sbtest8  (cost=5.48..409.49 rows=102 width=125)
	  Recheck Cond: ((k >= 5428658) AND (k <= 5428758))
	  ->  Bitmap Index Scan on k_8  (cost=0.00..5.45 rows=102 width=0)
	        Index Cond: ((k >= 5428658) AND (k <= 5428758))

for range-notcovered
table 1 : explain SELECT k, c FROM sbtest1 WHERE k BETWEEN 5984951 AND 5985051
	Bitmap Heap Scan on sbtest1  (cost=5.50..417.49 rows=104 width=125)
	  Recheck Cond: ((k >= 5984951) AND (k <= 5985051))
	  ->  Bitmap Index Scan on k_1  (cost=0.00..5.47 rows=104 width=0)
	        Index Cond: ((k >= 5984951) AND (k <= 5985051))

table 2 : explain SELECT k, c FROM sbtest2 WHERE k BETWEEN 5984951 AND 5985051
	Bitmap Heap Scan on sbtest2  (cost=5.50..417.29 rows=104 width=125)
	  Recheck Cond: ((k >= 5984951) AND (k <= 5985051))
	  ->  Bitmap Index Scan on k_2  (cost=0.00..5.47 rows=104 width=0)
	        Index Cond: ((k >= 5984951) AND (k <= 5985051))

table 3 : explain SELECT k, c FROM sbtest3 WHERE k BETWEEN 5984951 AND 5985051
	Bitmap Heap Scan on sbtest3  (cost=5.50..417.28 rows=104 width=125)
	  Recheck Cond: ((k >= 5984951) AND (k <= 5985051))
	  ->  Bitmap Index Scan on k_3  (cost=0.00..5.47 rows=104 width=0)
	        Index Cond: ((k >= 5984951) AND (k <= 5985051))

table 4 : explain SELECT k, c FROM sbtest4 WHERE k BETWEEN 5984951 AND 5985051
	Bitmap Heap Scan on sbtest4  (cost=5.43..389.72 rows=97 width=125)
	  Recheck Cond: ((k >= 5984951) AND (k <= 5985051))
	  ->  Bitmap Index Scan on k_4  (cost=0.00..5.40 rows=97 width=0)
	        Index Cond: ((k >= 5984951) AND (k <= 5985051))

table 5 : explain SELECT k, c FROM sbtest5 WHERE k BETWEEN 5984951 AND 5985051
	Bitmap Heap Scan on sbtest5  (cost=5.51..421.32 rows=105 width=125)
	  Recheck Cond: ((k >= 5984951) AND (k <= 5985051))
	  ->  Bitmap Index Scan on k_5  (cost=0.00..5.48 rows=105 width=0)
	        Index Cond: ((k >= 5984951) AND (k <= 5985051))

table 6 : explain SELECT k, c FROM sbtest6 WHERE k BETWEEN 5984951 AND 5985051
	Bitmap Heap Scan on sbtest6  (cost=5.43..389.72 rows=97 width=125)
	  Recheck Cond: ((k >= 5984951) AND (k <= 5985051))
	  ->  Bitmap Index Scan on k_6  (cost=0.00..5.40 rows=97 width=0)
	        Index Cond: ((k >= 5984951) AND (k <= 5985051))

table 7 : explain SELECT k, c FROM sbtest7 WHERE k BETWEEN 5984951 AND 5985051
	Bitmap Heap Scan on sbtest7  (cost=5.53..429.19 rows=107 width=125)
	  Recheck Cond: ((k >= 5984951) AND (k <= 5985051))
	  ->  Bitmap Index Scan on k_7  (cost=0.00..5.50 rows=107 width=0)
	        Index Cond: ((k >= 5984951) AND (k <= 5985051))

table 8 : explain SELECT k, c FROM sbtest8 WHERE k BETWEEN 5984951 AND 5985051
	Bitmap Heap Scan on sbtest8  (cost=5.49..413.43 rows=103 width=125)
	  Recheck Cond: ((k >= 5984951) AND (k <= 5985051))
	  ->  Bitmap Index Scan on k_8  (cost=0.00..5.46 rows=103 width=0)
	        Index Cond: ((k >= 5984951) AND (k <= 5985051))

explain: for range-notcovered :: explain SELECT k, c FROM sbtest%d WHERE k BETWEEN 2131083 AND 2131183
for range-notcovered
table 1 : explain SELECT k, c FROM sbtest1 WHERE k BETWEEN 4481903 AND 4482003
	Bitmap Heap Scan on sbtest1  (cost=5.48..409.60 rows=102 width=125)
	  Recheck Cond: ((k >= 4481903) AND (k <= 4482003))
	  ->  Bitmap Index Scan on k_1  (cost=0.00..5.45 rows=102 width=0)
	        Index Cond: ((k >= 4481903) AND (k <= 4482003))

table 2 : explain SELECT k, c FROM sbtest2 WHERE k BETWEEN 4481903 AND 4482003
	Bitmap Heap Scan on sbtest2  (cost=5.39..373.91 rows=93 width=125)
	  Recheck Cond: ((k >= 4481903) AND (k <= 4482003))
	  ->  Bitmap Index Scan on k_2  (cost=0.00..5.36 rows=93 width=0)
	        Index Cond: ((k >= 4481903) AND (k <= 4482003))

table 3 : explain SELECT k, c FROM sbtest3 WHERE k BETWEEN 4481903 AND 4482003
	Bitmap Heap Scan on sbtest3  (cost=5.52..425.16 rows=106 width=125)
	  Recheck Cond: ((k >= 4481903) AND (k <= 4482003))
	  ->  Bitmap Index Scan on k_3  (cost=0.00..5.50 rows=106 width=0)
	        Index Cond: ((k >= 4481903) AND (k <= 4482003))

table 4 : explain SELECT k, c FROM sbtest4 WHERE k BETWEEN 4481903 AND 4482003
	Bitmap Heap Scan on sbtest4  (cost=5.56..440.98 rows=110 width=125)
	  Recheck Cond: ((k >= 4481903) AND (k <= 4482003))
	  ->  Bitmap Index Scan on k_4  (cost=0.00..5.53 rows=110 width=0)
	        Index Cond: ((k >= 4481903) AND (k <= 4482003))

table 5 : explain SELECT k, c FROM sbtest5 WHERE k BETWEEN 4481903 AND 4482003
	Bitmap Heap Scan on sbtest5  (cost=5.45..397.65 rows=99 width=125)
	  Recheck Cond: ((k >= 4481903) AND (k <= 4482003))
	  ->  Bitmap Index Scan on k_5  (cost=0.00..5.42 rows=99 width=0)
	        Index Cond: ((k >= 4481903) AND (k <= 4482003))

table 6 : explain SELECT k, c FROM sbtest6 WHERE k BETWEEN 4481903 AND 4482003
	Bitmap Heap Scan on sbtest6  (cost=5.38..369.99 rows=92 width=125)
	  Recheck Cond: ((k >= 4481903) AND (k <= 4482003))
	  ->  Bitmap Index Scan on k_6  (cost=0.00..5.35 rows=92 width=0)
	        Index Cond: ((k >= 4481903) AND (k <= 4482003))

table 7 : explain SELECT k, c FROM sbtest7 WHERE k BETWEEN 4481903 AND 4482003
	Bitmap Heap Scan on sbtest7  (cost=5.43..389.75 rows=97 width=125)
	  Recheck Cond: ((k >= 4481903) AND (k <= 4482003))
	  ->  Bitmap Index Scan on k_7  (cost=0.00..5.40 rows=97 width=0)
	        Index Cond: ((k >= 4481903) AND (k <= 4482003))

table 8 : explain SELECT k, c FROM sbtest8 WHERE k BETWEEN 4481903 AND 4482003
	Bitmap Heap Scan on sbtest8  (cost=5.49..413.43 rows=103 width=125)
	  Recheck Cond: ((k >= 4481903) AND (k <= 4482003))
	  ->  Bitmap Index Scan on k_8  (cost=0.00..5.46 rows=103 width=0)
	        Index Cond: ((k >= 4481903) AND (k <= 4482003))

explain: for range-notcovered :: explain SELECT k, c FROM sbtest%d WHERE k BETWEEN 5984951 AND 5985051
explain: for range-notcovered :: explain SELECT k, c FROM sbtest%d WHERE k BETWEEN 5428658 AND 5428758
for range-notcovered
table 1 : explain SELECT k, c FROM sbtest1 WHERE k BETWEEN 8430366 AND 8430466
	Bitmap Heap Scan on sbtest1  (cost=5.47..405.65 rows=101 width=125)
	  Recheck Cond: ((k >= 8430366) AND (k <= 8430466))
	  ->  Bitmap Index Scan on k_1  (cost=0.00..5.44 rows=101 width=0)
	        Index Cond: ((k >= 8430366) AND (k <= 8430466))

table 2 : explain SELECT k, c FROM sbtest2 WHERE k BETWEEN 8430366 AND 8430466
	Bitmap Heap Scan on sbtest2  (cost=5.52..425.18 rows=106 width=125)
	  Recheck Cond: ((k >= 8430366) AND (k <= 8430466))
	  ->  Bitmap Index Scan on k_2  (cost=0.00..5.50 rows=106 width=0)
	        Index Cond: ((k >= 8430366) AND (k <= 8430466))

table 3 : explain SELECT k, c FROM sbtest3 WHERE k BETWEEN 8430366 AND 8430466
	Bitmap Heap Scan on sbtest3  (cost=5.49..413.34 rows=103 width=125)
	  Recheck Cond: ((k >= 8430366) AND (k <= 8430466))
	  ->  Bitmap Index Scan on k_3  (cost=0.00..5.46 rows=103 width=0)
	        Index Cond: ((k >= 8430366) AND (k <= 8430466))

table 4 : explain SELECT k, c FROM sbtest4 WHERE k BETWEEN 8430366 AND 8430466
	Bitmap Heap Scan on sbtest4  (cost=5.49..413.38 rows=103 width=125)
	  Recheck Cond: ((k >= 8430366) AND (k <= 8430466))
	  ->  Bitmap Index Scan on k_4  (cost=0.00..5.46 rows=103 width=0)
	        Index Cond: ((k >= 8430366) AND (k <= 8430466))

table 5 : explain SELECT k, c FROM sbtest5 WHERE k BETWEEN 8430366 AND 8430466
	Bitmap Heap Scan on sbtest5  (cost=5.42..385.82 rows=96 width=125)
	  Recheck Cond: ((k >= 8430366) AND (k <= 8430466))
	  ->  Bitmap Index Scan on k_5  (cost=0.00..5.39 rows=96 width=0)
	        Index Cond: ((k >= 8430366) AND (k <= 8430466))

table 6 : explain SELECT k, c FROM sbtest6 WHERE k BETWEEN 8430366 AND 8430466
	Bitmap Heap Scan on sbtest6  (cost=5.46..401.56 rows=100 width=125)
	  Recheck Cond: ((k >= 8430366) AND (k <= 8430466))
	  ->  Bitmap Index Scan on k_6  (cost=0.00..5.43 rows=100 width=0)
	        Index Cond: ((k >= 8430366) AND (k <= 8430466))

table 7 : explain SELECT k, c FROM sbtest7 WHERE k BETWEEN 8430366 AND 8430466
	Bitmap Heap Scan on sbtest7  (cost=5.40..377.91 rows=94 width=125)
	  Recheck Cond: ((k >= 8430366) AND (k <= 8430466))
	  ->  Bitmap Index Scan on k_7  (cost=0.00..5.38 rows=94 width=0)
	        Index Cond: ((k >= 8430366) AND (k <= 8430466))

table 8 : explain SELECT k, c FROM sbtest8 WHERE k BETWEEN 8430366 AND 8430466
	Bitmap Heap Scan on sbtest8  (cost=5.50..417.38 rows=104 width=125)
	  Recheck Cond: ((k >= 8430366) AND (k <= 8430466))
	  ->  Bitmap Index Scan on k_8  (cost=0.00..5.47 rows=104 width=0)
	        Index Cond: ((k >= 8430366) AND (k <= 8430466))

for range-notcovered
table 1 : explain SELECT k, c FROM sbtest1 WHERE k BETWEEN 5001658 AND 5001758
	Bitmap Heap Scan on sbtest1  (cost=5.50..417.49 rows=104 width=125)
	  Recheck Cond: ((k >= 5001658) AND (k <= 5001758))
	  ->  Bitmap Index Scan on k_1  (cost=0.00..5.47 rows=104 width=0)
	        Index Cond: ((k >= 5001658) AND (k <= 5001758))

table 2 : explain SELECT k, c FROM sbtest2 WHERE k BETWEEN 5001658 AND 5001758
	Bitmap Heap Scan on sbtest2  (cost=5.38..369.96 rows=92 width=125)
	  Recheck Cond: ((k >= 5001658) AND (k <= 5001758))
	  ->  Bitmap Index Scan on k_2  (cost=0.00..5.35 rows=92 width=0)
	        Index Cond: ((k >= 5001658) AND (k <= 5001758))

table 3 : explain SELECT k, c FROM sbtest3 WHERE k BETWEEN 5001658 AND 5001758
	Bitmap Heap Scan on sbtest3  (cost=5.35..358.11 rows=89 width=125)
	  Recheck Cond: ((k >= 5001658) AND (k <= 5001758))
	  ->  Bitmap Index Scan on k_3  (cost=0.00..5.32 rows=89 width=0)
	        Index Cond: ((k >= 5001658) AND (k <= 5001758))

table 4 : explain SELECT k, c FROM sbtest4 WHERE k BETWEEN 5001658 AND 5001758
	Bitmap Heap Scan on sbtest4  (cost=5.48..409.44 rows=102 width=125)
	  Recheck Cond: ((k >= 5001658) AND (k <= 5001758))
	  ->  Bitmap Index Scan on k_4  (cost=0.00..5.45 rows=102 width=0)
	        Index Cond: ((k >= 5001658) AND (k <= 5001758))

table 5 : explain SELECT k, c FROM sbtest5 WHERE k BETWEEN 5001658 AND 5001758
	Bitmap Heap Scan on sbtest5  (cost=5.51..421.32 rows=105 width=125)
	  Recheck Cond: ((k >= 5001658) AND (k <= 5001758))
	  ->  Bitmap Index Scan on k_5  (cost=0.00..5.48 rows=105 width=0)
	        Index Cond: ((k >= 5001658) AND (k <= 5001758))

table 6 : explain SELECT k, c FROM sbtest6 WHERE k BETWEEN 5001658 AND 5001758
	Bitmap Heap Scan on sbtest6  (cost=5.50..417.33 rows=104 width=125)
	  Recheck Cond: ((k >= 5001658) AND (k <= 5001758))
	  ->  Bitmap Index Scan on k_6  (cost=0.00..5.47 rows=104 width=0)
	        Index Cond: ((k >= 5001658) AND (k <= 5001758))

table 7 : explain SELECT k, c FROM sbtest7 WHERE k BETWEEN 5001658 AND 5001758
	Bitmap Heap Scan on sbtest7  (cost=5.54..433.13 rows=108 width=125)
	  Recheck Cond: ((k >= 5001658) AND (k <= 5001758))
	  ->  Bitmap Index Scan on k_7  (cost=0.00..5.51 rows=108 width=0)
	        Index Cond: ((k >= 5001658) AND (k <= 5001758))

table 8 : explain SELECT k, c FROM sbtest8 WHERE k BETWEEN 5001658 AND 5001758
	Bitmap Heap Scan on sbtest8  (cost=5.52..425.26 rows=106 width=125)
	  Recheck Cond: ((k >= 5001658) AND (k <= 5001758))
	  ->  Bitmap Index Scan on k_8  (cost=0.00..5.50 rows=106 width=0)
	        Index Cond: ((k >= 5001658) AND (k <= 5001758))

explain: for range-notcovered :: explain SELECT k, c FROM sbtest%d WHERE k BETWEEN 4481903 AND 4482003
for range-notcovered
table 1 : explain SELECT k, c FROM sbtest1 WHERE k BETWEEN 1754192 AND 1754292
	Bitmap Heap Scan on sbtest1  (cost=5.52..425.38 rows=106 width=125)
	  Recheck Cond: ((k >= 1754192) AND (k <= 1754292))
	  ->  Bitmap Index Scan on k_1  (cost=0.00..5.50 rows=106 width=0)
	        Index Cond: ((k >= 1754192) AND (k <= 1754292))

table 2 : explain SELECT k, c FROM sbtest2 WHERE k BETWEEN 1754192 AND 1754292
	Bitmap Heap Scan on sbtest2  (cost=5.43..389.69 rows=97 width=125)
	  Recheck Cond: ((k >= 1754192) AND (k <= 1754292))
	  ->  Bitmap Index Scan on k_2  (cost=0.00..5.40 rows=97 width=0)
	        Index Cond: ((k >= 1754192) AND (k <= 1754292))

table 3 : explain SELECT k, c FROM sbtest3 WHERE k BETWEEN 1754192 AND 1754292
	Bitmap Heap Scan on sbtest3  (cost=5.51..421.22 rows=105 width=125)
	  Recheck Cond: ((k >= 1754192) AND (k <= 1754292))
	  ->  Bitmap Index Scan on k_3  (cost=0.00..5.48 rows=105 width=0)
	        Index Cond: ((k >= 1754192) AND (k <= 1754292))

table 4 : explain SELECT k, c FROM sbtest4 WHERE k BETWEEN 1754192 AND 1754292
	Bitmap Heap Scan on sbtest4  (cost=5.60..456.73 rows=114 width=125)
	  Recheck Cond: ((k >= 1754192) AND (k <= 1754292))
	  ->  Bitmap Index Scan on k_4  (cost=0.00..5.58 rows=114 width=0)
	        Index Cond: ((k >= 1754192) AND (k <= 1754292))

table 5 : explain SELECT k, c FROM sbtest5 WHERE k BETWEEN 1754192 AND 1754292
	Bitmap Heap Scan on sbtest5  (cost=5.36..362.13 rows=90 width=125)
	  Recheck Cond: ((k >= 1754192) AND (k <= 1754292))
	  ->  Bitmap Index Scan on k_5  (cost=0.00..5.33 rows=90 width=0)
	        Index Cond: ((k >= 1754192) AND (k <= 1754292))

table 6 : explain SELECT k, c FROM sbtest6 WHERE k BETWEEN 1754192 AND 1754292
	Bitmap Heap Scan on sbtest6  (cost=5.48..409.44 rows=102 width=125)
	  Recheck Cond: ((k >= 1754192) AND (k <= 1754292))
	  ->  Bitmap Index Scan on k_6  (cost=0.00..5.45 rows=102 width=0)
	        Index Cond: ((k >= 1754192) AND (k <= 1754292))

table 7 : explain SELECT k, c FROM sbtest7 WHERE k BETWEEN 1754192 AND 1754292
	Bitmap Heap Scan on sbtest7  (cost=5.43..389.75 rows=97 width=125)
	  Recheck Cond: ((k >= 1754192) AND (k <= 1754292))
	  ->  Bitmap Index Scan on k_7  (cost=0.00..5.40 rows=97 width=0)
	        Index Cond: ((k >= 1754192) AND (k <= 1754292))

table 8 : explain SELECT k, c FROM sbtest8 WHERE k BETWEEN 1754192 AND 1754292
	Bitmap Heap Scan on sbtest8  (cost=5.36..362.13 rows=90 width=125)
	  Recheck Cond: ((k >= 1754192) AND (k <= 1754292))
	  ->  Bitmap Index Scan on k_8  (cost=0.00..5.33 rows=90 width=0)
	        Index Cond: ((k >= 1754192) AND (k <= 1754292))

for range-notcovered
table 1 : explain SELECT k, c FROM sbtest1 WHERE k BETWEEN 3057141 AND 3057241
	Bitmap Heap Scan on sbtest1  (cost=5.51..421.43 rows=105 width=125)
	  Recheck Cond: ((k >= 3057141) AND (k <= 3057241))
	  ->  Bitmap Index Scan on k_1  (cost=0.00..5.48 rows=105 width=0)
	        Index Cond: ((k >= 3057141) AND (k <= 3057241))

table 2 : explain SELECT k, c FROM sbtest2 WHERE k BETWEEN 3057141 AND 3057241
	Bitmap Heap Scan on sbtest2  (cost=5.41..381.80 rows=95 width=125)
	  Recheck Cond: ((k >= 3057141) AND (k <= 3057241))
	  ->  Bitmap Index Scan on k_2  (cost=0.00..5.38 rows=95 width=0)
	        Index Cond: ((k >= 3057141) AND (k <= 3057241))

table 3 : explain SELECT k, c FROM sbtest3 WHERE k BETWEEN 3057141 AND 3057241
	Bitmap Heap Scan on sbtest3  (cost=5.50..417.28 rows=104 width=125)
	  Recheck Cond: ((k >= 3057141) AND (k <= 3057241))
	  ->  Bitmap Index Scan on k_3  (cost=0.00..5.47 rows=104 width=0)
	        Index Cond: ((k >= 3057141) AND (k <= 3057241))

table 4 : explain SELECT k, c FROM sbtest4 WHERE k BETWEEN 3057141 AND 3057241
	Bitmap Heap Scan on sbtest4  (cost=5.54..433.09 rows=108 width=125)
	  Recheck Cond: ((k >= 3057141) AND (k <= 3057241))
	  ->  Bitmap Index Scan on k_4  (cost=0.00..5.51 rows=108 width=0)
	        Index Cond: ((k >= 3057141) AND (k <= 3057241))

table 5 : explain SELECT k, c FROM sbtest5 WHERE k BETWEEN 3057141 AND 3057241
	Bitmap Heap Scan on sbtest5  (cost=5.54..433.14 rows=108 width=125)
	  Recheck Cond: ((k >= 3057141) AND (k <= 3057241))
	  ->  Bitmap Index Scan on k_5  (cost=0.00..5.51 rows=108 width=0)
	        Index Cond: ((k >= 3057141) AND (k <= 3057241))

table 6 : explain SELECT k, c FROM sbtest6 WHERE k BETWEEN 3057141 AND 3057241
	Bitmap Heap Scan on sbtest6  (cost=5.44..393.67 rows=98 width=125)
	  Recheck Cond: ((k >= 3057141) AND (k <= 3057241))
	  ->  Bitmap Index Scan on k_6  (cost=0.00..5.42 rows=98 width=0)
	        Index Cond: ((k >= 3057141) AND (k <= 3057241))

table 7 : explain SELECT k, c FROM sbtest7 WHERE k BETWEEN 3057141 AND 3057241
	Bitmap Heap Scan on sbtest7  (cost=5.57..444.95 rows=111 width=125)
	  Recheck Cond: ((k >= 3057141) AND (k <= 3057241))
	  ->  Bitmap Index Scan on k_7  (cost=0.00..5.54 rows=111 width=0)
	        Index Cond: ((k >= 3057141) AND (k <= 3057241))

table 8 : explain SELECT k, c FROM sbtest8 WHERE k BETWEEN 3057141 AND 3057241
	Bitmap Heap Scan on sbtest8  (cost=5.44..393.71 rows=98 width=125)
	  Recheck Cond: ((k >= 3057141) AND (k <= 3057241))
	  ->  Bitmap Index Scan on k_8  (cost=0.00..5.42 rows=98 width=0)
	        Index Cond: ((k >= 3057141) AND (k <= 3057241))

for range-notcovered
table 1 : explain SELECT k, c FROM sbtest1 WHERE k BETWEEN 6392831 AND 6392931
	Bitmap Heap Scan on sbtest1  (cost=5.41..381.97 rows=95 width=125)
	  Recheck Cond: ((k >= 6392831) AND (k <= 6392931))
	  ->  Bitmap Index Scan on k_1  (cost=0.00..5.38 rows=95 width=0)
	        Index Cond: ((k >= 6392831) AND (k <= 6392931))

table 2 : explain SELECT k, c FROM sbtest2 WHERE k BETWEEN 6392831 AND 6392931
	Bitmap Heap Scan on sbtest2  (cost=5.49..413.35 rows=103 width=125)
	  Recheck Cond: ((k >= 6392831) AND (k <= 6392931))
	  ->  Bitmap Index Scan on k_2  (cost=0.00..5.46 rows=103 width=0)
	        Index Cond: ((k >= 6392831) AND (k <= 6392931))

table 3 : explain SELECT k, c FROM sbtest3 WHERE k BETWEEN 6392831 AND 6392931
	Bitmap Heap Scan on sbtest3  (cost=5.46..401.51 rows=100 width=125)
	  Recheck Cond: ((k >= 6392831) AND (k <= 6392931))
	  ->  Bitmap Index Scan on k_3  (cost=0.00..5.43 rows=100 width=0)
	        Index Cond: ((k >= 6392831) AND (k <= 6392931))

table 4 : explain SELECT k, c FROM sbtest4 WHERE k BETWEEN 6392831 AND 6392931
	Bitmap Heap Scan on sbtest4  (cost=5.55..437.04 rows=109 width=125)
	  Recheck Cond: ((k >= 6392831) AND (k <= 6392931))
	  ->  Bitmap Index Scan on k_4  (cost=0.00..5.52 rows=109 width=0)
	        Index Cond: ((k >= 6392831) AND (k <= 6392931))

table 5 : explain SELECT k, c FROM sbtest5 WHERE k BETWEEN 6392831 AND 6392931
	Bitmap Heap Scan on sbtest5  (cost=5.40..377.92 rows=94 width=125)
	  Recheck Cond: ((k >= 6392831) AND (k <= 6392931))
	  ->  Bitmap Index Scan on k_5  (cost=0.00..5.38 rows=94 width=0)
	        Index Cond: ((k >= 6392831) AND (k <= 6392931))

table 6 : explain SELECT k, c FROM sbtest6 WHERE k BETWEEN 6392831 AND 6392931
	Bitmap Heap Scan on sbtest6  (cost=5.55..437.04 rows=109 width=125)
	  Recheck Cond: ((k >= 6392831) AND (k <= 6392931))
	  ->  Bitmap Index Scan on k_6  (cost=0.00..5.52 rows=109 width=0)
	        Index Cond: ((k >= 6392831) AND (k <= 6392931))

table 7 : explain SELECT k, c FROM sbtest7 WHERE k BETWEEN 6392831 AND 6392931
	Bitmap Heap Scan on sbtest7  (cost=5.54..433.13 rows=108 width=125)
	  Recheck Cond: ((k >= 6392831) AND (k <= 6392931))
	  ->  Bitmap Index Scan on k_7  (cost=0.00..5.51 rows=108 width=0)
	        Index Cond: ((k >= 6392831) AND (k <= 6392931))

table 8 : explain SELECT k, c FROM sbtest8 WHERE k BETWEEN 6392831 AND 6392931
	Bitmap Heap Scan on sbtest8  (cost=5.49..413.43 rows=103 width=125)
	  Recheck Cond: ((k >= 6392831) AND (k <= 6392931))
	  ->  Bitmap Index Scan on k_8  (cost=0.00..5.46 rows=103 width=0)
	        Index Cond: ((k >= 6392831) AND (k <= 6392931))

for range-notcovered
table 1 : explain SELECT k, c FROM sbtest1 WHERE k BETWEEN 5460229 AND 5460329
	Bitmap Heap Scan on sbtest1  (cost=5.42..385.92 rows=96 width=125)
	  Recheck Cond: ((k >= 5460229) AND (k <= 5460329))
	  ->  Bitmap Index Scan on k_1  (cost=0.00..5.39 rows=96 width=0)
	        Index Cond: ((k >= 5460229) AND (k <= 5460329))

table 2 : explain SELECT k, c FROM sbtest2 WHERE k BETWEEN 5460229 AND 5460329
	Bitmap Heap Scan on sbtest2  (cost=5.53..429.12 rows=107 width=125)
	  Recheck Cond: ((k >= 5460229) AND (k <= 5460329))
	  ->  Bitmap Index Scan on k_2  (cost=0.00..5.50 rows=107 width=0)
	        Index Cond: ((k >= 5460229) AND (k <= 5460329))

table 3 : explain SELECT k, c FROM sbtest3 WHERE k BETWEEN 5460229 AND 5460329
	Bitmap Heap Scan on sbtest3  (cost=5.43..389.68 rows=97 width=125)
	  Recheck Cond: ((k >= 5460229) AND (k <= 5460329))
	  ->  Bitmap Index Scan on k_3  (cost=0.00..5.40 rows=97 width=0)
	        Index Cond: ((k >= 5460229) AND (k <= 5460329))

table 4 : explain SELECT k, c FROM sbtest4 WHERE k BETWEEN 5460229 AND 5460329
	Bitmap Heap Scan on sbtest4  (cost=5.47..405.50 rows=101 width=125)
	  Recheck Cond: ((k >= 5460229) AND (k <= 5460329))
	  ->  Bitmap Index Scan on k_4  (cost=0.00..5.44 rows=101 width=0)
	        Index Cond: ((k >= 5460229) AND (k <= 5460329))

table 5 : explain SELECT k, c FROM sbtest5 WHERE k BETWEEN 5460229 AND 5460329
	Bitmap Heap Scan on sbtest5  (cost=5.52..425.26 rows=106 width=125)
	  Recheck Cond: ((k >= 5460229) AND (k <= 5460329))
	  ->  Bitmap Index Scan on k_5  (cost=0.00..5.50 rows=106 width=0)
	        Index Cond: ((k >= 5460229) AND (k <= 5460329))

table 6 : explain SELECT k, c FROM sbtest6 WHERE k BETWEEN 5460229 AND 5460329
	Bitmap Heap Scan on sbtest6  (cost=5.38..369.99 rows=92 width=125)
	  Recheck Cond: ((k >= 5460229) AND (k <= 5460329))
	  ->  Bitmap Index Scan on k_6  (cost=0.00..5.35 rows=92 width=0)
	        Index Cond: ((k >= 5460229) AND (k <= 5460329))

table 7 : explain SELECT k, c FROM sbtest7 WHERE k BETWEEN 5460229 AND 5460329
	Bitmap Heap Scan on sbtest7  (cost=5.42..385.80 rows=96 width=125)
	  Recheck Cond: ((k >= 5460229) AND (k <= 5460329))
	  ->  Bitmap Index Scan on k_7  (cost=0.00..5.39 rows=96 width=0)
	        Index Cond: ((k >= 5460229) AND (k <= 5460329))

table 8 : explain SELECT k, c FROM sbtest8 WHERE k BETWEEN 5460229 AND 5460329
	Bitmap Heap Scan on sbtest8  (cost=5.48..409.49 rows=102 width=125)
	  Recheck Cond: ((k >= 5460229) AND (k <= 5460329))
	  ->  Bitmap Index Scan on k_8  (cost=0.00..5.45 rows=102 width=0)
	        Index Cond: ((k >= 5460229) AND (k <= 5460329))

explain: for range-notcovered :: explain SELECT k, c FROM sbtest%d WHERE k BETWEEN 5460229 AND 5460329
for range-notcovered
table 1 : explain SELECT k, c FROM sbtest1 WHERE k BETWEEN 5715146 AND 5715246
	Bitmap Heap Scan on sbtest1  (cost=5.53..429.32 rows=107 width=125)
	  Recheck Cond: ((k >= 5715146) AND (k <= 5715246))
	  ->  Bitmap Index Scan on k_1  (cost=0.00..5.50 rows=107 width=0)
	        Index Cond: ((k >= 5715146) AND (k <= 5715246))

table 2 : explain SELECT k, c FROM sbtest2 WHERE k BETWEEN 5715146 AND 5715246
	Bitmap Heap Scan on sbtest2  (cost=5.52..425.18 rows=106 width=125)
	  Recheck Cond: ((k >= 5715146) AND (k <= 5715246))
	  ->  Bitmap Index Scan on k_2  (cost=0.00..5.50 rows=106 width=0)
	        Index Cond: ((k >= 5715146) AND (k <= 5715246))

table 3 : explain SELECT k, c FROM sbtest3 WHERE k BETWEEN 5715146 AND 5715246
	Bitmap Heap Scan on sbtest3  (cost=5.46..401.51 rows=100 width=125)
	  Recheck Cond: ((k >= 5715146) AND (k <= 5715246))
	  ->  Bitmap Index Scan on k_3  (cost=0.00..5.43 rows=100 width=0)
	        Index Cond: ((k >= 5715146) AND (k <= 5715246))

table 4 : explain SELECT k, c FROM sbtest4 WHERE k BETWEEN 5715146 AND 5715246
	Bitmap Heap Scan on sbtest4  (cost=5.50..417.33 rows=104 width=125)
	  Recheck Cond: ((k >= 5715146) AND (k <= 5715246))
	  ->  Bitmap Index Scan on k_4  (cost=0.00..5.47 rows=104 width=0)
	        Index Cond: ((k >= 5715146) AND (k <= 5715246))

table 5 : explain SELECT k, c FROM sbtest5 WHERE k BETWEEN 5715146 AND 5715246
	Bitmap Heap Scan on sbtest5  (cost=5.50..417.37 rows=104 width=125)
	  Recheck Cond: ((k >= 5715146) AND (k <= 5715246))
	  ->  Bitmap Index Scan on k_5  (cost=0.00..5.47 rows=104 width=0)
	        Index Cond: ((k >= 5715146) AND (k <= 5715246))

table 6 : explain SELECT k, c FROM sbtest6 WHERE k BETWEEN 5715146 AND 5715246
	Bitmap Heap Scan on sbtest6  (cost=5.44..393.67 rows=98 width=125)
	  Recheck Cond: ((k >= 5715146) AND (k <= 5715246))
	  ->  Bitmap Index Scan on k_6  (cost=0.00..5.42 rows=98 width=0)
	        Index Cond: ((k >= 5715146) AND (k <= 5715246))

table 7 : explain SELECT k, c FROM sbtest7 WHERE k BETWEEN 5715146 AND 5715246
	Bitmap Heap Scan on sbtest7  (cost=5.53..429.19 rows=107 width=125)
	  Recheck Cond: ((k >= 5715146) AND (k <= 5715246))
	  ->  Bitmap Index Scan on k_7  (cost=0.00..5.50 rows=107 width=0)
	        Index Cond: ((k >= 5715146) AND (k <= 5715246))

table 8 : explain SELECT k, c FROM sbtest8 WHERE k BETWEEN 5715146 AND 5715246
	Bitmap Heap Scan on sbtest8  (cost=5.53..429.21 rows=107 width=125)
	  Recheck Cond: ((k >= 5715146) AND (k <= 5715246))
	  ->  Bitmap Index Scan on k_8  (cost=0.00..5.50 rows=107 width=0)
	        Index Cond: ((k >= 5715146) AND (k <= 5715246))

for range-notcovered
table 1 : explain SELECT k, c FROM sbtest1 WHERE k BETWEEN 6238724 AND 6238824
	Bitmap Heap Scan on sbtest1  (cost=5.46..401.71 rows=100 width=125)
	  Recheck Cond: ((k >= 6238724) AND (k <= 6238824))
	  ->  Bitmap Index Scan on k_1  (cost=0.00..5.43 rows=100 width=0)
	        Index Cond: ((k >= 6238724) AND (k <= 6238824))

table 2 : explain SELECT k, c FROM sbtest2 WHERE k BETWEEN 6238724 AND 6238824
	Bitmap Heap Scan on sbtest2  (cost=5.47..405.46 rows=101 width=125)
	  Recheck Cond: ((k >= 6238724) AND (k <= 6238824))
	  ->  Bitmap Index Scan on k_2  (cost=0.00..5.44 rows=101 width=0)
	        Index Cond: ((k >= 6238724) AND (k <= 6238824))

table 3 : explain SELECT k, c FROM sbtest3 WHERE k BETWEEN 6238724 AND 6238824
	Bitmap Heap Scan on sbtest3  (cost=5.52..425.16 rows=106 width=125)
	  Recheck Cond: ((k >= 6238724) AND (k <= 6238824))
	  ->  Bitmap Index Scan on k_3  (cost=0.00..5.50 rows=106 width=0)
	        Index Cond: ((k >= 6238724) AND (k <= 6238824))

table 4 : explain SELECT k, c FROM sbtest4 WHERE k BETWEEN 6238724 AND 6238824
	Bitmap Heap Scan on sbtest4  (cost=5.57..444.92 rows=111 width=125)
	  Recheck Cond: ((k >= 6238724) AND (k <= 6238824))
	  ->  Bitmap Index Scan on k_4  (cost=0.00..5.54 rows=111 width=0)
	        Index Cond: ((k >= 6238724) AND (k <= 6238824))

table 5 : explain SELECT k, c FROM sbtest5 WHERE k BETWEEN 6238724 AND 6238824
	Bitmap Heap Scan on sbtest5  (cost=5.44..393.71 rows=98 width=125)
	  Recheck Cond: ((k >= 6238724) AND (k <= 6238824))
	  ->  Bitmap Index Scan on k_5  (cost=0.00..5.42 rows=98 width=0)
	        Index Cond: ((k >= 6238724) AND (k <= 6238824))

table 6 : explain SELECT k, c FROM sbtest6 WHERE k BETWEEN 6238724 AND 6238824
	Bitmap Heap Scan on sbtest6  (cost=5.39..373.94 rows=93 width=125)
	  Recheck Cond: ((k >= 6238724) AND (k <= 6238824))
	  ->  Bitmap Index Scan on k_6  (cost=0.00..5.36 rows=93 width=0)
	        Index Cond: ((k >= 6238724) AND (k <= 6238824))

table 7 : explain SELECT k, c FROM sbtest7 WHERE k BETWEEN 6238724 AND 6238824
	Bitmap Heap Scan on sbtest7  (cost=5.53..429.19 rows=107 width=125)
	  Recheck Cond: ((k >= 6238724) AND (k <= 6238824))
	  ->  Bitmap Index Scan on k_7  (cost=0.00..5.50 rows=107 width=0)
	        Index Cond: ((k >= 6238724) AND (k <= 6238824))

table 8 : explain SELECT k, c FROM sbtest8 WHERE k BETWEEN 6238724 AND 6238824
	Bitmap Heap Scan on sbtest8  (cost=5.41..381.87 rows=95 width=125)
	  Recheck Cond: ((k >= 6238724) AND (k <= 6238824))
	  ->  Bitmap Index Scan on k_8  (cost=0.00..5.38 rows=95 width=0)
	        Index Cond: ((k >= 6238724) AND (k <= 6238824))

explain: for range-notcovered :: explain SELECT k, c FROM sbtest%d WHERE k BETWEEN 5715146 AND 5715246
for range-notcovered
table 1 : explain SELECT k, c FROM sbtest1 WHERE k BETWEEN 1459258 AND 1459358
	Bitmap Heap Scan on sbtest1  (cost=5.50..417.49 rows=104 width=125)
	  Recheck Cond: ((k >= 1459258) AND (k <= 1459358))
	  ->  Bitmap Index Scan on k_1  (cost=0.00..5.47 rows=104 width=0)
	        Index Cond: ((k >= 1459258) AND (k <= 1459358))

table 2 : explain SELECT k, c FROM sbtest2 WHERE k BETWEEN 1459258 AND 1459358
	Bitmap Heap Scan on sbtest2  (cost=5.54..433.06 rows=108 width=125)
	  Recheck Cond: ((k >= 1459258) AND (k <= 1459358))
	  ->  Bitmap Index Scan on k_2  (cost=0.00..5.51 rows=108 width=0)
	        Index Cond: ((k >= 1459258) AND (k <= 1459358))

table 3 : explain SELECT k, c FROM sbtest3 WHERE k BETWEEN 1459258 AND 1459358
	Bitmap Heap Scan on sbtest3  (cost=5.55..436.99 rows=109 width=125)
	  Recheck Cond: ((k >= 1459258) AND (k <= 1459358))
	  ->  Bitmap Index Scan on k_3  (cost=0.00..5.52 rows=109 width=0)
	        Index Cond: ((k >= 1459258) AND (k <= 1459358))

table 4 : explain SELECT k, c FROM sbtest4 WHERE k BETWEEN 1459258 AND 1459358
	Bitmap Heap Scan on sbtest4  (cost=5.46..401.55 rows=100 width=125)
	  Recheck Cond: ((k >= 1459258) AND (k <= 1459358))
	  ->  Bitmap Index Scan on k_4  (cost=0.00..5.43 rows=100 width=0)
	        Index Cond: ((k >= 1459258) AND (k <= 1459358))

table 5 : explain SELECT k, c FROM sbtest5 WHERE k BETWEEN 1459258 AND 1459358
	Bitmap Heap Scan on sbtest5  (cost=5.38..370.03 rows=92 width=125)
	  Recheck Cond: ((k >= 1459258) AND (k <= 1459358))
	  ->  Bitmap Index Scan on k_5  (cost=0.00..5.35 rows=92 width=0)
	        Index Cond: ((k >= 1459258) AND (k <= 1459358))

table 6 : explain SELECT k, c FROM sbtest6 WHERE k BETWEEN 1459258 AND 1459358
	Bitmap Heap Scan on sbtest6  (cost=5.41..381.83 rows=95 width=125)
	  Recheck Cond: ((k >= 1459258) AND (k <= 1459358))
	  ->  Bitmap Index Scan on k_6  (cost=0.00..5.38 rows=95 width=0)
	        Index Cond: ((k >= 1459258) AND (k <= 1459358))

table 7 : explain SELECT k, c FROM sbtest7 WHERE k BETWEEN 1459258 AND 1459358
	Bitmap Heap Scan on sbtest7  (cost=5.50..417.36 rows=104 width=125)
	  Recheck Cond: ((k >= 1459258) AND (k <= 1459358))
	  ->  Bitmap Index Scan on k_7  (cost=0.00..5.47 rows=104 width=0)
	        Index Cond: ((k >= 1459258) AND (k <= 1459358))

table 8 : explain SELECT k, c FROM sbtest8 WHERE k BETWEEN 1459258 AND 1459358
	Bitmap Heap Scan on sbtest8  (cost=5.45..397.66 rows=99 width=125)
	  Recheck Cond: ((k >= 1459258) AND (k <= 1459358))
	  ->  Bitmap Index Scan on k_8  (cost=0.00..5.42 rows=99 width=0)
	        Index Cond: ((k >= 1459258) AND (k <= 1459358))

explain: for range-notcovered :: explain SELECT k, c FROM sbtest%d WHERE k BETWEEN 6238724 AND 6238824for range-notcovered
table 1 : explain SELECT k, c FROM sbtest1 WHERE k BETWEEN 443834 AND 443934
	Bitmap Heap Scan on sbtest1  (cost=5.50..417.49 rows=104 width=125)
	  Recheck Cond: ((k >= 443834) AND (k <= 443934))
	  ->  Bitmap Index Scan on k_1  (cost=0.00..5.47 rows=104 width=0)
	        Index Cond: ((k >= 443834) AND (k <= 443934))

table 2 : explain SELECT k, c FROM sbtest2 WHERE k BETWEEN 443834 AND 443934
	Bitmap Heap Scan on sbtest2  (cost=5.60..456.69 rows=114 width=125)
	  Recheck Cond: ((k >= 443834) AND (k <= 443934))
	  ->  Bitmap Index Scan on k_2  (cost=0.00..5.58 rows=114 width=0)
	        Index Cond: ((k >= 443834) AND (k <= 443934))

table 3 : explain SELECT k, c FROM sbtest3 WHERE k BETWEEN 443834 AND 443934
	Bitmap Heap Scan on sbtest3  (cost=5.38..369.95 rows=92 width=125)
	  Recheck Cond: ((k >= 443834) AND (k <= 443934))
	  ->  Bitmap Index Scan on k_3  (cost=0.00..5.35 rows=92 width=0)
	        Index Cond: ((k >= 443834) AND (k <= 443934))

table 4 : explain SELECT k, c FROM sbtest4 WHERE k BETWEEN 443834 AND 443934
	Bitmap Heap Scan on sbtest4  (cost=5.46..401.55 rows=100 width=125)
	  Recheck Cond: ((k >= 443834) AND (k <= 443934))
	  ->  Bitmap Index Scan on k_4  (cost=0.00..5.43 rows=100 width=0)
	        Index Cond: ((k >= 443834) AND (k <= 443934))

table 5 : explain SELECT k, c FROM sbtest5 WHERE k BETWEEN 443834 AND 443934
	Bitmap Heap Scan on sbtest5  (cost=5.51..421.32 rows=105 width=125)
	  Recheck Cond: ((k >= 443834) AND (k <= 443934))
	  ->  Bitmap Index Scan on k_5  (cost=0.00..5.48 rows=105 width=0)
	        Index Cond: ((k >= 443834) AND (k <= 443934))

table 6 : explain SELECT k, c FROM sbtest6 WHERE k BETWEEN 443834 AND 443934
	Bitmap Heap Scan on sbtest6  (cost=5.64..472.49 rows=118 width=125)
	  Recheck Cond: ((k >= 443834) AND (k <= 443934))
	  ->  Bitmap Index Scan on k_6  (cost=0.00..5.61 rows=118 width=0)
	        Index Cond: ((k >= 443834) AND (k <= 443934))

table 7 : explain SELECT k, c FROM sbtest7 WHERE k BETWEEN 443834 AND 443934
	Bitmap Heap Scan on sbtest7  (cost=5.47..405.53 rows=101 width=125)
	  Recheck Cond: ((k >= 443834) AND (k <= 443934))
	  ->  Bitmap Index Scan on k_7  (cost=0.00..5.44 rows=101 width=0)
	        Index Cond: ((k >= 443834) AND (k <= 443934))

table 8 : explain SELECT k, c FROM sbtest8 WHERE k BETWEEN 443834 AND 443934
	Bitmap Heap Scan on sbtest8  (cost=5.55..437.09 rows=109 width=125)
	  Recheck Cond: ((k >= 443834) AND (k <= 443934))
	  ->  Bitmap Index Scan on k_8  (cost=0.00..5.52 rows=109 width=0)
	        Index Cond: ((k >= 443834) AND (k <= 443934))


for range-notcovered
table 1 : explain SELECT k, c FROM sbtest1 WHERE k BETWEEN 3253896 AND 3253996
	Bitmap Heap Scan on sbtest1  (cost=5.48..409.60 rows=102 width=125)
	  Recheck Cond: ((k >= 3253896) AND (k <= 3253996))
	  ->  Bitmap Index Scan on k_1  (cost=0.00..5.45 rows=102 width=0)
	        Index Cond: ((k >= 3253896) AND (k <= 3253996))

table 2 : explain SELECT k, c FROM sbtest2 WHERE k BETWEEN 3253896 AND 3253996
	Bitmap Heap Scan on sbtest2  (cost=5.51..421.23 rows=105 width=125)
	  Recheck Cond: ((k >= 3253896) AND (k <= 3253996))
	  ->  Bitmap Index Scan on k_2  (cost=0.00..5.48 rows=105 width=0)
	        Index Cond: ((k >= 3253896) AND (k <= 3253996))

table 3 : explain SELECT k, c FROM sbtest3 WHERE k BETWEEN 3253896 AND 3253996
	Bitmap Heap Scan on sbtest3  (cost=5.46..401.51 rows=100 width=125)
	  Recheck Cond: ((k >= 3253896) AND (k <= 3253996))
	  ->  Bitmap Index Scan on k_3  (cost=0.00..5.43 rows=100 width=0)
	        Index Cond: ((k >= 3253896) AND (k <= 3253996))

table 4 : explain SELECT k, c FROM sbtest4 WHERE k BETWEEN 3253896 AND 3253996
	Bitmap Heap Scan on sbtest4  (cost=5.53..429.15 rows=107 width=125)
	  Recheck Cond: ((k >= 3253896) AND (k <= 3253996))
	  ->  Bitmap Index Scan on k_4  (cost=0.00..5.50 rows=107 width=0)
	        Index Cond: ((k >= 3253896) AND (k <= 3253996))

table 5 : explain SELECT k, c FROM sbtest5 WHERE k BETWEEN 3253896 AND 3253996
	Bitmap Heap Scan on sbtest5  (cost=5.51..421.32 rows=105 width=125)
	  Recheck Cond: ((k >= 3253896) AND (k <= 3253996))
	  ->  Bitmap Index Scan on k_5  (cost=0.00..5.48 rows=105 width=0)
	        Index Cond: ((k >= 3253896) AND (k <= 3253996))

table 6 : explain SELECT k, c FROM sbtest6 WHERE k BETWEEN 3253896 AND 3253996
	Bitmap Heap Scan on sbtest6  (cost=5.40..377.88 rows=94 width=125)
	  Recheck Cond: ((k >= 3253896) AND (k <= 3253996))
	  ->  Bitmap Index Scan on k_6  (cost=0.00..5.38 rows=94 width=0)
	        Index Cond: ((k >= 3253896) AND (k <= 3253996))

table 7 : explain SELECT k, c FROM sbtest7 WHERE k BETWEEN 3253896 AND 3253996
	Bitmap Heap Scan on sbtest7  (cost=5.49..413.42 rows=103 width=125)
	  Recheck Cond: ((k >= 3253896) AND (k <= 3253996))
	  ->  Bitmap Index Scan on k_7  (cost=0.00..5.46 rows=103 width=0)
	        Index Cond: ((k >= 3253896) AND (k <= 3253996))

table 8 : explain SELECT k, c FROM sbtest8 WHERE k BETWEEN 3253896 AND 3253996
	Bitmap Heap Scan on sbtest8  (cost=5.47..405.55 rows=101 width=125)
	  Recheck Cond: ((k >= 3253896) AND (k <= 3253996))
	  ->  Bitmap Index Scan on k_8  (cost=0.00..5.44 rows=101 width=0)
	        Index Cond: ((k >= 3253896) AND (k <= 3253996))

for range-notcovered
table 1 : explain SELECT k, c FROM sbtest1 WHERE k BETWEEN 5658378 AND 5658478
	Bitmap Heap Scan on sbtest1  (cost=5.53..429.32 rows=107 width=125)
	  Recheck Cond: ((k >= 5658378) AND (k <= 5658478))
	  ->  Bitmap Index Scan on k_1  (cost=0.00..5.50 rows=107 width=0)
	        Index Cond: ((k >= 5658378) AND (k <= 5658478))

table 2 : explain SELECT k, c FROM sbtest2 WHERE k BETWEEN 5658378 AND 5658478
	Bitmap Heap Scan on sbtest2  (cost=5.52..425.18 rows=106 width=125)
	  Recheck Cond: ((k >= 5658378) AND (k <= 5658478))
	  ->  Bitmap Index Scan on k_2  (cost=0.00..5.50 rows=106 width=0)
	        Index Cond: ((k >= 5658378) AND (k <= 5658478))

table 3 : explain SELECT k, c FROM sbtest3 WHERE k BETWEEN 5658378 AND 5658478
	Bitmap Heap Scan on sbtest3  (cost=5.46..401.51 rows=100 width=125)
	  Recheck Cond: ((k >= 5658378) AND (k <= 5658478))
	  ->  Bitmap Index Scan on k_3  (cost=0.00..5.43 rows=100 width=0)
	        Index Cond: ((k >= 5658378) AND (k <= 5658478))

table 4 : explain SELECT k, c FROM sbtest4 WHERE k BETWEEN 5658378 AND 5658478
	Bitmap Heap Scan on sbtest4  (cost=5.48..409.44 rows=102 width=125)
	  Recheck Cond: ((k >= 5658378) AND (k <= 5658478))
	  ->  Bitmap Index Scan on k_4  (cost=0.00..5.45 rows=102 width=0)
	        Index Cond: ((k >= 5658378) AND (k <= 5658478))

table 5 : explain SELECT k, c FROM sbtest5 WHERE k BETWEEN 5658378 AND 5658478
	Bitmap Heap Scan on sbtest5  (cost=5.54..433.14 rows=108 width=125)
	  Recheck Cond: ((k >= 5658378) AND (k <= 5658478))
	  ->  Bitmap Index Scan on k_5  (cost=0.00..5.51 rows=108 width=0)
	        Index Cond: ((k >= 5658378) AND (k <= 5658478))

table 6 : explain SELECT k, c FROM sbtest6 WHERE k BETWEEN 5658378 AND 5658478
	Bitmap Heap Scan on sbtest6  (cost=5.44..393.67 rows=98 width=125)
	  Recheck Cond: ((k >= 5658378) AND (k <= 5658478))
	  ->  Bitmap Index Scan on k_6  (cost=0.00..5.42 rows=98 width=0)
	        Index Cond: ((k >= 5658378) AND (k <= 5658478))

table 7 : explain SELECT k, c FROM sbtest7 WHERE k BETWEEN 5658378 AND 5658478
	Bitmap Heap Scan on sbtest7  (cost=5.46..401.58 rows=100 width=125)
	  Recheck Cond: ((k >= 5658378) AND (k <= 5658478))
	  ->  Bitmap Index Scan on k_7  (cost=0.00..5.43 rows=100 width=0)
	        Index Cond: ((k >= 5658378) AND (k <= 5658478))

table 8 : explain SELECT k, c FROM sbtest8 WHERE k BETWEEN 5658378 AND 5658478
	Bitmap Heap Scan on sbtest8  (cost=5.42..385.82 rows=96 width=125)
	  Recheck Cond: ((k >= 5658378) AND (k <= 5658478))
	  ->  Bitmap Index Scan on k_8  (cost=0.00..5.39 rows=96 width=0)
	        Index Cond: ((k >= 5658378) AND (k <= 5658478))
explain: for range-notcovered :: explain SELECT k, c FROM sbtest%d WHERE k BETWEEN 443834 AND 443934for range-notcovered
table 1 : explain SELECT k, c FROM sbtest1 WHERE k BETWEEN 2389879 AND 2389979
	Bitmap Heap Scan on sbtest1  (cost=5.45..397.76 rows=99 width=125)
	  Recheck Cond: ((k >= 2389879) AND (k <= 2389979))
	  ->  Bitmap Index Scan on k_1  (cost=0.00..5.42 rows=99 width=0)
	        Index Cond: ((k >= 2389879) AND (k <= 2389979))

table 2 : explain SELECT k, c FROM sbtest2 WHERE k BETWEEN 2389879 AND 2389979
	Bitmap Heap Scan on sbtest2  (cost=5.44..393.63 rows=98 width=125)
	  Recheck Cond: ((k >= 2389879) AND (k <= 2389979))
	  ->  Bitmap Index Scan on k_2  (cost=0.00..5.42 rows=98 width=0)
	        Index Cond: ((k >= 2389879) AND (k <= 2389979))

table 3 : explain SELECT k, c FROM sbtest3 WHERE k BETWEEN 2389879 AND 2389979
	Bitmap Heap Scan on sbtest3  (cost=5.51..421.22 rows=105 width=125)
	  Recheck Cond: ((k >= 2389879) AND (k <= 2389979))
	  ->  Bitmap Index Scan on k_3  (cost=0.00..5.48 rows=105 width=0)
	        Index Cond: ((k >= 2389879) AND (k <= 2389979))

table 4 : explain SELECT k, c FROM sbtest4 WHERE k BETWEEN 2389879 AND 2389979
	Bitmap Heap Scan on sbtest4  (cost=5.44..393.67 rows=98 width=125)
	  Recheck Cond: ((k >= 2389879) AND (k <= 2389979))
	  ->  Bitmap Index Scan on k_4  (cost=0.00..5.42 rows=98 width=0)
	        Index Cond: ((k >= 2389879) AND (k <= 2389979))

table 5 : explain SELECT k, c FROM sbtest5 WHERE k BETWEEN 2389879 AND 2389979
	Bitmap Heap Scan on sbtest5  (cost=5.52..425.26 rows=106 width=125)
	  Recheck Cond: ((k >= 2389879) AND (k <= 2389979))
	  ->  Bitmap Index Scan on k_5  (cost=0.00..5.50 rows=106 width=0)
	        Index Cond: ((k >= 2389879) AND (k <= 2389979))

table 6 : explain SELECT k, c FROM sbtest6 WHERE k BETWEEN 2389879 AND 2389979
	Bitmap Heap Scan on sbtest6  (cost=5.46..401.56 rows=100 width=125)
	  Recheck Cond: ((k >= 2389879) AND (k <= 2389979))
	  ->  Bitmap Index Scan on k_6  (cost=0.00..5.43 rows=100 width=0)
	        Index Cond: ((k >= 2389879) AND (k <= 2389979))

table 7 : explain SELECT k, c FROM sbtest7 WHERE k BETWEEN 2389879 AND 2389979
	Bitmap Heap Scan on sbtest7  (cost=5.44..393.69 rows=98 width=125)
	  Recheck Cond: ((k >= 2389879) AND (k <= 2389979))
	  ->  Bitmap Index Scan on k_7  (cost=0.00..5.42 rows=98 width=0)
	        Index Cond: ((k >= 2389879) AND (k <= 2389979))

table 8 : explain SELECT k, c FROM sbtest8 WHERE k BETWEEN 2389879 AND 2389979
	Bitmap Heap Scan on sbtest8  (cost=5.49..413.43 rows=103 width=125)
	  Recheck Cond: ((k >= 2389879) AND (k <= 2389979))
	  ->  Bitmap Index Scan on k_8  (cost=0.00..5.46 rows=103 width=0)
	        Index Cond: ((k >= 2389879) AND (k <= 2389979))

explain: for range-notcovered :: explain SELECT k, c FROM sbtest%d WHERE k BETWEEN 1459258 AND 1459358

for range-notcovered
table 1 : explain SELECT k, c FROM sbtest1 WHERE k BETWEEN 5149272 AND 5149372
	Bitmap Heap Scan on sbtest1  (cost=5.57..445.09 rows=111 width=125)
	  Recheck Cond: ((k >= 5149272) AND (k <= 5149372))
	  ->  Bitmap Index Scan on k_1  (cost=0.00..5.54 rows=111 width=0)
	        Index Cond: ((k >= 5149272) AND (k <= 5149372))

table 2 : explain SELECT k, c FROM sbtest2 WHERE k BETWEEN 5149272 AND 5149372
	Bitmap Heap Scan on sbtest2  (cost=5.43..389.69 rows=97 width=125)
	  Recheck Cond: ((k >= 5149272) AND (k <= 5149372))
	  ->  Bitmap Index Scan on k_2  (cost=0.00..5.40 rows=97 width=0)
	        Index Cond: ((k >= 5149272) AND (k <= 5149372))

table 3 : explain SELECT k, c FROM sbtest3 WHERE k BETWEEN 5149272 AND 5149372
	Bitmap Heap Scan on sbtest3  (cost=5.39..373.90 rows=93 width=125)
	  Recheck Cond: ((k >= 5149272) AND (k <= 5149372))
	  ->  Bitmap Index Scan on k_3  (cost=0.00..5.36 rows=93 width=0)
	        Index Cond: ((k >= 5149272) AND (k <= 5149372))

table 4 : explain SELECT k, c FROM sbtest4 WHERE k BETWEEN 5149272 AND 5149372
	Bitmap Heap Scan on sbtest4  (cost=5.53..429.15 rows=107 width=125)
	  Recheck Cond: ((k >= 5149272) AND (k <= 5149372))
	  ->  Bitmap Index Scan on k_4  (cost=0.00..5.50 rows=107 width=0)
	        Index Cond: ((k >= 5149272) AND (k <= 5149372))

table 5 : explain SELECT k, c FROM sbtest5 WHERE k BETWEEN 5149272 AND 5149372
	Bitmap Heap Scan on sbtest5  (cost=5.44..393.71 rows=98 width=125)
	  Recheck Cond: ((k >= 5149272) AND (k <= 5149372))
	  ->  Bitmap Index Scan on k_5  (cost=0.00..5.42 rows=98 width=0)
	        Index Cond: ((k >= 5149272) AND (k <= 5149372))

table 6 : explain SELECT k, c FROM sbtest6 WHERE k BETWEEN 5149272 AND 5149372
	Bitmap Heap Scan on sbtest6  (cost=5.54..433.10 rows=108 width=125)
	  Recheck Cond: ((k >= 5149272) AND (k <= 5149372))
	  ->  Bitmap Index Scan on k_6  (cost=0.00..5.51 rows=108 width=0)
	        Index Cond: ((k >= 5149272) AND (k <= 5149372))

table 7 : explain SELECT k, c FROM sbtest7 WHERE k BETWEEN 5149272 AND 5149372
	Bitmap Heap Scan on sbtest7  (cost=5.64..472.52 rows=118 width=125)
	  Recheck Cond: ((k >= 5149272) AND (k <= 5149372))
	  ->  Bitmap Index Scan on k_7  (cost=0.00..5.61 rows=118 width=0)
	        Index Cond: ((k >= 5149272) AND (k <= 5149372))

table 8 : explain SELECT k, c FROM sbtest8 WHERE k BETWEEN 5149272 AND 5149372
	Bitmap Heap Scan on sbtest8  (cost=5.41..381.87 rows=95 width=125)
	  Recheck Cond: ((k >= 5149272) AND (k <= 5149372))
	  ->  Bitmap Index Scan on k_8  (cost=0.00..5.38 rows=95 width=0)
	        Index Cond: ((k >= 5149272) AND (k <= 5149372))

for range-notcovered
table 1 : explain SELECT k, c FROM sbtest1 WHERE k BETWEEN 3577665 AND 3577765
	Bitmap Heap Scan on sbtest1  (cost=5.48..409.60 rows=102 width=125)
	  Recheck Cond: ((k >= 3577665) AND (k <= 3577765))
	  ->  Bitmap Index Scan on k_1  (cost=0.00..5.45 rows=102 width=0)
	        Index Cond: ((k >= 3577665) AND (k <= 3577765))

table 2 : explain SELECT k, c FROM sbtest2 WHERE k BETWEEN 3577665 AND 3577765
	Bitmap Heap Scan on sbtest2  (cost=5.46..401.52 rows=100 width=125)
	  Recheck Cond: ((k >= 3577665) AND (k <= 3577765))
	  ->  Bitmap Index Scan on k_2  (cost=0.00..5.43 rows=100 width=0)
	        Index Cond: ((k >= 3577665) AND (k <= 3577765))

table 3 : explain SELECT k, c FROM sbtest3 WHERE k BETWEEN 3577665 AND 3577765
	Bitmap Heap Scan on sbtest3  (cost=5.44..393.62 rows=98 width=125)
	  Recheck Cond: ((k >= 3577665) AND (k <= 3577765))
	  ->  Bitmap Index Scan on k_3  (cost=0.00..5.42 rows=98 width=0)
	        Index Cond: ((k >= 3577665) AND (k <= 3577765))

table 4 : explain SELECT k, c FROM sbtest4 WHERE k BETWEEN 3577665 AND 3577765
	Bitmap Heap Scan on sbtest4  (cost=5.46..401.55 rows=100 width=125)
	  Recheck Cond: ((k >= 3577665) AND (k <= 3577765))
	  ->  Bitmap Index Scan on k_4  (cost=0.00..5.43 rows=100 width=0)
	        Index Cond: ((k >= 3577665) AND (k <= 3577765))

table 5 : explain SELECT k, c FROM sbtest5 WHERE k BETWEEN 3577665 AND 3577765
	Bitmap Heap Scan on sbtest5  (cost=5.43..389.76 rows=97 width=125)
	  Recheck Cond: ((k >= 3577665) AND (k <= 3577765))
	  ->  Bitmap Index Scan on k_5  (cost=0.00..5.40 rows=97 width=0)
	        Index Cond: ((k >= 3577665) AND (k <= 3577765))

table 6 : explain SELECT k, c FROM sbtest6 WHERE k BETWEEN 3577665 AND 3577765
	Bitmap Heap Scan on sbtest6  (cost=5.49..413.39 rows=103 width=125)
	  Recheck Cond: ((k >= 3577665) AND (k <= 3577765))
	  ->  Bitmap Index Scan on k_6  (cost=0.00..5.46 rows=103 width=0)
	        Index Cond: ((k >= 3577665) AND (k <= 3577765))

table 7 : explain SELECT k, c FROM sbtest7 WHERE k BETWEEN 3577665 AND 3577765
	Bitmap Heap Scan on sbtest7  (cost=5.51..421.30 rows=105 width=125)
	  Recheck Cond: ((k >= 3577665) AND (k <= 3577765))
	  ->  Bitmap Index Scan on k_7  (cost=0.00..5.48 rows=105 width=0)
	        Index Cond: ((k >= 3577665) AND (k <= 3577765))

table 8 : explain SELECT k, c FROM sbtest8 WHERE k BETWEEN 3577665 AND 3577765
	Bitmap Heap Scan on sbtest8  (cost=5.43..389.77 rows=97 width=125)
	  Recheck Cond: ((k >= 3577665) AND (k <= 3577765))
	  ->  Bitmap Index Scan on k_8  (cost=0.00..5.40 rows=97 width=0)
	        Index Cond: ((k >= 3577665) AND (k <= 3577765))


explain: for range-notcovered :: explain SELECT k, c FROM sbtest%d WHERE k BETWEEN 5149272 AND 5149372
for range-notcovered
table 1 : explain SELECT k, c FROM sbtest1 WHERE k BETWEEN 5984951 AND 5985051
	Bitmap Heap Scan on sbtest1  (cost=5.50..417.49 rows=104 width=125)
	  Recheck Cond: ((k >= 5984951) AND (k <= 5985051))
	  ->  Bitmap Index Scan on k_1  (cost=0.00..5.47 rows=104 width=0)
	        Index Cond: ((k >= 5984951) AND (k <= 5985051))

table 2 : explain SELECT k, c FROM sbtest2 WHERE k BETWEEN 5984951 AND 5985051
	Bitmap Heap Scan on sbtest2  (cost=5.50..417.29 rows=104 width=125)
	  Recheck Cond: ((k >= 5984951) AND (k <= 5985051))
	  ->  Bitmap Index Scan on k_2  (cost=0.00..5.47 rows=104 width=0)
	        Index Cond: ((k >= 5984951) AND (k <= 5985051))

table 3 : explain SELECT k, c FROM sbtest3 WHERE k BETWEEN 5984951 AND 5985051
	Bitmap Heap Scan on sbtest3  (cost=5.50..417.28 rows=104 width=125)
	  Recheck Cond: ((k >= 5984951) AND (k <= 5985051))
	  ->  Bitmap Index Scan on k_3  (cost=0.00..5.47 rows=104 width=0)
	        Index Cond: ((k >= 5984951) AND (k <= 5985051))

table 4 : explain SELECT k, c FROM sbtest4 WHERE k BETWEEN 5984951 AND 5985051
	Bitmap Heap Scan on sbtest4  (cost=5.43..389.72 rows=97 width=125)
	  Recheck Cond: ((k >= 5984951) AND (k <= 5985051))
	  ->  Bitmap Index Scan on k_4  (cost=0.00..5.40 rows=97 width=0)
	        Index Cond: ((k >= 5984951) AND (k <= 5985051))

table 5 : explain SELECT k, c FROM sbtest5 WHERE k BETWEEN 5984951 AND 5985051
	Bitmap Heap Scan on sbtest5  (cost=5.51..421.32 rows=105 width=125)
	  Recheck Cond: ((k >= 5984951) AND (k <= 5985051))
	  ->  Bitmap Index Scan on k_5  (cost=0.00..5.48 rows=105 width=0)
	        Index Cond: ((k >= 5984951) AND (k <= 5985051))

table 6 : explain SELECT k, c FROM sbtest6 WHERE k BETWEEN 5984951 AND 5985051
	Bitmap Heap Scan on sbtest6  (cost=5.43..389.72 rows=97 width=125)
	  Recheck Cond: ((k >= 5984951) AND (k <= 5985051))
	  ->  Bitmap Index Scan on k_6  (cost=0.00..5.40 rows=97 width=0)
	        Index Cond: ((k >= 5984951) AND (k <= 5985051))

table 7 : explain SELECT k, c FROM sbtest7 WHERE k BETWEEN 5984951 AND 5985051
	Bitmap Heap Scan on sbtest7  (cost=5.53..429.19 rows=107 width=125)
	  Recheck Cond: ((k >= 5984951) AND (k <= 5985051))
	  ->  Bitmap Index Scan on k_7  (cost=0.00..5.50 rows=107 width=0)
	        Index Cond: ((k >= 5984951) AND (k <= 5985051))

table 8 : explain SELECT k, c FROM sbtest8 WHERE k BETWEEN 5984951 AND 5985051
	Bitmap Heap Scan on sbtest8  (cost=5.49..413.43 rows=103 width=125)
	  Recheck Cond: ((k >= 5984951) AND (k <= 5985051))
	  ->  Bitmap Index Scan on k_8  (cost=0.00..5.46 rows=103 width=0)
	        Index Cond: ((k >= 5984951) AND (k <= 5985051))

for range-notcovered
table 1 : explain SELECT k, c FROM sbtest1 WHERE k BETWEEN 2131083 AND 2131183
	Bitmap Heap Scan on sbtest1  (cost=5.48..409.60 rows=102 width=125)
	  Recheck Cond: ((k >= 2131083) AND (k <= 2131183))
	  ->  Bitmap Index Scan on k_1  (cost=0.00..5.45 rows=102 width=0)
	        Index Cond: ((k >= 2131083) AND (k <= 2131183))

table 2 : explain SELECT k, c FROM sbtest2 WHERE k BETWEEN 2131083 AND 2131183
	Bitmap Heap Scan on sbtest2  (cost=5.49..413.35 rows=103 width=125)
	  Recheck Cond: ((k >= 2131083) AND (k <= 2131183))
	  ->  Bitmap Index Scan on k_2  (cost=0.00..5.46 rows=103 width=0)
	        Index Cond: ((k >= 2131083) AND (k <= 2131183))

table 3 : explain SELECT k, c FROM sbtest3 WHERE k BETWEEN 2131083 AND 2131183
	Bitmap Heap Scan on sbtest3  (cost=5.45..397.57 rows=99 width=125)
	  Recheck Cond: ((k >= 2131083) AND (k <= 2131183))
	  ->  Bitmap Index Scan on k_3  (cost=0.00..5.42 rows=99 width=0)
	        Index Cond: ((k >= 2131083) AND (k <= 2131183))

table 4 : explain SELECT k, c FROM sbtest4 WHERE k BETWEEN 2131083 AND 2131183
	Bitmap Heap Scan on sbtest4  (cost=5.41..381.83 rows=95 width=125)
	  Recheck Cond: ((k >= 2131083) AND (k <= 2131183))
	  ->  Bitmap Index Scan on k_4  (cost=0.00..5.38 rows=95 width=0)
	        Index Cond: ((k >= 2131083) AND (k <= 2131183))

table 5 : explain SELECT k, c FROM sbtest5 WHERE k BETWEEN 2131083 AND 2131183
	Bitmap Heap Scan on sbtest5  (cost=5.52..425.26 rows=106 width=125)
	  Recheck Cond: ((k >= 2131083) AND (k <= 2131183))
	  ->  Bitmap Index Scan on k_5  (cost=0.00..5.50 rows=106 width=0)
	        Index Cond: ((k >= 2131083) AND (k <= 2131183))

table 6 : explain SELECT k, c FROM sbtest6 WHERE k BETWEEN 2131083 AND 2131183
	Bitmap Heap Scan on sbtest6  (cost=5.58..448.86 rows=112 width=125)
	  Recheck Cond: ((k >= 2131083) AND (k <= 2131183))
	  ->  Bitmap Index Scan on k_6  (cost=0.00..5.55 rows=112 width=0)
	        Index Cond: ((k >= 2131083) AND (k <= 2131183))

table 7 : explain SELECT k, c FROM sbtest7 WHERE k BETWEEN 2131083 AND 2131183
	Bitmap Heap Scan on sbtest7  (cost=5.48..409.47 rows=102 width=125)
	  Recheck Cond: ((k >= 2131083) AND (k <= 2131183))
	  ->  Bitmap Index Scan on k_7  (cost=0.00..5.45 rows=102 width=0)
	        Index Cond: ((k >= 2131083) AND (k <= 2131183))

table 8 : explain SELECT k, c FROM sbtest8 WHERE k BETWEEN 2131083 AND 2131183
	Bitmap Heap Scan on sbtest8  (cost=5.42..385.82 rows=96 width=125)
	  Recheck Cond: ((k >= 2131083) AND (k <= 2131183))
	  ->  Bitmap Index Scan on k_8  (cost=0.00..5.39 rows=96 width=0)
	        Index Cond: ((k >= 2131083) AND (k <= 2131183))

for range-notcovered
table 1 : explain SELECT k, c FROM sbtest1 WHERE k BETWEEN 4481903 AND 4482003
	Bitmap Heap Scan on sbtest1  (cost=5.48..409.60 rows=102 width=125)
	  Recheck Cond: ((k >= 4481903) AND (k <= 4482003))
	  ->  Bitmap Index Scan on k_1  (cost=0.00..5.45 rows=102 width=0)
	        Index Cond: ((k >= 4481903) AND (k <= 4482003))

table 2 : explain SELECT k, c FROM sbtest2 WHERE k BETWEEN 4481903 AND 4482003
	Bitmap Heap Scan on sbtest2  (cost=5.39..373.91 rows=93 width=125)
	  Recheck Cond: ((k >= 4481903) AND (k <= 4482003))
	  ->  Bitmap Index Scan on k_2  (cost=0.00..5.36 rows=93 width=0)
	        Index Cond: ((k >= 4481903) AND (k <= 4482003))

table 3 : explain SELECT k, c FROM sbtest3 WHERE k BETWEEN 4481903 AND 4482003
	Bitmap Heap Scan on sbtest3  (cost=5.52..425.16 rows=106 width=125)
	  Recheck Cond: ((k >= 4481903) AND (k <= 4482003))
	  ->  Bitmap Index Scan on k_3  (cost=0.00..5.50 rows=106 width=0)
	        Index Cond: ((k >= 4481903) AND (k <= 4482003))

table 4 : explain SELECT k, c FROM sbtest4 WHERE k BETWEEN 4481903 AND 4482003
	Bitmap Heap Scan on sbtest4  (cost=5.56..440.98 rows=110 width=125)
	  Recheck Cond: ((k >= 4481903) AND (k <= 4482003))
	  ->  Bitmap Index Scan on k_4  (cost=0.00..5.53 rows=110 width=0)
	        Index Cond: ((k >= 4481903) AND (k <= 4482003))

table 5 : explain SELECT k, c FROM sbtest5 WHERE k BETWEEN 4481903 AND 4482003
	Bitmap Heap Scan on sbtest5  (cost=5.45..397.65 rows=99 width=125)
	  Recheck Cond: ((k >= 4481903) AND (k <= 4482003))
	  ->  Bitmap Index Scan on k_5  (cost=0.00..5.42 rows=99 width=0)
	        Index Cond: ((k >= 4481903) AND (k <= 4482003))

table 6 : explain SELECT k, c FROM sbtest6 WHERE k BETWEEN 4481903 AND 4482003
	Bitmap Heap Scan on sbtest6  (cost=5.38..369.99 rows=92 width=125)
	  Recheck Cond: ((k >= 4481903) AND (k <= 4482003))
	  ->  Bitmap Index Scan on k_6  (cost=0.00..5.35 rows=92 width=0)
	        Index Cond: ((k >= 4481903) AND (k <= 4482003))

table 7 : explain SELECT k, c FROM sbtest7 WHERE k BETWEEN 4481903 AND 4482003
	Bitmap Heap Scan on sbtest7  (cost=5.43..389.75 rows=97 width=125)
	  Recheck Cond: ((k >= 4481903) AND (k <= 4482003))
	  ->  Bitmap Index Scan on k_7  (cost=0.00..5.40 rows=97 width=0)
	        Index Cond: ((k >= 4481903) AND (k <= 4482003))

table 8 : explain SELECT k, c FROM sbtest8 WHERE k BETWEEN 4481903 AND 4482003
	Bitmap Heap Scan on sbtest8  (cost=5.49..413.43 rows=103 width=125)
	  Recheck Cond: ((k >= 4481903) AND (k <= 4482003))
	  ->  Bitmap Index Scan on k_8  (cost=0.00..5.46 rows=103 width=0)
	        Index Cond: ((k >= 4481903) AND (k <= 4482003))

for range-notcovered
table 1 : explain SELECT k, c FROM sbtest1 WHERE k BETWEEN 5428658 AND 5428758
	Bitmap Heap Scan on sbtest1  (cost=5.46..401.71 rows=100 width=125)
	  Recheck Cond: ((k >= 5428658) AND (k <= 5428758))
	  ->  Bitmap Index Scan on k_1  (cost=0.00..5.43 rows=100 width=0)
	        Index Cond: ((k >= 5428658) AND (k <= 5428758))

table 2 : explain SELECT k, c FROM sbtest2 WHERE k BETWEEN 5428658 AND 5428758
	Bitmap Heap Scan on sbtest2  (cost=5.53..429.12 rows=107 width=125)
	  Recheck Cond: ((k >= 5428658) AND (k <= 5428758))
	  ->  Bitmap Index Scan on k_2  (cost=0.00..5.50 rows=107 width=0)
	        Index Cond: ((k >= 5428658) AND (k <= 5428758))

table 3 : explain SELECT k, c FROM sbtest3 WHERE k BETWEEN 5428658 AND 5428758
	Bitmap Heap Scan on sbtest3  (cost=5.43..389.68 rows=97 width=125)
	  Recheck Cond: ((k >= 5428658) AND (k <= 5428758))
	  ->  Bitmap Index Scan on k_3  (cost=0.00..5.40 rows=97 width=0)
	        Index Cond: ((k >= 5428658) AND (k <= 5428758))

table 4 : explain SELECT k, c FROM sbtest4 WHERE k BETWEEN 5428658 AND 5428758
	Bitmap Heap Scan on sbtest4  (cost=5.47..405.50 rows=101 width=125)
	  Recheck Cond: ((k >= 5428658) AND (k <= 5428758))
	  ->  Bitmap Index Scan on k_4  (cost=0.00..5.44 rows=101 width=0)
	        Index Cond: ((k >= 5428658) AND (k <= 5428758))

table 5 : explain SELECT k, c FROM sbtest5 WHERE k BETWEEN 5428658 AND 5428758
	Bitmap Heap Scan on sbtest5  (cost=5.52..425.26 rows=106 width=125)
	  Recheck Cond: ((k >= 5428658) AND (k <= 5428758))
	  ->  Bitmap Index Scan on k_5  (cost=0.00..5.50 rows=106 width=0)
	        Index Cond: ((k >= 5428658) AND (k <= 5428758))

table 6 : explain SELECT k, c FROM sbtest6 WHERE k BETWEEN 5428658 AND 5428758
	Bitmap Heap Scan on sbtest6  (cost=5.38..369.99 rows=92 width=125)
	  Recheck Cond: ((k >= 5428658) AND (k <= 5428758))
	  ->  Bitmap Index Scan on k_6  (cost=0.00..5.35 rows=92 width=0)
	        Index Cond: ((k >= 5428658) AND (k <= 5428758))

table 7 : explain SELECT k, c FROM sbtest7 WHERE k BETWEEN 5428658 AND 5428758
	Bitmap Heap Scan on sbtest7  (cost=5.42..385.80 rows=96 width=125)
	  Recheck Cond: ((k >= 5428658) AND (k <= 5428758))
	  ->  Bitmap Index Scan on k_7  (cost=0.00..5.39 rows=96 width=0)
	        Index Cond: ((k >= 5428658) AND (k <= 5428758))

table 8 : explain SELECT k, c FROM sbtest8 WHERE k BETWEEN 5428658 AND 5428758
	Bitmap Heap Scan on sbtest8  (cost=5.48..409.49 rows=102 width=125)
	  Recheck Cond: ((k >= 5428658) AND (k <= 5428758))
	  ->  Bitmap Index Scan on k_8  (cost=0.00..5.45 rows=102 width=0)
	        Index Cond: ((k >= 5428658) AND (k <= 5428758))

for range-notcovered
table 1 : explain SELECT k, c FROM sbtest1 WHERE k BETWEEN 5460229 AND 5460329
	Bitmap Heap Scan on sbtest1  (cost=5.42..385.92 rows=96 width=125)
	  Recheck Cond: ((k >= 5460229) AND (k <= 5460329))
	  ->  Bitmap Index Scan on k_1  (cost=0.00..5.39 rows=96 width=0)
	        Index Cond: ((k >= 5460229) AND (k <= 5460329))

table 2 : explain SELECT k, c FROM sbtest2 WHERE k BETWEEN 5460229 AND 5460329
	Bitmap Heap Scan on sbtest2  (cost=5.53..429.12 rows=107 width=125)
	  Recheck Cond: ((k >= 5460229) AND (k <= 5460329))
	  ->  Bitmap Index Scan on k_2  (cost=0.00..5.50 rows=107 width=0)
	        Index Cond: ((k >= 5460229) AND (k <= 5460329))

table 3 : explain SELECT k, c FROM sbtest3 WHERE k BETWEEN 5460229 AND 5460329
	Bitmap Heap Scan on sbtest3  (cost=5.43..389.68 rows=97 width=125)
	  Recheck Cond: ((k >= 5460229) AND (k <= 5460329))
	  ->  Bitmap Index Scan on k_3  (cost=0.00..5.40 rows=97 width=0)
	        Index Cond: ((k >= 5460229) AND (k <= 5460329))

table 4 : explain SELECT k, c FROM sbtest4 WHERE k BETWEEN 5460229 AND 5460329
	Bitmap Heap Scan on sbtest4  (cost=5.47..405.50 rows=101 width=125)
	  Recheck Cond: ((k >= 5460229) AND (k <= 5460329))
	  ->  Bitmap Index Scan on k_4  (cost=0.00..5.44 rows=101 width=0)
	        Index Cond: ((k >= 5460229) AND (k <= 5460329))

table 5 : explain SELECT k, c FROM sbtest5 WHERE k BETWEEN 5460229 AND 5460329
	Bitmap Heap Scan on sbtest5  (cost=5.52..425.26 rows=106 width=125)
	  Recheck Cond: ((k >= 5460229) AND (k <= 5460329))
	  ->  Bitmap Index Scan on k_5  (cost=0.00..5.50 rows=106 width=0)
	        Index Cond: ((k >= 5460229) AND (k <= 5460329))

table 6 : explain SELECT k, c FROM sbtest6 WHERE k BETWEEN 5460229 AND 5460329
	Bitmap Heap Scan on sbtest6  (cost=5.38..369.99 rows=92 width=125)
	  Recheck Cond: ((k >= 5460229) AND (k <= 5460329))
	  ->  Bitmap Index Scan on k_6  (cost=0.00..5.35 rows=92 width=0)
	        Index Cond: ((k >= 5460229) AND (k <= 5460329))

table 7 : explain SELECT k, c FROM sbtest7 WHERE k BETWEEN 5460229 AND 5460329
	Bitmap Heap Scan on sbtest7  (cost=5.42..385.80 rows=96 width=125)
	  Recheck Cond: ((k >= 5460229) AND (k <= 5460329))
	  ->  Bitmap Index Scan on k_7  (cost=0.00..5.39 rows=96 width=0)
	        Index Cond: ((k >= 5460229) AND (k <= 5460329))

table 8 : explain SELECT k, c FROM sbtest8 WHERE k BETWEEN 5460229 AND 5460329
	Bitmap Heap Scan on sbtest8  (cost=5.48..409.49 rows=102 width=125)
	  Recheck Cond: ((k >= 5460229) AND (k <= 5460329))
	  ->  Bitmap Index Scan on k_8  (cost=0.00..5.45 rows=102 width=0)
	        Index Cond: ((k >= 5460229) AND (k <= 5460329))

explain: for range-notcovered :: explain SELECT k, c FROM sbtest%d WHERE k BETWEEN 4481903 AND 4482003
explain: for range-notcovered :: explain SELECT k, c FROM sbtest%d WHERE k BETWEEN 2131083 AND 2131183
explain: for range-notcovered :: explain SELECT k, c FROM sbtest%d WHERE k BETWEEN 5428658 AND 5428758
for range-notcovered
table 1 : explain SELECT k, c FROM sbtest1 WHERE k BETWEEN 5715146 AND 5715246
	Bitmap Heap Scan on sbtest1  (cost=5.53..429.32 rows=107 width=125)
	  Recheck Cond: ((k >= 5715146) AND (k <= 5715246))
	  ->  Bitmap Index Scan on k_1  (cost=0.00..5.50 rows=107 width=0)
	        Index Cond: ((k >= 5715146) AND (k <= 5715246))

table 2 : explain SELECT k, c FROM sbtest2 WHERE k BETWEEN 5715146 AND 5715246
	Bitmap Heap Scan on sbtest2  (cost=5.52..425.18 rows=106 width=125)
	  Recheck Cond: ((k >= 5715146) AND (k <= 5715246))
	  ->  Bitmap Index Scan on k_2  (cost=0.00..5.50 rows=106 width=0)
	        Index Cond: ((k >= 5715146) AND (k <= 5715246))

table 3 : explain SELECT k, c FROM sbtest3 WHERE k BETWEEN 5715146 AND 5715246
	Bitmap Heap Scan on sbtest3  (cost=5.46..401.51 rows=100 width=125)
	  Recheck Cond: ((k >= 5715146) AND (k <= 5715246))
	  ->  Bitmap Index Scan on k_3  (cost=0.00..5.43 rows=100 width=0)
	        Index Cond: ((k >= 5715146) AND (k <= 5715246))

table 4 : explain SELECT k, c FROM sbtest4 WHERE k BETWEEN 5715146 AND 5715246
	Bitmap Heap Scan on sbtest4  (cost=5.50..417.33 rows=104 width=125)
	  Recheck Cond: ((k >= 5715146) AND (k <= 5715246))
	  ->  Bitmap Index Scan on k_4  (cost=0.00..5.47 rows=104 width=0)
	        Index Cond: ((k >= 5715146) AND (k <= 5715246))

table 5 : explain SELECT k, c FROM sbtest5 WHERE k BETWEEN 5715146 AND 5715246
	Bitmap Heap Scan on sbtest5  (cost=5.50..417.37 rows=104 width=125)
	  Recheck Cond: ((k >= 5715146) AND (k <= 5715246))
	  ->  Bitmap Index Scan on k_5  (cost=0.00..5.47 rows=104 width=0)
	        Index Cond: ((k >= 5715146) AND (k <= 5715246))

table 6 : explain SELECT k, c FROM sbtest6 WHERE k BETWEEN 5715146 AND 5715246
	Bitmap Heap Scan on sbtest6  (cost=5.44..393.67 rows=98 width=125)
	  Recheck Cond: ((k >= 5715146) AND (k <= 5715246))
	  ->  Bitmap Index Scan on k_6  (cost=0.00..5.42 rows=98 width=0)
	        Index Cond: ((k >= 5715146) AND (k <= 5715246))

table 7 : explain SELECT k, c FROM sbtest7 WHERE k BETWEEN 5715146 AND 5715246
	Bitmap Heap Scan on sbtest7  (cost=5.53..429.19 rows=107 width=125)
	  Recheck Cond: ((k >= 5715146) AND (k <= 5715246))
	  ->  Bitmap Index Scan on k_7  (cost=0.00..5.50 rows=107 width=0)
	        Index Cond: ((k >= 5715146) AND (k <= 5715246))

table 8 : explain SELECT k, c FROM sbtest8 WHERE k BETWEEN 5715146 AND 5715246
	Bitmap Heap Scan on sbtest8  (cost=5.53..429.21 rows=107 width=125)
	  Recheck Cond: ((k >= 5715146) AND (k <= 5715246))
	  ->  Bitmap Index Scan on k_8  (cost=0.00..5.50 rows=107 width=0)
	        Index Cond: ((k >= 5715146) AND (k <= 5715246))

for range-notcovered
table 1 : explain SELECT k, c FROM sbtest1 WHERE k BETWEEN 6238724 AND 6238824
	Bitmap Heap Scan on sbtest1  (cost=5.46..401.71 rows=100 width=125)
	  Recheck Cond: ((k >= 6238724) AND (k <= 6238824))
	  ->  Bitmap Index Scan on k_1  (cost=0.00..5.43 rows=100 width=0)
	        Index Cond: ((k >= 6238724) AND (k <= 6238824))

table 2 : explain SELECT k, c FROM sbtest2 WHERE k BETWEEN 6238724 AND 6238824
	Bitmap Heap Scan on sbtest2  (cost=5.47..405.46 rows=101 width=125)
	  Recheck Cond: ((k >= 6238724) AND (k <= 6238824))
	  ->  Bitmap Index Scan on k_2  (cost=0.00..5.44 rows=101 width=0)
	        Index Cond: ((k >= 6238724) AND (k <= 6238824))

table 3 : explain SELECT k, c FROM sbtest3 WHERE k BETWEEN 6238724 AND 6238824
	Bitmap Heap Scan on sbtest3  (cost=5.52..425.16 rows=106 width=125)
	  Recheck Cond: ((k >= 6238724) AND (k <= 6238824))
	  ->  Bitmap Index Scan on k_3  (cost=0.00..5.50 rows=106 width=0)
	        Index Cond: ((k >= 6238724) AND (k <= 6238824))

table 4 : explain SELECT k, c FROM sbtest4 WHERE k BETWEEN 6238724 AND 6238824
	Bitmap Heap Scan on sbtest4  (cost=5.57..444.92 rows=111 width=125)
	  Recheck Cond: ((k >= 6238724) AND (k <= 6238824))
	  ->  Bitmap Index Scan on k_4  (cost=0.00..5.54 rows=111 width=0)
	        Index Cond: ((k >= 6238724) AND (k <= 6238824))

table 5 : explain SELECT k, c FROM sbtest5 WHERE k BETWEEN 6238724 AND 6238824
	Bitmap Heap Scan on sbtest5  (cost=5.44..393.71 rows=98 width=125)
	  Recheck Cond: ((k >= 6238724) AND (k <= 6238824))
	  ->  Bitmap Index Scan on k_5  (cost=0.00..5.42 rows=98 width=0)
	        Index Cond: ((k >= 6238724) AND (k <= 6238824))

table 6 : explain SELECT k, c FROM sbtest6 WHERE k BETWEEN 6238724 AND 6238824
	Bitmap Heap Scan on sbtest6  (cost=5.39..373.94 rows=93 width=125)
	  Recheck Cond: ((k >= 6238724) AND (k <= 6238824))
	  ->  Bitmap Index Scan on k_6  (cost=0.00..5.36 rows=93 width=0)
	        Index Cond: ((k >= 6238724) AND (k <= 6238824))

table 7 : explain SELECT k, c FROM sbtest7 WHERE k BETWEEN 6238724 AND 6238824
	Bitmap Heap Scan on sbtest7  (cost=5.53..429.19 rows=107 width=125)
	  Recheck Cond: ((k >= 6238724) AND (k <= 6238824))
	  ->  Bitmap Index Scan on k_7  (cost=0.00..5.50 rows=107 width=0)
	        Index Cond: ((k >= 6238724) AND (k <= 6238824))

table 8 : explain SELECT k, c FROM sbtest8 WHERE k BETWEEN 6238724 AND 6238824
	Bitmap Heap Scan on sbtest8  (cost=5.41..381.87 rows=95 width=125)
	  Recheck Cond: ((k >= 6238724) AND (k <= 6238824))
	  ->  Bitmap Index Scan on k_8  (cost=0.00..5.38 rows=95 width=0)
	        Index Cond: ((k >= 6238724) AND (k <= 6238824))

for range-notcovered
table 1 : explain SELECT k, c FROM sbtest1 WHERE k BETWEEN 1459258 AND 1459358
	Bitmap Heap Scan on sbtest1  (cost=5.50..417.49 rows=104 width=125)
	  Recheck Cond: ((k >= 1459258) AND (k <= 1459358))
	  ->  Bitmap Index Scan on k_1  (cost=0.00..5.47 rows=104 width=0)
	        Index Cond: ((k >= 1459258) AND (k <= 1459358))

table 2 : explain SELECT k, c FROM sbtest2 WHERE k BETWEEN 1459258 AND 1459358
	Bitmap Heap Scan on sbtest2  (cost=5.54..433.06 rows=108 width=125)
	  Recheck Cond: ((k >= 1459258) AND (k <= 1459358))
	  ->  Bitmap Index Scan on k_2  (cost=0.00..5.51 rows=108 width=0)
	        Index Cond: ((k >= 1459258) AND (k <= 1459358))

table 3 : explain SELECT k, c FROM sbtest3 WHERE k BETWEEN 1459258 AND 1459358
	Bitmap Heap Scan on sbtest3  (cost=5.55..436.99 rows=109 width=125)
	  Recheck Cond: ((k >= 1459258) AND (k <= 1459358))
	  ->  Bitmap Index Scan on k_3  (cost=0.00..5.52 rows=109 width=0)
	        Index Cond: ((k >= 1459258) AND (k <= 1459358))

table 4 : explain SELECT k, c FROM sbtest4 WHERE k BETWEEN 1459258 AND 1459358
	Bitmap Heap Scan on sbtest4  (cost=5.46..401.55 rows=100 width=125)
	  Recheck Cond: ((k >= 1459258) AND (k <= 1459358))
	  ->  Bitmap Index Scan on k_4  (cost=0.00..5.43 rows=100 width=0)
	        Index Cond: ((k >= 1459258) AND (k <= 1459358))

table 5 : explain SELECT k, c FROM sbtest5 WHERE k BETWEEN 1459258 AND 1459358
	Bitmap Heap Scan on sbtest5  (cost=5.38..370.03 rows=92 width=125)
	  Recheck Cond: ((k >= 1459258) AND (k <= 1459358))
	  ->  Bitmap Index Scan on k_5  (cost=0.00..5.35 rows=92 width=0)
	        Index Cond: ((k >= 1459258) AND (k <= 1459358))

table 6 : explain SELECT k, c FROM sbtest6 WHERE k BETWEEN 1459258 AND 1459358
	Bitmap Heap Scan on sbtest6  (cost=5.41..381.83 rows=95 width=125)
	  Recheck Cond: ((k >= 1459258) AND (k <= 1459358))
	  ->  Bitmap Index Scan on k_6  (cost=0.00..5.38 rows=95 width=0)
	        Index Cond: ((k >= 1459258) AND (k <= 1459358))

table 7 : explain SELECT k, c FROM sbtest7 WHERE k BETWEEN 1459258 AND 1459358
	Bitmap Heap Scan on sbtest7  (cost=5.50..417.36 rows=104 width=125)
	  Recheck Cond: ((k >= 1459258) AND (k <= 1459358))
	  ->  Bitmap Index Scan on k_7  (cost=0.00..5.47 rows=104 width=0)
	        Index Cond: ((k >= 1459258) AND (k <= 1459358))

table 8 : explain SELECT k, c FROM sbtest8 WHERE k BETWEEN 1459258 AND 1459358
	Bitmap Heap Scan on sbtest8  (cost=5.45..397.66 rows=99 width=125)
	  Recheck Cond: ((k >= 1459258) AND (k <= 1459358))
	  ->  Bitmap Index Scan on k_8  (cost=0.00..5.42 rows=99 width=0)
	        Index Cond: ((k >= 1459258) AND (k <= 1459358))

for range-notcovered
table 1 : explain SELECT k, c FROM sbtest1 WHERE k BETWEEN 5149272 AND 5149372
	Bitmap Heap Scan on sbtest1  (cost=5.57..445.09 rows=111 width=125)
	  Recheck Cond: ((k >= 5149272) AND (k <= 5149372))
	  ->  Bitmap Index Scan on k_1  (cost=0.00..5.54 rows=111 width=0)
	        Index Cond: ((k >= 5149272) AND (k <= 5149372))

table 2 : explain SELECT k, c FROM sbtest2 WHERE k BETWEEN 5149272 AND 5149372
	Bitmap Heap Scan on sbtest2  (cost=5.43..389.69 rows=97 width=125)
	  Recheck Cond: ((k >= 5149272) AND (k <= 5149372))
	  ->  Bitmap Index Scan on k_2  (cost=0.00..5.40 rows=97 width=0)
	        Index Cond: ((k >= 5149272) AND (k <= 5149372))

table 3 : explain SELECT k, c FROM sbtest3 WHERE k BETWEEN 5149272 AND 5149372
	Bitmap Heap Scan on sbtest3  (cost=5.39..373.90 rows=93 width=125)
	  Recheck Cond: ((k >= 5149272) AND (k <= 5149372))
	  ->  Bitmap Index Scan on k_3  (cost=0.00..5.36 rows=93 width=0)
	        Index Cond: ((k >= 5149272) AND (k <= 5149372))

table 4 : explain SELECT k, c FROM sbtest4 WHERE k BETWEEN 5149272 AND 5149372
	Bitmap Heap Scan on sbtest4  (cost=5.53..429.15 rows=107 width=125)
	  Recheck Cond: ((k >= 5149272) AND (k <= 5149372))
	  ->  Bitmap Index Scan on k_4  (cost=0.00..5.50 rows=107 width=0)
	        Index Cond: ((k >= 5149272) AND (k <= 5149372))

table 5 : explain SELECT k, c FROM sbtest5 WHERE k BETWEEN 5149272 AND 5149372
	Bitmap Heap Scan on sbtest5  (cost=5.44..393.71 rows=98 width=125)
	  Recheck Cond: ((k >= 5149272) AND (k <= 5149372))
	  ->  Bitmap Index Scan on k_5  (cost=0.00..5.42 rows=98 width=0)
	        Index Cond: ((k >= 5149272) AND (k <= 5149372))

table 6 : explain SELECT k, c FROM sbtest6 WHERE k BETWEEN 5149272 AND 5149372
	Bitmap Heap Scan on sbtest6  (cost=5.54..433.10 rows=108 width=125)
	  Recheck Cond: ((k >= 5149272) AND (k <= 5149372))
	  ->  Bitmap Index Scan on k_6  (cost=0.00..5.51 rows=108 width=0)
	        Index Cond: ((k >= 5149272) AND (k <= 5149372))

table 7 : explain SELECT k, c FROM sbtest7 WHERE k BETWEEN 5149272 AND 5149372
	Bitmap Heap Scan on sbtest7  (cost=5.64..472.52 rows=118 width=125)
	  Recheck Cond: ((k >= 5149272) AND (k <= 5149372))
	  ->  Bitmap Index Scan on k_7  (cost=0.00..5.61 rows=118 width=0)
	        Index Cond: ((k >= 5149272) AND (k <= 5149372))

table 8 : explain SELECT k, c FROM sbtest8 WHERE k BETWEEN 5149272 AND 5149372
	Bitmap Heap Scan on sbtest8  (cost=5.41..381.87 rows=95 width=125)
	  Recheck Cond: ((k >= 5149272) AND (k <= 5149372))
	  ->  Bitmap Index Scan on k_8  (cost=0.00..5.38 rows=95 width=0)
	        Index Cond: ((k >= 5149272) AND (k <= 5149372))

explain: for range-notcovered :: explain SELECT k, c FROM sbtest%d WHERE k BETWEEN 5149272 AND 5149372
for range-notcovered
table 1 : explain SELECT k, c FROM sbtest1 WHERE k BETWEEN 443834 AND 443934
	Bitmap Heap Scan on sbtest1  (cost=5.50..417.49 rows=104 width=125)
	  Recheck Cond: ((k >= 443834) AND (k <= 443934))
	  ->  Bitmap Index Scan on k_1  (cost=0.00..5.47 rows=104 width=0)
	        Index Cond: ((k >= 443834) AND (k <= 443934))

table 2 : explain SELECT k, c FROM sbtest2 WHERE k BETWEEN 443834 AND 443934
	Bitmap Heap Scan on sbtest2  (cost=5.60..456.69 rows=114 width=125)
	  Recheck Cond: ((k >= 443834) AND (k <= 443934))
	  ->  Bitmap Index Scan on k_2  (cost=0.00..5.58 rows=114 width=0)
	        Index Cond: ((k >= 443834) AND (k <= 443934))

table 3 : explain SELECT k, c FROM sbtest3 WHERE k BETWEEN 443834 AND 443934
	Bitmap Heap Scan on sbtest3  (cost=5.38..369.95 rows=92 width=125)
	  Recheck Cond: ((k >= 443834) AND (k <= 443934))
	  ->  Bitmap Index Scan on k_3  (cost=0.00..5.35 rows=92 width=0)
	        Index Cond: ((k >= 443834) AND (k <= 443934))

table 4 : explain SELECT k, c FROM sbtest4 WHERE k BETWEEN 443834 AND 443934
	Bitmap Heap Scan on sbtest4  (cost=5.46..401.55 rows=100 width=125)
	  Recheck Cond: ((k >= 443834) AND (k <= 443934))
	  ->  Bitmap Index Scan on k_4  (cost=0.00..5.43 rows=100 width=0)
	        Index Cond: ((k >= 443834) AND (k <= 443934))

table 5 : explain SELECT k, c FROM sbtest5 WHERE k BETWEEN 443834 AND 443934
	Bitmap Heap Scan on sbtest5  (cost=5.51..421.32 rows=105 width=125)
	  Recheck Cond: ((k >= 443834) AND (k <= 443934))
	  ->  Bitmap Index Scan on k_5  (cost=0.00..5.48 rows=105 width=0)
	        Index Cond: ((k >= 443834) AND (k <= 443934))

table 6 : explain SELECT k, c FROM sbtest6 WHERE k BETWEEN 443834 AND 443934
	Bitmap Heap Scan on sbtest6  (cost=5.64..472.49 rows=118 width=125)
	  Recheck Cond: ((k >= 443834) AND (k <= 443934))
	  ->  Bitmap Index Scan on k_6  (cost=0.00..5.61 rows=118 width=0)
	        Index Cond: ((k >= 443834) AND (k <= 443934))

table 7 : explain SELECT k, c FROM sbtest7 WHERE k BETWEEN 443834 AND 443934
	Bitmap Heap Scan on sbtest7  (cost=5.47..405.53 rows=101 width=125)
	  Recheck Cond: ((k >= 443834) AND (k <= 443934))
	  ->  Bitmap Index Scan on k_7  (cost=0.00..5.44 rows=101 width=0)
	        Index Cond: ((k >= 443834) AND (k <= 443934))

table 8 : explain SELECT k, c FROM sbtest8 WHERE k BETWEEN 443834 AND 443934
	Bitmap Heap Scan on sbtest8  (cost=5.55..437.09 rows=109 width=125)
	  Recheck Cond: ((k >= 443834) AND (k <= 443934))
	  ->  Bitmap Index Scan on k_8  (cost=0.00..5.52 rows=109 width=0)
	        Index Cond: ((k >= 443834) AND (k <= 443934))

for range-notcovered
table 1 : explain SELECT k, c FROM sbtest1 WHERE k BETWEEN 4481903 AND 4482003
	Bitmap Heap Scan on sbtest1  (cost=5.48..409.60 rows=102 width=125)
	  Recheck Cond: ((k >= 4481903) AND (k <= 4482003))
	  ->  Bitmap Index Scan on k_1  (cost=0.00..5.45 rows=102 width=0)
	        Index Cond: ((k >= 4481903) AND (k <= 4482003))

table 2 : explain SELECT k, c FROM sbtest2 WHERE k BETWEEN 4481903 AND 4482003
	Bitmap Heap Scan on sbtest2  (cost=5.39..373.91 rows=93 width=125)
	  Recheck Cond: ((k >= 4481903) AND (k <= 4482003))
	  ->  Bitmap Index Scan on k_2  (cost=0.00..5.36 rows=93 width=0)
	        Index Cond: ((k >= 4481903) AND (k <= 4482003))

table 3 : explain SELECT k, c FROM sbtest3 WHERE k BETWEEN 4481903 AND 4482003
	Bitmap Heap Scan on sbtest3  (cost=5.52..425.16 rows=106 width=125)
	  Recheck Cond: ((k >= 4481903) AND (k <= 4482003))
	  ->  Bitmap Index Scan on k_3  (cost=0.00..5.50 rows=106 width=0)
	        Index Cond: ((k >= 4481903) AND (k <= 4482003))

table 4 : explain SELECT k, c FROM sbtest4 WHERE k BETWEEN 4481903 AND 4482003
	Bitmap Heap Scan on sbtest4  (cost=5.56..440.98 rows=110 width=125)
	  Recheck Cond: ((k >= 4481903) AND (k <= 4482003))
	  ->  Bitmap Index Scan on k_4  (cost=0.00..5.53 rows=110 width=0)
	        Index Cond: ((k >= 4481903) AND (k <= 4482003))

table 5 : explain SELECT k, c FROM sbtest5 WHERE k BETWEEN 4481903 AND 4482003
	Bitmap Heap Scan on sbtest5  (cost=5.45..397.65 rows=99 width=125)
	  Recheck Cond: ((k >= 4481903) AND (k <= 4482003))
	  ->  Bitmap Index Scan on k_5  (cost=0.00..5.42 rows=99 width=0)
	        Index Cond: ((k >= 4481903) AND (k <= 4482003))

table 6 : explain SELECT k, c FROM sbtest6 WHERE k BETWEEN 4481903 AND 4482003
	Bitmap Heap Scan on sbtest6  (cost=5.38..369.99 rows=92 width=125)
	  Recheck Cond: ((k >= 4481903) AND (k <= 4482003))
	  ->  Bitmap Index Scan on k_6  (cost=0.00..5.35 rows=92 width=0)
	        Index Cond: ((k >= 4481903) AND (k <= 4482003))

table 7 : explain SELECT k, c FROM sbtest7 WHERE k BETWEEN 4481903 AND 4482003
	Bitmap Heap Scan on sbtest7  (cost=5.43..389.75 rows=97 width=125)
	  Recheck Cond: ((k >= 4481903) AND (k <= 4482003))
	  ->  Bitmap Index Scan on k_7  (cost=0.00..5.40 rows=97 width=0)
	        Index Cond: ((k >= 4481903) AND (k <= 4482003))

table 8 : explain SELECT k, c FROM sbtest8 WHERE k BETWEEN 4481903 AND 4482003
	Bitmap Heap Scan on sbtest8  (cost=5.49..413.43 rows=103 width=125)
	  Recheck Cond: ((k >= 4481903) AND (k <= 4482003))
	  ->  Bitmap Index Scan on k_8  (cost=0.00..5.46 rows=103 width=0)
	        Index Cond: ((k >= 4481903) AND (k <= 4482003))

for range-notcovered
table 1 : explain SELECT k, c FROM sbtest1 WHERE k BETWEEN 2131083 AND 2131183
	Bitmap Heap Scan on sbtest1  (cost=5.48..409.60 rows=102 width=125)
	  Recheck Cond: ((k >= 2131083) AND (k <= 2131183))
	  ->  Bitmap Index Scan on k_1  (cost=0.00..5.45 rows=102 width=0)
	        Index Cond: ((k >= 2131083) AND (k <= 2131183))

table 2 : explain SELECT k, c FROM sbtest2 WHERE k BETWEEN 2131083 AND 2131183
	Bitmap Heap Scan on sbtest2  (cost=5.49..413.35 rows=103 width=125)
	  Recheck Cond: ((k >= 2131083) AND (k <= 2131183))
	  ->  Bitmap Index Scan on k_2  (cost=0.00..5.46 rows=103 width=0)
	        Index Cond: ((k >= 2131083) AND (k <= 2131183))

table 3 : explain SELECT k, c FROM sbtest3 WHERE k BETWEEN 2131083 AND 2131183
	Bitmap Heap Scan on sbtest3  (cost=5.45..397.57 rows=99 width=125)
	  Recheck Cond: ((k >= 2131083) AND (k <= 2131183))
	  ->  Bitmap Index Scan on k_3  (cost=0.00..5.42 rows=99 width=0)
	        Index Cond: ((k >= 2131083) AND (k <= 2131183))

table 4 : explain SELECT k, c FROM sbtest4 WHERE k BETWEEN 2131083 AND 2131183
	Bitmap Heap Scan on sbtest4  (cost=5.41..381.83 rows=95 width=125)
	  Recheck Cond: ((k >= 2131083) AND (k <= 2131183))
	  ->  Bitmap Index Scan on k_4  (cost=0.00..5.38 rows=95 width=0)
	        Index Cond: ((k >= 2131083) AND (k <= 2131183))

table 5 : explain SELECT k, c FROM sbtest5 WHERE k BETWEEN 2131083 AND 2131183
	Bitmap Heap Scan on sbtest5  (cost=5.52..425.26 rows=106 width=125)
	  Recheck Cond: ((k >= 2131083) AND (k <= 2131183))
	  ->  Bitmap Index Scan on k_5  (cost=0.00..5.50 rows=106 width=0)
	        Index Cond: ((k >= 2131083) AND (k <= 2131183))

table 6 : explain SELECT k, c FROM sbtest6 WHERE k BETWEEN 2131083 AND 2131183
	Bitmap Heap Scan on sbtest6  (cost=5.58..448.86 rows=112 width=125)
	  Recheck Cond: ((k >= 2131083) AND (k <= 2131183))
	  ->  Bitmap Index Scan on k_6  (cost=0.00..5.55 rows=112 width=0)
	        Index Cond: ((k >= 2131083) AND (k <= 2131183))

table 7 : explain SELECT k, c FROM sbtest7 WHERE k BETWEEN 2131083 AND 2131183
	Bitmap Heap Scan on sbtest7  (cost=5.48..409.47 rows=102 width=125)
	  Recheck Cond: ((k >= 2131083) AND (k <= 2131183))
	  ->  Bitmap Index Scan on k_7  (cost=0.00..5.45 rows=102 width=0)
	        Index Cond: ((k >= 2131083) AND (k <= 2131183))

table 8 : explain SELECT k, c FROM sbtest8 WHERE k BETWEEN 2131083 AND 2131183
	Bitmap Heap Scan on sbtest8  (cost=5.42..385.82 rows=96 width=125)
	  Recheck Cond: ((k >= 2131083) AND (k <= 2131183))
	  ->  Bitmap Index Scan on k_8  (cost=0.00..5.39 rows=96 width=0)
	        Index Cond: ((k >= 2131083) AND (k <= 2131183))

explain: for range-notcovered :: explain SELECT k, c FROM sbtest%d WHERE k BETWEEN 2131083 AND 2131183
for range-notcovered
table 1 : explain SELECT k, c FROM sbtest1 WHERE k BETWEEN 5428658 AND 5428758
	Bitmap Heap Scan on sbtest1  (cost=5.46..401.71 rows=100 width=125)
	  Recheck Cond: ((k >= 5428658) AND (k <= 5428758))
	  ->  Bitmap Index Scan on k_1  (cost=0.00..5.43 rows=100 width=0)
	        Index Cond: ((k >= 5428658) AND (k <= 5428758))

table 2 : explain SELECT k, c FROM sbtest2 WHERE k BETWEEN 5428658 AND 5428758
	Bitmap Heap Scan on sbtest2  (cost=5.53..429.12 rows=107 width=125)
	  Recheck Cond: ((k >= 5428658) AND (k <= 5428758))
	  ->  Bitmap Index Scan on k_2  (cost=0.00..5.50 rows=107 width=0)
	        Index Cond: ((k >= 5428658) AND (k <= 5428758))

table 3 : explain SELECT k, c FROM sbtest3 WHERE k BETWEEN 5428658 AND 5428758
	Bitmap Heap Scan on sbtest3  (cost=5.43..389.68 rows=97 width=125)
	  Recheck Cond: ((k >= 5428658) AND (k <= 5428758))
	  ->  Bitmap Index Scan on k_3  (cost=0.00..5.40 rows=97 width=0)
	        Index Cond: ((k >= 5428658) AND (k <= 5428758))

table 4 : explain SELECT k, c FROM sbtest4 WHERE k BETWEEN 5428658 AND 5428758
	Bitmap Heap Scan on sbtest4  (cost=5.47..405.50 rows=101 width=125)
	  Recheck Cond: ((k >= 5428658) AND (k <= 5428758))
	  ->  Bitmap Index Scan on k_4  (cost=0.00..5.44 rows=101 width=0)
	        Index Cond: ((k >= 5428658) AND (k <= 5428758))

table 5 : explain SELECT k, c FROM sbtest5 WHERE k BETWEEN 5428658 AND 5428758
	Bitmap Heap Scan on sbtest5  (cost=5.52..425.26 rows=106 width=125)
	  Recheck Cond: ((k >= 5428658) AND (k <= 5428758))
	  ->  Bitmap Index Scan on k_5  (cost=0.00..5.50 rows=106 width=0)
	        Index Cond: ((k >= 5428658) AND (k <= 5428758))

table 6 : explain SELECT k, c FROM sbtest6 WHERE k BETWEEN 5428658 AND 5428758
	Bitmap Heap Scan on sbtest6  (cost=5.38..369.99 rows=92 width=125)
	  Recheck Cond: ((k >= 5428658) AND (k <= 5428758))
	  ->  Bitmap Index Scan on k_6  (cost=0.00..5.35 rows=92 width=0)
	        Index Cond: ((k >= 5428658) AND (k <= 5428758))

table 7 : explain SELECT k, c FROM sbtest7 WHERE k BETWEEN 5428658 AND 5428758
	Bitmap Heap Scan on sbtest7  (cost=5.42..385.80 rows=96 width=125)
	  Recheck Cond: ((k >= 5428658) AND (k <= 5428758))
	  ->  Bitmap Index Scan on k_7  (cost=0.00..5.39 rows=96 width=0)
	        Index Cond: ((k >= 5428658) AND (k <= 5428758))

table 8 : explain SELECT k, c FROM sbtest8 WHERE k BETWEEN 5428658 AND 5428758
	Bitmap Heap Scan on sbtest8  (cost=5.48..409.49 rows=102 width=125)
	  Recheck Cond: ((k >= 5428658) AND (k <= 5428758))
	  ->  Bitmap Index Scan on k_8  (cost=0.00..5.45 rows=102 width=0)
	        Index Cond: ((k >= 5428658) AND (k <= 5428758))

explain: for range-notcovered :: explain SELECT k, c FROM sbtest%d WHERE k BETWEEN 5428658 AND 5428758
for range-notcovered
table 1 : explain SELECT k, c FROM sbtest1 WHERE k BETWEEN 5149272 AND 5149372
	Bitmap Heap Scan on sbtest1  (cost=5.57..445.09 rows=111 width=125)
	  Recheck Cond: ((k >= 5149272) AND (k <= 5149372))
	  ->  Bitmap Index Scan on k_1  (cost=0.00..5.54 rows=111 width=0)
	        Index Cond: ((k >= 5149272) AND (k <= 5149372))

table 2 : explain SELECT k, c FROM sbtest2 WHERE k BETWEEN 5149272 AND 5149372
	Bitmap Heap Scan on sbtest2  (cost=5.43..389.69 rows=97 width=125)
	  Recheck Cond: ((k >= 5149272) AND (k <= 5149372))
	  ->  Bitmap Index Scan on k_2  (cost=0.00..5.40 rows=97 width=0)
	        Index Cond: ((k >= 5149272) AND (k <= 5149372))

table 3 : explain SELECT k, c FROM sbtest3 WHERE k BETWEEN 5149272 AND 5149372
	Bitmap Heap Scan on sbtest3  (cost=5.39..373.90 rows=93 width=125)
	  Recheck Cond: ((k >= 5149272) AND (k <= 5149372))
	  ->  Bitmap Index Scan on k_3  (cost=0.00..5.36 rows=93 width=0)
	        Index Cond: ((k >= 5149272) AND (k <= 5149372))

table 4 : explain SELECT k, c FROM sbtest4 WHERE k BETWEEN 5149272 AND 5149372
	Bitmap Heap Scan on sbtest4  (cost=5.53..429.15 rows=107 width=125)
	  Recheck Cond: ((k >= 5149272) AND (k <= 5149372))
	  ->  Bitmap Index Scan on k_4  (cost=0.00..5.50 rows=107 width=0)
	        Index Cond: ((k >= 5149272) AND (k <= 5149372))

table 5 : explain SELECT k, c FROM sbtest5 WHERE k BETWEEN 5149272 AND 5149372
	Bitmap Heap Scan on sbtest5  (cost=5.44..393.71 rows=98 width=125)
	  Recheck Cond: ((k >= 5149272) AND (k <= 5149372))
	  ->  Bitmap Index Scan on k_5  (cost=0.00..5.42 rows=98 width=0)
	        Index Cond: ((k >= 5149272) AND (k <= 5149372))

table 6 : explain SELECT k, c FROM sbtest6 WHERE k BETWEEN 5149272 AND 5149372
	Bitmap Heap Scan on sbtest6  (cost=5.54..433.10 rows=108 width=125)
	  Recheck Cond: ((k >= 5149272) AND (k <= 5149372))
	  ->  Bitmap Index Scan on k_6  (cost=0.00..5.51 rows=108 width=0)
	        Index Cond: ((k >= 5149272) AND (k <= 5149372))

table 7 : explain SELECT k, c FROM sbtest7 WHERE k BETWEEN 5149272 AND 5149372
	Bitmap Heap Scan on sbtest7  (cost=5.64..472.52 rows=118 width=125)
	  Recheck Cond: ((k >= 5149272) AND (k <= 5149372))
	  ->  Bitmap Index Scan on k_7  (cost=0.00..5.61 rows=118 width=0)
	        Index Cond: ((k >= 5149272) AND (k <= 5149372))

table 8 : explain SELECT k, c FROM sbtest8 WHERE k BETWEEN 5149272 AND 5149372
	Bitmap Heap Scan on sbtest8  (cost=5.41..381.87 rows=95 width=125)
	  Recheck Cond: ((k >= 5149272) AND (k <= 5149372))
	  ->  Bitmap Index Scan on k_8  (cost=0.00..5.38 rows=95 width=0)
	        Index Cond: ((k >= 5149272) AND (k <= 5149372))

for range-notcovered
table 1 : explain SELECT k, c FROM sbtest1 WHERE k BETWEEN 2131083 AND 2131183
	Bitmap Heap Scan on sbtest1  (cost=5.48..409.60 rows=102 width=125)
	  Recheck Cond: ((k >= 2131083) AND (k <= 2131183))
	  ->  Bitmap Index Scan on k_1  (cost=0.00..5.45 rows=102 width=0)
	        Index Cond: ((k >= 2131083) AND (k <= 2131183))

table 2 : explain SELECT k, c FROM sbtest2 WHERE k BETWEEN 2131083 AND 2131183
	Bitmap Heap Scan on sbtest2  (cost=5.49..413.35 rows=103 width=125)
	  Recheck Cond: ((k >= 2131083) AND (k <= 2131183))
	  ->  Bitmap Index Scan on k_2  (cost=0.00..5.46 rows=103 width=0)
	        Index Cond: ((k >= 2131083) AND (k <= 2131183))

table 3 : explain SELECT k, c FROM sbtest3 WHERE k BETWEEN 2131083 AND 2131183
	Bitmap Heap Scan on sbtest3  (cost=5.45..397.57 rows=99 width=125)
	  Recheck Cond: ((k >= 2131083) AND (k <= 2131183))
	  ->  Bitmap Index Scan on k_3  (cost=0.00..5.42 rows=99 width=0)
	        Index Cond: ((k >= 2131083) AND (k <= 2131183))

table 4 : explain SELECT k, c FROM sbtest4 WHERE k BETWEEN 2131083 AND 2131183
	Bitmap Heap Scan on sbtest4  (cost=5.41..381.83 rows=95 width=125)
	  Recheck Cond: ((k >= 2131083) AND (k <= 2131183))
	  ->  Bitmap Index Scan on k_4  (cost=0.00..5.38 rows=95 width=0)
	        Index Cond: ((k >= 2131083) AND (k <= 2131183))

table 5 : explain SELECT k, c FROM sbtest5 WHERE k BETWEEN 2131083 AND 2131183
	Bitmap Heap Scan on sbtest5  (cost=5.52..425.26 rows=106 width=125)
	  Recheck Cond: ((k >= 2131083) AND (k <= 2131183))
	  ->  Bitmap Index Scan on k_5  (cost=0.00..5.50 rows=106 width=0)
	        Index Cond: ((k >= 2131083) AND (k <= 2131183))

table 6 : explain SELECT k, c FROM sbtest6 WHERE k BETWEEN 2131083 AND 2131183
	Bitmap Heap Scan on sbtest6  (cost=5.58..448.86 rows=112 width=125)
	  Recheck Cond: ((k >= 2131083) AND (k <= 2131183))
	  ->  Bitmap Index Scan on k_6  (cost=0.00..5.55 rows=112 width=0)
	        Index Cond: ((k >= 2131083) AND (k <= 2131183))

table 7 : explain SELECT k, c FROM sbtest7 WHERE k BETWEEN 2131083 AND 2131183
	Bitmap Heap Scan on sbtest7  (cost=5.48..409.47 rows=102 width=125)
	  Recheck Cond: ((k >= 2131083) AND (k <= 2131183))
	  ->  Bitmap Index Scan on k_7  (cost=0.00..5.45 rows=102 width=0)
	        Index Cond: ((k >= 2131083) AND (k <= 2131183))

table 8 : explain SELECT k, c FROM sbtest8 WHERE k BETWEEN 2131083 AND 2131183
	Bitmap Heap Scan on sbtest8  (cost=5.42..385.82 rows=96 width=125)
	  Recheck Cond: ((k >= 2131083) AND (k <= 2131183))
	  ->  Bitmap Index Scan on k_8  (cost=0.00..5.39 rows=96 width=0)
	        Index Cond: ((k >= 2131083) AND (k <= 2131183))

for range-notcovered
table 1 : explain SELECT k, c FROM sbtest1 WHERE k BETWEEN 5428658 AND 5428758
	Bitmap Heap Scan on sbtest1  (cost=5.46..401.71 rows=100 width=125)
	  Recheck Cond: ((k >= 5428658) AND (k <= 5428758))
	  ->  Bitmap Index Scan on k_1  (cost=0.00..5.43 rows=100 width=0)
	        Index Cond: ((k >= 5428658) AND (k <= 5428758))

table 2 : explain SELECT k, c FROM sbtest2 WHERE k BETWEEN 5428658 AND 5428758
	Bitmap Heap Scan on sbtest2  (cost=5.53..429.12 rows=107 width=125)
	  Recheck Cond: ((k >= 5428658) AND (k <= 5428758))
	  ->  Bitmap Index Scan on k_2  (cost=0.00..5.50 rows=107 width=0)
	        Index Cond: ((k >= 5428658) AND (k <= 5428758))

table 3 : explain SELECT k, c FROM sbtest3 WHERE k BETWEEN 5428658 AND 5428758
	Bitmap Heap Scan on sbtest3  (cost=5.43..389.68 rows=97 width=125)
	  Recheck Cond: ((k >= 5428658) AND (k <= 5428758))
	  ->  Bitmap Index Scan on k_3  (cost=0.00..5.40 rows=97 width=0)
	        Index Cond: ((k >= 5428658) AND (k <= 5428758))

table 4 : explain SELECT k, c FROM sbtest4 WHERE k BETWEEN 5428658 AND 5428758
	Bitmap Heap Scan on sbtest4  (cost=5.47..405.50 rows=101 width=125)
	  Recheck Cond: ((k >= 5428658) AND (k <= 5428758))
	  ->  Bitmap Index Scan on k_4  (cost=0.00..5.44 rows=101 width=0)
	        Index Cond: ((k >= 5428658) AND (k <= 5428758))

table 5 : explain SELECT k, c FROM sbtest5 WHERE k BETWEEN 5428658 AND 5428758
	Bitmap Heap Scan on sbtest5  (cost=5.52..425.26 rows=106 width=125)
	  Recheck Cond: ((k >= 5428658) AND (k <= 5428758))
	  ->  Bitmap Index Scan on k_5  (cost=0.00..5.50 rows=106 width=0)
	        Index Cond: ((k >= 5428658) AND (k <= 5428758))

table 6 : explain SELECT k, c FROM sbtest6 WHERE k BETWEEN 5428658 AND 5428758
	Bitmap Heap Scan on sbtest6  (cost=5.38..369.99 rows=92 width=125)
	  Recheck Cond: ((k >= 5428658) AND (k <= 5428758))
	  ->  Bitmap Index Scan on k_6  (cost=0.00..5.35 rows=92 width=0)
	        Index Cond: ((k >= 5428658) AND (k <= 5428758))

table 7 : explain SELECT k, c FROM sbtest7 WHERE k BETWEEN 5428658 AND 5428758
	Bitmap Heap Scan on sbtest7  (cost=5.42..385.80 rows=96 width=125)
	  Recheck Cond: ((k >= 5428658) AND (k <= 5428758))
	  ->  Bitmap Index Scan on k_7  (cost=0.00..5.39 rows=96 width=0)
	        Index Cond: ((k >= 5428658) AND (k <= 5428758))

table 8 : explain SELECT k, c FROM sbtest8 WHERE k BETWEEN 5428658 AND 5428758
	Bitmap Heap Scan on sbtest8  (cost=5.48..409.49 rows=102 width=125)
	  Recheck Cond: ((k >= 5428658) AND (k <= 5428758))
	  ->  Bitmap Index Scan on k_8  (cost=0.00..5.45 rows=102 width=0)
	        Index Cond: ((k >= 5428658) AND (k <= 5428758))

Threads started!

Warming up for 5 seconds...

SQL statistics:
    queries performed:
        read:                            101184152
        write:                           0
        other:                           0
        total:                           101184152
    transactions:                        101184152 (160608.22 per sec.)
    queries:                             101184152 (160608.22 per sec.)
    ignored errors:                      0      (0.00 per sec.)
    reconnects:                          0      (0.00 per sec.)

Throughput:
    events/s (eps):                      160608.2234
    time elapsed:                        630.0061s
    total number of events:              101184152

Latency (ms):
         min:                                    0.08
         avg:                                    0.25
         max:                                   24.23
         95th percentile:                        0.29
         sum:                             25156220.68

Threads fairness:
    events (avg/stddev):           2529600.9000/4247.17
    execution time (avg/stddev):   628.9055/0.04

