LUA_PATH=/home/mdcallag/git/mytools/bench/sysbench.lua/lua/?.lua /home/mdcallag/git/mytools/bench/sysbench.lua/lua/sysbench --db-driver=pgsql --range-size=100 --table-size=10000000 --tables=8 --threads=40 --events=0 --warmup-time=5 --time=930 --pgsql_conn_id=true /home/mdcallag/git/mytools/bench/sysbench.lua/lua/oltp_update_index.lua run --pgsql-user=root --pgsql-password=pw --pgsql-host=127.0.0.1 --pgsql-db=ib --rand-type=uniform
48 CPUs
sysbench 1.1.0-9072687 (using bundled LuaJIT 2.1.0-beta3)

Running the test with following options:
Number of threads: 40
Warmup time: 5s
Initializing random number generator from current time


Initializing worker threads...

explain: for index_updates :: explain UPDATE sbtest%u SET k=k+1 WHERE id=%u
explain: for index_updates :: explain UPDATE sbtest%u SET k=k+1 WHERE id=%u
explain: for index_updates :: explain UPDATE sbtest%u SET k=k+1 WHERE id=%u
for index_updates
table 1 : explain UPDATE sbtest1 SET k=k+1 WHERE id=9083526
	Update on sbtest1  (cost=0.43..8.46 rows=0 width=0)
	  ->  Index Scan using sbtest1_pkey on sbtest1  (cost=0.43..8.46 rows=1 width=10)
	        Index Cond: (id = 9083526)

table 2 : explain UPDATE sbtest2 SET k=k+1 WHERE id=9919381
	Update on sbtest2  (cost=0.43..8.46 rows=0 width=0)
	  ->  Index Scan using sbtest2_pkey on sbtest2  (cost=0.43..8.46 rows=1 width=10)
	        Index Cond: (id = 9919381)

table 3 : explain UPDATE sbtest3 SET k=k+1 WHERE id=6789969
	Update on sbtest3  (cost=0.43..8.46 rows=0 width=0)
	  ->  Index Scan using sbtest3_pkey on sbtest3  (cost=0.43..8.46 rows=1 width=10)
	        Index Cond: (id = 6789969)

table 4 : explain UPDATE sbtest4 SET k=k+1 WHERE id=3807351
	Update on sbtest4  (cost=0.43..8.46 rows=0 width=0)
	  ->  Index Scan using sbtest4_pkey on sbtest4  (cost=0.43..8.46 rows=1 width=10)
	        Index Cond: (id = 3807351)

table 5 : explain UPDATE sbtest5 SET k=k+1 WHERE id=3300523
	Update on sbtest5  (cost=0.43..8.46 rows=0 width=0)
	  ->  Index Scan using sbtest5_pkey on sbtest5  (cost=0.43..8.46 rows=1 width=10)
	        Index Cond: (id = 3300523)

table 6 : explain UPDATE sbtest6 SET k=k+1 WHERE id=7729458
	Update on sbtest6  (cost=0.43..8.46 rows=0 width=0)
	  ->  Index Scan using sbtest6_pkey on sbtest6  (cost=0.43..8.46 rows=1 width=10)
	        Index Cond: (id = 7729458)

table 7 : explain UPDATE sbtest7 SET k=k+1 WHERE id=739630
	Update on sbtest7  (cost=0.43..8.46 rows=0 width=0)
	  ->  Index Scan using sbtest7_pkey on sbtest7  (cost=0.43..8.46 rows=1 width=10)
	        Index Cond: (id = 739630)

table 8 : explain UPDATE sbtest8 SET k=k+1 WHERE id=5698049
	Update on sbtest8  (cost=0.43..8.46 rows=0 width=0)
	  ->  Index Scan using sbtest8_pkey on sbtest8  (cost=0.43..8.46 rows=1 width=10)
	        Index Cond: (id = 5698049)

explain: for index_updates :: explain UPDATE sbtest%u SET k=k+1 WHERE id=%u
explain: for index_updates :: explain UPDATE sbtest%u SET k=k+1 WHERE id=%u
explain: for index_updates :: explain UPDATE sbtest%u SET k=k+1 WHERE id=%u
explain: for index_updates :: explain UPDATE sbtest%u SET k=k+1 WHERE id=%u
explain: for index_updates :: explain UPDATE sbtest%u SET k=k+1 WHERE id=%u
for index_updates
table 1 : explain UPDATE sbtest1 SET k=k+1 WHERE id=6521232
	Update on sbtest1  (cost=0.43..8.46 rows=0 width=0)
	  ->  Index Scan using sbtest1_pkey on sbtest1  (cost=0.43..8.46 rows=1 width=10)
	        Index Cond: (id = 6521232)

table 2 : explain UPDATE sbtest2 SET k=k+1 WHERE id=5434806
	Update on sbtest2  (cost=0.43..8.46 rows=0 width=0)
	  ->  Index Scan using sbtest2_pkey on sbtest2  (cost=0.43..8.46 rows=1 width=10)
	        Index Cond: (id = 5434806)

table 3 : explain UPDATE sbtest3 SET k=k+1 WHERE id=649342
	Update on sbtest3  (cost=0.43..8.46 rows=0 width=0)
	  ->  Index Scan using sbtest3_pkey on sbtest3  (cost=0.43..8.46 rows=1 width=10)
	        Index Cond: (id = 649342)

table 4 : explain UPDATE sbtest4 SET k=k+1 WHERE id=2790980
	Update on sbtest4  (cost=0.43..8.46 rows=0 width=0)
	  ->  Index Scan using sbtest4_pkey on sbtest4  (cost=0.43..8.46 rows=1 width=10)
	        Index Cond: (id = 2790980)

table 5 : explain UPDATE sbtest5 SET k=k+1 WHERE id=8032460
	Update on sbtest5  (cost=0.43..8.46 rows=0 width=0)
	  ->  Index Scan using sbtest5_pkey on sbtest5  (cost=0.43..8.46 rows=1 width=10)
	        Index Cond: (id = 8032460)

table 6 : explain UPDATE sbtest6 SET k=k+1 WHERE id=7055317
	Update on sbtest6  (cost=0.43..8.46 rows=0 width=0)
	  ->  Index Scan using sbtest6_pkey on sbtest6  (cost=0.43..8.46 rows=1 width=10)
	        Index Cond: (id = 7055317)

table 7 : explain UPDATE sbtest7 SET k=k+1 WHERE id=5027923
	Update on sbtest7  (cost=0.43..8.46 rows=0 width=0)
	  ->  Index Scan using sbtest7_pkey on sbtest7  (cost=0.43..8.46 rows=1 width=10)
	        Index Cond: (id = 5027923)

table 8 : explain UPDATE sbtest8 SET k=k+1 WHERE id=6069708
	Update on sbtest8  (cost=0.43..8.46 rows=0 width=0)
	  ->  Index Scan using sbtest8_pkey on sbtest8  (cost=0.43..8.46 rows=1 width=10)
	        Index Cond: (id = 6069708)

for index_updates
table 1 : explain UPDATE sbtest1 SET k=k+1 WHERE id=2517952
	Update on sbtest1  (cost=0.43..8.46 rows=0 width=0)
	  ->  Index Scan using sbtest1_pkey on sbtest1  (cost=0.43..8.46 rows=1 width=10)
	        Index Cond: (id = 2517952)

table 2 : explain UPDATE sbtest2 SET k=k+1 WHERE id=4020448
	Update on sbtest2  (cost=0.43..8.46 rows=0 width=0)
	  ->  Index Scan using sbtest2_pkey on sbtest2  (cost=0.43..8.46 rows=1 width=10)
	        Index Cond: (id = 4020448)

table 3 : explain UPDATE sbtest3 SET k=k+1 WHERE id=408831
	Update on sbtest3  (cost=0.43..8.46 rows=0 width=0)
	  ->  Index Scan using sbtest3_pkey on sbtest3  (cost=0.43..8.46 rows=1 width=10)
	        Index Cond: (id = 408831)

table 4 : explain UPDATE sbtest4 SET k=k+1 WHERE id=635656
	Update on sbtest4  (cost=0.43..8.46 rows=0 width=0)
	  ->  Index Scan using sbtest4_pkey on sbtest4  (cost=0.43..8.46 rows=1 width=10)
	        Index Cond: (id = 635656)

table 5 : explain UPDATE sbtest5 SET k=k+1 WHERE id=1317046
	Update on sbtest5  (cost=0.43..8.46 rows=0 width=0)
	  ->  Index Scan using sbtest5_pkey on sbtest5  (cost=0.43..8.46 rows=1 width=10)
	        Index Cond: (id = 1317046)

table 6 : explain UPDATE sbtest6 SET k=k+1 WHERE id=6247041
	Update on sbtest6  (cost=0.43..8.46 rows=0 width=0)
	  ->  Index Scan using sbtest6_pkey on sbtest6  (cost=0.43..8.46 rows=1 width=10)
	        Index Cond: (id = 6247041)

table 7 : explain UPDATE sbtest7 SET k=k+1 WHERE id=3110946
	Update on sbtest7  (cost=0.43..8.46 rows=0 width=0)
	  ->  Index Scan using sbtest7_pkey on sbtest7  (cost=0.43..8.46 rows=1 width=10)
	        Index Cond: (id = 3110946)

table 8 : explain UPDATE sbtest8 SET k=k+1 WHERE id=2988827
	Update on sbtest8  (cost=0.43..8.46 rows=0 width=0)
	  ->  Index Scan using sbtest8_pkey on sbtest8  (cost=0.43..8.46 rows=1 width=10)
	        Index Cond: (id = 2988827)

explain: for index_updates :: explain UPDATE sbtest%u SET k=k+1 WHERE id=%u
for index_updates
table 1 : explain UPDATE sbtest1 SET k=k+1 WHERE id=2578195
	Update on sbtest1  (cost=0.43..8.46 rows=0 width=0)
	  ->  Index Scan using sbtest1_pkey on sbtest1  (cost=0.43..8.46 rows=1 width=10)
	        Index Cond: (id = 2578195)

table 2 : explain UPDATE sbtest2 SET k=k+1 WHERE id=7142846
	Update on sbtest2  (cost=0.43..8.46 rows=0 width=0)
	  ->  Index Scan using sbtest2_pkey on sbtest2  (cost=0.43..8.46 rows=1 width=10)
	        Index Cond: (id = 7142846)

table 3 : explain UPDATE sbtest3 SET k=k+1 WHERE id=9084959
	Update on sbtest3  (cost=0.43..8.46 rows=0 width=0)
	  ->  Index Scan using sbtest3_pkey on sbtest3  (cost=0.43..8.46 rows=1 width=10)
	        Index Cond: (id = 9084959)

table 4 : explain UPDATE sbtest4 SET k=k+1 WHERE id=7061063
	Update on sbtest4  (cost=0.43..8.46 rows=0 width=0)
	  ->  Index Scan using sbtest4_pkey on sbtest4  (cost=0.43..8.46 rows=1 width=10)
	        Index Cond: (id = 7061063)

table 5 : explain UPDATE sbtest5 SET k=k+1 WHERE id=2749344
	Update on sbtest5  (cost=0.43..8.46 rows=0 width=0)
	  ->  Index Scan using sbtest5_pkey on sbtest5  (cost=0.43..8.46 rows=1 width=10)
	        Index Cond: (id = 2749344)

table 6 : explain UPDATE sbtest6 SET k=k+1 WHERE id=8140910
	Update on sbtest6  (cost=0.43..8.46 rows=0 width=0)
	  ->  Index Scan using sbtest6_pkey on sbtest6  (cost=0.43..8.46 rows=1 width=10)
	        Index Cond: (id = 8140910)

table 7 : explain UPDATE sbtest7 SET k=k+1 WHERE id=9867563
	Update on sbtest7  (cost=0.43..8.46 rows=0 width=0)
	  ->  Index Scan using sbtest7_pkey on sbtest7  (cost=0.43..8.46 rows=1 width=10)
	        Index Cond: (id = 9867563)

table 8 : explain UPDATE sbtest8 SET k=k+1 WHERE id=3033094
	Update on sbtest8  (cost=0.43..8.46 rows=0 width=0)
	  ->  Index Scan using sbtest8_pkey on sbtest8  (cost=0.43..8.46 rows=1 width=10)
	        Index Cond: (id = 3033094)

for index_updates
table 1 : explain UPDATE sbtest1 SET k=k+1 WHERE id=3769879
	Update on sbtest1  (cost=0.43..8.46 rows=0 width=0)
	  ->  Index Scan using sbtest1_pkey on sbtest1  (cost=0.43..8.46 rows=1 width=10)
	        Index Cond: (id = 3769879)

table 2 : explain UPDATE sbtest2 SET k=k+1 WHERE id=587027
	Update on sbtest2  (cost=0.43..8.46 rows=0 width=0)
	  ->  Index Scan using sbtest2_pkey on sbtest2  (cost=0.43..8.46 rows=1 width=10)
	        Index Cond: (id = 587027)

table 3 : explain UPDATE sbtest3 SET k=k+1 WHERE id=555581
	Update on sbtest3  (cost=0.43..8.46 rows=0 width=0)
	  ->  Index Scan using sbtest3_pkey on sbtest3  (cost=0.43..8.46 rows=1 width=10)
	        Index Cond: (id = 555581)

table 4 : explain UPDATE sbtest4 SET k=k+1 WHERE id=1195423
	Update on sbtest4  (cost=0.43..8.46 rows=0 width=0)
	  ->  Index Scan using sbtest4_pkey on sbtest4  (cost=0.43..8.46 rows=1 width=10)
	        Index Cond: (id = 1195423)

table 5 : explain UPDATE sbtest5 SET k=k+1 WHERE id=8213625
	Update on sbtest5  (cost=0.43..8.46 rows=0 width=0)
	  ->  Index Scan using sbtest5_pkey on sbtest5  (cost=0.43..8.46 rows=1 width=10)
	        Index Cond: (id = 8213625)

table 6 : explain UPDATE sbtest6 SET k=k+1 WHERE id=2323311
	Update on sbtest6  (cost=0.43..8.46 rows=0 width=0)
	  ->  Index Scan using sbtest6_pkey on sbtest6  (cost=0.43..8.46 rows=1 width=10)
	        Index Cond: (id = 2323311)

table 7 : explain UPDATE sbtest7 SET k=k+1 WHERE id=1362955
	Update on sbtest7  (cost=0.43..8.46 rows=0 width=0)
	  ->  Index Scan using sbtest7_pkey on sbtest7  (cost=0.43..8.46 rows=1 width=10)
	        Index Cond: (id = 1362955)

table 8 : explain UPDATE sbtest8 SET k=k+1 WHERE id=6930151
	Update on sbtest8  (cost=0.43..8.46 rows=0 width=0)
	  ->  Index Scan using sbtest8_pkey on sbtest8  (cost=0.43..8.46 rows=1 width=10)
	        Index Cond: (id = 6930151)

explain: for index_updates :: explain UPDATE sbtest%u SET k=k+1 WHERE id=%u
for index_updates
table 1 : explain UPDATE sbtest1 SET k=k+1 WHERE id=876729
	Update on sbtest1  (cost=0.43..8.46 rows=0 width=0)
	  ->  Index Scan using sbtest1_pkey on sbtest1  (cost=0.43..8.46 rows=1 width=10)
	        Index Cond: (id = 876729)

table 2 : explain UPDATE sbtest2 SET k=k+1 WHERE id=3546495
	Update on sbtest2  (cost=0.43..8.46 rows=0 width=0)
	  ->  Index Scan using sbtest2_pkey on sbtest2  (cost=0.43..8.46 rows=1 width=10)
	        Index Cond: (id = 3546495)

table 3 : explain UPDATE sbtest3 SET k=k+1 WHERE id=958706
	Update on sbtest3  (cost=0.43..8.46 rows=0 width=0)
	  ->  Index Scan using sbtest3_pkey on sbtest3  (cost=0.43..8.46 rows=1 width=10)
	        Index Cond: (id = 958706)

table 4 : explain UPDATE sbtest4 SET k=k+1 WHERE id=6140007
	Update on sbtest4  (cost=0.43..8.46 rows=0 width=0)
	  ->  Index Scan using sbtest4_pkey on sbtest4  (cost=0.43..8.46 rows=1 width=10)
	        Index Cond: (id = 6140007)

table 5 : explain UPDATE sbtest5 SET k=k+1 WHERE id=12779
	Update on sbtest5  (cost=0.43..8.46 rows=0 width=0)
	  ->  Index Scan using sbtest5_pkey on sbtest5  (cost=0.43..8.46 rows=1 width=10)
	        Index Cond: (id = 12779)

table 6 : explain UPDATE sbtest6 SET k=k+1 WHERE id=4704021
	Update on sbtest6  (cost=0.43..8.46 rows=0 width=0)
	  ->  Index Scan using sbtest6_pkey on sbtest6  (cost=0.43..8.46 rows=1 width=10)
	        Index Cond: (id = 4704021)

table 7 : explain UPDATE sbtest7 SET k=k+1 WHERE id=7472089
	Update on sbtest7  (cost=0.43..8.46 rows=0 width=0)
	  ->  Index Scan using sbtest7_pkey on sbtest7  (cost=0.43..8.46 rows=1 width=10)
	        Index Cond: (id = 7472089)

table 8 : explain UPDATE sbtest8 SET k=k+1 WHERE id=1114933
	Update on sbtest8  (cost=0.43..8.46 rows=0 width=0)
	  ->  Index Scan using sbtest8_pkey on sbtest8  (cost=0.43..8.46 rows=1 width=10)
	        Index Cond: (id = 1114933)

for index_updates
table 1 : explain UPDATE sbtest1 SET k=k+1 WHERE id=761401
	Update on sbtest1  (cost=0.43..8.46 rows=0 width=0)
	  ->  Index Scan using sbtest1_pkey on sbtest1  (cost=0.43..8.46 rows=1 width=10)
	        Index Cond: (id = 761401)

table 2 : explain UPDATE sbtest2 SET k=k+1 WHERE id=8844501
	Update on sbtest2  (cost=0.43..8.46 rows=0 width=0)
	  ->  Index Scan using sbtest2_pkey on sbtest2  (cost=0.43..8.46 rows=1 width=10)
	        Index Cond: (id = 8844501)

table 3 : explain UPDATE sbtest3 SET k=k+1 WHERE id=1704293
	Update on sbtest3  (cost=0.43..8.46 rows=0 width=0)
	  ->  Index Scan using sbtest3_pkey on sbtest3  (cost=0.43..8.46 rows=1 width=10)
	        Index Cond: (id = 1704293)

table 4 : explain UPDATE sbtest4 SET k=k+1 WHERE id=2482242
	Update on sbtest4  (cost=0.43..8.46 rows=0 width=0)
	  ->  Index Scan using sbtest4_pkey on sbtest4  (cost=0.43..8.46 rows=1 width=10)
	        Index Cond: (id = 2482242)

table 5 : explain UPDATE sbtest5 SET k=k+1 WHERE id=9095090
	Update on sbtest5  (cost=0.43..8.46 rows=0 width=0)
	  ->  Index Scan using sbtest5_pkey on sbtest5  (cost=0.43..8.46 rows=1 width=10)
	        Index Cond: (id = 9095090)

table 6 : explain UPDATE sbtest6 SET k=k+1 WHERE id=478292
	Update on sbtest6  (cost=0.43..8.46 rows=0 width=0)
	  ->  Index Scan using sbtest6_pkey on sbtest6  (cost=0.43..8.46 rows=1 width=10)
	        Index Cond: (id = 478292)

table 7 : explain UPDATE sbtest7 SET k=k+1 WHERE id=5212138
	Update on sbtest7  (cost=0.43..8.46 rows=0 width=0)
	  ->  Index Scan using sbtest7_pkey on sbtest7  (cost=0.43..8.46 rows=1 width=10)
	        Index Cond: (id = 5212138)

table 8 : explain UPDATE sbtest8 SET k=k+1 WHERE id=2139512
	Update on sbtest8  (cost=0.43..8.46 rows=0 width=0)
	  ->  Index Scan using sbtest8_pkey on sbtest8  (cost=0.43..8.46 rows=1 width=10)
	        Index Cond: (id = 2139512)

for index_updates
table 1 : explain UPDATE sbtest1 SET k=k+1 WHERE id=932834
	Update on sbtest1  (cost=0.43..8.46 rows=0 width=0)
	  ->  Index Scan using sbtest1_pkey on sbtest1  (cost=0.43..8.46 rows=1 width=10)
	        Index Cond: (id = 932834)

table 2 : explain UPDATE sbtest2 SET k=k+1 WHERE id=4086589
	Update on sbtest2  (cost=0.43..8.46 rows=0 width=0)
	  ->  Index Scan using sbtest2_pkey on sbtest2  (cost=0.43..8.46 rows=1 width=10)
	        Index Cond: (id = 4086589)

table 3 : explain UPDATE sbtest3 SET k=k+1 WHERE id=9031892
	Update on sbtest3  (cost=0.43..8.46 rows=0 width=0)
	  ->  Index Scan using sbtest3_pkey on sbtest3  (cost=0.43..8.46 rows=1 width=10)
	        Index Cond: (id = 9031892)

table 4 : explain UPDATE sbtest4 SET k=k+1 WHERE id=4599266
	Update on sbtest4  (cost=0.43..8.46 rows=0 width=0)
	  ->  Index Scan using sbtest4_pkey on sbtest4  (cost=0.43..8.46 rows=1 width=10)
	        Index Cond: (id = 4599266)

table 5 : explain UPDATE sbtest5 SET k=k+1 WHERE id=9747651
	Update on sbtest5  (cost=0.43..8.46 rows=0 width=0)
	  ->  Index Scan using sbtest5_pkey on sbtest5  (cost=0.43..8.46 rows=1 width=10)
	        Index Cond: (id = 9747651)

table 6 : explain UPDATE sbtest6 SET k=k+1 WHERE id=6927743
	Update on sbtest6  (cost=0.43..8.46 rows=0 width=0)
	  ->  Index Scan using sbtest6_pkey on sbtest6  (cost=0.43..8.46 rows=1 width=10)
	        Index Cond: (id = 6927743)

table 7 : explain UPDATE sbtest7 SET k=k+1 WHERE id=7124644
	Update on sbtest7  (cost=0.43..8.46 rows=0 width=0)
	  ->  Index Scan using sbtest7_pkey on sbtest7  (cost=0.43..8.46 rows=1 width=10)
	        Index Cond: (id = 7124644)

table 8 : explain UPDATE sbtest8 SET k=k+1 WHERE id=7410667
	Update on sbtest8  (cost=0.43..8.46 rows=0 width=0)
	  ->  Index Scan using sbtest8_pkey on sbtest8  (cost=0.43..8.46 rows=1 width=10)
	        Index Cond: (id = 7410667)

explain: for index_updates :: explain UPDATE sbtest%u SET k=k+1 WHERE id=%u
for index_updates
table 1 : explain UPDATE sbtest1 SET k=k+1 WHERE id=6706747
	Update on sbtest1  (cost=0.43..8.46 rows=0 width=0)
	  ->  Index Scan using sbtest1_pkey on sbtest1  (cost=0.43..8.46 rows=1 width=10)
	        Index Cond: (id = 6706747)

table 2 : explain UPDATE sbtest2 SET k=k+1 WHERE id=4161530
	Update on sbtest2  (cost=0.43..8.46 rows=0 width=0)
	  ->  Index Scan using sbtest2_pkey on sbtest2  (cost=0.43..8.46 rows=1 width=10)
	        Index Cond: (id = 4161530)

table 3 : explain UPDATE sbtest3 SET k=k+1 WHERE id=5068382
	Update on sbtest3  (cost=0.43..8.46 rows=0 width=0)
	  ->  Index Scan using sbtest3_pkey on sbtest3  (cost=0.43..8.46 rows=1 width=10)
	        Index Cond: (id = 5068382)

table 4 : explain UPDATE sbtest4 SET k=k+1 WHERE id=3201859
	Update on sbtest4  (cost=0.43..8.46 rows=0 width=0)
	  ->  Index Scan using sbtest4_pkey on sbtest4  (cost=0.43..8.46 rows=1 width=10)
	        Index Cond: (id = 3201859)

table 5 : explain UPDATE sbtest5 SET k=k+1 WHERE id=8080113
	Update on sbtest5  (cost=0.43..8.46 rows=0 width=0)
	  ->  Index Scan using sbtest5_pkey on sbtest5  (cost=0.43..8.46 rows=1 width=10)
	        Index Cond: (id = 8080113)

table 6 : explain UPDATE sbtest6 SET k=k+1 WHERE id=6174261
	Update on sbtest6  (cost=0.43..8.46 rows=0 width=0)
	  ->  Index Scan using sbtest6_pkey on sbtest6  (cost=0.43..8.46 rows=1 width=10)
	        Index Cond: (id = 6174261)

table 7 : explain UPDATE sbtest7 SET k=k+1 WHERE id=2101526
	Update on sbtest7  (cost=0.43..8.46 rows=0 width=0)
	  ->  Index Scan using sbtest7_pkey on sbtest7  (cost=0.43..8.46 rows=1 width=10)
	        Index Cond: (id = 2101526)

table 8 : explain UPDATE sbtest8 SET k=k+1 WHERE id=1856879
	Update on sbtest8  (cost=0.43..8.46 rows=0 width=0)
	  ->  Index Scan using sbtest8_pkey on sbtest8  (cost=0.43..8.46 rows=1 width=10)
	        Index Cond: (id = 1856879)

for index_updates
table 1 : explain UPDATE sbtest1 SET k=k+1 WHERE id=5757164
	Update on sbtest1  (cost=0.43..8.46 rows=0 width=0)
	  ->  Index Scan using sbtest1_pkey on sbtest1  (cost=0.43..8.46 rows=1 width=10)
	        Index Cond: (id = 5757164)

table 2 : explain UPDATE sbtest2 SET k=k+1 WHERE id=9973988
	Update on sbtest2  (cost=0.43..8.46 rows=0 width=0)
	  ->  Index Scan using sbtest2_pkey on sbtest2  (cost=0.43..8.46 rows=1 width=10)
	        Index Cond: (id = 9973988)

table 3 : explain UPDATE sbtest3 SET k=k+1 WHERE id=3985131
	Update on sbtest3  (cost=0.43..8.46 rows=0 width=0)
	  ->  Index Scan using sbtest3_pkey on sbtest3  (cost=0.43..8.46 rows=1 width=10)
	        Index Cond: (id = 3985131)

table 4 : explain UPDATE sbtest4 SET k=k+1 WHERE id=8686399
	Update on sbtest4  (cost=0.43..8.46 rows=0 width=0)
	  ->  Index Scan using sbtest4_pkey on sbtest4  (cost=0.43..8.46 rows=1 width=10)
	        Index Cond: (id = 8686399)

table 5 : explain UPDATE sbtest5 SET k=k+1 WHERE id=501343
	Update on sbtest5  (cost=0.43..8.46 rows=0 width=0)
	  ->  Index Scan using sbtest5_pkey on sbtest5  (cost=0.43..8.46 rows=1 width=10)
	        Index Cond: (id = 501343)

table 6 : explain UPDATE sbtest6 SET k=k+1 WHERE id=7917293
	Update on sbtest6  (cost=0.43..8.46 rows=0 width=0)
	  ->  Index Scan using sbtest6_pkey on sbtest6  (cost=0.43..8.46 rows=1 width=10)
	        Index Cond: (id = 7917293)

table 7 : explain UPDATE sbtest7 SET k=k+1 WHERE id=8514873
	Update on sbtest7  (cost=0.43..8.46 rows=0 width=0)
	  ->  Index Scan using sbtest7_pkey on sbtest7  (cost=0.43..8.46 rows=1 width=10)
	        Index Cond: (id = 8514873)

table 8 : explain UPDATE sbtest8 SET k=k+1 WHERE id=4266661
	Update on sbtest8  (cost=0.43..8.46 rows=0 width=0)
	  ->  Index Scan using sbtest8_pkey on sbtest8  (cost=0.43..8.46 rows=1 width=10)
	        Index Cond: (id = 4266661)

explain: for index_updates :: explain UPDATE sbtest%u SET k=k+1 WHERE id=%u
for index_updates
table 1 : explain UPDATE sbtest1 SET k=k+1 WHERE id=6623732
	Update on sbtest1  (cost=0.43..8.46 rows=0 width=0)
	  ->  Index Scan using sbtest1_pkey on sbtest1  (cost=0.43..8.46 rows=1 width=10)
	        Index Cond: (id = 6623732)

table 2 : explain UPDATE sbtest2 SET k=k+1 WHERE id=4604808
	Update on sbtest2  (cost=0.43..8.46 rows=0 width=0)
	  ->  Index Scan using sbtest2_pkey on sbtest2  (cost=0.43..8.46 rows=1 width=10)
	        Index Cond: (id = 4604808)

table 3 : explain UPDATE sbtest3 SET k=k+1 WHERE id=9074944
	Update on sbtest3  (cost=0.43..8.46 rows=0 width=0)
	  ->  Index Scan using sbtest3_pkey on sbtest3  (cost=0.43..8.46 rows=1 width=10)
	        Index Cond: (id = 9074944)

table 4 : explain UPDATE sbtest4 SET k=k+1 WHERE id=5878599
	Update on sbtest4  (cost=0.43..8.46 rows=0 width=0)
	  ->  Index Scan using sbtest4_pkey on sbtest4  (cost=0.43..8.46 rows=1 width=10)
	        Index Cond: (id = 5878599)

table 5 : explain UPDATE sbtest5 SET k=k+1 WHERE id=6758940
	Update on sbtest5  (cost=0.43..8.46 rows=0 width=0)
	  ->  Index Scan using sbtest5_pkey on sbtest5  (cost=0.43..8.46 rows=1 width=10)
	        Index Cond: (id = 6758940)

table 6 : explain UPDATE sbtest6 SET k=k+1 WHERE id=8459959
	Update on sbtest6  (cost=0.43..8.46 rows=0 width=0)
	  ->  Index Scan using sbtest6_pkey on sbtest6  (cost=0.43..8.46 rows=1 width=10)
	        Index Cond: (id = 8459959)

table 7 : explain UPDATE sbtest7 SET k=k+1 WHERE id=5902138
	Update on sbtest7  (cost=0.43..8.46 rows=0 width=0)
	  ->  Index Scan using sbtest7_pkey on sbtest7  (cost=0.43..8.46 rows=1 width=10)
	        Index Cond: (id = 5902138)

table 8 : explain UPDATE sbtest8 SET k=k+1 WHERE id=3494543
	Update on sbtest8  (cost=0.43..8.46 rows=0 width=0)
	  ->  Index Scan using sbtest8_pkey on sbtest8  (cost=0.43..8.46 rows=1 width=10)
	        Index Cond: (id = 3494543)

explain: for index_updates :: explain UPDATE sbtest%u SET k=k+1 WHERE id=%u
explain: for index_updates :: explain UPDATE sbtest%u SET k=k+1 WHERE id=%u
explain: for index_updates :: explain UPDATE sbtest%u SET k=k+1 WHERE id=%u
for index_updates
table 1 : explain UPDATE sbtest1 SET k=k+1 WHERE id=906712
	Update on sbtest1  (cost=0.43..8.46 rows=0 width=0)
	  ->  Index Scan using sbtest1_pkey on sbtest1  (cost=0.43..8.46 rows=1 width=10)
	        Index Cond: (id = 906712)

table 2 : explain UPDATE sbtest2 SET k=k+1 WHERE id=4420778
	Update on sbtest2  (cost=0.43..8.46 rows=0 width=0)
	  ->  Index Scan using sbtest2_pkey on sbtest2  (cost=0.43..8.46 rows=1 width=10)
	        Index Cond: (id = 4420778)

table 3 : explain UPDATE sbtest3 SET k=k+1 WHERE id=3360629
	Update on sbtest3  (cost=0.43..8.46 rows=0 width=0)
	  ->  Index Scan using sbtest3_pkey on sbtest3  (cost=0.43..8.46 rows=1 width=10)
	        Index Cond: (id = 3360629)

table 4 : explain UPDATE sbtest4 SET k=k+1 WHERE id=33394
	Update on sbtest4  (cost=0.43..8.46 rows=0 width=0)
	  ->  Index Scan using sbtest4_pkey on sbtest4  (cost=0.43..8.46 rows=1 width=10)
	        Index Cond: (id = 33394)

table 5 : explain UPDATE sbtest5 SET k=k+1 WHERE id=9853038
	Update on sbtest5  (cost=0.43..8.46 rows=0 width=0)
	  ->  Index Scan using sbtest5_pkey on sbtest5  (cost=0.43..8.46 rows=1 width=10)
	        Index Cond: (id = 9853038)

table 6 : explain UPDATE sbtest6 SET k=k+1 WHERE id=9261061
	Update on sbtest6  (cost=0.43..8.46 rows=0 width=0)
	  ->  Index Scan using sbtest6_pkey on sbtest6  (cost=0.43..8.46 rows=1 width=10)
	        Index Cond: (id = 9261061)

table 7 : explain UPDATE sbtest7 SET k=k+1 WHERE id=9732920
	Update on sbtest7  (cost=0.43..8.46 rows=0 width=0)
	  ->  Index Scan using sbtest7_pkey on sbtest7  (cost=0.43..8.46 rows=1 width=10)
	        Index Cond: (id = 9732920)

table 8 : explain UPDATE sbtest8 SET k=k+1 WHERE id=2765902
	Update on sbtest8  (cost=0.43..8.46 rows=0 width=0)
	  ->  Index Scan using sbtest8_pkey on sbtest8  (cost=0.43..8.46 rows=1 width=10)
	        Index Cond: (id = 2765902)

explain: for index_updates :: explain UPDATE sbtest%u SET k=k+1 WHERE id=%u
explain: for index_updates :: explain UPDATE sbtest%u SET k=k+1 WHERE id=%u
for index_updates
table 1 : explain UPDATE sbtest1 SET k=k+1 WHERE id=7728844
	Update on sbtest1  (cost=0.43..8.46 rows=0 width=0)
	  ->  Index Scan using sbtest1_pkey on sbtest1  (cost=0.43..8.46 rows=1 width=10)
	        Index Cond: (id = 7728844)

table 2 : explain UPDATE sbtest2 SET k=k+1 WHERE id=573588
	Update on sbtest2  (cost=0.43..8.46 rows=0 width=0)
	  ->  Index Scan using sbtest2_pkey on sbtest2  (cost=0.43..8.46 rows=1 width=10)
	        Index Cond: (id = 573588)

table 3 : explain UPDATE sbtest3 SET k=k+1 WHERE id=6729159
	Update on sbtest3  (cost=0.43..8.46 rows=0 width=0)
	  ->  Index Scan using sbtest3_pkey on sbtest3  (cost=0.43..8.46 rows=1 width=10)
	        Index Cond: (id = 6729159)

table 4 : explain UPDATE sbtest4 SET k=k+1 WHERE id=2189689
	Update on sbtest4  (cost=0.43..8.46 rows=0 width=0)
	  ->  Index Scan using sbtest4_pkey on sbtest4  (cost=0.43..8.46 rows=1 width=10)
	        Index Cond: (id = 2189689)

table 5 : explain UPDATE sbtest5 SET k=k+1 WHERE id=8204014
	Update on sbtest5  (cost=0.43..8.46 rows=0 width=0)
	  ->  Index Scan using sbtest5_pkey on sbtest5  (cost=0.43..8.46 rows=1 width=10)
	        Index Cond: (id = 8204014)

table 6 : explain UPDATE sbtest6 SET k=k+1 WHERE id=9676418
	Update on sbtest6  (cost=0.43..8.46 rows=0 width=0)
	  ->  Index Scan using sbtest6_pkey on sbtest6  (cost=0.43..8.46 rows=1 width=10)
	        Index Cond: (id = 9676418)

table 7 : explain UPDATE sbtest7 SET k=k+1 WHERE id=9128092
	Update on sbtest7  (cost=0.43..8.46 rows=0 width=0)
	  ->  Index Scan using sbtest7_pkey on sbtest7  (cost=0.43..8.46 rows=1 width=10)
	        Index Cond: (id = 9128092)

table 8 : explain UPDATE sbtest8 SET k=k+1 WHERE id=604625
	Update on sbtest8  (cost=0.43..8.46 rows=0 width=0)
	  ->  Index Scan using sbtest8_pkey on sbtest8  (cost=0.43..8.46 rows=1 width=10)
	        Index Cond: (id = 604625)

for index_updates
table 1 : explain UPDATE sbtest1 SET k=k+1 WHERE id=4156345
	Update on sbtest1  (cost=0.43..8.46 rows=0 width=0)
	  ->  Index Scan using sbtest1_pkey on sbtest1  (cost=0.43..8.46 rows=1 width=10)
	        Index Cond: (id = 4156345)

table 2 : explain UPDATE sbtest2 SET k=k+1 WHERE id=3555196
	Update on sbtest2  (cost=0.43..8.46 rows=0 width=0)
	  ->  Index Scan using sbtest2_pkey on sbtest2  (cost=0.43..8.46 rows=1 width=10)
	        Index Cond: (id = 3555196)

table 3 : explain UPDATE sbtest3 SET k=k+1 WHERE id=6278849
	Update on sbtest3  (cost=0.43..8.46 rows=0 width=0)
	  ->  Index Scan using sbtest3_pkey on sbtest3  (cost=0.43..8.46 rows=1 width=10)
	        Index Cond: (id = 6278849)

table 4 : explain UPDATE sbtest4 SET k=k+1 WHERE id=7770330
	Update on sbtest4  (cost=0.43..8.46 rows=0 width=0)
	  ->  Index Scan using sbtest4_pkey on sbtest4  (cost=0.43..8.46 rows=1 width=10)
	        Index Cond: (id = 7770330)

table 5 : explain UPDATE sbtest5 SET k=k+1 WHERE id=4394373
	Update on sbtest5  (cost=0.43..8.46 rows=0 width=0)
	  ->  Index Scan using sbtest5_pkey on sbtest5  (cost=0.43..8.46 rows=1 width=10)
	        Index Cond: (id = 4394373)

table 6 : explain UPDATE sbtest6 SET k=k+1 WHERE id=3777020
	Update on sbtest6  (cost=0.43..8.46 rows=0 width=0)
	  ->  Index Scan using sbtest6_pkey on sbtest6  (cost=0.43..8.46 rows=1 width=10)
	        Index Cond: (id = 3777020)

table 7 : explain UPDATE sbtest7 SET k=k+1 WHERE id=4894016
	Update on sbtest7  (cost=0.43..8.46 rows=0 width=0)
	  ->  Index Scan using sbtest7_pkey on sbtest7  (cost=0.43..8.46 rows=1 width=10)
	        Index Cond: (id = 4894016)

table 8 : explain UPDATE sbtest8 SET k=k+1 WHERE id=8794719
	Update on sbtest8  (cost=0.43..8.46 rows=0 width=0)
	  ->  Index Scan using sbtest8_pkey on sbtest8  (cost=0.43..8.46 rows=1 width=10)
	        Index Cond: (id = 8794719)

for index_updates
table 1 : explain UPDATE sbtest1 SET k=k+1 WHERE id=9954308
	Update on sbtest1  (cost=0.43..8.46 rows=0 width=0)
	  ->  Index Scan using sbtest1_pkey on sbtest1  (cost=0.43..8.46 rows=1 width=10)
	        Index Cond: (id = 9954308)

table 2 : explain UPDATE sbtest2 SET k=k+1 WHERE id=2758426
	Update on sbtest2  (cost=0.43..8.46 rows=0 width=0)
	  ->  Index Scan using sbtest2_pkey on sbtest2  (cost=0.43..8.46 rows=1 width=10)
	        Index Cond: (id = 2758426)

table 3 : explain UPDATE sbtest3 SET k=k+1 WHERE id=5641112
	Update on sbtest3  (cost=0.43..8.46 rows=0 width=0)
	  ->  Index Scan using sbtest3_pkey on sbtest3  (cost=0.43..8.46 rows=1 width=10)
	        Index Cond: (id = 5641112)

table 4 : explain UPDATE sbtest4 SET k=k+1 WHERE id=7502974
	Update on sbtest4  (cost=0.43..8.46 rows=0 width=0)
	  ->  Index Scan using sbtest4_pkey on sbtest4  (cost=0.43..8.46 rows=1 width=10)
	        Index Cond: (id = 7502974)

table 5 : explain UPDATE sbtest5 SET k=k+1 WHERE id=9642700
	Update on sbtest5  (cost=0.43..8.46 rows=0 width=0)
	  ->  Index Scan using sbtest5_pkey on sbtest5  (cost=0.43..8.46 rows=1 width=10)
	        Index Cond: (id = 9642700)

table 6 : explain UPDATE sbtest6 SET k=k+1 WHERE id=9337726
	Update on sbtest6  (cost=0.43..8.46 rows=0 width=0)
	  ->  Index Scan using sbtest6_pkey on sbtest6  (cost=0.43..8.46 rows=1 width=10)
	        Index Cond: (id = 9337726)

table 7 : explain UPDATE sbtest7 SET k=k+1 WHERE id=2482597
	Update on sbtest7  (cost=0.43..8.46 rows=0 width=0)
	  ->  Index Scan using sbtest7_pkey on sbtest7  (cost=0.43..8.46 rows=1 width=10)
	        Index Cond: (id = 2482597)

table 8 : explain UPDATE sbtest8 SET k=k+1 WHERE id=5236887
	Update on sbtest8  (cost=0.43..8.46 rows=0 width=0)
	  ->  Index Scan using sbtest8_pkey on sbtest8  (cost=0.43..8.46 rows=1 width=10)
	        Index Cond: (id = 5236887)

for index_updates
table 1 : explain UPDATE sbtest1 SET k=k+1 WHERE id=6225814
	Update on sbtest1  (cost=0.43..8.46 rows=0 width=0)
	  ->  Index Scan using sbtest1_pkey on sbtest1  (cost=0.43..8.46 rows=1 width=10)
	        Index Cond: (id = 6225814)

table 2 : explain UPDATE sbtest2 SET k=k+1 WHERE id=8805479
	Update on sbtest2  (cost=0.43..8.46 rows=0 width=0)
	  ->  Index Scan using sbtest2_pkey on sbtest2  (cost=0.43..8.46 rows=1 width=10)
	        Index Cond: (id = 8805479)

table 3 : explain UPDATE sbtest3 SET k=k+1 WHERE id=2017303
	Update on sbtest3  (cost=0.43..8.46 rows=0 width=0)
	  ->  Index Scan using sbtest3_pkey on sbtest3  (cost=0.43..8.46 rows=1 width=10)
	        Index Cond: (id = 2017303)

table 4 : explain UPDATE sbtest4 SET k=k+1 WHERE id=1199717
	Update on sbtest4  (cost=0.43..8.46 rows=0 width=0)
	  ->  Index Scan using sbtest4_pkey on sbtest4  (cost=0.43..8.46 rows=1 width=10)
	        Index Cond: (id = 1199717)

table 5 : explain UPDATE sbtest5 SET k=k+1 WHERE id=1193220
	Update on sbtest5  (cost=0.43..8.46 rows=0 width=0)
	  ->  Index Scan using sbtest5_pkey on sbtest5  (cost=0.43..8.46 rows=1 width=10)
	        Index Cond: (id = 1193220)

table 6 : explain UPDATE sbtest6 SET k=k+1 WHERE id=391486
	Update on sbtest6  (cost=0.43..8.46 rows=0 width=0)
	  ->  Index Scan using sbtest6_pkey on sbtest6  (cost=0.43..8.46 rows=1 width=10)
	        Index Cond: (id = 391486)

table 7 : explain UPDATE sbtest7 SET k=k+1 WHERE id=1881865
	Update on sbtest7  (cost=0.43..8.46 rows=0 width=0)
	  ->  Index Scan using sbtest7_pkey on sbtest7  (cost=0.43..8.46 rows=1 width=10)
	        Index Cond: (id = 1881865)

table 8 : explain UPDATE sbtest8 SET k=k+1 WHERE id=8471346
	Update on sbtest8  (cost=0.43..8.46 rows=0 width=0)
	  ->  Index Scan using sbtest8_pkey on sbtest8  (cost=0.43..8.46 rows=1 width=10)
	        Index Cond: (id = 8471346)

explain: for index_updates :: explain UPDATE sbtest%u SET k=k+1 WHERE id=%u
explain: for index_updates :: explain UPDATE sbtest%u SET k=k+1 WHERE id=%u
explain: for index_updates :: explain UPDATE sbtest%u SET k=k+1 WHERE id=%u
for index_updates
table 1 : explain UPDATE sbtest1 SET k=k+1 WHERE id=6084355
	Update on sbtest1  (cost=0.43..8.46 rows=0 width=0)
	  ->  Index Scan using sbtest1_pkey on sbtest1  (cost=0.43..8.46 rows=1 width=10)
	        Index Cond: (id = 6084355)

table 2 : explain UPDATE sbtest2 SET k=k+1 WHERE id=5269104
	Update on sbtest2  (cost=0.43..8.46 rows=0 width=0)
	  ->  Index Scan using sbtest2_pkey on sbtest2  (cost=0.43..8.46 rows=1 width=10)
	        Index Cond: (id = 5269104)

table 3 : explain UPDATE sbtest3 SET k=k+1 WHERE id=5762078
	Update on sbtest3  (cost=0.43..8.46 rows=0 width=0)
	  ->  Index Scan using sbtest3_pkey on sbtest3  (cost=0.43..8.46 rows=1 width=10)
	        Index Cond: (id = 5762078)

table 4 : explain UPDATE sbtest4 SET k=k+1 WHERE id=1626670
	Update on sbtest4  (cost=0.43..8.46 rows=0 width=0)
	  ->  Index Scan using sbtest4_pkey on sbtest4  (cost=0.43..8.46 rows=1 width=10)
	        Index Cond: (id = 1626670)

table 5 : explain UPDATE sbtest5 SET k=k+1 WHERE id=7226421
	Update on sbtest5  (cost=0.43..8.46 rows=0 width=0)
	  ->  Index Scan using sbtest5_pkey on sbtest5  (cost=0.43..8.46 rows=1 width=10)
	        Index Cond: (id = 7226421)

table 6 : explain UPDATE sbtest6 SET k=k+1 WHERE id=2458958
	Update on sbtest6  (cost=0.43..8.46 rows=0 width=0)
	  ->  Index Scan using sbtest6_pkey on sbtest6  (cost=0.43..8.46 rows=1 width=10)
	        Index Cond: (id = 2458958)

table 7 : explain UPDATE sbtest7 SET k=k+1 WHERE id=6306336
	Update on sbtest7  (cost=0.43..8.46 rows=0 width=0)
	  ->  Index Scan using sbtest7_pkey on sbtest7  (cost=0.43..8.46 rows=1 width=10)
	        Index Cond: (id = 6306336)

table 8 : explain UPDATE sbtest8 SET k=k+1 WHERE id=3767519
	Update on sbtest8  (cost=0.43..8.46 rows=0 width=0)
	  ->  Index Scan using sbtest8_pkey on sbtest8  (cost=0.43..8.46 rows=1 width=10)
	        Index Cond: (id = 3767519)

explain: for index_updates :: explain UPDATE sbtest%u SET k=k+1 WHERE id=%u
explain: for index_updates :: explain UPDATE sbtest%u SET k=k+1 WHERE id=%u
explain: for index_updates :: explain UPDATE sbtest%u SET k=k+1 WHERE id=%u
for index_updates
table 1 : explain UPDATE sbtest1 SET k=k+1 WHERE id=5148397
	Update on sbtest1  (cost=0.43..8.46 rows=0 width=0)
	  ->  Index Scan using sbtest1_pkey on sbtest1  (cost=0.43..8.46 rows=1 width=10)
	        Index Cond: (id = 5148397)

table 2 : explain UPDATE sbtest2 SET k=k+1 WHERE id=2371703
	Update on sbtest2  (cost=0.43..8.46 rows=0 width=0)
	  ->  Index Scan using sbtest2_pkey on sbtest2  (cost=0.43..8.46 rows=1 width=10)
	        Index Cond: (id = 2371703)

table 3 : explain UPDATE sbtest3 SET k=k+1 WHERE id=4071566
	Update on sbtest3  (cost=0.43..8.46 rows=0 width=0)
	  ->  Index Scan using sbtest3_pkey on sbtest3  (cost=0.43..8.46 rows=1 width=10)
	        Index Cond: (id = 4071566)

table 4 : explain UPDATE sbtest4 SET k=k+1 WHERE id=8031408
	Update on sbtest4  (cost=0.43..8.46 rows=0 width=0)
	  ->  Index Scan using sbtest4_pkey on sbtest4  (cost=0.43..8.46 rows=1 width=10)
	        Index Cond: (id = 8031408)

table 5 : explain UPDATE sbtest5 SET k=k+1 WHERE id=7632461
	Update on sbtest5  (cost=0.43..8.46 rows=0 width=0)
	  ->  Index Scan using sbtest5_pkey on sbtest5  (cost=0.43..8.46 rows=1 width=10)
	        Index Cond: (id = 7632461)

table 6 : explain UPDATE sbtest6 SET k=k+1 WHERE id=4224675
	Update on sbtest6  (cost=0.43..8.46 rows=0 width=0)
	  ->  Index Scan using sbtest6_pkey on sbtest6  (cost=0.43..8.46 rows=1 width=10)
	        Index Cond: (id = 4224675)

table 7 : explain UPDATE sbtest7 SET k=k+1 WHERE id=8419260
	Update on sbtest7  (cost=0.43..8.46 rows=0 width=0)
	  ->  Index Scan using sbtest7_pkey on sbtest7  (cost=0.43..8.46 rows=1 width=10)
	        Index Cond: (id = 8419260)

table 8 : explain UPDATE sbtest8 SET k=k+1 WHERE id=43020
	Update on sbtest8  (cost=0.43..8.46 rows=0 width=0)
	  ->  Index Scan using sbtest8_pkey on sbtest8  (cost=0.43..8.46 rows=1 width=10)
	        Index Cond: (id = 43020)

explain: for index_updates :: explain UPDATE sbtest%u SET k=k+1 WHERE id=%u
explain: for index_updates :: explain UPDATE sbtest%u SET k=k+1 WHERE id=%u
for index_updates
table 1 : explain UPDATE sbtest1 SET k=k+1 WHERE id=7415785
	Update on sbtest1  (cost=0.43..8.46 rows=0 width=0)
	  ->  Index Scan using sbtest1_pkey on sbtest1  (cost=0.43..8.46 rows=1 width=10)
	        Index Cond: (id = 7415785)

table 2 : explain UPDATE sbtest2 SET k=k+1 WHERE id=5557134
	Update on sbtest2  (cost=0.43..8.46 rows=0 width=0)
	  ->  Index Scan using sbtest2_pkey on sbtest2  (cost=0.43..8.46 rows=1 width=10)
	        Index Cond: (id = 5557134)

table 3 : explain UPDATE sbtest3 SET k=k+1 WHERE id=217856
	Update on sbtest3  (cost=0.43..8.46 rows=0 width=0)
	  ->  Index Scan using sbtest3_pkey on sbtest3  (cost=0.43..8.46 rows=1 width=10)
	        Index Cond: (id = 217856)

table 4 : explain UPDATE sbtest4 SET k=k+1 WHERE id=8827055
	Update on sbtest4  (cost=0.43..8.46 rows=0 width=0)
	  ->  Index Scan using sbtest4_pkey on sbtest4  (cost=0.43..8.46 rows=1 width=10)
	        Index Cond: (id = 8827055)

table 5 : explain UPDATE sbtest5 SET k=k+1 WHERE id=5747691
	Update on sbtest5  (cost=0.43..8.46 rows=0 width=0)
	  ->  Index Scan using sbtest5_pkey on sbtest5  (cost=0.43..8.46 rows=1 width=10)
	        Index Cond: (id = 5747691)

table 6 : explain UPDATE sbtest6 SET k=k+1 WHERE id=423453
	Update on sbtest6  (cost=0.43..8.46 rows=0 width=0)
	  ->  Index Scan using sbtest6_pkey on sbtest6  (cost=0.43..8.46 rows=1 width=10)
	        Index Cond: (id = 423453)

table 7 : explain UPDATE sbtest7 SET k=k+1 WHERE id=4046590
	Update on sbtest7  (cost=0.43..8.46 rows=0 width=0)
	  ->  Index Scan using sbtest7_pkey on sbtest7  (cost=0.43..8.46 rows=1 width=10)
	        Index Cond: (id = 4046590)

table 8 : explain UPDATE sbtest8 SET k=k+1 WHERE id=585742
	Update on sbtest8  (cost=0.43..8.46 rows=0 width=0)
	  ->  Index Scan using sbtest8_pkey on sbtest8  (cost=0.43..8.46 rows=1 width=10)
	        Index Cond: (id = 585742)

explain: for index_updates :: explain UPDATE sbtest%u SET k=k+1 WHERE id=%u
for index_updates
table 1 : explain UPDATE sbtest1 SET k=k+1 WHERE id=9924510
	Update on sbtest1  (cost=0.43..8.46 rows=0 width=0)
	  ->  Index Scan using sbtest1_pkey on sbtest1  (cost=0.43..8.46 rows=1 width=10)
	        Index Cond: (id = 9924510)

table 2 : explain UPDATE sbtest2 SET k=k+1 WHERE id=3159719
	Update on sbtest2  (cost=0.43..8.46 rows=0 width=0)
	  ->  Index Scan using sbtest2_pkey on sbtest2  (cost=0.43..8.46 rows=1 width=10)
	        Index Cond: (id = 3159719)

table 3 : explain UPDATE sbtest3 SET k=k+1 WHERE id=1026279
	Update on sbtest3  (cost=0.43..8.46 rows=0 width=0)
	  ->  Index Scan using sbtest3_pkey on sbtest3  (cost=0.43..8.46 rows=1 width=10)
	        Index Cond: (id = 1026279)

table 4 : explain UPDATE sbtest4 SET k=k+1 WHERE id=9154044
	Update on sbtest4  (cost=0.43..8.46 rows=0 width=0)
	  ->  Index Scan using sbtest4_pkey on sbtest4  (cost=0.43..8.46 rows=1 width=10)
	        Index Cond: (id = 9154044)

table 5 : explain UPDATE sbtest5 SET k=k+1 WHERE id=5281445
	Update on sbtest5  (cost=0.43..8.46 rows=0 width=0)
	  ->  Index Scan using sbtest5_pkey on sbtest5  (cost=0.43..8.46 rows=1 width=10)
	        Index Cond: (id = 5281445)

table 6 : explain UPDATE sbtest6 SET k=k+1 WHERE id=8149129
	Update on sbtest6  (cost=0.43..8.46 rows=0 width=0)
	  ->  Index Scan using sbtest6_pkey on sbtest6  (cost=0.43..8.46 rows=1 width=10)
	        Index Cond: (id = 8149129)

table 7 : explain UPDATE sbtest7 SET k=k+1 WHERE id=6377796
	Update on sbtest7  (cost=0.43..8.46 rows=0 width=0)
	  ->  Index Scan using sbtest7_pkey on sbtest7  (cost=0.43..8.46 rows=1 width=10)
	        Index Cond: (id = 6377796)

table 8 : explain UPDATE sbtest8 SET k=k+1 WHERE id=5216126
	Update on sbtest8  (cost=0.43..8.46 rows=0 width=0)
	  ->  Index Scan using sbtest8_pkey on sbtest8  (cost=0.43..8.46 rows=1 width=10)
	        Index Cond: (id = 5216126)

for index_updates
table 1 : explain UPDATE sbtest1 SET k=k+1 WHERE id=9520286
	Update on sbtest1  (cost=0.43..8.46 rows=0 width=0)
	  ->  Index Scan using sbtest1_pkey on sbtest1  (cost=0.43..8.46 rows=1 width=10)
	        Index Cond: (id = 9520286)

table 2 : explain UPDATE sbtest2 SET k=k+1 WHERE id=6301304
	Update on sbtest2  (cost=0.43..8.46 rows=0 width=0)
	  ->  Index Scan using sbtest2_pkey on sbtest2  (cost=0.43..8.46 rows=1 width=10)
	        Index Cond: (id = 6301304)

table 3 : explain UPDATE sbtest3 SET k=k+1 WHERE id=7422038
	Update on sbtest3  (cost=0.43..8.46 rows=0 width=0)
	  ->  Index Scan using sbtest3_pkey on sbtest3  (cost=0.43..8.46 rows=1 width=10)
	        Index Cond: (id = 7422038)

table 4 : explain UPDATE sbtest4 SET k=k+1 WHERE id=4657861
	Update on sbtest4  (cost=0.43..8.46 rows=0 width=0)
	  ->  Index Scan using sbtest4_pkey on sbtest4  (cost=0.43..8.46 rows=1 width=10)
	        Index Cond: (id = 4657861)

table 5 : explain UPDATE sbtest5 SET k=k+1 WHERE id=7672999
	Update on sbtest5  (cost=0.43..8.46 rows=0 width=0)
	  ->  Index Scan using sbtest5_pkey on sbtest5  (cost=0.43..8.46 rows=1 width=10)
	        Index Cond: (id = 7672999)

table 6 : explain UPDATE sbtest6 SET k=k+1 WHERE id=7899695
	Update on sbtest6  (cost=0.43..8.46 rows=0 width=0)
	  ->  Index Scan using sbtest6_pkey on sbtest6  (cost=0.43..8.46 rows=1 width=10)
	        Index Cond: (id = 7899695)

table 7 : explain UPDATE sbtest7 SET k=k+1 WHERE id=3541079
	Update on sbtest7  (cost=0.43..8.46 rows=0 width=0)
	  ->  Index Scan using sbtest7_pkey on sbtest7  (cost=0.43..8.46 rows=1 width=10)
	        Index Cond: (id = 3541079)

table 8 : explain UPDATE sbtest8 SET k=k+1 WHERE id=5791076
	Update on sbtest8  (cost=0.43..8.46 rows=0 width=0)
	  ->  Index Scan using sbtest8_pkey on sbtest8  (cost=0.43..8.46 rows=1 width=10)
	        Index Cond: (id = 5791076)

for index_updates
table 1 : explain UPDATE sbtest1 SET k=k+1 WHERE id=6386771
	Update on sbtest1  (cost=0.43..8.46 rows=0 width=0)
	  ->  Index Scan using sbtest1_pkey on sbtest1  (cost=0.43..8.46 rows=1 width=10)
	        Index Cond: (id = 6386771)

table 2 : explain UPDATE sbtest2 SET k=k+1 WHERE id=5512327
	Update on sbtest2  (cost=0.43..8.46 rows=0 width=0)
	  ->  Index Scan using sbtest2_pkey on sbtest2  (cost=0.43..8.46 rows=1 width=10)
	        Index Cond: (id = 5512327)

table 3 : explain UPDATE sbtest3 SET k=k+1 WHERE id=9736358
	Update on sbtest3  (cost=0.43..8.46 rows=0 width=0)
	  ->  Index Scan using sbtest3_pkey on sbtest3  (cost=0.43..8.46 rows=1 width=10)
	        Index Cond: (id = 9736358)

table 4 : explain UPDATE sbtest4 SET k=k+1 WHERE id=7902658
	Update on sbtest4  (cost=0.43..8.46 rows=0 width=0)
	  ->  Index Scan using sbtest4_pkey on sbtest4  (cost=0.43..8.46 rows=1 width=10)
	        Index Cond: (id = 7902658)

table 5 : explain UPDATE sbtest5 SET k=k+1 WHERE id=8492555
	Update on sbtest5  (cost=0.43..8.46 rows=0 width=0)
	  ->  Index Scan using sbtest5_pkey on sbtest5  (cost=0.43..8.46 rows=1 width=10)
	        Index Cond: (id = 8492555)

table 6 : explain UPDATE sbtest6 SET k=k+1 WHERE id=3922871
	Update on sbtest6  (cost=0.43..8.46 rows=0 width=0)
	  ->  Index Scan using sbtest6_pkey on sbtest6  (cost=0.43..8.46 rows=1 width=10)
	        Index Cond: (id = 3922871)

table 7 : explain UPDATE sbtest7 SET k=k+1 WHERE id=8358577
	Update on sbtest7  (cost=0.43..8.46 rows=0 width=0)
	  ->  Index Scan using sbtest7_pkey on sbtest7  (cost=0.43..8.46 rows=1 width=10)
	        Index Cond: (id = 8358577)

table 8 : explain UPDATE sbtest8 SET k=k+1 WHERE id=5635677
	Update on sbtest8  (cost=0.43..8.46 rows=0 width=0)
	  ->  Index Scan using sbtest8_pkey on sbtest8  (cost=0.43..8.46 rows=1 width=10)
	        Index Cond: (id = 5635677)

for index_updates
table 1 : explain UPDATE sbtest1 SET k=k+1 WHERE id=7899880
	Update on sbtest1  (cost=0.43..8.46 rows=0 width=0)
	  ->  Index Scan using sbtest1_pkey on sbtest1  (cost=0.43..8.46 rows=1 width=10)
	        Index Cond: (id = 7899880)

table 2 : explain UPDATE sbtest2 SET k=k+1 WHERE id=145663
	Update on sbtest2  (cost=0.43..8.46 rows=0 width=0)
	  ->  Index Scan using sbtest2_pkey on sbtest2  (cost=0.43..8.46 rows=1 width=10)
	        Index Cond: (id = 145663)

table 3 : explain UPDATE sbtest3 SET k=k+1 WHERE id=3923108
	Update on sbtest3  (cost=0.43..8.46 rows=0 width=0)
	  ->  Index Scan using sbtest3_pkey on sbtest3  (cost=0.43..8.46 rows=1 width=10)
	        Index Cond: (id = 3923108)

table 4 : explain UPDATE sbtest4 SET k=k+1 WHERE id=4986250
	Update on sbtest4  (cost=0.43..8.46 rows=0 width=0)
	  ->  Index Scan using sbtest4_pkey on sbtest4  (cost=0.43..8.46 rows=1 width=10)
	        Index Cond: (id = 4986250)

table 5 : explain UPDATE sbtest5 SET k=k+1 WHERE id=5911575
	Update on sbtest5  (cost=0.43..8.46 rows=0 width=0)
	  ->  Index Scan using sbtest5_pkey on sbtest5  (cost=0.43..8.46 rows=1 width=10)
	        Index Cond: (id = 5911575)

table 6 : explain UPDATE sbtest6 SET k=k+1 WHERE id=994008
	Update on sbtest6  (cost=0.43..8.46 rows=0 width=0)
	  ->  Index Scan using sbtest6_pkey on sbtest6  (cost=0.43..8.46 rows=1 width=10)
	        Index Cond: (id = 994008)

table 7 : explain UPDATE sbtest7 SET k=k+1 WHERE id=8428282
	Update on sbtest7  (cost=0.43..8.46 rows=0 width=0)
	  ->  Index Scan using sbtest7_pkey on sbtest7  (cost=0.43..8.46 rows=1 width=10)
	        Index Cond: (id = 8428282)

table 8 : explain UPDATE sbtest8 SET k=k+1 WHERE id=1811529
	Update on sbtest8  (cost=0.43..8.46 rows=0 width=0)
	  ->  Index Scan using sbtest8_pkey on sbtest8  (cost=0.43..8.46 rows=1 width=10)
	        Index Cond: (id = 1811529)

explain: for index_updates :: explain UPDATE sbtest%u SET k=k+1 WHERE id=%u
explain: for index_updates :: explain UPDATE sbtest%u SET k=k+1 WHERE id=%u
for index_updates
table 1 : explain UPDATE sbtest1 SET k=k+1 WHERE id=6636887
	Update on sbtest1  (cost=0.43..8.46 rows=0 width=0)
	  ->  Index Scan using sbtest1_pkey on sbtest1  (cost=0.43..8.46 rows=1 width=10)
	        Index Cond: (id = 6636887)

table 2 : explain UPDATE sbtest2 SET k=k+1 WHERE id=2307225
	Update on sbtest2  (cost=0.43..8.46 rows=0 width=0)
	  ->  Index Scan using sbtest2_pkey on sbtest2  (cost=0.43..8.46 rows=1 width=10)
	        Index Cond: (id = 2307225)

table 3 : explain UPDATE sbtest3 SET k=k+1 WHERE id=46530
	Update on sbtest3  (cost=0.43..8.46 rows=0 width=0)
	  ->  Index Scan using sbtest3_pkey on sbtest3  (cost=0.43..8.46 rows=1 width=10)
	        Index Cond: (id = 46530)

table 4 : explain UPDATE sbtest4 SET k=k+1 WHERE id=9599968
	Update on sbtest4  (cost=0.43..8.46 rows=0 width=0)
	  ->  Index Scan using sbtest4_pkey on sbtest4  (cost=0.43..8.46 rows=1 width=10)
	        Index Cond: (id = 9599968)

table 5 : explain UPDATE sbtest5 SET k=k+1 WHERE id=1639224
	Update on sbtest5  (cost=0.43..8.46 rows=0 width=0)
	  ->  Index Scan using sbtest5_pkey on sbtest5  (cost=0.43..8.46 rows=1 width=10)
	        Index Cond: (id = 1639224)

table 6 : explain UPDATE sbtest6 SET k=k+1 WHERE id=3539095
	Update on sbtest6  (cost=0.43..8.46 rows=0 width=0)
	  ->  Index Scan using sbtest6_pkey on sbtest6  (cost=0.43..8.46 rows=1 width=10)
	        Index Cond: (id = 3539095)

table 7 : explain UPDATE sbtest7 SET k=k+1 WHERE id=5230682
	Update on sbtest7  (cost=0.43..8.46 rows=0 width=0)
	  ->  Index Scan using sbtest7_pkey on sbtest7  (cost=0.43..8.46 rows=1 width=10)
	        Index Cond: (id = 5230682)

table 8 : explain UPDATE sbtest8 SET k=k+1 WHERE id=4022258
	Update on sbtest8  (cost=0.43..8.46 rows=0 width=0)
	  ->  Index Scan using sbtest8_pkey on sbtest8  (cost=0.43..8.46 rows=1 width=10)
	        Index Cond: (id = 4022258)

explain: for index_updates :: explain UPDATE sbtest%u SET k=k+1 WHERE id=%u
for index_updates
table 1 : explain UPDATE sbtest1 SET k=k+1 WHERE id=5233264
	Update on sbtest1  (cost=0.43..8.46 rows=0 width=0)
	  ->  Index Scan using sbtest1_pkey on sbtest1  (cost=0.43..8.46 rows=1 width=10)
	        Index Cond: (id = 5233264)

table 2 : explain UPDATE sbtest2 SET k=k+1 WHERE id=4598717
	Update on sbtest2  (cost=0.43..8.46 rows=0 width=0)
	  ->  Index Scan using sbtest2_pkey on sbtest2  (cost=0.43..8.46 rows=1 width=10)
	        Index Cond: (id = 4598717)

table 3 : explain UPDATE sbtest3 SET k=k+1 WHERE id=2471819
	Update on sbtest3  (cost=0.43..8.46 rows=0 width=0)
	  ->  Index Scan using sbtest3_pkey on sbtest3  (cost=0.43..8.46 rows=1 width=10)
	        Index Cond: (id = 2471819)

table 4 : explain UPDATE sbtest4 SET k=k+1 WHERE id=1134201
	Update on sbtest4  (cost=0.43..8.46 rows=0 width=0)
	  ->  Index Scan using sbtest4_pkey on sbtest4  (cost=0.43..8.46 rows=1 width=10)
	        Index Cond: (id = 1134201)

table 5 : explain UPDATE sbtest5 SET k=k+1 WHERE id=4733858
	Update on sbtest5  (cost=0.43..8.46 rows=0 width=0)
	  ->  Index Scan using sbtest5_pkey on sbtest5  (cost=0.43..8.46 rows=1 width=10)
	        Index Cond: (id = 4733858)

table 6 : explain UPDATE sbtest6 SET k=k+1 WHERE id=1897437
	Update on sbtest6  (cost=0.43..8.46 rows=0 width=0)
	  ->  Index Scan using sbtest6_pkey on sbtest6  (cost=0.43..8.46 rows=1 width=10)
	        Index Cond: (id = 1897437)

table 7 : explain UPDATE sbtest7 SET k=k+1 WHERE id=4023298
	Update on sbtest7  (cost=0.43..8.46 rows=0 width=0)
	  ->  Index Scan using sbtest7_pkey on sbtest7  (cost=0.43..8.46 rows=1 width=10)
	        Index Cond: (id = 4023298)

table 8 : explain UPDATE sbtest8 SET k=k+1 WHERE id=3274433
	Update on sbtest8  (cost=0.43..8.46 rows=0 width=0)
	  ->  Index Scan using sbtest8_pkey on sbtest8  (cost=0.43..8.46 rows=1 width=10)
	        Index Cond: (id = 3274433)

explain: for index_updates :: explain UPDATE sbtest%u SET k=k+1 WHERE id=%u
for index_updates
table 1 : explain UPDATE sbtest1 SET k=k+1 WHERE id=5300838
	Update on sbtest1  (cost=0.43..8.46 rows=0 width=0)
	  ->  Index Scan using sbtest1_pkey on sbtest1  (cost=0.43..8.46 rows=1 width=10)
	        Index Cond: (id = 5300838)

table 2 : explain UPDATE sbtest2 SET k=k+1 WHERE id=5484371
	Update on sbtest2  (cost=0.43..8.46 rows=0 width=0)
	  ->  Index Scan using sbtest2_pkey on sbtest2  (cost=0.43..8.46 rows=1 width=10)
	        Index Cond: (id = 5484371)

table 3 : explain UPDATE sbtest3 SET k=k+1 WHERE id=1859535
	Update on sbtest3  (cost=0.43..8.46 rows=0 width=0)
	  ->  Index Scan using sbtest3_pkey on sbtest3  (cost=0.43..8.46 rows=1 width=10)
	        Index Cond: (id = 1859535)

table 4 : explain UPDATE sbtest4 SET k=k+1 WHERE id=709165
	Update on sbtest4  (cost=0.43..8.46 rows=0 width=0)
	  ->  Index Scan using sbtest4_pkey on sbtest4  (cost=0.43..8.46 rows=1 width=10)
	        Index Cond: (id = 709165)

table 5 : explain UPDATE sbtest5 SET k=k+1 WHERE id=2828881
	Update on sbtest5  (cost=0.43..8.46 rows=0 width=0)
	  ->  Index Scan using sbtest5_pkey on sbtest5  (cost=0.43..8.46 rows=1 width=10)
	        Index Cond: (id = 2828881)

table 6 : explain UPDATE sbtest6 SET k=k+1 WHERE id=4632602
	Update on sbtest6  (cost=0.43..8.46 rows=0 width=0)
	  ->  Index Scan using sbtest6_pkey on sbtest6  (cost=0.43..8.46 rows=1 width=10)
	        Index Cond: (id = 4632602)

table 7 : explain UPDATE sbtest7 SET k=k+1 WHERE id=120323
	Update on sbtest7  (cost=0.43..8.46 rows=0 width=0)
	  ->  Index Scan using sbtest7_pkey on sbtest7  (cost=0.43..8.46 rows=1 width=10)
	        Index Cond: (id = 120323)

table 8 : explain UPDATE sbtest8 SET k=k+1 WHERE id=215727
	Update on sbtest8  (cost=0.43..8.46 rows=0 width=0)
	  ->  Index Scan using sbtest8_pkey on sbtest8  (cost=0.43..8.46 rows=1 width=10)
	        Index Cond: (id = 215727)

for index_updates
table 1 : explain UPDATE sbtest1 SET k=k+1 WHERE id=5404268
	Update on sbtest1  (cost=0.43..8.46 rows=0 width=0)
	  ->  Index Scan using sbtest1_pkey on sbtest1  (cost=0.43..8.46 rows=1 width=10)
	        Index Cond: (id = 5404268)

table 2 : explain UPDATE sbtest2 SET k=k+1 WHERE id=8421826
	Update on sbtest2  (cost=0.43..8.46 rows=0 width=0)
	  ->  Index Scan using sbtest2_pkey on sbtest2  (cost=0.43..8.46 rows=1 width=10)
	        Index Cond: (id = 8421826)

table 3 : explain UPDATE sbtest3 SET k=k+1 WHERE id=437313
	Update on sbtest3  (cost=0.43..8.46 rows=0 width=0)
	  ->  Index Scan using sbtest3_pkey on sbtest3  (cost=0.43..8.46 rows=1 width=10)
	        Index Cond: (id = 437313)

table 4 : explain UPDATE sbtest4 SET k=k+1 WHERE id=4942861
	Update on sbtest4  (cost=0.43..8.46 rows=0 width=0)
	  ->  Index Scan using sbtest4_pkey on sbtest4  (cost=0.43..8.46 rows=1 width=10)
	        Index Cond: (id = 4942861)

table 5 : explain UPDATE sbtest5 SET k=k+1 WHERE id=2409778
	Update on sbtest5  (cost=0.43..8.46 rows=0 width=0)
	  ->  Index Scan using sbtest5_pkey on sbtest5  (cost=0.43..8.46 rows=1 width=10)
	        Index Cond: (id = 2409778)

table 6 : explain UPDATE sbtest6 SET k=k+1 WHERE id=3863347
	Update on sbtest6  (cost=0.43..8.46 rows=0 width=0)
	  ->  Index Scan using sbtest6_pkey on sbtest6  (cost=0.43..8.46 rows=1 width=10)
	        Index Cond: (id = 3863347)

table 7 : explain UPDATE sbtest7 SET k=k+1 WHERE id=3380817
	Update on sbtest7  (cost=0.43..8.46 rows=0 width=0)
	  ->  Index Scan using sbtest7_pkey on sbtest7  (cost=0.43..8.46 rows=1 width=10)
	        Index Cond: (id = 3380817)

table 8 : explain UPDATE sbtest8 SET k=k+1 WHERE id=2677215
	Update on sbtest8  (cost=0.43..8.46 rows=0 width=0)
	  ->  Index Scan using sbtest8_pkey on sbtest8  (cost=0.43..8.46 rows=1 width=10)
	        Index Cond: (id = 2677215)

for index_updates
table 1 : explain UPDATE sbtest1 SET k=k+1 WHERE id=9279345
	Update on sbtest1  (cost=0.43..8.46 rows=0 width=0)
	  ->  Index Scan using sbtest1_pkey on sbtest1  (cost=0.43..8.46 rows=1 width=10)
	        Index Cond: (id = 9279345)

table 2 : explain UPDATE sbtest2 SET k=k+1 WHERE id=5847737
	Update on sbtest2  (cost=0.43..8.46 rows=0 width=0)
	  ->  Index Scan using sbtest2_pkey on sbtest2  (cost=0.43..8.46 rows=1 width=10)
	        Index Cond: (id = 5847737)

table 3 : explain UPDATE sbtest3 SET k=k+1 WHERE id=2543078
	Update on sbtest3  (cost=0.43..8.46 rows=0 width=0)
	  ->  Index Scan using sbtest3_pkey on sbtest3  (cost=0.43..8.46 rows=1 width=10)
	        Index Cond: (id = 2543078)

table 4 : explain UPDATE sbtest4 SET k=k+1 WHERE id=3159460
	Update on sbtest4  (cost=0.43..8.46 rows=0 width=0)
	  ->  Index Scan using sbtest4_pkey on sbtest4  (cost=0.43..8.46 rows=1 width=10)
	        Index Cond: (id = 3159460)

table 5 : explain UPDATE sbtest5 SET k=k+1 WHERE id=4728048
	Update on sbtest5  (cost=0.43..8.46 rows=0 width=0)
	  ->  Index Scan using sbtest5_pkey on sbtest5  (cost=0.43..8.46 rows=1 width=10)
	        Index Cond: (id = 4728048)

table 6 : explain UPDATE sbtest6 SET k=k+1 WHERE id=6099985
	Update on sbtest6  (cost=0.43..8.46 rows=0 width=0)
	  ->  Index Scan using sbtest6_pkey on sbtest6  (cost=0.43..8.46 rows=1 width=10)
	        Index Cond: (id = 6099985)

table 7 : explain UPDATE sbtest7 SET k=k+1 WHERE id=2631638
	Update on sbtest7  (cost=0.43..8.46 rows=0 width=0)
	  ->  Index Scan using sbtest7_pkey on sbtest7  (cost=0.43..8.46 rows=1 width=10)
	        Index Cond: (id = 2631638)

table 8 : explain UPDATE sbtest8 SET k=k+1 WHERE id=9674347
	Update on sbtest8  (cost=0.43..8.46 rows=0 width=0)
	  ->  Index Scan using sbtest8_pkey on sbtest8  (cost=0.43..8.46 rows=1 width=10)
	        Index Cond: (id = 9674347)

for index_updates
table 1 : explain UPDATE sbtest1 SET k=k+1 WHERE id=2968343
	Update on sbtest1  (cost=0.43..8.46 rows=0 width=0)
	  ->  Index Scan using sbtest1_pkey on sbtest1  (cost=0.43..8.46 rows=1 width=10)
	        Index Cond: (id = 2968343)

table 2 : explain UPDATE sbtest2 SET k=k+1 WHERE id=6653931
	Update on sbtest2  (cost=0.43..8.46 rows=0 width=0)
	  ->  Index Scan using sbtest2_pkey on sbtest2  (cost=0.43..8.46 rows=1 width=10)
	        Index Cond: (id = 6653931)

table 3 : explain UPDATE sbtest3 SET k=k+1 WHERE id=591704
	Update on sbtest3  (cost=0.43..8.46 rows=0 width=0)
	  ->  Index Scan using sbtest3_pkey on sbtest3  (cost=0.43..8.46 rows=1 width=10)
	        Index Cond: (id = 591704)

table 4 : explain UPDATE sbtest4 SET k=k+1 WHERE id=1614004
	Update on sbtest4  (cost=0.43..8.46 rows=0 width=0)
	  ->  Index Scan using sbtest4_pkey on sbtest4  (cost=0.43..8.46 rows=1 width=10)
	        Index Cond: (id = 1614004)

table 5 : explain UPDATE sbtest5 SET k=k+1 WHERE id=5930013
	Update on sbtest5  (cost=0.43..8.46 rows=0 width=0)
	  ->  Index Scan using sbtest5_pkey on sbtest5  (cost=0.43..8.46 rows=1 width=10)
	        Index Cond: (id = 5930013)

table 6 : explain UPDATE sbtest6 SET k=k+1 WHERE id=6447461
	Update on sbtest6  (cost=0.43..8.46 rows=0 width=0)
	  ->  Index Scan using sbtest6_pkey on sbtest6  (cost=0.43..8.46 rows=1 width=10)
	        Index Cond: (id = 6447461)

table 7 : explain UPDATE sbtest7 SET k=k+1 WHERE id=7826202
	Update on sbtest7  (cost=0.43..8.46 rows=0 width=0)
	  ->  Index Scan using sbtest7_pkey on sbtest7  (cost=0.43..8.46 rows=1 width=10)
	        Index Cond: (id = 7826202)

table 8 : explain UPDATE sbtest8 SET k=k+1 WHERE id=3273973
	Update on sbtest8  (cost=0.43..8.46 rows=0 width=0)
	  ->  Index Scan using sbtest8_pkey on sbtest8  (cost=0.43..8.46 rows=1 width=10)
	        Index Cond: (id = 3273973)

for index_updates
table 1 : explain UPDATE sbtest1 SET k=k+1 WHERE id=9864759
	Update on sbtest1  (cost=0.43..8.46 rows=0 width=0)
	  ->  Index Scan using sbtest1_pkey on sbtest1  (cost=0.43..8.46 rows=1 width=10)
	        Index Cond: (id = 9864759)

table 2 : explain UPDATE sbtest2 SET k=k+1 WHERE id=2061058
	Update on sbtest2  (cost=0.43..8.46 rows=0 width=0)
	  ->  Index Scan using sbtest2_pkey on sbtest2  (cost=0.43..8.46 rows=1 width=10)
	        Index Cond: (id = 2061058)

table 3 : explain UPDATE sbtest3 SET k=k+1 WHERE id=9082135
	Update on sbtest3  (cost=0.43..8.46 rows=0 width=0)
	  ->  Index Scan using sbtest3_pkey on sbtest3  (cost=0.43..8.46 rows=1 width=10)
	        Index Cond: (id = 9082135)

table 4 : explain UPDATE sbtest4 SET k=k+1 WHERE id=2241309
	Update on sbtest4  (cost=0.43..8.46 rows=0 width=0)
	  ->  Index Scan using sbtest4_pkey on sbtest4  (cost=0.43..8.46 rows=1 width=10)
	        Index Cond: (id = 2241309)

table 5 : explain UPDATE sbtest5 SET k=k+1 WHERE id=5616876
	Update on sbtest5  (cost=0.43..8.46 rows=0 width=0)
	  ->  Index Scan using sbtest5_pkey on sbtest5  (cost=0.43..8.46 rows=1 width=10)
	        Index Cond: (id = 5616876)

table 6 : explain UPDATE sbtest6 SET k=k+1 WHERE id=440585
	Update on sbtest6  (cost=0.43..8.46 rows=0 width=0)
	  ->  Index Scan using sbtest6_pkey on sbtest6  (cost=0.43..8.46 rows=1 width=10)
	        Index Cond: (id = 440585)

table 7 : explain UPDATE sbtest7 SET k=k+1 WHERE id=3992267
	Update on sbtest7  (cost=0.43..8.46 rows=0 width=0)
	  ->  Index Scan using sbtest7_pkey on sbtest7  (cost=0.43..8.46 rows=1 width=10)
	        Index Cond: (id = 3992267)

table 8 : explain UPDATE sbtest8 SET k=k+1 WHERE id=1836143
	Update on sbtest8  (cost=0.43..8.46 rows=0 width=0)
	  ->  Index Scan using sbtest8_pkey on sbtest8  (cost=0.43..8.46 rows=1 width=10)
	        Index Cond: (id = 1836143)

explain: for index_updates :: explain UPDATE sbtest%u SET k=k+1 WHERE id=%u
explain: for index_updates :: explain UPDATE sbtest%u SET k=k+1 WHERE id=%u
explain: for index_updates :: explain UPDATE sbtest%u SET k=k+1 WHERE id=%u
explain: for index_updates :: explain UPDATE sbtest%u SET k=k+1 WHERE id=%u
for index_updates
table 1 : explain UPDATE sbtest1 SET k=k+1 WHERE id=3634676
	Update on sbtest1  (cost=0.43..8.46 rows=0 width=0)
	  ->  Index Scan using sbtest1_pkey on sbtest1  (cost=0.43..8.46 rows=1 width=10)
	        Index Cond: (id = 3634676)

table 2 : explain UPDATE sbtest2 SET k=k+1 WHERE id=7655411
	Update on sbtest2  (cost=0.43..8.46 rows=0 width=0)
	  ->  Index Scan using sbtest2_pkey on sbtest2  (cost=0.43..8.46 rows=1 width=10)
	        Index Cond: (id = 7655411)

table 3 : explain UPDATE sbtest3 SET k=k+1 WHERE id=3000624
	Update on sbtest3  (cost=0.43..8.46 rows=0 width=0)
	  ->  Index Scan using sbtest3_pkey on sbtest3  (cost=0.43..8.46 rows=1 width=10)
	        Index Cond: (id = 3000624)

table 4 : explain UPDATE sbtest4 SET k=k+1 WHERE id=4990827
	Update on sbtest4  (cost=0.43..8.46 rows=0 width=0)
	  ->  Index Scan using sbtest4_pkey on sbtest4  (cost=0.43..8.46 rows=1 width=10)
	        Index Cond: (id = 4990827)

table 5 : explain UPDATE sbtest5 SET k=k+1 WHERE id=2289360
	Update on sbtest5  (cost=0.43..8.46 rows=0 width=0)
	  ->  Index Scan using sbtest5_pkey on sbtest5  (cost=0.43..8.46 rows=1 width=10)
	        Index Cond: (id = 2289360)

table 6 : explain UPDATE sbtest6 SET k=k+1 WHERE id=6656410
	Update on sbtest6  (cost=0.43..8.46 rows=0 width=0)
	  ->  Index Scan using sbtest6_pkey on sbtest6  (cost=0.43..8.46 rows=1 width=10)
	        Index Cond: (id = 6656410)

table 7 : explain UPDATE sbtest7 SET k=k+1 WHERE id=3221306
	Update on sbtest7  (cost=0.43..8.46 rows=0 width=0)
	  ->  Index Scan using sbtest7_pkey on sbtest7  (cost=0.43..8.46 rows=1 width=10)
	        Index Cond: (id = 3221306)

table 8 : explain UPDATE sbtest8 SET k=k+1 WHERE id=2280030
	Update on sbtest8  (cost=0.43..8.46 rows=0 width=0)
	  ->  Index Scan using sbtest8_pkey on sbtest8  (cost=0.43..8.46 rows=1 width=10)
	        Index Cond: (id = 2280030)

for index_updates
table 1 : explain UPDATE sbtest1 SET k=k+1 WHERE id=4326725
	Update on sbtest1  (cost=0.43..8.46 rows=0 width=0)
	  ->  Index Scan using sbtest1_pkey on sbtest1  (cost=0.43..8.46 rows=1 width=10)
	        Index Cond: (id = 4326725)

table 2 : explain UPDATE sbtest2 SET k=k+1 WHERE id=515849
	Update on sbtest2  (cost=0.43..8.46 rows=0 width=0)
	  ->  Index Scan using sbtest2_pkey on sbtest2  (cost=0.43..8.46 rows=1 width=10)
	        Index Cond: (id = 515849)

table 3 : explain UPDATE sbtest3 SET k=k+1 WHERE id=4672091
	Update on sbtest3  (cost=0.43..8.46 rows=0 width=0)
	  ->  Index Scan using sbtest3_pkey on sbtest3  (cost=0.43..8.46 rows=1 width=10)
	        Index Cond: (id = 4672091)

table 4 : explain UPDATE sbtest4 SET k=k+1 WHERE id=1229670
	Update on sbtest4  (cost=0.43..8.46 rows=0 width=0)
	  ->  Index Scan using sbtest4_pkey on sbtest4  (cost=0.43..8.46 rows=1 width=10)
	        Index Cond: (id = 1229670)

table 5 : explain UPDATE sbtest5 SET k=k+1 WHERE id=9171856
	Update on sbtest5  (cost=0.43..8.46 rows=0 width=0)
	  ->  Index Scan using sbtest5_pkey on sbtest5  (cost=0.43..8.46 rows=1 width=10)
	        Index Cond: (id = 9171856)

table 6 : explain UPDATE sbtest6 SET k=k+1 WHERE id=214842
	Update on sbtest6  (cost=0.43..8.46 rows=0 width=0)
	  ->  Index Scan using sbtest6_pkey on sbtest6  (cost=0.43..8.46 rows=1 width=10)
	        Index Cond: (id = 214842)

table 7 : explain UPDATE sbtest7 SET k=k+1 WHERE id=5613834
	Update on sbtest7  (cost=0.43..8.46 rows=0 width=0)
	  ->  Index Scan using sbtest7_pkey on sbtest7  (cost=0.43..8.46 rows=1 width=10)
	        Index Cond: (id = 5613834)

table 8 : explain UPDATE sbtest8 SET k=k+1 WHERE id=1382439
	Update on sbtest8  (cost=0.43..8.46 rows=0 width=0)
	  ->  Index Scan using sbtest8_pkey on sbtest8  (cost=0.43..8.46 rows=1 width=10)
	        Index Cond: (id = 1382439)

for index_updates
table 1 : explain UPDATE sbtest1 SET k=k+1 WHERE id=7465621
	Update on sbtest1  (cost=0.43..8.46 rows=0 width=0)
	  ->  Index Scan using sbtest1_pkey on sbtest1  (cost=0.43..8.46 rows=1 width=10)
	        Index Cond: (id = 7465621)

table 2 : explain UPDATE sbtest2 SET k=k+1 WHERE id=6706327
	Update on sbtest2  (cost=0.43..8.46 rows=0 width=0)
	  ->  Index Scan using sbtest2_pkey on sbtest2  (cost=0.43..8.46 rows=1 width=10)
	        Index Cond: (id = 6706327)

table 3 : explain UPDATE sbtest3 SET k=k+1 WHERE id=5921607
	Update on sbtest3  (cost=0.43..8.46 rows=0 width=0)
	  ->  Index Scan using sbtest3_pkey on sbtest3  (cost=0.43..8.46 rows=1 width=10)
	        Index Cond: (id = 5921607)

table 4 : explain UPDATE sbtest4 SET k=k+1 WHERE id=8876383
	Update on sbtest4  (cost=0.43..8.46 rows=0 width=0)
	  ->  Index Scan using sbtest4_pkey on sbtest4  (cost=0.43..8.46 rows=1 width=10)
	        Index Cond: (id = 8876383)

table 5 : explain UPDATE sbtest5 SET k=k+1 WHERE id=3004943
	Update on sbtest5  (cost=0.43..8.46 rows=0 width=0)
	  ->  Index Scan using sbtest5_pkey on sbtest5  (cost=0.43..8.46 rows=1 width=10)
	        Index Cond: (id = 3004943)

table 6 : explain UPDATE sbtest6 SET k=k+1 WHERE id=2659519
	Update on sbtest6  (cost=0.43..8.46 rows=0 width=0)
	  ->  Index Scan using sbtest6_pkey on sbtest6  (cost=0.43..8.46 rows=1 width=10)
	        Index Cond: (id = 2659519)

table 7 : explain UPDATE sbtest7 SET k=k+1 WHERE id=3232220
	Update on sbtest7  (cost=0.43..8.46 rows=0 width=0)
	  ->  Index Scan using sbtest7_pkey on sbtest7  (cost=0.43..8.46 rows=1 width=10)
	        Index Cond: (id = 3232220)

table 8 : explain UPDATE sbtest8 SET k=k+1 WHERE id=5909689
	Update on sbtest8  (cost=0.43..8.46 rows=0 width=0)
	  ->  Index Scan using sbtest8_pkey on sbtest8  (cost=0.43..8.46 rows=1 width=10)
	        Index Cond: (id = 5909689)

for index_updates
table 1 : explain UPDATE sbtest1 SET k=k+1 WHERE id=6909446
	Update on sbtest1  (cost=0.43..8.46 rows=0 width=0)
	  ->  Index Scan using sbtest1_pkey on sbtest1  (cost=0.43..8.46 rows=1 width=10)
	        Index Cond: (id = 6909446)

table 2 : explain UPDATE sbtest2 SET k=k+1 WHERE id=7539462
	Update on sbtest2  (cost=0.43..8.46 rows=0 width=0)
	  ->  Index Scan using sbtest2_pkey on sbtest2  (cost=0.43..8.46 rows=1 width=10)
	        Index Cond: (id = 7539462)

table 3 : explain UPDATE sbtest3 SET k=k+1 WHERE id=4909360
	Update on sbtest3  (cost=0.43..8.46 rows=0 width=0)
	  ->  Index Scan using sbtest3_pkey on sbtest3  (cost=0.43..8.46 rows=1 width=10)
	        Index Cond: (id = 4909360)

table 4 : explain UPDATE sbtest4 SET k=k+1 WHERE id=910156
	Update on sbtest4  (cost=0.43..8.46 rows=0 width=0)
	  ->  Index Scan using sbtest4_pkey on sbtest4  (cost=0.43..8.46 rows=1 width=10)
	        Index Cond: (id = 910156)

table 5 : explain UPDATE sbtest5 SET k=k+1 WHERE id=7259637
	Update on sbtest5  (cost=0.43..8.46 rows=0 width=0)
	  ->  Index Scan using sbtest5_pkey on sbtest5  (cost=0.43..8.46 rows=1 width=10)
	        Index Cond: (id = 7259637)

table 6 : explain UPDATE sbtest6 SET k=k+1 WHERE id=6989398
	Update on sbtest6  (cost=0.43..8.46 rows=0 width=0)
	  ->  Index Scan using sbtest6_pkey on sbtest6  (cost=0.43..8.46 rows=1 width=10)
	        Index Cond: (id = 6989398)

table 7 : explain UPDATE sbtest7 SET k=k+1 WHERE id=6251201
	Update on sbtest7  (cost=0.43..8.46 rows=0 width=0)
	  ->  Index Scan using sbtest7_pkey on sbtest7  (cost=0.43..8.46 rows=1 width=10)
	        Index Cond: (id = 6251201)

table 8 : explain UPDATE sbtest8 SET k=k+1 WHERE id=7994
	Update on sbtest8  (cost=0.43..8.46 rows=0 width=0)
	  ->  Index Scan using sbtest8_pkey on sbtest8  (cost=0.43..8.46 rows=1 width=10)
	        Index Cond: (id = 7994)

explain: for index_updates :: explain UPDATE sbtest%u SET k=k+1 WHERE id=%u
explain: for index_updates :: explain UPDATE sbtest%u SET k=k+1 WHERE id=%u
for index_updates
table 1 : explain UPDATE sbtest1 SET k=k+1 WHERE id=8244252
	Update on sbtest1  (cost=0.43..8.46 rows=0 width=0)
	  ->  Index Scan using sbtest1_pkey on sbtest1  (cost=0.43..8.46 rows=1 width=10)
	        Index Cond: (id = 8244252)

table 2 : explain UPDATE sbtest2 SET k=k+1 WHERE id=3006962
	Update on sbtest2  (cost=0.43..8.46 rows=0 width=0)
	  ->  Index Scan using sbtest2_pkey on sbtest2  (cost=0.43..8.46 rows=1 width=10)
	        Index Cond: (id = 3006962)

table 3 : explain UPDATE sbtest3 SET k=k+1 WHERE id=7516024
	Update on sbtest3  (cost=0.43..8.46 rows=0 width=0)
	  ->  Index Scan using sbtest3_pkey on sbtest3  (cost=0.43..8.46 rows=1 width=10)
	        Index Cond: (id = 7516024)

table 4 : explain UPDATE sbtest4 SET k=k+1 WHERE id=7545690
	Update on sbtest4  (cost=0.43..8.46 rows=0 width=0)
	  ->  Index Scan using sbtest4_pkey on sbtest4  (cost=0.43..8.46 rows=1 width=10)
	        Index Cond: (id = 7545690)

table 5 : explain UPDATE sbtest5 SET k=k+1 WHERE id=4406768
	Update on sbtest5  (cost=0.43..8.46 rows=0 width=0)
	  ->  Index Scan using sbtest5_pkey on sbtest5  (cost=0.43..8.46 rows=1 width=10)
	        Index Cond: (id = 4406768)

table 6 : explain UPDATE sbtest6 SET k=k+1 WHERE id=2141136
	Update on sbtest6  (cost=0.43..8.46 rows=0 width=0)
	  ->  Index Scan using sbtest6_pkey on sbtest6  (cost=0.43..8.46 rows=1 width=10)
	        Index Cond: (id = 2141136)

table 7 : explain UPDATE sbtest7 SET k=k+1 WHERE id=3731906
	Update on sbtest7  (cost=0.43..8.46 rows=0 width=0)
	  ->  Index Scan using sbtest7_pkey on sbtest7  (cost=0.43..8.46 rows=1 width=10)
	        Index Cond: (id = 3731906)

table 8 : explain UPDATE sbtest8 SET k=k+1 WHERE id=5081706
	Update on sbtest8  (cost=0.43..8.46 rows=0 width=0)
	  ->  Index Scan using sbtest8_pkey on sbtest8  (cost=0.43..8.46 rows=1 width=10)
	        Index Cond: (id = 5081706)

for index_updates
table 1 : explain UPDATE sbtest1 SET k=k+1 WHERE id=445031
	Update on sbtest1  (cost=0.43..8.46 rows=0 width=0)
	  ->  Index Scan using sbtest1_pkey on sbtest1  (cost=0.43..8.46 rows=1 width=10)
	        Index Cond: (id = 445031)

table 2 : explain UPDATE sbtest2 SET k=k+1 WHERE id=3714121
	Update on sbtest2  (cost=0.43..8.46 rows=0 width=0)
	  ->  Index Scan using sbtest2_pkey on sbtest2  (cost=0.43..8.46 rows=1 width=10)
	        Index Cond: (id = 3714121)

table 3 : explain UPDATE sbtest3 SET k=k+1 WHERE id=1949047
	Update on sbtest3  (cost=0.43..8.46 rows=0 width=0)
	  ->  Index Scan using sbtest3_pkey on sbtest3  (cost=0.43..8.46 rows=1 width=10)
	        Index Cond: (id = 1949047)

table 4 : explain UPDATE sbtest4 SET k=k+1 WHERE id=3292335
	Update on sbtest4  (cost=0.43..8.46 rows=0 width=0)
	  ->  Index Scan using sbtest4_pkey on sbtest4  (cost=0.43..8.46 rows=1 width=10)
	        Index Cond: (id = 3292335)

table 5 : explain UPDATE sbtest5 SET k=k+1 WHERE id=9859227
	Update on sbtest5  (cost=0.43..8.46 rows=0 width=0)
	  ->  Index Scan using sbtest5_pkey on sbtest5  (cost=0.43..8.46 rows=1 width=10)
	        Index Cond: (id = 9859227)

table 6 : explain UPDATE sbtest6 SET k=k+1 WHERE id=9389967
	Update on sbtest6  (cost=0.43..8.46 rows=0 width=0)
	  ->  Index Scan using sbtest6_pkey on sbtest6  (cost=0.43..8.46 rows=1 width=10)
	        Index Cond: (id = 9389967)

table 7 : explain UPDATE sbtest7 SET k=k+1 WHERE id=8303695
	Update on sbtest7  (cost=0.43..8.46 rows=0 width=0)
	  ->  Index Scan using sbtest7_pkey on sbtest7  (cost=0.43..8.46 rows=1 width=10)
	        Index Cond: (id = 8303695)

table 8 : explain UPDATE sbtest8 SET k=k+1 WHERE id=754747
	Update on sbtest8  (cost=0.43..8.46 rows=0 width=0)
	  ->  Index Scan using sbtest8_pkey on sbtest8  (cost=0.43..8.46 rows=1 width=10)
	        Index Cond: (id = 754747)

explain: for index_updates :: explain UPDATE sbtest%u SET k=k+1 WHERE id=%u
explain: for index_updates :: explain UPDATE sbtest%u SET k=k+1 WHERE id=%u
explain: for index_updates :: explain UPDATE sbtest%u SET k=k+1 WHERE id=%u
explain: for index_updates :: explain UPDATE sbtest%u SET k=k+1 WHERE id=%u
for index_updates
table 1 : explain UPDATE sbtest1 SET k=k+1 WHERE id=8179735
	Update on sbtest1  (cost=0.43..8.46 rows=0 width=0)
	  ->  Index Scan using sbtest1_pkey on sbtest1  (cost=0.43..8.46 rows=1 width=10)
	        Index Cond: (id = 8179735)

table 2 : explain UPDATE sbtest2 SET k=k+1 WHERE id=1216112
	Update on sbtest2  (cost=0.43..8.46 rows=0 width=0)
	  ->  Index Scan using sbtest2_pkey on sbtest2  (cost=0.43..8.46 rows=1 width=10)
	        Index Cond: (id = 1216112)

table 3 : explain UPDATE sbtest3 SET k=k+1 WHERE id=8834011
	Update on sbtest3  (cost=0.43..8.46 rows=0 width=0)
	  ->  Index Scan using sbtest3_pkey on sbtest3  (cost=0.43..8.46 rows=1 width=10)
	        Index Cond: (id = 8834011)

table 4 : explain UPDATE sbtest4 SET k=k+1 WHERE id=585634
	Update on sbtest4  (cost=0.43..8.46 rows=0 width=0)
	  ->  Index Scan using sbtest4_pkey on sbtest4  (cost=0.43..8.46 rows=1 width=10)
	        Index Cond: (id = 585634)

table 5 : explain UPDATE sbtest5 SET k=k+1 WHERE id=3797569
	Update on sbtest5  (cost=0.43..8.46 rows=0 width=0)
	  ->  Index Scan using sbtest5_pkey on sbtest5  (cost=0.43..8.46 rows=1 width=10)
	        Index Cond: (id = 3797569)

table 6 : explain UPDATE sbtest6 SET k=k+1 WHERE id=7076771
	Update on sbtest6  (cost=0.43..8.46 rows=0 width=0)
	  ->  Index Scan using sbtest6_pkey on sbtest6  (cost=0.43..8.46 rows=1 width=10)
	        Index Cond: (id = 7076771)

table 7 : explain UPDATE sbtest7 SET k=k+1 WHERE id=4776193
	Update on sbtest7  (cost=0.43..8.46 rows=0 width=0)
	  ->  Index Scan using sbtest7_pkey on sbtest7  (cost=0.43..8.46 rows=1 width=10)
	        Index Cond: (id = 4776193)

table 8 : explain UPDATE sbtest8 SET k=k+1 WHERE id=790811
	Update on sbtest8  (cost=0.43..8.46 rows=0 width=0)
	  ->  Index Scan using sbtest8_pkey on sbtest8  (cost=0.43..8.46 rows=1 width=10)
	        Index Cond: (id = 790811)

for index_updates
table 1 : explain UPDATE sbtest1 SET k=k+1 WHERE id=8147326
	Update on sbtest1  (cost=0.43..8.46 rows=0 width=0)
	  ->  Index Scan using sbtest1_pkey on sbtest1  (cost=0.43..8.46 rows=1 width=10)
	        Index Cond: (id = 8147326)

table 2 : explain UPDATE sbtest2 SET k=k+1 WHERE id=2381977
	Update on sbtest2  (cost=0.43..8.46 rows=0 width=0)
	  ->  Index Scan using sbtest2_pkey on sbtest2  (cost=0.43..8.46 rows=1 width=10)
	        Index Cond: (id = 2381977)

table 3 : explain UPDATE sbtest3 SET k=k+1 WHERE id=6345853
	Update on sbtest3  (cost=0.43..8.46 rows=0 width=0)
	  ->  Index Scan using sbtest3_pkey on sbtest3  (cost=0.43..8.46 rows=1 width=10)
	        Index Cond: (id = 6345853)

table 4 : explain UPDATE sbtest4 SET k=k+1 WHERE id=3570039
	Update on sbtest4  (cost=0.43..8.46 rows=0 width=0)
	  ->  Index Scan using sbtest4_pkey on sbtest4  (cost=0.43..8.46 rows=1 width=10)
	        Index Cond: (id = 3570039)

table 5 : explain UPDATE sbtest5 SET k=k+1 WHERE id=8280888
	Update on sbtest5  (cost=0.43..8.46 rows=0 width=0)
	  ->  Index Scan using sbtest5_pkey on sbtest5  (cost=0.43..8.46 rows=1 width=10)
	        Index Cond: (id = 8280888)

table 6 : explain UPDATE sbtest6 SET k=k+1 WHERE id=9161425
	Update on sbtest6  (cost=0.43..8.46 rows=0 width=0)
	  ->  Index Scan using sbtest6_pkey on sbtest6  (cost=0.43..8.46 rows=1 width=10)
	        Index Cond: (id = 9161425)

table 7 : explain UPDATE sbtest7 SET k=k+1 WHERE id=632323
	Update on sbtest7  (cost=0.43..8.46 rows=0 width=0)
	  ->  Index Scan using sbtest7_pkey on sbtest7  (cost=0.43..8.46 rows=1 width=10)
	        Index Cond: (id = 632323)

table 8 : explain UPDATE sbtest8 SET k=k+1 WHERE id=9096477
	Update on sbtest8  (cost=0.43..8.46 rows=0 width=0)
	  ->  Index Scan using sbtest8_pkey on sbtest8  (cost=0.43..8.46 rows=1 width=10)
	        Index Cond: (id = 9096477)

for index_updates
table 1 : explain UPDATE sbtest1 SET k=k+1 WHERE id=1779254
	Update on sbtest1  (cost=0.43..8.46 rows=0 width=0)
	  ->  Index Scan using sbtest1_pkey on sbtest1  (cost=0.43..8.46 rows=1 width=10)
	        Index Cond: (id = 1779254)

table 2 : explain UPDATE sbtest2 SET k=k+1 WHERE id=3969279
	Update on sbtest2  (cost=0.43..8.46 rows=0 width=0)
	  ->  Index Scan using sbtest2_pkey on sbtest2  (cost=0.43..8.46 rows=1 width=10)
	        Index Cond: (id = 3969279)

table 3 : explain UPDATE sbtest3 SET k=k+1 WHERE id=2287225
	Update on sbtest3  (cost=0.43..8.46 rows=0 width=0)
	  ->  Index Scan using sbtest3_pkey on sbtest3  (cost=0.43..8.46 rows=1 width=10)
	        Index Cond: (id = 2287225)

table 4 : explain UPDATE sbtest4 SET k=k+1 WHERE id=2408061
	Update on sbtest4  (cost=0.43..8.46 rows=0 width=0)
	  ->  Index Scan using sbtest4_pkey on sbtest4  (cost=0.43..8.46 rows=1 width=10)
	        Index Cond: (id = 2408061)

table 5 : explain UPDATE sbtest5 SET k=k+1 WHERE id=1056228
	Update on sbtest5  (cost=0.43..8.46 rows=0 width=0)
	  ->  Index Scan using sbtest5_pkey on sbtest5  (cost=0.43..8.46 rows=1 width=10)
	        Index Cond: (id = 1056228)

table 6 : explain UPDATE sbtest6 SET k=k+1 WHERE id=3885829
	Update on sbtest6  (cost=0.43..8.46 rows=0 width=0)
	  ->  Index Scan using sbtest6_pkey on sbtest6  (cost=0.43..8.46 rows=1 width=10)
	        Index Cond: (id = 3885829)

table 7 : explain UPDATE sbtest7 SET k=k+1 WHERE id=1354407
	Update on sbtest7  (cost=0.43..8.46 rows=0 width=0)
	  ->  Index Scan using sbtest7_pkey on sbtest7  (cost=0.43..8.46 rows=1 width=10)
	        Index Cond: (id = 1354407)

table 8 : explain UPDATE sbtest8 SET k=k+1 WHERE id=8373383
	Update on sbtest8  (cost=0.43..8.46 rows=0 width=0)
	  ->  Index Scan using sbtest8_pkey on sbtest8  (cost=0.43..8.46 rows=1 width=10)
	        Index Cond: (id = 8373383)

for index_updates
table 1 : explain UPDATE sbtest1 SET k=k+1 WHERE id=5387224
	Update on sbtest1  (cost=0.43..8.46 rows=0 width=0)
	  ->  Index Scan using sbtest1_pkey on sbtest1  (cost=0.43..8.46 rows=1 width=10)
	        Index Cond: (id = 5387224)

table 2 : explain UPDATE sbtest2 SET k=k+1 WHERE id=7815051
	Update on sbtest2  (cost=0.43..8.46 rows=0 width=0)
	  ->  Index Scan using sbtest2_pkey on sbtest2  (cost=0.43..8.46 rows=1 width=10)
	        Index Cond: (id = 7815051)

table 3 : explain UPDATE sbtest3 SET k=k+1 WHERE id=6394633
	Update on sbtest3  (cost=0.43..8.46 rows=0 width=0)
	  ->  Index Scan using sbtest3_pkey on sbtest3  (cost=0.43..8.46 rows=1 width=10)
	        Index Cond: (id = 6394633)

table 4 : explain UPDATE sbtest4 SET k=k+1 WHERE id=7000577
	Update on sbtest4  (cost=0.43..8.46 rows=0 width=0)
	  ->  Index Scan using sbtest4_pkey on sbtest4  (cost=0.43..8.46 rows=1 width=10)
	        Index Cond: (id = 7000577)

table 5 : explain UPDATE sbtest5 SET k=k+1 WHERE id=7120861
	Update on sbtest5  (cost=0.43..8.46 rows=0 width=0)
	  ->  Index Scan using sbtest5_pkey on sbtest5  (cost=0.43..8.46 rows=1 width=10)
	        Index Cond: (id = 7120861)

table 6 : explain UPDATE sbtest6 SET k=k+1 WHERE id=6021699
	Update on sbtest6  (cost=0.43..8.46 rows=0 width=0)
	  ->  Index Scan using sbtest6_pkey on sbtest6  (cost=0.43..8.46 rows=1 width=10)
	        Index Cond: (id = 6021699)

table 7 : explain UPDATE sbtest7 SET k=k+1 WHERE id=3168179
	Update on sbtest7  (cost=0.43..8.46 rows=0 width=0)
	  ->  Index Scan using sbtest7_pkey on sbtest7  (cost=0.43..8.46 rows=1 width=10)
	        Index Cond: (id = 3168179)

table 8 : explain UPDATE sbtest8 SET k=k+1 WHERE id=2721799
	Update on sbtest8  (cost=0.43..8.46 rows=0 width=0)
	  ->  Index Scan using sbtest8_pkey on sbtest8  (cost=0.43..8.46 rows=1 width=10)
	        Index Cond: (id = 2721799)

Threads started!

Warming up for 5 seconds...

SQL statistics:
    queries performed:
        read:                            0
        write:                           172844073
        other:                           0
        total:                           172844073
    transactions:                        172844073 (185852.81 per sec.)
    queries:                             172844073 (185852.81 per sec.)
    ignored errors:                      0      (0.00 per sec.)
    reconnects:                          0      (0.00 per sec.)

Throughput:
    events/s (eps):                      185852.8069
    time elapsed:                        930.0053s
    total number of events:              172844073

Latency (ms):
         min:                                    0.05
         avg:                                    0.21
         max:                                   25.91
         95th percentile:                        0.47
         sum:                             37136386.35

Threads fairness:
    events (avg/stddev):           4321096.4500/11221.25
    execution time (avg/stddev):   928.4097/0.03

