LUA_PATH=/home/mdcallag/git/mytools/bench/sysbench.lua/lua/?.lua /home/mdcallag/git/mytools/bench/sysbench.lua/lua/sysbench --db-driver=pgsql --range-size=100 --table-size=10000000 --tables=8 --threads=40 --events=0 --warmup-time=5 --time=630 --pgsql_conn_id=true /home/mdcallag/git/mytools/bench/sysbench.lua/lua/oltp_point_select.lua run --pgsql-user=root --pgsql-password=pw --pgsql-host=127.0.0.1 --pgsql-db=ib --rand-type=uniform --skip-trx
48 CPUs
sysbench 1.1.0-9072687 (using bundled LuaJIT 2.1.0-beta3)

Running the test with following options:
Number of threads: 40
Warmup time: 5s
Initializing random number generator from current time


Initializing worker threads...

explain: for point_selects :: explain SELECT c FROM sbtest%u WHERE id=%u
explain: for point_selects :: explain SELECT c FROM sbtest%u WHERE id=%u
explain: for point_selects :: explain SELECT c FROM sbtest%u WHERE id=%u
explain: for point_selects :: explain SELECT c FROM sbtest%u WHERE id=%u
explain: for point_selects :: explain SELECT c FROM sbtest%u WHERE id=%u
explain: for point_selects :: explain SELECT c FROM sbtest%u WHERE id=%u
explain: for point_selects :: explain SELECT c FROM sbtest%u WHERE id=%u
explain: for point_selects :: explain SELECT c FROM sbtest%u WHERE id=%u
explain: for point_selects :: explain SELECT c FROM sbtest%u WHERE id=%u
explain: for point_selects :: explain SELECT c FROM sbtest%u WHERE id=%u
explain: for point_selects :: explain SELECT c FROM sbtest%u WHERE id=%u
explain: for point_selects :: explain SELECT c FROM sbtest%u WHERE id=%u
explain: for point_selects :: explain SELECT c FROM sbtest%u WHERE id=%u
explain: for point_selects :: explain SELECT c FROM sbtest%u WHERE id=%u
explain: for point_selects :: explain SELECT c FROM sbtest%u WHERE id=%u
explain: for point_selects :: explain SELECT c FROM sbtest%u WHERE id=%u
explain: for point_selects :: explain SELECT c FROM sbtest%u WHERE id=%u
explain: for point_selects :: explain SELECT c FROM sbtest%u WHERE id=%u
explain: for point_selects :: explain SELECT c FROM sbtest%u WHERE id=%u
for point_selects
table 1 : explain SELECT c FROM sbtest1 WHERE id=1406227
	Index Scan using sbtest1_pkey on sbtest1  (cost=0.43..8.45 rows=1 width=121)
	  Index Cond: (id = 1406227)

table 2 : explain SELECT c FROM sbtest2 WHERE id=7361846
	Index Scan using sbtest2_pkey on sbtest2  (cost=0.43..8.45 rows=1 width=121)
	  Index Cond: (id = 7361846)

table 3 : explain SELECT c FROM sbtest3 WHERE id=2217394
	Index Scan using sbtest3_pkey on sbtest3  (cost=0.43..8.45 rows=1 width=121)
	  Index Cond: (id = 2217394)

table 4 : explain SELECT c FROM sbtest4 WHERE id=3191464
	Index Scan using sbtest4_pkey on sbtest4  (cost=0.43..8.45 rows=1 width=121)
	  Index Cond: (id = 3191464)

table 5 : explain SELECT c FROM sbtest5 WHERE id=6005106
	Index Scan using sbtest5_pkey on sbtest5  (cost=0.43..8.45 rows=1 width=121)
	  Index Cond: (id = 6005106)

table 6 : explain SELECT c FROM sbtest6 WHERE id=4272341
	Index Scan using sbtest6_pkey on sbtest6  (cost=0.43..8.45 rows=1 width=121)
	  Index Cond: (id = 4272341)

table 7 : explain SELECT c FROM sbtest7 WHERE id=2154623
	Index Scan using sbtest7_pkey on sbtest7  (cost=0.43..8.45 rows=1 width=121)
	  Index Cond: (id = 2154623)

table 8 : explain SELECT c FROM sbtest8 WHERE id=5338797
	Index Scan using sbtest8_pkey on sbtest8  (cost=0.43..8.45 rows=1 width=121)
	  Index Cond: (id = 5338797)

explain: for point_selects :: explain SELECT c FROM sbtest%u WHERE id=%uexplain: for point_selects :: explain SELECT c FROM sbtest%u WHERE id=%ufor point_selects
table 1 : explain SELECT c FROM sbtest1 WHERE id=2555336
	Index Scan using sbtest1_pkey on sbtest1  (cost=0.43..8.45 rows=1 width=121)
	  Index Cond: (id = 2555336)

table 2 : explain SELECT c FROM sbtest2 WHERE id=4885086
	Index Scan using sbtest2_pkey on sbtest2  (cost=0.43..8.45 rows=1 width=121)
	  Index Cond: (id = 4885086)

table 3 : explain SELECT c FROM sbtest3 WHERE id=2445726
	Index Scan using sbtest3_pkey on sbtest3  (cost=0.43..8.45 rows=1 width=121)
	  Index Cond: (id = 2445726)

table 4 : explain SELECT c FROM sbtest4 WHERE id=3144239
	Index Scan using sbtest4_pkey on sbtest4  (cost=0.43..8.45 rows=1 width=121)
	  Index Cond: (id = 3144239)

table 5 : explain SELECT c FROM sbtest5 WHERE id=6649950
	Index Scan using sbtest5_pkey on sbtest5  (cost=0.43..8.45 rows=1 width=121)
	  Index Cond: (id = 6649950)

table 6 : explain SELECT c FROM sbtest6 WHERE id=5082798
	Index Scan using sbtest6_pkey on sbtest6  (cost=0.43..8.45 rows=1 width=121)
	  Index Cond: (id = 5082798)

table 7 : explain SELECT c FROM sbtest7 WHERE id=1803052
	Index Scan using sbtest7_pkey on sbtest7  (cost=0.43..8.45 rows=1 width=121)
	  Index Cond: (id = 1803052)

table 8 : explain SELECT c FROM sbtest8 WHERE id=6753087
	Index Scan using sbtest8_pkey on sbtest8  (cost=0.43..8.45 rows=1 width=121)
	  Index Cond: (id = 6753087)



explain: for point_selects :: explain SELECT c FROM sbtest%u WHERE id=%u
explain: for point_selects :: explain SELECT c FROM sbtest%u WHERE id=%u
explain: for point_selects :: explain SELECT c FROM sbtest%u WHERE id=%u
for point_selects
table 1 : explain SELECT c FROM sbtest1 WHERE id=3594582
	Index Scan using sbtest1_pkey on sbtest1  (cost=0.43..8.45 rows=1 width=121)
	  Index Cond: (id = 3594582)

table 2 : explain SELECT c FROM sbtest2 WHERE id=435245
	Index Scan using sbtest2_pkey on sbtest2  (cost=0.43..8.45 rows=1 width=121)
	  Index Cond: (id = 435245)

table 3 : explain SELECT c FROM sbtest3 WHERE id=5477661
	Index Scan using sbtest3_pkey on sbtest3  (cost=0.43..8.45 rows=1 width=121)
	  Index Cond: (id = 5477661)

table 4 : explain SELECT c FROM sbtest4 WHERE id=1094744
	Index Scan using sbtest4_pkey on sbtest4  (cost=0.43..8.45 rows=1 width=121)
	  Index Cond: (id = 1094744)

table 5 : explain SELECT c FROM sbtest5 WHERE id=2742515
	Index Scan using sbtest5_pkey on sbtest5  (cost=0.43..8.45 rows=1 width=121)
	  Index Cond: (id = 2742515)

table 6 : explain SELECT c FROM sbtest6 WHERE id=4457194
	Index Scan using sbtest6_pkey on sbtest6  (cost=0.43..8.45 rows=1 width=121)
	  Index Cond: (id = 4457194)

table 7 : explain SELECT c FROM sbtest7 WHERE id=2530446
	Index Scan using sbtest7_pkey on sbtest7  (cost=0.43..8.45 rows=1 width=121)
	  Index Cond: (id = 2530446)

table 8 : explain SELECT c FROM sbtest8 WHERE id=1081235
	Index Scan using sbtest8_pkey on sbtest8  (cost=0.43..8.45 rows=1 width=121)
	  Index Cond: (id = 1081235)

for point_selects
table 1 : explain SELECT c FROM sbtest1 WHERE id=2772003
	Index Scan using sbtest1_pkey on sbtest1  (cost=0.43..8.45 rows=1 width=121)
	  Index Cond: (id = 2772003)

table 2 : explain SELECT c FROM sbtest2 WHERE id=6265969
	Index Scan using sbtest2_pkey on sbtest2  (cost=0.43..8.45 rows=1 width=121)
	  Index Cond: (id = 6265969)

table 3 : explain SELECT c FROM sbtest3 WHERE id=2052187
	Index Scan using sbtest3_pkey on sbtest3  (cost=0.43..8.45 rows=1 width=121)
	  Index Cond: (id = 2052187)

table 4 : explain SELECT c FROM sbtest4 WHERE id=6315364
	Index Scan using sbtest4_pkey on sbtest4  (cost=0.43..8.45 rows=1 width=121)
	  Index Cond: (id = 6315364)

table 5 : explain SELECT c FROM sbtest5 WHERE id=5581448
	Index Scan using sbtest5_pkey on sbtest5  (cost=0.43..8.45 rows=1 width=121)
	  Index Cond: (id = 5581448)

table 6 : explain SELECT c FROM sbtest6 WHERE id=3774223
	Index Scan using sbtest6_pkey on sbtest6  (cost=0.43..8.45 rows=1 width=121)
	  Index Cond: (id = 3774223)

table 7 : explain SELECT c FROM sbtest7 WHERE id=4924529
	Index Scan using sbtest7_pkey on sbtest7  (cost=0.43..8.45 rows=1 width=121)
	  Index Cond: (id = 4924529)

table 8 : explain SELECT c FROM sbtest8 WHERE id=6098857
	Index Scan using sbtest8_pkey on sbtest8  (cost=0.43..8.45 rows=1 width=121)
	  Index Cond: (id = 6098857)

for point_selects
table 1 : explain SELECT c FROM sbtest1 WHERE id=6429830
	Index Scan using sbtest1_pkey on sbtest1  (cost=0.43..8.45 rows=1 width=121)
	  Index Cond: (id = 6429830)

table 2 : explain SELECT c FROM sbtest2 WHERE id=1307680
	Index Scan using sbtest2_pkey on sbtest2  (cost=0.43..8.45 rows=1 width=121)
	  Index Cond: (id = 1307680)

table 3 : explain SELECT c FROM sbtest3 WHERE id=3528314
	Index Scan using sbtest3_pkey on sbtest3  (cost=0.43..8.45 rows=1 width=121)
	  Index Cond: (id = 3528314)

table 4 : explain SELECT c FROM sbtest4 WHERE id=5004991
	Index Scan using sbtest4_pkey on sbtest4  (cost=0.43..8.45 rows=1 width=121)
	  Index Cond: (id = 5004991)

table 5 : explain SELECT c FROM sbtest5 WHERE id=7176843
	Index Scan using sbtest5_pkey on sbtest5  (cost=0.43..8.45 rows=1 width=121)
	  Index Cond: (id = 7176843)

table 6 : explain SELECT c FROM sbtest6 WHERE id=1619167
	Index Scan using sbtest6_pkey on sbtest6  (cost=0.43..8.45 rows=1 width=121)
	  Index Cond: (id = 1619167)

table 7 : explain SELECT c FROM sbtest7 WHERE id=6291346
	Index Scan using sbtest7_pkey on sbtest7  (cost=0.43..8.45 rows=1 width=121)
	  Index Cond: (id = 6291346)

table 8 : explain SELECT c FROM sbtest8 WHERE id=2961477
	Index Scan using sbtest8_pkey on sbtest8  (cost=0.43..8.45 rows=1 width=121)
	  Index Cond: (id = 2961477)

explain: for point_selects :: explain SELECT c FROM sbtest%u WHERE id=%u
for point_selects
table 1 : explain SELECT c FROM sbtest1 WHERE id=2232034
	Index Scan using sbtest1_pkey on sbtest1  (cost=0.43..8.45 rows=1 width=121)
	  Index Cond: (id = 2232034)

table 2 : explain SELECT c FROM sbtest2 WHERE id=1799668
	Index Scan using sbtest2_pkey on sbtest2  (cost=0.43..8.45 rows=1 width=121)
	  Index Cond: (id = 1799668)

table 3 : explain SELECT c FROM sbtest3 WHERE id=6605317
	Index Scan using sbtest3_pkey on sbtest3  (cost=0.43..8.45 rows=1 width=121)
	  Index Cond: (id = 6605317)

table 4 : explain SELECT c FROM sbtest4 WHERE id=7326911
	Index Scan using sbtest4_pkey on sbtest4  (cost=0.43..8.45 rows=1 width=121)
	  Index Cond: (id = 7326911)

table 5 : explain SELECT c FROM sbtest5 WHERE id=6790067
	Index Scan using sbtest5_pkey on sbtest5  (cost=0.43..8.45 rows=1 width=121)
	  Index Cond: (id = 6790067)

table 6 : explain SELECT c FROM sbtest6 WHERE id=6473017
	Index Scan using sbtest6_pkey on sbtest6  (cost=0.43..8.45 rows=1 width=121)
	  Index Cond: (id = 6473017)

table 7 : explain SELECT c FROM sbtest7 WHERE id=4258149
	Index Scan using sbtest7_pkey on sbtest7  (cost=0.43..8.45 rows=1 width=121)
	  Index Cond: (id = 4258149)

table 8 : explain SELECT c FROM sbtest8 WHERE id=4357511
	Index Scan using sbtest8_pkey on sbtest8  (cost=0.43..8.45 rows=1 width=121)
	  Index Cond: (id = 4357511)
explain: for point_selects :: explain SELECT c FROM sbtest%u WHERE id=%u
for point_selects
table 1 : explain SELECT c FROM sbtest1 WHERE id=2948199
	Index Scan using sbtest1_pkey on sbtest1  (cost=0.43..8.45 rows=1 width=121)
	  Index Cond: (id = 2948199)

table 2 : explain SELECT c FROM sbtest2 WHERE id=9931324
	Index Scan using sbtest2_pkey on sbtest2  (cost=0.43..8.45 rows=1 width=121)
	  Index Cond: (id = 9931324)

table 3 : explain SELECT c FROM sbtest3 WHERE id=979330
	Index Scan using sbtest3_pkey on sbtest3  (cost=0.43..8.45 rows=1 width=121)
	  Index Cond: (id = 979330)

table 4 : explain SELECT c FROM sbtest4 WHERE id=3286226
	Index Scan using sbtest4_pkey on sbtest4  (cost=0.43..8.45 rows=1 width=121)
	  Index Cond: (id = 3286226)

table 5 : explain SELECT c FROM sbtest5 WHERE id=2968219
	Index Scan using sbtest5_pkey on sbtest5  (cost=0.43..8.45 rows=1 width=121)
	  Index Cond: (id = 2968219)

table 6 : explain SELECT c FROM sbtest6 WHERE id=3920632
	Index Scan using sbtest6_pkey on sbtest6  (cost=0.43..8.45 rows=1 width=121)
	  Index Cond: (id = 3920632)

table 7 : explain SELECT c FROM sbtest7 WHERE id=6070138
	Index Scan using sbtest7_pkey on sbtest7  (cost=0.43..8.45 rows=1 width=121)
	  Index Cond: (id = 6070138)

table 8 : explain SELECT c FROM sbtest8 WHERE id=2309070
	Index Scan using sbtest8_pkey on sbtest8  (cost=0.43..8.45 rows=1 width=121)
	  Index Cond: (id = 2309070)

for point_selects
table 1 : explain SELECT c FROM sbtest1 WHERE id=5266102
	Index Scan using sbtest1_pkey on sbtest1  (cost=0.43..8.45 rows=1 width=121)
	  Index Cond: (id = 5266102)

table 2 : explain SELECT c FROM sbtest2 WHERE id=9954466
	Index Scan using sbtest2_pkey on sbtest2  (cost=0.43..8.45 rows=1 width=121)
	  Index Cond: (id = 9954466)

table 3 : explain SELECT c FROM sbtest3 WHERE id=6863099
	Index Scan using sbtest3_pkey on sbtest3  (cost=0.43..8.45 rows=1 width=121)
	  Index Cond: (id = 6863099)

table 4 : explain SELECT c FROM sbtest4 WHERE id=4747721
	Index Scan using sbtest4_pkey on sbtest4  (cost=0.43..8.45 rows=1 width=121)
	  Index Cond: (id = 4747721)

table 5 : explain SELECT c FROM sbtest5 WHERE id=8375742
	Index Scan using sbtest5_pkey on sbtest5  (cost=0.43..8.45 rows=1 width=121)
	  Index Cond: (id = 8375742)

table 6 : explain SELECT c FROM sbtest6 WHERE id=9229945
	Index Scan using sbtest6_pkey on sbtest6  (cost=0.43..8.45 rows=1 width=121)
	  Index Cond: (id = 9229945)

table 7 : explain SELECT c FROM sbtest7 WHERE id=6060621
	Index Scan using sbtest7_pkey on sbtest7  (cost=0.43..8.45 rows=1 width=121)
	  Index Cond: (id = 6060621)

table 8 : explain SELECT c FROM sbtest8 WHERE id=471956
	Index Scan using sbtest8_pkey on sbtest8  (cost=0.43..8.45 rows=1 width=121)
	  Index Cond: (id = 471956)

for point_selects
table 1 : explain SELECT c FROM sbtest1 WHERE id=6811421
	Index Scan using sbtest1_pkey on sbtest1  (cost=0.43..8.45 rows=1 width=121)
	  Index Cond: (id = 6811421)

table 2 : explain SELECT c FROM sbtest2 WHERE id=908503
	Index Scan using sbtest2_pkey on sbtest2  (cost=0.43..8.45 rows=1 width=121)
	  Index Cond: (id = 908503)

table 3 : explain SELECT c FROM sbtest3 WHERE id=4983649
	Index Scan using sbtest3_pkey on sbtest3  (cost=0.43..8.45 rows=1 width=121)
	  Index Cond: (id = 4983649)

table 4 : explain SELECT c FROM sbtest4 WHERE id=3724000
	Index Scan using sbtest4_pkey on sbtest4  (cost=0.43..8.45 rows=1 width=121)
	  Index Cond: (id = 3724000)

table 5 : explain SELECT c FROM sbtest5 WHERE id=2402111
	Index Scan using sbtest5_pkey on sbtest5  (cost=0.43..8.45 rows=1 width=121)
	  Index Cond: (id = 2402111)

table 6 : explain SELECT c FROM sbtest6 WHERE id=1961562
	Index Scan using sbtest6_pkey on sbtest6  (cost=0.43..8.45 rows=1 width=121)
	  Index Cond: (id = 1961562)

table 7 : explain SELECT c FROM sbtest7 WHERE id=4318998
	Index Scan using sbtest7_pkey on sbtest7  (cost=0.43..8.45 rows=1 width=121)
	  Index Cond: (id = 4318998)

table 8 : explain SELECT c FROM sbtest8 WHERE id=4241860
	Index Scan using sbtest8_pkey on sbtest8  (cost=0.43..8.45 rows=1 width=121)
	  Index Cond: (id = 4241860)

explain: for point_selects :: explain SELECT c FROM sbtest%u WHERE id=%u
for point_selects
table 1 : explain SELECT c FROM sbtest1 WHERE id=1981527
	Index Scan using sbtest1_pkey on sbtest1  (cost=0.43..8.45 rows=1 width=121)
	  Index Cond: (id = 1981527)

table 2 : explain SELECT c FROM sbtest2 WHERE id=1333294
	Index Scan using sbtest2_pkey on sbtest2  (cost=0.43..8.45 rows=1 width=121)
	  Index Cond: (id = 1333294)

table 3 : explain SELECT c FROM sbtest3 WHERE id=5528994
	Index Scan using sbtest3_pkey on sbtest3  (cost=0.43..8.45 rows=1 width=121)
	  Index Cond: (id = 5528994)

table 4 : explain SELECT c FROM sbtest4 WHERE id=5426172
	Index Scan using sbtest4_pkey on sbtest4  (cost=0.43..8.45 rows=1 width=121)
	  Index Cond: (id = 5426172)

table 5 : explain SELECT c FROM sbtest5 WHERE id=5772807
	Index Scan using sbtest5_pkey on sbtest5  (cost=0.43..8.45 rows=1 width=121)
	  Index Cond: (id = 5772807)

table 6 : explain SELECT c FROM sbtest6 WHERE id=3206436
	Index Scan using sbtest6_pkey on sbtest6  (cost=0.43..8.45 rows=1 width=121)
	  Index Cond: (id = 3206436)

table 7 : explain SELECT c FROM sbtest7 WHERE id=7480508
	Index Scan using sbtest7_pkey on sbtest7  (cost=0.43..8.45 rows=1 width=121)
	  Index Cond: (id = 7480508)

table 8 : explain SELECT c FROM sbtest8 WHERE id=7985167
	Index Scan using sbtest8_pkey on sbtest8  (cost=0.43..8.45 rows=1 width=121)
	  Index Cond: (id = 7985167)

for point_selects
table 1 : explain SELECT c FROM sbtest1 WHERE id=5960879
	Index Scan using sbtest1_pkey on sbtest1  (cost=0.43..8.45 rows=1 width=121)
	  Index Cond: (id = 5960879)

table 2 : explain SELECT c FROM sbtest2 WHERE id=5248245
	Index Scan using sbtest2_pkey on sbtest2  (cost=0.43..8.45 rows=1 width=121)
	  Index Cond: (id = 5248245)

table 3 : explain SELECT c FROM sbtest3 WHERE id=693241
	Index Scan using sbtest3_pkey on sbtest3  (cost=0.43..8.45 rows=1 width=121)
	  Index Cond: (id = 693241)

table 4 : explain SELECT c FROM sbtest4 WHERE id=6798040
	Index Scan using sbtest4_pkey on sbtest4  (cost=0.43..8.45 rows=1 width=121)
	  Index Cond: (id = 6798040)

table 5 : explain SELECT c FROM sbtest5 WHERE id=355091
	Index Scan using sbtest5_pkey on sbtest5  (cost=0.43..8.45 rows=1 width=121)
	  Index Cond: (id = 355091)

table 6 : explain SELECT c FROM sbtest6 WHERE id=4590959
	Index Scan using sbtest6_pkey on sbtest6  (cost=0.43..8.45 rows=1 width=121)
	  Index Cond: (id = 4590959)

table 7 : explain SELECT c FROM sbtest7 WHERE id=9311942
	Index Scan using sbtest7_pkey on sbtest7  (cost=0.43..8.45 rows=1 width=121)
	  Index Cond: (id = 9311942)

table 8 : explain SELECT c FROM sbtest8 WHERE id=4969897
	Index Scan using sbtest8_pkey on sbtest8  (cost=0.43..8.45 rows=1 width=121)
	  Index Cond: (id = 4969897)


explain: for point_selects :: explain SELECT c FROM sbtest%u WHERE id=%u
for point_selects
table 1 : explain SELECT c FROM sbtest1 WHERE id=7718224
	Index Scan using sbtest1_pkey on sbtest1  (cost=0.43..8.45 rows=1 width=121)
	  Index Cond: (id = 7718224)

table 2 : explain SELECT c FROM sbtest2 WHERE id=5232003
	Index Scan using sbtest2_pkey on sbtest2  (cost=0.43..8.45 rows=1 width=121)
	  Index Cond: (id = 5232003)

table 3 : explain SELECT c FROM sbtest3 WHERE id=3937544
	Index Scan using sbtest3_pkey on sbtest3  (cost=0.43..8.45 rows=1 width=121)
	  Index Cond: (id = 3937544)

table 4 : explain SELECT c FROM sbtest4 WHERE id=3747178
	Index Scan using sbtest4_pkey on sbtest4  (cost=0.43..8.45 rows=1 width=121)
	  Index Cond: (id = 3747178)

table 5 : explain SELECT c FROM sbtest5 WHERE id=8642116
	Index Scan using sbtest5_pkey on sbtest5  (cost=0.43..8.45 rows=1 width=121)
	  Index Cond: (id = 8642116)

table 6 : explain SELECT c FROM sbtest6 WHERE id=5908501
	Index Scan using sbtest6_pkey on sbtest6  (cost=0.43..8.45 rows=1 width=121)
	  Index Cond: (id = 5908501)

table 7 : explain SELECT c FROM sbtest7 WHERE id=9386873
	Index Scan using sbtest7_pkey on sbtest7  (cost=0.43..8.45 rows=1 width=121)
	  Index Cond: (id = 9386873)

table 8 : explain SELECT c FROM sbtest8 WHERE id=7037014
	Index Scan using sbtest8_pkey on sbtest8  (cost=0.43..8.45 rows=1 width=121)
	  Index Cond: (id = 7037014)

for point_selects
table 1 : explain SELECT c FROM sbtest1 WHERE id=4593663
	Index Scan using sbtest1_pkey on sbtest1  (cost=0.43..8.45 rows=1 width=121)
	  Index Cond: (id = 4593663)

table 2 : explain SELECT c FROM sbtest2 WHERE id=9429809
	Index Scan using sbtest2_pkey on sbtest2  (cost=0.43..8.45 rows=1 width=121)
	  Index Cond: (id = 9429809)

table 3 : explain SELECT c FROM sbtest3 WHERE id=7116953
	Index Scan using sbtest3_pkey on sbtest3  (cost=0.43..8.45 rows=1 width=121)
	  Index Cond: (id = 7116953)

table 4 : explain SELECT c FROM sbtest4 WHERE id=2193255
	Index Scan using sbtest4_pkey on sbtest4  (cost=0.43..8.45 rows=1 width=121)
	  Index Cond: (id = 2193255)

table 5 : explain SELECT c FROM sbtest5 WHERE id=3889220
	Index Scan using sbtest5_pkey on sbtest5  (cost=0.43..8.45 rows=1 width=121)
	  Index Cond: (id = 3889220)

table 6 : explain SELECT c FROM sbtest6 WHERE id=3542172
	Index Scan using sbtest6_pkey on sbtest6  (cost=0.43..8.45 rows=1 width=121)
	  Index Cond: (id = 3542172)

table 7 : explain SELECT c FROM sbtest7 WHERE id=5808976
	Index Scan using sbtest7_pkey on sbtest7  (cost=0.43..8.45 rows=1 width=121)
	  Index Cond: (id = 5808976)

table 8 : explain SELECT c FROM sbtest8 WHERE id=9273378
	Index Scan using sbtest8_pkey on sbtest8  (cost=0.43..8.45 rows=1 width=121)
	  Index Cond: (id = 9273378)

for point_selects
table 1 : explain SELECT c FROM sbtest1 WHERE id=9210258
	Index Scan using sbtest1_pkey on sbtest1  (cost=0.43..8.45 rows=1 width=121)
	  Index Cond: (id = 9210258)

table 2 : explain SELECT c FROM sbtest2 WHERE id=8376914
	Index Scan using sbtest2_pkey on sbtest2  (cost=0.43..8.45 rows=1 width=121)
	  Index Cond: (id = 8376914)

table 3 : explain SELECT c FROM sbtest3 WHERE id=9512421
	Index Scan using sbtest3_pkey on sbtest3  (cost=0.43..8.45 rows=1 width=121)
	  Index Cond: (id = 9512421)

table 4 : explain SELECT c FROM sbtest4 WHERE id=4079846
	Index Scan using sbtest4_pkey on sbtest4  (cost=0.43..8.45 rows=1 width=121)
	  Index Cond: (id = 4079846)

table 5 : explain SELECT c FROM sbtest5 WHERE id=8129904
	Index Scan using sbtest5_pkey on sbtest5  (cost=0.43..8.45 rows=1 width=121)
	  Index Cond: (id = 8129904)

table 6 : explain SELECT c FROM sbtest6 WHERE id=6959484
	Index Scan using sbtest6_pkey on sbtest6  (cost=0.43..8.45 rows=1 width=121)
	  Index Cond: (id = 6959484)

table 7 : explain SELECT c FROM sbtest7 WHERE id=7921428
	Index Scan using sbtest7_pkey on sbtest7  (cost=0.43..8.45 rows=1 width=121)
	  Index Cond: (id = 7921428)

table 8 : explain SELECT c FROM sbtest8 WHERE id=2795431
	Index Scan using sbtest8_pkey on sbtest8  (cost=0.43..8.45 rows=1 width=121)
	  Index Cond: (id = 2795431)

for point_selects
table 1 : explain SELECT c FROM sbtest1 WHERE id=5700387
	Index Scan using sbtest1_pkey on sbtest1  (cost=0.43..8.45 rows=1 width=121)
	  Index Cond: (id = 5700387)

table 2 : explain SELECT c FROM sbtest2 WHERE id=3497888
	Index Scan using sbtest2_pkey on sbtest2  (cost=0.43..8.45 rows=1 width=121)
	  Index Cond: (id = 3497888)

table 3 : explain SELECT c FROM sbtest3 WHERE id=8671559
	Index Scan using sbtest3_pkey on sbtest3  (cost=0.43..8.45 rows=1 width=121)
	  Index Cond: (id = 8671559)

table 4 : explain SELECT c FROM sbtest4 WHERE id=5023738
	Index Scan using sbtest4_pkey on sbtest4  (cost=0.43..8.45 rows=1 width=121)
	  Index Cond: (id = 5023738)

table 5 : explain SELECT c FROM sbtest5 WHERE id=7248525
	Index Scan using sbtest5_pkey on sbtest5  (cost=0.43..8.45 rows=1 width=121)
	  Index Cond: (id = 7248525)

table 6 : explain SELECT c FROM sbtest6 WHERE id=9686357
	Index Scan using sbtest6_pkey on sbtest6  (cost=0.43..8.45 rows=1 width=121)
	  Index Cond: (id = 9686357)

table 7 : explain SELECT c FROM sbtest7 WHERE id=6542764
	Index Scan using sbtest7_pkey on sbtest7  (cost=0.43..8.45 rows=1 width=121)
	  Index Cond: (id = 6542764)

table 8 : explain SELECT c FROM sbtest8 WHERE id=3028822
	Index Scan using sbtest8_pkey on sbtest8  (cost=0.43..8.45 rows=1 width=121)
	  Index Cond: (id = 3028822)

explain: for point_selects :: explain SELECT c FROM sbtest%u WHERE id=%u
explain: for point_selects :: explain SELECT c FROM sbtest%u WHERE id=%u
for point_selects
table 1 : explain SELECT c FROM sbtest1 WHERE id=5381247
	Index Scan using sbtest1_pkey on sbtest1  (cost=0.43..8.45 rows=1 width=121)
	  Index Cond: (id = 5381247)

table 2 : explain SELECT c FROM sbtest2 WHERE id=2156503
	Index Scan using sbtest2_pkey on sbtest2  (cost=0.43..8.45 rows=1 width=121)
	  Index Cond: (id = 2156503)

table 3 : explain SELECT c FROM sbtest3 WHERE id=5300327
	Index Scan using sbtest3_pkey on sbtest3  (cost=0.43..8.45 rows=1 width=121)
	  Index Cond: (id = 5300327)

table 4 : explain SELECT c FROM sbtest4 WHERE id=8807486
	Index Scan using sbtest4_pkey on sbtest4  (cost=0.43..8.45 rows=1 width=121)
	  Index Cond: (id = 8807486)

table 5 : explain SELECT c FROM sbtest5 WHERE id=5114197
	Index Scan using sbtest5_pkey on sbtest5  (cost=0.43..8.45 rows=1 width=121)
	  Index Cond: (id = 5114197)

table 6 : explain SELECT c FROM sbtest6 WHERE id=6548279
	Index Scan using sbtest6_pkey on sbtest6  (cost=0.43..8.45 rows=1 width=121)
	  Index Cond: (id = 6548279)

table 7 : explain SELECT c FROM sbtest7 WHERE id=4241694
	Index Scan using sbtest7_pkey on sbtest7  (cost=0.43..8.45 rows=1 width=121)
	  Index Cond: (id = 4241694)

table 8 : explain SELECT c FROM sbtest8 WHERE id=3895833
	Index Scan using sbtest8_pkey on sbtest8  (cost=0.43..8.45 rows=1 width=121)
	  Index Cond: (id = 3895833)

explain: for point_selects :: explain SELECT c FROM sbtest%u WHERE id=%u
explain: for point_selects :: explain SELECT c FROM sbtest%u WHERE id=%u
for point_selects
table 1 : explain SELECT c FROM sbtest1 WHERE id=5496693
	Index Scan using sbtest1_pkey on sbtest1  (cost=0.43..8.45 rows=1 width=121)
	  Index Cond: (id = 5496693)

table 2 : explain SELECT c FROM sbtest2 WHERE id=6169304
	Index Scan using sbtest2_pkey on sbtest2  (cost=0.43..8.45 rows=1 width=121)
	  Index Cond: (id = 6169304)

table 3 : explain SELECT c FROM sbtest3 WHERE id=3813150
	Index Scan using sbtest3_pkey on sbtest3  (cost=0.43..8.45 rows=1 width=121)
	  Index Cond: (id = 3813150)

table 4 : explain SELECT c FROM sbtest4 WHERE id=6184840
	Index Scan using sbtest4_pkey on sbtest4  (cost=0.43..8.45 rows=1 width=121)
	  Index Cond: (id = 6184840)

table 5 : explain SELECT c FROM sbtest5 WHERE id=7691873
	Index Scan using sbtest5_pkey on sbtest5  (cost=0.43..8.45 rows=1 width=121)
	  Index Cond: (id = 7691873)

table 6 : explain SELECT c FROM sbtest6 WHERE id=3875327
	Index Scan using sbtest6_pkey on sbtest6  (cost=0.43..8.45 rows=1 width=121)
	  Index Cond: (id = 3875327)

table 7 : explain SELECT c FROM sbtest7 WHERE id=874701
	Index Scan using sbtest7_pkey on sbtest7  (cost=0.43..8.45 rows=1 width=121)
	  Index Cond: (id = 874701)

table 8 : explain SELECT c FROM sbtest8 WHERE id=4604991
	Index Scan using sbtest8_pkey on sbtest8  (cost=0.43..8.45 rows=1 width=121)
	  Index Cond: (id = 4604991)

for point_selects
table 1 : explain SELECT c FROM sbtest1 WHERE id=1340477
	Index Scan using sbtest1_pkey on sbtest1  (cost=0.43..8.45 rows=1 width=121)
	  Index Cond: (id = 1340477)

table 2 : explain SELECT c FROM sbtest2 WHERE id=1042958
	Index Scan using sbtest2_pkey on sbtest2  (cost=0.43..8.45 rows=1 width=121)
	  Index Cond: (id = 1042958)

table 3 : explain SELECT c FROM sbtest3 WHERE id=714149
	Index Scan using sbtest3_pkey on sbtest3  (cost=0.43..8.45 rows=1 width=121)
	  Index Cond: (id = 714149)

table 4 : explain SELECT c FROM sbtest4 WHERE id=7612222
	Index Scan using sbtest4_pkey on sbtest4  (cost=0.43..8.45 rows=1 width=121)
	  Index Cond: (id = 7612222)

table 5 : explain SELECT c FROM sbtest5 WHERE id=9965959
	Index Scan using sbtest5_pkey on sbtest5  (cost=0.43..8.45 rows=1 width=121)
	  Index Cond: (id = 9965959)

table 6 : explain SELECT c FROM sbtest6 WHERE id=8139034
	Index Scan using sbtest6_pkey on sbtest6  (cost=0.43..8.45 rows=1 width=121)
	  Index Cond: (id = 8139034)

table 7 : explain SELECT c FROM sbtest7 WHERE id=7851235
	Index Scan using sbtest7_pkey on sbtest7  (cost=0.43..8.45 rows=1 width=121)
	  Index Cond: (id = 7851235)

table 8 : explain SELECT c FROM sbtest8 WHERE id=2209740
	Index Scan using sbtest8_pkey on sbtest8  (cost=0.43..8.45 rows=1 width=121)
	  Index Cond: (id = 2209740)

explain: for point_selects :: explain SELECT c FROM sbtest%u WHERE id=%u
for point_selects
table 1 : explain SELECT c FROM sbtest1 WHERE id=2618063
	Index Scan using sbtest1_pkey on sbtest1  (cost=0.43..8.45 rows=1 width=121)
	  Index Cond: (id = 2618063)

table 2 : explain SELECT c FROM sbtest2 WHERE id=2170438
	Index Scan using sbtest2_pkey on sbtest2  (cost=0.43..8.45 rows=1 width=121)
	  Index Cond: (id = 2170438)

table 3 : explain SELECT c FROM sbtest3 WHERE id=9169456
	Index Scan using sbtest3_pkey on sbtest3  (cost=0.43..8.45 rows=1 width=121)
	  Index Cond: (id = 9169456)

table 4 : explain SELECT c FROM sbtest4 WHERE id=2809736
	Index Scan using sbtest4_pkey on sbtest4  (cost=0.43..8.45 rows=1 width=121)
	  Index Cond: (id = 2809736)

table 5 : explain SELECT c FROM sbtest5 WHERE id=1539682
	Index Scan using sbtest5_pkey on sbtest5  (cost=0.43..8.45 rows=1 width=121)
	  Index Cond: (id = 1539682)

table 6 : explain SELECT c FROM sbtest6 WHERE id=656038
	Index Scan using sbtest6_pkey on sbtest6  (cost=0.43..8.45 rows=1 width=121)
	  Index Cond: (id = 656038)

table 7 : explain SELECT c FROM sbtest7 WHERE id=1158538
	Index Scan using sbtest7_pkey on sbtest7  (cost=0.43..8.45 rows=1 width=121)
	  Index Cond: (id = 1158538)

table 8 : explain SELECT c FROM sbtest8 WHERE id=4484775
	Index Scan using sbtest8_pkey on sbtest8  (cost=0.43..8.45 rows=1 width=121)
	  Index Cond: (id = 4484775)

explain: for point_selects :: explain SELECT c FROM sbtest%u WHERE id=%u
explain: for point_selects :: explain SELECT c FROM sbtest%u WHERE id=%u
for point_selects
table 1 : explain SELECT c FROM sbtest1 WHERE id=3504686
	Index Scan using sbtest1_pkey on sbtest1  (cost=0.43..8.45 rows=1 width=121)
	  Index Cond: (id = 3504686)

table 2 : explain SELECT c FROM sbtest2 WHERE id=6588914
	Index Scan using sbtest2_pkey on sbtest2  (cost=0.43..8.45 rows=1 width=121)
	  Index Cond: (id = 6588914)

table 3 : explain SELECT c FROM sbtest3 WHERE id=426961
	Index Scan using sbtest3_pkey on sbtest3  (cost=0.43..8.45 rows=1 width=121)
	  Index Cond: (id = 426961)

table 4 : explain SELECT c FROM sbtest4 WHERE id=9601794
	Index Scan using sbtest4_pkey on sbtest4  (cost=0.43..8.45 rows=1 width=121)
	  Index Cond: (id = 9601794)

table 5 : explain SELECT c FROM sbtest5 WHERE id=9652156
	Index Scan using sbtest5_pkey on sbtest5  (cost=0.43..8.45 rows=1 width=121)
	  Index Cond: (id = 9652156)

table 6 : explain SELECT c FROM sbtest6 WHERE id=8191864
	Index Scan using sbtest6_pkey on sbtest6  (cost=0.43..8.45 rows=1 width=121)
	  Index Cond: (id = 8191864)

table 7 : explain SELECT c FROM sbtest7 WHERE id=3230494
	Index Scan using sbtest7_pkey on sbtest7  (cost=0.43..8.45 rows=1 width=121)
	  Index Cond: (id = 3230494)

table 8 : explain SELECT c FROM sbtest8 WHERE id=2039349
	Index Scan using sbtest8_pkey on sbtest8  (cost=0.43..8.45 rows=1 width=121)
	  Index Cond: (id = 2039349)

explain: for point_selects :: explain SELECT c FROM sbtest%u WHERE id=%u
for point_selects
table 1 : explain SELECT c FROM sbtest1 WHERE id=3662508
	Index Scan using sbtest1_pkey on sbtest1  (cost=0.43..8.45 rows=1 width=121)
	  Index Cond: (id = 3662508)

table 2 : explain SELECT c FROM sbtest2 WHERE id=9063436
	Index Scan using sbtest2_pkey on sbtest2  (cost=0.43..8.45 rows=1 width=121)
	  Index Cond: (id = 9063436)

table 3 : explain SELECT c FROM sbtest3 WHERE id=2455297
	Index Scan using sbtest3_pkey on sbtest3  (cost=0.43..8.45 rows=1 width=121)
	  Index Cond: (id = 2455297)

table 4 : explain SELECT c FROM sbtest4 WHERE id=1085791
	Index Scan using sbtest4_pkey on sbtest4  (cost=0.43..8.45 rows=1 width=121)
	  Index Cond: (id = 1085791)

table 5 : explain SELECT c FROM sbtest5 WHERE id=9747180
	Index Scan using sbtest5_pkey on sbtest5  (cost=0.43..8.45 rows=1 width=121)
	  Index Cond: (id = 9747180)

table 6 : explain SELECT c FROM sbtest6 WHERE id=1173824
	Index Scan using sbtest6_pkey on sbtest6  (cost=0.43..8.45 rows=1 width=121)
	  Index Cond: (id = 1173824)

table 7 : explain SELECT c FROM sbtest7 WHERE id=7346089
	Index Scan using sbtest7_pkey on sbtest7  (cost=0.43..8.45 rows=1 width=121)
	  Index Cond: (id = 7346089)

table 8 : explain SELECT c FROM sbtest8 WHERE id=2130379
	Index Scan using sbtest8_pkey on sbtest8  (cost=0.43..8.45 rows=1 width=121)
	  Index Cond: (id = 2130379)

for point_selects
table 1 : explain SELECT c FROM sbtest1 WHERE id=3954881
	Index Scan using sbtest1_pkey on sbtest1  (cost=0.43..8.45 rows=1 width=121)
	  Index Cond: (id = 3954881)

table 2 : explain SELECT c FROM sbtest2 WHERE id=449135
	Index Scan using sbtest2_pkey on sbtest2  (cost=0.43..8.45 rows=1 width=121)
	  Index Cond: (id = 449135)

table 3 : explain SELECT c FROM sbtest3 WHERE id=454628
	Index Scan using sbtest3_pkey on sbtest3  (cost=0.43..8.45 rows=1 width=121)
	  Index Cond: (id = 454628)

table 4 : explain SELECT c FROM sbtest4 WHERE id=8404639
	Index Scan using sbtest4_pkey on sbtest4  (cost=0.43..8.45 rows=1 width=121)
	  Index Cond: (id = 8404639)

table 5 : explain SELECT c FROM sbtest5 WHERE id=4388952
	Index Scan using sbtest5_pkey on sbtest5  (cost=0.43..8.45 rows=1 width=121)
	  Index Cond: (id = 4388952)

table 6 : explain SELECT c FROM sbtest6 WHERE id=7486432
	Index Scan using sbtest6_pkey on sbtest6  (cost=0.43..8.45 rows=1 width=121)
	  Index Cond: (id = 7486432)

table 7 : explain SELECT c FROM sbtest7 WHERE id=4278538
	Index Scan using sbtest7_pkey on sbtest7  (cost=0.43..8.45 rows=1 width=121)
	  Index Cond: (id = 4278538)

table 8 : explain SELECT c FROM sbtest8 WHERE id=9232054
	Index Scan using sbtest8_pkey on sbtest8  (cost=0.43..8.45 rows=1 width=121)
	  Index Cond: (id = 9232054)

explain: for point_selects :: explain SELECT c FROM sbtest%u WHERE id=%u
for point_selects
table 1 : explain SELECT c FROM sbtest1 WHERE id=5960109
	Index Scan using sbtest1_pkey on sbtest1  (cost=0.43..8.45 rows=1 width=121)
	  Index Cond: (id = 5960109)

table 2 : explain SELECT c FROM sbtest2 WHERE id=2346591
	Index Scan using sbtest2_pkey on sbtest2  (cost=0.43..8.45 rows=1 width=121)
	  Index Cond: (id = 2346591)

table 3 : explain SELECT c FROM sbtest3 WHERE id=426910
	Index Scan using sbtest3_pkey on sbtest3  (cost=0.43..8.45 rows=1 width=121)
	  Index Cond: (id = 426910)

table 4 : explain SELECT c FROM sbtest4 WHERE id=6552444
	Index Scan using sbtest4_pkey on sbtest4  (cost=0.43..8.45 rows=1 width=121)
	  Index Cond: (id = 6552444)

table 5 : explain SELECT c FROM sbtest5 WHERE id=7767806
	Index Scan using sbtest5_pkey on sbtest5  (cost=0.43..8.45 rows=1 width=121)
	  Index Cond: (id = 7767806)

table 6 : explain SELECT c FROM sbtest6 WHERE id=9037276
	Index Scan using sbtest6_pkey on sbtest6  (cost=0.43..8.45 rows=1 width=121)
	  Index Cond: (id = 9037276)

table 7 : explain SELECT c FROM sbtest7 WHERE id=3788368
	Index Scan using sbtest7_pkey on sbtest7  (cost=0.43..8.45 rows=1 width=121)
	  Index Cond: (id = 3788368)

table 8 : explain SELECT c FROM sbtest8 WHERE id=9534527
	Index Scan using sbtest8_pkey on sbtest8  (cost=0.43..8.45 rows=1 width=121)
	  Index Cond: (id = 9534527)

explain: for point_selects :: explain SELECT c FROM sbtest%u WHERE id=%u
explain: for point_selects :: explain SELECT c FROM sbtest%u WHERE id=%u
for point_selects
table 1 : explain SELECT c FROM sbtest1 WHERE id=9264933
	Index Scan using sbtest1_pkey on sbtest1  (cost=0.43..8.45 rows=1 width=121)
	  Index Cond: (id = 9264933)

table 2 : explain SELECT c FROM sbtest2 WHERE id=5566075
	Index Scan using sbtest2_pkey on sbtest2  (cost=0.43..8.45 rows=1 width=121)
	  Index Cond: (id = 5566075)

table 3 : explain SELECT c FROM sbtest3 WHERE id=9518476
	Index Scan using sbtest3_pkey on sbtest3  (cost=0.43..8.45 rows=1 width=121)
	  Index Cond: (id = 9518476)

table 4 : explain SELECT c FROM sbtest4 WHERE id=1099801
	Index Scan using sbtest4_pkey on sbtest4  (cost=0.43..8.45 rows=1 width=121)
	  Index Cond: (id = 1099801)

table 5 : explain SELECT c FROM sbtest5 WHERE id=7236596
	Index Scan using sbtest5_pkey on sbtest5  (cost=0.43..8.45 rows=1 width=121)
	  Index Cond: (id = 7236596)

table 6 : explain SELECT c FROM sbtest6 WHERE id=1583883
	Index Scan using sbtest6_pkey on sbtest6  (cost=0.43..8.45 rows=1 width=121)
	  Index Cond: (id = 1583883)

table 7 : explain SELECT c FROM sbtest7 WHERE id=6912381
	Index Scan using sbtest7_pkey on sbtest7  (cost=0.43..8.45 rows=1 width=121)
	  Index Cond: (id = 6912381)

table 8 : explain SELECT c FROM sbtest8 WHERE id=7463501
	Index Scan using sbtest8_pkey on sbtest8  (cost=0.43..8.45 rows=1 width=121)
	  Index Cond: (id = 7463501)

for point_selects
table 1 : explain SELECT c FROM sbtest1 WHERE id=5766207
	Index Scan using sbtest1_pkey on sbtest1  (cost=0.43..8.45 rows=1 width=121)
	  Index Cond: (id = 5766207)

table 2 : explain SELECT c FROM sbtest2 WHERE id=1066565
	Index Scan using sbtest2_pkey on sbtest2  (cost=0.43..8.45 rows=1 width=121)
	  Index Cond: (id = 1066565)

table 3 : explain SELECT c FROM sbtest3 WHERE id=491001
	Index Scan using sbtest3_pkey on sbtest3  (cost=0.43..8.45 rows=1 width=121)
	  Index Cond: (id = 491001)

table 4 : explain SELECT c FROM sbtest4 WHERE id=914393
	Index Scan using sbtest4_pkey on sbtest4  (cost=0.43..8.45 rows=1 width=121)
	  Index Cond: (id = 914393)

table 5 : explain SELECT c FROM sbtest5 WHERE id=2063962
	Index Scan using sbtest5_pkey on sbtest5  (cost=0.43..8.45 rows=1 width=121)
	  Index Cond: (id = 2063962)

table 6 : explain SELECT c FROM sbtest6 WHERE id=3800214
	Index Scan using sbtest6_pkey on sbtest6  (cost=0.43..8.45 rows=1 width=121)
	  Index Cond: (id = 3800214)

table 7 : explain SELECT c FROM sbtest7 WHERE id=4818771
	Index Scan using sbtest7_pkey on sbtest7  (cost=0.43..8.45 rows=1 width=121)
	  Index Cond: (id = 4818771)

table 8 : explain SELECT c FROM sbtest8 WHERE id=5565898
	Index Scan using sbtest8_pkey on sbtest8  (cost=0.43..8.45 rows=1 width=121)
	  Index Cond: (id = 5565898)

for point_selects
table 1 : explain SELECT c FROM sbtest1 WHERE id=3262221
	Index Scan using sbtest1_pkey on sbtest1  (cost=0.43..8.45 rows=1 width=121)
	  Index Cond: (id = 3262221)

table 2 : explain SELECT c FROM sbtest2 WHERE id=2056608
	Index Scan using sbtest2_pkey on sbtest2  (cost=0.43..8.45 rows=1 width=121)
	  Index Cond: (id = 2056608)

table 3 : explain SELECT c FROM sbtest3 WHERE id=9735309
	Index Scan using sbtest3_pkey on sbtest3  (cost=0.43..8.45 rows=1 width=121)
	  Index Cond: (id = 9735309)

table 4 : explain SELECT c FROM sbtest4 WHERE id=3900604
	Index Scan using sbtest4_pkey on sbtest4  (cost=0.43..8.45 rows=1 width=121)
	  Index Cond: (id = 3900604)

table 5 : explain SELECT c FROM sbtest5 WHERE id=1111907
	Index Scan using sbtest5_pkey on sbtest5  (cost=0.43..8.45 rows=1 width=121)
	  Index Cond: (id = 1111907)

table 6 : explain SELECT c FROM sbtest6 WHERE id=4094514
	Index Scan using sbtest6_pkey on sbtest6  (cost=0.43..8.45 rows=1 width=121)
	  Index Cond: (id = 4094514)

table 7 : explain SELECT c FROM sbtest7 WHERE id=7484540
	Index Scan using sbtest7_pkey on sbtest7  (cost=0.43..8.45 rows=1 width=121)
	  Index Cond: (id = 7484540)

table 8 : explain SELECT c FROM sbtest8 WHERE id=4275654
	Index Scan using sbtest8_pkey on sbtest8  (cost=0.43..8.45 rows=1 width=121)
	  Index Cond: (id = 4275654)

for point_selects
table 1 : explain SELECT c FROM sbtest1 WHERE id=9876271
	Index Scan using sbtest1_pkey on sbtest1  (cost=0.43..8.45 rows=1 width=121)
	  Index Cond: (id = 9876271)

table 2 : explain SELECT c FROM sbtest2 WHERE id=6289282
	Index Scan using sbtest2_pkey on sbtest2  (cost=0.43..8.45 rows=1 width=121)
	  Index Cond: (id = 6289282)

table 3 : explain SELECT c FROM sbtest3 WHERE id=9345792
	Index Scan using sbtest3_pkey on sbtest3  (cost=0.43..8.45 rows=1 width=121)
	  Index Cond: (id = 9345792)

table 4 : explain SELECT c FROM sbtest4 WHERE id=2835300
	Index Scan using sbtest4_pkey on sbtest4  (cost=0.43..8.45 rows=1 width=121)
	  Index Cond: (id = 2835300)

table 5 : explain SELECT c FROM sbtest5 WHERE id=2744359
	Index Scan using sbtest5_pkey on sbtest5  (cost=0.43..8.45 rows=1 width=121)
	  Index Cond: (id = 2744359)

table 6 : explain SELECT c FROM sbtest6 WHERE id=5580417
	Index Scan using sbtest6_pkey on sbtest6  (cost=0.43..8.45 rows=1 width=121)
	  Index Cond: (id = 5580417)

table 7 : explain SELECT c FROM sbtest7 WHERE id=424570
	Index Scan using sbtest7_pkey on sbtest7  (cost=0.43..8.45 rows=1 width=121)
	  Index Cond: (id = 424570)

table 8 : explain SELECT c FROM sbtest8 WHERE id=7567080
	Index Scan using sbtest8_pkey on sbtest8  (cost=0.43..8.45 rows=1 width=121)
	  Index Cond: (id = 7567080)

for point_selects
table 1 : explain SELECT c FROM sbtest1 WHERE id=550510
	Index Scan using sbtest1_pkey on sbtest1  (cost=0.43..8.45 rows=1 width=121)
	  Index Cond: (id = 550510)

table 2 : explain SELECT c FROM sbtest2 WHERE id=190472
	Index Scan using sbtest2_pkey on sbtest2  (cost=0.43..8.45 rows=1 width=121)
	  Index Cond: (id = 190472)

table 3 : explain SELECT c FROM sbtest3 WHERE id=8069045
	Index Scan using sbtest3_pkey on sbtest3  (cost=0.43..8.45 rows=1 width=121)
	  Index Cond: (id = 8069045)

table 4 : explain SELECT c FROM sbtest4 WHERE id=5956066
	Index Scan using sbtest4_pkey on sbtest4  (cost=0.43..8.45 rows=1 width=121)
	  Index Cond: (id = 5956066)

table 5 : explain SELECT c FROM sbtest5 WHERE id=9781312
	Index Scan using sbtest5_pkey on sbtest5  (cost=0.43..8.45 rows=1 width=121)
	  Index Cond: (id = 9781312)

table 6 : explain SELECT c FROM sbtest6 WHERE id=4304332
	Index Scan using sbtest6_pkey on sbtest6  (cost=0.43..8.45 rows=1 width=121)
	  Index Cond: (id = 4304332)

table 7 : explain SELECT c FROM sbtest7 WHERE id=9595094
	Index Scan using sbtest7_pkey on sbtest7  (cost=0.43..8.45 rows=1 width=121)
	  Index Cond: (id = 9595094)

table 8 : explain SELECT c FROM sbtest8 WHERE id=9189231
	Index Scan using sbtest8_pkey on sbtest8  (cost=0.43..8.45 rows=1 width=121)
	  Index Cond: (id = 9189231)

for point_selects
table 1 : explain SELECT c FROM sbtest1 WHERE id=467599
	Index Scan using sbtest1_pkey on sbtest1  (cost=0.43..8.45 rows=1 width=121)
	  Index Cond: (id = 467599)

table 2 : explain SELECT c FROM sbtest2 WHERE id=2965341
	Index Scan using sbtest2_pkey on sbtest2  (cost=0.43..8.45 rows=1 width=121)
	  Index Cond: (id = 2965341)

table 3 : explain SELECT c FROM sbtest3 WHERE id=5467616
	Index Scan using sbtest3_pkey on sbtest3  (cost=0.43..8.45 rows=1 width=121)
	  Index Cond: (id = 5467616)

table 4 : explain SELECT c FROM sbtest4 WHERE id=1829178
	Index Scan using sbtest4_pkey on sbtest4  (cost=0.43..8.45 rows=1 width=121)
	  Index Cond: (id = 1829178)

table 5 : explain SELECT c FROM sbtest5 WHERE id=2604918
	Index Scan using sbtest5_pkey on sbtest5  (cost=0.43..8.45 rows=1 width=121)
	  Index Cond: (id = 2604918)

table 6 : explain SELECT c FROM sbtest6 WHERE id=7915830
	Index Scan using sbtest6_pkey on sbtest6  (cost=0.43..8.45 rows=1 width=121)
	  Index Cond: (id = 7915830)

table 7 : explain SELECT c FROM sbtest7 WHERE id=7409438
	Index Scan using sbtest7_pkey on sbtest7  (cost=0.43..8.45 rows=1 width=121)
	  Index Cond: (id = 7409438)

table 8 : explain SELECT c FROM sbtest8 WHERE id=7372080
	Index Scan using sbtest8_pkey on sbtest8  (cost=0.43..8.45 rows=1 width=121)
	  Index Cond: (id = 7372080)

explain: for point_selects :: explain SELECT c FROM sbtest%u WHERE id=%u
for point_selects
table 1 : explain SELECT c FROM sbtest1 WHERE id=9916920
	Index Scan using sbtest1_pkey on sbtest1  (cost=0.43..8.45 rows=1 width=121)
	  Index Cond: (id = 9916920)

table 2 : explain SELECT c FROM sbtest2 WHERE id=5652540
	Index Scan using sbtest2_pkey on sbtest2  (cost=0.43..8.45 rows=1 width=121)
	  Index Cond: (id = 5652540)

table 3 : explain SELECT c FROM sbtest3 WHERE id=6605959
	Index Scan using sbtest3_pkey on sbtest3  (cost=0.43..8.45 rows=1 width=121)
	  Index Cond: (id = 6605959)

table 4 : explain SELECT c FROM sbtest4 WHERE id=6206171
	Index Scan using sbtest4_pkey on sbtest4  (cost=0.43..8.45 rows=1 width=121)
	  Index Cond: (id = 6206171)

table 5 : explain SELECT c FROM sbtest5 WHERE id=7300501
	Index Scan using sbtest5_pkey on sbtest5  (cost=0.43..8.45 rows=1 width=121)
	  Index Cond: (id = 7300501)

table 6 : explain SELECT c FROM sbtest6 WHERE id=8341080
	Index Scan using sbtest6_pkey on sbtest6  (cost=0.43..8.45 rows=1 width=121)
	  Index Cond: (id = 8341080)

table 7 : explain SELECT c FROM sbtest7 WHERE id=7746075
	Index Scan using sbtest7_pkey on sbtest7  (cost=0.43..8.45 rows=1 width=121)
	  Index Cond: (id = 7746075)

table 8 : explain SELECT c FROM sbtest8 WHERE id=9080837
	Index Scan using sbtest8_pkey on sbtest8  (cost=0.43..8.45 rows=1 width=121)
	  Index Cond: (id = 9080837)

for point_selects
table 1 : explain SELECT c FROM sbtest1 WHERE id=231276
	Index Scan using sbtest1_pkey on sbtest1  (cost=0.43..8.45 rows=1 width=121)
	  Index Cond: (id = 231276)

table 2 : explain SELECT c FROM sbtest2 WHERE id=8427859
	Index Scan using sbtest2_pkey on sbtest2  (cost=0.43..8.45 rows=1 width=121)
	  Index Cond: (id = 8427859)

table 3 : explain SELECT c FROM sbtest3 WHERE id=672873
	Index Scan using sbtest3_pkey on sbtest3  (cost=0.43..8.45 rows=1 width=121)
	  Index Cond: (id = 672873)

table 4 : explain SELECT c FROM sbtest4 WHERE id=8242301
	Index Scan using sbtest4_pkey on sbtest4  (cost=0.43..8.45 rows=1 width=121)
	  Index Cond: (id = 8242301)

table 5 : explain SELECT c FROM sbtest5 WHERE id=937492
	Index Scan using sbtest5_pkey on sbtest5  (cost=0.43..8.45 rows=1 width=121)
	  Index Cond: (id = 937492)

table 6 : explain SELECT c FROM sbtest6 WHERE id=125500
	Index Scan using sbtest6_pkey on sbtest6  (cost=0.43..8.45 rows=1 width=121)
	  Index Cond: (id = 125500)

table 7 : explain SELECT c FROM sbtest7 WHERE id=7655944
	Index Scan using sbtest7_pkey on sbtest7  (cost=0.43..8.45 rows=1 width=121)
	  Index Cond: (id = 7655944)

table 8 : explain SELECT c FROM sbtest8 WHERE id=364180
	Index Scan using sbtest8_pkey on sbtest8  (cost=0.43..8.45 rows=1 width=121)
	  Index Cond: (id = 364180)

for point_selects
table 1 : explain SELECT c FROM sbtest1 WHERE id=5258871
	Index Scan using sbtest1_pkey on sbtest1  (cost=0.43..8.45 rows=1 width=121)
	  Index Cond: (id = 5258871)

table 2 : explain SELECT c FROM sbtest2 WHERE id=6933790
	Index Scan using sbtest2_pkey on sbtest2  (cost=0.43..8.45 rows=1 width=121)
	  Index Cond: (id = 6933790)

table 3 : explain SELECT c FROM sbtest3 WHERE id=7988433
	Index Scan using sbtest3_pkey on sbtest3  (cost=0.43..8.45 rows=1 width=121)
	  Index Cond: (id = 7988433)

table 4 : explain SELECT c FROM sbtest4 WHERE id=3793598
	Index Scan using sbtest4_pkey on sbtest4  (cost=0.43..8.45 rows=1 width=121)
	  Index Cond: (id = 3793598)

table 5 : explain SELECT c FROM sbtest5 WHERE id=1937030
	Index Scan using sbtest5_pkey on sbtest5  (cost=0.43..8.45 rows=1 width=121)
	  Index Cond: (id = 1937030)

table 6 : explain SELECT c FROM sbtest6 WHERE id=5684765
	Index Scan using sbtest6_pkey on sbtest6  (cost=0.43..8.45 rows=1 width=121)
	  Index Cond: (id = 5684765)

table 7 : explain SELECT c FROM sbtest7 WHERE id=9951462
	Index Scan using sbtest7_pkey on sbtest7  (cost=0.43..8.45 rows=1 width=121)
	  Index Cond: (id = 9951462)

table 8 : explain SELECT c FROM sbtest8 WHERE id=6291638
	Index Scan using sbtest8_pkey on sbtest8  (cost=0.43..8.45 rows=1 width=121)
	  Index Cond: (id = 6291638)

for point_selects
table 1 : explain SELECT c FROM sbtest1 WHERE id=4956480
	Index Scan using sbtest1_pkey on sbtest1  (cost=0.43..8.45 rows=1 width=121)
	  Index Cond: (id = 4956480)

table 2 : explain SELECT c FROM sbtest2 WHERE id=5592429
	Index Scan using sbtest2_pkey on sbtest2  (cost=0.43..8.45 rows=1 width=121)
	  Index Cond: (id = 5592429)

table 3 : explain SELECT c FROM sbtest3 WHERE id=6735236
	Index Scan using sbtest3_pkey on sbtest3  (cost=0.43..8.45 rows=1 width=121)
	  Index Cond: (id = 6735236)

table 4 : explain SELECT c FROM sbtest4 WHERE id=8772997
	Index Scan using sbtest4_pkey on sbtest4  (cost=0.43..8.45 rows=1 width=121)
	  Index Cond: (id = 8772997)

table 5 : explain SELECT c FROM sbtest5 WHERE id=1606732
	Index Scan using sbtest5_pkey on sbtest5  (cost=0.43..8.45 rows=1 width=121)
	  Index Cond: (id = 1606732)

table 6 : explain SELECT c FROM sbtest6 WHERE id=6136770
	Index Scan using sbtest6_pkey on sbtest6  (cost=0.43..8.45 rows=1 width=121)
	  Index Cond: (id = 6136770)

table 7 : explain SELECT c FROM sbtest7 WHERE id=696143
	Index Scan using sbtest7_pkey on sbtest7  (cost=0.43..8.45 rows=1 width=121)
	  Index Cond: (id = 696143)

table 8 : explain SELECT c FROM sbtest8 WHERE id=7418679
	Index Scan using sbtest8_pkey on sbtest8  (cost=0.43..8.45 rows=1 width=121)
	  Index Cond: (id = 7418679)

for point_selects
table 1 : explain SELECT c FROM sbtest1 WHERE id=4831586
	Index Scan using sbtest1_pkey on sbtest1  (cost=0.43..8.45 rows=1 width=121)
	  Index Cond: (id = 4831586)

table 2 : explain SELECT c FROM sbtest2 WHERE id=7925102
	Index Scan using sbtest2_pkey on sbtest2  (cost=0.43..8.45 rows=1 width=121)
	  Index Cond: (id = 7925102)

table 3 : explain SELECT c FROM sbtest3 WHERE id=7713187
	Index Scan using sbtest3_pkey on sbtest3  (cost=0.43..8.45 rows=1 width=121)
	  Index Cond: (id = 7713187)

table 4 : explain SELECT c FROM sbtest4 WHERE id=570747
	Index Scan using sbtest4_pkey on sbtest4  (cost=0.43..8.45 rows=1 width=121)
	  Index Cond: (id = 570747)

table 5 : explain SELECT c FROM sbtest5 WHERE id=2342532
	Index Scan using sbtest5_pkey on sbtest5  (cost=0.43..8.45 rows=1 width=121)
	  Index Cond: (id = 2342532)

table 6 : explain SELECT c FROM sbtest6 WHERE id=9692575
	Index Scan using sbtest6_pkey on sbtest6  (cost=0.43..8.45 rows=1 width=121)
	  Index Cond: (id = 9692575)

table 7 : explain SELECT c FROM sbtest7 WHERE id=6441255
	Index Scan using sbtest7_pkey on sbtest7  (cost=0.43..8.45 rows=1 width=121)
	  Index Cond: (id = 6441255)

table 8 : explain SELECT c FROM sbtest8 WHERE id=4160787
	Index Scan using sbtest8_pkey on sbtest8  (cost=0.43..8.45 rows=1 width=121)
	  Index Cond: (id = 4160787)

for point_selects
table 1 : explain SELECT c FROM sbtest1 WHERE id=7762490
	Index Scan using sbtest1_pkey on sbtest1  (cost=0.43..8.45 rows=1 width=121)
	  Index Cond: (id = 7762490)

table 2 : explain SELECT c FROM sbtest2 WHERE id=5533197
	Index Scan using sbtest2_pkey on sbtest2  (cost=0.43..8.45 rows=1 width=121)
	  Index Cond: (id = 5533197)

table 3 : explain SELECT c FROM sbtest3 WHERE id=7998621
	Index Scan using sbtest3_pkey on sbtest3  (cost=0.43..8.45 rows=1 width=121)
	  Index Cond: (id = 7998621)

table 4 : explain SELECT c FROM sbtest4 WHERE id=8427137
	Index Scan using sbtest4_pkey on sbtest4  (cost=0.43..8.45 rows=1 width=121)
	  Index Cond: (id = 8427137)

table 5 : explain SELECT c FROM sbtest5 WHERE id=1595640
	Index Scan using sbtest5_pkey on sbtest5  (cost=0.43..8.45 rows=1 width=121)
	  Index Cond: (id = 1595640)

table 6 : explain SELECT c FROM sbtest6 WHERE id=3894989
	Index Scan using sbtest6_pkey on sbtest6  (cost=0.43..8.45 rows=1 width=121)
	  Index Cond: (id = 3894989)

table 7 : explain SELECT c FROM sbtest7 WHERE id=7918652
	Index Scan using sbtest7_pkey on sbtest7  (cost=0.43..8.45 rows=1 width=121)
	  Index Cond: (id = 7918652)

table 8 : explain SELECT c FROM sbtest8 WHERE id=1202852
	Index Scan using sbtest8_pkey on sbtest8  (cost=0.43..8.45 rows=1 width=121)
	  Index Cond: (id = 1202852)

for point_selects
table 1 : explain SELECT c FROM sbtest1 WHERE id=9552984
	Index Scan using sbtest1_pkey on sbtest1  (cost=0.43..8.45 rows=1 width=121)
	  Index Cond: (id = 9552984)

table 2 : explain SELECT c FROM sbtest2 WHERE id=6037849
	Index Scan using sbtest2_pkey on sbtest2  (cost=0.43..8.45 rows=1 width=121)
	  Index Cond: (id = 6037849)

table 3 : explain SELECT c FROM sbtest3 WHERE id=9953962
	Index Scan using sbtest3_pkey on sbtest3  (cost=0.43..8.45 rows=1 width=121)
	  Index Cond: (id = 9953962)

table 4 : explain SELECT c FROM sbtest4 WHERE id=8230836
	Index Scan using sbtest4_pkey on sbtest4  (cost=0.43..8.45 rows=1 width=121)
	  Index Cond: (id = 8230836)

table 5 : explain SELECT c FROM sbtest5 WHERE id=571256
	Index Scan using sbtest5_pkey on sbtest5  (cost=0.43..8.45 rows=1 width=121)
	  Index Cond: (id = 571256)

table 6 : explain SELECT c FROM sbtest6 WHERE id=436642
	Index Scan using sbtest6_pkey on sbtest6  (cost=0.43..8.45 rows=1 width=121)
	  Index Cond: (id = 436642)

table 7 : explain SELECT c FROM sbtest7 WHERE id=8593878
	Index Scan using sbtest7_pkey on sbtest7  (cost=0.43..8.45 rows=1 width=121)
	  Index Cond: (id = 8593878)

table 8 : explain SELECT c FROM sbtest8 WHERE id=4363425
	Index Scan using sbtest8_pkey on sbtest8  (cost=0.43..8.45 rows=1 width=121)
	  Index Cond: (id = 4363425)

for point_selects
table 1 : explain SELECT c FROM sbtest1 WHERE id=9499085
	Index Scan using sbtest1_pkey on sbtest1  (cost=0.43..8.45 rows=1 width=121)
	  Index Cond: (id = 9499085)

table 2 : explain SELECT c FROM sbtest2 WHERE id=8079197
	Index Scan using sbtest2_pkey on sbtest2  (cost=0.43..8.45 rows=1 width=121)
	  Index Cond: (id = 8079197)

table 3 : explain SELECT c FROM sbtest3 WHERE id=4288054
	Index Scan using sbtest3_pkey on sbtest3  (cost=0.43..8.45 rows=1 width=121)
	  Index Cond: (id = 4288054)

table 4 : explain SELECT c FROM sbtest4 WHERE id=9111170
	Index Scan using sbtest4_pkey on sbtest4  (cost=0.43..8.45 rows=1 width=121)
	  Index Cond: (id = 9111170)

table 5 : explain SELECT c FROM sbtest5 WHERE id=6669407
	Index Scan using sbtest5_pkey on sbtest5  (cost=0.43..8.45 rows=1 width=121)
	  Index Cond: (id = 6669407)

table 6 : explain SELECT c FROM sbtest6 WHERE id=8452628
	Index Scan using sbtest6_pkey on sbtest6  (cost=0.43..8.45 rows=1 width=121)
	  Index Cond: (id = 8452628)

table 7 : explain SELECT c FROM sbtest7 WHERE id=7521831
	Index Scan using sbtest7_pkey on sbtest7  (cost=0.43..8.45 rows=1 width=121)
	  Index Cond: (id = 7521831)

table 8 : explain SELECT c FROM sbtest8 WHERE id=4351661
	Index Scan using sbtest8_pkey on sbtest8  (cost=0.43..8.45 rows=1 width=121)
	  Index Cond: (id = 4351661)

for point_selects
table 1 : explain SELECT c FROM sbtest1 WHERE id=4859283
	Index Scan using sbtest1_pkey on sbtest1  (cost=0.43..8.45 rows=1 width=121)
	  Index Cond: (id = 4859283)

table 2 : explain SELECT c FROM sbtest2 WHERE id=1192524
	Index Scan using sbtest2_pkey on sbtest2  (cost=0.43..8.45 rows=1 width=121)
	  Index Cond: (id = 1192524)

table 3 : explain SELECT c FROM sbtest3 WHERE id=3013408
	Index Scan using sbtest3_pkey on sbtest3  (cost=0.43..8.45 rows=1 width=121)
	  Index Cond: (id = 3013408)

table 4 : explain SELECT c FROM sbtest4 WHERE id=867154
	Index Scan using sbtest4_pkey on sbtest4  (cost=0.43..8.45 rows=1 width=121)
	  Index Cond: (id = 867154)

table 5 : explain SELECT c FROM sbtest5 WHERE id=9645983
	Index Scan using sbtest5_pkey on sbtest5  (cost=0.43..8.45 rows=1 width=121)
	  Index Cond: (id = 9645983)

table 6 : explain SELECT c FROM sbtest6 WHERE id=3893348
	Index Scan using sbtest6_pkey on sbtest6  (cost=0.43..8.45 rows=1 width=121)
	  Index Cond: (id = 3893348)

table 7 : explain SELECT c FROM sbtest7 WHERE id=3185620
	Index Scan using sbtest7_pkey on sbtest7  (cost=0.43..8.45 rows=1 width=121)
	  Index Cond: (id = 3185620)

table 8 : explain SELECT c FROM sbtest8 WHERE id=8583975
	Index Scan using sbtest8_pkey on sbtest8  (cost=0.43..8.45 rows=1 width=121)
	  Index Cond: (id = 8583975)

for point_selects
table 1 : explain SELECT c FROM sbtest1 WHERE id=4015243
	Index Scan using sbtest1_pkey on sbtest1  (cost=0.43..8.45 rows=1 width=121)
	  Index Cond: (id = 4015243)

table 2 : explain SELECT c FROM sbtest2 WHERE id=7953042
	Index Scan using sbtest2_pkey on sbtest2  (cost=0.43..8.45 rows=1 width=121)
	  Index Cond: (id = 7953042)

table 3 : explain SELECT c FROM sbtest3 WHERE id=9522056
	Index Scan using sbtest3_pkey on sbtest3  (cost=0.43..8.45 rows=1 width=121)
	  Index Cond: (id = 9522056)

table 4 : explain SELECT c FROM sbtest4 WHERE id=9572801
	Index Scan using sbtest4_pkey on sbtest4  (cost=0.43..8.45 rows=1 width=121)
	  Index Cond: (id = 9572801)

table 5 : explain SELECT c FROM sbtest5 WHERE id=5459568
	Index Scan using sbtest5_pkey on sbtest5  (cost=0.43..8.45 rows=1 width=121)
	  Index Cond: (id = 5459568)

table 6 : explain SELECT c FROM sbtest6 WHERE id=1747293
	Index Scan using sbtest6_pkey on sbtest6  (cost=0.43..8.45 rows=1 width=121)
	  Index Cond: (id = 1747293)

table 7 : explain SELECT c FROM sbtest7 WHERE id=2861922
	Index Scan using sbtest7_pkey on sbtest7  (cost=0.43..8.45 rows=1 width=121)
	  Index Cond: (id = 2861922)

table 8 : explain SELECT c FROM sbtest8 WHERE id=4946596
	Index Scan using sbtest8_pkey on sbtest8  (cost=0.43..8.45 rows=1 width=121)
	  Index Cond: (id = 4946596)

for point_selects
table 1 : explain SELECT c FROM sbtest1 WHERE id=8497859
	Index Scan using sbtest1_pkey on sbtest1  (cost=0.43..8.45 rows=1 width=121)
	  Index Cond: (id = 8497859)

table 2 : explain SELECT c FROM sbtest2 WHERE id=7107331
	Index Scan using sbtest2_pkey on sbtest2  (cost=0.43..8.45 rows=1 width=121)
	  Index Cond: (id = 7107331)

table 3 : explain SELECT c FROM sbtest3 WHERE id=6525052
	Index Scan using sbtest3_pkey on sbtest3  (cost=0.43..8.45 rows=1 width=121)
	  Index Cond: (id = 6525052)

table 4 : explain SELECT c FROM sbtest4 WHERE id=6329725
	Index Scan using sbtest4_pkey on sbtest4  (cost=0.43..8.45 rows=1 width=121)
	  Index Cond: (id = 6329725)

table 5 : explain SELECT c FROM sbtest5 WHERE id=900340
	Index Scan using sbtest5_pkey on sbtest5  (cost=0.43..8.45 rows=1 width=121)
	  Index Cond: (id = 900340)

table 6 : explain SELECT c FROM sbtest6 WHERE id=7656904
	Index Scan using sbtest6_pkey on sbtest6  (cost=0.43..8.45 rows=1 width=121)
	  Index Cond: (id = 7656904)

table 7 : explain SELECT c FROM sbtest7 WHERE id=4944151
	Index Scan using sbtest7_pkey on sbtest7  (cost=0.43..8.45 rows=1 width=121)
	  Index Cond: (id = 4944151)

table 8 : explain SELECT c FROM sbtest8 WHERE id=1977498
	Index Scan using sbtest8_pkey on sbtest8  (cost=0.43..8.45 rows=1 width=121)
	  Index Cond: (id = 1977498)

Threads started!

Warming up for 5 seconds...

SQL statistics:
    queries performed:
        read:                            663718663
        write:                           0
        other:                           0
        total:                           663718663
    transactions:                        663718663 (1053506.20 per sec.)
    queries:                             663718663 (1053506.20 per sec.)
    ignored errors:                      0      (0.00 per sec.)
    reconnects:                          0      (0.00 per sec.)

Throughput:
    events/s (eps):                      1053506.1977
    time elapsed:                        630.0094s
    total number of events:              663718663

Latency (ms):
         min:                                    0.03
         avg:                                    0.04
         max:                                   20.08
         95th percentile:                        0.04
         sum:                             25026064.32

Threads fairness:
    events (avg/stddev):           16592945.5500/256244.84
    execution time (avg/stddev):   625.6516/0.15

