LUA_PATH=/home/mdcallag/git/mytools/bench/sysbench.lua/lua/?.lua /home/mdcallag/git/mytools/bench/sysbench.lua/lua/sysbench --db-driver=pgsql --range-size=100 --table-size=10000000 --tables=8 --threads=40 --events=0 --warmup-time=5 --time=630 --pgsql_conn_id=true /home/mdcallag/git/mytools/bench/sysbench.lua/lua/oltp_range_covered.lua run --pgsql-user=root --pgsql-password=pw --pgsql-host=127.0.0.1 --pgsql-db=ib --rand-type=uniform --random-points=100 --skip-trx --on-id=false --covered=false
48 CPUs
sysbench 1.1.0-9072687 (using bundled LuaJIT 2.1.0-beta3)

Running the test with following options:
Number of threads: 40
Warmup time: 5s
Initializing random number generator from current time


Initializing worker threads...

explain: for range-notcovered :: explain SELECT k, c FROM sbtest%d WHERE k BETWEEN 8247199 AND 8247299
explain: for range-notcovered :: explain SELECT k, c FROM sbtest%d WHERE k BETWEEN 5041427 AND 5041527
explain: for range-notcovered :: explain SELECT k, c FROM sbtest%d WHERE k BETWEEN 3096133 AND 3096233
explain: for range-notcovered :: explain SELECT k, c FROM sbtest%d WHERE k BETWEEN 6534893 AND 6534993
explain: for range-notcovered :: explain SELECT k, c FROM sbtest%d WHERE k BETWEEN 1679022 AND 1679122
explain: for range-notcovered :: explain SELECT k, c FROM sbtest%d WHERE k BETWEEN 5100153 AND 5100253
explain: for range-notcovered :: explain SELECT k, c FROM sbtest%d WHERE k BETWEEN 5115279 AND 5115379
for range-notcovered
table 1 : explain SELECT k, c FROM sbtest1 WHERE k BETWEEN 5041427 AND 5041527
	Bitmap Heap Scan on sbtest1  (cost=5.41..381.49 rows=95 width=125)
	  Recheck Cond: ((k >= 5041427) AND (k <= 5041527))
	  ->  Bitmap Index Scan on k_1  (cost=0.00..5.38 rows=95 width=0)
	        Index Cond: ((k >= 5041427) AND (k <= 5041527))

table 2 : explain SELECT k, c FROM sbtest2 WHERE k BETWEEN 5041427 AND 5041527
	Bitmap Heap Scan on sbtest2  (cost=5.41..381.49 rows=95 width=125)
	  Recheck Cond: ((k >= 5041427) AND (k <= 5041527))
	  ->  Bitmap Index Scan on k_2  (cost=0.00..5.38 rows=95 width=0)
	        Index Cond: ((k >= 5041427) AND (k <= 5041527))

table 3 : explain SELECT k, c FROM sbtest3 WHERE k BETWEEN 5041427 AND 5041527
	Bitmap Heap Scan on sbtest3  (cost=5.46..401.19 rows=100 width=125)
	  Recheck Cond: ((k >= 5041427) AND (k <= 5041527))
	  ->  Bitmap Index Scan on k_3  (cost=0.00..5.43 rows=100 width=0)
	        Index Cond: ((k >= 5041427) AND (k <= 5041527))

table 4 : explain SELECT k, c FROM sbtest4 WHERE k BETWEEN 5041427 AND 5041527
	Bitmap Heap Scan on sbtest4  (cost=5.50..416.94 rows=104 width=125)
	  Recheck Cond: ((k >= 5041427) AND (k <= 5041527))
	  ->  Bitmap Index Scan on k_4  (cost=0.00..5.47 rows=104 width=0)
	        Index Cond: ((k >= 5041427) AND (k <= 5041527))

table 5 : explain SELECT k, c FROM sbtest5 WHERE k BETWEEN 5041427 AND 5041527
	Bitmap Heap Scan on sbtest5  (cost=5.41..381.49 rows=95 width=125)
	  Recheck Cond: ((k >= 5041427) AND (k <= 5041527))
	  ->  Bitmap Index Scan on k_5  (cost=0.00..5.38 rows=95 width=0)
	        Index Cond: ((k >= 5041427) AND (k <= 5041527))

table 6 : explain SELECT k, c FROM sbtest6 WHERE k BETWEEN 5041427 AND 5041527
	Bitmap Heap Scan on sbtest6  (cost=5.41..381.49 rows=95 width=125)
	  Recheck Cond: ((k >= 5041427) AND (k <= 5041527))
	  ->  Bitmap Index Scan on k_6  (cost=0.00..5.38 rows=95 width=0)
	        Index Cond: ((k >= 5041427) AND (k <= 5041527))

table 7 : explain SELECT k, c FROM sbtest7 WHERE k BETWEEN 5041427 AND 5041527
	Bitmap Heap Scan on sbtest7  (cost=5.53..428.75 rows=107 width=125)
	  Recheck Cond: ((k >= 5041427) AND (k <= 5041527))
	  ->  Bitmap Index Scan on k_7  (cost=0.00..5.50 rows=107 width=0)
	        Index Cond: ((k >= 5041427) AND (k <= 5041527))

table 8 : explain SELECT k, c FROM sbtest8 WHERE k BETWEEN 5041427 AND 5041527
	Bitmap Heap Scan on sbtest8  (cost=5.45..397.25 rows=99 width=125)
	  Recheck Cond: ((k >= 5041427) AND (k <= 5041527))
	  ->  Bitmap Index Scan on k_8  (cost=0.00..5.42 rows=99 width=0)
	        Index Cond: ((k >= 5041427) AND (k <= 5041527))

explain: for range-notcovered :: explain SELECT k, c FROM sbtest%d WHERE k BETWEEN 5041427 AND 5041527
for range-notcovered
table 1 : explain SELECT k, c FROM sbtest1 WHERE k BETWEEN 6534893 AND 6534993
	Bitmap Heap Scan on sbtest1  (cost=5.45..397.25 rows=99 width=125)
	  Recheck Cond: ((k >= 6534893) AND (k <= 6534993))
	  ->  Bitmap Index Scan on k_1  (cost=0.00..5.42 rows=99 width=0)
	        Index Cond: ((k >= 6534893) AND (k <= 6534993))

table 2 : explain SELECT k, c FROM sbtest2 WHERE k BETWEEN 6534893 AND 6534993
	Bitmap Heap Scan on sbtest2  (cost=5.57..444.49 rows=111 width=125)
	  Recheck Cond: ((k >= 6534893) AND (k <= 6534993))
	  ->  Bitmap Index Scan on k_2  (cost=0.00..5.54 rows=111 width=0)
	        Index Cond: ((k >= 6534893) AND (k <= 6534993))

table 3 : explain SELECT k, c FROM sbtest3 WHERE k BETWEEN 6534893 AND 6534993
	Bitmap Heap Scan on sbtest3  (cost=5.57..444.49 rows=111 width=125)
	  Recheck Cond: ((k >= 6534893) AND (k <= 6534993))
	  ->  Bitmap Index Scan on k_3  (cost=0.00..5.54 rows=111 width=0)
	        Index Cond: ((k >= 6534893) AND (k <= 6534993))

table 4 : explain SELECT k, c FROM sbtest4 WHERE k BETWEEN 6534893 AND 6534993
	Bitmap Heap Scan on sbtest4  (cost=5.48..409.07 rows=102 width=125)
	  Recheck Cond: ((k >= 6534893) AND (k <= 6534993))
	  ->  Bitmap Index Scan on k_4  (cost=0.00..5.45 rows=102 width=0)
	        Index Cond: ((k >= 6534893) AND (k <= 6534993))

table 5 : explain SELECT k, c FROM sbtest5 WHERE k BETWEEN 6534893 AND 6534993
	Bitmap Heap Scan on sbtest5  (cost=5.47..405.13 rows=101 width=125)
	  Recheck Cond: ((k >= 6534893) AND (k <= 6534993))
	  ->  Bitmap Index Scan on k_5  (cost=0.00..5.44 rows=101 width=0)
	        Index Cond: ((k >= 6534893) AND (k <= 6534993))

table 6 : explain SELECT k, c FROM sbtest6 WHERE k BETWEEN 6534893 AND 6534993
	Bitmap Heap Scan on sbtest6  (cost=5.58..448.42 rows=112 width=125)
	  Recheck Cond: ((k >= 6534893) AND (k <= 6534993))
	  ->  Bitmap Index Scan on k_6  (cost=0.00..5.55 rows=112 width=0)
	        Index Cond: ((k >= 6534893) AND (k <= 6534993))

table 7 : explain SELECT k, c FROM sbtest7 WHERE k BETWEEN 6534893 AND 6534993
	Bitmap Heap Scan on sbtest7  (cost=5.49..413.00 rows=103 width=125)
	  Recheck Cond: ((k >= 6534893) AND (k <= 6534993))
	  ->  Bitmap Index Scan on k_7  (cost=0.00..5.46 rows=103 width=0)
	        Index Cond: ((k >= 6534893) AND (k <= 6534993))

table 8 : explain SELECT k, c FROM sbtest8 WHERE k BETWEEN 6534893 AND 6534993
	Bitmap Heap Scan on sbtest8  (cost=5.43..389.37 rows=97 width=125)
	  Recheck Cond: ((k >= 6534893) AND (k <= 6534993))
	  ->  Bitmap Index Scan on k_8  (cost=0.00..5.40 rows=97 width=0)
	        Index Cond: ((k >= 6534893) AND (k <= 6534993))

explain: for range-notcovered :: explain SELECT k, c FROM sbtest%d WHERE k BETWEEN 6534893 AND 6534993
for range-notcovered
table 1 : explain SELECT k, c FROM sbtest1 WHERE k BETWEEN 5041427 AND 5041527
	Bitmap Heap Scan on sbtest1  (cost=5.41..381.49 rows=95 width=125)
	  Recheck Cond: ((k >= 5041427) AND (k <= 5041527))
	  ->  Bitmap Index Scan on k_1  (cost=0.00..5.38 rows=95 width=0)
	        Index Cond: ((k >= 5041427) AND (k <= 5041527))

table 2 : explain SELECT k, c FROM sbtest2 WHERE k BETWEEN 5041427 AND 5041527
	Bitmap Heap Scan on sbtest2  (cost=5.41..381.49 rows=95 width=125)
	  Recheck Cond: ((k >= 5041427) AND (k <= 5041527))
	  ->  Bitmap Index Scan on k_2  (cost=0.00..5.38 rows=95 width=0)
	        Index Cond: ((k >= 5041427) AND (k <= 5041527))

table 3 : explain SELECT k, c FROM sbtest3 WHERE k BETWEEN 5041427 AND 5041527
	Bitmap Heap Scan on sbtest3  (cost=5.46..401.19 rows=100 width=125)
	  Recheck Cond: ((k >= 5041427) AND (k <= 5041527))
	  ->  Bitmap Index Scan on k_3  (cost=0.00..5.43 rows=100 width=0)
	        Index Cond: ((k >= 5041427) AND (k <= 5041527))

table 4 : explain SELECT k, c FROM sbtest4 WHERE k BETWEEN 5041427 AND 5041527
	Bitmap Heap Scan on sbtest4  (cost=5.50..416.94 rows=104 width=125)
	  Recheck Cond: ((k >= 5041427) AND (k <= 5041527))
	  ->  Bitmap Index Scan on k_4  (cost=0.00..5.47 rows=104 width=0)
	        Index Cond: ((k >= 5041427) AND (k <= 5041527))

table 5 : explain SELECT k, c FROM sbtest5 WHERE k BETWEEN 5041427 AND 5041527
	Bitmap Heap Scan on sbtest5  (cost=5.41..381.49 rows=95 width=125)
	  Recheck Cond: ((k >= 5041427) AND (k <= 5041527))
	  ->  Bitmap Index Scan on k_5  (cost=0.00..5.38 rows=95 width=0)
	        Index Cond: ((k >= 5041427) AND (k <= 5041527))

table 6 : explain SELECT k, c FROM sbtest6 WHERE k BETWEEN 5041427 AND 5041527
	Bitmap Heap Scan on sbtest6  (cost=5.41..381.49 rows=95 width=125)
	  Recheck Cond: ((k >= 5041427) AND (k <= 5041527))
	  ->  Bitmap Index Scan on k_6  (cost=0.00..5.38 rows=95 width=0)
	        Index Cond: ((k >= 5041427) AND (k <= 5041527))

table 7 : explain SELECT k, c FROM sbtest7 WHERE k BETWEEN 5041427 AND 5041527
	Bitmap Heap Scan on sbtest7  (cost=5.53..428.75 rows=107 width=125)
	  Recheck Cond: ((k >= 5041427) AND (k <= 5041527))
	  ->  Bitmap Index Scan on k_7  (cost=0.00..5.50 rows=107 width=0)
	        Index Cond: ((k >= 5041427) AND (k <= 5041527))

table 8 : explain SELECT k, c FROM sbtest8 WHERE k BETWEEN 5041427 AND 5041527
	Bitmap Heap Scan on sbtest8  (cost=5.45..397.25 rows=99 width=125)
	  Recheck Cond: ((k >= 5041427) AND (k <= 5041527))
	  ->  Bitmap Index Scan on k_8  (cost=0.00..5.42 rows=99 width=0)
	        Index Cond: ((k >= 5041427) AND (k <= 5041527))

for range-notcovered
table 1 : explain SELECT k, c FROM sbtest1 WHERE k BETWEEN 5100153 AND 5100253
	Bitmap Heap Scan on sbtest1  (cost=5.49..413.00 rows=103 width=125)
	  Recheck Cond: ((k >= 5100153) AND (k <= 5100253))
	  ->  Bitmap Index Scan on k_1  (cost=0.00..5.46 rows=103 width=0)
	        Index Cond: ((k >= 5100153) AND (k <= 5100253))

table 2 : explain SELECT k, c FROM sbtest2 WHERE k BETWEEN 5100153 AND 5100253
	Bitmap Heap Scan on sbtest2  (cost=5.41..381.49 rows=95 width=125)
	  Recheck Cond: ((k >= 5100153) AND (k <= 5100253))
	  ->  Bitmap Index Scan on k_2  (cost=0.00..5.38 rows=95 width=0)
	        Index Cond: ((k >= 5100153) AND (k <= 5100253))

table 3 : explain SELECT k, c FROM sbtest3 WHERE k BETWEEN 5100153 AND 5100253
	Bitmap Heap Scan on sbtest3  (cost=5.46..401.19 rows=100 width=125)
	  Recheck Cond: ((k >= 5100153) AND (k <= 5100253))
	  ->  Bitmap Index Scan on k_3  (cost=0.00..5.43 rows=100 width=0)
	        Index Cond: ((k >= 5100153) AND (k <= 5100253))

table 4 : explain SELECT k, c FROM sbtest4 WHERE k BETWEEN 5100153 AND 5100253
	Bitmap Heap Scan on sbtest4  (cost=5.49..413.00 rows=103 width=125)
	  Recheck Cond: ((k >= 5100153) AND (k <= 5100253))
	  ->  Bitmap Index Scan on k_4  (cost=0.00..5.46 rows=103 width=0)
	        Index Cond: ((k >= 5100153) AND (k <= 5100253))

table 5 : explain SELECT k, c FROM sbtest5 WHERE k BETWEEN 5100153 AND 5100253
	Bitmap Heap Scan on sbtest5  (cost=5.41..381.49 rows=95 width=125)
	  Recheck Cond: ((k >= 5100153) AND (k <= 5100253))
	  ->  Bitmap Index Scan on k_5  (cost=0.00..5.38 rows=95 width=0)
	        Index Cond: ((k >= 5100153) AND (k <= 5100253))

table 6 : explain SELECT k, c FROM sbtest6 WHERE k BETWEEN 5100153 AND 5100253
	Bitmap Heap Scan on sbtest6  (cost=5.44..393.31 rows=98 width=125)
	  Recheck Cond: ((k >= 5100153) AND (k <= 5100253))
	  ->  Bitmap Index Scan on k_6  (cost=0.00..5.42 rows=98 width=0)
	        Index Cond: ((k >= 5100153) AND (k <= 5100253))

table 7 : explain SELECT k, c FROM sbtest7 WHERE k BETWEEN 5100153 AND 5100253
	Bitmap Heap Scan on sbtest7  (cost=5.49..413.00 rows=103 width=125)
	  Recheck Cond: ((k >= 5100153) AND (k <= 5100253))
	  ->  Bitmap Index Scan on k_7  (cost=0.00..5.46 rows=103 width=0)
	        Index Cond: ((k >= 5100153) AND (k <= 5100253))

table 8 : explain SELECT k, c FROM sbtest8 WHERE k BETWEEN 5100153 AND 5100253
	Bitmap Heap Scan on sbtest8  (cost=5.45..397.25 rows=99 width=125)
	  Recheck Cond: ((k >= 5100153) AND (k <= 5100253))
	  ->  Bitmap Index Scan on k_8  (cost=0.00..5.42 rows=99 width=0)
	        Index Cond: ((k >= 5100153) AND (k <= 5100253))

explain: for range-notcovered :: explain SELECT k, c FROM sbtest%d WHERE k BETWEEN 5041427 AND 5041527
explain: for range-notcovered :: explain SELECT k, c FROM sbtest%d WHERE k BETWEEN 5100153 AND 5100253
for range-notcovered
table 1 : explain SELECT k, c FROM sbtest1 WHERE k BETWEEN 6534893 AND 6534993
	Bitmap Heap Scan on sbtest1  (cost=5.45..397.25 rows=99 width=125)
	  Recheck Cond: ((k >= 6534893) AND (k <= 6534993))
	  ->  Bitmap Index Scan on k_1  (cost=0.00..5.42 rows=99 width=0)
	        Index Cond: ((k >= 6534893) AND (k <= 6534993))

table 2 : explain SELECT k, c FROM sbtest2 WHERE k BETWEEN 6534893 AND 6534993
	Bitmap Heap Scan on sbtest2  (cost=5.57..444.49 rows=111 width=125)
	  Recheck Cond: ((k >= 6534893) AND (k <= 6534993))
	  ->  Bitmap Index Scan on k_2  (cost=0.00..5.54 rows=111 width=0)
	        Index Cond: ((k >= 6534893) AND (k <= 6534993))

table 3 : explain SELECT k, c FROM sbtest3 WHERE k BETWEEN 6534893 AND 6534993
	Bitmap Heap Scan on sbtest3  (cost=5.57..444.49 rows=111 width=125)
	  Recheck Cond: ((k >= 6534893) AND (k <= 6534993))
	  ->  Bitmap Index Scan on k_3  (cost=0.00..5.54 rows=111 width=0)
	        Index Cond: ((k >= 6534893) AND (k <= 6534993))

table 4 : explain SELECT k, c FROM sbtest4 WHERE k BETWEEN 6534893 AND 6534993
	Bitmap Heap Scan on sbtest4  (cost=5.48..409.07 rows=102 width=125)
	  Recheck Cond: ((k >= 6534893) AND (k <= 6534993))
	  ->  Bitmap Index Scan on k_4  (cost=0.00..5.45 rows=102 width=0)
	        Index Cond: ((k >= 6534893) AND (k <= 6534993))

table 5 : explain SELECT k, c FROM sbtest5 WHERE k BETWEEN 6534893 AND 6534993
	Bitmap Heap Scan on sbtest5  (cost=5.47..405.13 rows=101 width=125)
	  Recheck Cond: ((k >= 6534893) AND (k <= 6534993))
	  ->  Bitmap Index Scan on k_5  (cost=0.00..5.44 rows=101 width=0)
	        Index Cond: ((k >= 6534893) AND (k <= 6534993))

table 6 : explain SELECT k, c FROM sbtest6 WHERE k BETWEEN 6534893 AND 6534993
	Bitmap Heap Scan on sbtest6  (cost=5.58..448.42 rows=112 width=125)
	  Recheck Cond: ((k >= 6534893) AND (k <= 6534993))
	  ->  Bitmap Index Scan on k_6  (cost=0.00..5.55 rows=112 width=0)
	        Index Cond: ((k >= 6534893) AND (k <= 6534993))

table 7 : explain SELECT k, c FROM sbtest7 WHERE k BETWEEN 6534893 AND 6534993
	Bitmap Heap Scan on sbtest7  (cost=5.49..413.00 rows=103 width=125)
	  Recheck Cond: ((k >= 6534893) AND (k <= 6534993))
	  ->  Bitmap Index Scan on k_7  (cost=0.00..5.46 rows=103 width=0)
	        Index Cond: ((k >= 6534893) AND (k <= 6534993))

table 8 : explain SELECT k, c FROM sbtest8 WHERE k BETWEEN 6534893 AND 6534993
	Bitmap Heap Scan on sbtest8  (cost=5.43..389.37 rows=97 width=125)
	  Recheck Cond: ((k >= 6534893) AND (k <= 6534993))
	  ->  Bitmap Index Scan on k_8  (cost=0.00..5.40 rows=97 width=0)
	        Index Cond: ((k >= 6534893) AND (k <= 6534993))

explain: for range-notcovered :: explain SELECT k, c FROM sbtest%d WHERE k BETWEEN 6534893 AND 6534993
for range-notcovered
table 1 : explain SELECT k, c FROM sbtest1 WHERE k BETWEEN 5115279 AND 5115379
	Bitmap Heap Scan on sbtest1  (cost=5.49..413.00 rows=103 width=125)
	  Recheck Cond: ((k >= 5115279) AND (k <= 5115379))
	  ->  Bitmap Index Scan on k_1  (cost=0.00..5.46 rows=103 width=0)
	        Index Cond: ((k >= 5115279) AND (k <= 5115379))

table 2 : explain SELECT k, c FROM sbtest2 WHERE k BETWEEN 5115279 AND 5115379
	Bitmap Heap Scan on sbtest2  (cost=5.41..381.49 rows=95 width=125)
	  Recheck Cond: ((k >= 5115279) AND (k <= 5115379))
	  ->  Bitmap Index Scan on k_2  (cost=0.00..5.38 rows=95 width=0)
	        Index Cond: ((k >= 5115279) AND (k <= 5115379))

table 3 : explain SELECT k, c FROM sbtest3 WHERE k BETWEEN 5115279 AND 5115379
	Bitmap Heap Scan on sbtest3  (cost=5.46..401.19 rows=100 width=125)
	  Recheck Cond: ((k >= 5115279) AND (k <= 5115379))
	  ->  Bitmap Index Scan on k_3  (cost=0.00..5.43 rows=100 width=0)
	        Index Cond: ((k >= 5115279) AND (k <= 5115379))

table 4 : explain SELECT k, c FROM sbtest4 WHERE k BETWEEN 5115279 AND 5115379
	Bitmap Heap Scan on sbtest4  (cost=5.49..413.00 rows=103 width=125)
	  Recheck Cond: ((k >= 5115279) AND (k <= 5115379))
	  ->  Bitmap Index Scan on k_4  (cost=0.00..5.46 rows=103 width=0)
	        Index Cond: ((k >= 5115279) AND (k <= 5115379))

table 5 : explain SELECT k, c FROM sbtest5 WHERE k BETWEEN 5115279 AND 5115379
	Bitmap Heap Scan on sbtest5  (cost=5.38..369.67 rows=92 width=125)
	  Recheck Cond: ((k >= 5115279) AND (k <= 5115379))
	  ->  Bitmap Index Scan on k_5  (cost=0.00..5.35 rows=92 width=0)
	        Index Cond: ((k >= 5115279) AND (k <= 5115379))

table 6 : explain SELECT k, c FROM sbtest6 WHERE k BETWEEN 5115279 AND 5115379
	Bitmap Heap Scan on sbtest6  (cost=5.44..393.31 rows=98 width=125)
	  Recheck Cond: ((k >= 5115279) AND (k <= 5115379))
	  ->  Bitmap Index Scan on k_6  (cost=0.00..5.42 rows=98 width=0)
	        Index Cond: ((k >= 5115279) AND (k <= 5115379))

table 7 : explain SELECT k, c FROM sbtest7 WHERE k BETWEEN 5115279 AND 5115379
	Bitmap Heap Scan on sbtest7  (cost=5.49..413.00 rows=103 width=125)
	  Recheck Cond: ((k >= 5115279) AND (k <= 5115379))
	  ->  Bitmap Index Scan on k_7  (cost=0.00..5.46 rows=103 width=0)
	        Index Cond: ((k >= 5115279) AND (k <= 5115379))

table 8 : explain SELECT k, c FROM sbtest8 WHERE k BETWEEN 5115279 AND 5115379
	Bitmap Heap Scan on sbtest8  (cost=5.43..389.37 rows=97 width=125)
	  Recheck Cond: ((k >= 5115279) AND (k <= 5115379))
	  ->  Bitmap Index Scan on k_8  (cost=0.00..5.40 rows=97 width=0)
	        Index Cond: ((k >= 5115279) AND (k <= 5115379))

explain: for range-notcovered :: explain SELECT k, c FROM sbtest%d WHERE k BETWEEN 5115279 AND 5115379
for range-notcovered
table 1 : explain SELECT k, c FROM sbtest1 WHERE k BETWEEN 5041427 AND 5041527
	Bitmap Heap Scan on sbtest1  (cost=5.41..381.49 rows=95 width=125)
	  Recheck Cond: ((k >= 5041427) AND (k <= 5041527))
	  ->  Bitmap Index Scan on k_1  (cost=0.00..5.38 rows=95 width=0)
	        Index Cond: ((k >= 5041427) AND (k <= 5041527))

table 2 : explain SELECT k, c FROM sbtest2 WHERE k BETWEEN 5041427 AND 5041527
	Bitmap Heap Scan on sbtest2  (cost=5.41..381.49 rows=95 width=125)
	  Recheck Cond: ((k >= 5041427) AND (k <= 5041527))
	  ->  Bitmap Index Scan on k_2  (cost=0.00..5.38 rows=95 width=0)
	        Index Cond: ((k >= 5041427) AND (k <= 5041527))

table 3 : explain SELECT k, c FROM sbtest3 WHERE k BETWEEN 5041427 AND 5041527
	Bitmap Heap Scan on sbtest3  (cost=5.46..401.19 rows=100 width=125)
	  Recheck Cond: ((k >= 5041427) AND (k <= 5041527))
	  ->  Bitmap Index Scan on k_3  (cost=0.00..5.43 rows=100 width=0)
	        Index Cond: ((k >= 5041427) AND (k <= 5041527))

table 4 : explain SELECT k, c FROM sbtest4 WHERE k BETWEEN 5041427 AND 5041527
	Bitmap Heap Scan on sbtest4  (cost=5.50..416.94 rows=104 width=125)
	  Recheck Cond: ((k >= 5041427) AND (k <= 5041527))
	  ->  Bitmap Index Scan on k_4  (cost=0.00..5.47 rows=104 width=0)
	        Index Cond: ((k >= 5041427) AND (k <= 5041527))

table 5 : explain SELECT k, c FROM sbtest5 WHERE k BETWEEN 5041427 AND 5041527
	Bitmap Heap Scan on sbtest5  (cost=5.41..381.49 rows=95 width=125)
	  Recheck Cond: ((k >= 5041427) AND (k <= 5041527))
	  ->  Bitmap Index Scan on k_5  (cost=0.00..5.38 rows=95 width=0)
	        Index Cond: ((k >= 5041427) AND (k <= 5041527))

table 6 : explain SELECT k, c FROM sbtest6 WHERE k BETWEEN 5041427 AND 5041527
	Bitmap Heap Scan on sbtest6  (cost=5.41..381.49 rows=95 width=125)
	  Recheck Cond: ((k >= 5041427) AND (k <= 5041527))
	  ->  Bitmap Index Scan on k_6  (cost=0.00..5.38 rows=95 width=0)
	        Index Cond: ((k >= 5041427) AND (k <= 5041527))

table 7 : explain SELECT k, c FROM sbtest7 WHERE k BETWEEN 5041427 AND 5041527
	Bitmap Heap Scan on sbtest7  (cost=5.53..428.75 rows=107 width=125)
	  Recheck Cond: ((k >= 5041427) AND (k <= 5041527))
	  ->  Bitmap Index Scan on k_7  (cost=0.00..5.50 rows=107 width=0)
	        Index Cond: ((k >= 5041427) AND (k <= 5041527))

table 8 : explain SELECT k, c FROM sbtest8 WHERE k BETWEEN 5041427 AND 5041527
	Bitmap Heap Scan on sbtest8  (cost=5.45..397.25 rows=99 width=125)
	  Recheck Cond: ((k >= 5041427) AND (k <= 5041527))
	  ->  Bitmap Index Scan on k_8  (cost=0.00..5.42 rows=99 width=0)
	        Index Cond: ((k >= 5041427) AND (k <= 5041527))

for range-notcovered
table 1 : explain SELECT k, c FROM sbtest1 WHERE k BETWEEN 5100153 AND 5100253
	Bitmap Heap Scan on sbtest1  (cost=5.49..413.00 rows=103 width=125)
	  Recheck Cond: ((k >= 5100153) AND (k <= 5100253))
	  ->  Bitmap Index Scan on k_1  (cost=0.00..5.46 rows=103 width=0)
	        Index Cond: ((k >= 5100153) AND (k <= 5100253))

table 2 : explain SELECT k, c FROM sbtest2 WHERE k BETWEEN 5100153 AND 5100253
	Bitmap Heap Scan on sbtest2  (cost=5.41..381.49 rows=95 width=125)
	  Recheck Cond: ((k >= 5100153) AND (k <= 5100253))
	  ->  Bitmap Index Scan on k_2  (cost=0.00..5.38 rows=95 width=0)
	        Index Cond: ((k >= 5100153) AND (k <= 5100253))

table 3 : explain SELECT k, c FROM sbtest3 WHERE k BETWEEN 5100153 AND 5100253
	Bitmap Heap Scan on sbtest3  (cost=5.46..401.19 rows=100 width=125)
	  Recheck Cond: ((k >= 5100153) AND (k <= 5100253))
	  ->  Bitmap Index Scan on k_3  (cost=0.00..5.43 rows=100 width=0)
	        Index Cond: ((k >= 5100153) AND (k <= 5100253))

table 4 : explain SELECT k, c FROM sbtest4 WHERE k BETWEEN 5100153 AND 5100253
	Bitmap Heap Scan on sbtest4  (cost=5.49..413.00 rows=103 width=125)
	  Recheck Cond: ((k >= 5100153) AND (k <= 5100253))
	  ->  Bitmap Index Scan on k_4  (cost=0.00..5.46 rows=103 width=0)
	        Index Cond: ((k >= 5100153) AND (k <= 5100253))

table 5 : explain SELECT k, c FROM sbtest5 WHERE k BETWEEN 5100153 AND 5100253
	Bitmap Heap Scan on sbtest5  (cost=5.41..381.49 rows=95 width=125)
	  Recheck Cond: ((k >= 5100153) AND (k <= 5100253))
	  ->  Bitmap Index Scan on k_5  (cost=0.00..5.38 rows=95 width=0)
	        Index Cond: ((k >= 5100153) AND (k <= 5100253))

table 6 : explain SELECT k, c FROM sbtest6 WHERE k BETWEEN 5100153 AND 5100253
	Bitmap Heap Scan on sbtest6  (cost=5.44..393.31 rows=98 width=125)
	  Recheck Cond: ((k >= 5100153) AND (k <= 5100253))
	  ->  Bitmap Index Scan on k_6  (cost=0.00..5.42 rows=98 width=0)
	        Index Cond: ((k >= 5100153) AND (k <= 5100253))

table 7 : explain SELECT k, c FROM sbtest7 WHERE k BETWEEN 5100153 AND 5100253
	Bitmap Heap Scan on sbtest7  (cost=5.49..413.00 rows=103 width=125)
	  Recheck Cond: ((k >= 5100153) AND (k <= 5100253))
	  ->  Bitmap Index Scan on k_7  (cost=0.00..5.46 rows=103 width=0)
	        Index Cond: ((k >= 5100153) AND (k <= 5100253))

table 8 : explain SELECT k, c FROM sbtest8 WHERE k BETWEEN 5100153 AND 5100253
	Bitmap Heap Scan on sbtest8  (cost=5.45..397.25 rows=99 width=125)
	  Recheck Cond: ((k >= 5100153) AND (k <= 5100253))
	  ->  Bitmap Index Scan on k_8  (cost=0.00..5.42 rows=99 width=0)
	        Index Cond: ((k >= 5100153) AND (k <= 5100253))

explain: for range-notcovered :: explain SELECT k, c FROM sbtest%d WHERE k BETWEEN 5041427 AND 5041527
explain: for range-notcovered :: explain SELECT k, c FROM sbtest%d WHERE k BETWEEN 5100153 AND 5100253
for range-notcovered
table 1 : explain SELECT k, c FROM sbtest1 WHERE k BETWEEN 6534893 AND 6534993
	Bitmap Heap Scan on sbtest1  (cost=5.45..397.25 rows=99 width=125)
	  Recheck Cond: ((k >= 6534893) AND (k <= 6534993))
	  ->  Bitmap Index Scan on k_1  (cost=0.00..5.42 rows=99 width=0)
	        Index Cond: ((k >= 6534893) AND (k <= 6534993))

table 2 : explain SELECT k, c FROM sbtest2 WHERE k BETWEEN 6534893 AND 6534993
	Bitmap Heap Scan on sbtest2  (cost=5.57..444.49 rows=111 width=125)
	  Recheck Cond: ((k >= 6534893) AND (k <= 6534993))
	  ->  Bitmap Index Scan on k_2  (cost=0.00..5.54 rows=111 width=0)
	        Index Cond: ((k >= 6534893) AND (k <= 6534993))

table 3 : explain SELECT k, c FROM sbtest3 WHERE k BETWEEN 6534893 AND 6534993
	Bitmap Heap Scan on sbtest3  (cost=5.57..444.49 rows=111 width=125)
	  Recheck Cond: ((k >= 6534893) AND (k <= 6534993))
	  ->  Bitmap Index Scan on k_3  (cost=0.00..5.54 rows=111 width=0)
	        Index Cond: ((k >= 6534893) AND (k <= 6534993))

table 4 : explain SELECT k, c FROM sbtest4 WHERE k BETWEEN 6534893 AND 6534993
	Bitmap Heap Scan on sbtest4  (cost=5.48..409.07 rows=102 width=125)
	  Recheck Cond: ((k >= 6534893) AND (k <= 6534993))
	  ->  Bitmap Index Scan on k_4  (cost=0.00..5.45 rows=102 width=0)
	        Index Cond: ((k >= 6534893) AND (k <= 6534993))

table 5 : explain SELECT k, c FROM sbtest5 WHERE k BETWEEN 6534893 AND 6534993
	Bitmap Heap Scan on sbtest5  (cost=5.47..405.13 rows=101 width=125)
	  Recheck Cond: ((k >= 6534893) AND (k <= 6534993))
	  ->  Bitmap Index Scan on k_5  (cost=0.00..5.44 rows=101 width=0)
	        Index Cond: ((k >= 6534893) AND (k <= 6534993))

table 6 : explain SELECT k, c FROM sbtest6 WHERE k BETWEEN 6534893 AND 6534993
	Bitmap Heap Scan on sbtest6  (cost=5.58..448.42 rows=112 width=125)
	  Recheck Cond: ((k >= 6534893) AND (k <= 6534993))
	  ->  Bitmap Index Scan on k_6  (cost=0.00..5.55 rows=112 width=0)
	        Index Cond: ((k >= 6534893) AND (k <= 6534993))

table 7 : explain SELECT k, c FROM sbtest7 WHERE k BETWEEN 6534893 AND 6534993
	Bitmap Heap Scan on sbtest7  (cost=5.49..413.00 rows=103 width=125)
	  Recheck Cond: ((k >= 6534893) AND (k <= 6534993))
	  ->  Bitmap Index Scan on k_7  (cost=0.00..5.46 rows=103 width=0)
	        Index Cond: ((k >= 6534893) AND (k <= 6534993))

table 8 : explain SELECT k, c FROM sbtest8 WHERE k BETWEEN 6534893 AND 6534993
	Bitmap Heap Scan on sbtest8  (cost=5.43..389.37 rows=97 width=125)
	  Recheck Cond: ((k >= 6534893) AND (k <= 6534993))
	  ->  Bitmap Index Scan on k_8  (cost=0.00..5.40 rows=97 width=0)
	        Index Cond: ((k >= 6534893) AND (k <= 6534993))

explain: for range-notcovered :: explain SELECT k, c FROM sbtest%d WHERE k BETWEEN 6534893 AND 6534993
for range-notcovered
table 1 : explain SELECT k, c FROM sbtest1 WHERE k BETWEEN 5115279 AND 5115379
	Bitmap Heap Scan on sbtest1  (cost=5.49..413.00 rows=103 width=125)
	  Recheck Cond: ((k >= 5115279) AND (k <= 5115379))
	  ->  Bitmap Index Scan on k_1  (cost=0.00..5.46 rows=103 width=0)
	        Index Cond: ((k >= 5115279) AND (k <= 5115379))

table 2 : explain SELECT k, c FROM sbtest2 WHERE k BETWEEN 5115279 AND 5115379
	Bitmap Heap Scan on sbtest2  (cost=5.41..381.49 rows=95 width=125)
	  Recheck Cond: ((k >= 5115279) AND (k <= 5115379))
	  ->  Bitmap Index Scan on k_2  (cost=0.00..5.38 rows=95 width=0)
	        Index Cond: ((k >= 5115279) AND (k <= 5115379))

table 3 : explain SELECT k, c FROM sbtest3 WHERE k BETWEEN 5115279 AND 5115379
	Bitmap Heap Scan on sbtest3  (cost=5.46..401.19 rows=100 width=125)
	  Recheck Cond: ((k >= 5115279) AND (k <= 5115379))
	  ->  Bitmap Index Scan on k_3  (cost=0.00..5.43 rows=100 width=0)
	        Index Cond: ((k >= 5115279) AND (k <= 5115379))

table 4 : explain SELECT k, c FROM sbtest4 WHERE k BETWEEN 5115279 AND 5115379
	Bitmap Heap Scan on sbtest4  (cost=5.49..413.00 rows=103 width=125)
	  Recheck Cond: ((k >= 5115279) AND (k <= 5115379))
	  ->  Bitmap Index Scan on k_4  (cost=0.00..5.46 rows=103 width=0)
	        Index Cond: ((k >= 5115279) AND (k <= 5115379))

table 5 : explain SELECT k, c FROM sbtest5 WHERE k BETWEEN 5115279 AND 5115379
	Bitmap Heap Scan on sbtest5  (cost=5.38..369.67 rows=92 width=125)
	  Recheck Cond: ((k >= 5115279) AND (k <= 5115379))
	  ->  Bitmap Index Scan on k_5  (cost=0.00..5.35 rows=92 width=0)
	        Index Cond: ((k >= 5115279) AND (k <= 5115379))

table 6 : explain SELECT k, c FROM sbtest6 WHERE k BETWEEN 5115279 AND 5115379
	Bitmap Heap Scan on sbtest6  (cost=5.44..393.31 rows=98 width=125)
	  Recheck Cond: ((k >= 5115279) AND (k <= 5115379))
	  ->  Bitmap Index Scan on k_6  (cost=0.00..5.42 rows=98 width=0)
	        Index Cond: ((k >= 5115279) AND (k <= 5115379))

table 7 : explain SELECT k, c FROM sbtest7 WHERE k BETWEEN 5115279 AND 5115379
	Bitmap Heap Scan on sbtest7  (cost=5.49..413.00 rows=103 width=125)
	  Recheck Cond: ((k >= 5115279) AND (k <= 5115379))
	  ->  Bitmap Index Scan on k_7  (cost=0.00..5.46 rows=103 width=0)
	        Index Cond: ((k >= 5115279) AND (k <= 5115379))

table 8 : explain SELECT k, c FROM sbtest8 WHERE k BETWEEN 5115279 AND 5115379
	Bitmap Heap Scan on sbtest8  (cost=5.43..389.37 rows=97 width=125)
	  Recheck Cond: ((k >= 5115279) AND (k <= 5115379))
	  ->  Bitmap Index Scan on k_8  (cost=0.00..5.40 rows=97 width=0)
	        Index Cond: ((k >= 5115279) AND (k <= 5115379))

explain: for range-notcovered :: explain SELECT k, c FROM sbtest%d WHERE k BETWEEN 7820163 AND 7820263
explain: for range-notcovered :: explain SELECT k, c FROM sbtest%d WHERE k BETWEEN 5115279 AND 5115379
for range-notcovered
table 1 : explain SELECT k, c FROM sbtest1 WHERE k BETWEEN 5100153 AND 5100253
	Bitmap Heap Scan on sbtest1  (cost=5.49..413.00 rows=103 width=125)
	  Recheck Cond: ((k >= 5100153) AND (k <= 5100253))
	  ->  Bitmap Index Scan on k_1  (cost=0.00..5.46 rows=103 width=0)
	        Index Cond: ((k >= 5100153) AND (k <= 5100253))

table 2 : explain SELECT k, c FROM sbtest2 WHERE k BETWEEN 5100153 AND 5100253
	Bitmap Heap Scan on sbtest2  (cost=5.41..381.49 rows=95 width=125)
	  Recheck Cond: ((k >= 5100153) AND (k <= 5100253))
	  ->  Bitmap Index Scan on k_2  (cost=0.00..5.38 rows=95 width=0)
	        Index Cond: ((k >= 5100153) AND (k <= 5100253))

table 3 : explain SELECT k, c FROM sbtest3 WHERE k BETWEEN 5100153 AND 5100253
	Bitmap Heap Scan on sbtest3  (cost=5.46..401.19 rows=100 width=125)
	  Recheck Cond: ((k >= 5100153) AND (k <= 5100253))
	  ->  Bitmap Index Scan on k_3  (cost=0.00..5.43 rows=100 width=0)
	        Index Cond: ((k >= 5100153) AND (k <= 5100253))

table 4 : explain SELECT k, c FROM sbtest4 WHERE k BETWEEN 5100153 AND 5100253
	Bitmap Heap Scan on sbtest4  (cost=5.49..413.00 rows=103 width=125)
	  Recheck Cond: ((k >= 5100153) AND (k <= 5100253))
	  ->  Bitmap Index Scan on k_4  (cost=0.00..5.46 rows=103 width=0)
	        Index Cond: ((k >= 5100153) AND (k <= 5100253))

table 5 : explain SELECT k, c FROM sbtest5 WHERE k BETWEEN 5100153 AND 5100253
	Bitmap Heap Scan on sbtest5  (cost=5.41..381.49 rows=95 width=125)
	  Recheck Cond: ((k >= 5100153) AND (k <= 5100253))
	  ->  Bitmap Index Scan on k_5  (cost=0.00..5.38 rows=95 width=0)
	        Index Cond: ((k >= 5100153) AND (k <= 5100253))

table 6 : explain SELECT k, c FROM sbtest6 WHERE k BETWEEN 5100153 AND 5100253
	Bitmap Heap Scan on sbtest6  (cost=5.44..393.31 rows=98 width=125)
	  Recheck Cond: ((k >= 5100153) AND (k <= 5100253))
	  ->  Bitmap Index Scan on k_6  (cost=0.00..5.42 rows=98 width=0)
	        Index Cond: ((k >= 5100153) AND (k <= 5100253))

table 7 : explain SELECT k, c FROM sbtest7 WHERE k BETWEEN 5100153 AND 5100253
	Bitmap Heap Scan on sbtest7  (cost=5.49..413.00 rows=103 width=125)
	  Recheck Cond: ((k >= 5100153) AND (k <= 5100253))
	  ->  Bitmap Index Scan on k_7  (cost=0.00..5.46 rows=103 width=0)
	        Index Cond: ((k >= 5100153) AND (k <= 5100253))

table 8 : explain SELECT k, c FROM sbtest8 WHERE k BETWEEN 5100153 AND 5100253
	Bitmap Heap Scan on sbtest8  (cost=5.45..397.25 rows=99 width=125)
	  Recheck Cond: ((k >= 5100153) AND (k <= 5100253))
	  ->  Bitmap Index Scan on k_8  (cost=0.00..5.42 rows=99 width=0)
	        Index Cond: ((k >= 5100153) AND (k <= 5100253))

for range-notcovered
table 1 : explain SELECT k, c FROM sbtest1 WHERE k BETWEEN 5041427 AND 5041527
	Bitmap Heap Scan on sbtest1  (cost=5.41..381.49 rows=95 width=125)
	  Recheck Cond: ((k >= 5041427) AND (k <= 5041527))
	  ->  Bitmap Index Scan on k_1  (cost=0.00..5.38 rows=95 width=0)
	        Index Cond: ((k >= 5041427) AND (k <= 5041527))

table 2 : explain SELECT k, c FROM sbtest2 WHERE k BETWEEN 5041427 AND 5041527
	Bitmap Heap Scan on sbtest2  (cost=5.41..381.49 rows=95 width=125)
	  Recheck Cond: ((k >= 5041427) AND (k <= 5041527))
	  ->  Bitmap Index Scan on k_2  (cost=0.00..5.38 rows=95 width=0)
	        Index Cond: ((k >= 5041427) AND (k <= 5041527))

table 3 : explain SELECT k, c FROM sbtest3 WHERE k BETWEEN 5041427 AND 5041527
	Bitmap Heap Scan on sbtest3  (cost=5.46..401.19 rows=100 width=125)
	  Recheck Cond: ((k >= 5041427) AND (k <= 5041527))
	  ->  Bitmap Index Scan on k_3  (cost=0.00..5.43 rows=100 width=0)
	        Index Cond: ((k >= 5041427) AND (k <= 5041527))

table 4 : explain SELECT k, c FROM sbtest4 WHERE k BETWEEN 5041427 AND 5041527
	Bitmap Heap Scan on sbtest4  (cost=5.50..416.94 rows=104 width=125)
	  Recheck Cond: ((k >= 5041427) AND (k <= 5041527))
	  ->  Bitmap Index Scan on k_4  (cost=0.00..5.47 rows=104 width=0)
	        Index Cond: ((k >= 5041427) AND (k <= 5041527))

table 5 : explain SELECT k, c FROM sbtest5 WHERE k BETWEEN 5041427 AND 5041527
	Bitmap Heap Scan on sbtest5  (cost=5.41..381.49 rows=95 width=125)
	  Recheck Cond: ((k >= 5041427) AND (k <= 5041527))
	  ->  Bitmap Index Scan on k_5  (cost=0.00..5.38 rows=95 width=0)
	        Index Cond: ((k >= 5041427) AND (k <= 5041527))

table 6 : explain SELECT k, c FROM sbtest6 WHERE k BETWEEN 5041427 AND 5041527
	Bitmap Heap Scan on sbtest6  (cost=5.41..381.49 rows=95 width=125)
	  Recheck Cond: ((k >= 5041427) AND (k <= 5041527))
	  ->  Bitmap Index Scan on k_6  (cost=0.00..5.38 rows=95 width=0)
	        Index Cond: ((k >= 5041427) AND (k <= 5041527))

table 7 : explain SELECT k, c FROM sbtest7 WHERE k BETWEEN 5041427 AND 5041527
	Bitmap Heap Scan on sbtest7  (cost=5.53..428.75 rows=107 width=125)
	  Recheck Cond: ((k >= 5041427) AND (k <= 5041527))
	  ->  Bitmap Index Scan on k_7  (cost=0.00..5.50 rows=107 width=0)
	        Index Cond: ((k >= 5041427) AND (k <= 5041527))

table 8 : explain SELECT k, c FROM sbtest8 WHERE k BETWEEN 5041427 AND 5041527
	Bitmap Heap Scan on sbtest8  (cost=5.45..397.25 rows=99 width=125)
	  Recheck Cond: ((k >= 5041427) AND (k <= 5041527))
	  ->  Bitmap Index Scan on k_8  (cost=0.00..5.42 rows=99 width=0)
	        Index Cond: ((k >= 5041427) AND (k <= 5041527))

explain: for range-notcovered :: explain SELECT k, c FROM sbtest%d WHERE k BETWEEN 5100153 AND 5100253
explain: for range-notcovered :: explain SELECT k, c FROM sbtest%d WHERE k BETWEEN 5041427 AND 5041527
for range-notcovered
table 1 : explain SELECT k, c FROM sbtest1 WHERE k BETWEEN 6534893 AND 6534993
	Bitmap Heap Scan on sbtest1  (cost=5.45..397.25 rows=99 width=125)
	  Recheck Cond: ((k >= 6534893) AND (k <= 6534993))
	  ->  Bitmap Index Scan on k_1  (cost=0.00..5.42 rows=99 width=0)
	        Index Cond: ((k >= 6534893) AND (k <= 6534993))

table 2 : explain SELECT k, c FROM sbtest2 WHERE k BETWEEN 6534893 AND 6534993
	Bitmap Heap Scan on sbtest2  (cost=5.57..444.49 rows=111 width=125)
	  Recheck Cond: ((k >= 6534893) AND (k <= 6534993))
	  ->  Bitmap Index Scan on k_2  (cost=0.00..5.54 rows=111 width=0)
	        Index Cond: ((k >= 6534893) AND (k <= 6534993))

table 3 : explain SELECT k, c FROM sbtest3 WHERE k BETWEEN 6534893 AND 6534993
	Bitmap Heap Scan on sbtest3  (cost=5.57..444.49 rows=111 width=125)
	  Recheck Cond: ((k >= 6534893) AND (k <= 6534993))
	  ->  Bitmap Index Scan on k_3  (cost=0.00..5.54 rows=111 width=0)
	        Index Cond: ((k >= 6534893) AND (k <= 6534993))

table 4 : explain SELECT k, c FROM sbtest4 WHERE k BETWEEN 6534893 AND 6534993
	Bitmap Heap Scan on sbtest4  (cost=5.48..409.07 rows=102 width=125)
	  Recheck Cond: ((k >= 6534893) AND (k <= 6534993))
	  ->  Bitmap Index Scan on k_4  (cost=0.00..5.45 rows=102 width=0)
	        Index Cond: ((k >= 6534893) AND (k <= 6534993))

table 5 : explain SELECT k, c FROM sbtest5 WHERE k BETWEEN 6534893 AND 6534993
	Bitmap Heap Scan on sbtest5  (cost=5.47..405.13 rows=101 width=125)
	  Recheck Cond: ((k >= 6534893) AND (k <= 6534993))
	  ->  Bitmap Index Scan on k_5  (cost=0.00..5.44 rows=101 width=0)
	        Index Cond: ((k >= 6534893) AND (k <= 6534993))

table 6 : explain SELECT k, c FROM sbtest6 WHERE k BETWEEN 6534893 AND 6534993
	Bitmap Heap Scan on sbtest6  (cost=5.58..448.42 rows=112 width=125)
	  Recheck Cond: ((k >= 6534893) AND (k <= 6534993))
	  ->  Bitmap Index Scan on k_6  (cost=0.00..5.55 rows=112 width=0)
	        Index Cond: ((k >= 6534893) AND (k <= 6534993))

table 7 : explain SELECT k, c FROM sbtest7 WHERE k BETWEEN 6534893 AND 6534993
	Bitmap Heap Scan on sbtest7  (cost=5.49..413.00 rows=103 width=125)
	  Recheck Cond: ((k >= 6534893) AND (k <= 6534993))
	  ->  Bitmap Index Scan on k_7  (cost=0.00..5.46 rows=103 width=0)
	        Index Cond: ((k >= 6534893) AND (k <= 6534993))

table 8 : explain SELECT k, c FROM sbtest8 WHERE k BETWEEN 6534893 AND 6534993
	Bitmap Heap Scan on sbtest8  (cost=5.43..389.37 rows=97 width=125)
	  Recheck Cond: ((k >= 6534893) AND (k <= 6534993))
	  ->  Bitmap Index Scan on k_8  (cost=0.00..5.40 rows=97 width=0)
	        Index Cond: ((k >= 6534893) AND (k <= 6534993))

explain: for range-notcovered :: explain SELECT k, c FROM sbtest%d WHERE k BETWEEN 6534893 AND 6534993
for range-notcovered
table 1 : explain SELECT k, c FROM sbtest1 WHERE k BETWEEN 5115279 AND 5115379
	Bitmap Heap Scan on sbtest1  (cost=5.49..413.00 rows=103 width=125)
	  Recheck Cond: ((k >= 5115279) AND (k <= 5115379))
	  ->  Bitmap Index Scan on k_1  (cost=0.00..5.46 rows=103 width=0)
	        Index Cond: ((k >= 5115279) AND (k <= 5115379))

table 2 : explain SELECT k, c FROM sbtest2 WHERE k BETWEEN 5115279 AND 5115379
	Bitmap Heap Scan on sbtest2  (cost=5.41..381.49 rows=95 width=125)
	  Recheck Cond: ((k >= 5115279) AND (k <= 5115379))
	  ->  Bitmap Index Scan on k_2  (cost=0.00..5.38 rows=95 width=0)
	        Index Cond: ((k >= 5115279) AND (k <= 5115379))

table 3 : explain SELECT k, c FROM sbtest3 WHERE k BETWEEN 5115279 AND 5115379
	Bitmap Heap Scan on sbtest3  (cost=5.46..401.19 rows=100 width=125)
	  Recheck Cond: ((k >= 5115279) AND (k <= 5115379))
	  ->  Bitmap Index Scan on k_3  (cost=0.00..5.43 rows=100 width=0)
	        Index Cond: ((k >= 5115279) AND (k <= 5115379))

table 4 : explain SELECT k, c FROM sbtest4 WHERE k BETWEEN 5115279 AND 5115379
	Bitmap Heap Scan on sbtest4  (cost=5.49..413.00 rows=103 width=125)
	  Recheck Cond: ((k >= 5115279) AND (k <= 5115379))
	  ->  Bitmap Index Scan on k_4  (cost=0.00..5.46 rows=103 width=0)
	        Index Cond: ((k >= 5115279) AND (k <= 5115379))

table 5 : explain SELECT k, c FROM sbtest5 WHERE k BETWEEN 5115279 AND 5115379
	Bitmap Heap Scan on sbtest5  (cost=5.38..369.67 rows=92 width=125)
	  Recheck Cond: ((k >= 5115279) AND (k <= 5115379))
	  ->  Bitmap Index Scan on k_5  (cost=0.00..5.35 rows=92 width=0)
	        Index Cond: ((k >= 5115279) AND (k <= 5115379))

table 6 : explain SELECT k, c FROM sbtest6 WHERE k BETWEEN 5115279 AND 5115379
	Bitmap Heap Scan on sbtest6  (cost=5.44..393.31 rows=98 width=125)
	  Recheck Cond: ((k >= 5115279) AND (k <= 5115379))
	  ->  Bitmap Index Scan on k_6  (cost=0.00..5.42 rows=98 width=0)
	        Index Cond: ((k >= 5115279) AND (k <= 5115379))

table 7 : explain SELECT k, c FROM sbtest7 WHERE k BETWEEN 5115279 AND 5115379
	Bitmap Heap Scan on sbtest7  (cost=5.49..413.00 rows=103 width=125)
	  Recheck Cond: ((k >= 5115279) AND (k <= 5115379))
	  ->  Bitmap Index Scan on k_7  (cost=0.00..5.46 rows=103 width=0)
	        Index Cond: ((k >= 5115279) AND (k <= 5115379))

table 8 : explain SELECT k, c FROM sbtest8 WHERE k BETWEEN 5115279 AND 5115379
	Bitmap Heap Scan on sbtest8  (cost=5.43..389.37 rows=97 width=125)
	  Recheck Cond: ((k >= 5115279) AND (k <= 5115379))
	  ->  Bitmap Index Scan on k_8  (cost=0.00..5.40 rows=97 width=0)
	        Index Cond: ((k >= 5115279) AND (k <= 5115379))

explain: for range-notcovered :: explain SELECT k, c FROM sbtest%d WHERE k BETWEEN 5115279 AND 5115379
for range-notcovered
table 1 : explain SELECT k, c FROM sbtest1 WHERE k BETWEEN 5041427 AND 5041527
	Bitmap Heap Scan on sbtest1  (cost=5.41..381.49 rows=95 width=125)
	  Recheck Cond: ((k >= 5041427) AND (k <= 5041527))
	  ->  Bitmap Index Scan on k_1  (cost=0.00..5.38 rows=95 width=0)
	        Index Cond: ((k >= 5041427) AND (k <= 5041527))

table 2 : explain SELECT k, c FROM sbtest2 WHERE k BETWEEN 5041427 AND 5041527
	Bitmap Heap Scan on sbtest2  (cost=5.41..381.49 rows=95 width=125)
	  Recheck Cond: ((k >= 5041427) AND (k <= 5041527))
	  ->  Bitmap Index Scan on k_2  (cost=0.00..5.38 rows=95 width=0)
	        Index Cond: ((k >= 5041427) AND (k <= 5041527))

table 3 : explain SELECT k, c FROM sbtest3 WHERE k BETWEEN 5041427 AND 5041527
	Bitmap Heap Scan on sbtest3  (cost=5.46..401.19 rows=100 width=125)
	  Recheck Cond: ((k >= 5041427) AND (k <= 5041527))
	  ->  Bitmap Index Scan on k_3  (cost=0.00..5.43 rows=100 width=0)
	        Index Cond: ((k >= 5041427) AND (k <= 5041527))

table 4 : explain SELECT k, c FROM sbtest4 WHERE k BETWEEN 5041427 AND 5041527
	Bitmap Heap Scan on sbtest4  (cost=5.50..416.94 rows=104 width=125)
	  Recheck Cond: ((k >= 5041427) AND (k <= 5041527))
	  ->  Bitmap Index Scan on k_4  (cost=0.00..5.47 rows=104 width=0)
	        Index Cond: ((k >= 5041427) AND (k <= 5041527))

table 5 : explain SELECT k, c FROM sbtest5 WHERE k BETWEEN 5041427 AND 5041527
	Bitmap Heap Scan on sbtest5  (cost=5.41..381.49 rows=95 width=125)
	  Recheck Cond: ((k >= 5041427) AND (k <= 5041527))
	  ->  Bitmap Index Scan on k_5  (cost=0.00..5.38 rows=95 width=0)
	        Index Cond: ((k >= 5041427) AND (k <= 5041527))

table 6 : explain SELECT k, c FROM sbtest6 WHERE k BETWEEN 5041427 AND 5041527
	Bitmap Heap Scan on sbtest6  (cost=5.41..381.49 rows=95 width=125)
	  Recheck Cond: ((k >= 5041427) AND (k <= 5041527))
	  ->  Bitmap Index Scan on k_6  (cost=0.00..5.38 rows=95 width=0)
	        Index Cond: ((k >= 5041427) AND (k <= 5041527))

table 7 : explain SELECT k, c FROM sbtest7 WHERE k BETWEEN 5041427 AND 5041527
	Bitmap Heap Scan on sbtest7  (cost=5.53..428.75 rows=107 width=125)
	  Recheck Cond: ((k >= 5041427) AND (k <= 5041527))
	  ->  Bitmap Index Scan on k_7  (cost=0.00..5.50 rows=107 width=0)
	        Index Cond: ((k >= 5041427) AND (k <= 5041527))

table 8 : explain SELECT k, c FROM sbtest8 WHERE k BETWEEN 5041427 AND 5041527
	Bitmap Heap Scan on sbtest8  (cost=5.45..397.25 rows=99 width=125)
	  Recheck Cond: ((k >= 5041427) AND (k <= 5041527))
	  ->  Bitmap Index Scan on k_8  (cost=0.00..5.42 rows=99 width=0)
	        Index Cond: ((k >= 5041427) AND (k <= 5041527))

for range-notcovered
table 1 : explain SELECT k, c FROM sbtest1 WHERE k BETWEEN 5100153 AND 5100253
	Bitmap Heap Scan on sbtest1  (cost=5.49..413.00 rows=103 width=125)
	  Recheck Cond: ((k >= 5100153) AND (k <= 5100253))
	  ->  Bitmap Index Scan on k_1  (cost=0.00..5.46 rows=103 width=0)
	        Index Cond: ((k >= 5100153) AND (k <= 5100253))

table 2 : explain SELECT k, c FROM sbtest2 WHERE k BETWEEN 5100153 AND 5100253
	Bitmap Heap Scan on sbtest2  (cost=5.41..381.49 rows=95 width=125)
	  Recheck Cond: ((k >= 5100153) AND (k <= 5100253))
	  ->  Bitmap Index Scan on k_2  (cost=0.00..5.38 rows=95 width=0)
	        Index Cond: ((k >= 5100153) AND (k <= 5100253))

table 3 : explain SELECT k, c FROM sbtest3 WHERE k BETWEEN 5100153 AND 5100253
	Bitmap Heap Scan on sbtest3  (cost=5.46..401.19 rows=100 width=125)
	  Recheck Cond: ((k >= 5100153) AND (k <= 5100253))
	  ->  Bitmap Index Scan on k_3  (cost=0.00..5.43 rows=100 width=0)
	        Index Cond: ((k >= 5100153) AND (k <= 5100253))

table 4 : explain SELECT k, c FROM sbtest4 WHERE k BETWEEN 5100153 AND 5100253
	Bitmap Heap Scan on sbtest4  (cost=5.49..413.00 rows=103 width=125)
	  Recheck Cond: ((k >= 5100153) AND (k <= 5100253))
	  ->  Bitmap Index Scan on k_4  (cost=0.00..5.46 rows=103 width=0)
	        Index Cond: ((k >= 5100153) AND (k <= 5100253))

table 5 : explain SELECT k, c FROM sbtest5 WHERE k BETWEEN 5100153 AND 5100253
	Bitmap Heap Scan on sbtest5  (cost=5.41..381.49 rows=95 width=125)
	  Recheck Cond: ((k >= 5100153) AND (k <= 5100253))
	  ->  Bitmap Index Scan on k_5  (cost=0.00..5.38 rows=95 width=0)
	        Index Cond: ((k >= 5100153) AND (k <= 5100253))

table 6 : explain SELECT k, c FROM sbtest6 WHERE k BETWEEN 5100153 AND 5100253
	Bitmap Heap Scan on sbtest6  (cost=5.44..393.31 rows=98 width=125)
	  Recheck Cond: ((k >= 5100153) AND (k <= 5100253))
	  ->  Bitmap Index Scan on k_6  (cost=0.00..5.42 rows=98 width=0)
	        Index Cond: ((k >= 5100153) AND (k <= 5100253))

table 7 : explain SELECT k, c FROM sbtest7 WHERE k BETWEEN 5100153 AND 5100253
	Bitmap Heap Scan on sbtest7  (cost=5.49..413.00 rows=103 width=125)
	  Recheck Cond: ((k >= 5100153) AND (k <= 5100253))
	  ->  Bitmap Index Scan on k_7  (cost=0.00..5.46 rows=103 width=0)
	        Index Cond: ((k >= 5100153) AND (k <= 5100253))

table 8 : explain SELECT k, c FROM sbtest8 WHERE k BETWEEN 5100153 AND 5100253
	Bitmap Heap Scan on sbtest8  (cost=5.45..397.25 rows=99 width=125)
	  Recheck Cond: ((k >= 5100153) AND (k <= 5100253))
	  ->  Bitmap Index Scan on k_8  (cost=0.00..5.42 rows=99 width=0)
	        Index Cond: ((k >= 5100153) AND (k <= 5100253))

explain: for range-notcovered :: explain SELECT k, c FROM sbtest%d WHERE k BETWEEN 5041427 AND 5041527
explain: for range-notcovered :: explain SELECT k, c FROM sbtest%d WHERE k BETWEEN 5100153 AND 5100253
for range-notcovered
table 1 : explain SELECT k, c FROM sbtest1 WHERE k BETWEEN 6534893 AND 6534993
	Bitmap Heap Scan on sbtest1  (cost=5.45..397.25 rows=99 width=125)
	  Recheck Cond: ((k >= 6534893) AND (k <= 6534993))
	  ->  Bitmap Index Scan on k_1  (cost=0.00..5.42 rows=99 width=0)
	        Index Cond: ((k >= 6534893) AND (k <= 6534993))

table 2 : explain SELECT k, c FROM sbtest2 WHERE k BETWEEN 6534893 AND 6534993
	Bitmap Heap Scan on sbtest2  (cost=5.57..444.49 rows=111 width=125)
	  Recheck Cond: ((k >= 6534893) AND (k <= 6534993))
	  ->  Bitmap Index Scan on k_2  (cost=0.00..5.54 rows=111 width=0)
	        Index Cond: ((k >= 6534893) AND (k <= 6534993))

table 3 : explain SELECT k, c FROM sbtest3 WHERE k BETWEEN 6534893 AND 6534993
	Bitmap Heap Scan on sbtest3  (cost=5.57..444.49 rows=111 width=125)
	  Recheck Cond: ((k >= 6534893) AND (k <= 6534993))
	  ->  Bitmap Index Scan on k_3  (cost=0.00..5.54 rows=111 width=0)
	        Index Cond: ((k >= 6534893) AND (k <= 6534993))

table 4 : explain SELECT k, c FROM sbtest4 WHERE k BETWEEN 6534893 AND 6534993
	Bitmap Heap Scan on sbtest4  (cost=5.48..409.07 rows=102 width=125)
	  Recheck Cond: ((k >= 6534893) AND (k <= 6534993))
	  ->  Bitmap Index Scan on k_4  (cost=0.00..5.45 rows=102 width=0)
	        Index Cond: ((k >= 6534893) AND (k <= 6534993))

table 5 : explain SELECT k, c FROM sbtest5 WHERE k BETWEEN 6534893 AND 6534993
	Bitmap Heap Scan on sbtest5  (cost=5.47..405.13 rows=101 width=125)
	  Recheck Cond: ((k >= 6534893) AND (k <= 6534993))
	  ->  Bitmap Index Scan on k_5  (cost=0.00..5.44 rows=101 width=0)
	        Index Cond: ((k >= 6534893) AND (k <= 6534993))

table 6 : explain SELECT k, c FROM sbtest6 WHERE k BETWEEN 6534893 AND 6534993
	Bitmap Heap Scan on sbtest6  (cost=5.58..448.42 rows=112 width=125)
	  Recheck Cond: ((k >= 6534893) AND (k <= 6534993))
	  ->  Bitmap Index Scan on k_6  (cost=0.00..5.55 rows=112 width=0)
	        Index Cond: ((k >= 6534893) AND (k <= 6534993))

table 7 : explain SELECT k, c FROM sbtest7 WHERE k BETWEEN 6534893 AND 6534993
	Bitmap Heap Scan on sbtest7  (cost=5.49..413.00 rows=103 width=125)
	  Recheck Cond: ((k >= 6534893) AND (k <= 6534993))
	  ->  Bitmap Index Scan on k_7  (cost=0.00..5.46 rows=103 width=0)
	        Index Cond: ((k >= 6534893) AND (k <= 6534993))

table 8 : explain SELECT k, c FROM sbtest8 WHERE k BETWEEN 6534893 AND 6534993
	Bitmap Heap Scan on sbtest8  (cost=5.43..389.37 rows=97 width=125)
	  Recheck Cond: ((k >= 6534893) AND (k <= 6534993))
	  ->  Bitmap Index Scan on k_8  (cost=0.00..5.40 rows=97 width=0)
	        Index Cond: ((k >= 6534893) AND (k <= 6534993))

explain: for range-notcovered :: explain SELECT k, c FROM sbtest%d WHERE k BETWEEN 6534893 AND 6534993
for range-notcovered
table 1 : explain SELECT k, c FROM sbtest1 WHERE k BETWEEN 5115279 AND 5115379
	Bitmap Heap Scan on sbtest1  (cost=5.49..413.00 rows=103 width=125)
	  Recheck Cond: ((k >= 5115279) AND (k <= 5115379))
	  ->  Bitmap Index Scan on k_1  (cost=0.00..5.46 rows=103 width=0)
	        Index Cond: ((k >= 5115279) AND (k <= 5115379))

table 2 : explain SELECT k, c FROM sbtest2 WHERE k BETWEEN 5115279 AND 5115379
	Bitmap Heap Scan on sbtest2  (cost=5.41..381.49 rows=95 width=125)
	  Recheck Cond: ((k >= 5115279) AND (k <= 5115379))
	  ->  Bitmap Index Scan on k_2  (cost=0.00..5.38 rows=95 width=0)
	        Index Cond: ((k >= 5115279) AND (k <= 5115379))

table 3 : explain SELECT k, c FROM sbtest3 WHERE k BETWEEN 5115279 AND 5115379
	Bitmap Heap Scan on sbtest3  (cost=5.46..401.19 rows=100 width=125)
	  Recheck Cond: ((k >= 5115279) AND (k <= 5115379))
	  ->  Bitmap Index Scan on k_3  (cost=0.00..5.43 rows=100 width=0)
	        Index Cond: ((k >= 5115279) AND (k <= 5115379))

table 4 : explain SELECT k, c FROM sbtest4 WHERE k BETWEEN 5115279 AND 5115379
	Bitmap Heap Scan on sbtest4  (cost=5.49..413.00 rows=103 width=125)
	  Recheck Cond: ((k >= 5115279) AND (k <= 5115379))
	  ->  Bitmap Index Scan on k_4  (cost=0.00..5.46 rows=103 width=0)
	        Index Cond: ((k >= 5115279) AND (k <= 5115379))

table 5 : explain SELECT k, c FROM sbtest5 WHERE k BETWEEN 5115279 AND 5115379
	Bitmap Heap Scan on sbtest5  (cost=5.38..369.67 rows=92 width=125)
	  Recheck Cond: ((k >= 5115279) AND (k <= 5115379))
	  ->  Bitmap Index Scan on k_5  (cost=0.00..5.35 rows=92 width=0)
	        Index Cond: ((k >= 5115279) AND (k <= 5115379))

table 6 : explain SELECT k, c FROM sbtest6 WHERE k BETWEEN 5115279 AND 5115379
	Bitmap Heap Scan on sbtest6  (cost=5.44..393.31 rows=98 width=125)
	  Recheck Cond: ((k >= 5115279) AND (k <= 5115379))
	  ->  Bitmap Index Scan on k_6  (cost=0.00..5.42 rows=98 width=0)
	        Index Cond: ((k >= 5115279) AND (k <= 5115379))

table 7 : explain SELECT k, c FROM sbtest7 WHERE k BETWEEN 5115279 AND 5115379
	Bitmap Heap Scan on sbtest7  (cost=5.49..413.00 rows=103 width=125)
	  Recheck Cond: ((k >= 5115279) AND (k <= 5115379))
	  ->  Bitmap Index Scan on k_7  (cost=0.00..5.46 rows=103 width=0)
	        Index Cond: ((k >= 5115279) AND (k <= 5115379))

table 8 : explain SELECT k, c FROM sbtest8 WHERE k BETWEEN 5115279 AND 5115379
	Bitmap Heap Scan on sbtest8  (cost=5.43..389.37 rows=97 width=125)
	  Recheck Cond: ((k >= 5115279) AND (k <= 5115379))
	  ->  Bitmap Index Scan on k_8  (cost=0.00..5.40 rows=97 width=0)
	        Index Cond: ((k >= 5115279) AND (k <= 5115379))

for range-notcovered
table 1 : explain SELECT k, c FROM sbtest1 WHERE k BETWEEN 5041427 AND 5041527
	Bitmap Heap Scan on sbtest1  (cost=5.41..381.49 rows=95 width=125)
	  Recheck Cond: ((k >= 5041427) AND (k <= 5041527))
	  ->  Bitmap Index Scan on k_1  (cost=0.00..5.38 rows=95 width=0)
	        Index Cond: ((k >= 5041427) AND (k <= 5041527))

table 2 : explain SELECT k, c FROM sbtest2 WHERE k BETWEEN 5041427 AND 5041527
	Bitmap Heap Scan on sbtest2  (cost=5.41..381.49 rows=95 width=125)
	  Recheck Cond: ((k >= 5041427) AND (k <= 5041527))
	  ->  Bitmap Index Scan on k_2  (cost=0.00..5.38 rows=95 width=0)
	        Index Cond: ((k >= 5041427) AND (k <= 5041527))

table 3 : explain SELECT k, c FROM sbtest3 WHERE k BETWEEN 5041427 AND 5041527
	Bitmap Heap Scan on sbtest3  (cost=5.46..401.19 rows=100 width=125)
	  Recheck Cond: ((k >= 5041427) AND (k <= 5041527))
	  ->  Bitmap Index Scan on k_3  (cost=0.00..5.43 rows=100 width=0)
	        Index Cond: ((k >= 5041427) AND (k <= 5041527))

table 4 : explain SELECT k, c FROM sbtest4 WHERE k BETWEEN 5041427 AND 5041527
	Bitmap Heap Scan on sbtest4  (cost=5.50..416.94 rows=104 width=125)
	  Recheck Cond: ((k >= 5041427) AND (k <= 5041527))
	  ->  Bitmap Index Scan on k_4  (cost=0.00..5.47 rows=104 width=0)
	        Index Cond: ((k >= 5041427) AND (k <= 5041527))

table 5 : explain SELECT k, c FROM sbtest5 WHERE k BETWEEN 5041427 AND 5041527
	Bitmap Heap Scan on sbtest5  (cost=5.41..381.49 rows=95 width=125)
	  Recheck Cond: ((k >= 5041427) AND (k <= 5041527))
	  ->  Bitmap Index Scan on k_5  (cost=0.00..5.38 rows=95 width=0)
	        Index Cond: ((k >= 5041427) AND (k <= 5041527))

table 6 : explain SELECT k, c FROM sbtest6 WHERE k BETWEEN 5041427 AND 5041527
	Bitmap Heap Scan on sbtest6  (cost=5.41..381.49 rows=95 width=125)
	  Recheck Cond: ((k >= 5041427) AND (k <= 5041527))
	  ->  Bitmap Index Scan on k_6  (cost=0.00..5.38 rows=95 width=0)
	        Index Cond: ((k >= 5041427) AND (k <= 5041527))

table 7 : explain SELECT k, c FROM sbtest7 WHERE k BETWEEN 5041427 AND 5041527
	Bitmap Heap Scan on sbtest7  (cost=5.53..428.75 rows=107 width=125)
	  Recheck Cond: ((k >= 5041427) AND (k <= 5041527))
	  ->  Bitmap Index Scan on k_7  (cost=0.00..5.50 rows=107 width=0)
	        Index Cond: ((k >= 5041427) AND (k <= 5041527))

table 8 : explain SELECT k, c FROM sbtest8 WHERE k BETWEEN 5041427 AND 5041527
	Bitmap Heap Scan on sbtest8  (cost=5.45..397.25 rows=99 width=125)
	  Recheck Cond: ((k >= 5041427) AND (k <= 5041527))
	  ->  Bitmap Index Scan on k_8  (cost=0.00..5.42 rows=99 width=0)
	        Index Cond: ((k >= 5041427) AND (k <= 5041527))

for range-notcovered
table 1 : explain SELECT k, c FROM sbtest1 WHERE k BETWEEN 5100153 AND 5100253
	Bitmap Heap Scan on sbtest1  (cost=5.49..413.00 rows=103 width=125)
	  Recheck Cond: ((k >= 5100153) AND (k <= 5100253))
	  ->  Bitmap Index Scan on k_1  (cost=0.00..5.46 rows=103 width=0)
	        Index Cond: ((k >= 5100153) AND (k <= 5100253))

table 2 : explain SELECT k, c FROM sbtest2 WHERE k BETWEEN 5100153 AND 5100253
	Bitmap Heap Scan on sbtest2  (cost=5.41..381.49 rows=95 width=125)
	  Recheck Cond: ((k >= 5100153) AND (k <= 5100253))
	  ->  Bitmap Index Scan on k_2  (cost=0.00..5.38 rows=95 width=0)
	        Index Cond: ((k >= 5100153) AND (k <= 5100253))

table 3 : explain SELECT k, c FROM sbtest3 WHERE k BETWEEN 5100153 AND 5100253
	Bitmap Heap Scan on sbtest3  (cost=5.46..401.19 rows=100 width=125)
	  Recheck Cond: ((k >= 5100153) AND (k <= 5100253))
	  ->  Bitmap Index Scan on k_3  (cost=0.00..5.43 rows=100 width=0)
	        Index Cond: ((k >= 5100153) AND (k <= 5100253))

table 4 : explain SELECT k, c FROM sbtest4 WHERE k BETWEEN 5100153 AND 5100253
	Bitmap Heap Scan on sbtest4  (cost=5.49..413.00 rows=103 width=125)
	  Recheck Cond: ((k >= 5100153) AND (k <= 5100253))
	  ->  Bitmap Index Scan on k_4  (cost=0.00..5.46 rows=103 width=0)
	        Index Cond: ((k >= 5100153) AND (k <= 5100253))

table 5 : explain SELECT k, c FROM sbtest5 WHERE k BETWEEN 5100153 AND 5100253
	Bitmap Heap Scan on sbtest5  (cost=5.41..381.49 rows=95 width=125)
	  Recheck Cond: ((k >= 5100153) AND (k <= 5100253))
	  ->  Bitmap Index Scan on k_5  (cost=0.00..5.38 rows=95 width=0)
	        Index Cond: ((k >= 5100153) AND (k <= 5100253))

table 6 : explain SELECT k, c FROM sbtest6 WHERE k BETWEEN 5100153 AND 5100253
	Bitmap Heap Scan on sbtest6  (cost=5.44..393.31 rows=98 width=125)
	  Recheck Cond: ((k >= 5100153) AND (k <= 5100253))
	  ->  Bitmap Index Scan on k_6  (cost=0.00..5.42 rows=98 width=0)
	        Index Cond: ((k >= 5100153) AND (k <= 5100253))

table 7 : explain SELECT k, c FROM sbtest7 WHERE k BETWEEN 5100153 AND 5100253
	Bitmap Heap Scan on sbtest7  (cost=5.49..413.00 rows=103 width=125)
	  Recheck Cond: ((k >= 5100153) AND (k <= 5100253))
	  ->  Bitmap Index Scan on k_7  (cost=0.00..5.46 rows=103 width=0)
	        Index Cond: ((k >= 5100153) AND (k <= 5100253))

table 8 : explain SELECT k, c FROM sbtest8 WHERE k BETWEEN 5100153 AND 5100253
	Bitmap Heap Scan on sbtest8  (cost=5.45..397.25 rows=99 width=125)
	  Recheck Cond: ((k >= 5100153) AND (k <= 5100253))
	  ->  Bitmap Index Scan on k_8  (cost=0.00..5.42 rows=99 width=0)
	        Index Cond: ((k >= 5100153) AND (k <= 5100253))

explain: for range-notcovered :: explain SELECT k, c FROM sbtest%d WHERE k BETWEEN 5115279 AND 5115379
explain: for range-notcovered :: explain SELECT k, c FROM sbtest%d WHERE k BETWEEN 5100153 AND 5100253
explain: for range-notcovered :: explain SELECT k, c FROM sbtest%d WHERE k BETWEEN 5041427 AND 5041527
for range-notcovered
table 1 : explain SELECT k, c FROM sbtest1 WHERE k BETWEEN 6534893 AND 6534993
	Bitmap Heap Scan on sbtest1  (cost=5.45..397.25 rows=99 width=125)
	  Recheck Cond: ((k >= 6534893) AND (k <= 6534993))
	  ->  Bitmap Index Scan on k_1  (cost=0.00..5.42 rows=99 width=0)
	        Index Cond: ((k >= 6534893) AND (k <= 6534993))

table 2 : explain SELECT k, c FROM sbtest2 WHERE k BETWEEN 6534893 AND 6534993
	Bitmap Heap Scan on sbtest2  (cost=5.57..444.49 rows=111 width=125)
	  Recheck Cond: ((k >= 6534893) AND (k <= 6534993))
	  ->  Bitmap Index Scan on k_2  (cost=0.00..5.54 rows=111 width=0)
	        Index Cond: ((k >= 6534893) AND (k <= 6534993))

table 3 : explain SELECT k, c FROM sbtest3 WHERE k BETWEEN 6534893 AND 6534993
	Bitmap Heap Scan on sbtest3  (cost=5.57..444.49 rows=111 width=125)
	  Recheck Cond: ((k >= 6534893) AND (k <= 6534993))
	  ->  Bitmap Index Scan on k_3  (cost=0.00..5.54 rows=111 width=0)
	        Index Cond: ((k >= 6534893) AND (k <= 6534993))

table 4 : explain SELECT k, c FROM sbtest4 WHERE k BETWEEN 6534893 AND 6534993
	Bitmap Heap Scan on sbtest4  (cost=5.48..409.07 rows=102 width=125)
	  Recheck Cond: ((k >= 6534893) AND (k <= 6534993))
	  ->  Bitmap Index Scan on k_4  (cost=0.00..5.45 rows=102 width=0)
	        Index Cond: ((k >= 6534893) AND (k <= 6534993))

table 5 : explain SELECT k, c FROM sbtest5 WHERE k BETWEEN 6534893 AND 6534993
	Bitmap Heap Scan on sbtest5  (cost=5.47..405.13 rows=101 width=125)
	  Recheck Cond: ((k >= 6534893) AND (k <= 6534993))
	  ->  Bitmap Index Scan on k_5  (cost=0.00..5.44 rows=101 width=0)
	        Index Cond: ((k >= 6534893) AND (k <= 6534993))

table 6 : explain SELECT k, c FROM sbtest6 WHERE k BETWEEN 6534893 AND 6534993
	Bitmap Heap Scan on sbtest6  (cost=5.58..448.42 rows=112 width=125)
	  Recheck Cond: ((k >= 6534893) AND (k <= 6534993))
	  ->  Bitmap Index Scan on k_6  (cost=0.00..5.55 rows=112 width=0)
	        Index Cond: ((k >= 6534893) AND (k <= 6534993))

table 7 : explain SELECT k, c FROM sbtest7 WHERE k BETWEEN 6534893 AND 6534993
	Bitmap Heap Scan on sbtest7  (cost=5.49..413.00 rows=103 width=125)
	  Recheck Cond: ((k >= 6534893) AND (k <= 6534993))
	  ->  Bitmap Index Scan on k_7  (cost=0.00..5.46 rows=103 width=0)
	        Index Cond: ((k >= 6534893) AND (k <= 6534993))

table 8 : explain SELECT k, c FROM sbtest8 WHERE k BETWEEN 6534893 AND 6534993
	Bitmap Heap Scan on sbtest8  (cost=5.43..389.37 rows=97 width=125)
	  Recheck Cond: ((k >= 6534893) AND (k <= 6534993))
	  ->  Bitmap Index Scan on k_8  (cost=0.00..5.40 rows=97 width=0)
	        Index Cond: ((k >= 6534893) AND (k <= 6534993))

explain: for range-notcovered :: explain SELECT k, c FROM sbtest%d WHERE k BETWEEN 6534893 AND 6534993
for range-notcovered
table 1 : explain SELECT k, c FROM sbtest1 WHERE k BETWEEN 5115279 AND 5115379
	Bitmap Heap Scan on sbtest1  (cost=5.49..413.00 rows=103 width=125)
	  Recheck Cond: ((k >= 5115279) AND (k <= 5115379))
	  ->  Bitmap Index Scan on k_1  (cost=0.00..5.46 rows=103 width=0)
	        Index Cond: ((k >= 5115279) AND (k <= 5115379))

table 2 : explain SELECT k, c FROM sbtest2 WHERE k BETWEEN 5115279 AND 5115379
	Bitmap Heap Scan on sbtest2  (cost=5.41..381.49 rows=95 width=125)
	  Recheck Cond: ((k >= 5115279) AND (k <= 5115379))
	  ->  Bitmap Index Scan on k_2  (cost=0.00..5.38 rows=95 width=0)
	        Index Cond: ((k >= 5115279) AND (k <= 5115379))

table 3 : explain SELECT k, c FROM sbtest3 WHERE k BETWEEN 5115279 AND 5115379
	Bitmap Heap Scan on sbtest3  (cost=5.46..401.19 rows=100 width=125)
	  Recheck Cond: ((k >= 5115279) AND (k <= 5115379))
	  ->  Bitmap Index Scan on k_3  (cost=0.00..5.43 rows=100 width=0)
	        Index Cond: ((k >= 5115279) AND (k <= 5115379))

table 4 : explain SELECT k, c FROM sbtest4 WHERE k BETWEEN 5115279 AND 5115379
	Bitmap Heap Scan on sbtest4  (cost=5.49..413.00 rows=103 width=125)
	  Recheck Cond: ((k >= 5115279) AND (k <= 5115379))
	  ->  Bitmap Index Scan on k_4  (cost=0.00..5.46 rows=103 width=0)
	        Index Cond: ((k >= 5115279) AND (k <= 5115379))

table 5 : explain SELECT k, c FROM sbtest5 WHERE k BETWEEN 5115279 AND 5115379
	Bitmap Heap Scan on sbtest5  (cost=5.38..369.67 rows=92 width=125)
	  Recheck Cond: ((k >= 5115279) AND (k <= 5115379))
	  ->  Bitmap Index Scan on k_5  (cost=0.00..5.35 rows=92 width=0)
	        Index Cond: ((k >= 5115279) AND (k <= 5115379))

table 6 : explain SELECT k, c FROM sbtest6 WHERE k BETWEEN 5115279 AND 5115379
	Bitmap Heap Scan on sbtest6  (cost=5.44..393.31 rows=98 width=125)
	  Recheck Cond: ((k >= 5115279) AND (k <= 5115379))
	  ->  Bitmap Index Scan on k_6  (cost=0.00..5.42 rows=98 width=0)
	        Index Cond: ((k >= 5115279) AND (k <= 5115379))

table 7 : explain SELECT k, c FROM sbtest7 WHERE k BETWEEN 5115279 AND 5115379
	Bitmap Heap Scan on sbtest7  (cost=5.49..413.00 rows=103 width=125)
	  Recheck Cond: ((k >= 5115279) AND (k <= 5115379))
	  ->  Bitmap Index Scan on k_7  (cost=0.00..5.46 rows=103 width=0)
	        Index Cond: ((k >= 5115279) AND (k <= 5115379))

table 8 : explain SELECT k, c FROM sbtest8 WHERE k BETWEEN 5115279 AND 5115379
	Bitmap Heap Scan on sbtest8  (cost=5.43..389.37 rows=97 width=125)
	  Recheck Cond: ((k >= 5115279) AND (k <= 5115379))
	  ->  Bitmap Index Scan on k_8  (cost=0.00..5.40 rows=97 width=0)
	        Index Cond: ((k >= 5115279) AND (k <= 5115379))

for range-notcovered
table 1 : explain SELECT k, c FROM sbtest1 WHERE k BETWEEN 5041427 AND 5041527
	Bitmap Heap Scan on sbtest1  (cost=5.41..381.49 rows=95 width=125)
	  Recheck Cond: ((k >= 5041427) AND (k <= 5041527))
	  ->  Bitmap Index Scan on k_1  (cost=0.00..5.38 rows=95 width=0)
	        Index Cond: ((k >= 5041427) AND (k <= 5041527))

table 2 : explain SELECT k, c FROM sbtest2 WHERE k BETWEEN 5041427 AND 5041527
	Bitmap Heap Scan on sbtest2  (cost=5.41..381.49 rows=95 width=125)
	  Recheck Cond: ((k >= 5041427) AND (k <= 5041527))
	  ->  Bitmap Index Scan on k_2  (cost=0.00..5.38 rows=95 width=0)
	        Index Cond: ((k >= 5041427) AND (k <= 5041527))

table 3 : explain SELECT k, c FROM sbtest3 WHERE k BETWEEN 5041427 AND 5041527
	Bitmap Heap Scan on sbtest3  (cost=5.46..401.19 rows=100 width=125)
	  Recheck Cond: ((k >= 5041427) AND (k <= 5041527))
	  ->  Bitmap Index Scan on k_3  (cost=0.00..5.43 rows=100 width=0)
	        Index Cond: ((k >= 5041427) AND (k <= 5041527))

table 4 : explain SELECT k, c FROM sbtest4 WHERE k BETWEEN 5041427 AND 5041527
	Bitmap Heap Scan on sbtest4  (cost=5.50..416.94 rows=104 width=125)
	  Recheck Cond: ((k >= 5041427) AND (k <= 5041527))
	  ->  Bitmap Index Scan on k_4  (cost=0.00..5.47 rows=104 width=0)
	        Index Cond: ((k >= 5041427) AND (k <= 5041527))

table 5 : explain SELECT k, c FROM sbtest5 WHERE k BETWEEN 5041427 AND 5041527
	Bitmap Heap Scan on sbtest5  (cost=5.41..381.49 rows=95 width=125)
	  Recheck Cond: ((k >= 5041427) AND (k <= 5041527))
	  ->  Bitmap Index Scan on k_5  (cost=0.00..5.38 rows=95 width=0)
	        Index Cond: ((k >= 5041427) AND (k <= 5041527))

table 6 : explain SELECT k, c FROM sbtest6 WHERE k BETWEEN 5041427 AND 5041527
	Bitmap Heap Scan on sbtest6  (cost=5.41..381.49 rows=95 width=125)
	  Recheck Cond: ((k >= 5041427) AND (k <= 5041527))
	  ->  Bitmap Index Scan on k_6  (cost=0.00..5.38 rows=95 width=0)
	        Index Cond: ((k >= 5041427) AND (k <= 5041527))

table 7 : explain SELECT k, c FROM sbtest7 WHERE k BETWEEN 5041427 AND 5041527
	Bitmap Heap Scan on sbtest7  (cost=5.53..428.75 rows=107 width=125)
	  Recheck Cond: ((k >= 5041427) AND (k <= 5041527))
	  ->  Bitmap Index Scan on k_7  (cost=0.00..5.50 rows=107 width=0)
	        Index Cond: ((k >= 5041427) AND (k <= 5041527))

table 8 : explain SELECT k, c FROM sbtest8 WHERE k BETWEEN 5041427 AND 5041527
	Bitmap Heap Scan on sbtest8  (cost=5.45..397.25 rows=99 width=125)
	  Recheck Cond: ((k >= 5041427) AND (k <= 5041527))
	  ->  Bitmap Index Scan on k_8  (cost=0.00..5.42 rows=99 width=0)
	        Index Cond: ((k >= 5041427) AND (k <= 5041527))

explain: for range-notcovered :: explain SELECT k, c FROM sbtest%d WHERE k BETWEEN 5115279 AND 5115379
for range-notcovered
table 1 : explain SELECT k, c FROM sbtest1 WHERE k BETWEEN 5100153 AND 5100253
	Bitmap Heap Scan on sbtest1  (cost=5.49..413.00 rows=103 width=125)
	  Recheck Cond: ((k >= 5100153) AND (k <= 5100253))
	  ->  Bitmap Index Scan on k_1  (cost=0.00..5.46 rows=103 width=0)
	        Index Cond: ((k >= 5100153) AND (k <= 5100253))

table 2 : explain SELECT k, c FROM sbtest2 WHERE k BETWEEN 5100153 AND 5100253
	Bitmap Heap Scan on sbtest2  (cost=5.41..381.49 rows=95 width=125)
	  Recheck Cond: ((k >= 5100153) AND (k <= 5100253))
	  ->  Bitmap Index Scan on k_2  (cost=0.00..5.38 rows=95 width=0)
	        Index Cond: ((k >= 5100153) AND (k <= 5100253))

table 3 : explain SELECT k, c FROM sbtest3 WHERE k BETWEEN 5100153 AND 5100253
	Bitmap Heap Scan on sbtest3  (cost=5.46..401.19 rows=100 width=125)
	  Recheck Cond: ((k >= 5100153) AND (k <= 5100253))
	  ->  Bitmap Index Scan on k_3  (cost=0.00..5.43 rows=100 width=0)
	        Index Cond: ((k >= 5100153) AND (k <= 5100253))

table 4 : explain SELECT k, c FROM sbtest4 WHERE k BETWEEN 5100153 AND 5100253
	Bitmap Heap Scan on sbtest4  (cost=5.49..413.00 rows=103 width=125)
	  Recheck Cond: ((k >= 5100153) AND (k <= 5100253))
	  ->  Bitmap Index Scan on k_4  (cost=0.00..5.46 rows=103 width=0)
	        Index Cond: ((k >= 5100153) AND (k <= 5100253))

table 5 : explain SELECT k, c FROM sbtest5 WHERE k BETWEEN 5100153 AND 5100253
	Bitmap Heap Scan on sbtest5  (cost=5.41..381.49 rows=95 width=125)
	  Recheck Cond: ((k >= 5100153) AND (k <= 5100253))
	  ->  Bitmap Index Scan on k_5  (cost=0.00..5.38 rows=95 width=0)
	        Index Cond: ((k >= 5100153) AND (k <= 5100253))

table 6 : explain SELECT k, c FROM sbtest6 WHERE k BETWEEN 5100153 AND 5100253
	Bitmap Heap Scan on sbtest6  (cost=5.44..393.31 rows=98 width=125)
	  Recheck Cond: ((k >= 5100153) AND (k <= 5100253))
	  ->  Bitmap Index Scan on k_6  (cost=0.00..5.42 rows=98 width=0)
	        Index Cond: ((k >= 5100153) AND (k <= 5100253))

table 7 : explain SELECT k, c FROM sbtest7 WHERE k BETWEEN 5100153 AND 5100253
	Bitmap Heap Scan on sbtest7  (cost=5.49..413.00 rows=103 width=125)
	  Recheck Cond: ((k >= 5100153) AND (k <= 5100253))
	  ->  Bitmap Index Scan on k_7  (cost=0.00..5.46 rows=103 width=0)
	        Index Cond: ((k >= 5100153) AND (k <= 5100253))

table 8 : explain SELECT k, c FROM sbtest8 WHERE k BETWEEN 5100153 AND 5100253
	Bitmap Heap Scan on sbtest8  (cost=5.45..397.25 rows=99 width=125)
	  Recheck Cond: ((k >= 5100153) AND (k <= 5100253))
	  ->  Bitmap Index Scan on k_8  (cost=0.00..5.42 rows=99 width=0)
	        Index Cond: ((k >= 5100153) AND (k <= 5100253))

explain: for range-notcovered :: explain SELECT k, c FROM sbtest%d WHERE k BETWEEN 5041427 AND 5041527
explain: for range-notcovered :: explain SELECT k, c FROM sbtest%d WHERE k BETWEEN 5100153 AND 5100253
for range-notcovered
table 1 : explain SELECT k, c FROM sbtest1 WHERE k BETWEEN 7820163 AND 7820263
	Bitmap Heap Scan on sbtest1  (cost=5.44..393.31 rows=98 width=125)
	  Recheck Cond: ((k >= 7820163) AND (k <= 7820263))
	  ->  Bitmap Index Scan on k_1  (cost=0.00..5.42 rows=98 width=0)
	        Index Cond: ((k >= 7820163) AND (k <= 7820263))

table 2 : explain SELECT k, c FROM sbtest2 WHERE k BETWEEN 7820163 AND 7820263
	Bitmap Heap Scan on sbtest2  (cost=5.53..428.75 rows=107 width=125)
	  Recheck Cond: ((k >= 7820163) AND (k <= 7820263))
	  ->  Bitmap Index Scan on k_2  (cost=0.00..5.50 rows=107 width=0)
	        Index Cond: ((k >= 7820163) AND (k <= 7820263))

table 3 : explain SELECT k, c FROM sbtest3 WHERE k BETWEEN 7820163 AND 7820263
	Bitmap Heap Scan on sbtest3  (cost=5.45..397.25 rows=99 width=125)
	  Recheck Cond: ((k >= 7820163) AND (k <= 7820263))
	  ->  Bitmap Index Scan on k_3  (cost=0.00..5.42 rows=99 width=0)
	        Index Cond: ((k >= 7820163) AND (k <= 7820263))

table 4 : explain SELECT k, c FROM sbtest4 WHERE k BETWEEN 7820163 AND 7820263
	Bitmap Heap Scan on sbtest4  (cost=5.49..413.00 rows=103 width=125)
	  Recheck Cond: ((k >= 7820163) AND (k <= 7820263))
	  ->  Bitmap Index Scan on k_4  (cost=0.00..5.46 rows=103 width=0)
	        Index Cond: ((k >= 7820163) AND (k <= 7820263))

table 5 : explain SELECT k, c FROM sbtest5 WHERE k BETWEEN 7820163 AND 7820263
	Bitmap Heap Scan on sbtest5  (cost=5.48..409.07 rows=102 width=125)
	  Recheck Cond: ((k >= 7820163) AND (k <= 7820263))
	  ->  Bitmap Index Scan on k_5  (cost=0.00..5.45 rows=102 width=0)
	        Index Cond: ((k >= 7820163) AND (k <= 7820263))

table 6 : explain SELECT k, c FROM sbtest6 WHERE k BETWEEN 7820163 AND 7820263
	Bitmap Heap Scan on sbtest6  (cost=5.48..409.07 rows=102 width=125)
	  Recheck Cond: ((k >= 7820163) AND (k <= 7820263))
	  ->  Bitmap Index Scan on k_6  (cost=0.00..5.45 rows=102 width=0)
	        Index Cond: ((k >= 7820163) AND (k <= 7820263))

table 7 : explain SELECT k, c FROM sbtest7 WHERE k BETWEEN 7820163 AND 7820263
	Bitmap Heap Scan on sbtest7  (cost=5.53..428.75 rows=107 width=125)
	  Recheck Cond: ((k >= 7820163) AND (k <= 7820263))
	  ->  Bitmap Index Scan on k_7  (cost=0.00..5.50 rows=107 width=0)
	        Index Cond: ((k >= 7820163) AND (k <= 7820263))

table 8 : explain SELECT k, c FROM sbtest8 WHERE k BETWEEN 7820163 AND 7820263
	Bitmap Heap Scan on sbtest8  (cost=5.50..416.94 rows=104 width=125)
	  Recheck Cond: ((k >= 7820163) AND (k <= 7820263))
	  ->  Bitmap Index Scan on k_8  (cost=0.00..5.47 rows=104 width=0)
	        Index Cond: ((k >= 7820163) AND (k <= 7820263))

for range-notcovered
table 1 : explain SELECT k, c FROM sbtest1 WHERE k BETWEEN 5115279 AND 5115379
	Bitmap Heap Scan on sbtest1  (cost=5.49..413.00 rows=103 width=125)
	  Recheck Cond: ((k >= 5115279) AND (k <= 5115379))
	  ->  Bitmap Index Scan on k_1  (cost=0.00..5.46 rows=103 width=0)
	        Index Cond: ((k >= 5115279) AND (k <= 5115379))

table 2 : explain SELECT k, c FROM sbtest2 WHERE k BETWEEN 5115279 AND 5115379
	Bitmap Heap Scan on sbtest2  (cost=5.41..381.49 rows=95 width=125)
	  Recheck Cond: ((k >= 5115279) AND (k <= 5115379))
	  ->  Bitmap Index Scan on k_2  (cost=0.00..5.38 rows=95 width=0)
	        Index Cond: ((k >= 5115279) AND (k <= 5115379))

table 3 : explain SELECT k, c FROM sbtest3 WHERE k BETWEEN 5115279 AND 5115379
	Bitmap Heap Scan on sbtest3  (cost=5.46..401.19 rows=100 width=125)
	  Recheck Cond: ((k >= 5115279) AND (k <= 5115379))
	  ->  Bitmap Index Scan on k_3  (cost=0.00..5.43 rows=100 width=0)
	        Index Cond: ((k >= 5115279) AND (k <= 5115379))

table 4 : explain SELECT k, c FROM sbtest4 WHERE k BETWEEN 5115279 AND 5115379
	Bitmap Heap Scan on sbtest4  (cost=5.49..413.00 rows=103 width=125)
	  Recheck Cond: ((k >= 5115279) AND (k <= 5115379))
	  ->  Bitmap Index Scan on k_4  (cost=0.00..5.46 rows=103 width=0)
	        Index Cond: ((k >= 5115279) AND (k <= 5115379))

table 5 : explain SELECT k, c FROM sbtest5 WHERE k BETWEEN 5115279 AND 5115379
	Bitmap Heap Scan on sbtest5  (cost=5.38..369.67 rows=92 width=125)
	  Recheck Cond: ((k >= 5115279) AND (k <= 5115379))
	  ->  Bitmap Index Scan on k_5  (cost=0.00..5.35 rows=92 width=0)
	        Index Cond: ((k >= 5115279) AND (k <= 5115379))

table 6 : explain SELECT k, c FROM sbtest6 WHERE k BETWEEN 5115279 AND 5115379
	Bitmap Heap Scan on sbtest6  (cost=5.44..393.31 rows=98 width=125)
	  Recheck Cond: ((k >= 5115279) AND (k <= 5115379))
	  ->  Bitmap Index Scan on k_6  (cost=0.00..5.42 rows=98 width=0)
	        Index Cond: ((k >= 5115279) AND (k <= 5115379))

table 7 : explain SELECT k, c FROM sbtest7 WHERE k BETWEEN 5115279 AND 5115379
	Bitmap Heap Scan on sbtest7  (cost=5.49..413.00 rows=103 width=125)
	  Recheck Cond: ((k >= 5115279) AND (k <= 5115379))
	  ->  Bitmap Index Scan on k_7  (cost=0.00..5.46 rows=103 width=0)
	        Index Cond: ((k >= 5115279) AND (k <= 5115379))

table 8 : explain SELECT k, c FROM sbtest8 WHERE k BETWEEN 5115279 AND 5115379
	Bitmap Heap Scan on sbtest8  (cost=5.43..389.37 rows=97 width=125)
	  Recheck Cond: ((k >= 5115279) AND (k <= 5115379))
	  ->  Bitmap Index Scan on k_8  (cost=0.00..5.40 rows=97 width=0)
	        Index Cond: ((k >= 5115279) AND (k <= 5115379))

explain: for range-notcovered :: explain SELECT k, c FROM sbtest%d WHERE k BETWEEN 7820163 AND 7820263
for range-notcovered
table 1 : explain SELECT k, c FROM sbtest1 WHERE k BETWEEN 6534893 AND 6534993
	Bitmap Heap Scan on sbtest1  (cost=5.45..397.25 rows=99 width=125)
	  Recheck Cond: ((k >= 6534893) AND (k <= 6534993))
	  ->  Bitmap Index Scan on k_1  (cost=0.00..5.42 rows=99 width=0)
	        Index Cond: ((k >= 6534893) AND (k <= 6534993))

table 2 : explain SELECT k, c FROM sbtest2 WHERE k BETWEEN 6534893 AND 6534993
	Bitmap Heap Scan on sbtest2  (cost=5.57..444.49 rows=111 width=125)
	  Recheck Cond: ((k >= 6534893) AND (k <= 6534993))
	  ->  Bitmap Index Scan on k_2  (cost=0.00..5.54 rows=111 width=0)
	        Index Cond: ((k >= 6534893) AND (k <= 6534993))

table 3 : explain SELECT k, c FROM sbtest3 WHERE k BETWEEN 6534893 AND 6534993
	Bitmap Heap Scan on sbtest3  (cost=5.57..444.49 rows=111 width=125)
	  Recheck Cond: ((k >= 6534893) AND (k <= 6534993))
	  ->  Bitmap Index Scan on k_3  (cost=0.00..5.54 rows=111 width=0)
	        Index Cond: ((k >= 6534893) AND (k <= 6534993))

table 4 : explain SELECT k, c FROM sbtest4 WHERE k BETWEEN 6534893 AND 6534993
	Bitmap Heap Scan on sbtest4  (cost=5.48..409.07 rows=102 width=125)
	  Recheck Cond: ((k >= 6534893) AND (k <= 6534993))
	  ->  Bitmap Index Scan on k_4  (cost=0.00..5.45 rows=102 width=0)
	        Index Cond: ((k >= 6534893) AND (k <= 6534993))

table 5 : explain SELECT k, c FROM sbtest5 WHERE k BETWEEN 6534893 AND 6534993
	Bitmap Heap Scan on sbtest5  (cost=5.47..405.13 rows=101 width=125)
	  Recheck Cond: ((k >= 6534893) AND (k <= 6534993))
	  ->  Bitmap Index Scan on k_5  (cost=0.00..5.44 rows=101 width=0)
	        Index Cond: ((k >= 6534893) AND (k <= 6534993))

table 6 : explain SELECT k, c FROM sbtest6 WHERE k BETWEEN 6534893 AND 6534993
	Bitmap Heap Scan on sbtest6  (cost=5.58..448.42 rows=112 width=125)
	  Recheck Cond: ((k >= 6534893) AND (k <= 6534993))
	  ->  Bitmap Index Scan on k_6  (cost=0.00..5.55 rows=112 width=0)
	        Index Cond: ((k >= 6534893) AND (k <= 6534993))

table 7 : explain SELECT k, c FROM sbtest7 WHERE k BETWEEN 6534893 AND 6534993
	Bitmap Heap Scan on sbtest7  (cost=5.49..413.00 rows=103 width=125)
	  Recheck Cond: ((k >= 6534893) AND (k <= 6534993))
	  ->  Bitmap Index Scan on k_7  (cost=0.00..5.46 rows=103 width=0)
	        Index Cond: ((k >= 6534893) AND (k <= 6534993))

table 8 : explain SELECT k, c FROM sbtest8 WHERE k BETWEEN 6534893 AND 6534993
	Bitmap Heap Scan on sbtest8  (cost=5.43..389.37 rows=97 width=125)
	  Recheck Cond: ((k >= 6534893) AND (k <= 6534993))
	  ->  Bitmap Index Scan on k_8  (cost=0.00..5.40 rows=97 width=0)
	        Index Cond: ((k >= 6534893) AND (k <= 6534993))

for range-notcovered
table 1 : explain SELECT k, c FROM sbtest1 WHERE k BETWEEN 5100153 AND 5100253
	Bitmap Heap Scan on sbtest1  (cost=5.49..413.00 rows=103 width=125)
	  Recheck Cond: ((k >= 5100153) AND (k <= 5100253))
	  ->  Bitmap Index Scan on k_1  (cost=0.00..5.46 rows=103 width=0)
	        Index Cond: ((k >= 5100153) AND (k <= 5100253))

table 2 : explain SELECT k, c FROM sbtest2 WHERE k BETWEEN 5100153 AND 5100253
	Bitmap Heap Scan on sbtest2  (cost=5.41..381.49 rows=95 width=125)
	  Recheck Cond: ((k >= 5100153) AND (k <= 5100253))
	  ->  Bitmap Index Scan on k_2  (cost=0.00..5.38 rows=95 width=0)
	        Index Cond: ((k >= 5100153) AND (k <= 5100253))

table 3 : explain SELECT k, c FROM sbtest3 WHERE k BETWEEN 5100153 AND 5100253
	Bitmap Heap Scan on sbtest3  (cost=5.46..401.19 rows=100 width=125)
	  Recheck Cond: ((k >= 5100153) AND (k <= 5100253))
	  ->  Bitmap Index Scan on k_3  (cost=0.00..5.43 rows=100 width=0)
	        Index Cond: ((k >= 5100153) AND (k <= 5100253))

table 4 : explain SELECT k, c FROM sbtest4 WHERE k BETWEEN 5100153 AND 5100253
	Bitmap Heap Scan on sbtest4  (cost=5.49..413.00 rows=103 width=125)
	  Recheck Cond: ((k >= 5100153) AND (k <= 5100253))
	  ->  Bitmap Index Scan on k_4  (cost=0.00..5.46 rows=103 width=0)
	        Index Cond: ((k >= 5100153) AND (k <= 5100253))

table 5 : explain SELECT k, c FROM sbtest5 WHERE k BETWEEN 5100153 AND 5100253
	Bitmap Heap Scan on sbtest5  (cost=5.41..381.49 rows=95 width=125)
	  Recheck Cond: ((k >= 5100153) AND (k <= 5100253))
	  ->  Bitmap Index Scan on k_5  (cost=0.00..5.38 rows=95 width=0)
	        Index Cond: ((k >= 5100153) AND (k <= 5100253))

table 6 : explain SELECT k, c FROM sbtest6 WHERE k BETWEEN 5100153 AND 5100253
	Bitmap Heap Scan on sbtest6  (cost=5.44..393.31 rows=98 width=125)
	  Recheck Cond: ((k >= 5100153) AND (k <= 5100253))
	  ->  Bitmap Index Scan on k_6  (cost=0.00..5.42 rows=98 width=0)
	        Index Cond: ((k >= 5100153) AND (k <= 5100253))

table 7 : explain SELECT k, c FROM sbtest7 WHERE k BETWEEN 5100153 AND 5100253
	Bitmap Heap Scan on sbtest7  (cost=5.49..413.00 rows=103 width=125)
	  Recheck Cond: ((k >= 5100153) AND (k <= 5100253))
	  ->  Bitmap Index Scan on k_7  (cost=0.00..5.46 rows=103 width=0)
	        Index Cond: ((k >= 5100153) AND (k <= 5100253))

table 8 : explain SELECT k, c FROM sbtest8 WHERE k BETWEEN 5100153 AND 5100253
	Bitmap Heap Scan on sbtest8  (cost=5.45..397.25 rows=99 width=125)
	  Recheck Cond: ((k >= 5100153) AND (k <= 5100253))
	  ->  Bitmap Index Scan on k_8  (cost=0.00..5.42 rows=99 width=0)
	        Index Cond: ((k >= 5100153) AND (k <= 5100253))

explain: for range-notcovered :: explain SELECT k, c FROM sbtest%d WHERE k BETWEEN 5100153 AND 5100253
for range-notcovered
table 1 : explain SELECT k, c FROM sbtest1 WHERE k BETWEEN 7820163 AND 7820263
	Bitmap Heap Scan on sbtest1  (cost=5.44..393.31 rows=98 width=125)
	  Recheck Cond: ((k >= 7820163) AND (k <= 7820263))
	  ->  Bitmap Index Scan on k_1  (cost=0.00..5.42 rows=98 width=0)
	        Index Cond: ((k >= 7820163) AND (k <= 7820263))

table 2 : explain SELECT k, c FROM sbtest2 WHERE k BETWEEN 7820163 AND 7820263
	Bitmap Heap Scan on sbtest2  (cost=5.53..428.75 rows=107 width=125)
	  Recheck Cond: ((k >= 7820163) AND (k <= 7820263))
	  ->  Bitmap Index Scan on k_2  (cost=0.00..5.50 rows=107 width=0)
	        Index Cond: ((k >= 7820163) AND (k <= 7820263))

table 3 : explain SELECT k, c FROM sbtest3 WHERE k BETWEEN 7820163 AND 7820263
	Bitmap Heap Scan on sbtest3  (cost=5.45..397.25 rows=99 width=125)
	  Recheck Cond: ((k >= 7820163) AND (k <= 7820263))
	  ->  Bitmap Index Scan on k_3  (cost=0.00..5.42 rows=99 width=0)
	        Index Cond: ((k >= 7820163) AND (k <= 7820263))

table 4 : explain SELECT k, c FROM sbtest4 WHERE k BETWEEN 7820163 AND 7820263
	Bitmap Heap Scan on sbtest4  (cost=5.49..413.00 rows=103 width=125)
	  Recheck Cond: ((k >= 7820163) AND (k <= 7820263))
	  ->  Bitmap Index Scan on k_4  (cost=0.00..5.46 rows=103 width=0)
	        Index Cond: ((k >= 7820163) AND (k <= 7820263))

table 5 : explain SELECT k, c FROM sbtest5 WHERE k BETWEEN 7820163 AND 7820263
	Bitmap Heap Scan on sbtest5  (cost=5.48..409.07 rows=102 width=125)
	  Recheck Cond: ((k >= 7820163) AND (k <= 7820263))
	  ->  Bitmap Index Scan on k_5  (cost=0.00..5.45 rows=102 width=0)
	        Index Cond: ((k >= 7820163) AND (k <= 7820263))

table 6 : explain SELECT k, c FROM sbtest6 WHERE k BETWEEN 7820163 AND 7820263
	Bitmap Heap Scan on sbtest6  (cost=5.48..409.07 rows=102 width=125)
	  Recheck Cond: ((k >= 7820163) AND (k <= 7820263))
	  ->  Bitmap Index Scan on k_6  (cost=0.00..5.45 rows=102 width=0)
	        Index Cond: ((k >= 7820163) AND (k <= 7820263))

table 7 : explain SELECT k, c FROM sbtest7 WHERE k BETWEEN 7820163 AND 7820263
	Bitmap Heap Scan on sbtest7  (cost=5.53..428.75 rows=107 width=125)
	  Recheck Cond: ((k >= 7820163) AND (k <= 7820263))
	  ->  Bitmap Index Scan on k_7  (cost=0.00..5.50 rows=107 width=0)
	        Index Cond: ((k >= 7820163) AND (k <= 7820263))

table 8 : explain SELECT k, c FROM sbtest8 WHERE k BETWEEN 7820163 AND 7820263
	Bitmap Heap Scan on sbtest8  (cost=5.50..416.94 rows=104 width=125)
	  Recheck Cond: ((k >= 7820163) AND (k <= 7820263))
	  ->  Bitmap Index Scan on k_8  (cost=0.00..5.47 rows=104 width=0)
	        Index Cond: ((k >= 7820163) AND (k <= 7820263))

explain: for range-notcovered :: explain SELECT k, c FROM sbtest%d WHERE k BETWEEN 7820163 AND 7820263
for range-notcovered
table 1 : explain SELECT k, c FROM sbtest1 WHERE k BETWEEN 3096133 AND 3096233
	Bitmap Heap Scan on sbtest1  (cost=5.53..428.75 rows=107 width=125)
	  Recheck Cond: ((k >= 3096133) AND (k <= 3096233))
	  ->  Bitmap Index Scan on k_1  (cost=0.00..5.50 rows=107 width=0)
	        Index Cond: ((k >= 3096133) AND (k <= 3096233))

table 2 : explain SELECT k, c FROM sbtest2 WHERE k BETWEEN 3096133 AND 3096233
	Bitmap Heap Scan on sbtest2  (cost=5.51..420.88 rows=105 width=125)
	  Recheck Cond: ((k >= 3096133) AND (k <= 3096233))
	  ->  Bitmap Index Scan on k_2  (cost=0.00..5.48 rows=105 width=0)
	        Index Cond: ((k >= 3096133) AND (k <= 3096233))

table 3 : explain SELECT k, c FROM sbtest3 WHERE k BETWEEN 3096133 AND 3096233
	Bitmap Heap Scan on sbtest3  (cost=5.45..397.25 rows=99 width=125)
	  Recheck Cond: ((k >= 3096133) AND (k <= 3096233))
	  ->  Bitmap Index Scan on k_3  (cost=0.00..5.42 rows=99 width=0)
	        Index Cond: ((k >= 3096133) AND (k <= 3096233))

table 4 : explain SELECT k, c FROM sbtest4 WHERE k BETWEEN 3096133 AND 3096233
	Bitmap Heap Scan on sbtest4  (cost=5.54..432.69 rows=108 width=125)
	  Recheck Cond: ((k >= 3096133) AND (k <= 3096233))
	  ->  Bitmap Index Scan on k_4  (cost=0.00..5.51 rows=108 width=0)
	        Index Cond: ((k >= 3096133) AND (k <= 3096233))

table 5 : explain SELECT k, c FROM sbtest5 WHERE k BETWEEN 3096133 AND 3096233
	Bitmap Heap Scan on sbtest5  (cost=5.41..381.49 rows=95 width=125)
	  Recheck Cond: ((k >= 3096133) AND (k <= 3096233))
	  ->  Bitmap Index Scan on k_5  (cost=0.00..5.38 rows=95 width=0)
	        Index Cond: ((k >= 3096133) AND (k <= 3096233))

table 6 : explain SELECT k, c FROM sbtest6 WHERE k BETWEEN 3096133 AND 3096233
	Bitmap Heap Scan on sbtest6  (cost=5.43..389.37 rows=97 width=125)
	  Recheck Cond: ((k >= 3096133) AND (k <= 3096233))
	  ->  Bitmap Index Scan on k_6  (cost=0.00..5.40 rows=97 width=0)
	        Index Cond: ((k >= 3096133) AND (k <= 3096233))

table 7 : explain SELECT k, c FROM sbtest7 WHERE k BETWEEN 3096133 AND 3096233
	Bitmap Heap Scan on sbtest7  (cost=5.47..405.13 rows=101 width=125)
	  Recheck Cond: ((k >= 3096133) AND (k <= 3096233))
	  ->  Bitmap Index Scan on k_7  (cost=0.00..5.44 rows=101 width=0)
	        Index Cond: ((k >= 3096133) AND (k <= 3096233))

table 8 : explain SELECT k, c FROM sbtest8 WHERE k BETWEEN 3096133 AND 3096233
	Bitmap Heap Scan on sbtest8  (cost=5.43..389.37 rows=97 width=125)
	  Recheck Cond: ((k >= 3096133) AND (k <= 3096233))
	  ->  Bitmap Index Scan on k_8  (cost=0.00..5.40 rows=97 width=0)
	        Index Cond: ((k >= 3096133) AND (k <= 3096233))

explain: for range-notcovered :: explain SELECT k, c FROM sbtest%d WHERE k BETWEEN 3096133 AND 3096233
for range-notcovered
table 1 : explain SELECT k, c FROM sbtest1 WHERE k BETWEEN 7820163 AND 7820263
	Bitmap Heap Scan on sbtest1  (cost=5.44..393.31 rows=98 width=125)
	  Recheck Cond: ((k >= 7820163) AND (k <= 7820263))
	  ->  Bitmap Index Scan on k_1  (cost=0.00..5.42 rows=98 width=0)
	        Index Cond: ((k >= 7820163) AND (k <= 7820263))

table 2 : explain SELECT k, c FROM sbtest2 WHERE k BETWEEN 7820163 AND 7820263
	Bitmap Heap Scan on sbtest2  (cost=5.53..428.75 rows=107 width=125)
	  Recheck Cond: ((k >= 7820163) AND (k <= 7820263))
	  ->  Bitmap Index Scan on k_2  (cost=0.00..5.50 rows=107 width=0)
	        Index Cond: ((k >= 7820163) AND (k <= 7820263))

table 3 : explain SELECT k, c FROM sbtest3 WHERE k BETWEEN 7820163 AND 7820263
	Bitmap Heap Scan on sbtest3  (cost=5.45..397.25 rows=99 width=125)
	  Recheck Cond: ((k >= 7820163) AND (k <= 7820263))
	  ->  Bitmap Index Scan on k_3  (cost=0.00..5.42 rows=99 width=0)
	        Index Cond: ((k >= 7820163) AND (k <= 7820263))

table 4 : explain SELECT k, c FROM sbtest4 WHERE k BETWEEN 7820163 AND 7820263
	Bitmap Heap Scan on sbtest4  (cost=5.49..413.00 rows=103 width=125)
	  Recheck Cond: ((k >= 7820163) AND (k <= 7820263))
	  ->  Bitmap Index Scan on k_4  (cost=0.00..5.46 rows=103 width=0)
	        Index Cond: ((k >= 7820163) AND (k <= 7820263))

table 5 : explain SELECT k, c FROM sbtest5 WHERE k BETWEEN 7820163 AND 7820263
	Bitmap Heap Scan on sbtest5  (cost=5.48..409.07 rows=102 width=125)
	  Recheck Cond: ((k >= 7820163) AND (k <= 7820263))
	  ->  Bitmap Index Scan on k_5  (cost=0.00..5.45 rows=102 width=0)
	        Index Cond: ((k >= 7820163) AND (k <= 7820263))

table 6 : explain SELECT k, c FROM sbtest6 WHERE k BETWEEN 7820163 AND 7820263
	Bitmap Heap Scan on sbtest6  (cost=5.48..409.07 rows=102 width=125)
	  Recheck Cond: ((k >= 7820163) AND (k <= 7820263))
	  ->  Bitmap Index Scan on k_6  (cost=0.00..5.45 rows=102 width=0)
	        Index Cond: ((k >= 7820163) AND (k <= 7820263))

table 7 : explain SELECT k, c FROM sbtest7 WHERE k BETWEEN 7820163 AND 7820263
	Bitmap Heap Scan on sbtest7  (cost=5.53..428.75 rows=107 width=125)
	  Recheck Cond: ((k >= 7820163) AND (k <= 7820263))
	  ->  Bitmap Index Scan on k_7  (cost=0.00..5.50 rows=107 width=0)
	        Index Cond: ((k >= 7820163) AND (k <= 7820263))

table 8 : explain SELECT k, c FROM sbtest8 WHERE k BETWEEN 7820163 AND 7820263
	Bitmap Heap Scan on sbtest8  (cost=5.50..416.94 rows=104 width=125)
	  Recheck Cond: ((k >= 7820163) AND (k <= 7820263))
	  ->  Bitmap Index Scan on k_8  (cost=0.00..5.47 rows=104 width=0)
	        Index Cond: ((k >= 7820163) AND (k <= 7820263))

for range-notcovered
table 1 : explain SELECT k, c FROM sbtest1 WHERE k BETWEEN 8247199 AND 8247299
	Bitmap Heap Scan on sbtest1  (cost=5.45..397.25 rows=99 width=125)
	  Recheck Cond: ((k >= 8247199) AND (k <= 8247299))
	  ->  Bitmap Index Scan on k_1  (cost=0.00..5.42 rows=99 width=0)
	        Index Cond: ((k >= 8247199) AND (k <= 8247299))

table 2 : explain SELECT k, c FROM sbtest2 WHERE k BETWEEN 8247199 AND 8247299
	Bitmap Heap Scan on sbtest2  (cost=5.45..397.25 rows=99 width=125)
	  Recheck Cond: ((k >= 8247199) AND (k <= 8247299))
	  ->  Bitmap Index Scan on k_2  (cost=0.00..5.42 rows=99 width=0)
	        Index Cond: ((k >= 8247199) AND (k <= 8247299))

table 3 : explain SELECT k, c FROM sbtest3 WHERE k BETWEEN 8247199 AND 8247299
	Bitmap Heap Scan on sbtest3  (cost=5.40..377.55 rows=94 width=125)
	  Recheck Cond: ((k >= 8247199) AND (k <= 8247299))
	  ->  Bitmap Index Scan on k_3  (cost=0.00..5.38 rows=94 width=0)
	        Index Cond: ((k >= 8247199) AND (k <= 8247299))

table 4 : explain SELECT k, c FROM sbtest4 WHERE k BETWEEN 8247199 AND 8247299
	Bitmap Heap Scan on sbtest4  (cost=5.50..416.94 rows=104 width=125)
	  Recheck Cond: ((k >= 8247199) AND (k <= 8247299))
	  ->  Bitmap Index Scan on k_4  (cost=0.00..5.47 rows=104 width=0)
	        Index Cond: ((k >= 8247199) AND (k <= 8247299))

table 5 : explain SELECT k, c FROM sbtest5 WHERE k BETWEEN 8247199 AND 8247299
	Bitmap Heap Scan on sbtest5  (cost=5.40..377.55 rows=94 width=125)
	  Recheck Cond: ((k >= 8247199) AND (k <= 8247299))
	  ->  Bitmap Index Scan on k_5  (cost=0.00..5.38 rows=94 width=0)
	        Index Cond: ((k >= 8247199) AND (k <= 8247299))

table 6 : explain SELECT k, c FROM sbtest6 WHERE k BETWEEN 8247199 AND 8247299
	Bitmap Heap Scan on sbtest6  (cost=5.47..405.13 rows=101 width=125)
	  Recheck Cond: ((k >= 8247199) AND (k <= 8247299))
	  ->  Bitmap Index Scan on k_6  (cost=0.00..5.44 rows=101 width=0)
	        Index Cond: ((k >= 8247199) AND (k <= 8247299))

table 7 : explain SELECT k, c FROM sbtest7 WHERE k BETWEEN 8247199 AND 8247299
	Bitmap Heap Scan on sbtest7  (cost=5.36..361.78 rows=90 width=125)
	  Recheck Cond: ((k >= 8247199) AND (k <= 8247299))
	  ->  Bitmap Index Scan on k_7  (cost=0.00..5.33 rows=90 width=0)
	        Index Cond: ((k >= 8247199) AND (k <= 8247299))

table 8 : explain SELECT k, c FROM sbtest8 WHERE k BETWEEN 8247199 AND 8247299
	Bitmap Heap Scan on sbtest8  (cost=5.43..389.37 rows=97 width=125)
	  Recheck Cond: ((k >= 8247199) AND (k <= 8247299))
	  ->  Bitmap Index Scan on k_8  (cost=0.00..5.40 rows=97 width=0)
	        Index Cond: ((k >= 8247199) AND (k <= 8247299))

explain: for range-notcovered :: explain SELECT k, c FROM sbtest%d WHERE k BETWEEN 7820163 AND 7820263
explain: for range-notcovered :: explain SELECT k, c FROM sbtest%d WHERE k BETWEEN 8247199 AND 8247299
for range-notcovered
table 1 : explain SELECT k, c FROM sbtest1 WHERE k BETWEEN 3096133 AND 3096233
	Bitmap Heap Scan on sbtest1  (cost=5.53..428.75 rows=107 width=125)
	  Recheck Cond: ((k >= 3096133) AND (k <= 3096233))
	  ->  Bitmap Index Scan on k_1  (cost=0.00..5.50 rows=107 width=0)
	        Index Cond: ((k >= 3096133) AND (k <= 3096233))

table 2 : explain SELECT k, c FROM sbtest2 WHERE k BETWEEN 3096133 AND 3096233
	Bitmap Heap Scan on sbtest2  (cost=5.51..420.88 rows=105 width=125)
	  Recheck Cond: ((k >= 3096133) AND (k <= 3096233))
	  ->  Bitmap Index Scan on k_2  (cost=0.00..5.48 rows=105 width=0)
	        Index Cond: ((k >= 3096133) AND (k <= 3096233))

table 3 : explain SELECT k, c FROM sbtest3 WHERE k BETWEEN 3096133 AND 3096233
	Bitmap Heap Scan on sbtest3  (cost=5.45..397.25 rows=99 width=125)
	  Recheck Cond: ((k >= 3096133) AND (k <= 3096233))
	  ->  Bitmap Index Scan on k_3  (cost=0.00..5.42 rows=99 width=0)
	        Index Cond: ((k >= 3096133) AND (k <= 3096233))

table 4 : explain SELECT k, c FROM sbtest4 WHERE k BETWEEN 3096133 AND 3096233
	Bitmap Heap Scan on sbtest4  (cost=5.54..432.69 rows=108 width=125)
	  Recheck Cond: ((k >= 3096133) AND (k <= 3096233))
	  ->  Bitmap Index Scan on k_4  (cost=0.00..5.51 rows=108 width=0)
	        Index Cond: ((k >= 3096133) AND (k <= 3096233))

table 5 : explain SELECT k, c FROM sbtest5 WHERE k BETWEEN 3096133 AND 3096233
	Bitmap Heap Scan on sbtest5  (cost=5.41..381.49 rows=95 width=125)
	  Recheck Cond: ((k >= 3096133) AND (k <= 3096233))
	  ->  Bitmap Index Scan on k_5  (cost=0.00..5.38 rows=95 width=0)
	        Index Cond: ((k >= 3096133) AND (k <= 3096233))

table 6 : explain SELECT k, c FROM sbtest6 WHERE k BETWEEN 3096133 AND 3096233
	Bitmap Heap Scan on sbtest6  (cost=5.43..389.37 rows=97 width=125)
	  Recheck Cond: ((k >= 3096133) AND (k <= 3096233))
	  ->  Bitmap Index Scan on k_6  (cost=0.00..5.40 rows=97 width=0)
	        Index Cond: ((k >= 3096133) AND (k <= 3096233))

table 7 : explain SELECT k, c FROM sbtest7 WHERE k BETWEEN 3096133 AND 3096233
	Bitmap Heap Scan on sbtest7  (cost=5.47..405.13 rows=101 width=125)
	  Recheck Cond: ((k >= 3096133) AND (k <= 3096233))
	  ->  Bitmap Index Scan on k_7  (cost=0.00..5.44 rows=101 width=0)
	        Index Cond: ((k >= 3096133) AND (k <= 3096233))

table 8 : explain SELECT k, c FROM sbtest8 WHERE k BETWEEN 3096133 AND 3096233
	Bitmap Heap Scan on sbtest8  (cost=5.43..389.37 rows=97 width=125)
	  Recheck Cond: ((k >= 3096133) AND (k <= 3096233))
	  ->  Bitmap Index Scan on k_8  (cost=0.00..5.40 rows=97 width=0)
	        Index Cond: ((k >= 3096133) AND (k <= 3096233))

explain: for range-notcovered :: explain SELECT k, c FROM sbtest%d WHERE k BETWEEN 3096133 AND 3096233
for range-notcovered
table 1 : explain SELECT k, c FROM sbtest1 WHERE k BETWEEN 8247199 AND 8247299
	Bitmap Heap Scan on sbtest1  (cost=5.45..397.25 rows=99 width=125)
	  Recheck Cond: ((k >= 8247199) AND (k <= 8247299))
	  ->  Bitmap Index Scan on k_1  (cost=0.00..5.42 rows=99 width=0)
	        Index Cond: ((k >= 8247199) AND (k <= 8247299))

table 2 : explain SELECT k, c FROM sbtest2 WHERE k BETWEEN 8247199 AND 8247299
	Bitmap Heap Scan on sbtest2  (cost=5.45..397.25 rows=99 width=125)
	  Recheck Cond: ((k >= 8247199) AND (k <= 8247299))
	  ->  Bitmap Index Scan on k_2  (cost=0.00..5.42 rows=99 width=0)
	        Index Cond: ((k >= 8247199) AND (k <= 8247299))

table 3 : explain SELECT k, c FROM sbtest3 WHERE k BETWEEN 8247199 AND 8247299
	Bitmap Heap Scan on sbtest3  (cost=5.40..377.55 rows=94 width=125)
	  Recheck Cond: ((k >= 8247199) AND (k <= 8247299))
	  ->  Bitmap Index Scan on k_3  (cost=0.00..5.38 rows=94 width=0)
	        Index Cond: ((k >= 8247199) AND (k <= 8247299))

table 4 : explain SELECT k, c FROM sbtest4 WHERE k BETWEEN 8247199 AND 8247299
	Bitmap Heap Scan on sbtest4  (cost=5.50..416.94 rows=104 width=125)
	  Recheck Cond: ((k >= 8247199) AND (k <= 8247299))
	  ->  Bitmap Index Scan on k_4  (cost=0.00..5.47 rows=104 width=0)
	        Index Cond: ((k >= 8247199) AND (k <= 8247299))

table 5 : explain SELECT k, c FROM sbtest5 WHERE k BETWEEN 8247199 AND 8247299
	Bitmap Heap Scan on sbtest5  (cost=5.40..377.55 rows=94 width=125)
	  Recheck Cond: ((k >= 8247199) AND (k <= 8247299))
	  ->  Bitmap Index Scan on k_5  (cost=0.00..5.38 rows=94 width=0)
	        Index Cond: ((k >= 8247199) AND (k <= 8247299))

table 6 : explain SELECT k, c FROM sbtest6 WHERE k BETWEEN 8247199 AND 8247299
	Bitmap Heap Scan on sbtest6  (cost=5.47..405.13 rows=101 width=125)
	  Recheck Cond: ((k >= 8247199) AND (k <= 8247299))
	  ->  Bitmap Index Scan on k_6  (cost=0.00..5.44 rows=101 width=0)
	        Index Cond: ((k >= 8247199) AND (k <= 8247299))

table 7 : explain SELECT k, c FROM sbtest7 WHERE k BETWEEN 8247199 AND 8247299
	Bitmap Heap Scan on sbtest7  (cost=5.36..361.78 rows=90 width=125)
	  Recheck Cond: ((k >= 8247199) AND (k <= 8247299))
	  ->  Bitmap Index Scan on k_7  (cost=0.00..5.33 rows=90 width=0)
	        Index Cond: ((k >= 8247199) AND (k <= 8247299))

table 8 : explain SELECT k, c FROM sbtest8 WHERE k BETWEEN 8247199 AND 8247299
	Bitmap Heap Scan on sbtest8  (cost=5.43..389.37 rows=97 width=125)
	  Recheck Cond: ((k >= 8247199) AND (k <= 8247299))
	  ->  Bitmap Index Scan on k_8  (cost=0.00..5.40 rows=97 width=0)
	        Index Cond: ((k >= 8247199) AND (k <= 8247299))

explain: for range-notcovered :: explain SELECT k, c FROM sbtest%d WHERE k BETWEEN 8247199 AND 8247299
for range-notcovered
table 1 : explain SELECT k, c FROM sbtest1 WHERE k BETWEEN 3096133 AND 3096233
	Bitmap Heap Scan on sbtest1  (cost=5.53..428.75 rows=107 width=125)
	  Recheck Cond: ((k >= 3096133) AND (k <= 3096233))
	  ->  Bitmap Index Scan on k_1  (cost=0.00..5.50 rows=107 width=0)
	        Index Cond: ((k >= 3096133) AND (k <= 3096233))

table 2 : explain SELECT k, c FROM sbtest2 WHERE k BETWEEN 3096133 AND 3096233
	Bitmap Heap Scan on sbtest2  (cost=5.51..420.88 rows=105 width=125)
	  Recheck Cond: ((k >= 3096133) AND (k <= 3096233))
	  ->  Bitmap Index Scan on k_2  (cost=0.00..5.48 rows=105 width=0)
	        Index Cond: ((k >= 3096133) AND (k <= 3096233))

table 3 : explain SELECT k, c FROM sbtest3 WHERE k BETWEEN 3096133 AND 3096233
	Bitmap Heap Scan on sbtest3  (cost=5.45..397.25 rows=99 width=125)
	  Recheck Cond: ((k >= 3096133) AND (k <= 3096233))
	  ->  Bitmap Index Scan on k_3  (cost=0.00..5.42 rows=99 width=0)
	        Index Cond: ((k >= 3096133) AND (k <= 3096233))

table 4 : explain SELECT k, c FROM sbtest4 WHERE k BETWEEN 3096133 AND 3096233
	Bitmap Heap Scan on sbtest4  (cost=5.54..432.69 rows=108 width=125)
	  Recheck Cond: ((k >= 3096133) AND (k <= 3096233))
	  ->  Bitmap Index Scan on k_4  (cost=0.00..5.51 rows=108 width=0)
	        Index Cond: ((k >= 3096133) AND (k <= 3096233))

table 5 : explain SELECT k, c FROM sbtest5 WHERE k BETWEEN 3096133 AND 3096233
	Bitmap Heap Scan on sbtest5  (cost=5.41..381.49 rows=95 width=125)
	  Recheck Cond: ((k >= 3096133) AND (k <= 3096233))
	  ->  Bitmap Index Scan on k_5  (cost=0.00..5.38 rows=95 width=0)
	        Index Cond: ((k >= 3096133) AND (k <= 3096233))

table 6 : explain SELECT k, c FROM sbtest6 WHERE k BETWEEN 3096133 AND 3096233
	Bitmap Heap Scan on sbtest6  (cost=5.43..389.37 rows=97 width=125)
	  Recheck Cond: ((k >= 3096133) AND (k <= 3096233))
	  ->  Bitmap Index Scan on k_6  (cost=0.00..5.40 rows=97 width=0)
	        Index Cond: ((k >= 3096133) AND (k <= 3096233))

table 7 : explain SELECT k, c FROM sbtest7 WHERE k BETWEEN 3096133 AND 3096233
	Bitmap Heap Scan on sbtest7  (cost=5.47..405.13 rows=101 width=125)
	  Recheck Cond: ((k >= 3096133) AND (k <= 3096233))
	  ->  Bitmap Index Scan on k_7  (cost=0.00..5.44 rows=101 width=0)
	        Index Cond: ((k >= 3096133) AND (k <= 3096233))

table 8 : explain SELECT k, c FROM sbtest8 WHERE k BETWEEN 3096133 AND 3096233
	Bitmap Heap Scan on sbtest8  (cost=5.43..389.37 rows=97 width=125)
	  Recheck Cond: ((k >= 3096133) AND (k <= 3096233))
	  ->  Bitmap Index Scan on k_8  (cost=0.00..5.40 rows=97 width=0)
	        Index Cond: ((k >= 3096133) AND (k <= 3096233))

explain: for range-notcovered :: explain SELECT k, c FROM sbtest%d WHERE k BETWEEN 3096133 AND 3096233
for range-notcovered
table 1 : explain SELECT k, c FROM sbtest1 WHERE k BETWEEN 8247199 AND 8247299
	Bitmap Heap Scan on sbtest1  (cost=5.45..397.25 rows=99 width=125)
	  Recheck Cond: ((k >= 8247199) AND (k <= 8247299))
	  ->  Bitmap Index Scan on k_1  (cost=0.00..5.42 rows=99 width=0)
	        Index Cond: ((k >= 8247199) AND (k <= 8247299))

table 2 : explain SELECT k, c FROM sbtest2 WHERE k BETWEEN 8247199 AND 8247299
	Bitmap Heap Scan on sbtest2  (cost=5.45..397.25 rows=99 width=125)
	  Recheck Cond: ((k >= 8247199) AND (k <= 8247299))
	  ->  Bitmap Index Scan on k_2  (cost=0.00..5.42 rows=99 width=0)
	        Index Cond: ((k >= 8247199) AND (k <= 8247299))

table 3 : explain SELECT k, c FROM sbtest3 WHERE k BETWEEN 8247199 AND 8247299
	Bitmap Heap Scan on sbtest3  (cost=5.40..377.55 rows=94 width=125)
	  Recheck Cond: ((k >= 8247199) AND (k <= 8247299))
	  ->  Bitmap Index Scan on k_3  (cost=0.00..5.38 rows=94 width=0)
	        Index Cond: ((k >= 8247199) AND (k <= 8247299))

table 4 : explain SELECT k, c FROM sbtest4 WHERE k BETWEEN 8247199 AND 8247299
	Bitmap Heap Scan on sbtest4  (cost=5.50..416.94 rows=104 width=125)
	  Recheck Cond: ((k >= 8247199) AND (k <= 8247299))
	  ->  Bitmap Index Scan on k_4  (cost=0.00..5.47 rows=104 width=0)
	        Index Cond: ((k >= 8247199) AND (k <= 8247299))

table 5 : explain SELECT k, c FROM sbtest5 WHERE k BETWEEN 8247199 AND 8247299
	Bitmap Heap Scan on sbtest5  (cost=5.40..377.55 rows=94 width=125)
	  Recheck Cond: ((k >= 8247199) AND (k <= 8247299))
	  ->  Bitmap Index Scan on k_5  (cost=0.00..5.38 rows=94 width=0)
	        Index Cond: ((k >= 8247199) AND (k <= 8247299))

table 6 : explain SELECT k, c FROM sbtest6 WHERE k BETWEEN 8247199 AND 8247299
	Bitmap Heap Scan on sbtest6  (cost=5.47..405.13 rows=101 width=125)
	  Recheck Cond: ((k >= 8247199) AND (k <= 8247299))
	  ->  Bitmap Index Scan on k_6  (cost=0.00..5.44 rows=101 width=0)
	        Index Cond: ((k >= 8247199) AND (k <= 8247299))

table 7 : explain SELECT k, c FROM sbtest7 WHERE k BETWEEN 8247199 AND 8247299
	Bitmap Heap Scan on sbtest7  (cost=5.36..361.78 rows=90 width=125)
	  Recheck Cond: ((k >= 8247199) AND (k <= 8247299))
	  ->  Bitmap Index Scan on k_7  (cost=0.00..5.33 rows=90 width=0)
	        Index Cond: ((k >= 8247199) AND (k <= 8247299))

table 8 : explain SELECT k, c FROM sbtest8 WHERE k BETWEEN 8247199 AND 8247299
	Bitmap Heap Scan on sbtest8  (cost=5.43..389.37 rows=97 width=125)
	  Recheck Cond: ((k >= 8247199) AND (k <= 8247299))
	  ->  Bitmap Index Scan on k_8  (cost=0.00..5.40 rows=97 width=0)
	        Index Cond: ((k >= 8247199) AND (k <= 8247299))

explain: for range-notcovered :: explain SELECT k, c FROM sbtest%d WHERE k BETWEEN 8247199 AND 8247299
explain: for range-notcovered :: explain SELECT k, c FROM sbtest%d WHERE k BETWEEN 6534893 AND 6534993
for range-notcovered
table 1 : explain SELECT k, c FROM sbtest1 WHERE k BETWEEN 5041427 AND 5041527
	Bitmap Heap Scan on sbtest1  (cost=5.41..381.49 rows=95 width=125)
	  Recheck Cond: ((k >= 5041427) AND (k <= 5041527))
	  ->  Bitmap Index Scan on k_1  (cost=0.00..5.38 rows=95 width=0)
	        Index Cond: ((k >= 5041427) AND (k <= 5041527))

table 2 : explain SELECT k, c FROM sbtest2 WHERE k BETWEEN 5041427 AND 5041527
	Bitmap Heap Scan on sbtest2  (cost=5.41..381.49 rows=95 width=125)
	  Recheck Cond: ((k >= 5041427) AND (k <= 5041527))
	  ->  Bitmap Index Scan on k_2  (cost=0.00..5.38 rows=95 width=0)
	        Index Cond: ((k >= 5041427) AND (k <= 5041527))

table 3 : explain SELECT k, c FROM sbtest3 WHERE k BETWEEN 5041427 AND 5041527
	Bitmap Heap Scan on sbtest3  (cost=5.46..401.19 rows=100 width=125)
	  Recheck Cond: ((k >= 5041427) AND (k <= 5041527))
	  ->  Bitmap Index Scan on k_3  (cost=0.00..5.43 rows=100 width=0)
	        Index Cond: ((k >= 5041427) AND (k <= 5041527))

table 4 : explain SELECT k, c FROM sbtest4 WHERE k BETWEEN 5041427 AND 5041527
	Bitmap Heap Scan on sbtest4  (cost=5.50..416.94 rows=104 width=125)
	  Recheck Cond: ((k >= 5041427) AND (k <= 5041527))
	  ->  Bitmap Index Scan on k_4  (cost=0.00..5.47 rows=104 width=0)
	        Index Cond: ((k >= 5041427) AND (k <= 5041527))

table 5 : explain SELECT k, c FROM sbtest5 WHERE k BETWEEN 5041427 AND 5041527
	Bitmap Heap Scan on sbtest5  (cost=5.41..381.49 rows=95 width=125)
	  Recheck Cond: ((k >= 5041427) AND (k <= 5041527))
	  ->  Bitmap Index Scan on k_5  (cost=0.00..5.38 rows=95 width=0)
	        Index Cond: ((k >= 5041427) AND (k <= 5041527))

table 6 : explain SELECT k, c FROM sbtest6 WHERE k BETWEEN 5041427 AND 5041527
	Bitmap Heap Scan on sbtest6  (cost=5.41..381.49 rows=95 width=125)
	  Recheck Cond: ((k >= 5041427) AND (k <= 5041527))
	  ->  Bitmap Index Scan on k_6  (cost=0.00..5.38 rows=95 width=0)
	        Index Cond: ((k >= 5041427) AND (k <= 5041527))

table 7 : explain SELECT k, c FROM sbtest7 WHERE k BETWEEN 5041427 AND 5041527
	Bitmap Heap Scan on sbtest7  (cost=5.53..428.75 rows=107 width=125)
	  Recheck Cond: ((k >= 5041427) AND (k <= 5041527))
	  ->  Bitmap Index Scan on k_7  (cost=0.00..5.50 rows=107 width=0)
	        Index Cond: ((k >= 5041427) AND (k <= 5041527))

table 8 : explain SELECT k, c FROM sbtest8 WHERE k BETWEEN 5041427 AND 5041527
	Bitmap Heap Scan on sbtest8  (cost=5.45..397.25 rows=99 width=125)
	  Recheck Cond: ((k >= 5041427) AND (k <= 5041527))
	  ->  Bitmap Index Scan on k_8  (cost=0.00..5.42 rows=99 width=0)
	        Index Cond: ((k >= 5041427) AND (k <= 5041527))

explain: for range-notcovered :: explain SELECT k, c FROM sbtest%d WHERE k BETWEEN 5115279 AND 5115379
explain: for range-notcovered :: explain SELECT k, c FROM sbtest%d WHERE k BETWEEN 4343207 AND 4343307
for range-notcovered
table 1 : explain SELECT k, c FROM sbtest1 WHERE k BETWEEN 7820163 AND 7820263
	Bitmap Heap Scan on sbtest1  (cost=5.44..393.31 rows=98 width=125)
	  Recheck Cond: ((k >= 7820163) AND (k <= 7820263))
	  ->  Bitmap Index Scan on k_1  (cost=0.00..5.42 rows=98 width=0)
	        Index Cond: ((k >= 7820163) AND (k <= 7820263))

table 2 : explain SELECT k, c FROM sbtest2 WHERE k BETWEEN 7820163 AND 7820263
	Bitmap Heap Scan on sbtest2  (cost=5.53..428.75 rows=107 width=125)
	  Recheck Cond: ((k >= 7820163) AND (k <= 7820263))
	  ->  Bitmap Index Scan on k_2  (cost=0.00..5.50 rows=107 width=0)
	        Index Cond: ((k >= 7820163) AND (k <= 7820263))

table 3 : explain SELECT k, c FROM sbtest3 WHERE k BETWEEN 7820163 AND 7820263
	Bitmap Heap Scan on sbtest3  (cost=5.45..397.25 rows=99 width=125)
	  Recheck Cond: ((k >= 7820163) AND (k <= 7820263))
	  ->  Bitmap Index Scan on k_3  (cost=0.00..5.42 rows=99 width=0)
	        Index Cond: ((k >= 7820163) AND (k <= 7820263))

table 4 : explain SELECT k, c FROM sbtest4 WHERE k BETWEEN 7820163 AND 7820263
	Bitmap Heap Scan on sbtest4  (cost=5.49..413.00 rows=103 width=125)
	  Recheck Cond: ((k >= 7820163) AND (k <= 7820263))
	  ->  Bitmap Index Scan on k_4  (cost=0.00..5.46 rows=103 width=0)
	        Index Cond: ((k >= 7820163) AND (k <= 7820263))

table 5 : explain SELECT k, c FROM sbtest5 WHERE k BETWEEN 7820163 AND 7820263
	Bitmap Heap Scan on sbtest5  (cost=5.48..409.07 rows=102 width=125)
	  Recheck Cond: ((k >= 7820163) AND (k <= 7820263))
	  ->  Bitmap Index Scan on k_5  (cost=0.00..5.45 rows=102 width=0)
	        Index Cond: ((k >= 7820163) AND (k <= 7820263))

table 6 : explain SELECT k, c FROM sbtest6 WHERE k BETWEEN 7820163 AND 7820263
	Bitmap Heap Scan on sbtest6  (cost=5.48..409.07 rows=102 width=125)
	  Recheck Cond: ((k >= 7820163) AND (k <= 7820263))
	  ->  Bitmap Index Scan on k_6  (cost=0.00..5.45 rows=102 width=0)
	        Index Cond: ((k >= 7820163) AND (k <= 7820263))

table 7 : explain SELECT k, c FROM sbtest7 WHERE k BETWEEN 7820163 AND 7820263
	Bitmap Heap Scan on sbtest7  (cost=5.53..428.75 rows=107 width=125)
	  Recheck Cond: ((k >= 7820163) AND (k <= 7820263))
	  ->  Bitmap Index Scan on k_7  (cost=0.00..5.50 rows=107 width=0)
	        Index Cond: ((k >= 7820163) AND (k <= 7820263))

table 8 : explain SELECT k, c FROM sbtest8 WHERE k BETWEEN 7820163 AND 7820263
	Bitmap Heap Scan on sbtest8  (cost=5.50..416.94 rows=104 width=125)
	  Recheck Cond: ((k >= 7820163) AND (k <= 7820263))
	  ->  Bitmap Index Scan on k_8  (cost=0.00..5.47 rows=104 width=0)
	        Index Cond: ((k >= 7820163) AND (k <= 7820263))

for range-notcovered
table 1 : explain SELECT k, c FROM sbtest1 WHERE k BETWEEN 5100153 AND 5100253
	Bitmap Heap Scan on sbtest1  (cost=5.49..413.00 rows=103 width=125)
	  Recheck Cond: ((k >= 5100153) AND (k <= 5100253))
	  ->  Bitmap Index Scan on k_1  (cost=0.00..5.46 rows=103 width=0)
	        Index Cond: ((k >= 5100153) AND (k <= 5100253))

table 2 : explain SELECT k, c FROM sbtest2 WHERE k BETWEEN 5100153 AND 5100253
	Bitmap Heap Scan on sbtest2  (cost=5.41..381.49 rows=95 width=125)
	  Recheck Cond: ((k >= 5100153) AND (k <= 5100253))
	  ->  Bitmap Index Scan on k_2  (cost=0.00..5.38 rows=95 width=0)
	        Index Cond: ((k >= 5100153) AND (k <= 5100253))

table 3 : explain SELECT k, c FROM sbtest3 WHERE k BETWEEN 5100153 AND 5100253
	Bitmap Heap Scan on sbtest3  (cost=5.46..401.19 rows=100 width=125)
	  Recheck Cond: ((k >= 5100153) AND (k <= 5100253))
	  ->  Bitmap Index Scan on k_3  (cost=0.00..5.43 rows=100 width=0)
	        Index Cond: ((k >= 5100153) AND (k <= 5100253))

table 4 : explain SELECT k, c FROM sbtest4 WHERE k BETWEEN 5100153 AND 5100253
	Bitmap Heap Scan on sbtest4  (cost=5.49..413.00 rows=103 width=125)
	  Recheck Cond: ((k >= 5100153) AND (k <= 5100253))
	  ->  Bitmap Index Scan on k_4  (cost=0.00..5.46 rows=103 width=0)
	        Index Cond: ((k >= 5100153) AND (k <= 5100253))

table 5 : explain SELECT k, c FROM sbtest5 WHERE k BETWEEN 5100153 AND 5100253
	Bitmap Heap Scan on sbtest5  (cost=5.41..381.49 rows=95 width=125)
	  Recheck Cond: ((k >= 5100153) AND (k <= 5100253))
	  ->  Bitmap Index Scan on k_5  (cost=0.00..5.38 rows=95 width=0)
	        Index Cond: ((k >= 5100153) AND (k <= 5100253))

table 6 : explain SELECT k, c FROM sbtest6 WHERE k BETWEEN 5100153 AND 5100253
	Bitmap Heap Scan on sbtest6  (cost=5.44..393.31 rows=98 width=125)
	  Recheck Cond: ((k >= 5100153) AND (k <= 5100253))
	  ->  Bitmap Index Scan on k_6  (cost=0.00..5.42 rows=98 width=0)
	        Index Cond: ((k >= 5100153) AND (k <= 5100253))

table 7 : explain SELECT k, c FROM sbtest7 WHERE k BETWEEN 5100153 AND 5100253
	Bitmap Heap Scan on sbtest7  (cost=5.49..413.00 rows=103 width=125)
	  Recheck Cond: ((k >= 5100153) AND (k <= 5100253))
	  ->  Bitmap Index Scan on k_7  (cost=0.00..5.46 rows=103 width=0)
	        Index Cond: ((k >= 5100153) AND (k <= 5100253))

table 8 : explain SELECT k, c FROM sbtest8 WHERE k BETWEEN 5100153 AND 5100253
	Bitmap Heap Scan on sbtest8  (cost=5.45..397.25 rows=99 width=125)
	  Recheck Cond: ((k >= 5100153) AND (k <= 5100253))
	  ->  Bitmap Index Scan on k_8  (cost=0.00..5.42 rows=99 width=0)
	        Index Cond: ((k >= 5100153) AND (k <= 5100253))

explain: for range-notcovered :: explain SELECT k, c FROM sbtest%d WHERE k BETWEEN 7820163 AND 7820263
for range-notcovered
table 1 : explain SELECT k, c FROM sbtest1 WHERE k BETWEEN 5115279 AND 5115379
	Bitmap Heap Scan on sbtest1  (cost=5.49..413.00 rows=103 width=125)
	  Recheck Cond: ((k >= 5115279) AND (k <= 5115379))
	  ->  Bitmap Index Scan on k_1  (cost=0.00..5.46 rows=103 width=0)
	        Index Cond: ((k >= 5115279) AND (k <= 5115379))

table 2 : explain SELECT k, c FROM sbtest2 WHERE k BETWEEN 5115279 AND 5115379
	Bitmap Heap Scan on sbtest2  (cost=5.41..381.49 rows=95 width=125)
	  Recheck Cond: ((k >= 5115279) AND (k <= 5115379))
	  ->  Bitmap Index Scan on k_2  (cost=0.00..5.38 rows=95 width=0)
	        Index Cond: ((k >= 5115279) AND (k <= 5115379))

table 3 : explain SELECT k, c FROM sbtest3 WHERE k BETWEEN 5115279 AND 5115379
	Bitmap Heap Scan on sbtest3  (cost=5.46..401.19 rows=100 width=125)
	  Recheck Cond: ((k >= 5115279) AND (k <= 5115379))
	  ->  Bitmap Index Scan on k_3  (cost=0.00..5.43 rows=100 width=0)
	        Index Cond: ((k >= 5115279) AND (k <= 5115379))

table 4 : explain SELECT k, c FROM sbtest4 WHERE k BETWEEN 5115279 AND 5115379
	Bitmap Heap Scan on sbtest4  (cost=5.49..413.00 rows=103 width=125)
	  Recheck Cond: ((k >= 5115279) AND (k <= 5115379))
	  ->  Bitmap Index Scan on k_4  (cost=0.00..5.46 rows=103 width=0)
	        Index Cond: ((k >= 5115279) AND (k <= 5115379))

table 5 : explain SELECT k, c FROM sbtest5 WHERE k BETWEEN 5115279 AND 5115379
	Bitmap Heap Scan on sbtest5  (cost=5.38..369.67 rows=92 width=125)
	  Recheck Cond: ((k >= 5115279) AND (k <= 5115379))
	  ->  Bitmap Index Scan on k_5  (cost=0.00..5.35 rows=92 width=0)
	        Index Cond: ((k >= 5115279) AND (k <= 5115379))

table 6 : explain SELECT k, c FROM sbtest6 WHERE k BETWEEN 5115279 AND 5115379
	Bitmap Heap Scan on sbtest6  (cost=5.44..393.31 rows=98 width=125)
	  Recheck Cond: ((k >= 5115279) AND (k <= 5115379))
	  ->  Bitmap Index Scan on k_6  (cost=0.00..5.42 rows=98 width=0)
	        Index Cond: ((k >= 5115279) AND (k <= 5115379))

table 7 : explain SELECT k, c FROM sbtest7 WHERE k BETWEEN 5115279 AND 5115379
	Bitmap Heap Scan on sbtest7  (cost=5.49..413.00 rows=103 width=125)
	  Recheck Cond: ((k >= 5115279) AND (k <= 5115379))
	  ->  Bitmap Index Scan on k_7  (cost=0.00..5.46 rows=103 width=0)
	        Index Cond: ((k >= 5115279) AND (k <= 5115379))

table 8 : explain SELECT k, c FROM sbtest8 WHERE k BETWEEN 5115279 AND 5115379
	Bitmap Heap Scan on sbtest8  (cost=5.43..389.37 rows=97 width=125)
	  Recheck Cond: ((k >= 5115279) AND (k <= 5115379))
	  ->  Bitmap Index Scan on k_8  (cost=0.00..5.40 rows=97 width=0)
	        Index Cond: ((k >= 5115279) AND (k <= 5115379))

for range-notcovered
table 1 : explain SELECT k, c FROM sbtest1 WHERE k BETWEEN 8247199 AND 8247299
	Bitmap Heap Scan on sbtest1  (cost=5.45..397.25 rows=99 width=125)
	  Recheck Cond: ((k >= 8247199) AND (k <= 8247299))
	  ->  Bitmap Index Scan on k_1  (cost=0.00..5.42 rows=99 width=0)
	        Index Cond: ((k >= 8247199) AND (k <= 8247299))

table 2 : explain SELECT k, c FROM sbtest2 WHERE k BETWEEN 8247199 AND 8247299
	Bitmap Heap Scan on sbtest2  (cost=5.45..397.25 rows=99 width=125)
	  Recheck Cond: ((k >= 8247199) AND (k <= 8247299))
	  ->  Bitmap Index Scan on k_2  (cost=0.00..5.42 rows=99 width=0)
	        Index Cond: ((k >= 8247199) AND (k <= 8247299))

table 3 : explain SELECT k, c FROM sbtest3 WHERE k BETWEEN 8247199 AND 8247299
	Bitmap Heap Scan on sbtest3  (cost=5.40..377.55 rows=94 width=125)
	  Recheck Cond: ((k >= 8247199) AND (k <= 8247299))
	  ->  Bitmap Index Scan on k_3  (cost=0.00..5.38 rows=94 width=0)
	        Index Cond: ((k >= 8247199) AND (k <= 8247299))

table 4 : explain SELECT k, c FROM sbtest4 WHERE k BETWEEN 8247199 AND 8247299
	Bitmap Heap Scan on sbtest4  (cost=5.50..416.94 rows=104 width=125)
	  Recheck Cond: ((k >= 8247199) AND (k <= 8247299))
	  ->  Bitmap Index Scan on k_4  (cost=0.00..5.47 rows=104 width=0)
	        Index Cond: ((k >= 8247199) AND (k <= 8247299))

table 5 : explain SELECT k, c FROM sbtest5 WHERE k BETWEEN 8247199 AND 8247299
	Bitmap Heap Scan on sbtest5  (cost=5.40..377.55 rows=94 width=125)
	  Recheck Cond: ((k >= 8247199) AND (k <= 8247299))
	  ->  Bitmap Index Scan on k_5  (cost=0.00..5.38 rows=94 width=0)
	        Index Cond: ((k >= 8247199) AND (k <= 8247299))

table 6 : explain SELECT k, c FROM sbtest6 WHERE k BETWEEN 8247199 AND 8247299
	Bitmap Heap Scan on sbtest6  (cost=5.47..405.13 rows=101 width=125)
	  Recheck Cond: ((k >= 8247199) AND (k <= 8247299))
	  ->  Bitmap Index Scan on k_6  (cost=0.00..5.44 rows=101 width=0)
	        Index Cond: ((k >= 8247199) AND (k <= 8247299))

table 7 : explain SELECT k, c FROM sbtest7 WHERE k BETWEEN 8247199 AND 8247299
	Bitmap Heap Scan on sbtest7  (cost=5.36..361.78 rows=90 width=125)
	  Recheck Cond: ((k >= 8247199) AND (k <= 8247299))
	  ->  Bitmap Index Scan on k_7  (cost=0.00..5.33 rows=90 width=0)
	        Index Cond: ((k >= 8247199) AND (k <= 8247299))

table 8 : explain SELECT k, c FROM sbtest8 WHERE k BETWEEN 8247199 AND 8247299
	Bitmap Heap Scan on sbtest8  (cost=5.43..389.37 rows=97 width=125)
	  Recheck Cond: ((k >= 8247199) AND (k <= 8247299))
	  ->  Bitmap Index Scan on k_8  (cost=0.00..5.40 rows=97 width=0)
	        Index Cond: ((k >= 8247199) AND (k <= 8247299))

explain: for range-notcovered :: explain SELECT k, c FROM sbtest%d WHERE k BETWEEN 8247199 AND 8247299
for range-notcovered
table 1 : explain SELECT k, c FROM sbtest1 WHERE k BETWEEN 7820163 AND 7820263
	Bitmap Heap Scan on sbtest1  (cost=5.44..393.31 rows=98 width=125)
	  Recheck Cond: ((k >= 7820163) AND (k <= 7820263))
	  ->  Bitmap Index Scan on k_1  (cost=0.00..5.42 rows=98 width=0)
	        Index Cond: ((k >= 7820163) AND (k <= 7820263))

table 2 : explain SELECT k, c FROM sbtest2 WHERE k BETWEEN 7820163 AND 7820263
	Bitmap Heap Scan on sbtest2  (cost=5.53..428.75 rows=107 width=125)
	  Recheck Cond: ((k >= 7820163) AND (k <= 7820263))
	  ->  Bitmap Index Scan on k_2  (cost=0.00..5.50 rows=107 width=0)
	        Index Cond: ((k >= 7820163) AND (k <= 7820263))

table 3 : explain SELECT k, c FROM sbtest3 WHERE k BETWEEN 7820163 AND 7820263
	Bitmap Heap Scan on sbtest3  (cost=5.45..397.25 rows=99 width=125)
	  Recheck Cond: ((k >= 7820163) AND (k <= 7820263))
	  ->  Bitmap Index Scan on k_3  (cost=0.00..5.42 rows=99 width=0)
	        Index Cond: ((k >= 7820163) AND (k <= 7820263))

table 4 : explain SELECT k, c FROM sbtest4 WHERE k BETWEEN 7820163 AND 7820263
	Bitmap Heap Scan on sbtest4  (cost=5.49..413.00 rows=103 width=125)
	  Recheck Cond: ((k >= 7820163) AND (k <= 7820263))
	  ->  Bitmap Index Scan on k_4  (cost=0.00..5.46 rows=103 width=0)
	        Index Cond: ((k >= 7820163) AND (k <= 7820263))

table 5 : explain SELECT k, c FROM sbtest5 WHERE k BETWEEN 7820163 AND 7820263
	Bitmap Heap Scan on sbtest5  (cost=5.48..409.07 rows=102 width=125)
	  Recheck Cond: ((k >= 7820163) AND (k <= 7820263))
	  ->  Bitmap Index Scan on k_5  (cost=0.00..5.45 rows=102 width=0)
	        Index Cond: ((k >= 7820163) AND (k <= 7820263))

table 6 : explain SELECT k, c FROM sbtest6 WHERE k BETWEEN 7820163 AND 7820263
	Bitmap Heap Scan on sbtest6  (cost=5.48..409.07 rows=102 width=125)
	  Recheck Cond: ((k >= 7820163) AND (k <= 7820263))
	  ->  Bitmap Index Scan on k_6  (cost=0.00..5.45 rows=102 width=0)
	        Index Cond: ((k >= 7820163) AND (k <= 7820263))

table 7 : explain SELECT k, c FROM sbtest7 WHERE k BETWEEN 7820163 AND 7820263
	Bitmap Heap Scan on sbtest7  (cost=5.53..428.75 rows=107 width=125)
	  Recheck Cond: ((k >= 7820163) AND (k <= 7820263))
	  ->  Bitmap Index Scan on k_7  (cost=0.00..5.50 rows=107 width=0)
	        Index Cond: ((k >= 7820163) AND (k <= 7820263))

table 8 : explain SELECT k, c FROM sbtest8 WHERE k BETWEEN 7820163 AND 7820263
	Bitmap Heap Scan on sbtest8  (cost=5.50..416.94 rows=104 width=125)
	  Recheck Cond: ((k >= 7820163) AND (k <= 7820263))
	  ->  Bitmap Index Scan on k_8  (cost=0.00..5.47 rows=104 width=0)
	        Index Cond: ((k >= 7820163) AND (k <= 7820263))

explain: for range-notcovered :: explain SELECT k, c FROM sbtest%d WHERE k BETWEEN 7820163 AND 7820263
explain: for range-notcovered :: explain SELECT k, c FROM sbtest%d WHERE k BETWEEN 5115279 AND 5115379
for range-notcovered
table 1 : explain SELECT k, c FROM sbtest1 WHERE k BETWEEN 8247199 AND 8247299
	Bitmap Heap Scan on sbtest1  (cost=5.45..397.25 rows=99 width=125)
	  Recheck Cond: ((k >= 8247199) AND (k <= 8247299))
	  ->  Bitmap Index Scan on k_1  (cost=0.00..5.42 rows=99 width=0)
	        Index Cond: ((k >= 8247199) AND (k <= 8247299))

table 2 : explain SELECT k, c FROM sbtest2 WHERE k BETWEEN 8247199 AND 8247299
	Bitmap Heap Scan on sbtest2  (cost=5.45..397.25 rows=99 width=125)
	  Recheck Cond: ((k >= 8247199) AND (k <= 8247299))
	  ->  Bitmap Index Scan on k_2  (cost=0.00..5.42 rows=99 width=0)
	        Index Cond: ((k >= 8247199) AND (k <= 8247299))

table 3 : explain SELECT k, c FROM sbtest3 WHERE k BETWEEN 8247199 AND 8247299
	Bitmap Heap Scan on sbtest3  (cost=5.40..377.55 rows=94 width=125)
	  Recheck Cond: ((k >= 8247199) AND (k <= 8247299))
	  ->  Bitmap Index Scan on k_3  (cost=0.00..5.38 rows=94 width=0)
	        Index Cond: ((k >= 8247199) AND (k <= 8247299))

table 4 : explain SELECT k, c FROM sbtest4 WHERE k BETWEEN 8247199 AND 8247299
	Bitmap Heap Scan on sbtest4  (cost=5.50..416.94 rows=104 width=125)
	  Recheck Cond: ((k >= 8247199) AND (k <= 8247299))
	  ->  Bitmap Index Scan on k_4  (cost=0.00..5.47 rows=104 width=0)
	        Index Cond: ((k >= 8247199) AND (k <= 8247299))

table 5 : explain SELECT k, c FROM sbtest5 WHERE k BETWEEN 8247199 AND 8247299
	Bitmap Heap Scan on sbtest5  (cost=5.40..377.55 rows=94 width=125)
	  Recheck Cond: ((k >= 8247199) AND (k <= 8247299))
	  ->  Bitmap Index Scan on k_5  (cost=0.00..5.38 rows=94 width=0)
	        Index Cond: ((k >= 8247199) AND (k <= 8247299))

table 6 : explain SELECT k, c FROM sbtest6 WHERE k BETWEEN 8247199 AND 8247299
	Bitmap Heap Scan on sbtest6  (cost=5.47..405.13 rows=101 width=125)
	  Recheck Cond: ((k >= 8247199) AND (k <= 8247299))
	  ->  Bitmap Index Scan on k_6  (cost=0.00..5.44 rows=101 width=0)
	        Index Cond: ((k >= 8247199) AND (k <= 8247299))

table 7 : explain SELECT k, c FROM sbtest7 WHERE k BETWEEN 8247199 AND 8247299
	Bitmap Heap Scan on sbtest7  (cost=5.36..361.78 rows=90 width=125)
	  Recheck Cond: ((k >= 8247199) AND (k <= 8247299))
	  ->  Bitmap Index Scan on k_7  (cost=0.00..5.33 rows=90 width=0)
	        Index Cond: ((k >= 8247199) AND (k <= 8247299))

table 8 : explain SELECT k, c FROM sbtest8 WHERE k BETWEEN 8247199 AND 8247299
	Bitmap Heap Scan on sbtest8  (cost=5.43..389.37 rows=97 width=125)
	  Recheck Cond: ((k >= 8247199) AND (k <= 8247299))
	  ->  Bitmap Index Scan on k_8  (cost=0.00..5.40 rows=97 width=0)
	        Index Cond: ((k >= 8247199) AND (k <= 8247299))

for range-notcovered
table 1 : explain SELECT k, c FROM sbtest1 WHERE k BETWEEN 3096133 AND 3096233
	Bitmap Heap Scan on sbtest1  (cost=5.53..428.75 rows=107 width=125)
	  Recheck Cond: ((k >= 3096133) AND (k <= 3096233))
	  ->  Bitmap Index Scan on k_1  (cost=0.00..5.50 rows=107 width=0)
	        Index Cond: ((k >= 3096133) AND (k <= 3096233))

table 2 : explain SELECT k, c FROM sbtest2 WHERE k BETWEEN 3096133 AND 3096233
	Bitmap Heap Scan on sbtest2  (cost=5.51..420.88 rows=105 width=125)
	  Recheck Cond: ((k >= 3096133) AND (k <= 3096233))
	  ->  Bitmap Index Scan on k_2  (cost=0.00..5.48 rows=105 width=0)
	        Index Cond: ((k >= 3096133) AND (k <= 3096233))

table 3 : explain SELECT k, c FROM sbtest3 WHERE k BETWEEN 3096133 AND 3096233
	Bitmap Heap Scan on sbtest3  (cost=5.45..397.25 rows=99 width=125)
	  Recheck Cond: ((k >= 3096133) AND (k <= 3096233))
	  ->  Bitmap Index Scan on k_3  (cost=0.00..5.42 rows=99 width=0)
	        Index Cond: ((k >= 3096133) AND (k <= 3096233))

table 4 : explain SELECT k, c FROM sbtest4 WHERE k BETWEEN 3096133 AND 3096233
	Bitmap Heap Scan on sbtest4  (cost=5.54..432.69 rows=108 width=125)
	  Recheck Cond: ((k >= 3096133) AND (k <= 3096233))
	  ->  Bitmap Index Scan on k_4  (cost=0.00..5.51 rows=108 width=0)
	        Index Cond: ((k >= 3096133) AND (k <= 3096233))

table 5 : explain SELECT k, c FROM sbtest5 WHERE k BETWEEN 3096133 AND 3096233
	Bitmap Heap Scan on sbtest5  (cost=5.41..381.49 rows=95 width=125)
	  Recheck Cond: ((k >= 3096133) AND (k <= 3096233))
	  ->  Bitmap Index Scan on k_5  (cost=0.00..5.38 rows=95 width=0)
	        Index Cond: ((k >= 3096133) AND (k <= 3096233))

table 6 : explain SELECT k, c FROM sbtest6 WHERE k BETWEEN 3096133 AND 3096233
	Bitmap Heap Scan on sbtest6  (cost=5.43..389.37 rows=97 width=125)
	  Recheck Cond: ((k >= 3096133) AND (k <= 3096233))
	  ->  Bitmap Index Scan on k_6  (cost=0.00..5.40 rows=97 width=0)
	        Index Cond: ((k >= 3096133) AND (k <= 3096233))

table 7 : explain SELECT k, c FROM sbtest7 WHERE k BETWEEN 3096133 AND 3096233
	Bitmap Heap Scan on sbtest7  (cost=5.47..405.13 rows=101 width=125)
	  Recheck Cond: ((k >= 3096133) AND (k <= 3096233))
	  ->  Bitmap Index Scan on k_7  (cost=0.00..5.44 rows=101 width=0)
	        Index Cond: ((k >= 3096133) AND (k <= 3096233))

table 8 : explain SELECT k, c FROM sbtest8 WHERE k BETWEEN 3096133 AND 3096233
	Bitmap Heap Scan on sbtest8  (cost=5.43..389.37 rows=97 width=125)
	  Recheck Cond: ((k >= 3096133) AND (k <= 3096233))
	  ->  Bitmap Index Scan on k_8  (cost=0.00..5.40 rows=97 width=0)
	        Index Cond: ((k >= 3096133) AND (k <= 3096233))

explain: for range-notcovered :: explain SELECT k, c FROM sbtest%d WHERE k BETWEEN 8247199 AND 8247299
explain: for range-notcovered :: explain SELECT k, c FROM sbtest%d WHERE k BETWEEN 3096133 AND 3096233
for range-notcovered
table 1 : explain SELECT k, c FROM sbtest1 WHERE k BETWEEN 7820163 AND 7820263
	Bitmap Heap Scan on sbtest1  (cost=5.44..393.31 rows=98 width=125)
	  Recheck Cond: ((k >= 7820163) AND (k <= 7820263))
	  ->  Bitmap Index Scan on k_1  (cost=0.00..5.42 rows=98 width=0)
	        Index Cond: ((k >= 7820163) AND (k <= 7820263))

table 2 : explain SELECT k, c FROM sbtest2 WHERE k BETWEEN 7820163 AND 7820263
	Bitmap Heap Scan on sbtest2  (cost=5.53..428.75 rows=107 width=125)
	  Recheck Cond: ((k >= 7820163) AND (k <= 7820263))
	  ->  Bitmap Index Scan on k_2  (cost=0.00..5.50 rows=107 width=0)
	        Index Cond: ((k >= 7820163) AND (k <= 7820263))

table 3 : explain SELECT k, c FROM sbtest3 WHERE k BETWEEN 7820163 AND 7820263
	Bitmap Heap Scan on sbtest3  (cost=5.45..397.25 rows=99 width=125)
	  Recheck Cond: ((k >= 7820163) AND (k <= 7820263))
	  ->  Bitmap Index Scan on k_3  (cost=0.00..5.42 rows=99 width=0)
	        Index Cond: ((k >= 7820163) AND (k <= 7820263))

table 4 : explain SELECT k, c FROM sbtest4 WHERE k BETWEEN 7820163 AND 7820263
	Bitmap Heap Scan on sbtest4  (cost=5.49..413.00 rows=103 width=125)
	  Recheck Cond: ((k >= 7820163) AND (k <= 7820263))
	  ->  Bitmap Index Scan on k_4  (cost=0.00..5.46 rows=103 width=0)
	        Index Cond: ((k >= 7820163) AND (k <= 7820263))

table 5 : explain SELECT k, c FROM sbtest5 WHERE k BETWEEN 7820163 AND 7820263
	Bitmap Heap Scan on sbtest5  (cost=5.48..409.07 rows=102 width=125)
	  Recheck Cond: ((k >= 7820163) AND (k <= 7820263))
	  ->  Bitmap Index Scan on k_5  (cost=0.00..5.45 rows=102 width=0)
	        Index Cond: ((k >= 7820163) AND (k <= 7820263))

table 6 : explain SELECT k, c FROM sbtest6 WHERE k BETWEEN 7820163 AND 7820263
	Bitmap Heap Scan on sbtest6  (cost=5.48..409.07 rows=102 width=125)
	  Recheck Cond: ((k >= 7820163) AND (k <= 7820263))
	  ->  Bitmap Index Scan on k_6  (cost=0.00..5.45 rows=102 width=0)
	        Index Cond: ((k >= 7820163) AND (k <= 7820263))

table 7 : explain SELECT k, c FROM sbtest7 WHERE k BETWEEN 7820163 AND 7820263
	Bitmap Heap Scan on sbtest7  (cost=5.53..428.75 rows=107 width=125)
	  Recheck Cond: ((k >= 7820163) AND (k <= 7820263))
	  ->  Bitmap Index Scan on k_7  (cost=0.00..5.50 rows=107 width=0)
	        Index Cond: ((k >= 7820163) AND (k <= 7820263))

table 8 : explain SELECT k, c FROM sbtest8 WHERE k BETWEEN 7820163 AND 7820263
	Bitmap Heap Scan on sbtest8  (cost=5.50..416.94 rows=104 width=125)
	  Recheck Cond: ((k >= 7820163) AND (k <= 7820263))
	  ->  Bitmap Index Scan on k_8  (cost=0.00..5.47 rows=104 width=0)
	        Index Cond: ((k >= 7820163) AND (k <= 7820263))

for range-notcovered
table 1 : explain SELECT k, c FROM sbtest1 WHERE k BETWEEN 3096133 AND 3096233
	Bitmap Heap Scan on sbtest1  (cost=5.53..428.75 rows=107 width=125)
	  Recheck Cond: ((k >= 3096133) AND (k <= 3096233))
	  ->  Bitmap Index Scan on k_1  (cost=0.00..5.50 rows=107 width=0)
	        Index Cond: ((k >= 3096133) AND (k <= 3096233))

table 2 : explain SELECT k, c FROM sbtest2 WHERE k BETWEEN 3096133 AND 3096233
	Bitmap Heap Scan on sbtest2  (cost=5.51..420.88 rows=105 width=125)
	  Recheck Cond: ((k >= 3096133) AND (k <= 3096233))
	  ->  Bitmap Index Scan on k_2  (cost=0.00..5.48 rows=105 width=0)
	        Index Cond: ((k >= 3096133) AND (k <= 3096233))

table 3 : explain SELECT k, c FROM sbtest3 WHERE k BETWEEN 3096133 AND 3096233
	Bitmap Heap Scan on sbtest3  (cost=5.45..397.25 rows=99 width=125)
	  Recheck Cond: ((k >= 3096133) AND (k <= 3096233))
	  ->  Bitmap Index Scan on k_3  (cost=0.00..5.42 rows=99 width=0)
	        Index Cond: ((k >= 3096133) AND (k <= 3096233))

table 4 : explain SELECT k, c FROM sbtest4 WHERE k BETWEEN 3096133 AND 3096233
	Bitmap Heap Scan on sbtest4  (cost=5.54..432.69 rows=108 width=125)
	  Recheck Cond: ((k >= 3096133) AND (k <= 3096233))
	  ->  Bitmap Index Scan on k_4  (cost=0.00..5.51 rows=108 width=0)
	        Index Cond: ((k >= 3096133) AND (k <= 3096233))

table 5 : explain SELECT k, c FROM sbtest5 WHERE k BETWEEN 3096133 AND 3096233
	Bitmap Heap Scan on sbtest5  (cost=5.41..381.49 rows=95 width=125)
	  Recheck Cond: ((k >= 3096133) AND (k <= 3096233))
	  ->  Bitmap Index Scan on k_5  (cost=0.00..5.38 rows=95 width=0)
	        Index Cond: ((k >= 3096133) AND (k <= 3096233))

table 6 : explain SELECT k, c FROM sbtest6 WHERE k BETWEEN 3096133 AND 3096233
	Bitmap Heap Scan on sbtest6  (cost=5.43..389.37 rows=97 width=125)
	  Recheck Cond: ((k >= 3096133) AND (k <= 3096233))
	  ->  Bitmap Index Scan on k_6  (cost=0.00..5.40 rows=97 width=0)
	        Index Cond: ((k >= 3096133) AND (k <= 3096233))

table 7 : explain SELECT k, c FROM sbtest7 WHERE k BETWEEN 3096133 AND 3096233
	Bitmap Heap Scan on sbtest7  (cost=5.47..405.13 rows=101 width=125)
	  Recheck Cond: ((k >= 3096133) AND (k <= 3096233))
	  ->  Bitmap Index Scan on k_7  (cost=0.00..5.44 rows=101 width=0)
	        Index Cond: ((k >= 3096133) AND (k <= 3096233))

table 8 : explain SELECT k, c FROM sbtest8 WHERE k BETWEEN 3096133 AND 3096233
	Bitmap Heap Scan on sbtest8  (cost=5.43..389.37 rows=97 width=125)
	  Recheck Cond: ((k >= 3096133) AND (k <= 3096233))
	  ->  Bitmap Index Scan on k_8  (cost=0.00..5.40 rows=97 width=0)
	        Index Cond: ((k >= 3096133) AND (k <= 3096233))

explain: for range-notcovered :: explain SELECT k, c FROM sbtest%d WHERE k BETWEEN 3096133 AND 3096233
for range-notcovered
table 1 : explain SELECT k, c FROM sbtest1 WHERE k BETWEEN 8247199 AND 8247299
	Bitmap Heap Scan on sbtest1  (cost=5.45..397.25 rows=99 width=125)
	  Recheck Cond: ((k >= 8247199) AND (k <= 8247299))
	  ->  Bitmap Index Scan on k_1  (cost=0.00..5.42 rows=99 width=0)
	        Index Cond: ((k >= 8247199) AND (k <= 8247299))

table 2 : explain SELECT k, c FROM sbtest2 WHERE k BETWEEN 8247199 AND 8247299
	Bitmap Heap Scan on sbtest2  (cost=5.45..397.25 rows=99 width=125)
	  Recheck Cond: ((k >= 8247199) AND (k <= 8247299))
	  ->  Bitmap Index Scan on k_2  (cost=0.00..5.42 rows=99 width=0)
	        Index Cond: ((k >= 8247199) AND (k <= 8247299))

table 3 : explain SELECT k, c FROM sbtest3 WHERE k BETWEEN 8247199 AND 8247299
	Bitmap Heap Scan on sbtest3  (cost=5.40..377.55 rows=94 width=125)
	  Recheck Cond: ((k >= 8247199) AND (k <= 8247299))
	  ->  Bitmap Index Scan on k_3  (cost=0.00..5.38 rows=94 width=0)
	        Index Cond: ((k >= 8247199) AND (k <= 8247299))

table 4 : explain SELECT k, c FROM sbtest4 WHERE k BETWEEN 8247199 AND 8247299
	Bitmap Heap Scan on sbtest4  (cost=5.50..416.94 rows=104 width=125)
	  Recheck Cond: ((k >= 8247199) AND (k <= 8247299))
	  ->  Bitmap Index Scan on k_4  (cost=0.00..5.47 rows=104 width=0)
	        Index Cond: ((k >= 8247199) AND (k <= 8247299))

table 5 : explain SELECT k, c FROM sbtest5 WHERE k BETWEEN 8247199 AND 8247299
	Bitmap Heap Scan on sbtest5  (cost=5.40..377.55 rows=94 width=125)
	  Recheck Cond: ((k >= 8247199) AND (k <= 8247299))
	  ->  Bitmap Index Scan on k_5  (cost=0.00..5.38 rows=94 width=0)
	        Index Cond: ((k >= 8247199) AND (k <= 8247299))

table 6 : explain SELECT k, c FROM sbtest6 WHERE k BETWEEN 8247199 AND 8247299
	Bitmap Heap Scan on sbtest6  (cost=5.47..405.13 rows=101 width=125)
	  Recheck Cond: ((k >= 8247199) AND (k <= 8247299))
	  ->  Bitmap Index Scan on k_6  (cost=0.00..5.44 rows=101 width=0)
	        Index Cond: ((k >= 8247199) AND (k <= 8247299))

table 7 : explain SELECT k, c FROM sbtest7 WHERE k BETWEEN 8247199 AND 8247299
	Bitmap Heap Scan on sbtest7  (cost=5.36..361.78 rows=90 width=125)
	  Recheck Cond: ((k >= 8247199) AND (k <= 8247299))
	  ->  Bitmap Index Scan on k_7  (cost=0.00..5.33 rows=90 width=0)
	        Index Cond: ((k >= 8247199) AND (k <= 8247299))

table 8 : explain SELECT k, c FROM sbtest8 WHERE k BETWEEN 8247199 AND 8247299
	Bitmap Heap Scan on sbtest8  (cost=5.43..389.37 rows=97 width=125)
	  Recheck Cond: ((k >= 8247199) AND (k <= 8247299))
	  ->  Bitmap Index Scan on k_8  (cost=0.00..5.40 rows=97 width=0)
	        Index Cond: ((k >= 8247199) AND (k <= 8247299))

for range-notcovered
table 1 : explain SELECT k, c FROM sbtest1 WHERE k BETWEEN 6534893 AND 6534993
	Bitmap Heap Scan on sbtest1  (cost=5.45..397.25 rows=99 width=125)
	  Recheck Cond: ((k >= 6534893) AND (k <= 6534993))
	  ->  Bitmap Index Scan on k_1  (cost=0.00..5.42 rows=99 width=0)
	        Index Cond: ((k >= 6534893) AND (k <= 6534993))

table 2 : explain SELECT k, c FROM sbtest2 WHERE k BETWEEN 6534893 AND 6534993
	Bitmap Heap Scan on sbtest2  (cost=5.57..444.49 rows=111 width=125)
	  Recheck Cond: ((k >= 6534893) AND (k <= 6534993))
	  ->  Bitmap Index Scan on k_2  (cost=0.00..5.54 rows=111 width=0)
	        Index Cond: ((k >= 6534893) AND (k <= 6534993))

table 3 : explain SELECT k, c FROM sbtest3 WHERE k BETWEEN 6534893 AND 6534993
	Bitmap Heap Scan on sbtest3  (cost=5.57..444.49 rows=111 width=125)
	  Recheck Cond: ((k >= 6534893) AND (k <= 6534993))
	  ->  Bitmap Index Scan on k_3  (cost=0.00..5.54 rows=111 width=0)
	        Index Cond: ((k >= 6534893) AND (k <= 6534993))

table 4 : explain SELECT k, c FROM sbtest4 WHERE k BETWEEN 6534893 AND 6534993
	Bitmap Heap Scan on sbtest4  (cost=5.48..409.07 rows=102 width=125)
	  Recheck Cond: ((k >= 6534893) AND (k <= 6534993))
	  ->  Bitmap Index Scan on k_4  (cost=0.00..5.45 rows=102 width=0)
	        Index Cond: ((k >= 6534893) AND (k <= 6534993))

table 5 : explain SELECT k, c FROM sbtest5 WHERE k BETWEEN 6534893 AND 6534993
	Bitmap Heap Scan on sbtest5  (cost=5.47..405.13 rows=101 width=125)
	  Recheck Cond: ((k >= 6534893) AND (k <= 6534993))
	  ->  Bitmap Index Scan on k_5  (cost=0.00..5.44 rows=101 width=0)
	        Index Cond: ((k >= 6534893) AND (k <= 6534993))

table 6 : explain SELECT k, c FROM sbtest6 WHERE k BETWEEN 6534893 AND 6534993
	Bitmap Heap Scan on sbtest6  (cost=5.58..448.42 rows=112 width=125)
	  Recheck Cond: ((k >= 6534893) AND (k <= 6534993))
	  ->  Bitmap Index Scan on k_6  (cost=0.00..5.55 rows=112 width=0)
	        Index Cond: ((k >= 6534893) AND (k <= 6534993))

table 7 : explain SELECT k, c FROM sbtest7 WHERE k BETWEEN 6534893 AND 6534993
	Bitmap Heap Scan on sbtest7  (cost=5.49..413.00 rows=103 width=125)
	  Recheck Cond: ((k >= 6534893) AND (k <= 6534993))
	  ->  Bitmap Index Scan on k_7  (cost=0.00..5.46 rows=103 width=0)
	        Index Cond: ((k >= 6534893) AND (k <= 6534993))

table 8 : explain SELECT k, c FROM sbtest8 WHERE k BETWEEN 6534893 AND 6534993
	Bitmap Heap Scan on sbtest8  (cost=5.43..389.37 rows=97 width=125)
	  Recheck Cond: ((k >= 6534893) AND (k <= 6534993))
	  ->  Bitmap Index Scan on k_8  (cost=0.00..5.40 rows=97 width=0)
	        Index Cond: ((k >= 6534893) AND (k <= 6534993))

explain: for range-notcovered :: explain SELECT k, c FROM sbtest%d WHERE k BETWEEN 7820163 AND 7820263
explain: for range-notcovered :: explain SELECT k, c FROM sbtest%d WHERE k BETWEEN 8247199 AND 8247299
for range-notcovered
table 1 : explain SELECT k, c FROM sbtest1 WHERE k BETWEEN 1679022 AND 1679122
	Bitmap Heap Scan on sbtest1  (cost=5.56..440.56 rows=110 width=125)
	  Recheck Cond: ((k >= 1679022) AND (k <= 1679122))
	  ->  Bitmap Index Scan on k_1  (cost=0.00..5.53 rows=110 width=0)
	        Index Cond: ((k >= 1679022) AND (k <= 1679122))

table 2 : explain SELECT k, c FROM sbtest2 WHERE k BETWEEN 1679022 AND 1679122
	Bitmap Heap Scan on sbtest2  (cost=5.56..440.56 rows=110 width=125)
	  Recheck Cond: ((k >= 1679022) AND (k <= 1679122))
	  ->  Bitmap Index Scan on k_2  (cost=0.00..5.53 rows=110 width=0)
	        Index Cond: ((k >= 1679022) AND (k <= 1679122))

table 3 : explain SELECT k, c FROM sbtest3 WHERE k BETWEEN 1679022 AND 1679122
	Bitmap Heap Scan on sbtest3  (cost=5.52..424.81 rows=106 width=125)
	  Recheck Cond: ((k >= 1679022) AND (k <= 1679122))
	  ->  Bitmap Index Scan on k_3  (cost=0.00..5.50 rows=106 width=0)
	        Index Cond: ((k >= 1679022) AND (k <= 1679122))

table 4 : explain SELECT k, c FROM sbtest4 WHERE k BETWEEN 1679022 AND 1679122
	Bitmap Heap Scan on sbtest4  (cost=5.52..424.81 rows=106 width=125)
	  Recheck Cond: ((k >= 1679022) AND (k <= 1679122))
	  ->  Bitmap Index Scan on k_4  (cost=0.00..5.50 rows=106 width=0)
	        Index Cond: ((k >= 1679022) AND (k <= 1679122))

table 5 : explain SELECT k, c FROM sbtest5 WHERE k BETWEEN 1679022 AND 1679122
	Bitmap Heap Scan on sbtest5  (cost=5.51..420.88 rows=105 width=125)
	  Recheck Cond: ((k >= 1679022) AND (k <= 1679122))
	  ->  Bitmap Index Scan on k_5  (cost=0.00..5.48 rows=105 width=0)
	        Index Cond: ((k >= 1679022) AND (k <= 1679122))

table 6 : explain SELECT k, c FROM sbtest6 WHERE k BETWEEN 1679022 AND 1679122
	Bitmap Heap Scan on sbtest6  (cost=5.57..444.49 rows=111 width=125)
	  Recheck Cond: ((k >= 1679022) AND (k <= 1679122))
	  ->  Bitmap Index Scan on k_6  (cost=0.00..5.54 rows=111 width=0)
	        Index Cond: ((k >= 1679022) AND (k <= 1679122))

table 7 : explain SELECT k, c FROM sbtest7 WHERE k BETWEEN 1679022 AND 1679122
	Bitmap Heap Scan on sbtest7  (cost=5.61..460.22 rows=115 width=125)
	  Recheck Cond: ((k >= 1679022) AND (k <= 1679122))
	  ->  Bitmap Index Scan on k_7  (cost=0.00..5.58 rows=115 width=0)
	        Index Cond: ((k >= 1679022) AND (k <= 1679122))

table 8 : explain SELECT k, c FROM sbtest8 WHERE k BETWEEN 1679022 AND 1679122
	Bitmap Heap Scan on sbtest8  (cost=5.62..464.15 rows=116 width=125)
	  Recheck Cond: ((k >= 1679022) AND (k <= 1679122))
	  ->  Bitmap Index Scan on k_8  (cost=0.00..5.59 rows=116 width=0)
	        Index Cond: ((k >= 1679022) AND (k <= 1679122))

explain: for range-notcovered :: explain SELECT k, c FROM sbtest%d WHERE k BETWEEN 1679022 AND 1679122
for range-notcovered
table 1 : explain SELECT k, c FROM sbtest1 WHERE k BETWEEN 3096133 AND 3096233
	Bitmap Heap Scan on sbtest1  (cost=5.53..428.75 rows=107 width=125)
	  Recheck Cond: ((k >= 3096133) AND (k <= 3096233))
	  ->  Bitmap Index Scan on k_1  (cost=0.00..5.50 rows=107 width=0)
	        Index Cond: ((k >= 3096133) AND (k <= 3096233))

table 2 : explain SELECT k, c FROM sbtest2 WHERE k BETWEEN 3096133 AND 3096233
	Bitmap Heap Scan on sbtest2  (cost=5.51..420.88 rows=105 width=125)
	  Recheck Cond: ((k >= 3096133) AND (k <= 3096233))
	  ->  Bitmap Index Scan on k_2  (cost=0.00..5.48 rows=105 width=0)
	        Index Cond: ((k >= 3096133) AND (k <= 3096233))

table 3 : explain SELECT k, c FROM sbtest3 WHERE k BETWEEN 3096133 AND 3096233
	Bitmap Heap Scan on sbtest3  (cost=5.45..397.25 rows=99 width=125)
	  Recheck Cond: ((k >= 3096133) AND (k <= 3096233))
	  ->  Bitmap Index Scan on k_3  (cost=0.00..5.42 rows=99 width=0)
	        Index Cond: ((k >= 3096133) AND (k <= 3096233))

table 4 : explain SELECT k, c FROM sbtest4 WHERE k BETWEEN 3096133 AND 3096233
	Bitmap Heap Scan on sbtest4  (cost=5.54..432.69 rows=108 width=125)
	  Recheck Cond: ((k >= 3096133) AND (k <= 3096233))
	  ->  Bitmap Index Scan on k_4  (cost=0.00..5.51 rows=108 width=0)
	        Index Cond: ((k >= 3096133) AND (k <= 3096233))

table 5 : explain SELECT k, c FROM sbtest5 WHERE k BETWEEN 3096133 AND 3096233
	Bitmap Heap Scan on sbtest5  (cost=5.41..381.49 rows=95 width=125)
	  Recheck Cond: ((k >= 3096133) AND (k <= 3096233))
	  ->  Bitmap Index Scan on k_5  (cost=0.00..5.38 rows=95 width=0)
	        Index Cond: ((k >= 3096133) AND (k <= 3096233))

table 6 : explain SELECT k, c FROM sbtest6 WHERE k BETWEEN 3096133 AND 3096233
	Bitmap Heap Scan on sbtest6  (cost=5.43..389.37 rows=97 width=125)
	  Recheck Cond: ((k >= 3096133) AND (k <= 3096233))
	  ->  Bitmap Index Scan on k_6  (cost=0.00..5.40 rows=97 width=0)
	        Index Cond: ((k >= 3096133) AND (k <= 3096233))

table 7 : explain SELECT k, c FROM sbtest7 WHERE k BETWEEN 3096133 AND 3096233
	Bitmap Heap Scan on sbtest7  (cost=5.47..405.13 rows=101 width=125)
	  Recheck Cond: ((k >= 3096133) AND (k <= 3096233))
	  ->  Bitmap Index Scan on k_7  (cost=0.00..5.44 rows=101 width=0)
	        Index Cond: ((k >= 3096133) AND (k <= 3096233))

table 8 : explain SELECT k, c FROM sbtest8 WHERE k BETWEEN 3096133 AND 3096233
	Bitmap Heap Scan on sbtest8  (cost=5.43..389.37 rows=97 width=125)
	  Recheck Cond: ((k >= 3096133) AND (k <= 3096233))
	  ->  Bitmap Index Scan on k_8  (cost=0.00..5.40 rows=97 width=0)
	        Index Cond: ((k >= 3096133) AND (k <= 3096233))

for range-notcovered
table 1 : explain SELECT k, c FROM sbtest1 WHERE k BETWEEN 8247199 AND 8247299
	Bitmap Heap Scan on sbtest1  (cost=5.45..397.25 rows=99 width=125)
	  Recheck Cond: ((k >= 8247199) AND (k <= 8247299))
	  ->  Bitmap Index Scan on k_1  (cost=0.00..5.42 rows=99 width=0)
	        Index Cond: ((k >= 8247199) AND (k <= 8247299))

table 2 : explain SELECT k, c FROM sbtest2 WHERE k BETWEEN 8247199 AND 8247299
	Bitmap Heap Scan on sbtest2  (cost=5.45..397.25 rows=99 width=125)
	  Recheck Cond: ((k >= 8247199) AND (k <= 8247299))
	  ->  Bitmap Index Scan on k_2  (cost=0.00..5.42 rows=99 width=0)
	        Index Cond: ((k >= 8247199) AND (k <= 8247299))

table 3 : explain SELECT k, c FROM sbtest3 WHERE k BETWEEN 8247199 AND 8247299
	Bitmap Heap Scan on sbtest3  (cost=5.40..377.55 rows=94 width=125)
	  Recheck Cond: ((k >= 8247199) AND (k <= 8247299))
	  ->  Bitmap Index Scan on k_3  (cost=0.00..5.38 rows=94 width=0)
	        Index Cond: ((k >= 8247199) AND (k <= 8247299))

table 4 : explain SELECT k, c FROM sbtest4 WHERE k BETWEEN 8247199 AND 8247299
	Bitmap Heap Scan on sbtest4  (cost=5.50..416.94 rows=104 width=125)
	  Recheck Cond: ((k >= 8247199) AND (k <= 8247299))
	  ->  Bitmap Index Scan on k_4  (cost=0.00..5.47 rows=104 width=0)
	        Index Cond: ((k >= 8247199) AND (k <= 8247299))

table 5 : explain SELECT k, c FROM sbtest5 WHERE k BETWEEN 8247199 AND 8247299
	Bitmap Heap Scan on sbtest5  (cost=5.40..377.55 rows=94 width=125)
	  Recheck Cond: ((k >= 8247199) AND (k <= 8247299))
	  ->  Bitmap Index Scan on k_5  (cost=0.00..5.38 rows=94 width=0)
	        Index Cond: ((k >= 8247199) AND (k <= 8247299))

table 6 : explain SELECT k, c FROM sbtest6 WHERE k BETWEEN 8247199 AND 8247299
	Bitmap Heap Scan on sbtest6  (cost=5.47..405.13 rows=101 width=125)
	  Recheck Cond: ((k >= 8247199) AND (k <= 8247299))
	  ->  Bitmap Index Scan on k_6  (cost=0.00..5.44 rows=101 width=0)
	        Index Cond: ((k >= 8247199) AND (k <= 8247299))

table 7 : explain SELECT k, c FROM sbtest7 WHERE k BETWEEN 8247199 AND 8247299
	Bitmap Heap Scan on sbtest7  (cost=5.36..361.78 rows=90 width=125)
	  Recheck Cond: ((k >= 8247199) AND (k <= 8247299))
	  ->  Bitmap Index Scan on k_7  (cost=0.00..5.33 rows=90 width=0)
	        Index Cond: ((k >= 8247199) AND (k <= 8247299))

table 8 : explain SELECT k, c FROM sbtest8 WHERE k BETWEEN 8247199 AND 8247299
	Bitmap Heap Scan on sbtest8  (cost=5.43..389.37 rows=97 width=125)
	  Recheck Cond: ((k >= 8247199) AND (k <= 8247299))
	  ->  Bitmap Index Scan on k_8  (cost=0.00..5.40 rows=97 width=0)
	        Index Cond: ((k >= 8247199) AND (k <= 8247299))

explain: for range-notcovered :: explain SELECT k, c FROM sbtest%d WHERE k BETWEEN 3096133 AND 3096233
explain: for range-notcovered :: explain SELECT k, c FROM sbtest%d WHERE k BETWEEN 8247199 AND 8247299
explain: for range-notcovered :: explain SELECT k, c FROM sbtest%d WHERE k BETWEEN 4545768 AND 4545868
for range-notcovered
table 1 : explain SELECT k, c FROM sbtest1 WHERE k BETWEEN 1679022 AND 1679122
	Bitmap Heap Scan on sbtest1  (cost=5.56..440.56 rows=110 width=125)
	  Recheck Cond: ((k >= 1679022) AND (k <= 1679122))
	  ->  Bitmap Index Scan on k_1  (cost=0.00..5.53 rows=110 width=0)
	        Index Cond: ((k >= 1679022) AND (k <= 1679122))

table 2 : explain SELECT k, c FROM sbtest2 WHERE k BETWEEN 1679022 AND 1679122
	Bitmap Heap Scan on sbtest2  (cost=5.56..440.56 rows=110 width=125)
	  Recheck Cond: ((k >= 1679022) AND (k <= 1679122))
	  ->  Bitmap Index Scan on k_2  (cost=0.00..5.53 rows=110 width=0)
	        Index Cond: ((k >= 1679022) AND (k <= 1679122))

table 3 : explain SELECT k, c FROM sbtest3 WHERE k BETWEEN 1679022 AND 1679122
	Bitmap Heap Scan on sbtest3  (cost=5.52..424.81 rows=106 width=125)
	  Recheck Cond: ((k >= 1679022) AND (k <= 1679122))
	  ->  Bitmap Index Scan on k_3  (cost=0.00..5.50 rows=106 width=0)
	        Index Cond: ((k >= 1679022) AND (k <= 1679122))

table 4 : explain SELECT k, c FROM sbtest4 WHERE k BETWEEN 1679022 AND 1679122
	Bitmap Heap Scan on sbtest4  (cost=5.52..424.81 rows=106 width=125)
	  Recheck Cond: ((k >= 1679022) AND (k <= 1679122))
	  ->  Bitmap Index Scan on k_4  (cost=0.00..5.50 rows=106 width=0)
	        Index Cond: ((k >= 1679022) AND (k <= 1679122))

table 5 : explain SELECT k, c FROM sbtest5 WHERE k BETWEEN 1679022 AND 1679122
	Bitmap Heap Scan on sbtest5  (cost=5.51..420.88 rows=105 width=125)
	  Recheck Cond: ((k >= 1679022) AND (k <= 1679122))
	  ->  Bitmap Index Scan on k_5  (cost=0.00..5.48 rows=105 width=0)
	        Index Cond: ((k >= 1679022) AND (k <= 1679122))

table 6 : explain SELECT k, c FROM sbtest6 WHERE k BETWEEN 1679022 AND 1679122
	Bitmap Heap Scan on sbtest6  (cost=5.57..444.49 rows=111 width=125)
	  Recheck Cond: ((k >= 1679022) AND (k <= 1679122))
	  ->  Bitmap Index Scan on k_6  (cost=0.00..5.54 rows=111 width=0)
	        Index Cond: ((k >= 1679022) AND (k <= 1679122))

table 7 : explain SELECT k, c FROM sbtest7 WHERE k BETWEEN 1679022 AND 1679122
	Bitmap Heap Scan on sbtest7  (cost=5.61..460.22 rows=115 width=125)
	  Recheck Cond: ((k >= 1679022) AND (k <= 1679122))
	  ->  Bitmap Index Scan on k_7  (cost=0.00..5.58 rows=115 width=0)
	        Index Cond: ((k >= 1679022) AND (k <= 1679122))

table 8 : explain SELECT k, c FROM sbtest8 WHERE k BETWEEN 1679022 AND 1679122
	Bitmap Heap Scan on sbtest8  (cost=5.62..464.15 rows=116 width=125)
	  Recheck Cond: ((k >= 1679022) AND (k <= 1679122))
	  ->  Bitmap Index Scan on k_8  (cost=0.00..5.59 rows=116 width=0)
	        Index Cond: ((k >= 1679022) AND (k <= 1679122))

explain: for range-notcovered :: explain SELECT k, c FROM sbtest%d WHERE k BETWEEN 1679022 AND 1679122
for range-notcovered
table 1 : explain SELECT k, c FROM sbtest1 WHERE k BETWEEN 5115279 AND 5115379
	Bitmap Heap Scan on sbtest1  (cost=5.49..413.00 rows=103 width=125)
	  Recheck Cond: ((k >= 5115279) AND (k <= 5115379))
	  ->  Bitmap Index Scan on k_1  (cost=0.00..5.46 rows=103 width=0)
	        Index Cond: ((k >= 5115279) AND (k <= 5115379))

table 2 : explain SELECT k, c FROM sbtest2 WHERE k BETWEEN 5115279 AND 5115379
	Bitmap Heap Scan on sbtest2  (cost=5.41..381.49 rows=95 width=125)
	  Recheck Cond: ((k >= 5115279) AND (k <= 5115379))
	  ->  Bitmap Index Scan on k_2  (cost=0.00..5.38 rows=95 width=0)
	        Index Cond: ((k >= 5115279) AND (k <= 5115379))

table 3 : explain SELECT k, c FROM sbtest3 WHERE k BETWEEN 5115279 AND 5115379
	Bitmap Heap Scan on sbtest3  (cost=5.46..401.19 rows=100 width=125)
	  Recheck Cond: ((k >= 5115279) AND (k <= 5115379))
	  ->  Bitmap Index Scan on k_3  (cost=0.00..5.43 rows=100 width=0)
	        Index Cond: ((k >= 5115279) AND (k <= 5115379))

table 4 : explain SELECT k, c FROM sbtest4 WHERE k BETWEEN 5115279 AND 5115379
	Bitmap Heap Scan on sbtest4  (cost=5.49..413.00 rows=103 width=125)
	  Recheck Cond: ((k >= 5115279) AND (k <= 5115379))
	  ->  Bitmap Index Scan on k_4  (cost=0.00..5.46 rows=103 width=0)
	        Index Cond: ((k >= 5115279) AND (k <= 5115379))

table 5 : explain SELECT k, c FROM sbtest5 WHERE k BETWEEN 5115279 AND 5115379
	Bitmap Heap Scan on sbtest5  (cost=5.38..369.67 rows=92 width=125)
	  Recheck Cond: ((k >= 5115279) AND (k <= 5115379))
	  ->  Bitmap Index Scan on k_5  (cost=0.00..5.35 rows=92 width=0)
	        Index Cond: ((k >= 5115279) AND (k <= 5115379))

table 6 : explain SELECT k, c FROM sbtest6 WHERE k BETWEEN 5115279 AND 5115379
	Bitmap Heap Scan on sbtest6  (cost=5.44..393.31 rows=98 width=125)
	  Recheck Cond: ((k >= 5115279) AND (k <= 5115379))
	  ->  Bitmap Index Scan on k_6  (cost=0.00..5.42 rows=98 width=0)
	        Index Cond: ((k >= 5115279) AND (k <= 5115379))

table 7 : explain SELECT k, c FROM sbtest7 WHERE k BETWEEN 5115279 AND 5115379
	Bitmap Heap Scan on sbtest7  (cost=5.49..413.00 rows=103 width=125)
	  Recheck Cond: ((k >= 5115279) AND (k <= 5115379))
	  ->  Bitmap Index Scan on k_7  (cost=0.00..5.46 rows=103 width=0)
	        Index Cond: ((k >= 5115279) AND (k <= 5115379))

table 8 : explain SELECT k, c FROM sbtest8 WHERE k BETWEEN 5115279 AND 5115379
	Bitmap Heap Scan on sbtest8  (cost=5.43..389.37 rows=97 width=125)
	  Recheck Cond: ((k >= 5115279) AND (k <= 5115379))
	  ->  Bitmap Index Scan on k_8  (cost=0.00..5.40 rows=97 width=0)
	        Index Cond: ((k >= 5115279) AND (k <= 5115379))

for range-notcovered
table 1 : explain SELECT k, c FROM sbtest1 WHERE k BETWEEN 7820163 AND 7820263
	Bitmap Heap Scan on sbtest1  (cost=5.44..393.31 rows=98 width=125)
	  Recheck Cond: ((k >= 7820163) AND (k <= 7820263))
	  ->  Bitmap Index Scan on k_1  (cost=0.00..5.42 rows=98 width=0)
	        Index Cond: ((k >= 7820163) AND (k <= 7820263))

table 2 : explain SELECT k, c FROM sbtest2 WHERE k BETWEEN 7820163 AND 7820263
	Bitmap Heap Scan on sbtest2  (cost=5.53..428.75 rows=107 width=125)
	  Recheck Cond: ((k >= 7820163) AND (k <= 7820263))
	  ->  Bitmap Index Scan on k_2  (cost=0.00..5.50 rows=107 width=0)
	        Index Cond: ((k >= 7820163) AND (k <= 7820263))

table 3 : explain SELECT k, c FROM sbtest3 WHERE k BETWEEN 7820163 AND 7820263
	Bitmap Heap Scan on sbtest3  (cost=5.45..397.25 rows=99 width=125)
	  Recheck Cond: ((k >= 7820163) AND (k <= 7820263))
	  ->  Bitmap Index Scan on k_3  (cost=0.00..5.42 rows=99 width=0)
	        Index Cond: ((k >= 7820163) AND (k <= 7820263))

table 4 : explain SELECT k, c FROM sbtest4 WHERE k BETWEEN 7820163 AND 7820263
	Bitmap Heap Scan on sbtest4  (cost=5.49..413.00 rows=103 width=125)
	  Recheck Cond: ((k >= 7820163) AND (k <= 7820263))
	  ->  Bitmap Index Scan on k_4  (cost=0.00..5.46 rows=103 width=0)
	        Index Cond: ((k >= 7820163) AND (k <= 7820263))

table 5 : explain SELECT k, c FROM sbtest5 WHERE k BETWEEN 7820163 AND 7820263
	Bitmap Heap Scan on sbtest5  (cost=5.48..409.07 rows=102 width=125)
	  Recheck Cond: ((k >= 7820163) AND (k <= 7820263))
	  ->  Bitmap Index Scan on k_5  (cost=0.00..5.45 rows=102 width=0)
	        Index Cond: ((k >= 7820163) AND (k <= 7820263))

table 6 : explain SELECT k, c FROM sbtest6 WHERE k BETWEEN 7820163 AND 7820263
	Bitmap Heap Scan on sbtest6  (cost=5.48..409.07 rows=102 width=125)
	  Recheck Cond: ((k >= 7820163) AND (k <= 7820263))
	  ->  Bitmap Index Scan on k_6  (cost=0.00..5.45 rows=102 width=0)
	        Index Cond: ((k >= 7820163) AND (k <= 7820263))

table 7 : explain SELECT k, c FROM sbtest7 WHERE k BETWEEN 7820163 AND 7820263
	Bitmap Heap Scan on sbtest7  (cost=5.53..428.75 rows=107 width=125)
	  Recheck Cond: ((k >= 7820163) AND (k <= 7820263))
	  ->  Bitmap Index Scan on k_7  (cost=0.00..5.50 rows=107 width=0)
	        Index Cond: ((k >= 7820163) AND (k <= 7820263))

table 8 : explain SELECT k, c FROM sbtest8 WHERE k BETWEEN 7820163 AND 7820263
	Bitmap Heap Scan on sbtest8  (cost=5.50..416.94 rows=104 width=125)
	  Recheck Cond: ((k >= 7820163) AND (k <= 7820263))
	  ->  Bitmap Index Scan on k_8  (cost=0.00..5.47 rows=104 width=0)
	        Index Cond: ((k >= 7820163) AND (k <= 7820263))

explain: for range-notcovered :: explain SELECT k, c FROM sbtest%d WHERE k BETWEEN 7820163 AND 7820263
for range-notcovered
table 1 : explain SELECT k, c FROM sbtest1 WHERE k BETWEEN 3096133 AND 3096233
	Bitmap Heap Scan on sbtest1  (cost=5.53..428.75 rows=107 width=125)
	  Recheck Cond: ((k >= 3096133) AND (k <= 3096233))
	  ->  Bitmap Index Scan on k_1  (cost=0.00..5.50 rows=107 width=0)
	        Index Cond: ((k >= 3096133) AND (k <= 3096233))

table 2 : explain SELECT k, c FROM sbtest2 WHERE k BETWEEN 3096133 AND 3096233
	Bitmap Heap Scan on sbtest2  (cost=5.51..420.88 rows=105 width=125)
	  Recheck Cond: ((k >= 3096133) AND (k <= 3096233))
	  ->  Bitmap Index Scan on k_2  (cost=0.00..5.48 rows=105 width=0)
	        Index Cond: ((k >= 3096133) AND (k <= 3096233))

table 3 : explain SELECT k, c FROM sbtest3 WHERE k BETWEEN 3096133 AND 3096233
	Bitmap Heap Scan on sbtest3  (cost=5.45..397.25 rows=99 width=125)
	  Recheck Cond: ((k >= 3096133) AND (k <= 3096233))
	  ->  Bitmap Index Scan on k_3  (cost=0.00..5.42 rows=99 width=0)
	        Index Cond: ((k >= 3096133) AND (k <= 3096233))

table 4 : explain SELECT k, c FROM sbtest4 WHERE k BETWEEN 3096133 AND 3096233
	Bitmap Heap Scan on sbtest4  (cost=5.54..432.69 rows=108 width=125)
	  Recheck Cond: ((k >= 3096133) AND (k <= 3096233))
	  ->  Bitmap Index Scan on k_4  (cost=0.00..5.51 rows=108 width=0)
	        Index Cond: ((k >= 3096133) AND (k <= 3096233))

table 5 : explain SELECT k, c FROM sbtest5 WHERE k BETWEEN 3096133 AND 3096233
	Bitmap Heap Scan on sbtest5  (cost=5.41..381.49 rows=95 width=125)
	  Recheck Cond: ((k >= 3096133) AND (k <= 3096233))
	  ->  Bitmap Index Scan on k_5  (cost=0.00..5.38 rows=95 width=0)
	        Index Cond: ((k >= 3096133) AND (k <= 3096233))

table 6 : explain SELECT k, c FROM sbtest6 WHERE k BETWEEN 3096133 AND 3096233
	Bitmap Heap Scan on sbtest6  (cost=5.43..389.37 rows=97 width=125)
	  Recheck Cond: ((k >= 3096133) AND (k <= 3096233))
	  ->  Bitmap Index Scan on k_6  (cost=0.00..5.40 rows=97 width=0)
	        Index Cond: ((k >= 3096133) AND (k <= 3096233))

table 7 : explain SELECT k, c FROM sbtest7 WHERE k BETWEEN 3096133 AND 3096233
	Bitmap Heap Scan on sbtest7  (cost=5.47..405.13 rows=101 width=125)
	  Recheck Cond: ((k >= 3096133) AND (k <= 3096233))
	  ->  Bitmap Index Scan on k_7  (cost=0.00..5.44 rows=101 width=0)
	        Index Cond: ((k >= 3096133) AND (k <= 3096233))

table 8 : explain SELECT k, c FROM sbtest8 WHERE k BETWEEN 3096133 AND 3096233
	Bitmap Heap Scan on sbtest8  (cost=5.43..389.37 rows=97 width=125)
	  Recheck Cond: ((k >= 3096133) AND (k <= 3096233))
	  ->  Bitmap Index Scan on k_8  (cost=0.00..5.40 rows=97 width=0)
	        Index Cond: ((k >= 3096133) AND (k <= 3096233))

for range-notcovered
table 1 : explain SELECT k, c FROM sbtest1 WHERE k BETWEEN 1679022 AND 1679122
	Bitmap Heap Scan on sbtest1  (cost=5.56..440.56 rows=110 width=125)
	  Recheck Cond: ((k >= 1679022) AND (k <= 1679122))
	  ->  Bitmap Index Scan on k_1  (cost=0.00..5.53 rows=110 width=0)
	        Index Cond: ((k >= 1679022) AND (k <= 1679122))

table 2 : explain SELECT k, c FROM sbtest2 WHERE k BETWEEN 1679022 AND 1679122
	Bitmap Heap Scan on sbtest2  (cost=5.56..440.56 rows=110 width=125)
	  Recheck Cond: ((k >= 1679022) AND (k <= 1679122))
	  ->  Bitmap Index Scan on k_2  (cost=0.00..5.53 rows=110 width=0)
	        Index Cond: ((k >= 1679022) AND (k <= 1679122))

table 3 : explain SELECT k, c FROM sbtest3 WHERE k BETWEEN 1679022 AND 1679122
	Bitmap Heap Scan on sbtest3  (cost=5.52..424.81 rows=106 width=125)
	  Recheck Cond: ((k >= 1679022) AND (k <= 1679122))
	  ->  Bitmap Index Scan on k_3  (cost=0.00..5.50 rows=106 width=0)
	        Index Cond: ((k >= 1679022) AND (k <= 1679122))

table 4 : explain SELECT k, c FROM sbtest4 WHERE k BETWEEN 1679022 AND 1679122
	Bitmap Heap Scan on sbtest4  (cost=5.52..424.81 rows=106 width=125)
	  Recheck Cond: ((k >= 1679022) AND (k <= 1679122))
	  ->  Bitmap Index Scan on k_4  (cost=0.00..5.50 rows=106 width=0)
	        Index Cond: ((k >= 1679022) AND (k <= 1679122))

table 5 : explain SELECT k, c FROM sbtest5 WHERE k BETWEEN 1679022 AND 1679122
	Bitmap Heap Scan on sbtest5  (cost=5.51..420.88 rows=105 width=125)
	  Recheck Cond: ((k >= 1679022) AND (k <= 1679122))
	  ->  Bitmap Index Scan on k_5  (cost=0.00..5.48 rows=105 width=0)
	        Index Cond: ((k >= 1679022) AND (k <= 1679122))

table 6 : explain SELECT k, c FROM sbtest6 WHERE k BETWEEN 1679022 AND 1679122
	Bitmap Heap Scan on sbtest6  (cost=5.57..444.49 rows=111 width=125)
	  Recheck Cond: ((k >= 1679022) AND (k <= 1679122))
	  ->  Bitmap Index Scan on k_6  (cost=0.00..5.54 rows=111 width=0)
	        Index Cond: ((k >= 1679022) AND (k <= 1679122))

table 7 : explain SELECT k, c FROM sbtest7 WHERE k BETWEEN 1679022 AND 1679122
	Bitmap Heap Scan on sbtest7  (cost=5.61..460.22 rows=115 width=125)
	  Recheck Cond: ((k >= 1679022) AND (k <= 1679122))
	  ->  Bitmap Index Scan on k_7  (cost=0.00..5.58 rows=115 width=0)
	        Index Cond: ((k >= 1679022) AND (k <= 1679122))

table 8 : explain SELECT k, c FROM sbtest8 WHERE k BETWEEN 1679022 AND 1679122
	Bitmap Heap Scan on sbtest8  (cost=5.62..464.15 rows=116 width=125)
	  Recheck Cond: ((k >= 1679022) AND (k <= 1679122))
	  ->  Bitmap Index Scan on k_8  (cost=0.00..5.59 rows=116 width=0)
	        Index Cond: ((k >= 1679022) AND (k <= 1679122))

explain: for range-notcovered :: explain SELECT k, c FROM sbtest%d WHERE k BETWEEN 1679022 AND 1679122
explain: for range-notcovered :: explain SELECT k, c FROM sbtest%d WHERE k BETWEEN 3096133 AND 3096233
for range-notcovered
table 1 : explain SELECT k, c FROM sbtest1 WHERE k BETWEEN 7820163 AND 7820263
	Bitmap Heap Scan on sbtest1  (cost=5.44..393.31 rows=98 width=125)
	  Recheck Cond: ((k >= 7820163) AND (k <= 7820263))
	  ->  Bitmap Index Scan on k_1  (cost=0.00..5.42 rows=98 width=0)
	        Index Cond: ((k >= 7820163) AND (k <= 7820263))

table 2 : explain SELECT k, c FROM sbtest2 WHERE k BETWEEN 7820163 AND 7820263
	Bitmap Heap Scan on sbtest2  (cost=5.53..428.75 rows=107 width=125)
	  Recheck Cond: ((k >= 7820163) AND (k <= 7820263))
	  ->  Bitmap Index Scan on k_2  (cost=0.00..5.50 rows=107 width=0)
	        Index Cond: ((k >= 7820163) AND (k <= 7820263))

table 3 : explain SELECT k, c FROM sbtest3 WHERE k BETWEEN 7820163 AND 7820263
	Bitmap Heap Scan on sbtest3  (cost=5.45..397.25 rows=99 width=125)
	  Recheck Cond: ((k >= 7820163) AND (k <= 7820263))
	  ->  Bitmap Index Scan on k_3  (cost=0.00..5.42 rows=99 width=0)
	        Index Cond: ((k >= 7820163) AND (k <= 7820263))

table 4 : explain SELECT k, c FROM sbtest4 WHERE k BETWEEN 7820163 AND 7820263
	Bitmap Heap Scan on sbtest4  (cost=5.49..413.00 rows=103 width=125)
	  Recheck Cond: ((k >= 7820163) AND (k <= 7820263))
	  ->  Bitmap Index Scan on k_4  (cost=0.00..5.46 rows=103 width=0)
	        Index Cond: ((k >= 7820163) AND (k <= 7820263))

table 5 : explain SELECT k, c FROM sbtest5 WHERE k BETWEEN 7820163 AND 7820263
	Bitmap Heap Scan on sbtest5  (cost=5.48..409.07 rows=102 width=125)
	  Recheck Cond: ((k >= 7820163) AND (k <= 7820263))
	  ->  Bitmap Index Scan on k_5  (cost=0.00..5.45 rows=102 width=0)
	        Index Cond: ((k >= 7820163) AND (k <= 7820263))

table 6 : explain SELECT k, c FROM sbtest6 WHERE k BETWEEN 7820163 AND 7820263
	Bitmap Heap Scan on sbtest6  (cost=5.48..409.07 rows=102 width=125)
	  Recheck Cond: ((k >= 7820163) AND (k <= 7820263))
	  ->  Bitmap Index Scan on k_6  (cost=0.00..5.45 rows=102 width=0)
	        Index Cond: ((k >= 7820163) AND (k <= 7820263))

table 7 : explain SELECT k, c FROM sbtest7 WHERE k BETWEEN 7820163 AND 7820263
	Bitmap Heap Scan on sbtest7  (cost=5.53..428.75 rows=107 width=125)
	  Recheck Cond: ((k >= 7820163) AND (k <= 7820263))
	  ->  Bitmap Index Scan on k_7  (cost=0.00..5.50 rows=107 width=0)
	        Index Cond: ((k >= 7820163) AND (k <= 7820263))

table 8 : explain SELECT k, c FROM sbtest8 WHERE k BETWEEN 7820163 AND 7820263
	Bitmap Heap Scan on sbtest8  (cost=5.50..416.94 rows=104 width=125)
	  Recheck Cond: ((k >= 7820163) AND (k <= 7820263))
	  ->  Bitmap Index Scan on k_8  (cost=0.00..5.47 rows=104 width=0)
	        Index Cond: ((k >= 7820163) AND (k <= 7820263))

for range-notcovered
table 1 : explain SELECT k, c FROM sbtest1 WHERE k BETWEEN 1679022 AND 1679122
	Bitmap Heap Scan on sbtest1  (cost=5.56..440.56 rows=110 width=125)
	  Recheck Cond: ((k >= 1679022) AND (k <= 1679122))
	  ->  Bitmap Index Scan on k_1  (cost=0.00..5.53 rows=110 width=0)
	        Index Cond: ((k >= 1679022) AND (k <= 1679122))

table 2 : explain SELECT k, c FROM sbtest2 WHERE k BETWEEN 1679022 AND 1679122
	Bitmap Heap Scan on sbtest2  (cost=5.56..440.56 rows=110 width=125)
	  Recheck Cond: ((k >= 1679022) AND (k <= 1679122))
	  ->  Bitmap Index Scan on k_2  (cost=0.00..5.53 rows=110 width=0)
	        Index Cond: ((k >= 1679022) AND (k <= 1679122))

table 3 : explain SELECT k, c FROM sbtest3 WHERE k BETWEEN 1679022 AND 1679122
	Bitmap Heap Scan on sbtest3  (cost=5.52..424.81 rows=106 width=125)
	  Recheck Cond: ((k >= 1679022) AND (k <= 1679122))
	  ->  Bitmap Index Scan on k_3  (cost=0.00..5.50 rows=106 width=0)
	        Index Cond: ((k >= 1679022) AND (k <= 1679122))

table 4 : explain SELECT k, c FROM sbtest4 WHERE k BETWEEN 1679022 AND 1679122
	Bitmap Heap Scan on sbtest4  (cost=5.52..424.81 rows=106 width=125)
	  Recheck Cond: ((k >= 1679022) AND (k <= 1679122))
	  ->  Bitmap Index Scan on k_4  (cost=0.00..5.50 rows=106 width=0)
	        Index Cond: ((k >= 1679022) AND (k <= 1679122))

table 5 : explain SELECT k, c FROM sbtest5 WHERE k BETWEEN 1679022 AND 1679122
	Bitmap Heap Scan on sbtest5  (cost=5.51..420.88 rows=105 width=125)
	  Recheck Cond: ((k >= 1679022) AND (k <= 1679122))
	  ->  Bitmap Index Scan on k_5  (cost=0.00..5.48 rows=105 width=0)
	        Index Cond: ((k >= 1679022) AND (k <= 1679122))

table 6 : explain SELECT k, c FROM sbtest6 WHERE k BETWEEN 1679022 AND 1679122
	Bitmap Heap Scan on sbtest6  (cost=5.57..444.49 rows=111 width=125)
	  Recheck Cond: ((k >= 1679022) AND (k <= 1679122))
	  ->  Bitmap Index Scan on k_6  (cost=0.00..5.54 rows=111 width=0)
	        Index Cond: ((k >= 1679022) AND (k <= 1679122))

table 7 : explain SELECT k, c FROM sbtest7 WHERE k BETWEEN 1679022 AND 1679122
	Bitmap Heap Scan on sbtest7  (cost=5.61..460.22 rows=115 width=125)
	  Recheck Cond: ((k >= 1679022) AND (k <= 1679122))
	  ->  Bitmap Index Scan on k_7  (cost=0.00..5.58 rows=115 width=0)
	        Index Cond: ((k >= 1679022) AND (k <= 1679122))

table 8 : explain SELECT k, c FROM sbtest8 WHERE k BETWEEN 1679022 AND 1679122
	Bitmap Heap Scan on sbtest8  (cost=5.62..464.15 rows=116 width=125)
	  Recheck Cond: ((k >= 1679022) AND (k <= 1679122))
	  ->  Bitmap Index Scan on k_8  (cost=0.00..5.59 rows=116 width=0)
	        Index Cond: ((k >= 1679022) AND (k <= 1679122))

explain: for range-notcovered :: explain SELECT k, c FROM sbtest%d WHERE k BETWEEN 1679022 AND 1679122
explain: for range-notcovered :: explain SELECT k, c FROM sbtest%d WHERE k BETWEEN 8970551 AND 8970651
for range-notcovered
table 1 : explain SELECT k, c FROM sbtest1 WHERE k BETWEEN 1679022 AND 1679122
	Bitmap Heap Scan on sbtest1  (cost=5.56..440.56 rows=110 width=125)
	  Recheck Cond: ((k >= 1679022) AND (k <= 1679122))
	  ->  Bitmap Index Scan on k_1  (cost=0.00..5.53 rows=110 width=0)
	        Index Cond: ((k >= 1679022) AND (k <= 1679122))

table 2 : explain SELECT k, c FROM sbtest2 WHERE k BETWEEN 1679022 AND 1679122
	Bitmap Heap Scan on sbtest2  (cost=5.56..440.56 rows=110 width=125)
	  Recheck Cond: ((k >= 1679022) AND (k <= 1679122))
	  ->  Bitmap Index Scan on k_2  (cost=0.00..5.53 rows=110 width=0)
	        Index Cond: ((k >= 1679022) AND (k <= 1679122))

table 3 : explain SELECT k, c FROM sbtest3 WHERE k BETWEEN 1679022 AND 1679122
	Bitmap Heap Scan on sbtest3  (cost=5.52..424.81 rows=106 width=125)
	  Recheck Cond: ((k >= 1679022) AND (k <= 1679122))
	  ->  Bitmap Index Scan on k_3  (cost=0.00..5.50 rows=106 width=0)
	        Index Cond: ((k >= 1679022) AND (k <= 1679122))

table 4 : explain SELECT k, c FROM sbtest4 WHERE k BETWEEN 1679022 AND 1679122
	Bitmap Heap Scan on sbtest4  (cost=5.52..424.81 rows=106 width=125)
	  Recheck Cond: ((k >= 1679022) AND (k <= 1679122))
	  ->  Bitmap Index Scan on k_4  (cost=0.00..5.50 rows=106 width=0)
	        Index Cond: ((k >= 1679022) AND (k <= 1679122))

table 5 : explain SELECT k, c FROM sbtest5 WHERE k BETWEEN 1679022 AND 1679122
	Bitmap Heap Scan on sbtest5  (cost=5.51..420.88 rows=105 width=125)
	  Recheck Cond: ((k >= 1679022) AND (k <= 1679122))
	  ->  Bitmap Index Scan on k_5  (cost=0.00..5.48 rows=105 width=0)
	        Index Cond: ((k >= 1679022) AND (k <= 1679122))

table 6 : explain SELECT k, c FROM sbtest6 WHERE k BETWEEN 1679022 AND 1679122
	Bitmap Heap Scan on sbtest6  (cost=5.57..444.49 rows=111 width=125)
	  Recheck Cond: ((k >= 1679022) AND (k <= 1679122))
	  ->  Bitmap Index Scan on k_6  (cost=0.00..5.54 rows=111 width=0)
	        Index Cond: ((k >= 1679022) AND (k <= 1679122))

table 7 : explain SELECT k, c FROM sbtest7 WHERE k BETWEEN 1679022 AND 1679122
	Bitmap Heap Scan on sbtest7  (cost=5.61..460.22 rows=115 width=125)
	  Recheck Cond: ((k >= 1679022) AND (k <= 1679122))
	  ->  Bitmap Index Scan on k_7  (cost=0.00..5.58 rows=115 width=0)
	        Index Cond: ((k >= 1679022) AND (k <= 1679122))

table 8 : explain SELECT k, c FROM sbtest8 WHERE k BETWEEN 1679022 AND 1679122
	Bitmap Heap Scan on sbtest8  (cost=5.62..464.15 rows=116 width=125)
	  Recheck Cond: ((k >= 1679022) AND (k <= 1679122))
	  ->  Bitmap Index Scan on k_8  (cost=0.00..5.59 rows=116 width=0)
	        Index Cond: ((k >= 1679022) AND (k <= 1679122))

explain: for range-notcovered :: explain SELECT k, c FROM sbtest%d WHERE k BETWEEN 1679022 AND 1679122
for range-notcovered
table 1 : explain SELECT k, c FROM sbtest1 WHERE k BETWEEN 8247199 AND 8247299
	Bitmap Heap Scan on sbtest1  (cost=5.45..397.25 rows=99 width=125)
	  Recheck Cond: ((k >= 8247199) AND (k <= 8247299))
	  ->  Bitmap Index Scan on k_1  (cost=0.00..5.42 rows=99 width=0)
	        Index Cond: ((k >= 8247199) AND (k <= 8247299))

table 2 : explain SELECT k, c FROM sbtest2 WHERE k BETWEEN 8247199 AND 8247299
	Bitmap Heap Scan on sbtest2  (cost=5.45..397.25 rows=99 width=125)
	  Recheck Cond: ((k >= 8247199) AND (k <= 8247299))
	  ->  Bitmap Index Scan on k_2  (cost=0.00..5.42 rows=99 width=0)
	        Index Cond: ((k >= 8247199) AND (k <= 8247299))

table 3 : explain SELECT k, c FROM sbtest3 WHERE k BETWEEN 8247199 AND 8247299
	Bitmap Heap Scan on sbtest3  (cost=5.40..377.55 rows=94 width=125)
	  Recheck Cond: ((k >= 8247199) AND (k <= 8247299))
	  ->  Bitmap Index Scan on k_3  (cost=0.00..5.38 rows=94 width=0)
	        Index Cond: ((k >= 8247199) AND (k <= 8247299))

table 4 : explain SELECT k, c FROM sbtest4 WHERE k BETWEEN 8247199 AND 8247299
	Bitmap Heap Scan on sbtest4  (cost=5.50..416.94 rows=104 width=125)
	  Recheck Cond: ((k >= 8247199) AND (k <= 8247299))
	  ->  Bitmap Index Scan on k_4  (cost=0.00..5.47 rows=104 width=0)
	        Index Cond: ((k >= 8247199) AND (k <= 8247299))

table 5 : explain SELECT k, c FROM sbtest5 WHERE k BETWEEN 8247199 AND 8247299
	Bitmap Heap Scan on sbtest5  (cost=5.40..377.55 rows=94 width=125)
	  Recheck Cond: ((k >= 8247199) AND (k <= 8247299))
	  ->  Bitmap Index Scan on k_5  (cost=0.00..5.38 rows=94 width=0)
	        Index Cond: ((k >= 8247199) AND (k <= 8247299))

table 6 : explain SELECT k, c FROM sbtest6 WHERE k BETWEEN 8247199 AND 8247299
	Bitmap Heap Scan on sbtest6  (cost=5.47..405.13 rows=101 width=125)
	  Recheck Cond: ((k >= 8247199) AND (k <= 8247299))
	  ->  Bitmap Index Scan on k_6  (cost=0.00..5.44 rows=101 width=0)
	        Index Cond: ((k >= 8247199) AND (k <= 8247299))

table 7 : explain SELECT k, c FROM sbtest7 WHERE k BETWEEN 8247199 AND 8247299
	Bitmap Heap Scan on sbtest7  (cost=5.36..361.78 rows=90 width=125)
	  Recheck Cond: ((k >= 8247199) AND (k <= 8247299))
	  ->  Bitmap Index Scan on k_7  (cost=0.00..5.33 rows=90 width=0)
	        Index Cond: ((k >= 8247199) AND (k <= 8247299))

table 8 : explain SELECT k, c FROM sbtest8 WHERE k BETWEEN 8247199 AND 8247299
	Bitmap Heap Scan on sbtest8  (cost=5.43..389.37 rows=97 width=125)
	  Recheck Cond: ((k >= 8247199) AND (k <= 8247299))
	  ->  Bitmap Index Scan on k_8  (cost=0.00..5.40 rows=97 width=0)
	        Index Cond: ((k >= 8247199) AND (k <= 8247299))

for range-notcovered
table 1 : explain SELECT k, c FROM sbtest1 WHERE k BETWEEN 3096133 AND 3096233
	Bitmap Heap Scan on sbtest1  (cost=5.53..428.75 rows=107 width=125)
	  Recheck Cond: ((k >= 3096133) AND (k <= 3096233))
	  ->  Bitmap Index Scan on k_1  (cost=0.00..5.50 rows=107 width=0)
	        Index Cond: ((k >= 3096133) AND (k <= 3096233))

table 2 : explain SELECT k, c FROM sbtest2 WHERE k BETWEEN 3096133 AND 3096233
	Bitmap Heap Scan on sbtest2  (cost=5.51..420.88 rows=105 width=125)
	  Recheck Cond: ((k >= 3096133) AND (k <= 3096233))
	  ->  Bitmap Index Scan on k_2  (cost=0.00..5.48 rows=105 width=0)
	        Index Cond: ((k >= 3096133) AND (k <= 3096233))

table 3 : explain SELECT k, c FROM sbtest3 WHERE k BETWEEN 3096133 AND 3096233
	Bitmap Heap Scan on sbtest3  (cost=5.45..397.25 rows=99 width=125)
	  Recheck Cond: ((k >= 3096133) AND (k <= 3096233))
	  ->  Bitmap Index Scan on k_3  (cost=0.00..5.42 rows=99 width=0)
	        Index Cond: ((k >= 3096133) AND (k <= 3096233))

table 4 : explain SELECT k, c FROM sbtest4 WHERE k BETWEEN 3096133 AND 3096233
	Bitmap Heap Scan on sbtest4  (cost=5.54..432.69 rows=108 width=125)
	  Recheck Cond: ((k >= 3096133) AND (k <= 3096233))
	  ->  Bitmap Index Scan on k_4  (cost=0.00..5.51 rows=108 width=0)
	        Index Cond: ((k >= 3096133) AND (k <= 3096233))

table 5 : explain SELECT k, c FROM sbtest5 WHERE k BETWEEN 3096133 AND 3096233
	Bitmap Heap Scan on sbtest5  (cost=5.41..381.49 rows=95 width=125)
	  Recheck Cond: ((k >= 3096133) AND (k <= 3096233))
	  ->  Bitmap Index Scan on k_5  (cost=0.00..5.38 rows=95 width=0)
	        Index Cond: ((k >= 3096133) AND (k <= 3096233))

table 6 : explain SELECT k, c FROM sbtest6 WHERE k BETWEEN 3096133 AND 3096233
	Bitmap Heap Scan on sbtest6  (cost=5.43..389.37 rows=97 width=125)
	  Recheck Cond: ((k >= 3096133) AND (k <= 3096233))
	  ->  Bitmap Index Scan on k_6  (cost=0.00..5.40 rows=97 width=0)
	        Index Cond: ((k >= 3096133) AND (k <= 3096233))

table 7 : explain SELECT k, c FROM sbtest7 WHERE k BETWEEN 3096133 AND 3096233
	Bitmap Heap Scan on sbtest7  (cost=5.47..405.13 rows=101 width=125)
	  Recheck Cond: ((k >= 3096133) AND (k <= 3096233))
	  ->  Bitmap Index Scan on k_7  (cost=0.00..5.44 rows=101 width=0)
	        Index Cond: ((k >= 3096133) AND (k <= 3096233))

table 8 : explain SELECT k, c FROM sbtest8 WHERE k BETWEEN 3096133 AND 3096233
	Bitmap Heap Scan on sbtest8  (cost=5.43..389.37 rows=97 width=125)
	  Recheck Cond: ((k >= 3096133) AND (k <= 3096233))
	  ->  Bitmap Index Scan on k_8  (cost=0.00..5.40 rows=97 width=0)
	        Index Cond: ((k >= 3096133) AND (k <= 3096233))

for range-notcovered
table 1 : explain SELECT k, c FROM sbtest1 WHERE k BETWEEN 1679022 AND 1679122
	Bitmap Heap Scan on sbtest1  (cost=5.56..440.56 rows=110 width=125)
	  Recheck Cond: ((k >= 1679022) AND (k <= 1679122))
	  ->  Bitmap Index Scan on k_1  (cost=0.00..5.53 rows=110 width=0)
	        Index Cond: ((k >= 1679022) AND (k <= 1679122))

table 2 : explain SELECT k, c FROM sbtest2 WHERE k BETWEEN 1679022 AND 1679122
	Bitmap Heap Scan on sbtest2  (cost=5.56..440.56 rows=110 width=125)
	  Recheck Cond: ((k >= 1679022) AND (k <= 1679122))
	  ->  Bitmap Index Scan on k_2  (cost=0.00..5.53 rows=110 width=0)
	        Index Cond: ((k >= 1679022) AND (k <= 1679122))

table 3 : explain SELECT k, c FROM sbtest3 WHERE k BETWEEN 1679022 AND 1679122
	Bitmap Heap Scan on sbtest3  (cost=5.52..424.81 rows=106 width=125)
	  Recheck Cond: ((k >= 1679022) AND (k <= 1679122))
	  ->  Bitmap Index Scan on k_3  (cost=0.00..5.50 rows=106 width=0)
	        Index Cond: ((k >= 1679022) AND (k <= 1679122))

table 4 : explain SELECT k, c FROM sbtest4 WHERE k BETWEEN 1679022 AND 1679122
	Bitmap Heap Scan on sbtest4  (cost=5.52..424.81 rows=106 width=125)
	  Recheck Cond: ((k >= 1679022) AND (k <= 1679122))
	  ->  Bitmap Index Scan on k_4  (cost=0.00..5.50 rows=106 width=0)
	        Index Cond: ((k >= 1679022) AND (k <= 1679122))

table 5 : explain SELECT k, c FROM sbtest5 WHERE k BETWEEN 1679022 AND 1679122
	Bitmap Heap Scan on sbtest5  (cost=5.51..420.88 rows=105 width=125)
	  Recheck Cond: ((k >= 1679022) AND (k <= 1679122))
	  ->  Bitmap Index Scan on k_5  (cost=0.00..5.48 rows=105 width=0)
	        Index Cond: ((k >= 1679022) AND (k <= 1679122))

table 6 : explain SELECT k, c FROM sbtest6 WHERE k BETWEEN 1679022 AND 1679122
	Bitmap Heap Scan on sbtest6  (cost=5.57..444.49 rows=111 width=125)
	  Recheck Cond: ((k >= 1679022) AND (k <= 1679122))
	  ->  Bitmap Index Scan on k_6  (cost=0.00..5.54 rows=111 width=0)
	        Index Cond: ((k >= 1679022) AND (k <= 1679122))

table 7 : explain SELECT k, c FROM sbtest7 WHERE k BETWEEN 1679022 AND 1679122
	Bitmap Heap Scan on sbtest7  (cost=5.61..460.22 rows=115 width=125)
	  Recheck Cond: ((k >= 1679022) AND (k <= 1679122))
	  ->  Bitmap Index Scan on k_7  (cost=0.00..5.58 rows=115 width=0)
	        Index Cond: ((k >= 1679022) AND (k <= 1679122))

table 8 : explain SELECT k, c FROM sbtest8 WHERE k BETWEEN 1679022 AND 1679122
	Bitmap Heap Scan on sbtest8  (cost=5.62..464.15 rows=116 width=125)
	  Recheck Cond: ((k >= 1679022) AND (k <= 1679122))
	  ->  Bitmap Index Scan on k_8  (cost=0.00..5.59 rows=116 width=0)
	        Index Cond: ((k >= 1679022) AND (k <= 1679122))

explain: for range-notcovered :: explain SELECT k, c FROM sbtest%d WHERE k BETWEEN 6986002 AND 6986102
explain: for range-notcovered :: explain SELECT k, c FROM sbtest%d WHERE k BETWEEN 7116563 AND 7116663
explain: for range-notcovered :: explain SELECT k, c FROM sbtest%d WHERE k BETWEEN 5314059 AND 5314159
for range-notcovered
table 1 : explain SELECT k, c FROM sbtest1 WHERE k BETWEEN 4343207 AND 4343307
	Bitmap Heap Scan on sbtest1  (cost=5.55..436.62 rows=109 width=125)
	  Recheck Cond: ((k >= 4343207) AND (k <= 4343307))
	  ->  Bitmap Index Scan on k_1  (cost=0.00..5.52 rows=109 width=0)
	        Index Cond: ((k >= 4343207) AND (k <= 4343307))

table 2 : explain SELECT k, c FROM sbtest2 WHERE k BETWEEN 4343207 AND 4343307
	Bitmap Heap Scan on sbtest2  (cost=5.47..405.13 rows=101 width=125)
	  Recheck Cond: ((k >= 4343207) AND (k <= 4343307))
	  ->  Bitmap Index Scan on k_2  (cost=0.00..5.44 rows=101 width=0)
	        Index Cond: ((k >= 4343207) AND (k <= 4343307))

table 3 : explain SELECT k, c FROM sbtest3 WHERE k BETWEEN 4343207 AND 4343307
	Bitmap Heap Scan on sbtest3  (cost=5.45..397.25 rows=99 width=125)
	  Recheck Cond: ((k >= 4343207) AND (k <= 4343307))
	  ->  Bitmap Index Scan on k_3  (cost=0.00..5.42 rows=99 width=0)
	        Index Cond: ((k >= 4343207) AND (k <= 4343307))

table 4 : explain SELECT k, c FROM sbtest4 WHERE k BETWEEN 4343207 AND 4343307
	Bitmap Heap Scan on sbtest4  (cost=5.45..397.25 rows=99 width=125)
	  Recheck Cond: ((k >= 4343207) AND (k <= 4343307))
	  ->  Bitmap Index Scan on k_4  (cost=0.00..5.42 rows=99 width=0)
	        Index Cond: ((k >= 4343207) AND (k <= 4343307))

table 5 : explain SELECT k, c FROM sbtest5 WHERE k BETWEEN 4343207 AND 4343307
	Bitmap Heap Scan on sbtest5  (cost=5.45..397.25 rows=99 width=125)
	  Recheck Cond: ((k >= 4343207) AND (k <= 4343307))
	  ->  Bitmap Index Scan on k_5  (cost=0.00..5.42 rows=99 width=0)
	        Index Cond: ((k >= 4343207) AND (k <= 4343307))

table 6 : explain SELECT k, c FROM sbtest6 WHERE k BETWEEN 4343207 AND 4343307
	Bitmap Heap Scan on sbtest6  (cost=5.51..420.88 rows=105 width=125)
	  Recheck Cond: ((k >= 4343207) AND (k <= 4343307))
	  ->  Bitmap Index Scan on k_6  (cost=0.00..5.48 rows=105 width=0)
	        Index Cond: ((k >= 4343207) AND (k <= 4343307))

table 7 : explain SELECT k, c FROM sbtest7 WHERE k BETWEEN 4343207 AND 4343307
	Bitmap Heap Scan on sbtest7  (cost=5.50..416.94 rows=104 width=125)
	  Recheck Cond: ((k >= 4343207) AND (k <= 4343307))
	  ->  Bitmap Index Scan on k_7  (cost=0.00..5.47 rows=104 width=0)
	        Index Cond: ((k >= 4343207) AND (k <= 4343307))

table 8 : explain SELECT k, c FROM sbtest8 WHERE k BETWEEN 4343207 AND 4343307
	Bitmap Heap Scan on sbtest8  (cost=5.48..409.07 rows=102 width=125)
	  Recheck Cond: ((k >= 4343207) AND (k <= 4343307))
	  ->  Bitmap Index Scan on k_8  (cost=0.00..5.45 rows=102 width=0)
	        Index Cond: ((k >= 4343207) AND (k <= 4343307))

explain: for range-notcovered :: explain SELECT k, c FROM sbtest%d WHERE k BETWEEN 4343207 AND 4343307
explain: for range-notcovered :: explain SELECT k, c FROM sbtest%d WHERE k BETWEEN 1679022 AND 1679122
for range-notcovered
table 1 : explain SELECT k, c FROM sbtest1 WHERE k BETWEEN 4343207 AND 4343307
	Bitmap Heap Scan on sbtest1  (cost=5.55..436.62 rows=109 width=125)
	  Recheck Cond: ((k >= 4343207) AND (k <= 4343307))
	  ->  Bitmap Index Scan on k_1  (cost=0.00..5.52 rows=109 width=0)
	        Index Cond: ((k >= 4343207) AND (k <= 4343307))

table 2 : explain SELECT k, c FROM sbtest2 WHERE k BETWEEN 4343207 AND 4343307
	Bitmap Heap Scan on sbtest2  (cost=5.47..405.13 rows=101 width=125)
	  Recheck Cond: ((k >= 4343207) AND (k <= 4343307))
	  ->  Bitmap Index Scan on k_2  (cost=0.00..5.44 rows=101 width=0)
	        Index Cond: ((k >= 4343207) AND (k <= 4343307))

table 3 : explain SELECT k, c FROM sbtest3 WHERE k BETWEEN 4343207 AND 4343307
	Bitmap Heap Scan on sbtest3  (cost=5.45..397.25 rows=99 width=125)
	  Recheck Cond: ((k >= 4343207) AND (k <= 4343307))
	  ->  Bitmap Index Scan on k_3  (cost=0.00..5.42 rows=99 width=0)
	        Index Cond: ((k >= 4343207) AND (k <= 4343307))

table 4 : explain SELECT k, c FROM sbtest4 WHERE k BETWEEN 4343207 AND 4343307
	Bitmap Heap Scan on sbtest4  (cost=5.45..397.25 rows=99 width=125)
	  Recheck Cond: ((k >= 4343207) AND (k <= 4343307))
	  ->  Bitmap Index Scan on k_4  (cost=0.00..5.42 rows=99 width=0)
	        Index Cond: ((k >= 4343207) AND (k <= 4343307))

table 5 : explain SELECT k, c FROM sbtest5 WHERE k BETWEEN 4343207 AND 4343307
	Bitmap Heap Scan on sbtest5  (cost=5.45..397.25 rows=99 width=125)
	  Recheck Cond: ((k >= 4343207) AND (k <= 4343307))
	  ->  Bitmap Index Scan on k_5  (cost=0.00..5.42 rows=99 width=0)
	        Index Cond: ((k >= 4343207) AND (k <= 4343307))

table 6 : explain SELECT k, c FROM sbtest6 WHERE k BETWEEN 4343207 AND 4343307
	Bitmap Heap Scan on sbtest6  (cost=5.51..420.88 rows=105 width=125)
	  Recheck Cond: ((k >= 4343207) AND (k <= 4343307))
	  ->  Bitmap Index Scan on k_6  (cost=0.00..5.48 rows=105 width=0)
	        Index Cond: ((k >= 4343207) AND (k <= 4343307))

table 7 : explain SELECT k, c FROM sbtest7 WHERE k BETWEEN 4343207 AND 4343307
	Bitmap Heap Scan on sbtest7  (cost=5.50..416.94 rows=104 width=125)
	  Recheck Cond: ((k >= 4343207) AND (k <= 4343307))
	  ->  Bitmap Index Scan on k_7  (cost=0.00..5.47 rows=104 width=0)
	        Index Cond: ((k >= 4343207) AND (k <= 4343307))

table 8 : explain SELECT k, c FROM sbtest8 WHERE k BETWEEN 4343207 AND 4343307
	Bitmap Heap Scan on sbtest8  (cost=5.48..409.07 rows=102 width=125)
	  Recheck Cond: ((k >= 4343207) AND (k <= 4343307))
	  ->  Bitmap Index Scan on k_8  (cost=0.00..5.45 rows=102 width=0)
	        Index Cond: ((k >= 4343207) AND (k <= 4343307))

explain: for range-notcovered :: explain SELECT k, c FROM sbtest%d WHERE k BETWEEN 4343207 AND 4343307
for range-notcovered
table 1 : explain SELECT k, c FROM sbtest1 WHERE k BETWEEN 1679022 AND 1679122
	Bitmap Heap Scan on sbtest1  (cost=5.56..440.56 rows=110 width=125)
	  Recheck Cond: ((k >= 1679022) AND (k <= 1679122))
	  ->  Bitmap Index Scan on k_1  (cost=0.00..5.53 rows=110 width=0)
	        Index Cond: ((k >= 1679022) AND (k <= 1679122))

table 2 : explain SELECT k, c FROM sbtest2 WHERE k BETWEEN 1679022 AND 1679122
	Bitmap Heap Scan on sbtest2  (cost=5.56..440.56 rows=110 width=125)
	  Recheck Cond: ((k >= 1679022) AND (k <= 1679122))
	  ->  Bitmap Index Scan on k_2  (cost=0.00..5.53 rows=110 width=0)
	        Index Cond: ((k >= 1679022) AND (k <= 1679122))

table 3 : explain SELECT k, c FROM sbtest3 WHERE k BETWEEN 1679022 AND 1679122
	Bitmap Heap Scan on sbtest3  (cost=5.52..424.81 rows=106 width=125)
	  Recheck Cond: ((k >= 1679022) AND (k <= 1679122))
	  ->  Bitmap Index Scan on k_3  (cost=0.00..5.50 rows=106 width=0)
	        Index Cond: ((k >= 1679022) AND (k <= 1679122))

table 4 : explain SELECT k, c FROM sbtest4 WHERE k BETWEEN 1679022 AND 1679122
	Bitmap Heap Scan on sbtest4  (cost=5.52..424.81 rows=106 width=125)
	  Recheck Cond: ((k >= 1679022) AND (k <= 1679122))
	  ->  Bitmap Index Scan on k_4  (cost=0.00..5.50 rows=106 width=0)
	        Index Cond: ((k >= 1679022) AND (k <= 1679122))

table 5 : explain SELECT k, c FROM sbtest5 WHERE k BETWEEN 1679022 AND 1679122
	Bitmap Heap Scan on sbtest5  (cost=5.51..420.88 rows=105 width=125)
	  Recheck Cond: ((k >= 1679022) AND (k <= 1679122))
	  ->  Bitmap Index Scan on k_5  (cost=0.00..5.48 rows=105 width=0)
	        Index Cond: ((k >= 1679022) AND (k <= 1679122))

table 6 : explain SELECT k, c FROM sbtest6 WHERE k BETWEEN 1679022 AND 1679122
	Bitmap Heap Scan on sbtest6  (cost=5.57..444.49 rows=111 width=125)
	  Recheck Cond: ((k >= 1679022) AND (k <= 1679122))
	  ->  Bitmap Index Scan on k_6  (cost=0.00..5.54 rows=111 width=0)
	        Index Cond: ((k >= 1679022) AND (k <= 1679122))

table 7 : explain SELECT k, c FROM sbtest7 WHERE k BETWEEN 1679022 AND 1679122
	Bitmap Heap Scan on sbtest7  (cost=5.61..460.22 rows=115 width=125)
	  Recheck Cond: ((k >= 1679022) AND (k <= 1679122))
	  ->  Bitmap Index Scan on k_7  (cost=0.00..5.58 rows=115 width=0)
	        Index Cond: ((k >= 1679022) AND (k <= 1679122))

table 8 : explain SELECT k, c FROM sbtest8 WHERE k BETWEEN 1679022 AND 1679122
	Bitmap Heap Scan on sbtest8  (cost=5.62..464.15 rows=116 width=125)
	  Recheck Cond: ((k >= 1679022) AND (k <= 1679122))
	  ->  Bitmap Index Scan on k_8  (cost=0.00..5.59 rows=116 width=0)
	        Index Cond: ((k >= 1679022) AND (k <= 1679122))

for range-notcovered
table 1 : explain SELECT k, c FROM sbtest1 WHERE k BETWEEN 4343207 AND 4343307
	Bitmap Heap Scan on sbtest1  (cost=5.55..436.62 rows=109 width=125)
	  Recheck Cond: ((k >= 4343207) AND (k <= 4343307))
	  ->  Bitmap Index Scan on k_1  (cost=0.00..5.52 rows=109 width=0)
	        Index Cond: ((k >= 4343207) AND (k <= 4343307))

table 2 : explain SELECT k, c FROM sbtest2 WHERE k BETWEEN 4343207 AND 4343307
	Bitmap Heap Scan on sbtest2  (cost=5.47..405.13 rows=101 width=125)
	  Recheck Cond: ((k >= 4343207) AND (k <= 4343307))
	  ->  Bitmap Index Scan on k_2  (cost=0.00..5.44 rows=101 width=0)
	        Index Cond: ((k >= 4343207) AND (k <= 4343307))

table 3 : explain SELECT k, c FROM sbtest3 WHERE k BETWEEN 4343207 AND 4343307
	Bitmap Heap Scan on sbtest3  (cost=5.45..397.25 rows=99 width=125)
	  Recheck Cond: ((k >= 4343207) AND (k <= 4343307))
	  ->  Bitmap Index Scan on k_3  (cost=0.00..5.42 rows=99 width=0)
	        Index Cond: ((k >= 4343207) AND (k <= 4343307))

table 4 : explain SELECT k, c FROM sbtest4 WHERE k BETWEEN 4343207 AND 4343307
	Bitmap Heap Scan on sbtest4  (cost=5.45..397.25 rows=99 width=125)
	  Recheck Cond: ((k >= 4343207) AND (k <= 4343307))
	  ->  Bitmap Index Scan on k_4  (cost=0.00..5.42 rows=99 width=0)
	        Index Cond: ((k >= 4343207) AND (k <= 4343307))

table 5 : explain SELECT k, c FROM sbtest5 WHERE k BETWEEN 4343207 AND 4343307
	Bitmap Heap Scan on sbtest5  (cost=5.45..397.25 rows=99 width=125)
	  Recheck Cond: ((k >= 4343207) AND (k <= 4343307))
	  ->  Bitmap Index Scan on k_5  (cost=0.00..5.42 rows=99 width=0)
	        Index Cond: ((k >= 4343207) AND (k <= 4343307))

table 6 : explain SELECT k, c FROM sbtest6 WHERE k BETWEEN 4343207 AND 4343307
	Bitmap Heap Scan on sbtest6  (cost=5.51..420.88 rows=105 width=125)
	  Recheck Cond: ((k >= 4343207) AND (k <= 4343307))
	  ->  Bitmap Index Scan on k_6  (cost=0.00..5.48 rows=105 width=0)
	        Index Cond: ((k >= 4343207) AND (k <= 4343307))

table 7 : explain SELECT k, c FROM sbtest7 WHERE k BETWEEN 4343207 AND 4343307
	Bitmap Heap Scan on sbtest7  (cost=5.50..416.94 rows=104 width=125)
	  Recheck Cond: ((k >= 4343207) AND (k <= 4343307))
	  ->  Bitmap Index Scan on k_7  (cost=0.00..5.47 rows=104 width=0)
	        Index Cond: ((k >= 4343207) AND (k <= 4343307))

table 8 : explain SELECT k, c FROM sbtest8 WHERE k BETWEEN 4343207 AND 4343307
	Bitmap Heap Scan on sbtest8  (cost=5.48..409.07 rows=102 width=125)
	  Recheck Cond: ((k >= 4343207) AND (k <= 4343307))
	  ->  Bitmap Index Scan on k_8  (cost=0.00..5.45 rows=102 width=0)
	        Index Cond: ((k >= 4343207) AND (k <= 4343307))

explain: for range-notcovered :: explain SELECT k, c FROM sbtest%d WHERE k BETWEEN 4343207 AND 4343307
explain: for range-notcovered :: explain SELECT k, c FROM sbtest%d WHERE k BETWEEN 1679022 AND 1679122
explain: for range-notcovered :: explain SELECT k, c FROM sbtest%d WHERE k BETWEEN 5114158 AND 5114258
for range-notcovered
table 1 : explain SELECT k, c FROM sbtest1 WHERE k BETWEEN 4545768 AND 4545868
	Bitmap Heap Scan on sbtest1  (cost=5.45..397.25 rows=99 width=125)
	  Recheck Cond: ((k >= 4545768) AND (k <= 4545868))
	  ->  Bitmap Index Scan on k_1  (cost=0.00..5.42 rows=99 width=0)
	        Index Cond: ((k >= 4545768) AND (k <= 4545868))

table 2 : explain SELECT k, c FROM sbtest2 WHERE k BETWEEN 4545768 AND 4545868
	Bitmap Heap Scan on sbtest2  (cost=5.46..401.19 rows=100 width=125)
	  Recheck Cond: ((k >= 4545768) AND (k <= 4545868))
	  ->  Bitmap Index Scan on k_2  (cost=0.00..5.43 rows=100 width=0)
	        Index Cond: ((k >= 4545768) AND (k <= 4545868))

table 3 : explain SELECT k, c FROM sbtest3 WHERE k BETWEEN 4545768 AND 4545868
	Bitmap Heap Scan on sbtest3  (cost=5.43..389.37 rows=97 width=125)
	  Recheck Cond: ((k >= 4545768) AND (k <= 4545868))
	  ->  Bitmap Index Scan on k_3  (cost=0.00..5.40 rows=97 width=0)
	        Index Cond: ((k >= 4545768) AND (k <= 4545868))

table 4 : explain SELECT k, c FROM sbtest4 WHERE k BETWEEN 4545768 AND 4545868
	Bitmap Heap Scan on sbtest4  (cost=5.57..444.49 rows=111 width=125)
	  Recheck Cond: ((k >= 4545768) AND (k <= 4545868))
	  ->  Bitmap Index Scan on k_4  (cost=0.00..5.54 rows=111 width=0)
	        Index Cond: ((k >= 4545768) AND (k <= 4545868))

table 5 : explain SELECT k, c FROM sbtest5 WHERE k BETWEEN 4545768 AND 4545868
	Bitmap Heap Scan on sbtest5  (cost=5.48..409.07 rows=102 width=125)
	  Recheck Cond: ((k >= 4545768) AND (k <= 4545868))
	  ->  Bitmap Index Scan on k_5  (cost=0.00..5.45 rows=102 width=0)
	        Index Cond: ((k >= 4545768) AND (k <= 4545868))

table 6 : explain SELECT k, c FROM sbtest6 WHERE k BETWEEN 4545768 AND 4545868
	Bitmap Heap Scan on sbtest6  (cost=5.56..440.56 rows=110 width=125)
	  Recheck Cond: ((k >= 4545768) AND (k <= 4545868))
	  ->  Bitmap Index Scan on k_6  (cost=0.00..5.53 rows=110 width=0)
	        Index Cond: ((k >= 4545768) AND (k <= 4545868))

table 7 : explain SELECT k, c FROM sbtest7 WHERE k BETWEEN 4545768 AND 4545868
	Bitmap Heap Scan on sbtest7  (cost=5.45..397.25 rows=99 width=125)
	  Recheck Cond: ((k >= 4545768) AND (k <= 4545868))
	  ->  Bitmap Index Scan on k_7  (cost=0.00..5.42 rows=99 width=0)
	        Index Cond: ((k >= 4545768) AND (k <= 4545868))

table 8 : explain SELECT k, c FROM sbtest8 WHERE k BETWEEN 4545768 AND 4545868
	Bitmap Heap Scan on sbtest8  (cost=5.41..381.49 rows=95 width=125)
	  Recheck Cond: ((k >= 4545768) AND (k <= 4545868))
	  ->  Bitmap Index Scan on k_8  (cost=0.00..5.38 rows=95 width=0)
	        Index Cond: ((k >= 4545768) AND (k <= 4545868))

explain: for range-notcovered :: explain SELECT k, c FROM sbtest%d WHERE k BETWEEN 4545768 AND 4545868
for range-notcovered
table 1 : explain SELECT k, c FROM sbtest1 WHERE k BETWEEN 8970551 AND 8970651
	Bitmap Heap Scan on sbtest1  (cost=5.48..409.07 rows=102 width=125)
	  Recheck Cond: ((k >= 8970551) AND (k <= 8970651))
	  ->  Bitmap Index Scan on k_1  (cost=0.00..5.45 rows=102 width=0)
	        Index Cond: ((k >= 8970551) AND (k <= 8970651))

table 2 : explain SELECT k, c FROM sbtest2 WHERE k BETWEEN 8970551 AND 8970651
	Bitmap Heap Scan on sbtest2  (cost=5.48..409.07 rows=102 width=125)
	  Recheck Cond: ((k >= 8970551) AND (k <= 8970651))
	  ->  Bitmap Index Scan on k_2  (cost=0.00..5.45 rows=102 width=0)
	        Index Cond: ((k >= 8970551) AND (k <= 8970651))

table 3 : explain SELECT k, c FROM sbtest3 WHERE k BETWEEN 8970551 AND 8970651
	Bitmap Heap Scan on sbtest3  (cost=5.54..432.69 rows=108 width=125)
	  Recheck Cond: ((k >= 8970551) AND (k <= 8970651))
	  ->  Bitmap Index Scan on k_3  (cost=0.00..5.51 rows=108 width=0)
	        Index Cond: ((k >= 8970551) AND (k <= 8970651))

table 4 : explain SELECT k, c FROM sbtest4 WHERE k BETWEEN 8970551 AND 8970651
	Bitmap Heap Scan on sbtest4  (cost=5.49..413.00 rows=103 width=125)
	  Recheck Cond: ((k >= 8970551) AND (k <= 8970651))
	  ->  Bitmap Index Scan on k_4  (cost=0.00..5.46 rows=103 width=0)
	        Index Cond: ((k >= 8970551) AND (k <= 8970651))

table 5 : explain SELECT k, c FROM sbtest5 WHERE k BETWEEN 8970551 AND 8970651
	Bitmap Heap Scan on sbtest5  (cost=5.50..416.94 rows=104 width=125)
	  Recheck Cond: ((k >= 8970551) AND (k <= 8970651))
	  ->  Bitmap Index Scan on k_5  (cost=0.00..5.47 rows=104 width=0)
	        Index Cond: ((k >= 8970551) AND (k <= 8970651))

table 6 : explain SELECT k, c FROM sbtest6 WHERE k BETWEEN 8970551 AND 8970651
	Bitmap Heap Scan on sbtest6  (cost=5.53..428.75 rows=107 width=125)
	  Recheck Cond: ((k >= 8970551) AND (k <= 8970651))
	  ->  Bitmap Index Scan on k_6  (cost=0.00..5.50 rows=107 width=0)
	        Index Cond: ((k >= 8970551) AND (k <= 8970651))

table 7 : explain SELECT k, c FROM sbtest7 WHERE k BETWEEN 8970551 AND 8970651
	Bitmap Heap Scan on sbtest7  (cost=5.48..409.07 rows=102 width=125)
	  Recheck Cond: ((k >= 8970551) AND (k <= 8970651))
	  ->  Bitmap Index Scan on k_7  (cost=0.00..5.45 rows=102 width=0)
	        Index Cond: ((k >= 8970551) AND (k <= 8970651))

table 8 : explain SELECT k, c FROM sbtest8 WHERE k BETWEEN 8970551 AND 8970651
	Bitmap Heap Scan on sbtest8  (cost=5.52..424.81 rows=106 width=125)
	  Recheck Cond: ((k >= 8970551) AND (k <= 8970651))
	  ->  Bitmap Index Scan on k_8  (cost=0.00..5.50 rows=106 width=0)
	        Index Cond: ((k >= 8970551) AND (k <= 8970651))

explain: for range-notcovered :: explain SELECT k, c FROM sbtest%d WHERE k BETWEEN 8970551 AND 8970651
for range-notcovered
table 1 : explain SELECT k, c FROM sbtest1 WHERE k BETWEEN 4545768 AND 4545868
	Bitmap Heap Scan on sbtest1  (cost=5.45..397.25 rows=99 width=125)
	  Recheck Cond: ((k >= 4545768) AND (k <= 4545868))
	  ->  Bitmap Index Scan on k_1  (cost=0.00..5.42 rows=99 width=0)
	        Index Cond: ((k >= 4545768) AND (k <= 4545868))

table 2 : explain SELECT k, c FROM sbtest2 WHERE k BETWEEN 4545768 AND 4545868
	Bitmap Heap Scan on sbtest2  (cost=5.46..401.19 rows=100 width=125)
	  Recheck Cond: ((k >= 4545768) AND (k <= 4545868))
	  ->  Bitmap Index Scan on k_2  (cost=0.00..5.43 rows=100 width=0)
	        Index Cond: ((k >= 4545768) AND (k <= 4545868))

table 3 : explain SELECT k, c FROM sbtest3 WHERE k BETWEEN 4545768 AND 4545868
	Bitmap Heap Scan on sbtest3  (cost=5.43..389.37 rows=97 width=125)
	  Recheck Cond: ((k >= 4545768) AND (k <= 4545868))
	  ->  Bitmap Index Scan on k_3  (cost=0.00..5.40 rows=97 width=0)
	        Index Cond: ((k >= 4545768) AND (k <= 4545868))

table 4 : explain SELECT k, c FROM sbtest4 WHERE k BETWEEN 4545768 AND 4545868
	Bitmap Heap Scan on sbtest4  (cost=5.57..444.49 rows=111 width=125)
	  Recheck Cond: ((k >= 4545768) AND (k <= 4545868))
	  ->  Bitmap Index Scan on k_4  (cost=0.00..5.54 rows=111 width=0)
	        Index Cond: ((k >= 4545768) AND (k <= 4545868))

table 5 : explain SELECT k, c FROM sbtest5 WHERE k BETWEEN 4545768 AND 4545868
	Bitmap Heap Scan on sbtest5  (cost=5.48..409.07 rows=102 width=125)
	  Recheck Cond: ((k >= 4545768) AND (k <= 4545868))
	  ->  Bitmap Index Scan on k_5  (cost=0.00..5.45 rows=102 width=0)
	        Index Cond: ((k >= 4545768) AND (k <= 4545868))

table 6 : explain SELECT k, c FROM sbtest6 WHERE k BETWEEN 4545768 AND 4545868
	Bitmap Heap Scan on sbtest6  (cost=5.56..440.56 rows=110 width=125)
	  Recheck Cond: ((k >= 4545768) AND (k <= 4545868))
	  ->  Bitmap Index Scan on k_6  (cost=0.00..5.53 rows=110 width=0)
	        Index Cond: ((k >= 4545768) AND (k <= 4545868))

table 7 : explain SELECT k, c FROM sbtest7 WHERE k BETWEEN 4545768 AND 4545868
	Bitmap Heap Scan on sbtest7  (cost=5.45..397.25 rows=99 width=125)
	  Recheck Cond: ((k >= 4545768) AND (k <= 4545868))
	  ->  Bitmap Index Scan on k_7  (cost=0.00..5.42 rows=99 width=0)
	        Index Cond: ((k >= 4545768) AND (k <= 4545868))

table 8 : explain SELECT k, c FROM sbtest8 WHERE k BETWEEN 4545768 AND 4545868
	Bitmap Heap Scan on sbtest8  (cost=5.41..381.49 rows=95 width=125)
	  Recheck Cond: ((k >= 4545768) AND (k <= 4545868))
	  ->  Bitmap Index Scan on k_8  (cost=0.00..5.38 rows=95 width=0)
	        Index Cond: ((k >= 4545768) AND (k <= 4545868))

explain: for range-notcovered :: explain SELECT k, c FROM sbtest%d WHERE k BETWEEN 4545768 AND 4545868
for range-notcovered
table 1 : explain SELECT k, c FROM sbtest1 WHERE k BETWEEN 8970551 AND 8970651
	Bitmap Heap Scan on sbtest1  (cost=5.48..409.07 rows=102 width=125)
	  Recheck Cond: ((k >= 8970551) AND (k <= 8970651))
	  ->  Bitmap Index Scan on k_1  (cost=0.00..5.45 rows=102 width=0)
	        Index Cond: ((k >= 8970551) AND (k <= 8970651))

table 2 : explain SELECT k, c FROM sbtest2 WHERE k BETWEEN 8970551 AND 8970651
	Bitmap Heap Scan on sbtest2  (cost=5.48..409.07 rows=102 width=125)
	  Recheck Cond: ((k >= 8970551) AND (k <= 8970651))
	  ->  Bitmap Index Scan on k_2  (cost=0.00..5.45 rows=102 width=0)
	        Index Cond: ((k >= 8970551) AND (k <= 8970651))

table 3 : explain SELECT k, c FROM sbtest3 WHERE k BETWEEN 8970551 AND 8970651
	Bitmap Heap Scan on sbtest3  (cost=5.54..432.69 rows=108 width=125)
	  Recheck Cond: ((k >= 8970551) AND (k <= 8970651))
	  ->  Bitmap Index Scan on k_3  (cost=0.00..5.51 rows=108 width=0)
	        Index Cond: ((k >= 8970551) AND (k <= 8970651))

table 4 : explain SELECT k, c FROM sbtest4 WHERE k BETWEEN 8970551 AND 8970651
	Bitmap Heap Scan on sbtest4  (cost=5.49..413.00 rows=103 width=125)
	  Recheck Cond: ((k >= 8970551) AND (k <= 8970651))
	  ->  Bitmap Index Scan on k_4  (cost=0.00..5.46 rows=103 width=0)
	        Index Cond: ((k >= 8970551) AND (k <= 8970651))

table 5 : explain SELECT k, c FROM sbtest5 WHERE k BETWEEN 8970551 AND 8970651
	Bitmap Heap Scan on sbtest5  (cost=5.50..416.94 rows=104 width=125)
	  Recheck Cond: ((k >= 8970551) AND (k <= 8970651))
	  ->  Bitmap Index Scan on k_5  (cost=0.00..5.47 rows=104 width=0)
	        Index Cond: ((k >= 8970551) AND (k <= 8970651))

table 6 : explain SELECT k, c FROM sbtest6 WHERE k BETWEEN 8970551 AND 8970651
	Bitmap Heap Scan on sbtest6  (cost=5.53..428.75 rows=107 width=125)
	  Recheck Cond: ((k >= 8970551) AND (k <= 8970651))
	  ->  Bitmap Index Scan on k_6  (cost=0.00..5.50 rows=107 width=0)
	        Index Cond: ((k >= 8970551) AND (k <= 8970651))

table 7 : explain SELECT k, c FROM sbtest7 WHERE k BETWEEN 8970551 AND 8970651
	Bitmap Heap Scan on sbtest7  (cost=5.48..409.07 rows=102 width=125)
	  Recheck Cond: ((k >= 8970551) AND (k <= 8970651))
	  ->  Bitmap Index Scan on k_7  (cost=0.00..5.45 rows=102 width=0)
	        Index Cond: ((k >= 8970551) AND (k <= 8970651))

table 8 : explain SELECT k, c FROM sbtest8 WHERE k BETWEEN 8970551 AND 8970651
	Bitmap Heap Scan on sbtest8  (cost=5.52..424.81 rows=106 width=125)
	  Recheck Cond: ((k >= 8970551) AND (k <= 8970651))
	  ->  Bitmap Index Scan on k_8  (cost=0.00..5.50 rows=106 width=0)
	        Index Cond: ((k >= 8970551) AND (k <= 8970651))

for range-notcovered
table 1 : explain SELECT k, c FROM sbtest1 WHERE k BETWEEN 4343207 AND 4343307
	Bitmap Heap Scan on sbtest1  (cost=5.55..436.62 rows=109 width=125)
	  Recheck Cond: ((k >= 4343207) AND (k <= 4343307))
	  ->  Bitmap Index Scan on k_1  (cost=0.00..5.52 rows=109 width=0)
	        Index Cond: ((k >= 4343207) AND (k <= 4343307))

table 2 : explain SELECT k, c FROM sbtest2 WHERE k BETWEEN 4343207 AND 4343307
	Bitmap Heap Scan on sbtest2  (cost=5.47..405.13 rows=101 width=125)
	  Recheck Cond: ((k >= 4343207) AND (k <= 4343307))
	  ->  Bitmap Index Scan on k_2  (cost=0.00..5.44 rows=101 width=0)
	        Index Cond: ((k >= 4343207) AND (k <= 4343307))

table 3 : explain SELECT k, c FROM sbtest3 WHERE k BETWEEN 4343207 AND 4343307
	Bitmap Heap Scan on sbtest3  (cost=5.45..397.25 rows=99 width=125)
	  Recheck Cond: ((k >= 4343207) AND (k <= 4343307))
	  ->  Bitmap Index Scan on k_3  (cost=0.00..5.42 rows=99 width=0)
	        Index Cond: ((k >= 4343207) AND (k <= 4343307))

table 4 : explain SELECT k, c FROM sbtest4 WHERE k BETWEEN 4343207 AND 4343307
	Bitmap Heap Scan on sbtest4  (cost=5.45..397.25 rows=99 width=125)
	  Recheck Cond: ((k >= 4343207) AND (k <= 4343307))
	  ->  Bitmap Index Scan on k_4  (cost=0.00..5.42 rows=99 width=0)
	        Index Cond: ((k >= 4343207) AND (k <= 4343307))

table 5 : explain SELECT k, c FROM sbtest5 WHERE k BETWEEN 4343207 AND 4343307
	Bitmap Heap Scan on sbtest5  (cost=5.45..397.25 rows=99 width=125)
	  Recheck Cond: ((k >= 4343207) AND (k <= 4343307))
	  ->  Bitmap Index Scan on k_5  (cost=0.00..5.42 rows=99 width=0)
	        Index Cond: ((k >= 4343207) AND (k <= 4343307))

table 6 : explain SELECT k, c FROM sbtest6 WHERE k BETWEEN 4343207 AND 4343307
	Bitmap Heap Scan on sbtest6  (cost=5.51..420.88 rows=105 width=125)
	  Recheck Cond: ((k >= 4343207) AND (k <= 4343307))
	  ->  Bitmap Index Scan on k_6  (cost=0.00..5.48 rows=105 width=0)
	        Index Cond: ((k >= 4343207) AND (k <= 4343307))

table 7 : explain SELECT k, c FROM sbtest7 WHERE k BETWEEN 4343207 AND 4343307
	Bitmap Heap Scan on sbtest7  (cost=5.50..416.94 rows=104 width=125)
	  Recheck Cond: ((k >= 4343207) AND (k <= 4343307))
	  ->  Bitmap Index Scan on k_7  (cost=0.00..5.47 rows=104 width=0)
	        Index Cond: ((k >= 4343207) AND (k <= 4343307))

table 8 : explain SELECT k, c FROM sbtest8 WHERE k BETWEEN 4343207 AND 4343307
	Bitmap Heap Scan on sbtest8  (cost=5.48..409.07 rows=102 width=125)
	  Recheck Cond: ((k >= 4343207) AND (k <= 4343307))
	  ->  Bitmap Index Scan on k_8  (cost=0.00..5.45 rows=102 width=0)
	        Index Cond: ((k >= 4343207) AND (k <= 4343307))

explain: for range-notcovered :: explain SELECT k, c FROM sbtest%d WHERE k BETWEEN 8970551 AND 8970651
explain: for range-notcovered :: explain SELECT k, c FROM sbtest%d WHERE k BETWEEN 4343207 AND 4343307
for range-notcovered
table 1 : explain SELECT k, c FROM sbtest1 WHERE k BETWEEN 1679022 AND 1679122
	Bitmap Heap Scan on sbtest1  (cost=5.56..440.56 rows=110 width=125)
	  Recheck Cond: ((k >= 1679022) AND (k <= 1679122))
	  ->  Bitmap Index Scan on k_1  (cost=0.00..5.53 rows=110 width=0)
	        Index Cond: ((k >= 1679022) AND (k <= 1679122))

table 2 : explain SELECT k, c FROM sbtest2 WHERE k BETWEEN 1679022 AND 1679122
	Bitmap Heap Scan on sbtest2  (cost=5.56..440.56 rows=110 width=125)
	  Recheck Cond: ((k >= 1679022) AND (k <= 1679122))
	  ->  Bitmap Index Scan on k_2  (cost=0.00..5.53 rows=110 width=0)
	        Index Cond: ((k >= 1679022) AND (k <= 1679122))

table 3 : explain SELECT k, c FROM sbtest3 WHERE k BETWEEN 1679022 AND 1679122
	Bitmap Heap Scan on sbtest3  (cost=5.52..424.81 rows=106 width=125)
	  Recheck Cond: ((k >= 1679022) AND (k <= 1679122))
	  ->  Bitmap Index Scan on k_3  (cost=0.00..5.50 rows=106 width=0)
	        Index Cond: ((k >= 1679022) AND (k <= 1679122))

table 4 : explain SELECT k, c FROM sbtest4 WHERE k BETWEEN 1679022 AND 1679122
	Bitmap Heap Scan on sbtest4  (cost=5.52..424.81 rows=106 width=125)
	  Recheck Cond: ((k >= 1679022) AND (k <= 1679122))
	  ->  Bitmap Index Scan on k_4  (cost=0.00..5.50 rows=106 width=0)
	        Index Cond: ((k >= 1679022) AND (k <= 1679122))

table 5 : explain SELECT k, c FROM sbtest5 WHERE k BETWEEN 1679022 AND 1679122
	Bitmap Heap Scan on sbtest5  (cost=5.51..420.88 rows=105 width=125)
	  Recheck Cond: ((k >= 1679022) AND (k <= 1679122))
	  ->  Bitmap Index Scan on k_5  (cost=0.00..5.48 rows=105 width=0)
	        Index Cond: ((k >= 1679022) AND (k <= 1679122))

table 6 : explain SELECT k, c FROM sbtest6 WHERE k BETWEEN 1679022 AND 1679122
	Bitmap Heap Scan on sbtest6  (cost=5.57..444.49 rows=111 width=125)
	  Recheck Cond: ((k >= 1679022) AND (k <= 1679122))
	  ->  Bitmap Index Scan on k_6  (cost=0.00..5.54 rows=111 width=0)
	        Index Cond: ((k >= 1679022) AND (k <= 1679122))

table 7 : explain SELECT k, c FROM sbtest7 WHERE k BETWEEN 1679022 AND 1679122
	Bitmap Heap Scan on sbtest7  (cost=5.61..460.22 rows=115 width=125)
	  Recheck Cond: ((k >= 1679022) AND (k <= 1679122))
	  ->  Bitmap Index Scan on k_7  (cost=0.00..5.58 rows=115 width=0)
	        Index Cond: ((k >= 1679022) AND (k <= 1679122))

table 8 : explain SELECT k, c FROM sbtest8 WHERE k BETWEEN 1679022 AND 1679122
	Bitmap Heap Scan on sbtest8  (cost=5.62..464.15 rows=116 width=125)
	  Recheck Cond: ((k >= 1679022) AND (k <= 1679122))
	  ->  Bitmap Index Scan on k_8  (cost=0.00..5.59 rows=116 width=0)
	        Index Cond: ((k >= 1679022) AND (k <= 1679122))

for range-notcovered
table 1 : explain SELECT k, c FROM sbtest1 WHERE k BETWEEN 4545768 AND 4545868
	Bitmap Heap Scan on sbtest1  (cost=5.45..397.25 rows=99 width=125)
	  Recheck Cond: ((k >= 4545768) AND (k <= 4545868))
	  ->  Bitmap Index Scan on k_1  (cost=0.00..5.42 rows=99 width=0)
	        Index Cond: ((k >= 4545768) AND (k <= 4545868))

table 2 : explain SELECT k, c FROM sbtest2 WHERE k BETWEEN 4545768 AND 4545868
	Bitmap Heap Scan on sbtest2  (cost=5.46..401.19 rows=100 width=125)
	  Recheck Cond: ((k >= 4545768) AND (k <= 4545868))
	  ->  Bitmap Index Scan on k_2  (cost=0.00..5.43 rows=100 width=0)
	        Index Cond: ((k >= 4545768) AND (k <= 4545868))

table 3 : explain SELECT k, c FROM sbtest3 WHERE k BETWEEN 4545768 AND 4545868
	Bitmap Heap Scan on sbtest3  (cost=5.43..389.37 rows=97 width=125)
	  Recheck Cond: ((k >= 4545768) AND (k <= 4545868))
	  ->  Bitmap Index Scan on k_3  (cost=0.00..5.40 rows=97 width=0)
	        Index Cond: ((k >= 4545768) AND (k <= 4545868))

table 4 : explain SELECT k, c FROM sbtest4 WHERE k BETWEEN 4545768 AND 4545868
	Bitmap Heap Scan on sbtest4  (cost=5.57..444.49 rows=111 width=125)
	  Recheck Cond: ((k >= 4545768) AND (k <= 4545868))
	  ->  Bitmap Index Scan on k_4  (cost=0.00..5.54 rows=111 width=0)
	        Index Cond: ((k >= 4545768) AND (k <= 4545868))

table 5 : explain SELECT k, c FROM sbtest5 WHERE k BETWEEN 4545768 AND 4545868
	Bitmap Heap Scan on sbtest5  (cost=5.48..409.07 rows=102 width=125)
	  Recheck Cond: ((k >= 4545768) AND (k <= 4545868))
	  ->  Bitmap Index Scan on k_5  (cost=0.00..5.45 rows=102 width=0)
	        Index Cond: ((k >= 4545768) AND (k <= 4545868))

table 6 : explain SELECT k, c FROM sbtest6 WHERE k BETWEEN 4545768 AND 4545868
	Bitmap Heap Scan on sbtest6  (cost=5.56..440.56 rows=110 width=125)
	  Recheck Cond: ((k >= 4545768) AND (k <= 4545868))
	  ->  Bitmap Index Scan on k_6  (cost=0.00..5.53 rows=110 width=0)
	        Index Cond: ((k >= 4545768) AND (k <= 4545868))

table 7 : explain SELECT k, c FROM sbtest7 WHERE k BETWEEN 4545768 AND 4545868
	Bitmap Heap Scan on sbtest7  (cost=5.45..397.25 rows=99 width=125)
	  Recheck Cond: ((k >= 4545768) AND (k <= 4545868))
	  ->  Bitmap Index Scan on k_7  (cost=0.00..5.42 rows=99 width=0)
	        Index Cond: ((k >= 4545768) AND (k <= 4545868))

table 8 : explain SELECT k, c FROM sbtest8 WHERE k BETWEEN 4545768 AND 4545868
	Bitmap Heap Scan on sbtest8  (cost=5.41..381.49 rows=95 width=125)
	  Recheck Cond: ((k >= 4545768) AND (k <= 4545868))
	  ->  Bitmap Index Scan on k_8  (cost=0.00..5.38 rows=95 width=0)
	        Index Cond: ((k >= 4545768) AND (k <= 4545868))

explain: for range-notcovered :: explain SELECT k, c FROM sbtest%d WHERE k BETWEEN 4545768 AND 4545868
for range-notcovered
table 1 : explain SELECT k, c FROM sbtest1 WHERE k BETWEEN 8970551 AND 8970651
	Bitmap Heap Scan on sbtest1  (cost=5.48..409.07 rows=102 width=125)
	  Recheck Cond: ((k >= 8970551) AND (k <= 8970651))
	  ->  Bitmap Index Scan on k_1  (cost=0.00..5.45 rows=102 width=0)
	        Index Cond: ((k >= 8970551) AND (k <= 8970651))

table 2 : explain SELECT k, c FROM sbtest2 WHERE k BETWEEN 8970551 AND 8970651
	Bitmap Heap Scan on sbtest2  (cost=5.48..409.07 rows=102 width=125)
	  Recheck Cond: ((k >= 8970551) AND (k <= 8970651))
	  ->  Bitmap Index Scan on k_2  (cost=0.00..5.45 rows=102 width=0)
	        Index Cond: ((k >= 8970551) AND (k <= 8970651))

table 3 : explain SELECT k, c FROM sbtest3 WHERE k BETWEEN 8970551 AND 8970651
	Bitmap Heap Scan on sbtest3  (cost=5.54..432.69 rows=108 width=125)
	  Recheck Cond: ((k >= 8970551) AND (k <= 8970651))
	  ->  Bitmap Index Scan on k_3  (cost=0.00..5.51 rows=108 width=0)
	        Index Cond: ((k >= 8970551) AND (k <= 8970651))

table 4 : explain SELECT k, c FROM sbtest4 WHERE k BETWEEN 8970551 AND 8970651
	Bitmap Heap Scan on sbtest4  (cost=5.49..413.00 rows=103 width=125)
	  Recheck Cond: ((k >= 8970551) AND (k <= 8970651))
	  ->  Bitmap Index Scan on k_4  (cost=0.00..5.46 rows=103 width=0)
	        Index Cond: ((k >= 8970551) AND (k <= 8970651))

table 5 : explain SELECT k, c FROM sbtest5 WHERE k BETWEEN 8970551 AND 8970651
	Bitmap Heap Scan on sbtest5  (cost=5.50..416.94 rows=104 width=125)
	  Recheck Cond: ((k >= 8970551) AND (k <= 8970651))
	  ->  Bitmap Index Scan on k_5  (cost=0.00..5.47 rows=104 width=0)
	        Index Cond: ((k >= 8970551) AND (k <= 8970651))

table 6 : explain SELECT k, c FROM sbtest6 WHERE k BETWEEN 8970551 AND 8970651
	Bitmap Heap Scan on sbtest6  (cost=5.53..428.75 rows=107 width=125)
	  Recheck Cond: ((k >= 8970551) AND (k <= 8970651))
	  ->  Bitmap Index Scan on k_6  (cost=0.00..5.50 rows=107 width=0)
	        Index Cond: ((k >= 8970551) AND (k <= 8970651))

table 7 : explain SELECT k, c FROM sbtest7 WHERE k BETWEEN 8970551 AND 8970651
	Bitmap Heap Scan on sbtest7  (cost=5.48..409.07 rows=102 width=125)
	  Recheck Cond: ((k >= 8970551) AND (k <= 8970651))
	  ->  Bitmap Index Scan on k_7  (cost=0.00..5.45 rows=102 width=0)
	        Index Cond: ((k >= 8970551) AND (k <= 8970651))

table 8 : explain SELECT k, c FROM sbtest8 WHERE k BETWEEN 8970551 AND 8970651
	Bitmap Heap Scan on sbtest8  (cost=5.52..424.81 rows=106 width=125)
	  Recheck Cond: ((k >= 8970551) AND (k <= 8970651))
	  ->  Bitmap Index Scan on k_8  (cost=0.00..5.50 rows=106 width=0)
	        Index Cond: ((k >= 8970551) AND (k <= 8970651))

explain: for range-notcovered :: explain SELECT k, c FROM sbtest%d WHERE k BETWEEN 8970551 AND 8970651
for range-notcovered
table 1 : explain SELECT k, c FROM sbtest1 WHERE k BETWEEN 4343207 AND 4343307
	Bitmap Heap Scan on sbtest1  (cost=5.55..436.62 rows=109 width=125)
	  Recheck Cond: ((k >= 4343207) AND (k <= 4343307))
	  ->  Bitmap Index Scan on k_1  (cost=0.00..5.52 rows=109 width=0)
	        Index Cond: ((k >= 4343207) AND (k <= 4343307))

table 2 : explain SELECT k, c FROM sbtest2 WHERE k BETWEEN 4343207 AND 4343307
	Bitmap Heap Scan on sbtest2  (cost=5.47..405.13 rows=101 width=125)
	  Recheck Cond: ((k >= 4343207) AND (k <= 4343307))
	  ->  Bitmap Index Scan on k_2  (cost=0.00..5.44 rows=101 width=0)
	        Index Cond: ((k >= 4343207) AND (k <= 4343307))

table 3 : explain SELECT k, c FROM sbtest3 WHERE k BETWEEN 4343207 AND 4343307
	Bitmap Heap Scan on sbtest3  (cost=5.45..397.25 rows=99 width=125)
	  Recheck Cond: ((k >= 4343207) AND (k <= 4343307))
	  ->  Bitmap Index Scan on k_3  (cost=0.00..5.42 rows=99 width=0)
	        Index Cond: ((k >= 4343207) AND (k <= 4343307))

table 4 : explain SELECT k, c FROM sbtest4 WHERE k BETWEEN 4343207 AND 4343307
	Bitmap Heap Scan on sbtest4  (cost=5.45..397.25 rows=99 width=125)
	  Recheck Cond: ((k >= 4343207) AND (k <= 4343307))
	  ->  Bitmap Index Scan on k_4  (cost=0.00..5.42 rows=99 width=0)
	        Index Cond: ((k >= 4343207) AND (k <= 4343307))

table 5 : explain SELECT k, c FROM sbtest5 WHERE k BETWEEN 4343207 AND 4343307
	Bitmap Heap Scan on sbtest5  (cost=5.45..397.25 rows=99 width=125)
	  Recheck Cond: ((k >= 4343207) AND (k <= 4343307))
	  ->  Bitmap Index Scan on k_5  (cost=0.00..5.42 rows=99 width=0)
	        Index Cond: ((k >= 4343207) AND (k <= 4343307))

table 6 : explain SELECT k, c FROM sbtest6 WHERE k BETWEEN 4343207 AND 4343307
	Bitmap Heap Scan on sbtest6  (cost=5.51..420.88 rows=105 width=125)
	  Recheck Cond: ((k >= 4343207) AND (k <= 4343307))
	  ->  Bitmap Index Scan on k_6  (cost=0.00..5.48 rows=105 width=0)
	        Index Cond: ((k >= 4343207) AND (k <= 4343307))

table 7 : explain SELECT k, c FROM sbtest7 WHERE k BETWEEN 4343207 AND 4343307
	Bitmap Heap Scan on sbtest7  (cost=5.50..416.94 rows=104 width=125)
	  Recheck Cond: ((k >= 4343207) AND (k <= 4343307))
	  ->  Bitmap Index Scan on k_7  (cost=0.00..5.47 rows=104 width=0)
	        Index Cond: ((k >= 4343207) AND (k <= 4343307))

table 8 : explain SELECT k, c FROM sbtest8 WHERE k BETWEEN 4343207 AND 4343307
	Bitmap Heap Scan on sbtest8  (cost=5.48..409.07 rows=102 width=125)
	  Recheck Cond: ((k >= 4343207) AND (k <= 4343307))
	  ->  Bitmap Index Scan on k_8  (cost=0.00..5.45 rows=102 width=0)
	        Index Cond: ((k >= 4343207) AND (k <= 4343307))

explain: for range-notcovered :: explain SELECT k, c FROM sbtest%d WHERE k BETWEEN 4343207 AND 4343307
for range-notcovered
table 1 : explain SELECT k, c FROM sbtest1 WHERE k BETWEEN 4545768 AND 4545868
	Bitmap Heap Scan on sbtest1  (cost=5.45..397.25 rows=99 width=125)
	  Recheck Cond: ((k >= 4545768) AND (k <= 4545868))
	  ->  Bitmap Index Scan on k_1  (cost=0.00..5.42 rows=99 width=0)
	        Index Cond: ((k >= 4545768) AND (k <= 4545868))

table 2 : explain SELECT k, c FROM sbtest2 WHERE k BETWEEN 4545768 AND 4545868
	Bitmap Heap Scan on sbtest2  (cost=5.46..401.19 rows=100 width=125)
	  Recheck Cond: ((k >= 4545768) AND (k <= 4545868))
	  ->  Bitmap Index Scan on k_2  (cost=0.00..5.43 rows=100 width=0)
	        Index Cond: ((k >= 4545768) AND (k <= 4545868))

table 3 : explain SELECT k, c FROM sbtest3 WHERE k BETWEEN 4545768 AND 4545868
	Bitmap Heap Scan on sbtest3  (cost=5.43..389.37 rows=97 width=125)
	  Recheck Cond: ((k >= 4545768) AND (k <= 4545868))
	  ->  Bitmap Index Scan on k_3  (cost=0.00..5.40 rows=97 width=0)
	        Index Cond: ((k >= 4545768) AND (k <= 4545868))

table 4 : explain SELECT k, c FROM sbtest4 WHERE k BETWEEN 4545768 AND 4545868
	Bitmap Heap Scan on sbtest4  (cost=5.57..444.49 rows=111 width=125)
	  Recheck Cond: ((k >= 4545768) AND (k <= 4545868))
	  ->  Bitmap Index Scan on k_4  (cost=0.00..5.54 rows=111 width=0)
	        Index Cond: ((k >= 4545768) AND (k <= 4545868))

table 5 : explain SELECT k, c FROM sbtest5 WHERE k BETWEEN 4545768 AND 4545868
	Bitmap Heap Scan on sbtest5  (cost=5.48..409.07 rows=102 width=125)
	  Recheck Cond: ((k >= 4545768) AND (k <= 4545868))
	  ->  Bitmap Index Scan on k_5  (cost=0.00..5.45 rows=102 width=0)
	        Index Cond: ((k >= 4545768) AND (k <= 4545868))

table 6 : explain SELECT k, c FROM sbtest6 WHERE k BETWEEN 4545768 AND 4545868
	Bitmap Heap Scan on sbtest6  (cost=5.56..440.56 rows=110 width=125)
	  Recheck Cond: ((k >= 4545768) AND (k <= 4545868))
	  ->  Bitmap Index Scan on k_6  (cost=0.00..5.53 rows=110 width=0)
	        Index Cond: ((k >= 4545768) AND (k <= 4545868))

table 7 : explain SELECT k, c FROM sbtest7 WHERE k BETWEEN 4545768 AND 4545868
	Bitmap Heap Scan on sbtest7  (cost=5.45..397.25 rows=99 width=125)
	  Recheck Cond: ((k >= 4545768) AND (k <= 4545868))
	  ->  Bitmap Index Scan on k_7  (cost=0.00..5.42 rows=99 width=0)
	        Index Cond: ((k >= 4545768) AND (k <= 4545868))

table 8 : explain SELECT k, c FROM sbtest8 WHERE k BETWEEN 4545768 AND 4545868
	Bitmap Heap Scan on sbtest8  (cost=5.41..381.49 rows=95 width=125)
	  Recheck Cond: ((k >= 4545768) AND (k <= 4545868))
	  ->  Bitmap Index Scan on k_8  (cost=0.00..5.38 rows=95 width=0)
	        Index Cond: ((k >= 4545768) AND (k <= 4545868))

explain: for range-notcovered :: explain SELECT k, c FROM sbtest%d WHERE k BETWEEN 4545768 AND 4545868
explain: for range-notcovered :: explain SELECT k, c FROM sbtest%d WHERE k BETWEEN 4984803 AND 4984903
for range-notcovered
table 1 : explain SELECT k, c FROM sbtest1 WHERE k BETWEEN 4343207 AND 4343307
	Bitmap Heap Scan on sbtest1  (cost=5.55..436.62 rows=109 width=125)
	  Recheck Cond: ((k >= 4343207) AND (k <= 4343307))
	  ->  Bitmap Index Scan on k_1  (cost=0.00..5.52 rows=109 width=0)
	        Index Cond: ((k >= 4343207) AND (k <= 4343307))

table 2 : explain SELECT k, c FROM sbtest2 WHERE k BETWEEN 4343207 AND 4343307
	Bitmap Heap Scan on sbtest2  (cost=5.47..405.13 rows=101 width=125)
	  Recheck Cond: ((k >= 4343207) AND (k <= 4343307))
	  ->  Bitmap Index Scan on k_2  (cost=0.00..5.44 rows=101 width=0)
	        Index Cond: ((k >= 4343207) AND (k <= 4343307))

table 3 : explain SELECT k, c FROM sbtest3 WHERE k BETWEEN 4343207 AND 4343307
	Bitmap Heap Scan on sbtest3  (cost=5.45..397.25 rows=99 width=125)
	  Recheck Cond: ((k >= 4343207) AND (k <= 4343307))
	  ->  Bitmap Index Scan on k_3  (cost=0.00..5.42 rows=99 width=0)
	        Index Cond: ((k >= 4343207) AND (k <= 4343307))

table 4 : explain SELECT k, c FROM sbtest4 WHERE k BETWEEN 4343207 AND 4343307
	Bitmap Heap Scan on sbtest4  (cost=5.45..397.25 rows=99 width=125)
	  Recheck Cond: ((k >= 4343207) AND (k <= 4343307))
	  ->  Bitmap Index Scan on k_4  (cost=0.00..5.42 rows=99 width=0)
	        Index Cond: ((k >= 4343207) AND (k <= 4343307))

table 5 : explain SELECT k, c FROM sbtest5 WHERE k BETWEEN 4343207 AND 4343307
	Bitmap Heap Scan on sbtest5  (cost=5.45..397.25 rows=99 width=125)
	  Recheck Cond: ((k >= 4343207) AND (k <= 4343307))
	  ->  Bitmap Index Scan on k_5  (cost=0.00..5.42 rows=99 width=0)
	        Index Cond: ((k >= 4343207) AND (k <= 4343307))

table 6 : explain SELECT k, c FROM sbtest6 WHERE k BETWEEN 4343207 AND 4343307
	Bitmap Heap Scan on sbtest6  (cost=5.51..420.88 rows=105 width=125)
	  Recheck Cond: ((k >= 4343207) AND (k <= 4343307))
	  ->  Bitmap Index Scan on k_6  (cost=0.00..5.48 rows=105 width=0)
	        Index Cond: ((k >= 4343207) AND (k <= 4343307))

table 7 : explain SELECT k, c FROM sbtest7 WHERE k BETWEEN 4343207 AND 4343307
	Bitmap Heap Scan on sbtest7  (cost=5.50..416.94 rows=104 width=125)
	  Recheck Cond: ((k >= 4343207) AND (k <= 4343307))
	  ->  Bitmap Index Scan on k_7  (cost=0.00..5.47 rows=104 width=0)
	        Index Cond: ((k >= 4343207) AND (k <= 4343307))

table 8 : explain SELECT k, c FROM sbtest8 WHERE k BETWEEN 4343207 AND 4343307
	Bitmap Heap Scan on sbtest8  (cost=5.48..409.07 rows=102 width=125)
	  Recheck Cond: ((k >= 4343207) AND (k <= 4343307))
	  ->  Bitmap Index Scan on k_8  (cost=0.00..5.45 rows=102 width=0)
	        Index Cond: ((k >= 4343207) AND (k <= 4343307))

explain: for range-notcovered :: explain SELECT k, c FROM sbtest%d WHERE k BETWEEN 4343207 AND 4343307
for range-notcovered
table 1 : explain SELECT k, c FROM sbtest1 WHERE k BETWEEN 7116563 AND 7116663
	Bitmap Heap Scan on sbtest1  (cost=5.47..405.13 rows=101 width=125)
	  Recheck Cond: ((k >= 7116563) AND (k <= 7116663))
	  ->  Bitmap Index Scan on k_1  (cost=0.00..5.44 rows=101 width=0)
	        Index Cond: ((k >= 7116563) AND (k <= 7116663))

table 2 : explain SELECT k, c FROM sbtest2 WHERE k BETWEEN 7116563 AND 7116663
	Bitmap Heap Scan on sbtest2  (cost=5.59..452.36 rows=113 width=125)
	  Recheck Cond: ((k >= 7116563) AND (k <= 7116663))
	  ->  Bitmap Index Scan on k_2  (cost=0.00..5.56 rows=113 width=0)
	        Index Cond: ((k >= 7116563) AND (k <= 7116663))

table 3 : explain SELECT k, c FROM sbtest3 WHERE k BETWEEN 7116563 AND 7116663
	Bitmap Heap Scan on sbtest3  (cost=5.31..342.06 rows=85 width=125)
	  Recheck Cond: ((k >= 7116563) AND (k <= 7116663))
	  ->  Bitmap Index Scan on k_3  (cost=0.00..5.28 rows=85 width=0)
	        Index Cond: ((k >= 7116563) AND (k <= 7116663))

table 4 : explain SELECT k, c FROM sbtest4 WHERE k BETWEEN 7116563 AND 7116663
	Bitmap Heap Scan on sbtest4  (cost=5.48..409.07 rows=102 width=125)
	  Recheck Cond: ((k >= 7116563) AND (k <= 7116663))
	  ->  Bitmap Index Scan on k_4  (cost=0.00..5.45 rows=102 width=0)
	        Index Cond: ((k >= 7116563) AND (k <= 7116663))

table 5 : explain SELECT k, c FROM sbtest5 WHERE k BETWEEN 7116563 AND 7116663
	Bitmap Heap Scan on sbtest5  (cost=5.49..413.00 rows=103 width=125)
	  Recheck Cond: ((k >= 7116563) AND (k <= 7116663))
	  ->  Bitmap Index Scan on k_5  (cost=0.00..5.46 rows=103 width=0)
	        Index Cond: ((k >= 7116563) AND (k <= 7116663))

table 6 : explain SELECT k, c FROM sbtest6 WHERE k BETWEEN 7116563 AND 7116663
	Bitmap Heap Scan on sbtest6  (cost=5.47..405.13 rows=101 width=125)
	  Recheck Cond: ((k >= 7116563) AND (k <= 7116663))
	  ->  Bitmap Index Scan on k_6  (cost=0.00..5.44 rows=101 width=0)
	        Index Cond: ((k >= 7116563) AND (k <= 7116663))

table 7 : explain SELECT k, c FROM sbtest7 WHERE k BETWEEN 7116563 AND 7116663
	Bitmap Heap Scan on sbtest7  (cost=5.56..440.56 rows=110 width=125)
	  Recheck Cond: ((k >= 7116563) AND (k <= 7116663))
	  ->  Bitmap Index Scan on k_7  (cost=0.00..5.53 rows=110 width=0)
	        Index Cond: ((k >= 7116563) AND (k <= 7116663))

table 8 : explain SELECT k, c FROM sbtest8 WHERE k BETWEEN 7116563 AND 7116663
	Bitmap Heap Scan on sbtest8  (cost=5.47..405.13 rows=101 width=125)
	  Recheck Cond: ((k >= 7116563) AND (k <= 7116663))
	  ->  Bitmap Index Scan on k_8  (cost=0.00..5.44 rows=101 width=0)
	        Index Cond: ((k >= 7116563) AND (k <= 7116663))

explain: for range-notcovered :: explain SELECT k, c FROM sbtest%d WHERE k BETWEEN 7116563 AND 7116663
for range-notcovered
table 1 : explain SELECT k, c FROM sbtest1 WHERE k BETWEEN 4545768 AND 4545868
	Bitmap Heap Scan on sbtest1  (cost=5.45..397.25 rows=99 width=125)
	  Recheck Cond: ((k >= 4545768) AND (k <= 4545868))
	  ->  Bitmap Index Scan on k_1  (cost=0.00..5.42 rows=99 width=0)
	        Index Cond: ((k >= 4545768) AND (k <= 4545868))

table 2 : explain SELECT k, c FROM sbtest2 WHERE k BETWEEN 4545768 AND 4545868
	Bitmap Heap Scan on sbtest2  (cost=5.46..401.19 rows=100 width=125)
	  Recheck Cond: ((k >= 4545768) AND (k <= 4545868))
	  ->  Bitmap Index Scan on k_2  (cost=0.00..5.43 rows=100 width=0)
	        Index Cond: ((k >= 4545768) AND (k <= 4545868))

table 3 : explain SELECT k, c FROM sbtest3 WHERE k BETWEEN 4545768 AND 4545868
	Bitmap Heap Scan on sbtest3  (cost=5.43..389.37 rows=97 width=125)
	  Recheck Cond: ((k >= 4545768) AND (k <= 4545868))
	  ->  Bitmap Index Scan on k_3  (cost=0.00..5.40 rows=97 width=0)
	        Index Cond: ((k >= 4545768) AND (k <= 4545868))

table 4 : explain SELECT k, c FROM sbtest4 WHERE k BETWEEN 4545768 AND 4545868
	Bitmap Heap Scan on sbtest4  (cost=5.57..444.49 rows=111 width=125)
	  Recheck Cond: ((k >= 4545768) AND (k <= 4545868))
	  ->  Bitmap Index Scan on k_4  (cost=0.00..5.54 rows=111 width=0)
	        Index Cond: ((k >= 4545768) AND (k <= 4545868))

table 5 : explain SELECT k, c FROM sbtest5 WHERE k BETWEEN 4545768 AND 4545868
	Bitmap Heap Scan on sbtest5  (cost=5.48..409.07 rows=102 width=125)
	  Recheck Cond: ((k >= 4545768) AND (k <= 4545868))
	  ->  Bitmap Index Scan on k_5  (cost=0.00..5.45 rows=102 width=0)
	        Index Cond: ((k >= 4545768) AND (k <= 4545868))

table 6 : explain SELECT k, c FROM sbtest6 WHERE k BETWEEN 4545768 AND 4545868
	Bitmap Heap Scan on sbtest6  (cost=5.56..440.56 rows=110 width=125)
	  Recheck Cond: ((k >= 4545768) AND (k <= 4545868))
	  ->  Bitmap Index Scan on k_6  (cost=0.00..5.53 rows=110 width=0)
	        Index Cond: ((k >= 4545768) AND (k <= 4545868))

table 7 : explain SELECT k, c FROM sbtest7 WHERE k BETWEEN 4545768 AND 4545868
	Bitmap Heap Scan on sbtest7  (cost=5.45..397.25 rows=99 width=125)
	  Recheck Cond: ((k >= 4545768) AND (k <= 4545868))
	  ->  Bitmap Index Scan on k_7  (cost=0.00..5.42 rows=99 width=0)
	        Index Cond: ((k >= 4545768) AND (k <= 4545868))

table 8 : explain SELECT k, c FROM sbtest8 WHERE k BETWEEN 4545768 AND 4545868
	Bitmap Heap Scan on sbtest8  (cost=5.41..381.49 rows=95 width=125)
	  Recheck Cond: ((k >= 4545768) AND (k <= 4545868))
	  ->  Bitmap Index Scan on k_8  (cost=0.00..5.38 rows=95 width=0)
	        Index Cond: ((k >= 4545768) AND (k <= 4545868))

explain: for range-notcovered :: explain SELECT k, c FROM sbtest%d WHERE k BETWEEN 4545768 AND 4545868
for range-notcovered
table 1 : explain SELECT k, c FROM sbtest1 WHERE k BETWEEN 4343207 AND 4343307
	Bitmap Heap Scan on sbtest1  (cost=5.55..436.62 rows=109 width=125)
	  Recheck Cond: ((k >= 4343207) AND (k <= 4343307))
	  ->  Bitmap Index Scan on k_1  (cost=0.00..5.52 rows=109 width=0)
	        Index Cond: ((k >= 4343207) AND (k <= 4343307))

table 2 : explain SELECT k, c FROM sbtest2 WHERE k BETWEEN 4343207 AND 4343307
	Bitmap Heap Scan on sbtest2  (cost=5.47..405.13 rows=101 width=125)
	  Recheck Cond: ((k >= 4343207) AND (k <= 4343307))
	  ->  Bitmap Index Scan on k_2  (cost=0.00..5.44 rows=101 width=0)
	        Index Cond: ((k >= 4343207) AND (k <= 4343307))

table 3 : explain SELECT k, c FROM sbtest3 WHERE k BETWEEN 4343207 AND 4343307
	Bitmap Heap Scan on sbtest3  (cost=5.45..397.25 rows=99 width=125)
	  Recheck Cond: ((k >= 4343207) AND (k <= 4343307))
	  ->  Bitmap Index Scan on k_3  (cost=0.00..5.42 rows=99 width=0)
	        Index Cond: ((k >= 4343207) AND (k <= 4343307))

table 4 : explain SELECT k, c FROM sbtest4 WHERE k BETWEEN 4343207 AND 4343307
	Bitmap Heap Scan on sbtest4  (cost=5.45..397.25 rows=99 width=125)
	  Recheck Cond: ((k >= 4343207) AND (k <= 4343307))
	  ->  Bitmap Index Scan on k_4  (cost=0.00..5.42 rows=99 width=0)
	        Index Cond: ((k >= 4343207) AND (k <= 4343307))

table 5 : explain SELECT k, c FROM sbtest5 WHERE k BETWEEN 4343207 AND 4343307
	Bitmap Heap Scan on sbtest5  (cost=5.45..397.25 rows=99 width=125)
	  Recheck Cond: ((k >= 4343207) AND (k <= 4343307))
	  ->  Bitmap Index Scan on k_5  (cost=0.00..5.42 rows=99 width=0)
	        Index Cond: ((k >= 4343207) AND (k <= 4343307))

table 6 : explain SELECT k, c FROM sbtest6 WHERE k BETWEEN 4343207 AND 4343307
	Bitmap Heap Scan on sbtest6  (cost=5.51..420.88 rows=105 width=125)
	  Recheck Cond: ((k >= 4343207) AND (k <= 4343307))
	  ->  Bitmap Index Scan on k_6  (cost=0.00..5.48 rows=105 width=0)
	        Index Cond: ((k >= 4343207) AND (k <= 4343307))

table 7 : explain SELECT k, c FROM sbtest7 WHERE k BETWEEN 4343207 AND 4343307
	Bitmap Heap Scan on sbtest7  (cost=5.50..416.94 rows=104 width=125)
	  Recheck Cond: ((k >= 4343207) AND (k <= 4343307))
	  ->  Bitmap Index Scan on k_7  (cost=0.00..5.47 rows=104 width=0)
	        Index Cond: ((k >= 4343207) AND (k <= 4343307))

table 8 : explain SELECT k, c FROM sbtest8 WHERE k BETWEEN 4343207 AND 4343307
	Bitmap Heap Scan on sbtest8  (cost=5.48..409.07 rows=102 width=125)
	  Recheck Cond: ((k >= 4343207) AND (k <= 4343307))
	  ->  Bitmap Index Scan on k_8  (cost=0.00..5.45 rows=102 width=0)
	        Index Cond: ((k >= 4343207) AND (k <= 4343307))

explain: for range-notcovered :: explain SELECT k, c FROM sbtest%d WHERE k BETWEEN 4343207 AND 4343307
for range-notcovered
table 1 : explain SELECT k, c FROM sbtest1 WHERE k BETWEEN 6986002 AND 6986102
	Bitmap Heap Scan on sbtest1  (cost=5.49..413.00 rows=103 width=125)
	  Recheck Cond: ((k >= 6986002) AND (k <= 6986102))
	  ->  Bitmap Index Scan on k_1  (cost=0.00..5.46 rows=103 width=0)
	        Index Cond: ((k >= 6986002) AND (k <= 6986102))

table 2 : explain SELECT k, c FROM sbtest2 WHERE k BETWEEN 6986002 AND 6986102
	Bitmap Heap Scan on sbtest2  (cost=5.58..448.42 rows=112 width=125)
	  Recheck Cond: ((k >= 6986002) AND (k <= 6986102))
	  ->  Bitmap Index Scan on k_2  (cost=0.00..5.55 rows=112 width=0)
	        Index Cond: ((k >= 6986002) AND (k <= 6986102))

table 3 : explain SELECT k, c FROM sbtest3 WHERE k BETWEEN 6986002 AND 6986102
	Bitmap Heap Scan on sbtest3  (cost=5.60..456.29 rows=114 width=125)
	  Recheck Cond: ((k >= 6986002) AND (k <= 6986102))
	  ->  Bitmap Index Scan on k_3  (cost=0.00..5.58 rows=114 width=0)
	        Index Cond: ((k >= 6986002) AND (k <= 6986102))

table 4 : explain SELECT k, c FROM sbtest4 WHERE k BETWEEN 6986002 AND 6986102
	Bitmap Heap Scan on sbtest4  (cost=5.55..436.62 rows=109 width=125)
	  Recheck Cond: ((k >= 6986002) AND (k <= 6986102))
	  ->  Bitmap Index Scan on k_4  (cost=0.00..5.52 rows=109 width=0)
	        Index Cond: ((k >= 6986002) AND (k <= 6986102))

table 5 : explain SELECT k, c FROM sbtest5 WHERE k BETWEEN 6986002 AND 6986102
	Bitmap Heap Scan on sbtest5  (cost=5.49..413.00 rows=103 width=125)
	  Recheck Cond: ((k >= 6986002) AND (k <= 6986102))
	  ->  Bitmap Index Scan on k_5  (cost=0.00..5.46 rows=103 width=0)
	        Index Cond: ((k >= 6986002) AND (k <= 6986102))

table 6 : explain SELECT k, c FROM sbtest6 WHERE k BETWEEN 6986002 AND 6986102
	Bitmap Heap Scan on sbtest6  (cost=5.37..365.72 rows=91 width=125)
	  Recheck Cond: ((k >= 6986002) AND (k <= 6986102))
	  ->  Bitmap Index Scan on k_6  (cost=0.00..5.34 rows=91 width=0)
	        Index Cond: ((k >= 6986002) AND (k <= 6986102))

table 7 : explain SELECT k, c FROM sbtest7 WHERE k BETWEEN 6986002 AND 6986102
	Bitmap Heap Scan on sbtest7  (cost=5.32..346.00 rows=86 width=125)
	  Recheck Cond: ((k >= 6986002) AND (k <= 6986102))
	  ->  Bitmap Index Scan on k_7  (cost=0.00..5.29 rows=86 width=0)
	        Index Cond: ((k >= 6986002) AND (k <= 6986102))

table 8 : explain SELECT k, c FROM sbtest8 WHERE k BETWEEN 6986002 AND 6986102
	Bitmap Heap Scan on sbtest8  (cost=5.51..420.88 rows=105 width=125)
	  Recheck Cond: ((k >= 6986002) AND (k <= 6986102))
	  ->  Bitmap Index Scan on k_8  (cost=0.00..5.48 rows=105 width=0)
	        Index Cond: ((k >= 6986002) AND (k <= 6986102))

for range-notcovered
table 1 : explain SELECT k, c FROM sbtest1 WHERE k BETWEEN 7116563 AND 7116663
	Bitmap Heap Scan on sbtest1  (cost=5.47..405.13 rows=101 width=125)
	  Recheck Cond: ((k >= 7116563) AND (k <= 7116663))
	  ->  Bitmap Index Scan on k_1  (cost=0.00..5.44 rows=101 width=0)
	        Index Cond: ((k >= 7116563) AND (k <= 7116663))

table 2 : explain SELECT k, c FROM sbtest2 WHERE k BETWEEN 7116563 AND 7116663
	Bitmap Heap Scan on sbtest2  (cost=5.59..452.36 rows=113 width=125)
	  Recheck Cond: ((k >= 7116563) AND (k <= 7116663))
	  ->  Bitmap Index Scan on k_2  (cost=0.00..5.56 rows=113 width=0)
	        Index Cond: ((k >= 7116563) AND (k <= 7116663))

table 3 : explain SELECT k, c FROM sbtest3 WHERE k BETWEEN 7116563 AND 7116663
	Bitmap Heap Scan on sbtest3  (cost=5.31..342.06 rows=85 width=125)
	  Recheck Cond: ((k >= 7116563) AND (k <= 7116663))
	  ->  Bitmap Index Scan on k_3  (cost=0.00..5.28 rows=85 width=0)
	        Index Cond: ((k >= 7116563) AND (k <= 7116663))

table 4 : explain SELECT k, c FROM sbtest4 WHERE k BETWEEN 7116563 AND 7116663
	Bitmap Heap Scan on sbtest4  (cost=5.48..409.07 rows=102 width=125)
	  Recheck Cond: ((k >= 7116563) AND (k <= 7116663))
	  ->  Bitmap Index Scan on k_4  (cost=0.00..5.45 rows=102 width=0)
	        Index Cond: ((k >= 7116563) AND (k <= 7116663))

table 5 : explain SELECT k, c FROM sbtest5 WHERE k BETWEEN 7116563 AND 7116663
	Bitmap Heap Scan on sbtest5  (cost=5.49..413.00 rows=103 width=125)
	  Recheck Cond: ((k >= 7116563) AND (k <= 7116663))
	  ->  Bitmap Index Scan on k_5  (cost=0.00..5.46 rows=103 width=0)
	        Index Cond: ((k >= 7116563) AND (k <= 7116663))

table 6 : explain SELECT k, c FROM sbtest6 WHERE k BETWEEN 7116563 AND 7116663
	Bitmap Heap Scan on sbtest6  (cost=5.47..405.13 rows=101 width=125)
	  Recheck Cond: ((k >= 7116563) AND (k <= 7116663))
	  ->  Bitmap Index Scan on k_6  (cost=0.00..5.44 rows=101 width=0)
	        Index Cond: ((k >= 7116563) AND (k <= 7116663))

table 7 : explain SELECT k, c FROM sbtest7 WHERE k BETWEEN 7116563 AND 7116663
	Bitmap Heap Scan on sbtest7  (cost=5.56..440.56 rows=110 width=125)
	  Recheck Cond: ((k >= 7116563) AND (k <= 7116663))
	  ->  Bitmap Index Scan on k_7  (cost=0.00..5.53 rows=110 width=0)
	        Index Cond: ((k >= 7116563) AND (k <= 7116663))

table 8 : explain SELECT k, c FROM sbtest8 WHERE k BETWEEN 7116563 AND 7116663
	Bitmap Heap Scan on sbtest8  (cost=5.47..405.13 rows=101 width=125)
	  Recheck Cond: ((k >= 7116563) AND (k <= 7116663))
	  ->  Bitmap Index Scan on k_8  (cost=0.00..5.44 rows=101 width=0)
	        Index Cond: ((k >= 7116563) AND (k <= 7116663))

for range-notcovered
table 1 : explain SELECT k, c FROM sbtest1 WHERE k BETWEEN 8970551 AND 8970651
	Bitmap Heap Scan on sbtest1  (cost=5.48..409.07 rows=102 width=125)
	  Recheck Cond: ((k >= 8970551) AND (k <= 8970651))
	  ->  Bitmap Index Scan on k_1  (cost=0.00..5.45 rows=102 width=0)
	        Index Cond: ((k >= 8970551) AND (k <= 8970651))

table 2 : explain SELECT k, c FROM sbtest2 WHERE k BETWEEN 8970551 AND 8970651
	Bitmap Heap Scan on sbtest2  (cost=5.48..409.07 rows=102 width=125)
	  Recheck Cond: ((k >= 8970551) AND (k <= 8970651))
	  ->  Bitmap Index Scan on k_2  (cost=0.00..5.45 rows=102 width=0)
	        Index Cond: ((k >= 8970551) AND (k <= 8970651))

table 3 : explain SELECT k, c FROM sbtest3 WHERE k BETWEEN 8970551 AND 8970651
	Bitmap Heap Scan on sbtest3  (cost=5.54..432.69 rows=108 width=125)
	  Recheck Cond: ((k >= 8970551) AND (k <= 8970651))
	  ->  Bitmap Index Scan on k_3  (cost=0.00..5.51 rows=108 width=0)
	        Index Cond: ((k >= 8970551) AND (k <= 8970651))

table 4 : explain SELECT k, c FROM sbtest4 WHERE k BETWEEN 8970551 AND 8970651
	Bitmap Heap Scan on sbtest4  (cost=5.49..413.00 rows=103 width=125)
	  Recheck Cond: ((k >= 8970551) AND (k <= 8970651))
	  ->  Bitmap Index Scan on k_4  (cost=0.00..5.46 rows=103 width=0)
	        Index Cond: ((k >= 8970551) AND (k <= 8970651))

table 5 : explain SELECT k, c FROM sbtest5 WHERE k BETWEEN 8970551 AND 8970651
	Bitmap Heap Scan on sbtest5  (cost=5.50..416.94 rows=104 width=125)
	  Recheck Cond: ((k >= 8970551) AND (k <= 8970651))
	  ->  Bitmap Index Scan on k_5  (cost=0.00..5.47 rows=104 width=0)
	        Index Cond: ((k >= 8970551) AND (k <= 8970651))

table 6 : explain SELECT k, c FROM sbtest6 WHERE k BETWEEN 8970551 AND 8970651
	Bitmap Heap Scan on sbtest6  (cost=5.53..428.75 rows=107 width=125)
	  Recheck Cond: ((k >= 8970551) AND (k <= 8970651))
	  ->  Bitmap Index Scan on k_6  (cost=0.00..5.50 rows=107 width=0)
	        Index Cond: ((k >= 8970551) AND (k <= 8970651))

table 7 : explain SELECT k, c FROM sbtest7 WHERE k BETWEEN 8970551 AND 8970651
	Bitmap Heap Scan on sbtest7  (cost=5.48..409.07 rows=102 width=125)
	  Recheck Cond: ((k >= 8970551) AND (k <= 8970651))
	  ->  Bitmap Index Scan on k_7  (cost=0.00..5.45 rows=102 width=0)
	        Index Cond: ((k >= 8970551) AND (k <= 8970651))

table 8 : explain SELECT k, c FROM sbtest8 WHERE k BETWEEN 8970551 AND 8970651
	Bitmap Heap Scan on sbtest8  (cost=5.52..424.81 rows=106 width=125)
	  Recheck Cond: ((k >= 8970551) AND (k <= 8970651))
	  ->  Bitmap Index Scan on k_8  (cost=0.00..5.50 rows=106 width=0)
	        Index Cond: ((k >= 8970551) AND (k <= 8970651))

for range-notcovered
table 1 : explain SELECT k, c FROM sbtest1 WHERE k BETWEEN 5114158 AND 5114258
	Bitmap Heap Scan on sbtest1  (cost=5.49..413.00 rows=103 width=125)
	  Recheck Cond: ((k >= 5114158) AND (k <= 5114258))
	  ->  Bitmap Index Scan on k_1  (cost=0.00..5.46 rows=103 width=0)
	        Index Cond: ((k >= 5114158) AND (k <= 5114258))

table 2 : explain SELECT k, c FROM sbtest2 WHERE k BETWEEN 5114158 AND 5114258
	Bitmap Heap Scan on sbtest2  (cost=5.41..381.49 rows=95 width=125)
	  Recheck Cond: ((k >= 5114158) AND (k <= 5114258))
	  ->  Bitmap Index Scan on k_2  (cost=0.00..5.38 rows=95 width=0)
	        Index Cond: ((k >= 5114158) AND (k <= 5114258))

table 3 : explain SELECT k, c FROM sbtest3 WHERE k BETWEEN 5114158 AND 5114258
	Bitmap Heap Scan on sbtest3  (cost=5.46..401.19 rows=100 width=125)
	  Recheck Cond: ((k >= 5114158) AND (k <= 5114258))
	  ->  Bitmap Index Scan on k_3  (cost=0.00..5.43 rows=100 width=0)
	        Index Cond: ((k >= 5114158) AND (k <= 5114258))

table 4 : explain SELECT k, c FROM sbtest4 WHERE k BETWEEN 5114158 AND 5114258
	Bitmap Heap Scan on sbtest4  (cost=5.49..413.00 rows=103 width=125)
	  Recheck Cond: ((k >= 5114158) AND (k <= 5114258))
	  ->  Bitmap Index Scan on k_4  (cost=0.00..5.46 rows=103 width=0)
	        Index Cond: ((k >= 5114158) AND (k <= 5114258))

table 5 : explain SELECT k, c FROM sbtest5 WHERE k BETWEEN 5114158 AND 5114258
	Bitmap Heap Scan on sbtest5  (cost=5.38..369.67 rows=92 width=125)
	  Recheck Cond: ((k >= 5114158) AND (k <= 5114258))
	  ->  Bitmap Index Scan on k_5  (cost=0.00..5.35 rows=92 width=0)
	        Index Cond: ((k >= 5114158) AND (k <= 5114258))

table 6 : explain SELECT k, c FROM sbtest6 WHERE k BETWEEN 5114158 AND 5114258
	Bitmap Heap Scan on sbtest6  (cost=5.44..393.31 rows=98 width=125)
	  Recheck Cond: ((k >= 5114158) AND (k <= 5114258))
	  ->  Bitmap Index Scan on k_6  (cost=0.00..5.42 rows=98 width=0)
	        Index Cond: ((k >= 5114158) AND (k <= 5114258))

table 7 : explain SELECT k, c FROM sbtest7 WHERE k BETWEEN 5114158 AND 5114258
	Bitmap Heap Scan on sbtest7  (cost=5.49..413.00 rows=103 width=125)
	  Recheck Cond: ((k >= 5114158) AND (k <= 5114258))
	  ->  Bitmap Index Scan on k_7  (cost=0.00..5.46 rows=103 width=0)
	        Index Cond: ((k >= 5114158) AND (k <= 5114258))

table 8 : explain SELECT k, c FROM sbtest8 WHERE k BETWEEN 5114158 AND 5114258
	Bitmap Heap Scan on sbtest8  (cost=5.43..389.37 rows=97 width=125)
	  Recheck Cond: ((k >= 5114158) AND (k <= 5114258))
	  ->  Bitmap Index Scan on k_8  (cost=0.00..5.40 rows=97 width=0)
	        Index Cond: ((k >= 5114158) AND (k <= 5114258))

explain: for range-notcovered :: explain SELECT k, c FROM sbtest%d WHERE k BETWEEN 7116563 AND 7116663
explain: for range-notcovered :: explain SELECT k, c FROM sbtest%d WHERE k BETWEEN 8970551 AND 8970651
explain: for range-notcovered :: explain SELECT k, c FROM sbtest%d WHERE k BETWEEN 5114158 AND 5114258
explain: for range-notcovered :: explain SELECT k, c FROM sbtest%d WHERE k BETWEEN 7935945 AND 7936045
for range-notcovered
table 1 : explain SELECT k, c FROM sbtest1 WHERE k BETWEEN 4545768 AND 4545868
	Bitmap Heap Scan on sbtest1  (cost=5.45..397.25 rows=99 width=125)
	  Recheck Cond: ((k >= 4545768) AND (k <= 4545868))
	  ->  Bitmap Index Scan on k_1  (cost=0.00..5.42 rows=99 width=0)
	        Index Cond: ((k >= 4545768) AND (k <= 4545868))

table 2 : explain SELECT k, c FROM sbtest2 WHERE k BETWEEN 4545768 AND 4545868
	Bitmap Heap Scan on sbtest2  (cost=5.46..401.19 rows=100 width=125)
	  Recheck Cond: ((k >= 4545768) AND (k <= 4545868))
	  ->  Bitmap Index Scan on k_2  (cost=0.00..5.43 rows=100 width=0)
	        Index Cond: ((k >= 4545768) AND (k <= 4545868))

table 3 : explain SELECT k, c FROM sbtest3 WHERE k BETWEEN 4545768 AND 4545868
	Bitmap Heap Scan on sbtest3  (cost=5.43..389.37 rows=97 width=125)
	  Recheck Cond: ((k >= 4545768) AND (k <= 4545868))
	  ->  Bitmap Index Scan on k_3  (cost=0.00..5.40 rows=97 width=0)
	        Index Cond: ((k >= 4545768) AND (k <= 4545868))

table 4 : explain SELECT k, c FROM sbtest4 WHERE k BETWEEN 4545768 AND 4545868
	Bitmap Heap Scan on sbtest4  (cost=5.57..444.49 rows=111 width=125)
	  Recheck Cond: ((k >= 4545768) AND (k <= 4545868))
	  ->  Bitmap Index Scan on k_4  (cost=0.00..5.54 rows=111 width=0)
	        Index Cond: ((k >= 4545768) AND (k <= 4545868))

table 5 : explain SELECT k, c FROM sbtest5 WHERE k BETWEEN 4545768 AND 4545868
	Bitmap Heap Scan on sbtest5  (cost=5.48..409.07 rows=102 width=125)
	  Recheck Cond: ((k >= 4545768) AND (k <= 4545868))
	  ->  Bitmap Index Scan on k_5  (cost=0.00..5.45 rows=102 width=0)
	        Index Cond: ((k >= 4545768) AND (k <= 4545868))

table 6 : explain SELECT k, c FROM sbtest6 WHERE k BETWEEN 4545768 AND 4545868
	Bitmap Heap Scan on sbtest6  (cost=5.56..440.56 rows=110 width=125)
	  Recheck Cond: ((k >= 4545768) AND (k <= 4545868))
	  ->  Bitmap Index Scan on k_6  (cost=0.00..5.53 rows=110 width=0)
	        Index Cond: ((k >= 4545768) AND (k <= 4545868))

table 7 : explain SELECT k, c FROM sbtest7 WHERE k BETWEEN 4545768 AND 4545868
	Bitmap Heap Scan on sbtest7  (cost=5.45..397.25 rows=99 width=125)
	  Recheck Cond: ((k >= 4545768) AND (k <= 4545868))
	  ->  Bitmap Index Scan on k_7  (cost=0.00..5.42 rows=99 width=0)
	        Index Cond: ((k >= 4545768) AND (k <= 4545868))

table 8 : explain SELECT k, c FROM sbtest8 WHERE k BETWEEN 4545768 AND 4545868
	Bitmap Heap Scan on sbtest8  (cost=5.41..381.49 rows=95 width=125)
	  Recheck Cond: ((k >= 4545768) AND (k <= 4545868))
	  ->  Bitmap Index Scan on k_8  (cost=0.00..5.38 rows=95 width=0)
	        Index Cond: ((k >= 4545768) AND (k <= 4545868))

for range-notcovered
table 1 : explain SELECT k, c FROM sbtest1 WHERE k BETWEEN 8970551 AND 8970651
	Bitmap Heap Scan on sbtest1  (cost=5.48..409.07 rows=102 width=125)
	  Recheck Cond: ((k >= 8970551) AND (k <= 8970651))
	  ->  Bitmap Index Scan on k_1  (cost=0.00..5.45 rows=102 width=0)
	        Index Cond: ((k >= 8970551) AND (k <= 8970651))

table 2 : explain SELECT k, c FROM sbtest2 WHERE k BETWEEN 8970551 AND 8970651
	Bitmap Heap Scan on sbtest2  (cost=5.48..409.07 rows=102 width=125)
	  Recheck Cond: ((k >= 8970551) AND (k <= 8970651))
	  ->  Bitmap Index Scan on k_2  (cost=0.00..5.45 rows=102 width=0)
	        Index Cond: ((k >= 8970551) AND (k <= 8970651))

table 3 : explain SELECT k, c FROM sbtest3 WHERE k BETWEEN 8970551 AND 8970651
	Bitmap Heap Scan on sbtest3  (cost=5.54..432.69 rows=108 width=125)
	  Recheck Cond: ((k >= 8970551) AND (k <= 8970651))
	  ->  Bitmap Index Scan on k_3  (cost=0.00..5.51 rows=108 width=0)
	        Index Cond: ((k >= 8970551) AND (k <= 8970651))

table 4 : explain SELECT k, c FROM sbtest4 WHERE k BETWEEN 8970551 AND 8970651
	Bitmap Heap Scan on sbtest4  (cost=5.49..413.00 rows=103 width=125)
	  Recheck Cond: ((k >= 8970551) AND (k <= 8970651))
	  ->  Bitmap Index Scan on k_4  (cost=0.00..5.46 rows=103 width=0)
	        Index Cond: ((k >= 8970551) AND (k <= 8970651))

table 5 : explain SELECT k, c FROM sbtest5 WHERE k BETWEEN 8970551 AND 8970651
	Bitmap Heap Scan on sbtest5  (cost=5.50..416.94 rows=104 width=125)
	  Recheck Cond: ((k >= 8970551) AND (k <= 8970651))
	  ->  Bitmap Index Scan on k_5  (cost=0.00..5.47 rows=104 width=0)
	        Index Cond: ((k >= 8970551) AND (k <= 8970651))

table 6 : explain SELECT k, c FROM sbtest6 WHERE k BETWEEN 8970551 AND 8970651
	Bitmap Heap Scan on sbtest6  (cost=5.53..428.75 rows=107 width=125)
	  Recheck Cond: ((k >= 8970551) AND (k <= 8970651))
	  ->  Bitmap Index Scan on k_6  (cost=0.00..5.50 rows=107 width=0)
	        Index Cond: ((k >= 8970551) AND (k <= 8970651))

table 7 : explain SELECT k, c FROM sbtest7 WHERE k BETWEEN 8970551 AND 8970651
	Bitmap Heap Scan on sbtest7  (cost=5.48..409.07 rows=102 width=125)
	  Recheck Cond: ((k >= 8970551) AND (k <= 8970651))
	  ->  Bitmap Index Scan on k_7  (cost=0.00..5.45 rows=102 width=0)
	        Index Cond: ((k >= 8970551) AND (k <= 8970651))

table 8 : explain SELECT k, c FROM sbtest8 WHERE k BETWEEN 8970551 AND 8970651
	Bitmap Heap Scan on sbtest8  (cost=5.52..424.81 rows=106 width=125)
	  Recheck Cond: ((k >= 8970551) AND (k <= 8970651))
	  ->  Bitmap Index Scan on k_8  (cost=0.00..5.50 rows=106 width=0)
	        Index Cond: ((k >= 8970551) AND (k <= 8970651))

explain: for range-notcovered :: explain SELECT k, c FROM sbtest%d WHERE k BETWEEN 8970551 AND 8970651
for range-notcovered
table 1 : explain SELECT k, c FROM sbtest1 WHERE k BETWEEN 5114158 AND 5114258
	Bitmap Heap Scan on sbtest1  (cost=5.49..413.00 rows=103 width=125)
	  Recheck Cond: ((k >= 5114158) AND (k <= 5114258))
	  ->  Bitmap Index Scan on k_1  (cost=0.00..5.46 rows=103 width=0)
	        Index Cond: ((k >= 5114158) AND (k <= 5114258))

table 2 : explain SELECT k, c FROM sbtest2 WHERE k BETWEEN 5114158 AND 5114258
	Bitmap Heap Scan on sbtest2  (cost=5.41..381.49 rows=95 width=125)
	  Recheck Cond: ((k >= 5114158) AND (k <= 5114258))
	  ->  Bitmap Index Scan on k_2  (cost=0.00..5.38 rows=95 width=0)
	        Index Cond: ((k >= 5114158) AND (k <= 5114258))

table 3 : explain SELECT k, c FROM sbtest3 WHERE k BETWEEN 5114158 AND 5114258
	Bitmap Heap Scan on sbtest3  (cost=5.46..401.19 rows=100 width=125)
	  Recheck Cond: ((k >= 5114158) AND (k <= 5114258))
	  ->  Bitmap Index Scan on k_3  (cost=0.00..5.43 rows=100 width=0)
	        Index Cond: ((k >= 5114158) AND (k <= 5114258))

table 4 : explain SELECT k, c FROM sbtest4 WHERE k BETWEEN 5114158 AND 5114258
	Bitmap Heap Scan on sbtest4  (cost=5.49..413.00 rows=103 width=125)
	  Recheck Cond: ((k >= 5114158) AND (k <= 5114258))
	  ->  Bitmap Index Scan on k_4  (cost=0.00..5.46 rows=103 width=0)
	        Index Cond: ((k >= 5114158) AND (k <= 5114258))

table 5 : explain SELECT k, c FROM sbtest5 WHERE k BETWEEN 5114158 AND 5114258
	Bitmap Heap Scan on sbtest5  (cost=5.38..369.67 rows=92 width=125)
	  Recheck Cond: ((k >= 5114158) AND (k <= 5114258))
	  ->  Bitmap Index Scan on k_5  (cost=0.00..5.35 rows=92 width=0)
	        Index Cond: ((k >= 5114158) AND (k <= 5114258))

table 6 : explain SELECT k, c FROM sbtest6 WHERE k BETWEEN 5114158 AND 5114258
	Bitmap Heap Scan on sbtest6  (cost=5.44..393.31 rows=98 width=125)
	  Recheck Cond: ((k >= 5114158) AND (k <= 5114258))
	  ->  Bitmap Index Scan on k_6  (cost=0.00..5.42 rows=98 width=0)
	        Index Cond: ((k >= 5114158) AND (k <= 5114258))

table 7 : explain SELECT k, c FROM sbtest7 WHERE k BETWEEN 5114158 AND 5114258
	Bitmap Heap Scan on sbtest7  (cost=5.49..413.00 rows=103 width=125)
	  Recheck Cond: ((k >= 5114158) AND (k <= 5114258))
	  ->  Bitmap Index Scan on k_7  (cost=0.00..5.46 rows=103 width=0)
	        Index Cond: ((k >= 5114158) AND (k <= 5114258))

table 8 : explain SELECT k, c FROM sbtest8 WHERE k BETWEEN 5114158 AND 5114258
	Bitmap Heap Scan on sbtest8  (cost=5.43..389.37 rows=97 width=125)
	  Recheck Cond: ((k >= 5114158) AND (k <= 5114258))
	  ->  Bitmap Index Scan on k_8  (cost=0.00..5.40 rows=97 width=0)
	        Index Cond: ((k >= 5114158) AND (k <= 5114258))

explain: for range-notcovered :: explain SELECT k, c FROM sbtest%d WHERE k BETWEEN 5114158 AND 5114258
for range-notcovered
table 1 : explain SELECT k, c FROM sbtest1 WHERE k BETWEEN 7116563 AND 7116663
	Bitmap Heap Scan on sbtest1  (cost=5.47..405.13 rows=101 width=125)
	  Recheck Cond: ((k >= 7116563) AND (k <= 7116663))
	  ->  Bitmap Index Scan on k_1  (cost=0.00..5.44 rows=101 width=0)
	        Index Cond: ((k >= 7116563) AND (k <= 7116663))

table 2 : explain SELECT k, c FROM sbtest2 WHERE k BETWEEN 7116563 AND 7116663
	Bitmap Heap Scan on sbtest2  (cost=5.59..452.36 rows=113 width=125)
	  Recheck Cond: ((k >= 7116563) AND (k <= 7116663))
	  ->  Bitmap Index Scan on k_2  (cost=0.00..5.56 rows=113 width=0)
	        Index Cond: ((k >= 7116563) AND (k <= 7116663))

table 3 : explain SELECT k, c FROM sbtest3 WHERE k BETWEEN 7116563 AND 7116663
	Bitmap Heap Scan on sbtest3  (cost=5.31..342.06 rows=85 width=125)
	  Recheck Cond: ((k >= 7116563) AND (k <= 7116663))
	  ->  Bitmap Index Scan on k_3  (cost=0.00..5.28 rows=85 width=0)
	        Index Cond: ((k >= 7116563) AND (k <= 7116663))

table 4 : explain SELECT k, c FROM sbtest4 WHERE k BETWEEN 7116563 AND 7116663
	Bitmap Heap Scan on sbtest4  (cost=5.48..409.07 rows=102 width=125)
	  Recheck Cond: ((k >= 7116563) AND (k <= 7116663))
	  ->  Bitmap Index Scan on k_4  (cost=0.00..5.45 rows=102 width=0)
	        Index Cond: ((k >= 7116563) AND (k <= 7116663))

table 5 : explain SELECT k, c FROM sbtest5 WHERE k BETWEEN 7116563 AND 7116663
	Bitmap Heap Scan on sbtest5  (cost=5.49..413.00 rows=103 width=125)
	  Recheck Cond: ((k >= 7116563) AND (k <= 7116663))
	  ->  Bitmap Index Scan on k_5  (cost=0.00..5.46 rows=103 width=0)
	        Index Cond: ((k >= 7116563) AND (k <= 7116663))

table 6 : explain SELECT k, c FROM sbtest6 WHERE k BETWEEN 7116563 AND 7116663
	Bitmap Heap Scan on sbtest6  (cost=5.47..405.13 rows=101 width=125)
	  Recheck Cond: ((k >= 7116563) AND (k <= 7116663))
	  ->  Bitmap Index Scan on k_6  (cost=0.00..5.44 rows=101 width=0)
	        Index Cond: ((k >= 7116563) AND (k <= 7116663))

table 7 : explain SELECT k, c FROM sbtest7 WHERE k BETWEEN 7116563 AND 7116663
	Bitmap Heap Scan on sbtest7  (cost=5.56..440.56 rows=110 width=125)
	  Recheck Cond: ((k >= 7116563) AND (k <= 7116663))
	  ->  Bitmap Index Scan on k_7  (cost=0.00..5.53 rows=110 width=0)
	        Index Cond: ((k >= 7116563) AND (k <= 7116663))

table 8 : explain SELECT k, c FROM sbtest8 WHERE k BETWEEN 7116563 AND 7116663
	Bitmap Heap Scan on sbtest8  (cost=5.47..405.13 rows=101 width=125)
	  Recheck Cond: ((k >= 7116563) AND (k <= 7116663))
	  ->  Bitmap Index Scan on k_8  (cost=0.00..5.44 rows=101 width=0)
	        Index Cond: ((k >= 7116563) AND (k <= 7116663))

explain: for range-notcovered :: explain SELECT k, c FROM sbtest%d WHERE k BETWEEN 7116563 AND 7116663
explain: for range-notcovered :: explain SELECT k, c FROM sbtest%d WHERE k BETWEEN 4545768 AND 4545868
for range-notcovered
table 1 : explain SELECT k, c FROM sbtest1 WHERE k BETWEEN 8970551 AND 8970651
	Bitmap Heap Scan on sbtest1  (cost=5.48..409.07 rows=102 width=125)
	  Recheck Cond: ((k >= 8970551) AND (k <= 8970651))
	  ->  Bitmap Index Scan on k_1  (cost=0.00..5.45 rows=102 width=0)
	        Index Cond: ((k >= 8970551) AND (k <= 8970651))

table 2 : explain SELECT k, c FROM sbtest2 WHERE k BETWEEN 8970551 AND 8970651
	Bitmap Heap Scan on sbtest2  (cost=5.48..409.07 rows=102 width=125)
	  Recheck Cond: ((k >= 8970551) AND (k <= 8970651))
	  ->  Bitmap Index Scan on k_2  (cost=0.00..5.45 rows=102 width=0)
	        Index Cond: ((k >= 8970551) AND (k <= 8970651))

table 3 : explain SELECT k, c FROM sbtest3 WHERE k BETWEEN 8970551 AND 8970651
	Bitmap Heap Scan on sbtest3  (cost=5.54..432.69 rows=108 width=125)
	  Recheck Cond: ((k >= 8970551) AND (k <= 8970651))
	  ->  Bitmap Index Scan on k_3  (cost=0.00..5.51 rows=108 width=0)
	        Index Cond: ((k >= 8970551) AND (k <= 8970651))

table 4 : explain SELECT k, c FROM sbtest4 WHERE k BETWEEN 8970551 AND 8970651
	Bitmap Heap Scan on sbtest4  (cost=5.49..413.00 rows=103 width=125)
	  Recheck Cond: ((k >= 8970551) AND (k <= 8970651))
	  ->  Bitmap Index Scan on k_4  (cost=0.00..5.46 rows=103 width=0)
	        Index Cond: ((k >= 8970551) AND (k <= 8970651))

table 5 : explain SELECT k, c FROM sbtest5 WHERE k BETWEEN 8970551 AND 8970651
	Bitmap Heap Scan on sbtest5  (cost=5.50..416.94 rows=104 width=125)
	  Recheck Cond: ((k >= 8970551) AND (k <= 8970651))
	  ->  Bitmap Index Scan on k_5  (cost=0.00..5.47 rows=104 width=0)
	        Index Cond: ((k >= 8970551) AND (k <= 8970651))

table 6 : explain SELECT k, c FROM sbtest6 WHERE k BETWEEN 8970551 AND 8970651
	Bitmap Heap Scan on sbtest6  (cost=5.53..428.75 rows=107 width=125)
	  Recheck Cond: ((k >= 8970551) AND (k <= 8970651))
	  ->  Bitmap Index Scan on k_6  (cost=0.00..5.50 rows=107 width=0)
	        Index Cond: ((k >= 8970551) AND (k <= 8970651))

table 7 : explain SELECT k, c FROM sbtest7 WHERE k BETWEEN 8970551 AND 8970651
	Bitmap Heap Scan on sbtest7  (cost=5.48..409.07 rows=102 width=125)
	  Recheck Cond: ((k >= 8970551) AND (k <= 8970651))
	  ->  Bitmap Index Scan on k_7  (cost=0.00..5.45 rows=102 width=0)
	        Index Cond: ((k >= 8970551) AND (k <= 8970651))

table 8 : explain SELECT k, c FROM sbtest8 WHERE k BETWEEN 8970551 AND 8970651
	Bitmap Heap Scan on sbtest8  (cost=5.52..424.81 rows=106 width=125)
	  Recheck Cond: ((k >= 8970551) AND (k <= 8970651))
	  ->  Bitmap Index Scan on k_8  (cost=0.00..5.50 rows=106 width=0)
	        Index Cond: ((k >= 8970551) AND (k <= 8970651))

for range-notcovered
table 1 : explain SELECT k, c FROM sbtest1 WHERE k BETWEEN 5114158 AND 5114258
	Bitmap Heap Scan on sbtest1  (cost=5.49..413.00 rows=103 width=125)
	  Recheck Cond: ((k >= 5114158) AND (k <= 5114258))
	  ->  Bitmap Index Scan on k_1  (cost=0.00..5.46 rows=103 width=0)
	        Index Cond: ((k >= 5114158) AND (k <= 5114258))

table 2 : explain SELECT k, c FROM sbtest2 WHERE k BETWEEN 5114158 AND 5114258
	Bitmap Heap Scan on sbtest2  (cost=5.41..381.49 rows=95 width=125)
	  Recheck Cond: ((k >= 5114158) AND (k <= 5114258))
	  ->  Bitmap Index Scan on k_2  (cost=0.00..5.38 rows=95 width=0)
	        Index Cond: ((k >= 5114158) AND (k <= 5114258))

table 3 : explain SELECT k, c FROM sbtest3 WHERE k BETWEEN 5114158 AND 5114258
	Bitmap Heap Scan on sbtest3  (cost=5.46..401.19 rows=100 width=125)
	  Recheck Cond: ((k >= 5114158) AND (k <= 5114258))
	  ->  Bitmap Index Scan on k_3  (cost=0.00..5.43 rows=100 width=0)
	        Index Cond: ((k >= 5114158) AND (k <= 5114258))

table 4 : explain SELECT k, c FROM sbtest4 WHERE k BETWEEN 5114158 AND 5114258
	Bitmap Heap Scan on sbtest4  (cost=5.49..413.00 rows=103 width=125)
	  Recheck Cond: ((k >= 5114158) AND (k <= 5114258))
	  ->  Bitmap Index Scan on k_4  (cost=0.00..5.46 rows=103 width=0)
	        Index Cond: ((k >= 5114158) AND (k <= 5114258))

table 5 : explain SELECT k, c FROM sbtest5 WHERE k BETWEEN 5114158 AND 5114258
	Bitmap Heap Scan on sbtest5  (cost=5.38..369.67 rows=92 width=125)
	  Recheck Cond: ((k >= 5114158) AND (k <= 5114258))
	  ->  Bitmap Index Scan on k_5  (cost=0.00..5.35 rows=92 width=0)
	        Index Cond: ((k >= 5114158) AND (k <= 5114258))

table 6 : explain SELECT k, c FROM sbtest6 WHERE k BETWEEN 5114158 AND 5114258
	Bitmap Heap Scan on sbtest6  (cost=5.44..393.31 rows=98 width=125)
	  Recheck Cond: ((k >= 5114158) AND (k <= 5114258))
	  ->  Bitmap Index Scan on k_6  (cost=0.00..5.42 rows=98 width=0)
	        Index Cond: ((k >= 5114158) AND (k <= 5114258))

table 7 : explain SELECT k, c FROM sbtest7 WHERE k BETWEEN 5114158 AND 5114258
	Bitmap Heap Scan on sbtest7  (cost=5.49..413.00 rows=103 width=125)
	  Recheck Cond: ((k >= 5114158) AND (k <= 5114258))
	  ->  Bitmap Index Scan on k_7  (cost=0.00..5.46 rows=103 width=0)
	        Index Cond: ((k >= 5114158) AND (k <= 5114258))

table 8 : explain SELECT k, c FROM sbtest8 WHERE k BETWEEN 5114158 AND 5114258
	Bitmap Heap Scan on sbtest8  (cost=5.43..389.37 rows=97 width=125)
	  Recheck Cond: ((k >= 5114158) AND (k <= 5114258))
	  ->  Bitmap Index Scan on k_8  (cost=0.00..5.40 rows=97 width=0)
	        Index Cond: ((k >= 5114158) AND (k <= 5114258))

explain: for range-notcovered :: explain SELECT k, c FROM sbtest%d WHERE k BETWEEN 4279758 AND 4279858
explain: for range-notcovered :: explain SELECT k, c FROM sbtest%d WHERE k BETWEEN 5114158 AND 5114258
for range-notcovered
table 1 : explain SELECT k, c FROM sbtest1 WHERE k BETWEEN 4343207 AND 4343307
	Bitmap Heap Scan on sbtest1  (cost=5.55..436.62 rows=109 width=125)
	  Recheck Cond: ((k >= 4343207) AND (k <= 4343307))
	  ->  Bitmap Index Scan on k_1  (cost=0.00..5.52 rows=109 width=0)
	        Index Cond: ((k >= 4343207) AND (k <= 4343307))

table 2 : explain SELECT k, c FROM sbtest2 WHERE k BETWEEN 4343207 AND 4343307
	Bitmap Heap Scan on sbtest2  (cost=5.47..405.13 rows=101 width=125)
	  Recheck Cond: ((k >= 4343207) AND (k <= 4343307))
	  ->  Bitmap Index Scan on k_2  (cost=0.00..5.44 rows=101 width=0)
	        Index Cond: ((k >= 4343207) AND (k <= 4343307))

table 3 : explain SELECT k, c FROM sbtest3 WHERE k BETWEEN 4343207 AND 4343307
	Bitmap Heap Scan on sbtest3  (cost=5.45..397.25 rows=99 width=125)
	  Recheck Cond: ((k >= 4343207) AND (k <= 4343307))
	  ->  Bitmap Index Scan on k_3  (cost=0.00..5.42 rows=99 width=0)
	        Index Cond: ((k >= 4343207) AND (k <= 4343307))

table 4 : explain SELECT k, c FROM sbtest4 WHERE k BETWEEN 4343207 AND 4343307
	Bitmap Heap Scan on sbtest4  (cost=5.45..397.25 rows=99 width=125)
	  Recheck Cond: ((k >= 4343207) AND (k <= 4343307))
	  ->  Bitmap Index Scan on k_4  (cost=0.00..5.42 rows=99 width=0)
	        Index Cond: ((k >= 4343207) AND (k <= 4343307))

table 5 : explain SELECT k, c FROM sbtest5 WHERE k BETWEEN 4343207 AND 4343307
	Bitmap Heap Scan on sbtest5  (cost=5.45..397.25 rows=99 width=125)
	  Recheck Cond: ((k >= 4343207) AND (k <= 4343307))
	  ->  Bitmap Index Scan on k_5  (cost=0.00..5.42 rows=99 width=0)
	        Index Cond: ((k >= 4343207) AND (k <= 4343307))

table 6 : explain SELECT k, c FROM sbtest6 WHERE k BETWEEN 4343207 AND 4343307
	Bitmap Heap Scan on sbtest6  (cost=5.51..420.88 rows=105 width=125)
	  Recheck Cond: ((k >= 4343207) AND (k <= 4343307))
	  ->  Bitmap Index Scan on k_6  (cost=0.00..5.48 rows=105 width=0)
	        Index Cond: ((k >= 4343207) AND (k <= 4343307))

table 7 : explain SELECT k, c FROM sbtest7 WHERE k BETWEEN 4343207 AND 4343307
	Bitmap Heap Scan on sbtest7  (cost=5.50..416.94 rows=104 width=125)
	  Recheck Cond: ((k >= 4343207) AND (k <= 4343307))
	  ->  Bitmap Index Scan on k_7  (cost=0.00..5.47 rows=104 width=0)
	        Index Cond: ((k >= 4343207) AND (k <= 4343307))

table 8 : explain SELECT k, c FROM sbtest8 WHERE k BETWEEN 4343207 AND 4343307
	Bitmap Heap Scan on sbtest8  (cost=5.48..409.07 rows=102 width=125)
	  Recheck Cond: ((k >= 4343207) AND (k <= 4343307))
	  ->  Bitmap Index Scan on k_8  (cost=0.00..5.45 rows=102 width=0)
	        Index Cond: ((k >= 4343207) AND (k <= 4343307))

for range-notcovered
table 1 : explain SELECT k, c FROM sbtest1 WHERE k BETWEEN 4545768 AND 4545868
	Bitmap Heap Scan on sbtest1  (cost=5.45..397.25 rows=99 width=125)
	  Recheck Cond: ((k >= 4545768) AND (k <= 4545868))
	  ->  Bitmap Index Scan on k_1  (cost=0.00..5.42 rows=99 width=0)
	        Index Cond: ((k >= 4545768) AND (k <= 4545868))

table 2 : explain SELECT k, c FROM sbtest2 WHERE k BETWEEN 4545768 AND 4545868
	Bitmap Heap Scan on sbtest2  (cost=5.46..401.19 rows=100 width=125)
	  Recheck Cond: ((k >= 4545768) AND (k <= 4545868))
	  ->  Bitmap Index Scan on k_2  (cost=0.00..5.43 rows=100 width=0)
	        Index Cond: ((k >= 4545768) AND (k <= 4545868))

table 3 : explain SELECT k, c FROM sbtest3 WHERE k BETWEEN 4545768 AND 4545868
	Bitmap Heap Scan on sbtest3  (cost=5.43..389.37 rows=97 width=125)
	  Recheck Cond: ((k >= 4545768) AND (k <= 4545868))
	  ->  Bitmap Index Scan on k_3  (cost=0.00..5.40 rows=97 width=0)
	        Index Cond: ((k >= 4545768) AND (k <= 4545868))

table 4 : explain SELECT k, c FROM sbtest4 WHERE k BETWEEN 4545768 AND 4545868
	Bitmap Heap Scan on sbtest4  (cost=5.57..444.49 rows=111 width=125)
	  Recheck Cond: ((k >= 4545768) AND (k <= 4545868))
	  ->  Bitmap Index Scan on k_4  (cost=0.00..5.54 rows=111 width=0)
	        Index Cond: ((k >= 4545768) AND (k <= 4545868))

table 5 : explain SELECT k, c FROM sbtest5 WHERE k BETWEEN 4545768 AND 4545868
	Bitmap Heap Scan on sbtest5  (cost=5.48..409.07 rows=102 width=125)
	  Recheck Cond: ((k >= 4545768) AND (k <= 4545868))
	  ->  Bitmap Index Scan on k_5  (cost=0.00..5.45 rows=102 width=0)
	        Index Cond: ((k >= 4545768) AND (k <= 4545868))

table 6 : explain SELECT k, c FROM sbtest6 WHERE k BETWEEN 4545768 AND 4545868
	Bitmap Heap Scan on sbtest6  (cost=5.56..440.56 rows=110 width=125)
	  Recheck Cond: ((k >= 4545768) AND (k <= 4545868))
	  ->  Bitmap Index Scan on k_6  (cost=0.00..5.53 rows=110 width=0)
	        Index Cond: ((k >= 4545768) AND (k <= 4545868))

table 7 : explain SELECT k, c FROM sbtest7 WHERE k BETWEEN 4545768 AND 4545868
	Bitmap Heap Scan on sbtest7  (cost=5.45..397.25 rows=99 width=125)
	  Recheck Cond: ((k >= 4545768) AND (k <= 4545868))
	  ->  Bitmap Index Scan on k_7  (cost=0.00..5.42 rows=99 width=0)
	        Index Cond: ((k >= 4545768) AND (k <= 4545868))

table 8 : explain SELECT k, c FROM sbtest8 WHERE k BETWEEN 4545768 AND 4545868
	Bitmap Heap Scan on sbtest8  (cost=5.41..381.49 rows=95 width=125)
	  Recheck Cond: ((k >= 4545768) AND (k <= 4545868))
	  ->  Bitmap Index Scan on k_8  (cost=0.00..5.38 rows=95 width=0)
	        Index Cond: ((k >= 4545768) AND (k <= 4545868))

explain: for range-notcovered :: explain SELECT k, c FROM sbtest%d WHERE k BETWEEN 4545768 AND 4545868
explain: for range-notcovered :: explain SELECT k, c FROM sbtest%d WHERE k BETWEEN 8970551 AND 8970651
for range-notcovered
table 1 : explain SELECT k, c FROM sbtest1 WHERE k BETWEEN 5314059 AND 5314159
	Bitmap Heap Scan on sbtest1  (cost=5.39..373.61 rows=93 width=125)
	  Recheck Cond: ((k >= 5314059) AND (k <= 5314159))
	  ->  Bitmap Index Scan on k_1  (cost=0.00..5.36 rows=93 width=0)
	        Index Cond: ((k >= 5314059) AND (k <= 5314159))

table 2 : explain SELECT k, c FROM sbtest2 WHERE k BETWEEN 5314059 AND 5314159
	Bitmap Heap Scan on sbtest2  (cost=5.48..409.07 rows=102 width=125)
	  Recheck Cond: ((k >= 5314059) AND (k <= 5314159))
	  ->  Bitmap Index Scan on k_2  (cost=0.00..5.45 rows=102 width=0)
	        Index Cond: ((k >= 5314059) AND (k <= 5314159))

table 3 : explain SELECT k, c FROM sbtest3 WHERE k BETWEEN 5314059 AND 5314159
	Bitmap Heap Scan on sbtest3  (cost=5.57..444.49 rows=111 width=125)
	  Recheck Cond: ((k >= 5314059) AND (k <= 5314159))
	  ->  Bitmap Index Scan on k_3  (cost=0.00..5.54 rows=111 width=0)
	        Index Cond: ((k >= 5314059) AND (k <= 5314159))

table 4 : explain SELECT k, c FROM sbtest4 WHERE k BETWEEN 5314059 AND 5314159
	Bitmap Heap Scan on sbtest4  (cost=5.40..377.55 rows=94 width=125)
	  Recheck Cond: ((k >= 5314059) AND (k <= 5314159))
	  ->  Bitmap Index Scan on k_4  (cost=0.00..5.38 rows=94 width=0)
	        Index Cond: ((k >= 5314059) AND (k <= 5314159))

table 5 : explain SELECT k, c FROM sbtest5 WHERE k BETWEEN 5314059 AND 5314159
	Bitmap Heap Scan on sbtest5  (cost=5.46..401.19 rows=100 width=125)
	  Recheck Cond: ((k >= 5314059) AND (k <= 5314159))
	  ->  Bitmap Index Scan on k_5  (cost=0.00..5.43 rows=100 width=0)
	        Index Cond: ((k >= 5314059) AND (k <= 5314159))

table 6 : explain SELECT k, c FROM sbtest6 WHERE k BETWEEN 5314059 AND 5314159
	Bitmap Heap Scan on sbtest6  (cost=5.48..409.07 rows=102 width=125)
	  Recheck Cond: ((k >= 5314059) AND (k <= 5314159))
	  ->  Bitmap Index Scan on k_6  (cost=0.00..5.45 rows=102 width=0)
	        Index Cond: ((k >= 5314059) AND (k <= 5314159))

table 7 : explain SELECT k, c FROM sbtest7 WHERE k BETWEEN 5314059 AND 5314159
	Bitmap Heap Scan on sbtest7  (cost=5.45..397.25 rows=99 width=125)
	  Recheck Cond: ((k >= 5314059) AND (k <= 5314159))
	  ->  Bitmap Index Scan on k_7  (cost=0.00..5.42 rows=99 width=0)
	        Index Cond: ((k >= 5314059) AND (k <= 5314159))

table 8 : explain SELECT k, c FROM sbtest8 WHERE k BETWEEN 5314059 AND 5314159
	Bitmap Heap Scan on sbtest8  (cost=5.45..397.25 rows=99 width=125)
	  Recheck Cond: ((k >= 5314059) AND (k <= 5314159))
	  ->  Bitmap Index Scan on k_8  (cost=0.00..5.42 rows=99 width=0)
	        Index Cond: ((k >= 5314059) AND (k <= 5314159))

explain: for range-notcovered :: explain SELECT k, c FROM sbtest%d WHERE k BETWEEN 5314059 AND 5314159
explain: for range-notcovered :: explain SELECT k, c FROM sbtest%d WHERE k BETWEEN 3981026 AND 3981126
for range-notcovered
table 1 : explain SELECT k, c FROM sbtest1 WHERE k BETWEEN 7116563 AND 7116663
	Bitmap Heap Scan on sbtest1  (cost=5.47..405.13 rows=101 width=125)
	  Recheck Cond: ((k >= 7116563) AND (k <= 7116663))
	  ->  Bitmap Index Scan on k_1  (cost=0.00..5.44 rows=101 width=0)
	        Index Cond: ((k >= 7116563) AND (k <= 7116663))

table 2 : explain SELECT k, c FROM sbtest2 WHERE k BETWEEN 7116563 AND 7116663
	Bitmap Heap Scan on sbtest2  (cost=5.59..452.36 rows=113 width=125)
	  Recheck Cond: ((k >= 7116563) AND (k <= 7116663))
	  ->  Bitmap Index Scan on k_2  (cost=0.00..5.56 rows=113 width=0)
	        Index Cond: ((k >= 7116563) AND (k <= 7116663))

table 3 : explain SELECT k, c FROM sbtest3 WHERE k BETWEEN 7116563 AND 7116663
	Bitmap Heap Scan on sbtest3  (cost=5.31..342.06 rows=85 width=125)
	  Recheck Cond: ((k >= 7116563) AND (k <= 7116663))
	  ->  Bitmap Index Scan on k_3  (cost=0.00..5.28 rows=85 width=0)
	        Index Cond: ((k >= 7116563) AND (k <= 7116663))

table 4 : explain SELECT k, c FROM sbtest4 WHERE k BETWEEN 7116563 AND 7116663
	Bitmap Heap Scan on sbtest4  (cost=5.48..409.07 rows=102 width=125)
	  Recheck Cond: ((k >= 7116563) AND (k <= 7116663))
	  ->  Bitmap Index Scan on k_4  (cost=0.00..5.45 rows=102 width=0)
	        Index Cond: ((k >= 7116563) AND (k <= 7116663))

table 5 : explain SELECT k, c FROM sbtest5 WHERE k BETWEEN 7116563 AND 7116663
	Bitmap Heap Scan on sbtest5  (cost=5.49..413.00 rows=103 width=125)
	  Recheck Cond: ((k >= 7116563) AND (k <= 7116663))
	  ->  Bitmap Index Scan on k_5  (cost=0.00..5.46 rows=103 width=0)
	        Index Cond: ((k >= 7116563) AND (k <= 7116663))

table 6 : explain SELECT k, c FROM sbtest6 WHERE k BETWEEN 7116563 AND 7116663
	Bitmap Heap Scan on sbtest6  (cost=5.47..405.13 rows=101 width=125)
	  Recheck Cond: ((k >= 7116563) AND (k <= 7116663))
	  ->  Bitmap Index Scan on k_6  (cost=0.00..5.44 rows=101 width=0)
	        Index Cond: ((k >= 7116563) AND (k <= 7116663))

table 7 : explain SELECT k, c FROM sbtest7 WHERE k BETWEEN 7116563 AND 7116663
	Bitmap Heap Scan on sbtest7  (cost=5.56..440.56 rows=110 width=125)
	  Recheck Cond: ((k >= 7116563) AND (k <= 7116663))
	  ->  Bitmap Index Scan on k_7  (cost=0.00..5.53 rows=110 width=0)
	        Index Cond: ((k >= 7116563) AND (k <= 7116663))

table 8 : explain SELECT k, c FROM sbtest8 WHERE k BETWEEN 7116563 AND 7116663
	Bitmap Heap Scan on sbtest8  (cost=5.47..405.13 rows=101 width=125)
	  Recheck Cond: ((k >= 7116563) AND (k <= 7116663))
	  ->  Bitmap Index Scan on k_8  (cost=0.00..5.44 rows=101 width=0)
	        Index Cond: ((k >= 7116563) AND (k <= 7116663))

explain: for range-notcovered :: explain SELECT k, c FROM sbtest%d WHERE k BETWEEN 7116563 AND 7116663
for range-notcovered
table 1 : explain SELECT k, c FROM sbtest1 WHERE k BETWEEN 8970551 AND 8970651
	Bitmap Heap Scan on sbtest1  (cost=5.48..409.07 rows=102 width=125)
	  Recheck Cond: ((k >= 8970551) AND (k <= 8970651))
	  ->  Bitmap Index Scan on k_1  (cost=0.00..5.45 rows=102 width=0)
	        Index Cond: ((k >= 8970551) AND (k <= 8970651))

table 2 : explain SELECT k, c FROM sbtest2 WHERE k BETWEEN 8970551 AND 8970651
	Bitmap Heap Scan on sbtest2  (cost=5.48..409.07 rows=102 width=125)
	  Recheck Cond: ((k >= 8970551) AND (k <= 8970651))
	  ->  Bitmap Index Scan on k_2  (cost=0.00..5.45 rows=102 width=0)
	        Index Cond: ((k >= 8970551) AND (k <= 8970651))

table 3 : explain SELECT k, c FROM sbtest3 WHERE k BETWEEN 8970551 AND 8970651
	Bitmap Heap Scan on sbtest3  (cost=5.54..432.69 rows=108 width=125)
	  Recheck Cond: ((k >= 8970551) AND (k <= 8970651))
	  ->  Bitmap Index Scan on k_3  (cost=0.00..5.51 rows=108 width=0)
	        Index Cond: ((k >= 8970551) AND (k <= 8970651))

table 4 : explain SELECT k, c FROM sbtest4 WHERE k BETWEEN 8970551 AND 8970651
	Bitmap Heap Scan on sbtest4  (cost=5.49..413.00 rows=103 width=125)
	  Recheck Cond: ((k >= 8970551) AND (k <= 8970651))
	  ->  Bitmap Index Scan on k_4  (cost=0.00..5.46 rows=103 width=0)
	        Index Cond: ((k >= 8970551) AND (k <= 8970651))

table 5 : explain SELECT k, c FROM sbtest5 WHERE k BETWEEN 8970551 AND 8970651
	Bitmap Heap Scan on sbtest5  (cost=5.50..416.94 rows=104 width=125)
	  Recheck Cond: ((k >= 8970551) AND (k <= 8970651))
	  ->  Bitmap Index Scan on k_5  (cost=0.00..5.47 rows=104 width=0)
	        Index Cond: ((k >= 8970551) AND (k <= 8970651))

table 6 : explain SELECT k, c FROM sbtest6 WHERE k BETWEEN 8970551 AND 8970651
	Bitmap Heap Scan on sbtest6  (cost=5.53..428.75 rows=107 width=125)
	  Recheck Cond: ((k >= 8970551) AND (k <= 8970651))
	  ->  Bitmap Index Scan on k_6  (cost=0.00..5.50 rows=107 width=0)
	        Index Cond: ((k >= 8970551) AND (k <= 8970651))

table 7 : explain SELECT k, c FROM sbtest7 WHERE k BETWEEN 8970551 AND 8970651
	Bitmap Heap Scan on sbtest7  (cost=5.48..409.07 rows=102 width=125)
	  Recheck Cond: ((k >= 8970551) AND (k <= 8970651))
	  ->  Bitmap Index Scan on k_7  (cost=0.00..5.45 rows=102 width=0)
	        Index Cond: ((k >= 8970551) AND (k <= 8970651))

table 8 : explain SELECT k, c FROM sbtest8 WHERE k BETWEEN 8970551 AND 8970651
	Bitmap Heap Scan on sbtest8  (cost=5.52..424.81 rows=106 width=125)
	  Recheck Cond: ((k >= 8970551) AND (k <= 8970651))
	  ->  Bitmap Index Scan on k_8  (cost=0.00..5.50 rows=106 width=0)
	        Index Cond: ((k >= 8970551) AND (k <= 8970651))

explain: for range-notcovered :: explain SELECT k, c FROM sbtest%d WHERE k BETWEEN 8970551 AND 8970651
for range-notcovered
table 1 : explain SELECT k, c FROM sbtest1 WHERE k BETWEEN 5314059 AND 5314159
	Bitmap Heap Scan on sbtest1  (cost=5.39..373.61 rows=93 width=125)
	  Recheck Cond: ((k >= 5314059) AND (k <= 5314159))
	  ->  Bitmap Index Scan on k_1  (cost=0.00..5.36 rows=93 width=0)
	        Index Cond: ((k >= 5314059) AND (k <= 5314159))

table 2 : explain SELECT k, c FROM sbtest2 WHERE k BETWEEN 5314059 AND 5314159
	Bitmap Heap Scan on sbtest2  (cost=5.48..409.07 rows=102 width=125)
	  Recheck Cond: ((k >= 5314059) AND (k <= 5314159))
	  ->  Bitmap Index Scan on k_2  (cost=0.00..5.45 rows=102 width=0)
	        Index Cond: ((k >= 5314059) AND (k <= 5314159))

table 3 : explain SELECT k, c FROM sbtest3 WHERE k BETWEEN 5314059 AND 5314159
	Bitmap Heap Scan on sbtest3  (cost=5.57..444.49 rows=111 width=125)
	  Recheck Cond: ((k >= 5314059) AND (k <= 5314159))
	  ->  Bitmap Index Scan on k_3  (cost=0.00..5.54 rows=111 width=0)
	        Index Cond: ((k >= 5314059) AND (k <= 5314159))

table 4 : explain SELECT k, c FROM sbtest4 WHERE k BETWEEN 5314059 AND 5314159
	Bitmap Heap Scan on sbtest4  (cost=5.40..377.55 rows=94 width=125)
	  Recheck Cond: ((k >= 5314059) AND (k <= 5314159))
	  ->  Bitmap Index Scan on k_4  (cost=0.00..5.38 rows=94 width=0)
	        Index Cond: ((k >= 5314059) AND (k <= 5314159))

table 5 : explain SELECT k, c FROM sbtest5 WHERE k BETWEEN 5314059 AND 5314159
	Bitmap Heap Scan on sbtest5  (cost=5.46..401.19 rows=100 width=125)
	  Recheck Cond: ((k >= 5314059) AND (k <= 5314159))
	  ->  Bitmap Index Scan on k_5  (cost=0.00..5.43 rows=100 width=0)
	        Index Cond: ((k >= 5314059) AND (k <= 5314159))

table 6 : explain SELECT k, c FROM sbtest6 WHERE k BETWEEN 5314059 AND 5314159
	Bitmap Heap Scan on sbtest6  (cost=5.48..409.07 rows=102 width=125)
	  Recheck Cond: ((k >= 5314059) AND (k <= 5314159))
	  ->  Bitmap Index Scan on k_6  (cost=0.00..5.45 rows=102 width=0)
	        Index Cond: ((k >= 5314059) AND (k <= 5314159))

table 7 : explain SELECT k, c FROM sbtest7 WHERE k BETWEEN 5314059 AND 5314159
	Bitmap Heap Scan on sbtest7  (cost=5.45..397.25 rows=99 width=125)
	  Recheck Cond: ((k >= 5314059) AND (k <= 5314159))
	  ->  Bitmap Index Scan on k_7  (cost=0.00..5.42 rows=99 width=0)
	        Index Cond: ((k >= 5314059) AND (k <= 5314159))

table 8 : explain SELECT k, c FROM sbtest8 WHERE k BETWEEN 5314059 AND 5314159
	Bitmap Heap Scan on sbtest8  (cost=5.45..397.25 rows=99 width=125)
	  Recheck Cond: ((k >= 5314059) AND (k <= 5314159))
	  ->  Bitmap Index Scan on k_8  (cost=0.00..5.42 rows=99 width=0)
	        Index Cond: ((k >= 5314059) AND (k <= 5314159))

explain: for range-notcovered :: explain SELECT k, c FROM sbtest%d WHERE k BETWEEN 5314059 AND 5314159
for range-notcovered
table 1 : explain SELECT k, c FROM sbtest1 WHERE k BETWEEN 5114158 AND 5114258
	Bitmap Heap Scan on sbtest1  (cost=5.49..413.00 rows=103 width=125)
	  Recheck Cond: ((k >= 5114158) AND (k <= 5114258))
	  ->  Bitmap Index Scan on k_1  (cost=0.00..5.46 rows=103 width=0)
	        Index Cond: ((k >= 5114158) AND (k <= 5114258))

table 2 : explain SELECT k, c FROM sbtest2 WHERE k BETWEEN 5114158 AND 5114258
	Bitmap Heap Scan on sbtest2  (cost=5.41..381.49 rows=95 width=125)
	  Recheck Cond: ((k >= 5114158) AND (k <= 5114258))
	  ->  Bitmap Index Scan on k_2  (cost=0.00..5.38 rows=95 width=0)
	        Index Cond: ((k >= 5114158) AND (k <= 5114258))

table 3 : explain SELECT k, c FROM sbtest3 WHERE k BETWEEN 5114158 AND 5114258
	Bitmap Heap Scan on sbtest3  (cost=5.46..401.19 rows=100 width=125)
	  Recheck Cond: ((k >= 5114158) AND (k <= 5114258))
	  ->  Bitmap Index Scan on k_3  (cost=0.00..5.43 rows=100 width=0)
	        Index Cond: ((k >= 5114158) AND (k <= 5114258))

table 4 : explain SELECT k, c FROM sbtest4 WHERE k BETWEEN 5114158 AND 5114258
	Bitmap Heap Scan on sbtest4  (cost=5.49..413.00 rows=103 width=125)
	  Recheck Cond: ((k >= 5114158) AND (k <= 5114258))
	  ->  Bitmap Index Scan on k_4  (cost=0.00..5.46 rows=103 width=0)
	        Index Cond: ((k >= 5114158) AND (k <= 5114258))

table 5 : explain SELECT k, c FROM sbtest5 WHERE k BETWEEN 5114158 AND 5114258
	Bitmap Heap Scan on sbtest5  (cost=5.38..369.67 rows=92 width=125)
	  Recheck Cond: ((k >= 5114158) AND (k <= 5114258))
	  ->  Bitmap Index Scan on k_5  (cost=0.00..5.35 rows=92 width=0)
	        Index Cond: ((k >= 5114158) AND (k <= 5114258))

table 6 : explain SELECT k, c FROM sbtest6 WHERE k BETWEEN 5114158 AND 5114258
	Bitmap Heap Scan on sbtest6  (cost=5.44..393.31 rows=98 width=125)
	  Recheck Cond: ((k >= 5114158) AND (k <= 5114258))
	  ->  Bitmap Index Scan on k_6  (cost=0.00..5.42 rows=98 width=0)
	        Index Cond: ((k >= 5114158) AND (k <= 5114258))

table 7 : explain SELECT k, c FROM sbtest7 WHERE k BETWEEN 5114158 AND 5114258
	Bitmap Heap Scan on sbtest7  (cost=5.49..413.00 rows=103 width=125)
	  Recheck Cond: ((k >= 5114158) AND (k <= 5114258))
	  ->  Bitmap Index Scan on k_7  (cost=0.00..5.46 rows=103 width=0)
	        Index Cond: ((k >= 5114158) AND (k <= 5114258))

table 8 : explain SELECT k, c FROM sbtest8 WHERE k BETWEEN 5114158 AND 5114258
	Bitmap Heap Scan on sbtest8  (cost=5.43..389.37 rows=97 width=125)
	  Recheck Cond: ((k >= 5114158) AND (k <= 5114258))
	  ->  Bitmap Index Scan on k_8  (cost=0.00..5.40 rows=97 width=0)
	        Index Cond: ((k >= 5114158) AND (k <= 5114258))

explain: for range-notcovered :: explain SELECT k, c FROM sbtest%d WHERE k BETWEEN 5114158 AND 5114258
explain: for range-notcovered :: explain SELECT k, c FROM sbtest%d WHERE k BETWEEN 3138599 AND 3138699
for range-notcovered
table 1 : explain SELECT k, c FROM sbtest1 WHERE k BETWEEN 4545768 AND 4545868
	Bitmap Heap Scan on sbtest1  (cost=5.45..397.25 rows=99 width=125)
	  Recheck Cond: ((k >= 4545768) AND (k <= 4545868))
	  ->  Bitmap Index Scan on k_1  (cost=0.00..5.42 rows=99 width=0)
	        Index Cond: ((k >= 4545768) AND (k <= 4545868))

table 2 : explain SELECT k, c FROM sbtest2 WHERE k BETWEEN 4545768 AND 4545868
	Bitmap Heap Scan on sbtest2  (cost=5.46..401.19 rows=100 width=125)
	  Recheck Cond: ((k >= 4545768) AND (k <= 4545868))
	  ->  Bitmap Index Scan on k_2  (cost=0.00..5.43 rows=100 width=0)
	        Index Cond: ((k >= 4545768) AND (k <= 4545868))

table 3 : explain SELECT k, c FROM sbtest3 WHERE k BETWEEN 4545768 AND 4545868
	Bitmap Heap Scan on sbtest3  (cost=5.43..389.37 rows=97 width=125)
	  Recheck Cond: ((k >= 4545768) AND (k <= 4545868))
	  ->  Bitmap Index Scan on k_3  (cost=0.00..5.40 rows=97 width=0)
	        Index Cond: ((k >= 4545768) AND (k <= 4545868))

table 4 : explain SELECT k, c FROM sbtest4 WHERE k BETWEEN 4545768 AND 4545868
	Bitmap Heap Scan on sbtest4  (cost=5.57..444.49 rows=111 width=125)
	  Recheck Cond: ((k >= 4545768) AND (k <= 4545868))
	  ->  Bitmap Index Scan on k_4  (cost=0.00..5.54 rows=111 width=0)
	        Index Cond: ((k >= 4545768) AND (k <= 4545868))

table 5 : explain SELECT k, c FROM sbtest5 WHERE k BETWEEN 4545768 AND 4545868
	Bitmap Heap Scan on sbtest5  (cost=5.48..409.07 rows=102 width=125)
	  Recheck Cond: ((k >= 4545768) AND (k <= 4545868))
	  ->  Bitmap Index Scan on k_5  (cost=0.00..5.45 rows=102 width=0)
	        Index Cond: ((k >= 4545768) AND (k <= 4545868))

table 6 : explain SELECT k, c FROM sbtest6 WHERE k BETWEEN 4545768 AND 4545868
	Bitmap Heap Scan on sbtest6  (cost=5.56..440.56 rows=110 width=125)
	  Recheck Cond: ((k >= 4545768) AND (k <= 4545868))
	  ->  Bitmap Index Scan on k_6  (cost=0.00..5.53 rows=110 width=0)
	        Index Cond: ((k >= 4545768) AND (k <= 4545868))

table 7 : explain SELECT k, c FROM sbtest7 WHERE k BETWEEN 4545768 AND 4545868
	Bitmap Heap Scan on sbtest7  (cost=5.45..397.25 rows=99 width=125)
	  Recheck Cond: ((k >= 4545768) AND (k <= 4545868))
	  ->  Bitmap Index Scan on k_7  (cost=0.00..5.42 rows=99 width=0)
	        Index Cond: ((k >= 4545768) AND (k <= 4545868))

table 8 : explain SELECT k, c FROM sbtest8 WHERE k BETWEEN 4545768 AND 4545868
	Bitmap Heap Scan on sbtest8  (cost=5.41..381.49 rows=95 width=125)
	  Recheck Cond: ((k >= 4545768) AND (k <= 4545868))
	  ->  Bitmap Index Scan on k_8  (cost=0.00..5.38 rows=95 width=0)
	        Index Cond: ((k >= 4545768) AND (k <= 4545868))

for range-notcovered
table 1 : explain SELECT k, c FROM sbtest1 WHERE k BETWEEN 8970551 AND 8970651
	Bitmap Heap Scan on sbtest1  (cost=5.48..409.07 rows=102 width=125)
	  Recheck Cond: ((k >= 8970551) AND (k <= 8970651))
	  ->  Bitmap Index Scan on k_1  (cost=0.00..5.45 rows=102 width=0)
	        Index Cond: ((k >= 8970551) AND (k <= 8970651))

table 2 : explain SELECT k, c FROM sbtest2 WHERE k BETWEEN 8970551 AND 8970651
	Bitmap Heap Scan on sbtest2  (cost=5.48..409.07 rows=102 width=125)
	  Recheck Cond: ((k >= 8970551) AND (k <= 8970651))
	  ->  Bitmap Index Scan on k_2  (cost=0.00..5.45 rows=102 width=0)
	        Index Cond: ((k >= 8970551) AND (k <= 8970651))

table 3 : explain SELECT k, c FROM sbtest3 WHERE k BETWEEN 8970551 AND 8970651
	Bitmap Heap Scan on sbtest3  (cost=5.54..432.69 rows=108 width=125)
	  Recheck Cond: ((k >= 8970551) AND (k <= 8970651))
	  ->  Bitmap Index Scan on k_3  (cost=0.00..5.51 rows=108 width=0)
	        Index Cond: ((k >= 8970551) AND (k <= 8970651))

table 4 : explain SELECT k, c FROM sbtest4 WHERE k BETWEEN 8970551 AND 8970651
	Bitmap Heap Scan on sbtest4  (cost=5.49..413.00 rows=103 width=125)
	  Recheck Cond: ((k >= 8970551) AND (k <= 8970651))
	  ->  Bitmap Index Scan on k_4  (cost=0.00..5.46 rows=103 width=0)
	        Index Cond: ((k >= 8970551) AND (k <= 8970651))

table 5 : explain SELECT k, c FROM sbtest5 WHERE k BETWEEN 8970551 AND 8970651
	Bitmap Heap Scan on sbtest5  (cost=5.50..416.94 rows=104 width=125)
	  Recheck Cond: ((k >= 8970551) AND (k <= 8970651))
	  ->  Bitmap Index Scan on k_5  (cost=0.00..5.47 rows=104 width=0)
	        Index Cond: ((k >= 8970551) AND (k <= 8970651))

table 6 : explain SELECT k, c FROM sbtest6 WHERE k BETWEEN 8970551 AND 8970651
	Bitmap Heap Scan on sbtest6  (cost=5.53..428.75 rows=107 width=125)
	  Recheck Cond: ((k >= 8970551) AND (k <= 8970651))
	  ->  Bitmap Index Scan on k_6  (cost=0.00..5.50 rows=107 width=0)
	        Index Cond: ((k >= 8970551) AND (k <= 8970651))

table 7 : explain SELECT k, c FROM sbtest7 WHERE k BETWEEN 8970551 AND 8970651
	Bitmap Heap Scan on sbtest7  (cost=5.48..409.07 rows=102 width=125)
	  Recheck Cond: ((k >= 8970551) AND (k <= 8970651))
	  ->  Bitmap Index Scan on k_7  (cost=0.00..5.45 rows=102 width=0)
	        Index Cond: ((k >= 8970551) AND (k <= 8970651))

table 8 : explain SELECT k, c FROM sbtest8 WHERE k BETWEEN 8970551 AND 8970651
	Bitmap Heap Scan on sbtest8  (cost=5.52..424.81 rows=106 width=125)
	  Recheck Cond: ((k >= 8970551) AND (k <= 8970651))
	  ->  Bitmap Index Scan on k_8  (cost=0.00..5.50 rows=106 width=0)
	        Index Cond: ((k >= 8970551) AND (k <= 8970651))

explain: for range-notcovered :: explain SELECT k, c FROM sbtest%d WHERE k BETWEEN 3423797 AND 3423897
for range-notcovered
table 1 : explain SELECT k, c FROM sbtest1 WHERE k BETWEEN 5314059 AND 5314159
	Bitmap Heap Scan on sbtest1  (cost=5.39..373.61 rows=93 width=125)
	  Recheck Cond: ((k >= 5314059) AND (k <= 5314159))
	  ->  Bitmap Index Scan on k_1  (cost=0.00..5.36 rows=93 width=0)
	        Index Cond: ((k >= 5314059) AND (k <= 5314159))

table 2 : explain SELECT k, c FROM sbtest2 WHERE k BETWEEN 5314059 AND 5314159
	Bitmap Heap Scan on sbtest2  (cost=5.48..409.07 rows=102 width=125)
	  Recheck Cond: ((k >= 5314059) AND (k <= 5314159))
	  ->  Bitmap Index Scan on k_2  (cost=0.00..5.45 rows=102 width=0)
	        Index Cond: ((k >= 5314059) AND (k <= 5314159))

table 3 : explain SELECT k, c FROM sbtest3 WHERE k BETWEEN 5314059 AND 5314159
	Bitmap Heap Scan on sbtest3  (cost=5.57..444.49 rows=111 width=125)
	  Recheck Cond: ((k >= 5314059) AND (k <= 5314159))
	  ->  Bitmap Index Scan on k_3  (cost=0.00..5.54 rows=111 width=0)
	        Index Cond: ((k >= 5314059) AND (k <= 5314159))

table 4 : explain SELECT k, c FROM sbtest4 WHERE k BETWEEN 5314059 AND 5314159
	Bitmap Heap Scan on sbtest4  (cost=5.40..377.55 rows=94 width=125)
	  Recheck Cond: ((k >= 5314059) AND (k <= 5314159))
	  ->  Bitmap Index Scan on k_4  (cost=0.00..5.38 rows=94 width=0)
	        Index Cond: ((k >= 5314059) AND (k <= 5314159))

table 5 : explain SELECT k, c FROM sbtest5 WHERE k BETWEEN 5314059 AND 5314159
	Bitmap Heap Scan on sbtest5  (cost=5.46..401.19 rows=100 width=125)
	  Recheck Cond: ((k >= 5314059) AND (k <= 5314159))
	  ->  Bitmap Index Scan on k_5  (cost=0.00..5.43 rows=100 width=0)
	        Index Cond: ((k >= 5314059) AND (k <= 5314159))

table 6 : explain SELECT k, c FROM sbtest6 WHERE k BETWEEN 5314059 AND 5314159
	Bitmap Heap Scan on sbtest6  (cost=5.48..409.07 rows=102 width=125)
	  Recheck Cond: ((k >= 5314059) AND (k <= 5314159))
	  ->  Bitmap Index Scan on k_6  (cost=0.00..5.45 rows=102 width=0)
	        Index Cond: ((k >= 5314059) AND (k <= 5314159))

table 7 : explain SELECT k, c FROM sbtest7 WHERE k BETWEEN 5314059 AND 5314159
	Bitmap Heap Scan on sbtest7  (cost=5.45..397.25 rows=99 width=125)
	  Recheck Cond: ((k >= 5314059) AND (k <= 5314159))
	  ->  Bitmap Index Scan on k_7  (cost=0.00..5.42 rows=99 width=0)
	        Index Cond: ((k >= 5314059) AND (k <= 5314159))

table 8 : explain SELECT k, c FROM sbtest8 WHERE k BETWEEN 5314059 AND 5314159
	Bitmap Heap Scan on sbtest8  (cost=5.45..397.25 rows=99 width=125)
	  Recheck Cond: ((k >= 5314059) AND (k <= 5314159))
	  ->  Bitmap Index Scan on k_8  (cost=0.00..5.42 rows=99 width=0)
	        Index Cond: ((k >= 5314059) AND (k <= 5314159))

explain: for range-notcovered :: explain SELECT k, c FROM sbtest%d WHERE k BETWEEN 2713343 AND 2713443
explain: for range-notcovered :: explain SELECT k, c FROM sbtest%d WHERE k BETWEEN 5314059 AND 5314159
for range-notcovered
table 1 : explain SELECT k, c FROM sbtest1 WHERE k BETWEEN 5114158 AND 5114258
	Bitmap Heap Scan on sbtest1  (cost=5.49..413.00 rows=103 width=125)
	  Recheck Cond: ((k >= 5114158) AND (k <= 5114258))
	  ->  Bitmap Index Scan on k_1  (cost=0.00..5.46 rows=103 width=0)
	        Index Cond: ((k >= 5114158) AND (k <= 5114258))

table 2 : explain SELECT k, c FROM sbtest2 WHERE k BETWEEN 5114158 AND 5114258
	Bitmap Heap Scan on sbtest2  (cost=5.41..381.49 rows=95 width=125)
	  Recheck Cond: ((k >= 5114158) AND (k <= 5114258))
	  ->  Bitmap Index Scan on k_2  (cost=0.00..5.38 rows=95 width=0)
	        Index Cond: ((k >= 5114158) AND (k <= 5114258))

table 3 : explain SELECT k, c FROM sbtest3 WHERE k BETWEEN 5114158 AND 5114258
	Bitmap Heap Scan on sbtest3  (cost=5.46..401.19 rows=100 width=125)
	  Recheck Cond: ((k >= 5114158) AND (k <= 5114258))
	  ->  Bitmap Index Scan on k_3  (cost=0.00..5.43 rows=100 width=0)
	        Index Cond: ((k >= 5114158) AND (k <= 5114258))

table 4 : explain SELECT k, c FROM sbtest4 WHERE k BETWEEN 5114158 AND 5114258
	Bitmap Heap Scan on sbtest4  (cost=5.49..413.00 rows=103 width=125)
	  Recheck Cond: ((k >= 5114158) AND (k <= 5114258))
	  ->  Bitmap Index Scan on k_4  (cost=0.00..5.46 rows=103 width=0)
	        Index Cond: ((k >= 5114158) AND (k <= 5114258))

table 5 : explain SELECT k, c FROM sbtest5 WHERE k BETWEEN 5114158 AND 5114258
	Bitmap Heap Scan on sbtest5  (cost=5.38..369.67 rows=92 width=125)
	  Recheck Cond: ((k >= 5114158) AND (k <= 5114258))
	  ->  Bitmap Index Scan on k_5  (cost=0.00..5.35 rows=92 width=0)
	        Index Cond: ((k >= 5114158) AND (k <= 5114258))

table 6 : explain SELECT k, c FROM sbtest6 WHERE k BETWEEN 5114158 AND 5114258
	Bitmap Heap Scan on sbtest6  (cost=5.44..393.31 rows=98 width=125)
	  Recheck Cond: ((k >= 5114158) AND (k <= 5114258))
	  ->  Bitmap Index Scan on k_6  (cost=0.00..5.42 rows=98 width=0)
	        Index Cond: ((k >= 5114158) AND (k <= 5114258))

table 7 : explain SELECT k, c FROM sbtest7 WHERE k BETWEEN 5114158 AND 5114258
	Bitmap Heap Scan on sbtest7  (cost=5.49..413.00 rows=103 width=125)
	  Recheck Cond: ((k >= 5114158) AND (k <= 5114258))
	  ->  Bitmap Index Scan on k_7  (cost=0.00..5.46 rows=103 width=0)
	        Index Cond: ((k >= 5114158) AND (k <= 5114258))

table 8 : explain SELECT k, c FROM sbtest8 WHERE k BETWEEN 5114158 AND 5114258
	Bitmap Heap Scan on sbtest8  (cost=5.43..389.37 rows=97 width=125)
	  Recheck Cond: ((k >= 5114158) AND (k <= 5114258))
	  ->  Bitmap Index Scan on k_8  (cost=0.00..5.40 rows=97 width=0)
	        Index Cond: ((k >= 5114158) AND (k <= 5114258))

explain: for range-notcovered :: explain SELECT k, c FROM sbtest%d WHERE k BETWEEN 5114158 AND 5114258
for range-notcovered
table 1 : explain SELECT k, c FROM sbtest1 WHERE k BETWEEN 7116563 AND 7116663
	Bitmap Heap Scan on sbtest1  (cost=5.47..405.13 rows=101 width=125)
	  Recheck Cond: ((k >= 7116563) AND (k <= 7116663))
	  ->  Bitmap Index Scan on k_1  (cost=0.00..5.44 rows=101 width=0)
	        Index Cond: ((k >= 7116563) AND (k <= 7116663))

table 2 : explain SELECT k, c FROM sbtest2 WHERE k BETWEEN 7116563 AND 7116663
	Bitmap Heap Scan on sbtest2  (cost=5.59..452.36 rows=113 width=125)
	  Recheck Cond: ((k >= 7116563) AND (k <= 7116663))
	  ->  Bitmap Index Scan on k_2  (cost=0.00..5.56 rows=113 width=0)
	        Index Cond: ((k >= 7116563) AND (k <= 7116663))

table 3 : explain SELECT k, c FROM sbtest3 WHERE k BETWEEN 7116563 AND 7116663
	Bitmap Heap Scan on sbtest3  (cost=5.31..342.06 rows=85 width=125)
	  Recheck Cond: ((k >= 7116563) AND (k <= 7116663))
	  ->  Bitmap Index Scan on k_3  (cost=0.00..5.28 rows=85 width=0)
	        Index Cond: ((k >= 7116563) AND (k <= 7116663))

table 4 : explain SELECT k, c FROM sbtest4 WHERE k BETWEEN 7116563 AND 7116663
	Bitmap Heap Scan on sbtest4  (cost=5.48..409.07 rows=102 width=125)
	  Recheck Cond: ((k >= 7116563) AND (k <= 7116663))
	  ->  Bitmap Index Scan on k_4  (cost=0.00..5.45 rows=102 width=0)
	        Index Cond: ((k >= 7116563) AND (k <= 7116663))

table 5 : explain SELECT k, c FROM sbtest5 WHERE k BETWEEN 7116563 AND 7116663
	Bitmap Heap Scan on sbtest5  (cost=5.49..413.00 rows=103 width=125)
	  Recheck Cond: ((k >= 7116563) AND (k <= 7116663))
	  ->  Bitmap Index Scan on k_5  (cost=0.00..5.46 rows=103 width=0)
	        Index Cond: ((k >= 7116563) AND (k <= 7116663))

table 6 : explain SELECT k, c FROM sbtest6 WHERE k BETWEEN 7116563 AND 7116663
	Bitmap Heap Scan on sbtest6  (cost=5.47..405.13 rows=101 width=125)
	  Recheck Cond: ((k >= 7116563) AND (k <= 7116663))
	  ->  Bitmap Index Scan on k_6  (cost=0.00..5.44 rows=101 width=0)
	        Index Cond: ((k >= 7116563) AND (k <= 7116663))

table 7 : explain SELECT k, c FROM sbtest7 WHERE k BETWEEN 7116563 AND 7116663
	Bitmap Heap Scan on sbtest7  (cost=5.56..440.56 rows=110 width=125)
	  Recheck Cond: ((k >= 7116563) AND (k <= 7116663))
	  ->  Bitmap Index Scan on k_7  (cost=0.00..5.53 rows=110 width=0)
	        Index Cond: ((k >= 7116563) AND (k <= 7116663))

table 8 : explain SELECT k, c FROM sbtest8 WHERE k BETWEEN 7116563 AND 7116663
	Bitmap Heap Scan on sbtest8  (cost=5.47..405.13 rows=101 width=125)
	  Recheck Cond: ((k >= 7116563) AND (k <= 7116663))
	  ->  Bitmap Index Scan on k_8  (cost=0.00..5.44 rows=101 width=0)
	        Index Cond: ((k >= 7116563) AND (k <= 7116663))

explain: for range-notcovered :: explain SELECT k, c FROM sbtest%d WHERE k BETWEEN 7116563 AND 7116663
for range-notcovered
table 1 : explain SELECT k, c FROM sbtest1 WHERE k BETWEEN 5314059 AND 5314159
	Bitmap Heap Scan on sbtest1  (cost=5.39..373.61 rows=93 width=125)
	  Recheck Cond: ((k >= 5314059) AND (k <= 5314159))
	  ->  Bitmap Index Scan on k_1  (cost=0.00..5.36 rows=93 width=0)
	        Index Cond: ((k >= 5314059) AND (k <= 5314159))

table 2 : explain SELECT k, c FROM sbtest2 WHERE k BETWEEN 5314059 AND 5314159
	Bitmap Heap Scan on sbtest2  (cost=5.48..409.07 rows=102 width=125)
	  Recheck Cond: ((k >= 5314059) AND (k <= 5314159))
	  ->  Bitmap Index Scan on k_2  (cost=0.00..5.45 rows=102 width=0)
	        Index Cond: ((k >= 5314059) AND (k <= 5314159))

table 3 : explain SELECT k, c FROM sbtest3 WHERE k BETWEEN 5314059 AND 5314159
	Bitmap Heap Scan on sbtest3  (cost=5.57..444.49 rows=111 width=125)
	  Recheck Cond: ((k >= 5314059) AND (k <= 5314159))
	  ->  Bitmap Index Scan on k_3  (cost=0.00..5.54 rows=111 width=0)
	        Index Cond: ((k >= 5314059) AND (k <= 5314159))

table 4 : explain SELECT k, c FROM sbtest4 WHERE k BETWEEN 5314059 AND 5314159
	Bitmap Heap Scan on sbtest4  (cost=5.40..377.55 rows=94 width=125)
	  Recheck Cond: ((k >= 5314059) AND (k <= 5314159))
	  ->  Bitmap Index Scan on k_4  (cost=0.00..5.38 rows=94 width=0)
	        Index Cond: ((k >= 5314059) AND (k <= 5314159))

table 5 : explain SELECT k, c FROM sbtest5 WHERE k BETWEEN 5314059 AND 5314159
	Bitmap Heap Scan on sbtest5  (cost=5.46..401.19 rows=100 width=125)
	  Recheck Cond: ((k >= 5314059) AND (k <= 5314159))
	  ->  Bitmap Index Scan on k_5  (cost=0.00..5.43 rows=100 width=0)
	        Index Cond: ((k >= 5314059) AND (k <= 5314159))

table 6 : explain SELECT k, c FROM sbtest6 WHERE k BETWEEN 5314059 AND 5314159
	Bitmap Heap Scan on sbtest6  (cost=5.48..409.07 rows=102 width=125)
	  Recheck Cond: ((k >= 5314059) AND (k <= 5314159))
	  ->  Bitmap Index Scan on k_6  (cost=0.00..5.45 rows=102 width=0)
	        Index Cond: ((k >= 5314059) AND (k <= 5314159))

table 7 : explain SELECT k, c FROM sbtest7 WHERE k BETWEEN 5314059 AND 5314159
	Bitmap Heap Scan on sbtest7  (cost=5.45..397.25 rows=99 width=125)
	  Recheck Cond: ((k >= 5314059) AND (k <= 5314159))
	  ->  Bitmap Index Scan on k_7  (cost=0.00..5.42 rows=99 width=0)
	        Index Cond: ((k >= 5314059) AND (k <= 5314159))

table 8 : explain SELECT k, c FROM sbtest8 WHERE k BETWEEN 5314059 AND 5314159
	Bitmap Heap Scan on sbtest8  (cost=5.45..397.25 rows=99 width=125)
	  Recheck Cond: ((k >= 5314059) AND (k <= 5314159))
	  ->  Bitmap Index Scan on k_8  (cost=0.00..5.42 rows=99 width=0)
	        Index Cond: ((k >= 5314059) AND (k <= 5314159))

explain: for range-notcovered :: explain SELECT k, c FROM sbtest%d WHERE k BETWEEN 5314059 AND 5314159
for range-notcovered
table 1 : explain SELECT k, c FROM sbtest1 WHERE k BETWEEN 5114158 AND 5114258
	Bitmap Heap Scan on sbtest1  (cost=5.49..413.00 rows=103 width=125)
	  Recheck Cond: ((k >= 5114158) AND (k <= 5114258))
	  ->  Bitmap Index Scan on k_1  (cost=0.00..5.46 rows=103 width=0)
	        Index Cond: ((k >= 5114158) AND (k <= 5114258))

table 2 : explain SELECT k, c FROM sbtest2 WHERE k BETWEEN 5114158 AND 5114258
	Bitmap Heap Scan on sbtest2  (cost=5.41..381.49 rows=95 width=125)
	  Recheck Cond: ((k >= 5114158) AND (k <= 5114258))
	  ->  Bitmap Index Scan on k_2  (cost=0.00..5.38 rows=95 width=0)
	        Index Cond: ((k >= 5114158) AND (k <= 5114258))

table 3 : explain SELECT k, c FROM sbtest3 WHERE k BETWEEN 5114158 AND 5114258
	Bitmap Heap Scan on sbtest3  (cost=5.46..401.19 rows=100 width=125)
	  Recheck Cond: ((k >= 5114158) AND (k <= 5114258))
	  ->  Bitmap Index Scan on k_3  (cost=0.00..5.43 rows=100 width=0)
	        Index Cond: ((k >= 5114158) AND (k <= 5114258))

table 4 : explain SELECT k, c FROM sbtest4 WHERE k BETWEEN 5114158 AND 5114258
	Bitmap Heap Scan on sbtest4  (cost=5.49..413.00 rows=103 width=125)
	  Recheck Cond: ((k >= 5114158) AND (k <= 5114258))
	  ->  Bitmap Index Scan on k_4  (cost=0.00..5.46 rows=103 width=0)
	        Index Cond: ((k >= 5114158) AND (k <= 5114258))

table 5 : explain SELECT k, c FROM sbtest5 WHERE k BETWEEN 5114158 AND 5114258
	Bitmap Heap Scan on sbtest5  (cost=5.38..369.67 rows=92 width=125)
	  Recheck Cond: ((k >= 5114158) AND (k <= 5114258))
	  ->  Bitmap Index Scan on k_5  (cost=0.00..5.35 rows=92 width=0)
	        Index Cond: ((k >= 5114158) AND (k <= 5114258))

table 6 : explain SELECT k, c FROM sbtest6 WHERE k BETWEEN 5114158 AND 5114258
	Bitmap Heap Scan on sbtest6  (cost=5.44..393.31 rows=98 width=125)
	  Recheck Cond: ((k >= 5114158) AND (k <= 5114258))
	  ->  Bitmap Index Scan on k_6  (cost=0.00..5.42 rows=98 width=0)
	        Index Cond: ((k >= 5114158) AND (k <= 5114258))

table 7 : explain SELECT k, c FROM sbtest7 WHERE k BETWEEN 5114158 AND 5114258
	Bitmap Heap Scan on sbtest7  (cost=5.49..413.00 rows=103 width=125)
	  Recheck Cond: ((k >= 5114158) AND (k <= 5114258))
	  ->  Bitmap Index Scan on k_7  (cost=0.00..5.46 rows=103 width=0)
	        Index Cond: ((k >= 5114158) AND (k <= 5114258))

table 8 : explain SELECT k, c FROM sbtest8 WHERE k BETWEEN 5114158 AND 5114258
	Bitmap Heap Scan on sbtest8  (cost=5.43..389.37 rows=97 width=125)
	  Recheck Cond: ((k >= 5114158) AND (k <= 5114258))
	  ->  Bitmap Index Scan on k_8  (cost=0.00..5.40 rows=97 width=0)
	        Index Cond: ((k >= 5114158) AND (k <= 5114258))

for range-notcovered
table 1 : explain SELECT k, c FROM sbtest1 WHERE k BETWEEN 7935945 AND 7936045
	Bitmap Heap Scan on sbtest1  (cost=5.43..389.37 rows=97 width=125)
	  Recheck Cond: ((k >= 7935945) AND (k <= 7936045))
	  ->  Bitmap Index Scan on k_1  (cost=0.00..5.40 rows=97 width=0)
	        Index Cond: ((k >= 7935945) AND (k <= 7936045))

table 2 : explain SELECT k, c FROM sbtest2 WHERE k BETWEEN 7935945 AND 7936045
	Bitmap Heap Scan on sbtest2  (cost=5.45..397.25 rows=99 width=125)
	  Recheck Cond: ((k >= 7935945) AND (k <= 7936045))
	  ->  Bitmap Index Scan on k_2  (cost=0.00..5.42 rows=99 width=0)
	        Index Cond: ((k >= 7935945) AND (k <= 7936045))

table 3 : explain SELECT k, c FROM sbtest3 WHERE k BETWEEN 7935945 AND 7936045
	Bitmap Heap Scan on sbtest3  (cost=5.55..436.62 rows=109 width=125)
	  Recheck Cond: ((k >= 7935945) AND (k <= 7936045))
	  ->  Bitmap Index Scan on k_3  (cost=0.00..5.52 rows=109 width=0)
	        Index Cond: ((k >= 7935945) AND (k <= 7936045))

table 4 : explain SELECT k, c FROM sbtest4 WHERE k BETWEEN 7935945 AND 7936045
	Bitmap Heap Scan on sbtest4  (cost=5.50..416.94 rows=104 width=125)
	  Recheck Cond: ((k >= 7935945) AND (k <= 7936045))
	  ->  Bitmap Index Scan on k_4  (cost=0.00..5.47 rows=104 width=0)
	        Index Cond: ((k >= 7935945) AND (k <= 7936045))

table 5 : explain SELECT k, c FROM sbtest5 WHERE k BETWEEN 7935945 AND 7936045
	Bitmap Heap Scan on sbtest5  (cost=5.44..393.31 rows=98 width=125)
	  Recheck Cond: ((k >= 7935945) AND (k <= 7936045))
	  ->  Bitmap Index Scan on k_5  (cost=0.00..5.42 rows=98 width=0)
	        Index Cond: ((k >= 7935945) AND (k <= 7936045))

table 6 : explain SELECT k, c FROM sbtest6 WHERE k BETWEEN 7935945 AND 7936045
	Bitmap Heap Scan on sbtest6  (cost=5.44..393.31 rows=98 width=125)
	  Recheck Cond: ((k >= 7935945) AND (k <= 7936045))
	  ->  Bitmap Index Scan on k_6  (cost=0.00..5.42 rows=98 width=0)
	        Index Cond: ((k >= 7935945) AND (k <= 7936045))

table 7 : explain SELECT k, c FROM sbtest7 WHERE k BETWEEN 7935945 AND 7936045
	Bitmap Heap Scan on sbtest7  (cost=5.55..436.62 rows=109 width=125)
	  Recheck Cond: ((k >= 7935945) AND (k <= 7936045))
	  ->  Bitmap Index Scan on k_7  (cost=0.00..5.52 rows=109 width=0)
	        Index Cond: ((k >= 7935945) AND (k <= 7936045))

table 8 : explain SELECT k, c FROM sbtest8 WHERE k BETWEEN 7935945 AND 7936045
	Bitmap Heap Scan on sbtest8  (cost=5.56..440.56 rows=110 width=125)
	  Recheck Cond: ((k >= 7935945) AND (k <= 7936045))
	  ->  Bitmap Index Scan on k_8  (cost=0.00..5.53 rows=110 width=0)
	        Index Cond: ((k >= 7935945) AND (k <= 7936045))

explain: for range-notcovered :: explain SELECT k, c FROM sbtest%d WHERE k BETWEEN 5114158 AND 5114258
explain: for range-notcovered :: explain SELECT k, c FROM sbtest%d WHERE k BETWEEN 7935945 AND 7936045
explain: for range-notcovered :: explain SELECT k, c FROM sbtest%d WHERE k BETWEEN 3871570 AND 3871670
for range-notcovered
table 1 : explain SELECT k, c FROM sbtest1 WHERE k BETWEEN 3981026 AND 3981126
	Bitmap Heap Scan on sbtest1  (cost=5.45..397.25 rows=99 width=125)
	  Recheck Cond: ((k >= 3981026) AND (k <= 3981126))
	  ->  Bitmap Index Scan on k_1  (cost=0.00..5.42 rows=99 width=0)
	        Index Cond: ((k >= 3981026) AND (k <= 3981126))

table 2 : explain SELECT k, c FROM sbtest2 WHERE k BETWEEN 3981026 AND 3981126
	Bitmap Heap Scan on sbtest2  (cost=5.44..393.31 rows=98 width=125)
	  Recheck Cond: ((k >= 3981026) AND (k <= 3981126))
	  ->  Bitmap Index Scan on k_2  (cost=0.00..5.42 rows=98 width=0)
	        Index Cond: ((k >= 3981026) AND (k <= 3981126))

table 3 : explain SELECT k, c FROM sbtest3 WHERE k BETWEEN 3981026 AND 3981126
	Bitmap Heap Scan on sbtest3  (cost=5.50..416.94 rows=104 width=125)
	  Recheck Cond: ((k >= 3981026) AND (k <= 3981126))
	  ->  Bitmap Index Scan on k_3  (cost=0.00..5.47 rows=104 width=0)
	        Index Cond: ((k >= 3981026) AND (k <= 3981126))

table 4 : explain SELECT k, c FROM sbtest4 WHERE k BETWEEN 3981026 AND 3981126
	Bitmap Heap Scan on sbtest4  (cost=5.42..385.43 rows=96 width=125)
	  Recheck Cond: ((k >= 3981026) AND (k <= 3981126))
	  ->  Bitmap Index Scan on k_4  (cost=0.00..5.39 rows=96 width=0)
	        Index Cond: ((k >= 3981026) AND (k <= 3981126))

table 5 : explain SELECT k, c FROM sbtest5 WHERE k BETWEEN 3981026 AND 3981126
	Bitmap Heap Scan on sbtest5  (cost=5.47..405.13 rows=101 width=125)
	  Recheck Cond: ((k >= 3981026) AND (k <= 3981126))
	  ->  Bitmap Index Scan on k_5  (cost=0.00..5.44 rows=101 width=0)
	        Index Cond: ((k >= 3981026) AND (k <= 3981126))

table 6 : explain SELECT k, c FROM sbtest6 WHERE k BETWEEN 3981026 AND 3981126
	Bitmap Heap Scan on sbtest6  (cost=5.47..405.13 rows=101 width=125)
	  Recheck Cond: ((k >= 3981026) AND (k <= 3981126))
	  ->  Bitmap Index Scan on k_6  (cost=0.00..5.44 rows=101 width=0)
	        Index Cond: ((k >= 3981026) AND (k <= 3981126))

table 7 : explain SELECT k, c FROM sbtest7 WHERE k BETWEEN 3981026 AND 3981126
	Bitmap Heap Scan on sbtest7  (cost=5.46..401.19 rows=100 width=125)
	  Recheck Cond: ((k >= 3981026) AND (k <= 3981126))
	  ->  Bitmap Index Scan on k_7  (cost=0.00..5.43 rows=100 width=0)
	        Index Cond: ((k >= 3981026) AND (k <= 3981126))

table 8 : explain SELECT k, c FROM sbtest8 WHERE k BETWEEN 3981026 AND 3981126
	Bitmap Heap Scan on sbtest8  (cost=5.46..401.19 rows=100 width=125)
	  Recheck Cond: ((k >= 3981026) AND (k <= 3981126))
	  ->  Bitmap Index Scan on k_8  (cost=0.00..5.43 rows=100 width=0)
	        Index Cond: ((k >= 3981026) AND (k <= 3981126))

for range-notcovered
table 1 : explain SELECT k, c FROM sbtest1 WHERE k BETWEEN 7116563 AND 7116663
	Bitmap Heap Scan on sbtest1  (cost=5.47..405.13 rows=101 width=125)
	  Recheck Cond: ((k >= 7116563) AND (k <= 7116663))
	  ->  Bitmap Index Scan on k_1  (cost=0.00..5.44 rows=101 width=0)
	        Index Cond: ((k >= 7116563) AND (k <= 7116663))

table 2 : explain SELECT k, c FROM sbtest2 WHERE k BETWEEN 7116563 AND 7116663
	Bitmap Heap Scan on sbtest2  (cost=5.59..452.36 rows=113 width=125)
	  Recheck Cond: ((k >= 7116563) AND (k <= 7116663))
	  ->  Bitmap Index Scan on k_2  (cost=0.00..5.56 rows=113 width=0)
	        Index Cond: ((k >= 7116563) AND (k <= 7116663))

table 3 : explain SELECT k, c FROM sbtest3 WHERE k BETWEEN 7116563 AND 7116663
	Bitmap Heap Scan on sbtest3  (cost=5.31..342.06 rows=85 width=125)
	  Recheck Cond: ((k >= 7116563) AND (k <= 7116663))
	  ->  Bitmap Index Scan on k_3  (cost=0.00..5.28 rows=85 width=0)
	        Index Cond: ((k >= 7116563) AND (k <= 7116663))

table 4 : explain SELECT k, c FROM sbtest4 WHERE k BETWEEN 7116563 AND 7116663
	Bitmap Heap Scan on sbtest4  (cost=5.48..409.07 rows=102 width=125)
	  Recheck Cond: ((k >= 7116563) AND (k <= 7116663))
	  ->  Bitmap Index Scan on k_4  (cost=0.00..5.45 rows=102 width=0)
	        Index Cond: ((k >= 7116563) AND (k <= 7116663))

table 5 : explain SELECT k, c FROM sbtest5 WHERE k BETWEEN 7116563 AND 7116663
	Bitmap Heap Scan on sbtest5  (cost=5.49..413.00 rows=103 width=125)
	  Recheck Cond: ((k >= 7116563) AND (k <= 7116663))
	  ->  Bitmap Index Scan on k_5  (cost=0.00..5.46 rows=103 width=0)
	        Index Cond: ((k >= 7116563) AND (k <= 7116663))

table 6 : explain SELECT k, c FROM sbtest6 WHERE k BETWEEN 7116563 AND 7116663
	Bitmap Heap Scan on sbtest6  (cost=5.47..405.13 rows=101 width=125)
	  Recheck Cond: ((k >= 7116563) AND (k <= 7116663))
	  ->  Bitmap Index Scan on k_6  (cost=0.00..5.44 rows=101 width=0)
	        Index Cond: ((k >= 7116563) AND (k <= 7116663))

table 7 : explain SELECT k, c FROM sbtest7 WHERE k BETWEEN 7116563 AND 7116663
	Bitmap Heap Scan on sbtest7  (cost=5.56..440.56 rows=110 width=125)
	  Recheck Cond: ((k >= 7116563) AND (k <= 7116663))
	  ->  Bitmap Index Scan on k_7  (cost=0.00..5.53 rows=110 width=0)
	        Index Cond: ((k >= 7116563) AND (k <= 7116663))

table 8 : explain SELECT k, c FROM sbtest8 WHERE k BETWEEN 7116563 AND 7116663
	Bitmap Heap Scan on sbtest8  (cost=5.47..405.13 rows=101 width=125)
	  Recheck Cond: ((k >= 7116563) AND (k <= 7116663))
	  ->  Bitmap Index Scan on k_8  (cost=0.00..5.44 rows=101 width=0)
	        Index Cond: ((k >= 7116563) AND (k <= 7116663))

for range-notcovered
table 1 : explain SELECT k, c FROM sbtest1 WHERE k BETWEEN 5314059 AND 5314159
	Bitmap Heap Scan on sbtest1  (cost=5.39..373.61 rows=93 width=125)
	  Recheck Cond: ((k >= 5314059) AND (k <= 5314159))
	  ->  Bitmap Index Scan on k_1  (cost=0.00..5.36 rows=93 width=0)
	        Index Cond: ((k >= 5314059) AND (k <= 5314159))

table 2 : explain SELECT k, c FROM sbtest2 WHERE k BETWEEN 5314059 AND 5314159
	Bitmap Heap Scan on sbtest2  (cost=5.48..409.07 rows=102 width=125)
	  Recheck Cond: ((k >= 5314059) AND (k <= 5314159))
	  ->  Bitmap Index Scan on k_2  (cost=0.00..5.45 rows=102 width=0)
	        Index Cond: ((k >= 5314059) AND (k <= 5314159))

table 3 : explain SELECT k, c FROM sbtest3 WHERE k BETWEEN 5314059 AND 5314159
	Bitmap Heap Scan on sbtest3  (cost=5.57..444.49 rows=111 width=125)
	  Recheck Cond: ((k >= 5314059) AND (k <= 5314159))
	  ->  Bitmap Index Scan on k_3  (cost=0.00..5.54 rows=111 width=0)
	        Index Cond: ((k >= 5314059) AND (k <= 5314159))

table 4 : explain SELECT k, c FROM sbtest4 WHERE k BETWEEN 5314059 AND 5314159
	Bitmap Heap Scan on sbtest4  (cost=5.40..377.55 rows=94 width=125)
	  Recheck Cond: ((k >= 5314059) AND (k <= 5314159))
	  ->  Bitmap Index Scan on k_4  (cost=0.00..5.38 rows=94 width=0)
	        Index Cond: ((k >= 5314059) AND (k <= 5314159))

table 5 : explain SELECT k, c FROM sbtest5 WHERE k BETWEEN 5314059 AND 5314159
	Bitmap Heap Scan on sbtest5  (cost=5.46..401.19 rows=100 width=125)
	  Recheck Cond: ((k >= 5314059) AND (k <= 5314159))
	  ->  Bitmap Index Scan on k_5  (cost=0.00..5.43 rows=100 width=0)
	        Index Cond: ((k >= 5314059) AND (k <= 5314159))

table 6 : explain SELECT k, c FROM sbtest6 WHERE k BETWEEN 5314059 AND 5314159
	Bitmap Heap Scan on sbtest6  (cost=5.48..409.07 rows=102 width=125)
	  Recheck Cond: ((k >= 5314059) AND (k <= 5314159))
	  ->  Bitmap Index Scan on k_6  (cost=0.00..5.45 rows=102 width=0)
	        Index Cond: ((k >= 5314059) AND (k <= 5314159))

table 7 : explain SELECT k, c FROM sbtest7 WHERE k BETWEEN 5314059 AND 5314159
	Bitmap Heap Scan on sbtest7  (cost=5.45..397.25 rows=99 width=125)
	  Recheck Cond: ((k >= 5314059) AND (k <= 5314159))
	  ->  Bitmap Index Scan on k_7  (cost=0.00..5.42 rows=99 width=0)
	        Index Cond: ((k >= 5314059) AND (k <= 5314159))

table 8 : explain SELECT k, c FROM sbtest8 WHERE k BETWEEN 5314059 AND 5314159
	Bitmap Heap Scan on sbtest8  (cost=5.45..397.25 rows=99 width=125)
	  Recheck Cond: ((k >= 5314059) AND (k <= 5314159))
	  ->  Bitmap Index Scan on k_8  (cost=0.00..5.42 rows=99 width=0)
	        Index Cond: ((k >= 5314059) AND (k <= 5314159))

explain: for range-notcovered :: explain SELECT k, c FROM sbtest%d WHERE k BETWEEN 6986002 AND 6986102
explain: for range-notcovered :: explain SELECT k, c FROM sbtest%d WHERE k BETWEEN 5314059 AND 5314159
explain: for range-notcovered :: explain SELECT k, c FROM sbtest%d WHERE k BETWEEN 7116563 AND 7116663
for range-notcovered
table 1 : explain SELECT k, c FROM sbtest1 WHERE k BETWEEN 5114158 AND 5114258
	Bitmap Heap Scan on sbtest1  (cost=5.49..413.00 rows=103 width=125)
	  Recheck Cond: ((k >= 5114158) AND (k <= 5114258))
	  ->  Bitmap Index Scan on k_1  (cost=0.00..5.46 rows=103 width=0)
	        Index Cond: ((k >= 5114158) AND (k <= 5114258))

table 2 : explain SELECT k, c FROM sbtest2 WHERE k BETWEEN 5114158 AND 5114258
	Bitmap Heap Scan on sbtest2  (cost=5.41..381.49 rows=95 width=125)
	  Recheck Cond: ((k >= 5114158) AND (k <= 5114258))
	  ->  Bitmap Index Scan on k_2  (cost=0.00..5.38 rows=95 width=0)
	        Index Cond: ((k >= 5114158) AND (k <= 5114258))

table 3 : explain SELECT k, c FROM sbtest3 WHERE k BETWEEN 5114158 AND 5114258
	Bitmap Heap Scan on sbtest3  (cost=5.46..401.19 rows=100 width=125)
	  Recheck Cond: ((k >= 5114158) AND (k <= 5114258))
	  ->  Bitmap Index Scan on k_3  (cost=0.00..5.43 rows=100 width=0)
	        Index Cond: ((k >= 5114158) AND (k <= 5114258))

table 4 : explain SELECT k, c FROM sbtest4 WHERE k BETWEEN 5114158 AND 5114258
	Bitmap Heap Scan on sbtest4  (cost=5.49..413.00 rows=103 width=125)
	  Recheck Cond: ((k >= 5114158) AND (k <= 5114258))
	  ->  Bitmap Index Scan on k_4  (cost=0.00..5.46 rows=103 width=0)
	        Index Cond: ((k >= 5114158) AND (k <= 5114258))

table 5 : explain SELECT k, c FROM sbtest5 WHERE k BETWEEN 5114158 AND 5114258
	Bitmap Heap Scan on sbtest5  (cost=5.38..369.67 rows=92 width=125)
	  Recheck Cond: ((k >= 5114158) AND (k <= 5114258))
	  ->  Bitmap Index Scan on k_5  (cost=0.00..5.35 rows=92 width=0)
	        Index Cond: ((k >= 5114158) AND (k <= 5114258))

table 6 : explain SELECT k, c FROM sbtest6 WHERE k BETWEEN 5114158 AND 5114258
	Bitmap Heap Scan on sbtest6  (cost=5.44..393.31 rows=98 width=125)
	  Recheck Cond: ((k >= 5114158) AND (k <= 5114258))
	  ->  Bitmap Index Scan on k_6  (cost=0.00..5.42 rows=98 width=0)
	        Index Cond: ((k >= 5114158) AND (k <= 5114258))

table 7 : explain SELECT k, c FROM sbtest7 WHERE k BETWEEN 5114158 AND 5114258
	Bitmap Heap Scan on sbtest7  (cost=5.49..413.00 rows=103 width=125)
	  Recheck Cond: ((k >= 5114158) AND (k <= 5114258))
	  ->  Bitmap Index Scan on k_7  (cost=0.00..5.46 rows=103 width=0)
	        Index Cond: ((k >= 5114158) AND (k <= 5114258))

table 8 : explain SELECT k, c FROM sbtest8 WHERE k BETWEEN 5114158 AND 5114258
	Bitmap Heap Scan on sbtest8  (cost=5.43..389.37 rows=97 width=125)
	  Recheck Cond: ((k >= 5114158) AND (k <= 5114258))
	  ->  Bitmap Index Scan on k_8  (cost=0.00..5.40 rows=97 width=0)
	        Index Cond: ((k >= 5114158) AND (k <= 5114258))

for range-notcovered
table 1 : explain SELECT k, c FROM sbtest1 WHERE k BETWEEN 7935945 AND 7936045
	Bitmap Heap Scan on sbtest1  (cost=5.43..389.37 rows=97 width=125)
	  Recheck Cond: ((k >= 7935945) AND (k <= 7936045))
	  ->  Bitmap Index Scan on k_1  (cost=0.00..5.40 rows=97 width=0)
	        Index Cond: ((k >= 7935945) AND (k <= 7936045))

table 2 : explain SELECT k, c FROM sbtest2 WHERE k BETWEEN 7935945 AND 7936045
	Bitmap Heap Scan on sbtest2  (cost=5.45..397.25 rows=99 width=125)
	  Recheck Cond: ((k >= 7935945) AND (k <= 7936045))
	  ->  Bitmap Index Scan on k_2  (cost=0.00..5.42 rows=99 width=0)
	        Index Cond: ((k >= 7935945) AND (k <= 7936045))

table 3 : explain SELECT k, c FROM sbtest3 WHERE k BETWEEN 7935945 AND 7936045
	Bitmap Heap Scan on sbtest3  (cost=5.55..436.62 rows=109 width=125)
	  Recheck Cond: ((k >= 7935945) AND (k <= 7936045))
	  ->  Bitmap Index Scan on k_3  (cost=0.00..5.52 rows=109 width=0)
	        Index Cond: ((k >= 7935945) AND (k <= 7936045))

table 4 : explain SELECT k, c FROM sbtest4 WHERE k BETWEEN 7935945 AND 7936045
	Bitmap Heap Scan on sbtest4  (cost=5.50..416.94 rows=104 width=125)
	  Recheck Cond: ((k >= 7935945) AND (k <= 7936045))
	  ->  Bitmap Index Scan on k_4  (cost=0.00..5.47 rows=104 width=0)
	        Index Cond: ((k >= 7935945) AND (k <= 7936045))

table 5 : explain SELECT k, c FROM sbtest5 WHERE k BETWEEN 7935945 AND 7936045
	Bitmap Heap Scan on sbtest5  (cost=5.44..393.31 rows=98 width=125)
	  Recheck Cond: ((k >= 7935945) AND (k <= 7936045))
	  ->  Bitmap Index Scan on k_5  (cost=0.00..5.42 rows=98 width=0)
	        Index Cond: ((k >= 7935945) AND (k <= 7936045))

table 6 : explain SELECT k, c FROM sbtest6 WHERE k BETWEEN 7935945 AND 7936045
	Bitmap Heap Scan on sbtest6  (cost=5.44..393.31 rows=98 width=125)
	  Recheck Cond: ((k >= 7935945) AND (k <= 7936045))
	  ->  Bitmap Index Scan on k_6  (cost=0.00..5.42 rows=98 width=0)
	        Index Cond: ((k >= 7935945) AND (k <= 7936045))

table 7 : explain SELECT k, c FROM sbtest7 WHERE k BETWEEN 7935945 AND 7936045
	Bitmap Heap Scan on sbtest7  (cost=5.55..436.62 rows=109 width=125)
	  Recheck Cond: ((k >= 7935945) AND (k <= 7936045))
	  ->  Bitmap Index Scan on k_7  (cost=0.00..5.52 rows=109 width=0)
	        Index Cond: ((k >= 7935945) AND (k <= 7936045))

table 8 : explain SELECT k, c FROM sbtest8 WHERE k BETWEEN 7935945 AND 7936045
	Bitmap Heap Scan on sbtest8  (cost=5.56..440.56 rows=110 width=125)
	  Recheck Cond: ((k >= 7935945) AND (k <= 7936045))
	  ->  Bitmap Index Scan on k_8  (cost=0.00..5.53 rows=110 width=0)
	        Index Cond: ((k >= 7935945) AND (k <= 7936045))

explain: for range-notcovered :: explain SELECT k, c FROM sbtest%d WHERE k BETWEEN 5114158 AND 5114258
explain: for range-notcovered :: explain SELECT k, c FROM sbtest%d WHERE k BETWEEN 7935945 AND 7936045
for range-notcovered
table 1 : explain SELECT k, c FROM sbtest1 WHERE k BETWEEN 5314059 AND 5314159
	Bitmap Heap Scan on sbtest1  (cost=5.39..373.61 rows=93 width=125)
	  Recheck Cond: ((k >= 5314059) AND (k <= 5314159))
	  ->  Bitmap Index Scan on k_1  (cost=0.00..5.36 rows=93 width=0)
	        Index Cond: ((k >= 5314059) AND (k <= 5314159))

table 2 : explain SELECT k, c FROM sbtest2 WHERE k BETWEEN 5314059 AND 5314159
	Bitmap Heap Scan on sbtest2  (cost=5.48..409.07 rows=102 width=125)
	  Recheck Cond: ((k >= 5314059) AND (k <= 5314159))
	  ->  Bitmap Index Scan on k_2  (cost=0.00..5.45 rows=102 width=0)
	        Index Cond: ((k >= 5314059) AND (k <= 5314159))

table 3 : explain SELECT k, c FROM sbtest3 WHERE k BETWEEN 5314059 AND 5314159
	Bitmap Heap Scan on sbtest3  (cost=5.57..444.49 rows=111 width=125)
	  Recheck Cond: ((k >= 5314059) AND (k <= 5314159))
	  ->  Bitmap Index Scan on k_3  (cost=0.00..5.54 rows=111 width=0)
	        Index Cond: ((k >= 5314059) AND (k <= 5314159))

table 4 : explain SELECT k, c FROM sbtest4 WHERE k BETWEEN 5314059 AND 5314159
	Bitmap Heap Scan on sbtest4  (cost=5.40..377.55 rows=94 width=125)
	  Recheck Cond: ((k >= 5314059) AND (k <= 5314159))
	  ->  Bitmap Index Scan on k_4  (cost=0.00..5.38 rows=94 width=0)
	        Index Cond: ((k >= 5314059) AND (k <= 5314159))

table 5 : explain SELECT k, c FROM sbtest5 WHERE k BETWEEN 5314059 AND 5314159
	Bitmap Heap Scan on sbtest5  (cost=5.46..401.19 rows=100 width=125)
	  Recheck Cond: ((k >= 5314059) AND (k <= 5314159))
	  ->  Bitmap Index Scan on k_5  (cost=0.00..5.43 rows=100 width=0)
	        Index Cond: ((k >= 5314059) AND (k <= 5314159))

table 6 : explain SELECT k, c FROM sbtest6 WHERE k BETWEEN 5314059 AND 5314159
	Bitmap Heap Scan on sbtest6  (cost=5.48..409.07 rows=102 width=125)
	  Recheck Cond: ((k >= 5314059) AND (k <= 5314159))
	  ->  Bitmap Index Scan on k_6  (cost=0.00..5.45 rows=102 width=0)
	        Index Cond: ((k >= 5314059) AND (k <= 5314159))

table 7 : explain SELECT k, c FROM sbtest7 WHERE k BETWEEN 5314059 AND 5314159
	Bitmap Heap Scan on sbtest7  (cost=5.45..397.25 rows=99 width=125)
	  Recheck Cond: ((k >= 5314059) AND (k <= 5314159))
	  ->  Bitmap Index Scan on k_7  (cost=0.00..5.42 rows=99 width=0)
	        Index Cond: ((k >= 5314059) AND (k <= 5314159))

table 8 : explain SELECT k, c FROM sbtest8 WHERE k BETWEEN 5314059 AND 5314159
	Bitmap Heap Scan on sbtest8  (cost=5.45..397.25 rows=99 width=125)
	  Recheck Cond: ((k >= 5314059) AND (k <= 5314159))
	  ->  Bitmap Index Scan on k_8  (cost=0.00..5.42 rows=99 width=0)
	        Index Cond: ((k >= 5314059) AND (k <= 5314159))

explain: for range-notcovered :: explain SELECT k, c FROM sbtest%d WHERE k BETWEEN 5314059 AND 5314159
for range-notcovered
table 1 : explain SELECT k, c FROM sbtest1 WHERE k BETWEEN 6986002 AND 6986102
	Bitmap Heap Scan on sbtest1  (cost=5.49..413.00 rows=103 width=125)
	  Recheck Cond: ((k >= 6986002) AND (k <= 6986102))
	  ->  Bitmap Index Scan on k_1  (cost=0.00..5.46 rows=103 width=0)
	        Index Cond: ((k >= 6986002) AND (k <= 6986102))

table 2 : explain SELECT k, c FROM sbtest2 WHERE k BETWEEN 6986002 AND 6986102
	Bitmap Heap Scan on sbtest2  (cost=5.58..448.42 rows=112 width=125)
	  Recheck Cond: ((k >= 6986002) AND (k <= 6986102))
	  ->  Bitmap Index Scan on k_2  (cost=0.00..5.55 rows=112 width=0)
	        Index Cond: ((k >= 6986002) AND (k <= 6986102))

table 3 : explain SELECT k, c FROM sbtest3 WHERE k BETWEEN 6986002 AND 6986102
	Bitmap Heap Scan on sbtest3  (cost=5.60..456.29 rows=114 width=125)
	  Recheck Cond: ((k >= 6986002) AND (k <= 6986102))
	  ->  Bitmap Index Scan on k_3  (cost=0.00..5.58 rows=114 width=0)
	        Index Cond: ((k >= 6986002) AND (k <= 6986102))

table 4 : explain SELECT k, c FROM sbtest4 WHERE k BETWEEN 6986002 AND 6986102
	Bitmap Heap Scan on sbtest4  (cost=5.55..436.62 rows=109 width=125)
	  Recheck Cond: ((k >= 6986002) AND (k <= 6986102))
	  ->  Bitmap Index Scan on k_4  (cost=0.00..5.52 rows=109 width=0)
	        Index Cond: ((k >= 6986002) AND (k <= 6986102))

table 5 : explain SELECT k, c FROM sbtest5 WHERE k BETWEEN 6986002 AND 6986102
	Bitmap Heap Scan on sbtest5  (cost=5.49..413.00 rows=103 width=125)
	  Recheck Cond: ((k >= 6986002) AND (k <= 6986102))
	  ->  Bitmap Index Scan on k_5  (cost=0.00..5.46 rows=103 width=0)
	        Index Cond: ((k >= 6986002) AND (k <= 6986102))

table 6 : explain SELECT k, c FROM sbtest6 WHERE k BETWEEN 6986002 AND 6986102
	Bitmap Heap Scan on sbtest6  (cost=5.37..365.72 rows=91 width=125)
	  Recheck Cond: ((k >= 6986002) AND (k <= 6986102))
	  ->  Bitmap Index Scan on k_6  (cost=0.00..5.34 rows=91 width=0)
	        Index Cond: ((k >= 6986002) AND (k <= 6986102))

table 7 : explain SELECT k, c FROM sbtest7 WHERE k BETWEEN 6986002 AND 6986102
	Bitmap Heap Scan on sbtest7  (cost=5.32..346.00 rows=86 width=125)
	  Recheck Cond: ((k >= 6986002) AND (k <= 6986102))
	  ->  Bitmap Index Scan on k_7  (cost=0.00..5.29 rows=86 width=0)
	        Index Cond: ((k >= 6986002) AND (k <= 6986102))

table 8 : explain SELECT k, c FROM sbtest8 WHERE k BETWEEN 6986002 AND 6986102
	Bitmap Heap Scan on sbtest8  (cost=5.51..420.88 rows=105 width=125)
	  Recheck Cond: ((k >= 6986002) AND (k <= 6986102))
	  ->  Bitmap Index Scan on k_8  (cost=0.00..5.48 rows=105 width=0)
	        Index Cond: ((k >= 6986002) AND (k <= 6986102))

for range-notcovered
table 1 : explain SELECT k, c FROM sbtest1 WHERE k BETWEEN 4984803 AND 4984903
	Bitmap Heap Scan on sbtest1  (cost=5.41..381.49 rows=95 width=125)
	  Recheck Cond: ((k >= 4984803) AND (k <= 4984903))
	  ->  Bitmap Index Scan on k_1  (cost=0.00..5.38 rows=95 width=0)
	        Index Cond: ((k >= 4984803) AND (k <= 4984903))

table 2 : explain SELECT k, c FROM sbtest2 WHERE k BETWEEN 4984803 AND 4984903
	Bitmap Heap Scan on sbtest2  (cost=5.49..413.00 rows=103 width=125)
	  Recheck Cond: ((k >= 4984803) AND (k <= 4984903))
	  ->  Bitmap Index Scan on k_2  (cost=0.00..5.46 rows=103 width=0)
	        Index Cond: ((k >= 4984803) AND (k <= 4984903))

table 3 : explain SELECT k, c FROM sbtest3 WHERE k BETWEEN 4984803 AND 4984903
	Bitmap Heap Scan on sbtest3  (cost=5.53..428.75 rows=107 width=125)
	  Recheck Cond: ((k >= 4984803) AND (k <= 4984903))
	  ->  Bitmap Index Scan on k_3  (cost=0.00..5.50 rows=107 width=0)
	        Index Cond: ((k >= 4984803) AND (k <= 4984903))

table 4 : explain SELECT k, c FROM sbtest4 WHERE k BETWEEN 4984803 AND 4984903
	Bitmap Heap Scan on sbtest4  (cost=5.50..416.94 rows=104 width=125)
	  Recheck Cond: ((k >= 4984803) AND (k <= 4984903))
	  ->  Bitmap Index Scan on k_4  (cost=0.00..5.47 rows=104 width=0)
	        Index Cond: ((k >= 4984803) AND (k <= 4984903))

table 5 : explain SELECT k, c FROM sbtest5 WHERE k BETWEEN 4984803 AND 4984903
	Bitmap Heap Scan on sbtest5  (cost=5.39..373.61 rows=93 width=125)
	  Recheck Cond: ((k >= 4984803) AND (k <= 4984903))
	  ->  Bitmap Index Scan on k_5  (cost=0.00..5.36 rows=93 width=0)
	        Index Cond: ((k >= 4984803) AND (k <= 4984903))

table 6 : explain SELECT k, c FROM sbtest6 WHERE k BETWEEN 4984803 AND 4984903
	Bitmap Heap Scan on sbtest6  (cost=5.45..397.25 rows=99 width=125)
	  Recheck Cond: ((k >= 4984803) AND (k <= 4984903))
	  ->  Bitmap Index Scan on k_6  (cost=0.00..5.42 rows=99 width=0)
	        Index Cond: ((k >= 4984803) AND (k <= 4984903))

table 7 : explain SELECT k, c FROM sbtest7 WHERE k BETWEEN 4984803 AND 4984903
	Bitmap Heap Scan on sbtest7  (cost=5.53..428.75 rows=107 width=125)
	  Recheck Cond: ((k >= 4984803) AND (k <= 4984903))
	  ->  Bitmap Index Scan on k_7  (cost=0.00..5.50 rows=107 width=0)
	        Index Cond: ((k >= 4984803) AND (k <= 4984903))

table 8 : explain SELECT k, c FROM sbtest8 WHERE k BETWEEN 4984803 AND 4984903
	Bitmap Heap Scan on sbtest8  (cost=5.48..409.07 rows=102 width=125)
	  Recheck Cond: ((k >= 4984803) AND (k <= 4984903))
	  ->  Bitmap Index Scan on k_8  (cost=0.00..5.45 rows=102 width=0)
	        Index Cond: ((k >= 4984803) AND (k <= 4984903))

for range-notcovered
table 1 : explain SELECT k, c FROM sbtest1 WHERE k BETWEEN 7116563 AND 7116663
	Bitmap Heap Scan on sbtest1  (cost=5.47..405.13 rows=101 width=125)
	  Recheck Cond: ((k >= 7116563) AND (k <= 7116663))
	  ->  Bitmap Index Scan on k_1  (cost=0.00..5.44 rows=101 width=0)
	        Index Cond: ((k >= 7116563) AND (k <= 7116663))

table 2 : explain SELECT k, c FROM sbtest2 WHERE k BETWEEN 7116563 AND 7116663
	Bitmap Heap Scan on sbtest2  (cost=5.59..452.36 rows=113 width=125)
	  Recheck Cond: ((k >= 7116563) AND (k <= 7116663))
	  ->  Bitmap Index Scan on k_2  (cost=0.00..5.56 rows=113 width=0)
	        Index Cond: ((k >= 7116563) AND (k <= 7116663))

table 3 : explain SELECT k, c FROM sbtest3 WHERE k BETWEEN 7116563 AND 7116663
	Bitmap Heap Scan on sbtest3  (cost=5.31..342.06 rows=85 width=125)
	  Recheck Cond: ((k >= 7116563) AND (k <= 7116663))
	  ->  Bitmap Index Scan on k_3  (cost=0.00..5.28 rows=85 width=0)
	        Index Cond: ((k >= 7116563) AND (k <= 7116663))

table 4 : explain SELECT k, c FROM sbtest4 WHERE k BETWEEN 7116563 AND 7116663
	Bitmap Heap Scan on sbtest4  (cost=5.48..409.07 rows=102 width=125)
	  Recheck Cond: ((k >= 7116563) AND (k <= 7116663))
	  ->  Bitmap Index Scan on k_4  (cost=0.00..5.45 rows=102 width=0)
	        Index Cond: ((k >= 7116563) AND (k <= 7116663))

table 5 : explain SELECT k, c FROM sbtest5 WHERE k BETWEEN 7116563 AND 7116663
	Bitmap Heap Scan on sbtest5  (cost=5.49..413.00 rows=103 width=125)
	  Recheck Cond: ((k >= 7116563) AND (k <= 7116663))
	  ->  Bitmap Index Scan on k_5  (cost=0.00..5.46 rows=103 width=0)
	        Index Cond: ((k >= 7116563) AND (k <= 7116663))

table 6 : explain SELECT k, c FROM sbtest6 WHERE k BETWEEN 7116563 AND 7116663
	Bitmap Heap Scan on sbtest6  (cost=5.47..405.13 rows=101 width=125)
	  Recheck Cond: ((k >= 7116563) AND (k <= 7116663))
	  ->  Bitmap Index Scan on k_6  (cost=0.00..5.44 rows=101 width=0)
	        Index Cond: ((k >= 7116563) AND (k <= 7116663))

table 7 : explain SELECT k, c FROM sbtest7 WHERE k BETWEEN 7116563 AND 7116663
	Bitmap Heap Scan on sbtest7  (cost=5.56..440.56 rows=110 width=125)
	  Recheck Cond: ((k >= 7116563) AND (k <= 7116663))
	  ->  Bitmap Index Scan on k_7  (cost=0.00..5.53 rows=110 width=0)
	        Index Cond: ((k >= 7116563) AND (k <= 7116663))

table 8 : explain SELECT k, c FROM sbtest8 WHERE k BETWEEN 7116563 AND 7116663
	Bitmap Heap Scan on sbtest8  (cost=5.47..405.13 rows=101 width=125)
	  Recheck Cond: ((k >= 7116563) AND (k <= 7116663))
	  ->  Bitmap Index Scan on k_8  (cost=0.00..5.44 rows=101 width=0)
	        Index Cond: ((k >= 7116563) AND (k <= 7116663))

explain: for range-notcovered :: explain SELECT k, c FROM sbtest%d WHERE k BETWEEN 6986002 AND 6986102
explain: for range-notcovered :: explain SELECT k, c FROM sbtest%d WHERE k BETWEEN 4984803 AND 4984903
explain: for range-notcovered :: explain SELECT k, c FROM sbtest%d WHERE k BETWEEN 7116563 AND 7116663
for range-notcovered
table 1 : explain SELECT k, c FROM sbtest1 WHERE k BETWEEN 3138599 AND 3138699
	Bitmap Heap Scan on sbtest1  (cost=5.46..401.19 rows=100 width=125)
	  Recheck Cond: ((k >= 3138599) AND (k <= 3138699))
	  ->  Bitmap Index Scan on k_1  (cost=0.00..5.43 rows=100 width=0)
	        Index Cond: ((k >= 3138599) AND (k <= 3138699))

table 2 : explain SELECT k, c FROM sbtest2 WHERE k BETWEEN 3138599 AND 3138699
	Bitmap Heap Scan on sbtest2  (cost=5.46..401.19 rows=100 width=125)
	  Recheck Cond: ((k >= 3138599) AND (k <= 3138699))
	  ->  Bitmap Index Scan on k_2  (cost=0.00..5.43 rows=100 width=0)
	        Index Cond: ((k >= 3138599) AND (k <= 3138699))

table 3 : explain SELECT k, c FROM sbtest3 WHERE k BETWEEN 3138599 AND 3138699
	Bitmap Heap Scan on sbtest3  (cost=5.49..413.00 rows=103 width=125)
	  Recheck Cond: ((k >= 3138599) AND (k <= 3138699))
	  ->  Bitmap Index Scan on k_3  (cost=0.00..5.46 rows=103 width=0)
	        Index Cond: ((k >= 3138599) AND (k <= 3138699))

table 4 : explain SELECT k, c FROM sbtest4 WHERE k BETWEEN 3138599 AND 3138699
	Bitmap Heap Scan on sbtest4  (cost=5.54..432.69 rows=108 width=125)
	  Recheck Cond: ((k >= 3138599) AND (k <= 3138699))
	  ->  Bitmap Index Scan on k_4  (cost=0.00..5.51 rows=108 width=0)
	        Index Cond: ((k >= 3138599) AND (k <= 3138699))

table 5 : explain SELECT k, c FROM sbtest5 WHERE k BETWEEN 3138599 AND 3138699
	Bitmap Heap Scan on sbtest5  (cost=5.41..381.49 rows=95 width=125)
	  Recheck Cond: ((k >= 3138599) AND (k <= 3138699))
	  ->  Bitmap Index Scan on k_5  (cost=0.00..5.38 rows=95 width=0)
	        Index Cond: ((k >= 3138599) AND (k <= 3138699))

table 6 : explain SELECT k, c FROM sbtest6 WHERE k BETWEEN 3138599 AND 3138699
	Bitmap Heap Scan on sbtest6  (cost=5.50..416.94 rows=104 width=125)
	  Recheck Cond: ((k >= 3138599) AND (k <= 3138699))
	  ->  Bitmap Index Scan on k_6  (cost=0.00..5.47 rows=104 width=0)
	        Index Cond: ((k >= 3138599) AND (k <= 3138699))

table 7 : explain SELECT k, c FROM sbtest7 WHERE k BETWEEN 3138599 AND 3138699
	Bitmap Heap Scan on sbtest7  (cost=5.47..405.13 rows=101 width=125)
	  Recheck Cond: ((k >= 3138599) AND (k <= 3138699))
	  ->  Bitmap Index Scan on k_7  (cost=0.00..5.44 rows=101 width=0)
	        Index Cond: ((k >= 3138599) AND (k <= 3138699))

table 8 : explain SELECT k, c FROM sbtest8 WHERE k BETWEEN 3138599 AND 3138699
	Bitmap Heap Scan on sbtest8  (cost=5.47..405.13 rows=101 width=125)
	  Recheck Cond: ((k >= 3138599) AND (k <= 3138699))
	  ->  Bitmap Index Scan on k_8  (cost=0.00..5.44 rows=101 width=0)
	        Index Cond: ((k >= 3138599) AND (k <= 3138699))

explain: for range-notcovered :: explain SELECT k, c FROM sbtest%d WHERE k BETWEEN 3138599 AND 3138699
for range-notcovered
table 1 : explain SELECT k, c FROM sbtest1 WHERE k BETWEEN 5114158 AND 5114258
	Bitmap Heap Scan on sbtest1  (cost=5.49..413.00 rows=103 width=125)
	  Recheck Cond: ((k >= 5114158) AND (k <= 5114258))
	  ->  Bitmap Index Scan on k_1  (cost=0.00..5.46 rows=103 width=0)
	        Index Cond: ((k >= 5114158) AND (k <= 5114258))

table 2 : explain SELECT k, c FROM sbtest2 WHERE k BETWEEN 5114158 AND 5114258
	Bitmap Heap Scan on sbtest2  (cost=5.41..381.49 rows=95 width=125)
	  Recheck Cond: ((k >= 5114158) AND (k <= 5114258))
	  ->  Bitmap Index Scan on k_2  (cost=0.00..5.38 rows=95 width=0)
	        Index Cond: ((k >= 5114158) AND (k <= 5114258))

table 3 : explain SELECT k, c FROM sbtest3 WHERE k BETWEEN 5114158 AND 5114258
	Bitmap Heap Scan on sbtest3  (cost=5.46..401.19 rows=100 width=125)
	  Recheck Cond: ((k >= 5114158) AND (k <= 5114258))
	  ->  Bitmap Index Scan on k_3  (cost=0.00..5.43 rows=100 width=0)
	        Index Cond: ((k >= 5114158) AND (k <= 5114258))

table 4 : explain SELECT k, c FROM sbtest4 WHERE k BETWEEN 5114158 AND 5114258
	Bitmap Heap Scan on sbtest4  (cost=5.49..413.00 rows=103 width=125)
	  Recheck Cond: ((k >= 5114158) AND (k <= 5114258))
	  ->  Bitmap Index Scan on k_4  (cost=0.00..5.46 rows=103 width=0)
	        Index Cond: ((k >= 5114158) AND (k <= 5114258))

table 5 : explain SELECT k, c FROM sbtest5 WHERE k BETWEEN 5114158 AND 5114258
	Bitmap Heap Scan on sbtest5  (cost=5.38..369.67 rows=92 width=125)
	  Recheck Cond: ((k >= 5114158) AND (k <= 5114258))
	  ->  Bitmap Index Scan on k_5  (cost=0.00..5.35 rows=92 width=0)
	        Index Cond: ((k >= 5114158) AND (k <= 5114258))

table 6 : explain SELECT k, c FROM sbtest6 WHERE k BETWEEN 5114158 AND 5114258
	Bitmap Heap Scan on sbtest6  (cost=5.44..393.31 rows=98 width=125)
	  Recheck Cond: ((k >= 5114158) AND (k <= 5114258))
	  ->  Bitmap Index Scan on k_6  (cost=0.00..5.42 rows=98 width=0)
	        Index Cond: ((k >= 5114158) AND (k <= 5114258))

table 7 : explain SELECT k, c FROM sbtest7 WHERE k BETWEEN 5114158 AND 5114258
	Bitmap Heap Scan on sbtest7  (cost=5.49..413.00 rows=103 width=125)
	  Recheck Cond: ((k >= 5114158) AND (k <= 5114258))
	  ->  Bitmap Index Scan on k_7  (cost=0.00..5.46 rows=103 width=0)
	        Index Cond: ((k >= 5114158) AND (k <= 5114258))

table 8 : explain SELECT k, c FROM sbtest8 WHERE k BETWEEN 5114158 AND 5114258
	Bitmap Heap Scan on sbtest8  (cost=5.43..389.37 rows=97 width=125)
	  Recheck Cond: ((k >= 5114158) AND (k <= 5114258))
	  ->  Bitmap Index Scan on k_8  (cost=0.00..5.40 rows=97 width=0)
	        Index Cond: ((k >= 5114158) AND (k <= 5114258))

for range-notcovered
table 1 : explain SELECT k, c FROM sbtest1 WHERE k BETWEEN 3423797 AND 3423897
	Bitmap Heap Scan on sbtest1  (cost=5.46..401.19 rows=100 width=125)
	  Recheck Cond: ((k >= 3423797) AND (k <= 3423897))
	  ->  Bitmap Index Scan on k_1  (cost=0.00..5.43 rows=100 width=0)
	        Index Cond: ((k >= 3423797) AND (k <= 3423897))

table 2 : explain SELECT k, c FROM sbtest2 WHERE k BETWEEN 3423797 AND 3423897
	Bitmap Heap Scan on sbtest2  (cost=5.54..432.69 rows=108 width=125)
	  Recheck Cond: ((k >= 3423797) AND (k <= 3423897))
	  ->  Bitmap Index Scan on k_2  (cost=0.00..5.51 rows=108 width=0)
	        Index Cond: ((k >= 3423797) AND (k <= 3423897))

table 3 : explain SELECT k, c FROM sbtest3 WHERE k BETWEEN 3423797 AND 3423897
	Bitmap Heap Scan on sbtest3  (cost=5.37..365.72 rows=91 width=125)
	  Recheck Cond: ((k >= 3423797) AND (k <= 3423897))
	  ->  Bitmap Index Scan on k_3  (cost=0.00..5.34 rows=91 width=0)
	        Index Cond: ((k >= 3423797) AND (k <= 3423897))

table 4 : explain SELECT k, c FROM sbtest4 WHERE k BETWEEN 3423797 AND 3423897
	Bitmap Heap Scan on sbtest4  (cost=5.54..432.69 rows=108 width=125)
	  Recheck Cond: ((k >= 3423797) AND (k <= 3423897))
	  ->  Bitmap Index Scan on k_4  (cost=0.00..5.51 rows=108 width=0)
	        Index Cond: ((k >= 3423797) AND (k <= 3423897))

table 5 : explain SELECT k, c FROM sbtest5 WHERE k BETWEEN 3423797 AND 3423897
	Bitmap Heap Scan on sbtest5  (cost=5.35..357.84 rows=89 width=125)
	  Recheck Cond: ((k >= 3423797) AND (k <= 3423897))
	  ->  Bitmap Index Scan on k_5  (cost=0.00..5.32 rows=89 width=0)
	        Index Cond: ((k >= 3423797) AND (k <= 3423897))

table 6 : explain SELECT k, c FROM sbtest6 WHERE k BETWEEN 3423797 AND 3423897
	Bitmap Heap Scan on sbtest6  (cost=5.42..385.43 rows=96 width=125)
	  Recheck Cond: ((k >= 3423797) AND (k <= 3423897))
	  ->  Bitmap Index Scan on k_6  (cost=0.00..5.39 rows=96 width=0)
	        Index Cond: ((k >= 3423797) AND (k <= 3423897))

table 7 : explain SELECT k, c FROM sbtest7 WHERE k BETWEEN 3423797 AND 3423897
	Bitmap Heap Scan on sbtest7  (cost=5.47..405.13 rows=101 width=125)
	  Recheck Cond: ((k >= 3423797) AND (k <= 3423897))
	  ->  Bitmap Index Scan on k_7  (cost=0.00..5.44 rows=101 width=0)
	        Index Cond: ((k >= 3423797) AND (k <= 3423897))

table 8 : explain SELECT k, c FROM sbtest8 WHERE k BETWEEN 3423797 AND 3423897
	Bitmap Heap Scan on sbtest8  (cost=5.42..385.43 rows=96 width=125)
	  Recheck Cond: ((k >= 3423797) AND (k <= 3423897))
	  ->  Bitmap Index Scan on k_8  (cost=0.00..5.39 rows=96 width=0)
	        Index Cond: ((k >= 3423797) AND (k <= 3423897))

for range-notcovered
table 1 : explain SELECT k, c FROM sbtest1 WHERE k BETWEEN 7935945 AND 7936045
	Bitmap Heap Scan on sbtest1  (cost=5.43..389.37 rows=97 width=125)
	  Recheck Cond: ((k >= 7935945) AND (k <= 7936045))
	  ->  Bitmap Index Scan on k_1  (cost=0.00..5.40 rows=97 width=0)
	        Index Cond: ((k >= 7935945) AND (k <= 7936045))

table 2 : explain SELECT k, c FROM sbtest2 WHERE k BETWEEN 7935945 AND 7936045
	Bitmap Heap Scan on sbtest2  (cost=5.45..397.25 rows=99 width=125)
	  Recheck Cond: ((k >= 7935945) AND (k <= 7936045))
	  ->  Bitmap Index Scan on k_2  (cost=0.00..5.42 rows=99 width=0)
	        Index Cond: ((k >= 7935945) AND (k <= 7936045))

table 3 : explain SELECT k, c FROM sbtest3 WHERE k BETWEEN 7935945 AND 7936045
	Bitmap Heap Scan on sbtest3  (cost=5.55..436.62 rows=109 width=125)
	  Recheck Cond: ((k >= 7935945) AND (k <= 7936045))
	  ->  Bitmap Index Scan on k_3  (cost=0.00..5.52 rows=109 width=0)
	        Index Cond: ((k >= 7935945) AND (k <= 7936045))

table 4 : explain SELECT k, c FROM sbtest4 WHERE k BETWEEN 7935945 AND 7936045
	Bitmap Heap Scan on sbtest4  (cost=5.50..416.94 rows=104 width=125)
	  Recheck Cond: ((k >= 7935945) AND (k <= 7936045))
	  ->  Bitmap Index Scan on k_4  (cost=0.00..5.47 rows=104 width=0)
	        Index Cond: ((k >= 7935945) AND (k <= 7936045))

table 5 : explain SELECT k, c FROM sbtest5 WHERE k BETWEEN 7935945 AND 7936045
	Bitmap Heap Scan on sbtest5  (cost=5.44..393.31 rows=98 width=125)
	  Recheck Cond: ((k >= 7935945) AND (k <= 7936045))
	  ->  Bitmap Index Scan on k_5  (cost=0.00..5.42 rows=98 width=0)
	        Index Cond: ((k >= 7935945) AND (k <= 7936045))

table 6 : explain SELECT k, c FROM sbtest6 WHERE k BETWEEN 7935945 AND 7936045
	Bitmap Heap Scan on sbtest6  (cost=5.44..393.31 rows=98 width=125)
	  Recheck Cond: ((k >= 7935945) AND (k <= 7936045))
	  ->  Bitmap Index Scan on k_6  (cost=0.00..5.42 rows=98 width=0)
	        Index Cond: ((k >= 7935945) AND (k <= 7936045))

table 7 : explain SELECT k, c FROM sbtest7 WHERE k BETWEEN 7935945 AND 7936045
	Bitmap Heap Scan on sbtest7  (cost=5.55..436.62 rows=109 width=125)
	  Recheck Cond: ((k >= 7935945) AND (k <= 7936045))
	  ->  Bitmap Index Scan on k_7  (cost=0.00..5.52 rows=109 width=0)
	        Index Cond: ((k >= 7935945) AND (k <= 7936045))

table 8 : explain SELECT k, c FROM sbtest8 WHERE k BETWEEN 7935945 AND 7936045
	Bitmap Heap Scan on sbtest8  (cost=5.56..440.56 rows=110 width=125)
	  Recheck Cond: ((k >= 7935945) AND (k <= 7936045))
	  ->  Bitmap Index Scan on k_8  (cost=0.00..5.53 rows=110 width=0)
	        Index Cond: ((k >= 7935945) AND (k <= 7936045))

explain: for range-notcovered :: explain SELECT k, c FROM sbtest%d WHERE k BETWEEN 3423797 AND 3423897
explain: for range-notcovered :: explain SELECT k, c FROM sbtest%d WHERE k BETWEEN 7935945 AND 7936045
for range-notcovered
table 1 : explain SELECT k, c FROM sbtest1 WHERE k BETWEEN 5314059 AND 5314159
	Bitmap Heap Scan on sbtest1  (cost=5.39..373.61 rows=93 width=125)
	  Recheck Cond: ((k >= 5314059) AND (k <= 5314159))
	  ->  Bitmap Index Scan on k_1  (cost=0.00..5.36 rows=93 width=0)
	        Index Cond: ((k >= 5314059) AND (k <= 5314159))

table 2 : explain SELECT k, c FROM sbtest2 WHERE k BETWEEN 5314059 AND 5314159
	Bitmap Heap Scan on sbtest2  (cost=5.48..409.07 rows=102 width=125)
	  Recheck Cond: ((k >= 5314059) AND (k <= 5314159))
	  ->  Bitmap Index Scan on k_2  (cost=0.00..5.45 rows=102 width=0)
	        Index Cond: ((k >= 5314059) AND (k <= 5314159))

table 3 : explain SELECT k, c FROM sbtest3 WHERE k BETWEEN 5314059 AND 5314159
	Bitmap Heap Scan on sbtest3  (cost=5.57..444.49 rows=111 width=125)
	  Recheck Cond: ((k >= 5314059) AND (k <= 5314159))
	  ->  Bitmap Index Scan on k_3  (cost=0.00..5.54 rows=111 width=0)
	        Index Cond: ((k >= 5314059) AND (k <= 5314159))

table 4 : explain SELECT k, c FROM sbtest4 WHERE k BETWEEN 5314059 AND 5314159
	Bitmap Heap Scan on sbtest4  (cost=5.40..377.55 rows=94 width=125)
	  Recheck Cond: ((k >= 5314059) AND (k <= 5314159))
	  ->  Bitmap Index Scan on k_4  (cost=0.00..5.38 rows=94 width=0)
	        Index Cond: ((k >= 5314059) AND (k <= 5314159))

table 5 : explain SELECT k, c FROM sbtest5 WHERE k BETWEEN 5314059 AND 5314159
	Bitmap Heap Scan on sbtest5  (cost=5.46..401.19 rows=100 width=125)
	  Recheck Cond: ((k >= 5314059) AND (k <= 5314159))
	  ->  Bitmap Index Scan on k_5  (cost=0.00..5.43 rows=100 width=0)
	        Index Cond: ((k >= 5314059) AND (k <= 5314159))

table 6 : explain SELECT k, c FROM sbtest6 WHERE k BETWEEN 5314059 AND 5314159
	Bitmap Heap Scan on sbtest6  (cost=5.48..409.07 rows=102 width=125)
	  Recheck Cond: ((k >= 5314059) AND (k <= 5314159))
	  ->  Bitmap Index Scan on k_6  (cost=0.00..5.45 rows=102 width=0)
	        Index Cond: ((k >= 5314059) AND (k <= 5314159))

table 7 : explain SELECT k, c FROM sbtest7 WHERE k BETWEEN 5314059 AND 5314159
	Bitmap Heap Scan on sbtest7  (cost=5.45..397.25 rows=99 width=125)
	  Recheck Cond: ((k >= 5314059) AND (k <= 5314159))
	  ->  Bitmap Index Scan on k_7  (cost=0.00..5.42 rows=99 width=0)
	        Index Cond: ((k >= 5314059) AND (k <= 5314159))

table 8 : explain SELECT k, c FROM sbtest8 WHERE k BETWEEN 5314059 AND 5314159
	Bitmap Heap Scan on sbtest8  (cost=5.45..397.25 rows=99 width=125)
	  Recheck Cond: ((k >= 5314059) AND (k <= 5314159))
	  ->  Bitmap Index Scan on k_8  (cost=0.00..5.42 rows=99 width=0)
	        Index Cond: ((k >= 5314059) AND (k <= 5314159))

explain: for range-notcovered :: explain SELECT k, c FROM sbtest%d WHERE k BETWEEN 5314059 AND 5314159
for range-notcovered
table 1 : explain SELECT k, c FROM sbtest1 WHERE k BETWEEN 6986002 AND 6986102
	Bitmap Heap Scan on sbtest1  (cost=5.49..413.00 rows=103 width=125)
	  Recheck Cond: ((k >= 6986002) AND (k <= 6986102))
	  ->  Bitmap Index Scan on k_1  (cost=0.00..5.46 rows=103 width=0)
	        Index Cond: ((k >= 6986002) AND (k <= 6986102))

table 2 : explain SELECT k, c FROM sbtest2 WHERE k BETWEEN 6986002 AND 6986102
	Bitmap Heap Scan on sbtest2  (cost=5.58..448.42 rows=112 width=125)
	  Recheck Cond: ((k >= 6986002) AND (k <= 6986102))
	  ->  Bitmap Index Scan on k_2  (cost=0.00..5.55 rows=112 width=0)
	        Index Cond: ((k >= 6986002) AND (k <= 6986102))

table 3 : explain SELECT k, c FROM sbtest3 WHERE k BETWEEN 6986002 AND 6986102
	Bitmap Heap Scan on sbtest3  (cost=5.60..456.29 rows=114 width=125)
	  Recheck Cond: ((k >= 6986002) AND (k <= 6986102))
	  ->  Bitmap Index Scan on k_3  (cost=0.00..5.58 rows=114 width=0)
	        Index Cond: ((k >= 6986002) AND (k <= 6986102))

table 4 : explain SELECT k, c FROM sbtest4 WHERE k BETWEEN 6986002 AND 6986102
	Bitmap Heap Scan on sbtest4  (cost=5.55..436.62 rows=109 width=125)
	  Recheck Cond: ((k >= 6986002) AND (k <= 6986102))
	  ->  Bitmap Index Scan on k_4  (cost=0.00..5.52 rows=109 width=0)
	        Index Cond: ((k >= 6986002) AND (k <= 6986102))

table 5 : explain SELECT k, c FROM sbtest5 WHERE k BETWEEN 6986002 AND 6986102
	Bitmap Heap Scan on sbtest5  (cost=5.49..413.00 rows=103 width=125)
	  Recheck Cond: ((k >= 6986002) AND (k <= 6986102))
	  ->  Bitmap Index Scan on k_5  (cost=0.00..5.46 rows=103 width=0)
	        Index Cond: ((k >= 6986002) AND (k <= 6986102))

table 6 : explain SELECT k, c FROM sbtest6 WHERE k BETWEEN 6986002 AND 6986102
	Bitmap Heap Scan on sbtest6  (cost=5.37..365.72 rows=91 width=125)
	  Recheck Cond: ((k >= 6986002) AND (k <= 6986102))
	  ->  Bitmap Index Scan on k_6  (cost=0.00..5.34 rows=91 width=0)
	        Index Cond: ((k >= 6986002) AND (k <= 6986102))

table 7 : explain SELECT k, c FROM sbtest7 WHERE k BETWEEN 6986002 AND 6986102
	Bitmap Heap Scan on sbtest7  (cost=5.32..346.00 rows=86 width=125)
	  Recheck Cond: ((k >= 6986002) AND (k <= 6986102))
	  ->  Bitmap Index Scan on k_7  (cost=0.00..5.29 rows=86 width=0)
	        Index Cond: ((k >= 6986002) AND (k <= 6986102))

table 8 : explain SELECT k, c FROM sbtest8 WHERE k BETWEEN 6986002 AND 6986102
	Bitmap Heap Scan on sbtest8  (cost=5.51..420.88 rows=105 width=125)
	  Recheck Cond: ((k >= 6986002) AND (k <= 6986102))
	  ->  Bitmap Index Scan on k_8  (cost=0.00..5.48 rows=105 width=0)
	        Index Cond: ((k >= 6986002) AND (k <= 6986102))

for range-notcovered
table 1 : explain SELECT k, c FROM sbtest1 WHERE k BETWEEN 4984803 AND 4984903
	Bitmap Heap Scan on sbtest1  (cost=5.41..381.49 rows=95 width=125)
	  Recheck Cond: ((k >= 4984803) AND (k <= 4984903))
	  ->  Bitmap Index Scan on k_1  (cost=0.00..5.38 rows=95 width=0)
	        Index Cond: ((k >= 4984803) AND (k <= 4984903))

table 2 : explain SELECT k, c FROM sbtest2 WHERE k BETWEEN 4984803 AND 4984903
	Bitmap Heap Scan on sbtest2  (cost=5.49..413.00 rows=103 width=125)
	  Recheck Cond: ((k >= 4984803) AND (k <= 4984903))
	  ->  Bitmap Index Scan on k_2  (cost=0.00..5.46 rows=103 width=0)
	        Index Cond: ((k >= 4984803) AND (k <= 4984903))

table 3 : explain SELECT k, c FROM sbtest3 WHERE k BETWEEN 4984803 AND 4984903
	Bitmap Heap Scan on sbtest3  (cost=5.53..428.75 rows=107 width=125)
	  Recheck Cond: ((k >= 4984803) AND (k <= 4984903))
	  ->  Bitmap Index Scan on k_3  (cost=0.00..5.50 rows=107 width=0)
	        Index Cond: ((k >= 4984803) AND (k <= 4984903))

table 4 : explain SELECT k, c FROM sbtest4 WHERE k BETWEEN 4984803 AND 4984903
	Bitmap Heap Scan on sbtest4  (cost=5.50..416.94 rows=104 width=125)
	  Recheck Cond: ((k >= 4984803) AND (k <= 4984903))
	  ->  Bitmap Index Scan on k_4  (cost=0.00..5.47 rows=104 width=0)
	        Index Cond: ((k >= 4984803) AND (k <= 4984903))

table 5 : explain SELECT k, c FROM sbtest5 WHERE k BETWEEN 4984803 AND 4984903
	Bitmap Heap Scan on sbtest5  (cost=5.39..373.61 rows=93 width=125)
	  Recheck Cond: ((k >= 4984803) AND (k <= 4984903))
	  ->  Bitmap Index Scan on k_5  (cost=0.00..5.36 rows=93 width=0)
	        Index Cond: ((k >= 4984803) AND (k <= 4984903))

table 6 : explain SELECT k, c FROM sbtest6 WHERE k BETWEEN 4984803 AND 4984903
	Bitmap Heap Scan on sbtest6  (cost=5.45..397.25 rows=99 width=125)
	  Recheck Cond: ((k >= 4984803) AND (k <= 4984903))
	  ->  Bitmap Index Scan on k_6  (cost=0.00..5.42 rows=99 width=0)
	        Index Cond: ((k >= 4984803) AND (k <= 4984903))

table 7 : explain SELECT k, c FROM sbtest7 WHERE k BETWEEN 4984803 AND 4984903
	Bitmap Heap Scan on sbtest7  (cost=5.53..428.75 rows=107 width=125)
	  Recheck Cond: ((k >= 4984803) AND (k <= 4984903))
	  ->  Bitmap Index Scan on k_7  (cost=0.00..5.50 rows=107 width=0)
	        Index Cond: ((k >= 4984803) AND (k <= 4984903))

table 8 : explain SELECT k, c FROM sbtest8 WHERE k BETWEEN 4984803 AND 4984903
	Bitmap Heap Scan on sbtest8  (cost=5.48..409.07 rows=102 width=125)
	  Recheck Cond: ((k >= 4984803) AND (k <= 4984903))
	  ->  Bitmap Index Scan on k_8  (cost=0.00..5.45 rows=102 width=0)
	        Index Cond: ((k >= 4984803) AND (k <= 4984903))

for range-notcovered
table 1 : explain SELECT k, c FROM sbtest1 WHERE k BETWEEN 7116563 AND 7116663
	Bitmap Heap Scan on sbtest1  (cost=5.47..405.13 rows=101 width=125)
	  Recheck Cond: ((k >= 7116563) AND (k <= 7116663))
	  ->  Bitmap Index Scan on k_1  (cost=0.00..5.44 rows=101 width=0)
	        Index Cond: ((k >= 7116563) AND (k <= 7116663))

table 2 : explain SELECT k, c FROM sbtest2 WHERE k BETWEEN 7116563 AND 7116663
	Bitmap Heap Scan on sbtest2  (cost=5.59..452.36 rows=113 width=125)
	  Recheck Cond: ((k >= 7116563) AND (k <= 7116663))
	  ->  Bitmap Index Scan on k_2  (cost=0.00..5.56 rows=113 width=0)
	        Index Cond: ((k >= 7116563) AND (k <= 7116663))

table 3 : explain SELECT k, c FROM sbtest3 WHERE k BETWEEN 7116563 AND 7116663
	Bitmap Heap Scan on sbtest3  (cost=5.31..342.06 rows=85 width=125)
	  Recheck Cond: ((k >= 7116563) AND (k <= 7116663))
	  ->  Bitmap Index Scan on k_3  (cost=0.00..5.28 rows=85 width=0)
	        Index Cond: ((k >= 7116563) AND (k <= 7116663))

table 4 : explain SELECT k, c FROM sbtest4 WHERE k BETWEEN 7116563 AND 7116663
	Bitmap Heap Scan on sbtest4  (cost=5.48..409.07 rows=102 width=125)
	  Recheck Cond: ((k >= 7116563) AND (k <= 7116663))
	  ->  Bitmap Index Scan on k_4  (cost=0.00..5.45 rows=102 width=0)
	        Index Cond: ((k >= 7116563) AND (k <= 7116663))

table 5 : explain SELECT k, c FROM sbtest5 WHERE k BETWEEN 7116563 AND 7116663
	Bitmap Heap Scan on sbtest5  (cost=5.49..413.00 rows=103 width=125)
	  Recheck Cond: ((k >= 7116563) AND (k <= 7116663))
	  ->  Bitmap Index Scan on k_5  (cost=0.00..5.46 rows=103 width=0)
	        Index Cond: ((k >= 7116563) AND (k <= 7116663))

table 6 : explain SELECT k, c FROM sbtest6 WHERE k BETWEEN 7116563 AND 7116663
	Bitmap Heap Scan on sbtest6  (cost=5.47..405.13 rows=101 width=125)
	  Recheck Cond: ((k >= 7116563) AND (k <= 7116663))
	  ->  Bitmap Index Scan on k_6  (cost=0.00..5.44 rows=101 width=0)
	        Index Cond: ((k >= 7116563) AND (k <= 7116663))

table 7 : explain SELECT k, c FROM sbtest7 WHERE k BETWEEN 7116563 AND 7116663
	Bitmap Heap Scan on sbtest7  (cost=5.56..440.56 rows=110 width=125)
	  Recheck Cond: ((k >= 7116563) AND (k <= 7116663))
	  ->  Bitmap Index Scan on k_7  (cost=0.00..5.53 rows=110 width=0)
	        Index Cond: ((k >= 7116563) AND (k <= 7116663))

table 8 : explain SELECT k, c FROM sbtest8 WHERE k BETWEEN 7116563 AND 7116663
	Bitmap Heap Scan on sbtest8  (cost=5.47..405.13 rows=101 width=125)
	  Recheck Cond: ((k >= 7116563) AND (k <= 7116663))
	  ->  Bitmap Index Scan on k_8  (cost=0.00..5.44 rows=101 width=0)
	        Index Cond: ((k >= 7116563) AND (k <= 7116663))

for range-notcovered
table 1 : explain SELECT k, c FROM sbtest1 WHERE k BETWEEN 2713343 AND 2713443
	Bitmap Heap Scan on sbtest1  (cost=5.36..361.78 rows=90 width=125)
	  Recheck Cond: ((k >= 2713343) AND (k <= 2713443))
	  ->  Bitmap Index Scan on k_1  (cost=0.00..5.33 rows=90 width=0)
	        Index Cond: ((k >= 2713343) AND (k <= 2713443))

table 2 : explain SELECT k, c FROM sbtest2 WHERE k BETWEEN 2713343 AND 2713443
	Bitmap Heap Scan on sbtest2  (cost=5.57..444.49 rows=111 width=125)
	  Recheck Cond: ((k >= 2713343) AND (k <= 2713443))
	  ->  Bitmap Index Scan on k_2  (cost=0.00..5.54 rows=111 width=0)
	        Index Cond: ((k >= 2713343) AND (k <= 2713443))

table 3 : explain SELECT k, c FROM sbtest3 WHERE k BETWEEN 2713343 AND 2713443
	Bitmap Heap Scan on sbtest3  (cost=5.48..409.07 rows=102 width=125)
	  Recheck Cond: ((k >= 2713343) AND (k <= 2713443))
	  ->  Bitmap Index Scan on k_3  (cost=0.00..5.45 rows=102 width=0)
	        Index Cond: ((k >= 2713343) AND (k <= 2713443))

table 4 : explain SELECT k, c FROM sbtest4 WHERE k BETWEEN 2713343 AND 2713443
	Bitmap Heap Scan on sbtest4  (cost=5.49..413.00 rows=103 width=125)
	  Recheck Cond: ((k >= 2713343) AND (k <= 2713443))
	  ->  Bitmap Index Scan on k_4  (cost=0.00..5.46 rows=103 width=0)
	        Index Cond: ((k >= 2713343) AND (k <= 2713443))

table 5 : explain SELECT k, c FROM sbtest5 WHERE k BETWEEN 2713343 AND 2713443
	Bitmap Heap Scan on sbtest5  (cost=5.55..436.62 rows=109 width=125)
	  Recheck Cond: ((k >= 2713343) AND (k <= 2713443))
	  ->  Bitmap Index Scan on k_5  (cost=0.00..5.52 rows=109 width=0)
	        Index Cond: ((k >= 2713343) AND (k <= 2713443))

table 6 : explain SELECT k, c FROM sbtest6 WHERE k BETWEEN 2713343 AND 2713443
	Bitmap Heap Scan on sbtest6  (cost=5.49..413.00 rows=103 width=125)
	  Recheck Cond: ((k >= 2713343) AND (k <= 2713443))
	  ->  Bitmap Index Scan on k_6  (cost=0.00..5.46 rows=103 width=0)
	        Index Cond: ((k >= 2713343) AND (k <= 2713443))

table 7 : explain SELECT k, c FROM sbtest7 WHERE k BETWEEN 2713343 AND 2713443
	Bitmap Heap Scan on sbtest7  (cost=5.46..401.19 rows=100 width=125)
	  Recheck Cond: ((k >= 2713343) AND (k <= 2713443))
	  ->  Bitmap Index Scan on k_7  (cost=0.00..5.43 rows=100 width=0)
	        Index Cond: ((k >= 2713343) AND (k <= 2713443))

table 8 : explain SELECT k, c FROM sbtest8 WHERE k BETWEEN 2713343 AND 2713443
	Bitmap Heap Scan on sbtest8  (cost=5.50..416.94 rows=104 width=125)
	  Recheck Cond: ((k >= 2713343) AND (k <= 2713443))
	  ->  Bitmap Index Scan on k_8  (cost=0.00..5.47 rows=104 width=0)
	        Index Cond: ((k >= 2713343) AND (k <= 2713443))

explain: for range-notcovered :: explain SELECT k, c FROM sbtest%d WHERE k BETWEEN 6986002 AND 6986102
explain: for range-notcovered :: explain SELECT k, c FROM sbtest%d WHERE k BETWEEN 4984803 AND 4984903
explain: for range-notcovered :: explain SELECT k, c FROM sbtest%d WHERE k BETWEEN 2713343 AND 2713443
for range-notcovered
table 1 : explain SELECT k, c FROM sbtest1 WHERE k BETWEEN 3138599 AND 3138699
	Bitmap Heap Scan on sbtest1  (cost=5.46..401.19 rows=100 width=125)
	  Recheck Cond: ((k >= 3138599) AND (k <= 3138699))
	  ->  Bitmap Index Scan on k_1  (cost=0.00..5.43 rows=100 width=0)
	        Index Cond: ((k >= 3138599) AND (k <= 3138699))

table 2 : explain SELECT k, c FROM sbtest2 WHERE k BETWEEN 3138599 AND 3138699
	Bitmap Heap Scan on sbtest2  (cost=5.46..401.19 rows=100 width=125)
	  Recheck Cond: ((k >= 3138599) AND (k <= 3138699))
	  ->  Bitmap Index Scan on k_2  (cost=0.00..5.43 rows=100 width=0)
	        Index Cond: ((k >= 3138599) AND (k <= 3138699))

table 3 : explain SELECT k, c FROM sbtest3 WHERE k BETWEEN 3138599 AND 3138699
	Bitmap Heap Scan on sbtest3  (cost=5.49..413.00 rows=103 width=125)
	  Recheck Cond: ((k >= 3138599) AND (k <= 3138699))
	  ->  Bitmap Index Scan on k_3  (cost=0.00..5.46 rows=103 width=0)
	        Index Cond: ((k >= 3138599) AND (k <= 3138699))

table 4 : explain SELECT k, c FROM sbtest4 WHERE k BETWEEN 3138599 AND 3138699
	Bitmap Heap Scan on sbtest4  (cost=5.54..432.69 rows=108 width=125)
	  Recheck Cond: ((k >= 3138599) AND (k <= 3138699))
	  ->  Bitmap Index Scan on k_4  (cost=0.00..5.51 rows=108 width=0)
	        Index Cond: ((k >= 3138599) AND (k <= 3138699))

table 5 : explain SELECT k, c FROM sbtest5 WHERE k BETWEEN 3138599 AND 3138699
	Bitmap Heap Scan on sbtest5  (cost=5.41..381.49 rows=95 width=125)
	  Recheck Cond: ((k >= 3138599) AND (k <= 3138699))
	  ->  Bitmap Index Scan on k_5  (cost=0.00..5.38 rows=95 width=0)
	        Index Cond: ((k >= 3138599) AND (k <= 3138699))

table 6 : explain SELECT k, c FROM sbtest6 WHERE k BETWEEN 3138599 AND 3138699
	Bitmap Heap Scan on sbtest6  (cost=5.50..416.94 rows=104 width=125)
	  Recheck Cond: ((k >= 3138599) AND (k <= 3138699))
	  ->  Bitmap Index Scan on k_6  (cost=0.00..5.47 rows=104 width=0)
	        Index Cond: ((k >= 3138599) AND (k <= 3138699))

table 7 : explain SELECT k, c FROM sbtest7 WHERE k BETWEEN 3138599 AND 3138699
	Bitmap Heap Scan on sbtest7  (cost=5.47..405.13 rows=101 width=125)
	  Recheck Cond: ((k >= 3138599) AND (k <= 3138699))
	  ->  Bitmap Index Scan on k_7  (cost=0.00..5.44 rows=101 width=0)
	        Index Cond: ((k >= 3138599) AND (k <= 3138699))

table 8 : explain SELECT k, c FROM sbtest8 WHERE k BETWEEN 3138599 AND 3138699
	Bitmap Heap Scan on sbtest8  (cost=5.47..405.13 rows=101 width=125)
	  Recheck Cond: ((k >= 3138599) AND (k <= 3138699))
	  ->  Bitmap Index Scan on k_8  (cost=0.00..5.44 rows=101 width=0)
	        Index Cond: ((k >= 3138599) AND (k <= 3138699))

explain: for range-notcovered :: explain SELECT k, c FROM sbtest%d WHERE k BETWEEN 3138599 AND 3138699
for range-notcovered
table 1 : explain SELECT k, c FROM sbtest1 WHERE k BETWEEN 3423797 AND 3423897
	Bitmap Heap Scan on sbtest1  (cost=5.46..401.19 rows=100 width=125)
	  Recheck Cond: ((k >= 3423797) AND (k <= 3423897))
	  ->  Bitmap Index Scan on k_1  (cost=0.00..5.43 rows=100 width=0)
	        Index Cond: ((k >= 3423797) AND (k <= 3423897))

table 2 : explain SELECT k, c FROM sbtest2 WHERE k BETWEEN 3423797 AND 3423897
	Bitmap Heap Scan on sbtest2  (cost=5.54..432.69 rows=108 width=125)
	  Recheck Cond: ((k >= 3423797) AND (k <= 3423897))
	  ->  Bitmap Index Scan on k_2  (cost=0.00..5.51 rows=108 width=0)
	        Index Cond: ((k >= 3423797) AND (k <= 3423897))

table 3 : explain SELECT k, c FROM sbtest3 WHERE k BETWEEN 3423797 AND 3423897
	Bitmap Heap Scan on sbtest3  (cost=5.37..365.72 rows=91 width=125)
	  Recheck Cond: ((k >= 3423797) AND (k <= 3423897))
	  ->  Bitmap Index Scan on k_3  (cost=0.00..5.34 rows=91 width=0)
	        Index Cond: ((k >= 3423797) AND (k <= 3423897))

table 4 : explain SELECT k, c FROM sbtest4 WHERE k BETWEEN 3423797 AND 3423897
	Bitmap Heap Scan on sbtest4  (cost=5.54..432.69 rows=108 width=125)
	  Recheck Cond: ((k >= 3423797) AND (k <= 3423897))
	  ->  Bitmap Index Scan on k_4  (cost=0.00..5.51 rows=108 width=0)
	        Index Cond: ((k >= 3423797) AND (k <= 3423897))

table 5 : explain SELECT k, c FROM sbtest5 WHERE k BETWEEN 3423797 AND 3423897
	Bitmap Heap Scan on sbtest5  (cost=5.35..357.84 rows=89 width=125)
	  Recheck Cond: ((k >= 3423797) AND (k <= 3423897))
	  ->  Bitmap Index Scan on k_5  (cost=0.00..5.32 rows=89 width=0)
	        Index Cond: ((k >= 3423797) AND (k <= 3423897))

table 6 : explain SELECT k, c FROM sbtest6 WHERE k BETWEEN 3423797 AND 3423897
	Bitmap Heap Scan on sbtest6  (cost=5.42..385.43 rows=96 width=125)
	  Recheck Cond: ((k >= 3423797) AND (k <= 3423897))
	  ->  Bitmap Index Scan on k_6  (cost=0.00..5.39 rows=96 width=0)
	        Index Cond: ((k >= 3423797) AND (k <= 3423897))

table 7 : explain SELECT k, c FROM sbtest7 WHERE k BETWEEN 3423797 AND 3423897
	Bitmap Heap Scan on sbtest7  (cost=5.47..405.13 rows=101 width=125)
	  Recheck Cond: ((k >= 3423797) AND (k <= 3423897))
	  ->  Bitmap Index Scan on k_7  (cost=0.00..5.44 rows=101 width=0)
	        Index Cond: ((k >= 3423797) AND (k <= 3423897))

table 8 : explain SELECT k, c FROM sbtest8 WHERE k BETWEEN 3423797 AND 3423897
	Bitmap Heap Scan on sbtest8  (cost=5.42..385.43 rows=96 width=125)
	  Recheck Cond: ((k >= 3423797) AND (k <= 3423897))
	  ->  Bitmap Index Scan on k_8  (cost=0.00..5.39 rows=96 width=0)
	        Index Cond: ((k >= 3423797) AND (k <= 3423897))

explain: for range-notcovered :: explain SELECT k, c FROM sbtest%d WHERE k BETWEEN 3981026 AND 3981126
for range-notcovered
table 1 : explain SELECT k, c FROM sbtest1 WHERE k BETWEEN 7935945 AND 7936045
	Bitmap Heap Scan on sbtest1  (cost=5.43..389.37 rows=97 width=125)
	  Recheck Cond: ((k >= 7935945) AND (k <= 7936045))
	  ->  Bitmap Index Scan on k_1  (cost=0.00..5.40 rows=97 width=0)
	        Index Cond: ((k >= 7935945) AND (k <= 7936045))

table 2 : explain SELECT k, c FROM sbtest2 WHERE k BETWEEN 7935945 AND 7936045
	Bitmap Heap Scan on sbtest2  (cost=5.45..397.25 rows=99 width=125)
	  Recheck Cond: ((k >= 7935945) AND (k <= 7936045))
	  ->  Bitmap Index Scan on k_2  (cost=0.00..5.42 rows=99 width=0)
	        Index Cond: ((k >= 7935945) AND (k <= 7936045))

table 3 : explain SELECT k, c FROM sbtest3 WHERE k BETWEEN 7935945 AND 7936045
	Bitmap Heap Scan on sbtest3  (cost=5.55..436.62 rows=109 width=125)
	  Recheck Cond: ((k >= 7935945) AND (k <= 7936045))
	  ->  Bitmap Index Scan on k_3  (cost=0.00..5.52 rows=109 width=0)
	        Index Cond: ((k >= 7935945) AND (k <= 7936045))

table 4 : explain SELECT k, c FROM sbtest4 WHERE k BETWEEN 7935945 AND 7936045
	Bitmap Heap Scan on sbtest4  (cost=5.50..416.94 rows=104 width=125)
	  Recheck Cond: ((k >= 7935945) AND (k <= 7936045))
	  ->  Bitmap Index Scan on k_4  (cost=0.00..5.47 rows=104 width=0)
	        Index Cond: ((k >= 7935945) AND (k <= 7936045))

table 5 : explain SELECT k, c FROM sbtest5 WHERE k BETWEEN 7935945 AND 7936045
	Bitmap Heap Scan on sbtest5  (cost=5.44..393.31 rows=98 width=125)
	  Recheck Cond: ((k >= 7935945) AND (k <= 7936045))
	  ->  Bitmap Index Scan on k_5  (cost=0.00..5.42 rows=98 width=0)
	        Index Cond: ((k >= 7935945) AND (k <= 7936045))

table 6 : explain SELECT k, c FROM sbtest6 WHERE k BETWEEN 7935945 AND 7936045
	Bitmap Heap Scan on sbtest6  (cost=5.44..393.31 rows=98 width=125)
	  Recheck Cond: ((k >= 7935945) AND (k <= 7936045))
	  ->  Bitmap Index Scan on k_6  (cost=0.00..5.42 rows=98 width=0)
	        Index Cond: ((k >= 7935945) AND (k <= 7936045))

table 7 : explain SELECT k, c FROM sbtest7 WHERE k BETWEEN 7935945 AND 7936045
	Bitmap Heap Scan on sbtest7  (cost=5.55..436.62 rows=109 width=125)
	  Recheck Cond: ((k >= 7935945) AND (k <= 7936045))
	  ->  Bitmap Index Scan on k_7  (cost=0.00..5.52 rows=109 width=0)
	        Index Cond: ((k >= 7935945) AND (k <= 7936045))

table 8 : explain SELECT k, c FROM sbtest8 WHERE k BETWEEN 7935945 AND 7936045
	Bitmap Heap Scan on sbtest8  (cost=5.56..440.56 rows=110 width=125)
	  Recheck Cond: ((k >= 7935945) AND (k <= 7936045))
	  ->  Bitmap Index Scan on k_8  (cost=0.00..5.53 rows=110 width=0)
	        Index Cond: ((k >= 7935945) AND (k <= 7936045))

explain: for range-notcovered :: explain SELECT k, c FROM sbtest%d WHERE k BETWEEN 3423797 AND 3423897
explain: for range-notcovered :: explain SELECT k, c FROM sbtest%d WHERE k BETWEEN 7935945 AND 7936045
for range-notcovered
table 1 : explain SELECT k, c FROM sbtest1 WHERE k BETWEEN 5314059 AND 5314159
	Bitmap Heap Scan on sbtest1  (cost=5.39..373.61 rows=93 width=125)
	  Recheck Cond: ((k >= 5314059) AND (k <= 5314159))
	  ->  Bitmap Index Scan on k_1  (cost=0.00..5.36 rows=93 width=0)
	        Index Cond: ((k >= 5314059) AND (k <= 5314159))

table 2 : explain SELECT k, c FROM sbtest2 WHERE k BETWEEN 5314059 AND 5314159
	Bitmap Heap Scan on sbtest2  (cost=5.48..409.07 rows=102 width=125)
	  Recheck Cond: ((k >= 5314059) AND (k <= 5314159))
	  ->  Bitmap Index Scan on k_2  (cost=0.00..5.45 rows=102 width=0)
	        Index Cond: ((k >= 5314059) AND (k <= 5314159))

table 3 : explain SELECT k, c FROM sbtest3 WHERE k BETWEEN 5314059 AND 5314159
	Bitmap Heap Scan on sbtest3  (cost=5.57..444.49 rows=111 width=125)
	  Recheck Cond: ((k >= 5314059) AND (k <= 5314159))
	  ->  Bitmap Index Scan on k_3  (cost=0.00..5.54 rows=111 width=0)
	        Index Cond: ((k >= 5314059) AND (k <= 5314159))

table 4 : explain SELECT k, c FROM sbtest4 WHERE k BETWEEN 5314059 AND 5314159
	Bitmap Heap Scan on sbtest4  (cost=5.40..377.55 rows=94 width=125)
	  Recheck Cond: ((k >= 5314059) AND (k <= 5314159))
	  ->  Bitmap Index Scan on k_4  (cost=0.00..5.38 rows=94 width=0)
	        Index Cond: ((k >= 5314059) AND (k <= 5314159))

table 5 : explain SELECT k, c FROM sbtest5 WHERE k BETWEEN 5314059 AND 5314159
	Bitmap Heap Scan on sbtest5  (cost=5.46..401.19 rows=100 width=125)
	  Recheck Cond: ((k >= 5314059) AND (k <= 5314159))
	  ->  Bitmap Index Scan on k_5  (cost=0.00..5.43 rows=100 width=0)
	        Index Cond: ((k >= 5314059) AND (k <= 5314159))

table 6 : explain SELECT k, c FROM sbtest6 WHERE k BETWEEN 5314059 AND 5314159
	Bitmap Heap Scan on sbtest6  (cost=5.48..409.07 rows=102 width=125)
	  Recheck Cond: ((k >= 5314059) AND (k <= 5314159))
	  ->  Bitmap Index Scan on k_6  (cost=0.00..5.45 rows=102 width=0)
	        Index Cond: ((k >= 5314059) AND (k <= 5314159))

table 7 : explain SELECT k, c FROM sbtest7 WHERE k BETWEEN 5314059 AND 5314159
	Bitmap Heap Scan on sbtest7  (cost=5.45..397.25 rows=99 width=125)
	  Recheck Cond: ((k >= 5314059) AND (k <= 5314159))
	  ->  Bitmap Index Scan on k_7  (cost=0.00..5.42 rows=99 width=0)
	        Index Cond: ((k >= 5314059) AND (k <= 5314159))

table 8 : explain SELECT k, c FROM sbtest8 WHERE k BETWEEN 5314059 AND 5314159
	Bitmap Heap Scan on sbtest8  (cost=5.45..397.25 rows=99 width=125)
	  Recheck Cond: ((k >= 5314059) AND (k <= 5314159))
	  ->  Bitmap Index Scan on k_8  (cost=0.00..5.42 rows=99 width=0)
	        Index Cond: ((k >= 5314059) AND (k <= 5314159))

for range-notcovered
table 1 : explain SELECT k, c FROM sbtest1 WHERE k BETWEEN 4984803 AND 4984903
	Bitmap Heap Scan on sbtest1  (cost=5.41..381.49 rows=95 width=125)
	  Recheck Cond: ((k >= 4984803) AND (k <= 4984903))
	  ->  Bitmap Index Scan on k_1  (cost=0.00..5.38 rows=95 width=0)
	        Index Cond: ((k >= 4984803) AND (k <= 4984903))

table 2 : explain SELECT k, c FROM sbtest2 WHERE k BETWEEN 4984803 AND 4984903
	Bitmap Heap Scan on sbtest2  (cost=5.49..413.00 rows=103 width=125)
	  Recheck Cond: ((k >= 4984803) AND (k <= 4984903))
	  ->  Bitmap Index Scan on k_2  (cost=0.00..5.46 rows=103 width=0)
	        Index Cond: ((k >= 4984803) AND (k <= 4984903))

table 3 : explain SELECT k, c FROM sbtest3 WHERE k BETWEEN 4984803 AND 4984903
	Bitmap Heap Scan on sbtest3  (cost=5.53..428.75 rows=107 width=125)
	  Recheck Cond: ((k >= 4984803) AND (k <= 4984903))
	  ->  Bitmap Index Scan on k_3  (cost=0.00..5.50 rows=107 width=0)
	        Index Cond: ((k >= 4984803) AND (k <= 4984903))

table 4 : explain SELECT k, c FROM sbtest4 WHERE k BETWEEN 4984803 AND 4984903
	Bitmap Heap Scan on sbtest4  (cost=5.50..416.94 rows=104 width=125)
	  Recheck Cond: ((k >= 4984803) AND (k <= 4984903))
	  ->  Bitmap Index Scan on k_4  (cost=0.00..5.47 rows=104 width=0)
	        Index Cond: ((k >= 4984803) AND (k <= 4984903))

table 5 : explain SELECT k, c FROM sbtest5 WHERE k BETWEEN 4984803 AND 4984903
	Bitmap Heap Scan on sbtest5  (cost=5.39..373.61 rows=93 width=125)
	  Recheck Cond: ((k >= 4984803) AND (k <= 4984903))
	  ->  Bitmap Index Scan on k_5  (cost=0.00..5.36 rows=93 width=0)
	        Index Cond: ((k >= 4984803) AND (k <= 4984903))

table 6 : explain SELECT k, c FROM sbtest6 WHERE k BETWEEN 4984803 AND 4984903
	Bitmap Heap Scan on sbtest6  (cost=5.45..397.25 rows=99 width=125)
	  Recheck Cond: ((k >= 4984803) AND (k <= 4984903))
	  ->  Bitmap Index Scan on k_6  (cost=0.00..5.42 rows=99 width=0)
	        Index Cond: ((k >= 4984803) AND (k <= 4984903))

table 7 : explain SELECT k, c FROM sbtest7 WHERE k BETWEEN 4984803 AND 4984903
	Bitmap Heap Scan on sbtest7  (cost=5.53..428.75 rows=107 width=125)
	  Recheck Cond: ((k >= 4984803) AND (k <= 4984903))
	  ->  Bitmap Index Scan on k_7  (cost=0.00..5.50 rows=107 width=0)
	        Index Cond: ((k >= 4984803) AND (k <= 4984903))

table 8 : explain SELECT k, c FROM sbtest8 WHERE k BETWEEN 4984803 AND 4984903
	Bitmap Heap Scan on sbtest8  (cost=5.48..409.07 rows=102 width=125)
	  Recheck Cond: ((k >= 4984803) AND (k <= 4984903))
	  ->  Bitmap Index Scan on k_8  (cost=0.00..5.45 rows=102 width=0)
	        Index Cond: ((k >= 4984803) AND (k <= 4984903))

for range-notcovered
table 1 : explain SELECT k, c FROM sbtest1 WHERE k BETWEEN 6986002 AND 6986102
	Bitmap Heap Scan on sbtest1  (cost=5.49..413.00 rows=103 width=125)
	  Recheck Cond: ((k >= 6986002) AND (k <= 6986102))
	  ->  Bitmap Index Scan on k_1  (cost=0.00..5.46 rows=103 width=0)
	        Index Cond: ((k >= 6986002) AND (k <= 6986102))

table 2 : explain SELECT k, c FROM sbtest2 WHERE k BETWEEN 6986002 AND 6986102
	Bitmap Heap Scan on sbtest2  (cost=5.58..448.42 rows=112 width=125)
	  Recheck Cond: ((k >= 6986002) AND (k <= 6986102))
	  ->  Bitmap Index Scan on k_2  (cost=0.00..5.55 rows=112 width=0)
	        Index Cond: ((k >= 6986002) AND (k <= 6986102))

table 3 : explain SELECT k, c FROM sbtest3 WHERE k BETWEEN 6986002 AND 6986102
	Bitmap Heap Scan on sbtest3  (cost=5.60..456.29 rows=114 width=125)
	  Recheck Cond: ((k >= 6986002) AND (k <= 6986102))
	  ->  Bitmap Index Scan on k_3  (cost=0.00..5.58 rows=114 width=0)
	        Index Cond: ((k >= 6986002) AND (k <= 6986102))

table 4 : explain SELECT k, c FROM sbtest4 WHERE k BETWEEN 6986002 AND 6986102
	Bitmap Heap Scan on sbtest4  (cost=5.55..436.62 rows=109 width=125)
	  Recheck Cond: ((k >= 6986002) AND (k <= 6986102))
	  ->  Bitmap Index Scan on k_4  (cost=0.00..5.52 rows=109 width=0)
	        Index Cond: ((k >= 6986002) AND (k <= 6986102))

table 5 : explain SELECT k, c FROM sbtest5 WHERE k BETWEEN 6986002 AND 6986102
	Bitmap Heap Scan on sbtest5  (cost=5.49..413.00 rows=103 width=125)
	  Recheck Cond: ((k >= 6986002) AND (k <= 6986102))
	  ->  Bitmap Index Scan on k_5  (cost=0.00..5.46 rows=103 width=0)
	        Index Cond: ((k >= 6986002) AND (k <= 6986102))

table 6 : explain SELECT k, c FROM sbtest6 WHERE k BETWEEN 6986002 AND 6986102
	Bitmap Heap Scan on sbtest6  (cost=5.37..365.72 rows=91 width=125)
	  Recheck Cond: ((k >= 6986002) AND (k <= 6986102))
	  ->  Bitmap Index Scan on k_6  (cost=0.00..5.34 rows=91 width=0)
	        Index Cond: ((k >= 6986002) AND (k <= 6986102))

table 7 : explain SELECT k, c FROM sbtest7 WHERE k BETWEEN 6986002 AND 6986102
	Bitmap Heap Scan on sbtest7  (cost=5.32..346.00 rows=86 width=125)
	  Recheck Cond: ((k >= 6986002) AND (k <= 6986102))
	  ->  Bitmap Index Scan on k_7  (cost=0.00..5.29 rows=86 width=0)
	        Index Cond: ((k >= 6986002) AND (k <= 6986102))

table 8 : explain SELECT k, c FROM sbtest8 WHERE k BETWEEN 6986002 AND 6986102
	Bitmap Heap Scan on sbtest8  (cost=5.51..420.88 rows=105 width=125)
	  Recheck Cond: ((k >= 6986002) AND (k <= 6986102))
	  ->  Bitmap Index Scan on k_8  (cost=0.00..5.48 rows=105 width=0)
	        Index Cond: ((k >= 6986002) AND (k <= 6986102))

explain: for range-notcovered :: explain SELECT k, c FROM sbtest%d WHERE k BETWEEN 4984803 AND 4984903
for range-notcovered
table 1 : explain SELECT k, c FROM sbtest1 WHERE k BETWEEN 2713343 AND 2713443
	Bitmap Heap Scan on sbtest1  (cost=5.36..361.78 rows=90 width=125)
	  Recheck Cond: ((k >= 2713343) AND (k <= 2713443))
	  ->  Bitmap Index Scan on k_1  (cost=0.00..5.33 rows=90 width=0)
	        Index Cond: ((k >= 2713343) AND (k <= 2713443))

table 2 : explain SELECT k, c FROM sbtest2 WHERE k BETWEEN 2713343 AND 2713443
	Bitmap Heap Scan on sbtest2  (cost=5.57..444.49 rows=111 width=125)
	  Recheck Cond: ((k >= 2713343) AND (k <= 2713443))
	  ->  Bitmap Index Scan on k_2  (cost=0.00..5.54 rows=111 width=0)
	        Index Cond: ((k >= 2713343) AND (k <= 2713443))

table 3 : explain SELECT k, c FROM sbtest3 WHERE k BETWEEN 2713343 AND 2713443
	Bitmap Heap Scan on sbtest3  (cost=5.48..409.07 rows=102 width=125)
	  Recheck Cond: ((k >= 2713343) AND (k <= 2713443))
	  ->  Bitmap Index Scan on k_3  (cost=0.00..5.45 rows=102 width=0)
	        Index Cond: ((k >= 2713343) AND (k <= 2713443))

table 4 : explain SELECT k, c FROM sbtest4 WHERE k BETWEEN 2713343 AND 2713443
	Bitmap Heap Scan on sbtest4  (cost=5.49..413.00 rows=103 width=125)
	  Recheck Cond: ((k >= 2713343) AND (k <= 2713443))
	  ->  Bitmap Index Scan on k_4  (cost=0.00..5.46 rows=103 width=0)
	        Index Cond: ((k >= 2713343) AND (k <= 2713443))

table 5 : explain SELECT k, c FROM sbtest5 WHERE k BETWEEN 2713343 AND 2713443
	Bitmap Heap Scan on sbtest5  (cost=5.55..436.62 rows=109 width=125)
	  Recheck Cond: ((k >= 2713343) AND (k <= 2713443))
	  ->  Bitmap Index Scan on k_5  (cost=0.00..5.52 rows=109 width=0)
	        Index Cond: ((k >= 2713343) AND (k <= 2713443))

table 6 : explain SELECT k, c FROM sbtest6 WHERE k BETWEEN 2713343 AND 2713443
	Bitmap Heap Scan on sbtest6  (cost=5.49..413.00 rows=103 width=125)
	  Recheck Cond: ((k >= 2713343) AND (k <= 2713443))
	  ->  Bitmap Index Scan on k_6  (cost=0.00..5.46 rows=103 width=0)
	        Index Cond: ((k >= 2713343) AND (k <= 2713443))

table 7 : explain SELECT k, c FROM sbtest7 WHERE k BETWEEN 2713343 AND 2713443
	Bitmap Heap Scan on sbtest7  (cost=5.46..401.19 rows=100 width=125)
	  Recheck Cond: ((k >= 2713343) AND (k <= 2713443))
	  ->  Bitmap Index Scan on k_7  (cost=0.00..5.43 rows=100 width=0)
	        Index Cond: ((k >= 2713343) AND (k <= 2713443))

table 8 : explain SELECT k, c FROM sbtest8 WHERE k BETWEEN 2713343 AND 2713443
	Bitmap Heap Scan on sbtest8  (cost=5.50..416.94 rows=104 width=125)
	  Recheck Cond: ((k >= 2713343) AND (k <= 2713443))
	  ->  Bitmap Index Scan on k_8  (cost=0.00..5.47 rows=104 width=0)
	        Index Cond: ((k >= 2713343) AND (k <= 2713443))

for range-notcovered
table 1 : explain SELECT k, c FROM sbtest1 WHERE k BETWEEN 3871570 AND 3871670
	Bitmap Heap Scan on sbtest1  (cost=5.40..377.55 rows=94 width=125)
	  Recheck Cond: ((k >= 3871570) AND (k <= 3871670))
	  ->  Bitmap Index Scan on k_1  (cost=0.00..5.38 rows=94 width=0)
	        Index Cond: ((k >= 3871570) AND (k <= 3871670))

table 2 : explain SELECT k, c FROM sbtest2 WHERE k BETWEEN 3871570 AND 3871670
	Bitmap Heap Scan on sbtest2  (cost=5.41..381.49 rows=95 width=125)
	  Recheck Cond: ((k >= 3871570) AND (k <= 3871670))
	  ->  Bitmap Index Scan on k_2  (cost=0.00..5.38 rows=95 width=0)
	        Index Cond: ((k >= 3871570) AND (k <= 3871670))

table 3 : explain SELECT k, c FROM sbtest3 WHERE k BETWEEN 3871570 AND 3871670
	Bitmap Heap Scan on sbtest3  (cost=5.48..409.07 rows=102 width=125)
	  Recheck Cond: ((k >= 3871570) AND (k <= 3871670))
	  ->  Bitmap Index Scan on k_3  (cost=0.00..5.45 rows=102 width=0)
	        Index Cond: ((k >= 3871570) AND (k <= 3871670))

table 4 : explain SELECT k, c FROM sbtest4 WHERE k BETWEEN 3871570 AND 3871670
	Bitmap Heap Scan on sbtest4  (cost=5.51..420.88 rows=105 width=125)
	  Recheck Cond: ((k >= 3871570) AND (k <= 3871670))
	  ->  Bitmap Index Scan on k_4  (cost=0.00..5.48 rows=105 width=0)
	        Index Cond: ((k >= 3871570) AND (k <= 3871670))

table 5 : explain SELECT k, c FROM sbtest5 WHERE k BETWEEN 3871570 AND 3871670
	Bitmap Heap Scan on sbtest5  (cost=5.49..413.00 rows=103 width=125)
	  Recheck Cond: ((k >= 3871570) AND (k <= 3871670))
	  ->  Bitmap Index Scan on k_5  (cost=0.00..5.46 rows=103 width=0)
	        Index Cond: ((k >= 3871570) AND (k <= 3871670))

table 6 : explain SELECT k, c FROM sbtest6 WHERE k BETWEEN 3871570 AND 3871670
	Bitmap Heap Scan on sbtest6  (cost=5.40..377.55 rows=94 width=125)
	  Recheck Cond: ((k >= 3871570) AND (k <= 3871670))
	  ->  Bitmap Index Scan on k_6  (cost=0.00..5.38 rows=94 width=0)
	        Index Cond: ((k >= 3871570) AND (k <= 3871670))

table 7 : explain SELECT k, c FROM sbtest7 WHERE k BETWEEN 3871570 AND 3871670
	Bitmap Heap Scan on sbtest7  (cost=5.44..393.31 rows=98 width=125)
	  Recheck Cond: ((k >= 3871570) AND (k <= 3871670))
	  ->  Bitmap Index Scan on k_7  (cost=0.00..5.42 rows=98 width=0)
	        Index Cond: ((k >= 3871570) AND (k <= 3871670))

table 8 : explain SELECT k, c FROM sbtest8 WHERE k BETWEEN 3871570 AND 3871670
	Bitmap Heap Scan on sbtest8  (cost=5.47..405.13 rows=101 width=125)
	  Recheck Cond: ((k >= 3871570) AND (k <= 3871670))
	  ->  Bitmap Index Scan on k_8  (cost=0.00..5.44 rows=101 width=0)
	        Index Cond: ((k >= 3871570) AND (k <= 3871670))

explain: for range-notcovered :: explain SELECT k, c FROM sbtest%d WHERE k BETWEEN 6986002 AND 6986102
for range-notcovered
table 1 : explain SELECT k, c FROM sbtest1 WHERE k BETWEEN 3138599 AND 3138699
	Bitmap Heap Scan on sbtest1  (cost=5.46..401.19 rows=100 width=125)
	  Recheck Cond: ((k >= 3138599) AND (k <= 3138699))
	  ->  Bitmap Index Scan on k_1  (cost=0.00..5.43 rows=100 width=0)
	        Index Cond: ((k >= 3138599) AND (k <= 3138699))

table 2 : explain SELECT k, c FROM sbtest2 WHERE k BETWEEN 3138599 AND 3138699
	Bitmap Heap Scan on sbtest2  (cost=5.46..401.19 rows=100 width=125)
	  Recheck Cond: ((k >= 3138599) AND (k <= 3138699))
	  ->  Bitmap Index Scan on k_2  (cost=0.00..5.43 rows=100 width=0)
	        Index Cond: ((k >= 3138599) AND (k <= 3138699))

table 3 : explain SELECT k, c FROM sbtest3 WHERE k BETWEEN 3138599 AND 3138699
	Bitmap Heap Scan on sbtest3  (cost=5.49..413.00 rows=103 width=125)
	  Recheck Cond: ((k >= 3138599) AND (k <= 3138699))
	  ->  Bitmap Index Scan on k_3  (cost=0.00..5.46 rows=103 width=0)
	        Index Cond: ((k >= 3138599) AND (k <= 3138699))

table 4 : explain SELECT k, c FROM sbtest4 WHERE k BETWEEN 3138599 AND 3138699
	Bitmap Heap Scan on sbtest4  (cost=5.54..432.69 rows=108 width=125)
	  Recheck Cond: ((k >= 3138599) AND (k <= 3138699))
	  ->  Bitmap Index Scan on k_4  (cost=0.00..5.51 rows=108 width=0)
	        Index Cond: ((k >= 3138599) AND (k <= 3138699))

table 5 : explain SELECT k, c FROM sbtest5 WHERE k BETWEEN 3138599 AND 3138699
	Bitmap Heap Scan on sbtest5  (cost=5.41..381.49 rows=95 width=125)
	  Recheck Cond: ((k >= 3138599) AND (k <= 3138699))
	  ->  Bitmap Index Scan on k_5  (cost=0.00..5.38 rows=95 width=0)
	        Index Cond: ((k >= 3138599) AND (k <= 3138699))

table 6 : explain SELECT k, c FROM sbtest6 WHERE k BETWEEN 3138599 AND 3138699
	Bitmap Heap Scan on sbtest6  (cost=5.50..416.94 rows=104 width=125)
	  Recheck Cond: ((k >= 3138599) AND (k <= 3138699))
	  ->  Bitmap Index Scan on k_6  (cost=0.00..5.47 rows=104 width=0)
	        Index Cond: ((k >= 3138599) AND (k <= 3138699))

table 7 : explain SELECT k, c FROM sbtest7 WHERE k BETWEEN 3138599 AND 3138699
	Bitmap Heap Scan on sbtest7  (cost=5.47..405.13 rows=101 width=125)
	  Recheck Cond: ((k >= 3138599) AND (k <= 3138699))
	  ->  Bitmap Index Scan on k_7  (cost=0.00..5.44 rows=101 width=0)
	        Index Cond: ((k >= 3138599) AND (k <= 3138699))

table 8 : explain SELECT k, c FROM sbtest8 WHERE k BETWEEN 3138599 AND 3138699
	Bitmap Heap Scan on sbtest8  (cost=5.47..405.13 rows=101 width=125)
	  Recheck Cond: ((k >= 3138599) AND (k <= 3138699))
	  ->  Bitmap Index Scan on k_8  (cost=0.00..5.44 rows=101 width=0)
	        Index Cond: ((k >= 3138599) AND (k <= 3138699))

explain: for range-notcovered :: explain SELECT k, c FROM sbtest%d WHERE k BETWEEN 3871570 AND 3871670
explain: for range-notcovered :: explain SELECT k, c FROM sbtest%d WHERE k BETWEEN 3138599 AND 3138699
for range-notcovered
table 1 : explain SELECT k, c FROM sbtest1 WHERE k BETWEEN 3981026 AND 3981126
	Bitmap Heap Scan on sbtest1  (cost=5.45..397.25 rows=99 width=125)
	  Recheck Cond: ((k >= 3981026) AND (k <= 3981126))
	  ->  Bitmap Index Scan on k_1  (cost=0.00..5.42 rows=99 width=0)
	        Index Cond: ((k >= 3981026) AND (k <= 3981126))

table 2 : explain SELECT k, c FROM sbtest2 WHERE k BETWEEN 3981026 AND 3981126
	Bitmap Heap Scan on sbtest2  (cost=5.44..393.31 rows=98 width=125)
	  Recheck Cond: ((k >= 3981026) AND (k <= 3981126))
	  ->  Bitmap Index Scan on k_2  (cost=0.00..5.42 rows=98 width=0)
	        Index Cond: ((k >= 3981026) AND (k <= 3981126))

table 3 : explain SELECT k, c FROM sbtest3 WHERE k BETWEEN 3981026 AND 3981126
	Bitmap Heap Scan on sbtest3  (cost=5.50..416.94 rows=104 width=125)
	  Recheck Cond: ((k >= 3981026) AND (k <= 3981126))
	  ->  Bitmap Index Scan on k_3  (cost=0.00..5.47 rows=104 width=0)
	        Index Cond: ((k >= 3981026) AND (k <= 3981126))

table 4 : explain SELECT k, c FROM sbtest4 WHERE k BETWEEN 3981026 AND 3981126
	Bitmap Heap Scan on sbtest4  (cost=5.42..385.43 rows=96 width=125)
	  Recheck Cond: ((k >= 3981026) AND (k <= 3981126))
	  ->  Bitmap Index Scan on k_4  (cost=0.00..5.39 rows=96 width=0)
	        Index Cond: ((k >= 3981026) AND (k <= 3981126))

table 5 : explain SELECT k, c FROM sbtest5 WHERE k BETWEEN 3981026 AND 3981126
	Bitmap Heap Scan on sbtest5  (cost=5.47..405.13 rows=101 width=125)
	  Recheck Cond: ((k >= 3981026) AND (k <= 3981126))
	  ->  Bitmap Index Scan on k_5  (cost=0.00..5.44 rows=101 width=0)
	        Index Cond: ((k >= 3981026) AND (k <= 3981126))

table 6 : explain SELECT k, c FROM sbtest6 WHERE k BETWEEN 3981026 AND 3981126
	Bitmap Heap Scan on sbtest6  (cost=5.47..405.13 rows=101 width=125)
	  Recheck Cond: ((k >= 3981026) AND (k <= 3981126))
	  ->  Bitmap Index Scan on k_6  (cost=0.00..5.44 rows=101 width=0)
	        Index Cond: ((k >= 3981026) AND (k <= 3981126))

table 7 : explain SELECT k, c FROM sbtest7 WHERE k BETWEEN 3981026 AND 3981126
	Bitmap Heap Scan on sbtest7  (cost=5.46..401.19 rows=100 width=125)
	  Recheck Cond: ((k >= 3981026) AND (k <= 3981126))
	  ->  Bitmap Index Scan on k_7  (cost=0.00..5.43 rows=100 width=0)
	        Index Cond: ((k >= 3981026) AND (k <= 3981126))

table 8 : explain SELECT k, c FROM sbtest8 WHERE k BETWEEN 3981026 AND 3981126
	Bitmap Heap Scan on sbtest8  (cost=5.46..401.19 rows=100 width=125)
	  Recheck Cond: ((k >= 3981026) AND (k <= 3981126))
	  ->  Bitmap Index Scan on k_8  (cost=0.00..5.43 rows=100 width=0)
	        Index Cond: ((k >= 3981026) AND (k <= 3981126))
for range-notcovered
table 1 : explain SELECT k, c FROM sbtest1 WHERE k BETWEEN 3423797 AND 3423897
	Bitmap Heap Scan on sbtest1  (cost=5.46..401.19 rows=100 width=125)
	  Recheck Cond: ((k >= 3423797) AND (k <= 3423897))
	  ->  Bitmap Index Scan on k_1  (cost=0.00..5.43 rows=100 width=0)
	        Index Cond: ((k >= 3423797) AND (k <= 3423897))

table 2 : explain SELECT k, c FROM sbtest2 WHERE k BETWEEN 3423797 AND 3423897
	Bitmap Heap Scan on sbtest2  (cost=5.54..432.69 rows=108 width=125)
	  Recheck Cond: ((k >= 3423797) AND (k <= 3423897))
	  ->  Bitmap Index Scan on k_2  (cost=0.00..5.51 rows=108 width=0)
	        Index Cond: ((k >= 3423797) AND (k <= 3423897))

table 3 : explain SELECT k, c FROM sbtest3 WHERE k BETWEEN 3423797 AND 3423897
	Bitmap Heap Scan on sbtest3  (cost=5.37..365.72 rows=91 width=125)
	  Recheck Cond: ((k >= 3423797) AND (k <= 3423897))
	  ->  Bitmap Index Scan on k_3  (cost=0.00..5.34 rows=91 width=0)
	        Index Cond: ((k >= 3423797) AND (k <= 3423897))

table 4 : explain SELECT k, c FROM sbtest4 WHERE k BETWEEN 3423797 AND 3423897
	Bitmap Heap Scan on sbtest4  (cost=5.54..432.69 rows=108 width=125)
	  Recheck Cond: ((k >= 3423797) AND (k <= 3423897))
	  ->  Bitmap Index Scan on k_4  (cost=0.00..5.51 rows=108 width=0)
	        Index Cond: ((k >= 3423797) AND (k <= 3423897))

table 5 : explain SELECT k, c FROM sbtest5 WHERE k BETWEEN 3423797 AND 3423897
	Bitmap Heap Scan on sbtest5  (cost=5.35..357.84 rows=89 width=125)
	  Recheck Cond: ((k >= 3423797) AND (k <= 3423897))
	  ->  Bitmap Index Scan on k_5  (cost=0.00..5.32 rows=89 width=0)
	        Index Cond: ((k >= 3423797) AND (k <= 3423897))

table 6 : explain SELECT k, c FROM sbtest6 WHERE k BETWEEN 3423797 AND 3423897
	Bitmap Heap Scan on sbtest6  (cost=5.42..385.43 rows=96 width=125)
	  Recheck Cond: ((k >= 3423797) AND (k <= 3423897))
	  ->  Bitmap Index Scan on k_6  (cost=0.00..5.39 rows=96 width=0)
	        Index Cond: ((k >= 3423797) AND (k <= 3423897))

table 7 : explain SELECT k, c FROM sbtest7 WHERE k BETWEEN 3423797 AND 3423897
	Bitmap Heap Scan on sbtest7  (cost=5.47..405.13 rows=101 width=125)
	  Recheck Cond: ((k >= 3423797) AND (k <= 3423897))
	  ->  Bitmap Index Scan on k_7  (cost=0.00..5.44 rows=101 width=0)
	        Index Cond: ((k >= 3423797) AND (k <= 3423897))

table 8 : explain SELECT k, c FROM sbtest8 WHERE k BETWEEN 3423797 AND 3423897
	Bitmap Heap Scan on sbtest8  (cost=5.42..385.43 rows=96 width=125)
	  Recheck Cond: ((k >= 3423797) AND (k <= 3423897))
	  ->  Bitmap Index Scan on k_8  (cost=0.00..5.39 rows=96 width=0)
	        Index Cond: ((k >= 3423797) AND (k <= 3423897))
for range-notcovered
table 1 : explain SELECT k, c FROM sbtest1 WHERE k BETWEEN 7935945 AND 7936045
	Bitmap Heap Scan on sbtest1  (cost=5.43..389.37 rows=97 width=125)
	  Recheck Cond: ((k >= 7935945) AND (k <= 7936045))
	  ->  Bitmap Index Scan on k_1  (cost=0.00..5.40 rows=97 width=0)
	        Index Cond: ((k >= 7935945) AND (k <= 7936045))

table 2 : explain SELECT k, c FROM sbtest2 WHERE k BETWEEN 7935945 AND 7936045
	Bitmap Heap Scan on sbtest2  (cost=5.45..397.25 rows=99 width=125)
	  Recheck Cond: ((k >= 7935945) AND (k <= 7936045))
	  ->  Bitmap Index Scan on k_2  (cost=0.00..5.42 rows=99 width=0)
	        Index Cond: ((k >= 7935945) AND (k <= 7936045))

table 3 : explain SELECT k, c FROM sbtest3 WHERE k BETWEEN 7935945 AND 7936045
	Bitmap Heap Scan on sbtest3  (cost=5.55..436.62 rows=109 width=125)
	  Recheck Cond: ((k >= 7935945) AND (k <= 7936045))
	  ->  Bitmap Index Scan on k_3  (cost=0.00..5.52 rows=109 width=0)
	        Index Cond: ((k >= 7935945) AND (k <= 7936045))

table 4 : explain SELECT k, c FROM sbtest4 WHERE k BETWEEN 7935945 AND 7936045
	Bitmap Heap Scan on sbtest4  (cost=5.50..416.94 rows=104 width=125)
	  Recheck Cond: ((k >= 7935945) AND (k <= 7936045))
	  ->  Bitmap Index Scan on k_4  (cost=0.00..5.47 rows=104 width=0)
	        Index Cond: ((k >= 7935945) AND (k <= 7936045))

table 5 : explain SELECT k, c FROM sbtest5 WHERE k BETWEEN 7935945 AND 7936045
	Bitmap Heap Scan on sbtest5  (cost=5.44..393.31 rows=98 width=125)
	  Recheck Cond: ((k >= 7935945) AND (k <= 7936045))
	  ->  Bitmap Index Scan on k_5  (cost=0.00..5.42 rows=98 width=0)
	        Index Cond: ((k >= 7935945) AND (k <= 7936045))

table 6 : explain SELECT k, c FROM sbtest6 WHERE k BETWEEN 7935945 AND 7936045
	Bitmap Heap Scan on sbtest6  (cost=5.44..393.31 rows=98 width=125)
	  Recheck Cond: ((k >= 7935945) AND (k <= 7936045))
	  ->  Bitmap Index Scan on k_6  (cost=0.00..5.42 rows=98 width=0)
	        Index Cond: ((k >= 7935945) AND (k <= 7936045))

table 7 : explain SELECT k, c FROM sbtest7 WHERE k BETWEEN 7935945 AND 7936045
	Bitmap Heap Scan on sbtest7  (cost=5.55..436.62 rows=109 width=125)
	  Recheck Cond: ((k >= 7935945) AND (k <= 7936045))
	  ->  Bitmap Index Scan on k_7  (cost=0.00..5.52 rows=109 width=0)
	        Index Cond: ((k >= 7935945) AND (k <= 7936045))

table 8 : explain SELECT k, c FROM sbtest8 WHERE k BETWEEN 7935945 AND 7936045
	Bitmap Heap Scan on sbtest8  (cost=5.56..440.56 rows=110 width=125)
	  Recheck Cond: ((k >= 7935945) AND (k <= 7936045))
	  ->  Bitmap Index Scan on k_8  (cost=0.00..5.53 rows=110 width=0)
	        Index Cond: ((k >= 7935945) AND (k <= 7936045))



explain: for range-notcovered :: explain SELECT k, c FROM sbtest%d WHERE k BETWEEN 7935945 AND 7936045
explain: for range-notcovered :: explain SELECT k, c FROM sbtest%d WHERE k BETWEEN 3981026 AND 3981126
explain: for range-notcovered :: explain SELECT k, c FROM sbtest%d WHERE k BETWEEN 3423797 AND 3423897
explain: for range-notcovered :: explain SELECT k, c FROM sbtest%d WHERE k BETWEEN 2113373 AND 2113473
for range-notcovered
table 1 : explain SELECT k, c FROM sbtest1 WHERE k BETWEEN 6986002 AND 6986102
	Bitmap Heap Scan on sbtest1  (cost=5.49..413.00 rows=103 width=125)
	  Recheck Cond: ((k >= 6986002) AND (k <= 6986102))
	  ->  Bitmap Index Scan on k_1  (cost=0.00..5.46 rows=103 width=0)
	        Index Cond: ((k >= 6986002) AND (k <= 6986102))

table 2 : explain SELECT k, c FROM sbtest2 WHERE k BETWEEN 6986002 AND 6986102
	Bitmap Heap Scan on sbtest2  (cost=5.58..448.42 rows=112 width=125)
	  Recheck Cond: ((k >= 6986002) AND (k <= 6986102))
	  ->  Bitmap Index Scan on k_2  (cost=0.00..5.55 rows=112 width=0)
	        Index Cond: ((k >= 6986002) AND (k <= 6986102))

table 3 : explain SELECT k, c FROM sbtest3 WHERE k BETWEEN 6986002 AND 6986102
	Bitmap Heap Scan on sbtest3  (cost=5.60..456.29 rows=114 width=125)
	  Recheck Cond: ((k >= 6986002) AND (k <= 6986102))
	  ->  Bitmap Index Scan on k_3  (cost=0.00..5.58 rows=114 width=0)
	        Index Cond: ((k >= 6986002) AND (k <= 6986102))

table 4 : explain SELECT k, c FROM sbtest4 WHERE k BETWEEN 6986002 AND 6986102
	Bitmap Heap Scan on sbtest4  (cost=5.55..436.62 rows=109 width=125)
	  Recheck Cond: ((k >= 6986002) AND (k <= 6986102))
	  ->  Bitmap Index Scan on k_4  (cost=0.00..5.52 rows=109 width=0)
	        Index Cond: ((k >= 6986002) AND (k <= 6986102))

table 5 : explain SELECT k, c FROM sbtest5 WHERE k BETWEEN 6986002 AND 6986102
	Bitmap Heap Scan on sbtest5  (cost=5.49..413.00 rows=103 width=125)
	  Recheck Cond: ((k >= 6986002) AND (k <= 6986102))
	  ->  Bitmap Index Scan on k_5  (cost=0.00..5.46 rows=103 width=0)
	        Index Cond: ((k >= 6986002) AND (k <= 6986102))

table 6 : explain SELECT k, c FROM sbtest6 WHERE k BETWEEN 6986002 AND 6986102
	Bitmap Heap Scan on sbtest6  (cost=5.37..365.72 rows=91 width=125)
	  Recheck Cond: ((k >= 6986002) AND (k <= 6986102))
	  ->  Bitmap Index Scan on k_6  (cost=0.00..5.34 rows=91 width=0)
	        Index Cond: ((k >= 6986002) AND (k <= 6986102))

table 7 : explain SELECT k, c FROM sbtest7 WHERE k BETWEEN 6986002 AND 6986102
	Bitmap Heap Scan on sbtest7  (cost=5.32..346.00 rows=86 width=125)
	  Recheck Cond: ((k >= 6986002) AND (k <= 6986102))
	  ->  Bitmap Index Scan on k_7  (cost=0.00..5.29 rows=86 width=0)
	        Index Cond: ((k >= 6986002) AND (k <= 6986102))

table 8 : explain SELECT k, c FROM sbtest8 WHERE k BETWEEN 6986002 AND 6986102
	Bitmap Heap Scan on sbtest8  (cost=5.51..420.88 rows=105 width=125)
	  Recheck Cond: ((k >= 6986002) AND (k <= 6986102))
	  ->  Bitmap Index Scan on k_8  (cost=0.00..5.48 rows=105 width=0)
	        Index Cond: ((k >= 6986002) AND (k <= 6986102))

for range-notcovered
table 1 : explain SELECT k, c FROM sbtest1 WHERE k BETWEEN 3871570 AND 3871670
	Bitmap Heap Scan on sbtest1  (cost=5.40..377.55 rows=94 width=125)
	  Recheck Cond: ((k >= 3871570) AND (k <= 3871670))
	  ->  Bitmap Index Scan on k_1  (cost=0.00..5.38 rows=94 width=0)
	        Index Cond: ((k >= 3871570) AND (k <= 3871670))

table 2 : explain SELECT k, c FROM sbtest2 WHERE k BETWEEN 3871570 AND 3871670
	Bitmap Heap Scan on sbtest2  (cost=5.41..381.49 rows=95 width=125)
	  Recheck Cond: ((k >= 3871570) AND (k <= 3871670))
	  ->  Bitmap Index Scan on k_2  (cost=0.00..5.38 rows=95 width=0)
	        Index Cond: ((k >= 3871570) AND (k <= 3871670))

table 3 : explain SELECT k, c FROM sbtest3 WHERE k BETWEEN 3871570 AND 3871670
	Bitmap Heap Scan on sbtest3  (cost=5.48..409.07 rows=102 width=125)
	  Recheck Cond: ((k >= 3871570) AND (k <= 3871670))
	  ->  Bitmap Index Scan on k_3  (cost=0.00..5.45 rows=102 width=0)
	        Index Cond: ((k >= 3871570) AND (k <= 3871670))

table 4 : explain SELECT k, c FROM sbtest4 WHERE k BETWEEN 3871570 AND 3871670
	Bitmap Heap Scan on sbtest4  (cost=5.51..420.88 rows=105 width=125)
	  Recheck Cond: ((k >= 3871570) AND (k <= 3871670))
	  ->  Bitmap Index Scan on k_4  (cost=0.00..5.48 rows=105 width=0)
	        Index Cond: ((k >= 3871570) AND (k <= 3871670))

table 5 : explain SELECT k, c FROM sbtest5 WHERE k BETWEEN 3871570 AND 3871670
	Bitmap Heap Scan on sbtest5  (cost=5.49..413.00 rows=103 width=125)
	  Recheck Cond: ((k >= 3871570) AND (k <= 3871670))
	  ->  Bitmap Index Scan on k_5  (cost=0.00..5.46 rows=103 width=0)
	        Index Cond: ((k >= 3871570) AND (k <= 3871670))

table 6 : explain SELECT k, c FROM sbtest6 WHERE k BETWEEN 3871570 AND 3871670
	Bitmap Heap Scan on sbtest6  (cost=5.40..377.55 rows=94 width=125)
	  Recheck Cond: ((k >= 3871570) AND (k <= 3871670))
	  ->  Bitmap Index Scan on k_6  (cost=0.00..5.38 rows=94 width=0)
	        Index Cond: ((k >= 3871570) AND (k <= 3871670))

table 7 : explain SELECT k, c FROM sbtest7 WHERE k BETWEEN 3871570 AND 3871670
	Bitmap Heap Scan on sbtest7  (cost=5.44..393.31 rows=98 width=125)
	  Recheck Cond: ((k >= 3871570) AND (k <= 3871670))
	  ->  Bitmap Index Scan on k_7  (cost=0.00..5.42 rows=98 width=0)
	        Index Cond: ((k >= 3871570) AND (k <= 3871670))

table 8 : explain SELECT k, c FROM sbtest8 WHERE k BETWEEN 3871570 AND 3871670
	Bitmap Heap Scan on sbtest8  (cost=5.47..405.13 rows=101 width=125)
	  Recheck Cond: ((k >= 3871570) AND (k <= 3871670))
	  ->  Bitmap Index Scan on k_8  (cost=0.00..5.44 rows=101 width=0)
	        Index Cond: ((k >= 3871570) AND (k <= 3871670))

explain: for range-notcovered :: explain SELECT k, c FROM sbtest%d WHERE k BETWEEN 6986002 AND 6986102
explain: for range-notcovered :: explain SELECT k, c FROM sbtest%d WHERE k BETWEEN 3871570 AND 3871670
for range-notcovered
table 1 : explain SELECT k, c FROM sbtest1 WHERE k BETWEEN 3138599 AND 3138699
	Bitmap Heap Scan on sbtest1  (cost=5.46..401.19 rows=100 width=125)
	  Recheck Cond: ((k >= 3138599) AND (k <= 3138699))
	  ->  Bitmap Index Scan on k_1  (cost=0.00..5.43 rows=100 width=0)
	        Index Cond: ((k >= 3138599) AND (k <= 3138699))

table 2 : explain SELECT k, c FROM sbtest2 WHERE k BETWEEN 3138599 AND 3138699
	Bitmap Heap Scan on sbtest2  (cost=5.46..401.19 rows=100 width=125)
	  Recheck Cond: ((k >= 3138599) AND (k <= 3138699))
	  ->  Bitmap Index Scan on k_2  (cost=0.00..5.43 rows=100 width=0)
	        Index Cond: ((k >= 3138599) AND (k <= 3138699))

table 3 : explain SELECT k, c FROM sbtest3 WHERE k BETWEEN 3138599 AND 3138699
	Bitmap Heap Scan on sbtest3  (cost=5.49..413.00 rows=103 width=125)
	  Recheck Cond: ((k >= 3138599) AND (k <= 3138699))
	  ->  Bitmap Index Scan on k_3  (cost=0.00..5.46 rows=103 width=0)
	        Index Cond: ((k >= 3138599) AND (k <= 3138699))

table 4 : explain SELECT k, c FROM sbtest4 WHERE k BETWEEN 3138599 AND 3138699
	Bitmap Heap Scan on sbtest4  (cost=5.54..432.69 rows=108 width=125)
	  Recheck Cond: ((k >= 3138599) AND (k <= 3138699))
	  ->  Bitmap Index Scan on k_4  (cost=0.00..5.51 rows=108 width=0)
	        Index Cond: ((k >= 3138599) AND (k <= 3138699))

table 5 : explain SELECT k, c FROM sbtest5 WHERE k BETWEEN 3138599 AND 3138699
	Bitmap Heap Scan on sbtest5  (cost=5.41..381.49 rows=95 width=125)
	  Recheck Cond: ((k >= 3138599) AND (k <= 3138699))
	  ->  Bitmap Index Scan on k_5  (cost=0.00..5.38 rows=95 width=0)
	        Index Cond: ((k >= 3138599) AND (k <= 3138699))

table 6 : explain SELECT k, c FROM sbtest6 WHERE k BETWEEN 3138599 AND 3138699
	Bitmap Heap Scan on sbtest6  (cost=5.50..416.94 rows=104 width=125)
	  Recheck Cond: ((k >= 3138599) AND (k <= 3138699))
	  ->  Bitmap Index Scan on k_6  (cost=0.00..5.47 rows=104 width=0)
	        Index Cond: ((k >= 3138599) AND (k <= 3138699))

table 7 : explain SELECT k, c FROM sbtest7 WHERE k BETWEEN 3138599 AND 3138699
	Bitmap Heap Scan on sbtest7  (cost=5.47..405.13 rows=101 width=125)
	  Recheck Cond: ((k >= 3138599) AND (k <= 3138699))
	  ->  Bitmap Index Scan on k_7  (cost=0.00..5.44 rows=101 width=0)
	        Index Cond: ((k >= 3138599) AND (k <= 3138699))

table 8 : explain SELECT k, c FROM sbtest8 WHERE k BETWEEN 3138599 AND 3138699
	Bitmap Heap Scan on sbtest8  (cost=5.47..405.13 rows=101 width=125)
	  Recheck Cond: ((k >= 3138599) AND (k <= 3138699))
	  ->  Bitmap Index Scan on k_8  (cost=0.00..5.44 rows=101 width=0)
	        Index Cond: ((k >= 3138599) AND (k <= 3138699))

for range-notcovered
table 1 : explain SELECT k, c FROM sbtest1 WHERE k BETWEEN 7935945 AND 7936045
	Bitmap Heap Scan on sbtest1  (cost=5.43..389.37 rows=97 width=125)
	  Recheck Cond: ((k >= 7935945) AND (k <= 7936045))
	  ->  Bitmap Index Scan on k_1  (cost=0.00..5.40 rows=97 width=0)
	        Index Cond: ((k >= 7935945) AND (k <= 7936045))

table 2 : explain SELECT k, c FROM sbtest2 WHERE k BETWEEN 7935945 AND 7936045
	Bitmap Heap Scan on sbtest2  (cost=5.45..397.25 rows=99 width=125)
	  Recheck Cond: ((k >= 7935945) AND (k <= 7936045))
	  ->  Bitmap Index Scan on k_2  (cost=0.00..5.42 rows=99 width=0)
	        Index Cond: ((k >= 7935945) AND (k <= 7936045))

table 3 : explain SELECT k, c FROM sbtest3 WHERE k BETWEEN 7935945 AND 7936045
	Bitmap Heap Scan on sbtest3  (cost=5.55..436.62 rows=109 width=125)
	  Recheck Cond: ((k >= 7935945) AND (k <= 7936045))
	  ->  Bitmap Index Scan on k_3  (cost=0.00..5.52 rows=109 width=0)
	        Index Cond: ((k >= 7935945) AND (k <= 7936045))

table 4 : explain SELECT k, c FROM sbtest4 WHERE k BETWEEN 7935945 AND 7936045
	Bitmap Heap Scan on sbtest4  (cost=5.50..416.94 rows=104 width=125)
	  Recheck Cond: ((k >= 7935945) AND (k <= 7936045))
	  ->  Bitmap Index Scan on k_4  (cost=0.00..5.47 rows=104 width=0)
	        Index Cond: ((k >= 7935945) AND (k <= 7936045))

table 5 : explain SELECT k, c FROM sbtest5 WHERE k BETWEEN 7935945 AND 7936045
	Bitmap Heap Scan on sbtest5  (cost=5.44..393.31 rows=98 width=125)
	  Recheck Cond: ((k >= 7935945) AND (k <= 7936045))
	  ->  Bitmap Index Scan on k_5  (cost=0.00..5.42 rows=98 width=0)
	        Index Cond: ((k >= 7935945) AND (k <= 7936045))

table 6 : explain SELECT k, c FROM sbtest6 WHERE k BETWEEN 7935945 AND 7936045
	Bitmap Heap Scan on sbtest6  (cost=5.44..393.31 rows=98 width=125)
	  Recheck Cond: ((k >= 7935945) AND (k <= 7936045))
	  ->  Bitmap Index Scan on k_6  (cost=0.00..5.42 rows=98 width=0)
	        Index Cond: ((k >= 7935945) AND (k <= 7936045))

table 7 : explain SELECT k, c FROM sbtest7 WHERE k BETWEEN 7935945 AND 7936045
	Bitmap Heap Scan on sbtest7  (cost=5.55..436.62 rows=109 width=125)
	  Recheck Cond: ((k >= 7935945) AND (k <= 7936045))
	  ->  Bitmap Index Scan on k_7  (cost=0.00..5.52 rows=109 width=0)
	        Index Cond: ((k >= 7935945) AND (k <= 7936045))

table 8 : explain SELECT k, c FROM sbtest8 WHERE k BETWEEN 7935945 AND 7936045
	Bitmap Heap Scan on sbtest8  (cost=5.56..440.56 rows=110 width=125)
	  Recheck Cond: ((k >= 7935945) AND (k <= 7936045))
	  ->  Bitmap Index Scan on k_8  (cost=0.00..5.53 rows=110 width=0)
	        Index Cond: ((k >= 7935945) AND (k <= 7936045))

explain: for range-notcovered :: explain SELECT k, c FROM sbtest%d WHERE k BETWEEN 3138599 AND 3138699
explain: for range-notcovered :: explain SELECT k, c FROM sbtest%d WHERE k BETWEEN 7935945 AND 7936045
for range-notcovered
table 1 : explain SELECT k, c FROM sbtest1 WHERE k BETWEEN 3981026 AND 3981126
	Bitmap Heap Scan on sbtest1  (cost=5.45..397.25 rows=99 width=125)
	  Recheck Cond: ((k >= 3981026) AND (k <= 3981126))
	  ->  Bitmap Index Scan on k_1  (cost=0.00..5.42 rows=99 width=0)
	        Index Cond: ((k >= 3981026) AND (k <= 3981126))

table 2 : explain SELECT k, c FROM sbtest2 WHERE k BETWEEN 3981026 AND 3981126
	Bitmap Heap Scan on sbtest2  (cost=5.44..393.31 rows=98 width=125)
	  Recheck Cond: ((k >= 3981026) AND (k <= 3981126))
	  ->  Bitmap Index Scan on k_2  (cost=0.00..5.42 rows=98 width=0)
	        Index Cond: ((k >= 3981026) AND (k <= 3981126))

table 3 : explain SELECT k, c FROM sbtest3 WHERE k BETWEEN 3981026 AND 3981126
	Bitmap Heap Scan on sbtest3  (cost=5.50..416.94 rows=104 width=125)
	  Recheck Cond: ((k >= 3981026) AND (k <= 3981126))
	  ->  Bitmap Index Scan on k_3  (cost=0.00..5.47 rows=104 width=0)
	        Index Cond: ((k >= 3981026) AND (k <= 3981126))

table 4 : explain SELECT k, c FROM sbtest4 WHERE k BETWEEN 3981026 AND 3981126
	Bitmap Heap Scan on sbtest4  (cost=5.42..385.43 rows=96 width=125)
	  Recheck Cond: ((k >= 3981026) AND (k <= 3981126))
	  ->  Bitmap Index Scan on k_4  (cost=0.00..5.39 rows=96 width=0)
	        Index Cond: ((k >= 3981026) AND (k <= 3981126))

table 5 : explain SELECT k, c FROM sbtest5 WHERE k BETWEEN 3981026 AND 3981126
	Bitmap Heap Scan on sbtest5  (cost=5.47..405.13 rows=101 width=125)
	  Recheck Cond: ((k >= 3981026) AND (k <= 3981126))
	  ->  Bitmap Index Scan on k_5  (cost=0.00..5.44 rows=101 width=0)
	        Index Cond: ((k >= 3981026) AND (k <= 3981126))

table 6 : explain SELECT k, c FROM sbtest6 WHERE k BETWEEN 3981026 AND 3981126
	Bitmap Heap Scan on sbtest6  (cost=5.47..405.13 rows=101 width=125)
	  Recheck Cond: ((k >= 3981026) AND (k <= 3981126))
	  ->  Bitmap Index Scan on k_6  (cost=0.00..5.44 rows=101 width=0)
	        Index Cond: ((k >= 3981026) AND (k <= 3981126))

table 7 : explain SELECT k, c FROM sbtest7 WHERE k BETWEEN 3981026 AND 3981126
	Bitmap Heap Scan on sbtest7  (cost=5.46..401.19 rows=100 width=125)
	  Recheck Cond: ((k >= 3981026) AND (k <= 3981126))
	  ->  Bitmap Index Scan on k_7  (cost=0.00..5.43 rows=100 width=0)
	        Index Cond: ((k >= 3981026) AND (k <= 3981126))

table 8 : explain SELECT k, c FROM sbtest8 WHERE k BETWEEN 3981026 AND 3981126
	Bitmap Heap Scan on sbtest8  (cost=5.46..401.19 rows=100 width=125)
	  Recheck Cond: ((k >= 3981026) AND (k <= 3981126))
	  ->  Bitmap Index Scan on k_8  (cost=0.00..5.43 rows=100 width=0)
	        Index Cond: ((k >= 3981026) AND (k <= 3981126))

for range-notcovered
table 1 : explain SELECT k, c FROM sbtest1 WHERE k BETWEEN 4984803 AND 4984903
	Bitmap Heap Scan on sbtest1  (cost=5.41..381.49 rows=95 width=125)
	  Recheck Cond: ((k >= 4984803) AND (k <= 4984903))
	  ->  Bitmap Index Scan on k_1  (cost=0.00..5.38 rows=95 width=0)
	        Index Cond: ((k >= 4984803) AND (k <= 4984903))

table 2 : explain SELECT k, c FROM sbtest2 WHERE k BETWEEN 4984803 AND 4984903
	Bitmap Heap Scan on sbtest2  (cost=5.49..413.00 rows=103 width=125)
	  Recheck Cond: ((k >= 4984803) AND (k <= 4984903))
	  ->  Bitmap Index Scan on k_2  (cost=0.00..5.46 rows=103 width=0)
	        Index Cond: ((k >= 4984803) AND (k <= 4984903))

table 3 : explain SELECT k, c FROM sbtest3 WHERE k BETWEEN 4984803 AND 4984903
	Bitmap Heap Scan on sbtest3  (cost=5.53..428.75 rows=107 width=125)
	  Recheck Cond: ((k >= 4984803) AND (k <= 4984903))
	  ->  Bitmap Index Scan on k_3  (cost=0.00..5.50 rows=107 width=0)
	        Index Cond: ((k >= 4984803) AND (k <= 4984903))

table 4 : explain SELECT k, c FROM sbtest4 WHERE k BETWEEN 4984803 AND 4984903
	Bitmap Heap Scan on sbtest4  (cost=5.50..416.94 rows=104 width=125)
	  Recheck Cond: ((k >= 4984803) AND (k <= 4984903))
	  ->  Bitmap Index Scan on k_4  (cost=0.00..5.47 rows=104 width=0)
	        Index Cond: ((k >= 4984803) AND (k <= 4984903))

table 5 : explain SELECT k, c FROM sbtest5 WHERE k BETWEEN 4984803 AND 4984903
	Bitmap Heap Scan on sbtest5  (cost=5.39..373.61 rows=93 width=125)
	  Recheck Cond: ((k >= 4984803) AND (k <= 4984903))
	  ->  Bitmap Index Scan on k_5  (cost=0.00..5.36 rows=93 width=0)
	        Index Cond: ((k >= 4984803) AND (k <= 4984903))

table 6 : explain SELECT k, c FROM sbtest6 WHERE k BETWEEN 4984803 AND 4984903
	Bitmap Heap Scan on sbtest6  (cost=5.45..397.25 rows=99 width=125)
	  Recheck Cond: ((k >= 4984803) AND (k <= 4984903))
	  ->  Bitmap Index Scan on k_6  (cost=0.00..5.42 rows=99 width=0)
	        Index Cond: ((k >= 4984803) AND (k <= 4984903))

table 7 : explain SELECT k, c FROM sbtest7 WHERE k BETWEEN 4984803 AND 4984903
	Bitmap Heap Scan on sbtest7  (cost=5.53..428.75 rows=107 width=125)
	  Recheck Cond: ((k >= 4984803) AND (k <= 4984903))
	  ->  Bitmap Index Scan on k_7  (cost=0.00..5.50 rows=107 width=0)
	        Index Cond: ((k >= 4984803) AND (k <= 4984903))

table 8 : explain SELECT k, c FROM sbtest8 WHERE k BETWEEN 4984803 AND 4984903
	Bitmap Heap Scan on sbtest8  (cost=5.48..409.07 rows=102 width=125)
	  Recheck Cond: ((k >= 4984803) AND (k <= 4984903))
	  ->  Bitmap Index Scan on k_8  (cost=0.00..5.45 rows=102 width=0)
	        Index Cond: ((k >= 4984803) AND (k <= 4984903))

for range-notcovered
table 1 : explain SELECT k, c FROM sbtest1 WHERE k BETWEEN 3423797 AND 3423897
	Bitmap Heap Scan on sbtest1  (cost=5.46..401.19 rows=100 width=125)
	  Recheck Cond: ((k >= 3423797) AND (k <= 3423897))
	  ->  Bitmap Index Scan on k_1  (cost=0.00..5.43 rows=100 width=0)
	        Index Cond: ((k >= 3423797) AND (k <= 3423897))

table 2 : explain SELECT k, c FROM sbtest2 WHERE k BETWEEN 3423797 AND 3423897
	Bitmap Heap Scan on sbtest2  (cost=5.54..432.69 rows=108 width=125)
	  Recheck Cond: ((k >= 3423797) AND (k <= 3423897))
	  ->  Bitmap Index Scan on k_2  (cost=0.00..5.51 rows=108 width=0)
	        Index Cond: ((k >= 3423797) AND (k <= 3423897))

table 3 : explain SELECT k, c FROM sbtest3 WHERE k BETWEEN 3423797 AND 3423897
	Bitmap Heap Scan on sbtest3  (cost=5.37..365.72 rows=91 width=125)
	  Recheck Cond: ((k >= 3423797) AND (k <= 3423897))
	  ->  Bitmap Index Scan on k_3  (cost=0.00..5.34 rows=91 width=0)
	        Index Cond: ((k >= 3423797) AND (k <= 3423897))

table 4 : explain SELECT k, c FROM sbtest4 WHERE k BETWEEN 3423797 AND 3423897
	Bitmap Heap Scan on sbtest4  (cost=5.54..432.69 rows=108 width=125)
	  Recheck Cond: ((k >= 3423797) AND (k <= 3423897))
	  ->  Bitmap Index Scan on k_4  (cost=0.00..5.51 rows=108 width=0)
	        Index Cond: ((k >= 3423797) AND (k <= 3423897))

table 5 : explain SELECT k, c FROM sbtest5 WHERE k BETWEEN 3423797 AND 3423897
	Bitmap Heap Scan on sbtest5  (cost=5.35..357.84 rows=89 width=125)
	  Recheck Cond: ((k >= 3423797) AND (k <= 3423897))
	  ->  Bitmap Index Scan on k_5  (cost=0.00..5.32 rows=89 width=0)
	        Index Cond: ((k >= 3423797) AND (k <= 3423897))

table 6 : explain SELECT k, c FROM sbtest6 WHERE k BETWEEN 3423797 AND 3423897
	Bitmap Heap Scan on sbtest6  (cost=5.42..385.43 rows=96 width=125)
	  Recheck Cond: ((k >= 3423797) AND (k <= 3423897))
	  ->  Bitmap Index Scan on k_6  (cost=0.00..5.39 rows=96 width=0)
	        Index Cond: ((k >= 3423797) AND (k <= 3423897))

table 7 : explain SELECT k, c FROM sbtest7 WHERE k BETWEEN 3423797 AND 3423897
	Bitmap Heap Scan on sbtest7  (cost=5.47..405.13 rows=101 width=125)
	  Recheck Cond: ((k >= 3423797) AND (k <= 3423897))
	  ->  Bitmap Index Scan on k_7  (cost=0.00..5.44 rows=101 width=0)
	        Index Cond: ((k >= 3423797) AND (k <= 3423897))

table 8 : explain SELECT k, c FROM sbtest8 WHERE k BETWEEN 3423797 AND 3423897
	Bitmap Heap Scan on sbtest8  (cost=5.42..385.43 rows=96 width=125)
	  Recheck Cond: ((k >= 3423797) AND (k <= 3423897))
	  ->  Bitmap Index Scan on k_8  (cost=0.00..5.39 rows=96 width=0)
	        Index Cond: ((k >= 3423797) AND (k <= 3423897))

explain: for range-notcovered :: explain SELECT k, c FROM sbtest%d WHERE k BETWEEN 4984803 AND 4984903
explain: for range-notcovered :: explain SELECT k, c FROM sbtest%d WHERE k BETWEEN 3981026 AND 3981126
explain: for range-notcovered :: explain SELECT k, c FROM sbtest%d WHERE k BETWEEN 3423797 AND 3423897
for range-notcovered
table 1 : explain SELECT k, c FROM sbtest1 WHERE k BETWEEN 6986002 AND 6986102
	Bitmap Heap Scan on sbtest1  (cost=5.49..413.00 rows=103 width=125)
	  Recheck Cond: ((k >= 6986002) AND (k <= 6986102))
	  ->  Bitmap Index Scan on k_1  (cost=0.00..5.46 rows=103 width=0)
	        Index Cond: ((k >= 6986002) AND (k <= 6986102))

table 2 : explain SELECT k, c FROM sbtest2 WHERE k BETWEEN 6986002 AND 6986102
	Bitmap Heap Scan on sbtest2  (cost=5.58..448.42 rows=112 width=125)
	  Recheck Cond: ((k >= 6986002) AND (k <= 6986102))
	  ->  Bitmap Index Scan on k_2  (cost=0.00..5.55 rows=112 width=0)
	        Index Cond: ((k >= 6986002) AND (k <= 6986102))

table 3 : explain SELECT k, c FROM sbtest3 WHERE k BETWEEN 6986002 AND 6986102
	Bitmap Heap Scan on sbtest3  (cost=5.60..456.29 rows=114 width=125)
	  Recheck Cond: ((k >= 6986002) AND (k <= 6986102))
	  ->  Bitmap Index Scan on k_3  (cost=0.00..5.58 rows=114 width=0)
	        Index Cond: ((k >= 6986002) AND (k <= 6986102))

table 4 : explain SELECT k, c FROM sbtest4 WHERE k BETWEEN 6986002 AND 6986102
	Bitmap Heap Scan on sbtest4  (cost=5.55..436.62 rows=109 width=125)
	  Recheck Cond: ((k >= 6986002) AND (k <= 6986102))
	  ->  Bitmap Index Scan on k_4  (cost=0.00..5.52 rows=109 width=0)
	        Index Cond: ((k >= 6986002) AND (k <= 6986102))

table 5 : explain SELECT k, c FROM sbtest5 WHERE k BETWEEN 6986002 AND 6986102
	Bitmap Heap Scan on sbtest5  (cost=5.49..413.00 rows=103 width=125)
	  Recheck Cond: ((k >= 6986002) AND (k <= 6986102))
	  ->  Bitmap Index Scan on k_5  (cost=0.00..5.46 rows=103 width=0)
	        Index Cond: ((k >= 6986002) AND (k <= 6986102))

table 6 : explain SELECT k, c FROM sbtest6 WHERE k BETWEEN 6986002 AND 6986102
	Bitmap Heap Scan on sbtest6  (cost=5.37..365.72 rows=91 width=125)
	  Recheck Cond: ((k >= 6986002) AND (k <= 6986102))
	  ->  Bitmap Index Scan on k_6  (cost=0.00..5.34 rows=91 width=0)
	        Index Cond: ((k >= 6986002) AND (k <= 6986102))

table 7 : explain SELECT k, c FROM sbtest7 WHERE k BETWEEN 6986002 AND 6986102
	Bitmap Heap Scan on sbtest7  (cost=5.32..346.00 rows=86 width=125)
	  Recheck Cond: ((k >= 6986002) AND (k <= 6986102))
	  ->  Bitmap Index Scan on k_7  (cost=0.00..5.29 rows=86 width=0)
	        Index Cond: ((k >= 6986002) AND (k <= 6986102))

table 8 : explain SELECT k, c FROM sbtest8 WHERE k BETWEEN 6986002 AND 6986102
	Bitmap Heap Scan on sbtest8  (cost=5.51..420.88 rows=105 width=125)
	  Recheck Cond: ((k >= 6986002) AND (k <= 6986102))
	  ->  Bitmap Index Scan on k_8  (cost=0.00..5.48 rows=105 width=0)
	        Index Cond: ((k >= 6986002) AND (k <= 6986102))

for range-notcovered
table 1 : explain SELECT k, c FROM sbtest1 WHERE k BETWEEN 3871570 AND 3871670
	Bitmap Heap Scan on sbtest1  (cost=5.40..377.55 rows=94 width=125)
	  Recheck Cond: ((k >= 3871570) AND (k <= 3871670))
	  ->  Bitmap Index Scan on k_1  (cost=0.00..5.38 rows=94 width=0)
	        Index Cond: ((k >= 3871570) AND (k <= 3871670))

table 2 : explain SELECT k, c FROM sbtest2 WHERE k BETWEEN 3871570 AND 3871670
	Bitmap Heap Scan on sbtest2  (cost=5.41..381.49 rows=95 width=125)
	  Recheck Cond: ((k >= 3871570) AND (k <= 3871670))
	  ->  Bitmap Index Scan on k_2  (cost=0.00..5.38 rows=95 width=0)
	        Index Cond: ((k >= 3871570) AND (k <= 3871670))

table 3 : explain SELECT k, c FROM sbtest3 WHERE k BETWEEN 3871570 AND 3871670
	Bitmap Heap Scan on sbtest3  (cost=5.48..409.07 rows=102 width=125)
	  Recheck Cond: ((k >= 3871570) AND (k <= 3871670))
	  ->  Bitmap Index Scan on k_3  (cost=0.00..5.45 rows=102 width=0)
	        Index Cond: ((k >= 3871570) AND (k <= 3871670))

table 4 : explain SELECT k, c FROM sbtest4 WHERE k BETWEEN 3871570 AND 3871670
	Bitmap Heap Scan on sbtest4  (cost=5.51..420.88 rows=105 width=125)
	  Recheck Cond: ((k >= 3871570) AND (k <= 3871670))
	  ->  Bitmap Index Scan on k_4  (cost=0.00..5.48 rows=105 width=0)
	        Index Cond: ((k >= 3871570) AND (k <= 3871670))

table 5 : explain SELECT k, c FROM sbtest5 WHERE k BETWEEN 3871570 AND 3871670
	Bitmap Heap Scan on sbtest5  (cost=5.49..413.00 rows=103 width=125)
	  Recheck Cond: ((k >= 3871570) AND (k <= 3871670))
	  ->  Bitmap Index Scan on k_5  (cost=0.00..5.46 rows=103 width=0)
	        Index Cond: ((k >= 3871570) AND (k <= 3871670))

table 6 : explain SELECT k, c FROM sbtest6 WHERE k BETWEEN 3871570 AND 3871670
	Bitmap Heap Scan on sbtest6  (cost=5.40..377.55 rows=94 width=125)
	  Recheck Cond: ((k >= 3871570) AND (k <= 3871670))
	  ->  Bitmap Index Scan on k_6  (cost=0.00..5.38 rows=94 width=0)
	        Index Cond: ((k >= 3871570) AND (k <= 3871670))

table 7 : explain SELECT k, c FROM sbtest7 WHERE k BETWEEN 3871570 AND 3871670
	Bitmap Heap Scan on sbtest7  (cost=5.44..393.31 rows=98 width=125)
	  Recheck Cond: ((k >= 3871570) AND (k <= 3871670))
	  ->  Bitmap Index Scan on k_7  (cost=0.00..5.42 rows=98 width=0)
	        Index Cond: ((k >= 3871570) AND (k <= 3871670))

table 8 : explain SELECT k, c FROM sbtest8 WHERE k BETWEEN 3871570 AND 3871670
	Bitmap Heap Scan on sbtest8  (cost=5.47..405.13 rows=101 width=125)
	  Recheck Cond: ((k >= 3871570) AND (k <= 3871670))
	  ->  Bitmap Index Scan on k_8  (cost=0.00..5.44 rows=101 width=0)
	        Index Cond: ((k >= 3871570) AND (k <= 3871670))

explain: for range-notcovered :: explain SELECT k, c FROM sbtest%d WHERE k BETWEEN 6986002 AND 6986102
for range-notcovered
table 1 : explain SELECT k, c FROM sbtest1 WHERE k BETWEEN 3138599 AND 3138699
	Bitmap Heap Scan on sbtest1  (cost=5.46..401.19 rows=100 width=125)
	  Recheck Cond: ((k >= 3138599) AND (k <= 3138699))
	  ->  Bitmap Index Scan on k_1  (cost=0.00..5.43 rows=100 width=0)
	        Index Cond: ((k >= 3138599) AND (k <= 3138699))

table 2 : explain SELECT k, c FROM sbtest2 WHERE k BETWEEN 3138599 AND 3138699
	Bitmap Heap Scan on sbtest2  (cost=5.46..401.19 rows=100 width=125)
	  Recheck Cond: ((k >= 3138599) AND (k <= 3138699))
	  ->  Bitmap Index Scan on k_2  (cost=0.00..5.43 rows=100 width=0)
	        Index Cond: ((k >= 3138599) AND (k <= 3138699))

table 3 : explain SELECT k, c FROM sbtest3 WHERE k BETWEEN 3138599 AND 3138699
	Bitmap Heap Scan on sbtest3  (cost=5.49..413.00 rows=103 width=125)
	  Recheck Cond: ((k >= 3138599) AND (k <= 3138699))
	  ->  Bitmap Index Scan on k_3  (cost=0.00..5.46 rows=103 width=0)
	        Index Cond: ((k >= 3138599) AND (k <= 3138699))

table 4 : explain SELECT k, c FROM sbtest4 WHERE k BETWEEN 3138599 AND 3138699
	Bitmap Heap Scan on sbtest4  (cost=5.54..432.69 rows=108 width=125)
	  Recheck Cond: ((k >= 3138599) AND (k <= 3138699))
	  ->  Bitmap Index Scan on k_4  (cost=0.00..5.51 rows=108 width=0)
	        Index Cond: ((k >= 3138599) AND (k <= 3138699))

table 5 : explain SELECT k, c FROM sbtest5 WHERE k BETWEEN 3138599 AND 3138699
	Bitmap Heap Scan on sbtest5  (cost=5.41..381.49 rows=95 width=125)
	  Recheck Cond: ((k >= 3138599) AND (k <= 3138699))
	  ->  Bitmap Index Scan on k_5  (cost=0.00..5.38 rows=95 width=0)
	        Index Cond: ((k >= 3138599) AND (k <= 3138699))

table 6 : explain SELECT k, c FROM sbtest6 WHERE k BETWEEN 3138599 AND 3138699
	Bitmap Heap Scan on sbtest6  (cost=5.50..416.94 rows=104 width=125)
	  Recheck Cond: ((k >= 3138599) AND (k <= 3138699))
	  ->  Bitmap Index Scan on k_6  (cost=0.00..5.47 rows=104 width=0)
	        Index Cond: ((k >= 3138599) AND (k <= 3138699))

table 7 : explain SELECT k, c FROM sbtest7 WHERE k BETWEEN 3138599 AND 3138699
	Bitmap Heap Scan on sbtest7  (cost=5.47..405.13 rows=101 width=125)
	  Recheck Cond: ((k >= 3138599) AND (k <= 3138699))
	  ->  Bitmap Index Scan on k_7  (cost=0.00..5.44 rows=101 width=0)
	        Index Cond: ((k >= 3138599) AND (k <= 3138699))

table 8 : explain SELECT k, c FROM sbtest8 WHERE k BETWEEN 3138599 AND 3138699
	Bitmap Heap Scan on sbtest8  (cost=5.47..405.13 rows=101 width=125)
	  Recheck Cond: ((k >= 3138599) AND (k <= 3138699))
	  ->  Bitmap Index Scan on k_8  (cost=0.00..5.44 rows=101 width=0)
	        Index Cond: ((k >= 3138599) AND (k <= 3138699))

explain: for range-notcovered :: explain SELECT k, c FROM sbtest%d WHERE k BETWEEN 3871570 AND 3871670
for range-notcovered
table 1 : explain SELECT k, c FROM sbtest1 WHERE k BETWEEN 7935945 AND 7936045
	Bitmap Heap Scan on sbtest1  (cost=5.43..389.37 rows=97 width=125)
	  Recheck Cond: ((k >= 7935945) AND (k <= 7936045))
	  ->  Bitmap Index Scan on k_1  (cost=0.00..5.40 rows=97 width=0)
	        Index Cond: ((k >= 7935945) AND (k <= 7936045))

table 2 : explain SELECT k, c FROM sbtest2 WHERE k BETWEEN 7935945 AND 7936045
	Bitmap Heap Scan on sbtest2  (cost=5.45..397.25 rows=99 width=125)
	  Recheck Cond: ((k >= 7935945) AND (k <= 7936045))
	  ->  Bitmap Index Scan on k_2  (cost=0.00..5.42 rows=99 width=0)
	        Index Cond: ((k >= 7935945) AND (k <= 7936045))

table 3 : explain SELECT k, c FROM sbtest3 WHERE k BETWEEN 7935945 AND 7936045
	Bitmap Heap Scan on sbtest3  (cost=5.55..436.62 rows=109 width=125)
	  Recheck Cond: ((k >= 7935945) AND (k <= 7936045))
	  ->  Bitmap Index Scan on k_3  (cost=0.00..5.52 rows=109 width=0)
	        Index Cond: ((k >= 7935945) AND (k <= 7936045))

table 4 : explain SELECT k, c FROM sbtest4 WHERE k BETWEEN 7935945 AND 7936045
	Bitmap Heap Scan on sbtest4  (cost=5.50..416.94 rows=104 width=125)
	  Recheck Cond: ((k >= 7935945) AND (k <= 7936045))
	  ->  Bitmap Index Scan on k_4  (cost=0.00..5.47 rows=104 width=0)
	        Index Cond: ((k >= 7935945) AND (k <= 7936045))

table 5 : explain SELECT k, c FROM sbtest5 WHERE k BETWEEN 7935945 AND 7936045
	Bitmap Heap Scan on sbtest5  (cost=5.44..393.31 rows=98 width=125)
	  Recheck Cond: ((k >= 7935945) AND (k <= 7936045))
	  ->  Bitmap Index Scan on k_5  (cost=0.00..5.42 rows=98 width=0)
	        Index Cond: ((k >= 7935945) AND (k <= 7936045))

table 6 : explain SELECT k, c FROM sbtest6 WHERE k BETWEEN 7935945 AND 7936045
	Bitmap Heap Scan on sbtest6  (cost=5.44..393.31 rows=98 width=125)
	  Recheck Cond: ((k >= 7935945) AND (k <= 7936045))
	  ->  Bitmap Index Scan on k_6  (cost=0.00..5.42 rows=98 width=0)
	        Index Cond: ((k >= 7935945) AND (k <= 7936045))

table 7 : explain SELECT k, c FROM sbtest7 WHERE k BETWEEN 7935945 AND 7936045
	Bitmap Heap Scan on sbtest7  (cost=5.55..436.62 rows=109 width=125)
	  Recheck Cond: ((k >= 7935945) AND (k <= 7936045))
	  ->  Bitmap Index Scan on k_7  (cost=0.00..5.52 rows=109 width=0)
	        Index Cond: ((k >= 7935945) AND (k <= 7936045))

table 8 : explain SELECT k, c FROM sbtest8 WHERE k BETWEEN 7935945 AND 7936045
	Bitmap Heap Scan on sbtest8  (cost=5.56..440.56 rows=110 width=125)
	  Recheck Cond: ((k >= 7935945) AND (k <= 7936045))
	  ->  Bitmap Index Scan on k_8  (cost=0.00..5.53 rows=110 width=0)
	        Index Cond: ((k >= 7935945) AND (k <= 7936045))

explain: for range-notcovered :: explain SELECT k, c FROM sbtest%d WHERE k BETWEEN 3138599 AND 3138699
explain: for range-notcovered :: explain SELECT k, c FROM sbtest%d WHERE k BETWEEN 7935945 AND 7936045
for range-notcovered
table 1 : explain SELECT k, c FROM sbtest1 WHERE k BETWEEN 4984803 AND 4984903
	Bitmap Heap Scan on sbtest1  (cost=5.41..381.49 rows=95 width=125)
	  Recheck Cond: ((k >= 4984803) AND (k <= 4984903))
	  ->  Bitmap Index Scan on k_1  (cost=0.00..5.38 rows=95 width=0)
	        Index Cond: ((k >= 4984803) AND (k <= 4984903))

table 2 : explain SELECT k, c FROM sbtest2 WHERE k BETWEEN 4984803 AND 4984903
	Bitmap Heap Scan on sbtest2  (cost=5.49..413.00 rows=103 width=125)
	  Recheck Cond: ((k >= 4984803) AND (k <= 4984903))
	  ->  Bitmap Index Scan on k_2  (cost=0.00..5.46 rows=103 width=0)
	        Index Cond: ((k >= 4984803) AND (k <= 4984903))

table 3 : explain SELECT k, c FROM sbtest3 WHERE k BETWEEN 4984803 AND 4984903
	Bitmap Heap Scan on sbtest3  (cost=5.53..428.75 rows=107 width=125)
	  Recheck Cond: ((k >= 4984803) AND (k <= 4984903))
	  ->  Bitmap Index Scan on k_3  (cost=0.00..5.50 rows=107 width=0)
	        Index Cond: ((k >= 4984803) AND (k <= 4984903))

table 4 : explain SELECT k, c FROM sbtest4 WHERE k BETWEEN 4984803 AND 4984903
	Bitmap Heap Scan on sbtest4  (cost=5.50..416.94 rows=104 width=125)
	  Recheck Cond: ((k >= 4984803) AND (k <= 4984903))
	  ->  Bitmap Index Scan on k_4  (cost=0.00..5.47 rows=104 width=0)
	        Index Cond: ((k >= 4984803) AND (k <= 4984903))

table 5 : explain SELECT k, c FROM sbtest5 WHERE k BETWEEN 4984803 AND 4984903
	Bitmap Heap Scan on sbtest5  (cost=5.39..373.61 rows=93 width=125)
	  Recheck Cond: ((k >= 4984803) AND (k <= 4984903))
	  ->  Bitmap Index Scan on k_5  (cost=0.00..5.36 rows=93 width=0)
	        Index Cond: ((k >= 4984803) AND (k <= 4984903))

table 6 : explain SELECT k, c FROM sbtest6 WHERE k BETWEEN 4984803 AND 4984903
	Bitmap Heap Scan on sbtest6  (cost=5.45..397.25 rows=99 width=125)
	  Recheck Cond: ((k >= 4984803) AND (k <= 4984903))
	  ->  Bitmap Index Scan on k_6  (cost=0.00..5.42 rows=99 width=0)
	        Index Cond: ((k >= 4984803) AND (k <= 4984903))

table 7 : explain SELECT k, c FROM sbtest7 WHERE k BETWEEN 4984803 AND 4984903
	Bitmap Heap Scan on sbtest7  (cost=5.53..428.75 rows=107 width=125)
	  Recheck Cond: ((k >= 4984803) AND (k <= 4984903))
	  ->  Bitmap Index Scan on k_7  (cost=0.00..5.50 rows=107 width=0)
	        Index Cond: ((k >= 4984803) AND (k <= 4984903))

table 8 : explain SELECT k, c FROM sbtest8 WHERE k BETWEEN 4984803 AND 4984903
	Bitmap Heap Scan on sbtest8  (cost=5.48..409.07 rows=102 width=125)
	  Recheck Cond: ((k >= 4984803) AND (k <= 4984903))
	  ->  Bitmap Index Scan on k_8  (cost=0.00..5.45 rows=102 width=0)
	        Index Cond: ((k >= 4984803) AND (k <= 4984903))

for range-notcovered
table 1 : explain SELECT k, c FROM sbtest1 WHERE k BETWEEN 3423797 AND 3423897
	Bitmap Heap Scan on sbtest1  (cost=5.46..401.19 rows=100 width=125)
	  Recheck Cond: ((k >= 3423797) AND (k <= 3423897))
	  ->  Bitmap Index Scan on k_1  (cost=0.00..5.43 rows=100 width=0)
	        Index Cond: ((k >= 3423797) AND (k <= 3423897))

table 2 : explain SELECT k, c FROM sbtest2 WHERE k BETWEEN 3423797 AND 3423897
	Bitmap Heap Scan on sbtest2  (cost=5.54..432.69 rows=108 width=125)
	  Recheck Cond: ((k >= 3423797) AND (k <= 3423897))
	  ->  Bitmap Index Scan on k_2  (cost=0.00..5.51 rows=108 width=0)
	        Index Cond: ((k >= 3423797) AND (k <= 3423897))

table 3 : explain SELECT k, c FROM sbtest3 WHERE k BETWEEN 3423797 AND 3423897
	Bitmap Heap Scan on sbtest3  (cost=5.37..365.72 rows=91 width=125)
	  Recheck Cond: ((k >= 3423797) AND (k <= 3423897))
	  ->  Bitmap Index Scan on k_3  (cost=0.00..5.34 rows=91 width=0)
	        Index Cond: ((k >= 3423797) AND (k <= 3423897))

table 4 : explain SELECT k, c FROM sbtest4 WHERE k BETWEEN 3423797 AND 3423897
	Bitmap Heap Scan on sbtest4  (cost=5.54..432.69 rows=108 width=125)
	  Recheck Cond: ((k >= 3423797) AND (k <= 3423897))
	  ->  Bitmap Index Scan on k_4  (cost=0.00..5.51 rows=108 width=0)
	        Index Cond: ((k >= 3423797) AND (k <= 3423897))

table 5 : explain SELECT k, c FROM sbtest5 WHERE k BETWEEN 3423797 AND 3423897
	Bitmap Heap Scan on sbtest5  (cost=5.35..357.84 rows=89 width=125)
	  Recheck Cond: ((k >= 3423797) AND (k <= 3423897))
	  ->  Bitmap Index Scan on k_5  (cost=0.00..5.32 rows=89 width=0)
	        Index Cond: ((k >= 3423797) AND (k <= 3423897))

table 6 : explain SELECT k, c FROM sbtest6 WHERE k BETWEEN 3423797 AND 3423897
	Bitmap Heap Scan on sbtest6  (cost=5.42..385.43 rows=96 width=125)
	  Recheck Cond: ((k >= 3423797) AND (k <= 3423897))
	  ->  Bitmap Index Scan on k_6  (cost=0.00..5.39 rows=96 width=0)
	        Index Cond: ((k >= 3423797) AND (k <= 3423897))

table 7 : explain SELECT k, c FROM sbtest7 WHERE k BETWEEN 3423797 AND 3423897
	Bitmap Heap Scan on sbtest7  (cost=5.47..405.13 rows=101 width=125)
	  Recheck Cond: ((k >= 3423797) AND (k <= 3423897))
	  ->  Bitmap Index Scan on k_7  (cost=0.00..5.44 rows=101 width=0)
	        Index Cond: ((k >= 3423797) AND (k <= 3423897))

table 8 : explain SELECT k, c FROM sbtest8 WHERE k BETWEEN 3423797 AND 3423897
	Bitmap Heap Scan on sbtest8  (cost=5.42..385.43 rows=96 width=125)
	  Recheck Cond: ((k >= 3423797) AND (k <= 3423897))
	  ->  Bitmap Index Scan on k_8  (cost=0.00..5.39 rows=96 width=0)
	        Index Cond: ((k >= 3423797) AND (k <= 3423897))

explain: for range-notcovered :: explain SELECT k, c FROM sbtest%d WHERE k BETWEEN 4984803 AND 4984903
for range-notcovered
table 1 : explain SELECT k, c FROM sbtest1 WHERE k BETWEEN 3981026 AND 3981126
	Bitmap Heap Scan on sbtest1  (cost=5.45..397.25 rows=99 width=125)
	  Recheck Cond: ((k >= 3981026) AND (k <= 3981126))
	  ->  Bitmap Index Scan on k_1  (cost=0.00..5.42 rows=99 width=0)
	        Index Cond: ((k >= 3981026) AND (k <= 3981126))

table 2 : explain SELECT k, c FROM sbtest2 WHERE k BETWEEN 3981026 AND 3981126
	Bitmap Heap Scan on sbtest2  (cost=5.44..393.31 rows=98 width=125)
	  Recheck Cond: ((k >= 3981026) AND (k <= 3981126))
	  ->  Bitmap Index Scan on k_2  (cost=0.00..5.42 rows=98 width=0)
	        Index Cond: ((k >= 3981026) AND (k <= 3981126))

table 3 : explain SELECT k, c FROM sbtest3 WHERE k BETWEEN 3981026 AND 3981126
	Bitmap Heap Scan on sbtest3  (cost=5.50..416.94 rows=104 width=125)
	  Recheck Cond: ((k >= 3981026) AND (k <= 3981126))
	  ->  Bitmap Index Scan on k_3  (cost=0.00..5.47 rows=104 width=0)
	        Index Cond: ((k >= 3981026) AND (k <= 3981126))

table 4 : explain SELECT k, c FROM sbtest4 WHERE k BETWEEN 3981026 AND 3981126
	Bitmap Heap Scan on sbtest4  (cost=5.42..385.43 rows=96 width=125)
	  Recheck Cond: ((k >= 3981026) AND (k <= 3981126))
	  ->  Bitmap Index Scan on k_4  (cost=0.00..5.39 rows=96 width=0)
	        Index Cond: ((k >= 3981026) AND (k <= 3981126))

table 5 : explain SELECT k, c FROM sbtest5 WHERE k BETWEEN 3981026 AND 3981126
	Bitmap Heap Scan on sbtest5  (cost=5.47..405.13 rows=101 width=125)
	  Recheck Cond: ((k >= 3981026) AND (k <= 3981126))
	  ->  Bitmap Index Scan on k_5  (cost=0.00..5.44 rows=101 width=0)
	        Index Cond: ((k >= 3981026) AND (k <= 3981126))

table 6 : explain SELECT k, c FROM sbtest6 WHERE k BETWEEN 3981026 AND 3981126
	Bitmap Heap Scan on sbtest6  (cost=5.47..405.13 rows=101 width=125)
	  Recheck Cond: ((k >= 3981026) AND (k <= 3981126))
	  ->  Bitmap Index Scan on k_6  (cost=0.00..5.44 rows=101 width=0)
	        Index Cond: ((k >= 3981026) AND (k <= 3981126))

table 7 : explain SELECT k, c FROM sbtest7 WHERE k BETWEEN 3981026 AND 3981126
	Bitmap Heap Scan on sbtest7  (cost=5.46..401.19 rows=100 width=125)
	  Recheck Cond: ((k >= 3981026) AND (k <= 3981126))
	  ->  Bitmap Index Scan on k_7  (cost=0.00..5.43 rows=100 width=0)
	        Index Cond: ((k >= 3981026) AND (k <= 3981126))

table 8 : explain SELECT k, c FROM sbtest8 WHERE k BETWEEN 3981026 AND 3981126
	Bitmap Heap Scan on sbtest8  (cost=5.46..401.19 rows=100 width=125)
	  Recheck Cond: ((k >= 3981026) AND (k <= 3981126))
	  ->  Bitmap Index Scan on k_8  (cost=0.00..5.43 rows=100 width=0)
	        Index Cond: ((k >= 3981026) AND (k <= 3981126))

explain: for range-notcovered :: explain SELECT k, c FROM sbtest%d WHERE k BETWEEN 3423797 AND 3423897
explain: for range-notcovered :: explain SELECT k, c FROM sbtest%d WHERE k BETWEEN 3981026 AND 3981126
for range-notcovered
table 1 : explain SELECT k, c FROM sbtest1 WHERE k BETWEEN 6986002 AND 6986102
	Bitmap Heap Scan on sbtest1  (cost=5.49..413.00 rows=103 width=125)
	  Recheck Cond: ((k >= 6986002) AND (k <= 6986102))
	  ->  Bitmap Index Scan on k_1  (cost=0.00..5.46 rows=103 width=0)
	        Index Cond: ((k >= 6986002) AND (k <= 6986102))

table 2 : explain SELECT k, c FROM sbtest2 WHERE k BETWEEN 6986002 AND 6986102
	Bitmap Heap Scan on sbtest2  (cost=5.58..448.42 rows=112 width=125)
	  Recheck Cond: ((k >= 6986002) AND (k <= 6986102))
	  ->  Bitmap Index Scan on k_2  (cost=0.00..5.55 rows=112 width=0)
	        Index Cond: ((k >= 6986002) AND (k <= 6986102))

table 3 : explain SELECT k, c FROM sbtest3 WHERE k BETWEEN 6986002 AND 6986102
	Bitmap Heap Scan on sbtest3  (cost=5.60..456.29 rows=114 width=125)
	  Recheck Cond: ((k >= 6986002) AND (k <= 6986102))
	  ->  Bitmap Index Scan on k_3  (cost=0.00..5.58 rows=114 width=0)
	        Index Cond: ((k >= 6986002) AND (k <= 6986102))

table 4 : explain SELECT k, c FROM sbtest4 WHERE k BETWEEN 6986002 AND 6986102
	Bitmap Heap Scan on sbtest4  (cost=5.55..436.62 rows=109 width=125)
	  Recheck Cond: ((k >= 6986002) AND (k <= 6986102))
	  ->  Bitmap Index Scan on k_4  (cost=0.00..5.52 rows=109 width=0)
	        Index Cond: ((k >= 6986002) AND (k <= 6986102))

table 5 : explain SELECT k, c FROM sbtest5 WHERE k BETWEEN 6986002 AND 6986102
	Bitmap Heap Scan on sbtest5  (cost=5.49..413.00 rows=103 width=125)
	  Recheck Cond: ((k >= 6986002) AND (k <= 6986102))
	  ->  Bitmap Index Scan on k_5  (cost=0.00..5.46 rows=103 width=0)
	        Index Cond: ((k >= 6986002) AND (k <= 6986102))

table 6 : explain SELECT k, c FROM sbtest6 WHERE k BETWEEN 6986002 AND 6986102
	Bitmap Heap Scan on sbtest6  (cost=5.37..365.72 rows=91 width=125)
	  Recheck Cond: ((k >= 6986002) AND (k <= 6986102))
	  ->  Bitmap Index Scan on k_6  (cost=0.00..5.34 rows=91 width=0)
	        Index Cond: ((k >= 6986002) AND (k <= 6986102))

table 7 : explain SELECT k, c FROM sbtest7 WHERE k BETWEEN 6986002 AND 6986102
	Bitmap Heap Scan on sbtest7  (cost=5.32..346.00 rows=86 width=125)
	  Recheck Cond: ((k >= 6986002) AND (k <= 6986102))
	  ->  Bitmap Index Scan on k_7  (cost=0.00..5.29 rows=86 width=0)
	        Index Cond: ((k >= 6986002) AND (k <= 6986102))

table 8 : explain SELECT k, c FROM sbtest8 WHERE k BETWEEN 6986002 AND 6986102
	Bitmap Heap Scan on sbtest8  (cost=5.51..420.88 rows=105 width=125)
	  Recheck Cond: ((k >= 6986002) AND (k <= 6986102))
	  ->  Bitmap Index Scan on k_8  (cost=0.00..5.48 rows=105 width=0)
	        Index Cond: ((k >= 6986002) AND (k <= 6986102))

explain: for range-notcovered :: explain SELECT k, c FROM sbtest%d WHERE k BETWEEN 6986002 AND 6986102
for range-notcovered
table 1 : explain SELECT k, c FROM sbtest1 WHERE k BETWEEN 3138599 AND 3138699
	Bitmap Heap Scan on sbtest1  (cost=5.46..401.19 rows=100 width=125)
	  Recheck Cond: ((k >= 3138599) AND (k <= 3138699))
	  ->  Bitmap Index Scan on k_1  (cost=0.00..5.43 rows=100 width=0)
	        Index Cond: ((k >= 3138599) AND (k <= 3138699))

table 2 : explain SELECT k, c FROM sbtest2 WHERE k BETWEEN 3138599 AND 3138699
	Bitmap Heap Scan on sbtest2  (cost=5.46..401.19 rows=100 width=125)
	  Recheck Cond: ((k >= 3138599) AND (k <= 3138699))
	  ->  Bitmap Index Scan on k_2  (cost=0.00..5.43 rows=100 width=0)
	        Index Cond: ((k >= 3138599) AND (k <= 3138699))

table 3 : explain SELECT k, c FROM sbtest3 WHERE k BETWEEN 3138599 AND 3138699
	Bitmap Heap Scan on sbtest3  (cost=5.49..413.00 rows=103 width=125)
	  Recheck Cond: ((k >= 3138599) AND (k <= 3138699))
	  ->  Bitmap Index Scan on k_3  (cost=0.00..5.46 rows=103 width=0)
	        Index Cond: ((k >= 3138599) AND (k <= 3138699))

table 4 : explain SELECT k, c FROM sbtest4 WHERE k BETWEEN 3138599 AND 3138699
	Bitmap Heap Scan on sbtest4  (cost=5.54..432.69 rows=108 width=125)
	  Recheck Cond: ((k >= 3138599) AND (k <= 3138699))
	  ->  Bitmap Index Scan on k_4  (cost=0.00..5.51 rows=108 width=0)
	        Index Cond: ((k >= 3138599) AND (k <= 3138699))

table 5 : explain SELECT k, c FROM sbtest5 WHERE k BETWEEN 3138599 AND 3138699
	Bitmap Heap Scan on sbtest5  (cost=5.41..381.49 rows=95 width=125)
	  Recheck Cond: ((k >= 3138599) AND (k <= 3138699))
	  ->  Bitmap Index Scan on k_5  (cost=0.00..5.38 rows=95 width=0)
	        Index Cond: ((k >= 3138599) AND (k <= 3138699))

table 6 : explain SELECT k, c FROM sbtest6 WHERE k BETWEEN 3138599 AND 3138699
	Bitmap Heap Scan on sbtest6  (cost=5.50..416.94 rows=104 width=125)
	  Recheck Cond: ((k >= 3138599) AND (k <= 3138699))
	  ->  Bitmap Index Scan on k_6  (cost=0.00..5.47 rows=104 width=0)
	        Index Cond: ((k >= 3138599) AND (k <= 3138699))

table 7 : explain SELECT k, c FROM sbtest7 WHERE k BETWEEN 3138599 AND 3138699
	Bitmap Heap Scan on sbtest7  (cost=5.47..405.13 rows=101 width=125)
	  Recheck Cond: ((k >= 3138599) AND (k <= 3138699))
	  ->  Bitmap Index Scan on k_7  (cost=0.00..5.44 rows=101 width=0)
	        Index Cond: ((k >= 3138599) AND (k <= 3138699))

table 8 : explain SELECT k, c FROM sbtest8 WHERE k BETWEEN 3138599 AND 3138699
	Bitmap Heap Scan on sbtest8  (cost=5.47..405.13 rows=101 width=125)
	  Recheck Cond: ((k >= 3138599) AND (k <= 3138699))
	  ->  Bitmap Index Scan on k_8  (cost=0.00..5.44 rows=101 width=0)
	        Index Cond: ((k >= 3138599) AND (k <= 3138699))

for range-notcovered
table 1 : explain SELECT k, c FROM sbtest1 WHERE k BETWEEN 7935945 AND 7936045
	Bitmap Heap Scan on sbtest1  (cost=5.43..389.37 rows=97 width=125)
	  Recheck Cond: ((k >= 7935945) AND (k <= 7936045))
	  ->  Bitmap Index Scan on k_1  (cost=0.00..5.40 rows=97 width=0)
	        Index Cond: ((k >= 7935945) AND (k <= 7936045))

table 2 : explain SELECT k, c FROM sbtest2 WHERE k BETWEEN 7935945 AND 7936045
	Bitmap Heap Scan on sbtest2  (cost=5.45..397.25 rows=99 width=125)
	  Recheck Cond: ((k >= 7935945) AND (k <= 7936045))
	  ->  Bitmap Index Scan on k_2  (cost=0.00..5.42 rows=99 width=0)
	        Index Cond: ((k >= 7935945) AND (k <= 7936045))

table 3 : explain SELECT k, c FROM sbtest3 WHERE k BETWEEN 7935945 AND 7936045
	Bitmap Heap Scan on sbtest3  (cost=5.55..436.62 rows=109 width=125)
	  Recheck Cond: ((k >= 7935945) AND (k <= 7936045))
	  ->  Bitmap Index Scan on k_3  (cost=0.00..5.52 rows=109 width=0)
	        Index Cond: ((k >= 7935945) AND (k <= 7936045))

table 4 : explain SELECT k, c FROM sbtest4 WHERE k BETWEEN 7935945 AND 7936045
	Bitmap Heap Scan on sbtest4  (cost=5.50..416.94 rows=104 width=125)
	  Recheck Cond: ((k >= 7935945) AND (k <= 7936045))
	  ->  Bitmap Index Scan on k_4  (cost=0.00..5.47 rows=104 width=0)
	        Index Cond: ((k >= 7935945) AND (k <= 7936045))

table 5 : explain SELECT k, c FROM sbtest5 WHERE k BETWEEN 7935945 AND 7936045
	Bitmap Heap Scan on sbtest5  (cost=5.44..393.31 rows=98 width=125)
	  Recheck Cond: ((k >= 7935945) AND (k <= 7936045))
	  ->  Bitmap Index Scan on k_5  (cost=0.00..5.42 rows=98 width=0)
	        Index Cond: ((k >= 7935945) AND (k <= 7936045))

table 6 : explain SELECT k, c FROM sbtest6 WHERE k BETWEEN 7935945 AND 7936045
	Bitmap Heap Scan on sbtest6  (cost=5.44..393.31 rows=98 width=125)
	  Recheck Cond: ((k >= 7935945) AND (k <= 7936045))
	  ->  Bitmap Index Scan on k_6  (cost=0.00..5.42 rows=98 width=0)
	        Index Cond: ((k >= 7935945) AND (k <= 7936045))

table 7 : explain SELECT k, c FROM sbtest7 WHERE k BETWEEN 7935945 AND 7936045
	Bitmap Heap Scan on sbtest7  (cost=5.55..436.62 rows=109 width=125)
	  Recheck Cond: ((k >= 7935945) AND (k <= 7936045))
	  ->  Bitmap Index Scan on k_7  (cost=0.00..5.52 rows=109 width=0)
	        Index Cond: ((k >= 7935945) AND (k <= 7936045))

table 8 : explain SELECT k, c FROM sbtest8 WHERE k BETWEEN 7935945 AND 7936045
	Bitmap Heap Scan on sbtest8  (cost=5.56..440.56 rows=110 width=125)
	  Recheck Cond: ((k >= 7935945) AND (k <= 7936045))
	  ->  Bitmap Index Scan on k_8  (cost=0.00..5.53 rows=110 width=0)
	        Index Cond: ((k >= 7935945) AND (k <= 7936045))

for range-notcovered
table 1 : explain SELECT k, c FROM sbtest1 WHERE k BETWEEN 3871570 AND 3871670
	Bitmap Heap Scan on sbtest1  (cost=5.40..377.55 rows=94 width=125)
	  Recheck Cond: ((k >= 3871570) AND (k <= 3871670))
	  ->  Bitmap Index Scan on k_1  (cost=0.00..5.38 rows=94 width=0)
	        Index Cond: ((k >= 3871570) AND (k <= 3871670))

table 2 : explain SELECT k, c FROM sbtest2 WHERE k BETWEEN 3871570 AND 3871670
	Bitmap Heap Scan on sbtest2  (cost=5.41..381.49 rows=95 width=125)
	  Recheck Cond: ((k >= 3871570) AND (k <= 3871670))
	  ->  Bitmap Index Scan on k_2  (cost=0.00..5.38 rows=95 width=0)
	        Index Cond: ((k >= 3871570) AND (k <= 3871670))

table 3 : explain SELECT k, c FROM sbtest3 WHERE k BETWEEN 3871570 AND 3871670
	Bitmap Heap Scan on sbtest3  (cost=5.48..409.07 rows=102 width=125)
	  Recheck Cond: ((k >= 3871570) AND (k <= 3871670))
	  ->  Bitmap Index Scan on k_3  (cost=0.00..5.45 rows=102 width=0)
	        Index Cond: ((k >= 3871570) AND (k <= 3871670))

table 4 : explain SELECT k, c FROM sbtest4 WHERE k BETWEEN 3871570 AND 3871670
	Bitmap Heap Scan on sbtest4  (cost=5.51..420.88 rows=105 width=125)
	  Recheck Cond: ((k >= 3871570) AND (k <= 3871670))
	  ->  Bitmap Index Scan on k_4  (cost=0.00..5.48 rows=105 width=0)
	        Index Cond: ((k >= 3871570) AND (k <= 3871670))

table 5 : explain SELECT k, c FROM sbtest5 WHERE k BETWEEN 3871570 AND 3871670
	Bitmap Heap Scan on sbtest5  (cost=5.49..413.00 rows=103 width=125)
	  Recheck Cond: ((k >= 3871570) AND (k <= 3871670))
	  ->  Bitmap Index Scan on k_5  (cost=0.00..5.46 rows=103 width=0)
	        Index Cond: ((k >= 3871570) AND (k <= 3871670))

table 6 : explain SELECT k, c FROM sbtest6 WHERE k BETWEEN 3871570 AND 3871670
	Bitmap Heap Scan on sbtest6  (cost=5.40..377.55 rows=94 width=125)
	  Recheck Cond: ((k >= 3871570) AND (k <= 3871670))
	  ->  Bitmap Index Scan on k_6  (cost=0.00..5.38 rows=94 width=0)
	        Index Cond: ((k >= 3871570) AND (k <= 3871670))

table 7 : explain SELECT k, c FROM sbtest7 WHERE k BETWEEN 3871570 AND 3871670
	Bitmap Heap Scan on sbtest7  (cost=5.44..393.31 rows=98 width=125)
	  Recheck Cond: ((k >= 3871570) AND (k <= 3871670))
	  ->  Bitmap Index Scan on k_7  (cost=0.00..5.42 rows=98 width=0)
	        Index Cond: ((k >= 3871570) AND (k <= 3871670))

table 8 : explain SELECT k, c FROM sbtest8 WHERE k BETWEEN 3871570 AND 3871670
	Bitmap Heap Scan on sbtest8  (cost=5.47..405.13 rows=101 width=125)
	  Recheck Cond: ((k >= 3871570) AND (k <= 3871670))
	  ->  Bitmap Index Scan on k_8  (cost=0.00..5.44 rows=101 width=0)
	        Index Cond: ((k >= 3871570) AND (k <= 3871670))

explain: for range-notcovered :: explain SELECT k, c FROM sbtest%d WHERE k BETWEEN 3871570 AND 3871670
for range-notcovered
table 1 : explain SELECT k, c FROM sbtest1 WHERE k BETWEEN 3423797 AND 3423897
	Bitmap Heap Scan on sbtest1  (cost=5.46..401.19 rows=100 width=125)
	  Recheck Cond: ((k >= 3423797) AND (k <= 3423897))
	  ->  Bitmap Index Scan on k_1  (cost=0.00..5.43 rows=100 width=0)
	        Index Cond: ((k >= 3423797) AND (k <= 3423897))

table 2 : explain SELECT k, c FROM sbtest2 WHERE k BETWEEN 3423797 AND 3423897
	Bitmap Heap Scan on sbtest2  (cost=5.54..432.69 rows=108 width=125)
	  Recheck Cond: ((k >= 3423797) AND (k <= 3423897))
	  ->  Bitmap Index Scan on k_2  (cost=0.00..5.51 rows=108 width=0)
	        Index Cond: ((k >= 3423797) AND (k <= 3423897))

table 3 : explain SELECT k, c FROM sbtest3 WHERE k BETWEEN 3423797 AND 3423897
	Bitmap Heap Scan on sbtest3  (cost=5.37..365.72 rows=91 width=125)
	  Recheck Cond: ((k >= 3423797) AND (k <= 3423897))
	  ->  Bitmap Index Scan on k_3  (cost=0.00..5.34 rows=91 width=0)
	        Index Cond: ((k >= 3423797) AND (k <= 3423897))

table 4 : explain SELECT k, c FROM sbtest4 WHERE k BETWEEN 3423797 AND 3423897
	Bitmap Heap Scan on sbtest4  (cost=5.54..432.69 rows=108 width=125)
	  Recheck Cond: ((k >= 3423797) AND (k <= 3423897))
	  ->  Bitmap Index Scan on k_4  (cost=0.00..5.51 rows=108 width=0)
	        Index Cond: ((k >= 3423797) AND (k <= 3423897))

table 5 : explain SELECT k, c FROM sbtest5 WHERE k BETWEEN 3423797 AND 3423897
	Bitmap Heap Scan on sbtest5  (cost=5.35..357.84 rows=89 width=125)
	  Recheck Cond: ((k >= 3423797) AND (k <= 3423897))
	  ->  Bitmap Index Scan on k_5  (cost=0.00..5.32 rows=89 width=0)
	        Index Cond: ((k >= 3423797) AND (k <= 3423897))

table 6 : explain SELECT k, c FROM sbtest6 WHERE k BETWEEN 3423797 AND 3423897
	Bitmap Heap Scan on sbtest6  (cost=5.42..385.43 rows=96 width=125)
	  Recheck Cond: ((k >= 3423797) AND (k <= 3423897))
	  ->  Bitmap Index Scan on k_6  (cost=0.00..5.39 rows=96 width=0)
	        Index Cond: ((k >= 3423797) AND (k <= 3423897))

table 7 : explain SELECT k, c FROM sbtest7 WHERE k BETWEEN 3423797 AND 3423897
	Bitmap Heap Scan on sbtest7  (cost=5.47..405.13 rows=101 width=125)
	  Recheck Cond: ((k >= 3423797) AND (k <= 3423897))
	  ->  Bitmap Index Scan on k_7  (cost=0.00..5.44 rows=101 width=0)
	        Index Cond: ((k >= 3423797) AND (k <= 3423897))

table 8 : explain SELECT k, c FROM sbtest8 WHERE k BETWEEN 3423797 AND 3423897
	Bitmap Heap Scan on sbtest8  (cost=5.42..385.43 rows=96 width=125)
	  Recheck Cond: ((k >= 3423797) AND (k <= 3423897))
	  ->  Bitmap Index Scan on k_8  (cost=0.00..5.39 rows=96 width=0)
	        Index Cond: ((k >= 3423797) AND (k <= 3423897))

for range-notcovered
table 1 : explain SELECT k, c FROM sbtest1 WHERE k BETWEEN 3981026 AND 3981126
	Bitmap Heap Scan on sbtest1  (cost=5.45..397.25 rows=99 width=125)
	  Recheck Cond: ((k >= 3981026) AND (k <= 3981126))
	  ->  Bitmap Index Scan on k_1  (cost=0.00..5.42 rows=99 width=0)
	        Index Cond: ((k >= 3981026) AND (k <= 3981126))

table 2 : explain SELECT k, c FROM sbtest2 WHERE k BETWEEN 3981026 AND 3981126
	Bitmap Heap Scan on sbtest2  (cost=5.44..393.31 rows=98 width=125)
	  Recheck Cond: ((k >= 3981026) AND (k <= 3981126))
	  ->  Bitmap Index Scan on k_2  (cost=0.00..5.42 rows=98 width=0)
	        Index Cond: ((k >= 3981026) AND (k <= 3981126))

table 3 : explain SELECT k, c FROM sbtest3 WHERE k BETWEEN 3981026 AND 3981126
	Bitmap Heap Scan on sbtest3  (cost=5.50..416.94 rows=104 width=125)
	  Recheck Cond: ((k >= 3981026) AND (k <= 3981126))
	  ->  Bitmap Index Scan on k_3  (cost=0.00..5.47 rows=104 width=0)
	        Index Cond: ((k >= 3981026) AND (k <= 3981126))

table 4 : explain SELECT k, c FROM sbtest4 WHERE k BETWEEN 3981026 AND 3981126
	Bitmap Heap Scan on sbtest4  (cost=5.42..385.43 rows=96 width=125)
	  Recheck Cond: ((k >= 3981026) AND (k <= 3981126))
	  ->  Bitmap Index Scan on k_4  (cost=0.00..5.39 rows=96 width=0)
	        Index Cond: ((k >= 3981026) AND (k <= 3981126))

table 5 : explain SELECT k, c FROM sbtest5 WHERE k BETWEEN 3981026 AND 3981126
	Bitmap Heap Scan on sbtest5  (cost=5.47..405.13 rows=101 width=125)
	  Recheck Cond: ((k >= 3981026) AND (k <= 3981126))
	  ->  Bitmap Index Scan on k_5  (cost=0.00..5.44 rows=101 width=0)
	        Index Cond: ((k >= 3981026) AND (k <= 3981126))

table 6 : explain SELECT k, c FROM sbtest6 WHERE k BETWEEN 3981026 AND 3981126
	Bitmap Heap Scan on sbtest6  (cost=5.47..405.13 rows=101 width=125)
	  Recheck Cond: ((k >= 3981026) AND (k <= 3981126))
	  ->  Bitmap Index Scan on k_6  (cost=0.00..5.44 rows=101 width=0)
	        Index Cond: ((k >= 3981026) AND (k <= 3981126))

table 7 : explain SELECT k, c FROM sbtest7 WHERE k BETWEEN 3981026 AND 3981126
	Bitmap Heap Scan on sbtest7  (cost=5.46..401.19 rows=100 width=125)
	  Recheck Cond: ((k >= 3981026) AND (k <= 3981126))
	  ->  Bitmap Index Scan on k_7  (cost=0.00..5.43 rows=100 width=0)
	        Index Cond: ((k >= 3981026) AND (k <= 3981126))

table 8 : explain SELECT k, c FROM sbtest8 WHERE k BETWEEN 3981026 AND 3981126
	Bitmap Heap Scan on sbtest8  (cost=5.46..401.19 rows=100 width=125)
	  Recheck Cond: ((k >= 3981026) AND (k <= 3981126))
	  ->  Bitmap Index Scan on k_8  (cost=0.00..5.43 rows=100 width=0)
	        Index Cond: ((k >= 3981026) AND (k <= 3981126))

for range-notcovered
table 1 : explain SELECT k, c FROM sbtest1 WHERE k BETWEEN 4984803 AND 4984903
	Bitmap Heap Scan on sbtest1  (cost=5.41..381.49 rows=95 width=125)
	  Recheck Cond: ((k >= 4984803) AND (k <= 4984903))
	  ->  Bitmap Index Scan on k_1  (cost=0.00..5.38 rows=95 width=0)
	        Index Cond: ((k >= 4984803) AND (k <= 4984903))

table 2 : explain SELECT k, c FROM sbtest2 WHERE k BETWEEN 4984803 AND 4984903
	Bitmap Heap Scan on sbtest2  (cost=5.49..413.00 rows=103 width=125)
	  Recheck Cond: ((k >= 4984803) AND (k <= 4984903))
	  ->  Bitmap Index Scan on k_2  (cost=0.00..5.46 rows=103 width=0)
	        Index Cond: ((k >= 4984803) AND (k <= 4984903))

table 3 : explain SELECT k, c FROM sbtest3 WHERE k BETWEEN 4984803 AND 4984903
	Bitmap Heap Scan on sbtest3  (cost=5.53..428.75 rows=107 width=125)
	  Recheck Cond: ((k >= 4984803) AND (k <= 4984903))
	  ->  Bitmap Index Scan on k_3  (cost=0.00..5.50 rows=107 width=0)
	        Index Cond: ((k >= 4984803) AND (k <= 4984903))

table 4 : explain SELECT k, c FROM sbtest4 WHERE k BETWEEN 4984803 AND 4984903
	Bitmap Heap Scan on sbtest4  (cost=5.50..416.94 rows=104 width=125)
	  Recheck Cond: ((k >= 4984803) AND (k <= 4984903))
	  ->  Bitmap Index Scan on k_4  (cost=0.00..5.47 rows=104 width=0)
	        Index Cond: ((k >= 4984803) AND (k <= 4984903))

table 5 : explain SELECT k, c FROM sbtest5 WHERE k BETWEEN 4984803 AND 4984903
	Bitmap Heap Scan on sbtest5  (cost=5.39..373.61 rows=93 width=125)
	  Recheck Cond: ((k >= 4984803) AND (k <= 4984903))
	  ->  Bitmap Index Scan on k_5  (cost=0.00..5.36 rows=93 width=0)
	        Index Cond: ((k >= 4984803) AND (k <= 4984903))

table 6 : explain SELECT k, c FROM sbtest6 WHERE k BETWEEN 4984803 AND 4984903
	Bitmap Heap Scan on sbtest6  (cost=5.45..397.25 rows=99 width=125)
	  Recheck Cond: ((k >= 4984803) AND (k <= 4984903))
	  ->  Bitmap Index Scan on k_6  (cost=0.00..5.42 rows=99 width=0)
	        Index Cond: ((k >= 4984803) AND (k <= 4984903))

table 7 : explain SELECT k, c FROM sbtest7 WHERE k BETWEEN 4984803 AND 4984903
	Bitmap Heap Scan on sbtest7  (cost=5.53..428.75 rows=107 width=125)
	  Recheck Cond: ((k >= 4984803) AND (k <= 4984903))
	  ->  Bitmap Index Scan on k_7  (cost=0.00..5.50 rows=107 width=0)
	        Index Cond: ((k >= 4984803) AND (k <= 4984903))

table 8 : explain SELECT k, c FROM sbtest8 WHERE k BETWEEN 4984803 AND 4984903
	Bitmap Heap Scan on sbtest8  (cost=5.48..409.07 rows=102 width=125)
	  Recheck Cond: ((k >= 4984803) AND (k <= 4984903))
	  ->  Bitmap Index Scan on k_8  (cost=0.00..5.45 rows=102 width=0)
	        Index Cond: ((k >= 4984803) AND (k <= 4984903))

explain: for range-notcovered :: explain SELECT k, c FROM sbtest%d WHERE k BETWEEN 3981026 AND 3981126
explain: for range-notcovered :: explain SELECT k, c FROM sbtest%d WHERE k BETWEEN 3423797 AND 3423897
explain: for range-notcovered :: explain SELECT k, c FROM sbtest%d WHERE k BETWEEN 4984803 AND 4984903
explain: for range-notcovered :: explain SELECT k, c FROM sbtest%d WHERE k BETWEEN 3138599 AND 3138699
for range-notcovered
table 1 : explain SELECT k, c FROM sbtest1 WHERE k BETWEEN 6986002 AND 6986102
	Bitmap Heap Scan on sbtest1  (cost=5.49..413.00 rows=103 width=125)
	  Recheck Cond: ((k >= 6986002) AND (k <= 6986102))
	  ->  Bitmap Index Scan on k_1  (cost=0.00..5.46 rows=103 width=0)
	        Index Cond: ((k >= 6986002) AND (k <= 6986102))

table 2 : explain SELECT k, c FROM sbtest2 WHERE k BETWEEN 6986002 AND 6986102
	Bitmap Heap Scan on sbtest2  (cost=5.58..448.42 rows=112 width=125)
	  Recheck Cond: ((k >= 6986002) AND (k <= 6986102))
	  ->  Bitmap Index Scan on k_2  (cost=0.00..5.55 rows=112 width=0)
	        Index Cond: ((k >= 6986002) AND (k <= 6986102))

table 3 : explain SELECT k, c FROM sbtest3 WHERE k BETWEEN 6986002 AND 6986102
	Bitmap Heap Scan on sbtest3  (cost=5.60..456.29 rows=114 width=125)
	  Recheck Cond: ((k >= 6986002) AND (k <= 6986102))
	  ->  Bitmap Index Scan on k_3  (cost=0.00..5.58 rows=114 width=0)
	        Index Cond: ((k >= 6986002) AND (k <= 6986102))

table 4 : explain SELECT k, c FROM sbtest4 WHERE k BETWEEN 6986002 AND 6986102
	Bitmap Heap Scan on sbtest4  (cost=5.55..436.62 rows=109 width=125)
	  Recheck Cond: ((k >= 6986002) AND (k <= 6986102))
	  ->  Bitmap Index Scan on k_4  (cost=0.00..5.52 rows=109 width=0)
	        Index Cond: ((k >= 6986002) AND (k <= 6986102))

table 5 : explain SELECT k, c FROM sbtest5 WHERE k BETWEEN 6986002 AND 6986102
	Bitmap Heap Scan on sbtest5  (cost=5.49..413.00 rows=103 width=125)
	  Recheck Cond: ((k >= 6986002) AND (k <= 6986102))
	  ->  Bitmap Index Scan on k_5  (cost=0.00..5.46 rows=103 width=0)
	        Index Cond: ((k >= 6986002) AND (k <= 6986102))

table 6 : explain SELECT k, c FROM sbtest6 WHERE k BETWEEN 6986002 AND 6986102
	Bitmap Heap Scan on sbtest6  (cost=5.37..365.72 rows=91 width=125)
	  Recheck Cond: ((k >= 6986002) AND (k <= 6986102))
	  ->  Bitmap Index Scan on k_6  (cost=0.00..5.34 rows=91 width=0)
	        Index Cond: ((k >= 6986002) AND (k <= 6986102))

table 7 : explain SELECT k, c FROM sbtest7 WHERE k BETWEEN 6986002 AND 6986102
	Bitmap Heap Scan on sbtest7  (cost=5.32..346.00 rows=86 width=125)
	  Recheck Cond: ((k >= 6986002) AND (k <= 6986102))
	  ->  Bitmap Index Scan on k_7  (cost=0.00..5.29 rows=86 width=0)
	        Index Cond: ((k >= 6986002) AND (k <= 6986102))

table 8 : explain SELECT k, c FROM sbtest8 WHERE k BETWEEN 6986002 AND 6986102
	Bitmap Heap Scan on sbtest8  (cost=5.51..420.88 rows=105 width=125)
	  Recheck Cond: ((k >= 6986002) AND (k <= 6986102))
	  ->  Bitmap Index Scan on k_8  (cost=0.00..5.48 rows=105 width=0)
	        Index Cond: ((k >= 6986002) AND (k <= 6986102))

for range-notcovered
table 1 : explain SELECT k, c FROM sbtest1 WHERE k BETWEEN 3871570 AND 3871670
	Bitmap Heap Scan on sbtest1  (cost=5.40..377.55 rows=94 width=125)
	  Recheck Cond: ((k >= 3871570) AND (k <= 3871670))
	  ->  Bitmap Index Scan on k_1  (cost=0.00..5.38 rows=94 width=0)
	        Index Cond: ((k >= 3871570) AND (k <= 3871670))

table 2 : explain SELECT k, c FROM sbtest2 WHERE k BETWEEN 3871570 AND 3871670
	Bitmap Heap Scan on sbtest2  (cost=5.41..381.49 rows=95 width=125)
	  Recheck Cond: ((k >= 3871570) AND (k <= 3871670))
	  ->  Bitmap Index Scan on k_2  (cost=0.00..5.38 rows=95 width=0)
	        Index Cond: ((k >= 3871570) AND (k <= 3871670))

table 3 : explain SELECT k, c FROM sbtest3 WHERE k BETWEEN 3871570 AND 3871670
	Bitmap Heap Scan on sbtest3  (cost=5.48..409.07 rows=102 width=125)
	  Recheck Cond: ((k >= 3871570) AND (k <= 3871670))
	  ->  Bitmap Index Scan on k_3  (cost=0.00..5.45 rows=102 width=0)
	        Index Cond: ((k >= 3871570) AND (k <= 3871670))

table 4 : explain SELECT k, c FROM sbtest4 WHERE k BETWEEN 3871570 AND 3871670
	Bitmap Heap Scan on sbtest4  (cost=5.51..420.88 rows=105 width=125)
	  Recheck Cond: ((k >= 3871570) AND (k <= 3871670))
	  ->  Bitmap Index Scan on k_4  (cost=0.00..5.48 rows=105 width=0)
	        Index Cond: ((k >= 3871570) AND (k <= 3871670))

table 5 : explain SELECT k, c FROM sbtest5 WHERE k BETWEEN 3871570 AND 3871670
	Bitmap Heap Scan on sbtest5  (cost=5.49..413.00 rows=103 width=125)
	  Recheck Cond: ((k >= 3871570) AND (k <= 3871670))
	  ->  Bitmap Index Scan on k_5  (cost=0.00..5.46 rows=103 width=0)
	        Index Cond: ((k >= 3871570) AND (k <= 3871670))

table 6 : explain SELECT k, c FROM sbtest6 WHERE k BETWEEN 3871570 AND 3871670
	Bitmap Heap Scan on sbtest6  (cost=5.40..377.55 rows=94 width=125)
	  Recheck Cond: ((k >= 3871570) AND (k <= 3871670))
	  ->  Bitmap Index Scan on k_6  (cost=0.00..5.38 rows=94 width=0)
	        Index Cond: ((k >= 3871570) AND (k <= 3871670))

table 7 : explain SELECT k, c FROM sbtest7 WHERE k BETWEEN 3871570 AND 3871670
	Bitmap Heap Scan on sbtest7  (cost=5.44..393.31 rows=98 width=125)
	  Recheck Cond: ((k >= 3871570) AND (k <= 3871670))
	  ->  Bitmap Index Scan on k_7  (cost=0.00..5.42 rows=98 width=0)
	        Index Cond: ((k >= 3871570) AND (k <= 3871670))

table 8 : explain SELECT k, c FROM sbtest8 WHERE k BETWEEN 3871570 AND 3871670
	Bitmap Heap Scan on sbtest8  (cost=5.47..405.13 rows=101 width=125)
	  Recheck Cond: ((k >= 3871570) AND (k <= 3871670))
	  ->  Bitmap Index Scan on k_8  (cost=0.00..5.44 rows=101 width=0)
	        Index Cond: ((k >= 3871570) AND (k <= 3871670))

explain: for range-notcovered :: explain SELECT k, c FROM sbtest%d WHERE k BETWEEN 3871570 AND 3871670
explain: for range-notcovered :: explain SELECT k, c FROM sbtest%d WHERE k BETWEEN 2713343 AND 2713443
for range-notcovered
table 1 : explain SELECT k, c FROM sbtest1 WHERE k BETWEEN 3138599 AND 3138699
	Bitmap Heap Scan on sbtest1  (cost=5.46..401.19 rows=100 width=125)
	  Recheck Cond: ((k >= 3138599) AND (k <= 3138699))
	  ->  Bitmap Index Scan on k_1  (cost=0.00..5.43 rows=100 width=0)
	        Index Cond: ((k >= 3138599) AND (k <= 3138699))

table 2 : explain SELECT k, c FROM sbtest2 WHERE k BETWEEN 3138599 AND 3138699
	Bitmap Heap Scan on sbtest2  (cost=5.46..401.19 rows=100 width=125)
	  Recheck Cond: ((k >= 3138599) AND (k <= 3138699))
	  ->  Bitmap Index Scan on k_2  (cost=0.00..5.43 rows=100 width=0)
	        Index Cond: ((k >= 3138599) AND (k <= 3138699))

table 3 : explain SELECT k, c FROM sbtest3 WHERE k BETWEEN 3138599 AND 3138699
	Bitmap Heap Scan on sbtest3  (cost=5.49..413.00 rows=103 width=125)
	  Recheck Cond: ((k >= 3138599) AND (k <= 3138699))
	  ->  Bitmap Index Scan on k_3  (cost=0.00..5.46 rows=103 width=0)
	        Index Cond: ((k >= 3138599) AND (k <= 3138699))

table 4 : explain SELECT k, c FROM sbtest4 WHERE k BETWEEN 3138599 AND 3138699
	Bitmap Heap Scan on sbtest4  (cost=5.54..432.69 rows=108 width=125)
	  Recheck Cond: ((k >= 3138599) AND (k <= 3138699))
	  ->  Bitmap Index Scan on k_4  (cost=0.00..5.51 rows=108 width=0)
	        Index Cond: ((k >= 3138599) AND (k <= 3138699))

table 5 : explain SELECT k, c FROM sbtest5 WHERE k BETWEEN 3138599 AND 3138699
	Bitmap Heap Scan on sbtest5  (cost=5.41..381.49 rows=95 width=125)
	  Recheck Cond: ((k >= 3138599) AND (k <= 3138699))
	  ->  Bitmap Index Scan on k_5  (cost=0.00..5.38 rows=95 width=0)
	        Index Cond: ((k >= 3138599) AND (k <= 3138699))

table 6 : explain SELECT k, c FROM sbtest6 WHERE k BETWEEN 3138599 AND 3138699
	Bitmap Heap Scan on sbtest6  (cost=5.50..416.94 rows=104 width=125)
	  Recheck Cond: ((k >= 3138599) AND (k <= 3138699))
	  ->  Bitmap Index Scan on k_6  (cost=0.00..5.47 rows=104 width=0)
	        Index Cond: ((k >= 3138599) AND (k <= 3138699))

table 7 : explain SELECT k, c FROM sbtest7 WHERE k BETWEEN 3138599 AND 3138699
	Bitmap Heap Scan on sbtest7  (cost=5.47..405.13 rows=101 width=125)
	  Recheck Cond: ((k >= 3138599) AND (k <= 3138699))
	  ->  Bitmap Index Scan on k_7  (cost=0.00..5.44 rows=101 width=0)
	        Index Cond: ((k >= 3138599) AND (k <= 3138699))

table 8 : explain SELECT k, c FROM sbtest8 WHERE k BETWEEN 3138599 AND 3138699
	Bitmap Heap Scan on sbtest8  (cost=5.47..405.13 rows=101 width=125)
	  Recheck Cond: ((k >= 3138599) AND (k <= 3138699))
	  ->  Bitmap Index Scan on k_8  (cost=0.00..5.44 rows=101 width=0)
	        Index Cond: ((k >= 3138599) AND (k <= 3138699))

for range-notcovered
table 1 : explain SELECT k, c FROM sbtest1 WHERE k BETWEEN 4984803 AND 4984903
	Bitmap Heap Scan on sbtest1  (cost=5.41..381.49 rows=95 width=125)
	  Recheck Cond: ((k >= 4984803) AND (k <= 4984903))
	  ->  Bitmap Index Scan on k_1  (cost=0.00..5.38 rows=95 width=0)
	        Index Cond: ((k >= 4984803) AND (k <= 4984903))

table 2 : explain SELECT k, c FROM sbtest2 WHERE k BETWEEN 4984803 AND 4984903
	Bitmap Heap Scan on sbtest2  (cost=5.49..413.00 rows=103 width=125)
	  Recheck Cond: ((k >= 4984803) AND (k <= 4984903))
	  ->  Bitmap Index Scan on k_2  (cost=0.00..5.46 rows=103 width=0)
	        Index Cond: ((k >= 4984803) AND (k <= 4984903))

table 3 : explain SELECT k, c FROM sbtest3 WHERE k BETWEEN 4984803 AND 4984903
	Bitmap Heap Scan on sbtest3  (cost=5.53..428.75 rows=107 width=125)
	  Recheck Cond: ((k >= 4984803) AND (k <= 4984903))
	  ->  Bitmap Index Scan on k_3  (cost=0.00..5.50 rows=107 width=0)
	        Index Cond: ((k >= 4984803) AND (k <= 4984903))

table 4 : explain SELECT k, c FROM sbtest4 WHERE k BETWEEN 4984803 AND 4984903
	Bitmap Heap Scan on sbtest4  (cost=5.50..416.94 rows=104 width=125)
	  Recheck Cond: ((k >= 4984803) AND (k <= 4984903))
	  ->  Bitmap Index Scan on k_4  (cost=0.00..5.47 rows=104 width=0)
	        Index Cond: ((k >= 4984803) AND (k <= 4984903))

table 5 : explain SELECT k, c FROM sbtest5 WHERE k BETWEEN 4984803 AND 4984903
	Bitmap Heap Scan on sbtest5  (cost=5.39..373.61 rows=93 width=125)
	  Recheck Cond: ((k >= 4984803) AND (k <= 4984903))
	  ->  Bitmap Index Scan on k_5  (cost=0.00..5.36 rows=93 width=0)
	        Index Cond: ((k >= 4984803) AND (k <= 4984903))

table 6 : explain SELECT k, c FROM sbtest6 WHERE k BETWEEN 4984803 AND 4984903
	Bitmap Heap Scan on sbtest6  (cost=5.45..397.25 rows=99 width=125)
	  Recheck Cond: ((k >= 4984803) AND (k <= 4984903))
	  ->  Bitmap Index Scan on k_6  (cost=0.00..5.42 rows=99 width=0)
	        Index Cond: ((k >= 4984803) AND (k <= 4984903))

table 7 : explain SELECT k, c FROM sbtest7 WHERE k BETWEEN 4984803 AND 4984903
	Bitmap Heap Scan on sbtest7  (cost=5.53..428.75 rows=107 width=125)
	  Recheck Cond: ((k >= 4984803) AND (k <= 4984903))
	  ->  Bitmap Index Scan on k_7  (cost=0.00..5.50 rows=107 width=0)
	        Index Cond: ((k >= 4984803) AND (k <= 4984903))

table 8 : explain SELECT k, c FROM sbtest8 WHERE k BETWEEN 4984803 AND 4984903
	Bitmap Heap Scan on sbtest8  (cost=5.48..409.07 rows=102 width=125)
	  Recheck Cond: ((k >= 4984803) AND (k <= 4984903))
	  ->  Bitmap Index Scan on k_8  (cost=0.00..5.45 rows=102 width=0)
	        Index Cond: ((k >= 4984803) AND (k <= 4984903))

explain: for range-notcovered :: explain SELECT k, c FROM sbtest%d WHERE k BETWEEN 3138599 AND 3138699
explain: for range-notcovered :: explain SELECT k, c FROM sbtest%d WHERE k BETWEEN 4984803 AND 4984903
for range-notcovered
table 1 : explain SELECT k, c FROM sbtest1 WHERE k BETWEEN 3871570 AND 3871670
	Bitmap Heap Scan on sbtest1  (cost=5.40..377.55 rows=94 width=125)
	  Recheck Cond: ((k >= 3871570) AND (k <= 3871670))
	  ->  Bitmap Index Scan on k_1  (cost=0.00..5.38 rows=94 width=0)
	        Index Cond: ((k >= 3871570) AND (k <= 3871670))

table 2 : explain SELECT k, c FROM sbtest2 WHERE k BETWEEN 3871570 AND 3871670
	Bitmap Heap Scan on sbtest2  (cost=5.41..381.49 rows=95 width=125)
	  Recheck Cond: ((k >= 3871570) AND (k <= 3871670))
	  ->  Bitmap Index Scan on k_2  (cost=0.00..5.38 rows=95 width=0)
	        Index Cond: ((k >= 3871570) AND (k <= 3871670))

table 3 : explain SELECT k, c FROM sbtest3 WHERE k BETWEEN 3871570 AND 3871670
	Bitmap Heap Scan on sbtest3  (cost=5.48..409.07 rows=102 width=125)
	  Recheck Cond: ((k >= 3871570) AND (k <= 3871670))
	  ->  Bitmap Index Scan on k_3  (cost=0.00..5.45 rows=102 width=0)
	        Index Cond: ((k >= 3871570) AND (k <= 3871670))

table 4 : explain SELECT k, c FROM sbtest4 WHERE k BETWEEN 3871570 AND 3871670
	Bitmap Heap Scan on sbtest4  (cost=5.51..420.88 rows=105 width=125)
	  Recheck Cond: ((k >= 3871570) AND (k <= 3871670))
	  ->  Bitmap Index Scan on k_4  (cost=0.00..5.48 rows=105 width=0)
	        Index Cond: ((k >= 3871570) AND (k <= 3871670))

table 5 : explain SELECT k, c FROM sbtest5 WHERE k BETWEEN 3871570 AND 3871670
	Bitmap Heap Scan on sbtest5  (cost=5.49..413.00 rows=103 width=125)
	  Recheck Cond: ((k >= 3871570) AND (k <= 3871670))
	  ->  Bitmap Index Scan on k_5  (cost=0.00..5.46 rows=103 width=0)
	        Index Cond: ((k >= 3871570) AND (k <= 3871670))

table 6 : explain SELECT k, c FROM sbtest6 WHERE k BETWEEN 3871570 AND 3871670
	Bitmap Heap Scan on sbtest6  (cost=5.40..377.55 rows=94 width=125)
	  Recheck Cond: ((k >= 3871570) AND (k <= 3871670))
	  ->  Bitmap Index Scan on k_6  (cost=0.00..5.38 rows=94 width=0)
	        Index Cond: ((k >= 3871570) AND (k <= 3871670))

table 7 : explain SELECT k, c FROM sbtest7 WHERE k BETWEEN 3871570 AND 3871670
	Bitmap Heap Scan on sbtest7  (cost=5.44..393.31 rows=98 width=125)
	  Recheck Cond: ((k >= 3871570) AND (k <= 3871670))
	  ->  Bitmap Index Scan on k_7  (cost=0.00..5.42 rows=98 width=0)
	        Index Cond: ((k >= 3871570) AND (k <= 3871670))

table 8 : explain SELECT k, c FROM sbtest8 WHERE k BETWEEN 3871570 AND 3871670
	Bitmap Heap Scan on sbtest8  (cost=5.47..405.13 rows=101 width=125)
	  Recheck Cond: ((k >= 3871570) AND (k <= 3871670))
	  ->  Bitmap Index Scan on k_8  (cost=0.00..5.44 rows=101 width=0)
	        Index Cond: ((k >= 3871570) AND (k <= 3871670))

for range-notcovered
table 1 : explain SELECT k, c FROM sbtest1 WHERE k BETWEEN 2713343 AND 2713443
	Bitmap Heap Scan on sbtest1  (cost=5.36..361.78 rows=90 width=125)
	  Recheck Cond: ((k >= 2713343) AND (k <= 2713443))
	  ->  Bitmap Index Scan on k_1  (cost=0.00..5.33 rows=90 width=0)
	        Index Cond: ((k >= 2713343) AND (k <= 2713443))

table 2 : explain SELECT k, c FROM sbtest2 WHERE k BETWEEN 2713343 AND 2713443
	Bitmap Heap Scan on sbtest2  (cost=5.57..444.49 rows=111 width=125)
	  Recheck Cond: ((k >= 2713343) AND (k <= 2713443))
	  ->  Bitmap Index Scan on k_2  (cost=0.00..5.54 rows=111 width=0)
	        Index Cond: ((k >= 2713343) AND (k <= 2713443))

table 3 : explain SELECT k, c FROM sbtest3 WHERE k BETWEEN 2713343 AND 2713443
	Bitmap Heap Scan on sbtest3  (cost=5.48..409.07 rows=102 width=125)
	  Recheck Cond: ((k >= 2713343) AND (k <= 2713443))
	  ->  Bitmap Index Scan on k_3  (cost=0.00..5.45 rows=102 width=0)
	        Index Cond: ((k >= 2713343) AND (k <= 2713443))

table 4 : explain SELECT k, c FROM sbtest4 WHERE k BETWEEN 2713343 AND 2713443
	Bitmap Heap Scan on sbtest4  (cost=5.49..413.00 rows=103 width=125)
	  Recheck Cond: ((k >= 2713343) AND (k <= 2713443))
	  ->  Bitmap Index Scan on k_4  (cost=0.00..5.46 rows=103 width=0)
	        Index Cond: ((k >= 2713343) AND (k <= 2713443))

table 5 : explain SELECT k, c FROM sbtest5 WHERE k BETWEEN 2713343 AND 2713443
	Bitmap Heap Scan on sbtest5  (cost=5.55..436.62 rows=109 width=125)
	  Recheck Cond: ((k >= 2713343) AND (k <= 2713443))
	  ->  Bitmap Index Scan on k_5  (cost=0.00..5.52 rows=109 width=0)
	        Index Cond: ((k >= 2713343) AND (k <= 2713443))

table 6 : explain SELECT k, c FROM sbtest6 WHERE k BETWEEN 2713343 AND 2713443
	Bitmap Heap Scan on sbtest6  (cost=5.49..413.00 rows=103 width=125)
	  Recheck Cond: ((k >= 2713343) AND (k <= 2713443))
	  ->  Bitmap Index Scan on k_6  (cost=0.00..5.46 rows=103 width=0)
	        Index Cond: ((k >= 2713343) AND (k <= 2713443))

table 7 : explain SELECT k, c FROM sbtest7 WHERE k BETWEEN 2713343 AND 2713443
	Bitmap Heap Scan on sbtest7  (cost=5.46..401.19 rows=100 width=125)
	  Recheck Cond: ((k >= 2713343) AND (k <= 2713443))
	  ->  Bitmap Index Scan on k_7  (cost=0.00..5.43 rows=100 width=0)
	        Index Cond: ((k >= 2713343) AND (k <= 2713443))

table 8 : explain SELECT k, c FROM sbtest8 WHERE k BETWEEN 2713343 AND 2713443
	Bitmap Heap Scan on sbtest8  (cost=5.50..416.94 rows=104 width=125)
	  Recheck Cond: ((k >= 2713343) AND (k <= 2713443))
	  ->  Bitmap Index Scan on k_8  (cost=0.00..5.47 rows=104 width=0)
	        Index Cond: ((k >= 2713343) AND (k <= 2713443))

explain: for range-notcovered :: explain SELECT k, c FROM sbtest%d WHERE k BETWEEN 3871570 AND 3871670
explain: for range-notcovered :: explain SELECT k, c FROM sbtest%d WHERE k BETWEEN 2713343 AND 2713443
for range-notcovered
table 1 : explain SELECT k, c FROM sbtest1 WHERE k BETWEEN 3138599 AND 3138699
	Bitmap Heap Scan on sbtest1  (cost=5.46..401.19 rows=100 width=125)
	  Recheck Cond: ((k >= 3138599) AND (k <= 3138699))
	  ->  Bitmap Index Scan on k_1  (cost=0.00..5.43 rows=100 width=0)
	        Index Cond: ((k >= 3138599) AND (k <= 3138699))

table 2 : explain SELECT k, c FROM sbtest2 WHERE k BETWEEN 3138599 AND 3138699
	Bitmap Heap Scan on sbtest2  (cost=5.46..401.19 rows=100 width=125)
	  Recheck Cond: ((k >= 3138599) AND (k <= 3138699))
	  ->  Bitmap Index Scan on k_2  (cost=0.00..5.43 rows=100 width=0)
	        Index Cond: ((k >= 3138599) AND (k <= 3138699))

table 3 : explain SELECT k, c FROM sbtest3 WHERE k BETWEEN 3138599 AND 3138699
	Bitmap Heap Scan on sbtest3  (cost=5.49..413.00 rows=103 width=125)
	  Recheck Cond: ((k >= 3138599) AND (k <= 3138699))
	  ->  Bitmap Index Scan on k_3  (cost=0.00..5.46 rows=103 width=0)
	        Index Cond: ((k >= 3138599) AND (k <= 3138699))

table 4 : explain SELECT k, c FROM sbtest4 WHERE k BETWEEN 3138599 AND 3138699
	Bitmap Heap Scan on sbtest4  (cost=5.54..432.69 rows=108 width=125)
	  Recheck Cond: ((k >= 3138599) AND (k <= 3138699))
	  ->  Bitmap Index Scan on k_4  (cost=0.00..5.51 rows=108 width=0)
	        Index Cond: ((k >= 3138599) AND (k <= 3138699))

table 5 : explain SELECT k, c FROM sbtest5 WHERE k BETWEEN 3138599 AND 3138699
	Bitmap Heap Scan on sbtest5  (cost=5.41..381.49 rows=95 width=125)
	  Recheck Cond: ((k >= 3138599) AND (k <= 3138699))
	  ->  Bitmap Index Scan on k_5  (cost=0.00..5.38 rows=95 width=0)
	        Index Cond: ((k >= 3138599) AND (k <= 3138699))

table 6 : explain SELECT k, c FROM sbtest6 WHERE k BETWEEN 3138599 AND 3138699
	Bitmap Heap Scan on sbtest6  (cost=5.50..416.94 rows=104 width=125)
	  Recheck Cond: ((k >= 3138599) AND (k <= 3138699))
	  ->  Bitmap Index Scan on k_6  (cost=0.00..5.47 rows=104 width=0)
	        Index Cond: ((k >= 3138599) AND (k <= 3138699))

table 7 : explain SELECT k, c FROM sbtest7 WHERE k BETWEEN 3138599 AND 3138699
	Bitmap Heap Scan on sbtest7  (cost=5.47..405.13 rows=101 width=125)
	  Recheck Cond: ((k >= 3138599) AND (k <= 3138699))
	  ->  Bitmap Index Scan on k_7  (cost=0.00..5.44 rows=101 width=0)
	        Index Cond: ((k >= 3138599) AND (k <= 3138699))

table 8 : explain SELECT k, c FROM sbtest8 WHERE k BETWEEN 3138599 AND 3138699
	Bitmap Heap Scan on sbtest8  (cost=5.47..405.13 rows=101 width=125)
	  Recheck Cond: ((k >= 3138599) AND (k <= 3138699))
	  ->  Bitmap Index Scan on k_8  (cost=0.00..5.44 rows=101 width=0)
	        Index Cond: ((k >= 3138599) AND (k <= 3138699))

for range-notcovered
table 1 : explain SELECT k, c FROM sbtest1 WHERE k BETWEEN 4984803 AND 4984903
	Bitmap Heap Scan on sbtest1  (cost=5.41..381.49 rows=95 width=125)
	  Recheck Cond: ((k >= 4984803) AND (k <= 4984903))
	  ->  Bitmap Index Scan on k_1  (cost=0.00..5.38 rows=95 width=0)
	        Index Cond: ((k >= 4984803) AND (k <= 4984903))

table 2 : explain SELECT k, c FROM sbtest2 WHERE k BETWEEN 4984803 AND 4984903
	Bitmap Heap Scan on sbtest2  (cost=5.49..413.00 rows=103 width=125)
	  Recheck Cond: ((k >= 4984803) AND (k <= 4984903))
	  ->  Bitmap Index Scan on k_2  (cost=0.00..5.46 rows=103 width=0)
	        Index Cond: ((k >= 4984803) AND (k <= 4984903))

table 3 : explain SELECT k, c FROM sbtest3 WHERE k BETWEEN 4984803 AND 4984903
	Bitmap Heap Scan on sbtest3  (cost=5.53..428.75 rows=107 width=125)
	  Recheck Cond: ((k >= 4984803) AND (k <= 4984903))
	  ->  Bitmap Index Scan on k_3  (cost=0.00..5.50 rows=107 width=0)
	        Index Cond: ((k >= 4984803) AND (k <= 4984903))

table 4 : explain SELECT k, c FROM sbtest4 WHERE k BETWEEN 4984803 AND 4984903
	Bitmap Heap Scan on sbtest4  (cost=5.50..416.94 rows=104 width=125)
	  Recheck Cond: ((k >= 4984803) AND (k <= 4984903))
	  ->  Bitmap Index Scan on k_4  (cost=0.00..5.47 rows=104 width=0)
	        Index Cond: ((k >= 4984803) AND (k <= 4984903))

table 5 : explain SELECT k, c FROM sbtest5 WHERE k BETWEEN 4984803 AND 4984903
	Bitmap Heap Scan on sbtest5  (cost=5.39..373.61 rows=93 width=125)
	  Recheck Cond: ((k >= 4984803) AND (k <= 4984903))
	  ->  Bitmap Index Scan on k_5  (cost=0.00..5.36 rows=93 width=0)
	        Index Cond: ((k >= 4984803) AND (k <= 4984903))

table 6 : explain SELECT k, c FROM sbtest6 WHERE k BETWEEN 4984803 AND 4984903
	Bitmap Heap Scan on sbtest6  (cost=5.45..397.25 rows=99 width=125)
	  Recheck Cond: ((k >= 4984803) AND (k <= 4984903))
	  ->  Bitmap Index Scan on k_6  (cost=0.00..5.42 rows=99 width=0)
	        Index Cond: ((k >= 4984803) AND (k <= 4984903))

table 7 : explain SELECT k, c FROM sbtest7 WHERE k BETWEEN 4984803 AND 4984903
	Bitmap Heap Scan on sbtest7  (cost=5.53..428.75 rows=107 width=125)
	  Recheck Cond: ((k >= 4984803) AND (k <= 4984903))
	  ->  Bitmap Index Scan on k_7  (cost=0.00..5.50 rows=107 width=0)
	        Index Cond: ((k >= 4984803) AND (k <= 4984903))

table 8 : explain SELECT k, c FROM sbtest8 WHERE k BETWEEN 4984803 AND 4984903
	Bitmap Heap Scan on sbtest8  (cost=5.48..409.07 rows=102 width=125)
	  Recheck Cond: ((k >= 4984803) AND (k <= 4984903))
	  ->  Bitmap Index Scan on k_8  (cost=0.00..5.45 rows=102 width=0)
	        Index Cond: ((k >= 4984803) AND (k <= 4984903))

explain: for range-notcovered :: explain SELECT k, c FROM sbtest%d WHERE k BETWEEN 3965943 AND 3966043
for range-notcovered
table 1 : explain SELECT k, c FROM sbtest1 WHERE k BETWEEN 2713343 AND 2713443
	Bitmap Heap Scan on sbtest1  (cost=5.36..361.78 rows=90 width=125)
	  Recheck Cond: ((k >= 2713343) AND (k <= 2713443))
	  ->  Bitmap Index Scan on k_1  (cost=0.00..5.33 rows=90 width=0)
	        Index Cond: ((k >= 2713343) AND (k <= 2713443))

table 2 : explain SELECT k, c FROM sbtest2 WHERE k BETWEEN 2713343 AND 2713443
	Bitmap Heap Scan on sbtest2  (cost=5.57..444.49 rows=111 width=125)
	  Recheck Cond: ((k >= 2713343) AND (k <= 2713443))
	  ->  Bitmap Index Scan on k_2  (cost=0.00..5.54 rows=111 width=0)
	        Index Cond: ((k >= 2713343) AND (k <= 2713443))

table 3 : explain SELECT k, c FROM sbtest3 WHERE k BETWEEN 2713343 AND 2713443
	Bitmap Heap Scan on sbtest3  (cost=5.48..409.07 rows=102 width=125)
	  Recheck Cond: ((k >= 2713343) AND (k <= 2713443))
	  ->  Bitmap Index Scan on k_3  (cost=0.00..5.45 rows=102 width=0)
	        Index Cond: ((k >= 2713343) AND (k <= 2713443))

table 4 : explain SELECT k, c FROM sbtest4 WHERE k BETWEEN 2713343 AND 2713443
	Bitmap Heap Scan on sbtest4  (cost=5.49..413.00 rows=103 width=125)
	  Recheck Cond: ((k >= 2713343) AND (k <= 2713443))
	  ->  Bitmap Index Scan on k_4  (cost=0.00..5.46 rows=103 width=0)
	        Index Cond: ((k >= 2713343) AND (k <= 2713443))

table 5 : explain SELECT k, c FROM sbtest5 WHERE k BETWEEN 2713343 AND 2713443
	Bitmap Heap Scan on sbtest5  (cost=5.55..436.62 rows=109 width=125)
	  Recheck Cond: ((k >= 2713343) AND (k <= 2713443))
	  ->  Bitmap Index Scan on k_5  (cost=0.00..5.52 rows=109 width=0)
	        Index Cond: ((k >= 2713343) AND (k <= 2713443))

table 6 : explain SELECT k, c FROM sbtest6 WHERE k BETWEEN 2713343 AND 2713443
	Bitmap Heap Scan on sbtest6  (cost=5.49..413.00 rows=103 width=125)
	  Recheck Cond: ((k >= 2713343) AND (k <= 2713443))
	  ->  Bitmap Index Scan on k_6  (cost=0.00..5.46 rows=103 width=0)
	        Index Cond: ((k >= 2713343) AND (k <= 2713443))

table 7 : explain SELECT k, c FROM sbtest7 WHERE k BETWEEN 2713343 AND 2713443
	Bitmap Heap Scan on sbtest7  (cost=5.46..401.19 rows=100 width=125)
	  Recheck Cond: ((k >= 2713343) AND (k <= 2713443))
	  ->  Bitmap Index Scan on k_7  (cost=0.00..5.43 rows=100 width=0)
	        Index Cond: ((k >= 2713343) AND (k <= 2713443))

table 8 : explain SELECT k, c FROM sbtest8 WHERE k BETWEEN 2713343 AND 2713443
	Bitmap Heap Scan on sbtest8  (cost=5.50..416.94 rows=104 width=125)
	  Recheck Cond: ((k >= 2713343) AND (k <= 2713443))
	  ->  Bitmap Index Scan on k_8  (cost=0.00..5.47 rows=104 width=0)
	        Index Cond: ((k >= 2713343) AND (k <= 2713443))

explain: for range-notcovered :: explain SELECT k, c FROM sbtest%d WHERE k BETWEEN 3681720 AND 3681820
explain: for range-notcovered :: explain SELECT k, c FROM sbtest%d WHERE k BETWEEN 2713343 AND 2713443
explain: for range-notcovered :: explain SELECT k, c FROM sbtest%d WHERE k BETWEEN 8510886 AND 8510986
for range-notcovered
table 1 : explain SELECT k, c FROM sbtest1 WHERE k BETWEEN 2113373 AND 2113473
	Bitmap Heap Scan on sbtest1  (cost=5.53..428.75 rows=107 width=125)
	  Recheck Cond: ((k >= 2113373) AND (k <= 2113473))
	  ->  Bitmap Index Scan on k_1  (cost=0.00..5.50 rows=107 width=0)
	        Index Cond: ((k >= 2113373) AND (k <= 2113473))

table 2 : explain SELECT k, c FROM sbtest2 WHERE k BETWEEN 2113373 AND 2113473
	Bitmap Heap Scan on sbtest2  (cost=5.45..397.25 rows=99 width=125)
	  Recheck Cond: ((k >= 2113373) AND (k <= 2113473))
	  ->  Bitmap Index Scan on k_2  (cost=0.00..5.42 rows=99 width=0)
	        Index Cond: ((k >= 2113373) AND (k <= 2113473))

table 3 : explain SELECT k, c FROM sbtest3 WHERE k BETWEEN 2113373 AND 2113473
	Bitmap Heap Scan on sbtest3  (cost=5.48..409.07 rows=102 width=125)
	  Recheck Cond: ((k >= 2113373) AND (k <= 2113473))
	  ->  Bitmap Index Scan on k_3  (cost=0.00..5.45 rows=102 width=0)
	        Index Cond: ((k >= 2113373) AND (k <= 2113473))

table 4 : explain SELECT k, c FROM sbtest4 WHERE k BETWEEN 2113373 AND 2113473
	Bitmap Heap Scan on sbtest4  (cost=5.47..405.13 rows=101 width=125)
	  Recheck Cond: ((k >= 2113373) AND (k <= 2113473))
	  ->  Bitmap Index Scan on k_4  (cost=0.00..5.44 rows=101 width=0)
	        Index Cond: ((k >= 2113373) AND (k <= 2113473))

table 5 : explain SELECT k, c FROM sbtest5 WHERE k BETWEEN 2113373 AND 2113473
	Bitmap Heap Scan on sbtest5  (cost=5.57..444.49 rows=111 width=125)
	  Recheck Cond: ((k >= 2113373) AND (k <= 2113473))
	  ->  Bitmap Index Scan on k_5  (cost=0.00..5.54 rows=111 width=0)
	        Index Cond: ((k >= 2113373) AND (k <= 2113473))

table 6 : explain SELECT k, c FROM sbtest6 WHERE k BETWEEN 2113373 AND 2113473
	Bitmap Heap Scan on sbtest6  (cost=5.45..397.25 rows=99 width=125)
	  Recheck Cond: ((k >= 2113373) AND (k <= 2113473))
	  ->  Bitmap Index Scan on k_6  (cost=0.00..5.42 rows=99 width=0)
	        Index Cond: ((k >= 2113373) AND (k <= 2113473))

table 7 : explain SELECT k, c FROM sbtest7 WHERE k BETWEEN 2113373 AND 2113473
	Bitmap Heap Scan on sbtest7  (cost=5.51..420.88 rows=105 width=125)
	  Recheck Cond: ((k >= 2113373) AND (k <= 2113473))
	  ->  Bitmap Index Scan on k_7  (cost=0.00..5.48 rows=105 width=0)
	        Index Cond: ((k >= 2113373) AND (k <= 2113473))

table 8 : explain SELECT k, c FROM sbtest8 WHERE k BETWEEN 2113373 AND 2113473
	Bitmap Heap Scan on sbtest8  (cost=5.50..416.94 rows=104 width=125)
	  Recheck Cond: ((k >= 2113373) AND (k <= 2113473))
	  ->  Bitmap Index Scan on k_8  (cost=0.00..5.47 rows=104 width=0)
	        Index Cond: ((k >= 2113373) AND (k <= 2113473))

for range-notcovered
table 1 : explain SELECT k, c FROM sbtest1 WHERE k BETWEEN 3871570 AND 3871670
	Bitmap Heap Scan on sbtest1  (cost=5.40..377.55 rows=94 width=125)
	  Recheck Cond: ((k >= 3871570) AND (k <= 3871670))
	  ->  Bitmap Index Scan on k_1  (cost=0.00..5.38 rows=94 width=0)
	        Index Cond: ((k >= 3871570) AND (k <= 3871670))

table 2 : explain SELECT k, c FROM sbtest2 WHERE k BETWEEN 3871570 AND 3871670
	Bitmap Heap Scan on sbtest2  (cost=5.41..381.49 rows=95 width=125)
	  Recheck Cond: ((k >= 3871570) AND (k <= 3871670))
	  ->  Bitmap Index Scan on k_2  (cost=0.00..5.38 rows=95 width=0)
	        Index Cond: ((k >= 3871570) AND (k <= 3871670))

table 3 : explain SELECT k, c FROM sbtest3 WHERE k BETWEEN 3871570 AND 3871670
	Bitmap Heap Scan on sbtest3  (cost=5.48..409.07 rows=102 width=125)
	  Recheck Cond: ((k >= 3871570) AND (k <= 3871670))
	  ->  Bitmap Index Scan on k_3  (cost=0.00..5.45 rows=102 width=0)
	        Index Cond: ((k >= 3871570) AND (k <= 3871670))

table 4 : explain SELECT k, c FROM sbtest4 WHERE k BETWEEN 3871570 AND 3871670
	Bitmap Heap Scan on sbtest4  (cost=5.51..420.88 rows=105 width=125)
	  Recheck Cond: ((k >= 3871570) AND (k <= 3871670))
	  ->  Bitmap Index Scan on k_4  (cost=0.00..5.48 rows=105 width=0)
	        Index Cond: ((k >= 3871570) AND (k <= 3871670))

table 5 : explain SELECT k, c FROM sbtest5 WHERE k BETWEEN 3871570 AND 3871670
	Bitmap Heap Scan on sbtest5  (cost=5.49..413.00 rows=103 width=125)
	  Recheck Cond: ((k >= 3871570) AND (k <= 3871670))
	  ->  Bitmap Index Scan on k_5  (cost=0.00..5.46 rows=103 width=0)
	        Index Cond: ((k >= 3871570) AND (k <= 3871670))

table 6 : explain SELECT k, c FROM sbtest6 WHERE k BETWEEN 3871570 AND 3871670
	Bitmap Heap Scan on sbtest6  (cost=5.40..377.55 rows=94 width=125)
	  Recheck Cond: ((k >= 3871570) AND (k <= 3871670))
	  ->  Bitmap Index Scan on k_6  (cost=0.00..5.38 rows=94 width=0)
	        Index Cond: ((k >= 3871570) AND (k <= 3871670))

table 7 : explain SELECT k, c FROM sbtest7 WHERE k BETWEEN 3871570 AND 3871670
	Bitmap Heap Scan on sbtest7  (cost=5.44..393.31 rows=98 width=125)
	  Recheck Cond: ((k >= 3871570) AND (k <= 3871670))
	  ->  Bitmap Index Scan on k_7  (cost=0.00..5.42 rows=98 width=0)
	        Index Cond: ((k >= 3871570) AND (k <= 3871670))

table 8 : explain SELECT k, c FROM sbtest8 WHERE k BETWEEN 3871570 AND 3871670
	Bitmap Heap Scan on sbtest8  (cost=5.47..405.13 rows=101 width=125)
	  Recheck Cond: ((k >= 3871570) AND (k <= 3871670))
	  ->  Bitmap Index Scan on k_8  (cost=0.00..5.44 rows=101 width=0)
	        Index Cond: ((k >= 3871570) AND (k <= 3871670))

for range-notcovered
table 1 : explain SELECT k, c FROM sbtest1 WHERE k BETWEEN 3423797 AND 3423897
	Bitmap Heap Scan on sbtest1  (cost=5.46..401.19 rows=100 width=125)
	  Recheck Cond: ((k >= 3423797) AND (k <= 3423897))
	  ->  Bitmap Index Scan on k_1  (cost=0.00..5.43 rows=100 width=0)
	        Index Cond: ((k >= 3423797) AND (k <= 3423897))

table 2 : explain SELECT k, c FROM sbtest2 WHERE k BETWEEN 3423797 AND 3423897
	Bitmap Heap Scan on sbtest2  (cost=5.54..432.69 rows=108 width=125)
	  Recheck Cond: ((k >= 3423797) AND (k <= 3423897))
	  ->  Bitmap Index Scan on k_2  (cost=0.00..5.51 rows=108 width=0)
	        Index Cond: ((k >= 3423797) AND (k <= 3423897))

table 3 : explain SELECT k, c FROM sbtest3 WHERE k BETWEEN 3423797 AND 3423897
	Bitmap Heap Scan on sbtest3  (cost=5.37..365.72 rows=91 width=125)
	  Recheck Cond: ((k >= 3423797) AND (k <= 3423897))
	  ->  Bitmap Index Scan on k_3  (cost=0.00..5.34 rows=91 width=0)
	        Index Cond: ((k >= 3423797) AND (k <= 3423897))

table 4 : explain SELECT k, c FROM sbtest4 WHERE k BETWEEN 3423797 AND 3423897
	Bitmap Heap Scan on sbtest4  (cost=5.54..432.69 rows=108 width=125)
	  Recheck Cond: ((k >= 3423797) AND (k <= 3423897))
	  ->  Bitmap Index Scan on k_4  (cost=0.00..5.51 rows=108 width=0)
	        Index Cond: ((k >= 3423797) AND (k <= 3423897))

table 5 : explain SELECT k, c FROM sbtest5 WHERE k BETWEEN 3423797 AND 3423897
	Bitmap Heap Scan on sbtest5  (cost=5.35..357.84 rows=89 width=125)
	  Recheck Cond: ((k >= 3423797) AND (k <= 3423897))
	  ->  Bitmap Index Scan on k_5  (cost=0.00..5.32 rows=89 width=0)
	        Index Cond: ((k >= 3423797) AND (k <= 3423897))

table 6 : explain SELECT k, c FROM sbtest6 WHERE k BETWEEN 3423797 AND 3423897
	Bitmap Heap Scan on sbtest6  (cost=5.42..385.43 rows=96 width=125)
	  Recheck Cond: ((k >= 3423797) AND (k <= 3423897))
	  ->  Bitmap Index Scan on k_6  (cost=0.00..5.39 rows=96 width=0)
	        Index Cond: ((k >= 3423797) AND (k <= 3423897))

table 7 : explain SELECT k, c FROM sbtest7 WHERE k BETWEEN 3423797 AND 3423897
	Bitmap Heap Scan on sbtest7  (cost=5.47..405.13 rows=101 width=125)
	  Recheck Cond: ((k >= 3423797) AND (k <= 3423897))
	  ->  Bitmap Index Scan on k_7  (cost=0.00..5.44 rows=101 width=0)
	        Index Cond: ((k >= 3423797) AND (k <= 3423897))

table 8 : explain SELECT k, c FROM sbtest8 WHERE k BETWEEN 3423797 AND 3423897
	Bitmap Heap Scan on sbtest8  (cost=5.42..385.43 rows=96 width=125)
	  Recheck Cond: ((k >= 3423797) AND (k <= 3423897))
	  ->  Bitmap Index Scan on k_8  (cost=0.00..5.39 rows=96 width=0)
	        Index Cond: ((k >= 3423797) AND (k <= 3423897))

explain: for range-notcovered :: explain SELECT k, c FROM sbtest%d WHERE k BETWEEN 2113373 AND 2113473
explain: for range-notcovered :: explain SELECT k, c FROM sbtest%d WHERE k BETWEEN 3423797 AND 3423897
explain: for range-notcovered :: explain SELECT k, c FROM sbtest%d WHERE k BETWEEN 3871570 AND 3871670
for range-notcovered
table 1 : explain SELECT k, c FROM sbtest1 WHERE k BETWEEN 2713343 AND 2713443
	Bitmap Heap Scan on sbtest1  (cost=5.36..361.78 rows=90 width=125)
	  Recheck Cond: ((k >= 2713343) AND (k <= 2713443))
	  ->  Bitmap Index Scan on k_1  (cost=0.00..5.33 rows=90 width=0)
	        Index Cond: ((k >= 2713343) AND (k <= 2713443))

table 2 : explain SELECT k, c FROM sbtest2 WHERE k BETWEEN 2713343 AND 2713443
	Bitmap Heap Scan on sbtest2  (cost=5.57..444.49 rows=111 width=125)
	  Recheck Cond: ((k >= 2713343) AND (k <= 2713443))
	  ->  Bitmap Index Scan on k_2  (cost=0.00..5.54 rows=111 width=0)
	        Index Cond: ((k >= 2713343) AND (k <= 2713443))

table 3 : explain SELECT k, c FROM sbtest3 WHERE k BETWEEN 2713343 AND 2713443
	Bitmap Heap Scan on sbtest3  (cost=5.48..409.07 rows=102 width=125)
	  Recheck Cond: ((k >= 2713343) AND (k <= 2713443))
	  ->  Bitmap Index Scan on k_3  (cost=0.00..5.45 rows=102 width=0)
	        Index Cond: ((k >= 2713343) AND (k <= 2713443))

table 4 : explain SELECT k, c FROM sbtest4 WHERE k BETWEEN 2713343 AND 2713443
	Bitmap Heap Scan on sbtest4  (cost=5.49..413.00 rows=103 width=125)
	  Recheck Cond: ((k >= 2713343) AND (k <= 2713443))
	  ->  Bitmap Index Scan on k_4  (cost=0.00..5.46 rows=103 width=0)
	        Index Cond: ((k >= 2713343) AND (k <= 2713443))

table 5 : explain SELECT k, c FROM sbtest5 WHERE k BETWEEN 2713343 AND 2713443
	Bitmap Heap Scan on sbtest5  (cost=5.55..436.62 rows=109 width=125)
	  Recheck Cond: ((k >= 2713343) AND (k <= 2713443))
	  ->  Bitmap Index Scan on k_5  (cost=0.00..5.52 rows=109 width=0)
	        Index Cond: ((k >= 2713343) AND (k <= 2713443))

table 6 : explain SELECT k, c FROM sbtest6 WHERE k BETWEEN 2713343 AND 2713443
	Bitmap Heap Scan on sbtest6  (cost=5.49..413.00 rows=103 width=125)
	  Recheck Cond: ((k >= 2713343) AND (k <= 2713443))
	  ->  Bitmap Index Scan on k_6  (cost=0.00..5.46 rows=103 width=0)
	        Index Cond: ((k >= 2713343) AND (k <= 2713443))

table 7 : explain SELECT k, c FROM sbtest7 WHERE k BETWEEN 2713343 AND 2713443
	Bitmap Heap Scan on sbtest7  (cost=5.46..401.19 rows=100 width=125)
	  Recheck Cond: ((k >= 2713343) AND (k <= 2713443))
	  ->  Bitmap Index Scan on k_7  (cost=0.00..5.43 rows=100 width=0)
	        Index Cond: ((k >= 2713343) AND (k <= 2713443))

table 8 : explain SELECT k, c FROM sbtest8 WHERE k BETWEEN 2713343 AND 2713443
	Bitmap Heap Scan on sbtest8  (cost=5.50..416.94 rows=104 width=125)
	  Recheck Cond: ((k >= 2713343) AND (k <= 2713443))
	  ->  Bitmap Index Scan on k_8  (cost=0.00..5.47 rows=104 width=0)
	        Index Cond: ((k >= 2713343) AND (k <= 2713443))

explain: for range-notcovered :: explain SELECT k, c FROM sbtest%d WHERE k BETWEEN 4378286 AND 4378386
explain: for range-notcovered :: explain SELECT k, c FROM sbtest%d WHERE k BETWEEN 6198697 AND 6198797
explain: for range-notcovered :: explain SELECT k, c FROM sbtest%d WHERE k BETWEEN 2713343 AND 2713443
for range-notcovered
table 1 : explain SELECT k, c FROM sbtest1 WHERE k BETWEEN 3423797 AND 3423897
	Bitmap Heap Scan on sbtest1  (cost=5.46..401.19 rows=100 width=125)
	  Recheck Cond: ((k >= 3423797) AND (k <= 3423897))
	  ->  Bitmap Index Scan on k_1  (cost=0.00..5.43 rows=100 width=0)
	        Index Cond: ((k >= 3423797) AND (k <= 3423897))

table 2 : explain SELECT k, c FROM sbtest2 WHERE k BETWEEN 3423797 AND 3423897
	Bitmap Heap Scan on sbtest2  (cost=5.54..432.69 rows=108 width=125)
	  Recheck Cond: ((k >= 3423797) AND (k <= 3423897))
	  ->  Bitmap Index Scan on k_2  (cost=0.00..5.51 rows=108 width=0)
	        Index Cond: ((k >= 3423797) AND (k <= 3423897))

table 3 : explain SELECT k, c FROM sbtest3 WHERE k BETWEEN 3423797 AND 3423897
	Bitmap Heap Scan on sbtest3  (cost=5.37..365.72 rows=91 width=125)
	  Recheck Cond: ((k >= 3423797) AND (k <= 3423897))
	  ->  Bitmap Index Scan on k_3  (cost=0.00..5.34 rows=91 width=0)
	        Index Cond: ((k >= 3423797) AND (k <= 3423897))

table 4 : explain SELECT k, c FROM sbtest4 WHERE k BETWEEN 3423797 AND 3423897
	Bitmap Heap Scan on sbtest4  (cost=5.54..432.69 rows=108 width=125)
	  Recheck Cond: ((k >= 3423797) AND (k <= 3423897))
	  ->  Bitmap Index Scan on k_4  (cost=0.00..5.51 rows=108 width=0)
	        Index Cond: ((k >= 3423797) AND (k <= 3423897))

table 5 : explain SELECT k, c FROM sbtest5 WHERE k BETWEEN 3423797 AND 3423897
	Bitmap Heap Scan on sbtest5  (cost=5.35..357.84 rows=89 width=125)
	  Recheck Cond: ((k >= 3423797) AND (k <= 3423897))
	  ->  Bitmap Index Scan on k_5  (cost=0.00..5.32 rows=89 width=0)
	        Index Cond: ((k >= 3423797) AND (k <= 3423897))

table 6 : explain SELECT k, c FROM sbtest6 WHERE k BETWEEN 3423797 AND 3423897
	Bitmap Heap Scan on sbtest6  (cost=5.42..385.43 rows=96 width=125)
	  Recheck Cond: ((k >= 3423797) AND (k <= 3423897))
	  ->  Bitmap Index Scan on k_6  (cost=0.00..5.39 rows=96 width=0)
	        Index Cond: ((k >= 3423797) AND (k <= 3423897))

table 7 : explain SELECT k, c FROM sbtest7 WHERE k BETWEEN 3423797 AND 3423897
	Bitmap Heap Scan on sbtest7  (cost=5.47..405.13 rows=101 width=125)
	  Recheck Cond: ((k >= 3423797) AND (k <= 3423897))
	  ->  Bitmap Index Scan on k_7  (cost=0.00..5.44 rows=101 width=0)
	        Index Cond: ((k >= 3423797) AND (k <= 3423897))

table 8 : explain SELECT k, c FROM sbtest8 WHERE k BETWEEN 3423797 AND 3423897
	Bitmap Heap Scan on sbtest8  (cost=5.42..385.43 rows=96 width=125)
	  Recheck Cond: ((k >= 3423797) AND (k <= 3423897))
	  ->  Bitmap Index Scan on k_8  (cost=0.00..5.39 rows=96 width=0)
	        Index Cond: ((k >= 3423797) AND (k <= 3423897))

for range-notcovered
table 1 : explain SELECT k, c FROM sbtest1 WHERE k BETWEEN 3871570 AND 3871670
	Bitmap Heap Scan on sbtest1  (cost=5.40..377.55 rows=94 width=125)
	  Recheck Cond: ((k >= 3871570) AND (k <= 3871670))
	  ->  Bitmap Index Scan on k_1  (cost=0.00..5.38 rows=94 width=0)
	        Index Cond: ((k >= 3871570) AND (k <= 3871670))

table 2 : explain SELECT k, c FROM sbtest2 WHERE k BETWEEN 3871570 AND 3871670
	Bitmap Heap Scan on sbtest2  (cost=5.41..381.49 rows=95 width=125)
	  Recheck Cond: ((k >= 3871570) AND (k <= 3871670))
	  ->  Bitmap Index Scan on k_2  (cost=0.00..5.38 rows=95 width=0)
	        Index Cond: ((k >= 3871570) AND (k <= 3871670))

table 3 : explain SELECT k, c FROM sbtest3 WHERE k BETWEEN 3871570 AND 3871670
	Bitmap Heap Scan on sbtest3  (cost=5.48..409.07 rows=102 width=125)
	  Recheck Cond: ((k >= 3871570) AND (k <= 3871670))
	  ->  Bitmap Index Scan on k_3  (cost=0.00..5.45 rows=102 width=0)
	        Index Cond: ((k >= 3871570) AND (k <= 3871670))

table 4 : explain SELECT k, c FROM sbtest4 WHERE k BETWEEN 3871570 AND 3871670
	Bitmap Heap Scan on sbtest4  (cost=5.51..420.88 rows=105 width=125)
	  Recheck Cond: ((k >= 3871570) AND (k <= 3871670))
	  ->  Bitmap Index Scan on k_4  (cost=0.00..5.48 rows=105 width=0)
	        Index Cond: ((k >= 3871570) AND (k <= 3871670))

table 5 : explain SELECT k, c FROM sbtest5 WHERE k BETWEEN 3871570 AND 3871670
	Bitmap Heap Scan on sbtest5  (cost=5.49..413.00 rows=103 width=125)
	  Recheck Cond: ((k >= 3871570) AND (k <= 3871670))
	  ->  Bitmap Index Scan on k_5  (cost=0.00..5.46 rows=103 width=0)
	        Index Cond: ((k >= 3871570) AND (k <= 3871670))

table 6 : explain SELECT k, c FROM sbtest6 WHERE k BETWEEN 3871570 AND 3871670
	Bitmap Heap Scan on sbtest6  (cost=5.40..377.55 rows=94 width=125)
	  Recheck Cond: ((k >= 3871570) AND (k <= 3871670))
	  ->  Bitmap Index Scan on k_6  (cost=0.00..5.38 rows=94 width=0)
	        Index Cond: ((k >= 3871570) AND (k <= 3871670))

table 7 : explain SELECT k, c FROM sbtest7 WHERE k BETWEEN 3871570 AND 3871670
	Bitmap Heap Scan on sbtest7  (cost=5.44..393.31 rows=98 width=125)
	  Recheck Cond: ((k >= 3871570) AND (k <= 3871670))
	  ->  Bitmap Index Scan on k_7  (cost=0.00..5.42 rows=98 width=0)
	        Index Cond: ((k >= 3871570) AND (k <= 3871670))

table 8 : explain SELECT k, c FROM sbtest8 WHERE k BETWEEN 3871570 AND 3871670
	Bitmap Heap Scan on sbtest8  (cost=5.47..405.13 rows=101 width=125)
	  Recheck Cond: ((k >= 3871570) AND (k <= 3871670))
	  ->  Bitmap Index Scan on k_8  (cost=0.00..5.44 rows=101 width=0)
	        Index Cond: ((k >= 3871570) AND (k <= 3871670))

for range-notcovered
table 1 : explain SELECT k, c FROM sbtest1 WHERE k BETWEEN 2713343 AND 2713443
	Bitmap Heap Scan on sbtest1  (cost=5.36..361.78 rows=90 width=125)
	  Recheck Cond: ((k >= 2713343) AND (k <= 2713443))
	  ->  Bitmap Index Scan on k_1  (cost=0.00..5.33 rows=90 width=0)
	        Index Cond: ((k >= 2713343) AND (k <= 2713443))

table 2 : explain SELECT k, c FROM sbtest2 WHERE k BETWEEN 2713343 AND 2713443
	Bitmap Heap Scan on sbtest2  (cost=5.57..444.49 rows=111 width=125)
	  Recheck Cond: ((k >= 2713343) AND (k <= 2713443))
	  ->  Bitmap Index Scan on k_2  (cost=0.00..5.54 rows=111 width=0)
	        Index Cond: ((k >= 2713343) AND (k <= 2713443))

table 3 : explain SELECT k, c FROM sbtest3 WHERE k BETWEEN 2713343 AND 2713443
	Bitmap Heap Scan on sbtest3  (cost=5.48..409.07 rows=102 width=125)
	  Recheck Cond: ((k >= 2713343) AND (k <= 2713443))
	  ->  Bitmap Index Scan on k_3  (cost=0.00..5.45 rows=102 width=0)
	        Index Cond: ((k >= 2713343) AND (k <= 2713443))

table 4 : explain SELECT k, c FROM sbtest4 WHERE k BETWEEN 2713343 AND 2713443
	Bitmap Heap Scan on sbtest4  (cost=5.49..413.00 rows=103 width=125)
	  Recheck Cond: ((k >= 2713343) AND (k <= 2713443))
	  ->  Bitmap Index Scan on k_4  (cost=0.00..5.46 rows=103 width=0)
	        Index Cond: ((k >= 2713343) AND (k <= 2713443))

table 5 : explain SELECT k, c FROM sbtest5 WHERE k BETWEEN 2713343 AND 2713443
	Bitmap Heap Scan on sbtest5  (cost=5.55..436.62 rows=109 width=125)
	  Recheck Cond: ((k >= 2713343) AND (k <= 2713443))
	  ->  Bitmap Index Scan on k_5  (cost=0.00..5.52 rows=109 width=0)
	        Index Cond: ((k >= 2713343) AND (k <= 2713443))

table 6 : explain SELECT k, c FROM sbtest6 WHERE k BETWEEN 2713343 AND 2713443
	Bitmap Heap Scan on sbtest6  (cost=5.49..413.00 rows=103 width=125)
	  Recheck Cond: ((k >= 2713343) AND (k <= 2713443))
	  ->  Bitmap Index Scan on k_6  (cost=0.00..5.46 rows=103 width=0)
	        Index Cond: ((k >= 2713343) AND (k <= 2713443))

table 7 : explain SELECT k, c FROM sbtest7 WHERE k BETWEEN 2713343 AND 2713443
	Bitmap Heap Scan on sbtest7  (cost=5.46..401.19 rows=100 width=125)
	  Recheck Cond: ((k >= 2713343) AND (k <= 2713443))
	  ->  Bitmap Index Scan on k_7  (cost=0.00..5.43 rows=100 width=0)
	        Index Cond: ((k >= 2713343) AND (k <= 2713443))

table 8 : explain SELECT k, c FROM sbtest8 WHERE k BETWEEN 2713343 AND 2713443
	Bitmap Heap Scan on sbtest8  (cost=5.50..416.94 rows=104 width=125)
	  Recheck Cond: ((k >= 2713343) AND (k <= 2713443))
	  ->  Bitmap Index Scan on k_8  (cost=0.00..5.47 rows=104 width=0)
	        Index Cond: ((k >= 2713343) AND (k <= 2713443))

for range-notcovered
table 1 : explain SELECT k, c FROM sbtest1 WHERE k BETWEEN 2113373 AND 2113473
	Bitmap Heap Scan on sbtest1  (cost=5.53..428.75 rows=107 width=125)
	  Recheck Cond: ((k >= 2113373) AND (k <= 2113473))
	  ->  Bitmap Index Scan on k_1  (cost=0.00..5.50 rows=107 width=0)
	        Index Cond: ((k >= 2113373) AND (k <= 2113473))

table 2 : explain SELECT k, c FROM sbtest2 WHERE k BETWEEN 2113373 AND 2113473
	Bitmap Heap Scan on sbtest2  (cost=5.45..397.25 rows=99 width=125)
	  Recheck Cond: ((k >= 2113373) AND (k <= 2113473))
	  ->  Bitmap Index Scan on k_2  (cost=0.00..5.42 rows=99 width=0)
	        Index Cond: ((k >= 2113373) AND (k <= 2113473))

table 3 : explain SELECT k, c FROM sbtest3 WHERE k BETWEEN 2113373 AND 2113473
	Bitmap Heap Scan on sbtest3  (cost=5.48..409.07 rows=102 width=125)
	  Recheck Cond: ((k >= 2113373) AND (k <= 2113473))
	  ->  Bitmap Index Scan on k_3  (cost=0.00..5.45 rows=102 width=0)
	        Index Cond: ((k >= 2113373) AND (k <= 2113473))

table 4 : explain SELECT k, c FROM sbtest4 WHERE k BETWEEN 2113373 AND 2113473
	Bitmap Heap Scan on sbtest4  (cost=5.47..405.13 rows=101 width=125)
	  Recheck Cond: ((k >= 2113373) AND (k <= 2113473))
	  ->  Bitmap Index Scan on k_4  (cost=0.00..5.44 rows=101 width=0)
	        Index Cond: ((k >= 2113373) AND (k <= 2113473))

table 5 : explain SELECT k, c FROM sbtest5 WHERE k BETWEEN 2113373 AND 2113473
	Bitmap Heap Scan on sbtest5  (cost=5.57..444.49 rows=111 width=125)
	  Recheck Cond: ((k >= 2113373) AND (k <= 2113473))
	  ->  Bitmap Index Scan on k_5  (cost=0.00..5.54 rows=111 width=0)
	        Index Cond: ((k >= 2113373) AND (k <= 2113473))

table 6 : explain SELECT k, c FROM sbtest6 WHERE k BETWEEN 2113373 AND 2113473
	Bitmap Heap Scan on sbtest6  (cost=5.45..397.25 rows=99 width=125)
	  Recheck Cond: ((k >= 2113373) AND (k <= 2113473))
	  ->  Bitmap Index Scan on k_6  (cost=0.00..5.42 rows=99 width=0)
	        Index Cond: ((k >= 2113373) AND (k <= 2113473))

table 7 : explain SELECT k, c FROM sbtest7 WHERE k BETWEEN 2113373 AND 2113473
	Bitmap Heap Scan on sbtest7  (cost=5.51..420.88 rows=105 width=125)
	  Recheck Cond: ((k >= 2113373) AND (k <= 2113473))
	  ->  Bitmap Index Scan on k_7  (cost=0.00..5.48 rows=105 width=0)
	        Index Cond: ((k >= 2113373) AND (k <= 2113473))

table 8 : explain SELECT k, c FROM sbtest8 WHERE k BETWEEN 2113373 AND 2113473
	Bitmap Heap Scan on sbtest8  (cost=5.50..416.94 rows=104 width=125)
	  Recheck Cond: ((k >= 2113373) AND (k <= 2113473))
	  ->  Bitmap Index Scan on k_8  (cost=0.00..5.47 rows=104 width=0)
	        Index Cond: ((k >= 2113373) AND (k <= 2113473))

explain: for range-notcovered :: explain SELECT k, c FROM sbtest%d WHERE k BETWEEN 2113373 AND 2113473explain: for range-notcovered :: explain SELECT k, c FROM sbtest%d WHERE k BETWEEN 2713343 AND 2713443

for range-notcovered
table 1 : explain SELECT k, c FROM sbtest1 WHERE k BETWEEN 2713343 AND 2713443
	Bitmap Heap Scan on sbtest1  (cost=5.36..361.78 rows=90 width=125)
	  Recheck Cond: ((k >= 2713343) AND (k <= 2713443))
	  ->  Bitmap Index Scan on k_1  (cost=0.00..5.33 rows=90 width=0)
	        Index Cond: ((k >= 2713343) AND (k <= 2713443))

table 2 : explain SELECT k, c FROM sbtest2 WHERE k BETWEEN 2713343 AND 2713443
	Bitmap Heap Scan on sbtest2  (cost=5.57..444.49 rows=111 width=125)
	  Recheck Cond: ((k >= 2713343) AND (k <= 2713443))
	  ->  Bitmap Index Scan on k_2  (cost=0.00..5.54 rows=111 width=0)
	        Index Cond: ((k >= 2713343) AND (k <= 2713443))

table 3 : explain SELECT k, c FROM sbtest3 WHERE k BETWEEN 2713343 AND 2713443
	Bitmap Heap Scan on sbtest3  (cost=5.48..409.07 rows=102 width=125)
	  Recheck Cond: ((k >= 2713343) AND (k <= 2713443))
	  ->  Bitmap Index Scan on k_3  (cost=0.00..5.45 rows=102 width=0)
	        Index Cond: ((k >= 2713343) AND (k <= 2713443))

table 4 : explain SELECT k, c FROM sbtest4 WHERE k BETWEEN 2713343 AND 2713443
	Bitmap Heap Scan on sbtest4  (cost=5.49..413.00 rows=103 width=125)
	  Recheck Cond: ((k >= 2713343) AND (k <= 2713443))
	  ->  Bitmap Index Scan on k_4  (cost=0.00..5.46 rows=103 width=0)
	        Index Cond: ((k >= 2713343) AND (k <= 2713443))

table 5 : explain SELECT k, c FROM sbtest5 WHERE k BETWEEN 2713343 AND 2713443
	Bitmap Heap Scan on sbtest5  (cost=5.55..436.62 rows=109 width=125)
	  Recheck Cond: ((k >= 2713343) AND (k <= 2713443))
	  ->  Bitmap Index Scan on k_5  (cost=0.00..5.52 rows=109 width=0)
	        Index Cond: ((k >= 2713343) AND (k <= 2713443))

table 6 : explain SELECT k, c FROM sbtest6 WHERE k BETWEEN 2713343 AND 2713443
	Bitmap Heap Scan on sbtest6  (cost=5.49..413.00 rows=103 width=125)
	  Recheck Cond: ((k >= 2713343) AND (k <= 2713443))
	  ->  Bitmap Index Scan on k_6  (cost=0.00..5.46 rows=103 width=0)
	        Index Cond: ((k >= 2713343) AND (k <= 2713443))

table 7 : explain SELECT k, c FROM sbtest7 WHERE k BETWEEN 2713343 AND 2713443
	Bitmap Heap Scan on sbtest7  (cost=5.46..401.19 rows=100 width=125)
	  Recheck Cond: ((k >= 2713343) AND (k <= 2713443))
	  ->  Bitmap Index Scan on k_7  (cost=0.00..5.43 rows=100 width=0)
	        Index Cond: ((k >= 2713343) AND (k <= 2713443))

table 8 : explain SELECT k, c FROM sbtest8 WHERE k BETWEEN 2713343 AND 2713443
	Bitmap Heap Scan on sbtest8  (cost=5.50..416.94 rows=104 width=125)
	  Recheck Cond: ((k >= 2713343) AND (k <= 2713443))
	  ->  Bitmap Index Scan on k_8  (cost=0.00..5.47 rows=104 width=0)
	        Index Cond: ((k >= 2713343) AND (k <= 2713443))

for range-notcovered
table 1 : explain SELECT k, c FROM sbtest1 WHERE k BETWEEN 2113373 AND 2113473
	Bitmap Heap Scan on sbtest1  (cost=5.53..428.75 rows=107 width=125)
	  Recheck Cond: ((k >= 2113373) AND (k <= 2113473))
	  ->  Bitmap Index Scan on k_1  (cost=0.00..5.50 rows=107 width=0)
	        Index Cond: ((k >= 2113373) AND (k <= 2113473))

table 2 : explain SELECT k, c FROM sbtest2 WHERE k BETWEEN 2113373 AND 2113473
	Bitmap Heap Scan on sbtest2  (cost=5.45..397.25 rows=99 width=125)
	  Recheck Cond: ((k >= 2113373) AND (k <= 2113473))
	  ->  Bitmap Index Scan on k_2  (cost=0.00..5.42 rows=99 width=0)
	        Index Cond: ((k >= 2113373) AND (k <= 2113473))

table 3 : explain SELECT k, c FROM sbtest3 WHERE k BETWEEN 2113373 AND 2113473
	Bitmap Heap Scan on sbtest3  (cost=5.48..409.07 rows=102 width=125)
	  Recheck Cond: ((k >= 2113373) AND (k <= 2113473))
	  ->  Bitmap Index Scan on k_3  (cost=0.00..5.45 rows=102 width=0)
	        Index Cond: ((k >= 2113373) AND (k <= 2113473))

table 4 : explain SELECT k, c FROM sbtest4 WHERE k BETWEEN 2113373 AND 2113473
	Bitmap Heap Scan on sbtest4  (cost=5.47..405.13 rows=101 width=125)
	  Recheck Cond: ((k >= 2113373) AND (k <= 2113473))
	  ->  Bitmap Index Scan on k_4  (cost=0.00..5.44 rows=101 width=0)
	        Index Cond: ((k >= 2113373) AND (k <= 2113473))

table 5 : explain SELECT k, c FROM sbtest5 WHERE k BETWEEN 2113373 AND 2113473
	Bitmap Heap Scan on sbtest5  (cost=5.57..444.49 rows=111 width=125)
	  Recheck Cond: ((k >= 2113373) AND (k <= 2113473))
	  ->  Bitmap Index Scan on k_5  (cost=0.00..5.54 rows=111 width=0)
	        Index Cond: ((k >= 2113373) AND (k <= 2113473))

table 6 : explain SELECT k, c FROM sbtest6 WHERE k BETWEEN 2113373 AND 2113473
	Bitmap Heap Scan on sbtest6  (cost=5.45..397.25 rows=99 width=125)
	  Recheck Cond: ((k >= 2113373) AND (k <= 2113473))
	  ->  Bitmap Index Scan on k_6  (cost=0.00..5.42 rows=99 width=0)
	        Index Cond: ((k >= 2113373) AND (k <= 2113473))

table 7 : explain SELECT k, c FROM sbtest7 WHERE k BETWEEN 2113373 AND 2113473
	Bitmap Heap Scan on sbtest7  (cost=5.51..420.88 rows=105 width=125)
	  Recheck Cond: ((k >= 2113373) AND (k <= 2113473))
	  ->  Bitmap Index Scan on k_7  (cost=0.00..5.48 rows=105 width=0)
	        Index Cond: ((k >= 2113373) AND (k <= 2113473))

table 8 : explain SELECT k, c FROM sbtest8 WHERE k BETWEEN 2113373 AND 2113473
	Bitmap Heap Scan on sbtest8  (cost=5.50..416.94 rows=104 width=125)
	  Recheck Cond: ((k >= 2113373) AND (k <= 2113473))
	  ->  Bitmap Index Scan on k_8  (cost=0.00..5.47 rows=104 width=0)
	        Index Cond: ((k >= 2113373) AND (k <= 2113473))

explain: for range-notcovered :: explain SELECT k, c FROM sbtest%d WHERE k BETWEEN 2713343 AND 2713443
explain: for range-notcovered :: explain SELECT k, c FROM sbtest%d WHERE k BETWEEN 2113373 AND 2113473
for range-notcovered
table 1 : explain SELECT k, c FROM sbtest1 WHERE k BETWEEN 3681720 AND 3681820
	Bitmap Heap Scan on sbtest1  (cost=5.44..393.31 rows=98 width=125)
	  Recheck Cond: ((k >= 3681720) AND (k <= 3681820))
	  ->  Bitmap Index Scan on k_1  (cost=0.00..5.42 rows=98 width=0)
	        Index Cond: ((k >= 3681720) AND (k <= 3681820))

table 2 : explain SELECT k, c FROM sbtest2 WHERE k BETWEEN 3681720 AND 3681820
	Bitmap Heap Scan on sbtest2  (cost=5.45..397.25 rows=99 width=125)
	  Recheck Cond: ((k >= 3681720) AND (k <= 3681820))
	  ->  Bitmap Index Scan on k_2  (cost=0.00..5.42 rows=99 width=0)
	        Index Cond: ((k >= 3681720) AND (k <= 3681820))

table 3 : explain SELECT k, c FROM sbtest3 WHERE k BETWEEN 3681720 AND 3681820
	Bitmap Heap Scan on sbtest3  (cost=5.47..405.13 rows=101 width=125)
	  Recheck Cond: ((k >= 3681720) AND (k <= 3681820))
	  ->  Bitmap Index Scan on k_3  (cost=0.00..5.44 rows=101 width=0)
	        Index Cond: ((k >= 3681720) AND (k <= 3681820))

table 4 : explain SELECT k, c FROM sbtest4 WHERE k BETWEEN 3681720 AND 3681820
	Bitmap Heap Scan on sbtest4  (cost=5.47..405.13 rows=101 width=125)
	  Recheck Cond: ((k >= 3681720) AND (k <= 3681820))
	  ->  Bitmap Index Scan on k_4  (cost=0.00..5.44 rows=101 width=0)
	        Index Cond: ((k >= 3681720) AND (k <= 3681820))

table 5 : explain SELECT k, c FROM sbtest5 WHERE k BETWEEN 3681720 AND 3681820
	Bitmap Heap Scan on sbtest5  (cost=5.57..444.49 rows=111 width=125)
	  Recheck Cond: ((k >= 3681720) AND (k <= 3681820))
	  ->  Bitmap Index Scan on k_5  (cost=0.00..5.54 rows=111 width=0)
	        Index Cond: ((k >= 3681720) AND (k <= 3681820))

table 6 : explain SELECT k, c FROM sbtest6 WHERE k BETWEEN 3681720 AND 3681820
	Bitmap Heap Scan on sbtest6  (cost=5.58..448.42 rows=112 width=125)
	  Recheck Cond: ((k >= 3681720) AND (k <= 3681820))
	  ->  Bitmap Index Scan on k_6  (cost=0.00..5.55 rows=112 width=0)
	        Index Cond: ((k >= 3681720) AND (k <= 3681820))

table 7 : explain SELECT k, c FROM sbtest7 WHERE k BETWEEN 3681720 AND 3681820
	Bitmap Heap Scan on sbtest7  (cost=5.39..373.61 rows=93 width=125)
	  Recheck Cond: ((k >= 3681720) AND (k <= 3681820))
	  ->  Bitmap Index Scan on k_7  (cost=0.00..5.36 rows=93 width=0)
	        Index Cond: ((k >= 3681720) AND (k <= 3681820))

table 8 : explain SELECT k, c FROM sbtest8 WHERE k BETWEEN 3681720 AND 3681820
	Bitmap Heap Scan on sbtest8  (cost=5.49..413.00 rows=103 width=125)
	  Recheck Cond: ((k >= 3681720) AND (k <= 3681820))
	  ->  Bitmap Index Scan on k_8  (cost=0.00..5.46 rows=103 width=0)
	        Index Cond: ((k >= 3681720) AND (k <= 3681820))

for range-notcovered
table 1 : explain SELECT k, c FROM sbtest1 WHERE k BETWEEN 2713343 AND 2713443
	Bitmap Heap Scan on sbtest1  (cost=5.36..361.78 rows=90 width=125)
	  Recheck Cond: ((k >= 2713343) AND (k <= 2713443))
	  ->  Bitmap Index Scan on k_1  (cost=0.00..5.33 rows=90 width=0)
	        Index Cond: ((k >= 2713343) AND (k <= 2713443))

table 2 : explain SELECT k, c FROM sbtest2 WHERE k BETWEEN 2713343 AND 2713443
	Bitmap Heap Scan on sbtest2  (cost=5.57..444.49 rows=111 width=125)
	  Recheck Cond: ((k >= 2713343) AND (k <= 2713443))
	  ->  Bitmap Index Scan on k_2  (cost=0.00..5.54 rows=111 width=0)
	        Index Cond: ((k >= 2713343) AND (k <= 2713443))

table 3 : explain SELECT k, c FROM sbtest3 WHERE k BETWEEN 2713343 AND 2713443
	Bitmap Heap Scan on sbtest3  (cost=5.48..409.07 rows=102 width=125)
	  Recheck Cond: ((k >= 2713343) AND (k <= 2713443))
	  ->  Bitmap Index Scan on k_3  (cost=0.00..5.45 rows=102 width=0)
	        Index Cond: ((k >= 2713343) AND (k <= 2713443))

table 4 : explain SELECT k, c FROM sbtest4 WHERE k BETWEEN 2713343 AND 2713443
	Bitmap Heap Scan on sbtest4  (cost=5.49..413.00 rows=103 width=125)
	  Recheck Cond: ((k >= 2713343) AND (k <= 2713443))
	  ->  Bitmap Index Scan on k_4  (cost=0.00..5.46 rows=103 width=0)
	        Index Cond: ((k >= 2713343) AND (k <= 2713443))

table 5 : explain SELECT k, c FROM sbtest5 WHERE k BETWEEN 2713343 AND 2713443
	Bitmap Heap Scan on sbtest5  (cost=5.55..436.62 rows=109 width=125)
	  Recheck Cond: ((k >= 2713343) AND (k <= 2713443))
	  ->  Bitmap Index Scan on k_5  (cost=0.00..5.52 rows=109 width=0)
	        Index Cond: ((k >= 2713343) AND (k <= 2713443))

table 6 : explain SELECT k, c FROM sbtest6 WHERE k BETWEEN 2713343 AND 2713443
	Bitmap Heap Scan on sbtest6  (cost=5.49..413.00 rows=103 width=125)
	  Recheck Cond: ((k >= 2713343) AND (k <= 2713443))
	  ->  Bitmap Index Scan on k_6  (cost=0.00..5.46 rows=103 width=0)
	        Index Cond: ((k >= 2713343) AND (k <= 2713443))

table 7 : explain SELECT k, c FROM sbtest7 WHERE k BETWEEN 2713343 AND 2713443
	Bitmap Heap Scan on sbtest7  (cost=5.46..401.19 rows=100 width=125)
	  Recheck Cond: ((k >= 2713343) AND (k <= 2713443))
	  ->  Bitmap Index Scan on k_7  (cost=0.00..5.43 rows=100 width=0)
	        Index Cond: ((k >= 2713343) AND (k <= 2713443))

table 8 : explain SELECT k, c FROM sbtest8 WHERE k BETWEEN 2713343 AND 2713443
	Bitmap Heap Scan on sbtest8  (cost=5.50..416.94 rows=104 width=125)
	  Recheck Cond: ((k >= 2713343) AND (k <= 2713443))
	  ->  Bitmap Index Scan on k_8  (cost=0.00..5.47 rows=104 width=0)
	        Index Cond: ((k >= 2713343) AND (k <= 2713443))

explain: for range-notcovered :: explain SELECT k, c FROM sbtest%d WHERE k BETWEEN 3681720 AND 3681820
for range-notcovered
table 1 : explain SELECT k, c FROM sbtest1 WHERE k BETWEEN 4279758 AND 4279858
	Bitmap Heap Scan on sbtest1  (cost=5.50..416.94 rows=104 width=125)
	  Recheck Cond: ((k >= 4279758) AND (k <= 4279858))
	  ->  Bitmap Index Scan on k_1  (cost=0.00..5.47 rows=104 width=0)
	        Index Cond: ((k >= 4279758) AND (k <= 4279858))

table 2 : explain SELECT k, c FROM sbtest2 WHERE k BETWEEN 4279758 AND 4279858
	Bitmap Heap Scan on sbtest2  (cost=5.49..413.00 rows=103 width=125)
	  Recheck Cond: ((k >= 4279758) AND (k <= 4279858))
	  ->  Bitmap Index Scan on k_2  (cost=0.00..5.46 rows=103 width=0)
	        Index Cond: ((k >= 4279758) AND (k <= 4279858))

table 3 : explain SELECT k, c FROM sbtest3 WHERE k BETWEEN 4279758 AND 4279858
	Bitmap Heap Scan on sbtest3  (cost=5.44..393.31 rows=98 width=125)
	  Recheck Cond: ((k >= 4279758) AND (k <= 4279858))
	  ->  Bitmap Index Scan on k_3  (cost=0.00..5.42 rows=98 width=0)
	        Index Cond: ((k >= 4279758) AND (k <= 4279858))

table 4 : explain SELECT k, c FROM sbtest4 WHERE k BETWEEN 4279758 AND 4279858
	Bitmap Heap Scan on sbtest4  (cost=5.40..377.55 rows=94 width=125)
	  Recheck Cond: ((k >= 4279758) AND (k <= 4279858))
	  ->  Bitmap Index Scan on k_4  (cost=0.00..5.38 rows=94 width=0)
	        Index Cond: ((k >= 4279758) AND (k <= 4279858))

table 5 : explain SELECT k, c FROM sbtest5 WHERE k BETWEEN 4279758 AND 4279858
	Bitmap Heap Scan on sbtest5  (cost=5.42..385.43 rows=96 width=125)
	  Recheck Cond: ((k >= 4279758) AND (k <= 4279858))
	  ->  Bitmap Index Scan on k_5  (cost=0.00..5.39 rows=96 width=0)
	        Index Cond: ((k >= 4279758) AND (k <= 4279858))

table 6 : explain SELECT k, c FROM sbtest6 WHERE k BETWEEN 4279758 AND 4279858
	Bitmap Heap Scan on sbtest6  (cost=5.44..393.31 rows=98 width=125)
	  Recheck Cond: ((k >= 4279758) AND (k <= 4279858))
	  ->  Bitmap Index Scan on k_6  (cost=0.00..5.42 rows=98 width=0)
	        Index Cond: ((k >= 4279758) AND (k <= 4279858))

table 7 : explain SELECT k, c FROM sbtest7 WHERE k BETWEEN 4279758 AND 4279858
	Bitmap Heap Scan on sbtest7  (cost=5.50..416.94 rows=104 width=125)
	  Recheck Cond: ((k >= 4279758) AND (k <= 4279858))
	  ->  Bitmap Index Scan on k_7  (cost=0.00..5.47 rows=104 width=0)
	        Index Cond: ((k >= 4279758) AND (k <= 4279858))

table 8 : explain SELECT k, c FROM sbtest8 WHERE k BETWEEN 4279758 AND 4279858
	Bitmap Heap Scan on sbtest8  (cost=5.54..432.69 rows=108 width=125)
	  Recheck Cond: ((k >= 4279758) AND (k <= 4279858))
	  ->  Bitmap Index Scan on k_8  (cost=0.00..5.51 rows=108 width=0)
	        Index Cond: ((k >= 4279758) AND (k <= 4279858))

explain: for range-notcovered :: explain SELECT k, c FROM sbtest%d WHERE k BETWEEN 4279758 AND 4279858
explain: for range-notcovered :: explain SELECT k, c FROM sbtest%d WHERE k BETWEEN 4163607 AND 4163707
for range-notcovered
table 1 : explain SELECT k, c FROM sbtest1 WHERE k BETWEEN 4378286 AND 4378386
	Bitmap Heap Scan on sbtest1  (cost=5.55..436.62 rows=109 width=125)
	  Recheck Cond: ((k >= 4378286) AND (k <= 4378386))
	  ->  Bitmap Index Scan on k_1  (cost=0.00..5.52 rows=109 width=0)
	        Index Cond: ((k >= 4378286) AND (k <= 4378386))

table 2 : explain SELECT k, c FROM sbtest2 WHERE k BETWEEN 4378286 AND 4378386
	Bitmap Heap Scan on sbtest2  (cost=5.47..405.13 rows=101 width=125)
	  Recheck Cond: ((k >= 4378286) AND (k <= 4378386))
	  ->  Bitmap Index Scan on k_2  (cost=0.00..5.44 rows=101 width=0)
	        Index Cond: ((k >= 4378286) AND (k <= 4378386))

table 3 : explain SELECT k, c FROM sbtest3 WHERE k BETWEEN 4378286 AND 4378386
	Bitmap Heap Scan on sbtest3  (cost=5.45..397.25 rows=99 width=125)
	  Recheck Cond: ((k >= 4378286) AND (k <= 4378386))
	  ->  Bitmap Index Scan on k_3  (cost=0.00..5.42 rows=99 width=0)
	        Index Cond: ((k >= 4378286) AND (k <= 4378386))

table 4 : explain SELECT k, c FROM sbtest4 WHERE k BETWEEN 4378286 AND 4378386
	Bitmap Heap Scan on sbtest4  (cost=5.45..397.25 rows=99 width=125)
	  Recheck Cond: ((k >= 4378286) AND (k <= 4378386))
	  ->  Bitmap Index Scan on k_4  (cost=0.00..5.42 rows=99 width=0)
	        Index Cond: ((k >= 4378286) AND (k <= 4378386))

table 5 : explain SELECT k, c FROM sbtest5 WHERE k BETWEEN 4378286 AND 4378386
	Bitmap Heap Scan on sbtest5  (cost=5.45..397.25 rows=99 width=125)
	  Recheck Cond: ((k >= 4378286) AND (k <= 4378386))
	  ->  Bitmap Index Scan on k_5  (cost=0.00..5.42 rows=99 width=0)
	        Index Cond: ((k >= 4378286) AND (k <= 4378386))

table 6 : explain SELECT k, c FROM sbtest6 WHERE k BETWEEN 4378286 AND 4378386
	Bitmap Heap Scan on sbtest6  (cost=5.51..420.88 rows=105 width=125)
	  Recheck Cond: ((k >= 4378286) AND (k <= 4378386))
	  ->  Bitmap Index Scan on k_6  (cost=0.00..5.48 rows=105 width=0)
	        Index Cond: ((k >= 4378286) AND (k <= 4378386))

table 7 : explain SELECT k, c FROM sbtest7 WHERE k BETWEEN 4378286 AND 4378386
	Bitmap Heap Scan on sbtest7  (cost=5.43..389.37 rows=97 width=125)
	  Recheck Cond: ((k >= 4378286) AND (k <= 4378386))
	  ->  Bitmap Index Scan on k_7  (cost=0.00..5.40 rows=97 width=0)
	        Index Cond: ((k >= 4378286) AND (k <= 4378386))

table 8 : explain SELECT k, c FROM sbtest8 WHERE k BETWEEN 4378286 AND 4378386
	Bitmap Heap Scan on sbtest8  (cost=5.48..409.07 rows=102 width=125)
	  Recheck Cond: ((k >= 4378286) AND (k <= 4378386))
	  ->  Bitmap Index Scan on k_8  (cost=0.00..5.45 rows=102 width=0)
	        Index Cond: ((k >= 4378286) AND (k <= 4378386))

for range-notcovered
table 1 : explain SELECT k, c FROM sbtest1 WHERE k BETWEEN 3681720 AND 3681820
	Bitmap Heap Scan on sbtest1  (cost=5.44..393.31 rows=98 width=125)
	  Recheck Cond: ((k >= 3681720) AND (k <= 3681820))
	  ->  Bitmap Index Scan on k_1  (cost=0.00..5.42 rows=98 width=0)
	        Index Cond: ((k >= 3681720) AND (k <= 3681820))

table 2 : explain SELECT k, c FROM sbtest2 WHERE k BETWEEN 3681720 AND 3681820
	Bitmap Heap Scan on sbtest2  (cost=5.45..397.25 rows=99 width=125)
	  Recheck Cond: ((k >= 3681720) AND (k <= 3681820))
	  ->  Bitmap Index Scan on k_2  (cost=0.00..5.42 rows=99 width=0)
	        Index Cond: ((k >= 3681720) AND (k <= 3681820))

table 3 : explain SELECT k, c FROM sbtest3 WHERE k BETWEEN 3681720 AND 3681820
	Bitmap Heap Scan on sbtest3  (cost=5.47..405.13 rows=101 width=125)
	  Recheck Cond: ((k >= 3681720) AND (k <= 3681820))
	  ->  Bitmap Index Scan on k_3  (cost=0.00..5.44 rows=101 width=0)
	        Index Cond: ((k >= 3681720) AND (k <= 3681820))

table 4 : explain SELECT k, c FROM sbtest4 WHERE k BETWEEN 3681720 AND 3681820
	Bitmap Heap Scan on sbtest4  (cost=5.47..405.13 rows=101 width=125)
	  Recheck Cond: ((k >= 3681720) AND (k <= 3681820))
	  ->  Bitmap Index Scan on k_4  (cost=0.00..5.44 rows=101 width=0)
	        Index Cond: ((k >= 3681720) AND (k <= 3681820))

table 5 : explain SELECT k, c FROM sbtest5 WHERE k BETWEEN 3681720 AND 3681820
	Bitmap Heap Scan on sbtest5  (cost=5.57..444.49 rows=111 width=125)
	  Recheck Cond: ((k >= 3681720) AND (k <= 3681820))
	  ->  Bitmap Index Scan on k_5  (cost=0.00..5.54 rows=111 width=0)
	        Index Cond: ((k >= 3681720) AND (k <= 3681820))

table 6 : explain SELECT k, c FROM sbtest6 WHERE k BETWEEN 3681720 AND 3681820
	Bitmap Heap Scan on sbtest6  (cost=5.58..448.42 rows=112 width=125)
	  Recheck Cond: ((k >= 3681720) AND (k <= 3681820))
	  ->  Bitmap Index Scan on k_6  (cost=0.00..5.55 rows=112 width=0)
	        Index Cond: ((k >= 3681720) AND (k <= 3681820))

table 7 : explain SELECT k, c FROM sbtest7 WHERE k BETWEEN 3681720 AND 3681820
	Bitmap Heap Scan on sbtest7  (cost=5.39..373.61 rows=93 width=125)
	  Recheck Cond: ((k >= 3681720) AND (k <= 3681820))
	  ->  Bitmap Index Scan on k_7  (cost=0.00..5.36 rows=93 width=0)
	        Index Cond: ((k >= 3681720) AND (k <= 3681820))

table 8 : explain SELECT k, c FROM sbtest8 WHERE k BETWEEN 3681720 AND 3681820
	Bitmap Heap Scan on sbtest8  (cost=5.49..413.00 rows=103 width=125)
	  Recheck Cond: ((k >= 3681720) AND (k <= 3681820))
	  ->  Bitmap Index Scan on k_8  (cost=0.00..5.46 rows=103 width=0)
	        Index Cond: ((k >= 3681720) AND (k <= 3681820))

explain: for range-notcovered :: explain SELECT k, c FROM sbtest%d WHERE k BETWEEN 4378286 AND 4378386
for range-notcovered
table 1 : explain SELECT k, c FROM sbtest1 WHERE k BETWEEN 2113373 AND 2113473
	Bitmap Heap Scan on sbtest1  (cost=5.53..428.75 rows=107 width=125)
	  Recheck Cond: ((k >= 2113373) AND (k <= 2113473))
	  ->  Bitmap Index Scan on k_1  (cost=0.00..5.50 rows=107 width=0)
	        Index Cond: ((k >= 2113373) AND (k <= 2113473))

table 2 : explain SELECT k, c FROM sbtest2 WHERE k BETWEEN 2113373 AND 2113473
	Bitmap Heap Scan on sbtest2  (cost=5.45..397.25 rows=99 width=125)
	  Recheck Cond: ((k >= 2113373) AND (k <= 2113473))
	  ->  Bitmap Index Scan on k_2  (cost=0.00..5.42 rows=99 width=0)
	        Index Cond: ((k >= 2113373) AND (k <= 2113473))

table 3 : explain SELECT k, c FROM sbtest3 WHERE k BETWEEN 2113373 AND 2113473
	Bitmap Heap Scan on sbtest3  (cost=5.48..409.07 rows=102 width=125)
	  Recheck Cond: ((k >= 2113373) AND (k <= 2113473))
	  ->  Bitmap Index Scan on k_3  (cost=0.00..5.45 rows=102 width=0)
	        Index Cond: ((k >= 2113373) AND (k <= 2113473))

table 4 : explain SELECT k, c FROM sbtest4 WHERE k BETWEEN 2113373 AND 2113473
	Bitmap Heap Scan on sbtest4  (cost=5.47..405.13 rows=101 width=125)
	  Recheck Cond: ((k >= 2113373) AND (k <= 2113473))
	  ->  Bitmap Index Scan on k_4  (cost=0.00..5.44 rows=101 width=0)
	        Index Cond: ((k >= 2113373) AND (k <= 2113473))

table 5 : explain SELECT k, c FROM sbtest5 WHERE k BETWEEN 2113373 AND 2113473
	Bitmap Heap Scan on sbtest5  (cost=5.57..444.49 rows=111 width=125)
	  Recheck Cond: ((k >= 2113373) AND (k <= 2113473))
	  ->  Bitmap Index Scan on k_5  (cost=0.00..5.54 rows=111 width=0)
	        Index Cond: ((k >= 2113373) AND (k <= 2113473))

table 6 : explain SELECT k, c FROM sbtest6 WHERE k BETWEEN 2113373 AND 2113473
	Bitmap Heap Scan on sbtest6  (cost=5.45..397.25 rows=99 width=125)
	  Recheck Cond: ((k >= 2113373) AND (k <= 2113473))
	  ->  Bitmap Index Scan on k_6  (cost=0.00..5.42 rows=99 width=0)
	        Index Cond: ((k >= 2113373) AND (k <= 2113473))

table 7 : explain SELECT k, c FROM sbtest7 WHERE k BETWEEN 2113373 AND 2113473
	Bitmap Heap Scan on sbtest7  (cost=5.51..420.88 rows=105 width=125)
	  Recheck Cond: ((k >= 2113373) AND (k <= 2113473))
	  ->  Bitmap Index Scan on k_7  (cost=0.00..5.48 rows=105 width=0)
	        Index Cond: ((k >= 2113373) AND (k <= 2113473))

table 8 : explain SELECT k, c FROM sbtest8 WHERE k BETWEEN 2113373 AND 2113473
	Bitmap Heap Scan on sbtest8  (cost=5.50..416.94 rows=104 width=125)
	  Recheck Cond: ((k >= 2113373) AND (k <= 2113473))
	  ->  Bitmap Index Scan on k_8  (cost=0.00..5.47 rows=104 width=0)
	        Index Cond: ((k >= 2113373) AND (k <= 2113473))

explain: for range-notcovered :: explain SELECT k, c FROM sbtest%d WHERE k BETWEEN 3681720 AND 3681820
explain: for range-notcovered :: explain SELECT k, c FROM sbtest%d WHERE k BETWEEN 2113373 AND 2113473
for range-notcovered
table 1 : explain SELECT k, c FROM sbtest1 WHERE k BETWEEN 4279758 AND 4279858
	Bitmap Heap Scan on sbtest1  (cost=5.50..416.94 rows=104 width=125)
	  Recheck Cond: ((k >= 4279758) AND (k <= 4279858))
	  ->  Bitmap Index Scan on k_1  (cost=0.00..5.47 rows=104 width=0)
	        Index Cond: ((k >= 4279758) AND (k <= 4279858))

table 2 : explain SELECT k, c FROM sbtest2 WHERE k BETWEEN 4279758 AND 4279858
	Bitmap Heap Scan on sbtest2  (cost=5.49..413.00 rows=103 width=125)
	  Recheck Cond: ((k >= 4279758) AND (k <= 4279858))
	  ->  Bitmap Index Scan on k_2  (cost=0.00..5.46 rows=103 width=0)
	        Index Cond: ((k >= 4279758) AND (k <= 4279858))

table 3 : explain SELECT k, c FROM sbtest3 WHERE k BETWEEN 4279758 AND 4279858
	Bitmap Heap Scan on sbtest3  (cost=5.44..393.31 rows=98 width=125)
	  Recheck Cond: ((k >= 4279758) AND (k <= 4279858))
	  ->  Bitmap Index Scan on k_3  (cost=0.00..5.42 rows=98 width=0)
	        Index Cond: ((k >= 4279758) AND (k <= 4279858))

table 4 : explain SELECT k, c FROM sbtest4 WHERE k BETWEEN 4279758 AND 4279858
	Bitmap Heap Scan on sbtest4  (cost=5.40..377.55 rows=94 width=125)
	  Recheck Cond: ((k >= 4279758) AND (k <= 4279858))
	  ->  Bitmap Index Scan on k_4  (cost=0.00..5.38 rows=94 width=0)
	        Index Cond: ((k >= 4279758) AND (k <= 4279858))

table 5 : explain SELECT k, c FROM sbtest5 WHERE k BETWEEN 4279758 AND 4279858
	Bitmap Heap Scan on sbtest5  (cost=5.42..385.43 rows=96 width=125)
	  Recheck Cond: ((k >= 4279758) AND (k <= 4279858))
	  ->  Bitmap Index Scan on k_5  (cost=0.00..5.39 rows=96 width=0)
	        Index Cond: ((k >= 4279758) AND (k <= 4279858))

table 6 : explain SELECT k, c FROM sbtest6 WHERE k BETWEEN 4279758 AND 4279858
	Bitmap Heap Scan on sbtest6  (cost=5.44..393.31 rows=98 width=125)
	  Recheck Cond: ((k >= 4279758) AND (k <= 4279858))
	  ->  Bitmap Index Scan on k_6  (cost=0.00..5.42 rows=98 width=0)
	        Index Cond: ((k >= 4279758) AND (k <= 4279858))

table 7 : explain SELECT k, c FROM sbtest7 WHERE k BETWEEN 4279758 AND 4279858
	Bitmap Heap Scan on sbtest7  (cost=5.50..416.94 rows=104 width=125)
	  Recheck Cond: ((k >= 4279758) AND (k <= 4279858))
	  ->  Bitmap Index Scan on k_7  (cost=0.00..5.47 rows=104 width=0)
	        Index Cond: ((k >= 4279758) AND (k <= 4279858))

table 8 : explain SELECT k, c FROM sbtest8 WHERE k BETWEEN 4279758 AND 4279858
	Bitmap Heap Scan on sbtest8  (cost=5.54..432.69 rows=108 width=125)
	  Recheck Cond: ((k >= 4279758) AND (k <= 4279858))
	  ->  Bitmap Index Scan on k_8  (cost=0.00..5.51 rows=108 width=0)
	        Index Cond: ((k >= 4279758) AND (k <= 4279858))

explain: for range-notcovered :: explain SELECT k, c FROM sbtest%d WHERE k BETWEEN 4279758 AND 4279858
explain: for range-notcovered :: explain SELECT k, c FROM sbtest%d WHERE k BETWEEN 2470061 AND 2470161
for range-notcovered
table 1 : explain SELECT k, c FROM sbtest1 WHERE k BETWEEN 4378286 AND 4378386
	Bitmap Heap Scan on sbtest1  (cost=5.55..436.62 rows=109 width=125)
	  Recheck Cond: ((k >= 4378286) AND (k <= 4378386))
	  ->  Bitmap Index Scan on k_1  (cost=0.00..5.52 rows=109 width=0)
	        Index Cond: ((k >= 4378286) AND (k <= 4378386))

table 2 : explain SELECT k, c FROM sbtest2 WHERE k BETWEEN 4378286 AND 4378386
	Bitmap Heap Scan on sbtest2  (cost=5.47..405.13 rows=101 width=125)
	  Recheck Cond: ((k >= 4378286) AND (k <= 4378386))
	  ->  Bitmap Index Scan on k_2  (cost=0.00..5.44 rows=101 width=0)
	        Index Cond: ((k >= 4378286) AND (k <= 4378386))

table 3 : explain SELECT k, c FROM sbtest3 WHERE k BETWEEN 4378286 AND 4378386
	Bitmap Heap Scan on sbtest3  (cost=5.45..397.25 rows=99 width=125)
	  Recheck Cond: ((k >= 4378286) AND (k <= 4378386))
	  ->  Bitmap Index Scan on k_3  (cost=0.00..5.42 rows=99 width=0)
	        Index Cond: ((k >= 4378286) AND (k <= 4378386))

table 4 : explain SELECT k, c FROM sbtest4 WHERE k BETWEEN 4378286 AND 4378386
	Bitmap Heap Scan on sbtest4  (cost=5.45..397.25 rows=99 width=125)
	  Recheck Cond: ((k >= 4378286) AND (k <= 4378386))
	  ->  Bitmap Index Scan on k_4  (cost=0.00..5.42 rows=99 width=0)
	        Index Cond: ((k >= 4378286) AND (k <= 4378386))

table 5 : explain SELECT k, c FROM sbtest5 WHERE k BETWEEN 4378286 AND 4378386
	Bitmap Heap Scan on sbtest5  (cost=5.45..397.25 rows=99 width=125)
	  Recheck Cond: ((k >= 4378286) AND (k <= 4378386))
	  ->  Bitmap Index Scan on k_5  (cost=0.00..5.42 rows=99 width=0)
	        Index Cond: ((k >= 4378286) AND (k <= 4378386))

table 6 : explain SELECT k, c FROM sbtest6 WHERE k BETWEEN 4378286 AND 4378386
	Bitmap Heap Scan on sbtest6  (cost=5.51..420.88 rows=105 width=125)
	  Recheck Cond: ((k >= 4378286) AND (k <= 4378386))
	  ->  Bitmap Index Scan on k_6  (cost=0.00..5.48 rows=105 width=0)
	        Index Cond: ((k >= 4378286) AND (k <= 4378386))

table 7 : explain SELECT k, c FROM sbtest7 WHERE k BETWEEN 4378286 AND 4378386
	Bitmap Heap Scan on sbtest7  (cost=5.43..389.37 rows=97 width=125)
	  Recheck Cond: ((k >= 4378286) AND (k <= 4378386))
	  ->  Bitmap Index Scan on k_7  (cost=0.00..5.40 rows=97 width=0)
	        Index Cond: ((k >= 4378286) AND (k <= 4378386))

table 8 : explain SELECT k, c FROM sbtest8 WHERE k BETWEEN 4378286 AND 4378386
	Bitmap Heap Scan on sbtest8  (cost=5.48..409.07 rows=102 width=125)
	  Recheck Cond: ((k >= 4378286) AND (k <= 4378386))
	  ->  Bitmap Index Scan on k_8  (cost=0.00..5.45 rows=102 width=0)
	        Index Cond: ((k >= 4378286) AND (k <= 4378386))

explain: for range-notcovered :: explain SELECT k, c FROM sbtest%d WHERE k BETWEEN 4378286 AND 4378386
for range-notcovered
table 1 : explain SELECT k, c FROM sbtest1 WHERE k BETWEEN 4279758 AND 4279858
	Bitmap Heap Scan on sbtest1  (cost=5.50..416.94 rows=104 width=125)
	  Recheck Cond: ((k >= 4279758) AND (k <= 4279858))
	  ->  Bitmap Index Scan on k_1  (cost=0.00..5.47 rows=104 width=0)
	        Index Cond: ((k >= 4279758) AND (k <= 4279858))

table 2 : explain SELECT k, c FROM sbtest2 WHERE k BETWEEN 4279758 AND 4279858
	Bitmap Heap Scan on sbtest2  (cost=5.49..413.00 rows=103 width=125)
	  Recheck Cond: ((k >= 4279758) AND (k <= 4279858))
	  ->  Bitmap Index Scan on k_2  (cost=0.00..5.46 rows=103 width=0)
	        Index Cond: ((k >= 4279758) AND (k <= 4279858))

table 3 : explain SELECT k, c FROM sbtest3 WHERE k BETWEEN 4279758 AND 4279858
	Bitmap Heap Scan on sbtest3  (cost=5.44..393.31 rows=98 width=125)
	  Recheck Cond: ((k >= 4279758) AND (k <= 4279858))
	  ->  Bitmap Index Scan on k_3  (cost=0.00..5.42 rows=98 width=0)
	        Index Cond: ((k >= 4279758) AND (k <= 4279858))

table 4 : explain SELECT k, c FROM sbtest4 WHERE k BETWEEN 4279758 AND 4279858
	Bitmap Heap Scan on sbtest4  (cost=5.40..377.55 rows=94 width=125)
	  Recheck Cond: ((k >= 4279758) AND (k <= 4279858))
	  ->  Bitmap Index Scan on k_4  (cost=0.00..5.38 rows=94 width=0)
	        Index Cond: ((k >= 4279758) AND (k <= 4279858))

table 5 : explain SELECT k, c FROM sbtest5 WHERE k BETWEEN 4279758 AND 4279858
	Bitmap Heap Scan on sbtest5  (cost=5.42..385.43 rows=96 width=125)
	  Recheck Cond: ((k >= 4279758) AND (k <= 4279858))
	  ->  Bitmap Index Scan on k_5  (cost=0.00..5.39 rows=96 width=0)
	        Index Cond: ((k >= 4279758) AND (k <= 4279858))

table 6 : explain SELECT k, c FROM sbtest6 WHERE k BETWEEN 4279758 AND 4279858
	Bitmap Heap Scan on sbtest6  (cost=5.44..393.31 rows=98 width=125)
	  Recheck Cond: ((k >= 4279758) AND (k <= 4279858))
	  ->  Bitmap Index Scan on k_6  (cost=0.00..5.42 rows=98 width=0)
	        Index Cond: ((k >= 4279758) AND (k <= 4279858))

table 7 : explain SELECT k, c FROM sbtest7 WHERE k BETWEEN 4279758 AND 4279858
	Bitmap Heap Scan on sbtest7  (cost=5.50..416.94 rows=104 width=125)
	  Recheck Cond: ((k >= 4279758) AND (k <= 4279858))
	  ->  Bitmap Index Scan on k_7  (cost=0.00..5.47 rows=104 width=0)
	        Index Cond: ((k >= 4279758) AND (k <= 4279858))

table 8 : explain SELECT k, c FROM sbtest8 WHERE k BETWEEN 4279758 AND 4279858
	Bitmap Heap Scan on sbtest8  (cost=5.54..432.69 rows=108 width=125)
	  Recheck Cond: ((k >= 4279758) AND (k <= 4279858))
	  ->  Bitmap Index Scan on k_8  (cost=0.00..5.51 rows=108 width=0)
	        Index Cond: ((k >= 4279758) AND (k <= 4279858))

explain: for range-notcovered :: explain SELECT k, c FROM sbtest%d WHERE k BETWEEN 4279758 AND 4279858
for range-notcovered
table 1 : explain SELECT k, c FROM sbtest1 WHERE k BETWEEN 2113373 AND 2113473
	Bitmap Heap Scan on sbtest1  (cost=5.53..428.75 rows=107 width=125)
	  Recheck Cond: ((k >= 2113373) AND (k <= 2113473))
	  ->  Bitmap Index Scan on k_1  (cost=0.00..5.50 rows=107 width=0)
	        Index Cond: ((k >= 2113373) AND (k <= 2113473))

table 2 : explain SELECT k, c FROM sbtest2 WHERE k BETWEEN 2113373 AND 2113473
	Bitmap Heap Scan on sbtest2  (cost=5.45..397.25 rows=99 width=125)
	  Recheck Cond: ((k >= 2113373) AND (k <= 2113473))
	  ->  Bitmap Index Scan on k_2  (cost=0.00..5.42 rows=99 width=0)
	        Index Cond: ((k >= 2113373) AND (k <= 2113473))

table 3 : explain SELECT k, c FROM sbtest3 WHERE k BETWEEN 2113373 AND 2113473
	Bitmap Heap Scan on sbtest3  (cost=5.48..409.07 rows=102 width=125)
	  Recheck Cond: ((k >= 2113373) AND (k <= 2113473))
	  ->  Bitmap Index Scan on k_3  (cost=0.00..5.45 rows=102 width=0)
	        Index Cond: ((k >= 2113373) AND (k <= 2113473))

table 4 : explain SELECT k, c FROM sbtest4 WHERE k BETWEEN 2113373 AND 2113473
	Bitmap Heap Scan on sbtest4  (cost=5.47..405.13 rows=101 width=125)
	  Recheck Cond: ((k >= 2113373) AND (k <= 2113473))
	  ->  Bitmap Index Scan on k_4  (cost=0.00..5.44 rows=101 width=0)
	        Index Cond: ((k >= 2113373) AND (k <= 2113473))

table 5 : explain SELECT k, c FROM sbtest5 WHERE k BETWEEN 2113373 AND 2113473
	Bitmap Heap Scan on sbtest5  (cost=5.57..444.49 rows=111 width=125)
	  Recheck Cond: ((k >= 2113373) AND (k <= 2113473))
	  ->  Bitmap Index Scan on k_5  (cost=0.00..5.54 rows=111 width=0)
	        Index Cond: ((k >= 2113373) AND (k <= 2113473))

table 6 : explain SELECT k, c FROM sbtest6 WHERE k BETWEEN 2113373 AND 2113473
	Bitmap Heap Scan on sbtest6  (cost=5.45..397.25 rows=99 width=125)
	  Recheck Cond: ((k >= 2113373) AND (k <= 2113473))
	  ->  Bitmap Index Scan on k_6  (cost=0.00..5.42 rows=99 width=0)
	        Index Cond: ((k >= 2113373) AND (k <= 2113473))

table 7 : explain SELECT k, c FROM sbtest7 WHERE k BETWEEN 2113373 AND 2113473
	Bitmap Heap Scan on sbtest7  (cost=5.51..420.88 rows=105 width=125)
	  Recheck Cond: ((k >= 2113373) AND (k <= 2113473))
	  ->  Bitmap Index Scan on k_7  (cost=0.00..5.48 rows=105 width=0)
	        Index Cond: ((k >= 2113373) AND (k <= 2113473))

table 8 : explain SELECT k, c FROM sbtest8 WHERE k BETWEEN 2113373 AND 2113473
	Bitmap Heap Scan on sbtest8  (cost=5.50..416.94 rows=104 width=125)
	  Recheck Cond: ((k >= 2113373) AND (k <= 2113473))
	  ->  Bitmap Index Scan on k_8  (cost=0.00..5.47 rows=104 width=0)
	        Index Cond: ((k >= 2113373) AND (k <= 2113473))

explain: for range-notcovered :: explain SELECT k, c FROM sbtest%d WHERE k BETWEEN 2113373 AND 2113473
for range-notcovered
table 1 : explain SELECT k, c FROM sbtest1 WHERE k BETWEEN 4378286 AND 4378386
	Bitmap Heap Scan on sbtest1  (cost=5.55..436.62 rows=109 width=125)
	  Recheck Cond: ((k >= 4378286) AND (k <= 4378386))
	  ->  Bitmap Index Scan on k_1  (cost=0.00..5.52 rows=109 width=0)
	        Index Cond: ((k >= 4378286) AND (k <= 4378386))

table 2 : explain SELECT k, c FROM sbtest2 WHERE k BETWEEN 4378286 AND 4378386
	Bitmap Heap Scan on sbtest2  (cost=5.47..405.13 rows=101 width=125)
	  Recheck Cond: ((k >= 4378286) AND (k <= 4378386))
	  ->  Bitmap Index Scan on k_2  (cost=0.00..5.44 rows=101 width=0)
	        Index Cond: ((k >= 4378286) AND (k <= 4378386))

table 3 : explain SELECT k, c FROM sbtest3 WHERE k BETWEEN 4378286 AND 4378386
	Bitmap Heap Scan on sbtest3  (cost=5.45..397.25 rows=99 width=125)
	  Recheck Cond: ((k >= 4378286) AND (k <= 4378386))
	  ->  Bitmap Index Scan on k_3  (cost=0.00..5.42 rows=99 width=0)
	        Index Cond: ((k >= 4378286) AND (k <= 4378386))

table 4 : explain SELECT k, c FROM sbtest4 WHERE k BETWEEN 4378286 AND 4378386
	Bitmap Heap Scan on sbtest4  (cost=5.45..397.25 rows=99 width=125)
	  Recheck Cond: ((k >= 4378286) AND (k <= 4378386))
	  ->  Bitmap Index Scan on k_4  (cost=0.00..5.42 rows=99 width=0)
	        Index Cond: ((k >= 4378286) AND (k <= 4378386))

table 5 : explain SELECT k, c FROM sbtest5 WHERE k BETWEEN 4378286 AND 4378386
	Bitmap Heap Scan on sbtest5  (cost=5.45..397.25 rows=99 width=125)
	  Recheck Cond: ((k >= 4378286) AND (k <= 4378386))
	  ->  Bitmap Index Scan on k_5  (cost=0.00..5.42 rows=99 width=0)
	        Index Cond: ((k >= 4378286) AND (k <= 4378386))

table 6 : explain SELECT k, c FROM sbtest6 WHERE k BETWEEN 4378286 AND 4378386
	Bitmap Heap Scan on sbtest6  (cost=5.51..420.88 rows=105 width=125)
	  Recheck Cond: ((k >= 4378286) AND (k <= 4378386))
	  ->  Bitmap Index Scan on k_6  (cost=0.00..5.48 rows=105 width=0)
	        Index Cond: ((k >= 4378286) AND (k <= 4378386))

table 7 : explain SELECT k, c FROM sbtest7 WHERE k BETWEEN 4378286 AND 4378386
	Bitmap Heap Scan on sbtest7  (cost=5.43..389.37 rows=97 width=125)
	  Recheck Cond: ((k >= 4378286) AND (k <= 4378386))
	  ->  Bitmap Index Scan on k_7  (cost=0.00..5.40 rows=97 width=0)
	        Index Cond: ((k >= 4378286) AND (k <= 4378386))

table 8 : explain SELECT k, c FROM sbtest8 WHERE k BETWEEN 4378286 AND 4378386
	Bitmap Heap Scan on sbtest8  (cost=5.48..409.07 rows=102 width=125)
	  Recheck Cond: ((k >= 4378286) AND (k <= 4378386))
	  ->  Bitmap Index Scan on k_8  (cost=0.00..5.45 rows=102 width=0)
	        Index Cond: ((k >= 4378286) AND (k <= 4378386))

for range-notcovered
table 1 : explain SELECT k, c FROM sbtest1 WHERE k BETWEEN 3965943 AND 3966043
	Bitmap Heap Scan on sbtest1  (cost=5.45..397.25 rows=99 width=125)
	  Recheck Cond: ((k >= 3965943) AND (k <= 3966043))
	  ->  Bitmap Index Scan on k_1  (cost=0.00..5.42 rows=99 width=0)
	        Index Cond: ((k >= 3965943) AND (k <= 3966043))

table 2 : explain SELECT k, c FROM sbtest2 WHERE k BETWEEN 3965943 AND 3966043
	Bitmap Heap Scan on sbtest2  (cost=5.44..393.31 rows=98 width=125)
	  Recheck Cond: ((k >= 3965943) AND (k <= 3966043))
	  ->  Bitmap Index Scan on k_2  (cost=0.00..5.42 rows=98 width=0)
	        Index Cond: ((k >= 3965943) AND (k <= 3966043))

table 3 : explain SELECT k, c FROM sbtest3 WHERE k BETWEEN 3965943 AND 3966043
	Bitmap Heap Scan on sbtest3  (cost=5.50..416.94 rows=104 width=125)
	  Recheck Cond: ((k >= 3965943) AND (k <= 3966043))
	  ->  Bitmap Index Scan on k_3  (cost=0.00..5.47 rows=104 width=0)
	        Index Cond: ((k >= 3965943) AND (k <= 3966043))

table 4 : explain SELECT k, c FROM sbtest4 WHERE k BETWEEN 3965943 AND 3966043
	Bitmap Heap Scan on sbtest4  (cost=5.42..385.43 rows=96 width=125)
	  Recheck Cond: ((k >= 3965943) AND (k <= 3966043))
	  ->  Bitmap Index Scan on k_4  (cost=0.00..5.39 rows=96 width=0)
	        Index Cond: ((k >= 3965943) AND (k <= 3966043))

table 5 : explain SELECT k, c FROM sbtest5 WHERE k BETWEEN 3965943 AND 3966043
	Bitmap Heap Scan on sbtest5  (cost=5.47..405.13 rows=101 width=125)
	  Recheck Cond: ((k >= 3965943) AND (k <= 3966043))
	  ->  Bitmap Index Scan on k_5  (cost=0.00..5.44 rows=101 width=0)
	        Index Cond: ((k >= 3965943) AND (k <= 3966043))

table 6 : explain SELECT k, c FROM sbtest6 WHERE k BETWEEN 3965943 AND 3966043
	Bitmap Heap Scan on sbtest6  (cost=5.47..405.13 rows=101 width=125)
	  Recheck Cond: ((k >= 3965943) AND (k <= 3966043))
	  ->  Bitmap Index Scan on k_6  (cost=0.00..5.44 rows=101 width=0)
	        Index Cond: ((k >= 3965943) AND (k <= 3966043))

table 7 : explain SELECT k, c FROM sbtest7 WHERE k BETWEEN 3965943 AND 3966043
	Bitmap Heap Scan on sbtest7  (cost=5.59..452.36 rows=113 width=125)
	  Recheck Cond: ((k >= 3965943) AND (k <= 3966043))
	  ->  Bitmap Index Scan on k_7  (cost=0.00..5.56 rows=113 width=0)
	        Index Cond: ((k >= 3965943) AND (k <= 3966043))

table 8 : explain SELECT k, c FROM sbtest8 WHERE k BETWEEN 3965943 AND 3966043
	Bitmap Heap Scan on sbtest8  (cost=5.46..401.19 rows=100 width=125)
	  Recheck Cond: ((k >= 3965943) AND (k <= 3966043))
	  ->  Bitmap Index Scan on k_8  (cost=0.00..5.43 rows=100 width=0)
	        Index Cond: ((k >= 3965943) AND (k <= 3966043))

explain: for range-notcovered :: explain SELECT k, c FROM sbtest%d WHERE k BETWEEN 4378286 AND 4378386
for range-notcovered
table 1 : explain SELECT k, c FROM sbtest1 WHERE k BETWEEN 4279758 AND 4279858
	Bitmap Heap Scan on sbtest1  (cost=5.50..416.94 rows=104 width=125)
	  Recheck Cond: ((k >= 4279758) AND (k <= 4279858))
	  ->  Bitmap Index Scan on k_1  (cost=0.00..5.47 rows=104 width=0)
	        Index Cond: ((k >= 4279758) AND (k <= 4279858))

table 2 : explain SELECT k, c FROM sbtest2 WHERE k BETWEEN 4279758 AND 4279858
	Bitmap Heap Scan on sbtest2  (cost=5.49..413.00 rows=103 width=125)
	  Recheck Cond: ((k >= 4279758) AND (k <= 4279858))
	  ->  Bitmap Index Scan on k_2  (cost=0.00..5.46 rows=103 width=0)
	        Index Cond: ((k >= 4279758) AND (k <= 4279858))

table 3 : explain SELECT k, c FROM sbtest3 WHERE k BETWEEN 4279758 AND 4279858
	Bitmap Heap Scan on sbtest3  (cost=5.44..393.31 rows=98 width=125)
	  Recheck Cond: ((k >= 4279758) AND (k <= 4279858))
	  ->  Bitmap Index Scan on k_3  (cost=0.00..5.42 rows=98 width=0)
	        Index Cond: ((k >= 4279758) AND (k <= 4279858))

table 4 : explain SELECT k, c FROM sbtest4 WHERE k BETWEEN 4279758 AND 4279858
	Bitmap Heap Scan on sbtest4  (cost=5.40..377.55 rows=94 width=125)
	  Recheck Cond: ((k >= 4279758) AND (k <= 4279858))
	  ->  Bitmap Index Scan on k_4  (cost=0.00..5.38 rows=94 width=0)
	        Index Cond: ((k >= 4279758) AND (k <= 4279858))

table 5 : explain SELECT k, c FROM sbtest5 WHERE k BETWEEN 4279758 AND 4279858
	Bitmap Heap Scan on sbtest5  (cost=5.42..385.43 rows=96 width=125)
	  Recheck Cond: ((k >= 4279758) AND (k <= 4279858))
	  ->  Bitmap Index Scan on k_5  (cost=0.00..5.39 rows=96 width=0)
	        Index Cond: ((k >= 4279758) AND (k <= 4279858))

table 6 : explain SELECT k, c FROM sbtest6 WHERE k BETWEEN 4279758 AND 4279858
	Bitmap Heap Scan on sbtest6  (cost=5.44..393.31 rows=98 width=125)
	  Recheck Cond: ((k >= 4279758) AND (k <= 4279858))
	  ->  Bitmap Index Scan on k_6  (cost=0.00..5.42 rows=98 width=0)
	        Index Cond: ((k >= 4279758) AND (k <= 4279858))

table 7 : explain SELECT k, c FROM sbtest7 WHERE k BETWEEN 4279758 AND 4279858
	Bitmap Heap Scan on sbtest7  (cost=5.50..416.94 rows=104 width=125)
	  Recheck Cond: ((k >= 4279758) AND (k <= 4279858))
	  ->  Bitmap Index Scan on k_7  (cost=0.00..5.47 rows=104 width=0)
	        Index Cond: ((k >= 4279758) AND (k <= 4279858))

table 8 : explain SELECT k, c FROM sbtest8 WHERE k BETWEEN 4279758 AND 4279858
	Bitmap Heap Scan on sbtest8  (cost=5.54..432.69 rows=108 width=125)
	  Recheck Cond: ((k >= 4279758) AND (k <= 4279858))
	  ->  Bitmap Index Scan on k_8  (cost=0.00..5.51 rows=108 width=0)
	        Index Cond: ((k >= 4279758) AND (k <= 4279858))

explain: for range-notcovered :: explain SELECT k, c FROM sbtest%d WHERE k BETWEEN 3965943 AND 3966043
for range-notcovered
table 1 : explain SELECT k, c FROM sbtest1 WHERE k BETWEEN 3681720 AND 3681820
	Bitmap Heap Scan on sbtest1  (cost=5.44..393.31 rows=98 width=125)
	  Recheck Cond: ((k >= 3681720) AND (k <= 3681820))
	  ->  Bitmap Index Scan on k_1  (cost=0.00..5.42 rows=98 width=0)
	        Index Cond: ((k >= 3681720) AND (k <= 3681820))

table 2 : explain SELECT k, c FROM sbtest2 WHERE k BETWEEN 3681720 AND 3681820
	Bitmap Heap Scan on sbtest2  (cost=5.45..397.25 rows=99 width=125)
	  Recheck Cond: ((k >= 3681720) AND (k <= 3681820))
	  ->  Bitmap Index Scan on k_2  (cost=0.00..5.42 rows=99 width=0)
	        Index Cond: ((k >= 3681720) AND (k <= 3681820))

table 3 : explain SELECT k, c FROM sbtest3 WHERE k BETWEEN 3681720 AND 3681820
	Bitmap Heap Scan on sbtest3  (cost=5.47..405.13 rows=101 width=125)
	  Recheck Cond: ((k >= 3681720) AND (k <= 3681820))
	  ->  Bitmap Index Scan on k_3  (cost=0.00..5.44 rows=101 width=0)
	        Index Cond: ((k >= 3681720) AND (k <= 3681820))

table 4 : explain SELECT k, c FROM sbtest4 WHERE k BETWEEN 3681720 AND 3681820
	Bitmap Heap Scan on sbtest4  (cost=5.47..405.13 rows=101 width=125)
	  Recheck Cond: ((k >= 3681720) AND (k <= 3681820))
	  ->  Bitmap Index Scan on k_4  (cost=0.00..5.44 rows=101 width=0)
	        Index Cond: ((k >= 3681720) AND (k <= 3681820))

table 5 : explain SELECT k, c FROM sbtest5 WHERE k BETWEEN 3681720 AND 3681820
	Bitmap Heap Scan on sbtest5  (cost=5.57..444.49 rows=111 width=125)
	  Recheck Cond: ((k >= 3681720) AND (k <= 3681820))
	  ->  Bitmap Index Scan on k_5  (cost=0.00..5.54 rows=111 width=0)
	        Index Cond: ((k >= 3681720) AND (k <= 3681820))

table 6 : explain SELECT k, c FROM sbtest6 WHERE k BETWEEN 3681720 AND 3681820
	Bitmap Heap Scan on sbtest6  (cost=5.58..448.42 rows=112 width=125)
	  Recheck Cond: ((k >= 3681720) AND (k <= 3681820))
	  ->  Bitmap Index Scan on k_6  (cost=0.00..5.55 rows=112 width=0)
	        Index Cond: ((k >= 3681720) AND (k <= 3681820))

table 7 : explain SELECT k, c FROM sbtest7 WHERE k BETWEEN 3681720 AND 3681820
	Bitmap Heap Scan on sbtest7  (cost=5.39..373.61 rows=93 width=125)
	  Recheck Cond: ((k >= 3681720) AND (k <= 3681820))
	  ->  Bitmap Index Scan on k_7  (cost=0.00..5.36 rows=93 width=0)
	        Index Cond: ((k >= 3681720) AND (k <= 3681820))

table 8 : explain SELECT k, c FROM sbtest8 WHERE k BETWEEN 3681720 AND 3681820
	Bitmap Heap Scan on sbtest8  (cost=5.49..413.00 rows=103 width=125)
	  Recheck Cond: ((k >= 3681720) AND (k <= 3681820))
	  ->  Bitmap Index Scan on k_8  (cost=0.00..5.46 rows=103 width=0)
	        Index Cond: ((k >= 3681720) AND (k <= 3681820))

explain: for range-notcovered :: explain SELECT k, c FROM sbtest%d WHERE k BETWEEN 4279758 AND 4279858
explain: for range-notcovered :: explain SELECT k, c FROM sbtest%d WHERE k BETWEEN 3681720 AND 3681820
for range-notcovered
table 1 : explain SELECT k, c FROM sbtest1 WHERE k BETWEEN 8510886 AND 8510986
	Bitmap Heap Scan on sbtest1  (cost=5.46..401.19 rows=100 width=125)
	  Recheck Cond: ((k >= 8510886) AND (k <= 8510986))
	  ->  Bitmap Index Scan on k_1  (cost=0.00..5.43 rows=100 width=0)
	        Index Cond: ((k >= 8510886) AND (k <= 8510986))

table 2 : explain SELECT k, c FROM sbtest2 WHERE k BETWEEN 8510886 AND 8510986
	Bitmap Heap Scan on sbtest2  (cost=5.50..416.94 rows=104 width=125)
	  Recheck Cond: ((k >= 8510886) AND (k <= 8510986))
	  ->  Bitmap Index Scan on k_2  (cost=0.00..5.47 rows=104 width=0)
	        Index Cond: ((k >= 8510886) AND (k <= 8510986))

table 3 : explain SELECT k, c FROM sbtest3 WHERE k BETWEEN 8510886 AND 8510986
	Bitmap Heap Scan on sbtest3  (cost=5.55..436.62 rows=109 width=125)
	  Recheck Cond: ((k >= 8510886) AND (k <= 8510986))
	  ->  Bitmap Index Scan on k_3  (cost=0.00..5.52 rows=109 width=0)
	        Index Cond: ((k >= 8510886) AND (k <= 8510986))

table 4 : explain SELECT k, c FROM sbtest4 WHERE k BETWEEN 8510886 AND 8510986
	Bitmap Heap Scan on sbtest4  (cost=5.60..456.29 rows=114 width=125)
	  Recheck Cond: ((k >= 8510886) AND (k <= 8510986))
	  ->  Bitmap Index Scan on k_4  (cost=0.00..5.58 rows=114 width=0)
	        Index Cond: ((k >= 8510886) AND (k <= 8510986))

table 5 : explain SELECT k, c FROM sbtest5 WHERE k BETWEEN 8510886 AND 8510986
	Bitmap Heap Scan on sbtest5  (cost=5.60..456.29 rows=114 width=125)
	  Recheck Cond: ((k >= 8510886) AND (k <= 8510986))
	  ->  Bitmap Index Scan on k_5  (cost=0.00..5.58 rows=114 width=0)
	        Index Cond: ((k >= 8510886) AND (k <= 8510986))

table 6 : explain SELECT k, c FROM sbtest6 WHERE k BETWEEN 8510886 AND 8510986
	Bitmap Heap Scan on sbtest6  (cost=5.38..369.67 rows=92 width=125)
	  Recheck Cond: ((k >= 8510886) AND (k <= 8510986))
	  ->  Bitmap Index Scan on k_6  (cost=0.00..5.35 rows=92 width=0)
	        Index Cond: ((k >= 8510886) AND (k <= 8510986))

table 7 : explain SELECT k, c FROM sbtest7 WHERE k BETWEEN 8510886 AND 8510986
	Bitmap Heap Scan on sbtest7  (cost=5.54..432.69 rows=108 width=125)
	  Recheck Cond: ((k >= 8510886) AND (k <= 8510986))
	  ->  Bitmap Index Scan on k_7  (cost=0.00..5.51 rows=108 width=0)
	        Index Cond: ((k >= 8510886) AND (k <= 8510986))

table 8 : explain SELECT k, c FROM sbtest8 WHERE k BETWEEN 8510886 AND 8510986
	Bitmap Heap Scan on sbtest8  (cost=5.58..448.42 rows=112 width=125)
	  Recheck Cond: ((k >= 8510886) AND (k <= 8510986))
	  ->  Bitmap Index Scan on k_8  (cost=0.00..5.55 rows=112 width=0)
	        Index Cond: ((k >= 8510886) AND (k <= 8510986))

explain: for range-notcovered :: explain SELECT k, c FROM sbtest%d WHERE k BETWEEN 8510886 AND 8510986
for range-notcovered
table 1 : explain SELECT k, c FROM sbtest1 WHERE k BETWEEN 4378286 AND 4378386
	Bitmap Heap Scan on sbtest1  (cost=5.55..436.62 rows=109 width=125)
	  Recheck Cond: ((k >= 4378286) AND (k <= 4378386))
	  ->  Bitmap Index Scan on k_1  (cost=0.00..5.52 rows=109 width=0)
	        Index Cond: ((k >= 4378286) AND (k <= 4378386))

table 2 : explain SELECT k, c FROM sbtest2 WHERE k BETWEEN 4378286 AND 4378386
	Bitmap Heap Scan on sbtest2  (cost=5.47..405.13 rows=101 width=125)
	  Recheck Cond: ((k >= 4378286) AND (k <= 4378386))
	  ->  Bitmap Index Scan on k_2  (cost=0.00..5.44 rows=101 width=0)
	        Index Cond: ((k >= 4378286) AND (k <= 4378386))

table 3 : explain SELECT k, c FROM sbtest3 WHERE k BETWEEN 4378286 AND 4378386
	Bitmap Heap Scan on sbtest3  (cost=5.45..397.25 rows=99 width=125)
	  Recheck Cond: ((k >= 4378286) AND (k <= 4378386))
	  ->  Bitmap Index Scan on k_3  (cost=0.00..5.42 rows=99 width=0)
	        Index Cond: ((k >= 4378286) AND (k <= 4378386))

table 4 : explain SELECT k, c FROM sbtest4 WHERE k BETWEEN 4378286 AND 4378386
	Bitmap Heap Scan on sbtest4  (cost=5.45..397.25 rows=99 width=125)
	  Recheck Cond: ((k >= 4378286) AND (k <= 4378386))
	  ->  Bitmap Index Scan on k_4  (cost=0.00..5.42 rows=99 width=0)
	        Index Cond: ((k >= 4378286) AND (k <= 4378386))

table 5 : explain SELECT k, c FROM sbtest5 WHERE k BETWEEN 4378286 AND 4378386
	Bitmap Heap Scan on sbtest5  (cost=5.45..397.25 rows=99 width=125)
	  Recheck Cond: ((k >= 4378286) AND (k <= 4378386))
	  ->  Bitmap Index Scan on k_5  (cost=0.00..5.42 rows=99 width=0)
	        Index Cond: ((k >= 4378286) AND (k <= 4378386))

table 6 : explain SELECT k, c FROM sbtest6 WHERE k BETWEEN 4378286 AND 4378386
	Bitmap Heap Scan on sbtest6  (cost=5.51..420.88 rows=105 width=125)
	  Recheck Cond: ((k >= 4378286) AND (k <= 4378386))
	  ->  Bitmap Index Scan on k_6  (cost=0.00..5.48 rows=105 width=0)
	        Index Cond: ((k >= 4378286) AND (k <= 4378386))

table 7 : explain SELECT k, c FROM sbtest7 WHERE k BETWEEN 4378286 AND 4378386
	Bitmap Heap Scan on sbtest7  (cost=5.43..389.37 rows=97 width=125)
	  Recheck Cond: ((k >= 4378286) AND (k <= 4378386))
	  ->  Bitmap Index Scan on k_7  (cost=0.00..5.40 rows=97 width=0)
	        Index Cond: ((k >= 4378286) AND (k <= 4378386))

table 8 : explain SELECT k, c FROM sbtest8 WHERE k BETWEEN 4378286 AND 4378386
	Bitmap Heap Scan on sbtest8  (cost=5.48..409.07 rows=102 width=125)
	  Recheck Cond: ((k >= 4378286) AND (k <= 4378386))
	  ->  Bitmap Index Scan on k_8  (cost=0.00..5.45 rows=102 width=0)
	        Index Cond: ((k >= 4378286) AND (k <= 4378386))

explain: for range-notcovered :: explain SELECT k, c FROM sbtest%d WHERE k BETWEEN 4378286 AND 4378386
for range-notcovered
table 1 : explain SELECT k, c FROM sbtest1 WHERE k BETWEEN 2113373 AND 2113473
	Bitmap Heap Scan on sbtest1  (cost=5.53..428.75 rows=107 width=125)
	  Recheck Cond: ((k >= 2113373) AND (k <= 2113473))
	  ->  Bitmap Index Scan on k_1  (cost=0.00..5.50 rows=107 width=0)
	        Index Cond: ((k >= 2113373) AND (k <= 2113473))

table 2 : explain SELECT k, c FROM sbtest2 WHERE k BETWEEN 2113373 AND 2113473
	Bitmap Heap Scan on sbtest2  (cost=5.45..397.25 rows=99 width=125)
	  Recheck Cond: ((k >= 2113373) AND (k <= 2113473))
	  ->  Bitmap Index Scan on k_2  (cost=0.00..5.42 rows=99 width=0)
	        Index Cond: ((k >= 2113373) AND (k <= 2113473))

table 3 : explain SELECT k, c FROM sbtest3 WHERE k BETWEEN 2113373 AND 2113473
	Bitmap Heap Scan on sbtest3  (cost=5.48..409.07 rows=102 width=125)
	  Recheck Cond: ((k >= 2113373) AND (k <= 2113473))
	  ->  Bitmap Index Scan on k_3  (cost=0.00..5.45 rows=102 width=0)
	        Index Cond: ((k >= 2113373) AND (k <= 2113473))

table 4 : explain SELECT k, c FROM sbtest4 WHERE k BETWEEN 2113373 AND 2113473
	Bitmap Heap Scan on sbtest4  (cost=5.47..405.13 rows=101 width=125)
	  Recheck Cond: ((k >= 2113373) AND (k <= 2113473))
	  ->  Bitmap Index Scan on k_4  (cost=0.00..5.44 rows=101 width=0)
	        Index Cond: ((k >= 2113373) AND (k <= 2113473))

table 5 : explain SELECT k, c FROM sbtest5 WHERE k BETWEEN 2113373 AND 2113473
	Bitmap Heap Scan on sbtest5  (cost=5.57..444.49 rows=111 width=125)
	  Recheck Cond: ((k >= 2113373) AND (k <= 2113473))
	  ->  Bitmap Index Scan on k_5  (cost=0.00..5.54 rows=111 width=0)
	        Index Cond: ((k >= 2113373) AND (k <= 2113473))

table 6 : explain SELECT k, c FROM sbtest6 WHERE k BETWEEN 2113373 AND 2113473
	Bitmap Heap Scan on sbtest6  (cost=5.45..397.25 rows=99 width=125)
	  Recheck Cond: ((k >= 2113373) AND (k <= 2113473))
	  ->  Bitmap Index Scan on k_6  (cost=0.00..5.42 rows=99 width=0)
	        Index Cond: ((k >= 2113373) AND (k <= 2113473))

table 7 : explain SELECT k, c FROM sbtest7 WHERE k BETWEEN 2113373 AND 2113473
	Bitmap Heap Scan on sbtest7  (cost=5.51..420.88 rows=105 width=125)
	  Recheck Cond: ((k >= 2113373) AND (k <= 2113473))
	  ->  Bitmap Index Scan on k_7  (cost=0.00..5.48 rows=105 width=0)
	        Index Cond: ((k >= 2113373) AND (k <= 2113473))

table 8 : explain SELECT k, c FROM sbtest8 WHERE k BETWEEN 2113373 AND 2113473
	Bitmap Heap Scan on sbtest8  (cost=5.50..416.94 rows=104 width=125)
	  Recheck Cond: ((k >= 2113373) AND (k <= 2113473))
	  ->  Bitmap Index Scan on k_8  (cost=0.00..5.47 rows=104 width=0)
	        Index Cond: ((k >= 2113373) AND (k <= 2113473))

for range-notcovered
table 1 : explain SELECT k, c FROM sbtest1 WHERE k BETWEEN 4163607 AND 4163707
	Bitmap Heap Scan on sbtest1  (cost=5.44..393.31 rows=98 width=125)
	  Recheck Cond: ((k >= 4163607) AND (k <= 4163707))
	  ->  Bitmap Index Scan on k_1  (cost=0.00..5.42 rows=98 width=0)
	        Index Cond: ((k >= 4163607) AND (k <= 4163707))

table 2 : explain SELECT k, c FROM sbtest2 WHERE k BETWEEN 4163607 AND 4163707
	Bitmap Heap Scan on sbtest2  (cost=5.47..405.13 rows=101 width=125)
	  Recheck Cond: ((k >= 4163607) AND (k <= 4163707))
	  ->  Bitmap Index Scan on k_2  (cost=0.00..5.44 rows=101 width=0)
	        Index Cond: ((k >= 4163607) AND (k <= 4163707))

table 3 : explain SELECT k, c FROM sbtest3 WHERE k BETWEEN 4163607 AND 4163707
	Bitmap Heap Scan on sbtest3  (cost=5.46..401.19 rows=100 width=125)
	  Recheck Cond: ((k >= 4163607) AND (k <= 4163707))
	  ->  Bitmap Index Scan on k_3  (cost=0.00..5.43 rows=100 width=0)
	        Index Cond: ((k >= 4163607) AND (k <= 4163707))

table 4 : explain SELECT k, c FROM sbtest4 WHERE k BETWEEN 4163607 AND 4163707
	Bitmap Heap Scan on sbtest4  (cost=5.55..436.62 rows=109 width=125)
	  Recheck Cond: ((k >= 4163607) AND (k <= 4163707))
	  ->  Bitmap Index Scan on k_4  (cost=0.00..5.52 rows=109 width=0)
	        Index Cond: ((k >= 4163607) AND (k <= 4163707))

table 5 : explain SELECT k, c FROM sbtest5 WHERE k BETWEEN 4163607 AND 4163707
	Bitmap Heap Scan on sbtest5  (cost=5.49..413.00 rows=103 width=125)
	  Recheck Cond: ((k >= 4163607) AND (k <= 4163707))
	  ->  Bitmap Index Scan on k_5  (cost=0.00..5.46 rows=103 width=0)
	        Index Cond: ((k >= 4163607) AND (k <= 4163707))

table 6 : explain SELECT k, c FROM sbtest6 WHERE k BETWEEN 4163607 AND 4163707
	Bitmap Heap Scan on sbtest6  (cost=5.48..409.07 rows=102 width=125)
	  Recheck Cond: ((k >= 4163607) AND (k <= 4163707))
	  ->  Bitmap Index Scan on k_6  (cost=0.00..5.45 rows=102 width=0)
	        Index Cond: ((k >= 4163607) AND (k <= 4163707))

table 7 : explain SELECT k, c FROM sbtest7 WHERE k BETWEEN 4163607 AND 4163707
	Bitmap Heap Scan on sbtest7  (cost=5.60..456.29 rows=114 width=125)
	  Recheck Cond: ((k >= 4163607) AND (k <= 4163707))
	  ->  Bitmap Index Scan on k_7  (cost=0.00..5.58 rows=114 width=0)
	        Index Cond: ((k >= 4163607) AND (k <= 4163707))

table 8 : explain SELECT k, c FROM sbtest8 WHERE k BETWEEN 4163607 AND 4163707
	Bitmap Heap Scan on sbtest8  (cost=5.42..385.43 rows=96 width=125)
	  Recheck Cond: ((k >= 4163607) AND (k <= 4163707))
	  ->  Bitmap Index Scan on k_8  (cost=0.00..5.39 rows=96 width=0)
	        Index Cond: ((k >= 4163607) AND (k <= 4163707))

explain: for range-notcovered :: explain SELECT k, c FROM sbtest%d WHERE k BETWEEN 2113373 AND 2113473
explain: for range-notcovered :: explain SELECT k, c FROM sbtest%d WHERE k BETWEEN 2123299 AND 2123399explain: for range-notcovered :: explain SELECT k, c FROM sbtest%d WHERE k BETWEEN 4163607 AND 4163707

for range-notcovered
table 1 : explain SELECT k, c FROM sbtest1 WHERE k BETWEEN 3681720 AND 3681820
	Bitmap Heap Scan on sbtest1  (cost=5.44..393.31 rows=98 width=125)
	  Recheck Cond: ((k >= 3681720) AND (k <= 3681820))
	  ->  Bitmap Index Scan on k_1  (cost=0.00..5.42 rows=98 width=0)
	        Index Cond: ((k >= 3681720) AND (k <= 3681820))

table 2 : explain SELECT k, c FROM sbtest2 WHERE k BETWEEN 3681720 AND 3681820
	Bitmap Heap Scan on sbtest2  (cost=5.45..397.25 rows=99 width=125)
	  Recheck Cond: ((k >= 3681720) AND (k <= 3681820))
	  ->  Bitmap Index Scan on k_2  (cost=0.00..5.42 rows=99 width=0)
	        Index Cond: ((k >= 3681720) AND (k <= 3681820))

table 3 : explain SELECT k, c FROM sbtest3 WHERE k BETWEEN 3681720 AND 3681820
	Bitmap Heap Scan on sbtest3  (cost=5.47..405.13 rows=101 width=125)
	  Recheck Cond: ((k >= 3681720) AND (k <= 3681820))
	  ->  Bitmap Index Scan on k_3  (cost=0.00..5.44 rows=101 width=0)
	        Index Cond: ((k >= 3681720) AND (k <= 3681820))

table 4 : explain SELECT k, c FROM sbtest4 WHERE k BETWEEN 3681720 AND 3681820
	Bitmap Heap Scan on sbtest4  (cost=5.47..405.13 rows=101 width=125)
	  Recheck Cond: ((k >= 3681720) AND (k <= 3681820))
	  ->  Bitmap Index Scan on k_4  (cost=0.00..5.44 rows=101 width=0)
	        Index Cond: ((k >= 3681720) AND (k <= 3681820))

table 5 : explain SELECT k, c FROM sbtest5 WHERE k BETWEEN 3681720 AND 3681820
	Bitmap Heap Scan on sbtest5  (cost=5.57..444.49 rows=111 width=125)
	  Recheck Cond: ((k >= 3681720) AND (k <= 3681820))
	  ->  Bitmap Index Scan on k_5  (cost=0.00..5.54 rows=111 width=0)
	        Index Cond: ((k >= 3681720) AND (k <= 3681820))

table 6 : explain SELECT k, c FROM sbtest6 WHERE k BETWEEN 3681720 AND 3681820
	Bitmap Heap Scan on sbtest6  (cost=5.58..448.42 rows=112 width=125)
	  Recheck Cond: ((k >= 3681720) AND (k <= 3681820))
	  ->  Bitmap Index Scan on k_6  (cost=0.00..5.55 rows=112 width=0)
	        Index Cond: ((k >= 3681720) AND (k <= 3681820))

table 7 : explain SELECT k, c FROM sbtest7 WHERE k BETWEEN 3681720 AND 3681820
	Bitmap Heap Scan on sbtest7  (cost=5.39..373.61 rows=93 width=125)
	  Recheck Cond: ((k >= 3681720) AND (k <= 3681820))
	  ->  Bitmap Index Scan on k_7  (cost=0.00..5.36 rows=93 width=0)
	        Index Cond: ((k >= 3681720) AND (k <= 3681820))

table 8 : explain SELECT k, c FROM sbtest8 WHERE k BETWEEN 3681720 AND 3681820
	Bitmap Heap Scan on sbtest8  (cost=5.49..413.00 rows=103 width=125)
	  Recheck Cond: ((k >= 3681720) AND (k <= 3681820))
	  ->  Bitmap Index Scan on k_8  (cost=0.00..5.46 rows=103 width=0)
	        Index Cond: ((k >= 3681720) AND (k <= 3681820))
for range-notcovered
table 1 : explain SELECT k, c FROM sbtest1 WHERE k BETWEEN 4279758 AND 4279858
	Bitmap Heap Scan on sbtest1  (cost=5.50..416.94 rows=104 width=125)
	  Recheck Cond: ((k >= 4279758) AND (k <= 4279858))
	  ->  Bitmap Index Scan on k_1  (cost=0.00..5.47 rows=104 width=0)
	        Index Cond: ((k >= 4279758) AND (k <= 4279858))

table 2 : explain SELECT k, c FROM sbtest2 WHERE k BETWEEN 4279758 AND 4279858
	Bitmap Heap Scan on sbtest2  (cost=5.49..413.00 rows=103 width=125)
	  Recheck Cond: ((k >= 4279758) AND (k <= 4279858))
	  ->  Bitmap Index Scan on k_2  (cost=0.00..5.46 rows=103 width=0)
	        Index Cond: ((k >= 4279758) AND (k <= 4279858))

table 3 : explain SELECT k, c FROM sbtest3 WHERE k BETWEEN 4279758 AND 4279858
	Bitmap Heap Scan on sbtest3  (cost=5.44..393.31 rows=98 width=125)
	  Recheck Cond: ((k >= 4279758) AND (k <= 4279858))
	  ->  Bitmap Index Scan on k_3  (cost=0.00..5.42 rows=98 width=0)
	        Index Cond: ((k >= 4279758) AND (k <= 4279858))

table 4 : explain SELECT k, c FROM sbtest4 WHERE k BETWEEN 4279758 AND 4279858
	Bitmap Heap Scan on sbtest4  (cost=5.40..377.55 rows=94 width=125)
	  Recheck Cond: ((k >= 4279758) AND (k <= 4279858))
	  ->  Bitmap Index Scan on k_4  (cost=0.00..5.38 rows=94 width=0)
	        Index Cond: ((k >= 4279758) AND (k <= 4279858))

table 5 : explain SELECT k, c FROM sbtest5 WHERE k BETWEEN 4279758 AND 4279858
	Bitmap Heap Scan on sbtest5  (cost=5.42..385.43 rows=96 width=125)
	  Recheck Cond: ((k >= 4279758) AND (k <= 4279858))
	  ->  Bitmap Index Scan on k_5  (cost=0.00..5.39 rows=96 width=0)
	        Index Cond: ((k >= 4279758) AND (k <= 4279858))

table 6 : explain SELECT k, c FROM sbtest6 WHERE k BETWEEN 4279758 AND 4279858
	Bitmap Heap Scan on sbtest6  (cost=5.44..393.31 rows=98 width=125)
	  Recheck Cond: ((k >= 4279758) AND (k <= 4279858))
	  ->  Bitmap Index Scan on k_6  (cost=0.00..5.42 rows=98 width=0)
	        Index Cond: ((k >= 4279758) AND (k <= 4279858))

table 7 : explain SELECT k, c FROM sbtest7 WHERE k BETWEEN 4279758 AND 4279858
	Bitmap Heap Scan on sbtest7  (cost=5.50..416.94 rows=104 width=125)
	  Recheck Cond: ((k >= 4279758) AND (k <= 4279858))
	  ->  Bitmap Index Scan on k_7  (cost=0.00..5.47 rows=104 width=0)
	        Index Cond: ((k >= 4279758) AND (k <= 4279858))

table 8 : explain SELECT k, c FROM sbtest8 WHERE k BETWEEN 4279758 AND 4279858
	Bitmap Heap Scan on sbtest8  (cost=5.54..432.69 rows=108 width=125)
	  Recheck Cond: ((k >= 4279758) AND (k <= 4279858))
	  ->  Bitmap Index Scan on k_8  (cost=0.00..5.51 rows=108 width=0)
	        Index Cond: ((k >= 4279758) AND (k <= 4279858))


explain: for range-notcovered :: explain SELECT k, c FROM sbtest%d WHERE k BETWEEN 4279758 AND 4279858
explain: for range-notcovered :: explain SELECT k, c FROM sbtest%d WHERE k BETWEEN 3681720 AND 3681820
for range-notcovered
table 1 : explain SELECT k, c FROM sbtest1 WHERE k BETWEEN 8510886 AND 8510986
	Bitmap Heap Scan on sbtest1  (cost=5.46..401.19 rows=100 width=125)
	  Recheck Cond: ((k >= 8510886) AND (k <= 8510986))
	  ->  Bitmap Index Scan on k_1  (cost=0.00..5.43 rows=100 width=0)
	        Index Cond: ((k >= 8510886) AND (k <= 8510986))

table 2 : explain SELECT k, c FROM sbtest2 WHERE k BETWEEN 8510886 AND 8510986
	Bitmap Heap Scan on sbtest2  (cost=5.50..416.94 rows=104 width=125)
	  Recheck Cond: ((k >= 8510886) AND (k <= 8510986))
	  ->  Bitmap Index Scan on k_2  (cost=0.00..5.47 rows=104 width=0)
	        Index Cond: ((k >= 8510886) AND (k <= 8510986))

table 3 : explain SELECT k, c FROM sbtest3 WHERE k BETWEEN 8510886 AND 8510986
	Bitmap Heap Scan on sbtest3  (cost=5.55..436.62 rows=109 width=125)
	  Recheck Cond: ((k >= 8510886) AND (k <= 8510986))
	  ->  Bitmap Index Scan on k_3  (cost=0.00..5.52 rows=109 width=0)
	        Index Cond: ((k >= 8510886) AND (k <= 8510986))

table 4 : explain SELECT k, c FROM sbtest4 WHERE k BETWEEN 8510886 AND 8510986
	Bitmap Heap Scan on sbtest4  (cost=5.60..456.29 rows=114 width=125)
	  Recheck Cond: ((k >= 8510886) AND (k <= 8510986))
	  ->  Bitmap Index Scan on k_4  (cost=0.00..5.58 rows=114 width=0)
	        Index Cond: ((k >= 8510886) AND (k <= 8510986))

table 5 : explain SELECT k, c FROM sbtest5 WHERE k BETWEEN 8510886 AND 8510986
	Bitmap Heap Scan on sbtest5  (cost=5.60..456.29 rows=114 width=125)
	  Recheck Cond: ((k >= 8510886) AND (k <= 8510986))
	  ->  Bitmap Index Scan on k_5  (cost=0.00..5.58 rows=114 width=0)
	        Index Cond: ((k >= 8510886) AND (k <= 8510986))

table 6 : explain SELECT k, c FROM sbtest6 WHERE k BETWEEN 8510886 AND 8510986
	Bitmap Heap Scan on sbtest6  (cost=5.38..369.67 rows=92 width=125)
	  Recheck Cond: ((k >= 8510886) AND (k <= 8510986))
	  ->  Bitmap Index Scan on k_6  (cost=0.00..5.35 rows=92 width=0)
	        Index Cond: ((k >= 8510886) AND (k <= 8510986))

table 7 : explain SELECT k, c FROM sbtest7 WHERE k BETWEEN 8510886 AND 8510986
	Bitmap Heap Scan on sbtest7  (cost=5.54..432.69 rows=108 width=125)
	  Recheck Cond: ((k >= 8510886) AND (k <= 8510986))
	  ->  Bitmap Index Scan on k_7  (cost=0.00..5.51 rows=108 width=0)
	        Index Cond: ((k >= 8510886) AND (k <= 8510986))

table 8 : explain SELECT k, c FROM sbtest8 WHERE k BETWEEN 8510886 AND 8510986
	Bitmap Heap Scan on sbtest8  (cost=5.58..448.42 rows=112 width=125)
	  Recheck Cond: ((k >= 8510886) AND (k <= 8510986))
	  ->  Bitmap Index Scan on k_8  (cost=0.00..5.55 rows=112 width=0)
	        Index Cond: ((k >= 8510886) AND (k <= 8510986))

for range-notcovered
table 1 : explain SELECT k, c FROM sbtest1 WHERE k BETWEEN 4378286 AND 4378386
	Bitmap Heap Scan on sbtest1  (cost=5.55..436.62 rows=109 width=125)
	  Recheck Cond: ((k >= 4378286) AND (k <= 4378386))
	  ->  Bitmap Index Scan on k_1  (cost=0.00..5.52 rows=109 width=0)
	        Index Cond: ((k >= 4378286) AND (k <= 4378386))

table 2 : explain SELECT k, c FROM sbtest2 WHERE k BETWEEN 4378286 AND 4378386
	Bitmap Heap Scan on sbtest2  (cost=5.47..405.13 rows=101 width=125)
	  Recheck Cond: ((k >= 4378286) AND (k <= 4378386))
	  ->  Bitmap Index Scan on k_2  (cost=0.00..5.44 rows=101 width=0)
	        Index Cond: ((k >= 4378286) AND (k <= 4378386))

table 3 : explain SELECT k, c FROM sbtest3 WHERE k BETWEEN 4378286 AND 4378386
	Bitmap Heap Scan on sbtest3  (cost=5.45..397.25 rows=99 width=125)
	  Recheck Cond: ((k >= 4378286) AND (k <= 4378386))
	  ->  Bitmap Index Scan on k_3  (cost=0.00..5.42 rows=99 width=0)
	        Index Cond: ((k >= 4378286) AND (k <= 4378386))

table 4 : explain SELECT k, c FROM sbtest4 WHERE k BETWEEN 4378286 AND 4378386
	Bitmap Heap Scan on sbtest4  (cost=5.45..397.25 rows=99 width=125)
	  Recheck Cond: ((k >= 4378286) AND (k <= 4378386))
	  ->  Bitmap Index Scan on k_4  (cost=0.00..5.42 rows=99 width=0)
	        Index Cond: ((k >= 4378286) AND (k <= 4378386))

table 5 : explain SELECT k, c FROM sbtest5 WHERE k BETWEEN 4378286 AND 4378386
	Bitmap Heap Scan on sbtest5  (cost=5.45..397.25 rows=99 width=125)
	  Recheck Cond: ((k >= 4378286) AND (k <= 4378386))
	  ->  Bitmap Index Scan on k_5  (cost=0.00..5.42 rows=99 width=0)
	        Index Cond: ((k >= 4378286) AND (k <= 4378386))

table 6 : explain SELECT k, c FROM sbtest6 WHERE k BETWEEN 4378286 AND 4378386
	Bitmap Heap Scan on sbtest6  (cost=5.51..420.88 rows=105 width=125)
	  Recheck Cond: ((k >= 4378286) AND (k <= 4378386))
	  ->  Bitmap Index Scan on k_6  (cost=0.00..5.48 rows=105 width=0)
	        Index Cond: ((k >= 4378286) AND (k <= 4378386))

table 7 : explain SELECT k, c FROM sbtest7 WHERE k BETWEEN 4378286 AND 4378386
	Bitmap Heap Scan on sbtest7  (cost=5.43..389.37 rows=97 width=125)
	  Recheck Cond: ((k >= 4378286) AND (k <= 4378386))
	  ->  Bitmap Index Scan on k_7  (cost=0.00..5.40 rows=97 width=0)
	        Index Cond: ((k >= 4378286) AND (k <= 4378386))

table 8 : explain SELECT k, c FROM sbtest8 WHERE k BETWEEN 4378286 AND 4378386
	Bitmap Heap Scan on sbtest8  (cost=5.48..409.07 rows=102 width=125)
	  Recheck Cond: ((k >= 4378286) AND (k <= 4378386))
	  ->  Bitmap Index Scan on k_8  (cost=0.00..5.45 rows=102 width=0)
	        Index Cond: ((k >= 4378286) AND (k <= 4378386))

explain: for range-notcovered :: explain SELECT k, c FROM sbtest%d WHERE k BETWEEN 8510886 AND 8510986
explain: for range-notcovered :: explain SELECT k, c FROM sbtest%d WHERE k BETWEEN 4378286 AND 4378386
for range-notcovered
table 1 : explain SELECT k, c FROM sbtest1 WHERE k BETWEEN 2470061 AND 2470161
	Bitmap Heap Scan on sbtest1  (cost=5.57..444.49 rows=111 width=125)
	  Recheck Cond: ((k >= 2470061) AND (k <= 2470161))
	  ->  Bitmap Index Scan on k_1  (cost=0.00..5.54 rows=111 width=0)
	        Index Cond: ((k >= 2470061) AND (k <= 2470161))

table 2 : explain SELECT k, c FROM sbtest2 WHERE k BETWEEN 2470061 AND 2470161
	Bitmap Heap Scan on sbtest2  (cost=5.47..405.13 rows=101 width=125)
	  Recheck Cond: ((k >= 2470061) AND (k <= 2470161))
	  ->  Bitmap Index Scan on k_2  (cost=0.00..5.44 rows=101 width=0)
	        Index Cond: ((k >= 2470061) AND (k <= 2470161))

table 3 : explain SELECT k, c FROM sbtest3 WHERE k BETWEEN 2470061 AND 2470161
	Bitmap Heap Scan on sbtest3  (cost=5.47..405.13 rows=101 width=125)
	  Recheck Cond: ((k >= 2470061) AND (k <= 2470161))
	  ->  Bitmap Index Scan on k_3  (cost=0.00..5.44 rows=101 width=0)
	        Index Cond: ((k >= 2470061) AND (k <= 2470161))

table 4 : explain SELECT k, c FROM sbtest4 WHERE k BETWEEN 2470061 AND 2470161
	Bitmap Heap Scan on sbtest4  (cost=5.52..424.81 rows=106 width=125)
	  Recheck Cond: ((k >= 2470061) AND (k <= 2470161))
	  ->  Bitmap Index Scan on k_4  (cost=0.00..5.50 rows=106 width=0)
	        Index Cond: ((k >= 2470061) AND (k <= 2470161))

table 5 : explain SELECT k, c FROM sbtest5 WHERE k BETWEEN 2470061 AND 2470161
	Bitmap Heap Scan on sbtest5  (cost=5.40..377.55 rows=94 width=125)
	  Recheck Cond: ((k >= 2470061) AND (k <= 2470161))
	  ->  Bitmap Index Scan on k_5  (cost=0.00..5.38 rows=94 width=0)
	        Index Cond: ((k >= 2470061) AND (k <= 2470161))

table 6 : explain SELECT k, c FROM sbtest6 WHERE k BETWEEN 2470061 AND 2470161
	Bitmap Heap Scan on sbtest6  (cost=5.44..393.31 rows=98 width=125)
	  Recheck Cond: ((k >= 2470061) AND (k <= 2470161))
	  ->  Bitmap Index Scan on k_6  (cost=0.00..5.42 rows=98 width=0)
	        Index Cond: ((k >= 2470061) AND (k <= 2470161))

table 7 : explain SELECT k, c FROM sbtest7 WHERE k BETWEEN 2470061 AND 2470161
	Bitmap Heap Scan on sbtest7  (cost=5.42..385.43 rows=96 width=125)
	  Recheck Cond: ((k >= 2470061) AND (k <= 2470161))
	  ->  Bitmap Index Scan on k_7  (cost=0.00..5.39 rows=96 width=0)
	        Index Cond: ((k >= 2470061) AND (k <= 2470161))

table 8 : explain SELECT k, c FROM sbtest8 WHERE k BETWEEN 2470061 AND 2470161
	Bitmap Heap Scan on sbtest8  (cost=5.43..389.37 rows=97 width=125)
	  Recheck Cond: ((k >= 2470061) AND (k <= 2470161))
	  ->  Bitmap Index Scan on k_8  (cost=0.00..5.40 rows=97 width=0)
	        Index Cond: ((k >= 2470061) AND (k <= 2470161))

for range-notcovered
table 1 : explain SELECT k, c FROM sbtest1 WHERE k BETWEEN 4163607 AND 4163707
	Bitmap Heap Scan on sbtest1  (cost=5.44..393.31 rows=98 width=125)
	  Recheck Cond: ((k >= 4163607) AND (k <= 4163707))
	  ->  Bitmap Index Scan on k_1  (cost=0.00..5.42 rows=98 width=0)
	        Index Cond: ((k >= 4163607) AND (k <= 4163707))

table 2 : explain SELECT k, c FROM sbtest2 WHERE k BETWEEN 4163607 AND 4163707
	Bitmap Heap Scan on sbtest2  (cost=5.47..405.13 rows=101 width=125)
	  Recheck Cond: ((k >= 4163607) AND (k <= 4163707))
	  ->  Bitmap Index Scan on k_2  (cost=0.00..5.44 rows=101 width=0)
	        Index Cond: ((k >= 4163607) AND (k <= 4163707))

table 3 : explain SELECT k, c FROM sbtest3 WHERE k BETWEEN 4163607 AND 4163707
	Bitmap Heap Scan on sbtest3  (cost=5.46..401.19 rows=100 width=125)
	  Recheck Cond: ((k >= 4163607) AND (k <= 4163707))
	  ->  Bitmap Index Scan on k_3  (cost=0.00..5.43 rows=100 width=0)
	        Index Cond: ((k >= 4163607) AND (k <= 4163707))

table 4 : explain SELECT k, c FROM sbtest4 WHERE k BETWEEN 4163607 AND 4163707
	Bitmap Heap Scan on sbtest4  (cost=5.55..436.62 rows=109 width=125)
	  Recheck Cond: ((k >= 4163607) AND (k <= 4163707))
	  ->  Bitmap Index Scan on k_4  (cost=0.00..5.52 rows=109 width=0)
	        Index Cond: ((k >= 4163607) AND (k <= 4163707))

table 5 : explain SELECT k, c FROM sbtest5 WHERE k BETWEEN 4163607 AND 4163707
	Bitmap Heap Scan on sbtest5  (cost=5.49..413.00 rows=103 width=125)
	  Recheck Cond: ((k >= 4163607) AND (k <= 4163707))
	  ->  Bitmap Index Scan on k_5  (cost=0.00..5.46 rows=103 width=0)
	        Index Cond: ((k >= 4163607) AND (k <= 4163707))

table 6 : explain SELECT k, c FROM sbtest6 WHERE k BETWEEN 4163607 AND 4163707
	Bitmap Heap Scan on sbtest6  (cost=5.48..409.07 rows=102 width=125)
	  Recheck Cond: ((k >= 4163607) AND (k <= 4163707))
	  ->  Bitmap Index Scan on k_6  (cost=0.00..5.45 rows=102 width=0)
	        Index Cond: ((k >= 4163607) AND (k <= 4163707))

table 7 : explain SELECT k, c FROM sbtest7 WHERE k BETWEEN 4163607 AND 4163707
	Bitmap Heap Scan on sbtest7  (cost=5.60..456.29 rows=114 width=125)
	  Recheck Cond: ((k >= 4163607) AND (k <= 4163707))
	  ->  Bitmap Index Scan on k_7  (cost=0.00..5.58 rows=114 width=0)
	        Index Cond: ((k >= 4163607) AND (k <= 4163707))

table 8 : explain SELECT k, c FROM sbtest8 WHERE k BETWEEN 4163607 AND 4163707
	Bitmap Heap Scan on sbtest8  (cost=5.42..385.43 rows=96 width=125)
	  Recheck Cond: ((k >= 4163607) AND (k <= 4163707))
	  ->  Bitmap Index Scan on k_8  (cost=0.00..5.39 rows=96 width=0)
	        Index Cond: ((k >= 4163607) AND (k <= 4163707))

explain: for range-notcovered :: explain SELECT k, c FROM sbtest%d WHERE k BETWEEN 2470061 AND 2470161
for range-notcovered
table 1 : explain SELECT k, c FROM sbtest1 WHERE k BETWEEN 4279758 AND 4279858
	Bitmap Heap Scan on sbtest1  (cost=5.50..416.94 rows=104 width=125)
	  Recheck Cond: ((k >= 4279758) AND (k <= 4279858))
	  ->  Bitmap Index Scan on k_1  (cost=0.00..5.47 rows=104 width=0)
	        Index Cond: ((k >= 4279758) AND (k <= 4279858))

table 2 : explain SELECT k, c FROM sbtest2 WHERE k BETWEEN 4279758 AND 4279858
	Bitmap Heap Scan on sbtest2  (cost=5.49..413.00 rows=103 width=125)
	  Recheck Cond: ((k >= 4279758) AND (k <= 4279858))
	  ->  Bitmap Index Scan on k_2  (cost=0.00..5.46 rows=103 width=0)
	        Index Cond: ((k >= 4279758) AND (k <= 4279858))

table 3 : explain SELECT k, c FROM sbtest3 WHERE k BETWEEN 4279758 AND 4279858
	Bitmap Heap Scan on sbtest3  (cost=5.44..393.31 rows=98 width=125)
	  Recheck Cond: ((k >= 4279758) AND (k <= 4279858))
	  ->  Bitmap Index Scan on k_3  (cost=0.00..5.42 rows=98 width=0)
	        Index Cond: ((k >= 4279758) AND (k <= 4279858))

table 4 : explain SELECT k, c FROM sbtest4 WHERE k BETWEEN 4279758 AND 4279858
	Bitmap Heap Scan on sbtest4  (cost=5.40..377.55 rows=94 width=125)
	  Recheck Cond: ((k >= 4279758) AND (k <= 4279858))
	  ->  Bitmap Index Scan on k_4  (cost=0.00..5.38 rows=94 width=0)
	        Index Cond: ((k >= 4279758) AND (k <= 4279858))

table 5 : explain SELECT k, c FROM sbtest5 WHERE k BETWEEN 4279758 AND 4279858
	Bitmap Heap Scan on sbtest5  (cost=5.42..385.43 rows=96 width=125)
	  Recheck Cond: ((k >= 4279758) AND (k <= 4279858))
	  ->  Bitmap Index Scan on k_5  (cost=0.00..5.39 rows=96 width=0)
	        Index Cond: ((k >= 4279758) AND (k <= 4279858))

table 6 : explain SELECT k, c FROM sbtest6 WHERE k BETWEEN 4279758 AND 4279858
	Bitmap Heap Scan on sbtest6  (cost=5.44..393.31 rows=98 width=125)
	  Recheck Cond: ((k >= 4279758) AND (k <= 4279858))
	  ->  Bitmap Index Scan on k_6  (cost=0.00..5.42 rows=98 width=0)
	        Index Cond: ((k >= 4279758) AND (k <= 4279858))

table 7 : explain SELECT k, c FROM sbtest7 WHERE k BETWEEN 4279758 AND 4279858
	Bitmap Heap Scan on sbtest7  (cost=5.50..416.94 rows=104 width=125)
	  Recheck Cond: ((k >= 4279758) AND (k <= 4279858))
	  ->  Bitmap Index Scan on k_7  (cost=0.00..5.47 rows=104 width=0)
	        Index Cond: ((k >= 4279758) AND (k <= 4279858))

table 8 : explain SELECT k, c FROM sbtest8 WHERE k BETWEEN 4279758 AND 4279858
	Bitmap Heap Scan on sbtest8  (cost=5.54..432.69 rows=108 width=125)
	  Recheck Cond: ((k >= 4279758) AND (k <= 4279858))
	  ->  Bitmap Index Scan on k_8  (cost=0.00..5.51 rows=108 width=0)
	        Index Cond: ((k >= 4279758) AND (k <= 4279858))

explain: for range-notcovered :: explain SELECT k, c FROM sbtest%d WHERE k BETWEEN 4163607 AND 4163707
explain: for range-notcovered :: explain SELECT k, c FROM sbtest%d WHERE k BETWEEN 4279758 AND 4279858
for range-notcovered
table 1 : explain SELECT k, c FROM sbtest1 WHERE k BETWEEN 4378286 AND 4378386
	Bitmap Heap Scan on sbtest1  (cost=5.55..436.62 rows=109 width=125)
	  Recheck Cond: ((k >= 4378286) AND (k <= 4378386))
	  ->  Bitmap Index Scan on k_1  (cost=0.00..5.52 rows=109 width=0)
	        Index Cond: ((k >= 4378286) AND (k <= 4378386))

table 2 : explain SELECT k, c FROM sbtest2 WHERE k BETWEEN 4378286 AND 4378386
	Bitmap Heap Scan on sbtest2  (cost=5.47..405.13 rows=101 width=125)
	  Recheck Cond: ((k >= 4378286) AND (k <= 4378386))
	  ->  Bitmap Index Scan on k_2  (cost=0.00..5.44 rows=101 width=0)
	        Index Cond: ((k >= 4378286) AND (k <= 4378386))

table 3 : explain SELECT k, c FROM sbtest3 WHERE k BETWEEN 4378286 AND 4378386
	Bitmap Heap Scan on sbtest3  (cost=5.45..397.25 rows=99 width=125)
	  Recheck Cond: ((k >= 4378286) AND (k <= 4378386))
	  ->  Bitmap Index Scan on k_3  (cost=0.00..5.42 rows=99 width=0)
	        Index Cond: ((k >= 4378286) AND (k <= 4378386))

table 4 : explain SELECT k, c FROM sbtest4 WHERE k BETWEEN 4378286 AND 4378386
	Bitmap Heap Scan on sbtest4  (cost=5.45..397.25 rows=99 width=125)
	  Recheck Cond: ((k >= 4378286) AND (k <= 4378386))
	  ->  Bitmap Index Scan on k_4  (cost=0.00..5.42 rows=99 width=0)
	        Index Cond: ((k >= 4378286) AND (k <= 4378386))

table 5 : explain SELECT k, c FROM sbtest5 WHERE k BETWEEN 4378286 AND 4378386
	Bitmap Heap Scan on sbtest5  (cost=5.45..397.25 rows=99 width=125)
	  Recheck Cond: ((k >= 4378286) AND (k <= 4378386))
	  ->  Bitmap Index Scan on k_5  (cost=0.00..5.42 rows=99 width=0)
	        Index Cond: ((k >= 4378286) AND (k <= 4378386))

table 6 : explain SELECT k, c FROM sbtest6 WHERE k BETWEEN 4378286 AND 4378386
	Bitmap Heap Scan on sbtest6  (cost=5.51..420.88 rows=105 width=125)
	  Recheck Cond: ((k >= 4378286) AND (k <= 4378386))
	  ->  Bitmap Index Scan on k_6  (cost=0.00..5.48 rows=105 width=0)
	        Index Cond: ((k >= 4378286) AND (k <= 4378386))

table 7 : explain SELECT k, c FROM sbtest7 WHERE k BETWEEN 4378286 AND 4378386
	Bitmap Heap Scan on sbtest7  (cost=5.43..389.37 rows=97 width=125)
	  Recheck Cond: ((k >= 4378286) AND (k <= 4378386))
	  ->  Bitmap Index Scan on k_7  (cost=0.00..5.40 rows=97 width=0)
	        Index Cond: ((k >= 4378286) AND (k <= 4378386))

table 8 : explain SELECT k, c FROM sbtest8 WHERE k BETWEEN 4378286 AND 4378386
	Bitmap Heap Scan on sbtest8  (cost=5.48..409.07 rows=102 width=125)
	  Recheck Cond: ((k >= 4378286) AND (k <= 4378386))
	  ->  Bitmap Index Scan on k_8  (cost=0.00..5.45 rows=102 width=0)
	        Index Cond: ((k >= 4378286) AND (k <= 4378386))

explain: for range-notcovered :: explain SELECT k, c FROM sbtest%d WHERE k BETWEEN 4378286 AND 4378386
for range-notcovered
table 1 : explain SELECT k, c FROM sbtest1 WHERE k BETWEEN 8510886 AND 8510986
	Bitmap Heap Scan on sbtest1  (cost=5.46..401.19 rows=100 width=125)
	  Recheck Cond: ((k >= 8510886) AND (k <= 8510986))
	  ->  Bitmap Index Scan on k_1  (cost=0.00..5.43 rows=100 width=0)
	        Index Cond: ((k >= 8510886) AND (k <= 8510986))

table 2 : explain SELECT k, c FROM sbtest2 WHERE k BETWEEN 8510886 AND 8510986
	Bitmap Heap Scan on sbtest2  (cost=5.50..416.94 rows=104 width=125)
	  Recheck Cond: ((k >= 8510886) AND (k <= 8510986))
	  ->  Bitmap Index Scan on k_2  (cost=0.00..5.47 rows=104 width=0)
	        Index Cond: ((k >= 8510886) AND (k <= 8510986))

table 3 : explain SELECT k, c FROM sbtest3 WHERE k BETWEEN 8510886 AND 8510986
	Bitmap Heap Scan on sbtest3  (cost=5.55..436.62 rows=109 width=125)
	  Recheck Cond: ((k >= 8510886) AND (k <= 8510986))
	  ->  Bitmap Index Scan on k_3  (cost=0.00..5.52 rows=109 width=0)
	        Index Cond: ((k >= 8510886) AND (k <= 8510986))

table 4 : explain SELECT k, c FROM sbtest4 WHERE k BETWEEN 8510886 AND 8510986
	Bitmap Heap Scan on sbtest4  (cost=5.60..456.29 rows=114 width=125)
	  Recheck Cond: ((k >= 8510886) AND (k <= 8510986))
	  ->  Bitmap Index Scan on k_4  (cost=0.00..5.58 rows=114 width=0)
	        Index Cond: ((k >= 8510886) AND (k <= 8510986))

table 5 : explain SELECT k, c FROM sbtest5 WHERE k BETWEEN 8510886 AND 8510986
	Bitmap Heap Scan on sbtest5  (cost=5.60..456.29 rows=114 width=125)
	  Recheck Cond: ((k >= 8510886) AND (k <= 8510986))
	  ->  Bitmap Index Scan on k_5  (cost=0.00..5.58 rows=114 width=0)
	        Index Cond: ((k >= 8510886) AND (k <= 8510986))

table 6 : explain SELECT k, c FROM sbtest6 WHERE k BETWEEN 8510886 AND 8510986
	Bitmap Heap Scan on sbtest6  (cost=5.38..369.67 rows=92 width=125)
	  Recheck Cond: ((k >= 8510886) AND (k <= 8510986))
	  ->  Bitmap Index Scan on k_6  (cost=0.00..5.35 rows=92 width=0)
	        Index Cond: ((k >= 8510886) AND (k <= 8510986))

table 7 : explain SELECT k, c FROM sbtest7 WHERE k BETWEEN 8510886 AND 8510986
	Bitmap Heap Scan on sbtest7  (cost=5.54..432.69 rows=108 width=125)
	  Recheck Cond: ((k >= 8510886) AND (k <= 8510986))
	  ->  Bitmap Index Scan on k_7  (cost=0.00..5.51 rows=108 width=0)
	        Index Cond: ((k >= 8510886) AND (k <= 8510986))

table 8 : explain SELECT k, c FROM sbtest8 WHERE k BETWEEN 8510886 AND 8510986
	Bitmap Heap Scan on sbtest8  (cost=5.58..448.42 rows=112 width=125)
	  Recheck Cond: ((k >= 8510886) AND (k <= 8510986))
	  ->  Bitmap Index Scan on k_8  (cost=0.00..5.55 rows=112 width=0)
	        Index Cond: ((k >= 8510886) AND (k <= 8510986))

explain: for range-notcovered :: explain SELECT k, c FROM sbtest%d WHERE k BETWEEN 8510886 AND 8510986
explain: for range-notcovered :: explain SELECT k, c FROM sbtest%d WHERE k BETWEEN 5653637 AND 5653737
for range-notcovered
table 1 : explain SELECT k, c FROM sbtest1 WHERE k BETWEEN 2113373 AND 2113473
	Bitmap Heap Scan on sbtest1  (cost=5.53..428.75 rows=107 width=125)
	  Recheck Cond: ((k >= 2113373) AND (k <= 2113473))
	  ->  Bitmap Index Scan on k_1  (cost=0.00..5.50 rows=107 width=0)
	        Index Cond: ((k >= 2113373) AND (k <= 2113473))

table 2 : explain SELECT k, c FROM sbtest2 WHERE k BETWEEN 2113373 AND 2113473
	Bitmap Heap Scan on sbtest2  (cost=5.45..397.25 rows=99 width=125)
	  Recheck Cond: ((k >= 2113373) AND (k <= 2113473))
	  ->  Bitmap Index Scan on k_2  (cost=0.00..5.42 rows=99 width=0)
	        Index Cond: ((k >= 2113373) AND (k <= 2113473))

table 3 : explain SELECT k, c FROM sbtest3 WHERE k BETWEEN 2113373 AND 2113473
	Bitmap Heap Scan on sbtest3  (cost=5.48..409.07 rows=102 width=125)
	  Recheck Cond: ((k >= 2113373) AND (k <= 2113473))
	  ->  Bitmap Index Scan on k_3  (cost=0.00..5.45 rows=102 width=0)
	        Index Cond: ((k >= 2113373) AND (k <= 2113473))

table 4 : explain SELECT k, c FROM sbtest4 WHERE k BETWEEN 2113373 AND 2113473
	Bitmap Heap Scan on sbtest4  (cost=5.47..405.13 rows=101 width=125)
	  Recheck Cond: ((k >= 2113373) AND (k <= 2113473))
	  ->  Bitmap Index Scan on k_4  (cost=0.00..5.44 rows=101 width=0)
	        Index Cond: ((k >= 2113373) AND (k <= 2113473))

table 5 : explain SELECT k, c FROM sbtest5 WHERE k BETWEEN 2113373 AND 2113473
	Bitmap Heap Scan on sbtest5  (cost=5.57..444.49 rows=111 width=125)
	  Recheck Cond: ((k >= 2113373) AND (k <= 2113473))
	  ->  Bitmap Index Scan on k_5  (cost=0.00..5.54 rows=111 width=0)
	        Index Cond: ((k >= 2113373) AND (k <= 2113473))

table 6 : explain SELECT k, c FROM sbtest6 WHERE k BETWEEN 2113373 AND 2113473
	Bitmap Heap Scan on sbtest6  (cost=5.45..397.25 rows=99 width=125)
	  Recheck Cond: ((k >= 2113373) AND (k <= 2113473))
	  ->  Bitmap Index Scan on k_6  (cost=0.00..5.42 rows=99 width=0)
	        Index Cond: ((k >= 2113373) AND (k <= 2113473))

table 7 : explain SELECT k, c FROM sbtest7 WHERE k BETWEEN 2113373 AND 2113473
	Bitmap Heap Scan on sbtest7  (cost=5.51..420.88 rows=105 width=125)
	  Recheck Cond: ((k >= 2113373) AND (k <= 2113473))
	  ->  Bitmap Index Scan on k_7  (cost=0.00..5.48 rows=105 width=0)
	        Index Cond: ((k >= 2113373) AND (k <= 2113473))

table 8 : explain SELECT k, c FROM sbtest8 WHERE k BETWEEN 2113373 AND 2113473
	Bitmap Heap Scan on sbtest8  (cost=5.50..416.94 rows=104 width=125)
	  Recheck Cond: ((k >= 2113373) AND (k <= 2113473))
	  ->  Bitmap Index Scan on k_8  (cost=0.00..5.47 rows=104 width=0)
	        Index Cond: ((k >= 2113373) AND (k <= 2113473))

explain: for range-notcovered :: explain SELECT k, c FROM sbtest%d WHERE k BETWEEN 1959722 AND 1959822
explain: for range-notcovered :: explain SELECT k, c FROM sbtest%d WHERE k BETWEEN 2113373 AND 2113473
for range-notcovered
table 1 : explain SELECT k, c FROM sbtest1 WHERE k BETWEEN 2470061 AND 2470161
	Bitmap Heap Scan on sbtest1  (cost=5.57..444.49 rows=111 width=125)
	  Recheck Cond: ((k >= 2470061) AND (k <= 2470161))
	  ->  Bitmap Index Scan on k_1  (cost=0.00..5.54 rows=111 width=0)
	        Index Cond: ((k >= 2470061) AND (k <= 2470161))

table 2 : explain SELECT k, c FROM sbtest2 WHERE k BETWEEN 2470061 AND 2470161
	Bitmap Heap Scan on sbtest2  (cost=5.47..405.13 rows=101 width=125)
	  Recheck Cond: ((k >= 2470061) AND (k <= 2470161))
	  ->  Bitmap Index Scan on k_2  (cost=0.00..5.44 rows=101 width=0)
	        Index Cond: ((k >= 2470061) AND (k <= 2470161))

table 3 : explain SELECT k, c FROM sbtest3 WHERE k BETWEEN 2470061 AND 2470161
	Bitmap Heap Scan on sbtest3  (cost=5.47..405.13 rows=101 width=125)
	  Recheck Cond: ((k >= 2470061) AND (k <= 2470161))
	  ->  Bitmap Index Scan on k_3  (cost=0.00..5.44 rows=101 width=0)
	        Index Cond: ((k >= 2470061) AND (k <= 2470161))

table 4 : explain SELECT k, c FROM sbtest4 WHERE k BETWEEN 2470061 AND 2470161
	Bitmap Heap Scan on sbtest4  (cost=5.52..424.81 rows=106 width=125)
	  Recheck Cond: ((k >= 2470061) AND (k <= 2470161))
	  ->  Bitmap Index Scan on k_4  (cost=0.00..5.50 rows=106 width=0)
	        Index Cond: ((k >= 2470061) AND (k <= 2470161))

table 5 : explain SELECT k, c FROM sbtest5 WHERE k BETWEEN 2470061 AND 2470161
	Bitmap Heap Scan on sbtest5  (cost=5.40..377.55 rows=94 width=125)
	  Recheck Cond: ((k >= 2470061) AND (k <= 2470161))
	  ->  Bitmap Index Scan on k_5  (cost=0.00..5.38 rows=94 width=0)
	        Index Cond: ((k >= 2470061) AND (k <= 2470161))

table 6 : explain SELECT k, c FROM sbtest6 WHERE k BETWEEN 2470061 AND 2470161
	Bitmap Heap Scan on sbtest6  (cost=5.44..393.31 rows=98 width=125)
	  Recheck Cond: ((k >= 2470061) AND (k <= 2470161))
	  ->  Bitmap Index Scan on k_6  (cost=0.00..5.42 rows=98 width=0)
	        Index Cond: ((k >= 2470061) AND (k <= 2470161))

table 7 : explain SELECT k, c FROM sbtest7 WHERE k BETWEEN 2470061 AND 2470161
	Bitmap Heap Scan on sbtest7  (cost=5.42..385.43 rows=96 width=125)
	  Recheck Cond: ((k >= 2470061) AND (k <= 2470161))
	  ->  Bitmap Index Scan on k_7  (cost=0.00..5.39 rows=96 width=0)
	        Index Cond: ((k >= 2470061) AND (k <= 2470161))

table 8 : explain SELECT k, c FROM sbtest8 WHERE k BETWEEN 2470061 AND 2470161
	Bitmap Heap Scan on sbtest8  (cost=5.43..389.37 rows=97 width=125)
	  Recheck Cond: ((k >= 2470061) AND (k <= 2470161))
	  ->  Bitmap Index Scan on k_8  (cost=0.00..5.40 rows=97 width=0)
	        Index Cond: ((k >= 2470061) AND (k <= 2470161))

for range-notcovered
table 1 : explain SELECT k, c FROM sbtest1 WHERE k BETWEEN 4163607 AND 4163707
	Bitmap Heap Scan on sbtest1  (cost=5.44..393.31 rows=98 width=125)
	  Recheck Cond: ((k >= 4163607) AND (k <= 4163707))
	  ->  Bitmap Index Scan on k_1  (cost=0.00..5.42 rows=98 width=0)
	        Index Cond: ((k >= 4163607) AND (k <= 4163707))

table 2 : explain SELECT k, c FROM sbtest2 WHERE k BETWEEN 4163607 AND 4163707
	Bitmap Heap Scan on sbtest2  (cost=5.47..405.13 rows=101 width=125)
	  Recheck Cond: ((k >= 4163607) AND (k <= 4163707))
	  ->  Bitmap Index Scan on k_2  (cost=0.00..5.44 rows=101 width=0)
	        Index Cond: ((k >= 4163607) AND (k <= 4163707))

table 3 : explain SELECT k, c FROM sbtest3 WHERE k BETWEEN 4163607 AND 4163707
	Bitmap Heap Scan on sbtest3  (cost=5.46..401.19 rows=100 width=125)
	  Recheck Cond: ((k >= 4163607) AND (k <= 4163707))
	  ->  Bitmap Index Scan on k_3  (cost=0.00..5.43 rows=100 width=0)
	        Index Cond: ((k >= 4163607) AND (k <= 4163707))

table 4 : explain SELECT k, c FROM sbtest4 WHERE k BETWEEN 4163607 AND 4163707
	Bitmap Heap Scan on sbtest4  (cost=5.55..436.62 rows=109 width=125)
	  Recheck Cond: ((k >= 4163607) AND (k <= 4163707))
	  ->  Bitmap Index Scan on k_4  (cost=0.00..5.52 rows=109 width=0)
	        Index Cond: ((k >= 4163607) AND (k <= 4163707))

table 5 : explain SELECT k, c FROM sbtest5 WHERE k BETWEEN 4163607 AND 4163707
	Bitmap Heap Scan on sbtest5  (cost=5.49..413.00 rows=103 width=125)
	  Recheck Cond: ((k >= 4163607) AND (k <= 4163707))
	  ->  Bitmap Index Scan on k_5  (cost=0.00..5.46 rows=103 width=0)
	        Index Cond: ((k >= 4163607) AND (k <= 4163707))

table 6 : explain SELECT k, c FROM sbtest6 WHERE k BETWEEN 4163607 AND 4163707
	Bitmap Heap Scan on sbtest6  (cost=5.48..409.07 rows=102 width=125)
	  Recheck Cond: ((k >= 4163607) AND (k <= 4163707))
	  ->  Bitmap Index Scan on k_6  (cost=0.00..5.45 rows=102 width=0)
	        Index Cond: ((k >= 4163607) AND (k <= 4163707))

table 7 : explain SELECT k, c FROM sbtest7 WHERE k BETWEEN 4163607 AND 4163707
	Bitmap Heap Scan on sbtest7  (cost=5.60..456.29 rows=114 width=125)
	  Recheck Cond: ((k >= 4163607) AND (k <= 4163707))
	  ->  Bitmap Index Scan on k_7  (cost=0.00..5.58 rows=114 width=0)
	        Index Cond: ((k >= 4163607) AND (k <= 4163707))

table 8 : explain SELECT k, c FROM sbtest8 WHERE k BETWEEN 4163607 AND 4163707
	Bitmap Heap Scan on sbtest8  (cost=5.42..385.43 rows=96 width=125)
	  Recheck Cond: ((k >= 4163607) AND (k <= 4163707))
	  ->  Bitmap Index Scan on k_8  (cost=0.00..5.39 rows=96 width=0)
	        Index Cond: ((k >= 4163607) AND (k <= 4163707))

for range-notcovered
table 1 : explain SELECT k, c FROM sbtest1 WHERE k BETWEEN 4279758 AND 4279858
	Bitmap Heap Scan on sbtest1  (cost=5.50..416.94 rows=104 width=125)
	  Recheck Cond: ((k >= 4279758) AND (k <= 4279858))
	  ->  Bitmap Index Scan on k_1  (cost=0.00..5.47 rows=104 width=0)
	        Index Cond: ((k >= 4279758) AND (k <= 4279858))

table 2 : explain SELECT k, c FROM sbtest2 WHERE k BETWEEN 4279758 AND 4279858
	Bitmap Heap Scan on sbtest2  (cost=5.49..413.00 rows=103 width=125)
	  Recheck Cond: ((k >= 4279758) AND (k <= 4279858))
	  ->  Bitmap Index Scan on k_2  (cost=0.00..5.46 rows=103 width=0)
	        Index Cond: ((k >= 4279758) AND (k <= 4279858))

table 3 : explain SELECT k, c FROM sbtest3 WHERE k BETWEEN 4279758 AND 4279858
	Bitmap Heap Scan on sbtest3  (cost=5.44..393.31 rows=98 width=125)
	  Recheck Cond: ((k >= 4279758) AND (k <= 4279858))
	  ->  Bitmap Index Scan on k_3  (cost=0.00..5.42 rows=98 width=0)
	        Index Cond: ((k >= 4279758) AND (k <= 4279858))

table 4 : explain SELECT k, c FROM sbtest4 WHERE k BETWEEN 4279758 AND 4279858
	Bitmap Heap Scan on sbtest4  (cost=5.40..377.55 rows=94 width=125)
	  Recheck Cond: ((k >= 4279758) AND (k <= 4279858))
	  ->  Bitmap Index Scan on k_4  (cost=0.00..5.38 rows=94 width=0)
	        Index Cond: ((k >= 4279758) AND (k <= 4279858))

table 5 : explain SELECT k, c FROM sbtest5 WHERE k BETWEEN 4279758 AND 4279858
	Bitmap Heap Scan on sbtest5  (cost=5.42..385.43 rows=96 width=125)
	  Recheck Cond: ((k >= 4279758) AND (k <= 4279858))
	  ->  Bitmap Index Scan on k_5  (cost=0.00..5.39 rows=96 width=0)
	        Index Cond: ((k >= 4279758) AND (k <= 4279858))

table 6 : explain SELECT k, c FROM sbtest6 WHERE k BETWEEN 4279758 AND 4279858
	Bitmap Heap Scan on sbtest6  (cost=5.44..393.31 rows=98 width=125)
	  Recheck Cond: ((k >= 4279758) AND (k <= 4279858))
	  ->  Bitmap Index Scan on k_6  (cost=0.00..5.42 rows=98 width=0)
	        Index Cond: ((k >= 4279758) AND (k <= 4279858))

table 7 : explain SELECT k, c FROM sbtest7 WHERE k BETWEEN 4279758 AND 4279858
	Bitmap Heap Scan on sbtest7  (cost=5.50..416.94 rows=104 width=125)
	  Recheck Cond: ((k >= 4279758) AND (k <= 4279858))
	  ->  Bitmap Index Scan on k_7  (cost=0.00..5.47 rows=104 width=0)
	        Index Cond: ((k >= 4279758) AND (k <= 4279858))

table 8 : explain SELECT k, c FROM sbtest8 WHERE k BETWEEN 4279758 AND 4279858
	Bitmap Heap Scan on sbtest8  (cost=5.54..432.69 rows=108 width=125)
	  Recheck Cond: ((k >= 4279758) AND (k <= 4279858))
	  ->  Bitmap Index Scan on k_8  (cost=0.00..5.51 rows=108 width=0)
	        Index Cond: ((k >= 4279758) AND (k <= 4279858))

for range-notcovered
table 1 : explain SELECT k, c FROM sbtest1 WHERE k BETWEEN 3681720 AND 3681820
	Bitmap Heap Scan on sbtest1  (cost=5.44..393.31 rows=98 width=125)
	  Recheck Cond: ((k >= 3681720) AND (k <= 3681820))
	  ->  Bitmap Index Scan on k_1  (cost=0.00..5.42 rows=98 width=0)
	        Index Cond: ((k >= 3681720) AND (k <= 3681820))

table 2 : explain SELECT k, c FROM sbtest2 WHERE k BETWEEN 3681720 AND 3681820
	Bitmap Heap Scan on sbtest2  (cost=5.45..397.25 rows=99 width=125)
	  Recheck Cond: ((k >= 3681720) AND (k <= 3681820))
	  ->  Bitmap Index Scan on k_2  (cost=0.00..5.42 rows=99 width=0)
	        Index Cond: ((k >= 3681720) AND (k <= 3681820))

table 3 : explain SELECT k, c FROM sbtest3 WHERE k BETWEEN 3681720 AND 3681820
	Bitmap Heap Scan on sbtest3  (cost=5.47..405.13 rows=101 width=125)
	  Recheck Cond: ((k >= 3681720) AND (k <= 3681820))
	  ->  Bitmap Index Scan on k_3  (cost=0.00..5.44 rows=101 width=0)
	        Index Cond: ((k >= 3681720) AND (k <= 3681820))

table 4 : explain SELECT k, c FROM sbtest4 WHERE k BETWEEN 3681720 AND 3681820
	Bitmap Heap Scan on sbtest4  (cost=5.47..405.13 rows=101 width=125)
	  Recheck Cond: ((k >= 3681720) AND (k <= 3681820))
	  ->  Bitmap Index Scan on k_4  (cost=0.00..5.44 rows=101 width=0)
	        Index Cond: ((k >= 3681720) AND (k <= 3681820))

table 5 : explain SELECT k, c FROM sbtest5 WHERE k BETWEEN 3681720 AND 3681820
	Bitmap Heap Scan on sbtest5  (cost=5.57..444.49 rows=111 width=125)
	  Recheck Cond: ((k >= 3681720) AND (k <= 3681820))
	  ->  Bitmap Index Scan on k_5  (cost=0.00..5.54 rows=111 width=0)
	        Index Cond: ((k >= 3681720) AND (k <= 3681820))

table 6 : explain SELECT k, c FROM sbtest6 WHERE k BETWEEN 3681720 AND 3681820
	Bitmap Heap Scan on sbtest6  (cost=5.58..448.42 rows=112 width=125)
	  Recheck Cond: ((k >= 3681720) AND (k <= 3681820))
	  ->  Bitmap Index Scan on k_6  (cost=0.00..5.55 rows=112 width=0)
	        Index Cond: ((k >= 3681720) AND (k <= 3681820))

table 7 : explain SELECT k, c FROM sbtest7 WHERE k BETWEEN 3681720 AND 3681820
	Bitmap Heap Scan on sbtest7  (cost=5.39..373.61 rows=93 width=125)
	  Recheck Cond: ((k >= 3681720) AND (k <= 3681820))
	  ->  Bitmap Index Scan on k_7  (cost=0.00..5.36 rows=93 width=0)
	        Index Cond: ((k >= 3681720) AND (k <= 3681820))

table 8 : explain SELECT k, c FROM sbtest8 WHERE k BETWEEN 3681720 AND 3681820
	Bitmap Heap Scan on sbtest8  (cost=5.49..413.00 rows=103 width=125)
	  Recheck Cond: ((k >= 3681720) AND (k <= 3681820))
	  ->  Bitmap Index Scan on k_8  (cost=0.00..5.46 rows=103 width=0)
	        Index Cond: ((k >= 3681720) AND (k <= 3681820))

explain: for range-notcovered :: explain SELECT k, c FROM sbtest%d WHERE k BETWEEN 2470061 AND 2470161
for range-notcovered
table 1 : explain SELECT k, c FROM sbtest1 WHERE k BETWEEN 4378286 AND 4378386
	Bitmap Heap Scan on sbtest1  (cost=5.55..436.62 rows=109 width=125)
	  Recheck Cond: ((k >= 4378286) AND (k <= 4378386))
	  ->  Bitmap Index Scan on k_1  (cost=0.00..5.52 rows=109 width=0)
	        Index Cond: ((k >= 4378286) AND (k <= 4378386))

table 2 : explain SELECT k, c FROM sbtest2 WHERE k BETWEEN 4378286 AND 4378386
	Bitmap Heap Scan on sbtest2  (cost=5.47..405.13 rows=101 width=125)
	  Recheck Cond: ((k >= 4378286) AND (k <= 4378386))
	  ->  Bitmap Index Scan on k_2  (cost=0.00..5.44 rows=101 width=0)
	        Index Cond: ((k >= 4378286) AND (k <= 4378386))

table 3 : explain SELECT k, c FROM sbtest3 WHERE k BETWEEN 4378286 AND 4378386
	Bitmap Heap Scan on sbtest3  (cost=5.45..397.25 rows=99 width=125)
	  Recheck Cond: ((k >= 4378286) AND (k <= 4378386))
	  ->  Bitmap Index Scan on k_3  (cost=0.00..5.42 rows=99 width=0)
	        Index Cond: ((k >= 4378286) AND (k <= 4378386))

table 4 : explain SELECT k, c FROM sbtest4 WHERE k BETWEEN 4378286 AND 4378386
	Bitmap Heap Scan on sbtest4  (cost=5.45..397.25 rows=99 width=125)
	  Recheck Cond: ((k >= 4378286) AND (k <= 4378386))
	  ->  Bitmap Index Scan on k_4  (cost=0.00..5.42 rows=99 width=0)
	        Index Cond: ((k >= 4378286) AND (k <= 4378386))

table 5 : explain SELECT k, c FROM sbtest5 WHERE k BETWEEN 4378286 AND 4378386
	Bitmap Heap Scan on sbtest5  (cost=5.45..397.25 rows=99 width=125)
	  Recheck Cond: ((k >= 4378286) AND (k <= 4378386))
	  ->  Bitmap Index Scan on k_5  (cost=0.00..5.42 rows=99 width=0)
	        Index Cond: ((k >= 4378286) AND (k <= 4378386))

table 6 : explain SELECT k, c FROM sbtest6 WHERE k BETWEEN 4378286 AND 4378386
	Bitmap Heap Scan on sbtest6  (cost=5.51..420.88 rows=105 width=125)
	  Recheck Cond: ((k >= 4378286) AND (k <= 4378386))
	  ->  Bitmap Index Scan on k_6  (cost=0.00..5.48 rows=105 width=0)
	        Index Cond: ((k >= 4378286) AND (k <= 4378386))

table 7 : explain SELECT k, c FROM sbtest7 WHERE k BETWEEN 4378286 AND 4378386
	Bitmap Heap Scan on sbtest7  (cost=5.43..389.37 rows=97 width=125)
	  Recheck Cond: ((k >= 4378286) AND (k <= 4378386))
	  ->  Bitmap Index Scan on k_7  (cost=0.00..5.40 rows=97 width=0)
	        Index Cond: ((k >= 4378286) AND (k <= 4378386))

table 8 : explain SELECT k, c FROM sbtest8 WHERE k BETWEEN 4378286 AND 4378386
	Bitmap Heap Scan on sbtest8  (cost=5.48..409.07 rows=102 width=125)
	  Recheck Cond: ((k >= 4378286) AND (k <= 4378386))
	  ->  Bitmap Index Scan on k_8  (cost=0.00..5.45 rows=102 width=0)
	        Index Cond: ((k >= 4378286) AND (k <= 4378386))
explain: for range-notcovered :: explain SELECT k, c FROM sbtest%d WHERE k BETWEEN 4279758 AND 4279858explain: for range-notcovered :: explain SELECT k, c FROM sbtest%d WHERE k BETWEEN 4163607 AND 4163707

explain: for range-notcovered :: explain SELECT k, c FROM sbtest%d WHERE k BETWEEN 3681720 AND 3681820

explain: for range-notcovered :: explain SELECT k, c FROM sbtest%d WHERE k BETWEEN 4378286 AND 4378386
for range-notcovered
table 1 : explain SELECT k, c FROM sbtest1 WHERE k BETWEEN 8510886 AND 8510986
	Bitmap Heap Scan on sbtest1  (cost=5.46..401.19 rows=100 width=125)
	  Recheck Cond: ((k >= 8510886) AND (k <= 8510986))
	  ->  Bitmap Index Scan on k_1  (cost=0.00..5.43 rows=100 width=0)
	        Index Cond: ((k >= 8510886) AND (k <= 8510986))

table 2 : explain SELECT k, c FROM sbtest2 WHERE k BETWEEN 8510886 AND 8510986
	Bitmap Heap Scan on sbtest2  (cost=5.50..416.94 rows=104 width=125)
	  Recheck Cond: ((k >= 8510886) AND (k <= 8510986))
	  ->  Bitmap Index Scan on k_2  (cost=0.00..5.47 rows=104 width=0)
	        Index Cond: ((k >= 8510886) AND (k <= 8510986))

table 3 : explain SELECT k, c FROM sbtest3 WHERE k BETWEEN 8510886 AND 8510986
	Bitmap Heap Scan on sbtest3  (cost=5.55..436.62 rows=109 width=125)
	  Recheck Cond: ((k >= 8510886) AND (k <= 8510986))
	  ->  Bitmap Index Scan on k_3  (cost=0.00..5.52 rows=109 width=0)
	        Index Cond: ((k >= 8510886) AND (k <= 8510986))

table 4 : explain SELECT k, c FROM sbtest4 WHERE k BETWEEN 8510886 AND 8510986
	Bitmap Heap Scan on sbtest4  (cost=5.60..456.29 rows=114 width=125)
	  Recheck Cond: ((k >= 8510886) AND (k <= 8510986))
	  ->  Bitmap Index Scan on k_4  (cost=0.00..5.58 rows=114 width=0)
	        Index Cond: ((k >= 8510886) AND (k <= 8510986))

table 5 : explain SELECT k, c FROM sbtest5 WHERE k BETWEEN 8510886 AND 8510986
	Bitmap Heap Scan on sbtest5  (cost=5.60..456.29 rows=114 width=125)
	  Recheck Cond: ((k >= 8510886) AND (k <= 8510986))
	  ->  Bitmap Index Scan on k_5  (cost=0.00..5.58 rows=114 width=0)
	        Index Cond: ((k >= 8510886) AND (k <= 8510986))

table 6 : explain SELECT k, c FROM sbtest6 WHERE k BETWEEN 8510886 AND 8510986
	Bitmap Heap Scan on sbtest6  (cost=5.38..369.67 rows=92 width=125)
	  Recheck Cond: ((k >= 8510886) AND (k <= 8510986))
	  ->  Bitmap Index Scan on k_6  (cost=0.00..5.35 rows=92 width=0)
	        Index Cond: ((k >= 8510886) AND (k <= 8510986))

table 7 : explain SELECT k, c FROM sbtest7 WHERE k BETWEEN 8510886 AND 8510986
	Bitmap Heap Scan on sbtest7  (cost=5.54..432.69 rows=108 width=125)
	  Recheck Cond: ((k >= 8510886) AND (k <= 8510986))
	  ->  Bitmap Index Scan on k_7  (cost=0.00..5.51 rows=108 width=0)
	        Index Cond: ((k >= 8510886) AND (k <= 8510986))

table 8 : explain SELECT k, c FROM sbtest8 WHERE k BETWEEN 8510886 AND 8510986
	Bitmap Heap Scan on sbtest8  (cost=5.58..448.42 rows=112 width=125)
	  Recheck Cond: ((k >= 8510886) AND (k <= 8510986))
	  ->  Bitmap Index Scan on k_8  (cost=0.00..5.55 rows=112 width=0)
	        Index Cond: ((k >= 8510886) AND (k <= 8510986))

explain: for range-notcovered :: explain SELECT k, c FROM sbtest%d WHERE k BETWEEN 8510886 AND 8510986
for range-notcovered
table 1 : explain SELECT k, c FROM sbtest1 WHERE k BETWEEN 2470061 AND 2470161
	Bitmap Heap Scan on sbtest1  (cost=5.57..444.49 rows=111 width=125)
	  Recheck Cond: ((k >= 2470061) AND (k <= 2470161))
	  ->  Bitmap Index Scan on k_1  (cost=0.00..5.54 rows=111 width=0)
	        Index Cond: ((k >= 2470061) AND (k <= 2470161))

table 2 : explain SELECT k, c FROM sbtest2 WHERE k BETWEEN 2470061 AND 2470161
	Bitmap Heap Scan on sbtest2  (cost=5.47..405.13 rows=101 width=125)
	  Recheck Cond: ((k >= 2470061) AND (k <= 2470161))
	  ->  Bitmap Index Scan on k_2  (cost=0.00..5.44 rows=101 width=0)
	        Index Cond: ((k >= 2470061) AND (k <= 2470161))

table 3 : explain SELECT k, c FROM sbtest3 WHERE k BETWEEN 2470061 AND 2470161
	Bitmap Heap Scan on sbtest3  (cost=5.47..405.13 rows=101 width=125)
	  Recheck Cond: ((k >= 2470061) AND (k <= 2470161))
	  ->  Bitmap Index Scan on k_3  (cost=0.00..5.44 rows=101 width=0)
	        Index Cond: ((k >= 2470061) AND (k <= 2470161))

table 4 : explain SELECT k, c FROM sbtest4 WHERE k BETWEEN 2470061 AND 2470161
	Bitmap Heap Scan on sbtest4  (cost=5.52..424.81 rows=106 width=125)
	  Recheck Cond: ((k >= 2470061) AND (k <= 2470161))
	  ->  Bitmap Index Scan on k_4  (cost=0.00..5.50 rows=106 width=0)
	        Index Cond: ((k >= 2470061) AND (k <= 2470161))

table 5 : explain SELECT k, c FROM sbtest5 WHERE k BETWEEN 2470061 AND 2470161
	Bitmap Heap Scan on sbtest5  (cost=5.40..377.55 rows=94 width=125)
	  Recheck Cond: ((k >= 2470061) AND (k <= 2470161))
	  ->  Bitmap Index Scan on k_5  (cost=0.00..5.38 rows=94 width=0)
	        Index Cond: ((k >= 2470061) AND (k <= 2470161))

table 6 : explain SELECT k, c FROM sbtest6 WHERE k BETWEEN 2470061 AND 2470161
	Bitmap Heap Scan on sbtest6  (cost=5.44..393.31 rows=98 width=125)
	  Recheck Cond: ((k >= 2470061) AND (k <= 2470161))
	  ->  Bitmap Index Scan on k_6  (cost=0.00..5.42 rows=98 width=0)
	        Index Cond: ((k >= 2470061) AND (k <= 2470161))

table 7 : explain SELECT k, c FROM sbtest7 WHERE k BETWEEN 2470061 AND 2470161
	Bitmap Heap Scan on sbtest7  (cost=5.42..385.43 rows=96 width=125)
	  Recheck Cond: ((k >= 2470061) AND (k <= 2470161))
	  ->  Bitmap Index Scan on k_7  (cost=0.00..5.39 rows=96 width=0)
	        Index Cond: ((k >= 2470061) AND (k <= 2470161))

table 8 : explain SELECT k, c FROM sbtest8 WHERE k BETWEEN 2470061 AND 2470161
	Bitmap Heap Scan on sbtest8  (cost=5.43..389.37 rows=97 width=125)
	  Recheck Cond: ((k >= 2470061) AND (k <= 2470161))
	  ->  Bitmap Index Scan on k_8  (cost=0.00..5.40 rows=97 width=0)
	        Index Cond: ((k >= 2470061) AND (k <= 2470161))

for range-notcovered
table 1 : explain SELECT k, c FROM sbtest1 WHERE k BETWEEN 4279758 AND 4279858
	Bitmap Heap Scan on sbtest1  (cost=5.50..416.94 rows=104 width=125)
	  Recheck Cond: ((k >= 4279758) AND (k <= 4279858))
	  ->  Bitmap Index Scan on k_1  (cost=0.00..5.47 rows=104 width=0)
	        Index Cond: ((k >= 4279758) AND (k <= 4279858))

table 2 : explain SELECT k, c FROM sbtest2 WHERE k BETWEEN 4279758 AND 4279858
	Bitmap Heap Scan on sbtest2  (cost=5.49..413.00 rows=103 width=125)
	  Recheck Cond: ((k >= 4279758) AND (k <= 4279858))
	  ->  Bitmap Index Scan on k_2  (cost=0.00..5.46 rows=103 width=0)
	        Index Cond: ((k >= 4279758) AND (k <= 4279858))

table 3 : explain SELECT k, c FROM sbtest3 WHERE k BETWEEN 4279758 AND 4279858
	Bitmap Heap Scan on sbtest3  (cost=5.44..393.31 rows=98 width=125)
	  Recheck Cond: ((k >= 4279758) AND (k <= 4279858))
	  ->  Bitmap Index Scan on k_3  (cost=0.00..5.42 rows=98 width=0)
	        Index Cond: ((k >= 4279758) AND (k <= 4279858))

table 4 : explain SELECT k, c FROM sbtest4 WHERE k BETWEEN 4279758 AND 4279858
	Bitmap Heap Scan on sbtest4  (cost=5.40..377.55 rows=94 width=125)
	  Recheck Cond: ((k >= 4279758) AND (k <= 4279858))
	  ->  Bitmap Index Scan on k_4  (cost=0.00..5.38 rows=94 width=0)
	        Index Cond: ((k >= 4279758) AND (k <= 4279858))

table 5 : explain SELECT k, c FROM sbtest5 WHERE k BETWEEN 4279758 AND 4279858
	Bitmap Heap Scan on sbtest5  (cost=5.42..385.43 rows=96 width=125)
	  Recheck Cond: ((k >= 4279758) AND (k <= 4279858))
	  ->  Bitmap Index Scan on k_5  (cost=0.00..5.39 rows=96 width=0)
	        Index Cond: ((k >= 4279758) AND (k <= 4279858))

table 6 : explain SELECT k, c FROM sbtest6 WHERE k BETWEEN 4279758 AND 4279858
	Bitmap Heap Scan on sbtest6  (cost=5.44..393.31 rows=98 width=125)
	  Recheck Cond: ((k >= 4279758) AND (k <= 4279858))
	  ->  Bitmap Index Scan on k_6  (cost=0.00..5.42 rows=98 width=0)
	        Index Cond: ((k >= 4279758) AND (k <= 4279858))

table 7 : explain SELECT k, c FROM sbtest7 WHERE k BETWEEN 4279758 AND 4279858
	Bitmap Heap Scan on sbtest7  (cost=5.50..416.94 rows=104 width=125)
	  Recheck Cond: ((k >= 4279758) AND (k <= 4279858))
	  ->  Bitmap Index Scan on k_7  (cost=0.00..5.47 rows=104 width=0)
	        Index Cond: ((k >= 4279758) AND (k <= 4279858))

table 8 : explain SELECT k, c FROM sbtest8 WHERE k BETWEEN 4279758 AND 4279858
	Bitmap Heap Scan on sbtest8  (cost=5.54..432.69 rows=108 width=125)
	  Recheck Cond: ((k >= 4279758) AND (k <= 4279858))
	  ->  Bitmap Index Scan on k_8  (cost=0.00..5.51 rows=108 width=0)
	        Index Cond: ((k >= 4279758) AND (k <= 4279858))

for range-notcovered
table 1 : explain SELECT k, c FROM sbtest1 WHERE k BETWEEN 4378286 AND 4378386
	Bitmap Heap Scan on sbtest1  (cost=5.55..436.62 rows=109 width=125)
	  Recheck Cond: ((k >= 4378286) AND (k <= 4378386))
	  ->  Bitmap Index Scan on k_1  (cost=0.00..5.52 rows=109 width=0)
	        Index Cond: ((k >= 4378286) AND (k <= 4378386))

table 2 : explain SELECT k, c FROM sbtest2 WHERE k BETWEEN 4378286 AND 4378386
	Bitmap Heap Scan on sbtest2  (cost=5.47..405.13 rows=101 width=125)
	  Recheck Cond: ((k >= 4378286) AND (k <= 4378386))
	  ->  Bitmap Index Scan on k_2  (cost=0.00..5.44 rows=101 width=0)
	        Index Cond: ((k >= 4378286) AND (k <= 4378386))

table 3 : explain SELECT k, c FROM sbtest3 WHERE k BETWEEN 4378286 AND 4378386
	Bitmap Heap Scan on sbtest3  (cost=5.45..397.25 rows=99 width=125)
	  Recheck Cond: ((k >= 4378286) AND (k <= 4378386))
	  ->  Bitmap Index Scan on k_3  (cost=0.00..5.42 rows=99 width=0)
	        Index Cond: ((k >= 4378286) AND (k <= 4378386))

table 4 : explain SELECT k, c FROM sbtest4 WHERE k BETWEEN 4378286 AND 4378386
	Bitmap Heap Scan on sbtest4  (cost=5.45..397.25 rows=99 width=125)
	  Recheck Cond: ((k >= 4378286) AND (k <= 4378386))
	  ->  Bitmap Index Scan on k_4  (cost=0.00..5.42 rows=99 width=0)
	        Index Cond: ((k >= 4378286) AND (k <= 4378386))

table 5 : explain SELECT k, c FROM sbtest5 WHERE k BETWEEN 4378286 AND 4378386
	Bitmap Heap Scan on sbtest5  (cost=5.45..397.25 rows=99 width=125)
	  Recheck Cond: ((k >= 4378286) AND (k <= 4378386))
	  ->  Bitmap Index Scan on k_5  (cost=0.00..5.42 rows=99 width=0)
	        Index Cond: ((k >= 4378286) AND (k <= 4378386))

table 6 : explain SELECT k, c FROM sbtest6 WHERE k BETWEEN 4378286 AND 4378386
	Bitmap Heap Scan on sbtest6  (cost=5.51..420.88 rows=105 width=125)
	  Recheck Cond: ((k >= 4378286) AND (k <= 4378386))
	  ->  Bitmap Index Scan on k_6  (cost=0.00..5.48 rows=105 width=0)
	        Index Cond: ((k >= 4378286) AND (k <= 4378386))

table 7 : explain SELECT k, c FROM sbtest7 WHERE k BETWEEN 4378286 AND 4378386
	Bitmap Heap Scan on sbtest7  (cost=5.43..389.37 rows=97 width=125)
	  Recheck Cond: ((k >= 4378286) AND (k <= 4378386))
	  ->  Bitmap Index Scan on k_7  (cost=0.00..5.40 rows=97 width=0)
	        Index Cond: ((k >= 4378286) AND (k <= 4378386))

table 8 : explain SELECT k, c FROM sbtest8 WHERE k BETWEEN 4378286 AND 4378386
	Bitmap Heap Scan on sbtest8  (cost=5.48..409.07 rows=102 width=125)
	  Recheck Cond: ((k >= 4378286) AND (k <= 4378386))
	  ->  Bitmap Index Scan on k_8  (cost=0.00..5.45 rows=102 width=0)
	        Index Cond: ((k >= 4378286) AND (k <= 4378386))

for range-notcovered
table 1 : explain SELECT k, c FROM sbtest1 WHERE k BETWEEN 6198697 AND 6198797
	Bitmap Heap Scan on sbtest1  (cost=5.42..385.43 rows=96 width=125)
	  Recheck Cond: ((k >= 6198697) AND (k <= 6198797))
	  ->  Bitmap Index Scan on k_1  (cost=0.00..5.39 rows=96 width=0)
	        Index Cond: ((k >= 6198697) AND (k <= 6198797))

table 2 : explain SELECT k, c FROM sbtest2 WHERE k BETWEEN 6198697 AND 6198797
	Bitmap Heap Scan on sbtest2  (cost=5.44..393.31 rows=98 width=125)
	  Recheck Cond: ((k >= 6198697) AND (k <= 6198797))
	  ->  Bitmap Index Scan on k_2  (cost=0.00..5.42 rows=98 width=0)
	        Index Cond: ((k >= 6198697) AND (k <= 6198797))

table 3 : explain SELECT k, c FROM sbtest3 WHERE k BETWEEN 6198697 AND 6198797
	Bitmap Heap Scan on sbtest3  (cost=5.44..393.31 rows=98 width=125)
	  Recheck Cond: ((k >= 6198697) AND (k <= 6198797))
	  ->  Bitmap Index Scan on k_3  (cost=0.00..5.42 rows=98 width=0)
	        Index Cond: ((k >= 6198697) AND (k <= 6198797))

table 4 : explain SELECT k, c FROM sbtest4 WHERE k BETWEEN 6198697 AND 6198797
	Bitmap Heap Scan on sbtest4  (cost=5.34..353.89 rows=88 width=125)
	  Recheck Cond: ((k >= 6198697) AND (k <= 6198797))
	  ->  Bitmap Index Scan on k_4  (cost=0.00..5.31 rows=88 width=0)
	        Index Cond: ((k >= 6198697) AND (k <= 6198797))

table 5 : explain SELECT k, c FROM sbtest5 WHERE k BETWEEN 6198697 AND 6198797
	Bitmap Heap Scan on sbtest5  (cost=5.41..381.49 rows=95 width=125)
	  Recheck Cond: ((k >= 6198697) AND (k <= 6198797))
	  ->  Bitmap Index Scan on k_5  (cost=0.00..5.38 rows=95 width=0)
	        Index Cond: ((k >= 6198697) AND (k <= 6198797))

table 6 : explain SELECT k, c FROM sbtest6 WHERE k BETWEEN 6198697 AND 6198797
	Bitmap Heap Scan on sbtest6  (cost=5.49..413.00 rows=103 width=125)
	  Recheck Cond: ((k >= 6198697) AND (k <= 6198797))
	  ->  Bitmap Index Scan on k_6  (cost=0.00..5.46 rows=103 width=0)
	        Index Cond: ((k >= 6198697) AND (k <= 6198797))

table 7 : explain SELECT k, c FROM sbtest7 WHERE k BETWEEN 6198697 AND 6198797
	Bitmap Heap Scan on sbtest7  (cost=5.44..393.31 rows=98 width=125)
	  Recheck Cond: ((k >= 6198697) AND (k <= 6198797))
	  ->  Bitmap Index Scan on k_7  (cost=0.00..5.42 rows=98 width=0)
	        Index Cond: ((k >= 6198697) AND (k <= 6198797))

table 8 : explain SELECT k, c FROM sbtest8 WHERE k BETWEEN 6198697 AND 6198797
	Bitmap Heap Scan on sbtest8  (cost=5.50..416.94 rows=104 width=125)
	  Recheck Cond: ((k >= 6198697) AND (k <= 6198797))
	  ->  Bitmap Index Scan on k_8  (cost=0.00..5.47 rows=104 width=0)
	        Index Cond: ((k >= 6198697) AND (k <= 6198797))

explain: for range-notcovered :: explain SELECT k, c FROM sbtest%d WHERE k BETWEEN 2470061 AND 2470161
for range-notcovered
table 1 : explain SELECT k, c FROM sbtest1 WHERE k BETWEEN 4163607 AND 4163707
	Bitmap Heap Scan on sbtest1  (cost=5.44..393.31 rows=98 width=125)
	  Recheck Cond: ((k >= 4163607) AND (k <= 4163707))
	  ->  Bitmap Index Scan on k_1  (cost=0.00..5.42 rows=98 width=0)
	        Index Cond: ((k >= 4163607) AND (k <= 4163707))

table 2 : explain SELECT k, c FROM sbtest2 WHERE k BETWEEN 4163607 AND 4163707
	Bitmap Heap Scan on sbtest2  (cost=5.47..405.13 rows=101 width=125)
	  Recheck Cond: ((k >= 4163607) AND (k <= 4163707))
	  ->  Bitmap Index Scan on k_2  (cost=0.00..5.44 rows=101 width=0)
	        Index Cond: ((k >= 4163607) AND (k <= 4163707))

table 3 : explain SELECT k, c FROM sbtest3 WHERE k BETWEEN 4163607 AND 4163707
	Bitmap Heap Scan on sbtest3  (cost=5.46..401.19 rows=100 width=125)
	  Recheck Cond: ((k >= 4163607) AND (k <= 4163707))
	  ->  Bitmap Index Scan on k_3  (cost=0.00..5.43 rows=100 width=0)
	        Index Cond: ((k >= 4163607) AND (k <= 4163707))

table 4 : explain SELECT k, c FROM sbtest4 WHERE k BETWEEN 4163607 AND 4163707
	Bitmap Heap Scan on sbtest4  (cost=5.55..436.62 rows=109 width=125)
	  Recheck Cond: ((k >= 4163607) AND (k <= 4163707))
	  ->  Bitmap Index Scan on k_4  (cost=0.00..5.52 rows=109 width=0)
	        Index Cond: ((k >= 4163607) AND (k <= 4163707))

table 5 : explain SELECT k, c FROM sbtest5 WHERE k BETWEEN 4163607 AND 4163707
	Bitmap Heap Scan on sbtest5  (cost=5.49..413.00 rows=103 width=125)
	  Recheck Cond: ((k >= 4163607) AND (k <= 4163707))
	  ->  Bitmap Index Scan on k_5  (cost=0.00..5.46 rows=103 width=0)
	        Index Cond: ((k >= 4163607) AND (k <= 4163707))

table 6 : explain SELECT k, c FROM sbtest6 WHERE k BETWEEN 4163607 AND 4163707
	Bitmap Heap Scan on sbtest6  (cost=5.48..409.07 rows=102 width=125)
	  Recheck Cond: ((k >= 4163607) AND (k <= 4163707))
	  ->  Bitmap Index Scan on k_6  (cost=0.00..5.45 rows=102 width=0)
	        Index Cond: ((k >= 4163607) AND (k <= 4163707))

table 7 : explain SELECT k, c FROM sbtest7 WHERE k BETWEEN 4163607 AND 4163707
	Bitmap Heap Scan on sbtest7  (cost=5.60..456.29 rows=114 width=125)
	  Recheck Cond: ((k >= 4163607) AND (k <= 4163707))
	  ->  Bitmap Index Scan on k_7  (cost=0.00..5.58 rows=114 width=0)
	        Index Cond: ((k >= 4163607) AND (k <= 4163707))

table 8 : explain SELECT k, c FROM sbtest8 WHERE k BETWEEN 4163607 AND 4163707
	Bitmap Heap Scan on sbtest8  (cost=5.42..385.43 rows=96 width=125)
	  Recheck Cond: ((k >= 4163607) AND (k <= 4163707))
	  ->  Bitmap Index Scan on k_8  (cost=0.00..5.39 rows=96 width=0)
	        Index Cond: ((k >= 4163607) AND (k <= 4163707))

explain: for range-notcovered :: explain SELECT k, c FROM sbtest%d WHERE k BETWEEN 4163607 AND 4163707
for range-notcovered
table 1 : explain SELECT k, c FROM sbtest1 WHERE k BETWEEN 3981026 AND 3981126
	Bitmap Heap Scan on sbtest1  (cost=5.45..397.25 rows=99 width=125)
	  Recheck Cond: ((k >= 3981026) AND (k <= 3981126))
	  ->  Bitmap Index Scan on k_1  (cost=0.00..5.42 rows=99 width=0)
	        Index Cond: ((k >= 3981026) AND (k <= 3981126))

table 2 : explain SELECT k, c FROM sbtest2 WHERE k BETWEEN 3981026 AND 3981126
	Bitmap Heap Scan on sbtest2  (cost=5.44..393.31 rows=98 width=125)
	  Recheck Cond: ((k >= 3981026) AND (k <= 3981126))
	  ->  Bitmap Index Scan on k_2  (cost=0.00..5.42 rows=98 width=0)
	        Index Cond: ((k >= 3981026) AND (k <= 3981126))

table 3 : explain SELECT k, c FROM sbtest3 WHERE k BETWEEN 3981026 AND 3981126
	Bitmap Heap Scan on sbtest3  (cost=5.50..416.94 rows=104 width=125)
	  Recheck Cond: ((k >= 3981026) AND (k <= 3981126))
	  ->  Bitmap Index Scan on k_3  (cost=0.00..5.47 rows=104 width=0)
	        Index Cond: ((k >= 3981026) AND (k <= 3981126))

table 4 : explain SELECT k, c FROM sbtest4 WHERE k BETWEEN 3981026 AND 3981126
	Bitmap Heap Scan on sbtest4  (cost=5.42..385.43 rows=96 width=125)
	  Recheck Cond: ((k >= 3981026) AND (k <= 3981126))
	  ->  Bitmap Index Scan on k_4  (cost=0.00..5.39 rows=96 width=0)
	        Index Cond: ((k >= 3981026) AND (k <= 3981126))

table 5 : explain SELECT k, c FROM sbtest5 WHERE k BETWEEN 3981026 AND 3981126
	Bitmap Heap Scan on sbtest5  (cost=5.47..405.13 rows=101 width=125)
	  Recheck Cond: ((k >= 3981026) AND (k <= 3981126))
	  ->  Bitmap Index Scan on k_5  (cost=0.00..5.44 rows=101 width=0)
	        Index Cond: ((k >= 3981026) AND (k <= 3981126))

table 6 : explain SELECT k, c FROM sbtest6 WHERE k BETWEEN 3981026 AND 3981126
	Bitmap Heap Scan on sbtest6  (cost=5.47..405.13 rows=101 width=125)
	  Recheck Cond: ((k >= 3981026) AND (k <= 3981126))
	  ->  Bitmap Index Scan on k_6  (cost=0.00..5.44 rows=101 width=0)
	        Index Cond: ((k >= 3981026) AND (k <= 3981126))

table 7 : explain SELECT k, c FROM sbtest7 WHERE k BETWEEN 3981026 AND 3981126
	Bitmap Heap Scan on sbtest7  (cost=5.46..401.19 rows=100 width=125)
	  Recheck Cond: ((k >= 3981026) AND (k <= 3981126))
	  ->  Bitmap Index Scan on k_7  (cost=0.00..5.43 rows=100 width=0)
	        Index Cond: ((k >= 3981026) AND (k <= 3981126))

table 8 : explain SELECT k, c FROM sbtest8 WHERE k BETWEEN 3981026 AND 3981126
	Bitmap Heap Scan on sbtest8  (cost=5.46..401.19 rows=100 width=125)
	  Recheck Cond: ((k >= 3981026) AND (k <= 3981126))
	  ->  Bitmap Index Scan on k_8  (cost=0.00..5.43 rows=100 width=0)
	        Index Cond: ((k >= 3981026) AND (k <= 3981126))

explain: for range-notcovered :: explain SELECT k, c FROM sbtest%d WHERE k BETWEEN 6178832 AND 6178932
for range-notcovered
table 1 : explain SELECT k, c FROM sbtest1 WHERE k BETWEEN 2113373 AND 2113473
	Bitmap Heap Scan on sbtest1  (cost=5.53..428.75 rows=107 width=125)
	  Recheck Cond: ((k >= 2113373) AND (k <= 2113473))
	  ->  Bitmap Index Scan on k_1  (cost=0.00..5.50 rows=107 width=0)
	        Index Cond: ((k >= 2113373) AND (k <= 2113473))

table 2 : explain SELECT k, c FROM sbtest2 WHERE k BETWEEN 2113373 AND 2113473
	Bitmap Heap Scan on sbtest2  (cost=5.45..397.25 rows=99 width=125)
	  Recheck Cond: ((k >= 2113373) AND (k <= 2113473))
	  ->  Bitmap Index Scan on k_2  (cost=0.00..5.42 rows=99 width=0)
	        Index Cond: ((k >= 2113373) AND (k <= 2113473))

table 3 : explain SELECT k, c FROM sbtest3 WHERE k BETWEEN 2113373 AND 2113473
	Bitmap Heap Scan on sbtest3  (cost=5.48..409.07 rows=102 width=125)
	  Recheck Cond: ((k >= 2113373) AND (k <= 2113473))
	  ->  Bitmap Index Scan on k_3  (cost=0.00..5.45 rows=102 width=0)
	        Index Cond: ((k >= 2113373) AND (k <= 2113473))

table 4 : explain SELECT k, c FROM sbtest4 WHERE k BETWEEN 2113373 AND 2113473
	Bitmap Heap Scan on sbtest4  (cost=5.47..405.13 rows=101 width=125)
	  Recheck Cond: ((k >= 2113373) AND (k <= 2113473))
	  ->  Bitmap Index Scan on k_4  (cost=0.00..5.44 rows=101 width=0)
	        Index Cond: ((k >= 2113373) AND (k <= 2113473))

table 5 : explain SELECT k, c FROM sbtest5 WHERE k BETWEEN 2113373 AND 2113473
	Bitmap Heap Scan on sbtest5  (cost=5.57..444.49 rows=111 width=125)
	  Recheck Cond: ((k >= 2113373) AND (k <= 2113473))
	  ->  Bitmap Index Scan on k_5  (cost=0.00..5.54 rows=111 width=0)
	        Index Cond: ((k >= 2113373) AND (k <= 2113473))

table 6 : explain SELECT k, c FROM sbtest6 WHERE k BETWEEN 2113373 AND 2113473
	Bitmap Heap Scan on sbtest6  (cost=5.45..397.25 rows=99 width=125)
	  Recheck Cond: ((k >= 2113373) AND (k <= 2113473))
	  ->  Bitmap Index Scan on k_6  (cost=0.00..5.42 rows=99 width=0)
	        Index Cond: ((k >= 2113373) AND (k <= 2113473))

table 7 : explain SELECT k, c FROM sbtest7 WHERE k BETWEEN 2113373 AND 2113473
	Bitmap Heap Scan on sbtest7  (cost=5.51..420.88 rows=105 width=125)
	  Recheck Cond: ((k >= 2113373) AND (k <= 2113473))
	  ->  Bitmap Index Scan on k_7  (cost=0.00..5.48 rows=105 width=0)
	        Index Cond: ((k >= 2113373) AND (k <= 2113473))

table 8 : explain SELECT k, c FROM sbtest8 WHERE k BETWEEN 2113373 AND 2113473
	Bitmap Heap Scan on sbtest8  (cost=5.50..416.94 rows=104 width=125)
	  Recheck Cond: ((k >= 2113373) AND (k <= 2113473))
	  ->  Bitmap Index Scan on k_8  (cost=0.00..5.47 rows=104 width=0)
	        Index Cond: ((k >= 2113373) AND (k <= 2113473))

for range-notcovered
table 1 : explain SELECT k, c FROM sbtest1 WHERE k BETWEEN 8510886 AND 8510986
	Bitmap Heap Scan on sbtest1  (cost=5.46..401.19 rows=100 width=125)
	  Recheck Cond: ((k >= 8510886) AND (k <= 8510986))
	  ->  Bitmap Index Scan on k_1  (cost=0.00..5.43 rows=100 width=0)
	        Index Cond: ((k >= 8510886) AND (k <= 8510986))

table 2 : explain SELECT k, c FROM sbtest2 WHERE k BETWEEN 8510886 AND 8510986
	Bitmap Heap Scan on sbtest2  (cost=5.50..416.94 rows=104 width=125)
	  Recheck Cond: ((k >= 8510886) AND (k <= 8510986))
	  ->  Bitmap Index Scan on k_2  (cost=0.00..5.47 rows=104 width=0)
	        Index Cond: ((k >= 8510886) AND (k <= 8510986))

table 3 : explain SELECT k, c FROM sbtest3 WHERE k BETWEEN 8510886 AND 8510986
	Bitmap Heap Scan on sbtest3  (cost=5.55..436.62 rows=109 width=125)
	  Recheck Cond: ((k >= 8510886) AND (k <= 8510986))
	  ->  Bitmap Index Scan on k_3  (cost=0.00..5.52 rows=109 width=0)
	        Index Cond: ((k >= 8510886) AND (k <= 8510986))

table 4 : explain SELECT k, c FROM sbtest4 WHERE k BETWEEN 8510886 AND 8510986
	Bitmap Heap Scan on sbtest4  (cost=5.60..456.29 rows=114 width=125)
	  Recheck Cond: ((k >= 8510886) AND (k <= 8510986))
	  ->  Bitmap Index Scan on k_4  (cost=0.00..5.58 rows=114 width=0)
	        Index Cond: ((k >= 8510886) AND (k <= 8510986))

table 5 : explain SELECT k, c FROM sbtest5 WHERE k BETWEEN 8510886 AND 8510986
	Bitmap Heap Scan on sbtest5  (cost=5.60..456.29 rows=114 width=125)
	  Recheck Cond: ((k >= 8510886) AND (k <= 8510986))
	  ->  Bitmap Index Scan on k_5  (cost=0.00..5.58 rows=114 width=0)
	        Index Cond: ((k >= 8510886) AND (k <= 8510986))

table 6 : explain SELECT k, c FROM sbtest6 WHERE k BETWEEN 8510886 AND 8510986
	Bitmap Heap Scan on sbtest6  (cost=5.38..369.67 rows=92 width=125)
	  Recheck Cond: ((k >= 8510886) AND (k <= 8510986))
	  ->  Bitmap Index Scan on k_6  (cost=0.00..5.35 rows=92 width=0)
	        Index Cond: ((k >= 8510886) AND (k <= 8510986))

table 7 : explain SELECT k, c FROM sbtest7 WHERE k BETWEEN 8510886 AND 8510986
	Bitmap Heap Scan on sbtest7  (cost=5.54..432.69 rows=108 width=125)
	  Recheck Cond: ((k >= 8510886) AND (k <= 8510986))
	  ->  Bitmap Index Scan on k_7  (cost=0.00..5.51 rows=108 width=0)
	        Index Cond: ((k >= 8510886) AND (k <= 8510986))

table 8 : explain SELECT k, c FROM sbtest8 WHERE k BETWEEN 8510886 AND 8510986
	Bitmap Heap Scan on sbtest8  (cost=5.58..448.42 rows=112 width=125)
	  Recheck Cond: ((k >= 8510886) AND (k <= 8510986))
	  ->  Bitmap Index Scan on k_8  (cost=0.00..5.55 rows=112 width=0)
	        Index Cond: ((k >= 8510886) AND (k <= 8510986))

explain: for range-notcovered :: explain SELECT k, c FROM sbtest%d WHERE k BETWEEN 3981026 AND 3981126
explain: for range-notcovered :: explain SELECT k, c FROM sbtest%d WHERE k BETWEEN 8510886 AND 8510986
for range-notcovered
table 1 : explain SELECT k, c FROM sbtest1 WHERE k BETWEEN 3681720 AND 3681820
	Bitmap Heap Scan on sbtest1  (cost=5.44..393.31 rows=98 width=125)
	  Recheck Cond: ((k >= 3681720) AND (k <= 3681820))
	  ->  Bitmap Index Scan on k_1  (cost=0.00..5.42 rows=98 width=0)
	        Index Cond: ((k >= 3681720) AND (k <= 3681820))

table 2 : explain SELECT k, c FROM sbtest2 WHERE k BETWEEN 3681720 AND 3681820
	Bitmap Heap Scan on sbtest2  (cost=5.45..397.25 rows=99 width=125)
	  Recheck Cond: ((k >= 3681720) AND (k <= 3681820))
	  ->  Bitmap Index Scan on k_2  (cost=0.00..5.42 rows=99 width=0)
	        Index Cond: ((k >= 3681720) AND (k <= 3681820))

table 3 : explain SELECT k, c FROM sbtest3 WHERE k BETWEEN 3681720 AND 3681820
	Bitmap Heap Scan on sbtest3  (cost=5.47..405.13 rows=101 width=125)
	  Recheck Cond: ((k >= 3681720) AND (k <= 3681820))
	  ->  Bitmap Index Scan on k_3  (cost=0.00..5.44 rows=101 width=0)
	        Index Cond: ((k >= 3681720) AND (k <= 3681820))

table 4 : explain SELECT k, c FROM sbtest4 WHERE k BETWEEN 3681720 AND 3681820
	Bitmap Heap Scan on sbtest4  (cost=5.47..405.13 rows=101 width=125)
	  Recheck Cond: ((k >= 3681720) AND (k <= 3681820))
	  ->  Bitmap Index Scan on k_4  (cost=0.00..5.44 rows=101 width=0)
	        Index Cond: ((k >= 3681720) AND (k <= 3681820))

table 5 : explain SELECT k, c FROM sbtest5 WHERE k BETWEEN 3681720 AND 3681820
	Bitmap Heap Scan on sbtest5  (cost=5.57..444.49 rows=111 width=125)
	  Recheck Cond: ((k >= 3681720) AND (k <= 3681820))
	  ->  Bitmap Index Scan on k_5  (cost=0.00..5.54 rows=111 width=0)
	        Index Cond: ((k >= 3681720) AND (k <= 3681820))

table 6 : explain SELECT k, c FROM sbtest6 WHERE k BETWEEN 3681720 AND 3681820
	Bitmap Heap Scan on sbtest6  (cost=5.58..448.42 rows=112 width=125)
	  Recheck Cond: ((k >= 3681720) AND (k <= 3681820))
	  ->  Bitmap Index Scan on k_6  (cost=0.00..5.55 rows=112 width=0)
	        Index Cond: ((k >= 3681720) AND (k <= 3681820))

table 7 : explain SELECT k, c FROM sbtest7 WHERE k BETWEEN 3681720 AND 3681820
	Bitmap Heap Scan on sbtest7  (cost=5.39..373.61 rows=93 width=125)
	  Recheck Cond: ((k >= 3681720) AND (k <= 3681820))
	  ->  Bitmap Index Scan on k_7  (cost=0.00..5.36 rows=93 width=0)
	        Index Cond: ((k >= 3681720) AND (k <= 3681820))

table 8 : explain SELECT k, c FROM sbtest8 WHERE k BETWEEN 3681720 AND 3681820
	Bitmap Heap Scan on sbtest8  (cost=5.49..413.00 rows=103 width=125)
	  Recheck Cond: ((k >= 3681720) AND (k <= 3681820))
	  ->  Bitmap Index Scan on k_8  (cost=0.00..5.46 rows=103 width=0)
	        Index Cond: ((k >= 3681720) AND (k <= 3681820))

explain: for range-notcovered :: explain SELECT k, c FROM sbtest%d WHERE k BETWEEN 3681720 AND 3681820
explain: for range-notcovered :: explain SELECT k, c FROM sbtest%d WHERE k BETWEEN 6198697 AND 6198797
for range-notcovered
table 1 : explain SELECT k, c FROM sbtest1 WHERE k BETWEEN 4163607 AND 4163707
	Bitmap Heap Scan on sbtest1  (cost=5.44..393.31 rows=98 width=125)
	  Recheck Cond: ((k >= 4163607) AND (k <= 4163707))
	  ->  Bitmap Index Scan on k_1  (cost=0.00..5.42 rows=98 width=0)
	        Index Cond: ((k >= 4163607) AND (k <= 4163707))

table 2 : explain SELECT k, c FROM sbtest2 WHERE k BETWEEN 4163607 AND 4163707
	Bitmap Heap Scan on sbtest2  (cost=5.47..405.13 rows=101 width=125)
	  Recheck Cond: ((k >= 4163607) AND (k <= 4163707))
	  ->  Bitmap Index Scan on k_2  (cost=0.00..5.44 rows=101 width=0)
	        Index Cond: ((k >= 4163607) AND (k <= 4163707))

table 3 : explain SELECT k, c FROM sbtest3 WHERE k BETWEEN 4163607 AND 4163707
	Bitmap Heap Scan on sbtest3  (cost=5.46..401.19 rows=100 width=125)
	  Recheck Cond: ((k >= 4163607) AND (k <= 4163707))
	  ->  Bitmap Index Scan on k_3  (cost=0.00..5.43 rows=100 width=0)
	        Index Cond: ((k >= 4163607) AND (k <= 4163707))

table 4 : explain SELECT k, c FROM sbtest4 WHERE k BETWEEN 4163607 AND 4163707
	Bitmap Heap Scan on sbtest4  (cost=5.55..436.62 rows=109 width=125)
	  Recheck Cond: ((k >= 4163607) AND (k <= 4163707))
	  ->  Bitmap Index Scan on k_4  (cost=0.00..5.52 rows=109 width=0)
	        Index Cond: ((k >= 4163607) AND (k <= 4163707))

table 5 : explain SELECT k, c FROM sbtest5 WHERE k BETWEEN 4163607 AND 4163707
	Bitmap Heap Scan on sbtest5  (cost=5.49..413.00 rows=103 width=125)
	  Recheck Cond: ((k >= 4163607) AND (k <= 4163707))
	  ->  Bitmap Index Scan on k_5  (cost=0.00..5.46 rows=103 width=0)
	        Index Cond: ((k >= 4163607) AND (k <= 4163707))

table 6 : explain SELECT k, c FROM sbtest6 WHERE k BETWEEN 4163607 AND 4163707
	Bitmap Heap Scan on sbtest6  (cost=5.48..409.07 rows=102 width=125)
	  Recheck Cond: ((k >= 4163607) AND (k <= 4163707))
	  ->  Bitmap Index Scan on k_6  (cost=0.00..5.45 rows=102 width=0)
	        Index Cond: ((k >= 4163607) AND (k <= 4163707))

table 7 : explain SELECT k, c FROM sbtest7 WHERE k BETWEEN 4163607 AND 4163707
	Bitmap Heap Scan on sbtest7  (cost=5.60..456.29 rows=114 width=125)
	  Recheck Cond: ((k >= 4163607) AND (k <= 4163707))
	  ->  Bitmap Index Scan on k_7  (cost=0.00..5.58 rows=114 width=0)
	        Index Cond: ((k >= 4163607) AND (k <= 4163707))

table 8 : explain SELECT k, c FROM sbtest8 WHERE k BETWEEN 4163607 AND 4163707
	Bitmap Heap Scan on sbtest8  (cost=5.42..385.43 rows=96 width=125)
	  Recheck Cond: ((k >= 4163607) AND (k <= 4163707))
	  ->  Bitmap Index Scan on k_8  (cost=0.00..5.39 rows=96 width=0)
	        Index Cond: ((k >= 4163607) AND (k <= 4163707))

for range-notcovered
table 1 : explain SELECT k, c FROM sbtest1 WHERE k BETWEEN 2470061 AND 2470161
	Bitmap Heap Scan on sbtest1  (cost=5.57..444.49 rows=111 width=125)
	  Recheck Cond: ((k >= 2470061) AND (k <= 2470161))
	  ->  Bitmap Index Scan on k_1  (cost=0.00..5.54 rows=111 width=0)
	        Index Cond: ((k >= 2470061) AND (k <= 2470161))

table 2 : explain SELECT k, c FROM sbtest2 WHERE k BETWEEN 2470061 AND 2470161
	Bitmap Heap Scan on sbtest2  (cost=5.47..405.13 rows=101 width=125)
	  Recheck Cond: ((k >= 2470061) AND (k <= 2470161))
	  ->  Bitmap Index Scan on k_2  (cost=0.00..5.44 rows=101 width=0)
	        Index Cond: ((k >= 2470061) AND (k <= 2470161))

table 3 : explain SELECT k, c FROM sbtest3 WHERE k BETWEEN 2470061 AND 2470161
	Bitmap Heap Scan on sbtest3  (cost=5.47..405.13 rows=101 width=125)
	  Recheck Cond: ((k >= 2470061) AND (k <= 2470161))
	  ->  Bitmap Index Scan on k_3  (cost=0.00..5.44 rows=101 width=0)
	        Index Cond: ((k >= 2470061) AND (k <= 2470161))

table 4 : explain SELECT k, c FROM sbtest4 WHERE k BETWEEN 2470061 AND 2470161
	Bitmap Heap Scan on sbtest4  (cost=5.52..424.81 rows=106 width=125)
	  Recheck Cond: ((k >= 2470061) AND (k <= 2470161))
	  ->  Bitmap Index Scan on k_4  (cost=0.00..5.50 rows=106 width=0)
	        Index Cond: ((k >= 2470061) AND (k <= 2470161))

table 5 : explain SELECT k, c FROM sbtest5 WHERE k BETWEEN 2470061 AND 2470161
	Bitmap Heap Scan on sbtest5  (cost=5.40..377.55 rows=94 width=125)
	  Recheck Cond: ((k >= 2470061) AND (k <= 2470161))
	  ->  Bitmap Index Scan on k_5  (cost=0.00..5.38 rows=94 width=0)
	        Index Cond: ((k >= 2470061) AND (k <= 2470161))

table 6 : explain SELECT k, c FROM sbtest6 WHERE k BETWEEN 2470061 AND 2470161
	Bitmap Heap Scan on sbtest6  (cost=5.44..393.31 rows=98 width=125)
	  Recheck Cond: ((k >= 2470061) AND (k <= 2470161))
	  ->  Bitmap Index Scan on k_6  (cost=0.00..5.42 rows=98 width=0)
	        Index Cond: ((k >= 2470061) AND (k <= 2470161))

table 7 : explain SELECT k, c FROM sbtest7 WHERE k BETWEEN 2470061 AND 2470161
	Bitmap Heap Scan on sbtest7  (cost=5.42..385.43 rows=96 width=125)
	  Recheck Cond: ((k >= 2470061) AND (k <= 2470161))
	  ->  Bitmap Index Scan on k_7  (cost=0.00..5.39 rows=96 width=0)
	        Index Cond: ((k >= 2470061) AND (k <= 2470161))

table 8 : explain SELECT k, c FROM sbtest8 WHERE k BETWEEN 2470061 AND 2470161
	Bitmap Heap Scan on sbtest8  (cost=5.43..389.37 rows=97 width=125)
	  Recheck Cond: ((k >= 2470061) AND (k <= 2470161))
	  ->  Bitmap Index Scan on k_8  (cost=0.00..5.40 rows=97 width=0)
	        Index Cond: ((k >= 2470061) AND (k <= 2470161))

explain: for range-notcovered :: explain SELECT k, c FROM sbtest%d WHERE k BETWEEN 4163607 AND 4163707
explain: for range-notcovered :: explain SELECT k, c FROM sbtest%d WHERE k BETWEEN 2470061 AND 2470161
for range-notcovered
table 1 : explain SELECT k, c FROM sbtest1 WHERE k BETWEEN 3981026 AND 3981126
	Bitmap Heap Scan on sbtest1  (cost=5.45..397.25 rows=99 width=125)
	  Recheck Cond: ((k >= 3981026) AND (k <= 3981126))
	  ->  Bitmap Index Scan on k_1  (cost=0.00..5.42 rows=99 width=0)
	        Index Cond: ((k >= 3981026) AND (k <= 3981126))

table 2 : explain SELECT k, c FROM sbtest2 WHERE k BETWEEN 3981026 AND 3981126
	Bitmap Heap Scan on sbtest2  (cost=5.44..393.31 rows=98 width=125)
	  Recheck Cond: ((k >= 3981026) AND (k <= 3981126))
	  ->  Bitmap Index Scan on k_2  (cost=0.00..5.42 rows=98 width=0)
	        Index Cond: ((k >= 3981026) AND (k <= 3981126))

table 3 : explain SELECT k, c FROM sbtest3 WHERE k BETWEEN 3981026 AND 3981126
	Bitmap Heap Scan on sbtest3  (cost=5.50..416.94 rows=104 width=125)
	  Recheck Cond: ((k >= 3981026) AND (k <= 3981126))
	  ->  Bitmap Index Scan on k_3  (cost=0.00..5.47 rows=104 width=0)
	        Index Cond: ((k >= 3981026) AND (k <= 3981126))

table 4 : explain SELECT k, c FROM sbtest4 WHERE k BETWEEN 3981026 AND 3981126
	Bitmap Heap Scan on sbtest4  (cost=5.42..385.43 rows=96 width=125)
	  Recheck Cond: ((k >= 3981026) AND (k <= 3981126))
	  ->  Bitmap Index Scan on k_4  (cost=0.00..5.39 rows=96 width=0)
	        Index Cond: ((k >= 3981026) AND (k <= 3981126))

table 5 : explain SELECT k, c FROM sbtest5 WHERE k BETWEEN 3981026 AND 3981126
	Bitmap Heap Scan on sbtest5  (cost=5.47..405.13 rows=101 width=125)
	  Recheck Cond: ((k >= 3981026) AND (k <= 3981126))
	  ->  Bitmap Index Scan on k_5  (cost=0.00..5.44 rows=101 width=0)
	        Index Cond: ((k >= 3981026) AND (k <= 3981126))

table 6 : explain SELECT k, c FROM sbtest6 WHERE k BETWEEN 3981026 AND 3981126
	Bitmap Heap Scan on sbtest6  (cost=5.47..405.13 rows=101 width=125)
	  Recheck Cond: ((k >= 3981026) AND (k <= 3981126))
	  ->  Bitmap Index Scan on k_6  (cost=0.00..5.44 rows=101 width=0)
	        Index Cond: ((k >= 3981026) AND (k <= 3981126))

table 7 : explain SELECT k, c FROM sbtest7 WHERE k BETWEEN 3981026 AND 3981126
	Bitmap Heap Scan on sbtest7  (cost=5.46..401.19 rows=100 width=125)
	  Recheck Cond: ((k >= 3981026) AND (k <= 3981126))
	  ->  Bitmap Index Scan on k_7  (cost=0.00..5.43 rows=100 width=0)
	        Index Cond: ((k >= 3981026) AND (k <= 3981126))

table 8 : explain SELECT k, c FROM sbtest8 WHERE k BETWEEN 3981026 AND 3981126
	Bitmap Heap Scan on sbtest8  (cost=5.46..401.19 rows=100 width=125)
	  Recheck Cond: ((k >= 3981026) AND (k <= 3981126))
	  ->  Bitmap Index Scan on k_8  (cost=0.00..5.43 rows=100 width=0)
	        Index Cond: ((k >= 3981026) AND (k <= 3981126))

explain: for range-notcovered :: explain SELECT k, c FROM sbtest%d WHERE k BETWEEN 3981026 AND 3981126
explain: for range-notcovered :: explain SELECT k, c FROM sbtest%d WHERE k BETWEEN 4136690 AND 4136790
for range-notcovered
table 1 : explain SELECT k, c FROM sbtest1 WHERE k BETWEEN 8510886 AND 8510986
	Bitmap Heap Scan on sbtest1  (cost=5.46..401.19 rows=100 width=125)
	  Recheck Cond: ((k >= 8510886) AND (k <= 8510986))
	  ->  Bitmap Index Scan on k_1  (cost=0.00..5.43 rows=100 width=0)
	        Index Cond: ((k >= 8510886) AND (k <= 8510986))

table 2 : explain SELECT k, c FROM sbtest2 WHERE k BETWEEN 8510886 AND 8510986
	Bitmap Heap Scan on sbtest2  (cost=5.50..416.94 rows=104 width=125)
	  Recheck Cond: ((k >= 8510886) AND (k <= 8510986))
	  ->  Bitmap Index Scan on k_2  (cost=0.00..5.47 rows=104 width=0)
	        Index Cond: ((k >= 8510886) AND (k <= 8510986))

table 3 : explain SELECT k, c FROM sbtest3 WHERE k BETWEEN 8510886 AND 8510986
	Bitmap Heap Scan on sbtest3  (cost=5.55..436.62 rows=109 width=125)
	  Recheck Cond: ((k >= 8510886) AND (k <= 8510986))
	  ->  Bitmap Index Scan on k_3  (cost=0.00..5.52 rows=109 width=0)
	        Index Cond: ((k >= 8510886) AND (k <= 8510986))

table 4 : explain SELECT k, c FROM sbtest4 WHERE k BETWEEN 8510886 AND 8510986
	Bitmap Heap Scan on sbtest4  (cost=5.60..456.29 rows=114 width=125)
	  Recheck Cond: ((k >= 8510886) AND (k <= 8510986))
	  ->  Bitmap Index Scan on k_4  (cost=0.00..5.58 rows=114 width=0)
	        Index Cond: ((k >= 8510886) AND (k <= 8510986))

table 5 : explain SELECT k, c FROM sbtest5 WHERE k BETWEEN 8510886 AND 8510986
	Bitmap Heap Scan on sbtest5  (cost=5.60..456.29 rows=114 width=125)
	  Recheck Cond: ((k >= 8510886) AND (k <= 8510986))
	  ->  Bitmap Index Scan on k_5  (cost=0.00..5.58 rows=114 width=0)
	        Index Cond: ((k >= 8510886) AND (k <= 8510986))

table 6 : explain SELECT k, c FROM sbtest6 WHERE k BETWEEN 8510886 AND 8510986
	Bitmap Heap Scan on sbtest6  (cost=5.38..369.67 rows=92 width=125)
	  Recheck Cond: ((k >= 8510886) AND (k <= 8510986))
	  ->  Bitmap Index Scan on k_6  (cost=0.00..5.35 rows=92 width=0)
	        Index Cond: ((k >= 8510886) AND (k <= 8510986))

table 7 : explain SELECT k, c FROM sbtest7 WHERE k BETWEEN 8510886 AND 8510986
	Bitmap Heap Scan on sbtest7  (cost=5.54..432.69 rows=108 width=125)
	  Recheck Cond: ((k >= 8510886) AND (k <= 8510986))
	  ->  Bitmap Index Scan on k_7  (cost=0.00..5.51 rows=108 width=0)
	        Index Cond: ((k >= 8510886) AND (k <= 8510986))

table 8 : explain SELECT k, c FROM sbtest8 WHERE k BETWEEN 8510886 AND 8510986
	Bitmap Heap Scan on sbtest8  (cost=5.58..448.42 rows=112 width=125)
	  Recheck Cond: ((k >= 8510886) AND (k <= 8510986))
	  ->  Bitmap Index Scan on k_8  (cost=0.00..5.55 rows=112 width=0)
	        Index Cond: ((k >= 8510886) AND (k <= 8510986))

explain: for range-notcovered :: explain SELECT k, c FROM sbtest%d WHERE k BETWEEN 8510886 AND 8510986
for range-notcovered
table 1 : explain SELECT k, c FROM sbtest1 WHERE k BETWEEN 6198697 AND 6198797
	Bitmap Heap Scan on sbtest1  (cost=5.42..385.43 rows=96 width=125)
	  Recheck Cond: ((k >= 6198697) AND (k <= 6198797))
	  ->  Bitmap Index Scan on k_1  (cost=0.00..5.39 rows=96 width=0)
	        Index Cond: ((k >= 6198697) AND (k <= 6198797))

table 2 : explain SELECT k, c FROM sbtest2 WHERE k BETWEEN 6198697 AND 6198797
	Bitmap Heap Scan on sbtest2  (cost=5.44..393.31 rows=98 width=125)
	  Recheck Cond: ((k >= 6198697) AND (k <= 6198797))
	  ->  Bitmap Index Scan on k_2  (cost=0.00..5.42 rows=98 width=0)
	        Index Cond: ((k >= 6198697) AND (k <= 6198797))

table 3 : explain SELECT k, c FROM sbtest3 WHERE k BETWEEN 6198697 AND 6198797
	Bitmap Heap Scan on sbtest3  (cost=5.44..393.31 rows=98 width=125)
	  Recheck Cond: ((k >= 6198697) AND (k <= 6198797))
	  ->  Bitmap Index Scan on k_3  (cost=0.00..5.42 rows=98 width=0)
	        Index Cond: ((k >= 6198697) AND (k <= 6198797))

table 4 : explain SELECT k, c FROM sbtest4 WHERE k BETWEEN 6198697 AND 6198797
	Bitmap Heap Scan on sbtest4  (cost=5.34..353.89 rows=88 width=125)
	  Recheck Cond: ((k >= 6198697) AND (k <= 6198797))
	  ->  Bitmap Index Scan on k_4  (cost=0.00..5.31 rows=88 width=0)
	        Index Cond: ((k >= 6198697) AND (k <= 6198797))

table 5 : explain SELECT k, c FROM sbtest5 WHERE k BETWEEN 6198697 AND 6198797
	Bitmap Heap Scan on sbtest5  (cost=5.41..381.49 rows=95 width=125)
	  Recheck Cond: ((k >= 6198697) AND (k <= 6198797))
	  ->  Bitmap Index Scan on k_5  (cost=0.00..5.38 rows=95 width=0)
	        Index Cond: ((k >= 6198697) AND (k <= 6198797))

table 6 : explain SELECT k, c FROM sbtest6 WHERE k BETWEEN 6198697 AND 6198797
	Bitmap Heap Scan on sbtest6  (cost=5.49..413.00 rows=103 width=125)
	  Recheck Cond: ((k >= 6198697) AND (k <= 6198797))
	  ->  Bitmap Index Scan on k_6  (cost=0.00..5.46 rows=103 width=0)
	        Index Cond: ((k >= 6198697) AND (k <= 6198797))

table 7 : explain SELECT k, c FROM sbtest7 WHERE k BETWEEN 6198697 AND 6198797
	Bitmap Heap Scan on sbtest7  (cost=5.44..393.31 rows=98 width=125)
	  Recheck Cond: ((k >= 6198697) AND (k <= 6198797))
	  ->  Bitmap Index Scan on k_7  (cost=0.00..5.42 rows=98 width=0)
	        Index Cond: ((k >= 6198697) AND (k <= 6198797))

table 8 : explain SELECT k, c FROM sbtest8 WHERE k BETWEEN 6198697 AND 6198797
	Bitmap Heap Scan on sbtest8  (cost=5.50..416.94 rows=104 width=125)
	  Recheck Cond: ((k >= 6198697) AND (k <= 6198797))
	  ->  Bitmap Index Scan on k_8  (cost=0.00..5.47 rows=104 width=0)
	        Index Cond: ((k >= 6198697) AND (k <= 6198797))

explain: for range-notcovered :: explain SELECT k, c FROM sbtest%d WHERE k BETWEEN 6198697 AND 6198797
for range-notcovered
table 1 : explain SELECT k, c FROM sbtest1 WHERE k BETWEEN 4163607 AND 4163707
	Bitmap Heap Scan on sbtest1  (cost=5.44..393.31 rows=98 width=125)
	  Recheck Cond: ((k >= 4163607) AND (k <= 4163707))
	  ->  Bitmap Index Scan on k_1  (cost=0.00..5.42 rows=98 width=0)
	        Index Cond: ((k >= 4163607) AND (k <= 4163707))

table 2 : explain SELECT k, c FROM sbtest2 WHERE k BETWEEN 4163607 AND 4163707
	Bitmap Heap Scan on sbtest2  (cost=5.47..405.13 rows=101 width=125)
	  Recheck Cond: ((k >= 4163607) AND (k <= 4163707))
	  ->  Bitmap Index Scan on k_2  (cost=0.00..5.44 rows=101 width=0)
	        Index Cond: ((k >= 4163607) AND (k <= 4163707))

table 3 : explain SELECT k, c FROM sbtest3 WHERE k BETWEEN 4163607 AND 4163707
	Bitmap Heap Scan on sbtest3  (cost=5.46..401.19 rows=100 width=125)
	  Recheck Cond: ((k >= 4163607) AND (k <= 4163707))
	  ->  Bitmap Index Scan on k_3  (cost=0.00..5.43 rows=100 width=0)
	        Index Cond: ((k >= 4163607) AND (k <= 4163707))

table 4 : explain SELECT k, c FROM sbtest4 WHERE k BETWEEN 4163607 AND 4163707
	Bitmap Heap Scan on sbtest4  (cost=5.55..436.62 rows=109 width=125)
	  Recheck Cond: ((k >= 4163607) AND (k <= 4163707))
	  ->  Bitmap Index Scan on k_4  (cost=0.00..5.52 rows=109 width=0)
	        Index Cond: ((k >= 4163607) AND (k <= 4163707))

table 5 : explain SELECT k, c FROM sbtest5 WHERE k BETWEEN 4163607 AND 4163707
	Bitmap Heap Scan on sbtest5  (cost=5.49..413.00 rows=103 width=125)
	  Recheck Cond: ((k >= 4163607) AND (k <= 4163707))
	  ->  Bitmap Index Scan on k_5  (cost=0.00..5.46 rows=103 width=0)
	        Index Cond: ((k >= 4163607) AND (k <= 4163707))

table 6 : explain SELECT k, c FROM sbtest6 WHERE k BETWEEN 4163607 AND 4163707
	Bitmap Heap Scan on sbtest6  (cost=5.48..409.07 rows=102 width=125)
	  Recheck Cond: ((k >= 4163607) AND (k <= 4163707))
	  ->  Bitmap Index Scan on k_6  (cost=0.00..5.45 rows=102 width=0)
	        Index Cond: ((k >= 4163607) AND (k <= 4163707))

table 7 : explain SELECT k, c FROM sbtest7 WHERE k BETWEEN 4163607 AND 4163707
	Bitmap Heap Scan on sbtest7  (cost=5.60..456.29 rows=114 width=125)
	  Recheck Cond: ((k >= 4163607) AND (k <= 4163707))
	  ->  Bitmap Index Scan on k_7  (cost=0.00..5.58 rows=114 width=0)
	        Index Cond: ((k >= 4163607) AND (k <= 4163707))

table 8 : explain SELECT k, c FROM sbtest8 WHERE k BETWEEN 4163607 AND 4163707
	Bitmap Heap Scan on sbtest8  (cost=5.42..385.43 rows=96 width=125)
	  Recheck Cond: ((k >= 4163607) AND (k <= 4163707))
	  ->  Bitmap Index Scan on k_8  (cost=0.00..5.39 rows=96 width=0)
	        Index Cond: ((k >= 4163607) AND (k <= 4163707))

for range-notcovered
table 1 : explain SELECT k, c FROM sbtest1 WHERE k BETWEEN 2470061 AND 2470161
	Bitmap Heap Scan on sbtest1  (cost=5.57..444.49 rows=111 width=125)
	  Recheck Cond: ((k >= 2470061) AND (k <= 2470161))
	  ->  Bitmap Index Scan on k_1  (cost=0.00..5.54 rows=111 width=0)
	        Index Cond: ((k >= 2470061) AND (k <= 2470161))

table 2 : explain SELECT k, c FROM sbtest2 WHERE k BETWEEN 2470061 AND 2470161
	Bitmap Heap Scan on sbtest2  (cost=5.47..405.13 rows=101 width=125)
	  Recheck Cond: ((k >= 2470061) AND (k <= 2470161))
	  ->  Bitmap Index Scan on k_2  (cost=0.00..5.44 rows=101 width=0)
	        Index Cond: ((k >= 2470061) AND (k <= 2470161))

table 3 : explain SELECT k, c FROM sbtest3 WHERE k BETWEEN 2470061 AND 2470161
	Bitmap Heap Scan on sbtest3  (cost=5.47..405.13 rows=101 width=125)
	  Recheck Cond: ((k >= 2470061) AND (k <= 2470161))
	  ->  Bitmap Index Scan on k_3  (cost=0.00..5.44 rows=101 width=0)
	        Index Cond: ((k >= 2470061) AND (k <= 2470161))

table 4 : explain SELECT k, c FROM sbtest4 WHERE k BETWEEN 2470061 AND 2470161
	Bitmap Heap Scan on sbtest4  (cost=5.52..424.81 rows=106 width=125)
	  Recheck Cond: ((k >= 2470061) AND (k <= 2470161))
	  ->  Bitmap Index Scan on k_4  (cost=0.00..5.50 rows=106 width=0)
	        Index Cond: ((k >= 2470061) AND (k <= 2470161))

table 5 : explain SELECT k, c FROM sbtest5 WHERE k BETWEEN 2470061 AND 2470161
	Bitmap Heap Scan on sbtest5  (cost=5.40..377.55 rows=94 width=125)
	  Recheck Cond: ((k >= 2470061) AND (k <= 2470161))
	  ->  Bitmap Index Scan on k_5  (cost=0.00..5.38 rows=94 width=0)
	        Index Cond: ((k >= 2470061) AND (k <= 2470161))

table 6 : explain SELECT k, c FROM sbtest6 WHERE k BETWEEN 2470061 AND 2470161
	Bitmap Heap Scan on sbtest6  (cost=5.44..393.31 rows=98 width=125)
	  Recheck Cond: ((k >= 2470061) AND (k <= 2470161))
	  ->  Bitmap Index Scan on k_6  (cost=0.00..5.42 rows=98 width=0)
	        Index Cond: ((k >= 2470061) AND (k <= 2470161))

table 7 : explain SELECT k, c FROM sbtest7 WHERE k BETWEEN 2470061 AND 2470161
	Bitmap Heap Scan on sbtest7  (cost=5.42..385.43 rows=96 width=125)
	  Recheck Cond: ((k >= 2470061) AND (k <= 2470161))
	  ->  Bitmap Index Scan on k_7  (cost=0.00..5.39 rows=96 width=0)
	        Index Cond: ((k >= 2470061) AND (k <= 2470161))

table 8 : explain SELECT k, c FROM sbtest8 WHERE k BETWEEN 2470061 AND 2470161
	Bitmap Heap Scan on sbtest8  (cost=5.43..389.37 rows=97 width=125)
	  Recheck Cond: ((k >= 2470061) AND (k <= 2470161))
	  ->  Bitmap Index Scan on k_8  (cost=0.00..5.40 rows=97 width=0)
	        Index Cond: ((k >= 2470061) AND (k <= 2470161))

explain: for range-notcovered :: explain SELECT k, c FROM sbtest%d WHERE k BETWEEN 4163607 AND 4163707
explain: for range-notcovered :: explain SELECT k, c FROM sbtest%d WHERE k BETWEEN 2470061 AND 2470161
for range-notcovered
table 1 : explain SELECT k, c FROM sbtest1 WHERE k BETWEEN 3981026 AND 3981126
	Bitmap Heap Scan on sbtest1  (cost=5.45..397.25 rows=99 width=125)
	  Recheck Cond: ((k >= 3981026) AND (k <= 3981126))
	  ->  Bitmap Index Scan on k_1  (cost=0.00..5.42 rows=99 width=0)
	        Index Cond: ((k >= 3981026) AND (k <= 3981126))

table 2 : explain SELECT k, c FROM sbtest2 WHERE k BETWEEN 3981026 AND 3981126
	Bitmap Heap Scan on sbtest2  (cost=5.44..393.31 rows=98 width=125)
	  Recheck Cond: ((k >= 3981026) AND (k <= 3981126))
	  ->  Bitmap Index Scan on k_2  (cost=0.00..5.42 rows=98 width=0)
	        Index Cond: ((k >= 3981026) AND (k <= 3981126))

table 3 : explain SELECT k, c FROM sbtest3 WHERE k BETWEEN 3981026 AND 3981126
	Bitmap Heap Scan on sbtest3  (cost=5.50..416.94 rows=104 width=125)
	  Recheck Cond: ((k >= 3981026) AND (k <= 3981126))
	  ->  Bitmap Index Scan on k_3  (cost=0.00..5.47 rows=104 width=0)
	        Index Cond: ((k >= 3981026) AND (k <= 3981126))

table 4 : explain SELECT k, c FROM sbtest4 WHERE k BETWEEN 3981026 AND 3981126
	Bitmap Heap Scan on sbtest4  (cost=5.42..385.43 rows=96 width=125)
	  Recheck Cond: ((k >= 3981026) AND (k <= 3981126))
	  ->  Bitmap Index Scan on k_4  (cost=0.00..5.39 rows=96 width=0)
	        Index Cond: ((k >= 3981026) AND (k <= 3981126))

table 5 : explain SELECT k, c FROM sbtest5 WHERE k BETWEEN 3981026 AND 3981126
	Bitmap Heap Scan on sbtest5  (cost=5.47..405.13 rows=101 width=125)
	  Recheck Cond: ((k >= 3981026) AND (k <= 3981126))
	  ->  Bitmap Index Scan on k_5  (cost=0.00..5.44 rows=101 width=0)
	        Index Cond: ((k >= 3981026) AND (k <= 3981126))

table 6 : explain SELECT k, c FROM sbtest6 WHERE k BETWEEN 3981026 AND 3981126
	Bitmap Heap Scan on sbtest6  (cost=5.47..405.13 rows=101 width=125)
	  Recheck Cond: ((k >= 3981026) AND (k <= 3981126))
	  ->  Bitmap Index Scan on k_6  (cost=0.00..5.44 rows=101 width=0)
	        Index Cond: ((k >= 3981026) AND (k <= 3981126))

table 7 : explain SELECT k, c FROM sbtest7 WHERE k BETWEEN 3981026 AND 3981126
	Bitmap Heap Scan on sbtest7  (cost=5.46..401.19 rows=100 width=125)
	  Recheck Cond: ((k >= 3981026) AND (k <= 3981126))
	  ->  Bitmap Index Scan on k_7  (cost=0.00..5.43 rows=100 width=0)
	        Index Cond: ((k >= 3981026) AND (k <= 3981126))

table 8 : explain SELECT k, c FROM sbtest8 WHERE k BETWEEN 3981026 AND 3981126
	Bitmap Heap Scan on sbtest8  (cost=5.46..401.19 rows=100 width=125)
	  Recheck Cond: ((k >= 3981026) AND (k <= 3981126))
	  ->  Bitmap Index Scan on k_8  (cost=0.00..5.43 rows=100 width=0)
	        Index Cond: ((k >= 3981026) AND (k <= 3981126))

for range-notcovered
table 1 : explain SELECT k, c FROM sbtest1 WHERE k BETWEEN 5653637 AND 5653737
	Bitmap Heap Scan on sbtest1  (cost=5.58..448.42 rows=112 width=125)
	  Recheck Cond: ((k >= 5653637) AND (k <= 5653737))
	  ->  Bitmap Index Scan on k_1  (cost=0.00..5.55 rows=112 width=0)
	        Index Cond: ((k >= 5653637) AND (k <= 5653737))

table 2 : explain SELECT k, c FROM sbtest2 WHERE k BETWEEN 5653637 AND 5653737
	Bitmap Heap Scan on sbtest2  (cost=5.46..401.19 rows=100 width=125)
	  Recheck Cond: ((k >= 5653637) AND (k <= 5653737))
	  ->  Bitmap Index Scan on k_2  (cost=0.00..5.43 rows=100 width=0)
	        Index Cond: ((k >= 5653637) AND (k <= 5653737))

table 3 : explain SELECT k, c FROM sbtest3 WHERE k BETWEEN 5653637 AND 5653737
	Bitmap Heap Scan on sbtest3  (cost=5.61..460.22 rows=115 width=125)
	  Recheck Cond: ((k >= 5653637) AND (k <= 5653737))
	  ->  Bitmap Index Scan on k_3  (cost=0.00..5.58 rows=115 width=0)
	        Index Cond: ((k >= 5653637) AND (k <= 5653737))

table 4 : explain SELECT k, c FROM sbtest4 WHERE k BETWEEN 5653637 AND 5653737
	Bitmap Heap Scan on sbtest4  (cost=5.46..401.19 rows=100 width=125)
	  Recheck Cond: ((k >= 5653637) AND (k <= 5653737))
	  ->  Bitmap Index Scan on k_4  (cost=0.00..5.43 rows=100 width=0)
	        Index Cond: ((k >= 5653637) AND (k <= 5653737))

table 5 : explain SELECT k, c FROM sbtest5 WHERE k BETWEEN 5653637 AND 5653737
	Bitmap Heap Scan on sbtest5  (cost=5.54..432.69 rows=108 width=125)
	  Recheck Cond: ((k >= 5653637) AND (k <= 5653737))
	  ->  Bitmap Index Scan on k_5  (cost=0.00..5.51 rows=108 width=0)
	        Index Cond: ((k >= 5653637) AND (k <= 5653737))

table 6 : explain SELECT k, c FROM sbtest6 WHERE k BETWEEN 5653637 AND 5653737
	Bitmap Heap Scan on sbtest6  (cost=5.44..393.31 rows=98 width=125)
	  Recheck Cond: ((k >= 5653637) AND (k <= 5653737))
	  ->  Bitmap Index Scan on k_6  (cost=0.00..5.42 rows=98 width=0)
	        Index Cond: ((k >= 5653637) AND (k <= 5653737))

table 7 : explain SELECT k, c FROM sbtest7 WHERE k BETWEEN 5653637 AND 5653737
	Bitmap Heap Scan on sbtest7  (cost=5.40..377.55 rows=94 width=125)
	  Recheck Cond: ((k >= 5653637) AND (k <= 5653737))
	  ->  Bitmap Index Scan on k_7  (cost=0.00..5.38 rows=94 width=0)
	        Index Cond: ((k >= 5653637) AND (k <= 5653737))

table 8 : explain SELECT k, c FROM sbtest8 WHERE k BETWEEN 5653637 AND 5653737
	Bitmap Heap Scan on sbtest8  (cost=5.46..401.19 rows=100 width=125)
	  Recheck Cond: ((k >= 5653637) AND (k <= 5653737))
	  ->  Bitmap Index Scan on k_8  (cost=0.00..5.43 rows=100 width=0)
	        Index Cond: ((k >= 5653637) AND (k <= 5653737))

explain: for range-notcovered :: explain SELECT k, c FROM sbtest%d WHERE k BETWEEN 5653637 AND 5653737
for range-notcovered
table 1 : explain SELECT k, c FROM sbtest1 WHERE k BETWEEN 3681720 AND 3681820
	Bitmap Heap Scan on sbtest1  (cost=5.44..393.31 rows=98 width=125)
	  Recheck Cond: ((k >= 3681720) AND (k <= 3681820))
	  ->  Bitmap Index Scan on k_1  (cost=0.00..5.42 rows=98 width=0)
	        Index Cond: ((k >= 3681720) AND (k <= 3681820))

table 2 : explain SELECT k, c FROM sbtest2 WHERE k BETWEEN 3681720 AND 3681820
	Bitmap Heap Scan on sbtest2  (cost=5.45..397.25 rows=99 width=125)
	  Recheck Cond: ((k >= 3681720) AND (k <= 3681820))
	  ->  Bitmap Index Scan on k_2  (cost=0.00..5.42 rows=99 width=0)
	        Index Cond: ((k >= 3681720) AND (k <= 3681820))

table 3 : explain SELECT k, c FROM sbtest3 WHERE k BETWEEN 3681720 AND 3681820
	Bitmap Heap Scan on sbtest3  (cost=5.47..405.13 rows=101 width=125)
	  Recheck Cond: ((k >= 3681720) AND (k <= 3681820))
	  ->  Bitmap Index Scan on k_3  (cost=0.00..5.44 rows=101 width=0)
	        Index Cond: ((k >= 3681720) AND (k <= 3681820))

table 4 : explain SELECT k, c FROM sbtest4 WHERE k BETWEEN 3681720 AND 3681820
	Bitmap Heap Scan on sbtest4  (cost=5.47..405.13 rows=101 width=125)
	  Recheck Cond: ((k >= 3681720) AND (k <= 3681820))
	  ->  Bitmap Index Scan on k_4  (cost=0.00..5.44 rows=101 width=0)
	        Index Cond: ((k >= 3681720) AND (k <= 3681820))

table 5 : explain SELECT k, c FROM sbtest5 WHERE k BETWEEN 3681720 AND 3681820
	Bitmap Heap Scan on sbtest5  (cost=5.57..444.49 rows=111 width=125)
	  Recheck Cond: ((k >= 3681720) AND (k <= 3681820))
	  ->  Bitmap Index Scan on k_5  (cost=0.00..5.54 rows=111 width=0)
	        Index Cond: ((k >= 3681720) AND (k <= 3681820))

table 6 : explain SELECT k, c FROM sbtest6 WHERE k BETWEEN 3681720 AND 3681820
	Bitmap Heap Scan on sbtest6  (cost=5.58..448.42 rows=112 width=125)
	  Recheck Cond: ((k >= 3681720) AND (k <= 3681820))
	  ->  Bitmap Index Scan on k_6  (cost=0.00..5.55 rows=112 width=0)
	        Index Cond: ((k >= 3681720) AND (k <= 3681820))

table 7 : explain SELECT k, c FROM sbtest7 WHERE k BETWEEN 3681720 AND 3681820
	Bitmap Heap Scan on sbtest7  (cost=5.39..373.61 rows=93 width=125)
	  Recheck Cond: ((k >= 3681720) AND (k <= 3681820))
	  ->  Bitmap Index Scan on k_7  (cost=0.00..5.36 rows=93 width=0)
	        Index Cond: ((k >= 3681720) AND (k <= 3681820))

table 8 : explain SELECT k, c FROM sbtest8 WHERE k BETWEEN 3681720 AND 3681820
	Bitmap Heap Scan on sbtest8  (cost=5.49..413.00 rows=103 width=125)
	  Recheck Cond: ((k >= 3681720) AND (k <= 3681820))
	  ->  Bitmap Index Scan on k_8  (cost=0.00..5.46 rows=103 width=0)
	        Index Cond: ((k >= 3681720) AND (k <= 3681820))

explain: for range-notcovered :: explain SELECT k, c FROM sbtest%d WHERE k BETWEEN 3681720 AND 3681820
explain: for range-notcovered :: explain SELECT k, c FROM sbtest%d WHERE k BETWEEN 5561678 AND 5561778
for range-notcovered
table 1 : explain SELECT k, c FROM sbtest1 WHERE k BETWEEN 8510886 AND 8510986
	Bitmap Heap Scan on sbtest1  (cost=5.46..401.19 rows=100 width=125)
	  Recheck Cond: ((k >= 8510886) AND (k <= 8510986))
	  ->  Bitmap Index Scan on k_1  (cost=0.00..5.43 rows=100 width=0)
	        Index Cond: ((k >= 8510886) AND (k <= 8510986))

table 2 : explain SELECT k, c FROM sbtest2 WHERE k BETWEEN 8510886 AND 8510986
	Bitmap Heap Scan on sbtest2  (cost=5.50..416.94 rows=104 width=125)
	  Recheck Cond: ((k >= 8510886) AND (k <= 8510986))
	  ->  Bitmap Index Scan on k_2  (cost=0.00..5.47 rows=104 width=0)
	        Index Cond: ((k >= 8510886) AND (k <= 8510986))

table 3 : explain SELECT k, c FROM sbtest3 WHERE k BETWEEN 8510886 AND 8510986
	Bitmap Heap Scan on sbtest3  (cost=5.55..436.62 rows=109 width=125)
	  Recheck Cond: ((k >= 8510886) AND (k <= 8510986))
	  ->  Bitmap Index Scan on k_3  (cost=0.00..5.52 rows=109 width=0)
	        Index Cond: ((k >= 8510886) AND (k <= 8510986))

table 4 : explain SELECT k, c FROM sbtest4 WHERE k BETWEEN 8510886 AND 8510986
	Bitmap Heap Scan on sbtest4  (cost=5.60..456.29 rows=114 width=125)
	  Recheck Cond: ((k >= 8510886) AND (k <= 8510986))
	  ->  Bitmap Index Scan on k_4  (cost=0.00..5.58 rows=114 width=0)
	        Index Cond: ((k >= 8510886) AND (k <= 8510986))

table 5 : explain SELECT k, c FROM sbtest5 WHERE k BETWEEN 8510886 AND 8510986
	Bitmap Heap Scan on sbtest5  (cost=5.60..456.29 rows=114 width=125)
	  Recheck Cond: ((k >= 8510886) AND (k <= 8510986))
	  ->  Bitmap Index Scan on k_5  (cost=0.00..5.58 rows=114 width=0)
	        Index Cond: ((k >= 8510886) AND (k <= 8510986))

table 6 : explain SELECT k, c FROM sbtest6 WHERE k BETWEEN 8510886 AND 8510986
	Bitmap Heap Scan on sbtest6  (cost=5.38..369.67 rows=92 width=125)
	  Recheck Cond: ((k >= 8510886) AND (k <= 8510986))
	  ->  Bitmap Index Scan on k_6  (cost=0.00..5.35 rows=92 width=0)
	        Index Cond: ((k >= 8510886) AND (k <= 8510986))

table 7 : explain SELECT k, c FROM sbtest7 WHERE k BETWEEN 8510886 AND 8510986
	Bitmap Heap Scan on sbtest7  (cost=5.54..432.69 rows=108 width=125)
	  Recheck Cond: ((k >= 8510886) AND (k <= 8510986))
	  ->  Bitmap Index Scan on k_7  (cost=0.00..5.51 rows=108 width=0)
	        Index Cond: ((k >= 8510886) AND (k <= 8510986))

table 8 : explain SELECT k, c FROM sbtest8 WHERE k BETWEEN 8510886 AND 8510986
	Bitmap Heap Scan on sbtest8  (cost=5.58..448.42 rows=112 width=125)
	  Recheck Cond: ((k >= 8510886) AND (k <= 8510986))
	  ->  Bitmap Index Scan on k_8  (cost=0.00..5.55 rows=112 width=0)
	        Index Cond: ((k >= 8510886) AND (k <= 8510986))

for range-notcovered
table 1 : explain SELECT k, c FROM sbtest1 WHERE k BETWEEN 3965943 AND 3966043
	Bitmap Heap Scan on sbtest1  (cost=5.45..397.25 rows=99 width=125)
	  Recheck Cond: ((k >= 3965943) AND (k <= 3966043))
	  ->  Bitmap Index Scan on k_1  (cost=0.00..5.42 rows=99 width=0)
	        Index Cond: ((k >= 3965943) AND (k <= 3966043))

table 2 : explain SELECT k, c FROM sbtest2 WHERE k BETWEEN 3965943 AND 3966043
	Bitmap Heap Scan on sbtest2  (cost=5.44..393.31 rows=98 width=125)
	  Recheck Cond: ((k >= 3965943) AND (k <= 3966043))
	  ->  Bitmap Index Scan on k_2  (cost=0.00..5.42 rows=98 width=0)
	        Index Cond: ((k >= 3965943) AND (k <= 3966043))

table 3 : explain SELECT k, c FROM sbtest3 WHERE k BETWEEN 3965943 AND 3966043
	Bitmap Heap Scan on sbtest3  (cost=5.50..416.94 rows=104 width=125)
	  Recheck Cond: ((k >= 3965943) AND (k <= 3966043))
	  ->  Bitmap Index Scan on k_3  (cost=0.00..5.47 rows=104 width=0)
	        Index Cond: ((k >= 3965943) AND (k <= 3966043))

table 4 : explain SELECT k, c FROM sbtest4 WHERE k BETWEEN 3965943 AND 3966043
	Bitmap Heap Scan on sbtest4  (cost=5.42..385.43 rows=96 width=125)
	  Recheck Cond: ((k >= 3965943) AND (k <= 3966043))
	  ->  Bitmap Index Scan on k_4  (cost=0.00..5.39 rows=96 width=0)
	        Index Cond: ((k >= 3965943) AND (k <= 3966043))

table 5 : explain SELECT k, c FROM sbtest5 WHERE k BETWEEN 3965943 AND 3966043
	Bitmap Heap Scan on sbtest5  (cost=5.47..405.13 rows=101 width=125)
	  Recheck Cond: ((k >= 3965943) AND (k <= 3966043))
	  ->  Bitmap Index Scan on k_5  (cost=0.00..5.44 rows=101 width=0)
	        Index Cond: ((k >= 3965943) AND (k <= 3966043))

table 6 : explain SELECT k, c FROM sbtest6 WHERE k BETWEEN 3965943 AND 3966043
	Bitmap Heap Scan on sbtest6  (cost=5.47..405.13 rows=101 width=125)
	  Recheck Cond: ((k >= 3965943) AND (k <= 3966043))
	  ->  Bitmap Index Scan on k_6  (cost=0.00..5.44 rows=101 width=0)
	        Index Cond: ((k >= 3965943) AND (k <= 3966043))

table 7 : explain SELECT k, c FROM sbtest7 WHERE k BETWEEN 3965943 AND 3966043
	Bitmap Heap Scan on sbtest7  (cost=5.59..452.36 rows=113 width=125)
	  Recheck Cond: ((k >= 3965943) AND (k <= 3966043))
	  ->  Bitmap Index Scan on k_7  (cost=0.00..5.56 rows=113 width=0)
	        Index Cond: ((k >= 3965943) AND (k <= 3966043))

table 8 : explain SELECT k, c FROM sbtest8 WHERE k BETWEEN 3965943 AND 3966043
	Bitmap Heap Scan on sbtest8  (cost=5.46..401.19 rows=100 width=125)
	  Recheck Cond: ((k >= 3965943) AND (k <= 3966043))
	  ->  Bitmap Index Scan on k_8  (cost=0.00..5.43 rows=100 width=0)
	        Index Cond: ((k >= 3965943) AND (k <= 3966043))

for range-notcovered
table 1 : explain SELECT k, c FROM sbtest1 WHERE k BETWEEN 6198697 AND 6198797
	Bitmap Heap Scan on sbtest1  (cost=5.42..385.43 rows=96 width=125)
	  Recheck Cond: ((k >= 6198697) AND (k <= 6198797))
	  ->  Bitmap Index Scan on k_1  (cost=0.00..5.39 rows=96 width=0)
	        Index Cond: ((k >= 6198697) AND (k <= 6198797))

table 2 : explain SELECT k, c FROM sbtest2 WHERE k BETWEEN 6198697 AND 6198797
	Bitmap Heap Scan on sbtest2  (cost=5.44..393.31 rows=98 width=125)
	  Recheck Cond: ((k >= 6198697) AND (k <= 6198797))
	  ->  Bitmap Index Scan on k_2  (cost=0.00..5.42 rows=98 width=0)
	        Index Cond: ((k >= 6198697) AND (k <= 6198797))

table 3 : explain SELECT k, c FROM sbtest3 WHERE k BETWEEN 6198697 AND 6198797
	Bitmap Heap Scan on sbtest3  (cost=5.44..393.31 rows=98 width=125)
	  Recheck Cond: ((k >= 6198697) AND (k <= 6198797))
	  ->  Bitmap Index Scan on k_3  (cost=0.00..5.42 rows=98 width=0)
	        Index Cond: ((k >= 6198697) AND (k <= 6198797))

table 4 : explain SELECT k, c FROM sbtest4 WHERE k BETWEEN 6198697 AND 6198797
	Bitmap Heap Scan on sbtest4  (cost=5.34..353.89 rows=88 width=125)
	  Recheck Cond: ((k >= 6198697) AND (k <= 6198797))
	  ->  Bitmap Index Scan on k_4  (cost=0.00..5.31 rows=88 width=0)
	        Index Cond: ((k >= 6198697) AND (k <= 6198797))

table 5 : explain SELECT k, c FROM sbtest5 WHERE k BETWEEN 6198697 AND 6198797
	Bitmap Heap Scan on sbtest5  (cost=5.41..381.49 rows=95 width=125)
	  Recheck Cond: ((k >= 6198697) AND (k <= 6198797))
	  ->  Bitmap Index Scan on k_5  (cost=0.00..5.38 rows=95 width=0)
	        Index Cond: ((k >= 6198697) AND (k <= 6198797))

table 6 : explain SELECT k, c FROM sbtest6 WHERE k BETWEEN 6198697 AND 6198797
	Bitmap Heap Scan on sbtest6  (cost=5.49..413.00 rows=103 width=125)
	  Recheck Cond: ((k >= 6198697) AND (k <= 6198797))
	  ->  Bitmap Index Scan on k_6  (cost=0.00..5.46 rows=103 width=0)
	        Index Cond: ((k >= 6198697) AND (k <= 6198797))

table 7 : explain SELECT k, c FROM sbtest7 WHERE k BETWEEN 6198697 AND 6198797
	Bitmap Heap Scan on sbtest7  (cost=5.44..393.31 rows=98 width=125)
	  Recheck Cond: ((k >= 6198697) AND (k <= 6198797))
	  ->  Bitmap Index Scan on k_7  (cost=0.00..5.42 rows=98 width=0)
	        Index Cond: ((k >= 6198697) AND (k <= 6198797))

table 8 : explain SELECT k, c FROM sbtest8 WHERE k BETWEEN 6198697 AND 6198797
	Bitmap Heap Scan on sbtest8  (cost=5.50..416.94 rows=104 width=125)
	  Recheck Cond: ((k >= 6198697) AND (k <= 6198797))
	  ->  Bitmap Index Scan on k_8  (cost=0.00..5.47 rows=104 width=0)
	        Index Cond: ((k >= 6198697) AND (k <= 6198797))

explain: for range-notcovered :: explain SELECT k, c FROM sbtest%d WHERE k BETWEEN 8510886 AND 8510986
explain: for range-notcovered :: explain SELECT k, c FROM sbtest%d WHERE k BETWEEN 6198697 AND 6198797
for range-notcovered
table 1 : explain SELECT k, c FROM sbtest1 WHERE k BETWEEN 4163607 AND 4163707
	Bitmap Heap Scan on sbtest1  (cost=5.44..393.31 rows=98 width=125)
	  Recheck Cond: ((k >= 4163607) AND (k <= 4163707))
	  ->  Bitmap Index Scan on k_1  (cost=0.00..5.42 rows=98 width=0)
	        Index Cond: ((k >= 4163607) AND (k <= 4163707))

table 2 : explain SELECT k, c FROM sbtest2 WHERE k BETWEEN 4163607 AND 4163707
	Bitmap Heap Scan on sbtest2  (cost=5.47..405.13 rows=101 width=125)
	  Recheck Cond: ((k >= 4163607) AND (k <= 4163707))
	  ->  Bitmap Index Scan on k_2  (cost=0.00..5.44 rows=101 width=0)
	        Index Cond: ((k >= 4163607) AND (k <= 4163707))

table 3 : explain SELECT k, c FROM sbtest3 WHERE k BETWEEN 4163607 AND 4163707
	Bitmap Heap Scan on sbtest3  (cost=5.46..401.19 rows=100 width=125)
	  Recheck Cond: ((k >= 4163607) AND (k <= 4163707))
	  ->  Bitmap Index Scan on k_3  (cost=0.00..5.43 rows=100 width=0)
	        Index Cond: ((k >= 4163607) AND (k <= 4163707))

table 4 : explain SELECT k, c FROM sbtest4 WHERE k BETWEEN 4163607 AND 4163707
	Bitmap Heap Scan on sbtest4  (cost=5.55..436.62 rows=109 width=125)
	  Recheck Cond: ((k >= 4163607) AND (k <= 4163707))
	  ->  Bitmap Index Scan on k_4  (cost=0.00..5.52 rows=109 width=0)
	        Index Cond: ((k >= 4163607) AND (k <= 4163707))

table 5 : explain SELECT k, c FROM sbtest5 WHERE k BETWEEN 4163607 AND 4163707
	Bitmap Heap Scan on sbtest5  (cost=5.49..413.00 rows=103 width=125)
	  Recheck Cond: ((k >= 4163607) AND (k <= 4163707))
	  ->  Bitmap Index Scan on k_5  (cost=0.00..5.46 rows=103 width=0)
	        Index Cond: ((k >= 4163607) AND (k <= 4163707))

table 6 : explain SELECT k, c FROM sbtest6 WHERE k BETWEEN 4163607 AND 4163707
	Bitmap Heap Scan on sbtest6  (cost=5.48..409.07 rows=102 width=125)
	  Recheck Cond: ((k >= 4163607) AND (k <= 4163707))
	  ->  Bitmap Index Scan on k_6  (cost=0.00..5.45 rows=102 width=0)
	        Index Cond: ((k >= 4163607) AND (k <= 4163707))

table 7 : explain SELECT k, c FROM sbtest7 WHERE k BETWEEN 4163607 AND 4163707
	Bitmap Heap Scan on sbtest7  (cost=5.60..456.29 rows=114 width=125)
	  Recheck Cond: ((k >= 4163607) AND (k <= 4163707))
	  ->  Bitmap Index Scan on k_7  (cost=0.00..5.58 rows=114 width=0)
	        Index Cond: ((k >= 4163607) AND (k <= 4163707))

table 8 : explain SELECT k, c FROM sbtest8 WHERE k BETWEEN 4163607 AND 4163707
	Bitmap Heap Scan on sbtest8  (cost=5.42..385.43 rows=96 width=125)
	  Recheck Cond: ((k >= 4163607) AND (k <= 4163707))
	  ->  Bitmap Index Scan on k_8  (cost=0.00..5.39 rows=96 width=0)
	        Index Cond: ((k >= 4163607) AND (k <= 4163707))

for range-notcovered
table 1 : explain SELECT k, c FROM sbtest1 WHERE k BETWEEN 2470061 AND 2470161
	Bitmap Heap Scan on sbtest1  (cost=5.57..444.49 rows=111 width=125)
	  Recheck Cond: ((k >= 2470061) AND (k <= 2470161))
	  ->  Bitmap Index Scan on k_1  (cost=0.00..5.54 rows=111 width=0)
	        Index Cond: ((k >= 2470061) AND (k <= 2470161))

table 2 : explain SELECT k, c FROM sbtest2 WHERE k BETWEEN 2470061 AND 2470161
	Bitmap Heap Scan on sbtest2  (cost=5.47..405.13 rows=101 width=125)
	  Recheck Cond: ((k >= 2470061) AND (k <= 2470161))
	  ->  Bitmap Index Scan on k_2  (cost=0.00..5.44 rows=101 width=0)
	        Index Cond: ((k >= 2470061) AND (k <= 2470161))

table 3 : explain SELECT k, c FROM sbtest3 WHERE k BETWEEN 2470061 AND 2470161
	Bitmap Heap Scan on sbtest3  (cost=5.47..405.13 rows=101 width=125)
	  Recheck Cond: ((k >= 2470061) AND (k <= 2470161))
	  ->  Bitmap Index Scan on k_3  (cost=0.00..5.44 rows=101 width=0)
	        Index Cond: ((k >= 2470061) AND (k <= 2470161))

table 4 : explain SELECT k, c FROM sbtest4 WHERE k BETWEEN 2470061 AND 2470161
	Bitmap Heap Scan on sbtest4  (cost=5.52..424.81 rows=106 width=125)
	  Recheck Cond: ((k >= 2470061) AND (k <= 2470161))
	  ->  Bitmap Index Scan on k_4  (cost=0.00..5.50 rows=106 width=0)
	        Index Cond: ((k >= 2470061) AND (k <= 2470161))

table 5 : explain SELECT k, c FROM sbtest5 WHERE k BETWEEN 2470061 AND 2470161
	Bitmap Heap Scan on sbtest5  (cost=5.40..377.55 rows=94 width=125)
	  Recheck Cond: ((k >= 2470061) AND (k <= 2470161))
	  ->  Bitmap Index Scan on k_5  (cost=0.00..5.38 rows=94 width=0)
	        Index Cond: ((k >= 2470061) AND (k <= 2470161))

table 6 : explain SELECT k, c FROM sbtest6 WHERE k BETWEEN 2470061 AND 2470161
	Bitmap Heap Scan on sbtest6  (cost=5.44..393.31 rows=98 width=125)
	  Recheck Cond: ((k >= 2470061) AND (k <= 2470161))
	  ->  Bitmap Index Scan on k_6  (cost=0.00..5.42 rows=98 width=0)
	        Index Cond: ((k >= 2470061) AND (k <= 2470161))

table 7 : explain SELECT k, c FROM sbtest7 WHERE k BETWEEN 2470061 AND 2470161
	Bitmap Heap Scan on sbtest7  (cost=5.42..385.43 rows=96 width=125)
	  Recheck Cond: ((k >= 2470061) AND (k <= 2470161))
	  ->  Bitmap Index Scan on k_7  (cost=0.00..5.39 rows=96 width=0)
	        Index Cond: ((k >= 2470061) AND (k <= 2470161))

table 8 : explain SELECT k, c FROM sbtest8 WHERE k BETWEEN 2470061 AND 2470161
	Bitmap Heap Scan on sbtest8  (cost=5.43..389.37 rows=97 width=125)
	  Recheck Cond: ((k >= 2470061) AND (k <= 2470161))
	  ->  Bitmap Index Scan on k_8  (cost=0.00..5.40 rows=97 width=0)
	        Index Cond: ((k >= 2470061) AND (k <= 2470161))

explain: for range-notcovered :: explain SELECT k, c FROM sbtest%d WHERE k BETWEEN 4163607 AND 4163707
explain: for range-notcovered :: explain SELECT k, c FROM sbtest%d WHERE k BETWEEN 2470061 AND 2470161
explain: for range-notcovered :: explain SELECT k, c FROM sbtest%d WHERE k BETWEEN 3965943 AND 3966043
for range-notcovered
table 1 : explain SELECT k, c FROM sbtest1 WHERE k BETWEEN 5653637 AND 5653737
	Bitmap Heap Scan on sbtest1  (cost=5.58..448.42 rows=112 width=125)
	  Recheck Cond: ((k >= 5653637) AND (k <= 5653737))
	  ->  Bitmap Index Scan on k_1  (cost=0.00..5.55 rows=112 width=0)
	        Index Cond: ((k >= 5653637) AND (k <= 5653737))

table 2 : explain SELECT k, c FROM sbtest2 WHERE k BETWEEN 5653637 AND 5653737
	Bitmap Heap Scan on sbtest2  (cost=5.46..401.19 rows=100 width=125)
	  Recheck Cond: ((k >= 5653637) AND (k <= 5653737))
	  ->  Bitmap Index Scan on k_2  (cost=0.00..5.43 rows=100 width=0)
	        Index Cond: ((k >= 5653637) AND (k <= 5653737))

table 3 : explain SELECT k, c FROM sbtest3 WHERE k BETWEEN 5653637 AND 5653737
	Bitmap Heap Scan on sbtest3  (cost=5.61..460.22 rows=115 width=125)
	  Recheck Cond: ((k >= 5653637) AND (k <= 5653737))
	  ->  Bitmap Index Scan on k_3  (cost=0.00..5.58 rows=115 width=0)
	        Index Cond: ((k >= 5653637) AND (k <= 5653737))

table 4 : explain SELECT k, c FROM sbtest4 WHERE k BETWEEN 5653637 AND 5653737
	Bitmap Heap Scan on sbtest4  (cost=5.46..401.19 rows=100 width=125)
	  Recheck Cond: ((k >= 5653637) AND (k <= 5653737))
	  ->  Bitmap Index Scan on k_4  (cost=0.00..5.43 rows=100 width=0)
	        Index Cond: ((k >= 5653637) AND (k <= 5653737))

table 5 : explain SELECT k, c FROM sbtest5 WHERE k BETWEEN 5653637 AND 5653737
	Bitmap Heap Scan on sbtest5  (cost=5.54..432.69 rows=108 width=125)
	  Recheck Cond: ((k >= 5653637) AND (k <= 5653737))
	  ->  Bitmap Index Scan on k_5  (cost=0.00..5.51 rows=108 width=0)
	        Index Cond: ((k >= 5653637) AND (k <= 5653737))

table 6 : explain SELECT k, c FROM sbtest6 WHERE k BETWEEN 5653637 AND 5653737
	Bitmap Heap Scan on sbtest6  (cost=5.44..393.31 rows=98 width=125)
	  Recheck Cond: ((k >= 5653637) AND (k <= 5653737))
	  ->  Bitmap Index Scan on k_6  (cost=0.00..5.42 rows=98 width=0)
	        Index Cond: ((k >= 5653637) AND (k <= 5653737))

table 7 : explain SELECT k, c FROM sbtest7 WHERE k BETWEEN 5653637 AND 5653737
	Bitmap Heap Scan on sbtest7  (cost=5.40..377.55 rows=94 width=125)
	  Recheck Cond: ((k >= 5653637) AND (k <= 5653737))
	  ->  Bitmap Index Scan on k_7  (cost=0.00..5.38 rows=94 width=0)
	        Index Cond: ((k >= 5653637) AND (k <= 5653737))

table 8 : explain SELECT k, c FROM sbtest8 WHERE k BETWEEN 5653637 AND 5653737
	Bitmap Heap Scan on sbtest8  (cost=5.46..401.19 rows=100 width=125)
	  Recheck Cond: ((k >= 5653637) AND (k <= 5653737))
	  ->  Bitmap Index Scan on k_8  (cost=0.00..5.43 rows=100 width=0)
	        Index Cond: ((k >= 5653637) AND (k <= 5653737))

explain: for range-notcovered :: explain SELECT k, c FROM sbtest%d WHERE k BETWEEN 5653637 AND 5653737
for range-notcovered
table 1 : explain SELECT k, c FROM sbtest1 WHERE k BETWEEN 1959722 AND 1959822
	Bitmap Heap Scan on sbtest1  (cost=5.56..440.56 rows=110 width=125)
	  Recheck Cond: ((k >= 1959722) AND (k <= 1959822))
	  ->  Bitmap Index Scan on k_1  (cost=0.00..5.53 rows=110 width=0)
	        Index Cond: ((k >= 1959722) AND (k <= 1959822))

table 2 : explain SELECT k, c FROM sbtest2 WHERE k BETWEEN 1959722 AND 1959822
	Bitmap Heap Scan on sbtest2  (cost=5.58..448.42 rows=112 width=125)
	  Recheck Cond: ((k >= 1959722) AND (k <= 1959822))
	  ->  Bitmap Index Scan on k_2  (cost=0.00..5.55 rows=112 width=0)
	        Index Cond: ((k >= 1959722) AND (k <= 1959822))

table 3 : explain SELECT k, c FROM sbtest3 WHERE k BETWEEN 1959722 AND 1959822
	Bitmap Heap Scan on sbtest3  (cost=5.45..397.25 rows=99 width=125)
	  Recheck Cond: ((k >= 1959722) AND (k <= 1959822))
	  ->  Bitmap Index Scan on k_3  (cost=0.00..5.42 rows=99 width=0)
	        Index Cond: ((k >= 1959722) AND (k <= 1959822))

table 4 : explain SELECT k, c FROM sbtest4 WHERE k BETWEEN 1959722 AND 1959822
	Bitmap Heap Scan on sbtest4  (cost=5.41..381.49 rows=95 width=125)
	  Recheck Cond: ((k >= 1959722) AND (k <= 1959822))
	  ->  Bitmap Index Scan on k_4  (cost=0.00..5.38 rows=95 width=0)
	        Index Cond: ((k >= 1959722) AND (k <= 1959822))

table 5 : explain SELECT k, c FROM sbtest5 WHERE k BETWEEN 1959722 AND 1959822
	Bitmap Heap Scan on sbtest5  (cost=5.58..448.42 rows=112 width=125)
	  Recheck Cond: ((k >= 1959722) AND (k <= 1959822))
	  ->  Bitmap Index Scan on k_5  (cost=0.00..5.55 rows=112 width=0)
	        Index Cond: ((k >= 1959722) AND (k <= 1959822))

table 6 : explain SELECT k, c FROM sbtest6 WHERE k BETWEEN 1959722 AND 1959822
	Bitmap Heap Scan on sbtest6  (cost=5.50..416.94 rows=104 width=125)
	  Recheck Cond: ((k >= 1959722) AND (k <= 1959822))
	  ->  Bitmap Index Scan on k_6  (cost=0.00..5.47 rows=104 width=0)
	        Index Cond: ((k >= 1959722) AND (k <= 1959822))

table 7 : explain SELECT k, c FROM sbtest7 WHERE k BETWEEN 1959722 AND 1959822
	Bitmap Heap Scan on sbtest7  (cost=5.47..405.13 rows=101 width=125)
	  Recheck Cond: ((k >= 1959722) AND (k <= 1959822))
	  ->  Bitmap Index Scan on k_7  (cost=0.00..5.44 rows=101 width=0)
	        Index Cond: ((k >= 1959722) AND (k <= 1959822))

table 8 : explain SELECT k, c FROM sbtest8 WHERE k BETWEEN 1959722 AND 1959822
	Bitmap Heap Scan on sbtest8  (cost=5.50..416.94 rows=104 width=125)
	  Recheck Cond: ((k >= 1959722) AND (k <= 1959822))
	  ->  Bitmap Index Scan on k_8  (cost=0.00..5.47 rows=104 width=0)
	        Index Cond: ((k >= 1959722) AND (k <= 1959822))

for range-notcovered
table 1 : explain SELECT k, c FROM sbtest1 WHERE k BETWEEN 3681720 AND 3681820
	Bitmap Heap Scan on sbtest1  (cost=5.44..393.31 rows=98 width=125)
	  Recheck Cond: ((k >= 3681720) AND (k <= 3681820))
	  ->  Bitmap Index Scan on k_1  (cost=0.00..5.42 rows=98 width=0)
	        Index Cond: ((k >= 3681720) AND (k <= 3681820))

table 2 : explain SELECT k, c FROM sbtest2 WHERE k BETWEEN 3681720 AND 3681820
	Bitmap Heap Scan on sbtest2  (cost=5.45..397.25 rows=99 width=125)
	  Recheck Cond: ((k >= 3681720) AND (k <= 3681820))
	  ->  Bitmap Index Scan on k_2  (cost=0.00..5.42 rows=99 width=0)
	        Index Cond: ((k >= 3681720) AND (k <= 3681820))

table 3 : explain SELECT k, c FROM sbtest3 WHERE k BETWEEN 3681720 AND 3681820
	Bitmap Heap Scan on sbtest3  (cost=5.47..405.13 rows=101 width=125)
	  Recheck Cond: ((k >= 3681720) AND (k <= 3681820))
	  ->  Bitmap Index Scan on k_3  (cost=0.00..5.44 rows=101 width=0)
	        Index Cond: ((k >= 3681720) AND (k <= 3681820))

table 4 : explain SELECT k, c FROM sbtest4 WHERE k BETWEEN 3681720 AND 3681820
	Bitmap Heap Scan on sbtest4  (cost=5.47..405.13 rows=101 width=125)
	  Recheck Cond: ((k >= 3681720) AND (k <= 3681820))
	  ->  Bitmap Index Scan on k_4  (cost=0.00..5.44 rows=101 width=0)
	        Index Cond: ((k >= 3681720) AND (k <= 3681820))

table 5 : explain SELECT k, c FROM sbtest5 WHERE k BETWEEN 3681720 AND 3681820
	Bitmap Heap Scan on sbtest5  (cost=5.57..444.49 rows=111 width=125)
	  Recheck Cond: ((k >= 3681720) AND (k <= 3681820))
	  ->  Bitmap Index Scan on k_5  (cost=0.00..5.54 rows=111 width=0)
	        Index Cond: ((k >= 3681720) AND (k <= 3681820))

table 6 : explain SELECT k, c FROM sbtest6 WHERE k BETWEEN 3681720 AND 3681820
	Bitmap Heap Scan on sbtest6  (cost=5.58..448.42 rows=112 width=125)
	  Recheck Cond: ((k >= 3681720) AND (k <= 3681820))
	  ->  Bitmap Index Scan on k_6  (cost=0.00..5.55 rows=112 width=0)
	        Index Cond: ((k >= 3681720) AND (k <= 3681820))

table 7 : explain SELECT k, c FROM sbtest7 WHERE k BETWEEN 3681720 AND 3681820
	Bitmap Heap Scan on sbtest7  (cost=5.39..373.61 rows=93 width=125)
	  Recheck Cond: ((k >= 3681720) AND (k <= 3681820))
	  ->  Bitmap Index Scan on k_7  (cost=0.00..5.36 rows=93 width=0)
	        Index Cond: ((k >= 3681720) AND (k <= 3681820))

table 8 : explain SELECT k, c FROM sbtest8 WHERE k BETWEEN 3681720 AND 3681820
	Bitmap Heap Scan on sbtest8  (cost=5.49..413.00 rows=103 width=125)
	  Recheck Cond: ((k >= 3681720) AND (k <= 3681820))
	  ->  Bitmap Index Scan on k_8  (cost=0.00..5.46 rows=103 width=0)
	        Index Cond: ((k >= 3681720) AND (k <= 3681820))

for range-notcovered
table 1 : explain SELECT k, c FROM sbtest1 WHERE k BETWEEN 6198697 AND 6198797
	Bitmap Heap Scan on sbtest1  (cost=5.42..385.43 rows=96 width=125)
	  Recheck Cond: ((k >= 6198697) AND (k <= 6198797))
	  ->  Bitmap Index Scan on k_1  (cost=0.00..5.39 rows=96 width=0)
	        Index Cond: ((k >= 6198697) AND (k <= 6198797))

table 2 : explain SELECT k, c FROM sbtest2 WHERE k BETWEEN 6198697 AND 6198797
	Bitmap Heap Scan on sbtest2  (cost=5.44..393.31 rows=98 width=125)
	  Recheck Cond: ((k >= 6198697) AND (k <= 6198797))
	  ->  Bitmap Index Scan on k_2  (cost=0.00..5.42 rows=98 width=0)
	        Index Cond: ((k >= 6198697) AND (k <= 6198797))

table 3 : explain SELECT k, c FROM sbtest3 WHERE k BETWEEN 6198697 AND 6198797
	Bitmap Heap Scan on sbtest3  (cost=5.44..393.31 rows=98 width=125)
	  Recheck Cond: ((k >= 6198697) AND (k <= 6198797))
	  ->  Bitmap Index Scan on k_3  (cost=0.00..5.42 rows=98 width=0)
	        Index Cond: ((k >= 6198697) AND (k <= 6198797))

table 4 : explain SELECT k, c FROM sbtest4 WHERE k BETWEEN 6198697 AND 6198797
	Bitmap Heap Scan on sbtest4  (cost=5.34..353.89 rows=88 width=125)
	  Recheck Cond: ((k >= 6198697) AND (k <= 6198797))
	  ->  Bitmap Index Scan on k_4  (cost=0.00..5.31 rows=88 width=0)
	        Index Cond: ((k >= 6198697) AND (k <= 6198797))

table 5 : explain SELECT k, c FROM sbtest5 WHERE k BETWEEN 6198697 AND 6198797
	Bitmap Heap Scan on sbtest5  (cost=5.41..381.49 rows=95 width=125)
	  Recheck Cond: ((k >= 6198697) AND (k <= 6198797))
	  ->  Bitmap Index Scan on k_5  (cost=0.00..5.38 rows=95 width=0)
	        Index Cond: ((k >= 6198697) AND (k <= 6198797))

table 6 : explain SELECT k, c FROM sbtest6 WHERE k BETWEEN 6198697 AND 6198797
	Bitmap Heap Scan on sbtest6  (cost=5.49..413.00 rows=103 width=125)
	  Recheck Cond: ((k >= 6198697) AND (k <= 6198797))
	  ->  Bitmap Index Scan on k_6  (cost=0.00..5.46 rows=103 width=0)
	        Index Cond: ((k >= 6198697) AND (k <= 6198797))

table 7 : explain SELECT k, c FROM sbtest7 WHERE k BETWEEN 6198697 AND 6198797
	Bitmap Heap Scan on sbtest7  (cost=5.44..393.31 rows=98 width=125)
	  Recheck Cond: ((k >= 6198697) AND (k <= 6198797))
	  ->  Bitmap Index Scan on k_7  (cost=0.00..5.42 rows=98 width=0)
	        Index Cond: ((k >= 6198697) AND (k <= 6198797))

table 8 : explain SELECT k, c FROM sbtest8 WHERE k BETWEEN 6198697 AND 6198797
	Bitmap Heap Scan on sbtest8  (cost=5.50..416.94 rows=104 width=125)
	  Recheck Cond: ((k >= 6198697) AND (k <= 6198797))
	  ->  Bitmap Index Scan on k_8  (cost=0.00..5.47 rows=104 width=0)
	        Index Cond: ((k >= 6198697) AND (k <= 6198797))

for range-notcovered
table 1 : explain SELECT k, c FROM sbtest1 WHERE k BETWEEN 4163607 AND 4163707
	Bitmap Heap Scan on sbtest1  (cost=5.44..393.31 rows=98 width=125)
	  Recheck Cond: ((k >= 4163607) AND (k <= 4163707))
	  ->  Bitmap Index Scan on k_1  (cost=0.00..5.42 rows=98 width=0)
	        Index Cond: ((k >= 4163607) AND (k <= 4163707))

table 2 : explain SELECT k, c FROM sbtest2 WHERE k BETWEEN 4163607 AND 4163707
	Bitmap Heap Scan on sbtest2  (cost=5.47..405.13 rows=101 width=125)
	  Recheck Cond: ((k >= 4163607) AND (k <= 4163707))
	  ->  Bitmap Index Scan on k_2  (cost=0.00..5.44 rows=101 width=0)
	        Index Cond: ((k >= 4163607) AND (k <= 4163707))

table 3 : explain SELECT k, c FROM sbtest3 WHERE k BETWEEN 4163607 AND 4163707
	Bitmap Heap Scan on sbtest3  (cost=5.46..401.19 rows=100 width=125)
	  Recheck Cond: ((k >= 4163607) AND (k <= 4163707))
	  ->  Bitmap Index Scan on k_3  (cost=0.00..5.43 rows=100 width=0)
	        Index Cond: ((k >= 4163607) AND (k <= 4163707))

table 4 : explain SELECT k, c FROM sbtest4 WHERE k BETWEEN 4163607 AND 4163707
	Bitmap Heap Scan on sbtest4  (cost=5.55..436.62 rows=109 width=125)
	  Recheck Cond: ((k >= 4163607) AND (k <= 4163707))
	  ->  Bitmap Index Scan on k_4  (cost=0.00..5.52 rows=109 width=0)
	        Index Cond: ((k >= 4163607) AND (k <= 4163707))

table 5 : explain SELECT k, c FROM sbtest5 WHERE k BETWEEN 4163607 AND 4163707
	Bitmap Heap Scan on sbtest5  (cost=5.49..413.00 rows=103 width=125)
	  Recheck Cond: ((k >= 4163607) AND (k <= 4163707))
	  ->  Bitmap Index Scan on k_5  (cost=0.00..5.46 rows=103 width=0)
	        Index Cond: ((k >= 4163607) AND (k <= 4163707))

table 6 : explain SELECT k, c FROM sbtest6 WHERE k BETWEEN 4163607 AND 4163707
	Bitmap Heap Scan on sbtest6  (cost=5.48..409.07 rows=102 width=125)
	  Recheck Cond: ((k >= 4163607) AND (k <= 4163707))
	  ->  Bitmap Index Scan on k_6  (cost=0.00..5.45 rows=102 width=0)
	        Index Cond: ((k >= 4163607) AND (k <= 4163707))

table 7 : explain SELECT k, c FROM sbtest7 WHERE k BETWEEN 4163607 AND 4163707
	Bitmap Heap Scan on sbtest7  (cost=5.60..456.29 rows=114 width=125)
	  Recheck Cond: ((k >= 4163607) AND (k <= 4163707))
	  ->  Bitmap Index Scan on k_7  (cost=0.00..5.58 rows=114 width=0)
	        Index Cond: ((k >= 4163607) AND (k <= 4163707))

table 8 : explain SELECT k, c FROM sbtest8 WHERE k BETWEEN 4163607 AND 4163707
	Bitmap Heap Scan on sbtest8  (cost=5.42..385.43 rows=96 width=125)
	  Recheck Cond: ((k >= 4163607) AND (k <= 4163707))
	  ->  Bitmap Index Scan on k_8  (cost=0.00..5.39 rows=96 width=0)
	        Index Cond: ((k >= 4163607) AND (k <= 4163707))

explain: for range-notcovered :: explain SELECT k, c FROM sbtest%d WHERE k BETWEEN 6198697 AND 6198797
for range-notcovered
table 1 : explain SELECT k, c FROM sbtest1 WHERE k BETWEEN 2470061 AND 2470161
	Bitmap Heap Scan on sbtest1  (cost=5.57..444.49 rows=111 width=125)
	  Recheck Cond: ((k >= 2470061) AND (k <= 2470161))
	  ->  Bitmap Index Scan on k_1  (cost=0.00..5.54 rows=111 width=0)
	        Index Cond: ((k >= 2470061) AND (k <= 2470161))

table 2 : explain SELECT k, c FROM sbtest2 WHERE k BETWEEN 2470061 AND 2470161
	Bitmap Heap Scan on sbtest2  (cost=5.47..405.13 rows=101 width=125)
	  Recheck Cond: ((k >= 2470061) AND (k <= 2470161))
	  ->  Bitmap Index Scan on k_2  (cost=0.00..5.44 rows=101 width=0)
	        Index Cond: ((k >= 2470061) AND (k <= 2470161))

table 3 : explain SELECT k, c FROM sbtest3 WHERE k BETWEEN 2470061 AND 2470161
	Bitmap Heap Scan on sbtest3  (cost=5.47..405.13 rows=101 width=125)
	  Recheck Cond: ((k >= 2470061) AND (k <= 2470161))
	  ->  Bitmap Index Scan on k_3  (cost=0.00..5.44 rows=101 width=0)
	        Index Cond: ((k >= 2470061) AND (k <= 2470161))

table 4 : explain SELECT k, c FROM sbtest4 WHERE k BETWEEN 2470061 AND 2470161
	Bitmap Heap Scan on sbtest4  (cost=5.52..424.81 rows=106 width=125)
	  Recheck Cond: ((k >= 2470061) AND (k <= 2470161))
	  ->  Bitmap Index Scan on k_4  (cost=0.00..5.50 rows=106 width=0)
	        Index Cond: ((k >= 2470061) AND (k <= 2470161))

table 5 : explain SELECT k, c FROM sbtest5 WHERE k BETWEEN 2470061 AND 2470161
	Bitmap Heap Scan on sbtest5  (cost=5.40..377.55 rows=94 width=125)
	  Recheck Cond: ((k >= 2470061) AND (k <= 2470161))
	  ->  Bitmap Index Scan on k_5  (cost=0.00..5.38 rows=94 width=0)
	        Index Cond: ((k >= 2470061) AND (k <= 2470161))

table 6 : explain SELECT k, c FROM sbtest6 WHERE k BETWEEN 2470061 AND 2470161
	Bitmap Heap Scan on sbtest6  (cost=5.44..393.31 rows=98 width=125)
	  Recheck Cond: ((k >= 2470061) AND (k <= 2470161))
	  ->  Bitmap Index Scan on k_6  (cost=0.00..5.42 rows=98 width=0)
	        Index Cond: ((k >= 2470061) AND (k <= 2470161))

table 7 : explain SELECT k, c FROM sbtest7 WHERE k BETWEEN 2470061 AND 2470161
	Bitmap Heap Scan on sbtest7  (cost=5.42..385.43 rows=96 width=125)
	  Recheck Cond: ((k >= 2470061) AND (k <= 2470161))
	  ->  Bitmap Index Scan on k_7  (cost=0.00..5.39 rows=96 width=0)
	        Index Cond: ((k >= 2470061) AND (k <= 2470161))

table 8 : explain SELECT k, c FROM sbtest8 WHERE k BETWEEN 2470061 AND 2470161
	Bitmap Heap Scan on sbtest8  (cost=5.43..389.37 rows=97 width=125)
	  Recheck Cond: ((k >= 2470061) AND (k <= 2470161))
	  ->  Bitmap Index Scan on k_8  (cost=0.00..5.40 rows=97 width=0)
	        Index Cond: ((k >= 2470061) AND (k <= 2470161))

for range-notcovered
table 1 : explain SELECT k, c FROM sbtest1 WHERE k BETWEEN 8510886 AND 8510986
	Bitmap Heap Scan on sbtest1  (cost=5.46..401.19 rows=100 width=125)
	  Recheck Cond: ((k >= 8510886) AND (k <= 8510986))
	  ->  Bitmap Index Scan on k_1  (cost=0.00..5.43 rows=100 width=0)
	        Index Cond: ((k >= 8510886) AND (k <= 8510986))

table 2 : explain SELECT k, c FROM sbtest2 WHERE k BETWEEN 8510886 AND 8510986
	Bitmap Heap Scan on sbtest2  (cost=5.50..416.94 rows=104 width=125)
	  Recheck Cond: ((k >= 8510886) AND (k <= 8510986))
	  ->  Bitmap Index Scan on k_2  (cost=0.00..5.47 rows=104 width=0)
	        Index Cond: ((k >= 8510886) AND (k <= 8510986))

table 3 : explain SELECT k, c FROM sbtest3 WHERE k BETWEEN 8510886 AND 8510986
	Bitmap Heap Scan on sbtest3  (cost=5.55..436.62 rows=109 width=125)
	  Recheck Cond: ((k >= 8510886) AND (k <= 8510986))
	  ->  Bitmap Index Scan on k_3  (cost=0.00..5.52 rows=109 width=0)
	        Index Cond: ((k >= 8510886) AND (k <= 8510986))

table 4 : explain SELECT k, c FROM sbtest4 WHERE k BETWEEN 8510886 AND 8510986
	Bitmap Heap Scan on sbtest4  (cost=5.60..456.29 rows=114 width=125)
	  Recheck Cond: ((k >= 8510886) AND (k <= 8510986))
	  ->  Bitmap Index Scan on k_4  (cost=0.00..5.58 rows=114 width=0)
	        Index Cond: ((k >= 8510886) AND (k <= 8510986))

table 5 : explain SELECT k, c FROM sbtest5 WHERE k BETWEEN 8510886 AND 8510986
	Bitmap Heap Scan on sbtest5  (cost=5.60..456.29 rows=114 width=125)
	  Recheck Cond: ((k >= 8510886) AND (k <= 8510986))
	  ->  Bitmap Index Scan on k_5  (cost=0.00..5.58 rows=114 width=0)
	        Index Cond: ((k >= 8510886) AND (k <= 8510986))

table 6 : explain SELECT k, c FROM sbtest6 WHERE k BETWEEN 8510886 AND 8510986
	Bitmap Heap Scan on sbtest6  (cost=5.38..369.67 rows=92 width=125)
	  Recheck Cond: ((k >= 8510886) AND (k <= 8510986))
	  ->  Bitmap Index Scan on k_6  (cost=0.00..5.35 rows=92 width=0)
	        Index Cond: ((k >= 8510886) AND (k <= 8510986))

table 7 : explain SELECT k, c FROM sbtest7 WHERE k BETWEEN 8510886 AND 8510986
	Bitmap Heap Scan on sbtest7  (cost=5.54..432.69 rows=108 width=125)
	  Recheck Cond: ((k >= 8510886) AND (k <= 8510986))
	  ->  Bitmap Index Scan on k_7  (cost=0.00..5.51 rows=108 width=0)
	        Index Cond: ((k >= 8510886) AND (k <= 8510986))

table 8 : explain SELECT k, c FROM sbtest8 WHERE k BETWEEN 8510886 AND 8510986
	Bitmap Heap Scan on sbtest8  (cost=5.58..448.42 rows=112 width=125)
	  Recheck Cond: ((k >= 8510886) AND (k <= 8510986))
	  ->  Bitmap Index Scan on k_8  (cost=0.00..5.55 rows=112 width=0)
	        Index Cond: ((k >= 8510886) AND (k <= 8510986))

explain: for range-notcovered :: explain SELECT k, c FROM sbtest%d WHERE k BETWEEN 1959722 AND 1959822
explain: for range-notcovered :: explain SELECT k, c FROM sbtest%d WHERE k BETWEEN 2470061 AND 2470161
for range-notcovered
table 1 : explain SELECT k, c FROM sbtest1 WHERE k BETWEEN 5653637 AND 5653737
	Bitmap Heap Scan on sbtest1  (cost=5.58..448.42 rows=112 width=125)
	  Recheck Cond: ((k >= 5653637) AND (k <= 5653737))
	  ->  Bitmap Index Scan on k_1  (cost=0.00..5.55 rows=112 width=0)
	        Index Cond: ((k >= 5653637) AND (k <= 5653737))

table 2 : explain SELECT k, c FROM sbtest2 WHERE k BETWEEN 5653637 AND 5653737
	Bitmap Heap Scan on sbtest2  (cost=5.46..401.19 rows=100 width=125)
	  Recheck Cond: ((k >= 5653637) AND (k <= 5653737))
	  ->  Bitmap Index Scan on k_2  (cost=0.00..5.43 rows=100 width=0)
	        Index Cond: ((k >= 5653637) AND (k <= 5653737))

table 3 : explain SELECT k, c FROM sbtest3 WHERE k BETWEEN 5653637 AND 5653737
	Bitmap Heap Scan on sbtest3  (cost=5.61..460.22 rows=115 width=125)
	  Recheck Cond: ((k >= 5653637) AND (k <= 5653737))
	  ->  Bitmap Index Scan on k_3  (cost=0.00..5.58 rows=115 width=0)
	        Index Cond: ((k >= 5653637) AND (k <= 5653737))

table 4 : explain SELECT k, c FROM sbtest4 WHERE k BETWEEN 5653637 AND 5653737
	Bitmap Heap Scan on sbtest4  (cost=5.46..401.19 rows=100 width=125)
	  Recheck Cond: ((k >= 5653637) AND (k <= 5653737))
	  ->  Bitmap Index Scan on k_4  (cost=0.00..5.43 rows=100 width=0)
	        Index Cond: ((k >= 5653637) AND (k <= 5653737))

table 5 : explain SELECT k, c FROM sbtest5 WHERE k BETWEEN 5653637 AND 5653737
	Bitmap Heap Scan on sbtest5  (cost=5.54..432.69 rows=108 width=125)
	  Recheck Cond: ((k >= 5653637) AND (k <= 5653737))
	  ->  Bitmap Index Scan on k_5  (cost=0.00..5.51 rows=108 width=0)
	        Index Cond: ((k >= 5653637) AND (k <= 5653737))

table 6 : explain SELECT k, c FROM sbtest6 WHERE k BETWEEN 5653637 AND 5653737
	Bitmap Heap Scan on sbtest6  (cost=5.44..393.31 rows=98 width=125)
	  Recheck Cond: ((k >= 5653637) AND (k <= 5653737))
	  ->  Bitmap Index Scan on k_6  (cost=0.00..5.42 rows=98 width=0)
	        Index Cond: ((k >= 5653637) AND (k <= 5653737))

table 7 : explain SELECT k, c FROM sbtest7 WHERE k BETWEEN 5653637 AND 5653737
	Bitmap Heap Scan on sbtest7  (cost=5.40..377.55 rows=94 width=125)
	  Recheck Cond: ((k >= 5653637) AND (k <= 5653737))
	  ->  Bitmap Index Scan on k_7  (cost=0.00..5.38 rows=94 width=0)
	        Index Cond: ((k >= 5653637) AND (k <= 5653737))

table 8 : explain SELECT k, c FROM sbtest8 WHERE k BETWEEN 5653637 AND 5653737
	Bitmap Heap Scan on sbtest8  (cost=5.46..401.19 rows=100 width=125)
	  Recheck Cond: ((k >= 5653637) AND (k <= 5653737))
	  ->  Bitmap Index Scan on k_8  (cost=0.00..5.43 rows=100 width=0)
	        Index Cond: ((k >= 5653637) AND (k <= 5653737))

explain: for range-notcovered :: explain SELECT k, c FROM sbtest%d WHERE k BETWEEN 5653637 AND 5653737
for range-notcovered
table 1 : explain SELECT k, c FROM sbtest1 WHERE k BETWEEN 2123299 AND 2123399
	Bitmap Heap Scan on sbtest1  (cost=5.53..428.75 rows=107 width=125)
	  Recheck Cond: ((k >= 2123299) AND (k <= 2123399))
	  ->  Bitmap Index Scan on k_1  (cost=0.00..5.50 rows=107 width=0)
	        Index Cond: ((k >= 2123299) AND (k <= 2123399))

table 2 : explain SELECT k, c FROM sbtest2 WHERE k BETWEEN 2123299 AND 2123399
	Bitmap Heap Scan on sbtest2  (cost=5.45..397.25 rows=99 width=125)
	  Recheck Cond: ((k >= 2123299) AND (k <= 2123399))
	  ->  Bitmap Index Scan on k_2  (cost=0.00..5.42 rows=99 width=0)
	        Index Cond: ((k >= 2123299) AND (k <= 2123399))

table 3 : explain SELECT k, c FROM sbtest3 WHERE k BETWEEN 2123299 AND 2123399
	Bitmap Heap Scan on sbtest3  (cost=5.48..409.07 rows=102 width=125)
	  Recheck Cond: ((k >= 2123299) AND (k <= 2123399))
	  ->  Bitmap Index Scan on k_3  (cost=0.00..5.45 rows=102 width=0)
	        Index Cond: ((k >= 2123299) AND (k <= 2123399))

table 4 : explain SELECT k, c FROM sbtest4 WHERE k BETWEEN 2123299 AND 2123399
	Bitmap Heap Scan on sbtest4  (cost=5.47..405.13 rows=101 width=125)
	  Recheck Cond: ((k >= 2123299) AND (k <= 2123399))
	  ->  Bitmap Index Scan on k_4  (cost=0.00..5.44 rows=101 width=0)
	        Index Cond: ((k >= 2123299) AND (k <= 2123399))

table 5 : explain SELECT k, c FROM sbtest5 WHERE k BETWEEN 2123299 AND 2123399
	Bitmap Heap Scan on sbtest5  (cost=5.57..444.49 rows=111 width=125)
	  Recheck Cond: ((k >= 2123299) AND (k <= 2123399))
	  ->  Bitmap Index Scan on k_5  (cost=0.00..5.54 rows=111 width=0)
	        Index Cond: ((k >= 2123299) AND (k <= 2123399))

table 6 : explain SELECT k, c FROM sbtest6 WHERE k BETWEEN 2123299 AND 2123399
	Bitmap Heap Scan on sbtest6  (cost=5.45..397.25 rows=99 width=125)
	  Recheck Cond: ((k >= 2123299) AND (k <= 2123399))
	  ->  Bitmap Index Scan on k_6  (cost=0.00..5.42 rows=99 width=0)
	        Index Cond: ((k >= 2123299) AND (k <= 2123399))

table 7 : explain SELECT k, c FROM sbtest7 WHERE k BETWEEN 2123299 AND 2123399
	Bitmap Heap Scan on sbtest7  (cost=5.51..420.88 rows=105 width=125)
	  Recheck Cond: ((k >= 2123299) AND (k <= 2123399))
	  ->  Bitmap Index Scan on k_7  (cost=0.00..5.48 rows=105 width=0)
	        Index Cond: ((k >= 2123299) AND (k <= 2123399))

table 8 : explain SELECT k, c FROM sbtest8 WHERE k BETWEEN 2123299 AND 2123399
	Bitmap Heap Scan on sbtest8  (cost=5.50..416.94 rows=104 width=125)
	  Recheck Cond: ((k >= 2123299) AND (k <= 2123399))
	  ->  Bitmap Index Scan on k_8  (cost=0.00..5.47 rows=104 width=0)
	        Index Cond: ((k >= 2123299) AND (k <= 2123399))

for range-notcovered
table 1 : explain SELECT k, c FROM sbtest1 WHERE k BETWEEN 3965943 AND 3966043
	Bitmap Heap Scan on sbtest1  (cost=5.45..397.25 rows=99 width=125)
	  Recheck Cond: ((k >= 3965943) AND (k <= 3966043))
	  ->  Bitmap Index Scan on k_1  (cost=0.00..5.42 rows=99 width=0)
	        Index Cond: ((k >= 3965943) AND (k <= 3966043))

table 2 : explain SELECT k, c FROM sbtest2 WHERE k BETWEEN 3965943 AND 3966043
	Bitmap Heap Scan on sbtest2  (cost=5.44..393.31 rows=98 width=125)
	  Recheck Cond: ((k >= 3965943) AND (k <= 3966043))
	  ->  Bitmap Index Scan on k_2  (cost=0.00..5.42 rows=98 width=0)
	        Index Cond: ((k >= 3965943) AND (k <= 3966043))

table 3 : explain SELECT k, c FROM sbtest3 WHERE k BETWEEN 3965943 AND 3966043
	Bitmap Heap Scan on sbtest3  (cost=5.50..416.94 rows=104 width=125)
	  Recheck Cond: ((k >= 3965943) AND (k <= 3966043))
	  ->  Bitmap Index Scan on k_3  (cost=0.00..5.47 rows=104 width=0)
	        Index Cond: ((k >= 3965943) AND (k <= 3966043))

table 4 : explain SELECT k, c FROM sbtest4 WHERE k BETWEEN 3965943 AND 3966043
	Bitmap Heap Scan on sbtest4  (cost=5.42..385.43 rows=96 width=125)
	  Recheck Cond: ((k >= 3965943) AND (k <= 3966043))
	  ->  Bitmap Index Scan on k_4  (cost=0.00..5.39 rows=96 width=0)
	        Index Cond: ((k >= 3965943) AND (k <= 3966043))

table 5 : explain SELECT k, c FROM sbtest5 WHERE k BETWEEN 3965943 AND 3966043
	Bitmap Heap Scan on sbtest5  (cost=5.47..405.13 rows=101 width=125)
	  Recheck Cond: ((k >= 3965943) AND (k <= 3966043))
	  ->  Bitmap Index Scan on k_5  (cost=0.00..5.44 rows=101 width=0)
	        Index Cond: ((k >= 3965943) AND (k <= 3966043))

table 6 : explain SELECT k, c FROM sbtest6 WHERE k BETWEEN 3965943 AND 3966043
	Bitmap Heap Scan on sbtest6  (cost=5.47..405.13 rows=101 width=125)
	  Recheck Cond: ((k >= 3965943) AND (k <= 3966043))
	  ->  Bitmap Index Scan on k_6  (cost=0.00..5.44 rows=101 width=0)
	        Index Cond: ((k >= 3965943) AND (k <= 3966043))

table 7 : explain SELECT k, c FROM sbtest7 WHERE k BETWEEN 3965943 AND 3966043
	Bitmap Heap Scan on sbtest7  (cost=5.59..452.36 rows=113 width=125)
	  Recheck Cond: ((k >= 3965943) AND (k <= 3966043))
	  ->  Bitmap Index Scan on k_7  (cost=0.00..5.56 rows=113 width=0)
	        Index Cond: ((k >= 3965943) AND (k <= 3966043))

table 8 : explain SELECT k, c FROM sbtest8 WHERE k BETWEEN 3965943 AND 3966043
	Bitmap Heap Scan on sbtest8  (cost=5.46..401.19 rows=100 width=125)
	  Recheck Cond: ((k >= 3965943) AND (k <= 3966043))
	  ->  Bitmap Index Scan on k_8  (cost=0.00..5.43 rows=100 width=0)
	        Index Cond: ((k >= 3965943) AND (k <= 3966043))

for range-notcovered
table 1 : explain SELECT k, c FROM sbtest1 WHERE k BETWEEN 6198697 AND 6198797
	Bitmap Heap Scan on sbtest1  (cost=5.42..385.43 rows=96 width=125)
	  Recheck Cond: ((k >= 6198697) AND (k <= 6198797))
	  ->  Bitmap Index Scan on k_1  (cost=0.00..5.39 rows=96 width=0)
	        Index Cond: ((k >= 6198697) AND (k <= 6198797))

table 2 : explain SELECT k, c FROM sbtest2 WHERE k BETWEEN 6198697 AND 6198797
	Bitmap Heap Scan on sbtest2  (cost=5.44..393.31 rows=98 width=125)
	  Recheck Cond: ((k >= 6198697) AND (k <= 6198797))
	  ->  Bitmap Index Scan on k_2  (cost=0.00..5.42 rows=98 width=0)
	        Index Cond: ((k >= 6198697) AND (k <= 6198797))

table 3 : explain SELECT k, c FROM sbtest3 WHERE k BETWEEN 6198697 AND 6198797
	Bitmap Heap Scan on sbtest3  (cost=5.44..393.31 rows=98 width=125)
	  Recheck Cond: ((k >= 6198697) AND (k <= 6198797))
	  ->  Bitmap Index Scan on k_3  (cost=0.00..5.42 rows=98 width=0)
	        Index Cond: ((k >= 6198697) AND (k <= 6198797))

table 4 : explain SELECT k, c FROM sbtest4 WHERE k BETWEEN 6198697 AND 6198797
	Bitmap Heap Scan on sbtest4  (cost=5.34..353.89 rows=88 width=125)
	  Recheck Cond: ((k >= 6198697) AND (k <= 6198797))
	  ->  Bitmap Index Scan on k_4  (cost=0.00..5.31 rows=88 width=0)
	        Index Cond: ((k >= 6198697) AND (k <= 6198797))

table 5 : explain SELECT k, c FROM sbtest5 WHERE k BETWEEN 6198697 AND 6198797
	Bitmap Heap Scan on sbtest5  (cost=5.41..381.49 rows=95 width=125)
	  Recheck Cond: ((k >= 6198697) AND (k <= 6198797))
	  ->  Bitmap Index Scan on k_5  (cost=0.00..5.38 rows=95 width=0)
	        Index Cond: ((k >= 6198697) AND (k <= 6198797))

table 6 : explain SELECT k, c FROM sbtest6 WHERE k BETWEEN 6198697 AND 6198797
	Bitmap Heap Scan on sbtest6  (cost=5.49..413.00 rows=103 width=125)
	  Recheck Cond: ((k >= 6198697) AND (k <= 6198797))
	  ->  Bitmap Index Scan on k_6  (cost=0.00..5.46 rows=103 width=0)
	        Index Cond: ((k >= 6198697) AND (k <= 6198797))

table 7 : explain SELECT k, c FROM sbtest7 WHERE k BETWEEN 6198697 AND 6198797
	Bitmap Heap Scan on sbtest7  (cost=5.44..393.31 rows=98 width=125)
	  Recheck Cond: ((k >= 6198697) AND (k <= 6198797))
	  ->  Bitmap Index Scan on k_7  (cost=0.00..5.42 rows=98 width=0)
	        Index Cond: ((k >= 6198697) AND (k <= 6198797))

table 8 : explain SELECT k, c FROM sbtest8 WHERE k BETWEEN 6198697 AND 6198797
	Bitmap Heap Scan on sbtest8  (cost=5.50..416.94 rows=104 width=125)
	  Recheck Cond: ((k >= 6198697) AND (k <= 6198797))
	  ->  Bitmap Index Scan on k_8  (cost=0.00..5.47 rows=104 width=0)
	        Index Cond: ((k >= 6198697) AND (k <= 6198797))

explain: for range-notcovered :: explain SELECT k, c FROM sbtest%d WHERE k BETWEEN 2123299 AND 2123399
explain: for range-notcovered :: explain SELECT k, c FROM sbtest%d WHERE k BETWEEN 3965943 AND 3966043
explain: for range-notcovered :: explain SELECT k, c FROM sbtest%d WHERE k BETWEEN 6198697 AND 6198797
for range-notcovered
table 1 : explain SELECT k, c FROM sbtest1 WHERE k BETWEEN 2470061 AND 2470161
	Bitmap Heap Scan on sbtest1  (cost=5.57..444.49 rows=111 width=125)
	  Recheck Cond: ((k >= 2470061) AND (k <= 2470161))
	  ->  Bitmap Index Scan on k_1  (cost=0.00..5.54 rows=111 width=0)
	        Index Cond: ((k >= 2470061) AND (k <= 2470161))

table 2 : explain SELECT k, c FROM sbtest2 WHERE k BETWEEN 2470061 AND 2470161
	Bitmap Heap Scan on sbtest2  (cost=5.47..405.13 rows=101 width=125)
	  Recheck Cond: ((k >= 2470061) AND (k <= 2470161))
	  ->  Bitmap Index Scan on k_2  (cost=0.00..5.44 rows=101 width=0)
	        Index Cond: ((k >= 2470061) AND (k <= 2470161))

table 3 : explain SELECT k, c FROM sbtest3 WHERE k BETWEEN 2470061 AND 2470161
	Bitmap Heap Scan on sbtest3  (cost=5.47..405.13 rows=101 width=125)
	  Recheck Cond: ((k >= 2470061) AND (k <= 2470161))
	  ->  Bitmap Index Scan on k_3  (cost=0.00..5.44 rows=101 width=0)
	        Index Cond: ((k >= 2470061) AND (k <= 2470161))

table 4 : explain SELECT k, c FROM sbtest4 WHERE k BETWEEN 2470061 AND 2470161
	Bitmap Heap Scan on sbtest4  (cost=5.52..424.81 rows=106 width=125)
	  Recheck Cond: ((k >= 2470061) AND (k <= 2470161))
	  ->  Bitmap Index Scan on k_4  (cost=0.00..5.50 rows=106 width=0)
	        Index Cond: ((k >= 2470061) AND (k <= 2470161))

table 5 : explain SELECT k, c FROM sbtest5 WHERE k BETWEEN 2470061 AND 2470161
	Bitmap Heap Scan on sbtest5  (cost=5.40..377.55 rows=94 width=125)
	  Recheck Cond: ((k >= 2470061) AND (k <= 2470161))
	  ->  Bitmap Index Scan on k_5  (cost=0.00..5.38 rows=94 width=0)
	        Index Cond: ((k >= 2470061) AND (k <= 2470161))

table 6 : explain SELECT k, c FROM sbtest6 WHERE k BETWEEN 2470061 AND 2470161
	Bitmap Heap Scan on sbtest6  (cost=5.44..393.31 rows=98 width=125)
	  Recheck Cond: ((k >= 2470061) AND (k <= 2470161))
	  ->  Bitmap Index Scan on k_6  (cost=0.00..5.42 rows=98 width=0)
	        Index Cond: ((k >= 2470061) AND (k <= 2470161))

table 7 : explain SELECT k, c FROM sbtest7 WHERE k BETWEEN 2470061 AND 2470161
	Bitmap Heap Scan on sbtest7  (cost=5.42..385.43 rows=96 width=125)
	  Recheck Cond: ((k >= 2470061) AND (k <= 2470161))
	  ->  Bitmap Index Scan on k_7  (cost=0.00..5.39 rows=96 width=0)
	        Index Cond: ((k >= 2470061) AND (k <= 2470161))

table 8 : explain SELECT k, c FROM sbtest8 WHERE k BETWEEN 2470061 AND 2470161
	Bitmap Heap Scan on sbtest8  (cost=5.43..389.37 rows=97 width=125)
	  Recheck Cond: ((k >= 2470061) AND (k <= 2470161))
	  ->  Bitmap Index Scan on k_8  (cost=0.00..5.40 rows=97 width=0)
	        Index Cond: ((k >= 2470061) AND (k <= 2470161))

for range-notcovered
table 1 : explain SELECT k, c FROM sbtest1 WHERE k BETWEEN 5653637 AND 5653737
	Bitmap Heap Scan on sbtest1  (cost=5.58..448.42 rows=112 width=125)
	  Recheck Cond: ((k >= 5653637) AND (k <= 5653737))
	  ->  Bitmap Index Scan on k_1  (cost=0.00..5.55 rows=112 width=0)
	        Index Cond: ((k >= 5653637) AND (k <= 5653737))

table 2 : explain SELECT k, c FROM sbtest2 WHERE k BETWEEN 5653637 AND 5653737
	Bitmap Heap Scan on sbtest2  (cost=5.46..401.19 rows=100 width=125)
	  Recheck Cond: ((k >= 5653637) AND (k <= 5653737))
	  ->  Bitmap Index Scan on k_2  (cost=0.00..5.43 rows=100 width=0)
	        Index Cond: ((k >= 5653637) AND (k <= 5653737))

table 3 : explain SELECT k, c FROM sbtest3 WHERE k BETWEEN 5653637 AND 5653737
	Bitmap Heap Scan on sbtest3  (cost=5.61..460.22 rows=115 width=125)
	  Recheck Cond: ((k >= 5653637) AND (k <= 5653737))
	  ->  Bitmap Index Scan on k_3  (cost=0.00..5.58 rows=115 width=0)
	        Index Cond: ((k >= 5653637) AND (k <= 5653737))

table 4 : explain SELECT k, c FROM sbtest4 WHERE k BETWEEN 5653637 AND 5653737
	Bitmap Heap Scan on sbtest4  (cost=5.46..401.19 rows=100 width=125)
	  Recheck Cond: ((k >= 5653637) AND (k <= 5653737))
	  ->  Bitmap Index Scan on k_4  (cost=0.00..5.43 rows=100 width=0)
	        Index Cond: ((k >= 5653637) AND (k <= 5653737))

table 5 : explain SELECT k, c FROM sbtest5 WHERE k BETWEEN 5653637 AND 5653737
	Bitmap Heap Scan on sbtest5  (cost=5.54..432.69 rows=108 width=125)
	  Recheck Cond: ((k >= 5653637) AND (k <= 5653737))
	  ->  Bitmap Index Scan on k_5  (cost=0.00..5.51 rows=108 width=0)
	        Index Cond: ((k >= 5653637) AND (k <= 5653737))

table 6 : explain SELECT k, c FROM sbtest6 WHERE k BETWEEN 5653637 AND 5653737
	Bitmap Heap Scan on sbtest6  (cost=5.44..393.31 rows=98 width=125)
	  Recheck Cond: ((k >= 5653637) AND (k <= 5653737))
	  ->  Bitmap Index Scan on k_6  (cost=0.00..5.42 rows=98 width=0)
	        Index Cond: ((k >= 5653637) AND (k <= 5653737))

table 7 : explain SELECT k, c FROM sbtest7 WHERE k BETWEEN 5653637 AND 5653737
	Bitmap Heap Scan on sbtest7  (cost=5.40..377.55 rows=94 width=125)
	  Recheck Cond: ((k >= 5653637) AND (k <= 5653737))
	  ->  Bitmap Index Scan on k_7  (cost=0.00..5.38 rows=94 width=0)
	        Index Cond: ((k >= 5653637) AND (k <= 5653737))

table 8 : explain SELECT k, c FROM sbtest8 WHERE k BETWEEN 5653637 AND 5653737
	Bitmap Heap Scan on sbtest8  (cost=5.46..401.19 rows=100 width=125)
	  Recheck Cond: ((k >= 5653637) AND (k <= 5653737))
	  ->  Bitmap Index Scan on k_8  (cost=0.00..5.43 rows=100 width=0)
	        Index Cond: ((k >= 5653637) AND (k <= 5653737))

explain: for range-notcovered :: explain SELECT k, c FROM sbtest%d WHERE k BETWEEN 5653637 AND 5653737
for range-notcovered
table 1 : explain SELECT k, c FROM sbtest1 WHERE k BETWEEN 1959722 AND 1959822
	Bitmap Heap Scan on sbtest1  (cost=5.56..440.56 rows=110 width=125)
	  Recheck Cond: ((k >= 1959722) AND (k <= 1959822))
	  ->  Bitmap Index Scan on k_1  (cost=0.00..5.53 rows=110 width=0)
	        Index Cond: ((k >= 1959722) AND (k <= 1959822))

table 2 : explain SELECT k, c FROM sbtest2 WHERE k BETWEEN 1959722 AND 1959822
	Bitmap Heap Scan on sbtest2  (cost=5.58..448.42 rows=112 width=125)
	  Recheck Cond: ((k >= 1959722) AND (k <= 1959822))
	  ->  Bitmap Index Scan on k_2  (cost=0.00..5.55 rows=112 width=0)
	        Index Cond: ((k >= 1959722) AND (k <= 1959822))

table 3 : explain SELECT k, c FROM sbtest3 WHERE k BETWEEN 1959722 AND 1959822
	Bitmap Heap Scan on sbtest3  (cost=5.45..397.25 rows=99 width=125)
	  Recheck Cond: ((k >= 1959722) AND (k <= 1959822))
	  ->  Bitmap Index Scan on k_3  (cost=0.00..5.42 rows=99 width=0)
	        Index Cond: ((k >= 1959722) AND (k <= 1959822))

table 4 : explain SELECT k, c FROM sbtest4 WHERE k BETWEEN 1959722 AND 1959822
	Bitmap Heap Scan on sbtest4  (cost=5.41..381.49 rows=95 width=125)
	  Recheck Cond: ((k >= 1959722) AND (k <= 1959822))
	  ->  Bitmap Index Scan on k_4  (cost=0.00..5.38 rows=95 width=0)
	        Index Cond: ((k >= 1959722) AND (k <= 1959822))

table 5 : explain SELECT k, c FROM sbtest5 WHERE k BETWEEN 1959722 AND 1959822
	Bitmap Heap Scan on sbtest5  (cost=5.58..448.42 rows=112 width=125)
	  Recheck Cond: ((k >= 1959722) AND (k <= 1959822))
	  ->  Bitmap Index Scan on k_5  (cost=0.00..5.55 rows=112 width=0)
	        Index Cond: ((k >= 1959722) AND (k <= 1959822))

table 6 : explain SELECT k, c FROM sbtest6 WHERE k BETWEEN 1959722 AND 1959822
	Bitmap Heap Scan on sbtest6  (cost=5.50..416.94 rows=104 width=125)
	  Recheck Cond: ((k >= 1959722) AND (k <= 1959822))
	  ->  Bitmap Index Scan on k_6  (cost=0.00..5.47 rows=104 width=0)
	        Index Cond: ((k >= 1959722) AND (k <= 1959822))

table 7 : explain SELECT k, c FROM sbtest7 WHERE k BETWEEN 1959722 AND 1959822
	Bitmap Heap Scan on sbtest7  (cost=5.47..405.13 rows=101 width=125)
	  Recheck Cond: ((k >= 1959722) AND (k <= 1959822))
	  ->  Bitmap Index Scan on k_7  (cost=0.00..5.44 rows=101 width=0)
	        Index Cond: ((k >= 1959722) AND (k <= 1959822))

table 8 : explain SELECT k, c FROM sbtest8 WHERE k BETWEEN 1959722 AND 1959822
	Bitmap Heap Scan on sbtest8  (cost=5.50..416.94 rows=104 width=125)
	  Recheck Cond: ((k >= 1959722) AND (k <= 1959822))
	  ->  Bitmap Index Scan on k_8  (cost=0.00..5.47 rows=104 width=0)
	        Index Cond: ((k >= 1959722) AND (k <= 1959822))

explain: for range-notcovered :: explain SELECT k, c FROM sbtest%d WHERE k BETWEEN 1959722 AND 1959822
for range-notcovered
table 1 : explain SELECT k, c FROM sbtest1 WHERE k BETWEEN 6198697 AND 6198797
	Bitmap Heap Scan on sbtest1  (cost=5.42..385.43 rows=96 width=125)
	  Recheck Cond: ((k >= 6198697) AND (k <= 6198797))
	  ->  Bitmap Index Scan on k_1  (cost=0.00..5.39 rows=96 width=0)
	        Index Cond: ((k >= 6198697) AND (k <= 6198797))

table 2 : explain SELECT k, c FROM sbtest2 WHERE k BETWEEN 6198697 AND 6198797
	Bitmap Heap Scan on sbtest2  (cost=5.44..393.31 rows=98 width=125)
	  Recheck Cond: ((k >= 6198697) AND (k <= 6198797))
	  ->  Bitmap Index Scan on k_2  (cost=0.00..5.42 rows=98 width=0)
	        Index Cond: ((k >= 6198697) AND (k <= 6198797))

table 3 : explain SELECT k, c FROM sbtest3 WHERE k BETWEEN 6198697 AND 6198797
	Bitmap Heap Scan on sbtest3  (cost=5.44..393.31 rows=98 width=125)
	  Recheck Cond: ((k >= 6198697) AND (k <= 6198797))
	  ->  Bitmap Index Scan on k_3  (cost=0.00..5.42 rows=98 width=0)
	        Index Cond: ((k >= 6198697) AND (k <= 6198797))

table 4 : explain SELECT k, c FROM sbtest4 WHERE k BETWEEN 6198697 AND 6198797
	Bitmap Heap Scan on sbtest4  (cost=5.34..353.89 rows=88 width=125)
	  Recheck Cond: ((k >= 6198697) AND (k <= 6198797))
	  ->  Bitmap Index Scan on k_4  (cost=0.00..5.31 rows=88 width=0)
	        Index Cond: ((k >= 6198697) AND (k <= 6198797))

table 5 : explain SELECT k, c FROM sbtest5 WHERE k BETWEEN 6198697 AND 6198797
	Bitmap Heap Scan on sbtest5  (cost=5.41..381.49 rows=95 width=125)
	  Recheck Cond: ((k >= 6198697) AND (k <= 6198797))
	  ->  Bitmap Index Scan on k_5  (cost=0.00..5.38 rows=95 width=0)
	        Index Cond: ((k >= 6198697) AND (k <= 6198797))

table 6 : explain SELECT k, c FROM sbtest6 WHERE k BETWEEN 6198697 AND 6198797
	Bitmap Heap Scan on sbtest6  (cost=5.49..413.00 rows=103 width=125)
	  Recheck Cond: ((k >= 6198697) AND (k <= 6198797))
	  ->  Bitmap Index Scan on k_6  (cost=0.00..5.46 rows=103 width=0)
	        Index Cond: ((k >= 6198697) AND (k <= 6198797))

table 7 : explain SELECT k, c FROM sbtest7 WHERE k BETWEEN 6198697 AND 6198797
	Bitmap Heap Scan on sbtest7  (cost=5.44..393.31 rows=98 width=125)
	  Recheck Cond: ((k >= 6198697) AND (k <= 6198797))
	  ->  Bitmap Index Scan on k_7  (cost=0.00..5.42 rows=98 width=0)
	        Index Cond: ((k >= 6198697) AND (k <= 6198797))

table 8 : explain SELECT k, c FROM sbtest8 WHERE k BETWEEN 6198697 AND 6198797
	Bitmap Heap Scan on sbtest8  (cost=5.50..416.94 rows=104 width=125)
	  Recheck Cond: ((k >= 6198697) AND (k <= 6198797))
	  ->  Bitmap Index Scan on k_8  (cost=0.00..5.47 rows=104 width=0)
	        Index Cond: ((k >= 6198697) AND (k <= 6198797))

explain: for range-notcovered :: explain SELECT k, c FROM sbtest%d WHERE k BETWEEN 6198697 AND 6198797
explain: for range-notcovered :: explain SELECT k, c FROM sbtest%d WHERE k BETWEEN 8563729 AND 8563829
explain: for range-notcovered :: explain SELECT k, c FROM sbtest%d WHERE k BETWEEN 5827416 AND 5827516
for range-notcovered
table 1 : explain SELECT k, c FROM sbtest1 WHERE k BETWEEN 5561678 AND 5561778
	Bitmap Heap Scan on sbtest1  (cost=5.57..444.49 rows=111 width=125)
	  Recheck Cond: ((k >= 5561678) AND (k <= 5561778))
	  ->  Bitmap Index Scan on k_1  (cost=0.00..5.54 rows=111 width=0)
	        Index Cond: ((k >= 5561678) AND (k <= 5561778))

table 2 : explain SELECT k, c FROM sbtest2 WHERE k BETWEEN 5561678 AND 5561778
	Bitmap Heap Scan on sbtest2  (cost=5.54..432.69 rows=108 width=125)
	  Recheck Cond: ((k >= 5561678) AND (k <= 5561778))
	  ->  Bitmap Index Scan on k_2  (cost=0.00..5.51 rows=108 width=0)
	        Index Cond: ((k >= 5561678) AND (k <= 5561778))

table 3 : explain SELECT k, c FROM sbtest3 WHERE k BETWEEN 5561678 AND 5561778
	Bitmap Heap Scan on sbtest3  (cost=5.51..420.88 rows=105 width=125)
	  Recheck Cond: ((k >= 5561678) AND (k <= 5561778))
	  ->  Bitmap Index Scan on k_3  (cost=0.00..5.48 rows=105 width=0)
	        Index Cond: ((k >= 5561678) AND (k <= 5561778))

table 4 : explain SELECT k, c FROM sbtest4 WHERE k BETWEEN 5561678 AND 5561778
	Bitmap Heap Scan on sbtest4  (cost=5.56..440.56 rows=110 width=125)
	  Recheck Cond: ((k >= 5561678) AND (k <= 5561778))
	  ->  Bitmap Index Scan on k_4  (cost=0.00..5.53 rows=110 width=0)
	        Index Cond: ((k >= 5561678) AND (k <= 5561778))

table 5 : explain SELECT k, c FROM sbtest5 WHERE k BETWEEN 5561678 AND 5561778
	Bitmap Heap Scan on sbtest5  (cost=5.53..428.75 rows=107 width=125)
	  Recheck Cond: ((k >= 5561678) AND (k <= 5561778))
	  ->  Bitmap Index Scan on k_5  (cost=0.00..5.50 rows=107 width=0)
	        Index Cond: ((k >= 5561678) AND (k <= 5561778))

table 6 : explain SELECT k, c FROM sbtest6 WHERE k BETWEEN 5561678 AND 5561778
	Bitmap Heap Scan on sbtest6  (cost=5.51..420.88 rows=105 width=125)
	  Recheck Cond: ((k >= 5561678) AND (k <= 5561778))
	  ->  Bitmap Index Scan on k_6  (cost=0.00..5.48 rows=105 width=0)
	        Index Cond: ((k >= 5561678) AND (k <= 5561778))

table 7 : explain SELECT k, c FROM sbtest7 WHERE k BETWEEN 5561678 AND 5561778
	Bitmap Heap Scan on sbtest7  (cost=5.56..440.56 rows=110 width=125)
	  Recheck Cond: ((k >= 5561678) AND (k <= 5561778))
	  ->  Bitmap Index Scan on k_7  (cost=0.00..5.53 rows=110 width=0)
	        Index Cond: ((k >= 5561678) AND (k <= 5561778))

table 8 : explain SELECT k, c FROM sbtest8 WHERE k BETWEEN 5561678 AND 5561778
	Bitmap Heap Scan on sbtest8  (cost=5.46..401.19 rows=100 width=125)
	  Recheck Cond: ((k >= 5561678) AND (k <= 5561778))
	  ->  Bitmap Index Scan on k_8  (cost=0.00..5.43 rows=100 width=0)
	        Index Cond: ((k >= 5561678) AND (k <= 5561778))

for range-notcovered
table 1 : explain SELECT k, c FROM sbtest1 WHERE k BETWEEN 5653637 AND 5653737
	Bitmap Heap Scan on sbtest1  (cost=5.58..448.42 rows=112 width=125)
	  Recheck Cond: ((k >= 5653637) AND (k <= 5653737))
	  ->  Bitmap Index Scan on k_1  (cost=0.00..5.55 rows=112 width=0)
	        Index Cond: ((k >= 5653637) AND (k <= 5653737))

table 2 : explain SELECT k, c FROM sbtest2 WHERE k BETWEEN 5653637 AND 5653737
	Bitmap Heap Scan on sbtest2  (cost=5.46..401.19 rows=100 width=125)
	  Recheck Cond: ((k >= 5653637) AND (k <= 5653737))
	  ->  Bitmap Index Scan on k_2  (cost=0.00..5.43 rows=100 width=0)
	        Index Cond: ((k >= 5653637) AND (k <= 5653737))

table 3 : explain SELECT k, c FROM sbtest3 WHERE k BETWEEN 5653637 AND 5653737
	Bitmap Heap Scan on sbtest3  (cost=5.61..460.22 rows=115 width=125)
	  Recheck Cond: ((k >= 5653637) AND (k <= 5653737))
	  ->  Bitmap Index Scan on k_3  (cost=0.00..5.58 rows=115 width=0)
	        Index Cond: ((k >= 5653637) AND (k <= 5653737))

table 4 : explain SELECT k, c FROM sbtest4 WHERE k BETWEEN 5653637 AND 5653737
	Bitmap Heap Scan on sbtest4  (cost=5.46..401.19 rows=100 width=125)
	  Recheck Cond: ((k >= 5653637) AND (k <= 5653737))
	  ->  Bitmap Index Scan on k_4  (cost=0.00..5.43 rows=100 width=0)
	        Index Cond: ((k >= 5653637) AND (k <= 5653737))

table 5 : explain SELECT k, c FROM sbtest5 WHERE k BETWEEN 5653637 AND 5653737
	Bitmap Heap Scan on sbtest5  (cost=5.54..432.69 rows=108 width=125)
	  Recheck Cond: ((k >= 5653637) AND (k <= 5653737))
	  ->  Bitmap Index Scan on k_5  (cost=0.00..5.51 rows=108 width=0)
	        Index Cond: ((k >= 5653637) AND (k <= 5653737))

table 6 : explain SELECT k, c FROM sbtest6 WHERE k BETWEEN 5653637 AND 5653737
	Bitmap Heap Scan on sbtest6  (cost=5.44..393.31 rows=98 width=125)
	  Recheck Cond: ((k >= 5653637) AND (k <= 5653737))
	  ->  Bitmap Index Scan on k_6  (cost=0.00..5.42 rows=98 width=0)
	        Index Cond: ((k >= 5653637) AND (k <= 5653737))

table 7 : explain SELECT k, c FROM sbtest7 WHERE k BETWEEN 5653637 AND 5653737
	Bitmap Heap Scan on sbtest7  (cost=5.40..377.55 rows=94 width=125)
	  Recheck Cond: ((k >= 5653637) AND (k <= 5653737))
	  ->  Bitmap Index Scan on k_7  (cost=0.00..5.38 rows=94 width=0)
	        Index Cond: ((k >= 5653637) AND (k <= 5653737))

table 8 : explain SELECT k, c FROM sbtest8 WHERE k BETWEEN 5653637 AND 5653737
	Bitmap Heap Scan on sbtest8  (cost=5.46..401.19 rows=100 width=125)
	  Recheck Cond: ((k >= 5653637) AND (k <= 5653737))
	  ->  Bitmap Index Scan on k_8  (cost=0.00..5.43 rows=100 width=0)
	        Index Cond: ((k >= 5653637) AND (k <= 5653737))

explain: for range-notcovered :: explain SELECT k, c FROM sbtest%d WHERE k BETWEEN 5561678 AND 5561778
explain: for range-notcovered :: explain SELECT k, c FROM sbtest%d WHERE k BETWEEN 5653637 AND 5653737
for range-notcovered
table 1 : explain SELECT k, c FROM sbtest1 WHERE k BETWEEN 3965943 AND 3966043
	Bitmap Heap Scan on sbtest1  (cost=5.45..397.25 rows=99 width=125)
	  Recheck Cond: ((k >= 3965943) AND (k <= 3966043))
	  ->  Bitmap Index Scan on k_1  (cost=0.00..5.42 rows=99 width=0)
	        Index Cond: ((k >= 3965943) AND (k <= 3966043))

table 2 : explain SELECT k, c FROM sbtest2 WHERE k BETWEEN 3965943 AND 3966043
	Bitmap Heap Scan on sbtest2  (cost=5.44..393.31 rows=98 width=125)
	  Recheck Cond: ((k >= 3965943) AND (k <= 3966043))
	  ->  Bitmap Index Scan on k_2  (cost=0.00..5.42 rows=98 width=0)
	        Index Cond: ((k >= 3965943) AND (k <= 3966043))

table 3 : explain SELECT k, c FROM sbtest3 WHERE k BETWEEN 3965943 AND 3966043
	Bitmap Heap Scan on sbtest3  (cost=5.50..416.94 rows=104 width=125)
	  Recheck Cond: ((k >= 3965943) AND (k <= 3966043))
	  ->  Bitmap Index Scan on k_3  (cost=0.00..5.47 rows=104 width=0)
	        Index Cond: ((k >= 3965943) AND (k <= 3966043))

table 4 : explain SELECT k, c FROM sbtest4 WHERE k BETWEEN 3965943 AND 3966043
	Bitmap Heap Scan on sbtest4  (cost=5.42..385.43 rows=96 width=125)
	  Recheck Cond: ((k >= 3965943) AND (k <= 3966043))
	  ->  Bitmap Index Scan on k_4  (cost=0.00..5.39 rows=96 width=0)
	        Index Cond: ((k >= 3965943) AND (k <= 3966043))

table 5 : explain SELECT k, c FROM sbtest5 WHERE k BETWEEN 3965943 AND 3966043
	Bitmap Heap Scan on sbtest5  (cost=5.47..405.13 rows=101 width=125)
	  Recheck Cond: ((k >= 3965943) AND (k <= 3966043))
	  ->  Bitmap Index Scan on k_5  (cost=0.00..5.44 rows=101 width=0)
	        Index Cond: ((k >= 3965943) AND (k <= 3966043))

table 6 : explain SELECT k, c FROM sbtest6 WHERE k BETWEEN 3965943 AND 3966043
	Bitmap Heap Scan on sbtest6  (cost=5.47..405.13 rows=101 width=125)
	  Recheck Cond: ((k >= 3965943) AND (k <= 3966043))
	  ->  Bitmap Index Scan on k_6  (cost=0.00..5.44 rows=101 width=0)
	        Index Cond: ((k >= 3965943) AND (k <= 3966043))

table 7 : explain SELECT k, c FROM sbtest7 WHERE k BETWEEN 3965943 AND 3966043
	Bitmap Heap Scan on sbtest7  (cost=5.59..452.36 rows=113 width=125)
	  Recheck Cond: ((k >= 3965943) AND (k <= 3966043))
	  ->  Bitmap Index Scan on k_7  (cost=0.00..5.56 rows=113 width=0)
	        Index Cond: ((k >= 3965943) AND (k <= 3966043))

table 8 : explain SELECT k, c FROM sbtest8 WHERE k BETWEEN 3965943 AND 3966043
	Bitmap Heap Scan on sbtest8  (cost=5.46..401.19 rows=100 width=125)
	  Recheck Cond: ((k >= 3965943) AND (k <= 3966043))
	  ->  Bitmap Index Scan on k_8  (cost=0.00..5.43 rows=100 width=0)
	        Index Cond: ((k >= 3965943) AND (k <= 3966043))

explain: for range-notcovered :: explain SELECT k, c FROM sbtest%d WHERE k BETWEEN 3965943 AND 3966043
for range-notcovered
table 1 : explain SELECT k, c FROM sbtest1 WHERE k BETWEEN 2123299 AND 2123399
	Bitmap Heap Scan on sbtest1  (cost=5.53..428.75 rows=107 width=125)
	  Recheck Cond: ((k >= 2123299) AND (k <= 2123399))
	  ->  Bitmap Index Scan on k_1  (cost=0.00..5.50 rows=107 width=0)
	        Index Cond: ((k >= 2123299) AND (k <= 2123399))

table 2 : explain SELECT k, c FROM sbtest2 WHERE k BETWEEN 2123299 AND 2123399
	Bitmap Heap Scan on sbtest2  (cost=5.45..397.25 rows=99 width=125)
	  Recheck Cond: ((k >= 2123299) AND (k <= 2123399))
	  ->  Bitmap Index Scan on k_2  (cost=0.00..5.42 rows=99 width=0)
	        Index Cond: ((k >= 2123299) AND (k <= 2123399))

table 3 : explain SELECT k, c FROM sbtest3 WHERE k BETWEEN 2123299 AND 2123399
	Bitmap Heap Scan on sbtest3  (cost=5.48..409.07 rows=102 width=125)
	  Recheck Cond: ((k >= 2123299) AND (k <= 2123399))
	  ->  Bitmap Index Scan on k_3  (cost=0.00..5.45 rows=102 width=0)
	        Index Cond: ((k >= 2123299) AND (k <= 2123399))

table 4 : explain SELECT k, c FROM sbtest4 WHERE k BETWEEN 2123299 AND 2123399
	Bitmap Heap Scan on sbtest4  (cost=5.47..405.13 rows=101 width=125)
	  Recheck Cond: ((k >= 2123299) AND (k <= 2123399))
	  ->  Bitmap Index Scan on k_4  (cost=0.00..5.44 rows=101 width=0)
	        Index Cond: ((k >= 2123299) AND (k <= 2123399))

table 5 : explain SELECT k, c FROM sbtest5 WHERE k BETWEEN 2123299 AND 2123399
	Bitmap Heap Scan on sbtest5  (cost=5.57..444.49 rows=111 width=125)
	  Recheck Cond: ((k >= 2123299) AND (k <= 2123399))
	  ->  Bitmap Index Scan on k_5  (cost=0.00..5.54 rows=111 width=0)
	        Index Cond: ((k >= 2123299) AND (k <= 2123399))

table 6 : explain SELECT k, c FROM sbtest6 WHERE k BETWEEN 2123299 AND 2123399
	Bitmap Heap Scan on sbtest6  (cost=5.45..397.25 rows=99 width=125)
	  Recheck Cond: ((k >= 2123299) AND (k <= 2123399))
	  ->  Bitmap Index Scan on k_6  (cost=0.00..5.42 rows=99 width=0)
	        Index Cond: ((k >= 2123299) AND (k <= 2123399))

table 7 : explain SELECT k, c FROM sbtest7 WHERE k BETWEEN 2123299 AND 2123399
	Bitmap Heap Scan on sbtest7  (cost=5.51..420.88 rows=105 width=125)
	  Recheck Cond: ((k >= 2123299) AND (k <= 2123399))
	  ->  Bitmap Index Scan on k_7  (cost=0.00..5.48 rows=105 width=0)
	        Index Cond: ((k >= 2123299) AND (k <= 2123399))

table 8 : explain SELECT k, c FROM sbtest8 WHERE k BETWEEN 2123299 AND 2123399
	Bitmap Heap Scan on sbtest8  (cost=5.50..416.94 rows=104 width=125)
	  Recheck Cond: ((k >= 2123299) AND (k <= 2123399))
	  ->  Bitmap Index Scan on k_8  (cost=0.00..5.47 rows=104 width=0)
	        Index Cond: ((k >= 2123299) AND (k <= 2123399))

for range-notcovered
table 1 : explain SELECT k, c FROM sbtest1 WHERE k BETWEEN 6178832 AND 6178932
	Bitmap Heap Scan on sbtest1  (cost=5.42..385.43 rows=96 width=125)
	  Recheck Cond: ((k >= 6178832) AND (k <= 6178932))
	  ->  Bitmap Index Scan on k_1  (cost=0.00..5.39 rows=96 width=0)
	        Index Cond: ((k >= 6178832) AND (k <= 6178932))

table 2 : explain SELECT k, c FROM sbtest2 WHERE k BETWEEN 6178832 AND 6178932
	Bitmap Heap Scan on sbtest2  (cost=5.44..393.31 rows=98 width=125)
	  Recheck Cond: ((k >= 6178832) AND (k <= 6178932))
	  ->  Bitmap Index Scan on k_2  (cost=0.00..5.42 rows=98 width=0)
	        Index Cond: ((k >= 6178832) AND (k <= 6178932))

table 3 : explain SELECT k, c FROM sbtest3 WHERE k BETWEEN 6178832 AND 6178932
	Bitmap Heap Scan on sbtest3  (cost=5.44..393.31 rows=98 width=125)
	  Recheck Cond: ((k >= 6178832) AND (k <= 6178932))
	  ->  Bitmap Index Scan on k_3  (cost=0.00..5.42 rows=98 width=0)
	        Index Cond: ((k >= 6178832) AND (k <= 6178932))

table 4 : explain SELECT k, c FROM sbtest4 WHERE k BETWEEN 6178832 AND 6178932
	Bitmap Heap Scan on sbtest4  (cost=5.34..353.89 rows=88 width=125)
	  Recheck Cond: ((k >= 6178832) AND (k <= 6178932))
	  ->  Bitmap Index Scan on k_4  (cost=0.00..5.31 rows=88 width=0)
	        Index Cond: ((k >= 6178832) AND (k <= 6178932))

table 5 : explain SELECT k, c FROM sbtest5 WHERE k BETWEEN 6178832 AND 6178932
	Bitmap Heap Scan on sbtest5  (cost=5.41..381.49 rows=95 width=125)
	  Recheck Cond: ((k >= 6178832) AND (k <= 6178932))
	  ->  Bitmap Index Scan on k_5  (cost=0.00..5.38 rows=95 width=0)
	        Index Cond: ((k >= 6178832) AND (k <= 6178932))

table 6 : explain SELECT k, c FROM sbtest6 WHERE k BETWEEN 6178832 AND 6178932
	Bitmap Heap Scan on sbtest6  (cost=5.57..444.49 rows=111 width=125)
	  Recheck Cond: ((k >= 6178832) AND (k <= 6178932))
	  ->  Bitmap Index Scan on k_6  (cost=0.00..5.54 rows=111 width=0)
	        Index Cond: ((k >= 6178832) AND (k <= 6178932))

table 7 : explain SELECT k, c FROM sbtest7 WHERE k BETWEEN 6178832 AND 6178932
	Bitmap Heap Scan on sbtest7  (cost=5.54..432.69 rows=108 width=125)
	  Recheck Cond: ((k >= 6178832) AND (k <= 6178932))
	  ->  Bitmap Index Scan on k_7  (cost=0.00..5.51 rows=108 width=0)
	        Index Cond: ((k >= 6178832) AND (k <= 6178932))

table 8 : explain SELECT k, c FROM sbtest8 WHERE k BETWEEN 6178832 AND 6178932
	Bitmap Heap Scan on sbtest8  (cost=5.50..416.94 rows=104 width=125)
	  Recheck Cond: ((k >= 6178832) AND (k <= 6178932))
	  ->  Bitmap Index Scan on k_8  (cost=0.00..5.47 rows=104 width=0)
	        Index Cond: ((k >= 6178832) AND (k <= 6178932))

explain: for range-notcovered :: explain SELECT k, c FROM sbtest%d WHERE k BETWEEN 2123299 AND 2123399
for range-notcovered
table 1 : explain SELECT k, c FROM sbtest1 WHERE k BETWEEN 6198697 AND 6198797
	Bitmap Heap Scan on sbtest1  (cost=5.42..385.43 rows=96 width=125)
	  Recheck Cond: ((k >= 6198697) AND (k <= 6198797))
	  ->  Bitmap Index Scan on k_1  (cost=0.00..5.39 rows=96 width=0)
	        Index Cond: ((k >= 6198697) AND (k <= 6198797))

table 2 : explain SELECT k, c FROM sbtest2 WHERE k BETWEEN 6198697 AND 6198797
	Bitmap Heap Scan on sbtest2  (cost=5.44..393.31 rows=98 width=125)
	  Recheck Cond: ((k >= 6198697) AND (k <= 6198797))
	  ->  Bitmap Index Scan on k_2  (cost=0.00..5.42 rows=98 width=0)
	        Index Cond: ((k >= 6198697) AND (k <= 6198797))

table 3 : explain SELECT k, c FROM sbtest3 WHERE k BETWEEN 6198697 AND 6198797
	Bitmap Heap Scan on sbtest3  (cost=5.44..393.31 rows=98 width=125)
	  Recheck Cond: ((k >= 6198697) AND (k <= 6198797))
	  ->  Bitmap Index Scan on k_3  (cost=0.00..5.42 rows=98 width=0)
	        Index Cond: ((k >= 6198697) AND (k <= 6198797))

table 4 : explain SELECT k, c FROM sbtest4 WHERE k BETWEEN 6198697 AND 6198797
	Bitmap Heap Scan on sbtest4  (cost=5.34..353.89 rows=88 width=125)
	  Recheck Cond: ((k >= 6198697) AND (k <= 6198797))
	  ->  Bitmap Index Scan on k_4  (cost=0.00..5.31 rows=88 width=0)
	        Index Cond: ((k >= 6198697) AND (k <= 6198797))

table 5 : explain SELECT k, c FROM sbtest5 WHERE k BETWEEN 6198697 AND 6198797
	Bitmap Heap Scan on sbtest5  (cost=5.41..381.49 rows=95 width=125)
	  Recheck Cond: ((k >= 6198697) AND (k <= 6198797))
	  ->  Bitmap Index Scan on k_5  (cost=0.00..5.38 rows=95 width=0)
	        Index Cond: ((k >= 6198697) AND (k <= 6198797))

table 6 : explain SELECT k, c FROM sbtest6 WHERE k BETWEEN 6198697 AND 6198797
	Bitmap Heap Scan on sbtest6  (cost=5.49..413.00 rows=103 width=125)
	  Recheck Cond: ((k >= 6198697) AND (k <= 6198797))
	  ->  Bitmap Index Scan on k_6  (cost=0.00..5.46 rows=103 width=0)
	        Index Cond: ((k >= 6198697) AND (k <= 6198797))

table 7 : explain SELECT k, c FROM sbtest7 WHERE k BETWEEN 6198697 AND 6198797
	Bitmap Heap Scan on sbtest7  (cost=5.44..393.31 rows=98 width=125)
	  Recheck Cond: ((k >= 6198697) AND (k <= 6198797))
	  ->  Bitmap Index Scan on k_7  (cost=0.00..5.42 rows=98 width=0)
	        Index Cond: ((k >= 6198697) AND (k <= 6198797))

table 8 : explain SELECT k, c FROM sbtest8 WHERE k BETWEEN 6198697 AND 6198797
	Bitmap Heap Scan on sbtest8  (cost=5.50..416.94 rows=104 width=125)
	  Recheck Cond: ((k >= 6198697) AND (k <= 6198797))
	  ->  Bitmap Index Scan on k_8  (cost=0.00..5.47 rows=104 width=0)
	        Index Cond: ((k >= 6198697) AND (k <= 6198797))

explain: for range-notcovered :: explain SELECT k, c FROM sbtest%d WHERE k BETWEEN 6198697 AND 6198797
explain: for range-notcovered :: explain SELECT k, c FROM sbtest%d WHERE k BETWEEN 6178832 AND 6178932
explain: for range-notcovered :: explain SELECT k, c FROM sbtest%d WHERE k BETWEEN 4258902 AND 4259002
for range-notcovered
table 1 : explain SELECT k, c FROM sbtest1 WHERE k BETWEEN 5653637 AND 5653737
	Bitmap Heap Scan on sbtest1  (cost=5.58..448.42 rows=112 width=125)
	  Recheck Cond: ((k >= 5653637) AND (k <= 5653737))
	  ->  Bitmap Index Scan on k_1  (cost=0.00..5.55 rows=112 width=0)
	        Index Cond: ((k >= 5653637) AND (k <= 5653737))

table 2 : explain SELECT k, c FROM sbtest2 WHERE k BETWEEN 5653637 AND 5653737
	Bitmap Heap Scan on sbtest2  (cost=5.46..401.19 rows=100 width=125)
	  Recheck Cond: ((k >= 5653637) AND (k <= 5653737))
	  ->  Bitmap Index Scan on k_2  (cost=0.00..5.43 rows=100 width=0)
	        Index Cond: ((k >= 5653637) AND (k <= 5653737))

table 3 : explain SELECT k, c FROM sbtest3 WHERE k BETWEEN 5653637 AND 5653737
	Bitmap Heap Scan on sbtest3  (cost=5.61..460.22 rows=115 width=125)
	  Recheck Cond: ((k >= 5653637) AND (k <= 5653737))
	  ->  Bitmap Index Scan on k_3  (cost=0.00..5.58 rows=115 width=0)
	        Index Cond: ((k >= 5653637) AND (k <= 5653737))

table 4 : explain SELECT k, c FROM sbtest4 WHERE k BETWEEN 5653637 AND 5653737
	Bitmap Heap Scan on sbtest4  (cost=5.46..401.19 rows=100 width=125)
	  Recheck Cond: ((k >= 5653637) AND (k <= 5653737))
	  ->  Bitmap Index Scan on k_4  (cost=0.00..5.43 rows=100 width=0)
	        Index Cond: ((k >= 5653637) AND (k <= 5653737))

table 5 : explain SELECT k, c FROM sbtest5 WHERE k BETWEEN 5653637 AND 5653737
	Bitmap Heap Scan on sbtest5  (cost=5.54..432.69 rows=108 width=125)
	  Recheck Cond: ((k >= 5653637) AND (k <= 5653737))
	  ->  Bitmap Index Scan on k_5  (cost=0.00..5.51 rows=108 width=0)
	        Index Cond: ((k >= 5653637) AND (k <= 5653737))

table 6 : explain SELECT k, c FROM sbtest6 WHERE k BETWEEN 5653637 AND 5653737
	Bitmap Heap Scan on sbtest6  (cost=5.44..393.31 rows=98 width=125)
	  Recheck Cond: ((k >= 5653637) AND (k <= 5653737))
	  ->  Bitmap Index Scan on k_6  (cost=0.00..5.42 rows=98 width=0)
	        Index Cond: ((k >= 5653637) AND (k <= 5653737))

table 7 : explain SELECT k, c FROM sbtest7 WHERE k BETWEEN 5653637 AND 5653737
	Bitmap Heap Scan on sbtest7  (cost=5.40..377.55 rows=94 width=125)
	  Recheck Cond: ((k >= 5653637) AND (k <= 5653737))
	  ->  Bitmap Index Scan on k_7  (cost=0.00..5.38 rows=94 width=0)
	        Index Cond: ((k >= 5653637) AND (k <= 5653737))

table 8 : explain SELECT k, c FROM sbtest8 WHERE k BETWEEN 5653637 AND 5653737
	Bitmap Heap Scan on sbtest8  (cost=5.46..401.19 rows=100 width=125)
	  Recheck Cond: ((k >= 5653637) AND (k <= 5653737))
	  ->  Bitmap Index Scan on k_8  (cost=0.00..5.43 rows=100 width=0)
	        Index Cond: ((k >= 5653637) AND (k <= 5653737))

for range-notcovered
table 1 : explain SELECT k, c FROM sbtest1 WHERE k BETWEEN 1959722 AND 1959822
	Bitmap Heap Scan on sbtest1  (cost=5.56..440.56 rows=110 width=125)
	  Recheck Cond: ((k >= 1959722) AND (k <= 1959822))
	  ->  Bitmap Index Scan on k_1  (cost=0.00..5.53 rows=110 width=0)
	        Index Cond: ((k >= 1959722) AND (k <= 1959822))

table 2 : explain SELECT k, c FROM sbtest2 WHERE k BETWEEN 1959722 AND 1959822
	Bitmap Heap Scan on sbtest2  (cost=5.58..448.42 rows=112 width=125)
	  Recheck Cond: ((k >= 1959722) AND (k <= 1959822))
	  ->  Bitmap Index Scan on k_2  (cost=0.00..5.55 rows=112 width=0)
	        Index Cond: ((k >= 1959722) AND (k <= 1959822))

table 3 : explain SELECT k, c FROM sbtest3 WHERE k BETWEEN 1959722 AND 1959822
	Bitmap Heap Scan on sbtest3  (cost=5.45..397.25 rows=99 width=125)
	  Recheck Cond: ((k >= 1959722) AND (k <= 1959822))
	  ->  Bitmap Index Scan on k_3  (cost=0.00..5.42 rows=99 width=0)
	        Index Cond: ((k >= 1959722) AND (k <= 1959822))

table 4 : explain SELECT k, c FROM sbtest4 WHERE k BETWEEN 1959722 AND 1959822
	Bitmap Heap Scan on sbtest4  (cost=5.41..381.49 rows=95 width=125)
	  Recheck Cond: ((k >= 1959722) AND (k <= 1959822))
	  ->  Bitmap Index Scan on k_4  (cost=0.00..5.38 rows=95 width=0)
	        Index Cond: ((k >= 1959722) AND (k <= 1959822))

table 5 : explain SELECT k, c FROM sbtest5 WHERE k BETWEEN 1959722 AND 1959822
	Bitmap Heap Scan on sbtest5  (cost=5.58..448.42 rows=112 width=125)
	  Recheck Cond: ((k >= 1959722) AND (k <= 1959822))
	  ->  Bitmap Index Scan on k_5  (cost=0.00..5.55 rows=112 width=0)
	        Index Cond: ((k >= 1959722) AND (k <= 1959822))

table 6 : explain SELECT k, c FROM sbtest6 WHERE k BETWEEN 1959722 AND 1959822
	Bitmap Heap Scan on sbtest6  (cost=5.50..416.94 rows=104 width=125)
	  Recheck Cond: ((k >= 1959722) AND (k <= 1959822))
	  ->  Bitmap Index Scan on k_6  (cost=0.00..5.47 rows=104 width=0)
	        Index Cond: ((k >= 1959722) AND (k <= 1959822))

table 7 : explain SELECT k, c FROM sbtest7 WHERE k BETWEEN 1959722 AND 1959822
	Bitmap Heap Scan on sbtest7  (cost=5.47..405.13 rows=101 width=125)
	  Recheck Cond: ((k >= 1959722) AND (k <= 1959822))
	  ->  Bitmap Index Scan on k_7  (cost=0.00..5.44 rows=101 width=0)
	        Index Cond: ((k >= 1959722) AND (k <= 1959822))

table 8 : explain SELECT k, c FROM sbtest8 WHERE k BETWEEN 1959722 AND 1959822
	Bitmap Heap Scan on sbtest8  (cost=5.50..416.94 rows=104 width=125)
	  Recheck Cond: ((k >= 1959722) AND (k <= 1959822))
	  ->  Bitmap Index Scan on k_8  (cost=0.00..5.47 rows=104 width=0)
	        Index Cond: ((k >= 1959722) AND (k <= 1959822))

for range-notcovered
table 1 : explain SELECT k, c FROM sbtest1 WHERE k BETWEEN 5561678 AND 5561778
	Bitmap Heap Scan on sbtest1  (cost=5.57..444.49 rows=111 width=125)
	  Recheck Cond: ((k >= 5561678) AND (k <= 5561778))
	  ->  Bitmap Index Scan on k_1  (cost=0.00..5.54 rows=111 width=0)
	        Index Cond: ((k >= 5561678) AND (k <= 5561778))

table 2 : explain SELECT k, c FROM sbtest2 WHERE k BETWEEN 5561678 AND 5561778
	Bitmap Heap Scan on sbtest2  (cost=5.54..432.69 rows=108 width=125)
	  Recheck Cond: ((k >= 5561678) AND (k <= 5561778))
	  ->  Bitmap Index Scan on k_2  (cost=0.00..5.51 rows=108 width=0)
	        Index Cond: ((k >= 5561678) AND (k <= 5561778))

table 3 : explain SELECT k, c FROM sbtest3 WHERE k BETWEEN 5561678 AND 5561778
	Bitmap Heap Scan on sbtest3  (cost=5.51..420.88 rows=105 width=125)
	  Recheck Cond: ((k >= 5561678) AND (k <= 5561778))
	  ->  Bitmap Index Scan on k_3  (cost=0.00..5.48 rows=105 width=0)
	        Index Cond: ((k >= 5561678) AND (k <= 5561778))

table 4 : explain SELECT k, c FROM sbtest4 WHERE k BETWEEN 5561678 AND 5561778
	Bitmap Heap Scan on sbtest4  (cost=5.56..440.56 rows=110 width=125)
	  Recheck Cond: ((k >= 5561678) AND (k <= 5561778))
	  ->  Bitmap Index Scan on k_4  (cost=0.00..5.53 rows=110 width=0)
	        Index Cond: ((k >= 5561678) AND (k <= 5561778))

table 5 : explain SELECT k, c FROM sbtest5 WHERE k BETWEEN 5561678 AND 5561778
	Bitmap Heap Scan on sbtest5  (cost=5.53..428.75 rows=107 width=125)
	  Recheck Cond: ((k >= 5561678) AND (k <= 5561778))
	  ->  Bitmap Index Scan on k_5  (cost=0.00..5.50 rows=107 width=0)
	        Index Cond: ((k >= 5561678) AND (k <= 5561778))

table 6 : explain SELECT k, c FROM sbtest6 WHERE k BETWEEN 5561678 AND 5561778
	Bitmap Heap Scan on sbtest6  (cost=5.51..420.88 rows=105 width=125)
	  Recheck Cond: ((k >= 5561678) AND (k <= 5561778))
	  ->  Bitmap Index Scan on k_6  (cost=0.00..5.48 rows=105 width=0)
	        Index Cond: ((k >= 5561678) AND (k <= 5561778))

table 7 : explain SELECT k, c FROM sbtest7 WHERE k BETWEEN 5561678 AND 5561778
	Bitmap Heap Scan on sbtest7  (cost=5.56..440.56 rows=110 width=125)
	  Recheck Cond: ((k >= 5561678) AND (k <= 5561778))
	  ->  Bitmap Index Scan on k_7  (cost=0.00..5.53 rows=110 width=0)
	        Index Cond: ((k >= 5561678) AND (k <= 5561778))

table 8 : explain SELECT k, c FROM sbtest8 WHERE k BETWEEN 5561678 AND 5561778
	Bitmap Heap Scan on sbtest8  (cost=5.46..401.19 rows=100 width=125)
	  Recheck Cond: ((k >= 5561678) AND (k <= 5561778))
	  ->  Bitmap Index Scan on k_8  (cost=0.00..5.43 rows=100 width=0)
	        Index Cond: ((k >= 5561678) AND (k <= 5561778))

explain: for range-notcovered :: explain SELECT k, c FROM sbtest%d WHERE k BETWEEN 5653637 AND 5653737
explain: for range-notcovered :: explain SELECT k, c FROM sbtest%d WHERE k BETWEEN 5561678 AND 5561778
explain: for range-notcovered :: explain SELECT k, c FROM sbtest%d WHERE k BETWEEN 1959722 AND 1959822
for range-notcovered
table 1 : explain SELECT k, c FROM sbtest1 WHERE k BETWEEN 6198697 AND 6198797
	Bitmap Heap Scan on sbtest1  (cost=5.42..385.43 rows=96 width=125)
	  Recheck Cond: ((k >= 6198697) AND (k <= 6198797))
	  ->  Bitmap Index Scan on k_1  (cost=0.00..5.39 rows=96 width=0)
	        Index Cond: ((k >= 6198697) AND (k <= 6198797))

table 2 : explain SELECT k, c FROM sbtest2 WHERE k BETWEEN 6198697 AND 6198797
	Bitmap Heap Scan on sbtest2  (cost=5.44..393.31 rows=98 width=125)
	  Recheck Cond: ((k >= 6198697) AND (k <= 6198797))
	  ->  Bitmap Index Scan on k_2  (cost=0.00..5.42 rows=98 width=0)
	        Index Cond: ((k >= 6198697) AND (k <= 6198797))

table 3 : explain SELECT k, c FROM sbtest3 WHERE k BETWEEN 6198697 AND 6198797
	Bitmap Heap Scan on sbtest3  (cost=5.44..393.31 rows=98 width=125)
	  Recheck Cond: ((k >= 6198697) AND (k <= 6198797))
	  ->  Bitmap Index Scan on k_3  (cost=0.00..5.42 rows=98 width=0)
	        Index Cond: ((k >= 6198697) AND (k <= 6198797))

table 4 : explain SELECT k, c FROM sbtest4 WHERE k BETWEEN 6198697 AND 6198797
	Bitmap Heap Scan on sbtest4  (cost=5.34..353.89 rows=88 width=125)
	  Recheck Cond: ((k >= 6198697) AND (k <= 6198797))
	  ->  Bitmap Index Scan on k_4  (cost=0.00..5.31 rows=88 width=0)
	        Index Cond: ((k >= 6198697) AND (k <= 6198797))

table 5 : explain SELECT k, c FROM sbtest5 WHERE k BETWEEN 6198697 AND 6198797
	Bitmap Heap Scan on sbtest5  (cost=5.41..381.49 rows=95 width=125)
	  Recheck Cond: ((k >= 6198697) AND (k <= 6198797))
	  ->  Bitmap Index Scan on k_5  (cost=0.00..5.38 rows=95 width=0)
	        Index Cond: ((k >= 6198697) AND (k <= 6198797))

table 6 : explain SELECT k, c FROM sbtest6 WHERE k BETWEEN 6198697 AND 6198797
	Bitmap Heap Scan on sbtest6  (cost=5.49..413.00 rows=103 width=125)
	  Recheck Cond: ((k >= 6198697) AND (k <= 6198797))
	  ->  Bitmap Index Scan on k_6  (cost=0.00..5.46 rows=103 width=0)
	        Index Cond: ((k >= 6198697) AND (k <= 6198797))

table 7 : explain SELECT k, c FROM sbtest7 WHERE k BETWEEN 6198697 AND 6198797
	Bitmap Heap Scan on sbtest7  (cost=5.44..393.31 rows=98 width=125)
	  Recheck Cond: ((k >= 6198697) AND (k <= 6198797))
	  ->  Bitmap Index Scan on k_7  (cost=0.00..5.42 rows=98 width=0)
	        Index Cond: ((k >= 6198697) AND (k <= 6198797))

table 8 : explain SELECT k, c FROM sbtest8 WHERE k BETWEEN 6198697 AND 6198797
	Bitmap Heap Scan on sbtest8  (cost=5.50..416.94 rows=104 width=125)
	  Recheck Cond: ((k >= 6198697) AND (k <= 6198797))
	  ->  Bitmap Index Scan on k_8  (cost=0.00..5.47 rows=104 width=0)
	        Index Cond: ((k >= 6198697) AND (k <= 6198797))

for range-notcovered
table 1 : explain SELECT k, c FROM sbtest1 WHERE k BETWEEN 6178832 AND 6178932
	Bitmap Heap Scan on sbtest1  (cost=5.42..385.43 rows=96 width=125)
	  Recheck Cond: ((k >= 6178832) AND (k <= 6178932))
	  ->  Bitmap Index Scan on k_1  (cost=0.00..5.39 rows=96 width=0)
	        Index Cond: ((k >= 6178832) AND (k <= 6178932))

table 2 : explain SELECT k, c FROM sbtest2 WHERE k BETWEEN 6178832 AND 6178932
	Bitmap Heap Scan on sbtest2  (cost=5.44..393.31 rows=98 width=125)
	  Recheck Cond: ((k >= 6178832) AND (k <= 6178932))
	  ->  Bitmap Index Scan on k_2  (cost=0.00..5.42 rows=98 width=0)
	        Index Cond: ((k >= 6178832) AND (k <= 6178932))

table 3 : explain SELECT k, c FROM sbtest3 WHERE k BETWEEN 6178832 AND 6178932
	Bitmap Heap Scan on sbtest3  (cost=5.44..393.31 rows=98 width=125)
	  Recheck Cond: ((k >= 6178832) AND (k <= 6178932))
	  ->  Bitmap Index Scan on k_3  (cost=0.00..5.42 rows=98 width=0)
	        Index Cond: ((k >= 6178832) AND (k <= 6178932))

table 4 : explain SELECT k, c FROM sbtest4 WHERE k BETWEEN 6178832 AND 6178932
	Bitmap Heap Scan on sbtest4  (cost=5.34..353.89 rows=88 width=125)
	  Recheck Cond: ((k >= 6178832) AND (k <= 6178932))
	  ->  Bitmap Index Scan on k_4  (cost=0.00..5.31 rows=88 width=0)
	        Index Cond: ((k >= 6178832) AND (k <= 6178932))

table 5 : explain SELECT k, c FROM sbtest5 WHERE k BETWEEN 6178832 AND 6178932
	Bitmap Heap Scan on sbtest5  (cost=5.41..381.49 rows=95 width=125)
	  Recheck Cond: ((k >= 6178832) AND (k <= 6178932))
	  ->  Bitmap Index Scan on k_5  (cost=0.00..5.38 rows=95 width=0)
	        Index Cond: ((k >= 6178832) AND (k <= 6178932))

table 6 : explain SELECT k, c FROM sbtest6 WHERE k BETWEEN 6178832 AND 6178932
	Bitmap Heap Scan on sbtest6  (cost=5.57..444.49 rows=111 width=125)
	  Recheck Cond: ((k >= 6178832) AND (k <= 6178932))
	  ->  Bitmap Index Scan on k_6  (cost=0.00..5.54 rows=111 width=0)
	        Index Cond: ((k >= 6178832) AND (k <= 6178932))

table 7 : explain SELECT k, c FROM sbtest7 WHERE k BETWEEN 6178832 AND 6178932
	Bitmap Heap Scan on sbtest7  (cost=5.54..432.69 rows=108 width=125)
	  Recheck Cond: ((k >= 6178832) AND (k <= 6178932))
	  ->  Bitmap Index Scan on k_7  (cost=0.00..5.51 rows=108 width=0)
	        Index Cond: ((k >= 6178832) AND (k <= 6178932))

table 8 : explain SELECT k, c FROM sbtest8 WHERE k BETWEEN 6178832 AND 6178932
	Bitmap Heap Scan on sbtest8  (cost=5.50..416.94 rows=104 width=125)
	  Recheck Cond: ((k >= 6178832) AND (k <= 6178932))
	  ->  Bitmap Index Scan on k_8  (cost=0.00..5.47 rows=104 width=0)
	        Index Cond: ((k >= 6178832) AND (k <= 6178932))

explain: for range-notcovered :: explain SELECT k, c FROM sbtest%d WHERE k BETWEEN 6178832 AND 6178932
for range-notcovered
table 1 : explain SELECT k, c FROM sbtest1 WHERE k BETWEEN 3965943 AND 3966043
	Bitmap Heap Scan on sbtest1  (cost=5.45..397.25 rows=99 width=125)
	  Recheck Cond: ((k >= 3965943) AND (k <= 3966043))
	  ->  Bitmap Index Scan on k_1  (cost=0.00..5.42 rows=99 width=0)
	        Index Cond: ((k >= 3965943) AND (k <= 3966043))

table 2 : explain SELECT k, c FROM sbtest2 WHERE k BETWEEN 3965943 AND 3966043
	Bitmap Heap Scan on sbtest2  (cost=5.44..393.31 rows=98 width=125)
	  Recheck Cond: ((k >= 3965943) AND (k <= 3966043))
	  ->  Bitmap Index Scan on k_2  (cost=0.00..5.42 rows=98 width=0)
	        Index Cond: ((k >= 3965943) AND (k <= 3966043))

table 3 : explain SELECT k, c FROM sbtest3 WHERE k BETWEEN 3965943 AND 3966043
	Bitmap Heap Scan on sbtest3  (cost=5.50..416.94 rows=104 width=125)
	  Recheck Cond: ((k >= 3965943) AND (k <= 3966043))
	  ->  Bitmap Index Scan on k_3  (cost=0.00..5.47 rows=104 width=0)
	        Index Cond: ((k >= 3965943) AND (k <= 3966043))

table 4 : explain SELECT k, c FROM sbtest4 WHERE k BETWEEN 3965943 AND 3966043
	Bitmap Heap Scan on sbtest4  (cost=5.42..385.43 rows=96 width=125)
	  Recheck Cond: ((k >= 3965943) AND (k <= 3966043))
	  ->  Bitmap Index Scan on k_4  (cost=0.00..5.39 rows=96 width=0)
	        Index Cond: ((k >= 3965943) AND (k <= 3966043))

table 5 : explain SELECT k, c FROM sbtest5 WHERE k BETWEEN 3965943 AND 3966043
	Bitmap Heap Scan on sbtest5  (cost=5.47..405.13 rows=101 width=125)
	  Recheck Cond: ((k >= 3965943) AND (k <= 3966043))
	  ->  Bitmap Index Scan on k_5  (cost=0.00..5.44 rows=101 width=0)
	        Index Cond: ((k >= 3965943) AND (k <= 3966043))

table 6 : explain SELECT k, c FROM sbtest6 WHERE k BETWEEN 3965943 AND 3966043
	Bitmap Heap Scan on sbtest6  (cost=5.47..405.13 rows=101 width=125)
	  Recheck Cond: ((k >= 3965943) AND (k <= 3966043))
	  ->  Bitmap Index Scan on k_6  (cost=0.00..5.44 rows=101 width=0)
	        Index Cond: ((k >= 3965943) AND (k <= 3966043))

table 7 : explain SELECT k, c FROM sbtest7 WHERE k BETWEEN 3965943 AND 3966043
	Bitmap Heap Scan on sbtest7  (cost=5.59..452.36 rows=113 width=125)
	  Recheck Cond: ((k >= 3965943) AND (k <= 3966043))
	  ->  Bitmap Index Scan on k_7  (cost=0.00..5.56 rows=113 width=0)
	        Index Cond: ((k >= 3965943) AND (k <= 3966043))

table 8 : explain SELECT k, c FROM sbtest8 WHERE k BETWEEN 3965943 AND 3966043
	Bitmap Heap Scan on sbtest8  (cost=5.46..401.19 rows=100 width=125)
	  Recheck Cond: ((k >= 3965943) AND (k <= 3966043))
	  ->  Bitmap Index Scan on k_8  (cost=0.00..5.43 rows=100 width=0)
	        Index Cond: ((k >= 3965943) AND (k <= 3966043))

explain: for range-notcovered :: explain SELECT k, c FROM sbtest%d WHERE k BETWEEN 3965943 AND 3966043
for range-notcovered
table 1 : explain SELECT k, c FROM sbtest1 WHERE k BETWEEN 2123299 AND 2123399
	Bitmap Heap Scan on sbtest1  (cost=5.53..428.75 rows=107 width=125)
	  Recheck Cond: ((k >= 2123299) AND (k <= 2123399))
	  ->  Bitmap Index Scan on k_1  (cost=0.00..5.50 rows=107 width=0)
	        Index Cond: ((k >= 2123299) AND (k <= 2123399))

table 2 : explain SELECT k, c FROM sbtest2 WHERE k BETWEEN 2123299 AND 2123399
	Bitmap Heap Scan on sbtest2  (cost=5.45..397.25 rows=99 width=125)
	  Recheck Cond: ((k >= 2123299) AND (k <= 2123399))
	  ->  Bitmap Index Scan on k_2  (cost=0.00..5.42 rows=99 width=0)
	        Index Cond: ((k >= 2123299) AND (k <= 2123399))

table 3 : explain SELECT k, c FROM sbtest3 WHERE k BETWEEN 2123299 AND 2123399
	Bitmap Heap Scan on sbtest3  (cost=5.48..409.07 rows=102 width=125)
	  Recheck Cond: ((k >= 2123299) AND (k <= 2123399))
	  ->  Bitmap Index Scan on k_3  (cost=0.00..5.45 rows=102 width=0)
	        Index Cond: ((k >= 2123299) AND (k <= 2123399))

table 4 : explain SELECT k, c FROM sbtest4 WHERE k BETWEEN 2123299 AND 2123399
	Bitmap Heap Scan on sbtest4  (cost=5.47..405.13 rows=101 width=125)
	  Recheck Cond: ((k >= 2123299) AND (k <= 2123399))
	  ->  Bitmap Index Scan on k_4  (cost=0.00..5.44 rows=101 width=0)
	        Index Cond: ((k >= 2123299) AND (k <= 2123399))

table 5 : explain SELECT k, c FROM sbtest5 WHERE k BETWEEN 2123299 AND 2123399
	Bitmap Heap Scan on sbtest5  (cost=5.57..444.49 rows=111 width=125)
	  Recheck Cond: ((k >= 2123299) AND (k <= 2123399))
	  ->  Bitmap Index Scan on k_5  (cost=0.00..5.54 rows=111 width=0)
	        Index Cond: ((k >= 2123299) AND (k <= 2123399))

table 6 : explain SELECT k, c FROM sbtest6 WHERE k BETWEEN 2123299 AND 2123399
	Bitmap Heap Scan on sbtest6  (cost=5.45..397.25 rows=99 width=125)
	  Recheck Cond: ((k >= 2123299) AND (k <= 2123399))
	  ->  Bitmap Index Scan on k_6  (cost=0.00..5.42 rows=99 width=0)
	        Index Cond: ((k >= 2123299) AND (k <= 2123399))

table 7 : explain SELECT k, c FROM sbtest7 WHERE k BETWEEN 2123299 AND 2123399
	Bitmap Heap Scan on sbtest7  (cost=5.51..420.88 rows=105 width=125)
	  Recheck Cond: ((k >= 2123299) AND (k <= 2123399))
	  ->  Bitmap Index Scan on k_7  (cost=0.00..5.48 rows=105 width=0)
	        Index Cond: ((k >= 2123299) AND (k <= 2123399))

table 8 : explain SELECT k, c FROM sbtest8 WHERE k BETWEEN 2123299 AND 2123399
	Bitmap Heap Scan on sbtest8  (cost=5.50..416.94 rows=104 width=125)
	  Recheck Cond: ((k >= 2123299) AND (k <= 2123399))
	  ->  Bitmap Index Scan on k_8  (cost=0.00..5.47 rows=104 width=0)
	        Index Cond: ((k >= 2123299) AND (k <= 2123399))

explain: for range-notcovered :: explain SELECT k, c FROM sbtest%d WHERE k BETWEEN 2123299 AND 2123399
for range-notcovered
table 1 : explain SELECT k, c FROM sbtest1 WHERE k BETWEEN 6178832 AND 6178932
	Bitmap Heap Scan on sbtest1  (cost=5.42..385.43 rows=96 width=125)
	  Recheck Cond: ((k >= 6178832) AND (k <= 6178932))
	  ->  Bitmap Index Scan on k_1  (cost=0.00..5.39 rows=96 width=0)
	        Index Cond: ((k >= 6178832) AND (k <= 6178932))

table 2 : explain SELECT k, c FROM sbtest2 WHERE k BETWEEN 6178832 AND 6178932
	Bitmap Heap Scan on sbtest2  (cost=5.44..393.31 rows=98 width=125)
	  Recheck Cond: ((k >= 6178832) AND (k <= 6178932))
	  ->  Bitmap Index Scan on k_2  (cost=0.00..5.42 rows=98 width=0)
	        Index Cond: ((k >= 6178832) AND (k <= 6178932))

table 3 : explain SELECT k, c FROM sbtest3 WHERE k BETWEEN 6178832 AND 6178932
	Bitmap Heap Scan on sbtest3  (cost=5.44..393.31 rows=98 width=125)
	  Recheck Cond: ((k >= 6178832) AND (k <= 6178932))
	  ->  Bitmap Index Scan on k_3  (cost=0.00..5.42 rows=98 width=0)
	        Index Cond: ((k >= 6178832) AND (k <= 6178932))

table 4 : explain SELECT k, c FROM sbtest4 WHERE k BETWEEN 6178832 AND 6178932
	Bitmap Heap Scan on sbtest4  (cost=5.34..353.89 rows=88 width=125)
	  Recheck Cond: ((k >= 6178832) AND (k <= 6178932))
	  ->  Bitmap Index Scan on k_4  (cost=0.00..5.31 rows=88 width=0)
	        Index Cond: ((k >= 6178832) AND (k <= 6178932))

table 5 : explain SELECT k, c FROM sbtest5 WHERE k BETWEEN 6178832 AND 6178932
	Bitmap Heap Scan on sbtest5  (cost=5.41..381.49 rows=95 width=125)
	  Recheck Cond: ((k >= 6178832) AND (k <= 6178932))
	  ->  Bitmap Index Scan on k_5  (cost=0.00..5.38 rows=95 width=0)
	        Index Cond: ((k >= 6178832) AND (k <= 6178932))

table 6 : explain SELECT k, c FROM sbtest6 WHERE k BETWEEN 6178832 AND 6178932
	Bitmap Heap Scan on sbtest6  (cost=5.57..444.49 rows=111 width=125)
	  Recheck Cond: ((k >= 6178832) AND (k <= 6178932))
	  ->  Bitmap Index Scan on k_6  (cost=0.00..5.54 rows=111 width=0)
	        Index Cond: ((k >= 6178832) AND (k <= 6178932))

table 7 : explain SELECT k, c FROM sbtest7 WHERE k BETWEEN 6178832 AND 6178932
	Bitmap Heap Scan on sbtest7  (cost=5.54..432.69 rows=108 width=125)
	  Recheck Cond: ((k >= 6178832) AND (k <= 6178932))
	  ->  Bitmap Index Scan on k_7  (cost=0.00..5.51 rows=108 width=0)
	        Index Cond: ((k >= 6178832) AND (k <= 6178932))

table 8 : explain SELECT k, c FROM sbtest8 WHERE k BETWEEN 6178832 AND 6178932
	Bitmap Heap Scan on sbtest8  (cost=5.50..416.94 rows=104 width=125)
	  Recheck Cond: ((k >= 6178832) AND (k <= 6178932))
	  ->  Bitmap Index Scan on k_8  (cost=0.00..5.47 rows=104 width=0)
	        Index Cond: ((k >= 6178832) AND (k <= 6178932))

explain: for range-notcovered :: explain SELECT k, c FROM sbtest%d WHERE k BETWEEN 6178832 AND 6178932
for range-notcovered
table 1 : explain SELECT k, c FROM sbtest1 WHERE k BETWEEN 1959722 AND 1959822
	Bitmap Heap Scan on sbtest1  (cost=5.56..440.56 rows=110 width=125)
	  Recheck Cond: ((k >= 1959722) AND (k <= 1959822))
	  ->  Bitmap Index Scan on k_1  (cost=0.00..5.53 rows=110 width=0)
	        Index Cond: ((k >= 1959722) AND (k <= 1959822))

table 2 : explain SELECT k, c FROM sbtest2 WHERE k BETWEEN 1959722 AND 1959822
	Bitmap Heap Scan on sbtest2  (cost=5.58..448.42 rows=112 width=125)
	  Recheck Cond: ((k >= 1959722) AND (k <= 1959822))
	  ->  Bitmap Index Scan on k_2  (cost=0.00..5.55 rows=112 width=0)
	        Index Cond: ((k >= 1959722) AND (k <= 1959822))

table 3 : explain SELECT k, c FROM sbtest3 WHERE k BETWEEN 1959722 AND 1959822
	Bitmap Heap Scan on sbtest3  (cost=5.45..397.25 rows=99 width=125)
	  Recheck Cond: ((k >= 1959722) AND (k <= 1959822))
	  ->  Bitmap Index Scan on k_3  (cost=0.00..5.42 rows=99 width=0)
	        Index Cond: ((k >= 1959722) AND (k <= 1959822))

table 4 : explain SELECT k, c FROM sbtest4 WHERE k BETWEEN 1959722 AND 1959822
	Bitmap Heap Scan on sbtest4  (cost=5.41..381.49 rows=95 width=125)
	  Recheck Cond: ((k >= 1959722) AND (k <= 1959822))
	  ->  Bitmap Index Scan on k_4  (cost=0.00..5.38 rows=95 width=0)
	        Index Cond: ((k >= 1959722) AND (k <= 1959822))

table 5 : explain SELECT k, c FROM sbtest5 WHERE k BETWEEN 1959722 AND 1959822
	Bitmap Heap Scan on sbtest5  (cost=5.58..448.42 rows=112 width=125)
	  Recheck Cond: ((k >= 1959722) AND (k <= 1959822))
	  ->  Bitmap Index Scan on k_5  (cost=0.00..5.55 rows=112 width=0)
	        Index Cond: ((k >= 1959722) AND (k <= 1959822))

table 6 : explain SELECT k, c FROM sbtest6 WHERE k BETWEEN 1959722 AND 1959822
	Bitmap Heap Scan on sbtest6  (cost=5.50..416.94 rows=104 width=125)
	  Recheck Cond: ((k >= 1959722) AND (k <= 1959822))
	  ->  Bitmap Index Scan on k_6  (cost=0.00..5.47 rows=104 width=0)
	        Index Cond: ((k >= 1959722) AND (k <= 1959822))

table 7 : explain SELECT k, c FROM sbtest7 WHERE k BETWEEN 1959722 AND 1959822
	Bitmap Heap Scan on sbtest7  (cost=5.47..405.13 rows=101 width=125)
	  Recheck Cond: ((k >= 1959722) AND (k <= 1959822))
	  ->  Bitmap Index Scan on k_7  (cost=0.00..5.44 rows=101 width=0)
	        Index Cond: ((k >= 1959722) AND (k <= 1959822))

table 8 : explain SELECT k, c FROM sbtest8 WHERE k BETWEEN 1959722 AND 1959822
	Bitmap Heap Scan on sbtest8  (cost=5.50..416.94 rows=104 width=125)
	  Recheck Cond: ((k >= 1959722) AND (k <= 1959822))
	  ->  Bitmap Index Scan on k_8  (cost=0.00..5.47 rows=104 width=0)
	        Index Cond: ((k >= 1959722) AND (k <= 1959822))

for range-notcovered
table 1 : explain SELECT k, c FROM sbtest1 WHERE k BETWEEN 5653637 AND 5653737
	Bitmap Heap Scan on sbtest1  (cost=5.58..448.42 rows=112 width=125)
	  Recheck Cond: ((k >= 5653637) AND (k <= 5653737))
	  ->  Bitmap Index Scan on k_1  (cost=0.00..5.55 rows=112 width=0)
	        Index Cond: ((k >= 5653637) AND (k <= 5653737))

table 2 : explain SELECT k, c FROM sbtest2 WHERE k BETWEEN 5653637 AND 5653737
	Bitmap Heap Scan on sbtest2  (cost=5.46..401.19 rows=100 width=125)
	  Recheck Cond: ((k >= 5653637) AND (k <= 5653737))
	  ->  Bitmap Index Scan on k_2  (cost=0.00..5.43 rows=100 width=0)
	        Index Cond: ((k >= 5653637) AND (k <= 5653737))

table 3 : explain SELECT k, c FROM sbtest3 WHERE k BETWEEN 5653637 AND 5653737
	Bitmap Heap Scan on sbtest3  (cost=5.61..460.22 rows=115 width=125)
	  Recheck Cond: ((k >= 5653637) AND (k <= 5653737))
	  ->  Bitmap Index Scan on k_3  (cost=0.00..5.58 rows=115 width=0)
	        Index Cond: ((k >= 5653637) AND (k <= 5653737))

table 4 : explain SELECT k, c FROM sbtest4 WHERE k BETWEEN 5653637 AND 5653737
	Bitmap Heap Scan on sbtest4  (cost=5.46..401.19 rows=100 width=125)
	  Recheck Cond: ((k >= 5653637) AND (k <= 5653737))
	  ->  Bitmap Index Scan on k_4  (cost=0.00..5.43 rows=100 width=0)
	        Index Cond: ((k >= 5653637) AND (k <= 5653737))

table 5 : explain SELECT k, c FROM sbtest5 WHERE k BETWEEN 5653637 AND 5653737
	Bitmap Heap Scan on sbtest5  (cost=5.54..432.69 rows=108 width=125)
	  Recheck Cond: ((k >= 5653637) AND (k <= 5653737))
	  ->  Bitmap Index Scan on k_5  (cost=0.00..5.51 rows=108 width=0)
	        Index Cond: ((k >= 5653637) AND (k <= 5653737))

table 6 : explain SELECT k, c FROM sbtest6 WHERE k BETWEEN 5653637 AND 5653737
	Bitmap Heap Scan on sbtest6  (cost=5.44..393.31 rows=98 width=125)
	  Recheck Cond: ((k >= 5653637) AND (k <= 5653737))
	  ->  Bitmap Index Scan on k_6  (cost=0.00..5.42 rows=98 width=0)
	        Index Cond: ((k >= 5653637) AND (k <= 5653737))

table 7 : explain SELECT k, c FROM sbtest7 WHERE k BETWEEN 5653637 AND 5653737
	Bitmap Heap Scan on sbtest7  (cost=5.40..377.55 rows=94 width=125)
	  Recheck Cond: ((k >= 5653637) AND (k <= 5653737))
	  ->  Bitmap Index Scan on k_7  (cost=0.00..5.38 rows=94 width=0)
	        Index Cond: ((k >= 5653637) AND (k <= 5653737))

table 8 : explain SELECT k, c FROM sbtest8 WHERE k BETWEEN 5653637 AND 5653737
	Bitmap Heap Scan on sbtest8  (cost=5.46..401.19 rows=100 width=125)
	  Recheck Cond: ((k >= 5653637) AND (k <= 5653737))
	  ->  Bitmap Index Scan on k_8  (cost=0.00..5.43 rows=100 width=0)
	        Index Cond: ((k >= 5653637) AND (k <= 5653737))

explain: for range-notcovered :: explain SELECT k, c FROM sbtest%d WHERE k BETWEEN 1959722 AND 1959822
for range-notcovered
table 1 : explain SELECT k, c FROM sbtest1 WHERE k BETWEEN 5561678 AND 5561778
	Bitmap Heap Scan on sbtest1  (cost=5.57..444.49 rows=111 width=125)
	  Recheck Cond: ((k >= 5561678) AND (k <= 5561778))
	  ->  Bitmap Index Scan on k_1  (cost=0.00..5.54 rows=111 width=0)
	        Index Cond: ((k >= 5561678) AND (k <= 5561778))

table 2 : explain SELECT k, c FROM sbtest2 WHERE k BETWEEN 5561678 AND 5561778
	Bitmap Heap Scan on sbtest2  (cost=5.54..432.69 rows=108 width=125)
	  Recheck Cond: ((k >= 5561678) AND (k <= 5561778))
	  ->  Bitmap Index Scan on k_2  (cost=0.00..5.51 rows=108 width=0)
	        Index Cond: ((k >= 5561678) AND (k <= 5561778))

table 3 : explain SELECT k, c FROM sbtest3 WHERE k BETWEEN 5561678 AND 5561778
	Bitmap Heap Scan on sbtest3  (cost=5.51..420.88 rows=105 width=125)
	  Recheck Cond: ((k >= 5561678) AND (k <= 5561778))
	  ->  Bitmap Index Scan on k_3  (cost=0.00..5.48 rows=105 width=0)
	        Index Cond: ((k >= 5561678) AND (k <= 5561778))

table 4 : explain SELECT k, c FROM sbtest4 WHERE k BETWEEN 5561678 AND 5561778
	Bitmap Heap Scan on sbtest4  (cost=5.56..440.56 rows=110 width=125)
	  Recheck Cond: ((k >= 5561678) AND (k <= 5561778))
	  ->  Bitmap Index Scan on k_4  (cost=0.00..5.53 rows=110 width=0)
	        Index Cond: ((k >= 5561678) AND (k <= 5561778))

table 5 : explain SELECT k, c FROM sbtest5 WHERE k BETWEEN 5561678 AND 5561778
	Bitmap Heap Scan on sbtest5  (cost=5.53..428.75 rows=107 width=125)
	  Recheck Cond: ((k >= 5561678) AND (k <= 5561778))
	  ->  Bitmap Index Scan on k_5  (cost=0.00..5.50 rows=107 width=0)
	        Index Cond: ((k >= 5561678) AND (k <= 5561778))

table 6 : explain SELECT k, c FROM sbtest6 WHERE k BETWEEN 5561678 AND 5561778
	Bitmap Heap Scan on sbtest6  (cost=5.51..420.88 rows=105 width=125)
	  Recheck Cond: ((k >= 5561678) AND (k <= 5561778))
	  ->  Bitmap Index Scan on k_6  (cost=0.00..5.48 rows=105 width=0)
	        Index Cond: ((k >= 5561678) AND (k <= 5561778))

table 7 : explain SELECT k, c FROM sbtest7 WHERE k BETWEEN 5561678 AND 5561778
	Bitmap Heap Scan on sbtest7  (cost=5.56..440.56 rows=110 width=125)
	  Recheck Cond: ((k >= 5561678) AND (k <= 5561778))
	  ->  Bitmap Index Scan on k_7  (cost=0.00..5.53 rows=110 width=0)
	        Index Cond: ((k >= 5561678) AND (k <= 5561778))

table 8 : explain SELECT k, c FROM sbtest8 WHERE k BETWEEN 5561678 AND 5561778
	Bitmap Heap Scan on sbtest8  (cost=5.46..401.19 rows=100 width=125)
	  Recheck Cond: ((k >= 5561678) AND (k <= 5561778))
	  ->  Bitmap Index Scan on k_8  (cost=0.00..5.43 rows=100 width=0)
	        Index Cond: ((k >= 5561678) AND (k <= 5561778))

explain: for range-notcovered :: explain SELECT k, c FROM sbtest%d WHERE k BETWEEN 5653637 AND 5653737
explain: for range-notcovered :: explain SELECT k, c FROM sbtest%d WHERE k BETWEEN 5561678 AND 5561778
for range-notcovered
table 1 : explain SELECT k, c FROM sbtest1 WHERE k BETWEEN 4136690 AND 4136790
	Bitmap Heap Scan on sbtest1  (cost=5.45..397.25 rows=99 width=125)
	  Recheck Cond: ((k >= 4136690) AND (k <= 4136790))
	  ->  Bitmap Index Scan on k_1  (cost=0.00..5.42 rows=99 width=0)
	        Index Cond: ((k >= 4136690) AND (k <= 4136790))

table 2 : explain SELECT k, c FROM sbtest2 WHERE k BETWEEN 4136690 AND 4136790
	Bitmap Heap Scan on sbtest2  (cost=5.47..405.13 rows=101 width=125)
	  Recheck Cond: ((k >= 4136690) AND (k <= 4136790))
	  ->  Bitmap Index Scan on k_2  (cost=0.00..5.44 rows=101 width=0)
	        Index Cond: ((k >= 4136690) AND (k <= 4136790))

table 3 : explain SELECT k, c FROM sbtest3 WHERE k BETWEEN 4136690 AND 4136790
	Bitmap Heap Scan on sbtest3  (cost=5.46..401.19 rows=100 width=125)
	  Recheck Cond: ((k >= 4136690) AND (k <= 4136790))
	  ->  Bitmap Index Scan on k_3  (cost=0.00..5.43 rows=100 width=0)
	        Index Cond: ((k >= 4136690) AND (k <= 4136790))

table 4 : explain SELECT k, c FROM sbtest4 WHERE k BETWEEN 4136690 AND 4136790
	Bitmap Heap Scan on sbtest4  (cost=5.55..436.62 rows=109 width=125)
	  Recheck Cond: ((k >= 4136690) AND (k <= 4136790))
	  ->  Bitmap Index Scan on k_4  (cost=0.00..5.52 rows=109 width=0)
	        Index Cond: ((k >= 4136690) AND (k <= 4136790))

table 5 : explain SELECT k, c FROM sbtest5 WHERE k BETWEEN 4136690 AND 4136790
	Bitmap Heap Scan on sbtest5  (cost=5.49..413.00 rows=103 width=125)
	  Recheck Cond: ((k >= 4136690) AND (k <= 4136790))
	  ->  Bitmap Index Scan on k_5  (cost=0.00..5.46 rows=103 width=0)
	        Index Cond: ((k >= 4136690) AND (k <= 4136790))

table 6 : explain SELECT k, c FROM sbtest6 WHERE k BETWEEN 4136690 AND 4136790
	Bitmap Heap Scan on sbtest6  (cost=5.48..409.07 rows=102 width=125)
	  Recheck Cond: ((k >= 4136690) AND (k <= 4136790))
	  ->  Bitmap Index Scan on k_6  (cost=0.00..5.45 rows=102 width=0)
	        Index Cond: ((k >= 4136690) AND (k <= 4136790))

table 7 : explain SELECT k, c FROM sbtest7 WHERE k BETWEEN 4136690 AND 4136790
	Bitmap Heap Scan on sbtest7  (cost=5.60..456.29 rows=114 width=125)
	  Recheck Cond: ((k >= 4136690) AND (k <= 4136790))
	  ->  Bitmap Index Scan on k_7  (cost=0.00..5.58 rows=114 width=0)
	        Index Cond: ((k >= 4136690) AND (k <= 4136790))

table 8 : explain SELECT k, c FROM sbtest8 WHERE k BETWEEN 4136690 AND 4136790
	Bitmap Heap Scan on sbtest8  (cost=5.42..385.43 rows=96 width=125)
	  Recheck Cond: ((k >= 4136690) AND (k <= 4136790))
	  ->  Bitmap Index Scan on k_8  (cost=0.00..5.39 rows=96 width=0)
	        Index Cond: ((k >= 4136690) AND (k <= 4136790))

for range-notcovered
table 1 : explain SELECT k, c FROM sbtest1 WHERE k BETWEEN 5827416 AND 5827516
	Bitmap Heap Scan on sbtest1  (cost=5.47..405.13 rows=101 width=125)
	  Recheck Cond: ((k >= 5827416) AND (k <= 5827516))
	  ->  Bitmap Index Scan on k_1  (cost=0.00..5.44 rows=101 width=0)
	        Index Cond: ((k >= 5827416) AND (k <= 5827516))

table 2 : explain SELECT k, c FROM sbtest2 WHERE k BETWEEN 5827416 AND 5827516
	Bitmap Heap Scan on sbtest2  (cost=5.51..420.88 rows=105 width=125)
	  Recheck Cond: ((k >= 5827416) AND (k <= 5827516))
	  ->  Bitmap Index Scan on k_2  (cost=0.00..5.48 rows=105 width=0)
	        Index Cond: ((k >= 5827416) AND (k <= 5827516))

table 3 : explain SELECT k, c FROM sbtest3 WHERE k BETWEEN 5827416 AND 5827516
	Bitmap Heap Scan on sbtest3  (cost=5.42..385.43 rows=96 width=125)
	  Recheck Cond: ((k >= 5827416) AND (k <= 5827516))
	  ->  Bitmap Index Scan on k_3  (cost=0.00..5.39 rows=96 width=0)
	        Index Cond: ((k >= 5827416) AND (k <= 5827516))

table 4 : explain SELECT k, c FROM sbtest4 WHERE k BETWEEN 5827416 AND 5827516
	Bitmap Heap Scan on sbtest4  (cost=5.46..401.19 rows=100 width=125)
	  Recheck Cond: ((k >= 5827416) AND (k <= 5827516))
	  ->  Bitmap Index Scan on k_4  (cost=0.00..5.43 rows=100 width=0)
	        Index Cond: ((k >= 5827416) AND (k <= 5827516))

table 5 : explain SELECT k, c FROM sbtest5 WHERE k BETWEEN 5827416 AND 5827516
	Bitmap Heap Scan on sbtest5  (cost=5.41..381.49 rows=95 width=125)
	  Recheck Cond: ((k >= 5827416) AND (k <= 5827516))
	  ->  Bitmap Index Scan on k_5  (cost=0.00..5.38 rows=95 width=0)
	        Index Cond: ((k >= 5827416) AND (k <= 5827516))

table 6 : explain SELECT k, c FROM sbtest6 WHERE k BETWEEN 5827416 AND 5827516
	Bitmap Heap Scan on sbtest6  (cost=5.44..393.31 rows=98 width=125)
	  Recheck Cond: ((k >= 5827416) AND (k <= 5827516))
	  ->  Bitmap Index Scan on k_6  (cost=0.00..5.42 rows=98 width=0)
	        Index Cond: ((k >= 5827416) AND (k <= 5827516))

table 7 : explain SELECT k, c FROM sbtest7 WHERE k BETWEEN 5827416 AND 5827516
	Bitmap Heap Scan on sbtest7  (cost=5.46..401.19 rows=100 width=125)
	  Recheck Cond: ((k >= 5827416) AND (k <= 5827516))
	  ->  Bitmap Index Scan on k_7  (cost=0.00..5.43 rows=100 width=0)
	        Index Cond: ((k >= 5827416) AND (k <= 5827516))

table 8 : explain SELECT k, c FROM sbtest8 WHERE k BETWEEN 5827416 AND 5827516
	Bitmap Heap Scan on sbtest8  (cost=5.52..424.81 rows=106 width=125)
	  Recheck Cond: ((k >= 5827416) AND (k <= 5827516))
	  ->  Bitmap Index Scan on k_8  (cost=0.00..5.50 rows=106 width=0)
	        Index Cond: ((k >= 5827416) AND (k <= 5827516))

for range-notcovered
table 1 : explain SELECT k, c FROM sbtest1 WHERE k BETWEEN 8563729 AND 8563829
	Bitmap Heap Scan on sbtest1  (cost=5.48..409.07 rows=102 width=125)
	  Recheck Cond: ((k >= 8563729) AND (k <= 8563829))
	  ->  Bitmap Index Scan on k_1  (cost=0.00..5.45 rows=102 width=0)
	        Index Cond: ((k >= 8563729) AND (k <= 8563829))

table 2 : explain SELECT k, c FROM sbtest2 WHERE k BETWEEN 8563729 AND 8563829
	Bitmap Heap Scan on sbtest2  (cost=5.50..416.94 rows=104 width=125)
	  Recheck Cond: ((k >= 8563729) AND (k <= 8563829))
	  ->  Bitmap Index Scan on k_2  (cost=0.00..5.47 rows=104 width=0)
	        Index Cond: ((k >= 8563729) AND (k <= 8563829))

table 3 : explain SELECT k, c FROM sbtest3 WHERE k BETWEEN 8563729 AND 8563829
	Bitmap Heap Scan on sbtest3  (cost=5.55..436.62 rows=109 width=125)
	  Recheck Cond: ((k >= 8563729) AND (k <= 8563829))
	  ->  Bitmap Index Scan on k_3  (cost=0.00..5.52 rows=109 width=0)
	        Index Cond: ((k >= 8563729) AND (k <= 8563829))

table 4 : explain SELECT k, c FROM sbtest4 WHERE k BETWEEN 8563729 AND 8563829
	Bitmap Heap Scan on sbtest4  (cost=5.60..456.29 rows=114 width=125)
	  Recheck Cond: ((k >= 8563729) AND (k <= 8563829))
	  ->  Bitmap Index Scan on k_4  (cost=0.00..5.58 rows=114 width=0)
	        Index Cond: ((k >= 8563729) AND (k <= 8563829))

table 5 : explain SELECT k, c FROM sbtest5 WHERE k BETWEEN 8563729 AND 8563829
	Bitmap Heap Scan on sbtest5  (cost=5.56..440.56 rows=110 width=125)
	  Recheck Cond: ((k >= 8563729) AND (k <= 8563829))
	  ->  Bitmap Index Scan on k_5  (cost=0.00..5.53 rows=110 width=0)
	        Index Cond: ((k >= 8563729) AND (k <= 8563829))

table 6 : explain SELECT k, c FROM sbtest6 WHERE k BETWEEN 8563729 AND 8563829
	Bitmap Heap Scan on sbtest6  (cost=5.49..413.00 rows=103 width=125)
	  Recheck Cond: ((k >= 8563729) AND (k <= 8563829))
	  ->  Bitmap Index Scan on k_6  (cost=0.00..5.46 rows=103 width=0)
	        Index Cond: ((k >= 8563729) AND (k <= 8563829))

table 7 : explain SELECT k, c FROM sbtest7 WHERE k BETWEEN 8563729 AND 8563829
	Bitmap Heap Scan on sbtest7  (cost=5.54..432.69 rows=108 width=125)
	  Recheck Cond: ((k >= 8563729) AND (k <= 8563829))
	  ->  Bitmap Index Scan on k_7  (cost=0.00..5.51 rows=108 width=0)
	        Index Cond: ((k >= 8563729) AND (k <= 8563829))

table 8 : explain SELECT k, c FROM sbtest8 WHERE k BETWEEN 8563729 AND 8563829
	Bitmap Heap Scan on sbtest8  (cost=5.58..448.42 rows=112 width=125)
	  Recheck Cond: ((k >= 8563729) AND (k <= 8563829))
	  ->  Bitmap Index Scan on k_8  (cost=0.00..5.55 rows=112 width=0)
	        Index Cond: ((k >= 8563729) AND (k <= 8563829))

for range-notcovered
table 1 : explain SELECT k, c FROM sbtest1 WHERE k BETWEEN 6178832 AND 6178932
	Bitmap Heap Scan on sbtest1  (cost=5.42..385.43 rows=96 width=125)
	  Recheck Cond: ((k >= 6178832) AND (k <= 6178932))
	  ->  Bitmap Index Scan on k_1  (cost=0.00..5.39 rows=96 width=0)
	        Index Cond: ((k >= 6178832) AND (k <= 6178932))

table 2 : explain SELECT k, c FROM sbtest2 WHERE k BETWEEN 6178832 AND 6178932
	Bitmap Heap Scan on sbtest2  (cost=5.44..393.31 rows=98 width=125)
	  Recheck Cond: ((k >= 6178832) AND (k <= 6178932))
	  ->  Bitmap Index Scan on k_2  (cost=0.00..5.42 rows=98 width=0)
	        Index Cond: ((k >= 6178832) AND (k <= 6178932))

table 3 : explain SELECT k, c FROM sbtest3 WHERE k BETWEEN 6178832 AND 6178932
	Bitmap Heap Scan on sbtest3  (cost=5.44..393.31 rows=98 width=125)
	  Recheck Cond: ((k >= 6178832) AND (k <= 6178932))
	  ->  Bitmap Index Scan on k_3  (cost=0.00..5.42 rows=98 width=0)
	        Index Cond: ((k >= 6178832) AND (k <= 6178932))

table 4 : explain SELECT k, c FROM sbtest4 WHERE k BETWEEN 6178832 AND 6178932
	Bitmap Heap Scan on sbtest4  (cost=5.34..353.89 rows=88 width=125)
	  Recheck Cond: ((k >= 6178832) AND (k <= 6178932))
	  ->  Bitmap Index Scan on k_4  (cost=0.00..5.31 rows=88 width=0)
	        Index Cond: ((k >= 6178832) AND (k <= 6178932))

table 5 : explain SELECT k, c FROM sbtest5 WHERE k BETWEEN 6178832 AND 6178932
	Bitmap Heap Scan on sbtest5  (cost=5.41..381.49 rows=95 width=125)
	  Recheck Cond: ((k >= 6178832) AND (k <= 6178932))
	  ->  Bitmap Index Scan on k_5  (cost=0.00..5.38 rows=95 width=0)
	        Index Cond: ((k >= 6178832) AND (k <= 6178932))

table 6 : explain SELECT k, c FROM sbtest6 WHERE k BETWEEN 6178832 AND 6178932
	Bitmap Heap Scan on sbtest6  (cost=5.57..444.49 rows=111 width=125)
	  Recheck Cond: ((k >= 6178832) AND (k <= 6178932))
	  ->  Bitmap Index Scan on k_6  (cost=0.00..5.54 rows=111 width=0)
	        Index Cond: ((k >= 6178832) AND (k <= 6178932))

table 7 : explain SELECT k, c FROM sbtest7 WHERE k BETWEEN 6178832 AND 6178932
	Bitmap Heap Scan on sbtest7  (cost=5.54..432.69 rows=108 width=125)
	  Recheck Cond: ((k >= 6178832) AND (k <= 6178932))
	  ->  Bitmap Index Scan on k_7  (cost=0.00..5.51 rows=108 width=0)
	        Index Cond: ((k >= 6178832) AND (k <= 6178932))

table 8 : explain SELECT k, c FROM sbtest8 WHERE k BETWEEN 6178832 AND 6178932
	Bitmap Heap Scan on sbtest8  (cost=5.50..416.94 rows=104 width=125)
	  Recheck Cond: ((k >= 6178832) AND (k <= 6178932))
	  ->  Bitmap Index Scan on k_8  (cost=0.00..5.47 rows=104 width=0)
	        Index Cond: ((k >= 6178832) AND (k <= 6178932))

explain: for range-notcovered :: explain SELECT k, c FROM sbtest%d WHERE k BETWEEN 5827416 AND 5827516
explain: for range-notcovered :: explain SELECT k, c FROM sbtest%d WHERE k BETWEEN 8563729 AND 8563829
explain: for range-notcovered :: explain SELECT k, c FROM sbtest%d WHERE k BETWEEN 6178832 AND 6178932
for range-notcovered
table 1 : explain SELECT k, c FROM sbtest1 WHERE k BETWEEN 3965943 AND 3966043
	Bitmap Heap Scan on sbtest1  (cost=5.45..397.25 rows=99 width=125)
	  Recheck Cond: ((k >= 3965943) AND (k <= 3966043))
	  ->  Bitmap Index Scan on k_1  (cost=0.00..5.42 rows=99 width=0)
	        Index Cond: ((k >= 3965943) AND (k <= 3966043))

table 2 : explain SELECT k, c FROM sbtest2 WHERE k BETWEEN 3965943 AND 3966043
	Bitmap Heap Scan on sbtest2  (cost=5.44..393.31 rows=98 width=125)
	  Recheck Cond: ((k >= 3965943) AND (k <= 3966043))
	  ->  Bitmap Index Scan on k_2  (cost=0.00..5.42 rows=98 width=0)
	        Index Cond: ((k >= 3965943) AND (k <= 3966043))

table 3 : explain SELECT k, c FROM sbtest3 WHERE k BETWEEN 3965943 AND 3966043
	Bitmap Heap Scan on sbtest3  (cost=5.50..416.94 rows=104 width=125)
	  Recheck Cond: ((k >= 3965943) AND (k <= 3966043))
	  ->  Bitmap Index Scan on k_3  (cost=0.00..5.47 rows=104 width=0)
	        Index Cond: ((k >= 3965943) AND (k <= 3966043))

table 4 : explain SELECT k, c FROM sbtest4 WHERE k BETWEEN 3965943 AND 3966043
	Bitmap Heap Scan on sbtest4  (cost=5.42..385.43 rows=96 width=125)
	  Recheck Cond: ((k >= 3965943) AND (k <= 3966043))
	  ->  Bitmap Index Scan on k_4  (cost=0.00..5.39 rows=96 width=0)
	        Index Cond: ((k >= 3965943) AND (k <= 3966043))

table 5 : explain SELECT k, c FROM sbtest5 WHERE k BETWEEN 3965943 AND 3966043
	Bitmap Heap Scan on sbtest5  (cost=5.47..405.13 rows=101 width=125)
	  Recheck Cond: ((k >= 3965943) AND (k <= 3966043))
	  ->  Bitmap Index Scan on k_5  (cost=0.00..5.44 rows=101 width=0)
	        Index Cond: ((k >= 3965943) AND (k <= 3966043))

table 6 : explain SELECT k, c FROM sbtest6 WHERE k BETWEEN 3965943 AND 3966043
	Bitmap Heap Scan on sbtest6  (cost=5.47..405.13 rows=101 width=125)
	  Recheck Cond: ((k >= 3965943) AND (k <= 3966043))
	  ->  Bitmap Index Scan on k_6  (cost=0.00..5.44 rows=101 width=0)
	        Index Cond: ((k >= 3965943) AND (k <= 3966043))

table 7 : explain SELECT k, c FROM sbtest7 WHERE k BETWEEN 3965943 AND 3966043
	Bitmap Heap Scan on sbtest7  (cost=5.59..452.36 rows=113 width=125)
	  Recheck Cond: ((k >= 3965943) AND (k <= 3966043))
	  ->  Bitmap Index Scan on k_7  (cost=0.00..5.56 rows=113 width=0)
	        Index Cond: ((k >= 3965943) AND (k <= 3966043))

table 8 : explain SELECT k, c FROM sbtest8 WHERE k BETWEEN 3965943 AND 3966043
	Bitmap Heap Scan on sbtest8  (cost=5.46..401.19 rows=100 width=125)
	  Recheck Cond: ((k >= 3965943) AND (k <= 3966043))
	  ->  Bitmap Index Scan on k_8  (cost=0.00..5.43 rows=100 width=0)
	        Index Cond: ((k >= 3965943) AND (k <= 3966043))

explain: for range-notcovered :: explain SELECT k, c FROM sbtest%d WHERE k BETWEEN 3965943 AND 3966043
explain: for range-notcovered :: explain SELECT k, c FROM sbtest%d WHERE k BETWEEN 4136690 AND 4136790
for range-notcovered
table 1 : explain SELECT k, c FROM sbtest1 WHERE k BETWEEN 2123299 AND 2123399
	Bitmap Heap Scan on sbtest1  (cost=5.53..428.75 rows=107 width=125)
	  Recheck Cond: ((k >= 2123299) AND (k <= 2123399))
	  ->  Bitmap Index Scan on k_1  (cost=0.00..5.50 rows=107 width=0)
	        Index Cond: ((k >= 2123299) AND (k <= 2123399))

table 2 : explain SELECT k, c FROM sbtest2 WHERE k BETWEEN 2123299 AND 2123399
	Bitmap Heap Scan on sbtest2  (cost=5.45..397.25 rows=99 width=125)
	  Recheck Cond: ((k >= 2123299) AND (k <= 2123399))
	  ->  Bitmap Index Scan on k_2  (cost=0.00..5.42 rows=99 width=0)
	        Index Cond: ((k >= 2123299) AND (k <= 2123399))

table 3 : explain SELECT k, c FROM sbtest3 WHERE k BETWEEN 2123299 AND 2123399
	Bitmap Heap Scan on sbtest3  (cost=5.48..409.07 rows=102 width=125)
	  Recheck Cond: ((k >= 2123299) AND (k <= 2123399))
	  ->  Bitmap Index Scan on k_3  (cost=0.00..5.45 rows=102 width=0)
	        Index Cond: ((k >= 2123299) AND (k <= 2123399))

table 4 : explain SELECT k, c FROM sbtest4 WHERE k BETWEEN 2123299 AND 2123399
	Bitmap Heap Scan on sbtest4  (cost=5.47..405.13 rows=101 width=125)
	  Recheck Cond: ((k >= 2123299) AND (k <= 2123399))
	  ->  Bitmap Index Scan on k_4  (cost=0.00..5.44 rows=101 width=0)
	        Index Cond: ((k >= 2123299) AND (k <= 2123399))

table 5 : explain SELECT k, c FROM sbtest5 WHERE k BETWEEN 2123299 AND 2123399
	Bitmap Heap Scan on sbtest5  (cost=5.57..444.49 rows=111 width=125)
	  Recheck Cond: ((k >= 2123299) AND (k <= 2123399))
	  ->  Bitmap Index Scan on k_5  (cost=0.00..5.54 rows=111 width=0)
	        Index Cond: ((k >= 2123299) AND (k <= 2123399))

table 6 : explain SELECT k, c FROM sbtest6 WHERE k BETWEEN 2123299 AND 2123399
	Bitmap Heap Scan on sbtest6  (cost=5.45..397.25 rows=99 width=125)
	  Recheck Cond: ((k >= 2123299) AND (k <= 2123399))
	  ->  Bitmap Index Scan on k_6  (cost=0.00..5.42 rows=99 width=0)
	        Index Cond: ((k >= 2123299) AND (k <= 2123399))

table 7 : explain SELECT k, c FROM sbtest7 WHERE k BETWEEN 2123299 AND 2123399
	Bitmap Heap Scan on sbtest7  (cost=5.51..420.88 rows=105 width=125)
	  Recheck Cond: ((k >= 2123299) AND (k <= 2123399))
	  ->  Bitmap Index Scan on k_7  (cost=0.00..5.48 rows=105 width=0)
	        Index Cond: ((k >= 2123299) AND (k <= 2123399))

table 8 : explain SELECT k, c FROM sbtest8 WHERE k BETWEEN 2123299 AND 2123399
	Bitmap Heap Scan on sbtest8  (cost=5.50..416.94 rows=104 width=125)
	  Recheck Cond: ((k >= 2123299) AND (k <= 2123399))
	  ->  Bitmap Index Scan on k_8  (cost=0.00..5.47 rows=104 width=0)
	        Index Cond: ((k >= 2123299) AND (k <= 2123399))

for range-notcovered
table 1 : explain SELECT k, c FROM sbtest1 WHERE k BETWEEN 4258902 AND 4259002
	Bitmap Heap Scan on sbtest1  (cost=5.50..416.94 rows=104 width=125)
	  Recheck Cond: ((k >= 4258902) AND (k <= 4259002))
	  ->  Bitmap Index Scan on k_1  (cost=0.00..5.47 rows=104 width=0)
	        Index Cond: ((k >= 4258902) AND (k <= 4259002))

table 2 : explain SELECT k, c FROM sbtest2 WHERE k BETWEEN 4258902 AND 4259002
	Bitmap Heap Scan on sbtest2  (cost=5.49..413.00 rows=103 width=125)
	  Recheck Cond: ((k >= 4258902) AND (k <= 4259002))
	  ->  Bitmap Index Scan on k_2  (cost=0.00..5.46 rows=103 width=0)
	        Index Cond: ((k >= 4258902) AND (k <= 4259002))

table 3 : explain SELECT k, c FROM sbtest3 WHERE k BETWEEN 4258902 AND 4259002
	Bitmap Heap Scan on sbtest3  (cost=5.44..393.31 rows=98 width=125)
	  Recheck Cond: ((k >= 4258902) AND (k <= 4259002))
	  ->  Bitmap Index Scan on k_3  (cost=0.00..5.42 rows=98 width=0)
	        Index Cond: ((k >= 4258902) AND (k <= 4259002))

table 4 : explain SELECT k, c FROM sbtest4 WHERE k BETWEEN 4258902 AND 4259002
	Bitmap Heap Scan on sbtest4  (cost=5.40..377.55 rows=94 width=125)
	  Recheck Cond: ((k >= 4258902) AND (k <= 4259002))
	  ->  Bitmap Index Scan on k_4  (cost=0.00..5.38 rows=94 width=0)
	        Index Cond: ((k >= 4258902) AND (k <= 4259002))

table 5 : explain SELECT k, c FROM sbtest5 WHERE k BETWEEN 4258902 AND 4259002
	Bitmap Heap Scan on sbtest5  (cost=5.42..385.43 rows=96 width=125)
	  Recheck Cond: ((k >= 4258902) AND (k <= 4259002))
	  ->  Bitmap Index Scan on k_5  (cost=0.00..5.39 rows=96 width=0)
	        Index Cond: ((k >= 4258902) AND (k <= 4259002))

table 6 : explain SELECT k, c FROM sbtest6 WHERE k BETWEEN 4258902 AND 4259002
	Bitmap Heap Scan on sbtest6  (cost=5.44..393.31 rows=98 width=125)
	  Recheck Cond: ((k >= 4258902) AND (k <= 4259002))
	  ->  Bitmap Index Scan on k_6  (cost=0.00..5.42 rows=98 width=0)
	        Index Cond: ((k >= 4258902) AND (k <= 4259002))

table 7 : explain SELECT k, c FROM sbtest7 WHERE k BETWEEN 4258902 AND 4259002
	Bitmap Heap Scan on sbtest7  (cost=5.44..393.31 rows=98 width=125)
	  Recheck Cond: ((k >= 4258902) AND (k <= 4259002))
	  ->  Bitmap Index Scan on k_7  (cost=0.00..5.42 rows=98 width=0)
	        Index Cond: ((k >= 4258902) AND (k <= 4259002))

table 8 : explain SELECT k, c FROM sbtest8 WHERE k BETWEEN 4258902 AND 4259002
	Bitmap Heap Scan on sbtest8  (cost=5.54..432.69 rows=108 width=125)
	  Recheck Cond: ((k >= 4258902) AND (k <= 4259002))
	  ->  Bitmap Index Scan on k_8  (cost=0.00..5.51 rows=108 width=0)
	        Index Cond: ((k >= 4258902) AND (k <= 4259002))

explain: for range-notcovered :: explain SELECT k, c FROM sbtest%d WHERE k BETWEEN 4258902 AND 4259002
explain: for range-notcovered :: explain SELECT k, c FROM sbtest%d WHERE k BETWEEN 2123299 AND 2123399
for range-notcovered
table 1 : explain SELECT k, c FROM sbtest1 WHERE k BETWEEN 6178832 AND 6178932
	Bitmap Heap Scan on sbtest1  (cost=5.42..385.43 rows=96 width=125)
	  Recheck Cond: ((k >= 6178832) AND (k <= 6178932))
	  ->  Bitmap Index Scan on k_1  (cost=0.00..5.39 rows=96 width=0)
	        Index Cond: ((k >= 6178832) AND (k <= 6178932))

table 2 : explain SELECT k, c FROM sbtest2 WHERE k BETWEEN 6178832 AND 6178932
	Bitmap Heap Scan on sbtest2  (cost=5.44..393.31 rows=98 width=125)
	  Recheck Cond: ((k >= 6178832) AND (k <= 6178932))
	  ->  Bitmap Index Scan on k_2  (cost=0.00..5.42 rows=98 width=0)
	        Index Cond: ((k >= 6178832) AND (k <= 6178932))

table 3 : explain SELECT k, c FROM sbtest3 WHERE k BETWEEN 6178832 AND 6178932
	Bitmap Heap Scan on sbtest3  (cost=5.44..393.31 rows=98 width=125)
	  Recheck Cond: ((k >= 6178832) AND (k <= 6178932))
	  ->  Bitmap Index Scan on k_3  (cost=0.00..5.42 rows=98 width=0)
	        Index Cond: ((k >= 6178832) AND (k <= 6178932))

table 4 : explain SELECT k, c FROM sbtest4 WHERE k BETWEEN 6178832 AND 6178932
	Bitmap Heap Scan on sbtest4  (cost=5.34..353.89 rows=88 width=125)
	  Recheck Cond: ((k >= 6178832) AND (k <= 6178932))
	  ->  Bitmap Index Scan on k_4  (cost=0.00..5.31 rows=88 width=0)
	        Index Cond: ((k >= 6178832) AND (k <= 6178932))

table 5 : explain SELECT k, c FROM sbtest5 WHERE k BETWEEN 6178832 AND 6178932
	Bitmap Heap Scan on sbtest5  (cost=5.41..381.49 rows=95 width=125)
	  Recheck Cond: ((k >= 6178832) AND (k <= 6178932))
	  ->  Bitmap Index Scan on k_5  (cost=0.00..5.38 rows=95 width=0)
	        Index Cond: ((k >= 6178832) AND (k <= 6178932))

table 6 : explain SELECT k, c FROM sbtest6 WHERE k BETWEEN 6178832 AND 6178932
	Bitmap Heap Scan on sbtest6  (cost=5.57..444.49 rows=111 width=125)
	  Recheck Cond: ((k >= 6178832) AND (k <= 6178932))
	  ->  Bitmap Index Scan on k_6  (cost=0.00..5.54 rows=111 width=0)
	        Index Cond: ((k >= 6178832) AND (k <= 6178932))

table 7 : explain SELECT k, c FROM sbtest7 WHERE k BETWEEN 6178832 AND 6178932
	Bitmap Heap Scan on sbtest7  (cost=5.54..432.69 rows=108 width=125)
	  Recheck Cond: ((k >= 6178832) AND (k <= 6178932))
	  ->  Bitmap Index Scan on k_7  (cost=0.00..5.51 rows=108 width=0)
	        Index Cond: ((k >= 6178832) AND (k <= 6178932))

table 8 : explain SELECT k, c FROM sbtest8 WHERE k BETWEEN 6178832 AND 6178932
	Bitmap Heap Scan on sbtest8  (cost=5.50..416.94 rows=104 width=125)
	  Recheck Cond: ((k >= 6178832) AND (k <= 6178932))
	  ->  Bitmap Index Scan on k_8  (cost=0.00..5.47 rows=104 width=0)
	        Index Cond: ((k >= 6178832) AND (k <= 6178932))

for range-notcovered
table 1 : explain SELECT k, c FROM sbtest1 WHERE k BETWEEN 1959722 AND 1959822
	Bitmap Heap Scan on sbtest1  (cost=5.56..440.56 rows=110 width=125)
	  Recheck Cond: ((k >= 1959722) AND (k <= 1959822))
	  ->  Bitmap Index Scan on k_1  (cost=0.00..5.53 rows=110 width=0)
	        Index Cond: ((k >= 1959722) AND (k <= 1959822))

table 2 : explain SELECT k, c FROM sbtest2 WHERE k BETWEEN 1959722 AND 1959822
	Bitmap Heap Scan on sbtest2  (cost=5.58..448.42 rows=112 width=125)
	  Recheck Cond: ((k >= 1959722) AND (k <= 1959822))
	  ->  Bitmap Index Scan on k_2  (cost=0.00..5.55 rows=112 width=0)
	        Index Cond: ((k >= 1959722) AND (k <= 1959822))

table 3 : explain SELECT k, c FROM sbtest3 WHERE k BETWEEN 1959722 AND 1959822
	Bitmap Heap Scan on sbtest3  (cost=5.45..397.25 rows=99 width=125)
	  Recheck Cond: ((k >= 1959722) AND (k <= 1959822))
	  ->  Bitmap Index Scan on k_3  (cost=0.00..5.42 rows=99 width=0)
	        Index Cond: ((k >= 1959722) AND (k <= 1959822))

table 4 : explain SELECT k, c FROM sbtest4 WHERE k BETWEEN 1959722 AND 1959822
	Bitmap Heap Scan on sbtest4  (cost=5.41..381.49 rows=95 width=125)
	  Recheck Cond: ((k >= 1959722) AND (k <= 1959822))
	  ->  Bitmap Index Scan on k_4  (cost=0.00..5.38 rows=95 width=0)
	        Index Cond: ((k >= 1959722) AND (k <= 1959822))

table 5 : explain SELECT k, c FROM sbtest5 WHERE k BETWEEN 1959722 AND 1959822
	Bitmap Heap Scan on sbtest5  (cost=5.58..448.42 rows=112 width=125)
	  Recheck Cond: ((k >= 1959722) AND (k <= 1959822))
	  ->  Bitmap Index Scan on k_5  (cost=0.00..5.55 rows=112 width=0)
	        Index Cond: ((k >= 1959722) AND (k <= 1959822))

table 6 : explain SELECT k, c FROM sbtest6 WHERE k BETWEEN 1959722 AND 1959822
	Bitmap Heap Scan on sbtest6  (cost=5.50..416.94 rows=104 width=125)
	  Recheck Cond: ((k >= 1959722) AND (k <= 1959822))
	  ->  Bitmap Index Scan on k_6  (cost=0.00..5.47 rows=104 width=0)
	        Index Cond: ((k >= 1959722) AND (k <= 1959822))

table 7 : explain SELECT k, c FROM sbtest7 WHERE k BETWEEN 1959722 AND 1959822
	Bitmap Heap Scan on sbtest7  (cost=5.47..405.13 rows=101 width=125)
	  Recheck Cond: ((k >= 1959722) AND (k <= 1959822))
	  ->  Bitmap Index Scan on k_7  (cost=0.00..5.44 rows=101 width=0)
	        Index Cond: ((k >= 1959722) AND (k <= 1959822))

table 8 : explain SELECT k, c FROM sbtest8 WHERE k BETWEEN 1959722 AND 1959822
	Bitmap Heap Scan on sbtest8  (cost=5.50..416.94 rows=104 width=125)
	  Recheck Cond: ((k >= 1959722) AND (k <= 1959822))
	  ->  Bitmap Index Scan on k_8  (cost=0.00..5.47 rows=104 width=0)
	        Index Cond: ((k >= 1959722) AND (k <= 1959822))

for range-notcovered
table 1 : explain SELECT k, c FROM sbtest1 WHERE k BETWEEN 8563729 AND 8563829
	Bitmap Heap Scan on sbtest1  (cost=5.48..409.07 rows=102 width=125)
	  Recheck Cond: ((k >= 8563729) AND (k <= 8563829))
	  ->  Bitmap Index Scan on k_1  (cost=0.00..5.45 rows=102 width=0)
	        Index Cond: ((k >= 8563729) AND (k <= 8563829))

table 2 : explain SELECT k, c FROM sbtest2 WHERE k BETWEEN 8563729 AND 8563829
	Bitmap Heap Scan on sbtest2  (cost=5.50..416.94 rows=104 width=125)
	  Recheck Cond: ((k >= 8563729) AND (k <= 8563829))
	  ->  Bitmap Index Scan on k_2  (cost=0.00..5.47 rows=104 width=0)
	        Index Cond: ((k >= 8563729) AND (k <= 8563829))

table 3 : explain SELECT k, c FROM sbtest3 WHERE k BETWEEN 8563729 AND 8563829
	Bitmap Heap Scan on sbtest3  (cost=5.55..436.62 rows=109 width=125)
	  Recheck Cond: ((k >= 8563729) AND (k <= 8563829))
	  ->  Bitmap Index Scan on k_3  (cost=0.00..5.52 rows=109 width=0)
	        Index Cond: ((k >= 8563729) AND (k <= 8563829))

table 4 : explain SELECT k, c FROM sbtest4 WHERE k BETWEEN 8563729 AND 8563829
	Bitmap Heap Scan on sbtest4  (cost=5.60..456.29 rows=114 width=125)
	  Recheck Cond: ((k >= 8563729) AND (k <= 8563829))
	  ->  Bitmap Index Scan on k_4  (cost=0.00..5.58 rows=114 width=0)
	        Index Cond: ((k >= 8563729) AND (k <= 8563829))

table 5 : explain SELECT k, c FROM sbtest5 WHERE k BETWEEN 8563729 AND 8563829
	Bitmap Heap Scan on sbtest5  (cost=5.56..440.56 rows=110 width=125)
	  Recheck Cond: ((k >= 8563729) AND (k <= 8563829))
	  ->  Bitmap Index Scan on k_5  (cost=0.00..5.53 rows=110 width=0)
	        Index Cond: ((k >= 8563729) AND (k <= 8563829))

table 6 : explain SELECT k, c FROM sbtest6 WHERE k BETWEEN 8563729 AND 8563829
	Bitmap Heap Scan on sbtest6  (cost=5.49..413.00 rows=103 width=125)
	  Recheck Cond: ((k >= 8563729) AND (k <= 8563829))
	  ->  Bitmap Index Scan on k_6  (cost=0.00..5.46 rows=103 width=0)
	        Index Cond: ((k >= 8563729) AND (k <= 8563829))

table 7 : explain SELECT k, c FROM sbtest7 WHERE k BETWEEN 8563729 AND 8563829
	Bitmap Heap Scan on sbtest7  (cost=5.54..432.69 rows=108 width=125)
	  Recheck Cond: ((k >= 8563729) AND (k <= 8563829))
	  ->  Bitmap Index Scan on k_7  (cost=0.00..5.51 rows=108 width=0)
	        Index Cond: ((k >= 8563729) AND (k <= 8563829))

table 8 : explain SELECT k, c FROM sbtest8 WHERE k BETWEEN 8563729 AND 8563829
	Bitmap Heap Scan on sbtest8  (cost=5.58..448.42 rows=112 width=125)
	  Recheck Cond: ((k >= 8563729) AND (k <= 8563829))
	  ->  Bitmap Index Scan on k_8  (cost=0.00..5.55 rows=112 width=0)
	        Index Cond: ((k >= 8563729) AND (k <= 8563829))

for range-notcovered
table 1 : explain SELECT k, c FROM sbtest1 WHERE k BETWEEN 5827416 AND 5827516
	Bitmap Heap Scan on sbtest1  (cost=5.47..405.13 rows=101 width=125)
	  Recheck Cond: ((k >= 5827416) AND (k <= 5827516))
	  ->  Bitmap Index Scan on k_1  (cost=0.00..5.44 rows=101 width=0)
	        Index Cond: ((k >= 5827416) AND (k <= 5827516))

table 2 : explain SELECT k, c FROM sbtest2 WHERE k BETWEEN 5827416 AND 5827516
	Bitmap Heap Scan on sbtest2  (cost=5.51..420.88 rows=105 width=125)
	  Recheck Cond: ((k >= 5827416) AND (k <= 5827516))
	  ->  Bitmap Index Scan on k_2  (cost=0.00..5.48 rows=105 width=0)
	        Index Cond: ((k >= 5827416) AND (k <= 5827516))

table 3 : explain SELECT k, c FROM sbtest3 WHERE k BETWEEN 5827416 AND 5827516
	Bitmap Heap Scan on sbtest3  (cost=5.42..385.43 rows=96 width=125)
	  Recheck Cond: ((k >= 5827416) AND (k <= 5827516))
	  ->  Bitmap Index Scan on k_3  (cost=0.00..5.39 rows=96 width=0)
	        Index Cond: ((k >= 5827416) AND (k <= 5827516))

table 4 : explain SELECT k, c FROM sbtest4 WHERE k BETWEEN 5827416 AND 5827516
	Bitmap Heap Scan on sbtest4  (cost=5.46..401.19 rows=100 width=125)
	  Recheck Cond: ((k >= 5827416) AND (k <= 5827516))
	  ->  Bitmap Index Scan on k_4  (cost=0.00..5.43 rows=100 width=0)
	        Index Cond: ((k >= 5827416) AND (k <= 5827516))

table 5 : explain SELECT k, c FROM sbtest5 WHERE k BETWEEN 5827416 AND 5827516
	Bitmap Heap Scan on sbtest5  (cost=5.41..381.49 rows=95 width=125)
	  Recheck Cond: ((k >= 5827416) AND (k <= 5827516))
	  ->  Bitmap Index Scan on k_5  (cost=0.00..5.38 rows=95 width=0)
	        Index Cond: ((k >= 5827416) AND (k <= 5827516))

table 6 : explain SELECT k, c FROM sbtest6 WHERE k BETWEEN 5827416 AND 5827516
	Bitmap Heap Scan on sbtest6  (cost=5.44..393.31 rows=98 width=125)
	  Recheck Cond: ((k >= 5827416) AND (k <= 5827516))
	  ->  Bitmap Index Scan on k_6  (cost=0.00..5.42 rows=98 width=0)
	        Index Cond: ((k >= 5827416) AND (k <= 5827516))

table 7 : explain SELECT k, c FROM sbtest7 WHERE k BETWEEN 5827416 AND 5827516
	Bitmap Heap Scan on sbtest7  (cost=5.46..401.19 rows=100 width=125)
	  Recheck Cond: ((k >= 5827416) AND (k <= 5827516))
	  ->  Bitmap Index Scan on k_7  (cost=0.00..5.43 rows=100 width=0)
	        Index Cond: ((k >= 5827416) AND (k <= 5827516))

table 8 : explain SELECT k, c FROM sbtest8 WHERE k BETWEEN 5827416 AND 5827516
	Bitmap Heap Scan on sbtest8  (cost=5.52..424.81 rows=106 width=125)
	  Recheck Cond: ((k >= 5827416) AND (k <= 5827516))
	  ->  Bitmap Index Scan on k_8  (cost=0.00..5.50 rows=106 width=0)
	        Index Cond: ((k >= 5827416) AND (k <= 5827516))

explain: for range-notcovered :: explain SELECT k, c FROM sbtest%d WHERE k BETWEEN 6178832 AND 6178932
explain: for range-notcovered :: explain SELECT k, c FROM sbtest%d WHERE k BETWEEN 8563729 AND 8563829
explain: for range-notcovered :: explain SELECT k, c FROM sbtest%d WHERE k BETWEEN 1959722 AND 1959822
explain: for range-notcovered :: explain SELECT k, c FROM sbtest%d WHERE k BETWEEN 5827416 AND 5827516
for range-notcovered
table 1 : explain SELECT k, c FROM sbtest1 WHERE k BETWEEN 5561678 AND 5561778
	Bitmap Heap Scan on sbtest1  (cost=5.57..444.49 rows=111 width=125)
	  Recheck Cond: ((k >= 5561678) AND (k <= 5561778))
	  ->  Bitmap Index Scan on k_1  (cost=0.00..5.54 rows=111 width=0)
	        Index Cond: ((k >= 5561678) AND (k <= 5561778))

table 2 : explain SELECT k, c FROM sbtest2 WHERE k BETWEEN 5561678 AND 5561778
	Bitmap Heap Scan on sbtest2  (cost=5.54..432.69 rows=108 width=125)
	  Recheck Cond: ((k >= 5561678) AND (k <= 5561778))
	  ->  Bitmap Index Scan on k_2  (cost=0.00..5.51 rows=108 width=0)
	        Index Cond: ((k >= 5561678) AND (k <= 5561778))

table 3 : explain SELECT k, c FROM sbtest3 WHERE k BETWEEN 5561678 AND 5561778
	Bitmap Heap Scan on sbtest3  (cost=5.51..420.88 rows=105 width=125)
	  Recheck Cond: ((k >= 5561678) AND (k <= 5561778))
	  ->  Bitmap Index Scan on k_3  (cost=0.00..5.48 rows=105 width=0)
	        Index Cond: ((k >= 5561678) AND (k <= 5561778))

table 4 : explain SELECT k, c FROM sbtest4 WHERE k BETWEEN 5561678 AND 5561778
	Bitmap Heap Scan on sbtest4  (cost=5.56..440.56 rows=110 width=125)
	  Recheck Cond: ((k >= 5561678) AND (k <= 5561778))
	  ->  Bitmap Index Scan on k_4  (cost=0.00..5.53 rows=110 width=0)
	        Index Cond: ((k >= 5561678) AND (k <= 5561778))

table 5 : explain SELECT k, c FROM sbtest5 WHERE k BETWEEN 5561678 AND 5561778
	Bitmap Heap Scan on sbtest5  (cost=5.53..428.75 rows=107 width=125)
	  Recheck Cond: ((k >= 5561678) AND (k <= 5561778))
	  ->  Bitmap Index Scan on k_5  (cost=0.00..5.50 rows=107 width=0)
	        Index Cond: ((k >= 5561678) AND (k <= 5561778))

table 6 : explain SELECT k, c FROM sbtest6 WHERE k BETWEEN 5561678 AND 5561778
	Bitmap Heap Scan on sbtest6  (cost=5.51..420.88 rows=105 width=125)
	  Recheck Cond: ((k >= 5561678) AND (k <= 5561778))
	  ->  Bitmap Index Scan on k_6  (cost=0.00..5.48 rows=105 width=0)
	        Index Cond: ((k >= 5561678) AND (k <= 5561778))

table 7 : explain SELECT k, c FROM sbtest7 WHERE k BETWEEN 5561678 AND 5561778
	Bitmap Heap Scan on sbtest7  (cost=5.56..440.56 rows=110 width=125)
	  Recheck Cond: ((k >= 5561678) AND (k <= 5561778))
	  ->  Bitmap Index Scan on k_7  (cost=0.00..5.53 rows=110 width=0)
	        Index Cond: ((k >= 5561678) AND (k <= 5561778))

table 8 : explain SELECT k, c FROM sbtest8 WHERE k BETWEEN 5561678 AND 5561778
	Bitmap Heap Scan on sbtest8  (cost=5.46..401.19 rows=100 width=125)
	  Recheck Cond: ((k >= 5561678) AND (k <= 5561778))
	  ->  Bitmap Index Scan on k_8  (cost=0.00..5.43 rows=100 width=0)
	        Index Cond: ((k >= 5561678) AND (k <= 5561778))

for range-notcovered
table 1 : explain SELECT k, c FROM sbtest1 WHERE k BETWEEN 5653637 AND 5653737
	Bitmap Heap Scan on sbtest1  (cost=5.58..448.42 rows=112 width=125)
	  Recheck Cond: ((k >= 5653637) AND (k <= 5653737))
	  ->  Bitmap Index Scan on k_1  (cost=0.00..5.55 rows=112 width=0)
	        Index Cond: ((k >= 5653637) AND (k <= 5653737))

table 2 : explain SELECT k, c FROM sbtest2 WHERE k BETWEEN 5653637 AND 5653737
	Bitmap Heap Scan on sbtest2  (cost=5.46..401.19 rows=100 width=125)
	  Recheck Cond: ((k >= 5653637) AND (k <= 5653737))
	  ->  Bitmap Index Scan on k_2  (cost=0.00..5.43 rows=100 width=0)
	        Index Cond: ((k >= 5653637) AND (k <= 5653737))

table 3 : explain SELECT k, c FROM sbtest3 WHERE k BETWEEN 5653637 AND 5653737
	Bitmap Heap Scan on sbtest3  (cost=5.61..460.22 rows=115 width=125)
	  Recheck Cond: ((k >= 5653637) AND (k <= 5653737))
	  ->  Bitmap Index Scan on k_3  (cost=0.00..5.58 rows=115 width=0)
	        Index Cond: ((k >= 5653637) AND (k <= 5653737))

table 4 : explain SELECT k, c FROM sbtest4 WHERE k BETWEEN 5653637 AND 5653737
	Bitmap Heap Scan on sbtest4  (cost=5.46..401.19 rows=100 width=125)
	  Recheck Cond: ((k >= 5653637) AND (k <= 5653737))
	  ->  Bitmap Index Scan on k_4  (cost=0.00..5.43 rows=100 width=0)
	        Index Cond: ((k >= 5653637) AND (k <= 5653737))

table 5 : explain SELECT k, c FROM sbtest5 WHERE k BETWEEN 5653637 AND 5653737
	Bitmap Heap Scan on sbtest5  (cost=5.54..432.69 rows=108 width=125)
	  Recheck Cond: ((k >= 5653637) AND (k <= 5653737))
	  ->  Bitmap Index Scan on k_5  (cost=0.00..5.51 rows=108 width=0)
	        Index Cond: ((k >= 5653637) AND (k <= 5653737))

table 6 : explain SELECT k, c FROM sbtest6 WHERE k BETWEEN 5653637 AND 5653737
	Bitmap Heap Scan on sbtest6  (cost=5.44..393.31 rows=98 width=125)
	  Recheck Cond: ((k >= 5653637) AND (k <= 5653737))
	  ->  Bitmap Index Scan on k_6  (cost=0.00..5.42 rows=98 width=0)
	        Index Cond: ((k >= 5653637) AND (k <= 5653737))

table 7 : explain SELECT k, c FROM sbtest7 WHERE k BETWEEN 5653637 AND 5653737
	Bitmap Heap Scan on sbtest7  (cost=5.40..377.55 rows=94 width=125)
	  Recheck Cond: ((k >= 5653637) AND (k <= 5653737))
	  ->  Bitmap Index Scan on k_7  (cost=0.00..5.38 rows=94 width=0)
	        Index Cond: ((k >= 5653637) AND (k <= 5653737))

table 8 : explain SELECT k, c FROM sbtest8 WHERE k BETWEEN 5653637 AND 5653737
	Bitmap Heap Scan on sbtest8  (cost=5.46..401.19 rows=100 width=125)
	  Recheck Cond: ((k >= 5653637) AND (k <= 5653737))
	  ->  Bitmap Index Scan on k_8  (cost=0.00..5.43 rows=100 width=0)
	        Index Cond: ((k >= 5653637) AND (k <= 5653737))

explain: for range-notcovered :: explain SELECT k, c FROM sbtest%d WHERE k BETWEEN 5561678 AND 5561778
for range-notcovered
table 1 : explain SELECT k, c FROM sbtest1 WHERE k BETWEEN 4258902 AND 4259002
	Bitmap Heap Scan on sbtest1  (cost=5.50..416.94 rows=104 width=125)
	  Recheck Cond: ((k >= 4258902) AND (k <= 4259002))
	  ->  Bitmap Index Scan on k_1  (cost=0.00..5.47 rows=104 width=0)
	        Index Cond: ((k >= 4258902) AND (k <= 4259002))

table 2 : explain SELECT k, c FROM sbtest2 WHERE k BETWEEN 4258902 AND 4259002
	Bitmap Heap Scan on sbtest2  (cost=5.49..413.00 rows=103 width=125)
	  Recheck Cond: ((k >= 4258902) AND (k <= 4259002))
	  ->  Bitmap Index Scan on k_2  (cost=0.00..5.46 rows=103 width=0)
	        Index Cond: ((k >= 4258902) AND (k <= 4259002))

table 3 : explain SELECT k, c FROM sbtest3 WHERE k BETWEEN 4258902 AND 4259002
	Bitmap Heap Scan on sbtest3  (cost=5.44..393.31 rows=98 width=125)
	  Recheck Cond: ((k >= 4258902) AND (k <= 4259002))
	  ->  Bitmap Index Scan on k_3  (cost=0.00..5.42 rows=98 width=0)
	        Index Cond: ((k >= 4258902) AND (k <= 4259002))

table 4 : explain SELECT k, c FROM sbtest4 WHERE k BETWEEN 4258902 AND 4259002
	Bitmap Heap Scan on sbtest4  (cost=5.40..377.55 rows=94 width=125)
	  Recheck Cond: ((k >= 4258902) AND (k <= 4259002))
	  ->  Bitmap Index Scan on k_4  (cost=0.00..5.38 rows=94 width=0)
	        Index Cond: ((k >= 4258902) AND (k <= 4259002))

table 5 : explain SELECT k, c FROM sbtest5 WHERE k BETWEEN 4258902 AND 4259002
	Bitmap Heap Scan on sbtest5  (cost=5.42..385.43 rows=96 width=125)
	  Recheck Cond: ((k >= 4258902) AND (k <= 4259002))
	  ->  Bitmap Index Scan on k_5  (cost=0.00..5.39 rows=96 width=0)
	        Index Cond: ((k >= 4258902) AND (k <= 4259002))

table 6 : explain SELECT k, c FROM sbtest6 WHERE k BETWEEN 4258902 AND 4259002
	Bitmap Heap Scan on sbtest6  (cost=5.44..393.31 rows=98 width=125)
	  Recheck Cond: ((k >= 4258902) AND (k <= 4259002))
	  ->  Bitmap Index Scan on k_6  (cost=0.00..5.42 rows=98 width=0)
	        Index Cond: ((k >= 4258902) AND (k <= 4259002))

table 7 : explain SELECT k, c FROM sbtest7 WHERE k BETWEEN 4258902 AND 4259002
	Bitmap Heap Scan on sbtest7  (cost=5.44..393.31 rows=98 width=125)
	  Recheck Cond: ((k >= 4258902) AND (k <= 4259002))
	  ->  Bitmap Index Scan on k_7  (cost=0.00..5.42 rows=98 width=0)
	        Index Cond: ((k >= 4258902) AND (k <= 4259002))

table 8 : explain SELECT k, c FROM sbtest8 WHERE k BETWEEN 4258902 AND 4259002
	Bitmap Heap Scan on sbtest8  (cost=5.54..432.69 rows=108 width=125)
	  Recheck Cond: ((k >= 4258902) AND (k <= 4259002))
	  ->  Bitmap Index Scan on k_8  (cost=0.00..5.51 rows=108 width=0)
	        Index Cond: ((k >= 4258902) AND (k <= 4259002))

explain: for range-notcovered :: explain SELECT k, c FROM sbtest%d WHERE k BETWEEN 4258902 AND 4259002
for range-notcovered
table 1 : explain SELECT k, c FROM sbtest1 WHERE k BETWEEN 3965943 AND 3966043
	Bitmap Heap Scan on sbtest1  (cost=5.45..397.25 rows=99 width=125)
	  Recheck Cond: ((k >= 3965943) AND (k <= 3966043))
	  ->  Bitmap Index Scan on k_1  (cost=0.00..5.42 rows=99 width=0)
	        Index Cond: ((k >= 3965943) AND (k <= 3966043))

table 2 : explain SELECT k, c FROM sbtest2 WHERE k BETWEEN 3965943 AND 3966043
	Bitmap Heap Scan on sbtest2  (cost=5.44..393.31 rows=98 width=125)
	  Recheck Cond: ((k >= 3965943) AND (k <= 3966043))
	  ->  Bitmap Index Scan on k_2  (cost=0.00..5.42 rows=98 width=0)
	        Index Cond: ((k >= 3965943) AND (k <= 3966043))

table 3 : explain SELECT k, c FROM sbtest3 WHERE k BETWEEN 3965943 AND 3966043
	Bitmap Heap Scan on sbtest3  (cost=5.50..416.94 rows=104 width=125)
	  Recheck Cond: ((k >= 3965943) AND (k <= 3966043))
	  ->  Bitmap Index Scan on k_3  (cost=0.00..5.47 rows=104 width=0)
	        Index Cond: ((k >= 3965943) AND (k <= 3966043))

table 4 : explain SELECT k, c FROM sbtest4 WHERE k BETWEEN 3965943 AND 3966043
	Bitmap Heap Scan on sbtest4  (cost=5.42..385.43 rows=96 width=125)
	  Recheck Cond: ((k >= 3965943) AND (k <= 3966043))
	  ->  Bitmap Index Scan on k_4  (cost=0.00..5.39 rows=96 width=0)
	        Index Cond: ((k >= 3965943) AND (k <= 3966043))

table 5 : explain SELECT k, c FROM sbtest5 WHERE k BETWEEN 3965943 AND 3966043
	Bitmap Heap Scan on sbtest5  (cost=5.47..405.13 rows=101 width=125)
	  Recheck Cond: ((k >= 3965943) AND (k <= 3966043))
	  ->  Bitmap Index Scan on k_5  (cost=0.00..5.44 rows=101 width=0)
	        Index Cond: ((k >= 3965943) AND (k <= 3966043))

table 6 : explain SELECT k, c FROM sbtest6 WHERE k BETWEEN 3965943 AND 3966043
	Bitmap Heap Scan on sbtest6  (cost=5.47..405.13 rows=101 width=125)
	  Recheck Cond: ((k >= 3965943) AND (k <= 3966043))
	  ->  Bitmap Index Scan on k_6  (cost=0.00..5.44 rows=101 width=0)
	        Index Cond: ((k >= 3965943) AND (k <= 3966043))

table 7 : explain SELECT k, c FROM sbtest7 WHERE k BETWEEN 3965943 AND 3966043
	Bitmap Heap Scan on sbtest7  (cost=5.59..452.36 rows=113 width=125)
	  Recheck Cond: ((k >= 3965943) AND (k <= 3966043))
	  ->  Bitmap Index Scan on k_7  (cost=0.00..5.56 rows=113 width=0)
	        Index Cond: ((k >= 3965943) AND (k <= 3966043))

table 8 : explain SELECT k, c FROM sbtest8 WHERE k BETWEEN 3965943 AND 3966043
	Bitmap Heap Scan on sbtest8  (cost=5.46..401.19 rows=100 width=125)
	  Recheck Cond: ((k >= 3965943) AND (k <= 3966043))
	  ->  Bitmap Index Scan on k_8  (cost=0.00..5.43 rows=100 width=0)
	        Index Cond: ((k >= 3965943) AND (k <= 3966043))

explain: for range-notcovered :: explain SELECT k, c FROM sbtest%d WHERE k BETWEEN 3965943 AND 3966043
for range-notcovered
table 1 : explain SELECT k, c FROM sbtest1 WHERE k BETWEEN 6178832 AND 6178932
	Bitmap Heap Scan on sbtest1  (cost=5.42..385.43 rows=96 width=125)
	  Recheck Cond: ((k >= 6178832) AND (k <= 6178932))
	  ->  Bitmap Index Scan on k_1  (cost=0.00..5.39 rows=96 width=0)
	        Index Cond: ((k >= 6178832) AND (k <= 6178932))

table 2 : explain SELECT k, c FROM sbtest2 WHERE k BETWEEN 6178832 AND 6178932
	Bitmap Heap Scan on sbtest2  (cost=5.44..393.31 rows=98 width=125)
	  Recheck Cond: ((k >= 6178832) AND (k <= 6178932))
	  ->  Bitmap Index Scan on k_2  (cost=0.00..5.42 rows=98 width=0)
	        Index Cond: ((k >= 6178832) AND (k <= 6178932))

table 3 : explain SELECT k, c FROM sbtest3 WHERE k BETWEEN 6178832 AND 6178932
	Bitmap Heap Scan on sbtest3  (cost=5.44..393.31 rows=98 width=125)
	  Recheck Cond: ((k >= 6178832) AND (k <= 6178932))
	  ->  Bitmap Index Scan on k_3  (cost=0.00..5.42 rows=98 width=0)
	        Index Cond: ((k >= 6178832) AND (k <= 6178932))

table 4 : explain SELECT k, c FROM sbtest4 WHERE k BETWEEN 6178832 AND 6178932
	Bitmap Heap Scan on sbtest4  (cost=5.34..353.89 rows=88 width=125)
	  Recheck Cond: ((k >= 6178832) AND (k <= 6178932))
	  ->  Bitmap Index Scan on k_4  (cost=0.00..5.31 rows=88 width=0)
	        Index Cond: ((k >= 6178832) AND (k <= 6178932))

table 5 : explain SELECT k, c FROM sbtest5 WHERE k BETWEEN 6178832 AND 6178932
	Bitmap Heap Scan on sbtest5  (cost=5.41..381.49 rows=95 width=125)
	  Recheck Cond: ((k >= 6178832) AND (k <= 6178932))
	  ->  Bitmap Index Scan on k_5  (cost=0.00..5.38 rows=95 width=0)
	        Index Cond: ((k >= 6178832) AND (k <= 6178932))

table 6 : explain SELECT k, c FROM sbtest6 WHERE k BETWEEN 6178832 AND 6178932
	Bitmap Heap Scan on sbtest6  (cost=5.57..444.49 rows=111 width=125)
	  Recheck Cond: ((k >= 6178832) AND (k <= 6178932))
	  ->  Bitmap Index Scan on k_6  (cost=0.00..5.54 rows=111 width=0)
	        Index Cond: ((k >= 6178832) AND (k <= 6178932))

table 7 : explain SELECT k, c FROM sbtest7 WHERE k BETWEEN 6178832 AND 6178932
	Bitmap Heap Scan on sbtest7  (cost=5.54..432.69 rows=108 width=125)
	  Recheck Cond: ((k >= 6178832) AND (k <= 6178932))
	  ->  Bitmap Index Scan on k_7  (cost=0.00..5.51 rows=108 width=0)
	        Index Cond: ((k >= 6178832) AND (k <= 6178932))

table 8 : explain SELECT k, c FROM sbtest8 WHERE k BETWEEN 6178832 AND 6178932
	Bitmap Heap Scan on sbtest8  (cost=5.50..416.94 rows=104 width=125)
	  Recheck Cond: ((k >= 6178832) AND (k <= 6178932))
	  ->  Bitmap Index Scan on k_8  (cost=0.00..5.47 rows=104 width=0)
	        Index Cond: ((k >= 6178832) AND (k <= 6178932))

for range-notcovered
table 1 : explain SELECT k, c FROM sbtest1 WHERE k BETWEEN 8563729 AND 8563829
	Bitmap Heap Scan on sbtest1  (cost=5.48..409.07 rows=102 width=125)
	  Recheck Cond: ((k >= 8563729) AND (k <= 8563829))
	  ->  Bitmap Index Scan on k_1  (cost=0.00..5.45 rows=102 width=0)
	        Index Cond: ((k >= 8563729) AND (k <= 8563829))

table 2 : explain SELECT k, c FROM sbtest2 WHERE k BETWEEN 8563729 AND 8563829
	Bitmap Heap Scan on sbtest2  (cost=5.50..416.94 rows=104 width=125)
	  Recheck Cond: ((k >= 8563729) AND (k <= 8563829))
	  ->  Bitmap Index Scan on k_2  (cost=0.00..5.47 rows=104 width=0)
	        Index Cond: ((k >= 8563729) AND (k <= 8563829))

table 3 : explain SELECT k, c FROM sbtest3 WHERE k BETWEEN 8563729 AND 8563829
	Bitmap Heap Scan on sbtest3  (cost=5.55..436.62 rows=109 width=125)
	  Recheck Cond: ((k >= 8563729) AND (k <= 8563829))
	  ->  Bitmap Index Scan on k_3  (cost=0.00..5.52 rows=109 width=0)
	        Index Cond: ((k >= 8563729) AND (k <= 8563829))

table 4 : explain SELECT k, c FROM sbtest4 WHERE k BETWEEN 8563729 AND 8563829
	Bitmap Heap Scan on sbtest4  (cost=5.60..456.29 rows=114 width=125)
	  Recheck Cond: ((k >= 8563729) AND (k <= 8563829))
	  ->  Bitmap Index Scan on k_4  (cost=0.00..5.58 rows=114 width=0)
	        Index Cond: ((k >= 8563729) AND (k <= 8563829))

table 5 : explain SELECT k, c FROM sbtest5 WHERE k BETWEEN 8563729 AND 8563829
	Bitmap Heap Scan on sbtest5  (cost=5.56..440.56 rows=110 width=125)
	  Recheck Cond: ((k >= 8563729) AND (k <= 8563829))
	  ->  Bitmap Index Scan on k_5  (cost=0.00..5.53 rows=110 width=0)
	        Index Cond: ((k >= 8563729) AND (k <= 8563829))

table 6 : explain SELECT k, c FROM sbtest6 WHERE k BETWEEN 8563729 AND 8563829
	Bitmap Heap Scan on sbtest6  (cost=5.49..413.00 rows=103 width=125)
	  Recheck Cond: ((k >= 8563729) AND (k <= 8563829))
	  ->  Bitmap Index Scan on k_6  (cost=0.00..5.46 rows=103 width=0)
	        Index Cond: ((k >= 8563729) AND (k <= 8563829))

table 7 : explain SELECT k, c FROM sbtest7 WHERE k BETWEEN 8563729 AND 8563829
	Bitmap Heap Scan on sbtest7  (cost=5.54..432.69 rows=108 width=125)
	  Recheck Cond: ((k >= 8563729) AND (k <= 8563829))
	  ->  Bitmap Index Scan on k_7  (cost=0.00..5.51 rows=108 width=0)
	        Index Cond: ((k >= 8563729) AND (k <= 8563829))

table 8 : explain SELECT k, c FROM sbtest8 WHERE k BETWEEN 8563729 AND 8563829
	Bitmap Heap Scan on sbtest8  (cost=5.58..448.42 rows=112 width=125)
	  Recheck Cond: ((k >= 8563729) AND (k <= 8563829))
	  ->  Bitmap Index Scan on k_8  (cost=0.00..5.55 rows=112 width=0)
	        Index Cond: ((k >= 8563729) AND (k <= 8563829))

for range-notcovered
table 1 : explain SELECT k, c FROM sbtest1 WHERE k BETWEEN 5827416 AND 5827516
	Bitmap Heap Scan on sbtest1  (cost=5.47..405.13 rows=101 width=125)
	  Recheck Cond: ((k >= 5827416) AND (k <= 5827516))
	  ->  Bitmap Index Scan on k_1  (cost=0.00..5.44 rows=101 width=0)
	        Index Cond: ((k >= 5827416) AND (k <= 5827516))

table 2 : explain SELECT k, c FROM sbtest2 WHERE k BETWEEN 5827416 AND 5827516
	Bitmap Heap Scan on sbtest2  (cost=5.51..420.88 rows=105 width=125)
	  Recheck Cond: ((k >= 5827416) AND (k <= 5827516))
	  ->  Bitmap Index Scan on k_2  (cost=0.00..5.48 rows=105 width=0)
	        Index Cond: ((k >= 5827416) AND (k <= 5827516))

table 3 : explain SELECT k, c FROM sbtest3 WHERE k BETWEEN 5827416 AND 5827516
	Bitmap Heap Scan on sbtest3  (cost=5.42..385.43 rows=96 width=125)
	  Recheck Cond: ((k >= 5827416) AND (k <= 5827516))
	  ->  Bitmap Index Scan on k_3  (cost=0.00..5.39 rows=96 width=0)
	        Index Cond: ((k >= 5827416) AND (k <= 5827516))

table 4 : explain SELECT k, c FROM sbtest4 WHERE k BETWEEN 5827416 AND 5827516
	Bitmap Heap Scan on sbtest4  (cost=5.46..401.19 rows=100 width=125)
	  Recheck Cond: ((k >= 5827416) AND (k <= 5827516))
	  ->  Bitmap Index Scan on k_4  (cost=0.00..5.43 rows=100 width=0)
	        Index Cond: ((k >= 5827416) AND (k <= 5827516))

table 5 : explain SELECT k, c FROM sbtest5 WHERE k BETWEEN 5827416 AND 5827516
	Bitmap Heap Scan on sbtest5  (cost=5.41..381.49 rows=95 width=125)
	  Recheck Cond: ((k >= 5827416) AND (k <= 5827516))
	  ->  Bitmap Index Scan on k_5  (cost=0.00..5.38 rows=95 width=0)
	        Index Cond: ((k >= 5827416) AND (k <= 5827516))

table 6 : explain SELECT k, c FROM sbtest6 WHERE k BETWEEN 5827416 AND 5827516
	Bitmap Heap Scan on sbtest6  (cost=5.44..393.31 rows=98 width=125)
	  Recheck Cond: ((k >= 5827416) AND (k <= 5827516))
	  ->  Bitmap Index Scan on k_6  (cost=0.00..5.42 rows=98 width=0)
	        Index Cond: ((k >= 5827416) AND (k <= 5827516))

table 7 : explain SELECT k, c FROM sbtest7 WHERE k BETWEEN 5827416 AND 5827516
	Bitmap Heap Scan on sbtest7  (cost=5.46..401.19 rows=100 width=125)
	  Recheck Cond: ((k >= 5827416) AND (k <= 5827516))
	  ->  Bitmap Index Scan on k_7  (cost=0.00..5.43 rows=100 width=0)
	        Index Cond: ((k >= 5827416) AND (k <= 5827516))

table 8 : explain SELECT k, c FROM sbtest8 WHERE k BETWEEN 5827416 AND 5827516
	Bitmap Heap Scan on sbtest8  (cost=5.52..424.81 rows=106 width=125)
	  Recheck Cond: ((k >= 5827416) AND (k <= 5827516))
	  ->  Bitmap Index Scan on k_8  (cost=0.00..5.50 rows=106 width=0)
	        Index Cond: ((k >= 5827416) AND (k <= 5827516))

explain: for range-notcovered :: explain SELECT k, c FROM sbtest%d WHERE k BETWEEN 6178832 AND 6178932explain: for range-notcovered :: explain SELECT k, c FROM sbtest%d WHERE k BETWEEN 8563729 AND 8563829
explain: for range-notcovered :: explain SELECT k, c FROM sbtest%d WHERE k BETWEEN 5827416 AND 5827516

for range-notcovered
table 1 : explain SELECT k, c FROM sbtest1 WHERE k BETWEEN 4136690 AND 4136790
	Bitmap Heap Scan on sbtest1  (cost=5.45..397.25 rows=99 width=125)
	  Recheck Cond: ((k >= 4136690) AND (k <= 4136790))
	  ->  Bitmap Index Scan on k_1  (cost=0.00..5.42 rows=99 width=0)
	        Index Cond: ((k >= 4136690) AND (k <= 4136790))

table 2 : explain SELECT k, c FROM sbtest2 WHERE k BETWEEN 4136690 AND 4136790
	Bitmap Heap Scan on sbtest2  (cost=5.47..405.13 rows=101 width=125)
	  Recheck Cond: ((k >= 4136690) AND (k <= 4136790))
	  ->  Bitmap Index Scan on k_2  (cost=0.00..5.44 rows=101 width=0)
	        Index Cond: ((k >= 4136690) AND (k <= 4136790))

table 3 : explain SELECT k, c FROM sbtest3 WHERE k BETWEEN 4136690 AND 4136790
	Bitmap Heap Scan on sbtest3  (cost=5.46..401.19 rows=100 width=125)
	  Recheck Cond: ((k >= 4136690) AND (k <= 4136790))
	  ->  Bitmap Index Scan on k_3  (cost=0.00..5.43 rows=100 width=0)
	        Index Cond: ((k >= 4136690) AND (k <= 4136790))

table 4 : explain SELECT k, c FROM sbtest4 WHERE k BETWEEN 4136690 AND 4136790
	Bitmap Heap Scan on sbtest4  (cost=5.55..436.62 rows=109 width=125)
	  Recheck Cond: ((k >= 4136690) AND (k <= 4136790))
	  ->  Bitmap Index Scan on k_4  (cost=0.00..5.52 rows=109 width=0)
	        Index Cond: ((k >= 4136690) AND (k <= 4136790))

table 5 : explain SELECT k, c FROM sbtest5 WHERE k BETWEEN 4136690 AND 4136790
	Bitmap Heap Scan on sbtest5  (cost=5.49..413.00 rows=103 width=125)
	  Recheck Cond: ((k >= 4136690) AND (k <= 4136790))
	  ->  Bitmap Index Scan on k_5  (cost=0.00..5.46 rows=103 width=0)
	        Index Cond: ((k >= 4136690) AND (k <= 4136790))

table 6 : explain SELECT k, c FROM sbtest6 WHERE k BETWEEN 4136690 AND 4136790
	Bitmap Heap Scan on sbtest6  (cost=5.48..409.07 rows=102 width=125)
	  Recheck Cond: ((k >= 4136690) AND (k <= 4136790))
	  ->  Bitmap Index Scan on k_6  (cost=0.00..5.45 rows=102 width=0)
	        Index Cond: ((k >= 4136690) AND (k <= 4136790))

table 7 : explain SELECT k, c FROM sbtest7 WHERE k BETWEEN 4136690 AND 4136790
	Bitmap Heap Scan on sbtest7  (cost=5.60..456.29 rows=114 width=125)
	  Recheck Cond: ((k >= 4136690) AND (k <= 4136790))
	  ->  Bitmap Index Scan on k_7  (cost=0.00..5.58 rows=114 width=0)
	        Index Cond: ((k >= 4136690) AND (k <= 4136790))

table 8 : explain SELECT k, c FROM sbtest8 WHERE k BETWEEN 4136690 AND 4136790
	Bitmap Heap Scan on sbtest8  (cost=5.42..385.43 rows=96 width=125)
	  Recheck Cond: ((k >= 4136690) AND (k <= 4136790))
	  ->  Bitmap Index Scan on k_8  (cost=0.00..5.39 rows=96 width=0)
	        Index Cond: ((k >= 4136690) AND (k <= 4136790))

explain: for range-notcovered :: explain SELECT k, c FROM sbtest%d WHERE k BETWEEN 4136690 AND 4136790
for range-notcovered
table 1 : explain SELECT k, c FROM sbtest1 WHERE k BETWEEN 2123299 AND 2123399
	Bitmap Heap Scan on sbtest1  (cost=5.53..428.75 rows=107 width=125)
	  Recheck Cond: ((k >= 2123299) AND (k <= 2123399))
	  ->  Bitmap Index Scan on k_1  (cost=0.00..5.50 rows=107 width=0)
	        Index Cond: ((k >= 2123299) AND (k <= 2123399))

table 2 : explain SELECT k, c FROM sbtest2 WHERE k BETWEEN 2123299 AND 2123399
	Bitmap Heap Scan on sbtest2  (cost=5.45..397.25 rows=99 width=125)
	  Recheck Cond: ((k >= 2123299) AND (k <= 2123399))
	  ->  Bitmap Index Scan on k_2  (cost=0.00..5.42 rows=99 width=0)
	        Index Cond: ((k >= 2123299) AND (k <= 2123399))

table 3 : explain SELECT k, c FROM sbtest3 WHERE k BETWEEN 2123299 AND 2123399
	Bitmap Heap Scan on sbtest3  (cost=5.48..409.07 rows=102 width=125)
	  Recheck Cond: ((k >= 2123299) AND (k <= 2123399))
	  ->  Bitmap Index Scan on k_3  (cost=0.00..5.45 rows=102 width=0)
	        Index Cond: ((k >= 2123299) AND (k <= 2123399))

table 4 : explain SELECT k, c FROM sbtest4 WHERE k BETWEEN 2123299 AND 2123399
	Bitmap Heap Scan on sbtest4  (cost=5.47..405.13 rows=101 width=125)
	  Recheck Cond: ((k >= 2123299) AND (k <= 2123399))
	  ->  Bitmap Index Scan on k_4  (cost=0.00..5.44 rows=101 width=0)
	        Index Cond: ((k >= 2123299) AND (k <= 2123399))

table 5 : explain SELECT k, c FROM sbtest5 WHERE k BETWEEN 2123299 AND 2123399
	Bitmap Heap Scan on sbtest5  (cost=5.57..444.49 rows=111 width=125)
	  Recheck Cond: ((k >= 2123299) AND (k <= 2123399))
	  ->  Bitmap Index Scan on k_5  (cost=0.00..5.54 rows=111 width=0)
	        Index Cond: ((k >= 2123299) AND (k <= 2123399))

table 6 : explain SELECT k, c FROM sbtest6 WHERE k BETWEEN 2123299 AND 2123399
	Bitmap Heap Scan on sbtest6  (cost=5.45..397.25 rows=99 width=125)
	  Recheck Cond: ((k >= 2123299) AND (k <= 2123399))
	  ->  Bitmap Index Scan on k_6  (cost=0.00..5.42 rows=99 width=0)
	        Index Cond: ((k >= 2123299) AND (k <= 2123399))

table 7 : explain SELECT k, c FROM sbtest7 WHERE k BETWEEN 2123299 AND 2123399
	Bitmap Heap Scan on sbtest7  (cost=5.51..420.88 rows=105 width=125)
	  Recheck Cond: ((k >= 2123299) AND (k <= 2123399))
	  ->  Bitmap Index Scan on k_7  (cost=0.00..5.48 rows=105 width=0)
	        Index Cond: ((k >= 2123299) AND (k <= 2123399))

table 8 : explain SELECT k, c FROM sbtest8 WHERE k BETWEEN 2123299 AND 2123399
	Bitmap Heap Scan on sbtest8  (cost=5.50..416.94 rows=104 width=125)
	  Recheck Cond: ((k >= 2123299) AND (k <= 2123399))
	  ->  Bitmap Index Scan on k_8  (cost=0.00..5.47 rows=104 width=0)
	        Index Cond: ((k >= 2123299) AND (k <= 2123399))

for range-notcovered
table 1 : explain SELECT k, c FROM sbtest1 WHERE k BETWEEN 1959722 AND 1959822
	Bitmap Heap Scan on sbtest1  (cost=5.56..440.56 rows=110 width=125)
	  Recheck Cond: ((k >= 1959722) AND (k <= 1959822))
	  ->  Bitmap Index Scan on k_1  (cost=0.00..5.53 rows=110 width=0)
	        Index Cond: ((k >= 1959722) AND (k <= 1959822))

table 2 : explain SELECT k, c FROM sbtest2 WHERE k BETWEEN 1959722 AND 1959822
	Bitmap Heap Scan on sbtest2  (cost=5.58..448.42 rows=112 width=125)
	  Recheck Cond: ((k >= 1959722) AND (k <= 1959822))
	  ->  Bitmap Index Scan on k_2  (cost=0.00..5.55 rows=112 width=0)
	        Index Cond: ((k >= 1959722) AND (k <= 1959822))

table 3 : explain SELECT k, c FROM sbtest3 WHERE k BETWEEN 1959722 AND 1959822
	Bitmap Heap Scan on sbtest3  (cost=5.45..397.25 rows=99 width=125)
	  Recheck Cond: ((k >= 1959722) AND (k <= 1959822))
	  ->  Bitmap Index Scan on k_3  (cost=0.00..5.42 rows=99 width=0)
	        Index Cond: ((k >= 1959722) AND (k <= 1959822))

table 4 : explain SELECT k, c FROM sbtest4 WHERE k BETWEEN 1959722 AND 1959822
	Bitmap Heap Scan on sbtest4  (cost=5.41..381.49 rows=95 width=125)
	  Recheck Cond: ((k >= 1959722) AND (k <= 1959822))
	  ->  Bitmap Index Scan on k_4  (cost=0.00..5.38 rows=95 width=0)
	        Index Cond: ((k >= 1959722) AND (k <= 1959822))

table 5 : explain SELECT k, c FROM sbtest5 WHERE k BETWEEN 1959722 AND 1959822
	Bitmap Heap Scan on sbtest5  (cost=5.58..448.42 rows=112 width=125)
	  Recheck Cond: ((k >= 1959722) AND (k <= 1959822))
	  ->  Bitmap Index Scan on k_5  (cost=0.00..5.55 rows=112 width=0)
	        Index Cond: ((k >= 1959722) AND (k <= 1959822))

table 6 : explain SELECT k, c FROM sbtest6 WHERE k BETWEEN 1959722 AND 1959822
	Bitmap Heap Scan on sbtest6  (cost=5.50..416.94 rows=104 width=125)
	  Recheck Cond: ((k >= 1959722) AND (k <= 1959822))
	  ->  Bitmap Index Scan on k_6  (cost=0.00..5.47 rows=104 width=0)
	        Index Cond: ((k >= 1959722) AND (k <= 1959822))

table 7 : explain SELECT k, c FROM sbtest7 WHERE k BETWEEN 1959722 AND 1959822
	Bitmap Heap Scan on sbtest7  (cost=5.47..405.13 rows=101 width=125)
	  Recheck Cond: ((k >= 1959722) AND (k <= 1959822))
	  ->  Bitmap Index Scan on k_7  (cost=0.00..5.44 rows=101 width=0)
	        Index Cond: ((k >= 1959722) AND (k <= 1959822))

table 8 : explain SELECT k, c FROM sbtest8 WHERE k BETWEEN 1959722 AND 1959822
	Bitmap Heap Scan on sbtest8  (cost=5.50..416.94 rows=104 width=125)
	  Recheck Cond: ((k >= 1959722) AND (k <= 1959822))
	  ->  Bitmap Index Scan on k_8  (cost=0.00..5.47 rows=104 width=0)
	        Index Cond: ((k >= 1959722) AND (k <= 1959822))

for range-notcovered
table 1 : explain SELECT k, c FROM sbtest1 WHERE k BETWEEN 4258902 AND 4259002
	Bitmap Heap Scan on sbtest1  (cost=5.50..416.94 rows=104 width=125)
	  Recheck Cond: ((k >= 4258902) AND (k <= 4259002))
	  ->  Bitmap Index Scan on k_1  (cost=0.00..5.47 rows=104 width=0)
	        Index Cond: ((k >= 4258902) AND (k <= 4259002))

table 2 : explain SELECT k, c FROM sbtest2 WHERE k BETWEEN 4258902 AND 4259002
	Bitmap Heap Scan on sbtest2  (cost=5.49..413.00 rows=103 width=125)
	  Recheck Cond: ((k >= 4258902) AND (k <= 4259002))
	  ->  Bitmap Index Scan on k_2  (cost=0.00..5.46 rows=103 width=0)
	        Index Cond: ((k >= 4258902) AND (k <= 4259002))

table 3 : explain SELECT k, c FROM sbtest3 WHERE k BETWEEN 4258902 AND 4259002
	Bitmap Heap Scan on sbtest3  (cost=5.44..393.31 rows=98 width=125)
	  Recheck Cond: ((k >= 4258902) AND (k <= 4259002))
	  ->  Bitmap Index Scan on k_3  (cost=0.00..5.42 rows=98 width=0)
	        Index Cond: ((k >= 4258902) AND (k <= 4259002))

table 4 : explain SELECT k, c FROM sbtest4 WHERE k BETWEEN 4258902 AND 4259002
	Bitmap Heap Scan on sbtest4  (cost=5.40..377.55 rows=94 width=125)
	  Recheck Cond: ((k >= 4258902) AND (k <= 4259002))
	  ->  Bitmap Index Scan on k_4  (cost=0.00..5.38 rows=94 width=0)
	        Index Cond: ((k >= 4258902) AND (k <= 4259002))

table 5 : explain SELECT k, c FROM sbtest5 WHERE k BETWEEN 4258902 AND 4259002
	Bitmap Heap Scan on sbtest5  (cost=5.42..385.43 rows=96 width=125)
	  Recheck Cond: ((k >= 4258902) AND (k <= 4259002))
	  ->  Bitmap Index Scan on k_5  (cost=0.00..5.39 rows=96 width=0)
	        Index Cond: ((k >= 4258902) AND (k <= 4259002))

table 6 : explain SELECT k, c FROM sbtest6 WHERE k BETWEEN 4258902 AND 4259002
	Bitmap Heap Scan on sbtest6  (cost=5.44..393.31 rows=98 width=125)
	  Recheck Cond: ((k >= 4258902) AND (k <= 4259002))
	  ->  Bitmap Index Scan on k_6  (cost=0.00..5.42 rows=98 width=0)
	        Index Cond: ((k >= 4258902) AND (k <= 4259002))

table 7 : explain SELECT k, c FROM sbtest7 WHERE k BETWEEN 4258902 AND 4259002
	Bitmap Heap Scan on sbtest7  (cost=5.44..393.31 rows=98 width=125)
	  Recheck Cond: ((k >= 4258902) AND (k <= 4259002))
	  ->  Bitmap Index Scan on k_7  (cost=0.00..5.42 rows=98 width=0)
	        Index Cond: ((k >= 4258902) AND (k <= 4259002))

table 8 : explain SELECT k, c FROM sbtest8 WHERE k BETWEEN 4258902 AND 4259002
	Bitmap Heap Scan on sbtest8  (cost=5.54..432.69 rows=108 width=125)
	  Recheck Cond: ((k >= 4258902) AND (k <= 4259002))
	  ->  Bitmap Index Scan on k_8  (cost=0.00..5.51 rows=108 width=0)
	        Index Cond: ((k >= 4258902) AND (k <= 4259002))

explain: for range-notcovered :: explain SELECT k, c FROM sbtest%d WHERE k BETWEEN 2123299 AND 2123399
explain: for range-notcovered :: explain SELECT k, c FROM sbtest%d WHERE k BETWEEN 4258902 AND 4259002
explain: for range-notcovered :: explain SELECT k, c FROM sbtest%d WHERE k BETWEEN 1959722 AND 1959822
for range-notcovered
table 1 : explain SELECT k, c FROM sbtest1 WHERE k BETWEEN 5561678 AND 5561778
	Bitmap Heap Scan on sbtest1  (cost=5.57..444.49 rows=111 width=125)
	  Recheck Cond: ((k >= 5561678) AND (k <= 5561778))
	  ->  Bitmap Index Scan on k_1  (cost=0.00..5.54 rows=111 width=0)
	        Index Cond: ((k >= 5561678) AND (k <= 5561778))

table 2 : explain SELECT k, c FROM sbtest2 WHERE k BETWEEN 5561678 AND 5561778
	Bitmap Heap Scan on sbtest2  (cost=5.54..432.69 rows=108 width=125)
	  Recheck Cond: ((k >= 5561678) AND (k <= 5561778))
	  ->  Bitmap Index Scan on k_2  (cost=0.00..5.51 rows=108 width=0)
	        Index Cond: ((k >= 5561678) AND (k <= 5561778))

table 3 : explain SELECT k, c FROM sbtest3 WHERE k BETWEEN 5561678 AND 5561778
	Bitmap Heap Scan on sbtest3  (cost=5.51..420.88 rows=105 width=125)
	  Recheck Cond: ((k >= 5561678) AND (k <= 5561778))
	  ->  Bitmap Index Scan on k_3  (cost=0.00..5.48 rows=105 width=0)
	        Index Cond: ((k >= 5561678) AND (k <= 5561778))

table 4 : explain SELECT k, c FROM sbtest4 WHERE k BETWEEN 5561678 AND 5561778
	Bitmap Heap Scan on sbtest4  (cost=5.56..440.56 rows=110 width=125)
	  Recheck Cond: ((k >= 5561678) AND (k <= 5561778))
	  ->  Bitmap Index Scan on k_4  (cost=0.00..5.53 rows=110 width=0)
	        Index Cond: ((k >= 5561678) AND (k <= 5561778))

table 5 : explain SELECT k, c FROM sbtest5 WHERE k BETWEEN 5561678 AND 5561778
	Bitmap Heap Scan on sbtest5  (cost=5.53..428.75 rows=107 width=125)
	  Recheck Cond: ((k >= 5561678) AND (k <= 5561778))
	  ->  Bitmap Index Scan on k_5  (cost=0.00..5.50 rows=107 width=0)
	        Index Cond: ((k >= 5561678) AND (k <= 5561778))

table 6 : explain SELECT k, c FROM sbtest6 WHERE k BETWEEN 5561678 AND 5561778
	Bitmap Heap Scan on sbtest6  (cost=5.51..420.88 rows=105 width=125)
	  Recheck Cond: ((k >= 5561678) AND (k <= 5561778))
	  ->  Bitmap Index Scan on k_6  (cost=0.00..5.48 rows=105 width=0)
	        Index Cond: ((k >= 5561678) AND (k <= 5561778))

table 7 : explain SELECT k, c FROM sbtest7 WHERE k BETWEEN 5561678 AND 5561778
	Bitmap Heap Scan on sbtest7  (cost=5.56..440.56 rows=110 width=125)
	  Recheck Cond: ((k >= 5561678) AND (k <= 5561778))
	  ->  Bitmap Index Scan on k_7  (cost=0.00..5.53 rows=110 width=0)
	        Index Cond: ((k >= 5561678) AND (k <= 5561778))

table 8 : explain SELECT k, c FROM sbtest8 WHERE k BETWEEN 5561678 AND 5561778
	Bitmap Heap Scan on sbtest8  (cost=5.46..401.19 rows=100 width=125)
	  Recheck Cond: ((k >= 5561678) AND (k <= 5561778))
	  ->  Bitmap Index Scan on k_8  (cost=0.00..5.43 rows=100 width=0)
	        Index Cond: ((k >= 5561678) AND (k <= 5561778))

explain: for range-notcovered :: explain SELECT k, c FROM sbtest%d WHERE k BETWEEN 5561678 AND 5561778
for range-notcovered
table 1 : explain SELECT k, c FROM sbtest1 WHERE k BETWEEN 5827416 AND 5827516
	Bitmap Heap Scan on sbtest1  (cost=5.47..405.13 rows=101 width=125)
	  Recheck Cond: ((k >= 5827416) AND (k <= 5827516))
	  ->  Bitmap Index Scan on k_1  (cost=0.00..5.44 rows=101 width=0)
	        Index Cond: ((k >= 5827416) AND (k <= 5827516))

table 2 : explain SELECT k, c FROM sbtest2 WHERE k BETWEEN 5827416 AND 5827516
	Bitmap Heap Scan on sbtest2  (cost=5.51..420.88 rows=105 width=125)
	  Recheck Cond: ((k >= 5827416) AND (k <= 5827516))
	  ->  Bitmap Index Scan on k_2  (cost=0.00..5.48 rows=105 width=0)
	        Index Cond: ((k >= 5827416) AND (k <= 5827516))

table 3 : explain SELECT k, c FROM sbtest3 WHERE k BETWEEN 5827416 AND 5827516
	Bitmap Heap Scan on sbtest3  (cost=5.42..385.43 rows=96 width=125)
	  Recheck Cond: ((k >= 5827416) AND (k <= 5827516))
	  ->  Bitmap Index Scan on k_3  (cost=0.00..5.39 rows=96 width=0)
	        Index Cond: ((k >= 5827416) AND (k <= 5827516))

table 4 : explain SELECT k, c FROM sbtest4 WHERE k BETWEEN 5827416 AND 5827516
	Bitmap Heap Scan on sbtest4  (cost=5.46..401.19 rows=100 width=125)
	  Recheck Cond: ((k >= 5827416) AND (k <= 5827516))
	  ->  Bitmap Index Scan on k_4  (cost=0.00..5.43 rows=100 width=0)
	        Index Cond: ((k >= 5827416) AND (k <= 5827516))

table 5 : explain SELECT k, c FROM sbtest5 WHERE k BETWEEN 5827416 AND 5827516
	Bitmap Heap Scan on sbtest5  (cost=5.41..381.49 rows=95 width=125)
	  Recheck Cond: ((k >= 5827416) AND (k <= 5827516))
	  ->  Bitmap Index Scan on k_5  (cost=0.00..5.38 rows=95 width=0)
	        Index Cond: ((k >= 5827416) AND (k <= 5827516))

table 6 : explain SELECT k, c FROM sbtest6 WHERE k BETWEEN 5827416 AND 5827516
	Bitmap Heap Scan on sbtest6  (cost=5.44..393.31 rows=98 width=125)
	  Recheck Cond: ((k >= 5827416) AND (k <= 5827516))
	  ->  Bitmap Index Scan on k_6  (cost=0.00..5.42 rows=98 width=0)
	        Index Cond: ((k >= 5827416) AND (k <= 5827516))

table 7 : explain SELECT k, c FROM sbtest7 WHERE k BETWEEN 5827416 AND 5827516
	Bitmap Heap Scan on sbtest7  (cost=5.46..401.19 rows=100 width=125)
	  Recheck Cond: ((k >= 5827416) AND (k <= 5827516))
	  ->  Bitmap Index Scan on k_7  (cost=0.00..5.43 rows=100 width=0)
	        Index Cond: ((k >= 5827416) AND (k <= 5827516))

table 8 : explain SELECT k, c FROM sbtest8 WHERE k BETWEEN 5827416 AND 5827516
	Bitmap Heap Scan on sbtest8  (cost=5.52..424.81 rows=106 width=125)
	  Recheck Cond: ((k >= 5827416) AND (k <= 5827516))
	  ->  Bitmap Index Scan on k_8  (cost=0.00..5.50 rows=106 width=0)
	        Index Cond: ((k >= 5827416) AND (k <= 5827516))

for range-notcovered
table 1 : explain SELECT k, c FROM sbtest1 WHERE k BETWEEN 6178832 AND 6178932
	Bitmap Heap Scan on sbtest1  (cost=5.42..385.43 rows=96 width=125)
	  Recheck Cond: ((k >= 6178832) AND (k <= 6178932))
	  ->  Bitmap Index Scan on k_1  (cost=0.00..5.39 rows=96 width=0)
	        Index Cond: ((k >= 6178832) AND (k <= 6178932))

table 2 : explain SELECT k, c FROM sbtest2 WHERE k BETWEEN 6178832 AND 6178932
	Bitmap Heap Scan on sbtest2  (cost=5.44..393.31 rows=98 width=125)
	  Recheck Cond: ((k >= 6178832) AND (k <= 6178932))
	  ->  Bitmap Index Scan on k_2  (cost=0.00..5.42 rows=98 width=0)
	        Index Cond: ((k >= 6178832) AND (k <= 6178932))

table 3 : explain SELECT k, c FROM sbtest3 WHERE k BETWEEN 6178832 AND 6178932
	Bitmap Heap Scan on sbtest3  (cost=5.44..393.31 rows=98 width=125)
	  Recheck Cond: ((k >= 6178832) AND (k <= 6178932))
	  ->  Bitmap Index Scan on k_3  (cost=0.00..5.42 rows=98 width=0)
	        Index Cond: ((k >= 6178832) AND (k <= 6178932))

table 4 : explain SELECT k, c FROM sbtest4 WHERE k BETWEEN 6178832 AND 6178932
	Bitmap Heap Scan on sbtest4  (cost=5.34..353.89 rows=88 width=125)
	  Recheck Cond: ((k >= 6178832) AND (k <= 6178932))
	  ->  Bitmap Index Scan on k_4  (cost=0.00..5.31 rows=88 width=0)
	        Index Cond: ((k >= 6178832) AND (k <= 6178932))

table 5 : explain SELECT k, c FROM sbtest5 WHERE k BETWEEN 6178832 AND 6178932
	Bitmap Heap Scan on sbtest5  (cost=5.41..381.49 rows=95 width=125)
	  Recheck Cond: ((k >= 6178832) AND (k <= 6178932))
	  ->  Bitmap Index Scan on k_5  (cost=0.00..5.38 rows=95 width=0)
	        Index Cond: ((k >= 6178832) AND (k <= 6178932))

table 6 : explain SELECT k, c FROM sbtest6 WHERE k BETWEEN 6178832 AND 6178932
	Bitmap Heap Scan on sbtest6  (cost=5.57..444.49 rows=111 width=125)
	  Recheck Cond: ((k >= 6178832) AND (k <= 6178932))
	  ->  Bitmap Index Scan on k_6  (cost=0.00..5.54 rows=111 width=0)
	        Index Cond: ((k >= 6178832) AND (k <= 6178932))

table 7 : explain SELECT k, c FROM sbtest7 WHERE k BETWEEN 6178832 AND 6178932
	Bitmap Heap Scan on sbtest7  (cost=5.54..432.69 rows=108 width=125)
	  Recheck Cond: ((k >= 6178832) AND (k <= 6178932))
	  ->  Bitmap Index Scan on k_7  (cost=0.00..5.51 rows=108 width=0)
	        Index Cond: ((k >= 6178832) AND (k <= 6178932))

table 8 : explain SELECT k, c FROM sbtest8 WHERE k BETWEEN 6178832 AND 6178932
	Bitmap Heap Scan on sbtest8  (cost=5.50..416.94 rows=104 width=125)
	  Recheck Cond: ((k >= 6178832) AND (k <= 6178932))
	  ->  Bitmap Index Scan on k_8  (cost=0.00..5.47 rows=104 width=0)
	        Index Cond: ((k >= 6178832) AND (k <= 6178932))

for range-notcovered
table 1 : explain SELECT k, c FROM sbtest1 WHERE k BETWEEN 8563729 AND 8563829
	Bitmap Heap Scan on sbtest1  (cost=5.48..409.07 rows=102 width=125)
	  Recheck Cond: ((k >= 8563729) AND (k <= 8563829))
	  ->  Bitmap Index Scan on k_1  (cost=0.00..5.45 rows=102 width=0)
	        Index Cond: ((k >= 8563729) AND (k <= 8563829))

table 2 : explain SELECT k, c FROM sbtest2 WHERE k BETWEEN 8563729 AND 8563829
	Bitmap Heap Scan on sbtest2  (cost=5.50..416.94 rows=104 width=125)
	  Recheck Cond: ((k >= 8563729) AND (k <= 8563829))
	  ->  Bitmap Index Scan on k_2  (cost=0.00..5.47 rows=104 width=0)
	        Index Cond: ((k >= 8563729) AND (k <= 8563829))

table 3 : explain SELECT k, c FROM sbtest3 WHERE k BETWEEN 8563729 AND 8563829
	Bitmap Heap Scan on sbtest3  (cost=5.55..436.62 rows=109 width=125)
	  Recheck Cond: ((k >= 8563729) AND (k <= 8563829))
	  ->  Bitmap Index Scan on k_3  (cost=0.00..5.52 rows=109 width=0)
	        Index Cond: ((k >= 8563729) AND (k <= 8563829))

table 4 : explain SELECT k, c FROM sbtest4 WHERE k BETWEEN 8563729 AND 8563829
	Bitmap Heap Scan on sbtest4  (cost=5.60..456.29 rows=114 width=125)
	  Recheck Cond: ((k >= 8563729) AND (k <= 8563829))
	  ->  Bitmap Index Scan on k_4  (cost=0.00..5.58 rows=114 width=0)
	        Index Cond: ((k >= 8563729) AND (k <= 8563829))

table 5 : explain SELECT k, c FROM sbtest5 WHERE k BETWEEN 8563729 AND 8563829
	Bitmap Heap Scan on sbtest5  (cost=5.56..440.56 rows=110 width=125)
	  Recheck Cond: ((k >= 8563729) AND (k <= 8563829))
	  ->  Bitmap Index Scan on k_5  (cost=0.00..5.53 rows=110 width=0)
	        Index Cond: ((k >= 8563729) AND (k <= 8563829))

table 6 : explain SELECT k, c FROM sbtest6 WHERE k BETWEEN 8563729 AND 8563829
	Bitmap Heap Scan on sbtest6  (cost=5.49..413.00 rows=103 width=125)
	  Recheck Cond: ((k >= 8563729) AND (k <= 8563829))
	  ->  Bitmap Index Scan on k_6  (cost=0.00..5.46 rows=103 width=0)
	        Index Cond: ((k >= 8563729) AND (k <= 8563829))

table 7 : explain SELECT k, c FROM sbtest7 WHERE k BETWEEN 8563729 AND 8563829
	Bitmap Heap Scan on sbtest7  (cost=5.54..432.69 rows=108 width=125)
	  Recheck Cond: ((k >= 8563729) AND (k <= 8563829))
	  ->  Bitmap Index Scan on k_7  (cost=0.00..5.51 rows=108 width=0)
	        Index Cond: ((k >= 8563729) AND (k <= 8563829))

table 8 : explain SELECT k, c FROM sbtest8 WHERE k BETWEEN 8563729 AND 8563829
	Bitmap Heap Scan on sbtest8  (cost=5.58..448.42 rows=112 width=125)
	  Recheck Cond: ((k >= 8563729) AND (k <= 8563829))
	  ->  Bitmap Index Scan on k_8  (cost=0.00..5.55 rows=112 width=0)
	        Index Cond: ((k >= 8563729) AND (k <= 8563829))

explain: for range-notcovered :: explain SELECT k, c FROM sbtest%d WHERE k BETWEEN 5827416 AND 5827516
explain: for range-notcovered :: explain SELECT k, c FROM sbtest%d WHERE k BETWEEN 6178832 AND 6178932
explain: for range-notcovered :: explain SELECT k, c FROM sbtest%d WHERE k BETWEEN 8563729 AND 8563829
for range-notcovered
table 1 : explain SELECT k, c FROM sbtest1 WHERE k BETWEEN 3965943 AND 3966043
	Bitmap Heap Scan on sbtest1  (cost=5.45..397.25 rows=99 width=125)
	  Recheck Cond: ((k >= 3965943) AND (k <= 3966043))
	  ->  Bitmap Index Scan on k_1  (cost=0.00..5.42 rows=99 width=0)
	        Index Cond: ((k >= 3965943) AND (k <= 3966043))

table 2 : explain SELECT k, c FROM sbtest2 WHERE k BETWEEN 3965943 AND 3966043
	Bitmap Heap Scan on sbtest2  (cost=5.44..393.31 rows=98 width=125)
	  Recheck Cond: ((k >= 3965943) AND (k <= 3966043))
	  ->  Bitmap Index Scan on k_2  (cost=0.00..5.42 rows=98 width=0)
	        Index Cond: ((k >= 3965943) AND (k <= 3966043))

table 3 : explain SELECT k, c FROM sbtest3 WHERE k BETWEEN 3965943 AND 3966043
	Bitmap Heap Scan on sbtest3  (cost=5.50..416.94 rows=104 width=125)
	  Recheck Cond: ((k >= 3965943) AND (k <= 3966043))
	  ->  Bitmap Index Scan on k_3  (cost=0.00..5.47 rows=104 width=0)
	        Index Cond: ((k >= 3965943) AND (k <= 3966043))

table 4 : explain SELECT k, c FROM sbtest4 WHERE k BETWEEN 3965943 AND 3966043
	Bitmap Heap Scan on sbtest4  (cost=5.42..385.43 rows=96 width=125)
	  Recheck Cond: ((k >= 3965943) AND (k <= 3966043))
	  ->  Bitmap Index Scan on k_4  (cost=0.00..5.39 rows=96 width=0)
	        Index Cond: ((k >= 3965943) AND (k <= 3966043))

table 5 : explain SELECT k, c FROM sbtest5 WHERE k BETWEEN 3965943 AND 3966043
	Bitmap Heap Scan on sbtest5  (cost=5.47..405.13 rows=101 width=125)
	  Recheck Cond: ((k >= 3965943) AND (k <= 3966043))
	  ->  Bitmap Index Scan on k_5  (cost=0.00..5.44 rows=101 width=0)
	        Index Cond: ((k >= 3965943) AND (k <= 3966043))

table 6 : explain SELECT k, c FROM sbtest6 WHERE k BETWEEN 3965943 AND 3966043
	Bitmap Heap Scan on sbtest6  (cost=5.47..405.13 rows=101 width=125)
	  Recheck Cond: ((k >= 3965943) AND (k <= 3966043))
	  ->  Bitmap Index Scan on k_6  (cost=0.00..5.44 rows=101 width=0)
	        Index Cond: ((k >= 3965943) AND (k <= 3966043))

table 7 : explain SELECT k, c FROM sbtest7 WHERE k BETWEEN 3965943 AND 3966043
	Bitmap Heap Scan on sbtest7  (cost=5.59..452.36 rows=113 width=125)
	  Recheck Cond: ((k >= 3965943) AND (k <= 3966043))
	  ->  Bitmap Index Scan on k_7  (cost=0.00..5.56 rows=113 width=0)
	        Index Cond: ((k >= 3965943) AND (k <= 3966043))

table 8 : explain SELECT k, c FROM sbtest8 WHERE k BETWEEN 3965943 AND 3966043
	Bitmap Heap Scan on sbtest8  (cost=5.46..401.19 rows=100 width=125)
	  Recheck Cond: ((k >= 3965943) AND (k <= 3966043))
	  ->  Bitmap Index Scan on k_8  (cost=0.00..5.43 rows=100 width=0)
	        Index Cond: ((k >= 3965943) AND (k <= 3966043))

for range-notcovered
table 1 : explain SELECT k, c FROM sbtest1 WHERE k BETWEEN 4258902 AND 4259002
	Bitmap Heap Scan on sbtest1  (cost=5.50..416.94 rows=104 width=125)
	  Recheck Cond: ((k >= 4258902) AND (k <= 4259002))
	  ->  Bitmap Index Scan on k_1  (cost=0.00..5.47 rows=104 width=0)
	        Index Cond: ((k >= 4258902) AND (k <= 4259002))

table 2 : explain SELECT k, c FROM sbtest2 WHERE k BETWEEN 4258902 AND 4259002
	Bitmap Heap Scan on sbtest2  (cost=5.49..413.00 rows=103 width=125)
	  Recheck Cond: ((k >= 4258902) AND (k <= 4259002))
	  ->  Bitmap Index Scan on k_2  (cost=0.00..5.46 rows=103 width=0)
	        Index Cond: ((k >= 4258902) AND (k <= 4259002))

table 3 : explain SELECT k, c FROM sbtest3 WHERE k BETWEEN 4258902 AND 4259002
	Bitmap Heap Scan on sbtest3  (cost=5.44..393.31 rows=98 width=125)
	  Recheck Cond: ((k >= 4258902) AND (k <= 4259002))
	  ->  Bitmap Index Scan on k_3  (cost=0.00..5.42 rows=98 width=0)
	        Index Cond: ((k >= 4258902) AND (k <= 4259002))

table 4 : explain SELECT k, c FROM sbtest4 WHERE k BETWEEN 4258902 AND 4259002
	Bitmap Heap Scan on sbtest4  (cost=5.40..377.55 rows=94 width=125)
	  Recheck Cond: ((k >= 4258902) AND (k <= 4259002))
	  ->  Bitmap Index Scan on k_4  (cost=0.00..5.38 rows=94 width=0)
	        Index Cond: ((k >= 4258902) AND (k <= 4259002))

table 5 : explain SELECT k, c FROM sbtest5 WHERE k BETWEEN 4258902 AND 4259002
	Bitmap Heap Scan on sbtest5  (cost=5.42..385.43 rows=96 width=125)
	  Recheck Cond: ((k >= 4258902) AND (k <= 4259002))
	  ->  Bitmap Index Scan on k_5  (cost=0.00..5.39 rows=96 width=0)
	        Index Cond: ((k >= 4258902) AND (k <= 4259002))

table 6 : explain SELECT k, c FROM sbtest6 WHERE k BETWEEN 4258902 AND 4259002
	Bitmap Heap Scan on sbtest6  (cost=5.44..393.31 rows=98 width=125)
	  Recheck Cond: ((k >= 4258902) AND (k <= 4259002))
	  ->  Bitmap Index Scan on k_6  (cost=0.00..5.42 rows=98 width=0)
	        Index Cond: ((k >= 4258902) AND (k <= 4259002))

table 7 : explain SELECT k, c FROM sbtest7 WHERE k BETWEEN 4258902 AND 4259002
	Bitmap Heap Scan on sbtest7  (cost=5.44..393.31 rows=98 width=125)
	  Recheck Cond: ((k >= 4258902) AND (k <= 4259002))
	  ->  Bitmap Index Scan on k_7  (cost=0.00..5.42 rows=98 width=0)
	        Index Cond: ((k >= 4258902) AND (k <= 4259002))

table 8 : explain SELECT k, c FROM sbtest8 WHERE k BETWEEN 4258902 AND 4259002
	Bitmap Heap Scan on sbtest8  (cost=5.54..432.69 rows=108 width=125)
	  Recheck Cond: ((k >= 4258902) AND (k <= 4259002))
	  ->  Bitmap Index Scan on k_8  (cost=0.00..5.51 rows=108 width=0)
	        Index Cond: ((k >= 4258902) AND (k <= 4259002))

explain: for range-notcovered :: explain SELECT k, c FROM sbtest%d WHERE k BETWEEN 4258902 AND 4259002
for range-notcovered
table 1 : explain SELECT k, c FROM sbtest1 WHERE k BETWEEN 5561678 AND 5561778
	Bitmap Heap Scan on sbtest1  (cost=5.57..444.49 rows=111 width=125)
	  Recheck Cond: ((k >= 5561678) AND (k <= 5561778))
	  ->  Bitmap Index Scan on k_1  (cost=0.00..5.54 rows=111 width=0)
	        Index Cond: ((k >= 5561678) AND (k <= 5561778))

table 2 : explain SELECT k, c FROM sbtest2 WHERE k BETWEEN 5561678 AND 5561778
	Bitmap Heap Scan on sbtest2  (cost=5.54..432.69 rows=108 width=125)
	  Recheck Cond: ((k >= 5561678) AND (k <= 5561778))
	  ->  Bitmap Index Scan on k_2  (cost=0.00..5.51 rows=108 width=0)
	        Index Cond: ((k >= 5561678) AND (k <= 5561778))

table 3 : explain SELECT k, c FROM sbtest3 WHERE k BETWEEN 5561678 AND 5561778
	Bitmap Heap Scan on sbtest3  (cost=5.51..420.88 rows=105 width=125)
	  Recheck Cond: ((k >= 5561678) AND (k <= 5561778))
	  ->  Bitmap Index Scan on k_3  (cost=0.00..5.48 rows=105 width=0)
	        Index Cond: ((k >= 5561678) AND (k <= 5561778))

table 4 : explain SELECT k, c FROM sbtest4 WHERE k BETWEEN 5561678 AND 5561778
	Bitmap Heap Scan on sbtest4  (cost=5.56..440.56 rows=110 width=125)
	  Recheck Cond: ((k >= 5561678) AND (k <= 5561778))
	  ->  Bitmap Index Scan on k_4  (cost=0.00..5.53 rows=110 width=0)
	        Index Cond: ((k >= 5561678) AND (k <= 5561778))

table 5 : explain SELECT k, c FROM sbtest5 WHERE k BETWEEN 5561678 AND 5561778
	Bitmap Heap Scan on sbtest5  (cost=5.53..428.75 rows=107 width=125)
	  Recheck Cond: ((k >= 5561678) AND (k <= 5561778))
	  ->  Bitmap Index Scan on k_5  (cost=0.00..5.50 rows=107 width=0)
	        Index Cond: ((k >= 5561678) AND (k <= 5561778))

table 6 : explain SELECT k, c FROM sbtest6 WHERE k BETWEEN 5561678 AND 5561778
	Bitmap Heap Scan on sbtest6  (cost=5.51..420.88 rows=105 width=125)
	  Recheck Cond: ((k >= 5561678) AND (k <= 5561778))
	  ->  Bitmap Index Scan on k_6  (cost=0.00..5.48 rows=105 width=0)
	        Index Cond: ((k >= 5561678) AND (k <= 5561778))

table 7 : explain SELECT k, c FROM sbtest7 WHERE k BETWEEN 5561678 AND 5561778
	Bitmap Heap Scan on sbtest7  (cost=5.56..440.56 rows=110 width=125)
	  Recheck Cond: ((k >= 5561678) AND (k <= 5561778))
	  ->  Bitmap Index Scan on k_7  (cost=0.00..5.53 rows=110 width=0)
	        Index Cond: ((k >= 5561678) AND (k <= 5561778))

table 8 : explain SELECT k, c FROM sbtest8 WHERE k BETWEEN 5561678 AND 5561778
	Bitmap Heap Scan on sbtest8  (cost=5.46..401.19 rows=100 width=125)
	  Recheck Cond: ((k >= 5561678) AND (k <= 5561778))
	  ->  Bitmap Index Scan on k_8  (cost=0.00..5.43 rows=100 width=0)
	        Index Cond: ((k >= 5561678) AND (k <= 5561778))

explain: for range-notcovered :: explain SELECT k, c FROM sbtest%d WHERE k BETWEEN 5561678 AND 5561778
for range-notcovered
table 1 : explain SELECT k, c FROM sbtest1 WHERE k BETWEEN 5827416 AND 5827516
	Bitmap Heap Scan on sbtest1  (cost=5.47..405.13 rows=101 width=125)
	  Recheck Cond: ((k >= 5827416) AND (k <= 5827516))
	  ->  Bitmap Index Scan on k_1  (cost=0.00..5.44 rows=101 width=0)
	        Index Cond: ((k >= 5827416) AND (k <= 5827516))

table 2 : explain SELECT k, c FROM sbtest2 WHERE k BETWEEN 5827416 AND 5827516
	Bitmap Heap Scan on sbtest2  (cost=5.51..420.88 rows=105 width=125)
	  Recheck Cond: ((k >= 5827416) AND (k <= 5827516))
	  ->  Bitmap Index Scan on k_2  (cost=0.00..5.48 rows=105 width=0)
	        Index Cond: ((k >= 5827416) AND (k <= 5827516))

table 3 : explain SELECT k, c FROM sbtest3 WHERE k BETWEEN 5827416 AND 5827516
	Bitmap Heap Scan on sbtest3  (cost=5.42..385.43 rows=96 width=125)
	  Recheck Cond: ((k >= 5827416) AND (k <= 5827516))
	  ->  Bitmap Index Scan on k_3  (cost=0.00..5.39 rows=96 width=0)
	        Index Cond: ((k >= 5827416) AND (k <= 5827516))

table 4 : explain SELECT k, c FROM sbtest4 WHERE k BETWEEN 5827416 AND 5827516
	Bitmap Heap Scan on sbtest4  (cost=5.46..401.19 rows=100 width=125)
	  Recheck Cond: ((k >= 5827416) AND (k <= 5827516))
	  ->  Bitmap Index Scan on k_4  (cost=0.00..5.43 rows=100 width=0)
	        Index Cond: ((k >= 5827416) AND (k <= 5827516))

table 5 : explain SELECT k, c FROM sbtest5 WHERE k BETWEEN 5827416 AND 5827516
	Bitmap Heap Scan on sbtest5  (cost=5.41..381.49 rows=95 width=125)
	  Recheck Cond: ((k >= 5827416) AND (k <= 5827516))
	  ->  Bitmap Index Scan on k_5  (cost=0.00..5.38 rows=95 width=0)
	        Index Cond: ((k >= 5827416) AND (k <= 5827516))

table 6 : explain SELECT k, c FROM sbtest6 WHERE k BETWEEN 5827416 AND 5827516
	Bitmap Heap Scan on sbtest6  (cost=5.44..393.31 rows=98 width=125)
	  Recheck Cond: ((k >= 5827416) AND (k <= 5827516))
	  ->  Bitmap Index Scan on k_6  (cost=0.00..5.42 rows=98 width=0)
	        Index Cond: ((k >= 5827416) AND (k <= 5827516))

table 7 : explain SELECT k, c FROM sbtest7 WHERE k BETWEEN 5827416 AND 5827516
	Bitmap Heap Scan on sbtest7  (cost=5.46..401.19 rows=100 width=125)
	  Recheck Cond: ((k >= 5827416) AND (k <= 5827516))
	  ->  Bitmap Index Scan on k_7  (cost=0.00..5.43 rows=100 width=0)
	        Index Cond: ((k >= 5827416) AND (k <= 5827516))

table 8 : explain SELECT k, c FROM sbtest8 WHERE k BETWEEN 5827416 AND 5827516
	Bitmap Heap Scan on sbtest8  (cost=5.52..424.81 rows=106 width=125)
	  Recheck Cond: ((k >= 5827416) AND (k <= 5827516))
	  ->  Bitmap Index Scan on k_8  (cost=0.00..5.50 rows=106 width=0)
	        Index Cond: ((k >= 5827416) AND (k <= 5827516))

for range-notcovered
table 1 : explain SELECT k, c FROM sbtest1 WHERE k BETWEEN 6178832 AND 6178932
	Bitmap Heap Scan on sbtest1  (cost=5.42..385.43 rows=96 width=125)
	  Recheck Cond: ((k >= 6178832) AND (k <= 6178932))
	  ->  Bitmap Index Scan on k_1  (cost=0.00..5.39 rows=96 width=0)
	        Index Cond: ((k >= 6178832) AND (k <= 6178932))

table 2 : explain SELECT k, c FROM sbtest2 WHERE k BETWEEN 6178832 AND 6178932
	Bitmap Heap Scan on sbtest2  (cost=5.44..393.31 rows=98 width=125)
	  Recheck Cond: ((k >= 6178832) AND (k <= 6178932))
	  ->  Bitmap Index Scan on k_2  (cost=0.00..5.42 rows=98 width=0)
	        Index Cond: ((k >= 6178832) AND (k <= 6178932))

table 3 : explain SELECT k, c FROM sbtest3 WHERE k BETWEEN 6178832 AND 6178932
	Bitmap Heap Scan on sbtest3  (cost=5.44..393.31 rows=98 width=125)
	  Recheck Cond: ((k >= 6178832) AND (k <= 6178932))
	  ->  Bitmap Index Scan on k_3  (cost=0.00..5.42 rows=98 width=0)
	        Index Cond: ((k >= 6178832) AND (k <= 6178932))

table 4 : explain SELECT k, c FROM sbtest4 WHERE k BETWEEN 6178832 AND 6178932
	Bitmap Heap Scan on sbtest4  (cost=5.34..353.89 rows=88 width=125)
	  Recheck Cond: ((k >= 6178832) AND (k <= 6178932))
	  ->  Bitmap Index Scan on k_4  (cost=0.00..5.31 rows=88 width=0)
	        Index Cond: ((k >= 6178832) AND (k <= 6178932))

table 5 : explain SELECT k, c FROM sbtest5 WHERE k BETWEEN 6178832 AND 6178932
	Bitmap Heap Scan on sbtest5  (cost=5.41..381.49 rows=95 width=125)
	  Recheck Cond: ((k >= 6178832) AND (k <= 6178932))
	  ->  Bitmap Index Scan on k_5  (cost=0.00..5.38 rows=95 width=0)
	        Index Cond: ((k >= 6178832) AND (k <= 6178932))

table 6 : explain SELECT k, c FROM sbtest6 WHERE k BETWEEN 6178832 AND 6178932
	Bitmap Heap Scan on sbtest6  (cost=5.57..444.49 rows=111 width=125)
	  Recheck Cond: ((k >= 6178832) AND (k <= 6178932))
	  ->  Bitmap Index Scan on k_6  (cost=0.00..5.54 rows=111 width=0)
	        Index Cond: ((k >= 6178832) AND (k <= 6178932))

table 7 : explain SELECT k, c FROM sbtest7 WHERE k BETWEEN 6178832 AND 6178932
	Bitmap Heap Scan on sbtest7  (cost=5.54..432.69 rows=108 width=125)
	  Recheck Cond: ((k >= 6178832) AND (k <= 6178932))
	  ->  Bitmap Index Scan on k_7  (cost=0.00..5.51 rows=108 width=0)
	        Index Cond: ((k >= 6178832) AND (k <= 6178932))

table 8 : explain SELECT k, c FROM sbtest8 WHERE k BETWEEN 6178832 AND 6178932
	Bitmap Heap Scan on sbtest8  (cost=5.50..416.94 rows=104 width=125)
	  Recheck Cond: ((k >= 6178832) AND (k <= 6178932))
	  ->  Bitmap Index Scan on k_8  (cost=0.00..5.47 rows=104 width=0)
	        Index Cond: ((k >= 6178832) AND (k <= 6178932))

for range-notcovered
table 1 : explain SELECT k, c FROM sbtest1 WHERE k BETWEEN 8563729 AND 8563829
	Bitmap Heap Scan on sbtest1  (cost=5.48..409.07 rows=102 width=125)
	  Recheck Cond: ((k >= 8563729) AND (k <= 8563829))
	  ->  Bitmap Index Scan on k_1  (cost=0.00..5.45 rows=102 width=0)
	        Index Cond: ((k >= 8563729) AND (k <= 8563829))

table 2 : explain SELECT k, c FROM sbtest2 WHERE k BETWEEN 8563729 AND 8563829
	Bitmap Heap Scan on sbtest2  (cost=5.50..416.94 rows=104 width=125)
	  Recheck Cond: ((k >= 8563729) AND (k <= 8563829))
	  ->  Bitmap Index Scan on k_2  (cost=0.00..5.47 rows=104 width=0)
	        Index Cond: ((k >= 8563729) AND (k <= 8563829))

table 3 : explain SELECT k, c FROM sbtest3 WHERE k BETWEEN 8563729 AND 8563829
	Bitmap Heap Scan on sbtest3  (cost=5.55..436.62 rows=109 width=125)
	  Recheck Cond: ((k >= 8563729) AND (k <= 8563829))
	  ->  Bitmap Index Scan on k_3  (cost=0.00..5.52 rows=109 width=0)
	        Index Cond: ((k >= 8563729) AND (k <= 8563829))

table 4 : explain SELECT k, c FROM sbtest4 WHERE k BETWEEN 8563729 AND 8563829
	Bitmap Heap Scan on sbtest4  (cost=5.60..456.29 rows=114 width=125)
	  Recheck Cond: ((k >= 8563729) AND (k <= 8563829))
	  ->  Bitmap Index Scan on k_4  (cost=0.00..5.58 rows=114 width=0)
	        Index Cond: ((k >= 8563729) AND (k <= 8563829))

table 5 : explain SELECT k, c FROM sbtest5 WHERE k BETWEEN 8563729 AND 8563829
	Bitmap Heap Scan on sbtest5  (cost=5.56..440.56 rows=110 width=125)
	  Recheck Cond: ((k >= 8563729) AND (k <= 8563829))
	  ->  Bitmap Index Scan on k_5  (cost=0.00..5.53 rows=110 width=0)
	        Index Cond: ((k >= 8563729) AND (k <= 8563829))

table 6 : explain SELECT k, c FROM sbtest6 WHERE k BETWEEN 8563729 AND 8563829
	Bitmap Heap Scan on sbtest6  (cost=5.49..413.00 rows=103 width=125)
	  Recheck Cond: ((k >= 8563729) AND (k <= 8563829))
	  ->  Bitmap Index Scan on k_6  (cost=0.00..5.46 rows=103 width=0)
	        Index Cond: ((k >= 8563729) AND (k <= 8563829))

table 7 : explain SELECT k, c FROM sbtest7 WHERE k BETWEEN 8563729 AND 8563829
	Bitmap Heap Scan on sbtest7  (cost=5.54..432.69 rows=108 width=125)
	  Recheck Cond: ((k >= 8563729) AND (k <= 8563829))
	  ->  Bitmap Index Scan on k_7  (cost=0.00..5.51 rows=108 width=0)
	        Index Cond: ((k >= 8563729) AND (k <= 8563829))

table 8 : explain SELECT k, c FROM sbtest8 WHERE k BETWEEN 8563729 AND 8563829
	Bitmap Heap Scan on sbtest8  (cost=5.58..448.42 rows=112 width=125)
	  Recheck Cond: ((k >= 8563729) AND (k <= 8563829))
	  ->  Bitmap Index Scan on k_8  (cost=0.00..5.55 rows=112 width=0)
	        Index Cond: ((k >= 8563729) AND (k <= 8563829))

for range-notcovered
table 1 : explain SELECT k, c FROM sbtest1 WHERE k BETWEEN 1959722 AND 1959822
	Bitmap Heap Scan on sbtest1  (cost=5.56..440.56 rows=110 width=125)
	  Recheck Cond: ((k >= 1959722) AND (k <= 1959822))
	  ->  Bitmap Index Scan on k_1  (cost=0.00..5.53 rows=110 width=0)
	        Index Cond: ((k >= 1959722) AND (k <= 1959822))

table 2 : explain SELECT k, c FROM sbtest2 WHERE k BETWEEN 1959722 AND 1959822
	Bitmap Heap Scan on sbtest2  (cost=5.58..448.42 rows=112 width=125)
	  Recheck Cond: ((k >= 1959722) AND (k <= 1959822))
	  ->  Bitmap Index Scan on k_2  (cost=0.00..5.55 rows=112 width=0)
	        Index Cond: ((k >= 1959722) AND (k <= 1959822))

table 3 : explain SELECT k, c FROM sbtest3 WHERE k BETWEEN 1959722 AND 1959822
	Bitmap Heap Scan on sbtest3  (cost=5.45..397.25 rows=99 width=125)
	  Recheck Cond: ((k >= 1959722) AND (k <= 1959822))
	  ->  Bitmap Index Scan on k_3  (cost=0.00..5.42 rows=99 width=0)
	        Index Cond: ((k >= 1959722) AND (k <= 1959822))

table 4 : explain SELECT k, c FROM sbtest4 WHERE k BETWEEN 1959722 AND 1959822
	Bitmap Heap Scan on sbtest4  (cost=5.41..381.49 rows=95 width=125)
	  Recheck Cond: ((k >= 1959722) AND (k <= 1959822))
	  ->  Bitmap Index Scan on k_4  (cost=0.00..5.38 rows=95 width=0)
	        Index Cond: ((k >= 1959722) AND (k <= 1959822))

table 5 : explain SELECT k, c FROM sbtest5 WHERE k BETWEEN 1959722 AND 1959822
	Bitmap Heap Scan on sbtest5  (cost=5.58..448.42 rows=112 width=125)
	  Recheck Cond: ((k >= 1959722) AND (k <= 1959822))
	  ->  Bitmap Index Scan on k_5  (cost=0.00..5.55 rows=112 width=0)
	        Index Cond: ((k >= 1959722) AND (k <= 1959822))

table 6 : explain SELECT k, c FROM sbtest6 WHERE k BETWEEN 1959722 AND 1959822
	Bitmap Heap Scan on sbtest6  (cost=5.50..416.94 rows=104 width=125)
	  Recheck Cond: ((k >= 1959722) AND (k <= 1959822))
	  ->  Bitmap Index Scan on k_6  (cost=0.00..5.47 rows=104 width=0)
	        Index Cond: ((k >= 1959722) AND (k <= 1959822))

table 7 : explain SELECT k, c FROM sbtest7 WHERE k BETWEEN 1959722 AND 1959822
	Bitmap Heap Scan on sbtest7  (cost=5.47..405.13 rows=101 width=125)
	  Recheck Cond: ((k >= 1959722) AND (k <= 1959822))
	  ->  Bitmap Index Scan on k_7  (cost=0.00..5.44 rows=101 width=0)
	        Index Cond: ((k >= 1959722) AND (k <= 1959822))

table 8 : explain SELECT k, c FROM sbtest8 WHERE k BETWEEN 1959722 AND 1959822
	Bitmap Heap Scan on sbtest8  (cost=5.50..416.94 rows=104 width=125)
	  Recheck Cond: ((k >= 1959722) AND (k <= 1959822))
	  ->  Bitmap Index Scan on k_8  (cost=0.00..5.47 rows=104 width=0)
	        Index Cond: ((k >= 1959722) AND (k <= 1959822))

explain: for range-notcovered :: explain SELECT k, c FROM sbtest%d WHERE k BETWEEN 5827416 AND 5827516
explain: for range-notcovered :: explain SELECT k, c FROM sbtest%d WHERE k BETWEEN 8563729 AND 8563829
for range-notcovered
table 1 : explain SELECT k, c FROM sbtest1 WHERE k BETWEEN 4136690 AND 4136790
	Bitmap Heap Scan on sbtest1  (cost=5.45..397.25 rows=99 width=125)
	  Recheck Cond: ((k >= 4136690) AND (k <= 4136790))
	  ->  Bitmap Index Scan on k_1  (cost=0.00..5.42 rows=99 width=0)
	        Index Cond: ((k >= 4136690) AND (k <= 4136790))

table 2 : explain SELECT k, c FROM sbtest2 WHERE k BETWEEN 4136690 AND 4136790
	Bitmap Heap Scan on sbtest2  (cost=5.47..405.13 rows=101 width=125)
	  Recheck Cond: ((k >= 4136690) AND (k <= 4136790))
	  ->  Bitmap Index Scan on k_2  (cost=0.00..5.44 rows=101 width=0)
	        Index Cond: ((k >= 4136690) AND (k <= 4136790))

table 3 : explain SELECT k, c FROM sbtest3 WHERE k BETWEEN 4136690 AND 4136790
	Bitmap Heap Scan on sbtest3  (cost=5.46..401.19 rows=100 width=125)
	  Recheck Cond: ((k >= 4136690) AND (k <= 4136790))
	  ->  Bitmap Index Scan on k_3  (cost=0.00..5.43 rows=100 width=0)
	        Index Cond: ((k >= 4136690) AND (k <= 4136790))

table 4 : explain SELECT k, c FROM sbtest4 WHERE k BETWEEN 4136690 AND 4136790
	Bitmap Heap Scan on sbtest4  (cost=5.55..436.62 rows=109 width=125)
	  Recheck Cond: ((k >= 4136690) AND (k <= 4136790))
	  ->  Bitmap Index Scan on k_4  (cost=0.00..5.52 rows=109 width=0)
	        Index Cond: ((k >= 4136690) AND (k <= 4136790))

table 5 : explain SELECT k, c FROM sbtest5 WHERE k BETWEEN 4136690 AND 4136790
	Bitmap Heap Scan on sbtest5  (cost=5.49..413.00 rows=103 width=125)
	  Recheck Cond: ((k >= 4136690) AND (k <= 4136790))
	  ->  Bitmap Index Scan on k_5  (cost=0.00..5.46 rows=103 width=0)
	        Index Cond: ((k >= 4136690) AND (k <= 4136790))

table 6 : explain SELECT k, c FROM sbtest6 WHERE k BETWEEN 4136690 AND 4136790
	Bitmap Heap Scan on sbtest6  (cost=5.48..409.07 rows=102 width=125)
	  Recheck Cond: ((k >= 4136690) AND (k <= 4136790))
	  ->  Bitmap Index Scan on k_6  (cost=0.00..5.45 rows=102 width=0)
	        Index Cond: ((k >= 4136690) AND (k <= 4136790))

table 7 : explain SELECT k, c FROM sbtest7 WHERE k BETWEEN 4136690 AND 4136790
	Bitmap Heap Scan on sbtest7  (cost=5.60..456.29 rows=114 width=125)
	  Recheck Cond: ((k >= 4136690) AND (k <= 4136790))
	  ->  Bitmap Index Scan on k_7  (cost=0.00..5.58 rows=114 width=0)
	        Index Cond: ((k >= 4136690) AND (k <= 4136790))

table 8 : explain SELECT k, c FROM sbtest8 WHERE k BETWEEN 4136690 AND 4136790
	Bitmap Heap Scan on sbtest8  (cost=5.42..385.43 rows=96 width=125)
	  Recheck Cond: ((k >= 4136690) AND (k <= 4136790))
	  ->  Bitmap Index Scan on k_8  (cost=0.00..5.39 rows=96 width=0)
	        Index Cond: ((k >= 4136690) AND (k <= 4136790))

explain: for range-notcovered :: explain SELECT k, c FROM sbtest%d WHERE k BETWEEN 1959722 AND 1959822
explain: for range-notcovered :: explain SELECT k, c FROM sbtest%d WHERE k BETWEEN 4136690 AND 4136790
for range-notcovered
table 1 : explain SELECT k, c FROM sbtest1 WHERE k BETWEEN 2123299 AND 2123399
	Bitmap Heap Scan on sbtest1  (cost=5.53..428.75 rows=107 width=125)
	  Recheck Cond: ((k >= 2123299) AND (k <= 2123399))
	  ->  Bitmap Index Scan on k_1  (cost=0.00..5.50 rows=107 width=0)
	        Index Cond: ((k >= 2123299) AND (k <= 2123399))

table 2 : explain SELECT k, c FROM sbtest2 WHERE k BETWEEN 2123299 AND 2123399
	Bitmap Heap Scan on sbtest2  (cost=5.45..397.25 rows=99 width=125)
	  Recheck Cond: ((k >= 2123299) AND (k <= 2123399))
	  ->  Bitmap Index Scan on k_2  (cost=0.00..5.42 rows=99 width=0)
	        Index Cond: ((k >= 2123299) AND (k <= 2123399))

table 3 : explain SELECT k, c FROM sbtest3 WHERE k BETWEEN 2123299 AND 2123399
	Bitmap Heap Scan on sbtest3  (cost=5.48..409.07 rows=102 width=125)
	  Recheck Cond: ((k >= 2123299) AND (k <= 2123399))
	  ->  Bitmap Index Scan on k_3  (cost=0.00..5.45 rows=102 width=0)
	        Index Cond: ((k >= 2123299) AND (k <= 2123399))

table 4 : explain SELECT k, c FROM sbtest4 WHERE k BETWEEN 2123299 AND 2123399
	Bitmap Heap Scan on sbtest4  (cost=5.47..405.13 rows=101 width=125)
	  Recheck Cond: ((k >= 2123299) AND (k <= 2123399))
	  ->  Bitmap Index Scan on k_4  (cost=0.00..5.44 rows=101 width=0)
	        Index Cond: ((k >= 2123299) AND (k <= 2123399))

table 5 : explain SELECT k, c FROM sbtest5 WHERE k BETWEEN 2123299 AND 2123399
	Bitmap Heap Scan on sbtest5  (cost=5.57..444.49 rows=111 width=125)
	  Recheck Cond: ((k >= 2123299) AND (k <= 2123399))
	  ->  Bitmap Index Scan on k_5  (cost=0.00..5.54 rows=111 width=0)
	        Index Cond: ((k >= 2123299) AND (k <= 2123399))

table 6 : explain SELECT k, c FROM sbtest6 WHERE k BETWEEN 2123299 AND 2123399
	Bitmap Heap Scan on sbtest6  (cost=5.45..397.25 rows=99 width=125)
	  Recheck Cond: ((k >= 2123299) AND (k <= 2123399))
	  ->  Bitmap Index Scan on k_6  (cost=0.00..5.42 rows=99 width=0)
	        Index Cond: ((k >= 2123299) AND (k <= 2123399))

table 7 : explain SELECT k, c FROM sbtest7 WHERE k BETWEEN 2123299 AND 2123399
	Bitmap Heap Scan on sbtest7  (cost=5.51..420.88 rows=105 width=125)
	  Recheck Cond: ((k >= 2123299) AND (k <= 2123399))
	  ->  Bitmap Index Scan on k_7  (cost=0.00..5.48 rows=105 width=0)
	        Index Cond: ((k >= 2123299) AND (k <= 2123399))

table 8 : explain SELECT k, c FROM sbtest8 WHERE k BETWEEN 2123299 AND 2123399
	Bitmap Heap Scan on sbtest8  (cost=5.50..416.94 rows=104 width=125)
	  Recheck Cond: ((k >= 2123299) AND (k <= 2123399))
	  ->  Bitmap Index Scan on k_8  (cost=0.00..5.47 rows=104 width=0)
	        Index Cond: ((k >= 2123299) AND (k <= 2123399))

for range-notcovered
table 1 : explain SELECT k, c FROM sbtest1 WHERE k BETWEEN 4258902 AND 4259002
	Bitmap Heap Scan on sbtest1  (cost=5.50..416.94 rows=104 width=125)
	  Recheck Cond: ((k >= 4258902) AND (k <= 4259002))
	  ->  Bitmap Index Scan on k_1  (cost=0.00..5.47 rows=104 width=0)
	        Index Cond: ((k >= 4258902) AND (k <= 4259002))

table 2 : explain SELECT k, c FROM sbtest2 WHERE k BETWEEN 4258902 AND 4259002
	Bitmap Heap Scan on sbtest2  (cost=5.49..413.00 rows=103 width=125)
	  Recheck Cond: ((k >= 4258902) AND (k <= 4259002))
	  ->  Bitmap Index Scan on k_2  (cost=0.00..5.46 rows=103 width=0)
	        Index Cond: ((k >= 4258902) AND (k <= 4259002))

table 3 : explain SELECT k, c FROM sbtest3 WHERE k BETWEEN 4258902 AND 4259002
	Bitmap Heap Scan on sbtest3  (cost=5.44..393.31 rows=98 width=125)
	  Recheck Cond: ((k >= 4258902) AND (k <= 4259002))
	  ->  Bitmap Index Scan on k_3  (cost=0.00..5.42 rows=98 width=0)
	        Index Cond: ((k >= 4258902) AND (k <= 4259002))

table 4 : explain SELECT k, c FROM sbtest4 WHERE k BETWEEN 4258902 AND 4259002
	Bitmap Heap Scan on sbtest4  (cost=5.40..377.55 rows=94 width=125)
	  Recheck Cond: ((k >= 4258902) AND (k <= 4259002))
	  ->  Bitmap Index Scan on k_4  (cost=0.00..5.38 rows=94 width=0)
	        Index Cond: ((k >= 4258902) AND (k <= 4259002))

table 5 : explain SELECT k, c FROM sbtest5 WHERE k BETWEEN 4258902 AND 4259002
	Bitmap Heap Scan on sbtest5  (cost=5.42..385.43 rows=96 width=125)
	  Recheck Cond: ((k >= 4258902) AND (k <= 4259002))
	  ->  Bitmap Index Scan on k_5  (cost=0.00..5.39 rows=96 width=0)
	        Index Cond: ((k >= 4258902) AND (k <= 4259002))

table 6 : explain SELECT k, c FROM sbtest6 WHERE k BETWEEN 4258902 AND 4259002
	Bitmap Heap Scan on sbtest6  (cost=5.44..393.31 rows=98 width=125)
	  Recheck Cond: ((k >= 4258902) AND (k <= 4259002))
	  ->  Bitmap Index Scan on k_6  (cost=0.00..5.42 rows=98 width=0)
	        Index Cond: ((k >= 4258902) AND (k <= 4259002))

table 7 : explain SELECT k, c FROM sbtest7 WHERE k BETWEEN 4258902 AND 4259002
	Bitmap Heap Scan on sbtest7  (cost=5.44..393.31 rows=98 width=125)
	  Recheck Cond: ((k >= 4258902) AND (k <= 4259002))
	  ->  Bitmap Index Scan on k_7  (cost=0.00..5.42 rows=98 width=0)
	        Index Cond: ((k >= 4258902) AND (k <= 4259002))

table 8 : explain SELECT k, c FROM sbtest8 WHERE k BETWEEN 4258902 AND 4259002
	Bitmap Heap Scan on sbtest8  (cost=5.54..432.69 rows=108 width=125)
	  Recheck Cond: ((k >= 4258902) AND (k <= 4259002))
	  ->  Bitmap Index Scan on k_8  (cost=0.00..5.51 rows=108 width=0)
	        Index Cond: ((k >= 4258902) AND (k <= 4259002))

explain: for range-notcovered :: explain SELECT k, c FROM sbtest%d WHERE k BETWEEN 4258902 AND 4259002
for range-notcovered
table 1 : explain SELECT k, c FROM sbtest1 WHERE k BETWEEN 5561678 AND 5561778
	Bitmap Heap Scan on sbtest1  (cost=5.57..444.49 rows=111 width=125)
	  Recheck Cond: ((k >= 5561678) AND (k <= 5561778))
	  ->  Bitmap Index Scan on k_1  (cost=0.00..5.54 rows=111 width=0)
	        Index Cond: ((k >= 5561678) AND (k <= 5561778))

table 2 : explain SELECT k, c FROM sbtest2 WHERE k BETWEEN 5561678 AND 5561778
	Bitmap Heap Scan on sbtest2  (cost=5.54..432.69 rows=108 width=125)
	  Recheck Cond: ((k >= 5561678) AND (k <= 5561778))
	  ->  Bitmap Index Scan on k_2  (cost=0.00..5.51 rows=108 width=0)
	        Index Cond: ((k >= 5561678) AND (k <= 5561778))

table 3 : explain SELECT k, c FROM sbtest3 WHERE k BETWEEN 5561678 AND 5561778
	Bitmap Heap Scan on sbtest3  (cost=5.51..420.88 rows=105 width=125)
	  Recheck Cond: ((k >= 5561678) AND (k <= 5561778))
	  ->  Bitmap Index Scan on k_3  (cost=0.00..5.48 rows=105 width=0)
	        Index Cond: ((k >= 5561678) AND (k <= 5561778))

table 4 : explain SELECT k, c FROM sbtest4 WHERE k BETWEEN 5561678 AND 5561778
	Bitmap Heap Scan on sbtest4  (cost=5.56..440.56 rows=110 width=125)
	  Recheck Cond: ((k >= 5561678) AND (k <= 5561778))
	  ->  Bitmap Index Scan on k_4  (cost=0.00..5.53 rows=110 width=0)
	        Index Cond: ((k >= 5561678) AND (k <= 5561778))

table 5 : explain SELECT k, c FROM sbtest5 WHERE k BETWEEN 5561678 AND 5561778
	Bitmap Heap Scan on sbtest5  (cost=5.53..428.75 rows=107 width=125)
	  Recheck Cond: ((k >= 5561678) AND (k <= 5561778))
	  ->  Bitmap Index Scan on k_5  (cost=0.00..5.50 rows=107 width=0)
	        Index Cond: ((k >= 5561678) AND (k <= 5561778))

table 6 : explain SELECT k, c FROM sbtest6 WHERE k BETWEEN 5561678 AND 5561778
	Bitmap Heap Scan on sbtest6  (cost=5.51..420.88 rows=105 width=125)
	  Recheck Cond: ((k >= 5561678) AND (k <= 5561778))
	  ->  Bitmap Index Scan on k_6  (cost=0.00..5.48 rows=105 width=0)
	        Index Cond: ((k >= 5561678) AND (k <= 5561778))

table 7 : explain SELECT k, c FROM sbtest7 WHERE k BETWEEN 5561678 AND 5561778
	Bitmap Heap Scan on sbtest7  (cost=5.56..440.56 rows=110 width=125)
	  Recheck Cond: ((k >= 5561678) AND (k <= 5561778))
	  ->  Bitmap Index Scan on k_7  (cost=0.00..5.53 rows=110 width=0)
	        Index Cond: ((k >= 5561678) AND (k <= 5561778))

table 8 : explain SELECT k, c FROM sbtest8 WHERE k BETWEEN 5561678 AND 5561778
	Bitmap Heap Scan on sbtest8  (cost=5.46..401.19 rows=100 width=125)
	  Recheck Cond: ((k >= 5561678) AND (k <= 5561778))
	  ->  Bitmap Index Scan on k_8  (cost=0.00..5.43 rows=100 width=0)
	        Index Cond: ((k >= 5561678) AND (k <= 5561778))
explain: for range-notcovered :: explain SELECT k, c FROM sbtest%d WHERE k BETWEEN 2123299 AND 2123399

explain: for range-notcovered :: explain SELECT k, c FROM sbtest%d WHERE k BETWEEN 5561678 AND 5561778
for range-notcovered
table 1 : explain SELECT k, c FROM sbtest1 WHERE k BETWEEN 5827416 AND 5827516
	Bitmap Heap Scan on sbtest1  (cost=5.47..405.13 rows=101 width=125)
	  Recheck Cond: ((k >= 5827416) AND (k <= 5827516))
	  ->  Bitmap Index Scan on k_1  (cost=0.00..5.44 rows=101 width=0)
	        Index Cond: ((k >= 5827416) AND (k <= 5827516))

table 2 : explain SELECT k, c FROM sbtest2 WHERE k BETWEEN 5827416 AND 5827516
	Bitmap Heap Scan on sbtest2  (cost=5.51..420.88 rows=105 width=125)
	  Recheck Cond: ((k >= 5827416) AND (k <= 5827516))
	  ->  Bitmap Index Scan on k_2  (cost=0.00..5.48 rows=105 width=0)
	        Index Cond: ((k >= 5827416) AND (k <= 5827516))

table 3 : explain SELECT k, c FROM sbtest3 WHERE k BETWEEN 5827416 AND 5827516
	Bitmap Heap Scan on sbtest3  (cost=5.42..385.43 rows=96 width=125)
	  Recheck Cond: ((k >= 5827416) AND (k <= 5827516))
	  ->  Bitmap Index Scan on k_3  (cost=0.00..5.39 rows=96 width=0)
	        Index Cond: ((k >= 5827416) AND (k <= 5827516))

table 4 : explain SELECT k, c FROM sbtest4 WHERE k BETWEEN 5827416 AND 5827516
	Bitmap Heap Scan on sbtest4  (cost=5.46..401.19 rows=100 width=125)
	  Recheck Cond: ((k >= 5827416) AND (k <= 5827516))
	  ->  Bitmap Index Scan on k_4  (cost=0.00..5.43 rows=100 width=0)
	        Index Cond: ((k >= 5827416) AND (k <= 5827516))

table 5 : explain SELECT k, c FROM sbtest5 WHERE k BETWEEN 5827416 AND 5827516
	Bitmap Heap Scan on sbtest5  (cost=5.41..381.49 rows=95 width=125)
	  Recheck Cond: ((k >= 5827416) AND (k <= 5827516))
	  ->  Bitmap Index Scan on k_5  (cost=0.00..5.38 rows=95 width=0)
	        Index Cond: ((k >= 5827416) AND (k <= 5827516))

table 6 : explain SELECT k, c FROM sbtest6 WHERE k BETWEEN 5827416 AND 5827516
	Bitmap Heap Scan on sbtest6  (cost=5.44..393.31 rows=98 width=125)
	  Recheck Cond: ((k >= 5827416) AND (k <= 5827516))
	  ->  Bitmap Index Scan on k_6  (cost=0.00..5.42 rows=98 width=0)
	        Index Cond: ((k >= 5827416) AND (k <= 5827516))

table 7 : explain SELECT k, c FROM sbtest7 WHERE k BETWEEN 5827416 AND 5827516
	Bitmap Heap Scan on sbtest7  (cost=5.46..401.19 rows=100 width=125)
	  Recheck Cond: ((k >= 5827416) AND (k <= 5827516))
	  ->  Bitmap Index Scan on k_7  (cost=0.00..5.43 rows=100 width=0)
	        Index Cond: ((k >= 5827416) AND (k <= 5827516))

table 8 : explain SELECT k, c FROM sbtest8 WHERE k BETWEEN 5827416 AND 5827516
	Bitmap Heap Scan on sbtest8  (cost=5.52..424.81 rows=106 width=125)
	  Recheck Cond: ((k >= 5827416) AND (k <= 5827516))
	  ->  Bitmap Index Scan on k_8  (cost=0.00..5.50 rows=106 width=0)
	        Index Cond: ((k >= 5827416) AND (k <= 5827516))

for range-notcovered
table 1 : explain SELECT k, c FROM sbtest1 WHERE k BETWEEN 8563729 AND 8563829
	Bitmap Heap Scan on sbtest1  (cost=5.48..409.07 rows=102 width=125)
	  Recheck Cond: ((k >= 8563729) AND (k <= 8563829))
	  ->  Bitmap Index Scan on k_1  (cost=0.00..5.45 rows=102 width=0)
	        Index Cond: ((k >= 8563729) AND (k <= 8563829))

table 2 : explain SELECT k, c FROM sbtest2 WHERE k BETWEEN 8563729 AND 8563829
	Bitmap Heap Scan on sbtest2  (cost=5.50..416.94 rows=104 width=125)
	  Recheck Cond: ((k >= 8563729) AND (k <= 8563829))
	  ->  Bitmap Index Scan on k_2  (cost=0.00..5.47 rows=104 width=0)
	        Index Cond: ((k >= 8563729) AND (k <= 8563829))

table 3 : explain SELECT k, c FROM sbtest3 WHERE k BETWEEN 8563729 AND 8563829
	Bitmap Heap Scan on sbtest3  (cost=5.55..436.62 rows=109 width=125)
	  Recheck Cond: ((k >= 8563729) AND (k <= 8563829))
	  ->  Bitmap Index Scan on k_3  (cost=0.00..5.52 rows=109 width=0)
	        Index Cond: ((k >= 8563729) AND (k <= 8563829))

table 4 : explain SELECT k, c FROM sbtest4 WHERE k BETWEEN 8563729 AND 8563829
	Bitmap Heap Scan on sbtest4  (cost=5.60..456.29 rows=114 width=125)
	  Recheck Cond: ((k >= 8563729) AND (k <= 8563829))
	  ->  Bitmap Index Scan on k_4  (cost=0.00..5.58 rows=114 width=0)
	        Index Cond: ((k >= 8563729) AND (k <= 8563829))

table 5 : explain SELECT k, c FROM sbtest5 WHERE k BETWEEN 8563729 AND 8563829
	Bitmap Heap Scan on sbtest5  (cost=5.56..440.56 rows=110 width=125)
	  Recheck Cond: ((k >= 8563729) AND (k <= 8563829))
	  ->  Bitmap Index Scan on k_5  (cost=0.00..5.53 rows=110 width=0)
	        Index Cond: ((k >= 8563729) AND (k <= 8563829))

table 6 : explain SELECT k, c FROM sbtest6 WHERE k BETWEEN 8563729 AND 8563829
	Bitmap Heap Scan on sbtest6  (cost=5.49..413.00 rows=103 width=125)
	  Recheck Cond: ((k >= 8563729) AND (k <= 8563829))
	  ->  Bitmap Index Scan on k_6  (cost=0.00..5.46 rows=103 width=0)
	        Index Cond: ((k >= 8563729) AND (k <= 8563829))

table 7 : explain SELECT k, c FROM sbtest7 WHERE k BETWEEN 8563729 AND 8563829
	Bitmap Heap Scan on sbtest7  (cost=5.54..432.69 rows=108 width=125)
	  Recheck Cond: ((k >= 8563729) AND (k <= 8563829))
	  ->  Bitmap Index Scan on k_7  (cost=0.00..5.51 rows=108 width=0)
	        Index Cond: ((k >= 8563729) AND (k <= 8563829))

table 8 : explain SELECT k, c FROM sbtest8 WHERE k BETWEEN 8563729 AND 8563829
	Bitmap Heap Scan on sbtest8  (cost=5.58..448.42 rows=112 width=125)
	  Recheck Cond: ((k >= 8563729) AND (k <= 8563829))
	  ->  Bitmap Index Scan on k_8  (cost=0.00..5.55 rows=112 width=0)
	        Index Cond: ((k >= 8563729) AND (k <= 8563829))

for range-notcovered
table 1 : explain SELECT k, c FROM sbtest1 WHERE k BETWEEN 1959722 AND 1959822
	Bitmap Heap Scan on sbtest1  (cost=5.56..440.56 rows=110 width=125)
	  Recheck Cond: ((k >= 1959722) AND (k <= 1959822))
	  ->  Bitmap Index Scan on k_1  (cost=0.00..5.53 rows=110 width=0)
	        Index Cond: ((k >= 1959722) AND (k <= 1959822))

table 2 : explain SELECT k, c FROM sbtest2 WHERE k BETWEEN 1959722 AND 1959822
	Bitmap Heap Scan on sbtest2  (cost=5.58..448.42 rows=112 width=125)
	  Recheck Cond: ((k >= 1959722) AND (k <= 1959822))
	  ->  Bitmap Index Scan on k_2  (cost=0.00..5.55 rows=112 width=0)
	        Index Cond: ((k >= 1959722) AND (k <= 1959822))

table 3 : explain SELECT k, c FROM sbtest3 WHERE k BETWEEN 1959722 AND 1959822
	Bitmap Heap Scan on sbtest3  (cost=5.45..397.25 rows=99 width=125)
	  Recheck Cond: ((k >= 1959722) AND (k <= 1959822))
	  ->  Bitmap Index Scan on k_3  (cost=0.00..5.42 rows=99 width=0)
	        Index Cond: ((k >= 1959722) AND (k <= 1959822))

table 4 : explain SELECT k, c FROM sbtest4 WHERE k BETWEEN 1959722 AND 1959822
	Bitmap Heap Scan on sbtest4  (cost=5.41..381.49 rows=95 width=125)
	  Recheck Cond: ((k >= 1959722) AND (k <= 1959822))
	  ->  Bitmap Index Scan on k_4  (cost=0.00..5.38 rows=95 width=0)
	        Index Cond: ((k >= 1959722) AND (k <= 1959822))

table 5 : explain SELECT k, c FROM sbtest5 WHERE k BETWEEN 1959722 AND 1959822
	Bitmap Heap Scan on sbtest5  (cost=5.58..448.42 rows=112 width=125)
	  Recheck Cond: ((k >= 1959722) AND (k <= 1959822))
	  ->  Bitmap Index Scan on k_5  (cost=0.00..5.55 rows=112 width=0)
	        Index Cond: ((k >= 1959722) AND (k <= 1959822))

table 6 : explain SELECT k, c FROM sbtest6 WHERE k BETWEEN 1959722 AND 1959822
	Bitmap Heap Scan on sbtest6  (cost=5.50..416.94 rows=104 width=125)
	  Recheck Cond: ((k >= 1959722) AND (k <= 1959822))
	  ->  Bitmap Index Scan on k_6  (cost=0.00..5.47 rows=104 width=0)
	        Index Cond: ((k >= 1959722) AND (k <= 1959822))

table 7 : explain SELECT k, c FROM sbtest7 WHERE k BETWEEN 1959722 AND 1959822
	Bitmap Heap Scan on sbtest7  (cost=5.47..405.13 rows=101 width=125)
	  Recheck Cond: ((k >= 1959722) AND (k <= 1959822))
	  ->  Bitmap Index Scan on k_7  (cost=0.00..5.44 rows=101 width=0)
	        Index Cond: ((k >= 1959722) AND (k <= 1959822))

table 8 : explain SELECT k, c FROM sbtest8 WHERE k BETWEEN 1959722 AND 1959822
	Bitmap Heap Scan on sbtest8  (cost=5.50..416.94 rows=104 width=125)
	  Recheck Cond: ((k >= 1959722) AND (k <= 1959822))
	  ->  Bitmap Index Scan on k_8  (cost=0.00..5.47 rows=104 width=0)
	        Index Cond: ((k >= 1959722) AND (k <= 1959822))

explain: for range-notcovered :: explain SELECT k, c FROM sbtest%d WHERE k BETWEEN 8563729 AND 8563829
explain: for range-notcovered :: explain SELECT k, c FROM sbtest%d WHERE k BETWEEN 5827416 AND 5827516
for range-notcovered
table 1 : explain SELECT k, c FROM sbtest1 WHERE k BETWEEN 4258902 AND 4259002
	Bitmap Heap Scan on sbtest1  (cost=5.50..416.94 rows=104 width=125)
	  Recheck Cond: ((k >= 4258902) AND (k <= 4259002))
	  ->  Bitmap Index Scan on k_1  (cost=0.00..5.47 rows=104 width=0)
	        Index Cond: ((k >= 4258902) AND (k <= 4259002))

table 2 : explain SELECT k, c FROM sbtest2 WHERE k BETWEEN 4258902 AND 4259002
	Bitmap Heap Scan on sbtest2  (cost=5.49..413.00 rows=103 width=125)
	  Recheck Cond: ((k >= 4258902) AND (k <= 4259002))
	  ->  Bitmap Index Scan on k_2  (cost=0.00..5.46 rows=103 width=0)
	        Index Cond: ((k >= 4258902) AND (k <= 4259002))

table 3 : explain SELECT k, c FROM sbtest3 WHERE k BETWEEN 4258902 AND 4259002
	Bitmap Heap Scan on sbtest3  (cost=5.44..393.31 rows=98 width=125)
	  Recheck Cond: ((k >= 4258902) AND (k <= 4259002))
	  ->  Bitmap Index Scan on k_3  (cost=0.00..5.42 rows=98 width=0)
	        Index Cond: ((k >= 4258902) AND (k <= 4259002))

table 4 : explain SELECT k, c FROM sbtest4 WHERE k BETWEEN 4258902 AND 4259002
	Bitmap Heap Scan on sbtest4  (cost=5.40..377.55 rows=94 width=125)
	  Recheck Cond: ((k >= 4258902) AND (k <= 4259002))
	  ->  Bitmap Index Scan on k_4  (cost=0.00..5.38 rows=94 width=0)
	        Index Cond: ((k >= 4258902) AND (k <= 4259002))

table 5 : explain SELECT k, c FROM sbtest5 WHERE k BETWEEN 4258902 AND 4259002
	Bitmap Heap Scan on sbtest5  (cost=5.42..385.43 rows=96 width=125)
	  Recheck Cond: ((k >= 4258902) AND (k <= 4259002))
	  ->  Bitmap Index Scan on k_5  (cost=0.00..5.39 rows=96 width=0)
	        Index Cond: ((k >= 4258902) AND (k <= 4259002))

table 6 : explain SELECT k, c FROM sbtest6 WHERE k BETWEEN 4258902 AND 4259002
	Bitmap Heap Scan on sbtest6  (cost=5.44..393.31 rows=98 width=125)
	  Recheck Cond: ((k >= 4258902) AND (k <= 4259002))
	  ->  Bitmap Index Scan on k_6  (cost=0.00..5.42 rows=98 width=0)
	        Index Cond: ((k >= 4258902) AND (k <= 4259002))

table 7 : explain SELECT k, c FROM sbtest7 WHERE k BETWEEN 4258902 AND 4259002
	Bitmap Heap Scan on sbtest7  (cost=5.44..393.31 rows=98 width=125)
	  Recheck Cond: ((k >= 4258902) AND (k <= 4259002))
	  ->  Bitmap Index Scan on k_7  (cost=0.00..5.42 rows=98 width=0)
	        Index Cond: ((k >= 4258902) AND (k <= 4259002))

table 8 : explain SELECT k, c FROM sbtest8 WHERE k BETWEEN 4258902 AND 4259002
	Bitmap Heap Scan on sbtest8  (cost=5.54..432.69 rows=108 width=125)
	  Recheck Cond: ((k >= 4258902) AND (k <= 4259002))
	  ->  Bitmap Index Scan on k_8  (cost=0.00..5.51 rows=108 width=0)
	        Index Cond: ((k >= 4258902) AND (k <= 4259002))

explain: for range-notcovered :: explain SELECT k, c FROM sbtest%d WHERE k BETWEEN 4258902 AND 4259002
for range-notcovered
table 1 : explain SELECT k, c FROM sbtest1 WHERE k BETWEEN 5561678 AND 5561778
	Bitmap Heap Scan on sbtest1  (cost=5.57..444.49 rows=111 width=125)
	  Recheck Cond: ((k >= 5561678) AND (k <= 5561778))
	  ->  Bitmap Index Scan on k_1  (cost=0.00..5.54 rows=111 width=0)
	        Index Cond: ((k >= 5561678) AND (k <= 5561778))

table 2 : explain SELECT k, c FROM sbtest2 WHERE k BETWEEN 5561678 AND 5561778
	Bitmap Heap Scan on sbtest2  (cost=5.54..432.69 rows=108 width=125)
	  Recheck Cond: ((k >= 5561678) AND (k <= 5561778))
	  ->  Bitmap Index Scan on k_2  (cost=0.00..5.51 rows=108 width=0)
	        Index Cond: ((k >= 5561678) AND (k <= 5561778))

table 3 : explain SELECT k, c FROM sbtest3 WHERE k BETWEEN 5561678 AND 5561778
	Bitmap Heap Scan on sbtest3  (cost=5.51..420.88 rows=105 width=125)
	  Recheck Cond: ((k >= 5561678) AND (k <= 5561778))
	  ->  Bitmap Index Scan on k_3  (cost=0.00..5.48 rows=105 width=0)
	        Index Cond: ((k >= 5561678) AND (k <= 5561778))

table 4 : explain SELECT k, c FROM sbtest4 WHERE k BETWEEN 5561678 AND 5561778
	Bitmap Heap Scan on sbtest4  (cost=5.56..440.56 rows=110 width=125)
	  Recheck Cond: ((k >= 5561678) AND (k <= 5561778))
	  ->  Bitmap Index Scan on k_4  (cost=0.00..5.53 rows=110 width=0)
	        Index Cond: ((k >= 5561678) AND (k <= 5561778))

table 5 : explain SELECT k, c FROM sbtest5 WHERE k BETWEEN 5561678 AND 5561778
	Bitmap Heap Scan on sbtest5  (cost=5.53..428.75 rows=107 width=125)
	  Recheck Cond: ((k >= 5561678) AND (k <= 5561778))
	  ->  Bitmap Index Scan on k_5  (cost=0.00..5.50 rows=107 width=0)
	        Index Cond: ((k >= 5561678) AND (k <= 5561778))

table 6 : explain SELECT k, c FROM sbtest6 WHERE k BETWEEN 5561678 AND 5561778
	Bitmap Heap Scan on sbtest6  (cost=5.51..420.88 rows=105 width=125)
	  Recheck Cond: ((k >= 5561678) AND (k <= 5561778))
	  ->  Bitmap Index Scan on k_6  (cost=0.00..5.48 rows=105 width=0)
	        Index Cond: ((k >= 5561678) AND (k <= 5561778))

table 7 : explain SELECT k, c FROM sbtest7 WHERE k BETWEEN 5561678 AND 5561778
	Bitmap Heap Scan on sbtest7  (cost=5.56..440.56 rows=110 width=125)
	  Recheck Cond: ((k >= 5561678) AND (k <= 5561778))
	  ->  Bitmap Index Scan on k_7  (cost=0.00..5.53 rows=110 width=0)
	        Index Cond: ((k >= 5561678) AND (k <= 5561778))

table 8 : explain SELECT k, c FROM sbtest8 WHERE k BETWEEN 5561678 AND 5561778
	Bitmap Heap Scan on sbtest8  (cost=5.46..401.19 rows=100 width=125)
	  Recheck Cond: ((k >= 5561678) AND (k <= 5561778))
	  ->  Bitmap Index Scan on k_8  (cost=0.00..5.43 rows=100 width=0)
	        Index Cond: ((k >= 5561678) AND (k <= 5561778))

for range-notcovered
table 1 : explain SELECT k, c FROM sbtest1 WHERE k BETWEEN 8563729 AND 8563829
	Bitmap Heap Scan on sbtest1  (cost=5.48..409.07 rows=102 width=125)
	  Recheck Cond: ((k >= 8563729) AND (k <= 8563829))
	  ->  Bitmap Index Scan on k_1  (cost=0.00..5.45 rows=102 width=0)
	        Index Cond: ((k >= 8563729) AND (k <= 8563829))

table 2 : explain SELECT k, c FROM sbtest2 WHERE k BETWEEN 8563729 AND 8563829
	Bitmap Heap Scan on sbtest2  (cost=5.50..416.94 rows=104 width=125)
	  Recheck Cond: ((k >= 8563729) AND (k <= 8563829))
	  ->  Bitmap Index Scan on k_2  (cost=0.00..5.47 rows=104 width=0)
	        Index Cond: ((k >= 8563729) AND (k <= 8563829))

table 3 : explain SELECT k, c FROM sbtest3 WHERE k BETWEEN 8563729 AND 8563829
	Bitmap Heap Scan on sbtest3  (cost=5.55..436.62 rows=109 width=125)
	  Recheck Cond: ((k >= 8563729) AND (k <= 8563829))
	  ->  Bitmap Index Scan on k_3  (cost=0.00..5.52 rows=109 width=0)
	        Index Cond: ((k >= 8563729) AND (k <= 8563829))

table 4 : explain SELECT k, c FROM sbtest4 WHERE k BETWEEN 8563729 AND 8563829
	Bitmap Heap Scan on sbtest4  (cost=5.60..456.29 rows=114 width=125)
	  Recheck Cond: ((k >= 8563729) AND (k <= 8563829))
	  ->  Bitmap Index Scan on k_4  (cost=0.00..5.58 rows=114 width=0)
	        Index Cond: ((k >= 8563729) AND (k <= 8563829))

table 5 : explain SELECT k, c FROM sbtest5 WHERE k BETWEEN 8563729 AND 8563829
	Bitmap Heap Scan on sbtest5  (cost=5.56..440.56 rows=110 width=125)
	  Recheck Cond: ((k >= 8563729) AND (k <= 8563829))
	  ->  Bitmap Index Scan on k_5  (cost=0.00..5.53 rows=110 width=0)
	        Index Cond: ((k >= 8563729) AND (k <= 8563829))

table 6 : explain SELECT k, c FROM sbtest6 WHERE k BETWEEN 8563729 AND 8563829
	Bitmap Heap Scan on sbtest6  (cost=5.49..413.00 rows=103 width=125)
	  Recheck Cond: ((k >= 8563729) AND (k <= 8563829))
	  ->  Bitmap Index Scan on k_6  (cost=0.00..5.46 rows=103 width=0)
	        Index Cond: ((k >= 8563729) AND (k <= 8563829))

table 7 : explain SELECT k, c FROM sbtest7 WHERE k BETWEEN 8563729 AND 8563829
	Bitmap Heap Scan on sbtest7  (cost=5.54..432.69 rows=108 width=125)
	  Recheck Cond: ((k >= 8563729) AND (k <= 8563829))
	  ->  Bitmap Index Scan on k_7  (cost=0.00..5.51 rows=108 width=0)
	        Index Cond: ((k >= 8563729) AND (k <= 8563829))

table 8 : explain SELECT k, c FROM sbtest8 WHERE k BETWEEN 8563729 AND 8563829
	Bitmap Heap Scan on sbtest8  (cost=5.58..448.42 rows=112 width=125)
	  Recheck Cond: ((k >= 8563729) AND (k <= 8563829))
	  ->  Bitmap Index Scan on k_8  (cost=0.00..5.55 rows=112 width=0)
	        Index Cond: ((k >= 8563729) AND (k <= 8563829))

for range-notcovered
table 1 : explain SELECT k, c FROM sbtest1 WHERE k BETWEEN 5827416 AND 5827516
	Bitmap Heap Scan on sbtest1  (cost=5.47..405.13 rows=101 width=125)
	  Recheck Cond: ((k >= 5827416) AND (k <= 5827516))
	  ->  Bitmap Index Scan on k_1  (cost=0.00..5.44 rows=101 width=0)
	        Index Cond: ((k >= 5827416) AND (k <= 5827516))

table 2 : explain SELECT k, c FROM sbtest2 WHERE k BETWEEN 5827416 AND 5827516
	Bitmap Heap Scan on sbtest2  (cost=5.51..420.88 rows=105 width=125)
	  Recheck Cond: ((k >= 5827416) AND (k <= 5827516))
	  ->  Bitmap Index Scan on k_2  (cost=0.00..5.48 rows=105 width=0)
	        Index Cond: ((k >= 5827416) AND (k <= 5827516))

table 3 : explain SELECT k, c FROM sbtest3 WHERE k BETWEEN 5827416 AND 5827516
	Bitmap Heap Scan on sbtest3  (cost=5.42..385.43 rows=96 width=125)
	  Recheck Cond: ((k >= 5827416) AND (k <= 5827516))
	  ->  Bitmap Index Scan on k_3  (cost=0.00..5.39 rows=96 width=0)
	        Index Cond: ((k >= 5827416) AND (k <= 5827516))

table 4 : explain SELECT k, c FROM sbtest4 WHERE k BETWEEN 5827416 AND 5827516
	Bitmap Heap Scan on sbtest4  (cost=5.46..401.19 rows=100 width=125)
	  Recheck Cond: ((k >= 5827416) AND (k <= 5827516))
	  ->  Bitmap Index Scan on k_4  (cost=0.00..5.43 rows=100 width=0)
	        Index Cond: ((k >= 5827416) AND (k <= 5827516))

table 5 : explain SELECT k, c FROM sbtest5 WHERE k BETWEEN 5827416 AND 5827516
	Bitmap Heap Scan on sbtest5  (cost=5.41..381.49 rows=95 width=125)
	  Recheck Cond: ((k >= 5827416) AND (k <= 5827516))
	  ->  Bitmap Index Scan on k_5  (cost=0.00..5.38 rows=95 width=0)
	        Index Cond: ((k >= 5827416) AND (k <= 5827516))

table 6 : explain SELECT k, c FROM sbtest6 WHERE k BETWEEN 5827416 AND 5827516
	Bitmap Heap Scan on sbtest6  (cost=5.44..393.31 rows=98 width=125)
	  Recheck Cond: ((k >= 5827416) AND (k <= 5827516))
	  ->  Bitmap Index Scan on k_6  (cost=0.00..5.42 rows=98 width=0)
	        Index Cond: ((k >= 5827416) AND (k <= 5827516))

table 7 : explain SELECT k, c FROM sbtest7 WHERE k BETWEEN 5827416 AND 5827516
	Bitmap Heap Scan on sbtest7  (cost=5.46..401.19 rows=100 width=125)
	  Recheck Cond: ((k >= 5827416) AND (k <= 5827516))
	  ->  Bitmap Index Scan on k_7  (cost=0.00..5.43 rows=100 width=0)
	        Index Cond: ((k >= 5827416) AND (k <= 5827516))

table 8 : explain SELECT k, c FROM sbtest8 WHERE k BETWEEN 5827416 AND 5827516
	Bitmap Heap Scan on sbtest8  (cost=5.52..424.81 rows=106 width=125)
	  Recheck Cond: ((k >= 5827416) AND (k <= 5827516))
	  ->  Bitmap Index Scan on k_8  (cost=0.00..5.50 rows=106 width=0)
	        Index Cond: ((k >= 5827416) AND (k <= 5827516))

explain: for range-notcovered :: explain SELECT k, c FROM sbtest%d WHERE k BETWEEN 8563729 AND 8563829
explain: for range-notcovered :: explain SELECT k, c FROM sbtest%d WHERE k BETWEEN 5827416 AND 5827516
for range-notcovered
table 1 : explain SELECT k, c FROM sbtest1 WHERE k BETWEEN 4136690 AND 4136790
	Bitmap Heap Scan on sbtest1  (cost=5.45..397.25 rows=99 width=125)
	  Recheck Cond: ((k >= 4136690) AND (k <= 4136790))
	  ->  Bitmap Index Scan on k_1  (cost=0.00..5.42 rows=99 width=0)
	        Index Cond: ((k >= 4136690) AND (k <= 4136790))

table 2 : explain SELECT k, c FROM sbtest2 WHERE k BETWEEN 4136690 AND 4136790
	Bitmap Heap Scan on sbtest2  (cost=5.47..405.13 rows=101 width=125)
	  Recheck Cond: ((k >= 4136690) AND (k <= 4136790))
	  ->  Bitmap Index Scan on k_2  (cost=0.00..5.44 rows=101 width=0)
	        Index Cond: ((k >= 4136690) AND (k <= 4136790))

table 3 : explain SELECT k, c FROM sbtest3 WHERE k BETWEEN 4136690 AND 4136790
	Bitmap Heap Scan on sbtest3  (cost=5.46..401.19 rows=100 width=125)
	  Recheck Cond: ((k >= 4136690) AND (k <= 4136790))
	  ->  Bitmap Index Scan on k_3  (cost=0.00..5.43 rows=100 width=0)
	        Index Cond: ((k >= 4136690) AND (k <= 4136790))

table 4 : explain SELECT k, c FROM sbtest4 WHERE k BETWEEN 4136690 AND 4136790
	Bitmap Heap Scan on sbtest4  (cost=5.55..436.62 rows=109 width=125)
	  Recheck Cond: ((k >= 4136690) AND (k <= 4136790))
	  ->  Bitmap Index Scan on k_4  (cost=0.00..5.52 rows=109 width=0)
	        Index Cond: ((k >= 4136690) AND (k <= 4136790))

table 5 : explain SELECT k, c FROM sbtest5 WHERE k BETWEEN 4136690 AND 4136790
	Bitmap Heap Scan on sbtest5  (cost=5.49..413.00 rows=103 width=125)
	  Recheck Cond: ((k >= 4136690) AND (k <= 4136790))
	  ->  Bitmap Index Scan on k_5  (cost=0.00..5.46 rows=103 width=0)
	        Index Cond: ((k >= 4136690) AND (k <= 4136790))

table 6 : explain SELECT k, c FROM sbtest6 WHERE k BETWEEN 4136690 AND 4136790
	Bitmap Heap Scan on sbtest6  (cost=5.48..409.07 rows=102 width=125)
	  Recheck Cond: ((k >= 4136690) AND (k <= 4136790))
	  ->  Bitmap Index Scan on k_6  (cost=0.00..5.45 rows=102 width=0)
	        Index Cond: ((k >= 4136690) AND (k <= 4136790))

table 7 : explain SELECT k, c FROM sbtest7 WHERE k BETWEEN 4136690 AND 4136790
	Bitmap Heap Scan on sbtest7  (cost=5.60..456.29 rows=114 width=125)
	  Recheck Cond: ((k >= 4136690) AND (k <= 4136790))
	  ->  Bitmap Index Scan on k_7  (cost=0.00..5.58 rows=114 width=0)
	        Index Cond: ((k >= 4136690) AND (k <= 4136790))

table 8 : explain SELECT k, c FROM sbtest8 WHERE k BETWEEN 4136690 AND 4136790
	Bitmap Heap Scan on sbtest8  (cost=5.42..385.43 rows=96 width=125)
	  Recheck Cond: ((k >= 4136690) AND (k <= 4136790))
	  ->  Bitmap Index Scan on k_8  (cost=0.00..5.39 rows=96 width=0)
	        Index Cond: ((k >= 4136690) AND (k <= 4136790))

explain: for range-notcovered :: explain SELECT k, c FROM sbtest%d WHERE k BETWEEN 4136690 AND 4136790
for range-notcovered
table 1 : explain SELECT k, c FROM sbtest1 WHERE k BETWEEN 4258902 AND 4259002
	Bitmap Heap Scan on sbtest1  (cost=5.50..416.94 rows=104 width=125)
	  Recheck Cond: ((k >= 4258902) AND (k <= 4259002))
	  ->  Bitmap Index Scan on k_1  (cost=0.00..5.47 rows=104 width=0)
	        Index Cond: ((k >= 4258902) AND (k <= 4259002))

table 2 : explain SELECT k, c FROM sbtest2 WHERE k BETWEEN 4258902 AND 4259002
	Bitmap Heap Scan on sbtest2  (cost=5.49..413.00 rows=103 width=125)
	  Recheck Cond: ((k >= 4258902) AND (k <= 4259002))
	  ->  Bitmap Index Scan on k_2  (cost=0.00..5.46 rows=103 width=0)
	        Index Cond: ((k >= 4258902) AND (k <= 4259002))

table 3 : explain SELECT k, c FROM sbtest3 WHERE k BETWEEN 4258902 AND 4259002
	Bitmap Heap Scan on sbtest3  (cost=5.44..393.31 rows=98 width=125)
	  Recheck Cond: ((k >= 4258902) AND (k <= 4259002))
	  ->  Bitmap Index Scan on k_3  (cost=0.00..5.42 rows=98 width=0)
	        Index Cond: ((k >= 4258902) AND (k <= 4259002))

table 4 : explain SELECT k, c FROM sbtest4 WHERE k BETWEEN 4258902 AND 4259002
	Bitmap Heap Scan on sbtest4  (cost=5.40..377.55 rows=94 width=125)
	  Recheck Cond: ((k >= 4258902) AND (k <= 4259002))
	  ->  Bitmap Index Scan on k_4  (cost=0.00..5.38 rows=94 width=0)
	        Index Cond: ((k >= 4258902) AND (k <= 4259002))

table 5 : explain SELECT k, c FROM sbtest5 WHERE k BETWEEN 4258902 AND 4259002
	Bitmap Heap Scan on sbtest5  (cost=5.42..385.43 rows=96 width=125)
	  Recheck Cond: ((k >= 4258902) AND (k <= 4259002))
	  ->  Bitmap Index Scan on k_5  (cost=0.00..5.39 rows=96 width=0)
	        Index Cond: ((k >= 4258902) AND (k <= 4259002))

table 6 : explain SELECT k, c FROM sbtest6 WHERE k BETWEEN 4258902 AND 4259002
	Bitmap Heap Scan on sbtest6  (cost=5.44..393.31 rows=98 width=125)
	  Recheck Cond: ((k >= 4258902) AND (k <= 4259002))
	  ->  Bitmap Index Scan on k_6  (cost=0.00..5.42 rows=98 width=0)
	        Index Cond: ((k >= 4258902) AND (k <= 4259002))

table 7 : explain SELECT k, c FROM sbtest7 WHERE k BETWEEN 4258902 AND 4259002
	Bitmap Heap Scan on sbtest7  (cost=5.44..393.31 rows=98 width=125)
	  Recheck Cond: ((k >= 4258902) AND (k <= 4259002))
	  ->  Bitmap Index Scan on k_7  (cost=0.00..5.42 rows=98 width=0)
	        Index Cond: ((k >= 4258902) AND (k <= 4259002))

table 8 : explain SELECT k, c FROM sbtest8 WHERE k BETWEEN 4258902 AND 4259002
	Bitmap Heap Scan on sbtest8  (cost=5.54..432.69 rows=108 width=125)
	  Recheck Cond: ((k >= 4258902) AND (k <= 4259002))
	  ->  Bitmap Index Scan on k_8  (cost=0.00..5.51 rows=108 width=0)
	        Index Cond: ((k >= 4258902) AND (k <= 4259002))

explain: for range-notcovered :: explain SELECT k, c FROM sbtest%d WHERE k BETWEEN 4258902 AND 4259002
for range-notcovered
table 1 : explain SELECT k, c FROM sbtest1 WHERE k BETWEEN 2123299 AND 2123399
	Bitmap Heap Scan on sbtest1  (cost=5.53..428.75 rows=107 width=125)
	  Recheck Cond: ((k >= 2123299) AND (k <= 2123399))
	  ->  Bitmap Index Scan on k_1  (cost=0.00..5.50 rows=107 width=0)
	        Index Cond: ((k >= 2123299) AND (k <= 2123399))

table 2 : explain SELECT k, c FROM sbtest2 WHERE k BETWEEN 2123299 AND 2123399
	Bitmap Heap Scan on sbtest2  (cost=5.45..397.25 rows=99 width=125)
	  Recheck Cond: ((k >= 2123299) AND (k <= 2123399))
	  ->  Bitmap Index Scan on k_2  (cost=0.00..5.42 rows=99 width=0)
	        Index Cond: ((k >= 2123299) AND (k <= 2123399))

table 3 : explain SELECT k, c FROM sbtest3 WHERE k BETWEEN 2123299 AND 2123399
	Bitmap Heap Scan on sbtest3  (cost=5.48..409.07 rows=102 width=125)
	  Recheck Cond: ((k >= 2123299) AND (k <= 2123399))
	  ->  Bitmap Index Scan on k_3  (cost=0.00..5.45 rows=102 width=0)
	        Index Cond: ((k >= 2123299) AND (k <= 2123399))

table 4 : explain SELECT k, c FROM sbtest4 WHERE k BETWEEN 2123299 AND 2123399
	Bitmap Heap Scan on sbtest4  (cost=5.47..405.13 rows=101 width=125)
	  Recheck Cond: ((k >= 2123299) AND (k <= 2123399))
	  ->  Bitmap Index Scan on k_4  (cost=0.00..5.44 rows=101 width=0)
	        Index Cond: ((k >= 2123299) AND (k <= 2123399))

table 5 : explain SELECT k, c FROM sbtest5 WHERE k BETWEEN 2123299 AND 2123399
	Bitmap Heap Scan on sbtest5  (cost=5.57..444.49 rows=111 width=125)
	  Recheck Cond: ((k >= 2123299) AND (k <= 2123399))
	  ->  Bitmap Index Scan on k_5  (cost=0.00..5.54 rows=111 width=0)
	        Index Cond: ((k >= 2123299) AND (k <= 2123399))

table 6 : explain SELECT k, c FROM sbtest6 WHERE k BETWEEN 2123299 AND 2123399
	Bitmap Heap Scan on sbtest6  (cost=5.45..397.25 rows=99 width=125)
	  Recheck Cond: ((k >= 2123299) AND (k <= 2123399))
	  ->  Bitmap Index Scan on k_6  (cost=0.00..5.42 rows=99 width=0)
	        Index Cond: ((k >= 2123299) AND (k <= 2123399))

table 7 : explain SELECT k, c FROM sbtest7 WHERE k BETWEEN 2123299 AND 2123399
	Bitmap Heap Scan on sbtest7  (cost=5.51..420.88 rows=105 width=125)
	  Recheck Cond: ((k >= 2123299) AND (k <= 2123399))
	  ->  Bitmap Index Scan on k_7  (cost=0.00..5.48 rows=105 width=0)
	        Index Cond: ((k >= 2123299) AND (k <= 2123399))

table 8 : explain SELECT k, c FROM sbtest8 WHERE k BETWEEN 2123299 AND 2123399
	Bitmap Heap Scan on sbtest8  (cost=5.50..416.94 rows=104 width=125)
	  Recheck Cond: ((k >= 2123299) AND (k <= 2123399))
	  ->  Bitmap Index Scan on k_8  (cost=0.00..5.47 rows=104 width=0)
	        Index Cond: ((k >= 2123299) AND (k <= 2123399))

explain: for range-notcovered :: explain SELECT k, c FROM sbtest%d WHERE k BETWEEN 2123299 AND 2123399
for range-notcovered
table 1 : explain SELECT k, c FROM sbtest1 WHERE k BETWEEN 8563729 AND 8563829
	Bitmap Heap Scan on sbtest1  (cost=5.48..409.07 rows=102 width=125)
	  Recheck Cond: ((k >= 8563729) AND (k <= 8563829))
	  ->  Bitmap Index Scan on k_1  (cost=0.00..5.45 rows=102 width=0)
	        Index Cond: ((k >= 8563729) AND (k <= 8563829))

table 2 : explain SELECT k, c FROM sbtest2 WHERE k BETWEEN 8563729 AND 8563829
	Bitmap Heap Scan on sbtest2  (cost=5.50..416.94 rows=104 width=125)
	  Recheck Cond: ((k >= 8563729) AND (k <= 8563829))
	  ->  Bitmap Index Scan on k_2  (cost=0.00..5.47 rows=104 width=0)
	        Index Cond: ((k >= 8563729) AND (k <= 8563829))

table 3 : explain SELECT k, c FROM sbtest3 WHERE k BETWEEN 8563729 AND 8563829
	Bitmap Heap Scan on sbtest3  (cost=5.55..436.62 rows=109 width=125)
	  Recheck Cond: ((k >= 8563729) AND (k <= 8563829))
	  ->  Bitmap Index Scan on k_3  (cost=0.00..5.52 rows=109 width=0)
	        Index Cond: ((k >= 8563729) AND (k <= 8563829))

table 4 : explain SELECT k, c FROM sbtest4 WHERE k BETWEEN 8563729 AND 8563829
	Bitmap Heap Scan on sbtest4  (cost=5.60..456.29 rows=114 width=125)
	  Recheck Cond: ((k >= 8563729) AND (k <= 8563829))
	  ->  Bitmap Index Scan on k_4  (cost=0.00..5.58 rows=114 width=0)
	        Index Cond: ((k >= 8563729) AND (k <= 8563829))

table 5 : explain SELECT k, c FROM sbtest5 WHERE k BETWEEN 8563729 AND 8563829
	Bitmap Heap Scan on sbtest5  (cost=5.56..440.56 rows=110 width=125)
	  Recheck Cond: ((k >= 8563729) AND (k <= 8563829))
	  ->  Bitmap Index Scan on k_5  (cost=0.00..5.53 rows=110 width=0)
	        Index Cond: ((k >= 8563729) AND (k <= 8563829))

table 6 : explain SELECT k, c FROM sbtest6 WHERE k BETWEEN 8563729 AND 8563829
	Bitmap Heap Scan on sbtest6  (cost=5.49..413.00 rows=103 width=125)
	  Recheck Cond: ((k >= 8563729) AND (k <= 8563829))
	  ->  Bitmap Index Scan on k_6  (cost=0.00..5.46 rows=103 width=0)
	        Index Cond: ((k >= 8563729) AND (k <= 8563829))

table 7 : explain SELECT k, c FROM sbtest7 WHERE k BETWEEN 8563729 AND 8563829
	Bitmap Heap Scan on sbtest7  (cost=5.54..432.69 rows=108 width=125)
	  Recheck Cond: ((k >= 8563729) AND (k <= 8563829))
	  ->  Bitmap Index Scan on k_7  (cost=0.00..5.51 rows=108 width=0)
	        Index Cond: ((k >= 8563729) AND (k <= 8563829))

table 8 : explain SELECT k, c FROM sbtest8 WHERE k BETWEEN 8563729 AND 8563829
	Bitmap Heap Scan on sbtest8  (cost=5.58..448.42 rows=112 width=125)
	  Recheck Cond: ((k >= 8563729) AND (k <= 8563829))
	  ->  Bitmap Index Scan on k_8  (cost=0.00..5.55 rows=112 width=0)
	        Index Cond: ((k >= 8563729) AND (k <= 8563829))

for range-notcovered
table 1 : explain SELECT k, c FROM sbtest1 WHERE k BETWEEN 5827416 AND 5827516
	Bitmap Heap Scan on sbtest1  (cost=5.47..405.13 rows=101 width=125)
	  Recheck Cond: ((k >= 5827416) AND (k <= 5827516))
	  ->  Bitmap Index Scan on k_1  (cost=0.00..5.44 rows=101 width=0)
	        Index Cond: ((k >= 5827416) AND (k <= 5827516))

table 2 : explain SELECT k, c FROM sbtest2 WHERE k BETWEEN 5827416 AND 5827516
	Bitmap Heap Scan on sbtest2  (cost=5.51..420.88 rows=105 width=125)
	  Recheck Cond: ((k >= 5827416) AND (k <= 5827516))
	  ->  Bitmap Index Scan on k_2  (cost=0.00..5.48 rows=105 width=0)
	        Index Cond: ((k >= 5827416) AND (k <= 5827516))

table 3 : explain SELECT k, c FROM sbtest3 WHERE k BETWEEN 5827416 AND 5827516
	Bitmap Heap Scan on sbtest3  (cost=5.42..385.43 rows=96 width=125)
	  Recheck Cond: ((k >= 5827416) AND (k <= 5827516))
	  ->  Bitmap Index Scan on k_3  (cost=0.00..5.39 rows=96 width=0)
	        Index Cond: ((k >= 5827416) AND (k <= 5827516))

table 4 : explain SELECT k, c FROM sbtest4 WHERE k BETWEEN 5827416 AND 5827516
	Bitmap Heap Scan on sbtest4  (cost=5.46..401.19 rows=100 width=125)
	  Recheck Cond: ((k >= 5827416) AND (k <= 5827516))
	  ->  Bitmap Index Scan on k_4  (cost=0.00..5.43 rows=100 width=0)
	        Index Cond: ((k >= 5827416) AND (k <= 5827516))

table 5 : explain SELECT k, c FROM sbtest5 WHERE k BETWEEN 5827416 AND 5827516
	Bitmap Heap Scan on sbtest5  (cost=5.41..381.49 rows=95 width=125)
	  Recheck Cond: ((k >= 5827416) AND (k <= 5827516))
	  ->  Bitmap Index Scan on k_5  (cost=0.00..5.38 rows=95 width=0)
	        Index Cond: ((k >= 5827416) AND (k <= 5827516))

table 6 : explain SELECT k, c FROM sbtest6 WHERE k BETWEEN 5827416 AND 5827516
	Bitmap Heap Scan on sbtest6  (cost=5.44..393.31 rows=98 width=125)
	  Recheck Cond: ((k >= 5827416) AND (k <= 5827516))
	  ->  Bitmap Index Scan on k_6  (cost=0.00..5.42 rows=98 width=0)
	        Index Cond: ((k >= 5827416) AND (k <= 5827516))

table 7 : explain SELECT k, c FROM sbtest7 WHERE k BETWEEN 5827416 AND 5827516
	Bitmap Heap Scan on sbtest7  (cost=5.46..401.19 rows=100 width=125)
	  Recheck Cond: ((k >= 5827416) AND (k <= 5827516))
	  ->  Bitmap Index Scan on k_7  (cost=0.00..5.43 rows=100 width=0)
	        Index Cond: ((k >= 5827416) AND (k <= 5827516))

table 8 : explain SELECT k, c FROM sbtest8 WHERE k BETWEEN 5827416 AND 5827516
	Bitmap Heap Scan on sbtest8  (cost=5.52..424.81 rows=106 width=125)
	  Recheck Cond: ((k >= 5827416) AND (k <= 5827516))
	  ->  Bitmap Index Scan on k_8  (cost=0.00..5.50 rows=106 width=0)
	        Index Cond: ((k >= 5827416) AND (k <= 5827516))

for range-notcovered
table 1 : explain SELECT k, c FROM sbtest1 WHERE k BETWEEN 4258902 AND 4259002
	Bitmap Heap Scan on sbtest1  (cost=5.50..416.94 rows=104 width=125)
	  Recheck Cond: ((k >= 4258902) AND (k <= 4259002))
	  ->  Bitmap Index Scan on k_1  (cost=0.00..5.47 rows=104 width=0)
	        Index Cond: ((k >= 4258902) AND (k <= 4259002))

table 2 : explain SELECT k, c FROM sbtest2 WHERE k BETWEEN 4258902 AND 4259002
	Bitmap Heap Scan on sbtest2  (cost=5.49..413.00 rows=103 width=125)
	  Recheck Cond: ((k >= 4258902) AND (k <= 4259002))
	  ->  Bitmap Index Scan on k_2  (cost=0.00..5.46 rows=103 width=0)
	        Index Cond: ((k >= 4258902) AND (k <= 4259002))

table 3 : explain SELECT k, c FROM sbtest3 WHERE k BETWEEN 4258902 AND 4259002
	Bitmap Heap Scan on sbtest3  (cost=5.44..393.31 rows=98 width=125)
	  Recheck Cond: ((k >= 4258902) AND (k <= 4259002))
	  ->  Bitmap Index Scan on k_3  (cost=0.00..5.42 rows=98 width=0)
	        Index Cond: ((k >= 4258902) AND (k <= 4259002))

table 4 : explain SELECT k, c FROM sbtest4 WHERE k BETWEEN 4258902 AND 4259002
	Bitmap Heap Scan on sbtest4  (cost=5.40..377.55 rows=94 width=125)
	  Recheck Cond: ((k >= 4258902) AND (k <= 4259002))
	  ->  Bitmap Index Scan on k_4  (cost=0.00..5.38 rows=94 width=0)
	        Index Cond: ((k >= 4258902) AND (k <= 4259002))

table 5 : explain SELECT k, c FROM sbtest5 WHERE k BETWEEN 4258902 AND 4259002
	Bitmap Heap Scan on sbtest5  (cost=5.42..385.43 rows=96 width=125)
	  Recheck Cond: ((k >= 4258902) AND (k <= 4259002))
	  ->  Bitmap Index Scan on k_5  (cost=0.00..5.39 rows=96 width=0)
	        Index Cond: ((k >= 4258902) AND (k <= 4259002))

table 6 : explain SELECT k, c FROM sbtest6 WHERE k BETWEEN 4258902 AND 4259002
	Bitmap Heap Scan on sbtest6  (cost=5.44..393.31 rows=98 width=125)
	  Recheck Cond: ((k >= 4258902) AND (k <= 4259002))
	  ->  Bitmap Index Scan on k_6  (cost=0.00..5.42 rows=98 width=0)
	        Index Cond: ((k >= 4258902) AND (k <= 4259002))

table 7 : explain SELECT k, c FROM sbtest7 WHERE k BETWEEN 4258902 AND 4259002
	Bitmap Heap Scan on sbtest7  (cost=5.44..393.31 rows=98 width=125)
	  Recheck Cond: ((k >= 4258902) AND (k <= 4259002))
	  ->  Bitmap Index Scan on k_7  (cost=0.00..5.42 rows=98 width=0)
	        Index Cond: ((k >= 4258902) AND (k <= 4259002))

table 8 : explain SELECT k, c FROM sbtest8 WHERE k BETWEEN 4258902 AND 4259002
	Bitmap Heap Scan on sbtest8  (cost=5.54..432.69 rows=108 width=125)
	  Recheck Cond: ((k >= 4258902) AND (k <= 4259002))
	  ->  Bitmap Index Scan on k_8  (cost=0.00..5.51 rows=108 width=0)
	        Index Cond: ((k >= 4258902) AND (k <= 4259002))

for range-notcovered
table 1 : explain SELECT k, c FROM sbtest1 WHERE k BETWEEN 4136690 AND 4136790
	Bitmap Heap Scan on sbtest1  (cost=5.45..397.25 rows=99 width=125)
	  Recheck Cond: ((k >= 4136690) AND (k <= 4136790))
	  ->  Bitmap Index Scan on k_1  (cost=0.00..5.42 rows=99 width=0)
	        Index Cond: ((k >= 4136690) AND (k <= 4136790))

table 2 : explain SELECT k, c FROM sbtest2 WHERE k BETWEEN 4136690 AND 4136790
	Bitmap Heap Scan on sbtest2  (cost=5.47..405.13 rows=101 width=125)
	  Recheck Cond: ((k >= 4136690) AND (k <= 4136790))
	  ->  Bitmap Index Scan on k_2  (cost=0.00..5.44 rows=101 width=0)
	        Index Cond: ((k >= 4136690) AND (k <= 4136790))

table 3 : explain SELECT k, c FROM sbtest3 WHERE k BETWEEN 4136690 AND 4136790
	Bitmap Heap Scan on sbtest3  (cost=5.46..401.19 rows=100 width=125)
	  Recheck Cond: ((k >= 4136690) AND (k <= 4136790))
	  ->  Bitmap Index Scan on k_3  (cost=0.00..5.43 rows=100 width=0)
	        Index Cond: ((k >= 4136690) AND (k <= 4136790))

table 4 : explain SELECT k, c FROM sbtest4 WHERE k BETWEEN 4136690 AND 4136790
	Bitmap Heap Scan on sbtest4  (cost=5.55..436.62 rows=109 width=125)
	  Recheck Cond: ((k >= 4136690) AND (k <= 4136790))
	  ->  Bitmap Index Scan on k_4  (cost=0.00..5.52 rows=109 width=0)
	        Index Cond: ((k >= 4136690) AND (k <= 4136790))

table 5 : explain SELECT k, c FROM sbtest5 WHERE k BETWEEN 4136690 AND 4136790
	Bitmap Heap Scan on sbtest5  (cost=5.49..413.00 rows=103 width=125)
	  Recheck Cond: ((k >= 4136690) AND (k <= 4136790))
	  ->  Bitmap Index Scan on k_5  (cost=0.00..5.46 rows=103 width=0)
	        Index Cond: ((k >= 4136690) AND (k <= 4136790))

table 6 : explain SELECT k, c FROM sbtest6 WHERE k BETWEEN 4136690 AND 4136790
	Bitmap Heap Scan on sbtest6  (cost=5.48..409.07 rows=102 width=125)
	  Recheck Cond: ((k >= 4136690) AND (k <= 4136790))
	  ->  Bitmap Index Scan on k_6  (cost=0.00..5.45 rows=102 width=0)
	        Index Cond: ((k >= 4136690) AND (k <= 4136790))

table 7 : explain SELECT k, c FROM sbtest7 WHERE k BETWEEN 4136690 AND 4136790
	Bitmap Heap Scan on sbtest7  (cost=5.60..456.29 rows=114 width=125)
	  Recheck Cond: ((k >= 4136690) AND (k <= 4136790))
	  ->  Bitmap Index Scan on k_7  (cost=0.00..5.58 rows=114 width=0)
	        Index Cond: ((k >= 4136690) AND (k <= 4136790))

table 8 : explain SELECT k, c FROM sbtest8 WHERE k BETWEEN 4136690 AND 4136790
	Bitmap Heap Scan on sbtest8  (cost=5.42..385.43 rows=96 width=125)
	  Recheck Cond: ((k >= 4136690) AND (k <= 4136790))
	  ->  Bitmap Index Scan on k_8  (cost=0.00..5.39 rows=96 width=0)
	        Index Cond: ((k >= 4136690) AND (k <= 4136790))

for range-notcovered
table 1 : explain SELECT k, c FROM sbtest1 WHERE k BETWEEN 2123299 AND 2123399
	Bitmap Heap Scan on sbtest1  (cost=5.53..428.75 rows=107 width=125)
	  Recheck Cond: ((k >= 2123299) AND (k <= 2123399))
	  ->  Bitmap Index Scan on k_1  (cost=0.00..5.50 rows=107 width=0)
	        Index Cond: ((k >= 2123299) AND (k <= 2123399))

table 2 : explain SELECT k, c FROM sbtest2 WHERE k BETWEEN 2123299 AND 2123399
	Bitmap Heap Scan on sbtest2  (cost=5.45..397.25 rows=99 width=125)
	  Recheck Cond: ((k >= 2123299) AND (k <= 2123399))
	  ->  Bitmap Index Scan on k_2  (cost=0.00..5.42 rows=99 width=0)
	        Index Cond: ((k >= 2123299) AND (k <= 2123399))

table 3 : explain SELECT k, c FROM sbtest3 WHERE k BETWEEN 2123299 AND 2123399
	Bitmap Heap Scan on sbtest3  (cost=5.48..409.07 rows=102 width=125)
	  Recheck Cond: ((k >= 2123299) AND (k <= 2123399))
	  ->  Bitmap Index Scan on k_3  (cost=0.00..5.45 rows=102 width=0)
	        Index Cond: ((k >= 2123299) AND (k <= 2123399))

table 4 : explain SELECT k, c FROM sbtest4 WHERE k BETWEEN 2123299 AND 2123399
	Bitmap Heap Scan on sbtest4  (cost=5.47..405.13 rows=101 width=125)
	  Recheck Cond: ((k >= 2123299) AND (k <= 2123399))
	  ->  Bitmap Index Scan on k_4  (cost=0.00..5.44 rows=101 width=0)
	        Index Cond: ((k >= 2123299) AND (k <= 2123399))

table 5 : explain SELECT k, c FROM sbtest5 WHERE k BETWEEN 2123299 AND 2123399
	Bitmap Heap Scan on sbtest5  (cost=5.57..444.49 rows=111 width=125)
	  Recheck Cond: ((k >= 2123299) AND (k <= 2123399))
	  ->  Bitmap Index Scan on k_5  (cost=0.00..5.54 rows=111 width=0)
	        Index Cond: ((k >= 2123299) AND (k <= 2123399))

table 6 : explain SELECT k, c FROM sbtest6 WHERE k BETWEEN 2123299 AND 2123399
	Bitmap Heap Scan on sbtest6  (cost=5.45..397.25 rows=99 width=125)
	  Recheck Cond: ((k >= 2123299) AND (k <= 2123399))
	  ->  Bitmap Index Scan on k_6  (cost=0.00..5.42 rows=99 width=0)
	        Index Cond: ((k >= 2123299) AND (k <= 2123399))

table 7 : explain SELECT k, c FROM sbtest7 WHERE k BETWEEN 2123299 AND 2123399
	Bitmap Heap Scan on sbtest7  (cost=5.51..420.88 rows=105 width=125)
	  Recheck Cond: ((k >= 2123299) AND (k <= 2123399))
	  ->  Bitmap Index Scan on k_7  (cost=0.00..5.48 rows=105 width=0)
	        Index Cond: ((k >= 2123299) AND (k <= 2123399))

table 8 : explain SELECT k, c FROM sbtest8 WHERE k BETWEEN 2123299 AND 2123399
	Bitmap Heap Scan on sbtest8  (cost=5.50..416.94 rows=104 width=125)
	  Recheck Cond: ((k >= 2123299) AND (k <= 2123399))
	  ->  Bitmap Index Scan on k_8  (cost=0.00..5.47 rows=104 width=0)
	        Index Cond: ((k >= 2123299) AND (k <= 2123399))

explain: for range-notcovered :: explain SELECT k, c FROM sbtest%d WHERE k BETWEEN 4136690 AND 4136790
for range-notcovered
table 1 : explain SELECT k, c FROM sbtest1 WHERE k BETWEEN 4136690 AND 4136790
	Bitmap Heap Scan on sbtest1  (cost=5.45..397.25 rows=99 width=125)
	  Recheck Cond: ((k >= 4136690) AND (k <= 4136790))
	  ->  Bitmap Index Scan on k_1  (cost=0.00..5.42 rows=99 width=0)
	        Index Cond: ((k >= 4136690) AND (k <= 4136790))

table 2 : explain SELECT k, c FROM sbtest2 WHERE k BETWEEN 4136690 AND 4136790
	Bitmap Heap Scan on sbtest2  (cost=5.47..405.13 rows=101 width=125)
	  Recheck Cond: ((k >= 4136690) AND (k <= 4136790))
	  ->  Bitmap Index Scan on k_2  (cost=0.00..5.44 rows=101 width=0)
	        Index Cond: ((k >= 4136690) AND (k <= 4136790))

table 3 : explain SELECT k, c FROM sbtest3 WHERE k BETWEEN 4136690 AND 4136790
	Bitmap Heap Scan on sbtest3  (cost=5.46..401.19 rows=100 width=125)
	  Recheck Cond: ((k >= 4136690) AND (k <= 4136790))
	  ->  Bitmap Index Scan on k_3  (cost=0.00..5.43 rows=100 width=0)
	        Index Cond: ((k >= 4136690) AND (k <= 4136790))

table 4 : explain SELECT k, c FROM sbtest4 WHERE k BETWEEN 4136690 AND 4136790
	Bitmap Heap Scan on sbtest4  (cost=5.55..436.62 rows=109 width=125)
	  Recheck Cond: ((k >= 4136690) AND (k <= 4136790))
	  ->  Bitmap Index Scan on k_4  (cost=0.00..5.52 rows=109 width=0)
	        Index Cond: ((k >= 4136690) AND (k <= 4136790))

table 5 : explain SELECT k, c FROM sbtest5 WHERE k BETWEEN 4136690 AND 4136790
	Bitmap Heap Scan on sbtest5  (cost=5.49..413.00 rows=103 width=125)
	  Recheck Cond: ((k >= 4136690) AND (k <= 4136790))
	  ->  Bitmap Index Scan on k_5  (cost=0.00..5.46 rows=103 width=0)
	        Index Cond: ((k >= 4136690) AND (k <= 4136790))

table 6 : explain SELECT k, c FROM sbtest6 WHERE k BETWEEN 4136690 AND 4136790
	Bitmap Heap Scan on sbtest6  (cost=5.48..409.07 rows=102 width=125)
	  Recheck Cond: ((k >= 4136690) AND (k <= 4136790))
	  ->  Bitmap Index Scan on k_6  (cost=0.00..5.45 rows=102 width=0)
	        Index Cond: ((k >= 4136690) AND (k <= 4136790))

table 7 : explain SELECT k, c FROM sbtest7 WHERE k BETWEEN 4136690 AND 4136790
	Bitmap Heap Scan on sbtest7  (cost=5.60..456.29 rows=114 width=125)
	  Recheck Cond: ((k >= 4136690) AND (k <= 4136790))
	  ->  Bitmap Index Scan on k_7  (cost=0.00..5.58 rows=114 width=0)
	        Index Cond: ((k >= 4136690) AND (k <= 4136790))

table 8 : explain SELECT k, c FROM sbtest8 WHERE k BETWEEN 4136690 AND 4136790
	Bitmap Heap Scan on sbtest8  (cost=5.42..385.43 rows=96 width=125)
	  Recheck Cond: ((k >= 4136690) AND (k <= 4136790))
	  ->  Bitmap Index Scan on k_8  (cost=0.00..5.39 rows=96 width=0)
	        Index Cond: ((k >= 4136690) AND (k <= 4136790))

explain: for range-notcovered :: explain SELECT k, c FROM sbtest%d WHERE k BETWEEN 4136690 AND 4136790
for range-notcovered
table 1 : explain SELECT k, c FROM sbtest1 WHERE k BETWEEN 4136690 AND 4136790
	Bitmap Heap Scan on sbtest1  (cost=5.45..397.25 rows=99 width=125)
	  Recheck Cond: ((k >= 4136690) AND (k <= 4136790))
	  ->  Bitmap Index Scan on k_1  (cost=0.00..5.42 rows=99 width=0)
	        Index Cond: ((k >= 4136690) AND (k <= 4136790))

table 2 : explain SELECT k, c FROM sbtest2 WHERE k BETWEEN 4136690 AND 4136790
	Bitmap Heap Scan on sbtest2  (cost=5.47..405.13 rows=101 width=125)
	  Recheck Cond: ((k >= 4136690) AND (k <= 4136790))
	  ->  Bitmap Index Scan on k_2  (cost=0.00..5.44 rows=101 width=0)
	        Index Cond: ((k >= 4136690) AND (k <= 4136790))

table 3 : explain SELECT k, c FROM sbtest3 WHERE k BETWEEN 4136690 AND 4136790
	Bitmap Heap Scan on sbtest3  (cost=5.46..401.19 rows=100 width=125)
	  Recheck Cond: ((k >= 4136690) AND (k <= 4136790))
	  ->  Bitmap Index Scan on k_3  (cost=0.00..5.43 rows=100 width=0)
	        Index Cond: ((k >= 4136690) AND (k <= 4136790))

table 4 : explain SELECT k, c FROM sbtest4 WHERE k BETWEEN 4136690 AND 4136790
	Bitmap Heap Scan on sbtest4  (cost=5.55..436.62 rows=109 width=125)
	  Recheck Cond: ((k >= 4136690) AND (k <= 4136790))
	  ->  Bitmap Index Scan on k_4  (cost=0.00..5.52 rows=109 width=0)
	        Index Cond: ((k >= 4136690) AND (k <= 4136790))

table 5 : explain SELECT k, c FROM sbtest5 WHERE k BETWEEN 4136690 AND 4136790
	Bitmap Heap Scan on sbtest5  (cost=5.49..413.00 rows=103 width=125)
	  Recheck Cond: ((k >= 4136690) AND (k <= 4136790))
	  ->  Bitmap Index Scan on k_5  (cost=0.00..5.46 rows=103 width=0)
	        Index Cond: ((k >= 4136690) AND (k <= 4136790))

table 6 : explain SELECT k, c FROM sbtest6 WHERE k BETWEEN 4136690 AND 4136790
	Bitmap Heap Scan on sbtest6  (cost=5.48..409.07 rows=102 width=125)
	  Recheck Cond: ((k >= 4136690) AND (k <= 4136790))
	  ->  Bitmap Index Scan on k_6  (cost=0.00..5.45 rows=102 width=0)
	        Index Cond: ((k >= 4136690) AND (k <= 4136790))

table 7 : explain SELECT k, c FROM sbtest7 WHERE k BETWEEN 4136690 AND 4136790
	Bitmap Heap Scan on sbtest7  (cost=5.60..456.29 rows=114 width=125)
	  Recheck Cond: ((k >= 4136690) AND (k <= 4136790))
	  ->  Bitmap Index Scan on k_7  (cost=0.00..5.58 rows=114 width=0)
	        Index Cond: ((k >= 4136690) AND (k <= 4136790))

table 8 : explain SELECT k, c FROM sbtest8 WHERE k BETWEEN 4136690 AND 4136790
	Bitmap Heap Scan on sbtest8  (cost=5.42..385.43 rows=96 width=125)
	  Recheck Cond: ((k >= 4136690) AND (k <= 4136790))
	  ->  Bitmap Index Scan on k_8  (cost=0.00..5.39 rows=96 width=0)
	        Index Cond: ((k >= 4136690) AND (k <= 4136790))

explain: for range-notcovered :: explain SELECT k, c FROM sbtest%d WHERE k BETWEEN 4136690 AND 4136790
for range-notcovered
table 1 : explain SELECT k, c FROM sbtest1 WHERE k BETWEEN 4136690 AND 4136790
	Bitmap Heap Scan on sbtest1  (cost=5.45..397.25 rows=99 width=125)
	  Recheck Cond: ((k >= 4136690) AND (k <= 4136790))
	  ->  Bitmap Index Scan on k_1  (cost=0.00..5.42 rows=99 width=0)
	        Index Cond: ((k >= 4136690) AND (k <= 4136790))

table 2 : explain SELECT k, c FROM sbtest2 WHERE k BETWEEN 4136690 AND 4136790
	Bitmap Heap Scan on sbtest2  (cost=5.47..405.13 rows=101 width=125)
	  Recheck Cond: ((k >= 4136690) AND (k <= 4136790))
	  ->  Bitmap Index Scan on k_2  (cost=0.00..5.44 rows=101 width=0)
	        Index Cond: ((k >= 4136690) AND (k <= 4136790))

table 3 : explain SELECT k, c FROM sbtest3 WHERE k BETWEEN 4136690 AND 4136790
	Bitmap Heap Scan on sbtest3  (cost=5.46..401.19 rows=100 width=125)
	  Recheck Cond: ((k >= 4136690) AND (k <= 4136790))
	  ->  Bitmap Index Scan on k_3  (cost=0.00..5.43 rows=100 width=0)
	        Index Cond: ((k >= 4136690) AND (k <= 4136790))

table 4 : explain SELECT k, c FROM sbtest4 WHERE k BETWEEN 4136690 AND 4136790
	Bitmap Heap Scan on sbtest4  (cost=5.55..436.62 rows=109 width=125)
	  Recheck Cond: ((k >= 4136690) AND (k <= 4136790))
	  ->  Bitmap Index Scan on k_4  (cost=0.00..5.52 rows=109 width=0)
	        Index Cond: ((k >= 4136690) AND (k <= 4136790))

table 5 : explain SELECT k, c FROM sbtest5 WHERE k BETWEEN 4136690 AND 4136790
	Bitmap Heap Scan on sbtest5  (cost=5.49..413.00 rows=103 width=125)
	  Recheck Cond: ((k >= 4136690) AND (k <= 4136790))
	  ->  Bitmap Index Scan on k_5  (cost=0.00..5.46 rows=103 width=0)
	        Index Cond: ((k >= 4136690) AND (k <= 4136790))

table 6 : explain SELECT k, c FROM sbtest6 WHERE k BETWEEN 4136690 AND 4136790
	Bitmap Heap Scan on sbtest6  (cost=5.48..409.07 rows=102 width=125)
	  Recheck Cond: ((k >= 4136690) AND (k <= 4136790))
	  ->  Bitmap Index Scan on k_6  (cost=0.00..5.45 rows=102 width=0)
	        Index Cond: ((k >= 4136690) AND (k <= 4136790))

table 7 : explain SELECT k, c FROM sbtest7 WHERE k BETWEEN 4136690 AND 4136790
	Bitmap Heap Scan on sbtest7  (cost=5.60..456.29 rows=114 width=125)
	  Recheck Cond: ((k >= 4136690) AND (k <= 4136790))
	  ->  Bitmap Index Scan on k_7  (cost=0.00..5.58 rows=114 width=0)
	        Index Cond: ((k >= 4136690) AND (k <= 4136790))

table 8 : explain SELECT k, c FROM sbtest8 WHERE k BETWEEN 4136690 AND 4136790
	Bitmap Heap Scan on sbtest8  (cost=5.42..385.43 rows=96 width=125)
	  Recheck Cond: ((k >= 4136690) AND (k <= 4136790))
	  ->  Bitmap Index Scan on k_8  (cost=0.00..5.39 rows=96 width=0)
	        Index Cond: ((k >= 4136690) AND (k <= 4136790))

Threads started!

Warming up for 5 seconds...

SQL statistics:
    queries performed:
        read:                            102486205
        write:                           0
        other:                           0
        total:                           102486205
    transactions:                        102486205 (162674.93 per sec.)
    queries:                             102486205 (162674.93 per sec.)
    ignored errors:                      0      (0.00 per sec.)
    reconnects:                          0      (0.00 per sec.)

Throughput:
    events/s (eps):                      162674.9329
    time elapsed:                        630.0062s
    total number of events:              102486205

Latency (ms):
         min:                                    0.08
         avg:                                    0.25
         max:                                   12.28
         95th percentile:                        0.28
         sum:                             25152998.70

Threads fairness:
    events (avg/stddev):           2562152.9250/9684.70
    execution time (avg/stddev):   628.8250/0.03

