LUA_PATH=/home/mdcallag/git/mytools/bench/sysbench.lua/lua/?.lua /home/mdcallag/git/mytools/bench/sysbench.lua/lua/sysbench --db-driver=pgsql --range-size=10 --table-size=10000000 --tables=8 --threads=40 --events=0 --warmup-time=5 --time=930 --pgsql_conn_id=true /home/mdcallag/git/mytools/bench/sysbench.lua/lua/oltp_read_write.lua run --pgsql-user=root --pgsql-password=pw --pgsql-host=127.0.0.1 --pgsql-db=ib --rand-type=uniform
48 CPUs
sysbench 1.1.0-9072687 (using bundled LuaJIT 2.1.0-beta3)

Running the test with following options:
Number of threads: 40
Warmup time: 5s
Initializing random number generator from current time


Initializing worker threads...

explain: for point_selects :: explain SELECT c FROM sbtest%u WHERE id=%u
explain: for point_selects :: explain SELECT c FROM sbtest%u WHERE id=%u
explain: for point_selects :: explain SELECT c FROM sbtest%u WHERE id=%u
explain: for point_selects :: explain SELECT c FROM sbtest%u WHERE id=%u
explain: for point_selects :: explain SELECT c FROM sbtest%u WHERE id=%u
for point_selects
table 1 : explain SELECT c FROM sbtest1 WHERE id=5826395
	Index Scan using sbtest1_pkey on sbtest1  (cost=0.43..8.45 rows=1 width=121)
	  Index Cond: (id = 5826395)

table 2 : explain SELECT c FROM sbtest2 WHERE id=235027
	Index Scan using sbtest2_pkey on sbtest2  (cost=0.43..8.45 rows=1 width=121)
	  Index Cond: (id = 235027)

table 3 : explain SELECT c FROM sbtest3 WHERE id=2681796
	Index Scan using sbtest3_pkey on sbtest3  (cost=0.43..8.45 rows=1 width=121)
	  Index Cond: (id = 2681796)

table 4 : explain SELECT c FROM sbtest4 WHERE id=3209714
	Index Scan using sbtest4_pkey on sbtest4  (cost=0.43..8.45 rows=1 width=121)
	  Index Cond: (id = 3209714)

table 5 : explain SELECT c FROM sbtest5 WHERE id=4126732
	Index Scan using sbtest5_pkey on sbtest5  (cost=0.43..8.45 rows=1 width=121)
	  Index Cond: (id = 4126732)

table 6 : explain SELECT c FROM sbtest6 WHERE id=5570731
	Index Scan using sbtest6_pkey on sbtest6  (cost=0.43..8.45 rows=1 width=121)
	  Index Cond: (id = 5570731)

table 7 : explain SELECT c FROM sbtest7 WHERE id=7088443
	Index Scan using sbtest7_pkey on sbtest7  (cost=0.43..8.45 rows=1 width=121)
	  Index Cond: (id = 7088443)

table 8 : explain SELECT c FROM sbtest8 WHERE id=9105726
	Index Scan using sbtest8_pkey on sbtest8  (cost=0.43..8.45 rows=1 width=121)
	  Index Cond: (id = 9105726)

for point_selects
table 1 : explain SELECT c FROM sbtest1 WHERE id=8769965
	Index Scan using sbtest1_pkey on sbtest1  (cost=0.43..8.45 rows=1 width=121)
	  Index Cond: (id = 8769965)

table 2 : explain SELECT c FROM sbtest2 WHERE id=7745255
	Index Scan using sbtest2_pkey on sbtest2  (cost=0.43..8.45 rows=1 width=121)
	  Index Cond: (id = 7745255)

table 3 : explain SELECT c FROM sbtest3 WHERE id=9581351
	Index Scan using sbtest3_pkey on sbtest3  (cost=0.43..8.45 rows=1 width=121)
	  Index Cond: (id = 9581351)

table 4 : explain SELECT c FROM sbtest4 WHERE id=193224
	Index Scan using sbtest4_pkey on sbtest4  (cost=0.43..8.45 rows=1 width=121)
	  Index Cond: (id = 193224)

table 5 : explain SELECT c FROM sbtest5 WHERE id=434667
	Index Scan using sbtest5_pkey on sbtest5  (cost=0.43..8.45 rows=1 width=121)
	  Index Cond: (id = 434667)

table 6 : explain SELECT c FROM sbtest6 WHERE id=752578
	Index Scan using sbtest6_pkey on sbtest6  (cost=0.43..8.45 rows=1 width=121)
	  Index Cond: (id = 752578)

table 7 : explain SELECT c FROM sbtest7 WHERE id=5213296
	Index Scan using sbtest7_pkey on sbtest7  (cost=0.43..8.45 rows=1 width=121)
	  Index Cond: (id = 5213296)

table 8 : explain SELECT c FROM sbtest8 WHERE id=976529
	Index Scan using sbtest8_pkey on sbtest8  (cost=0.43..8.45 rows=1 width=121)
	  Index Cond: (id = 976529)

for point_selects
table 1 : explain SELECT c FROM sbtest1 WHERE id=7908919
	Index Scan using sbtest1_pkey on sbtest1  (cost=0.43..8.45 rows=1 width=121)
	  Index Cond: (id = 7908919)

table 2 : explain SELECT c FROM sbtest2 WHERE id=2176033
	Index Scan using sbtest2_pkey on sbtest2  (cost=0.43..8.45 rows=1 width=121)
	  Index Cond: (id = 2176033)

table 3 : explain SELECT c FROM sbtest3 WHERE id=9778944
	Index Scan using sbtest3_pkey on sbtest3  (cost=0.43..8.45 rows=1 width=121)
	  Index Cond: (id = 9778944)

table 4 : explain SELECT c FROM sbtest4 WHERE id=5471305
	Index Scan using sbtest4_pkey on sbtest4  (cost=0.43..8.45 rows=1 width=121)
	  Index Cond: (id = 5471305)

table 5 : explain SELECT c FROM sbtest5 WHERE id=2095562
	Index Scan using sbtest5_pkey on sbtest5  (cost=0.43..8.45 rows=1 width=121)
	  Index Cond: (id = 2095562)

table 6 : explain SELECT c FROM sbtest6 WHERE id=1977913
	Index Scan using sbtest6_pkey on sbtest6  (cost=0.43..8.45 rows=1 width=121)
	  Index Cond: (id = 1977913)

table 7 : explain SELECT c FROM sbtest7 WHERE id=1906089
	Index Scan using sbtest7_pkey on sbtest7  (cost=0.43..8.45 rows=1 width=121)
	  Index Cond: (id = 1906089)

table 8 : explain SELECT c FROM sbtest8 WHERE id=2703237
	Index Scan using sbtest8_pkey on sbtest8  (cost=0.43..8.45 rows=1 width=121)
	  Index Cond: (id = 2703237)

for: simple_ranges
table 1 : explain SELECT c FROM sbtest1 WHERE id BETWEEN 9405514 AND 9405523
	Index Scan using sbtest1_pkey on sbtest1  (cost=0.43..35.21 rows=9 width=121)
	  Index Cond: ((id >= 9405514) AND (id <= 9405523))

table 2 : explain SELECT c FROM sbtest2 WHERE id BETWEEN 4828210 AND 4828219
	Index Scan using sbtest2_pkey on sbtest2  (cost=0.43..38.47 rows=10 width=121)
	  Index Cond: ((id >= 4828210) AND (id <= 4828219))

table 3 : explain SELECT c FROM sbtest3 WHERE id BETWEEN 7457887 AND 7457896
	Index Scan using sbtest3_pkey on sbtest3  (cost=0.43..39.11 rows=10 width=121)
	  Index Cond: ((id >= 7457887) AND (id <= 7457896))

table 4 : explain SELECT c FROM sbtest4 WHERE id BETWEEN 1176850 AND 1176859
	Index Scan using sbtest4_pkey on sbtest4  (cost=0.43..35.53 rows=9 width=121)
	  Index Cond: ((id >= 1176850) AND (id <= 1176859))

table 5 : explain SELECT c FROM sbtest5 WHERE id BETWEEN 7446434 AND 7446443
	Index Scan using sbtest5_pkey on sbtest5  (cost=0.43..38.87 rows=10 width=121)
	  Index Cond: ((id >= 7446434) AND (id <= 7446443))

table 6 : explain SELECT c FROM sbtest6 WHERE id BETWEEN 3575720 AND 3575729
	Index Scan using sbtest6_pkey on sbtest6  (cost=0.43..38.77 rows=10 width=121)
	  Index Cond: ((id >= 3575720) AND (id <= 3575729))

table 7 : explain SELECT c FROM sbtest7 WHERE id BETWEEN 3788434 AND 3788443
	Index Scan using sbtest7_pkey on sbtest7  (cost=0.43..38.74 rows=10 width=121)
	  Index Cond: ((id >= 3788434) AND (id <= 3788443))

table 8 : explain SELECT c FROM sbtest8 WHERE id BETWEEN 3646661 AND 3646670
	Index Scan using sbtest8_pkey on sbtest8  (cost=0.43..38.87 rows=10 width=121)
	  Index Cond: ((id >= 3646661) AND (id <= 3646670))

for point_selects
table 1 : explain SELECT c FROM sbtest1 WHERE id=7829219
	Index Scan using sbtest1_pkey on sbtest1  (cost=0.43..8.45 rows=1 width=121)
	  Index Cond: (id = 7829219)

table 2 : explain SELECT c FROM sbtest2 WHERE id=4630909
	Index Scan using sbtest2_pkey on sbtest2  (cost=0.43..8.45 rows=1 width=121)
	  Index Cond: (id = 4630909)

table 3 : explain SELECT c FROM sbtest3 WHERE id=3711225
	Index Scan using sbtest3_pkey on sbtest3  (cost=0.43..8.45 rows=1 width=121)
	  Index Cond: (id = 3711225)

table 4 : explain SELECT c FROM sbtest4 WHERE id=3381154
	Index Scan using sbtest4_pkey on sbtest4  (cost=0.43..8.45 rows=1 width=121)
	  Index Cond: (id = 3381154)

table 5 : explain SELECT c FROM sbtest5 WHERE id=563689
	Index Scan using sbtest5_pkey on sbtest5  (cost=0.43..8.45 rows=1 width=121)
	  Index Cond: (id = 563689)

table 6 : explain SELECT c FROM sbtest6 WHERE id=8629363
	Index Scan using sbtest6_pkey on sbtest6  (cost=0.43..8.45 rows=1 width=121)
	  Index Cond: (id = 8629363)

table 7 : explain SELECT c FROM sbtest7 WHERE id=6682801
	Index Scan using sbtest7_pkey on sbtest7  (cost=0.43..8.45 rows=1 width=121)
	  Index Cond: (id = 6682801)

table 8 : explain SELECT c FROM sbtest8 WHERE id=5634822
	Index Scan using sbtest8_pkey on sbtest8  (cost=0.43..8.45 rows=1 width=121)
	  Index Cond: (id = 5634822)

for point_selects
table 1 : explain SELECT c FROM sbtest1 WHERE id=6187758
	Index Scan using sbtest1_pkey on sbtest1  (cost=0.43..8.45 rows=1 width=121)
	  Index Cond: (id = 6187758)

table 2 : explain SELECT c FROM sbtest2 WHERE id=1603074
	Index Scan using sbtest2_pkey on sbtest2  (cost=0.43..8.45 rows=1 width=121)
	  Index Cond: (id = 1603074)

table 3 : explain SELECT c FROM sbtest3 WHERE id=5385873
	Index Scan using sbtest3_pkey on sbtest3  (cost=0.43..8.45 rows=1 width=121)
	  Index Cond: (id = 5385873)

table 4 : explain SELECT c FROM sbtest4 WHERE id=1211953
	Index Scan using sbtest4_pkey on sbtest4  (cost=0.43..8.45 rows=1 width=121)
	  Index Cond: (id = 1211953)

table 5 : explain SELECT c FROM sbtest5 WHERE id=3369996
	Index Scan using sbtest5_pkey on sbtest5  (cost=0.43..8.45 rows=1 width=121)
	  Index Cond: (id = 3369996)

table 6 : explain SELECT c FROM sbtest6 WHERE id=7325990
	Index Scan using sbtest6_pkey on sbtest6  (cost=0.43..8.45 rows=1 width=121)
	  Index Cond: (id = 7325990)

table 7 : explain SELECT c FROM sbtest7 WHERE id=6138364
	Index Scan using sbtest7_pkey on sbtest7  (cost=0.43..8.45 rows=1 width=121)
	  Index Cond: (id = 6138364)

table 8 : explain SELECT c FROM sbtest8 WHERE id=9979189
	Index Scan using sbtest8_pkey on sbtest8  (cost=0.43..8.45 rows=1 width=121)
	  Index Cond: (id = 9979189)

for: simple_ranges
table 1 : explain SELECT c FROM sbtest1 WHERE id BETWEEN 2714941 AND 2714950
	Index Scan using sbtest1_pkey on sbtest1  (cost=0.43..45.24 rows=12 width=121)
	  Index Cond: ((id >= 2714941) AND (id <= 2714950))

table 2 : explain SELECT c FROM sbtest2 WHERE id BETWEEN 9161478 AND 9161487
	Index Scan using sbtest2_pkey on sbtest2  (cost=0.43..38.47 rows=10 width=121)
	  Index Cond: ((id >= 9161478) AND (id <= 9161487))

table 3 : explain SELECT c FROM sbtest3 WHERE id BETWEEN 8299675 AND 8299684
	Index Scan using sbtest3_pkey on sbtest3  (cost=0.43..35.71 rows=9 width=121)
	  Index Cond: ((id >= 8299675) AND (id <= 8299684))

table 4 : explain SELECT c FROM sbtest4 WHERE id BETWEEN 1524459 AND 1524468
	Index Scan using sbtest4_pkey on sbtest4  (cost=0.43..35.53 rows=9 width=121)
	  Index Cond: ((id >= 1524459) AND (id <= 1524468))

table 5 : explain SELECT c FROM sbtest5 WHERE id BETWEEN 7977464 AND 7977473
	Index Scan using sbtest5_pkey on sbtest5  (cost=0.43..35.49 rows=9 width=121)
	  Index Cond: ((id >= 7977464) AND (id <= 7977473))

table 6 : explain SELECT c FROM sbtest6 WHERE id BETWEEN 5899997 AND 5900006
	Index Scan using sbtest6_pkey on sbtest6  (cost=0.43..38.77 rows=10 width=121)
	  Index Cond: ((id >= 5899997) AND (id <= 5900006))

table 7 : explain SELECT c FROM sbtest7 WHERE id BETWEEN 2041718 AND 2041727
	Index Scan using sbtest7_pkey on sbtest7  (cost=0.43..42.10 rows=11 width=121)
	  Index Cond: ((id >= 2041718) AND (id <= 2041727))

table 8 : explain SELECT c FROM sbtest8 WHERE id BETWEEN 2900228 AND 2900237
	Index Scan using sbtest8_pkey on sbtest8  (cost=0.43..38.87 rows=10 width=121)
	  Index Cond: ((id >= 2900228) AND (id <= 2900237))

for: simple_ranges
table 1 : explain SELECT c FROM sbtest1 WHERE id BETWEEN 3418208 AND 3418217
	Index Scan using sbtest1_pkey on sbtest1  (cost=0.43..41.89 rows=11 width=121)
	  Index Cond: ((id >= 3418208) AND (id <= 3418217))

table 2 : explain SELECT c FROM sbtest2 WHERE id BETWEEN 3783467 AND 3783476
	Index Scan using sbtest2_pkey on sbtest2  (cost=0.43..38.47 rows=10 width=121)
	  Index Cond: ((id >= 3783467) AND (id <= 3783476))

table 3 : explain SELECT c FROM sbtest3 WHERE id BETWEEN 3058492 AND 3058501
	Index Scan using sbtest3_pkey on sbtest3  (cost=0.43..39.11 rows=10 width=121)
	  Index Cond: ((id >= 3058492) AND (id <= 3058501))

table 4 : explain SELECT c FROM sbtest4 WHERE id BETWEEN 6983115 AND 6983124
	Index Scan using sbtest4_pkey on sbtest4  (cost=0.43..38.92 rows=10 width=121)
	  Index Cond: ((id >= 6983115) AND (id <= 6983124))

table 5 : explain SELECT c FROM sbtest5 WHERE id BETWEEN 2701947 AND 2701956
	Index Scan using sbtest5_pkey on sbtest5  (cost=0.43..42.25 rows=11 width=121)
	  Index Cond: ((id >= 2701947) AND (id <= 2701956))

table 6 : explain SELECT c FROM sbtest6 WHERE id BETWEEN 6912661 AND 6912670
	Index Scan using sbtest6_pkey on sbtest6  (cost=0.43..38.77 rows=10 width=121)
	  Index Cond: ((id >= 6912661) AND (id <= 6912670))

table 7 : explain SELECT c FROM sbtest7 WHERE id BETWEEN 2893853 AND 2893862
	Index Scan using sbtest7_pkey on sbtest7  (cost=0.43..35.37 rows=9 width=121)
	  Index Cond: ((id >= 2893853) AND (id <= 2893862))

table 8 : explain SELECT c FROM sbtest8 WHERE id BETWEEN 9536299 AND 9536308
	Index Scan using sbtest8_pkey on sbtest8  (cost=0.43..38.87 rows=10 width=121)
	  Index Cond: ((id >= 9536299) AND (id <= 9536308))

for: simple_ranges
table 1 : explain SELECT c FROM sbtest1 WHERE id BETWEEN 1873541 AND 1873550
	Index Scan using sbtest1_pkey on sbtest1  (cost=0.43..41.89 rows=11 width=121)
	  Index Cond: ((id >= 1873541) AND (id <= 1873550))

table 2 : explain SELECT c FROM sbtest2 WHERE id BETWEEN 8318685 AND 8318694
	Index Scan using sbtest2_pkey on sbtest2  (cost=0.43..35.13 rows=9 width=121)
	  Index Cond: ((id >= 8318685) AND (id <= 8318694))

table 3 : explain SELECT c FROM sbtest3 WHERE id BETWEEN 9420137 AND 9420146
	Index Scan using sbtest3_pkey on sbtest3  (cost=0.43..39.11 rows=10 width=121)
	  Index Cond: ((id >= 9420137) AND (id <= 9420146))

table 4 : explain SELECT c FROM sbtest4 WHERE id BETWEEN 7472124 AND 7472133
	Index Scan using sbtest4_pkey on sbtest4  (cost=0.43..42.30 rows=11 width=121)
	  Index Cond: ((id >= 7472124) AND (id <= 7472133))

table 5 : explain SELECT c FROM sbtest5 WHERE id BETWEEN 3193758 AND 3193767
	Index Scan using sbtest5_pkey on sbtest5  (cost=0.43..38.87 rows=10 width=121)
	  Index Cond: ((id >= 3193758) AND (id <= 3193767))

table 6 : explain SELECT c FROM sbtest6 WHERE id BETWEEN 4179356 AND 4179365
	Index Scan using sbtest6_pkey on sbtest6  (cost=0.43..38.77 rows=10 width=121)
	  Index Cond: ((id >= 4179356) AND (id <= 4179365))

table 7 : explain SELECT c FROM sbtest7 WHERE id BETWEEN 1978118 AND 1978127
	Index Scan using sbtest7_pkey on sbtest7  (cost=0.43..38.74 rows=10 width=121)
	  Index Cond: ((id >= 1978118) AND (id <= 1978127))

table 8 : explain SELECT c FROM sbtest8 WHERE id BETWEEN 560017 AND 560026
	Index Scan using sbtest8_pkey on sbtest8  (cost=0.43..38.87 rows=10 width=121)
	  Index Cond: ((id >= 560017) AND (id <= 560026))

for: simple_ranges
table 1 : explain SELECT c FROM sbtest1 WHERE id BETWEEN 8938254 AND 8938263
	Index Scan using sbtest1_pkey on sbtest1  (cost=0.43..41.89 rows=11 width=121)
	  Index Cond: ((id >= 8938254) AND (id <= 8938263))

table 2 : explain SELECT c FROM sbtest2 WHERE id BETWEEN 7278127 AND 7278136
	Index Scan using sbtest2_pkey on sbtest2  (cost=0.43..41.80 rows=11 width=121)
	  Index Cond: ((id >= 7278127) AND (id <= 7278136))

table 3 : explain SELECT c FROM sbtest3 WHERE id BETWEEN 8432777 AND 8432786
	Index Scan using sbtest3_pkey on sbtest3  (cost=0.43..39.11 rows=10 width=121)
	  Index Cond: ((id >= 8432777) AND (id <= 8432786))

table 4 : explain SELECT c FROM sbtest4 WHERE id BETWEEN 4478408 AND 4478417
	Index Scan using sbtest4_pkey on sbtest4  (cost=0.43..38.92 rows=10 width=121)
	  Index Cond: ((id >= 4478408) AND (id <= 4478417))

table 5 : explain SELECT c FROM sbtest5 WHERE id BETWEEN 1836408 AND 1836417
	Index Scan using sbtest5_pkey on sbtest5  (cost=0.43..35.49 rows=9 width=121)
	  Index Cond: ((id >= 1836408) AND (id <= 1836417))

table 6 : explain SELECT c FROM sbtest6 WHERE id BETWEEN 333952 AND 333961
	Index Scan using sbtest6_pkey on sbtest6  (cost=0.43..38.77 rows=10 width=121)
	  Index Cond: ((id >= 333952) AND (id <= 333961))

table 7 : explain SELECT c FROM sbtest7 WHERE id BETWEEN 7291632 AND 7291641
	Index Scan using sbtest7_pkey on sbtest7  (cost=0.43..38.74 rows=10 width=121)
	  Index Cond: ((id >= 7291632) AND (id <= 7291641))

table 8 : explain SELECT c FROM sbtest8 WHERE id BETWEEN 1375411 AND 1375420
	Index Scan using sbtest8_pkey on sbtest8  (cost=0.43..35.49 rows=9 width=121)
	  Index Cond: ((id >= 1375411) AND (id <= 1375420))

explain: for point_selects :: explain SELECT c FROM sbtest%u WHERE id=%u
explain: for point_selects :: explain SELECT c FROM sbtest%u WHERE id=%u
for: sum_ranges
table 1 : explain SELECT SUM(k) FROM sbtest1 WHERE id BETWEEN 940161 AND 940170
	Aggregate  (cost=41.92..41.93 rows=1 width=8)
	  ->  Index Scan using sbtest1_pkey on sbtest1  (cost=0.43..41.89 rows=11 width=4)
	        Index Cond: ((id >= 940161) AND (id <= 940170))

table 2 : explain SELECT SUM(k) FROM sbtest2 WHERE id BETWEEN 6117720 AND 6117729
	Aggregate  (cost=38.49..38.50 rows=1 width=8)
	  ->  Index Scan using sbtest2_pkey on sbtest2  (cost=0.43..38.47 rows=10 width=4)
	        Index Cond: ((id >= 6117720) AND (id <= 6117729))

table 3 : explain SELECT SUM(k) FROM sbtest3 WHERE id BETWEEN 3460850 AND 3460859
	Aggregate  (cost=39.14..39.15 rows=1 width=8)
	  ->  Index Scan using sbtest3_pkey on sbtest3  (cost=0.43..39.11 rows=10 width=4)
	        Index Cond: ((id >= 3460850) AND (id <= 3460859))

table 4 : explain SELECT SUM(k) FROM sbtest4 WHERE id BETWEEN 7624304 AND 7624313
	Aggregate  (cost=38.94..38.95 rows=1 width=8)
	  ->  Index Scan using sbtest4_pkey on sbtest4  (cost=0.43..38.92 rows=10 width=4)
	        Index Cond: ((id >= 7624304) AND (id <= 7624313))

table 5 : explain SELECT SUM(k) FROM sbtest5 WHERE id BETWEEN 4073728 AND 4073737
	Aggregate  (cost=38.89..38.90 rows=1 width=8)
	  ->  Index Scan using sbtest5_pkey on sbtest5  (cost=0.43..38.87 rows=10 width=4)
	        Index Cond: ((id >= 4073728) AND (id <= 4073737))

table 6 : explain SELECT SUM(k) FROM sbtest6 WHERE id BETWEEN 1207299 AND 1207308
	Aggregate  (cost=38.80..38.81 rows=1 width=8)
	  ->  Index Scan using sbtest6_pkey on sbtest6  (cost=0.43..38.77 rows=10 width=4)
	        Index Cond: ((id >= 1207299) AND (id <= 1207308))

table 7 : explain SELECT SUM(k) FROM sbtest7 WHERE id BETWEEN 1566896 AND 1566905
	Aggregate  (cost=38.76..38.77 rows=1 width=8)
	  ->  Index Scan using sbtest7_pkey on sbtest7  (cost=0.43..38.74 rows=10 width=4)
	        Index Cond: ((id >= 1566896) AND (id <= 1566905))

table 8 : explain SELECT SUM(k) FROM sbtest8 WHERE id BETWEEN 7864982 AND 7864991
	Aggregate  (cost=35.51..35.52 rows=1 width=8)
	  ->  Index Scan using sbtest8_pkey on sbtest8  (cost=0.43..35.49 rows=9 width=4)
	        Index Cond: ((id >= 7864982) AND (id <= 7864991))

explain: for point_selects :: explain SELECT c FROM sbtest%u WHERE id=%u
for: sum_ranges
table 1 : explain SELECT SUM(k) FROM sbtest1 WHERE id BETWEEN 761924 AND 761933
	Aggregate  (cost=38.57..38.58 rows=1 width=8)
	  ->  Index Scan using sbtest1_pkey on sbtest1  (cost=0.43..38.55 rows=10 width=4)
	        Index Cond: ((id >= 761924) AND (id <= 761933))

table 2 : explain SELECT SUM(k) FROM sbtest2 WHERE id BETWEEN 1281307 AND 1281316
	Aggregate  (cost=38.49..38.50 rows=1 width=8)
	  ->  Index Scan using sbtest2_pkey on sbtest2  (cost=0.43..38.47 rows=10 width=4)
	        Index Cond: ((id >= 1281307) AND (id <= 1281316))

table 3 : explain SELECT SUM(k) FROM sbtest3 WHERE id BETWEEN 6985867 AND 6985876
	Aggregate  (cost=39.14..39.15 rows=1 width=8)
	  ->  Index Scan using sbtest3_pkey on sbtest3  (cost=0.43..39.11 rows=10 width=4)
	        Index Cond: ((id >= 6985867) AND (id <= 6985876))

table 4 : explain SELECT SUM(k) FROM sbtest4 WHERE id BETWEEN 3453969 AND 3453978
	Aggregate  (cost=38.94..38.95 rows=1 width=8)
	  ->  Index Scan using sbtest4_pkey on sbtest4  (cost=0.43..38.92 rows=10 width=4)
	        Index Cond: ((id >= 3453969) AND (id <= 3453978))

table 5 : explain SELECT SUM(k) FROM sbtest5 WHERE id BETWEEN 8023475 AND 8023484
	Aggregate  (cost=38.89..38.90 rows=1 width=8)
	  ->  Index Scan using sbtest5_pkey on sbtest5  (cost=0.43..38.87 rows=10 width=4)
	        Index Cond: ((id >= 8023475) AND (id <= 8023484))

table 6 : explain SELECT SUM(k) FROM sbtest6 WHERE id BETWEEN 4452537 AND 4452546
	Aggregate  (cost=42.17..42.18 rows=1 width=8)
	  ->  Index Scan using sbtest6_pkey on sbtest6  (cost=0.43..42.14 rows=11 width=4)
	        Index Cond: ((id >= 4452537) AND (id <= 4452546))

table 7 : explain SELECT SUM(k) FROM sbtest7 WHERE id BETWEEN 95245 AND 95254
	Aggregate  (cost=38.76..38.77 rows=1 width=8)
	  ->  Index Scan using sbtest7_pkey on sbtest7  (cost=0.43..38.74 rows=10 width=4)
	        Index Cond: ((id >= 95245) AND (id <= 95254))

table 8 : explain SELECT SUM(k) FROM sbtest8 WHERE id BETWEEN 3189312 AND 3189321
	Aggregate  (cost=38.89..38.90 rows=1 width=8)
	  ->  Index Scan using sbtest8_pkey on sbtest8  (cost=0.43..38.87 rows=10 width=4)
	        Index Cond: ((id >= 3189312) AND (id <= 3189321))

for: sum_ranges
table 1 : explain SELECT SUM(k) FROM sbtest1 WHERE id BETWEEN 4894301 AND 4894310
	Aggregate  (cost=38.57..38.58 rows=1 width=8)
	  ->  Index Scan using sbtest1_pkey on sbtest1  (cost=0.43..38.55 rows=10 width=4)
	        Index Cond: ((id >= 4894301) AND (id <= 4894310))

table 2 : explain SELECT SUM(k) FROM sbtest2 WHERE id BETWEEN 6561324 AND 6561333
	Aggregate  (cost=38.49..38.50 rows=1 width=8)
	  ->  Index Scan using sbtest2_pkey on sbtest2  (cost=0.43..38.47 rows=10 width=4)
	        Index Cond: ((id >= 6561324) AND (id <= 6561333))

table 3 : explain SELECT SUM(k) FROM sbtest3 WHERE id BETWEEN 8411342 AND 8411351
	Aggregate  (cost=39.14..39.15 rows=1 width=8)
	  ->  Index Scan using sbtest3_pkey on sbtest3  (cost=0.43..39.11 rows=10 width=4)
	        Index Cond: ((id >= 8411342) AND (id <= 8411351))

table 4 : explain SELECT SUM(k) FROM sbtest4 WHERE id BETWEEN 8556135 AND 8556144
	Aggregate  (cost=38.94..38.95 rows=1 width=8)
	  ->  Index Scan using sbtest4_pkey on sbtest4  (cost=0.43..38.92 rows=10 width=4)
	        Index Cond: ((id >= 8556135) AND (id <= 8556144))

table 5 : explain SELECT SUM(k) FROM sbtest5 WHERE id BETWEEN 2880807 AND 2880816
	Aggregate  (cost=38.89..38.90 rows=1 width=8)
	  ->  Index Scan using sbtest5_pkey on sbtest5  (cost=0.43..38.87 rows=10 width=4)
	        Index Cond: ((id >= 2880807) AND (id <= 2880816))

table 6 : explain SELECT SUM(k) FROM sbtest6 WHERE id BETWEEN 5575250 AND 5575259
	Aggregate  (cost=38.80..38.81 rows=1 width=8)
	  ->  Index Scan using sbtest6_pkey on sbtest6  (cost=0.43..38.77 rows=10 width=4)
	        Index Cond: ((id >= 5575250) AND (id <= 5575259))

table 7 : explain SELECT SUM(k) FROM sbtest7 WHERE id BETWEEN 6639677 AND 6639686
	Aggregate  (cost=38.76..38.77 rows=1 width=8)
	  ->  Index Scan using sbtest7_pkey on sbtest7  (cost=0.43..38.74 rows=10 width=4)
	        Index Cond: ((id >= 6639677) AND (id <= 6639686))

table 8 : explain SELECT SUM(k) FROM sbtest8 WHERE id BETWEEN 7609254 AND 7609263
	Aggregate  (cost=38.89..38.90 rows=1 width=8)
	  ->  Index Scan using sbtest8_pkey on sbtest8  (cost=0.43..38.87 rows=10 width=4)
	        Index Cond: ((id >= 7609254) AND (id <= 7609263))

explain: for point_selects :: explain SELECT c FROM sbtest%u WHERE id=%u
for: sum_ranges
table 1 : explain SELECT SUM(k) FROM sbtest1 WHERE id BETWEEN 3071483 AND 3071492
	Aggregate  (cost=38.57..38.58 rows=1 width=8)
	  ->  Index Scan using sbtest1_pkey on sbtest1  (cost=0.43..38.55 rows=10 width=4)
	        Index Cond: ((id >= 3071483) AND (id <= 3071492))

table 2 : explain SELECT SUM(k) FROM sbtest2 WHERE id BETWEEN 5353820 AND 5353829
	Aggregate  (cost=38.49..38.50 rows=1 width=8)
	  ->  Index Scan using sbtest2_pkey on sbtest2  (cost=0.43..38.47 rows=10 width=4)
	        Index Cond: ((id >= 5353820) AND (id <= 5353829))

table 3 : explain SELECT SUM(k) FROM sbtest3 WHERE id BETWEEN 1899535 AND 1899544
	Aggregate  (cost=39.14..39.15 rows=1 width=8)
	  ->  Index Scan using sbtest3_pkey on sbtest3  (cost=0.43..39.11 rows=10 width=4)
	        Index Cond: ((id >= 1899535) AND (id <= 1899544))

table 4 : explain SELECT SUM(k) FROM sbtest4 WHERE id BETWEEN 368824 AND 368833
	Aggregate  (cost=42.33..42.34 rows=1 width=8)
	  ->  Index Scan using sbtest4_pkey on sbtest4  (cost=0.43..42.30 rows=11 width=4)
	        Index Cond: ((id >= 368824) AND (id <= 368833))

table 5 : explain SELECT SUM(k) FROM sbtest5 WHERE id BETWEEN 5713875 AND 5713884
	Aggregate  (cost=38.89..38.90 rows=1 width=8)
	  ->  Index Scan using sbtest5_pkey on sbtest5  (cost=0.43..38.87 rows=10 width=4)
	        Index Cond: ((id >= 5713875) AND (id <= 5713884))

table 6 : explain SELECT SUM(k) FROM sbtest6 WHERE id BETWEEN 550076 AND 550085
	Aggregate  (cost=38.80..38.81 rows=1 width=8)
	  ->  Index Scan using sbtest6_pkey on sbtest6  (cost=0.43..38.77 rows=10 width=4)
	        Index Cond: ((id >= 550076) AND (id <= 550085))

table 7 : explain SELECT SUM(k) FROM sbtest7 WHERE id BETWEEN 9045032 AND 9045041
	Aggregate  (cost=42.13..42.14 rows=1 width=8)
	  ->  Index Scan using sbtest7_pkey on sbtest7  (cost=0.43..42.10 rows=11 width=4)
	        Index Cond: ((id >= 9045032) AND (id <= 9045041))

table 8 : explain SELECT SUM(k) FROM sbtest8 WHERE id BETWEEN 9706090 AND 9706099
	Aggregate  (cost=38.89..38.90 rows=1 width=8)
	  ->  Index Scan using sbtest8_pkey on sbtest8  (cost=0.43..38.87 rows=10 width=4)
	        Index Cond: ((id >= 9706090) AND (id <= 9706099))

explain: for point_selects :: explain SELECT c FROM sbtest%u WHERE id=%u
explain: for point_selects :: explain SELECT c FROM sbtest%u WHERE id=%u
for: sum_ranges
table 1 : explain SELECT SUM(k) FROM sbtest1 WHERE id BETWEEN 3351321 AND 3351330
	Aggregate  (cost=41.92..41.93 rows=1 width=8)
	  ->  Index Scan using sbtest1_pkey on sbtest1  (cost=0.43..41.89 rows=11 width=4)
	        Index Cond: ((id >= 3351321) AND (id <= 3351330))

table 2 : explain SELECT SUM(k) FROM sbtest2 WHERE id BETWEEN 8010392 AND 8010401
	Aggregate  (cost=38.49..38.50 rows=1 width=8)
	  ->  Index Scan using sbtest2_pkey on sbtest2  (cost=0.43..38.47 rows=10 width=4)
	        Index Cond: ((id >= 8010392) AND (id <= 8010401))

table 3 : explain SELECT SUM(k) FROM sbtest3 WHERE id BETWEEN 1497894 AND 1497903
	Aggregate  (cost=39.14..39.15 rows=1 width=8)
	  ->  Index Scan using sbtest3_pkey on sbtest3  (cost=0.43..39.11 rows=10 width=4)
	        Index Cond: ((id >= 1497894) AND (id <= 1497903))

table 4 : explain SELECT SUM(k) FROM sbtest4 WHERE id BETWEEN 3267352 AND 3267361
	Aggregate  (cost=38.94..38.95 rows=1 width=8)
	  ->  Index Scan using sbtest4_pkey on sbtest4  (cost=0.43..38.92 rows=10 width=4)
	        Index Cond: ((id >= 3267352) AND (id <= 3267361))

table 5 : explain SELECT SUM(k) FROM sbtest5 WHERE id BETWEEN 743893 AND 743902
	Aggregate  (cost=42.27..42.28 rows=1 width=8)
	  ->  Index Scan using sbtest5_pkey on sbtest5  (cost=0.43..42.25 rows=11 width=4)
	        Index Cond: ((id >= 743893) AND (id <= 743902))

table 6 : explain SELECT SUM(k) FROM sbtest6 WHERE id BETWEEN 6410342 AND 6410351
	Aggregate  (cost=35.43..35.44 rows=1 width=8)
	  ->  Index Scan using sbtest6_pkey on sbtest6  (cost=0.43..35.40 rows=9 width=4)
	        Index Cond: ((id >= 6410342) AND (id <= 6410351))

table 7 : explain SELECT SUM(k) FROM sbtest7 WHERE id BETWEEN 6401724 AND 6401733
	Aggregate  (cost=38.76..38.77 rows=1 width=8)
	  ->  Index Scan using sbtest7_pkey on sbtest7  (cost=0.43..38.74 rows=10 width=4)
	        Index Cond: ((id >= 6401724) AND (id <= 6401733))

table 8 : explain SELECT SUM(k) FROM sbtest8 WHERE id BETWEEN 1790937 AND 1790946
	Aggregate  (cost=38.89..38.90 rows=1 width=8)
	  ->  Index Scan using sbtest8_pkey on sbtest8  (cost=0.43..38.87 rows=10 width=4)
	        Index Cond: ((id >= 1790937) AND (id <= 1790946))

for point_selects
table 1 : explain SELECT c FROM sbtest1 WHERE id=7392679
	Index Scan using sbtest1_pkey on sbtest1  (cost=0.43..8.45 rows=1 width=121)
	  Index Cond: (id = 7392679)

table 2 : explain SELECT c FROM sbtest2 WHERE id=2119787
	Index Scan using sbtest2_pkey on sbtest2  (cost=0.43..8.45 rows=1 width=121)
	  Index Cond: (id = 2119787)

table 3 : explain SELECT c FROM sbtest3 WHERE id=5783671
	Index Scan using sbtest3_pkey on sbtest3  (cost=0.43..8.45 rows=1 width=121)
	  Index Cond: (id = 5783671)

table 4 : explain SELECT c FROM sbtest4 WHERE id=24891
	Index Scan using sbtest4_pkey on sbtest4  (cost=0.43..8.45 rows=1 width=121)
	  Index Cond: (id = 24891)

table 5 : explain SELECT c FROM sbtest5 WHERE id=7684580
	Index Scan using sbtest5_pkey on sbtest5  (cost=0.43..8.45 rows=1 width=121)
	  Index Cond: (id = 7684580)

table 6 : explain SELECT c FROM sbtest6 WHERE id=8285804
	Index Scan using sbtest6_pkey on sbtest6  (cost=0.43..8.45 rows=1 width=121)
	  Index Cond: (id = 8285804)

table 7 : explain SELECT c FROM sbtest7 WHERE id=471032
	Index Scan using sbtest7_pkey on sbtest7  (cost=0.43..8.45 rows=1 width=121)
	  Index Cond: (id = 471032)

table 8 : explain SELECT c FROM sbtest8 WHERE id=8152599
	Index Scan using sbtest8_pkey on sbtest8  (cost=0.43..8.45 rows=1 width=121)
	  Index Cond: (id = 8152599)

for point_selects
table 1 : explain SELECT c FROM sbtest1 WHERE id=6789785
	Index Scan using sbtest1_pkey on sbtest1  (cost=0.43..8.45 rows=1 width=121)
	  Index Cond: (id = 6789785)

table 2 : explain SELECT c FROM sbtest2 WHERE id=6039127
	Index Scan using sbtest2_pkey on sbtest2  (cost=0.43..8.45 rows=1 width=121)
	  Index Cond: (id = 6039127)

table 3 : explain SELECT c FROM sbtest3 WHERE id=9580423
	Index Scan using sbtest3_pkey on sbtest3  (cost=0.43..8.45 rows=1 width=121)
	  Index Cond: (id = 9580423)

table 4 : explain SELECT c FROM sbtest4 WHERE id=2717314
	Index Scan using sbtest4_pkey on sbtest4  (cost=0.43..8.45 rows=1 width=121)
	  Index Cond: (id = 2717314)

table 5 : explain SELECT c FROM sbtest5 WHERE id=523299
	Index Scan using sbtest5_pkey on sbtest5  (cost=0.43..8.45 rows=1 width=121)
	  Index Cond: (id = 523299)

table 6 : explain SELECT c FROM sbtest6 WHERE id=5287695
	Index Scan using sbtest6_pkey on sbtest6  (cost=0.43..8.45 rows=1 width=121)
	  Index Cond: (id = 5287695)

table 7 : explain SELECT c FROM sbtest7 WHERE id=3510112
	Index Scan using sbtest7_pkey on sbtest7  (cost=0.43..8.45 rows=1 width=121)
	  Index Cond: (id = 3510112)

table 8 : explain SELECT c FROM sbtest8 WHERE id=9790503
	Index Scan using sbtest8_pkey on sbtest8  (cost=0.43..8.45 rows=1 width=121)
	  Index Cond: (id = 9790503)

for: simple_ranges
table 1 : explain SELECT c FROM sbtest1 WHERE id BETWEEN 608184 AND 608193
	Index Scan using sbtest1_pkey on sbtest1  (cost=0.43..41.89 rows=11 width=121)
	  Index Cond: ((id >= 608184) AND (id <= 608193))

table 2 : explain SELECT c FROM sbtest2 WHERE id BETWEEN 2510652 AND 2510661
	Index Scan using sbtest2_pkey on sbtest2  (cost=0.43..38.47 rows=10 width=121)
	  Index Cond: ((id >= 2510652) AND (id <= 2510661))

table 3 : explain SELECT c FROM sbtest3 WHERE id BETWEEN 3271035 AND 3271044
	Index Scan using sbtest3_pkey on sbtest3  (cost=0.43..39.11 rows=10 width=121)
	  Index Cond: ((id >= 3271035) AND (id <= 3271044))

table 4 : explain SELECT c FROM sbtest4 WHERE id BETWEEN 4369654 AND 4369663
	Index Scan using sbtest4_pkey on sbtest4  (cost=0.43..38.92 rows=10 width=121)
	  Index Cond: ((id >= 4369654) AND (id <= 4369663))

table 5 : explain SELECT c FROM sbtest5 WHERE id BETWEEN 9379736 AND 9379745
	Index Scan using sbtest5_pkey on sbtest5  (cost=0.43..35.49 rows=9 width=121)
	  Index Cond: ((id >= 9379736) AND (id <= 9379745))

table 6 : explain SELECT c FROM sbtest6 WHERE id BETWEEN 4734315 AND 4734324
	Index Scan using sbtest6_pkey on sbtest6  (cost=0.43..38.77 rows=10 width=121)
	  Index Cond: ((id >= 4734315) AND (id <= 4734324))

table 7 : explain SELECT c FROM sbtest7 WHERE id BETWEEN 8050164 AND 8050173
	Index Scan using sbtest7_pkey on sbtest7  (cost=0.43..35.37 rows=9 width=121)
	  Index Cond: ((id >= 8050164) AND (id <= 8050173))

table 8 : explain SELECT c FROM sbtest8 WHERE id BETWEEN 9511125 AND 9511134
	Index Scan using sbtest8_pkey on sbtest8  (cost=0.43..38.87 rows=10 width=121)
	  Index Cond: ((id >= 9511125) AND (id <= 9511134))

for: order_ranges
table 1 : explain SELECT c FROM sbtest1 WHERE id BETWEEN 3985954 AND 3985963 ORDER BY c
	Sort  (cost=38.72..38.74 rows=10 width=121)
	  Sort Key: c
	  ->  Index Scan using sbtest1_pkey on sbtest1  (cost=0.43..38.55 rows=10 width=121)
	        Index Cond: ((id >= 3985954) AND (id <= 3985963))

table 2 : explain SELECT c FROM sbtest2 WHERE id BETWEEN 3830258 AND 3830267 ORDER BY c
	Sort  (cost=38.63..38.66 rows=10 width=121)
	  Sort Key: c
	  ->  Index Scan using sbtest2_pkey on sbtest2  (cost=0.43..38.47 rows=10 width=121)
	        Index Cond: ((id >= 3830258) AND (id <= 3830267))

table 3 : explain SELECT c FROM sbtest3 WHERE id BETWEEN 5619215 AND 5619224 ORDER BY c
	Sort  (cost=39.28..39.30 rows=10 width=121)
	  Sort Key: c
	  ->  Index Scan using sbtest3_pkey on sbtest3  (cost=0.43..39.11 rows=10 width=121)
	        Index Cond: ((id >= 5619215) AND (id <= 5619224))

table 4 : explain SELECT c FROM sbtest4 WHERE id BETWEEN 7370212 AND 7370221 ORDER BY c
	Sort  (cost=39.09..39.11 rows=10 width=121)
	  Sort Key: c
	  ->  Index Scan using sbtest4_pkey on sbtest4  (cost=0.43..38.92 rows=10 width=121)
	        Index Cond: ((id >= 7370212) AND (id <= 7370221))

table 5 : explain SELECT c FROM sbtest5 WHERE id BETWEEN 6863203 AND 6863212 ORDER BY c
	Sort  (cost=35.63..35.65 rows=9 width=121)
	  Sort Key: c
	  ->  Index Scan using sbtest5_pkey on sbtest5  (cost=0.43..35.49 rows=9 width=121)
	        Index Cond: ((id >= 6863203) AND (id <= 6863212))

table 6 : explain SELECT c FROM sbtest6 WHERE id BETWEEN 9916549 AND 9916558 ORDER BY c
	Sort  (cost=38.94..38.96 rows=10 width=121)
	  Sort Key: c
	  ->  Index Scan using sbtest6_pkey on sbtest6  (cost=0.43..38.77 rows=10 width=121)
	        Index Cond: ((id >= 9916549) AND (id <= 9916558))

table 7 : explain SELECT c FROM sbtest7 WHERE id BETWEEN 8639095 AND 8639104 ORDER BY c
	Sort  (cost=38.90..38.93 rows=10 width=121)
	  Sort Key: c
	  ->  Index Scan using sbtest7_pkey on sbtest7  (cost=0.43..38.74 rows=10 width=121)
	        Index Cond: ((id >= 8639095) AND (id <= 8639104))

table 8 : explain SELECT c FROM sbtest8 WHERE id BETWEEN 482737 AND 482746 ORDER BY c
	Sort  (cost=42.43..42.46 rows=11 width=121)
	  Sort Key: c
	  ->  Index Scan using sbtest8_pkey on sbtest8  (cost=0.43..42.24 rows=11 width=121)
	        Index Cond: ((id >= 482737) AND (id <= 482746))

for point_selects
table 1 : explain SELECT c FROM sbtest1 WHERE id=4591029
	Index Scan using sbtest1_pkey on sbtest1  (cost=0.43..8.45 rows=1 width=121)
	  Index Cond: (id = 4591029)

table 2 : explain SELECT c FROM sbtest2 WHERE id=4748125
	Index Scan using sbtest2_pkey on sbtest2  (cost=0.43..8.45 rows=1 width=121)
	  Index Cond: (id = 4748125)

table 3 : explain SELECT c FROM sbtest3 WHERE id=2354352
	Index Scan using sbtest3_pkey on sbtest3  (cost=0.43..8.45 rows=1 width=121)
	  Index Cond: (id = 2354352)

table 4 : explain SELECT c FROM sbtest4 WHERE id=8782895
	Index Scan using sbtest4_pkey on sbtest4  (cost=0.43..8.45 rows=1 width=121)
	  Index Cond: (id = 8782895)

table 5 : explain SELECT c FROM sbtest5 WHERE id=7041349
	Index Scan using sbtest5_pkey on sbtest5  (cost=0.43..8.45 rows=1 width=121)
	  Index Cond: (id = 7041349)

table 6 : explain SELECT c FROM sbtest6 WHERE id=4793549
	Index Scan using sbtest6_pkey on sbtest6  (cost=0.43..8.45 rows=1 width=121)
	  Index Cond: (id = 4793549)

table 7 : explain SELECT c FROM sbtest7 WHERE id=2134681
	Index Scan using sbtest7_pkey on sbtest7  (cost=0.43..8.45 rows=1 width=121)
	  Index Cond: (id = 2134681)

table 8 : explain SELECT c FROM sbtest8 WHERE id=2718580
	Index Scan using sbtest8_pkey on sbtest8  (cost=0.43..8.45 rows=1 width=121)
	  Index Cond: (id = 2718580)

for: simple_ranges
table 1 : explain SELECT c FROM sbtest1 WHERE id BETWEEN 2839641 AND 2839650
	Index Scan using sbtest1_pkey on sbtest1  (cost=0.43..38.55 rows=10 width=121)
	  Index Cond: ((id >= 2839641) AND (id <= 2839650))

table 2 : explain SELECT c FROM sbtest2 WHERE id BETWEEN 1604659 AND 1604668
	Index Scan using sbtest2_pkey on sbtest2  (cost=0.43..38.47 rows=10 width=121)
	  Index Cond: ((id >= 1604659) AND (id <= 1604668))

table 3 : explain SELECT c FROM sbtest3 WHERE id BETWEEN 5399940 AND 5399949
	Index Scan using sbtest3_pkey on sbtest3  (cost=0.43..35.71 rows=9 width=121)
	  Index Cond: ((id >= 5399940) AND (id <= 5399949))

table 4 : explain SELECT c FROM sbtest4 WHERE id BETWEEN 4394794 AND 4394803
	Index Scan using sbtest4_pkey on sbtest4  (cost=0.43..38.92 rows=10 width=121)
	  Index Cond: ((id >= 4394794) AND (id <= 4394803))

table 5 : explain SELECT c FROM sbtest5 WHERE id BETWEEN 204166 AND 204175
	Index Scan using sbtest5_pkey on sbtest5  (cost=0.43..42.25 rows=11 width=121)
	  Index Cond: ((id >= 204166) AND (id <= 204175))

table 6 : explain SELECT c FROM sbtest6 WHERE id BETWEEN 5985403 AND 5985412
	Index Scan using sbtest6_pkey on sbtest6  (cost=0.43..38.77 rows=10 width=121)
	  Index Cond: ((id >= 5985403) AND (id <= 5985412))

table 7 : explain SELECT c FROM sbtest7 WHERE id BETWEEN 441262 AND 441271
	Index Scan using sbtest7_pkey on sbtest7  (cost=0.43..38.74 rows=10 width=121)
	  Index Cond: ((id >= 441262) AND (id <= 441271))

table 8 : explain SELECT c FROM sbtest8 WHERE id BETWEEN 27043 AND 27052
	Index Scan using sbtest8_pkey on sbtest8  (cost=0.43..38.87 rows=10 width=121)
	  Index Cond: ((id >= 27043) AND (id <= 27052))

for: order_ranges
table 1 : explain SELECT c FROM sbtest1 WHERE id BETWEEN 5628644 AND 5628653 ORDER BY c
	Sort  (cost=38.72..38.74 rows=10 width=121)
	  Sort Key: c
	  ->  Index Scan using sbtest1_pkey on sbtest1  (cost=0.43..38.55 rows=10 width=121)
	        Index Cond: ((id >= 5628644) AND (id <= 5628653))

table 2 : explain SELECT c FROM sbtest2 WHERE id BETWEEN 3991498 AND 3991507 ORDER BY c
	Sort  (cost=41.99..42.02 rows=11 width=121)
	  Sort Key: c
	  ->  Index Scan using sbtest2_pkey on sbtest2  (cost=0.43..41.80 rows=11 width=121)
	        Index Cond: ((id >= 3991498) AND (id <= 3991507))

table 3 : explain SELECT c FROM sbtest3 WHERE id BETWEEN 4841424 AND 4841433 ORDER BY c
	Sort  (cost=39.28..39.30 rows=10 width=121)
	  Sort Key: c
	  ->  Index Scan using sbtest3_pkey on sbtest3  (cost=0.43..39.11 rows=10 width=121)
	        Index Cond: ((id >= 4841424) AND (id <= 4841433))

table 4 : explain SELECT c FROM sbtest4 WHERE id BETWEEN 7144429 AND 7144438 ORDER BY c
	Sort  (cost=39.09..39.11 rows=10 width=121)
	  Sort Key: c
	  ->  Index Scan using sbtest4_pkey on sbtest4  (cost=0.43..38.92 rows=10 width=121)
	        Index Cond: ((id >= 7144429) AND (id <= 7144438))

table 5 : explain SELECT c FROM sbtest5 WHERE id BETWEEN 3135859 AND 3135868 ORDER BY c
	Sort  (cost=39.03..39.06 rows=10 width=121)
	  Sort Key: c
	  ->  Index Scan using sbtest5_pkey on sbtest5  (cost=0.43..38.87 rows=10 width=121)
	        Index Cond: ((id >= 3135859) AND (id <= 3135868))

table 6 : explain SELECT c FROM sbtest6 WHERE id BETWEEN 6993930 AND 6993939 ORDER BY c
	Sort  (cost=38.94..38.96 rows=10 width=121)
	  Sort Key: c
	  ->  Index Scan using sbtest6_pkey on sbtest6  (cost=0.43..38.77 rows=10 width=121)
	        Index Cond: ((id >= 6993930) AND (id <= 6993939))

table 7 : explain SELECT c FROM sbtest7 WHERE id BETWEEN 8718375 AND 8718384 ORDER BY c
	Sort  (cost=42.29..42.32 rows=11 width=121)
	  Sort Key: c
	  ->  Index Scan using sbtest7_pkey on sbtest7  (cost=0.43..42.10 rows=11 width=121)
	        Index Cond: ((id >= 8718375) AND (id <= 8718384))

table 8 : explain SELECT c FROM sbtest8 WHERE id BETWEEN 4668469 AND 4668478 ORDER BY c
	Sort  (cost=39.03..39.06 rows=10 width=121)
	  Sort Key: c
	  ->  Index Scan using sbtest8_pkey on sbtest8  (cost=0.43..38.87 rows=10 width=121)
	        Index Cond: ((id >= 4668469) AND (id <= 4668478))

for point_selects
table 1 : explain SELECT c FROM sbtest1 WHERE id=3457064
	Index Scan using sbtest1_pkey on sbtest1  (cost=0.43..8.45 rows=1 width=121)
	  Index Cond: (id = 3457064)

table 2 : explain SELECT c FROM sbtest2 WHERE id=8940030
	Index Scan using sbtest2_pkey on sbtest2  (cost=0.43..8.45 rows=1 width=121)
	  Index Cond: (id = 8940030)

table 3 : explain SELECT c FROM sbtest3 WHERE id=922910
	Index Scan using sbtest3_pkey on sbtest3  (cost=0.43..8.45 rows=1 width=121)
	  Index Cond: (id = 922910)

table 4 : explain SELECT c FROM sbtest4 WHERE id=5170291
	Index Scan using sbtest4_pkey on sbtest4  (cost=0.43..8.45 rows=1 width=121)
	  Index Cond: (id = 5170291)

table 5 : explain SELECT c FROM sbtest5 WHERE id=7587250
	Index Scan using sbtest5_pkey on sbtest5  (cost=0.43..8.45 rows=1 width=121)
	  Index Cond: (id = 7587250)

table 6 : explain SELECT c FROM sbtest6 WHERE id=6082938
	Index Scan using sbtest6_pkey on sbtest6  (cost=0.43..8.45 rows=1 width=121)
	  Index Cond: (id = 6082938)

table 7 : explain SELECT c FROM sbtest7 WHERE id=6528801
	Index Scan using sbtest7_pkey on sbtest7  (cost=0.43..8.45 rows=1 width=121)
	  Index Cond: (id = 6528801)

table 8 : explain SELECT c FROM sbtest8 WHERE id=4892602
	Index Scan using sbtest8_pkey on sbtest8  (cost=0.43..8.45 rows=1 width=121)
	  Index Cond: (id = 4892602)

for: sum_ranges
table 1 : explain SELECT SUM(k) FROM sbtest1 WHERE id BETWEEN 4235337 AND 4235346
	Aggregate  (cost=35.23..35.24 rows=1 width=8)
	  ->  Index Scan using sbtest1_pkey on sbtest1  (cost=0.43..35.21 rows=9 width=4)
	        Index Cond: ((id >= 4235337) AND (id <= 4235346))

table 2 : explain SELECT SUM(k) FROM sbtest2 WHERE id BETWEEN 693947 AND 693956
	Aggregate  (cost=38.49..38.50 rows=1 width=8)
	  ->  Index Scan using sbtest2_pkey on sbtest2  (cost=0.43..38.47 rows=10 width=4)
	        Index Cond: ((id >= 693947) AND (id <= 693956))

table 3 : explain SELECT SUM(k) FROM sbtest3 WHERE id BETWEEN 7507681 AND 7507690
	Aggregate  (cost=39.14..39.15 rows=1 width=8)
	  ->  Index Scan using sbtest3_pkey on sbtest3  (cost=0.43..39.11 rows=10 width=4)
	        Index Cond: ((id >= 7507681) AND (id <= 7507690))

table 4 : explain SELECT SUM(k) FROM sbtest4 WHERE id BETWEEN 5219342 AND 5219351
	Aggregate  (cost=42.33..42.34 rows=1 width=8)
	  ->  Index Scan using sbtest4_pkey on sbtest4  (cost=0.43..42.30 rows=11 width=4)
	        Index Cond: ((id >= 5219342) AND (id <= 5219351))

table 5 : explain SELECT SUM(k) FROM sbtest5 WHERE id BETWEEN 2627032 AND 2627041
	Aggregate  (cost=42.27..42.28 rows=1 width=8)
	  ->  Index Scan using sbtest5_pkey on sbtest5  (cost=0.43..42.25 rows=11 width=4)
	        Index Cond: ((id >= 2627032) AND (id <= 2627041))

table 6 : explain SELECT SUM(k) FROM sbtest6 WHERE id BETWEEN 8213091 AND 8213100
	Aggregate  (cost=35.43..35.44 rows=1 width=8)
	  ->  Index Scan using sbtest6_pkey on sbtest6  (cost=0.43..35.40 rows=9 width=4)
	        Index Cond: ((id >= 8213091) AND (id <= 8213100))

table 7 : explain SELECT SUM(k) FROM sbtest7 WHERE id BETWEEN 9811129 AND 9811138
	Aggregate  (cost=38.76..38.77 rows=1 width=8)
	  ->  Index Scan using sbtest7_pkey on sbtest7  (cost=0.43..38.74 rows=10 width=4)
	        Index Cond: ((id >= 9811129) AND (id <= 9811138))

table 8 : explain SELECT SUM(k) FROM sbtest8 WHERE id BETWEEN 5257911 AND 5257920
	Aggregate  (cost=35.51..35.52 rows=1 width=8)
	  ->  Index Scan using sbtest8_pkey on sbtest8  (cost=0.43..35.49 rows=9 width=4)
	        Index Cond: ((id >= 5257911) AND (id <= 5257920))

for: simple_ranges
table 1 : explain SELECT c FROM sbtest1 WHERE id BETWEEN 2573189 AND 2573198
	Index Scan using sbtest1_pkey on sbtest1  (cost=0.43..38.55 rows=10 width=121)
	  Index Cond: ((id >= 2573189) AND (id <= 2573198))

table 2 : explain SELECT c FROM sbtest2 WHERE id BETWEEN 5828018 AND 5828027
	Index Scan using sbtest2_pkey on sbtest2  (cost=0.43..38.47 rows=10 width=121)
	  Index Cond: ((id >= 5828018) AND (id <= 5828027))

table 3 : explain SELECT c FROM sbtest3 WHERE id BETWEEN 3983559 AND 3983568
	Index Scan using sbtest3_pkey on sbtest3  (cost=0.43..39.11 rows=10 width=121)
	  Index Cond: ((id >= 3983559) AND (id <= 3983568))

table 4 : explain SELECT c FROM sbtest4 WHERE id BETWEEN 8559970 AND 8559979
	Index Scan using sbtest4_pkey on sbtest4  (cost=0.43..38.92 rows=10 width=121)
	  Index Cond: ((id >= 8559970) AND (id <= 8559979))

table 5 : explain SELECT c FROM sbtest5 WHERE id BETWEEN 2487076 AND 2487085
	Index Scan using sbtest5_pkey on sbtest5  (cost=0.43..38.87 rows=10 width=121)
	  Index Cond: ((id >= 2487076) AND (id <= 2487085))

table 6 : explain SELECT c FROM sbtest6 WHERE id BETWEEN 9463369 AND 9463378
	Index Scan using sbtest6_pkey on sbtest6  (cost=0.43..38.77 rows=10 width=121)
	  Index Cond: ((id >= 9463369) AND (id <= 9463378))

table 7 : explain SELECT c FROM sbtest7 WHERE id BETWEEN 1129152 AND 1129161
	Index Scan using sbtest7_pkey on sbtest7  (cost=0.43..38.74 rows=10 width=121)
	  Index Cond: ((id >= 1129152) AND (id <= 1129161))

table 8 : explain SELECT c FROM sbtest8 WHERE id BETWEEN 9573574 AND 9573583
	Index Scan using sbtest8_pkey on sbtest8  (cost=0.43..38.87 rows=10 width=121)
	  Index Cond: ((id >= 9573574) AND (id <= 9573583))

for: order_ranges
table 1 : explain SELECT c FROM sbtest1 WHERE id BETWEEN 6602895 AND 6602904 ORDER BY c
	Sort  (cost=42.08..42.11 rows=11 width=121)
	  Sort Key: c
	  ->  Index Scan using sbtest1_pkey on sbtest1  (cost=0.43..41.89 rows=11 width=121)
	        Index Cond: ((id >= 6602895) AND (id <= 6602904))

table 2 : explain SELECT c FROM sbtest2 WHERE id BETWEEN 6498117 AND 6498126 ORDER BY c
	Sort  (cost=41.99..42.02 rows=11 width=121)
	  Sort Key: c
	  ->  Index Scan using sbtest2_pkey on sbtest2  (cost=0.43..41.80 rows=11 width=121)
	        Index Cond: ((id >= 6498117) AND (id <= 6498126))

table 3 : explain SELECT c FROM sbtest3 WHERE id BETWEEN 9786188 AND 9786197 ORDER BY c
	Sort  (cost=39.28..39.30 rows=10 width=121)
	  Sort Key: c
	  ->  Index Scan using sbtest3_pkey on sbtest3  (cost=0.43..39.11 rows=10 width=121)
	        Index Cond: ((id >= 9786188) AND (id <= 9786197))

table 4 : explain SELECT c FROM sbtest4 WHERE id BETWEEN 1436158 AND 1436167 ORDER BY c
	Sort  (cost=35.68..35.70 rows=9 width=121)
	  Sort Key: c
	  ->  Index Scan using sbtest4_pkey on sbtest4  (cost=0.43..35.53 rows=9 width=121)
	        Index Cond: ((id >= 1436158) AND (id <= 1436167))

table 5 : explain SELECT c FROM sbtest5 WHERE id BETWEEN 8495642 AND 8495651 ORDER BY c
	Sort  (cost=42.44..42.46 rows=11 width=121)
	  Sort Key: c
	  ->  Index Scan using sbtest5_pkey on sbtest5  (cost=0.43..42.25 rows=11 width=121)
	        Index Cond: ((id >= 8495642) AND (id <= 8495651))

table 6 : explain SELECT c FROM sbtest6 WHERE id BETWEEN 9883203 AND 9883212 ORDER BY c
	Sort  (cost=38.94..38.96 rows=10 width=121)
	  Sort Key: c
	  ->  Index Scan using sbtest6_pkey on sbtest6  (cost=0.43..38.77 rows=10 width=121)
	        Index Cond: ((id >= 9883203) AND (id <= 9883212))

table 7 : explain SELECT c FROM sbtest7 WHERE id BETWEEN 116352 AND 116361 ORDER BY c
	Sort  (cost=42.29..42.32 rows=11 width=121)
	  Sort Key: c
	  ->  Index Scan using sbtest7_pkey on sbtest7  (cost=0.43..42.10 rows=11 width=121)
	        Index Cond: ((id >= 116352) AND (id <= 116361))

table 8 : explain SELECT c FROM sbtest8 WHERE id BETWEEN 1761465 AND 1761474 ORDER BY c
	Sort  (cost=39.03..39.06 rows=10 width=121)
	  Sort Key: c
	  ->  Index Scan using sbtest8_pkey on sbtest8  (cost=0.43..38.87 rows=10 width=121)
	        Index Cond: ((id >= 1761465) AND (id <= 1761474))

explain: for point_selects :: explain SELECT c FROM sbtest%u WHERE id=%u
for: sum_ranges
table 1 : explain SELECT SUM(k) FROM sbtest1 WHERE id BETWEEN 3648318 AND 3648327
	Aggregate  (cost=38.57..38.58 rows=1 width=8)
	  ->  Index Scan using sbtest1_pkey on sbtest1  (cost=0.43..38.55 rows=10 width=4)
	        Index Cond: ((id >= 3648318) AND (id <= 3648327))

table 2 : explain SELECT SUM(k) FROM sbtest2 WHERE id BETWEEN 8036470 AND 8036479
	Aggregate  (cost=38.49..38.50 rows=1 width=8)
	  ->  Index Scan using sbtest2_pkey on sbtest2  (cost=0.43..38.47 rows=10 width=4)
	        Index Cond: ((id >= 8036470) AND (id <= 8036479))

table 3 : explain SELECT SUM(k) FROM sbtest3 WHERE id BETWEEN 9885045 AND 9885054
	Aggregate  (cost=39.14..39.15 rows=1 width=8)
	  ->  Index Scan using sbtest3_pkey on sbtest3  (cost=0.43..39.11 rows=10 width=4)
	        Index Cond: ((id >= 9885045) AND (id <= 9885054))

table 4 : explain SELECT SUM(k) FROM sbtest4 WHERE id BETWEEN 7357476 AND 7357485
	Aggregate  (cost=38.94..38.95 rows=1 width=8)
	  ->  Index Scan using sbtest4_pkey on sbtest4  (cost=0.43..38.92 rows=10 width=4)
	        Index Cond: ((id >= 7357476) AND (id <= 7357485))

table 5 : explain SELECT SUM(k) FROM sbtest5 WHERE id BETWEEN 8207066 AND 8207075
	Aggregate  (cost=35.51..35.52 rows=1 width=8)
	  ->  Index Scan using sbtest5_pkey on sbtest5  (cost=0.43..35.49 rows=9 width=4)
	        Index Cond: ((id >= 8207066) AND (id <= 8207075))

table 6 : explain SELECT SUM(k) FROM sbtest6 WHERE id BETWEEN 4891176 AND 4891185
	Aggregate  (cost=38.80..38.81 rows=1 width=8)
	  ->  Index Scan using sbtest6_pkey on sbtest6  (cost=0.43..38.77 rows=10 width=4)
	        Index Cond: ((id >= 4891176) AND (id <= 4891185))

table 7 : explain SELECT SUM(k) FROM sbtest7 WHERE id BETWEEN 988696 AND 988705
	Aggregate  (cost=35.40..35.41 rows=1 width=8)
	  ->  Index Scan using sbtest7_pkey on sbtest7  (cost=0.43..35.37 rows=9 width=4)
	        Index Cond: ((id >= 988696) AND (id <= 988705))

table 8 : explain SELECT SUM(k) FROM sbtest8 WHERE id BETWEEN 171585 AND 171594
	Aggregate  (cost=38.89..38.90 rows=1 width=8)
	  ->  Index Scan using sbtest8_pkey on sbtest8  (cost=0.43..38.87 rows=10 width=4)
	        Index Cond: ((id >= 171585) AND (id <= 171594))

for: simple_ranges
table 1 : explain SELECT c FROM sbtest1 WHERE id BETWEEN 3804420 AND 3804429
	Index Scan using sbtest1_pkey on sbtest1  (cost=0.43..38.55 rows=10 width=121)
	  Index Cond: ((id >= 3804420) AND (id <= 3804429))

table 2 : explain SELECT c FROM sbtest2 WHERE id BETWEEN 6898235 AND 6898244
	Index Scan using sbtest2_pkey on sbtest2  (cost=0.43..38.47 rows=10 width=121)
	  Index Cond: ((id >= 6898235) AND (id <= 6898244))

table 3 : explain SELECT c FROM sbtest3 WHERE id BETWEEN 1846970 AND 1846979
	Index Scan using sbtest3_pkey on sbtest3  (cost=0.43..42.52 rows=11 width=121)
	  Index Cond: ((id >= 1846970) AND (id <= 1846979))

table 4 : explain SELECT c FROM sbtest4 WHERE id BETWEEN 3707512 AND 3707521
	Index Scan using sbtest4_pkey on sbtest4  (cost=0.43..38.92 rows=10 width=121)
	  Index Cond: ((id >= 3707512) AND (id <= 3707521))

table 5 : explain SELECT c FROM sbtest5 WHERE id BETWEEN 2865245 AND 2865254
	Index Scan using sbtest5_pkey on sbtest5  (cost=0.43..38.87 rows=10 width=121)
	  Index Cond: ((id >= 2865245) AND (id <= 2865254))

table 6 : explain SELECT c FROM sbtest6 WHERE id BETWEEN 897932 AND 897941
	Index Scan using sbtest6_pkey on sbtest6  (cost=0.43..35.40 rows=9 width=121)
	  Index Cond: ((id >= 897932) AND (id <= 897941))

table 7 : explain SELECT c FROM sbtest7 WHERE id BETWEEN 6074521 AND 6074530
	Index Scan using sbtest7_pkey on sbtest7  (cost=0.43..38.74 rows=10 width=121)
	  Index Cond: ((id >= 6074521) AND (id <= 6074530))

table 8 : explain SELECT c FROM sbtest8 WHERE id BETWEEN 70354 AND 70363
	Index Scan using sbtest8_pkey on sbtest8  (cost=0.43..38.87 rows=10 width=121)
	  Index Cond: ((id >= 70354) AND (id <= 70363))

explain: for point_selects :: explain SELECT c FROM sbtest%u WHERE id=%u
for: order_ranges
table 1 : explain SELECT c FROM sbtest1 WHERE id BETWEEN 8351193 AND 8351202 ORDER BY c
	Sort  (cost=35.35..35.37 rows=9 width=121)
	  Sort Key: c
	  ->  Index Scan using sbtest1_pkey on sbtest1  (cost=0.43..35.21 rows=9 width=121)
	        Index Cond: ((id >= 8351193) AND (id <= 8351202))

table 2 : explain SELECT c FROM sbtest2 WHERE id BETWEEN 7670297 AND 7670306 ORDER BY c
	Sort  (cost=41.99..42.02 rows=11 width=121)
	  Sort Key: c
	  ->  Index Scan using sbtest2_pkey on sbtest2  (cost=0.43..41.80 rows=11 width=121)
	        Index Cond: ((id >= 7670297) AND (id <= 7670306))

table 3 : explain SELECT c FROM sbtest3 WHERE id BETWEEN 1752443 AND 1752452 ORDER BY c
	Sort  (cost=39.28..39.30 rows=10 width=121)
	  Sort Key: c
	  ->  Index Scan using sbtest3_pkey on sbtest3  (cost=0.43..39.11 rows=10 width=121)
	        Index Cond: ((id >= 1752443) AND (id <= 1752452))

table 4 : explain SELECT c FROM sbtest4 WHERE id BETWEEN 2906027 AND 2906036 ORDER BY c
	Sort  (cost=42.50..42.52 rows=11 width=121)
	  Sort Key: c
	  ->  Index Scan using sbtest4_pkey on sbtest4  (cost=0.43..42.30 rows=11 width=121)
	        Index Cond: ((id >= 2906027) AND (id <= 2906036))

table 5 : explain SELECT c FROM sbtest5 WHERE id BETWEEN 9952080 AND 9952089 ORDER BY c
	Sort  (cost=42.44..42.46 rows=11 width=121)
	  Sort Key: c
	  ->  Index Scan using sbtest5_pkey on sbtest5  (cost=0.43..42.25 rows=11 width=121)
	        Index Cond: ((id >= 9952080) AND (id <= 9952089))

table 6 : explain SELECT c FROM sbtest6 WHERE id BETWEEN 3610254 AND 3610263 ORDER BY c
	Sort  (cost=38.94..38.96 rows=10 width=121)
	  Sort Key: c
	  ->  Index Scan using sbtest6_pkey on sbtest6  (cost=0.43..38.77 rows=10 width=121)
	        Index Cond: ((id >= 3610254) AND (id <= 3610263))

table 7 : explain SELECT c FROM sbtest7 WHERE id BETWEEN 6099146 AND 6099155 ORDER BY c
	Sort  (cost=38.90..38.93 rows=10 width=121)
	  Sort Key: c
	  ->  Index Scan using sbtest7_pkey on sbtest7  (cost=0.43..38.74 rows=10 width=121)
	        Index Cond: ((id >= 6099146) AND (id <= 6099155))

table 8 : explain SELECT c FROM sbtest8 WHERE id BETWEEN 9976674 AND 9976683 ORDER BY c
	Sort  (cost=39.03..39.06 rows=10 width=121)
	  Sort Key: c
	  ->  Index Scan using sbtest8_pkey on sbtest8  (cost=0.43..38.87 rows=10 width=121)
	        Index Cond: ((id >= 9976674) AND (id <= 9976683))

for point_selects
table 1 : explain SELECT c FROM sbtest1 WHERE id=8968576
	Index Scan using sbtest1_pkey on sbtest1  (cost=0.43..8.45 rows=1 width=121)
	  Index Cond: (id = 8968576)

table 2 : explain SELECT c FROM sbtest2 WHERE id=7870353
	Index Scan using sbtest2_pkey on sbtest2  (cost=0.43..8.45 rows=1 width=121)
	  Index Cond: (id = 7870353)

table 3 : explain SELECT c FROM sbtest3 WHERE id=3453707
	Index Scan using sbtest3_pkey on sbtest3  (cost=0.43..8.45 rows=1 width=121)
	  Index Cond: (id = 3453707)

table 4 : explain SELECT c FROM sbtest4 WHERE id=9382247
	Index Scan using sbtest4_pkey on sbtest4  (cost=0.43..8.45 rows=1 width=121)
	  Index Cond: (id = 9382247)

table 5 : explain SELECT c FROM sbtest5 WHERE id=1617050
	Index Scan using sbtest5_pkey on sbtest5  (cost=0.43..8.45 rows=1 width=121)
	  Index Cond: (id = 1617050)

table 6 : explain SELECT c FROM sbtest6 WHERE id=916809
	Index Scan using sbtest6_pkey on sbtest6  (cost=0.43..8.45 rows=1 width=121)
	  Index Cond: (id = 916809)

table 7 : explain SELECT c FROM sbtest7 WHERE id=8613976
	Index Scan using sbtest7_pkey on sbtest7  (cost=0.43..8.45 rows=1 width=121)
	  Index Cond: (id = 8613976)

table 8 : explain SELECT c FROM sbtest8 WHERE id=774039
	Index Scan using sbtest8_pkey on sbtest8  (cost=0.43..8.45 rows=1 width=121)
	  Index Cond: (id = 774039)

explain: for point_selects :: explain SELECT c FROM sbtest%u WHERE id=%u
for point_selects
table 1 : explain SELECT c FROM sbtest1 WHERE id=307096
	Index Scan using sbtest1_pkey on sbtest1  (cost=0.43..8.45 rows=1 width=121)
	  Index Cond: (id = 307096)

table 2 : explain SELECT c FROM sbtest2 WHERE id=1466202
	Index Scan using sbtest2_pkey on sbtest2  (cost=0.43..8.45 rows=1 width=121)
	  Index Cond: (id = 1466202)

table 3 : explain SELECT c FROM sbtest3 WHERE id=7346415
	Index Scan using sbtest3_pkey on sbtest3  (cost=0.43..8.45 rows=1 width=121)
	  Index Cond: (id = 7346415)

table 4 : explain SELECT c FROM sbtest4 WHERE id=1319229
	Index Scan using sbtest4_pkey on sbtest4  (cost=0.43..8.45 rows=1 width=121)
	  Index Cond: (id = 1319229)

table 5 : explain SELECT c FROM sbtest5 WHERE id=6006732
	Index Scan using sbtest5_pkey on sbtest5  (cost=0.43..8.45 rows=1 width=121)
	  Index Cond: (id = 6006732)

table 6 : explain SELECT c FROM sbtest6 WHERE id=5811339
	Index Scan using sbtest6_pkey on sbtest6  (cost=0.43..8.45 rows=1 width=121)
	  Index Cond: (id = 5811339)

table 7 : explain SELECT c FROM sbtest7 WHERE id=3141226
	Index Scan using sbtest7_pkey on sbtest7  (cost=0.43..8.45 rows=1 width=121)
	  Index Cond: (id = 3141226)

table 8 : explain SELECT c FROM sbtest8 WHERE id=5997176
	Index Scan using sbtest8_pkey on sbtest8  (cost=0.43..8.45 rows=1 width=121)
	  Index Cond: (id = 5997176)

explain: for point_selects :: explain SELECT c FROM sbtest%u WHERE id=%u
for: distinct_ranges
table 1 : explain SELECT DISTINCT c FROM sbtest1 WHERE id BETWEEN 9400554 AND 9400563 ORDER BY c
	Unique  (cost=35.35..35.39 rows=9 width=121)
	  ->  Sort  (cost=35.35..35.37 rows=9 width=121)
	        Sort Key: c
	        ->  Index Scan using sbtest1_pkey on sbtest1  (cost=0.43..35.21 rows=9 width=121)
	              Index Cond: ((id >= 9400554) AND (id <= 9400563))

table 2 : explain SELECT DISTINCT c FROM sbtest2 WHERE id BETWEEN 5442005 AND 5442014 ORDER BY c
	Unique  (cost=38.63..38.68 rows=10 width=121)
	  ->  Sort  (cost=38.63..38.66 rows=10 width=121)
	        Sort Key: c
	        ->  Index Scan using sbtest2_pkey on sbtest2  (cost=0.43..38.47 rows=10 width=121)
	              Index Cond: ((id >= 5442005) AND (id <= 5442014))

table 3 : explain SELECT DISTINCT c FROM sbtest3 WHERE id BETWEEN 5437034 AND 5437043 ORDER BY c
	Unique  (cost=35.85..35.89 rows=9 width=121)
	  ->  Sort  (cost=35.85..35.87 rows=9 width=121)
	        Sort Key: c
	        ->  Index Scan using sbtest3_pkey on sbtest3  (cost=0.43..35.71 rows=9 width=121)
	              Index Cond: ((id >= 5437034) AND (id <= 5437043))

table 4 : explain SELECT DISTINCT c FROM sbtest4 WHERE id BETWEEN 200430 AND 200439 ORDER BY c
	Unique  (cost=35.68..35.72 rows=9 width=121)
	  ->  Sort  (cost=35.68..35.70 rows=9 width=121)
	        Sort Key: c
	        ->  Index Scan using sbtest4_pkey on sbtest4  (cost=0.43..35.53 rows=9 width=121)
	              Index Cond: ((id >= 200430) AND (id <= 200439))

table 5 : explain SELECT DISTINCT c FROM sbtest5 WHERE id BETWEEN 2686101 AND 2686110 ORDER BY c
	Unique  (cost=42.44..42.49 rows=11 width=121)
	  ->  Sort  (cost=42.44..42.46 rows=11 width=121)
	        Sort Key: c
	        ->  Index Scan using sbtest5_pkey on sbtest5  (cost=0.43..42.25 rows=11 width=121)
	              Index Cond: ((id >= 2686101) AND (id <= 2686110))

table 6 : explain SELECT DISTINCT c FROM sbtest6 WHERE id BETWEEN 8149268 AND 8149277 ORDER BY c
	Unique  (cost=42.33..42.39 rows=11 width=121)
	  ->  Sort  (cost=42.33..42.36 rows=11 width=121)
	        Sort Key: c
	        ->  Index Scan using sbtest6_pkey on sbtest6  (cost=0.43..42.14 rows=11 width=121)
	              Index Cond: ((id >= 8149268) AND (id <= 8149277))

table 7 : explain SELECT DISTINCT c FROM sbtest7 WHERE id BETWEEN 6617712 AND 6617721 ORDER BY c
	Unique  (cost=38.90..38.95 rows=10 width=121)
	  ->  Sort  (cost=38.90..38.93 rows=10 width=121)
	        Sort Key: c
	        ->  Index Scan using sbtest7_pkey on sbtest7  (cost=0.43..38.74 rows=10 width=121)
	              Index Cond: ((id >= 6617712) AND (id <= 6617721))

table 8 : explain SELECT DISTINCT c FROM sbtest8 WHERE id BETWEEN 4672549 AND 4672558 ORDER BY c
	Unique  (cost=39.03..39.08 rows=10 width=121)
	  ->  Sort  (cost=39.03..39.06 rows=10 width=121)
	        Sort Key: c
	        ->  Index Scan using sbtest8_pkey on sbtest8  (cost=0.43..38.87 rows=10 width=121)
	              Index Cond: ((id >= 4672549) AND (id <= 4672558))

for: order_ranges
table 1 : explain SELECT c FROM sbtest1 WHERE id BETWEEN 6734363 AND 6734372 ORDER BY c
	Sort  (cost=35.35..35.37 rows=9 width=121)
	  Sort Key: c
	  ->  Index Scan using sbtest1_pkey on sbtest1  (cost=0.43..35.21 rows=9 width=121)
	        Index Cond: ((id >= 6734363) AND (id <= 6734372))

table 2 : explain SELECT c FROM sbtest2 WHERE id BETWEEN 1234701 AND 1234710 ORDER BY c
	Sort  (cost=38.63..38.66 rows=10 width=121)
	  Sort Key: c
	  ->  Index Scan using sbtest2_pkey on sbtest2  (cost=0.43..38.47 rows=10 width=121)
	        Index Cond: ((id >= 1234701) AND (id <= 1234710))

table 3 : explain SELECT c FROM sbtest3 WHERE id BETWEEN 242181 AND 242190 ORDER BY c
	Sort  (cost=39.28..39.30 rows=10 width=121)
	  Sort Key: c
	  ->  Index Scan using sbtest3_pkey on sbtest3  (cost=0.43..39.11 rows=10 width=121)
	        Index Cond: ((id >= 242181) AND (id <= 242190))

table 4 : explain SELECT c FROM sbtest4 WHERE id BETWEEN 6804778 AND 6804787 ORDER BY c
	Sort  (cost=42.50..42.52 rows=11 width=121)
	  Sort Key: c
	  ->  Index Scan using sbtest4_pkey on sbtest4  (cost=0.43..42.30 rows=11 width=121)
	        Index Cond: ((id >= 6804778) AND (id <= 6804787))

table 5 : explain SELECT c FROM sbtest5 WHERE id BETWEEN 889882 AND 889891 ORDER BY c
	Sort  (cost=35.63..35.65 rows=9 width=121)
	  Sort Key: c
	  ->  Index Scan using sbtest5_pkey on sbtest5  (cost=0.43..35.49 rows=9 width=121)
	        Index Cond: ((id >= 889882) AND (id <= 889891))

table 6 : explain SELECT c FROM sbtest6 WHERE id BETWEEN 3879218 AND 3879227 ORDER BY c
	Sort  (cost=38.94..38.96 rows=10 width=121)
	  Sort Key: c
	  ->  Index Scan using sbtest6_pkey on sbtest6  (cost=0.43..38.77 rows=10 width=121)
	        Index Cond: ((id >= 3879218) AND (id <= 3879227))

table 7 : explain SELECT c FROM sbtest7 WHERE id BETWEEN 8055360 AND 8055369 ORDER BY c
	Sort  (cost=35.52..35.54 rows=9 width=121)
	  Sort Key: c
	  ->  Index Scan using sbtest7_pkey on sbtest7  (cost=0.43..35.37 rows=9 width=121)
	        Index Cond: ((id >= 8055360) AND (id <= 8055369))

table 8 : explain SELECT c FROM sbtest8 WHERE id BETWEEN 4766243 AND 4766252 ORDER BY c
	Sort  (cost=39.03..39.06 rows=10 width=121)
	  Sort Key: c
	  ->  Index Scan using sbtest8_pkey on sbtest8  (cost=0.43..38.87 rows=10 width=121)
	        Index Cond: ((id >= 4766243) AND (id <= 4766252))

for: sum_ranges
table 1 : explain SELECT SUM(k) FROM sbtest1 WHERE id BETWEEN 3420056 AND 3420065
	Aggregate  (cost=41.92..41.93 rows=1 width=8)
	  ->  Index Scan using sbtest1_pkey on sbtest1  (cost=0.43..41.89 rows=11 width=4)
	        Index Cond: ((id >= 3420056) AND (id <= 3420065))

table 2 : explain SELECT SUM(k) FROM sbtest2 WHERE id BETWEEN 8538679 AND 8538688
	Aggregate  (cost=38.49..38.50 rows=1 width=8)
	  ->  Index Scan using sbtest2_pkey on sbtest2  (cost=0.43..38.47 rows=10 width=4)
	        Index Cond: ((id >= 8538679) AND (id <= 8538688))

table 3 : explain SELECT SUM(k) FROM sbtest3 WHERE id BETWEEN 2087876 AND 2087885
	Aggregate  (cost=39.14..39.15 rows=1 width=8)
	  ->  Index Scan using sbtest3_pkey on sbtest3  (cost=0.43..39.11 rows=10 width=4)
	        Index Cond: ((id >= 2087876) AND (id <= 2087885))

table 4 : explain SELECT SUM(k) FROM sbtest4 WHERE id BETWEEN 599593 AND 599602
	Aggregate  (cost=38.94..38.95 rows=1 width=8)
	  ->  Index Scan using sbtest4_pkey on sbtest4  (cost=0.43..38.92 rows=10 width=4)
	        Index Cond: ((id >= 599593) AND (id <= 599602))

table 5 : explain SELECT SUM(k) FROM sbtest5 WHERE id BETWEEN 2559777 AND 2559786
	Aggregate  (cost=42.27..42.28 rows=1 width=8)
	  ->  Index Scan using sbtest5_pkey on sbtest5  (cost=0.43..42.25 rows=11 width=4)
	        Index Cond: ((id >= 2559777) AND (id <= 2559786))

table 6 : explain SELECT SUM(k) FROM sbtest6 WHERE id BETWEEN 4612743 AND 4612752
	Aggregate  (cost=42.17..42.18 rows=1 width=8)
	  ->  Index Scan using sbtest6_pkey on sbtest6  (cost=0.43..42.14 rows=11 width=4)
	        Index Cond: ((id >= 4612743) AND (id <= 4612752))

table 7 : explain SELECT SUM(k) FROM sbtest7 WHERE id BETWEEN 7023718 AND 7023727
	Aggregate  (cost=38.76..38.77 rows=1 width=8)
	  ->  Index Scan using sbtest7_pkey on sbtest7  (cost=0.43..38.74 rows=10 width=4)
	        Index Cond: ((id >= 7023718) AND (id <= 7023727))

table 8 : explain SELECT SUM(k) FROM sbtest8 WHERE id BETWEEN 8012855 AND 8012864
	Aggregate  (cost=38.89..38.90 rows=1 width=8)
	  ->  Index Scan using sbtest8_pkey on sbtest8  (cost=0.43..38.87 rows=10 width=4)
	        Index Cond: ((id >= 8012855) AND (id <= 8012864))

for: distinct_ranges
table 1 : explain SELECT DISTINCT c FROM sbtest1 WHERE id BETWEEN 6545216 AND 6545225 ORDER BY c
	Unique  (cost=38.72..38.77 rows=10 width=121)
	  ->  Sort  (cost=38.72..38.74 rows=10 width=121)
	        Sort Key: c
	        ->  Index Scan using sbtest1_pkey on sbtest1  (cost=0.43..38.55 rows=10 width=121)
	              Index Cond: ((id >= 6545216) AND (id <= 6545225))

table 2 : explain SELECT DISTINCT c FROM sbtest2 WHERE id BETWEEN 5978959 AND 5978968 ORDER BY c
	Unique  (cost=38.63..38.68 rows=10 width=121)
	  ->  Sort  (cost=38.63..38.66 rows=10 width=121)
	        Sort Key: c
	        ->  Index Scan using sbtest2_pkey on sbtest2  (cost=0.43..38.47 rows=10 width=121)
	              Index Cond: ((id >= 5978959) AND (id <= 5978968))

table 3 : explain SELECT DISTINCT c FROM sbtest3 WHERE id BETWEEN 8077814 AND 8077823 ORDER BY c
	Unique  (cost=39.28..39.33 rows=10 width=121)
	  ->  Sort  (cost=39.28..39.30 rows=10 width=121)
	        Sort Key: c
	        ->  Index Scan using sbtest3_pkey on sbtest3  (cost=0.43..39.11 rows=10 width=121)
	              Index Cond: ((id >= 8077814) AND (id <= 8077823))

table 4 : explain SELECT DISTINCT c FROM sbtest4 WHERE id BETWEEN 2855143 AND 2855152 ORDER BY c
	Unique  (cost=35.68..35.72 rows=9 width=121)
	  ->  Sort  (cost=35.68..35.70 rows=9 width=121)
	        Sort Key: c
	        ->  Index Scan using sbtest4_pkey on sbtest4  (cost=0.43..35.53 rows=9 width=121)
	              Index Cond: ((id >= 2855143) AND (id <= 2855152))

table 5 : explain SELECT DISTINCT c FROM sbtest5 WHERE id BETWEEN 736318 AND 736327 ORDER BY c
	Unique  (cost=42.44..42.49 rows=11 width=121)
	  ->  Sort  (cost=42.44..42.46 rows=11 width=121)
	        Sort Key: c
	        ->  Index Scan using sbtest5_pkey on sbtest5  (cost=0.43..42.25 rows=11 width=121)
	              Index Cond: ((id >= 736318) AND (id <= 736327))

table 6 : explain SELECT DISTINCT c FROM sbtest6 WHERE id BETWEEN 7606906 AND 7606915 ORDER BY c
	Unique  (cost=38.94..38.99 rows=10 width=121)
	  ->  Sort  (cost=38.94..38.96 rows=10 width=121)
	        Sort Key: c
	        ->  Index Scan using sbtest6_pkey on sbtest6  (cost=0.43..38.77 rows=10 width=121)
	              Index Cond: ((id >= 7606906) AND (id <= 7606915))

table 7 : explain SELECT DISTINCT c FROM sbtest7 WHERE id BETWEEN 6573154 AND 6573163 ORDER BY c
	Unique  (cost=38.90..38.95 rows=10 width=121)
	  ->  Sort  (cost=38.90..38.93 rows=10 width=121)
	        Sort Key: c
	        ->  Index Scan using sbtest7_pkey on sbtest7  (cost=0.43..38.74 rows=10 width=121)
	              Index Cond: ((id >= 6573154) AND (id <= 6573163))

table 8 : explain SELECT DISTINCT c FROM sbtest8 WHERE id BETWEEN 77025 AND 77034 ORDER BY c
	Unique  (cost=39.03..39.08 rows=10 width=121)
	  ->  Sort  (cost=39.03..39.06 rows=10 width=121)
	        Sort Key: c
	        ->  Index Scan using sbtest8_pkey on sbtest8  (cost=0.43..38.87 rows=10 width=121)
	              Index Cond: ((id >= 77025) AND (id <= 77034))

for: order_ranges
table 1 : explain SELECT c FROM sbtest1 WHERE id BETWEEN 1852303 AND 1852312 ORDER BY c
	Sort  (cost=38.72..38.74 rows=10 width=121)
	  Sort Key: c
	  ->  Index Scan using sbtest1_pkey on sbtest1  (cost=0.43..38.55 rows=10 width=121)
	        Index Cond: ((id >= 1852303) AND (id <= 1852312))

table 2 : explain SELECT c FROM sbtest2 WHERE id BETWEEN 7466029 AND 7466038 ORDER BY c
	Sort  (cost=41.99..42.02 rows=11 width=121)
	  Sort Key: c
	  ->  Index Scan using sbtest2_pkey on sbtest2  (cost=0.43..41.80 rows=11 width=121)
	        Index Cond: ((id >= 7466029) AND (id <= 7466038))

table 3 : explain SELECT c FROM sbtest3 WHERE id BETWEEN 332314 AND 332323 ORDER BY c
	Sort  (cost=39.28..39.30 rows=10 width=121)
	  Sort Key: c
	  ->  Index Scan using sbtest3_pkey on sbtest3  (cost=0.43..39.11 rows=10 width=121)
	        Index Cond: ((id >= 332314) AND (id <= 332323))

table 4 : explain SELECT c FROM sbtest4 WHERE id BETWEEN 1846844 AND 1846853 ORDER BY c
	Sort  (cost=42.50..42.52 rows=11 width=121)
	  Sort Key: c
	  ->  Index Scan using sbtest4_pkey on sbtest4  (cost=0.43..42.30 rows=11 width=121)
	        Index Cond: ((id >= 1846844) AND (id <= 1846853))

table 5 : explain SELECT c FROM sbtest5 WHERE id BETWEEN 8297209 AND 8297218 ORDER BY c
	Sort  (cost=39.03..39.06 rows=10 width=121)
	  Sort Key: c
	  ->  Index Scan using sbtest5_pkey on sbtest5  (cost=0.43..38.87 rows=10 width=121)
	        Index Cond: ((id >= 8297209) AND (id <= 8297218))

table 6 : explain SELECT c FROM sbtest6 WHERE id BETWEEN 2243548 AND 2243557 ORDER BY c
	Sort  (cost=35.55..35.57 rows=9 width=121)
	  Sort Key: c
	  ->  Index Scan using sbtest6_pkey on sbtest6  (cost=0.43..35.40 rows=9 width=121)
	        Index Cond: ((id >= 2243548) AND (id <= 2243557))

table 7 : explain SELECT c FROM sbtest7 WHERE id BETWEEN 2183229 AND 2183238 ORDER BY c
	Sort  (cost=42.29..42.32 rows=11 width=121)
	  Sort Key: c
	  ->  Index Scan using sbtest7_pkey on sbtest7  (cost=0.43..42.10 rows=11 width=121)
	        Index Cond: ((id >= 2183229) AND (id <= 2183238))

table 8 : explain SELECT c FROM sbtest8 WHERE id BETWEEN 6341578 AND 6341587 ORDER BY c
	Sort  (cost=39.03..39.06 rows=10 width=121)
	  Sort Key: c
	  ->  Index Scan using sbtest8_pkey on sbtest8  (cost=0.43..38.87 rows=10 width=121)
	        Index Cond: ((id >= 6341578) AND (id <= 6341587))

for: simple_ranges
table 1 : explain SELECT c FROM sbtest1 WHERE id BETWEEN 7333663 AND 7333672
	Index Scan using sbtest1_pkey on sbtest1  (cost=0.43..38.55 rows=10 width=121)
	  Index Cond: ((id >= 7333663) AND (id <= 7333672))

table 2 : explain SELECT c FROM sbtest2 WHERE id BETWEEN 2114426 AND 2114435
	Index Scan using sbtest2_pkey on sbtest2  (cost=0.43..38.47 rows=10 width=121)
	  Index Cond: ((id >= 2114426) AND (id <= 2114435))

table 3 : explain SELECT c FROM sbtest3 WHERE id BETWEEN 9319626 AND 9319635
	Index Scan using sbtest3_pkey on sbtest3  (cost=0.43..42.52 rows=11 width=121)
	  Index Cond: ((id >= 9319626) AND (id <= 9319635))

table 4 : explain SELECT c FROM sbtest4 WHERE id BETWEEN 7777489 AND 7777498
	Index Scan using sbtest4_pkey on sbtest4  (cost=0.43..42.30 rows=11 width=121)
	  Index Cond: ((id >= 7777489) AND (id <= 7777498))

table 5 : explain SELECT c FROM sbtest5 WHERE id BETWEEN 325200 AND 325209
	Index Scan using sbtest5_pkey on sbtest5  (cost=0.43..38.87 rows=10 width=121)
	  Index Cond: ((id >= 325200) AND (id <= 325209))

table 6 : explain SELECT c FROM sbtest6 WHERE id BETWEEN 684383 AND 684392
	Index Scan using sbtest6_pkey on sbtest6  (cost=0.43..38.77 rows=10 width=121)
	  Index Cond: ((id >= 684383) AND (id <= 684392))

table 7 : explain SELECT c FROM sbtest7 WHERE id BETWEEN 849844 AND 849853
	Index Scan using sbtest7_pkey on sbtest7  (cost=0.43..35.37 rows=9 width=121)
	  Index Cond: ((id >= 849844) AND (id <= 849853))

table 8 : explain SELECT c FROM sbtest8 WHERE id BETWEEN 8400027 AND 8400036
	Index Scan using sbtest8_pkey on sbtest8  (cost=0.43..35.49 rows=9 width=121)
	  Index Cond: ((id >= 8400027) AND (id <= 8400036))

explain: for index_updates :: explain UPDATE sbtest%u SET k=k+1 WHERE id=%u
for: distinct_ranges
table 1 : explain SELECT DISTINCT c FROM sbtest1 WHERE id BETWEEN 7186243 AND 7186252 ORDER BY c
	Unique  (cost=38.72..38.77 rows=10 width=121)
	  ->  Sort  (cost=38.72..38.74 rows=10 width=121)
	        Sort Key: c
	        ->  Index Scan using sbtest1_pkey on sbtest1  (cost=0.43..38.55 rows=10 width=121)
	              Index Cond: ((id >= 7186243) AND (id <= 7186252))

table 2 : explain SELECT DISTINCT c FROM sbtest2 WHERE id BETWEEN 6398996 AND 6399005 ORDER BY c
	Unique  (cost=35.28..35.32 rows=9 width=121)
	  ->  Sort  (cost=35.28..35.30 rows=9 width=121)
	        Sort Key: c
	        ->  Index Scan using sbtest2_pkey on sbtest2  (cost=0.43..35.13 rows=9 width=121)
	              Index Cond: ((id >= 6398996) AND (id <= 6399005))

table 3 : explain SELECT DISTINCT c FROM sbtest3 WHERE id BETWEEN 7660996 AND 7661005 ORDER BY c
	Unique  (cost=35.85..35.89 rows=9 width=121)
	  ->  Sort  (cost=35.85..35.87 rows=9 width=121)
	        Sort Key: c
	        ->  Index Scan using sbtest3_pkey on sbtest3  (cost=0.43..35.71 rows=9 width=121)
	              Index Cond: ((id >= 7660996) AND (id <= 7661005))

table 4 : explain SELECT DISTINCT c FROM sbtest4 WHERE id BETWEEN 3809392 AND 3809401 ORDER BY c
	Unique  (cost=39.09..39.14 rows=10 width=121)
	  ->  Sort  (cost=39.09..39.11 rows=10 width=121)
	        Sort Key: c
	        ->  Index Scan using sbtest4_pkey on sbtest4  (cost=0.43..38.92 rows=10 width=121)
	              Index Cond: ((id >= 3809392) AND (id <= 3809401))

table 5 : explain SELECT DISTINCT c FROM sbtest5 WHERE id BETWEEN 9679742 AND 9679751 ORDER BY c
	Unique  (cost=35.63..35.68 rows=9 width=121)
	  ->  Sort  (cost=35.63..35.65 rows=9 width=121)
	        Sort Key: c
	        ->  Index Scan using sbtest5_pkey on sbtest5  (cost=0.43..35.49 rows=9 width=121)
	              Index Cond: ((id >= 9679742) AND (id <= 9679751))

table 6 : explain SELECT DISTINCT c FROM sbtest6 WHERE id BETWEEN 2798610 AND 2798619 ORDER BY c
	Unique  (cost=38.94..38.99 rows=10 width=121)
	  ->  Sort  (cost=38.94..38.96 rows=10 width=121)
	        Sort Key: c
	        ->  Index Scan using sbtest6_pkey on sbtest6  (cost=0.43..38.77 rows=10 width=121)
	              Index Cond: ((id >= 2798610) AND (id <= 2798619))

table 7 : explain SELECT DISTINCT c FROM sbtest7 WHERE id BETWEEN 7472240 AND 7472249 ORDER BY c
	Unique  (cost=38.90..38.95 rows=10 width=121)
	  ->  Sort  (cost=38.90..38.93 rows=10 width=121)
	        Sort Key: c
	        ->  Index Scan using sbtest7_pkey on sbtest7  (cost=0.43..38.74 rows=10 width=121)
	              Index Cond: ((id >= 7472240) AND (id <= 7472249))

table 8 : explain SELECT DISTINCT c FROM sbtest8 WHERE id BETWEEN 4603669 AND 4603678 ORDER BY c
	Unique  (cost=39.03..39.08 rows=10 width=121)
	  ->  Sort  (cost=39.03..39.06 rows=10 width=121)
	        Sort Key: c
	        ->  Index Scan using sbtest8_pkey on sbtest8  (cost=0.43..38.87 rows=10 width=121)
	              Index Cond: ((id >= 4603669) AND (id <= 4603678))

explain: for index_updates :: explain UPDATE sbtest%u SET k=k+1 WHERE id=%u
explain: for index_updates :: explain UPDATE sbtest%u SET k=k+1 WHERE id=%u
for: distinct_ranges
table 1 : explain SELECT DISTINCT c FROM sbtest1 WHERE id BETWEEN 4801781 AND 4801790 ORDER BY c
	Unique  (cost=38.72..38.77 rows=10 width=121)
	  ->  Sort  (cost=38.72..38.74 rows=10 width=121)
	        Sort Key: c
	        ->  Index Scan using sbtest1_pkey on sbtest1  (cost=0.43..38.55 rows=10 width=121)
	              Index Cond: ((id >= 4801781) AND (id <= 4801790))

table 2 : explain SELECT DISTINCT c FROM sbtest2 WHERE id BETWEEN 6854079 AND 6854088 ORDER BY c
	Unique  (cost=38.63..38.68 rows=10 width=121)
	  ->  Sort  (cost=38.63..38.66 rows=10 width=121)
	        Sort Key: c
	        ->  Index Scan using sbtest2_pkey on sbtest2  (cost=0.43..38.47 rows=10 width=121)
	              Index Cond: ((id >= 6854079) AND (id <= 6854088))

table 3 : explain SELECT DISTINCT c FROM sbtest3 WHERE id BETWEEN 2412499 AND 2412508 ORDER BY c
	Unique  (cost=39.28..39.33 rows=10 width=121)
	  ->  Sort  (cost=39.28..39.30 rows=10 width=121)
	        Sort Key: c
	        ->  Index Scan using sbtest3_pkey on sbtest3  (cost=0.43..39.11 rows=10 width=121)
	              Index Cond: ((id >= 2412499) AND (id <= 2412508))

table 4 : explain SELECT DISTINCT c FROM sbtest4 WHERE id BETWEEN 9191797 AND 9191806 ORDER BY c
	Unique  (cost=39.09..39.14 rows=10 width=121)
	  ->  Sort  (cost=39.09..39.11 rows=10 width=121)
	        Sort Key: c
	        ->  Index Scan using sbtest4_pkey on sbtest4  (cost=0.43..38.92 rows=10 width=121)
	              Index Cond: ((id >= 9191797) AND (id <= 9191806))

table 5 : explain SELECT DISTINCT c FROM sbtest5 WHERE id BETWEEN 1513807 AND 1513816 ORDER BY c
	Unique  (cost=39.03..39.08 rows=10 width=121)
	  ->  Sort  (cost=39.03..39.06 rows=10 width=121)
	        Sort Key: c
	        ->  Index Scan using sbtest5_pkey on sbtest5  (cost=0.43..38.87 rows=10 width=121)
	              Index Cond: ((id >= 1513807) AND (id <= 1513816))

table 6 : explain SELECT DISTINCT c FROM sbtest6 WHERE id BETWEEN 7586836 AND 7586845 ORDER BY c
	Unique  (cost=35.55..35.59 rows=9 width=121)
	  ->  Sort  (cost=35.55..35.57 rows=9 width=121)
	        Sort Key: c
	        ->  Index Scan using sbtest6_pkey on sbtest6  (cost=0.43..35.40 rows=9 width=121)
	              Index Cond: ((id >= 7586836) AND (id <= 7586845))

table 7 : explain SELECT DISTINCT c FROM sbtest7 WHERE id BETWEEN 2435402 AND 2435411 ORDER BY c
	Unique  (cost=38.90..38.95 rows=10 width=121)
	  ->  Sort  (cost=38.90..38.93 rows=10 width=121)
	        Sort Key: c
	        ->  Index Scan using sbtest7_pkey on sbtest7  (cost=0.43..38.74 rows=10 width=121)
	              Index Cond: ((id >= 2435402) AND (id <= 2435411))

table 8 : explain SELECT DISTINCT c FROM sbtest8 WHERE id BETWEEN 5064597 AND 5064606 ORDER BY c
	Unique  (cost=39.03..39.08 rows=10 width=121)
	  ->  Sort  (cost=39.03..39.06 rows=10 width=121)
	        Sort Key: c
	        ->  Index Scan using sbtest8_pkey on sbtest8  (cost=0.43..38.87 rows=10 width=121)
	              Index Cond: ((id >= 5064597) AND (id <= 5064606))

for index_updates
table 1 : explain UPDATE sbtest1 SET k=k+1 WHERE id=9277726
	Update on sbtest1  (cost=0.43..8.46 rows=0 width=0)
	  ->  Index Scan using sbtest1_pkey on sbtest1  (cost=0.43..8.46 rows=1 width=10)
	        Index Cond: (id = 9277726)

table 2 : explain UPDATE sbtest2 SET k=k+1 WHERE id=3296079
	Update on sbtest2  (cost=0.43..8.46 rows=0 width=0)
	  ->  Index Scan using sbtest2_pkey on sbtest2  (cost=0.43..8.46 rows=1 width=10)
	        Index Cond: (id = 3296079)

table 3 : explain UPDATE sbtest3 SET k=k+1 WHERE id=4473103
	Update on sbtest3  (cost=0.43..8.46 rows=0 width=0)
	  ->  Index Scan using sbtest3_pkey on sbtest3  (cost=0.43..8.46 rows=1 width=10)
	        Index Cond: (id = 4473103)

table 4 : explain UPDATE sbtest4 SET k=k+1 WHERE id=9106901
	Update on sbtest4  (cost=0.43..8.46 rows=0 width=0)
	  ->  Index Scan using sbtest4_pkey on sbtest4  (cost=0.43..8.46 rows=1 width=10)
	        Index Cond: (id = 9106901)

table 5 : explain UPDATE sbtest5 SET k=k+1 WHERE id=7185311
	Update on sbtest5  (cost=0.43..8.46 rows=0 width=0)
	  ->  Index Scan using sbtest5_pkey on sbtest5  (cost=0.43..8.46 rows=1 width=10)
	        Index Cond: (id = 7185311)

table 6 : explain UPDATE sbtest6 SET k=k+1 WHERE id=9444786
	Update on sbtest6  (cost=0.43..8.46 rows=0 width=0)
	  ->  Index Scan using sbtest6_pkey on sbtest6  (cost=0.43..8.46 rows=1 width=10)
	        Index Cond: (id = 9444786)

table 7 : explain UPDATE sbtest7 SET k=k+1 WHERE id=339547
	Update on sbtest7  (cost=0.43..8.46 rows=0 width=0)
	  ->  Index Scan using sbtest7_pkey on sbtest7  (cost=0.43..8.46 rows=1 width=10)
	        Index Cond: (id = 339547)

table 8 : explain UPDATE sbtest8 SET k=k+1 WHERE id=8064040
	Update on sbtest8  (cost=0.43..8.46 rows=0 width=0)
	  ->  Index Scan using sbtest8_pkey on sbtest8  (cost=0.43..8.46 rows=1 width=10)
	        Index Cond: (id = 8064040)

for: distinct_ranges
table 1 : explain SELECT DISTINCT c FROM sbtest1 WHERE id BETWEEN 6898016 AND 6898025 ORDER BY c
	Unique  (cost=38.72..38.77 rows=10 width=121)
	  ->  Sort  (cost=38.72..38.74 rows=10 width=121)
	        Sort Key: c
	        ->  Index Scan using sbtest1_pkey on sbtest1  (cost=0.43..38.55 rows=10 width=121)
	              Index Cond: ((id >= 6898016) AND (id <= 6898025))

table 2 : explain SELECT DISTINCT c FROM sbtest2 WHERE id BETWEEN 374040 AND 374049 ORDER BY c
	Unique  (cost=35.28..35.32 rows=9 width=121)
	  ->  Sort  (cost=35.28..35.30 rows=9 width=121)
	        Sort Key: c
	        ->  Index Scan using sbtest2_pkey on sbtest2  (cost=0.43..35.13 rows=9 width=121)
	              Index Cond: ((id >= 374040) AND (id <= 374049))

table 3 : explain SELECT DISTINCT c FROM sbtest3 WHERE id BETWEEN 1640937 AND 1640946 ORDER BY c
	Unique  (cost=42.71..42.76 rows=11 width=121)
	  ->  Sort  (cost=42.71..42.74 rows=11 width=121)
	        Sort Key: c
	        ->  Index Scan using sbtest3_pkey on sbtest3  (cost=0.43..42.52 rows=11 width=121)
	              Index Cond: ((id >= 1640937) AND (id <= 1640946))

table 4 : explain SELECT DISTINCT c FROM sbtest4 WHERE id BETWEEN 839787 AND 839796 ORDER BY c
	Unique  (cost=39.09..39.14 rows=10 width=121)
	  ->  Sort  (cost=39.09..39.11 rows=10 width=121)
	        Sort Key: c
	        ->  Index Scan using sbtest4_pkey on sbtest4  (cost=0.43..38.92 rows=10 width=121)
	              Index Cond: ((id >= 839787) AND (id <= 839796))

table 5 : explain SELECT DISTINCT c FROM sbtest5 WHERE id BETWEEN 1271940 AND 1271949 ORDER BY c
	Unique  (cost=32.23..32.27 rows=8 width=121)
	  ->  Sort  (cost=32.23..32.25 rows=8 width=121)
	        Sort Key: c
	        ->  Index Scan using sbtest5_pkey on sbtest5  (cost=0.43..32.11 rows=8 width=121)
	              Index Cond: ((id >= 1271940) AND (id <= 1271949))

table 6 : explain SELECT DISTINCT c FROM sbtest6 WHERE id BETWEEN 585957 AND 585966 ORDER BY c
	Unique  (cost=38.94..38.99 rows=10 width=121)
	  ->  Sort  (cost=38.94..38.96 rows=10 width=121)
	        Sort Key: c
	        ->  Index Scan using sbtest6_pkey on sbtest6  (cost=0.43..38.77 rows=10 width=121)
	              Index Cond: ((id >= 585957) AND (id <= 585966))

table 7 : explain SELECT DISTINCT c FROM sbtest7 WHERE id BETWEEN 5246916 AND 5246925 ORDER BY c
	Unique  (cost=38.90..38.95 rows=10 width=121)
	  ->  Sort  (cost=38.90..38.93 rows=10 width=121)
	        Sort Key: c
	        ->  Index Scan using sbtest7_pkey on sbtest7  (cost=0.43..38.74 rows=10 width=121)
	              Index Cond: ((id >= 5246916) AND (id <= 5246925))

table 8 : explain SELECT DISTINCT c FROM sbtest8 WHERE id BETWEEN 6064137 AND 6064146 ORDER BY c
	Unique  (cost=39.03..39.08 rows=10 width=121)
	  ->  Sort  (cost=39.03..39.06 rows=10 width=121)
	        Sort Key: c
	        ->  Index Scan using sbtest8_pkey on sbtest8  (cost=0.43..38.87 rows=10 width=121)
	              Index Cond: ((id >= 6064137) AND (id <= 6064146))

for point_selects
table 1 : explain SELECT c FROM sbtest1 WHERE id=8311433
	Index Scan using sbtest1_pkey on sbtest1  (cost=0.43..8.45 rows=1 width=121)
	  Index Cond: (id = 8311433)

table 2 : explain SELECT c FROM sbtest2 WHERE id=7031366
	Index Scan using sbtest2_pkey on sbtest2  (cost=0.43..8.45 rows=1 width=121)
	  Index Cond: (id = 7031366)

table 3 : explain SELECT c FROM sbtest3 WHERE id=7926961
	Index Scan using sbtest3_pkey on sbtest3  (cost=0.43..8.45 rows=1 width=121)
	  Index Cond: (id = 7926961)

table 4 : explain SELECT c FROM sbtest4 WHERE id=8611150
	Index Scan using sbtest4_pkey on sbtest4  (cost=0.43..8.45 rows=1 width=121)
	  Index Cond: (id = 8611150)

table 5 : explain SELECT c FROM sbtest5 WHERE id=580875
	Index Scan using sbtest5_pkey on sbtest5  (cost=0.43..8.45 rows=1 width=121)
	  Index Cond: (id = 580875)

table 6 : explain SELECT c FROM sbtest6 WHERE id=867739
	Index Scan using sbtest6_pkey on sbtest6  (cost=0.43..8.45 rows=1 width=121)
	  Index Cond: (id = 867739)

table 7 : explain SELECT c FROM sbtest7 WHERE id=6659776
	Index Scan using sbtest7_pkey on sbtest7  (cost=0.43..8.45 rows=1 width=121)
	  Index Cond: (id = 6659776)

table 8 : explain SELECT c FROM sbtest8 WHERE id=4099418
	Index Scan using sbtest8_pkey on sbtest8  (cost=0.43..8.45 rows=1 width=121)
	  Index Cond: (id = 4099418)

for point_selects
table 1 : explain SELECT c FROM sbtest1 WHERE id=5055414
	Index Scan using sbtest1_pkey on sbtest1  (cost=0.43..8.45 rows=1 width=121)
	  Index Cond: (id = 5055414)

table 2 : explain SELECT c FROM sbtest2 WHERE id=6556814
	Index Scan using sbtest2_pkey on sbtest2  (cost=0.43..8.45 rows=1 width=121)
	  Index Cond: (id = 6556814)

table 3 : explain SELECT c FROM sbtest3 WHERE id=2091547
	Index Scan using sbtest3_pkey on sbtest3  (cost=0.43..8.45 rows=1 width=121)
	  Index Cond: (id = 2091547)

table 4 : explain SELECT c FROM sbtest4 WHERE id=69501
	Index Scan using sbtest4_pkey on sbtest4  (cost=0.43..8.45 rows=1 width=121)
	  Index Cond: (id = 69501)

table 5 : explain SELECT c FROM sbtest5 WHERE id=1295570
	Index Scan using sbtest5_pkey on sbtest5  (cost=0.43..8.45 rows=1 width=121)
	  Index Cond: (id = 1295570)

table 6 : explain SELECT c FROM sbtest6 WHERE id=1350481
	Index Scan using sbtest6_pkey on sbtest6  (cost=0.43..8.45 rows=1 width=121)
	  Index Cond: (id = 1350481)

table 7 : explain SELECT c FROM sbtest7 WHERE id=9524875
	Index Scan using sbtest7_pkey on sbtest7  (cost=0.43..8.45 rows=1 width=121)
	  Index Cond: (id = 9524875)

table 8 : explain SELECT c FROM sbtest8 WHERE id=4877002
	Index Scan using sbtest8_pkey on sbtest8  (cost=0.43..8.45 rows=1 width=121)
	  Index Cond: (id = 4877002)

explain: for non_index_updates :: explain UPDATE sbtest%u SET c='foobar' WHERE id=%u
for index_updates
table 1 : explain UPDATE sbtest1 SET k=k+1 WHERE id=6884414
	Update on sbtest1  (cost=0.43..8.46 rows=0 width=0)
	  ->  Index Scan using sbtest1_pkey on sbtest1  (cost=0.43..8.46 rows=1 width=10)
	        Index Cond: (id = 6884414)

table 2 : explain UPDATE sbtest2 SET k=k+1 WHERE id=3132244
	Update on sbtest2  (cost=0.43..8.46 rows=0 width=0)
	  ->  Index Scan using sbtest2_pkey on sbtest2  (cost=0.43..8.46 rows=1 width=10)
	        Index Cond: (id = 3132244)

table 3 : explain UPDATE sbtest3 SET k=k+1 WHERE id=7717729
	Update on sbtest3  (cost=0.43..8.46 rows=0 width=0)
	  ->  Index Scan using sbtest3_pkey on sbtest3  (cost=0.43..8.46 rows=1 width=10)
	        Index Cond: (id = 7717729)

table 4 : explain UPDATE sbtest4 SET k=k+1 WHERE id=2318357
	Update on sbtest4  (cost=0.43..8.46 rows=0 width=0)
	  ->  Index Scan using sbtest4_pkey on sbtest4  (cost=0.43..8.46 rows=1 width=10)
	        Index Cond: (id = 2318357)

table 5 : explain UPDATE sbtest5 SET k=k+1 WHERE id=4264299
	Update on sbtest5  (cost=0.43..8.46 rows=0 width=0)
	  ->  Index Scan using sbtest5_pkey on sbtest5  (cost=0.43..8.46 rows=1 width=10)
	        Index Cond: (id = 4264299)

table 6 : explain UPDATE sbtest6 SET k=k+1 WHERE id=8973975
	Update on sbtest6  (cost=0.43..8.46 rows=0 width=0)
	  ->  Index Scan using sbtest6_pkey on sbtest6  (cost=0.43..8.46 rows=1 width=10)
	        Index Cond: (id = 8973975)

table 7 : explain UPDATE sbtest7 SET k=k+1 WHERE id=1404481
	Update on sbtest7  (cost=0.43..8.46 rows=0 width=0)
	  ->  Index Scan using sbtest7_pkey on sbtest7  (cost=0.43..8.46 rows=1 width=10)
	        Index Cond: (id = 1404481)

table 8 : explain UPDATE sbtest8 SET k=k+1 WHERE id=1925623
	Update on sbtest8  (cost=0.43..8.46 rows=0 width=0)
	  ->  Index Scan using sbtest8_pkey on sbtest8  (cost=0.43..8.46 rows=1 width=10)
	        Index Cond: (id = 1925623)

explain: for index_updates :: explain UPDATE sbtest%u SET k=k+1 WHERE id=%u
explain: for index_updates :: explain UPDATE sbtest%u SET k=k+1 WHERE id=%u
explain: for non_index_updates :: explain UPDATE sbtest%u SET c='foobar' WHERE id=%u
for: distinct_ranges
table 1 : explain SELECT DISTINCT c FROM sbtest1 WHERE id BETWEEN 6071443 AND 6071452 ORDER BY c
	Unique  (cost=35.35..35.39 rows=9 width=121)
	  ->  Sort  (cost=35.35..35.37 rows=9 width=121)
	        Sort Key: c
	        ->  Index Scan using sbtest1_pkey on sbtest1  (cost=0.43..35.21 rows=9 width=121)
	              Index Cond: ((id >= 6071443) AND (id <= 6071452))

table 2 : explain SELECT DISTINCT c FROM sbtest2 WHERE id BETWEEN 4725601 AND 4725610 ORDER BY c
	Unique  (cost=38.63..38.68 rows=10 width=121)
	  ->  Sort  (cost=38.63..38.66 rows=10 width=121)
	        Sort Key: c
	        ->  Index Scan using sbtest2_pkey on sbtest2  (cost=0.43..38.47 rows=10 width=121)
	              Index Cond: ((id >= 4725601) AND (id <= 4725610))

table 3 : explain SELECT DISTINCT c FROM sbtest3 WHERE id BETWEEN 4677078 AND 4677087 ORDER BY c
	Unique  (cost=35.85..35.89 rows=9 width=121)
	  ->  Sort  (cost=35.85..35.87 rows=9 width=121)
	        Sort Key: c
	        ->  Index Scan using sbtest3_pkey on sbtest3  (cost=0.43..35.71 rows=9 width=121)
	              Index Cond: ((id >= 4677078) AND (id <= 4677087))

table 4 : explain SELECT DISTINCT c FROM sbtest4 WHERE id BETWEEN 3074542 AND 3074551 ORDER BY c
	Unique  (cost=35.68..35.72 rows=9 width=121)
	  ->  Sort  (cost=35.68..35.70 rows=9 width=121)
	        Sort Key: c
	        ->  Index Scan using sbtest4_pkey on sbtest4  (cost=0.43..35.53 rows=9 width=121)
	              Index Cond: ((id >= 3074542) AND (id <= 3074551))

table 5 : explain SELECT DISTINCT c FROM sbtest5 WHERE id BETWEEN 2634324 AND 2634333 ORDER BY c
	Unique  (cost=42.44..42.49 rows=11 width=121)
	  ->  Sort  (cost=42.44..42.46 rows=11 width=121)
	        Sort Key: c
	        ->  Index Scan using sbtest5_pkey on sbtest5  (cost=0.43..42.25 rows=11 width=121)
	              Index Cond: ((id >= 2634324) AND (id <= 2634333))

table 6 : explain SELECT DISTINCT c FROM sbtest6 WHERE id BETWEEN 3958505 AND 3958514 ORDER BY c
	Unique  (cost=38.94..38.99 rows=10 width=121)
	  ->  Sort  (cost=38.94..38.96 rows=10 width=121)
	        Sort Key: c
	        ->  Index Scan using sbtest6_pkey on sbtest6  (cost=0.43..38.77 rows=10 width=121)
	              Index Cond: ((id >= 3958505) AND (id <= 3958514))

table 7 : explain SELECT DISTINCT c FROM sbtest7 WHERE id BETWEEN 7521116 AND 7521125 ORDER BY c
	Unique  (cost=38.90..38.95 rows=10 width=121)
	  ->  Sort  (cost=38.90..38.93 rows=10 width=121)
	        Sort Key: c
	        ->  Index Scan using sbtest7_pkey on sbtest7  (cost=0.43..38.74 rows=10 width=121)
	              Index Cond: ((id >= 7521116) AND (id <= 7521125))

table 8 : explain SELECT DISTINCT c FROM sbtest8 WHERE id BETWEEN 7025325 AND 7025334 ORDER BY c
	Unique  (cost=39.03..39.08 rows=10 width=121)
	  ->  Sort  (cost=39.03..39.06 rows=10 width=121)
	        Sort Key: c
	        ->  Index Scan using sbtest8_pkey on sbtest8  (cost=0.43..38.87 rows=10 width=121)
	              Index Cond: ((id >= 7025325) AND (id <= 7025334))

for index_updates
table 1 : explain UPDATE sbtest1 SET k=k+1 WHERE id=4914636
	Update on sbtest1  (cost=0.43..8.46 rows=0 width=0)
	  ->  Index Scan using sbtest1_pkey on sbtest1  (cost=0.43..8.46 rows=1 width=10)
	        Index Cond: (id = 4914636)

table 2 : explain UPDATE sbtest2 SET k=k+1 WHERE id=609132
	Update on sbtest2  (cost=0.43..8.46 rows=0 width=0)
	  ->  Index Scan using sbtest2_pkey on sbtest2  (cost=0.43..8.46 rows=1 width=10)
	        Index Cond: (id = 609132)

table 3 : explain UPDATE sbtest3 SET k=k+1 WHERE id=5587711
	Update on sbtest3  (cost=0.43..8.46 rows=0 width=0)
	  ->  Index Scan using sbtest3_pkey on sbtest3  (cost=0.43..8.46 rows=1 width=10)
	        Index Cond: (id = 5587711)

table 4 : explain UPDATE sbtest4 SET k=k+1 WHERE id=5358218
	Update on sbtest4  (cost=0.43..8.46 rows=0 width=0)
	  ->  Index Scan using sbtest4_pkey on sbtest4  (cost=0.43..8.46 rows=1 width=10)
	        Index Cond: (id = 5358218)

table 5 : explain UPDATE sbtest5 SET k=k+1 WHERE id=9757815
	Update on sbtest5  (cost=0.43..8.46 rows=0 width=0)
	  ->  Index Scan using sbtest5_pkey on sbtest5  (cost=0.43..8.46 rows=1 width=10)
	        Index Cond: (id = 9757815)

table 6 : explain UPDATE sbtest6 SET k=k+1 WHERE id=2447290
	Update on sbtest6  (cost=0.43..8.46 rows=0 width=0)
	  ->  Index Scan using sbtest6_pkey on sbtest6  (cost=0.43..8.46 rows=1 width=10)
	        Index Cond: (id = 2447290)

table 7 : explain UPDATE sbtest7 SET k=k+1 WHERE id=3048131
	Update on sbtest7  (cost=0.43..8.46 rows=0 width=0)
	  ->  Index Scan using sbtest7_pkey on sbtest7  (cost=0.43..8.46 rows=1 width=10)
	        Index Cond: (id = 3048131)

table 8 : explain UPDATE sbtest8 SET k=k+1 WHERE id=6454534
	Update on sbtest8  (cost=0.43..8.46 rows=0 width=0)
	  ->  Index Scan using sbtest8_pkey on sbtest8  (cost=0.43..8.46 rows=1 width=10)
	        Index Cond: (id = 6454534)

for index_updates
table 1 : explain UPDATE sbtest1 SET k=k+1 WHERE id=8814380
	Update on sbtest1  (cost=0.43..8.46 rows=0 width=0)
	  ->  Index Scan using sbtest1_pkey on sbtest1  (cost=0.43..8.46 rows=1 width=10)
	        Index Cond: (id = 8814380)

table 2 : explain UPDATE sbtest2 SET k=k+1 WHERE id=3256867
	Update on sbtest2  (cost=0.43..8.46 rows=0 width=0)
	  ->  Index Scan using sbtest2_pkey on sbtest2  (cost=0.43..8.46 rows=1 width=10)
	        Index Cond: (id = 3256867)

table 3 : explain UPDATE sbtest3 SET k=k+1 WHERE id=8110827
	Update on sbtest3  (cost=0.43..8.46 rows=0 width=0)
	  ->  Index Scan using sbtest3_pkey on sbtest3  (cost=0.43..8.46 rows=1 width=10)
	        Index Cond: (id = 8110827)

table 4 : explain UPDATE sbtest4 SET k=k+1 WHERE id=1959497
	Update on sbtest4  (cost=0.43..8.46 rows=0 width=0)
	  ->  Index Scan using sbtest4_pkey on sbtest4  (cost=0.43..8.46 rows=1 width=10)
	        Index Cond: (id = 1959497)

table 5 : explain UPDATE sbtest5 SET k=k+1 WHERE id=3480384
	Update on sbtest5  (cost=0.43..8.46 rows=0 width=0)
	  ->  Index Scan using sbtest5_pkey on sbtest5  (cost=0.43..8.46 rows=1 width=10)
	        Index Cond: (id = 3480384)

table 6 : explain UPDATE sbtest6 SET k=k+1 WHERE id=4772926
	Update on sbtest6  (cost=0.43..8.46 rows=0 width=0)
	  ->  Index Scan using sbtest6_pkey on sbtest6  (cost=0.43..8.46 rows=1 width=10)
	        Index Cond: (id = 4772926)

table 7 : explain UPDATE sbtest7 SET k=k+1 WHERE id=9808891
	Update on sbtest7  (cost=0.43..8.46 rows=0 width=0)
	  ->  Index Scan using sbtest7_pkey on sbtest7  (cost=0.43..8.46 rows=1 width=10)
	        Index Cond: (id = 9808891)

table 8 : explain UPDATE sbtest8 SET k=k+1 WHERE id=4031518
	Update on sbtest8  (cost=0.43..8.46 rows=0 width=0)
	  ->  Index Scan using sbtest8_pkey on sbtest8  (cost=0.43..8.46 rows=1 width=10)
	        Index Cond: (id = 4031518)

for non_index_updates
table 1 : explain UPDATE sbtest1 SET c='foobar' WHERE id=7625496
	Update on sbtest1  (cost=0.43..8.45 rows=0 width=0)
	  ->  Index Scan using sbtest1_pkey on sbtest1  (cost=0.43..8.45 rows=1 width=490)
	        Index Cond: (id = 7625496)

table 2 : explain UPDATE sbtest2 SET c='foobar' WHERE id=4887144
	Update on sbtest2  (cost=0.43..8.45 rows=0 width=0)
	  ->  Index Scan using sbtest2_pkey on sbtest2  (cost=0.43..8.45 rows=1 width=490)
	        Index Cond: (id = 4887144)

table 3 : explain UPDATE sbtest3 SET c='foobar' WHERE id=9938901
	Update on sbtest3  (cost=0.43..8.45 rows=0 width=0)
	  ->  Index Scan using sbtest3_pkey on sbtest3  (cost=0.43..8.45 rows=1 width=490)
	        Index Cond: (id = 9938901)

table 4 : explain UPDATE sbtest4 SET c='foobar' WHERE id=7147465
	Update on sbtest4  (cost=0.43..8.45 rows=0 width=0)
	  ->  Index Scan using sbtest4_pkey on sbtest4  (cost=0.43..8.45 rows=1 width=490)
	        Index Cond: (id = 7147465)

table 5 : explain UPDATE sbtest5 SET c='foobar' WHERE id=4642082
	Update on sbtest5  (cost=0.43..8.45 rows=0 width=0)
	  ->  Index Scan using sbtest5_pkey on sbtest5  (cost=0.43..8.45 rows=1 width=490)
	        Index Cond: (id = 4642082)

table 6 : explain UPDATE sbtest6 SET c='foobar' WHERE id=5016168
	Update on sbtest6  (cost=0.43..8.45 rows=0 width=0)
	  ->  Index Scan using sbtest6_pkey on sbtest6  (cost=0.43..8.45 rows=1 width=490)
	        Index Cond: (id = 5016168)

table 7 : explain UPDATE sbtest7 SET c='foobar' WHERE id=3878299
	Update on sbtest7  (cost=0.43..8.45 rows=0 width=0)
	  ->  Index Scan using sbtest7_pkey on sbtest7  (cost=0.43..8.45 rows=1 width=490)
	        Index Cond: (id = 3878299)

table 8 : explain UPDATE sbtest8 SET c='foobar' WHERE id=4346049
	Update on sbtest8  (cost=0.43..8.45 rows=0 width=0)
	  ->  Index Scan using sbtest8_pkey on sbtest8  (cost=0.43..8.45 rows=1 width=490)
	        Index Cond: (id = 4346049)

explain: for non_index_updates :: explain UPDATE sbtest%u SET c='foobar' WHERE id=%u
explain: for index_updates :: explain UPDATE sbtest%u SET k=k+1 WHERE id=%u
explain: for deletes :: explain DELETE FROM sbtest%u WHERE id=%u
for non_index_updates
table 1 : explain UPDATE sbtest1 SET c='foobar' WHERE id=3637748
	Update on sbtest1  (cost=0.43..8.45 rows=0 width=0)
	  ->  Index Scan using sbtest1_pkey on sbtest1  (cost=0.43..8.45 rows=1 width=490)
	        Index Cond: (id = 3637748)

table 2 : explain UPDATE sbtest2 SET c='foobar' WHERE id=3679312
	Update on sbtest2  (cost=0.43..8.45 rows=0 width=0)
	  ->  Index Scan using sbtest2_pkey on sbtest2  (cost=0.43..8.45 rows=1 width=490)
	        Index Cond: (id = 3679312)

table 3 : explain UPDATE sbtest3 SET c='foobar' WHERE id=1817410
	Update on sbtest3  (cost=0.43..8.45 rows=0 width=0)
	  ->  Index Scan using sbtest3_pkey on sbtest3  (cost=0.43..8.45 rows=1 width=490)
	        Index Cond: (id = 1817410)

table 4 : explain UPDATE sbtest4 SET c='foobar' WHERE id=3114349
	Update on sbtest4  (cost=0.43..8.45 rows=0 width=0)
	  ->  Index Scan using sbtest4_pkey on sbtest4  (cost=0.43..8.45 rows=1 width=490)
	        Index Cond: (id = 3114349)

table 5 : explain UPDATE sbtest5 SET c='foobar' WHERE id=9962059
	Update on sbtest5  (cost=0.43..8.45 rows=0 width=0)
	  ->  Index Scan using sbtest5_pkey on sbtest5  (cost=0.43..8.45 rows=1 width=490)
	        Index Cond: (id = 9962059)

table 6 : explain UPDATE sbtest6 SET c='foobar' WHERE id=2151003
	Update on sbtest6  (cost=0.43..8.45 rows=0 width=0)
	  ->  Index Scan using sbtest6_pkey on sbtest6  (cost=0.43..8.45 rows=1 width=490)
	        Index Cond: (id = 2151003)

table 7 : explain UPDATE sbtest7 SET c='foobar' WHERE id=4063480
	Update on sbtest7  (cost=0.43..8.45 rows=0 width=0)
	  ->  Index Scan using sbtest7_pkey on sbtest7  (cost=0.43..8.45 rows=1 width=490)
	        Index Cond: (id = 4063480)

table 8 : explain UPDATE sbtest8 SET c='foobar' WHERE id=7989441
	Update on sbtest8  (cost=0.43..8.45 rows=0 width=0)
	  ->  Index Scan using sbtest8_pkey on sbtest8  (cost=0.43..8.45 rows=1 width=490)
	        Index Cond: (id = 7989441)

explain: for non_index_updates :: explain UPDATE sbtest%u SET c='foobar' WHERE id=%u
for: simple_ranges
table 1 : explain SELECT c FROM sbtest1 WHERE id BETWEEN 2330966 AND 2330975
	Index Scan using sbtest1_pkey on sbtest1  (cost=0.43..35.21 rows=9 width=121)
	  Index Cond: ((id >= 2330966) AND (id <= 2330975))

table 2 : explain SELECT c FROM sbtest2 WHERE id BETWEEN 1123075 AND 1123084
	Index Scan using sbtest2_pkey on sbtest2  (cost=0.43..35.13 rows=9 width=121)
	  Index Cond: ((id >= 1123075) AND (id <= 1123084))

table 3 : explain SELECT c FROM sbtest3 WHERE id BETWEEN 126412 AND 126421
	Index Scan using sbtest3_pkey on sbtest3  (cost=0.43..39.11 rows=10 width=121)
	  Index Cond: ((id >= 126412) AND (id <= 126421))

table 4 : explain SELECT c FROM sbtest4 WHERE id BETWEEN 6583252 AND 6583261
	Index Scan using sbtest4_pkey on sbtest4  (cost=0.43..38.92 rows=10 width=121)
	  Index Cond: ((id >= 6583252) AND (id <= 6583261))

table 5 : explain SELECT c FROM sbtest5 WHERE id BETWEEN 3492552 AND 3492561
	Index Scan using sbtest5_pkey on sbtest5  (cost=0.43..35.49 rows=9 width=121)
	  Index Cond: ((id >= 3492552) AND (id <= 3492561))

table 6 : explain SELECT c FROM sbtest6 WHERE id BETWEEN 3197327 AND 3197336
	Index Scan using sbtest6_pkey on sbtest6  (cost=0.43..38.77 rows=10 width=121)
	  Index Cond: ((id >= 3197327) AND (id <= 3197336))

table 7 : explain SELECT c FROM sbtest7 WHERE id BETWEEN 4051514 AND 4051523
	Index Scan using sbtest7_pkey on sbtest7  (cost=0.43..38.74 rows=10 width=121)
	  Index Cond: ((id >= 4051514) AND (id <= 4051523))

table 8 : explain SELECT c FROM sbtest8 WHERE id BETWEEN 3843477 AND 3843486
	Index Scan using sbtest8_pkey on sbtest8  (cost=0.43..42.24 rows=11 width=121)
	  Index Cond: ((id >= 3843477) AND (id <= 3843486))

for index_updates
table 1 : explain UPDATE sbtest1 SET k=k+1 WHERE id=5296181
	Update on sbtest1  (cost=0.43..8.46 rows=0 width=0)
	  ->  Index Scan using sbtest1_pkey on sbtest1  (cost=0.43..8.46 rows=1 width=10)
	        Index Cond: (id = 5296181)

table 2 : explain UPDATE sbtest2 SET k=k+1 WHERE id=5280509
	Update on sbtest2  (cost=0.43..8.46 rows=0 width=0)
	  ->  Index Scan using sbtest2_pkey on sbtest2  (cost=0.43..8.46 rows=1 width=10)
	        Index Cond: (id = 5280509)

table 3 : explain UPDATE sbtest3 SET k=k+1 WHERE id=4276557
	Update on sbtest3  (cost=0.43..8.46 rows=0 width=0)
	  ->  Index Scan using sbtest3_pkey on sbtest3  (cost=0.43..8.46 rows=1 width=10)
	        Index Cond: (id = 4276557)

table 4 : explain UPDATE sbtest4 SET k=k+1 WHERE id=9150441
	Update on sbtest4  (cost=0.43..8.46 rows=0 width=0)
	  ->  Index Scan using sbtest4_pkey on sbtest4  (cost=0.43..8.46 rows=1 width=10)
	        Index Cond: (id = 9150441)

table 5 : explain UPDATE sbtest5 SET k=k+1 WHERE id=4886433
	Update on sbtest5  (cost=0.43..8.46 rows=0 width=0)
	  ->  Index Scan using sbtest5_pkey on sbtest5  (cost=0.43..8.46 rows=1 width=10)
	        Index Cond: (id = 4886433)

table 6 : explain UPDATE sbtest6 SET k=k+1 WHERE id=5476880
	Update on sbtest6  (cost=0.43..8.46 rows=0 width=0)
	  ->  Index Scan using sbtest6_pkey on sbtest6  (cost=0.43..8.46 rows=1 width=10)
	        Index Cond: (id = 5476880)

table 7 : explain UPDATE sbtest7 SET k=k+1 WHERE id=8338380
	Update on sbtest7  (cost=0.43..8.46 rows=0 width=0)
	  ->  Index Scan using sbtest7_pkey on sbtest7  (cost=0.43..8.46 rows=1 width=10)
	        Index Cond: (id = 8338380)

table 8 : explain UPDATE sbtest8 SET k=k+1 WHERE id=1487975
	Update on sbtest8  (cost=0.43..8.46 rows=0 width=0)
	  ->  Index Scan using sbtest8_pkey on sbtest8  (cost=0.43..8.46 rows=1 width=10)
	        Index Cond: (id = 1487975)

for non_index_updates
table 1 : explain UPDATE sbtest1 SET c='foobar' WHERE id=9357274
	Update on sbtest1  (cost=0.43..8.45 rows=0 width=0)
	  ->  Index Scan using sbtest1_pkey on sbtest1  (cost=0.43..8.45 rows=1 width=490)
	        Index Cond: (id = 9357274)

table 2 : explain UPDATE sbtest2 SET c='foobar' WHERE id=4115327
	Update on sbtest2  (cost=0.43..8.45 rows=0 width=0)
	  ->  Index Scan using sbtest2_pkey on sbtest2  (cost=0.43..8.45 rows=1 width=490)
	        Index Cond: (id = 4115327)

table 3 : explain UPDATE sbtest3 SET c='foobar' WHERE id=7304489
	Update on sbtest3  (cost=0.43..8.45 rows=0 width=0)
	  ->  Index Scan using sbtest3_pkey on sbtest3  (cost=0.43..8.45 rows=1 width=490)
	        Index Cond: (id = 7304489)

table 4 : explain UPDATE sbtest4 SET c='foobar' WHERE id=2051516
	Update on sbtest4  (cost=0.43..8.45 rows=0 width=0)
	  ->  Index Scan using sbtest4_pkey on sbtest4  (cost=0.43..8.45 rows=1 width=490)
	        Index Cond: (id = 2051516)

table 5 : explain UPDATE sbtest5 SET c='foobar' WHERE id=6112997
	Update on sbtest5  (cost=0.43..8.45 rows=0 width=0)
	  ->  Index Scan using sbtest5_pkey on sbtest5  (cost=0.43..8.45 rows=1 width=490)
	        Index Cond: (id = 6112997)

table 6 : explain UPDATE sbtest6 SET c='foobar' WHERE id=6382226
	Update on sbtest6  (cost=0.43..8.45 rows=0 width=0)
	  ->  Index Scan using sbtest6_pkey on sbtest6  (cost=0.43..8.45 rows=1 width=490)
	        Index Cond: (id = 6382226)

table 7 : explain UPDATE sbtest7 SET c='foobar' WHERE id=7954178
	Update on sbtest7  (cost=0.43..8.45 rows=0 width=0)
	  ->  Index Scan using sbtest7_pkey on sbtest7  (cost=0.43..8.45 rows=1 width=490)
	        Index Cond: (id = 7954178)

table 8 : explain UPDATE sbtest8 SET c='foobar' WHERE id=9618311
	Update on sbtest8  (cost=0.43..8.45 rows=0 width=0)
	  ->  Index Scan using sbtest8_pkey on sbtest8  (cost=0.43..8.45 rows=1 width=490)
	        Index Cond: (id = 9618311)

for deletes
table 1 : explain DELETE FROM sbtest1 WHERE id=2191815
	Delete on sbtest1  (cost=0.43..8.45 rows=0 width=0)
	  ->  Index Scan using sbtest1_pkey on sbtest1  (cost=0.43..8.45 rows=1 width=6)
	        Index Cond: (id = 2191815)

table 2 : explain DELETE FROM sbtest2 WHERE id=1139737
	Delete on sbtest2  (cost=0.43..8.45 rows=0 width=0)
	  ->  Index Scan using sbtest2_pkey on sbtest2  (cost=0.43..8.45 rows=1 width=6)
	        Index Cond: (id = 1139737)

table 3 : explain DELETE FROM sbtest3 WHERE id=2106500
	Delete on sbtest3  (cost=0.43..8.45 rows=0 width=0)
	  ->  Index Scan using sbtest3_pkey on sbtest3  (cost=0.43..8.45 rows=1 width=6)
	        Index Cond: (id = 2106500)

table 4 : explain DELETE FROM sbtest4 WHERE id=4026563
	Delete on sbtest4  (cost=0.43..8.45 rows=0 width=0)
	  ->  Index Scan using sbtest4_pkey on sbtest4  (cost=0.43..8.45 rows=1 width=6)
	        Index Cond: (id = 4026563)

table 5 : explain DELETE FROM sbtest5 WHERE id=4330194
	Delete on sbtest5  (cost=0.43..8.45 rows=0 width=0)
	  ->  Index Scan using sbtest5_pkey on sbtest5  (cost=0.43..8.45 rows=1 width=6)
	        Index Cond: (id = 4330194)

table 6 : explain DELETE FROM sbtest6 WHERE id=9331907
	Delete on sbtest6  (cost=0.43..8.45 rows=0 width=0)
	  ->  Index Scan using sbtest6_pkey on sbtest6  (cost=0.43..8.45 rows=1 width=6)
	        Index Cond: (id = 9331907)

table 7 : explain DELETE FROM sbtest7 WHERE id=421985
	Delete on sbtest7  (cost=0.43..8.45 rows=0 width=0)
	  ->  Index Scan using sbtest7_pkey on sbtest7  (cost=0.43..8.45 rows=1 width=6)
	        Index Cond: (id = 421985)

table 8 : explain DELETE FROM sbtest8 WHERE id=5515649
	Delete on sbtest8  (cost=0.43..8.45 rows=0 width=0)
	  ->  Index Scan using sbtest8_pkey on sbtest8  (cost=0.43..8.45 rows=1 width=6)
	        Index Cond: (id = 5515649)

explain: for deletes :: explain DELETE FROM sbtest%u WHERE id=%u
explain: for deletes :: explain DELETE FROM sbtest%u WHERE id=%u
for: simple_ranges
table 1 : explain SELECT c FROM sbtest1 WHERE id BETWEEN 3035678 AND 3035687
	Index Scan using sbtest1_pkey on sbtest1  (cost=0.43..41.89 rows=11 width=121)
	  Index Cond: ((id >= 3035678) AND (id <= 3035687))

table 2 : explain SELECT c FROM sbtest2 WHERE id BETWEEN 1562348 AND 1562357
	Index Scan using sbtest2_pkey on sbtest2  (cost=0.43..38.47 rows=10 width=121)
	  Index Cond: ((id >= 1562348) AND (id <= 1562357))

table 3 : explain SELECT c FROM sbtest3 WHERE id BETWEEN 2604745 AND 2604754
	Index Scan using sbtest3_pkey on sbtest3  (cost=0.43..39.11 rows=10 width=121)
	  Index Cond: ((id >= 2604745) AND (id <= 2604754))

table 4 : explain SELECT c FROM sbtest4 WHERE id BETWEEN 3167504 AND 3167513
	Index Scan using sbtest4_pkey on sbtest4  (cost=0.43..42.30 rows=11 width=121)
	  Index Cond: ((id >= 3167504) AND (id <= 3167513))

table 5 : explain SELECT c FROM sbtest5 WHERE id BETWEEN 1813208 AND 1813217
	Index Scan using sbtest5_pkey on sbtest5  (cost=0.43..35.49 rows=9 width=121)
	  Index Cond: ((id >= 1813208) AND (id <= 1813217))

table 6 : explain SELECT c FROM sbtest6 WHERE id BETWEEN 1018368 AND 1018377
	Index Scan using sbtest6_pkey on sbtest6  (cost=0.43..38.77 rows=10 width=121)
	  Index Cond: ((id >= 1018368) AND (id <= 1018377))

table 7 : explain SELECT c FROM sbtest7 WHERE id BETWEEN 7277895 AND 7277904
	Index Scan using sbtest7_pkey on sbtest7  (cost=0.43..38.74 rows=10 width=121)
	  Index Cond: ((id >= 7277895) AND (id <= 7277904))

table 8 : explain SELECT c FROM sbtest8 WHERE id BETWEEN 6541288 AND 6541297
	Index Scan using sbtest8_pkey on sbtest8  (cost=0.43..35.49 rows=9 width=121)
	  Index Cond: ((id >= 6541288) AND (id <= 6541297))

for point_selects
table 1 : explain SELECT c FROM sbtest1 WHERE id=6965944
	Index Scan using sbtest1_pkey on sbtest1  (cost=0.43..8.45 rows=1 width=121)
	  Index Cond: (id = 6965944)

table 2 : explain SELECT c FROM sbtest2 WHERE id=7251673
	Index Scan using sbtest2_pkey on sbtest2  (cost=0.43..8.45 rows=1 width=121)
	  Index Cond: (id = 7251673)

table 3 : explain SELECT c FROM sbtest3 WHERE id=609621
	Index Scan using sbtest3_pkey on sbtest3  (cost=0.43..8.45 rows=1 width=121)
	  Index Cond: (id = 609621)

table 4 : explain SELECT c FROM sbtest4 WHERE id=320351
	Index Scan using sbtest4_pkey on sbtest4  (cost=0.43..8.45 rows=1 width=121)
	  Index Cond: (id = 320351)

table 5 : explain SELECT c FROM sbtest5 WHERE id=1204895
	Index Scan using sbtest5_pkey on sbtest5  (cost=0.43..8.45 rows=1 width=121)
	  Index Cond: (id = 1204895)

table 6 : explain SELECT c FROM sbtest6 WHERE id=105871
	Index Scan using sbtest6_pkey on sbtest6  (cost=0.43..8.45 rows=1 width=121)
	  Index Cond: (id = 105871)

table 7 : explain SELECT c FROM sbtest7 WHERE id=3922580
	Index Scan using sbtest7_pkey on sbtest7  (cost=0.43..8.45 rows=1 width=121)
	  Index Cond: (id = 3922580)

table 8 : explain SELECT c FROM sbtest8 WHERE id=4857048
	Index Scan using sbtest8_pkey on sbtest8  (cost=0.43..8.45 rows=1 width=121)
	  Index Cond: (id = 4857048)

explain: for inserts :: explain INSERT INTO sbtest%u (id, k, c, pad) VALUES (%u, 13, 'foobar', 'foobar')
for: sum_ranges
table 1 : explain SELECT SUM(k) FROM sbtest1 WHERE id BETWEEN 5654249 AND 5654258
	Aggregate  (cost=41.92..41.93 rows=1 width=8)
	  ->  Index Scan using sbtest1_pkey on sbtest1  (cost=0.43..41.89 rows=11 width=4)
	        Index Cond: ((id >= 5654249) AND (id <= 5654258))

table 2 : explain SELECT SUM(k) FROM sbtest2 WHERE id BETWEEN 4945730 AND 4945739
	Aggregate  (cost=38.49..38.50 rows=1 width=8)
	  ->  Index Scan using sbtest2_pkey on sbtest2  (cost=0.43..38.47 rows=10 width=4)
	        Index Cond: ((id >= 4945730) AND (id <= 4945739))

table 3 : explain SELECT SUM(k) FROM sbtest3 WHERE id BETWEEN 1191080 AND 1191089
	Aggregate  (cost=39.14..39.15 rows=1 width=8)
	  ->  Index Scan using sbtest3_pkey on sbtest3  (cost=0.43..39.11 rows=10 width=4)
	        Index Cond: ((id >= 1191080) AND (id <= 1191089))

table 4 : explain SELECT SUM(k) FROM sbtest4 WHERE id BETWEEN 3501901 AND 3501910
	Aggregate  (cost=38.94..38.95 rows=1 width=8)
	  ->  Index Scan using sbtest4_pkey on sbtest4  (cost=0.43..38.92 rows=10 width=4)
	        Index Cond: ((id >= 3501901) AND (id <= 3501910))

table 5 : explain SELECT SUM(k) FROM sbtest5 WHERE id BETWEEN 8886709 AND 8886718
	Aggregate  (cost=38.89..38.90 rows=1 width=8)
	  ->  Index Scan using sbtest5_pkey on sbtest5  (cost=0.43..38.87 rows=10 width=4)
	        Index Cond: ((id >= 8886709) AND (id <= 8886718))

table 6 : explain SELECT SUM(k) FROM sbtest6 WHERE id BETWEEN 9444783 AND 9444792
	Aggregate  (cost=38.80..38.81 rows=1 width=8)
	  ->  Index Scan using sbtest6_pkey on sbtest6  (cost=0.43..38.77 rows=10 width=4)
	        Index Cond: ((id >= 9444783) AND (id <= 9444792))

table 7 : explain SELECT SUM(k) FROM sbtest7 WHERE id BETWEEN 7889155 AND 7889164
	Aggregate  (cost=38.76..38.77 rows=1 width=8)
	  ->  Index Scan using sbtest7_pkey on sbtest7  (cost=0.43..38.74 rows=10 width=4)
	        Index Cond: ((id >= 7889155) AND (id <= 7889164))

table 8 : explain SELECT SUM(k) FROM sbtest8 WHERE id BETWEEN 502526 AND 502535
	Aggregate  (cost=38.89..38.90 rows=1 width=8)
	  ->  Index Scan using sbtest8_pkey on sbtest8  (cost=0.43..38.87 rows=10 width=4)
	        Index Cond: ((id >= 502526) AND (id <= 502535))

for index_updates
table 1 : explain UPDATE sbtest1 SET k=k+1 WHERE id=6420403
	Update on sbtest1  (cost=0.43..8.46 rows=0 width=0)
	  ->  Index Scan using sbtest1_pkey on sbtest1  (cost=0.43..8.46 rows=1 width=10)
	        Index Cond: (id = 6420403)

table 2 : explain UPDATE sbtest2 SET k=k+1 WHERE id=8239810
	Update on sbtest2  (cost=0.43..8.46 rows=0 width=0)
	  ->  Index Scan using sbtest2_pkey on sbtest2  (cost=0.43..8.46 rows=1 width=10)
	        Index Cond: (id = 8239810)

table 3 : explain UPDATE sbtest3 SET k=k+1 WHERE id=8035204
	Update on sbtest3  (cost=0.43..8.46 rows=0 width=0)
	  ->  Index Scan using sbtest3_pkey on sbtest3  (cost=0.43..8.46 rows=1 width=10)
	        Index Cond: (id = 8035204)

table 4 : explain UPDATE sbtest4 SET k=k+1 WHERE id=8971438
	Update on sbtest4  (cost=0.43..8.46 rows=0 width=0)
	  ->  Index Scan using sbtest4_pkey on sbtest4  (cost=0.43..8.46 rows=1 width=10)
	        Index Cond: (id = 8971438)

table 5 : explain UPDATE sbtest5 SET k=k+1 WHERE id=1578977
	Update on sbtest5  (cost=0.43..8.46 rows=0 width=0)
	  ->  Index Scan using sbtest5_pkey on sbtest5  (cost=0.43..8.46 rows=1 width=10)
	        Index Cond: (id = 1578977)

table 6 : explain UPDATE sbtest6 SET k=k+1 WHERE id=3565780
	Update on sbtest6  (cost=0.43..8.46 rows=0 width=0)
	  ->  Index Scan using sbtest6_pkey on sbtest6  (cost=0.43..8.46 rows=1 width=10)
	        Index Cond: (id = 3565780)

table 7 : explain UPDATE sbtest7 SET k=k+1 WHERE id=6663074
	Update on sbtest7  (cost=0.43..8.46 rows=0 width=0)
	  ->  Index Scan using sbtest7_pkey on sbtest7  (cost=0.43..8.46 rows=1 width=10)
	        Index Cond: (id = 6663074)

table 8 : explain UPDATE sbtest8 SET k=k+1 WHERE id=7743951
	Update on sbtest8  (cost=0.43..8.46 rows=0 width=0)
	  ->  Index Scan using sbtest8_pkey on sbtest8  (cost=0.43..8.46 rows=1 width=10)
	        Index Cond: (id = 7743951)

for deletes
table 1 : explain DELETE FROM sbtest1 WHERE id=4916230
	Delete on sbtest1  (cost=0.43..8.45 rows=0 width=0)
	  ->  Index Scan using sbtest1_pkey on sbtest1  (cost=0.43..8.45 rows=1 width=6)
	        Index Cond: (id = 4916230)

table 2 : explain DELETE FROM sbtest2 WHERE id=7640571
	Delete on sbtest2  (cost=0.43..8.45 rows=0 width=0)
	  ->  Index Scan using sbtest2_pkey on sbtest2  (cost=0.43..8.45 rows=1 width=6)
	        Index Cond: (id = 7640571)

table 3 : explain DELETE FROM sbtest3 WHERE id=4766287
	Delete on sbtest3  (cost=0.43..8.45 rows=0 width=0)
	  ->  Index Scan using sbtest3_pkey on sbtest3  (cost=0.43..8.45 rows=1 width=6)
	        Index Cond: (id = 4766287)

table 4 : explain DELETE FROM sbtest4 WHERE id=6271762
	Delete on sbtest4  (cost=0.43..8.45 rows=0 width=0)
	  ->  Index Scan using sbtest4_pkey on sbtest4  (cost=0.43..8.45 rows=1 width=6)
	        Index Cond: (id = 6271762)

table 5 : explain DELETE FROM sbtest5 WHERE id=7949741
	Delete on sbtest5  (cost=0.43..8.45 rows=0 width=0)
	  ->  Index Scan using sbtest5_pkey on sbtest5  (cost=0.43..8.45 rows=1 width=6)
	        Index Cond: (id = 7949741)

table 6 : explain DELETE FROM sbtest6 WHERE id=6359909
	Delete on sbtest6  (cost=0.43..8.45 rows=0 width=0)
	  ->  Index Scan using sbtest6_pkey on sbtest6  (cost=0.43..8.45 rows=1 width=6)
	        Index Cond: (id = 6359909)

table 7 : explain DELETE FROM sbtest7 WHERE id=3527933
	Delete on sbtest7  (cost=0.43..8.45 rows=0 width=0)
	  ->  Index Scan using sbtest7_pkey on sbtest7  (cost=0.43..8.45 rows=1 width=6)
	        Index Cond: (id = 3527933)

table 8 : explain DELETE FROM sbtest8 WHERE id=166532
	Delete on sbtest8  (cost=0.43..8.45 rows=0 width=0)
	  ->  Index Scan using sbtest8_pkey on sbtest8  (cost=0.43..8.45 rows=1 width=6)
	        Index Cond: (id = 166532)

explain: for non_index_updates :: explain UPDATE sbtest%u SET c='foobar' WHERE id=%u
for inserts
table 1 : explain INSERT INTO sbtest1 (id, k, c, pad) VALUES (507075, 13, 'foobar', 'foobar')
	Insert on sbtest1  (cost=0.00..0.01 rows=0 width=0)
	  ->  Result  (cost=0.00..0.01 rows=1 width=736)

table 2 : explain INSERT INTO sbtest2 (id, k, c, pad) VALUES (4212503, 13, 'foobar', 'foobar')
	Insert on sbtest2  (cost=0.00..0.01 rows=0 width=0)
	  ->  Result  (cost=0.00..0.01 rows=1 width=736)

table 3 : explain INSERT INTO sbtest3 (id, k, c, pad) VALUES (6972540, 13, 'foobar', 'foobar')
	Insert on sbtest3  (cost=0.00..0.01 rows=0 width=0)
	  ->  Result  (cost=0.00..0.01 rows=1 width=736)

table 4 : explain INSERT INTO sbtest4 (id, k, c, pad) VALUES (7823433, 13, 'foobar', 'foobar')
	Insert on sbtest4  (cost=0.00..0.01 rows=0 width=0)
	  ->  Result  (cost=0.00..0.01 rows=1 width=736)

table 5 : explain INSERT INTO sbtest5 (id, k, c, pad) VALUES (152860, 13, 'foobar', 'foobar')
	Insert on sbtest5  (cost=0.00..0.01 rows=0 width=0)
	  ->  Result  (cost=0.00..0.01 rows=1 width=736)

table 6 : explain INSERT INTO sbtest6 (id, k, c, pad) VALUES (6217760, 13, 'foobar', 'foobar')
	Insert on sbtest6  (cost=0.00..0.01 rows=0 width=0)
	  ->  Result  (cost=0.00..0.01 rows=1 width=736)

table 7 : explain INSERT INTO sbtest7 (id, k, c, pad) VALUES (9729965, 13, 'foobar', 'foobar')
	Insert on sbtest7  (cost=0.00..0.01 rows=0 width=0)
	  ->  Result  (cost=0.00..0.01 rows=1 width=736)

table 8 : explain INSERT INTO sbtest8 (id, k, c, pad) VALUES (3467554, 13, 'foobar', 'foobar')
	Insert on sbtest8  (cost=0.00..0.01 rows=0 width=0)
	  ->  Result  (cost=0.00..0.01 rows=1 width=736)

explain: for inserts :: explain INSERT INTO sbtest%u (id, k, c, pad) VALUES (%u, 13, 'foobar', 'foobar')
for non_index_updates
table 1 : explain UPDATE sbtest1 SET c='foobar' WHERE id=3513991
	Update on sbtest1  (cost=0.43..8.45 rows=0 width=0)
	  ->  Index Scan using sbtest1_pkey on sbtest1  (cost=0.43..8.45 rows=1 width=490)
	        Index Cond: (id = 3513991)

table 2 : explain UPDATE sbtest2 SET c='foobar' WHERE id=9087800
	Update on sbtest2  (cost=0.43..8.45 rows=0 width=0)
	  ->  Index Scan using sbtest2_pkey on sbtest2  (cost=0.43..8.45 rows=1 width=490)
	        Index Cond: (id = 9087800)

table 3 : explain UPDATE sbtest3 SET c='foobar' WHERE id=464150
	Update on sbtest3  (cost=0.43..8.45 rows=0 width=0)
	  ->  Index Scan using sbtest3_pkey on sbtest3  (cost=0.43..8.45 rows=1 width=490)
	        Index Cond: (id = 464150)

table 4 : explain UPDATE sbtest4 SET c='foobar' WHERE id=7186712
	Update on sbtest4  (cost=0.43..8.45 rows=0 width=0)
	  ->  Index Scan using sbtest4_pkey on sbtest4  (cost=0.43..8.45 rows=1 width=490)
	        Index Cond: (id = 7186712)

table 5 : explain UPDATE sbtest5 SET c='foobar' WHERE id=2498057
	Update on sbtest5  (cost=0.43..8.45 rows=0 width=0)
	  ->  Index Scan using sbtest5_pkey on sbtest5  (cost=0.43..8.45 rows=1 width=490)
	        Index Cond: (id = 2498057)

table 6 : explain UPDATE sbtest6 SET c='foobar' WHERE id=492800
	Update on sbtest6  (cost=0.43..8.45 rows=0 width=0)
	  ->  Index Scan using sbtest6_pkey on sbtest6  (cost=0.43..8.45 rows=1 width=490)
	        Index Cond: (id = 492800)

table 7 : explain UPDATE sbtest7 SET c='foobar' WHERE id=229422
	Update on sbtest7  (cost=0.43..8.45 rows=0 width=0)
	  ->  Index Scan using sbtest7_pkey on sbtest7  (cost=0.43..8.45 rows=1 width=490)
	        Index Cond: (id = 229422)

table 8 : explain UPDATE sbtest8 SET c='foobar' WHERE id=5226624
	Update on sbtest8  (cost=0.43..8.45 rows=0 width=0)
	  ->  Index Scan using sbtest8_pkey on sbtest8  (cost=0.43..8.45 rows=1 width=490)
	        Index Cond: (id = 5226624)

explain: for non_index_updates :: explain UPDATE sbtest%u SET c='foobar' WHERE id=%u
for deletes
table 1 : explain DELETE FROM sbtest1 WHERE id=8943810
	Delete on sbtest1  (cost=0.43..8.45 rows=0 width=0)
	  ->  Index Scan using sbtest1_pkey on sbtest1  (cost=0.43..8.45 rows=1 width=6)
	        Index Cond: (id = 8943810)

table 2 : explain DELETE FROM sbtest2 WHERE id=5764269
	Delete on sbtest2  (cost=0.43..8.45 rows=0 width=0)
	  ->  Index Scan using sbtest2_pkey on sbtest2  (cost=0.43..8.45 rows=1 width=6)
	        Index Cond: (id = 5764269)

table 3 : explain DELETE FROM sbtest3 WHERE id=7128670
	Delete on sbtest3  (cost=0.43..8.45 rows=0 width=0)
	  ->  Index Scan using sbtest3_pkey on sbtest3  (cost=0.43..8.45 rows=1 width=6)
	        Index Cond: (id = 7128670)

table 4 : explain DELETE FROM sbtest4 WHERE id=8669707
	Delete on sbtest4  (cost=0.43..8.45 rows=0 width=0)
	  ->  Index Scan using sbtest4_pkey on sbtest4  (cost=0.43..8.45 rows=1 width=6)
	        Index Cond: (id = 8669707)

table 5 : explain DELETE FROM sbtest5 WHERE id=1341141
	Delete on sbtest5  (cost=0.43..8.45 rows=0 width=0)
	  ->  Index Scan using sbtest5_pkey on sbtest5  (cost=0.43..8.45 rows=1 width=6)
	        Index Cond: (id = 1341141)

table 6 : explain DELETE FROM sbtest6 WHERE id=8996741
	Delete on sbtest6  (cost=0.43..8.45 rows=0 width=0)
	  ->  Index Scan using sbtest6_pkey on sbtest6  (cost=0.43..8.45 rows=1 width=6)
	        Index Cond: (id = 8996741)

table 7 : explain DELETE FROM sbtest7 WHERE id=6512320
	Delete on sbtest7  (cost=0.43..8.45 rows=0 width=0)
	  ->  Index Scan using sbtest7_pkey on sbtest7  (cost=0.43..8.45 rows=1 width=6)
	        Index Cond: (id = 6512320)

table 8 : explain DELETE FROM sbtest8 WHERE id=4705636
	Delete on sbtest8  (cost=0.43..8.45 rows=0 width=0)
	  ->  Index Scan using sbtest8_pkey on sbtest8  (cost=0.43..8.45 rows=1 width=6)
	        Index Cond: (id = 4705636)

for inserts
table 1 : explain INSERT INTO sbtest1 (id, k, c, pad) VALUES (2119778, 13, 'foobar', 'foobar')
	Insert on sbtest1  (cost=0.00..0.01 rows=0 width=0)
	  ->  Result  (cost=0.00..0.01 rows=1 width=736)

table 2 : explain INSERT INTO sbtest2 (id, k, c, pad) VALUES (4343148, 13, 'foobar', 'foobar')
	Insert on sbtest2  (cost=0.00..0.01 rows=0 width=0)
	  ->  Result  (cost=0.00..0.01 rows=1 width=736)

table 3 : explain INSERT INTO sbtest3 (id, k, c, pad) VALUES (6253685, 13, 'foobar', 'foobar')
	Insert on sbtest3  (cost=0.00..0.01 rows=0 width=0)
	  ->  Result  (cost=0.00..0.01 rows=1 width=736)

table 4 : explain INSERT INTO sbtest4 (id, k, c, pad) VALUES (767112, 13, 'foobar', 'foobar')
	Insert on sbtest4  (cost=0.00..0.01 rows=0 width=0)
	  ->  Result  (cost=0.00..0.01 rows=1 width=736)

table 5 : explain INSERT INTO sbtest5 (id, k, c, pad) VALUES (516242, 13, 'foobar', 'foobar')
	Insert on sbtest5  (cost=0.00..0.01 rows=0 width=0)
	  ->  Result  (cost=0.00..0.01 rows=1 width=736)

table 6 : explain INSERT INTO sbtest6 (id, k, c, pad) VALUES (1715285, 13, 'foobar', 'foobar')
	Insert on sbtest6  (cost=0.00..0.01 rows=0 width=0)
	  ->  Result  (cost=0.00..0.01 rows=1 width=736)

table 7 : explain INSERT INTO sbtest7 (id, k, c, pad) VALUES (5345281, 13, 'foobar', 'foobar')
	Insert on sbtest7  (cost=0.00..0.01 rows=0 width=0)
	  ->  Result  (cost=0.00..0.01 rows=1 width=736)

table 8 : explain INSERT INTO sbtest8 (id, k, c, pad) VALUES (8351031, 13, 'foobar', 'foobar')
	Insert on sbtest8  (cost=0.00..0.01 rows=0 width=0)
	  ->  Result  (cost=0.00..0.01 rows=1 width=736)

explain: for deletes :: explain DELETE FROM sbtest%u WHERE id=%u
for: sum_ranges
table 1 : explain SELECT SUM(k) FROM sbtest1 WHERE id BETWEEN 835503 AND 835512
	Aggregate  (cost=38.57..38.58 rows=1 width=8)
	  ->  Index Scan using sbtest1_pkey on sbtest1  (cost=0.43..38.55 rows=10 width=4)
	        Index Cond: ((id >= 835503) AND (id <= 835512))

table 2 : explain SELECT SUM(k) FROM sbtest2 WHERE id BETWEEN 4474258 AND 4474267
	Aggregate  (cost=41.83..41.84 rows=1 width=8)
	  ->  Index Scan using sbtest2_pkey on sbtest2  (cost=0.43..41.80 rows=11 width=4)
	        Index Cond: ((id >= 4474258) AND (id <= 4474267))

table 3 : explain SELECT SUM(k) FROM sbtest3 WHERE id BETWEEN 9853033 AND 9853042
	Aggregate  (cost=39.14..39.15 rows=1 width=8)
	  ->  Index Scan using sbtest3_pkey on sbtest3  (cost=0.43..39.11 rows=10 width=4)
	        Index Cond: ((id >= 9853033) AND (id <= 9853042))

table 4 : explain SELECT SUM(k) FROM sbtest4 WHERE id BETWEEN 5752298 AND 5752307
	Aggregate  (cost=38.94..38.95 rows=1 width=8)
	  ->  Index Scan using sbtest4_pkey on sbtest4  (cost=0.43..38.92 rows=10 width=4)
	        Index Cond: ((id >= 5752298) AND (id <= 5752307))

table 5 : explain SELECT SUM(k) FROM sbtest5 WHERE id BETWEEN 9409923 AND 9409932
	Aggregate  (cost=38.89..38.90 rows=1 width=8)
	  ->  Index Scan using sbtest5_pkey on sbtest5  (cost=0.43..38.87 rows=10 width=4)
	        Index Cond: ((id >= 9409923) AND (id <= 9409932))

table 6 : explain SELECT SUM(k) FROM sbtest6 WHERE id BETWEEN 74351 AND 74360
	Aggregate  (cost=38.80..38.81 rows=1 width=8)
	  ->  Index Scan using sbtest6_pkey on sbtest6  (cost=0.43..38.77 rows=10 width=4)
	        Index Cond: ((id >= 74351) AND (id <= 74360))

table 7 : explain SELECT SUM(k) FROM sbtest7 WHERE id BETWEEN 7545436 AND 7545445
	Aggregate  (cost=38.76..38.77 rows=1 width=8)
	  ->  Index Scan using sbtest7_pkey on sbtest7  (cost=0.43..38.74 rows=10 width=4)
	        Index Cond: ((id >= 7545436) AND (id <= 7545445))

table 8 : explain SELECT SUM(k) FROM sbtest8 WHERE id BETWEEN 3019044 AND 3019053
	Aggregate  (cost=42.27..42.28 rows=1 width=8)
	  ->  Index Scan using sbtest8_pkey on sbtest8  (cost=0.43..42.24 rows=11 width=4)
	        Index Cond: ((id >= 3019044) AND (id <= 3019053))

for non_index_updates
table 1 : explain UPDATE sbtest1 SET c='foobar' WHERE id=5630766
	Update on sbtest1  (cost=0.43..8.45 rows=0 width=0)
	  ->  Index Scan using sbtest1_pkey on sbtest1  (cost=0.43..8.45 rows=1 width=490)
	        Index Cond: (id = 5630766)

table 2 : explain UPDATE sbtest2 SET c='foobar' WHERE id=3893549
	Update on sbtest2  (cost=0.43..8.45 rows=0 width=0)
	  ->  Index Scan using sbtest2_pkey on sbtest2  (cost=0.43..8.45 rows=1 width=490)
	        Index Cond: (id = 3893549)

table 3 : explain UPDATE sbtest3 SET c='foobar' WHERE id=1714422
	Update on sbtest3  (cost=0.43..8.45 rows=0 width=0)
	  ->  Index Scan using sbtest3_pkey on sbtest3  (cost=0.43..8.45 rows=1 width=490)
	        Index Cond: (id = 1714422)

table 4 : explain UPDATE sbtest4 SET c='foobar' WHERE id=5377816
	Update on sbtest4  (cost=0.43..8.45 rows=0 width=0)
	  ->  Index Scan using sbtest4_pkey on sbtest4  (cost=0.43..8.45 rows=1 width=490)
	        Index Cond: (id = 5377816)

table 5 : explain UPDATE sbtest5 SET c='foobar' WHERE id=3746174
	Update on sbtest5  (cost=0.43..8.45 rows=0 width=0)
	  ->  Index Scan using sbtest5_pkey on sbtest5  (cost=0.43..8.45 rows=1 width=490)
	        Index Cond: (id = 3746174)

table 6 : explain UPDATE sbtest6 SET c='foobar' WHERE id=4223180
	Update on sbtest6  (cost=0.43..8.45 rows=0 width=0)
	  ->  Index Scan using sbtest6_pkey on sbtest6  (cost=0.43..8.45 rows=1 width=490)
	        Index Cond: (id = 4223180)

table 7 : explain UPDATE sbtest7 SET c='foobar' WHERE id=2514522
	Update on sbtest7  (cost=0.43..8.45 rows=0 width=0)
	  ->  Index Scan using sbtest7_pkey on sbtest7  (cost=0.43..8.45 rows=1 width=490)
	        Index Cond: (id = 2514522)

table 8 : explain UPDATE sbtest8 SET c='foobar' WHERE id=4443275
	Update on sbtest8  (cost=0.43..8.45 rows=0 width=0)
	  ->  Index Scan using sbtest8_pkey on sbtest8  (cost=0.43..8.45 rows=1 width=490)
	        Index Cond: (id = 4443275)

explain: for inserts :: explain INSERT INTO sbtest%u (id, k, c, pad) VALUES (%u, 13, 'foobar', 'foobar')
for non_index_updates
table 1 : explain UPDATE sbtest1 SET c='foobar' WHERE id=3598158
	Update on sbtest1  (cost=0.43..8.45 rows=0 width=0)
	  ->  Index Scan using sbtest1_pkey on sbtest1  (cost=0.43..8.45 rows=1 width=490)
	        Index Cond: (id = 3598158)

table 2 : explain UPDATE sbtest2 SET c='foobar' WHERE id=9273395
	Update on sbtest2  (cost=0.43..8.45 rows=0 width=0)
	  ->  Index Scan using sbtest2_pkey on sbtest2  (cost=0.43..8.45 rows=1 width=490)
	        Index Cond: (id = 9273395)

table 3 : explain UPDATE sbtest3 SET c='foobar' WHERE id=5781158
	Update on sbtest3  (cost=0.43..8.45 rows=0 width=0)
	  ->  Index Scan using sbtest3_pkey on sbtest3  (cost=0.43..8.45 rows=1 width=490)
	        Index Cond: (id = 5781158)

table 4 : explain UPDATE sbtest4 SET c='foobar' WHERE id=1834867
	Update on sbtest4  (cost=0.43..8.45 rows=0 width=0)
	  ->  Index Scan using sbtest4_pkey on sbtest4  (cost=0.43..8.45 rows=1 width=490)
	        Index Cond: (id = 1834867)

table 5 : explain UPDATE sbtest5 SET c='foobar' WHERE id=7130195
	Update on sbtest5  (cost=0.43..8.45 rows=0 width=0)
	  ->  Index Scan using sbtest5_pkey on sbtest5  (cost=0.43..8.45 rows=1 width=490)
	        Index Cond: (id = 7130195)

table 6 : explain UPDATE sbtest6 SET c='foobar' WHERE id=9593639
	Update on sbtest6  (cost=0.43..8.45 rows=0 width=0)
	  ->  Index Scan using sbtest6_pkey on sbtest6  (cost=0.43..8.45 rows=1 width=490)
	        Index Cond: (id = 9593639)

table 7 : explain UPDATE sbtest7 SET c='foobar' WHERE id=4765243
	Update on sbtest7  (cost=0.43..8.45 rows=0 width=0)
	  ->  Index Scan using sbtest7_pkey on sbtest7  (cost=0.43..8.45 rows=1 width=490)
	        Index Cond: (id = 4765243)

table 8 : explain UPDATE sbtest8 SET c='foobar' WHERE id=962259
	Update on sbtest8  (cost=0.43..8.45 rows=0 width=0)
	  ->  Index Scan using sbtest8_pkey on sbtest8  (cost=0.43..8.45 rows=1 width=490)
	        Index Cond: (id = 962259)

explain: for deletes :: explain DELETE FROM sbtest%u WHERE id=%u
for: sum_ranges
table 1 : explain SELECT SUM(k) FROM sbtest1 WHERE id BETWEEN 2934870 AND 2934879
	Aggregate  (cost=38.57..38.58 rows=1 width=8)
	  ->  Index Scan using sbtest1_pkey on sbtest1  (cost=0.43..38.55 rows=10 width=4)
	        Index Cond: ((id >= 2934870) AND (id <= 2934879))

table 2 : explain SELECT SUM(k) FROM sbtest2 WHERE id BETWEEN 1393798 AND 1393807
	Aggregate  (cost=38.49..38.50 rows=1 width=8)
	  ->  Index Scan using sbtest2_pkey on sbtest2  (cost=0.43..38.47 rows=10 width=4)
	        Index Cond: ((id >= 1393798) AND (id <= 1393807))

table 3 : explain SELECT SUM(k) FROM sbtest3 WHERE id BETWEEN 6403558 AND 6403567
	Aggregate  (cost=42.55..42.56 rows=1 width=8)
	  ->  Index Scan using sbtest3_pkey on sbtest3  (cost=0.43..42.52 rows=11 width=4)
	        Index Cond: ((id >= 6403558) AND (id <= 6403567))

table 4 : explain SELECT SUM(k) FROM sbtest4 WHERE id BETWEEN 3929326 AND 3929335
	Aggregate  (cost=38.94..38.95 rows=1 width=8)
	  ->  Index Scan using sbtest4_pkey on sbtest4  (cost=0.43..38.92 rows=10 width=4)
	        Index Cond: ((id >= 3929326) AND (id <= 3929335))

table 5 : explain SELECT SUM(k) FROM sbtest5 WHERE id BETWEEN 8311058 AND 8311067
	Aggregate  (cost=38.89..38.90 rows=1 width=8)
	  ->  Index Scan using sbtest5_pkey on sbtest5  (cost=0.43..38.87 rows=10 width=4)
	        Index Cond: ((id >= 8311058) AND (id <= 8311067))

table 6 : explain SELECT SUM(k) FROM sbtest6 WHERE id BETWEEN 747314 AND 747323
	Aggregate  (cost=38.80..38.81 rows=1 width=8)
	  ->  Index Scan using sbtest6_pkey on sbtest6  (cost=0.43..38.77 rows=10 width=4)
	        Index Cond: ((id >= 747314) AND (id <= 747323))

table 7 : explain SELECT SUM(k) FROM sbtest7 WHERE id BETWEEN 3699307 AND 3699316
	Aggregate  (cost=38.76..38.77 rows=1 width=8)
	  ->  Index Scan using sbtest7_pkey on sbtest7  (cost=0.43..38.74 rows=10 width=4)
	        Index Cond: ((id >= 3699307) AND (id <= 3699316))

table 8 : explain SELECT SUM(k) FROM sbtest8 WHERE id BETWEEN 2647262 AND 2647271
	Aggregate  (cost=38.89..38.90 rows=1 width=8)
	  ->  Index Scan using sbtest8_pkey on sbtest8  (cost=0.43..38.87 rows=10 width=4)
	        Index Cond: ((id >= 2647262) AND (id <= 2647271))

for: sum_ranges
table 1 : explain SELECT SUM(k) FROM sbtest1 WHERE id BETWEEN 1534543 AND 1534552
	Aggregate  (cost=38.57..38.58 rows=1 width=8)
	  ->  Index Scan using sbtest1_pkey on sbtest1  (cost=0.43..38.55 rows=10 width=4)
	        Index Cond: ((id >= 1534543) AND (id <= 1534552))

table 2 : explain SELECT SUM(k) FROM sbtest2 WHERE id BETWEEN 8934586 AND 8934595
	Aggregate  (cost=38.49..38.50 rows=1 width=8)
	  ->  Index Scan using sbtest2_pkey on sbtest2  (cost=0.43..38.47 rows=10 width=4)
	        Index Cond: ((id >= 8934586) AND (id <= 8934595))

table 3 : explain SELECT SUM(k) FROM sbtest3 WHERE id BETWEEN 2872511 AND 2872520
	Aggregate  (cost=39.14..39.15 rows=1 width=8)
	  ->  Index Scan using sbtest3_pkey on sbtest3  (cost=0.43..39.11 rows=10 width=4)
	        Index Cond: ((id >= 2872511) AND (id <= 2872520))

table 4 : explain SELECT SUM(k) FROM sbtest4 WHERE id BETWEEN 6054922 AND 6054931
	Aggregate  (cost=42.33..42.34 rows=1 width=8)
	  ->  Index Scan using sbtest4_pkey on sbtest4  (cost=0.43..42.30 rows=11 width=4)
	        Index Cond: ((id >= 6054922) AND (id <= 6054931))

table 5 : explain SELECT SUM(k) FROM sbtest5 WHERE id BETWEEN 9046785 AND 9046794
	Aggregate  (cost=38.89..38.90 rows=1 width=8)
	  ->  Index Scan using sbtest5_pkey on sbtest5  (cost=0.43..38.87 rows=10 width=4)
	        Index Cond: ((id >= 9046785) AND (id <= 9046794))

table 6 : explain SELECT SUM(k) FROM sbtest6 WHERE id BETWEEN 9999113 AND 9999122
	Aggregate  (cost=38.80..38.81 rows=1 width=8)
	  ->  Index Scan using sbtest6_pkey on sbtest6  (cost=0.43..38.77 rows=10 width=4)
	        Index Cond: ((id >= 9999113) AND (id <= 9999122))

table 7 : explain SELECT SUM(k) FROM sbtest7 WHERE id BETWEEN 7896574 AND 7896583
	Aggregate  (cost=38.76..38.77 rows=1 width=8)
	  ->  Index Scan using sbtest7_pkey on sbtest7  (cost=0.43..38.74 rows=10 width=4)
	        Index Cond: ((id >= 7896574) AND (id <= 7896583))

table 8 : explain SELECT SUM(k) FROM sbtest8 WHERE id BETWEEN 9453648 AND 9453657
	Aggregate  (cost=35.51..35.52 rows=1 width=8)
	  ->  Index Scan using sbtest8_pkey on sbtest8  (cost=0.43..35.49 rows=9 width=4)
	        Index Cond: ((id >= 9453648) AND (id <= 9453657))

for: simple_ranges
table 1 : explain SELECT c FROM sbtest1 WHERE id BETWEEN 1925653 AND 1925662
	Index Scan using sbtest1_pkey on sbtest1  (cost=0.43..41.89 rows=11 width=121)
	  Index Cond: ((id >= 1925653) AND (id <= 1925662))

table 2 : explain SELECT c FROM sbtest2 WHERE id BETWEEN 2431017 AND 2431026
	Index Scan using sbtest2_pkey on sbtest2  (cost=0.43..38.47 rows=10 width=121)
	  Index Cond: ((id >= 2431017) AND (id <= 2431026))

table 3 : explain SELECT c FROM sbtest3 WHERE id BETWEEN 7170185 AND 7170194
	Index Scan using sbtest3_pkey on sbtest3  (cost=0.43..35.71 rows=9 width=121)
	  Index Cond: ((id >= 7170185) AND (id <= 7170194))

table 4 : explain SELECT c FROM sbtest4 WHERE id BETWEEN 6817721 AND 6817730
	Index Scan using sbtest4_pkey on sbtest4  (cost=0.43..38.92 rows=10 width=121)
	  Index Cond: ((id >= 6817721) AND (id <= 6817730))

table 5 : explain SELECT c FROM sbtest5 WHERE id BETWEEN 6050823 AND 6050832
	Index Scan using sbtest5_pkey on sbtest5  (cost=0.43..38.87 rows=10 width=121)
	  Index Cond: ((id >= 6050823) AND (id <= 6050832))

table 6 : explain SELECT c FROM sbtest6 WHERE id BETWEEN 1289640 AND 1289649
	Index Scan using sbtest6_pkey on sbtest6  (cost=0.43..38.77 rows=10 width=121)
	  Index Cond: ((id >= 1289640) AND (id <= 1289649))

table 7 : explain SELECT c FROM sbtest7 WHERE id BETWEEN 3531637 AND 3531646
	Index Scan using sbtest7_pkey on sbtest7  (cost=0.43..38.74 rows=10 width=121)
	  Index Cond: ((id >= 3531637) AND (id <= 3531646))

table 8 : explain SELECT c FROM sbtest8 WHERE id BETWEEN 9834119 AND 9834128
	Index Scan using sbtest8_pkey on sbtest8  (cost=0.43..38.87 rows=10 width=121)
	  Index Cond: ((id >= 9834119) AND (id <= 9834128))

for point_selects
table 1 : explain SELECT c FROM sbtest1 WHERE id=9302384
	Index Scan using sbtest1_pkey on sbtest1  (cost=0.43..8.45 rows=1 width=121)
	  Index Cond: (id = 9302384)

table 2 : explain SELECT c FROM sbtest2 WHERE id=1056856
	Index Scan using sbtest2_pkey on sbtest2  (cost=0.43..8.45 rows=1 width=121)
	  Index Cond: (id = 1056856)

table 3 : explain SELECT c FROM sbtest3 WHERE id=8292362
	Index Scan using sbtest3_pkey on sbtest3  (cost=0.43..8.45 rows=1 width=121)
	  Index Cond: (id = 8292362)

table 4 : explain SELECT c FROM sbtest4 WHERE id=1395808
	Index Scan using sbtest4_pkey on sbtest4  (cost=0.43..8.45 rows=1 width=121)
	  Index Cond: (id = 1395808)

table 5 : explain SELECT c FROM sbtest5 WHERE id=356647
	Index Scan using sbtest5_pkey on sbtest5  (cost=0.43..8.45 rows=1 width=121)
	  Index Cond: (id = 356647)

table 6 : explain SELECT c FROM sbtest6 WHERE id=6074473
	Index Scan using sbtest6_pkey on sbtest6  (cost=0.43..8.45 rows=1 width=121)
	  Index Cond: (id = 6074473)

table 7 : explain SELECT c FROM sbtest7 WHERE id=4380664
	Index Scan using sbtest7_pkey on sbtest7  (cost=0.43..8.45 rows=1 width=121)
	  Index Cond: (id = 4380664)

table 8 : explain SELECT c FROM sbtest8 WHERE id=1568054
	Index Scan using sbtest8_pkey on sbtest8  (cost=0.43..8.45 rows=1 width=121)
	  Index Cond: (id = 1568054)

explain: for deletes :: explain DELETE FROM sbtest%u WHERE id=%u
for deletes
table 1 : explain DELETE FROM sbtest1 WHERE id=310602
	Delete on sbtest1  (cost=0.43..8.45 rows=0 width=0)
	  ->  Index Scan using sbtest1_pkey on sbtest1  (cost=0.43..8.45 rows=1 width=6)
	        Index Cond: (id = 310602)

table 2 : explain DELETE FROM sbtest2 WHERE id=2772042
	Delete on sbtest2  (cost=0.43..8.45 rows=0 width=0)
	  ->  Index Scan using sbtest2_pkey on sbtest2  (cost=0.43..8.45 rows=1 width=6)
	        Index Cond: (id = 2772042)

table 3 : explain DELETE FROM sbtest3 WHERE id=4650563
	Delete on sbtest3  (cost=0.43..8.45 rows=0 width=0)
	  ->  Index Scan using sbtest3_pkey on sbtest3  (cost=0.43..8.45 rows=1 width=6)
	        Index Cond: (id = 4650563)

table 4 : explain DELETE FROM sbtest4 WHERE id=603104
	Delete on sbtest4  (cost=0.43..8.45 rows=0 width=0)
	  ->  Index Scan using sbtest4_pkey on sbtest4  (cost=0.43..8.45 rows=1 width=6)
	        Index Cond: (id = 603104)

table 5 : explain DELETE FROM sbtest5 WHERE id=438548
	Delete on sbtest5  (cost=0.43..8.45 rows=0 width=0)
	  ->  Index Scan using sbtest5_pkey on sbtest5  (cost=0.43..8.45 rows=1 width=6)
	        Index Cond: (id = 438548)

table 6 : explain DELETE FROM sbtest6 WHERE id=3692671
	Delete on sbtest6  (cost=0.43..8.45 rows=0 width=0)
	  ->  Index Scan using sbtest6_pkey on sbtest6  (cost=0.43..8.45 rows=1 width=6)
	        Index Cond: (id = 3692671)

table 7 : explain DELETE FROM sbtest7 WHERE id=5478696
	Delete on sbtest7  (cost=0.43..8.45 rows=0 width=0)
	  ->  Index Scan using sbtest7_pkey on sbtest7  (cost=0.43..8.45 rows=1 width=6)
	        Index Cond: (id = 5478696)

table 8 : explain DELETE FROM sbtest8 WHERE id=835062
	Delete on sbtest8  (cost=0.43..8.45 rows=0 width=0)
	  ->  Index Scan using sbtest8_pkey on sbtest8  (cost=0.43..8.45 rows=1 width=6)
	        Index Cond: (id = 835062)

for inserts
table 1 : explain INSERT INTO sbtest1 (id, k, c, pad) VALUES (1537792, 13, 'foobar', 'foobar')
	Insert on sbtest1  (cost=0.00..0.01 rows=0 width=0)
	  ->  Result  (cost=0.00..0.01 rows=1 width=736)

table 2 : explain INSERT INTO sbtest2 (id, k, c, pad) VALUES (9044547, 13, 'foobar', 'foobar')
	Insert on sbtest2  (cost=0.00..0.01 rows=0 width=0)
	  ->  Result  (cost=0.00..0.01 rows=1 width=736)

table 3 : explain INSERT INTO sbtest3 (id, k, c, pad) VALUES (2953666, 13, 'foobar', 'foobar')
	Insert on sbtest3  (cost=0.00..0.01 rows=0 width=0)
	  ->  Result  (cost=0.00..0.01 rows=1 width=736)

table 4 : explain INSERT INTO sbtest4 (id, k, c, pad) VALUES (2275572, 13, 'foobar', 'foobar')
	Insert on sbtest4  (cost=0.00..0.01 rows=0 width=0)
	  ->  Result  (cost=0.00..0.01 rows=1 width=736)

table 5 : explain INSERT INTO sbtest5 (id, k, c, pad) VALUES (3710594, 13, 'foobar', 'foobar')
	Insert on sbtest5  (cost=0.00..0.01 rows=0 width=0)
	  ->  Result  (cost=0.00..0.01 rows=1 width=736)

table 6 : explain INSERT INTO sbtest6 (id, k, c, pad) VALUES (3499688, 13, 'foobar', 'foobar')
	Insert on sbtest6  (cost=0.00..0.01 rows=0 width=0)
	  ->  Result  (cost=0.00..0.01 rows=1 width=736)

table 7 : explain INSERT INTO sbtest7 (id, k, c, pad) VALUES (3111391, 13, 'foobar', 'foobar')
	Insert on sbtest7  (cost=0.00..0.01 rows=0 width=0)
	  ->  Result  (cost=0.00..0.01 rows=1 width=736)

table 8 : explain INSERT INTO sbtest8 (id, k, c, pad) VALUES (5747471, 13, 'foobar', 'foobar')
	Insert on sbtest8  (cost=0.00..0.01 rows=0 width=0)
	  ->  Result  (cost=0.00..0.01 rows=1 width=736)

for: order_ranges
table 1 : explain SELECT c FROM sbtest1 WHERE id BETWEEN 5493220 AND 5493229 ORDER BY c
	Sort  (cost=35.35..35.37 rows=9 width=121)
	  Sort Key: c
	  ->  Index Scan using sbtest1_pkey on sbtest1  (cost=0.43..35.21 rows=9 width=121)
	        Index Cond: ((id >= 5493220) AND (id <= 5493229))

table 2 : explain SELECT c FROM sbtest2 WHERE id BETWEEN 2817279 AND 2817288 ORDER BY c
	Sort  (cost=38.63..38.66 rows=10 width=121)
	  Sort Key: c
	  ->  Index Scan using sbtest2_pkey on sbtest2  (cost=0.43..38.47 rows=10 width=121)
	        Index Cond: ((id >= 2817279) AND (id <= 2817288))

table 3 : explain SELECT c FROM sbtest3 WHERE id BETWEEN 1606177 AND 1606186 ORDER BY c
	Sort  (cost=42.71..42.74 rows=11 width=121)
	  Sort Key: c
	  ->  Index Scan using sbtest3_pkey on sbtest3  (cost=0.43..42.52 rows=11 width=121)
	        Index Cond: ((id >= 1606177) AND (id <= 1606186))

table 4 : explain SELECT c FROM sbtest4 WHERE id BETWEEN 6308692 AND 6308701 ORDER BY c
	Sort  (cost=39.09..39.11 rows=10 width=121)
	  Sort Key: c
	  ->  Index Scan using sbtest4_pkey on sbtest4  (cost=0.43..38.92 rows=10 width=121)
	        Index Cond: ((id >= 6308692) AND (id <= 6308701))

table 5 : explain SELECT c FROM sbtest5 WHERE id BETWEEN 6818104 AND 6818113 ORDER BY c
	Sort  (cost=35.63..35.65 rows=9 width=121)
	  Sort Key: c
	  ->  Index Scan using sbtest5_pkey on sbtest5  (cost=0.43..35.49 rows=9 width=121)
	        Index Cond: ((id >= 6818104) AND (id <= 6818113))

table 6 : explain SELECT c FROM sbtest6 WHERE id BETWEEN 7061658 AND 7061667 ORDER BY c
	Sort  (cost=38.94..38.96 rows=10 width=121)
	  Sort Key: c
	  ->  Index Scan using sbtest6_pkey on sbtest6  (cost=0.43..38.77 rows=10 width=121)
	        Index Cond: ((id >= 7061658) AND (id <= 7061667))

table 7 : explain SELECT c FROM sbtest7 WHERE id BETWEEN 3573718 AND 3573727 ORDER BY c
	Sort  (cost=35.52..35.54 rows=9 width=121)
	  Sort Key: c
	  ->  Index Scan using sbtest7_pkey on sbtest7  (cost=0.43..35.37 rows=9 width=121)
	        Index Cond: ((id >= 3573718) AND (id <= 3573727))

table 8 : explain SELECT c FROM sbtest8 WHERE id BETWEEN 6144948 AND 6144957 ORDER BY c
	Sort  (cost=35.63..35.65 rows=9 width=121)
	  Sort Key: c
	  ->  Index Scan using sbtest8_pkey on sbtest8  (cost=0.43..35.49 rows=9 width=121)
	        Index Cond: ((id >= 6144948) AND (id <= 6144957))

for: order_ranges
table 1 : explain SELECT c FROM sbtest1 WHERE id BETWEEN 4425329 AND 4425338 ORDER BY c
	Sort  (cost=38.72..38.74 rows=10 width=121)
	  Sort Key: c
	  ->  Index Scan using sbtest1_pkey on sbtest1  (cost=0.43..38.55 rows=10 width=121)
	        Index Cond: ((id >= 4425329) AND (id <= 4425338))

table 2 : explain SELECT c FROM sbtest2 WHERE id BETWEEN 8452543 AND 8452552 ORDER BY c
	Sort  (cost=35.28..35.30 rows=9 width=121)
	  Sort Key: c
	  ->  Index Scan using sbtest2_pkey on sbtest2  (cost=0.43..35.13 rows=9 width=121)
	        Index Cond: ((id >= 8452543) AND (id <= 8452552))

table 3 : explain SELECT c FROM sbtest3 WHERE id BETWEEN 2213406 AND 2213415 ORDER BY c
	Sort  (cost=42.71..42.74 rows=11 width=121)
	  Sort Key: c
	  ->  Index Scan using sbtest3_pkey on sbtest3  (cost=0.43..42.52 rows=11 width=121)
	        Index Cond: ((id >= 2213406) AND (id <= 2213415))

table 4 : explain SELECT c FROM sbtest4 WHERE id BETWEEN 1497134 AND 1497143 ORDER BY c
	Sort  (cost=35.68..35.70 rows=9 width=121)
	  Sort Key: c
	  ->  Index Scan using sbtest4_pkey on sbtest4  (cost=0.43..35.53 rows=9 width=121)
	        Index Cond: ((id >= 1497134) AND (id <= 1497143))

table 5 : explain SELECT c FROM sbtest5 WHERE id BETWEEN 9481850 AND 9481859 ORDER BY c
	Sort  (cost=39.03..39.06 rows=10 width=121)
	  Sort Key: c
	  ->  Index Scan using sbtest5_pkey on sbtest5  (cost=0.43..38.87 rows=10 width=121)
	        Index Cond: ((id >= 9481850) AND (id <= 9481859))

table 6 : explain SELECT c FROM sbtest6 WHERE id BETWEEN 1366621 AND 1366630 ORDER BY c
	Sort  (cost=42.33..42.36 rows=11 width=121)
	  Sort Key: c
	  ->  Index Scan using sbtest6_pkey on sbtest6  (cost=0.43..42.14 rows=11 width=121)
	        Index Cond: ((id >= 1366621) AND (id <= 1366630))

table 7 : explain SELECT c FROM sbtest7 WHERE id BETWEEN 869423 AND 869432 ORDER BY c
	Sort  (cost=35.52..35.54 rows=9 width=121)
	  Sort Key: c
	  ->  Index Scan using sbtest7_pkey on sbtest7  (cost=0.43..35.37 rows=9 width=121)
	        Index Cond: ((id >= 869423) AND (id <= 869432))

table 8 : explain SELECT c FROM sbtest8 WHERE id BETWEEN 5175052 AND 5175061 ORDER BY c
	Sort  (cost=39.03..39.06 rows=10 width=121)
	  Sort Key: c
	  ->  Index Scan using sbtest8_pkey on sbtest8  (cost=0.43..38.87 rows=10 width=121)
	        Index Cond: ((id >= 5175052) AND (id <= 5175061))

for deletes
table 1 : explain DELETE FROM sbtest1 WHERE id=6906570
	Delete on sbtest1  (cost=0.43..8.45 rows=0 width=0)
	  ->  Index Scan using sbtest1_pkey on sbtest1  (cost=0.43..8.45 rows=1 width=6)
	        Index Cond: (id = 6906570)

table 2 : explain DELETE FROM sbtest2 WHERE id=3596946
	Delete on sbtest2  (cost=0.43..8.45 rows=0 width=0)
	  ->  Index Scan using sbtest2_pkey on sbtest2  (cost=0.43..8.45 rows=1 width=6)
	        Index Cond: (id = 3596946)

table 3 : explain DELETE FROM sbtest3 WHERE id=2372536
	Delete on sbtest3  (cost=0.43..8.45 rows=0 width=0)
	  ->  Index Scan using sbtest3_pkey on sbtest3  (cost=0.43..8.45 rows=1 width=6)
	        Index Cond: (id = 2372536)

table 4 : explain DELETE FROM sbtest4 WHERE id=4125244
	Delete on sbtest4  (cost=0.43..8.45 rows=0 width=0)
	  ->  Index Scan using sbtest4_pkey on sbtest4  (cost=0.43..8.45 rows=1 width=6)
	        Index Cond: (id = 4125244)

table 5 : explain DELETE FROM sbtest5 WHERE id=1043192
	Delete on sbtest5  (cost=0.43..8.45 rows=0 width=0)
	  ->  Index Scan using sbtest5_pkey on sbtest5  (cost=0.43..8.45 rows=1 width=6)
	        Index Cond: (id = 1043192)

table 6 : explain DELETE FROM sbtest6 WHERE id=3269424
	Delete on sbtest6  (cost=0.43..8.45 rows=0 width=0)
	  ->  Index Scan using sbtest6_pkey on sbtest6  (cost=0.43..8.45 rows=1 width=6)
	        Index Cond: (id = 3269424)

table 7 : explain DELETE FROM sbtest7 WHERE id=5091129
	Delete on sbtest7  (cost=0.43..8.45 rows=0 width=0)
	  ->  Index Scan using sbtest7_pkey on sbtest7  (cost=0.43..8.45 rows=1 width=6)
	        Index Cond: (id = 5091129)

table 8 : explain DELETE FROM sbtest8 WHERE id=8925477
	Delete on sbtest8  (cost=0.43..8.45 rows=0 width=0)
	  ->  Index Scan using sbtest8_pkey on sbtest8  (cost=0.43..8.45 rows=1 width=6)
	        Index Cond: (id = 8925477)

explain: for inserts :: explain INSERT INTO sbtest%u (id, k, c, pad) VALUES (%u, 13, 'foobar', 'foobar')
for: simple_ranges
table 1 : explain SELECT c FROM sbtest1 WHERE id BETWEEN 5875800 AND 5875809
	Index Scan using sbtest1_pkey on sbtest1  (cost=0.43..38.55 rows=10 width=121)
	  Index Cond: ((id >= 5875800) AND (id <= 5875809))

table 2 : explain SELECT c FROM sbtest2 WHERE id BETWEEN 1051974 AND 1051983
	Index Scan using sbtest2_pkey on sbtest2  (cost=0.43..38.47 rows=10 width=121)
	  Index Cond: ((id >= 1051974) AND (id <= 1051983))

table 3 : explain SELECT c FROM sbtest3 WHERE id BETWEEN 5504908 AND 5504917
	Index Scan using sbtest3_pkey on sbtest3  (cost=0.43..39.11 rows=10 width=121)
	  Index Cond: ((id >= 5504908) AND (id <= 5504917))

table 4 : explain SELECT c FROM sbtest4 WHERE id BETWEEN 8748089 AND 8748098
	Index Scan using sbtest4_pkey on sbtest4  (cost=0.43..38.92 rows=10 width=121)
	  Index Cond: ((id >= 8748089) AND (id <= 8748098))

table 5 : explain SELECT c FROM sbtest5 WHERE id BETWEEN 2769241 AND 2769250
	Index Scan using sbtest5_pkey on sbtest5  (cost=0.43..35.49 rows=9 width=121)
	  Index Cond: ((id >= 2769241) AND (id <= 2769250))

table 6 : explain SELECT c FROM sbtest6 WHERE id BETWEEN 5484666 AND 5484675
	Index Scan using sbtest6_pkey on sbtest6  (cost=0.43..38.77 rows=10 width=121)
	  Index Cond: ((id >= 5484666) AND (id <= 5484675))

table 7 : explain SELECT c FROM sbtest7 WHERE id BETWEEN 9071808 AND 9071817
	Index Scan using sbtest7_pkey on sbtest7  (cost=0.43..42.10 rows=11 width=121)
	  Index Cond: ((id >= 9071808) AND (id <= 9071817))

table 8 : explain SELECT c FROM sbtest8 WHERE id BETWEEN 1973086 AND 1973095
	Index Scan using sbtest8_pkey on sbtest8  (cost=0.43..38.87 rows=10 width=121)
	  Index Cond: ((id >= 1973086) AND (id <= 1973095))

for deletes
table 1 : explain DELETE FROM sbtest1 WHERE id=7655053
	Delete on sbtest1  (cost=0.43..8.45 rows=0 width=0)
	  ->  Index Scan using sbtest1_pkey on sbtest1  (cost=0.43..8.45 rows=1 width=6)
	        Index Cond: (id = 7655053)

table 2 : explain DELETE FROM sbtest2 WHERE id=5217860
	Delete on sbtest2  (cost=0.43..8.45 rows=0 width=0)
	  ->  Index Scan using sbtest2_pkey on sbtest2  (cost=0.43..8.45 rows=1 width=6)
	        Index Cond: (id = 5217860)

table 3 : explain DELETE FROM sbtest3 WHERE id=9307602
	Delete on sbtest3  (cost=0.43..8.45 rows=0 width=0)
	  ->  Index Scan using sbtest3_pkey on sbtest3  (cost=0.43..8.45 rows=1 width=6)
	        Index Cond: (id = 9307602)

table 4 : explain DELETE FROM sbtest4 WHERE id=6466349
	Delete on sbtest4  (cost=0.43..8.45 rows=0 width=0)
	  ->  Index Scan using sbtest4_pkey on sbtest4  (cost=0.43..8.45 rows=1 width=6)
	        Index Cond: (id = 6466349)

table 5 : explain DELETE FROM sbtest5 WHERE id=8640723
	Delete on sbtest5  (cost=0.43..8.45 rows=0 width=0)
	  ->  Index Scan using sbtest5_pkey on sbtest5  (cost=0.43..8.45 rows=1 width=6)
	        Index Cond: (id = 8640723)

table 6 : explain DELETE FROM sbtest6 WHERE id=7070961
	Delete on sbtest6  (cost=0.43..8.45 rows=0 width=0)
	  ->  Index Scan using sbtest6_pkey on sbtest6  (cost=0.43..8.45 rows=1 width=6)
	        Index Cond: (id = 7070961)

table 7 : explain DELETE FROM sbtest7 WHERE id=1108201
	Delete on sbtest7  (cost=0.43..8.45 rows=0 width=0)
	  ->  Index Scan using sbtest7_pkey on sbtest7  (cost=0.43..8.45 rows=1 width=6)
	        Index Cond: (id = 1108201)

table 8 : explain DELETE FROM sbtest8 WHERE id=9339096
	Delete on sbtest8  (cost=0.43..8.45 rows=0 width=0)
	  ->  Index Scan using sbtest8_pkey on sbtest8  (cost=0.43..8.45 rows=1 width=6)
	        Index Cond: (id = 9339096)

for: distinct_ranges
table 1 : explain SELECT DISTINCT c FROM sbtest1 WHERE id BETWEEN 1067729 AND 1067738 ORDER BY c
	Unique  (cost=42.08..42.14 rows=11 width=121)
	  ->  Sort  (cost=42.08..42.11 rows=11 width=121)
	        Sort Key: c
	        ->  Index Scan using sbtest1_pkey on sbtest1  (cost=0.43..41.89 rows=11 width=121)
	              Index Cond: ((id >= 1067729) AND (id <= 1067738))

table 2 : explain SELECT DISTINCT c FROM sbtest2 WHERE id BETWEEN 1547424 AND 1547433 ORDER BY c
	Unique  (cost=38.63..38.68 rows=10 width=121)
	  ->  Sort  (cost=38.63..38.66 rows=10 width=121)
	        Sort Key: c
	        ->  Index Scan using sbtest2_pkey on sbtest2  (cost=0.43..38.47 rows=10 width=121)
	              Index Cond: ((id >= 1547424) AND (id <= 1547433))

table 3 : explain SELECT DISTINCT c FROM sbtest3 WHERE id BETWEEN 8133273 AND 8133282 ORDER BY c
	Unique  (cost=39.28..39.33 rows=10 width=121)
	  ->  Sort  (cost=39.28..39.30 rows=10 width=121)
	        Sort Key: c
	        ->  Index Scan using sbtest3_pkey on sbtest3  (cost=0.43..39.11 rows=10 width=121)
	              Index Cond: ((id >= 8133273) AND (id <= 8133282))

table 4 : explain SELECT DISTINCT c FROM sbtest4 WHERE id BETWEEN 7383655 AND 7383664 ORDER BY c
	Unique  (cost=39.09..39.14 rows=10 width=121)
	  ->  Sort  (cost=39.09..39.11 rows=10 width=121)
	        Sort Key: c
	        ->  Index Scan using sbtest4_pkey on sbtest4  (cost=0.43..38.92 rows=10 width=121)
	              Index Cond: ((id >= 7383655) AND (id <= 7383664))

table 5 : explain SELECT DISTINCT c FROM sbtest5 WHERE id BETWEEN 5830756 AND 5830765 ORDER BY c
	Unique  (cost=39.03..39.08 rows=10 width=121)
	  ->  Sort  (cost=39.03..39.06 rows=10 width=121)
	        Sort Key: c
	        ->  Index Scan using sbtest5_pkey on sbtest5  (cost=0.43..38.87 rows=10 width=121)
	              Index Cond: ((id >= 5830756) AND (id <= 5830765))

table 6 : explain SELECT DISTINCT c FROM sbtest6 WHERE id BETWEEN 1254501 AND 1254510 ORDER BY c
	Unique  (cost=38.94..38.99 rows=10 width=121)
	  ->  Sort  (cost=38.94..38.96 rows=10 width=121)
	        Sort Key: c
	        ->  Index Scan using sbtest6_pkey on sbtest6  (cost=0.43..38.77 rows=10 width=121)
	              Index Cond: ((id >= 1254501) AND (id <= 1254510))

table 7 : explain SELECT DISTINCT c FROM sbtest7 WHERE id BETWEEN 8639090 AND 8639099 ORDER BY c
	Unique  (cost=38.90..38.95 rows=10 width=121)
	  ->  Sort  (cost=38.90..38.93 rows=10 width=121)
	        Sort Key: c
	        ->  Index Scan using sbtest7_pkey on sbtest7  (cost=0.43..38.74 rows=10 width=121)
	              Index Cond: ((id >= 8639090) AND (id <= 8639099))

table 8 : explain SELECT DISTINCT c FROM sbtest8 WHERE id BETWEEN 3405467 AND 3405476 ORDER BY c
	Unique  (cost=39.03..39.08 rows=10 width=121)
	  ->  Sort  (cost=39.03..39.06 rows=10 width=121)
	        Sort Key: c
	        ->  Index Scan using sbtest8_pkey on sbtest8  (cost=0.43..38.87 rows=10 width=121)
	              Index Cond: ((id >= 3405467) AND (id <= 3405476))

explain: for inserts :: explain INSERT INTO sbtest%u (id, k, c, pad) VALUES (%u, 13, 'foobar', 'foobar')
for: distinct_ranges
table 1 : explain SELECT DISTINCT c FROM sbtest1 WHERE id BETWEEN 5693033 AND 5693042 ORDER BY c
	Unique  (cost=42.08..42.14 rows=11 width=121)
	  ->  Sort  (cost=42.08..42.11 rows=11 width=121)
	        Sort Key: c
	        ->  Index Scan using sbtest1_pkey on sbtest1  (cost=0.43..41.89 rows=11 width=121)
	              Index Cond: ((id >= 5693033) AND (id <= 5693042))

table 2 : explain SELECT DISTINCT c FROM sbtest2 WHERE id BETWEEN 6484051 AND 6484060 ORDER BY c
	Unique  (cost=41.99..42.05 rows=11 width=121)
	  ->  Sort  (cost=41.99..42.02 rows=11 width=121)
	        Sort Key: c
	        ->  Index Scan using sbtest2_pkey on sbtest2  (cost=0.43..41.80 rows=11 width=121)
	              Index Cond: ((id >= 6484051) AND (id <= 6484060))

table 3 : explain SELECT DISTINCT c FROM sbtest3 WHERE id BETWEEN 1878934 AND 1878943 ORDER BY c
	Unique  (cost=39.28..39.33 rows=10 width=121)
	  ->  Sort  (cost=39.28..39.30 rows=10 width=121)
	        Sort Key: c
	        ->  Index Scan using sbtest3_pkey on sbtest3  (cost=0.43..39.11 rows=10 width=121)
	              Index Cond: ((id >= 1878934) AND (id <= 1878943))

table 4 : explain SELECT DISTINCT c FROM sbtest4 WHERE id BETWEEN 6656989 AND 6656998 ORDER BY c
	Unique  (cost=39.09..39.14 rows=10 width=121)
	  ->  Sort  (cost=39.09..39.11 rows=10 width=121)
	        Sort Key: c
	        ->  Index Scan using sbtest4_pkey on sbtest4  (cost=0.43..38.92 rows=10 width=121)
	              Index Cond: ((id >= 6656989) AND (id <= 6656998))

table 5 : explain SELECT DISTINCT c FROM sbtest5 WHERE id BETWEEN 1063398 AND 1063407 ORDER BY c
	Unique  (cost=39.03..39.08 rows=10 width=121)
	  ->  Sort  (cost=39.03..39.06 rows=10 width=121)
	        Sort Key: c
	        ->  Index Scan using sbtest5_pkey on sbtest5  (cost=0.43..38.87 rows=10 width=121)
	              Index Cond: ((id >= 1063398) AND (id <= 1063407))

table 6 : explain SELECT DISTINCT c FROM sbtest6 WHERE id BETWEEN 6281128 AND 6281137 ORDER BY c
	Unique  (cost=35.55..35.59 rows=9 width=121)
	  ->  Sort  (cost=35.55..35.57 rows=9 width=121)
	        Sort Key: c
	        ->  Index Scan using sbtest6_pkey on sbtest6  (cost=0.43..35.40 rows=9 width=121)
	              Index Cond: ((id >= 6281128) AND (id <= 6281137))

table 7 : explain SELECT DISTINCT c FROM sbtest7 WHERE id BETWEEN 4554568 AND 4554577 ORDER BY c
	Unique  (cost=38.90..38.95 rows=10 width=121)
	  ->  Sort  (cost=38.90..38.93 rows=10 width=121)
	        Sort Key: c
	        ->  Index Scan using sbtest7_pkey on sbtest7  (cost=0.43..38.74 rows=10 width=121)
	              Index Cond: ((id >= 4554568) AND (id <= 4554577))

table 8 : explain SELECT DISTINCT c FROM sbtest8 WHERE id BETWEEN 8223053 AND 8223062 ORDER BY c
	Unique  (cost=39.03..39.08 rows=10 width=121)
	  ->  Sort  (cost=39.03..39.06 rows=10 width=121)
	        Sort Key: c
	        ->  Index Scan using sbtest8_pkey on sbtest8  (cost=0.43..38.87 rows=10 width=121)
	              Index Cond: ((id >= 8223053) AND (id <= 8223062))

explain: for index_updates :: explain UPDATE sbtest%u SET k=k+1 WHERE id=%u
for: order_ranges
table 1 : explain SELECT c FROM sbtest1 WHERE id BETWEEN 3229549 AND 3229558 ORDER BY c
	Sort  (cost=35.35..35.37 rows=9 width=121)
	  Sort Key: c
	  ->  Index Scan using sbtest1_pkey on sbtest1  (cost=0.43..35.21 rows=9 width=121)
	        Index Cond: ((id >= 3229549) AND (id <= 3229558))

table 2 : explain SELECT c FROM sbtest2 WHERE id BETWEEN 7258695 AND 7258704 ORDER BY c
	Sort  (cost=41.99..42.02 rows=11 width=121)
	  Sort Key: c
	  ->  Index Scan using sbtest2_pkey on sbtest2  (cost=0.43..41.80 rows=11 width=121)
	        Index Cond: ((id >= 7258695) AND (id <= 7258704))

table 3 : explain SELECT c FROM sbtest3 WHERE id BETWEEN 5234065 AND 5234074 ORDER BY c
	Sort  (cost=39.28..39.30 rows=10 width=121)
	  Sort Key: c
	  ->  Index Scan using sbtest3_pkey on sbtest3  (cost=0.43..39.11 rows=10 width=121)
	        Index Cond: ((id >= 5234065) AND (id <= 5234074))

table 4 : explain SELECT c FROM sbtest4 WHERE id BETWEEN 6338997 AND 6339006 ORDER BY c
	Sort  (cost=39.09..39.11 rows=10 width=121)
	  Sort Key: c
	  ->  Index Scan using sbtest4_pkey on sbtest4  (cost=0.43..38.92 rows=10 width=121)
	        Index Cond: ((id >= 6338997) AND (id <= 6339006))

table 5 : explain SELECT c FROM sbtest5 WHERE id BETWEEN 4474851 AND 4474860 ORDER BY c
	Sort  (cost=39.03..39.06 rows=10 width=121)
	  Sort Key: c
	  ->  Index Scan using sbtest5_pkey on sbtest5  (cost=0.43..38.87 rows=10 width=121)
	        Index Cond: ((id >= 4474851) AND (id <= 4474860))

table 6 : explain SELECT c FROM sbtest6 WHERE id BETWEEN 5826152 AND 5826161 ORDER BY c
	Sort  (cost=35.55..35.57 rows=9 width=121)
	  Sort Key: c
	  ->  Index Scan using sbtest6_pkey on sbtest6  (cost=0.43..35.40 rows=9 width=121)
	        Index Cond: ((id >= 5826152) AND (id <= 5826161))

table 7 : explain SELECT c FROM sbtest7 WHERE id BETWEEN 6682472 AND 6682481 ORDER BY c
	Sort  (cost=38.90..38.93 rows=10 width=121)
	  Sort Key: c
	  ->  Index Scan using sbtest7_pkey on sbtest7  (cost=0.43..38.74 rows=10 width=121)
	        Index Cond: ((id >= 6682472) AND (id <= 6682481))

table 8 : explain SELECT c FROM sbtest8 WHERE id BETWEEN 9457567 AND 9457576 ORDER BY c
	Sort  (cost=35.63..35.65 rows=9 width=121)
	  Sort Key: c
	  ->  Index Scan using sbtest8_pkey on sbtest8  (cost=0.43..35.49 rows=9 width=121)
	        Index Cond: ((id >= 9457567) AND (id <= 9457576))

for: order_ranges
table 1 : explain SELECT c FROM sbtest1 WHERE id BETWEEN 8246665 AND 8246674 ORDER BY c
	Sort  (cost=38.72..38.74 rows=10 width=121)
	  Sort Key: c
	  ->  Index Scan using sbtest1_pkey on sbtest1  (cost=0.43..38.55 rows=10 width=121)
	        Index Cond: ((id >= 8246665) AND (id <= 8246674))

table 2 : explain SELECT c FROM sbtest2 WHERE id BETWEEN 551332 AND 551341 ORDER BY c
	Sort  (cost=41.99..42.02 rows=11 width=121)
	  Sort Key: c
	  ->  Index Scan using sbtest2_pkey on sbtest2  (cost=0.43..41.80 rows=11 width=121)
	        Index Cond: ((id >= 551332) AND (id <= 551341))

table 3 : explain SELECT c FROM sbtest3 WHERE id BETWEEN 2340713 AND 2340722 ORDER BY c
	Sort  (cost=42.71..42.74 rows=11 width=121)
	  Sort Key: c
	  ->  Index Scan using sbtest3_pkey on sbtest3  (cost=0.43..42.52 rows=11 width=121)
	        Index Cond: ((id >= 2340713) AND (id <= 2340722))

table 4 : explain SELECT c FROM sbtest4 WHERE id BETWEEN 8688681 AND 8688690 ORDER BY c
	Sort  (cost=39.09..39.11 rows=10 width=121)
	  Sort Key: c
	  ->  Index Scan using sbtest4_pkey on sbtest4  (cost=0.43..38.92 rows=10 width=121)
	        Index Cond: ((id >= 8688681) AND (id <= 8688690))

table 5 : explain SELECT c FROM sbtest5 WHERE id BETWEEN 8472667 AND 8472676 ORDER BY c
	Sort  (cost=39.03..39.06 rows=10 width=121)
	  Sort Key: c
	  ->  Index Scan using sbtest5_pkey on sbtest5  (cost=0.43..38.87 rows=10 width=121)
	        Index Cond: ((id >= 8472667) AND (id <= 8472676))

table 6 : explain SELECT c FROM sbtest6 WHERE id BETWEEN 3438053 AND 3438062 ORDER BY c
	Sort  (cost=35.55..35.57 rows=9 width=121)
	  Sort Key: c
	  ->  Index Scan using sbtest6_pkey on sbtest6  (cost=0.43..35.40 rows=9 width=121)
	        Index Cond: ((id >= 3438053) AND (id <= 3438062))

table 7 : explain SELECT c FROM sbtest7 WHERE id BETWEEN 761815 AND 761824 ORDER BY c
	Sort  (cost=38.90..38.93 rows=10 width=121)
	  Sort Key: c
	  ->  Index Scan using sbtest7_pkey on sbtest7  (cost=0.43..38.74 rows=10 width=121)
	        Index Cond: ((id >= 761815) AND (id <= 761824))

table 8 : explain SELECT c FROM sbtest8 WHERE id BETWEEN 9799307 AND 9799316 ORDER BY c
	Sort  (cost=39.03..39.06 rows=10 width=121)
	  Sort Key: c
	  ->  Index Scan using sbtest8_pkey on sbtest8  (cost=0.43..38.87 rows=10 width=121)
	        Index Cond: ((id >= 9799307) AND (id <= 9799316))

for inserts
table 1 : explain INSERT INTO sbtest1 (id, k, c, pad) VALUES (8047432, 13, 'foobar', 'foobar')
	Insert on sbtest1  (cost=0.00..0.01 rows=0 width=0)
	  ->  Result  (cost=0.00..0.01 rows=1 width=736)

table 2 : explain INSERT INTO sbtest2 (id, k, c, pad) VALUES (5799786, 13, 'foobar', 'foobar')
	Insert on sbtest2  (cost=0.00..0.01 rows=0 width=0)
	  ->  Result  (cost=0.00..0.01 rows=1 width=736)

table 3 : explain INSERT INTO sbtest3 (id, k, c, pad) VALUES (2778883, 13, 'foobar', 'foobar')
	Insert on sbtest3  (cost=0.00..0.01 rows=0 width=0)
	  ->  Result  (cost=0.00..0.01 rows=1 width=736)

table 4 : explain INSERT INTO sbtest4 (id, k, c, pad) VALUES (2595275, 13, 'foobar', 'foobar')
	Insert on sbtest4  (cost=0.00..0.01 rows=0 width=0)
	  ->  Result  (cost=0.00..0.01 rows=1 width=736)

table 5 : explain INSERT INTO sbtest5 (id, k, c, pad) VALUES (5346220, 13, 'foobar', 'foobar')
	Insert on sbtest5  (cost=0.00..0.01 rows=0 width=0)
	  ->  Result  (cost=0.00..0.01 rows=1 width=736)

table 6 : explain INSERT INTO sbtest6 (id, k, c, pad) VALUES (905989, 13, 'foobar', 'foobar')
	Insert on sbtest6  (cost=0.00..0.01 rows=0 width=0)
	  ->  Result  (cost=0.00..0.01 rows=1 width=736)

table 7 : explain INSERT INTO sbtest7 (id, k, c, pad) VALUES (8281369, 13, 'foobar', 'foobar')
	Insert on sbtest7  (cost=0.00..0.01 rows=0 width=0)
	  ->  Result  (cost=0.00..0.01 rows=1 width=736)

table 8 : explain INSERT INTO sbtest8 (id, k, c, pad) VALUES (5657076, 13, 'foobar', 'foobar')
	Insert on sbtest8  (cost=0.00..0.01 rows=0 width=0)
	  ->  Result  (cost=0.00..0.01 rows=1 width=736)

explain: for inserts :: explain INSERT INTO sbtest%u (id, k, c, pad) VALUES (%u, 13, 'foobar', 'foobar')
explain: for index_updates :: explain UPDATE sbtest%u SET k=k+1 WHERE id=%u
for: sum_ranges
table 1 : explain SELECT SUM(k) FROM sbtest1 WHERE id BETWEEN 4433631 AND 4433640
	Aggregate  (cost=38.57..38.58 rows=1 width=8)
	  ->  Index Scan using sbtest1_pkey on sbtest1  (cost=0.43..38.55 rows=10 width=4)
	        Index Cond: ((id >= 4433631) AND (id <= 4433640))

table 2 : explain SELECT SUM(k) FROM sbtest2 WHERE id BETWEEN 1696378 AND 1696387
	Aggregate  (cost=38.49..38.50 rows=1 width=8)
	  ->  Index Scan using sbtest2_pkey on sbtest2  (cost=0.43..38.47 rows=10 width=4)
	        Index Cond: ((id >= 1696378) AND (id <= 1696387))

table 3 : explain SELECT SUM(k) FROM sbtest3 WHERE id BETWEEN 3838539 AND 3838548
	Aggregate  (cost=39.14..39.15 rows=1 width=8)
	  ->  Index Scan using sbtest3_pkey on sbtest3  (cost=0.43..39.11 rows=10 width=4)
	        Index Cond: ((id >= 3838539) AND (id <= 3838548))

table 4 : explain SELECT SUM(k) FROM sbtest4 WHERE id BETWEEN 3828591 AND 3828600
	Aggregate  (cost=38.94..38.95 rows=1 width=8)
	  ->  Index Scan using sbtest4_pkey on sbtest4  (cost=0.43..38.92 rows=10 width=4)
	        Index Cond: ((id >= 3828591) AND (id <= 3828600))

table 5 : explain SELECT SUM(k) FROM sbtest5 WHERE id BETWEEN 7094858 AND 7094867
	Aggregate  (cost=38.89..38.90 rows=1 width=8)
	  ->  Index Scan using sbtest5_pkey on sbtest5  (cost=0.43..38.87 rows=10 width=4)
	        Index Cond: ((id >= 7094858) AND (id <= 7094867))

table 6 : explain SELECT SUM(k) FROM sbtest6 WHERE id BETWEEN 3199087 AND 3199096
	Aggregate  (cost=38.80..38.81 rows=1 width=8)
	  ->  Index Scan using sbtest6_pkey on sbtest6  (cost=0.43..38.77 rows=10 width=4)
	        Index Cond: ((id >= 3199087) AND (id <= 3199096))

table 7 : explain SELECT SUM(k) FROM sbtest7 WHERE id BETWEEN 1415395 AND 1415404
	Aggregate  (cost=35.40..35.41 rows=1 width=8)
	  ->  Index Scan using sbtest7_pkey on sbtest7  (cost=0.43..35.37 rows=9 width=4)
	        Index Cond: ((id >= 1415395) AND (id <= 1415404))

table 8 : explain SELECT SUM(k) FROM sbtest8 WHERE id BETWEEN 5707524 AND 5707533
	Aggregate  (cost=38.89..38.90 rows=1 width=8)
	  ->  Index Scan using sbtest8_pkey on sbtest8  (cost=0.43..38.87 rows=10 width=4)
	        Index Cond: ((id >= 5707524) AND (id <= 5707533))

for inserts
table 1 : explain INSERT INTO sbtest1 (id, k, c, pad) VALUES (1115285, 13, 'foobar', 'foobar')
	Insert on sbtest1  (cost=0.00..0.01 rows=0 width=0)
	  ->  Result  (cost=0.00..0.01 rows=1 width=736)

table 2 : explain INSERT INTO sbtest2 (id, k, c, pad) VALUES (7538311, 13, 'foobar', 'foobar')
	Insert on sbtest2  (cost=0.00..0.01 rows=0 width=0)
	  ->  Result  (cost=0.00..0.01 rows=1 width=736)

table 3 : explain INSERT INTO sbtest3 (id, k, c, pad) VALUES (6194787, 13, 'foobar', 'foobar')
	Insert on sbtest3  (cost=0.00..0.01 rows=0 width=0)
	  ->  Result  (cost=0.00..0.01 rows=1 width=736)

table 4 : explain INSERT INTO sbtest4 (id, k, c, pad) VALUES (6423930, 13, 'foobar', 'foobar')
	Insert on sbtest4  (cost=0.00..0.01 rows=0 width=0)
	  ->  Result  (cost=0.00..0.01 rows=1 width=736)

table 5 : explain INSERT INTO sbtest5 (id, k, c, pad) VALUES (7029055, 13, 'foobar', 'foobar')
	Insert on sbtest5  (cost=0.00..0.01 rows=0 width=0)
	  ->  Result  (cost=0.00..0.01 rows=1 width=736)

table 6 : explain INSERT INTO sbtest6 (id, k, c, pad) VALUES (9332791, 13, 'foobar', 'foobar')
	Insert on sbtest6  (cost=0.00..0.01 rows=0 width=0)
	  ->  Result  (cost=0.00..0.01 rows=1 width=736)

table 7 : explain INSERT INTO sbtest7 (id, k, c, pad) VALUES (7128446, 13, 'foobar', 'foobar')
	Insert on sbtest7  (cost=0.00..0.01 rows=0 width=0)
	  ->  Result  (cost=0.00..0.01 rows=1 width=736)

table 8 : explain INSERT INTO sbtest8 (id, k, c, pad) VALUES (7888651, 13, 'foobar', 'foobar')
	Insert on sbtest8  (cost=0.00..0.01 rows=0 width=0)
	  ->  Result  (cost=0.00..0.01 rows=1 width=736)

for index_updates
table 1 : explain UPDATE sbtest1 SET k=k+1 WHERE id=2473758
	Update on sbtest1  (cost=0.43..8.46 rows=0 width=0)
	  ->  Index Scan using sbtest1_pkey on sbtest1  (cost=0.43..8.46 rows=1 width=10)
	        Index Cond: (id = 2473758)

table 2 : explain UPDATE sbtest2 SET k=k+1 WHERE id=3459003
	Update on sbtest2  (cost=0.43..8.46 rows=0 width=0)
	  ->  Index Scan using sbtest2_pkey on sbtest2  (cost=0.43..8.46 rows=1 width=10)
	        Index Cond: (id = 3459003)

table 3 : explain UPDATE sbtest3 SET k=k+1 WHERE id=3925513
	Update on sbtest3  (cost=0.43..8.46 rows=0 width=0)
	  ->  Index Scan using sbtest3_pkey on sbtest3  (cost=0.43..8.46 rows=1 width=10)
	        Index Cond: (id = 3925513)

table 4 : explain UPDATE sbtest4 SET k=k+1 WHERE id=8888136
	Update on sbtest4  (cost=0.43..8.46 rows=0 width=0)
	  ->  Index Scan using sbtest4_pkey on sbtest4  (cost=0.43..8.46 rows=1 width=10)
	        Index Cond: (id = 8888136)

table 5 : explain UPDATE sbtest5 SET k=k+1 WHERE id=1832407
	Update on sbtest5  (cost=0.43..8.46 rows=0 width=0)
	  ->  Index Scan using sbtest5_pkey on sbtest5  (cost=0.43..8.46 rows=1 width=10)
	        Index Cond: (id = 1832407)

table 6 : explain UPDATE sbtest6 SET k=k+1 WHERE id=2192365
	Update on sbtest6  (cost=0.43..8.46 rows=0 width=0)
	  ->  Index Scan using sbtest6_pkey on sbtest6  (cost=0.43..8.46 rows=1 width=10)
	        Index Cond: (id = 2192365)

table 7 : explain UPDATE sbtest7 SET k=k+1 WHERE id=5744194
	Update on sbtest7  (cost=0.43..8.46 rows=0 width=0)
	  ->  Index Scan using sbtest7_pkey on sbtest7  (cost=0.43..8.46 rows=1 width=10)
	        Index Cond: (id = 5744194)

table 8 : explain UPDATE sbtest8 SET k=k+1 WHERE id=8579223
	Update on sbtest8  (cost=0.43..8.46 rows=0 width=0)
	  ->  Index Scan using sbtest8_pkey on sbtest8  (cost=0.43..8.46 rows=1 width=10)
	        Index Cond: (id = 8579223)

for: order_ranges
table 1 : explain SELECT c FROM sbtest1 WHERE id BETWEEN 7377090 AND 7377099 ORDER BY c
	Sort  (cost=35.35..35.37 rows=9 width=121)
	  Sort Key: c
	  ->  Index Scan using sbtest1_pkey on sbtest1  (cost=0.43..35.21 rows=9 width=121)
	        Index Cond: ((id >= 7377090) AND (id <= 7377099))

table 2 : explain SELECT c FROM sbtest2 WHERE id BETWEEN 7091463 AND 7091472 ORDER BY c
	Sort  (cost=41.99..42.02 rows=11 width=121)
	  Sort Key: c
	  ->  Index Scan using sbtest2_pkey on sbtest2  (cost=0.43..41.80 rows=11 width=121)
	        Index Cond: ((id >= 7091463) AND (id <= 7091472))

table 3 : explain SELECT c FROM sbtest3 WHERE id BETWEEN 1551519 AND 1551528 ORDER BY c
	Sort  (cost=39.28..39.30 rows=10 width=121)
	  Sort Key: c
	  ->  Index Scan using sbtest3_pkey on sbtest3  (cost=0.43..39.11 rows=10 width=121)
	        Index Cond: ((id >= 1551519) AND (id <= 1551528))

table 4 : explain SELECT c FROM sbtest4 WHERE id BETWEEN 2298148 AND 2298157 ORDER BY c
	Sort  (cost=39.09..39.11 rows=10 width=121)
	  Sort Key: c
	  ->  Index Scan using sbtest4_pkey on sbtest4  (cost=0.43..38.92 rows=10 width=121)
	        Index Cond: ((id >= 2298148) AND (id <= 2298157))

table 5 : explain SELECT c FROM sbtest5 WHERE id BETWEEN 7219488 AND 7219497 ORDER BY c
	Sort  (cost=39.03..39.06 rows=10 width=121)
	  Sort Key: c
	  ->  Index Scan using sbtest5_pkey on sbtest5  (cost=0.43..38.87 rows=10 width=121)
	        Index Cond: ((id >= 7219488) AND (id <= 7219497))

table 6 : explain SELECT c FROM sbtest6 WHERE id BETWEEN 8262555 AND 8262564 ORDER BY c
	Sort  (cost=35.55..35.57 rows=9 width=121)
	  Sort Key: c
	  ->  Index Scan using sbtest6_pkey on sbtest6  (cost=0.43..35.40 rows=9 width=121)
	        Index Cond: ((id >= 8262555) AND (id <= 8262564))

table 7 : explain SELECT c FROM sbtest7 WHERE id BETWEEN 1727132 AND 1727141 ORDER BY c
	Sort  (cost=42.29..42.32 rows=11 width=121)
	  Sort Key: c
	  ->  Index Scan using sbtest7_pkey on sbtest7  (cost=0.43..42.10 rows=11 width=121)
	        Index Cond: ((id >= 1727132) AND (id <= 1727141))

table 8 : explain SELECT c FROM sbtest8 WHERE id BETWEEN 8812671 AND 8812680 ORDER BY c
	Sort  (cost=42.43..42.46 rows=11 width=121)
	  Sort Key: c
	  ->  Index Scan using sbtest8_pkey on sbtest8  (cost=0.43..42.24 rows=11 width=121)
	        Index Cond: ((id >= 8812671) AND (id <= 8812680))

for index_updates
table 1 : explain UPDATE sbtest1 SET k=k+1 WHERE id=8443364
	Update on sbtest1  (cost=0.43..8.46 rows=0 width=0)
	  ->  Index Scan using sbtest1_pkey on sbtest1  (cost=0.43..8.46 rows=1 width=10)
	        Index Cond: (id = 8443364)

table 2 : explain UPDATE sbtest2 SET k=k+1 WHERE id=9394968
	Update on sbtest2  (cost=0.43..8.46 rows=0 width=0)
	  ->  Index Scan using sbtest2_pkey on sbtest2  (cost=0.43..8.46 rows=1 width=10)
	        Index Cond: (id = 9394968)

table 3 : explain UPDATE sbtest3 SET k=k+1 WHERE id=3109091
	Update on sbtest3  (cost=0.43..8.46 rows=0 width=0)
	  ->  Index Scan using sbtest3_pkey on sbtest3  (cost=0.43..8.46 rows=1 width=10)
	        Index Cond: (id = 3109091)

table 4 : explain UPDATE sbtest4 SET k=k+1 WHERE id=7927265
	Update on sbtest4  (cost=0.43..8.46 rows=0 width=0)
	  ->  Index Scan using sbtest4_pkey on sbtest4  (cost=0.43..8.46 rows=1 width=10)
	        Index Cond: (id = 7927265)

table 5 : explain UPDATE sbtest5 SET k=k+1 WHERE id=9615428
	Update on sbtest5  (cost=0.43..8.46 rows=0 width=0)
	  ->  Index Scan using sbtest5_pkey on sbtest5  (cost=0.43..8.46 rows=1 width=10)
	        Index Cond: (id = 9615428)

table 6 : explain UPDATE sbtest6 SET k=k+1 WHERE id=7880159
	Update on sbtest6  (cost=0.43..8.46 rows=0 width=0)
	  ->  Index Scan using sbtest6_pkey on sbtest6  (cost=0.43..8.46 rows=1 width=10)
	        Index Cond: (id = 7880159)

table 7 : explain UPDATE sbtest7 SET k=k+1 WHERE id=4934432
	Update on sbtest7  (cost=0.43..8.46 rows=0 width=0)
	  ->  Index Scan using sbtest7_pkey on sbtest7  (cost=0.43..8.46 rows=1 width=10)
	        Index Cond: (id = 4934432)

table 8 : explain UPDATE sbtest8 SET k=k+1 WHERE id=1821600
	Update on sbtest8  (cost=0.43..8.46 rows=0 width=0)
	  ->  Index Scan using sbtest8_pkey on sbtest8  (cost=0.43..8.46 rows=1 width=10)
	        Index Cond: (id = 1821600)

explain: for non_index_updates :: explain UPDATE sbtest%u SET c='foobar' WHERE id=%u
for inserts
table 1 : explain INSERT INTO sbtest1 (id, k, c, pad) VALUES (5115192, 13, 'foobar', 'foobar')
	Insert on sbtest1  (cost=0.00..0.01 rows=0 width=0)
	  ->  Result  (cost=0.00..0.01 rows=1 width=736)

table 2 : explain INSERT INTO sbtest2 (id, k, c, pad) VALUES (5944384, 13, 'foobar', 'foobar')
	Insert on sbtest2  (cost=0.00..0.01 rows=0 width=0)
	  ->  Result  (cost=0.00..0.01 rows=1 width=736)

table 3 : explain INSERT INTO sbtest3 (id, k, c, pad) VALUES (2725824, 13, 'foobar', 'foobar')
	Insert on sbtest3  (cost=0.00..0.01 rows=0 width=0)
	  ->  Result  (cost=0.00..0.01 rows=1 width=736)

table 4 : explain INSERT INTO sbtest4 (id, k, c, pad) VALUES (8084172, 13, 'foobar', 'foobar')
	Insert on sbtest4  (cost=0.00..0.01 rows=0 width=0)
	  ->  Result  (cost=0.00..0.01 rows=1 width=736)

table 5 : explain INSERT INTO sbtest5 (id, k, c, pad) VALUES (895287, 13, 'foobar', 'foobar')
	Insert on sbtest5  (cost=0.00..0.01 rows=0 width=0)
	  ->  Result  (cost=0.00..0.01 rows=1 width=736)

table 6 : explain INSERT INTO sbtest6 (id, k, c, pad) VALUES (8701903, 13, 'foobar', 'foobar')
	Insert on sbtest6  (cost=0.00..0.01 rows=0 width=0)
	  ->  Result  (cost=0.00..0.01 rows=1 width=736)

table 7 : explain INSERT INTO sbtest7 (id, k, c, pad) VALUES (6564969, 13, 'foobar', 'foobar')
	Insert on sbtest7  (cost=0.00..0.01 rows=0 width=0)
	  ->  Result  (cost=0.00..0.01 rows=1 width=736)

table 8 : explain INSERT INTO sbtest8 (id, k, c, pad) VALUES (9099985, 13, 'foobar', 'foobar')
	Insert on sbtest8  (cost=0.00..0.01 rows=0 width=0)
	  ->  Result  (cost=0.00..0.01 rows=1 width=736)

for: sum_ranges
table 1 : explain SELECT SUM(k) FROM sbtest1 WHERE id BETWEEN 5948897 AND 5948906
	Aggregate  (cost=35.23..35.24 rows=1 width=8)
	  ->  Index Scan using sbtest1_pkey on sbtest1  (cost=0.43..35.21 rows=9 width=4)
	        Index Cond: ((id >= 5948897) AND (id <= 5948906))

table 2 : explain SELECT SUM(k) FROM sbtest2 WHERE id BETWEEN 5106350 AND 5106359
	Aggregate  (cost=38.49..38.50 rows=1 width=8)
	  ->  Index Scan using sbtest2_pkey on sbtest2  (cost=0.43..38.47 rows=10 width=4)
	        Index Cond: ((id >= 5106350) AND (id <= 5106359))

table 3 : explain SELECT SUM(k) FROM sbtest3 WHERE id BETWEEN 191793 AND 191802
	Aggregate  (cost=39.14..39.15 rows=1 width=8)
	  ->  Index Scan using sbtest3_pkey on sbtest3  (cost=0.43..39.11 rows=10 width=4)
	        Index Cond: ((id >= 191793) AND (id <= 191802))

table 4 : explain SELECT SUM(k) FROM sbtest4 WHERE id BETWEEN 1295115 AND 1295124
	Aggregate  (cost=38.94..38.95 rows=1 width=8)
	  ->  Index Scan using sbtest4_pkey on sbtest4  (cost=0.43..38.92 rows=10 width=4)
	        Index Cond: ((id >= 1295115) AND (id <= 1295124))

table 5 : explain SELECT SUM(k) FROM sbtest5 WHERE id BETWEEN 3219531 AND 3219540
	Aggregate  (cost=38.89..38.90 rows=1 width=8)
	  ->  Index Scan using sbtest5_pkey on sbtest5  (cost=0.43..38.87 rows=10 width=4)
	        Index Cond: ((id >= 3219531) AND (id <= 3219540))

table 6 : explain SELECT SUM(k) FROM sbtest6 WHERE id BETWEEN 4519443 AND 4519452
	Aggregate  (cost=42.17..42.18 rows=1 width=8)
	  ->  Index Scan using sbtest6_pkey on sbtest6  (cost=0.43..42.14 rows=11 width=4)
	        Index Cond: ((id >= 4519443) AND (id <= 4519452))

table 7 : explain SELECT SUM(k) FROM sbtest7 WHERE id BETWEEN 1520657 AND 1520666
	Aggregate  (cost=35.40..35.41 rows=1 width=8)
	  ->  Index Scan using sbtest7_pkey on sbtest7  (cost=0.43..35.37 rows=9 width=4)
	        Index Cond: ((id >= 1520657) AND (id <= 1520666))

table 8 : explain SELECT SUM(k) FROM sbtest8 WHERE id BETWEEN 7285675 AND 7285684
	Aggregate  (cost=35.51..35.52 rows=1 width=8)
	  ->  Index Scan using sbtest8_pkey on sbtest8  (cost=0.43..35.49 rows=9 width=4)
	        Index Cond: ((id >= 7285675) AND (id <= 7285684))

explain: for non_index_updates :: explain UPDATE sbtest%u SET c='foobar' WHERE id=%u
for non_index_updates
table 1 : explain UPDATE sbtest1 SET c='foobar' WHERE id=4952950
	Update on sbtest1  (cost=0.43..8.45 rows=0 width=0)
	  ->  Index Scan using sbtest1_pkey on sbtest1  (cost=0.43..8.45 rows=1 width=490)
	        Index Cond: (id = 4952950)

table 2 : explain UPDATE sbtest2 SET c='foobar' WHERE id=9807115
	Update on sbtest2  (cost=0.43..8.45 rows=0 width=0)
	  ->  Index Scan using sbtest2_pkey on sbtest2  (cost=0.43..8.45 rows=1 width=490)
	        Index Cond: (id = 9807115)

table 3 : explain UPDATE sbtest3 SET c='foobar' WHERE id=3825902
	Update on sbtest3  (cost=0.43..8.45 rows=0 width=0)
	  ->  Index Scan using sbtest3_pkey on sbtest3  (cost=0.43..8.45 rows=1 width=490)
	        Index Cond: (id = 3825902)

table 4 : explain UPDATE sbtest4 SET c='foobar' WHERE id=3929877
	Update on sbtest4  (cost=0.43..8.45 rows=0 width=0)
	  ->  Index Scan using sbtest4_pkey on sbtest4  (cost=0.43..8.45 rows=1 width=490)
	        Index Cond: (id = 3929877)

table 5 : explain UPDATE sbtest5 SET c='foobar' WHERE id=6141549
	Update on sbtest5  (cost=0.43..8.45 rows=0 width=0)
	  ->  Index Scan using sbtest5_pkey on sbtest5  (cost=0.43..8.45 rows=1 width=490)
	        Index Cond: (id = 6141549)

table 6 : explain UPDATE sbtest6 SET c='foobar' WHERE id=6921314
	Update on sbtest6  (cost=0.43..8.45 rows=0 width=0)
	  ->  Index Scan using sbtest6_pkey on sbtest6  (cost=0.43..8.45 rows=1 width=490)
	        Index Cond: (id = 6921314)

table 7 : explain UPDATE sbtest7 SET c='foobar' WHERE id=3148414
	Update on sbtest7  (cost=0.43..8.45 rows=0 width=0)
	  ->  Index Scan using sbtest7_pkey on sbtest7  (cost=0.43..8.45 rows=1 width=490)
	        Index Cond: (id = 3148414)

table 8 : explain UPDATE sbtest8 SET c='foobar' WHERE id=8253233
	Update on sbtest8  (cost=0.43..8.45 rows=0 width=0)
	  ->  Index Scan using sbtest8_pkey on sbtest8  (cost=0.43..8.45 rows=1 width=490)
	        Index Cond: (id = 8253233)

for: order_ranges
table 1 : explain SELECT c FROM sbtest1 WHERE id BETWEEN 8498036 AND 8498045 ORDER BY c
	Sort  (cost=38.72..38.74 rows=10 width=121)
	  Sort Key: c
	  ->  Index Scan using sbtest1_pkey on sbtest1  (cost=0.43..38.55 rows=10 width=121)
	        Index Cond: ((id >= 8498036) AND (id <= 8498045))

table 2 : explain SELECT c FROM sbtest2 WHERE id BETWEEN 7736124 AND 7736133 ORDER BY c
	Sort  (cost=41.99..42.02 rows=11 width=121)
	  Sort Key: c
	  ->  Index Scan using sbtest2_pkey on sbtest2  (cost=0.43..41.80 rows=11 width=121)
	        Index Cond: ((id >= 7736124) AND (id <= 7736133))

table 3 : explain SELECT c FROM sbtest3 WHERE id BETWEEN 7971031 AND 7971040 ORDER BY c
	Sort  (cost=39.28..39.30 rows=10 width=121)
	  Sort Key: c
	  ->  Index Scan using sbtest3_pkey on sbtest3  (cost=0.43..39.11 rows=10 width=121)
	        Index Cond: ((id >= 7971031) AND (id <= 7971040))

table 4 : explain SELECT c FROM sbtest4 WHERE id BETWEEN 5745768 AND 5745777 ORDER BY c
	Sort  (cost=39.09..39.11 rows=10 width=121)
	  Sort Key: c
	  ->  Index Scan using sbtest4_pkey on sbtest4  (cost=0.43..38.92 rows=10 width=121)
	        Index Cond: ((id >= 5745768) AND (id <= 5745777))

table 5 : explain SELECT c FROM sbtest5 WHERE id BETWEEN 6932709 AND 6932718 ORDER BY c
	Sort  (cost=39.03..39.06 rows=10 width=121)
	  Sort Key: c
	  ->  Index Scan using sbtest5_pkey on sbtest5  (cost=0.43..38.87 rows=10 width=121)
	        Index Cond: ((id >= 6932709) AND (id <= 6932718))

table 6 : explain SELECT c FROM sbtest6 WHERE id BETWEEN 379302 AND 379311 ORDER BY c
	Sort  (cost=38.94..38.96 rows=10 width=121)
	  Sort Key: c
	  ->  Index Scan using sbtest6_pkey on sbtest6  (cost=0.43..38.77 rows=10 width=121)
	        Index Cond: ((id >= 379302) AND (id <= 379311))

table 7 : explain SELECT c FROM sbtest7 WHERE id BETWEEN 9087562 AND 9087571 ORDER BY c
	Sort  (cost=42.29..42.32 rows=11 width=121)
	  Sort Key: c
	  ->  Index Scan using sbtest7_pkey on sbtest7  (cost=0.43..42.10 rows=11 width=121)
	        Index Cond: ((id >= 9087562) AND (id <= 9087571))

table 8 : explain SELECT c FROM sbtest8 WHERE id BETWEEN 2713209 AND 2713218 ORDER BY c
	Sort  (cost=39.03..39.06 rows=10 width=121)
	  Sort Key: c
	  ->  Index Scan using sbtest8_pkey on sbtest8  (cost=0.43..38.87 rows=10 width=121)
	        Index Cond: ((id >= 2713209) AND (id <= 2713218))

explain: for deletes :: explain DELETE FROM sbtest%u WHERE id=%u
for non_index_updates
table 1 : explain UPDATE sbtest1 SET c='foobar' WHERE id=4033129
	Update on sbtest1  (cost=0.43..8.45 rows=0 width=0)
	  ->  Index Scan using sbtest1_pkey on sbtest1  (cost=0.43..8.45 rows=1 width=490)
	        Index Cond: (id = 4033129)

table 2 : explain UPDATE sbtest2 SET c='foobar' WHERE id=7302313
	Update on sbtest2  (cost=0.43..8.45 rows=0 width=0)
	  ->  Index Scan using sbtest2_pkey on sbtest2  (cost=0.43..8.45 rows=1 width=490)
	        Index Cond: (id = 7302313)

table 3 : explain UPDATE sbtest3 SET c='foobar' WHERE id=9544729
	Update on sbtest3  (cost=0.43..8.45 rows=0 width=0)
	  ->  Index Scan using sbtest3_pkey on sbtest3  (cost=0.43..8.45 rows=1 width=490)
	        Index Cond: (id = 9544729)

table 4 : explain UPDATE sbtest4 SET c='foobar' WHERE id=2464334
	Update on sbtest4  (cost=0.43..8.45 rows=0 width=0)
	  ->  Index Scan using sbtest4_pkey on sbtest4  (cost=0.43..8.45 rows=1 width=490)
	        Index Cond: (id = 2464334)

table 5 : explain UPDATE sbtest5 SET c='foobar' WHERE id=9915047
	Update on sbtest5  (cost=0.43..8.45 rows=0 width=0)
	  ->  Index Scan using sbtest5_pkey on sbtest5  (cost=0.43..8.45 rows=1 width=490)
	        Index Cond: (id = 9915047)

table 6 : explain UPDATE sbtest6 SET c='foobar' WHERE id=9661443
	Update on sbtest6  (cost=0.43..8.45 rows=0 width=0)
	  ->  Index Scan using sbtest6_pkey on sbtest6  (cost=0.43..8.45 rows=1 width=490)
	        Index Cond: (id = 9661443)

table 7 : explain UPDATE sbtest7 SET c='foobar' WHERE id=7899404
	Update on sbtest7  (cost=0.43..8.45 rows=0 width=0)
	  ->  Index Scan using sbtest7_pkey on sbtest7  (cost=0.43..8.45 rows=1 width=490)
	        Index Cond: (id = 7899404)

table 8 : explain UPDATE sbtest8 SET c='foobar' WHERE id=1962633
	Update on sbtest8  (cost=0.43..8.45 rows=0 width=0)
	  ->  Index Scan using sbtest8_pkey on sbtest8  (cost=0.43..8.45 rows=1 width=490)
	        Index Cond: (id = 1962633)

for: distinct_ranges
table 1 : explain SELECT DISTINCT c FROM sbtest1 WHERE id BETWEEN 7809945 AND 7809954 ORDER BY c
	Unique  (cost=35.35..35.39 rows=9 width=121)
	  ->  Sort  (cost=35.35..35.37 rows=9 width=121)
	        Sort Key: c
	        ->  Index Scan using sbtest1_pkey on sbtest1  (cost=0.43..35.21 rows=9 width=121)
	              Index Cond: ((id >= 7809945) AND (id <= 7809954))

table 2 : explain SELECT DISTINCT c FROM sbtest2 WHERE id BETWEEN 8607407 AND 8607416 ORDER BY c
	Unique  (cost=38.63..38.68 rows=10 width=121)
	  ->  Sort  (cost=38.63..38.66 rows=10 width=121)
	        Sort Key: c
	        ->  Index Scan using sbtest2_pkey on sbtest2  (cost=0.43..38.47 rows=10 width=121)
	              Index Cond: ((id >= 8607407) AND (id <= 8607416))

table 3 : explain SELECT DISTINCT c FROM sbtest3 WHERE id BETWEEN 4703680 AND 4703689 ORDER BY c
	Unique  (cost=39.28..39.33 rows=10 width=121)
	  ->  Sort  (cost=39.28..39.30 rows=10 width=121)
	        Sort Key: c
	        ->  Index Scan using sbtest3_pkey on sbtest3  (cost=0.43..39.11 rows=10 width=121)
	              Index Cond: ((id >= 4703680) AND (id <= 4703689))

table 4 : explain SELECT DISTINCT c FROM sbtest4 WHERE id BETWEEN 2189120 AND 2189129 ORDER BY c
	Unique  (cost=39.09..39.14 rows=10 width=121)
	  ->  Sort  (cost=39.09..39.11 rows=10 width=121)
	        Sort Key: c
	        ->  Index Scan using sbtest4_pkey on sbtest4  (cost=0.43..38.92 rows=10 width=121)
	              Index Cond: ((id >= 2189120) AND (id <= 2189129))

table 5 : explain SELECT DISTINCT c FROM sbtest5 WHERE id BETWEEN 9508408 AND 9508417 ORDER BY c
	Unique  (cost=39.03..39.08 rows=10 width=121)
	  ->  Sort  (cost=39.03..39.06 rows=10 width=121)
	        Sort Key: c
	        ->  Index Scan using sbtest5_pkey on sbtest5  (cost=0.43..38.87 rows=10 width=121)
	              Index Cond: ((id >= 9508408) AND (id <= 9508417))

table 6 : explain SELECT DISTINCT c FROM sbtest6 WHERE id BETWEEN 7539991 AND 7540000 ORDER BY c
	Unique  (cost=35.55..35.59 rows=9 width=121)
	  ->  Sort  (cost=35.55..35.57 rows=9 width=121)
	        Sort Key: c
	        ->  Index Scan using sbtest6_pkey on sbtest6  (cost=0.43..35.40 rows=9 width=121)
	              Index Cond: ((id >= 7539991) AND (id <= 7540000))

table 7 : explain SELECT DISTINCT c FROM sbtest7 WHERE id BETWEEN 8378954 AND 8378963 ORDER BY c
	Unique  (cost=38.90..38.95 rows=10 width=121)
	  ->  Sort  (cost=38.90..38.93 rows=10 width=121)
	        Sort Key: c
	        ->  Index Scan using sbtest7_pkey on sbtest7  (cost=0.43..38.74 rows=10 width=121)
	              Index Cond: ((id >= 8378954) AND (id <= 8378963))

table 8 : explain SELECT DISTINCT c FROM sbtest8 WHERE id BETWEEN 5698765 AND 5698774 ORDER BY c
	Unique  (cost=39.03..39.08 rows=10 width=121)
	  ->  Sort  (cost=39.03..39.06 rows=10 width=121)
	        Sort Key: c
	        ->  Index Scan using sbtest8_pkey on sbtest8  (cost=0.43..38.87 rows=10 width=121)
	              Index Cond: ((id >= 5698765) AND (id <= 5698774))

for deletes
table 1 : explain DELETE FROM sbtest1 WHERE id=4156464
	Delete on sbtest1  (cost=0.43..8.45 rows=0 width=0)
	  ->  Index Scan using sbtest1_pkey on sbtest1  (cost=0.43..8.45 rows=1 width=6)
	        Index Cond: (id = 4156464)

table 2 : explain DELETE FROM sbtest2 WHERE id=1892641
	Delete on sbtest2  (cost=0.43..8.45 rows=0 width=0)
	  ->  Index Scan using sbtest2_pkey on sbtest2  (cost=0.43..8.45 rows=1 width=6)
	        Index Cond: (id = 1892641)

table 3 : explain DELETE FROM sbtest3 WHERE id=6000183
	Delete on sbtest3  (cost=0.43..8.45 rows=0 width=0)
	  ->  Index Scan using sbtest3_pkey on sbtest3  (cost=0.43..8.45 rows=1 width=6)
	        Index Cond: (id = 6000183)

table 4 : explain DELETE FROM sbtest4 WHERE id=1842778
	Delete on sbtest4  (cost=0.43..8.45 rows=0 width=0)
	  ->  Index Scan using sbtest4_pkey on sbtest4  (cost=0.43..8.45 rows=1 width=6)
	        Index Cond: (id = 1842778)

table 5 : explain DELETE FROM sbtest5 WHERE id=1215585
	Delete on sbtest5  (cost=0.43..8.45 rows=0 width=0)
	  ->  Index Scan using sbtest5_pkey on sbtest5  (cost=0.43..8.45 rows=1 width=6)
	        Index Cond: (id = 1215585)

table 6 : explain DELETE FROM sbtest6 WHERE id=6250191
	Delete on sbtest6  (cost=0.43..8.45 rows=0 width=0)
	  ->  Index Scan using sbtest6_pkey on sbtest6  (cost=0.43..8.45 rows=1 width=6)
	        Index Cond: (id = 6250191)

table 7 : explain DELETE FROM sbtest7 WHERE id=3330985
	Delete on sbtest7  (cost=0.43..8.45 rows=0 width=0)
	  ->  Index Scan using sbtest7_pkey on sbtest7  (cost=0.43..8.45 rows=1 width=6)
	        Index Cond: (id = 3330985)

table 8 : explain DELETE FROM sbtest8 WHERE id=4567246
	Delete on sbtest8  (cost=0.43..8.45 rows=0 width=0)
	  ->  Index Scan using sbtest8_pkey on sbtest8  (cost=0.43..8.45 rows=1 width=6)
	        Index Cond: (id = 4567246)

explain: for deletes :: explain DELETE FROM sbtest%u WHERE id=%u
for: order_ranges
table 1 : explain SELECT c FROM sbtest1 WHERE id BETWEEN 2634526 AND 2634535 ORDER BY c
	Sort  (cost=38.72..38.74 rows=10 width=121)
	  Sort Key: c
	  ->  Index Scan using sbtest1_pkey on sbtest1  (cost=0.43..38.55 rows=10 width=121)
	        Index Cond: ((id >= 2634526) AND (id <= 2634535))

table 2 : explain SELECT c FROM sbtest2 WHERE id BETWEEN 9025156 AND 9025165 ORDER BY c
	Sort  (cost=38.63..38.66 rows=10 width=121)
	  Sort Key: c
	  ->  Index Scan using sbtest2_pkey on sbtest2  (cost=0.43..38.47 rows=10 width=121)
	        Index Cond: ((id >= 9025156) AND (id <= 9025165))

table 3 : explain SELECT c FROM sbtest3 WHERE id BETWEEN 4432087 AND 4432096 ORDER BY c
	Sort  (cost=39.28..39.30 rows=10 width=121)
	  Sort Key: c
	  ->  Index Scan using sbtest3_pkey on sbtest3  (cost=0.43..39.11 rows=10 width=121)
	        Index Cond: ((id >= 4432087) AND (id <= 4432096))

table 4 : explain SELECT c FROM sbtest4 WHERE id BETWEEN 9766524 AND 9766533 ORDER BY c
	Sort  (cost=35.68..35.70 rows=9 width=121)
	  Sort Key: c
	  ->  Index Scan using sbtest4_pkey on sbtest4  (cost=0.43..35.53 rows=9 width=121)
	        Index Cond: ((id >= 9766524) AND (id <= 9766533))

table 5 : explain SELECT c FROM sbtest5 WHERE id BETWEEN 8913050 AND 8913059 ORDER BY c
	Sort  (cost=39.03..39.06 rows=10 width=121)
	  Sort Key: c
	  ->  Index Scan using sbtest5_pkey on sbtest5  (cost=0.43..38.87 rows=10 width=121)
	        Index Cond: ((id >= 8913050) AND (id <= 8913059))

table 6 : explain SELECT c FROM sbtest6 WHERE id BETWEEN 3884851 AND 3884860 ORDER BY c
	Sort  (cost=38.94..38.96 rows=10 width=121)
	  Sort Key: c
	  ->  Index Scan using sbtest6_pkey on sbtest6  (cost=0.43..38.77 rows=10 width=121)
	        Index Cond: ((id >= 3884851) AND (id <= 3884860))

table 7 : explain SELECT c FROM sbtest7 WHERE id BETWEEN 5430996 AND 5431005 ORDER BY c
	Sort  (cost=38.90..38.93 rows=10 width=121)
	  Sort Key: c
	  ->  Index Scan using sbtest7_pkey on sbtest7  (cost=0.43..38.74 rows=10 width=121)
	        Index Cond: ((id >= 5430996) AND (id <= 5431005))

table 8 : explain SELECT c FROM sbtest8 WHERE id BETWEEN 5895905 AND 5895914 ORDER BY c
	Sort  (cost=42.43..42.46 rows=11 width=121)
	  Sort Key: c
	  ->  Index Scan using sbtest8_pkey on sbtest8  (cost=0.43..42.24 rows=11 width=121)
	        Index Cond: ((id >= 5895905) AND (id <= 5895914))

for: distinct_ranges
table 1 : explain SELECT DISTINCT c FROM sbtest1 WHERE id BETWEEN 7269515 AND 7269524 ORDER BY c
	Unique  (cost=38.72..38.77 rows=10 width=121)
	  ->  Sort  (cost=38.72..38.74 rows=10 width=121)
	        Sort Key: c
	        ->  Index Scan using sbtest1_pkey on sbtest1  (cost=0.43..38.55 rows=10 width=121)
	              Index Cond: ((id >= 7269515) AND (id <= 7269524))

table 2 : explain SELECT DISTINCT c FROM sbtest2 WHERE id BETWEEN 9356628 AND 9356637 ORDER BY c
	Unique  (cost=41.99..42.05 rows=11 width=121)
	  ->  Sort  (cost=41.99..42.02 rows=11 width=121)
	        Sort Key: c
	        ->  Index Scan using sbtest2_pkey on sbtest2  (cost=0.43..41.80 rows=11 width=121)
	              Index Cond: ((id >= 9356628) AND (id <= 9356637))

table 3 : explain SELECT DISTINCT c FROM sbtest3 WHERE id BETWEEN 1531199 AND 1531208 ORDER BY c
	Unique  (cost=39.28..39.33 rows=10 width=121)
	  ->  Sort  (cost=39.28..39.30 rows=10 width=121)
	        Sort Key: c
	        ->  Index Scan using sbtest3_pkey on sbtest3  (cost=0.43..39.11 rows=10 width=121)
	              Index Cond: ((id >= 1531199) AND (id <= 1531208))

table 4 : explain SELECT DISTINCT c FROM sbtest4 WHERE id BETWEEN 5581908 AND 5581917 ORDER BY c
	Unique  (cost=42.50..42.55 rows=11 width=121)
	  ->  Sort  (cost=42.50..42.52 rows=11 width=121)
	        Sort Key: c
	        ->  Index Scan using sbtest4_pkey on sbtest4  (cost=0.43..42.30 rows=11 width=121)
	              Index Cond: ((id >= 5581908) AND (id <= 5581917))

table 5 : explain SELECT DISTINCT c FROM sbtest5 WHERE id BETWEEN 2633328 AND 2633337 ORDER BY c
	Unique  (cost=42.44..42.49 rows=11 width=121)
	  ->  Sort  (cost=42.44..42.46 rows=11 width=121)
	        Sort Key: c
	        ->  Index Scan using sbtest5_pkey on sbtest5  (cost=0.43..42.25 rows=11 width=121)
	              Index Cond: ((id >= 2633328) AND (id <= 2633337))

table 6 : explain SELECT DISTINCT c FROM sbtest6 WHERE id BETWEEN 216239 AND 216248 ORDER BY c
	Unique  (cost=38.94..38.99 rows=10 width=121)
	  ->  Sort  (cost=38.94..38.96 rows=10 width=121)
	        Sort Key: c
	        ->  Index Scan using sbtest6_pkey on sbtest6  (cost=0.43..38.77 rows=10 width=121)
	              Index Cond: ((id >= 216239) AND (id <= 216248))

table 7 : explain SELECT DISTINCT c FROM sbtest7 WHERE id BETWEEN 965637 AND 965646 ORDER BY c
	Unique  (cost=35.52..35.56 rows=9 width=121)
	  ->  Sort  (cost=35.52..35.54 rows=9 width=121)
	        Sort Key: c
	        ->  Index Scan using sbtest7_pkey on sbtest7  (cost=0.43..35.37 rows=9 width=121)
	              Index Cond: ((id >= 965637) AND (id <= 965646))

table 8 : explain SELECT DISTINCT c FROM sbtest8 WHERE id BETWEEN 9921931 AND 9921940 ORDER BY c
	Unique  (cost=39.03..39.08 rows=10 width=121)
	  ->  Sort  (cost=39.03..39.06 rows=10 width=121)
	        Sort Key: c
	        ->  Index Scan using sbtest8_pkey on sbtest8  (cost=0.43..38.87 rows=10 width=121)
	              Index Cond: ((id >= 9921931) AND (id <= 9921940))

explain: for index_updates :: explain UPDATE sbtest%u SET k=k+1 WHERE id=%u
for: distinct_ranges
table 1 : explain SELECT DISTINCT c FROM sbtest1 WHERE id BETWEEN 6215224 AND 6215233 ORDER BY c
	Unique  (cost=38.72..38.77 rows=10 width=121)
	  ->  Sort  (cost=38.72..38.74 rows=10 width=121)
	        Sort Key: c
	        ->  Index Scan using sbtest1_pkey on sbtest1  (cost=0.43..38.55 rows=10 width=121)
	              Index Cond: ((id >= 6215224) AND (id <= 6215233))

table 2 : explain SELECT DISTINCT c FROM sbtest2 WHERE id BETWEEN 3414623 AND 3414632 ORDER BY c
	Unique  (cost=35.28..35.32 rows=9 width=121)
	  ->  Sort  (cost=35.28..35.30 rows=9 width=121)
	        Sort Key: c
	        ->  Index Scan using sbtest2_pkey on sbtest2  (cost=0.43..35.13 rows=9 width=121)
	              Index Cond: ((id >= 3414623) AND (id <= 3414632))

table 3 : explain SELECT DISTINCT c FROM sbtest3 WHERE id BETWEEN 7260193 AND 7260202 ORDER BY c
	Unique  (cost=35.85..35.89 rows=9 width=121)
	  ->  Sort  (cost=35.85..35.87 rows=9 width=121)
	        Sort Key: c
	        ->  Index Scan using sbtest3_pkey on sbtest3  (cost=0.43..35.71 rows=9 width=121)
	              Index Cond: ((id >= 7260193) AND (id <= 7260202))

table 4 : explain SELECT DISTINCT c FROM sbtest4 WHERE id BETWEEN 1599833 AND 1599842 ORDER BY c
	Unique  (cost=39.09..39.14 rows=10 width=121)
	  ->  Sort  (cost=39.09..39.11 rows=10 width=121)
	        Sort Key: c
	        ->  Index Scan using sbtest4_pkey on sbtest4  (cost=0.43..38.92 rows=10 width=121)
	              Index Cond: ((id >= 1599833) AND (id <= 1599842))

table 5 : explain SELECT DISTINCT c FROM sbtest5 WHERE id BETWEEN 3918302 AND 3918311 ORDER BY c
	Unique  (cost=39.03..39.08 rows=10 width=121)
	  ->  Sort  (cost=39.03..39.06 rows=10 width=121)
	        Sort Key: c
	        ->  Index Scan using sbtest5_pkey on sbtest5  (cost=0.43..38.87 rows=10 width=121)
	              Index Cond: ((id >= 3918302) AND (id <= 3918311))

table 6 : explain SELECT DISTINCT c FROM sbtest6 WHERE id BETWEEN 6277028 AND 6277037 ORDER BY c
	Unique  (cost=35.55..35.59 rows=9 width=121)
	  ->  Sort  (cost=35.55..35.57 rows=9 width=121)
	        Sort Key: c
	        ->  Index Scan using sbtest6_pkey on sbtest6  (cost=0.43..35.40 rows=9 width=121)
	              Index Cond: ((id >= 6277028) AND (id <= 6277037))

table 7 : explain SELECT DISTINCT c FROM sbtest7 WHERE id BETWEEN 8589447 AND 8589456 ORDER BY c
	Unique  (cost=38.90..38.95 rows=10 width=121)
	  ->  Sort  (cost=38.90..38.93 rows=10 width=121)
	        Sort Key: c
	        ->  Index Scan using sbtest7_pkey on sbtest7  (cost=0.43..38.74 rows=10 width=121)
	              Index Cond: ((id >= 8589447) AND (id <= 8589456))

table 8 : explain SELECT DISTINCT c FROM sbtest8 WHERE id BETWEEN 8755763 AND 8755772 ORDER BY c
	Unique  (cost=39.03..39.08 rows=10 width=121)
	  ->  Sort  (cost=39.03..39.06 rows=10 width=121)
	        Sort Key: c
	        ->  Index Scan using sbtest8_pkey on sbtest8  (cost=0.43..38.87 rows=10 width=121)
	              Index Cond: ((id >= 8755763) AND (id <= 8755772))

explain: for point_selects :: explain SELECT c FROM sbtest%u WHERE id=%u
explain: for inserts :: explain INSERT INTO sbtest%u (id, k, c, pad) VALUES (%u, 13, 'foobar', 'foobar')
for: order_ranges
table 1 : explain SELECT c FROM sbtest1 WHERE id BETWEEN 7334123 AND 7334132 ORDER BY c
	Sort  (cost=38.72..38.74 rows=10 width=121)
	  Sort Key: c
	  ->  Index Scan using sbtest1_pkey on sbtest1  (cost=0.43..38.55 rows=10 width=121)
	        Index Cond: ((id >= 7334123) AND (id <= 7334132))

table 2 : explain SELECT c FROM sbtest2 WHERE id BETWEEN 7778725 AND 7778734 ORDER BY c
	Sort  (cost=41.99..42.02 rows=11 width=121)
	  Sort Key: c
	  ->  Index Scan using sbtest2_pkey on sbtest2  (cost=0.43..41.80 rows=11 width=121)
	        Index Cond: ((id >= 7778725) AND (id <= 7778734))

table 3 : explain SELECT c FROM sbtest3 WHERE id BETWEEN 5987218 AND 5987227 ORDER BY c
	Sort  (cost=39.28..39.30 rows=10 width=121)
	  Sort Key: c
	  ->  Index Scan using sbtest3_pkey on sbtest3  (cost=0.43..39.11 rows=10 width=121)
	        Index Cond: ((id >= 5987218) AND (id <= 5987227))

table 4 : explain SELECT c FROM sbtest4 WHERE id BETWEEN 3140373 AND 3140382 ORDER BY c
	Sort  (cost=35.68..35.70 rows=9 width=121)
	  Sort Key: c
	  ->  Index Scan using sbtest4_pkey on sbtest4  (cost=0.43..35.53 rows=9 width=121)
	        Index Cond: ((id >= 3140373) AND (id <= 3140382))

table 5 : explain SELECT c FROM sbtest5 WHERE id BETWEEN 9146854 AND 9146863 ORDER BY c
	Sort  (cost=35.63..35.65 rows=9 width=121)
	  Sort Key: c
	  ->  Index Scan using sbtest5_pkey on sbtest5  (cost=0.43..35.49 rows=9 width=121)
	        Index Cond: ((id >= 9146854) AND (id <= 9146863))

table 6 : explain SELECT c FROM sbtest6 WHERE id BETWEEN 4949457 AND 4949466 ORDER BY c
	Sort  (cost=38.94..38.96 rows=10 width=121)
	  Sort Key: c
	  ->  Index Scan using sbtest6_pkey on sbtest6  (cost=0.43..38.77 rows=10 width=121)
	        Index Cond: ((id >= 4949457) AND (id <= 4949466))

table 7 : explain SELECT c FROM sbtest7 WHERE id BETWEEN 8617004 AND 8617013 ORDER BY c
	Sort  (cost=38.90..38.93 rows=10 width=121)
	  Sort Key: c
	  ->  Index Scan using sbtest7_pkey on sbtest7  (cost=0.43..38.74 rows=10 width=121)
	        Index Cond: ((id >= 8617004) AND (id <= 8617013))

table 8 : explain SELECT c FROM sbtest8 WHERE id BETWEEN 4939358 AND 4939367 ORDER BY c
	Sort  (cost=42.43..42.46 rows=11 width=121)
	  Sort Key: c
	  ->  Index Scan using sbtest8_pkey on sbtest8  (cost=0.43..42.24 rows=11 width=121)
	        Index Cond: ((id >= 4939358) AND (id <= 4939367))

for deletes
table 1 : explain DELETE FROM sbtest1 WHERE id=934104
	Delete on sbtest1  (cost=0.43..8.45 rows=0 width=0)
	  ->  Index Scan using sbtest1_pkey on sbtest1  (cost=0.43..8.45 rows=1 width=6)
	        Index Cond: (id = 934104)

table 2 : explain DELETE FROM sbtest2 WHERE id=2062448
	Delete on sbtest2  (cost=0.43..8.45 rows=0 width=0)
	  ->  Index Scan using sbtest2_pkey on sbtest2  (cost=0.43..8.45 rows=1 width=6)
	        Index Cond: (id = 2062448)

table 3 : explain DELETE FROM sbtest3 WHERE id=5226486
	Delete on sbtest3  (cost=0.43..8.45 rows=0 width=0)
	  ->  Index Scan using sbtest3_pkey on sbtest3  (cost=0.43..8.45 rows=1 width=6)
	        Index Cond: (id = 5226486)

table 4 : explain DELETE FROM sbtest4 WHERE id=8208261
	Delete on sbtest4  (cost=0.43..8.45 rows=0 width=0)
	  ->  Index Scan using sbtest4_pkey on sbtest4  (cost=0.43..8.45 rows=1 width=6)
	        Index Cond: (id = 8208261)

table 5 : explain DELETE FROM sbtest5 WHERE id=2432216
	Delete on sbtest5  (cost=0.43..8.45 rows=0 width=0)
	  ->  Index Scan using sbtest5_pkey on sbtest5  (cost=0.43..8.45 rows=1 width=6)
	        Index Cond: (id = 2432216)

table 6 : explain DELETE FROM sbtest6 WHERE id=5619920
	Delete on sbtest6  (cost=0.43..8.45 rows=0 width=0)
	  ->  Index Scan using sbtest6_pkey on sbtest6  (cost=0.43..8.45 rows=1 width=6)
	        Index Cond: (id = 5619920)

table 7 : explain DELETE FROM sbtest7 WHERE id=5544477
	Delete on sbtest7  (cost=0.43..8.45 rows=0 width=0)
	  ->  Index Scan using sbtest7_pkey on sbtest7  (cost=0.43..8.45 rows=1 width=6)
	        Index Cond: (id = 5544477)

table 8 : explain DELETE FROM sbtest8 WHERE id=921376
	Delete on sbtest8  (cost=0.43..8.45 rows=0 width=0)
	  ->  Index Scan using sbtest8_pkey on sbtest8  (cost=0.43..8.45 rows=1 width=6)
	        Index Cond: (id = 921376)

explain: for index_updates :: explain UPDATE sbtest%u SET k=k+1 WHERE id=%u
for index_updates
table 1 : explain UPDATE sbtest1 SET k=k+1 WHERE id=4601357
	Update on sbtest1  (cost=0.43..8.46 rows=0 width=0)
	  ->  Index Scan using sbtest1_pkey on sbtest1  (cost=0.43..8.46 rows=1 width=10)
	        Index Cond: (id = 4601357)

table 2 : explain UPDATE sbtest2 SET k=k+1 WHERE id=4439273
	Update on sbtest2  (cost=0.43..8.46 rows=0 width=0)
	  ->  Index Scan using sbtest2_pkey on sbtest2  (cost=0.43..8.46 rows=1 width=10)
	        Index Cond: (id = 4439273)

table 3 : explain UPDATE sbtest3 SET k=k+1 WHERE id=5220619
	Update on sbtest3  (cost=0.43..8.46 rows=0 width=0)
	  ->  Index Scan using sbtest3_pkey on sbtest3  (cost=0.43..8.46 rows=1 width=10)
	        Index Cond: (id = 5220619)

table 4 : explain UPDATE sbtest4 SET k=k+1 WHERE id=8275583
	Update on sbtest4  (cost=0.43..8.46 rows=0 width=0)
	  ->  Index Scan using sbtest4_pkey on sbtest4  (cost=0.43..8.46 rows=1 width=10)
	        Index Cond: (id = 8275583)

table 5 : explain UPDATE sbtest5 SET k=k+1 WHERE id=6177364
	Update on sbtest5  (cost=0.43..8.46 rows=0 width=0)
	  ->  Index Scan using sbtest5_pkey on sbtest5  (cost=0.43..8.46 rows=1 width=10)
	        Index Cond: (id = 6177364)

table 6 : explain UPDATE sbtest6 SET k=k+1 WHERE id=5266960
	Update on sbtest6  (cost=0.43..8.46 rows=0 width=0)
	  ->  Index Scan using sbtest6_pkey on sbtest6  (cost=0.43..8.46 rows=1 width=10)
	        Index Cond: (id = 5266960)

table 7 : explain UPDATE sbtest7 SET k=k+1 WHERE id=6180407
	Update on sbtest7  (cost=0.43..8.46 rows=0 width=0)
	  ->  Index Scan using sbtest7_pkey on sbtest7  (cost=0.43..8.46 rows=1 width=10)
	        Index Cond: (id = 6180407)

table 8 : explain UPDATE sbtest8 SET k=k+1 WHERE id=9724411
	Update on sbtest8  (cost=0.43..8.46 rows=0 width=0)
	  ->  Index Scan using sbtest8_pkey on sbtest8  (cost=0.43..8.46 rows=1 width=10)
	        Index Cond: (id = 9724411)

for inserts
table 1 : explain INSERT INTO sbtest1 (id, k, c, pad) VALUES (7637304, 13, 'foobar', 'foobar')
	Insert on sbtest1  (cost=0.00..0.01 rows=0 width=0)
	  ->  Result  (cost=0.00..0.01 rows=1 width=736)

table 2 : explain INSERT INTO sbtest2 (id, k, c, pad) VALUES (7591004, 13, 'foobar', 'foobar')
	Insert on sbtest2  (cost=0.00..0.01 rows=0 width=0)
	  ->  Result  (cost=0.00..0.01 rows=1 width=736)

table 3 : explain INSERT INTO sbtest3 (id, k, c, pad) VALUES (1041581, 13, 'foobar', 'foobar')
	Insert on sbtest3  (cost=0.00..0.01 rows=0 width=0)
	  ->  Result  (cost=0.00..0.01 rows=1 width=736)

table 4 : explain INSERT INTO sbtest4 (id, k, c, pad) VALUES (1327604, 13, 'foobar', 'foobar')
	Insert on sbtest4  (cost=0.00..0.01 rows=0 width=0)
	  ->  Result  (cost=0.00..0.01 rows=1 width=736)

table 5 : explain INSERT INTO sbtest5 (id, k, c, pad) VALUES (2750999, 13, 'foobar', 'foobar')
	Insert on sbtest5  (cost=0.00..0.01 rows=0 width=0)
	  ->  Result  (cost=0.00..0.01 rows=1 width=736)

table 6 : explain INSERT INTO sbtest6 (id, k, c, pad) VALUES (7116265, 13, 'foobar', 'foobar')
	Insert on sbtest6  (cost=0.00..0.01 rows=0 width=0)
	  ->  Result  (cost=0.00..0.01 rows=1 width=736)

table 7 : explain INSERT INTO sbtest7 (id, k, c, pad) VALUES (4054877, 13, 'foobar', 'foobar')
	Insert on sbtest7  (cost=0.00..0.01 rows=0 width=0)
	  ->  Result  (cost=0.00..0.01 rows=1 width=736)

table 8 : explain INSERT INTO sbtest8 (id, k, c, pad) VALUES (7824783, 13, 'foobar', 'foobar')
	Insert on sbtest8  (cost=0.00..0.01 rows=0 width=0)
	  ->  Result  (cost=0.00..0.01 rows=1 width=736)

explain: for point_selects :: explain SELECT c FROM sbtest%u WHERE id=%u
explain: for point_selects :: explain SELECT c FROM sbtest%u WHERE id=%u
explain: for index_updates :: explain UPDATE sbtest%u SET k=k+1 WHERE id=%u
explain: for inserts :: explain INSERT INTO sbtest%u (id, k, c, pad) VALUES (%u, 13, 'foobar', 'foobar')
explain: for non_index_updates :: explain UPDATE sbtest%u SET c='foobar' WHERE id=%u
for: distinct_ranges
table 1 : explain SELECT DISTINCT c FROM sbtest1 WHERE id BETWEEN 9099254 AND 9099263 ORDER BY c
	Unique  (cost=38.72..38.77 rows=10 width=121)
	  ->  Sort  (cost=38.72..38.74 rows=10 width=121)
	        Sort Key: c
	        ->  Index Scan using sbtest1_pkey on sbtest1  (cost=0.43..38.55 rows=10 width=121)
	              Index Cond: ((id >= 9099254) AND (id <= 9099263))

table 2 : explain SELECT DISTINCT c FROM sbtest2 WHERE id BETWEEN 6533021 AND 6533030 ORDER BY c
	Unique  (cost=38.63..38.68 rows=10 width=121)
	  ->  Sort  (cost=38.63..38.66 rows=10 width=121)
	        Sort Key: c
	        ->  Index Scan using sbtest2_pkey on sbtest2  (cost=0.43..38.47 rows=10 width=121)
	              Index Cond: ((id >= 6533021) AND (id <= 6533030))

table 3 : explain SELECT DISTINCT c FROM sbtest3 WHERE id BETWEEN 6845168 AND 6845177 ORDER BY c
	Unique  (cost=39.28..39.33 rows=10 width=121)
	  ->  Sort  (cost=39.28..39.30 rows=10 width=121)
	        Sort Key: c
	        ->  Index Scan using sbtest3_pkey on sbtest3  (cost=0.43..39.11 rows=10 width=121)
	              Index Cond: ((id >= 6845168) AND (id <= 6845177))

table 4 : explain SELECT DISTINCT c FROM sbtest4 WHERE id BETWEEN 1744985 AND 1744994 ORDER BY c
	Unique  (cost=35.68..35.72 rows=9 width=121)
	  ->  Sort  (cost=35.68..35.70 rows=9 width=121)
	        Sort Key: c
	        ->  Index Scan using sbtest4_pkey on sbtest4  (cost=0.43..35.53 rows=9 width=121)
	              Index Cond: ((id >= 1744985) AND (id <= 1744994))

table 5 : explain SELECT DISTINCT c FROM sbtest5 WHERE id BETWEEN 3657923 AND 3657932 ORDER BY c
	Unique  (cost=39.03..39.08 rows=10 width=121)
	  ->  Sort  (cost=39.03..39.06 rows=10 width=121)
	        Sort Key: c
	        ->  Index Scan using sbtest5_pkey on sbtest5  (cost=0.43..38.87 rows=10 width=121)
	              Index Cond: ((id >= 3657923) AND (id <= 3657932))

table 6 : explain SELECT DISTINCT c FROM sbtest6 WHERE id BETWEEN 2826148 AND 2826157 ORDER BY c
	Unique  (cost=42.33..42.39 rows=11 width=121)
	  ->  Sort  (cost=42.33..42.36 rows=11 width=121)
	        Sort Key: c
	        ->  Index Scan using sbtest6_pkey on sbtest6  (cost=0.43..42.14 rows=11 width=121)
	              Index Cond: ((id >= 2826148) AND (id <= 2826157))

table 7 : explain SELECT DISTINCT c FROM sbtest7 WHERE id BETWEEN 8484322 AND 8484331 ORDER BY c
	Unique  (cost=38.90..38.95 rows=10 width=121)
	  ->  Sort  (cost=38.90..38.93 rows=10 width=121)
	        Sort Key: c
	        ->  Index Scan using sbtest7_pkey on sbtest7  (cost=0.43..38.74 rows=10 width=121)
	              Index Cond: ((id >= 8484322) AND (id <= 8484331))

table 8 : explain SELECT DISTINCT c FROM sbtest8 WHERE id BETWEEN 1184992 AND 1185001 ORDER BY c
	Unique  (cost=42.43..42.49 rows=11 width=121)
	  ->  Sort  (cost=42.43..42.46 rows=11 width=121)
	        Sort Key: c
	        ->  Index Scan using sbtest8_pkey on sbtest8  (cost=0.43..42.24 rows=11 width=121)
	              Index Cond: ((id >= 1184992) AND (id <= 1185001))

for inserts
table 1 : explain INSERT INTO sbtest1 (id, k, c, pad) VALUES (3144983, 13, 'foobar', 'foobar')
	Insert on sbtest1  (cost=0.00..0.01 rows=0 width=0)
	  ->  Result  (cost=0.00..0.01 rows=1 width=736)

table 2 : explain INSERT INTO sbtest2 (id, k, c, pad) VALUES (8968002, 13, 'foobar', 'foobar')
	Insert on sbtest2  (cost=0.00..0.01 rows=0 width=0)
	  ->  Result  (cost=0.00..0.01 rows=1 width=736)

table 3 : explain INSERT INTO sbtest3 (id, k, c, pad) VALUES (3387263, 13, 'foobar', 'foobar')
	Insert on sbtest3  (cost=0.00..0.01 rows=0 width=0)
	  ->  Result  (cost=0.00..0.01 rows=1 width=736)

table 4 : explain INSERT INTO sbtest4 (id, k, c, pad) VALUES (3737656, 13, 'foobar', 'foobar')
	Insert on sbtest4  (cost=0.00..0.01 rows=0 width=0)
	  ->  Result  (cost=0.00..0.01 rows=1 width=736)

table 5 : explain INSERT INTO sbtest5 (id, k, c, pad) VALUES (3339615, 13, 'foobar', 'foobar')
	Insert on sbtest5  (cost=0.00..0.01 rows=0 width=0)
	  ->  Result  (cost=0.00..0.01 rows=1 width=736)

table 6 : explain INSERT INTO sbtest6 (id, k, c, pad) VALUES (8559124, 13, 'foobar', 'foobar')
	Insert on sbtest6  (cost=0.00..0.01 rows=0 width=0)
	  ->  Result  (cost=0.00..0.01 rows=1 width=736)

table 7 : explain INSERT INTO sbtest7 (id, k, c, pad) VALUES (6627370, 13, 'foobar', 'foobar')
	Insert on sbtest7  (cost=0.00..0.01 rows=0 width=0)
	  ->  Result  (cost=0.00..0.01 rows=1 width=736)

table 8 : explain INSERT INTO sbtest8 (id, k, c, pad) VALUES (46359, 13, 'foobar', 'foobar')
	Insert on sbtest8  (cost=0.00..0.01 rows=0 width=0)
	  ->  Result  (cost=0.00..0.01 rows=1 width=736)

explain: for index_updates :: explain UPDATE sbtest%u SET k=k+1 WHERE id=%u
for non_index_updates
table 1 : explain UPDATE sbtest1 SET c='foobar' WHERE id=4907955
	Update on sbtest1  (cost=0.43..8.45 rows=0 width=0)
	  ->  Index Scan using sbtest1_pkey on sbtest1  (cost=0.43..8.45 rows=1 width=490)
	        Index Cond: (id = 4907955)

table 2 : explain UPDATE sbtest2 SET c='foobar' WHERE id=5125475
	Update on sbtest2  (cost=0.43..8.45 rows=0 width=0)
	  ->  Index Scan using sbtest2_pkey on sbtest2  (cost=0.43..8.45 rows=1 width=490)
	        Index Cond: (id = 5125475)

table 3 : explain UPDATE sbtest3 SET c='foobar' WHERE id=5477008
	Update on sbtest3  (cost=0.43..8.45 rows=0 width=0)
	  ->  Index Scan using sbtest3_pkey on sbtest3  (cost=0.43..8.45 rows=1 width=490)
	        Index Cond: (id = 5477008)

table 4 : explain UPDATE sbtest4 SET c='foobar' WHERE id=640521
	Update on sbtest4  (cost=0.43..8.45 rows=0 width=0)
	  ->  Index Scan using sbtest4_pkey on sbtest4  (cost=0.43..8.45 rows=1 width=490)
	        Index Cond: (id = 640521)

table 5 : explain UPDATE sbtest5 SET c='foobar' WHERE id=359726
	Update on sbtest5  (cost=0.43..8.45 rows=0 width=0)
	  ->  Index Scan using sbtest5_pkey on sbtest5  (cost=0.43..8.45 rows=1 width=490)
	        Index Cond: (id = 359726)

table 6 : explain UPDATE sbtest6 SET c='foobar' WHERE id=5210904
	Update on sbtest6  (cost=0.43..8.45 rows=0 width=0)
	  ->  Index Scan using sbtest6_pkey on sbtest6  (cost=0.43..8.45 rows=1 width=490)
	        Index Cond: (id = 5210904)

table 7 : explain UPDATE sbtest7 SET c='foobar' WHERE id=5659212
	Update on sbtest7  (cost=0.43..8.45 rows=0 width=0)
	  ->  Index Scan using sbtest7_pkey on sbtest7  (cost=0.43..8.45 rows=1 width=490)
	        Index Cond: (id = 5659212)

table 8 : explain UPDATE sbtest8 SET c='foobar' WHERE id=6669409
	Update on sbtest8  (cost=0.43..8.45 rows=0 width=0)
	  ->  Index Scan using sbtest8_pkey on sbtest8  (cost=0.43..8.45 rows=1 width=490)
	        Index Cond: (id = 6669409)

for: distinct_ranges
table 1 : explain SELECT DISTINCT c FROM sbtest1 WHERE id BETWEEN 2682383 AND 2682392 ORDER BY c
	Unique  (cost=45.45..45.51 rows=12 width=121)
	  ->  Sort  (cost=45.45..45.48 rows=12 width=121)
	        Sort Key: c
	        ->  Index Scan using sbtest1_pkey on sbtest1  (cost=0.43..45.24 rows=12 width=121)
	              Index Cond: ((id >= 2682383) AND (id <= 2682392))

table 2 : explain SELECT DISTINCT c FROM sbtest2 WHERE id BETWEEN 5890021 AND 5890030 ORDER BY c
	Unique  (cost=38.63..38.68 rows=10 width=121)
	  ->  Sort  (cost=38.63..38.66 rows=10 width=121)
	        Sort Key: c
	        ->  Index Scan using sbtest2_pkey on sbtest2  (cost=0.43..38.47 rows=10 width=121)
	              Index Cond: ((id >= 5890021) AND (id <= 5890030))

table 3 : explain SELECT DISTINCT c FROM sbtest3 WHERE id BETWEEN 2264211 AND 2264220 ORDER BY c
	Unique  (cost=42.71..42.76 rows=11 width=121)
	  ->  Sort  (cost=42.71..42.74 rows=11 width=121)
	        Sort Key: c
	        ->  Index Scan using sbtest3_pkey on sbtest3  (cost=0.43..42.52 rows=11 width=121)
	              Index Cond: ((id >= 2264211) AND (id <= 2264220))

table 4 : explain SELECT DISTINCT c FROM sbtest4 WHERE id BETWEEN 3517517 AND 3517526 ORDER BY c
	Unique  (cost=39.09..39.14 rows=10 width=121)
	  ->  Sort  (cost=39.09..39.11 rows=10 width=121)
	        Sort Key: c
	        ->  Index Scan using sbtest4_pkey on sbtest4  (cost=0.43..38.92 rows=10 width=121)
	              Index Cond: ((id >= 3517517) AND (id <= 3517526))

table 5 : explain SELECT DISTINCT c FROM sbtest5 WHERE id BETWEEN 5315446 AND 5315455 ORDER BY c
	Unique  (cost=42.44..42.49 rows=11 width=121)
	  ->  Sort  (cost=42.44..42.46 rows=11 width=121)
	        Sort Key: c
	        ->  Index Scan using sbtest5_pkey on sbtest5  (cost=0.43..42.25 rows=11 width=121)
	              Index Cond: ((id >= 5315446) AND (id <= 5315455))

table 6 : explain SELECT DISTINCT c FROM sbtest6 WHERE id BETWEEN 6037396 AND 6037405 ORDER BY c
	Unique  (cost=38.94..38.99 rows=10 width=121)
	  ->  Sort  (cost=38.94..38.96 rows=10 width=121)
	        Sort Key: c
	        ->  Index Scan using sbtest6_pkey on sbtest6  (cost=0.43..38.77 rows=10 width=121)
	              Index Cond: ((id >= 6037396) AND (id <= 6037405))

table 7 : explain SELECT DISTINCT c FROM sbtest7 WHERE id BETWEEN 3615263 AND 3615272 ORDER BY c
	Unique  (cost=35.52..35.56 rows=9 width=121)
	  ->  Sort  (cost=35.52..35.54 rows=9 width=121)
	        Sort Key: c
	        ->  Index Scan using sbtest7_pkey on sbtest7  (cost=0.43..35.37 rows=9 width=121)
	              Index Cond: ((id >= 3615263) AND (id <= 3615272))

table 8 : explain SELECT DISTINCT c FROM sbtest8 WHERE id BETWEEN 617481 AND 617490 ORDER BY c
	Unique  (cost=39.03..39.08 rows=10 width=121)
	  ->  Sort  (cost=39.03..39.06 rows=10 width=121)
	        Sort Key: c
	        ->  Index Scan using sbtest8_pkey on sbtest8  (cost=0.43..38.87 rows=10 width=121)
	              Index Cond: ((id >= 617481) AND (id <= 617490))

for index_updates
table 1 : explain UPDATE sbtest1 SET k=k+1 WHERE id=8243399
	Update on sbtest1  (cost=0.43..8.46 rows=0 width=0)
	  ->  Index Scan using sbtest1_pkey on sbtest1  (cost=0.43..8.46 rows=1 width=10)
	        Index Cond: (id = 8243399)

table 2 : explain UPDATE sbtest2 SET k=k+1 WHERE id=5882600
	Update on sbtest2  (cost=0.43..8.46 rows=0 width=0)
	  ->  Index Scan using sbtest2_pkey on sbtest2  (cost=0.43..8.46 rows=1 width=10)
	        Index Cond: (id = 5882600)

table 3 : explain UPDATE sbtest3 SET k=k+1 WHERE id=405972
	Update on sbtest3  (cost=0.43..8.46 rows=0 width=0)
	  ->  Index Scan using sbtest3_pkey on sbtest3  (cost=0.43..8.46 rows=1 width=10)
	        Index Cond: (id = 405972)

table 4 : explain UPDATE sbtest4 SET k=k+1 WHERE id=5928335
	Update on sbtest4  (cost=0.43..8.46 rows=0 width=0)
	  ->  Index Scan using sbtest4_pkey on sbtest4  (cost=0.43..8.46 rows=1 width=10)
	        Index Cond: (id = 5928335)

table 5 : explain UPDATE sbtest5 SET k=k+1 WHERE id=8145230
	Update on sbtest5  (cost=0.43..8.46 rows=0 width=0)
	  ->  Index Scan using sbtest5_pkey on sbtest5  (cost=0.43..8.46 rows=1 width=10)
	        Index Cond: (id = 8145230)

table 6 : explain UPDATE sbtest6 SET k=k+1 WHERE id=1466910
	Update on sbtest6  (cost=0.43..8.46 rows=0 width=0)
	  ->  Index Scan using sbtest6_pkey on sbtest6  (cost=0.43..8.46 rows=1 width=10)
	        Index Cond: (id = 1466910)

table 7 : explain UPDATE sbtest7 SET k=k+1 WHERE id=1856208
	Update on sbtest7  (cost=0.43..8.46 rows=0 width=0)
	  ->  Index Scan using sbtest7_pkey on sbtest7  (cost=0.43..8.46 rows=1 width=10)
	        Index Cond: (id = 1856208)

table 8 : explain UPDATE sbtest8 SET k=k+1 WHERE id=7858582
	Update on sbtest8  (cost=0.43..8.46 rows=0 width=0)
	  ->  Index Scan using sbtest8_pkey on sbtest8  (cost=0.43..8.46 rows=1 width=10)
	        Index Cond: (id = 7858582)

explain: for deletes :: explain DELETE FROM sbtest%u WHERE id=%u
for index_updates
table 1 : explain UPDATE sbtest1 SET k=k+1 WHERE id=5237063
	Update on sbtest1  (cost=0.43..8.46 rows=0 width=0)
	  ->  Index Scan using sbtest1_pkey on sbtest1  (cost=0.43..8.46 rows=1 width=10)
	        Index Cond: (id = 5237063)

table 2 : explain UPDATE sbtest2 SET k=k+1 WHERE id=1909088
	Update on sbtest2  (cost=0.43..8.46 rows=0 width=0)
	  ->  Index Scan using sbtest2_pkey on sbtest2  (cost=0.43..8.46 rows=1 width=10)
	        Index Cond: (id = 1909088)

table 3 : explain UPDATE sbtest3 SET k=k+1 WHERE id=9482362
	Update on sbtest3  (cost=0.43..8.46 rows=0 width=0)
	  ->  Index Scan using sbtest3_pkey on sbtest3  (cost=0.43..8.46 rows=1 width=10)
	        Index Cond: (id = 9482362)

table 4 : explain UPDATE sbtest4 SET k=k+1 WHERE id=1307074
	Update on sbtest4  (cost=0.43..8.46 rows=0 width=0)
	  ->  Index Scan using sbtest4_pkey on sbtest4  (cost=0.43..8.46 rows=1 width=10)
	        Index Cond: (id = 1307074)

table 5 : explain UPDATE sbtest5 SET k=k+1 WHERE id=5929988
	Update on sbtest5  (cost=0.43..8.46 rows=0 width=0)
	  ->  Index Scan using sbtest5_pkey on sbtest5  (cost=0.43..8.46 rows=1 width=10)
	        Index Cond: (id = 5929988)

table 6 : explain UPDATE sbtest6 SET k=k+1 WHERE id=486320
	Update on sbtest6  (cost=0.43..8.46 rows=0 width=0)
	  ->  Index Scan using sbtest6_pkey on sbtest6  (cost=0.43..8.46 rows=1 width=10)
	        Index Cond: (id = 486320)

table 7 : explain UPDATE sbtest7 SET k=k+1 WHERE id=1731672
	Update on sbtest7  (cost=0.43..8.46 rows=0 width=0)
	  ->  Index Scan using sbtest7_pkey on sbtest7  (cost=0.43..8.46 rows=1 width=10)
	        Index Cond: (id = 1731672)

table 8 : explain UPDATE sbtest8 SET k=k+1 WHERE id=2259694
	Update on sbtest8  (cost=0.43..8.46 rows=0 width=0)
	  ->  Index Scan using sbtest8_pkey on sbtest8  (cost=0.43..8.46 rows=1 width=10)
	        Index Cond: (id = 2259694)

explain: for index_updates :: explain UPDATE sbtest%u SET k=k+1 WHERE id=%u
for point_selects
table 1 : explain SELECT c FROM sbtest1 WHERE id=1506001
	Index Scan using sbtest1_pkey on sbtest1  (cost=0.43..8.45 rows=1 width=121)
	  Index Cond: (id = 1506001)

table 2 : explain SELECT c FROM sbtest2 WHERE id=1349069
	Index Scan using sbtest2_pkey on sbtest2  (cost=0.43..8.45 rows=1 width=121)
	  Index Cond: (id = 1349069)

table 3 : explain SELECT c FROM sbtest3 WHERE id=6245373
	Index Scan using sbtest3_pkey on sbtest3  (cost=0.43..8.45 rows=1 width=121)
	  Index Cond: (id = 6245373)

table 4 : explain SELECT c FROM sbtest4 WHERE id=4076559
	Index Scan using sbtest4_pkey on sbtest4  (cost=0.43..8.45 rows=1 width=121)
	  Index Cond: (id = 4076559)

table 5 : explain SELECT c FROM sbtest5 WHERE id=8960373
	Index Scan using sbtest5_pkey on sbtest5  (cost=0.43..8.45 rows=1 width=121)
	  Index Cond: (id = 8960373)

table 6 : explain SELECT c FROM sbtest6 WHERE id=1786705
	Index Scan using sbtest6_pkey on sbtest6  (cost=0.43..8.45 rows=1 width=121)
	  Index Cond: (id = 1786705)

table 7 : explain SELECT c FROM sbtest7 WHERE id=1711815
	Index Scan using sbtest7_pkey on sbtest7  (cost=0.43..8.45 rows=1 width=121)
	  Index Cond: (id = 1711815)

table 8 : explain SELECT c FROM sbtest8 WHERE id=3885772
	Index Scan using sbtest8_pkey on sbtest8  (cost=0.43..8.45 rows=1 width=121)
	  Index Cond: (id = 3885772)

for index_updates
table 1 : explain UPDATE sbtest1 SET k=k+1 WHERE id=2463524
	Update on sbtest1  (cost=0.43..8.46 rows=0 width=0)
	  ->  Index Scan using sbtest1_pkey on sbtest1  (cost=0.43..8.46 rows=1 width=10)
	        Index Cond: (id = 2463524)

table 2 : explain UPDATE sbtest2 SET k=k+1 WHERE id=4135086
	Update on sbtest2  (cost=0.43..8.46 rows=0 width=0)
	  ->  Index Scan using sbtest2_pkey on sbtest2  (cost=0.43..8.46 rows=1 width=10)
	        Index Cond: (id = 4135086)

table 3 : explain UPDATE sbtest3 SET k=k+1 WHERE id=7633391
	Update on sbtest3  (cost=0.43..8.46 rows=0 width=0)
	  ->  Index Scan using sbtest3_pkey on sbtest3  (cost=0.43..8.46 rows=1 width=10)
	        Index Cond: (id = 7633391)

table 4 : explain UPDATE sbtest4 SET k=k+1 WHERE id=3473328
	Update on sbtest4  (cost=0.43..8.46 rows=0 width=0)
	  ->  Index Scan using sbtest4_pkey on sbtest4  (cost=0.43..8.46 rows=1 width=10)
	        Index Cond: (id = 3473328)

table 5 : explain UPDATE sbtest5 SET k=k+1 WHERE id=8876806
	Update on sbtest5  (cost=0.43..8.46 rows=0 width=0)
	  ->  Index Scan using sbtest5_pkey on sbtest5  (cost=0.43..8.46 rows=1 width=10)
	        Index Cond: (id = 8876806)

table 6 : explain UPDATE sbtest6 SET k=k+1 WHERE id=9510382
	Update on sbtest6  (cost=0.43..8.46 rows=0 width=0)
	  ->  Index Scan using sbtest6_pkey on sbtest6  (cost=0.43..8.46 rows=1 width=10)
	        Index Cond: (id = 9510382)

table 7 : explain UPDATE sbtest7 SET k=k+1 WHERE id=157822
	Update on sbtest7  (cost=0.43..8.46 rows=0 width=0)
	  ->  Index Scan using sbtest7_pkey on sbtest7  (cost=0.43..8.46 rows=1 width=10)
	        Index Cond: (id = 157822)

table 8 : explain UPDATE sbtest8 SET k=k+1 WHERE id=4037268
	Update on sbtest8  (cost=0.43..8.46 rows=0 width=0)
	  ->  Index Scan using sbtest8_pkey on sbtest8  (cost=0.43..8.46 rows=1 width=10)
	        Index Cond: (id = 4037268)

for deletes
table 1 : explain DELETE FROM sbtest1 WHERE id=3816635
	Delete on sbtest1  (cost=0.43..8.45 rows=0 width=0)
	  ->  Index Scan using sbtest1_pkey on sbtest1  (cost=0.43..8.45 rows=1 width=6)
	        Index Cond: (id = 3816635)

table 2 : explain DELETE FROM sbtest2 WHERE id=4047357
	Delete on sbtest2  (cost=0.43..8.45 rows=0 width=0)
	  ->  Index Scan using sbtest2_pkey on sbtest2  (cost=0.43..8.45 rows=1 width=6)
	        Index Cond: (id = 4047357)

table 3 : explain DELETE FROM sbtest3 WHERE id=8709235
	Delete on sbtest3  (cost=0.43..8.45 rows=0 width=0)
	  ->  Index Scan using sbtest3_pkey on sbtest3  (cost=0.43..8.45 rows=1 width=6)
	        Index Cond: (id = 8709235)

table 4 : explain DELETE FROM sbtest4 WHERE id=8079049
	Delete on sbtest4  (cost=0.43..8.45 rows=0 width=0)
	  ->  Index Scan using sbtest4_pkey on sbtest4  (cost=0.43..8.45 rows=1 width=6)
	        Index Cond: (id = 8079049)

table 5 : explain DELETE FROM sbtest5 WHERE id=2953489
	Delete on sbtest5  (cost=0.43..8.45 rows=0 width=0)
	  ->  Index Scan using sbtest5_pkey on sbtest5  (cost=0.43..8.45 rows=1 width=6)
	        Index Cond: (id = 2953489)

table 6 : explain DELETE FROM sbtest6 WHERE id=7767234
	Delete on sbtest6  (cost=0.43..8.45 rows=0 width=0)
	  ->  Index Scan using sbtest6_pkey on sbtest6  (cost=0.43..8.45 rows=1 width=6)
	        Index Cond: (id = 7767234)

table 7 : explain DELETE FROM sbtest7 WHERE id=9504664
	Delete on sbtest7  (cost=0.43..8.45 rows=0 width=0)
	  ->  Index Scan using sbtest7_pkey on sbtest7  (cost=0.43..8.45 rows=1 width=6)
	        Index Cond: (id = 9504664)

table 8 : explain DELETE FROM sbtest8 WHERE id=9452896
	Delete on sbtest8  (cost=0.43..8.45 rows=0 width=0)
	  ->  Index Scan using sbtest8_pkey on sbtest8  (cost=0.43..8.45 rows=1 width=6)
	        Index Cond: (id = 9452896)

explain: for non_index_updates :: explain UPDATE sbtest%u SET c='foobar' WHERE id=%u
for: distinct_ranges
table 1 : explain SELECT DISTINCT c FROM sbtest1 WHERE id BETWEEN 681228 AND 681237 ORDER BY c
	Unique  (cost=38.72..38.77 rows=10 width=121)
	  ->  Sort  (cost=38.72..38.74 rows=10 width=121)
	        Sort Key: c
	        ->  Index Scan using sbtest1_pkey on sbtest1  (cost=0.43..38.55 rows=10 width=121)
	              Index Cond: ((id >= 681228) AND (id <= 681237))

table 2 : explain SELECT DISTINCT c FROM sbtest2 WHERE id BETWEEN 1829975 AND 1829984 ORDER BY c
	Unique  (cost=38.63..38.68 rows=10 width=121)
	  ->  Sort  (cost=38.63..38.66 rows=10 width=121)
	        Sort Key: c
	        ->  Index Scan using sbtest2_pkey on sbtest2  (cost=0.43..38.47 rows=10 width=121)
	              Index Cond: ((id >= 1829975) AND (id <= 1829984))

table 3 : explain SELECT DISTINCT c FROM sbtest3 WHERE id BETWEEN 9386354 AND 9386363 ORDER BY c
	Unique  (cost=42.71..42.76 rows=11 width=121)
	  ->  Sort  (cost=42.71..42.74 rows=11 width=121)
	        Sort Key: c
	        ->  Index Scan using sbtest3_pkey on sbtest3  (cost=0.43..42.52 rows=11 width=121)
	              Index Cond: ((id >= 9386354) AND (id <= 9386363))

table 4 : explain SELECT DISTINCT c FROM sbtest4 WHERE id BETWEEN 9998928 AND 9998937 ORDER BY c
	Unique  (cost=35.68..35.72 rows=9 width=121)
	  ->  Sort  (cost=35.68..35.70 rows=9 width=121)
	        Sort Key: c
	        ->  Index Scan using sbtest4_pkey on sbtest4  (cost=0.43..35.53 rows=9 width=121)
	              Index Cond: ((id >= 9998928) AND (id <= 9998937))

table 5 : explain SELECT DISTINCT c FROM sbtest5 WHERE id BETWEEN 6079177 AND 6079186 ORDER BY c
	Unique  (cost=39.03..39.08 rows=10 width=121)
	  ->  Sort  (cost=39.03..39.06 rows=10 width=121)
	        Sort Key: c
	        ->  Index Scan using sbtest5_pkey on sbtest5  (cost=0.43..38.87 rows=10 width=121)
	              Index Cond: ((id >= 6079177) AND (id <= 6079186))

table 6 : explain SELECT DISTINCT c FROM sbtest6 WHERE id BETWEEN 7843355 AND 7843364 ORDER BY c
	Unique  (cost=38.94..38.99 rows=10 width=121)
	  ->  Sort  (cost=38.94..38.96 rows=10 width=121)
	        Sort Key: c
	        ->  Index Scan using sbtest6_pkey on sbtest6  (cost=0.43..38.77 rows=10 width=121)
	              Index Cond: ((id >= 7843355) AND (id <= 7843364))

table 7 : explain SELECT DISTINCT c FROM sbtest7 WHERE id BETWEEN 9240782 AND 9240791 ORDER BY c
	Unique  (cost=38.90..38.95 rows=10 width=121)
	  ->  Sort  (cost=38.90..38.93 rows=10 width=121)
	        Sort Key: c
	        ->  Index Scan using sbtest7_pkey on sbtest7  (cost=0.43..38.74 rows=10 width=121)
	              Index Cond: ((id >= 9240782) AND (id <= 9240791))

table 8 : explain SELECT DISTINCT c FROM sbtest8 WHERE id BETWEEN 3788376 AND 3788385 ORDER BY c
	Unique  (cost=42.43..42.49 rows=11 width=121)
	  ->  Sort  (cost=42.43..42.46 rows=11 width=121)
	        Sort Key: c
	        ->  Index Scan using sbtest8_pkey on sbtest8  (cost=0.43..42.24 rows=11 width=121)
	              Index Cond: ((id >= 3788376) AND (id <= 3788385))

explain: for non_index_updates :: explain UPDATE sbtest%u SET c='foobar' WHERE id=%u
explain: for index_updates :: explain UPDATE sbtest%u SET k=k+1 WHERE id=%u
explain: for inserts :: explain INSERT INTO sbtest%u (id, k, c, pad) VALUES (%u, 13, 'foobar', 'foobar')
for point_selects
table 1 : explain SELECT c FROM sbtest1 WHERE id=8294239
	Index Scan using sbtest1_pkey on sbtest1  (cost=0.43..8.45 rows=1 width=121)
	  Index Cond: (id = 8294239)

table 2 : explain SELECT c FROM sbtest2 WHERE id=7534122
	Index Scan using sbtest2_pkey on sbtest2  (cost=0.43..8.45 rows=1 width=121)
	  Index Cond: (id = 7534122)

table 3 : explain SELECT c FROM sbtest3 WHERE id=6768949
	Index Scan using sbtest3_pkey on sbtest3  (cost=0.43..8.45 rows=1 width=121)
	  Index Cond: (id = 6768949)

table 4 : explain SELECT c FROM sbtest4 WHERE id=8348287
	Index Scan using sbtest4_pkey on sbtest4  (cost=0.43..8.45 rows=1 width=121)
	  Index Cond: (id = 8348287)

table 5 : explain SELECT c FROM sbtest5 WHERE id=9832719
	Index Scan using sbtest5_pkey on sbtest5  (cost=0.43..8.45 rows=1 width=121)
	  Index Cond: (id = 9832719)

table 6 : explain SELECT c FROM sbtest6 WHERE id=7184673
	Index Scan using sbtest6_pkey on sbtest6  (cost=0.43..8.45 rows=1 width=121)
	  Index Cond: (id = 7184673)

table 7 : explain SELECT c FROM sbtest7 WHERE id=5730518
	Index Scan using sbtest7_pkey on sbtest7  (cost=0.43..8.45 rows=1 width=121)
	  Index Cond: (id = 5730518)

table 8 : explain SELECT c FROM sbtest8 WHERE id=2695822
	Index Scan using sbtest8_pkey on sbtest8  (cost=0.43..8.45 rows=1 width=121)
	  Index Cond: (id = 2695822)

for non_index_updates
table 1 : explain UPDATE sbtest1 SET c='foobar' WHERE id=7242475
	Update on sbtest1  (cost=0.43..8.45 rows=0 width=0)
	  ->  Index Scan using sbtest1_pkey on sbtest1  (cost=0.43..8.45 rows=1 width=490)
	        Index Cond: (id = 7242475)

table 2 : explain UPDATE sbtest2 SET c='foobar' WHERE id=9558596
	Update on sbtest2  (cost=0.43..8.45 rows=0 width=0)
	  ->  Index Scan using sbtest2_pkey on sbtest2  (cost=0.43..8.45 rows=1 width=490)
	        Index Cond: (id = 9558596)

table 3 : explain UPDATE sbtest3 SET c='foobar' WHERE id=4683680
	Update on sbtest3  (cost=0.43..8.45 rows=0 width=0)
	  ->  Index Scan using sbtest3_pkey on sbtest3  (cost=0.43..8.45 rows=1 width=490)
	        Index Cond: (id = 4683680)

table 4 : explain UPDATE sbtest4 SET c='foobar' WHERE id=8130083
	Update on sbtest4  (cost=0.43..8.45 rows=0 width=0)
	  ->  Index Scan using sbtest4_pkey on sbtest4  (cost=0.43..8.45 rows=1 width=490)
	        Index Cond: (id = 8130083)

table 5 : explain UPDATE sbtest5 SET c='foobar' WHERE id=2065437
	Update on sbtest5  (cost=0.43..8.45 rows=0 width=0)
	  ->  Index Scan using sbtest5_pkey on sbtest5  (cost=0.43..8.45 rows=1 width=490)
	        Index Cond: (id = 2065437)

table 6 : explain UPDATE sbtest6 SET c='foobar' WHERE id=3427092
	Update on sbtest6  (cost=0.43..8.45 rows=0 width=0)
	  ->  Index Scan using sbtest6_pkey on sbtest6  (cost=0.43..8.45 rows=1 width=490)
	        Index Cond: (id = 3427092)

table 7 : explain UPDATE sbtest7 SET c='foobar' WHERE id=9378388
	Update on sbtest7  (cost=0.43..8.45 rows=0 width=0)
	  ->  Index Scan using sbtest7_pkey on sbtest7  (cost=0.43..8.45 rows=1 width=490)
	        Index Cond: (id = 9378388)

table 8 : explain UPDATE sbtest8 SET c='foobar' WHERE id=9745113
	Update on sbtest8  (cost=0.43..8.45 rows=0 width=0)
	  ->  Index Scan using sbtest8_pkey on sbtest8  (cost=0.43..8.45 rows=1 width=490)
	        Index Cond: (id = 9745113)

explain: for non_index_updates :: explain UPDATE sbtest%u SET c='foobar' WHERE id=%u
explain: for point_selects :: explain SELECT c FROM sbtest%u WHERE id=%u
for index_updates
table 1 : explain UPDATE sbtest1 SET k=k+1 WHERE id=957461
	Update on sbtest1  (cost=0.43..8.46 rows=0 width=0)
	  ->  Index Scan using sbtest1_pkey on sbtest1  (cost=0.43..8.46 rows=1 width=10)
	        Index Cond: (id = 957461)

table 2 : explain UPDATE sbtest2 SET k=k+1 WHERE id=3972907
	Update on sbtest2  (cost=0.43..8.46 rows=0 width=0)
	  ->  Index Scan using sbtest2_pkey on sbtest2  (cost=0.43..8.46 rows=1 width=10)
	        Index Cond: (id = 3972907)

table 3 : explain UPDATE sbtest3 SET k=k+1 WHERE id=728743
	Update on sbtest3  (cost=0.43..8.46 rows=0 width=0)
	  ->  Index Scan using sbtest3_pkey on sbtest3  (cost=0.43..8.46 rows=1 width=10)
	        Index Cond: (id = 728743)

table 4 : explain UPDATE sbtest4 SET k=k+1 WHERE id=4864699
	Update on sbtest4  (cost=0.43..8.46 rows=0 width=0)
	  ->  Index Scan using sbtest4_pkey on sbtest4  (cost=0.43..8.46 rows=1 width=10)
	        Index Cond: (id = 4864699)

table 5 : explain UPDATE sbtest5 SET k=k+1 WHERE id=222987
	Update on sbtest5  (cost=0.43..8.46 rows=0 width=0)
	  ->  Index Scan using sbtest5_pkey on sbtest5  (cost=0.43..8.46 rows=1 width=10)
	        Index Cond: (id = 222987)

table 6 : explain UPDATE sbtest6 SET k=k+1 WHERE id=8705534
	Update on sbtest6  (cost=0.43..8.46 rows=0 width=0)
	  ->  Index Scan using sbtest6_pkey on sbtest6  (cost=0.43..8.46 rows=1 width=10)
	        Index Cond: (id = 8705534)

table 7 : explain UPDATE sbtest7 SET k=k+1 WHERE id=3288375
	Update on sbtest7  (cost=0.43..8.46 rows=0 width=0)
	  ->  Index Scan using sbtest7_pkey on sbtest7  (cost=0.43..8.46 rows=1 width=10)
	        Index Cond: (id = 3288375)

table 8 : explain UPDATE sbtest8 SET k=k+1 WHERE id=8978510
	Update on sbtest8  (cost=0.43..8.46 rows=0 width=0)
	  ->  Index Scan using sbtest8_pkey on sbtest8  (cost=0.43..8.46 rows=1 width=10)
	        Index Cond: (id = 8978510)

for inserts
table 1 : explain INSERT INTO sbtest1 (id, k, c, pad) VALUES (9975210, 13, 'foobar', 'foobar')
	Insert on sbtest1  (cost=0.00..0.01 rows=0 width=0)
	  ->  Result  (cost=0.00..0.01 rows=1 width=736)

table 2 : explain INSERT INTO sbtest2 (id, k, c, pad) VALUES (2115373, 13, 'foobar', 'foobar')
	Insert on sbtest2  (cost=0.00..0.01 rows=0 width=0)
	  ->  Result  (cost=0.00..0.01 rows=1 width=736)

table 3 : explain INSERT INTO sbtest3 (id, k, c, pad) VALUES (4682528, 13, 'foobar', 'foobar')
	Insert on sbtest3  (cost=0.00..0.01 rows=0 width=0)
	  ->  Result  (cost=0.00..0.01 rows=1 width=736)

table 4 : explain INSERT INTO sbtest4 (id, k, c, pad) VALUES (2479879, 13, 'foobar', 'foobar')
	Insert on sbtest4  (cost=0.00..0.01 rows=0 width=0)
	  ->  Result  (cost=0.00..0.01 rows=1 width=736)

table 5 : explain INSERT INTO sbtest5 (id, k, c, pad) VALUES (6277171, 13, 'foobar', 'foobar')
	Insert on sbtest5  (cost=0.00..0.01 rows=0 width=0)
	  ->  Result  (cost=0.00..0.01 rows=1 width=736)

table 6 : explain INSERT INTO sbtest6 (id, k, c, pad) VALUES (1149183, 13, 'foobar', 'foobar')
	Insert on sbtest6  (cost=0.00..0.01 rows=0 width=0)
	  ->  Result  (cost=0.00..0.01 rows=1 width=736)

table 7 : explain INSERT INTO sbtest7 (id, k, c, pad) VALUES (1593201, 13, 'foobar', 'foobar')
	Insert on sbtest7  (cost=0.00..0.01 rows=0 width=0)
	  ->  Result  (cost=0.00..0.01 rows=1 width=736)

table 8 : explain INSERT INTO sbtest8 (id, k, c, pad) VALUES (9024530, 13, 'foobar', 'foobar')
	Insert on sbtest8  (cost=0.00..0.01 rows=0 width=0)
	  ->  Result  (cost=0.00..0.01 rows=1 width=736)

explain: for deletes :: explain DELETE FROM sbtest%u WHERE id=%u
explain: for point_selects :: explain SELECT c FROM sbtest%u WHERE id=%u
for index_updates
table 1 : explain UPDATE sbtest1 SET k=k+1 WHERE id=8501643
	Update on sbtest1  (cost=0.43..8.46 rows=0 width=0)
	  ->  Index Scan using sbtest1_pkey on sbtest1  (cost=0.43..8.46 rows=1 width=10)
	        Index Cond: (id = 8501643)

table 2 : explain UPDATE sbtest2 SET k=k+1 WHERE id=9688927
	Update on sbtest2  (cost=0.43..8.46 rows=0 width=0)
	  ->  Index Scan using sbtest2_pkey on sbtest2  (cost=0.43..8.46 rows=1 width=10)
	        Index Cond: (id = 9688927)

table 3 : explain UPDATE sbtest3 SET k=k+1 WHERE id=1590091
	Update on sbtest3  (cost=0.43..8.46 rows=0 width=0)
	  ->  Index Scan using sbtest3_pkey on sbtest3  (cost=0.43..8.46 rows=1 width=10)
	        Index Cond: (id = 1590091)

table 4 : explain UPDATE sbtest4 SET k=k+1 WHERE id=7263812
	Update on sbtest4  (cost=0.43..8.46 rows=0 width=0)
	  ->  Index Scan using sbtest4_pkey on sbtest4  (cost=0.43..8.46 rows=1 width=10)
	        Index Cond: (id = 7263812)

table 5 : explain UPDATE sbtest5 SET k=k+1 WHERE id=1286572
	Update on sbtest5  (cost=0.43..8.46 rows=0 width=0)
	  ->  Index Scan using sbtest5_pkey on sbtest5  (cost=0.43..8.46 rows=1 width=10)
	        Index Cond: (id = 1286572)

table 6 : explain UPDATE sbtest6 SET k=k+1 WHERE id=8779720
	Update on sbtest6  (cost=0.43..8.46 rows=0 width=0)
	  ->  Index Scan using sbtest6_pkey on sbtest6  (cost=0.43..8.46 rows=1 width=10)
	        Index Cond: (id = 8779720)

table 7 : explain UPDATE sbtest7 SET k=k+1 WHERE id=5284997
	Update on sbtest7  (cost=0.43..8.46 rows=0 width=0)
	  ->  Index Scan using sbtest7_pkey on sbtest7  (cost=0.43..8.46 rows=1 width=10)
	        Index Cond: (id = 5284997)

table 8 : explain UPDATE sbtest8 SET k=k+1 WHERE id=9825867
	Update on sbtest8  (cost=0.43..8.46 rows=0 width=0)
	  ->  Index Scan using sbtest8_pkey on sbtest8  (cost=0.43..8.46 rows=1 width=10)
	        Index Cond: (id = 9825867)

for non_index_updates
table 1 : explain UPDATE sbtest1 SET c='foobar' WHERE id=2148523
	Update on sbtest1  (cost=0.43..8.45 rows=0 width=0)
	  ->  Index Scan using sbtest1_pkey on sbtest1  (cost=0.43..8.45 rows=1 width=490)
	        Index Cond: (id = 2148523)

table 2 : explain UPDATE sbtest2 SET c='foobar' WHERE id=8972711
	Update on sbtest2  (cost=0.43..8.45 rows=0 width=0)
	  ->  Index Scan using sbtest2_pkey on sbtest2  (cost=0.43..8.45 rows=1 width=490)
	        Index Cond: (id = 8972711)

table 3 : explain UPDATE sbtest3 SET c='foobar' WHERE id=6105385
	Update on sbtest3  (cost=0.43..8.45 rows=0 width=0)
	  ->  Index Scan using sbtest3_pkey on sbtest3  (cost=0.43..8.45 rows=1 width=490)
	        Index Cond: (id = 6105385)

table 4 : explain UPDATE sbtest4 SET c='foobar' WHERE id=417341
	Update on sbtest4  (cost=0.43..8.45 rows=0 width=0)
	  ->  Index Scan using sbtest4_pkey on sbtest4  (cost=0.43..8.45 rows=1 width=490)
	        Index Cond: (id = 417341)

table 5 : explain UPDATE sbtest5 SET c='foobar' WHERE id=3269756
	Update on sbtest5  (cost=0.43..8.45 rows=0 width=0)
	  ->  Index Scan using sbtest5_pkey on sbtest5  (cost=0.43..8.45 rows=1 width=490)
	        Index Cond: (id = 3269756)

table 6 : explain UPDATE sbtest6 SET c='foobar' WHERE id=1752898
	Update on sbtest6  (cost=0.43..8.45 rows=0 width=0)
	  ->  Index Scan using sbtest6_pkey on sbtest6  (cost=0.43..8.45 rows=1 width=490)
	        Index Cond: (id = 1752898)

table 7 : explain UPDATE sbtest7 SET c='foobar' WHERE id=931213
	Update on sbtest7  (cost=0.43..8.45 rows=0 width=0)
	  ->  Index Scan using sbtest7_pkey on sbtest7  (cost=0.43..8.45 rows=1 width=490)
	        Index Cond: (id = 931213)

table 8 : explain UPDATE sbtest8 SET c='foobar' WHERE id=6868939
	Update on sbtest8  (cost=0.43..8.45 rows=0 width=0)
	  ->  Index Scan using sbtest8_pkey on sbtest8  (cost=0.43..8.45 rows=1 width=490)
	        Index Cond: (id = 6868939)

explain: for non_index_updates :: explain UPDATE sbtest%u SET c='foobar' WHERE id=%u
for deletes
table 1 : explain DELETE FROM sbtest1 WHERE id=1748947
	Delete on sbtest1  (cost=0.43..8.45 rows=0 width=0)
	  ->  Index Scan using sbtest1_pkey on sbtest1  (cost=0.43..8.45 rows=1 width=6)
	        Index Cond: (id = 1748947)

table 2 : explain DELETE FROM sbtest2 WHERE id=9891084
	Delete on sbtest2  (cost=0.43..8.45 rows=0 width=0)
	  ->  Index Scan using sbtest2_pkey on sbtest2  (cost=0.43..8.45 rows=1 width=6)
	        Index Cond: (id = 9891084)

table 3 : explain DELETE FROM sbtest3 WHERE id=2454989
	Delete on sbtest3  (cost=0.43..8.45 rows=0 width=0)
	  ->  Index Scan using sbtest3_pkey on sbtest3  (cost=0.43..8.45 rows=1 width=6)
	        Index Cond: (id = 2454989)

table 4 : explain DELETE FROM sbtest4 WHERE id=3161730
	Delete on sbtest4  (cost=0.43..8.45 rows=0 width=0)
	  ->  Index Scan using sbtest4_pkey on sbtest4  (cost=0.43..8.45 rows=1 width=6)
	        Index Cond: (id = 3161730)

table 5 : explain DELETE FROM sbtest5 WHERE id=4689300
	Delete on sbtest5  (cost=0.43..8.45 rows=0 width=0)
	  ->  Index Scan using sbtest5_pkey on sbtest5  (cost=0.43..8.45 rows=1 width=6)
	        Index Cond: (id = 4689300)

table 6 : explain DELETE FROM sbtest6 WHERE id=1441653
	Delete on sbtest6  (cost=0.43..8.45 rows=0 width=0)
	  ->  Index Scan using sbtest6_pkey on sbtest6  (cost=0.43..8.45 rows=1 width=6)
	        Index Cond: (id = 1441653)

table 7 : explain DELETE FROM sbtest7 WHERE id=1914203
	Delete on sbtest7  (cost=0.43..8.45 rows=0 width=0)
	  ->  Index Scan using sbtest7_pkey on sbtest7  (cost=0.43..8.45 rows=1 width=6)
	        Index Cond: (id = 1914203)

table 8 : explain DELETE FROM sbtest8 WHERE id=3854034
	Delete on sbtest8  (cost=0.43..8.45 rows=0 width=0)
	  ->  Index Scan using sbtest8_pkey on sbtest8  (cost=0.43..8.45 rows=1 width=6)
	        Index Cond: (id = 3854034)

explain: for non_index_updates :: explain UPDATE sbtest%u SET c='foobar' WHERE id=%u
for: simple_ranges
table 1 : explain SELECT c FROM sbtest1 WHERE id BETWEEN 8620966 AND 8620975
	Index Scan using sbtest1_pkey on sbtest1  (cost=0.43..38.55 rows=10 width=121)
	  Index Cond: ((id >= 8620966) AND (id <= 8620975))

table 2 : explain SELECT c FROM sbtest2 WHERE id BETWEEN 1757935 AND 1757944
	Index Scan using sbtest2_pkey on sbtest2  (cost=0.43..38.47 rows=10 width=121)
	  Index Cond: ((id >= 1757935) AND (id <= 1757944))

table 3 : explain SELECT c FROM sbtest3 WHERE id BETWEEN 7151855 AND 7151864
	Index Scan using sbtest3_pkey on sbtest3  (cost=0.43..35.71 rows=9 width=121)
	  Index Cond: ((id >= 7151855) AND (id <= 7151864))

table 4 : explain SELECT c FROM sbtest4 WHERE id BETWEEN 2196797 AND 2196806
	Index Scan using sbtest4_pkey on sbtest4  (cost=0.43..38.92 rows=10 width=121)
	  Index Cond: ((id >= 2196797) AND (id <= 2196806))

table 5 : explain SELECT c FROM sbtest5 WHERE id BETWEEN 8225906 AND 8225915
	Index Scan using sbtest5_pkey on sbtest5  (cost=0.43..35.49 rows=9 width=121)
	  Index Cond: ((id >= 8225906) AND (id <= 8225915))

table 6 : explain SELECT c FROM sbtest6 WHERE id BETWEEN 3448847 AND 3448856
	Index Scan using sbtest6_pkey on sbtest6  (cost=0.43..35.40 rows=9 width=121)
	  Index Cond: ((id >= 3448847) AND (id <= 3448856))

table 7 : explain SELECT c FROM sbtest7 WHERE id BETWEEN 1062198 AND 1062207
	Index Scan using sbtest7_pkey on sbtest7  (cost=0.43..38.74 rows=10 width=121)
	  Index Cond: ((id >= 1062198) AND (id <= 1062207))

table 8 : explain SELECT c FROM sbtest8 WHERE id BETWEEN 6591166 AND 6591175
	Index Scan using sbtest8_pkey on sbtest8  (cost=0.43..35.49 rows=9 width=121)
	  Index Cond: ((id >= 6591166) AND (id <= 6591175))

for non_index_updates
table 1 : explain UPDATE sbtest1 SET c='foobar' WHERE id=39867
	Update on sbtest1  (cost=0.43..8.45 rows=0 width=0)
	  ->  Index Scan using sbtest1_pkey on sbtest1  (cost=0.43..8.45 rows=1 width=490)
	        Index Cond: (id = 39867)

table 2 : explain UPDATE sbtest2 SET c='foobar' WHERE id=8061513
	Update on sbtest2  (cost=0.43..8.45 rows=0 width=0)
	  ->  Index Scan using sbtest2_pkey on sbtest2  (cost=0.43..8.45 rows=1 width=490)
	        Index Cond: (id = 8061513)

table 3 : explain UPDATE sbtest3 SET c='foobar' WHERE id=840211
	Update on sbtest3  (cost=0.43..8.45 rows=0 width=0)
	  ->  Index Scan using sbtest3_pkey on sbtest3  (cost=0.43..8.45 rows=1 width=490)
	        Index Cond: (id = 840211)

table 4 : explain UPDATE sbtest4 SET c='foobar' WHERE id=6533217
	Update on sbtest4  (cost=0.43..8.45 rows=0 width=0)
	  ->  Index Scan using sbtest4_pkey on sbtest4  (cost=0.43..8.45 rows=1 width=490)
	        Index Cond: (id = 6533217)

table 5 : explain UPDATE sbtest5 SET c='foobar' WHERE id=9299460
	Update on sbtest5  (cost=0.43..8.45 rows=0 width=0)
	  ->  Index Scan using sbtest5_pkey on sbtest5  (cost=0.43..8.45 rows=1 width=490)
	        Index Cond: (id = 9299460)

table 6 : explain UPDATE sbtest6 SET c='foobar' WHERE id=2940842
	Update on sbtest6  (cost=0.43..8.45 rows=0 width=0)
	  ->  Index Scan using sbtest6_pkey on sbtest6  (cost=0.43..8.45 rows=1 width=490)
	        Index Cond: (id = 2940842)

table 7 : explain UPDATE sbtest7 SET c='foobar' WHERE id=2563946
	Update on sbtest7  (cost=0.43..8.45 rows=0 width=0)
	  ->  Index Scan using sbtest7_pkey on sbtest7  (cost=0.43..8.45 rows=1 width=490)
	        Index Cond: (id = 2563946)

table 8 : explain UPDATE sbtest8 SET c='foobar' WHERE id=6195373
	Update on sbtest8  (cost=0.43..8.45 rows=0 width=0)
	  ->  Index Scan using sbtest8_pkey on sbtest8  (cost=0.43..8.45 rows=1 width=490)
	        Index Cond: (id = 6195373)

explain: for deletes :: explain DELETE FROM sbtest%u WHERE id=%u
explain: for inserts :: explain INSERT INTO sbtest%u (id, k, c, pad) VALUES (%u, 13, 'foobar', 'foobar')
for non_index_updates
table 1 : explain UPDATE sbtest1 SET c='foobar' WHERE id=8859446
	Update on sbtest1  (cost=0.43..8.45 rows=0 width=0)
	  ->  Index Scan using sbtest1_pkey on sbtest1  (cost=0.43..8.45 rows=1 width=490)
	        Index Cond: (id = 8859446)

table 2 : explain UPDATE sbtest2 SET c='foobar' WHERE id=5410698
	Update on sbtest2  (cost=0.43..8.45 rows=0 width=0)
	  ->  Index Scan using sbtest2_pkey on sbtest2  (cost=0.43..8.45 rows=1 width=490)
	        Index Cond: (id = 5410698)

table 3 : explain UPDATE sbtest3 SET c='foobar' WHERE id=770668
	Update on sbtest3  (cost=0.43..8.45 rows=0 width=0)
	  ->  Index Scan using sbtest3_pkey on sbtest3  (cost=0.43..8.45 rows=1 width=490)
	        Index Cond: (id = 770668)

table 4 : explain UPDATE sbtest4 SET c='foobar' WHERE id=7473638
	Update on sbtest4  (cost=0.43..8.45 rows=0 width=0)
	  ->  Index Scan using sbtest4_pkey on sbtest4  (cost=0.43..8.45 rows=1 width=490)
	        Index Cond: (id = 7473638)

table 5 : explain UPDATE sbtest5 SET c='foobar' WHERE id=6476791
	Update on sbtest5  (cost=0.43..8.45 rows=0 width=0)
	  ->  Index Scan using sbtest5_pkey on sbtest5  (cost=0.43..8.45 rows=1 width=490)
	        Index Cond: (id = 6476791)

table 6 : explain UPDATE sbtest6 SET c='foobar' WHERE id=5512461
	Update on sbtest6  (cost=0.43..8.45 rows=0 width=0)
	  ->  Index Scan using sbtest6_pkey on sbtest6  (cost=0.43..8.45 rows=1 width=490)
	        Index Cond: (id = 5512461)

table 7 : explain UPDATE sbtest7 SET c='foobar' WHERE id=5883519
	Update on sbtest7  (cost=0.43..8.45 rows=0 width=0)
	  ->  Index Scan using sbtest7_pkey on sbtest7  (cost=0.43..8.45 rows=1 width=490)
	        Index Cond: (id = 5883519)

table 8 : explain UPDATE sbtest8 SET c='foobar' WHERE id=1233304
	Update on sbtest8  (cost=0.43..8.45 rows=0 width=0)
	  ->  Index Scan using sbtest8_pkey on sbtest8  (cost=0.43..8.45 rows=1 width=490)
	        Index Cond: (id = 1233304)

explain: for point_selects :: explain SELECT c FROM sbtest%u WHERE id=%u
explain: for deletes :: explain DELETE FROM sbtest%u WHERE id=%u
for inserts
table 1 : explain INSERT INTO sbtest1 (id, k, c, pad) VALUES (7411905, 13, 'foobar', 'foobar')
	Insert on sbtest1  (cost=0.00..0.01 rows=0 width=0)
	  ->  Result  (cost=0.00..0.01 rows=1 width=736)

table 2 : explain INSERT INTO sbtest2 (id, k, c, pad) VALUES (1955748, 13, 'foobar', 'foobar')
	Insert on sbtest2  (cost=0.00..0.01 rows=0 width=0)
	  ->  Result  (cost=0.00..0.01 rows=1 width=736)

table 3 : explain INSERT INTO sbtest3 (id, k, c, pad) VALUES (6090665, 13, 'foobar', 'foobar')
	Insert on sbtest3  (cost=0.00..0.01 rows=0 width=0)
	  ->  Result  (cost=0.00..0.01 rows=1 width=736)

table 4 : explain INSERT INTO sbtest4 (id, k, c, pad) VALUES (6119998, 13, 'foobar', 'foobar')
	Insert on sbtest4  (cost=0.00..0.01 rows=0 width=0)
	  ->  Result  (cost=0.00..0.01 rows=1 width=736)

table 5 : explain INSERT INTO sbtest5 (id, k, c, pad) VALUES (383853, 13, 'foobar', 'foobar')
	Insert on sbtest5  (cost=0.00..0.01 rows=0 width=0)
	  ->  Result  (cost=0.00..0.01 rows=1 width=736)

table 6 : explain INSERT INTO sbtest6 (id, k, c, pad) VALUES (8038596, 13, 'foobar', 'foobar')
	Insert on sbtest6  (cost=0.00..0.01 rows=0 width=0)
	  ->  Result  (cost=0.00..0.01 rows=1 width=736)

table 7 : explain INSERT INTO sbtest7 (id, k, c, pad) VALUES (5676926, 13, 'foobar', 'foobar')
	Insert on sbtest7  (cost=0.00..0.01 rows=0 width=0)
	  ->  Result  (cost=0.00..0.01 rows=1 width=736)

table 8 : explain INSERT INTO sbtest8 (id, k, c, pad) VALUES (8852997, 13, 'foobar', 'foobar')
	Insert on sbtest8  (cost=0.00..0.01 rows=0 width=0)
	  ->  Result  (cost=0.00..0.01 rows=1 width=736)

explain: for deletes :: explain DELETE FROM sbtest%u WHERE id=%u
for non_index_updates
table 1 : explain UPDATE sbtest1 SET c='foobar' WHERE id=7375697
	Update on sbtest1  (cost=0.43..8.45 rows=0 width=0)
	  ->  Index Scan using sbtest1_pkey on sbtest1  (cost=0.43..8.45 rows=1 width=490)
	        Index Cond: (id = 7375697)

table 2 : explain UPDATE sbtest2 SET c='foobar' WHERE id=2437460
	Update on sbtest2  (cost=0.43..8.45 rows=0 width=0)
	  ->  Index Scan using sbtest2_pkey on sbtest2  (cost=0.43..8.45 rows=1 width=490)
	        Index Cond: (id = 2437460)

table 3 : explain UPDATE sbtest3 SET c='foobar' WHERE id=3201476
	Update on sbtest3  (cost=0.43..8.45 rows=0 width=0)
	  ->  Index Scan using sbtest3_pkey on sbtest3  (cost=0.43..8.45 rows=1 width=490)
	        Index Cond: (id = 3201476)

table 4 : explain UPDATE sbtest4 SET c='foobar' WHERE id=9298839
	Update on sbtest4  (cost=0.43..8.45 rows=0 width=0)
	  ->  Index Scan using sbtest4_pkey on sbtest4  (cost=0.43..8.45 rows=1 width=490)
	        Index Cond: (id = 9298839)

table 5 : explain UPDATE sbtest5 SET c='foobar' WHERE id=803820
	Update on sbtest5  (cost=0.43..8.45 rows=0 width=0)
	  ->  Index Scan using sbtest5_pkey on sbtest5  (cost=0.43..8.45 rows=1 width=490)
	        Index Cond: (id = 803820)

table 6 : explain UPDATE sbtest6 SET c='foobar' WHERE id=4933806
	Update on sbtest6  (cost=0.43..8.45 rows=0 width=0)
	  ->  Index Scan using sbtest6_pkey on sbtest6  (cost=0.43..8.45 rows=1 width=490)
	        Index Cond: (id = 4933806)

table 7 : explain UPDATE sbtest7 SET c='foobar' WHERE id=3727059
	Update on sbtest7  (cost=0.43..8.45 rows=0 width=0)
	  ->  Index Scan using sbtest7_pkey on sbtest7  (cost=0.43..8.45 rows=1 width=490)
	        Index Cond: (id = 3727059)

table 8 : explain UPDATE sbtest8 SET c='foobar' WHERE id=3152668
	Update on sbtest8  (cost=0.43..8.45 rows=0 width=0)
	  ->  Index Scan using sbtest8_pkey on sbtest8  (cost=0.43..8.45 rows=1 width=490)
	        Index Cond: (id = 3152668)

for deletes
table 1 : explain DELETE FROM sbtest1 WHERE id=1020387
	Delete on sbtest1  (cost=0.43..8.45 rows=0 width=0)
	  ->  Index Scan using sbtest1_pkey on sbtest1  (cost=0.43..8.45 rows=1 width=6)
	        Index Cond: (id = 1020387)

table 2 : explain DELETE FROM sbtest2 WHERE id=3523344
	Delete on sbtest2  (cost=0.43..8.45 rows=0 width=0)
	  ->  Index Scan using sbtest2_pkey on sbtest2  (cost=0.43..8.45 rows=1 width=6)
	        Index Cond: (id = 3523344)

table 3 : explain DELETE FROM sbtest3 WHERE id=9175997
	Delete on sbtest3  (cost=0.43..8.45 rows=0 width=0)
	  ->  Index Scan using sbtest3_pkey on sbtest3  (cost=0.43..8.45 rows=1 width=6)
	        Index Cond: (id = 9175997)

table 4 : explain DELETE FROM sbtest4 WHERE id=7483467
	Delete on sbtest4  (cost=0.43..8.45 rows=0 width=0)
	  ->  Index Scan using sbtest4_pkey on sbtest4  (cost=0.43..8.45 rows=1 width=6)
	        Index Cond: (id = 7483467)

table 5 : explain DELETE FROM sbtest5 WHERE id=4540176
	Delete on sbtest5  (cost=0.43..8.45 rows=0 width=0)
	  ->  Index Scan using sbtest5_pkey on sbtest5  (cost=0.43..8.45 rows=1 width=6)
	        Index Cond: (id = 4540176)

table 6 : explain DELETE FROM sbtest6 WHERE id=3652233
	Delete on sbtest6  (cost=0.43..8.45 rows=0 width=0)
	  ->  Index Scan using sbtest6_pkey on sbtest6  (cost=0.43..8.45 rows=1 width=6)
	        Index Cond: (id = 3652233)

table 7 : explain DELETE FROM sbtest7 WHERE id=969918
	Delete on sbtest7  (cost=0.43..8.45 rows=0 width=0)
	  ->  Index Scan using sbtest7_pkey on sbtest7  (cost=0.43..8.45 rows=1 width=6)
	        Index Cond: (id = 969918)

table 8 : explain DELETE FROM sbtest8 WHERE id=464339
	Delete on sbtest8  (cost=0.43..8.45 rows=0 width=0)
	  ->  Index Scan using sbtest8_pkey on sbtest8  (cost=0.43..8.45 rows=1 width=6)
	        Index Cond: (id = 464339)

explain: for point_selects :: explain SELECT c FROM sbtest%u WHERE id=%u
for deletes
table 1 : explain DELETE FROM sbtest1 WHERE id=3936970
	Delete on sbtest1  (cost=0.43..8.45 rows=0 width=0)
	  ->  Index Scan using sbtest1_pkey on sbtest1  (cost=0.43..8.45 rows=1 width=6)
	        Index Cond: (id = 3936970)

table 2 : explain DELETE FROM sbtest2 WHERE id=5475149
	Delete on sbtest2  (cost=0.43..8.45 rows=0 width=0)
	  ->  Index Scan using sbtest2_pkey on sbtest2  (cost=0.43..8.45 rows=1 width=6)
	        Index Cond: (id = 5475149)

table 3 : explain DELETE FROM sbtest3 WHERE id=5601723
	Delete on sbtest3  (cost=0.43..8.45 rows=0 width=0)
	  ->  Index Scan using sbtest3_pkey on sbtest3  (cost=0.43..8.45 rows=1 width=6)
	        Index Cond: (id = 5601723)

table 4 : explain DELETE FROM sbtest4 WHERE id=5585036
	Delete on sbtest4  (cost=0.43..8.45 rows=0 width=0)
	  ->  Index Scan using sbtest4_pkey on sbtest4  (cost=0.43..8.45 rows=1 width=6)
	        Index Cond: (id = 5585036)

table 5 : explain DELETE FROM sbtest5 WHERE id=6184927
	Delete on sbtest5  (cost=0.43..8.45 rows=0 width=0)
	  ->  Index Scan using sbtest5_pkey on sbtest5  (cost=0.43..8.45 rows=1 width=6)
	        Index Cond: (id = 6184927)

table 6 : explain DELETE FROM sbtest6 WHERE id=8089447
	Delete on sbtest6  (cost=0.43..8.45 rows=0 width=0)
	  ->  Index Scan using sbtest6_pkey on sbtest6  (cost=0.43..8.45 rows=1 width=6)
	        Index Cond: (id = 8089447)

table 7 : explain DELETE FROM sbtest7 WHERE id=384800
	Delete on sbtest7  (cost=0.43..8.45 rows=0 width=0)
	  ->  Index Scan using sbtest7_pkey on sbtest7  (cost=0.43..8.45 rows=1 width=6)
	        Index Cond: (id = 384800)

table 8 : explain DELETE FROM sbtest8 WHERE id=4883382
	Delete on sbtest8  (cost=0.43..8.45 rows=0 width=0)
	  ->  Index Scan using sbtest8_pkey on sbtest8  (cost=0.43..8.45 rows=1 width=6)
	        Index Cond: (id = 4883382)

for: simple_ranges
table 1 : explain SELECT c FROM sbtest1 WHERE id BETWEEN 9912954 AND 9912963
	Index Scan using sbtest1_pkey on sbtest1  (cost=0.43..38.55 rows=10 width=121)
	  Index Cond: ((id >= 9912954) AND (id <= 9912963))

table 2 : explain SELECT c FROM sbtest2 WHERE id BETWEEN 6424991 AND 6425000
	Index Scan using sbtest2_pkey on sbtest2  (cost=0.43..41.80 rows=11 width=121)
	  Index Cond: ((id >= 6424991) AND (id <= 6425000))

table 3 : explain SELECT c FROM sbtest3 WHERE id BETWEEN 9055248 AND 9055257
	Index Scan using sbtest3_pkey on sbtest3  (cost=0.43..39.11 rows=10 width=121)
	  Index Cond: ((id >= 9055248) AND (id <= 9055257))

table 4 : explain SELECT c FROM sbtest4 WHERE id BETWEEN 7111052 AND 7111061
	Index Scan using sbtest4_pkey on sbtest4  (cost=0.43..35.53 rows=9 width=121)
	  Index Cond: ((id >= 7111052) AND (id <= 7111061))

table 5 : explain SELECT c FROM sbtest5 WHERE id BETWEEN 1089255 AND 1089264
	Index Scan using sbtest5_pkey on sbtest5  (cost=0.43..38.87 rows=10 width=121)
	  Index Cond: ((id >= 1089255) AND (id <= 1089264))

table 6 : explain SELECT c FROM sbtest6 WHERE id BETWEEN 7986476 AND 7986485
	Index Scan using sbtest6_pkey on sbtest6  (cost=0.43..38.77 rows=10 width=121)
	  Index Cond: ((id >= 7986476) AND (id <= 7986485))

table 7 : explain SELECT c FROM sbtest7 WHERE id BETWEEN 9443919 AND 9443928
	Index Scan using sbtest7_pkey on sbtest7  (cost=0.43..42.10 rows=11 width=121)
	  Index Cond: ((id >= 9443919) AND (id <= 9443928))

table 8 : explain SELECT c FROM sbtest8 WHERE id BETWEEN 7590394 AND 7590403
	Index Scan using sbtest8_pkey on sbtest8  (cost=0.43..38.87 rows=10 width=121)
	  Index Cond: ((id >= 7590394) AND (id <= 7590403))

for point_selects
table 1 : explain SELECT c FROM sbtest1 WHERE id=8244612
	Index Scan using sbtest1_pkey on sbtest1  (cost=0.43..8.45 rows=1 width=121)
	  Index Cond: (id = 8244612)

table 2 : explain SELECT c FROM sbtest2 WHERE id=9559091
	Index Scan using sbtest2_pkey on sbtest2  (cost=0.43..8.45 rows=1 width=121)
	  Index Cond: (id = 9559091)

table 3 : explain SELECT c FROM sbtest3 WHERE id=1059190
	Index Scan using sbtest3_pkey on sbtest3  (cost=0.43..8.45 rows=1 width=121)
	  Index Cond: (id = 1059190)

table 4 : explain SELECT c FROM sbtest4 WHERE id=7198499
	Index Scan using sbtest4_pkey on sbtest4  (cost=0.43..8.45 rows=1 width=121)
	  Index Cond: (id = 7198499)

table 5 : explain SELECT c FROM sbtest5 WHERE id=5824904
	Index Scan using sbtest5_pkey on sbtest5  (cost=0.43..8.45 rows=1 width=121)
	  Index Cond: (id = 5824904)

table 6 : explain SELECT c FROM sbtest6 WHERE id=2185186
	Index Scan using sbtest6_pkey on sbtest6  (cost=0.43..8.45 rows=1 width=121)
	  Index Cond: (id = 2185186)

table 7 : explain SELECT c FROM sbtest7 WHERE id=8681766
	Index Scan using sbtest7_pkey on sbtest7  (cost=0.43..8.45 rows=1 width=121)
	  Index Cond: (id = 8681766)

table 8 : explain SELECT c FROM sbtest8 WHERE id=4969873
	Index Scan using sbtest8_pkey on sbtest8  (cost=0.43..8.45 rows=1 width=121)
	  Index Cond: (id = 4969873)

explain: for deletes :: explain DELETE FROM sbtest%u WHERE id=%u
for: sum_ranges
table 1 : explain SELECT SUM(k) FROM sbtest1 WHERE id BETWEEN 7267530 AND 7267539
	Aggregate  (cost=38.57..38.58 rows=1 width=8)
	  ->  Index Scan using sbtest1_pkey on sbtest1  (cost=0.43..38.55 rows=10 width=4)
	        Index Cond: ((id >= 7267530) AND (id <= 7267539))

table 2 : explain SELECT SUM(k) FROM sbtest2 WHERE id BETWEEN 3727928 AND 3727937
	Aggregate  (cost=38.49..38.50 rows=1 width=8)
	  ->  Index Scan using sbtest2_pkey on sbtest2  (cost=0.43..38.47 rows=10 width=4)
	        Index Cond: ((id >= 3727928) AND (id <= 3727937))

table 3 : explain SELECT SUM(k) FROM sbtest3 WHERE id BETWEEN 5061234 AND 5061243
	Aggregate  (cost=39.14..39.15 rows=1 width=8)
	  ->  Index Scan using sbtest3_pkey on sbtest3  (cost=0.43..39.11 rows=10 width=4)
	        Index Cond: ((id >= 5061234) AND (id <= 5061243))

table 4 : explain SELECT SUM(k) FROM sbtest4 WHERE id BETWEEN 6202698 AND 6202707
	Aggregate  (cost=42.33..42.34 rows=1 width=8)
	  ->  Index Scan using sbtest4_pkey on sbtest4  (cost=0.43..42.30 rows=11 width=4)
	        Index Cond: ((id >= 6202698) AND (id <= 6202707))

table 5 : explain SELECT SUM(k) FROM sbtest5 WHERE id BETWEEN 6753935 AND 6753944
	Aggregate  (cost=35.51..35.52 rows=1 width=8)
	  ->  Index Scan using sbtest5_pkey on sbtest5  (cost=0.43..35.49 rows=9 width=4)
	        Index Cond: ((id >= 6753935) AND (id <= 6753944))

table 6 : explain SELECT SUM(k) FROM sbtest6 WHERE id BETWEEN 9917192 AND 9917201
	Aggregate  (cost=38.80..38.81 rows=1 width=8)
	  ->  Index Scan using sbtest6_pkey on sbtest6  (cost=0.43..38.77 rows=10 width=4)
	        Index Cond: ((id >= 9917192) AND (id <= 9917201))

table 7 : explain SELECT SUM(k) FROM sbtest7 WHERE id BETWEEN 20891 AND 20900
	Aggregate  (cost=38.76..38.77 rows=1 width=8)
	  ->  Index Scan using sbtest7_pkey on sbtest7  (cost=0.43..38.74 rows=10 width=4)
	        Index Cond: ((id >= 20891) AND (id <= 20900))

table 8 : explain SELECT SUM(k) FROM sbtest8 WHERE id BETWEEN 3114509 AND 3114518
	Aggregate  (cost=42.27..42.28 rows=1 width=8)
	  ->  Index Scan using sbtest8_pkey on sbtest8  (cost=0.43..42.24 rows=11 width=4)
	        Index Cond: ((id >= 3114509) AND (id <= 3114518))

explain: for inserts :: explain INSERT INTO sbtest%u (id, k, c, pad) VALUES (%u, 13, 'foobar', 'foobar')
explain: for point_selects :: explain SELECT c FROM sbtest%u WHERE id=%u
for point_selects
table 1 : explain SELECT c FROM sbtest1 WHERE id=8469494
	Index Scan using sbtest1_pkey on sbtest1  (cost=0.43..8.45 rows=1 width=121)
	  Index Cond: (id = 8469494)

table 2 : explain SELECT c FROM sbtest2 WHERE id=7631915
	Index Scan using sbtest2_pkey on sbtest2  (cost=0.43..8.45 rows=1 width=121)
	  Index Cond: (id = 7631915)

table 3 : explain SELECT c FROM sbtest3 WHERE id=779428
	Index Scan using sbtest3_pkey on sbtest3  (cost=0.43..8.45 rows=1 width=121)
	  Index Cond: (id = 779428)

table 4 : explain SELECT c FROM sbtest4 WHERE id=1166091
	Index Scan using sbtest4_pkey on sbtest4  (cost=0.43..8.45 rows=1 width=121)
	  Index Cond: (id = 1166091)

table 5 : explain SELECT c FROM sbtest5 WHERE id=4579507
	Index Scan using sbtest5_pkey on sbtest5  (cost=0.43..8.45 rows=1 width=121)
	  Index Cond: (id = 4579507)

table 6 : explain SELECT c FROM sbtest6 WHERE id=5825385
	Index Scan using sbtest6_pkey on sbtest6  (cost=0.43..8.45 rows=1 width=121)
	  Index Cond: (id = 5825385)

table 7 : explain SELECT c FROM sbtest7 WHERE id=8753480
	Index Scan using sbtest7_pkey on sbtest7  (cost=0.43..8.45 rows=1 width=121)
	  Index Cond: (id = 8753480)

table 8 : explain SELECT c FROM sbtest8 WHERE id=7221154
	Index Scan using sbtest8_pkey on sbtest8  (cost=0.43..8.45 rows=1 width=121)
	  Index Cond: (id = 7221154)

explain: for point_selects :: explain SELECT c FROM sbtest%u WHERE id=%u
for deletes
table 1 : explain DELETE FROM sbtest1 WHERE id=6043417
	Delete on sbtest1  (cost=0.43..8.45 rows=0 width=0)
	  ->  Index Scan using sbtest1_pkey on sbtest1  (cost=0.43..8.45 rows=1 width=6)
	        Index Cond: (id = 6043417)

table 2 : explain DELETE FROM sbtest2 WHERE id=9256892
	Delete on sbtest2  (cost=0.43..8.45 rows=0 width=0)
	  ->  Index Scan using sbtest2_pkey on sbtest2  (cost=0.43..8.45 rows=1 width=6)
	        Index Cond: (id = 9256892)

table 3 : explain DELETE FROM sbtest3 WHERE id=5260045
	Delete on sbtest3  (cost=0.43..8.45 rows=0 width=0)
	  ->  Index Scan using sbtest3_pkey on sbtest3  (cost=0.43..8.45 rows=1 width=6)
	        Index Cond: (id = 5260045)

table 4 : explain DELETE FROM sbtest4 WHERE id=8233984
	Delete on sbtest4  (cost=0.43..8.45 rows=0 width=0)
	  ->  Index Scan using sbtest4_pkey on sbtest4  (cost=0.43..8.45 rows=1 width=6)
	        Index Cond: (id = 8233984)

table 5 : explain DELETE FROM sbtest5 WHERE id=6198237
	Delete on sbtest5  (cost=0.43..8.45 rows=0 width=0)
	  ->  Index Scan using sbtest5_pkey on sbtest5  (cost=0.43..8.45 rows=1 width=6)
	        Index Cond: (id = 6198237)

table 6 : explain DELETE FROM sbtest6 WHERE id=8140116
	Delete on sbtest6  (cost=0.43..8.45 rows=0 width=0)
	  ->  Index Scan using sbtest6_pkey on sbtest6  (cost=0.43..8.45 rows=1 width=6)
	        Index Cond: (id = 8140116)

table 7 : explain DELETE FROM sbtest7 WHERE id=1377006
	Delete on sbtest7  (cost=0.43..8.45 rows=0 width=0)
	  ->  Index Scan using sbtest7_pkey on sbtest7  (cost=0.43..8.45 rows=1 width=6)
	        Index Cond: (id = 1377006)

table 8 : explain DELETE FROM sbtest8 WHERE id=2194185
	Delete on sbtest8  (cost=0.43..8.45 rows=0 width=0)
	  ->  Index Scan using sbtest8_pkey on sbtest8  (cost=0.43..8.45 rows=1 width=6)
	        Index Cond: (id = 2194185)

for inserts
table 1 : explain INSERT INTO sbtest1 (id, k, c, pad) VALUES (1037202, 13, 'foobar', 'foobar')
	Insert on sbtest1  (cost=0.00..0.01 rows=0 width=0)
	  ->  Result  (cost=0.00..0.01 rows=1 width=736)

table 2 : explain INSERT INTO sbtest2 (id, k, c, pad) VALUES (7078975, 13, 'foobar', 'foobar')
	Insert on sbtest2  (cost=0.00..0.01 rows=0 width=0)
	  ->  Result  (cost=0.00..0.01 rows=1 width=736)

table 3 : explain INSERT INTO sbtest3 (id, k, c, pad) VALUES (1270143, 13, 'foobar', 'foobar')
	Insert on sbtest3  (cost=0.00..0.01 rows=0 width=0)
	  ->  Result  (cost=0.00..0.01 rows=1 width=736)

table 4 : explain INSERT INTO sbtest4 (id, k, c, pad) VALUES (1770426, 13, 'foobar', 'foobar')
	Insert on sbtest4  (cost=0.00..0.01 rows=0 width=0)
	  ->  Result  (cost=0.00..0.01 rows=1 width=736)

table 5 : explain INSERT INTO sbtest5 (id, k, c, pad) VALUES (7545700, 13, 'foobar', 'foobar')
	Insert on sbtest5  (cost=0.00..0.01 rows=0 width=0)
	  ->  Result  (cost=0.00..0.01 rows=1 width=736)

table 6 : explain INSERT INTO sbtest6 (id, k, c, pad) VALUES (1297610, 13, 'foobar', 'foobar')
	Insert on sbtest6  (cost=0.00..0.01 rows=0 width=0)
	  ->  Result  (cost=0.00..0.01 rows=1 width=736)

table 7 : explain INSERT INTO sbtest7 (id, k, c, pad) VALUES (6368014, 13, 'foobar', 'foobar')
	Insert on sbtest7  (cost=0.00..0.01 rows=0 width=0)
	  ->  Result  (cost=0.00..0.01 rows=1 width=736)

table 8 : explain INSERT INTO sbtest8 (id, k, c, pad) VALUES (1473277, 13, 'foobar', 'foobar')
	Insert on sbtest8  (cost=0.00..0.01 rows=0 width=0)
	  ->  Result  (cost=0.00..0.01 rows=1 width=736)

explain: for point_selects :: explain SELECT c FROM sbtest%u WHERE id=%u
explain: for point_selects :: explain SELECT c FROM sbtest%u WHERE id=%u
explain: for inserts :: explain INSERT INTO sbtest%u (id, k, c, pad) VALUES (%u, 13, 'foobar', 'foobar')
explain: for point_selects :: explain SELECT c FROM sbtest%u WHERE id=%u
for deletes
table 1 : explain DELETE FROM sbtest1 WHERE id=6446906
	Delete on sbtest1  (cost=0.43..8.45 rows=0 width=0)
	  ->  Index Scan using sbtest1_pkey on sbtest1  (cost=0.43..8.45 rows=1 width=6)
	        Index Cond: (id = 6446906)

table 2 : explain DELETE FROM sbtest2 WHERE id=9342692
	Delete on sbtest2  (cost=0.43..8.45 rows=0 width=0)
	  ->  Index Scan using sbtest2_pkey on sbtest2  (cost=0.43..8.45 rows=1 width=6)
	        Index Cond: (id = 9342692)

table 3 : explain DELETE FROM sbtest3 WHERE id=9448625
	Delete on sbtest3  (cost=0.43..8.45 rows=0 width=0)
	  ->  Index Scan using sbtest3_pkey on sbtest3  (cost=0.43..8.45 rows=1 width=6)
	        Index Cond: (id = 9448625)

table 4 : explain DELETE FROM sbtest4 WHERE id=5996996
	Delete on sbtest4  (cost=0.43..8.45 rows=0 width=0)
	  ->  Index Scan using sbtest4_pkey on sbtest4  (cost=0.43..8.45 rows=1 width=6)
	        Index Cond: (id = 5996996)

table 5 : explain DELETE FROM sbtest5 WHERE id=3560841
	Delete on sbtest5  (cost=0.43..8.45 rows=0 width=0)
	  ->  Index Scan using sbtest5_pkey on sbtest5  (cost=0.43..8.45 rows=1 width=6)
	        Index Cond: (id = 3560841)

table 6 : explain DELETE FROM sbtest6 WHERE id=332136
	Delete on sbtest6  (cost=0.43..8.45 rows=0 width=0)
	  ->  Index Scan using sbtest6_pkey on sbtest6  (cost=0.43..8.45 rows=1 width=6)
	        Index Cond: (id = 332136)

table 7 : explain DELETE FROM sbtest7 WHERE id=1994683
	Delete on sbtest7  (cost=0.43..8.45 rows=0 width=0)
	  ->  Index Scan using sbtest7_pkey on sbtest7  (cost=0.43..8.45 rows=1 width=6)
	        Index Cond: (id = 1994683)

table 8 : explain DELETE FROM sbtest8 WHERE id=5485918
	Delete on sbtest8  (cost=0.43..8.45 rows=0 width=0)
	  ->  Index Scan using sbtest8_pkey on sbtest8  (cost=0.43..8.45 rows=1 width=6)
	        Index Cond: (id = 5485918)

for: simple_ranges
table 1 : explain SELECT c FROM sbtest1 WHERE id BETWEEN 1683539 AND 1683548
	Index Scan using sbtest1_pkey on sbtest1  (cost=0.43..38.55 rows=10 width=121)
	  Index Cond: ((id >= 1683539) AND (id <= 1683548))

table 2 : explain SELECT c FROM sbtest2 WHERE id BETWEEN 2075284 AND 2075293
	Index Scan using sbtest2_pkey on sbtest2  (cost=0.43..38.47 rows=10 width=121)
	  Index Cond: ((id >= 2075284) AND (id <= 2075293))

table 3 : explain SELECT c FROM sbtest3 WHERE id BETWEEN 5176620 AND 5176629
	Index Scan using sbtest3_pkey on sbtest3  (cost=0.43..39.11 rows=10 width=121)
	  Index Cond: ((id >= 5176620) AND (id <= 5176629))

table 4 : explain SELECT c FROM sbtest4 WHERE id BETWEEN 968242 AND 968251
	Index Scan using sbtest4_pkey on sbtest4  (cost=0.43..38.92 rows=10 width=121)
	  Index Cond: ((id >= 968242) AND (id <= 968251))

table 5 : explain SELECT c FROM sbtest5 WHERE id BETWEEN 8158900 AND 8158909
	Index Scan using sbtest5_pkey on sbtest5  (cost=0.43..38.87 rows=10 width=121)
	  Index Cond: ((id >= 8158900) AND (id <= 8158909))

table 6 : explain SELECT c FROM sbtest6 WHERE id BETWEEN 2095082 AND 2095091
	Index Scan using sbtest6_pkey on sbtest6  (cost=0.43..38.77 rows=10 width=121)
	  Index Cond: ((id >= 2095082) AND (id <= 2095091))

table 7 : explain SELECT c FROM sbtest7 WHERE id BETWEEN 1958080 AND 1958089
	Index Scan using sbtest7_pkey on sbtest7  (cost=0.43..38.74 rows=10 width=121)
	  Index Cond: ((id >= 1958080) AND (id <= 1958089))

table 8 : explain SELECT c FROM sbtest8 WHERE id BETWEEN 1741578 AND 1741587
	Index Scan using sbtest8_pkey on sbtest8  (cost=0.43..38.87 rows=10 width=121)
	  Index Cond: ((id >= 1741578) AND (id <= 1741587))

for: order_ranges
table 1 : explain SELECT c FROM sbtest1 WHERE id BETWEEN 1344305 AND 1344314 ORDER BY c
	Sort  (cost=38.72..38.74 rows=10 width=121)
	  Sort Key: c
	  ->  Index Scan using sbtest1_pkey on sbtest1  (cost=0.43..38.55 rows=10 width=121)
	        Index Cond: ((id >= 1344305) AND (id <= 1344314))

table 2 : explain SELECT c FROM sbtest2 WHERE id BETWEEN 8533330 AND 8533339 ORDER BY c
	Sort  (cost=38.63..38.66 rows=10 width=121)
	  Sort Key: c
	  ->  Index Scan using sbtest2_pkey on sbtest2  (cost=0.43..38.47 rows=10 width=121)
	        Index Cond: ((id >= 8533330) AND (id <= 8533339))

table 3 : explain SELECT c FROM sbtest3 WHERE id BETWEEN 5313161 AND 5313170 ORDER BY c
	Sort  (cost=42.71..42.74 rows=11 width=121)
	  Sort Key: c
	  ->  Index Scan using sbtest3_pkey on sbtest3  (cost=0.43..42.52 rows=11 width=121)
	        Index Cond: ((id >= 5313161) AND (id <= 5313170))

table 4 : explain SELECT c FROM sbtest4 WHERE id BETWEEN 5206355 AND 5206364 ORDER BY c
	Sort  (cost=42.50..42.52 rows=11 width=121)
	  Sort Key: c
	  ->  Index Scan using sbtest4_pkey on sbtest4  (cost=0.43..42.30 rows=11 width=121)
	        Index Cond: ((id >= 5206355) AND (id <= 5206364))

table 5 : explain SELECT c FROM sbtest5 WHERE id BETWEEN 6232200 AND 6232209 ORDER BY c
	Sort  (cost=39.03..39.06 rows=10 width=121)
	  Sort Key: c
	  ->  Index Scan using sbtest5_pkey on sbtest5  (cost=0.43..38.87 rows=10 width=121)
	        Index Cond: ((id >= 6232200) AND (id <= 6232209))

table 6 : explain SELECT c FROM sbtest6 WHERE id BETWEEN 9315257 AND 9315266 ORDER BY c
	Sort  (cost=35.55..35.57 rows=9 width=121)
	  Sort Key: c
	  ->  Index Scan using sbtest6_pkey on sbtest6  (cost=0.43..35.40 rows=9 width=121)
	        Index Cond: ((id >= 9315257) AND (id <= 9315266))

table 7 : explain SELECT c FROM sbtest7 WHERE id BETWEEN 4716161 AND 4716170 ORDER BY c
	Sort  (cost=35.52..35.54 rows=9 width=121)
	  Sort Key: c
	  ->  Index Scan using sbtest7_pkey on sbtest7  (cost=0.43..35.37 rows=9 width=121)
	        Index Cond: ((id >= 4716161) AND (id <= 4716170))

table 8 : explain SELECT c FROM sbtest8 WHERE id BETWEEN 5362169 AND 5362178 ORDER BY c
	Sort  (cost=42.43..42.46 rows=11 width=121)
	  Sort Key: c
	  ->  Index Scan using sbtest8_pkey on sbtest8  (cost=0.43..42.24 rows=11 width=121)
	        Index Cond: ((id >= 5362169) AND (id <= 5362178))

for point_selects
table 1 : explain SELECT c FROM sbtest1 WHERE id=1750836
	Index Scan using sbtest1_pkey on sbtest1  (cost=0.43..8.45 rows=1 width=121)
	  Index Cond: (id = 1750836)

table 2 : explain SELECT c FROM sbtest2 WHERE id=8308265
	Index Scan using sbtest2_pkey on sbtest2  (cost=0.43..8.45 rows=1 width=121)
	  Index Cond: (id = 8308265)

table 3 : explain SELECT c FROM sbtest3 WHERE id=3517875
	Index Scan using sbtest3_pkey on sbtest3  (cost=0.43..8.45 rows=1 width=121)
	  Index Cond: (id = 3517875)

table 4 : explain SELECT c FROM sbtest4 WHERE id=8592222
	Index Scan using sbtest4_pkey on sbtest4  (cost=0.43..8.45 rows=1 width=121)
	  Index Cond: (id = 8592222)

table 5 : explain SELECT c FROM sbtest5 WHERE id=7391021
	Index Scan using sbtest5_pkey on sbtest5  (cost=0.43..8.45 rows=1 width=121)
	  Index Cond: (id = 7391021)

table 6 : explain SELECT c FROM sbtest6 WHERE id=8815349
	Index Scan using sbtest6_pkey on sbtest6  (cost=0.43..8.45 rows=1 width=121)
	  Index Cond: (id = 8815349)

table 7 : explain SELECT c FROM sbtest7 WHERE id=7546873
	Index Scan using sbtest7_pkey on sbtest7  (cost=0.43..8.45 rows=1 width=121)
	  Index Cond: (id = 7546873)

table 8 : explain SELECT c FROM sbtest8 WHERE id=4382903
	Index Scan using sbtest8_pkey on sbtest8  (cost=0.43..8.45 rows=1 width=121)
	  Index Cond: (id = 4382903)

explain: for inserts :: explain INSERT INTO sbtest%u (id, k, c, pad) VALUES (%u, 13, 'foobar', 'foobar')
for: sum_ranges
table 1 : explain SELECT SUM(k) FROM sbtest1 WHERE id BETWEEN 1149430 AND 1149439
	Aggregate  (cost=41.92..41.93 rows=1 width=8)
	  ->  Index Scan using sbtest1_pkey on sbtest1  (cost=0.43..41.89 rows=11 width=4)
	        Index Cond: ((id >= 1149430) AND (id <= 1149439))

table 2 : explain SELECT SUM(k) FROM sbtest2 WHERE id BETWEEN 5749498 AND 5749507
	Aggregate  (cost=38.49..38.50 rows=1 width=8)
	  ->  Index Scan using sbtest2_pkey on sbtest2  (cost=0.43..38.47 rows=10 width=4)
	        Index Cond: ((id >= 5749498) AND (id <= 5749507))

table 3 : explain SELECT SUM(k) FROM sbtest3 WHERE id BETWEEN 3865987 AND 3865996
	Aggregate  (cost=39.14..39.15 rows=1 width=8)
	  ->  Index Scan using sbtest3_pkey on sbtest3  (cost=0.43..39.11 rows=10 width=4)
	        Index Cond: ((id >= 3865987) AND (id <= 3865996))

table 4 : explain SELECT SUM(k) FROM sbtest4 WHERE id BETWEEN 150708 AND 150717
	Aggregate  (cost=35.56..35.57 rows=1 width=8)
	  ->  Index Scan using sbtest4_pkey on sbtest4  (cost=0.43..35.53 rows=9 width=4)
	        Index Cond: ((id >= 150708) AND (id <= 150717))

table 5 : explain SELECT SUM(k) FROM sbtest5 WHERE id BETWEEN 9031941 AND 9031950
	Aggregate  (cost=38.89..38.90 rows=1 width=8)
	  ->  Index Scan using sbtest5_pkey on sbtest5  (cost=0.43..38.87 rows=10 width=4)
	        Index Cond: ((id >= 9031941) AND (id <= 9031950))

table 6 : explain SELECT SUM(k) FROM sbtest6 WHERE id BETWEEN 5776843 AND 5776852
	Aggregate  (cost=35.43..35.44 rows=1 width=8)
	  ->  Index Scan using sbtest6_pkey on sbtest6  (cost=0.43..35.40 rows=9 width=4)
	        Index Cond: ((id >= 5776843) AND (id <= 5776852))

table 7 : explain SELECT SUM(k) FROM sbtest7 WHERE id BETWEEN 6993830 AND 6993839
	Aggregate  (cost=42.13..42.14 rows=1 width=8)
	  ->  Index Scan using sbtest7_pkey on sbtest7  (cost=0.43..42.10 rows=11 width=4)
	        Index Cond: ((id >= 6993830) AND (id <= 6993839))

table 8 : explain SELECT SUM(k) FROM sbtest8 WHERE id BETWEEN 4514721 AND 4514730
	Aggregate  (cost=35.51..35.52 rows=1 width=8)
	  ->  Index Scan using sbtest8_pkey on sbtest8  (cost=0.43..35.49 rows=9 width=4)
	        Index Cond: ((id >= 4514721) AND (id <= 4514730))

for point_selects
table 1 : explain SELECT c FROM sbtest1 WHERE id=7626163
	Index Scan using sbtest1_pkey on sbtest1  (cost=0.43..8.45 rows=1 width=121)
	  Index Cond: (id = 7626163)

table 2 : explain SELECT c FROM sbtest2 WHERE id=7587531
	Index Scan using sbtest2_pkey on sbtest2  (cost=0.43..8.45 rows=1 width=121)
	  Index Cond: (id = 7587531)

table 3 : explain SELECT c FROM sbtest3 WHERE id=8650137
	Index Scan using sbtest3_pkey on sbtest3  (cost=0.43..8.45 rows=1 width=121)
	  Index Cond: (id = 8650137)

table 4 : explain SELECT c FROM sbtest4 WHERE id=2762711
	Index Scan using sbtest4_pkey on sbtest4  (cost=0.43..8.45 rows=1 width=121)
	  Index Cond: (id = 2762711)

table 5 : explain SELECT c FROM sbtest5 WHERE id=8576173
	Index Scan using sbtest5_pkey on sbtest5  (cost=0.43..8.45 rows=1 width=121)
	  Index Cond: (id = 8576173)

table 6 : explain SELECT c FROM sbtest6 WHERE id=8909380
	Index Scan using sbtest6_pkey on sbtest6  (cost=0.43..8.45 rows=1 width=121)
	  Index Cond: (id = 8909380)

table 7 : explain SELECT c FROM sbtest7 WHERE id=626188
	Index Scan using sbtest7_pkey on sbtest7  (cost=0.43..8.45 rows=1 width=121)
	  Index Cond: (id = 626188)

table 8 : explain SELECT c FROM sbtest8 WHERE id=1222714
	Index Scan using sbtest8_pkey on sbtest8  (cost=0.43..8.45 rows=1 width=121)
	  Index Cond: (id = 1222714)

for inserts
table 1 : explain INSERT INTO sbtest1 (id, k, c, pad) VALUES (6447340, 13, 'foobar', 'foobar')
	Insert on sbtest1  (cost=0.00..0.01 rows=0 width=0)
	  ->  Result  (cost=0.00..0.01 rows=1 width=736)

table 2 : explain INSERT INTO sbtest2 (id, k, c, pad) VALUES (7839012, 13, 'foobar', 'foobar')
	Insert on sbtest2  (cost=0.00..0.01 rows=0 width=0)
	  ->  Result  (cost=0.00..0.01 rows=1 width=736)

table 3 : explain INSERT INTO sbtest3 (id, k, c, pad) VALUES (2863195, 13, 'foobar', 'foobar')
	Insert on sbtest3  (cost=0.00..0.01 rows=0 width=0)
	  ->  Result  (cost=0.00..0.01 rows=1 width=736)

table 4 : explain INSERT INTO sbtest4 (id, k, c, pad) VALUES (3086896, 13, 'foobar', 'foobar')
	Insert on sbtest4  (cost=0.00..0.01 rows=0 width=0)
	  ->  Result  (cost=0.00..0.01 rows=1 width=736)

table 5 : explain INSERT INTO sbtest5 (id, k, c, pad) VALUES (8351731, 13, 'foobar', 'foobar')
	Insert on sbtest5  (cost=0.00..0.01 rows=0 width=0)
	  ->  Result  (cost=0.00..0.01 rows=1 width=736)

table 6 : explain INSERT INTO sbtest6 (id, k, c, pad) VALUES (8263501, 13, 'foobar', 'foobar')
	Insert on sbtest6  (cost=0.00..0.01 rows=0 width=0)
	  ->  Result  (cost=0.00..0.01 rows=1 width=736)

table 7 : explain INSERT INTO sbtest7 (id, k, c, pad) VALUES (2354236, 13, 'foobar', 'foobar')
	Insert on sbtest7  (cost=0.00..0.01 rows=0 width=0)
	  ->  Result  (cost=0.00..0.01 rows=1 width=736)

table 8 : explain INSERT INTO sbtest8 (id, k, c, pad) VALUES (5747891, 13, 'foobar', 'foobar')
	Insert on sbtest8  (cost=0.00..0.01 rows=0 width=0)
	  ->  Result  (cost=0.00..0.01 rows=1 width=736)

explain: for inserts :: explain INSERT INTO sbtest%u (id, k, c, pad) VALUES (%u, 13, 'foobar', 'foobar')
for point_selects
table 1 : explain SELECT c FROM sbtest1 WHERE id=962428
	Index Scan using sbtest1_pkey on sbtest1  (cost=0.43..8.45 rows=1 width=121)
	  Index Cond: (id = 962428)

table 2 : explain SELECT c FROM sbtest2 WHERE id=9345126
	Index Scan using sbtest2_pkey on sbtest2  (cost=0.43..8.45 rows=1 width=121)
	  Index Cond: (id = 9345126)

table 3 : explain SELECT c FROM sbtest3 WHERE id=9506085
	Index Scan using sbtest3_pkey on sbtest3  (cost=0.43..8.45 rows=1 width=121)
	  Index Cond: (id = 9506085)

table 4 : explain SELECT c FROM sbtest4 WHERE id=2236915
	Index Scan using sbtest4_pkey on sbtest4  (cost=0.43..8.45 rows=1 width=121)
	  Index Cond: (id = 2236915)

table 5 : explain SELECT c FROM sbtest5 WHERE id=8522718
	Index Scan using sbtest5_pkey on sbtest5  (cost=0.43..8.45 rows=1 width=121)
	  Index Cond: (id = 8522718)

table 6 : explain SELECT c FROM sbtest6 WHERE id=9380211
	Index Scan using sbtest6_pkey on sbtest6  (cost=0.43..8.45 rows=1 width=121)
	  Index Cond: (id = 9380211)

table 7 : explain SELECT c FROM sbtest7 WHERE id=9015538
	Index Scan using sbtest7_pkey on sbtest7  (cost=0.43..8.45 rows=1 width=121)
	  Index Cond: (id = 9015538)

table 8 : explain SELECT c FROM sbtest8 WHERE id=3724668
	Index Scan using sbtest8_pkey on sbtest8  (cost=0.43..8.45 rows=1 width=121)
	  Index Cond: (id = 3724668)

for: simple_ranges
table 1 : explain SELECT c FROM sbtest1 WHERE id BETWEEN 658203 AND 658212
	Index Scan using sbtest1_pkey on sbtest1  (cost=0.43..41.89 rows=11 width=121)
	  Index Cond: ((id >= 658203) AND (id <= 658212))

table 2 : explain SELECT c FROM sbtest2 WHERE id BETWEEN 7607113 AND 7607122
	Index Scan using sbtest2_pkey on sbtest2  (cost=0.43..41.80 rows=11 width=121)
	  Index Cond: ((id >= 7607113) AND (id <= 7607122))

table 3 : explain SELECT c FROM sbtest3 WHERE id BETWEEN 216215 AND 216224
	Index Scan using sbtest3_pkey on sbtest3  (cost=0.43..39.11 rows=10 width=121)
	  Index Cond: ((id >= 216215) AND (id <= 216224))

table 4 : explain SELECT c FROM sbtest4 WHERE id BETWEEN 4857370 AND 4857379
	Index Scan using sbtest4_pkey on sbtest4  (cost=0.43..42.30 rows=11 width=121)
	  Index Cond: ((id >= 4857370) AND (id <= 4857379))

table 5 : explain SELECT c FROM sbtest5 WHERE id BETWEEN 8975137 AND 8975146
	Index Scan using sbtest5_pkey on sbtest5  (cost=0.43..38.87 rows=10 width=121)
	  Index Cond: ((id >= 8975137) AND (id <= 8975146))

table 6 : explain SELECT c FROM sbtest6 WHERE id BETWEEN 5305042 AND 5305051
	Index Scan using sbtest6_pkey on sbtest6  (cost=0.43..42.14 rows=11 width=121)
	  Index Cond: ((id >= 5305042) AND (id <= 5305051))

table 7 : explain SELECT c FROM sbtest7 WHERE id BETWEEN 1724711 AND 1724720
	Index Scan using sbtest7_pkey on sbtest7  (cost=0.43..42.10 rows=11 width=121)
	  Index Cond: ((id >= 1724711) AND (id <= 1724720))

table 8 : explain SELECT c FROM sbtest8 WHERE id BETWEEN 4772990 AND 4772999
	Index Scan using sbtest8_pkey on sbtest8  (cost=0.43..38.87 rows=10 width=121)
	  Index Cond: ((id >= 4772990) AND (id <= 4772999))

for inserts
table 1 : explain INSERT INTO sbtest1 (id, k, c, pad) VALUES (2131682, 13, 'foobar', 'foobar')
	Insert on sbtest1  (cost=0.00..0.01 rows=0 width=0)
	  ->  Result  (cost=0.00..0.01 rows=1 width=736)

table 2 : explain INSERT INTO sbtest2 (id, k, c, pad) VALUES (8086208, 13, 'foobar', 'foobar')
	Insert on sbtest2  (cost=0.00..0.01 rows=0 width=0)
	  ->  Result  (cost=0.00..0.01 rows=1 width=736)

table 3 : explain INSERT INTO sbtest3 (id, k, c, pad) VALUES (908914, 13, 'foobar', 'foobar')
	Insert on sbtest3  (cost=0.00..0.01 rows=0 width=0)
	  ->  Result  (cost=0.00..0.01 rows=1 width=736)

table 4 : explain INSERT INTO sbtest4 (id, k, c, pad) VALUES (626662, 13, 'foobar', 'foobar')
	Insert on sbtest4  (cost=0.00..0.01 rows=0 width=0)
	  ->  Result  (cost=0.00..0.01 rows=1 width=736)

table 5 : explain INSERT INTO sbtest5 (id, k, c, pad) VALUES (3291529, 13, 'foobar', 'foobar')
	Insert on sbtest5  (cost=0.00..0.01 rows=0 width=0)
	  ->  Result  (cost=0.00..0.01 rows=1 width=736)

table 6 : explain INSERT INTO sbtest6 (id, k, c, pad) VALUES (2602479, 13, 'foobar', 'foobar')
	Insert on sbtest6  (cost=0.00..0.01 rows=0 width=0)
	  ->  Result  (cost=0.00..0.01 rows=1 width=736)

table 7 : explain INSERT INTO sbtest7 (id, k, c, pad) VALUES (9312914, 13, 'foobar', 'foobar')
	Insert on sbtest7  (cost=0.00..0.01 rows=0 width=0)
	  ->  Result  (cost=0.00..0.01 rows=1 width=736)

table 8 : explain INSERT INTO sbtest8 (id, k, c, pad) VALUES (4120078, 13, 'foobar', 'foobar')
	Insert on sbtest8  (cost=0.00..0.01 rows=0 width=0)
	  ->  Result  (cost=0.00..0.01 rows=1 width=736)

for point_selects
table 1 : explain SELECT c FROM sbtest1 WHERE id=6773611
	Index Scan using sbtest1_pkey on sbtest1  (cost=0.43..8.45 rows=1 width=121)
	  Index Cond: (id = 6773611)

table 2 : explain SELECT c FROM sbtest2 WHERE id=9758800
	Index Scan using sbtest2_pkey on sbtest2  (cost=0.43..8.45 rows=1 width=121)
	  Index Cond: (id = 9758800)

table 3 : explain SELECT c FROM sbtest3 WHERE id=2198612
	Index Scan using sbtest3_pkey on sbtest3  (cost=0.43..8.45 rows=1 width=121)
	  Index Cond: (id = 2198612)

table 4 : explain SELECT c FROM sbtest4 WHERE id=1554289
	Index Scan using sbtest4_pkey on sbtest4  (cost=0.43..8.45 rows=1 width=121)
	  Index Cond: (id = 1554289)

table 5 : explain SELECT c FROM sbtest5 WHERE id=1042649
	Index Scan using sbtest5_pkey on sbtest5  (cost=0.43..8.45 rows=1 width=121)
	  Index Cond: (id = 1042649)

table 6 : explain SELECT c FROM sbtest6 WHERE id=2699750
	Index Scan using sbtest6_pkey on sbtest6  (cost=0.43..8.45 rows=1 width=121)
	  Index Cond: (id = 2699750)

table 7 : explain SELECT c FROM sbtest7 WHERE id=1699133
	Index Scan using sbtest7_pkey on sbtest7  (cost=0.43..8.45 rows=1 width=121)
	  Index Cond: (id = 1699133)

table 8 : explain SELECT c FROM sbtest8 WHERE id=9420702
	Index Scan using sbtest8_pkey on sbtest8  (cost=0.43..8.45 rows=1 width=121)
	  Index Cond: (id = 9420702)

for: distinct_ranges
table 1 : explain SELECT DISTINCT c FROM sbtest1 WHERE id BETWEEN 7865017 AND 7865026 ORDER BY c
	Unique  (cost=35.35..35.39 rows=9 width=121)
	  ->  Sort  (cost=35.35..35.37 rows=9 width=121)
	        Sort Key: c
	        ->  Index Scan using sbtest1_pkey on sbtest1  (cost=0.43..35.21 rows=9 width=121)
	              Index Cond: ((id >= 7865017) AND (id <= 7865026))

table 2 : explain SELECT DISTINCT c FROM sbtest2 WHERE id BETWEEN 4840588 AND 4840597 ORDER BY c
	Unique  (cost=38.63..38.68 rows=10 width=121)
	  ->  Sort  (cost=38.63..38.66 rows=10 width=121)
	        Sort Key: c
	        ->  Index Scan using sbtest2_pkey on sbtest2  (cost=0.43..38.47 rows=10 width=121)
	              Index Cond: ((id >= 4840588) AND (id <= 4840597))

table 3 : explain SELECT DISTINCT c FROM sbtest3 WHERE id BETWEEN 4800524 AND 4800533 ORDER BY c
	Unique  (cost=39.28..39.33 rows=10 width=121)
	  ->  Sort  (cost=39.28..39.30 rows=10 width=121)
	        Sort Key: c
	        ->  Index Scan using sbtest3_pkey on sbtest3  (cost=0.43..39.11 rows=10 width=121)
	              Index Cond: ((id >= 4800524) AND (id <= 4800533))

table 4 : explain SELECT DISTINCT c FROM sbtest4 WHERE id BETWEEN 157309 AND 157318 ORDER BY c
	Unique  (cost=35.68..35.72 rows=9 width=121)
	  ->  Sort  (cost=35.68..35.70 rows=9 width=121)
	        Sort Key: c
	        ->  Index Scan using sbtest4_pkey on sbtest4  (cost=0.43..35.53 rows=9 width=121)
	              Index Cond: ((id >= 157309) AND (id <= 157318))

table 5 : explain SELECT DISTINCT c FROM sbtest5 WHERE id BETWEEN 6848758 AND 6848767 ORDER BY c
	Unique  (cost=35.63..35.68 rows=9 width=121)
	  ->  Sort  (cost=35.63..35.65 rows=9 width=121)
	        Sort Key: c
	        ->  Index Scan using sbtest5_pkey on sbtest5  (cost=0.43..35.49 rows=9 width=121)
	              Index Cond: ((id >= 6848758) AND (id <= 6848767))

table 6 : explain SELECT DISTINCT c FROM sbtest6 WHERE id BETWEEN 627695 AND 627704 ORDER BY c
	Unique  (cost=38.94..38.99 rows=10 width=121)
	  ->  Sort  (cost=38.94..38.96 rows=10 width=121)
	        Sort Key: c
	        ->  Index Scan using sbtest6_pkey on sbtest6  (cost=0.43..38.77 rows=10 width=121)
	              Index Cond: ((id >= 627695) AND (id <= 627704))

table 7 : explain SELECT DISTINCT c FROM sbtest7 WHERE id BETWEEN 3589516 AND 3589525 ORDER BY c
	Unique  (cost=35.52..35.56 rows=9 width=121)
	  ->  Sort  (cost=35.52..35.54 rows=9 width=121)
	        Sort Key: c
	        ->  Index Scan using sbtest7_pkey on sbtest7  (cost=0.43..35.37 rows=9 width=121)
	              Index Cond: ((id >= 3589516) AND (id <= 3589525))

table 8 : explain SELECT DISTINCT c FROM sbtest8 WHERE id BETWEEN 2194327 AND 2194336 ORDER BY c
	Unique  (cost=39.03..39.08 rows=10 width=121)
	  ->  Sort  (cost=39.03..39.06 rows=10 width=121)
	        Sort Key: c
	        ->  Index Scan using sbtest8_pkey on sbtest8  (cost=0.43..38.87 rows=10 width=121)
	              Index Cond: ((id >= 2194327) AND (id <= 2194336))

for point_selects
table 1 : explain SELECT c FROM sbtest1 WHERE id=8084150
	Index Scan using sbtest1_pkey on sbtest1  (cost=0.43..8.45 rows=1 width=121)
	  Index Cond: (id = 8084150)

table 2 : explain SELECT c FROM sbtest2 WHERE id=5236096
	Index Scan using sbtest2_pkey on sbtest2  (cost=0.43..8.45 rows=1 width=121)
	  Index Cond: (id = 5236096)

table 3 : explain SELECT c FROM sbtest3 WHERE id=999083
	Index Scan using sbtest3_pkey on sbtest3  (cost=0.43..8.45 rows=1 width=121)
	  Index Cond: (id = 999083)

table 4 : explain SELECT c FROM sbtest4 WHERE id=8271007
	Index Scan using sbtest4_pkey on sbtest4  (cost=0.43..8.45 rows=1 width=121)
	  Index Cond: (id = 8271007)

table 5 : explain SELECT c FROM sbtest5 WHERE id=6408678
	Index Scan using sbtest5_pkey on sbtest5  (cost=0.43..8.45 rows=1 width=121)
	  Index Cond: (id = 6408678)

table 6 : explain SELECT c FROM sbtest6 WHERE id=5142659
	Index Scan using sbtest6_pkey on sbtest6  (cost=0.43..8.45 rows=1 width=121)
	  Index Cond: (id = 5142659)

table 7 : explain SELECT c FROM sbtest7 WHERE id=2740080
	Index Scan using sbtest7_pkey on sbtest7  (cost=0.43..8.45 rows=1 width=121)
	  Index Cond: (id = 2740080)

table 8 : explain SELECT c FROM sbtest8 WHERE id=5751978
	Index Scan using sbtest8_pkey on sbtest8  (cost=0.43..8.45 rows=1 width=121)
	  Index Cond: (id = 5751978)

for point_selects
table 1 : explain SELECT c FROM sbtest1 WHERE id=7066912
	Index Scan using sbtest1_pkey on sbtest1  (cost=0.43..8.45 rows=1 width=121)
	  Index Cond: (id = 7066912)

table 2 : explain SELECT c FROM sbtest2 WHERE id=7927951
	Index Scan using sbtest2_pkey on sbtest2  (cost=0.43..8.45 rows=1 width=121)
	  Index Cond: (id = 7927951)

table 3 : explain SELECT c FROM sbtest3 WHERE id=366626
	Index Scan using sbtest3_pkey on sbtest3  (cost=0.43..8.45 rows=1 width=121)
	  Index Cond: (id = 366626)

table 4 : explain SELECT c FROM sbtest4 WHERE id=5779415
	Index Scan using sbtest4_pkey on sbtest4  (cost=0.43..8.45 rows=1 width=121)
	  Index Cond: (id = 5779415)

table 5 : explain SELECT c FROM sbtest5 WHERE id=9378467
	Index Scan using sbtest5_pkey on sbtest5  (cost=0.43..8.45 rows=1 width=121)
	  Index Cond: (id = 9378467)

table 6 : explain SELECT c FROM sbtest6 WHERE id=5841644
	Index Scan using sbtest6_pkey on sbtest6  (cost=0.43..8.45 rows=1 width=121)
	  Index Cond: (id = 5841644)

table 7 : explain SELECT c FROM sbtest7 WHERE id=5892990
	Index Scan using sbtest7_pkey on sbtest7  (cost=0.43..8.45 rows=1 width=121)
	  Index Cond: (id = 5892990)

table 8 : explain SELECT c FROM sbtest8 WHERE id=4560129
	Index Scan using sbtest8_pkey on sbtest8  (cost=0.43..8.45 rows=1 width=121)
	  Index Cond: (id = 4560129)

for point_selects
table 1 : explain SELECT c FROM sbtest1 WHERE id=9477585
	Index Scan using sbtest1_pkey on sbtest1  (cost=0.43..8.45 rows=1 width=121)
	  Index Cond: (id = 9477585)

table 2 : explain SELECT c FROM sbtest2 WHERE id=6584892
	Index Scan using sbtest2_pkey on sbtest2  (cost=0.43..8.45 rows=1 width=121)
	  Index Cond: (id = 6584892)

table 3 : explain SELECT c FROM sbtest3 WHERE id=7716312
	Index Scan using sbtest3_pkey on sbtest3  (cost=0.43..8.45 rows=1 width=121)
	  Index Cond: (id = 7716312)

table 4 : explain SELECT c FROM sbtest4 WHERE id=8082910
	Index Scan using sbtest4_pkey on sbtest4  (cost=0.43..8.45 rows=1 width=121)
	  Index Cond: (id = 8082910)

table 5 : explain SELECT c FROM sbtest5 WHERE id=8227574
	Index Scan using sbtest5_pkey on sbtest5  (cost=0.43..8.45 rows=1 width=121)
	  Index Cond: (id = 8227574)

table 6 : explain SELECT c FROM sbtest6 WHERE id=4098876
	Index Scan using sbtest6_pkey on sbtest6  (cost=0.43..8.45 rows=1 width=121)
	  Index Cond: (id = 4098876)

table 7 : explain SELECT c FROM sbtest7 WHERE id=9759111
	Index Scan using sbtest7_pkey on sbtest7  (cost=0.43..8.45 rows=1 width=121)
	  Index Cond: (id = 9759111)

table 8 : explain SELECT c FROM sbtest8 WHERE id=5697532
	Index Scan using sbtest8_pkey on sbtest8  (cost=0.43..8.45 rows=1 width=121)
	  Index Cond: (id = 5697532)

for inserts
table 1 : explain INSERT INTO sbtest1 (id, k, c, pad) VALUES (79641, 13, 'foobar', 'foobar')
	Insert on sbtest1  (cost=0.00..0.01 rows=0 width=0)
	  ->  Result  (cost=0.00..0.01 rows=1 width=736)

table 2 : explain INSERT INTO sbtest2 (id, k, c, pad) VALUES (6199177, 13, 'foobar', 'foobar')
	Insert on sbtest2  (cost=0.00..0.01 rows=0 width=0)
	  ->  Result  (cost=0.00..0.01 rows=1 width=736)

table 3 : explain INSERT INTO sbtest3 (id, k, c, pad) VALUES (2051950, 13, 'foobar', 'foobar')
	Insert on sbtest3  (cost=0.00..0.01 rows=0 width=0)
	  ->  Result  (cost=0.00..0.01 rows=1 width=736)

table 4 : explain INSERT INTO sbtest4 (id, k, c, pad) VALUES (1777714, 13, 'foobar', 'foobar')
	Insert on sbtest4  (cost=0.00..0.01 rows=0 width=0)
	  ->  Result  (cost=0.00..0.01 rows=1 width=736)

table 5 : explain INSERT INTO sbtest5 (id, k, c, pad) VALUES (8023805, 13, 'foobar', 'foobar')
	Insert on sbtest5  (cost=0.00..0.01 rows=0 width=0)
	  ->  Result  (cost=0.00..0.01 rows=1 width=736)

table 6 : explain INSERT INTO sbtest6 (id, k, c, pad) VALUES (3494688, 13, 'foobar', 'foobar')
	Insert on sbtest6  (cost=0.00..0.01 rows=0 width=0)
	  ->  Result  (cost=0.00..0.01 rows=1 width=736)

table 7 : explain INSERT INTO sbtest7 (id, k, c, pad) VALUES (1946131, 13, 'foobar', 'foobar')
	Insert on sbtest7  (cost=0.00..0.01 rows=0 width=0)
	  ->  Result  (cost=0.00..0.01 rows=1 width=736)

table 8 : explain INSERT INTO sbtest8 (id, k, c, pad) VALUES (2929307, 13, 'foobar', 'foobar')
	Insert on sbtest8  (cost=0.00..0.01 rows=0 width=0)
	  ->  Result  (cost=0.00..0.01 rows=1 width=736)

explain: for index_updates :: explain UPDATE sbtest%u SET k=k+1 WHERE id=%u
for: order_ranges
table 1 : explain SELECT c FROM sbtest1 WHERE id BETWEEN 3245987 AND 3245996 ORDER BY c
	Sort  (cost=35.35..35.37 rows=9 width=121)
	  Sort Key: c
	  ->  Index Scan using sbtest1_pkey on sbtest1  (cost=0.43..35.21 rows=9 width=121)
	        Index Cond: ((id >= 3245987) AND (id <= 3245996))

table 2 : explain SELECT c FROM sbtest2 WHERE id BETWEEN 9738921 AND 9738930 ORDER BY c
	Sort  (cost=31.92..31.94 rows=8 width=121)
	  Sort Key: c
	  ->  Index Scan using sbtest2_pkey on sbtest2  (cost=0.43..31.80 rows=8 width=121)
	        Index Cond: ((id >= 9738921) AND (id <= 9738930))

table 3 : explain SELECT c FROM sbtest3 WHERE id BETWEEN 1509901 AND 1509910 ORDER BY c
	Sort  (cost=39.28..39.30 rows=10 width=121)
	  Sort Key: c
	  ->  Index Scan using sbtest3_pkey on sbtest3  (cost=0.43..39.11 rows=10 width=121)
	        Index Cond: ((id >= 1509901) AND (id <= 1509910))

table 4 : explain SELECT c FROM sbtest4 WHERE id BETWEEN 102175 AND 102184 ORDER BY c
	Sort  (cost=35.68..35.70 rows=9 width=121)
	  Sort Key: c
	  ->  Index Scan using sbtest4_pkey on sbtest4  (cost=0.43..35.53 rows=9 width=121)
	        Index Cond: ((id >= 102175) AND (id <= 102184))

table 5 : explain SELECT c FROM sbtest5 WHERE id BETWEEN 7708873 AND 7708882 ORDER BY c
	Sort  (cost=39.03..39.06 rows=10 width=121)
	  Sort Key: c
	  ->  Index Scan using sbtest5_pkey on sbtest5  (cost=0.43..38.87 rows=10 width=121)
	        Index Cond: ((id >= 7708873) AND (id <= 7708882))

table 6 : explain SELECT c FROM sbtest6 WHERE id BETWEEN 4931766 AND 4931775 ORDER BY c
	Sort  (cost=38.94..38.96 rows=10 width=121)
	  Sort Key: c
	  ->  Index Scan using sbtest6_pkey on sbtest6  (cost=0.43..38.77 rows=10 width=121)
	        Index Cond: ((id >= 4931766) AND (id <= 4931775))

table 7 : explain SELECT c FROM sbtest7 WHERE id BETWEEN 9950928 AND 9950937 ORDER BY c
	Sort  (cost=35.52..35.54 rows=9 width=121)
	  Sort Key: c
	  ->  Index Scan using sbtest7_pkey on sbtest7  (cost=0.43..35.37 rows=9 width=121)
	        Index Cond: ((id >= 9950928) AND (id <= 9950937))

table 8 : explain SELECT c FROM sbtest8 WHERE id BETWEEN 8328483 AND 8328492 ORDER BY c
	Sort  (cost=35.63..35.65 rows=9 width=121)
	  Sort Key: c
	  ->  Index Scan using sbtest8_pkey on sbtest8  (cost=0.43..35.49 rows=9 width=121)
	        Index Cond: ((id >= 8328483) AND (id <= 8328492))

for point_selects
table 1 : explain SELECT c FROM sbtest1 WHERE id=8742196
	Index Scan using sbtest1_pkey on sbtest1  (cost=0.43..8.45 rows=1 width=121)
	  Index Cond: (id = 8742196)

table 2 : explain SELECT c FROM sbtest2 WHERE id=5377688
	Index Scan using sbtest2_pkey on sbtest2  (cost=0.43..8.45 rows=1 width=121)
	  Index Cond: (id = 5377688)

table 3 : explain SELECT c FROM sbtest3 WHERE id=7383976
	Index Scan using sbtest3_pkey on sbtest3  (cost=0.43..8.45 rows=1 width=121)
	  Index Cond: (id = 7383976)

table 4 : explain SELECT c FROM sbtest4 WHERE id=9420762
	Index Scan using sbtest4_pkey on sbtest4  (cost=0.43..8.45 rows=1 width=121)
	  Index Cond: (id = 9420762)

table 5 : explain SELECT c FROM sbtest5 WHERE id=6839124
	Index Scan using sbtest5_pkey on sbtest5  (cost=0.43..8.45 rows=1 width=121)
	  Index Cond: (id = 6839124)

table 6 : explain SELECT c FROM sbtest6 WHERE id=8628994
	Index Scan using sbtest6_pkey on sbtest6  (cost=0.43..8.45 rows=1 width=121)
	  Index Cond: (id = 8628994)

table 7 : explain SELECT c FROM sbtest7 WHERE id=4749880
	Index Scan using sbtest7_pkey on sbtest7  (cost=0.43..8.45 rows=1 width=121)
	  Index Cond: (id = 4749880)

table 8 : explain SELECT c FROM sbtest8 WHERE id=7365600
	Index Scan using sbtest8_pkey on sbtest8  (cost=0.43..8.45 rows=1 width=121)
	  Index Cond: (id = 7365600)

for: simple_ranges
table 1 : explain SELECT c FROM sbtest1 WHERE id BETWEEN 5918527 AND 5918536
	Index Scan using sbtest1_pkey on sbtest1  (cost=0.43..38.55 rows=10 width=121)
	  Index Cond: ((id >= 5918527) AND (id <= 5918536))

table 2 : explain SELECT c FROM sbtest2 WHERE id BETWEEN 9148205 AND 9148214
	Index Scan using sbtest2_pkey on sbtest2  (cost=0.43..38.47 rows=10 width=121)
	  Index Cond: ((id >= 9148205) AND (id <= 9148214))

table 3 : explain SELECT c FROM sbtest3 WHERE id BETWEEN 2081071 AND 2081080
	Index Scan using sbtest3_pkey on sbtest3  (cost=0.43..39.11 rows=10 width=121)
	  Index Cond: ((id >= 2081071) AND (id <= 2081080))

table 4 : explain SELECT c FROM sbtest4 WHERE id BETWEEN 7628297 AND 7628306
	Index Scan using sbtest4_pkey on sbtest4  (cost=0.43..38.92 rows=10 width=121)
	  Index Cond: ((id >= 7628297) AND (id <= 7628306))

table 5 : explain SELECT c FROM sbtest5 WHERE id BETWEEN 8046759 AND 8046768
	Index Scan using sbtest5_pkey on sbtest5  (cost=0.43..38.87 rows=10 width=121)
	  Index Cond: ((id >= 8046759) AND (id <= 8046768))

table 6 : explain SELECT c FROM sbtest6 WHERE id BETWEEN 324298 AND 324307
	Index Scan using sbtest6_pkey on sbtest6  (cost=0.43..38.77 rows=10 width=121)
	  Index Cond: ((id >= 324298) AND (id <= 324307))

table 7 : explain SELECT c FROM sbtest7 WHERE id BETWEEN 9061061 AND 9061070
	Index Scan using sbtest7_pkey on sbtest7  (cost=0.43..42.10 rows=11 width=121)
	  Index Cond: ((id >= 9061061) AND (id <= 9061070))

table 8 : explain SELECT c FROM sbtest8 WHERE id BETWEEN 7239544 AND 7239553
	Index Scan using sbtest8_pkey on sbtest8  (cost=0.43..38.87 rows=10 width=121)
	  Index Cond: ((id >= 7239544) AND (id <= 7239553))

explain: for point_selects :: explain SELECT c FROM sbtest%u WHERE id=%u
for: simple_ranges
table 1 : explain SELECT c FROM sbtest1 WHERE id BETWEEN 8136578 AND 8136587
	Index Scan using sbtest1_pkey on sbtest1  (cost=0.43..35.21 rows=9 width=121)
	  Index Cond: ((id >= 8136578) AND (id <= 8136587))

table 2 : explain SELECT c FROM sbtest2 WHERE id BETWEEN 9465690 AND 9465699
	Index Scan using sbtest2_pkey on sbtest2  (cost=0.43..38.47 rows=10 width=121)
	  Index Cond: ((id >= 9465690) AND (id <= 9465699))

table 3 : explain SELECT c FROM sbtest3 WHERE id BETWEEN 771899 AND 771908
	Index Scan using sbtest3_pkey on sbtest3  (cost=0.43..35.71 rows=9 width=121)
	  Index Cond: ((id >= 771899) AND (id <= 771908))

table 4 : explain SELECT c FROM sbtest4 WHERE id BETWEEN 2976042 AND 2976051
	Index Scan using sbtest4_pkey on sbtest4  (cost=0.43..38.92 rows=10 width=121)
	  Index Cond: ((id >= 2976042) AND (id <= 2976051))

table 5 : explain SELECT c FROM sbtest5 WHERE id BETWEEN 76731 AND 76740
	Index Scan using sbtest5_pkey on sbtest5  (cost=0.43..38.87 rows=10 width=121)
	  Index Cond: ((id >= 76731) AND (id <= 76740))

table 6 : explain SELECT c FROM sbtest6 WHERE id BETWEEN 510334 AND 510343
	Index Scan using sbtest6_pkey on sbtest6  (cost=0.43..38.77 rows=10 width=121)
	  Index Cond: ((id >= 510334) AND (id <= 510343))

table 7 : explain SELECT c FROM sbtest7 WHERE id BETWEEN 2399775 AND 2399784
	Index Scan using sbtest7_pkey on sbtest7  (cost=0.43..35.37 rows=9 width=121)
	  Index Cond: ((id >= 2399775) AND (id <= 2399784))

table 8 : explain SELECT c FROM sbtest8 WHERE id BETWEEN 1434663 AND 1434672
	Index Scan using sbtest8_pkey on sbtest8  (cost=0.43..35.49 rows=9 width=121)
	  Index Cond: ((id >= 1434663) AND (id <= 1434672))

for: simple_ranges
table 1 : explain SELECT c FROM sbtest1 WHERE id BETWEEN 5509905 AND 5509914
	Index Scan using sbtest1_pkey on sbtest1  (cost=0.43..35.21 rows=9 width=121)
	  Index Cond: ((id >= 5509905) AND (id <= 5509914))

table 2 : explain SELECT c FROM sbtest2 WHERE id BETWEEN 7846161 AND 7846170
	Index Scan using sbtest2_pkey on sbtest2  (cost=0.43..41.80 rows=11 width=121)
	  Index Cond: ((id >= 7846161) AND (id <= 7846170))

table 3 : explain SELECT c FROM sbtest3 WHERE id BETWEEN 8050606 AND 8050615
	Index Scan using sbtest3_pkey on sbtest3  (cost=0.43..39.11 rows=10 width=121)
	  Index Cond: ((id >= 8050606) AND (id <= 8050615))

table 4 : explain SELECT c FROM sbtest4 WHERE id BETWEEN 4495066 AND 4495075
	Index Scan using sbtest4_pkey on sbtest4  (cost=0.43..38.92 rows=10 width=121)
	  Index Cond: ((id >= 4495066) AND (id <= 4495075))

table 5 : explain SELECT c FROM sbtest5 WHERE id BETWEEN 2206326 AND 2206335
	Index Scan using sbtest5_pkey on sbtest5  (cost=0.43..38.87 rows=10 width=121)
	  Index Cond: ((id >= 2206326) AND (id <= 2206335))

table 6 : explain SELECT c FROM sbtest6 WHERE id BETWEEN 4485151 AND 4485160
	Index Scan using sbtest6_pkey on sbtest6  (cost=0.43..42.14 rows=11 width=121)
	  Index Cond: ((id >= 4485151) AND (id <= 4485160))

table 7 : explain SELECT c FROM sbtest7 WHERE id BETWEEN 829379 AND 829388
	Index Scan using sbtest7_pkey on sbtest7  (cost=0.43..35.37 rows=9 width=121)
	  Index Cond: ((id >= 829379) AND (id <= 829388))

table 8 : explain SELECT c FROM sbtest8 WHERE id BETWEEN 9624532 AND 9624541
	Index Scan using sbtest8_pkey on sbtest8  (cost=0.43..38.87 rows=10 width=121)
	  Index Cond: ((id >= 9624532) AND (id <= 9624541))

for index_updates
table 1 : explain UPDATE sbtest1 SET k=k+1 WHERE id=109889
	Update on sbtest1  (cost=0.43..8.46 rows=0 width=0)
	  ->  Index Scan using sbtest1_pkey on sbtest1  (cost=0.43..8.46 rows=1 width=10)
	        Index Cond: (id = 109889)

table 2 : explain UPDATE sbtest2 SET k=k+1 WHERE id=1704557
	Update on sbtest2  (cost=0.43..8.46 rows=0 width=0)
	  ->  Index Scan using sbtest2_pkey on sbtest2  (cost=0.43..8.46 rows=1 width=10)
	        Index Cond: (id = 1704557)

table 3 : explain UPDATE sbtest3 SET k=k+1 WHERE id=3990614
	Update on sbtest3  (cost=0.43..8.46 rows=0 width=0)
	  ->  Index Scan using sbtest3_pkey on sbtest3  (cost=0.43..8.46 rows=1 width=10)
	        Index Cond: (id = 3990614)

table 4 : explain UPDATE sbtest4 SET k=k+1 WHERE id=6408090
	Update on sbtest4  (cost=0.43..8.46 rows=0 width=0)
	  ->  Index Scan using sbtest4_pkey on sbtest4  (cost=0.43..8.46 rows=1 width=10)
	        Index Cond: (id = 6408090)

table 5 : explain UPDATE sbtest5 SET k=k+1 WHERE id=4039457
	Update on sbtest5  (cost=0.43..8.46 rows=0 width=0)
	  ->  Index Scan using sbtest5_pkey on sbtest5  (cost=0.43..8.46 rows=1 width=10)
	        Index Cond: (id = 4039457)

table 6 : explain UPDATE sbtest6 SET k=k+1 WHERE id=1703191
	Update on sbtest6  (cost=0.43..8.46 rows=0 width=0)
	  ->  Index Scan using sbtest6_pkey on sbtest6  (cost=0.43..8.46 rows=1 width=10)
	        Index Cond: (id = 1703191)

table 7 : explain UPDATE sbtest7 SET k=k+1 WHERE id=1715237
	Update on sbtest7  (cost=0.43..8.46 rows=0 width=0)
	  ->  Index Scan using sbtest7_pkey on sbtest7  (cost=0.43..8.46 rows=1 width=10)
	        Index Cond: (id = 1715237)

table 8 : explain UPDATE sbtest8 SET k=k+1 WHERE id=6713903
	Update on sbtest8  (cost=0.43..8.46 rows=0 width=0)
	  ->  Index Scan using sbtest8_pkey on sbtest8  (cost=0.43..8.46 rows=1 width=10)
	        Index Cond: (id = 6713903)

explain: for point_selects :: explain SELECT c FROM sbtest%u WHERE id=%u
explain: for point_selects :: explain SELECT c FROM sbtest%u WHERE id=%u
for: simple_ranges
table 1 : explain SELECT c FROM sbtest1 WHERE id BETWEEN 5975807 AND 5975816
	Index Scan using sbtest1_pkey on sbtest1  (cost=0.43..35.21 rows=9 width=121)
	  Index Cond: ((id >= 5975807) AND (id <= 5975816))

table 2 : explain SELECT c FROM sbtest2 WHERE id BETWEEN 6434430 AND 6434439
	Index Scan using sbtest2_pkey on sbtest2  (cost=0.43..41.80 rows=11 width=121)
	  Index Cond: ((id >= 6434430) AND (id <= 6434439))

table 3 : explain SELECT c FROM sbtest3 WHERE id BETWEEN 7521207 AND 7521216
	Index Scan using sbtest3_pkey on sbtest3  (cost=0.43..39.11 rows=10 width=121)
	  Index Cond: ((id >= 7521207) AND (id <= 7521216))

table 4 : explain SELECT c FROM sbtest4 WHERE id BETWEEN 5462226 AND 5462235
	Index Scan using sbtest4_pkey on sbtest4  (cost=0.43..38.92 rows=10 width=121)
	  Index Cond: ((id >= 5462226) AND (id <= 5462235))

table 5 : explain SELECT c FROM sbtest5 WHERE id BETWEEN 4567628 AND 4567637
	Index Scan using sbtest5_pkey on sbtest5  (cost=0.43..38.87 rows=10 width=121)
	  Index Cond: ((id >= 4567628) AND (id <= 4567637))

table 6 : explain SELECT c FROM sbtest6 WHERE id BETWEEN 9036460 AND 9036469
	Index Scan using sbtest6_pkey on sbtest6  (cost=0.43..42.14 rows=11 width=121)
	  Index Cond: ((id >= 9036460) AND (id <= 9036469))

table 7 : explain SELECT c FROM sbtest7 WHERE id BETWEEN 3853023 AND 3853032
	Index Scan using sbtest7_pkey on sbtest7  (cost=0.43..38.74 rows=10 width=121)
	  Index Cond: ((id >= 3853023) AND (id <= 3853032))

table 8 : explain SELECT c FROM sbtest8 WHERE id BETWEEN 1380337 AND 1380346
	Index Scan using sbtest8_pkey on sbtest8  (cost=0.43..35.49 rows=9 width=121)
	  Index Cond: ((id >= 1380337) AND (id <= 1380346))

explain: for point_selects :: explain SELECT c FROM sbtest%u WHERE id=%u
for: sum_ranges
table 1 : explain SELECT SUM(k) FROM sbtest1 WHERE id BETWEEN 2049662 AND 2049671
	Aggregate  (cost=41.92..41.93 rows=1 width=8)
	  ->  Index Scan using sbtest1_pkey on sbtest1  (cost=0.43..41.89 rows=11 width=4)
	        Index Cond: ((id >= 2049662) AND (id <= 2049671))

table 2 : explain SELECT SUM(k) FROM sbtest2 WHERE id BETWEEN 6262892 AND 6262901
	Aggregate  (cost=38.49..38.50 rows=1 width=8)
	  ->  Index Scan using sbtest2_pkey on sbtest2  (cost=0.43..38.47 rows=10 width=4)
	        Index Cond: ((id >= 6262892) AND (id <= 6262901))

table 3 : explain SELECT SUM(k) FROM sbtest3 WHERE id BETWEEN 229525 AND 229534
	Aggregate  (cost=39.14..39.15 rows=1 width=8)
	  ->  Index Scan using sbtest3_pkey on sbtest3  (cost=0.43..39.11 rows=10 width=4)
	        Index Cond: ((id >= 229525) AND (id <= 229534))

table 4 : explain SELECT SUM(k) FROM sbtest4 WHERE id BETWEEN 9969631 AND 9969640
	Aggregate  (cost=35.56..35.57 rows=1 width=8)
	  ->  Index Scan using sbtest4_pkey on sbtest4  (cost=0.43..35.53 rows=9 width=4)
	        Index Cond: ((id >= 9969631) AND (id <= 9969640))

table 5 : explain SELECT SUM(k) FROM sbtest5 WHERE id BETWEEN 5643376 AND 5643385
	Aggregate  (cost=38.89..38.90 rows=1 width=8)
	  ->  Index Scan using sbtest5_pkey on sbtest5  (cost=0.43..38.87 rows=10 width=4)
	        Index Cond: ((id >= 5643376) AND (id <= 5643385))

table 6 : explain SELECT SUM(k) FROM sbtest6 WHERE id BETWEEN 8357752 AND 8357761
	Aggregate  (cost=38.80..38.81 rows=1 width=8)
	  ->  Index Scan using sbtest6_pkey on sbtest6  (cost=0.43..38.77 rows=10 width=4)
	        Index Cond: ((id >= 8357752) AND (id <= 8357761))

table 7 : explain SELECT SUM(k) FROM sbtest7 WHERE id BETWEEN 787992 AND 788001
	Aggregate  (cost=38.76..38.77 rows=1 width=8)
	  ->  Index Scan using sbtest7_pkey on sbtest7  (cost=0.43..38.74 rows=10 width=4)
	        Index Cond: ((id >= 787992) AND (id <= 788001))

table 8 : explain SELECT SUM(k) FROM sbtest8 WHERE id BETWEEN 4559127 AND 4559136
	Aggregate  (cost=38.89..38.90 rows=1 width=8)
	  ->  Index Scan using sbtest8_pkey on sbtest8  (cost=0.43..38.87 rows=10 width=4)
	        Index Cond: ((id >= 4559127) AND (id <= 4559136))

for: simple_ranges
table 1 : explain SELECT c FROM sbtest1 WHERE id BETWEEN 7662339 AND 7662348
	Index Scan using sbtest1_pkey on sbtest1  (cost=0.43..38.55 rows=10 width=121)
	  Index Cond: ((id >= 7662339) AND (id <= 7662348))

table 2 : explain SELECT c FROM sbtest2 WHERE id BETWEEN 1149208 AND 1149217
	Index Scan using sbtest2_pkey on sbtest2  (cost=0.43..35.13 rows=9 width=121)
	  Index Cond: ((id >= 1149208) AND (id <= 1149217))

table 3 : explain SELECT c FROM sbtest3 WHERE id BETWEEN 7121865 AND 7121874
	Index Scan using sbtest3_pkey on sbtest3  (cost=0.43..35.71 rows=9 width=121)
	  Index Cond: ((id >= 7121865) AND (id <= 7121874))

table 4 : explain SELECT c FROM sbtest4 WHERE id BETWEEN 6186661 AND 6186670
	Index Scan using sbtest4_pkey on sbtest4  (cost=0.43..42.30 rows=11 width=121)
	  Index Cond: ((id >= 6186661) AND (id <= 6186670))

table 5 : explain SELECT c FROM sbtest5 WHERE id BETWEEN 4119037 AND 4119046
	Index Scan using sbtest5_pkey on sbtest5  (cost=0.43..38.87 rows=10 width=121)
	  Index Cond: ((id >= 4119037) AND (id <= 4119046))

table 6 : explain SELECT c FROM sbtest6 WHERE id BETWEEN 9348152 AND 9348161
	Index Scan using sbtest6_pkey on sbtest6  (cost=0.43..35.40 rows=9 width=121)
	  Index Cond: ((id >= 9348152) AND (id <= 9348161))

table 7 : explain SELECT c FROM sbtest7 WHERE id BETWEEN 7623770 AND 7623779
	Index Scan using sbtest7_pkey on sbtest7  (cost=0.43..38.74 rows=10 width=121)
	  Index Cond: ((id >= 7623770) AND (id <= 7623779))

table 8 : explain SELECT c FROM sbtest8 WHERE id BETWEEN 1929870 AND 1929879
	Index Scan using sbtest8_pkey on sbtest8  (cost=0.43..38.87 rows=10 width=121)
	  Index Cond: ((id >= 1929870) AND (id <= 1929879))

for: simple_ranges
table 1 : explain SELECT c FROM sbtest1 WHERE id BETWEEN 3872656 AND 3872665
	Index Scan using sbtest1_pkey on sbtest1  (cost=0.43..38.55 rows=10 width=121)
	  Index Cond: ((id >= 3872656) AND (id <= 3872665))

table 2 : explain SELECT c FROM sbtest2 WHERE id BETWEEN 2897648 AND 2897657
	Index Scan using sbtest2_pkey on sbtest2  (cost=0.43..38.47 rows=10 width=121)
	  Index Cond: ((id >= 2897648) AND (id <= 2897657))

table 3 : explain SELECT c FROM sbtest3 WHERE id BETWEEN 1625895 AND 1625904
	Index Scan using sbtest3_pkey on sbtest3  (cost=0.43..42.52 rows=11 width=121)
	  Index Cond: ((id >= 1625895) AND (id <= 1625904))

table 4 : explain SELECT c FROM sbtest4 WHERE id BETWEEN 6054771 AND 6054780
	Index Scan using sbtest4_pkey on sbtest4  (cost=0.43..42.30 rows=11 width=121)
	  Index Cond: ((id >= 6054771) AND (id <= 6054780))

table 5 : explain SELECT c FROM sbtest5 WHERE id BETWEEN 6387411 AND 6387420
	Index Scan using sbtest5_pkey on sbtest5  (cost=0.43..38.87 rows=10 width=121)
	  Index Cond: ((id >= 6387411) AND (id <= 6387420))

table 6 : explain SELECT c FROM sbtest6 WHERE id BETWEEN 568308 AND 568317
	Index Scan using sbtest6_pkey on sbtest6  (cost=0.43..38.77 rows=10 width=121)
	  Index Cond: ((id >= 568308) AND (id <= 568317))

table 7 : explain SELECT c FROM sbtest7 WHERE id BETWEEN 3076389 AND 3076398
	Index Scan using sbtest7_pkey on sbtest7  (cost=0.43..38.74 rows=10 width=121)
	  Index Cond: ((id >= 3076389) AND (id <= 3076398))

table 8 : explain SELECT c FROM sbtest8 WHERE id BETWEEN 6616237 AND 6616246
	Index Scan using sbtest8_pkey on sbtest8  (cost=0.43..35.49 rows=9 width=121)
	  Index Cond: ((id >= 6616237) AND (id <= 6616246))

explain: for point_selects :: explain SELECT c FROM sbtest%u WHERE id=%u
explain: for point_selects :: explain SELECT c FROM sbtest%u WHERE id=%u
explain: for non_index_updates :: explain UPDATE sbtest%u SET c='foobar' WHERE id=%u
for: simple_ranges
table 1 : explain SELECT c FROM sbtest1 WHERE id BETWEEN 4884597 AND 4884606
	Index Scan using sbtest1_pkey on sbtest1  (cost=0.43..38.55 rows=10 width=121)
	  Index Cond: ((id >= 4884597) AND (id <= 4884606))

table 2 : explain SELECT c FROM sbtest2 WHERE id BETWEEN 3465450 AND 3465459
	Index Scan using sbtest2_pkey on sbtest2  (cost=0.43..38.47 rows=10 width=121)
	  Index Cond: ((id >= 3465450) AND (id <= 3465459))

table 3 : explain SELECT c FROM sbtest3 WHERE id BETWEEN 3673689 AND 3673698
	Index Scan using sbtest3_pkey on sbtest3  (cost=0.43..39.11 rows=10 width=121)
	  Index Cond: ((id >= 3673689) AND (id <= 3673698))

table 4 : explain SELECT c FROM sbtest4 WHERE id BETWEEN 845440 AND 845449
	Index Scan using sbtest4_pkey on sbtest4  (cost=0.43..38.92 rows=10 width=121)
	  Index Cond: ((id >= 845440) AND (id <= 845449))

table 5 : explain SELECT c FROM sbtest5 WHERE id BETWEEN 6883313 AND 6883322
	Index Scan using sbtest5_pkey on sbtest5  (cost=0.43..35.49 rows=9 width=121)
	  Index Cond: ((id >= 6883313) AND (id <= 6883322))

table 6 : explain SELECT c FROM sbtest6 WHERE id BETWEEN 9519328 AND 9519337
	Index Scan using sbtest6_pkey on sbtest6  (cost=0.43..42.14 rows=11 width=121)
	  Index Cond: ((id >= 9519328) AND (id <= 9519337))

table 7 : explain SELECT c FROM sbtest7 WHERE id BETWEEN 8390953 AND 8390962
	Index Scan using sbtest7_pkey on sbtest7  (cost=0.43..38.74 rows=10 width=121)
	  Index Cond: ((id >= 8390953) AND (id <= 8390962))

table 8 : explain SELECT c FROM sbtest8 WHERE id BETWEEN 7307393 AND 7307402
	Index Scan using sbtest8_pkey on sbtest8  (cost=0.43..35.49 rows=9 width=121)
	  Index Cond: ((id >= 7307393) AND (id <= 7307402))

explain: for point_selects :: explain SELECT c FROM sbtest%u WHERE id=%u
explain: for point_selects :: explain SELECT c FROM sbtest%u WHERE id=%u
for: distinct_ranges
table 1 : explain SELECT DISTINCT c FROM sbtest1 WHERE id BETWEEN 5601575 AND 5601584 ORDER BY c
	Unique  (cost=38.72..38.77 rows=10 width=121)
	  ->  Sort  (cost=38.72..38.74 rows=10 width=121)
	        Sort Key: c
	        ->  Index Scan using sbtest1_pkey on sbtest1  (cost=0.43..38.55 rows=10 width=121)
	              Index Cond: ((id >= 5601575) AND (id <= 5601584))

table 2 : explain SELECT DISTINCT c FROM sbtest2 WHERE id BETWEEN 9339036 AND 9339045 ORDER BY c
	Unique  (cost=41.99..42.05 rows=11 width=121)
	  ->  Sort  (cost=41.99..42.02 rows=11 width=121)
	        Sort Key: c
	        ->  Index Scan using sbtest2_pkey on sbtest2  (cost=0.43..41.80 rows=11 width=121)
	              Index Cond: ((id >= 9339036) AND (id <= 9339045))

table 3 : explain SELECT DISTINCT c FROM sbtest3 WHERE id BETWEEN 4509103 AND 4509112 ORDER BY c
	Unique  (cost=39.28..39.33 rows=10 width=121)
	  ->  Sort  (cost=39.28..39.30 rows=10 width=121)
	        Sort Key: c
	        ->  Index Scan using sbtest3_pkey on sbtest3  (cost=0.43..39.11 rows=10 width=121)
	              Index Cond: ((id >= 4509103) AND (id <= 4509112))

table 4 : explain SELECT DISTINCT c FROM sbtest4 WHERE id BETWEEN 6152987 AND 6152996 ORDER BY c
	Unique  (cost=42.50..42.55 rows=11 width=121)
	  ->  Sort  (cost=42.50..42.52 rows=11 width=121)
	        Sort Key: c
	        ->  Index Scan using sbtest4_pkey on sbtest4  (cost=0.43..42.30 rows=11 width=121)
	              Index Cond: ((id >= 6152987) AND (id <= 6152996))

table 5 : explain SELECT DISTINCT c FROM sbtest5 WHERE id BETWEEN 6567279 AND 6567288 ORDER BY c
	Unique  (cost=42.44..42.49 rows=11 width=121)
	  ->  Sort  (cost=42.44..42.46 rows=11 width=121)
	        Sort Key: c
	        ->  Index Scan using sbtest5_pkey on sbtest5  (cost=0.43..42.25 rows=11 width=121)
	              Index Cond: ((id >= 6567279) AND (id <= 6567288))

table 6 : explain SELECT DISTINCT c FROM sbtest6 WHERE id BETWEEN 3383387 AND 3383396 ORDER BY c
	Unique  (cost=38.94..38.99 rows=10 width=121)
	  ->  Sort  (cost=38.94..38.96 rows=10 width=121)
	        Sort Key: c
	        ->  Index Scan using sbtest6_pkey on sbtest6  (cost=0.43..38.77 rows=10 width=121)
	              Index Cond: ((id >= 3383387) AND (id <= 3383396))

table 7 : explain SELECT DISTINCT c FROM sbtest7 WHERE id BETWEEN 3464531 AND 3464540 ORDER BY c
	Unique  (cost=38.90..38.95 rows=10 width=121)
	  ->  Sort  (cost=38.90..38.93 rows=10 width=121)
	        Sort Key: c
	        ->  Index Scan using sbtest7_pkey on sbtest7  (cost=0.43..38.74 rows=10 width=121)
	              Index Cond: ((id >= 3464531) AND (id <= 3464540))

table 8 : explain SELECT DISTINCT c FROM sbtest8 WHERE id BETWEEN 632013 AND 632022 ORDER BY c
	Unique  (cost=39.03..39.08 rows=10 width=121)
	  ->  Sort  (cost=39.03..39.06 rows=10 width=121)
	        Sort Key: c
	        ->  Index Scan using sbtest8_pkey on sbtest8  (cost=0.43..38.87 rows=10 width=121)
	              Index Cond: ((id >= 632013) AND (id <= 632022))

for non_index_updates
table 1 : explain UPDATE sbtest1 SET c='foobar' WHERE id=1438799
	Update on sbtest1  (cost=0.43..8.45 rows=0 width=0)
	  ->  Index Scan using sbtest1_pkey on sbtest1  (cost=0.43..8.45 rows=1 width=490)
	        Index Cond: (id = 1438799)

table 2 : explain UPDATE sbtest2 SET c='foobar' WHERE id=4290946
	Update on sbtest2  (cost=0.43..8.45 rows=0 width=0)
	  ->  Index Scan using sbtest2_pkey on sbtest2  (cost=0.43..8.45 rows=1 width=490)
	        Index Cond: (id = 4290946)

table 3 : explain UPDATE sbtest3 SET c='foobar' WHERE id=4982542
	Update on sbtest3  (cost=0.43..8.45 rows=0 width=0)
	  ->  Index Scan using sbtest3_pkey on sbtest3  (cost=0.43..8.45 rows=1 width=490)
	        Index Cond: (id = 4982542)

table 4 : explain UPDATE sbtest4 SET c='foobar' WHERE id=1883885
	Update on sbtest4  (cost=0.43..8.45 rows=0 width=0)
	  ->  Index Scan using sbtest4_pkey on sbtest4  (cost=0.43..8.45 rows=1 width=490)
	        Index Cond: (id = 1883885)

table 5 : explain UPDATE sbtest5 SET c='foobar' WHERE id=4999424
	Update on sbtest5  (cost=0.43..8.45 rows=0 width=0)
	  ->  Index Scan using sbtest5_pkey on sbtest5  (cost=0.43..8.45 rows=1 width=490)
	        Index Cond: (id = 4999424)

table 6 : explain UPDATE sbtest6 SET c='foobar' WHERE id=3208906
	Update on sbtest6  (cost=0.43..8.45 rows=0 width=0)
	  ->  Index Scan using sbtest6_pkey on sbtest6  (cost=0.43..8.45 rows=1 width=490)
	        Index Cond: (id = 3208906)

table 7 : explain UPDATE sbtest7 SET c='foobar' WHERE id=1170700
	Update on sbtest7  (cost=0.43..8.45 rows=0 width=0)
	  ->  Index Scan using sbtest7_pkey on sbtest7  (cost=0.43..8.45 rows=1 width=490)
	        Index Cond: (id = 1170700)

table 8 : explain UPDATE sbtest8 SET c='foobar' WHERE id=3571904
	Update on sbtest8  (cost=0.43..8.45 rows=0 width=0)
	  ->  Index Scan using sbtest8_pkey on sbtest8  (cost=0.43..8.45 rows=1 width=490)
	        Index Cond: (id = 3571904)

for: sum_ranges
table 1 : explain SELECT SUM(k) FROM sbtest1 WHERE id BETWEEN 9841758 AND 9841767
	Aggregate  (cost=41.92..41.93 rows=1 width=8)
	  ->  Index Scan using sbtest1_pkey on sbtest1  (cost=0.43..41.89 rows=11 width=4)
	        Index Cond: ((id >= 9841758) AND (id <= 9841767))

table 2 : explain SELECT SUM(k) FROM sbtest2 WHERE id BETWEEN 9722598 AND 9722607
	Aggregate  (cost=31.82..31.83 rows=1 width=8)
	  ->  Index Scan using sbtest2_pkey on sbtest2  (cost=0.43..31.80 rows=8 width=4)
	        Index Cond: ((id >= 9722598) AND (id <= 9722607))

table 3 : explain SELECT SUM(k) FROM sbtest3 WHERE id BETWEEN 1486287 AND 1486296
	Aggregate  (cost=39.14..39.15 rows=1 width=8)
	  ->  Index Scan using sbtest3_pkey on sbtest3  (cost=0.43..39.11 rows=10 width=4)
	        Index Cond: ((id >= 1486287) AND (id <= 1486296))

table 4 : explain SELECT SUM(k) FROM sbtest4 WHERE id BETWEEN 1999314 AND 1999323
	Aggregate  (cost=38.94..38.95 rows=1 width=8)
	  ->  Index Scan using sbtest4_pkey on sbtest4  (cost=0.43..38.92 rows=10 width=4)
	        Index Cond: ((id >= 1999314) AND (id <= 1999323))

table 5 : explain SELECT SUM(k) FROM sbtest5 WHERE id BETWEEN 4007229 AND 4007238
	Aggregate  (cost=38.89..38.90 rows=1 width=8)
	  ->  Index Scan using sbtest5_pkey on sbtest5  (cost=0.43..38.87 rows=10 width=4)
	        Index Cond: ((id >= 4007229) AND (id <= 4007238))

table 6 : explain SELECT SUM(k) FROM sbtest6 WHERE id BETWEEN 9725978 AND 9725987
	Aggregate  (cost=38.80..38.81 rows=1 width=8)
	  ->  Index Scan using sbtest6_pkey on sbtest6  (cost=0.43..38.77 rows=10 width=4)
	        Index Cond: ((id >= 9725978) AND (id <= 9725987))

table 7 : explain SELECT SUM(k) FROM sbtest7 WHERE id BETWEEN 6835222 AND 6835231
	Aggregate  (cost=38.76..38.77 rows=1 width=8)
	  ->  Index Scan using sbtest7_pkey on sbtest7  (cost=0.43..38.74 rows=10 width=4)
	        Index Cond: ((id >= 6835222) AND (id <= 6835231))

table 8 : explain SELECT SUM(k) FROM sbtest8 WHERE id BETWEEN 5735241 AND 5735250
	Aggregate  (cost=35.51..35.52 rows=1 width=8)
	  ->  Index Scan using sbtest8_pkey on sbtest8  (cost=0.43..35.49 rows=9 width=4)
	        Index Cond: ((id >= 5735241) AND (id <= 5735250))

explain: for index_updates :: explain UPDATE sbtest%u SET k=k+1 WHERE id=%u
for: sum_ranges
table 1 : explain SELECT SUM(k) FROM sbtest1 WHERE id BETWEEN 539185 AND 539194
	Aggregate  (cost=41.92..41.93 rows=1 width=8)
	  ->  Index Scan using sbtest1_pkey on sbtest1  (cost=0.43..41.89 rows=11 width=4)
	        Index Cond: ((id >= 539185) AND (id <= 539194))

table 2 : explain SELECT SUM(k) FROM sbtest2 WHERE id BETWEEN 2238800 AND 2238809
	Aggregate  (cost=41.83..41.84 rows=1 width=8)
	  ->  Index Scan using sbtest2_pkey on sbtest2  (cost=0.43..41.80 rows=11 width=4)
	        Index Cond: ((id >= 2238800) AND (id <= 2238809))

table 3 : explain SELECT SUM(k) FROM sbtest3 WHERE id BETWEEN 1040561 AND 1040570
	Aggregate  (cost=39.14..39.15 rows=1 width=8)
	  ->  Index Scan using sbtest3_pkey on sbtest3  (cost=0.43..39.11 rows=10 width=4)
	        Index Cond: ((id >= 1040561) AND (id <= 1040570))

table 4 : explain SELECT SUM(k) FROM sbtest4 WHERE id BETWEEN 5466609 AND 5466618
	Aggregate  (cost=38.94..38.95 rows=1 width=8)
	  ->  Index Scan using sbtest4_pkey on sbtest4  (cost=0.43..38.92 rows=10 width=4)
	        Index Cond: ((id >= 5466609) AND (id <= 5466618))

table 5 : explain SELECT SUM(k) FROM sbtest5 WHERE id BETWEEN 8769089 AND 8769098
	Aggregate  (cost=38.89..38.90 rows=1 width=8)
	  ->  Index Scan using sbtest5_pkey on sbtest5  (cost=0.43..38.87 rows=10 width=4)
	        Index Cond: ((id >= 8769089) AND (id <= 8769098))

table 6 : explain SELECT SUM(k) FROM sbtest6 WHERE id BETWEEN 1899705 AND 1899714
	Aggregate  (cost=38.80..38.81 rows=1 width=8)
	  ->  Index Scan using sbtest6_pkey on sbtest6  (cost=0.43..38.77 rows=10 width=4)
	        Index Cond: ((id >= 1899705) AND (id <= 1899714))

table 7 : explain SELECT SUM(k) FROM sbtest7 WHERE id BETWEEN 8813119 AND 8813128
	Aggregate  (cost=38.76..38.77 rows=1 width=8)
	  ->  Index Scan using sbtest7_pkey on sbtest7  (cost=0.43..38.74 rows=10 width=4)
	        Index Cond: ((id >= 8813119) AND (id <= 8813128))

table 8 : explain SELECT SUM(k) FROM sbtest8 WHERE id BETWEEN 6768179 AND 6768188
	Aggregate  (cost=35.51..35.52 rows=1 width=8)
	  ->  Index Scan using sbtest8_pkey on sbtest8  (cost=0.43..35.49 rows=9 width=4)
	        Index Cond: ((id >= 6768179) AND (id <= 6768188))

explain: for deletes :: explain DELETE FROM sbtest%u WHERE id=%u
for: sum_ranges
table 1 : explain SELECT SUM(k) FROM sbtest1 WHERE id BETWEEN 6608046 AND 6608055
	Aggregate  (cost=41.92..41.93 rows=1 width=8)
	  ->  Index Scan using sbtest1_pkey on sbtest1  (cost=0.43..41.89 rows=11 width=4)
	        Index Cond: ((id >= 6608046) AND (id <= 6608055))

table 2 : explain SELECT SUM(k) FROM sbtest2 WHERE id BETWEEN 154321 AND 154330
	Aggregate  (cost=38.49..38.50 rows=1 width=8)
	  ->  Index Scan using sbtest2_pkey on sbtest2  (cost=0.43..38.47 rows=10 width=4)
	        Index Cond: ((id >= 154321) AND (id <= 154330))

table 3 : explain SELECT SUM(k) FROM sbtest3 WHERE id BETWEEN 1889183 AND 1889192
	Aggregate  (cost=39.14..39.15 rows=1 width=8)
	  ->  Index Scan using sbtest3_pkey on sbtest3  (cost=0.43..39.11 rows=10 width=4)
	        Index Cond: ((id >= 1889183) AND (id <= 1889192))

table 4 : explain SELECT SUM(k) FROM sbtest4 WHERE id BETWEEN 5383318 AND 5383327
	Aggregate  (cost=42.33..42.34 rows=1 width=8)
	  ->  Index Scan using sbtest4_pkey on sbtest4  (cost=0.43..42.30 rows=11 width=4)
	        Index Cond: ((id >= 5383318) AND (id <= 5383327))

table 5 : explain SELECT SUM(k) FROM sbtest5 WHERE id BETWEEN 2464499 AND 2464508
	Aggregate  (cost=38.89..38.90 rows=1 width=8)
	  ->  Index Scan using sbtest5_pkey on sbtest5  (cost=0.43..38.87 rows=10 width=4)
	        Index Cond: ((id >= 2464499) AND (id <= 2464508))

table 6 : explain SELECT SUM(k) FROM sbtest6 WHERE id BETWEEN 4739055 AND 4739064
	Aggregate  (cost=38.80..38.81 rows=1 width=8)
	  ->  Index Scan using sbtest6_pkey on sbtest6  (cost=0.43..38.77 rows=10 width=4)
	        Index Cond: ((id >= 4739055) AND (id <= 4739064))

table 7 : explain SELECT SUM(k) FROM sbtest7 WHERE id BETWEEN 936329 AND 936338
	Aggregate  (cost=35.40..35.41 rows=1 width=8)
	  ->  Index Scan using sbtest7_pkey on sbtest7  (cost=0.43..35.37 rows=9 width=4)
	        Index Cond: ((id >= 936329) AND (id <= 936338))

table 8 : explain SELECT SUM(k) FROM sbtest8 WHERE id BETWEEN 7419429 AND 7419438
	Aggregate  (cost=35.51..35.52 rows=1 width=8)
	  ->  Index Scan using sbtest8_pkey on sbtest8  (cost=0.43..35.49 rows=9 width=4)
	        Index Cond: ((id >= 7419429) AND (id <= 7419438))

for: order_ranges
table 1 : explain SELECT c FROM sbtest1 WHERE id BETWEEN 7894288 AND 7894297 ORDER BY c
	Sort  (cost=42.08..42.11 rows=11 width=121)
	  Sort Key: c
	  ->  Index Scan using sbtest1_pkey on sbtest1  (cost=0.43..41.89 rows=11 width=121)
	        Index Cond: ((id >= 7894288) AND (id <= 7894297))

table 2 : explain SELECT c FROM sbtest2 WHERE id BETWEEN 8672172 AND 8672181 ORDER BY c
	Sort  (cost=38.63..38.66 rows=10 width=121)
	  Sort Key: c
	  ->  Index Scan using sbtest2_pkey on sbtest2  (cost=0.43..38.47 rows=10 width=121)
	        Index Cond: ((id >= 8672172) AND (id <= 8672181))

table 3 : explain SELECT c FROM sbtest3 WHERE id BETWEEN 7073459 AND 7073468 ORDER BY c
	Sort  (cost=39.28..39.30 rows=10 width=121)
	  Sort Key: c
	  ->  Index Scan using sbtest3_pkey on sbtest3  (cost=0.43..39.11 rows=10 width=121)
	        Index Cond: ((id >= 7073459) AND (id <= 7073468))

table 4 : explain SELECT c FROM sbtest4 WHERE id BETWEEN 3299255 AND 3299264 ORDER BY c
	Sort  (cost=39.09..39.11 rows=10 width=121)
	  Sort Key: c
	  ->  Index Scan using sbtest4_pkey on sbtest4  (cost=0.43..38.92 rows=10 width=121)
	        Index Cond: ((id >= 3299255) AND (id <= 3299264))

table 5 : explain SELECT c FROM sbtest5 WHERE id BETWEEN 6819896 AND 6819905 ORDER BY c
	Sort  (cost=35.63..35.65 rows=9 width=121)
	  Sort Key: c
	  ->  Index Scan using sbtest5_pkey on sbtest5  (cost=0.43..35.49 rows=9 width=121)
	        Index Cond: ((id >= 6819896) AND (id <= 6819905))

table 6 : explain SELECT c FROM sbtest6 WHERE id BETWEEN 7394404 AND 7394413 ORDER BY c
	Sort  (cost=38.94..38.96 rows=10 width=121)
	  Sort Key: c
	  ->  Index Scan using sbtest6_pkey on sbtest6  (cost=0.43..38.77 rows=10 width=121)
	        Index Cond: ((id >= 7394404) AND (id <= 7394413))

table 7 : explain SELECT c FROM sbtest7 WHERE id BETWEEN 2988181 AND 2988190 ORDER BY c
	Sort  (cost=35.52..35.54 rows=9 width=121)
	  Sort Key: c
	  ->  Index Scan using sbtest7_pkey on sbtest7  (cost=0.43..35.37 rows=9 width=121)
	        Index Cond: ((id >= 2988181) AND (id <= 2988190))

table 8 : explain SELECT c FROM sbtest8 WHERE id BETWEEN 8023550 AND 8023559 ORDER BY c
	Sort  (cost=39.03..39.06 rows=10 width=121)
	  Sort Key: c
	  ->  Index Scan using sbtest8_pkey on sbtest8  (cost=0.43..38.87 rows=10 width=121)
	        Index Cond: ((id >= 8023550) AND (id <= 8023559))

for: sum_ranges
table 1 : explain SELECT SUM(k) FROM sbtest1 WHERE id BETWEEN 1588490 AND 1588499
	Aggregate  (cost=38.57..38.58 rows=1 width=8)
	  ->  Index Scan using sbtest1_pkey on sbtest1  (cost=0.43..38.55 rows=10 width=4)
	        Index Cond: ((id >= 1588490) AND (id <= 1588499))

table 2 : explain SELECT SUM(k) FROM sbtest2 WHERE id BETWEEN 6938502 AND 6938511
	Aggregate  (cost=38.49..38.50 rows=1 width=8)
	  ->  Index Scan using sbtest2_pkey on sbtest2  (cost=0.43..38.47 rows=10 width=4)
	        Index Cond: ((id >= 6938502) AND (id <= 6938511))

table 3 : explain SELECT SUM(k) FROM sbtest3 WHERE id BETWEEN 4026156 AND 4026165
	Aggregate  (cost=39.14..39.15 rows=1 width=8)
	  ->  Index Scan using sbtest3_pkey on sbtest3  (cost=0.43..39.11 rows=10 width=4)
	        Index Cond: ((id >= 4026156) AND (id <= 4026165))

table 4 : explain SELECT SUM(k) FROM sbtest4 WHERE id BETWEEN 8467636 AND 8467645
	Aggregate  (cost=38.94..38.95 rows=1 width=8)
	  ->  Index Scan using sbtest4_pkey on sbtest4  (cost=0.43..38.92 rows=10 width=4)
	        Index Cond: ((id >= 8467636) AND (id <= 8467645))

table 5 : explain SELECT SUM(k) FROM sbtest5 WHERE id BETWEEN 9579238 AND 9579247
	Aggregate  (cost=38.89..38.90 rows=1 width=8)
	  ->  Index Scan using sbtest5_pkey on sbtest5  (cost=0.43..38.87 rows=10 width=4)
	        Index Cond: ((id >= 9579238) AND (id <= 9579247))

table 6 : explain SELECT SUM(k) FROM sbtest6 WHERE id BETWEEN 8601637 AND 8601646
	Aggregate  (cost=38.80..38.81 rows=1 width=8)
	  ->  Index Scan using sbtest6_pkey on sbtest6  (cost=0.43..38.77 rows=10 width=4)
	        Index Cond: ((id >= 8601637) AND (id <= 8601646))

table 7 : explain SELECT SUM(k) FROM sbtest7 WHERE id BETWEEN 1077639 AND 1077648
	Aggregate  (cost=38.76..38.77 rows=1 width=8)
	  ->  Index Scan using sbtest7_pkey on sbtest7  (cost=0.43..38.74 rows=10 width=4)
	        Index Cond: ((id >= 1077639) AND (id <= 1077648))

table 8 : explain SELECT SUM(k) FROM sbtest8 WHERE id BETWEEN 5607904 AND 5607913
	Aggregate  (cost=42.27..42.28 rows=1 width=8)
	  ->  Index Scan using sbtest8_pkey on sbtest8  (cost=0.43..42.24 rows=11 width=4)
	        Index Cond: ((id >= 5607904) AND (id <= 5607913))

for: sum_ranges
table 1 : explain SELECT SUM(k) FROM sbtest1 WHERE id BETWEEN 4276176 AND 4276185
	Aggregate  (cost=38.57..38.58 rows=1 width=8)
	  ->  Index Scan using sbtest1_pkey on sbtest1  (cost=0.43..38.55 rows=10 width=4)
	        Index Cond: ((id >= 4276176) AND (id <= 4276185))

table 2 : explain SELECT SUM(k) FROM sbtest2 WHERE id BETWEEN 3004915 AND 3004924
	Aggregate  (cost=38.49..38.50 rows=1 width=8)
	  ->  Index Scan using sbtest2_pkey on sbtest2  (cost=0.43..38.47 rows=10 width=4)
	        Index Cond: ((id >= 3004915) AND (id <= 3004924))

table 3 : explain SELECT SUM(k) FROM sbtest3 WHERE id BETWEEN 4095300 AND 4095309
	Aggregate  (cost=39.14..39.15 rows=1 width=8)
	  ->  Index Scan using sbtest3_pkey on sbtest3  (cost=0.43..39.11 rows=10 width=4)
	        Index Cond: ((id >= 4095300) AND (id <= 4095309))

table 4 : explain SELECT SUM(k) FROM sbtest4 WHERE id BETWEEN 9312295 AND 9312304
	Aggregate  (cost=38.94..38.95 rows=1 width=8)
	  ->  Index Scan using sbtest4_pkey on sbtest4  (cost=0.43..38.92 rows=10 width=4)
	        Index Cond: ((id >= 9312295) AND (id <= 9312304))

table 5 : explain SELECT SUM(k) FROM sbtest5 WHERE id BETWEEN 2466980 AND 2466989
	Aggregate  (cost=38.89..38.90 rows=1 width=8)
	  ->  Index Scan using sbtest5_pkey on sbtest5  (cost=0.43..38.87 rows=10 width=4)
	        Index Cond: ((id >= 2466980) AND (id <= 2466989))

table 6 : explain SELECT SUM(k) FROM sbtest6 WHERE id BETWEEN 317372 AND 317381
	Aggregate  (cost=38.80..38.81 rows=1 width=8)
	  ->  Index Scan using sbtest6_pkey on sbtest6  (cost=0.43..38.77 rows=10 width=4)
	        Index Cond: ((id >= 317372) AND (id <= 317381))

table 7 : explain SELECT SUM(k) FROM sbtest7 WHERE id BETWEEN 6767528 AND 6767537
	Aggregate  (cost=38.76..38.77 rows=1 width=8)
	  ->  Index Scan using sbtest7_pkey on sbtest7  (cost=0.43..38.74 rows=10 width=4)
	        Index Cond: ((id >= 6767528) AND (id <= 6767537))

table 8 : explain SELECT SUM(k) FROM sbtest8 WHERE id BETWEEN 8431474 AND 8431483
	Aggregate  (cost=38.89..38.90 rows=1 width=8)
	  ->  Index Scan using sbtest8_pkey on sbtest8  (cost=0.43..38.87 rows=10 width=4)
	        Index Cond: ((id >= 8431474) AND (id <= 8431483))

for deletes
table 1 : explain DELETE FROM sbtest1 WHERE id=4496599
	Delete on sbtest1  (cost=0.43..8.45 rows=0 width=0)
	  ->  Index Scan using sbtest1_pkey on sbtest1  (cost=0.43..8.45 rows=1 width=6)
	        Index Cond: (id = 4496599)

table 2 : explain DELETE FROM sbtest2 WHERE id=3332843
	Delete on sbtest2  (cost=0.43..8.45 rows=0 width=0)
	  ->  Index Scan using sbtest2_pkey on sbtest2  (cost=0.43..8.45 rows=1 width=6)
	        Index Cond: (id = 3332843)

table 3 : explain DELETE FROM sbtest3 WHERE id=418522
	Delete on sbtest3  (cost=0.43..8.45 rows=0 width=0)
	  ->  Index Scan using sbtest3_pkey on sbtest3  (cost=0.43..8.45 rows=1 width=6)
	        Index Cond: (id = 418522)

table 4 : explain DELETE FROM sbtest4 WHERE id=1512126
	Delete on sbtest4  (cost=0.43..8.45 rows=0 width=0)
	  ->  Index Scan using sbtest4_pkey on sbtest4  (cost=0.43..8.45 rows=1 width=6)
	        Index Cond: (id = 1512126)

table 5 : explain DELETE FROM sbtest5 WHERE id=5970260
	Delete on sbtest5  (cost=0.43..8.45 rows=0 width=0)
	  ->  Index Scan using sbtest5_pkey on sbtest5  (cost=0.43..8.45 rows=1 width=6)
	        Index Cond: (id = 5970260)

table 6 : explain DELETE FROM sbtest6 WHERE id=2739602
	Delete on sbtest6  (cost=0.43..8.45 rows=0 width=0)
	  ->  Index Scan using sbtest6_pkey on sbtest6  (cost=0.43..8.45 rows=1 width=6)
	        Index Cond: (id = 2739602)

table 7 : explain DELETE FROM sbtest7 WHERE id=6923342
	Delete on sbtest7  (cost=0.43..8.45 rows=0 width=0)
	  ->  Index Scan using sbtest7_pkey on sbtest7  (cost=0.43..8.45 rows=1 width=6)
	        Index Cond: (id = 6923342)

table 8 : explain DELETE FROM sbtest8 WHERE id=6594769
	Delete on sbtest8  (cost=0.43..8.45 rows=0 width=0)
	  ->  Index Scan using sbtest8_pkey on sbtest8  (cost=0.43..8.45 rows=1 width=6)
	        Index Cond: (id = 6594769)

for point_selects
table 1 : explain SELECT c FROM sbtest1 WHERE id=2451774
	Index Scan using sbtest1_pkey on sbtest1  (cost=0.43..8.45 rows=1 width=121)
	  Index Cond: (id = 2451774)

table 2 : explain SELECT c FROM sbtest2 WHERE id=2576893
	Index Scan using sbtest2_pkey on sbtest2  (cost=0.43..8.45 rows=1 width=121)
	  Index Cond: (id = 2576893)

table 3 : explain SELECT c FROM sbtest3 WHERE id=1495354
	Index Scan using sbtest3_pkey on sbtest3  (cost=0.43..8.45 rows=1 width=121)
	  Index Cond: (id = 1495354)

table 4 : explain SELECT c FROM sbtest4 WHERE id=7187248
	Index Scan using sbtest4_pkey on sbtest4  (cost=0.43..8.45 rows=1 width=121)
	  Index Cond: (id = 7187248)

table 5 : explain SELECT c FROM sbtest5 WHERE id=2841129
	Index Scan using sbtest5_pkey on sbtest5  (cost=0.43..8.45 rows=1 width=121)
	  Index Cond: (id = 2841129)

table 6 : explain SELECT c FROM sbtest6 WHERE id=649839
	Index Scan using sbtest6_pkey on sbtest6  (cost=0.43..8.45 rows=1 width=121)
	  Index Cond: (id = 649839)

table 7 : explain SELECT c FROM sbtest7 WHERE id=9294355
	Index Scan using sbtest7_pkey on sbtest7  (cost=0.43..8.45 rows=1 width=121)
	  Index Cond: (id = 9294355)

table 8 : explain SELECT c FROM sbtest8 WHERE id=4518601
	Index Scan using sbtest8_pkey on sbtest8  (cost=0.43..8.45 rows=1 width=121)
	  Index Cond: (id = 4518601)

for index_updates
table 1 : explain UPDATE sbtest1 SET k=k+1 WHERE id=7094668
	Update on sbtest1  (cost=0.43..8.46 rows=0 width=0)
	  ->  Index Scan using sbtest1_pkey on sbtest1  (cost=0.43..8.46 rows=1 width=10)
	        Index Cond: (id = 7094668)

table 2 : explain UPDATE sbtest2 SET k=k+1 WHERE id=2253668
	Update on sbtest2  (cost=0.43..8.46 rows=0 width=0)
	  ->  Index Scan using sbtest2_pkey on sbtest2  (cost=0.43..8.46 rows=1 width=10)
	        Index Cond: (id = 2253668)

table 3 : explain UPDATE sbtest3 SET k=k+1 WHERE id=6053063
	Update on sbtest3  (cost=0.43..8.46 rows=0 width=0)
	  ->  Index Scan using sbtest3_pkey on sbtest3  (cost=0.43..8.46 rows=1 width=10)
	        Index Cond: (id = 6053063)

table 4 : explain UPDATE sbtest4 SET k=k+1 WHERE id=1508411
	Update on sbtest4  (cost=0.43..8.46 rows=0 width=0)
	  ->  Index Scan using sbtest4_pkey on sbtest4  (cost=0.43..8.46 rows=1 width=10)
	        Index Cond: (id = 1508411)

table 5 : explain UPDATE sbtest5 SET k=k+1 WHERE id=4631470
	Update on sbtest5  (cost=0.43..8.46 rows=0 width=0)
	  ->  Index Scan using sbtest5_pkey on sbtest5  (cost=0.43..8.46 rows=1 width=10)
	        Index Cond: (id = 4631470)

table 6 : explain UPDATE sbtest6 SET k=k+1 WHERE id=8563277
	Update on sbtest6  (cost=0.43..8.46 rows=0 width=0)
	  ->  Index Scan using sbtest6_pkey on sbtest6  (cost=0.43..8.46 rows=1 width=10)
	        Index Cond: (id = 8563277)

table 7 : explain UPDATE sbtest7 SET k=k+1 WHERE id=1751666
	Update on sbtest7  (cost=0.43..8.46 rows=0 width=0)
	  ->  Index Scan using sbtest7_pkey on sbtest7  (cost=0.43..8.46 rows=1 width=10)
	        Index Cond: (id = 1751666)

table 8 : explain UPDATE sbtest8 SET k=k+1 WHERE id=2949483
	Update on sbtest8  (cost=0.43..8.46 rows=0 width=0)
	  ->  Index Scan using sbtest8_pkey on sbtest8  (cost=0.43..8.46 rows=1 width=10)
	        Index Cond: (id = 2949483)

for: sum_ranges
table 1 : explain SELECT SUM(k) FROM sbtest1 WHERE id BETWEEN 3952393 AND 3952402
	Aggregate  (cost=38.57..38.58 rows=1 width=8)
	  ->  Index Scan using sbtest1_pkey on sbtest1  (cost=0.43..38.55 rows=10 width=4)
	        Index Cond: ((id >= 3952393) AND (id <= 3952402))

table 2 : explain SELECT SUM(k) FROM sbtest2 WHERE id BETWEEN 2050845 AND 2050854
	Aggregate  (cost=38.49..38.50 rows=1 width=8)
	  ->  Index Scan using sbtest2_pkey on sbtest2  (cost=0.43..38.47 rows=10 width=4)
	        Index Cond: ((id >= 2050845) AND (id <= 2050854))

table 3 : explain SELECT SUM(k) FROM sbtest3 WHERE id BETWEEN 8820739 AND 8820748
	Aggregate  (cost=42.55..42.56 rows=1 width=8)
	  ->  Index Scan using sbtest3_pkey on sbtest3  (cost=0.43..42.52 rows=11 width=4)
	        Index Cond: ((id >= 8820739) AND (id <= 8820748))

table 4 : explain SELECT SUM(k) FROM sbtest4 WHERE id BETWEEN 9081503 AND 9081512
	Aggregate  (cost=42.33..42.34 rows=1 width=8)
	  ->  Index Scan using sbtest4_pkey on sbtest4  (cost=0.43..42.30 rows=11 width=4)
	        Index Cond: ((id >= 9081503) AND (id <= 9081512))

table 5 : explain SELECT SUM(k) FROM sbtest5 WHERE id BETWEEN 738532 AND 738541
	Aggregate  (cost=42.27..42.28 rows=1 width=8)
	  ->  Index Scan using sbtest5_pkey on sbtest5  (cost=0.43..42.25 rows=11 width=4)
	        Index Cond: ((id >= 738532) AND (id <= 738541))

table 6 : explain SELECT SUM(k) FROM sbtest6 WHERE id BETWEEN 401016 AND 401025
	Aggregate  (cost=42.17..42.18 rows=1 width=8)
	  ->  Index Scan using sbtest6_pkey on sbtest6  (cost=0.43..42.14 rows=11 width=4)
	        Index Cond: ((id >= 401016) AND (id <= 401025))

table 7 : explain SELECT SUM(k) FROM sbtest7 WHERE id BETWEEN 8647089 AND 8647098
	Aggregate  (cost=38.76..38.77 rows=1 width=8)
	  ->  Index Scan using sbtest7_pkey on sbtest7  (cost=0.43..38.74 rows=10 width=4)
	        Index Cond: ((id >= 8647089) AND (id <= 8647098))

table 8 : explain SELECT SUM(k) FROM sbtest8 WHERE id BETWEEN 7018914 AND 7018923
	Aggregate  (cost=38.89..38.90 rows=1 width=8)
	  ->  Index Scan using sbtest8_pkey on sbtest8  (cost=0.43..38.87 rows=10 width=4)
	        Index Cond: ((id >= 7018914) AND (id <= 7018923))

for point_selects
table 1 : explain SELECT c FROM sbtest1 WHERE id=2560635
	Index Scan using sbtest1_pkey on sbtest1  (cost=0.43..8.45 rows=1 width=121)
	  Index Cond: (id = 2560635)

table 2 : explain SELECT c FROM sbtest2 WHERE id=5800073
	Index Scan using sbtest2_pkey on sbtest2  (cost=0.43..8.45 rows=1 width=121)
	  Index Cond: (id = 5800073)

table 3 : explain SELECT c FROM sbtest3 WHERE id=5502069
	Index Scan using sbtest3_pkey on sbtest3  (cost=0.43..8.45 rows=1 width=121)
	  Index Cond: (id = 5502069)

table 4 : explain SELECT c FROM sbtest4 WHERE id=7455131
	Index Scan using sbtest4_pkey on sbtest4  (cost=0.43..8.45 rows=1 width=121)
	  Index Cond: (id = 7455131)

table 5 : explain SELECT c FROM sbtest5 WHERE id=426429
	Index Scan using sbtest5_pkey on sbtest5  (cost=0.43..8.45 rows=1 width=121)
	  Index Cond: (id = 426429)

table 6 : explain SELECT c FROM sbtest6 WHERE id=6153299
	Index Scan using sbtest6_pkey on sbtest6  (cost=0.43..8.45 rows=1 width=121)
	  Index Cond: (id = 6153299)

table 7 : explain SELECT c FROM sbtest7 WHERE id=5479484
	Index Scan using sbtest7_pkey on sbtest7  (cost=0.43..8.45 rows=1 width=121)
	  Index Cond: (id = 5479484)

table 8 : explain SELECT c FROM sbtest8 WHERE id=8582665
	Index Scan using sbtest8_pkey on sbtest8  (cost=0.43..8.45 rows=1 width=121)
	  Index Cond: (id = 8582665)

for point_selects
table 1 : explain SELECT c FROM sbtest1 WHERE id=1350357
	Index Scan using sbtest1_pkey on sbtest1  (cost=0.43..8.45 rows=1 width=121)
	  Index Cond: (id = 1350357)

table 2 : explain SELECT c FROM sbtest2 WHERE id=6056720
	Index Scan using sbtest2_pkey on sbtest2  (cost=0.43..8.45 rows=1 width=121)
	  Index Cond: (id = 6056720)

table 3 : explain SELECT c FROM sbtest3 WHERE id=1544770
	Index Scan using sbtest3_pkey on sbtest3  (cost=0.43..8.45 rows=1 width=121)
	  Index Cond: (id = 1544770)

table 4 : explain SELECT c FROM sbtest4 WHERE id=6002149
	Index Scan using sbtest4_pkey on sbtest4  (cost=0.43..8.45 rows=1 width=121)
	  Index Cond: (id = 6002149)

table 5 : explain SELECT c FROM sbtest5 WHERE id=9340572
	Index Scan using sbtest5_pkey on sbtest5  (cost=0.43..8.45 rows=1 width=121)
	  Index Cond: (id = 9340572)

table 6 : explain SELECT c FROM sbtest6 WHERE id=5284276
	Index Scan using sbtest6_pkey on sbtest6  (cost=0.43..8.45 rows=1 width=121)
	  Index Cond: (id = 5284276)

table 7 : explain SELECT c FROM sbtest7 WHERE id=1652308
	Index Scan using sbtest7_pkey on sbtest7  (cost=0.43..8.45 rows=1 width=121)
	  Index Cond: (id = 1652308)

table 8 : explain SELECT c FROM sbtest8 WHERE id=3745475
	Index Scan using sbtest8_pkey on sbtest8  (cost=0.43..8.45 rows=1 width=121)
	  Index Cond: (id = 3745475)

explain: for point_selects :: explain SELECT c FROM sbtest%u WHERE id=%u
for point_selects
table 1 : explain SELECT c FROM sbtest1 WHERE id=9732272
	Index Scan using sbtest1_pkey on sbtest1  (cost=0.43..8.45 rows=1 width=121)
	  Index Cond: (id = 9732272)

table 2 : explain SELECT c FROM sbtest2 WHERE id=4799960
	Index Scan using sbtest2_pkey on sbtest2  (cost=0.43..8.45 rows=1 width=121)
	  Index Cond: (id = 4799960)

table 3 : explain SELECT c FROM sbtest3 WHERE id=3026877
	Index Scan using sbtest3_pkey on sbtest3  (cost=0.43..8.45 rows=1 width=121)
	  Index Cond: (id = 3026877)

table 4 : explain SELECT c FROM sbtest4 WHERE id=9740988
	Index Scan using sbtest4_pkey on sbtest4  (cost=0.43..8.45 rows=1 width=121)
	  Index Cond: (id = 9740988)

table 5 : explain SELECT c FROM sbtest5 WHERE id=2834037
	Index Scan using sbtest5_pkey on sbtest5  (cost=0.43..8.45 rows=1 width=121)
	  Index Cond: (id = 2834037)

table 6 : explain SELECT c FROM sbtest6 WHERE id=170746
	Index Scan using sbtest6_pkey on sbtest6  (cost=0.43..8.45 rows=1 width=121)
	  Index Cond: (id = 170746)

table 7 : explain SELECT c FROM sbtest7 WHERE id=7716285
	Index Scan using sbtest7_pkey on sbtest7  (cost=0.43..8.45 rows=1 width=121)
	  Index Cond: (id = 7716285)

table 8 : explain SELECT c FROM sbtest8 WHERE id=418099
	Index Scan using sbtest8_pkey on sbtest8  (cost=0.43..8.45 rows=1 width=121)
	  Index Cond: (id = 418099)

explain: for non_index_updates :: explain UPDATE sbtest%u SET c='foobar' WHERE id=%u
explain: for point_selects :: explain SELECT c FROM sbtest%u WHERE id=%u
for: order_ranges
table 1 : explain SELECT c FROM sbtest1 WHERE id BETWEEN 1467177 AND 1467186 ORDER BY c
	Sort  (cost=38.72..38.74 rows=10 width=121)
	  Sort Key: c
	  ->  Index Scan using sbtest1_pkey on sbtest1  (cost=0.43..38.55 rows=10 width=121)
	        Index Cond: ((id >= 1467177) AND (id <= 1467186))

table 2 : explain SELECT c FROM sbtest2 WHERE id BETWEEN 7766011 AND 7766020 ORDER BY c
	Sort  (cost=41.99..42.02 rows=11 width=121)
	  Sort Key: c
	  ->  Index Scan using sbtest2_pkey on sbtest2  (cost=0.43..41.80 rows=11 width=121)
	        Index Cond: ((id >= 7766011) AND (id <= 7766020))

table 3 : explain SELECT c FROM sbtest3 WHERE id BETWEEN 1656180 AND 1656189 ORDER BY c
	Sort  (cost=42.71..42.74 rows=11 width=121)
	  Sort Key: c
	  ->  Index Scan using sbtest3_pkey on sbtest3  (cost=0.43..42.52 rows=11 width=121)
	        Index Cond: ((id >= 1656180) AND (id <= 1656189))

table 4 : explain SELECT c FROM sbtest4 WHERE id BETWEEN 189007 AND 189016 ORDER BY c
	Sort  (cost=35.68..35.70 rows=9 width=121)
	  Sort Key: c
	  ->  Index Scan using sbtest4_pkey on sbtest4  (cost=0.43..35.53 rows=9 width=121)
	        Index Cond: ((id >= 189007) AND (id <= 189016))

table 5 : explain SELECT c FROM sbtest5 WHERE id BETWEEN 1723730 AND 1723739 ORDER BY c
	Sort  (cost=35.63..35.65 rows=9 width=121)
	  Sort Key: c
	  ->  Index Scan using sbtest5_pkey on sbtest5  (cost=0.43..35.49 rows=9 width=121)
	        Index Cond: ((id >= 1723730) AND (id <= 1723739))

table 6 : explain SELECT c FROM sbtest6 WHERE id BETWEEN 3982590 AND 3982599 ORDER BY c
	Sort  (cost=38.94..38.96 rows=10 width=121)
	  Sort Key: c
	  ->  Index Scan using sbtest6_pkey on sbtest6  (cost=0.43..38.77 rows=10 width=121)
	        Index Cond: ((id >= 3982590) AND (id <= 3982599))

table 7 : explain SELECT c FROM sbtest7 WHERE id BETWEEN 8880326 AND 8880335 ORDER BY c
	Sort  (cost=38.90..38.93 rows=10 width=121)
	  Sort Key: c
	  ->  Index Scan using sbtest7_pkey on sbtest7  (cost=0.43..38.74 rows=10 width=121)
	        Index Cond: ((id >= 8880326) AND (id <= 8880335))

table 8 : explain SELECT c FROM sbtest8 WHERE id BETWEEN 6096310 AND 6096319 ORDER BY c
	Sort  (cost=39.03..39.06 rows=10 width=121)
	  Sort Key: c
	  ->  Index Scan using sbtest8_pkey on sbtest8  (cost=0.43..38.87 rows=10 width=121)
	        Index Cond: ((id >= 6096310) AND (id <= 6096319))

explain: for point_selects :: explain SELECT c FROM sbtest%u WHERE id=%u
for point_selects
table 1 : explain SELECT c FROM sbtest1 WHERE id=1101262
	Index Scan using sbtest1_pkey on sbtest1  (cost=0.43..8.45 rows=1 width=121)
	  Index Cond: (id = 1101262)

table 2 : explain SELECT c FROM sbtest2 WHERE id=9188816
	Index Scan using sbtest2_pkey on sbtest2  (cost=0.43..8.45 rows=1 width=121)
	  Index Cond: (id = 9188816)

table 3 : explain SELECT c FROM sbtest3 WHERE id=8794013
	Index Scan using sbtest3_pkey on sbtest3  (cost=0.43..8.45 rows=1 width=121)
	  Index Cond: (id = 8794013)

table 4 : explain SELECT c FROM sbtest4 WHERE id=9900878
	Index Scan using sbtest4_pkey on sbtest4  (cost=0.43..8.45 rows=1 width=121)
	  Index Cond: (id = 9900878)

table 5 : explain SELECT c FROM sbtest5 WHERE id=3945822
	Index Scan using sbtest5_pkey on sbtest5  (cost=0.43..8.45 rows=1 width=121)
	  Index Cond: (id = 3945822)

table 6 : explain SELECT c FROM sbtest6 WHERE id=2386820
	Index Scan using sbtest6_pkey on sbtest6  (cost=0.43..8.45 rows=1 width=121)
	  Index Cond: (id = 2386820)

table 7 : explain SELECT c FROM sbtest7 WHERE id=9636516
	Index Scan using sbtest7_pkey on sbtest7  (cost=0.43..8.45 rows=1 width=121)
	  Index Cond: (id = 9636516)

table 8 : explain SELECT c FROM sbtest8 WHERE id=7329697
	Index Scan using sbtest8_pkey on sbtest8  (cost=0.43..8.45 rows=1 width=121)
	  Index Cond: (id = 7329697)

for point_selects
table 1 : explain SELECT c FROM sbtest1 WHERE id=7623172
	Index Scan using sbtest1_pkey on sbtest1  (cost=0.43..8.45 rows=1 width=121)
	  Index Cond: (id = 7623172)

table 2 : explain SELECT c FROM sbtest2 WHERE id=4814211
	Index Scan using sbtest2_pkey on sbtest2  (cost=0.43..8.45 rows=1 width=121)
	  Index Cond: (id = 4814211)

table 3 : explain SELECT c FROM sbtest3 WHERE id=1512064
	Index Scan using sbtest3_pkey on sbtest3  (cost=0.43..8.45 rows=1 width=121)
	  Index Cond: (id = 1512064)

table 4 : explain SELECT c FROM sbtest4 WHERE id=2118101
	Index Scan using sbtest4_pkey on sbtest4  (cost=0.43..8.45 rows=1 width=121)
	  Index Cond: (id = 2118101)

table 5 : explain SELECT c FROM sbtest5 WHERE id=2852094
	Index Scan using sbtest5_pkey on sbtest5  (cost=0.43..8.45 rows=1 width=121)
	  Index Cond: (id = 2852094)

table 6 : explain SELECT c FROM sbtest6 WHERE id=9468866
	Index Scan using sbtest6_pkey on sbtest6  (cost=0.43..8.45 rows=1 width=121)
	  Index Cond: (id = 9468866)

table 7 : explain SELECT c FROM sbtest7 WHERE id=5333270
	Index Scan using sbtest7_pkey on sbtest7  (cost=0.43..8.45 rows=1 width=121)
	  Index Cond: (id = 5333270)

table 8 : explain SELECT c FROM sbtest8 WHERE id=3197924
	Index Scan using sbtest8_pkey on sbtest8  (cost=0.43..8.45 rows=1 width=121)
	  Index Cond: (id = 3197924)

explain: for inserts :: explain INSERT INTO sbtest%u (id, k, c, pad) VALUES (%u, 13, 'foobar', 'foobar')
for: simple_ranges
table 1 : explain SELECT c FROM sbtest1 WHERE id BETWEEN 4844532 AND 4844541
	Index Scan using sbtest1_pkey on sbtest1  (cost=0.43..38.55 rows=10 width=121)
	  Index Cond: ((id >= 4844532) AND (id <= 4844541))

table 2 : explain SELECT c FROM sbtest2 WHERE id BETWEEN 2026645 AND 2026654
	Index Scan using sbtest2_pkey on sbtest2  (cost=0.43..38.47 rows=10 width=121)
	  Index Cond: ((id >= 2026645) AND (id <= 2026654))

table 3 : explain SELECT c FROM sbtest3 WHERE id BETWEEN 711467 AND 711476
	Index Scan using sbtest3_pkey on sbtest3  (cost=0.43..35.71 rows=9 width=121)
	  Index Cond: ((id >= 711467) AND (id <= 711476))

table 4 : explain SELECT c FROM sbtest4 WHERE id BETWEEN 2427122 AND 2427131
	Index Scan using sbtest4_pkey on sbtest4  (cost=0.43..35.53 rows=9 width=121)
	  Index Cond: ((id >= 2427122) AND (id <= 2427131))

table 5 : explain SELECT c FROM sbtest5 WHERE id BETWEEN 2679861 AND 2679870
	Index Scan using sbtest5_pkey on sbtest5  (cost=0.43..42.25 rows=11 width=121)
	  Index Cond: ((id >= 2679861) AND (id <= 2679870))

table 6 : explain SELECT c FROM sbtest6 WHERE id BETWEEN 5746822 AND 5746831
	Index Scan using sbtest6_pkey on sbtest6  (cost=0.43..38.77 rows=10 width=121)
	  Index Cond: ((id >= 5746822) AND (id <= 5746831))

table 7 : explain SELECT c FROM sbtest7 WHERE id BETWEEN 2172231 AND 2172240
	Index Scan using sbtest7_pkey on sbtest7  (cost=0.43..42.10 rows=11 width=121)
	  Index Cond: ((id >= 2172231) AND (id <= 2172240))

table 8 : explain SELECT c FROM sbtest8 WHERE id BETWEEN 9717991 AND 9718000
	Index Scan using sbtest8_pkey on sbtest8  (cost=0.43..38.87 rows=10 width=121)
	  Index Cond: ((id >= 9717991) AND (id <= 9718000))

for: order_ranges
table 1 : explain SELECT c FROM sbtest1 WHERE id BETWEEN 4621135 AND 4621144 ORDER BY c
	Sort  (cost=38.72..38.74 rows=10 width=121)
	  Sort Key: c
	  ->  Index Scan using sbtest1_pkey on sbtest1  (cost=0.43..38.55 rows=10 width=121)
	        Index Cond: ((id >= 4621135) AND (id <= 4621144))

table 2 : explain SELECT c FROM sbtest2 WHERE id BETWEEN 7886616 AND 7886625 ORDER BY c
	Sort  (cost=35.28..35.30 rows=9 width=121)
	  Sort Key: c
	  ->  Index Scan using sbtest2_pkey on sbtest2  (cost=0.43..35.13 rows=9 width=121)
	        Index Cond: ((id >= 7886616) AND (id <= 7886625))

table 3 : explain SELECT c FROM sbtest3 WHERE id BETWEEN 9816579 AND 9816588 ORDER BY c
	Sort  (cost=39.28..39.30 rows=10 width=121)
	  Sort Key: c
	  ->  Index Scan using sbtest3_pkey on sbtest3  (cost=0.43..39.11 rows=10 width=121)
	        Index Cond: ((id >= 9816579) AND (id <= 9816588))

table 4 : explain SELECT c FROM sbtest4 WHERE id BETWEEN 3688163 AND 3688172 ORDER BY c
	Sort  (cost=39.09..39.11 rows=10 width=121)
	  Sort Key: c
	  ->  Index Scan using sbtest4_pkey on sbtest4  (cost=0.43..38.92 rows=10 width=121)
	        Index Cond: ((id >= 3688163) AND (id <= 3688172))

table 5 : explain SELECT c FROM sbtest5 WHERE id BETWEEN 8073593 AND 8073602 ORDER BY c
	Sort  (cost=39.03..39.06 rows=10 width=121)
	  Sort Key: c
	  ->  Index Scan using sbtest5_pkey on sbtest5  (cost=0.43..38.87 rows=10 width=121)
	        Index Cond: ((id >= 8073593) AND (id <= 8073602))

table 6 : explain SELECT c FROM sbtest6 WHERE id BETWEEN 8458177 AND 8458186 ORDER BY c
	Sort  (cost=38.94..38.96 rows=10 width=121)
	  Sort Key: c
	  ->  Index Scan using sbtest6_pkey on sbtest6  (cost=0.43..38.77 rows=10 width=121)
	        Index Cond: ((id >= 8458177) AND (id <= 8458186))

table 7 : explain SELECT c FROM sbtest7 WHERE id BETWEEN 2367634 AND 2367643 ORDER BY c
	Sort  (cost=35.52..35.54 rows=9 width=121)
	  Sort Key: c
	  ->  Index Scan using sbtest7_pkey on sbtest7  (cost=0.43..35.37 rows=9 width=121)
	        Index Cond: ((id >= 2367634) AND (id <= 2367643))

table 8 : explain SELECT c FROM sbtest8 WHERE id BETWEEN 3569759 AND 3569768 ORDER BY c
	Sort  (cost=39.03..39.06 rows=10 width=121)
	  Sort Key: c
	  ->  Index Scan using sbtest8_pkey on sbtest8  (cost=0.43..38.87 rows=10 width=121)
	        Index Cond: ((id >= 3569759) AND (id <= 3569768))

for: sum_ranges
table 1 : explain SELECT SUM(k) FROM sbtest1 WHERE id BETWEEN 5877475 AND 5877484
	Aggregate  (cost=38.57..38.58 rows=1 width=8)
	  ->  Index Scan using sbtest1_pkey on sbtest1  (cost=0.43..38.55 rows=10 width=4)
	        Index Cond: ((id >= 5877475) AND (id <= 5877484))

table 2 : explain SELECT SUM(k) FROM sbtest2 WHERE id BETWEEN 6052730 AND 6052739
	Aggregate  (cost=35.16..35.17 rows=1 width=8)
	  ->  Index Scan using sbtest2_pkey on sbtest2  (cost=0.43..35.13 rows=9 width=4)
	        Index Cond: ((id >= 6052730) AND (id <= 6052739))

table 3 : explain SELECT SUM(k) FROM sbtest3 WHERE id BETWEEN 3630088 AND 3630097
	Aggregate  (cost=39.14..39.15 rows=1 width=8)
	  ->  Index Scan using sbtest3_pkey on sbtest3  (cost=0.43..39.11 rows=10 width=4)
	        Index Cond: ((id >= 3630088) AND (id <= 3630097))

table 4 : explain SELECT SUM(k) FROM sbtest4 WHERE id BETWEEN 4306712 AND 4306721
	Aggregate  (cost=38.94..38.95 rows=1 width=8)
	  ->  Index Scan using sbtest4_pkey on sbtest4  (cost=0.43..38.92 rows=10 width=4)
	        Index Cond: ((id >= 4306712) AND (id <= 4306721))

table 5 : explain SELECT SUM(k) FROM sbtest5 WHERE id BETWEEN 8250737 AND 8250746
	Aggregate  (cost=35.51..35.52 rows=1 width=8)
	  ->  Index Scan using sbtest5_pkey on sbtest5  (cost=0.43..35.49 rows=9 width=4)
	        Index Cond: ((id >= 8250737) AND (id <= 8250746))

table 6 : explain SELECT SUM(k) FROM sbtest6 WHERE id BETWEEN 3999020 AND 3999029
	Aggregate  (cost=38.80..38.81 rows=1 width=8)
	  ->  Index Scan using sbtest6_pkey on sbtest6  (cost=0.43..38.77 rows=10 width=4)
	        Index Cond: ((id >= 3999020) AND (id <= 3999029))

table 7 : explain SELECT SUM(k) FROM sbtest7 WHERE id BETWEEN 34160 AND 34169
	Aggregate  (cost=38.76..38.77 rows=1 width=8)
	  ->  Index Scan using sbtest7_pkey on sbtest7  (cost=0.43..38.74 rows=10 width=4)
	        Index Cond: ((id >= 34160) AND (id <= 34169))

table 8 : explain SELECT SUM(k) FROM sbtest8 WHERE id BETWEEN 6260459 AND 6260468
	Aggregate  (cost=38.89..38.90 rows=1 width=8)
	  ->  Index Scan using sbtest8_pkey on sbtest8  (cost=0.43..38.87 rows=10 width=4)
	        Index Cond: ((id >= 6260459) AND (id <= 6260468))

for point_selects
table 1 : explain SELECT c FROM sbtest1 WHERE id=7106427
	Index Scan using sbtest1_pkey on sbtest1  (cost=0.43..8.45 rows=1 width=121)
	  Index Cond: (id = 7106427)

table 2 : explain SELECT c FROM sbtest2 WHERE id=1445531
	Index Scan using sbtest2_pkey on sbtest2  (cost=0.43..8.45 rows=1 width=121)
	  Index Cond: (id = 1445531)

table 3 : explain SELECT c FROM sbtest3 WHERE id=4252152
	Index Scan using sbtest3_pkey on sbtest3  (cost=0.43..8.45 rows=1 width=121)
	  Index Cond: (id = 4252152)

table 4 : explain SELECT c FROM sbtest4 WHERE id=9768727
	Index Scan using sbtest4_pkey on sbtest4  (cost=0.43..8.45 rows=1 width=121)
	  Index Cond: (id = 9768727)

table 5 : explain SELECT c FROM sbtest5 WHERE id=576603
	Index Scan using sbtest5_pkey on sbtest5  (cost=0.43..8.45 rows=1 width=121)
	  Index Cond: (id = 576603)

table 6 : explain SELECT c FROM sbtest6 WHERE id=4636013
	Index Scan using sbtest6_pkey on sbtest6  (cost=0.43..8.45 rows=1 width=121)
	  Index Cond: (id = 4636013)

table 7 : explain SELECT c FROM sbtest7 WHERE id=3608476
	Index Scan using sbtest7_pkey on sbtest7  (cost=0.43..8.45 rows=1 width=121)
	  Index Cond: (id = 3608476)

table 8 : explain SELECT c FROM sbtest8 WHERE id=9202492
	Index Scan using sbtest8_pkey on sbtest8  (cost=0.43..8.45 rows=1 width=121)
	  Index Cond: (id = 9202492)

for point_selects
table 1 : explain SELECT c FROM sbtest1 WHERE id=6838238
	Index Scan using sbtest1_pkey on sbtest1  (cost=0.43..8.45 rows=1 width=121)
	  Index Cond: (id = 6838238)

table 2 : explain SELECT c FROM sbtest2 WHERE id=2429901
	Index Scan using sbtest2_pkey on sbtest2  (cost=0.43..8.45 rows=1 width=121)
	  Index Cond: (id = 2429901)

table 3 : explain SELECT c FROM sbtest3 WHERE id=416290
	Index Scan using sbtest3_pkey on sbtest3  (cost=0.43..8.45 rows=1 width=121)
	  Index Cond: (id = 416290)

table 4 : explain SELECT c FROM sbtest4 WHERE id=1527334
	Index Scan using sbtest4_pkey on sbtest4  (cost=0.43..8.45 rows=1 width=121)
	  Index Cond: (id = 1527334)

table 5 : explain SELECT c FROM sbtest5 WHERE id=3343124
	Index Scan using sbtest5_pkey on sbtest5  (cost=0.43..8.45 rows=1 width=121)
	  Index Cond: (id = 3343124)

table 6 : explain SELECT c FROM sbtest6 WHERE id=1743439
	Index Scan using sbtest6_pkey on sbtest6  (cost=0.43..8.45 rows=1 width=121)
	  Index Cond: (id = 1743439)

table 7 : explain SELECT c FROM sbtest7 WHERE id=783761
	Index Scan using sbtest7_pkey on sbtest7  (cost=0.43..8.45 rows=1 width=121)
	  Index Cond: (id = 783761)

table 8 : explain SELECT c FROM sbtest8 WHERE id=7817983
	Index Scan using sbtest8_pkey on sbtest8  (cost=0.43..8.45 rows=1 width=121)
	  Index Cond: (id = 7817983)

for: order_ranges
table 1 : explain SELECT c FROM sbtest1 WHERE id BETWEEN 6193771 AND 6193780 ORDER BY c
	Sort  (cost=38.72..38.74 rows=10 width=121)
	  Sort Key: c
	  ->  Index Scan using sbtest1_pkey on sbtest1  (cost=0.43..38.55 rows=10 width=121)
	        Index Cond: ((id >= 6193771) AND (id <= 6193780))

table 2 : explain SELECT c FROM sbtest2 WHERE id BETWEEN 8986281 AND 8986290 ORDER BY c
	Sort  (cost=38.63..38.66 rows=10 width=121)
	  Sort Key: c
	  ->  Index Scan using sbtest2_pkey on sbtest2  (cost=0.43..38.47 rows=10 width=121)
	        Index Cond: ((id >= 8986281) AND (id <= 8986290))

table 3 : explain SELECT c FROM sbtest3 WHERE id BETWEEN 9584533 AND 9584542 ORDER BY c
	Sort  (cost=39.28..39.30 rows=10 width=121)
	  Sort Key: c
	  ->  Index Scan using sbtest3_pkey on sbtest3  (cost=0.43..39.11 rows=10 width=121)
	        Index Cond: ((id >= 9584533) AND (id <= 9584542))

table 4 : explain SELECT c FROM sbtest4 WHERE id BETWEEN 8736628 AND 8736637 ORDER BY c
	Sort  (cost=39.09..39.11 rows=10 width=121)
	  Sort Key: c
	  ->  Index Scan using sbtest4_pkey on sbtest4  (cost=0.43..38.92 rows=10 width=121)
	        Index Cond: ((id >= 8736628) AND (id <= 8736637))

table 5 : explain SELECT c FROM sbtest5 WHERE id BETWEEN 1320350 AND 1320359 ORDER BY c
	Sort  (cost=32.23..32.25 rows=8 width=121)
	  Sort Key: c
	  ->  Index Scan using sbtest5_pkey on sbtest5  (cost=0.43..32.11 rows=8 width=121)
	        Index Cond: ((id >= 1320350) AND (id <= 1320359))

table 6 : explain SELECT c FROM sbtest6 WHERE id BETWEEN 7541018 AND 7541027 ORDER BY c
	Sort  (cost=35.55..35.57 rows=9 width=121)
	  Sort Key: c
	  ->  Index Scan using sbtest6_pkey on sbtest6  (cost=0.43..35.40 rows=9 width=121)
	        Index Cond: ((id >= 7541018) AND (id <= 7541027))

table 7 : explain SELECT c FROM sbtest7 WHERE id BETWEEN 8034487 AND 8034496 ORDER BY c
	Sort  (cost=35.52..35.54 rows=9 width=121)
	  Sort Key: c
	  ->  Index Scan using sbtest7_pkey on sbtest7  (cost=0.43..35.37 rows=9 width=121)
	        Index Cond: ((id >= 8034487) AND (id <= 8034496))

table 8 : explain SELECT c FROM sbtest8 WHERE id BETWEEN 2037593 AND 2037602 ORDER BY c
	Sort  (cost=42.43..42.46 rows=11 width=121)
	  Sort Key: c
	  ->  Index Scan using sbtest8_pkey on sbtest8  (cost=0.43..42.24 rows=11 width=121)
	        Index Cond: ((id >= 2037593) AND (id <= 2037602))

explain: for point_selects :: explain SELECT c FROM sbtest%u WHERE id=%u
for: simple_ranges
table 1 : explain SELECT c FROM sbtest1 WHERE id BETWEEN 6353540 AND 6353549
	Index Scan using sbtest1_pkey on sbtest1  (cost=0.43..35.21 rows=9 width=121)
	  Index Cond: ((id >= 6353540) AND (id <= 6353549))

table 2 : explain SELECT c FROM sbtest2 WHERE id BETWEEN 388532 AND 388541
	Index Scan using sbtest2_pkey on sbtest2  (cost=0.43..35.13 rows=9 width=121)
	  Index Cond: ((id >= 388532) AND (id <= 388541))

table 3 : explain SELECT c FROM sbtest3 WHERE id BETWEEN 400095 AND 400104
	Index Scan using sbtest3_pkey on sbtest3  (cost=0.43..42.52 rows=11 width=121)
	  Index Cond: ((id >= 400095) AND (id <= 400104))

table 4 : explain SELECT c FROM sbtest4 WHERE id BETWEEN 7828194 AND 7828203
	Index Scan using sbtest4_pkey on sbtest4  (cost=0.43..42.30 rows=11 width=121)
	  Index Cond: ((id >= 7828194) AND (id <= 7828203))

table 5 : explain SELECT c FROM sbtest5 WHERE id BETWEEN 1280269 AND 1280278
	Index Scan using sbtest5_pkey on sbtest5  (cost=0.43..32.11 rows=8 width=121)
	  Index Cond: ((id >= 1280269) AND (id <= 1280278))

table 6 : explain SELECT c FROM sbtest6 WHERE id BETWEEN 2963529 AND 2963538
	Index Scan using sbtest6_pkey on sbtest6  (cost=0.43..42.14 rows=11 width=121)
	  Index Cond: ((id >= 2963529) AND (id <= 2963538))

table 7 : explain SELECT c FROM sbtest7 WHERE id BETWEEN 5116004 AND 5116013
	Index Scan using sbtest7_pkey on sbtest7  (cost=0.43..38.74 rows=10 width=121)
	  Index Cond: ((id >= 5116004) AND (id <= 5116013))

table 8 : explain SELECT c FROM sbtest8 WHERE id BETWEEN 2354216 AND 2354225
	Index Scan using sbtest8_pkey on sbtest8  (cost=0.43..45.62 rows=12 width=121)
	  Index Cond: ((id >= 2354216) AND (id <= 2354225))

for: order_ranges
table 1 : explain SELECT c FROM sbtest1 WHERE id BETWEEN 4374974 AND 4374983 ORDER BY c
	Sort  (cost=38.72..38.74 rows=10 width=121)
	  Sort Key: c
	  ->  Index Scan using sbtest1_pkey on sbtest1  (cost=0.43..38.55 rows=10 width=121)
	        Index Cond: ((id >= 4374974) AND (id <= 4374983))

table 2 : explain SELECT c FROM sbtest2 WHERE id BETWEEN 6459757 AND 6459766 ORDER BY c
	Sort  (cost=41.99..42.02 rows=11 width=121)
	  Sort Key: c
	  ->  Index Scan using sbtest2_pkey on sbtest2  (cost=0.43..41.80 rows=11 width=121)
	        Index Cond: ((id >= 6459757) AND (id <= 6459766))

table 3 : explain SELECT c FROM sbtest3 WHERE id BETWEEN 1038855 AND 1038864 ORDER BY c
	Sort  (cost=39.28..39.30 rows=10 width=121)
	  Sort Key: c
	  ->  Index Scan using sbtest3_pkey on sbtest3  (cost=0.43..39.11 rows=10 width=121)
	        Index Cond: ((id >= 1038855) AND (id <= 1038864))

table 4 : explain SELECT c FROM sbtest4 WHERE id BETWEEN 3270184 AND 3270193 ORDER BY c
	Sort  (cost=39.09..39.11 rows=10 width=121)
	  Sort Key: c
	  ->  Index Scan using sbtest4_pkey on sbtest4  (cost=0.43..38.92 rows=10 width=121)
	        Index Cond: ((id >= 3270184) AND (id <= 3270193))

table 5 : explain SELECT c FROM sbtest5 WHERE id BETWEEN 7804282 AND 7804291 ORDER BY c
	Sort  (cost=39.03..39.06 rows=10 width=121)
	  Sort Key: c
	  ->  Index Scan using sbtest5_pkey on sbtest5  (cost=0.43..38.87 rows=10 width=121)
	        Index Cond: ((id >= 7804282) AND (id <= 7804291))

table 6 : explain SELECT c FROM sbtest6 WHERE id BETWEEN 3594381 AND 3594390 ORDER BY c
	Sort  (cost=38.94..38.96 rows=10 width=121)
	  Sort Key: c
	  ->  Index Scan using sbtest6_pkey on sbtest6  (cost=0.43..38.77 rows=10 width=121)
	        Index Cond: ((id >= 3594381) AND (id <= 3594390))

table 7 : explain SELECT c FROM sbtest7 WHERE id BETWEEN 8678497 AND 8678506 ORDER BY c
	Sort  (cost=38.90..38.93 rows=10 width=121)
	  Sort Key: c
	  ->  Index Scan using sbtest7_pkey on sbtest7  (cost=0.43..38.74 rows=10 width=121)
	        Index Cond: ((id >= 8678497) AND (id <= 8678506))

table 8 : explain SELECT c FROM sbtest8 WHERE id BETWEEN 8883946 AND 8883955 ORDER BY c
	Sort  (cost=42.43..42.46 rows=11 width=121)
	  Sort Key: c
	  ->  Index Scan using sbtest8_pkey on sbtest8  (cost=0.43..42.24 rows=11 width=121)
	        Index Cond: ((id >= 8883946) AND (id <= 8883955))
for: distinct_ranges
table 1 : explain SELECT DISTINCT c FROM sbtest1 WHERE id BETWEEN 5631124 AND 5631133 ORDER BY c
	Unique  (cost=38.72..38.77 rows=10 width=121)
	  ->  Sort  (cost=38.72..38.74 rows=10 width=121)
	        Sort Key: c
	        ->  Index Scan using sbtest1_pkey on sbtest1  (cost=0.43..38.55 rows=10 width=121)
	              Index Cond: ((id >= 5631124) AND (id <= 5631133))

table 2 : explain SELECT DISTINCT c FROM sbtest2 WHERE id BETWEEN 2013795 AND 2013804 ORDER BY c
	Unique  (cost=38.63..38.68 rows=10 width=121)
	  ->  Sort  (cost=38.63..38.66 rows=10 width=121)
	        Sort Key: c
	        ->  Index Scan using sbtest2_pkey on sbtest2  (cost=0.43..38.47 rows=10 width=121)
	              Index Cond: ((id >= 2013795) AND (id <= 2013804))

table 3 : explain SELECT DISTINCT c FROM sbtest3 WHERE id BETWEEN 8449345 AND 8449354 ORDER BY c
	Unique  (cost=39.28..39.33 rows=10 width=121)
	  ->  Sort  (cost=39.28..39.30 rows=10 width=121)
	        Sort Key: c
	        ->  Index Scan using sbtest3_pkey on sbtest3  (cost=0.43..39.11 rows=10 width=121)
	              Index Cond: ((id >= 8449345) AND (id <= 8449354))

table 4 : explain SELECT DISTINCT c FROM sbtest4 WHERE id BETWEEN 2028954 AND 2028963 ORDER BY c
	Unique  (cost=39.09..39.14 rows=10 width=121)
	  ->  Sort  (cost=39.09..39.11 rows=10 width=121)
	        Sort Key: c
	        ->  Index Scan using sbtest4_pkey on sbtest4  (cost=0.43..38.92 rows=10 width=121)
	              Index Cond: ((id >= 2028954) AND (id <= 2028963))

table 5 : explain SELECT DISTINCT c FROM sbtest5 WHERE id BETWEEN 6593827 AND 6593836 ORDER BY c
	Unique  (cost=42.44..42.49 rows=11 width=121)
	  ->  Sort  (cost=42.44..42.46 rows=11 width=121)
	        Sort Key: c
	        ->  Index Scan using sbtest5_pkey on sbtest5  (cost=0.43..42.25 rows=11 width=121)
	              Index Cond: ((id >= 6593827) AND (id <= 6593836))

table 6 : explain SELECT DISTINCT c FROM sbtest6 WHERE id BETWEEN 2132277 AND 2132286 ORDER BY c
	Unique  (cost=38.94..38.99 rows=10 width=121)
	  ->  Sort  (cost=38.94..38.96 rows=10 width=121)
	        Sort Key: c
	        ->  Index Scan using sbtest6_pkey on sbtest6  (cost=0.43..38.77 rows=10 width=121)
	              Index Cond: ((id >= 2132277) AND (id <= 2132286))

table 7 : explain SELECT DISTINCT c FROM sbtest7 WHERE id BETWEEN 9169139 AND 9169148 ORDER BY c
	Unique  (cost=38.90..38.95 rows=10 width=121)
	  ->  Sort  (cost=38.90..38.93 rows=10 width=121)
	        Sort Key: c
	        ->  Index Scan using sbtest7_pkey on sbtest7  (cost=0.43..38.74 rows=10 width=121)
	              Index Cond: ((id >= 9169139) AND (id <= 9169148))

table 8 : explain SELECT DISTINCT c FROM sbtest8 WHERE id BETWEEN 3065241 AND 3065250 ORDER BY c
	Unique  (cost=42.43..42.49 rows=11 width=121)
	  ->  Sort  (cost=42.43..42.46 rows=11 width=121)
	        Sort Key: c
	        ->  Index Scan using sbtest8_pkey on sbtest8  (cost=0.43..42.24 rows=11 width=121)
	              Index Cond: ((id >= 3065241) AND (id <= 3065250))


for: order_ranges
table 1 : explain SELECT c FROM sbtest1 WHERE id BETWEEN 9856186 AND 9856195 ORDER BY c
	Sort  (cost=42.08..42.11 rows=11 width=121)
	  Sort Key: c
	  ->  Index Scan using sbtest1_pkey on sbtest1  (cost=0.43..41.89 rows=11 width=121)
	        Index Cond: ((id >= 9856186) AND (id <= 9856195))

table 2 : explain SELECT c FROM sbtest2 WHERE id BETWEEN 5805168 AND 5805177 ORDER BY c
	Sort  (cost=38.63..38.66 rows=10 width=121)
	  Sort Key: c
	  ->  Index Scan using sbtest2_pkey on sbtest2  (cost=0.43..38.47 rows=10 width=121)
	        Index Cond: ((id >= 5805168) AND (id <= 5805177))

table 3 : explain SELECT c FROM sbtest3 WHERE id BETWEEN 5713854 AND 5713863 ORDER BY c
	Sort  (cost=42.71..42.74 rows=11 width=121)
	  Sort Key: c
	  ->  Index Scan using sbtest3_pkey on sbtest3  (cost=0.43..42.52 rows=11 width=121)
	        Index Cond: ((id >= 5713854) AND (id <= 5713863))

table 4 : explain SELECT c FROM sbtest4 WHERE id BETWEEN 548068 AND 548077 ORDER BY c
	Sort  (cost=39.09..39.11 rows=10 width=121)
	  Sort Key: c
	  ->  Index Scan using sbtest4_pkey on sbtest4  (cost=0.43..38.92 rows=10 width=121)
	        Index Cond: ((id >= 548068) AND (id <= 548077))

table 5 : explain SELECT c FROM sbtest5 WHERE id BETWEEN 3401704 AND 3401713 ORDER BY c
	Sort  (cost=39.03..39.06 rows=10 width=121)
	  Sort Key: c
	  ->  Index Scan using sbtest5_pkey on sbtest5  (cost=0.43..38.87 rows=10 width=121)
	        Index Cond: ((id >= 3401704) AND (id <= 3401713))

table 6 : explain SELECT c FROM sbtest6 WHERE id BETWEEN 9837290 AND 9837299 ORDER BY c
	Sort  (cost=38.94..38.96 rows=10 width=121)
	  Sort Key: c
	  ->  Index Scan using sbtest6_pkey on sbtest6  (cost=0.43..38.77 rows=10 width=121)
	        Index Cond: ((id >= 9837290) AND (id <= 9837299))

table 7 : explain SELECT c FROM sbtest7 WHERE id BETWEEN 6346784 AND 6346793 ORDER BY c
	Sort  (cost=38.90..38.93 rows=10 width=121)
	  Sort Key: c
	  ->  Index Scan using sbtest7_pkey on sbtest7  (cost=0.43..38.74 rows=10 width=121)
	        Index Cond: ((id >= 6346784) AND (id <= 6346793))

table 8 : explain SELECT c FROM sbtest8 WHERE id BETWEEN 7671394 AND 7671403 ORDER BY c
	Sort  (cost=39.03..39.06 rows=10 width=121)
	  Sort Key: c
	  ->  Index Scan using sbtest8_pkey on sbtest8  (cost=0.43..38.87 rows=10 width=121)
	        Index Cond: ((id >= 7671394) AND (id <= 7671403))

for: simple_ranges
table 1 : explain SELECT c FROM sbtest1 WHERE id BETWEEN 993087 AND 993096
	Index Scan using sbtest1_pkey on sbtest1  (cost=0.43..38.55 rows=10 width=121)
	  Index Cond: ((id >= 993087) AND (id <= 993096))

table 2 : explain SELECT c FROM sbtest2 WHERE id BETWEEN 7587180 AND 7587189
	Index Scan using sbtest2_pkey on sbtest2  (cost=0.43..41.80 rows=11 width=121)
	  Index Cond: ((id >= 7587180) AND (id <= 7587189))

table 3 : explain SELECT c FROM sbtest3 WHERE id BETWEEN 5282682 AND 5282691
	Index Scan using sbtest3_pkey on sbtest3  (cost=0.43..39.11 rows=10 width=121)
	  Index Cond: ((id >= 5282682) AND (id <= 5282691))

table 4 : explain SELECT c FROM sbtest4 WHERE id BETWEEN 1281601 AND 1281610
	Index Scan using sbtest4_pkey on sbtest4  (cost=0.43..38.92 rows=10 width=121)
	  Index Cond: ((id >= 1281601) AND (id <= 1281610))

table 5 : explain SELECT c FROM sbtest5 WHERE id BETWEEN 6050508 AND 6050517
	Index Scan using sbtest5_pkey on sbtest5  (cost=0.43..38.87 rows=10 width=121)
	  Index Cond: ((id >= 6050508) AND (id <= 6050517))

table 6 : explain SELECT c FROM sbtest6 WHERE id BETWEEN 4337466 AND 4337475
	Index Scan using sbtest6_pkey on sbtest6  (cost=0.43..38.77 rows=10 width=121)
	  Index Cond: ((id >= 4337466) AND (id <= 4337475))

table 7 : explain SELECT c FROM sbtest7 WHERE id BETWEEN 2942140 AND 2942149
	Index Scan using sbtest7_pkey on sbtest7  (cost=0.43..35.37 rows=9 width=121)
	  Index Cond: ((id >= 2942140) AND (id <= 2942149))

table 8 : explain SELECT c FROM sbtest8 WHERE id BETWEEN 4533926 AND 4533935
	Index Scan using sbtest8_pkey on sbtest8  (cost=0.43..35.49 rows=9 width=121)
	  Index Cond: ((id >= 4533926) AND (id <= 4533935))

for: simple_ranges
table 1 : explain SELECT c FROM sbtest1 WHERE id BETWEEN 1923619 AND 1923628
	Index Scan using sbtest1_pkey on sbtest1  (cost=0.43..41.89 rows=11 width=121)
	  Index Cond: ((id >= 1923619) AND (id <= 1923628))

table 2 : explain SELECT c FROM sbtest2 WHERE id BETWEEN 7519485 AND 7519494
	Index Scan using sbtest2_pkey on sbtest2  (cost=0.43..38.47 rows=10 width=121)
	  Index Cond: ((id >= 7519485) AND (id <= 7519494))

table 3 : explain SELECT c FROM sbtest3 WHERE id BETWEEN 4809492 AND 4809501
	Index Scan using sbtest3_pkey on sbtest3  (cost=0.43..39.11 rows=10 width=121)
	  Index Cond: ((id >= 4809492) AND (id <= 4809501))

table 4 : explain SELECT c FROM sbtest4 WHERE id BETWEEN 4707014 AND 4707023
	Index Scan using sbtest4_pkey on sbtest4  (cost=0.43..38.92 rows=10 width=121)
	  Index Cond: ((id >= 4707014) AND (id <= 4707023))

table 5 : explain SELECT c FROM sbtest5 WHERE id BETWEEN 5982975 AND 5982984
	Index Scan using sbtest5_pkey on sbtest5  (cost=0.43..38.87 rows=10 width=121)
	  Index Cond: ((id >= 5982975) AND (id <= 5982984))

table 6 : explain SELECT c FROM sbtest6 WHERE id BETWEEN 5421594 AND 5421603
	Index Scan using sbtest6_pkey on sbtest6  (cost=0.43..38.77 rows=10 width=121)
	  Index Cond: ((id >= 5421594) AND (id <= 5421603))

table 7 : explain SELECT c FROM sbtest7 WHERE id BETWEEN 7795032 AND 7795041
	Index Scan using sbtest7_pkey on sbtest7  (cost=0.43..38.74 rows=10 width=121)
	  Index Cond: ((id >= 7795032) AND (id <= 7795041))

table 8 : explain SELECT c FROM sbtest8 WHERE id BETWEEN 443774 AND 443783
	Index Scan using sbtest8_pkey on sbtest8  (cost=0.43..42.24 rows=11 width=121)
	  Index Cond: ((id >= 443774) AND (id <= 443783))

for: simple_ranges
table 1 : explain SELECT c FROM sbtest1 WHERE id BETWEEN 1272159 AND 1272168
	Index Scan using sbtest1_pkey on sbtest1  (cost=0.43..38.55 rows=10 width=121)
	  Index Cond: ((id >= 1272159) AND (id <= 1272168))

table 2 : explain SELECT c FROM sbtest2 WHERE id BETWEEN 9931577 AND 9931586
	Index Scan using sbtest2_pkey on sbtest2  (cost=0.43..41.80 rows=11 width=121)
	  Index Cond: ((id >= 9931577) AND (id <= 9931586))

table 3 : explain SELECT c FROM sbtest3 WHERE id BETWEEN 8838428 AND 8838437
	Index Scan using sbtest3_pkey on sbtest3  (cost=0.43..42.52 rows=11 width=121)
	  Index Cond: ((id >= 8838428) AND (id <= 8838437))

table 4 : explain SELECT c FROM sbtest4 WHERE id BETWEEN 7602721 AND 7602730
	Index Scan using sbtest4_pkey on sbtest4  (cost=0.43..38.92 rows=10 width=121)
	  Index Cond: ((id >= 7602721) AND (id <= 7602730))

table 5 : explain SELECT c FROM sbtest5 WHERE id BETWEEN 6652561 AND 6652570
	Index Scan using sbtest5_pkey on sbtest5  (cost=0.43..38.87 rows=10 width=121)
	  Index Cond: ((id >= 6652561) AND (id <= 6652570))

table 6 : explain SELECT c FROM sbtest6 WHERE id BETWEEN 2157734 AND 2157743
	Index Scan using sbtest6_pkey on sbtest6  (cost=0.43..38.77 rows=10 width=121)
	  Index Cond: ((id >= 2157734) AND (id <= 2157743))

table 7 : explain SELECT c FROM sbtest7 WHERE id BETWEEN 5756956 AND 5756965
	Index Scan using sbtest7_pkey on sbtest7  (cost=0.43..42.10 rows=11 width=121)
	  Index Cond: ((id >= 5756956) AND (id <= 5756965))

table 8 : explain SELECT c FROM sbtest8 WHERE id BETWEEN 2095694 AND 2095703
	Index Scan using sbtest8_pkey on sbtest8  (cost=0.43..38.87 rows=10 width=121)
	  Index Cond: ((id >= 2095694) AND (id <= 2095703))

for inserts
table 1 : explain INSERT INTO sbtest1 (id, k, c, pad) VALUES (1777055, 13, 'foobar', 'foobar')
	Insert on sbtest1  (cost=0.00..0.01 rows=0 width=0)
	  ->  Result  (cost=0.00..0.01 rows=1 width=736)

table 2 : explain INSERT INTO sbtest2 (id, k, c, pad) VALUES (31030, 13, 'foobar', 'foobar')
	Insert on sbtest2  (cost=0.00..0.01 rows=0 width=0)
	  ->  Result  (cost=0.00..0.01 rows=1 width=736)

table 3 : explain INSERT INTO sbtest3 (id, k, c, pad) VALUES (9034400, 13, 'foobar', 'foobar')
	Insert on sbtest3  (cost=0.00..0.01 rows=0 width=0)
	  ->  Result  (cost=0.00..0.01 rows=1 width=736)

table 4 : explain INSERT INTO sbtest4 (id, k, c, pad) VALUES (6139033, 13, 'foobar', 'foobar')
	Insert on sbtest4  (cost=0.00..0.01 rows=0 width=0)
	  ->  Result  (cost=0.00..0.01 rows=1 width=736)

table 5 : explain INSERT INTO sbtest5 (id, k, c, pad) VALUES (1595207, 13, 'foobar', 'foobar')
	Insert on sbtest5  (cost=0.00..0.01 rows=0 width=0)
	  ->  Result  (cost=0.00..0.01 rows=1 width=736)

table 6 : explain INSERT INTO sbtest6 (id, k, c, pad) VALUES (3765912, 13, 'foobar', 'foobar')
	Insert on sbtest6  (cost=0.00..0.01 rows=0 width=0)
	  ->  Result  (cost=0.00..0.01 rows=1 width=736)

table 7 : explain INSERT INTO sbtest7 (id, k, c, pad) VALUES (10312, 13, 'foobar', 'foobar')
	Insert on sbtest7  (cost=0.00..0.01 rows=0 width=0)
	  ->  Result  (cost=0.00..0.01 rows=1 width=736)

table 8 : explain INSERT INTO sbtest8 (id, k, c, pad) VALUES (6986782, 13, 'foobar', 'foobar')
	Insert on sbtest8  (cost=0.00..0.01 rows=0 width=0)
	  ->  Result  (cost=0.00..0.01 rows=1 width=736)

explain: for index_updates :: explain UPDATE sbtest%u SET k=k+1 WHERE id=%u
for: simple_ranges
table 1 : explain SELECT c FROM sbtest1 WHERE id BETWEEN 5483829 AND 5483838
	Index Scan using sbtest1_pkey on sbtest1  (cost=0.43..35.21 rows=9 width=121)
	  Index Cond: ((id >= 5483829) AND (id <= 5483838))

table 2 : explain SELECT c FROM sbtest2 WHERE id BETWEEN 4841192 AND 4841201
	Index Scan using sbtest2_pkey on sbtest2  (cost=0.43..38.47 rows=10 width=121)
	  Index Cond: ((id >= 4841192) AND (id <= 4841201))

table 3 : explain SELECT c FROM sbtest3 WHERE id BETWEEN 1315897 AND 1315906
	Index Scan using sbtest3_pkey on sbtest3  (cost=0.43..35.71 rows=9 width=121)
	  Index Cond: ((id >= 1315897) AND (id <= 1315906))

table 4 : explain SELECT c FROM sbtest4 WHERE id BETWEEN 343808 AND 343817
	Index Scan using sbtest4_pkey on sbtest4  (cost=0.43..42.30 rows=11 width=121)
	  Index Cond: ((id >= 343808) AND (id <= 343817))

table 5 : explain SELECT c FROM sbtest5 WHERE id BETWEEN 6353763 AND 6353772
	Index Scan using sbtest5_pkey on sbtest5  (cost=0.43..38.87 rows=10 width=121)
	  Index Cond: ((id >= 6353763) AND (id <= 6353772))

table 6 : explain SELECT c FROM sbtest6 WHERE id BETWEEN 215665 AND 215674
	Index Scan using sbtest6_pkey on sbtest6  (cost=0.43..38.77 rows=10 width=121)
	  Index Cond: ((id >= 215665) AND (id <= 215674))

table 7 : explain SELECT c FROM sbtest7 WHERE id BETWEEN 9232811 AND 9232820
	Index Scan using sbtest7_pkey on sbtest7  (cost=0.43..38.74 rows=10 width=121)
	  Index Cond: ((id >= 9232811) AND (id <= 9232820))

table 8 : explain SELECT c FROM sbtest8 WHERE id BETWEEN 6661929 AND 6661938
	Index Scan using sbtest8_pkey on sbtest8  (cost=0.43..42.24 rows=11 width=121)
	  Index Cond: ((id >= 6661929) AND (id <= 6661938))

for: distinct_ranges
table 1 : explain SELECT DISTINCT c FROM sbtest1 WHERE id BETWEEN 3199004 AND 3199013 ORDER BY c
	Unique  (cost=35.35..35.39 rows=9 width=121)
	  ->  Sort  (cost=35.35..35.37 rows=9 width=121)
	        Sort Key: c
	        ->  Index Scan using sbtest1_pkey on sbtest1  (cost=0.43..35.21 rows=9 width=121)
	              Index Cond: ((id >= 3199004) AND (id <= 3199013))

table 2 : explain SELECT DISTINCT c FROM sbtest2 WHERE id BETWEEN 9471416 AND 9471425 ORDER BY c
	Unique  (cost=38.63..38.68 rows=10 width=121)
	  ->  Sort  (cost=38.63..38.66 rows=10 width=121)
	        Sort Key: c
	        ->  Index Scan using sbtest2_pkey on sbtest2  (cost=0.43..38.47 rows=10 width=121)
	              Index Cond: ((id >= 9471416) AND (id <= 9471425))

table 3 : explain SELECT DISTINCT c FROM sbtest3 WHERE id BETWEEN 8543884 AND 8543893 ORDER BY c
	Unique  (cost=39.28..39.33 rows=10 width=121)
	  ->  Sort  (cost=39.28..39.30 rows=10 width=121)
	        Sort Key: c
	        ->  Index Scan using sbtest3_pkey on sbtest3  (cost=0.43..39.11 rows=10 width=121)
	              Index Cond: ((id >= 8543884) AND (id <= 8543893))

table 4 : explain SELECT DISTINCT c FROM sbtest4 WHERE id BETWEEN 4133445 AND 4133454 ORDER BY c
	Unique  (cost=39.09..39.14 rows=10 width=121)
	  ->  Sort  (cost=39.09..39.11 rows=10 width=121)
	        Sort Key: c
	        ->  Index Scan using sbtest4_pkey on sbtest4  (cost=0.43..38.92 rows=10 width=121)
	              Index Cond: ((id >= 4133445) AND (id <= 4133454))

table 5 : explain SELECT DISTINCT c FROM sbtest5 WHERE id BETWEEN 1069827 AND 1069836 ORDER BY c
	Unique  (cost=39.03..39.08 rows=10 width=121)
	  ->  Sort  (cost=39.03..39.06 rows=10 width=121)
	        Sort Key: c
	        ->  Index Scan using sbtest5_pkey on sbtest5  (cost=0.43..38.87 rows=10 width=121)
	              Index Cond: ((id >= 1069827) AND (id <= 1069836))

table 6 : explain SELECT DISTINCT c FROM sbtest6 WHERE id BETWEEN 2747308 AND 2747317 ORDER BY c
	Unique  (cost=38.94..38.99 rows=10 width=121)
	  ->  Sort  (cost=38.94..38.96 rows=10 width=121)
	        Sort Key: c
	        ->  Index Scan using sbtest6_pkey on sbtest6  (cost=0.43..38.77 rows=10 width=121)
	              Index Cond: ((id >= 2747308) AND (id <= 2747317))

table 7 : explain SELECT DISTINCT c FROM sbtest7 WHERE id BETWEEN 3272038 AND 3272047 ORDER BY c
	Unique  (cost=38.90..38.95 rows=10 width=121)
	  ->  Sort  (cost=38.90..38.93 rows=10 width=121)
	        Sort Key: c
	        ->  Index Scan using sbtest7_pkey on sbtest7  (cost=0.43..38.74 rows=10 width=121)
	              Index Cond: ((id >= 3272038) AND (id <= 3272047))

table 8 : explain SELECT DISTINCT c FROM sbtest8 WHERE id BETWEEN 211405 AND 211414 ORDER BY c
	Unique  (cost=35.63..35.67 rows=9 width=121)
	  ->  Sort  (cost=35.63..35.65 rows=9 width=121)
	        Sort Key: c
	        ->  Index Scan using sbtest8_pkey on sbtest8  (cost=0.43..35.49 rows=9 width=121)
	              Index Cond: ((id >= 211405) AND (id <= 211414))

for: simple_ranges
table 1 : explain SELECT c FROM sbtest1 WHERE id BETWEEN 7264712 AND 7264721
	Index Scan using sbtest1_pkey on sbtest1  (cost=0.43..38.55 rows=10 width=121)
	  Index Cond: ((id >= 7264712) AND (id <= 7264721))

table 2 : explain SELECT c FROM sbtest2 WHERE id BETWEEN 9628694 AND 9628703
	Index Scan using sbtest2_pkey on sbtest2  (cost=0.43..41.80 rows=11 width=121)
	  Index Cond: ((id >= 9628694) AND (id <= 9628703))

table 3 : explain SELECT c FROM sbtest3 WHERE id BETWEEN 4057551 AND 4057560
	Index Scan using sbtest3_pkey on sbtest3  (cost=0.43..39.11 rows=10 width=121)
	  Index Cond: ((id >= 4057551) AND (id <= 4057560))

table 4 : explain SELECT c FROM sbtest4 WHERE id BETWEEN 6190213 AND 6190222
	Index Scan using sbtest4_pkey on sbtest4  (cost=0.43..42.30 rows=11 width=121)
	  Index Cond: ((id >= 6190213) AND (id <= 6190222))

table 5 : explain SELECT c FROM sbtest5 WHERE id BETWEEN 6225869 AND 6225878
	Index Scan using sbtest5_pkey on sbtest5  (cost=0.43..38.87 rows=10 width=121)
	  Index Cond: ((id >= 6225869) AND (id <= 6225878))

table 6 : explain SELECT c FROM sbtest6 WHERE id BETWEEN 5436971 AND 5436980
	Index Scan using sbtest6_pkey on sbtest6  (cost=0.43..38.77 rows=10 width=121)
	  Index Cond: ((id >= 5436971) AND (id <= 5436980))

table 7 : explain SELECT c FROM sbtest7 WHERE id BETWEEN 5498998 AND 5499007
	Index Scan using sbtest7_pkey on sbtest7  (cost=0.43..42.10 rows=11 width=121)
	  Index Cond: ((id >= 5498998) AND (id <= 5499007))

table 8 : explain SELECT c FROM sbtest8 WHERE id BETWEEN 2012088 AND 2012097
	Index Scan using sbtest8_pkey on sbtest8  (cost=0.43..42.24 rows=11 width=121)
	  Index Cond: ((id >= 2012088) AND (id <= 2012097))

for: simple_ranges
table 1 : explain SELECT c FROM sbtest1 WHERE id BETWEEN 996215 AND 996224
	Index Scan using sbtest1_pkey on sbtest1  (cost=0.43..38.55 rows=10 width=121)
	  Index Cond: ((id >= 996215) AND (id <= 996224))

table 2 : explain SELECT c FROM sbtest2 WHERE id BETWEEN 214253 AND 214262
	Index Scan using sbtest2_pkey on sbtest2  (cost=0.43..38.47 rows=10 width=121)
	  Index Cond: ((id >= 214253) AND (id <= 214262))

table 3 : explain SELECT c FROM sbtest3 WHERE id BETWEEN 3416279 AND 3416288
	Index Scan using sbtest3_pkey on sbtest3  (cost=0.43..39.11 rows=10 width=121)
	  Index Cond: ((id >= 3416279) AND (id <= 3416288))

table 4 : explain SELECT c FROM sbtest4 WHERE id BETWEEN 9755136 AND 9755145
	Index Scan using sbtest4_pkey on sbtest4  (cost=0.43..35.53 rows=9 width=121)
	  Index Cond: ((id >= 9755136) AND (id <= 9755145))

table 5 : explain SELECT c FROM sbtest5 WHERE id BETWEEN 4957040 AND 4957049
	Index Scan using sbtest5_pkey on sbtest5  (cost=0.43..38.87 rows=10 width=121)
	  Index Cond: ((id >= 4957040) AND (id <= 4957049))

table 6 : explain SELECT c FROM sbtest6 WHERE id BETWEEN 7905808 AND 7905817
	Index Scan using sbtest6_pkey on sbtest6  (cost=0.43..38.77 rows=10 width=121)
	  Index Cond: ((id >= 7905808) AND (id <= 7905817))

table 7 : explain SELECT c FROM sbtest7 WHERE id BETWEEN 6150359 AND 6150368
	Index Scan using sbtest7_pkey on sbtest7  (cost=0.43..38.74 rows=10 width=121)
	  Index Cond: ((id >= 6150359) AND (id <= 6150368))

table 8 : explain SELECT c FROM sbtest8 WHERE id BETWEEN 6046929 AND 6046938
	Index Scan using sbtest8_pkey on sbtest8  (cost=0.43..38.87 rows=10 width=121)
	  Index Cond: ((id >= 6046929) AND (id <= 6046938))

explain: for index_updates :: explain UPDATE sbtest%u SET k=k+1 WHERE id=%ufor: simple_ranges
table 1 : explain SELECT c FROM sbtest1 WHERE id BETWEEN 6283500 AND 6283509
	Index Scan using sbtest1_pkey on sbtest1  (cost=0.43..38.55 rows=10 width=121)
	  Index Cond: ((id >= 6283500) AND (id <= 6283509))

table 2 : explain SELECT c FROM sbtest2 WHERE id BETWEEN 3234882 AND 3234891
	Index Scan using sbtest2_pkey on sbtest2  (cost=0.43..35.13 rows=9 width=121)
	  Index Cond: ((id >= 3234882) AND (id <= 3234891))

table 3 : explain SELECT c FROM sbtest3 WHERE id BETWEEN 4313090 AND 4313099
	Index Scan using sbtest3_pkey on sbtest3  (cost=0.43..39.11 rows=10 width=121)
	  Index Cond: ((id >= 4313090) AND (id <= 4313099))

table 4 : explain SELECT c FROM sbtest4 WHERE id BETWEEN 9072965 AND 9072974
	Index Scan using sbtest4_pkey on sbtest4  (cost=0.43..42.30 rows=11 width=121)
	  Index Cond: ((id >= 9072965) AND (id <= 9072974))

table 5 : explain SELECT c FROM sbtest5 WHERE id BETWEEN 3456795 AND 3456804
	Index Scan using sbtest5_pkey on sbtest5  (cost=0.43..35.49 rows=9 width=121)
	  Index Cond: ((id >= 3456795) AND (id <= 3456804))

table 6 : explain SELECT c FROM sbtest6 WHERE id BETWEEN 2505863 AND 2505872
	Index Scan using sbtest6_pkey on sbtest6  (cost=0.43..35.40 rows=9 width=121)
	  Index Cond: ((id >= 2505863) AND (id <= 2505872))

table 7 : explain SELECT c FROM sbtest7 WHERE id BETWEEN 3654713 AND 3654722
	Index Scan using sbtest7_pkey on sbtest7  (cost=0.43..35.37 rows=9 width=121)
	  Index Cond: ((id >= 3654713) AND (id <= 3654722))

table 8 : explain SELECT c FROM sbtest8 WHERE id BETWEEN 711806 AND 711815
	Index Scan using sbtest8_pkey on sbtest8  (cost=0.43..42.24 rows=11 width=121)
	  Index Cond: ((id >= 711806) AND (id <= 711815))


for: distinct_ranges
table 1 : explain SELECT DISTINCT c FROM sbtest1 WHERE id BETWEEN 4050831 AND 4050840 ORDER BY c
	Unique  (cost=35.35..35.39 rows=9 width=121)
	  ->  Sort  (cost=35.35..35.37 rows=9 width=121)
	        Sort Key: c
	        ->  Index Scan using sbtest1_pkey on sbtest1  (cost=0.43..35.21 rows=9 width=121)
	              Index Cond: ((id >= 4050831) AND (id <= 4050840))

table 2 : explain SELECT DISTINCT c FROM sbtest2 WHERE id BETWEEN 5801235 AND 5801244 ORDER BY c
	Unique  (cost=38.63..38.68 rows=10 width=121)
	  ->  Sort  (cost=38.63..38.66 rows=10 width=121)
	        Sort Key: c
	        ->  Index Scan using sbtest2_pkey on sbtest2  (cost=0.43..38.47 rows=10 width=121)
	              Index Cond: ((id >= 5801235) AND (id <= 5801244))

table 3 : explain SELECT DISTINCT c FROM sbtest3 WHERE id BETWEEN 9523123 AND 9523132 ORDER BY c
	Unique  (cost=39.28..39.33 rows=10 width=121)
	  ->  Sort  (cost=39.28..39.30 rows=10 width=121)
	        Sort Key: c
	        ->  Index Scan using sbtest3_pkey on sbtest3  (cost=0.43..39.11 rows=10 width=121)
	              Index Cond: ((id >= 9523123) AND (id <= 9523132))

table 4 : explain SELECT DISTINCT c FROM sbtest4 WHERE id BETWEEN 855913 AND 855922 ORDER BY c
	Unique  (cost=39.09..39.14 rows=10 width=121)
	  ->  Sort  (cost=39.09..39.11 rows=10 width=121)
	        Sort Key: c
	        ->  Index Scan using sbtest4_pkey on sbtest4  (cost=0.43..38.92 rows=10 width=121)
	              Index Cond: ((id >= 855913) AND (id <= 855922))

table 5 : explain SELECT DISTINCT c FROM sbtest5 WHERE id BETWEEN 1876197 AND 1876206 ORDER BY c
	Unique  (cost=42.44..42.49 rows=11 width=121)
	  ->  Sort  (cost=42.44..42.46 rows=11 width=121)
	        Sort Key: c
	        ->  Index Scan using sbtest5_pkey on sbtest5  (cost=0.43..42.25 rows=11 width=121)
	              Index Cond: ((id >= 1876197) AND (id <= 1876206))

table 6 : explain SELECT DISTINCT c FROM sbtest6 WHERE id BETWEEN 6255211 AND 6255220 ORDER BY c
	Unique  (cost=38.94..38.99 rows=10 width=121)
	  ->  Sort  (cost=38.94..38.96 rows=10 width=121)
	        Sort Key: c
	        ->  Index Scan using sbtest6_pkey on sbtest6  (cost=0.43..38.77 rows=10 width=121)
	              Index Cond: ((id >= 6255211) AND (id <= 6255220))

table 7 : explain SELECT DISTINCT c FROM sbtest7 WHERE id BETWEEN 4906226 AND 4906235 ORDER BY c
	Unique  (cost=38.90..38.95 rows=10 width=121)
	  ->  Sort  (cost=38.90..38.93 rows=10 width=121)
	        Sort Key: c
	        ->  Index Scan using sbtest7_pkey on sbtest7  (cost=0.43..38.74 rows=10 width=121)
	              Index Cond: ((id >= 4906226) AND (id <= 4906235))

table 8 : explain SELECT DISTINCT c FROM sbtest8 WHERE id BETWEEN 7425197 AND 7425206 ORDER BY c
	Unique  (cost=35.63..35.67 rows=9 width=121)
	  ->  Sort  (cost=35.63..35.65 rows=9 width=121)
	        Sort Key: c
	        ->  Index Scan using sbtest8_pkey on sbtest8  (cost=0.43..35.49 rows=9 width=121)
	              Index Cond: ((id >= 7425197) AND (id <= 7425206))

for point_selects
table 1 : explain SELECT c FROM sbtest1 WHERE id=2672679
	Index Scan using sbtest1_pkey on sbtest1  (cost=0.43..8.45 rows=1 width=121)
	  Index Cond: (id = 2672679)

table 2 : explain SELECT c FROM sbtest2 WHERE id=9847202
	Index Scan using sbtest2_pkey on sbtest2  (cost=0.43..8.45 rows=1 width=121)
	  Index Cond: (id = 9847202)

table 3 : explain SELECT c FROM sbtest3 WHERE id=413002
	Index Scan using sbtest3_pkey on sbtest3  (cost=0.43..8.45 rows=1 width=121)
	  Index Cond: (id = 413002)

table 4 : explain SELECT c FROM sbtest4 WHERE id=1721627
	Index Scan using sbtest4_pkey on sbtest4  (cost=0.43..8.45 rows=1 width=121)
	  Index Cond: (id = 1721627)

table 5 : explain SELECT c FROM sbtest5 WHERE id=4288357
	Index Scan using sbtest5_pkey on sbtest5  (cost=0.43..8.45 rows=1 width=121)
	  Index Cond: (id = 4288357)

table 6 : explain SELECT c FROM sbtest6 WHERE id=5769165
	Index Scan using sbtest6_pkey on sbtest6  (cost=0.43..8.45 rows=1 width=121)
	  Index Cond: (id = 5769165)

table 7 : explain SELECT c FROM sbtest7 WHERE id=4858313
	Index Scan using sbtest7_pkey on sbtest7  (cost=0.43..8.45 rows=1 width=121)
	  Index Cond: (id = 4858313)

table 8 : explain SELECT c FROM sbtest8 WHERE id=6486925
	Index Scan using sbtest8_pkey on sbtest8  (cost=0.43..8.45 rows=1 width=121)
	  Index Cond: (id = 6486925)

for: sum_ranges
table 1 : explain SELECT SUM(k) FROM sbtest1 WHERE id BETWEEN 3824522 AND 3824531
	Aggregate  (cost=38.57..38.58 rows=1 width=8)
	  ->  Index Scan using sbtest1_pkey on sbtest1  (cost=0.43..38.55 rows=10 width=4)
	        Index Cond: ((id >= 3824522) AND (id <= 3824531))

table 2 : explain SELECT SUM(k) FROM sbtest2 WHERE id BETWEEN 5454069 AND 5454078
	Aggregate  (cost=38.49..38.50 rows=1 width=8)
	  ->  Index Scan using sbtest2_pkey on sbtest2  (cost=0.43..38.47 rows=10 width=4)
	        Index Cond: ((id >= 5454069) AND (id <= 5454078))

table 3 : explain SELECT SUM(k) FROM sbtest3 WHERE id BETWEEN 6748844 AND 6748853
	Aggregate  (cost=39.14..39.15 rows=1 width=8)
	  ->  Index Scan using sbtest3_pkey on sbtest3  (cost=0.43..39.11 rows=10 width=4)
	        Index Cond: ((id >= 6748844) AND (id <= 6748853))

table 4 : explain SELECT SUM(k) FROM sbtest4 WHERE id BETWEEN 355876 AND 355885
	Aggregate  (cost=42.33..42.34 rows=1 width=8)
	  ->  Index Scan using sbtest4_pkey on sbtest4  (cost=0.43..42.30 rows=11 width=4)
	        Index Cond: ((id >= 355876) AND (id <= 355885))

table 5 : explain SELECT SUM(k) FROM sbtest5 WHERE id BETWEEN 6116734 AND 6116743
	Aggregate  (cost=38.89..38.90 rows=1 width=8)
	  ->  Index Scan using sbtest5_pkey on sbtest5  (cost=0.43..38.87 rows=10 width=4)
	        Index Cond: ((id >= 6116734) AND (id <= 6116743))

table 6 : explain SELECT SUM(k) FROM sbtest6 WHERE id BETWEEN 40467 AND 40476
	Aggregate  (cost=38.80..38.81 rows=1 width=8)
	  ->  Index Scan using sbtest6_pkey on sbtest6  (cost=0.43..38.77 rows=10 width=4)
	        Index Cond: ((id >= 40467) AND (id <= 40476))

table 7 : explain SELECT SUM(k) FROM sbtest7 WHERE id BETWEEN 4240972 AND 4240981
	Aggregate  (cost=38.76..38.77 rows=1 width=8)
	  ->  Index Scan using sbtest7_pkey on sbtest7  (cost=0.43..38.74 rows=10 width=4)
	        Index Cond: ((id >= 4240972) AND (id <= 4240981))

table 8 : explain SELECT SUM(k) FROM sbtest8 WHERE id BETWEEN 4113488 AND 4113497
	Aggregate  (cost=38.89..38.90 rows=1 width=8)
	  ->  Index Scan using sbtest8_pkey on sbtest8  (cost=0.43..38.87 rows=10 width=4)
	        Index Cond: ((id >= 4113488) AND (id <= 4113497))

for: sum_ranges
table 1 : explain SELECT SUM(k) FROM sbtest1 WHERE id BETWEEN 457074 AND 457083
	Aggregate  (cost=38.57..38.58 rows=1 width=8)
	  ->  Index Scan using sbtest1_pkey on sbtest1  (cost=0.43..38.55 rows=10 width=4)
	        Index Cond: ((id >= 457074) AND (id <= 457083))

table 2 : explain SELECT SUM(k) FROM sbtest2 WHERE id BETWEEN 5076419 AND 5076428
	Aggregate  (cost=45.17..45.18 rows=1 width=8)
	  ->  Index Scan using sbtest2_pkey on sbtest2  (cost=0.43..45.14 rows=12 width=4)
	        Index Cond: ((id >= 5076419) AND (id <= 5076428))

table 3 : explain SELECT SUM(k) FROM sbtest3 WHERE id BETWEEN 552157 AND 552166
	Aggregate  (cost=39.14..39.15 rows=1 width=8)
	  ->  Index Scan using sbtest3_pkey on sbtest3  (cost=0.43..39.11 rows=10 width=4)
	        Index Cond: ((id >= 552157) AND (id <= 552166))

table 4 : explain SELECT SUM(k) FROM sbtest4 WHERE id BETWEEN 3939197 AND 3939206
	Aggregate  (cost=38.94..38.95 rows=1 width=8)
	  ->  Index Scan using sbtest4_pkey on sbtest4  (cost=0.43..38.92 rows=10 width=4)
	        Index Cond: ((id >= 3939197) AND (id <= 3939206))

table 5 : explain SELECT SUM(k) FROM sbtest5 WHERE id BETWEEN 1871456 AND 1871465
	Aggregate  (cost=42.27..42.28 rows=1 width=8)
	  ->  Index Scan using sbtest5_pkey on sbtest5  (cost=0.43..42.25 rows=11 width=4)
	        Index Cond: ((id >= 1871456) AND (id <= 1871465))

table 6 : explain SELECT SUM(k) FROM sbtest6 WHERE id BETWEEN 7399808 AND 7399817
	Aggregate  (cost=38.80..38.81 rows=1 width=8)
	  ->  Index Scan using sbtest6_pkey on sbtest6  (cost=0.43..38.77 rows=10 width=4)
	        Index Cond: ((id >= 7399808) AND (id <= 7399817))

table 7 : explain SELECT SUM(k) FROM sbtest7 WHERE id BETWEEN 3792481 AND 3792490
	Aggregate  (cost=38.76..38.77 rows=1 width=8)
	  ->  Index Scan using sbtest7_pkey on sbtest7  (cost=0.43..38.74 rows=10 width=4)
	        Index Cond: ((id >= 3792481) AND (id <= 3792490))

table 8 : explain SELECT SUM(k) FROM sbtest8 WHERE id BETWEEN 4128467 AND 4128476
	Aggregate  (cost=38.89..38.90 rows=1 width=8)
	  ->  Index Scan using sbtest8_pkey on sbtest8  (cost=0.43..38.87 rows=10 width=4)
	        Index Cond: ((id >= 4128467) AND (id <= 4128476))

for index_updates
table 1 : explain UPDATE sbtest1 SET k=k+1 WHERE id=3121797
	Update on sbtest1  (cost=0.43..8.46 rows=0 width=0)
	  ->  Index Scan using sbtest1_pkey on sbtest1  (cost=0.43..8.46 rows=1 width=10)
	        Index Cond: (id = 3121797)

table 2 : explain UPDATE sbtest2 SET k=k+1 WHERE id=6021251
	Update on sbtest2  (cost=0.43..8.46 rows=0 width=0)
	  ->  Index Scan using sbtest2_pkey on sbtest2  (cost=0.43..8.46 rows=1 width=10)
	        Index Cond: (id = 6021251)

table 3 : explain UPDATE sbtest3 SET k=k+1 WHERE id=62902
	Update on sbtest3  (cost=0.43..8.46 rows=0 width=0)
	  ->  Index Scan using sbtest3_pkey on sbtest3  (cost=0.43..8.46 rows=1 width=10)
	        Index Cond: (id = 62902)

table 4 : explain UPDATE sbtest4 SET k=k+1 WHERE id=582967
	Update on sbtest4  (cost=0.43..8.46 rows=0 width=0)
	  ->  Index Scan using sbtest4_pkey on sbtest4  (cost=0.43..8.46 rows=1 width=10)
	        Index Cond: (id = 582967)

table 5 : explain UPDATE sbtest5 SET k=k+1 WHERE id=2939714
	Update on sbtest5  (cost=0.43..8.46 rows=0 width=0)
	  ->  Index Scan using sbtest5_pkey on sbtest5  (cost=0.43..8.46 rows=1 width=10)
	        Index Cond: (id = 2939714)

table 6 : explain UPDATE sbtest6 SET k=k+1 WHERE id=5891771
	Update on sbtest6  (cost=0.43..8.46 rows=0 width=0)
	  ->  Index Scan using sbtest6_pkey on sbtest6  (cost=0.43..8.46 rows=1 width=10)
	        Index Cond: (id = 5891771)

table 7 : explain UPDATE sbtest7 SET k=k+1 WHERE id=4417725
	Update on sbtest7  (cost=0.43..8.46 rows=0 width=0)
	  ->  Index Scan using sbtest7_pkey on sbtest7  (cost=0.43..8.46 rows=1 width=10)
	        Index Cond: (id = 4417725)

table 8 : explain UPDATE sbtest8 SET k=k+1 WHERE id=8969172
	Update on sbtest8  (cost=0.43..8.46 rows=0 width=0)
	  ->  Index Scan using sbtest8_pkey on sbtest8  (cost=0.43..8.46 rows=1 width=10)
	        Index Cond: (id = 8969172)

for: distinct_ranges
table 1 : explain SELECT DISTINCT c FROM sbtest1 WHERE id BETWEEN 2959956 AND 2959965 ORDER BY c
	Unique  (cost=42.08..42.14 rows=11 width=121)
	  ->  Sort  (cost=42.08..42.11 rows=11 width=121)
	        Sort Key: c
	        ->  Index Scan using sbtest1_pkey on sbtest1  (cost=0.43..41.89 rows=11 width=121)
	              Index Cond: ((id >= 2959956) AND (id <= 2959965))

table 2 : explain SELECT DISTINCT c FROM sbtest2 WHERE id BETWEEN 6184084 AND 6184093 ORDER BY c
	Unique  (cost=38.63..38.68 rows=10 width=121)
	  ->  Sort  (cost=38.63..38.66 rows=10 width=121)
	        Sort Key: c
	        ->  Index Scan using sbtest2_pkey on sbtest2  (cost=0.43..38.47 rows=10 width=121)
	              Index Cond: ((id >= 6184084) AND (id <= 6184093))

table 3 : explain SELECT DISTINCT c FROM sbtest3 WHERE id BETWEEN 2804132 AND 2804141 ORDER BY c
	Unique  (cost=39.28..39.33 rows=10 width=121)
	  ->  Sort  (cost=39.28..39.30 rows=10 width=121)
	        Sort Key: c
	        ->  Index Scan using sbtest3_pkey on sbtest3  (cost=0.43..39.11 rows=10 width=121)
	              Index Cond: ((id >= 2804132) AND (id <= 2804141))

table 4 : explain SELECT DISTINCT c FROM sbtest4 WHERE id BETWEEN 3763760 AND 3763769 ORDER BY c
	Unique  (cost=39.09..39.14 rows=10 width=121)
	  ->  Sort  (cost=39.09..39.11 rows=10 width=121)
	        Sort Key: c
	        ->  Index Scan using sbtest4_pkey on sbtest4  (cost=0.43..38.92 rows=10 width=121)
	              Index Cond: ((id >= 3763760) AND (id <= 3763769))

table 5 : explain SELECT DISTINCT c FROM sbtest5 WHERE id BETWEEN 7478540 AND 7478549 ORDER BY c
	Unique  (cost=39.03..39.08 rows=10 width=121)
	  ->  Sort  (cost=39.03..39.06 rows=10 width=121)
	        Sort Key: c
	        ->  Index Scan using sbtest5_pkey on sbtest5  (cost=0.43..38.87 rows=10 width=121)
	              Index Cond: ((id >= 7478540) AND (id <= 7478549))

table 6 : explain SELECT DISTINCT c FROM sbtest6 WHERE id BETWEEN 7297697 AND 7297706 ORDER BY c
	Unique  (cost=38.94..38.99 rows=10 width=121)
	  ->  Sort  (cost=38.94..38.96 rows=10 width=121)
	        Sort Key: c
	        ->  Index Scan using sbtest6_pkey on sbtest6  (cost=0.43..38.77 rows=10 width=121)
	              Index Cond: ((id >= 7297697) AND (id <= 7297706))

table 7 : explain SELECT DISTINCT c FROM sbtest7 WHERE id BETWEEN 9286857 AND 9286866 ORDER BY c
	Unique  (cost=38.90..38.95 rows=10 width=121)
	  ->  Sort  (cost=38.90..38.93 rows=10 width=121)
	        Sort Key: c
	        ->  Index Scan using sbtest7_pkey on sbtest7  (cost=0.43..38.74 rows=10 width=121)
	              Index Cond: ((id >= 9286857) AND (id <= 9286866))

table 8 : explain SELECT DISTINCT c FROM sbtest8 WHERE id BETWEEN 1163045 AND 1163054 ORDER BY c
	Unique  (cost=39.03..39.08 rows=10 width=121)
	  ->  Sort  (cost=39.03..39.06 rows=10 width=121)
	        Sort Key: c
	        ->  Index Scan using sbtest8_pkey on sbtest8  (cost=0.43..38.87 rows=10 width=121)
	              Index Cond: ((id >= 1163045) AND (id <= 1163054))

for point_selects
table 1 : explain SELECT c FROM sbtest1 WHERE id=6619561
	Index Scan using sbtest1_pkey on sbtest1  (cost=0.43..8.45 rows=1 width=121)
	  Index Cond: (id = 6619561)

table 2 : explain SELECT c FROM sbtest2 WHERE id=4534210
	Index Scan using sbtest2_pkey on sbtest2  (cost=0.43..8.45 rows=1 width=121)
	  Index Cond: (id = 4534210)

table 3 : explain SELECT c FROM sbtest3 WHERE id=772296
	Index Scan using sbtest3_pkey on sbtest3  (cost=0.43..8.45 rows=1 width=121)
	  Index Cond: (id = 772296)

table 4 : explain SELECT c FROM sbtest4 WHERE id=256053
	Index Scan using sbtest4_pkey on sbtest4  (cost=0.43..8.45 rows=1 width=121)
	  Index Cond: (id = 256053)

table 5 : explain SELECT c FROM sbtest5 WHERE id=2962656
	Index Scan using sbtest5_pkey on sbtest5  (cost=0.43..8.45 rows=1 width=121)
	  Index Cond: (id = 2962656)

table 6 : explain SELECT c FROM sbtest6 WHERE id=6726252
	Index Scan using sbtest6_pkey on sbtest6  (cost=0.43..8.45 rows=1 width=121)
	  Index Cond: (id = 6726252)

table 7 : explain SELECT c FROM sbtest7 WHERE id=256994
	Index Scan using sbtest7_pkey on sbtest7  (cost=0.43..8.45 rows=1 width=121)
	  Index Cond: (id = 256994)

table 8 : explain SELECT c FROM sbtest8 WHERE id=8003902
	Index Scan using sbtest8_pkey on sbtest8  (cost=0.43..8.45 rows=1 width=121)
	  Index Cond: (id = 8003902)

explain: for index_updates :: explain UPDATE sbtest%u SET k=k+1 WHERE id=%u
for: distinct_ranges
table 1 : explain SELECT DISTINCT c FROM sbtest1 WHERE id BETWEEN 123553 AND 123562 ORDER BY c
	Unique  (cost=38.72..38.77 rows=10 width=121)
	  ->  Sort  (cost=38.72..38.74 rows=10 width=121)
	        Sort Key: c
	        ->  Index Scan using sbtest1_pkey on sbtest1  (cost=0.43..38.55 rows=10 width=121)
	              Index Cond: ((id >= 123553) AND (id <= 123562))

table 2 : explain SELECT DISTINCT c FROM sbtest2 WHERE id BETWEEN 437817 AND 437826 ORDER BY c
	Unique  (cost=38.63..38.68 rows=10 width=121)
	  ->  Sort  (cost=38.63..38.66 rows=10 width=121)
	        Sort Key: c
	        ->  Index Scan using sbtest2_pkey on sbtest2  (cost=0.43..38.47 rows=10 width=121)
	              Index Cond: ((id >= 437817) AND (id <= 437826))

table 3 : explain SELECT DISTINCT c FROM sbtest3 WHERE id BETWEEN 7587632 AND 7587641 ORDER BY c
	Unique  (cost=39.28..39.33 rows=10 width=121)
	  ->  Sort  (cost=39.28..39.30 rows=10 width=121)
	        Sort Key: c
	        ->  Index Scan using sbtest3_pkey on sbtest3  (cost=0.43..39.11 rows=10 width=121)
	              Index Cond: ((id >= 7587632) AND (id <= 7587641))

table 4 : explain SELECT DISTINCT c FROM sbtest4 WHERE id BETWEEN 4316241 AND 4316250 ORDER BY c
	Unique  (cost=39.09..39.14 rows=10 width=121)
	  ->  Sort  (cost=39.09..39.11 rows=10 width=121)
	        Sort Key: c
	        ->  Index Scan using sbtest4_pkey on sbtest4  (cost=0.43..38.92 rows=10 width=121)
	              Index Cond: ((id >= 4316241) AND (id <= 4316250))

table 5 : explain SELECT DISTINCT c FROM sbtest5 WHERE id BETWEEN 7896051 AND 7896060 ORDER BY c
	Unique  (cost=35.63..35.68 rows=9 width=121)
	  ->  Sort  (cost=35.63..35.65 rows=9 width=121)
	        Sort Key: c
	        ->  Index Scan using sbtest5_pkey on sbtest5  (cost=0.43..35.49 rows=9 width=121)
	              Index Cond: ((id >= 7896051) AND (id <= 7896060))

table 6 : explain SELECT DISTINCT c FROM sbtest6 WHERE id BETWEEN 2623583 AND 2623592 ORDER BY c
	Unique  (cost=38.94..38.99 rows=10 width=121)
	  ->  Sort  (cost=38.94..38.96 rows=10 width=121)
	        Sort Key: c
	        ->  Index Scan using sbtest6_pkey on sbtest6  (cost=0.43..38.77 rows=10 width=121)
	              Index Cond: ((id >= 2623583) AND (id <= 2623592))

table 7 : explain SELECT DISTINCT c FROM sbtest7 WHERE id BETWEEN 1573069 AND 1573078 ORDER BY c
	Unique  (cost=38.90..38.95 rows=10 width=121)
	  ->  Sort  (cost=38.90..38.93 rows=10 width=121)
	        Sort Key: c
	        ->  Index Scan using sbtest7_pkey on sbtest7  (cost=0.43..38.74 rows=10 width=121)
	              Index Cond: ((id >= 1573069) AND (id <= 1573078))

table 8 : explain SELECT DISTINCT c FROM sbtest8 WHERE id BETWEEN 3463698 AND 3463707 ORDER BY c
	Unique  (cost=39.03..39.08 rows=10 width=121)
	  ->  Sort  (cost=39.03..39.06 rows=10 width=121)
	        Sort Key: c
	        ->  Index Scan using sbtest8_pkey on sbtest8  (cost=0.43..38.87 rows=10 width=121)
	              Index Cond: ((id >= 3463698) AND (id <= 3463707))

for point_selects
table 1 : explain SELECT c FROM sbtest1 WHERE id=5929653
	Index Scan using sbtest1_pkey on sbtest1  (cost=0.43..8.45 rows=1 width=121)
	  Index Cond: (id = 5929653)

table 2 : explain SELECT c FROM sbtest2 WHERE id=4185488
	Index Scan using sbtest2_pkey on sbtest2  (cost=0.43..8.45 rows=1 width=121)
	  Index Cond: (id = 4185488)

table 3 : explain SELECT c FROM sbtest3 WHERE id=9869085
	Index Scan using sbtest3_pkey on sbtest3  (cost=0.43..8.45 rows=1 width=121)
	  Index Cond: (id = 9869085)

table 4 : explain SELECT c FROM sbtest4 WHERE id=4575222
	Index Scan using sbtest4_pkey on sbtest4  (cost=0.43..8.45 rows=1 width=121)
	  Index Cond: (id = 4575222)

table 5 : explain SELECT c FROM sbtest5 WHERE id=3378618
	Index Scan using sbtest5_pkey on sbtest5  (cost=0.43..8.45 rows=1 width=121)
	  Index Cond: (id = 3378618)

table 6 : explain SELECT c FROM sbtest6 WHERE id=8055669
	Index Scan using sbtest6_pkey on sbtest6  (cost=0.43..8.45 rows=1 width=121)
	  Index Cond: (id = 8055669)

table 7 : explain SELECT c FROM sbtest7 WHERE id=4311652
	Index Scan using sbtest7_pkey on sbtest7  (cost=0.43..8.45 rows=1 width=121)
	  Index Cond: (id = 4311652)

table 8 : explain SELECT c FROM sbtest8 WHERE id=5238526
	Index Scan using sbtest8_pkey on sbtest8  (cost=0.43..8.45 rows=1 width=121)
	  Index Cond: (id = 5238526)

for: sum_ranges
table 1 : explain SELECT SUM(k) FROM sbtest1 WHERE id BETWEEN 7195457 AND 7195466
	Aggregate  (cost=38.57..38.58 rows=1 width=8)
	  ->  Index Scan using sbtest1_pkey on sbtest1  (cost=0.43..38.55 rows=10 width=4)
	        Index Cond: ((id >= 7195457) AND (id <= 7195466))

table 2 : explain SELECT SUM(k) FROM sbtest2 WHERE id BETWEEN 668275 AND 668284
	Aggregate  (cost=41.83..41.84 rows=1 width=8)
	  ->  Index Scan using sbtest2_pkey on sbtest2  (cost=0.43..41.80 rows=11 width=4)
	        Index Cond: ((id >= 668275) AND (id <= 668284))

table 3 : explain SELECT SUM(k) FROM sbtest3 WHERE id BETWEEN 7034124 AND 7034133
	Aggregate  (cost=39.14..39.15 rows=1 width=8)
	  ->  Index Scan using sbtest3_pkey on sbtest3  (cost=0.43..39.11 rows=10 width=4)
	        Index Cond: ((id >= 7034124) AND (id <= 7034133))

table 4 : explain SELECT SUM(k) FROM sbtest4 WHERE id BETWEEN 665203 AND 665212
	Aggregate  (cost=38.94..38.95 rows=1 width=8)
	  ->  Index Scan using sbtest4_pkey on sbtest4  (cost=0.43..38.92 rows=10 width=4)
	        Index Cond: ((id >= 665203) AND (id <= 665212))

table 5 : explain SELECT SUM(k) FROM sbtest5 WHERE id BETWEEN 5500702 AND 5500711
	Aggregate  (cost=38.89..38.90 rows=1 width=8)
	  ->  Index Scan using sbtest5_pkey on sbtest5  (cost=0.43..38.87 rows=10 width=4)
	        Index Cond: ((id >= 5500702) AND (id <= 5500711))

table 6 : explain SELECT SUM(k) FROM sbtest6 WHERE id BETWEEN 8275041 AND 8275050
	Aggregate  (cost=35.43..35.44 rows=1 width=8)
	  ->  Index Scan using sbtest6_pkey on sbtest6  (cost=0.43..35.40 rows=9 width=4)
	        Index Cond: ((id >= 8275041) AND (id <= 8275050))

table 7 : explain SELECT SUM(k) FROM sbtest7 WHERE id BETWEEN 9898894 AND 9898903
	Aggregate  (cost=35.40..35.41 rows=1 width=8)
	  ->  Index Scan using sbtest7_pkey on sbtest7  (cost=0.43..35.37 rows=9 width=4)
	        Index Cond: ((id >= 9898894) AND (id <= 9898903))

table 8 : explain SELECT SUM(k) FROM sbtest8 WHERE id BETWEEN 9781669 AND 9781678
	Aggregate  (cost=38.89..38.90 rows=1 width=8)
	  ->  Index Scan using sbtest8_pkey on sbtest8  (cost=0.43..38.87 rows=10 width=4)
	        Index Cond: ((id >= 9781669) AND (id <= 9781678))

for index_updates
table 1 : explain UPDATE sbtest1 SET k=k+1 WHERE id=3385710
	Update on sbtest1  (cost=0.43..8.46 rows=0 width=0)
	  ->  Index Scan using sbtest1_pkey on sbtest1  (cost=0.43..8.46 rows=1 width=10)
	        Index Cond: (id = 3385710)

table 2 : explain UPDATE sbtest2 SET k=k+1 WHERE id=9272546
	Update on sbtest2  (cost=0.43..8.46 rows=0 width=0)
	  ->  Index Scan using sbtest2_pkey on sbtest2  (cost=0.43..8.46 rows=1 width=10)
	        Index Cond: (id = 9272546)

table 3 : explain UPDATE sbtest3 SET k=k+1 WHERE id=1912659
	Update on sbtest3  (cost=0.43..8.46 rows=0 width=0)
	  ->  Index Scan using sbtest3_pkey on sbtest3  (cost=0.43..8.46 rows=1 width=10)
	        Index Cond: (id = 1912659)

table 4 : explain UPDATE sbtest4 SET k=k+1 WHERE id=7246142
	Update on sbtest4  (cost=0.43..8.46 rows=0 width=0)
	  ->  Index Scan using sbtest4_pkey on sbtest4  (cost=0.43..8.46 rows=1 width=10)
	        Index Cond: (id = 7246142)

table 5 : explain UPDATE sbtest5 SET k=k+1 WHERE id=2433923
	Update on sbtest5  (cost=0.43..8.46 rows=0 width=0)
	  ->  Index Scan using sbtest5_pkey on sbtest5  (cost=0.43..8.46 rows=1 width=10)
	        Index Cond: (id = 2433923)

table 6 : explain UPDATE sbtest6 SET k=k+1 WHERE id=9986651
	Update on sbtest6  (cost=0.43..8.46 rows=0 width=0)
	  ->  Index Scan using sbtest6_pkey on sbtest6  (cost=0.43..8.46 rows=1 width=10)
	        Index Cond: (id = 9986651)

table 7 : explain UPDATE sbtest7 SET k=k+1 WHERE id=9385289
	Update on sbtest7  (cost=0.43..8.46 rows=0 width=0)
	  ->  Index Scan using sbtest7_pkey on sbtest7  (cost=0.43..8.46 rows=1 width=10)
	        Index Cond: (id = 9385289)

table 8 : explain UPDATE sbtest8 SET k=k+1 WHERE id=2248053
	Update on sbtest8  (cost=0.43..8.46 rows=0 width=0)
	  ->  Index Scan using sbtest8_pkey on sbtest8  (cost=0.43..8.46 rows=1 width=10)
	        Index Cond: (id = 2248053)

explain: for point_selects :: explain SELECT c FROM sbtest%u WHERE id=%u
for: sum_ranges
table 1 : explain SELECT SUM(k) FROM sbtest1 WHERE id BETWEEN 4389400 AND 4389409
	Aggregate  (cost=38.57..38.58 rows=1 width=8)
	  ->  Index Scan using sbtest1_pkey on sbtest1  (cost=0.43..38.55 rows=10 width=4)
	        Index Cond: ((id >= 4389400) AND (id <= 4389409))

table 2 : explain SELECT SUM(k) FROM sbtest2 WHERE id BETWEEN 5525476 AND 5525485
	Aggregate  (cost=38.49..38.50 rows=1 width=8)
	  ->  Index Scan using sbtest2_pkey on sbtest2  (cost=0.43..38.47 rows=10 width=4)
	        Index Cond: ((id >= 5525476) AND (id <= 5525485))

table 3 : explain SELECT SUM(k) FROM sbtest3 WHERE id BETWEEN 660485 AND 660494
	Aggregate  (cost=42.55..42.56 rows=1 width=8)
	  ->  Index Scan using sbtest3_pkey on sbtest3  (cost=0.43..42.52 rows=11 width=4)
	        Index Cond: ((id >= 660485) AND (id <= 660494))

table 4 : explain SELECT SUM(k) FROM sbtest4 WHERE id BETWEEN 2486937 AND 2486946
	Aggregate  (cost=35.56..35.57 rows=1 width=8)
	  ->  Index Scan using sbtest4_pkey on sbtest4  (cost=0.43..35.53 rows=9 width=4)
	        Index Cond: ((id >= 2486937) AND (id <= 2486946))

table 5 : explain SELECT SUM(k) FROM sbtest5 WHERE id BETWEEN 7225913 AND 7225922
	Aggregate  (cost=38.89..38.90 rows=1 width=8)
	  ->  Index Scan using sbtest5_pkey on sbtest5  (cost=0.43..38.87 rows=10 width=4)
	        Index Cond: ((id >= 7225913) AND (id <= 7225922))

table 6 : explain SELECT SUM(k) FROM sbtest6 WHERE id BETWEEN 8800063 AND 8800072
	Aggregate  (cost=38.80..38.81 rows=1 width=8)
	  ->  Index Scan using sbtest6_pkey on sbtest6  (cost=0.43..38.77 rows=10 width=4)
	        Index Cond: ((id >= 8800063) AND (id <= 8800072))

table 7 : explain SELECT SUM(k) FROM sbtest7 WHERE id BETWEEN 3057510 AND 3057519
	Aggregate  (cost=38.76..38.77 rows=1 width=8)
	  ->  Index Scan using sbtest7_pkey on sbtest7  (cost=0.43..38.74 rows=10 width=4)
	        Index Cond: ((id >= 3057510) AND (id <= 3057519))

table 8 : explain SELECT SUM(k) FROM sbtest8 WHERE id BETWEEN 5324316 AND 5324325
	Aggregate  (cost=35.51..35.52 rows=1 width=8)
	  ->  Index Scan using sbtest8_pkey on sbtest8  (cost=0.43..35.49 rows=9 width=4)
	        Index Cond: ((id >= 5324316) AND (id <= 5324325))

explain: for index_updates :: explain UPDATE sbtest%u SET k=k+1 WHERE id=%u
explain: for non_index_updates :: explain UPDATE sbtest%u SET c='foobar' WHERE id=%u
for: order_ranges
table 1 : explain SELECT c FROM sbtest1 WHERE id BETWEEN 7323808 AND 7323817 ORDER BY c
	Sort  (cost=38.72..38.74 rows=10 width=121)
	  Sort Key: c
	  ->  Index Scan using sbtest1_pkey on sbtest1  (cost=0.43..38.55 rows=10 width=121)
	        Index Cond: ((id >= 7323808) AND (id <= 7323817))

table 2 : explain SELECT c FROM sbtest2 WHERE id BETWEEN 8657690 AND 8657699 ORDER BY c
	Sort  (cost=38.63..38.66 rows=10 width=121)
	  Sort Key: c
	  ->  Index Scan using sbtest2_pkey on sbtest2  (cost=0.43..38.47 rows=10 width=121)
	        Index Cond: ((id >= 8657690) AND (id <= 8657699))

table 3 : explain SELECT c FROM sbtest3 WHERE id BETWEEN 3829795 AND 3829804 ORDER BY c
	Sort  (cost=39.28..39.30 rows=10 width=121)
	  Sort Key: c
	  ->  Index Scan using sbtest3_pkey on sbtest3  (cost=0.43..39.11 rows=10 width=121)
	        Index Cond: ((id >= 3829795) AND (id <= 3829804))

table 4 : explain SELECT c FROM sbtest4 WHERE id BETWEEN 2661276 AND 2661285 ORDER BY c
	Sort  (cost=35.68..35.70 rows=9 width=121)
	  Sort Key: c
	  ->  Index Scan using sbtest4_pkey on sbtest4  (cost=0.43..35.53 rows=9 width=121)
	        Index Cond: ((id >= 2661276) AND (id <= 2661285))

table 5 : explain SELECT c FROM sbtest5 WHERE id BETWEEN 6590380 AND 6590389 ORDER BY c
	Sort  (cost=42.44..42.46 rows=11 width=121)
	  Sort Key: c
	  ->  Index Scan using sbtest5_pkey on sbtest5  (cost=0.43..42.25 rows=11 width=121)
	        Index Cond: ((id >= 6590380) AND (id <= 6590389))

table 6 : explain SELECT c FROM sbtest6 WHERE id BETWEEN 9778263 AND 9778272 ORDER BY c
	Sort  (cost=38.94..38.96 rows=10 width=121)
	  Sort Key: c
	  ->  Index Scan using sbtest6_pkey on sbtest6  (cost=0.43..38.77 rows=10 width=121)
	        Index Cond: ((id >= 9778263) AND (id <= 9778272))

table 7 : explain SELECT c FROM sbtest7 WHERE id BETWEEN 2977439 AND 2977448 ORDER BY c
	Sort  (cost=35.52..35.54 rows=9 width=121)
	  Sort Key: c
	  ->  Index Scan using sbtest7_pkey on sbtest7  (cost=0.43..35.37 rows=9 width=121)
	        Index Cond: ((id >= 2977439) AND (id <= 2977448))

table 8 : explain SELECT c FROM sbtest8 WHERE id BETWEEN 6246217 AND 6246226 ORDER BY c
	Sort  (cost=39.03..39.06 rows=10 width=121)
	  Sort Key: c
	  ->  Index Scan using sbtest8_pkey on sbtest8  (cost=0.43..38.87 rows=10 width=121)
	        Index Cond: ((id >= 6246217) AND (id <= 6246226))

for: sum_ranges
table 1 : explain SELECT SUM(k) FROM sbtest1 WHERE id BETWEEN 7170460 AND 7170469
	Aggregate  (cost=38.57..38.58 rows=1 width=8)
	  ->  Index Scan using sbtest1_pkey on sbtest1  (cost=0.43..38.55 rows=10 width=4)
	        Index Cond: ((id >= 7170460) AND (id <= 7170469))

table 2 : explain SELECT SUM(k) FROM sbtest2 WHERE id BETWEEN 3363896 AND 3363905
	Aggregate  (cost=35.16..35.17 rows=1 width=8)
	  ->  Index Scan using sbtest2_pkey on sbtest2  (cost=0.43..35.13 rows=9 width=4)
	        Index Cond: ((id >= 3363896) AND (id <= 3363905))

table 3 : explain SELECT SUM(k) FROM sbtest3 WHERE id BETWEEN 5448808 AND 5448817
	Aggregate  (cost=35.73..35.74 rows=1 width=8)
	  ->  Index Scan using sbtest3_pkey on sbtest3  (cost=0.43..35.71 rows=9 width=4)
	        Index Cond: ((id >= 5448808) AND (id <= 5448817))

table 4 : explain SELECT SUM(k) FROM sbtest4 WHERE id BETWEEN 2380576 AND 2380585
	Aggregate  (cost=35.56..35.57 rows=1 width=8)
	  ->  Index Scan using sbtest4_pkey on sbtest4  (cost=0.43..35.53 rows=9 width=4)
	        Index Cond: ((id >= 2380576) AND (id <= 2380585))

table 5 : explain SELECT SUM(k) FROM sbtest5 WHERE id BETWEEN 1028492 AND 1028501
	Aggregate  (cost=38.89..38.90 rows=1 width=8)
	  ->  Index Scan using sbtest5_pkey on sbtest5  (cost=0.43..38.87 rows=10 width=4)
	        Index Cond: ((id >= 1028492) AND (id <= 1028501))

table 6 : explain SELECT SUM(k) FROM sbtest6 WHERE id BETWEEN 9563370 AND 9563379
	Aggregate  (cost=42.17..42.18 rows=1 width=8)
	  ->  Index Scan using sbtest6_pkey on sbtest6  (cost=0.43..42.14 rows=11 width=4)
	        Index Cond: ((id >= 9563370) AND (id <= 9563379))

table 7 : explain SELECT SUM(k) FROM sbtest7 WHERE id BETWEEN 2159111 AND 2159120
	Aggregate  (cost=42.13..42.14 rows=1 width=8)
	  ->  Index Scan using sbtest7_pkey on sbtest7  (cost=0.43..42.10 rows=11 width=4)
	        Index Cond: ((id >= 2159111) AND (id <= 2159120))

table 8 : explain SELECT SUM(k) FROM sbtest8 WHERE id BETWEEN 5276067 AND 5276076
	Aggregate  (cost=35.51..35.52 rows=1 width=8)
	  ->  Index Scan using sbtest8_pkey on sbtest8  (cost=0.43..35.49 rows=9 width=4)
	        Index Cond: ((id >= 5276067) AND (id <= 5276076))

for: sum_ranges
table 1 : explain SELECT SUM(k) FROM sbtest1 WHERE id BETWEEN 394206 AND 394215
	Aggregate  (cost=38.57..38.58 rows=1 width=8)
	  ->  Index Scan using sbtest1_pkey on sbtest1  (cost=0.43..38.55 rows=10 width=4)
	        Index Cond: ((id >= 394206) AND (id <= 394215))

table 2 : explain SELECT SUM(k) FROM sbtest2 WHERE id BETWEEN 6330980 AND 6330989
	Aggregate  (cost=35.16..35.17 rows=1 width=8)
	  ->  Index Scan using sbtest2_pkey on sbtest2  (cost=0.43..35.13 rows=9 width=4)
	        Index Cond: ((id >= 6330980) AND (id <= 6330989))

table 3 : explain SELECT SUM(k) FROM sbtest3 WHERE id BETWEEN 8907191 AND 8907200
	Aggregate  (cost=39.14..39.15 rows=1 width=8)
	  ->  Index Scan using sbtest3_pkey on sbtest3  (cost=0.43..39.11 rows=10 width=4)
	        Index Cond: ((id >= 8907191) AND (id <= 8907200))

table 4 : explain SELECT SUM(k) FROM sbtest4 WHERE id BETWEEN 5741585 AND 5741594
	Aggregate  (cost=38.94..38.95 rows=1 width=8)
	  ->  Index Scan using sbtest4_pkey on sbtest4  (cost=0.43..38.92 rows=10 width=4)
	        Index Cond: ((id >= 5741585) AND (id <= 5741594))

table 5 : explain SELECT SUM(k) FROM sbtest5 WHERE id BETWEEN 5571323 AND 5571332
	Aggregate  (cost=38.89..38.90 rows=1 width=8)
	  ->  Index Scan using sbtest5_pkey on sbtest5  (cost=0.43..38.87 rows=10 width=4)
	        Index Cond: ((id >= 5571323) AND (id <= 5571332))

table 6 : explain SELECT SUM(k) FROM sbtest6 WHERE id BETWEEN 9337756 AND 9337765
	Aggregate  (cost=35.43..35.44 rows=1 width=8)
	  ->  Index Scan using sbtest6_pkey on sbtest6  (cost=0.43..35.40 rows=9 width=4)
	        Index Cond: ((id >= 9337756) AND (id <= 9337765))

table 7 : explain SELECT SUM(k) FROM sbtest7 WHERE id BETWEEN 3321569 AND 3321578
	Aggregate  (cost=38.76..38.77 rows=1 width=8)
	  ->  Index Scan using sbtest7_pkey on sbtest7  (cost=0.43..38.74 rows=10 width=4)
	        Index Cond: ((id >= 3321569) AND (id <= 3321578))

table 8 : explain SELECT SUM(k) FROM sbtest8 WHERE id BETWEEN 3737472 AND 3737481
	Aggregate  (cost=38.89..38.90 rows=1 width=8)
	  ->  Index Scan using sbtest8_pkey on sbtest8  (cost=0.43..38.87 rows=10 width=4)
	        Index Cond: ((id >= 3737472) AND (id <= 3737481))

for point_selects
table 1 : explain SELECT c FROM sbtest1 WHERE id=7709856
	Index Scan using sbtest1_pkey on sbtest1  (cost=0.43..8.45 rows=1 width=121)
	  Index Cond: (id = 7709856)

table 2 : explain SELECT c FROM sbtest2 WHERE id=2684269
	Index Scan using sbtest2_pkey on sbtest2  (cost=0.43..8.45 rows=1 width=121)
	  Index Cond: (id = 2684269)

table 3 : explain SELECT c FROM sbtest3 WHERE id=9995779
	Index Scan using sbtest3_pkey on sbtest3  (cost=0.43..8.45 rows=1 width=121)
	  Index Cond: (id = 9995779)

table 4 : explain SELECT c FROM sbtest4 WHERE id=9067973
	Index Scan using sbtest4_pkey on sbtest4  (cost=0.43..8.45 rows=1 width=121)
	  Index Cond: (id = 9067973)

table 5 : explain SELECT c FROM sbtest5 WHERE id=1789633
	Index Scan using sbtest5_pkey on sbtest5  (cost=0.43..8.45 rows=1 width=121)
	  Index Cond: (id = 1789633)

table 6 : explain SELECT c FROM sbtest6 WHERE id=1239650
	Index Scan using sbtest6_pkey on sbtest6  (cost=0.43..8.45 rows=1 width=121)
	  Index Cond: (id = 1239650)

table 7 : explain SELECT c FROM sbtest7 WHERE id=6684238
	Index Scan using sbtest7_pkey on sbtest7  (cost=0.43..8.45 rows=1 width=121)
	  Index Cond: (id = 6684238)

table 8 : explain SELECT c FROM sbtest8 WHERE id=7741598
	Index Scan using sbtest8_pkey on sbtest8  (cost=0.43..8.45 rows=1 width=121)
	  Index Cond: (id = 7741598)

explain: for index_updates :: explain UPDATE sbtest%u SET k=k+1 WHERE id=%u
explain: for non_index_updates :: explain UPDATE sbtest%u SET c='foobar' WHERE id=%u
for index_updates
table 1 : explain UPDATE sbtest1 SET k=k+1 WHERE id=1206385
	Update on sbtest1  (cost=0.43..8.46 rows=0 width=0)
	  ->  Index Scan using sbtest1_pkey on sbtest1  (cost=0.43..8.46 rows=1 width=10)
	        Index Cond: (id = 1206385)

table 2 : explain UPDATE sbtest2 SET k=k+1 WHERE id=7252673
	Update on sbtest2  (cost=0.43..8.46 rows=0 width=0)
	  ->  Index Scan using sbtest2_pkey on sbtest2  (cost=0.43..8.46 rows=1 width=10)
	        Index Cond: (id = 7252673)

table 3 : explain UPDATE sbtest3 SET k=k+1 WHERE id=8229780
	Update on sbtest3  (cost=0.43..8.46 rows=0 width=0)
	  ->  Index Scan using sbtest3_pkey on sbtest3  (cost=0.43..8.46 rows=1 width=10)
	        Index Cond: (id = 8229780)

table 4 : explain UPDATE sbtest4 SET k=k+1 WHERE id=8800792
	Update on sbtest4  (cost=0.43..8.46 rows=0 width=0)
	  ->  Index Scan using sbtest4_pkey on sbtest4  (cost=0.43..8.46 rows=1 width=10)
	        Index Cond: (id = 8800792)

table 5 : explain UPDATE sbtest5 SET k=k+1 WHERE id=1138289
	Update on sbtest5  (cost=0.43..8.46 rows=0 width=0)
	  ->  Index Scan using sbtest5_pkey on sbtest5  (cost=0.43..8.46 rows=1 width=10)
	        Index Cond: (id = 1138289)

table 6 : explain UPDATE sbtest6 SET k=k+1 WHERE id=9156081
	Update on sbtest6  (cost=0.43..8.46 rows=0 width=0)
	  ->  Index Scan using sbtest6_pkey on sbtest6  (cost=0.43..8.46 rows=1 width=10)
	        Index Cond: (id = 9156081)

table 7 : explain UPDATE sbtest7 SET k=k+1 WHERE id=876995
	Update on sbtest7  (cost=0.43..8.46 rows=0 width=0)
	  ->  Index Scan using sbtest7_pkey on sbtest7  (cost=0.43..8.46 rows=1 width=10)
	        Index Cond: (id = 876995)

table 8 : explain UPDATE sbtest8 SET k=k+1 WHERE id=544938
	Update on sbtest8  (cost=0.43..8.46 rows=0 width=0)
	  ->  Index Scan using sbtest8_pkey on sbtest8  (cost=0.43..8.46 rows=1 width=10)
	        Index Cond: (id = 544938)

for: sum_ranges
table 1 : explain SELECT SUM(k) FROM sbtest1 WHERE id BETWEEN 37826 AND 37835
	Aggregate  (cost=38.57..38.58 rows=1 width=8)
	  ->  Index Scan using sbtest1_pkey on sbtest1  (cost=0.43..38.55 rows=10 width=4)
	        Index Cond: ((id >= 37826) AND (id <= 37835))

table 2 : explain SELECT SUM(k) FROM sbtest2 WHERE id BETWEEN 3454301 AND 3454310
	Aggregate  (cost=38.49..38.50 rows=1 width=8)
	  ->  Index Scan using sbtest2_pkey on sbtest2  (cost=0.43..38.47 rows=10 width=4)
	        Index Cond: ((id >= 3454301) AND (id <= 3454310))

table 3 : explain SELECT SUM(k) FROM sbtest3 WHERE id BETWEEN 9920616 AND 9920625
	Aggregate  (cost=39.14..39.15 rows=1 width=8)
	  ->  Index Scan using sbtest3_pkey on sbtest3  (cost=0.43..39.11 rows=10 width=4)
	        Index Cond: ((id >= 9920616) AND (id <= 9920625))

table 4 : explain SELECT SUM(k) FROM sbtest4 WHERE id BETWEEN 6093555 AND 6093564
	Aggregate  (cost=42.33..42.34 rows=1 width=8)
	  ->  Index Scan using sbtest4_pkey on sbtest4  (cost=0.43..42.30 rows=11 width=4)
	        Index Cond: ((id >= 6093555) AND (id <= 6093564))

table 5 : explain SELECT SUM(k) FROM sbtest5 WHERE id BETWEEN 9216008 AND 9216017
	Aggregate  (cost=38.89..38.90 rows=1 width=8)
	  ->  Index Scan using sbtest5_pkey on sbtest5  (cost=0.43..38.87 rows=10 width=4)
	        Index Cond: ((id >= 9216008) AND (id <= 9216017))

table 6 : explain SELECT SUM(k) FROM sbtest6 WHERE id BETWEEN 2470536 AND 2470545
	Aggregate  (cost=35.43..35.44 rows=1 width=8)
	  ->  Index Scan using sbtest6_pkey on sbtest6  (cost=0.43..35.40 rows=9 width=4)
	        Index Cond: ((id >= 2470536) AND (id <= 2470545))

table 7 : explain SELECT SUM(k) FROM sbtest7 WHERE id BETWEEN 5239145 AND 5239154
	Aggregate  (cost=38.76..38.77 rows=1 width=8)
	  ->  Index Scan using sbtest7_pkey on sbtest7  (cost=0.43..38.74 rows=10 width=4)
	        Index Cond: ((id >= 5239145) AND (id <= 5239154))

table 8 : explain SELECT SUM(k) FROM sbtest8 WHERE id BETWEEN 7477478 AND 7477487
	Aggregate  (cost=35.51..35.52 rows=1 width=8)
	  ->  Index Scan using sbtest8_pkey on sbtest8  (cost=0.43..35.49 rows=9 width=4)
	        Index Cond: ((id >= 7477478) AND (id <= 7477487))

for: simple_ranges
table 1 : explain SELECT c FROM sbtest1 WHERE id BETWEEN 9907175 AND 9907184
	Index Scan using sbtest1_pkey on sbtest1  (cost=0.43..38.55 rows=10 width=121)
	  Index Cond: ((id >= 9907175) AND (id <= 9907184))

table 2 : explain SELECT c FROM sbtest2 WHERE id BETWEEN 6916135 AND 6916144
	Index Scan using sbtest2_pkey on sbtest2  (cost=0.43..38.47 rows=10 width=121)
	  Index Cond: ((id >= 6916135) AND (id <= 6916144))

table 3 : explain SELECT c FROM sbtest3 WHERE id BETWEEN 994864 AND 994873
	Index Scan using sbtest3_pkey on sbtest3  (cost=0.43..39.11 rows=10 width=121)
	  Index Cond: ((id >= 994864) AND (id <= 994873))

table 4 : explain SELECT c FROM sbtest4 WHERE id BETWEEN 5819515 AND 5819524
	Index Scan using sbtest4_pkey on sbtest4  (cost=0.43..38.92 rows=10 width=121)
	  Index Cond: ((id >= 5819515) AND (id <= 5819524))

table 5 : explain SELECT c FROM sbtest5 WHERE id BETWEEN 2896359 AND 2896368
	Index Scan using sbtest5_pkey on sbtest5  (cost=0.43..38.87 rows=10 width=121)
	  Index Cond: ((id >= 2896359) AND (id <= 2896368))

table 6 : explain SELECT c FROM sbtest6 WHERE id BETWEEN 1630827 AND 1630836
	Index Scan using sbtest6_pkey on sbtest6  (cost=0.43..38.77 rows=10 width=121)
	  Index Cond: ((id >= 1630827) AND (id <= 1630836))

table 7 : explain SELECT c FROM sbtest7 WHERE id BETWEEN 7910070 AND 7910079
	Index Scan using sbtest7_pkey on sbtest7  (cost=0.43..38.74 rows=10 width=121)
	  Index Cond: ((id >= 7910070) AND (id <= 7910079))

table 8 : explain SELECT c FROM sbtest8 WHERE id BETWEEN 4617557 AND 4617566
	Index Scan using sbtest8_pkey on sbtest8  (cost=0.43..38.87 rows=10 width=121)
	  Index Cond: ((id >= 4617557) AND (id <= 4617566))

for index_updates
table 1 : explain UPDATE sbtest1 SET k=k+1 WHERE id=2909726
	Update on sbtest1  (cost=0.43..8.46 rows=0 width=0)
	  ->  Index Scan using sbtest1_pkey on sbtest1  (cost=0.43..8.46 rows=1 width=10)
	        Index Cond: (id = 2909726)

table 2 : explain UPDATE sbtest2 SET k=k+1 WHERE id=7662893
	Update on sbtest2  (cost=0.43..8.46 rows=0 width=0)
	  ->  Index Scan using sbtest2_pkey on sbtest2  (cost=0.43..8.46 rows=1 width=10)
	        Index Cond: (id = 7662893)

table 3 : explain UPDATE sbtest3 SET k=k+1 WHERE id=4895130
	Update on sbtest3  (cost=0.43..8.46 rows=0 width=0)
	  ->  Index Scan using sbtest3_pkey on sbtest3  (cost=0.43..8.46 rows=1 width=10)
	        Index Cond: (id = 4895130)

table 4 : explain UPDATE sbtest4 SET k=k+1 WHERE id=1820623
	Update on sbtest4  (cost=0.43..8.46 rows=0 width=0)
	  ->  Index Scan using sbtest4_pkey on sbtest4  (cost=0.43..8.46 rows=1 width=10)
	        Index Cond: (id = 1820623)

table 5 : explain UPDATE sbtest5 SET k=k+1 WHERE id=3216992
	Update on sbtest5  (cost=0.43..8.46 rows=0 width=0)
	  ->  Index Scan using sbtest5_pkey on sbtest5  (cost=0.43..8.46 rows=1 width=10)
	        Index Cond: (id = 3216992)

table 6 : explain UPDATE sbtest6 SET k=k+1 WHERE id=7646019
	Update on sbtest6  (cost=0.43..8.46 rows=0 width=0)
	  ->  Index Scan using sbtest6_pkey on sbtest6  (cost=0.43..8.46 rows=1 width=10)
	        Index Cond: (id = 7646019)

table 7 : explain UPDATE sbtest7 SET k=k+1 WHERE id=5395928
	Update on sbtest7  (cost=0.43..8.46 rows=0 width=0)
	  ->  Index Scan using sbtest7_pkey on sbtest7  (cost=0.43..8.46 rows=1 width=10)
	        Index Cond: (id = 5395928)

table 8 : explain UPDATE sbtest8 SET k=k+1 WHERE id=585309
	Update on sbtest8  (cost=0.43..8.46 rows=0 width=0)
	  ->  Index Scan using sbtest8_pkey on sbtest8  (cost=0.43..8.46 rows=1 width=10)
	        Index Cond: (id = 585309)

for: sum_ranges
table 1 : explain SELECT SUM(k) FROM sbtest1 WHERE id BETWEEN 5616393 AND 5616402
	Aggregate  (cost=38.57..38.58 rows=1 width=8)
	  ->  Index Scan using sbtest1_pkey on sbtest1  (cost=0.43..38.55 rows=10 width=4)
	        Index Cond: ((id >= 5616393) AND (id <= 5616402))

table 2 : explain SELECT SUM(k) FROM sbtest2 WHERE id BETWEEN 1568880 AND 1568889
	Aggregate  (cost=38.49..38.50 rows=1 width=8)
	  ->  Index Scan using sbtest2_pkey on sbtest2  (cost=0.43..38.47 rows=10 width=4)
	        Index Cond: ((id >= 1568880) AND (id <= 1568889))

table 3 : explain SELECT SUM(k) FROM sbtest3 WHERE id BETWEEN 3361021 AND 3361030
	Aggregate  (cost=39.14..39.15 rows=1 width=8)
	  ->  Index Scan using sbtest3_pkey on sbtest3  (cost=0.43..39.11 rows=10 width=4)
	        Index Cond: ((id >= 3361021) AND (id <= 3361030))

table 4 : explain SELECT SUM(k) FROM sbtest4 WHERE id BETWEEN 13833 AND 13842
	Aggregate  (cost=38.94..38.95 rows=1 width=8)
	  ->  Index Scan using sbtest4_pkey on sbtest4  (cost=0.43..38.92 rows=10 width=4)
	        Index Cond: ((id >= 13833) AND (id <= 13842))

table 5 : explain SELECT SUM(k) FROM sbtest5 WHERE id BETWEEN 8948370 AND 8948379
	Aggregate  (cost=38.89..38.90 rows=1 width=8)
	  ->  Index Scan using sbtest5_pkey on sbtest5  (cost=0.43..38.87 rows=10 width=4)
	        Index Cond: ((id >= 8948370) AND (id <= 8948379))

table 6 : explain SELECT SUM(k) FROM sbtest6 WHERE id BETWEEN 2140071 AND 2140080
	Aggregate  (cost=38.80..38.81 rows=1 width=8)
	  ->  Index Scan using sbtest6_pkey on sbtest6  (cost=0.43..38.77 rows=10 width=4)
	        Index Cond: ((id >= 2140071) AND (id <= 2140080))

table 7 : explain SELECT SUM(k) FROM sbtest7 WHERE id BETWEEN 4964494 AND 4964503
	Aggregate  (cost=38.76..38.77 rows=1 width=8)
	  ->  Index Scan using sbtest7_pkey on sbtest7  (cost=0.43..38.74 rows=10 width=4)
	        Index Cond: ((id >= 4964494) AND (id <= 4964503))

table 8 : explain SELECT SUM(k) FROM sbtest8 WHERE id BETWEEN 2933761 AND 2933770
	Aggregate  (cost=38.89..38.90 rows=1 width=8)
	  ->  Index Scan using sbtest8_pkey on sbtest8  (cost=0.43..38.87 rows=10 width=4)
	        Index Cond: ((id >= 2933761) AND (id <= 2933770))

for: order_ranges
table 1 : explain SELECT c FROM sbtest1 WHERE id BETWEEN 3455740 AND 3455749 ORDER BY c
	Sort  (cost=42.08..42.11 rows=11 width=121)
	  Sort Key: c
	  ->  Index Scan using sbtest1_pkey on sbtest1  (cost=0.43..41.89 rows=11 width=121)
	        Index Cond: ((id >= 3455740) AND (id <= 3455749))

table 2 : explain SELECT c FROM sbtest2 WHERE id BETWEEN 5132860 AND 5132869 ORDER BY c
	Sort  (cost=38.63..38.66 rows=10 width=121)
	  Sort Key: c
	  ->  Index Scan using sbtest2_pkey on sbtest2  (cost=0.43..38.47 rows=10 width=121)
	        Index Cond: ((id >= 5132860) AND (id <= 5132869))

table 3 : explain SELECT c FROM sbtest3 WHERE id BETWEEN 6285653 AND 6285662 ORDER BY c
	Sort  (cost=39.28..39.30 rows=10 width=121)
	  Sort Key: c
	  ->  Index Scan using sbtest3_pkey on sbtest3  (cost=0.43..39.11 rows=10 width=121)
	        Index Cond: ((id >= 6285653) AND (id <= 6285662))

table 4 : explain SELECT c FROM sbtest4 WHERE id BETWEEN 2575841 AND 2575850 ORDER BY c
	Sort  (cost=39.09..39.11 rows=10 width=121)
	  Sort Key: c
	  ->  Index Scan using sbtest4_pkey on sbtest4  (cost=0.43..38.92 rows=10 width=121)
	        Index Cond: ((id >= 2575841) AND (id <= 2575850))

table 5 : explain SELECT c FROM sbtest5 WHERE id BETWEEN 3434769 AND 3434778 ORDER BY c
	Sort  (cost=35.63..35.65 rows=9 width=121)
	  Sort Key: c
	  ->  Index Scan using sbtest5_pkey on sbtest5  (cost=0.43..35.49 rows=9 width=121)
	        Index Cond: ((id >= 3434769) AND (id <= 3434778))

table 6 : explain SELECT c FROM sbtest6 WHERE id BETWEEN 5834376 AND 5834385 ORDER BY c
	Sort  (cost=35.55..35.57 rows=9 width=121)
	  Sort Key: c
	  ->  Index Scan using sbtest6_pkey on sbtest6  (cost=0.43..35.40 rows=9 width=121)
	        Index Cond: ((id >= 5834376) AND (id <= 5834385))

table 7 : explain SELECT c FROM sbtest7 WHERE id BETWEEN 722083 AND 722092 ORDER BY c
	Sort  (cost=38.90..38.93 rows=10 width=121)
	  Sort Key: c
	  ->  Index Scan using sbtest7_pkey on sbtest7  (cost=0.43..38.74 rows=10 width=121)
	        Index Cond: ((id >= 722083) AND (id <= 722092))

table 8 : explain SELECT c FROM sbtest8 WHERE id BETWEEN 6089781 AND 6089790 ORDER BY c
	Sort  (cost=39.03..39.06 rows=10 width=121)
	  Sort Key: c
	  ->  Index Scan using sbtest8_pkey on sbtest8  (cost=0.43..38.87 rows=10 width=121)
	        Index Cond: ((id >= 6089781) AND (id <= 6089790))

for: sum_ranges
table 1 : explain SELECT SUM(k) FROM sbtest1 WHERE id BETWEEN 4601346 AND 4601355
	Aggregate  (cost=38.57..38.58 rows=1 width=8)
	  ->  Index Scan using sbtest1_pkey on sbtest1  (cost=0.43..38.55 rows=10 width=4)
	        Index Cond: ((id >= 4601346) AND (id <= 4601355))

table 2 : explain SELECT SUM(k) FROM sbtest2 WHERE id BETWEEN 8319146 AND 8319155
	Aggregate  (cost=35.16..35.17 rows=1 width=8)
	  ->  Index Scan using sbtest2_pkey on sbtest2  (cost=0.43..35.13 rows=9 width=4)
	        Index Cond: ((id >= 8319146) AND (id <= 8319155))

table 3 : explain SELECT SUM(k) FROM sbtest3 WHERE id BETWEEN 5632664 AND 5632673
	Aggregate  (cost=39.14..39.15 rows=1 width=8)
	  ->  Index Scan using sbtest3_pkey on sbtest3  (cost=0.43..39.11 rows=10 width=4)
	        Index Cond: ((id >= 5632664) AND (id <= 5632673))

table 4 : explain SELECT SUM(k) FROM sbtest4 WHERE id BETWEEN 3474425 AND 3474434
	Aggregate  (cost=38.94..38.95 rows=1 width=8)
	  ->  Index Scan using sbtest4_pkey on sbtest4  (cost=0.43..38.92 rows=10 width=4)
	        Index Cond: ((id >= 3474425) AND (id <= 3474434))

table 5 : explain SELECT SUM(k) FROM sbtest5 WHERE id BETWEEN 6212372 AND 6212381
	Aggregate  (cost=38.89..38.90 rows=1 width=8)
	  ->  Index Scan using sbtest5_pkey on sbtest5  (cost=0.43..38.87 rows=10 width=4)
	        Index Cond: ((id >= 6212372) AND (id <= 6212381))

table 6 : explain SELECT SUM(k) FROM sbtest6 WHERE id BETWEEN 3211394 AND 3211403
	Aggregate  (cost=35.43..35.44 rows=1 width=8)
	  ->  Index Scan using sbtest6_pkey on sbtest6  (cost=0.43..35.40 rows=9 width=4)
	        Index Cond: ((id >= 3211394) AND (id <= 3211403))

table 7 : explain SELECT SUM(k) FROM sbtest7 WHERE id BETWEEN 3902083 AND 3902092
	Aggregate  (cost=42.13..42.14 rows=1 width=8)
	  ->  Index Scan using sbtest7_pkey on sbtest7  (cost=0.43..42.10 rows=11 width=4)
	        Index Cond: ((id >= 3902083) AND (id <= 3902092))

table 8 : explain SELECT SUM(k) FROM sbtest8 WHERE id BETWEEN 9084866 AND 9084875
	Aggregate  (cost=38.89..38.90 rows=1 width=8)
	  ->  Index Scan using sbtest8_pkey on sbtest8  (cost=0.43..38.87 rows=10 width=4)
	        Index Cond: ((id >= 9084866) AND (id <= 9084875))

for non_index_updates
table 1 : explain UPDATE sbtest1 SET c='foobar' WHERE id=8981450
	Update on sbtest1  (cost=0.43..8.45 rows=0 width=0)
	  ->  Index Scan using sbtest1_pkey on sbtest1  (cost=0.43..8.45 rows=1 width=490)
	        Index Cond: (id = 8981450)

table 2 : explain UPDATE sbtest2 SET c='foobar' WHERE id=175812
	Update on sbtest2  (cost=0.43..8.45 rows=0 width=0)
	  ->  Index Scan using sbtest2_pkey on sbtest2  (cost=0.43..8.45 rows=1 width=490)
	        Index Cond: (id = 175812)

table 3 : explain UPDATE sbtest3 SET c='foobar' WHERE id=9821307
	Update on sbtest3  (cost=0.43..8.45 rows=0 width=0)
	  ->  Index Scan using sbtest3_pkey on sbtest3  (cost=0.43..8.45 rows=1 width=490)
	        Index Cond: (id = 9821307)

table 4 : explain UPDATE sbtest4 SET c='foobar' WHERE id=2410100
	Update on sbtest4  (cost=0.43..8.45 rows=0 width=0)
	  ->  Index Scan using sbtest4_pkey on sbtest4  (cost=0.43..8.45 rows=1 width=490)
	        Index Cond: (id = 2410100)

table 5 : explain UPDATE sbtest5 SET c='foobar' WHERE id=6489833
	Update on sbtest5  (cost=0.43..8.45 rows=0 width=0)
	  ->  Index Scan using sbtest5_pkey on sbtest5  (cost=0.43..8.45 rows=1 width=490)
	        Index Cond: (id = 6489833)

table 6 : explain UPDATE sbtest6 SET c='foobar' WHERE id=8462462
	Update on sbtest6  (cost=0.43..8.45 rows=0 width=0)
	  ->  Index Scan using sbtest6_pkey on sbtest6  (cost=0.43..8.45 rows=1 width=490)
	        Index Cond: (id = 8462462)

table 7 : explain UPDATE sbtest7 SET c='foobar' WHERE id=1980767
	Update on sbtest7  (cost=0.43..8.45 rows=0 width=0)
	  ->  Index Scan using sbtest7_pkey on sbtest7  (cost=0.43..8.45 rows=1 width=490)
	        Index Cond: (id = 1980767)

table 8 : explain UPDATE sbtest8 SET c='foobar' WHERE id=1567890
	Update on sbtest8  (cost=0.43..8.45 rows=0 width=0)
	  ->  Index Scan using sbtest8_pkey on sbtest8  (cost=0.43..8.45 rows=1 width=490)
	        Index Cond: (id = 1567890)

for: order_ranges
table 1 : explain SELECT c FROM sbtest1 WHERE id BETWEEN 8863552 AND 8863561 ORDER BY c
	Sort  (cost=38.72..38.74 rows=10 width=121)
	  Sort Key: c
	  ->  Index Scan using sbtest1_pkey on sbtest1  (cost=0.43..38.55 rows=10 width=121)
	        Index Cond: ((id >= 8863552) AND (id <= 8863561))

table 2 : explain SELECT c FROM sbtest2 WHERE id BETWEEN 364487 AND 364496 ORDER BY c
	Sort  (cost=35.28..35.30 rows=9 width=121)
	  Sort Key: c
	  ->  Index Scan using sbtest2_pkey on sbtest2  (cost=0.43..35.13 rows=9 width=121)
	        Index Cond: ((id >= 364487) AND (id <= 364496))

table 3 : explain SELECT c FROM sbtest3 WHERE id BETWEEN 9152381 AND 9152390 ORDER BY c
	Sort  (cost=39.28..39.30 rows=10 width=121)
	  Sort Key: c
	  ->  Index Scan using sbtest3_pkey on sbtest3  (cost=0.43..39.11 rows=10 width=121)
	        Index Cond: ((id >= 9152381) AND (id <= 9152390))

table 4 : explain SELECT c FROM sbtest4 WHERE id BETWEEN 3232757 AND 3232766 ORDER BY c
	Sort  (cost=42.50..42.52 rows=11 width=121)
	  Sort Key: c
	  ->  Index Scan using sbtest4_pkey on sbtest4  (cost=0.43..42.30 rows=11 width=121)
	        Index Cond: ((id >= 3232757) AND (id <= 3232766))

table 5 : explain SELECT c FROM sbtest5 WHERE id BETWEEN 9954925 AND 9954934 ORDER BY c
	Sort  (cost=42.44..42.46 rows=11 width=121)
	  Sort Key: c
	  ->  Index Scan using sbtest5_pkey on sbtest5  (cost=0.43..42.25 rows=11 width=121)
	        Index Cond: ((id >= 9954925) AND (id <= 9954934))

table 6 : explain SELECT c FROM sbtest6 WHERE id BETWEEN 406909 AND 406918 ORDER BY c
	Sort  (cost=42.33..42.36 rows=11 width=121)
	  Sort Key: c
	  ->  Index Scan using sbtest6_pkey on sbtest6  (cost=0.43..42.14 rows=11 width=121)
	        Index Cond: ((id >= 406909) AND (id <= 406918))

table 7 : explain SELECT c FROM sbtest7 WHERE id BETWEEN 8498233 AND 8498242 ORDER BY c
	Sort  (cost=38.90..38.93 rows=10 width=121)
	  Sort Key: c
	  ->  Index Scan using sbtest7_pkey on sbtest7  (cost=0.43..38.74 rows=10 width=121)
	        Index Cond: ((id >= 8498233) AND (id <= 8498242))

table 8 : explain SELECT c FROM sbtest8 WHERE id BETWEEN 464473 AND 464482 ORDER BY c
	Sort  (cost=42.43..42.46 rows=11 width=121)
	  Sort Key: c
	  ->  Index Scan using sbtest8_pkey on sbtest8  (cost=0.43..42.24 rows=11 width=121)
	        Index Cond: ((id >= 464473) AND (id <= 464482))

for: simple_ranges
table 1 : explain SELECT c FROM sbtest1 WHERE id BETWEEN 9172905 AND 9172914
	Index Scan using sbtest1_pkey on sbtest1  (cost=0.43..38.55 rows=10 width=121)
	  Index Cond: ((id >= 9172905) AND (id <= 9172914))

table 2 : explain SELECT c FROM sbtest2 WHERE id BETWEEN 2856481 AND 2856490
	Index Scan using sbtest2_pkey on sbtest2  (cost=0.43..38.47 rows=10 width=121)
	  Index Cond: ((id >= 2856481) AND (id <= 2856490))

table 3 : explain SELECT c FROM sbtest3 WHERE id BETWEEN 5285892 AND 5285901
	Index Scan using sbtest3_pkey on sbtest3  (cost=0.43..39.11 rows=10 width=121)
	  Index Cond: ((id >= 5285892) AND (id <= 5285901))

table 4 : explain SELECT c FROM sbtest4 WHERE id BETWEEN 3555589 AND 3555598
	Index Scan using sbtest4_pkey on sbtest4  (cost=0.43..38.92 rows=10 width=121)
	  Index Cond: ((id >= 3555589) AND (id <= 3555598))

table 5 : explain SELECT c FROM sbtest5 WHERE id BETWEEN 6899066 AND 6899075
	Index Scan using sbtest5_pkey on sbtest5  (cost=0.43..35.49 rows=9 width=121)
	  Index Cond: ((id >= 6899066) AND (id <= 6899075))

table 6 : explain SELECT c FROM sbtest6 WHERE id BETWEEN 4012137 AND 4012146
	Index Scan using sbtest6_pkey on sbtest6  (cost=0.43..38.77 rows=10 width=121)
	  Index Cond: ((id >= 4012137) AND (id <= 4012146))

table 7 : explain SELECT c FROM sbtest7 WHERE id BETWEEN 1869736 AND 1869745
	Index Scan using sbtest7_pkey on sbtest7  (cost=0.43..38.74 rows=10 width=121)
	  Index Cond: ((id >= 1869736) AND (id <= 1869745))

table 8 : explain SELECT c FROM sbtest8 WHERE id BETWEEN 8309814 AND 8309823
	Index Scan using sbtest8_pkey on sbtest8  (cost=0.43..35.49 rows=9 width=121)
	  Index Cond: ((id >= 8309814) AND (id <= 8309823))

explain: for non_index_updates :: explain UPDATE sbtest%u SET c='foobar' WHERE id=%u
for non_index_updates
table 1 : explain UPDATE sbtest1 SET c='foobar' WHERE id=225904
	Update on sbtest1  (cost=0.43..8.45 rows=0 width=0)
	  ->  Index Scan using sbtest1_pkey on sbtest1  (cost=0.43..8.45 rows=1 width=490)
	        Index Cond: (id = 225904)

table 2 : explain UPDATE sbtest2 SET c='foobar' WHERE id=2164650
	Update on sbtest2  (cost=0.43..8.45 rows=0 width=0)
	  ->  Index Scan using sbtest2_pkey on sbtest2  (cost=0.43..8.45 rows=1 width=490)
	        Index Cond: (id = 2164650)

table 3 : explain UPDATE sbtest3 SET c='foobar' WHERE id=6171789
	Update on sbtest3  (cost=0.43..8.45 rows=0 width=0)
	  ->  Index Scan using sbtest3_pkey on sbtest3  (cost=0.43..8.45 rows=1 width=490)
	        Index Cond: (id = 6171789)

table 4 : explain UPDATE sbtest4 SET c='foobar' WHERE id=7710519
	Update on sbtest4  (cost=0.43..8.45 rows=0 width=0)
	  ->  Index Scan using sbtest4_pkey on sbtest4  (cost=0.43..8.45 rows=1 width=490)
	        Index Cond: (id = 7710519)

table 5 : explain UPDATE sbtest5 SET c='foobar' WHERE id=5947730
	Update on sbtest5  (cost=0.43..8.45 rows=0 width=0)
	  ->  Index Scan using sbtest5_pkey on sbtest5  (cost=0.43..8.45 rows=1 width=490)
	        Index Cond: (id = 5947730)

table 6 : explain UPDATE sbtest6 SET c='foobar' WHERE id=9773213
	Update on sbtest6  (cost=0.43..8.45 rows=0 width=0)
	  ->  Index Scan using sbtest6_pkey on sbtest6  (cost=0.43..8.45 rows=1 width=490)
	        Index Cond: (id = 9773213)

table 7 : explain UPDATE sbtest7 SET c='foobar' WHERE id=333789
	Update on sbtest7  (cost=0.43..8.45 rows=0 width=0)
	  ->  Index Scan using sbtest7_pkey on sbtest7  (cost=0.43..8.45 rows=1 width=490)
	        Index Cond: (id = 333789)

table 8 : explain UPDATE sbtest8 SET c='foobar' WHERE id=2146240
	Update on sbtest8  (cost=0.43..8.45 rows=0 width=0)
	  ->  Index Scan using sbtest8_pkey on sbtest8  (cost=0.43..8.45 rows=1 width=490)
	        Index Cond: (id = 2146240)

for: simple_ranges
table 1 : explain SELECT c FROM sbtest1 WHERE id BETWEEN 5278791 AND 5278800
	Index Scan using sbtest1_pkey on sbtest1  (cost=0.43..38.55 rows=10 width=121)
	  Index Cond: ((id >= 5278791) AND (id <= 5278800))

table 2 : explain SELECT c FROM sbtest2 WHERE id BETWEEN 5646178 AND 5646187
	Index Scan using sbtest2_pkey on sbtest2  (cost=0.43..38.47 rows=10 width=121)
	  Index Cond: ((id >= 5646178) AND (id <= 5646187))

table 3 : explain SELECT c FROM sbtest3 WHERE id BETWEEN 7769261 AND 7769270
	Index Scan using sbtest3_pkey on sbtest3  (cost=0.43..39.11 rows=10 width=121)
	  Index Cond: ((id >= 7769261) AND (id <= 7769270))

table 4 : explain SELECT c FROM sbtest4 WHERE id BETWEEN 8733992 AND 8734001
	Index Scan using sbtest4_pkey on sbtest4  (cost=0.43..38.92 rows=10 width=121)
	  Index Cond: ((id >= 8733992) AND (id <= 8734001))

table 5 : explain SELECT c FROM sbtest5 WHERE id BETWEEN 7729288 AND 7729297
	Index Scan using sbtest5_pkey on sbtest5  (cost=0.43..38.87 rows=10 width=121)
	  Index Cond: ((id >= 7729288) AND (id <= 7729297))

table 6 : explain SELECT c FROM sbtest6 WHERE id BETWEEN 5900821 AND 5900830
	Index Scan using sbtest6_pkey on sbtest6  (cost=0.43..38.77 rows=10 width=121)
	  Index Cond: ((id >= 5900821) AND (id <= 5900830))

table 7 : explain SELECT c FROM sbtest7 WHERE id BETWEEN 2815349 AND 2815358
	Index Scan using sbtest7_pkey on sbtest7  (cost=0.43..35.37 rows=9 width=121)
	  Index Cond: ((id >= 2815349) AND (id <= 2815358))

table 8 : explain SELECT c FROM sbtest8 WHERE id BETWEEN 1451856 AND 1451865
	Index Scan using sbtest8_pkey on sbtest8  (cost=0.43..35.49 rows=9 width=121)
	  Index Cond: ((id >= 1451856) AND (id <= 1451865))

explain: for deletes :: explain DELETE FROM sbtest%u WHERE id=%u
explain: for non_index_updates :: explain UPDATE sbtest%u SET c='foobar' WHERE id=%u
for: order_ranges
table 1 : explain SELECT c FROM sbtest1 WHERE id BETWEEN 5835097 AND 5835106 ORDER BY c
	Sort  (cost=38.72..38.74 rows=10 width=121)
	  Sort Key: c
	  ->  Index Scan using sbtest1_pkey on sbtest1  (cost=0.43..38.55 rows=10 width=121)
	        Index Cond: ((id >= 5835097) AND (id <= 5835106))

table 2 : explain SELECT c FROM sbtest2 WHERE id BETWEEN 400492 AND 400501 ORDER BY c
	Sort  (cost=35.28..35.30 rows=9 width=121)
	  Sort Key: c
	  ->  Index Scan using sbtest2_pkey on sbtest2  (cost=0.43..35.13 rows=9 width=121)
	        Index Cond: ((id >= 400492) AND (id <= 400501))

table 3 : explain SELECT c FROM sbtest3 WHERE id BETWEEN 4786677 AND 4786686 ORDER BY c
	Sort  (cost=39.28..39.30 rows=10 width=121)
	  Sort Key: c
	  ->  Index Scan using sbtest3_pkey on sbtest3  (cost=0.43..39.11 rows=10 width=121)
	        Index Cond: ((id >= 4786677) AND (id <= 4786686))

table 4 : explain SELECT c FROM sbtest4 WHERE id BETWEEN 8592933 AND 8592942 ORDER BY c
	Sort  (cost=39.09..39.11 rows=10 width=121)
	  Sort Key: c
	  ->  Index Scan using sbtest4_pkey on sbtest4  (cost=0.43..38.92 rows=10 width=121)
	        Index Cond: ((id >= 8592933) AND (id <= 8592942))

table 5 : explain SELECT c FROM sbtest5 WHERE id BETWEEN 1854780 AND 1854789 ORDER BY c
	Sort  (cost=42.44..42.46 rows=11 width=121)
	  Sort Key: c
	  ->  Index Scan using sbtest5_pkey on sbtest5  (cost=0.43..42.25 rows=11 width=121)
	        Index Cond: ((id >= 1854780) AND (id <= 1854789))

table 6 : explain SELECT c FROM sbtest6 WHERE id BETWEEN 5324044 AND 5324053 ORDER BY c
	Sort  (cost=42.33..42.36 rows=11 width=121)
	  Sort Key: c
	  ->  Index Scan using sbtest6_pkey on sbtest6  (cost=0.43..42.14 rows=11 width=121)
	        Index Cond: ((id >= 5324044) AND (id <= 5324053))

table 7 : explain SELECT c FROM sbtest7 WHERE id BETWEEN 777450 AND 777459 ORDER BY c
	Sort  (cost=38.90..38.93 rows=10 width=121)
	  Sort Key: c
	  ->  Index Scan using sbtest7_pkey on sbtest7  (cost=0.43..38.74 rows=10 width=121)
	        Index Cond: ((id >= 777450) AND (id <= 777459))

table 8 : explain SELECT c FROM sbtest8 WHERE id BETWEEN 6923804 AND 6923813 ORDER BY c
	Sort  (cost=39.03..39.06 rows=10 width=121)
	  Sort Key: c
	  ->  Index Scan using sbtest8_pkey on sbtest8  (cost=0.43..38.87 rows=10 width=121)
	        Index Cond: ((id >= 6923804) AND (id <= 6923813))

for: order_ranges
table 1 : explain SELECT c FROM sbtest1 WHERE id BETWEEN 3199614 AND 3199623 ORDER BY c
	Sort  (cost=35.35..35.37 rows=9 width=121)
	  Sort Key: c
	  ->  Index Scan using sbtest1_pkey on sbtest1  (cost=0.43..35.21 rows=9 width=121)
	        Index Cond: ((id >= 3199614) AND (id <= 3199623))

table 2 : explain SELECT c FROM sbtest2 WHERE id BETWEEN 767698 AND 767707 ORDER BY c
	Sort  (cost=38.63..38.66 rows=10 width=121)
	  Sort Key: c
	  ->  Index Scan using sbtest2_pkey on sbtest2  (cost=0.43..38.47 rows=10 width=121)
	        Index Cond: ((id >= 767698) AND (id <= 767707))

table 3 : explain SELECT c FROM sbtest3 WHERE id BETWEEN 8852439 AND 8852448 ORDER BY c
	Sort  (cost=42.71..42.74 rows=11 width=121)
	  Sort Key: c
	  ->  Index Scan using sbtest3_pkey on sbtest3  (cost=0.43..42.52 rows=11 width=121)
	        Index Cond: ((id >= 8852439) AND (id <= 8852448))

table 4 : explain SELECT c FROM sbtest4 WHERE id BETWEEN 8585374 AND 8585383 ORDER BY c
	Sort  (cost=39.09..39.11 rows=10 width=121)
	  Sort Key: c
	  ->  Index Scan using sbtest4_pkey on sbtest4  (cost=0.43..38.92 rows=10 width=121)
	        Index Cond: ((id >= 8585374) AND (id <= 8585383))

table 5 : explain SELECT c FROM sbtest5 WHERE id BETWEEN 4674406 AND 4674415 ORDER BY c
	Sort  (cost=39.03..39.06 rows=10 width=121)
	  Sort Key: c
	  ->  Index Scan using sbtest5_pkey on sbtest5  (cost=0.43..38.87 rows=10 width=121)
	        Index Cond: ((id >= 4674406) AND (id <= 4674415))

table 6 : explain SELECT c FROM sbtest6 WHERE id BETWEEN 830083 AND 830092 ORDER BY c
	Sort  (cost=35.55..35.57 rows=9 width=121)
	  Sort Key: c
	  ->  Index Scan using sbtest6_pkey on sbtest6  (cost=0.43..35.40 rows=9 width=121)
	        Index Cond: ((id >= 830083) AND (id <= 830092))

table 7 : explain SELECT c FROM sbtest7 WHERE id BETWEEN 294251 AND 294260 ORDER BY c
	Sort  (cost=38.90..38.93 rows=10 width=121)
	  Sort Key: c
	  ->  Index Scan using sbtest7_pkey on sbtest7  (cost=0.43..38.74 rows=10 width=121)
	        Index Cond: ((id >= 294251) AND (id <= 294260))

table 8 : explain SELECT c FROM sbtest8 WHERE id BETWEEN 3524472 AND 3524481 ORDER BY c
	Sort  (cost=39.03..39.06 rows=10 width=121)
	  Sort Key: c
	  ->  Index Scan using sbtest8_pkey on sbtest8  (cost=0.43..38.87 rows=10 width=121)
	        Index Cond: ((id >= 3524472) AND (id <= 3524481))

explain: for deletes :: explain DELETE FROM sbtest%u WHERE id=%u
for: order_ranges
table 1 : explain SELECT c FROM sbtest1 WHERE id BETWEEN 1785220 AND 1785229 ORDER BY c
	Sort  (cost=38.72..38.74 rows=10 width=121)
	  Sort Key: c
	  ->  Index Scan using sbtest1_pkey on sbtest1  (cost=0.43..38.55 rows=10 width=121)
	        Index Cond: ((id >= 1785220) AND (id <= 1785229))

table 2 : explain SELECT c FROM sbtest2 WHERE id BETWEEN 864279 AND 864288 ORDER BY c
	Sort  (cost=35.28..35.30 rows=9 width=121)
	  Sort Key: c
	  ->  Index Scan using sbtest2_pkey on sbtest2  (cost=0.43..35.13 rows=9 width=121)
	        Index Cond: ((id >= 864279) AND (id <= 864288))

table 3 : explain SELECT c FROM sbtest3 WHERE id BETWEEN 9645116 AND 9645125 ORDER BY c
	Sort  (cost=35.85..35.87 rows=9 width=121)
	  Sort Key: c
	  ->  Index Scan using sbtest3_pkey on sbtest3  (cost=0.43..35.71 rows=9 width=121)
	        Index Cond: ((id >= 9645116) AND (id <= 9645125))

table 4 : explain SELECT c FROM sbtest4 WHERE id BETWEEN 8016982 AND 8016991 ORDER BY c
	Sort  (cost=35.68..35.70 rows=9 width=121)
	  Sort Key: c
	  ->  Index Scan using sbtest4_pkey on sbtest4  (cost=0.43..35.53 rows=9 width=121)
	        Index Cond: ((id >= 8016982) AND (id <= 8016991))

table 5 : explain SELECT c FROM sbtest5 WHERE id BETWEEN 7194187 AND 7194196 ORDER BY c
	Sort  (cost=39.03..39.06 rows=10 width=121)
	  Sort Key: c
	  ->  Index Scan using sbtest5_pkey on sbtest5  (cost=0.43..38.87 rows=10 width=121)
	        Index Cond: ((id >= 7194187) AND (id <= 7194196))

table 6 : explain SELECT c FROM sbtest6 WHERE id BETWEEN 7170570 AND 7170579 ORDER BY c
	Sort  (cost=38.94..38.96 rows=10 width=121)
	  Sort Key: c
	  ->  Index Scan using sbtest6_pkey on sbtest6  (cost=0.43..38.77 rows=10 width=121)
	        Index Cond: ((id >= 7170570) AND (id <= 7170579))

table 7 : explain SELECT c FROM sbtest7 WHERE id BETWEEN 8748311 AND 8748320 ORDER BY c
	Sort  (cost=42.29..42.32 rows=11 width=121)
	  Sort Key: c
	  ->  Index Scan using sbtest7_pkey on sbtest7  (cost=0.43..42.10 rows=11 width=121)
	        Index Cond: ((id >= 8748311) AND (id <= 8748320))

table 8 : explain SELECT c FROM sbtest8 WHERE id BETWEEN 6332178 AND 6332187 ORDER BY c
	Sort  (cost=39.03..39.06 rows=10 width=121)
	  Sort Key: c
	  ->  Index Scan using sbtest8_pkey on sbtest8  (cost=0.43..38.87 rows=10 width=121)
	        Index Cond: ((id >= 6332178) AND (id <= 6332187))

for index_updates
table 1 : explain UPDATE sbtest1 SET k=k+1 WHERE id=3687829
	Update on sbtest1  (cost=0.43..8.46 rows=0 width=0)
	  ->  Index Scan using sbtest1_pkey on sbtest1  (cost=0.43..8.46 rows=1 width=10)
	        Index Cond: (id = 3687829)

table 2 : explain UPDATE sbtest2 SET k=k+1 WHERE id=7427590
	Update on sbtest2  (cost=0.43..8.46 rows=0 width=0)
	  ->  Index Scan using sbtest2_pkey on sbtest2  (cost=0.43..8.46 rows=1 width=10)
	        Index Cond: (id = 7427590)

table 3 : explain UPDATE sbtest3 SET k=k+1 WHERE id=1053534
	Update on sbtest3  (cost=0.43..8.46 rows=0 width=0)
	  ->  Index Scan using sbtest3_pkey on sbtest3  (cost=0.43..8.46 rows=1 width=10)
	        Index Cond: (id = 1053534)

table 4 : explain UPDATE sbtest4 SET k=k+1 WHERE id=7349577
	Update on sbtest4  (cost=0.43..8.46 rows=0 width=0)
	  ->  Index Scan using sbtest4_pkey on sbtest4  (cost=0.43..8.46 rows=1 width=10)
	        Index Cond: (id = 7349577)

table 5 : explain UPDATE sbtest5 SET k=k+1 WHERE id=6768300
	Update on sbtest5  (cost=0.43..8.46 rows=0 width=0)
	  ->  Index Scan using sbtest5_pkey on sbtest5  (cost=0.43..8.46 rows=1 width=10)
	        Index Cond: (id = 6768300)

table 6 : explain UPDATE sbtest6 SET k=k+1 WHERE id=4734302
	Update on sbtest6  (cost=0.43..8.46 rows=0 width=0)
	  ->  Index Scan using sbtest6_pkey on sbtest6  (cost=0.43..8.46 rows=1 width=10)
	        Index Cond: (id = 4734302)

table 7 : explain UPDATE sbtest7 SET k=k+1 WHERE id=2233089
	Update on sbtest7  (cost=0.43..8.46 rows=0 width=0)
	  ->  Index Scan using sbtest7_pkey on sbtest7  (cost=0.43..8.46 rows=1 width=10)
	        Index Cond: (id = 2233089)

table 8 : explain UPDATE sbtest8 SET k=k+1 WHERE id=6583819
	Update on sbtest8  (cost=0.43..8.46 rows=0 width=0)
	  ->  Index Scan using sbtest8_pkey on sbtest8  (cost=0.43..8.46 rows=1 width=10)
	        Index Cond: (id = 6583819)

for: order_ranges
table 1 : explain SELECT c FROM sbtest1 WHERE id BETWEEN 1694043 AND 1694052 ORDER BY c
	Sort  (cost=38.72..38.74 rows=10 width=121)
	  Sort Key: c
	  ->  Index Scan using sbtest1_pkey on sbtest1  (cost=0.43..38.55 rows=10 width=121)
	        Index Cond: ((id >= 1694043) AND (id <= 1694052))

table 2 : explain SELECT c FROM sbtest2 WHERE id BETWEEN 3434943 AND 3434952 ORDER BY c
	Sort  (cost=35.28..35.30 rows=9 width=121)
	  Sort Key: c
	  ->  Index Scan using sbtest2_pkey on sbtest2  (cost=0.43..35.13 rows=9 width=121)
	        Index Cond: ((id >= 3434943) AND (id <= 3434952))

table 3 : explain SELECT c FROM sbtest3 WHERE id BETWEEN 7900816 AND 7900825 ORDER BY c
	Sort  (cost=39.28..39.30 rows=10 width=121)
	  Sort Key: c
	  ->  Index Scan using sbtest3_pkey on sbtest3  (cost=0.43..39.11 rows=10 width=121)
	        Index Cond: ((id >= 7900816) AND (id <= 7900825))

table 4 : explain SELECT c FROM sbtest4 WHERE id BETWEEN 5216759 AND 5216768 ORDER BY c
	Sort  (cost=42.50..42.52 rows=11 width=121)
	  Sort Key: c
	  ->  Index Scan using sbtest4_pkey on sbtest4  (cost=0.43..42.30 rows=11 width=121)
	        Index Cond: ((id >= 5216759) AND (id <= 5216768))

table 5 : explain SELECT c FROM sbtest5 WHERE id BETWEEN 1136629 AND 1136638 ORDER BY c
	Sort  (cost=39.03..39.06 rows=10 width=121)
	  Sort Key: c
	  ->  Index Scan using sbtest5_pkey on sbtest5  (cost=0.43..38.87 rows=10 width=121)
	        Index Cond: ((id >= 1136629) AND (id <= 1136638))

table 6 : explain SELECT c FROM sbtest6 WHERE id BETWEEN 1339912 AND 1339921 ORDER BY c
	Sort  (cost=42.33..42.36 rows=11 width=121)
	  Sort Key: c
	  ->  Index Scan using sbtest6_pkey on sbtest6  (cost=0.43..42.14 rows=11 width=121)
	        Index Cond: ((id >= 1339912) AND (id <= 1339921))

table 7 : explain SELECT c FROM sbtest7 WHERE id BETWEEN 542623 AND 542632 ORDER BY c
	Sort  (cost=38.90..38.93 rows=10 width=121)
	  Sort Key: c
	  ->  Index Scan using sbtest7_pkey on sbtest7  (cost=0.43..38.74 rows=10 width=121)
	        Index Cond: ((id >= 542623) AND (id <= 542632))

table 8 : explain SELECT c FROM sbtest8 WHERE id BETWEEN 47936 AND 47945 ORDER BY c
	Sort  (cost=39.03..39.06 rows=10 width=121)
	  Sort Key: c
	  ->  Index Scan using sbtest8_pkey on sbtest8  (cost=0.43..38.87 rows=10 width=121)
	        Index Cond: ((id >= 47936) AND (id <= 47945))

for deletes
table 1 : explain DELETE FROM sbtest1 WHERE id=7853290
	Delete on sbtest1  (cost=0.43..8.45 rows=0 width=0)
	  ->  Index Scan using sbtest1_pkey on sbtest1  (cost=0.43..8.45 rows=1 width=6)
	        Index Cond: (id = 7853290)

table 2 : explain DELETE FROM sbtest2 WHERE id=6167663
	Delete on sbtest2  (cost=0.43..8.45 rows=0 width=0)
	  ->  Index Scan using sbtest2_pkey on sbtest2  (cost=0.43..8.45 rows=1 width=6)
	        Index Cond: (id = 6167663)

table 3 : explain DELETE FROM sbtest3 WHERE id=2032184
	Delete on sbtest3  (cost=0.43..8.45 rows=0 width=0)
	  ->  Index Scan using sbtest3_pkey on sbtest3  (cost=0.43..8.45 rows=1 width=6)
	        Index Cond: (id = 2032184)

table 4 : explain DELETE FROM sbtest4 WHERE id=1269649
	Delete on sbtest4  (cost=0.43..8.45 rows=0 width=0)
	  ->  Index Scan using sbtest4_pkey on sbtest4  (cost=0.43..8.45 rows=1 width=6)
	        Index Cond: (id = 1269649)

table 5 : explain DELETE FROM sbtest5 WHERE id=3705606
	Delete on sbtest5  (cost=0.43..8.45 rows=0 width=0)
	  ->  Index Scan using sbtest5_pkey on sbtest5  (cost=0.43..8.45 rows=1 width=6)
	        Index Cond: (id = 3705606)

table 6 : explain DELETE FROM sbtest6 WHERE id=4375168
	Delete on sbtest6  (cost=0.43..8.45 rows=0 width=0)
	  ->  Index Scan using sbtest6_pkey on sbtest6  (cost=0.43..8.45 rows=1 width=6)
	        Index Cond: (id = 4375168)

table 7 : explain DELETE FROM sbtest7 WHERE id=6390191
	Delete on sbtest7  (cost=0.43..8.45 rows=0 width=0)
	  ->  Index Scan using sbtest7_pkey on sbtest7  (cost=0.43..8.45 rows=1 width=6)
	        Index Cond: (id = 6390191)

table 8 : explain DELETE FROM sbtest8 WHERE id=3148839
	Delete on sbtest8  (cost=0.43..8.45 rows=0 width=0)
	  ->  Index Scan using sbtest8_pkey on sbtest8  (cost=0.43..8.45 rows=1 width=6)
	        Index Cond: (id = 3148839)

for non_index_updates
table 1 : explain UPDATE sbtest1 SET c='foobar' WHERE id=9234460
	Update on sbtest1  (cost=0.43..8.45 rows=0 width=0)
	  ->  Index Scan using sbtest1_pkey on sbtest1  (cost=0.43..8.45 rows=1 width=490)
	        Index Cond: (id = 9234460)

table 2 : explain UPDATE sbtest2 SET c='foobar' WHERE id=7860548
	Update on sbtest2  (cost=0.43..8.45 rows=0 width=0)
	  ->  Index Scan using sbtest2_pkey on sbtest2  (cost=0.43..8.45 rows=1 width=490)
	        Index Cond: (id = 7860548)

table 3 : explain UPDATE sbtest3 SET c='foobar' WHERE id=9246120
	Update on sbtest3  (cost=0.43..8.45 rows=0 width=0)
	  ->  Index Scan using sbtest3_pkey on sbtest3  (cost=0.43..8.45 rows=1 width=490)
	        Index Cond: (id = 9246120)

table 4 : explain UPDATE sbtest4 SET c='foobar' WHERE id=4343064
	Update on sbtest4  (cost=0.43..8.45 rows=0 width=0)
	  ->  Index Scan using sbtest4_pkey on sbtest4  (cost=0.43..8.45 rows=1 width=490)
	        Index Cond: (id = 4343064)

table 5 : explain UPDATE sbtest5 SET c='foobar' WHERE id=5112307
	Update on sbtest5  (cost=0.43..8.45 rows=0 width=0)
	  ->  Index Scan using sbtest5_pkey on sbtest5  (cost=0.43..8.45 rows=1 width=490)
	        Index Cond: (id = 5112307)

table 6 : explain UPDATE sbtest6 SET c='foobar' WHERE id=2179025
	Update on sbtest6  (cost=0.43..8.45 rows=0 width=0)
	  ->  Index Scan using sbtest6_pkey on sbtest6  (cost=0.43..8.45 rows=1 width=490)
	        Index Cond: (id = 2179025)

table 7 : explain UPDATE sbtest7 SET c='foobar' WHERE id=6626076
	Update on sbtest7  (cost=0.43..8.45 rows=0 width=0)
	  ->  Index Scan using sbtest7_pkey on sbtest7  (cost=0.43..8.45 rows=1 width=490)
	        Index Cond: (id = 6626076)

table 8 : explain UPDATE sbtest8 SET c='foobar' WHERE id=9348996
	Update on sbtest8  (cost=0.43..8.45 rows=0 width=0)
	  ->  Index Scan using sbtest8_pkey on sbtest8  (cost=0.43..8.45 rows=1 width=490)
	        Index Cond: (id = 9348996)

for non_index_updates
table 1 : explain UPDATE sbtest1 SET c='foobar' WHERE id=2491689
	Update on sbtest1  (cost=0.43..8.45 rows=0 width=0)
	  ->  Index Scan using sbtest1_pkey on sbtest1  (cost=0.43..8.45 rows=1 width=490)
	        Index Cond: (id = 2491689)

table 2 : explain UPDATE sbtest2 SET c='foobar' WHERE id=4010760
	Update on sbtest2  (cost=0.43..8.45 rows=0 width=0)
	  ->  Index Scan using sbtest2_pkey on sbtest2  (cost=0.43..8.45 rows=1 width=490)
	        Index Cond: (id = 4010760)

table 3 : explain UPDATE sbtest3 SET c='foobar' WHERE id=9166096
	Update on sbtest3  (cost=0.43..8.45 rows=0 width=0)
	  ->  Index Scan using sbtest3_pkey on sbtest3  (cost=0.43..8.45 rows=1 width=490)
	        Index Cond: (id = 9166096)

table 4 : explain UPDATE sbtest4 SET c='foobar' WHERE id=4943240
	Update on sbtest4  (cost=0.43..8.45 rows=0 width=0)
	  ->  Index Scan using sbtest4_pkey on sbtest4  (cost=0.43..8.45 rows=1 width=490)
	        Index Cond: (id = 4943240)

table 5 : explain UPDATE sbtest5 SET c='foobar' WHERE id=1252123
	Update on sbtest5  (cost=0.43..8.45 rows=0 width=0)
	  ->  Index Scan using sbtest5_pkey on sbtest5  (cost=0.43..8.45 rows=1 width=490)
	        Index Cond: (id = 1252123)

table 6 : explain UPDATE sbtest6 SET c='foobar' WHERE id=5418734
	Update on sbtest6  (cost=0.43..8.45 rows=0 width=0)
	  ->  Index Scan using sbtest6_pkey on sbtest6  (cost=0.43..8.45 rows=1 width=490)
	        Index Cond: (id = 5418734)

table 7 : explain UPDATE sbtest7 SET c='foobar' WHERE id=7540769
	Update on sbtest7  (cost=0.43..8.45 rows=0 width=0)
	  ->  Index Scan using sbtest7_pkey on sbtest7  (cost=0.43..8.45 rows=1 width=490)
	        Index Cond: (id = 7540769)

table 8 : explain UPDATE sbtest8 SET c='foobar' WHERE id=9946933
	Update on sbtest8  (cost=0.43..8.45 rows=0 width=0)
	  ->  Index Scan using sbtest8_pkey on sbtest8  (cost=0.43..8.45 rows=1 width=490)
	        Index Cond: (id = 9946933)

for deletes
table 1 : explain DELETE FROM sbtest1 WHERE id=6536432
	Delete on sbtest1  (cost=0.43..8.45 rows=0 width=0)
	  ->  Index Scan using sbtest1_pkey on sbtest1  (cost=0.43..8.45 rows=1 width=6)
	        Index Cond: (id = 6536432)

table 2 : explain DELETE FROM sbtest2 WHERE id=1288095
	Delete on sbtest2  (cost=0.43..8.45 rows=0 width=0)
	  ->  Index Scan using sbtest2_pkey on sbtest2  (cost=0.43..8.45 rows=1 width=6)
	        Index Cond: (id = 1288095)

table 3 : explain DELETE FROM sbtest3 WHERE id=6508198
	Delete on sbtest3  (cost=0.43..8.45 rows=0 width=0)
	  ->  Index Scan using sbtest3_pkey on sbtest3  (cost=0.43..8.45 rows=1 width=6)
	        Index Cond: (id = 6508198)

table 4 : explain DELETE FROM sbtest4 WHERE id=8245784
	Delete on sbtest4  (cost=0.43..8.45 rows=0 width=0)
	  ->  Index Scan using sbtest4_pkey on sbtest4  (cost=0.43..8.45 rows=1 width=6)
	        Index Cond: (id = 8245784)

table 5 : explain DELETE FROM sbtest5 WHERE id=6184469
	Delete on sbtest5  (cost=0.43..8.45 rows=0 width=0)
	  ->  Index Scan using sbtest5_pkey on sbtest5  (cost=0.43..8.45 rows=1 width=6)
	        Index Cond: (id = 6184469)

table 6 : explain DELETE FROM sbtest6 WHERE id=7719351
	Delete on sbtest6  (cost=0.43..8.45 rows=0 width=0)
	  ->  Index Scan using sbtest6_pkey on sbtest6  (cost=0.43..8.45 rows=1 width=6)
	        Index Cond: (id = 7719351)

table 7 : explain DELETE FROM sbtest7 WHERE id=9062109
	Delete on sbtest7  (cost=0.43..8.45 rows=0 width=0)
	  ->  Index Scan using sbtest7_pkey on sbtest7  (cost=0.43..8.45 rows=1 width=6)
	        Index Cond: (id = 9062109)

table 8 : explain DELETE FROM sbtest8 WHERE id=4174627
	Delete on sbtest8  (cost=0.43..8.45 rows=0 width=0)
	  ->  Index Scan using sbtest8_pkey on sbtest8  (cost=0.43..8.45 rows=1 width=6)
	        Index Cond: (id = 4174627)

for non_index_updates
table 1 : explain UPDATE sbtest1 SET c='foobar' WHERE id=8879066
	Update on sbtest1  (cost=0.43..8.45 rows=0 width=0)
	  ->  Index Scan using sbtest1_pkey on sbtest1  (cost=0.43..8.45 rows=1 width=490)
	        Index Cond: (id = 8879066)

table 2 : explain UPDATE sbtest2 SET c='foobar' WHERE id=2512640
	Update on sbtest2  (cost=0.43..8.45 rows=0 width=0)
	  ->  Index Scan using sbtest2_pkey on sbtest2  (cost=0.43..8.45 rows=1 width=490)
	        Index Cond: (id = 2512640)

table 3 : explain UPDATE sbtest3 SET c='foobar' WHERE id=888729
	Update on sbtest3  (cost=0.43..8.45 rows=0 width=0)
	  ->  Index Scan using sbtest3_pkey on sbtest3  (cost=0.43..8.45 rows=1 width=490)
	        Index Cond: (id = 888729)

table 4 : explain UPDATE sbtest4 SET c='foobar' WHERE id=4209882
	Update on sbtest4  (cost=0.43..8.45 rows=0 width=0)
	  ->  Index Scan using sbtest4_pkey on sbtest4  (cost=0.43..8.45 rows=1 width=490)
	        Index Cond: (id = 4209882)

table 5 : explain UPDATE sbtest5 SET c='foobar' WHERE id=6560583
	Update on sbtest5  (cost=0.43..8.45 rows=0 width=0)
	  ->  Index Scan using sbtest5_pkey on sbtest5  (cost=0.43..8.45 rows=1 width=490)
	        Index Cond: (id = 6560583)

table 6 : explain UPDATE sbtest6 SET c='foobar' WHERE id=1031598
	Update on sbtest6  (cost=0.43..8.45 rows=0 width=0)
	  ->  Index Scan using sbtest6_pkey on sbtest6  (cost=0.43..8.45 rows=1 width=490)
	        Index Cond: (id = 1031598)

table 7 : explain UPDATE sbtest7 SET c='foobar' WHERE id=1472802
	Update on sbtest7  (cost=0.43..8.45 rows=0 width=0)
	  ->  Index Scan using sbtest7_pkey on sbtest7  (cost=0.43..8.45 rows=1 width=490)
	        Index Cond: (id = 1472802)

table 8 : explain UPDATE sbtest8 SET c='foobar' WHERE id=8876094
	Update on sbtest8  (cost=0.43..8.45 rows=0 width=0)
	  ->  Index Scan using sbtest8_pkey on sbtest8  (cost=0.43..8.45 rows=1 width=490)
	        Index Cond: (id = 8876094)

explain: for deletes :: explain DELETE FROM sbtest%u WHERE id=%u
explain: for deletes :: explain DELETE FROM sbtest%u WHERE id=%u
for: simple_ranges
table 1 : explain SELECT c FROM sbtest1 WHERE id BETWEEN 4349240 AND 4349249
	Index Scan using sbtest1_pkey on sbtest1  (cost=0.43..38.55 rows=10 width=121)
	  Index Cond: ((id >= 4349240) AND (id <= 4349249))

table 2 : explain SELECT c FROM sbtest2 WHERE id BETWEEN 9169510 AND 9169519
	Index Scan using sbtest2_pkey on sbtest2  (cost=0.43..38.47 rows=10 width=121)
	  Index Cond: ((id >= 9169510) AND (id <= 9169519))

table 3 : explain SELECT c FROM sbtest3 WHERE id BETWEEN 4613720 AND 4613729
	Index Scan using sbtest3_pkey on sbtest3  (cost=0.43..35.71 rows=9 width=121)
	  Index Cond: ((id >= 4613720) AND (id <= 4613729))

table 4 : explain SELECT c FROM sbtest4 WHERE id BETWEEN 3184648 AND 3184657
	Index Scan using sbtest4_pkey on sbtest4  (cost=0.43..42.30 rows=11 width=121)
	  Index Cond: ((id >= 3184648) AND (id <= 3184657))

table 5 : explain SELECT c FROM sbtest5 WHERE id BETWEEN 5758297 AND 5758306
	Index Scan using sbtest5_pkey on sbtest5  (cost=0.43..38.87 rows=10 width=121)
	  Index Cond: ((id >= 5758297) AND (id <= 5758306))

table 6 : explain SELECT c FROM sbtest6 WHERE id BETWEEN 7274292 AND 7274301
	Index Scan using sbtest6_pkey on sbtest6  (cost=0.43..38.77 rows=10 width=121)
	  Index Cond: ((id >= 7274292) AND (id <= 7274301))

table 7 : explain SELECT c FROM sbtest7 WHERE id BETWEEN 600683 AND 600692
	Index Scan using sbtest7_pkey on sbtest7  (cost=0.43..38.74 rows=10 width=121)
	  Index Cond: ((id >= 600683) AND (id <= 600692))

table 8 : explain SELECT c FROM sbtest8 WHERE id BETWEEN 6772208 AND 6772217
	Index Scan using sbtest8_pkey on sbtest8  (cost=0.43..35.49 rows=9 width=121)
	  Index Cond: ((id >= 6772208) AND (id <= 6772217))

for: distinct_ranges
table 1 : explain SELECT DISTINCT c FROM sbtest1 WHERE id BETWEEN 2728946 AND 2728955 ORDER BY c
	Unique  (cost=45.45..45.51 rows=12 width=121)
	  ->  Sort  (cost=45.45..45.48 rows=12 width=121)
	        Sort Key: c
	        ->  Index Scan using sbtest1_pkey on sbtest1  (cost=0.43..45.24 rows=12 width=121)
	              Index Cond: ((id >= 2728946) AND (id <= 2728955))

table 2 : explain SELECT DISTINCT c FROM sbtest2 WHERE id BETWEEN 8288344 AND 8288353 ORDER BY c
	Unique  (cost=35.28..35.32 rows=9 width=121)
	  ->  Sort  (cost=35.28..35.30 rows=9 width=121)
	        Sort Key: c
	        ->  Index Scan using sbtest2_pkey on sbtest2  (cost=0.43..35.13 rows=9 width=121)
	              Index Cond: ((id >= 8288344) AND (id <= 8288353))

table 3 : explain SELECT DISTINCT c FROM sbtest3 WHERE id BETWEEN 1241858 AND 1241867 ORDER BY c
	Unique  (cost=39.28..39.33 rows=10 width=121)
	  ->  Sort  (cost=39.28..39.30 rows=10 width=121)
	        Sort Key: c
	        ->  Index Scan using sbtest3_pkey on sbtest3  (cost=0.43..39.11 rows=10 width=121)
	              Index Cond: ((id >= 1241858) AND (id <= 1241867))

table 4 : explain SELECT DISTINCT c FROM sbtest4 WHERE id BETWEEN 8161211 AND 8161220 ORDER BY c
	Unique  (cost=39.09..39.14 rows=10 width=121)
	  ->  Sort  (cost=39.09..39.11 rows=10 width=121)
	        Sort Key: c
	        ->  Index Scan using sbtest4_pkey on sbtest4  (cost=0.43..38.92 rows=10 width=121)
	              Index Cond: ((id >= 8161211) AND (id <= 8161220))

table 5 : explain SELECT DISTINCT c FROM sbtest5 WHERE id BETWEEN 185397 AND 185406 ORDER BY c
	Unique  (cost=39.03..39.08 rows=10 width=121)
	  ->  Sort  (cost=39.03..39.06 rows=10 width=121)
	        Sort Key: c
	        ->  Index Scan using sbtest5_pkey on sbtest5  (cost=0.43..38.87 rows=10 width=121)
	              Index Cond: ((id >= 185397) AND (id <= 185406))

table 6 : explain SELECT DISTINCT c FROM sbtest6 WHERE id BETWEEN 9582508 AND 9582517 ORDER BY c
	Unique  (cost=42.33..42.39 rows=11 width=121)
	  ->  Sort  (cost=42.33..42.36 rows=11 width=121)
	        Sort Key: c
	        ->  Index Scan using sbtest6_pkey on sbtest6  (cost=0.43..42.14 rows=11 width=121)
	              Index Cond: ((id >= 9582508) AND (id <= 9582517))

table 7 : explain SELECT DISTINCT c FROM sbtest7 WHERE id BETWEEN 970148 AND 970157 ORDER BY c
	Unique  (cost=35.52..35.56 rows=9 width=121)
	  ->  Sort  (cost=35.52..35.54 rows=9 width=121)
	        Sort Key: c
	        ->  Index Scan using sbtest7_pkey on sbtest7  (cost=0.43..35.37 rows=9 width=121)
	              Index Cond: ((id >= 970148) AND (id <= 970157))

table 8 : explain SELECT DISTINCT c FROM sbtest8 WHERE id BETWEEN 4827072 AND 4827081 ORDER BY c
	Unique  (cost=39.03..39.08 rows=10 width=121)
	  ->  Sort  (cost=39.03..39.06 rows=10 width=121)
	        Sort Key: c
	        ->  Index Scan using sbtest8_pkey on sbtest8  (cost=0.43..38.87 rows=10 width=121)
	              Index Cond: ((id >= 4827072) AND (id <= 4827081))

for point_selects
table 1 : explain SELECT c FROM sbtest1 WHERE id=4407104
	Index Scan using sbtest1_pkey on sbtest1  (cost=0.43..8.45 rows=1 width=121)
	  Index Cond: (id = 4407104)

table 2 : explain SELECT c FROM sbtest2 WHERE id=7536483
	Index Scan using sbtest2_pkey on sbtest2  (cost=0.43..8.45 rows=1 width=121)
	  Index Cond: (id = 7536483)

table 3 : explain SELECT c FROM sbtest3 WHERE id=6383353
	Index Scan using sbtest3_pkey on sbtest3  (cost=0.43..8.45 rows=1 width=121)
	  Index Cond: (id = 6383353)

table 4 : explain SELECT c FROM sbtest4 WHERE id=7557886
	Index Scan using sbtest4_pkey on sbtest4  (cost=0.43..8.45 rows=1 width=121)
	  Index Cond: (id = 7557886)

table 5 : explain SELECT c FROM sbtest5 WHERE id=5704300
	Index Scan using sbtest5_pkey on sbtest5  (cost=0.43..8.45 rows=1 width=121)
	  Index Cond: (id = 5704300)

table 6 : explain SELECT c FROM sbtest6 WHERE id=4120648
	Index Scan using sbtest6_pkey on sbtest6  (cost=0.43..8.45 rows=1 width=121)
	  Index Cond: (id = 4120648)

table 7 : explain SELECT c FROM sbtest7 WHERE id=5930330
	Index Scan using sbtest7_pkey on sbtest7  (cost=0.43..8.45 rows=1 width=121)
	  Index Cond: (id = 5930330)

table 8 : explain SELECT c FROM sbtest8 WHERE id=5837522
	Index Scan using sbtest8_pkey on sbtest8  (cost=0.43..8.45 rows=1 width=121)
	  Index Cond: (id = 5837522)

for: sum_ranges
table 1 : explain SELECT SUM(k) FROM sbtest1 WHERE id BETWEEN 5633762 AND 5633771
	Aggregate  (cost=38.57..38.58 rows=1 width=8)
	  ->  Index Scan using sbtest1_pkey on sbtest1  (cost=0.43..38.55 rows=10 width=4)
	        Index Cond: ((id >= 5633762) AND (id <= 5633771))

table 2 : explain SELECT SUM(k) FROM sbtest2 WHERE id BETWEEN 9826075 AND 9826084
	Aggregate  (cost=35.16..35.17 rows=1 width=8)
	  ->  Index Scan using sbtest2_pkey on sbtest2  (cost=0.43..35.13 rows=9 width=4)
	        Index Cond: ((id >= 9826075) AND (id <= 9826084))

table 3 : explain SELECT SUM(k) FROM sbtest3 WHERE id BETWEEN 3421939 AND 3421948
	Aggregate  (cost=39.14..39.15 rows=1 width=8)
	  ->  Index Scan using sbtest3_pkey on sbtest3  (cost=0.43..39.11 rows=10 width=4)
	        Index Cond: ((id >= 3421939) AND (id <= 3421948))

table 4 : explain SELECT SUM(k) FROM sbtest4 WHERE id BETWEEN 3092339 AND 3092348
	Aggregate  (cost=35.56..35.57 rows=1 width=8)
	  ->  Index Scan using sbtest4_pkey on sbtest4  (cost=0.43..35.53 rows=9 width=4)
	        Index Cond: ((id >= 3092339) AND (id <= 3092348))

table 5 : explain SELECT SUM(k) FROM sbtest5 WHERE id BETWEEN 2799574 AND 2799583
	Aggregate  (cost=35.51..35.52 rows=1 width=8)
	  ->  Index Scan using sbtest5_pkey on sbtest5  (cost=0.43..35.49 rows=9 width=4)
	        Index Cond: ((id >= 2799574) AND (id <= 2799583))

table 6 : explain SELECT SUM(k) FROM sbtest6 WHERE id BETWEEN 1383599 AND 1383608
	Aggregate  (cost=42.17..42.18 rows=1 width=8)
	  ->  Index Scan using sbtest6_pkey on sbtest6  (cost=0.43..42.14 rows=11 width=4)
	        Index Cond: ((id >= 1383599) AND (id <= 1383608))

table 7 : explain SELECT SUM(k) FROM sbtest7 WHERE id BETWEEN 1740892 AND 1740901
	Aggregate  (cost=42.13..42.14 rows=1 width=8)
	  ->  Index Scan using sbtest7_pkey on sbtest7  (cost=0.43..42.10 rows=11 width=4)
	        Index Cond: ((id >= 1740892) AND (id <= 1740901))

table 8 : explain SELECT SUM(k) FROM sbtest8 WHERE id BETWEEN 1671391 AND 1671400
	Aggregate  (cost=38.89..38.90 rows=1 width=8)
	  ->  Index Scan using sbtest8_pkey on sbtest8  (cost=0.43..38.87 rows=10 width=4)
	        Index Cond: ((id >= 1671391) AND (id <= 1671400))

for: distinct_ranges
table 1 : explain SELECT DISTINCT c FROM sbtest1 WHERE id BETWEEN 3873130 AND 3873139 ORDER BY c
	Unique  (cost=38.72..38.77 rows=10 width=121)
	  ->  Sort  (cost=38.72..38.74 rows=10 width=121)
	        Sort Key: c
	        ->  Index Scan using sbtest1_pkey on sbtest1  (cost=0.43..38.55 rows=10 width=121)
	              Index Cond: ((id >= 3873130) AND (id <= 3873139))

table 2 : explain SELECT DISTINCT c FROM sbtest2 WHERE id BETWEEN 624670 AND 624679 ORDER BY c
	Unique  (cost=41.99..42.05 rows=11 width=121)
	  ->  Sort  (cost=41.99..42.02 rows=11 width=121)
	        Sort Key: c
	        ->  Index Scan using sbtest2_pkey on sbtest2  (cost=0.43..41.80 rows=11 width=121)
	              Index Cond: ((id >= 624670) AND (id <= 624679))

table 3 : explain SELECT DISTINCT c FROM sbtest3 WHERE id BETWEEN 7157577 AND 7157586 ORDER BY c
	Unique  (cost=35.85..35.89 rows=9 width=121)
	  ->  Sort  (cost=35.85..35.87 rows=9 width=121)
	        Sort Key: c
	        ->  Index Scan using sbtest3_pkey on sbtest3  (cost=0.43..35.71 rows=9 width=121)
	              Index Cond: ((id >= 7157577) AND (id <= 7157586))

table 4 : explain SELECT DISTINCT c FROM sbtest4 WHERE id BETWEEN 1333405 AND 1333414 ORDER BY c
	Unique  (cost=39.09..39.14 rows=10 width=121)
	  ->  Sort  (cost=39.09..39.11 rows=10 width=121)
	        Sort Key: c
	        ->  Index Scan using sbtest4_pkey on sbtest4  (cost=0.43..38.92 rows=10 width=121)
	              Index Cond: ((id >= 1333405) AND (id <= 1333414))

table 5 : explain SELECT DISTINCT c FROM sbtest5 WHERE id BETWEEN 1973133 AND 1973142 ORDER BY c
	Unique  (cost=39.03..39.08 rows=10 width=121)
	  ->  Sort  (cost=39.03..39.06 rows=10 width=121)
	        Sort Key: c
	        ->  Index Scan using sbtest5_pkey on sbtest5  (cost=0.43..38.87 rows=10 width=121)
	              Index Cond: ((id >= 1973133) AND (id <= 1973142))

table 6 : explain SELECT DISTINCT c FROM sbtest6 WHERE id BETWEEN 823172 AND 823181 ORDER BY c
	Unique  (cost=35.55..35.59 rows=9 width=121)
	  ->  Sort  (cost=35.55..35.57 rows=9 width=121)
	        Sort Key: c
	        ->  Index Scan using sbtest6_pkey on sbtest6  (cost=0.43..35.40 rows=9 width=121)
	              Index Cond: ((id >= 823172) AND (id <= 823181))

table 7 : explain SELECT DISTINCT c FROM sbtest7 WHERE id BETWEEN 1671306 AND 1671315 ORDER BY c
	Unique  (cost=38.90..38.95 rows=10 width=121)
	  ->  Sort  (cost=38.90..38.93 rows=10 width=121)
	        Sort Key: c
	        ->  Index Scan using sbtest7_pkey on sbtest7  (cost=0.43..38.74 rows=10 width=121)
	              Index Cond: ((id >= 1671306) AND (id <= 1671315))

table 8 : explain SELECT DISTINCT c FROM sbtest8 WHERE id BETWEEN 4135447 AND 4135456 ORDER BY c
	Unique  (cost=39.03..39.08 rows=10 width=121)
	  ->  Sort  (cost=39.03..39.06 rows=10 width=121)
	        Sort Key: c
	        ->  Index Scan using sbtest8_pkey on sbtest8  (cost=0.43..38.87 rows=10 width=121)
	              Index Cond: ((id >= 4135447) AND (id <= 4135456))

explain: for inserts :: explain INSERT INTO sbtest%u (id, k, c, pad) VALUES (%u, 13, 'foobar', 'foobar')
explain: for non_index_updates :: explain UPDATE sbtest%u SET c='foobar' WHERE id=%u
for: order_ranges
table 1 : explain SELECT c FROM sbtest1 WHERE id BETWEEN 8961358 AND 8961367 ORDER BY c
	Sort  (cost=42.08..42.11 rows=11 width=121)
	  Sort Key: c
	  ->  Index Scan using sbtest1_pkey on sbtest1  (cost=0.43..41.89 rows=11 width=121)
	        Index Cond: ((id >= 8961358) AND (id <= 8961367))

table 2 : explain SELECT c FROM sbtest2 WHERE id BETWEEN 862066 AND 862075 ORDER BY c
	Sort  (cost=35.28..35.30 rows=9 width=121)
	  Sort Key: c
	  ->  Index Scan using sbtest2_pkey on sbtest2  (cost=0.43..35.13 rows=9 width=121)
	        Index Cond: ((id >= 862066) AND (id <= 862075))

table 3 : explain SELECT c FROM sbtest3 WHERE id BETWEEN 7967453 AND 7967462 ORDER BY c
	Sort  (cost=39.28..39.30 rows=10 width=121)
	  Sort Key: c
	  ->  Index Scan using sbtest3_pkey on sbtest3  (cost=0.43..39.11 rows=10 width=121)
	        Index Cond: ((id >= 7967453) AND (id <= 7967462))

table 4 : explain SELECT c FROM sbtest4 WHERE id BETWEEN 7513570 AND 7513579 ORDER BY c
	Sort  (cost=39.09..39.11 rows=10 width=121)
	  Sort Key: c
	  ->  Index Scan using sbtest4_pkey on sbtest4  (cost=0.43..38.92 rows=10 width=121)
	        Index Cond: ((id >= 7513570) AND (id <= 7513579))

table 5 : explain SELECT c FROM sbtest5 WHERE id BETWEEN 9203454 AND 9203463 ORDER BY c
	Sort  (cost=39.03..39.06 rows=10 width=121)
	  Sort Key: c
	  ->  Index Scan using sbtest5_pkey on sbtest5  (cost=0.43..38.87 rows=10 width=121)
	        Index Cond: ((id >= 9203454) AND (id <= 9203463))

table 6 : explain SELECT c FROM sbtest6 WHERE id BETWEEN 3336975 AND 3336984 ORDER BY c
	Sort  (cost=38.94..38.96 rows=10 width=121)
	  Sort Key: c
	  ->  Index Scan using sbtest6_pkey on sbtest6  (cost=0.43..38.77 rows=10 width=121)
	        Index Cond: ((id >= 3336975) AND (id <= 3336984))

table 7 : explain SELECT c FROM sbtest7 WHERE id BETWEEN 1760951 AND 1760960 ORDER BY c
	Sort  (cost=42.29..42.32 rows=11 width=121)
	  Sort Key: c
	  ->  Index Scan using sbtest7_pkey on sbtest7  (cost=0.43..42.10 rows=11 width=121)
	        Index Cond: ((id >= 1760951) AND (id <= 1760960))

table 8 : explain SELECT c FROM sbtest8 WHERE id BETWEEN 949562 AND 949571 ORDER BY c
	Sort  (cost=39.03..39.06 rows=10 width=121)
	  Sort Key: c
	  ->  Index Scan using sbtest8_pkey on sbtest8  (cost=0.43..38.87 rows=10 width=121)
	        Index Cond: ((id >= 949562) AND (id <= 949571))

explain: for inserts :: explain INSERT INTO sbtest%u (id, k, c, pad) VALUES (%u, 13, 'foobar', 'foobar')
for: sum_ranges
table 1 : explain SELECT SUM(k) FROM sbtest1 WHERE id BETWEEN 6596358 AND 6596367
	Aggregate  (cost=41.92..41.93 rows=1 width=8)
	  ->  Index Scan using sbtest1_pkey on sbtest1  (cost=0.43..41.89 rows=11 width=4)
	        Index Cond: ((id >= 6596358) AND (id <= 6596367))

table 2 : explain SELECT SUM(k) FROM sbtest2 WHERE id BETWEEN 6977015 AND 6977024
	Aggregate  (cost=38.49..38.50 rows=1 width=8)
	  ->  Index Scan using sbtest2_pkey on sbtest2  (cost=0.43..38.47 rows=10 width=4)
	        Index Cond: ((id >= 6977015) AND (id <= 6977024))

table 3 : explain SELECT SUM(k) FROM sbtest3 WHERE id BETWEEN 8173808 AND 8173817
	Aggregate  (cost=39.14..39.15 rows=1 width=8)
	  ->  Index Scan using sbtest3_pkey on sbtest3  (cost=0.43..39.11 rows=10 width=4)
	        Index Cond: ((id >= 8173808) AND (id <= 8173817))

table 4 : explain SELECT SUM(k) FROM sbtest4 WHERE id BETWEEN 2029228 AND 2029237
	Aggregate  (cost=38.94..38.95 rows=1 width=8)
	  ->  Index Scan using sbtest4_pkey on sbtest4  (cost=0.43..38.92 rows=10 width=4)
	        Index Cond: ((id >= 2029228) AND (id <= 2029237))

table 5 : explain SELECT SUM(k) FROM sbtest5 WHERE id BETWEEN 7569899 AND 7569908
	Aggregate  (cost=38.89..38.90 rows=1 width=8)
	  ->  Index Scan using sbtest5_pkey on sbtest5  (cost=0.43..38.87 rows=10 width=4)
	        Index Cond: ((id >= 7569899) AND (id <= 7569908))

table 6 : explain SELECT SUM(k) FROM sbtest6 WHERE id BETWEEN 5375816 AND 5375825
	Aggregate  (cost=38.80..38.81 rows=1 width=8)
	  ->  Index Scan using sbtest6_pkey on sbtest6  (cost=0.43..38.77 rows=10 width=4)
	        Index Cond: ((id >= 5375816) AND (id <= 5375825))

table 7 : explain SELECT SUM(k) FROM sbtest7 WHERE id BETWEEN 9476134 AND 9476143
	Aggregate  (cost=42.13..42.14 rows=1 width=8)
	  ->  Index Scan using sbtest7_pkey on sbtest7  (cost=0.43..42.10 rows=11 width=4)
	        Index Cond: ((id >= 9476134) AND (id <= 9476143))

table 8 : explain SELECT SUM(k) FROM sbtest8 WHERE id BETWEEN 2755582 AND 2755591
	Aggregate  (cost=38.89..38.90 rows=1 width=8)
	  ->  Index Scan using sbtest8_pkey on sbtest8  (cost=0.43..38.87 rows=10 width=4)
	        Index Cond: ((id >= 2755582) AND (id <= 2755591))

explain: for deletes :: explain DELETE FROM sbtest%u WHERE id=%u
for deletes
table 1 : explain DELETE FROM sbtest1 WHERE id=1332141
	Delete on sbtest1  (cost=0.43..8.45 rows=0 width=0)
	  ->  Index Scan using sbtest1_pkey on sbtest1  (cost=0.43..8.45 rows=1 width=6)
	        Index Cond: (id = 1332141)

table 2 : explain DELETE FROM sbtest2 WHERE id=964356
	Delete on sbtest2  (cost=0.43..8.45 rows=0 width=0)
	  ->  Index Scan using sbtest2_pkey on sbtest2  (cost=0.43..8.45 rows=1 width=6)
	        Index Cond: (id = 964356)

table 3 : explain DELETE FROM sbtest3 WHERE id=8936896
	Delete on sbtest3  (cost=0.43..8.45 rows=0 width=0)
	  ->  Index Scan using sbtest3_pkey on sbtest3  (cost=0.43..8.45 rows=1 width=6)
	        Index Cond: (id = 8936896)

table 4 : explain DELETE FROM sbtest4 WHERE id=5737276
	Delete on sbtest4  (cost=0.43..8.45 rows=0 width=0)
	  ->  Index Scan using sbtest4_pkey on sbtest4  (cost=0.43..8.45 rows=1 width=6)
	        Index Cond: (id = 5737276)

table 5 : explain DELETE FROM sbtest5 WHERE id=7413854
	Delete on sbtest5  (cost=0.43..8.45 rows=0 width=0)
	  ->  Index Scan using sbtest5_pkey on sbtest5  (cost=0.43..8.45 rows=1 width=6)
	        Index Cond: (id = 7413854)

table 6 : explain DELETE FROM sbtest6 WHERE id=4983038
	Delete on sbtest6  (cost=0.43..8.45 rows=0 width=0)
	  ->  Index Scan using sbtest6_pkey on sbtest6  (cost=0.43..8.45 rows=1 width=6)
	        Index Cond: (id = 4983038)

table 7 : explain DELETE FROM sbtest7 WHERE id=6528493
	Delete on sbtest7  (cost=0.43..8.45 rows=0 width=0)
	  ->  Index Scan using sbtest7_pkey on sbtest7  (cost=0.43..8.45 rows=1 width=6)
	        Index Cond: (id = 6528493)

table 8 : explain DELETE FROM sbtest8 WHERE id=5450317
	Delete on sbtest8  (cost=0.43..8.45 rows=0 width=0)
	  ->  Index Scan using sbtest8_pkey on sbtest8  (cost=0.43..8.45 rows=1 width=6)
	        Index Cond: (id = 5450317)

for: sum_ranges
table 1 : explain SELECT SUM(k) FROM sbtest1 WHERE id BETWEEN 9352798 AND 9352807
	Aggregate  (cost=35.23..35.24 rows=1 width=8)
	  ->  Index Scan using sbtest1_pkey on sbtest1  (cost=0.43..35.21 rows=9 width=4)
	        Index Cond: ((id >= 9352798) AND (id <= 9352807))

table 2 : explain SELECT SUM(k) FROM sbtest2 WHERE id BETWEEN 6076011 AND 6076020
	Aggregate  (cost=35.16..35.17 rows=1 width=8)
	  ->  Index Scan using sbtest2_pkey on sbtest2  (cost=0.43..35.13 rows=9 width=4)
	        Index Cond: ((id >= 6076011) AND (id <= 6076020))

table 3 : explain SELECT SUM(k) FROM sbtest3 WHERE id BETWEEN 245157 AND 245166
	Aggregate  (cost=39.14..39.15 rows=1 width=8)
	  ->  Index Scan using sbtest3_pkey on sbtest3  (cost=0.43..39.11 rows=10 width=4)
	        Index Cond: ((id >= 245157) AND (id <= 245166))

table 4 : explain SELECT SUM(k) FROM sbtest4 WHERE id BETWEEN 6618231 AND 6618240
	Aggregate  (cost=38.94..38.95 rows=1 width=8)
	  ->  Index Scan using sbtest4_pkey on sbtest4  (cost=0.43..38.92 rows=10 width=4)
	        Index Cond: ((id >= 6618231) AND (id <= 6618240))

table 5 : explain SELECT SUM(k) FROM sbtest5 WHERE id BETWEEN 81279 AND 81288
	Aggregate  (cost=38.89..38.90 rows=1 width=8)
	  ->  Index Scan using sbtest5_pkey on sbtest5  (cost=0.43..38.87 rows=10 width=4)
	        Index Cond: ((id >= 81279) AND (id <= 81288))

table 6 : explain SELECT SUM(k) FROM sbtest6 WHERE id BETWEEN 5532169 AND 5532178
	Aggregate  (cost=38.80..38.81 rows=1 width=8)
	  ->  Index Scan using sbtest6_pkey on sbtest6  (cost=0.43..38.77 rows=10 width=4)
	        Index Cond: ((id >= 5532169) AND (id <= 5532178))

table 7 : explain SELECT SUM(k) FROM sbtest7 WHERE id BETWEEN 8009696 AND 8009705
	Aggregate  (cost=35.40..35.41 rows=1 width=8)
	  ->  Index Scan using sbtest7_pkey on sbtest7  (cost=0.43..35.37 rows=9 width=4)
	        Index Cond: ((id >= 8009696) AND (id <= 8009705))

table 8 : explain SELECT SUM(k) FROM sbtest8 WHERE id BETWEEN 9554309 AND 9554318
	Aggregate  (cost=38.89..38.90 rows=1 width=8)
	  ->  Index Scan using sbtest8_pkey on sbtest8  (cost=0.43..38.87 rows=10 width=4)
	        Index Cond: ((id >= 9554309) AND (id <= 9554318))

for deletes
table 1 : explain DELETE FROM sbtest1 WHERE id=465695
	Delete on sbtest1  (cost=0.43..8.45 rows=0 width=0)
	  ->  Index Scan using sbtest1_pkey on sbtest1  (cost=0.43..8.45 rows=1 width=6)
	        Index Cond: (id = 465695)

table 2 : explain DELETE FROM sbtest2 WHERE id=4002003
	Delete on sbtest2  (cost=0.43..8.45 rows=0 width=0)
	  ->  Index Scan using sbtest2_pkey on sbtest2  (cost=0.43..8.45 rows=1 width=6)
	        Index Cond: (id = 4002003)

table 3 : explain DELETE FROM sbtest3 WHERE id=8514469
	Delete on sbtest3  (cost=0.43..8.45 rows=0 width=0)
	  ->  Index Scan using sbtest3_pkey on sbtest3  (cost=0.43..8.45 rows=1 width=6)
	        Index Cond: (id = 8514469)

table 4 : explain DELETE FROM sbtest4 WHERE id=6959987
	Delete on sbtest4  (cost=0.43..8.45 rows=0 width=0)
	  ->  Index Scan using sbtest4_pkey on sbtest4  (cost=0.43..8.45 rows=1 width=6)
	        Index Cond: (id = 6959987)

table 5 : explain DELETE FROM sbtest5 WHERE id=8789779
	Delete on sbtest5  (cost=0.43..8.45 rows=0 width=0)
	  ->  Index Scan using sbtest5_pkey on sbtest5  (cost=0.43..8.45 rows=1 width=6)
	        Index Cond: (id = 8789779)

table 6 : explain DELETE FROM sbtest6 WHERE id=7054278
	Delete on sbtest6  (cost=0.43..8.45 rows=0 width=0)
	  ->  Index Scan using sbtest6_pkey on sbtest6  (cost=0.43..8.45 rows=1 width=6)
	        Index Cond: (id = 7054278)

table 7 : explain DELETE FROM sbtest7 WHERE id=3608888
	Delete on sbtest7  (cost=0.43..8.45 rows=0 width=0)
	  ->  Index Scan using sbtest7_pkey on sbtest7  (cost=0.43..8.45 rows=1 width=6)
	        Index Cond: (id = 3608888)

table 8 : explain DELETE FROM sbtest8 WHERE id=7365592
	Delete on sbtest8  (cost=0.43..8.45 rows=0 width=0)
	  ->  Index Scan using sbtest8_pkey on sbtest8  (cost=0.43..8.45 rows=1 width=6)
	        Index Cond: (id = 7365592)

explain: for index_updates :: explain UPDATE sbtest%u SET k=k+1 WHERE id=%u
for: distinct_ranges
table 1 : explain SELECT DISTINCT c FROM sbtest1 WHERE id BETWEEN 2586753 AND 2586762 ORDER BY c
	Unique  (cost=38.72..38.77 rows=10 width=121)
	  ->  Sort  (cost=38.72..38.74 rows=10 width=121)
	        Sort Key: c
	        ->  Index Scan using sbtest1_pkey on sbtest1  (cost=0.43..38.55 rows=10 width=121)
	              Index Cond: ((id >= 2586753) AND (id <= 2586762))

table 2 : explain SELECT DISTINCT c FROM sbtest2 WHERE id BETWEEN 4932026 AND 4932035 ORDER BY c
	Unique  (cost=38.63..38.68 rows=10 width=121)
	  ->  Sort  (cost=38.63..38.66 rows=10 width=121)
	        Sort Key: c
	        ->  Index Scan using sbtest2_pkey on sbtest2  (cost=0.43..38.47 rows=10 width=121)
	              Index Cond: ((id >= 4932026) AND (id <= 4932035))

table 3 : explain SELECT DISTINCT c FROM sbtest3 WHERE id BETWEEN 4685391 AND 4685400 ORDER BY c
	Unique  (cost=35.85..35.89 rows=9 width=121)
	  ->  Sort  (cost=35.85..35.87 rows=9 width=121)
	        Sort Key: c
	        ->  Index Scan using sbtest3_pkey on sbtest3  (cost=0.43..35.71 rows=9 width=121)
	              Index Cond: ((id >= 4685391) AND (id <= 4685400))

table 4 : explain SELECT DISTINCT c FROM sbtest4 WHERE id BETWEEN 9933037 AND 9933046 ORDER BY c
	Unique  (cost=35.68..35.72 rows=9 width=121)
	  ->  Sort  (cost=35.68..35.70 rows=9 width=121)
	        Sort Key: c
	        ->  Index Scan using sbtest4_pkey on sbtest4  (cost=0.43..35.53 rows=9 width=121)
	              Index Cond: ((id >= 9933037) AND (id <= 9933046))

table 5 : explain SELECT DISTINCT c FROM sbtest5 WHERE id BETWEEN 6223520 AND 6223529 ORDER BY c
	Unique  (cost=39.03..39.08 rows=10 width=121)
	  ->  Sort  (cost=39.03..39.06 rows=10 width=121)
	        Sort Key: c
	        ->  Index Scan using sbtest5_pkey on sbtest5  (cost=0.43..38.87 rows=10 width=121)
	              Index Cond: ((id >= 6223520) AND (id <= 6223529))

table 6 : explain SELECT DISTINCT c FROM sbtest6 WHERE id BETWEEN 5930882 AND 5930891 ORDER BY c
	Unique  (cost=38.94..38.99 rows=10 width=121)
	  ->  Sort  (cost=38.94..38.96 rows=10 width=121)
	        Sort Key: c
	        ->  Index Scan using sbtest6_pkey on sbtest6  (cost=0.43..38.77 rows=10 width=121)
	              Index Cond: ((id >= 5930882) AND (id <= 5930891))

table 7 : explain SELECT DISTINCT c FROM sbtest7 WHERE id BETWEEN 257372 AND 257381 ORDER BY c
	Unique  (cost=38.90..38.95 rows=10 width=121)
	  ->  Sort  (cost=38.90..38.93 rows=10 width=121)
	        Sort Key: c
	        ->  Index Scan using sbtest7_pkey on sbtest7  (cost=0.43..38.74 rows=10 width=121)
	              Index Cond: ((id >= 257372) AND (id <= 257381))

table 8 : explain SELECT DISTINCT c FROM sbtest8 WHERE id BETWEEN 4751363 AND 4751372 ORDER BY c
	Unique  (cost=39.03..39.08 rows=10 width=121)
	  ->  Sort  (cost=39.03..39.06 rows=10 width=121)
	        Sort Key: c
	        ->  Index Scan using sbtest8_pkey on sbtest8  (cost=0.43..38.87 rows=10 width=121)
	              Index Cond: ((id >= 4751363) AND (id <= 4751372))

for: distinct_ranges
table 1 : explain SELECT DISTINCT c FROM sbtest1 WHERE id BETWEEN 8473023 AND 8473032 ORDER BY c
	Unique  (cost=38.72..38.77 rows=10 width=121)
	  ->  Sort  (cost=38.72..38.74 rows=10 width=121)
	        Sort Key: c
	        ->  Index Scan using sbtest1_pkey on sbtest1  (cost=0.43..38.55 rows=10 width=121)
	              Index Cond: ((id >= 8473023) AND (id <= 8473032))

table 2 : explain SELECT DISTINCT c FROM sbtest2 WHERE id BETWEEN 6177665 AND 6177674 ORDER BY c
	Unique  (cost=38.63..38.68 rows=10 width=121)
	  ->  Sort  (cost=38.63..38.66 rows=10 width=121)
	        Sort Key: c
	        ->  Index Scan using sbtest2_pkey on sbtest2  (cost=0.43..38.47 rows=10 width=121)
	              Index Cond: ((id >= 6177665) AND (id <= 6177674))

table 3 : explain SELECT DISTINCT c FROM sbtest3 WHERE id BETWEEN 5043311 AND 5043320 ORDER BY c
	Unique  (cost=39.28..39.33 rows=10 width=121)
	  ->  Sort  (cost=39.28..39.30 rows=10 width=121)
	        Sort Key: c
	        ->  Index Scan using sbtest3_pkey on sbtest3  (cost=0.43..39.11 rows=10 width=121)
	              Index Cond: ((id >= 5043311) AND (id <= 5043320))

table 4 : explain SELECT DISTINCT c FROM sbtest4 WHERE id BETWEEN 2938216 AND 2938225 ORDER BY c
	Unique  (cost=42.50..42.55 rows=11 width=121)
	  ->  Sort  (cost=42.50..42.52 rows=11 width=121)
	        Sort Key: c
	        ->  Index Scan using sbtest4_pkey on sbtest4  (cost=0.43..42.30 rows=11 width=121)
	              Index Cond: ((id >= 2938216) AND (id <= 2938225))

table 5 : explain SELECT DISTINCT c FROM sbtest5 WHERE id BETWEEN 9235681 AND 9235690 ORDER BY c
	Unique  (cost=39.03..39.08 rows=10 width=121)
	  ->  Sort  (cost=39.03..39.06 rows=10 width=121)
	        Sort Key: c
	        ->  Index Scan using sbtest5_pkey on sbtest5  (cost=0.43..38.87 rows=10 width=121)
	              Index Cond: ((id >= 9235681) AND (id <= 9235690))

table 6 : explain SELECT DISTINCT c FROM sbtest6 WHERE id BETWEEN 7497246 AND 7497255 ORDER BY c
	Unique  (cost=35.55..35.59 rows=9 width=121)
	  ->  Sort  (cost=35.55..35.57 rows=9 width=121)
	        Sort Key: c
	        ->  Index Scan using sbtest6_pkey on sbtest6  (cost=0.43..35.40 rows=9 width=121)
	              Index Cond: ((id >= 7497246) AND (id <= 7497255))

table 7 : explain SELECT DISTINCT c FROM sbtest7 WHERE id BETWEEN 9968014 AND 9968023 ORDER BY c
	Unique  (cost=35.52..35.56 rows=9 width=121)
	  ->  Sort  (cost=35.52..35.54 rows=9 width=121)
	        Sort Key: c
	        ->  Index Scan using sbtest7_pkey on sbtest7  (cost=0.43..35.37 rows=9 width=121)
	              Index Cond: ((id >= 9968014) AND (id <= 9968023))

table 8 : explain SELECT DISTINCT c FROM sbtest8 WHERE id BETWEEN 8292302 AND 8292311 ORDER BY c
	Unique  (cost=35.63..35.67 rows=9 width=121)
	  ->  Sort  (cost=35.63..35.65 rows=9 width=121)
	        Sort Key: c
	        ->  Index Scan using sbtest8_pkey on sbtest8  (cost=0.43..35.49 rows=9 width=121)
	              Index Cond: ((id >= 8292302) AND (id <= 8292311))

for: distinct_ranges
table 1 : explain SELECT DISTINCT c FROM sbtest1 WHERE id BETWEEN 4852594 AND 4852603 ORDER BY c
	Unique  (cost=38.72..38.77 rows=10 width=121)
	  ->  Sort  (cost=38.72..38.74 rows=10 width=121)
	        Sort Key: c
	        ->  Index Scan using sbtest1_pkey on sbtest1  (cost=0.43..38.55 rows=10 width=121)
	              Index Cond: ((id >= 4852594) AND (id <= 4852603))

table 2 : explain SELECT DISTINCT c FROM sbtest2 WHERE id BETWEEN 9532105 AND 9532114 ORDER BY c
	Unique  (cost=38.63..38.68 rows=10 width=121)
	  ->  Sort  (cost=38.63..38.66 rows=10 width=121)
	        Sort Key: c
	        ->  Index Scan using sbtest2_pkey on sbtest2  (cost=0.43..38.47 rows=10 width=121)
	              Index Cond: ((id >= 9532105) AND (id <= 9532114))

table 3 : explain SELECT DISTINCT c FROM sbtest3 WHERE id BETWEEN 8689669 AND 8689678 ORDER BY c
	Unique  (cost=35.85..35.89 rows=9 width=121)
	  ->  Sort  (cost=35.85..35.87 rows=9 width=121)
	        Sort Key: c
	        ->  Index Scan using sbtest3_pkey on sbtest3  (cost=0.43..35.71 rows=9 width=121)
	              Index Cond: ((id >= 8689669) AND (id <= 8689678))

table 4 : explain SELECT DISTINCT c FROM sbtest4 WHERE id BETWEEN 9000886 AND 9000895 ORDER BY c
	Unique  (cost=39.09..39.14 rows=10 width=121)
	  ->  Sort  (cost=39.09..39.11 rows=10 width=121)
	        Sort Key: c
	        ->  Index Scan using sbtest4_pkey on sbtest4  (cost=0.43..38.92 rows=10 width=121)
	              Index Cond: ((id >= 9000886) AND (id <= 9000895))

table 5 : explain SELECT DISTINCT c FROM sbtest5 WHERE id BETWEEN 1223899 AND 1223908 ORDER BY c
	Unique  (cost=32.23..32.27 rows=8 width=121)
	  ->  Sort  (cost=32.23..32.25 rows=8 width=121)
	        Sort Key: c
	        ->  Index Scan using sbtest5_pkey on sbtest5  (cost=0.43..32.11 rows=8 width=121)
	              Index Cond: ((id >= 1223899) AND (id <= 1223908))

table 6 : explain SELECT DISTINCT c FROM sbtest6 WHERE id BETWEEN 2636724 AND 2636733 ORDER BY c
	Unique  (cost=38.94..38.99 rows=10 width=121)
	  ->  Sort  (cost=38.94..38.96 rows=10 width=121)
	        Sort Key: c
	        ->  Index Scan using sbtest6_pkey on sbtest6  (cost=0.43..38.77 rows=10 width=121)
	              Index Cond: ((id >= 2636724) AND (id <= 2636733))

table 7 : explain SELECT DISTINCT c FROM sbtest7 WHERE id BETWEEN 970495 AND 970504 ORDER BY c
	Unique  (cost=35.52..35.56 rows=9 width=121)
	  ->  Sort  (cost=35.52..35.54 rows=9 width=121)
	        Sort Key: c
	        ->  Index Scan using sbtest7_pkey on sbtest7  (cost=0.43..35.37 rows=9 width=121)
	              Index Cond: ((id >= 970495) AND (id <= 970504))

table 8 : explain SELECT DISTINCT c FROM sbtest8 WHERE id BETWEEN 9927500 AND 9927509 ORDER BY c
	Unique  (cost=39.03..39.08 rows=10 width=121)
	  ->  Sort  (cost=39.03..39.06 rows=10 width=121)
	        Sort Key: c
	        ->  Index Scan using sbtest8_pkey on sbtest8  (cost=0.43..38.87 rows=10 width=121)
	              Index Cond: ((id >= 9927500) AND (id <= 9927509))

for inserts
table 1 : explain INSERT INTO sbtest1 (id, k, c, pad) VALUES (5537718, 13, 'foobar', 'foobar')
	Insert on sbtest1  (cost=0.00..0.01 rows=0 width=0)
	  ->  Result  (cost=0.00..0.01 rows=1 width=736)

table 2 : explain INSERT INTO sbtest2 (id, k, c, pad) VALUES (4110784, 13, 'foobar', 'foobar')
	Insert on sbtest2  (cost=0.00..0.01 rows=0 width=0)
	  ->  Result  (cost=0.00..0.01 rows=1 width=736)

table 3 : explain INSERT INTO sbtest3 (id, k, c, pad) VALUES (2265662, 13, 'foobar', 'foobar')
	Insert on sbtest3  (cost=0.00..0.01 rows=0 width=0)
	  ->  Result  (cost=0.00..0.01 rows=1 width=736)

table 4 : explain INSERT INTO sbtest4 (id, k, c, pad) VALUES (4632493, 13, 'foobar', 'foobar')
	Insert on sbtest4  (cost=0.00..0.01 rows=0 width=0)
	  ->  Result  (cost=0.00..0.01 rows=1 width=736)

table 5 : explain INSERT INTO sbtest5 (id, k, c, pad) VALUES (9170188, 13, 'foobar', 'foobar')
	Insert on sbtest5  (cost=0.00..0.01 rows=0 width=0)
	  ->  Result  (cost=0.00..0.01 rows=1 width=736)

table 6 : explain INSERT INTO sbtest6 (id, k, c, pad) VALUES (6214141, 13, 'foobar', 'foobar')
	Insert on sbtest6  (cost=0.00..0.01 rows=0 width=0)
	  ->  Result  (cost=0.00..0.01 rows=1 width=736)

table 7 : explain INSERT INTO sbtest7 (id, k, c, pad) VALUES (6625545, 13, 'foobar', 'foobar')
	Insert on sbtest7  (cost=0.00..0.01 rows=0 width=0)
	  ->  Result  (cost=0.00..0.01 rows=1 width=736)

table 8 : explain INSERT INTO sbtest8 (id, k, c, pad) VALUES (4565552, 13, 'foobar', 'foobar')
	Insert on sbtest8  (cost=0.00..0.01 rows=0 width=0)
	  ->  Result  (cost=0.00..0.01 rows=1 width=736)

explain: for index_updates :: explain UPDATE sbtest%u SET k=k+1 WHERE id=%u
for inserts
table 1 : explain INSERT INTO sbtest1 (id, k, c, pad) VALUES (5823530, 13, 'foobar', 'foobar')
	Insert on sbtest1  (cost=0.00..0.01 rows=0 width=0)
	  ->  Result  (cost=0.00..0.01 rows=1 width=736)

table 2 : explain INSERT INTO sbtest2 (id, k, c, pad) VALUES (7111107, 13, 'foobar', 'foobar')
	Insert on sbtest2  (cost=0.00..0.01 rows=0 width=0)
	  ->  Result  (cost=0.00..0.01 rows=1 width=736)

table 3 : explain INSERT INTO sbtest3 (id, k, c, pad) VALUES (853815, 13, 'foobar', 'foobar')
	Insert on sbtest3  (cost=0.00..0.01 rows=0 width=0)
	  ->  Result  (cost=0.00..0.01 rows=1 width=736)

table 4 : explain INSERT INTO sbtest4 (id, k, c, pad) VALUES (3516124, 13, 'foobar', 'foobar')
	Insert on sbtest4  (cost=0.00..0.01 rows=0 width=0)
	  ->  Result  (cost=0.00..0.01 rows=1 width=736)

table 5 : explain INSERT INTO sbtest5 (id, k, c, pad) VALUES (9475622, 13, 'foobar', 'foobar')
	Insert on sbtest5  (cost=0.00..0.01 rows=0 width=0)
	  ->  Result  (cost=0.00..0.01 rows=1 width=736)

table 6 : explain INSERT INTO sbtest6 (id, k, c, pad) VALUES (8078339, 13, 'foobar', 'foobar')
	Insert on sbtest6  (cost=0.00..0.01 rows=0 width=0)
	  ->  Result  (cost=0.00..0.01 rows=1 width=736)

table 7 : explain INSERT INTO sbtest7 (id, k, c, pad) VALUES (7233512, 13, 'foobar', 'foobar')
	Insert on sbtest7  (cost=0.00..0.01 rows=0 width=0)
	  ->  Result  (cost=0.00..0.01 rows=1 width=736)

table 8 : explain INSERT INTO sbtest8 (id, k, c, pad) VALUES (8061728, 13, 'foobar', 'foobar')
	Insert on sbtest8  (cost=0.00..0.01 rows=0 width=0)
	  ->  Result  (cost=0.00..0.01 rows=1 width=736)

explain: for inserts :: explain INSERT INTO sbtest%u (id, k, c, pad) VALUES (%u, 13, 'foobar', 'foobar')
explain: for index_updates :: explain UPDATE sbtest%u SET k=k+1 WHERE id=%u
explain: for inserts :: explain INSERT INTO sbtest%u (id, k, c, pad) VALUES (%u, 13, 'foobar', 'foobar')
explain: for index_updates :: explain UPDATE sbtest%u SET k=k+1 WHERE id=%u
explain: for index_updates :: explain UPDATE sbtest%u SET k=k+1 WHERE id=%u
for: simple_ranges
table 1 : explain SELECT c FROM sbtest1 WHERE id BETWEEN 2787556 AND 2787565
	Index Scan using sbtest1_pkey on sbtest1  (cost=0.43..38.55 rows=10 width=121)
	  Index Cond: ((id >= 2787556) AND (id <= 2787565))

table 2 : explain SELECT c FROM sbtest2 WHERE id BETWEEN 428919 AND 428928
	Index Scan using sbtest2_pkey on sbtest2  (cost=0.43..38.47 rows=10 width=121)
	  Index Cond: ((id >= 428919) AND (id <= 428928))

table 3 : explain SELECT c FROM sbtest3 WHERE id BETWEEN 5526252 AND 5526261
	Index Scan using sbtest3_pkey on sbtest3  (cost=0.43..39.11 rows=10 width=121)
	  Index Cond: ((id >= 5526252) AND (id <= 5526261))

table 4 : explain SELECT c FROM sbtest4 WHERE id BETWEEN 9777591 AND 9777600
	Index Scan using sbtest4_pkey on sbtest4  (cost=0.43..35.53 rows=9 width=121)
	  Index Cond: ((id >= 9777591) AND (id <= 9777600))

table 5 : explain SELECT c FROM sbtest5 WHERE id BETWEEN 3815436 AND 3815445
	Index Scan using sbtest5_pkey on sbtest5  (cost=0.43..42.25 rows=11 width=121)
	  Index Cond: ((id >= 3815436) AND (id <= 3815445))

table 6 : explain SELECT c FROM sbtest6 WHERE id BETWEEN 1588287 AND 1588296
	Index Scan using sbtest6_pkey on sbtest6  (cost=0.43..38.77 rows=10 width=121)
	  Index Cond: ((id >= 1588287) AND (id <= 1588296))

table 7 : explain SELECT c FROM sbtest7 WHERE id BETWEEN 4337992 AND 4338001
	Index Scan using sbtest7_pkey on sbtest7  (cost=0.43..35.37 rows=9 width=121)
	  Index Cond: ((id >= 4337992) AND (id <= 4338001))

table 8 : explain SELECT c FROM sbtest8 WHERE id BETWEEN 3988498 AND 3988507
	Index Scan using sbtest8_pkey on sbtest8  (cost=0.43..38.87 rows=10 width=121)
	  Index Cond: ((id >= 3988498) AND (id <= 3988507))

for index_updates
table 1 : explain UPDATE sbtest1 SET k=k+1 WHERE id=5012857
	Update on sbtest1  (cost=0.43..8.46 rows=0 width=0)
	  ->  Index Scan using sbtest1_pkey on sbtest1  (cost=0.43..8.46 rows=1 width=10)
	        Index Cond: (id = 5012857)

table 2 : explain UPDATE sbtest2 SET k=k+1 WHERE id=7782772
	Update on sbtest2  (cost=0.43..8.46 rows=0 width=0)
	  ->  Index Scan using sbtest2_pkey on sbtest2  (cost=0.43..8.46 rows=1 width=10)
	        Index Cond: (id = 7782772)

table 3 : explain UPDATE sbtest3 SET k=k+1 WHERE id=1751666
	Update on sbtest3  (cost=0.43..8.46 rows=0 width=0)
	  ->  Index Scan using sbtest3_pkey on sbtest3  (cost=0.43..8.46 rows=1 width=10)
	        Index Cond: (id = 1751666)

table 4 : explain UPDATE sbtest4 SET k=k+1 WHERE id=5726828
	Update on sbtest4  (cost=0.43..8.46 rows=0 width=0)
	  ->  Index Scan using sbtest4_pkey on sbtest4  (cost=0.43..8.46 rows=1 width=10)
	        Index Cond: (id = 5726828)

table 5 : explain UPDATE sbtest5 SET k=k+1 WHERE id=2525104
	Update on sbtest5  (cost=0.43..8.46 rows=0 width=0)
	  ->  Index Scan using sbtest5_pkey on sbtest5  (cost=0.43..8.46 rows=1 width=10)
	        Index Cond: (id = 2525104)

table 6 : explain UPDATE sbtest6 SET k=k+1 WHERE id=7454010
	Update on sbtest6  (cost=0.43..8.46 rows=0 width=0)
	  ->  Index Scan using sbtest6_pkey on sbtest6  (cost=0.43..8.46 rows=1 width=10)
	        Index Cond: (id = 7454010)

table 7 : explain UPDATE sbtest7 SET k=k+1 WHERE id=926398
	Update on sbtest7  (cost=0.43..8.46 rows=0 width=0)
	  ->  Index Scan using sbtest7_pkey on sbtest7  (cost=0.43..8.46 rows=1 width=10)
	        Index Cond: (id = 926398)

table 8 : explain UPDATE sbtest8 SET k=k+1 WHERE id=8340844
	Update on sbtest8  (cost=0.43..8.46 rows=0 width=0)
	  ->  Index Scan using sbtest8_pkey on sbtest8  (cost=0.43..8.46 rows=1 width=10)
	        Index Cond: (id = 8340844)

for non_index_updates
table 1 : explain UPDATE sbtest1 SET c='foobar' WHERE id=1899398
	Update on sbtest1  (cost=0.43..8.45 rows=0 width=0)
	  ->  Index Scan using sbtest1_pkey on sbtest1  (cost=0.43..8.45 rows=1 width=490)
	        Index Cond: (id = 1899398)

table 2 : explain UPDATE sbtest2 SET c='foobar' WHERE id=977046
	Update on sbtest2  (cost=0.43..8.45 rows=0 width=0)
	  ->  Index Scan using sbtest2_pkey on sbtest2  (cost=0.43..8.45 rows=1 width=490)
	        Index Cond: (id = 977046)

table 3 : explain UPDATE sbtest3 SET c='foobar' WHERE id=6725641
	Update on sbtest3  (cost=0.43..8.45 rows=0 width=0)
	  ->  Index Scan using sbtest3_pkey on sbtest3  (cost=0.43..8.45 rows=1 width=490)
	        Index Cond: (id = 6725641)

table 4 : explain UPDATE sbtest4 SET c='foobar' WHERE id=4836437
	Update on sbtest4  (cost=0.43..8.45 rows=0 width=0)
	  ->  Index Scan using sbtest4_pkey on sbtest4  (cost=0.43..8.45 rows=1 width=490)
	        Index Cond: (id = 4836437)

table 5 : explain UPDATE sbtest5 SET c='foobar' WHERE id=6125777
	Update on sbtest5  (cost=0.43..8.45 rows=0 width=0)
	  ->  Index Scan using sbtest5_pkey on sbtest5  (cost=0.43..8.45 rows=1 width=490)
	        Index Cond: (id = 6125777)

table 6 : explain UPDATE sbtest6 SET c='foobar' WHERE id=7510229
	Update on sbtest6  (cost=0.43..8.45 rows=0 width=0)
	  ->  Index Scan using sbtest6_pkey on sbtest6  (cost=0.43..8.45 rows=1 width=490)
	        Index Cond: (id = 7510229)

table 7 : explain UPDATE sbtest7 SET c='foobar' WHERE id=9124479
	Update on sbtest7  (cost=0.43..8.45 rows=0 width=0)
	  ->  Index Scan using sbtest7_pkey on sbtest7  (cost=0.43..8.45 rows=1 width=490)
	        Index Cond: (id = 9124479)

table 8 : explain UPDATE sbtest8 SET c='foobar' WHERE id=3302914
	Update on sbtest8  (cost=0.43..8.45 rows=0 width=0)
	  ->  Index Scan using sbtest8_pkey on sbtest8  (cost=0.43..8.45 rows=1 width=490)
	        Index Cond: (id = 3302914)

for: order_ranges
table 1 : explain SELECT c FROM sbtest1 WHERE id BETWEEN 1890497 AND 1890506 ORDER BY c
	Sort  (cost=42.08..42.11 rows=11 width=121)
	  Sort Key: c
	  ->  Index Scan using sbtest1_pkey on sbtest1  (cost=0.43..41.89 rows=11 width=121)
	        Index Cond: ((id >= 1890497) AND (id <= 1890506))

table 2 : explain SELECT c FROM sbtest2 WHERE id BETWEEN 347923 AND 347932 ORDER BY c
	Sort  (cost=35.28..35.30 rows=9 width=121)
	  Sort Key: c
	  ->  Index Scan using sbtest2_pkey on sbtest2  (cost=0.43..35.13 rows=9 width=121)
	        Index Cond: ((id >= 347923) AND (id <= 347932))

table 3 : explain SELECT c FROM sbtest3 WHERE id BETWEEN 9648880 AND 9648889 ORDER BY c
	Sort  (cost=35.85..35.87 rows=9 width=121)
	  Sort Key: c
	  ->  Index Scan using sbtest3_pkey on sbtest3  (cost=0.43..35.71 rows=9 width=121)
	        Index Cond: ((id >= 9648880) AND (id <= 9648889))

table 4 : explain SELECT c FROM sbtest4 WHERE id BETWEEN 3526690 AND 3526699 ORDER BY c
	Sort  (cost=39.09..39.11 rows=10 width=121)
	  Sort Key: c
	  ->  Index Scan using sbtest4_pkey on sbtest4  (cost=0.43..38.92 rows=10 width=121)
	        Index Cond: ((id >= 3526690) AND (id <= 3526699))

table 5 : explain SELECT c FROM sbtest5 WHERE id BETWEEN 3844179 AND 3844188 ORDER BY c
	Sort  (cost=39.03..39.06 rows=10 width=121)
	  Sort Key: c
	  ->  Index Scan using sbtest5_pkey on sbtest5  (cost=0.43..38.87 rows=10 width=121)
	        Index Cond: ((id >= 3844179) AND (id <= 3844188))

table 6 : explain SELECT c FROM sbtest6 WHERE id BETWEEN 7907412 AND 7907421 ORDER BY c
	Sort  (cost=38.94..38.96 rows=10 width=121)
	  Sort Key: c
	  ->  Index Scan using sbtest6_pkey on sbtest6  (cost=0.43..38.77 rows=10 width=121)
	        Index Cond: ((id >= 7907412) AND (id <= 7907421))

table 7 : explain SELECT c FROM sbtest7 WHERE id BETWEEN 8731807 AND 8731816 ORDER BY c
	Sort  (cost=42.29..42.32 rows=11 width=121)
	  Sort Key: c
	  ->  Index Scan using sbtest7_pkey on sbtest7  (cost=0.43..42.10 rows=11 width=121)
	        Index Cond: ((id >= 8731807) AND (id <= 8731816))

table 8 : explain SELECT c FROM sbtest8 WHERE id BETWEEN 465925 AND 465934 ORDER BY c
	Sort  (cost=42.43..42.46 rows=11 width=121)
	  Sort Key: c
	  ->  Index Scan using sbtest8_pkey on sbtest8  (cost=0.43..42.24 rows=11 width=121)
	        Index Cond: ((id >= 465925) AND (id <= 465934))

for index_updates
table 1 : explain UPDATE sbtest1 SET k=k+1 WHERE id=161735
	Update on sbtest1  (cost=0.43..8.46 rows=0 width=0)
	  ->  Index Scan using sbtest1_pkey on sbtest1  (cost=0.43..8.46 rows=1 width=10)
	        Index Cond: (id = 161735)

table 2 : explain UPDATE sbtest2 SET k=k+1 WHERE id=4592987
	Update on sbtest2  (cost=0.43..8.46 rows=0 width=0)
	  ->  Index Scan using sbtest2_pkey on sbtest2  (cost=0.43..8.46 rows=1 width=10)
	        Index Cond: (id = 4592987)

table 3 : explain UPDATE sbtest3 SET k=k+1 WHERE id=1310741
	Update on sbtest3  (cost=0.43..8.46 rows=0 width=0)
	  ->  Index Scan using sbtest3_pkey on sbtest3  (cost=0.43..8.46 rows=1 width=10)
	        Index Cond: (id = 1310741)

table 4 : explain UPDATE sbtest4 SET k=k+1 WHERE id=554047
	Update on sbtest4  (cost=0.43..8.46 rows=0 width=0)
	  ->  Index Scan using sbtest4_pkey on sbtest4  (cost=0.43..8.46 rows=1 width=10)
	        Index Cond: (id = 554047)

table 5 : explain UPDATE sbtest5 SET k=k+1 WHERE id=6393407
	Update on sbtest5  (cost=0.43..8.46 rows=0 width=0)
	  ->  Index Scan using sbtest5_pkey on sbtest5  (cost=0.43..8.46 rows=1 width=10)
	        Index Cond: (id = 6393407)

table 6 : explain UPDATE sbtest6 SET k=k+1 WHERE id=7893707
	Update on sbtest6  (cost=0.43..8.46 rows=0 width=0)
	  ->  Index Scan using sbtest6_pkey on sbtest6  (cost=0.43..8.46 rows=1 width=10)
	        Index Cond: (id = 7893707)

table 7 : explain UPDATE sbtest7 SET k=k+1 WHERE id=4478331
	Update on sbtest7  (cost=0.43..8.46 rows=0 width=0)
	  ->  Index Scan using sbtest7_pkey on sbtest7  (cost=0.43..8.46 rows=1 width=10)
	        Index Cond: (id = 4478331)

table 8 : explain UPDATE sbtest8 SET k=k+1 WHERE id=7337006
	Update on sbtest8  (cost=0.43..8.46 rows=0 width=0)
	  ->  Index Scan using sbtest8_pkey on sbtest8  (cost=0.43..8.46 rows=1 width=10)
	        Index Cond: (id = 7337006)

for inserts
table 1 : explain INSERT INTO sbtest1 (id, k, c, pad) VALUES (8126853, 13, 'foobar', 'foobar')
	Insert on sbtest1  (cost=0.00..0.01 rows=0 width=0)
	  ->  Result  (cost=0.00..0.01 rows=1 width=736)

table 2 : explain INSERT INTO sbtest2 (id, k, c, pad) VALUES (2475248, 13, 'foobar', 'foobar')
	Insert on sbtest2  (cost=0.00..0.01 rows=0 width=0)
	  ->  Result  (cost=0.00..0.01 rows=1 width=736)

table 3 : explain INSERT INTO sbtest3 (id, k, c, pad) VALUES (2838621, 13, 'foobar', 'foobar')
	Insert on sbtest3  (cost=0.00..0.01 rows=0 width=0)
	  ->  Result  (cost=0.00..0.01 rows=1 width=736)

table 4 : explain INSERT INTO sbtest4 (id, k, c, pad) VALUES (7658092, 13, 'foobar', 'foobar')
	Insert on sbtest4  (cost=0.00..0.01 rows=0 width=0)
	  ->  Result  (cost=0.00..0.01 rows=1 width=736)

table 5 : explain INSERT INTO sbtest5 (id, k, c, pad) VALUES (1357461, 13, 'foobar', 'foobar')
	Insert on sbtest5  (cost=0.00..0.01 rows=0 width=0)
	  ->  Result  (cost=0.00..0.01 rows=1 width=736)

table 6 : explain INSERT INTO sbtest6 (id, k, c, pad) VALUES (2500797, 13, 'foobar', 'foobar')
	Insert on sbtest6  (cost=0.00..0.01 rows=0 width=0)
	  ->  Result  (cost=0.00..0.01 rows=1 width=736)

table 7 : explain INSERT INTO sbtest7 (id, k, c, pad) VALUES (8432775, 13, 'foobar', 'foobar')
	Insert on sbtest7  (cost=0.00..0.01 rows=0 width=0)
	  ->  Result  (cost=0.00..0.01 rows=1 width=736)

table 8 : explain INSERT INTO sbtest8 (id, k, c, pad) VALUES (2506208, 13, 'foobar', 'foobar')
	Insert on sbtest8  (cost=0.00..0.01 rows=0 width=0)
	  ->  Result  (cost=0.00..0.01 rows=1 width=736)

for inserts
table 1 : explain INSERT INTO sbtest1 (id, k, c, pad) VALUES (9847962, 13, 'foobar', 'foobar')
	Insert on sbtest1  (cost=0.00..0.01 rows=0 width=0)
	  ->  Result  (cost=0.00..0.01 rows=1 width=736)

table 2 : explain INSERT INTO sbtest2 (id, k, c, pad) VALUES (9887475, 13, 'foobar', 'foobar')
	Insert on sbtest2  (cost=0.00..0.01 rows=0 width=0)
	  ->  Result  (cost=0.00..0.01 rows=1 width=736)

table 3 : explain INSERT INTO sbtest3 (id, k, c, pad) VALUES (1322470, 13, 'foobar', 'foobar')
	Insert on sbtest3  (cost=0.00..0.01 rows=0 width=0)
	  ->  Result  (cost=0.00..0.01 rows=1 width=736)

table 4 : explain INSERT INTO sbtest4 (id, k, c, pad) VALUES (8354076, 13, 'foobar', 'foobar')
	Insert on sbtest4  (cost=0.00..0.01 rows=0 width=0)
	  ->  Result  (cost=0.00..0.01 rows=1 width=736)

table 5 : explain INSERT INTO sbtest5 (id, k, c, pad) VALUES (8862644, 13, 'foobar', 'foobar')
	Insert on sbtest5  (cost=0.00..0.01 rows=0 width=0)
	  ->  Result  (cost=0.00..0.01 rows=1 width=736)

table 6 : explain INSERT INTO sbtest6 (id, k, c, pad) VALUES (8178870, 13, 'foobar', 'foobar')
	Insert on sbtest6  (cost=0.00..0.01 rows=0 width=0)
	  ->  Result  (cost=0.00..0.01 rows=1 width=736)

table 7 : explain INSERT INTO sbtest7 (id, k, c, pad) VALUES (2793304, 13, 'foobar', 'foobar')
	Insert on sbtest7  (cost=0.00..0.01 rows=0 width=0)
	  ->  Result  (cost=0.00..0.01 rows=1 width=736)

table 8 : explain INSERT INTO sbtest8 (id, k, c, pad) VALUES (2563170, 13, 'foobar', 'foobar')
	Insert on sbtest8  (cost=0.00..0.01 rows=0 width=0)
	  ->  Result  (cost=0.00..0.01 rows=1 width=736)

for: distinct_ranges
table 1 : explain SELECT DISTINCT c FROM sbtest1 WHERE id BETWEEN 9373107 AND 9373116 ORDER BY c
	Unique  (cost=35.35..35.39 rows=9 width=121)
	  ->  Sort  (cost=35.35..35.37 rows=9 width=121)
	        Sort Key: c
	        ->  Index Scan using sbtest1_pkey on sbtest1  (cost=0.43..35.21 rows=9 width=121)
	              Index Cond: ((id >= 9373107) AND (id <= 9373116))

table 2 : explain SELECT DISTINCT c FROM sbtest2 WHERE id BETWEEN 3299031 AND 3299040 ORDER BY c
	Unique  (cost=38.63..38.68 rows=10 width=121)
	  ->  Sort  (cost=38.63..38.66 rows=10 width=121)
	        Sort Key: c
	        ->  Index Scan using sbtest2_pkey on sbtest2  (cost=0.43..38.47 rows=10 width=121)
	              Index Cond: ((id >= 3299031) AND (id <= 3299040))

table 3 : explain SELECT DISTINCT c FROM sbtest3 WHERE id BETWEEN 1544613 AND 1544622 ORDER BY c
	Unique  (cost=39.28..39.33 rows=10 width=121)
	  ->  Sort  (cost=39.28..39.30 rows=10 width=121)
	        Sort Key: c
	        ->  Index Scan using sbtest3_pkey on sbtest3  (cost=0.43..39.11 rows=10 width=121)
	              Index Cond: ((id >= 1544613) AND (id <= 1544622))

table 4 : explain SELECT DISTINCT c FROM sbtest4 WHERE id BETWEEN 2667101 AND 2667110 ORDER BY c
	Unique  (cost=35.68..35.72 rows=9 width=121)
	  ->  Sort  (cost=35.68..35.70 rows=9 width=121)
	        Sort Key: c
	        ->  Index Scan using sbtest4_pkey on sbtest4  (cost=0.43..35.53 rows=9 width=121)
	              Index Cond: ((id >= 2667101) AND (id <= 2667110))

table 5 : explain SELECT DISTINCT c FROM sbtest5 WHERE id BETWEEN 8430685 AND 8430694 ORDER BY c
	Unique  (cost=39.03..39.08 rows=10 width=121)
	  ->  Sort  (cost=39.03..39.06 rows=10 width=121)
	        Sort Key: c
	        ->  Index Scan using sbtest5_pkey on sbtest5  (cost=0.43..38.87 rows=10 width=121)
	              Index Cond: ((id >= 8430685) AND (id <= 8430694))

table 6 : explain SELECT DISTINCT c FROM sbtest6 WHERE id BETWEEN 4752876 AND 4752885 ORDER BY c
	Unique  (cost=38.94..38.99 rows=10 width=121)
	  ->  Sort  (cost=38.94..38.96 rows=10 width=121)
	        Sort Key: c
	        ->  Index Scan using sbtest6_pkey on sbtest6  (cost=0.43..38.77 rows=10 width=121)
	              Index Cond: ((id >= 4752876) AND (id <= 4752885))

table 7 : explain SELECT DISTINCT c FROM sbtest7 WHERE id BETWEEN 7389184 AND 7389193 ORDER BY c
	Unique  (cost=38.90..38.95 rows=10 width=121)
	  ->  Sort  (cost=38.90..38.93 rows=10 width=121)
	        Sort Key: c
	        ->  Index Scan using sbtest7_pkey on sbtest7  (cost=0.43..38.74 rows=10 width=121)
	              Index Cond: ((id >= 7389184) AND (id <= 7389193))

table 8 : explain SELECT DISTINCT c FROM sbtest8 WHERE id BETWEEN 8047523 AND 8047532 ORDER BY c
	Unique  (cost=39.03..39.08 rows=10 width=121)
	  ->  Sort  (cost=39.03..39.06 rows=10 width=121)
	        Sort Key: c
	        ->  Index Scan using sbtest8_pkey on sbtest8  (cost=0.43..38.87 rows=10 width=121)
	              Index Cond: ((id >= 8047523) AND (id <= 8047532))

for: order_ranges
table 1 : explain SELECT c FROM sbtest1 WHERE id BETWEEN 9694346 AND 9694355 ORDER BY c
	Sort  (cost=38.72..38.74 rows=10 width=121)
	  Sort Key: c
	  ->  Index Scan using sbtest1_pkey on sbtest1  (cost=0.43..38.55 rows=10 width=121)
	        Index Cond: ((id >= 9694346) AND (id <= 9694355))

table 2 : explain SELECT c FROM sbtest2 WHERE id BETWEEN 1635489 AND 1635498 ORDER BY c
	Sort  (cost=38.63..38.66 rows=10 width=121)
	  Sort Key: c
	  ->  Index Scan using sbtest2_pkey on sbtest2  (cost=0.43..38.47 rows=10 width=121)
	        Index Cond: ((id >= 1635489) AND (id <= 1635498))

table 3 : explain SELECT c FROM sbtest3 WHERE id BETWEEN 7208655 AND 7208664 ORDER BY c
	Sort  (cost=35.85..35.87 rows=9 width=121)
	  Sort Key: c
	  ->  Index Scan using sbtest3_pkey on sbtest3  (cost=0.43..35.71 rows=9 width=121)
	        Index Cond: ((id >= 7208655) AND (id <= 7208664))

table 4 : explain SELECT c FROM sbtest4 WHERE id BETWEEN 7298557 AND 7298566 ORDER BY c
	Sort  (cost=39.09..39.11 rows=10 width=121)
	  Sort Key: c
	  ->  Index Scan using sbtest4_pkey on sbtest4  (cost=0.43..38.92 rows=10 width=121)
	        Index Cond: ((id >= 7298557) AND (id <= 7298566))

table 5 : explain SELECT c FROM sbtest5 WHERE id BETWEEN 7859669 AND 7859678 ORDER BY c
	Sort  (cost=39.03..39.06 rows=10 width=121)
	  Sort Key: c
	  ->  Index Scan using sbtest5_pkey on sbtest5  (cost=0.43..38.87 rows=10 width=121)
	        Index Cond: ((id >= 7859669) AND (id <= 7859678))

table 6 : explain SELECT c FROM sbtest6 WHERE id BETWEEN 726495 AND 726504 ORDER BY c
	Sort  (cost=38.94..38.96 rows=10 width=121)
	  Sort Key: c
	  ->  Index Scan using sbtest6_pkey on sbtest6  (cost=0.43..38.77 rows=10 width=121)
	        Index Cond: ((id >= 726495) AND (id <= 726504))

table 7 : explain SELECT c FROM sbtest7 WHERE id BETWEEN 2229152 AND 2229161 ORDER BY c
	Sort  (cost=35.52..35.54 rows=9 width=121)
	  Sort Key: c
	  ->  Index Scan using sbtest7_pkey on sbtest7  (cost=0.43..35.37 rows=9 width=121)
	        Index Cond: ((id >= 2229152) AND (id <= 2229161))

table 8 : explain SELECT c FROM sbtest8 WHERE id BETWEEN 7258086 AND 7258095 ORDER BY c
	Sort  (cost=39.03..39.06 rows=10 width=121)
	  Sort Key: c
	  ->  Index Scan using sbtest8_pkey on sbtest8  (cost=0.43..38.87 rows=10 width=121)
	        Index Cond: ((id >= 7258086) AND (id <= 7258095))

explain: for non_index_updates :: explain UPDATE sbtest%u SET c='foobar' WHERE id=%ufor index_updates
table 1 : explain UPDATE sbtest1 SET k=k+1 WHERE id=7527064
	Update on sbtest1  (cost=0.43..8.46 rows=0 width=0)
	  ->  Index Scan using sbtest1_pkey on sbtest1  (cost=0.43..8.46 rows=1 width=10)
	        Index Cond: (id = 7527064)

table 2 : explain UPDATE sbtest2 SET k=k+1 WHERE id=2974079
	Update on sbtest2  (cost=0.43..8.46 rows=0 width=0)
	  ->  Index Scan using sbtest2_pkey on sbtest2  (cost=0.43..8.46 rows=1 width=10)
	        Index Cond: (id = 2974079)

table 3 : explain UPDATE sbtest3 SET k=k+1 WHERE id=5780758
	Update on sbtest3  (cost=0.43..8.46 rows=0 width=0)
	  ->  Index Scan using sbtest3_pkey on sbtest3  (cost=0.43..8.46 rows=1 width=10)
	        Index Cond: (id = 5780758)

table 4 : explain UPDATE sbtest4 SET k=k+1 WHERE id=2818423
	Update on sbtest4  (cost=0.43..8.46 rows=0 width=0)
	  ->  Index Scan using sbtest4_pkey on sbtest4  (cost=0.43..8.46 rows=1 width=10)
	        Index Cond: (id = 2818423)

table 5 : explain UPDATE sbtest5 SET k=k+1 WHERE id=9613055
	Update on sbtest5  (cost=0.43..8.46 rows=0 width=0)
	  ->  Index Scan using sbtest5_pkey on sbtest5  (cost=0.43..8.46 rows=1 width=10)
	        Index Cond: (id = 9613055)

table 6 : explain UPDATE sbtest6 SET k=k+1 WHERE id=4154400
	Update on sbtest6  (cost=0.43..8.46 rows=0 width=0)
	  ->  Index Scan using sbtest6_pkey on sbtest6  (cost=0.43..8.46 rows=1 width=10)
	        Index Cond: (id = 4154400)

table 7 : explain UPDATE sbtest7 SET k=k+1 WHERE id=2452449
	Update on sbtest7  (cost=0.43..8.46 rows=0 width=0)
	  ->  Index Scan using sbtest7_pkey on sbtest7  (cost=0.43..8.46 rows=1 width=10)
	        Index Cond: (id = 2452449)

table 8 : explain UPDATE sbtest8 SET k=k+1 WHERE id=2511853
	Update on sbtest8  (cost=0.43..8.46 rows=0 width=0)
	  ->  Index Scan using sbtest8_pkey on sbtest8  (cost=0.43..8.46 rows=1 width=10)
	        Index Cond: (id = 2511853)
for deletes
table 1 : explain DELETE FROM sbtest1 WHERE id=6663775
	Delete on sbtest1  (cost=0.43..8.45 rows=0 width=0)
	  ->  Index Scan using sbtest1_pkey on sbtest1  (cost=0.43..8.45 rows=1 width=6)
	        Index Cond: (id = 6663775)

table 2 : explain DELETE FROM sbtest2 WHERE id=5957228
	Delete on sbtest2  (cost=0.43..8.45 rows=0 width=0)
	  ->  Index Scan using sbtest2_pkey on sbtest2  (cost=0.43..8.45 rows=1 width=6)
	        Index Cond: (id = 5957228)

table 3 : explain DELETE FROM sbtest3 WHERE id=1125567
	Delete on sbtest3  (cost=0.43..8.45 rows=0 width=0)
	  ->  Index Scan using sbtest3_pkey on sbtest3  (cost=0.43..8.45 rows=1 width=6)
	        Index Cond: (id = 1125567)

table 4 : explain DELETE FROM sbtest4 WHERE id=7076463
	Delete on sbtest4  (cost=0.43..8.45 rows=0 width=0)
	  ->  Index Scan using sbtest4_pkey on sbtest4  (cost=0.43..8.45 rows=1 width=6)
	        Index Cond: (id = 7076463)

table 5 : explain DELETE FROM sbtest5 WHERE id=8624430
	Delete on sbtest5  (cost=0.43..8.45 rows=0 width=0)
	  ->  Index Scan using sbtest5_pkey on sbtest5  (cost=0.43..8.45 rows=1 width=6)
	        Index Cond: (id = 8624430)

table 6 : explain DELETE FROM sbtest6 WHERE id=1544892
	Delete on sbtest6  (cost=0.43..8.45 rows=0 width=0)
	  ->  Index Scan using sbtest6_pkey on sbtest6  (cost=0.43..8.45 rows=1 width=6)
	        Index Cond: (id = 1544892)

table 7 : explain DELETE FROM sbtest7 WHERE id=2898432
	Delete on sbtest7  (cost=0.43..8.45 rows=0 width=0)
	  ->  Index Scan using sbtest7_pkey on sbtest7  (cost=0.43..8.45 rows=1 width=6)
	        Index Cond: (id = 2898432)

table 8 : explain DELETE FROM sbtest8 WHERE id=3464676
	Delete on sbtest8  (cost=0.43..8.45 rows=0 width=0)
	  ->  Index Scan using sbtest8_pkey on sbtest8  (cost=0.43..8.45 rows=1 width=6)
	        Index Cond: (id = 3464676)

for index_updates
table 1 : explain UPDATE sbtest1 SET k=k+1 WHERE id=7851385
	Update on sbtest1  (cost=0.43..8.46 rows=0 width=0)
	  ->  Index Scan using sbtest1_pkey on sbtest1  (cost=0.43..8.46 rows=1 width=10)
	        Index Cond: (id = 7851385)

table 2 : explain UPDATE sbtest2 SET k=k+1 WHERE id=3321370
	Update on sbtest2  (cost=0.43..8.46 rows=0 width=0)
	  ->  Index Scan using sbtest2_pkey on sbtest2  (cost=0.43..8.46 rows=1 width=10)
	        Index Cond: (id = 3321370)

table 3 : explain UPDATE sbtest3 SET k=k+1 WHERE id=8359262
	Update on sbtest3  (cost=0.43..8.46 rows=0 width=0)
	  ->  Index Scan using sbtest3_pkey on sbtest3  (cost=0.43..8.46 rows=1 width=10)
	        Index Cond: (id = 8359262)

table 4 : explain UPDATE sbtest4 SET k=k+1 WHERE id=7797659
	Update on sbtest4  (cost=0.43..8.46 rows=0 width=0)
	  ->  Index Scan using sbtest4_pkey on sbtest4  (cost=0.43..8.46 rows=1 width=10)
	        Index Cond: (id = 7797659)

table 5 : explain UPDATE sbtest5 SET k=k+1 WHERE id=4551920
	Update on sbtest5  (cost=0.43..8.46 rows=0 width=0)
	  ->  Index Scan using sbtest5_pkey on sbtest5  (cost=0.43..8.46 rows=1 width=10)
	        Index Cond: (id = 4551920)

table 6 : explain UPDATE sbtest6 SET k=k+1 WHERE id=8647859
	Update on sbtest6  (cost=0.43..8.46 rows=0 width=0)
	  ->  Index Scan using sbtest6_pkey on sbtest6  (cost=0.43..8.46 rows=1 width=10)
	        Index Cond: (id = 8647859)

table 7 : explain UPDATE sbtest7 SET k=k+1 WHERE id=4440059
	Update on sbtest7  (cost=0.43..8.46 rows=0 width=0)
	  ->  Index Scan using sbtest7_pkey on sbtest7  (cost=0.43..8.46 rows=1 width=10)
	        Index Cond: (id = 4440059)

table 8 : explain UPDATE sbtest8 SET k=k+1 WHERE id=9679930
	Update on sbtest8  (cost=0.43..8.46 rows=0 width=0)
	  ->  Index Scan using sbtest8_pkey on sbtest8  (cost=0.43..8.46 rows=1 width=10)
	        Index Cond: (id = 9679930)


for index_updates
table 1 : explain UPDATE sbtest1 SET k=k+1 WHERE id=6077147
	Update on sbtest1  (cost=0.43..8.46 rows=0 width=0)
	  ->  Index Scan using sbtest1_pkey on sbtest1  (cost=0.43..8.46 rows=1 width=10)
	        Index Cond: (id = 6077147)

table 2 : explain UPDATE sbtest2 SET k=k+1 WHERE id=2216116
	Update on sbtest2  (cost=0.43..8.46 rows=0 width=0)
	  ->  Index Scan using sbtest2_pkey on sbtest2  (cost=0.43..8.46 rows=1 width=10)
	        Index Cond: (id = 2216116)

table 3 : explain UPDATE sbtest3 SET k=k+1 WHERE id=7380988
	Update on sbtest3  (cost=0.43..8.46 rows=0 width=0)
	  ->  Index Scan using sbtest3_pkey on sbtest3  (cost=0.43..8.46 rows=1 width=10)
	        Index Cond: (id = 7380988)

table 4 : explain UPDATE sbtest4 SET k=k+1 WHERE id=87816
	Update on sbtest4  (cost=0.43..8.46 rows=0 width=0)
	  ->  Index Scan using sbtest4_pkey on sbtest4  (cost=0.43..8.46 rows=1 width=10)
	        Index Cond: (id = 87816)

table 5 : explain UPDATE sbtest5 SET k=k+1 WHERE id=7983804
	Update on sbtest5  (cost=0.43..8.46 rows=0 width=0)
	  ->  Index Scan using sbtest5_pkey on sbtest5  (cost=0.43..8.46 rows=1 width=10)
	        Index Cond: (id = 7983804)

table 6 : explain UPDATE sbtest6 SET k=k+1 WHERE id=1025747
	Update on sbtest6  (cost=0.43..8.46 rows=0 width=0)
	  ->  Index Scan using sbtest6_pkey on sbtest6  (cost=0.43..8.46 rows=1 width=10)
	        Index Cond: (id = 1025747)

table 7 : explain UPDATE sbtest7 SET k=k+1 WHERE id=1044053
	Update on sbtest7  (cost=0.43..8.46 rows=0 width=0)
	  ->  Index Scan using sbtest7_pkey on sbtest7  (cost=0.43..8.46 rows=1 width=10)
	        Index Cond: (id = 1044053)

table 8 : explain UPDATE sbtest8 SET k=k+1 WHERE id=3704785
	Update on sbtest8  (cost=0.43..8.46 rows=0 width=0)
	  ->  Index Scan using sbtest8_pkey on sbtest8  (cost=0.43..8.46 rows=1 width=10)
	        Index Cond: (id = 3704785)


for: order_ranges
table 1 : explain SELECT c FROM sbtest1 WHERE id BETWEEN 4707671 AND 4707680 ORDER BY c
	Sort  (cost=38.72..38.74 rows=10 width=121)
	  Sort Key: c
	  ->  Index Scan using sbtest1_pkey on sbtest1  (cost=0.43..38.55 rows=10 width=121)
	        Index Cond: ((id >= 4707671) AND (id <= 4707680))

table 2 : explain SELECT c FROM sbtest2 WHERE id BETWEEN 3735121 AND 3735130 ORDER BY c
	Sort  (cost=38.63..38.66 rows=10 width=121)
	  Sort Key: c
	  ->  Index Scan using sbtest2_pkey on sbtest2  (cost=0.43..38.47 rows=10 width=121)
	        Index Cond: ((id >= 3735121) AND (id <= 3735130))

table 3 : explain SELECT c FROM sbtest3 WHERE id BETWEEN 5066405 AND 5066414 ORDER BY c
	Sort  (cost=39.28..39.30 rows=10 width=121)
	  Sort Key: c
	  ->  Index Scan using sbtest3_pkey on sbtest3  (cost=0.43..39.11 rows=10 width=121)
	        Index Cond: ((id >= 5066405) AND (id <= 5066414))

table 4 : explain SELECT c FROM sbtest4 WHERE id BETWEEN 5374599 AND 5374608 ORDER BY c
	Sort  (cost=42.50..42.52 rows=11 width=121)
	  Sort Key: c
	  ->  Index Scan using sbtest4_pkey on sbtest4  (cost=0.43..42.30 rows=11 width=121)
	        Index Cond: ((id >= 5374599) AND (id <= 5374608))

table 5 : explain SELECT c FROM sbtest5 WHERE id BETWEEN 9059743 AND 9059752 ORDER BY c
	Sort  (cost=39.03..39.06 rows=10 width=121)
	  Sort Key: c
	  ->  Index Scan using sbtest5_pkey on sbtest5  (cost=0.43..38.87 rows=10 width=121)
	        Index Cond: ((id >= 9059743) AND (id <= 9059752))

table 6 : explain SELECT c FROM sbtest6 WHERE id BETWEEN 1773573 AND 1773582 ORDER BY c
	Sort  (cost=38.94..38.96 rows=10 width=121)
	  Sort Key: c
	  ->  Index Scan using sbtest6_pkey on sbtest6  (cost=0.43..38.77 rows=10 width=121)
	        Index Cond: ((id >= 1773573) AND (id <= 1773582))

table 7 : explain SELECT c FROM sbtest7 WHERE id BETWEEN 9793382 AND 9793391 ORDER BY c
	Sort  (cost=38.90..38.93 rows=10 width=121)
	  Sort Key: c
	  ->  Index Scan using sbtest7_pkey on sbtest7  (cost=0.43..38.74 rows=10 width=121)
	        Index Cond: ((id >= 9793382) AND (id <= 9793391))

table 8 : explain SELECT c FROM sbtest8 WHERE id BETWEEN 4332910 AND 4332919 ORDER BY c
	Sort  (cost=39.03..39.06 rows=10 width=121)
	  Sort Key: c
	  ->  Index Scan using sbtest8_pkey on sbtest8  (cost=0.43..38.87 rows=10 width=121)
	        Index Cond: ((id >= 4332910) AND (id <= 4332919))

explain: for non_index_updates :: explain UPDATE sbtest%u SET c='foobar' WHERE id=%u
explain: for deletes :: explain DELETE FROM sbtest%u WHERE id=%u
explain: for index_updates :: explain UPDATE sbtest%u SET k=k+1 WHERE id=%u
explain: for non_index_updates :: explain UPDATE sbtest%u SET c='foobar' WHERE id=%u
for non_index_updates
table 1 : explain UPDATE sbtest1 SET c='foobar' WHERE id=2776821
	Update on sbtest1  (cost=0.43..8.45 rows=0 width=0)
	  ->  Index Scan using sbtest1_pkey on sbtest1  (cost=0.43..8.45 rows=1 width=490)
	        Index Cond: (id = 2776821)

table 2 : explain UPDATE sbtest2 SET c='foobar' WHERE id=3349644
	Update on sbtest2  (cost=0.43..8.45 rows=0 width=0)
	  ->  Index Scan using sbtest2_pkey on sbtest2  (cost=0.43..8.45 rows=1 width=490)
	        Index Cond: (id = 3349644)

table 3 : explain UPDATE sbtest3 SET c='foobar' WHERE id=8872229
	Update on sbtest3  (cost=0.43..8.45 rows=0 width=0)
	  ->  Index Scan using sbtest3_pkey on sbtest3  (cost=0.43..8.45 rows=1 width=490)
	        Index Cond: (id = 8872229)

table 4 : explain UPDATE sbtest4 SET c='foobar' WHERE id=7165777
	Update on sbtest4  (cost=0.43..8.45 rows=0 width=0)
	  ->  Index Scan using sbtest4_pkey on sbtest4  (cost=0.43..8.45 rows=1 width=490)
	        Index Cond: (id = 7165777)

table 5 : explain UPDATE sbtest5 SET c='foobar' WHERE id=3964491
	Update on sbtest5  (cost=0.43..8.45 rows=0 width=0)
	  ->  Index Scan using sbtest5_pkey on sbtest5  (cost=0.43..8.45 rows=1 width=490)
	        Index Cond: (id = 3964491)

table 6 : explain UPDATE sbtest6 SET c='foobar' WHERE id=3024241
	Update on sbtest6  (cost=0.43..8.45 rows=0 width=0)
	  ->  Index Scan using sbtest6_pkey on sbtest6  (cost=0.43..8.45 rows=1 width=490)
	        Index Cond: (id = 3024241)

table 7 : explain UPDATE sbtest7 SET c='foobar' WHERE id=3968186
	Update on sbtest7  (cost=0.43..8.45 rows=0 width=0)
	  ->  Index Scan using sbtest7_pkey on sbtest7  (cost=0.43..8.45 rows=1 width=490)
	        Index Cond: (id = 3968186)

table 8 : explain UPDATE sbtest8 SET c='foobar' WHERE id=9781197
	Update on sbtest8  (cost=0.43..8.45 rows=0 width=0)
	  ->  Index Scan using sbtest8_pkey on sbtest8  (cost=0.43..8.45 rows=1 width=490)
	        Index Cond: (id = 9781197)

for: sum_ranges
table 1 : explain SELECT SUM(k) FROM sbtest1 WHERE id BETWEEN 8570861 AND 8570870
	Aggregate  (cost=38.57..38.58 rows=1 width=8)
	  ->  Index Scan using sbtest1_pkey on sbtest1  (cost=0.43..38.55 rows=10 width=4)
	        Index Cond: ((id >= 8570861) AND (id <= 8570870))

table 2 : explain SELECT SUM(k) FROM sbtest2 WHERE id BETWEEN 7377412 AND 7377421
	Aggregate  (cost=38.49..38.50 rows=1 width=8)
	  ->  Index Scan using sbtest2_pkey on sbtest2  (cost=0.43..38.47 rows=10 width=4)
	        Index Cond: ((id >= 7377412) AND (id <= 7377421))

table 3 : explain SELECT SUM(k) FROM sbtest3 WHERE id BETWEEN 6527932 AND 6527941
	Aggregate  (cost=39.14..39.15 rows=1 width=8)
	  ->  Index Scan using sbtest3_pkey on sbtest3  (cost=0.43..39.11 rows=10 width=4)
	        Index Cond: ((id >= 6527932) AND (id <= 6527941))

table 4 : explain SELECT SUM(k) FROM sbtest4 WHERE id BETWEEN 3063757 AND 3063766
	Aggregate  (cost=35.56..35.57 rows=1 width=8)
	  ->  Index Scan using sbtest4_pkey on sbtest4  (cost=0.43..35.53 rows=9 width=4)
	        Index Cond: ((id >= 3063757) AND (id <= 3063766))

table 5 : explain SELECT SUM(k) FROM sbtest5 WHERE id BETWEEN 5759015 AND 5759024
	Aggregate  (cost=38.89..38.90 rows=1 width=8)
	  ->  Index Scan using sbtest5_pkey on sbtest5  (cost=0.43..38.87 rows=10 width=4)
	        Index Cond: ((id >= 5759015) AND (id <= 5759024))

table 6 : explain SELECT SUM(k) FROM sbtest6 WHERE id BETWEEN 1533880 AND 1533889
	Aggregate  (cost=38.80..38.81 rows=1 width=8)
	  ->  Index Scan using sbtest6_pkey on sbtest6  (cost=0.43..38.77 rows=10 width=4)
	        Index Cond: ((id >= 1533880) AND (id <= 1533889))

table 7 : explain SELECT SUM(k) FROM sbtest7 WHERE id BETWEEN 4193351 AND 4193360
	Aggregate  (cost=38.76..38.77 rows=1 width=8)
	  ->  Index Scan using sbtest7_pkey on sbtest7  (cost=0.43..38.74 rows=10 width=4)
	        Index Cond: ((id >= 4193351) AND (id <= 4193360))

table 8 : explain SELECT SUM(k) FROM sbtest8 WHERE id BETWEEN 9773707 AND 9773716
	Aggregate  (cost=38.89..38.90 rows=1 width=8)
	  ->  Index Scan using sbtest8_pkey on sbtest8  (cost=0.43..38.87 rows=10 width=4)
	        Index Cond: ((id >= 9773707) AND (id <= 9773716))

explain: for non_index_updates :: explain UPDATE sbtest%u SET c='foobar' WHERE id=%u
for: sum_ranges
table 1 : explain SELECT SUM(k) FROM sbtest1 WHERE id BETWEEN 2092311 AND 2092320
	Aggregate  (cost=38.57..38.58 rows=1 width=8)
	  ->  Index Scan using sbtest1_pkey on sbtest1  (cost=0.43..38.55 rows=10 width=4)
	        Index Cond: ((id >= 2092311) AND (id <= 2092320))

table 2 : explain SELECT SUM(k) FROM sbtest2 WHERE id BETWEEN 4630239 AND 4630248
	Aggregate  (cost=38.49..38.50 rows=1 width=8)
	  ->  Index Scan using sbtest2_pkey on sbtest2  (cost=0.43..38.47 rows=10 width=4)
	        Index Cond: ((id >= 4630239) AND (id <= 4630248))

table 3 : explain SELECT SUM(k) FROM sbtest3 WHERE id BETWEEN 7352818 AND 7352827
	Aggregate  (cost=42.55..42.56 rows=1 width=8)
	  ->  Index Scan using sbtest3_pkey on sbtest3  (cost=0.43..42.52 rows=11 width=4)
	        Index Cond: ((id >= 7352818) AND (id <= 7352827))

table 4 : explain SELECT SUM(k) FROM sbtest4 WHERE id BETWEEN 9186996 AND 9187005
	Aggregate  (cost=38.94..38.95 rows=1 width=8)
	  ->  Index Scan using sbtest4_pkey on sbtest4  (cost=0.43..38.92 rows=10 width=4)
	        Index Cond: ((id >= 9186996) AND (id <= 9187005))

table 5 : explain SELECT SUM(k) FROM sbtest5 WHERE id BETWEEN 176270 AND 176279
	Aggregate  (cost=38.89..38.90 rows=1 width=8)
	  ->  Index Scan using sbtest5_pkey on sbtest5  (cost=0.43..38.87 rows=10 width=4)
	        Index Cond: ((id >= 176270) AND (id <= 176279))

table 6 : explain SELECT SUM(k) FROM sbtest6 WHERE id BETWEEN 4572446 AND 4572455
	Aggregate  (cost=42.17..42.18 rows=1 width=8)
	  ->  Index Scan using sbtest6_pkey on sbtest6  (cost=0.43..42.14 rows=11 width=4)
	        Index Cond: ((id >= 4572446) AND (id <= 4572455))

table 7 : explain SELECT SUM(k) FROM sbtest7 WHERE id BETWEEN 1879814 AND 1879823
	Aggregate  (cost=38.76..38.77 rows=1 width=8)
	  ->  Index Scan using sbtest7_pkey on sbtest7  (cost=0.43..38.74 rows=10 width=4)
	        Index Cond: ((id >= 1879814) AND (id <= 1879823))

table 8 : explain SELECT SUM(k) FROM sbtest8 WHERE id BETWEEN 2425613 AND 2425622
	Aggregate  (cost=38.89..38.90 rows=1 width=8)
	  ->  Index Scan using sbtest8_pkey on sbtest8  (cost=0.43..38.87 rows=10 width=4)
	        Index Cond: ((id >= 2425613) AND (id <= 2425622))

for non_index_updates
table 1 : explain UPDATE sbtest1 SET c='foobar' WHERE id=928710
	Update on sbtest1  (cost=0.43..8.45 rows=0 width=0)
	  ->  Index Scan using sbtest1_pkey on sbtest1  (cost=0.43..8.45 rows=1 width=490)
	        Index Cond: (id = 928710)

table 2 : explain UPDATE sbtest2 SET c='foobar' WHERE id=9110509
	Update on sbtest2  (cost=0.43..8.45 rows=0 width=0)
	  ->  Index Scan using sbtest2_pkey on sbtest2  (cost=0.43..8.45 rows=1 width=490)
	        Index Cond: (id = 9110509)

table 3 : explain UPDATE sbtest3 SET c='foobar' WHERE id=9534898
	Update on sbtest3  (cost=0.43..8.45 rows=0 width=0)
	  ->  Index Scan using sbtest3_pkey on sbtest3  (cost=0.43..8.45 rows=1 width=490)
	        Index Cond: (id = 9534898)

table 4 : explain UPDATE sbtest4 SET c='foobar' WHERE id=9959551
	Update on sbtest4  (cost=0.43..8.45 rows=0 width=0)
	  ->  Index Scan using sbtest4_pkey on sbtest4  (cost=0.43..8.45 rows=1 width=490)
	        Index Cond: (id = 9959551)

table 5 : explain UPDATE sbtest5 SET c='foobar' WHERE id=6691250
	Update on sbtest5  (cost=0.43..8.45 rows=0 width=0)
	  ->  Index Scan using sbtest5_pkey on sbtest5  (cost=0.43..8.45 rows=1 width=490)
	        Index Cond: (id = 6691250)

table 6 : explain UPDATE sbtest6 SET c='foobar' WHERE id=4338646
	Update on sbtest6  (cost=0.43..8.45 rows=0 width=0)
	  ->  Index Scan using sbtest6_pkey on sbtest6  (cost=0.43..8.45 rows=1 width=490)
	        Index Cond: (id = 4338646)

table 7 : explain UPDATE sbtest7 SET c='foobar' WHERE id=9012889
	Update on sbtest7  (cost=0.43..8.45 rows=0 width=0)
	  ->  Index Scan using sbtest7_pkey on sbtest7  (cost=0.43..8.45 rows=1 width=490)
	        Index Cond: (id = 9012889)

table 8 : explain UPDATE sbtest8 SET c='foobar' WHERE id=8646564
	Update on sbtest8  (cost=0.43..8.45 rows=0 width=0)
	  ->  Index Scan using sbtest8_pkey on sbtest8  (cost=0.43..8.45 rows=1 width=490)
	        Index Cond: (id = 8646564)

for: distinct_ranges
table 1 : explain SELECT DISTINCT c FROM sbtest1 WHERE id BETWEEN 9442980 AND 9442989 ORDER BY c
	Unique  (cost=38.72..38.77 rows=10 width=121)
	  ->  Sort  (cost=38.72..38.74 rows=10 width=121)
	        Sort Key: c
	        ->  Index Scan using sbtest1_pkey on sbtest1  (cost=0.43..38.55 rows=10 width=121)
	              Index Cond: ((id >= 9442980) AND (id <= 9442989))

table 2 : explain SELECT DISTINCT c FROM sbtest2 WHERE id BETWEEN 8690975 AND 8690984 ORDER BY c
	Unique  (cost=38.63..38.68 rows=10 width=121)
	  ->  Sort  (cost=38.63..38.66 rows=10 width=121)
	        Sort Key: c
	        ->  Index Scan using sbtest2_pkey on sbtest2  (cost=0.43..38.47 rows=10 width=121)
	              Index Cond: ((id >= 8690975) AND (id <= 8690984))

table 3 : explain SELECT DISTINCT c FROM sbtest3 WHERE id BETWEEN 1645295 AND 1645304 ORDER BY c
	Unique  (cost=42.71..42.76 rows=11 width=121)
	  ->  Sort  (cost=42.71..42.74 rows=11 width=121)
	        Sort Key: c
	        ->  Index Scan using sbtest3_pkey on sbtest3  (cost=0.43..42.52 rows=11 width=121)
	              Index Cond: ((id >= 1645295) AND (id <= 1645304))

table 4 : explain SELECT DISTINCT c FROM sbtest4 WHERE id BETWEEN 3960431 AND 3960440 ORDER BY c
	Unique  (cost=39.09..39.14 rows=10 width=121)
	  ->  Sort  (cost=39.09..39.11 rows=10 width=121)
	        Sort Key: c
	        ->  Index Scan using sbtest4_pkey on sbtest4  (cost=0.43..38.92 rows=10 width=121)
	              Index Cond: ((id >= 3960431) AND (id <= 3960440))

table 5 : explain SELECT DISTINCT c FROM sbtest5 WHERE id BETWEEN 6660844 AND 6660853 ORDER BY c
	Unique  (cost=39.03..39.08 rows=10 width=121)
	  ->  Sort  (cost=39.03..39.06 rows=10 width=121)
	        Sort Key: c
	        ->  Index Scan using sbtest5_pkey on sbtest5  (cost=0.43..38.87 rows=10 width=121)
	              Index Cond: ((id >= 6660844) AND (id <= 6660853))

table 6 : explain SELECT DISTINCT c FROM sbtest6 WHERE id BETWEEN 1964349 AND 1964358 ORDER BY c
	Unique  (cost=38.94..38.99 rows=10 width=121)
	  ->  Sort  (cost=38.94..38.96 rows=10 width=121)
	        Sort Key: c
	        ->  Index Scan using sbtest6_pkey on sbtest6  (cost=0.43..38.77 rows=10 width=121)
	              Index Cond: ((id >= 1964349) AND (id <= 1964358))

table 7 : explain SELECT DISTINCT c FROM sbtest7 WHERE id BETWEEN 6473498 AND 6473507 ORDER BY c
	Unique  (cost=42.29..42.35 rows=11 width=121)
	  ->  Sort  (cost=42.29..42.32 rows=11 width=121)
	        Sort Key: c
	        ->  Index Scan using sbtest7_pkey on sbtest7  (cost=0.43..42.10 rows=11 width=121)
	              Index Cond: ((id >= 6473498) AND (id <= 6473507))

table 8 : explain SELECT DISTINCT c FROM sbtest8 WHERE id BETWEEN 4755256 AND 4755265 ORDER BY c
	Unique  (cost=39.03..39.08 rows=10 width=121)
	  ->  Sort  (cost=39.03..39.06 rows=10 width=121)
	        Sort Key: c
	        ->  Index Scan using sbtest8_pkey on sbtest8  (cost=0.43..38.87 rows=10 width=121)
	              Index Cond: ((id >= 4755256) AND (id <= 4755265))

explain: for deletes :: explain DELETE FROM sbtest%u WHERE id=%u
for index_updates
table 1 : explain UPDATE sbtest1 SET k=k+1 WHERE id=3745619
	Update on sbtest1  (cost=0.43..8.46 rows=0 width=0)
	  ->  Index Scan using sbtest1_pkey on sbtest1  (cost=0.43..8.46 rows=1 width=10)
	        Index Cond: (id = 3745619)

table 2 : explain UPDATE sbtest2 SET k=k+1 WHERE id=7186766
	Update on sbtest2  (cost=0.43..8.46 rows=0 width=0)
	  ->  Index Scan using sbtest2_pkey on sbtest2  (cost=0.43..8.46 rows=1 width=10)
	        Index Cond: (id = 7186766)

table 3 : explain UPDATE sbtest3 SET k=k+1 WHERE id=8617903
	Update on sbtest3  (cost=0.43..8.46 rows=0 width=0)
	  ->  Index Scan using sbtest3_pkey on sbtest3  (cost=0.43..8.46 rows=1 width=10)
	        Index Cond: (id = 8617903)

table 4 : explain UPDATE sbtest4 SET k=k+1 WHERE id=8937906
	Update on sbtest4  (cost=0.43..8.46 rows=0 width=0)
	  ->  Index Scan using sbtest4_pkey on sbtest4  (cost=0.43..8.46 rows=1 width=10)
	        Index Cond: (id = 8937906)

table 5 : explain UPDATE sbtest5 SET k=k+1 WHERE id=1640092
	Update on sbtest5  (cost=0.43..8.46 rows=0 width=0)
	  ->  Index Scan using sbtest5_pkey on sbtest5  (cost=0.43..8.46 rows=1 width=10)
	        Index Cond: (id = 1640092)

table 6 : explain UPDATE sbtest6 SET k=k+1 WHERE id=2184214
	Update on sbtest6  (cost=0.43..8.46 rows=0 width=0)
	  ->  Index Scan using sbtest6_pkey on sbtest6  (cost=0.43..8.46 rows=1 width=10)
	        Index Cond: (id = 2184214)

table 7 : explain UPDATE sbtest7 SET k=k+1 WHERE id=8290656
	Update on sbtest7  (cost=0.43..8.46 rows=0 width=0)
	  ->  Index Scan using sbtest7_pkey on sbtest7  (cost=0.43..8.46 rows=1 width=10)
	        Index Cond: (id = 8290656)

table 8 : explain UPDATE sbtest8 SET k=k+1 WHERE id=4785842
	Update on sbtest8  (cost=0.43..8.46 rows=0 width=0)
	  ->  Index Scan using sbtest8_pkey on sbtest8  (cost=0.43..8.46 rows=1 width=10)
	        Index Cond: (id = 4785842)

for: simple_ranges
table 1 : explain SELECT c FROM sbtest1 WHERE id BETWEEN 3064835 AND 3064844
	Index Scan using sbtest1_pkey on sbtest1  (cost=0.43..38.55 rows=10 width=121)
	  Index Cond: ((id >= 3064835) AND (id <= 3064844))

table 2 : explain SELECT c FROM sbtest2 WHERE id BETWEEN 9826132 AND 9826141
	Index Scan using sbtest2_pkey on sbtest2  (cost=0.43..35.13 rows=9 width=121)
	  Index Cond: ((id >= 9826132) AND (id <= 9826141))

table 3 : explain SELECT c FROM sbtest3 WHERE id BETWEEN 7129309 AND 7129318
	Index Scan using sbtest3_pkey on sbtest3  (cost=0.43..35.71 rows=9 width=121)
	  Index Cond: ((id >= 7129309) AND (id <= 7129318))

table 4 : explain SELECT c FROM sbtest4 WHERE id BETWEEN 8484830 AND 8484839
	Index Scan using sbtest4_pkey on sbtest4  (cost=0.43..38.92 rows=10 width=121)
	  Index Cond: ((id >= 8484830) AND (id <= 8484839))

table 5 : explain SELECT c FROM sbtest5 WHERE id BETWEEN 9301831 AND 9301840
	Index Scan using sbtest5_pkey on sbtest5  (cost=0.43..35.49 rows=9 width=121)
	  Index Cond: ((id >= 9301831) AND (id <= 9301840))

table 6 : explain SELECT c FROM sbtest6 WHERE id BETWEEN 4924145 AND 4924154
	Index Scan using sbtest6_pkey on sbtest6  (cost=0.43..38.77 rows=10 width=121)
	  Index Cond: ((id >= 4924145) AND (id <= 4924154))

table 7 : explain SELECT c FROM sbtest7 WHERE id BETWEEN 6200161 AND 6200170
	Index Scan using sbtest7_pkey on sbtest7  (cost=0.43..38.74 rows=10 width=121)
	  Index Cond: ((id >= 6200161) AND (id <= 6200170))

table 8 : explain SELECT c FROM sbtest8 WHERE id BETWEEN 4207995 AND 4208004
	Index Scan using sbtest8_pkey on sbtest8  (cost=0.43..38.87 rows=10 width=121)
	  Index Cond: ((id >= 4207995) AND (id <= 4208004))

explain: for non_index_updates :: explain UPDATE sbtest%u SET c='foobar' WHERE id=%u
for deletes
table 1 : explain DELETE FROM sbtest1 WHERE id=5830552
	Delete on sbtest1  (cost=0.43..8.45 rows=0 width=0)
	  ->  Index Scan using sbtest1_pkey on sbtest1  (cost=0.43..8.45 rows=1 width=6)
	        Index Cond: (id = 5830552)

table 2 : explain DELETE FROM sbtest2 WHERE id=1903826
	Delete on sbtest2  (cost=0.43..8.45 rows=0 width=0)
	  ->  Index Scan using sbtest2_pkey on sbtest2  (cost=0.43..8.45 rows=1 width=6)
	        Index Cond: (id = 1903826)

table 3 : explain DELETE FROM sbtest3 WHERE id=9863999
	Delete on sbtest3  (cost=0.43..8.45 rows=0 width=0)
	  ->  Index Scan using sbtest3_pkey on sbtest3  (cost=0.43..8.45 rows=1 width=6)
	        Index Cond: (id = 9863999)

table 4 : explain DELETE FROM sbtest4 WHERE id=4377081
	Delete on sbtest4  (cost=0.43..8.45 rows=0 width=0)
	  ->  Index Scan using sbtest4_pkey on sbtest4  (cost=0.43..8.45 rows=1 width=6)
	        Index Cond: (id = 4377081)

table 5 : explain DELETE FROM sbtest5 WHERE id=2914109
	Delete on sbtest5  (cost=0.43..8.45 rows=0 width=0)
	  ->  Index Scan using sbtest5_pkey on sbtest5  (cost=0.43..8.45 rows=1 width=6)
	        Index Cond: (id = 2914109)

table 6 : explain DELETE FROM sbtest6 WHERE id=6984489
	Delete on sbtest6  (cost=0.43..8.45 rows=0 width=0)
	  ->  Index Scan using sbtest6_pkey on sbtest6  (cost=0.43..8.45 rows=1 width=6)
	        Index Cond: (id = 6984489)

table 7 : explain DELETE FROM sbtest7 WHERE id=9470009
	Delete on sbtest7  (cost=0.43..8.45 rows=0 width=0)
	  ->  Index Scan using sbtest7_pkey on sbtest7  (cost=0.43..8.45 rows=1 width=6)
	        Index Cond: (id = 9470009)

table 8 : explain DELETE FROM sbtest8 WHERE id=9198834
	Delete on sbtest8  (cost=0.43..8.45 rows=0 width=0)
	  ->  Index Scan using sbtest8_pkey on sbtest8  (cost=0.43..8.45 rows=1 width=6)
	        Index Cond: (id = 9198834)

explain: for deletes :: explain DELETE FROM sbtest%u WHERE id=%u
for: distinct_ranges
table 1 : explain SELECT DISTINCT c FROM sbtest1 WHERE id BETWEEN 1304616 AND 1304625 ORDER BY c
	Unique  (cost=38.72..38.77 rows=10 width=121)
	  ->  Sort  (cost=38.72..38.74 rows=10 width=121)
	        Sort Key: c
	        ->  Index Scan using sbtest1_pkey on sbtest1  (cost=0.43..38.55 rows=10 width=121)
	              Index Cond: ((id >= 1304616) AND (id <= 1304625))

table 2 : explain SELECT DISTINCT c FROM sbtest2 WHERE id BETWEEN 5404066 AND 5404075 ORDER BY c
	Unique  (cost=38.63..38.68 rows=10 width=121)
	  ->  Sort  (cost=38.63..38.66 rows=10 width=121)
	        Sort Key: c
	        ->  Index Scan using sbtest2_pkey on sbtest2  (cost=0.43..38.47 rows=10 width=121)
	              Index Cond: ((id >= 5404066) AND (id <= 5404075))

table 3 : explain SELECT DISTINCT c FROM sbtest3 WHERE id BETWEEN 6848655 AND 6848664 ORDER BY c
	Unique  (cost=39.28..39.33 rows=10 width=121)
	  ->  Sort  (cost=39.28..39.30 rows=10 width=121)
	        Sort Key: c
	        ->  Index Scan using sbtest3_pkey on sbtest3  (cost=0.43..39.11 rows=10 width=121)
	              Index Cond: ((id >= 6848655) AND (id <= 6848664))

table 4 : explain SELECT DISTINCT c FROM sbtest4 WHERE id BETWEEN 9078467 AND 9078476 ORDER BY c
	Unique  (cost=42.50..42.55 rows=11 width=121)
	  ->  Sort  (cost=42.50..42.52 rows=11 width=121)
	        Sort Key: c
	        ->  Index Scan using sbtest4_pkey on sbtest4  (cost=0.43..42.30 rows=11 width=121)
	              Index Cond: ((id >= 9078467) AND (id <= 9078476))

table 5 : explain SELECT DISTINCT c FROM sbtest5 WHERE id BETWEEN 5797353 AND 5797362 ORDER BY c
	Unique  (cost=39.03..39.08 rows=10 width=121)
	  ->  Sort  (cost=39.03..39.06 rows=10 width=121)
	        Sort Key: c
	        ->  Index Scan using sbtest5_pkey on sbtest5  (cost=0.43..38.87 rows=10 width=121)
	              Index Cond: ((id >= 5797353) AND (id <= 5797362))

table 6 : explain SELECT DISTINCT c FROM sbtest6 WHERE id BETWEEN 557103 AND 557112 ORDER BY c
	Unique  (cost=38.94..38.99 rows=10 width=121)
	  ->  Sort  (cost=38.94..38.96 rows=10 width=121)
	        Sort Key: c
	        ->  Index Scan using sbtest6_pkey on sbtest6  (cost=0.43..38.77 rows=10 width=121)
	              Index Cond: ((id >= 557103) AND (id <= 557112))

table 7 : explain SELECT DISTINCT c FROM sbtest7 WHERE id BETWEEN 5327423 AND 5327432 ORDER BY c
	Unique  (cost=42.29..42.35 rows=11 width=121)
	  ->  Sort  (cost=42.29..42.32 rows=11 width=121)
	        Sort Key: c
	        ->  Index Scan using sbtest7_pkey on sbtest7  (cost=0.43..42.10 rows=11 width=121)
	              Index Cond: ((id >= 5327423) AND (id <= 5327432))

table 8 : explain SELECT DISTINCT c FROM sbtest8 WHERE id BETWEEN 7745753 AND 7745762 ORDER BY c
	Unique  (cost=39.03..39.08 rows=10 width=121)
	  ->  Sort  (cost=39.03..39.06 rows=10 width=121)
	        Sort Key: c
	        ->  Index Scan using sbtest8_pkey on sbtest8  (cost=0.43..38.87 rows=10 width=121)
	              Index Cond: ((id >= 7745753) AND (id <= 7745762))

for non_index_updates
table 1 : explain UPDATE sbtest1 SET c='foobar' WHERE id=4054375
	Update on sbtest1  (cost=0.43..8.45 rows=0 width=0)
	  ->  Index Scan using sbtest1_pkey on sbtest1  (cost=0.43..8.45 rows=1 width=490)
	        Index Cond: (id = 4054375)

table 2 : explain UPDATE sbtest2 SET c='foobar' WHERE id=4690068
	Update on sbtest2  (cost=0.43..8.45 rows=0 width=0)
	  ->  Index Scan using sbtest2_pkey on sbtest2  (cost=0.43..8.45 rows=1 width=490)
	        Index Cond: (id = 4690068)

table 3 : explain UPDATE sbtest3 SET c='foobar' WHERE id=4685132
	Update on sbtest3  (cost=0.43..8.45 rows=0 width=0)
	  ->  Index Scan using sbtest3_pkey on sbtest3  (cost=0.43..8.45 rows=1 width=490)
	        Index Cond: (id = 4685132)

table 4 : explain UPDATE sbtest4 SET c='foobar' WHERE id=4456574
	Update on sbtest4  (cost=0.43..8.45 rows=0 width=0)
	  ->  Index Scan using sbtest4_pkey on sbtest4  (cost=0.43..8.45 rows=1 width=490)
	        Index Cond: (id = 4456574)

table 5 : explain UPDATE sbtest5 SET c='foobar' WHERE id=1302871
	Update on sbtest5  (cost=0.43..8.45 rows=0 width=0)
	  ->  Index Scan using sbtest5_pkey on sbtest5  (cost=0.43..8.45 rows=1 width=490)
	        Index Cond: (id = 1302871)

table 6 : explain UPDATE sbtest6 SET c='foobar' WHERE id=2157454
	Update on sbtest6  (cost=0.43..8.45 rows=0 width=0)
	  ->  Index Scan using sbtest6_pkey on sbtest6  (cost=0.43..8.45 rows=1 width=490)
	        Index Cond: (id = 2157454)

table 7 : explain UPDATE sbtest7 SET c='foobar' WHERE id=9356858
	Update on sbtest7  (cost=0.43..8.45 rows=0 width=0)
	  ->  Index Scan using sbtest7_pkey on sbtest7  (cost=0.43..8.45 rows=1 width=490)
	        Index Cond: (id = 9356858)

table 8 : explain UPDATE sbtest8 SET c='foobar' WHERE id=4424852
	Update on sbtest8  (cost=0.43..8.45 rows=0 width=0)
	  ->  Index Scan using sbtest8_pkey on sbtest8  (cost=0.43..8.45 rows=1 width=490)
	        Index Cond: (id = 4424852)

explain: for index_updates :: explain UPDATE sbtest%u SET k=k+1 WHERE id=%u
explain: for non_index_updates :: explain UPDATE sbtest%u SET c='foobar' WHERE id=%u
for deletes
table 1 : explain DELETE FROM sbtest1 WHERE id=4012811
	Delete on sbtest1  (cost=0.43..8.45 rows=0 width=0)
	  ->  Index Scan using sbtest1_pkey on sbtest1  (cost=0.43..8.45 rows=1 width=6)
	        Index Cond: (id = 4012811)

table 2 : explain DELETE FROM sbtest2 WHERE id=7384677
	Delete on sbtest2  (cost=0.43..8.45 rows=0 width=0)
	  ->  Index Scan using sbtest2_pkey on sbtest2  (cost=0.43..8.45 rows=1 width=6)
	        Index Cond: (id = 7384677)

table 3 : explain DELETE FROM sbtest3 WHERE id=6589788
	Delete on sbtest3  (cost=0.43..8.45 rows=0 width=0)
	  ->  Index Scan using sbtest3_pkey on sbtest3  (cost=0.43..8.45 rows=1 width=6)
	        Index Cond: (id = 6589788)

table 4 : explain DELETE FROM sbtest4 WHERE id=2393953
	Delete on sbtest4  (cost=0.43..8.45 rows=0 width=0)
	  ->  Index Scan using sbtest4_pkey on sbtest4  (cost=0.43..8.45 rows=1 width=6)
	        Index Cond: (id = 2393953)

table 5 : explain DELETE FROM sbtest5 WHERE id=355952
	Delete on sbtest5  (cost=0.43..8.45 rows=0 width=0)
	  ->  Index Scan using sbtest5_pkey on sbtest5  (cost=0.43..8.45 rows=1 width=6)
	        Index Cond: (id = 355952)

table 6 : explain DELETE FROM sbtest6 WHERE id=6014701
	Delete on sbtest6  (cost=0.43..8.45 rows=0 width=0)
	  ->  Index Scan using sbtest6_pkey on sbtest6  (cost=0.43..8.45 rows=1 width=6)
	        Index Cond: (id = 6014701)

table 7 : explain DELETE FROM sbtest7 WHERE id=9443322
	Delete on sbtest7  (cost=0.43..8.45 rows=0 width=0)
	  ->  Index Scan using sbtest7_pkey on sbtest7  (cost=0.43..8.45 rows=1 width=6)
	        Index Cond: (id = 9443322)

table 8 : explain DELETE FROM sbtest8 WHERE id=8568920
	Delete on sbtest8  (cost=0.43..8.45 rows=0 width=0)
	  ->  Index Scan using sbtest8_pkey on sbtest8  (cost=0.43..8.45 rows=1 width=6)
	        Index Cond: (id = 8568920)

explain: for deletes :: explain DELETE FROM sbtest%u WHERE id=%u
for non_index_updates
table 1 : explain UPDATE sbtest1 SET c='foobar' WHERE id=1259660
	Update on sbtest1  (cost=0.43..8.45 rows=0 width=0)
	  ->  Index Scan using sbtest1_pkey on sbtest1  (cost=0.43..8.45 rows=1 width=490)
	        Index Cond: (id = 1259660)

table 2 : explain UPDATE sbtest2 SET c='foobar' WHERE id=9533464
	Update on sbtest2  (cost=0.43..8.45 rows=0 width=0)
	  ->  Index Scan using sbtest2_pkey on sbtest2  (cost=0.43..8.45 rows=1 width=490)
	        Index Cond: (id = 9533464)

table 3 : explain UPDATE sbtest3 SET c='foobar' WHERE id=6660415
	Update on sbtest3  (cost=0.43..8.45 rows=0 width=0)
	  ->  Index Scan using sbtest3_pkey on sbtest3  (cost=0.43..8.45 rows=1 width=490)
	        Index Cond: (id = 6660415)

table 4 : explain UPDATE sbtest4 SET c='foobar' WHERE id=4569615
	Update on sbtest4  (cost=0.43..8.45 rows=0 width=0)
	  ->  Index Scan using sbtest4_pkey on sbtest4  (cost=0.43..8.45 rows=1 width=490)
	        Index Cond: (id = 4569615)

table 5 : explain UPDATE sbtest5 SET c='foobar' WHERE id=7512758
	Update on sbtest5  (cost=0.43..8.45 rows=0 width=0)
	  ->  Index Scan using sbtest5_pkey on sbtest5  (cost=0.43..8.45 rows=1 width=490)
	        Index Cond: (id = 7512758)

table 6 : explain UPDATE sbtest6 SET c='foobar' WHERE id=5931212
	Update on sbtest6  (cost=0.43..8.45 rows=0 width=0)
	  ->  Index Scan using sbtest6_pkey on sbtest6  (cost=0.43..8.45 rows=1 width=490)
	        Index Cond: (id = 5931212)

table 7 : explain UPDATE sbtest7 SET c='foobar' WHERE id=3032112
	Update on sbtest7  (cost=0.43..8.45 rows=0 width=0)
	  ->  Index Scan using sbtest7_pkey on sbtest7  (cost=0.43..8.45 rows=1 width=490)
	        Index Cond: (id = 3032112)

table 8 : explain UPDATE sbtest8 SET c='foobar' WHERE id=2464150
	Update on sbtest8  (cost=0.43..8.45 rows=0 width=0)
	  ->  Index Scan using sbtest8_pkey on sbtest8  (cost=0.43..8.45 rows=1 width=490)
	        Index Cond: (id = 2464150)

for: distinct_ranges
table 1 : explain SELECT DISTINCT c FROM sbtest1 WHERE id BETWEEN 2205632 AND 2205641 ORDER BY c
	Unique  (cost=38.72..38.77 rows=10 width=121)
	  ->  Sort  (cost=38.72..38.74 rows=10 width=121)
	        Sort Key: c
	        ->  Index Scan using sbtest1_pkey on sbtest1  (cost=0.43..38.55 rows=10 width=121)
	              Index Cond: ((id >= 2205632) AND (id <= 2205641))

table 2 : explain SELECT DISTINCT c FROM sbtest2 WHERE id BETWEEN 6344562 AND 6344571 ORDER BY c
	Unique  (cost=35.28..35.32 rows=9 width=121)
	  ->  Sort  (cost=35.28..35.30 rows=9 width=121)
	        Sort Key: c
	        ->  Index Scan using sbtest2_pkey on sbtest2  (cost=0.43..35.13 rows=9 width=121)
	              Index Cond: ((id >= 6344562) AND (id <= 6344571))

table 3 : explain SELECT DISTINCT c FROM sbtest3 WHERE id BETWEEN 8912943 AND 8912952 ORDER BY c
	Unique  (cost=39.28..39.33 rows=10 width=121)
	  ->  Sort  (cost=39.28..39.30 rows=10 width=121)
	        Sort Key: c
	        ->  Index Scan using sbtest3_pkey on sbtest3  (cost=0.43..39.11 rows=10 width=121)
	              Index Cond: ((id >= 8912943) AND (id <= 8912952))

table 4 : explain SELECT DISTINCT c FROM sbtest4 WHERE id BETWEEN 4607767 AND 4607776 ORDER BY c
	Unique  (cost=35.68..35.72 rows=9 width=121)
	  ->  Sort  (cost=35.68..35.70 rows=9 width=121)
	        Sort Key: c
	        ->  Index Scan using sbtest4_pkey on sbtest4  (cost=0.43..35.53 rows=9 width=121)
	              Index Cond: ((id >= 4607767) AND (id <= 4607776))

table 5 : explain SELECT DISTINCT c FROM sbtest5 WHERE id BETWEEN 3272855 AND 3272864 ORDER BY c
	Unique  (cost=39.03..39.08 rows=10 width=121)
	  ->  Sort  (cost=39.03..39.06 rows=10 width=121)
	        Sort Key: c
	        ->  Index Scan using sbtest5_pkey on sbtest5  (cost=0.43..38.87 rows=10 width=121)
	              Index Cond: ((id >= 3272855) AND (id <= 3272864))

table 6 : explain SELECT DISTINCT c FROM sbtest6 WHERE id BETWEEN 391397 AND 391406 ORDER BY c
	Unique  (cost=42.33..42.39 rows=11 width=121)
	  ->  Sort  (cost=42.33..42.36 rows=11 width=121)
	        Sort Key: c
	        ->  Index Scan using sbtest6_pkey on sbtest6  (cost=0.43..42.14 rows=11 width=121)
	              Index Cond: ((id >= 391397) AND (id <= 391406))

table 7 : explain SELECT DISTINCT c FROM sbtest7 WHERE id BETWEEN 7910757 AND 7910766 ORDER BY c
	Unique  (cost=38.90..38.95 rows=10 width=121)
	  ->  Sort  (cost=38.90..38.93 rows=10 width=121)
	        Sort Key: c
	        ->  Index Scan using sbtest7_pkey on sbtest7  (cost=0.43..38.74 rows=10 width=121)
	              Index Cond: ((id >= 7910757) AND (id <= 7910766))

table 8 : explain SELECT DISTINCT c FROM sbtest8 WHERE id BETWEEN 3975011 AND 3975020 ORDER BY c
	Unique  (cost=39.03..39.08 rows=10 width=121)
	  ->  Sort  (cost=39.03..39.06 rows=10 width=121)
	        Sort Key: c
	        ->  Index Scan using sbtest8_pkey on sbtest8  (cost=0.43..38.87 rows=10 width=121)
	              Index Cond: ((id >= 3975011) AND (id <= 3975020))

explain: for index_updates :: explain UPDATE sbtest%u SET k=k+1 WHERE id=%u
for: order_ranges
table 1 : explain SELECT c FROM sbtest1 WHERE id BETWEEN 8232893 AND 8232902 ORDER BY c
	Sort  (cost=38.72..38.74 rows=10 width=121)
	  Sort Key: c
	  ->  Index Scan using sbtest1_pkey on sbtest1  (cost=0.43..38.55 rows=10 width=121)
	        Index Cond: ((id >= 8232893) AND (id <= 8232902))

table 2 : explain SELECT c FROM sbtest2 WHERE id BETWEEN 4240933 AND 4240942 ORDER BY c
	Sort  (cost=38.63..38.66 rows=10 width=121)
	  Sort Key: c
	  ->  Index Scan using sbtest2_pkey on sbtest2  (cost=0.43..38.47 rows=10 width=121)
	        Index Cond: ((id >= 4240933) AND (id <= 4240942))

table 3 : explain SELECT c FROM sbtest3 WHERE id BETWEEN 2537058 AND 2537067 ORDER BY c
	Sort  (cost=35.85..35.87 rows=9 width=121)
	  Sort Key: c
	  ->  Index Scan using sbtest3_pkey on sbtest3  (cost=0.43..35.71 rows=9 width=121)
	        Index Cond: ((id >= 2537058) AND (id <= 2537067))

table 4 : explain SELECT c FROM sbtest4 WHERE id BETWEEN 4432368 AND 4432377 ORDER BY c
	Sort  (cost=39.09..39.11 rows=10 width=121)
	  Sort Key: c
	  ->  Index Scan using sbtest4_pkey on sbtest4  (cost=0.43..38.92 rows=10 width=121)
	        Index Cond: ((id >= 4432368) AND (id <= 4432377))

table 5 : explain SELECT c FROM sbtest5 WHERE id BETWEEN 8917065 AND 8917074 ORDER BY c
	Sort  (cost=39.03..39.06 rows=10 width=121)
	  Sort Key: c
	  ->  Index Scan using sbtest5_pkey on sbtest5  (cost=0.43..38.87 rows=10 width=121)
	        Index Cond: ((id >= 8917065) AND (id <= 8917074))

table 6 : explain SELECT c FROM sbtest6 WHERE id BETWEEN 698177 AND 698186 ORDER BY c
	Sort  (cost=38.94..38.96 rows=10 width=121)
	  Sort Key: c
	  ->  Index Scan using sbtest6_pkey on sbtest6  (cost=0.43..38.77 rows=10 width=121)
	        Index Cond: ((id >= 698177) AND (id <= 698186))

table 7 : explain SELECT c FROM sbtest7 WHERE id BETWEEN 7642121 AND 7642130 ORDER BY c
	Sort  (cost=38.90..38.93 rows=10 width=121)
	  Sort Key: c
	  ->  Index Scan using sbtest7_pkey on sbtest7  (cost=0.43..38.74 rows=10 width=121)
	        Index Cond: ((id >= 7642121) AND (id <= 7642130))

table 8 : explain SELECT c FROM sbtest8 WHERE id BETWEEN 5332098 AND 5332107 ORDER BY c
	Sort  (cost=35.63..35.65 rows=9 width=121)
	  Sort Key: c
	  ->  Index Scan using sbtest8_pkey on sbtest8  (cost=0.43..35.49 rows=9 width=121)
	        Index Cond: ((id >= 5332098) AND (id <= 5332107))

explain: for index_updates :: explain UPDATE sbtest%u SET k=k+1 WHERE id=%u
for non_index_updates
table 1 : explain UPDATE sbtest1 SET c='foobar' WHERE id=7124646
	Update on sbtest1  (cost=0.43..8.45 rows=0 width=0)
	  ->  Index Scan using sbtest1_pkey on sbtest1  (cost=0.43..8.45 rows=1 width=490)
	        Index Cond: (id = 7124646)

table 2 : explain UPDATE sbtest2 SET c='foobar' WHERE id=3012940
	Update on sbtest2  (cost=0.43..8.45 rows=0 width=0)
	  ->  Index Scan using sbtest2_pkey on sbtest2  (cost=0.43..8.45 rows=1 width=490)
	        Index Cond: (id = 3012940)

table 3 : explain UPDATE sbtest3 SET c='foobar' WHERE id=5108469
	Update on sbtest3  (cost=0.43..8.45 rows=0 width=0)
	  ->  Index Scan using sbtest3_pkey on sbtest3  (cost=0.43..8.45 rows=1 width=490)
	        Index Cond: (id = 5108469)

table 4 : explain UPDATE sbtest4 SET c='foobar' WHERE id=51384
	Update on sbtest4  (cost=0.43..8.45 rows=0 width=0)
	  ->  Index Scan using sbtest4_pkey on sbtest4  (cost=0.43..8.45 rows=1 width=490)
	        Index Cond: (id = 51384)

table 5 : explain UPDATE sbtest5 SET c='foobar' WHERE id=2127864
	Update on sbtest5  (cost=0.43..8.45 rows=0 width=0)
	  ->  Index Scan using sbtest5_pkey on sbtest5  (cost=0.43..8.45 rows=1 width=490)
	        Index Cond: (id = 2127864)

table 6 : explain UPDATE sbtest6 SET c='foobar' WHERE id=4167663
	Update on sbtest6  (cost=0.43..8.45 rows=0 width=0)
	  ->  Index Scan using sbtest6_pkey on sbtest6  (cost=0.43..8.45 rows=1 width=490)
	        Index Cond: (id = 4167663)

table 7 : explain UPDATE sbtest7 SET c='foobar' WHERE id=356831
	Update on sbtest7  (cost=0.43..8.45 rows=0 width=0)
	  ->  Index Scan using sbtest7_pkey on sbtest7  (cost=0.43..8.45 rows=1 width=490)
	        Index Cond: (id = 356831)

table 8 : explain UPDATE sbtest8 SET c='foobar' WHERE id=3902939
	Update on sbtest8  (cost=0.43..8.45 rows=0 width=0)
	  ->  Index Scan using sbtest8_pkey on sbtest8  (cost=0.43..8.45 rows=1 width=490)
	        Index Cond: (id = 3902939)

explain: for inserts :: explain INSERT INTO sbtest%u (id, k, c, pad) VALUES (%u, 13, 'foobar', 'foobar')
explain: for deletes :: explain DELETE FROM sbtest%u WHERE id=%u
for deletes
table 1 : explain DELETE FROM sbtest1 WHERE id=8233414
	Delete on sbtest1  (cost=0.43..8.45 rows=0 width=0)
	  ->  Index Scan using sbtest1_pkey on sbtest1  (cost=0.43..8.45 rows=1 width=6)
	        Index Cond: (id = 8233414)

table 2 : explain DELETE FROM sbtest2 WHERE id=1446361
	Delete on sbtest2  (cost=0.43..8.45 rows=0 width=0)
	  ->  Index Scan using sbtest2_pkey on sbtest2  (cost=0.43..8.45 rows=1 width=6)
	        Index Cond: (id = 1446361)

table 3 : explain DELETE FROM sbtest3 WHERE id=1468312
	Delete on sbtest3  (cost=0.43..8.45 rows=0 width=0)
	  ->  Index Scan using sbtest3_pkey on sbtest3  (cost=0.43..8.45 rows=1 width=6)
	        Index Cond: (id = 1468312)

table 4 : explain DELETE FROM sbtest4 WHERE id=5158525
	Delete on sbtest4  (cost=0.43..8.45 rows=0 width=0)
	  ->  Index Scan using sbtest4_pkey on sbtest4  (cost=0.43..8.45 rows=1 width=6)
	        Index Cond: (id = 5158525)

table 5 : explain DELETE FROM sbtest5 WHERE id=5352864
	Delete on sbtest5  (cost=0.43..8.45 rows=0 width=0)
	  ->  Index Scan using sbtest5_pkey on sbtest5  (cost=0.43..8.45 rows=1 width=6)
	        Index Cond: (id = 5352864)

table 6 : explain DELETE FROM sbtest6 WHERE id=4527067
	Delete on sbtest6  (cost=0.43..8.45 rows=0 width=0)
	  ->  Index Scan using sbtest6_pkey on sbtest6  (cost=0.43..8.45 rows=1 width=6)
	        Index Cond: (id = 4527067)

table 7 : explain DELETE FROM sbtest7 WHERE id=2464993
	Delete on sbtest7  (cost=0.43..8.45 rows=0 width=0)
	  ->  Index Scan using sbtest7_pkey on sbtest7  (cost=0.43..8.45 rows=1 width=6)
	        Index Cond: (id = 2464993)

table 8 : explain DELETE FROM sbtest8 WHERE id=8719591
	Delete on sbtest8  (cost=0.43..8.45 rows=0 width=0)
	  ->  Index Scan using sbtest8_pkey on sbtest8  (cost=0.43..8.45 rows=1 width=6)
	        Index Cond: (id = 8719591)

for: sum_ranges
table 1 : explain SELECT SUM(k) FROM sbtest1 WHERE id BETWEEN 2955928 AND 2955937
	Aggregate  (cost=41.92..41.93 rows=1 width=8)
	  ->  Index Scan using sbtest1_pkey on sbtest1  (cost=0.43..41.89 rows=11 width=4)
	        Index Cond: ((id >= 2955928) AND (id <= 2955937))

table 2 : explain SELECT SUM(k) FROM sbtest2 WHERE id BETWEEN 2218900 AND 2218909
	Aggregate  (cost=38.49..38.50 rows=1 width=8)
	  ->  Index Scan using sbtest2_pkey on sbtest2  (cost=0.43..38.47 rows=10 width=4)
	        Index Cond: ((id >= 2218900) AND (id <= 2218909))

table 3 : explain SELECT SUM(k) FROM sbtest3 WHERE id BETWEEN 1167469 AND 1167478
	Aggregate  (cost=35.73..35.74 rows=1 width=8)
	  ->  Index Scan using sbtest3_pkey on sbtest3  (cost=0.43..35.71 rows=9 width=4)
	        Index Cond: ((id >= 1167469) AND (id <= 1167478))

table 4 : explain SELECT SUM(k) FROM sbtest4 WHERE id BETWEEN 7271621 AND 7271630
	Aggregate  (cost=38.94..38.95 rows=1 width=8)
	  ->  Index Scan using sbtest4_pkey on sbtest4  (cost=0.43..38.92 rows=10 width=4)
	        Index Cond: ((id >= 7271621) AND (id <= 7271630))

table 5 : explain SELECT SUM(k) FROM sbtest5 WHERE id BETWEEN 133729 AND 133738
	Aggregate  (cost=38.89..38.90 rows=1 width=8)
	  ->  Index Scan using sbtest5_pkey on sbtest5  (cost=0.43..38.87 rows=10 width=4)
	        Index Cond: ((id >= 133729) AND (id <= 133738))

table 6 : explain SELECT SUM(k) FROM sbtest6 WHERE id BETWEEN 3513966 AND 3513975
	Aggregate  (cost=35.43..35.44 rows=1 width=8)
	  ->  Index Scan using sbtest6_pkey on sbtest6  (cost=0.43..35.40 rows=9 width=4)
	        Index Cond: ((id >= 3513966) AND (id <= 3513975))

table 7 : explain SELECT SUM(k) FROM sbtest7 WHERE id BETWEEN 5215539 AND 5215548
	Aggregate  (cost=38.76..38.77 rows=1 width=8)
	  ->  Index Scan using sbtest7_pkey on sbtest7  (cost=0.43..38.74 rows=10 width=4)
	        Index Cond: ((id >= 5215539) AND (id <= 5215548))

table 8 : explain SELECT SUM(k) FROM sbtest8 WHERE id BETWEEN 5146194 AND 5146203
	Aggregate  (cost=38.89..38.90 rows=1 width=8)
	  ->  Index Scan using sbtest8_pkey on sbtest8  (cost=0.43..38.87 rows=10 width=4)
	        Index Cond: ((id >= 5146194) AND (id <= 5146203))

for: order_ranges
table 1 : explain SELECT c FROM sbtest1 WHERE id BETWEEN 476121 AND 476130 ORDER BY c
	Sort  (cost=38.72..38.74 rows=10 width=121)
	  Sort Key: c
	  ->  Index Scan using sbtest1_pkey on sbtest1  (cost=0.43..38.55 rows=10 width=121)
	        Index Cond: ((id >= 476121) AND (id <= 476130))

table 2 : explain SELECT c FROM sbtest2 WHERE id BETWEEN 4753149 AND 4753158 ORDER BY c
	Sort  (cost=38.63..38.66 rows=10 width=121)
	  Sort Key: c
	  ->  Index Scan using sbtest2_pkey on sbtest2  (cost=0.43..38.47 rows=10 width=121)
	        Index Cond: ((id >= 4753149) AND (id <= 4753158))

table 3 : explain SELECT c FROM sbtest3 WHERE id BETWEEN 1503895 AND 1503904 ORDER BY c
	Sort  (cost=39.28..39.30 rows=10 width=121)
	  Sort Key: c
	  ->  Index Scan using sbtest3_pkey on sbtest3  (cost=0.43..39.11 rows=10 width=121)
	        Index Cond: ((id >= 1503895) AND (id <= 1503904))

table 4 : explain SELECT c FROM sbtest4 WHERE id BETWEEN 2397607 AND 2397616 ORDER BY c
	Sort  (cost=35.68..35.70 rows=9 width=121)
	  Sort Key: c
	  ->  Index Scan using sbtest4_pkey on sbtest4  (cost=0.43..35.53 rows=9 width=121)
	        Index Cond: ((id >= 2397607) AND (id <= 2397616))

table 5 : explain SELECT c FROM sbtest5 WHERE id BETWEEN 7308210 AND 7308219 ORDER BY c
	Sort  (cost=42.44..42.46 rows=11 width=121)
	  Sort Key: c
	  ->  Index Scan using sbtest5_pkey on sbtest5  (cost=0.43..42.25 rows=11 width=121)
	        Index Cond: ((id >= 7308210) AND (id <= 7308219))

table 6 : explain SELECT c FROM sbtest6 WHERE id BETWEEN 9040222 AND 9040231 ORDER BY c
	Sort  (cost=42.33..42.36 rows=11 width=121)
	  Sort Key: c
	  ->  Index Scan using sbtest6_pkey on sbtest6  (cost=0.43..42.14 rows=11 width=121)
	        Index Cond: ((id >= 9040222) AND (id <= 9040231))

table 7 : explain SELECT c FROM sbtest7 WHERE id BETWEEN 2219755 AND 2219764 ORDER BY c
	Sort  (cost=35.52..35.54 rows=9 width=121)
	  Sort Key: c
	  ->  Index Scan using sbtest7_pkey on sbtest7  (cost=0.43..35.37 rows=9 width=121)
	        Index Cond: ((id >= 2219755) AND (id <= 2219764))

table 8 : explain SELECT c FROM sbtest8 WHERE id BETWEEN 754597 AND 754606 ORDER BY c
	Sort  (cost=42.43..42.46 rows=11 width=121)
	  Sort Key: c
	  ->  Index Scan using sbtest8_pkey on sbtest8  (cost=0.43..42.24 rows=11 width=121)
	        Index Cond: ((id >= 754597) AND (id <= 754606))

for index_updates
table 1 : explain UPDATE sbtest1 SET k=k+1 WHERE id=9406923
	Update on sbtest1  (cost=0.43..8.46 rows=0 width=0)
	  ->  Index Scan using sbtest1_pkey on sbtest1  (cost=0.43..8.46 rows=1 width=10)
	        Index Cond: (id = 9406923)

table 2 : explain UPDATE sbtest2 SET k=k+1 WHERE id=7425361
	Update on sbtest2  (cost=0.43..8.46 rows=0 width=0)
	  ->  Index Scan using sbtest2_pkey on sbtest2  (cost=0.43..8.46 rows=1 width=10)
	        Index Cond: (id = 7425361)

table 3 : explain UPDATE sbtest3 SET k=k+1 WHERE id=4832854
	Update on sbtest3  (cost=0.43..8.46 rows=0 width=0)
	  ->  Index Scan using sbtest3_pkey on sbtest3  (cost=0.43..8.46 rows=1 width=10)
	        Index Cond: (id = 4832854)

table 4 : explain UPDATE sbtest4 SET k=k+1 WHERE id=5191584
	Update on sbtest4  (cost=0.43..8.46 rows=0 width=0)
	  ->  Index Scan using sbtest4_pkey on sbtest4  (cost=0.43..8.46 rows=1 width=10)
	        Index Cond: (id = 5191584)

table 5 : explain UPDATE sbtest5 SET k=k+1 WHERE id=2810027
	Update on sbtest5  (cost=0.43..8.46 rows=0 width=0)
	  ->  Index Scan using sbtest5_pkey on sbtest5  (cost=0.43..8.46 rows=1 width=10)
	        Index Cond: (id = 2810027)

table 6 : explain UPDATE sbtest6 SET k=k+1 WHERE id=2468486
	Update on sbtest6  (cost=0.43..8.46 rows=0 width=0)
	  ->  Index Scan using sbtest6_pkey on sbtest6  (cost=0.43..8.46 rows=1 width=10)
	        Index Cond: (id = 2468486)

table 7 : explain UPDATE sbtest7 SET k=k+1 WHERE id=9717264
	Update on sbtest7  (cost=0.43..8.46 rows=0 width=0)
	  ->  Index Scan using sbtest7_pkey on sbtest7  (cost=0.43..8.46 rows=1 width=10)
	        Index Cond: (id = 9717264)

table 8 : explain UPDATE sbtest8 SET k=k+1 WHERE id=4866446
	Update on sbtest8  (cost=0.43..8.46 rows=0 width=0)
	  ->  Index Scan using sbtest8_pkey on sbtest8  (cost=0.43..8.46 rows=1 width=10)
	        Index Cond: (id = 4866446)

for deletes
table 1 : explain DELETE FROM sbtest1 WHERE id=8096386
	Delete on sbtest1  (cost=0.43..8.45 rows=0 width=0)
	  ->  Index Scan using sbtest1_pkey on sbtest1  (cost=0.43..8.45 rows=1 width=6)
	        Index Cond: (id = 8096386)

table 2 : explain DELETE FROM sbtest2 WHERE id=5670701
	Delete on sbtest2  (cost=0.43..8.45 rows=0 width=0)
	  ->  Index Scan using sbtest2_pkey on sbtest2  (cost=0.43..8.45 rows=1 width=6)
	        Index Cond: (id = 5670701)

table 3 : explain DELETE FROM sbtest3 WHERE id=9997250
	Delete on sbtest3  (cost=0.43..8.45 rows=0 width=0)
	  ->  Index Scan using sbtest3_pkey on sbtest3  (cost=0.43..8.45 rows=1 width=6)
	        Index Cond: (id = 9997250)

table 4 : explain DELETE FROM sbtest4 WHERE id=4864121
	Delete on sbtest4  (cost=0.43..8.45 rows=0 width=0)
	  ->  Index Scan using sbtest4_pkey on sbtest4  (cost=0.43..8.45 rows=1 width=6)
	        Index Cond: (id = 4864121)

table 5 : explain DELETE FROM sbtest5 WHERE id=2887775
	Delete on sbtest5  (cost=0.43..8.45 rows=0 width=0)
	  ->  Index Scan using sbtest5_pkey on sbtest5  (cost=0.43..8.45 rows=1 width=6)
	        Index Cond: (id = 2887775)

table 6 : explain DELETE FROM sbtest6 WHERE id=3713986
	Delete on sbtest6  (cost=0.43..8.45 rows=0 width=0)
	  ->  Index Scan using sbtest6_pkey on sbtest6  (cost=0.43..8.45 rows=1 width=6)
	        Index Cond: (id = 3713986)

table 7 : explain DELETE FROM sbtest7 WHERE id=6488914
	Delete on sbtest7  (cost=0.43..8.45 rows=0 width=0)
	  ->  Index Scan using sbtest7_pkey on sbtest7  (cost=0.43..8.45 rows=1 width=6)
	        Index Cond: (id = 6488914)

table 8 : explain DELETE FROM sbtest8 WHERE id=8192650
	Delete on sbtest8  (cost=0.43..8.45 rows=0 width=0)
	  ->  Index Scan using sbtest8_pkey on sbtest8  (cost=0.43..8.45 rows=1 width=6)
	        Index Cond: (id = 8192650)

explain: for inserts :: explain INSERT INTO sbtest%u (id, k, c, pad) VALUES (%u, 13, 'foobar', 'foobar')
explain: for deletes :: explain DELETE FROM sbtest%u WHERE id=%u
for index_updates
table 1 : explain UPDATE sbtest1 SET k=k+1 WHERE id=4665330
	Update on sbtest1  (cost=0.43..8.46 rows=0 width=0)
	  ->  Index Scan using sbtest1_pkey on sbtest1  (cost=0.43..8.46 rows=1 width=10)
	        Index Cond: (id = 4665330)

table 2 : explain UPDATE sbtest2 SET k=k+1 WHERE id=5383639
	Update on sbtest2  (cost=0.43..8.46 rows=0 width=0)
	  ->  Index Scan using sbtest2_pkey on sbtest2  (cost=0.43..8.46 rows=1 width=10)
	        Index Cond: (id = 5383639)

table 3 : explain UPDATE sbtest3 SET k=k+1 WHERE id=2892335
	Update on sbtest3  (cost=0.43..8.46 rows=0 width=0)
	  ->  Index Scan using sbtest3_pkey on sbtest3  (cost=0.43..8.46 rows=1 width=10)
	        Index Cond: (id = 2892335)

table 4 : explain UPDATE sbtest4 SET k=k+1 WHERE id=2229205
	Update on sbtest4  (cost=0.43..8.46 rows=0 width=0)
	  ->  Index Scan using sbtest4_pkey on sbtest4  (cost=0.43..8.46 rows=1 width=10)
	        Index Cond: (id = 2229205)

table 5 : explain UPDATE sbtest5 SET k=k+1 WHERE id=7158823
	Update on sbtest5  (cost=0.43..8.46 rows=0 width=0)
	  ->  Index Scan using sbtest5_pkey on sbtest5  (cost=0.43..8.46 rows=1 width=10)
	        Index Cond: (id = 7158823)

table 6 : explain UPDATE sbtest6 SET k=k+1 WHERE id=985354
	Update on sbtest6  (cost=0.43..8.46 rows=0 width=0)
	  ->  Index Scan using sbtest6_pkey on sbtest6  (cost=0.43..8.46 rows=1 width=10)
	        Index Cond: (id = 985354)

table 7 : explain UPDATE sbtest7 SET k=k+1 WHERE id=1070866
	Update on sbtest7  (cost=0.43..8.46 rows=0 width=0)
	  ->  Index Scan using sbtest7_pkey on sbtest7  (cost=0.43..8.46 rows=1 width=10)
	        Index Cond: (id = 1070866)

table 8 : explain UPDATE sbtest8 SET k=k+1 WHERE id=2886485
	Update on sbtest8  (cost=0.43..8.46 rows=0 width=0)
	  ->  Index Scan using sbtest8_pkey on sbtest8  (cost=0.43..8.46 rows=1 width=10)
	        Index Cond: (id = 2886485)

explain: for inserts :: explain INSERT INTO sbtest%u (id, k, c, pad) VALUES (%u, 13, 'foobar', 'foobar')
for: sum_ranges
table 1 : explain SELECT SUM(k) FROM sbtest1 WHERE id BETWEEN 9217299 AND 9217308
	Aggregate  (cost=38.57..38.58 rows=1 width=8)
	  ->  Index Scan using sbtest1_pkey on sbtest1  (cost=0.43..38.55 rows=10 width=4)
	        Index Cond: ((id >= 9217299) AND (id <= 9217308))

table 2 : explain SELECT SUM(k) FROM sbtest2 WHERE id BETWEEN 1733156 AND 1733165
	Aggregate  (cost=38.49..38.50 rows=1 width=8)
	  ->  Index Scan using sbtest2_pkey on sbtest2  (cost=0.43..38.47 rows=10 width=4)
	        Index Cond: ((id >= 1733156) AND (id <= 1733165))

table 3 : explain SELECT SUM(k) FROM sbtest3 WHERE id BETWEEN 6834044 AND 6834053
	Aggregate  (cost=39.14..39.15 rows=1 width=8)
	  ->  Index Scan using sbtest3_pkey on sbtest3  (cost=0.43..39.11 rows=10 width=4)
	        Index Cond: ((id >= 6834044) AND (id <= 6834053))

table 4 : explain SELECT SUM(k) FROM sbtest4 WHERE id BETWEEN 8358270 AND 8358279
	Aggregate  (cost=38.94..38.95 rows=1 width=8)
	  ->  Index Scan using sbtest4_pkey on sbtest4  (cost=0.43..38.92 rows=10 width=4)
	        Index Cond: ((id >= 8358270) AND (id <= 8358279))

table 5 : explain SELECT SUM(k) FROM sbtest5 WHERE id BETWEEN 2548465 AND 2548474
	Aggregate  (cost=38.89..38.90 rows=1 width=8)
	  ->  Index Scan using sbtest5_pkey on sbtest5  (cost=0.43..38.87 rows=10 width=4)
	        Index Cond: ((id >= 2548465) AND (id <= 2548474))

table 6 : explain SELECT SUM(k) FROM sbtest6 WHERE id BETWEEN 701685 AND 701694
	Aggregate  (cost=38.80..38.81 rows=1 width=8)
	  ->  Index Scan using sbtest6_pkey on sbtest6  (cost=0.43..38.77 rows=10 width=4)
	        Index Cond: ((id >= 701685) AND (id <= 701694))

table 7 : explain SELECT SUM(k) FROM sbtest7 WHERE id BETWEEN 9509018 AND 9509027
	Aggregate  (cost=45.50..45.51 rows=1 width=8)
	  ->  Index Scan using sbtest7_pkey on sbtest7  (cost=0.43..45.47 rows=12 width=4)
	        Index Cond: ((id >= 9509018) AND (id <= 9509027))

table 8 : explain SELECT SUM(k) FROM sbtest8 WHERE id BETWEEN 3039809 AND 3039818
	Aggregate  (cost=42.27..42.28 rows=1 width=8)
	  ->  Index Scan using sbtest8_pkey on sbtest8  (cost=0.43..42.24 rows=11 width=4)
	        Index Cond: ((id >= 3039809) AND (id <= 3039818))

explain: for non_index_updates :: explain UPDATE sbtest%u SET c='foobar' WHERE id=%u
for index_updates
table 1 : explain UPDATE sbtest1 SET k=k+1 WHERE id=3479562
	Update on sbtest1  (cost=0.43..8.46 rows=0 width=0)
	  ->  Index Scan using sbtest1_pkey on sbtest1  (cost=0.43..8.46 rows=1 width=10)
	        Index Cond: (id = 3479562)

table 2 : explain UPDATE sbtest2 SET k=k+1 WHERE id=1054035
	Update on sbtest2  (cost=0.43..8.46 rows=0 width=0)
	  ->  Index Scan using sbtest2_pkey on sbtest2  (cost=0.43..8.46 rows=1 width=10)
	        Index Cond: (id = 1054035)

table 3 : explain UPDATE sbtest3 SET k=k+1 WHERE id=3635968
	Update on sbtest3  (cost=0.43..8.46 rows=0 width=0)
	  ->  Index Scan using sbtest3_pkey on sbtest3  (cost=0.43..8.46 rows=1 width=10)
	        Index Cond: (id = 3635968)

table 4 : explain UPDATE sbtest4 SET k=k+1 WHERE id=4759219
	Update on sbtest4  (cost=0.43..8.46 rows=0 width=0)
	  ->  Index Scan using sbtest4_pkey on sbtest4  (cost=0.43..8.46 rows=1 width=10)
	        Index Cond: (id = 4759219)

table 5 : explain UPDATE sbtest5 SET k=k+1 WHERE id=9357360
	Update on sbtest5  (cost=0.43..8.46 rows=0 width=0)
	  ->  Index Scan using sbtest5_pkey on sbtest5  (cost=0.43..8.46 rows=1 width=10)
	        Index Cond: (id = 9357360)

table 6 : explain UPDATE sbtest6 SET k=k+1 WHERE id=8010567
	Update on sbtest6  (cost=0.43..8.46 rows=0 width=0)
	  ->  Index Scan using sbtest6_pkey on sbtest6  (cost=0.43..8.46 rows=1 width=10)
	        Index Cond: (id = 8010567)

table 7 : explain UPDATE sbtest7 SET k=k+1 WHERE id=2995775
	Update on sbtest7  (cost=0.43..8.46 rows=0 width=0)
	  ->  Index Scan using sbtest7_pkey on sbtest7  (cost=0.43..8.46 rows=1 width=10)
	        Index Cond: (id = 2995775)

table 8 : explain UPDATE sbtest8 SET k=k+1 WHERE id=69149
	Update on sbtest8  (cost=0.43..8.46 rows=0 width=0)
	  ->  Index Scan using sbtest8_pkey on sbtest8  (cost=0.43..8.46 rows=1 width=10)
	        Index Cond: (id = 69149)

for non_index_updates
table 1 : explain UPDATE sbtest1 SET c='foobar' WHERE id=8837888
	Update on sbtest1  (cost=0.43..8.45 rows=0 width=0)
	  ->  Index Scan using sbtest1_pkey on sbtest1  (cost=0.43..8.45 rows=1 width=490)
	        Index Cond: (id = 8837888)

table 2 : explain UPDATE sbtest2 SET c='foobar' WHERE id=406791
	Update on sbtest2  (cost=0.43..8.45 rows=0 width=0)
	  ->  Index Scan using sbtest2_pkey on sbtest2  (cost=0.43..8.45 rows=1 width=490)
	        Index Cond: (id = 406791)

table 3 : explain UPDATE sbtest3 SET c='foobar' WHERE id=3369397
	Update on sbtest3  (cost=0.43..8.45 rows=0 width=0)
	  ->  Index Scan using sbtest3_pkey on sbtest3  (cost=0.43..8.45 rows=1 width=490)
	        Index Cond: (id = 3369397)

table 4 : explain UPDATE sbtest4 SET c='foobar' WHERE id=4507929
	Update on sbtest4  (cost=0.43..8.45 rows=0 width=0)
	  ->  Index Scan using sbtest4_pkey on sbtest4  (cost=0.43..8.45 rows=1 width=490)
	        Index Cond: (id = 4507929)

table 5 : explain UPDATE sbtest5 SET c='foobar' WHERE id=5117514
	Update on sbtest5  (cost=0.43..8.45 rows=0 width=0)
	  ->  Index Scan using sbtest5_pkey on sbtest5  (cost=0.43..8.45 rows=1 width=490)
	        Index Cond: (id = 5117514)

table 6 : explain UPDATE sbtest6 SET c='foobar' WHERE id=9451415
	Update on sbtest6  (cost=0.43..8.45 rows=0 width=0)
	  ->  Index Scan using sbtest6_pkey on sbtest6  (cost=0.43..8.45 rows=1 width=490)
	        Index Cond: (id = 9451415)

table 7 : explain UPDATE sbtest7 SET c='foobar' WHERE id=7348560
	Update on sbtest7  (cost=0.43..8.45 rows=0 width=0)
	  ->  Index Scan using sbtest7_pkey on sbtest7  (cost=0.43..8.45 rows=1 width=490)
	        Index Cond: (id = 7348560)

table 8 : explain UPDATE sbtest8 SET c='foobar' WHERE id=8364033
	Update on sbtest8  (cost=0.43..8.45 rows=0 width=0)
	  ->  Index Scan using sbtest8_pkey on sbtest8  (cost=0.43..8.45 rows=1 width=490)
	        Index Cond: (id = 8364033)

for deletes
table 1 : explain DELETE FROM sbtest1 WHERE id=1036086
	Delete on sbtest1  (cost=0.43..8.45 rows=0 width=0)
	  ->  Index Scan using sbtest1_pkey on sbtest1  (cost=0.43..8.45 rows=1 width=6)
	        Index Cond: (id = 1036086)

table 2 : explain DELETE FROM sbtest2 WHERE id=7834288
	Delete on sbtest2  (cost=0.43..8.45 rows=0 width=0)
	  ->  Index Scan using sbtest2_pkey on sbtest2  (cost=0.43..8.45 rows=1 width=6)
	        Index Cond: (id = 7834288)

table 3 : explain DELETE FROM sbtest3 WHERE id=7733724
	Delete on sbtest3  (cost=0.43..8.45 rows=0 width=0)
	  ->  Index Scan using sbtest3_pkey on sbtest3  (cost=0.43..8.45 rows=1 width=6)
	        Index Cond: (id = 7733724)

table 4 : explain DELETE FROM sbtest4 WHERE id=2093286
	Delete on sbtest4  (cost=0.43..8.45 rows=0 width=0)
	  ->  Index Scan using sbtest4_pkey on sbtest4  (cost=0.43..8.45 rows=1 width=6)
	        Index Cond: (id = 2093286)

table 5 : explain DELETE FROM sbtest5 WHERE id=6192252
	Delete on sbtest5  (cost=0.43..8.45 rows=0 width=0)
	  ->  Index Scan using sbtest5_pkey on sbtest5  (cost=0.43..8.45 rows=1 width=6)
	        Index Cond: (id = 6192252)

table 6 : explain DELETE FROM sbtest6 WHERE id=9220470
	Delete on sbtest6  (cost=0.43..8.45 rows=0 width=0)
	  ->  Index Scan using sbtest6_pkey on sbtest6  (cost=0.43..8.45 rows=1 width=6)
	        Index Cond: (id = 9220470)

table 7 : explain DELETE FROM sbtest7 WHERE id=3473874
	Delete on sbtest7  (cost=0.43..8.45 rows=0 width=0)
	  ->  Index Scan using sbtest7_pkey on sbtest7  (cost=0.43..8.45 rows=1 width=6)
	        Index Cond: (id = 3473874)

table 8 : explain DELETE FROM sbtest8 WHERE id=9489374
	Delete on sbtest8  (cost=0.43..8.45 rows=0 width=0)
	  ->  Index Scan using sbtest8_pkey on sbtest8  (cost=0.43..8.45 rows=1 width=6)
	        Index Cond: (id = 9489374)

explain: for non_index_updates :: explain UPDATE sbtest%u SET c='foobar' WHERE id=%u
explain: for inserts :: explain INSERT INTO sbtest%u (id, k, c, pad) VALUES (%u, 13, 'foobar', 'foobar')
for non_index_updates
table 1 : explain UPDATE sbtest1 SET c='foobar' WHERE id=7670590
	Update on sbtest1  (cost=0.43..8.45 rows=0 width=0)
	  ->  Index Scan using sbtest1_pkey on sbtest1  (cost=0.43..8.45 rows=1 width=490)
	        Index Cond: (id = 7670590)

table 2 : explain UPDATE sbtest2 SET c='foobar' WHERE id=1174473
	Update on sbtest2  (cost=0.43..8.45 rows=0 width=0)
	  ->  Index Scan using sbtest2_pkey on sbtest2  (cost=0.43..8.45 rows=1 width=490)
	        Index Cond: (id = 1174473)

table 3 : explain UPDATE sbtest3 SET c='foobar' WHERE id=38236
	Update on sbtest3  (cost=0.43..8.45 rows=0 width=0)
	  ->  Index Scan using sbtest3_pkey on sbtest3  (cost=0.43..8.45 rows=1 width=490)
	        Index Cond: (id = 38236)

table 4 : explain UPDATE sbtest4 SET c='foobar' WHERE id=6219264
	Update on sbtest4  (cost=0.43..8.45 rows=0 width=0)
	  ->  Index Scan using sbtest4_pkey on sbtest4  (cost=0.43..8.45 rows=1 width=490)
	        Index Cond: (id = 6219264)

table 5 : explain UPDATE sbtest5 SET c='foobar' WHERE id=5860882
	Update on sbtest5  (cost=0.43..8.45 rows=0 width=0)
	  ->  Index Scan using sbtest5_pkey on sbtest5  (cost=0.43..8.45 rows=1 width=490)
	        Index Cond: (id = 5860882)

table 6 : explain UPDATE sbtest6 SET c='foobar' WHERE id=3617338
	Update on sbtest6  (cost=0.43..8.45 rows=0 width=0)
	  ->  Index Scan using sbtest6_pkey on sbtest6  (cost=0.43..8.45 rows=1 width=490)
	        Index Cond: (id = 3617338)

table 7 : explain UPDATE sbtest7 SET c='foobar' WHERE id=6699900
	Update on sbtest7  (cost=0.43..8.45 rows=0 width=0)
	  ->  Index Scan using sbtest7_pkey on sbtest7  (cost=0.43..8.45 rows=1 width=490)
	        Index Cond: (id = 6699900)

table 8 : explain UPDATE sbtest8 SET c='foobar' WHERE id=6472439
	Update on sbtest8  (cost=0.43..8.45 rows=0 width=0)
	  ->  Index Scan using sbtest8_pkey on sbtest8  (cost=0.43..8.45 rows=1 width=490)
	        Index Cond: (id = 6472439)

for inserts
table 1 : explain INSERT INTO sbtest1 (id, k, c, pad) VALUES (8448330, 13, 'foobar', 'foobar')
	Insert on sbtest1  (cost=0.00..0.01 rows=0 width=0)
	  ->  Result  (cost=0.00..0.01 rows=1 width=736)

table 2 : explain INSERT INTO sbtest2 (id, k, c, pad) VALUES (739628, 13, 'foobar', 'foobar')
	Insert on sbtest2  (cost=0.00..0.01 rows=0 width=0)
	  ->  Result  (cost=0.00..0.01 rows=1 width=736)

table 3 : explain INSERT INTO sbtest3 (id, k, c, pad) VALUES (9776038, 13, 'foobar', 'foobar')
	Insert on sbtest3  (cost=0.00..0.01 rows=0 width=0)
	  ->  Result  (cost=0.00..0.01 rows=1 width=736)

table 4 : explain INSERT INTO sbtest4 (id, k, c, pad) VALUES (8944831, 13, 'foobar', 'foobar')
	Insert on sbtest4  (cost=0.00..0.01 rows=0 width=0)
	  ->  Result  (cost=0.00..0.01 rows=1 width=736)

table 5 : explain INSERT INTO sbtest5 (id, k, c, pad) VALUES (4494553, 13, 'foobar', 'foobar')
	Insert on sbtest5  (cost=0.00..0.01 rows=0 width=0)
	  ->  Result  (cost=0.00..0.01 rows=1 width=736)

table 6 : explain INSERT INTO sbtest6 (id, k, c, pad) VALUES (9584056, 13, 'foobar', 'foobar')
	Insert on sbtest6  (cost=0.00..0.01 rows=0 width=0)
	  ->  Result  (cost=0.00..0.01 rows=1 width=736)

table 7 : explain INSERT INTO sbtest7 (id, k, c, pad) VALUES (5483432, 13, 'foobar', 'foobar')
	Insert on sbtest7  (cost=0.00..0.01 rows=0 width=0)
	  ->  Result  (cost=0.00..0.01 rows=1 width=736)

table 8 : explain INSERT INTO sbtest8 (id, k, c, pad) VALUES (8353622, 13, 'foobar', 'foobar')
	Insert on sbtest8  (cost=0.00..0.01 rows=0 width=0)
	  ->  Result  (cost=0.00..0.01 rows=1 width=736)

explain: for deletes :: explain DELETE FROM sbtest%u WHERE id=%u
for: order_ranges
table 1 : explain SELECT c FROM sbtest1 WHERE id BETWEEN 4270711 AND 4270720 ORDER BY c
	Sort  (cost=38.72..38.74 rows=10 width=121)
	  Sort Key: c
	  ->  Index Scan using sbtest1_pkey on sbtest1  (cost=0.43..38.55 rows=10 width=121)
	        Index Cond: ((id >= 4270711) AND (id <= 4270720))

table 2 : explain SELECT c FROM sbtest2 WHERE id BETWEEN 5887038 AND 5887047 ORDER BY c
	Sort  (cost=38.63..38.66 rows=10 width=121)
	  Sort Key: c
	  ->  Index Scan using sbtest2_pkey on sbtest2  (cost=0.43..38.47 rows=10 width=121)
	        Index Cond: ((id >= 5887038) AND (id <= 5887047))

table 3 : explain SELECT c FROM sbtest3 WHERE id BETWEEN 3447555 AND 3447564 ORDER BY c
	Sort  (cost=39.28..39.30 rows=10 width=121)
	  Sort Key: c
	  ->  Index Scan using sbtest3_pkey on sbtest3  (cost=0.43..39.11 rows=10 width=121)
	        Index Cond: ((id >= 3447555) AND (id <= 3447564))

table 4 : explain SELECT c FROM sbtest4 WHERE id BETWEEN 1968712 AND 1968721 ORDER BY c
	Sort  (cost=39.09..39.11 rows=10 width=121)
	  Sort Key: c
	  ->  Index Scan using sbtest4_pkey on sbtest4  (cost=0.43..38.92 rows=10 width=121)
	        Index Cond: ((id >= 1968712) AND (id <= 1968721))

table 5 : explain SELECT c FROM sbtest5 WHERE id BETWEEN 7767136 AND 7767145 ORDER BY c
	Sort  (cost=39.03..39.06 rows=10 width=121)
	  Sort Key: c
	  ->  Index Scan using sbtest5_pkey on sbtest5  (cost=0.43..38.87 rows=10 width=121)
	        Index Cond: ((id >= 7767136) AND (id <= 7767145))

table 6 : explain SELECT c FROM sbtest6 WHERE id BETWEEN 7294266 AND 7294275 ORDER BY c
	Sort  (cost=38.94..38.96 rows=10 width=121)
	  Sort Key: c
	  ->  Index Scan using sbtest6_pkey on sbtest6  (cost=0.43..38.77 rows=10 width=121)
	        Index Cond: ((id >= 7294266) AND (id <= 7294275))

table 7 : explain SELECT c FROM sbtest7 WHERE id BETWEEN 7365684 AND 7365693 ORDER BY c
	Sort  (cost=38.90..38.93 rows=10 width=121)
	  Sort Key: c
	  ->  Index Scan using sbtest7_pkey on sbtest7  (cost=0.43..38.74 rows=10 width=121)
	        Index Cond: ((id >= 7365684) AND (id <= 7365693))

table 8 : explain SELECT c FROM sbtest8 WHERE id BETWEEN 1040238 AND 1040247 ORDER BY c
	Sort  (cost=39.03..39.06 rows=10 width=121)
	  Sort Key: c
	  ->  Index Scan using sbtest8_pkey on sbtest8  (cost=0.43..38.87 rows=10 width=121)
	        Index Cond: ((id >= 1040238) AND (id <= 1040247))

for inserts
table 1 : explain INSERT INTO sbtest1 (id, k, c, pad) VALUES (4732465, 13, 'foobar', 'foobar')
	Insert on sbtest1  (cost=0.00..0.01 rows=0 width=0)
	  ->  Result  (cost=0.00..0.01 rows=1 width=736)

table 2 : explain INSERT INTO sbtest2 (id, k, c, pad) VALUES (2600363, 13, 'foobar', 'foobar')
	Insert on sbtest2  (cost=0.00..0.01 rows=0 width=0)
	  ->  Result  (cost=0.00..0.01 rows=1 width=736)

table 3 : explain INSERT INTO sbtest3 (id, k, c, pad) VALUES (7191267, 13, 'foobar', 'foobar')
	Insert on sbtest3  (cost=0.00..0.01 rows=0 width=0)
	  ->  Result  (cost=0.00..0.01 rows=1 width=736)

table 4 : explain INSERT INTO sbtest4 (id, k, c, pad) VALUES (9416228, 13, 'foobar', 'foobar')
	Insert on sbtest4  (cost=0.00..0.01 rows=0 width=0)
	  ->  Result  (cost=0.00..0.01 rows=1 width=736)

table 5 : explain INSERT INTO sbtest5 (id, k, c, pad) VALUES (6852088, 13, 'foobar', 'foobar')
	Insert on sbtest5  (cost=0.00..0.01 rows=0 width=0)
	  ->  Result  (cost=0.00..0.01 rows=1 width=736)

table 6 : explain INSERT INTO sbtest6 (id, k, c, pad) VALUES (8280121, 13, 'foobar', 'foobar')
	Insert on sbtest6  (cost=0.00..0.01 rows=0 width=0)
	  ->  Result  (cost=0.00..0.01 rows=1 width=736)

table 7 : explain INSERT INTO sbtest7 (id, k, c, pad) VALUES (3442251, 13, 'foobar', 'foobar')
	Insert on sbtest7  (cost=0.00..0.01 rows=0 width=0)
	  ->  Result  (cost=0.00..0.01 rows=1 width=736)

table 8 : explain INSERT INTO sbtest8 (id, k, c, pad) VALUES (5077046, 13, 'foobar', 'foobar')
	Insert on sbtest8  (cost=0.00..0.01 rows=0 width=0)
	  ->  Result  (cost=0.00..0.01 rows=1 width=736)

explain: for inserts :: explain INSERT INTO sbtest%u (id, k, c, pad) VALUES (%u, 13, 'foobar', 'foobar')
explain: for deletes :: explain DELETE FROM sbtest%u WHERE id=%u
for: distinct_ranges
table 1 : explain SELECT DISTINCT c FROM sbtest1 WHERE id BETWEEN 3079052 AND 3079061 ORDER BY c
	Unique  (cost=38.72..38.77 rows=10 width=121)
	  ->  Sort  (cost=38.72..38.74 rows=10 width=121)
	        Sort Key: c
	        ->  Index Scan using sbtest1_pkey on sbtest1  (cost=0.43..38.55 rows=10 width=121)
	              Index Cond: ((id >= 3079052) AND (id <= 3079061))

table 2 : explain SELECT DISTINCT c FROM sbtest2 WHERE id BETWEEN 9042493 AND 9042502 ORDER BY c
	Unique  (cost=38.63..38.68 rows=10 width=121)
	  ->  Sort  (cost=38.63..38.66 rows=10 width=121)
	        Sort Key: c
	        ->  Index Scan using sbtest2_pkey on sbtest2  (cost=0.43..38.47 rows=10 width=121)
	              Index Cond: ((id >= 9042493) AND (id <= 9042502))

table 3 : explain SELECT DISTINCT c FROM sbtest3 WHERE id BETWEEN 6989410 AND 6989419 ORDER BY c
	Unique  (cost=39.28..39.33 rows=10 width=121)
	  ->  Sort  (cost=39.28..39.30 rows=10 width=121)
	        Sort Key: c
	        ->  Index Scan using sbtest3_pkey on sbtest3  (cost=0.43..39.11 rows=10 width=121)
	              Index Cond: ((id >= 6989410) AND (id <= 6989419))

table 4 : explain SELECT DISTINCT c FROM sbtest4 WHERE id BETWEEN 7300874 AND 7300883 ORDER BY c
	Unique  (cost=39.09..39.14 rows=10 width=121)
	  ->  Sort  (cost=39.09..39.11 rows=10 width=121)
	        Sort Key: c
	        ->  Index Scan using sbtest4_pkey on sbtest4  (cost=0.43..38.92 rows=10 width=121)
	              Index Cond: ((id >= 7300874) AND (id <= 7300883))

table 5 : explain SELECT DISTINCT c FROM sbtest5 WHERE id BETWEEN 8625383 AND 8625392 ORDER BY c
	Unique  (cost=39.03..39.08 rows=10 width=121)
	  ->  Sort  (cost=39.03..39.06 rows=10 width=121)
	        Sort Key: c
	        ->  Index Scan using sbtest5_pkey on sbtest5  (cost=0.43..38.87 rows=10 width=121)
	              Index Cond: ((id >= 8625383) AND (id <= 8625392))

table 6 : explain SELECT DISTINCT c FROM sbtest6 WHERE id BETWEEN 985314 AND 985323 ORDER BY c
	Unique  (cost=35.55..35.59 rows=9 width=121)
	  ->  Sort  (cost=35.55..35.57 rows=9 width=121)
	        Sort Key: c
	        ->  Index Scan using sbtest6_pkey on sbtest6  (cost=0.43..35.40 rows=9 width=121)
	              Index Cond: ((id >= 985314) AND (id <= 985323))

table 7 : explain SELECT DISTINCT c FROM sbtest7 WHERE id BETWEEN 8030912 AND 8030921 ORDER BY c
	Unique  (cost=35.52..35.56 rows=9 width=121)
	  ->  Sort  (cost=35.52..35.54 rows=9 width=121)
	        Sort Key: c
	        ->  Index Scan using sbtest7_pkey on sbtest7  (cost=0.43..35.37 rows=9 width=121)
	              Index Cond: ((id >= 8030912) AND (id <= 8030921))

table 8 : explain SELECT DISTINCT c FROM sbtest8 WHERE id BETWEEN 9756178 AND 9756187 ORDER BY c
	Unique  (cost=39.03..39.08 rows=10 width=121)
	  ->  Sort  (cost=39.03..39.06 rows=10 width=121)
	        Sort Key: c
	        ->  Index Scan using sbtest8_pkey on sbtest8  (cost=0.43..38.87 rows=10 width=121)
	              Index Cond: ((id >= 9756178) AND (id <= 9756187))

for inserts
table 1 : explain INSERT INTO sbtest1 (id, k, c, pad) VALUES (7152474, 13, 'foobar', 'foobar')
	Insert on sbtest1  (cost=0.00..0.01 rows=0 width=0)
	  ->  Result  (cost=0.00..0.01 rows=1 width=736)

table 2 : explain INSERT INTO sbtest2 (id, k, c, pad) VALUES (6850992, 13, 'foobar', 'foobar')
	Insert on sbtest2  (cost=0.00..0.01 rows=0 width=0)
	  ->  Result  (cost=0.00..0.01 rows=1 width=736)

table 3 : explain INSERT INTO sbtest3 (id, k, c, pad) VALUES (4288100, 13, 'foobar', 'foobar')
	Insert on sbtest3  (cost=0.00..0.01 rows=0 width=0)
	  ->  Result  (cost=0.00..0.01 rows=1 width=736)

table 4 : explain INSERT INTO sbtest4 (id, k, c, pad) VALUES (3462438, 13, 'foobar', 'foobar')
	Insert on sbtest4  (cost=0.00..0.01 rows=0 width=0)
	  ->  Result  (cost=0.00..0.01 rows=1 width=736)

table 5 : explain INSERT INTO sbtest5 (id, k, c, pad) VALUES (5834878, 13, 'foobar', 'foobar')
	Insert on sbtest5  (cost=0.00..0.01 rows=0 width=0)
	  ->  Result  (cost=0.00..0.01 rows=1 width=736)

table 6 : explain INSERT INTO sbtest6 (id, k, c, pad) VALUES (2756705, 13, 'foobar', 'foobar')
	Insert on sbtest6  (cost=0.00..0.01 rows=0 width=0)
	  ->  Result  (cost=0.00..0.01 rows=1 width=736)

table 7 : explain INSERT INTO sbtest7 (id, k, c, pad) VALUES (9482043, 13, 'foobar', 'foobar')
	Insert on sbtest7  (cost=0.00..0.01 rows=0 width=0)
	  ->  Result  (cost=0.00..0.01 rows=1 width=736)

table 8 : explain INSERT INTO sbtest8 (id, k, c, pad) VALUES (9234627, 13, 'foobar', 'foobar')
	Insert on sbtest8  (cost=0.00..0.01 rows=0 width=0)
	  ->  Result  (cost=0.00..0.01 rows=1 width=736)

for non_index_updates
table 1 : explain UPDATE sbtest1 SET c='foobar' WHERE id=8955820
	Update on sbtest1  (cost=0.43..8.45 rows=0 width=0)
	  ->  Index Scan using sbtest1_pkey on sbtest1  (cost=0.43..8.45 rows=1 width=490)
	        Index Cond: (id = 8955820)

table 2 : explain UPDATE sbtest2 SET c='foobar' WHERE id=342371
	Update on sbtest2  (cost=0.43..8.45 rows=0 width=0)
	  ->  Index Scan using sbtest2_pkey on sbtest2  (cost=0.43..8.45 rows=1 width=490)
	        Index Cond: (id = 342371)

table 3 : explain UPDATE sbtest3 SET c='foobar' WHERE id=5890392
	Update on sbtest3  (cost=0.43..8.45 rows=0 width=0)
	  ->  Index Scan using sbtest3_pkey on sbtest3  (cost=0.43..8.45 rows=1 width=490)
	        Index Cond: (id = 5890392)

table 4 : explain UPDATE sbtest4 SET c='foobar' WHERE id=4783057
	Update on sbtest4  (cost=0.43..8.45 rows=0 width=0)
	  ->  Index Scan using sbtest4_pkey on sbtest4  (cost=0.43..8.45 rows=1 width=490)
	        Index Cond: (id = 4783057)

table 5 : explain UPDATE sbtest5 SET c='foobar' WHERE id=2585209
	Update on sbtest5  (cost=0.43..8.45 rows=0 width=0)
	  ->  Index Scan using sbtest5_pkey on sbtest5  (cost=0.43..8.45 rows=1 width=490)
	        Index Cond: (id = 2585209)

table 6 : explain UPDATE sbtest6 SET c='foobar' WHERE id=1270195
	Update on sbtest6  (cost=0.43..8.45 rows=0 width=0)
	  ->  Index Scan using sbtest6_pkey on sbtest6  (cost=0.43..8.45 rows=1 width=490)
	        Index Cond: (id = 1270195)

table 7 : explain UPDATE sbtest7 SET c='foobar' WHERE id=3796465
	Update on sbtest7  (cost=0.43..8.45 rows=0 width=0)
	  ->  Index Scan using sbtest7_pkey on sbtest7  (cost=0.43..8.45 rows=1 width=490)
	        Index Cond: (id = 3796465)

table 8 : explain UPDATE sbtest8 SET c='foobar' WHERE id=5525726
	Update on sbtest8  (cost=0.43..8.45 rows=0 width=0)
	  ->  Index Scan using sbtest8_pkey on sbtest8  (cost=0.43..8.45 rows=1 width=490)
	        Index Cond: (id = 5525726)

for inserts
table 1 : explain INSERT INTO sbtest1 (id, k, c, pad) VALUES (2602333, 13, 'foobar', 'foobar')
	Insert on sbtest1  (cost=0.00..0.01 rows=0 width=0)
	  ->  Result  (cost=0.00..0.01 rows=1 width=736)

table 2 : explain INSERT INTO sbtest2 (id, k, c, pad) VALUES (9627178, 13, 'foobar', 'foobar')
	Insert on sbtest2  (cost=0.00..0.01 rows=0 width=0)
	  ->  Result  (cost=0.00..0.01 rows=1 width=736)

table 3 : explain INSERT INTO sbtest3 (id, k, c, pad) VALUES (9239739, 13, 'foobar', 'foobar')
	Insert on sbtest3  (cost=0.00..0.01 rows=0 width=0)
	  ->  Result  (cost=0.00..0.01 rows=1 width=736)

table 4 : explain INSERT INTO sbtest4 (id, k, c, pad) VALUES (2585302, 13, 'foobar', 'foobar')
	Insert on sbtest4  (cost=0.00..0.01 rows=0 width=0)
	  ->  Result  (cost=0.00..0.01 rows=1 width=736)

table 5 : explain INSERT INTO sbtest5 (id, k, c, pad) VALUES (460521, 13, 'foobar', 'foobar')
	Insert on sbtest5  (cost=0.00..0.01 rows=0 width=0)
	  ->  Result  (cost=0.00..0.01 rows=1 width=736)

table 6 : explain INSERT INTO sbtest6 (id, k, c, pad) VALUES (7962069, 13, 'foobar', 'foobar')
	Insert on sbtest6  (cost=0.00..0.01 rows=0 width=0)
	  ->  Result  (cost=0.00..0.01 rows=1 width=736)

table 7 : explain INSERT INTO sbtest7 (id, k, c, pad) VALUES (7882473, 13, 'foobar', 'foobar')
	Insert on sbtest7  (cost=0.00..0.01 rows=0 width=0)
	  ->  Result  (cost=0.00..0.01 rows=1 width=736)

table 8 : explain INSERT INTO sbtest8 (id, k, c, pad) VALUES (7058386, 13, 'foobar', 'foobar')
	Insert on sbtest8  (cost=0.00..0.01 rows=0 width=0)
	  ->  Result  (cost=0.00..0.01 rows=1 width=736)

explain: for index_updates :: explain UPDATE sbtest%u SET k=k+1 WHERE id=%u
for: order_ranges
table 1 : explain SELECT c FROM sbtest1 WHERE id BETWEEN 2779782 AND 2779791 ORDER BY c
	Sort  (cost=38.72..38.74 rows=10 width=121)
	  Sort Key: c
	  ->  Index Scan using sbtest1_pkey on sbtest1  (cost=0.43..38.55 rows=10 width=121)
	        Index Cond: ((id >= 2779782) AND (id <= 2779791))

table 2 : explain SELECT c FROM sbtest2 WHERE id BETWEEN 7554179 AND 7554188 ORDER BY c
	Sort  (cost=38.63..38.66 rows=10 width=121)
	  Sort Key: c
	  ->  Index Scan using sbtest2_pkey on sbtest2  (cost=0.43..38.47 rows=10 width=121)
	        Index Cond: ((id >= 7554179) AND (id <= 7554188))

table 3 : explain SELECT c FROM sbtest3 WHERE id BETWEEN 4997991 AND 4998000 ORDER BY c
	Sort  (cost=39.28..39.30 rows=10 width=121)
	  Sort Key: c
	  ->  Index Scan using sbtest3_pkey on sbtest3  (cost=0.43..39.11 rows=10 width=121)
	        Index Cond: ((id >= 4997991) AND (id <= 4998000))

table 4 : explain SELECT c FROM sbtest4 WHERE id BETWEEN 6047264 AND 6047273 ORDER BY c
	Sort  (cost=42.50..42.52 rows=11 width=121)
	  Sort Key: c
	  ->  Index Scan using sbtest4_pkey on sbtest4  (cost=0.43..42.30 rows=11 width=121)
	        Index Cond: ((id >= 6047264) AND (id <= 6047273))

table 5 : explain SELECT c FROM sbtest5 WHERE id BETWEEN 3802136 AND 3802145 ORDER BY c
	Sort  (cost=42.44..42.46 rows=11 width=121)
	  Sort Key: c
	  ->  Index Scan using sbtest5_pkey on sbtest5  (cost=0.43..42.25 rows=11 width=121)
	        Index Cond: ((id >= 3802136) AND (id <= 3802145))

table 6 : explain SELECT c FROM sbtest6 WHERE id BETWEEN 89743 AND 89752 ORDER BY c
	Sort  (cost=38.94..38.96 rows=10 width=121)
	  Sort Key: c
	  ->  Index Scan using sbtest6_pkey on sbtest6  (cost=0.43..38.77 rows=10 width=121)
	        Index Cond: ((id >= 89743) AND (id <= 89752))

table 7 : explain SELECT c FROM sbtest7 WHERE id BETWEEN 1065841 AND 1065850 ORDER BY c
	Sort  (cost=38.90..38.93 rows=10 width=121)
	  Sort Key: c
	  ->  Index Scan using sbtest7_pkey on sbtest7  (cost=0.43..38.74 rows=10 width=121)
	        Index Cond: ((id >= 1065841) AND (id <= 1065850))

table 8 : explain SELECT c FROM sbtest8 WHERE id BETWEEN 7674951 AND 7674960 ORDER BY c
	Sort  (cost=39.03..39.06 rows=10 width=121)
	  Sort Key: c
	  ->  Index Scan using sbtest8_pkey on sbtest8  (cost=0.43..38.87 rows=10 width=121)
	        Index Cond: ((id >= 7674951) AND (id <= 7674960))

explain: for deletes :: explain DELETE FROM sbtest%u WHERE id=%u
for inserts
table 1 : explain INSERT INTO sbtest1 (id, k, c, pad) VALUES (4404530, 13, 'foobar', 'foobar')
	Insert on sbtest1  (cost=0.00..0.01 rows=0 width=0)
	  ->  Result  (cost=0.00..0.01 rows=1 width=736)

table 2 : explain INSERT INTO sbtest2 (id, k, c, pad) VALUES (6412694, 13, 'foobar', 'foobar')
	Insert on sbtest2  (cost=0.00..0.01 rows=0 width=0)
	  ->  Result  (cost=0.00..0.01 rows=1 width=736)

table 3 : explain INSERT INTO sbtest3 (id, k, c, pad) VALUES (398501, 13, 'foobar', 'foobar')
	Insert on sbtest3  (cost=0.00..0.01 rows=0 width=0)
	  ->  Result  (cost=0.00..0.01 rows=1 width=736)

table 4 : explain INSERT INTO sbtest4 (id, k, c, pad) VALUES (2616103, 13, 'foobar', 'foobar')
	Insert on sbtest4  (cost=0.00..0.01 rows=0 width=0)
	  ->  Result  (cost=0.00..0.01 rows=1 width=736)

table 5 : explain INSERT INTO sbtest5 (id, k, c, pad) VALUES (7839781, 13, 'foobar', 'foobar')
	Insert on sbtest5  (cost=0.00..0.01 rows=0 width=0)
	  ->  Result  (cost=0.00..0.01 rows=1 width=736)

table 6 : explain INSERT INTO sbtest6 (id, k, c, pad) VALUES (2823177, 13, 'foobar', 'foobar')
	Insert on sbtest6  (cost=0.00..0.01 rows=0 width=0)
	  ->  Result  (cost=0.00..0.01 rows=1 width=736)

table 7 : explain INSERT INTO sbtest7 (id, k, c, pad) VALUES (8958429, 13, 'foobar', 'foobar')
	Insert on sbtest7  (cost=0.00..0.01 rows=0 width=0)
	  ->  Result  (cost=0.00..0.01 rows=1 width=736)

table 8 : explain INSERT INTO sbtest8 (id, k, c, pad) VALUES (9793117, 13, 'foobar', 'foobar')
	Insert on sbtest8  (cost=0.00..0.01 rows=0 width=0)
	  ->  Result  (cost=0.00..0.01 rows=1 width=736)

for deletes
table 1 : explain DELETE FROM sbtest1 WHERE id=9943008
	Delete on sbtest1  (cost=0.43..8.45 rows=0 width=0)
	  ->  Index Scan using sbtest1_pkey on sbtest1  (cost=0.43..8.45 rows=1 width=6)
	        Index Cond: (id = 9943008)

table 2 : explain DELETE FROM sbtest2 WHERE id=1049089
	Delete on sbtest2  (cost=0.43..8.45 rows=0 width=0)
	  ->  Index Scan using sbtest2_pkey on sbtest2  (cost=0.43..8.45 rows=1 width=6)
	        Index Cond: (id = 1049089)

table 3 : explain DELETE FROM sbtest3 WHERE id=3475243
	Delete on sbtest3  (cost=0.43..8.45 rows=0 width=0)
	  ->  Index Scan using sbtest3_pkey on sbtest3  (cost=0.43..8.45 rows=1 width=6)
	        Index Cond: (id = 3475243)

table 4 : explain DELETE FROM sbtest4 WHERE id=4024485
	Delete on sbtest4  (cost=0.43..8.45 rows=0 width=0)
	  ->  Index Scan using sbtest4_pkey on sbtest4  (cost=0.43..8.45 rows=1 width=6)
	        Index Cond: (id = 4024485)

table 5 : explain DELETE FROM sbtest5 WHERE id=7671837
	Delete on sbtest5  (cost=0.43..8.45 rows=0 width=0)
	  ->  Index Scan using sbtest5_pkey on sbtest5  (cost=0.43..8.45 rows=1 width=6)
	        Index Cond: (id = 7671837)

table 6 : explain DELETE FROM sbtest6 WHERE id=1760351
	Delete on sbtest6  (cost=0.43..8.45 rows=0 width=0)
	  ->  Index Scan using sbtest6_pkey on sbtest6  (cost=0.43..8.45 rows=1 width=6)
	        Index Cond: (id = 1760351)

table 7 : explain DELETE FROM sbtest7 WHERE id=3356247
	Delete on sbtest7  (cost=0.43..8.45 rows=0 width=0)
	  ->  Index Scan using sbtest7_pkey on sbtest7  (cost=0.43..8.45 rows=1 width=6)
	        Index Cond: (id = 3356247)

table 8 : explain DELETE FROM sbtest8 WHERE id=2449313
	Delete on sbtest8  (cost=0.43..8.45 rows=0 width=0)
	  ->  Index Scan using sbtest8_pkey on sbtest8  (cost=0.43..8.45 rows=1 width=6)
	        Index Cond: (id = 2449313)

for: distinct_ranges
table 1 : explain SELECT DISTINCT c FROM sbtest1 WHERE id BETWEEN 6167278 AND 6167287 ORDER BY c
	Unique  (cost=38.72..38.77 rows=10 width=121)
	  ->  Sort  (cost=38.72..38.74 rows=10 width=121)
	        Sort Key: c
	        ->  Index Scan using sbtest1_pkey on sbtest1  (cost=0.43..38.55 rows=10 width=121)
	              Index Cond: ((id >= 6167278) AND (id <= 6167287))

table 2 : explain SELECT DISTINCT c FROM sbtest2 WHERE id BETWEEN 4236856 AND 4236865 ORDER BY c
	Unique  (cost=38.63..38.68 rows=10 width=121)
	  ->  Sort  (cost=38.63..38.66 rows=10 width=121)
	        Sort Key: c
	        ->  Index Scan using sbtest2_pkey on sbtest2  (cost=0.43..38.47 rows=10 width=121)
	              Index Cond: ((id >= 4236856) AND (id <= 4236865))

table 3 : explain SELECT DISTINCT c FROM sbtest3 WHERE id BETWEEN 7260217 AND 7260226 ORDER BY c
	Unique  (cost=35.85..35.89 rows=9 width=121)
	  ->  Sort  (cost=35.85..35.87 rows=9 width=121)
	        Sort Key: c
	        ->  Index Scan using sbtest3_pkey on sbtest3  (cost=0.43..35.71 rows=9 width=121)
	              Index Cond: ((id >= 7260217) AND (id <= 7260226))

table 4 : explain SELECT DISTINCT c FROM sbtest4 WHERE id BETWEEN 7964646 AND 7964655 ORDER BY c
	Unique  (cost=39.09..39.14 rows=10 width=121)
	  ->  Sort  (cost=39.09..39.11 rows=10 width=121)
	        Sort Key: c
	        ->  Index Scan using sbtest4_pkey on sbtest4  (cost=0.43..38.92 rows=10 width=121)
	              Index Cond: ((id >= 7964646) AND (id <= 7964655))

table 5 : explain SELECT DISTINCT c FROM sbtest5 WHERE id BETWEEN 5085855 AND 5085864 ORDER BY c
	Unique  (cost=39.03..39.08 rows=10 width=121)
	  ->  Sort  (cost=39.03..39.06 rows=10 width=121)
	        Sort Key: c
	        ->  Index Scan using sbtest5_pkey on sbtest5  (cost=0.43..38.87 rows=10 width=121)
	              Index Cond: ((id >= 5085855) AND (id <= 5085864))

table 6 : explain SELECT DISTINCT c FROM sbtest6 WHERE id BETWEEN 3132172 AND 3132181 ORDER BY c
	Unique  (cost=38.94..38.99 rows=10 width=121)
	  ->  Sort  (cost=38.94..38.96 rows=10 width=121)
	        Sort Key: c
	        ->  Index Scan using sbtest6_pkey on sbtest6  (cost=0.43..38.77 rows=10 width=121)
	              Index Cond: ((id >= 3132172) AND (id <= 3132181))

table 7 : explain SELECT DISTINCT c FROM sbtest7 WHERE id BETWEEN 5306850 AND 5306859 ORDER BY c
	Unique  (cost=42.29..42.35 rows=11 width=121)
	  ->  Sort  (cost=42.29..42.32 rows=11 width=121)
	        Sort Key: c
	        ->  Index Scan using sbtest7_pkey on sbtest7  (cost=0.43..42.10 rows=11 width=121)
	              Index Cond: ((id >= 5306850) AND (id <= 5306859))

table 8 : explain SELECT DISTINCT c FROM sbtest8 WHERE id BETWEEN 8120608 AND 8120617 ORDER BY c
	Unique  (cost=39.03..39.08 rows=10 width=121)
	  ->  Sort  (cost=39.03..39.06 rows=10 width=121)
	        Sort Key: c
	        ->  Index Scan using sbtest8_pkey on sbtest8  (cost=0.43..38.87 rows=10 width=121)
	              Index Cond: ((id >= 8120608) AND (id <= 8120617))

for deletes
table 1 : explain DELETE FROM sbtest1 WHERE id=3589301
	Delete on sbtest1  (cost=0.43..8.45 rows=0 width=0)
	  ->  Index Scan using sbtest1_pkey on sbtest1  (cost=0.43..8.45 rows=1 width=6)
	        Index Cond: (id = 3589301)

table 2 : explain DELETE FROM sbtest2 WHERE id=9561142
	Delete on sbtest2  (cost=0.43..8.45 rows=0 width=0)
	  ->  Index Scan using sbtest2_pkey on sbtest2  (cost=0.43..8.45 rows=1 width=6)
	        Index Cond: (id = 9561142)

table 3 : explain DELETE FROM sbtest3 WHERE id=6377302
	Delete on sbtest3  (cost=0.43..8.45 rows=0 width=0)
	  ->  Index Scan using sbtest3_pkey on sbtest3  (cost=0.43..8.45 rows=1 width=6)
	        Index Cond: (id = 6377302)

table 4 : explain DELETE FROM sbtest4 WHERE id=1447136
	Delete on sbtest4  (cost=0.43..8.45 rows=0 width=0)
	  ->  Index Scan using sbtest4_pkey on sbtest4  (cost=0.43..8.45 rows=1 width=6)
	        Index Cond: (id = 1447136)

table 5 : explain DELETE FROM sbtest5 WHERE id=7759764
	Delete on sbtest5  (cost=0.43..8.45 rows=0 width=0)
	  ->  Index Scan using sbtest5_pkey on sbtest5  (cost=0.43..8.45 rows=1 width=6)
	        Index Cond: (id = 7759764)

table 6 : explain DELETE FROM sbtest6 WHERE id=8208086
	Delete on sbtest6  (cost=0.43..8.45 rows=0 width=0)
	  ->  Index Scan using sbtest6_pkey on sbtest6  (cost=0.43..8.45 rows=1 width=6)
	        Index Cond: (id = 8208086)

table 7 : explain DELETE FROM sbtest7 WHERE id=9507479
	Delete on sbtest7  (cost=0.43..8.45 rows=0 width=0)
	  ->  Index Scan using sbtest7_pkey on sbtest7  (cost=0.43..8.45 rows=1 width=6)
	        Index Cond: (id = 9507479)

table 8 : explain DELETE FROM sbtest8 WHERE id=762782
	Delete on sbtest8  (cost=0.43..8.45 rows=0 width=0)
	  ->  Index Scan using sbtest8_pkey on sbtest8  (cost=0.43..8.45 rows=1 width=6)
	        Index Cond: (id = 762782)

explain: for non_index_updates :: explain UPDATE sbtest%u SET c='foobar' WHERE id=%u
for deletes
table 1 : explain DELETE FROM sbtest1 WHERE id=8487644
	Delete on sbtest1  (cost=0.43..8.45 rows=0 width=0)
	  ->  Index Scan using sbtest1_pkey on sbtest1  (cost=0.43..8.45 rows=1 width=6)
	        Index Cond: (id = 8487644)

table 2 : explain DELETE FROM sbtest2 WHERE id=281763
	Delete on sbtest2  (cost=0.43..8.45 rows=0 width=0)
	  ->  Index Scan using sbtest2_pkey on sbtest2  (cost=0.43..8.45 rows=1 width=6)
	        Index Cond: (id = 281763)

table 3 : explain DELETE FROM sbtest3 WHERE id=9234691
	Delete on sbtest3  (cost=0.43..8.45 rows=0 width=0)
	  ->  Index Scan using sbtest3_pkey on sbtest3  (cost=0.43..8.45 rows=1 width=6)
	        Index Cond: (id = 9234691)

table 4 : explain DELETE FROM sbtest4 WHERE id=9087826
	Delete on sbtest4  (cost=0.43..8.45 rows=0 width=0)
	  ->  Index Scan using sbtest4_pkey on sbtest4  (cost=0.43..8.45 rows=1 width=6)
	        Index Cond: (id = 9087826)

table 5 : explain DELETE FROM sbtest5 WHERE id=6743242
	Delete on sbtest5  (cost=0.43..8.45 rows=0 width=0)
	  ->  Index Scan using sbtest5_pkey on sbtest5  (cost=0.43..8.45 rows=1 width=6)
	        Index Cond: (id = 6743242)

table 6 : explain DELETE FROM sbtest6 WHERE id=4448575
	Delete on sbtest6  (cost=0.43..8.45 rows=0 width=0)
	  ->  Index Scan using sbtest6_pkey on sbtest6  (cost=0.43..8.45 rows=1 width=6)
	        Index Cond: (id = 4448575)

table 7 : explain DELETE FROM sbtest7 WHERE id=4582427
	Delete on sbtest7  (cost=0.43..8.45 rows=0 width=0)
	  ->  Index Scan using sbtest7_pkey on sbtest7  (cost=0.43..8.45 rows=1 width=6)
	        Index Cond: (id = 4582427)

table 8 : explain DELETE FROM sbtest8 WHERE id=8674883
	Delete on sbtest8  (cost=0.43..8.45 rows=0 width=0)
	  ->  Index Scan using sbtest8_pkey on sbtest8  (cost=0.43..8.45 rows=1 width=6)
	        Index Cond: (id = 8674883)

explain: for index_updates :: explain UPDATE sbtest%u SET k=k+1 WHERE id=%u
for index_updates
table 1 : explain UPDATE sbtest1 SET k=k+1 WHERE id=1383013
	Update on sbtest1  (cost=0.43..8.46 rows=0 width=0)
	  ->  Index Scan using sbtest1_pkey on sbtest1  (cost=0.43..8.46 rows=1 width=10)
	        Index Cond: (id = 1383013)

table 2 : explain UPDATE sbtest2 SET k=k+1 WHERE id=1683328
	Update on sbtest2  (cost=0.43..8.46 rows=0 width=0)
	  ->  Index Scan using sbtest2_pkey on sbtest2  (cost=0.43..8.46 rows=1 width=10)
	        Index Cond: (id = 1683328)

table 3 : explain UPDATE sbtest3 SET k=k+1 WHERE id=8576915
	Update on sbtest3  (cost=0.43..8.46 rows=0 width=0)
	  ->  Index Scan using sbtest3_pkey on sbtest3  (cost=0.43..8.46 rows=1 width=10)
	        Index Cond: (id = 8576915)

table 4 : explain UPDATE sbtest4 SET k=k+1 WHERE id=7191547
	Update on sbtest4  (cost=0.43..8.46 rows=0 width=0)
	  ->  Index Scan using sbtest4_pkey on sbtest4  (cost=0.43..8.46 rows=1 width=10)
	        Index Cond: (id = 7191547)

table 5 : explain UPDATE sbtest5 SET k=k+1 WHERE id=6319536
	Update on sbtest5  (cost=0.43..8.46 rows=0 width=0)
	  ->  Index Scan using sbtest5_pkey on sbtest5  (cost=0.43..8.46 rows=1 width=10)
	        Index Cond: (id = 6319536)

table 6 : explain UPDATE sbtest6 SET k=k+1 WHERE id=3317974
	Update on sbtest6  (cost=0.43..8.46 rows=0 width=0)
	  ->  Index Scan using sbtest6_pkey on sbtest6  (cost=0.43..8.46 rows=1 width=10)
	        Index Cond: (id = 3317974)

table 7 : explain UPDATE sbtest7 SET k=k+1 WHERE id=5464622
	Update on sbtest7  (cost=0.43..8.46 rows=0 width=0)
	  ->  Index Scan using sbtest7_pkey on sbtest7  (cost=0.43..8.46 rows=1 width=10)
	        Index Cond: (id = 5464622)

table 8 : explain UPDATE sbtest8 SET k=k+1 WHERE id=6148812
	Update on sbtest8  (cost=0.43..8.46 rows=0 width=0)
	  ->  Index Scan using sbtest8_pkey on sbtest8  (cost=0.43..8.46 rows=1 width=10)
	        Index Cond: (id = 6148812)

explain: for inserts :: explain INSERT INTO sbtest%u (id, k, c, pad) VALUES (%u, 13, 'foobar', 'foobar')
for: distinct_ranges
table 1 : explain SELECT DISTINCT c FROM sbtest1 WHERE id BETWEEN 6758873 AND 6758882 ORDER BY c
	Unique  (cost=35.35..35.39 rows=9 width=121)
	  ->  Sort  (cost=35.35..35.37 rows=9 width=121)
	        Sort Key: c
	        ->  Index Scan using sbtest1_pkey on sbtest1  (cost=0.43..35.21 rows=9 width=121)
	              Index Cond: ((id >= 6758873) AND (id <= 6758882))

table 2 : explain SELECT DISTINCT c FROM sbtest2 WHERE id BETWEEN 9381687 AND 9381696 ORDER BY c
	Unique  (cost=41.99..42.05 rows=11 width=121)
	  ->  Sort  (cost=41.99..42.02 rows=11 width=121)
	        Sort Key: c
	        ->  Index Scan using sbtest2_pkey on sbtest2  (cost=0.43..41.80 rows=11 width=121)
	              Index Cond: ((id >= 9381687) AND (id <= 9381696))

table 3 : explain SELECT DISTINCT c FROM sbtest3 WHERE id BETWEEN 604723 AND 604732 ORDER BY c
	Unique  (cost=42.71..42.76 rows=11 width=121)
	  ->  Sort  (cost=42.71..42.74 rows=11 width=121)
	        Sort Key: c
	        ->  Index Scan using sbtest3_pkey on sbtest3  (cost=0.43..42.52 rows=11 width=121)
	              Index Cond: ((id >= 604723) AND (id <= 604732))

table 4 : explain SELECT DISTINCT c FROM sbtest4 WHERE id BETWEEN 8278784 AND 8278793 ORDER BY c
	Unique  (cost=39.09..39.14 rows=10 width=121)
	  ->  Sort  (cost=39.09..39.11 rows=10 width=121)
	        Sort Key: c
	        ->  Index Scan using sbtest4_pkey on sbtest4  (cost=0.43..38.92 rows=10 width=121)
	              Index Cond: ((id >= 8278784) AND (id <= 8278793))

table 5 : explain SELECT DISTINCT c FROM sbtest5 WHERE id BETWEEN 8271912 AND 8271921 ORDER BY c
	Unique  (cost=35.63..35.68 rows=9 width=121)
	  ->  Sort  (cost=35.63..35.65 rows=9 width=121)
	        Sort Key: c
	        ->  Index Scan using sbtest5_pkey on sbtest5  (cost=0.43..35.49 rows=9 width=121)
	              Index Cond: ((id >= 8271912) AND (id <= 8271921))

table 6 : explain SELECT DISTINCT c FROM sbtest6 WHERE id BETWEEN 4596352 AND 4596361 ORDER BY c
	Unique  (cost=42.33..42.39 rows=11 width=121)
	  ->  Sort  (cost=42.33..42.36 rows=11 width=121)
	        Sort Key: c
	        ->  Index Scan using sbtest6_pkey on sbtest6  (cost=0.43..42.14 rows=11 width=121)
	              Index Cond: ((id >= 4596352) AND (id <= 4596361))

table 7 : explain SELECT DISTINCT c FROM sbtest7 WHERE id BETWEEN 1903725 AND 1903734 ORDER BY c
	Unique  (cost=38.90..38.95 rows=10 width=121)
	  ->  Sort  (cost=38.90..38.93 rows=10 width=121)
	        Sort Key: c
	        ->  Index Scan using sbtest7_pkey on sbtest7  (cost=0.43..38.74 rows=10 width=121)
	              Index Cond: ((id >= 1903725) AND (id <= 1903734))

table 8 : explain SELECT DISTINCT c FROM sbtest8 WHERE id BETWEEN 9664233 AND 9664242 ORDER BY c
	Unique  (cost=39.03..39.08 rows=10 width=121)
	  ->  Sort  (cost=39.03..39.06 rows=10 width=121)
	        Sort Key: c
	        ->  Index Scan using sbtest8_pkey on sbtest8  (cost=0.43..38.87 rows=10 width=121)
	              Index Cond: ((id >= 9664233) AND (id <= 9664242))

for: order_ranges
table 1 : explain SELECT c FROM sbtest1 WHERE id BETWEEN 5790025 AND 5790034 ORDER BY c
	Sort  (cost=42.08..42.11 rows=11 width=121)
	  Sort Key: c
	  ->  Index Scan using sbtest1_pkey on sbtest1  (cost=0.43..41.89 rows=11 width=121)
	        Index Cond: ((id >= 5790025) AND (id <= 5790034))

table 2 : explain SELECT c FROM sbtest2 WHERE id BETWEEN 6272037 AND 6272046 ORDER BY c
	Sort  (cost=38.63..38.66 rows=10 width=121)
	  Sort Key: c
	  ->  Index Scan using sbtest2_pkey on sbtest2  (cost=0.43..38.47 rows=10 width=121)
	        Index Cond: ((id >= 6272037) AND (id <= 6272046))

table 3 : explain SELECT c FROM sbtest3 WHERE id BETWEEN 7311556 AND 7311565 ORDER BY c
	Sort  (cost=42.71..42.74 rows=11 width=121)
	  Sort Key: c
	  ->  Index Scan using sbtest3_pkey on sbtest3  (cost=0.43..42.52 rows=11 width=121)
	        Index Cond: ((id >= 7311556) AND (id <= 7311565))

table 4 : explain SELECT c FROM sbtest4 WHERE id BETWEEN 4916234 AND 4916243 ORDER BY c
	Sort  (cost=42.50..42.52 rows=11 width=121)
	  Sort Key: c
	  ->  Index Scan using sbtest4_pkey on sbtest4  (cost=0.43..42.30 rows=11 width=121)
	        Index Cond: ((id >= 4916234) AND (id <= 4916243))

table 5 : explain SELECT c FROM sbtest5 WHERE id BETWEEN 7102518 AND 7102527 ORDER BY c
	Sort  (cost=39.03..39.06 rows=10 width=121)
	  Sort Key: c
	  ->  Index Scan using sbtest5_pkey on sbtest5  (cost=0.43..38.87 rows=10 width=121)
	        Index Cond: ((id >= 7102518) AND (id <= 7102527))

table 6 : explain SELECT c FROM sbtest6 WHERE id BETWEEN 7299438 AND 7299447 ORDER BY c
	Sort  (cost=38.94..38.96 rows=10 width=121)
	  Sort Key: c
	  ->  Index Scan using sbtest6_pkey on sbtest6  (cost=0.43..38.77 rows=10 width=121)
	        Index Cond: ((id >= 7299438) AND (id <= 7299447))

table 7 : explain SELECT c FROM sbtest7 WHERE id BETWEEN 1189750 AND 1189759 ORDER BY c
	Sort  (cost=38.90..38.93 rows=10 width=121)
	  Sort Key: c
	  ->  Index Scan using sbtest7_pkey on sbtest7  (cost=0.43..38.74 rows=10 width=121)
	        Index Cond: ((id >= 1189750) AND (id <= 1189759))

table 8 : explain SELECT c FROM sbtest8 WHERE id BETWEEN 8674333 AND 8674342 ORDER BY c
	Sort  (cost=39.03..39.06 rows=10 width=121)
	  Sort Key: c
	  ->  Index Scan using sbtest8_pkey on sbtest8  (cost=0.43..38.87 rows=10 width=121)
	        Index Cond: ((id >= 8674333) AND (id <= 8674342))

for: distinct_ranges
table 1 : explain SELECT DISTINCT c FROM sbtest1 WHERE id BETWEEN 6622542 AND 6622551 ORDER BY c
	Unique  (cost=42.08..42.14 rows=11 width=121)
	  ->  Sort  (cost=42.08..42.11 rows=11 width=121)
	        Sort Key: c
	        ->  Index Scan using sbtest1_pkey on sbtest1  (cost=0.43..41.89 rows=11 width=121)
	              Index Cond: ((id >= 6622542) AND (id <= 6622551))

table 2 : explain SELECT DISTINCT c FROM sbtest2 WHERE id BETWEEN 1430004 AND 1430013 ORDER BY c
	Unique  (cost=38.63..38.68 rows=10 width=121)
	  ->  Sort  (cost=38.63..38.66 rows=10 width=121)
	        Sort Key: c
	        ->  Index Scan using sbtest2_pkey on sbtest2  (cost=0.43..38.47 rows=10 width=121)
	              Index Cond: ((id >= 1430004) AND (id <= 1430013))

table 3 : explain SELECT DISTINCT c FROM sbtest3 WHERE id BETWEEN 6160492 AND 6160501 ORDER BY c
	Unique  (cost=42.71..42.76 rows=11 width=121)
	  ->  Sort  (cost=42.71..42.74 rows=11 width=121)
	        Sort Key: c
	        ->  Index Scan using sbtest3_pkey on sbtest3  (cost=0.43..42.52 rows=11 width=121)
	              Index Cond: ((id >= 6160492) AND (id <= 6160501))

table 4 : explain SELECT DISTINCT c FROM sbtest4 WHERE id BETWEEN 517512 AND 517521 ORDER BY c
	Unique  (cost=39.09..39.14 rows=10 width=121)
	  ->  Sort  (cost=39.09..39.11 rows=10 width=121)
	        Sort Key: c
	        ->  Index Scan using sbtest4_pkey on sbtest4  (cost=0.43..38.92 rows=10 width=121)
	              Index Cond: ((id >= 517512) AND (id <= 517521))

table 5 : explain SELECT DISTINCT c FROM sbtest5 WHERE id BETWEEN 4049413 AND 4049422 ORDER BY c
	Unique  (cost=39.03..39.08 rows=10 width=121)
	  ->  Sort  (cost=39.03..39.06 rows=10 width=121)
	        Sort Key: c
	        ->  Index Scan using sbtest5_pkey on sbtest5  (cost=0.43..38.87 rows=10 width=121)
	              Index Cond: ((id >= 4049413) AND (id <= 4049422))

table 6 : explain SELECT DISTINCT c FROM sbtest6 WHERE id BETWEEN 1724688 AND 1724697 ORDER BY c
	Unique  (cost=38.94..38.99 rows=10 width=121)
	  ->  Sort  (cost=38.94..38.96 rows=10 width=121)
	        Sort Key: c
	        ->  Index Scan using sbtest6_pkey on sbtest6  (cost=0.43..38.77 rows=10 width=121)
	              Index Cond: ((id >= 1724688) AND (id <= 1724697))

table 7 : explain SELECT DISTINCT c FROM sbtest7 WHERE id BETWEEN 2572909 AND 2572918 ORDER BY c
	Unique  (cost=35.52..35.56 rows=9 width=121)
	  ->  Sort  (cost=35.52..35.54 rows=9 width=121)
	        Sort Key: c
	        ->  Index Scan using sbtest7_pkey on sbtest7  (cost=0.43..35.37 rows=9 width=121)
	              Index Cond: ((id >= 2572909) AND (id <= 2572918))

table 8 : explain SELECT DISTINCT c FROM sbtest8 WHERE id BETWEEN 968174 AND 968183 ORDER BY c
	Unique  (cost=39.03..39.08 rows=10 width=121)
	  ->  Sort  (cost=39.03..39.06 rows=10 width=121)
	        Sort Key: c
	        ->  Index Scan using sbtest8_pkey on sbtest8  (cost=0.43..38.87 rows=10 width=121)
	              Index Cond: ((id >= 968174) AND (id <= 968183))

explain: for inserts :: explain INSERT INTO sbtest%u (id, k, c, pad) VALUES (%u, 13, 'foobar', 'foobar')
explain: for non_index_updates :: explain UPDATE sbtest%u SET c='foobar' WHERE id=%u
explain: for inserts :: explain INSERT INTO sbtest%u (id, k, c, pad) VALUES (%u, 13, 'foobar', 'foobar')
for non_index_updates
table 1 : explain UPDATE sbtest1 SET c='foobar' WHERE id=9495900
	Update on sbtest1  (cost=0.43..8.45 rows=0 width=0)
	  ->  Index Scan using sbtest1_pkey on sbtest1  (cost=0.43..8.45 rows=1 width=490)
	        Index Cond: (id = 9495900)

table 2 : explain UPDATE sbtest2 SET c='foobar' WHERE id=5887845
	Update on sbtest2  (cost=0.43..8.45 rows=0 width=0)
	  ->  Index Scan using sbtest2_pkey on sbtest2  (cost=0.43..8.45 rows=1 width=490)
	        Index Cond: (id = 5887845)

table 3 : explain UPDATE sbtest3 SET c='foobar' WHERE id=1390856
	Update on sbtest3  (cost=0.43..8.45 rows=0 width=0)
	  ->  Index Scan using sbtest3_pkey on sbtest3  (cost=0.43..8.45 rows=1 width=490)
	        Index Cond: (id = 1390856)

table 4 : explain UPDATE sbtest4 SET c='foobar' WHERE id=7813438
	Update on sbtest4  (cost=0.43..8.45 rows=0 width=0)
	  ->  Index Scan using sbtest4_pkey on sbtest4  (cost=0.43..8.45 rows=1 width=490)
	        Index Cond: (id = 7813438)

table 5 : explain UPDATE sbtest5 SET c='foobar' WHERE id=1315425
	Update on sbtest5  (cost=0.43..8.45 rows=0 width=0)
	  ->  Index Scan using sbtest5_pkey on sbtest5  (cost=0.43..8.45 rows=1 width=490)
	        Index Cond: (id = 1315425)

table 6 : explain UPDATE sbtest6 SET c='foobar' WHERE id=5353967
	Update on sbtest6  (cost=0.43..8.45 rows=0 width=0)
	  ->  Index Scan using sbtest6_pkey on sbtest6  (cost=0.43..8.45 rows=1 width=490)
	        Index Cond: (id = 5353967)

table 7 : explain UPDATE sbtest7 SET c='foobar' WHERE id=9907615
	Update on sbtest7  (cost=0.43..8.45 rows=0 width=0)
	  ->  Index Scan using sbtest7_pkey on sbtest7  (cost=0.43..8.45 rows=1 width=490)
	        Index Cond: (id = 9907615)

table 8 : explain UPDATE sbtest8 SET c='foobar' WHERE id=3792399
	Update on sbtest8  (cost=0.43..8.45 rows=0 width=0)
	  ->  Index Scan using sbtest8_pkey on sbtest8  (cost=0.43..8.45 rows=1 width=490)
	        Index Cond: (id = 3792399)

for inserts
table 1 : explain INSERT INTO sbtest1 (id, k, c, pad) VALUES (4202244, 13, 'foobar', 'foobar')
	Insert on sbtest1  (cost=0.00..0.01 rows=0 width=0)
	  ->  Result  (cost=0.00..0.01 rows=1 width=736)

table 2 : explain INSERT INTO sbtest2 (id, k, c, pad) VALUES (843571, 13, 'foobar', 'foobar')
	Insert on sbtest2  (cost=0.00..0.01 rows=0 width=0)
	  ->  Result  (cost=0.00..0.01 rows=1 width=736)

table 3 : explain INSERT INTO sbtest3 (id, k, c, pad) VALUES (3625740, 13, 'foobar', 'foobar')
	Insert on sbtest3  (cost=0.00..0.01 rows=0 width=0)
	  ->  Result  (cost=0.00..0.01 rows=1 width=736)

table 4 : explain INSERT INTO sbtest4 (id, k, c, pad) VALUES (7958968, 13, 'foobar', 'foobar')
	Insert on sbtest4  (cost=0.00..0.01 rows=0 width=0)
	  ->  Result  (cost=0.00..0.01 rows=1 width=736)

table 5 : explain INSERT INTO sbtest5 (id, k, c, pad) VALUES (3094606, 13, 'foobar', 'foobar')
	Insert on sbtest5  (cost=0.00..0.01 rows=0 width=0)
	  ->  Result  (cost=0.00..0.01 rows=1 width=736)

table 6 : explain INSERT INTO sbtest6 (id, k, c, pad) VALUES (4469012, 13, 'foobar', 'foobar')
	Insert on sbtest6  (cost=0.00..0.01 rows=0 width=0)
	  ->  Result  (cost=0.00..0.01 rows=1 width=736)

table 7 : explain INSERT INTO sbtest7 (id, k, c, pad) VALUES (7109036, 13, 'foobar', 'foobar')
	Insert on sbtest7  (cost=0.00..0.01 rows=0 width=0)
	  ->  Result  (cost=0.00..0.01 rows=1 width=736)

table 8 : explain INSERT INTO sbtest8 (id, k, c, pad) VALUES (5161828, 13, 'foobar', 'foobar')
	Insert on sbtest8  (cost=0.00..0.01 rows=0 width=0)
	  ->  Result  (cost=0.00..0.01 rows=1 width=736)

explain: for index_updates :: explain UPDATE sbtest%u SET k=k+1 WHERE id=%u
for: distinct_ranges
table 1 : explain SELECT DISTINCT c FROM sbtest1 WHERE id BETWEEN 4375596 AND 4375605 ORDER BY c
	Unique  (cost=38.72..38.77 rows=10 width=121)
	  ->  Sort  (cost=38.72..38.74 rows=10 width=121)
	        Sort Key: c
	        ->  Index Scan using sbtest1_pkey on sbtest1  (cost=0.43..38.55 rows=10 width=121)
	              Index Cond: ((id >= 4375596) AND (id <= 4375605))

table 2 : explain SELECT DISTINCT c FROM sbtest2 WHERE id BETWEEN 1261676 AND 1261685 ORDER BY c
	Unique  (cost=38.63..38.68 rows=10 width=121)
	  ->  Sort  (cost=38.63..38.66 rows=10 width=121)
	        Sort Key: c
	        ->  Index Scan using sbtest2_pkey on sbtest2  (cost=0.43..38.47 rows=10 width=121)
	              Index Cond: ((id >= 1261676) AND (id <= 1261685))

table 3 : explain SELECT DISTINCT c FROM sbtest3 WHERE id BETWEEN 1303643 AND 1303652 ORDER BY c
	Unique  (cost=35.85..35.89 rows=9 width=121)
	  ->  Sort  (cost=35.85..35.87 rows=9 width=121)
	        Sort Key: c
	        ->  Index Scan using sbtest3_pkey on sbtest3  (cost=0.43..35.71 rows=9 width=121)
	              Index Cond: ((id >= 1303643) AND (id <= 1303652))

table 4 : explain SELECT DISTINCT c FROM sbtest4 WHERE id BETWEEN 5769786 AND 5769795 ORDER BY c
	Unique  (cost=39.09..39.14 rows=10 width=121)
	  ->  Sort  (cost=39.09..39.11 rows=10 width=121)
	        Sort Key: c
	        ->  Index Scan using sbtest4_pkey on sbtest4  (cost=0.43..38.92 rows=10 width=121)
	              Index Cond: ((id >= 5769786) AND (id <= 5769795))

table 5 : explain SELECT DISTINCT c FROM sbtest5 WHERE id BETWEEN 2794660 AND 2794669 ORDER BY c
	Unique  (cost=35.63..35.68 rows=9 width=121)
	  ->  Sort  (cost=35.63..35.65 rows=9 width=121)
	        Sort Key: c
	        ->  Index Scan using sbtest5_pkey on sbtest5  (cost=0.43..35.49 rows=9 width=121)
	              Index Cond: ((id >= 2794660) AND (id <= 2794669))

table 6 : explain SELECT DISTINCT c FROM sbtest6 WHERE id BETWEEN 4973924 AND 4973933 ORDER BY c
	Unique  (cost=35.55..35.59 rows=9 width=121)
	  ->  Sort  (cost=35.55..35.57 rows=9 width=121)
	        Sort Key: c
	        ->  Index Scan using sbtest6_pkey on sbtest6  (cost=0.43..35.40 rows=9 width=121)
	              Index Cond: ((id >= 4973924) AND (id <= 4973933))

table 7 : explain SELECT DISTINCT c FROM sbtest7 WHERE id BETWEEN 5066919 AND 5066928 ORDER BY c
	Unique  (cost=38.90..38.95 rows=10 width=121)
	  ->  Sort  (cost=38.90..38.93 rows=10 width=121)
	        Sort Key: c
	        ->  Index Scan using sbtest7_pkey on sbtest7  (cost=0.43..38.74 rows=10 width=121)
	              Index Cond: ((id >= 5066919) AND (id <= 5066928))

table 8 : explain SELECT DISTINCT c FROM sbtest8 WHERE id BETWEEN 6792091 AND 6792100 ORDER BY c
	Unique  (cost=35.63..35.67 rows=9 width=121)
	  ->  Sort  (cost=35.63..35.65 rows=9 width=121)
	        Sort Key: c
	        ->  Index Scan using sbtest8_pkey on sbtest8  (cost=0.43..35.49 rows=9 width=121)
	              Index Cond: ((id >= 6792091) AND (id <= 6792100))

explain: for index_updates :: explain UPDATE sbtest%u SET k=k+1 WHERE id=%u
for index_updates
table 1 : explain UPDATE sbtest1 SET k=k+1 WHERE id=7663953
	Update on sbtest1  (cost=0.43..8.46 rows=0 width=0)
	  ->  Index Scan using sbtest1_pkey on sbtest1  (cost=0.43..8.46 rows=1 width=10)
	        Index Cond: (id = 7663953)

table 2 : explain UPDATE sbtest2 SET k=k+1 WHERE id=4356346
	Update on sbtest2  (cost=0.43..8.46 rows=0 width=0)
	  ->  Index Scan using sbtest2_pkey on sbtest2  (cost=0.43..8.46 rows=1 width=10)
	        Index Cond: (id = 4356346)

table 3 : explain UPDATE sbtest3 SET k=k+1 WHERE id=5580973
	Update on sbtest3  (cost=0.43..8.46 rows=0 width=0)
	  ->  Index Scan using sbtest3_pkey on sbtest3  (cost=0.43..8.46 rows=1 width=10)
	        Index Cond: (id = 5580973)

table 4 : explain UPDATE sbtest4 SET k=k+1 WHERE id=3100328
	Update on sbtest4  (cost=0.43..8.46 rows=0 width=0)
	  ->  Index Scan using sbtest4_pkey on sbtest4  (cost=0.43..8.46 rows=1 width=10)
	        Index Cond: (id = 3100328)

table 5 : explain UPDATE sbtest5 SET k=k+1 WHERE id=6096820
	Update on sbtest5  (cost=0.43..8.46 rows=0 width=0)
	  ->  Index Scan using sbtest5_pkey on sbtest5  (cost=0.43..8.46 rows=1 width=10)
	        Index Cond: (id = 6096820)

table 6 : explain UPDATE sbtest6 SET k=k+1 WHERE id=5660505
	Update on sbtest6  (cost=0.43..8.46 rows=0 width=0)
	  ->  Index Scan using sbtest6_pkey on sbtest6  (cost=0.43..8.46 rows=1 width=10)
	        Index Cond: (id = 5660505)

table 7 : explain UPDATE sbtest7 SET k=k+1 WHERE id=3898277
	Update on sbtest7  (cost=0.43..8.46 rows=0 width=0)
	  ->  Index Scan using sbtest7_pkey on sbtest7  (cost=0.43..8.46 rows=1 width=10)
	        Index Cond: (id = 3898277)

table 8 : explain UPDATE sbtest8 SET k=k+1 WHERE id=153270
	Update on sbtest8  (cost=0.43..8.46 rows=0 width=0)
	  ->  Index Scan using sbtest8_pkey on sbtest8  (cost=0.43..8.46 rows=1 width=10)
	        Index Cond: (id = 153270)

for inserts
table 1 : explain INSERT INTO sbtest1 (id, k, c, pad) VALUES (4962230, 13, 'foobar', 'foobar')
	Insert on sbtest1  (cost=0.00..0.01 rows=0 width=0)
	  ->  Result  (cost=0.00..0.01 rows=1 width=736)

table 2 : explain INSERT INTO sbtest2 (id, k, c, pad) VALUES (1143600, 13, 'foobar', 'foobar')
	Insert on sbtest2  (cost=0.00..0.01 rows=0 width=0)
	  ->  Result  (cost=0.00..0.01 rows=1 width=736)

table 3 : explain INSERT INTO sbtest3 (id, k, c, pad) VALUES (2416357, 13, 'foobar', 'foobar')
	Insert on sbtest3  (cost=0.00..0.01 rows=0 width=0)
	  ->  Result  (cost=0.00..0.01 rows=1 width=736)

table 4 : explain INSERT INTO sbtest4 (id, k, c, pad) VALUES (1535978, 13, 'foobar', 'foobar')
	Insert on sbtest4  (cost=0.00..0.01 rows=0 width=0)
	  ->  Result  (cost=0.00..0.01 rows=1 width=736)

table 5 : explain INSERT INTO sbtest5 (id, k, c, pad) VALUES (2794152, 13, 'foobar', 'foobar')
	Insert on sbtest5  (cost=0.00..0.01 rows=0 width=0)
	  ->  Result  (cost=0.00..0.01 rows=1 width=736)

table 6 : explain INSERT INTO sbtest6 (id, k, c, pad) VALUES (4455180, 13, 'foobar', 'foobar')
	Insert on sbtest6  (cost=0.00..0.01 rows=0 width=0)
	  ->  Result  (cost=0.00..0.01 rows=1 width=736)

table 7 : explain INSERT INTO sbtest7 (id, k, c, pad) VALUES (2191391, 13, 'foobar', 'foobar')
	Insert on sbtest7  (cost=0.00..0.01 rows=0 width=0)
	  ->  Result  (cost=0.00..0.01 rows=1 width=736)

table 8 : explain INSERT INTO sbtest8 (id, k, c, pad) VALUES (5109208, 13, 'foobar', 'foobar')
	Insert on sbtest8  (cost=0.00..0.01 rows=0 width=0)
	  ->  Result  (cost=0.00..0.01 rows=1 width=736)

explain: for deletes :: explain DELETE FROM sbtest%u WHERE id=%u
for inserts
table 1 : explain INSERT INTO sbtest1 (id, k, c, pad) VALUES (9907156, 13, 'foobar', 'foobar')
	Insert on sbtest1  (cost=0.00..0.01 rows=0 width=0)
	  ->  Result  (cost=0.00..0.01 rows=1 width=736)

table 2 : explain INSERT INTO sbtest2 (id, k, c, pad) VALUES (3194484, 13, 'foobar', 'foobar')
	Insert on sbtest2  (cost=0.00..0.01 rows=0 width=0)
	  ->  Result  (cost=0.00..0.01 rows=1 width=736)

table 3 : explain INSERT INTO sbtest3 (id, k, c, pad) VALUES (6441479, 13, 'foobar', 'foobar')
	Insert on sbtest3  (cost=0.00..0.01 rows=0 width=0)
	  ->  Result  (cost=0.00..0.01 rows=1 width=736)

table 4 : explain INSERT INTO sbtest4 (id, k, c, pad) VALUES (9706995, 13, 'foobar', 'foobar')
	Insert on sbtest4  (cost=0.00..0.01 rows=0 width=0)
	  ->  Result  (cost=0.00..0.01 rows=1 width=736)

table 5 : explain INSERT INTO sbtest5 (id, k, c, pad) VALUES (251450, 13, 'foobar', 'foobar')
	Insert on sbtest5  (cost=0.00..0.01 rows=0 width=0)
	  ->  Result  (cost=0.00..0.01 rows=1 width=736)

table 6 : explain INSERT INTO sbtest6 (id, k, c, pad) VALUES (7394134, 13, 'foobar', 'foobar')
	Insert on sbtest6  (cost=0.00..0.01 rows=0 width=0)
	  ->  Result  (cost=0.00..0.01 rows=1 width=736)

table 7 : explain INSERT INTO sbtest7 (id, k, c, pad) VALUES (3966865, 13, 'foobar', 'foobar')
	Insert on sbtest7  (cost=0.00..0.01 rows=0 width=0)
	  ->  Result  (cost=0.00..0.01 rows=1 width=736)

table 8 : explain INSERT INTO sbtest8 (id, k, c, pad) VALUES (7676909, 13, 'foobar', 'foobar')
	Insert on sbtest8  (cost=0.00..0.01 rows=0 width=0)
	  ->  Result  (cost=0.00..0.01 rows=1 width=736)

explain: for index_updates :: explain UPDATE sbtest%u SET k=k+1 WHERE id=%u
for non_index_updates
table 1 : explain UPDATE sbtest1 SET c='foobar' WHERE id=6594014
	Update on sbtest1  (cost=0.43..8.45 rows=0 width=0)
	  ->  Index Scan using sbtest1_pkey on sbtest1  (cost=0.43..8.45 rows=1 width=490)
	        Index Cond: (id = 6594014)

table 2 : explain UPDATE sbtest2 SET c='foobar' WHERE id=8137790
	Update on sbtest2  (cost=0.43..8.45 rows=0 width=0)
	  ->  Index Scan using sbtest2_pkey on sbtest2  (cost=0.43..8.45 rows=1 width=490)
	        Index Cond: (id = 8137790)

table 3 : explain UPDATE sbtest3 SET c='foobar' WHERE id=9684487
	Update on sbtest3  (cost=0.43..8.45 rows=0 width=0)
	  ->  Index Scan using sbtest3_pkey on sbtest3  (cost=0.43..8.45 rows=1 width=490)
	        Index Cond: (id = 9684487)

table 4 : explain UPDATE sbtest4 SET c='foobar' WHERE id=2347853
	Update on sbtest4  (cost=0.43..8.45 rows=0 width=0)
	  ->  Index Scan using sbtest4_pkey on sbtest4  (cost=0.43..8.45 rows=1 width=490)
	        Index Cond: (id = 2347853)

table 5 : explain UPDATE sbtest5 SET c='foobar' WHERE id=7293795
	Update on sbtest5  (cost=0.43..8.45 rows=0 width=0)
	  ->  Index Scan using sbtest5_pkey on sbtest5  (cost=0.43..8.45 rows=1 width=490)
	        Index Cond: (id = 7293795)

table 6 : explain UPDATE sbtest6 SET c='foobar' WHERE id=2972685
	Update on sbtest6  (cost=0.43..8.45 rows=0 width=0)
	  ->  Index Scan using sbtest6_pkey on sbtest6  (cost=0.43..8.45 rows=1 width=490)
	        Index Cond: (id = 2972685)

table 7 : explain UPDATE sbtest7 SET c='foobar' WHERE id=3123281
	Update on sbtest7  (cost=0.43..8.45 rows=0 width=0)
	  ->  Index Scan using sbtest7_pkey on sbtest7  (cost=0.43..8.45 rows=1 width=490)
	        Index Cond: (id = 3123281)

table 8 : explain UPDATE sbtest8 SET c='foobar' WHERE id=9791051
	Update on sbtest8  (cost=0.43..8.45 rows=0 width=0)
	  ->  Index Scan using sbtest8_pkey on sbtest8  (cost=0.43..8.45 rows=1 width=490)
	        Index Cond: (id = 9791051)

explain: for non_index_updates :: explain UPDATE sbtest%u SET c='foobar' WHERE id=%u
for index_updates
table 1 : explain UPDATE sbtest1 SET k=k+1 WHERE id=8624350
	Update on sbtest1  (cost=0.43..8.46 rows=0 width=0)
	  ->  Index Scan using sbtest1_pkey on sbtest1  (cost=0.43..8.46 rows=1 width=10)
	        Index Cond: (id = 8624350)

table 2 : explain UPDATE sbtest2 SET k=k+1 WHERE id=5357496
	Update on sbtest2  (cost=0.43..8.46 rows=0 width=0)
	  ->  Index Scan using sbtest2_pkey on sbtest2  (cost=0.43..8.46 rows=1 width=10)
	        Index Cond: (id = 5357496)

table 3 : explain UPDATE sbtest3 SET k=k+1 WHERE id=9627587
	Update on sbtest3  (cost=0.43..8.46 rows=0 width=0)
	  ->  Index Scan using sbtest3_pkey on sbtest3  (cost=0.43..8.46 rows=1 width=10)
	        Index Cond: (id = 9627587)

table 4 : explain UPDATE sbtest4 SET k=k+1 WHERE id=4480726
	Update on sbtest4  (cost=0.43..8.46 rows=0 width=0)
	  ->  Index Scan using sbtest4_pkey on sbtest4  (cost=0.43..8.46 rows=1 width=10)
	        Index Cond: (id = 4480726)

table 5 : explain UPDATE sbtest5 SET k=k+1 WHERE id=1629074
	Update on sbtest5  (cost=0.43..8.46 rows=0 width=0)
	  ->  Index Scan using sbtest5_pkey on sbtest5  (cost=0.43..8.46 rows=1 width=10)
	        Index Cond: (id = 1629074)

table 6 : explain UPDATE sbtest6 SET k=k+1 WHERE id=9429505
	Update on sbtest6  (cost=0.43..8.46 rows=0 width=0)
	  ->  Index Scan using sbtest6_pkey on sbtest6  (cost=0.43..8.46 rows=1 width=10)
	        Index Cond: (id = 9429505)

table 7 : explain UPDATE sbtest7 SET k=k+1 WHERE id=7307550
	Update on sbtest7  (cost=0.43..8.46 rows=0 width=0)
	  ->  Index Scan using sbtest7_pkey on sbtest7  (cost=0.43..8.46 rows=1 width=10)
	        Index Cond: (id = 7307550)

table 8 : explain UPDATE sbtest8 SET k=k+1 WHERE id=4639367
	Update on sbtest8  (cost=0.43..8.46 rows=0 width=0)
	  ->  Index Scan using sbtest8_pkey on sbtest8  (cost=0.43..8.46 rows=1 width=10)
	        Index Cond: (id = 4639367)

for index_updates
table 1 : explain UPDATE sbtest1 SET k=k+1 WHERE id=9203034
	Update on sbtest1  (cost=0.43..8.46 rows=0 width=0)
	  ->  Index Scan using sbtest1_pkey on sbtest1  (cost=0.43..8.46 rows=1 width=10)
	        Index Cond: (id = 9203034)

table 2 : explain UPDATE sbtest2 SET k=k+1 WHERE id=6552358
	Update on sbtest2  (cost=0.43..8.46 rows=0 width=0)
	  ->  Index Scan using sbtest2_pkey on sbtest2  (cost=0.43..8.46 rows=1 width=10)
	        Index Cond: (id = 6552358)

table 3 : explain UPDATE sbtest3 SET k=k+1 WHERE id=5215249
	Update on sbtest3  (cost=0.43..8.46 rows=0 width=0)
	  ->  Index Scan using sbtest3_pkey on sbtest3  (cost=0.43..8.46 rows=1 width=10)
	        Index Cond: (id = 5215249)

table 4 : explain UPDATE sbtest4 SET k=k+1 WHERE id=1977478
	Update on sbtest4  (cost=0.43..8.46 rows=0 width=0)
	  ->  Index Scan using sbtest4_pkey on sbtest4  (cost=0.43..8.46 rows=1 width=10)
	        Index Cond: (id = 1977478)

table 5 : explain UPDATE sbtest5 SET k=k+1 WHERE id=8465132
	Update on sbtest5  (cost=0.43..8.46 rows=0 width=0)
	  ->  Index Scan using sbtest5_pkey on sbtest5  (cost=0.43..8.46 rows=1 width=10)
	        Index Cond: (id = 8465132)

table 6 : explain UPDATE sbtest6 SET k=k+1 WHERE id=9038019
	Update on sbtest6  (cost=0.43..8.46 rows=0 width=0)
	  ->  Index Scan using sbtest6_pkey on sbtest6  (cost=0.43..8.46 rows=1 width=10)
	        Index Cond: (id = 9038019)

table 7 : explain UPDATE sbtest7 SET k=k+1 WHERE id=5189687
	Update on sbtest7  (cost=0.43..8.46 rows=0 width=0)
	  ->  Index Scan using sbtest7_pkey on sbtest7  (cost=0.43..8.46 rows=1 width=10)
	        Index Cond: (id = 5189687)

table 8 : explain UPDATE sbtest8 SET k=k+1 WHERE id=7921858
	Update on sbtest8  (cost=0.43..8.46 rows=0 width=0)
	  ->  Index Scan using sbtest8_pkey on sbtest8  (cost=0.43..8.46 rows=1 width=10)
	        Index Cond: (id = 7921858)

for deletes
table 1 : explain DELETE FROM sbtest1 WHERE id=4170682
	Delete on sbtest1  (cost=0.43..8.45 rows=0 width=0)
	  ->  Index Scan using sbtest1_pkey on sbtest1  (cost=0.43..8.45 rows=1 width=6)
	        Index Cond: (id = 4170682)

table 2 : explain DELETE FROM sbtest2 WHERE id=2459790
	Delete on sbtest2  (cost=0.43..8.45 rows=0 width=0)
	  ->  Index Scan using sbtest2_pkey on sbtest2  (cost=0.43..8.45 rows=1 width=6)
	        Index Cond: (id = 2459790)

table 3 : explain DELETE FROM sbtest3 WHERE id=7432668
	Delete on sbtest3  (cost=0.43..8.45 rows=0 width=0)
	  ->  Index Scan using sbtest3_pkey on sbtest3  (cost=0.43..8.45 rows=1 width=6)
	        Index Cond: (id = 7432668)

table 4 : explain DELETE FROM sbtest4 WHERE id=4504579
	Delete on sbtest4  (cost=0.43..8.45 rows=0 width=0)
	  ->  Index Scan using sbtest4_pkey on sbtest4  (cost=0.43..8.45 rows=1 width=6)
	        Index Cond: (id = 4504579)

table 5 : explain DELETE FROM sbtest5 WHERE id=5831867
	Delete on sbtest5  (cost=0.43..8.45 rows=0 width=0)
	  ->  Index Scan using sbtest5_pkey on sbtest5  (cost=0.43..8.45 rows=1 width=6)
	        Index Cond: (id = 5831867)

table 6 : explain DELETE FROM sbtest6 WHERE id=5522963
	Delete on sbtest6  (cost=0.43..8.45 rows=0 width=0)
	  ->  Index Scan using sbtest6_pkey on sbtest6  (cost=0.43..8.45 rows=1 width=6)
	        Index Cond: (id = 5522963)

table 7 : explain DELETE FROM sbtest7 WHERE id=5277505
	Delete on sbtest7  (cost=0.43..8.45 rows=0 width=0)
	  ->  Index Scan using sbtest7_pkey on sbtest7  (cost=0.43..8.45 rows=1 width=6)
	        Index Cond: (id = 5277505)

table 8 : explain DELETE FROM sbtest8 WHERE id=7960723
	Delete on sbtest8  (cost=0.43..8.45 rows=0 width=0)
	  ->  Index Scan using sbtest8_pkey on sbtest8  (cost=0.43..8.45 rows=1 width=6)
	        Index Cond: (id = 7960723)

for: distinct_ranges
table 1 : explain SELECT DISTINCT c FROM sbtest1 WHERE id BETWEEN 4408754 AND 4408763 ORDER BY c
	Unique  (cost=38.72..38.77 rows=10 width=121)
	  ->  Sort  (cost=38.72..38.74 rows=10 width=121)
	        Sort Key: c
	        ->  Index Scan using sbtest1_pkey on sbtest1  (cost=0.43..38.55 rows=10 width=121)
	              Index Cond: ((id >= 4408754) AND (id <= 4408763))

table 2 : explain SELECT DISTINCT c FROM sbtest2 WHERE id BETWEEN 719071 AND 719080 ORDER BY c
	Unique  (cost=38.63..38.68 rows=10 width=121)
	  ->  Sort  (cost=38.63..38.66 rows=10 width=121)
	        Sort Key: c
	        ->  Index Scan using sbtest2_pkey on sbtest2  (cost=0.43..38.47 rows=10 width=121)
	              Index Cond: ((id >= 719071) AND (id <= 719080))

table 3 : explain SELECT DISTINCT c FROM sbtest3 WHERE id BETWEEN 9086139 AND 9086148 ORDER BY c
	Unique  (cost=39.28..39.33 rows=10 width=121)
	  ->  Sort  (cost=39.28..39.30 rows=10 width=121)
	        Sort Key: c
	        ->  Index Scan using sbtest3_pkey on sbtest3  (cost=0.43..39.11 rows=10 width=121)
	              Index Cond: ((id >= 9086139) AND (id <= 9086148))

table 4 : explain SELECT DISTINCT c FROM sbtest4 WHERE id BETWEEN 4271391 AND 4271400 ORDER BY c
	Unique  (cost=39.09..39.14 rows=10 width=121)
	  ->  Sort  (cost=39.09..39.11 rows=10 width=121)
	        Sort Key: c
	        ->  Index Scan using sbtest4_pkey on sbtest4  (cost=0.43..38.92 rows=10 width=121)
	              Index Cond: ((id >= 4271391) AND (id <= 4271400))

table 5 : explain SELECT DISTINCT c FROM sbtest5 WHERE id BETWEEN 2510776 AND 2510785 ORDER BY c
	Unique  (cost=39.03..39.08 rows=10 width=121)
	  ->  Sort  (cost=39.03..39.06 rows=10 width=121)
	        Sort Key: c
	        ->  Index Scan using sbtest5_pkey on sbtest5  (cost=0.43..38.87 rows=10 width=121)
	              Index Cond: ((id >= 2510776) AND (id <= 2510785))

table 6 : explain SELECT DISTINCT c FROM sbtest6 WHERE id BETWEEN 8446693 AND 8446702 ORDER BY c
	Unique  (cost=38.94..38.99 rows=10 width=121)
	  ->  Sort  (cost=38.94..38.96 rows=10 width=121)
	        Sort Key: c
	        ->  Index Scan using sbtest6_pkey on sbtest6  (cost=0.43..38.77 rows=10 width=121)
	              Index Cond: ((id >= 8446693) AND (id <= 8446702))

table 7 : explain SELECT DISTINCT c FROM sbtest7 WHERE id BETWEEN 4300008 AND 4300017 ORDER BY c
	Unique  (cost=35.52..35.56 rows=9 width=121)
	  ->  Sort  (cost=35.52..35.54 rows=9 width=121)
	        Sort Key: c
	        ->  Index Scan using sbtest7_pkey on sbtest7  (cost=0.43..35.37 rows=9 width=121)
	              Index Cond: ((id >= 4300008) AND (id <= 4300017))

table 8 : explain SELECT DISTINCT c FROM sbtest8 WHERE id BETWEEN 4210291 AND 4210300 ORDER BY c
	Unique  (cost=39.03..39.08 rows=10 width=121)
	  ->  Sort  (cost=39.03..39.06 rows=10 width=121)
	        Sort Key: c
	        ->  Index Scan using sbtest8_pkey on sbtest8  (cost=0.43..38.87 rows=10 width=121)
	              Index Cond: ((id >= 4210291) AND (id <= 4210300))

explain: for non_index_updates :: explain UPDATE sbtest%u SET c='foobar' WHERE id=%u
for index_updates
table 1 : explain UPDATE sbtest1 SET k=k+1 WHERE id=3094733
	Update on sbtest1  (cost=0.43..8.46 rows=0 width=0)
	  ->  Index Scan using sbtest1_pkey on sbtest1  (cost=0.43..8.46 rows=1 width=10)
	        Index Cond: (id = 3094733)

table 2 : explain UPDATE sbtest2 SET k=k+1 WHERE id=9168054
	Update on sbtest2  (cost=0.43..8.46 rows=0 width=0)
	  ->  Index Scan using sbtest2_pkey on sbtest2  (cost=0.43..8.46 rows=1 width=10)
	        Index Cond: (id = 9168054)

table 3 : explain UPDATE sbtest3 SET k=k+1 WHERE id=7648783
	Update on sbtest3  (cost=0.43..8.46 rows=0 width=0)
	  ->  Index Scan using sbtest3_pkey on sbtest3  (cost=0.43..8.46 rows=1 width=10)
	        Index Cond: (id = 7648783)

table 4 : explain UPDATE sbtest4 SET k=k+1 WHERE id=7057677
	Update on sbtest4  (cost=0.43..8.46 rows=0 width=0)
	  ->  Index Scan using sbtest4_pkey on sbtest4  (cost=0.43..8.46 rows=1 width=10)
	        Index Cond: (id = 7057677)

table 5 : explain UPDATE sbtest5 SET k=k+1 WHERE id=9782349
	Update on sbtest5  (cost=0.43..8.46 rows=0 width=0)
	  ->  Index Scan using sbtest5_pkey on sbtest5  (cost=0.43..8.46 rows=1 width=10)
	        Index Cond: (id = 9782349)

table 6 : explain UPDATE sbtest6 SET k=k+1 WHERE id=380579
	Update on sbtest6  (cost=0.43..8.46 rows=0 width=0)
	  ->  Index Scan using sbtest6_pkey on sbtest6  (cost=0.43..8.46 rows=1 width=10)
	        Index Cond: (id = 380579)

table 7 : explain UPDATE sbtest7 SET k=k+1 WHERE id=7832632
	Update on sbtest7  (cost=0.43..8.46 rows=0 width=0)
	  ->  Index Scan using sbtest7_pkey on sbtest7  (cost=0.43..8.46 rows=1 width=10)
	        Index Cond: (id = 7832632)

table 8 : explain UPDATE sbtest8 SET k=k+1 WHERE id=5673564
	Update on sbtest8  (cost=0.43..8.46 rows=0 width=0)
	  ->  Index Scan using sbtest8_pkey on sbtest8  (cost=0.43..8.46 rows=1 width=10)
	        Index Cond: (id = 5673564)

for non_index_updates
table 1 : explain UPDATE sbtest1 SET c='foobar' WHERE id=2992066
	Update on sbtest1  (cost=0.43..8.45 rows=0 width=0)
	  ->  Index Scan using sbtest1_pkey on sbtest1  (cost=0.43..8.45 rows=1 width=490)
	        Index Cond: (id = 2992066)

table 2 : explain UPDATE sbtest2 SET c='foobar' WHERE id=9357232
	Update on sbtest2  (cost=0.43..8.45 rows=0 width=0)
	  ->  Index Scan using sbtest2_pkey on sbtest2  (cost=0.43..8.45 rows=1 width=490)
	        Index Cond: (id = 9357232)

table 3 : explain UPDATE sbtest3 SET c='foobar' WHERE id=2534289
	Update on sbtest3  (cost=0.43..8.45 rows=0 width=0)
	  ->  Index Scan using sbtest3_pkey on sbtest3  (cost=0.43..8.45 rows=1 width=490)
	        Index Cond: (id = 2534289)

table 4 : explain UPDATE sbtest4 SET c='foobar' WHERE id=2723086
	Update on sbtest4  (cost=0.43..8.45 rows=0 width=0)
	  ->  Index Scan using sbtest4_pkey on sbtest4  (cost=0.43..8.45 rows=1 width=490)
	        Index Cond: (id = 2723086)

table 5 : explain UPDATE sbtest5 SET c='foobar' WHERE id=9643615
	Update on sbtest5  (cost=0.43..8.45 rows=0 width=0)
	  ->  Index Scan using sbtest5_pkey on sbtest5  (cost=0.43..8.45 rows=1 width=490)
	        Index Cond: (id = 9643615)

table 6 : explain UPDATE sbtest6 SET c='foobar' WHERE id=7541072
	Update on sbtest6  (cost=0.43..8.45 rows=0 width=0)
	  ->  Index Scan using sbtest6_pkey on sbtest6  (cost=0.43..8.45 rows=1 width=490)
	        Index Cond: (id = 7541072)

table 7 : explain UPDATE sbtest7 SET c='foobar' WHERE id=9994732
	Update on sbtest7  (cost=0.43..8.45 rows=0 width=0)
	  ->  Index Scan using sbtest7_pkey on sbtest7  (cost=0.43..8.45 rows=1 width=490)
	        Index Cond: (id = 9994732)

table 8 : explain UPDATE sbtest8 SET c='foobar' WHERE id=2675514
	Update on sbtest8  (cost=0.43..8.45 rows=0 width=0)
	  ->  Index Scan using sbtest8_pkey on sbtest8  (cost=0.43..8.45 rows=1 width=490)
	        Index Cond: (id = 2675514)

explain: for non_index_updates :: explain UPDATE sbtest%u SET c='foobar' WHERE id=%u
explain: for inserts :: explain INSERT INTO sbtest%u (id, k, c, pad) VALUES (%u, 13, 'foobar', 'foobar')
explain: for index_updates :: explain UPDATE sbtest%u SET k=k+1 WHERE id=%u
explain: for deletes :: explain DELETE FROM sbtest%u WHERE id=%u
for: distinct_ranges
table 1 : explain SELECT DISTINCT c FROM sbtest1 WHERE id BETWEEN 8827676 AND 8827685 ORDER BY c
	Unique  (cost=38.72..38.77 rows=10 width=121)
	  ->  Sort  (cost=38.72..38.74 rows=10 width=121)
	        Sort Key: c
	        ->  Index Scan using sbtest1_pkey on sbtest1  (cost=0.43..38.55 rows=10 width=121)
	              Index Cond: ((id >= 8827676) AND (id <= 8827685))

table 2 : explain SELECT DISTINCT c FROM sbtest2 WHERE id BETWEEN 736430 AND 736439 ORDER BY c
	Unique  (cost=38.63..38.68 rows=10 width=121)
	  ->  Sort  (cost=38.63..38.66 rows=10 width=121)
	        Sort Key: c
	        ->  Index Scan using sbtest2_pkey on sbtest2  (cost=0.43..38.47 rows=10 width=121)
	              Index Cond: ((id >= 736430) AND (id <= 736439))

table 3 : explain SELECT DISTINCT c FROM sbtest3 WHERE id BETWEEN 4543559 AND 4543568 ORDER BY c
	Unique  (cost=39.28..39.33 rows=10 width=121)
	  ->  Sort  (cost=39.28..39.30 rows=10 width=121)
	        Sort Key: c
	        ->  Index Scan using sbtest3_pkey on sbtest3  (cost=0.43..39.11 rows=10 width=121)
	              Index Cond: ((id >= 4543559) AND (id <= 4543568))

table 4 : explain SELECT DISTINCT c FROM sbtest4 WHERE id BETWEEN 1897098 AND 1897107 ORDER BY c
	Unique  (cost=42.50..42.55 rows=11 width=121)
	  ->  Sort  (cost=42.50..42.52 rows=11 width=121)
	        Sort Key: c
	        ->  Index Scan using sbtest4_pkey on sbtest4  (cost=0.43..42.30 rows=11 width=121)
	              Index Cond: ((id >= 1897098) AND (id <= 1897107))

table 5 : explain SELECT DISTINCT c FROM sbtest5 WHERE id BETWEEN 2856618 AND 2856627 ORDER BY c
	Unique  (cost=39.03..39.08 rows=10 width=121)
	  ->  Sort  (cost=39.03..39.06 rows=10 width=121)
	        Sort Key: c
	        ->  Index Scan using sbtest5_pkey on sbtest5  (cost=0.43..38.87 rows=10 width=121)
	              Index Cond: ((id >= 2856618) AND (id <= 2856627))

table 6 : explain SELECT DISTINCT c FROM sbtest6 WHERE id BETWEEN 1271082 AND 1271091 ORDER BY c
	Unique  (cost=38.94..38.99 rows=10 width=121)
	  ->  Sort  (cost=38.94..38.96 rows=10 width=121)
	        Sort Key: c
	        ->  Index Scan using sbtest6_pkey on sbtest6  (cost=0.43..38.77 rows=10 width=121)
	              Index Cond: ((id >= 1271082) AND (id <= 1271091))

table 7 : explain SELECT DISTINCT c FROM sbtest7 WHERE id BETWEEN 1112397 AND 1112406 ORDER BY c
	Unique  (cost=38.90..38.95 rows=10 width=121)
	  ->  Sort  (cost=38.90..38.93 rows=10 width=121)
	        Sort Key: c
	        ->  Index Scan using sbtest7_pkey on sbtest7  (cost=0.43..38.74 rows=10 width=121)
	              Index Cond: ((id >= 1112397) AND (id <= 1112406))

table 8 : explain SELECT DISTINCT c FROM sbtest8 WHERE id BETWEEN 3844521 AND 3844530 ORDER BY c
	Unique  (cost=35.63..35.67 rows=9 width=121)
	  ->  Sort  (cost=35.63..35.65 rows=9 width=121)
	        Sort Key: c
	        ->  Index Scan using sbtest8_pkey on sbtest8  (cost=0.43..35.49 rows=9 width=121)
	              Index Cond: ((id >= 3844521) AND (id <= 3844530))

explain: for non_index_updates :: explain UPDATE sbtest%u SET c='foobar' WHERE id=%u
for non_index_updates
table 1 : explain UPDATE sbtest1 SET c='foobar' WHERE id=5619049
	Update on sbtest1  (cost=0.43..8.45 rows=0 width=0)
	  ->  Index Scan using sbtest1_pkey on sbtest1  (cost=0.43..8.45 rows=1 width=490)
	        Index Cond: (id = 5619049)

table 2 : explain UPDATE sbtest2 SET c='foobar' WHERE id=5027350
	Update on sbtest2  (cost=0.43..8.45 rows=0 width=0)
	  ->  Index Scan using sbtest2_pkey on sbtest2  (cost=0.43..8.45 rows=1 width=490)
	        Index Cond: (id = 5027350)

table 3 : explain UPDATE sbtest3 SET c='foobar' WHERE id=7730694
	Update on sbtest3  (cost=0.43..8.45 rows=0 width=0)
	  ->  Index Scan using sbtest3_pkey on sbtest3  (cost=0.43..8.45 rows=1 width=490)
	        Index Cond: (id = 7730694)

table 4 : explain UPDATE sbtest4 SET c='foobar' WHERE id=8985487
	Update on sbtest4  (cost=0.43..8.45 rows=0 width=0)
	  ->  Index Scan using sbtest4_pkey on sbtest4  (cost=0.43..8.45 rows=1 width=490)
	        Index Cond: (id = 8985487)

table 5 : explain UPDATE sbtest5 SET c='foobar' WHERE id=8794821
	Update on sbtest5  (cost=0.43..8.45 rows=0 width=0)
	  ->  Index Scan using sbtest5_pkey on sbtest5  (cost=0.43..8.45 rows=1 width=490)
	        Index Cond: (id = 8794821)

table 6 : explain UPDATE sbtest6 SET c='foobar' WHERE id=76647
	Update on sbtest6  (cost=0.43..8.45 rows=0 width=0)
	  ->  Index Scan using sbtest6_pkey on sbtest6  (cost=0.43..8.45 rows=1 width=490)
	        Index Cond: (id = 76647)

table 7 : explain UPDATE sbtest7 SET c='foobar' WHERE id=3752625
	Update on sbtest7  (cost=0.43..8.45 rows=0 width=0)
	  ->  Index Scan using sbtest7_pkey on sbtest7  (cost=0.43..8.45 rows=1 width=490)
	        Index Cond: (id = 3752625)

table 8 : explain UPDATE sbtest8 SET c='foobar' WHERE id=8613056
	Update on sbtest8  (cost=0.43..8.45 rows=0 width=0)
	  ->  Index Scan using sbtest8_pkey on sbtest8  (cost=0.43..8.45 rows=1 width=490)
	        Index Cond: (id = 8613056)

for deletes
table 1 : explain DELETE FROM sbtest1 WHERE id=5479820
	Delete on sbtest1  (cost=0.43..8.45 rows=0 width=0)
	  ->  Index Scan using sbtest1_pkey on sbtest1  (cost=0.43..8.45 rows=1 width=6)
	        Index Cond: (id = 5479820)

table 2 : explain DELETE FROM sbtest2 WHERE id=5905756
	Delete on sbtest2  (cost=0.43..8.45 rows=0 width=0)
	  ->  Index Scan using sbtest2_pkey on sbtest2  (cost=0.43..8.45 rows=1 width=6)
	        Index Cond: (id = 5905756)

table 3 : explain DELETE FROM sbtest3 WHERE id=3353204
	Delete on sbtest3  (cost=0.43..8.45 rows=0 width=0)
	  ->  Index Scan using sbtest3_pkey on sbtest3  (cost=0.43..8.45 rows=1 width=6)
	        Index Cond: (id = 3353204)

table 4 : explain DELETE FROM sbtest4 WHERE id=3208247
	Delete on sbtest4  (cost=0.43..8.45 rows=0 width=0)
	  ->  Index Scan using sbtest4_pkey on sbtest4  (cost=0.43..8.45 rows=1 width=6)
	        Index Cond: (id = 3208247)

table 5 : explain DELETE FROM sbtest5 WHERE id=3854108
	Delete on sbtest5  (cost=0.43..8.45 rows=0 width=0)
	  ->  Index Scan using sbtest5_pkey on sbtest5  (cost=0.43..8.45 rows=1 width=6)
	        Index Cond: (id = 3854108)

table 6 : explain DELETE FROM sbtest6 WHERE id=2387009
	Delete on sbtest6  (cost=0.43..8.45 rows=0 width=0)
	  ->  Index Scan using sbtest6_pkey on sbtest6  (cost=0.43..8.45 rows=1 width=6)
	        Index Cond: (id = 2387009)

table 7 : explain DELETE FROM sbtest7 WHERE id=3703383
	Delete on sbtest7  (cost=0.43..8.45 rows=0 width=0)
	  ->  Index Scan using sbtest7_pkey on sbtest7  (cost=0.43..8.45 rows=1 width=6)
	        Index Cond: (id = 3703383)

table 8 : explain DELETE FROM sbtest8 WHERE id=825724
	Delete on sbtest8  (cost=0.43..8.45 rows=0 width=0)
	  ->  Index Scan using sbtest8_pkey on sbtest8  (cost=0.43..8.45 rows=1 width=6)
	        Index Cond: (id = 825724)

for inserts
table 1 : explain INSERT INTO sbtest1 (id, k, c, pad) VALUES (246482, 13, 'foobar', 'foobar')
	Insert on sbtest1  (cost=0.00..0.01 rows=0 width=0)
	  ->  Result  (cost=0.00..0.01 rows=1 width=736)

table 2 : explain INSERT INTO sbtest2 (id, k, c, pad) VALUES (8021597, 13, 'foobar', 'foobar')
	Insert on sbtest2  (cost=0.00..0.01 rows=0 width=0)
	  ->  Result  (cost=0.00..0.01 rows=1 width=736)

table 3 : explain INSERT INTO sbtest3 (id, k, c, pad) VALUES (760666, 13, 'foobar', 'foobar')
	Insert on sbtest3  (cost=0.00..0.01 rows=0 width=0)
	  ->  Result  (cost=0.00..0.01 rows=1 width=736)

table 4 : explain INSERT INTO sbtest4 (id, k, c, pad) VALUES (9616501, 13, 'foobar', 'foobar')
	Insert on sbtest4  (cost=0.00..0.01 rows=0 width=0)
	  ->  Result  (cost=0.00..0.01 rows=1 width=736)

table 5 : explain INSERT INTO sbtest5 (id, k, c, pad) VALUES (6799811, 13, 'foobar', 'foobar')
	Insert on sbtest5  (cost=0.00..0.01 rows=0 width=0)
	  ->  Result  (cost=0.00..0.01 rows=1 width=736)

table 6 : explain INSERT INTO sbtest6 (id, k, c, pad) VALUES (1675676, 13, 'foobar', 'foobar')
	Insert on sbtest6  (cost=0.00..0.01 rows=0 width=0)
	  ->  Result  (cost=0.00..0.01 rows=1 width=736)

table 7 : explain INSERT INTO sbtest7 (id, k, c, pad) VALUES (957537, 13, 'foobar', 'foobar')
	Insert on sbtest7  (cost=0.00..0.01 rows=0 width=0)
	  ->  Result  (cost=0.00..0.01 rows=1 width=736)

table 8 : explain INSERT INTO sbtest8 (id, k, c, pad) VALUES (6673288, 13, 'foobar', 'foobar')
	Insert on sbtest8  (cost=0.00..0.01 rows=0 width=0)
	  ->  Result  (cost=0.00..0.01 rows=1 width=736)

for: order_ranges
table 1 : explain SELECT c FROM sbtest1 WHERE id BETWEEN 6145465 AND 6145474 ORDER BY c
	Sort  (cost=35.35..35.37 rows=9 width=121)
	  Sort Key: c
	  ->  Index Scan using sbtest1_pkey on sbtest1  (cost=0.43..35.21 rows=9 width=121)
	        Index Cond: ((id >= 6145465) AND (id <= 6145474))

table 2 : explain SELECT c FROM sbtest2 WHERE id BETWEEN 3908244 AND 3908253 ORDER BY c
	Sort  (cost=38.63..38.66 rows=10 width=121)
	  Sort Key: c
	  ->  Index Scan using sbtest2_pkey on sbtest2  (cost=0.43..38.47 rows=10 width=121)
	        Index Cond: ((id >= 3908244) AND (id <= 3908253))

table 3 : explain SELECT c FROM sbtest3 WHERE id BETWEEN 4920261 AND 4920270 ORDER BY c
	Sort  (cost=39.28..39.30 rows=10 width=121)
	  Sort Key: c
	  ->  Index Scan using sbtest3_pkey on sbtest3  (cost=0.43..39.11 rows=10 width=121)
	        Index Cond: ((id >= 4920261) AND (id <= 4920270))

table 4 : explain SELECT c FROM sbtest4 WHERE id BETWEEN 4060759 AND 4060768 ORDER BY c
	Sort  (cost=39.09..39.11 rows=10 width=121)
	  Sort Key: c
	  ->  Index Scan using sbtest4_pkey on sbtest4  (cost=0.43..38.92 rows=10 width=121)
	        Index Cond: ((id >= 4060759) AND (id <= 4060768))

table 5 : explain SELECT c FROM sbtest5 WHERE id BETWEEN 4833579 AND 4833588 ORDER BY c
	Sort  (cost=39.03..39.06 rows=10 width=121)
	  Sort Key: c
	  ->  Index Scan using sbtest5_pkey on sbtest5  (cost=0.43..38.87 rows=10 width=121)
	        Index Cond: ((id >= 4833579) AND (id <= 4833588))

table 6 : explain SELECT c FROM sbtest6 WHERE id BETWEEN 1698348 AND 1698357 ORDER BY c
	Sort  (cost=38.94..38.96 rows=10 width=121)
	  Sort Key: c
	  ->  Index Scan using sbtest6_pkey on sbtest6  (cost=0.43..38.77 rows=10 width=121)
	        Index Cond: ((id >= 1698348) AND (id <= 1698357))

table 7 : explain SELECT c FROM sbtest7 WHERE id BETWEEN 3930503 AND 3930512 ORDER BY c
	Sort  (cost=42.29..42.32 rows=11 width=121)
	  Sort Key: c
	  ->  Index Scan using sbtest7_pkey on sbtest7  (cost=0.43..42.10 rows=11 width=121)
	        Index Cond: ((id >= 3930503) AND (id <= 3930512))

table 8 : explain SELECT c FROM sbtest8 WHERE id BETWEEN 9247840 AND 9247849 ORDER BY c
	Sort  (cost=35.63..35.65 rows=9 width=121)
	  Sort Key: c
	  ->  Index Scan using sbtest8_pkey on sbtest8  (cost=0.43..35.49 rows=9 width=121)
	        Index Cond: ((id >= 9247840) AND (id <= 9247849))

for non_index_updates
table 1 : explain UPDATE sbtest1 SET c='foobar' WHERE id=8369901
	Update on sbtest1  (cost=0.43..8.45 rows=0 width=0)
	  ->  Index Scan using sbtest1_pkey on sbtest1  (cost=0.43..8.45 rows=1 width=490)
	        Index Cond: (id = 8369901)

table 2 : explain UPDATE sbtest2 SET c='foobar' WHERE id=9895823
	Update on sbtest2  (cost=0.43..8.45 rows=0 width=0)
	  ->  Index Scan using sbtest2_pkey on sbtest2  (cost=0.43..8.45 rows=1 width=490)
	        Index Cond: (id = 9895823)

table 3 : explain UPDATE sbtest3 SET c='foobar' WHERE id=2508657
	Update on sbtest3  (cost=0.43..8.45 rows=0 width=0)
	  ->  Index Scan using sbtest3_pkey on sbtest3  (cost=0.43..8.45 rows=1 width=490)
	        Index Cond: (id = 2508657)

table 4 : explain UPDATE sbtest4 SET c='foobar' WHERE id=8762643
	Update on sbtest4  (cost=0.43..8.45 rows=0 width=0)
	  ->  Index Scan using sbtest4_pkey on sbtest4  (cost=0.43..8.45 rows=1 width=490)
	        Index Cond: (id = 8762643)

table 5 : explain UPDATE sbtest5 SET c='foobar' WHERE id=8149712
	Update on sbtest5  (cost=0.43..8.45 rows=0 width=0)
	  ->  Index Scan using sbtest5_pkey on sbtest5  (cost=0.43..8.45 rows=1 width=490)
	        Index Cond: (id = 8149712)

table 6 : explain UPDATE sbtest6 SET c='foobar' WHERE id=3558911
	Update on sbtest6  (cost=0.43..8.45 rows=0 width=0)
	  ->  Index Scan using sbtest6_pkey on sbtest6  (cost=0.43..8.45 rows=1 width=490)
	        Index Cond: (id = 3558911)

table 7 : explain UPDATE sbtest7 SET c='foobar' WHERE id=2387350
	Update on sbtest7  (cost=0.43..8.45 rows=0 width=0)
	  ->  Index Scan using sbtest7_pkey on sbtest7  (cost=0.43..8.45 rows=1 width=490)
	        Index Cond: (id = 2387350)

table 8 : explain UPDATE sbtest8 SET c='foobar' WHERE id=6015238
	Update on sbtest8  (cost=0.43..8.45 rows=0 width=0)
	  ->  Index Scan using sbtest8_pkey on sbtest8  (cost=0.43..8.45 rows=1 width=490)
	        Index Cond: (id = 6015238)

explain: for deletes :: explain DELETE FROM sbtest%u WHERE id=%u
explain: for index_updates :: explain UPDATE sbtest%u SET k=k+1 WHERE id=%u
for index_updates
table 1 : explain UPDATE sbtest1 SET k=k+1 WHERE id=990555
	Update on sbtest1  (cost=0.43..8.46 rows=0 width=0)
	  ->  Index Scan using sbtest1_pkey on sbtest1  (cost=0.43..8.46 rows=1 width=10)
	        Index Cond: (id = 990555)

table 2 : explain UPDATE sbtest2 SET k=k+1 WHERE id=6825352
	Update on sbtest2  (cost=0.43..8.46 rows=0 width=0)
	  ->  Index Scan using sbtest2_pkey on sbtest2  (cost=0.43..8.46 rows=1 width=10)
	        Index Cond: (id = 6825352)

table 3 : explain UPDATE sbtest3 SET k=k+1 WHERE id=2034654
	Update on sbtest3  (cost=0.43..8.46 rows=0 width=0)
	  ->  Index Scan using sbtest3_pkey on sbtest3  (cost=0.43..8.46 rows=1 width=10)
	        Index Cond: (id = 2034654)

table 4 : explain UPDATE sbtest4 SET k=k+1 WHERE id=7841664
	Update on sbtest4  (cost=0.43..8.46 rows=0 width=0)
	  ->  Index Scan using sbtest4_pkey on sbtest4  (cost=0.43..8.46 rows=1 width=10)
	        Index Cond: (id = 7841664)

table 5 : explain UPDATE sbtest5 SET k=k+1 WHERE id=1775514
	Update on sbtest5  (cost=0.43..8.46 rows=0 width=0)
	  ->  Index Scan using sbtest5_pkey on sbtest5  (cost=0.43..8.46 rows=1 width=10)
	        Index Cond: (id = 1775514)

table 6 : explain UPDATE sbtest6 SET k=k+1 WHERE id=7003869
	Update on sbtest6  (cost=0.43..8.46 rows=0 width=0)
	  ->  Index Scan using sbtest6_pkey on sbtest6  (cost=0.43..8.46 rows=1 width=10)
	        Index Cond: (id = 7003869)

table 7 : explain UPDATE sbtest7 SET k=k+1 WHERE id=4148729
	Update on sbtest7  (cost=0.43..8.46 rows=0 width=0)
	  ->  Index Scan using sbtest7_pkey on sbtest7  (cost=0.43..8.46 rows=1 width=10)
	        Index Cond: (id = 4148729)

table 8 : explain UPDATE sbtest8 SET k=k+1 WHERE id=2109251
	Update on sbtest8  (cost=0.43..8.46 rows=0 width=0)
	  ->  Index Scan using sbtest8_pkey on sbtest8  (cost=0.43..8.46 rows=1 width=10)
	        Index Cond: (id = 2109251)

explain: for deletes :: explain DELETE FROM sbtest%u WHERE id=%u
for non_index_updates
table 1 : explain UPDATE sbtest1 SET c='foobar' WHERE id=5313817
	Update on sbtest1  (cost=0.43..8.45 rows=0 width=0)
	  ->  Index Scan using sbtest1_pkey on sbtest1  (cost=0.43..8.45 rows=1 width=490)
	        Index Cond: (id = 5313817)

table 2 : explain UPDATE sbtest2 SET c='foobar' WHERE id=5986552
	Update on sbtest2  (cost=0.43..8.45 rows=0 width=0)
	  ->  Index Scan using sbtest2_pkey on sbtest2  (cost=0.43..8.45 rows=1 width=490)
	        Index Cond: (id = 5986552)

table 3 : explain UPDATE sbtest3 SET c='foobar' WHERE id=494534
	Update on sbtest3  (cost=0.43..8.45 rows=0 width=0)
	  ->  Index Scan using sbtest3_pkey on sbtest3  (cost=0.43..8.45 rows=1 width=490)
	        Index Cond: (id = 494534)

table 4 : explain UPDATE sbtest4 SET c='foobar' WHERE id=587997
	Update on sbtest4  (cost=0.43..8.45 rows=0 width=0)
	  ->  Index Scan using sbtest4_pkey on sbtest4  (cost=0.43..8.45 rows=1 width=490)
	        Index Cond: (id = 587997)

table 5 : explain UPDATE sbtest5 SET c='foobar' WHERE id=5103883
	Update on sbtest5  (cost=0.43..8.45 rows=0 width=0)
	  ->  Index Scan using sbtest5_pkey on sbtest5  (cost=0.43..8.45 rows=1 width=490)
	        Index Cond: (id = 5103883)

table 6 : explain UPDATE sbtest6 SET c='foobar' WHERE id=6920607
	Update on sbtest6  (cost=0.43..8.45 rows=0 width=0)
	  ->  Index Scan using sbtest6_pkey on sbtest6  (cost=0.43..8.45 rows=1 width=490)
	        Index Cond: (id = 6920607)

table 7 : explain UPDATE sbtest7 SET c='foobar' WHERE id=5039471
	Update on sbtest7  (cost=0.43..8.45 rows=0 width=0)
	  ->  Index Scan using sbtest7_pkey on sbtest7  (cost=0.43..8.45 rows=1 width=490)
	        Index Cond: (id = 5039471)

table 8 : explain UPDATE sbtest8 SET c='foobar' WHERE id=5772250
	Update on sbtest8  (cost=0.43..8.45 rows=0 width=0)
	  ->  Index Scan using sbtest8_pkey on sbtest8  (cost=0.43..8.45 rows=1 width=490)
	        Index Cond: (id = 5772250)

for: order_ranges
table 1 : explain SELECT c FROM sbtest1 WHERE id BETWEEN 4774212 AND 4774221 ORDER BY c
	Sort  (cost=38.72..38.74 rows=10 width=121)
	  Sort Key: c
	  ->  Index Scan using sbtest1_pkey on sbtest1  (cost=0.43..38.55 rows=10 width=121)
	        Index Cond: ((id >= 4774212) AND (id <= 4774221))

table 2 : explain SELECT c FROM sbtest2 WHERE id BETWEEN 1551404 AND 1551413 ORDER BY c
	Sort  (cost=38.63..38.66 rows=10 width=121)
	  Sort Key: c
	  ->  Index Scan using sbtest2_pkey on sbtest2  (cost=0.43..38.47 rows=10 width=121)
	        Index Cond: ((id >= 1551404) AND (id <= 1551413))

table 3 : explain SELECT c FROM sbtest3 WHERE id BETWEEN 8814726 AND 8814735 ORDER BY c
	Sort  (cost=42.71..42.74 rows=11 width=121)
	  Sort Key: c
	  ->  Index Scan using sbtest3_pkey on sbtest3  (cost=0.43..42.52 rows=11 width=121)
	        Index Cond: ((id >= 8814726) AND (id <= 8814735))

table 4 : explain SELECT c FROM sbtest4 WHERE id BETWEEN 3458159 AND 3458168 ORDER BY c
	Sort  (cost=39.09..39.11 rows=10 width=121)
	  Sort Key: c
	  ->  Index Scan using sbtest4_pkey on sbtest4  (cost=0.43..38.92 rows=10 width=121)
	        Index Cond: ((id >= 3458159) AND (id <= 3458168))

table 5 : explain SELECT c FROM sbtest5 WHERE id BETWEEN 2372223 AND 2372232 ORDER BY c
	Sort  (cost=42.44..42.46 rows=11 width=121)
	  Sort Key: c
	  ->  Index Scan using sbtest5_pkey on sbtest5  (cost=0.43..42.25 rows=11 width=121)
	        Index Cond: ((id >= 2372223) AND (id <= 2372232))

table 6 : explain SELECT c FROM sbtest6 WHERE id BETWEEN 3594092 AND 3594101 ORDER BY c
	Sort  (cost=38.94..38.96 rows=10 width=121)
	  Sort Key: c
	  ->  Index Scan using sbtest6_pkey on sbtest6  (cost=0.43..38.77 rows=10 width=121)
	        Index Cond: ((id >= 3594092) AND (id <= 3594101))

table 7 : explain SELECT c FROM sbtest7 WHERE id BETWEEN 1978572 AND 1978581 ORDER BY c
	Sort  (cost=38.90..38.93 rows=10 width=121)
	  Sort Key: c
	  ->  Index Scan using sbtest7_pkey on sbtest7  (cost=0.43..38.74 rows=10 width=121)
	        Index Cond: ((id >= 1978572) AND (id <= 1978581))

table 8 : explain SELECT c FROM sbtest8 WHERE id BETWEEN 1049686 AND 1049695 ORDER BY c
	Sort  (cost=39.03..39.06 rows=10 width=121)
	  Sort Key: c
	  ->  Index Scan using sbtest8_pkey on sbtest8  (cost=0.43..38.87 rows=10 width=121)
	        Index Cond: ((id >= 1049686) AND (id <= 1049695))

explain: for deletes :: explain DELETE FROM sbtest%u WHERE id=%u
for deletes
table 1 : explain DELETE FROM sbtest1 WHERE id=9372555
	Delete on sbtest1  (cost=0.43..8.45 rows=0 width=0)
	  ->  Index Scan using sbtest1_pkey on sbtest1  (cost=0.43..8.45 rows=1 width=6)
	        Index Cond: (id = 9372555)

table 2 : explain DELETE FROM sbtest2 WHERE id=7090464
	Delete on sbtest2  (cost=0.43..8.45 rows=0 width=0)
	  ->  Index Scan using sbtest2_pkey on sbtest2  (cost=0.43..8.45 rows=1 width=6)
	        Index Cond: (id = 7090464)

table 3 : explain DELETE FROM sbtest3 WHERE id=402847
	Delete on sbtest3  (cost=0.43..8.45 rows=0 width=0)
	  ->  Index Scan using sbtest3_pkey on sbtest3  (cost=0.43..8.45 rows=1 width=6)
	        Index Cond: (id = 402847)

table 4 : explain DELETE FROM sbtest4 WHERE id=8153048
	Delete on sbtest4  (cost=0.43..8.45 rows=0 width=0)
	  ->  Index Scan using sbtest4_pkey on sbtest4  (cost=0.43..8.45 rows=1 width=6)
	        Index Cond: (id = 8153048)

table 5 : explain DELETE FROM sbtest5 WHERE id=6814310
	Delete on sbtest5  (cost=0.43..8.45 rows=0 width=0)
	  ->  Index Scan using sbtest5_pkey on sbtest5  (cost=0.43..8.45 rows=1 width=6)
	        Index Cond: (id = 6814310)

table 6 : explain DELETE FROM sbtest6 WHERE id=8048379
	Delete on sbtest6  (cost=0.43..8.45 rows=0 width=0)
	  ->  Index Scan using sbtest6_pkey on sbtest6  (cost=0.43..8.45 rows=1 width=6)
	        Index Cond: (id = 8048379)

table 7 : explain DELETE FROM sbtest7 WHERE id=8821148
	Delete on sbtest7  (cost=0.43..8.45 rows=0 width=0)
	  ->  Index Scan using sbtest7_pkey on sbtest7  (cost=0.43..8.45 rows=1 width=6)
	        Index Cond: (id = 8821148)

table 8 : explain DELETE FROM sbtest8 WHERE id=9156368
	Delete on sbtest8  (cost=0.43..8.45 rows=0 width=0)
	  ->  Index Scan using sbtest8_pkey on sbtest8  (cost=0.43..8.45 rows=1 width=6)
	        Index Cond: (id = 9156368)

explain: for non_index_updates :: explain UPDATE sbtest%u SET c='foobar' WHERE id=%u
for: distinct_ranges
table 1 : explain SELECT DISTINCT c FROM sbtest1 WHERE id BETWEEN 2829325 AND 2829334 ORDER BY c
	Unique  (cost=38.72..38.77 rows=10 width=121)
	  ->  Sort  (cost=38.72..38.74 rows=10 width=121)
	        Sort Key: c
	        ->  Index Scan using sbtest1_pkey on sbtest1  (cost=0.43..38.55 rows=10 width=121)
	              Index Cond: ((id >= 2829325) AND (id <= 2829334))

table 2 : explain SELECT DISTINCT c FROM sbtest2 WHERE id BETWEEN 787862 AND 787871 ORDER BY c
	Unique  (cost=35.28..35.32 rows=9 width=121)
	  ->  Sort  (cost=35.28..35.30 rows=9 width=121)
	        Sort Key: c
	        ->  Index Scan using sbtest2_pkey on sbtest2  (cost=0.43..35.13 rows=9 width=121)
	              Index Cond: ((id >= 787862) AND (id <= 787871))

table 3 : explain SELECT DISTINCT c FROM sbtest3 WHERE id BETWEEN 7494903 AND 7494912 ORDER BY c
	Unique  (cost=39.28..39.33 rows=10 width=121)
	  ->  Sort  (cost=39.28..39.30 rows=10 width=121)
	        Sort Key: c
	        ->  Index Scan using sbtest3_pkey on sbtest3  (cost=0.43..39.11 rows=10 width=121)
	              Index Cond: ((id >= 7494903) AND (id <= 7494912))

table 4 : explain SELECT DISTINCT c FROM sbtest4 WHERE id BETWEEN 6648693 AND 6648702 ORDER BY c
	Unique  (cost=39.09..39.14 rows=10 width=121)
	  ->  Sort  (cost=39.09..39.11 rows=10 width=121)
	        Sort Key: c
	        ->  Index Scan using sbtest4_pkey on sbtest4  (cost=0.43..38.92 rows=10 width=121)
	              Index Cond: ((id >= 6648693) AND (id <= 6648702))

table 5 : explain SELECT DISTINCT c FROM sbtest5 WHERE id BETWEEN 3296300 AND 3296309 ORDER BY c
	Unique  (cost=39.03..39.08 rows=10 width=121)
	  ->  Sort  (cost=39.03..39.06 rows=10 width=121)
	        Sort Key: c
	        ->  Index Scan using sbtest5_pkey on sbtest5  (cost=0.43..38.87 rows=10 width=121)
	              Index Cond: ((id >= 3296300) AND (id <= 3296309))

table 6 : explain SELECT DISTINCT c FROM sbtest6 WHERE id BETWEEN 7705492 AND 7705501 ORDER BY c
	Unique  (cost=38.94..38.99 rows=10 width=121)
	  ->  Sort  (cost=38.94..38.96 rows=10 width=121)
	        Sort Key: c
	        ->  Index Scan using sbtest6_pkey on sbtest6  (cost=0.43..38.77 rows=10 width=121)
	              Index Cond: ((id >= 7705492) AND (id <= 7705501))

table 7 : explain SELECT DISTINCT c FROM sbtest7 WHERE id BETWEEN 7207866 AND 7207875 ORDER BY c
	Unique  (cost=38.90..38.95 rows=10 width=121)
	  ->  Sort  (cost=38.90..38.93 rows=10 width=121)
	        Sort Key: c
	        ->  Index Scan using sbtest7_pkey on sbtest7  (cost=0.43..38.74 rows=10 width=121)
	              Index Cond: ((id >= 7207866) AND (id <= 7207875))

table 8 : explain SELECT DISTINCT c FROM sbtest8 WHERE id BETWEEN 6147281 AND 6147290 ORDER BY c
	Unique  (cost=35.63..35.67 rows=9 width=121)
	  ->  Sort  (cost=35.63..35.65 rows=9 width=121)
	        Sort Key: c
	        ->  Index Scan using sbtest8_pkey on sbtest8  (cost=0.43..35.49 rows=9 width=121)
	              Index Cond: ((id >= 6147281) AND (id <= 6147290))

for deletes
table 1 : explain DELETE FROM sbtest1 WHERE id=1350563
	Delete on sbtest1  (cost=0.43..8.45 rows=0 width=0)
	  ->  Index Scan using sbtest1_pkey on sbtest1  (cost=0.43..8.45 rows=1 width=6)
	        Index Cond: (id = 1350563)

table 2 : explain DELETE FROM sbtest2 WHERE id=3747314
	Delete on sbtest2  (cost=0.43..8.45 rows=0 width=0)
	  ->  Index Scan using sbtest2_pkey on sbtest2  (cost=0.43..8.45 rows=1 width=6)
	        Index Cond: (id = 3747314)

table 3 : explain DELETE FROM sbtest3 WHERE id=7495998
	Delete on sbtest3  (cost=0.43..8.45 rows=0 width=0)
	  ->  Index Scan using sbtest3_pkey on sbtest3  (cost=0.43..8.45 rows=1 width=6)
	        Index Cond: (id = 7495998)

table 4 : explain DELETE FROM sbtest4 WHERE id=3776738
	Delete on sbtest4  (cost=0.43..8.45 rows=0 width=0)
	  ->  Index Scan using sbtest4_pkey on sbtest4  (cost=0.43..8.45 rows=1 width=6)
	        Index Cond: (id = 3776738)

table 5 : explain DELETE FROM sbtest5 WHERE id=1899928
	Delete on sbtest5  (cost=0.43..8.45 rows=0 width=0)
	  ->  Index Scan using sbtest5_pkey on sbtest5  (cost=0.43..8.45 rows=1 width=6)
	        Index Cond: (id = 1899928)

table 6 : explain DELETE FROM sbtest6 WHERE id=4329032
	Delete on sbtest6  (cost=0.43..8.45 rows=0 width=0)
	  ->  Index Scan using sbtest6_pkey on sbtest6  (cost=0.43..8.45 rows=1 width=6)
	        Index Cond: (id = 4329032)

table 7 : explain DELETE FROM sbtest7 WHERE id=4670138
	Delete on sbtest7  (cost=0.43..8.45 rows=0 width=0)
	  ->  Index Scan using sbtest7_pkey on sbtest7  (cost=0.43..8.45 rows=1 width=6)
	        Index Cond: (id = 4670138)

table 8 : explain DELETE FROM sbtest8 WHERE id=9098056
	Delete on sbtest8  (cost=0.43..8.45 rows=0 width=0)
	  ->  Index Scan using sbtest8_pkey on sbtest8  (cost=0.43..8.45 rows=1 width=6)
	        Index Cond: (id = 9098056)

for index_updates
table 1 : explain UPDATE sbtest1 SET k=k+1 WHERE id=3872367
	Update on sbtest1  (cost=0.43..8.46 rows=0 width=0)
	  ->  Index Scan using sbtest1_pkey on sbtest1  (cost=0.43..8.46 rows=1 width=10)
	        Index Cond: (id = 3872367)

table 2 : explain UPDATE sbtest2 SET k=k+1 WHERE id=9699228
	Update on sbtest2  (cost=0.43..8.46 rows=0 width=0)
	  ->  Index Scan using sbtest2_pkey on sbtest2  (cost=0.43..8.46 rows=1 width=10)
	        Index Cond: (id = 9699228)

table 3 : explain UPDATE sbtest3 SET k=k+1 WHERE id=7057245
	Update on sbtest3  (cost=0.43..8.46 rows=0 width=0)
	  ->  Index Scan using sbtest3_pkey on sbtest3  (cost=0.43..8.46 rows=1 width=10)
	        Index Cond: (id = 7057245)

table 4 : explain UPDATE sbtest4 SET k=k+1 WHERE id=2505265
	Update on sbtest4  (cost=0.43..8.46 rows=0 width=0)
	  ->  Index Scan using sbtest4_pkey on sbtest4  (cost=0.43..8.46 rows=1 width=10)
	        Index Cond: (id = 2505265)

table 5 : explain UPDATE sbtest5 SET k=k+1 WHERE id=7978955
	Update on sbtest5  (cost=0.43..8.46 rows=0 width=0)
	  ->  Index Scan using sbtest5_pkey on sbtest5  (cost=0.43..8.46 rows=1 width=10)
	        Index Cond: (id = 7978955)

table 6 : explain UPDATE sbtest6 SET k=k+1 WHERE id=6507054
	Update on sbtest6  (cost=0.43..8.46 rows=0 width=0)
	  ->  Index Scan using sbtest6_pkey on sbtest6  (cost=0.43..8.46 rows=1 width=10)
	        Index Cond: (id = 6507054)

table 7 : explain UPDATE sbtest7 SET k=k+1 WHERE id=6315252
	Update on sbtest7  (cost=0.43..8.46 rows=0 width=0)
	  ->  Index Scan using sbtest7_pkey on sbtest7  (cost=0.43..8.46 rows=1 width=10)
	        Index Cond: (id = 6315252)

table 8 : explain UPDATE sbtest8 SET k=k+1 WHERE id=1955178
	Update on sbtest8  (cost=0.43..8.46 rows=0 width=0)
	  ->  Index Scan using sbtest8_pkey on sbtest8  (cost=0.43..8.46 rows=1 width=10)
	        Index Cond: (id = 1955178)

for deletes
table 1 : explain DELETE FROM sbtest1 WHERE id=1969770
	Delete on sbtest1  (cost=0.43..8.45 rows=0 width=0)
	  ->  Index Scan using sbtest1_pkey on sbtest1  (cost=0.43..8.45 rows=1 width=6)
	        Index Cond: (id = 1969770)

table 2 : explain DELETE FROM sbtest2 WHERE id=317123
	Delete on sbtest2  (cost=0.43..8.45 rows=0 width=0)
	  ->  Index Scan using sbtest2_pkey on sbtest2  (cost=0.43..8.45 rows=1 width=6)
	        Index Cond: (id = 317123)

table 3 : explain DELETE FROM sbtest3 WHERE id=3053325
	Delete on sbtest3  (cost=0.43..8.45 rows=0 width=0)
	  ->  Index Scan using sbtest3_pkey on sbtest3  (cost=0.43..8.45 rows=1 width=6)
	        Index Cond: (id = 3053325)

table 4 : explain DELETE FROM sbtest4 WHERE id=6181705
	Delete on sbtest4  (cost=0.43..8.45 rows=0 width=0)
	  ->  Index Scan using sbtest4_pkey on sbtest4  (cost=0.43..8.45 rows=1 width=6)
	        Index Cond: (id = 6181705)

table 5 : explain DELETE FROM sbtest5 WHERE id=9729166
	Delete on sbtest5  (cost=0.43..8.45 rows=0 width=0)
	  ->  Index Scan using sbtest5_pkey on sbtest5  (cost=0.43..8.45 rows=1 width=6)
	        Index Cond: (id = 9729166)

table 6 : explain DELETE FROM sbtest6 WHERE id=1385669
	Delete on sbtest6  (cost=0.43..8.45 rows=0 width=0)
	  ->  Index Scan using sbtest6_pkey on sbtest6  (cost=0.43..8.45 rows=1 width=6)
	        Index Cond: (id = 1385669)

table 7 : explain DELETE FROM sbtest7 WHERE id=8319273
	Delete on sbtest7  (cost=0.43..8.45 rows=0 width=0)
	  ->  Index Scan using sbtest7_pkey on sbtest7  (cost=0.43..8.45 rows=1 width=6)
	        Index Cond: (id = 8319273)

table 8 : explain DELETE FROM sbtest8 WHERE id=1069742
	Delete on sbtest8  (cost=0.43..8.45 rows=0 width=0)
	  ->  Index Scan using sbtest8_pkey on sbtest8  (cost=0.43..8.45 rows=1 width=6)
	        Index Cond: (id = 1069742)

explain: for inserts :: explain INSERT INTO sbtest%u (id, k, c, pad) VALUES (%u, 13, 'foobar', 'foobar')
for deletes
table 1 : explain DELETE FROM sbtest1 WHERE id=4466699
	Delete on sbtest1  (cost=0.43..8.45 rows=0 width=0)
	  ->  Index Scan using sbtest1_pkey on sbtest1  (cost=0.43..8.45 rows=1 width=6)
	        Index Cond: (id = 4466699)

table 2 : explain DELETE FROM sbtest2 WHERE id=4800907
	Delete on sbtest2  (cost=0.43..8.45 rows=0 width=0)
	  ->  Index Scan using sbtest2_pkey on sbtest2  (cost=0.43..8.45 rows=1 width=6)
	        Index Cond: (id = 4800907)

table 3 : explain DELETE FROM sbtest3 WHERE id=393441
	Delete on sbtest3  (cost=0.43..8.45 rows=0 width=0)
	  ->  Index Scan using sbtest3_pkey on sbtest3  (cost=0.43..8.45 rows=1 width=6)
	        Index Cond: (id = 393441)

table 4 : explain DELETE FROM sbtest4 WHERE id=7434567
	Delete on sbtest4  (cost=0.43..8.45 rows=0 width=0)
	  ->  Index Scan using sbtest4_pkey on sbtest4  (cost=0.43..8.45 rows=1 width=6)
	        Index Cond: (id = 7434567)

table 5 : explain DELETE FROM sbtest5 WHERE id=5274298
	Delete on sbtest5  (cost=0.43..8.45 rows=0 width=0)
	  ->  Index Scan using sbtest5_pkey on sbtest5  (cost=0.43..8.45 rows=1 width=6)
	        Index Cond: (id = 5274298)

table 6 : explain DELETE FROM sbtest6 WHERE id=7410211
	Delete on sbtest6  (cost=0.43..8.45 rows=0 width=0)
	  ->  Index Scan using sbtest6_pkey on sbtest6  (cost=0.43..8.45 rows=1 width=6)
	        Index Cond: (id = 7410211)

table 7 : explain DELETE FROM sbtest7 WHERE id=8415636
	Delete on sbtest7  (cost=0.43..8.45 rows=0 width=0)
	  ->  Index Scan using sbtest7_pkey on sbtest7  (cost=0.43..8.45 rows=1 width=6)
	        Index Cond: (id = 8415636)

table 8 : explain DELETE FROM sbtest8 WHERE id=1764861
	Delete on sbtest8  (cost=0.43..8.45 rows=0 width=0)
	  ->  Index Scan using sbtest8_pkey on sbtest8  (cost=0.43..8.45 rows=1 width=6)
	        Index Cond: (id = 1764861)

explain: for index_updates :: explain UPDATE sbtest%u SET k=k+1 WHERE id=%u
for non_index_updates
table 1 : explain UPDATE sbtest1 SET c='foobar' WHERE id=9981994
	Update on sbtest1  (cost=0.43..8.45 rows=0 width=0)
	  ->  Index Scan using sbtest1_pkey on sbtest1  (cost=0.43..8.45 rows=1 width=490)
	        Index Cond: (id = 9981994)

table 2 : explain UPDATE sbtest2 SET c='foobar' WHERE id=5546453
	Update on sbtest2  (cost=0.43..8.45 rows=0 width=0)
	  ->  Index Scan using sbtest2_pkey on sbtest2  (cost=0.43..8.45 rows=1 width=490)
	        Index Cond: (id = 5546453)

table 3 : explain UPDATE sbtest3 SET c='foobar' WHERE id=9645678
	Update on sbtest3  (cost=0.43..8.45 rows=0 width=0)
	  ->  Index Scan using sbtest3_pkey on sbtest3  (cost=0.43..8.45 rows=1 width=490)
	        Index Cond: (id = 9645678)

table 4 : explain UPDATE sbtest4 SET c='foobar' WHERE id=3122702
	Update on sbtest4  (cost=0.43..8.45 rows=0 width=0)
	  ->  Index Scan using sbtest4_pkey on sbtest4  (cost=0.43..8.45 rows=1 width=490)
	        Index Cond: (id = 3122702)

table 5 : explain UPDATE sbtest5 SET c='foobar' WHERE id=3499382
	Update on sbtest5  (cost=0.43..8.45 rows=0 width=0)
	  ->  Index Scan using sbtest5_pkey on sbtest5  (cost=0.43..8.45 rows=1 width=490)
	        Index Cond: (id = 3499382)

table 6 : explain UPDATE sbtest6 SET c='foobar' WHERE id=8428645
	Update on sbtest6  (cost=0.43..8.45 rows=0 width=0)
	  ->  Index Scan using sbtest6_pkey on sbtest6  (cost=0.43..8.45 rows=1 width=490)
	        Index Cond: (id = 8428645)

table 7 : explain UPDATE sbtest7 SET c='foobar' WHERE id=2891873
	Update on sbtest7  (cost=0.43..8.45 rows=0 width=0)
	  ->  Index Scan using sbtest7_pkey on sbtest7  (cost=0.43..8.45 rows=1 width=490)
	        Index Cond: (id = 2891873)

table 8 : explain UPDATE sbtest8 SET c='foobar' WHERE id=9555100
	Update on sbtest8  (cost=0.43..8.45 rows=0 width=0)
	  ->  Index Scan using sbtest8_pkey on sbtest8  (cost=0.43..8.45 rows=1 width=490)
	        Index Cond: (id = 9555100)

explain: for non_index_updates :: explain UPDATE sbtest%u SET c='foobar' WHERE id=%u
explain: for inserts :: explain INSERT INTO sbtest%u (id, k, c, pad) VALUES (%u, 13, 'foobar', 'foobar')
explain: for inserts :: explain INSERT INTO sbtest%u (id, k, c, pad) VALUES (%u, 13, 'foobar', 'foobar')
for: distinct_ranges
table 1 : explain SELECT DISTINCT c FROM sbtest1 WHERE id BETWEEN 8428072 AND 8428081 ORDER BY c
	Unique  (cost=38.72..38.77 rows=10 width=121)
	  ->  Sort  (cost=38.72..38.74 rows=10 width=121)
	        Sort Key: c
	        ->  Index Scan using sbtest1_pkey on sbtest1  (cost=0.43..38.55 rows=10 width=121)
	              Index Cond: ((id >= 8428072) AND (id <= 8428081))

table 2 : explain SELECT DISTINCT c FROM sbtest2 WHERE id BETWEEN 9014597 AND 9014606 ORDER BY c
	Unique  (cost=38.63..38.68 rows=10 width=121)
	  ->  Sort  (cost=38.63..38.66 rows=10 width=121)
	        Sort Key: c
	        ->  Index Scan using sbtest2_pkey on sbtest2  (cost=0.43..38.47 rows=10 width=121)
	              Index Cond: ((id >= 9014597) AND (id <= 9014606))

table 3 : explain SELECT DISTINCT c FROM sbtest3 WHERE id BETWEEN 252573 AND 252582 ORDER BY c
	Unique  (cost=39.28..39.33 rows=10 width=121)
	  ->  Sort  (cost=39.28..39.30 rows=10 width=121)
	        Sort Key: c
	        ->  Index Scan using sbtest3_pkey on sbtest3  (cost=0.43..39.11 rows=10 width=121)
	              Index Cond: ((id >= 252573) AND (id <= 252582))

table 4 : explain SELECT DISTINCT c FROM sbtest4 WHERE id BETWEEN 9394921 AND 9394930 ORDER BY c
	Unique  (cost=42.50..42.55 rows=11 width=121)
	  ->  Sort  (cost=42.50..42.52 rows=11 width=121)
	        Sort Key: c
	        ->  Index Scan using sbtest4_pkey on sbtest4  (cost=0.43..42.30 rows=11 width=121)
	              Index Cond: ((id >= 9394921) AND (id <= 9394930))

table 5 : explain SELECT DISTINCT c FROM sbtest5 WHERE id BETWEEN 123519 AND 123528 ORDER BY c
	Unique  (cost=39.03..39.08 rows=10 width=121)
	  ->  Sort  (cost=39.03..39.06 rows=10 width=121)
	        Sort Key: c
	        ->  Index Scan using sbtest5_pkey on sbtest5  (cost=0.43..38.87 rows=10 width=121)
	              Index Cond: ((id >= 123519) AND (id <= 123528))

table 6 : explain SELECT DISTINCT c FROM sbtest6 WHERE id BETWEEN 9901949 AND 9901958 ORDER BY c
	Unique  (cost=38.94..38.99 rows=10 width=121)
	  ->  Sort  (cost=38.94..38.96 rows=10 width=121)
	        Sort Key: c
	        ->  Index Scan using sbtest6_pkey on sbtest6  (cost=0.43..38.77 rows=10 width=121)
	              Index Cond: ((id >= 9901949) AND (id <= 9901958))

table 7 : explain SELECT DISTINCT c FROM sbtest7 WHERE id BETWEEN 7252198 AND 7252207 ORDER BY c
	Unique  (cost=38.90..38.95 rows=10 width=121)
	  ->  Sort  (cost=38.90..38.93 rows=10 width=121)
	        Sort Key: c
	        ->  Index Scan using sbtest7_pkey on sbtest7  (cost=0.43..38.74 rows=10 width=121)
	              Index Cond: ((id >= 7252198) AND (id <= 7252207))

table 8 : explain SELECT DISTINCT c FROM sbtest8 WHERE id BETWEEN 8612714 AND 8612723 ORDER BY c
	Unique  (cost=39.03..39.08 rows=10 width=121)
	  ->  Sort  (cost=39.03..39.06 rows=10 width=121)
	        Sort Key: c
	        ->  Index Scan using sbtest8_pkey on sbtest8  (cost=0.43..38.87 rows=10 width=121)
	              Index Cond: ((id >= 8612714) AND (id <= 8612723))
for inserts
table 1 : explain INSERT INTO sbtest1 (id, k, c, pad) VALUES (8090636, 13, 'foobar', 'foobar')
	Insert on sbtest1  (cost=0.00..0.01 rows=0 width=0)
	  ->  Result  (cost=0.00..0.01 rows=1 width=736)

table 2 : explain INSERT INTO sbtest2 (id, k, c, pad) VALUES (6368057, 13, 'foobar', 'foobar')
	Insert on sbtest2  (cost=0.00..0.01 rows=0 width=0)
	  ->  Result  (cost=0.00..0.01 rows=1 width=736)

table 3 : explain INSERT INTO sbtest3 (id, k, c, pad) VALUES (3601995, 13, 'foobar', 'foobar')
	Insert on sbtest3  (cost=0.00..0.01 rows=0 width=0)
	  ->  Result  (cost=0.00..0.01 rows=1 width=736)

table 4 : explain INSERT INTO sbtest4 (id, k, c, pad) VALUES (6981739, 13, 'foobar', 'foobar')
	Insert on sbtest4  (cost=0.00..0.01 rows=0 width=0)
	  ->  Result  (cost=0.00..0.01 rows=1 width=736)

table 5 : explain INSERT INTO sbtest5 (id, k, c, pad) VALUES (9887994, 13, 'foobar', 'foobar')
	Insert on sbtest5  (cost=0.00..0.01 rows=0 width=0)
	  ->  Result  (cost=0.00..0.01 rows=1 width=736)

table 6 : explain INSERT INTO sbtest6 (id, k, c, pad) VALUES (4116078, 13, 'foobar', 'foobar')
	Insert on sbtest6  (cost=0.00..0.01 rows=0 width=0)
	  ->  Result  (cost=0.00..0.01 rows=1 width=736)

table 7 : explain INSERT INTO sbtest7 (id, k, c, pad) VALUES (3254245, 13, 'foobar', 'foobar')
	Insert on sbtest7  (cost=0.00..0.01 rows=0 width=0)
	  ->  Result  (cost=0.00..0.01 rows=1 width=736)

table 8 : explain INSERT INTO sbtest8 (id, k, c, pad) VALUES (9005861, 13, 'foobar', 'foobar')
	Insert on sbtest8  (cost=0.00..0.01 rows=0 width=0)
	  ->  Result  (cost=0.00..0.01 rows=1 width=736)


explain: for deletes :: explain DELETE FROM sbtest%u WHERE id=%u
explain: for inserts :: explain INSERT INTO sbtest%u (id, k, c, pad) VALUES (%u, 13, 'foobar', 'foobar')
explain: for index_updates :: explain UPDATE sbtest%u SET k=k+1 WHERE id=%u
for non_index_updates
table 1 : explain UPDATE sbtest1 SET c='foobar' WHERE id=9305687
	Update on sbtest1  (cost=0.43..8.45 rows=0 width=0)
	  ->  Index Scan using sbtest1_pkey on sbtest1  (cost=0.43..8.45 rows=1 width=490)
	        Index Cond: (id = 9305687)

table 2 : explain UPDATE sbtest2 SET c='foobar' WHERE id=5654529
	Update on sbtest2  (cost=0.43..8.45 rows=0 width=0)
	  ->  Index Scan using sbtest2_pkey on sbtest2  (cost=0.43..8.45 rows=1 width=490)
	        Index Cond: (id = 5654529)

table 3 : explain UPDATE sbtest3 SET c='foobar' WHERE id=9047653
	Update on sbtest3  (cost=0.43..8.45 rows=0 width=0)
	  ->  Index Scan using sbtest3_pkey on sbtest3  (cost=0.43..8.45 rows=1 width=490)
	        Index Cond: (id = 9047653)

table 4 : explain UPDATE sbtest4 SET c='foobar' WHERE id=4182026
	Update on sbtest4  (cost=0.43..8.45 rows=0 width=0)
	  ->  Index Scan using sbtest4_pkey on sbtest4  (cost=0.43..8.45 rows=1 width=490)
	        Index Cond: (id = 4182026)

table 5 : explain UPDATE sbtest5 SET c='foobar' WHERE id=8691250
	Update on sbtest5  (cost=0.43..8.45 rows=0 width=0)
	  ->  Index Scan using sbtest5_pkey on sbtest5  (cost=0.43..8.45 rows=1 width=490)
	        Index Cond: (id = 8691250)

table 6 : explain UPDATE sbtest6 SET c='foobar' WHERE id=7429090
	Update on sbtest6  (cost=0.43..8.45 rows=0 width=0)
	  ->  Index Scan using sbtest6_pkey on sbtest6  (cost=0.43..8.45 rows=1 width=490)
	        Index Cond: (id = 7429090)

table 7 : explain UPDATE sbtest7 SET c='foobar' WHERE id=4497375
	Update on sbtest7  (cost=0.43..8.45 rows=0 width=0)
	  ->  Index Scan using sbtest7_pkey on sbtest7  (cost=0.43..8.45 rows=1 width=490)
	        Index Cond: (id = 4497375)

table 8 : explain UPDATE sbtest8 SET c='foobar' WHERE id=8760736
	Update on sbtest8  (cost=0.43..8.45 rows=0 width=0)
	  ->  Index Scan using sbtest8_pkey on sbtest8  (cost=0.43..8.45 rows=1 width=490)
	        Index Cond: (id = 8760736)

for inserts
table 1 : explain INSERT INTO sbtest1 (id, k, c, pad) VALUES (6505226, 13, 'foobar', 'foobar')
	Insert on sbtest1  (cost=0.00..0.01 rows=0 width=0)
	  ->  Result  (cost=0.00..0.01 rows=1 width=736)

table 2 : explain INSERT INTO sbtest2 (id, k, c, pad) VALUES (1045891, 13, 'foobar', 'foobar')
	Insert on sbtest2  (cost=0.00..0.01 rows=0 width=0)
	  ->  Result  (cost=0.00..0.01 rows=1 width=736)

table 3 : explain INSERT INTO sbtest3 (id, k, c, pad) VALUES (3990011, 13, 'foobar', 'foobar')
	Insert on sbtest3  (cost=0.00..0.01 rows=0 width=0)
	  ->  Result  (cost=0.00..0.01 rows=1 width=736)

table 4 : explain INSERT INTO sbtest4 (id, k, c, pad) VALUES (6899926, 13, 'foobar', 'foobar')
	Insert on sbtest4  (cost=0.00..0.01 rows=0 width=0)
	  ->  Result  (cost=0.00..0.01 rows=1 width=736)

table 5 : explain INSERT INTO sbtest5 (id, k, c, pad) VALUES (9052961, 13, 'foobar', 'foobar')
	Insert on sbtest5  (cost=0.00..0.01 rows=0 width=0)
	  ->  Result  (cost=0.00..0.01 rows=1 width=736)

table 6 : explain INSERT INTO sbtest6 (id, k, c, pad) VALUES (3692766, 13, 'foobar', 'foobar')
	Insert on sbtest6  (cost=0.00..0.01 rows=0 width=0)
	  ->  Result  (cost=0.00..0.01 rows=1 width=736)

table 7 : explain INSERT INTO sbtest7 (id, k, c, pad) VALUES (8951630, 13, 'foobar', 'foobar')
	Insert on sbtest7  (cost=0.00..0.01 rows=0 width=0)
	  ->  Result  (cost=0.00..0.01 rows=1 width=736)

table 8 : explain INSERT INTO sbtest8 (id, k, c, pad) VALUES (8944202, 13, 'foobar', 'foobar')
	Insert on sbtest8  (cost=0.00..0.01 rows=0 width=0)
	  ->  Result  (cost=0.00..0.01 rows=1 width=736)

for index_updates
table 1 : explain UPDATE sbtest1 SET k=k+1 WHERE id=9981893
	Update on sbtest1  (cost=0.43..8.46 rows=0 width=0)
	  ->  Index Scan using sbtest1_pkey on sbtest1  (cost=0.43..8.46 rows=1 width=10)
	        Index Cond: (id = 9981893)

table 2 : explain UPDATE sbtest2 SET k=k+1 WHERE id=1372376
	Update on sbtest2  (cost=0.43..8.46 rows=0 width=0)
	  ->  Index Scan using sbtest2_pkey on sbtest2  (cost=0.43..8.46 rows=1 width=10)
	        Index Cond: (id = 1372376)

table 3 : explain UPDATE sbtest3 SET k=k+1 WHERE id=4386101
	Update on sbtest3  (cost=0.43..8.46 rows=0 width=0)
	  ->  Index Scan using sbtest3_pkey on sbtest3  (cost=0.43..8.46 rows=1 width=10)
	        Index Cond: (id = 4386101)

table 4 : explain UPDATE sbtest4 SET k=k+1 WHERE id=7756724
	Update on sbtest4  (cost=0.43..8.46 rows=0 width=0)
	  ->  Index Scan using sbtest4_pkey on sbtest4  (cost=0.43..8.46 rows=1 width=10)
	        Index Cond: (id = 7756724)

table 5 : explain UPDATE sbtest5 SET k=k+1 WHERE id=5291009
	Update on sbtest5  (cost=0.43..8.46 rows=0 width=0)
	  ->  Index Scan using sbtest5_pkey on sbtest5  (cost=0.43..8.46 rows=1 width=10)
	        Index Cond: (id = 5291009)

table 6 : explain UPDATE sbtest6 SET k=k+1 WHERE id=4622124
	Update on sbtest6  (cost=0.43..8.46 rows=0 width=0)
	  ->  Index Scan using sbtest6_pkey on sbtest6  (cost=0.43..8.46 rows=1 width=10)
	        Index Cond: (id = 4622124)

table 7 : explain UPDATE sbtest7 SET k=k+1 WHERE id=6198418
	Update on sbtest7  (cost=0.43..8.46 rows=0 width=0)
	  ->  Index Scan using sbtest7_pkey on sbtest7  (cost=0.43..8.46 rows=1 width=10)
	        Index Cond: (id = 6198418)

table 8 : explain UPDATE sbtest8 SET k=k+1 WHERE id=7445245
	Update on sbtest8  (cost=0.43..8.46 rows=0 width=0)
	  ->  Index Scan using sbtest8_pkey on sbtest8  (cost=0.43..8.46 rows=1 width=10)
	        Index Cond: (id = 7445245)

explain: for inserts :: explain INSERT INTO sbtest%u (id, k, c, pad) VALUES (%u, 13, 'foobar', 'foobar')
for deletes
table 1 : explain DELETE FROM sbtest1 WHERE id=2054393
	Delete on sbtest1  (cost=0.43..8.45 rows=0 width=0)
	  ->  Index Scan using sbtest1_pkey on sbtest1  (cost=0.43..8.45 rows=1 width=6)
	        Index Cond: (id = 2054393)

table 2 : explain DELETE FROM sbtest2 WHERE id=4510832
	Delete on sbtest2  (cost=0.43..8.45 rows=0 width=0)
	  ->  Index Scan using sbtest2_pkey on sbtest2  (cost=0.43..8.45 rows=1 width=6)
	        Index Cond: (id = 4510832)

table 3 : explain DELETE FROM sbtest3 WHERE id=9028636
	Delete on sbtest3  (cost=0.43..8.45 rows=0 width=0)
	  ->  Index Scan using sbtest3_pkey on sbtest3  (cost=0.43..8.45 rows=1 width=6)
	        Index Cond: (id = 9028636)

table 4 : explain DELETE FROM sbtest4 WHERE id=7082
	Delete on sbtest4  (cost=0.43..8.45 rows=0 width=0)
	  ->  Index Scan using sbtest4_pkey on sbtest4  (cost=0.43..8.45 rows=1 width=6)
	        Index Cond: (id = 7082)

table 5 : explain DELETE FROM sbtest5 WHERE id=2381151
	Delete on sbtest5  (cost=0.43..8.45 rows=0 width=0)
	  ->  Index Scan using sbtest5_pkey on sbtest5  (cost=0.43..8.45 rows=1 width=6)
	        Index Cond: (id = 2381151)

table 6 : explain DELETE FROM sbtest6 WHERE id=6531865
	Delete on sbtest6  (cost=0.43..8.45 rows=0 width=0)
	  ->  Index Scan using sbtest6_pkey on sbtest6  (cost=0.43..8.45 rows=1 width=6)
	        Index Cond: (id = 6531865)

table 7 : explain DELETE FROM sbtest7 WHERE id=1065628
	Delete on sbtest7  (cost=0.43..8.45 rows=0 width=0)
	  ->  Index Scan using sbtest7_pkey on sbtest7  (cost=0.43..8.45 rows=1 width=6)
	        Index Cond: (id = 1065628)

table 8 : explain DELETE FROM sbtest8 WHERE id=6720666
	Delete on sbtest8  (cost=0.43..8.45 rows=0 width=0)
	  ->  Index Scan using sbtest8_pkey on sbtest8  (cost=0.43..8.45 rows=1 width=6)
	        Index Cond: (id = 6720666)

explain: for deletes :: explain DELETE FROM sbtest%u WHERE id=%u
for: distinct_ranges
table 1 : explain SELECT DISTINCT c FROM sbtest1 WHERE id BETWEEN 5430416 AND 5430425 ORDER BY c
	Unique  (cost=35.35..35.39 rows=9 width=121)
	  ->  Sort  (cost=35.35..35.37 rows=9 width=121)
	        Sort Key: c
	        ->  Index Scan using sbtest1_pkey on sbtest1  (cost=0.43..35.21 rows=9 width=121)
	              Index Cond: ((id >= 5430416) AND (id <= 5430425))

table 2 : explain SELECT DISTINCT c FROM sbtest2 WHERE id BETWEEN 8099383 AND 8099392 ORDER BY c
	Unique  (cost=38.63..38.68 rows=10 width=121)
	  ->  Sort  (cost=38.63..38.66 rows=10 width=121)
	        Sort Key: c
	        ->  Index Scan using sbtest2_pkey on sbtest2  (cost=0.43..38.47 rows=10 width=121)
	              Index Cond: ((id >= 8099383) AND (id <= 8099392))

table 3 : explain SELECT DISTINCT c FROM sbtest3 WHERE id BETWEEN 3553320 AND 3553329 ORDER BY c
	Unique  (cost=39.28..39.33 rows=10 width=121)
	  ->  Sort  (cost=39.28..39.30 rows=10 width=121)
	        Sort Key: c
	        ->  Index Scan using sbtest3_pkey on sbtest3  (cost=0.43..39.11 rows=10 width=121)
	              Index Cond: ((id >= 3553320) AND (id <= 3553329))

table 4 : explain SELECT DISTINCT c FROM sbtest4 WHERE id BETWEEN 3836046 AND 3836055 ORDER BY c
	Unique  (cost=39.09..39.14 rows=10 width=121)
	  ->  Sort  (cost=39.09..39.11 rows=10 width=121)
	        Sort Key: c
	        ->  Index Scan using sbtest4_pkey on sbtest4  (cost=0.43..38.92 rows=10 width=121)
	              Index Cond: ((id >= 3836046) AND (id <= 3836055))

table 5 : explain SELECT DISTINCT c FROM sbtest5 WHERE id BETWEEN 9149060 AND 9149069 ORDER BY c
	Unique  (cost=35.63..35.68 rows=9 width=121)
	  ->  Sort  (cost=35.63..35.65 rows=9 width=121)
	        Sort Key: c
	        ->  Index Scan using sbtest5_pkey on sbtest5  (cost=0.43..35.49 rows=9 width=121)
	              Index Cond: ((id >= 9149060) AND (id <= 9149069))

table 6 : explain SELECT DISTINCT c FROM sbtest6 WHERE id BETWEEN 8944729 AND 8944738 ORDER BY c
	Unique  (cost=38.94..38.99 rows=10 width=121)
	  ->  Sort  (cost=38.94..38.96 rows=10 width=121)
	        Sort Key: c
	        ->  Index Scan using sbtest6_pkey on sbtest6  (cost=0.43..38.77 rows=10 width=121)
	              Index Cond: ((id >= 8944729) AND (id <= 8944738))

table 7 : explain SELECT DISTINCT c FROM sbtest7 WHERE id BETWEEN 3345605 AND 3345614 ORDER BY c
	Unique  (cost=38.90..38.95 rows=10 width=121)
	  ->  Sort  (cost=38.90..38.93 rows=10 width=121)
	        Sort Key: c
	        ->  Index Scan using sbtest7_pkey on sbtest7  (cost=0.43..38.74 rows=10 width=121)
	              Index Cond: ((id >= 3345605) AND (id <= 3345614))

table 8 : explain SELECT DISTINCT c FROM sbtest8 WHERE id BETWEEN 9853622 AND 9853631 ORDER BY c
	Unique  (cost=39.03..39.08 rows=10 width=121)
	  ->  Sort  (cost=39.03..39.06 rows=10 width=121)
	        Sort Key: c
	        ->  Index Scan using sbtest8_pkey on sbtest8  (cost=0.43..38.87 rows=10 width=121)
	              Index Cond: ((id >= 9853622) AND (id <= 9853631))

explain: for non_index_updates :: explain UPDATE sbtest%u SET c='foobar' WHERE id=%u
for inserts
table 1 : explain INSERT INTO sbtest1 (id, k, c, pad) VALUES (8894974, 13, 'foobar', 'foobar')
	Insert on sbtest1  (cost=0.00..0.01 rows=0 width=0)
	  ->  Result  (cost=0.00..0.01 rows=1 width=736)

table 2 : explain INSERT INTO sbtest2 (id, k, c, pad) VALUES (819581, 13, 'foobar', 'foobar')
	Insert on sbtest2  (cost=0.00..0.01 rows=0 width=0)
	  ->  Result  (cost=0.00..0.01 rows=1 width=736)

table 3 : explain INSERT INTO sbtest3 (id, k, c, pad) VALUES (4784282, 13, 'foobar', 'foobar')
	Insert on sbtest3  (cost=0.00..0.01 rows=0 width=0)
	  ->  Result  (cost=0.00..0.01 rows=1 width=736)

table 4 : explain INSERT INTO sbtest4 (id, k, c, pad) VALUES (329647, 13, 'foobar', 'foobar')
	Insert on sbtest4  (cost=0.00..0.01 rows=0 width=0)
	  ->  Result  (cost=0.00..0.01 rows=1 width=736)

table 5 : explain INSERT INTO sbtest5 (id, k, c, pad) VALUES (8917029, 13, 'foobar', 'foobar')
	Insert on sbtest5  (cost=0.00..0.01 rows=0 width=0)
	  ->  Result  (cost=0.00..0.01 rows=1 width=736)

table 6 : explain INSERT INTO sbtest6 (id, k, c, pad) VALUES (9809073, 13, 'foobar', 'foobar')
	Insert on sbtest6  (cost=0.00..0.01 rows=0 width=0)
	  ->  Result  (cost=0.00..0.01 rows=1 width=736)

table 7 : explain INSERT INTO sbtest7 (id, k, c, pad) VALUES (6945619, 13, 'foobar', 'foobar')
	Insert on sbtest7  (cost=0.00..0.01 rows=0 width=0)
	  ->  Result  (cost=0.00..0.01 rows=1 width=736)

table 8 : explain INSERT INTO sbtest8 (id, k, c, pad) VALUES (241100, 13, 'foobar', 'foobar')
	Insert on sbtest8  (cost=0.00..0.01 rows=0 width=0)
	  ->  Result  (cost=0.00..0.01 rows=1 width=736)

for inserts
table 1 : explain INSERT INTO sbtest1 (id, k, c, pad) VALUES (1163722, 13, 'foobar', 'foobar')
	Insert on sbtest1  (cost=0.00..0.01 rows=0 width=0)
	  ->  Result  (cost=0.00..0.01 rows=1 width=736)

table 2 : explain INSERT INTO sbtest2 (id, k, c, pad) VALUES (2275888, 13, 'foobar', 'foobar')
	Insert on sbtest2  (cost=0.00..0.01 rows=0 width=0)
	  ->  Result  (cost=0.00..0.01 rows=1 width=736)

table 3 : explain INSERT INTO sbtest3 (id, k, c, pad) VALUES (2230846, 13, 'foobar', 'foobar')
	Insert on sbtest3  (cost=0.00..0.01 rows=0 width=0)
	  ->  Result  (cost=0.00..0.01 rows=1 width=736)

table 4 : explain INSERT INTO sbtest4 (id, k, c, pad) VALUES (3622575, 13, 'foobar', 'foobar')
	Insert on sbtest4  (cost=0.00..0.01 rows=0 width=0)
	  ->  Result  (cost=0.00..0.01 rows=1 width=736)

table 5 : explain INSERT INTO sbtest5 (id, k, c, pad) VALUES (9268839, 13, 'foobar', 'foobar')
	Insert on sbtest5  (cost=0.00..0.01 rows=0 width=0)
	  ->  Result  (cost=0.00..0.01 rows=1 width=736)

table 6 : explain INSERT INTO sbtest6 (id, k, c, pad) VALUES (3655368, 13, 'foobar', 'foobar')
	Insert on sbtest6  (cost=0.00..0.01 rows=0 width=0)
	  ->  Result  (cost=0.00..0.01 rows=1 width=736)

table 7 : explain INSERT INTO sbtest7 (id, k, c, pad) VALUES (1707163, 13, 'foobar', 'foobar')
	Insert on sbtest7  (cost=0.00..0.01 rows=0 width=0)
	  ->  Result  (cost=0.00..0.01 rows=1 width=736)

table 8 : explain INSERT INTO sbtest8 (id, k, c, pad) VALUES (8346991, 13, 'foobar', 'foobar')
	Insert on sbtest8  (cost=0.00..0.01 rows=0 width=0)
	  ->  Result  (cost=0.00..0.01 rows=1 width=736)

for index_updates
table 1 : explain UPDATE sbtest1 SET k=k+1 WHERE id=8240467
	Update on sbtest1  (cost=0.43..8.46 rows=0 width=0)
	  ->  Index Scan using sbtest1_pkey on sbtest1  (cost=0.43..8.46 rows=1 width=10)
	        Index Cond: (id = 8240467)

table 2 : explain UPDATE sbtest2 SET k=k+1 WHERE id=5424371
	Update on sbtest2  (cost=0.43..8.46 rows=0 width=0)
	  ->  Index Scan using sbtest2_pkey on sbtest2  (cost=0.43..8.46 rows=1 width=10)
	        Index Cond: (id = 5424371)

table 3 : explain UPDATE sbtest3 SET k=k+1 WHERE id=683421
	Update on sbtest3  (cost=0.43..8.46 rows=0 width=0)
	  ->  Index Scan using sbtest3_pkey on sbtest3  (cost=0.43..8.46 rows=1 width=10)
	        Index Cond: (id = 683421)

table 4 : explain UPDATE sbtest4 SET k=k+1 WHERE id=2814682
	Update on sbtest4  (cost=0.43..8.46 rows=0 width=0)
	  ->  Index Scan using sbtest4_pkey on sbtest4  (cost=0.43..8.46 rows=1 width=10)
	        Index Cond: (id = 2814682)

table 5 : explain UPDATE sbtest5 SET k=k+1 WHERE id=2317192
	Update on sbtest5  (cost=0.43..8.46 rows=0 width=0)
	  ->  Index Scan using sbtest5_pkey on sbtest5  (cost=0.43..8.46 rows=1 width=10)
	        Index Cond: (id = 2317192)

table 6 : explain UPDATE sbtest6 SET k=k+1 WHERE id=2774231
	Update on sbtest6  (cost=0.43..8.46 rows=0 width=0)
	  ->  Index Scan using sbtest6_pkey on sbtest6  (cost=0.43..8.46 rows=1 width=10)
	        Index Cond: (id = 2774231)

table 7 : explain UPDATE sbtest7 SET k=k+1 WHERE id=1535219
	Update on sbtest7  (cost=0.43..8.46 rows=0 width=0)
	  ->  Index Scan using sbtest7_pkey on sbtest7  (cost=0.43..8.46 rows=1 width=10)
	        Index Cond: (id = 1535219)

table 8 : explain UPDATE sbtest8 SET k=k+1 WHERE id=2745342
	Update on sbtest8  (cost=0.43..8.46 rows=0 width=0)
	  ->  Index Scan using sbtest8_pkey on sbtest8  (cost=0.43..8.46 rows=1 width=10)
	        Index Cond: (id = 2745342)

for deletes
table 1 : explain DELETE FROM sbtest1 WHERE id=3377910
	Delete on sbtest1  (cost=0.43..8.45 rows=0 width=0)
	  ->  Index Scan using sbtest1_pkey on sbtest1  (cost=0.43..8.45 rows=1 width=6)
	        Index Cond: (id = 3377910)

table 2 : explain DELETE FROM sbtest2 WHERE id=7867098
	Delete on sbtest2  (cost=0.43..8.45 rows=0 width=0)
	  ->  Index Scan using sbtest2_pkey on sbtest2  (cost=0.43..8.45 rows=1 width=6)
	        Index Cond: (id = 7867098)

table 3 : explain DELETE FROM sbtest3 WHERE id=3967312
	Delete on sbtest3  (cost=0.43..8.45 rows=0 width=0)
	  ->  Index Scan using sbtest3_pkey on sbtest3  (cost=0.43..8.45 rows=1 width=6)
	        Index Cond: (id = 3967312)

table 4 : explain DELETE FROM sbtest4 WHERE id=5400869
	Delete on sbtest4  (cost=0.43..8.45 rows=0 width=0)
	  ->  Index Scan using sbtest4_pkey on sbtest4  (cost=0.43..8.45 rows=1 width=6)
	        Index Cond: (id = 5400869)

table 5 : explain DELETE FROM sbtest5 WHERE id=6979939
	Delete on sbtest5  (cost=0.43..8.45 rows=0 width=0)
	  ->  Index Scan using sbtest5_pkey on sbtest5  (cost=0.43..8.45 rows=1 width=6)
	        Index Cond: (id = 6979939)

table 6 : explain DELETE FROM sbtest6 WHERE id=9241282
	Delete on sbtest6  (cost=0.43..8.45 rows=0 width=0)
	  ->  Index Scan using sbtest6_pkey on sbtest6  (cost=0.43..8.45 rows=1 width=6)
	        Index Cond: (id = 9241282)

table 7 : explain DELETE FROM sbtest7 WHERE id=9209095
	Delete on sbtest7  (cost=0.43..8.45 rows=0 width=0)
	  ->  Index Scan using sbtest7_pkey on sbtest7  (cost=0.43..8.45 rows=1 width=6)
	        Index Cond: (id = 9209095)

table 8 : explain DELETE FROM sbtest8 WHERE id=7803935
	Delete on sbtest8  (cost=0.43..8.45 rows=0 width=0)
	  ->  Index Scan using sbtest8_pkey on sbtest8  (cost=0.43..8.45 rows=1 width=6)
	        Index Cond: (id = 7803935)

explain: for inserts :: explain INSERT INTO sbtest%u (id, k, c, pad) VALUES (%u, 13, 'foobar', 'foobar')
explain: for index_updates :: explain UPDATE sbtest%u SET k=k+1 WHERE id=%u
for non_index_updates
table 1 : explain UPDATE sbtest1 SET c='foobar' WHERE id=7603737
	Update on sbtest1  (cost=0.43..8.45 rows=0 width=0)
	  ->  Index Scan using sbtest1_pkey on sbtest1  (cost=0.43..8.45 rows=1 width=490)
	        Index Cond: (id = 7603737)

table 2 : explain UPDATE sbtest2 SET c='foobar' WHERE id=340604
	Update on sbtest2  (cost=0.43..8.45 rows=0 width=0)
	  ->  Index Scan using sbtest2_pkey on sbtest2  (cost=0.43..8.45 rows=1 width=490)
	        Index Cond: (id = 340604)

table 3 : explain UPDATE sbtest3 SET c='foobar' WHERE id=129761
	Update on sbtest3  (cost=0.43..8.45 rows=0 width=0)
	  ->  Index Scan using sbtest3_pkey on sbtest3  (cost=0.43..8.45 rows=1 width=490)
	        Index Cond: (id = 129761)

table 4 : explain UPDATE sbtest4 SET c='foobar' WHERE id=4316968
	Update on sbtest4  (cost=0.43..8.45 rows=0 width=0)
	  ->  Index Scan using sbtest4_pkey on sbtest4  (cost=0.43..8.45 rows=1 width=490)
	        Index Cond: (id = 4316968)

table 5 : explain UPDATE sbtest5 SET c='foobar' WHERE id=4436594
	Update on sbtest5  (cost=0.43..8.45 rows=0 width=0)
	  ->  Index Scan using sbtest5_pkey on sbtest5  (cost=0.43..8.45 rows=1 width=490)
	        Index Cond: (id = 4436594)

table 6 : explain UPDATE sbtest6 SET c='foobar' WHERE id=9383714
	Update on sbtest6  (cost=0.43..8.45 rows=0 width=0)
	  ->  Index Scan using sbtest6_pkey on sbtest6  (cost=0.43..8.45 rows=1 width=490)
	        Index Cond: (id = 9383714)

table 7 : explain UPDATE sbtest7 SET c='foobar' WHERE id=901932
	Update on sbtest7  (cost=0.43..8.45 rows=0 width=0)
	  ->  Index Scan using sbtest7_pkey on sbtest7  (cost=0.43..8.45 rows=1 width=490)
	        Index Cond: (id = 901932)

table 8 : explain UPDATE sbtest8 SET c='foobar' WHERE id=4858850
	Update on sbtest8  (cost=0.43..8.45 rows=0 width=0)
	  ->  Index Scan using sbtest8_pkey on sbtest8  (cost=0.43..8.45 rows=1 width=490)
	        Index Cond: (id = 4858850)

for inserts
table 1 : explain INSERT INTO sbtest1 (id, k, c, pad) VALUES (9212693, 13, 'foobar', 'foobar')
	Insert on sbtest1  (cost=0.00..0.01 rows=0 width=0)
	  ->  Result  (cost=0.00..0.01 rows=1 width=736)

table 2 : explain INSERT INTO sbtest2 (id, k, c, pad) VALUES (7872151, 13, 'foobar', 'foobar')
	Insert on sbtest2  (cost=0.00..0.01 rows=0 width=0)
	  ->  Result  (cost=0.00..0.01 rows=1 width=736)

table 3 : explain INSERT INTO sbtest3 (id, k, c, pad) VALUES (3153426, 13, 'foobar', 'foobar')
	Insert on sbtest3  (cost=0.00..0.01 rows=0 width=0)
	  ->  Result  (cost=0.00..0.01 rows=1 width=736)

table 4 : explain INSERT INTO sbtest4 (id, k, c, pad) VALUES (4360403, 13, 'foobar', 'foobar')
	Insert on sbtest4  (cost=0.00..0.01 rows=0 width=0)
	  ->  Result  (cost=0.00..0.01 rows=1 width=736)

table 5 : explain INSERT INTO sbtest5 (id, k, c, pad) VALUES (8531673, 13, 'foobar', 'foobar')
	Insert on sbtest5  (cost=0.00..0.01 rows=0 width=0)
	  ->  Result  (cost=0.00..0.01 rows=1 width=736)

table 6 : explain INSERT INTO sbtest6 (id, k, c, pad) VALUES (3204892, 13, 'foobar', 'foobar')
	Insert on sbtest6  (cost=0.00..0.01 rows=0 width=0)
	  ->  Result  (cost=0.00..0.01 rows=1 width=736)

table 7 : explain INSERT INTO sbtest7 (id, k, c, pad) VALUES (4904514, 13, 'foobar', 'foobar')
	Insert on sbtest7  (cost=0.00..0.01 rows=0 width=0)
	  ->  Result  (cost=0.00..0.01 rows=1 width=736)

table 8 : explain INSERT INTO sbtest8 (id, k, c, pad) VALUES (9911626, 13, 'foobar', 'foobar')
	Insert on sbtest8  (cost=0.00..0.01 rows=0 width=0)
	  ->  Result  (cost=0.00..0.01 rows=1 width=736)

explain: for non_index_updates :: explain UPDATE sbtest%u SET c='foobar' WHERE id=%u
explain: for inserts :: explain INSERT INTO sbtest%u (id, k, c, pad) VALUES (%u, 13, 'foobar', 'foobar')
explain: for deletes :: explain DELETE FROM sbtest%u WHERE id=%u
for index_updates
table 1 : explain UPDATE sbtest1 SET k=k+1 WHERE id=6523051
	Update on sbtest1  (cost=0.43..8.46 rows=0 width=0)
	  ->  Index Scan using sbtest1_pkey on sbtest1  (cost=0.43..8.46 rows=1 width=10)
	        Index Cond: (id = 6523051)

table 2 : explain UPDATE sbtest2 SET k=k+1 WHERE id=8519315
	Update on sbtest2  (cost=0.43..8.46 rows=0 width=0)
	  ->  Index Scan using sbtest2_pkey on sbtest2  (cost=0.43..8.46 rows=1 width=10)
	        Index Cond: (id = 8519315)

table 3 : explain UPDATE sbtest3 SET k=k+1 WHERE id=7455411
	Update on sbtest3  (cost=0.43..8.46 rows=0 width=0)
	  ->  Index Scan using sbtest3_pkey on sbtest3  (cost=0.43..8.46 rows=1 width=10)
	        Index Cond: (id = 7455411)

table 4 : explain UPDATE sbtest4 SET k=k+1 WHERE id=3336404
	Update on sbtest4  (cost=0.43..8.46 rows=0 width=0)
	  ->  Index Scan using sbtest4_pkey on sbtest4  (cost=0.43..8.46 rows=1 width=10)
	        Index Cond: (id = 3336404)

table 5 : explain UPDATE sbtest5 SET k=k+1 WHERE id=1069635
	Update on sbtest5  (cost=0.43..8.46 rows=0 width=0)
	  ->  Index Scan using sbtest5_pkey on sbtest5  (cost=0.43..8.46 rows=1 width=10)
	        Index Cond: (id = 1069635)

table 6 : explain UPDATE sbtest6 SET k=k+1 WHERE id=6127780
	Update on sbtest6  (cost=0.43..8.46 rows=0 width=0)
	  ->  Index Scan using sbtest6_pkey on sbtest6  (cost=0.43..8.46 rows=1 width=10)
	        Index Cond: (id = 6127780)

table 7 : explain UPDATE sbtest7 SET k=k+1 WHERE id=5306431
	Update on sbtest7  (cost=0.43..8.46 rows=0 width=0)
	  ->  Index Scan using sbtest7_pkey on sbtest7  (cost=0.43..8.46 rows=1 width=10)
	        Index Cond: (id = 5306431)

table 8 : explain UPDATE sbtest8 SET k=k+1 WHERE id=8948724
	Update on sbtest8  (cost=0.43..8.46 rows=0 width=0)
	  ->  Index Scan using sbtest8_pkey on sbtest8  (cost=0.43..8.46 rows=1 width=10)
	        Index Cond: (id = 8948724)

for inserts
table 1 : explain INSERT INTO sbtest1 (id, k, c, pad) VALUES (321538, 13, 'foobar', 'foobar')
	Insert on sbtest1  (cost=0.00..0.01 rows=0 width=0)
	  ->  Result  (cost=0.00..0.01 rows=1 width=736)

table 2 : explain INSERT INTO sbtest2 (id, k, c, pad) VALUES (7966893, 13, 'foobar', 'foobar')
	Insert on sbtest2  (cost=0.00..0.01 rows=0 width=0)
	  ->  Result  (cost=0.00..0.01 rows=1 width=736)

table 3 : explain INSERT INTO sbtest3 (id, k, c, pad) VALUES (6069277, 13, 'foobar', 'foobar')
	Insert on sbtest3  (cost=0.00..0.01 rows=0 width=0)
	  ->  Result  (cost=0.00..0.01 rows=1 width=736)

table 4 : explain INSERT INTO sbtest4 (id, k, c, pad) VALUES (2574223, 13, 'foobar', 'foobar')
	Insert on sbtest4  (cost=0.00..0.01 rows=0 width=0)
	  ->  Result  (cost=0.00..0.01 rows=1 width=736)

table 5 : explain INSERT INTO sbtest5 (id, k, c, pad) VALUES (6388854, 13, 'foobar', 'foobar')
	Insert on sbtest5  (cost=0.00..0.01 rows=0 width=0)
	  ->  Result  (cost=0.00..0.01 rows=1 width=736)

table 6 : explain INSERT INTO sbtest6 (id, k, c, pad) VALUES (840247, 13, 'foobar', 'foobar')
	Insert on sbtest6  (cost=0.00..0.01 rows=0 width=0)
	  ->  Result  (cost=0.00..0.01 rows=1 width=736)

table 7 : explain INSERT INTO sbtest7 (id, k, c, pad) VALUES (5802208, 13, 'foobar', 'foobar')
	Insert on sbtest7  (cost=0.00..0.01 rows=0 width=0)
	  ->  Result  (cost=0.00..0.01 rows=1 width=736)

table 8 : explain INSERT INTO sbtest8 (id, k, c, pad) VALUES (9614948, 13, 'foobar', 'foobar')
	Insert on sbtest8  (cost=0.00..0.01 rows=0 width=0)
	  ->  Result  (cost=0.00..0.01 rows=1 width=736)

for non_index_updates
table 1 : explain UPDATE sbtest1 SET c='foobar' WHERE id=3299010
	Update on sbtest1  (cost=0.43..8.45 rows=0 width=0)
	  ->  Index Scan using sbtest1_pkey on sbtest1  (cost=0.43..8.45 rows=1 width=490)
	        Index Cond: (id = 3299010)

table 2 : explain UPDATE sbtest2 SET c='foobar' WHERE id=6200415
	Update on sbtest2  (cost=0.43..8.45 rows=0 width=0)
	  ->  Index Scan using sbtest2_pkey on sbtest2  (cost=0.43..8.45 rows=1 width=490)
	        Index Cond: (id = 6200415)

table 3 : explain UPDATE sbtest3 SET c='foobar' WHERE id=4705541
	Update on sbtest3  (cost=0.43..8.45 rows=0 width=0)
	  ->  Index Scan using sbtest3_pkey on sbtest3  (cost=0.43..8.45 rows=1 width=490)
	        Index Cond: (id = 4705541)

table 4 : explain UPDATE sbtest4 SET c='foobar' WHERE id=185868
	Update on sbtest4  (cost=0.43..8.45 rows=0 width=0)
	  ->  Index Scan using sbtest4_pkey on sbtest4  (cost=0.43..8.45 rows=1 width=490)
	        Index Cond: (id = 185868)

table 5 : explain UPDATE sbtest5 SET c='foobar' WHERE id=394172
	Update on sbtest5  (cost=0.43..8.45 rows=0 width=0)
	  ->  Index Scan using sbtest5_pkey on sbtest5  (cost=0.43..8.45 rows=1 width=490)
	        Index Cond: (id = 394172)

table 6 : explain UPDATE sbtest6 SET c='foobar' WHERE id=1165175
	Update on sbtest6  (cost=0.43..8.45 rows=0 width=0)
	  ->  Index Scan using sbtest6_pkey on sbtest6  (cost=0.43..8.45 rows=1 width=490)
	        Index Cond: (id = 1165175)

table 7 : explain UPDATE sbtest7 SET c='foobar' WHERE id=3601826
	Update on sbtest7  (cost=0.43..8.45 rows=0 width=0)
	  ->  Index Scan using sbtest7_pkey on sbtest7  (cost=0.43..8.45 rows=1 width=490)
	        Index Cond: (id = 3601826)

table 8 : explain UPDATE sbtest8 SET c='foobar' WHERE id=8121603
	Update on sbtest8  (cost=0.43..8.45 rows=0 width=0)
	  ->  Index Scan using sbtest8_pkey on sbtest8  (cost=0.43..8.45 rows=1 width=490)
	        Index Cond: (id = 8121603)

for deletes
table 1 : explain DELETE FROM sbtest1 WHERE id=1825050
	Delete on sbtest1  (cost=0.43..8.45 rows=0 width=0)
	  ->  Index Scan using sbtest1_pkey on sbtest1  (cost=0.43..8.45 rows=1 width=6)
	        Index Cond: (id = 1825050)

table 2 : explain DELETE FROM sbtest2 WHERE id=7512021
	Delete on sbtest2  (cost=0.43..8.45 rows=0 width=0)
	  ->  Index Scan using sbtest2_pkey on sbtest2  (cost=0.43..8.45 rows=1 width=6)
	        Index Cond: (id = 7512021)

table 3 : explain DELETE FROM sbtest3 WHERE id=5525419
	Delete on sbtest3  (cost=0.43..8.45 rows=0 width=0)
	  ->  Index Scan using sbtest3_pkey on sbtest3  (cost=0.43..8.45 rows=1 width=6)
	        Index Cond: (id = 5525419)

table 4 : explain DELETE FROM sbtest4 WHERE id=1427258
	Delete on sbtest4  (cost=0.43..8.45 rows=0 width=0)
	  ->  Index Scan using sbtest4_pkey on sbtest4  (cost=0.43..8.45 rows=1 width=6)
	        Index Cond: (id = 1427258)

table 5 : explain DELETE FROM sbtest5 WHERE id=1069056
	Delete on sbtest5  (cost=0.43..8.45 rows=0 width=0)
	  ->  Index Scan using sbtest5_pkey on sbtest5  (cost=0.43..8.45 rows=1 width=6)
	        Index Cond: (id = 1069056)

table 6 : explain DELETE FROM sbtest6 WHERE id=7279244
	Delete on sbtest6  (cost=0.43..8.45 rows=0 width=0)
	  ->  Index Scan using sbtest6_pkey on sbtest6  (cost=0.43..8.45 rows=1 width=6)
	        Index Cond: (id = 7279244)

table 7 : explain DELETE FROM sbtest7 WHERE id=3046429
	Delete on sbtest7  (cost=0.43..8.45 rows=0 width=0)
	  ->  Index Scan using sbtest7_pkey on sbtest7  (cost=0.43..8.45 rows=1 width=6)
	        Index Cond: (id = 3046429)

table 8 : explain DELETE FROM sbtest8 WHERE id=6507468
	Delete on sbtest8  (cost=0.43..8.45 rows=0 width=0)
	  ->  Index Scan using sbtest8_pkey on sbtest8  (cost=0.43..8.45 rows=1 width=6)
	        Index Cond: (id = 6507468)

explain: for non_index_updates :: explain UPDATE sbtest%u SET c='foobar' WHERE id=%u
explain: for deletes :: explain DELETE FROM sbtest%u WHERE id=%u
explain: for inserts :: explain INSERT INTO sbtest%u (id, k, c, pad) VALUES (%u, 13, 'foobar', 'foobar')
for non_index_updates
table 1 : explain UPDATE sbtest1 SET c='foobar' WHERE id=4837403
	Update on sbtest1  (cost=0.43..8.45 rows=0 width=0)
	  ->  Index Scan using sbtest1_pkey on sbtest1  (cost=0.43..8.45 rows=1 width=490)
	        Index Cond: (id = 4837403)

table 2 : explain UPDATE sbtest2 SET c='foobar' WHERE id=3099319
	Update on sbtest2  (cost=0.43..8.45 rows=0 width=0)
	  ->  Index Scan using sbtest2_pkey on sbtest2  (cost=0.43..8.45 rows=1 width=490)
	        Index Cond: (id = 3099319)

table 3 : explain UPDATE sbtest3 SET c='foobar' WHERE id=3711513
	Update on sbtest3  (cost=0.43..8.45 rows=0 width=0)
	  ->  Index Scan using sbtest3_pkey on sbtest3  (cost=0.43..8.45 rows=1 width=490)
	        Index Cond: (id = 3711513)

table 4 : explain UPDATE sbtest4 SET c='foobar' WHERE id=3424356
	Update on sbtest4  (cost=0.43..8.45 rows=0 width=0)
	  ->  Index Scan using sbtest4_pkey on sbtest4  (cost=0.43..8.45 rows=1 width=490)
	        Index Cond: (id = 3424356)

table 5 : explain UPDATE sbtest5 SET c='foobar' WHERE id=8387933
	Update on sbtest5  (cost=0.43..8.45 rows=0 width=0)
	  ->  Index Scan using sbtest5_pkey on sbtest5  (cost=0.43..8.45 rows=1 width=490)
	        Index Cond: (id = 8387933)

table 6 : explain UPDATE sbtest6 SET c='foobar' WHERE id=775907
	Update on sbtest6  (cost=0.43..8.45 rows=0 width=0)
	  ->  Index Scan using sbtest6_pkey on sbtest6  (cost=0.43..8.45 rows=1 width=490)
	        Index Cond: (id = 775907)

table 7 : explain UPDATE sbtest7 SET c='foobar' WHERE id=3676554
	Update on sbtest7  (cost=0.43..8.45 rows=0 width=0)
	  ->  Index Scan using sbtest7_pkey on sbtest7  (cost=0.43..8.45 rows=1 width=490)
	        Index Cond: (id = 3676554)

table 8 : explain UPDATE sbtest8 SET c='foobar' WHERE id=423408
	Update on sbtest8  (cost=0.43..8.45 rows=0 width=0)
	  ->  Index Scan using sbtest8_pkey on sbtest8  (cost=0.43..8.45 rows=1 width=490)
	        Index Cond: (id = 423408)

for deletes
table 1 : explain DELETE FROM sbtest1 WHERE id=8994376
	Delete on sbtest1  (cost=0.43..8.45 rows=0 width=0)
	  ->  Index Scan using sbtest1_pkey on sbtest1  (cost=0.43..8.45 rows=1 width=6)
	        Index Cond: (id = 8994376)

table 2 : explain DELETE FROM sbtest2 WHERE id=5311736
	Delete on sbtest2  (cost=0.43..8.45 rows=0 width=0)
	  ->  Index Scan using sbtest2_pkey on sbtest2  (cost=0.43..8.45 rows=1 width=6)
	        Index Cond: (id = 5311736)

table 3 : explain DELETE FROM sbtest3 WHERE id=8978732
	Delete on sbtest3  (cost=0.43..8.45 rows=0 width=0)
	  ->  Index Scan using sbtest3_pkey on sbtest3  (cost=0.43..8.45 rows=1 width=6)
	        Index Cond: (id = 8978732)

table 4 : explain DELETE FROM sbtest4 WHERE id=6465310
	Delete on sbtest4  (cost=0.43..8.45 rows=0 width=0)
	  ->  Index Scan using sbtest4_pkey on sbtest4  (cost=0.43..8.45 rows=1 width=6)
	        Index Cond: (id = 6465310)

table 5 : explain DELETE FROM sbtest5 WHERE id=5013429
	Delete on sbtest5  (cost=0.43..8.45 rows=0 width=0)
	  ->  Index Scan using sbtest5_pkey on sbtest5  (cost=0.43..8.45 rows=1 width=6)
	        Index Cond: (id = 5013429)

table 6 : explain DELETE FROM sbtest6 WHERE id=8497828
	Delete on sbtest6  (cost=0.43..8.45 rows=0 width=0)
	  ->  Index Scan using sbtest6_pkey on sbtest6  (cost=0.43..8.45 rows=1 width=6)
	        Index Cond: (id = 8497828)

table 7 : explain DELETE FROM sbtest7 WHERE id=8246468
	Delete on sbtest7  (cost=0.43..8.45 rows=0 width=0)
	  ->  Index Scan using sbtest7_pkey on sbtest7  (cost=0.43..8.45 rows=1 width=6)
	        Index Cond: (id = 8246468)

table 8 : explain DELETE FROM sbtest8 WHERE id=2671151
	Delete on sbtest8  (cost=0.43..8.45 rows=0 width=0)
	  ->  Index Scan using sbtest8_pkey on sbtest8  (cost=0.43..8.45 rows=1 width=6)
	        Index Cond: (id = 2671151)

explain: for deletes :: explain DELETE FROM sbtest%u WHERE id=%u
for inserts
table 1 : explain INSERT INTO sbtest1 (id, k, c, pad) VALUES (4167755, 13, 'foobar', 'foobar')
	Insert on sbtest1  (cost=0.00..0.01 rows=0 width=0)
	  ->  Result  (cost=0.00..0.01 rows=1 width=736)

table 2 : explain INSERT INTO sbtest2 (id, k, c, pad) VALUES (6467148, 13, 'foobar', 'foobar')
	Insert on sbtest2  (cost=0.00..0.01 rows=0 width=0)
	  ->  Result  (cost=0.00..0.01 rows=1 width=736)

table 3 : explain INSERT INTO sbtest3 (id, k, c, pad) VALUES (8622561, 13, 'foobar', 'foobar')
	Insert on sbtest3  (cost=0.00..0.01 rows=0 width=0)
	  ->  Result  (cost=0.00..0.01 rows=1 width=736)

table 4 : explain INSERT INTO sbtest4 (id, k, c, pad) VALUES (6949486, 13, 'foobar', 'foobar')
	Insert on sbtest4  (cost=0.00..0.01 rows=0 width=0)
	  ->  Result  (cost=0.00..0.01 rows=1 width=736)

table 5 : explain INSERT INTO sbtest5 (id, k, c, pad) VALUES (8031906, 13, 'foobar', 'foobar')
	Insert on sbtest5  (cost=0.00..0.01 rows=0 width=0)
	  ->  Result  (cost=0.00..0.01 rows=1 width=736)

table 6 : explain INSERT INTO sbtest6 (id, k, c, pad) VALUES (5135126, 13, 'foobar', 'foobar')
	Insert on sbtest6  (cost=0.00..0.01 rows=0 width=0)
	  ->  Result  (cost=0.00..0.01 rows=1 width=736)

table 7 : explain INSERT INTO sbtest7 (id, k, c, pad) VALUES (3767082, 13, 'foobar', 'foobar')
	Insert on sbtest7  (cost=0.00..0.01 rows=0 width=0)
	  ->  Result  (cost=0.00..0.01 rows=1 width=736)

table 8 : explain INSERT INTO sbtest8 (id, k, c, pad) VALUES (2618219, 13, 'foobar', 'foobar')
	Insert on sbtest8  (cost=0.00..0.01 rows=0 width=0)
	  ->  Result  (cost=0.00..0.01 rows=1 width=736)

explain: for inserts :: explain INSERT INTO sbtest%u (id, k, c, pad) VALUES (%u, 13, 'foobar', 'foobar')
for deletes
table 1 : explain DELETE FROM sbtest1 WHERE id=2232429
	Delete on sbtest1  (cost=0.43..8.45 rows=0 width=0)
	  ->  Index Scan using sbtest1_pkey on sbtest1  (cost=0.43..8.45 rows=1 width=6)
	        Index Cond: (id = 2232429)

table 2 : explain DELETE FROM sbtest2 WHERE id=2468288
	Delete on sbtest2  (cost=0.43..8.45 rows=0 width=0)
	  ->  Index Scan using sbtest2_pkey on sbtest2  (cost=0.43..8.45 rows=1 width=6)
	        Index Cond: (id = 2468288)

table 3 : explain DELETE FROM sbtest3 WHERE id=4988847
	Delete on sbtest3  (cost=0.43..8.45 rows=0 width=0)
	  ->  Index Scan using sbtest3_pkey on sbtest3  (cost=0.43..8.45 rows=1 width=6)
	        Index Cond: (id = 4988847)

table 4 : explain DELETE FROM sbtest4 WHERE id=7517327
	Delete on sbtest4  (cost=0.43..8.45 rows=0 width=0)
	  ->  Index Scan using sbtest4_pkey on sbtest4  (cost=0.43..8.45 rows=1 width=6)
	        Index Cond: (id = 7517327)

table 5 : explain DELETE FROM sbtest5 WHERE id=3207668
	Delete on sbtest5  (cost=0.43..8.45 rows=0 width=0)
	  ->  Index Scan using sbtest5_pkey on sbtest5  (cost=0.43..8.45 rows=1 width=6)
	        Index Cond: (id = 3207668)

table 6 : explain DELETE FROM sbtest6 WHERE id=8511077
	Delete on sbtest6  (cost=0.43..8.45 rows=0 width=0)
	  ->  Index Scan using sbtest6_pkey on sbtest6  (cost=0.43..8.45 rows=1 width=6)
	        Index Cond: (id = 8511077)

table 7 : explain DELETE FROM sbtest7 WHERE id=2278101
	Delete on sbtest7  (cost=0.43..8.45 rows=0 width=0)
	  ->  Index Scan using sbtest7_pkey on sbtest7  (cost=0.43..8.45 rows=1 width=6)
	        Index Cond: (id = 2278101)

table 8 : explain DELETE FROM sbtest8 WHERE id=1982738
	Delete on sbtest8  (cost=0.43..8.45 rows=0 width=0)
	  ->  Index Scan using sbtest8_pkey on sbtest8  (cost=0.43..8.45 rows=1 width=6)
	        Index Cond: (id = 1982738)

explain: for inserts :: explain INSERT INTO sbtest%u (id, k, c, pad) VALUES (%u, 13, 'foobar', 'foobar')
explain: for deletes :: explain DELETE FROM sbtest%u WHERE id=%u
for inserts
table 1 : explain INSERT INTO sbtest1 (id, k, c, pad) VALUES (8256434, 13, 'foobar', 'foobar')
	Insert on sbtest1  (cost=0.00..0.01 rows=0 width=0)
	  ->  Result  (cost=0.00..0.01 rows=1 width=736)

table 2 : explain INSERT INTO sbtest2 (id, k, c, pad) VALUES (8447102, 13, 'foobar', 'foobar')
	Insert on sbtest2  (cost=0.00..0.01 rows=0 width=0)
	  ->  Result  (cost=0.00..0.01 rows=1 width=736)

table 3 : explain INSERT INTO sbtest3 (id, k, c, pad) VALUES (4065557, 13, 'foobar', 'foobar')
	Insert on sbtest3  (cost=0.00..0.01 rows=0 width=0)
	  ->  Result  (cost=0.00..0.01 rows=1 width=736)

table 4 : explain INSERT INTO sbtest4 (id, k, c, pad) VALUES (7772175, 13, 'foobar', 'foobar')
	Insert on sbtest4  (cost=0.00..0.01 rows=0 width=0)
	  ->  Result  (cost=0.00..0.01 rows=1 width=736)

table 5 : explain INSERT INTO sbtest5 (id, k, c, pad) VALUES (2549450, 13, 'foobar', 'foobar')
	Insert on sbtest5  (cost=0.00..0.01 rows=0 width=0)
	  ->  Result  (cost=0.00..0.01 rows=1 width=736)

table 6 : explain INSERT INTO sbtest6 (id, k, c, pad) VALUES (5340015, 13, 'foobar', 'foobar')
	Insert on sbtest6  (cost=0.00..0.01 rows=0 width=0)
	  ->  Result  (cost=0.00..0.01 rows=1 width=736)

table 7 : explain INSERT INTO sbtest7 (id, k, c, pad) VALUES (5238232, 13, 'foobar', 'foobar')
	Insert on sbtest7  (cost=0.00..0.01 rows=0 width=0)
	  ->  Result  (cost=0.00..0.01 rows=1 width=736)

table 8 : explain INSERT INTO sbtest8 (id, k, c, pad) VALUES (7261175, 13, 'foobar', 'foobar')
	Insert on sbtest8  (cost=0.00..0.01 rows=0 width=0)
	  ->  Result  (cost=0.00..0.01 rows=1 width=736)

for inserts
table 1 : explain INSERT INTO sbtest1 (id, k, c, pad) VALUES (9566630, 13, 'foobar', 'foobar')
	Insert on sbtest1  (cost=0.00..0.01 rows=0 width=0)
	  ->  Result  (cost=0.00..0.01 rows=1 width=736)

table 2 : explain INSERT INTO sbtest2 (id, k, c, pad) VALUES (8657556, 13, 'foobar', 'foobar')
	Insert on sbtest2  (cost=0.00..0.01 rows=0 width=0)
	  ->  Result  (cost=0.00..0.01 rows=1 width=736)

table 3 : explain INSERT INTO sbtest3 (id, k, c, pad) VALUES (9222432, 13, 'foobar', 'foobar')
	Insert on sbtest3  (cost=0.00..0.01 rows=0 width=0)
	  ->  Result  (cost=0.00..0.01 rows=1 width=736)

table 4 : explain INSERT INTO sbtest4 (id, k, c, pad) VALUES (9019293, 13, 'foobar', 'foobar')
	Insert on sbtest4  (cost=0.00..0.01 rows=0 width=0)
	  ->  Result  (cost=0.00..0.01 rows=1 width=736)

table 5 : explain INSERT INTO sbtest5 (id, k, c, pad) VALUES (6843120, 13, 'foobar', 'foobar')
	Insert on sbtest5  (cost=0.00..0.01 rows=0 width=0)
	  ->  Result  (cost=0.00..0.01 rows=1 width=736)

table 6 : explain INSERT INTO sbtest6 (id, k, c, pad) VALUES (4221830, 13, 'foobar', 'foobar')
	Insert on sbtest6  (cost=0.00..0.01 rows=0 width=0)
	  ->  Result  (cost=0.00..0.01 rows=1 width=736)

table 7 : explain INSERT INTO sbtest7 (id, k, c, pad) VALUES (9213817, 13, 'foobar', 'foobar')
	Insert on sbtest7  (cost=0.00..0.01 rows=0 width=0)
	  ->  Result  (cost=0.00..0.01 rows=1 width=736)

table 8 : explain INSERT INTO sbtest8 (id, k, c, pad) VALUES (2087409, 13, 'foobar', 'foobar')
	Insert on sbtest8  (cost=0.00..0.01 rows=0 width=0)
	  ->  Result  (cost=0.00..0.01 rows=1 width=736)

explain: for inserts :: explain INSERT INTO sbtest%u (id, k, c, pad) VALUES (%u, 13, 'foobar', 'foobar')
for deletes
table 1 : explain DELETE FROM sbtest1 WHERE id=5051865
	Delete on sbtest1  (cost=0.43..8.45 rows=0 width=0)
	  ->  Index Scan using sbtest1_pkey on sbtest1  (cost=0.43..8.45 rows=1 width=6)
	        Index Cond: (id = 5051865)

table 2 : explain DELETE FROM sbtest2 WHERE id=910381
	Delete on sbtest2  (cost=0.43..8.45 rows=0 width=0)
	  ->  Index Scan using sbtest2_pkey on sbtest2  (cost=0.43..8.45 rows=1 width=6)
	        Index Cond: (id = 910381)

table 3 : explain DELETE FROM sbtest3 WHERE id=6698721
	Delete on sbtest3  (cost=0.43..8.45 rows=0 width=0)
	  ->  Index Scan using sbtest3_pkey on sbtest3  (cost=0.43..8.45 rows=1 width=6)
	        Index Cond: (id = 6698721)

table 4 : explain DELETE FROM sbtest4 WHERE id=125328
	Delete on sbtest4  (cost=0.43..8.45 rows=0 width=0)
	  ->  Index Scan using sbtest4_pkey on sbtest4  (cost=0.43..8.45 rows=1 width=6)
	        Index Cond: (id = 125328)

table 5 : explain DELETE FROM sbtest5 WHERE id=8052067
	Delete on sbtest5  (cost=0.43..8.45 rows=0 width=0)
	  ->  Index Scan using sbtest5_pkey on sbtest5  (cost=0.43..8.45 rows=1 width=6)
	        Index Cond: (id = 8052067)

table 6 : explain DELETE FROM sbtest6 WHERE id=9998746
	Delete on sbtest6  (cost=0.43..8.45 rows=0 width=0)
	  ->  Index Scan using sbtest6_pkey on sbtest6  (cost=0.43..8.45 rows=1 width=6)
	        Index Cond: (id = 9998746)

table 7 : explain DELETE FROM sbtest7 WHERE id=2851261
	Delete on sbtest7  (cost=0.43..8.45 rows=0 width=0)
	  ->  Index Scan using sbtest7_pkey on sbtest7  (cost=0.43..8.45 rows=1 width=6)
	        Index Cond: (id = 2851261)

table 8 : explain DELETE FROM sbtest8 WHERE id=6638725
	Delete on sbtest8  (cost=0.43..8.45 rows=0 width=0)
	  ->  Index Scan using sbtest8_pkey on sbtest8  (cost=0.43..8.45 rows=1 width=6)
	        Index Cond: (id = 6638725)

for inserts
table 1 : explain INSERT INTO sbtest1 (id, k, c, pad) VALUES (3197673, 13, 'foobar', 'foobar')
	Insert on sbtest1  (cost=0.00..0.01 rows=0 width=0)
	  ->  Result  (cost=0.00..0.01 rows=1 width=736)

table 2 : explain INSERT INTO sbtest2 (id, k, c, pad) VALUES (2055486, 13, 'foobar', 'foobar')
	Insert on sbtest2  (cost=0.00..0.01 rows=0 width=0)
	  ->  Result  (cost=0.00..0.01 rows=1 width=736)

table 3 : explain INSERT INTO sbtest3 (id, k, c, pad) VALUES (5782891, 13, 'foobar', 'foobar')
	Insert on sbtest3  (cost=0.00..0.01 rows=0 width=0)
	  ->  Result  (cost=0.00..0.01 rows=1 width=736)

table 4 : explain INSERT INTO sbtest4 (id, k, c, pad) VALUES (742042, 13, 'foobar', 'foobar')
	Insert on sbtest4  (cost=0.00..0.01 rows=0 width=0)
	  ->  Result  (cost=0.00..0.01 rows=1 width=736)

table 5 : explain INSERT INTO sbtest5 (id, k, c, pad) VALUES (9745212, 13, 'foobar', 'foobar')
	Insert on sbtest5  (cost=0.00..0.01 rows=0 width=0)
	  ->  Result  (cost=0.00..0.01 rows=1 width=736)

table 6 : explain INSERT INTO sbtest6 (id, k, c, pad) VALUES (7591703, 13, 'foobar', 'foobar')
	Insert on sbtest6  (cost=0.00..0.01 rows=0 width=0)
	  ->  Result  (cost=0.00..0.01 rows=1 width=736)

table 7 : explain INSERT INTO sbtest7 (id, k, c, pad) VALUES (7353783, 13, 'foobar', 'foobar')
	Insert on sbtest7  (cost=0.00..0.01 rows=0 width=0)
	  ->  Result  (cost=0.00..0.01 rows=1 width=736)

table 8 : explain INSERT INTO sbtest8 (id, k, c, pad) VALUES (3587665, 13, 'foobar', 'foobar')
	Insert on sbtest8  (cost=0.00..0.01 rows=0 width=0)
	  ->  Result  (cost=0.00..0.01 rows=1 width=736)

explain: for inserts :: explain INSERT INTO sbtest%u (id, k, c, pad) VALUES (%u, 13, 'foobar', 'foobar')
for inserts
table 1 : explain INSERT INTO sbtest1 (id, k, c, pad) VALUES (8760112, 13, 'foobar', 'foobar')
	Insert on sbtest1  (cost=0.00..0.01 rows=0 width=0)
	  ->  Result  (cost=0.00..0.01 rows=1 width=736)

table 2 : explain INSERT INTO sbtest2 (id, k, c, pad) VALUES (7657767, 13, 'foobar', 'foobar')
	Insert on sbtest2  (cost=0.00..0.01 rows=0 width=0)
	  ->  Result  (cost=0.00..0.01 rows=1 width=736)

table 3 : explain INSERT INTO sbtest3 (id, k, c, pad) VALUES (5571705, 13, 'foobar', 'foobar')
	Insert on sbtest3  (cost=0.00..0.01 rows=0 width=0)
	  ->  Result  (cost=0.00..0.01 rows=1 width=736)

table 4 : explain INSERT INTO sbtest4 (id, k, c, pad) VALUES (3876040, 13, 'foobar', 'foobar')
	Insert on sbtest4  (cost=0.00..0.01 rows=0 width=0)
	  ->  Result  (cost=0.00..0.01 rows=1 width=736)

table 5 : explain INSERT INTO sbtest5 (id, k, c, pad) VALUES (7357234, 13, 'foobar', 'foobar')
	Insert on sbtest5  (cost=0.00..0.01 rows=0 width=0)
	  ->  Result  (cost=0.00..0.01 rows=1 width=736)

table 6 : explain INSERT INTO sbtest6 (id, k, c, pad) VALUES (5051779, 13, 'foobar', 'foobar')
	Insert on sbtest6  (cost=0.00..0.01 rows=0 width=0)
	  ->  Result  (cost=0.00..0.01 rows=1 width=736)

table 7 : explain INSERT INTO sbtest7 (id, k, c, pad) VALUES (2908139, 13, 'foobar', 'foobar')
	Insert on sbtest7  (cost=0.00..0.01 rows=0 width=0)
	  ->  Result  (cost=0.00..0.01 rows=1 width=736)

table 8 : explain INSERT INTO sbtest8 (id, k, c, pad) VALUES (6496002, 13, 'foobar', 'foobar')
	Insert on sbtest8  (cost=0.00..0.01 rows=0 width=0)
	  ->  Result  (cost=0.00..0.01 rows=1 width=736)

for inserts
table 1 : explain INSERT INTO sbtest1 (id, k, c, pad) VALUES (1647921, 13, 'foobar', 'foobar')
	Insert on sbtest1  (cost=0.00..0.01 rows=0 width=0)
	  ->  Result  (cost=0.00..0.01 rows=1 width=736)

table 2 : explain INSERT INTO sbtest2 (id, k, c, pad) VALUES (3497880, 13, 'foobar', 'foobar')
	Insert on sbtest2  (cost=0.00..0.01 rows=0 width=0)
	  ->  Result  (cost=0.00..0.01 rows=1 width=736)

table 3 : explain INSERT INTO sbtest3 (id, k, c, pad) VALUES (6130708, 13, 'foobar', 'foobar')
	Insert on sbtest3  (cost=0.00..0.01 rows=0 width=0)
	  ->  Result  (cost=0.00..0.01 rows=1 width=736)

table 4 : explain INSERT INTO sbtest4 (id, k, c, pad) VALUES (1915700, 13, 'foobar', 'foobar')
	Insert on sbtest4  (cost=0.00..0.01 rows=0 width=0)
	  ->  Result  (cost=0.00..0.01 rows=1 width=736)

table 5 : explain INSERT INTO sbtest5 (id, k, c, pad) VALUES (5707876, 13, 'foobar', 'foobar')
	Insert on sbtest5  (cost=0.00..0.01 rows=0 width=0)
	  ->  Result  (cost=0.00..0.01 rows=1 width=736)

table 6 : explain INSERT INTO sbtest6 (id, k, c, pad) VALUES (7660548, 13, 'foobar', 'foobar')
	Insert on sbtest6  (cost=0.00..0.01 rows=0 width=0)
	  ->  Result  (cost=0.00..0.01 rows=1 width=736)

table 7 : explain INSERT INTO sbtest7 (id, k, c, pad) VALUES (7847872, 13, 'foobar', 'foobar')
	Insert on sbtest7  (cost=0.00..0.01 rows=0 width=0)
	  ->  Result  (cost=0.00..0.01 rows=1 width=736)

table 8 : explain INSERT INTO sbtest8 (id, k, c, pad) VALUES (9454831, 13, 'foobar', 'foobar')
	Insert on sbtest8  (cost=0.00..0.01 rows=0 width=0)
	  ->  Result  (cost=0.00..0.01 rows=1 width=736)

Threads started!

Warming up for 5 seconds...

SQL statistics:
    queries performed:
        read:                            451509385
        write:                           129002764
        other:                           64501365
        total:                           645013514
    transactions:                        32250700 (34677.85 per sec.)
    queries:                             645013514 (693556.56 per sec.)
    ignored errors:                      1      (0.00 per sec.)
    reconnects:                          0      (0.00 per sec.)

Throughput:
    events/s (eps):                      34677.8540
    time elapsed:                        930.0086s
    total number of events:              32250700

Latency (ms):
         min:                                    0.92
         avg:                                    1.15
         max:                                   41.68
         95th percentile:                        1.52
         sum:                             37167599.64

Threads fairness:
    events (avg/stddev):           806267.0500/9112.93
    execution time (avg/stddev):   929.1900/0.01

