LUA_PATH=/home/mdcallag/git/mytools/bench/sysbench.lua/lua/?.lua /home/mdcallag/git/mytools/bench/sysbench.lua/lua/sysbench --db-driver=pgsql --range-size=100 --table-size=10000000 --tables=8 --threads=40 --events=0 --warmup-time=5 --time=630 --pgsql_conn_id=true /home/mdcallag/git/mytools/bench/sysbench.lua/lua/oltp_read_only.lua run --pgsql-user=root --pgsql-password=pw --pgsql-host=127.0.0.1 --pgsql-db=ib --rand-type=uniform
48 CPUs
sysbench 1.1.0-9072687 (using bundled LuaJIT 2.1.0-beta3)

Running the test with following options:
Number of threads: 40
Warmup time: 5s
Initializing random number generator from current time


Initializing worker threads...

explain: for point_selects :: explain SELECT c FROM sbtest%u WHERE id=%u
explain: for point_selects :: explain SELECT c FROM sbtest%u WHERE id=%u
explain: for point_selects :: explain SELECT c FROM sbtest%u WHERE id=%u
explain: for point_selects :: explain SELECT c FROM sbtest%u WHERE id=%u
explain: for point_selects :: explain SELECT c FROM sbtest%u WHERE id=%u
for point_selects
table 1 : explain SELECT c FROM sbtest1 WHERE id=2440325
	Index Scan using sbtest1_pkey on sbtest1  (cost=0.43..8.45 rows=1 width=121)
	  Index Cond: (id = 2440325)

table 2 : explain SELECT c FROM sbtest2 WHERE id=7941187
	Index Scan using sbtest2_pkey on sbtest2  (cost=0.43..8.45 rows=1 width=121)
	  Index Cond: (id = 7941187)

table 3 : explain SELECT c FROM sbtest3 WHERE id=3399684
	Index Scan using sbtest3_pkey on sbtest3  (cost=0.43..8.45 rows=1 width=121)
	  Index Cond: (id = 3399684)

table 4 : explain SELECT c FROM sbtest4 WHERE id=1578204
	Index Scan using sbtest4_pkey on sbtest4  (cost=0.43..8.45 rows=1 width=121)
	  Index Cond: (id = 1578204)

table 5 : explain SELECT c FROM sbtest5 WHERE id=6758922
	Index Scan using sbtest5_pkey on sbtest5  (cost=0.43..8.45 rows=1 width=121)
	  Index Cond: (id = 6758922)

table 6 : explain SELECT c FROM sbtest6 WHERE id=545637
	Index Scan using sbtest6_pkey on sbtest6  (cost=0.43..8.45 rows=1 width=121)
	  Index Cond: (id = 545637)

table 7 : explain SELECT c FROM sbtest7 WHERE id=3790949
	Index Scan using sbtest7_pkey on sbtest7  (cost=0.43..8.45 rows=1 width=121)
	  Index Cond: (id = 3790949)

table 8 : explain SELECT c FROM sbtest8 WHERE id=2123809
	Index Scan using sbtest8_pkey on sbtest8  (cost=0.43..8.45 rows=1 width=121)
	  Index Cond: (id = 2123809)

explain: for point_selects :: explain SELECT c FROM sbtest%u WHERE id=%u
for point_selects
table 1 : explain SELECT c FROM sbtest1 WHERE id=8955309
	Index Scan using sbtest1_pkey on sbtest1  (cost=0.43..8.45 rows=1 width=121)
	  Index Cond: (id = 8955309)

table 2 : explain SELECT c FROM sbtest2 WHERE id=6066974
	Index Scan using sbtest2_pkey on sbtest2  (cost=0.43..8.45 rows=1 width=121)
	  Index Cond: (id = 6066974)

table 3 : explain SELECT c FROM sbtest3 WHERE id=7353524
	Index Scan using sbtest3_pkey on sbtest3  (cost=0.43..8.45 rows=1 width=121)
	  Index Cond: (id = 7353524)

table 4 : explain SELECT c FROM sbtest4 WHERE id=8434888
	Index Scan using sbtest4_pkey on sbtest4  (cost=0.43..8.45 rows=1 width=121)
	  Index Cond: (id = 8434888)

table 5 : explain SELECT c FROM sbtest5 WHERE id=1444997
	Index Scan using sbtest5_pkey on sbtest5  (cost=0.43..8.45 rows=1 width=121)
	  Index Cond: (id = 1444997)

table 6 : explain SELECT c FROM sbtest6 WHERE id=6371154
	Index Scan using sbtest6_pkey on sbtest6  (cost=0.43..8.45 rows=1 width=121)
	  Index Cond: (id = 6371154)

table 7 : explain SELECT c FROM sbtest7 WHERE id=3641673
	Index Scan using sbtest7_pkey on sbtest7  (cost=0.43..8.45 rows=1 width=121)
	  Index Cond: (id = 3641673)

table 8 : explain SELECT c FROM sbtest8 WHERE id=9258126
	Index Scan using sbtest8_pkey on sbtest8  (cost=0.43..8.45 rows=1 width=121)
	  Index Cond: (id = 9258126)

for point_selects
table 1 : explain SELECT c FROM sbtest1 WHERE id=7499691
	Index Scan using sbtest1_pkey on sbtest1  (cost=0.43..8.45 rows=1 width=121)
	  Index Cond: (id = 7499691)

table 2 : explain SELECT c FROM sbtest2 WHERE id=6144913
	Index Scan using sbtest2_pkey on sbtest2  (cost=0.43..8.45 rows=1 width=121)
	  Index Cond: (id = 6144913)

table 3 : explain SELECT c FROM sbtest3 WHERE id=8508583
	Index Scan using sbtest3_pkey on sbtest3  (cost=0.43..8.45 rows=1 width=121)
	  Index Cond: (id = 8508583)

table 4 : explain SELECT c FROM sbtest4 WHERE id=9332450
	Index Scan using sbtest4_pkey on sbtest4  (cost=0.43..8.45 rows=1 width=121)
	  Index Cond: (id = 9332450)

table 5 : explain SELECT c FROM sbtest5 WHERE id=5775234
	Index Scan using sbtest5_pkey on sbtest5  (cost=0.43..8.45 rows=1 width=121)
	  Index Cond: (id = 5775234)

table 6 : explain SELECT c FROM sbtest6 WHERE id=864976
	Index Scan using sbtest6_pkey on sbtest6  (cost=0.43..8.45 rows=1 width=121)
	  Index Cond: (id = 864976)

table 7 : explain SELECT c FROM sbtest7 WHERE id=3168312
	Index Scan using sbtest7_pkey on sbtest7  (cost=0.43..8.45 rows=1 width=121)
	  Index Cond: (id = 3168312)

table 8 : explain SELECT c FROM sbtest8 WHERE id=1226753
	Index Scan using sbtest8_pkey on sbtest8  (cost=0.43..8.45 rows=1 width=121)
	  Index Cond: (id = 1226753)

for: simple_ranges
table 1 : explain SELECT c FROM sbtest1 WHERE id BETWEEN 8163182 AND 8163281
	Index Scan using sbtest1_pkey on sbtest1  (cost=0.43..373.41 rows=94 width=121)
	  Index Cond: ((id >= 8163182) AND (id <= 8163281))

table 2 : explain SELECT c FROM sbtest2 WHERE id BETWEEN 5487705 AND 5487804
	Index Scan using sbtest2_pkey on sbtest2  (cost=0.43..403.70 rows=102 width=121)
	  Index Cond: ((id >= 5487705) AND (id <= 5487804))

table 3 : explain SELECT c FROM sbtest3 WHERE id BETWEEN 90042 AND 90141
	Index Scan using sbtest3_pkey on sbtest3  (cost=0.43..385.34 rows=97 width=121)
	  Index Cond: ((id >= 90042) AND (id <= 90141))

table 4 : explain SELECT c FROM sbtest4 WHERE id BETWEEN 84013 AND 84112
	Index Scan using sbtest4_pkey on sbtest4  (cost=0.43..368.03 rows=93 width=121)
	  Index Cond: ((id >= 84013) AND (id <= 84112))

table 5 : explain SELECT c FROM sbtest5 WHERE id BETWEEN 5783947 AND 5784046
	Index Scan using sbtest5_pkey on sbtest5  (cost=0.43..376.42 rows=95 width=121)
	  Index Cond: ((id >= 5783947) AND (id <= 5784046))

table 6 : explain SELECT c FROM sbtest6 WHERE id BETWEEN 6160229 AND 6160328
	Index Scan using sbtest6_pkey on sbtest6  (cost=0.43..408.59 rows=103 width=121)
	  Index Cond: ((id >= 6160229) AND (id <= 6160328))

table 7 : explain SELECT c FROM sbtest7 WHERE id BETWEEN 8335522 AND 8335621
	Index Scan using sbtest7_pkey on sbtest7  (cost=0.43..419.46 rows=106 width=121)
	  Index Cond: ((id >= 8335522) AND (id <= 8335621))

table 8 : explain SELECT c FROM sbtest8 WHERE id BETWEEN 5085129 AND 5085228
	Index Scan using sbtest8_pkey on sbtest8  (cost=0.43..431.42 rows=109 width=121)
	  Index Cond: ((id >= 5085129) AND (id <= 5085228))

for: simple_ranges
table 1 : explain SELECT c FROM sbtest1 WHERE id BETWEEN 7209363 AND 7209462
	Index Scan using sbtest1_pkey on sbtest1  (cost=0.43..408.72 rows=103 width=121)
	  Index Cond: ((id >= 7209363) AND (id <= 7209462))

table 2 : explain SELECT c FROM sbtest2 WHERE id BETWEEN 4112089 AND 4112188
	Index Scan using sbtest2_pkey on sbtest2  (cost=0.43..380.19 rows=96 width=121)
	  Index Cond: ((id >= 4112089) AND (id <= 4112188))

table 3 : explain SELECT c FROM sbtest3 WHERE id BETWEEN 8206492 AND 8206591
	Index Scan using sbtest3_pkey on sbtest3  (cost=0.43..397.14 rows=100 width=121)
	  Index Cond: ((id >= 8206492) AND (id <= 8206591))

table 4 : explain SELECT c FROM sbtest4 WHERE id BETWEEN 6184419 AND 6184518
	Index Scan using sbtest4_pkey on sbtest4  (cost=0.43..422.76 rows=107 width=121)
	  Index Cond: ((id >= 6184419) AND (id <= 6184518))

table 5 : explain SELECT c FROM sbtest5 WHERE id BETWEEN 1435357 AND 1435456
	Index Scan using sbtest5_pkey on sbtest5  (cost=0.43..380.36 rows=96 width=121)
	  Index Cond: ((id >= 1435357) AND (id <= 1435456))

table 6 : explain SELECT c FROM sbtest6 WHERE id BETWEEN 4359775 AND 4359874
	Index Scan using sbtest6_pkey on sbtest6  (cost=0.43..408.59 rows=103 width=121)
	  Index Cond: ((id >= 4359775) AND (id <= 4359874))

table 7 : explain SELECT c FROM sbtest7 WHERE id BETWEEN 546152 AND 546251
	Index Scan using sbtest7_pkey on sbtest7  (cost=0.43..392.06 rows=99 width=121)
	  Index Cond: ((id >= 546152) AND (id <= 546251))

table 8 : explain SELECT c FROM sbtest8 WHERE id BETWEEN 1736795 AND 1736894
	Index Scan using sbtest8_pkey on sbtest8  (cost=0.43..376.57 rows=95 width=121)
	  Index Cond: ((id >= 1736795) AND (id <= 1736894))

for: simple_ranges
table 1 : explain SELECT c FROM sbtest1 WHERE id BETWEEN 8847210 AND 8847309
	Index Scan using sbtest1_pkey on sbtest1  (cost=0.43..396.95 rows=100 width=121)
	  Index Cond: ((id >= 8847210) AND (id <= 8847309))

table 2 : explain SELECT c FROM sbtest2 WHERE id BETWEEN 9693804 AND 9693903
	Index Scan using sbtest2_pkey on sbtest2  (cost=0.43..384.11 rows=97 width=121)
	  Index Cond: ((id >= 9693804) AND (id <= 9693903))

table 3 : explain SELECT c FROM sbtest3 WHERE id BETWEEN 8239948 AND 8240047
	Index Scan using sbtest3_pkey on sbtest3  (cost=0.43..397.14 rows=100 width=121)
	  Index Cond: ((id >= 8239948) AND (id <= 8240047))

table 4 : explain SELECT c FROM sbtest4 WHERE id BETWEEN 880675 AND 880774
	Index Scan using sbtest4_pkey on sbtest4  (cost=0.43..379.75 rows=96 width=121)
	  Index Cond: ((id >= 880675) AND (id <= 880774))

table 5 : explain SELECT c FROM sbtest5 WHERE id BETWEEN 3452905 AND 3453004
	Index Scan using sbtest5_pkey on sbtest5  (cost=0.43..423.41 rows=107 width=121)
	  Index Cond: ((id >= 3452905) AND (id <= 3453004))

table 6 : explain SELECT c FROM sbtest6 WHERE id BETWEEN 7543390 AND 7543489
	Index Scan using sbtest6_pkey on sbtest6  (cost=0.43..361.50 rows=91 width=121)
	  Index Cond: ((id >= 7543390) AND (id <= 7543489))

table 7 : explain SELECT c FROM sbtest7 WHERE id BETWEEN 5618563 AND 5618662
	Index Scan using sbtest7_pkey on sbtest7  (cost=0.43..384.23 rows=97 width=121)
	  Index Cond: ((id >= 5618563) AND (id <= 5618662))

table 8 : explain SELECT c FROM sbtest8 WHERE id BETWEEN 3874738 AND 3874837
	Index Scan using sbtest8_pkey on sbtest8  (cost=0.43..419.67 rows=106 width=121)
	  Index Cond: ((id >= 3874738) AND (id <= 3874837))

for point_selects
table 1 : explain SELECT c FROM sbtest1 WHERE id=5042835
	Index Scan using sbtest1_pkey on sbtest1  (cost=0.43..8.45 rows=1 width=121)
	  Index Cond: (id = 5042835)

table 2 : explain SELECT c FROM sbtest2 WHERE id=9616305
	Index Scan using sbtest2_pkey on sbtest2  (cost=0.43..8.45 rows=1 width=121)
	  Index Cond: (id = 9616305)

table 3 : explain SELECT c FROM sbtest3 WHERE id=4710458
	Index Scan using sbtest3_pkey on sbtest3  (cost=0.43..8.45 rows=1 width=121)
	  Index Cond: (id = 4710458)

table 4 : explain SELECT c FROM sbtest4 WHERE id=4965456
	Index Scan using sbtest4_pkey on sbtest4  (cost=0.43..8.45 rows=1 width=121)
	  Index Cond: (id = 4965456)

table 5 : explain SELECT c FROM sbtest5 WHERE id=3828718
	Index Scan using sbtest5_pkey on sbtest5  (cost=0.43..8.45 rows=1 width=121)
	  Index Cond: (id = 3828718)

table 6 : explain SELECT c FROM sbtest6 WHERE id=8629444
	Index Scan using sbtest6_pkey on sbtest6  (cost=0.43..8.45 rows=1 width=121)
	  Index Cond: (id = 8629444)

table 7 : explain SELECT c FROM sbtest7 WHERE id=2192521
	Index Scan using sbtest7_pkey on sbtest7  (cost=0.43..8.45 rows=1 width=121)
	  Index Cond: (id = 2192521)

table 8 : explain SELECT c FROM sbtest8 WHERE id=2843611
	Index Scan using sbtest8_pkey on sbtest8  (cost=0.43..8.45 rows=1 width=121)
	  Index Cond: (id = 2843611)

explain: for point_selects :: explain SELECT c FROM sbtest%u WHERE id=%u
explain: for point_selects :: explain SELECT c FROM sbtest%u WHERE id=%u
for: simple_ranges
table 1 : explain SELECT c FROM sbtest1 WHERE id BETWEEN 6516973 AND 6517072
	Index Scan using sbtest1_pkey on sbtest1  (cost=0.43..373.41 rows=94 width=121)
	  Index Cond: ((id >= 6516973) AND (id <= 6517072))

table 2 : explain SELECT c FROM sbtest2 WHERE id BETWEEN 9651519 AND 9651618
	Index Scan using sbtest2_pkey on sbtest2  (cost=0.43..384.11 rows=97 width=121)
	  Index Cond: ((id >= 9651519) AND (id <= 9651618))

table 3 : explain SELECT c FROM sbtest3 WHERE id BETWEEN 2875859 AND 2875958
	Index Scan using sbtest3_pkey on sbtest3  (cost=0.43..373.56 rows=94 width=121)
	  Index Cond: ((id >= 2875859) AND (id <= 2875958))

table 4 : explain SELECT c FROM sbtest4 WHERE id BETWEEN 4354432 AND 4354531
	Index Scan using sbtest4_pkey on sbtest4  (cost=0.43..379.75 rows=96 width=121)
	  Index Cond: ((id >= 4354432) AND (id <= 4354531))

table 5 : explain SELECT c FROM sbtest5 WHERE id BETWEEN 4053621 AND 4053720
	Index Scan using sbtest5_pkey on sbtest5  (cost=0.43..419.50 rows=106 width=121)
	  Index Cond: ((id >= 4053621) AND (id <= 4053720))

table 6 : explain SELECT c FROM sbtest6 WHERE id BETWEEN 3692625 AND 3692724
	Index Scan using sbtest6_pkey on sbtest6  (cost=0.43..400.75 rows=101 width=121)
	  Index Cond: ((id >= 3692625) AND (id <= 3692724))

table 7 : explain SELECT c FROM sbtest7 WHERE id BETWEEN 3908200 AND 3908299
	Index Scan using sbtest7_pkey on sbtest7  (cost=0.43..395.98 rows=100 width=121)
	  Index Cond: ((id >= 3908200) AND (id <= 3908299))

table 8 : explain SELECT c FROM sbtest8 WHERE id BETWEEN 7225196 AND 7225295
	Index Scan using sbtest8_pkey on sbtest8  (cost=0.43..396.18 rows=100 width=121)
	  Index Cond: ((id >= 7225196) AND (id <= 7225295))

explain: for point_selects :: explain SELECT c FROM sbtest%u WHERE id=%u
explain: for point_selects :: explain SELECT c FROM sbtest%u WHERE id=%u
for point_selects
table 1 : explain SELECT c FROM sbtest1 WHERE id=6597600
	Index Scan using sbtest1_pkey on sbtest1  (cost=0.43..8.45 rows=1 width=121)
	  Index Cond: (id = 6597600)

table 2 : explain SELECT c FROM sbtest2 WHERE id=5639035
	Index Scan using sbtest2_pkey on sbtest2  (cost=0.43..8.45 rows=1 width=121)
	  Index Cond: (id = 5639035)

table 3 : explain SELECT c FROM sbtest3 WHERE id=6745642
	Index Scan using sbtest3_pkey on sbtest3  (cost=0.43..8.45 rows=1 width=121)
	  Index Cond: (id = 6745642)

table 4 : explain SELECT c FROM sbtest4 WHERE id=5437346
	Index Scan using sbtest4_pkey on sbtest4  (cost=0.43..8.45 rows=1 width=121)
	  Index Cond: (id = 5437346)

table 5 : explain SELECT c FROM sbtest5 WHERE id=8871024
	Index Scan using sbtest5_pkey on sbtest5  (cost=0.43..8.45 rows=1 width=121)
	  Index Cond: (id = 8871024)

table 6 : explain SELECT c FROM sbtest6 WHERE id=9027363
	Index Scan using sbtest6_pkey on sbtest6  (cost=0.43..8.45 rows=1 width=121)
	  Index Cond: (id = 9027363)

table 7 : explain SELECT c FROM sbtest7 WHERE id=9440512
	Index Scan using sbtest7_pkey on sbtest7  (cost=0.43..8.45 rows=1 width=121)
	  Index Cond: (id = 9440512)

table 8 : explain SELECT c FROM sbtest8 WHERE id=1013068
	Index Scan using sbtest8_pkey on sbtest8  (cost=0.43..8.45 rows=1 width=121)
	  Index Cond: (id = 1013068)

for: sum_ranges
table 1 : explain SELECT SUM(k) FROM sbtest1 WHERE id BETWEEN 8374692 AND 8374791
	Aggregate  (cost=408.98..408.99 rows=1 width=8)
	  ->  Index Scan using sbtest1_pkey on sbtest1  (cost=0.43..408.72 rows=103 width=4)
	        Index Cond: ((id >= 8374692) AND (id <= 8374791))

table 2 : explain SELECT SUM(k) FROM sbtest2 WHERE id BETWEEN 5894887 AND 5894986
	Aggregate  (cost=411.78..411.79 rows=1 width=8)
	  ->  Index Scan using sbtest2_pkey on sbtest2  (cost=0.43..411.52 rows=104 width=4)
	        Index Cond: ((id >= 5894887) AND (id <= 5894986))

table 3 : explain SELECT SUM(k) FROM sbtest3 WHERE id BETWEEN 3748330 AND 3748429
	Aggregate  (cost=417.03..417.04 rows=1 width=8)
	  ->  Index Scan using sbtest3_pkey on sbtest3  (cost=0.43..416.76 rows=105 width=4)
	        Index Cond: ((id >= 3748330) AND (id <= 3748429))

table 4 : explain SELECT SUM(k) FROM sbtest4 WHERE id BETWEEN 836266 AND 836365
	Aggregate  (cost=379.99..380.00 rows=1 width=8)
	  ->  Index Scan using sbtest4_pkey on sbtest4  (cost=0.43..379.75 rows=96 width=4)
	        Index Cond: ((id >= 836266) AND (id <= 836365))

table 5 : explain SELECT SUM(k) FROM sbtest5 WHERE id BETWEEN 3027951 AND 3028050
	Aggregate  (cost=396.26..396.27 rows=1 width=8)
	  ->  Index Scan using sbtest5_pkey on sbtest5  (cost=0.43..396.01 rows=100 width=4)
	        Index Cond: ((id >= 3027951) AND (id <= 3028050))

table 6 : explain SELECT SUM(k) FROM sbtest6 WHERE id BETWEEN 3644436 AND 3644535
	Aggregate  (cost=424.55..424.56 rows=1 width=8)
	  ->  Index Scan using sbtest6_pkey on sbtest6  (cost=0.43..424.28 rows=107 width=4)
	        Index Cond: ((id >= 3644436) AND (id <= 3644535))

table 7 : explain SELECT SUM(k) FROM sbtest7 WHERE id BETWEEN 5905451 AND 5905550
	Aggregate  (cost=419.72..419.73 rows=1 width=8)
	  ->  Index Scan using sbtest7_pkey on sbtest7  (cost=0.43..419.46 rows=106 width=4)
	        Index Cond: ((id >= 5905451) AND (id <= 5905550))

table 8 : explain SELECT SUM(k) FROM sbtest8 WHERE id BETWEEN 6985657 AND 6985756
	Aggregate  (cost=384.67..384.68 rows=1 width=8)
	  ->  Index Scan using sbtest8_pkey on sbtest8  (cost=0.43..384.43 rows=97 width=4)
	        Index Cond: ((id >= 6985657) AND (id <= 6985756))

for: sum_ranges
table 1 : explain SELECT SUM(k) FROM sbtest1 WHERE id BETWEEN 6214362 AND 6214461
	Aggregate  (cost=377.57..377.58 rows=1 width=8)
	  ->  Index Scan using sbtest1_pkey on sbtest1  (cost=0.43..377.33 rows=95 width=4)
	        Index Cond: ((id >= 6214362) AND (id <= 6214461))

table 2 : explain SELECT SUM(k) FROM sbtest2 WHERE id BETWEEN 3471038 AND 3471137
	Aggregate  (cost=423.53..423.54 rows=1 width=8)
	  ->  Index Scan using sbtest2_pkey on sbtest2  (cost=0.43..423.26 rows=107 width=4)
	        Index Cond: ((id >= 3471038) AND (id <= 3471137))

table 3 : explain SELECT SUM(k) FROM sbtest3 WHERE id BETWEEN 4761329 AND 4761428
	Aggregate  (cost=420.95..420.96 rows=1 width=8)
	  ->  Index Scan using sbtest3_pkey on sbtest3  (cost=0.43..420.69 rows=106 width=4)
	        Index Cond: ((id >= 4761329) AND (id <= 4761428))

table 4 : explain SELECT SUM(k) FROM sbtest4 WHERE id BETWEEN 4560164 AND 4560263
	Aggregate  (cost=415.21..415.22 rows=1 width=8)
	  ->  Index Scan using sbtest4_pkey on sbtest4  (cost=0.43..414.95 rows=105 width=4)
	        Index Cond: ((id >= 4560164) AND (id <= 4560263))

table 5 : explain SELECT SUM(k) FROM sbtest5 WHERE id BETWEEN 8601885 AND 8601984
	Aggregate  (cost=396.26..396.27 rows=1 width=8)
	  ->  Index Scan using sbtest5_pkey on sbtest5  (cost=0.43..396.01 rows=100 width=4)
	        Index Cond: ((id >= 8601885) AND (id <= 8601984))

table 6 : explain SELECT SUM(k) FROM sbtest6 WHERE id BETWEEN 7619948 AND 7620047
	Aggregate  (cost=420.63..420.64 rows=1 width=8)
	  ->  Index Scan using sbtest6_pkey on sbtest6  (cost=0.43..420.36 rows=106 width=4)
	        Index Cond: ((id >= 7619948) AND (id <= 7620047))

table 7 : explain SELECT SUM(k) FROM sbtest7 WHERE id BETWEEN 9344413 AND 9344512
	Aggregate  (cost=368.79..368.80 rows=1 width=8)
	  ->  Index Scan using sbtest7_pkey on sbtest7  (cost=0.43..368.55 rows=93 width=4)
	        Index Cond: ((id >= 9344413) AND (id <= 9344512))

table 8 : explain SELECT SUM(k) FROM sbtest8 WHERE id BETWEEN 3699886 AND 3699985
	Aggregate  (cost=396.43..396.44 rows=1 width=8)
	  ->  Index Scan using sbtest8_pkey on sbtest8  (cost=0.43..396.18 rows=100 width=4)
	        Index Cond: ((id >= 3699886) AND (id <= 3699985))

explain: for point_selects :: explain SELECT c FROM sbtest%u WHERE id=%u
for point_selects
table 1 : explain SELECT c FROM sbtest1 WHERE id=3942571
	Index Scan using sbtest1_pkey on sbtest1  (cost=0.43..8.45 rows=1 width=121)
	  Index Cond: (id = 3942571)

table 2 : explain SELECT c FROM sbtest2 WHERE id=5237298
	Index Scan using sbtest2_pkey on sbtest2  (cost=0.43..8.45 rows=1 width=121)
	  Index Cond: (id = 5237298)

table 3 : explain SELECT c FROM sbtest3 WHERE id=2166343
	Index Scan using sbtest3_pkey on sbtest3  (cost=0.43..8.45 rows=1 width=121)
	  Index Cond: (id = 2166343)

table 4 : explain SELECT c FROM sbtest4 WHERE id=5233739
	Index Scan using sbtest4_pkey on sbtest4  (cost=0.43..8.45 rows=1 width=121)
	  Index Cond: (id = 5233739)

table 5 : explain SELECT c FROM sbtest5 WHERE id=1316602
	Index Scan using sbtest5_pkey on sbtest5  (cost=0.43..8.45 rows=1 width=121)
	  Index Cond: (id = 1316602)

table 6 : explain SELECT c FROM sbtest6 WHERE id=7076842
	Index Scan using sbtest6_pkey on sbtest6  (cost=0.43..8.45 rows=1 width=121)
	  Index Cond: (id = 7076842)

table 7 : explain SELECT c FROM sbtest7 WHERE id=1467551
	Index Scan using sbtest7_pkey on sbtest7  (cost=0.43..8.45 rows=1 width=121)
	  Index Cond: (id = 1467551)

table 8 : explain SELECT c FROM sbtest8 WHERE id=4963873
	Index Scan using sbtest8_pkey on sbtest8  (cost=0.43..8.45 rows=1 width=121)
	  Index Cond: (id = 4963873)

for point_selects
table 1 : explain SELECT c FROM sbtest1 WHERE id=2640024
	Index Scan using sbtest1_pkey on sbtest1  (cost=0.43..8.45 rows=1 width=121)
	  Index Cond: (id = 2640024)

table 2 : explain SELECT c FROM sbtest2 WHERE id=3192002
	Index Scan using sbtest2_pkey on sbtest2  (cost=0.43..8.45 rows=1 width=121)
	  Index Cond: (id = 3192002)

table 3 : explain SELECT c FROM sbtest3 WHERE id=6358854
	Index Scan using sbtest3_pkey on sbtest3  (cost=0.43..8.45 rows=1 width=121)
	  Index Cond: (id = 6358854)

table 4 : explain SELECT c FROM sbtest4 WHERE id=1180227
	Index Scan using sbtest4_pkey on sbtest4  (cost=0.43..8.45 rows=1 width=121)
	  Index Cond: (id = 1180227)

table 5 : explain SELECT c FROM sbtest5 WHERE id=8491907
	Index Scan using sbtest5_pkey on sbtest5  (cost=0.43..8.45 rows=1 width=121)
	  Index Cond: (id = 8491907)

table 6 : explain SELECT c FROM sbtest6 WHERE id=2697568
	Index Scan using sbtest6_pkey on sbtest6  (cost=0.43..8.45 rows=1 width=121)
	  Index Cond: (id = 2697568)

table 7 : explain SELECT c FROM sbtest7 WHERE id=4271597
	Index Scan using sbtest7_pkey on sbtest7  (cost=0.43..8.45 rows=1 width=121)
	  Index Cond: (id = 4271597)

table 8 : explain SELECT c FROM sbtest8 WHERE id=3376677
	Index Scan using sbtest8_pkey on sbtest8  (cost=0.43..8.45 rows=1 width=121)
	  Index Cond: (id = 3376677)

for: simple_ranges
table 1 : explain SELECT c FROM sbtest1 WHERE id BETWEEN 4658285 AND 4658384
	Index Scan using sbtest1_pkey on sbtest1  (cost=0.43..396.95 rows=100 width=121)
	  Index Cond: ((id >= 4658285) AND (id <= 4658384))

table 2 : explain SELECT c FROM sbtest2 WHERE id BETWEEN 2540901 AND 2541000
	Index Scan using sbtest2_pkey on sbtest2  (cost=0.43..399.78 rows=101 width=121)
	  Index Cond: ((id >= 2540901) AND (id <= 2541000))

table 3 : explain SELECT c FROM sbtest3 WHERE id BETWEEN 3242425 AND 3242524
	Index Scan using sbtest3_pkey on sbtest3  (cost=0.43..393.21 rows=99 width=121)
	  Index Cond: ((id >= 3242425) AND (id <= 3242524))

table 4 : explain SELECT c FROM sbtest4 WHERE id BETWEEN 2527036 AND 2527135
	Index Scan using sbtest4_pkey on sbtest4  (cost=0.43..383.66 rows=97 width=121)
	  Index Cond: ((id >= 2527036) AND (id <= 2527135))

table 5 : explain SELECT c FROM sbtest5 WHERE id BETWEEN 5253912 AND 5254011
	Index Scan using sbtest5_pkey on sbtest5  (cost=0.43..396.01 rows=100 width=121)
	  Index Cond: ((id >= 5253912) AND (id <= 5254011))

table 6 : explain SELECT c FROM sbtest6 WHERE id BETWEEN 3652422 AND 3652521
	Index Scan using sbtest6_pkey on sbtest6  (cost=0.43..400.75 rows=101 width=121)
	  Index Cond: ((id >= 3652422) AND (id <= 3652521))

table 7 : explain SELECT c FROM sbtest7 WHERE id BETWEEN 1201668 AND 1201767
	Index Scan using sbtest7_pkey on sbtest7  (cost=0.43..407.72 rows=103 width=121)
	  Index Cond: ((id >= 1201668) AND (id <= 1201767))

table 8 : explain SELECT c FROM sbtest8 WHERE id BETWEEN 2241293 AND 2241392
	Index Scan using sbtest8_pkey on sbtest8  (cost=0.43..411.84 rows=104 width=121)
	  Index Cond: ((id >= 2241293) AND (id <= 2241392))

for point_selects
table 1 : explain SELECT c FROM sbtest1 WHERE id=4623026
	Index Scan using sbtest1_pkey on sbtest1  (cost=0.43..8.45 rows=1 width=121)
	  Index Cond: (id = 4623026)

table 2 : explain SELECT c FROM sbtest2 WHERE id=3223074
	Index Scan using sbtest2_pkey on sbtest2  (cost=0.43..8.45 rows=1 width=121)
	  Index Cond: (id = 3223074)

table 3 : explain SELECT c FROM sbtest3 WHERE id=9290169
	Index Scan using sbtest3_pkey on sbtest3  (cost=0.43..8.45 rows=1 width=121)
	  Index Cond: (id = 9290169)

table 4 : explain SELECT c FROM sbtest4 WHERE id=9651332
	Index Scan using sbtest4_pkey on sbtest4  (cost=0.43..8.45 rows=1 width=121)
	  Index Cond: (id = 9651332)

table 5 : explain SELECT c FROM sbtest5 WHERE id=7104313
	Index Scan using sbtest5_pkey on sbtest5  (cost=0.43..8.45 rows=1 width=121)
	  Index Cond: (id = 7104313)

table 6 : explain SELECT c FROM sbtest6 WHERE id=2772855
	Index Scan using sbtest6_pkey on sbtest6  (cost=0.43..8.45 rows=1 width=121)
	  Index Cond: (id = 2772855)

table 7 : explain SELECT c FROM sbtest7 WHERE id=7876768
	Index Scan using sbtest7_pkey on sbtest7  (cost=0.43..8.45 rows=1 width=121)
	  Index Cond: (id = 7876768)

table 8 : explain SELECT c FROM sbtest8 WHERE id=5251021
	Index Scan using sbtest8_pkey on sbtest8  (cost=0.43..8.45 rows=1 width=121)
	  Index Cond: (id = 5251021)

for: sum_ranges
table 1 : explain SELECT SUM(k) FROM sbtest1 WHERE id BETWEEN 4741526 AND 4741625
	Aggregate  (cost=397.20..397.21 rows=1 width=8)
	  ->  Index Scan using sbtest1_pkey on sbtest1  (cost=0.43..396.95 rows=100 width=4)
	        Index Cond: ((id >= 4741526) AND (id <= 4741625))

table 2 : explain SELECT SUM(k) FROM sbtest2 WHERE id BETWEEN 8562525 AND 8562624
	Aggregate  (cost=364.77..364.78 rows=1 width=8)
	  ->  Index Scan using sbtest2_pkey on sbtest2  (cost=0.43..364.54 rows=92 width=4)
	        Index Cond: ((id >= 8562525) AND (id <= 8562624))

table 3 : explain SELECT SUM(k) FROM sbtest3 WHERE id BETWEEN 9810836 AND 9810935
	Aggregate  (cost=381.65..381.66 rows=1 width=8)
	  ->  Index Scan using sbtest3_pkey on sbtest3  (cost=0.43..381.41 rows=96 width=4)
	        Index Cond: ((id >= 9810836) AND (id <= 9810935))

table 4 : explain SELECT SUM(k) FROM sbtest4 WHERE id BETWEEN 7076217 AND 7076316
	Aggregate  (cost=423.03..423.04 rows=1 width=8)
	  ->  Index Scan using sbtest4_pkey on sbtest4  (cost=0.43..422.76 rows=107 width=4)
	        Index Cond: ((id >= 7076217) AND (id <= 7076316))

table 5 : explain SELECT SUM(k) FROM sbtest5 WHERE id BETWEEN 7227066 AND 7227165
	Aggregate  (cost=396.26..396.27 rows=1 width=8)
	  ->  Index Scan using sbtest5_pkey on sbtest5  (cost=0.43..396.01 rows=100 width=4)
	        Index Cond: ((id >= 7227066) AND (id <= 7227165))

table 6 : explain SELECT SUM(k) FROM sbtest6 WHERE id BETWEEN 966120 AND 966219
	Aggregate  (cost=397.08..397.09 rows=1 width=8)
	  ->  Index Scan using sbtest6_pkey on sbtest6  (cost=0.43..396.83 rows=100 width=4)
	        Index Cond: ((id >= 966120) AND (id <= 966219))

table 7 : explain SELECT SUM(k) FROM sbtest7 WHERE id BETWEEN 9972657 AND 9972756
	Aggregate  (cost=392.31..392.32 rows=1 width=8)
	  ->  Index Scan using sbtest7_pkey on sbtest7  (cost=0.43..392.06 rows=99 width=4)
	        Index Cond: ((id >= 9972657) AND (id <= 9972756))

table 8 : explain SELECT SUM(k) FROM sbtest8 WHERE id BETWEEN 4392708 AND 4392807
	Aggregate  (cost=349.38..349.39 rows=1 width=8)
	  ->  Index Scan using sbtest8_pkey on sbtest8  (cost=0.43..349.16 rows=88 width=4)
	        Index Cond: ((id >= 4392708) AND (id <= 4392807))

for: simple_ranges
table 1 : explain SELECT c FROM sbtest1 WHERE id BETWEEN 6102334 AND 6102433
	Index Scan using sbtest1_pkey on sbtest1  (cost=0.43..408.72 rows=103 width=121)
	  Index Cond: ((id >= 6102334) AND (id <= 6102433))

table 2 : explain SELECT c FROM sbtest2 WHERE id BETWEEN 3824759 AND 3824858
	Index Scan using sbtest2_pkey on sbtest2  (cost=0.43..419.35 rows=106 width=121)
	  Index Cond: ((id >= 3824759) AND (id <= 3824858))

table 3 : explain SELECT c FROM sbtest3 WHERE id BETWEEN 5634544 AND 5634643
	Index Scan using sbtest3_pkey on sbtest3  (cost=0.43..404.99 rows=102 width=121)
	  Index Cond: ((id >= 5634544) AND (id <= 5634643))

table 4 : explain SELECT c FROM sbtest4 WHERE id BETWEEN 9998500 AND 9998599
	Index Scan using sbtest4_pkey on sbtest4  (cost=0.43..391.50 rows=99 width=121)
	  Index Cond: ((id >= 9998500) AND (id <= 9998599))

table 5 : explain SELECT c FROM sbtest5 WHERE id BETWEEN 8261239 AND 8261338
	Index Scan using sbtest5_pkey on sbtest5  (cost=0.43..368.59 rows=93 width=121)
	  Index Cond: ((id >= 8261239) AND (id <= 8261338))

table 6 : explain SELECT c FROM sbtest6 WHERE id BETWEEN 9445438 AND 9445537
	Index Scan using sbtest6_pkey on sbtest6  (cost=0.43..385.04 rows=97 width=121)
	  Index Cond: ((id >= 9445438) AND (id <= 9445537))

table 7 : explain SELECT c FROM sbtest7 WHERE id BETWEEN 8112607 AND 8112706
	Index Scan using sbtest7_pkey on sbtest7  (cost=0.43..423.37 rows=107 width=121)
	  Index Cond: ((id >= 8112607) AND (id <= 8112706))

table 8 : explain SELECT c FROM sbtest8 WHERE id BETWEEN 3290104 AND 3290203
	Index Scan using sbtest8_pkey on sbtest8  (cost=0.43..435.33 rows=110 width=121)
	  Index Cond: ((id >= 3290104) AND (id <= 3290203))

for: simple_ranges
table 1 : explain SELECT c FROM sbtest1 WHERE id BETWEEN 9766699 AND 9766798
	Index Scan using sbtest1_pkey on sbtest1  (cost=0.43..428.34 rows=108 width=121)
	  Index Cond: ((id >= 9766699) AND (id <= 9766798))

table 2 : explain SELECT c FROM sbtest2 WHERE id BETWEEN 156160 AND 156259
	Index Scan using sbtest2_pkey on sbtest2  (cost=0.43..419.35 rows=106 width=121)
	  Index Cond: ((id >= 156160) AND (id <= 156259))

table 3 : explain SELECT c FROM sbtest3 WHERE id BETWEEN 2123043 AND 2123142
	Index Scan using sbtest3_pkey on sbtest3  (cost=0.43..393.19 rows=99 width=121)
	  Index Cond: ((id >= 2123043) AND (id <= 2123142))

table 4 : explain SELECT c FROM sbtest4 WHERE id BETWEEN 2565665 AND 2565764
	Index Scan using sbtest4_pkey on sbtest4  (cost=0.43..387.59 rows=98 width=121)
	  Index Cond: ((id >= 2565665) AND (id <= 2565764))

table 5 : explain SELECT c FROM sbtest5 WHERE id BETWEEN 5179499 AND 5179598
	Index Scan using sbtest5_pkey on sbtest5  (cost=0.43..396.01 rows=100 width=121)
	  Index Cond: ((id >= 5179499) AND (id <= 5179598))

table 6 : explain SELECT c FROM sbtest6 WHERE id BETWEEN 214064 AND 214163
	Index Scan using sbtest6_pkey on sbtest6  (cost=0.43..369.35 rows=93 width=121)
	  Index Cond: ((id >= 214064) AND (id <= 214163))

table 7 : explain SELECT c FROM sbtest7 WHERE id BETWEEN 7115298 AND 7115397
	Index Scan using sbtest7_pkey on sbtest7  (cost=0.43..388.15 rows=98 width=121)
	  Index Cond: ((id >= 7115298) AND (id <= 7115397))

table 8 : explain SELECT c FROM sbtest8 WHERE id BETWEEN 7718892 AND 7718991
	Index Scan using sbtest8_pkey on sbtest8  (cost=0.43..419.67 rows=106 width=121)
	  Index Cond: ((id >= 7718892) AND (id <= 7718991))

for: sum_ranges
table 1 : explain SELECT SUM(k) FROM sbtest1 WHERE id BETWEEN 8957911 AND 8958010
	Aggregate  (cost=342.21..342.22 rows=1 width=8)
	  ->  Index Scan using sbtest1_pkey on sbtest1  (cost=0.43..342.00 rows=86 width=4)
	        Index Cond: ((id >= 8957911) AND (id <= 8958010))

table 2 : explain SELECT SUM(k) FROM sbtest2 WHERE id BETWEEN 3412885 AND 3412984
	Aggregate  (cost=423.53..423.54 rows=1 width=8)
	  ->  Index Scan using sbtest2_pkey on sbtest2  (cost=0.43..423.26 rows=107 width=4)
	        Index Cond: ((id >= 3412885) AND (id <= 3412984))

table 3 : explain SELECT SUM(k) FROM sbtest3 WHERE id BETWEEN 2519084 AND 2519183
	Aggregate  (cost=432.74..432.75 rows=1 width=8)
	  ->  Index Scan using sbtest3_pkey on sbtest3  (cost=0.43..432.47 rows=109 width=4)
	        Index Cond: ((id >= 2519084) AND (id <= 2519183))

table 4 : explain SELECT SUM(k) FROM sbtest4 WHERE id BETWEEN 4461565 AND 4461664
	Aggregate  (cost=419.12..419.13 rows=1 width=8)
	  ->  Index Scan using sbtest4_pkey on sbtest4  (cost=0.43..418.85 rows=106 width=4)
	        Index Cond: ((id >= 4461565) AND (id <= 4461664))

table 5 : explain SELECT SUM(k) FROM sbtest5 WHERE id BETWEEN 7601551 AND 7601650
	Aggregate  (cost=380.60..380.61 rows=1 width=8)
	  ->  Index Scan using sbtest5_pkey on sbtest5  (cost=0.43..380.36 rows=96 width=4)
	        Index Cond: ((id >= 7601551) AND (id <= 7601650))

table 6 : explain SELECT SUM(k) FROM sbtest6 WHERE id BETWEEN 8377756 AND 8377855
	Aggregate  (cost=401.00..401.01 rows=1 width=8)
	  ->  Index Scan using sbtest6_pkey on sbtest6  (cost=0.43..400.75 rows=101 width=4)
	        Index Cond: ((id >= 8377756) AND (id <= 8377855))

table 7 : explain SELECT SUM(k) FROM sbtest7 WHERE id BETWEEN 8978631 AND 8978730
	Aggregate  (cost=400.14..400.15 rows=1 width=8)
	  ->  Index Scan using sbtest7_pkey on sbtest7  (cost=0.43..399.89 rows=101 width=4)
	        Index Cond: ((id >= 8978631) AND (id <= 8978730))

table 8 : explain SELECT SUM(k) FROM sbtest8 WHERE id BETWEEN 3975152 AND 3975251
	Aggregate  (cost=400.35..400.36 rows=1 width=8)
	  ->  Index Scan using sbtest8_pkey on sbtest8  (cost=0.43..400.09 rows=101 width=4)
	        Index Cond: ((id >= 3975152) AND (id <= 3975251))

explain: for point_selects :: explain SELECT c FROM sbtest%u WHERE id=%u
explain: for point_selects :: explain SELECT c FROM sbtest%u WHERE id=%u
for: sum_ranges
table 1 : explain SELECT SUM(k) FROM sbtest1 WHERE id BETWEEN 8040729 AND 8040828
	Aggregate  (cost=420.76..420.77 rows=1 width=8)
	  ->  Index Scan using sbtest1_pkey on sbtest1  (cost=0.43..420.49 rows=106 width=4)
	        Index Cond: ((id >= 8040729) AND (id <= 8040828))

table 2 : explain SELECT SUM(k) FROM sbtest2 WHERE id BETWEEN 5812737 AND 5812836
	Aggregate  (cost=415.70..415.71 rows=1 width=8)
	  ->  Index Scan using sbtest2_pkey on sbtest2  (cost=0.43..415.43 rows=105 width=4)
	        Index Cond: ((id >= 5812737) AND (id <= 5812836))

table 3 : explain SELECT SUM(k) FROM sbtest3 WHERE id BETWEEN 4905645 AND 4905744
	Aggregate  (cost=401.31..401.32 rows=1 width=8)
	  ->  Index Scan using sbtest3_pkey on sbtest3  (cost=0.43..401.06 rows=101 width=4)
	        Index Cond: ((id >= 4905645) AND (id <= 4905744))

table 4 : explain SELECT SUM(k) FROM sbtest4 WHERE id BETWEEN 2382028 AND 2382127
	Aggregate  (cost=407.39..407.40 rows=1 width=8)
	  ->  Index Scan using sbtest4_pkey on sbtest4  (cost=0.43..407.13 rows=103 width=4)
	        Index Cond: ((id >= 2382028) AND (id <= 2382127))

table 5 : explain SELECT SUM(k) FROM sbtest5 WHERE id BETWEEN 876027 AND 876126
	Aggregate  (cost=372.74..372.75 rows=1 width=8)
	  ->  Index Scan using sbtest5_pkey on sbtest5  (cost=0.43..372.50 rows=94 width=4)
	        Index Cond: ((id >= 876027) AND (id <= 876126))

table 6 : explain SELECT SUM(k) FROM sbtest6 WHERE id BETWEEN 7467855 AND 7467954
	Aggregate  (cost=361.73..361.74 rows=1 width=8)
	  ->  Index Scan using sbtest6_pkey on sbtest6  (cost=0.43..361.50 rows=91 width=4)
	        Index Cond: ((id >= 7467855) AND (id <= 7467954))

table 7 : explain SELECT SUM(k) FROM sbtest7 WHERE id BETWEEN 4250316 AND 4250415
	Aggregate  (cost=376.62..376.63 rows=1 width=8)
	  ->  Index Scan using sbtest7_pkey on sbtest7  (cost=0.43..376.38 rows=95 width=4)
	        Index Cond: ((id >= 4250316) AND (id <= 4250415))

table 8 : explain SELECT SUM(k) FROM sbtest8 WHERE id BETWEEN 7878085 AND 7878184
	Aggregate  (cost=408.18..408.19 rows=1 width=8)
	  ->  Index Scan using sbtest8_pkey on sbtest8  (cost=0.43..407.92 rows=103 width=4)
	        Index Cond: ((id >= 7878085) AND (id <= 7878184))

for: sum_ranges
table 1 : explain SELECT SUM(k) FROM sbtest1 WHERE id BETWEEN 7442671 AND 7442770
	Aggregate  (cost=424.68..424.69 rows=1 width=8)
	  ->  Index Scan using sbtest1_pkey on sbtest1  (cost=0.43..424.41 rows=107 width=4)
	        Index Cond: ((id >= 7442671) AND (id <= 7442770))

table 2 : explain SELECT SUM(k) FROM sbtest2 WHERE id BETWEEN 2293649 AND 2293748
	Aggregate  (cost=356.94..356.95 rows=1 width=8)
	  ->  Index Scan using sbtest2_pkey on sbtest2  (cost=0.43..356.72 rows=90 width=4)
	        Index Cond: ((id >= 2293649) AND (id <= 2293748))

table 3 : explain SELECT SUM(k) FROM sbtest3 WHERE id BETWEEN 4295621 AND 4295720
	Aggregate  (cost=369.87..369.88 rows=1 width=8)
	  ->  Index Scan using sbtest3_pkey on sbtest3  (cost=0.43..369.64 rows=93 width=4)
	        Index Cond: ((id >= 4295621) AND (id <= 4295720))

table 4 : explain SELECT SUM(k) FROM sbtest4 WHERE id BETWEEN 4744426 AND 4744525
	Aggregate  (cost=391.75..391.76 rows=1 width=8)
	  ->  Index Scan using sbtest4_pkey on sbtest4  (cost=0.43..391.50 rows=99 width=4)
	        Index Cond: ((id >= 4744426) AND (id <= 4744525))

table 5 : explain SELECT SUM(k) FROM sbtest5 WHERE id BETWEEN 4922461 AND 4922560
	Aggregate  (cost=411.93..411.94 rows=1 width=8)
	  ->  Index Scan using sbtest5_pkey on sbtest5  (cost=0.43..411.67 rows=104 width=4)
	        Index Cond: ((id >= 4922461) AND (id <= 4922560))

table 6 : explain SELECT SUM(k) FROM sbtest6 WHERE id BETWEEN 7065317 AND 7065416
	Aggregate  (cost=408.85..408.86 rows=1 width=8)
	  ->  Index Scan using sbtest6_pkey on sbtest6  (cost=0.43..408.59 rows=103 width=4)
	        Index Cond: ((id >= 7065317) AND (id <= 7065416))

table 7 : explain SELECT SUM(k) FROM sbtest7 WHERE id BETWEEN 282663 AND 282762
	Aggregate  (cost=427.55..427.56 rows=1 width=8)
	  ->  Index Scan using sbtest7_pkey on sbtest7  (cost=0.43..427.28 rows=108 width=4)
	        Index Cond: ((id >= 282663) AND (id <= 282762))

table 8 : explain SELECT SUM(k) FROM sbtest8 WHERE id BETWEEN 4384182 AND 4384281
	Aggregate  (cost=349.38..349.39 rows=1 width=8)
	  ->  Index Scan using sbtest8_pkey on sbtest8  (cost=0.43..349.16 rows=88 width=4)
	        Index Cond: ((id >= 4384182) AND (id <= 4384281))

for: sum_ranges
table 1 : explain SELECT SUM(k) FROM sbtest1 WHERE id BETWEEN 5148824 AND 5148923
	Aggregate  (cost=397.20..397.21 rows=1 width=8)
	  ->  Index Scan using sbtest1_pkey on sbtest1  (cost=0.43..396.95 rows=100 width=4)
	        Index Cond: ((id >= 5148824) AND (id <= 5148923))

table 2 : explain SELECT SUM(k) FROM sbtest2 WHERE id BETWEEN 9812275 AND 9812374
	Aggregate  (cost=392.18..392.19 rows=1 width=8)
	  ->  Index Scan using sbtest2_pkey on sbtest2  (cost=0.43..391.93 rows=99 width=4)
	        Index Cond: ((id >= 9812275) AND (id <= 9812374))

table 3 : explain SELECT SUM(k) FROM sbtest3 WHERE id BETWEEN 2241028 AND 2241127
	Aggregate  (cost=377.72..377.73 rows=1 width=8)
	  ->  Index Scan using sbtest3_pkey on sbtest3  (cost=0.43..377.49 rows=95 width=4)
	        Index Cond: ((id >= 2241028) AND (id <= 2241127))

table 4 : explain SELECT SUM(k) FROM sbtest4 WHERE id BETWEEN 3104919 AND 3105018
	Aggregate  (cost=395.66..395.67 rows=1 width=8)
	  ->  Index Scan using sbtest4_pkey on sbtest4  (cost=0.43..395.41 rows=100 width=4)
	        Index Cond: ((id >= 3104919) AND (id <= 3105018))

table 5 : explain SELECT SUM(k) FROM sbtest5 WHERE id BETWEEN 2411584 AND 2411683
	Aggregate  (cost=384.51..384.52 rows=1 width=8)
	  ->  Index Scan using sbtest5_pkey on sbtest5  (cost=0.43..384.27 rows=97 width=4)
	        Index Cond: ((id >= 2411584) AND (id <= 2411683))

table 6 : explain SELECT SUM(k) FROM sbtest6 WHERE id BETWEEN 2547226 AND 2547325
	Aggregate  (cost=373.51..373.52 rows=1 width=8)
	  ->  Index Scan using sbtest6_pkey on sbtest6  (cost=0.43..373.27 rows=94 width=4)
	        Index Cond: ((id >= 2547226) AND (id <= 2547325))

table 7 : explain SELECT SUM(k) FROM sbtest7 WHERE id BETWEEN 2826863 AND 2826962
	Aggregate  (cost=384.48..384.49 rows=1 width=8)
	  ->  Index Scan using sbtest7_pkey on sbtest7  (cost=0.43..384.23 rows=97 width=4)
	        Index Cond: ((id >= 2826863) AND (id <= 2826962))

table 8 : explain SELECT SUM(k) FROM sbtest8 WHERE id BETWEEN 403870 AND 403969
	Aggregate  (cost=380.73..380.74 rows=1 width=8)
	  ->  Index Scan using sbtest8_pkey on sbtest8  (cost=0.43..380.49 rows=96 width=4)
	        Index Cond: ((id >= 403870) AND (id <= 403969))

for: simple_ranges
table 1 : explain SELECT c FROM sbtest1 WHERE id BETWEEN 5389171 AND 5389270
	Index Scan using sbtest1_pkey on sbtest1  (cost=0.43..416.57 rows=105 width=121)
	  Index Cond: ((id >= 5389171) AND (id <= 5389270))

table 2 : explain SELECT c FROM sbtest2 WHERE id BETWEEN 8080686 AND 8080785
	Index Scan using sbtest2_pkey on sbtest2  (cost=0.43..403.70 rows=102 width=121)
	  Index Cond: ((id >= 8080686) AND (id <= 8080785))

table 3 : explain SELECT c FROM sbtest3 WHERE id BETWEEN 5363809 AND 5363908
	Index Scan using sbtest3_pkey on sbtest3  (cost=0.43..373.56 rows=94 width=121)
	  Index Cond: ((id >= 5363809) AND (id <= 5363908))

table 4 : explain SELECT c FROM sbtest4 WHERE id BETWEEN 3493691 AND 3493790
	Index Scan using sbtest4_pkey on sbtest4  (cost=0.43..383.66 rows=97 width=121)
	  Index Cond: ((id >= 3493691) AND (id <= 3493790))

table 5 : explain SELECT c FROM sbtest5 WHERE id BETWEEN 7414559 AND 7414658
	Index Scan using sbtest5_pkey on sbtest5  (cost=0.43..364.68 rows=92 width=121)
	  Index Cond: ((id >= 7414559) AND (id <= 7414658))

table 6 : explain SELECT c FROM sbtest6 WHERE id BETWEEN 1466803 AND 1466902
	Index Scan using sbtest6_pkey on sbtest6  (cost=0.43..404.67 rows=102 width=121)
	  Index Cond: ((id >= 1466803) AND (id <= 1466902))

table 7 : explain SELECT c FROM sbtest7 WHERE id BETWEEN 9297706 AND 9297805
	Index Scan using sbtest7_pkey on sbtest7  (cost=0.43..368.55 rows=93 width=121)
	  Index Cond: ((id >= 9297706) AND (id <= 9297805))

table 8 : explain SELECT c FROM sbtest8 WHERE id BETWEEN 4280627 AND 4280726
	Index Scan using sbtest8_pkey on sbtest8  (cost=0.43..404.01 rows=102 width=121)
	  Index Cond: ((id >= 4280627) AND (id <= 4280726))

explain: for point_selects :: explain SELECT c FROM sbtest%u WHERE id=%u
for point_selects
table 1 : explain SELECT c FROM sbtest1 WHERE id=5417080
	Index Scan using sbtest1_pkey on sbtest1  (cost=0.43..8.45 rows=1 width=121)
	  Index Cond: (id = 5417080)

table 2 : explain SELECT c FROM sbtest2 WHERE id=6059827
	Index Scan using sbtest2_pkey on sbtest2  (cost=0.43..8.45 rows=1 width=121)
	  Index Cond: (id = 6059827)

table 3 : explain SELECT c FROM sbtest3 WHERE id=7331348
	Index Scan using sbtest3_pkey on sbtest3  (cost=0.43..8.45 rows=1 width=121)
	  Index Cond: (id = 7331348)

table 4 : explain SELECT c FROM sbtest4 WHERE id=6055093
	Index Scan using sbtest4_pkey on sbtest4  (cost=0.43..8.45 rows=1 width=121)
	  Index Cond: (id = 6055093)

table 5 : explain SELECT c FROM sbtest5 WHERE id=1337535
	Index Scan using sbtest5_pkey on sbtest5  (cost=0.43..8.45 rows=1 width=121)
	  Index Cond: (id = 1337535)

table 6 : explain SELECT c FROM sbtest6 WHERE id=4192728
	Index Scan using sbtest6_pkey on sbtest6  (cost=0.43..8.45 rows=1 width=121)
	  Index Cond: (id = 4192728)

table 7 : explain SELECT c FROM sbtest7 WHERE id=1259382
	Index Scan using sbtest7_pkey on sbtest7  (cost=0.43..8.45 rows=1 width=121)
	  Index Cond: (id = 1259382)

table 8 : explain SELECT c FROM sbtest8 WHERE id=6679538
	Index Scan using sbtest8_pkey on sbtest8  (cost=0.43..8.45 rows=1 width=121)
	  Index Cond: (id = 6679538)

for point_selects
table 1 : explain SELECT c FROM sbtest1 WHERE id=6299542
	Index Scan using sbtest1_pkey on sbtest1  (cost=0.43..8.45 rows=1 width=121)
	  Index Cond: (id = 6299542)

table 2 : explain SELECT c FROM sbtest2 WHERE id=9256342
	Index Scan using sbtest2_pkey on sbtest2  (cost=0.43..8.45 rows=1 width=121)
	  Index Cond: (id = 9256342)

table 3 : explain SELECT c FROM sbtest3 WHERE id=6516580
	Index Scan using sbtest3_pkey on sbtest3  (cost=0.43..8.45 rows=1 width=121)
	  Index Cond: (id = 6516580)

table 4 : explain SELECT c FROM sbtest4 WHERE id=8635523
	Index Scan using sbtest4_pkey on sbtest4  (cost=0.43..8.45 rows=1 width=121)
	  Index Cond: (id = 8635523)

table 5 : explain SELECT c FROM sbtest5 WHERE id=9288255
	Index Scan using sbtest5_pkey on sbtest5  (cost=0.43..8.45 rows=1 width=121)
	  Index Cond: (id = 9288255)

table 6 : explain SELECT c FROM sbtest6 WHERE id=4967373
	Index Scan using sbtest6_pkey on sbtest6  (cost=0.43..8.45 rows=1 width=121)
	  Index Cond: (id = 4967373)

table 7 : explain SELECT c FROM sbtest7 WHERE id=171186
	Index Scan using sbtest7_pkey on sbtest7  (cost=0.43..8.45 rows=1 width=121)
	  Index Cond: (id = 171186)

table 8 : explain SELECT c FROM sbtest8 WHERE id=4774708
	Index Scan using sbtest8_pkey on sbtest8  (cost=0.43..8.45 rows=1 width=121)
	  Index Cond: (id = 4774708)

for point_selects
table 1 : explain SELECT c FROM sbtest1 WHERE id=6710797
	Index Scan using sbtest1_pkey on sbtest1  (cost=0.43..8.45 rows=1 width=121)
	  Index Cond: (id = 6710797)

table 2 : explain SELECT c FROM sbtest2 WHERE id=9254074
	Index Scan using sbtest2_pkey on sbtest2  (cost=0.43..8.45 rows=1 width=121)
	  Index Cond: (id = 9254074)

table 3 : explain SELECT c FROM sbtest3 WHERE id=8118137
	Index Scan using sbtest3_pkey on sbtest3  (cost=0.43..8.45 rows=1 width=121)
	  Index Cond: (id = 8118137)

table 4 : explain SELECT c FROM sbtest4 WHERE id=120674
	Index Scan using sbtest4_pkey on sbtest4  (cost=0.43..8.45 rows=1 width=121)
	  Index Cond: (id = 120674)

table 5 : explain SELECT c FROM sbtest5 WHERE id=2365108
	Index Scan using sbtest5_pkey on sbtest5  (cost=0.43..8.45 rows=1 width=121)
	  Index Cond: (id = 2365108)

table 6 : explain SELECT c FROM sbtest6 WHERE id=6540091
	Index Scan using sbtest6_pkey on sbtest6  (cost=0.43..8.45 rows=1 width=121)
	  Index Cond: (id = 6540091)

table 7 : explain SELECT c FROM sbtest7 WHERE id=604450
	Index Scan using sbtest7_pkey on sbtest7  (cost=0.43..8.45 rows=1 width=121)
	  Index Cond: (id = 604450)

table 8 : explain SELECT c FROM sbtest8 WHERE id=5752433
	Index Scan using sbtest8_pkey on sbtest8  (cost=0.43..8.45 rows=1 width=121)
	  Index Cond: (id = 5752433)

for point_selects
table 1 : explain SELECT c FROM sbtest1 WHERE id=4230553
	Index Scan using sbtest1_pkey on sbtest1  (cost=0.43..8.45 rows=1 width=121)
	  Index Cond: (id = 4230553)

table 2 : explain SELECT c FROM sbtest2 WHERE id=8587092
	Index Scan using sbtest2_pkey on sbtest2  (cost=0.43..8.45 rows=1 width=121)
	  Index Cond: (id = 8587092)

table 3 : explain SELECT c FROM sbtest3 WHERE id=9109057
	Index Scan using sbtest3_pkey on sbtest3  (cost=0.43..8.45 rows=1 width=121)
	  Index Cond: (id = 9109057)

table 4 : explain SELECT c FROM sbtest4 WHERE id=1780522
	Index Scan using sbtest4_pkey on sbtest4  (cost=0.43..8.45 rows=1 width=121)
	  Index Cond: (id = 1780522)

table 5 : explain SELECT c FROM sbtest5 WHERE id=8284360
	Index Scan using sbtest5_pkey on sbtest5  (cost=0.43..8.45 rows=1 width=121)
	  Index Cond: (id = 8284360)

table 6 : explain SELECT c FROM sbtest6 WHERE id=5961180
	Index Scan using sbtest6_pkey on sbtest6  (cost=0.43..8.45 rows=1 width=121)
	  Index Cond: (id = 5961180)

table 7 : explain SELECT c FROM sbtest7 WHERE id=8795118
	Index Scan using sbtest7_pkey on sbtest7  (cost=0.43..8.45 rows=1 width=121)
	  Index Cond: (id = 8795118)

table 8 : explain SELECT c FROM sbtest8 WHERE id=5160705
	Index Scan using sbtest8_pkey on sbtest8  (cost=0.43..8.45 rows=1 width=121)
	  Index Cond: (id = 5160705)

explain: for point_selects :: explain SELECT c FROM sbtest%u WHERE id=%u
explain: for point_selects :: explain SELECT c FROM sbtest%u WHERE id=%u
explain: for point_selects :: explain SELECT c FROM sbtest%u WHERE id=%u
for: simple_ranges
table 1 : explain SELECT c FROM sbtest1 WHERE id BETWEEN 8009883 AND 8009982
	Index Scan using sbtest1_pkey on sbtest1  (cost=0.43..400.87 rows=101 width=121)
	  Index Cond: ((id >= 8009883) AND (id <= 8009982))

table 2 : explain SELECT c FROM sbtest2 WHERE id BETWEEN 5305193 AND 5305292
	Index Scan using sbtest2_pkey on sbtest2  (cost=0.43..403.70 rows=102 width=121)
	  Index Cond: ((id >= 5305193) AND (id <= 5305292))

table 3 : explain SELECT c FROM sbtest3 WHERE id BETWEEN 3497218 AND 3497317
	Index Scan using sbtest3_pkey on sbtest3  (cost=0.43..365.71 rows=92 width=121)
	  Index Cond: ((id >= 3497218) AND (id <= 3497317))

table 4 : explain SELECT c FROM sbtest4 WHERE id BETWEEN 3558292 AND 3558391
	Index Scan using sbtest4_pkey on sbtest4  (cost=0.43..434.48 rows=110 width=121)
	  Index Cond: ((id >= 3558292) AND (id <= 3558391))

table 5 : explain SELECT c FROM sbtest5 WHERE id BETWEEN 9359391 AND 9359490
	Index Scan using sbtest5_pkey on sbtest5  (cost=0.43..392.10 rows=99 width=121)
	  Index Cond: ((id >= 9359391) AND (id <= 9359490))

table 6 : explain SELECT c FROM sbtest6 WHERE id BETWEEN 2514452 AND 2514551
	Index Scan using sbtest6_pkey on sbtest6  (cost=0.43..373.27 rows=94 width=121)
	  Index Cond: ((id >= 2514452) AND (id <= 2514551))

table 7 : explain SELECT c FROM sbtest7 WHERE id BETWEEN 3078071 AND 3078170
	Index Scan using sbtest7_pkey on sbtest7  (cost=0.43..380.32 rows=96 width=121)
	  Index Cond: ((id >= 3078071) AND (id <= 3078170))

table 8 : explain SELECT c FROM sbtest8 WHERE id BETWEEN 5366845 AND 5366944
	Index Scan using sbtest8_pkey on sbtest8  (cost=0.43..431.42 rows=109 width=121)
	  Index Cond: ((id >= 5366845) AND (id <= 5366944))

for point_selects
table 1 : explain SELECT c FROM sbtest1 WHERE id=1532568
	Index Scan using sbtest1_pkey on sbtest1  (cost=0.43..8.45 rows=1 width=121)
	  Index Cond: (id = 1532568)

table 2 : explain SELECT c FROM sbtest2 WHERE id=6261623
	Index Scan using sbtest2_pkey on sbtest2  (cost=0.43..8.45 rows=1 width=121)
	  Index Cond: (id = 6261623)

table 3 : explain SELECT c FROM sbtest3 WHERE id=9579681
	Index Scan using sbtest3_pkey on sbtest3  (cost=0.43..8.45 rows=1 width=121)
	  Index Cond: (id = 9579681)

table 4 : explain SELECT c FROM sbtest4 WHERE id=9446511
	Index Scan using sbtest4_pkey on sbtest4  (cost=0.43..8.45 rows=1 width=121)
	  Index Cond: (id = 9446511)

table 5 : explain SELECT c FROM sbtest5 WHERE id=7671745
	Index Scan using sbtest5_pkey on sbtest5  (cost=0.43..8.45 rows=1 width=121)
	  Index Cond: (id = 7671745)

table 6 : explain SELECT c FROM sbtest6 WHERE id=7903705
	Index Scan using sbtest6_pkey on sbtest6  (cost=0.43..8.45 rows=1 width=121)
	  Index Cond: (id = 7903705)

table 7 : explain SELECT c FROM sbtest7 WHERE id=5883517
	Index Scan using sbtest7_pkey on sbtest7  (cost=0.43..8.45 rows=1 width=121)
	  Index Cond: (id = 5883517)

table 8 : explain SELECT c FROM sbtest8 WHERE id=1017813
	Index Scan using sbtest8_pkey on sbtest8  (cost=0.43..8.45 rows=1 width=121)
	  Index Cond: (id = 1017813)

for: simple_ranges
table 1 : explain SELECT c FROM sbtest1 WHERE id BETWEEN 5688296 AND 5688395
	Index Scan using sbtest1_pkey on sbtest1  (cost=0.43..381.26 rows=96 width=121)
	  Index Cond: ((id >= 5688296) AND (id <= 5688395))

table 2 : explain SELECT c FROM sbtest2 WHERE id BETWEEN 8182597 AND 8182696
	Index Scan using sbtest2_pkey on sbtest2  (cost=0.43..407.61 rows=103 width=121)
	  Index Cond: ((id >= 8182597) AND (id <= 8182696))

table 3 : explain SELECT c FROM sbtest3 WHERE id BETWEEN 3025742 AND 3025841
	Index Scan using sbtest3_pkey on sbtest3  (cost=0.43..397.14 rows=100 width=121)
	  Index Cond: ((id >= 3025742) AND (id <= 3025841))

table 4 : explain SELECT c FROM sbtest4 WHERE id BETWEEN 8798500 AND 8798599
	Index Scan using sbtest4_pkey on sbtest4  (cost=0.43..375.84 rows=95 width=121)
	  Index Cond: ((id >= 8798500) AND (id <= 8798599))

table 5 : explain SELECT c FROM sbtest5 WHERE id BETWEEN 4865669 AND 4865768
	Index Scan using sbtest5_pkey on sbtest5  (cost=0.43..396.01 rows=100 width=121)
	  Index Cond: ((id >= 4865669) AND (id <= 4865768))

table 6 : explain SELECT c FROM sbtest6 WHERE id BETWEEN 4415040 AND 4415139
	Index Scan using sbtest6_pkey on sbtest6  (cost=0.43..408.59 rows=103 width=121)
	  Index Cond: ((id >= 4415040) AND (id <= 4415139))

table 7 : explain SELECT c FROM sbtest7 WHERE id BETWEEN 6285532 AND 6285631
	Index Scan using sbtest7_pkey on sbtest7  (cost=0.43..399.89 rows=101 width=121)
	  Index Cond: ((id >= 6285532) AND (id <= 6285631))

table 8 : explain SELECT c FROM sbtest8 WHERE id BETWEEN 6389256 AND 6389355
	Index Scan using sbtest8_pkey on sbtest8  (cost=0.43..435.33 rows=110 width=121)
	  Index Cond: ((id >= 6389256) AND (id <= 6389355))

for: order_ranges
table 1 : explain SELECT c FROM sbtest1 WHERE id BETWEEN 9779145 AND 9779244 ORDER BY c
	Sort  (cost=431.99..432.26 rows=108 width=121)
	  Sort Key: c
	  ->  Index Scan using sbtest1_pkey on sbtest1  (cost=0.43..428.34 rows=108 width=121)
	        Index Cond: ((id >= 9779145) AND (id <= 9779244))

table 2 : explain SELECT c FROM sbtest2 WHERE id BETWEEN 9692974 AND 9693073 ORDER BY c
	Sort  (cost=387.31..387.55 rows=97 width=121)
	  Sort Key: c
	  ->  Index Scan using sbtest2_pkey on sbtest2  (cost=0.43..384.11 rows=97 width=121)
	        Index Cond: ((id >= 9692974) AND (id <= 9693073))

table 3 : explain SELECT c FROM sbtest3 WHERE id BETWEEN 94666 AND 94765 ORDER BY c
	Sort  (cost=388.54..388.78 rows=97 width=121)
	  Sort Key: c
	  ->  Index Scan using sbtest3_pkey on sbtest3  (cost=0.43..385.34 rows=97 width=121)
	        Index Cond: ((id >= 94666) AND (id <= 94765))

table 4 : explain SELECT c FROM sbtest4 WHERE id BETWEEN 8905552 AND 8905651 ORDER BY c
	Sort  (cost=371.07..371.30 rows=93 width=121)
	  Sort Key: c
	  ->  Index Scan using sbtest4_pkey on sbtest4  (cost=0.43..368.03 rows=93 width=121)
	        Index Cond: ((id >= 8905552) AND (id <= 8905651))

table 5 : explain SELECT c FROM sbtest5 WHERE id BETWEEN 2577358 AND 2577457 ORDER BY c
	Sort  (cost=450.75..451.03 rows=113 width=121)
	  Sort Key: c
	  ->  Index Scan using sbtest5_pkey on sbtest5  (cost=0.43..446.90 rows=113 width=121)
	        Index Cond: ((id >= 2577358) AND (id <= 2577457))

table 6 : explain SELECT c FROM sbtest6 WHERE id BETWEEN 7353351 AND 7353450 ORDER BY c
	Sort  (cost=360.50..360.73 rows=90 width=121)
	  Sort Key: c
	  ->  Index Scan using sbtest6_pkey on sbtest6  (cost=0.43..357.58 rows=90 width=121)
	        Index Cond: ((id >= 7353351) AND (id <= 7353450))

table 7 : explain SELECT c FROM sbtest7 WHERE id BETWEEN 6384014 AND 6384113 ORDER BY c
	Sort  (cost=399.30..399.55 rows=100 width=121)
	  Sort Key: c
	  ->  Index Scan using sbtest7_pkey on sbtest7  (cost=0.43..395.98 rows=100 width=121)
	        Index Cond: ((id >= 6384014) AND (id <= 6384113))

table 8 : explain SELECT c FROM sbtest8 WHERE id BETWEEN 9479919 AND 9480018 ORDER BY c
	Sort  (cost=431.15..431.42 rows=108 width=121)
	  Sort Key: c
	  ->  Index Scan using sbtest8_pkey on sbtest8  (cost=0.43..427.50 rows=108 width=121)
	        Index Cond: ((id >= 9479919) AND (id <= 9480018))

explain: for point_selects :: explain SELECT c FROM sbtest%u WHERE id=%u
for: order_ranges
table 1 : explain SELECT c FROM sbtest1 WHERE id BETWEEN 7629429 AND 7629528 ORDER BY c
	Sort  (cost=396.31..396.56 rows=99 width=121)
	  Sort Key: c
	  ->  Index Scan using sbtest1_pkey on sbtest1  (cost=0.43..393.03 rows=99 width=121)
	        Index Cond: ((id >= 7629429) AND (id <= 7629528))

table 2 : explain SELECT c FROM sbtest2 WHERE id BETWEEN 4295995 AND 4296094 ORDER BY c
	Sort  (cost=375.45..375.68 rows=94 width=121)
	  Sort Key: c
	  ->  Index Scan using sbtest2_pkey on sbtest2  (cost=0.43..372.37 rows=94 width=121)
	        Index Cond: ((id >= 4295995) AND (id <= 4296094))

table 3 : explain SELECT c FROM sbtest3 WHERE id BETWEEN 6881326 AND 6881425 ORDER BY c
	Sort  (cost=396.47..396.72 rows=99 width=121)
	  Sort Key: c
	  ->  Index Scan using sbtest3_pkey on sbtest3  (cost=0.43..393.19 rows=99 width=121)
	        Index Cond: ((id >= 6881326) AND (id <= 6881425))

table 4 : explain SELECT c FROM sbtest4 WHERE id BETWEEN 1980848 AND 1980947 ORDER BY c
	Sort  (cost=351.33..351.55 rows=88 width=121)
	  Sort Key: c
	  ->  Index Scan using sbtest4_pkey on sbtest4  (cost=0.43..348.49 rows=88 width=121)
	        Index Cond: ((id >= 1980848) AND (id <= 1980947))

table 5 : explain SELECT c FROM sbtest5 WHERE id BETWEEN 8366628 AND 8366727 ORDER BY c
	Sort  (cost=399.34..399.59 rows=100 width=121)
	  Sort Key: c
	  ->  Index Scan using sbtest5_pkey on sbtest5  (cost=0.43..396.01 rows=100 width=121)
	        Index Cond: ((id >= 8366628) AND (id <= 8366727))

table 6 : explain SELECT c FROM sbtest6 WHERE id BETWEEN 5530802 AND 5530901 ORDER BY c
	Sort  (cost=419.96..420.23 rows=105 width=121)
	  Sort Key: c
	  ->  Index Scan using sbtest6_pkey on sbtest6  (cost=0.43..416.44 rows=105 width=121)
	        Index Cond: ((id >= 5530802) AND (id <= 5530901))

table 7 : explain SELECT c FROM sbtest7 WHERE id BETWEEN 6441894 AND 6441993 ORDER BY c
	Sort  (cost=454.66..454.94 rows=114 width=121)
	  Sort Key: c
	  ->  Index Scan using sbtest7_pkey on sbtest7  (cost=0.43..450.76 rows=114 width=121)
	        Index Cond: ((id >= 6441894) AND (id <= 6441993))

table 8 : explain SELECT c FROM sbtest8 WHERE id BETWEEN 3852221 AND 3852320 ORDER BY c
	Sort  (cost=423.24..423.50 rows=106 width=121)
	  Sort Key: c
	  ->  Index Scan using sbtest8_pkey on sbtest8  (cost=0.43..419.67 rows=106 width=121)
	        Index Cond: ((id >= 3852221) AND (id <= 3852320))

for: order_ranges
table 1 : explain SELECT c FROM sbtest1 WHERE id BETWEEN 1942354 AND 1942453 ORDER BY c
	Sort  (cost=412.16..412.42 rows=103 width=121)
	  Sort Key: c
	  ->  Index Scan using sbtest1_pkey on sbtest1  (cost=0.43..408.72 rows=103 width=121)
	        Index Cond: ((id >= 1942354) AND (id <= 1942453))

table 2 : explain SELECT c FROM sbtest2 WHERE id BETWEEN 6984358 AND 6984457 ORDER BY c
	Sort  (cost=418.96..419.22 rows=105 width=121)
	  Sort Key: c
	  ->  Index Scan using sbtest2_pkey on sbtest2  (cost=0.43..415.43 rows=105 width=121)
	        Index Cond: ((id >= 6984358) AND (id <= 6984457))

table 3 : explain SELECT c FROM sbtest3 WHERE id BETWEEN 1162748 AND 1162847 ORDER BY c
	Sort  (cost=424.25..424.52 rows=106 width=121)
	  Sort Key: c
	  ->  Index Scan using sbtest3_pkey on sbtest3  (cost=0.43..420.69 rows=106 width=121)
	        Index Cond: ((id >= 1162748) AND (id <= 1162847))

table 4 : explain SELECT c FROM sbtest4 WHERE id BETWEEN 6793192 AND 6793291 ORDER BY c
	Sort  (cost=398.73..398.98 rows=100 width=121)
	  Sort Key: c
	  ->  Index Scan using sbtest4_pkey on sbtest4  (cost=0.43..395.41 rows=100 width=121)
	        Index Cond: ((id >= 6793192) AND (id <= 6793291))

table 5 : explain SELECT c FROM sbtest5 WHERE id BETWEEN 8668003 AND 8668102 ORDER BY c
	Sort  (cost=399.34..399.59 rows=100 width=121)
	  Sort Key: c
	  ->  Index Scan using sbtest5_pkey on sbtest5  (cost=0.43..396.01 rows=100 width=121)
	        Index Cond: ((id >= 8668003) AND (id <= 8668102))

table 6 : explain SELECT c FROM sbtest6 WHERE id BETWEEN 415297 AND 415396 ORDER BY c
	Sort  (cost=352.58..352.80 rows=88 width=121)
	  Sort Key: c
	  ->  Index Scan using sbtest6_pkey on sbtest6  (cost=0.43..349.74 rows=88 width=121)
	        Index Cond: ((id >= 415297) AND (id <= 415396))

table 7 : explain SELECT c FROM sbtest7 WHERE id BETWEEN 5270156 AND 5270255 ORDER BY c
	Sort  (cost=375.55..375.78 rows=94 width=121)
	  Sort Key: c
	  ->  Index Scan using sbtest7_pkey on sbtest7  (cost=0.43..372.47 rows=94 width=121)
	        Index Cond: ((id >= 5270156) AND (id <= 5270255))

table 8 : explain SELECT c FROM sbtest8 WHERE id BETWEEN 8533910 AND 8534009 ORDER BY c
	Sort  (cost=387.63..387.87 rows=97 width=121)
	  Sort Key: c
	  ->  Index Scan using sbtest8_pkey on sbtest8  (cost=0.43..384.43 rows=97 width=121)
	        Index Cond: ((id >= 8533910) AND (id <= 8534009))

for: simple_ranges
table 1 : explain SELECT c FROM sbtest1 WHERE id BETWEEN 5405574 AND 5405673
	Index Scan using sbtest1_pkey on sbtest1  (cost=0.43..416.57 rows=105 width=121)
	  Index Cond: ((id >= 5405574) AND (id <= 5405673))

table 2 : explain SELECT c FROM sbtest2 WHERE id BETWEEN 6770626 AND 6770725
	Index Scan using sbtest2_pkey on sbtest2  (cost=0.43..380.19 rows=96 width=121)
	  Index Cond: ((id >= 6770626) AND (id <= 6770725))

table 3 : explain SELECT c FROM sbtest3 WHERE id BETWEEN 8816078 AND 8816177
	Index Scan using sbtest3_pkey on sbtest3  (cost=0.43..401.06 rows=101 width=121)
	  Index Cond: ((id >= 8816078) AND (id <= 8816177))

table 4 : explain SELECT c FROM sbtest4 WHERE id BETWEEN 2781100 AND 2781199
	Index Scan using sbtest4_pkey on sbtest4  (cost=0.43..414.95 rows=105 width=121)
	  Index Cond: ((id >= 2781100) AND (id <= 2781199))

table 5 : explain SELECT c FROM sbtest5 WHERE id BETWEEN 7338431 AND 7338530
	Index Scan using sbtest5_pkey on sbtest5  (cost=0.43..396.01 rows=100 width=121)
	  Index Cond: ((id >= 7338431) AND (id <= 7338530))

table 6 : explain SELECT c FROM sbtest6 WHERE id BETWEEN 2888551 AND 2888650
	Index Scan using sbtest6_pkey on sbtest6  (cost=0.43..408.59 rows=103 width=121)
	  Index Cond: ((id >= 2888551) AND (id <= 2888650))

table 7 : explain SELECT c FROM sbtest7 WHERE id BETWEEN 7859084 AND 7859183
	Index Scan using sbtest7_pkey on sbtest7  (cost=0.43..376.38 rows=95 width=121)
	  Index Cond: ((id >= 7859084) AND (id <= 7859183))

table 8 : explain SELECT c FROM sbtest8 WHERE id BETWEEN 7837157 AND 7837256
	Index Scan using sbtest8_pkey on sbtest8  (cost=0.43..407.92 rows=103 width=121)
	  Index Cond: ((id >= 7837157) AND (id <= 7837256))

explain: for point_selects :: explain SELECT c FROM sbtest%u WHERE id=%u
for: simple_ranges
table 1 : explain SELECT c FROM sbtest1 WHERE id BETWEEN 7830447 AND 7830546
	Index Scan using sbtest1_pkey on sbtest1  (cost=0.43..393.03 rows=99 width=121)
	  Index Cond: ((id >= 7830447) AND (id <= 7830546))

table 2 : explain SELECT c FROM sbtest2 WHERE id BETWEEN 7847601 AND 7847700
	Index Scan using sbtest2_pkey on sbtest2  (cost=0.43..364.54 rows=92 width=121)
	  Index Cond: ((id >= 7847601) AND (id <= 7847700))

table 3 : explain SELECT c FROM sbtest3 WHERE id BETWEEN 7165407 AND 7165506
	Index Scan using sbtest3_pkey on sbtest3  (cost=0.43..389.26 rows=98 width=121)
	  Index Cond: ((id >= 7165407) AND (id <= 7165506))

table 4 : explain SELECT c FROM sbtest4 WHERE id BETWEEN 5999381 AND 5999480
	Index Scan using sbtest4_pkey on sbtest4  (cost=0.43..368.03 rows=93 width=121)
	  Index Cond: ((id >= 5999381) AND (id <= 5999480))

table 5 : explain SELECT c FROM sbtest5 WHERE id BETWEEN 776608 AND 776707
	Index Scan using sbtest5_pkey on sbtest5  (cost=0.43..380.36 rows=96 width=121)
	  Index Cond: ((id >= 776608) AND (id <= 776707))

table 6 : explain SELECT c FROM sbtest6 WHERE id BETWEEN 9355963 AND 9356062
	Index Scan using sbtest6_pkey on sbtest6  (cost=0.43..385.06 rows=97 width=121)
	  Index Cond: ((id >= 9355963) AND (id <= 9356062))

table 7 : explain SELECT c FROM sbtest7 WHERE id BETWEEN 9655242 AND 9655341
	Index Scan using sbtest7_pkey on sbtest7  (cost=0.43..384.23 rows=97 width=121)
	  Index Cond: ((id >= 9655242) AND (id <= 9655341))

table 8 : explain SELECT c FROM sbtest8 WHERE id BETWEEN 6600515 AND 6600614
	Index Scan using sbtest8_pkey on sbtest8  (cost=0.43..423.59 rows=107 width=121)
	  Index Cond: ((id >= 6600515) AND (id <= 6600614))

for: order_ranges
table 1 : explain SELECT c FROM sbtest1 WHERE id BETWEEN 5068690 AND 5068789 ORDER BY c
	Sort  (cost=435.95..436.22 rows=109 width=121)
	  Sort Key: c
	  ->  Index Scan using sbtest1_pkey on sbtest1  (cost=0.43..432.26 rows=109 width=121)
	        Index Cond: ((id >= 5068690) AND (id <= 5068789))

table 2 : explain SELECT c FROM sbtest2 WHERE id BETWEEN 464115 AND 464214 ORDER BY c
	Sort  (cost=411.05..411.31 rows=103 width=121)
	  Sort Key: c
	  ->  Index Scan using sbtest2_pkey on sbtest2  (cost=0.43..407.61 rows=103 width=121)
	        Index Cond: ((id >= 464115) AND (id <= 464214))

table 3 : explain SELECT c FROM sbtest3 WHERE id BETWEEN 1733165 AND 1733264 ORDER BY c
	Sort  (cost=376.64..376.88 rows=94 width=121)
	  Sort Key: c
	  ->  Index Scan using sbtest3_pkey on sbtest3  (cost=0.43..373.56 rows=94 width=121)
	        Index Cond: ((id >= 1733165) AND (id <= 1733264))

table 4 : explain SELECT c FROM sbtest4 WHERE id BETWEEN 7887120 AND 7887219 ORDER BY c
	Sort  (cost=382.91..383.15 rows=96 width=121)
	  Sort Key: c
	  ->  Index Scan using sbtest4_pkey on sbtest4  (cost=0.43..379.75 rows=96 width=121)
	        Index Cond: ((id >= 7887120) AND (id <= 7887219))

table 5 : explain SELECT c FROM sbtest5 WHERE id BETWEEN 6298483 AND 6298582 ORDER BY c
	Sort  (cost=395.38..395.63 rows=99 width=121)
	  Sort Key: c
	  ->  Index Scan using sbtest5_pkey on sbtest5  (cost=0.43..392.10 rows=99 width=121)
	        Index Cond: ((id >= 6298483) AND (id <= 6298582))

table 6 : explain SELECT c FROM sbtest6 WHERE id BETWEEN 3284530 AND 3284629 ORDER BY c
	Sort  (cost=376.35..376.59 rows=94 width=121)
	  Sort Key: c
	  ->  Index Scan using sbtest6_pkey on sbtest6  (cost=0.43..373.27 rows=94 width=121)
	        Index Cond: ((id >= 3284530) AND (id <= 3284629))

table 7 : explain SELECT c FROM sbtest7 WHERE id BETWEEN 5972625 AND 5972724 ORDER BY c
	Sort  (cost=423.02..423.29 rows=106 width=121)
	  Sort Key: c
	  ->  Index Scan using sbtest7_pkey on sbtest7  (cost=0.43..419.46 rows=106 width=121)
	        Index Cond: ((id >= 5972625) AND (id <= 5972724))

table 8 : explain SELECT c FROM sbtest8 WHERE id BETWEEN 6360125 AND 6360224 ORDER BY c
	Sort  (cost=439.06..439.34 rows=110 width=121)
	  Sort Key: c
	  ->  Index Scan using sbtest8_pkey on sbtest8  (cost=0.43..435.33 rows=110 width=121)
	        Index Cond: ((id >= 6360125) AND (id <= 6360224))

for point_selects
table 1 : explain SELECT c FROM sbtest1 WHERE id=6153801
	Index Scan using sbtest1_pkey on sbtest1  (cost=0.43..8.45 rows=1 width=121)
	  Index Cond: (id = 6153801)

table 2 : explain SELECT c FROM sbtest2 WHERE id=1220853
	Index Scan using sbtest2_pkey on sbtest2  (cost=0.43..8.45 rows=1 width=121)
	  Index Cond: (id = 1220853)

table 3 : explain SELECT c FROM sbtest3 WHERE id=2835086
	Index Scan using sbtest3_pkey on sbtest3  (cost=0.43..8.45 rows=1 width=121)
	  Index Cond: (id = 2835086)

table 4 : explain SELECT c FROM sbtest4 WHERE id=3168842
	Index Scan using sbtest4_pkey on sbtest4  (cost=0.43..8.45 rows=1 width=121)
	  Index Cond: (id = 3168842)

table 5 : explain SELECT c FROM sbtest5 WHERE id=8969847
	Index Scan using sbtest5_pkey on sbtest5  (cost=0.43..8.45 rows=1 width=121)
	  Index Cond: (id = 8969847)

table 6 : explain SELECT c FROM sbtest6 WHERE id=5117355
	Index Scan using sbtest6_pkey on sbtest6  (cost=0.43..8.45 rows=1 width=121)
	  Index Cond: (id = 5117355)

table 7 : explain SELECT c FROM sbtest7 WHERE id=2660572
	Index Scan using sbtest7_pkey on sbtest7  (cost=0.43..8.45 rows=1 width=121)
	  Index Cond: (id = 2660572)

table 8 : explain SELECT c FROM sbtest8 WHERE id=5787291
	Index Scan using sbtest8_pkey on sbtest8  (cost=0.43..8.45 rows=1 width=121)
	  Index Cond: (id = 5787291)

for: order_ranges
table 1 : explain SELECT c FROM sbtest1 WHERE id BETWEEN 8396055 AND 8396154 ORDER BY c
	Sort  (cost=412.16..412.42 rows=103 width=121)
	  Sort Key: c
	  ->  Index Scan using sbtest1_pkey on sbtest1  (cost=0.43..408.72 rows=103 width=121)
	        Index Cond: ((id >= 8396055) AND (id <= 8396154))

table 2 : explain SELECT c FROM sbtest2 WHERE id BETWEEN 1961199 AND 1961298 ORDER BY c
	Sort  (cost=403.15..403.40 rows=101 width=121)
	  Sort Key: c
	  ->  Index Scan using sbtest2_pkey on sbtest2  (cost=0.43..399.78 rows=101 width=121)
	        Index Cond: ((id >= 1961199) AND (id <= 1961298))

table 3 : explain SELECT c FROM sbtest3 WHERE id BETWEEN 7026163 AND 7026262 ORDER BY c
	Sort  (cost=448.05..448.33 rows=112 width=121)
	  Sort Key: c
	  ->  Index Scan using sbtest3_pkey on sbtest3  (cost=0.43..444.24 rows=112 width=121)
	        Index Cond: ((id >= 7026163) AND (id <= 7026262))

table 4 : explain SELECT c FROM sbtest4 WHERE id BETWEEN 6722874 AND 6722973 ORDER BY c
	Sort  (cost=390.83..391.08 rows=98 width=121)
	  Sort Key: c
	  ->  Index Scan using sbtest4_pkey on sbtest4  (cost=0.43..387.59 rows=98 width=121)
	        Index Cond: ((id >= 6722874) AND (id <= 6722973))

table 5 : explain SELECT c FROM sbtest5 WHERE id BETWEEN 4061464 AND 4061563 ORDER BY c
	Sort  (cost=423.06..423.33 rows=106 width=121)
	  Sort Key: c
	  ->  Index Scan using sbtest5_pkey on sbtest5  (cost=0.43..419.50 rows=106 width=121)
	        Index Cond: ((id >= 4061464) AND (id <= 4061563))

table 6 : explain SELECT c FROM sbtest6 WHERE id BETWEEN 4016280 AND 4016379 ORDER BY c
	Sort  (cost=400.15..400.40 rows=100 width=121)
	  Sort Key: c
	  ->  Index Scan using sbtest6_pkey on sbtest6  (cost=0.43..396.83 rows=100 width=121)
	        Index Cond: ((id >= 4016280) AND (id <= 4016379))

table 7 : explain SELECT c FROM sbtest7 WHERE id BETWEEN 4507045 AND 4507144 ORDER BY c
	Sort  (cost=426.98..427.24 rows=107 width=121)
	  Sort Key: c
	  ->  Index Scan using sbtest7_pkey on sbtest7  (cost=0.43..423.37 rows=107 width=121)
	        Index Cond: ((id >= 4507045) AND (id <= 4507144))

table 8 : explain SELECT c FROM sbtest8 WHERE id BETWEEN 2703787 AND 2703886 ORDER BY c
	Sort  (cost=387.63..387.87 rows=97 width=121)
	  Sort Key: c
	  ->  Index Scan using sbtest8_pkey on sbtest8  (cost=0.43..384.43 rows=97 width=121)
	        Index Cond: ((id >= 2703787) AND (id <= 2703886))

for: order_ranges
table 1 : explain SELECT c FROM sbtest1 WHERE id BETWEEN 4646598 AND 4646697 ORDER BY c
	Sort  (cost=420.09..420.36 rows=105 width=121)
	  Sort Key: c
	  ->  Index Scan using sbtest1_pkey on sbtest1  (cost=0.43..416.57 rows=105 width=121)
	        Index Cond: ((id >= 4646598) AND (id <= 4646697))

table 2 : explain SELECT c FROM sbtest2 WHERE id BETWEEN 1831826 AND 1831925 ORDER BY c
	Sort  (cost=403.15..403.40 rows=101 width=121)
	  Sort Key: c
	  ->  Index Scan using sbtest2_pkey on sbtest2  (cost=0.43..399.78 rows=101 width=121)
	        Index Cond: ((id >= 1831826) AND (id <= 1831925))

table 3 : explain SELECT c FROM sbtest3 WHERE id BETWEEN 1995303 AND 1995402 ORDER BY c
	Sort  (cost=416.32..416.58 rows=104 width=121)
	  Sort Key: c
	  ->  Index Scan using sbtest3_pkey on sbtest3  (cost=0.43..412.84 rows=104 width=121)
	        Index Cond: ((id >= 1995303) AND (id <= 1995402))

table 4 : explain SELECT c FROM sbtest4 WHERE id BETWEEN 4191281 AND 4191380 ORDER BY c
	Sort  (cost=457.96..458.25 rows=115 width=121)
	  Sort Key: c
	  ->  Index Scan using sbtest4_pkey on sbtest4  (cost=0.43..454.02 rows=115 width=121)
	        Index Cond: ((id >= 4191281) AND (id <= 4191380))

table 5 : explain SELECT c FROM sbtest5 WHERE id BETWEEN 8142457 AND 8142556 ORDER BY c
	Sort  (cost=383.49..383.73 rows=96 width=121)
	  Sort Key: c
	  ->  Index Scan using sbtest5_pkey on sbtest5  (cost=0.43..380.33 rows=96 width=121)
	        Index Cond: ((id >= 8142457) AND (id <= 8142556))

table 6 : explain SELECT c FROM sbtest6 WHERE id BETWEEN 7127263 AND 7127362 ORDER BY c
	Sort  (cost=412.04..412.30 rows=103 width=121)
	  Sort Key: c
	  ->  Index Scan using sbtest6_pkey on sbtest6  (cost=0.43..408.59 rows=103 width=121)
	        Index Cond: ((id >= 7127263) AND (id <= 7127362))

table 7 : explain SELECT c FROM sbtest7 WHERE id BETWEEN 2095411 AND 2095510 ORDER BY c
	Sort  (cost=367.64..367.87 rows=92 width=121)
	  Sort Key: c
	  ->  Index Scan using sbtest7_pkey on sbtest7  (cost=0.43..364.64 rows=92 width=121)
	        Index Cond: ((id >= 2095411) AND (id <= 2095510))

table 8 : explain SELECT c FROM sbtest8 WHERE id BETWEEN 1917375 AND 1917474 ORDER BY c
	Sort  (cost=411.37..411.62 rows=103 width=121)
	  Sort Key: c
	  ->  Index Scan using sbtest8_pkey on sbtest8  (cost=0.43..407.92 rows=103 width=121)
	        Index Cond: ((id >= 1917375) AND (id <= 1917474))

for: order_ranges
table 1 : explain SELECT c FROM sbtest1 WHERE id BETWEEN 97436 AND 97535 ORDER BY c
	Sort  (cost=384.42..384.66 rows=96 width=121)
	  Sort Key: c
	  ->  Index Scan using sbtest1_pkey on sbtest1  (cost=0.43..381.26 rows=96 width=121)
	        Index Cond: ((id >= 97436) AND (id <= 97535))

table 2 : explain SELECT c FROM sbtest2 WHERE id BETWEEN 7263615 AND 7263714 ORDER BY c
	Sort  (cost=411.05..411.31 rows=103 width=121)
	  Sort Key: c
	  ->  Index Scan using sbtest2_pkey on sbtest2  (cost=0.43..407.61 rows=103 width=121)
	        Index Cond: ((id >= 7263615) AND (id <= 7263714))

table 3 : explain SELECT c FROM sbtest3 WHERE id BETWEEN 4846099 AND 4846198 ORDER BY c
	Sort  (cost=412.36..412.61 rows=103 width=121)
	  Sort Key: c
	  ->  Index Scan using sbtest3_pkey on sbtest3  (cost=0.43..408.91 rows=103 width=121)
	        Index Cond: ((id >= 4846099) AND (id <= 4846198))

table 4 : explain SELECT c FROM sbtest4 WHERE id BETWEEN 1535629 AND 1535728 ORDER BY c
	Sort  (cost=426.37..426.64 rows=107 width=121)
	  Sort Key: c
	  ->  Index Scan using sbtest4_pkey on sbtest4  (cost=0.43..422.76 rows=107 width=121)
	        Index Cond: ((id >= 1535629) AND (id <= 1535728))

table 5 : explain SELECT c FROM sbtest5 WHERE id BETWEEN 7691867 AND 7691966 ORDER BY c
	Sort  (cost=407.24..407.50 rows=102 width=121)
	  Sort Key: c
	  ->  Index Scan using sbtest5_pkey on sbtest5  (cost=0.43..403.84 rows=102 width=121)
	        Index Cond: ((id >= 7691867) AND (id <= 7691966))

table 6 : explain SELECT c FROM sbtest6 WHERE id BETWEEN 8015634 AND 8015733 ORDER BY c
	Sort  (cost=384.28..384.52 rows=96 width=121)
	  Sort Key: c
	  ->  Index Scan using sbtest6_pkey on sbtest6  (cost=0.43..381.11 rows=96 width=121)
	        Index Cond: ((id >= 8015634) AND (id <= 8015733))

table 7 : explain SELECT c FROM sbtest7 WHERE id BETWEEN 4481640 AND 4481739 ORDER BY c
	Sort  (cost=399.30..399.55 rows=100 width=121)
	  Sort Key: c
	  ->  Index Scan using sbtest7_pkey on sbtest7  (cost=0.43..395.98 rows=100 width=121)
	        Index Cond: ((id >= 4481640) AND (id <= 4481739))

table 8 : explain SELECT c FROM sbtest8 WHERE id BETWEEN 4523396 AND 4523495 ORDER BY c
	Sort  (cost=395.54..395.79 rows=99 width=121)
	  Sort Key: c
	  ->  Index Scan using sbtest8_pkey on sbtest8  (cost=0.43..392.26 rows=99 width=121)
	        Index Cond: ((id >= 4523396) AND (id <= 4523495))

for point_selects
table 1 : explain SELECT c FROM sbtest1 WHERE id=5951332
	Index Scan using sbtest1_pkey on sbtest1  (cost=0.43..8.45 rows=1 width=121)
	  Index Cond: (id = 5951332)

table 2 : explain SELECT c FROM sbtest2 WHERE id=9127085
	Index Scan using sbtest2_pkey on sbtest2  (cost=0.43..8.45 rows=1 width=121)
	  Index Cond: (id = 9127085)

table 3 : explain SELECT c FROM sbtest3 WHERE id=8740816
	Index Scan using sbtest3_pkey on sbtest3  (cost=0.43..8.45 rows=1 width=121)
	  Index Cond: (id = 8740816)

table 4 : explain SELECT c FROM sbtest4 WHERE id=5303034
	Index Scan using sbtest4_pkey on sbtest4  (cost=0.43..8.45 rows=1 width=121)
	  Index Cond: (id = 5303034)

table 5 : explain SELECT c FROM sbtest5 WHERE id=5895950
	Index Scan using sbtest5_pkey on sbtest5  (cost=0.43..8.45 rows=1 width=121)
	  Index Cond: (id = 5895950)

table 6 : explain SELECT c FROM sbtest6 WHERE id=1714674
	Index Scan using sbtest6_pkey on sbtest6  (cost=0.43..8.45 rows=1 width=121)
	  Index Cond: (id = 1714674)

table 7 : explain SELECT c FROM sbtest7 WHERE id=6895195
	Index Scan using sbtest7_pkey on sbtest7  (cost=0.43..8.45 rows=1 width=121)
	  Index Cond: (id = 6895195)

table 8 : explain SELECT c FROM sbtest8 WHERE id=5293851
	Index Scan using sbtest8_pkey on sbtest8  (cost=0.43..8.45 rows=1 width=121)
	  Index Cond: (id = 5293851)

for: sum_ranges
table 1 : explain SELECT SUM(k) FROM sbtest1 WHERE id BETWEEN 2418044 AND 2418143
	Aggregate  (cost=393.27..393.28 rows=1 width=8)
	  ->  Index Scan using sbtest1_pkey on sbtest1  (cost=0.43..393.03 rows=99 width=4)
	        Index Cond: ((id >= 2418044) AND (id <= 2418143))

table 2 : explain SELECT SUM(k) FROM sbtest2 WHERE id BETWEEN 8461456 AND 8461555
	Aggregate  (cost=376.52..376.53 rows=1 width=8)
	  ->  Index Scan using sbtest2_pkey on sbtest2  (cost=0.43..376.28 rows=95 width=4)
	        Index Cond: ((id >= 8461456) AND (id <= 8461555))

table 3 : explain SELECT SUM(k) FROM sbtest3 WHERE id BETWEEN 1298042 AND 1298141
	Aggregate  (cost=401.31..401.32 rows=1 width=8)
	  ->  Index Scan using sbtest3_pkey on sbtest3  (cost=0.43..401.06 rows=101 width=4)
	        Index Cond: ((id >= 1298042) AND (id <= 1298141))

table 4 : explain SELECT SUM(k) FROM sbtest4 WHERE id BETWEEN 1973758 AND 1973857
	Aggregate  (cost=348.71..348.72 rows=1 width=8)
	  ->  Index Scan using sbtest4_pkey on sbtest4  (cost=0.43..348.49 rows=88 width=4)
	        Index Cond: ((id >= 1973758) AND (id <= 1973857))

table 5 : explain SELECT SUM(k) FROM sbtest5 WHERE id BETWEEN 5635610 AND 5635709
	Aggregate  (cost=376.66..376.67 rows=1 width=8)
	  ->  Index Scan using sbtest5_pkey on sbtest5  (cost=0.43..376.42 rows=95 width=4)
	        Index Cond: ((id >= 5635610) AND (id <= 5635709))

table 6 : explain SELECT SUM(k) FROM sbtest6 WHERE id BETWEEN 4985159 AND 4985258
	Aggregate  (cost=428.48..428.49 rows=1 width=8)
	  ->  Index Scan using sbtest6_pkey on sbtest6  (cost=0.43..428.21 rows=108 width=4)
	        Index Cond: ((id >= 4985159) AND (id <= 4985258))

table 7 : explain SELECT SUM(k) FROM sbtest7 WHERE id BETWEEN 2446491 AND 2446590
	Aggregate  (cost=388.39..388.40 rows=1 width=8)
	  ->  Index Scan using sbtest7_pkey on sbtest7  (cost=0.43..388.15 rows=98 width=4)
	        Index Cond: ((id >= 2446491) AND (id <= 2446590))

table 8 : explain SELECT SUM(k) FROM sbtest8 WHERE id BETWEEN 3916055 AND 3916154
	Aggregate  (cost=400.35..400.36 rows=1 width=8)
	  ->  Index Scan using sbtest8_pkey on sbtest8  (cost=0.43..400.09 rows=101 width=4)
	        Index Cond: ((id >= 3916055) AND (id <= 3916154))

for point_selects
table 1 : explain SELECT c FROM sbtest1 WHERE id=5810948
	Index Scan using sbtest1_pkey on sbtest1  (cost=0.43..8.45 rows=1 width=121)
	  Index Cond: (id = 5810948)

table 2 : explain SELECT c FROM sbtest2 WHERE id=2168409
	Index Scan using sbtest2_pkey on sbtest2  (cost=0.43..8.45 rows=1 width=121)
	  Index Cond: (id = 2168409)

table 3 : explain SELECT c FROM sbtest3 WHERE id=4925971
	Index Scan using sbtest3_pkey on sbtest3  (cost=0.43..8.45 rows=1 width=121)
	  Index Cond: (id = 4925971)

table 4 : explain SELECT c FROM sbtest4 WHERE id=390030
	Index Scan using sbtest4_pkey on sbtest4  (cost=0.43..8.45 rows=1 width=121)
	  Index Cond: (id = 390030)

table 5 : explain SELECT c FROM sbtest5 WHERE id=1273000
	Index Scan using sbtest5_pkey on sbtest5  (cost=0.43..8.45 rows=1 width=121)
	  Index Cond: (id = 1273000)

table 6 : explain SELECT c FROM sbtest6 WHERE id=6494610
	Index Scan using sbtest6_pkey on sbtest6  (cost=0.43..8.45 rows=1 width=121)
	  Index Cond: (id = 6494610)

table 7 : explain SELECT c FROM sbtest7 WHERE id=8909715
	Index Scan using sbtest7_pkey on sbtest7  (cost=0.43..8.45 rows=1 width=121)
	  Index Cond: (id = 8909715)

table 8 : explain SELECT c FROM sbtest8 WHERE id=4711295
	Index Scan using sbtest8_pkey on sbtest8  (cost=0.43..8.45 rows=1 width=121)
	  Index Cond: (id = 4711295)

for: sum_ranges
table 1 : explain SELECT SUM(k) FROM sbtest1 WHERE id BETWEEN 1917718 AND 1917817
	Aggregate  (cost=389.35..389.36 rows=1 width=8)
	  ->  Index Scan using sbtest1_pkey on sbtest1  (cost=0.43..389.10 rows=98 width=4)
	        Index Cond: ((id >= 1917718) AND (id <= 1917817))

table 2 : explain SELECT SUM(k) FROM sbtest2 WHERE id BETWEEN 9420827 AND 9420926
	Aggregate  (cost=407.87..407.88 rows=1 width=8)
	  ->  Index Scan using sbtest2_pkey on sbtest2  (cost=0.43..407.61 rows=103 width=4)
	        Index Cond: ((id >= 9420827) AND (id <= 9420926))

table 3 : explain SELECT SUM(k) FROM sbtest3 WHERE id BETWEEN 9897469 AND 9897568
	Aggregate  (cost=389.51..389.52 rows=1 width=8)
	  ->  Index Scan using sbtest3_pkey on sbtest3  (cost=0.43..389.26 rows=98 width=4)
	        Index Cond: ((id >= 9897469) AND (id <= 9897568))

table 4 : explain SELECT SUM(k) FROM sbtest4 WHERE id BETWEEN 5420878 AND 5420977
	Aggregate  (cost=364.35..364.36 rows=1 width=8)
	  ->  Index Scan using sbtest4_pkey on sbtest4  (cost=0.43..364.12 rows=92 width=4)
	        Index Cond: ((id >= 5420878) AND (id <= 5420977))

table 5 : explain SELECT SUM(k) FROM sbtest5 WHERE id BETWEEN 3660158 AND 3660257
	Aggregate  (cost=408.01..408.02 rows=1 width=8)
	  ->  Index Scan using sbtest5_pkey on sbtest5  (cost=0.43..407.76 rows=103 width=4)
	        Index Cond: ((id >= 3660158) AND (id <= 3660257))

table 6 : explain SELECT SUM(k) FROM sbtest6 WHERE id BETWEEN 1348044 AND 1348143
	Aggregate  (cost=424.55..424.56 rows=1 width=8)
	  ->  Index Scan using sbtest6_pkey on sbtest6  (cost=0.43..424.28 rows=107 width=4)
	        Index Cond: ((id >= 1348044) AND (id <= 1348143))

table 7 : explain SELECT SUM(k) FROM sbtest7 WHERE id BETWEEN 8219521 AND 8219620
	Aggregate  (cost=431.47..431.48 rows=1 width=8)
	  ->  Index Scan using sbtest7_pkey on sbtest7  (cost=0.43..431.20 rows=109 width=4)
	        Index Cond: ((id >= 8219521) AND (id <= 8219620))

table 8 : explain SELECT SUM(k) FROM sbtest8 WHERE id BETWEEN 148211 AND 148310
	Aggregate  (cost=368.97..368.98 rows=1 width=8)
	  ->  Index Scan using sbtest8_pkey on sbtest8  (cost=0.43..368.74 rows=93 width=4)
	        Index Cond: ((id >= 148211) AND (id <= 148310))

for: simple_ranges
table 1 : explain SELECT c FROM sbtest1 WHERE id BETWEEN 5235704 AND 5235803
	Index Scan using sbtest1_pkey on sbtest1  (cost=0.43..412.64 rows=104 width=121)
	  Index Cond: ((id >= 5235704) AND (id <= 5235803))

table 2 : explain SELECT c FROM sbtest2 WHERE id BETWEEN 8600486 AND 8600585
	Index Scan using sbtest2_pkey on sbtest2  (cost=0.43..364.54 rows=92 width=121)
	  Index Cond: ((id >= 8600486) AND (id <= 8600585))

table 3 : explain SELECT c FROM sbtest3 WHERE id BETWEEN 4015422 AND 4015521
	Index Scan using sbtest3_pkey on sbtest3  (cost=0.43..346.08 rows=87 width=121)
	  Index Cond: ((id >= 4015422) AND (id <= 4015521))

table 4 : explain SELECT c FROM sbtest4 WHERE id BETWEEN 4217526 AND 4217625
	Index Scan using sbtest4_pkey on sbtest4  (cost=0.43..454.02 rows=115 width=121)
	  Index Cond: ((id >= 4217526) AND (id <= 4217625))

table 5 : explain SELECT c FROM sbtest5 WHERE id BETWEEN 6537851 AND 6537950
	Index Scan using sbtest5_pkey on sbtest5  (cost=0.43..376.42 rows=95 width=121)
	  Index Cond: ((id >= 6537851) AND (id <= 6537950))

table 6 : explain SELECT c FROM sbtest6 WHERE id BETWEEN 4869586 AND 4869685
	Index Scan using sbtest6_pkey on sbtest6  (cost=0.43..416.44 rows=105 width=121)
	  Index Cond: ((id >= 4869586) AND (id <= 4869685))

table 7 : explain SELECT c FROM sbtest7 WHERE id BETWEEN 5675993 AND 5676092
	Index Scan using sbtest7_pkey on sbtest7  (cost=0.43..384.23 rows=97 width=121)
	  Index Cond: ((id >= 5675993) AND (id <= 5676092))

table 8 : explain SELECT c FROM sbtest8 WHERE id BETWEEN 5298843 AND 5298942
	Index Scan using sbtest8_pkey on sbtest8  (cost=0.43..388.35 rows=98 width=121)
	  Index Cond: ((id >= 5298843) AND (id <= 5298942))

for point_selects
table 1 : explain SELECT c FROM sbtest1 WHERE id=2179795
	Index Scan using sbtest1_pkey on sbtest1  (cost=0.43..8.45 rows=1 width=121)
	  Index Cond: (id = 2179795)

table 2 : explain SELECT c FROM sbtest2 WHERE id=45022
	Index Scan using sbtest2_pkey on sbtest2  (cost=0.43..8.45 rows=1 width=121)
	  Index Cond: (id = 45022)

table 3 : explain SELECT c FROM sbtest3 WHERE id=7338724
	Index Scan using sbtest3_pkey on sbtest3  (cost=0.43..8.45 rows=1 width=121)
	  Index Cond: (id = 7338724)

table 4 : explain SELECT c FROM sbtest4 WHERE id=8500837
	Index Scan using sbtest4_pkey on sbtest4  (cost=0.43..8.45 rows=1 width=121)
	  Index Cond: (id = 8500837)

table 5 : explain SELECT c FROM sbtest5 WHERE id=8207054
	Index Scan using sbtest5_pkey on sbtest5  (cost=0.43..8.45 rows=1 width=121)
	  Index Cond: (id = 8207054)

table 6 : explain SELECT c FROM sbtest6 WHERE id=8363221
	Index Scan using sbtest6_pkey on sbtest6  (cost=0.43..8.45 rows=1 width=121)
	  Index Cond: (id = 8363221)

table 7 : explain SELECT c FROM sbtest7 WHERE id=4671886
	Index Scan using sbtest7_pkey on sbtest7  (cost=0.43..8.45 rows=1 width=121)
	  Index Cond: (id = 4671886)

table 8 : explain SELECT c FROM sbtest8 WHERE id=2000365
	Index Scan using sbtest8_pkey on sbtest8  (cost=0.43..8.45 rows=1 width=121)
	  Index Cond: (id = 2000365)

for point_selects
table 1 : explain SELECT c FROM sbtest1 WHERE id=455898
	Index Scan using sbtest1_pkey on sbtest1  (cost=0.43..8.45 rows=1 width=121)
	  Index Cond: (id = 455898)

table 2 : explain SELECT c FROM sbtest2 WHERE id=9838196
	Index Scan using sbtest2_pkey on sbtest2  (cost=0.43..8.45 rows=1 width=121)
	  Index Cond: (id = 9838196)

table 3 : explain SELECT c FROM sbtest3 WHERE id=3269411
	Index Scan using sbtest3_pkey on sbtest3  (cost=0.43..8.45 rows=1 width=121)
	  Index Cond: (id = 3269411)

table 4 : explain SELECT c FROM sbtest4 WHERE id=4782766
	Index Scan using sbtest4_pkey on sbtest4  (cost=0.43..8.45 rows=1 width=121)
	  Index Cond: (id = 4782766)

table 5 : explain SELECT c FROM sbtest5 WHERE id=7581403
	Index Scan using sbtest5_pkey on sbtest5  (cost=0.43..8.45 rows=1 width=121)
	  Index Cond: (id = 7581403)

table 6 : explain SELECT c FROM sbtest6 WHERE id=6950349
	Index Scan using sbtest6_pkey on sbtest6  (cost=0.43..8.45 rows=1 width=121)
	  Index Cond: (id = 6950349)

table 7 : explain SELECT c FROM sbtest7 WHERE id=6032639
	Index Scan using sbtest7_pkey on sbtest7  (cost=0.43..8.45 rows=1 width=121)
	  Index Cond: (id = 6032639)

table 8 : explain SELECT c FROM sbtest8 WHERE id=4185879
	Index Scan using sbtest8_pkey on sbtest8  (cost=0.43..8.45 rows=1 width=121)
	  Index Cond: (id = 4185879)

for point_selects
table 1 : explain SELECT c FROM sbtest1 WHERE id=5543985
	Index Scan using sbtest1_pkey on sbtest1  (cost=0.43..8.45 rows=1 width=121)
	  Index Cond: (id = 5543985)

table 2 : explain SELECT c FROM sbtest2 WHERE id=8143089
	Index Scan using sbtest2_pkey on sbtest2  (cost=0.43..8.45 rows=1 width=121)
	  Index Cond: (id = 8143089)

table 3 : explain SELECT c FROM sbtest3 WHERE id=8779140
	Index Scan using sbtest3_pkey on sbtest3  (cost=0.43..8.45 rows=1 width=121)
	  Index Cond: (id = 8779140)

table 4 : explain SELECT c FROM sbtest4 WHERE id=8340659
	Index Scan using sbtest4_pkey on sbtest4  (cost=0.43..8.45 rows=1 width=121)
	  Index Cond: (id = 8340659)

table 5 : explain SELECT c FROM sbtest5 WHERE id=7855763
	Index Scan using sbtest5_pkey on sbtest5  (cost=0.43..8.45 rows=1 width=121)
	  Index Cond: (id = 7855763)

table 6 : explain SELECT c FROM sbtest6 WHERE id=5008759
	Index Scan using sbtest6_pkey on sbtest6  (cost=0.43..8.45 rows=1 width=121)
	  Index Cond: (id = 5008759)

table 7 : explain SELECT c FROM sbtest7 WHERE id=5651858
	Index Scan using sbtest7_pkey on sbtest7  (cost=0.43..8.45 rows=1 width=121)
	  Index Cond: (id = 5651858)

table 8 : explain SELECT c FROM sbtest8 WHERE id=9657183
	Index Scan using sbtest8_pkey on sbtest8  (cost=0.43..8.45 rows=1 width=121)
	  Index Cond: (id = 9657183)

for: distinct_ranges
table 1 : explain SELECT DISTINCT c FROM sbtest1 WHERE id BETWEEN 2617974 AND 2618073 ORDER BY c
	Unique  (cost=380.45..380.93 rows=95 width=121)
	  ->  Sort  (cost=380.45..380.69 rows=95 width=121)
	        Sort Key: c
	        ->  Index Scan using sbtest1_pkey on sbtest1  (cost=0.43..377.33 rows=95 width=121)
	              Index Cond: ((id >= 2617974) AND (id <= 2618073))

table 2 : explain SELECT DISTINCT c FROM sbtest2 WHERE id BETWEEN 1772764 AND 1772863 ORDER BY c
	Unique  (cost=430.82..431.36 rows=108 width=121)
	  ->  Sort  (cost=430.82..431.09 rows=108 width=121)
	        Sort Key: c
	        ->  Index Scan using sbtest2_pkey on sbtest2  (cost=0.43..427.17 rows=108 width=121)
	              Index Cond: ((id >= 1772764) AND (id <= 1772863))

table 3 : explain SELECT DISTINCT c FROM sbtest3 WHERE id BETWEEN 9615554 AND 9615653 ORDER BY c
	Unique  (cost=356.82..357.26 rows=89 width=121)
	  ->  Sort  (cost=356.82..357.04 rows=89 width=121)
	        Sort Key: c
	        ->  Index Scan using sbtest3_pkey on sbtest3  (cost=0.43..353.93 rows=89 width=121)
	              Index Cond: ((id >= 9615554) AND (id <= 9615653))

table 4 : explain SELECT DISTINCT c FROM sbtest4 WHERE id BETWEEN 6693002 AND 6693101 ORDER BY c
	Unique  (cost=390.83..391.32 rows=98 width=121)
	  ->  Sort  (cost=390.83..391.08 rows=98 width=121)
	        Sort Key: c
	        ->  Index Scan using sbtest4_pkey on sbtest4  (cost=0.43..387.59 rows=98 width=121)
	              Index Cond: ((id >= 6693002) AND (id <= 6693101))

table 5 : explain SELECT DISTINCT c FROM sbtest5 WHERE id BETWEEN 804599 AND 804698 ORDER BY c
	Unique  (cost=375.58..376.05 rows=94 width=121)
	  ->  Sort  (cost=375.58..375.82 rows=94 width=121)
	        Sort Key: c
	        ->  Index Scan using sbtest5_pkey on sbtest5  (cost=0.43..372.50 rows=94 width=121)
	              Index Cond: ((id >= 804599) AND (id <= 804698))

table 6 : explain SELECT DISTINCT c FROM sbtest6 WHERE id BETWEEN 1790704 AND 1790803 ORDER BY c
	Unique  (cost=431.85..432.39 rows=108 width=121)
	  ->  Sort  (cost=431.85..432.12 rows=108 width=121)
	        Sort Key: c
	        ->  Index Scan using sbtest6_pkey on sbtest6  (cost=0.43..428.21 rows=108 width=121)
	              Index Cond: ((id >= 1790704) AND (id <= 1790803))

table 7 : explain SELECT DISTINCT c FROM sbtest7 WHERE id BETWEEN 8777737 AND 8777836 ORDER BY c
	Unique  (cost=403.25..403.76 rows=101 width=121)
	  ->  Sort  (cost=403.25..403.50 rows=101 width=121)
	        Sort Key: c
	        ->  Index Scan using sbtest7_pkey on sbtest7  (cost=0.43..399.89 rows=101 width=121)
	              Index Cond: ((id >= 8777737) AND (id <= 8777836))

table 8 : explain SELECT DISTINCT c FROM sbtest8 WHERE id BETWEEN 2788575 AND 2788674 ORDER BY c
	Unique  (cost=387.63..388.12 rows=97 width=121)
	  ->  Sort  (cost=387.63..387.87 rows=97 width=121)
	        Sort Key: c
	        ->  Index Scan using sbtest8_pkey on sbtest8  (cost=0.43..384.43 rows=97 width=121)
	              Index Cond: ((id >= 2788575) AND (id <= 2788674))

for: simple_ranges
table 1 : explain SELECT c FROM sbtest1 WHERE id BETWEEN 2863498 AND 2863597
	Index Scan using sbtest1_pkey on sbtest1  (cost=0.43..369.49 rows=93 width=121)
	  Index Cond: ((id >= 2863498) AND (id <= 2863597))

table 2 : explain SELECT c FROM sbtest2 WHERE id BETWEEN 1632119 AND 1632218
	Index Scan using sbtest2_pkey on sbtest2  (cost=0.43..388.02 rows=98 width=121)
	  Index Cond: ((id >= 1632119) AND (id <= 1632218))

table 3 : explain SELECT c FROM sbtest3 WHERE id BETWEEN 8558394 AND 8558493
	Index Scan using sbtest3_pkey on sbtest3  (cost=0.43..412.84 rows=104 width=121)
	  Index Cond: ((id >= 8558394) AND (id <= 8558493))

table 4 : explain SELECT c FROM sbtest4 WHERE id BETWEEN 4441991 AND 4442090
	Index Scan using sbtest4_pkey on sbtest4  (cost=0.43..379.75 rows=96 width=121)
	  Index Cond: ((id >= 4441991) AND (id <= 4442090))

table 5 : explain SELECT c FROM sbtest5 WHERE id BETWEEN 5299289 AND 5299388
	Index Scan using sbtest5_pkey on sbtest5  (cost=0.43..392.10 rows=99 width=121)
	  Index Cond: ((id >= 5299289) AND (id <= 5299388))

table 6 : explain SELECT c FROM sbtest6 WHERE id BETWEEN 1752990 AND 1753089
	Index Scan using sbtest6_pkey on sbtest6  (cost=0.43..412.52 rows=104 width=121)
	  Index Cond: ((id >= 1752990) AND (id <= 1753089))

table 7 : explain SELECT c FROM sbtest7 WHERE id BETWEEN 2015957 AND 2016056
	Index Scan using sbtest7_pkey on sbtest7  (cost=0.43..372.47 rows=94 width=121)
	  Index Cond: ((id >= 2015957) AND (id <= 2016056))

table 8 : explain SELECT c FROM sbtest8 WHERE id BETWEEN 8351292 AND 8351391
	Index Scan using sbtest8_pkey on sbtest8  (cost=0.43..384.43 rows=97 width=121)
	  Index Cond: ((id >= 8351292) AND (id <= 8351391))

for: simple_ranges
table 1 : explain SELECT c FROM sbtest1 WHERE id BETWEEN 4018292 AND 4018391
	Index Scan using sbtest1_pkey on sbtest1  (cost=0.43..408.72 rows=103 width=121)
	  Index Cond: ((id >= 4018292) AND (id <= 4018391))

table 2 : explain SELECT c FROM sbtest2 WHERE id BETWEEN 2652718 AND 2652817
	Index Scan using sbtest2_pkey on sbtest2  (cost=0.43..391.96 rows=99 width=121)
	  Index Cond: ((id >= 2652718) AND (id <= 2652817))

table 3 : explain SELECT c FROM sbtest3 WHERE id BETWEEN 9368326 AND 9368425
	Index Scan using sbtest3_pkey on sbtest3  (cost=0.43..353.93 rows=89 width=121)
	  Index Cond: ((id >= 9368326) AND (id <= 9368425))

table 4 : explain SELECT c FROM sbtest4 WHERE id BETWEEN 6632218 AND 6632317
	Index Scan using sbtest4_pkey on sbtest4  (cost=0.43..407.13 rows=103 width=121)
	  Index Cond: ((id >= 6632218) AND (id <= 6632317))

table 5 : explain SELECT c FROM sbtest5 WHERE id BETWEEN 6357681 AND 6357780
	Index Scan using sbtest5_pkey on sbtest5  (cost=0.43..392.10 rows=99 width=121)
	  Index Cond: ((id >= 6357681) AND (id <= 6357780))

table 6 : explain SELECT c FROM sbtest6 WHERE id BETWEEN 970689 AND 970788
	Index Scan using sbtest6_pkey on sbtest6  (cost=0.43..396.83 rows=100 width=121)
	  Index Cond: ((id >= 970689) AND (id <= 970788))

table 7 : explain SELECT c FROM sbtest7 WHERE id BETWEEN 3585036 AND 3585135
	Index Scan using sbtest7_pkey on sbtest7  (cost=0.43..415.54 rows=105 width=121)
	  Index Cond: ((id >= 3585036) AND (id <= 3585135))

table 8 : explain SELECT c FROM sbtest8 WHERE id BETWEEN 8846748 AND 8846847
	Index Scan using sbtest8_pkey on sbtest8  (cost=0.43..396.18 rows=100 width=121)
	  Index Cond: ((id >= 8846748) AND (id <= 8846847))

explain: for point_selects :: explain SELECT c FROM sbtest%u WHERE id=%u
for: sum_ranges
table 1 : explain SELECT SUM(k) FROM sbtest1 WHERE id BETWEEN 5322884 AND 5322983
	Aggregate  (cost=412.90..412.91 rows=1 width=8)
	  ->  Index Scan using sbtest1_pkey on sbtest1  (cost=0.43..412.64 rows=104 width=4)
	        Index Cond: ((id >= 5322884) AND (id <= 5322983))

table 2 : explain SELECT SUM(k) FROM sbtest2 WHERE id BETWEEN 8629817 AND 8629916
	Aggregate  (cost=419.61..419.62 rows=1 width=8)
	  ->  Index Scan using sbtest2_pkey on sbtest2  (cost=0.43..419.35 rows=106 width=4)
	        Index Cond: ((id >= 8629817) AND (id <= 8629916))

table 3 : explain SELECT SUM(k) FROM sbtest3 WHERE id BETWEEN 5022367 AND 5022466
	Aggregate  (cost=444.52..444.53 rows=1 width=8)
	  ->  Index Scan using sbtest3_pkey on sbtest3  (cost=0.43..444.24 rows=112 width=4)
	        Index Cond: ((id >= 5022367) AND (id <= 5022466))

table 4 : explain SELECT SUM(k) FROM sbtest4 WHERE id BETWEEN 152998 AND 153097
	Aggregate  (cost=426.94..426.95 rows=1 width=8)
	  ->  Index Scan using sbtest4_pkey on sbtest4  (cost=0.43..426.67 rows=108 width=4)
	        Index Cond: ((id >= 152998) AND (id <= 153097))

table 5 : explain SELECT SUM(k) FROM sbtest5 WHERE id BETWEEN 9195712 AND 9195811
	Aggregate  (cost=415.85..415.86 rows=1 width=8)
	  ->  Index Scan using sbtest5_pkey on sbtest5  (cost=0.43..415.58 rows=105 width=4)
	        Index Cond: ((id >= 9195712) AND (id <= 9195811))

table 6 : explain SELECT SUM(k) FROM sbtest6 WHERE id BETWEEN 8722620 AND 8722719
	Aggregate  (cost=373.51..373.52 rows=1 width=8)
	  ->  Index Scan using sbtest6_pkey on sbtest6  (cost=0.43..373.27 rows=94 width=4)
	        Index Cond: ((id >= 8722620) AND (id <= 8722719))

table 7 : explain SELECT SUM(k) FROM sbtest7 WHERE id BETWEEN 8716456 AND 8716555
	Aggregate  (cost=400.14..400.15 rows=1 width=8)
	  ->  Index Scan using sbtest7_pkey on sbtest7  (cost=0.43..399.89 rows=101 width=4)
	        Index Cond: ((id >= 8716456) AND (id <= 8716555))

table 8 : explain SELECT SUM(k) FROM sbtest8 WHERE id BETWEEN 879142 AND 879241
	Aggregate  (cost=400.35..400.36 rows=1 width=8)
	  ->  Index Scan using sbtest8_pkey on sbtest8  (cost=0.43..400.09 rows=101 width=4)
	        Index Cond: ((id >= 879142) AND (id <= 879241))

for: simple_ranges
table 1 : explain SELECT c FROM sbtest1 WHERE id BETWEEN 3393540 AND 3393639
	Index Scan using sbtest1_pkey on sbtest1  (cost=0.43..408.72 rows=103 width=121)
	  Index Cond: ((id >= 3393540) AND (id <= 3393639))

table 2 : explain SELECT c FROM sbtest2 WHERE id BETWEEN 3423758 AND 3423857
	Index Scan using sbtest2_pkey on sbtest2  (cost=0.43..423.26 rows=107 width=121)
	  Index Cond: ((id >= 3423758) AND (id <= 3423857))

table 3 : explain SELECT c FROM sbtest3 WHERE id BETWEEN 8751338 AND 8751437
	Index Scan using sbtest3_pkey on sbtest3  (cost=0.43..401.06 rows=101 width=121)
	  Index Cond: ((id >= 8751338) AND (id <= 8751437))

table 4 : explain SELECT c FROM sbtest4 WHERE id BETWEEN 1247373 AND 1247472
	Index Scan using sbtest4_pkey on sbtest4  (cost=0.43..411.04 rows=104 width=121)
	  Index Cond: ((id >= 1247373) AND (id <= 1247472))

table 5 : explain SELECT c FROM sbtest5 WHERE id BETWEEN 4861125 AND 4861224
	Index Scan using sbtest5_pkey on sbtest5  (cost=0.43..396.01 rows=100 width=121)
	  Index Cond: ((id >= 4861125) AND (id <= 4861224))

table 6 : explain SELECT c FROM sbtest6 WHERE id BETWEEN 57813 AND 57912
	Index Scan using sbtest6_pkey on sbtest6  (cost=0.43..400.75 rows=101 width=121)
	  Index Cond: ((id >= 57813) AND (id <= 57912))

table 7 : explain SELECT c FROM sbtest7 WHERE id BETWEEN 39551 AND 39650
	Index Scan using sbtest7_pkey on sbtest7  (cost=0.43..403.80 rows=102 width=121)
	  Index Cond: ((id >= 39551) AND (id <= 39650))

table 8 : explain SELECT c FROM sbtest8 WHERE id BETWEEN 3253701 AND 3253800
	Index Scan using sbtest8_pkey on sbtest8  (cost=0.43..435.33 rows=110 width=121)
	  Index Cond: ((id >= 3253701) AND (id <= 3253800))

for: simple_ranges
table 1 : explain SELECT c FROM sbtest1 WHERE id BETWEEN 9662777 AND 9662876
	Index Scan using sbtest1_pkey on sbtest1  (cost=0.43..424.41 rows=107 width=121)
	  Index Cond: ((id >= 9662777) AND (id <= 9662876))

table 2 : explain SELECT c FROM sbtest2 WHERE id BETWEEN 7914434 AND 7914533
	Index Scan using sbtest2_pkey on sbtest2  (cost=0.43..376.28 rows=95 width=121)
	  Index Cond: ((id >= 7914434) AND (id <= 7914533))

table 3 : explain SELECT c FROM sbtest3 WHERE id BETWEEN 9634164 AND 9634263
	Index Scan using sbtest3_pkey on sbtest3  (cost=0.43..353.93 rows=89 width=121)
	  Index Cond: ((id >= 9634164) AND (id <= 9634263))

table 4 : explain SELECT c FROM sbtest4 WHERE id BETWEEN 673592 AND 673691
	Index Scan using sbtest4_pkey on sbtest4  (cost=0.43..395.41 rows=100 width=121)
	  Index Cond: ((id >= 673592) AND (id <= 673691))

table 5 : explain SELECT c FROM sbtest5 WHERE id BETWEEN 5420977 AND 5421076
	Index Scan using sbtest5_pkey on sbtest5  (cost=0.43..384.27 rows=97 width=121)
	  Index Cond: ((id >= 5420977) AND (id <= 5421076))

table 6 : explain SELECT c FROM sbtest6 WHERE id BETWEEN 4753540 AND 4753639
	Index Scan using sbtest6_pkey on sbtest6  (cost=0.43..373.27 rows=94 width=121)
	  Index Cond: ((id >= 4753540) AND (id <= 4753639))

table 7 : explain SELECT c FROM sbtest7 WHERE id BETWEEN 4182784 AND 4182883
	Index Scan using sbtest7_pkey on sbtest7  (cost=0.43..384.23 rows=97 width=121)
	  Index Cond: ((id >= 4182784) AND (id <= 4182883))

table 8 : explain SELECT c FROM sbtest8 WHERE id BETWEEN 1860764 AND 1860863
	Index Scan using sbtest8_pkey on sbtest8  (cost=0.43..388.35 rows=98 width=121)
	  Index Cond: ((id >= 1860764) AND (id <= 1860863))

explain: for point_selects :: explain SELECT c FROM sbtest%u WHERE id=%u
for: distinct_ranges
table 1 : explain SELECT DISTINCT c FROM sbtest1 WHERE id BETWEEN 7976644 AND 7976743 ORDER BY c
	Unique  (cost=404.24..404.74 rows=101 width=121)
	  ->  Sort  (cost=404.24..404.49 rows=101 width=121)
	        Sort Key: c
	        ->  Index Scan using sbtest1_pkey on sbtest1  (cost=0.43..400.87 rows=101 width=121)
	              Index Cond: ((id >= 7976644) AND (id <= 7976743))

table 2 : explain SELECT DISTINCT c FROM sbtest2 WHERE id BETWEEN 9547818 AND 9547917 ORDER BY c
	Unique  (cost=418.96..419.48 rows=105 width=121)
	  ->  Sort  (cost=418.96..419.22 rows=105 width=121)
	        Sort Key: c
	        ->  Index Scan using sbtest2_pkey on sbtest2  (cost=0.43..415.43 rows=105 width=121)
	              Index Cond: ((id >= 9547818) AND (id <= 9547917))

table 3 : explain SELECT DISTINCT c FROM sbtest3 WHERE id BETWEEN 9565235 AND 9565334 ORDER BY c
	Unique  (cost=412.36..412.87 rows=103 width=121)
	  ->  Sort  (cost=412.36..412.61 rows=103 width=121)
	        Sort Key: c
	        ->  Index Scan using sbtest3_pkey on sbtest3  (cost=0.43..408.91 rows=103 width=121)
	              Index Cond: ((id >= 9565235) AND (id <= 9565334))

table 4 : explain SELECT DISTINCT c FROM sbtest4 WHERE id BETWEEN 1615515 AND 1615614 ORDER BY c
	Unique  (cost=378.96..379.44 rows=95 width=121)
	  ->  Sort  (cost=378.96..379.20 rows=95 width=121)
	        Sort Key: c
	        ->  Index Scan using sbtest4_pkey on sbtest4  (cost=0.43..375.84 rows=95 width=121)
	              Index Cond: ((id >= 1615515) AND (id <= 1615614))

table 5 : explain SELECT DISTINCT c FROM sbtest5 WHERE id BETWEEN 3272222 AND 3272321 ORDER BY c
	Unique  (cost=399.34..399.84 rows=100 width=121)
	  ->  Sort  (cost=399.34..399.59 rows=100 width=121)
	        Sort Key: c
	        ->  Index Scan using sbtest5_pkey on sbtest5  (cost=0.43..396.01 rows=100 width=121)
	              Index Cond: ((id >= 3272222) AND (id <= 3272321))

table 6 : explain SELECT DISTINCT c FROM sbtest6 WHERE id BETWEEN 2432995 AND 2433094 ORDER BY c
	Unique  (cost=396.19..396.68 rows=99 width=121)
	  ->  Sort  (cost=396.19..396.43 rows=99 width=121)
	        Sort Key: c
	        ->  Index Scan using sbtest6_pkey on sbtest6  (cost=0.43..392.91 rows=99 width=121)
	              Index Cond: ((id >= 2432995) AND (id <= 2433094))

table 7 : explain SELECT DISTINCT c FROM sbtest7 WHERE id BETWEEN 1862459 AND 1862558 ORDER BY c
	Unique  (cost=371.59..372.06 rows=93 width=121)
	  ->  Sort  (cost=371.59..371.83 rows=93 width=121)
	        Sort Key: c
	        ->  Index Scan using sbtest7_pkey on sbtest7  (cost=0.43..368.55 rows=93 width=121)
	              Index Cond: ((id >= 1862459) AND (id <= 1862558))

table 8 : explain SELECT DISTINCT c FROM sbtest8 WHERE id BETWEEN 9921650 AND 9921749 ORDER BY c
	Unique  (cost=415.32..415.84 rows=104 width=121)
	  ->  Sort  (cost=415.32..415.58 rows=104 width=121)
	        Sort Key: c
	        ->  Index Scan using sbtest8_pkey on sbtest8  (cost=0.43..411.84 rows=104 width=121)
	              Index Cond: ((id >= 9921650) AND (id <= 9921749))

for: sum_ranges
table 1 : explain SELECT SUM(k) FROM sbtest1 WHERE id BETWEEN 855019 AND 855118
	Aggregate  (cost=397.20..397.21 rows=1 width=8)
	  ->  Index Scan using sbtest1_pkey on sbtest1  (cost=0.43..396.95 rows=100 width=4)
	        Index Cond: ((id >= 855019) AND (id <= 855118))

table 2 : explain SELECT SUM(k) FROM sbtest2 WHERE id BETWEEN 2556998 AND 2557097
	Aggregate  (cost=400.04..400.05 rows=1 width=8)
	  ->  Index Scan using sbtest2_pkey on sbtest2  (cost=0.43..399.78 rows=101 width=4)
	        Index Cond: ((id >= 2556998) AND (id <= 2557097))

table 3 : explain SELECT SUM(k) FROM sbtest3 WHERE id BETWEEN 5626900 AND 5626999
	Aggregate  (cost=405.24..405.25 rows=1 width=8)
	  ->  Index Scan using sbtest3_pkey on sbtest3  (cost=0.43..404.99 rows=102 width=4)
	        Index Cond: ((id >= 5626900) AND (id <= 5626999))

table 4 : explain SELECT SUM(k) FROM sbtest4 WHERE id BETWEEN 7562220 AND 7562319
	Aggregate  (cost=434.76..434.77 rows=1 width=8)
	  ->  Index Scan using sbtest4_pkey on sbtest4  (cost=0.43..434.48 rows=110 width=4)
	        Index Cond: ((id >= 7562220) AND (id <= 7562319))

table 5 : explain SELECT SUM(k) FROM sbtest5 WHERE id BETWEEN 8575314 AND 8575413
	Aggregate  (cost=388.43..388.44 rows=1 width=8)
	  ->  Index Scan using sbtest5_pkey on sbtest5  (cost=0.43..388.19 rows=98 width=4)
	        Index Cond: ((id >= 8575314) AND (id <= 8575413))

table 6 : explain SELECT SUM(k) FROM sbtest6 WHERE id BETWEEN 5852489 AND 5852588
	Aggregate  (cost=444.17..444.18 rows=1 width=8)
	  ->  Index Scan using sbtest6_pkey on sbtest6  (cost=0.43..443.89 rows=112 width=4)
	        Index Cond: ((id >= 5852489) AND (id <= 5852588))

table 7 : explain SELECT SUM(k) FROM sbtest7 WHERE id BETWEEN 2343719 AND 2343818
	Aggregate  (cost=423.64..423.65 rows=1 width=8)
	  ->  Index Scan using sbtest7_pkey on sbtest7  (cost=0.43..423.37 rows=107 width=4)
	        Index Cond: ((id >= 2343719) AND (id <= 2343818))

table 8 : explain SELECT SUM(k) FROM sbtest8 WHERE id BETWEEN 3278756 AND 3278855
	Aggregate  (cost=435.61..435.62 rows=1 width=8)
	  ->  Index Scan using sbtest8_pkey on sbtest8  (cost=0.43..435.33 rows=110 width=4)
	        Index Cond: ((id >= 3278756) AND (id <= 3278855))

for: distinct_ranges
table 1 : explain SELECT DISTINCT c FROM sbtest1 WHERE id BETWEEN 8800465 AND 8800564 ORDER BY c
	Unique  (cost=392.34..392.83 rows=98 width=121)
	  ->  Sort  (cost=392.34..392.59 rows=98 width=121)
	        Sort Key: c
	        ->  Index Scan using sbtest1_pkey on sbtest1  (cost=0.43..389.10 rows=98 width=121)
	              Index Cond: ((id >= 8800465) AND (id <= 8800564))

table 2 : explain SELECT DISTINCT c FROM sbtest2 WHERE id BETWEEN 3556261 AND 3556360 ORDER BY c
	Unique  (cost=418.96..419.48 rows=105 width=121)
	  ->  Sort  (cost=418.96..419.22 rows=105 width=121)
	        Sort Key: c
	        ->  Index Scan using sbtest2_pkey on sbtest2  (cost=0.43..415.43 rows=105 width=121)
	              Index Cond: ((id >= 3556261) AND (id <= 3556360))

table 3 : explain SELECT DISTINCT c FROM sbtest3 WHERE id BETWEEN 8499998 AND 8500097 ORDER BY c
	Unique  (cost=444.09..444.64 rows=111 width=121)
	  ->  Sort  (cost=444.09..444.36 rows=111 width=121)
	        Sort Key: c
	        ->  Index Scan using sbtest3_pkey on sbtest3  (cost=0.43..440.32 rows=111 width=121)
	              Index Cond: ((id >= 8499998) AND (id <= 8500097))

table 4 : explain SELECT DISTINCT c FROM sbtest4 WHERE id BETWEEN 2385129 AND 2385228 ORDER BY c
	Unique  (cost=410.57..411.09 rows=103 width=121)
	  ->  Sort  (cost=410.57..410.83 rows=103 width=121)
	        Sort Key: c
	        ->  Index Scan using sbtest4_pkey on sbtest4  (cost=0.43..407.13 rows=103 width=121)
	              Index Cond: ((id >= 2385129) AND (id <= 2385228))

table 5 : explain SELECT DISTINCT c FROM sbtest5 WHERE id BETWEEN 8410767 AND 8410866 ORDER BY c
	Unique  (cost=419.11..419.63 rows=105 width=121)
	  ->  Sort  (cost=419.11..419.37 rows=105 width=121)
	        Sort Key: c
	        ->  Index Scan using sbtest5_pkey on sbtest5  (cost=0.43..415.58 rows=105 width=121)
	              Index Cond: ((id >= 8410767) AND (id <= 8410866))

table 6 : explain SELECT DISTINCT c FROM sbtest6 WHERE id BETWEEN 2361217 AND 2361316 ORDER BY c
	Unique  (cost=416.00..416.52 rows=104 width=121)
	  ->  Sort  (cost=416.00..416.26 rows=104 width=121)
	        Sort Key: c
	        ->  Index Scan using sbtest6_pkey on sbtest6  (cost=0.43..412.52 rows=104 width=121)
	              Index Cond: ((id >= 2361217) AND (id <= 2361316))

table 7 : explain SELECT DISTINCT c FROM sbtest7 WHERE id BETWEEN 813011 AND 813110 ORDER BY c
	Unique  (cost=415.11..415.63 rows=104 width=121)
	  ->  Sort  (cost=415.11..415.37 rows=104 width=121)
	        Sort Key: c
	        ->  Index Scan using sbtest7_pkey on sbtest7  (cost=0.43..411.63 rows=104 width=121)
	              Index Cond: ((id >= 813011) AND (id <= 813110))

table 8 : explain SELECT DISTINCT c FROM sbtest8 WHERE id BETWEEN 1413735 AND 1413834 ORDER BY c
	Unique  (cost=427.19..427.73 rows=107 width=121)
	  ->  Sort  (cost=427.19..427.46 rows=107 width=121)
	        Sort Key: c
	        ->  Index Scan using sbtest8_pkey on sbtest8  (cost=0.43..423.59 rows=107 width=121)
	              Index Cond: ((id >= 1413735) AND (id <= 1413834))

for: distinct_ranges
table 1 : explain SELECT DISTINCT c FROM sbtest1 WHERE id BETWEEN 895852 AND 895951 ORDER BY c
	Unique  (cost=396.31..396.80 rows=99 width=121)
	  ->  Sort  (cost=396.31..396.56 rows=99 width=121)
	        Sort Key: c
	        ->  Index Scan using sbtest1_pkey on sbtest1  (cost=0.43..393.03 rows=99 width=121)
	              Index Cond: ((id >= 895852) AND (id <= 895951))

table 2 : explain SELECT DISTINCT c FROM sbtest2 WHERE id BETWEEN 7564889 AND 7564988 ORDER BY c
	Unique  (cost=426.86..427.40 rows=107 width=121)
	  ->  Sort  (cost=426.86..427.13 rows=107 width=121)
	        Sort Key: c
	        ->  Index Scan using sbtest2_pkey on sbtest2  (cost=0.43..423.26 rows=107 width=121)
	              Index Cond: ((id >= 7564889) AND (id <= 7564988))

table 3 : explain SELECT DISTINCT c FROM sbtest3 WHERE id BETWEEN 1992649 AND 1992748 ORDER BY c
	Unique  (cost=352.85..353.29 rows=88 width=121)
	  ->  Sort  (cost=352.85..353.07 rows=88 width=121)
	        Sort Key: c
	        ->  Index Scan using sbtest3_pkey on sbtest3  (cost=0.43..350.01 rows=88 width=121)
	              Index Cond: ((id >= 1992649) AND (id <= 1992748))

table 4 : explain SELECT DISTINCT c FROM sbtest4 WHERE id BETWEEN 9590136 AND 9590235 ORDER BY c
	Unique  (cost=426.37..426.90 rows=107 width=121)
	  ->  Sort  (cost=426.37..426.64 rows=107 width=121)
	        Sort Key: c
	        ->  Index Scan using sbtest4_pkey on sbtest4  (cost=0.43..422.76 rows=107 width=121)
	              Index Cond: ((id >= 9590136) AND (id <= 9590235))

table 5 : explain SELECT DISTINCT c FROM sbtest5 WHERE id BETWEEN 4190399 AND 4190498 ORDER BY c
	Unique  (cost=407.24..407.75 rows=102 width=121)
	  ->  Sort  (cost=407.24..407.50 rows=102 width=121)
	        Sort Key: c
	        ->  Index Scan using sbtest5_pkey on sbtest5  (cost=0.43..403.84 rows=102 width=121)
	              Index Cond: ((id >= 4190399) AND (id <= 4190498))

table 6 : explain SELECT DISTINCT c FROM sbtest6 WHERE id BETWEEN 8111793 AND 8111892 ORDER BY c
	Unique  (cost=372.39..372.85 rows=93 width=121)
	  ->  Sort  (cost=372.39..372.62 rows=93 width=121)
	        Sort Key: c
	        ->  Index Scan using sbtest6_pkey on sbtest6  (cost=0.43..369.35 rows=93 width=121)
	              Index Cond: ((id >= 8111793) AND (id <= 8111892))

table 7 : explain SELECT DISTINCT c FROM sbtest7 WHERE id BETWEEN 1512858 AND 1512957 ORDER BY c
	Unique  (cost=395.34..395.84 rows=99 width=121)
	  ->  Sort  (cost=395.34..395.59 rows=99 width=121)
	        Sort Key: c
	        ->  Index Scan using sbtest7_pkey on sbtest7  (cost=0.43..392.06 rows=99 width=121)
	              Index Cond: ((id >= 1512858) AND (id <= 1512957))

table 8 : explain SELECT DISTINCT c FROM sbtest8 WHERE id BETWEEN 8795954 AND 8796053 ORDER BY c
	Unique  (cost=399.50..400.00 rows=100 width=121)
	  ->  Sort  (cost=399.50..399.75 rows=100 width=121)
	        Sort Key: c
	        ->  Index Scan using sbtest8_pkey on sbtest8  (cost=0.43..396.18 rows=100 width=121)
	              Index Cond: ((id >= 8795954) AND (id <= 8796053))

for: simple_ranges
table 1 : explain SELECT c FROM sbtest1 WHERE id BETWEEN 7615735 AND 7615834
	Index Scan using sbtest1_pkey on sbtest1  (cost=0.43..393.03 rows=99 width=121)
	  Index Cond: ((id >= 7615735) AND (id <= 7615834))

table 2 : explain SELECT c FROM sbtest2 WHERE id BETWEEN 4464744 AND 4464843
	Index Scan using sbtest2_pkey on sbtest2  (cost=0.43..384.11 rows=97 width=121)
	  Index Cond: ((id >= 4464744) AND (id <= 4464843))

table 3 : explain SELECT c FROM sbtest3 WHERE id BETWEEN 9084507 AND 9084606
	Index Scan using sbtest3_pkey on sbtest3  (cost=0.43..365.71 rows=92 width=121)
	  Index Cond: ((id >= 9084507) AND (id <= 9084606))

table 4 : explain SELECT c FROM sbtest4 WHERE id BETWEEN 8760264 AND 8760363
	Index Scan using sbtest4_pkey on sbtest4  (cost=0.43..375.84 rows=95 width=121)
	  Index Cond: ((id >= 8760264) AND (id <= 8760363))

table 5 : explain SELECT c FROM sbtest5 WHERE id BETWEEN 272840 AND 272939
	Index Scan using sbtest5_pkey on sbtest5  (cost=0.43..407.76 rows=103 width=121)
	  Index Cond: ((id >= 272840) AND (id <= 272939))

table 6 : explain SELECT c FROM sbtest6 WHERE id BETWEEN 8618089 AND 8618188
	Index Scan using sbtest6_pkey on sbtest6  (cost=0.43..420.36 rows=106 width=121)
	  Index Cond: ((id >= 8618089) AND (id <= 8618188))

table 7 : explain SELECT c FROM sbtest7 WHERE id BETWEEN 1032118 AND 1032217
	Index Scan using sbtest7_pkey on sbtest7  (cost=0.43..384.23 rows=97 width=121)
	  Index Cond: ((id >= 1032118) AND (id <= 1032217))

table 8 : explain SELECT c FROM sbtest8 WHERE id BETWEEN 8010832 AND 8010931
	Index Scan using sbtest8_pkey on sbtest8  (cost=0.43..451.00 rows=114 width=121)
	  Index Cond: ((id >= 8010832) AND (id <= 8010931))

for: sum_ranges
table 1 : explain SELECT SUM(k) FROM sbtest1 WHERE id BETWEEN 784834 AND 784933
	Aggregate  (cost=408.98..408.99 rows=1 width=8)
	  ->  Index Scan using sbtest1_pkey on sbtest1  (cost=0.43..408.72 rows=103 width=4)
	        Index Cond: ((id >= 784834) AND (id <= 784933))

table 2 : explain SELECT SUM(k) FROM sbtest2 WHERE id BETWEEN 2561730 AND 2561829
	Aggregate  (cost=400.04..400.05 rows=1 width=8)
	  ->  Index Scan using sbtest2_pkey on sbtest2  (cost=0.43..399.78 rows=101 width=4)
	        Index Cond: ((id >= 2561730) AND (id <= 2561829))

table 3 : explain SELECT SUM(k) FROM sbtest3 WHERE id BETWEEN 4732717 AND 4732816
	Aggregate  (cost=420.95..420.96 rows=1 width=8)
	  ->  Index Scan using sbtest3_pkey on sbtest3  (cost=0.43..420.69 rows=106 width=4)
	        Index Cond: ((id >= 4732717) AND (id <= 4732816))

table 4 : explain SELECT SUM(k) FROM sbtest4 WHERE id BETWEEN 6371770 AND 6371869
	Aggregate  (cost=419.12..419.13 rows=1 width=8)
	  ->  Index Scan using sbtest4_pkey on sbtest4  (cost=0.43..418.85 rows=106 width=4)
	        Index Cond: ((id >= 6371770) AND (id <= 6371869))

table 5 : explain SELECT SUM(k) FROM sbtest5 WHERE id BETWEEN 8532023 AND 8532122
	Aggregate  (cost=388.43..388.44 rows=1 width=8)
	  ->  Index Scan using sbtest5_pkey on sbtest5  (cost=0.43..388.19 rows=98 width=4)
	        Index Cond: ((id >= 8532023) AND (id <= 8532122))

table 6 : explain SELECT SUM(k) FROM sbtest6 WHERE id BETWEEN 795494 AND 795593
	Aggregate  (cost=412.78..412.79 rows=1 width=8)
	  ->  Index Scan using sbtest6_pkey on sbtest6  (cost=0.43..412.52 rows=104 width=4)
	        Index Cond: ((id >= 795494) AND (id <= 795593))

table 7 : explain SELECT SUM(k) FROM sbtest7 WHERE id BETWEEN 3074986 AND 3075085
	Aggregate  (cost=380.56..380.57 rows=1 width=8)
	  ->  Index Scan using sbtest7_pkey on sbtest7  (cost=0.43..380.32 rows=96 width=4)
	        Index Cond: ((id >= 3074986) AND (id <= 3075085))

table 8 : explain SELECT SUM(k) FROM sbtest8 WHERE id BETWEEN 2481642 AND 2481741
	Aggregate  (cost=431.69..431.70 rows=1 width=8)
	  ->  Index Scan using sbtest8_pkey on sbtest8  (cost=0.43..431.42 rows=109 width=4)
	        Index Cond: ((id >= 2481642) AND (id <= 2481741))

for: distinct_ranges
table 1 : explain SELECT DISTINCT c FROM sbtest1 WHERE id BETWEEN 300366 AND 300465 ORDER BY c
	Unique  (cost=380.45..380.93 rows=95 width=121)
	  ->  Sort  (cost=380.45..380.69 rows=95 width=121)
	        Sort Key: c
	        ->  Index Scan using sbtest1_pkey on sbtest1  (cost=0.43..377.33 rows=95 width=121)
	              Index Cond: ((id >= 300366) AND (id <= 300465))

table 2 : explain SELECT DISTINCT c FROM sbtest2 WHERE id BETWEEN 1886138 AND 1886237 ORDER BY c
	Unique  (cost=403.15..403.65 rows=101 width=121)
	  ->  Sort  (cost=403.15..403.40 rows=101 width=121)
	        Sort Key: c
	        ->  Index Scan using sbtest2_pkey on sbtest2  (cost=0.43..399.78 rows=101 width=121)
	              Index Cond: ((id >= 1886138) AND (id <= 1886237))

table 3 : explain SELECT DISTINCT c FROM sbtest3 WHERE id BETWEEN 3930876 AND 3930975 ORDER BY c
	Unique  (cost=444.09..444.64 rows=111 width=121)
	  ->  Sort  (cost=444.09..444.36 rows=111 width=121)
	        Sort Key: c
	        ->  Index Scan using sbtest3_pkey on sbtest3  (cost=0.43..440.32 rows=111 width=121)
	              Index Cond: ((id >= 3930876) AND (id <= 3930975))

table 4 : explain SELECT DISTINCT c FROM sbtest4 WHERE id BETWEEN 6444315 AND 6444414 ORDER BY c
	Unique  (cost=378.96..379.44 rows=95 width=121)
	  ->  Sort  (cost=378.96..379.20 rows=95 width=121)
	        Sort Key: c
	        ->  Index Scan using sbtest4_pkey on sbtest4  (cost=0.43..375.84 rows=95 width=121)
	              Index Cond: ((id >= 6444315) AND (id <= 6444414))

table 5 : explain SELECT DISTINCT c FROM sbtest5 WHERE id BETWEEN 7796080 AND 7796179 ORDER BY c
	Unique  (cost=427.02..427.55 rows=107 width=121)
	  ->  Sort  (cost=427.02..427.29 rows=107 width=121)
	        Sort Key: c
	        ->  Index Scan using sbtest5_pkey on sbtest5  (cost=0.43..423.41 rows=107 width=121)
	              Index Cond: ((id >= 7796080) AND (id <= 7796179))

table 6 : explain SELECT DISTINCT c FROM sbtest6 WHERE id BETWEEN 8258645 AND 8258744 ORDER BY c
	Unique  (cost=380.31..380.79 rows=95 width=121)
	  ->  Sort  (cost=380.31..380.55 rows=95 width=121)
	        Sort Key: c
	        ->  Index Scan using sbtest6_pkey on sbtest6  (cost=0.43..377.19 rows=95 width=121)
	              Index Cond: ((id >= 8258645) AND (id <= 8258744))

table 7 : explain SELECT DISTINCT c FROM sbtest7 WHERE id BETWEEN 9015302 AND 9015401 ORDER BY c
	Unique  (cost=403.25..403.76 rows=101 width=121)
	  ->  Sort  (cost=403.25..403.50 rows=101 width=121)
	        Sort Key: c
	        ->  Index Scan using sbtest7_pkey on sbtest7  (cost=0.43..399.89 rows=101 width=121)
	              Index Cond: ((id >= 9015302) AND (id <= 9015401))

table 8 : explain SELECT DISTINCT c FROM sbtest8 WHERE id BETWEEN 8687103 AND 8687202 ORDER BY c
	Unique  (cost=375.74..376.21 rows=94 width=121)
	  ->  Sort  (cost=375.74..375.97 rows=94 width=121)
	        Sort Key: c
	        ->  Index Scan using sbtest8_pkey on sbtest8  (cost=0.43..372.66 rows=94 width=121)
	              Index Cond: ((id >= 8687103) AND (id <= 8687202))

explain: for point_selects :: explain SELECT c FROM sbtest%u WHERE id=%u
for: order_ranges
table 1 : explain SELECT c FROM sbtest1 WHERE id BETWEEN 1403526 AND 1403625 ORDER BY c
	Sort  (cost=392.34..392.59 rows=98 width=121)
	  Sort Key: c
	  ->  Index Scan using sbtest1_pkey on sbtest1  (cost=0.43..389.10 rows=98 width=121)
	        Index Cond: ((id >= 1403526) AND (id <= 1403625))

table 2 : explain SELECT c FROM sbtest2 WHERE id BETWEEN 240276 AND 240375 ORDER BY c
	Sort  (cost=391.26..391.51 rows=98 width=121)
	  Sort Key: c
	  ->  Index Scan using sbtest2_pkey on sbtest2  (cost=0.43..388.02 rows=98 width=121)
	        Index Cond: ((id >= 240276) AND (id <= 240375))

table 3 : explain SELECT c FROM sbtest3 WHERE id BETWEEN 7179293 AND 7179392 ORDER BY c
	Sort  (cost=392.50..392.75 rows=98 width=121)
	  Sort Key: c
	  ->  Index Scan using sbtest3_pkey on sbtest3  (cost=0.43..389.26 rows=98 width=121)
	        Index Cond: ((id >= 7179293) AND (id <= 7179392))

table 4 : explain SELECT c FROM sbtest4 WHERE id BETWEEN 7810031 AND 7810130 ORDER BY c
	Sort  (cost=382.91..383.15 rows=96 width=121)
	  Sort Key: c
	  ->  Index Scan using sbtest4_pkey on sbtest4  (cost=0.43..379.75 rows=96 width=121)
	        Index Cond: ((id >= 7810031) AND (id <= 7810130))

table 5 : explain SELECT c FROM sbtest5 WHERE id BETWEEN 7504860 AND 7504959 ORDER BY c
	Sort  (cost=407.24..407.50 rows=102 width=121)
	  Sort Key: c
	  ->  Index Scan using sbtest5_pkey on sbtest5  (cost=0.43..403.84 rows=102 width=121)
	        Index Cond: ((id >= 7504860) AND (id <= 7504959))

table 6 : explain SELECT c FROM sbtest6 WHERE id BETWEEN 4470923 AND 4471022 ORDER BY c
	Sort  (cost=392.22..392.47 rows=98 width=121)
	  Sort Key: c
	  ->  Index Scan using sbtest6_pkey on sbtest6  (cost=0.43..388.98 rows=98 width=121)
	        Index Cond: ((id >= 4470923) AND (id <= 4471022))

table 7 : explain SELECT c FROM sbtest7 WHERE id BETWEEN 9195888 AND 9195987 ORDER BY c
	Sort  (cost=363.69..363.92 rows=91 width=121)
	  Sort Key: c
	  ->  Index Scan using sbtest7_pkey on sbtest7  (cost=0.43..360.73 rows=91 width=121)
	        Index Cond: ((id >= 9195888) AND (id <= 9195987))

table 8 : explain SELECT c FROM sbtest8 WHERE id BETWEEN 2296005 AND 2296104 ORDER BY c
	Sort  (cost=415.32..415.58 rows=104 width=121)
	  Sort Key: c
	  ->  Index Scan using sbtest8_pkey on sbtest8  (cost=0.43..411.84 rows=104 width=121)
	        Index Cond: ((id >= 2296005) AND (id <= 2296104))

for: order_ranges
table 1 : explain SELECT c FROM sbtest1 WHERE id BETWEEN 5841143 AND 5841242 ORDER BY c
	Sort  (cost=400.27..400.52 rows=100 width=121)
	  Sort Key: c
	  ->  Index Scan using sbtest1_pkey on sbtest1  (cost=0.43..396.95 rows=100 width=121)
	        Index Cond: ((id >= 5841143) AND (id <= 5841242))

table 2 : explain SELECT c FROM sbtest2 WHERE id BETWEEN 9996566 AND 9996665 ORDER BY c
	Sort  (cost=450.59..450.87 rows=113 width=121)
	  Sort Key: c
	  ->  Index Scan using sbtest2_pkey on sbtest2  (cost=0.43..446.73 rows=113 width=121)
	        Index Cond: ((id >= 9996566) AND (id <= 9996665))

table 3 : explain SELECT c FROM sbtest3 WHERE id BETWEEN 8752976 AND 8753075 ORDER BY c
	Sort  (cost=404.42..404.68 rows=101 width=121)
	  Sort Key: c
	  ->  Index Scan using sbtest3_pkey on sbtest3  (cost=0.43..401.06 rows=101 width=121)
	        Index Cond: ((id >= 8752976) AND (id <= 8753075))

table 4 : explain SELECT c FROM sbtest4 WHERE id BETWEEN 2681489 AND 2681588 ORDER BY c
	Sort  (cost=398.73..398.98 rows=100 width=121)
	  Sort Key: c
	  ->  Index Scan using sbtest4_pkey on sbtest4  (cost=0.43..395.41 rows=100 width=121)
	        Index Cond: ((id >= 2681489) AND (id <= 2681588))

table 5 : explain SELECT c FROM sbtest5 WHERE id BETWEEN 2601307 AND 2601406 ORDER BY c
	Sort  (cost=419.11..419.37 rows=105 width=121)
	  Sort Key: c
	  ->  Index Scan using sbtest5_pkey on sbtest5  (cost=0.43..415.58 rows=105 width=121)
	        Index Cond: ((id >= 2601307) AND (id <= 2601406))

table 6 : explain SELECT c FROM sbtest6 WHERE id BETWEEN 4762150 AND 4762249 ORDER BY c
	Sort  (cost=376.35..376.59 rows=94 width=121)
	  Sort Key: c
	  ->  Index Scan using sbtest6_pkey on sbtest6  (cost=0.43..373.27 rows=94 width=121)
	        Index Cond: ((id >= 4762150) AND (id <= 4762249))

table 7 : explain SELECT c FROM sbtest7 WHERE id BETWEEN 3427780 AND 3427879 ORDER BY c
	Sort  (cost=383.48..383.72 rows=96 width=121)
	  Sort Key: c
	  ->  Index Scan using sbtest7_pkey on sbtest7  (cost=0.43..380.32 rows=96 width=121)
	        Index Cond: ((id >= 3427780) AND (id <= 3427879))

table 8 : explain SELECT c FROM sbtest8 WHERE id BETWEEN 5064730 AND 5064829 ORDER BY c
	Sort  (cost=435.11..435.38 rows=109 width=121)
	  Sort Key: c
	  ->  Index Scan using sbtest8_pkey on sbtest8  (cost=0.43..431.42 rows=109 width=121)
	        Index Cond: ((id >= 5064730) AND (id <= 5064829))

explain: for point_selects :: explain SELECT c FROM sbtest%u WHERE id=%u
for: distinct_ranges
table 1 : explain SELECT DISTINCT c FROM sbtest1 WHERE id BETWEEN 4682488 AND 4682587 ORDER BY c
	Unique  (cost=400.27..400.77 rows=100 width=121)
	  ->  Sort  (cost=400.27..400.52 rows=100 width=121)
	        Sort Key: c
	        ->  Index Scan using sbtest1_pkey on sbtest1  (cost=0.43..396.95 rows=100 width=121)
	              Index Cond: ((id >= 4682488) AND (id <= 4682587))

table 2 : explain SELECT DISTINCT c FROM sbtest2 WHERE id BETWEEN 764483 AND 764582 ORDER BY c
	Unique  (cost=363.59..364.05 rows=91 width=121)
	  ->  Sort  (cost=363.59..363.82 rows=91 width=121)
	        Sort Key: c
	        ->  Index Scan using sbtest2_pkey on sbtest2  (cost=0.43..360.63 rows=91 width=121)
	              Index Cond: ((id >= 764483) AND (id <= 764582))

table 3 : explain SELECT DISTINCT c FROM sbtest3 WHERE id BETWEEN 1454243 AND 1454342 ORDER BY c
	Unique  (cost=412.36..412.87 rows=103 width=121)
	  ->  Sort  (cost=412.36..412.61 rows=103 width=121)
	        Sort Key: c
	        ->  Index Scan using sbtest3_pkey on sbtest3  (cost=0.43..408.91 rows=103 width=121)
	              Index Cond: ((id >= 1454243) AND (id <= 1454342))

table 4 : explain SELECT DISTINCT c FROM sbtest4 WHERE id BETWEEN 5484220 AND 5484319 ORDER BY c
	Unique  (cost=367.12..367.58 rows=92 width=121)
	  ->  Sort  (cost=367.12..367.35 rows=92 width=121)
	        Sort Key: c
	        ->  Index Scan using sbtest4_pkey on sbtest4  (cost=0.43..364.12 rows=92 width=121)
	              Index Cond: ((id >= 5484220) AND (id <= 5484319))

table 5 : explain SELECT DISTINCT c FROM sbtest5 WHERE id BETWEEN 424057 AND 424156 ORDER BY c
	Unique  (cost=391.43..391.92 rows=98 width=121)
	  ->  Sort  (cost=391.43..391.67 rows=98 width=121)
	        Sort Key: c
	        ->  Index Scan using sbtest5_pkey on sbtest5  (cost=0.43..388.19 rows=98 width=121)
	              Index Cond: ((id >= 424057) AND (id <= 424156))

table 6 : explain SELECT DISTINCT c FROM sbtest6 WHERE id BETWEEN 5809398 AND 5809497 ORDER BY c
	Unique  (cost=447.71..448.27 rows=112 width=121)
	  ->  Sort  (cost=447.71..447.99 rows=112 width=121)
	        Sort Key: c
	        ->  Index Scan using sbtest6_pkey on sbtest6  (cost=0.43..443.89 rows=112 width=121)
	              Index Cond: ((id >= 5809398) AND (id <= 5809497))

table 7 : explain SELECT DISTINCT c FROM sbtest7 WHERE id BETWEEN 1473875 AND 1473974 ORDER BY c
	Unique  (cost=426.98..427.51 rows=107 width=121)
	  ->  Sort  (cost=426.98..427.24 rows=107 width=121)
	        Sort Key: c
	        ->  Index Scan using sbtest7_pkey on sbtest7  (cost=0.43..423.37 rows=107 width=121)
	              Index Cond: ((id >= 1473875) AND (id <= 1473974))

table 8 : explain SELECT DISTINCT c FROM sbtest8 WHERE id BETWEEN 8279547 AND 8279646 ORDER BY c
	Unique  (cost=387.63..388.12 rows=97 width=121)
	  ->  Sort  (cost=387.63..387.87 rows=97 width=121)
	        Sort Key: c
	        ->  Index Scan using sbtest8_pkey on sbtest8  (cost=0.43..384.43 rows=97 width=121)
	              Index Cond: ((id >= 8279547) AND (id <= 8279646))

for: sum_ranges
table 1 : explain SELECT SUM(k) FROM sbtest1 WHERE id BETWEEN 4588889 AND 4588988
	Aggregate  (cost=416.83..416.84 rows=1 width=8)
	  ->  Index Scan using sbtest1_pkey on sbtest1  (cost=0.43..416.57 rows=105 width=4)
	        Index Cond: ((id >= 4588889) AND (id <= 4588988))

table 2 : explain SELECT SUM(k) FROM sbtest2 WHERE id BETWEEN 9067177 AND 9067276
	Aggregate  (cost=388.26..388.27 rows=1 width=8)
	  ->  Index Scan using sbtest2_pkey on sbtest2  (cost=0.43..388.02 rows=98 width=4)
	        Index Cond: ((id >= 9067177) AND (id <= 9067276))

table 3 : explain SELECT SUM(k) FROM sbtest3 WHERE id BETWEEN 3151957 AND 3152056
	Aggregate  (cost=373.80..373.81 rows=1 width=8)
	  ->  Index Scan using sbtest3_pkey on sbtest3  (cost=0.43..373.56 rows=94 width=4)
	        Index Cond: ((id >= 3151957) AND (id <= 3152056))

table 4 : explain SELECT SUM(k) FROM sbtest4 WHERE id BETWEEN 2111696 AND 2111795
	Aggregate  (cost=372.17..372.18 rows=1 width=8)
	  ->  Index Scan using sbtest4_pkey on sbtest4  (cost=0.43..371.93 rows=94 width=4)
	        Index Cond: ((id >= 2111696) AND (id <= 2111795))

table 5 : explain SELECT SUM(k) FROM sbtest5 WHERE id BETWEEN 507286 AND 507385
	Aggregate  (cost=408.01..408.02 rows=1 width=8)
	  ->  Index Scan using sbtest5_pkey on sbtest5  (cost=0.43..407.76 rows=103 width=4)
	        Index Cond: ((id >= 507286) AND (id <= 507385))

table 6 : explain SELECT SUM(k) FROM sbtest6 WHERE id BETWEEN 8259153 AND 8259252
	Aggregate  (cost=377.43..377.44 rows=1 width=8)
	  ->  Index Scan using sbtest6_pkey on sbtest6  (cost=0.43..377.19 rows=95 width=4)
	        Index Cond: ((id >= 8259153) AND (id <= 8259252))

table 7 : explain SELECT SUM(k) FROM sbtest7 WHERE id BETWEEN 83283 AND 83382
	Aggregate  (cost=404.06..404.07 rows=1 width=8)
	  ->  Index Scan using sbtest7_pkey on sbtest7  (cost=0.43..403.80 rows=102 width=4)
	        Index Cond: ((id >= 83283) AND (id <= 83382))

table 8 : explain SELECT SUM(k) FROM sbtest8 WHERE id BETWEEN 9262606 AND 9262705
	Aggregate  (cost=376.81..376.82 rows=1 width=8)
	  ->  Index Scan using sbtest8_pkey on sbtest8  (cost=0.43..376.57 rows=95 width=4)
	        Index Cond: ((id >= 9262606) AND (id <= 9262705))

for: sum_ranges
table 1 : explain SELECT SUM(k) FROM sbtest1 WHERE id BETWEEN 1418395 AND 1418494
	Aggregate  (cost=381.50..381.51 rows=1 width=8)
	  ->  Index Scan using sbtest1_pkey on sbtest1  (cost=0.43..381.26 rows=96 width=4)
	        Index Cond: ((id >= 1418395) AND (id <= 1418494))

table 2 : explain SELECT SUM(k) FROM sbtest2 WHERE id BETWEEN 8559449 AND 8559548
	Aggregate  (cost=364.77..364.78 rows=1 width=8)
	  ->  Index Scan using sbtest2_pkey on sbtest2  (cost=0.43..364.54 rows=92 width=4)
	        Index Cond: ((id >= 8559449) AND (id <= 8559548))

table 3 : explain SELECT SUM(k) FROM sbtest3 WHERE id BETWEEN 3223686 AND 3223785
	Aggregate  (cost=393.46..393.47 rows=1 width=8)
	  ->  Index Scan using sbtest3_pkey on sbtest3  (cost=0.43..393.21 rows=99 width=4)
	        Index Cond: ((id >= 3223686) AND (id <= 3223785))

table 4 : explain SELECT SUM(k) FROM sbtest4 WHERE id BETWEEN 6376380 AND 6376479
	Aggregate  (cost=419.12..419.13 rows=1 width=8)
	  ->  Index Scan using sbtest4_pkey on sbtest4  (cost=0.43..418.85 rows=106 width=4)
	        Index Cond: ((id >= 6376380) AND (id <= 6376479))

table 5 : explain SELECT SUM(k) FROM sbtest5 WHERE id BETWEEN 3373170 AND 3373269
	Aggregate  (cost=357.07..357.08 rows=1 width=8)
	  ->  Index Scan using sbtest5_pkey on sbtest5  (cost=0.43..356.85 rows=90 width=4)
	        Index Cond: ((id >= 3373170) AND (id <= 3373269))

table 6 : explain SELECT SUM(k) FROM sbtest6 WHERE id BETWEEN 1668014 AND 1668113
	Aggregate  (cost=412.78..412.79 rows=1 width=8)
	  ->  Index Scan using sbtest6_pkey on sbtest6  (cost=0.43..412.52 rows=104 width=4)
	        Index Cond: ((id >= 1668014) AND (id <= 1668113))

table 7 : explain SELECT SUM(k) FROM sbtest7 WHERE id BETWEEN 6000278 AND 6000377
	Aggregate  (cost=388.39..388.40 rows=1 width=8)
	  ->  Index Scan using sbtest7_pkey on sbtest7  (cost=0.43..388.15 rows=98 width=4)
	        Index Cond: ((id >= 6000278) AND (id <= 6000377))

table 8 : explain SELECT SUM(k) FROM sbtest8 WHERE id BETWEEN 1148168 AND 1148267
	Aggregate  (cost=423.85..423.86 rows=1 width=8)
	  ->  Index Scan using sbtest8_pkey on sbtest8  (cost=0.43..423.59 rows=107 width=4)
	        Index Cond: ((id >= 1148168) AND (id <= 1148267))

for: sum_ranges
table 1 : explain SELECT SUM(k) FROM sbtest1 WHERE id BETWEEN 7815583 AND 7815682
	Aggregate  (cost=393.27..393.28 rows=1 width=8)
	  ->  Index Scan using sbtest1_pkey on sbtest1  (cost=0.43..393.03 rows=99 width=4)
	        Index Cond: ((id >= 7815583) AND (id <= 7815682))

table 2 : explain SELECT SUM(k) FROM sbtest2 WHERE id BETWEEN 3163129 AND 3163228
	Aggregate  (cost=392.21..392.22 rows=1 width=8)
	  ->  Index Scan using sbtest2_pkey on sbtest2  (cost=0.43..391.96 rows=99 width=4)
	        Index Cond: ((id >= 3163129) AND (id <= 3163228))

table 3 : explain SELECT SUM(k) FROM sbtest3 WHERE id BETWEEN 8069729 AND 8069828
	Aggregate  (cost=397.39..397.40 rows=1 width=8)
	  ->  Index Scan using sbtest3_pkey on sbtest3  (cost=0.43..397.14 rows=100 width=4)
	        Index Cond: ((id >= 8069729) AND (id <= 8069828))

table 4 : explain SELECT SUM(k) FROM sbtest4 WHERE id BETWEEN 4294757 AND 4294856
	Aggregate  (cost=360.44..360.45 rows=1 width=8)
	  ->  Index Scan using sbtest4_pkey on sbtest4  (cost=0.43..360.21 rows=91 width=4)
	        Index Cond: ((id >= 4294757) AND (id <= 4294856))

table 5 : explain SELECT SUM(k) FROM sbtest5 WHERE id BETWEEN 167286 AND 167385
	Aggregate  (cost=360.99..361.00 rows=1 width=8)
	  ->  Index Scan using sbtest5_pkey on sbtest5  (cost=0.43..360.76 rows=91 width=4)
	        Index Cond: ((id >= 167286) AND (id <= 167385))

table 6 : explain SELECT SUM(k) FROM sbtest6 WHERE id BETWEEN 9153223 AND 9153322
	Aggregate  (cost=416.70..416.71 rows=1 width=8)
	  ->  Index Scan using sbtest6_pkey on sbtest6  (cost=0.43..416.44 rows=105 width=4)
	        Index Cond: ((id >= 9153223) AND (id <= 9153322))

table 7 : explain SELECT SUM(k) FROM sbtest7 WHERE id BETWEEN 9648060 AND 9648159
	Aggregate  (cost=384.48..384.49 rows=1 width=8)
	  ->  Index Scan using sbtest7_pkey on sbtest7  (cost=0.43..384.23 rows=97 width=4)
	        Index Cond: ((id >= 9648060) AND (id <= 9648159))

table 8 : explain SELECT SUM(k) FROM sbtest8 WHERE id BETWEEN 1827309 AND 1827408
	Aggregate  (cost=388.59..388.60 rows=1 width=8)
	  ->  Index Scan using sbtest8_pkey on sbtest8  (cost=0.43..388.35 rows=98 width=4)
	        Index Cond: ((id >= 1827309) AND (id <= 1827408))

for: simple_ranges
table 1 : explain SELECT c FROM sbtest1 WHERE id BETWEEN 4475609 AND 4475708
	Index Scan using sbtest1_pkey on sbtest1  (cost=0.43..385.18 rows=97 width=121)
	  Index Cond: ((id >= 4475609) AND (id <= 4475708))

table 2 : explain SELECT c FROM sbtest2 WHERE id BETWEEN 8478713 AND 8478812
	Index Scan using sbtest2_pkey on sbtest2  (cost=0.43..376.28 rows=95 width=121)
	  Index Cond: ((id >= 8478713) AND (id <= 8478812))

table 3 : explain SELECT c FROM sbtest3 WHERE id BETWEEN 8897564 AND 8897663
	Index Scan using sbtest3_pkey on sbtest3  (cost=0.43..342.16 rows=86 width=121)
	  Index Cond: ((id >= 8897564) AND (id <= 8897663))

table 4 : explain SELECT c FROM sbtest4 WHERE id BETWEEN 555730 AND 555829
	Index Scan using sbtest4_pkey on sbtest4  (cost=0.43..407.13 rows=103 width=121)
	  Index Cond: ((id >= 555730) AND (id <= 555829))

table 5 : explain SELECT c FROM sbtest5 WHERE id BETWEEN 3458682 AND 3458781
	Index Scan using sbtest5_pkey on sbtest5  (cost=0.43..423.41 rows=107 width=121)
	  Index Cond: ((id >= 3458682) AND (id <= 3458781))

table 6 : explain SELECT c FROM sbtest6 WHERE id BETWEEN 4407255 AND 4407354
	Index Scan using sbtest6_pkey on sbtest6  (cost=0.43..408.59 rows=103 width=121)
	  Index Cond: ((id >= 4407255) AND (id <= 4407354))

table 7 : explain SELECT c FROM sbtest7 WHERE id BETWEEN 3280097 AND 3280196
	Index Scan using sbtest7_pkey on sbtest7  (cost=0.43..407.72 rows=103 width=121)
	  Index Cond: ((id >= 3280097) AND (id <= 3280196))

table 8 : explain SELECT c FROM sbtest8 WHERE id BETWEEN 5783728 AND 5783827
	Index Scan using sbtest8_pkey on sbtest8  (cost=0.43..411.84 rows=104 width=121)
	  Index Cond: ((id >= 5783728) AND (id <= 5783827))

for: order_ranges
table 1 : explain SELECT c FROM sbtest1 WHERE id BETWEEN 2412519 AND 2412618 ORDER BY c
	Sort  (cost=396.31..396.56 rows=99 width=121)
	  Sort Key: c
	  ->  Index Scan using sbtest1_pkey on sbtest1  (cost=0.43..393.03 rows=99 width=121)
	        Index Cond: ((id >= 2412519) AND (id <= 2412618))

table 2 : explain SELECT c FROM sbtest2 WHERE id BETWEEN 2023318 AND 2023417 ORDER BY c
	Sort  (cost=379.40..379.64 rows=95 width=121)
	  Sort Key: c
	  ->  Index Scan using sbtest2_pkey on sbtest2  (cost=0.43..376.28 rows=95 width=121)
	        Index Cond: ((id >= 2023318) AND (id <= 2023417))

table 3 : explain SELECT c FROM sbtest3 WHERE id BETWEEN 7778636 AND 7778735 ORDER BY c
	Sort  (cost=384.57..384.81 rows=96 width=121)
	  Sort Key: c
	  ->  Index Scan using sbtest3_pkey on sbtest3  (cost=0.43..381.41 rows=96 width=121)
	        Index Cond: ((id >= 7778636) AND (id <= 7778735))

table 4 : explain SELECT c FROM sbtest4 WHERE id BETWEEN 5557265 AND 5557364 ORDER BY c
	Sort  (cost=359.22..359.45 rows=90 width=121)
	  Sort Key: c
	  ->  Index Scan using sbtest4_pkey on sbtest4  (cost=0.43..356.30 rows=90 width=121)
	        Index Cond: ((id >= 5557265) AND (id <= 5557364))

table 5 : explain SELECT c FROM sbtest5 WHERE id BETWEEN 5921947 AND 5922046 ORDER BY c
	Sort  (cost=411.20..411.46 rows=103 width=121)
	  Sort Key: c
	  ->  Index Scan using sbtest5_pkey on sbtest5  (cost=0.43..407.76 rows=103 width=121)
	        Index Cond: ((id >= 5921947) AND (id <= 5922046))

table 6 : explain SELECT c FROM sbtest6 WHERE id BETWEEN 468976 AND 469075 ORDER BY c
	Sort  (cost=372.39..372.62 rows=93 width=121)
	  Sort Key: c
	  ->  Index Scan using sbtest6_pkey on sbtest6  (cost=0.43..369.35 rows=93 width=121)
	        Index Cond: ((id >= 468976) AND (id <= 469075))

table 7 : explain SELECT c FROM sbtest7 WHERE id BETWEEN 3258162 AND 3258261 ORDER BY c
	Sort  (cost=411.16..411.42 rows=103 width=121)
	  Sort Key: c
	  ->  Index Scan using sbtest7_pkey on sbtest7  (cost=0.43..407.72 rows=103 width=121)
	        Index Cond: ((id >= 3258162) AND (id <= 3258261))

table 8 : explain SELECT c FROM sbtest8 WHERE id BETWEEN 111581 AND 111680 ORDER BY c
	Sort  (cost=371.78..372.02 rows=93 width=121)
	  Sort Key: c
	  ->  Index Scan using sbtest8_pkey on sbtest8  (cost=0.43..368.74 rows=93 width=121)
	        Index Cond: ((id >= 111581) AND (id <= 111680))

for: order_ranges
table 1 : explain SELECT c FROM sbtest1 WHERE id BETWEEN 3193251 AND 3193350 ORDER BY c
	Sort  (cost=404.24..404.49 rows=101 width=121)
	  Sort Key: c
	  ->  Index Scan using sbtest1_pkey on sbtest1  (cost=0.43..400.87 rows=101 width=121)
	        Index Cond: ((id >= 3193251) AND (id <= 3193350))

table 2 : explain SELECT c FROM sbtest2 WHERE id BETWEEN 3888861 AND 3888960 ORDER BY c
	Sort  (cost=422.91..423.18 rows=106 width=121)
	  Sort Key: c
	  ->  Index Scan using sbtest2_pkey on sbtest2  (cost=0.43..419.35 rows=106 width=121)
	        Index Cond: ((id >= 3888861) AND (id <= 3888960))

table 3 : explain SELECT c FROM sbtest3 WHERE id BETWEEN 2244939 AND 2245038 ORDER BY c
	Sort  (cost=380.61..380.84 rows=95 width=121)
	  Sort Key: c
	  ->  Index Scan using sbtest3_pkey on sbtest3  (cost=0.43..377.49 rows=95 width=121)
	        Index Cond: ((id >= 2244939) AND (id <= 2245038))

table 4 : explain SELECT c FROM sbtest4 WHERE id BETWEEN 8898674 AND 8898773 ORDER BY c
	Sort  (cost=371.07..371.30 rows=93 width=121)
	  Sort Key: c
	  ->  Index Scan using sbtest4_pkey on sbtest4  (cost=0.43..368.03 rows=93 width=121)
	        Index Cond: ((id >= 8898674) AND (id <= 8898773))

table 5 : explain SELECT c FROM sbtest5 WHERE id BETWEEN 2410601 AND 2410700 ORDER BY c
	Sort  (cost=387.47..387.72 rows=97 width=121)
	  Sort Key: c
	  ->  Index Scan using sbtest5_pkey on sbtest5  (cost=0.43..384.27 rows=97 width=121)
	        Index Cond: ((id >= 2410601) AND (id <= 2410700))

table 6 : explain SELECT c FROM sbtest6 WHERE id BETWEEN 3836458 AND 3836557 ORDER BY c
	Sort  (cost=408.08..408.33 rows=102 width=121)
	  Sort Key: c
	  ->  Index Scan using sbtest6_pkey on sbtest6  (cost=0.43..404.67 rows=102 width=121)
	        Index Cond: ((id >= 3836458) AND (id <= 3836557))

table 7 : explain SELECT c FROM sbtest7 WHERE id BETWEEN 8428392 AND 8428491 ORDER BY c
	Sort  (cost=371.59..371.83 rows=93 width=121)
	  Sort Key: c
	  ->  Index Scan using sbtest7_pkey on sbtest7  (cost=0.43..368.55 rows=93 width=121)
	        Index Cond: ((id >= 8428392) AND (id <= 8428491))

table 8 : explain SELECT c FROM sbtest8 WHERE id BETWEEN 3195018 AND 3195117 ORDER BY c
	Sort  (cost=399.50..399.75 rows=100 width=121)
	  Sort Key: c
	  ->  Index Scan using sbtest8_pkey on sbtest8  (cost=0.43..396.18 rows=100 width=121)
	        Index Cond: ((id >= 3195018) AND (id <= 3195117))

for: order_ranges
table 1 : explain SELECT c FROM sbtest1 WHERE id BETWEEN 8455010 AND 8455109 ORDER BY c
	Sort  (cost=368.54..368.77 rows=92 width=121)
	  Sort Key: c
	  ->  Index Scan using sbtest1_pkey on sbtest1  (cost=0.43..365.54 rows=92 width=121)
	        Index Cond: ((id >= 8455010) AND (id <= 8455109))

table 2 : explain SELECT c FROM sbtest2 WHERE id BETWEEN 5882793 AND 5882892 ORDER BY c
	Sort  (cost=418.96..419.22 rows=105 width=121)
	  Sort Key: c
	  ->  Index Scan using sbtest2_pkey on sbtest2  (cost=0.43..415.43 rows=105 width=121)
	        Index Cond: ((id >= 5882793) AND (id <= 5882892))

table 3 : explain SELECT c FROM sbtest3 WHERE id BETWEEN 755912 AND 756011 ORDER BY c
	Sort  (cost=384.57..384.81 rows=96 width=121)
	  Sort Key: c
	  ->  Index Scan using sbtest3_pkey on sbtest3  (cost=0.43..381.41 rows=96 width=121)
	        Index Cond: ((id >= 755912) AND (id <= 756011))

table 4 : explain SELECT c FROM sbtest4 WHERE id BETWEEN 7225741 AND 7225840 ORDER BY c
	Sort  (cost=414.52..414.78 rows=104 width=121)
	  Sort Key: c
	  ->  Index Scan using sbtest4_pkey on sbtest4  (cost=0.43..411.04 rows=104 width=121)
	        Index Cond: ((id >= 7225741) AND (id <= 7225840))

table 5 : explain SELECT c FROM sbtest5 WHERE id BETWEEN 6073665 AND 6073764 ORDER BY c
	Sort  (cost=423.06..423.33 rows=106 width=121)
	  Sort Key: c
	  ->  Index Scan using sbtest5_pkey on sbtest5  (cost=0.43..419.50 rows=106 width=121)
	        Index Cond: ((id >= 6073665) AND (id <= 6073764))

table 6 : explain SELECT c FROM sbtest6 WHERE id BETWEEN 7561577 AND 7561676 ORDER BY c
	Sort  (cost=364.46..364.69 rows=91 width=121)
	  Sort Key: c
	  ->  Index Scan using sbtest6_pkey on sbtest6  (cost=0.43..361.50 rows=91 width=121)
	        Index Cond: ((id >= 7561577) AND (id <= 7561676))

table 7 : explain SELECT c FROM sbtest7 WHERE id BETWEEN 7255344 AND 7255443 ORDER BY c
	Sort  (cost=395.34..395.59 rows=99 width=121)
	  Sort Key: c
	  ->  Index Scan using sbtest7_pkey on sbtest7  (cost=0.43..392.06 rows=99 width=121)
	        Index Cond: ((id >= 7255344) AND (id <= 7255443))

table 8 : explain SELECT c FROM sbtest8 WHERE id BETWEEN 7850628 AND 7850727 ORDER BY c
	Sort  (cost=411.37..411.62 rows=103 width=121)
	  Sort Key: c
	  ->  Index Scan using sbtest8_pkey on sbtest8  (cost=0.43..407.92 rows=103 width=121)
	        Index Cond: ((id >= 7850628) AND (id <= 7850727))

for: sum_ranges
table 1 : explain SELECT SUM(k) FROM sbtest1 WHERE id BETWEEN 4384662 AND 4384761
	Aggregate  (cost=401.13..401.14 rows=1 width=8)
	  ->  Index Scan using sbtest1_pkey on sbtest1  (cost=0.43..400.87 rows=101 width=4)
	        Index Cond: ((id >= 4384662) AND (id <= 4384761))

table 2 : explain SELECT SUM(k) FROM sbtest2 WHERE id BETWEEN 9423749 AND 9423848
	Aggregate  (cost=407.87..407.88 rows=1 width=8)
	  ->  Index Scan using sbtest2_pkey on sbtest2  (cost=0.43..407.61 rows=103 width=4)
	        Index Cond: ((id >= 9423749) AND (id <= 9423848))

table 3 : explain SELECT SUM(k) FROM sbtest3 WHERE id BETWEEN 8297248 AND 8297347
	Aggregate  (cost=409.17..409.18 rows=1 width=8)
	  ->  Index Scan using sbtest3_pkey on sbtest3  (cost=0.43..408.91 rows=103 width=4)
	        Index Cond: ((id >= 8297248) AND (id <= 8297347))

table 4 : explain SELECT SUM(k) FROM sbtest4 WHERE id BETWEEN 8274244 AND 8274343
	Aggregate  (cost=395.66..395.67 rows=1 width=8)
	  ->  Index Scan using sbtest4_pkey on sbtest4  (cost=0.43..395.41 rows=100 width=4)
	        Index Cond: ((id >= 8274244) AND (id <= 8274343))

table 5 : explain SELECT SUM(k) FROM sbtest5 WHERE id BETWEEN 8124224 AND 8124323
	Aggregate  (cost=380.57..380.58 rows=1 width=8)
	  ->  Index Scan using sbtest5_pkey on sbtest5  (cost=0.43..380.33 rows=96 width=4)
	        Index Cond: ((id >= 8124224) AND (id <= 8124323))

table 6 : explain SELECT SUM(k) FROM sbtest6 WHERE id BETWEEN 5376255 AND 5376354
	Aggregate  (cost=412.78..412.79 rows=1 width=8)
	  ->  Index Scan using sbtest6_pkey on sbtest6  (cost=0.43..412.52 rows=104 width=4)
	        Index Cond: ((id >= 5376255) AND (id <= 5376354))

table 7 : explain SELECT SUM(k) FROM sbtest7 WHERE id BETWEEN 6294491 AND 6294590
	Aggregate  (cost=400.14..400.15 rows=1 width=8)
	  ->  Index Scan using sbtest7_pkey on sbtest7  (cost=0.43..399.89 rows=101 width=4)
	        Index Cond: ((id >= 6294491) AND (id <= 6294590))

table 8 : explain SELECT SUM(k) FROM sbtest8 WHERE id BETWEEN 6217954 AND 6218053
	Aggregate  (cost=384.67..384.68 rows=1 width=8)
	  ->  Index Scan using sbtest8_pkey on sbtest8  (cost=0.43..384.43 rows=97 width=4)
	        Index Cond: ((id >= 6217954) AND (id <= 6218053))

for: distinct_ranges
table 1 : explain SELECT DISTINCT c FROM sbtest1 WHERE id BETWEEN 1585055 AND 1585154 ORDER BY c
	Unique  (cost=392.34..392.83 rows=98 width=121)
	  ->  Sort  (cost=392.34..392.59 rows=98 width=121)
	        Sort Key: c
	        ->  Index Scan using sbtest1_pkey on sbtest1  (cost=0.43..389.10 rows=98 width=121)
	              Index Cond: ((id >= 1585055) AND (id <= 1585154))

table 2 : explain SELECT DISTINCT c FROM sbtest2 WHERE id BETWEEN 2382077 AND 2382176 ORDER BY c
	Unique  (cost=359.64..360.09 rows=90 width=121)
	  ->  Sort  (cost=359.64..359.87 rows=90 width=121)
	        Sort Key: c
	        ->  Index Scan using sbtest2_pkey on sbtest2  (cost=0.43..356.72 rows=90 width=121)
	              Index Cond: ((id >= 2382077) AND (id <= 2382176))

table 3 : explain SELECT DISTINCT c FROM sbtest3 WHERE id BETWEEN 8681043 AND 8681142 ORDER BY c
	Unique  (cost=400.46..400.96 rows=100 width=121)
	  ->  Sort  (cost=400.46..400.71 rows=100 width=121)
	        Sort Key: c
	        ->  Index Scan using sbtest3_pkey on sbtest3  (cost=0.43..397.14 rows=100 width=121)
	              Index Cond: ((id >= 8681043) AND (id <= 8681142))

table 4 : explain SELECT DISTINCT c FROM sbtest4 WHERE id BETWEEN 5626296 AND 5626395 ORDER BY c
	Unique  (cost=359.22..359.67 rows=90 width=121)
	  ->  Sort  (cost=359.22..359.45 rows=90 width=121)
	        Sort Key: c
	        ->  Index Scan using sbtest4_pkey on sbtest4  (cost=0.43..356.30 rows=90 width=121)
	              Index Cond: ((id >= 5626296) AND (id <= 5626395))

table 5 : explain SELECT DISTINCT c FROM sbtest5 WHERE id BETWEEN 4243338 AND 4243437 ORDER BY c
	Unique  (cost=407.24..407.75 rows=102 width=121)
	  ->  Sort  (cost=407.24..407.50 rows=102 width=121)
	        Sort Key: c
	        ->  Index Scan using sbtest5_pkey on sbtest5  (cost=0.43..403.84 rows=102 width=121)
	              Index Cond: ((id >= 4243338) AND (id <= 4243437))

table 6 : explain SELECT DISTINCT c FROM sbtest6 WHERE id BETWEEN 9708931 AND 9709030 ORDER BY c
	Unique  (cost=419.96..420.49 rows=105 width=121)
	  ->  Sort  (cost=419.96..420.23 rows=105 width=121)
	        Sort Key: c
	        ->  Index Scan using sbtest6_pkey on sbtest6  (cost=0.43..416.44 rows=105 width=121)
	              Index Cond: ((id >= 9708931) AND (id <= 9709030))

table 7 : explain SELECT DISTINCT c FROM sbtest7 WHERE id BETWEEN 129485 AND 129584 ORDER BY c
	Unique  (cost=371.59..372.06 rows=93 width=121)
	  ->  Sort  (cost=371.59..371.83 rows=93 width=121)
	        Sort Key: c
	        ->  Index Scan using sbtest7_pkey on sbtest7  (cost=0.43..368.55 rows=93 width=121)
	              Index Cond: ((id >= 129485) AND (id <= 129584))

table 8 : explain SELECT DISTINCT c FROM sbtest8 WHERE id BETWEEN 5222252 AND 5222351 ORDER BY c
	Unique  (cost=352.01..352.45 rows=88 width=121)
	  ->  Sort  (cost=352.01..352.23 rows=88 width=121)
	        Sort Key: c
	        ->  Index Scan using sbtest8_pkey on sbtest8  (cost=0.43..349.16 rows=88 width=121)
	              Index Cond: ((id >= 5222252) AND (id <= 5222351))

for: sum_ranges
table 1 : explain SELECT SUM(k) FROM sbtest1 WHERE id BETWEEN 9359613 AND 9359712
	Aggregate  (cost=412.90..412.91 rows=1 width=8)
	  ->  Index Scan using sbtest1_pkey on sbtest1  (cost=0.43..412.64 rows=104 width=4)
	        Index Cond: ((id >= 9359613) AND (id <= 9359712))

table 2 : explain SELECT SUM(k) FROM sbtest2 WHERE id BETWEEN 7518330 AND 7518429
	Aggregate  (cost=423.53..423.54 rows=1 width=8)
	  ->  Index Scan using sbtest2_pkey on sbtest2  (cost=0.43..423.26 rows=107 width=4)
	        Index Cond: ((id >= 7518330) AND (id <= 7518429))

table 3 : explain SELECT SUM(k) FROM sbtest3 WHERE id BETWEEN 1859937 AND 1860036
	Aggregate  (cost=452.38..452.39 rows=1 width=8)
	  ->  Index Scan using sbtest3_pkey on sbtest3  (cost=0.43..452.09 rows=114 width=4)
	        Index Cond: ((id >= 1859937) AND (id <= 1860036))

table 4 : explain SELECT SUM(k) FROM sbtest4 WHERE id BETWEEN 1385782 AND 1385881
	Aggregate  (cost=376.08..376.09 rows=1 width=8)
	  ->  Index Scan using sbtest4_pkey on sbtest4  (cost=0.43..375.84 rows=95 width=4)
	        Index Cond: ((id >= 1385782) AND (id <= 1385881))

table 5 : explain SELECT SUM(k) FROM sbtest5 WHERE id BETWEEN 9700801 AND 9700900
	Aggregate  (cost=341.41..341.42 rows=1 width=8)
	  ->  Index Scan using sbtest5_pkey on sbtest5  (cost=0.43..341.19 rows=86 width=4)
	        Index Cond: ((id >= 9700801) AND (id <= 9700900))

table 6 : explain SELECT SUM(k) FROM sbtest6 WHERE id BETWEEN 6302441 AND 6302540
	Aggregate  (cost=412.78..412.79 rows=1 width=8)
	  ->  Index Scan using sbtest6_pkey on sbtest6  (cost=0.43..412.52 rows=104 width=4)
	        Index Cond: ((id >= 6302441) AND (id <= 6302540))

table 7 : explain SELECT SUM(k) FROM sbtest7 WHERE id BETWEEN 5088321 AND 5088420
	Aggregate  (cost=419.72..419.73 rows=1 width=8)
	  ->  Index Scan using sbtest7_pkey on sbtest7  (cost=0.43..419.46 rows=106 width=4)
	        Index Cond: ((id >= 5088321) AND (id <= 5088420))

table 8 : explain SELECT SUM(k) FROM sbtest8 WHERE id BETWEEN 6635396 AND 6635495
	Aggregate  (cost=423.85..423.86 rows=1 width=8)
	  ->  Index Scan using sbtest8_pkey on sbtest8  (cost=0.43..423.59 rows=107 width=4)
	        Index Cond: ((id >= 6635396) AND (id <= 6635495))

for: distinct_ranges
table 1 : explain SELECT DISTINCT c FROM sbtest1 WHERE id BETWEEN 6937708 AND 6937807 ORDER BY c
	Unique  (cost=388.38..388.87 rows=97 width=121)
	  ->  Sort  (cost=388.38..388.62 rows=97 width=121)
	        Sort Key: c
	        ->  Index Scan using sbtest1_pkey on sbtest1  (cost=0.43..385.18 rows=97 width=121)
	              Index Cond: ((id >= 6937708) AND (id <= 6937807))

table 2 : explain SELECT DISTINCT c FROM sbtest2 WHERE id BETWEEN 2584980 AND 2585079 ORDER BY c
	Unique  (cost=403.15..403.65 rows=101 width=121)
	  ->  Sort  (cost=403.15..403.40 rows=101 width=121)
	        Sort Key: c
	        ->  Index Scan using sbtest2_pkey on sbtest2  (cost=0.43..399.78 rows=101 width=121)
	              Index Cond: ((id >= 2584980) AND (id <= 2585079))

table 3 : explain SELECT DISTINCT c FROM sbtest3 WHERE id BETWEEN 3461039 AND 3461138 ORDER BY c
	Unique  (cost=412.36..412.87 rows=103 width=121)
	  ->  Sort  (cost=412.36..412.61 rows=103 width=121)
	        Sort Key: c
	        ->  Index Scan using sbtest3_pkey on sbtest3  (cost=0.43..408.91 rows=103 width=121)
	              Index Cond: ((id >= 3461039) AND (id <= 3461138))

table 4 : explain SELECT DISTINCT c FROM sbtest4 WHERE id BETWEEN 7560883 AND 7560982 ORDER BY c
	Unique  (cost=438.21..438.76 rows=110 width=121)
	  ->  Sort  (cost=438.21..438.49 rows=110 width=121)
	        Sort Key: c
	        ->  Index Scan using sbtest4_pkey on sbtest4  (cost=0.43..434.48 rows=110 width=121)
	              Index Cond: ((id >= 7560883) AND (id <= 7560982))

table 5 : explain SELECT DISTINCT c FROM sbtest5 WHERE id BETWEEN 1993885 AND 1993984 ORDER BY c
	Unique  (cost=371.63..372.10 rows=93 width=121)
	  ->  Sort  (cost=371.63..371.86 rows=93 width=121)
	        Sort Key: c
	        ->  Index Scan using sbtest5_pkey on sbtest5  (cost=0.43..368.59 rows=93 width=121)
	              Index Cond: ((id >= 1993885) AND (id <= 1993984))

table 6 : explain SELECT DISTINCT c FROM sbtest6 WHERE id BETWEEN 2986103 AND 2986202 ORDER BY c
	Unique  (cost=404.11..404.62 rows=101 width=121)
	  ->  Sort  (cost=404.11..404.37 rows=101 width=121)
	        Sort Key: c
	        ->  Index Scan using sbtest6_pkey on sbtest6  (cost=0.43..400.75 rows=101 width=121)
	              Index Cond: ((id >= 2986103) AND (id <= 2986202))

table 7 : explain SELECT DISTINCT c FROM sbtest7 WHERE id BETWEEN 4157946 AND 4158045 ORDER BY c
	Unique  (cost=387.44..387.92 rows=97 width=121)
	  ->  Sort  (cost=387.44..387.68 rows=97 width=121)
	        Sort Key: c
	        ->  Index Scan using sbtest7_pkey on sbtest7  (cost=0.43..384.23 rows=97 width=121)
	              Index Cond: ((id >= 4157946) AND (id <= 4158045))

table 8 : explain SELECT DISTINCT c FROM sbtest8 WHERE id BETWEEN 4885107 AND 4885206 ORDER BY c
	Unique  (cost=379.69..380.17 rows=95 width=121)
	  ->  Sort  (cost=379.69..379.93 rows=95 width=121)
	        Sort Key: c
	        ->  Index Scan using sbtest8_pkey on sbtest8  (cost=0.43..376.57 rows=95 width=121)
	              Index Cond: ((id >= 4885107) AND (id <= 4885206))

for: distinct_ranges
table 1 : explain SELECT DISTINCT c FROM sbtest1 WHERE id BETWEEN 3020387 AND 3020486 ORDER BY c
	Unique  (cost=376.49..376.96 rows=94 width=121)
	  ->  Sort  (cost=376.49..376.73 rows=94 width=121)
	        Sort Key: c
	        ->  Index Scan using sbtest1_pkey on sbtest1  (cost=0.43..373.41 rows=94 width=121)
	              Index Cond: ((id >= 3020387) AND (id <= 3020486))

table 2 : explain SELECT DISTINCT c FROM sbtest2 WHERE id BETWEEN 3204157 AND 3204256 ORDER BY c
	Unique  (cost=395.24..395.73 rows=99 width=121)
	  ->  Sort  (cost=395.24..395.49 rows=99 width=121)
	        Sort Key: c
	        ->  Index Scan using sbtest2_pkey on sbtest2  (cost=0.43..391.96 rows=99 width=121)
	              Index Cond: ((id >= 3204157) AND (id <= 3204256))

table 3 : explain SELECT DISTINCT c FROM sbtest3 WHERE id BETWEEN 61238 AND 61337 ORDER BY c
	Unique  (cost=388.54..389.02 rows=97 width=121)
	  ->  Sort  (cost=388.54..388.78 rows=97 width=121)
	        Sort Key: c
	        ->  Index Scan using sbtest3_pkey on sbtest3  (cost=0.43..385.34 rows=97 width=121)
	              Index Cond: ((id >= 61238) AND (id <= 61337))

table 4 : explain SELECT DISTINCT c FROM sbtest4 WHERE id BETWEEN 4922724 AND 4922823 ORDER BY c
	Unique  (cost=422.42..422.95 rows=106 width=121)
	  ->  Sort  (cost=422.42..422.68 rows=106 width=121)
	        Sort Key: c
	        ->  Index Scan using sbtest4_pkey on sbtest4  (cost=0.43..418.85 rows=106 width=121)
	              Index Cond: ((id >= 4922724) AND (id <= 4922823))

table 5 : explain SELECT DISTINCT c FROM sbtest5 WHERE id BETWEEN 683796 AND 683895 ORDER BY c
	Unique  (cost=415.15..415.67 rows=104 width=121)
	  ->  Sort  (cost=415.15..415.41 rows=104 width=121)
	        Sort Key: c
	        ->  Index Scan using sbtest5_pkey on sbtest5  (cost=0.43..411.67 rows=104 width=121)
	              Index Cond: ((id >= 683796) AND (id <= 683895))

table 6 : explain SELECT DISTINCT c FROM sbtest6 WHERE id BETWEEN 3490839 AND 3490938 ORDER BY c
	Unique  (cost=408.08..408.59 rows=102 width=121)
	  ->  Sort  (cost=408.08..408.33 rows=102 width=121)
	        Sort Key: c
	        ->  Index Scan using sbtest6_pkey on sbtest6  (cost=0.43..404.67 rows=102 width=121)
	              Index Cond: ((id >= 3490839) AND (id <= 3490938))

table 7 : explain SELECT DISTINCT c FROM sbtest7 WHERE id BETWEEN 3747706 AND 3747805 ORDER BY c
	Unique  (cost=419.07..419.59 rows=105 width=121)
	  ->  Sort  (cost=419.07..419.33 rows=105 width=121)
	        Sort Key: c
	        ->  Index Scan using sbtest7_pkey on sbtest7  (cost=0.43..415.54 rows=105 width=121)
	              Index Cond: ((id >= 3747706) AND (id <= 3747805))

table 8 : explain SELECT DISTINCT c FROM sbtest8 WHERE id BETWEEN 3679945 AND 3680044 ORDER BY c
	Unique  (cost=399.50..400.00 rows=100 width=121)
	  ->  Sort  (cost=399.50..399.75 rows=100 width=121)
	        Sort Key: c
	        ->  Index Scan using sbtest8_pkey on sbtest8  (cost=0.43..396.18 rows=100 width=121)
	              Index Cond: ((id >= 3679945) AND (id <= 3680044))

for: distinct_ranges
table 1 : explain SELECT DISTINCT c FROM sbtest1 WHERE id BETWEEN 1086897 AND 1086996 ORDER BY c
	Unique  (cost=431.99..432.53 rows=108 width=121)
	  ->  Sort  (cost=431.99..432.26 rows=108 width=121)
	        Sort Key: c
	        ->  Index Scan using sbtest1_pkey on sbtest1  (cost=0.43..428.34 rows=108 width=121)
	              Index Cond: ((id >= 1086897) AND (id <= 1086996))

table 2 : explain SELECT DISTINCT c FROM sbtest2 WHERE id BETWEEN 871303 AND 871402 ORDER BY c
	Unique  (cost=391.26..391.75 rows=98 width=121)
	  ->  Sort  (cost=391.26..391.51 rows=98 width=121)
	        Sort Key: c
	        ->  Index Scan using sbtest2_pkey on sbtest2  (cost=0.43..388.02 rows=98 width=121)
	              Index Cond: ((id >= 871303) AND (id <= 871402))

table 3 : explain SELECT DISTINCT c FROM sbtest3 WHERE id BETWEEN 3795077 AND 3795176 ORDER BY c
	Unique  (cost=408.39..408.90 rows=102 width=121)
	  ->  Sort  (cost=408.39..408.65 rows=102 width=121)
	        Sort Key: c
	        ->  Index Scan using sbtest3_pkey on sbtest3  (cost=0.43..404.99 rows=102 width=121)
	              Index Cond: ((id >= 3795077) AND (id <= 3795176))

table 4 : explain SELECT DISTINCT c FROM sbtest4 WHERE id BETWEEN 9655733 AND 9655832 ORDER BY c
	Unique  (cost=402.68..403.18 rows=101 width=121)
	  ->  Sort  (cost=402.68..402.93 rows=101 width=121)
	        Sort Key: c
	        ->  Index Scan using sbtest4_pkey on sbtest4  (cost=0.43..399.32 rows=101 width=121)
	              Index Cond: ((id >= 9655733) AND (id <= 9655832))

table 5 : explain SELECT DISTINCT c FROM sbtest5 WHERE id BETWEEN 3691497 AND 3691596 ORDER BY c
	Unique  (cost=419.11..419.63 rows=105 width=121)
	  ->  Sort  (cost=419.11..419.37 rows=105 width=121)
	        Sort Key: c
	        ->  Index Scan using sbtest5_pkey on sbtest5  (cost=0.43..415.58 rows=105 width=121)
	              Index Cond: ((id >= 3691497) AND (id <= 3691596))

table 6 : explain SELECT DISTINCT c FROM sbtest6 WHERE id BETWEEN 8105094 AND 8105193 ORDER BY c
	Unique  (cost=372.39..372.85 rows=93 width=121)
	  ->  Sort  (cost=372.39..372.62 rows=93 width=121)
	        Sort Key: c
	        ->  Index Scan using sbtest6_pkey on sbtest6  (cost=0.43..369.35 rows=93 width=121)
	              Index Cond: ((id >= 8105094) AND (id <= 8105193))

table 7 : explain SELECT DISTINCT c FROM sbtest7 WHERE id BETWEEN 5155887 AND 5155986 ORDER BY c
	Unique  (cost=426.98..427.51 rows=107 width=121)
	  ->  Sort  (cost=426.98..427.24 rows=107 width=121)
	        Sort Key: c
	        ->  Index Scan using sbtest7_pkey on sbtest7  (cost=0.43..423.37 rows=107 width=121)
	              Index Cond: ((id >= 5155887) AND (id <= 5155986))

table 8 : explain SELECT DISTINCT c FROM sbtest8 WHERE id BETWEEN 5006975 AND 5007074 ORDER BY c
	Unique  (cost=379.69..380.17 rows=95 width=121)
	  ->  Sort  (cost=379.69..379.93 rows=95 width=121)
	        Sort Key: c
	        ->  Index Scan using sbtest8_pkey on sbtest8  (cost=0.43..376.57 rows=95 width=121)
	              Index Cond: ((id >= 5006975) AND (id <= 5007074))

for: order_ranges
table 1 : explain SELECT c FROM sbtest1 WHERE id BETWEEN 8433538 AND 8433637 ORDER BY c
	Sort  (cost=368.54..368.77 rows=92 width=121)
	  Sort Key: c
	  ->  Index Scan using sbtest1_pkey on sbtest1  (cost=0.43..365.54 rows=92 width=121)
	        Index Cond: ((id >= 8433538) AND (id <= 8433637))

table 2 : explain SELECT c FROM sbtest2 WHERE id BETWEEN 7634915 AND 7635014 ORDER BY c
	Sort  (cost=418.96..419.22 rows=105 width=121)
	  Sort Key: c
	  ->  Index Scan using sbtest2_pkey on sbtest2  (cost=0.43..415.43 rows=105 width=121)
	        Index Cond: ((id >= 7634915) AND (id <= 7635014))

table 3 : explain SELECT c FROM sbtest3 WHERE id BETWEEN 8975951 AND 8976050 ORDER BY c
	Sort  (cost=384.57..384.81 rows=96 width=121)
	  Sort Key: c
	  ->  Index Scan using sbtest3_pkey on sbtest3  (cost=0.43..381.41 rows=96 width=121)
	        Index Cond: ((id >= 8975951) AND (id <= 8976050))

table 4 : explain SELECT c FROM sbtest4 WHERE id BETWEEN 5074369 AND 5074468 ORDER BY c
	Sort  (cost=371.07..371.30 rows=93 width=121)
	  Sort Key: c
	  ->  Index Scan using sbtest4_pkey on sbtest4  (cost=0.43..368.03 rows=93 width=121)
	        Index Cond: ((id >= 5074369) AND (id <= 5074468))

table 5 : explain SELECT c FROM sbtest5 WHERE id BETWEEN 623997 AND 624096 ORDER BY c
	Sort  (cost=415.15..415.41 rows=104 width=121)
	  Sort Key: c
	  ->  Index Scan using sbtest5_pkey on sbtest5  (cost=0.43..411.67 rows=104 width=121)
	        Index Cond: ((id >= 623997) AND (id <= 624096))

table 6 : explain SELECT c FROM sbtest6 WHERE id BETWEEN 8402055 AND 8402154 ORDER BY c
	Sort  (cost=419.96..420.23 rows=105 width=121)
	  Sort Key: c
	  ->  Index Scan using sbtest6_pkey on sbtest6  (cost=0.43..416.44 rows=105 width=121)
	        Index Cond: ((id >= 8402055) AND (id <= 8402154))

table 7 : explain SELECT c FROM sbtest7 WHERE id BETWEEN 8390139 AND 8390238 ORDER BY c
	Sort  (cost=371.59..371.83 rows=93 width=121)
	  Sort Key: c
	  ->  Index Scan using sbtest7_pkey on sbtest7  (cost=0.43..368.55 rows=93 width=121)
	        Index Cond: ((id >= 8390139) AND (id <= 8390238))

table 8 : explain SELECT c FROM sbtest8 WHERE id BETWEEN 2145122 AND 2145221 ORDER BY c
	Sort  (cost=423.24..423.50 rows=106 width=121)
	  Sort Key: c
	  ->  Index Scan using sbtest8_pkey on sbtest8  (cost=0.43..419.67 rows=106 width=121)
	        Index Cond: ((id >= 2145122) AND (id <= 2145221))

for: distinct_ranges
table 1 : explain SELECT DISTINCT c FROM sbtest1 WHERE id BETWEEN 7105460 AND 7105559 ORDER BY c
	Unique  (cost=396.31..396.80 rows=99 width=121)
	  ->  Sort  (cost=396.31..396.56 rows=99 width=121)
	        Sort Key: c
	        ->  Index Scan using sbtest1_pkey on sbtest1  (cost=0.43..393.03 rows=99 width=121)
	              Index Cond: ((id >= 7105460) AND (id <= 7105559))

table 2 : explain SELECT DISTINCT c FROM sbtest2 WHERE id BETWEEN 2546698 AND 2546797 ORDER BY c
	Unique  (cost=403.15..403.65 rows=101 width=121)
	  ->  Sort  (cost=403.15..403.40 rows=101 width=121)
	        Sort Key: c
	        ->  Index Scan using sbtest2_pkey on sbtest2  (cost=0.43..399.78 rows=101 width=121)
	              Index Cond: ((id >= 2546698) AND (id <= 2546797))

table 3 : explain SELECT DISTINCT c FROM sbtest3 WHERE id BETWEEN 9026831 AND 9026930 ORDER BY c
	Unique  (cost=384.57..385.05 rows=96 width=121)
	  ->  Sort  (cost=384.57..384.81 rows=96 width=121)
	        Sort Key: c
	        ->  Index Scan using sbtest3_pkey on sbtest3  (cost=0.43..381.41 rows=96 width=121)
	              Index Cond: ((id >= 9026831) AND (id <= 9026930))

table 4 : explain SELECT DISTINCT c FROM sbtest4 WHERE id BETWEEN 5901021 AND 5901120 ORDER BY c
	Unique  (cost=418.47..419.00 rows=105 width=121)
	  ->  Sort  (cost=418.47..418.73 rows=105 width=121)
	        Sort Key: c
	        ->  Index Scan using sbtest4_pkey on sbtest4  (cost=0.43..414.95 rows=105 width=121)
	              Index Cond: ((id >= 5901021) AND (id <= 5901120))

table 5 : explain SELECT DISTINCT c FROM sbtest5 WHERE id BETWEEN 8932169 AND 8932268 ORDER BY c
	Unique  (cost=379.54..380.01 rows=95 width=121)
	  ->  Sort  (cost=379.54..379.78 rows=95 width=121)
	        Sort Key: c
	        ->  Index Scan using sbtest5_pkey on sbtest5  (cost=0.43..376.42 rows=95 width=121)
	              Index Cond: ((id >= 8932169) AND (id <= 8932268))

table 6 : explain SELECT DISTINCT c FROM sbtest6 WHERE id BETWEEN 3632956 AND 3633055 ORDER BY c
	Unique  (cost=427.89..428.43 rows=107 width=121)
	  ->  Sort  (cost=427.89..428.16 rows=107 width=121)
	        Sort Key: c
	        ->  Index Scan using sbtest6_pkey on sbtest6  (cost=0.43..424.28 rows=107 width=121)
	              Index Cond: ((id >= 3632956) AND (id <= 3633055))

table 7 : explain SELECT DISTINCT c FROM sbtest7 WHERE id BETWEEN 6176481 AND 6176580 ORDER BY c
	Unique  (cost=399.30..399.80 rows=100 width=121)
	  ->  Sort  (cost=399.30..399.55 rows=100 width=121)
	        Sort Key: c
	        ->  Index Scan using sbtest7_pkey on sbtest7  (cost=0.43..395.98 rows=100 width=121)
	              Index Cond: ((id >= 6176481) AND (id <= 6176580))

table 8 : explain SELECT DISTINCT c FROM sbtest8 WHERE id BETWEEN 1890027 AND 1890126 ORDER BY c
	Unique  (cost=391.59..392.08 rows=98 width=121)
	  ->  Sort  (cost=391.59..391.83 rows=98 width=121)
	        Sort Key: c
	        ->  Index Scan using sbtest8_pkey on sbtest8  (cost=0.43..388.35 rows=98 width=121)
	              Index Cond: ((id >= 1890027) AND (id <= 1890126))

for: distinct_ranges
table 1 : explain SELECT DISTINCT c FROM sbtest1 WHERE id BETWEEN 9497287 AND 9497386 ORDER BY c
	Unique  (cost=380.45..380.93 rows=95 width=121)
	  ->  Sort  (cost=380.45..380.69 rows=95 width=121)
	        Sort Key: c
	        ->  Index Scan using sbtest1_pkey on sbtest1  (cost=0.43..377.33 rows=95 width=121)
	              Index Cond: ((id >= 9497287) AND (id <= 9497386))

table 2 : explain SELECT DISTINCT c FROM sbtest2 WHERE id BETWEEN 1751757 AND 1751856 ORDER BY c
	Unique  (cost=430.82..431.36 rows=108 width=121)
	  ->  Sort  (cost=430.82..431.09 rows=108 width=121)
	        Sort Key: c
	        ->  Index Scan using sbtest2_pkey on sbtest2  (cost=0.43..427.17 rows=108 width=121)
	              Index Cond: ((id >= 1751757) AND (id <= 1751856))

table 3 : explain SELECT DISTINCT c FROM sbtest3 WHERE id BETWEEN 2328813 AND 2328912 ORDER BY c
	Unique  (cost=396.47..396.96 rows=99 width=121)
	  ->  Sort  (cost=396.47..396.72 rows=99 width=121)
	        Sort Key: c
	        ->  Index Scan using sbtest3_pkey on sbtest3  (cost=0.43..393.19 rows=99 width=121)
	              Index Cond: ((id >= 2328813) AND (id <= 2328912))

table 4 : explain SELECT DISTINCT c FROM sbtest4 WHERE id BETWEEN 9316386 AND 9316485 ORDER BY c
	Unique  (cost=426.37..426.90 rows=107 width=121)
	  ->  Sort  (cost=426.37..426.64 rows=107 width=121)
	        Sort Key: c
	        ->  Index Scan using sbtest4_pkey on sbtest4  (cost=0.43..422.76 rows=107 width=121)
	              Index Cond: ((id >= 9316386) AND (id <= 9316485))

table 5 : explain SELECT DISTINCT c FROM sbtest5 WHERE id BETWEEN 8249952 AND 8250051 ORDER BY c
	Unique  (cost=371.63..372.10 rows=93 width=121)
	  ->  Sort  (cost=371.63..371.86 rows=93 width=121)
	        Sort Key: c
	        ->  Index Scan using sbtest5_pkey on sbtest5  (cost=0.43..368.59 rows=93 width=121)
	              Index Cond: ((id >= 8249952) AND (id <= 8250051))

table 6 : explain SELECT DISTINCT c FROM sbtest6 WHERE id BETWEEN 9237587 AND 9237686 ORDER BY c
	Unique  (cost=364.46..364.92 rows=91 width=121)
	  ->  Sort  (cost=364.46..364.69 rows=91 width=121)
	        Sort Key: c
	        ->  Index Scan using sbtest6_pkey on sbtest6  (cost=0.43..361.50 rows=91 width=121)
	              Index Cond: ((id >= 9237587) AND (id <= 9237686))

table 7 : explain SELECT DISTINCT c FROM sbtest7 WHERE id BETWEEN 51612 AND 51711 ORDER BY c
	Unique  (cost=407.21..407.72 rows=102 width=121)
	  ->  Sort  (cost=407.21..407.46 rows=102 width=121)
	        Sort Key: c
	        ->  Index Scan using sbtest7_pkey on sbtest7  (cost=0.43..403.80 rows=102 width=121)
	              Index Cond: ((id >= 51612) AND (id <= 51711))

table 8 : explain SELECT DISTINCT c FROM sbtest8 WHERE id BETWEEN 9371394 AND 9371493 ORDER BY c
	Unique  (cost=423.24..423.77 rows=106 width=121)
	  ->  Sort  (cost=423.24..423.50 rows=106 width=121)
	        Sort Key: c
	        ->  Index Scan using sbtest8_pkey on sbtest8  (cost=0.43..419.67 rows=106 width=121)
	              Index Cond: ((id >= 9371394) AND (id <= 9371493))

for: order_ranges
table 1 : explain SELECT c FROM sbtest1 WHERE id BETWEEN 7684776 AND 7684875 ORDER BY c
	Sort  (cost=396.31..396.56 rows=99 width=121)
	  Sort Key: c
	  ->  Index Scan using sbtest1_pkey on sbtest1  (cost=0.43..393.03 rows=99 width=121)
	        Index Cond: ((id >= 7684776) AND (id <= 7684875))

table 2 : explain SELECT c FROM sbtest2 WHERE id BETWEEN 5086595 AND 5086694 ORDER BY c
	Sort  (cost=363.59..363.82 rows=91 width=121)
	  Sort Key: c
	  ->  Index Scan using sbtest2_pkey on sbtest2  (cost=0.43..360.63 rows=91 width=121)
	        Index Cond: ((id >= 5086595) AND (id <= 5086694))

table 3 : explain SELECT c FROM sbtest3 WHERE id BETWEEN 8146538 AND 8146637 ORDER BY c
	Sort  (cost=400.46..400.71 rows=100 width=121)
	  Sort Key: c
	  ->  Index Scan using sbtest3_pkey on sbtest3  (cost=0.43..397.14 rows=100 width=121)
	        Index Cond: ((id >= 8146538) AND (id <= 8146637))

table 4 : explain SELECT c FROM sbtest4 WHERE id BETWEEN 2236414 AND 2236513 ORDER BY c
	Sort  (cost=367.12..367.35 rows=92 width=121)
	  Sort Key: c
	  ->  Index Scan using sbtest4_pkey on sbtest4  (cost=0.43..364.12 rows=92 width=121)
	        Index Cond: ((id >= 2236414) AND (id <= 2236513))

table 5 : explain SELECT c FROM sbtest5 WHERE id BETWEEN 2481322 AND 2481421 ORDER BY c
	Sort  (cost=387.47..387.72 rows=97 width=121)
	  Sort Key: c
	  ->  Index Scan using sbtest5_pkey on sbtest5  (cost=0.43..384.27 rows=97 width=121)
	        Index Cond: ((id >= 2481322) AND (id <= 2481421))

table 6 : explain SELECT c FROM sbtest6 WHERE id BETWEEN 3550524 AND 3550623 ORDER BY c
	Sort  (cost=408.08..408.33 rows=102 width=121)
	  Sort Key: c
	  ->  Index Scan using sbtest6_pkey on sbtest6  (cost=0.43..404.67 rows=102 width=121)
	        Index Cond: ((id >= 3550524) AND (id <= 3550623))

table 7 : explain SELECT c FROM sbtest7 WHERE id BETWEEN 4400713 AND 4400812 ORDER BY c
	Sort  (cost=407.21..407.46 rows=102 width=121)
	  Sort Key: c
	  ->  Index Scan using sbtest7_pkey on sbtest7  (cost=0.43..403.80 rows=102 width=121)
	        Index Cond: ((id >= 4400713) AND (id <= 4400812))

table 8 : explain SELECT c FROM sbtest8 WHERE id BETWEEN 6312865 AND 6312964 ORDER BY c
	Sort  (cost=439.06..439.34 rows=110 width=121)
	  Sort Key: c
	  ->  Index Scan using sbtest8_pkey on sbtest8  (cost=0.43..435.33 rows=110 width=121)
	        Index Cond: ((id >= 6312865) AND (id <= 6312964))

for: order_ranges
table 1 : explain SELECT c FROM sbtest1 WHERE id BETWEEN 1589060 AND 1589159 ORDER BY c
	Sort  (cost=392.34..392.59 rows=98 width=121)
	  Sort Key: c
	  ->  Index Scan using sbtest1_pkey on sbtest1  (cost=0.43..389.10 rows=98 width=121)
	        Index Cond: ((id >= 1589060) AND (id <= 1589159))

table 2 : explain SELECT c FROM sbtest2 WHERE id BETWEEN 315942 AND 316041 ORDER BY c
	Sort  (cost=399.19..399.44 rows=100 width=121)
	  Sort Key: c
	  ->  Index Scan using sbtest2_pkey on sbtest2  (cost=0.43..395.87 rows=100 width=121)
	        Index Cond: ((id >= 315942) AND (id <= 316041))

table 3 : explain SELECT c FROM sbtest3 WHERE id BETWEEN 5243058 AND 5243157 ORDER BY c
	Sort  (cost=404.42..404.68 rows=101 width=121)
	  Sort Key: c
	  ->  Index Scan using sbtest3_pkey on sbtest3  (cost=0.43..401.06 rows=101 width=121)
	        Index Cond: ((id >= 5243058) AND (id <= 5243157))

table 4 : explain SELECT c FROM sbtest4 WHERE id BETWEEN 1386966 AND 1387065 ORDER BY c
	Sort  (cost=378.96..379.20 rows=95 width=121)
	  Sort Key: c
	  ->  Index Scan using sbtest4_pkey on sbtest4  (cost=0.43..375.84 rows=95 width=121)
	        Index Cond: ((id >= 1386966) AND (id <= 1387065))

table 5 : explain SELECT c FROM sbtest5 WHERE id BETWEEN 4545822 AND 4545921 ORDER BY c
	Sort  (cost=403.29..403.54 rows=101 width=121)
	  Sort Key: c
	  ->  Index Scan using sbtest5_pkey on sbtest5  (cost=0.43..399.93 rows=101 width=121)
	        Index Cond: ((id >= 4545822) AND (id <= 4545921))

table 6 : explain SELECT c FROM sbtest6 WHERE id BETWEEN 6563010 AND 6563109 ORDER BY c
	Sort  (cost=384.28..384.52 rows=96 width=121)
	  Sort Key: c
	  ->  Index Scan using sbtest6_pkey on sbtest6  (cost=0.43..381.11 rows=96 width=121)
	        Index Cond: ((id >= 6563010) AND (id <= 6563109))

table 7 : explain SELECT c FROM sbtest7 WHERE id BETWEEN 3561128 AND 3561227 ORDER BY c
	Sort  (cost=419.07..419.33 rows=105 width=121)
	  Sort Key: c
	  ->  Index Scan using sbtest7_pkey on sbtest7  (cost=0.43..415.54 rows=105 width=121)
	        Index Cond: ((id >= 3561128) AND (id <= 3561227))

table 8 : explain SELECT c FROM sbtest8 WHERE id BETWEEN 3394449 AND 3394548 ORDER BY c
	Sort  (cost=379.69..379.93 rows=95 width=121)
	  Sort Key: c
	  ->  Index Scan using sbtest8_pkey on sbtest8  (cost=0.43..376.57 rows=95 width=121)
	        Index Cond: ((id >= 3394449) AND (id <= 3394548))

for: order_ranges
table 1 : explain SELECT c FROM sbtest1 WHERE id BETWEEN 9468979 AND 9469078 ORDER BY c
	Sort  (cost=380.45..380.69 rows=95 width=121)
	  Sort Key: c
	  ->  Index Scan using sbtest1_pkey on sbtest1  (cost=0.43..377.33 rows=95 width=121)
	        Index Cond: ((id >= 9468979) AND (id <= 9469078))

table 2 : explain SELECT c FROM sbtest2 WHERE id BETWEEN 2813049 AND 2813148 ORDER BY c
	Sort  (cost=387.31..387.55 rows=97 width=121)
	  Sort Key: c
	  ->  Index Scan using sbtest2_pkey on sbtest2  (cost=0.43..384.11 rows=97 width=121)
	        Index Cond: ((id >= 2813049) AND (id <= 2813148))

table 3 : explain SELECT c FROM sbtest3 WHERE id BETWEEN 9658321 AND 9658420 ORDER BY c
	Sort  (cost=356.82..357.04 rows=89 width=121)
	  Sort Key: c
	  ->  Index Scan using sbtest3_pkey on sbtest3  (cost=0.43..353.93 rows=89 width=121)
	        Index Cond: ((id >= 9658321) AND (id <= 9658420))

table 4 : explain SELECT c FROM sbtest4 WHERE id BETWEEN 3610105 AND 3610204 ORDER BY c
	Sort  (cost=438.21..438.49 rows=110 width=121)
	  Sort Key: c
	  ->  Index Scan using sbtest4_pkey on sbtest4  (cost=0.43..434.48 rows=110 width=121)
	        Index Cond: ((id >= 3610105) AND (id <= 3610204))

table 5 : explain SELECT c FROM sbtest5 WHERE id BETWEEN 7206263 AND 7206362 ORDER BY c
	Sort  (cost=399.34..399.59 rows=100 width=121)
	  Sort Key: c
	  ->  Index Scan using sbtest5_pkey on sbtest5  (cost=0.43..396.01 rows=100 width=121)
	        Index Cond: ((id >= 7206263) AND (id <= 7206362))

table 6 : explain SELECT c FROM sbtest6 WHERE id BETWEEN 7375807 AND 7375906 ORDER BY c
	Sort  (cost=392.22..392.47 rows=98 width=121)
	  Sort Key: c
	  ->  Index Scan using sbtest6_pkey on sbtest6  (cost=0.43..388.98 rows=98 width=121)
	        Index Cond: ((id >= 7375807) AND (id <= 7375906))

table 7 : explain SELECT c FROM sbtest7 WHERE id BETWEEN 8828824 AND 8828923 ORDER BY c
	Sort  (cost=403.25..403.50 rows=101 width=121)
	  Sort Key: c
	  ->  Index Scan using sbtest7_pkey on sbtest7  (cost=0.43..399.89 rows=101 width=121)
	        Index Cond: ((id >= 8828824) AND (id <= 8828923))

table 8 : explain SELECT c FROM sbtest8 WHERE id BETWEEN 87217 AND 87316 ORDER BY c
	Sort  (cost=403.46..403.71 rows=101 width=121)
	  Sort Key: c
	  ->  Index Scan using sbtest8_pkey on sbtest8  (cost=0.43..400.09 rows=101 width=121)
	        Index Cond: ((id >= 87217) AND (id <= 87316))

for point_selects
table 1 : explain SELECT c FROM sbtest1 WHERE id=9253047
	Index Scan using sbtest1_pkey on sbtest1  (cost=0.43..8.45 rows=1 width=121)
	  Index Cond: (id = 9253047)

table 2 : explain SELECT c FROM sbtest2 WHERE id=3797175
	Index Scan using sbtest2_pkey on sbtest2  (cost=0.43..8.45 rows=1 width=121)
	  Index Cond: (id = 3797175)

table 3 : explain SELECT c FROM sbtest3 WHERE id=6930650
	Index Scan using sbtest3_pkey on sbtest3  (cost=0.43..8.45 rows=1 width=121)
	  Index Cond: (id = 6930650)

table 4 : explain SELECT c FROM sbtest4 WHERE id=6753001
	Index Scan using sbtest4_pkey on sbtest4  (cost=0.43..8.45 rows=1 width=121)
	  Index Cond: (id = 6753001)

table 5 : explain SELECT c FROM sbtest5 WHERE id=3846294
	Index Scan using sbtest5_pkey on sbtest5  (cost=0.43..8.45 rows=1 width=121)
	  Index Cond: (id = 3846294)

table 6 : explain SELECT c FROM sbtest6 WHERE id=3018148
	Index Scan using sbtest6_pkey on sbtest6  (cost=0.43..8.45 rows=1 width=121)
	  Index Cond: (id = 3018148)

table 7 : explain SELECT c FROM sbtest7 WHERE id=7741493
	Index Scan using sbtest7_pkey on sbtest7  (cost=0.43..8.45 rows=1 width=121)
	  Index Cond: (id = 7741493)

table 8 : explain SELECT c FROM sbtest8 WHERE id=3279089
	Index Scan using sbtest8_pkey on sbtest8  (cost=0.43..8.45 rows=1 width=121)
	  Index Cond: (id = 3279089)

for point_selects
table 1 : explain SELECT c FROM sbtest1 WHERE id=53405
	Index Scan using sbtest1_pkey on sbtest1  (cost=0.43..8.45 rows=1 width=121)
	  Index Cond: (id = 53405)

table 2 : explain SELECT c FROM sbtest2 WHERE id=9123272
	Index Scan using sbtest2_pkey on sbtest2  (cost=0.43..8.45 rows=1 width=121)
	  Index Cond: (id = 9123272)

table 3 : explain SELECT c FROM sbtest3 WHERE id=9285916
	Index Scan using sbtest3_pkey on sbtest3  (cost=0.43..8.45 rows=1 width=121)
	  Index Cond: (id = 9285916)

table 4 : explain SELECT c FROM sbtest4 WHERE id=7418046
	Index Scan using sbtest4_pkey on sbtest4  (cost=0.43..8.45 rows=1 width=121)
	  Index Cond: (id = 7418046)

table 5 : explain SELECT c FROM sbtest5 WHERE id=9963233
	Index Scan using sbtest5_pkey on sbtest5  (cost=0.43..8.45 rows=1 width=121)
	  Index Cond: (id = 9963233)

table 6 : explain SELECT c FROM sbtest6 WHERE id=2417624
	Index Scan using sbtest6_pkey on sbtest6  (cost=0.43..8.45 rows=1 width=121)
	  Index Cond: (id = 2417624)

table 7 : explain SELECT c FROM sbtest7 WHERE id=1087211
	Index Scan using sbtest7_pkey on sbtest7  (cost=0.43..8.45 rows=1 width=121)
	  Index Cond: (id = 1087211)

table 8 : explain SELECT c FROM sbtest8 WHERE id=6147403
	Index Scan using sbtest8_pkey on sbtest8  (cost=0.43..8.45 rows=1 width=121)
	  Index Cond: (id = 6147403)

for: distinct_ranges
table 1 : explain SELECT DISTINCT c FROM sbtest1 WHERE id BETWEEN 5300621 AND 5300720 ORDER BY c
	Unique  (cost=416.13..416.65 rows=104 width=121)
	  ->  Sort  (cost=416.13..416.39 rows=104 width=121)
	        Sort Key: c
	        ->  Index Scan using sbtest1_pkey on sbtest1  (cost=0.43..412.64 rows=104 width=121)
	              Index Cond: ((id >= 5300621) AND (id <= 5300720))

table 2 : explain SELECT DISTINCT c FROM sbtest2 WHERE id BETWEEN 5147241 AND 5147340 ORDER BY c
	Unique  (cost=371.50..371.96 rows=93 width=121)
	  ->  Sort  (cost=371.50..371.73 rows=93 width=121)
	        Sort Key: c
	        ->  Index Scan using sbtest2_pkey on sbtest2  (cost=0.43..368.46 rows=93 width=121)
	              Index Cond: ((id >= 5147241) AND (id <= 5147340))

table 3 : explain SELECT DISTINCT c FROM sbtest3 WHERE id BETWEEN 1440220 AND 1440319 ORDER BY c
	Unique  (cost=412.36..412.87 rows=103 width=121)
	  ->  Sort  (cost=412.36..412.61 rows=103 width=121)
	        Sort Key: c
	        ->  Index Scan using sbtest3_pkey on sbtest3  (cost=0.43..408.91 rows=103 width=121)
	              Index Cond: ((id >= 1440220) AND (id <= 1440319))

table 4 : explain SELECT DISTINCT c FROM sbtest4 WHERE id BETWEEN 2674062 AND 2674161 ORDER BY c
	Unique  (cost=398.73..399.23 rows=100 width=121)
	  ->  Sort  (cost=398.73..398.98 rows=100 width=121)
	        Sort Key: c
	        ->  Index Scan using sbtest4_pkey on sbtest4  (cost=0.43..395.41 rows=100 width=121)
	              Index Cond: ((id >= 2674062) AND (id <= 2674161))

table 5 : explain SELECT DISTINCT c FROM sbtest5 WHERE id BETWEEN 2690655 AND 2690754 ORDER BY c
	Unique  (cost=419.11..419.63 rows=105 width=121)
	  ->  Sort  (cost=419.11..419.37 rows=105 width=121)
	        Sort Key: c
	        ->  Index Scan using sbtest5_pkey on sbtest5  (cost=0.43..415.58 rows=105 width=121)
	              Index Cond: ((id >= 2690655) AND (id <= 2690754))

table 6 : explain SELECT DISTINCT c FROM sbtest6 WHERE id BETWEEN 5802495 AND 5802594 ORDER BY c
	Unique  (cost=447.71..448.27 rows=112 width=121)
	  ->  Sort  (cost=447.71..447.99 rows=112 width=121)
	        Sort Key: c
	        ->  Index Scan using sbtest6_pkey on sbtest6  (cost=0.43..443.89 rows=112 width=121)
	              Index Cond: ((id >= 5802495) AND (id <= 5802594))

table 7 : explain SELECT DISTINCT c FROM sbtest7 WHERE id BETWEEN 1239107 AND 1239206 ORDER BY c
	Unique  (cost=411.16..411.67 rows=103 width=121)
	  ->  Sort  (cost=411.16..411.42 rows=103 width=121)
	        Sort Key: c
	        ->  Index Scan using sbtest7_pkey on sbtest7  (cost=0.43..407.72 rows=103 width=121)
	              Index Cond: ((id >= 1239107) AND (id <= 1239206))

table 8 : explain SELECT DISTINCT c FROM sbtest8 WHERE id BETWEEN 4946388 AND 4946487 ORDER BY c
	Unique  (cost=379.69..380.17 rows=95 width=121)
	  ->  Sort  (cost=379.69..379.93 rows=95 width=121)
	        Sort Key: c
	        ->  Index Scan using sbtest8_pkey on sbtest8  (cost=0.43..376.57 rows=95 width=121)
	              Index Cond: ((id >= 4946388) AND (id <= 4946487))

for: sum_ranges
table 1 : explain SELECT SUM(k) FROM sbtest1 WHERE id BETWEEN 3074650 AND 3074749
	Aggregate  (cost=357.92..357.93 rows=1 width=8)
	  ->  Index Scan using sbtest1_pkey on sbtest1  (cost=0.43..357.69 rows=90 width=4)
	        Index Cond: ((id >= 3074650) AND (id <= 3074749))

table 2 : explain SELECT SUM(k) FROM sbtest2 WHERE id BETWEEN 6612656 AND 6612755
	Aggregate  (cost=360.86..360.87 rows=1 width=8)
	  ->  Index Scan using sbtest2_pkey on sbtest2  (cost=0.43..360.63 rows=91 width=4)
	        Index Cond: ((id >= 6612656) AND (id <= 6612755))

table 3 : explain SELECT SUM(k) FROM sbtest3 WHERE id BETWEEN 8145135 AND 8145234
	Aggregate  (cost=397.39..397.40 rows=1 width=8)
	  ->  Index Scan using sbtest3_pkey on sbtest3  (cost=0.43..397.14 rows=100 width=4)
	        Index Cond: ((id >= 8145135) AND (id <= 8145234))

table 4 : explain SELECT SUM(k) FROM sbtest4 WHERE id BETWEEN 6683092 AND 6683191
	Aggregate  (cost=387.84..387.85 rows=1 width=8)
	  ->  Index Scan using sbtest4_pkey on sbtest4  (cost=0.43..387.59 rows=98 width=4)
	        Index Cond: ((id >= 6683092) AND (id <= 6683191))

table 5 : explain SELECT SUM(k) FROM sbtest5 WHERE id BETWEEN 1097552 AND 1097651
	Aggregate  (cost=415.85..415.86 rows=1 width=8)
	  ->  Index Scan using sbtest5_pkey on sbtest5  (cost=0.43..415.58 rows=105 width=4)
	        Index Cond: ((id >= 1097552) AND (id <= 1097651))

table 6 : explain SELECT SUM(k) FROM sbtest6 WHERE id BETWEEN 8506098 AND 8506197
	Aggregate  (cost=334.26..334.27 rows=1 width=8)
	  ->  Index Scan using sbtest6_pkey on sbtest6  (cost=0.43..334.05 rows=84 width=4)
	        Index Cond: ((id >= 8506098) AND (id <= 8506197))

table 7 : explain SELECT SUM(k) FROM sbtest7 WHERE id BETWEEN 40313 AND 40412
	Aggregate  (cost=404.06..404.07 rows=1 width=8)
	  ->  Index Scan using sbtest7_pkey on sbtest7  (cost=0.43..403.80 rows=102 width=4)
	        Index Cond: ((id >= 40313) AND (id <= 40412))

table 8 : explain SELECT SUM(k) FROM sbtest8 WHERE id BETWEEN 2922363 AND 2922462
	Aggregate  (cost=380.75..380.76 rows=1 width=8)
	  ->  Index Scan using sbtest8_pkey on sbtest8  (cost=0.43..380.51 rows=96 width=4)
	        Index Cond: ((id >= 2922363) AND (id <= 2922462))

for: distinct_ranges
table 1 : explain SELECT DISTINCT c FROM sbtest1 WHERE id BETWEEN 2101155 AND 2101254 ORDER BY c
	Unique  (cost=424.06..424.59 rows=106 width=121)
	  ->  Sort  (cost=424.06..424.32 rows=106 width=121)
	        Sort Key: c
	        ->  Index Scan using sbtest1_pkey on sbtest1  (cost=0.43..420.49 rows=106 width=121)
	              Index Cond: ((id >= 2101155) AND (id <= 2101254))

table 2 : explain SELECT DISTINCT c FROM sbtest2 WHERE id BETWEEN 3178464 AND 3178563 ORDER BY c
	Unique  (cost=395.24..395.73 rows=99 width=121)
	  ->  Sort  (cost=395.24..395.49 rows=99 width=121)
	        Sort Key: c
	        ->  Index Scan using sbtest2_pkey on sbtest2  (cost=0.43..391.96 rows=99 width=121)
	              Index Cond: ((id >= 3178464) AND (id <= 3178563))

table 3 : explain SELECT DISTINCT c FROM sbtest3 WHERE id BETWEEN 5535472 AND 5535571 ORDER BY c
	Unique  (cost=444.09..444.64 rows=111 width=121)
	  ->  Sort  (cost=444.09..444.36 rows=111 width=121)
	        Sort Key: c
	        ->  Index Scan using sbtest3_pkey on sbtest3  (cost=0.43..440.32 rows=111 width=121)
	              Index Cond: ((id >= 5535472) AND (id <= 5535571))

table 4 : explain SELECT DISTINCT c FROM sbtest4 WHERE id BETWEEN 3184967 AND 3185066 ORDER BY c
	Unique  (cost=394.78..395.28 rows=99 width=121)
	  ->  Sort  (cost=394.78..395.03 rows=99 width=121)
	        Sort Key: c
	        ->  Index Scan using sbtest4_pkey on sbtest4  (cost=0.43..391.50 rows=99 width=121)
	              Index Cond: ((id >= 3184967) AND (id <= 3185066))

table 5 : explain SELECT DISTINCT c FROM sbtest5 WHERE id BETWEEN 3345285 AND 3345384 ORDER BY c
	Unique  (cost=359.77..360.22 rows=90 width=121)
	  ->  Sort  (cost=359.77..359.99 rows=90 width=121)
	        Sort Key: c
	        ->  Index Scan using sbtest5_pkey on sbtest5  (cost=0.43..356.85 rows=90 width=121)
	              Index Cond: ((id >= 3345285) AND (id <= 3345384))

table 6 : explain SELECT DISTINCT c FROM sbtest6 WHERE id BETWEEN 5711808 AND 5711907 ORDER BY c
	Unique  (cost=439.78..440.33 rows=110 width=121)
	  ->  Sort  (cost=439.78..440.06 rows=110 width=121)
	        Sort Key: c
	        ->  Index Scan using sbtest6_pkey on sbtest6  (cost=0.43..436.05 rows=110 width=121)
	              Index Cond: ((id >= 5711808) AND (id <= 5711907))

table 7 : explain SELECT DISTINCT c FROM sbtest7 WHERE id BETWEEN 7202980 AND 7203079 ORDER BY c
	Unique  (cost=403.25..403.76 rows=101 width=121)
	  ->  Sort  (cost=403.25..403.50 rows=101 width=121)
	        Sort Key: c
	        ->  Index Scan using sbtest7_pkey on sbtest7  (cost=0.43..399.89 rows=101 width=121)
	              Index Cond: ((id >= 7202980) AND (id <= 7203079))

table 8 : explain SELECT DISTINCT c FROM sbtest8 WHERE id BETWEEN 1399952 AND 1400051 ORDER BY c
	Unique  (cost=411.37..411.88 rows=103 width=121)
	  ->  Sort  (cost=411.37..411.62 rows=103 width=121)
	        Sort Key: c
	        ->  Index Scan using sbtest8_pkey on sbtest8  (cost=0.43..407.92 rows=103 width=121)
	              Index Cond: ((id >= 1399952) AND (id <= 1400051))

for: order_ranges
table 1 : explain SELECT c FROM sbtest1 WHERE id BETWEEN 1555567 AND 1555666 ORDER BY c
	Sort  (cost=392.34..392.59 rows=98 width=121)
	  Sort Key: c
	  ->  Index Scan using sbtest1_pkey on sbtest1  (cost=0.43..389.10 rows=98 width=121)
	        Index Cond: ((id >= 1555567) AND (id <= 1555666))

table 2 : explain SELECT c FROM sbtest2 WHERE id BETWEEN 5698950 AND 5699049 ORDER BY c
	Sort  (cost=383.35..383.59 rows=96 width=121)
	  Sort Key: c
	  ->  Index Scan using sbtest2_pkey on sbtest2  (cost=0.43..380.19 rows=96 width=121)
	        Index Cond: ((id >= 5698950) AND (id <= 5699049))

table 3 : explain SELECT c FROM sbtest3 WHERE id BETWEEN 8992933 AND 8993032 ORDER BY c
	Sort  (cost=384.57..384.81 rows=96 width=121)
	  Sort Key: c
	  ->  Index Scan using sbtest3_pkey on sbtest3  (cost=0.43..381.41 rows=96 width=121)
	        Index Cond: ((id >= 8992933) AND (id <= 8993032))

table 4 : explain SELECT c FROM sbtest4 WHERE id BETWEEN 7281787 AND 7281886 ORDER BY c
	Sort  (cost=414.52..414.78 rows=104 width=121)
	  Sort Key: c
	  ->  Index Scan using sbtest4_pkey on sbtest4  (cost=0.43..411.04 rows=104 width=121)
	        Index Cond: ((id >= 7281787) AND (id <= 7281886))

table 5 : explain SELECT c FROM sbtest5 WHERE id BETWEEN 7283864 AND 7283963 ORDER BY c
	Sort  (cost=399.34..399.59 rows=100 width=121)
	  Sort Key: c
	  ->  Index Scan using sbtest5_pkey on sbtest5  (cost=0.43..396.01 rows=100 width=121)
	        Index Cond: ((id >= 7283864) AND (id <= 7283963))

table 6 : explain SELECT c FROM sbtest6 WHERE id BETWEEN 2112545 AND 2112644 ORDER BY c
	Sort  (cost=368.43..368.66 rows=92 width=121)
	  Sort Key: c
	  ->  Index Scan using sbtest6_pkey on sbtest6  (cost=0.43..365.43 rows=92 width=121)
	        Index Cond: ((id >= 2112545) AND (id <= 2112644))

table 7 : explain SELECT c FROM sbtest7 WHERE id BETWEEN 52952 AND 53051 ORDER BY c
	Sort  (cost=407.21..407.46 rows=102 width=121)
	  Sort Key: c
	  ->  Index Scan using sbtest7_pkey on sbtest7  (cost=0.43..403.80 rows=102 width=121)
	        Index Cond: ((id >= 52952) AND (id <= 53051))

table 8 : explain SELECT c FROM sbtest8 WHERE id BETWEEN 4270577 AND 4270676 ORDER BY c
	Sort  (cost=407.41..407.67 rows=102 width=121)
	  Sort Key: c
	  ->  Index Scan using sbtest8_pkey on sbtest8  (cost=0.43..404.01 rows=102 width=121)
	        Index Cond: ((id >= 4270577) AND (id <= 4270676))

for: simple_ranges
table 1 : explain SELECT c FROM sbtest1 WHERE id BETWEEN 6621752 AND 6621851
	Index Scan using sbtest1_pkey on sbtest1  (cost=0.43..444.03 rows=112 width=121)
	  Index Cond: ((id >= 6621752) AND (id <= 6621851))

table 2 : explain SELECT c FROM sbtest2 WHERE id BETWEEN 2745598 AND 2745697
	Index Scan using sbtest2_pkey on sbtest2  (cost=0.43..376.28 rows=95 width=121)
	  Index Cond: ((id >= 2745598) AND (id <= 2745697))

table 3 : explain SELECT c FROM sbtest3 WHERE id BETWEEN 5705461 AND 5705560
	Index Scan using sbtest3_pkey on sbtest3  (cost=0.43..361.79 rows=91 width=121)
	  Index Cond: ((id >= 5705461) AND (id <= 5705560))

table 4 : explain SELECT c FROM sbtest4 WHERE id BETWEEN 4471374 AND 4471473
	Index Scan using sbtest4_pkey on sbtest4  (cost=0.43..418.85 rows=106 width=121)
	  Index Cond: ((id >= 4471374) AND (id <= 4471473))

table 5 : explain SELECT c FROM sbtest5 WHERE id BETWEEN 9216753 AND 9216852
	Index Scan using sbtest5_pkey on sbtest5  (cost=0.43..415.58 rows=105 width=121)
	  Index Cond: ((id >= 9216753) AND (id <= 9216852))

table 6 : explain SELECT c FROM sbtest6 WHERE id BETWEEN 3790502 AND 3790601
	Index Scan using sbtest6_pkey on sbtest6  (cost=0.43..404.67 rows=102 width=121)
	  Index Cond: ((id >= 3790502) AND (id <= 3790601))

table 7 : explain SELECT c FROM sbtest7 WHERE id BETWEEN 3834429 AND 3834528
	Index Scan using sbtest7_pkey on sbtest7  (cost=0.43..384.23 rows=97 width=121)
	  Index Cond: ((id >= 3834429) AND (id <= 3834528))

table 8 : explain SELECT c FROM sbtest8 WHERE id BETWEEN 7160618 AND 7160717
	Index Scan using sbtest8_pkey on sbtest8  (cost=0.43..392.26 rows=99 width=121)
	  Index Cond: ((id >= 7160618) AND (id <= 7160717))

for: distinct_ranges
table 1 : explain SELECT DISTINCT c FROM sbtest1 WHERE id BETWEEN 9812982 AND 9813081 ORDER BY c
	Unique  (cost=392.34..392.83 rows=98 width=121)
	  ->  Sort  (cost=392.34..392.59 rows=98 width=121)
	        Sort Key: c
	        ->  Index Scan using sbtest1_pkey on sbtest1  (cost=0.43..389.10 rows=98 width=121)
	              Index Cond: ((id >= 9812982) AND (id <= 9813081))

table 2 : explain SELECT DISTINCT c FROM sbtest2 WHERE id BETWEEN 7879771 AND 7879870 ORDER BY c
	Unique  (cost=367.54..368.00 rows=92 width=121)
	  ->  Sort  (cost=367.54..367.77 rows=92 width=121)
	        Sort Key: c
	        ->  Index Scan using sbtest2_pkey on sbtest2  (cost=0.43..364.54 rows=92 width=121)
	              Index Cond: ((id >= 7879771) AND (id <= 7879870))

table 3 : explain SELECT DISTINCT c FROM sbtest3 WHERE id BETWEEN 6845529 AND 6845628 ORDER BY c
	Unique  (cost=396.47..396.96 rows=99 width=121)
	  ->  Sort  (cost=396.47..396.72 rows=99 width=121)
	        Sort Key: c
	        ->  Index Scan using sbtest3_pkey on sbtest3  (cost=0.43..393.19 rows=99 width=121)
	              Index Cond: ((id >= 6845529) AND (id <= 6845628))

table 4 : explain SELECT DISTINCT c FROM sbtest4 WHERE id BETWEEN 6863055 AND 6863154 ORDER BY c
	Unique  (cost=394.78..395.28 rows=99 width=121)
	  ->  Sort  (cost=394.78..395.03 rows=99 width=121)
	        Sort Key: c
	        ->  Index Scan using sbtest4_pkey on sbtest4  (cost=0.43..391.50 rows=99 width=121)
	              Index Cond: ((id >= 6863055) AND (id <= 6863154))

table 5 : explain SELECT DISTINCT c FROM sbtest5 WHERE id BETWEEN 2104042 AND 2104141 ORDER BY c
	Unique  (cost=407.24..407.75 rows=102 width=121)
	  ->  Sort  (cost=407.24..407.50 rows=102 width=121)
	        Sort Key: c
	        ->  Index Scan using sbtest5_pkey on sbtest5  (cost=0.43..403.84 rows=102 width=121)
	              Index Cond: ((id >= 2104042) AND (id <= 2104141))

table 6 : explain SELECT DISTINCT c FROM sbtest6 WHERE id BETWEEN 7765850 AND 7765949 ORDER BY c
	Unique  (cost=388.24..388.72 rows=97 width=121)
	  ->  Sort  (cost=388.24..388.48 rows=97 width=121)
	        Sort Key: c
	        ->  Index Scan using sbtest6_pkey on sbtest6  (cost=0.43..385.04 rows=97 width=121)
	              Index Cond: ((id >= 7765850) AND (id <= 7765949))

table 7 : explain SELECT DISTINCT c FROM sbtest7 WHERE id BETWEEN 521461 AND 521560 ORDER BY c
	Unique  (cost=395.34..395.84 rows=99 width=121)
	  ->  Sort  (cost=395.34..395.59 rows=99 width=121)
	        Sort Key: c
	        ->  Index Scan using sbtest7_pkey on sbtest7  (cost=0.43..392.06 rows=99 width=121)
	              Index Cond: ((id >= 521461) AND (id <= 521560))

table 8 : explain SELECT DISTINCT c FROM sbtest8 WHERE id BETWEEN 9356257 AND 9356356 ORDER BY c
	Unique  (cost=423.24..423.77 rows=106 width=121)
	  ->  Sort  (cost=423.24..423.50 rows=106 width=121)
	        Sort Key: c
	        ->  Index Scan using sbtest8_pkey on sbtest8  (cost=0.43..419.67 rows=106 width=121)
	              Index Cond: ((id >= 9356257) AND (id <= 9356356))

explain: for point_selects :: explain SELECT c FROM sbtest%u WHERE id=%u
for: sum_ranges
table 1 : explain SELECT SUM(k) FROM sbtest1 WHERE id BETWEEN 8736414 AND 8736513
	Aggregate  (cost=389.35..389.36 rows=1 width=8)
	  ->  Index Scan using sbtest1_pkey on sbtest1  (cost=0.43..389.10 rows=98 width=4)
	        Index Cond: ((id >= 8736414) AND (id <= 8736513))

table 2 : explain SELECT SUM(k) FROM sbtest2 WHERE id BETWEEN 7897710 AND 7897809
	Aggregate  (cost=364.77..364.78 rows=1 width=8)
	  ->  Index Scan using sbtest2_pkey on sbtest2  (cost=0.43..364.54 rows=92 width=4)
	        Index Cond: ((id >= 7897710) AND (id <= 7897809))

table 3 : explain SELECT SUM(k) FROM sbtest3 WHERE id BETWEEN 2171740 AND 2171839
	Aggregate  (cost=393.44..393.45 rows=1 width=8)
	  ->  Index Scan using sbtest3_pkey on sbtest3  (cost=0.43..393.19 rows=99 width=4)
	        Index Cond: ((id >= 2171740) AND (id <= 2171839))

table 4 : explain SELECT SUM(k) FROM sbtest4 WHERE id BETWEEN 9923339 AND 9923438
	Aggregate  (cost=391.75..391.76 rows=1 width=8)
	  ->  Index Scan using sbtest4_pkey on sbtest4  (cost=0.43..391.50 rows=99 width=4)
	        Index Cond: ((id >= 9923339) AND (id <= 9923438))

table 5 : explain SELECT SUM(k) FROM sbtest5 WHERE id BETWEEN 3978608 AND 3978707
	Aggregate  (cost=419.76..419.77 rows=1 width=8)
	  ->  Index Scan using sbtest5_pkey on sbtest5  (cost=0.43..419.50 rows=106 width=4)
	        Index Cond: ((id >= 3978608) AND (id <= 3978707))

table 6 : explain SELECT SUM(k) FROM sbtest6 WHERE id BETWEEN 8953246 AND 8953345
	Aggregate  (cost=412.78..412.79 rows=1 width=8)
	  ->  Index Scan using sbtest6_pkey on sbtest6  (cost=0.43..412.52 rows=104 width=4)
	        Index Cond: ((id >= 8953246) AND (id <= 8953345))

table 7 : explain SELECT SUM(k) FROM sbtest7 WHERE id BETWEEN 1965670 AND 1965769
	Aggregate  (cost=400.14..400.15 rows=1 width=8)
	  ->  Index Scan using sbtest7_pkey on sbtest7  (cost=0.43..399.89 rows=101 width=4)
	        Index Cond: ((id >= 1965670) AND (id <= 1965769))

table 8 : explain SELECT SUM(k) FROM sbtest8 WHERE id BETWEEN 4309337 AND 4309436
	Aggregate  (cost=349.38..349.39 rows=1 width=8)
	  ->  Index Scan using sbtest8_pkey on sbtest8  (cost=0.43..349.16 rows=88 width=4)
	        Index Cond: ((id >= 4309337) AND (id <= 4309436))

for: simple_ranges
table 1 : explain SELECT c FROM sbtest1 WHERE id BETWEEN 2875170 AND 2875269
	Index Scan using sbtest1_pkey on sbtest1  (cost=0.43..369.49 rows=93 width=121)
	  Index Cond: ((id >= 2875170) AND (id <= 2875269))

table 2 : explain SELECT c FROM sbtest2 WHERE id BETWEEN 4365134 AND 4365233
	Index Scan using sbtest2_pkey on sbtest2  (cost=0.43..395.87 rows=100 width=121)
	  Index Cond: ((id >= 4365134) AND (id <= 4365233))

table 3 : explain SELECT c FROM sbtest3 WHERE id BETWEEN 4696192 AND 4696291
	Index Scan using sbtest3_pkey on sbtest3  (cost=0.43..420.69 rows=106 width=121)
	  Index Cond: ((id >= 4696192) AND (id <= 4696291))

table 4 : explain SELECT c FROM sbtest4 WHERE id BETWEEN 7908136 AND 7908235
	Index Scan using sbtest4_pkey on sbtest4  (cost=0.43..414.95 rows=105 width=121)
	  Index Cond: ((id >= 7908136) AND (id <= 7908235))

table 5 : explain SELECT c FROM sbtest5 WHERE id BETWEEN 5083289 AND 5083388
	Index Scan using sbtest5_pkey on sbtest5  (cost=0.43..396.01 rows=100 width=121)
	  Index Cond: ((id >= 5083289) AND (id <= 5083388))

table 6 : explain SELECT c FROM sbtest6 WHERE id BETWEEN 3794228 AND 3794327
	Index Scan using sbtest6_pkey on sbtest6  (cost=0.43..404.67 rows=102 width=121)
	  Index Cond: ((id >= 3794228) AND (id <= 3794327))

table 7 : explain SELECT c FROM sbtest7 WHERE id BETWEEN 6453138 AND 6453237
	Index Scan using sbtest7_pkey on sbtest7  (cost=0.43..450.76 rows=114 width=121)
	  Index Cond: ((id >= 6453138) AND (id <= 6453237))

table 8 : explain SELECT c FROM sbtest8 WHERE id BETWEEN 588617 AND 588716
	Index Scan using sbtest8_pkey on sbtest8  (cost=0.43..423.59 rows=107 width=121)
	  Index Cond: ((id >= 588617) AND (id <= 588716))

for point_selects
table 1 : explain SELECT c FROM sbtest1 WHERE id=1545515
	Index Scan using sbtest1_pkey on sbtest1  (cost=0.43..8.45 rows=1 width=121)
	  Index Cond: (id = 1545515)

table 2 : explain SELECT c FROM sbtest2 WHERE id=2136314
	Index Scan using sbtest2_pkey on sbtest2  (cost=0.43..8.45 rows=1 width=121)
	  Index Cond: (id = 2136314)

table 3 : explain SELECT c FROM sbtest3 WHERE id=6635293
	Index Scan using sbtest3_pkey on sbtest3  (cost=0.43..8.45 rows=1 width=121)
	  Index Cond: (id = 6635293)

table 4 : explain SELECT c FROM sbtest4 WHERE id=3631662
	Index Scan using sbtest4_pkey on sbtest4  (cost=0.43..8.45 rows=1 width=121)
	  Index Cond: (id = 3631662)

table 5 : explain SELECT c FROM sbtest5 WHERE id=9271606
	Index Scan using sbtest5_pkey on sbtest5  (cost=0.43..8.45 rows=1 width=121)
	  Index Cond: (id = 9271606)

table 6 : explain SELECT c FROM sbtest6 WHERE id=6425994
	Index Scan using sbtest6_pkey on sbtest6  (cost=0.43..8.45 rows=1 width=121)
	  Index Cond: (id = 6425994)

table 7 : explain SELECT c FROM sbtest7 WHERE id=9909595
	Index Scan using sbtest7_pkey on sbtest7  (cost=0.43..8.45 rows=1 width=121)
	  Index Cond: (id = 9909595)

table 8 : explain SELECT c FROM sbtest8 WHERE id=3586203
	Index Scan using sbtest8_pkey on sbtest8  (cost=0.43..8.45 rows=1 width=121)
	  Index Cond: (id = 3586203)

for: order_ranges
table 1 : explain SELECT c FROM sbtest1 WHERE id BETWEEN 2322124 AND 2322223 ORDER BY c
	Sort  (cost=400.27..400.52 rows=100 width=121)
	  Sort Key: c
	  ->  Index Scan using sbtest1_pkey on sbtest1  (cost=0.43..396.95 rows=100 width=121)
	        Index Cond: ((id >= 2322124) AND (id <= 2322223))

table 2 : explain SELECT c FROM sbtest2 WHERE id BETWEEN 5270687 AND 5270786 ORDER BY c
	Sort  (cost=426.86..427.13 rows=107 width=121)
	  Sort Key: c
	  ->  Index Scan using sbtest2_pkey on sbtest2  (cost=0.43..423.26 rows=107 width=121)
	        Index Cond: ((id >= 5270687) AND (id <= 5270786))

table 3 : explain SELECT c FROM sbtest3 WHERE id BETWEEN 9287430 AND 9287529 ORDER BY c
	Sort  (cost=356.82..357.04 rows=89 width=121)
	  Sort Key: c
	  ->  Index Scan using sbtest3_pkey on sbtest3  (cost=0.43..353.93 rows=89 width=121)
	        Index Cond: ((id >= 9287430) AND (id <= 9287529))

table 4 : explain SELECT c FROM sbtest4 WHERE id BETWEEN 1852490 AND 1852589 ORDER BY c
	Sort  (cost=378.96..379.20 rows=95 width=121)
	  Sort Key: c
	  ->  Index Scan using sbtest4_pkey on sbtest4  (cost=0.43..375.84 rows=95 width=121)
	        Index Cond: ((id >= 1852490) AND (id <= 1852589))

table 5 : explain SELECT c FROM sbtest5 WHERE id BETWEEN 2593612 AND 2593711 ORDER BY c
	Sort  (cost=450.75..451.03 rows=113 width=121)
	  Sort Key: c
	  ->  Index Scan using sbtest5_pkey on sbtest5  (cost=0.43..446.90 rows=113 width=121)
	        Index Cond: ((id >= 2593612) AND (id <= 2593711))

table 6 : explain SELECT c FROM sbtest6 WHERE id BETWEEN 4725477 AND 4725576 ORDER BY c
	Sort  (cost=376.35..376.59 rows=94 width=121)
	  Sort Key: c
	  ->  Index Scan using sbtest6_pkey on sbtest6  (cost=0.43..373.27 rows=94 width=121)
	        Index Cond: ((id >= 4725477) AND (id <= 4725576))

table 7 : explain SELECT c FROM sbtest7 WHERE id BETWEEN 6000265 AND 6000364 ORDER BY c
	Sort  (cost=391.39..391.63 rows=98 width=121)
	  Sort Key: c
	  ->  Index Scan using sbtest7_pkey on sbtest7  (cost=0.43..388.15 rows=98 width=121)
	        Index Cond: ((id >= 6000265) AND (id <= 6000364))

table 8 : explain SELECT c FROM sbtest8 WHERE id BETWEEN 5263134 AND 5263233 ORDER BY c
	Sort  (cost=391.59..391.83 rows=98 width=121)
	  Sort Key: c
	  ->  Index Scan using sbtest8_pkey on sbtest8  (cost=0.43..388.35 rows=98 width=121)
	        Index Cond: ((id >= 5263134) AND (id <= 5263233))

for point_selects
table 1 : explain SELECT c FROM sbtest1 WHERE id=5665705
	Index Scan using sbtest1_pkey on sbtest1  (cost=0.43..8.45 rows=1 width=121)
	  Index Cond: (id = 5665705)

table 2 : explain SELECT c FROM sbtest2 WHERE id=1440152
	Index Scan using sbtest2_pkey on sbtest2  (cost=0.43..8.45 rows=1 width=121)
	  Index Cond: (id = 1440152)

table 3 : explain SELECT c FROM sbtest3 WHERE id=6586816
	Index Scan using sbtest3_pkey on sbtest3  (cost=0.43..8.45 rows=1 width=121)
	  Index Cond: (id = 6586816)

table 4 : explain SELECT c FROM sbtest4 WHERE id=9940516
	Index Scan using sbtest4_pkey on sbtest4  (cost=0.43..8.45 rows=1 width=121)
	  Index Cond: (id = 9940516)

table 5 : explain SELECT c FROM sbtest5 WHERE id=2579817
	Index Scan using sbtest5_pkey on sbtest5  (cost=0.43..8.45 rows=1 width=121)
	  Index Cond: (id = 2579817)

table 6 : explain SELECT c FROM sbtest6 WHERE id=2201853
	Index Scan using sbtest6_pkey on sbtest6  (cost=0.43..8.45 rows=1 width=121)
	  Index Cond: (id = 2201853)

table 7 : explain SELECT c FROM sbtest7 WHERE id=7413963
	Index Scan using sbtest7_pkey on sbtest7  (cost=0.43..8.45 rows=1 width=121)
	  Index Cond: (id = 7413963)

table 8 : explain SELECT c FROM sbtest8 WHERE id=4115117
	Index Scan using sbtest8_pkey on sbtest8  (cost=0.43..8.45 rows=1 width=121)
	  Index Cond: (id = 4115117)

for: distinct_ranges
table 1 : explain SELECT DISTINCT c FROM sbtest1 WHERE id BETWEEN 8152727 AND 8152826 ORDER BY c
	Unique  (cost=376.49..376.96 rows=94 width=121)
	  ->  Sort  (cost=376.49..376.73 rows=94 width=121)
	        Sort Key: c
	        ->  Index Scan using sbtest1_pkey on sbtest1  (cost=0.43..373.41 rows=94 width=121)
	              Index Cond: ((id >= 8152727) AND (id <= 8152826))

table 2 : explain SELECT DISTINCT c FROM sbtest2 WHERE id BETWEEN 8706779 AND 8706878 ORDER BY c
	Unique  (cost=422.91..423.44 rows=106 width=121)
	  ->  Sort  (cost=422.91..423.18 rows=106 width=121)
	        Sort Key: c
	        ->  Index Scan using sbtest2_pkey on sbtest2  (cost=0.43..419.35 rows=106 width=121)
	              Index Cond: ((id >= 8706779) AND (id <= 8706878))

table 3 : explain SELECT DISTINCT c FROM sbtest3 WHERE id BETWEEN 2243548 AND 2243647 ORDER BY c
	Unique  (cost=380.61..381.08 rows=95 width=121)
	  ->  Sort  (cost=380.61..380.84 rows=95 width=121)
	        Sort Key: c
	        ->  Index Scan using sbtest3_pkey on sbtest3  (cost=0.43..377.49 rows=95 width=121)
	              Index Cond: ((id >= 2243548) AND (id <= 2243647))

table 4 : explain SELECT DISTINCT c FROM sbtest4 WHERE id BETWEEN 9159473 AND 9159572 ORDER BY c
	Unique  (cost=390.83..391.32 rows=98 width=121)
	  ->  Sort  (cost=390.83..391.08 rows=98 width=121)
	        Sort Key: c
	        ->  Index Scan using sbtest4_pkey on sbtest4  (cost=0.43..387.59 rows=98 width=121)
	              Index Cond: ((id >= 9159473) AND (id <= 9159572))

table 5 : explain SELECT DISTINCT c FROM sbtest5 WHERE id BETWEEN 8109934 AND 8110033 ORDER BY c
	Unique  (cost=383.49..383.97 rows=96 width=121)
	  ->  Sort  (cost=383.49..383.73 rows=96 width=121)
	        Sort Key: c
	        ->  Index Scan using sbtest5_pkey on sbtest5  (cost=0.43..380.33 rows=96 width=121)
	              Index Cond: ((id >= 8109934) AND (id <= 8110033))

table 6 : explain SELECT DISTINCT c FROM sbtest6 WHERE id BETWEEN 8587966 AND 8588065 ORDER BY c
	Unique  (cost=336.73..337.15 rows=84 width=121)
	  ->  Sort  (cost=336.73..336.94 rows=84 width=121)
	        Sort Key: c
	        ->  Index Scan using sbtest6_pkey on sbtest6  (cost=0.43..334.05 rows=84 width=121)
	              Index Cond: ((id >= 8587966) AND (id <= 8588065))

table 7 : explain SELECT DISTINCT c FROM sbtest7 WHERE id BETWEEN 6691443 AND 6691542 ORDER BY c
	Unique  (cost=379.50..379.98 rows=95 width=121)
	  ->  Sort  (cost=379.50..379.74 rows=95 width=121)
	        Sort Key: c
	        ->  Index Scan using sbtest7_pkey on sbtest7  (cost=0.43..376.38 rows=95 width=121)
	              Index Cond: ((id >= 6691443) AND (id <= 6691542))

table 8 : explain SELECT DISTINCT c FROM sbtest8 WHERE id BETWEEN 3428649 AND 3428748 ORDER BY c
	Unique  (cost=379.69..380.17 rows=95 width=121)
	  ->  Sort  (cost=379.69..379.93 rows=95 width=121)
	        Sort Key: c
	        ->  Index Scan using sbtest8_pkey on sbtest8  (cost=0.43..376.57 rows=95 width=121)
	              Index Cond: ((id >= 3428649) AND (id <= 3428748))

for: order_ranges
table 1 : explain SELECT c FROM sbtest1 WHERE id BETWEEN 7266310 AND 7266409 ORDER BY c
	Sort  (cost=388.38..388.62 rows=97 width=121)
	  Sort Key: c
	  ->  Index Scan using sbtest1_pkey on sbtest1  (cost=0.43..385.18 rows=97 width=121)
	        Index Cond: ((id >= 7266310) AND (id <= 7266409))

table 2 : explain SELECT c FROM sbtest2 WHERE id BETWEEN 471735 AND 471834 ORDER BY c
	Sort  (cost=411.05..411.31 rows=103 width=121)
	  Sort Key: c
	  ->  Index Scan using sbtest2_pkey on sbtest2  (cost=0.43..407.61 rows=103 width=121)
	        Index Cond: ((id >= 471735) AND (id <= 471834))

table 3 : explain SELECT c FROM sbtest3 WHERE id BETWEEN 2194105 AND 2194204 ORDER BY c
	Sort  (cost=380.61..380.84 rows=95 width=121)
	  Sort Key: c
	  ->  Index Scan using sbtest3_pkey on sbtest3  (cost=0.43..377.49 rows=95 width=121)
	        Index Cond: ((id >= 2194105) AND (id <= 2194204))

table 4 : explain SELECT c FROM sbtest4 WHERE id BETWEEN 1837695 AND 1837794 ORDER BY c
	Sort  (cost=378.96..379.20 rows=95 width=121)
	  Sort Key: c
	  ->  Index Scan using sbtest4_pkey on sbtest4  (cost=0.43..375.84 rows=95 width=121)
	        Index Cond: ((id >= 1837695) AND (id <= 1837794))

table 5 : explain SELECT c FROM sbtest5 WHERE id BETWEEN 3626739 AND 3626838 ORDER BY c
	Sort  (cost=411.20..411.46 rows=103 width=121)
	  Sort Key: c
	  ->  Index Scan using sbtest5_pkey on sbtest5  (cost=0.43..407.76 rows=103 width=121)
	        Index Cond: ((id >= 3626739) AND (id <= 3626838))

table 6 : explain SELECT c FROM sbtest6 WHERE id BETWEEN 8964096 AND 8964195 ORDER BY c
	Sort  (cost=416.00..416.26 rows=104 width=121)
	  Sort Key: c
	  ->  Index Scan using sbtest6_pkey on sbtest6  (cost=0.43..412.52 rows=104 width=121)
	        Index Cond: ((id >= 8964096) AND (id <= 8964195))

table 7 : explain SELECT c FROM sbtest7 WHERE id BETWEEN 2533362 AND 2533461 ORDER BY c
	Sort  (cost=399.30..399.55 rows=100 width=121)
	  Sort Key: c
	  ->  Index Scan using sbtest7_pkey on sbtest7  (cost=0.43..395.98 rows=100 width=121)
	        Index Cond: ((id >= 2533362) AND (id <= 2533461))

table 8 : explain SELECT c FROM sbtest8 WHERE id BETWEEN 7765446 AND 7765545 ORDER BY c
	Sort  (cost=423.24..423.50 rows=106 width=121)
	  Sort Key: c
	  ->  Index Scan using sbtest8_pkey on sbtest8  (cost=0.43..419.67 rows=106 width=121)
	        Index Cond: ((id >= 7765446) AND (id <= 7765545))

explain: for point_selects :: explain SELECT c FROM sbtest%u WHERE id=%u
for: distinct_ranges
table 1 : explain SELECT DISTINCT c FROM sbtest1 WHERE id BETWEEN 3133692 AND 3133791 ORDER BY c
	Unique  (cost=360.61..361.06 rows=90 width=121)
	  ->  Sort  (cost=360.61..360.84 rows=90 width=121)
	        Sort Key: c
	        ->  Index Scan using sbtest1_pkey on sbtest1  (cost=0.43..357.69 rows=90 width=121)
	              Index Cond: ((id >= 3133692) AND (id <= 3133791))

table 2 : explain SELECT DISTINCT c FROM sbtest2 WHERE id BETWEEN 6453475 AND 6453574 ORDER BY c
	Unique  (cost=403.15..403.65 rows=101 width=121)
	  ->  Sort  (cost=403.15..403.40 rows=101 width=121)
	        Sort Key: c
	        ->  Index Scan using sbtest2_pkey on sbtest2  (cost=0.43..399.78 rows=101 width=121)
	              Index Cond: ((id >= 6453475) AND (id <= 6453574))

table 3 : explain SELECT DISTINCT c FROM sbtest3 WHERE id BETWEEN 2307713 AND 2307812 ORDER BY c
	Unique  (cost=396.47..396.96 rows=99 width=121)
	  ->  Sort  (cost=396.47..396.72 rows=99 width=121)
	        Sort Key: c
	        ->  Index Scan using sbtest3_pkey on sbtest3  (cost=0.43..393.19 rows=99 width=121)
	              Index Cond: ((id >= 2307713) AND (id <= 2307812))

table 4 : explain SELECT DISTINCT c FROM sbtest4 WHERE id BETWEEN 5268124 AND 5268223 ORDER BY c
	Unique  (cost=402.68..403.18 rows=101 width=121)
	  ->  Sort  (cost=402.68..402.93 rows=101 width=121)
	        Sort Key: c
	        ->  Index Scan using sbtest4_pkey on sbtest4  (cost=0.43..399.32 rows=101 width=121)
	              Index Cond: ((id >= 5268124) AND (id <= 5268223))

table 5 : explain SELECT DISTINCT c FROM sbtest5 WHERE id BETWEEN 3911137 AND 3911236 ORDER BY c
	Unique  (cost=415.15..415.67 rows=104 width=121)
	  ->  Sort  (cost=415.15..415.41 rows=104 width=121)
	        Sort Key: c
	        ->  Index Scan using sbtest5_pkey on sbtest5  (cost=0.43..411.67 rows=104 width=121)
	              Index Cond: ((id >= 3911137) AND (id <= 3911236))

table 6 : explain SELECT DISTINCT c FROM sbtest6 WHERE id BETWEEN 8228922 AND 8229021 ORDER BY c
	Unique  (cost=380.31..380.79 rows=95 width=121)
	  ->  Sort  (cost=380.31..380.55 rows=95 width=121)
	        Sort Key: c
	        ->  Index Scan using sbtest6_pkey on sbtest6  (cost=0.43..377.19 rows=95 width=121)
	              Index Cond: ((id >= 8228922) AND (id <= 8229021))

table 7 : explain SELECT DISTINCT c FROM sbtest7 WHERE id BETWEEN 4663644 AND 4663743 ORDER BY c
	Unique  (cost=375.55..376.02 rows=94 width=121)
	  ->  Sort  (cost=375.55..375.78 rows=94 width=121)
	        Sort Key: c
	        ->  Index Scan using sbtest7_pkey on sbtest7  (cost=0.43..372.47 rows=94 width=121)
	              Index Cond: ((id >= 4663644) AND (id <= 4663743))

table 8 : explain SELECT DISTINCT c FROM sbtest8 WHERE id BETWEEN 8691485 AND 8691584 ORDER BY c
	Unique  (cost=379.69..380.17 rows=95 width=121)
	  ->  Sort  (cost=379.69..379.93 rows=95 width=121)
	        Sort Key: c
	        ->  Index Scan using sbtest8_pkey on sbtest8  (cost=0.43..376.57 rows=95 width=121)
	              Index Cond: ((id >= 8691485) AND (id <= 8691584))

explain: for point_selects :: explain SELECT c FROM sbtest%u WHERE id=%u
for: distinct_ranges
table 1 : explain SELECT DISTINCT c FROM sbtest1 WHERE id BETWEEN 6506164 AND 6506263 ORDER BY c
	Unique  (cost=376.49..376.96 rows=94 width=121)
	  ->  Sort  (cost=376.49..376.73 rows=94 width=121)
	        Sort Key: c
	        ->  Index Scan using sbtest1_pkey on sbtest1  (cost=0.43..373.41 rows=94 width=121)
	              Index Cond: ((id >= 6506164) AND (id <= 6506263))

table 2 : explain SELECT DISTINCT c FROM sbtest2 WHERE id BETWEEN 1364967 AND 1365066 ORDER BY c
	Unique  (cost=426.86..427.40 rows=107 width=121)
	  ->  Sort  (cost=426.86..427.13 rows=107 width=121)
	        Sort Key: c
	        ->  Index Scan using sbtest2_pkey on sbtest2  (cost=0.43..423.26 rows=107 width=121)
	              Index Cond: ((id >= 1364967) AND (id <= 1365066))

table 3 : explain SELECT DISTINCT c FROM sbtest3 WHERE id BETWEEN 7709213 AND 7709312 ORDER BY c
	Unique  (cost=392.50..392.99 rows=98 width=121)
	  ->  Sort  (cost=392.50..392.75 rows=98 width=121)
	        Sort Key: c
	        ->  Index Scan using sbtest3_pkey on sbtest3  (cost=0.43..389.26 rows=98 width=121)
	              Index Cond: ((id >= 7709213) AND (id <= 7709312))

table 4 : explain SELECT DISTINCT c FROM sbtest4 WHERE id BETWEEN 3434561 AND 3434660 ORDER BY c
	Unique  (cost=390.83..391.32 rows=98 width=121)
	  ->  Sort  (cost=390.83..391.08 rows=98 width=121)
	        Sort Key: c
	        ->  Index Scan using sbtest4_pkey on sbtest4  (cost=0.43..387.59 rows=98 width=121)
	              Index Cond: ((id >= 3434561) AND (id <= 3434660))

table 5 : explain SELECT DISTINCT c FROM sbtest5 WHERE id BETWEEN 7580641 AND 7580740 ORDER BY c
	Unique  (cost=383.52..384.00 rows=96 width=121)
	  ->  Sort  (cost=383.52..383.76 rows=96 width=121)
	        Sort Key: c
	        ->  Index Scan using sbtest5_pkey on sbtest5  (cost=0.43..380.36 rows=96 width=121)
	              Index Cond: ((id >= 7580641) AND (id <= 7580740))

table 6 : explain SELECT DISTINCT c FROM sbtest6 WHERE id BETWEEN 3183577 AND 3183676 ORDER BY c
	Unique  (cost=423.93..424.46 rows=106 width=121)
	  ->  Sort  (cost=423.93..424.19 rows=106 width=121)
	        Sort Key: c
	        ->  Index Scan using sbtest6_pkey on sbtest6  (cost=0.43..420.36 rows=106 width=121)
	              Index Cond: ((id >= 3183577) AND (id <= 3183676))

table 7 : explain SELECT DISTINCT c FROM sbtest7 WHERE id BETWEEN 7058902 AND 7059001 ORDER BY c
	Unique  (cost=391.39..391.88 rows=98 width=121)
	  ->  Sort  (cost=391.39..391.63 rows=98 width=121)
	        Sort Key: c
	        ->  Index Scan using sbtest7_pkey on sbtest7  (cost=0.43..388.15 rows=98 width=121)
	              Index Cond: ((id >= 7058902) AND (id <= 7059001))

table 8 : explain SELECT DISTINCT c FROM sbtest8 WHERE id BETWEEN 1508550 AND 1508649 ORDER BY c
	Unique  (cost=403.46..403.96 rows=101 width=121)
	  ->  Sort  (cost=403.46..403.71 rows=101 width=121)
	        Sort Key: c
	        ->  Index Scan using sbtest8_pkey on sbtest8  (cost=0.43..400.09 rows=101 width=121)
	              Index Cond: ((id >= 1508550) AND (id <= 1508649))

for point_selects
table 1 : explain SELECT c FROM sbtest1 WHERE id=9712994
	Index Scan using sbtest1_pkey on sbtest1  (cost=0.43..8.45 rows=1 width=121)
	  Index Cond: (id = 9712994)

table 2 : explain SELECT c FROM sbtest2 WHERE id=4322044
	Index Scan using sbtest2_pkey on sbtest2  (cost=0.43..8.45 rows=1 width=121)
	  Index Cond: (id = 4322044)

table 3 : explain SELECT c FROM sbtest3 WHERE id=2329865
	Index Scan using sbtest3_pkey on sbtest3  (cost=0.43..8.45 rows=1 width=121)
	  Index Cond: (id = 2329865)

table 4 : explain SELECT c FROM sbtest4 WHERE id=3156474
	Index Scan using sbtest4_pkey on sbtest4  (cost=0.43..8.45 rows=1 width=121)
	  Index Cond: (id = 3156474)

table 5 : explain SELECT c FROM sbtest5 WHERE id=4234828
	Index Scan using sbtest5_pkey on sbtest5  (cost=0.43..8.45 rows=1 width=121)
	  Index Cond: (id = 4234828)

table 6 : explain SELECT c FROM sbtest6 WHERE id=9309273
	Index Scan using sbtest6_pkey on sbtest6  (cost=0.43..8.45 rows=1 width=121)
	  Index Cond: (id = 9309273)

table 7 : explain SELECT c FROM sbtest7 WHERE id=2387070
	Index Scan using sbtest7_pkey on sbtest7  (cost=0.43..8.45 rows=1 width=121)
	  Index Cond: (id = 2387070)

table 8 : explain SELECT c FROM sbtest8 WHERE id=217029
	Index Scan using sbtest8_pkey on sbtest8  (cost=0.43..8.45 rows=1 width=121)
	  Index Cond: (id = 217029)

for: distinct_ranges
table 1 : explain SELECT DISTINCT c FROM sbtest1 WHERE id BETWEEN 7429009 AND 7429108 ORDER BY c
	Unique  (cost=428.02..428.56 rows=107 width=121)
	  ->  Sort  (cost=428.02..428.29 rows=107 width=121)
	        Sort Key: c
	        ->  Index Scan using sbtest1_pkey on sbtest1  (cost=0.43..424.41 rows=107 width=121)
	              Index Cond: ((id >= 7429009) AND (id <= 7429108))

table 2 : explain SELECT DISTINCT c FROM sbtest2 WHERE id BETWEEN 3050677 AND 3050776 ORDER BY c
	Unique  (cost=387.31..387.79 rows=97 width=121)
	  ->  Sort  (cost=387.31..387.55 rows=97 width=121)
	        Sort Key: c
	        ->  Index Scan using sbtest2_pkey on sbtest2  (cost=0.43..384.11 rows=97 width=121)
	              Index Cond: ((id >= 3050677) AND (id <= 3050776))

table 3 : explain SELECT DISTINCT c FROM sbtest3 WHERE id BETWEEN 2082956 AND 2083055 ORDER BY c
	Unique  (cost=416.32..416.84 rows=104 width=121)
	  ->  Sort  (cost=416.32..416.58 rows=104 width=121)
	        Sort Key: c
	        ->  Index Scan using sbtest3_pkey on sbtest3  (cost=0.43..412.84 rows=104 width=121)
	              Index Cond: ((id >= 2082956) AND (id <= 2083055))

table 4 : explain SELECT DISTINCT c FROM sbtest4 WHERE id BETWEEN 9270521 AND 9270620 ORDER BY c
	Unique  (cost=410.57..411.09 rows=103 width=121)
	  ->  Sort  (cost=410.57..410.83 rows=103 width=121)
	        Sort Key: c
	        ->  Index Scan using sbtest4_pkey on sbtest4  (cost=0.43..407.13 rows=103 width=121)
	              Index Cond: ((id >= 9270521) AND (id <= 9270620))

table 5 : explain SELECT DISTINCT c FROM sbtest5 WHERE id BETWEEN 2042348 AND 2042447 ORDER BY c
	Unique  (cost=371.63..372.10 rows=93 width=121)
	  ->  Sort  (cost=371.63..371.86 rows=93 width=121)
	        Sort Key: c
	        ->  Index Scan using sbtest5_pkey on sbtest5  (cost=0.43..368.59 rows=93 width=121)
	              Index Cond: ((id >= 2042348) AND (id <= 2042447))

table 6 : explain SELECT DISTINCT c FROM sbtest6 WHERE id BETWEEN 318809 AND 318908 ORDER BY c
	Unique  (cost=352.58..353.02 rows=88 width=121)
	  ->  Sort  (cost=352.58..352.80 rows=88 width=121)
	        Sort Key: c
	        ->  Index Scan using sbtest6_pkey on sbtest6  (cost=0.43..349.74 rows=88 width=121)
	              Index Cond: ((id >= 318809) AND (id <= 318908))

table 7 : explain SELECT DISTINCT c FROM sbtest7 WHERE id BETWEEN 2621053 AND 2621152 ORDER BY c
	Unique  (cost=403.25..403.76 rows=101 width=121)
	  ->  Sort  (cost=403.25..403.50 rows=101 width=121)
	        Sort Key: c
	        ->  Index Scan using sbtest7_pkey on sbtest7  (cost=0.43..399.89 rows=101 width=121)
	              Index Cond: ((id >= 2621053) AND (id <= 2621152))

table 8 : explain SELECT DISTINCT c FROM sbtest8 WHERE id BETWEEN 2908172 AND 2908271 ORDER BY c
	Unique  (cost=383.68..384.16 rows=96 width=121)
	  ->  Sort  (cost=383.68..383.92 rows=96 width=121)
	        Sort Key: c
	        ->  Index Scan using sbtest8_pkey on sbtest8  (cost=0.43..380.51 rows=96 width=121)
	              Index Cond: ((id >= 2908172) AND (id <= 2908271))

for: sum_ranges
table 1 : explain SELECT SUM(k) FROM sbtest1 WHERE id BETWEEN 9164988 AND 9165087
	Aggregate  (cost=405.05..405.06 rows=1 width=8)
	  ->  Index Scan using sbtest1_pkey on sbtest1  (cost=0.43..404.80 rows=102 width=4)
	        Index Cond: ((id >= 9164988) AND (id <= 9165087))

table 2 : explain SELECT SUM(k) FROM sbtest2 WHERE id BETWEEN 8156014 AND 8156113
	Aggregate  (cost=407.87..407.88 rows=1 width=8)
	  ->  Index Scan using sbtest2_pkey on sbtest2  (cost=0.43..407.61 rows=103 width=4)
	        Index Cond: ((id >= 8156014) AND (id <= 8156113))

table 3 : explain SELECT SUM(k) FROM sbtest3 WHERE id BETWEEN 3462417 AND 3462516
	Aggregate  (cost=409.17..409.18 rows=1 width=8)
	  ->  Index Scan using sbtest3_pkey on sbtest3  (cost=0.43..408.91 rows=103 width=4)
	        Index Cond: ((id >= 3462417) AND (id <= 3462516))

table 4 : explain SELECT SUM(k) FROM sbtest4 WHERE id BETWEEN 9616990 AND 9617089
	Aggregate  (cost=399.57..399.58 rows=1 width=8)
	  ->  Index Scan using sbtest4_pkey on sbtest4  (cost=0.43..399.32 rows=101 width=4)
	        Index Cond: ((id >= 9616990) AND (id <= 9617089))

table 5 : explain SELECT SUM(k) FROM sbtest5 WHERE id BETWEEN 4883004 AND 4883103
	Aggregate  (cost=411.93..411.94 rows=1 width=8)
	  ->  Index Scan using sbtest5_pkey on sbtest5  (cost=0.43..411.67 rows=104 width=4)
	        Index Cond: ((id >= 4883004) AND (id <= 4883103))

table 6 : explain SELECT SUM(k) FROM sbtest6 WHERE id BETWEEN 2828193 AND 2828292
	Aggregate  (cost=428.48..428.49 rows=1 width=8)
	  ->  Index Scan using sbtest6_pkey on sbtest6  (cost=0.43..428.21 rows=108 width=4)
	        Index Cond: ((id >= 2828193) AND (id <= 2828292))

table 7 : explain SELECT SUM(k) FROM sbtest7 WHERE id BETWEEN 8490435 AND 8490534
	Aggregate  (cost=372.70..372.71 rows=1 width=8)
	  ->  Index Scan using sbtest7_pkey on sbtest7  (cost=0.43..372.47 rows=94 width=4)
	        Index Cond: ((id >= 8490435) AND (id <= 8490534))

table 8 : explain SELECT SUM(k) FROM sbtest8 WHERE id BETWEEN 3798067 AND 3798166
	Aggregate  (cost=416.02..416.03 rows=1 width=8)
	  ->  Index Scan using sbtest8_pkey on sbtest8  (cost=0.43..415.76 rows=105 width=4)
	        Index Cond: ((id >= 3798067) AND (id <= 3798166))

explain: for point_selects :: explain SELECT c FROM sbtest%u WHERE id=%u
for: simple_ranges
table 1 : explain SELECT c FROM sbtest1 WHERE id BETWEEN 2207449 AND 2207548
	Index Scan using sbtest1_pkey on sbtest1  (cost=0.43..444.03 rows=112 width=121)
	  Index Cond: ((id >= 2207449) AND (id <= 2207548))

table 2 : explain SELECT c FROM sbtest2 WHERE id BETWEEN 774593 AND 774692
	Index Scan using sbtest2_pkey on sbtest2  (cost=0.43..360.63 rows=91 width=121)
	  Index Cond: ((id >= 774593) AND (id <= 774692))

table 3 : explain SELECT c FROM sbtest3 WHERE id BETWEEN 1511729 AND 1511828
	Index Scan using sbtest3_pkey on sbtest3  (cost=0.43..401.06 rows=101 width=121)
	  Index Cond: ((id >= 1511729) AND (id <= 1511828))

table 4 : explain SELECT c FROM sbtest4 WHERE id BETWEEN 7076763 AND 7076862
	Index Scan using sbtest4_pkey on sbtest4  (cost=0.43..422.76 rows=107 width=121)
	  Index Cond: ((id >= 7076763) AND (id <= 7076862))

table 5 : explain SELECT c FROM sbtest5 WHERE id BETWEEN 1298268 AND 1298367
	Index Scan using sbtest5_pkey on sbtest5  (cost=0.43..364.68 rows=92 width=121)
	  Index Cond: ((id >= 1298268) AND (id <= 1298367))

table 6 : explain SELECT c FROM sbtest6 WHERE id BETWEEN 7902184 AND 7902283
	Index Scan using sbtest6_pkey on sbtest6  (cost=0.43..412.52 rows=104 width=121)
	  Index Cond: ((id >= 7902184) AND (id <= 7902283))

table 7 : explain SELECT c FROM sbtest7 WHERE id BETWEEN 8165313 AND 8165412
	Index Scan using sbtest7_pkey on sbtest7  (cost=0.43..423.37 rows=107 width=121)
	  Index Cond: ((id >= 8165313) AND (id <= 8165412))

table 8 : explain SELECT c FROM sbtest8 WHERE id BETWEEN 4850980 AND 4851079
	Index Scan using sbtest8_pkey on sbtest8  (cost=0.43..376.57 rows=95 width=121)
	  Index Cond: ((id >= 4850980) AND (id <= 4851079))

for: sum_ranges
table 1 : explain SELECT SUM(k) FROM sbtest1 WHERE id BETWEEN 1430691 AND 1430790
	Aggregate  (cost=381.50..381.51 rows=1 width=8)
	  ->  Index Scan using sbtest1_pkey on sbtest1  (cost=0.43..381.26 rows=96 width=4)
	        Index Cond: ((id >= 1430691) AND (id <= 1430790))

table 2 : explain SELECT SUM(k) FROM sbtest2 WHERE id BETWEEN 8355787 AND 8355886
	Aggregate  (cost=380.43..380.44 rows=1 width=8)
	  ->  Index Scan using sbtest2_pkey on sbtest2  (cost=0.43..380.19 rows=96 width=4)
	        Index Cond: ((id >= 8355787) AND (id <= 8355886))

table 3 : explain SELECT SUM(k) FROM sbtest3 WHERE id BETWEEN 4549031 AND 4549130
	Aggregate  (cost=420.95..420.96 rows=1 width=8)
	  ->  Index Scan using sbtest3_pkey on sbtest3  (cost=0.43..420.69 rows=106 width=4)
	        Index Cond: ((id >= 4549031) AND (id <= 4549130))

table 4 : explain SELECT SUM(k) FROM sbtest4 WHERE id BETWEEN 5292919 AND 5293018
	Aggregate  (cost=399.57..399.58 rows=1 width=8)
	  ->  Index Scan using sbtest4_pkey on sbtest4  (cost=0.43..399.32 rows=101 width=4)
	        Index Cond: ((id >= 5292919) AND (id <= 5293018))

table 5 : explain SELECT SUM(k) FROM sbtest5 WHERE id BETWEEN 8472869 AND 8472968
	Aggregate  (cost=415.85..415.86 rows=1 width=8)
	  ->  Index Scan using sbtest5_pkey on sbtest5  (cost=0.43..415.58 rows=105 width=4)
	        Index Cond: ((id >= 8472869) AND (id <= 8472968))

table 6 : explain SELECT SUM(k) FROM sbtest6 WHERE id BETWEEN 3254450 AND 3254549
	Aggregate  (cost=373.51..373.52 rows=1 width=8)
	  ->  Index Scan using sbtest6_pkey on sbtest6  (cost=0.43..373.27 rows=94 width=4)
	        Index Cond: ((id >= 3254450) AND (id <= 3254549))

table 7 : explain SELECT SUM(k) FROM sbtest7 WHERE id BETWEEN 220164 AND 220263
	Aggregate  (cost=427.55..427.56 rows=1 width=8)
	  ->  Index Scan using sbtest7_pkey on sbtest7  (cost=0.43..427.28 rows=108 width=4)
	        Index Cond: ((id >= 220164) AND (id <= 220263))

table 8 : explain SELECT SUM(k) FROM sbtest8 WHERE id BETWEEN 8140126 AND 8140225
	Aggregate  (cost=427.77..427.78 rows=1 width=8)
	  ->  Index Scan using sbtest8_pkey on sbtest8  (cost=0.43..427.50 rows=108 width=4)
	        Index Cond: ((id >= 8140126) AND (id <= 8140225))

for point_selects
table 1 : explain SELECT c FROM sbtest1 WHERE id=4449632
	Index Scan using sbtest1_pkey on sbtest1  (cost=0.43..8.45 rows=1 width=121)
	  Index Cond: (id = 4449632)

table 2 : explain SELECT c FROM sbtest2 WHERE id=47950
	Index Scan using sbtest2_pkey on sbtest2  (cost=0.43..8.45 rows=1 width=121)
	  Index Cond: (id = 47950)

table 3 : explain SELECT c FROM sbtest3 WHERE id=7920597
	Index Scan using sbtest3_pkey on sbtest3  (cost=0.43..8.45 rows=1 width=121)
	  Index Cond: (id = 7920597)

table 4 : explain SELECT c FROM sbtest4 WHERE id=940455
	Index Scan using sbtest4_pkey on sbtest4  (cost=0.43..8.45 rows=1 width=121)
	  Index Cond: (id = 940455)

table 5 : explain SELECT c FROM sbtest5 WHERE id=6558774
	Index Scan using sbtest5_pkey on sbtest5  (cost=0.43..8.45 rows=1 width=121)
	  Index Cond: (id = 6558774)

table 6 : explain SELECT c FROM sbtest6 WHERE id=4214863
	Index Scan using sbtest6_pkey on sbtest6  (cost=0.43..8.45 rows=1 width=121)
	  Index Cond: (id = 4214863)

table 7 : explain SELECT c FROM sbtest7 WHERE id=7344655
	Index Scan using sbtest7_pkey on sbtest7  (cost=0.43..8.45 rows=1 width=121)
	  Index Cond: (id = 7344655)

table 8 : explain SELECT c FROM sbtest8 WHERE id=9236174
	Index Scan using sbtest8_pkey on sbtest8  (cost=0.43..8.45 rows=1 width=121)
	  Index Cond: (id = 9236174)

explain: for point_selects :: explain SELECT c FROM sbtest%u WHERE id=%u
for: simple_ranges
table 1 : explain SELECT c FROM sbtest1 WHERE id BETWEEN 5213859 AND 5213958
	Index Scan using sbtest1_pkey on sbtest1  (cost=0.43..396.95 rows=100 width=121)
	  Index Cond: ((id >= 5213859) AND (id <= 5213958))

table 2 : explain SELECT c FROM sbtest2 WHERE id BETWEEN 4792625 AND 4792724
	Index Scan using sbtest2_pkey on sbtest2  (cost=0.43..419.35 rows=106 width=121)
	  Index Cond: ((id >= 4792625) AND (id <= 4792724))

table 3 : explain SELECT c FROM sbtest3 WHERE id BETWEEN 5065505 AND 5065604
	Index Scan using sbtest3_pkey on sbtest3  (cost=0.43..444.24 rows=112 width=121)
	  Index Cond: ((id >= 5065505) AND (id <= 5065604))

table 4 : explain SELECT c FROM sbtest4 WHERE id BETWEEN 245877 AND 245976
	Index Scan using sbtest4_pkey on sbtest4  (cost=0.43..395.41 rows=100 width=121)
	  Index Cond: ((id >= 245877) AND (id <= 245976))

table 5 : explain SELECT c FROM sbtest5 WHERE id BETWEEN 742035 AND 742134
	Index Scan using sbtest5_pkey on sbtest5  (cost=0.43..380.36 rows=96 width=121)
	  Index Cond: ((id >= 742035) AND (id <= 742134))

table 6 : explain SELECT c FROM sbtest6 WHERE id BETWEEN 6776513 AND 6776612
	Index Scan using sbtest6_pkey on sbtest6  (cost=0.43..416.44 rows=105 width=121)
	  Index Cond: ((id >= 6776513) AND (id <= 6776612))

table 7 : explain SELECT c FROM sbtest7 WHERE id BETWEEN 8735653 AND 8735752
	Index Scan using sbtest7_pkey on sbtest7  (cost=0.43..399.89 rows=101 width=121)
	  Index Cond: ((id >= 8735653) AND (id <= 8735752))

table 8 : explain SELECT c FROM sbtest8 WHERE id BETWEEN 5404811 AND 5404910
	Index Scan using sbtest8_pkey on sbtest8  (cost=0.43..431.42 rows=109 width=121)
	  Index Cond: ((id >= 5404811) AND (id <= 5404910))

for: simple_ranges
table 1 : explain SELECT c FROM sbtest1 WHERE id BETWEEN 7674535 AND 7674634
	Index Scan using sbtest1_pkey on sbtest1  (cost=0.43..393.03 rows=99 width=121)
	  Index Cond: ((id >= 7674535) AND (id <= 7674634))

table 2 : explain SELECT c FROM sbtest2 WHERE id BETWEEN 4958437 AND 4958536
	Index Scan using sbtest2_pkey on sbtest2  (cost=0.43..403.70 rows=102 width=121)
	  Index Cond: ((id >= 4958437) AND (id <= 4958536))

table 3 : explain SELECT c FROM sbtest3 WHERE id BETWEEN 2927799 AND 2927898
	Index Scan using sbtest3_pkey on sbtest3  (cost=0.43..385.34 rows=97 width=121)
	  Index Cond: ((id >= 2927799) AND (id <= 2927898))

table 4 : explain SELECT c FROM sbtest4 WHERE id BETWEEN 5798905 AND 5799004
	Index Scan using sbtest4_pkey on sbtest4  (cost=0.43..391.50 rows=99 width=121)
	  Index Cond: ((id >= 5798905) AND (id <= 5799004))

table 5 : explain SELECT c FROM sbtest5 WHERE id BETWEEN 16165 AND 16264
	Index Scan using sbtest5_pkey on sbtest5  (cost=0.43..407.76 rows=103 width=121)
	  Index Cond: ((id >= 16165) AND (id <= 16264))

table 6 : explain SELECT c FROM sbtest6 WHERE id BETWEEN 1286146 AND 1286245
	Index Scan using sbtest6_pkey on sbtest6  (cost=0.43..424.28 rows=107 width=121)
	  Index Cond: ((id >= 1286146) AND (id <= 1286245))

table 7 : explain SELECT c FROM sbtest7 WHERE id BETWEEN 7259288 AND 7259387
	Index Scan using sbtest7_pkey on sbtest7  (cost=0.43..392.06 rows=99 width=121)
	  Index Cond: ((id >= 7259288) AND (id <= 7259387))

table 8 : explain SELECT c FROM sbtest8 WHERE id BETWEEN 4688145 AND 4688244
	Index Scan using sbtest8_pkey on sbtest8  (cost=0.43..411.84 rows=104 width=121)
	  Index Cond: ((id >= 4688145) AND (id <= 4688244))

for: sum_ranges
table 1 : explain SELECT SUM(k) FROM sbtest1 WHERE id BETWEEN 1997159 AND 1997258
	Aggregate  (cost=408.98..408.99 rows=1 width=8)
	  ->  Index Scan using sbtest1_pkey on sbtest1  (cost=0.43..408.72 rows=103 width=4)
	        Index Cond: ((id >= 1997159) AND (id <= 1997258))

table 2 : explain SELECT SUM(k) FROM sbtest2 WHERE id BETWEEN 3277894 AND 3277993
	Aggregate  (cost=419.61..419.62 rows=1 width=8)
	  ->  Index Scan using sbtest2_pkey on sbtest2  (cost=0.43..419.35 rows=106 width=4)
	        Index Cond: ((id >= 3277894) AND (id <= 3277993))

table 3 : explain SELECT SUM(k) FROM sbtest3 WHERE id BETWEEN 3696233 AND 3696332
	Aggregate  (cost=417.03..417.04 rows=1 width=8)
	  ->  Index Scan using sbtest3_pkey on sbtest3  (cost=0.43..416.76 rows=105 width=4)
	        Index Cond: ((id >= 3696233) AND (id <= 3696332))

table 4 : explain SELECT SUM(k) FROM sbtest4 WHERE id BETWEEN 3446529 AND 3446628
	Aggregate  (cost=383.90..383.91 rows=1 width=8)
	  ->  Index Scan using sbtest4_pkey on sbtest4  (cost=0.43..383.66 rows=97 width=4)
	        Index Cond: ((id >= 3446529) AND (id <= 3446628))

table 5 : explain SELECT SUM(k) FROM sbtest5 WHERE id BETWEEN 2319720 AND 2319819
	Aggregate  (cost=380.57..380.58 rows=1 width=8)
	  ->  Index Scan using sbtest5_pkey on sbtest5  (cost=0.43..380.33 rows=96 width=4)
	        Index Cond: ((id >= 2319720) AND (id <= 2319819))

table 6 : explain SELECT SUM(k) FROM sbtest6 WHERE id BETWEEN 3478692 AND 3478791
	Aggregate  (cost=404.93..404.94 rows=1 width=8)
	  ->  Index Scan using sbtest6_pkey on sbtest6  (cost=0.43..404.67 rows=102 width=4)
	        Index Cond: ((id >= 3478692) AND (id <= 3478791))

table 7 : explain SELECT SUM(k) FROM sbtest7 WHERE id BETWEEN 5715704 AND 5715803
	Aggregate  (cost=415.81..415.82 rows=1 width=8)
	  ->  Index Scan using sbtest7_pkey on sbtest7  (cost=0.43..415.54 rows=105 width=4)
	        Index Cond: ((id >= 5715704) AND (id <= 5715803))

table 8 : explain SELECT SUM(k) FROM sbtest8 WHERE id BETWEEN 6133696 AND 6133795
	Aggregate  (cost=412.10..412.11 rows=1 width=8)
	  ->  Index Scan using sbtest8_pkey on sbtest8  (cost=0.43..411.84 rows=104 width=4)
	        Index Cond: ((id >= 6133696) AND (id <= 6133795))

for: order_ranges
table 1 : explain SELECT c FROM sbtest1 WHERE id BETWEEN 926049 AND 926148 ORDER BY c
	Sort  (cost=396.31..396.56 rows=99 width=121)
	  Sort Key: c
	  ->  Index Scan using sbtest1_pkey on sbtest1  (cost=0.43..393.03 rows=99 width=121)
	        Index Cond: ((id >= 926049) AND (id <= 926148))

table 2 : explain SELECT c FROM sbtest2 WHERE id BETWEEN 3869599 AND 3869698 ORDER BY c
	Sort  (cost=422.91..423.18 rows=106 width=121)
	  Sort Key: c
	  ->  Index Scan using sbtest2_pkey on sbtest2  (cost=0.43..419.35 rows=106 width=121)
	        Index Cond: ((id >= 3869599) AND (id <= 3869698))

table 3 : explain SELECT c FROM sbtest3 WHERE id BETWEEN 3533349 AND 3533448 ORDER BY c
	Sort  (cost=368.71..368.94 rows=92 width=121)
	  Sort Key: c
	  ->  Index Scan using sbtest3_pkey on sbtest3  (cost=0.43..365.71 rows=92 width=121)
	        Index Cond: ((id >= 3533349) AND (id <= 3533448))

table 4 : explain SELECT c FROM sbtest4 WHERE id BETWEEN 1114488 AND 1114587 ORDER BY c
	Sort  (cost=378.96..379.20 rows=95 width=121)
	  Sort Key: c
	  ->  Index Scan using sbtest4_pkey on sbtest4  (cost=0.43..375.84 rows=95 width=121)
	        Index Cond: ((id >= 1114488) AND (id <= 1114587))

table 5 : explain SELECT c FROM sbtest5 WHERE id BETWEEN 4765189 AND 4765288 ORDER BY c
	Sort  (cost=391.43..391.67 rows=98 width=121)
	  Sort Key: c
	  ->  Index Scan using sbtest5_pkey on sbtest5  (cost=0.43..388.19 rows=98 width=121)
	        Index Cond: ((id >= 4765189) AND (id <= 4765288))

table 6 : explain SELECT c FROM sbtest6 WHERE id BETWEEN 6419474 AND 6419573 ORDER BY c
	Sort  (cost=388.24..388.48 rows=97 width=121)
	  Sort Key: c
	  ->  Index Scan using sbtest6_pkey on sbtest6  (cost=0.43..385.04 rows=97 width=121)
	        Index Cond: ((id >= 6419474) AND (id <= 6419573))

table 7 : explain SELECT c FROM sbtest7 WHERE id BETWEEN 9906713 AND 9906812 ORDER BY c
	Sort  (cost=395.34..395.59 rows=99 width=121)
	  Sort Key: c
	  ->  Index Scan using sbtest7_pkey on sbtest7  (cost=0.43..392.06 rows=99 width=121)
	        Index Cond: ((id >= 9906713) AND (id <= 9906812))

table 8 : explain SELECT c FROM sbtest8 WHERE id BETWEEN 4699063 AND 4699162 ORDER BY c
	Sort  (cost=371.78..372.02 rows=93 width=121)
	  Sort Key: c
	  ->  Index Scan using sbtest8_pkey on sbtest8  (cost=0.43..368.74 rows=93 width=121)
	        Index Cond: ((id >= 4699063) AND (id <= 4699162))

for: simple_ranges
table 1 : explain SELECT c FROM sbtest1 WHERE id BETWEEN 5623265 AND 5623364
	Index Scan using sbtest1_pkey on sbtest1  (cost=0.43..393.03 rows=99 width=121)
	  Index Cond: ((id >= 5623265) AND (id <= 5623364))

table 2 : explain SELECT c FROM sbtest2 WHERE id BETWEEN 7487784 AND 7487883
	Index Scan using sbtest2_pkey on sbtest2  (cost=0.43..399.78 rows=101 width=121)
	  Index Cond: ((id >= 7487784) AND (id <= 7487883))

table 3 : explain SELECT c FROM sbtest3 WHERE id BETWEEN 6716133 AND 6716232
	Index Scan using sbtest3_pkey on sbtest3  (cost=0.43..440.32 rows=111 width=121)
	  Index Cond: ((id >= 6716133) AND (id <= 6716232))

table 4 : explain SELECT c FROM sbtest4 WHERE id BETWEEN 8180412 AND 8180511
	Index Scan using sbtest4_pkey on sbtest4  (cost=0.43..422.76 rows=107 width=121)
	  Index Cond: ((id >= 8180412) AND (id <= 8180511))

table 5 : explain SELECT c FROM sbtest5 WHERE id BETWEEN 5395049 AND 5395148
	Index Scan using sbtest5_pkey on sbtest5  (cost=0.43..384.27 rows=97 width=121)
	  Index Cond: ((id >= 5395049) AND (id <= 5395148))

table 6 : explain SELECT c FROM sbtest6 WHERE id BETWEEN 4766813 AND 4766912
	Index Scan using sbtest6_pkey on sbtest6  (cost=0.43..373.27 rows=94 width=121)
	  Index Cond: ((id >= 4766813) AND (id <= 4766912))

table 7 : explain SELECT c FROM sbtest7 WHERE id BETWEEN 7490879 AND 7490978
	Index Scan using sbtest7_pkey on sbtest7  (cost=0.43..427.28 rows=108 width=121)
	  Index Cond: ((id >= 7490879) AND (id <= 7490978))

table 8 : explain SELECT c FROM sbtest8 WHERE id BETWEEN 7046554 AND 7046653
	Index Scan using sbtest8_pkey on sbtest8  (cost=0.43..396.18 rows=100 width=121)
	  Index Cond: ((id >= 7046554) AND (id <= 7046653))

for point_selects
table 1 : explain SELECT c FROM sbtest1 WHERE id=9229931
	Index Scan using sbtest1_pkey on sbtest1  (cost=0.43..8.45 rows=1 width=121)
	  Index Cond: (id = 9229931)

table 2 : explain SELECT c FROM sbtest2 WHERE id=1146707
	Index Scan using sbtest2_pkey on sbtest2  (cost=0.43..8.45 rows=1 width=121)
	  Index Cond: (id = 1146707)

table 3 : explain SELECT c FROM sbtest3 WHERE id=1536269
	Index Scan using sbtest3_pkey on sbtest3  (cost=0.43..8.45 rows=1 width=121)
	  Index Cond: (id = 1536269)

table 4 : explain SELECT c FROM sbtest4 WHERE id=1412243
	Index Scan using sbtest4_pkey on sbtest4  (cost=0.43..8.45 rows=1 width=121)
	  Index Cond: (id = 1412243)

table 5 : explain SELECT c FROM sbtest5 WHERE id=7296321
	Index Scan using sbtest5_pkey on sbtest5  (cost=0.43..8.45 rows=1 width=121)
	  Index Cond: (id = 7296321)

table 6 : explain SELECT c FROM sbtest6 WHERE id=1118989
	Index Scan using sbtest6_pkey on sbtest6  (cost=0.43..8.45 rows=1 width=121)
	  Index Cond: (id = 1118989)

table 7 : explain SELECT c FROM sbtest7 WHERE id=2210545
	Index Scan using sbtest7_pkey on sbtest7  (cost=0.43..8.45 rows=1 width=121)
	  Index Cond: (id = 2210545)

table 8 : explain SELECT c FROM sbtest8 WHERE id=6338559
	Index Scan using sbtest8_pkey on sbtest8  (cost=0.43..8.45 rows=1 width=121)
	  Index Cond: (id = 6338559)

explain: for point_selects :: explain SELECT c FROM sbtest%u WHERE id=%u
for: order_ranges
table 1 : explain SELECT c FROM sbtest1 WHERE id BETWEEN 7991943 AND 7992042 ORDER BY c
	Sort  (cost=404.24..404.49 rows=101 width=121)
	  Sort Key: c
	  ->  Index Scan using sbtest1_pkey on sbtest1  (cost=0.43..400.87 rows=101 width=121)
	        Index Cond: ((id >= 7991943) AND (id <= 7992042))

table 2 : explain SELECT c FROM sbtest2 WHERE id BETWEEN 4865839 AND 4865938 ORDER BY c
	Sort  (cost=426.86..427.13 rows=107 width=121)
	  Sort Key: c
	  ->  Index Scan using sbtest2_pkey on sbtest2  (cost=0.43..423.26 rows=107 width=121)
	        Index Cond: ((id >= 4865839) AND (id <= 4865938))

table 3 : explain SELECT c FROM sbtest3 WHERE id BETWEEN 1758715 AND 1758814 ORDER BY c
	Sort  (cost=376.64..376.88 rows=94 width=121)
	  Sort Key: c
	  ->  Index Scan using sbtest3_pkey on sbtest3  (cost=0.43..373.56 rows=94 width=121)
	        Index Cond: ((id >= 1758715) AND (id <= 1758814))

table 4 : explain SELECT c FROM sbtest4 WHERE id BETWEEN 8279530 AND 8279629 ORDER BY c
	Sort  (cost=398.73..398.98 rows=100 width=121)
	  Sort Key: c
	  ->  Index Scan using sbtest4_pkey on sbtest4  (cost=0.43..395.41 rows=100 width=121)
	        Index Cond: ((id >= 8279530) AND (id <= 8279629))

table 5 : explain SELECT c FROM sbtest5 WHERE id BETWEEN 9885174 AND 9885273 ORDER BY c
	Sort  (cost=407.24..407.50 rows=102 width=121)
	  Sort Key: c
	  ->  Index Scan using sbtest5_pkey on sbtest5  (cost=0.43..403.84 rows=102 width=121)
	        Index Cond: ((id >= 9885174) AND (id <= 9885273))

table 6 : explain SELECT c FROM sbtest6 WHERE id BETWEEN 5352838 AND 5352937 ORDER BY c
	Sort  (cost=416.00..416.26 rows=104 width=121)
	  Sort Key: c
	  ->  Index Scan using sbtest6_pkey on sbtest6  (cost=0.43..412.52 rows=104 width=121)
	        Index Cond: ((id >= 5352838) AND (id <= 5352937))

table 7 : explain SELECT c FROM sbtest7 WHERE id BETWEEN 961874 AND 961973 ORDER BY c
	Sort  (cost=379.50..379.74 rows=95 width=121)
	  Sort Key: c
	  ->  Index Scan using sbtest7_pkey on sbtest7  (cost=0.43..376.38 rows=95 width=121)
	        Index Cond: ((id >= 961874) AND (id <= 961973))

table 8 : explain SELECT c FROM sbtest8 WHERE id BETWEEN 4214519 AND 4214618 ORDER BY c
	Sort  (cost=407.41..407.67 rows=102 width=121)
	  Sort Key: c
	  ->  Index Scan using sbtest8_pkey on sbtest8  (cost=0.43..404.01 rows=102 width=121)
	        Index Cond: ((id >= 4214519) AND (id <= 4214618))

for point_selects
table 1 : explain SELECT c FROM sbtest1 WHERE id=9623419
	Index Scan using sbtest1_pkey on sbtest1  (cost=0.43..8.45 rows=1 width=121)
	  Index Cond: (id = 9623419)

table 2 : explain SELECT c FROM sbtest2 WHERE id=6854979
	Index Scan using sbtest2_pkey on sbtest2  (cost=0.43..8.45 rows=1 width=121)
	  Index Cond: (id = 6854979)

table 3 : explain SELECT c FROM sbtest3 WHERE id=7756786
	Index Scan using sbtest3_pkey on sbtest3  (cost=0.43..8.45 rows=1 width=121)
	  Index Cond: (id = 7756786)

table 4 : explain SELECT c FROM sbtest4 WHERE id=5900849
	Index Scan using sbtest4_pkey on sbtest4  (cost=0.43..8.45 rows=1 width=121)
	  Index Cond: (id = 5900849)

table 5 : explain SELECT c FROM sbtest5 WHERE id=4746134
	Index Scan using sbtest5_pkey on sbtest5  (cost=0.43..8.45 rows=1 width=121)
	  Index Cond: (id = 4746134)

table 6 : explain SELECT c FROM sbtest6 WHERE id=304187
	Index Scan using sbtest6_pkey on sbtest6  (cost=0.43..8.45 rows=1 width=121)
	  Index Cond: (id = 304187)

table 7 : explain SELECT c FROM sbtest7 WHERE id=5047258
	Index Scan using sbtest7_pkey on sbtest7  (cost=0.43..8.45 rows=1 width=121)
	  Index Cond: (id = 5047258)

table 8 : explain SELECT c FROM sbtest8 WHERE id=3259504
	Index Scan using sbtest8_pkey on sbtest8  (cost=0.43..8.45 rows=1 width=121)
	  Index Cond: (id = 3259504)

for: simple_ranges
table 1 : explain SELECT c FROM sbtest1 WHERE id BETWEEN 461691 AND 461790
	Index Scan using sbtest1_pkey on sbtest1  (cost=0.43..412.64 rows=104 width=121)
	  Index Cond: ((id >= 461691) AND (id <= 461790))

table 2 : explain SELECT c FROM sbtest2 WHERE id BETWEEN 1590156 AND 1590255
	Index Scan using sbtest2_pkey on sbtest2  (cost=0.43..415.43 rows=105 width=121)
	  Index Cond: ((id >= 1590156) AND (id <= 1590255))

table 3 : explain SELECT c FROM sbtest3 WHERE id BETWEEN 9320773 AND 9320872
	Index Scan using sbtest3_pkey on sbtest3  (cost=0.43..353.93 rows=89 width=121)
	  Index Cond: ((id >= 9320773) AND (id <= 9320872))

table 4 : explain SELECT c FROM sbtest4 WHERE id BETWEEN 8422746 AND 8422845
	Index Scan using sbtest4_pkey on sbtest4  (cost=0.43..414.95 rows=105 width=121)
	  Index Cond: ((id >= 8422746) AND (id <= 8422845))

table 5 : explain SELECT c FROM sbtest5 WHERE id BETWEEN 2869726 AND 2869825
	Index Scan using sbtest5_pkey on sbtest5  (cost=0.43..403.84 rows=102 width=121)
	  Index Cond: ((id >= 2869726) AND (id <= 2869825))

table 6 : explain SELECT c FROM sbtest6 WHERE id BETWEEN 380580 AND 380679
	Index Scan using sbtest6_pkey on sbtest6  (cost=0.43..349.74 rows=88 width=121)
	  Index Cond: ((id >= 380580) AND (id <= 380679))

table 7 : explain SELECT c FROM sbtest7 WHERE id BETWEEN 4557907 AND 4558006
	Index Scan using sbtest7_pkey on sbtest7  (cost=0.43..423.37 rows=107 width=121)
	  Index Cond: ((id >= 4557907) AND (id <= 4558006))

table 8 : explain SELECT c FROM sbtest8 WHERE id BETWEEN 1634410 AND 1634509
	Index Scan using sbtest8_pkey on sbtest8  (cost=0.43..380.49 rows=96 width=121)
	  Index Cond: ((id >= 1634410) AND (id <= 1634509))

explain: for point_selects :: explain SELECT c FROM sbtest%u WHERE id=%u
for: sum_ranges
table 1 : explain SELECT SUM(k) FROM sbtest1 WHERE id BETWEEN 6069644 AND 6069743
	Aggregate  (cost=408.98..408.99 rows=1 width=8)
	  ->  Index Scan using sbtest1_pkey on sbtest1  (cost=0.43..408.72 rows=103 width=4)
	        Index Cond: ((id >= 6069644) AND (id <= 6069743))

table 2 : explain SELECT SUM(k) FROM sbtest2 WHERE id BETWEEN 5349224 AND 5349323
	Aggregate  (cost=403.95..403.96 rows=1 width=8)
	  ->  Index Scan using sbtest2_pkey on sbtest2  (cost=0.43..403.70 rows=102 width=4)
	        Index Cond: ((id >= 5349224) AND (id <= 5349323))

table 3 : explain SELECT SUM(k) FROM sbtest3 WHERE id BETWEEN 6926252 AND 6926351
	Aggregate  (cost=393.44..393.45 rows=1 width=8)
	  ->  Index Scan using sbtest3_pkey on sbtest3  (cost=0.43..393.19 rows=99 width=4)
	        Index Cond: ((id >= 6926252) AND (id <= 6926351))

table 4 : explain SELECT SUM(k) FROM sbtest4 WHERE id BETWEEN 8040065 AND 8040164
	Aggregate  (cost=372.17..372.18 rows=1 width=8)
	  ->  Index Scan using sbtest4_pkey on sbtest4  (cost=0.43..371.93 rows=94 width=4)
	        Index Cond: ((id >= 8040065) AND (id <= 8040164))

table 5 : explain SELECT SUM(k) FROM sbtest5 WHERE id BETWEEN 2078131 AND 2078230
	Aggregate  (cost=368.82..368.83 rows=1 width=8)
	  ->  Index Scan using sbtest5_pkey on sbtest5  (cost=0.43..368.59 rows=93 width=4)
	        Index Cond: ((id >= 2078131) AND (id <= 2078230))

table 6 : explain SELECT SUM(k) FROM sbtest6 WHERE id BETWEEN 4233058 AND 4233157
	Aggregate  (cost=432.40..432.41 rows=1 width=8)
	  ->  Index Scan using sbtest6_pkey on sbtest6  (cost=0.43..432.13 rows=109 width=4)
	        Index Cond: ((id >= 4233058) AND (id <= 4233157))

table 7 : explain SELECT SUM(k) FROM sbtest7 WHERE id BETWEEN 2165566 AND 2165665
	Aggregate  (cost=364.87..364.88 rows=1 width=8)
	  ->  Index Scan using sbtest7_pkey on sbtest7  (cost=0.43..364.64 rows=92 width=4)
	        Index Cond: ((id >= 2165566) AND (id <= 2165665))

table 8 : explain SELECT SUM(k) FROM sbtest8 WHERE id BETWEEN 6718911 AND 6719010
	Aggregate  (cost=404.26..404.27 rows=1 width=8)
	  ->  Index Scan using sbtest8_pkey on sbtest8  (cost=0.43..404.01 rows=102 width=4)
	        Index Cond: ((id >= 6718911) AND (id <= 6719010))

for: distinct_ranges
table 1 : explain SELECT DISTINCT c FROM sbtest1 WHERE id BETWEEN 2564047 AND 2564146 ORDER BY c
	Unique  (cost=380.45..380.93 rows=95 width=121)
	  ->  Sort  (cost=380.45..380.69 rows=95 width=121)
	        Sort Key: c
	        ->  Index Scan using sbtest1_pkey on sbtest1  (cost=0.43..377.33 rows=95 width=121)
	              Index Cond: ((id >= 2564047) AND (id <= 2564146))

table 2 : explain SELECT DISTINCT c FROM sbtest2 WHERE id BETWEEN 5392191 AND 5392290 ORDER BY c
	Unique  (cost=407.10..407.61 rows=102 width=121)
	  ->  Sort  (cost=407.10..407.35 rows=102 width=121)
	        Sort Key: c
	        ->  Index Scan using sbtest2_pkey on sbtest2  (cost=0.43..403.70 rows=102 width=121)
	              Index Cond: ((id >= 5392191) AND (id <= 5392290))

table 3 : explain SELECT DISTINCT c FROM sbtest3 WHERE id BETWEEN 3810136 AND 3810235 ORDER BY c
	Unique  (cost=408.39..408.90 rows=102 width=121)
	  ->  Sort  (cost=408.39..408.65 rows=102 width=121)
	        Sort Key: c
	        ->  Index Scan using sbtest3_pkey on sbtest3  (cost=0.43..404.99 rows=102 width=121)
	              Index Cond: ((id >= 3810136) AND (id <= 3810235))

table 4 : explain SELECT DISTINCT c FROM sbtest4 WHERE id BETWEEN 6265342 AND 6265441 ORDER BY c
	Unique  (cost=363.17..363.63 rows=91 width=121)
	  ->  Sort  (cost=363.17..363.40 rows=91 width=121)
	        Sort Key: c
	        ->  Index Scan using sbtest4_pkey on sbtest4  (cost=0.43..360.21 rows=91 width=121)
	              Index Cond: ((id >= 6265342) AND (id <= 6265441))

table 5 : explain SELECT DISTINCT c FROM sbtest5 WHERE id BETWEEN 3987742 AND 3987841 ORDER BY c
	Unique  (cost=423.06..423.59 rows=106 width=121)
	  ->  Sort  (cost=423.06..423.33 rows=106 width=121)
	        Sort Key: c
	        ->  Index Scan using sbtest5_pkey on sbtest5  (cost=0.43..419.50 rows=106 width=121)
	              Index Cond: ((id >= 3987742) AND (id <= 3987841))

table 6 : explain SELECT DISTINCT c FROM sbtest6 WHERE id BETWEEN 1180084 AND 1180183 ORDER BY c
	Unique  (cost=344.66..345.09 rows=86 width=121)
	  ->  Sort  (cost=344.66..344.87 rows=86 width=121)
	        Sort Key: c
	        ->  Index Scan using sbtest6_pkey on sbtest6  (cost=0.43..341.89 rows=86 width=121)
	              Index Cond: ((id >= 1180084) AND (id <= 1180183))

table 7 : explain SELECT DISTINCT c FROM sbtest7 WHERE id BETWEEN 6450552 AND 6450651 ORDER BY c
	Unique  (cost=454.66..455.23 rows=114 width=121)
	  ->  Sort  (cost=454.66..454.94 rows=114 width=121)
	        Sort Key: c
	        ->  Index Scan using sbtest7_pkey on sbtest7  (cost=0.43..450.76 rows=114 width=121)
	              Index Cond: ((id >= 6450552) AND (id <= 6450651))

table 8 : explain SELECT DISTINCT c FROM sbtest8 WHERE id BETWEEN 2121631 AND 2121730 ORDER BY c
	Unique  (cost=423.24..423.77 rows=106 width=121)
	  ->  Sort  (cost=423.24..423.50 rows=106 width=121)
	        Sort Key: c
	        ->  Index Scan using sbtest8_pkey on sbtest8  (cost=0.43..419.67 rows=106 width=121)
	              Index Cond: ((id >= 2121631) AND (id <= 2121730))

for: distinct_ranges
table 1 : explain SELECT DISTINCT c FROM sbtest1 WHERE id BETWEEN 8789798 AND 8789897 ORDER BY c
	Unique  (cost=392.34..392.83 rows=98 width=121)
	  ->  Sort  (cost=392.34..392.59 rows=98 width=121)
	        Sort Key: c
	        ->  Index Scan using sbtest1_pkey on sbtest1  (cost=0.43..389.10 rows=98 width=121)
	              Index Cond: ((id >= 8789798) AND (id <= 8789897))

table 2 : explain SELECT DISTINCT c FROM sbtest2 WHERE id BETWEEN 4507240 AND 4507339 ORDER BY c
	Unique  (cost=387.31..387.79 rows=97 width=121)
	  ->  Sort  (cost=387.31..387.55 rows=97 width=121)
	        Sort Key: c
	        ->  Index Scan using sbtest2_pkey on sbtest2  (cost=0.43..384.11 rows=97 width=121)
	              Index Cond: ((id >= 4507240) AND (id <= 4507339))

table 3 : explain SELECT DISTINCT c FROM sbtest3 WHERE id BETWEEN 186799 AND 186898 ORDER BY c
	Unique  (cost=400.46..400.96 rows=100 width=121)
	  ->  Sort  (cost=400.46..400.71 rows=100 width=121)
	        Sort Key: c
	        ->  Index Scan using sbtest3_pkey on sbtest3  (cost=0.43..397.14 rows=100 width=121)
	              Index Cond: ((id >= 186799) AND (id <= 186898))

table 4 : explain SELECT DISTINCT c FROM sbtest4 WHERE id BETWEEN 3072319 AND 3072418 ORDER BY c
	Unique  (cost=398.73..399.23 rows=100 width=121)
	  ->  Sort  (cost=398.73..398.98 rows=100 width=121)
	        Sort Key: c
	        ->  Index Scan using sbtest4_pkey on sbtest4  (cost=0.43..395.41 rows=100 width=121)
	              Index Cond: ((id >= 3072319) AND (id <= 3072418))

table 5 : explain SELECT DISTINCT c FROM sbtest5 WHERE id BETWEEN 1717444 AND 1717543 ORDER BY c
	Unique  (cost=419.11..419.63 rows=105 width=121)
	  ->  Sort  (cost=419.11..419.37 rows=105 width=121)
	        Sort Key: c
	        ->  Index Scan using sbtest5_pkey on sbtest5  (cost=0.43..415.58 rows=105 width=121)
	              Index Cond: ((id >= 1717444) AND (id <= 1717543))

table 6 : explain SELECT DISTINCT c FROM sbtest6 WHERE id BETWEEN 107670 AND 107769 ORDER BY c
	Unique  (cost=419.96..420.49 rows=105 width=121)
	  ->  Sort  (cost=419.96..420.23 rows=105 width=121)
	        Sort Key: c
	        ->  Index Scan using sbtest6_pkey on sbtest6  (cost=0.43..416.44 rows=105 width=121)
	              Index Cond: ((id >= 107670) AND (id <= 107769))

table 7 : explain SELECT DISTINCT c FROM sbtest7 WHERE id BETWEEN 8177714 AND 8177813 ORDER BY c
	Unique  (cost=426.98..427.51 rows=107 width=121)
	  ->  Sort  (cost=426.98..427.24 rows=107 width=121)
	        Sort Key: c
	        ->  Index Scan using sbtest7_pkey on sbtest7  (cost=0.43..423.37 rows=107 width=121)
	              Index Cond: ((id >= 8177714) AND (id <= 8177813))

table 8 : explain SELECT DISTINCT c FROM sbtest8 WHERE id BETWEEN 6429757 AND 6429856 ORDER BY c
	Unique  (cost=411.37..411.88 rows=103 width=121)
	  ->  Sort  (cost=411.37..411.62 rows=103 width=121)
	        Sort Key: c
	        ->  Index Scan using sbtest8_pkey on sbtest8  (cost=0.43..407.92 rows=103 width=121)
	              Index Cond: ((id >= 6429757) AND (id <= 6429856))

for point_selects
table 1 : explain SELECT c FROM sbtest1 WHERE id=4113869
	Index Scan using sbtest1_pkey on sbtest1  (cost=0.43..8.45 rows=1 width=121)
	  Index Cond: (id = 4113869)

table 2 : explain SELECT c FROM sbtest2 WHERE id=6769266
	Index Scan using sbtest2_pkey on sbtest2  (cost=0.43..8.45 rows=1 width=121)
	  Index Cond: (id = 6769266)

table 3 : explain SELECT c FROM sbtest3 WHERE id=1668604
	Index Scan using sbtest3_pkey on sbtest3  (cost=0.43..8.45 rows=1 width=121)
	  Index Cond: (id = 1668604)

table 4 : explain SELECT c FROM sbtest4 WHERE id=9014523
	Index Scan using sbtest4_pkey on sbtest4  (cost=0.43..8.45 rows=1 width=121)
	  Index Cond: (id = 9014523)

table 5 : explain SELECT c FROM sbtest5 WHERE id=7508897
	Index Scan using sbtest5_pkey on sbtest5  (cost=0.43..8.45 rows=1 width=121)
	  Index Cond: (id = 7508897)

table 6 : explain SELECT c FROM sbtest6 WHERE id=817168
	Index Scan using sbtest6_pkey on sbtest6  (cost=0.43..8.45 rows=1 width=121)
	  Index Cond: (id = 817168)

table 7 : explain SELECT c FROM sbtest7 WHERE id=9222955
	Index Scan using sbtest7_pkey on sbtest7  (cost=0.43..8.45 rows=1 width=121)
	  Index Cond: (id = 9222955)

table 8 : explain SELECT c FROM sbtest8 WHERE id=8533610
	Index Scan using sbtest8_pkey on sbtest8  (cost=0.43..8.45 rows=1 width=121)
	  Index Cond: (id = 8533610)

for: simple_ranges
table 1 : explain SELECT c FROM sbtest1 WHERE id BETWEEN 6430830 AND 6430929
	Index Scan using sbtest1_pkey on sbtest1  (cost=0.43..440.11 rows=111 width=121)
	  Index Cond: ((id >= 6430830) AND (id <= 6430929))

table 2 : explain SELECT c FROM sbtest2 WHERE id BETWEEN 282439 AND 282538
	Index Scan using sbtest2_pkey on sbtest2  (cost=0.43..388.02 rows=98 width=121)
	  Index Cond: ((id >= 282439) AND (id <= 282538))

table 3 : explain SELECT c FROM sbtest3 WHERE id BETWEEN 7240191 AND 7240290
	Index Scan using sbtest3_pkey on sbtest3  (cost=0.43..393.21 rows=99 width=121)
	  Index Cond: ((id >= 7240191) AND (id <= 7240290))

table 4 : explain SELECT c FROM sbtest4 WHERE id BETWEEN 2333299 AND 2333398
	Index Scan using sbtest4_pkey on sbtest4  (cost=0.43..364.12 rows=92 width=121)
	  Index Cond: ((id >= 2333299) AND (id <= 2333398))

table 5 : explain SELECT c FROM sbtest5 WHERE id BETWEEN 3739031 AND 3739130
	Index Scan using sbtest5_pkey on sbtest5  (cost=0.43..415.58 rows=105 width=121)
	  Index Cond: ((id >= 3739031) AND (id <= 3739130))

table 6 : explain SELECT c FROM sbtest6 WHERE id BETWEEN 567392 AND 567491
	Index Scan using sbtest6_pkey on sbtest6  (cost=0.43..345.81 rows=87 width=121)
	  Index Cond: ((id >= 567392) AND (id <= 567491))

table 7 : explain SELECT c FROM sbtest7 WHERE id BETWEEN 5688968 AND 5689067
	Index Scan using sbtest7_pkey on sbtest7  (cost=0.43..384.23 rows=97 width=121)
	  Index Cond: ((id >= 5688968) AND (id <= 5689067))

table 8 : explain SELECT c FROM sbtest8 WHERE id BETWEEN 7564306 AND 7564405
	Index Scan using sbtest8_pkey on sbtest8  (cost=0.43..404.01 rows=102 width=121)
	  Index Cond: ((id >= 7564306) AND (id <= 7564405))

explain: for point_selects :: explain SELECT c FROM sbtest%u WHERE id=%u
explain: for point_selects :: explain SELECT c FROM sbtest%u WHERE id=%u
for: sum_ranges
table 1 : explain SELECT SUM(k) FROM sbtest1 WHERE id BETWEEN 9522383 AND 9522482
	Aggregate  (cost=416.83..416.84 rows=1 width=8)
	  ->  Index Scan using sbtest1_pkey on sbtest1  (cost=0.43..416.57 rows=105 width=4)
	        Index Cond: ((id >= 9522383) AND (id <= 9522482))

table 2 : explain SELECT SUM(k) FROM sbtest2 WHERE id BETWEEN 2414438 AND 2414537
	Aggregate  (cost=372.60..372.61 rows=1 width=8)
	  ->  Index Scan using sbtest2_pkey on sbtest2  (cost=0.43..372.37 rows=94 width=4)
	        Index Cond: ((id >= 2414438) AND (id <= 2414537))

table 3 : explain SELECT SUM(k) FROM sbtest3 WHERE id BETWEEN 425539 AND 425638
	Aggregate  (cost=385.58..385.59 rows=1 width=8)
	  ->  Index Scan using sbtest3_pkey on sbtest3  (cost=0.43..385.34 rows=97 width=4)
	        Index Cond: ((id >= 425539) AND (id <= 425638))

table 4 : explain SELECT SUM(k) FROM sbtest4 WHERE id BETWEEN 903750 AND 903849
	Aggregate  (cost=379.99..380.00 rows=1 width=8)
	  ->  Index Scan using sbtest4_pkey on sbtest4  (cost=0.43..379.75 rows=96 width=4)
	        Index Cond: ((id >= 903750) AND (id <= 903849))

table 5 : explain SELECT SUM(k) FROM sbtest5 WHERE id BETWEEN 1080454 AND 1080553
	Aggregate  (cost=415.85..415.86 rows=1 width=8)
	  ->  Index Scan using sbtest5_pkey on sbtest5  (cost=0.43..415.58 rows=105 width=4)
	        Index Cond: ((id >= 1080454) AND (id <= 1080553))

table 6 : explain SELECT SUM(k) FROM sbtest6 WHERE id BETWEEN 3445046 AND 3445145
	Aggregate  (cost=381.35..381.36 rows=1 width=8)
	  ->  Index Scan using sbtest6_pkey on sbtest6  (cost=0.43..381.11 rows=96 width=4)
	        Index Cond: ((id >= 3445046) AND (id <= 3445145))

table 7 : explain SELECT SUM(k) FROM sbtest7 WHERE id BETWEEN 8017331 AND 8017430
	Aggregate  (cost=404.06..404.07 rows=1 width=8)
	  ->  Index Scan using sbtest7_pkey on sbtest7  (cost=0.43..403.80 rows=102 width=4)
	        Index Cond: ((id >= 8017331) AND (id <= 8017430))

table 8 : explain SELECT SUM(k) FROM sbtest8 WHERE id BETWEEN 5724207 AND 5724306
	Aggregate  (cost=412.10..412.11 rows=1 width=8)
	  ->  Index Scan using sbtest8_pkey on sbtest8  (cost=0.43..411.84 rows=104 width=4)
	        Index Cond: ((id >= 5724207) AND (id <= 5724306))

for: order_ranges
table 1 : explain SELECT c FROM sbtest1 WHERE id BETWEEN 2584191 AND 2584290 ORDER BY c
	Sort  (cost=380.45..380.69 rows=95 width=121)
	  Sort Key: c
	  ->  Index Scan using sbtest1_pkey on sbtest1  (cost=0.43..377.33 rows=95 width=121)
	        Index Cond: ((id >= 2584191) AND (id <= 2584290))

table 2 : explain SELECT c FROM sbtest2 WHERE id BETWEEN 8924065 AND 8924164 ORDER BY c
	Sort  (cost=391.26..391.51 rows=98 width=121)
	  Sort Key: c
	  ->  Index Scan using sbtest2_pkey on sbtest2  (cost=0.43..388.02 rows=98 width=121)
	        Index Cond: ((id >= 8924065) AND (id <= 8924164))

table 3 : explain SELECT c FROM sbtest3 WHERE id BETWEEN 7862869 AND 7862968 ORDER BY c
	Sort  (cost=380.61..380.84 rows=95 width=121)
	  Sort Key: c
	  ->  Index Scan using sbtest3_pkey on sbtest3  (cost=0.43..377.49 rows=95 width=121)
	        Index Cond: ((id >= 7862869) AND (id <= 7862968))

table 4 : explain SELECT c FROM sbtest4 WHERE id BETWEEN 8846058 AND 8846157 ORDER BY c
	Sort  (cost=378.96..379.20 rows=95 width=121)
	  Sort Key: c
	  ->  Index Scan using sbtest4_pkey on sbtest4  (cost=0.43..375.84 rows=95 width=121)
	        Index Cond: ((id >= 8846058) AND (id <= 8846157))

table 5 : explain SELECT c FROM sbtest5 WHERE id BETWEEN 2119541 AND 2119640 ORDER BY c
	Sort  (cost=407.24..407.50 rows=102 width=121)
	  Sort Key: c
	  ->  Index Scan using sbtest5_pkey on sbtest5  (cost=0.43..403.84 rows=102 width=121)
	        Index Cond: ((id >= 2119541) AND (id <= 2119640))

table 6 : explain SELECT c FROM sbtest6 WHERE id BETWEEN 3928321 AND 3928420 ORDER BY c
	Sort  (cost=419.96..420.23 rows=105 width=121)
	  Sort Key: c
	  ->  Index Scan using sbtest6_pkey on sbtest6  (cost=0.43..416.44 rows=105 width=121)
	        Index Cond: ((id >= 3928321) AND (id <= 3928420))

table 7 : explain SELECT c FROM sbtest7 WHERE id BETWEEN 1475954 AND 1476053 ORDER BY c
	Sort  (cost=426.98..427.24 rows=107 width=121)
	  Sort Key: c
	  ->  Index Scan using sbtest7_pkey on sbtest7  (cost=0.43..423.37 rows=107 width=121)
	        Index Cond: ((id >= 1475954) AND (id <= 1476053))

table 8 : explain SELECT c FROM sbtest8 WHERE id BETWEEN 1267489 AND 1267588 ORDER BY c
	Sort  (cost=383.68..383.92 rows=96 width=121)
	  Sort Key: c
	  ->  Index Scan using sbtest8_pkey on sbtest8  (cost=0.43..380.51 rows=96 width=121)
	        Index Cond: ((id >= 1267489) AND (id <= 1267588))

for point_selects
table 1 : explain SELECT c FROM sbtest1 WHERE id=3257390
	Index Scan using sbtest1_pkey on sbtest1  (cost=0.43..8.45 rows=1 width=121)
	  Index Cond: (id = 3257390)

table 2 : explain SELECT c FROM sbtest2 WHERE id=6731849
	Index Scan using sbtest2_pkey on sbtest2  (cost=0.43..8.45 rows=1 width=121)
	  Index Cond: (id = 6731849)

table 3 : explain SELECT c FROM sbtest3 WHERE id=5375946
	Index Scan using sbtest3_pkey on sbtest3  (cost=0.43..8.45 rows=1 width=121)
	  Index Cond: (id = 5375946)

table 4 : explain SELECT c FROM sbtest4 WHERE id=3087370
	Index Scan using sbtest4_pkey on sbtest4  (cost=0.43..8.45 rows=1 width=121)
	  Index Cond: (id = 3087370)

table 5 : explain SELECT c FROM sbtest5 WHERE id=7299040
	Index Scan using sbtest5_pkey on sbtest5  (cost=0.43..8.45 rows=1 width=121)
	  Index Cond: (id = 7299040)

table 6 : explain SELECT c FROM sbtest6 WHERE id=2450417
	Index Scan using sbtest6_pkey on sbtest6  (cost=0.43..8.45 rows=1 width=121)
	  Index Cond: (id = 2450417)

table 7 : explain SELECT c FROM sbtest7 WHERE id=1400847
	Index Scan using sbtest7_pkey on sbtest7  (cost=0.43..8.45 rows=1 width=121)
	  Index Cond: (id = 1400847)

table 8 : explain SELECT c FROM sbtest8 WHERE id=9811384
	Index Scan using sbtest8_pkey on sbtest8  (cost=0.43..8.45 rows=1 width=121)
	  Index Cond: (id = 9811384)

for: order_ranges
table 1 : explain SELECT c FROM sbtest1 WHERE id BETWEEN 8994320 AND 8994419 ORDER BY c
	Sort  (cost=344.76..344.98 rows=86 width=121)
	  Sort Key: c
	  ->  Index Scan using sbtest1_pkey on sbtest1  (cost=0.43..342.00 rows=86 width=121)
	        Index Cond: ((id >= 8994320) AND (id <= 8994419))

table 2 : explain SELECT c FROM sbtest2 WHERE id BETWEEN 4695778 AND 4695877 ORDER BY c
	Sort  (cost=434.77..435.04 rows=109 width=121)
	  Sort Key: c
	  ->  Index Scan using sbtest2_pkey on sbtest2  (cost=0.43..431.08 rows=109 width=121)
	        Index Cond: ((id >= 4695778) AND (id <= 4695877))

table 3 : explain SELECT c FROM sbtest3 WHERE id BETWEEN 2877791 AND 2877890 ORDER BY c
	Sort  (cost=376.64..376.88 rows=94 width=121)
	  Sort Key: c
	  ->  Index Scan using sbtest3_pkey on sbtest3  (cost=0.43..373.56 rows=94 width=121)
	        Index Cond: ((id >= 2877791) AND (id <= 2877890))

table 4 : explain SELECT c FROM sbtest4 WHERE id BETWEEN 1130977 AND 1131076 ORDER BY c
	Sort  (cost=410.57..410.83 rows=103 width=121)
	  Sort Key: c
	  ->  Index Scan using sbtest4_pkey on sbtest4  (cost=0.43..407.13 rows=103 width=121)
	        Index Cond: ((id >= 1130977) AND (id <= 1131076))

table 5 : explain SELECT c FROM sbtest5 WHERE id BETWEEN 4082730 AND 4082829 ORDER BY c
	Sort  (cost=399.34..399.59 rows=100 width=121)
	  Sort Key: c
	  ->  Index Scan using sbtest5_pkey on sbtest5  (cost=0.43..396.01 rows=100 width=121)
	        Index Cond: ((id >= 4082730) AND (id <= 4082829))

table 6 : explain SELECT c FROM sbtest6 WHERE id BETWEEN 9851566 AND 9851665 ORDER BY c
	Sort  (cost=419.96..420.23 rows=105 width=121)
	  Sort Key: c
	  ->  Index Scan using sbtest6_pkey on sbtest6  (cost=0.43..416.44 rows=105 width=121)
	        Index Cond: ((id >= 9851566) AND (id <= 9851665))

table 7 : explain SELECT c FROM sbtest7 WHERE id BETWEEN 8261980 AND 8262079 ORDER BY c
	Sort  (cost=434.89..435.16 rows=109 width=121)
	  Sort Key: c
	  ->  Index Scan using sbtest7_pkey on sbtest7  (cost=0.43..431.20 rows=109 width=121)
	        Index Cond: ((id >= 8261980) AND (id <= 8262079))

table 8 : explain SELECT c FROM sbtest8 WHERE id BETWEEN 9117035 AND 9117134 ORDER BY c
	Sort  (cost=375.74..375.97 rows=94 width=121)
	  Sort Key: c
	  ->  Index Scan using sbtest8_pkey on sbtest8  (cost=0.43..372.66 rows=94 width=121)
	        Index Cond: ((id >= 9117035) AND (id <= 9117134))

for point_selects
table 1 : explain SELECT c FROM sbtest1 WHERE id=2596252
	Index Scan using sbtest1_pkey on sbtest1  (cost=0.43..8.45 rows=1 width=121)
	  Index Cond: (id = 2596252)

table 2 : explain SELECT c FROM sbtest2 WHERE id=9782293
	Index Scan using sbtest2_pkey on sbtest2  (cost=0.43..8.45 rows=1 width=121)
	  Index Cond: (id = 9782293)

table 3 : explain SELECT c FROM sbtest3 WHERE id=3746049
	Index Scan using sbtest3_pkey on sbtest3  (cost=0.43..8.45 rows=1 width=121)
	  Index Cond: (id = 3746049)

table 4 : explain SELECT c FROM sbtest4 WHERE id=3897979
	Index Scan using sbtest4_pkey on sbtest4  (cost=0.43..8.45 rows=1 width=121)
	  Index Cond: (id = 3897979)

table 5 : explain SELECT c FROM sbtest5 WHERE id=5449341
	Index Scan using sbtest5_pkey on sbtest5  (cost=0.43..8.45 rows=1 width=121)
	  Index Cond: (id = 5449341)

table 6 : explain SELECT c FROM sbtest6 WHERE id=5495109
	Index Scan using sbtest6_pkey on sbtest6  (cost=0.43..8.45 rows=1 width=121)
	  Index Cond: (id = 5495109)

table 7 : explain SELECT c FROM sbtest7 WHERE id=1068005
	Index Scan using sbtest7_pkey on sbtest7  (cost=0.43..8.45 rows=1 width=121)
	  Index Cond: (id = 1068005)

table 8 : explain SELECT c FROM sbtest8 WHERE id=4740105
	Index Scan using sbtest8_pkey on sbtest8  (cost=0.43..8.45 rows=1 width=121)
	  Index Cond: (id = 4740105)

for: sum_ranges
table 1 : explain SELECT SUM(k) FROM sbtest1 WHERE id BETWEEN 6776575 AND 6776674
	Aggregate  (cost=408.98..408.99 rows=1 width=8)
	  ->  Index Scan using sbtest1_pkey on sbtest1  (cost=0.43..408.72 rows=103 width=4)
	        Index Cond: ((id >= 6776575) AND (id <= 6776674))

table 2 : explain SELECT SUM(k) FROM sbtest2 WHERE id BETWEEN 5710771 AND 5710870
	Aggregate  (cost=411.78..411.79 rows=1 width=8)
	  ->  Index Scan using sbtest2_pkey on sbtest2  (cost=0.43..411.52 rows=104 width=4)
	        Index Cond: ((id >= 5710771) AND (id <= 5710870))

table 3 : explain SELECT SUM(k) FROM sbtest3 WHERE id BETWEEN 6679572 AND 6679671
	Aggregate  (cost=440.59..440.60 rows=1 width=8)
	  ->  Index Scan using sbtest3_pkey on sbtest3  (cost=0.43..440.32 rows=111 width=4)
	        Index Cond: ((id >= 6679572) AND (id <= 6679671))

table 4 : explain SELECT SUM(k) FROM sbtest4 WHERE id BETWEEN 3388944 AND 3389043
	Aggregate  (cost=387.84..387.85 rows=1 width=8)
	  ->  Index Scan using sbtest4_pkey on sbtest4  (cost=0.43..387.59 rows=98 width=4)
	        Index Cond: ((id >= 3388944) AND (id <= 3389043))

table 5 : explain SELECT SUM(k) FROM sbtest5 WHERE id BETWEEN 3320206 AND 3320305
	Aggregate  (cost=357.07..357.08 rows=1 width=8)
	  ->  Index Scan using sbtest5_pkey on sbtest5  (cost=0.43..356.85 rows=90 width=4)
	        Index Cond: ((id >= 3320206) AND (id <= 3320305))

table 6 : explain SELECT SUM(k) FROM sbtest6 WHERE id BETWEEN 2314974 AND 2315073
	Aggregate  (cost=412.78..412.79 rows=1 width=8)
	  ->  Index Scan using sbtest6_pkey on sbtest6  (cost=0.43..412.52 rows=104 width=4)
	        Index Cond: ((id >= 2314974) AND (id <= 2315073))

table 7 : explain SELECT SUM(k) FROM sbtest7 WHERE id BETWEEN 2175273 AND 2175372
	Aggregate  (cost=364.87..364.88 rows=1 width=8)
	  ->  Index Scan using sbtest7_pkey on sbtest7  (cost=0.43..364.64 rows=92 width=4)
	        Index Cond: ((id >= 2175273) AND (id <= 2175372))

table 8 : explain SELECT SUM(k) FROM sbtest8 WHERE id BETWEEN 8722084 AND 8722183
	Aggregate  (cost=376.81..376.82 rows=1 width=8)
	  ->  Index Scan using sbtest8_pkey on sbtest8  (cost=0.43..376.57 rows=95 width=4)
	        Index Cond: ((id >= 8722084) AND (id <= 8722183))

for: sum_ranges
table 1 : explain SELECT SUM(k) FROM sbtest1 WHERE id BETWEEN 4862945 AND 4863044
	Aggregate  (cost=365.79..365.80 rows=1 width=8)
	  ->  Index Scan using sbtest1_pkey on sbtest1  (cost=0.43..365.56 rows=92 width=4)
	        Index Cond: ((id >= 4862945) AND (id <= 4863044))

table 2 : explain SELECT SUM(k) FROM sbtest2 WHERE id BETWEEN 9429857 AND 9429956
	Aggregate  (cost=407.87..407.88 rows=1 width=8)
	  ->  Index Scan using sbtest2_pkey on sbtest2  (cost=0.43..407.61 rows=103 width=4)
	        Index Cond: ((id >= 9429857) AND (id <= 9429956))

table 3 : explain SELECT SUM(k) FROM sbtest3 WHERE id BETWEEN 1125932 AND 1126031
	Aggregate  (cost=420.95..420.96 rows=1 width=8)
	  ->  Index Scan using sbtest3_pkey on sbtest3  (cost=0.43..420.69 rows=106 width=4)
	        Index Cond: ((id >= 1125932) AND (id <= 1126031))

table 4 : explain SELECT SUM(k) FROM sbtest4 WHERE id BETWEEN 6124106 AND 6124205
	Aggregate  (cost=379.99..380.00 rows=1 width=8)
	  ->  Index Scan using sbtest4_pkey on sbtest4  (cost=0.43..379.75 rows=96 width=4)
	        Index Cond: ((id >= 6124106) AND (id <= 6124205))

table 5 : explain SELECT SUM(k) FROM sbtest5 WHERE id BETWEEN 1634959 AND 1635058
	Aggregate  (cost=400.18..400.19 rows=1 width=8)
	  ->  Index Scan using sbtest5_pkey on sbtest5  (cost=0.43..399.93 rows=101 width=4)
	        Index Cond: ((id >= 1634959) AND (id <= 1635058))

table 6 : explain SELECT SUM(k) FROM sbtest6 WHERE id BETWEEN 4325723 AND 4325822
	Aggregate  (cost=408.85..408.86 rows=1 width=8)
	  ->  Index Scan using sbtest6_pkey on sbtest6  (cost=0.43..408.59 rows=103 width=4)
	        Index Cond: ((id >= 4325723) AND (id <= 4325822))

table 7 : explain SELECT SUM(k) FROM sbtest7 WHERE id BETWEEN 7580465 AND 7580564
	Aggregate  (cost=392.31..392.32 rows=1 width=8)
	  ->  Index Scan using sbtest7_pkey on sbtest7  (cost=0.43..392.06 rows=99 width=4)
	        Index Cond: ((id >= 7580465) AND (id <= 7580564))

table 8 : explain SELECT SUM(k) FROM sbtest8 WHERE id BETWEEN 6924601 AND 6924700
	Aggregate  (cost=384.67..384.68 rows=1 width=8)
	  ->  Index Scan using sbtest8_pkey on sbtest8  (cost=0.43..384.43 rows=97 width=4)
	        Index Cond: ((id >= 6924601) AND (id <= 6924700))

for: simple_ranges
table 1 : explain SELECT c FROM sbtest1 WHERE id BETWEEN 394206 AND 394305
	Index Scan using sbtest1_pkey on sbtest1  (cost=0.43..377.33 rows=95 width=121)
	  Index Cond: ((id >= 394206) AND (id <= 394305))

table 2 : explain SELECT c FROM sbtest2 WHERE id BETWEEN 2034492 AND 2034591
	Index Scan using sbtest2_pkey on sbtest2  (cost=0.43..376.28 rows=95 width=121)
	  Index Cond: ((id >= 2034492) AND (id <= 2034591))

table 3 : explain SELECT c FROM sbtest3 WHERE id BETWEEN 2915058 AND 2915157
	Index Scan using sbtest3_pkey on sbtest3  (cost=0.43..385.34 rows=97 width=121)
	  Index Cond: ((id >= 2915058) AND (id <= 2915157))

table 4 : explain SELECT c FROM sbtest4 WHERE id BETWEEN 5905332 AND 5905431
	Index Scan using sbtest4_pkey on sbtest4  (cost=0.43..414.95 rows=105 width=121)
	  Index Cond: ((id >= 5905332) AND (id <= 5905431))

table 5 : explain SELECT c FROM sbtest5 WHERE id BETWEEN 9847451 AND 9847550
	Index Scan using sbtest5_pkey on sbtest5  (cost=0.43..403.84 rows=102 width=121)
	  Index Cond: ((id >= 9847451) AND (id <= 9847550))

table 6 : explain SELECT c FROM sbtest6 WHERE id BETWEEN 4757325 AND 4757424
	Index Scan using sbtest6_pkey on sbtest6  (cost=0.43..373.27 rows=94 width=121)
	  Index Cond: ((id >= 4757325) AND (id <= 4757424))

table 7 : explain SELECT c FROM sbtest7 WHERE id BETWEEN 2802095 AND 2802194
	Index Scan using sbtest7_pkey on sbtest7  (cost=0.43..372.47 rows=94 width=121)
	  Index Cond: ((id >= 2802095) AND (id <= 2802194))

table 8 : explain SELECT c FROM sbtest8 WHERE id BETWEEN 150484 AND 150583
	Index Scan using sbtest8_pkey on sbtest8  (cost=0.43..368.74 rows=93 width=121)
	  Index Cond: ((id >= 150484) AND (id <= 150583))

for: sum_ranges
table 1 : explain SELECT SUM(k) FROM sbtest1 WHERE id BETWEEN 2944486 AND 2944585
	Aggregate  (cost=373.64..373.65 rows=1 width=8)
	  ->  Index Scan using sbtest1_pkey on sbtest1  (cost=0.43..373.41 rows=94 width=4)
	        Index Cond: ((id >= 2944486) AND (id <= 2944585))

table 2 : explain SELECT SUM(k) FROM sbtest2 WHERE id BETWEEN 538143 AND 538242
	Aggregate  (cost=364.77..364.78 rows=1 width=8)
	  ->  Index Scan using sbtest2_pkey on sbtest2  (cost=0.43..364.54 rows=92 width=4)
	        Index Cond: ((id >= 538143) AND (id <= 538242))

table 3 : explain SELECT SUM(k) FROM sbtest3 WHERE id BETWEEN 6121716 AND 6121815
	Aggregate  (cost=397.39..397.40 rows=1 width=8)
	  ->  Index Scan using sbtest3_pkey on sbtest3  (cost=0.43..397.14 rows=100 width=4)
	        Index Cond: ((id >= 6121716) AND (id <= 6121815))

table 4 : explain SELECT SUM(k) FROM sbtest4 WHERE id BETWEEN 1335649 AND 1335748
	Aggregate  (cost=376.08..376.09 rows=1 width=8)
	  ->  Index Scan using sbtest4_pkey on sbtest4  (cost=0.43..375.84 rows=95 width=4)
	        Index Cond: ((id >= 1335649) AND (id <= 1335748))

table 5 : explain SELECT SUM(k) FROM sbtest5 WHERE id BETWEEN 2854274 AND 2854373
	Aggregate  (cost=404.10..404.11 rows=1 width=8)
	  ->  Index Scan using sbtest5_pkey on sbtest5  (cost=0.43..403.84 rows=102 width=4)
	        Index Cond: ((id >= 2854274) AND (id <= 2854373))

table 6 : explain SELECT SUM(k) FROM sbtest6 WHERE id BETWEEN 3928855 AND 3928954
	Aggregate  (cost=416.70..416.71 rows=1 width=8)
	  ->  Index Scan using sbtest6_pkey on sbtest6  (cost=0.43..416.44 rows=105 width=4)
	        Index Cond: ((id >= 3928855) AND (id <= 3928954))

table 7 : explain SELECT SUM(k) FROM sbtest7 WHERE id BETWEEN 45186 AND 45285
	Aggregate  (cost=404.06..404.07 rows=1 width=8)
	  ->  Index Scan using sbtest7_pkey on sbtest7  (cost=0.43..403.80 rows=102 width=4)
	        Index Cond: ((id >= 45186) AND (id <= 45285))

table 8 : explain SELECT SUM(k) FROM sbtest8 WHERE id BETWEEN 1699428 AND 1699527
	Aggregate  (cost=380.73..380.74 rows=1 width=8)
	  ->  Index Scan using sbtest8_pkey on sbtest8  (cost=0.43..380.49 rows=96 width=4)
	        Index Cond: ((id >= 1699428) AND (id <= 1699527))

for: distinct_ranges
table 1 : explain SELECT DISTINCT c FROM sbtest1 WHERE id BETWEEN 3545174 AND 3545273 ORDER BY c
	Unique  (cost=388.38..388.87 rows=97 width=121)
	  ->  Sort  (cost=388.38..388.62 rows=97 width=121)
	        Sort Key: c
	        ->  Index Scan using sbtest1_pkey on sbtest1  (cost=0.43..385.18 rows=97 width=121)
	              Index Cond: ((id >= 3545174) AND (id <= 3545273))

table 2 : explain SELECT DISTINCT c FROM sbtest2 WHERE id BETWEEN 5484598 AND 5484697 ORDER BY c
	Unique  (cost=407.10..407.61 rows=102 width=121)
	  ->  Sort  (cost=407.10..407.35 rows=102 width=121)
	        Sort Key: c
	        ->  Index Scan using sbtest2_pkey on sbtest2  (cost=0.43..403.70 rows=102 width=121)
	              Index Cond: ((id >= 5484598) AND (id <= 5484697))

table 3 : explain SELECT DISTINCT c FROM sbtest3 WHERE id BETWEEN 7290725 AND 7290824 ORDER BY c
	Unique  (cost=396.49..396.99 rows=99 width=121)
	  ->  Sort  (cost=396.49..396.74 rows=99 width=121)
	        Sort Key: c
	        ->  Index Scan using sbtest3_pkey on sbtest3  (cost=0.43..393.21 rows=99 width=121)
	              Index Cond: ((id >= 7290725) AND (id <= 7290824))

table 4 : explain SELECT DISTINCT c FROM sbtest4 WHERE id BETWEEN 7226055 AND 7226154 ORDER BY c
	Unique  (cost=414.52..415.04 rows=104 width=121)
	  ->  Sort  (cost=414.52..414.78 rows=104 width=121)
	        Sort Key: c
	        ->  Index Scan using sbtest4_pkey on sbtest4  (cost=0.43..411.04 rows=104 width=121)
	              Index Cond: ((id >= 7226055) AND (id <= 7226154))

table 5 : explain SELECT DISTINCT c FROM sbtest5 WHERE id BETWEEN 9023234 AND 9023333 ORDER BY c
	Unique  (cost=399.34..399.84 rows=100 width=121)
	  ->  Sort  (cost=399.34..399.59 rows=100 width=121)
	        Sort Key: c
	        ->  Index Scan using sbtest5_pkey on sbtest5  (cost=0.43..396.01 rows=100 width=121)
	              Index Cond: ((id >= 9023234) AND (id <= 9023333))

table 6 : explain SELECT DISTINCT c FROM sbtest6 WHERE id BETWEEN 4678277 AND 4678376 ORDER BY c
	Unique  (cost=404.11..404.62 rows=101 width=121)
	  ->  Sort  (cost=404.11..404.37 rows=101 width=121)
	        Sort Key: c
	        ->  Index Scan using sbtest6_pkey on sbtest6  (cost=0.43..400.75 rows=101 width=121)
	              Index Cond: ((id >= 4678277) AND (id <= 4678376))

table 7 : explain SELECT DISTINCT c FROM sbtest7 WHERE id BETWEEN 2549317 AND 2549416 ORDER BY c
	Unique  (cost=399.30..399.80 rows=100 width=121)
	  ->  Sort  (cost=399.30..399.55 rows=100 width=121)
	        Sort Key: c
	        ->  Index Scan using sbtest7_pkey on sbtest7  (cost=0.43..395.98 rows=100 width=121)
	              Index Cond: ((id >= 2549317) AND (id <= 2549416))

table 8 : explain SELECT DISTINCT c FROM sbtest8 WHERE id BETWEEN 6604448 AND 6604547 ORDER BY c
	Unique  (cost=427.19..427.73 rows=107 width=121)
	  ->  Sort  (cost=427.19..427.46 rows=107 width=121)
	        Sort Key: c
	        ->  Index Scan using sbtest8_pkey on sbtest8  (cost=0.43..423.59 rows=107 width=121)
	              Index Cond: ((id >= 6604448) AND (id <= 6604547))

for: order_ranges
table 1 : explain SELECT c FROM sbtest1 WHERE id BETWEEN 38944 AND 39043 ORDER BY c
	Sort  (cost=384.42..384.66 rows=96 width=121)
	  Sort Key: c
	  ->  Index Scan using sbtest1_pkey on sbtest1  (cost=0.43..381.26 rows=96 width=121)
	        Index Cond: ((id >= 38944) AND (id <= 39043))

table 2 : explain SELECT c FROM sbtest2 WHERE id BETWEEN 3898609 AND 3898708 ORDER BY c
	Sort  (cost=422.91..423.18 rows=106 width=121)
	  Sort Key: c
	  ->  Index Scan using sbtest2_pkey on sbtest2  (cost=0.43..419.35 rows=106 width=121)
	        Index Cond: ((id >= 3898609) AND (id <= 3898708))

table 3 : explain SELECT c FROM sbtest3 WHERE id BETWEEN 5134 AND 5233 ORDER BY c
	Sort  (cost=388.54..388.78 rows=97 width=121)
	  Sort Key: c
	  ->  Index Scan using sbtest3_pkey on sbtest3  (cost=0.43..385.34 rows=97 width=121)
	        Index Cond: ((id >= 5134) AND (id <= 5233))

table 4 : explain SELECT c FROM sbtest4 WHERE id BETWEEN 1558176 AND 1558275 ORDER BY c
	Sort  (cost=426.37..426.64 rows=107 width=121)
	  Sort Key: c
	  ->  Index Scan using sbtest4_pkey on sbtest4  (cost=0.43..422.76 rows=107 width=121)
	        Index Cond: ((id >= 1558176) AND (id <= 1558275))

table 5 : explain SELECT c FROM sbtest5 WHERE id BETWEEN 6682976 AND 6683075 ORDER BY c
	Sort  (cost=434.93..435.20 rows=109 width=121)
	  Sort Key: c
	  ->  Index Scan using sbtest5_pkey on sbtest5  (cost=0.43..431.24 rows=109 width=121)
	        Index Cond: ((id >= 6682976) AND (id <= 6683075))

table 6 : explain SELECT c FROM sbtest6 WHERE id BETWEEN 6157241 AND 6157340 ORDER BY c
	Sort  (cost=412.04..412.30 rows=103 width=121)
	  Sort Key: c
	  ->  Index Scan using sbtest6_pkey on sbtest6  (cost=0.43..408.59 rows=103 width=121)
	        Index Cond: ((id >= 6157241) AND (id <= 6157340))

table 7 : explain SELECT c FROM sbtest7 WHERE id BETWEEN 1671743 AND 1671842 ORDER BY c
	Sort  (cost=411.16..411.42 rows=103 width=121)
	  Sort Key: c
	  ->  Index Scan using sbtest7_pkey on sbtest7  (cost=0.43..407.72 rows=103 width=121)
	        Index Cond: ((id >= 1671743) AND (id <= 1671842))

table 8 : explain SELECT c FROM sbtest8 WHERE id BETWEEN 5022470 AND 5022569 ORDER BY c
	Sort  (cost=435.11..435.38 rows=109 width=121)
	  Sort Key: c
	  ->  Index Scan using sbtest8_pkey on sbtest8  (cost=0.43..431.42 rows=109 width=121)
	        Index Cond: ((id >= 5022470) AND (id <= 5022569))

for: simple_ranges
table 1 : explain SELECT c FROM sbtest1 WHERE id BETWEEN 821824 AND 821923
	Index Scan using sbtest1_pkey on sbtest1  (cost=0.43..396.95 rows=100 width=121)
	  Index Cond: ((id >= 821824) AND (id <= 821923))

table 2 : explain SELECT c FROM sbtest2 WHERE id BETWEEN 1957993 AND 1958092
	Index Scan using sbtest2_pkey on sbtest2  (cost=0.43..399.78 rows=101 width=121)
	  Index Cond: ((id >= 1957993) AND (id <= 1958092))

table 3 : explain SELECT c FROM sbtest3 WHERE id BETWEEN 749145 AND 749244
	Index Scan using sbtest3_pkey on sbtest3  (cost=0.43..381.41 rows=96 width=121)
	  Index Cond: ((id >= 749145) AND (id <= 749244))

table 4 : explain SELECT c FROM sbtest4 WHERE id BETWEEN 6889039 AND 6889138
	Index Scan using sbtest4_pkey on sbtest4  (cost=0.43..391.50 rows=99 width=121)
	  Index Cond: ((id >= 6889039) AND (id <= 6889138))

table 5 : explain SELECT c FROM sbtest5 WHERE id BETWEEN 4908102 AND 4908201
	Index Scan using sbtest5_pkey on sbtest5  (cost=0.43..411.67 rows=104 width=121)
	  Index Cond: ((id >= 4908102) AND (id <= 4908201))

table 6 : explain SELECT c FROM sbtest6 WHERE id BETWEEN 2247280 AND 2247379
	Index Scan using sbtest6_pkey on sbtest6  (cost=0.43..400.75 rows=101 width=121)
	  Index Cond: ((id >= 2247280) AND (id <= 2247379))

table 7 : explain SELECT c FROM sbtest7 WHERE id BETWEEN 9968480 AND 9968579
	Index Scan using sbtest7_pkey on sbtest7  (cost=0.43..392.06 rows=99 width=121)
	  Index Cond: ((id >= 9968480) AND (id <= 9968579))

table 8 : explain SELECT c FROM sbtest8 WHERE id BETWEEN 4617776 AND 4617875
	Index Scan using sbtest8_pkey on sbtest8  (cost=0.43..411.84 rows=104 width=121)
	  Index Cond: ((id >= 4617776) AND (id <= 4617875))

for point_selects
table 1 : explain SELECT c FROM sbtest1 WHERE id=9776787
	Index Scan using sbtest1_pkey on sbtest1  (cost=0.43..8.45 rows=1 width=121)
	  Index Cond: (id = 9776787)

table 2 : explain SELECT c FROM sbtest2 WHERE id=1059901
	Index Scan using sbtest2_pkey on sbtest2  (cost=0.43..8.45 rows=1 width=121)
	  Index Cond: (id = 1059901)

table 3 : explain SELECT c FROM sbtest3 WHERE id=2295509
	Index Scan using sbtest3_pkey on sbtest3  (cost=0.43..8.45 rows=1 width=121)
	  Index Cond: (id = 2295509)

table 4 : explain SELECT c FROM sbtest4 WHERE id=7588332
	Index Scan using sbtest4_pkey on sbtest4  (cost=0.43..8.45 rows=1 width=121)
	  Index Cond: (id = 7588332)

table 5 : explain SELECT c FROM sbtest5 WHERE id=142117
	Index Scan using sbtest5_pkey on sbtest5  (cost=0.43..8.45 rows=1 width=121)
	  Index Cond: (id = 142117)

table 6 : explain SELECT c FROM sbtest6 WHERE id=4121441
	Index Scan using sbtest6_pkey on sbtest6  (cost=0.43..8.45 rows=1 width=121)
	  Index Cond: (id = 4121441)

table 7 : explain SELECT c FROM sbtest7 WHERE id=1506100
	Index Scan using sbtest7_pkey on sbtest7  (cost=0.43..8.45 rows=1 width=121)
	  Index Cond: (id = 1506100)

table 8 : explain SELECT c FROM sbtest8 WHERE id=7895093
	Index Scan using sbtest8_pkey on sbtest8  (cost=0.43..8.45 rows=1 width=121)
	  Index Cond: (id = 7895093)

for point_selects
table 1 : explain SELECT c FROM sbtest1 WHERE id=4321060
	Index Scan using sbtest1_pkey on sbtest1  (cost=0.43..8.45 rows=1 width=121)
	  Index Cond: (id = 4321060)

table 2 : explain SELECT c FROM sbtest2 WHERE id=3830885
	Index Scan using sbtest2_pkey on sbtest2  (cost=0.43..8.45 rows=1 width=121)
	  Index Cond: (id = 3830885)

table 3 : explain SELECT c FROM sbtest3 WHERE id=4211927
	Index Scan using sbtest3_pkey on sbtest3  (cost=0.43..8.45 rows=1 width=121)
	  Index Cond: (id = 4211927)

table 4 : explain SELECT c FROM sbtest4 WHERE id=9855583
	Index Scan using sbtest4_pkey on sbtest4  (cost=0.43..8.45 rows=1 width=121)
	  Index Cond: (id = 9855583)

table 5 : explain SELECT c FROM sbtest5 WHERE id=491098
	Index Scan using sbtest5_pkey on sbtest5  (cost=0.43..8.45 rows=1 width=121)
	  Index Cond: (id = 491098)

table 6 : explain SELECT c FROM sbtest6 WHERE id=8644013
	Index Scan using sbtest6_pkey on sbtest6  (cost=0.43..8.45 rows=1 width=121)
	  Index Cond: (id = 8644013)

table 7 : explain SELECT c FROM sbtest7 WHERE id=3639138
	Index Scan using sbtest7_pkey on sbtest7  (cost=0.43..8.45 rows=1 width=121)
	  Index Cond: (id = 3639138)

table 8 : explain SELECT c FROM sbtest8 WHERE id=7032330
	Index Scan using sbtest8_pkey on sbtest8  (cost=0.43..8.45 rows=1 width=121)
	  Index Cond: (id = 7032330)

for: simple_ranges
table 1 : explain SELECT c FROM sbtest1 WHERE id BETWEEN 9589163 AND 9589262
	Index Scan using sbtest1_pkey on sbtest1  (cost=0.43..416.57 rows=105 width=121)
	  Index Cond: ((id >= 9589163) AND (id <= 9589262))

table 2 : explain SELECT c FROM sbtest2 WHERE id BETWEEN 5557826 AND 5557925
	Index Scan using sbtest2_pkey on sbtest2  (cost=0.43..415.43 rows=105 width=121)
	  Index Cond: ((id >= 5557826) AND (id <= 5557925))

table 3 : explain SELECT c FROM sbtest3 WHERE id BETWEEN 7718637 AND 7718736
	Index Scan using sbtest3_pkey on sbtest3  (cost=0.43..389.26 rows=98 width=121)
	  Index Cond: ((id >= 7718637) AND (id <= 7718736))

table 4 : explain SELECT c FROM sbtest4 WHERE id BETWEEN 807650 AND 807749
	Index Scan using sbtest4_pkey on sbtest4  (cost=0.43..387.59 rows=98 width=121)
	  Index Cond: ((id >= 807650) AND (id <= 807749))

table 5 : explain SELECT c FROM sbtest5 WHERE id BETWEEN 5292442 AND 5292541
	Index Scan using sbtest5_pkey on sbtest5  (cost=0.43..392.10 rows=99 width=121)
	  Index Cond: ((id >= 5292442) AND (id <= 5292541))

table 6 : explain SELECT c FROM sbtest6 WHERE id BETWEEN 3925368 AND 3925467
	Index Scan using sbtest6_pkey on sbtest6  (cost=0.43..416.44 rows=105 width=121)
	  Index Cond: ((id >= 3925368) AND (id <= 3925467))

table 7 : explain SELECT c FROM sbtest7 WHERE id BETWEEN 5437915 AND 5438014
	Index Scan using sbtest7_pkey on sbtest7  (cost=0.43..380.32 rows=96 width=121)
	  Index Cond: ((id >= 5437915) AND (id <= 5438014))

table 8 : explain SELECT c FROM sbtest8 WHERE id BETWEEN 9459855 AND 9459954
	Index Scan using sbtest8_pkey on sbtest8  (cost=0.43..427.50 rows=108 width=121)
	  Index Cond: ((id >= 9459855) AND (id <= 9459954))

for: order_ranges
table 1 : explain SELECT c FROM sbtest1 WHERE id BETWEEN 6245055 AND 6245154 ORDER BY c
	Sort  (cost=380.45..380.69 rows=95 width=121)
	  Sort Key: c
	  ->  Index Scan using sbtest1_pkey on sbtest1  (cost=0.43..377.33 rows=95 width=121)
	        Index Cond: ((id >= 6245055) AND (id <= 6245154))

table 2 : explain SELECT c FROM sbtest2 WHERE id BETWEEN 9566333 AND 9566432 ORDER BY c
	Sort  (cost=418.96..419.22 rows=105 width=121)
	  Sort Key: c
	  ->  Index Scan using sbtest2_pkey on sbtest2  (cost=0.43..415.43 rows=105 width=121)
	        Index Cond: ((id >= 9566333) AND (id <= 9566432))

table 3 : explain SELECT c FROM sbtest3 WHERE id BETWEEN 3992645 AND 3992744 ORDER BY c
	Sort  (cost=348.89..349.10 rows=87 width=121)
	  Sort Key: c
	  ->  Index Scan using sbtest3_pkey on sbtest3  (cost=0.43..346.08 rows=87 width=121)
	        Index Cond: ((id >= 3992645) AND (id <= 3992744))

table 4 : explain SELECT c FROM sbtest4 WHERE id BETWEEN 5005831 AND 5005930 ORDER BY c
	Sort  (cost=426.37..426.64 rows=107 width=121)
	  Sort Key: c
	  ->  Index Scan using sbtest4_pkey on sbtest4  (cost=0.43..422.76 rows=107 width=121)
	        Index Cond: ((id >= 5005831) AND (id <= 5005930))

table 5 : explain SELECT c FROM sbtest5 WHERE id BETWEEN 952024 AND 952123 ORDER BY c
	Sort  (cost=371.63..371.86 rows=93 width=121)
	  Sort Key: c
	  ->  Index Scan using sbtest5_pkey on sbtest5  (cost=0.43..368.59 rows=93 width=121)
	        Index Cond: ((id >= 952024) AND (id <= 952123))

table 6 : explain SELECT c FROM sbtest6 WHERE id BETWEEN 3543238 AND 3543337 ORDER BY c
	Sort  (cost=408.08..408.33 rows=102 width=121)
	  Sort Key: c
	  ->  Index Scan using sbtest6_pkey on sbtest6  (cost=0.43..404.67 rows=102 width=121)
	        Index Cond: ((id >= 3543238) AND (id <= 3543337))

table 7 : explain SELECT c FROM sbtest7 WHERE id BETWEEN 8118766 AND 8118865 ORDER BY c
	Sort  (cost=426.98..427.24 rows=107 width=121)
	  Sort Key: c
	  ->  Index Scan using sbtest7_pkey on sbtest7  (cost=0.43..423.37 rows=107 width=121)
	        Index Cond: ((id >= 8118766) AND (id <= 8118865))

table 8 : explain SELECT c FROM sbtest8 WHERE id BETWEEN 2087365 AND 2087464 ORDER BY c
	Sort  (cost=411.37..411.62 rows=103 width=121)
	  Sort Key: c
	  ->  Index Scan using sbtest8_pkey on sbtest8  (cost=0.43..407.92 rows=103 width=121)
	        Index Cond: ((id >= 2087365) AND (id <= 2087464))

for: sum_ranges
table 1 : explain SELECT SUM(k) FROM sbtest1 WHERE id BETWEEN 6611690 AND 6611789
	Aggregate  (cost=444.31..444.32 rows=1 width=8)
	  ->  Index Scan using sbtest1_pkey on sbtest1  (cost=0.43..444.03 rows=112 width=4)
	        Index Cond: ((id >= 6611690) AND (id <= 6611789))

table 2 : explain SELECT SUM(k) FROM sbtest2 WHERE id BETWEEN 5962165 AND 5962264
	Aggregate  (cost=411.78..411.79 rows=1 width=8)
	  ->  Index Scan using sbtest2_pkey on sbtest2  (cost=0.43..411.52 rows=104 width=4)
	        Index Cond: ((id >= 5962165) AND (id <= 5962264))

table 3 : explain SELECT SUM(k) FROM sbtest3 WHERE id BETWEEN 9248954 AND 9249053
	Aggregate  (cost=381.65..381.66 rows=1 width=8)
	  ->  Index Scan using sbtest3_pkey on sbtest3  (cost=0.43..381.41 rows=96 width=4)
	        Index Cond: ((id >= 9248954) AND (id <= 9249053))

table 4 : explain SELECT SUM(k) FROM sbtest4 WHERE id BETWEEN 3787487 AND 3787586
	Aggregate  (cost=379.99..380.00 rows=1 width=8)
	  ->  Index Scan using sbtest4_pkey on sbtest4  (cost=0.43..379.75 rows=96 width=4)
	        Index Cond: ((id >= 3787487) AND (id <= 3787586))

table 5 : explain SELECT SUM(k) FROM sbtest5 WHERE id BETWEEN 5805917 AND 5806016
	Aggregate  (cost=376.66..376.67 rows=1 width=8)
	  ->  Index Scan using sbtest5_pkey on sbtest5  (cost=0.43..376.42 rows=95 width=4)
	        Index Cond: ((id >= 5805917) AND (id <= 5806016))

table 6 : explain SELECT SUM(k) FROM sbtest6 WHERE id BETWEEN 6297553 AND 6297652
	Aggregate  (cost=412.78..412.79 rows=1 width=8)
	  ->  Index Scan using sbtest6_pkey on sbtest6  (cost=0.43..412.52 rows=104 width=4)
	        Index Cond: ((id >= 6297553) AND (id <= 6297652))

table 7 : explain SELECT SUM(k) FROM sbtest7 WHERE id BETWEEN 948464 AND 948563
	Aggregate  (cost=376.62..376.63 rows=1 width=8)
	  ->  Index Scan using sbtest7_pkey on sbtest7  (cost=0.43..376.38 rows=95 width=4)
	        Index Cond: ((id >= 948464) AND (id <= 948563))

table 8 : explain SELECT SUM(k) FROM sbtest8 WHERE id BETWEEN 7186420 AND 7186519
	Aggregate  (cost=392.51..392.52 rows=1 width=8)
	  ->  Index Scan using sbtest8_pkey on sbtest8  (cost=0.43..392.26 rows=99 width=4)
	        Index Cond: ((id >= 7186420) AND (id <= 7186519))

explain: for point_selects :: explain SELECT c FROM sbtest%u WHERE id=%u
for: distinct_ranges
table 1 : explain SELECT DISTINCT c FROM sbtest1 WHERE id BETWEEN 3191037 AND 3191136 ORDER BY c
	Unique  (cost=404.24..404.74 rows=101 width=121)
	  ->  Sort  (cost=404.24..404.49 rows=101 width=121)
	        Sort Key: c
	        ->  Index Scan using sbtest1_pkey on sbtest1  (cost=0.43..400.87 rows=101 width=121)
	              Index Cond: ((id >= 3191037) AND (id <= 3191136))

table 2 : explain SELECT DISTINCT c FROM sbtest2 WHERE id BETWEEN 9121107 AND 9121206 ORDER BY c
	Unique  (cost=387.31..387.79 rows=97 width=121)
	  ->  Sort  (cost=387.31..387.55 rows=97 width=121)
	        Sort Key: c
	        ->  Index Scan using sbtest2_pkey on sbtest2  (cost=0.43..384.11 rows=97 width=121)
	              Index Cond: ((id >= 9121107) AND (id <= 9121206))

table 3 : explain SELECT DISTINCT c FROM sbtest3 WHERE id BETWEEN 6554298 AND 6554397 ORDER BY c
	Unique  (cost=420.29..420.81 rows=105 width=121)
	  ->  Sort  (cost=420.29..420.55 rows=105 width=121)
	        Sort Key: c
	        ->  Index Scan using sbtest3_pkey on sbtest3  (cost=0.43..416.76 rows=105 width=121)
	              Index Cond: ((id >= 6554298) AND (id <= 6554397))

table 4 : explain SELECT DISTINCT c FROM sbtest4 WHERE id BETWEEN 1073322 AND 1073421 ORDER BY c
	Unique  (cost=378.96..379.44 rows=95 width=121)
	  ->  Sort  (cost=378.96..379.20 rows=95 width=121)
	        Sort Key: c
	        ->  Index Scan using sbtest4_pkey on sbtest4  (cost=0.43..375.84 rows=95 width=121)
	              Index Cond: ((id >= 1073322) AND (id <= 1073421))

table 5 : explain SELECT DISTINCT c FROM sbtest5 WHERE id BETWEEN 8434146 AND 8434245 ORDER BY c
	Unique  (cost=419.11..419.63 rows=105 width=121)
	  ->  Sort  (cost=419.11..419.37 rows=105 width=121)
	        Sort Key: c
	        ->  Index Scan using sbtest5_pkey on sbtest5  (cost=0.43..415.58 rows=105 width=121)
	              Index Cond: ((id >= 8434146) AND (id <= 8434245))

table 6 : explain SELECT DISTINCT c FROM sbtest6 WHERE id BETWEEN 3104642 AND 3104741 ORDER BY c
	Unique  (cost=431.85..432.39 rows=108 width=121)
	  ->  Sort  (cost=431.85..432.12 rows=108 width=121)
	        Sort Key: c
	        ->  Index Scan using sbtest6_pkey on sbtest6  (cost=0.43..428.21 rows=108 width=121)
	              Index Cond: ((id >= 3104642) AND (id <= 3104741))

table 7 : explain SELECT DISTINCT c FROM sbtest7 WHERE id BETWEEN 7438137 AND 7438236 ORDER BY c
	Unique  (cost=430.93..431.47 rows=108 width=121)
	  ->  Sort  (cost=430.93..431.20 rows=108 width=121)
	        Sort Key: c
	        ->  Index Scan using sbtest7_pkey on sbtest7  (cost=0.43..427.28 rows=108 width=121)
	              Index Cond: ((id >= 7438137) AND (id <= 7438236))

table 8 : explain SELECT DISTINCT c FROM sbtest8 WHERE id BETWEEN 2624330 AND 2624429 ORDER BY c
	Unique  (cost=399.50..400.00 rows=100 width=121)
	  ->  Sort  (cost=399.50..399.75 rows=100 width=121)
	        Sort Key: c
	        ->  Index Scan using sbtest8_pkey on sbtest8  (cost=0.43..396.18 rows=100 width=121)
	              Index Cond: ((id >= 2624330) AND (id <= 2624429))

for: sum_ranges
table 1 : explain SELECT SUM(k) FROM sbtest1 WHERE id BETWEEN 545877 AND 545976
	Aggregate  (cost=428.61..428.62 rows=1 width=8)
	  ->  Index Scan using sbtest1_pkey on sbtest1  (cost=0.43..428.34 rows=108 width=4)
	        Index Cond: ((id >= 545877) AND (id <= 545976))

table 2 : explain SELECT SUM(k) FROM sbtest2 WHERE id BETWEEN 2552165 AND 2552264
	Aggregate  (cost=400.04..400.05 rows=1 width=8)
	  ->  Index Scan using sbtest2_pkey on sbtest2  (cost=0.43..399.78 rows=101 width=4)
	        Index Cond: ((id >= 2552165) AND (id <= 2552264))

table 3 : explain SELECT SUM(k) FROM sbtest3 WHERE id BETWEEN 2573432 AND 2573531
	Aggregate  (cost=432.74..432.75 rows=1 width=8)
	  ->  Index Scan using sbtest3_pkey on sbtest3  (cost=0.43..432.47 rows=109 width=4)
	        Index Cond: ((id >= 2573432) AND (id <= 2573531))

table 4 : explain SELECT SUM(k) FROM sbtest4 WHERE id BETWEEN 1325248 AND 1325347
	Aggregate  (cost=376.08..376.09 rows=1 width=8)
	  ->  Index Scan using sbtest4_pkey on sbtest4  (cost=0.43..375.84 rows=95 width=4)
	        Index Cond: ((id >= 1325248) AND (id <= 1325347))

table 5 : explain SELECT SUM(k) FROM sbtest5 WHERE id BETWEEN 2045069 AND 2045168
	Aggregate  (cost=368.82..368.83 rows=1 width=8)
	  ->  Index Scan using sbtest5_pkey on sbtest5  (cost=0.43..368.59 rows=93 width=4)
	        Index Cond: ((id >= 2045069) AND (id <= 2045168))

table 6 : explain SELECT SUM(k) FROM sbtest6 WHERE id BETWEEN 4913373 AND 4913472
	Aggregate  (cost=416.70..416.71 rows=1 width=8)
	  ->  Index Scan using sbtest6_pkey on sbtest6  (cost=0.43..416.44 rows=105 width=4)
	        Index Cond: ((id >= 4913373) AND (id <= 4913472))

table 7 : explain SELECT SUM(k) FROM sbtest7 WHERE id BETWEEN 2701328 AND 2701427
	Aggregate  (cost=372.70..372.71 rows=1 width=8)
	  ->  Index Scan using sbtest7_pkey on sbtest7  (cost=0.43..372.47 rows=94 width=4)
	        Index Cond: ((id >= 2701328) AND (id <= 2701427))

table 8 : explain SELECT SUM(k) FROM sbtest8 WHERE id BETWEEN 9189654 AND 9189753
	Aggregate  (cost=372.89..372.90 rows=1 width=8)
	  ->  Index Scan using sbtest8_pkey on sbtest8  (cost=0.43..372.66 rows=94 width=4)
	        Index Cond: ((id >= 9189654) AND (id <= 9189753))

for: simple_ranges
table 1 : explain SELECT c FROM sbtest1 WHERE id BETWEEN 6158267 AND 6158366
	Index Scan using sbtest1_pkey on sbtest1  (cost=0.43..377.33 rows=95 width=121)
	  Index Cond: ((id >= 6158267) AND (id <= 6158366))

table 2 : explain SELECT c FROM sbtest2 WHERE id BETWEEN 3652048 AND 3652147
	Index Scan using sbtest2_pkey on sbtest2  (cost=0.43..388.02 rows=98 width=121)
	  Index Cond: ((id >= 3652048) AND (id <= 3652147))

table 3 : explain SELECT c FROM sbtest3 WHERE id BETWEEN 6066764 AND 6066863
	Index Scan using sbtest3_pkey on sbtest3  (cost=0.43..408.91 rows=103 width=121)
	  Index Cond: ((id >= 6066764) AND (id <= 6066863))

table 4 : explain SELECT c FROM sbtest4 WHERE id BETWEEN 1072879 AND 1072978
	Index Scan using sbtest4_pkey on sbtest4  (cost=0.43..375.84 rows=95 width=121)
	  Index Cond: ((id >= 1072879) AND (id <= 1072978))

table 5 : explain SELECT c FROM sbtest5 WHERE id BETWEEN 1545891 AND 1545990
	Index Scan using sbtest5_pkey on sbtest5  (cost=0.43..384.27 rows=97 width=121)
	  Index Cond: ((id >= 1545891) AND (id <= 1545990))

table 6 : explain SELECT c FROM sbtest6 WHERE id BETWEEN 1125880 AND 1125979
	Index Scan using sbtest6_pkey on sbtest6  (cost=0.43..377.19 rows=95 width=121)
	  Index Cond: ((id >= 1125880) AND (id <= 1125979))

table 7 : explain SELECT c FROM sbtest7 WHERE id BETWEEN 2394040 AND 2394139
	Index Scan using sbtest7_pkey on sbtest7  (cost=0.43..423.37 rows=107 width=121)
	  Index Cond: ((id >= 2394040) AND (id <= 2394139))

table 8 : explain SELECT c FROM sbtest8 WHERE id BETWEEN 4890212 AND 4890311
	Index Scan using sbtest8_pkey on sbtest8  (cost=0.43..376.57 rows=95 width=121)
	  Index Cond: ((id >= 4890212) AND (id <= 4890311))

for: simple_ranges
table 1 : explain SELECT c FROM sbtest1 WHERE id BETWEEN 8626776 AND 8626875
	Index Scan using sbtest1_pkey on sbtest1  (cost=0.43..428.34 rows=108 width=121)
	  Index Cond: ((id >= 8626776) AND (id <= 8626875))

table 2 : explain SELECT c FROM sbtest2 WHERE id BETWEEN 490862 AND 490961
	Index Scan using sbtest2_pkey on sbtest2  (cost=0.43..407.61 rows=103 width=121)
	  Index Cond: ((id >= 490862) AND (id <= 490961))

table 3 : explain SELECT c FROM sbtest3 WHERE id BETWEEN 8511836 AND 8511935
	Index Scan using sbtest3_pkey on sbtest3  (cost=0.43..440.32 rows=111 width=121)
	  Index Cond: ((id >= 8511836) AND (id <= 8511935))

table 4 : explain SELECT c FROM sbtest4 WHERE id BETWEEN 7964654 AND 7964753
	Index Scan using sbtest4_pkey on sbtest4  (cost=0.43..414.95 rows=105 width=121)
	  Index Cond: ((id >= 7964654) AND (id <= 7964753))

table 5 : explain SELECT c FROM sbtest5 WHERE id BETWEEN 5135279 AND 5135378
	Index Scan using sbtest5_pkey on sbtest5  (cost=0.43..396.01 rows=100 width=121)
	  Index Cond: ((id >= 5135279) AND (id <= 5135378))

table 6 : explain SELECT c FROM sbtest6 WHERE id BETWEEN 2587700 AND 2587799
	Index Scan using sbtest6_pkey on sbtest6  (cost=0.43..424.28 rows=107 width=121)
	  Index Cond: ((id >= 2587700) AND (id <= 2587799))

table 7 : explain SELECT c FROM sbtest7 WHERE id BETWEEN 1846588 AND 1846687
	Index Scan using sbtest7_pkey on sbtest7  (cost=0.43..368.55 rows=93 width=121)
	  Index Cond: ((id >= 1846588) AND (id <= 1846687))

table 8 : explain SELECT c FROM sbtest8 WHERE id BETWEEN 8957984 AND 8958083
	Index Scan using sbtest8_pkey on sbtest8  (cost=0.43..411.84 rows=104 width=121)
	  Index Cond: ((id >= 8957984) AND (id <= 8958083))

for: sum_ranges
table 1 : explain SELECT SUM(k) FROM sbtest1 WHERE id BETWEEN 3137768 AND 3137867
	Aggregate  (cost=357.92..357.93 rows=1 width=8)
	  ->  Index Scan using sbtest1_pkey on sbtest1  (cost=0.43..357.69 rows=90 width=4)
	        Index Cond: ((id >= 3137768) AND (id <= 3137867))

table 2 : explain SELECT SUM(k) FROM sbtest2 WHERE id BETWEEN 5647257 AND 5647356
	Aggregate  (cost=380.43..380.44 rows=1 width=8)
	  ->  Index Scan using sbtest2_pkey on sbtest2  (cost=0.43..380.19 rows=96 width=4)
	        Index Cond: ((id >= 5647257) AND (id <= 5647356))

table 3 : explain SELECT SUM(k) FROM sbtest3 WHERE id BETWEEN 6107499 AND 6107598
	Aggregate  (cost=397.39..397.40 rows=1 width=8)
	  ->  Index Scan using sbtest3_pkey on sbtest3  (cost=0.43..397.14 rows=100 width=4)
	        Index Cond: ((id >= 6107499) AND (id <= 6107598))

table 4 : explain SELECT SUM(k) FROM sbtest4 WHERE id BETWEEN 8009848 AND 8009947
	Aggregate  (cost=372.17..372.18 rows=1 width=8)
	  ->  Index Scan using sbtest4_pkey on sbtest4  (cost=0.43..371.93 rows=94 width=4)
	        Index Cond: ((id >= 8009848) AND (id <= 8009947))

table 5 : explain SELECT SUM(k) FROM sbtest5 WHERE id BETWEEN 9517804 AND 9517903
	Aggregate  (cost=411.93..411.94 rows=1 width=8)
	  ->  Index Scan using sbtest5_pkey on sbtest5  (cost=0.43..411.67 rows=104 width=4)
	        Index Cond: ((id >= 9517804) AND (id <= 9517903))

table 6 : explain SELECT SUM(k) FROM sbtest6 WHERE id BETWEEN 7555595 AND 7555694
	Aggregate  (cost=361.73..361.74 rows=1 width=8)
	  ->  Index Scan using sbtest6_pkey on sbtest6  (cost=0.43..361.50 rows=91 width=4)
	        Index Cond: ((id >= 7555595) AND (id <= 7555694))

table 7 : explain SELECT SUM(k) FROM sbtest7 WHERE id BETWEEN 6846819 AND 6846918
	Aggregate  (cost=364.87..364.88 rows=1 width=8)
	  ->  Index Scan using sbtest7_pkey on sbtest7  (cost=0.43..364.64 rows=92 width=4)
	        Index Cond: ((id >= 6846819) AND (id <= 6846918))

table 8 : explain SELECT SUM(k) FROM sbtest8 WHERE id BETWEEN 2227666 AND 2227765
	Aggregate  (cost=412.10..412.11 rows=1 width=8)
	  ->  Index Scan using sbtest8_pkey on sbtest8  (cost=0.43..411.84 rows=104 width=4)
	        Index Cond: ((id >= 2227666) AND (id <= 2227765))

for: order_ranges
table 1 : explain SELECT c FROM sbtest1 WHERE id BETWEEN 7998373 AND 7998472 ORDER BY c
	Sort  (cost=404.24..404.49 rows=101 width=121)
	  Sort Key: c
	  ->  Index Scan using sbtest1_pkey on sbtest1  (cost=0.43..400.87 rows=101 width=121)
	        Index Cond: ((id >= 7998373) AND (id <= 7998472))

table 2 : explain SELECT c FROM sbtest2 WHERE id BETWEEN 6657508 AND 6657607 ORDER BY c
	Sort  (cost=367.54..367.77 rows=92 width=121)
	  Sort Key: c
	  ->  Index Scan using sbtest2_pkey on sbtest2  (cost=0.43..364.54 rows=92 width=121)
	        Index Cond: ((id >= 6657508) AND (id <= 6657607))

table 3 : explain SELECT c FROM sbtest3 WHERE id BETWEEN 2992664 AND 2992763 ORDER BY c
	Sort  (cost=400.46..400.71 rows=100 width=121)
	  Sort Key: c
	  ->  Index Scan using sbtest3_pkey on sbtest3  (cost=0.43..397.14 rows=100 width=121)
	        Index Cond: ((id >= 2992664) AND (id <= 2992763))

table 4 : explain SELECT c FROM sbtest4 WHERE id BETWEEN 4695288 AND 4695387 ORDER BY c
	Sort  (cost=390.83..391.08 rows=98 width=121)
	  Sort Key: c
	  ->  Index Scan using sbtest4_pkey on sbtest4  (cost=0.43..387.59 rows=98 width=121)
	        Index Cond: ((id >= 4695288) AND (id <= 4695387))

table 5 : explain SELECT c FROM sbtest5 WHERE id BETWEEN 7491837 AND 7491936 ORDER BY c
	Sort  (cost=407.24..407.50 rows=102 width=121)
	  Sort Key: c
	  ->  Index Scan using sbtest5_pkey on sbtest5  (cost=0.43..403.84 rows=102 width=121)
	        Index Cond: ((id >= 7491837) AND (id <= 7491936))

table 6 : explain SELECT c FROM sbtest6 WHERE id BETWEEN 9909627 AND 9909726 ORDER BY c
	Sort  (cost=419.96..420.23 rows=105 width=121)
	  Sort Key: c
	  ->  Index Scan using sbtest6_pkey on sbtest6  (cost=0.43..416.44 rows=105 width=121)
	        Index Cond: ((id >= 9909627) AND (id <= 9909726))

table 7 : explain SELECT c FROM sbtest7 WHERE id BETWEEN 999047 AND 999146 ORDER BY c
	Sort  (cost=387.44..387.68 rows=97 width=121)
	  Sort Key: c
	  ->  Index Scan using sbtest7_pkey on sbtest7  (cost=0.43..384.23 rows=97 width=121)
	        Index Cond: ((id >= 999047) AND (id <= 999146))

table 8 : explain SELECT c FROM sbtest8 WHERE id BETWEEN 9108367 AND 9108466 ORDER BY c
	Sort  (cost=375.74..375.97 rows=94 width=121)
	  Sort Key: c
	  ->  Index Scan using sbtest8_pkey on sbtest8  (cost=0.43..372.66 rows=94 width=121)
	        Index Cond: ((id >= 9108367) AND (id <= 9108466))

for: order_ranges
table 1 : explain SELECT c FROM sbtest1 WHERE id BETWEEN 6471854 AND 6471953 ORDER BY c
	Sort  (cost=376.49..376.73 rows=94 width=121)
	  Sort Key: c
	  ->  Index Scan using sbtest1_pkey on sbtest1  (cost=0.43..373.41 rows=94 width=121)
	        Index Cond: ((id >= 6471854) AND (id <= 6471953))

table 2 : explain SELECT c FROM sbtest2 WHERE id BETWEEN 4257992 AND 4258091 ORDER BY c
	Sort  (cost=375.45..375.68 rows=94 width=121)
	  Sort Key: c
	  ->  Index Scan using sbtest2_pkey on sbtest2  (cost=0.43..372.37 rows=94 width=121)
	        Index Cond: ((id >= 4257992) AND (id <= 4258091))

table 3 : explain SELECT c FROM sbtest3 WHERE id BETWEEN 5474764 AND 5474863 ORDER BY c
	Sort  (cost=380.61..380.84 rows=95 width=121)
	  Sort Key: c
	  ->  Index Scan using sbtest3_pkey on sbtest3  (cost=0.43..377.49 rows=95 width=121)
	        Index Cond: ((id >= 5474764) AND (id <= 5474863))

table 4 : explain SELECT c FROM sbtest4 WHERE id BETWEEN 8370926 AND 8371025 ORDER BY c
	Sort  (cost=406.63..406.88 rows=102 width=121)
	  Sort Key: c
	  ->  Index Scan using sbtest4_pkey on sbtest4  (cost=0.43..403.22 rows=102 width=121)
	        Index Cond: ((id >= 8370926) AND (id <= 8371025))

table 5 : explain SELECT c FROM sbtest5 WHERE id BETWEEN 5340997 AND 5341096 ORDER BY c
	Sort  (cost=395.38..395.63 rows=99 width=121)
	  Sort Key: c
	  ->  Index Scan using sbtest5_pkey on sbtest5  (cost=0.43..392.10 rows=99 width=121)
	        Index Cond: ((id >= 5340997) AND (id <= 5341096))

table 6 : explain SELECT c FROM sbtest6 WHERE id BETWEEN 7108931 AND 7109030 ORDER BY c
	Sort  (cost=412.04..412.30 rows=103 width=121)
	  Sort Key: c
	  ->  Index Scan using sbtest6_pkey on sbtest6  (cost=0.43..408.59 rows=103 width=121)
	        Index Cond: ((id >= 7108931) AND (id <= 7109030))

table 7 : explain SELECT c FROM sbtest7 WHERE id BETWEEN 9792745 AND 9792844 ORDER BY c
	Sort  (cost=399.30..399.55 rows=100 width=121)
	  Sort Key: c
	  ->  Index Scan using sbtest7_pkey on sbtest7  (cost=0.43..395.98 rows=100 width=121)
	        Index Cond: ((id >= 9792745) AND (id <= 9792844))

table 8 : explain SELECT c FROM sbtest8 WHERE id BETWEEN 443180 AND 443279 ORDER BY c
	Sort  (cost=359.92..360.14 rows=90 width=121)
	  Sort Key: c
	  ->  Index Scan using sbtest8_pkey on sbtest8  (cost=0.43..357.00 rows=90 width=121)
	        Index Cond: ((id >= 443180) AND (id <= 443279))

for: sum_ranges
table 1 : explain SELECT SUM(k) FROM sbtest1 WHERE id BETWEEN 489622 AND 489721
	Aggregate  (cost=412.90..412.91 rows=1 width=8)
	  ->  Index Scan using sbtest1_pkey on sbtest1  (cost=0.43..412.64 rows=104 width=4)
	        Index Cond: ((id >= 489622) AND (id <= 489721))

table 2 : explain SELECT SUM(k) FROM sbtest2 WHERE id BETWEEN 3357734 AND 3357833
	Aggregate  (cost=403.95..403.96 rows=1 width=8)
	  ->  Index Scan using sbtest2_pkey on sbtest2  (cost=0.43..403.70 rows=102 width=4)
	        Index Cond: ((id >= 3357734) AND (id <= 3357833))

table 3 : explain SELECT SUM(k) FROM sbtest3 WHERE id BETWEEN 2761667 AND 2761766
	Aggregate  (cost=456.30..456.31 rows=1 width=8)
	  ->  Index Scan using sbtest3_pkey on sbtest3  (cost=0.43..456.02 rows=115 width=4)
	        Index Cond: ((id >= 2761667) AND (id <= 2761766))

table 4 : explain SELECT SUM(k) FROM sbtest4 WHERE id BETWEEN 1417419 AND 1417518
	Aggregate  (cost=426.94..426.95 rows=1 width=8)
	  ->  Index Scan using sbtest4_pkey on sbtest4  (cost=0.43..426.67 rows=108 width=4)
	        Index Cond: ((id >= 1417419) AND (id <= 1417518))

table 5 : explain SELECT SUM(k) FROM sbtest5 WHERE id BETWEEN 3866549 AND 3866648
	Aggregate  (cost=408.01..408.02 rows=1 width=8)
	  ->  Index Scan using sbtest5_pkey on sbtest5  (cost=0.43..407.76 rows=103 width=4)
	        Index Cond: ((id >= 3866549) AND (id <= 3866648))

table 6 : explain SELECT SUM(k) FROM sbtest6 WHERE id BETWEEN 9301425 AND 9301524
	Aggregate  (cost=361.73..361.74 rows=1 width=8)
	  ->  Index Scan using sbtest6_pkey on sbtest6  (cost=0.43..361.50 rows=91 width=4)
	        Index Cond: ((id >= 9301425) AND (id <= 9301524))

table 7 : explain SELECT SUM(k) FROM sbtest7 WHERE id BETWEEN 3341795 AND 3341894
	Aggregate  (cost=423.64..423.65 rows=1 width=8)
	  ->  Index Scan using sbtest7_pkey on sbtest7  (cost=0.43..423.37 rows=107 width=4)
	        Index Cond: ((id >= 3341795) AND (id <= 3341894))

table 8 : explain SELECT SUM(k) FROM sbtest8 WHERE id BETWEEN 7844260 AND 7844359
	Aggregate  (cost=408.18..408.19 rows=1 width=8)
	  ->  Index Scan using sbtest8_pkey on sbtest8  (cost=0.43..407.92 rows=103 width=4)
	        Index Cond: ((id >= 7844260) AND (id <= 7844359))

for: distinct_ranges
table 1 : explain SELECT DISTINCT c FROM sbtest1 WHERE id BETWEEN 7690901 AND 7691000 ORDER BY c
	Unique  (cost=396.31..396.80 rows=99 width=121)
	  ->  Sort  (cost=396.31..396.56 rows=99 width=121)
	        Sort Key: c
	        ->  Index Scan using sbtest1_pkey on sbtest1  (cost=0.43..393.03 rows=99 width=121)
	              Index Cond: ((id >= 7690901) AND (id <= 7691000))

table 2 : explain SELECT DISTINCT c FROM sbtest2 WHERE id BETWEEN 69065 AND 69164 ORDER BY c
	Unique  (cost=391.26..391.75 rows=98 width=121)
	  ->  Sort  (cost=391.26..391.51 rows=98 width=121)
	        Sort Key: c
	        ->  Index Scan using sbtest2_pkey on sbtest2  (cost=0.43..388.02 rows=98 width=121)
	              Index Cond: ((id >= 69065) AND (id <= 69164))

table 3 : explain SELECT DISTINCT c FROM sbtest3 WHERE id BETWEEN 450985 AND 451084 ORDER BY c
	Unique  (cost=388.54..389.02 rows=97 width=121)
	  ->  Sort  (cost=388.54..388.78 rows=97 width=121)
	        Sort Key: c
	        ->  Index Scan using sbtest3_pkey on sbtest3  (cost=0.43..385.34 rows=97 width=121)
	              Index Cond: ((id >= 450985) AND (id <= 451084))

table 4 : explain SELECT DISTINCT c FROM sbtest4 WHERE id BETWEEN 2396842 AND 2396941 ORDER BY c
	Unique  (cost=410.57..411.09 rows=103 width=121)
	  ->  Sort  (cost=410.57..410.83 rows=103 width=121)
	        Sort Key: c
	        ->  Index Scan using sbtest4_pkey on sbtest4  (cost=0.43..407.13 rows=103 width=121)
	              Index Cond: ((id >= 2396842) AND (id <= 2396941))

table 5 : explain SELECT DISTINCT c FROM sbtest5 WHERE id BETWEEN 5658250 AND 5658349 ORDER BY c
	Unique  (cost=379.54..380.01 rows=95 width=121)
	  ->  Sort  (cost=379.54..379.78 rows=95 width=121)
	        Sort Key: c
	        ->  Index Scan using sbtest5_pkey on sbtest5  (cost=0.43..376.42 rows=95 width=121)
	              Index Cond: ((id >= 5658250) AND (id <= 5658349))

table 6 : explain SELECT DISTINCT c FROM sbtest6 WHERE id BETWEEN 6287306 AND 6287405 ORDER BY c
	Unique  (cost=416.00..416.52 rows=104 width=121)
	  ->  Sort  (cost=416.00..416.26 rows=104 width=121)
	        Sort Key: c
	        ->  Index Scan using sbtest6_pkey on sbtest6  (cost=0.43..412.52 rows=104 width=121)
	              Index Cond: ((id >= 6287306) AND (id <= 6287405))

table 7 : explain SELECT DISTINCT c FROM sbtest7 WHERE id BETWEEN 8051071 AND 8051170 ORDER BY c
	Unique  (cost=407.21..407.72 rows=102 width=121)
	  ->  Sort  (cost=407.21..407.46 rows=102 width=121)
	        Sort Key: c
	        ->  Index Scan using sbtest7_pkey on sbtest7  (cost=0.43..403.80 rows=102 width=121)
	              Index Cond: ((id >= 8051071) AND (id <= 8051170))

table 8 : explain SELECT DISTINCT c FROM sbtest8 WHERE id BETWEEN 1108630 AND 1108729 ORDER BY c
	Unique  (cost=387.63..388.12 rows=97 width=121)
	  ->  Sort  (cost=387.63..387.87 rows=97 width=121)
	        Sort Key: c
	        ->  Index Scan using sbtest8_pkey on sbtest8  (cost=0.43..384.43 rows=97 width=121)
	              Index Cond: ((id >= 1108630) AND (id <= 1108729))

for: sum_ranges
table 1 : explain SELECT SUM(k) FROM sbtest1 WHERE id BETWEEN 3307016 AND 3307115
	Aggregate  (cost=381.50..381.51 rows=1 width=8)
	  ->  Index Scan using sbtest1_pkey on sbtest1  (cost=0.43..381.26 rows=96 width=4)
	        Index Cond: ((id >= 3307016) AND (id <= 3307115))

table 2 : explain SELECT SUM(k) FROM sbtest2 WHERE id BETWEEN 1580989 AND 1581088
	Aggregate  (cost=415.70..415.71 rows=1 width=8)
	  ->  Index Scan using sbtest2_pkey on sbtest2  (cost=0.43..415.43 rows=105 width=4)
	        Index Cond: ((id >= 1580989) AND (id <= 1581088))

table 3 : explain SELECT SUM(k) FROM sbtest3 WHERE id BETWEEN 5335589 AND 5335688
	Aggregate  (cost=373.80..373.81 rows=1 width=8)
	  ->  Index Scan using sbtest3_pkey on sbtest3  (cost=0.43..373.56 rows=94 width=4)
	        Index Cond: ((id >= 5335589) AND (id <= 5335688))

table 4 : explain SELECT SUM(k) FROM sbtest4 WHERE id BETWEEN 9276956 AND 9277055
	Aggregate  (cost=407.39..407.40 rows=1 width=8)
	  ->  Index Scan using sbtest4_pkey on sbtest4  (cost=0.43..407.13 rows=103 width=4)
	        Index Cond: ((id >= 9276956) AND (id <= 9277055))

table 5 : explain SELECT SUM(k) FROM sbtest5 WHERE id BETWEEN 7499094 AND 7499193
	Aggregate  (cost=404.10..404.11 rows=1 width=8)
	  ->  Index Scan using sbtest5_pkey on sbtest5  (cost=0.43..403.84 rows=102 width=4)
	        Index Cond: ((id >= 7499094) AND (id <= 7499193))

table 6 : explain SELECT SUM(k) FROM sbtest6 WHERE id BETWEEN 9826785 AND 9826884
	Aggregate  (cost=416.70..416.71 rows=1 width=8)
	  ->  Index Scan using sbtest6_pkey on sbtest6  (cost=0.43..416.44 rows=105 width=4)
	        Index Cond: ((id >= 9826785) AND (id <= 9826884))

table 7 : explain SELECT SUM(k) FROM sbtest7 WHERE id BETWEEN 7938155 AND 7938254
	Aggregate  (cost=427.55..427.56 rows=1 width=8)
	  ->  Index Scan using sbtest7_pkey on sbtest7  (cost=0.43..427.28 rows=108 width=4)
	        Index Cond: ((id >= 7938155) AND (id <= 7938254))

table 8 : explain SELECT SUM(k) FROM sbtest8 WHERE id BETWEEN 7990710 AND 7990809
	Aggregate  (cost=451.28..451.29 rows=1 width=8)
	  ->  Index Scan using sbtest8_pkey on sbtest8  (cost=0.43..451.00 rows=114 width=4)
	        Index Cond: ((id >= 7990710) AND (id <= 7990809))

for: order_ranges
table 1 : explain SELECT c FROM sbtest1 WHERE id BETWEEN 5997599 AND 5997698 ORDER BY c
	Sort  (cost=388.38..388.62 rows=97 width=121)
	  Sort Key: c
	  ->  Index Scan using sbtest1_pkey on sbtest1  (cost=0.43..385.18 rows=97 width=121)
	        Index Cond: ((id >= 5997599) AND (id <= 5997698))

table 2 : explain SELECT c FROM sbtest2 WHERE id BETWEEN 2667033 AND 2667132 ORDER BY c
	Sort  (cost=395.24..395.49 rows=99 width=121)
	  Sort Key: c
	  ->  Index Scan using sbtest2_pkey on sbtest2  (cost=0.43..391.96 rows=99 width=121)
	        Index Cond: ((id >= 2667033) AND (id <= 2667132))

table 3 : explain SELECT c FROM sbtest3 WHERE id BETWEEN 2484521 AND 2484620 ORDER BY c
	Sort  (cost=400.46..400.71 rows=100 width=121)
	  Sort Key: c
	  ->  Index Scan using sbtest3_pkey on sbtest3  (cost=0.43..397.14 rows=100 width=121)
	        Index Cond: ((id >= 2484521) AND (id <= 2484620))

table 4 : explain SELECT c FROM sbtest4 WHERE id BETWEEN 2449076 AND 2449175 ORDER BY c
	Sort  (cost=386.86..387.10 rows=97 width=121)
	  Sort Key: c
	  ->  Index Scan using sbtest4_pkey on sbtest4  (cost=0.43..383.66 rows=97 width=121)
	        Index Cond: ((id >= 2449076) AND (id <= 2449175))

table 5 : explain SELECT c FROM sbtest5 WHERE id BETWEEN 6900698 AND 6900797 ORDER BY c
	Sort  (cost=387.47..387.72 rows=97 width=121)
	  Sort Key: c
	  ->  Index Scan using sbtest5_pkey on sbtest5  (cost=0.43..384.27 rows=97 width=121)
	        Index Cond: ((id >= 6900698) AND (id <= 6900797))

table 6 : explain SELECT c FROM sbtest6 WHERE id BETWEEN 9377127 AND 9377226 ORDER BY c
	Sort  (cost=388.26..388.50 rows=97 width=121)
	  Sort Key: c
	  ->  Index Scan using sbtest6_pkey on sbtest6  (cost=0.43..385.06 rows=97 width=121)
	        Index Cond: ((id >= 9377127) AND (id <= 9377226))

table 7 : explain SELECT c FROM sbtest7 WHERE id BETWEEN 2180362 AND 2180461 ORDER BY c
	Sort  (cost=367.64..367.87 rows=92 width=121)
	  Sort Key: c
	  ->  Index Scan using sbtest7_pkey on sbtest7  (cost=0.43..364.64 rows=92 width=121)
	        Index Cond: ((id >= 2180362) AND (id <= 2180461))

table 8 : explain SELECT c FROM sbtest8 WHERE id BETWEEN 4161506 AND 4161605 ORDER BY c
	Sort  (cost=415.32..415.58 rows=104 width=121)
	  Sort Key: c
	  ->  Index Scan using sbtest8_pkey on sbtest8  (cost=0.43..411.84 rows=104 width=121)
	        Index Cond: ((id >= 4161506) AND (id <= 4161605))

for: order_ranges
table 1 : explain SELECT c FROM sbtest1 WHERE id BETWEEN 9519866 AND 9519965 ORDER BY c
	Sort  (cost=380.45..380.69 rows=95 width=121)
	  Sort Key: c
	  ->  Index Scan using sbtest1_pkey on sbtest1  (cost=0.43..377.33 rows=95 width=121)
	        Index Cond: ((id >= 9519866) AND (id <= 9519965))

table 2 : explain SELECT c FROM sbtest2 WHERE id BETWEEN 243716 AND 243815 ORDER BY c
	Sort  (cost=391.26..391.51 rows=98 width=121)
	  Sort Key: c
	  ->  Index Scan using sbtest2_pkey on sbtest2  (cost=0.43..388.02 rows=98 width=121)
	        Index Cond: ((id >= 243716) AND (id <= 243815))

table 3 : explain SELECT c FROM sbtest3 WHERE id BETWEEN 7556581 AND 7556680 ORDER BY c
	Sort  (cost=408.39..408.65 rows=102 width=121)
	  Sort Key: c
	  ->  Index Scan using sbtest3_pkey on sbtest3  (cost=0.43..404.99 rows=102 width=121)
	        Index Cond: ((id >= 7556581) AND (id <= 7556680))

table 4 : explain SELECT c FROM sbtest4 WHERE id BETWEEN 1749861 AND 1749960 ORDER BY c
	Sort  (cost=422.42..422.68 rows=106 width=121)
	  Sort Key: c
	  ->  Index Scan using sbtest4_pkey on sbtest4  (cost=0.43..418.85 rows=106 width=121)
	        Index Cond: ((id >= 1749861) AND (id <= 1749960))

table 5 : explain SELECT c FROM sbtest5 WHERE id BETWEEN 6517035 AND 6517134 ORDER BY c
	Sort  (cost=379.54..379.78 rows=95 width=121)
	  Sort Key: c
	  ->  Index Scan using sbtest5_pkey on sbtest5  (cost=0.43..376.42 rows=95 width=121)
	        Index Cond: ((id >= 6517035) AND (id <= 6517134))

table 6 : explain SELECT c FROM sbtest6 WHERE id BETWEEN 7645094 AND 7645193 ORDER BY c
	Sort  (cost=423.93..424.19 rows=106 width=121)
	  Sort Key: c
	  ->  Index Scan using sbtest6_pkey on sbtest6  (cost=0.43..420.36 rows=106 width=121)
	        Index Cond: ((id >= 7645094) AND (id <= 7645193))

table 7 : explain SELECT c FROM sbtest7 WHERE id BETWEEN 5893533 AND 5893632 ORDER BY c
	Sort  (cost=371.59..371.83 rows=93 width=121)
	  Sort Key: c
	  ->  Index Scan using sbtest7_pkey on sbtest7  (cost=0.43..368.55 rows=93 width=121)
	        Index Cond: ((id >= 5893533) AND (id <= 5893632))

table 8 : explain SELECT c FROM sbtest8 WHERE id BETWEEN 833654 AND 833753 ORDER BY c
	Sort  (cost=403.46..403.71 rows=101 width=121)
	  Sort Key: c
	  ->  Index Scan using sbtest8_pkey on sbtest8  (cost=0.43..400.09 rows=101 width=121)
	        Index Cond: ((id >= 833654) AND (id <= 833753))

for point_selects
table 1 : explain SELECT c FROM sbtest1 WHERE id=2176236
	Index Scan using sbtest1_pkey on sbtest1  (cost=0.43..8.45 rows=1 width=121)
	  Index Cond: (id = 2176236)

table 2 : explain SELECT c FROM sbtest2 WHERE id=2774331
	Index Scan using sbtest2_pkey on sbtest2  (cost=0.43..8.45 rows=1 width=121)
	  Index Cond: (id = 2774331)

table 3 : explain SELECT c FROM sbtest3 WHERE id=120892
	Index Scan using sbtest3_pkey on sbtest3  (cost=0.43..8.45 rows=1 width=121)
	  Index Cond: (id = 120892)

table 4 : explain SELECT c FROM sbtest4 WHERE id=8688409
	Index Scan using sbtest4_pkey on sbtest4  (cost=0.43..8.45 rows=1 width=121)
	  Index Cond: (id = 8688409)

table 5 : explain SELECT c FROM sbtest5 WHERE id=4690017
	Index Scan using sbtest5_pkey on sbtest5  (cost=0.43..8.45 rows=1 width=121)
	  Index Cond: (id = 4690017)

table 6 : explain SELECT c FROM sbtest6 WHERE id=9490715
	Index Scan using sbtest6_pkey on sbtest6  (cost=0.43..8.45 rows=1 width=121)
	  Index Cond: (id = 9490715)

table 7 : explain SELECT c FROM sbtest7 WHERE id=7960945
	Index Scan using sbtest7_pkey on sbtest7  (cost=0.43..8.45 rows=1 width=121)
	  Index Cond: (id = 7960945)

table 8 : explain SELECT c FROM sbtest8 WHERE id=6651956
	Index Scan using sbtest8_pkey on sbtest8  (cost=0.43..8.45 rows=1 width=121)
	  Index Cond: (id = 6651956)

for: distinct_ranges
table 1 : explain SELECT DISTINCT c FROM sbtest1 WHERE id BETWEEN 9560358 AND 9560457 ORDER BY c
	Unique  (cost=420.09..420.62 rows=105 width=121)
	  ->  Sort  (cost=420.09..420.36 rows=105 width=121)
	        Sort Key: c
	        ->  Index Scan using sbtest1_pkey on sbtest1  (cost=0.43..416.57 rows=105 width=121)
	              Index Cond: ((id >= 9560358) AND (id <= 9560457))

table 2 : explain SELECT DISTINCT c FROM sbtest2 WHERE id BETWEEN 343556 AND 343655 ORDER BY c
	Unique  (cost=399.19..399.69 rows=100 width=121)
	  ->  Sort  (cost=399.19..399.44 rows=100 width=121)
	        Sort Key: c
	        ->  Index Scan using sbtest2_pkey on sbtest2  (cost=0.43..395.87 rows=100 width=121)
	              Index Cond: ((id >= 343556) AND (id <= 343655))

table 3 : explain SELECT DISTINCT c FROM sbtest3 WHERE id BETWEEN 7224637 AND 7224736 ORDER BY c
	Unique  (cost=392.50..392.99 rows=98 width=121)
	  ->  Sort  (cost=392.50..392.75 rows=98 width=121)
	        Sort Key: c
	        ->  Index Scan using sbtest3_pkey on sbtest3  (cost=0.43..389.26 rows=98 width=121)
	              Index Cond: ((id >= 7224637) AND (id <= 7224736))

table 4 : explain SELECT DISTINCT c FROM sbtest4 WHERE id BETWEEN 6159766 AND 6159865 ORDER BY c
	Unique  (cost=426.37..426.90 rows=107 width=121)
	  ->  Sort  (cost=426.37..426.64 rows=107 width=121)
	        Sort Key: c
	        ->  Index Scan using sbtest4_pkey on sbtest4  (cost=0.43..422.76 rows=107 width=121)
	              Index Cond: ((id >= 6159766) AND (id <= 6159865))

table 5 : explain SELECT DISTINCT c FROM sbtest5 WHERE id BETWEEN 4191807 AND 4191906 ORDER BY c
	Unique  (cost=407.24..407.75 rows=102 width=121)
	  ->  Sort  (cost=407.24..407.50 rows=102 width=121)
	        Sort Key: c
	        ->  Index Scan using sbtest5_pkey on sbtest5  (cost=0.43..403.84 rows=102 width=121)
	              Index Cond: ((id >= 4191807) AND (id <= 4191906))

table 6 : explain SELECT DISTINCT c FROM sbtest6 WHERE id BETWEEN 1635807 AND 1635906 ORDER BY c
	Unique  (cost=380.31..380.79 rows=95 width=121)
	  ->  Sort  (cost=380.31..380.55 rows=95 width=121)
	        Sort Key: c
	        ->  Index Scan using sbtest6_pkey on sbtest6  (cost=0.43..377.19 rows=95 width=121)
	              Index Cond: ((id >= 1635807) AND (id <= 1635906))

table 7 : explain SELECT DISTINCT c FROM sbtest7 WHERE id BETWEEN 8572271 AND 8572370 ORDER BY c
	Unique  (cost=375.55..376.02 rows=94 width=121)
	  ->  Sort  (cost=375.55..375.78 rows=94 width=121)
	        Sort Key: c
	        ->  Index Scan using sbtest7_pkey on sbtest7  (cost=0.43..372.47 rows=94 width=121)
	              Index Cond: ((id >= 8572271) AND (id <= 8572370))

table 8 : explain SELECT DISTINCT c FROM sbtest8 WHERE id BETWEEN 3375021 AND 3375120 ORDER BY c
	Unique  (cost=403.46..403.96 rows=101 width=121)
	  ->  Sort  (cost=403.46..403.71 rows=101 width=121)
	        Sort Key: c
	        ->  Index Scan using sbtest8_pkey on sbtest8  (cost=0.43..400.09 rows=101 width=121)
	              Index Cond: ((id >= 3375021) AND (id <= 3375120))

for: order_ranges
table 1 : explain SELECT c FROM sbtest1 WHERE id BETWEEN 5196859 AND 5196958 ORDER BY c
	Sort  (cost=400.27..400.52 rows=100 width=121)
	  Sort Key: c
	  ->  Index Scan using sbtest1_pkey on sbtest1  (cost=0.43..396.95 rows=100 width=121)
	        Index Cond: ((id >= 5196859) AND (id <= 5196958))

table 2 : explain SELECT c FROM sbtest2 WHERE id BETWEEN 4490261 AND 4490360 ORDER BY c
	Sort  (cost=387.31..387.55 rows=97 width=121)
	  Sort Key: c
	  ->  Index Scan using sbtest2_pkey on sbtest2  (cost=0.43..384.11 rows=97 width=121)
	        Index Cond: ((id >= 4490261) AND (id <= 4490360))

table 3 : explain SELECT c FROM sbtest3 WHERE id BETWEEN 1138036 AND 1138135 ORDER BY c
	Sort  (cost=424.25..424.52 rows=106 width=121)
	  Sort Key: c
	  ->  Index Scan using sbtest3_pkey on sbtest3  (cost=0.43..420.69 rows=106 width=121)
	        Index Cond: ((id >= 1138036) AND (id <= 1138135))

table 4 : explain SELECT c FROM sbtest4 WHERE id BETWEEN 3390845 AND 3390944 ORDER BY c
	Sort  (cost=390.83..391.08 rows=98 width=121)
	  Sort Key: c
	  ->  Index Scan using sbtest4_pkey on sbtest4  (cost=0.43..387.59 rows=98 width=121)
	        Index Cond: ((id >= 3390845) AND (id <= 3390944))

table 5 : explain SELECT c FROM sbtest5 WHERE id BETWEEN 6809980 AND 6810079 ORDER BY c
	Sort  (cost=383.52..383.76 rows=96 width=121)
	  Sort Key: c
	  ->  Index Scan using sbtest5_pkey on sbtest5  (cost=0.43..380.36 rows=96 width=121)
	        Index Cond: ((id >= 6809980) AND (id <= 6810079))

table 6 : explain SELECT c FROM sbtest6 WHERE id BETWEEN 2486865 AND 2486964 ORDER BY c
	Sort  (cost=376.35..376.59 rows=94 width=121)
	  Sort Key: c
	  ->  Index Scan using sbtest6_pkey on sbtest6  (cost=0.43..373.27 rows=94 width=121)
	        Index Cond: ((id >= 2486865) AND (id <= 2486964))

table 7 : explain SELECT c FROM sbtest7 WHERE id BETWEEN 7300763 AND 7300862 ORDER BY c
	Sort  (cost=395.34..395.59 rows=99 width=121)
	  Sort Key: c
	  ->  Index Scan using sbtest7_pkey on sbtest7  (cost=0.43..392.06 rows=99 width=121)
	        Index Cond: ((id >= 7300763) AND (id <= 7300862))

table 8 : explain SELECT c FROM sbtest8 WHERE id BETWEEN 3488875 AND 3488974 ORDER BY c
	Sort  (cost=379.69..379.93 rows=95 width=121)
	  Sort Key: c
	  ->  Index Scan using sbtest8_pkey on sbtest8  (cost=0.43..376.57 rows=95 width=121)
	        Index Cond: ((id >= 3488875) AND (id <= 3488974))

for: distinct_ranges
table 1 : explain SELECT DISTINCT c FROM sbtest1 WHERE id BETWEEN 1080777 AND 1080876 ORDER BY c
	Unique  (cost=431.99..432.53 rows=108 width=121)
	  ->  Sort  (cost=431.99..432.26 rows=108 width=121)
	        Sort Key: c
	        ->  Index Scan using sbtest1_pkey on sbtest1  (cost=0.43..428.34 rows=108 width=121)
	              Index Cond: ((id >= 1080777) AND (id <= 1080876))

table 2 : explain SELECT DISTINCT c FROM sbtest2 WHERE id BETWEEN 8490774 AND 8490873 ORDER BY c
	Unique  (cost=379.40..379.88 rows=95 width=121)
	  ->  Sort  (cost=379.40..379.64 rows=95 width=121)
	        Sort Key: c
	        ->  Index Scan using sbtest2_pkey on sbtest2  (cost=0.43..376.28 rows=95 width=121)
	              Index Cond: ((id >= 8490774) AND (id <= 8490873))

table 3 : explain SELECT DISTINCT c FROM sbtest3 WHERE id BETWEEN 16126 AND 16225 ORDER BY c
	Unique  (cost=388.54..389.02 rows=97 width=121)
	  ->  Sort  (cost=388.54..388.78 rows=97 width=121)
	        Sort Key: c
	        ->  Index Scan using sbtest3_pkey on sbtest3  (cost=0.43..385.34 rows=97 width=121)
	              Index Cond: ((id >= 16126) AND (id <= 16225))

table 4 : explain SELECT DISTINCT c FROM sbtest4 WHERE id BETWEEN 7739717 AND 7739816 ORDER BY c
	Unique  (cost=406.63..407.14 rows=102 width=121)
	  ->  Sort  (cost=406.63..406.88 rows=102 width=121)
	        Sort Key: c
	        ->  Index Scan using sbtest4_pkey on sbtest4  (cost=0.43..403.22 rows=102 width=121)
	              Index Cond: ((id >= 7739717) AND (id <= 7739816))

table 5 : explain SELECT DISTINCT c FROM sbtest5 WHERE id BETWEEN 3765394 AND 3765493 ORDER BY c
	Unique  (cost=419.11..419.63 rows=105 width=121)
	  ->  Sort  (cost=419.11..419.37 rows=105 width=121)
	        Sort Key: c
	        ->  Index Scan using sbtest5_pkey on sbtest5  (cost=0.43..415.58 rows=105 width=121)
	              Index Cond: ((id >= 3765394) AND (id <= 3765493))

table 6 : explain SELECT DISTINCT c FROM sbtest6 WHERE id BETWEEN 7828054 AND 7828153 ORDER BY c
	Unique  (cost=388.24..388.72 rows=97 width=121)
	  ->  Sort  (cost=388.24..388.48 rows=97 width=121)
	        Sort Key: c
	        ->  Index Scan using sbtest6_pkey on sbtest6  (cost=0.43..385.04 rows=97 width=121)
	              Index Cond: ((id >= 7828054) AND (id <= 7828153))

table 7 : explain SELECT DISTINCT c FROM sbtest7 WHERE id BETWEEN 2397719 AND 2397818 ORDER BY c
	Unique  (cost=391.39..391.88 rows=98 width=121)
	  ->  Sort  (cost=391.39..391.63 rows=98 width=121)
	        Sort Key: c
	        ->  Index Scan using sbtest7_pkey on sbtest7  (cost=0.43..388.15 rows=98 width=121)
	              Index Cond: ((id >= 2397719) AND (id <= 2397818))

table 8 : explain SELECT DISTINCT c FROM sbtest8 WHERE id BETWEEN 6247881 AND 6247980 ORDER BY c
	Unique  (cost=387.63..388.12 rows=97 width=121)
	  ->  Sort  (cost=387.63..387.87 rows=97 width=121)
	        Sort Key: c
	        ->  Index Scan using sbtest8_pkey on sbtest8  (cost=0.43..384.43 rows=97 width=121)
	              Index Cond: ((id >= 6247881) AND (id <= 6247980))

explain: for point_selects :: explain SELECT c FROM sbtest%u WHERE id=%u
for: order_ranges
table 1 : explain SELECT c FROM sbtest1 WHERE id BETWEEN 1594569 AND 1594668 ORDER BY c
	Sort  (cost=392.34..392.59 rows=98 width=121)
	  Sort Key: c
	  ->  Index Scan using sbtest1_pkey on sbtest1  (cost=0.43..389.10 rows=98 width=121)
	        Index Cond: ((id >= 1594569) AND (id <= 1594668))

table 2 : explain SELECT c FROM sbtest2 WHERE id BETWEEN 3940893 AND 3940992 ORDER BY c
	Sort  (cost=395.24..395.49 rows=99 width=121)
	  Sort Key: c
	  ->  Index Scan using sbtest2_pkey on sbtest2  (cost=0.43..391.96 rows=99 width=121)
	        Index Cond: ((id >= 3940893) AND (id <= 3940992))

table 3 : explain SELECT c FROM sbtest3 WHERE id BETWEEN 9783539 AND 9783638 ORDER BY c
	Sort  (cost=380.61..380.84 rows=95 width=121)
	  Sort Key: c
	  ->  Index Scan using sbtest3_pkey on sbtest3  (cost=0.43..377.49 rows=95 width=121)
	        Index Cond: ((id >= 9783539) AND (id <= 9783638))

table 4 : explain SELECT c FROM sbtest4 WHERE id BETWEEN 7638924 AND 7639023 ORDER BY c
	Sort  (cost=414.52..414.78 rows=104 width=121)
	  Sort Key: c
	  ->  Index Scan using sbtest4_pkey on sbtest4  (cost=0.43..411.04 rows=104 width=121)
	        Index Cond: ((id >= 7638924) AND (id <= 7639023))

table 5 : explain SELECT c FROM sbtest5 WHERE id BETWEEN 4387913 AND 4388012 ORDER BY c
	Sort  (cost=387.47..387.72 rows=97 width=121)
	  Sort Key: c
	  ->  Index Scan using sbtest5_pkey on sbtest5  (cost=0.43..384.27 rows=97 width=121)
	        Index Cond: ((id >= 4387913) AND (id <= 4388012))

table 6 : explain SELECT c FROM sbtest6 WHERE id BETWEEN 8644680 AND 8644779 ORDER BY c
	Sort  (cost=423.93..424.19 rows=106 width=121)
	  Sort Key: c
	  ->  Index Scan using sbtest6_pkey on sbtest6  (cost=0.43..420.36 rows=106 width=121)
	        Index Cond: ((id >= 8644680) AND (id <= 8644779))

table 7 : explain SELECT c FROM sbtest7 WHERE id BETWEEN 9429017 AND 9429116 ORDER BY c
	Sort  (cost=399.30..399.55 rows=100 width=121)
	  Sort Key: c
	  ->  Index Scan using sbtest7_pkey on sbtest7  (cost=0.43..395.98 rows=100 width=121)
	        Index Cond: ((id >= 9429017) AND (id <= 9429116))

table 8 : explain SELECT c FROM sbtest8 WHERE id BETWEEN 9539958 AND 9540057 ORDER BY c
	Sort  (cost=383.65..383.89 rows=96 width=121)
	  Sort Key: c
	  ->  Index Scan using sbtest8_pkey on sbtest8  (cost=0.43..380.49 rows=96 width=121)
	        Index Cond: ((id >= 9539958) AND (id <= 9540057))

for: order_ranges
table 1 : explain SELECT c FROM sbtest1 WHERE id BETWEEN 3448406 AND 3448505 ORDER BY c
	Sort  (cost=431.99..432.26 rows=108 width=121)
	  Sort Key: c
	  ->  Index Scan using sbtest1_pkey on sbtest1  (cost=0.43..428.34 rows=108 width=121)
	        Index Cond: ((id >= 3448406) AND (id <= 3448505))

table 2 : explain SELECT c FROM sbtest2 WHERE id BETWEEN 9620805 AND 9620904 ORDER BY c
	Sort  (cost=387.31..387.55 rows=97 width=121)
	  Sort Key: c
	  ->  Index Scan using sbtest2_pkey on sbtest2  (cost=0.43..384.11 rows=97 width=121)
	        Index Cond: ((id >= 9620805) AND (id <= 9620904))

table 3 : explain SELECT c FROM sbtest3 WHERE id BETWEEN 5821272 AND 5821371 ORDER BY c
	Sort  (cost=372.68..372.91 rows=93 width=121)
	  Sort Key: c
	  ->  Index Scan using sbtest3_pkey on sbtest3  (cost=0.43..369.64 rows=93 width=121)
	        Index Cond: ((id >= 5821272) AND (id <= 5821371))

table 4 : explain SELECT c FROM sbtest4 WHERE id BETWEEN 9916812 AND 9916911 ORDER BY c
	Sort  (cost=394.78..395.03 rows=99 width=121)
	  Sort Key: c
	  ->  Index Scan using sbtest4_pkey on sbtest4  (cost=0.43..391.50 rows=99 width=121)
	        Index Cond: ((id >= 9916812) AND (id <= 9916911))

table 5 : explain SELECT c FROM sbtest5 WHERE id BETWEEN 3273092 AND 3273191 ORDER BY c
	Sort  (cost=399.34..399.59 rows=100 width=121)
	  Sort Key: c
	  ->  Index Scan using sbtest5_pkey on sbtest5  (cost=0.43..396.01 rows=100 width=121)
	        Index Cond: ((id >= 3273092) AND (id <= 3273191))

table 6 : explain SELECT c FROM sbtest6 WHERE id BETWEEN 8461478 AND 8461577 ORDER BY c
	Sort  (cost=419.96..420.23 rows=105 width=121)
	  Sort Key: c
	  ->  Index Scan using sbtest6_pkey on sbtest6  (cost=0.43..416.44 rows=105 width=121)
	        Index Cond: ((id >= 8461478) AND (id <= 8461577))

table 7 : explain SELECT c FROM sbtest7 WHERE id BETWEEN 6786126 AND 6786225 ORDER BY c
	Sort  (cost=375.55..375.78 rows=94 width=121)
	  Sort Key: c
	  ->  Index Scan using sbtest7_pkey on sbtest7  (cost=0.43..372.47 rows=94 width=121)
	        Index Cond: ((id >= 6786126) AND (id <= 6786225))

table 8 : explain SELECT c FROM sbtest8 WHERE id BETWEEN 6433646 AND 6433745 ORDER BY c
	Sort  (cost=411.37..411.62 rows=103 width=121)
	  Sort Key: c
	  ->  Index Scan using sbtest8_pkey on sbtest8  (cost=0.43..407.92 rows=103 width=121)
	        Index Cond: ((id >= 6433646) AND (id <= 6433745))

explain: for point_selects :: explain SELECT c FROM sbtest%u WHERE id=%u
for: distinct_ranges
table 1 : explain SELECT DISTINCT c FROM sbtest1 WHERE id BETWEEN 9739056 AND 9739155 ORDER BY c
	Unique  (cost=431.99..432.53 rows=108 width=121)
	  ->  Sort  (cost=431.99..432.26 rows=108 width=121)
	        Sort Key: c
	        ->  Index Scan using sbtest1_pkey on sbtest1  (cost=0.43..428.34 rows=108 width=121)
	              Index Cond: ((id >= 9739056) AND (id <= 9739155))

table 2 : explain SELECT DISTINCT c FROM sbtest2 WHERE id BETWEEN 8741399 AND 8741498 ORDER BY c
	Unique  (cost=442.68..443.23 rows=111 width=121)
	  ->  Sort  (cost=442.68..442.96 rows=111 width=121)
	        Sort Key: c
	        ->  Index Scan using sbtest2_pkey on sbtest2  (cost=0.43..438.91 rows=111 width=121)
	              Index Cond: ((id >= 8741399) AND (id <= 8741498))

table 3 : explain SELECT DISTINCT c FROM sbtest3 WHERE id BETWEEN 437491 AND 437590 ORDER BY c
	Unique  (cost=388.54..389.02 rows=97 width=121)
	  ->  Sort  (cost=388.54..388.78 rows=97 width=121)
	        Sort Key: c
	        ->  Index Scan using sbtest3_pkey on sbtest3  (cost=0.43..385.34 rows=97 width=121)
	              Index Cond: ((id >= 437491) AND (id <= 437590))

table 4 : explain SELECT DISTINCT c FROM sbtest4 WHERE id BETWEEN 592279 AND 592378 ORDER BY c
	Unique  (cost=410.57..411.09 rows=103 width=121)
	  ->  Sort  (cost=410.57..410.83 rows=103 width=121)
	        Sort Key: c
	        ->  Index Scan using sbtest4_pkey on sbtest4  (cost=0.43..407.13 rows=103 width=121)
	              Index Cond: ((id >= 592279) AND (id <= 592378))

table 5 : explain SELECT DISTINCT c FROM sbtest5 WHERE id BETWEEN 5101268 AND 5101367 ORDER BY c
	Unique  (cost=399.34..399.84 rows=100 width=121)
	  ->  Sort  (cost=399.34..399.59 rows=100 width=121)
	        Sort Key: c
	        ->  Index Scan using sbtest5_pkey on sbtest5  (cost=0.43..396.01 rows=100 width=121)
	              Index Cond: ((id >= 5101268) AND (id <= 5101367))

table 6 : explain SELECT DISTINCT c FROM sbtest6 WHERE id BETWEEN 9197335 AND 9197434 ORDER BY c
	Unique  (cost=419.96..420.49 rows=105 width=121)
	  ->  Sort  (cost=419.96..420.23 rows=105 width=121)
	        Sort Key: c
	        ->  Index Scan using sbtest6_pkey on sbtest6  (cost=0.43..416.44 rows=105 width=121)
	              Index Cond: ((id >= 9197335) AND (id <= 9197434))

table 7 : explain SELECT DISTINCT c FROM sbtest7 WHERE id BETWEEN 2108148 AND 2108247 ORDER BY c
	Unique  (cost=367.64..368.10 rows=92 width=121)
	  ->  Sort  (cost=367.64..367.87 rows=92 width=121)
	        Sort Key: c
	        ->  Index Scan using sbtest7_pkey on sbtest7  (cost=0.43..364.64 rows=92 width=121)
	              Index Cond: ((id >= 2108148) AND (id <= 2108247))

table 8 : explain SELECT DISTINCT c FROM sbtest8 WHERE id BETWEEN 7892368 AND 7892467 ORDER BY c
	Unique  (cost=399.50..400.00 rows=100 width=121)
	  ->  Sort  (cost=399.50..399.75 rows=100 width=121)
	        Sort Key: c
	        ->  Index Scan using sbtest8_pkey on sbtest8  (cost=0.43..396.18 rows=100 width=121)
	              Index Cond: ((id >= 7892368) AND (id <= 7892467))

for: simple_ranges
table 1 : explain SELECT c FROM sbtest1 WHERE id BETWEEN 1697449 AND 1697548
	Index Scan using sbtest1_pkey on sbtest1  (cost=0.43..357.69 rows=90 width=121)
	  Index Cond: ((id >= 1697449) AND (id <= 1697548))

table 2 : explain SELECT c FROM sbtest2 WHERE id BETWEEN 1476343 AND 1476442
	Index Scan using sbtest2_pkey on sbtest2  (cost=0.43..446.73 rows=113 width=121)
	  Index Cond: ((id >= 1476343) AND (id <= 1476442))

table 3 : explain SELECT c FROM sbtest3 WHERE id BETWEEN 6286629 AND 6286728
	Index Scan using sbtest3_pkey on sbtest3  (cost=0.43..432.47 rows=109 width=121)
	  Index Cond: ((id >= 6286629) AND (id <= 6286728))

table 4 : explain SELECT c FROM sbtest4 WHERE id BETWEEN 2808256 AND 2808355
	Index Scan using sbtest4_pkey on sbtest4  (cost=0.43..414.95 rows=105 width=121)
	  Index Cond: ((id >= 2808256) AND (id <= 2808355))

table 5 : explain SELECT c FROM sbtest5 WHERE id BETWEEN 5993425 AND 5993524
	Index Scan using sbtest5_pkey on sbtest5  (cost=0.43..419.50 rows=106 width=121)
	  Index Cond: ((id >= 5993425) AND (id <= 5993524))

table 6 : explain SELECT c FROM sbtest6 WHERE id BETWEEN 8315382 AND 8315481
	Index Scan using sbtest6_pkey on sbtest6  (cost=0.43..400.75 rows=101 width=121)
	  Index Cond: ((id >= 8315382) AND (id <= 8315481))

table 7 : explain SELECT c FROM sbtest7 WHERE id BETWEEN 1354950 AND 1355049
	Index Scan using sbtest7_pkey on sbtest7  (cost=0.43..395.98 rows=100 width=121)
	  Index Cond: ((id >= 1354950) AND (id <= 1355049))

table 8 : explain SELECT c FROM sbtest8 WHERE id BETWEEN 3384283 AND 3384382
	Index Scan using sbtest8_pkey on sbtest8  (cost=0.43..400.09 rows=101 width=121)
	  Index Cond: ((id >= 3384283) AND (id <= 3384382))

explain: for point_selects :: explain SELECT c FROM sbtest%u WHERE id=%u
for: distinct_ranges
table 1 : explain SELECT DISTINCT c FROM sbtest1 WHERE id BETWEEN 8501612 AND 8501711 ORDER BY c
	Unique  (cost=368.54..369.00 rows=92 width=121)
	  ->  Sort  (cost=368.54..368.77 rows=92 width=121)
	        Sort Key: c
	        ->  Index Scan using sbtest1_pkey on sbtest1  (cost=0.43..365.54 rows=92 width=121)
	              Index Cond: ((id >= 8501612) AND (id <= 8501711))

table 2 : explain SELECT DISTINCT c FROM sbtest2 WHERE id BETWEEN 3738775 AND 3738874 ORDER BY c
	Unique  (cost=355.69..356.13 rows=89 width=121)
	  ->  Sort  (cost=355.69..355.91 rows=89 width=121)
	        Sort Key: c
	        ->  Index Scan using sbtest2_pkey on sbtest2  (cost=0.43..352.81 rows=89 width=121)
	              Index Cond: ((id >= 3738775) AND (id <= 3738874))

table 3 : explain SELECT DISTINCT c FROM sbtest3 WHERE id BETWEEN 6093072 AND 6093171 ORDER BY c
	Unique  (cost=400.46..400.96 rows=100 width=121)
	  ->  Sort  (cost=400.46..400.71 rows=100 width=121)
	        Sort Key: c
	        ->  Index Scan using sbtest3_pkey on sbtest3  (cost=0.43..397.14 rows=100 width=121)
	              Index Cond: ((id >= 6093072) AND (id <= 6093171))

table 4 : explain SELECT DISTINCT c FROM sbtest4 WHERE id BETWEEN 778908 AND 779007 ORDER BY c
	Unique  (cost=390.83..391.32 rows=98 width=121)
	  ->  Sort  (cost=390.83..391.08 rows=98 width=121)
	        Sort Key: c
	        ->  Index Scan using sbtest4_pkey on sbtest4  (cost=0.43..387.59 rows=98 width=121)
	              Index Cond: ((id >= 778908) AND (id <= 779007))

table 5 : explain SELECT DISTINCT c FROM sbtest5 WHERE id BETWEEN 8337228 AND 8337327 ORDER BY c
	Unique  (cost=399.34..399.84 rows=100 width=121)
	  ->  Sort  (cost=399.34..399.59 rows=100 width=121)
	        Sort Key: c
	        ->  Index Scan using sbtest5_pkey on sbtest5  (cost=0.43..396.01 rows=100 width=121)
	              Index Cond: ((id >= 8337228) AND (id <= 8337327))

table 6 : explain SELECT DISTINCT c FROM sbtest6 WHERE id BETWEEN 7851777 AND 7851876 ORDER BY c
	Unique  (cost=388.24..388.72 rows=97 width=121)
	  ->  Sort  (cost=388.24..388.48 rows=97 width=121)
	        Sort Key: c
	        ->  Index Scan using sbtest6_pkey on sbtest6  (cost=0.43..385.04 rows=97 width=121)
	              Index Cond: ((id >= 7851777) AND (id <= 7851876))

table 7 : explain SELECT DISTINCT c FROM sbtest7 WHERE id BETWEEN 9564969 AND 9565068 ORDER BY c
	Unique  (cost=399.30..399.80 rows=100 width=121)
	  ->  Sort  (cost=399.30..399.55 rows=100 width=121)
	        Sort Key: c
	        ->  Index Scan using sbtest7_pkey on sbtest7  (cost=0.43..395.98 rows=100 width=121)
	              Index Cond: ((id >= 9564969) AND (id <= 9565068))

table 8 : explain SELECT DISTINCT c FROM sbtest8 WHERE id BETWEEN 3529939 AND 3530038 ORDER BY c
	Unique  (cost=383.65..384.13 rows=96 width=121)
	  ->  Sort  (cost=383.65..383.89 rows=96 width=121)
	        Sort Key: c
	        ->  Index Scan using sbtest8_pkey on sbtest8  (cost=0.43..380.49 rows=96 width=121)
	              Index Cond: ((id >= 3529939) AND (id <= 3530038))

for: distinct_ranges
table 1 : explain SELECT DISTINCT c FROM sbtest1 WHERE id BETWEEN 7344575 AND 7344674 ORDER BY c
	Unique  (cost=408.20..408.71 rows=102 width=121)
	  ->  Sort  (cost=408.20..408.46 rows=102 width=121)
	        Sort Key: c
	        ->  Index Scan using sbtest1_pkey on sbtest1  (cost=0.43..404.80 rows=102 width=121)
	              Index Cond: ((id >= 7344575) AND (id <= 7344674))

table 2 : explain SELECT DISTINCT c FROM sbtest2 WHERE id BETWEEN 9630130 AND 9630229 ORDER BY c
	Unique  (cost=387.31..387.79 rows=97 width=121)
	  ->  Sort  (cost=387.31..387.55 rows=97 width=121)
	        Sort Key: c
	        ->  Index Scan using sbtest2_pkey on sbtest2  (cost=0.43..384.11 rows=97 width=121)
	              Index Cond: ((id >= 9630130) AND (id <= 9630229))

table 3 : explain SELECT DISTINCT c FROM sbtest3 WHERE id BETWEEN 8067099 AND 8067198 ORDER BY c
	Unique  (cost=400.46..400.96 rows=100 width=121)
	  ->  Sort  (cost=400.46..400.71 rows=100 width=121)
	        Sort Key: c
	        ->  Index Scan using sbtest3_pkey on sbtest3  (cost=0.43..397.14 rows=100 width=121)
	              Index Cond: ((id >= 8067099) AND (id <= 8067198))

table 4 : explain SELECT DISTINCT c FROM sbtest4 WHERE id BETWEEN 9322423 AND 9322522 ORDER BY c
	Unique  (cost=426.37..426.90 rows=107 width=121)
	  ->  Sort  (cost=426.37..426.64 rows=107 width=121)
	        Sort Key: c
	        ->  Index Scan using sbtest4_pkey on sbtest4  (cost=0.43..422.76 rows=107 width=121)
	              Index Cond: ((id >= 9322423) AND (id <= 9322522))

table 5 : explain SELECT DISTINCT c FROM sbtest5 WHERE id BETWEEN 1959146 AND 1959245 ORDER BY c
	Unique  (cost=407.24..407.75 rows=102 width=121)
	  ->  Sort  (cost=407.24..407.50 rows=102 width=121)
	        Sort Key: c
	        ->  Index Scan using sbtest5_pkey on sbtest5  (cost=0.43..403.84 rows=102 width=121)
	              Index Cond: ((id >= 1959146) AND (id <= 1959245))

table 6 : explain SELECT DISTINCT c FROM sbtest6 WHERE id BETWEEN 2696709 AND 2696808 ORDER BY c
	Unique  (cost=380.31..380.79 rows=95 width=121)
	  ->  Sort  (cost=380.31..380.55 rows=95 width=121)
	        Sort Key: c
	        ->  Index Scan using sbtest6_pkey on sbtest6  (cost=0.43..377.19 rows=95 width=121)
	              Index Cond: ((id >= 2696709) AND (id <= 2696808))

table 7 : explain SELECT DISTINCT c FROM sbtest7 WHERE id BETWEEN 3590105 AND 3590204 ORDER BY c
	Unique  (cost=419.07..419.59 rows=105 width=121)
	  ->  Sort  (cost=419.07..419.33 rows=105 width=121)
	        Sort Key: c
	        ->  Index Scan using sbtest7_pkey on sbtest7  (cost=0.43..415.54 rows=105 width=121)
	              Index Cond: ((id >= 3590105) AND (id <= 3590204))

table 8 : explain SELECT DISTINCT c FROM sbtest8 WHERE id BETWEEN 7112475 AND 7112574 ORDER BY c
	Unique  (cost=395.54..396.04 rows=99 width=121)
	  ->  Sort  (cost=395.54..395.79 rows=99 width=121)
	        Sort Key: c
	        ->  Index Scan using sbtest8_pkey on sbtest8  (cost=0.43..392.26 rows=99 width=121)
	              Index Cond: ((id >= 7112475) AND (id <= 7112574))

for: distinct_ranges
table 1 : explain SELECT DISTINCT c FROM sbtest1 WHERE id BETWEEN 1041271 AND 1041370 ORDER BY c
	Unique  (cost=431.99..432.53 rows=108 width=121)
	  ->  Sort  (cost=431.99..432.26 rows=108 width=121)
	        Sort Key: c
	        ->  Index Scan using sbtest1_pkey on sbtest1  (cost=0.43..428.34 rows=108 width=121)
	              Index Cond: ((id >= 1041271) AND (id <= 1041370))

table 2 : explain SELECT DISTINCT c FROM sbtest2 WHERE id BETWEEN 5370654 AND 5370753 ORDER BY c
	Unique  (cost=407.10..407.61 rows=102 width=121)
	  ->  Sort  (cost=407.10..407.35 rows=102 width=121)
	        Sort Key: c
	        ->  Index Scan using sbtest2_pkey on sbtest2  (cost=0.43..403.70 rows=102 width=121)
	              Index Cond: ((id >= 5370654) AND (id <= 5370753))

table 3 : explain SELECT DISTINCT c FROM sbtest3 WHERE id BETWEEN 6934191 AND 6934290 ORDER BY c
	Unique  (cost=396.47..396.96 rows=99 width=121)
	  ->  Sort  (cost=396.47..396.72 rows=99 width=121)
	        Sort Key: c
	        ->  Index Scan using sbtest3_pkey on sbtest3  (cost=0.43..393.19 rows=99 width=121)
	              Index Cond: ((id >= 6934191) AND (id <= 6934290))

table 4 : explain SELECT DISTINCT c FROM sbtest4 WHERE id BETWEEN 1769022 AND 1769121 ORDER BY c
	Unique  (cost=422.42..422.95 rows=106 width=121)
	  ->  Sort  (cost=422.42..422.68 rows=106 width=121)
	        Sort Key: c
	        ->  Index Scan using sbtest4_pkey on sbtest4  (cost=0.43..418.85 rows=106 width=121)
	              Index Cond: ((id >= 1769022) AND (id <= 1769121))

table 5 : explain SELECT DISTINCT c FROM sbtest5 WHERE id BETWEEN 6894620 AND 6894719 ORDER BY c
	Unique  (cost=387.47..387.96 rows=97 width=121)
	  ->  Sort  (cost=387.47..387.72 rows=97 width=121)
	        Sort Key: c
	        ->  Index Scan using sbtest5_pkey on sbtest5  (cost=0.43..384.27 rows=97 width=121)
	              Index Cond: ((id >= 6894620) AND (id <= 6894719))

table 6 : explain SELECT DISTINCT c FROM sbtest6 WHERE id BETWEEN 2468919 AND 2469018 ORDER BY c
	Unique  (cost=376.35..376.82 rows=94 width=121)
	  ->  Sort  (cost=376.35..376.59 rows=94 width=121)
	        Sort Key: c
	        ->  Index Scan using sbtest6_pkey on sbtest6  (cost=0.43..373.27 rows=94 width=121)
	              Index Cond: ((id >= 2468919) AND (id <= 2469018))

table 7 : explain SELECT DISTINCT c FROM sbtest7 WHERE id BETWEEN 1583265 AND 1583364 ORDER BY c
	Unique  (cost=395.34..395.84 rows=99 width=121)
	  ->  Sort  (cost=395.34..395.59 rows=99 width=121)
	        Sort Key: c
	        ->  Index Scan using sbtest7_pkey on sbtest7  (cost=0.43..392.06 rows=99 width=121)
	              Index Cond: ((id >= 1583265) AND (id <= 1583364))

table 8 : explain SELECT DISTINCT c FROM sbtest8 WHERE id BETWEEN 7459573 AND 7459672 ORDER BY c
	Unique  (cost=387.63..388.12 rows=97 width=121)
	  ->  Sort  (cost=387.63..387.87 rows=97 width=121)
	        Sort Key: c
	        ->  Index Scan using sbtest8_pkey on sbtest8  (cost=0.43..384.43 rows=97 width=121)
	              Index Cond: ((id >= 7459573) AND (id <= 7459672))

for: sum_ranges
table 1 : explain SELECT SUM(k) FROM sbtest1 WHERE id BETWEEN 243695 AND 243794
	Aggregate  (cost=393.27..393.28 rows=1 width=8)
	  ->  Index Scan using sbtest1_pkey on sbtest1  (cost=0.43..393.03 rows=99 width=4)
	        Index Cond: ((id >= 243695) AND (id <= 243794))

table 2 : explain SELECT SUM(k) FROM sbtest2 WHERE id BETWEEN 7035683 AND 7035782
	Aggregate  (cost=400.04..400.05 rows=1 width=8)
	  ->  Index Scan using sbtest2_pkey on sbtest2  (cost=0.43..399.78 rows=101 width=4)
	        Index Cond: ((id >= 7035683) AND (id <= 7035782))

table 3 : explain SELECT SUM(k) FROM sbtest3 WHERE id BETWEEN 2337540 AND 2337639
	Aggregate  (cost=393.44..393.45 rows=1 width=8)
	  ->  Index Scan using sbtest3_pkey on sbtest3  (cost=0.43..393.19 rows=99 width=4)
	        Index Cond: ((id >= 2337540) AND (id <= 2337639))

table 4 : explain SELECT SUM(k) FROM sbtest4 WHERE id BETWEEN 6559495 AND 6559594
	Aggregate  (cost=407.39..407.40 rows=1 width=8)
	  ->  Index Scan using sbtest4_pkey on sbtest4  (cost=0.43..407.13 rows=103 width=4)
	        Index Cond: ((id >= 6559495) AND (id <= 6559594))

table 5 : explain SELECT SUM(k) FROM sbtest5 WHERE id BETWEEN 9293630 AND 9293729
	Aggregate  (cost=392.35..392.36 rows=1 width=8)
	  ->  Index Scan using sbtest5_pkey on sbtest5  (cost=0.43..392.10 rows=99 width=4)
	        Index Cond: ((id >= 9293630) AND (id <= 9293729))

table 6 : explain SELECT SUM(k) FROM sbtest6 WHERE id BETWEEN 680918 AND 681017
	Aggregate  (cost=389.23..389.24 rows=1 width=8)
	  ->  Index Scan using sbtest6_pkey on sbtest6  (cost=0.43..388.98 rows=98 width=4)
	        Index Cond: ((id >= 680918) AND (id <= 681017))

table 7 : explain SELECT SUM(k) FROM sbtest7 WHERE id BETWEEN 4966370 AND 4966469
	Aggregate  (cost=380.53..380.54 rows=1 width=8)
	  ->  Index Scan using sbtest7_pkey on sbtest7  (cost=0.43..380.29 rows=96 width=4)
	        Index Cond: ((id >= 4966370) AND (id <= 4966469))

table 8 : explain SELECT SUM(k) FROM sbtest8 WHERE id BETWEEN 7999867 AND 7999966
	Aggregate  (cost=451.28..451.29 rows=1 width=8)
	  ->  Index Scan using sbtest8_pkey on sbtest8  (cost=0.43..451.00 rows=114 width=4)
	        Index Cond: ((id >= 7999867) AND (id <= 7999966))

for: distinct_ranges
table 1 : explain SELECT DISTINCT c FROM sbtest1 WHERE id BETWEEN 5757762 AND 5757861 ORDER BY c
	Unique  (cost=404.24..404.74 rows=101 width=121)
	  ->  Sort  (cost=404.24..404.49 rows=101 width=121)
	        Sort Key: c
	        ->  Index Scan using sbtest1_pkey on sbtest1  (cost=0.43..400.87 rows=101 width=121)
	              Index Cond: ((id >= 5757762) AND (id <= 5757861))

table 2 : explain SELECT DISTINCT c FROM sbtest2 WHERE id BETWEEN 6226940 AND 6227039 ORDER BY c
	Unique  (cost=383.35..383.83 rows=96 width=121)
	  ->  Sort  (cost=383.35..383.59 rows=96 width=121)
	        Sort Key: c
	        ->  Index Scan using sbtest2_pkey on sbtest2  (cost=0.43..380.19 rows=96 width=121)
	              Index Cond: ((id >= 6226940) AND (id <= 6227039))

table 3 : explain SELECT DISTINCT c FROM sbtest3 WHERE id BETWEEN 3571135 AND 3571234 ORDER BY c
	Unique  (cost=368.71..369.17 rows=92 width=121)
	  ->  Sort  (cost=368.71..368.94 rows=92 width=121)
	        Sort Key: c
	        ->  Index Scan using sbtest3_pkey on sbtest3  (cost=0.43..365.71 rows=92 width=121)
	              Index Cond: ((id >= 3571135) AND (id <= 3571234))

table 4 : explain SELECT DISTINCT c FROM sbtest4 WHERE id BETWEEN 1144616 AND 1144715 ORDER BY c
	Unique  (cost=410.57..411.09 rows=103 width=121)
	  ->  Sort  (cost=410.57..410.83 rows=103 width=121)
	        Sort Key: c
	        ->  Index Scan using sbtest4_pkey on sbtest4  (cost=0.43..407.13 rows=103 width=121)
	              Index Cond: ((id >= 1144616) AND (id <= 1144715))

table 5 : explain SELECT DISTINCT c FROM sbtest5 WHERE id BETWEEN 542298 AND 542397 ORDER BY c
	Unique  (cost=411.20..411.71 rows=103 width=121)
	  ->  Sort  (cost=411.20..411.46 rows=103 width=121)
	        Sort Key: c
	        ->  Index Scan using sbtest5_pkey on sbtest5  (cost=0.43..407.76 rows=103 width=121)
	              Index Cond: ((id >= 542298) AND (id <= 542397))

table 6 : explain SELECT DISTINCT c FROM sbtest6 WHERE id BETWEEN 5496660 AND 5496759 ORDER BY c
	Unique  (cost=400.15..400.65 rows=100 width=121)
	  ->  Sort  (cost=400.15..400.40 rows=100 width=121)
	        Sort Key: c
	        ->  Index Scan using sbtest6_pkey on sbtest6  (cost=0.43..396.83 rows=100 width=121)
	              Index Cond: ((id >= 5496660) AND (id <= 5496759))

table 7 : explain SELECT DISTINCT c FROM sbtest7 WHERE id BETWEEN 4349708 AND 4349807 ORDER BY c
	Unique  (cost=407.21..407.72 rows=102 width=121)
	  ->  Sort  (cost=407.21..407.46 rows=102 width=121)
	        Sort Key: c
	        ->  Index Scan using sbtest7_pkey on sbtest7  (cost=0.43..403.80 rows=102 width=121)
	              Index Cond: ((id >= 4349708) AND (id <= 4349807))

table 8 : explain SELECT DISTINCT c FROM sbtest8 WHERE id BETWEEN 758188 AND 758287 ORDER BY c
	Unique  (cost=395.54..396.04 rows=99 width=121)
	  ->  Sort  (cost=395.54..395.79 rows=99 width=121)
	        Sort Key: c
	        ->  Index Scan using sbtest8_pkey on sbtest8  (cost=0.43..392.26 rows=99 width=121)
	              Index Cond: ((id >= 758188) AND (id <= 758287))

for point_selects
table 1 : explain SELECT c FROM sbtest1 WHERE id=3557090
	Index Scan using sbtest1_pkey on sbtest1  (cost=0.43..8.45 rows=1 width=121)
	  Index Cond: (id = 3557090)

table 2 : explain SELECT c FROM sbtest2 WHERE id=9271146
	Index Scan using sbtest2_pkey on sbtest2  (cost=0.43..8.45 rows=1 width=121)
	  Index Cond: (id = 9271146)

table 3 : explain SELECT c FROM sbtest3 WHERE id=1595757
	Index Scan using sbtest3_pkey on sbtest3  (cost=0.43..8.45 rows=1 width=121)
	  Index Cond: (id = 1595757)

table 4 : explain SELECT c FROM sbtest4 WHERE id=9973198
	Index Scan using sbtest4_pkey on sbtest4  (cost=0.43..8.45 rows=1 width=121)
	  Index Cond: (id = 9973198)

table 5 : explain SELECT c FROM sbtest5 WHERE id=9685039
	Index Scan using sbtest5_pkey on sbtest5  (cost=0.43..8.45 rows=1 width=121)
	  Index Cond: (id = 9685039)

table 6 : explain SELECT c FROM sbtest6 WHERE id=4217540
	Index Scan using sbtest6_pkey on sbtest6  (cost=0.43..8.45 rows=1 width=121)
	  Index Cond: (id = 4217540)

table 7 : explain SELECT c FROM sbtest7 WHERE id=2831213
	Index Scan using sbtest7_pkey on sbtest7  (cost=0.43..8.45 rows=1 width=121)
	  Index Cond: (id = 2831213)

table 8 : explain SELECT c FROM sbtest8 WHERE id=6347544
	Index Scan using sbtest8_pkey on sbtest8  (cost=0.43..8.45 rows=1 width=121)
	  Index Cond: (id = 6347544)

explain: for point_selects :: explain SELECT c FROM sbtest%u WHERE id=%u
for: distinct_ranges
table 1 : explain SELECT DISTINCT c FROM sbtest1 WHERE id BETWEEN 610143 AND 610242 ORDER BY c
	Unique  (cost=388.38..388.87 rows=97 width=121)
	  ->  Sort  (cost=388.38..388.62 rows=97 width=121)
	        Sort Key: c
	        ->  Index Scan using sbtest1_pkey on sbtest1  (cost=0.43..385.18 rows=97 width=121)
	              Index Cond: ((id >= 610143) AND (id <= 610242))

table 2 : explain SELECT DISTINCT c FROM sbtest2 WHERE id BETWEEN 4447544 AND 4447643 ORDER BY c
	Unique  (cost=387.31..387.79 rows=97 width=121)
	  ->  Sort  (cost=387.31..387.55 rows=97 width=121)
	        Sort Key: c
	        ->  Index Scan using sbtest2_pkey on sbtest2  (cost=0.43..384.11 rows=97 width=121)
	              Index Cond: ((id >= 4447544) AND (id <= 4447643))

table 3 : explain SELECT DISTINCT c FROM sbtest3 WHERE id BETWEEN 9796851 AND 9796950 ORDER BY c
	Unique  (cost=384.57..385.05 rows=96 width=121)
	  ->  Sort  (cost=384.57..384.81 rows=96 width=121)
	        Sort Key: c
	        ->  Index Scan using sbtest3_pkey on sbtest3  (cost=0.43..381.41 rows=96 width=121)
	              Index Cond: ((id >= 9796851) AND (id <= 9796950))

table 4 : explain SELECT DISTINCT c FROM sbtest4 WHERE id BETWEEN 3975264 AND 3975363 ORDER BY c
	Unique  (cost=398.73..399.23 rows=100 width=121)
	  ->  Sort  (cost=398.73..398.98 rows=100 width=121)
	        Sort Key: c
	        ->  Index Scan using sbtest4_pkey on sbtest4  (cost=0.43..395.41 rows=100 width=121)
	              Index Cond: ((id >= 3975264) AND (id <= 3975363))

table 5 : explain SELECT DISTINCT c FROM sbtest5 WHERE id BETWEEN 8162796 AND 8162895 ORDER BY c
	Unique  (cost=383.49..383.97 rows=96 width=121)
	  ->  Sort  (cost=383.49..383.73 rows=96 width=121)
	        Sort Key: c
	        ->  Index Scan using sbtest5_pkey on sbtest5  (cost=0.43..380.33 rows=96 width=121)
	              Index Cond: ((id >= 8162796) AND (id <= 8162895))

table 6 : explain SELECT DISTINCT c FROM sbtest6 WHERE id BETWEEN 7838023 AND 7838122 ORDER BY c
	Unique  (cost=388.24..388.72 rows=97 width=121)
	  ->  Sort  (cost=388.24..388.48 rows=97 width=121)
	        Sort Key: c
	        ->  Index Scan using sbtest6_pkey on sbtest6  (cost=0.43..385.04 rows=97 width=121)
	              Index Cond: ((id >= 7838023) AND (id <= 7838122))

table 7 : explain SELECT DISTINCT c FROM sbtest7 WHERE id BETWEEN 2147568 AND 2147667 ORDER BY c
	Unique  (cost=367.64..368.10 rows=92 width=121)
	  ->  Sort  (cost=367.64..367.87 rows=92 width=121)
	        Sort Key: c
	        ->  Index Scan using sbtest7_pkey on sbtest7  (cost=0.43..364.64 rows=92 width=121)
	              Index Cond: ((id >= 2147568) AND (id <= 2147667))

table 8 : explain SELECT DISTINCT c FROM sbtest8 WHERE id BETWEEN 8745973 AND 8746072 ORDER BY c
	Unique  (cost=379.69..380.17 rows=95 width=121)
	  ->  Sort  (cost=379.69..379.93 rows=95 width=121)
	        Sort Key: c
	        ->  Index Scan using sbtest8_pkey on sbtest8  (cost=0.43..376.57 rows=95 width=121)
	              Index Cond: ((id >= 8745973) AND (id <= 8746072))

for point_selects
table 1 : explain SELECT c FROM sbtest1 WHERE id=2224348
	Index Scan using sbtest1_pkey on sbtest1  (cost=0.43..8.45 rows=1 width=121)
	  Index Cond: (id = 2224348)

table 2 : explain SELECT c FROM sbtest2 WHERE id=7326631
	Index Scan using sbtest2_pkey on sbtest2  (cost=0.43..8.45 rows=1 width=121)
	  Index Cond: (id = 7326631)

table 3 : explain SELECT c FROM sbtest3 WHERE id=2860456
	Index Scan using sbtest3_pkey on sbtest3  (cost=0.43..8.45 rows=1 width=121)
	  Index Cond: (id = 2860456)

table 4 : explain SELECT c FROM sbtest4 WHERE id=9565547
	Index Scan using sbtest4_pkey on sbtest4  (cost=0.43..8.45 rows=1 width=121)
	  Index Cond: (id = 9565547)

table 5 : explain SELECT c FROM sbtest5 WHERE id=4812937
	Index Scan using sbtest5_pkey on sbtest5  (cost=0.43..8.45 rows=1 width=121)
	  Index Cond: (id = 4812937)

table 6 : explain SELECT c FROM sbtest6 WHERE id=9818885
	Index Scan using sbtest6_pkey on sbtest6  (cost=0.43..8.45 rows=1 width=121)
	  Index Cond: (id = 9818885)

table 7 : explain SELECT c FROM sbtest7 WHERE id=5769331
	Index Scan using sbtest7_pkey on sbtest7  (cost=0.43..8.45 rows=1 width=121)
	  Index Cond: (id = 5769331)

table 8 : explain SELECT c FROM sbtest8 WHERE id=111804
	Index Scan using sbtest8_pkey on sbtest8  (cost=0.43..8.45 rows=1 width=121)
	  Index Cond: (id = 111804)

for point_selects
table 1 : explain SELECT c FROM sbtest1 WHERE id=8615294
	Index Scan using sbtest1_pkey on sbtest1  (cost=0.43..8.45 rows=1 width=121)
	  Index Cond: (id = 8615294)

table 2 : explain SELECT c FROM sbtest2 WHERE id=3781935
	Index Scan using sbtest2_pkey on sbtest2  (cost=0.43..8.45 rows=1 width=121)
	  Index Cond: (id = 3781935)

table 3 : explain SELECT c FROM sbtest3 WHERE id=7063459
	Index Scan using sbtest3_pkey on sbtest3  (cost=0.43..8.45 rows=1 width=121)
	  Index Cond: (id = 7063459)

table 4 : explain SELECT c FROM sbtest4 WHERE id=1538843
	Index Scan using sbtest4_pkey on sbtest4  (cost=0.43..8.45 rows=1 width=121)
	  Index Cond: (id = 1538843)

table 5 : explain SELECT c FROM sbtest5 WHERE id=869185
	Index Scan using sbtest5_pkey on sbtest5  (cost=0.43..8.45 rows=1 width=121)
	  Index Cond: (id = 869185)

table 6 : explain SELECT c FROM sbtest6 WHERE id=4711851
	Index Scan using sbtest6_pkey on sbtest6  (cost=0.43..8.45 rows=1 width=121)
	  Index Cond: (id = 4711851)

table 7 : explain SELECT c FROM sbtest7 WHERE id=951749
	Index Scan using sbtest7_pkey on sbtest7  (cost=0.43..8.45 rows=1 width=121)
	  Index Cond: (id = 951749)

table 8 : explain SELECT c FROM sbtest8 WHERE id=5410876
	Index Scan using sbtest8_pkey on sbtest8  (cost=0.43..8.45 rows=1 width=121)
	  Index Cond: (id = 5410876)

explain: for point_selects :: explain SELECT c FROM sbtest%u WHERE id=%u
for: order_ranges
table 1 : explain SELECT c FROM sbtest1 WHERE id BETWEEN 3555064 AND 3555163 ORDER BY c
	Sort  (cost=388.38..388.62 rows=97 width=121)
	  Sort Key: c
	  ->  Index Scan using sbtest1_pkey on sbtest1  (cost=0.43..385.18 rows=97 width=121)
	        Index Cond: ((id >= 3555064) AND (id <= 3555163))

table 2 : explain SELECT c FROM sbtest2 WHERE id BETWEEN 7224001 AND 7224100 ORDER BY c
	Sort  (cost=411.05..411.31 rows=103 width=121)
	  Sort Key: c
	  ->  Index Scan using sbtest2_pkey on sbtest2  (cost=0.43..407.61 rows=103 width=121)
	        Index Cond: ((id >= 7224001) AND (id <= 7224100))

table 3 : explain SELECT c FROM sbtest3 WHERE id BETWEEN 4180596 AND 4180695 ORDER BY c
	Sort  (cost=408.39..408.65 rows=102 width=121)
	  Sort Key: c
	  ->  Index Scan using sbtest3_pkey on sbtest3  (cost=0.43..404.99 rows=102 width=121)
	        Index Cond: ((id >= 4180596) AND (id <= 4180695))

table 4 : explain SELECT c FROM sbtest4 WHERE id BETWEEN 3045075 AND 3045174 ORDER BY c
	Sort  (cost=398.73..398.98 rows=100 width=121)
	  Sort Key: c
	  ->  Index Scan using sbtest4_pkey on sbtest4  (cost=0.43..395.41 rows=100 width=121)
	        Index Cond: ((id >= 3045075) AND (id <= 3045174))

table 5 : explain SELECT c FROM sbtest5 WHERE id BETWEEN 1820918 AND 1821017 ORDER BY c
	Sort  (cost=423.06..423.33 rows=106 width=121)
	  Sort Key: c
	  ->  Index Scan using sbtest5_pkey on sbtest5  (cost=0.43..419.50 rows=106 width=121)
	        Index Cond: ((id >= 1820918) AND (id <= 1821017))

table 6 : explain SELECT c FROM sbtest6 WHERE id BETWEEN 7135623 AND 7135722 ORDER BY c
	Sort  (cost=412.04..412.30 rows=103 width=121)
	  Sort Key: c
	  ->  Index Scan using sbtest6_pkey on sbtest6  (cost=0.43..408.59 rows=103 width=121)
	        Index Cond: ((id >= 7135623) AND (id <= 7135722))

table 7 : explain SELECT c FROM sbtest7 WHERE id BETWEEN 8334954 AND 8335053 ORDER BY c
	Sort  (cost=423.02..423.29 rows=106 width=121)
	  Sort Key: c
	  ->  Index Scan using sbtest7_pkey on sbtest7  (cost=0.43..419.46 rows=106 width=121)
	        Index Cond: ((id >= 8334954) AND (id <= 8335053))

table 8 : explain SELECT c FROM sbtest8 WHERE id BETWEEN 7578904 AND 7579003 ORDER BY c
	Sort  (cost=407.41..407.67 rows=102 width=121)
	  Sort Key: c
	  ->  Index Scan using sbtest8_pkey on sbtest8  (cost=0.43..404.01 rows=102 width=121)
	        Index Cond: ((id >= 7578904) AND (id <= 7579003))

for: simple_ranges
table 1 : explain SELECT c FROM sbtest1 WHERE id BETWEEN 5025905 AND 5026004
	Index Scan using sbtest1_pkey on sbtest1  (cost=0.43..451.88 rows=114 width=121)
	  Index Cond: ((id >= 5025905) AND (id <= 5026004))

table 2 : explain SELECT c FROM sbtest2 WHERE id BETWEEN 6343830 AND 6343929
	Index Scan using sbtest2_pkey on sbtest2  (cost=0.43..384.11 rows=97 width=121)
	  Index Cond: ((id >= 6343830) AND (id <= 6343929))

table 3 : explain SELECT c FROM sbtest3 WHERE id BETWEEN 5091229 AND 5091328
	Index Scan using sbtest3_pkey on sbtest3  (cost=0.43..397.14 rows=100 width=121)
	  Index Cond: ((id >= 5091229) AND (id <= 5091328))

table 4 : explain SELECT c FROM sbtest4 WHERE id BETWEEN 8497826 AND 8497925
	Index Scan using sbtest4_pkey on sbtest4  (cost=0.43..383.66 rows=97 width=121)
	  Index Cond: ((id >= 8497826) AND (id <= 8497925))

table 5 : explain SELECT c FROM sbtest5 WHERE id BETWEEN 4007182 AND 4007281
	Index Scan using sbtest5_pkey on sbtest5  (cost=0.43..419.50 rows=106 width=121)
	  Index Cond: ((id >= 4007182) AND (id <= 4007281))

table 6 : explain SELECT c FROM sbtest6 WHERE id BETWEEN 2851976 AND 2852075
	Index Scan using sbtest6_pkey on sbtest6  (cost=0.43..428.21 rows=108 width=121)
	  Index Cond: ((id >= 2851976) AND (id <= 2852075))

table 7 : explain SELECT c FROM sbtest7 WHERE id BETWEEN 8785315 AND 8785414
	Index Scan using sbtest7_pkey on sbtest7  (cost=0.43..399.89 rows=101 width=121)
	  Index Cond: ((id >= 8785315) AND (id <= 8785414))

table 8 : explain SELECT c FROM sbtest8 WHERE id BETWEEN 8282264 AND 8282363
	Index Scan using sbtest8_pkey on sbtest8  (cost=0.43..384.43 rows=97 width=121)
	  Index Cond: ((id >= 8282264) AND (id <= 8282363))

for: simple_ranges
table 1 : explain SELECT c FROM sbtest1 WHERE id BETWEEN 4036295 AND 4036394
	Index Scan using sbtest1_pkey on sbtest1  (cost=0.43..408.72 rows=103 width=121)
	  Index Cond: ((id >= 4036295) AND (id <= 4036394))

table 2 : explain SELECT c FROM sbtest2 WHERE id BETWEEN 7796900 AND 7796999
	Index Scan using sbtest2_pkey on sbtest2  (cost=0.43..395.87 rows=100 width=121)
	  Index Cond: ((id >= 7796900) AND (id <= 7796999))

table 3 : explain SELECT c FROM sbtest3 WHERE id BETWEEN 4808276 AND 4808375
	Index Scan using sbtest3_pkey on sbtest3  (cost=0.43..408.91 rows=103 width=121)
	  Index Cond: ((id >= 4808276) AND (id <= 4808375))

table 4 : explain SELECT c FROM sbtest4 WHERE id BETWEEN 8511495 AND 8511594
	Index Scan using sbtest4_pkey on sbtest4  (cost=0.43..383.66 rows=97 width=121)
	  Index Cond: ((id >= 8511495) AND (id <= 8511594))

table 5 : explain SELECT c FROM sbtest5 WHERE id BETWEEN 1898619 AND 1898718
	Index Scan using sbtest5_pkey on sbtest5  (cost=0.43..403.84 rows=102 width=121)
	  Index Cond: ((id >= 1898619) AND (id <= 1898718))

table 6 : explain SELECT c FROM sbtest6 WHERE id BETWEEN 1153988 AND 1154087
	Index Scan using sbtest6_pkey on sbtest6  (cost=0.43..341.89 rows=86 width=121)
	  Index Cond: ((id >= 1153988) AND (id <= 1154087))

table 7 : explain SELECT c FROM sbtest7 WHERE id BETWEEN 2396787 AND 2396886
	Index Scan using sbtest7_pkey on sbtest7  (cost=0.43..423.37 rows=107 width=121)
	  Index Cond: ((id >= 2396787) AND (id <= 2396886))

table 8 : explain SELECT c FROM sbtest8 WHERE id BETWEEN 4885093 AND 4885192
	Index Scan using sbtest8_pkey on sbtest8  (cost=0.43..376.57 rows=95 width=121)
	  Index Cond: ((id >= 4885093) AND (id <= 4885192))

for: simple_ranges
table 1 : explain SELECT c FROM sbtest1 WHERE id BETWEEN 1708401 AND 1708500
	Index Scan using sbtest1_pkey on sbtest1  (cost=0.43..357.69 rows=90 width=121)
	  Index Cond: ((id >= 1708401) AND (id <= 1708500))

table 2 : explain SELECT c FROM sbtest2 WHERE id BETWEEN 8992726 AND 8992825
	Index Scan using sbtest2_pkey on sbtest2  (cost=0.43..388.02 rows=98 width=121)
	  Index Cond: ((id >= 8992726) AND (id <= 8992825))

table 3 : explain SELECT c FROM sbtest3 WHERE id BETWEEN 4558197 AND 4558296
	Index Scan using sbtest3_pkey on sbtest3  (cost=0.43..420.69 rows=106 width=121)
	  Index Cond: ((id >= 4558197) AND (id <= 4558296))

table 4 : explain SELECT c FROM sbtest4 WHERE id BETWEEN 4373796 AND 4373895
	Index Scan using sbtest4_pkey on sbtest4  (cost=0.43..379.75 rows=96 width=121)
	  Index Cond: ((id >= 4373796) AND (id <= 4373895))

table 5 : explain SELECT c FROM sbtest5 WHERE id BETWEEN 1843234 AND 1843333
	Index Scan using sbtest5_pkey on sbtest5  (cost=0.43..419.50 rows=106 width=121)
	  Index Cond: ((id >= 1843234) AND (id <= 1843333))

table 6 : explain SELECT c FROM sbtest6 WHERE id BETWEEN 7280805 AND 7280904
	Index Scan using sbtest6_pkey on sbtest6  (cost=0.43..357.58 rows=90 width=121)
	  Index Cond: ((id >= 7280805) AND (id <= 7280904))

table 7 : explain SELECT c FROM sbtest7 WHERE id BETWEEN 4212721 AND 4212820
	Index Scan using sbtest7_pkey on sbtest7  (cost=0.43..376.38 rows=95 width=121)
	  Index Cond: ((id >= 4212721) AND (id <= 4212820))

table 8 : explain SELECT c FROM sbtest8 WHERE id BETWEEN 4354396 AND 4354495
	Index Scan using sbtest8_pkey on sbtest8  (cost=0.43..349.16 rows=88 width=121)
	  Index Cond: ((id >= 4354396) AND (id <= 4354495))

for: distinct_ranges
table 1 : explain SELECT DISTINCT c FROM sbtest1 WHERE id BETWEEN 4140573 AND 4140672 ORDER BY c
	Unique  (cost=400.27..400.77 rows=100 width=121)
	  ->  Sort  (cost=400.27..400.52 rows=100 width=121)
	        Sort Key: c
	        ->  Index Scan using sbtest1_pkey on sbtest1  (cost=0.43..396.95 rows=100 width=121)
	              Index Cond: ((id >= 4140573) AND (id <= 4140672))

table 2 : explain SELECT DISTINCT c FROM sbtest2 WHERE id BETWEEN 406514 AND 406613 ORDER BY c
	Unique  (cost=411.05..411.57 rows=103 width=121)
	  ->  Sort  (cost=411.05..411.31 rows=103 width=121)
	        Sort Key: c
	        ->  Index Scan using sbtest2_pkey on sbtest2  (cost=0.43..407.61 rows=103 width=121)
	              Index Cond: ((id >= 406514) AND (id <= 406613))

table 3 : explain SELECT DISTINCT c FROM sbtest3 WHERE id BETWEEN 8957496 AND 8957595 ORDER BY c
	Unique  (cost=384.57..385.05 rows=96 width=121)
	  ->  Sort  (cost=384.57..384.81 rows=96 width=121)
	        Sort Key: c
	        ->  Index Scan using sbtest3_pkey on sbtest3  (cost=0.43..381.41 rows=96 width=121)
	              Index Cond: ((id >= 8957496) AND (id <= 8957595))

table 4 : explain SELECT DISTINCT c FROM sbtest4 WHERE id BETWEEN 6150685 AND 6150784 ORDER BY c
	Unique  (cost=426.37..426.90 rows=107 width=121)
	  ->  Sort  (cost=426.37..426.64 rows=107 width=121)
	        Sort Key: c
	        ->  Index Scan using sbtest4_pkey on sbtest4  (cost=0.43..422.76 rows=107 width=121)
	              Index Cond: ((id >= 6150685) AND (id <= 6150784))

table 5 : explain SELECT DISTINCT c FROM sbtest5 WHERE id BETWEEN 2809716 AND 2809815 ORDER BY c
	Unique  (cost=407.24..407.75 rows=102 width=121)
	  ->  Sort  (cost=407.24..407.50 rows=102 width=121)
	        Sort Key: c
	        ->  Index Scan using sbtest5_pkey on sbtest5  (cost=0.43..403.84 rows=102 width=121)
	              Index Cond: ((id >= 2809716) AND (id <= 2809815))

table 6 : explain SELECT DISTINCT c FROM sbtest6 WHERE id BETWEEN 5842215 AND 5842314 ORDER BY c
	Unique  (cost=447.71..448.27 rows=112 width=121)
	  ->  Sort  (cost=447.71..447.99 rows=112 width=121)
	        Sort Key: c
	        ->  Index Scan using sbtest6_pkey on sbtest6  (cost=0.43..443.89 rows=112 width=121)
	              Index Cond: ((id >= 5842215) AND (id <= 5842314))

table 7 : explain SELECT DISTINCT c FROM sbtest7 WHERE id BETWEEN 5457719 AND 5457818 ORDER BY c
	Unique  (cost=383.48..383.96 rows=96 width=121)
	  ->  Sort  (cost=383.48..383.72 rows=96 width=121)
	        Sort Key: c
	        ->  Index Scan using sbtest7_pkey on sbtest7  (cost=0.43..380.32 rows=96 width=121)
	              Index Cond: ((id >= 5457719) AND (id <= 5457818))

table 8 : explain SELECT DISTINCT c FROM sbtest8 WHERE id BETWEEN 7897484 AND 7897583 ORDER BY c
	Unique  (cost=399.50..400.00 rows=100 width=121)
	  ->  Sort  (cost=399.50..399.75 rows=100 width=121)
	        Sort Key: c
	        ->  Index Scan using sbtest8_pkey on sbtest8  (cost=0.43..396.18 rows=100 width=121)
	              Index Cond: ((id >= 7897484) AND (id <= 7897583))

for point_selects
table 1 : explain SELECT c FROM sbtest1 WHERE id=5676447
	Index Scan using sbtest1_pkey on sbtest1  (cost=0.43..8.45 rows=1 width=121)
	  Index Cond: (id = 5676447)

table 2 : explain SELECT c FROM sbtest2 WHERE id=3878164
	Index Scan using sbtest2_pkey on sbtest2  (cost=0.43..8.45 rows=1 width=121)
	  Index Cond: (id = 3878164)

table 3 : explain SELECT c FROM sbtest3 WHERE id=4962792
	Index Scan using sbtest3_pkey on sbtest3  (cost=0.43..8.45 rows=1 width=121)
	  Index Cond: (id = 4962792)

table 4 : explain SELECT c FROM sbtest4 WHERE id=5485663
	Index Scan using sbtest4_pkey on sbtest4  (cost=0.43..8.45 rows=1 width=121)
	  Index Cond: (id = 5485663)

table 5 : explain SELECT c FROM sbtest5 WHERE id=2541837
	Index Scan using sbtest5_pkey on sbtest5  (cost=0.43..8.45 rows=1 width=121)
	  Index Cond: (id = 2541837)

table 6 : explain SELECT c FROM sbtest6 WHERE id=6028809
	Index Scan using sbtest6_pkey on sbtest6  (cost=0.43..8.45 rows=1 width=121)
	  Index Cond: (id = 6028809)

table 7 : explain SELECT c FROM sbtest7 WHERE id=9114364
	Index Scan using sbtest7_pkey on sbtest7  (cost=0.43..8.45 rows=1 width=121)
	  Index Cond: (id = 9114364)

table 8 : explain SELECT c FROM sbtest8 WHERE id=5060380
	Index Scan using sbtest8_pkey on sbtest8  (cost=0.43..8.45 rows=1 width=121)
	  Index Cond: (id = 5060380)

for: sum_ranges
table 1 : explain SELECT SUM(k) FROM sbtest1 WHERE id BETWEEN 6205364 AND 6205463
	Aggregate  (cost=377.57..377.58 rows=1 width=8)
	  ->  Index Scan using sbtest1_pkey on sbtest1  (cost=0.43..377.33 rows=95 width=4)
	        Index Cond: ((id >= 6205364) AND (id <= 6205463))

table 2 : explain SELECT SUM(k) FROM sbtest2 WHERE id BETWEEN 3180411 AND 3180510
	Aggregate  (cost=392.21..392.22 rows=1 width=8)
	  ->  Index Scan using sbtest2_pkey on sbtest2  (cost=0.43..391.96 rows=99 width=4)
	        Index Cond: ((id >= 3180411) AND (id <= 3180510))

table 3 : explain SELECT SUM(k) FROM sbtest3 WHERE id BETWEEN 6428298 AND 6428397
	Aggregate  (cost=440.59..440.60 rows=1 width=8)
	  ->  Index Scan using sbtest3_pkey on sbtest3  (cost=0.43..440.32 rows=111 width=4)
	        Index Cond: ((id >= 6428298) AND (id <= 6428397))

table 4 : explain SELECT SUM(k) FROM sbtest4 WHERE id BETWEEN 460592 AND 460691
	Aggregate  (cost=376.08..376.09 rows=1 width=8)
	  ->  Index Scan using sbtest4_pkey on sbtest4  (cost=0.43..375.84 rows=95 width=4)
	        Index Cond: ((id >= 460592) AND (id <= 460691))

table 5 : explain SELECT SUM(k) FROM sbtest5 WHERE id BETWEEN 4303222 AND 4303321
	Aggregate  (cost=388.43..388.44 rows=1 width=8)
	  ->  Index Scan using sbtest5_pkey on sbtest5  (cost=0.43..388.19 rows=98 width=4)
	        Index Cond: ((id >= 4303222) AND (id <= 4303321))

table 6 : explain SELECT SUM(k) FROM sbtest6 WHERE id BETWEEN 6708536 AND 6708635
	Aggregate  (cost=397.08..397.09 rows=1 width=8)
	  ->  Index Scan using sbtest6_pkey on sbtest6  (cost=0.43..396.83 rows=100 width=4)
	        Index Cond: ((id >= 6708536) AND (id <= 6708635))

table 7 : explain SELECT SUM(k) FROM sbtest7 WHERE id BETWEEN 674893 AND 674992
	Aggregate  (cost=388.39..388.40 rows=1 width=8)
	  ->  Index Scan using sbtest7_pkey on sbtest7  (cost=0.43..388.15 rows=98 width=4)
	        Index Cond: ((id >= 674893) AND (id <= 674992))

table 8 : explain SELECT SUM(k) FROM sbtest8 WHERE id BETWEEN 54598 AND 54697
	Aggregate  (cost=400.35..400.36 rows=1 width=8)
	  ->  Index Scan using sbtest8_pkey on sbtest8  (cost=0.43..400.09 rows=101 width=4)
	        Index Cond: ((id >= 54598) AND (id <= 54697))

for: sum_ranges
table 1 : explain SELECT SUM(k) FROM sbtest1 WHERE id BETWEEN 4343646 AND 4343745
	Aggregate  (cost=397.20..397.21 rows=1 width=8)
	  ->  Index Scan using sbtest1_pkey on sbtest1  (cost=0.43..396.95 rows=100 width=4)
	        Index Cond: ((id >= 4343646) AND (id <= 4343745))

table 2 : explain SELECT SUM(k) FROM sbtest2 WHERE id BETWEEN 8066950 AND 8067049
	Aggregate  (cost=403.95..403.96 rows=1 width=8)
	  ->  Index Scan using sbtest2_pkey on sbtest2  (cost=0.43..403.70 rows=102 width=4)
	        Index Cond: ((id >= 8066950) AND (id <= 8067049))

table 3 : explain SELECT SUM(k) FROM sbtest3 WHERE id BETWEEN 8815060 AND 8815159
	Aggregate  (cost=401.31..401.32 rows=1 width=8)
	  ->  Index Scan using sbtest3_pkey on sbtest3  (cost=0.43..401.06 rows=101 width=4)
	        Index Cond: ((id >= 8815060) AND (id <= 8815159))

table 4 : explain SELECT SUM(k) FROM sbtest4 WHERE id BETWEEN 2737360 AND 2737459
	Aggregate  (cost=395.66..395.67 rows=1 width=8)
	  ->  Index Scan using sbtest4_pkey on sbtest4  (cost=0.43..395.41 rows=100 width=4)
	        Index Cond: ((id >= 2737360) AND (id <= 2737459))

table 5 : explain SELECT SUM(k) FROM sbtest5 WHERE id BETWEEN 4053721 AND 4053820
	Aggregate  (cost=419.76..419.77 rows=1 width=8)
	  ->  Index Scan using sbtest5_pkey on sbtest5  (cost=0.43..419.50 rows=106 width=4)
	        Index Cond: ((id >= 4053721) AND (id <= 4053820))

table 6 : explain SELECT SUM(k) FROM sbtest6 WHERE id BETWEEN 8454912 AND 8455011
	Aggregate  (cost=416.70..416.71 rows=1 width=8)
	  ->  Index Scan using sbtest6_pkey on sbtest6  (cost=0.43..416.44 rows=105 width=4)
	        Index Cond: ((id >= 8454912) AND (id <= 8455011))

table 7 : explain SELECT SUM(k) FROM sbtest7 WHERE id BETWEEN 912312 AND 912411
	Aggregate  (cost=376.62..376.63 rows=1 width=8)
	  ->  Index Scan using sbtest7_pkey on sbtest7  (cost=0.43..376.38 rows=95 width=4)
	        Index Cond: ((id >= 912312) AND (id <= 912411))

table 8 : explain SELECT SUM(k) FROM sbtest8 WHERE id BETWEEN 8376740 AND 8376839
	Aggregate  (cost=368.97..368.98 rows=1 width=8)
	  ->  Index Scan using sbtest8_pkey on sbtest8  (cost=0.43..368.74 rows=93 width=4)
	        Index Cond: ((id >= 8376740) AND (id <= 8376839))

for point_selects
table 1 : explain SELECT c FROM sbtest1 WHERE id=330546
	Index Scan using sbtest1_pkey on sbtest1  (cost=0.43..8.45 rows=1 width=121)
	  Index Cond: (id = 330546)

table 2 : explain SELECT c FROM sbtest2 WHERE id=4028647
	Index Scan using sbtest2_pkey on sbtest2  (cost=0.43..8.45 rows=1 width=121)
	  Index Cond: (id = 4028647)

table 3 : explain SELECT c FROM sbtest3 WHERE id=8499927
	Index Scan using sbtest3_pkey on sbtest3  (cost=0.43..8.45 rows=1 width=121)
	  Index Cond: (id = 8499927)

table 4 : explain SELECT c FROM sbtest4 WHERE id=3743956
	Index Scan using sbtest4_pkey on sbtest4  (cost=0.43..8.45 rows=1 width=121)
	  Index Cond: (id = 3743956)

table 5 : explain SELECT c FROM sbtest5 WHERE id=1013302
	Index Scan using sbtest5_pkey on sbtest5  (cost=0.43..8.45 rows=1 width=121)
	  Index Cond: (id = 1013302)

table 6 : explain SELECT c FROM sbtest6 WHERE id=2770649
	Index Scan using sbtest6_pkey on sbtest6  (cost=0.43..8.45 rows=1 width=121)
	  Index Cond: (id = 2770649)

table 7 : explain SELECT c FROM sbtest7 WHERE id=290317
	Index Scan using sbtest7_pkey on sbtest7  (cost=0.43..8.45 rows=1 width=121)
	  Index Cond: (id = 290317)

table 8 : explain SELECT c FROM sbtest8 WHERE id=6578435
	Index Scan using sbtest8_pkey on sbtest8  (cost=0.43..8.45 rows=1 width=121)
	  Index Cond: (id = 6578435)

for: sum_ranges
table 1 : explain SELECT SUM(k) FROM sbtest1 WHERE id BETWEEN 4904907 AND 4905006
	Aggregate  (cost=365.79..365.80 rows=1 width=8)
	  ->  Index Scan using sbtest1_pkey on sbtest1  (cost=0.43..365.56 rows=92 width=4)
	        Index Cond: ((id >= 4904907) AND (id <= 4905006))

table 2 : explain SELECT SUM(k) FROM sbtest2 WHERE id BETWEEN 7920861 AND 7920960
	Aggregate  (cost=376.52..376.53 rows=1 width=8)
	  ->  Index Scan using sbtest2_pkey on sbtest2  (cost=0.43..376.28 rows=95 width=4)
	        Index Cond: ((id >= 7920861) AND (id <= 7920960))

table 3 : explain SELECT SUM(k) FROM sbtest3 WHERE id BETWEEN 4924329 AND 4924428
	Aggregate  (cost=401.31..401.32 rows=1 width=8)
	  ->  Index Scan using sbtest3_pkey on sbtest3  (cost=0.43..401.06 rows=101 width=4)
	        Index Cond: ((id >= 4924329) AND (id <= 4924428))

table 4 : explain SELECT SUM(k) FROM sbtest4 WHERE id BETWEEN 5870379 AND 5870478
	Aggregate  (cost=415.21..415.22 rows=1 width=8)
	  ->  Index Scan using sbtest4_pkey on sbtest4  (cost=0.43..414.95 rows=105 width=4)
	        Index Cond: ((id >= 5870379) AND (id <= 5870478))

table 5 : explain SELECT SUM(k) FROM sbtest5 WHERE id BETWEEN 5789860 AND 5789959
	Aggregate  (cost=376.66..376.67 rows=1 width=8)
	  ->  Index Scan using sbtest5_pkey on sbtest5  (cost=0.43..376.42 rows=95 width=4)
	        Index Cond: ((id >= 5789860) AND (id <= 5789959))

table 6 : explain SELECT SUM(k) FROM sbtest6 WHERE id BETWEEN 6377525 AND 6377624
	Aggregate  (cost=385.28..385.29 rows=1 width=8)
	  ->  Index Scan using sbtest6_pkey on sbtest6  (cost=0.43..385.04 rows=97 width=4)
	        Index Cond: ((id >= 6377525) AND (id <= 6377624))

table 7 : explain SELECT SUM(k) FROM sbtest7 WHERE id BETWEEN 4386727 AND 4386826
	Aggregate  (cost=404.06..404.07 rows=1 width=8)
	  ->  Index Scan using sbtest7_pkey on sbtest7  (cost=0.43..403.80 rows=102 width=4)
	        Index Cond: ((id >= 4386727) AND (id <= 4386826))

table 8 : explain SELECT SUM(k) FROM sbtest8 WHERE id BETWEEN 6744334 AND 6744433
	Aggregate  (cost=404.26..404.27 rows=1 width=8)
	  ->  Index Scan using sbtest8_pkey on sbtest8  (cost=0.43..404.01 rows=102 width=4)
	        Index Cond: ((id >= 6744334) AND (id <= 6744433))

for: simple_ranges
table 1 : explain SELECT c FROM sbtest1 WHERE id BETWEEN 1240575 AND 1240674
	Index Scan using sbtest1_pkey on sbtest1  (cost=0.43..345.92 rows=87 width=121)
	  Index Cond: ((id >= 1240575) AND (id <= 1240674))

table 2 : explain SELECT c FROM sbtest2 WHERE id BETWEEN 8166612 AND 8166711
	Index Scan using sbtest2_pkey on sbtest2  (cost=0.43..407.61 rows=103 width=121)
	  Index Cond: ((id >= 8166612) AND (id <= 8166711))

table 3 : explain SELECT c FROM sbtest3 WHERE id BETWEEN 8598069 AND 8598168
	Index Scan using sbtest3_pkey on sbtest3  (cost=0.43..412.84 rows=104 width=121)
	  Index Cond: ((id >= 8598069) AND (id <= 8598168))

table 4 : explain SELECT c FROM sbtest4 WHERE id BETWEEN 8447079 AND 8447178
	Index Scan using sbtest4_pkey on sbtest4  (cost=0.43..414.95 rows=105 width=121)
	  Index Cond: ((id >= 8447079) AND (id <= 8447178))

table 5 : explain SELECT c FROM sbtest5 WHERE id BETWEEN 9965809 AND 9965908
	Index Scan using sbtest5_pkey on sbtest5  (cost=0.43..415.58 rows=105 width=121)
	  Index Cond: ((id >= 9965809) AND (id <= 9965908))

table 6 : explain SELECT c FROM sbtest6 WHERE id BETWEEN 6605614 AND 6605713
	Index Scan using sbtest6_pkey on sbtest6  (cost=0.43..388.98 rows=98 width=121)
	  Index Cond: ((id >= 6605614) AND (id <= 6605713))

table 7 : explain SELECT c FROM sbtest7 WHERE id BETWEEN 4203131 AND 4203230
	Index Scan using sbtest7_pkey on sbtest7  (cost=0.43..384.23 rows=97 width=121)
	  Index Cond: ((id >= 4203131) AND (id <= 4203230))

table 8 : explain SELECT c FROM sbtest8 WHERE id BETWEEN 5343644 AND 5343743
	Index Scan using sbtest8_pkey on sbtest8  (cost=0.43..431.42 rows=109 width=121)
	  Index Cond: ((id >= 5343644) AND (id <= 5343743))

explain: for point_selects :: explain SELECT c FROM sbtest%u WHERE id=%u
for: order_ranges
table 1 : explain SELECT c FROM sbtest1 WHERE id BETWEEN 2409051 AND 2409150 ORDER BY c
	Sort  (cost=400.27..400.52 rows=100 width=121)
	  Sort Key: c
	  ->  Index Scan using sbtest1_pkey on sbtest1  (cost=0.43..396.95 rows=100 width=121)
	        Index Cond: ((id >= 2409051) AND (id <= 2409150))

table 2 : explain SELECT c FROM sbtest2 WHERE id BETWEEN 3964189 AND 3964288 ORDER BY c
	Sort  (cost=395.24..395.49 rows=99 width=121)
	  Sort Key: c
	  ->  Index Scan using sbtest2_pkey on sbtest2  (cost=0.43..391.96 rows=99 width=121)
	        Index Cond: ((id >= 3964189) AND (id <= 3964288))

table 3 : explain SELECT c FROM sbtest3 WHERE id BETWEEN 9541270 AND 9541369 ORDER BY c
	Sort  (cost=412.36..412.61 rows=103 width=121)
	  Sort Key: c
	  ->  Index Scan using sbtest3_pkey on sbtest3  (cost=0.43..408.91 rows=103 width=121)
	        Index Cond: ((id >= 9541270) AND (id <= 9541369))

table 4 : explain SELECT c FROM sbtest4 WHERE id BETWEEN 5385744 AND 5385843 ORDER BY c
	Sort  (cost=418.47..418.73 rows=105 width=121)
	  Sort Key: c
	  ->  Index Scan using sbtest4_pkey on sbtest4  (cost=0.43..414.95 rows=105 width=121)
	        Index Cond: ((id >= 5385744) AND (id <= 5385843))

table 5 : explain SELECT c FROM sbtest5 WHERE id BETWEEN 9975950 AND 9976049 ORDER BY c
	Sort  (cost=419.11..419.37 rows=105 width=121)
	  Sort Key: c
	  ->  Index Scan using sbtest5_pkey on sbtest5  (cost=0.43..415.58 rows=105 width=121)
	        Index Cond: ((id >= 9975950) AND (id <= 9976049))

table 6 : explain SELECT c FROM sbtest6 WHERE id BETWEEN 1570368 AND 1570467 ORDER BY c
	Sort  (cost=380.31..380.55 rows=95 width=121)
	  Sort Key: c
	  ->  Index Scan using sbtest6_pkey on sbtest6  (cost=0.43..377.19 rows=95 width=121)
	        Index Cond: ((id >= 1570368) AND (id <= 1570467))

table 7 : explain SELECT c FROM sbtest7 WHERE id BETWEEN 1665861 AND 1665960 ORDER BY c
	Sort  (cost=411.16..411.42 rows=103 width=121)
	  Sort Key: c
	  ->  Index Scan using sbtest7_pkey on sbtest7  (cost=0.43..407.72 rows=103 width=121)
	        Index Cond: ((id >= 1665861) AND (id <= 1665960))

table 8 : explain SELECT c FROM sbtest8 WHERE id BETWEEN 7371813 AND 7371912 ORDER BY c
	Sort  (cost=383.65..383.89 rows=96 width=121)
	  Sort Key: c
	  ->  Index Scan using sbtest8_pkey on sbtest8  (cost=0.43..380.49 rows=96 width=121)
	        Index Cond: ((id >= 7371813) AND (id <= 7371912))

for: simple_ranges
table 1 : explain SELECT c FROM sbtest1 WHERE id BETWEEN 4524617 AND 4524716
	Index Scan using sbtest1_pkey on sbtest1  (cost=0.43..385.18 rows=97 width=121)
	  Index Cond: ((id >= 4524617) AND (id <= 4524716))

table 2 : explain SELECT c FROM sbtest2 WHERE id BETWEEN 7152243 AND 7152342
	Index Scan using sbtest2_pkey on sbtest2  (cost=0.43..411.52 rows=104 width=121)
	  Index Cond: ((id >= 7152243) AND (id <= 7152342))

table 3 : explain SELECT c FROM sbtest3 WHERE id BETWEEN 3527170 AND 3527269
	Index Scan using sbtest3_pkey on sbtest3  (cost=0.43..365.71 rows=92 width=121)
	  Index Cond: ((id >= 3527170) AND (id <= 3527269))

table 4 : explain SELECT c FROM sbtest4 WHERE id BETWEEN 4014728 AND 4014827
	Index Scan using sbtest4_pkey on sbtest4  (cost=0.43..395.41 rows=100 width=121)
	  Index Cond: ((id >= 4014728) AND (id <= 4014827))

table 5 : explain SELECT c FROM sbtest5 WHERE id BETWEEN 8586161 AND 8586260
	Index Scan using sbtest5_pkey on sbtest5  (cost=0.43..396.01 rows=100 width=121)
	  Index Cond: ((id >= 8586161) AND (id <= 8586260))

table 6 : explain SELECT c FROM sbtest6 WHERE id BETWEEN 9926228 AND 9926327
	Index Scan using sbtest6_pkey on sbtest6  (cost=0.43..416.44 rows=105 width=121)
	  Index Cond: ((id >= 9926228) AND (id <= 9926327))

table 7 : explain SELECT c FROM sbtest7 WHERE id BETWEEN 8204127 AND 8204226
	Index Scan using sbtest7_pkey on sbtest7  (cost=0.43..431.20 rows=109 width=121)
	  Index Cond: ((id >= 8204127) AND (id <= 8204226))

table 8 : explain SELECT c FROM sbtest8 WHERE id BETWEEN 7864330 AND 7864429
	Index Scan using sbtest8_pkey on sbtest8  (cost=0.43..407.92 rows=103 width=121)
	  Index Cond: ((id >= 7864330) AND (id <= 7864429))

for: order_ranges
table 1 : explain SELECT c FROM sbtest1 WHERE id BETWEEN 7303320 AND 7303419 ORDER BY c
	Sort  (cost=388.38..388.62 rows=97 width=121)
	  Sort Key: c
	  ->  Index Scan using sbtest1_pkey on sbtest1  (cost=0.43..385.18 rows=97 width=121)
	        Index Cond: ((id >= 7303320) AND (id <= 7303419))

table 2 : explain SELECT c FROM sbtest2 WHERE id BETWEEN 5380899 AND 5380998 ORDER BY c
	Sort  (cost=407.10..407.35 rows=102 width=121)
	  Sort Key: c
	  ->  Index Scan using sbtest2_pkey on sbtest2  (cost=0.43..403.70 rows=102 width=121)
	        Index Cond: ((id >= 5380899) AND (id <= 5380998))

table 3 : explain SELECT c FROM sbtest3 WHERE id BETWEEN 8896699 AND 8896798 ORDER BY c
	Sort  (cost=344.92..345.14 rows=86 width=121)
	  Sort Key: c
	  ->  Index Scan using sbtest3_pkey on sbtest3  (cost=0.43..342.16 rows=86 width=121)
	        Index Cond: ((id >= 8896699) AND (id <= 8896798))

table 4 : explain SELECT c FROM sbtest4 WHERE id BETWEEN 9537696 AND 9537795 ORDER BY c
	Sort  (cost=426.37..426.64 rows=107 width=121)
	  Sort Key: c
	  ->  Index Scan using sbtest4_pkey on sbtest4  (cost=0.43..422.76 rows=107 width=121)
	        Index Cond: ((id >= 9537696) AND (id <= 9537795))

table 5 : explain SELECT c FROM sbtest5 WHERE id BETWEEN 8016060 AND 8016159 ORDER BY c
	Sort  (cost=411.20..411.46 rows=103 width=121)
	  Sort Key: c
	  ->  Index Scan using sbtest5_pkey on sbtest5  (cost=0.43..407.76 rows=103 width=121)
	        Index Cond: ((id >= 8016060) AND (id <= 8016159))

table 6 : explain SELECT c FROM sbtest6 WHERE id BETWEEN 8829746 AND 8829845 ORDER BY c
	Sort  (cost=368.43..368.66 rows=92 width=121)
	  Sort Key: c
	  ->  Index Scan using sbtest6_pkey on sbtest6  (cost=0.43..365.43 rows=92 width=121)
	        Index Cond: ((id >= 8829746) AND (id <= 8829845))

table 7 : explain SELECT c FROM sbtest7 WHERE id BETWEEN 7257869 AND 7257968 ORDER BY c
	Sort  (cost=395.34..395.59 rows=99 width=121)
	  Sort Key: c
	  ->  Index Scan using sbtest7_pkey on sbtest7  (cost=0.43..392.06 rows=99 width=121)
	        Index Cond: ((id >= 7257869) AND (id <= 7257968))

table 8 : explain SELECT c FROM sbtest8 WHERE id BETWEEN 6429675 AND 6429774 ORDER BY c
	Sort  (cost=411.37..411.62 rows=103 width=121)
	  Sort Key: c
	  ->  Index Scan using sbtest8_pkey on sbtest8  (cost=0.43..407.92 rows=103 width=121)
	        Index Cond: ((id >= 6429675) AND (id <= 6429774))

for: order_ranges
table 1 : explain SELECT c FROM sbtest1 WHERE id BETWEEN 9495959 AND 9496058 ORDER BY c
	Sort  (cost=380.45..380.69 rows=95 width=121)
	  Sort Key: c
	  ->  Index Scan using sbtest1_pkey on sbtest1  (cost=0.43..377.33 rows=95 width=121)
	        Index Cond: ((id >= 9495959) AND (id <= 9496058))

table 2 : explain SELECT c FROM sbtest2 WHERE id BETWEEN 96173 AND 96272 ORDER BY c
	Sort  (cost=391.26..391.51 rows=98 width=121)
	  Sort Key: c
	  ->  Index Scan using sbtest2_pkey on sbtest2  (cost=0.43..388.02 rows=98 width=121)
	        Index Cond: ((id >= 96173) AND (id <= 96272))

table 3 : explain SELECT c FROM sbtest3 WHERE id BETWEEN 7071710 AND 7071809 ORDER BY c
	Sort  (cost=392.50..392.75 rows=98 width=121)
	  Sort Key: c
	  ->  Index Scan using sbtest3_pkey on sbtest3  (cost=0.43..389.26 rows=98 width=121)
	        Index Cond: ((id >= 7071710) AND (id <= 7071809))

table 4 : explain SELECT c FROM sbtest4 WHERE id BETWEEN 6659430 AND 6659529 ORDER BY c
	Sort  (cost=390.83..391.08 rows=98 width=121)
	  Sort Key: c
	  ->  Index Scan using sbtest4_pkey on sbtest4  (cost=0.43..387.59 rows=98 width=121)
	        Index Cond: ((id >= 6659430) AND (id <= 6659529))

table 5 : explain SELECT c FROM sbtest5 WHERE id BETWEEN 1081946 AND 1082045 ORDER BY c
	Sort  (cost=419.11..419.37 rows=105 width=121)
	  Sort Key: c
	  ->  Index Scan using sbtest5_pkey on sbtest5  (cost=0.43..415.58 rows=105 width=121)
	        Index Cond: ((id >= 1081946) AND (id <= 1082045))

table 6 : explain SELECT c FROM sbtest6 WHERE id BETWEEN 2870839 AND 2870938 ORDER BY c
	Sort  (cost=412.04..412.30 rows=103 width=121)
	  Sort Key: c
	  ->  Index Scan using sbtest6_pkey on sbtest6  (cost=0.43..408.59 rows=103 width=121)
	        Index Cond: ((id >= 2870839) AND (id <= 2870938))

table 7 : explain SELECT c FROM sbtest7 WHERE id BETWEEN 1700966 AND 1701065 ORDER BY c
	Sort  (cost=419.07..419.33 rows=105 width=121)
	  Sort Key: c
	  ->  Index Scan using sbtest7_pkey on sbtest7  (cost=0.43..415.54 rows=105 width=121)
	        Index Cond: ((id >= 1700966) AND (id <= 1701065))

table 8 : explain SELECT c FROM sbtest8 WHERE id BETWEEN 478074 AND 478173 ORDER BY c
	Sort  (cost=359.92..360.14 rows=90 width=121)
	  Sort Key: c
	  ->  Index Scan using sbtest8_pkey on sbtest8  (cost=0.43..357.00 rows=90 width=121)
	        Index Cond: ((id >= 478074) AND (id <= 478173))

for: sum_ranges
table 1 : explain SELECT SUM(k) FROM sbtest1 WHERE id BETWEEN 4658378 AND 4658477
	Aggregate  (cost=397.20..397.21 rows=1 width=8)
	  ->  Index Scan using sbtest1_pkey on sbtest1  (cost=0.43..396.95 rows=100 width=4)
	        Index Cond: ((id >= 4658378) AND (id <= 4658477))

table 2 : explain SELECT SUM(k) FROM sbtest2 WHERE id BETWEEN 931482 AND 931581
	Aggregate  (cost=400.04..400.05 rows=1 width=8)
	  ->  Index Scan using sbtest2_pkey on sbtest2  (cost=0.43..399.78 rows=101 width=4)
	        Index Cond: ((id >= 931482) AND (id <= 931581))

table 3 : explain SELECT SUM(k) FROM sbtest3 WHERE id BETWEEN 3831204 AND 3831303
	Aggregate  (cost=405.24..405.25 rows=1 width=8)
	  ->  Index Scan using sbtest3_pkey on sbtest3  (cost=0.43..404.99 rows=102 width=4)
	        Index Cond: ((id >= 3831204) AND (id <= 3831303))

table 4 : explain SELECT SUM(k) FROM sbtest4 WHERE id BETWEEN 9421630 AND 9421729
	Aggregate  (cost=360.44..360.45 rows=1 width=8)
	  ->  Index Scan using sbtest4_pkey on sbtest4  (cost=0.43..360.21 rows=91 width=4)
	        Index Cond: ((id >= 9421630) AND (id <= 9421729))

table 5 : explain SELECT SUM(k) FROM sbtest5 WHERE id BETWEEN 6078818 AND 6078917
	Aggregate  (cost=411.93..411.94 rows=1 width=8)
	  ->  Index Scan using sbtest5_pkey on sbtest5  (cost=0.43..411.67 rows=104 width=4)
	        Index Cond: ((id >= 6078818) AND (id <= 6078917))

table 6 : explain SELECT SUM(k) FROM sbtest6 WHERE id BETWEEN 2005771 AND 2005870
	Aggregate  (cost=377.43..377.44 rows=1 width=8)
	  ->  Index Scan using sbtest6_pkey on sbtest6  (cost=0.43..377.19 rows=95 width=4)
	        Index Cond: ((id >= 2005771) AND (id <= 2005870))

table 7 : explain SELECT SUM(k) FROM sbtest7 WHERE id BETWEEN 7219968 AND 7220067
	Aggregate  (cost=392.31..392.32 rows=1 width=8)
	  ->  Index Scan using sbtest7_pkey on sbtest7  (cost=0.43..392.06 rows=99 width=4)
	        Index Cond: ((id >= 7219968) AND (id <= 7220067))

table 8 : explain SELECT SUM(k) FROM sbtest8 WHERE id BETWEEN 6704651 AND 6704750
	Aggregate  (cost=404.26..404.27 rows=1 width=8)
	  ->  Index Scan using sbtest8_pkey on sbtest8  (cost=0.43..404.01 rows=102 width=4)
	        Index Cond: ((id >= 6704651) AND (id <= 6704750))

for: distinct_ranges
table 1 : explain SELECT DISTINCT c FROM sbtest1 WHERE id BETWEEN 5328496 AND 5328595 ORDER BY c
	Unique  (cost=416.13..416.65 rows=104 width=121)
	  ->  Sort  (cost=416.13..416.39 rows=104 width=121)
	        Sort Key: c
	        ->  Index Scan using sbtest1_pkey on sbtest1  (cost=0.43..412.64 rows=104 width=121)
	              Index Cond: ((id >= 5328496) AND (id <= 5328595))

table 2 : explain SELECT DISTINCT c FROM sbtest2 WHERE id BETWEEN 3722803 AND 3722902 ORDER BY c
	Unique  (cost=355.69..356.13 rows=89 width=121)
	  ->  Sort  (cost=355.69..355.91 rows=89 width=121)
	        Sort Key: c
	        ->  Index Scan using sbtest2_pkey on sbtest2  (cost=0.43..352.81 rows=89 width=121)
	              Index Cond: ((id >= 3722803) AND (id <= 3722902))

table 3 : explain SELECT DISTINCT c FROM sbtest3 WHERE id BETWEEN 5616035 AND 5616134 ORDER BY c
	Unique  (cost=408.39..408.90 rows=102 width=121)
	  ->  Sort  (cost=408.39..408.65 rows=102 width=121)
	        Sort Key: c
	        ->  Index Scan using sbtest3_pkey on sbtest3  (cost=0.43..404.99 rows=102 width=121)
	              Index Cond: ((id >= 5616035) AND (id <= 5616134))

table 4 : explain SELECT DISTINCT c FROM sbtest4 WHERE id BETWEEN 1041216 AND 1041315 ORDER BY c
	Unique  (cost=378.96..379.44 rows=95 width=121)
	  ->  Sort  (cost=378.96..379.20 rows=95 width=121)
	        Sort Key: c
	        ->  Index Scan using sbtest4_pkey on sbtest4  (cost=0.43..375.84 rows=95 width=121)
	              Index Cond: ((id >= 1041216) AND (id <= 1041315))

table 5 : explain SELECT DISTINCT c FROM sbtest5 WHERE id BETWEEN 4173480 AND 4173579 ORDER BY c
	Unique  (cost=407.24..407.75 rows=102 width=121)
	  ->  Sort  (cost=407.24..407.50 rows=102 width=121)
	        Sort Key: c
	        ->  Index Scan using sbtest5_pkey on sbtest5  (cost=0.43..403.84 rows=102 width=121)
	              Index Cond: ((id >= 4173480) AND (id <= 4173579))

table 6 : explain SELECT DISTINCT c FROM sbtest6 WHERE id BETWEEN 1883245 AND 1883344 ORDER BY c
	Unique  (cost=396.19..396.68 rows=99 width=121)
	  ->  Sort  (cost=396.19..396.43 rows=99 width=121)
	        Sort Key: c
	        ->  Index Scan using sbtest6_pkey on sbtest6  (cost=0.43..392.91 rows=99 width=121)
	              Index Cond: ((id >= 1883245) AND (id <= 1883344))

table 7 : explain SELECT DISTINCT c FROM sbtest7 WHERE id BETWEEN 9399521 AND 9399620 ORDER BY c
	Unique  (cost=371.59..372.06 rows=93 width=121)
	  ->  Sort  (cost=371.59..371.83 rows=93 width=121)
	        Sort Key: c
	        ->  Index Scan using sbtest7_pkey on sbtest7  (cost=0.43..368.55 rows=93 width=121)
	              Index Cond: ((id >= 9399521) AND (id <= 9399620))

table 8 : explain SELECT DISTINCT c FROM sbtest8 WHERE id BETWEEN 3594022 AND 3594121 ORDER BY c
	Unique  (cost=383.65..384.13 rows=96 width=121)
	  ->  Sort  (cost=383.65..383.89 rows=96 width=121)
	        Sort Key: c
	        ->  Index Scan using sbtest8_pkey on sbtest8  (cost=0.43..380.49 rows=96 width=121)
	              Index Cond: ((id >= 3594022) AND (id <= 3594121))

for: sum_ranges
table 1 : explain SELECT SUM(k) FROM sbtest1 WHERE id BETWEEN 1150139 AND 1150238
	Aggregate  (cost=405.05..405.06 rows=1 width=8)
	  ->  Index Scan using sbtest1_pkey on sbtest1  (cost=0.43..404.80 rows=102 width=4)
	        Index Cond: ((id >= 1150139) AND (id <= 1150238))

table 2 : explain SELECT SUM(k) FROM sbtest2 WHERE id BETWEEN 8694524 AND 8694623
	Aggregate  (cost=419.61..419.62 rows=1 width=8)
	  ->  Index Scan using sbtest2_pkey on sbtest2  (cost=0.43..419.35 rows=106 width=4)
	        Index Cond: ((id >= 8694524) AND (id <= 8694623))

table 3 : explain SELECT SUM(k) FROM sbtest3 WHERE id BETWEEN 9602592 AND 9602691
	Aggregate  (cost=354.16..354.17 rows=1 width=8)
	  ->  Index Scan using sbtest3_pkey on sbtest3  (cost=0.43..353.93 rows=89 width=4)
	        Index Cond: ((id >= 9602592) AND (id <= 9602691))

table 4 : explain SELECT SUM(k) FROM sbtest4 WHERE id BETWEEN 6664840 AND 6664939
	Aggregate  (cost=387.84..387.85 rows=1 width=8)
	  ->  Index Scan using sbtest4_pkey on sbtest4  (cost=0.43..387.59 rows=98 width=4)
	        Index Cond: ((id >= 6664840) AND (id <= 6664939))

table 5 : explain SELECT SUM(k) FROM sbtest5 WHERE id BETWEEN 7490110 AND 7490209
	Aggregate  (cost=404.10..404.11 rows=1 width=8)
	  ->  Index Scan using sbtest5_pkey on sbtest5  (cost=0.43..403.84 rows=102 width=4)
	        Index Cond: ((id >= 7490110) AND (id <= 7490209))

table 6 : explain SELECT SUM(k) FROM sbtest6 WHERE id BETWEEN 9506801 AND 9506900
	Aggregate  (cost=385.28..385.29 rows=1 width=8)
	  ->  Index Scan using sbtest6_pkey on sbtest6  (cost=0.43..385.04 rows=97 width=4)
	        Index Cond: ((id >= 9506801) AND (id <= 9506900))

table 7 : explain SELECT SUM(k) FROM sbtest7 WHERE id BETWEEN 4924751 AND 4924850
	Aggregate  (cost=380.53..380.54 rows=1 width=8)
	  ->  Index Scan using sbtest7_pkey on sbtest7  (cost=0.43..380.29 rows=96 width=4)
	        Index Cond: ((id >= 4924751) AND (id <= 4924850))

table 8 : explain SELECT SUM(k) FROM sbtest8 WHERE id BETWEEN 3265802 AND 3265901
	Aggregate  (cost=435.61..435.62 rows=1 width=8)
	  ->  Index Scan using sbtest8_pkey on sbtest8  (cost=0.43..435.33 rows=110 width=4)
	        Index Cond: ((id >= 3265802) AND (id <= 3265901))

for: distinct_ranges
table 1 : explain SELECT DISTINCT c FROM sbtest1 WHERE id BETWEEN 4836917 AND 4837016 ORDER BY c
	Unique  (cost=420.09..420.62 rows=105 width=121)
	  ->  Sort  (cost=420.09..420.36 rows=105 width=121)
	        Sort Key: c
	        ->  Index Scan using sbtest1_pkey on sbtest1  (cost=0.43..416.57 rows=105 width=121)
	              Index Cond: ((id >= 4836917) AND (id <= 4837016))

table 2 : explain SELECT DISTINCT c FROM sbtest2 WHERE id BETWEEN 136834 AND 136933 ORDER BY c
	Unique  (cost=422.91..423.44 rows=106 width=121)
	  ->  Sort  (cost=422.91..423.18 rows=106 width=121)
	        Sort Key: c
	        ->  Index Scan using sbtest2_pkey on sbtest2  (cost=0.43..419.35 rows=106 width=121)
	              Index Cond: ((id >= 136834) AND (id <= 136933))

table 3 : explain SELECT DISTINCT c FROM sbtest3 WHERE id BETWEEN 2531981 AND 2532080 ORDER BY c
	Unique  (cost=436.15..436.70 rows=109 width=121)
	  ->  Sort  (cost=436.15..436.43 rows=109 width=121)
	        Sort Key: c
	        ->  Index Scan using sbtest3_pkey on sbtest3  (cost=0.43..432.47 rows=109 width=121)
	              Index Cond: ((id >= 2531981) AND (id <= 2532080))

table 4 : explain SELECT DISTINCT c FROM sbtest4 WHERE id BETWEEN 4119906 AND 4120005 ORDER BY c
	Unique  (cost=382.91..383.39 rows=96 width=121)
	  ->  Sort  (cost=382.91..383.15 rows=96 width=121)
	        Sort Key: c
	        ->  Index Scan using sbtest4_pkey on sbtest4  (cost=0.43..379.75 rows=96 width=121)
	              Index Cond: ((id >= 4119906) AND (id <= 4120005))

table 5 : explain SELECT DISTINCT c FROM sbtest5 WHERE id BETWEEN 3661886 AND 3661985 ORDER BY c
	Unique  (cost=411.20..411.71 rows=103 width=121)
	  ->  Sort  (cost=411.20..411.46 rows=103 width=121)
	        Sort Key: c
	        ->  Index Scan using sbtest5_pkey on sbtest5  (cost=0.43..407.76 rows=103 width=121)
	              Index Cond: ((id >= 3661886) AND (id <= 3661985))

table 6 : explain SELECT DISTINCT c FROM sbtest6 WHERE id BETWEEN 2288397 AND 2288496 ORDER BY c
	Unique  (cost=416.00..416.52 rows=104 width=121)
	  ->  Sort  (cost=416.00..416.26 rows=104 width=121)
	        Sort Key: c
	        ->  Index Scan using sbtest6_pkey on sbtest6  (cost=0.43..412.52 rows=104 width=121)
	              Index Cond: ((id >= 2288397) AND (id <= 2288496))

table 7 : explain SELECT DISTINCT c FROM sbtest7 WHERE id BETWEEN 1440408 AND 1440507 ORDER BY c
	Unique  (cost=426.98..427.51 rows=107 width=121)
	  ->  Sort  (cost=426.98..427.24 rows=107 width=121)
	        Sort Key: c
	        ->  Index Scan using sbtest7_pkey on sbtest7  (cost=0.43..423.37 rows=107 width=121)
	              Index Cond: ((id >= 1440408) AND (id <= 1440507))

table 8 : explain SELECT DISTINCT c FROM sbtest8 WHERE id BETWEEN 6035312 AND 6035411 ORDER BY c
	Unique  (cost=403.46..403.96 rows=101 width=121)
	  ->  Sort  (cost=403.46..403.71 rows=101 width=121)
	        Sort Key: c
	        ->  Index Scan using sbtest8_pkey on sbtest8  (cost=0.43..400.09 rows=101 width=121)
	              Index Cond: ((id >= 6035312) AND (id <= 6035411))

for point_selects
table 1 : explain SELECT c FROM sbtest1 WHERE id=3996182
	Index Scan using sbtest1_pkey on sbtest1  (cost=0.43..8.45 rows=1 width=121)
	  Index Cond: (id = 3996182)

table 2 : explain SELECT c FROM sbtest2 WHERE id=1741237
	Index Scan using sbtest2_pkey on sbtest2  (cost=0.43..8.45 rows=1 width=121)
	  Index Cond: (id = 1741237)

table 3 : explain SELECT c FROM sbtest3 WHERE id=3596890
	Index Scan using sbtest3_pkey on sbtest3  (cost=0.43..8.45 rows=1 width=121)
	  Index Cond: (id = 3596890)

table 4 : explain SELECT c FROM sbtest4 WHERE id=7829623
	Index Scan using sbtest4_pkey on sbtest4  (cost=0.43..8.45 rows=1 width=121)
	  Index Cond: (id = 7829623)

table 5 : explain SELECT c FROM sbtest5 WHERE id=4555710
	Index Scan using sbtest5_pkey on sbtest5  (cost=0.43..8.45 rows=1 width=121)
	  Index Cond: (id = 4555710)

table 6 : explain SELECT c FROM sbtest6 WHERE id=374005
	Index Scan using sbtest6_pkey on sbtest6  (cost=0.43..8.45 rows=1 width=121)
	  Index Cond: (id = 374005)

table 7 : explain SELECT c FROM sbtest7 WHERE id=1781551
	Index Scan using sbtest7_pkey on sbtest7  (cost=0.43..8.45 rows=1 width=121)
	  Index Cond: (id = 1781551)

table 8 : explain SELECT c FROM sbtest8 WHERE id=3073887
	Index Scan using sbtest8_pkey on sbtest8  (cost=0.43..8.45 rows=1 width=121)
	  Index Cond: (id = 3073887)

for: order_ranges
table 1 : explain SELECT c FROM sbtest1 WHERE id BETWEEN 8256364 AND 8256463 ORDER BY c
	Sort  (cost=420.09..420.36 rows=105 width=121)
	  Sort Key: c
	  ->  Index Scan using sbtest1_pkey on sbtest1  (cost=0.43..416.57 rows=105 width=121)
	        Index Cond: ((id >= 8256364) AND (id <= 8256463))

table 2 : explain SELECT c FROM sbtest2 WHERE id BETWEEN 842271 AND 842370 ORDER BY c
	Sort  (cost=391.26..391.51 rows=98 width=121)
	  Sort Key: c
	  ->  Index Scan using sbtest2_pkey on sbtest2  (cost=0.43..388.02 rows=98 width=121)
	        Index Cond: ((id >= 842271) AND (id <= 842370))

table 3 : explain SELECT c FROM sbtest3 WHERE id BETWEEN 6899897 AND 6899996 ORDER BY c
	Sort  (cost=396.47..396.72 rows=99 width=121)
	  Sort Key: c
	  ->  Index Scan using sbtest3_pkey on sbtest3  (cost=0.43..393.19 rows=99 width=121)
	        Index Cond: ((id >= 6899897) AND (id <= 6899996))

table 4 : explain SELECT c FROM sbtest4 WHERE id BETWEEN 5396328 AND 5396427 ORDER BY c
	Sort  (cost=418.47..418.73 rows=105 width=121)
	  Sort Key: c
	  ->  Index Scan using sbtest4_pkey on sbtest4  (cost=0.43..414.95 rows=105 width=121)
	        Index Cond: ((id >= 5396328) AND (id <= 5396427))

table 5 : explain SELECT c FROM sbtest5 WHERE id BETWEEN 6740174 AND 6740273 ORDER BY c
	Sort  (cost=434.93..435.20 rows=109 width=121)
	  Sort Key: c
	  ->  Index Scan using sbtest5_pkey on sbtest5  (cost=0.43..431.24 rows=109 width=121)
	        Index Cond: ((id >= 6740174) AND (id <= 6740273))

table 6 : explain SELECT c FROM sbtest6 WHERE id BETWEEN 1134992 AND 1135091 ORDER BY c
	Sort  (cost=380.31..380.55 rows=95 width=121)
	  Sort Key: c
	  ->  Index Scan using sbtest6_pkey on sbtest6  (cost=0.43..377.19 rows=95 width=121)
	        Index Cond: ((id >= 1134992) AND (id <= 1135091))

table 7 : explain SELECT c FROM sbtest7 WHERE id BETWEEN 8441614 AND 8441713 ORDER BY c
	Sort  (cost=371.59..371.83 rows=93 width=121)
	  Sort Key: c
	  ->  Index Scan using sbtest7_pkey on sbtest7  (cost=0.43..368.55 rows=93 width=121)
	        Index Cond: ((id >= 8441614) AND (id <= 8441713))

table 8 : explain SELECT c FROM sbtest8 WHERE id BETWEEN 8012034 AND 8012133 ORDER BY c
	Sort  (cost=454.89..455.18 rows=114 width=121)
	  Sort Key: c
	  ->  Index Scan using sbtest8_pkey on sbtest8  (cost=0.43..451.00 rows=114 width=121)
	        Index Cond: ((id >= 8012034) AND (id <= 8012133))

for: order_ranges
table 1 : explain SELECT c FROM sbtest1 WHERE id BETWEEN 5081279 AND 5081378 ORDER BY c
	Sort  (cost=435.95..436.22 rows=109 width=121)
	  Sort Key: c
	  ->  Index Scan using sbtest1_pkey on sbtest1  (cost=0.43..432.26 rows=109 width=121)
	        Index Cond: ((id >= 5081279) AND (id <= 5081378))

table 2 : explain SELECT c FROM sbtest2 WHERE id BETWEEN 435035 AND 435134 ORDER BY c
	Sort  (cost=411.05..411.31 rows=103 width=121)
	  Sort Key: c
	  ->  Index Scan using sbtest2_pkey on sbtest2  (cost=0.43..407.61 rows=103 width=121)
	        Index Cond: ((id >= 435035) AND (id <= 435134))

table 3 : explain SELECT c FROM sbtest3 WHERE id BETWEEN 2704906 AND 2705005 ORDER BY c
	Sort  (cost=459.95..460.24 rows=115 width=121)
	  Sort Key: c
	  ->  Index Scan using sbtest3_pkey on sbtest3  (cost=0.43..456.02 rows=115 width=121)
	        Index Cond: ((id >= 2704906) AND (id <= 2705005))

table 4 : explain SELECT c FROM sbtest4 WHERE id BETWEEN 7726738 AND 7726837 ORDER BY c
	Sort  (cost=406.63..406.88 rows=102 width=121)
	  Sort Key: c
	  ->  Index Scan using sbtest4_pkey on sbtest4  (cost=0.43..403.22 rows=102 width=121)
	        Index Cond: ((id >= 7726738) AND (id <= 7726837))

table 5 : explain SELECT c FROM sbtest5 WHERE id BETWEEN 9456867 AND 9456966 ORDER BY c
	Sort  (cost=359.77..359.99 rows=90 width=121)
	  Sort Key: c
	  ->  Index Scan using sbtest5_pkey on sbtest5  (cost=0.43..356.85 rows=90 width=121)
	        Index Cond: ((id >= 9456867) AND (id <= 9456966))

table 6 : explain SELECT c FROM sbtest6 WHERE id BETWEEN 2692591 AND 2692690 ORDER BY c
	Sort  (cost=380.31..380.55 rows=95 width=121)
	  Sort Key: c
	  ->  Index Scan using sbtest6_pkey on sbtest6  (cost=0.43..377.19 rows=95 width=121)
	        Index Cond: ((id >= 2692591) AND (id <= 2692690))

table 7 : explain SELECT c FROM sbtest7 WHERE id BETWEEN 4080957 AND 4081056 ORDER BY c
	Sort  (cost=403.25..403.50 rows=101 width=121)
	  Sort Key: c
	  ->  Index Scan using sbtest7_pkey on sbtest7  (cost=0.43..399.89 rows=101 width=121)
	        Index Cond: ((id >= 4080957) AND (id <= 4081056))

table 8 : explain SELECT c FROM sbtest8 WHERE id BETWEEN 9317601 AND 9317700 ORDER BY c
	Sort  (cost=423.24..423.50 rows=106 width=121)
	  Sort Key: c
	  ->  Index Scan using sbtest8_pkey on sbtest8  (cost=0.43..419.67 rows=106 width=121)
	        Index Cond: ((id >= 9317601) AND (id <= 9317700))

explain: for point_selects :: explain SELECT c FROM sbtest%u WHERE id=%u
for: simple_ranges
table 1 : explain SELECT c FROM sbtest1 WHERE id BETWEEN 9922232 AND 9922331
	Index Scan using sbtest1_pkey on sbtest1  (cost=0.43..416.57 rows=105 width=121)
	  Index Cond: ((id >= 9922232) AND (id <= 9922331))

table 2 : explain SELECT c FROM sbtest2 WHERE id BETWEEN 3168096 AND 3168195
	Index Scan using sbtest2_pkey on sbtest2  (cost=0.43..391.96 rows=99 width=121)
	  Index Cond: ((id >= 3168096) AND (id <= 3168195))

table 3 : explain SELECT c FROM sbtest3 WHERE id BETWEEN 9946102 AND 9946201
	Index Scan using sbtest3_pkey on sbtest3  (cost=0.43..389.26 rows=98 width=121)
	  Index Cond: ((id >= 9946102) AND (id <= 9946201))

table 4 : explain SELECT c FROM sbtest4 WHERE id BETWEEN 550648 AND 550747
	Index Scan using sbtest4_pkey on sbtest4  (cost=0.43..407.13 rows=103 width=121)
	  Index Cond: ((id >= 550648) AND (id <= 550747))

table 5 : explain SELECT c FROM sbtest5 WHERE id BETWEEN 9511675 AND 9511774
	Index Scan using sbtest5_pkey on sbtest5  (cost=0.43..411.67 rows=104 width=121)
	  Index Cond: ((id >= 9511675) AND (id <= 9511774))

table 6 : explain SELECT c FROM sbtest6 WHERE id BETWEEN 3600978 AND 3601077
	Index Scan using sbtest6_pkey on sbtest6  (cost=0.43..424.28 rows=107 width=121)
	  Index Cond: ((id >= 3600978) AND (id <= 3601077))

table 7 : explain SELECT c FROM sbtest7 WHERE id BETWEEN 4758341 AND 4758440
	Index Scan using sbtest7_pkey on sbtest7  (cost=0.43..380.29 rows=96 width=121)
	  Index Cond: ((id >= 4758341) AND (id <= 4758440))

table 8 : explain SELECT c FROM sbtest8 WHERE id BETWEEN 5708778 AND 5708877
	Index Scan using sbtest8_pkey on sbtest8  (cost=0.43..435.33 rows=110 width=121)
	  Index Cond: ((id >= 5708778) AND (id <= 5708877))

for: distinct_ranges
table 1 : explain SELECT DISTINCT c FROM sbtest1 WHERE id BETWEEN 8005615 AND 8005714 ORDER BY c
	Unique  (cost=404.24..404.74 rows=101 width=121)
	  ->  Sort  (cost=404.24..404.49 rows=101 width=121)
	        Sort Key: c
	        ->  Index Scan using sbtest1_pkey on sbtest1  (cost=0.43..400.87 rows=101 width=121)
	              Index Cond: ((id >= 8005615) AND (id <= 8005714))

table 2 : explain SELECT DISTINCT c FROM sbtest2 WHERE id BETWEEN 8230927 AND 8231026 ORDER BY c
	Unique  (cost=399.19..399.69 rows=100 width=121)
	  ->  Sort  (cost=399.19..399.44 rows=100 width=121)
	        Sort Key: c
	        ->  Index Scan using sbtest2_pkey on sbtest2  (cost=0.43..395.87 rows=100 width=121)
	              Index Cond: ((id >= 8230927) AND (id <= 8231026))

table 3 : explain SELECT DISTINCT c FROM sbtest3 WHERE id BETWEEN 6043938 AND 6044037 ORDER BY c
	Unique  (cost=412.36..412.87 rows=103 width=121)
	  ->  Sort  (cost=412.36..412.61 rows=103 width=121)
	        Sort Key: c
	        ->  Index Scan using sbtest3_pkey on sbtest3  (cost=0.43..408.91 rows=103 width=121)
	              Index Cond: ((id >= 6043938) AND (id <= 6044037))

table 4 : explain SELECT DISTINCT c FROM sbtest4 WHERE id BETWEEN 5749518 AND 5749617 ORDER BY c
	Unique  (cost=394.78..395.28 rows=99 width=121)
	  ->  Sort  (cost=394.78..395.03 rows=99 width=121)
	        Sort Key: c
	        ->  Index Scan using sbtest4_pkey on sbtest4  (cost=0.43..391.50 rows=99 width=121)
	              Index Cond: ((id >= 5749518) AND (id <= 5749617))

table 5 : explain SELECT DISTINCT c FROM sbtest5 WHERE id BETWEEN 7638260 AND 7638359 ORDER BY c
	Unique  (cost=383.52..384.00 rows=96 width=121)
	  ->  Sort  (cost=383.52..383.76 rows=96 width=121)
	        Sort Key: c
	        ->  Index Scan using sbtest5_pkey on sbtest5  (cost=0.43..380.36 rows=96 width=121)
	              Index Cond: ((id >= 7638260) AND (id <= 7638359))

table 6 : explain SELECT DISTINCT c FROM sbtest6 WHERE id BETWEEN 300636 AND 300735 ORDER BY c
	Unique  (cost=372.39..372.85 rows=93 width=121)
	  ->  Sort  (cost=372.39..372.62 rows=93 width=121)
	        Sort Key: c
	        ->  Index Scan using sbtest6_pkey on sbtest6  (cost=0.43..369.35 rows=93 width=121)
	              Index Cond: ((id >= 300636) AND (id <= 300735))

table 7 : explain SELECT DISTINCT c FROM sbtest7 WHERE id BETWEEN 8850018 AND 8850117 ORDER BY c
	Unique  (cost=403.25..403.76 rows=101 width=121)
	  ->  Sort  (cost=403.25..403.50 rows=101 width=121)
	        Sort Key: c
	        ->  Index Scan using sbtest7_pkey on sbtest7  (cost=0.43..399.89 rows=101 width=121)
	              Index Cond: ((id >= 8850018) AND (id <= 8850117))

table 8 : explain SELECT DISTINCT c FROM sbtest8 WHERE id BETWEEN 587687 AND 587786 ORDER BY c
	Unique  (cost=427.19..427.73 rows=107 width=121)
	  ->  Sort  (cost=427.19..427.46 rows=107 width=121)
	        Sort Key: c
	        ->  Index Scan using sbtest8_pkey on sbtest8  (cost=0.43..423.59 rows=107 width=121)
	              Index Cond: ((id >= 587687) AND (id <= 587786))

for: distinct_ranges
table 1 : explain SELECT DISTINCT c FROM sbtest1 WHERE id BETWEEN 3969754 AND 3969853 ORDER BY c
	Unique  (cost=412.16..412.68 rows=103 width=121)
	  ->  Sort  (cost=412.16..412.42 rows=103 width=121)
	        Sort Key: c
	        ->  Index Scan using sbtest1_pkey on sbtest1  (cost=0.43..408.72 rows=103 width=121)
	              Index Cond: ((id >= 3969754) AND (id <= 3969853))

table 2 : explain SELECT DISTINCT c FROM sbtest2 WHERE id BETWEEN 5175155 AND 5175254 ORDER BY c
	Unique  (cost=371.50..371.96 rows=93 width=121)
	  ->  Sort  (cost=371.50..371.73 rows=93 width=121)
	        Sort Key: c
	        ->  Index Scan using sbtest2_pkey on sbtest2  (cost=0.43..368.46 rows=93 width=121)
	              Index Cond: ((id >= 5175155) AND (id <= 5175254))

table 3 : explain SELECT DISTINCT c FROM sbtest3 WHERE id BETWEEN 2920728 AND 2920827 ORDER BY c
	Unique  (cost=388.54..389.02 rows=97 width=121)
	  ->  Sort  (cost=388.54..388.78 rows=97 width=121)
	        Sort Key: c
	        ->  Index Scan using sbtest3_pkey on sbtest3  (cost=0.43..385.34 rows=97 width=121)
	              Index Cond: ((id >= 2920728) AND (id <= 2920827))

table 4 : explain SELECT DISTINCT c FROM sbtest4 WHERE id BETWEEN 5943957 AND 5944056 ORDER BY c
	Unique  (cost=371.07..371.53 rows=93 width=121)
	  ->  Sort  (cost=371.07..371.30 rows=93 width=121)
	        Sort Key: c
	        ->  Index Scan using sbtest4_pkey on sbtest4  (cost=0.43..368.03 rows=93 width=121)
	              Index Cond: ((id >= 5943957) AND (id <= 5944056))

table 5 : explain SELECT DISTINCT c FROM sbtest5 WHERE id BETWEEN 5164087 AND 5164186 ORDER BY c
	Unique  (cost=399.34..399.84 rows=100 width=121)
	  ->  Sort  (cost=399.34..399.59 rows=100 width=121)
	        Sort Key: c
	        ->  Index Scan using sbtest5_pkey on sbtest5  (cost=0.43..396.01 rows=100 width=121)
	              Index Cond: ((id >= 5164087) AND (id <= 5164186))

table 6 : explain SELECT DISTINCT c FROM sbtest6 WHERE id BETWEEN 4609015 AND 4609114 ORDER BY c
	Unique  (cost=396.19..396.68 rows=99 width=121)
	  ->  Sort  (cost=396.19..396.43 rows=99 width=121)
	        Sort Key: c
	        ->  Index Scan using sbtest6_pkey on sbtest6  (cost=0.43..392.91 rows=99 width=121)
	              Index Cond: ((id >= 4609015) AND (id <= 4609114))

table 7 : explain SELECT DISTINCT c FROM sbtest7 WHERE id BETWEEN 8610955 AND 8611054 ORDER BY c
	Unique  (cost=407.21..407.72 rows=102 width=121)
	  ->  Sort  (cost=407.21..407.46 rows=102 width=121)
	        Sort Key: c
	        ->  Index Scan using sbtest7_pkey on sbtest7  (cost=0.43..403.80 rows=102 width=121)
	              Index Cond: ((id >= 8610955) AND (id <= 8611054))

table 8 : explain SELECT DISTINCT c FROM sbtest8 WHERE id BETWEEN 1003613 AND 1003712 ORDER BY c
	Unique  (cost=423.24..423.77 rows=106 width=121)
	  ->  Sort  (cost=423.24..423.50 rows=106 width=121)
	        Sort Key: c
	        ->  Index Scan using sbtest8_pkey on sbtest8  (cost=0.43..419.67 rows=106 width=121)
	              Index Cond: ((id >= 1003613) AND (id <= 1003712))

for: distinct_ranges
table 1 : explain SELECT DISTINCT c FROM sbtest1 WHERE id BETWEEN 9291050 AND 9291149 ORDER BY c
	Unique  (cost=431.99..432.53 rows=108 width=121)
	  ->  Sort  (cost=431.99..432.26 rows=108 width=121)
	        Sort Key: c
	        ->  Index Scan using sbtest1_pkey on sbtest1  (cost=0.43..428.34 rows=108 width=121)
	              Index Cond: ((id >= 9291050) AND (id <= 9291149))

table 2 : explain SELECT DISTINCT c FROM sbtest2 WHERE id BETWEEN 9608529 AND 9608628 ORDER BY c
	Unique  (cost=387.31..387.79 rows=97 width=121)
	  ->  Sort  (cost=387.31..387.55 rows=97 width=121)
	        Sort Key: c
	        ->  Index Scan using sbtest2_pkey on sbtest2  (cost=0.43..384.11 rows=97 width=121)
	              Index Cond: ((id >= 9608529) AND (id <= 9608628))

table 3 : explain SELECT DISTINCT c FROM sbtest3 WHERE id BETWEEN 2862422 AND 2862521 ORDER BY c
	Unique  (cost=376.64..377.11 rows=94 width=121)
	  ->  Sort  (cost=376.64..376.88 rows=94 width=121)
	        Sort Key: c
	        ->  Index Scan using sbtest3_pkey on sbtest3  (cost=0.43..373.56 rows=94 width=121)
	              Index Cond: ((id >= 2862422) AND (id <= 2862521))

table 4 : explain SELECT DISTINCT c FROM sbtest4 WHERE id BETWEEN 5430616 AND 5430715 ORDER BY c
	Unique  (cost=367.12..367.58 rows=92 width=121)
	  ->  Sort  (cost=367.12..367.35 rows=92 width=121)
	        Sort Key: c
	        ->  Index Scan using sbtest4_pkey on sbtest4  (cost=0.43..364.12 rows=92 width=121)
	              Index Cond: ((id >= 5430616) AND (id <= 5430715))

table 5 : explain SELECT DISTINCT c FROM sbtest5 WHERE id BETWEEN 3573238 AND 3573337 ORDER BY c
	Unique  (cost=423.06..423.59 rows=106 width=121)
	  ->  Sort  (cost=423.06..423.33 rows=106 width=121)
	        Sort Key: c
	        ->  Index Scan using sbtest5_pkey on sbtest5  (cost=0.43..419.50 rows=106 width=121)
	              Index Cond: ((id >= 3573238) AND (id <= 3573337))

table 6 : explain SELECT DISTINCT c FROM sbtest6 WHERE id BETWEEN 4197878 AND 4197977 ORDER BY c
	Unique  (cost=400.15..400.65 rows=100 width=121)
	  ->  Sort  (cost=400.15..400.40 rows=100 width=121)
	        Sort Key: c
	        ->  Index Scan using sbtest6_pkey on sbtest6  (cost=0.43..396.83 rows=100 width=121)
	              Index Cond: ((id >= 4197878) AND (id <= 4197977))

table 7 : explain SELECT DISTINCT c FROM sbtest7 WHERE id BETWEEN 6696329 AND 6696428 ORDER BY c
	Unique  (cost=379.50..379.98 rows=95 width=121)
	  ->  Sort  (cost=379.50..379.74 rows=95 width=121)
	        Sort Key: c
	        ->  Index Scan using sbtest7_pkey on sbtest7  (cost=0.43..376.38 rows=95 width=121)
	              Index Cond: ((id >= 6696329) AND (id <= 6696428))

table 8 : explain SELECT DISTINCT c FROM sbtest8 WHERE id BETWEEN 9625302 AND 9625401 ORDER BY c
	Unique  (cost=399.50..400.00 rows=100 width=121)
	  ->  Sort  (cost=399.50..399.75 rows=100 width=121)
	        Sort Key: c
	        ->  Index Scan using sbtest8_pkey on sbtest8  (cost=0.43..396.18 rows=100 width=121)
	              Index Cond: ((id >= 9625302) AND (id <= 9625401))

for: sum_ranges
table 1 : explain SELECT SUM(k) FROM sbtest1 WHERE id BETWEEN 1128745 AND 1128844
	Aggregate  (cost=405.05..405.06 rows=1 width=8)
	  ->  Index Scan using sbtest1_pkey on sbtest1  (cost=0.43..404.80 rows=102 width=4)
	        Index Cond: ((id >= 1128745) AND (id <= 1128844))

table 2 : explain SELECT SUM(k) FROM sbtest2 WHERE id BETWEEN 2501524 AND 2501623
	Aggregate  (cost=400.04..400.05 rows=1 width=8)
	  ->  Index Scan using sbtest2_pkey on sbtest2  (cost=0.43..399.78 rows=101 width=4)
	        Index Cond: ((id >= 2501524) AND (id <= 2501623))

table 3 : explain SELECT SUM(k) FROM sbtest3 WHERE id BETWEEN 4703705 AND 4703804
	Aggregate  (cost=420.95..420.96 rows=1 width=8)
	  ->  Index Scan using sbtest3_pkey on sbtest3  (cost=0.43..420.69 rows=106 width=4)
	        Index Cond: ((id >= 4703705) AND (id <= 4703804))

table 4 : explain SELECT SUM(k) FROM sbtest4 WHERE id BETWEEN 1690378 AND 1690477
	Aggregate  (cost=376.08..376.09 rows=1 width=8)
	  ->  Index Scan using sbtest4_pkey on sbtest4  (cost=0.43..375.84 rows=95 width=4)
	        Index Cond: ((id >= 1690378) AND (id <= 1690477))

table 5 : explain SELECT SUM(k) FROM sbtest5 WHERE id BETWEEN 1039607 AND 1039706
	Aggregate  (cost=415.85..415.86 rows=1 width=8)
	  ->  Index Scan using sbtest5_pkey on sbtest5  (cost=0.43..415.58 rows=105 width=4)
	        Index Cond: ((id >= 1039607) AND (id <= 1039706))

table 6 : explain SELECT SUM(k) FROM sbtest6 WHERE id BETWEEN 1482189 AND 1482288
	Aggregate  (cost=404.93..404.94 rows=1 width=8)
	  ->  Index Scan using sbtest6_pkey on sbtest6  (cost=0.43..404.67 rows=102 width=4)
	        Index Cond: ((id >= 1482189) AND (id <= 1482288))

table 7 : explain SELECT SUM(k) FROM sbtest7 WHERE id BETWEEN 8936267 AND 8936366
	Aggregate  (cost=400.14..400.15 rows=1 width=8)
	  ->  Index Scan using sbtest7_pkey on sbtest7  (cost=0.43..399.89 rows=101 width=4)
	        Index Cond: ((id >= 8936267) AND (id <= 8936366))

table 8 : explain SELECT SUM(k) FROM sbtest8 WHERE id BETWEEN 6424824 AND 6424923
	Aggregate  (cost=408.18..408.19 rows=1 width=8)
	  ->  Index Scan using sbtest8_pkey on sbtest8  (cost=0.43..407.92 rows=103 width=4)
	        Index Cond: ((id >= 6424824) AND (id <= 6424923))

for point_selects
table 1 : explain SELECT c FROM sbtest1 WHERE id=2413569
	Index Scan using sbtest1_pkey on sbtest1  (cost=0.43..8.45 rows=1 width=121)
	  Index Cond: (id = 2413569)

table 2 : explain SELECT c FROM sbtest2 WHERE id=887342
	Index Scan using sbtest2_pkey on sbtest2  (cost=0.43..8.45 rows=1 width=121)
	  Index Cond: (id = 887342)

table 3 : explain SELECT c FROM sbtest3 WHERE id=890342
	Index Scan using sbtest3_pkey on sbtest3  (cost=0.43..8.45 rows=1 width=121)
	  Index Cond: (id = 890342)

table 4 : explain SELECT c FROM sbtest4 WHERE id=5907304
	Index Scan using sbtest4_pkey on sbtest4  (cost=0.43..8.45 rows=1 width=121)
	  Index Cond: (id = 5907304)

table 5 : explain SELECT c FROM sbtest5 WHERE id=6866227
	Index Scan using sbtest5_pkey on sbtest5  (cost=0.43..8.45 rows=1 width=121)
	  Index Cond: (id = 6866227)

table 6 : explain SELECT c FROM sbtest6 WHERE id=9149444
	Index Scan using sbtest6_pkey on sbtest6  (cost=0.43..8.45 rows=1 width=121)
	  Index Cond: (id = 9149444)

table 7 : explain SELECT c FROM sbtest7 WHERE id=9306092
	Index Scan using sbtest7_pkey on sbtest7  (cost=0.43..8.45 rows=1 width=121)
	  Index Cond: (id = 9306092)

table 8 : explain SELECT c FROM sbtest8 WHERE id=7042969
	Index Scan using sbtest8_pkey on sbtest8  (cost=0.43..8.45 rows=1 width=121)
	  Index Cond: (id = 7042969)

for: order_ranges
table 1 : explain SELECT c FROM sbtest1 WHERE id BETWEEN 4869734 AND 4869833 ORDER BY c
	Sort  (cost=368.56..368.79 rows=92 width=121)
	  Sort Key: c
	  ->  Index Scan using sbtest1_pkey on sbtest1  (cost=0.43..365.56 rows=92 width=121)
	        Index Cond: ((id >= 4869734) AND (id <= 4869833))

table 2 : explain SELECT c FROM sbtest2 WHERE id BETWEEN 2893225 AND 2893324 ORDER BY c
	Sort  (cost=387.31..387.55 rows=97 width=121)
	  Sort Key: c
	  ->  Index Scan using sbtest2_pkey on sbtest2  (cost=0.43..384.11 rows=97 width=121)
	        Index Cond: ((id >= 2893225) AND (id <= 2893324))

table 3 : explain SELECT c FROM sbtest3 WHERE id BETWEEN 9439489 AND 9439588 ORDER BY c
	Sort  (cost=400.46..400.71 rows=100 width=121)
	  Sort Key: c
	  ->  Index Scan using sbtest3_pkey on sbtest3  (cost=0.43..397.14 rows=100 width=121)
	        Index Cond: ((id >= 9439489) AND (id <= 9439588))

table 4 : explain SELECT c FROM sbtest4 WHERE id BETWEEN 8260593 AND 8260692 ORDER BY c
	Sort  (cost=398.73..398.98 rows=100 width=121)
	  Sort Key: c
	  ->  Index Scan using sbtest4_pkey on sbtest4  (cost=0.43..395.41 rows=100 width=121)
	        Index Cond: ((id >= 8260593) AND (id <= 8260692))

table 5 : explain SELECT c FROM sbtest5 WHERE id BETWEEN 9938291 AND 9938390 ORDER BY c
	Sort  (cost=419.11..419.37 rows=105 width=121)
	  Sort Key: c
	  ->  Index Scan using sbtest5_pkey on sbtest5  (cost=0.43..415.58 rows=105 width=121)
	        Index Cond: ((id >= 9938291) AND (id <= 9938390))

table 6 : explain SELECT c FROM sbtest6 WHERE id BETWEEN 7984575 AND 7984674 ORDER BY c
	Sort  (cost=384.28..384.52 rows=96 width=121)
	  Sort Key: c
	  ->  Index Scan using sbtest6_pkey on sbtest6  (cost=0.43..381.11 rows=96 width=121)
	        Index Cond: ((id >= 7984575) AND (id <= 7984674))

table 7 : explain SELECT c FROM sbtest7 WHERE id BETWEEN 7589725 AND 7589824 ORDER BY c
	Sort  (cost=395.34..395.59 rows=99 width=121)
	  Sort Key: c
	  ->  Index Scan using sbtest7_pkey on sbtest7  (cost=0.43..392.06 rows=99 width=121)
	        Index Cond: ((id >= 7589725) AND (id <= 7589824))

table 8 : explain SELECT c FROM sbtest8 WHERE id BETWEEN 9903293 AND 9903392 ORDER BY c
	Sort  (cost=419.28..419.54 rows=105 width=121)
	  Sort Key: c
	  ->  Index Scan using sbtest8_pkey on sbtest8  (cost=0.43..415.76 rows=105 width=121)
	        Index Cond: ((id >= 9903293) AND (id <= 9903392))

for: simple_ranges
table 1 : explain SELECT c FROM sbtest1 WHERE id BETWEEN 920416 AND 920515
	Index Scan using sbtest1_pkey on sbtest1  (cost=0.43..393.03 rows=99 width=121)
	  Index Cond: ((id >= 920416) AND (id <= 920515))

table 2 : explain SELECT c FROM sbtest2 WHERE id BETWEEN 8897098 AND 8897197
	Index Scan using sbtest2_pkey on sbtest2  (cost=0.43..411.52 rows=104 width=121)
	  Index Cond: ((id >= 8897098) AND (id <= 8897197))

table 3 : explain SELECT c FROM sbtest3 WHERE id BETWEEN 1473686 AND 1473785
	Index Scan using sbtest3_pkey on sbtest3  (cost=0.43..408.91 rows=103 width=121)
	  Index Cond: ((id >= 1473686) AND (id <= 1473785))

table 4 : explain SELECT c FROM sbtest4 WHERE id BETWEEN 5414666 AND 5414765
	Index Scan using sbtest4_pkey on sbtest4  (cost=0.43..364.12 rows=92 width=121)
	  Index Cond: ((id >= 5414666) AND (id <= 5414765))

table 5 : explain SELECT c FROM sbtest5 WHERE id BETWEEN 2265070 AND 2265169
	Index Scan using sbtest5_pkey on sbtest5  (cost=0.43..384.27 rows=97 width=121)
	  Index Cond: ((id >= 2265070) AND (id <= 2265169))

table 6 : explain SELECT c FROM sbtest6 WHERE id BETWEEN 5320576 AND 5320675
	Index Scan using sbtest6_pkey on sbtest6  (cost=0.43..412.52 rows=104 width=121)
	  Index Cond: ((id >= 5320576) AND (id <= 5320675))

table 7 : explain SELECT c FROM sbtest7 WHERE id BETWEEN 5029340 AND 5029439
	Index Scan using sbtest7_pkey on sbtest7  (cost=0.43..419.46 rows=106 width=121)
	  Index Cond: ((id >= 5029340) AND (id <= 5029439))

table 8 : explain SELECT c FROM sbtest8 WHERE id BETWEEN 6018358 AND 6018457
	Index Scan using sbtest8_pkey on sbtest8  (cost=0.43..400.09 rows=101 width=121)
	  Index Cond: ((id >= 6018358) AND (id <= 6018457))

for: distinct_ranges
table 1 : explain SELECT DISTINCT c FROM sbtest1 WHERE id BETWEEN 5994086 AND 5994185 ORDER BY c
	Unique  (cost=388.38..388.87 rows=97 width=121)
	  ->  Sort  (cost=388.38..388.62 rows=97 width=121)
	        Sort Key: c
	        ->  Index Scan using sbtest1_pkey on sbtest1  (cost=0.43..385.18 rows=97 width=121)
	              Index Cond: ((id >= 5994086) AND (id <= 5994185))

table 2 : explain SELECT DISTINCT c FROM sbtest2 WHERE id BETWEEN 4384793 AND 4384892 ORDER BY c
	Unique  (cost=399.19..399.69 rows=100 width=121)
	  ->  Sort  (cost=399.19..399.44 rows=100 width=121)
	        Sort Key: c
	        ->  Index Scan using sbtest2_pkey on sbtest2  (cost=0.43..395.87 rows=100 width=121)
	              Index Cond: ((id >= 4384793) AND (id <= 4384892))

table 3 : explain SELECT DISTINCT c FROM sbtest3 WHERE id BETWEEN 593638 AND 593737 ORDER BY c
	Unique  (cost=408.39..408.90 rows=102 width=121)
	  ->  Sort  (cost=408.39..408.65 rows=102 width=121)
	        Sort Key: c
	        ->  Index Scan using sbtest3_pkey on sbtest3  (cost=0.43..404.99 rows=102 width=121)
	              Index Cond: ((id >= 593638) AND (id <= 593737))

table 4 : explain SELECT DISTINCT c FROM sbtest4 WHERE id BETWEEN 639020 AND 639119 ORDER BY c
	Unique  (cost=398.73..399.23 rows=100 width=121)
	  ->  Sort  (cost=398.73..398.98 rows=100 width=121)
	        Sort Key: c
	        ->  Index Scan using sbtest4_pkey on sbtest4  (cost=0.43..395.41 rows=100 width=121)
	              Index Cond: ((id >= 639020) AND (id <= 639119))

table 5 : explain SELECT DISTINCT c FROM sbtest5 WHERE id BETWEEN 9031448 AND 9031547 ORDER BY c
	Unique  (cost=399.34..399.84 rows=100 width=121)
	  ->  Sort  (cost=399.34..399.59 rows=100 width=121)
	        Sort Key: c
	        ->  Index Scan using sbtest5_pkey on sbtest5  (cost=0.43..396.01 rows=100 width=121)
	              Index Cond: ((id >= 9031448) AND (id <= 9031547))

table 6 : explain SELECT DISTINCT c FROM sbtest6 WHERE id BETWEEN 8824264 AND 8824363 ORDER BY c
	Unique  (cost=368.43..368.89 rows=92 width=121)
	  ->  Sort  (cost=368.43..368.66 rows=92 width=121)
	        Sort Key: c
	        ->  Index Scan using sbtest6_pkey on sbtest6  (cost=0.43..365.43 rows=92 width=121)
	              Index Cond: ((id >= 8824264) AND (id <= 8824363))

table 7 : explain SELECT DISTINCT c FROM sbtest7 WHERE id BETWEEN 5933785 AND 5933884 ORDER BY c
	Unique  (cost=423.02..423.55 rows=106 width=121)
	  ->  Sort  (cost=423.02..423.29 rows=106 width=121)
	        Sort Key: c
	        ->  Index Scan using sbtest7_pkey on sbtest7  (cost=0.43..419.46 rows=106 width=121)
	              Index Cond: ((id >= 5933785) AND (id <= 5933884))

table 8 : explain SELECT DISTINCT c FROM sbtest8 WHERE id BETWEEN 4161264 AND 4161363 ORDER BY c
	Unique  (cost=415.32..415.84 rows=104 width=121)
	  ->  Sort  (cost=415.32..415.58 rows=104 width=121)
	        Sort Key: c
	        ->  Index Scan using sbtest8_pkey on sbtest8  (cost=0.43..411.84 rows=104 width=121)
	              Index Cond: ((id >= 4161264) AND (id <= 4161363))

for: sum_ranges
table 1 : explain SELECT SUM(k) FROM sbtest1 WHERE id BETWEEN 4456772 AND 4456871
	Aggregate  (cost=385.42..385.43 rows=1 width=8)
	  ->  Index Scan using sbtest1_pkey on sbtest1  (cost=0.43..385.18 rows=97 width=4)
	        Index Cond: ((id >= 4456772) AND (id <= 4456871))

table 2 : explain SELECT SUM(k) FROM sbtest2 WHERE id BETWEEN 6328884 AND 6328983
	Aggregate  (cost=384.35..384.36 rows=1 width=8)
	  ->  Index Scan using sbtest2_pkey on sbtest2  (cost=0.43..384.11 rows=97 width=4)
	        Index Cond: ((id >= 6328884) AND (id <= 6328983))

table 3 : explain SELECT SUM(k) FROM sbtest3 WHERE id BETWEEN 9192600 AND 9192699
	Aggregate  (cost=381.65..381.66 rows=1 width=8)
	  ->  Index Scan using sbtest3_pkey on sbtest3  (cost=0.43..381.41 rows=96 width=4)
	        Index Cond: ((id >= 9192600) AND (id <= 9192699))

table 4 : explain SELECT SUM(k) FROM sbtest4 WHERE id BETWEEN 6247507 AND 6247606
	Aggregate  (cost=360.44..360.45 rows=1 width=8)
	  ->  Index Scan using sbtest4_pkey on sbtest4  (cost=0.43..360.21 rows=91 width=4)
	        Index Cond: ((id >= 6247507) AND (id <= 6247606))

table 5 : explain SELECT SUM(k) FROM sbtest5 WHERE id BETWEEN 5706896 AND 5706995
	Aggregate  (cost=368.82..368.83 rows=1 width=8)
	  ->  Index Scan using sbtest5_pkey on sbtest5  (cost=0.43..368.59 rows=93 width=4)
	        Index Cond: ((id >= 5706896) AND (id <= 5706995))

table 6 : explain SELECT SUM(k) FROM sbtest6 WHERE id BETWEEN 6393560 AND 6393659
	Aggregate  (cost=385.28..385.29 rows=1 width=8)
	  ->  Index Scan using sbtest6_pkey on sbtest6  (cost=0.43..385.04 rows=97 width=4)
	        Index Cond: ((id >= 6393560) AND (id <= 6393659))

table 7 : explain SELECT SUM(k) FROM sbtest7 WHERE id BETWEEN 7002959 AND 7003058
	Aggregate  (cost=380.53..380.54 rows=1 width=8)
	  ->  Index Scan using sbtest7_pkey on sbtest7  (cost=0.43..380.29 rows=96 width=4)
	        Index Cond: ((id >= 7002959) AND (id <= 7003058))

table 8 : explain SELECT SUM(k) FROM sbtest8 WHERE id BETWEEN 4310238 AND 4310337
	Aggregate  (cost=349.38..349.39 rows=1 width=8)
	  ->  Index Scan using sbtest8_pkey on sbtest8  (cost=0.43..349.16 rows=88 width=4)
	        Index Cond: ((id >= 4310238) AND (id <= 4310337))

for: order_ranges
table 1 : explain SELECT c FROM sbtest1 WHERE id BETWEEN 5756187 AND 5756286 ORDER BY c
	Sort  (cost=404.24..404.49 rows=101 width=121)
	  Sort Key: c
	  ->  Index Scan using sbtest1_pkey on sbtest1  (cost=0.43..400.87 rows=101 width=121)
	        Index Cond: ((id >= 5756187) AND (id <= 5756286))

table 2 : explain SELECT c FROM sbtest2 WHERE id BETWEEN 7516432 AND 7516531 ORDER BY c
	Sort  (cost=426.86..427.13 rows=107 width=121)
	  Sort Key: c
	  ->  Index Scan using sbtest2_pkey on sbtest2  (cost=0.43..423.26 rows=107 width=121)
	        Index Cond: ((id >= 7516432) AND (id <= 7516531))

table 3 : explain SELECT c FROM sbtest3 WHERE id BETWEEN 1492406 AND 1492505 ORDER BY c
	Sort  (cost=404.42..404.68 rows=101 width=121)
	  Sort Key: c
	  ->  Index Scan using sbtest3_pkey on sbtest3  (cost=0.43..401.06 rows=101 width=121)
	        Index Cond: ((id >= 1492406) AND (id <= 1492505))

table 4 : explain SELECT c FROM sbtest4 WHERE id BETWEEN 843026 AND 843125 ORDER BY c
	Sort  (cost=382.91..383.15 rows=96 width=121)
	  Sort Key: c
	  ->  Index Scan using sbtest4_pkey on sbtest4  (cost=0.43..379.75 rows=96 width=121)
	        Index Cond: ((id >= 843026) AND (id <= 843125))

table 5 : explain SELECT c FROM sbtest5 WHERE id BETWEEN 5323902 AND 5324001 ORDER BY c
	Sort  (cost=395.38..395.63 rows=99 width=121)
	  Sort Key: c
	  ->  Index Scan using sbtest5_pkey on sbtest5  (cost=0.43..392.10 rows=99 width=121)
	        Index Cond: ((id >= 5323902) AND (id <= 5324001))

table 6 : explain SELECT c FROM sbtest6 WHERE id BETWEEN 4451187 AND 4451286 ORDER BY c
	Sort  (cost=392.22..392.47 rows=98 width=121)
	  Sort Key: c
	  ->  Index Scan using sbtest6_pkey on sbtest6  (cost=0.43..388.98 rows=98 width=121)
	        Index Cond: ((id >= 4451187) AND (id <= 4451286))

table 7 : explain SELECT c FROM sbtest7 WHERE id BETWEEN 8843943 AND 8844042 ORDER BY c
	Sort  (cost=403.25..403.50 rows=101 width=121)
	  Sort Key: c
	  ->  Index Scan using sbtest7_pkey on sbtest7  (cost=0.43..399.89 rows=101 width=121)
	        Index Cond: ((id >= 8843943) AND (id <= 8844042))

table 8 : explain SELECT c FROM sbtest8 WHERE id BETWEEN 2303236 AND 2303335 ORDER BY c
	Sort  (cost=399.50..399.75 rows=100 width=121)
	  Sort Key: c
	  ->  Index Scan using sbtest8_pkey on sbtest8  (cost=0.43..396.18 rows=100 width=121)
	        Index Cond: ((id >= 2303236) AND (id <= 2303335))

for: distinct_ranges
table 1 : explain SELECT DISTINCT c FROM sbtest1 WHERE id BETWEEN 8165288 AND 8165387 ORDER BY c
	Unique  (cost=376.49..376.96 rows=94 width=121)
	  ->  Sort  (cost=376.49..376.73 rows=94 width=121)
	        Sort Key: c
	        ->  Index Scan using sbtest1_pkey on sbtest1  (cost=0.43..373.41 rows=94 width=121)
	              Index Cond: ((id >= 8165288) AND (id <= 8165387))

table 2 : explain SELECT DISTINCT c FROM sbtest2 WHERE id BETWEEN 6708993 AND 6709092 ORDER BY c
	Unique  (cost=367.54..368.00 rows=92 width=121)
	  ->  Sort  (cost=367.54..367.77 rows=92 width=121)
	        Sort Key: c
	        ->  Index Scan using sbtest2_pkey on sbtest2  (cost=0.43..364.54 rows=92 width=121)
	              Index Cond: ((id >= 6708993) AND (id <= 6709092))

table 3 : explain SELECT DISTINCT c FROM sbtest3 WHERE id BETWEEN 9255456 AND 9255555 ORDER BY c
	Unique  (cost=384.57..385.05 rows=96 width=121)
	  ->  Sort  (cost=384.57..384.81 rows=96 width=121)
	        Sort Key: c
	        ->  Index Scan using sbtest3_pkey on sbtest3  (cost=0.43..381.41 rows=96 width=121)
	              Index Cond: ((id >= 9255456) AND (id <= 9255555))

table 4 : explain SELECT DISTINCT c FROM sbtest4 WHERE id BETWEEN 2248335 AND 2248434 ORDER BY c
	Unique  (cost=367.12..367.58 rows=92 width=121)
	  ->  Sort  (cost=367.12..367.35 rows=92 width=121)
	        Sort Key: c
	        ->  Index Scan using sbtest4_pkey on sbtest4  (cost=0.43..364.12 rows=92 width=121)
	              Index Cond: ((id >= 2248335) AND (id <= 2248434))

table 5 : explain SELECT DISTINCT c FROM sbtest5 WHERE id BETWEEN 3520702 AND 3520801 ORDER BY c
	Unique  (cost=423.06..423.59 rows=106 width=121)
	  ->  Sort  (cost=423.06..423.33 rows=106 width=121)
	        Sort Key: c
	        ->  Index Scan using sbtest5_pkey on sbtest5  (cost=0.43..419.50 rows=106 width=121)
	              Index Cond: ((id >= 3520702) AND (id <= 3520801))

table 6 : explain SELECT DISTINCT c FROM sbtest6 WHERE id BETWEEN 6551319 AND 6551418 ORDER BY c
	Unique  (cost=384.28..384.76 rows=96 width=121)
	  ->  Sort  (cost=384.28..384.52 rows=96 width=121)
	        Sort Key: c
	        ->  Index Scan using sbtest6_pkey on sbtest6  (cost=0.43..381.11 rows=96 width=121)
	              Index Cond: ((id >= 6551319) AND (id <= 6551418))

table 7 : explain SELECT DISTINCT c FROM sbtest7 WHERE id BETWEEN 9526506 AND 9526605 ORDER BY c
	Unique  (cost=399.30..399.80 rows=100 width=121)
	  ->  Sort  (cost=399.30..399.55 rows=100 width=121)
	        Sort Key: c
	        ->  Index Scan using sbtest7_pkey on sbtest7  (cost=0.43..395.98 rows=100 width=121)
	              Index Cond: ((id >= 9526506) AND (id <= 9526605))

table 8 : explain SELECT DISTINCT c FROM sbtest8 WHERE id BETWEEN 711754 AND 711853 ORDER BY c
	Unique  (cost=383.68..384.16 rows=96 width=121)
	  ->  Sort  (cost=383.68..383.92 rows=96 width=121)
	        Sort Key: c
	        ->  Index Scan using sbtest8_pkey on sbtest8  (cost=0.43..380.51 rows=96 width=121)
	              Index Cond: ((id >= 711754) AND (id <= 711853))

Threads started!

Warming up for 5 seconds...

SQL statistics:
    queries performed:
        read:                            256312496
        write:                           0
        other:                           36616094
        total:                           292928590
    transactions:                        18308067 (29060.09 per sec.)
    queries:                             292928590 (464960.67 per sec.)
    ignored errors:                      0      (0.00 per sec.)
    reconnects:                          0      (0.00 per sec.)

Throughput:
    events/s (eps):                      29060.0894
    time elapsed:                        630.0076s
    total number of events:              18308067

Latency (ms):
         min:                                    1.15
         avg:                                    1.38
         max:                                   25.57
         95th percentile:                        1.44
         sum:                             25182158.23

Threads fairness:
    events (avg/stddev):           457701.2750/2040.90
    execution time (avg/stddev):   629.5540/0.01

