LUA_PATH=/home/mdcallag/git/mytools/bench/sysbench.lua/lua/?.lua /home/mdcallag/git/mytools/bench/sysbench.lua/lua/sysbench --db-driver=pgsql --range-size=100 --table-size=10000000 --tables=8 --threads=40 --events=0 --warmup-time=5 --time=630 --pgsql_conn_id=true /home/mdcallag/git/mytools/bench/sysbench.lua/lua/oltp_range_covered.lua run --pgsql-user=root --pgsql-password=pw --pgsql-host=127.0.0.1 --pgsql-db=ib --rand-type=uniform --random-points=100 --skip-trx
48 CPUs
sysbench 1.1.0-9072687 (using bundled LuaJIT 2.1.0-beta3)

Running the test with following options:
Number of threads: 40
Warmup time: 5s
Initializing random number generator from current time


Initializing worker threads...

explain: for range-covered :: explain SELECT id FROM sbtest%d WHERE id BETWEEN 6861591 AND 6861691
explain: for range-covered :: explain SELECT id FROM sbtest%d WHERE id BETWEEN 3203033 AND 3203133
explain: for range-covered :: explain SELECT id FROM sbtest%d WHERE id BETWEEN 9638540 AND 9638640
explain: for range-covered :: explain SELECT id FROM sbtest%d WHERE id BETWEEN 2862996 AND 2863096
explain: for range-covered :: explain SELECT id FROM sbtest%d WHERE id BETWEEN 3599712 AND 3599812
explain: for range-covered :: explain SELECT id FROM sbtest%d WHERE id BETWEEN 2731051 AND 2731151
explain: for range-covered :: explain SELECT id FROM sbtest%d WHERE id BETWEEN 3086032 AND 3086132
for range-covered
table 1 : explain SELECT id FROM sbtest1 WHERE id BETWEEN 3203033 AND 3203133
	Index Only Scan using sbtest1_pkey on sbtest1  (cost=0.43..6.47 rows=102 width=4)
	  Index Cond: ((id >= 3203033) AND (id <= 3203133))

table 2 : explain SELECT id FROM sbtest2 WHERE id BETWEEN 3203033 AND 3203133
	Index Only Scan using sbtest2_pkey on sbtest2  (cost=0.43..6.43 rows=100 width=4)
	  Index Cond: ((id >= 3203033) AND (id <= 3203133))

table 3 : explain SELECT id FROM sbtest3 WHERE id BETWEEN 3203033 AND 3203133
	Index Only Scan using sbtest3_pkey on sbtest3  (cost=0.43..6.43 rows=100 width=4)
	  Index Cond: ((id >= 3203033) AND (id <= 3203133))

table 4 : explain SELECT id FROM sbtest4 WHERE id BETWEEN 3203033 AND 3203133
	Index Only Scan using sbtest4_pkey on sbtest4  (cost=0.43..6.43 rows=100 width=4)
	  Index Cond: ((id >= 3203033) AND (id <= 3203133))

table 5 : explain SELECT id FROM sbtest5 WHERE id BETWEEN 3203033 AND 3203133
	Index Only Scan using sbtest5_pkey on sbtest5  (cost=0.43..6.45 rows=101 width=4)
	  Index Cond: ((id >= 3203033) AND (id <= 3203133))

table 6 : explain SELECT id FROM sbtest6 WHERE id BETWEEN 3203033 AND 3203133
	Index Only Scan using sbtest6_pkey on sbtest6  (cost=0.43..6.58 rows=107 width=4)
	  Index Cond: ((id >= 3203033) AND (id <= 3203133))

table 7 : explain SELECT id FROM sbtest7 WHERE id BETWEEN 3203033 AND 3203133
	Index Only Scan using sbtest7_pkey on sbtest7  (cost=0.43..6.43 rows=100 width=4)
	  Index Cond: ((id >= 3203033) AND (id <= 3203133))

table 8 : explain SELECT id FROM sbtest8 WHERE id BETWEEN 3203033 AND 3203133
	Index Only Scan using sbtest8_pkey on sbtest8  (cost=0.43..6.45 rows=101 width=4)
	  Index Cond: ((id >= 3203033) AND (id <= 3203133))

explain: for range-covered :: explain SELECT id FROM sbtest%d WHERE id BETWEEN 3203033 AND 3203133
for range-covered
table 1 : explain SELECT id FROM sbtest1 WHERE id BETWEEN 6861591 AND 6861691
	Index Only Scan using sbtest1_pkey on sbtest1  (cost=0.43..6.58 rows=107 width=4)
	  Index Cond: ((id >= 6861591) AND (id <= 6861691))

table 2 : explain SELECT id FROM sbtest2 WHERE id BETWEEN 6861591 AND 6861691
	Index Only Scan using sbtest2_pkey on sbtest2  (cost=0.43..6.35 rows=96 width=4)
	  Index Cond: ((id >= 6861591) AND (id <= 6861691))

table 3 : explain SELECT id FROM sbtest3 WHERE id BETWEEN 6861591 AND 6861691
	Index Only Scan using sbtest3_pkey on sbtest3  (cost=0.43..6.43 rows=100 width=4)
	  Index Cond: ((id >= 6861591) AND (id <= 6861691))

table 4 : explain SELECT id FROM sbtest4 WHERE id BETWEEN 6861591 AND 6861691
	Index Only Scan using sbtest4_pkey on sbtest4  (cost=0.43..6.43 rows=100 width=4)
	  Index Cond: ((id >= 6861591) AND (id <= 6861691))

table 5 : explain SELECT id FROM sbtest5 WHERE id BETWEEN 6861591 AND 6861691
	Index Only Scan using sbtest5_pkey on sbtest5  (cost=0.43..6.37 rows=97 width=4)
	  Index Cond: ((id >= 6861591) AND (id <= 6861691))

table 6 : explain SELECT id FROM sbtest6 WHERE id BETWEEN 6861591 AND 6861691
	Index Only Scan using sbtest6_pkey on sbtest6  (cost=0.43..6.56 rows=106 width=4)
	  Index Cond: ((id >= 6861591) AND (id <= 6861691))

table 7 : explain SELECT id FROM sbtest7 WHERE id BETWEEN 6861591 AND 6861691
	Index Only Scan using sbtest7_pkey on sbtest7  (cost=0.43..6.29 rows=93 width=4)
	  Index Cond: ((id >= 6861591) AND (id <= 6861691))

table 8 : explain SELECT id FROM sbtest8 WHERE id BETWEEN 6861591 AND 6861691
	Index Only Scan using sbtest8_pkey on sbtest8  (cost=0.43..6.58 rows=107 width=4)
	  Index Cond: ((id >= 6861591) AND (id <= 6861691))

explain: for range-covered :: explain SELECT id FROM sbtest%d WHERE id BETWEEN 6861591 AND 6861691
for range-covered
table 1 : explain SELECT id FROM sbtest1 WHERE id BETWEEN 3599712 AND 3599812
	Index Only Scan using sbtest1_pkey on sbtest1  (cost=0.43..6.40 rows=98 width=4)
	  Index Cond: ((id >= 3599712) AND (id <= 3599812))

table 2 : explain SELECT id FROM sbtest2 WHERE id BETWEEN 3599712 AND 3599812
	Index Only Scan using sbtest2_pkey on sbtest2  (cost=0.43..6.42 rows=99 width=4)
	  Index Cond: ((id >= 3599712) AND (id <= 3599812))

table 3 : explain SELECT id FROM sbtest3 WHERE id BETWEEN 3599712 AND 3599812
	Index Only Scan using sbtest3_pkey on sbtest3  (cost=0.43..6.29 rows=93 width=4)
	  Index Cond: ((id >= 3599712) AND (id <= 3599812))

table 4 : explain SELECT id FROM sbtest4 WHERE id BETWEEN 3599712 AND 3599812
	Index Only Scan using sbtest4_pkey on sbtest4  (cost=0.43..6.66 rows=111 width=4)
	  Index Cond: ((id >= 3599712) AND (id <= 3599812))

table 5 : explain SELECT id FROM sbtest5 WHERE id BETWEEN 3599712 AND 3599812
	Index Only Scan using sbtest5_pkey on sbtest5  (cost=0.43..6.51 rows=104 width=4)
	  Index Cond: ((id >= 3599712) AND (id <= 3599812))

table 6 : explain SELECT id FROM sbtest6 WHERE id BETWEEN 3599712 AND 3599812
	Index Only Scan using sbtest6_pkey on sbtest6  (cost=0.43..6.59 rows=108 width=4)
	  Index Cond: ((id >= 3599712) AND (id <= 3599812))

table 7 : explain SELECT id FROM sbtest7 WHERE id BETWEEN 3599712 AND 3599812
	Index Only Scan using sbtest7_pkey on sbtest7  (cost=0.43..6.56 rows=106 width=4)
	  Index Cond: ((id >= 3599712) AND (id <= 3599812))

table 8 : explain SELECT id FROM sbtest8 WHERE id BETWEEN 3599712 AND 3599812
	Index Only Scan using sbtest8_pkey on sbtest8  (cost=0.43..6.37 rows=97 width=4)
	  Index Cond: ((id >= 3599712) AND (id <= 3599812))

explain: for range-covered :: explain SELECT id FROM sbtest%d WHERE id BETWEEN 3599712 AND 3599812
for range-covered
table 1 : explain SELECT id FROM sbtest1 WHERE id BETWEEN 3203033 AND 3203133
	Index Only Scan using sbtest1_pkey on sbtest1  (cost=0.43..6.47 rows=102 width=4)
	  Index Cond: ((id >= 3203033) AND (id <= 3203133))

table 2 : explain SELECT id FROM sbtest2 WHERE id BETWEEN 3203033 AND 3203133
	Index Only Scan using sbtest2_pkey on sbtest2  (cost=0.43..6.43 rows=100 width=4)
	  Index Cond: ((id >= 3203033) AND (id <= 3203133))

table 3 : explain SELECT id FROM sbtest3 WHERE id BETWEEN 3203033 AND 3203133
	Index Only Scan using sbtest3_pkey on sbtest3  (cost=0.43..6.43 rows=100 width=4)
	  Index Cond: ((id >= 3203033) AND (id <= 3203133))

table 4 : explain SELECT id FROM sbtest4 WHERE id BETWEEN 3203033 AND 3203133
	Index Only Scan using sbtest4_pkey on sbtest4  (cost=0.43..6.43 rows=100 width=4)
	  Index Cond: ((id >= 3203033) AND (id <= 3203133))

table 5 : explain SELECT id FROM sbtest5 WHERE id BETWEEN 3203033 AND 3203133
	Index Only Scan using sbtest5_pkey on sbtest5  (cost=0.43..6.45 rows=101 width=4)
	  Index Cond: ((id >= 3203033) AND (id <= 3203133))

table 6 : explain SELECT id FROM sbtest6 WHERE id BETWEEN 3203033 AND 3203133
	Index Only Scan using sbtest6_pkey on sbtest6  (cost=0.43..6.58 rows=107 width=4)
	  Index Cond: ((id >= 3203033) AND (id <= 3203133))

table 7 : explain SELECT id FROM sbtest7 WHERE id BETWEEN 3203033 AND 3203133
	Index Only Scan using sbtest7_pkey on sbtest7  (cost=0.43..6.43 rows=100 width=4)
	  Index Cond: ((id >= 3203033) AND (id <= 3203133))

table 8 : explain SELECT id FROM sbtest8 WHERE id BETWEEN 3203033 AND 3203133
	Index Only Scan using sbtest8_pkey on sbtest8  (cost=0.43..6.45 rows=101 width=4)
	  Index Cond: ((id >= 3203033) AND (id <= 3203133))

explain: for range-covered :: explain SELECT id FROM sbtest%d WHERE id BETWEEN 3203033 AND 3203133
for range-covered
table 1 : explain SELECT id FROM sbtest1 WHERE id BETWEEN 6861591 AND 6861691
	Index Only Scan using sbtest1_pkey on sbtest1  (cost=0.43..6.58 rows=107 width=4)
	  Index Cond: ((id >= 6861591) AND (id <= 6861691))

table 2 : explain SELECT id FROM sbtest2 WHERE id BETWEEN 6861591 AND 6861691
	Index Only Scan using sbtest2_pkey on sbtest2  (cost=0.43..6.35 rows=96 width=4)
	  Index Cond: ((id >= 6861591) AND (id <= 6861691))

table 3 : explain SELECT id FROM sbtest3 WHERE id BETWEEN 6861591 AND 6861691
	Index Only Scan using sbtest3_pkey on sbtest3  (cost=0.43..6.43 rows=100 width=4)
	  Index Cond: ((id >= 6861591) AND (id <= 6861691))

table 4 : explain SELECT id FROM sbtest4 WHERE id BETWEEN 6861591 AND 6861691
	Index Only Scan using sbtest4_pkey on sbtest4  (cost=0.43..6.43 rows=100 width=4)
	  Index Cond: ((id >= 6861591) AND (id <= 6861691))

table 5 : explain SELECT id FROM sbtest5 WHERE id BETWEEN 6861591 AND 6861691
	Index Only Scan using sbtest5_pkey on sbtest5  (cost=0.43..6.37 rows=97 width=4)
	  Index Cond: ((id >= 6861591) AND (id <= 6861691))

table 6 : explain SELECT id FROM sbtest6 WHERE id BETWEEN 6861591 AND 6861691
	Index Only Scan using sbtest6_pkey on sbtest6  (cost=0.43..6.56 rows=106 width=4)
	  Index Cond: ((id >= 6861591) AND (id <= 6861691))

table 7 : explain SELECT id FROM sbtest7 WHERE id BETWEEN 6861591 AND 6861691
	Index Only Scan using sbtest7_pkey on sbtest7  (cost=0.43..6.29 rows=93 width=4)
	  Index Cond: ((id >= 6861591) AND (id <= 6861691))

table 8 : explain SELECT id FROM sbtest8 WHERE id BETWEEN 6861591 AND 6861691
	Index Only Scan using sbtest8_pkey on sbtest8  (cost=0.43..6.58 rows=107 width=4)
	  Index Cond: ((id >= 6861591) AND (id <= 6861691))

explain: for range-covered :: explain SELECT id FROM sbtest%d WHERE id BETWEEN 6861591 AND 6861691
for range-covered
table 1 : explain SELECT id FROM sbtest1 WHERE id BETWEEN 3599712 AND 3599812
	Index Only Scan using sbtest1_pkey on sbtest1  (cost=0.43..6.40 rows=98 width=4)
	  Index Cond: ((id >= 3599712) AND (id <= 3599812))

table 2 : explain SELECT id FROM sbtest2 WHERE id BETWEEN 3599712 AND 3599812
	Index Only Scan using sbtest2_pkey on sbtest2  (cost=0.43..6.42 rows=99 width=4)
	  Index Cond: ((id >= 3599712) AND (id <= 3599812))

table 3 : explain SELECT id FROM sbtest3 WHERE id BETWEEN 3599712 AND 3599812
	Index Only Scan using sbtest3_pkey on sbtest3  (cost=0.43..6.29 rows=93 width=4)
	  Index Cond: ((id >= 3599712) AND (id <= 3599812))

table 4 : explain SELECT id FROM sbtest4 WHERE id BETWEEN 3599712 AND 3599812
	Index Only Scan using sbtest4_pkey on sbtest4  (cost=0.43..6.66 rows=111 width=4)
	  Index Cond: ((id >= 3599712) AND (id <= 3599812))

table 5 : explain SELECT id FROM sbtest5 WHERE id BETWEEN 3599712 AND 3599812
	Index Only Scan using sbtest5_pkey on sbtest5  (cost=0.43..6.51 rows=104 width=4)
	  Index Cond: ((id >= 3599712) AND (id <= 3599812))

table 6 : explain SELECT id FROM sbtest6 WHERE id BETWEEN 3599712 AND 3599812
	Index Only Scan using sbtest6_pkey on sbtest6  (cost=0.43..6.59 rows=108 width=4)
	  Index Cond: ((id >= 3599712) AND (id <= 3599812))

table 7 : explain SELECT id FROM sbtest7 WHERE id BETWEEN 3599712 AND 3599812
	Index Only Scan using sbtest7_pkey on sbtest7  (cost=0.43..6.56 rows=106 width=4)
	  Index Cond: ((id >= 3599712) AND (id <= 3599812))

table 8 : explain SELECT id FROM sbtest8 WHERE id BETWEEN 3599712 AND 3599812
	Index Only Scan using sbtest8_pkey on sbtest8  (cost=0.43..6.37 rows=97 width=4)
	  Index Cond: ((id >= 3599712) AND (id <= 3599812))

for range-covered
table 1 : explain SELECT id FROM sbtest1 WHERE id BETWEEN 3203033 AND 3203133
	Index Only Scan using sbtest1_pkey on sbtest1  (cost=0.43..6.47 rows=102 width=4)
	  Index Cond: ((id >= 3203033) AND (id <= 3203133))

table 2 : explain SELECT id FROM sbtest2 WHERE id BETWEEN 3203033 AND 3203133
	Index Only Scan using sbtest2_pkey on sbtest2  (cost=0.43..6.43 rows=100 width=4)
	  Index Cond: ((id >= 3203033) AND (id <= 3203133))

table 3 : explain SELECT id FROM sbtest3 WHERE id BETWEEN 3203033 AND 3203133
	Index Only Scan using sbtest3_pkey on sbtest3  (cost=0.43..6.43 rows=100 width=4)
	  Index Cond: ((id >= 3203033) AND (id <= 3203133))

table 4 : explain SELECT id FROM sbtest4 WHERE id BETWEEN 3203033 AND 3203133
	Index Only Scan using sbtest4_pkey on sbtest4  (cost=0.43..6.43 rows=100 width=4)
	  Index Cond: ((id >= 3203033) AND (id <= 3203133))

table 5 : explain SELECT id FROM sbtest5 WHERE id BETWEEN 3203033 AND 3203133
	Index Only Scan using sbtest5_pkey on sbtest5  (cost=0.43..6.45 rows=101 width=4)
	  Index Cond: ((id >= 3203033) AND (id <= 3203133))

table 6 : explain SELECT id FROM sbtest6 WHERE id BETWEEN 3203033 AND 3203133
	Index Only Scan using sbtest6_pkey on sbtest6  (cost=0.43..6.58 rows=107 width=4)
	  Index Cond: ((id >= 3203033) AND (id <= 3203133))

table 7 : explain SELECT id FROM sbtest7 WHERE id BETWEEN 3203033 AND 3203133
	Index Only Scan using sbtest7_pkey on sbtest7  (cost=0.43..6.43 rows=100 width=4)
	  Index Cond: ((id >= 3203033) AND (id <= 3203133))

table 8 : explain SELECT id FROM sbtest8 WHERE id BETWEEN 3203033 AND 3203133
	Index Only Scan using sbtest8_pkey on sbtest8  (cost=0.43..6.45 rows=101 width=4)
	  Index Cond: ((id >= 3203033) AND (id <= 3203133))

explain: for range-covered :: explain SELECT id FROM sbtest%d WHERE id BETWEEN 3599712 AND 3599812
explain: for range-covered :: explain SELECT id FROM sbtest%d WHERE id BETWEEN 3203033 AND 3203133
for range-covered
table 1 : explain SELECT id FROM sbtest1 WHERE id BETWEEN 6861591 AND 6861691
	Index Only Scan using sbtest1_pkey on sbtest1  (cost=0.43..6.58 rows=107 width=4)
	  Index Cond: ((id >= 6861591) AND (id <= 6861691))

table 2 : explain SELECT id FROM sbtest2 WHERE id BETWEEN 6861591 AND 6861691
	Index Only Scan using sbtest2_pkey on sbtest2  (cost=0.43..6.35 rows=96 width=4)
	  Index Cond: ((id >= 6861591) AND (id <= 6861691))

table 3 : explain SELECT id FROM sbtest3 WHERE id BETWEEN 6861591 AND 6861691
	Index Only Scan using sbtest3_pkey on sbtest3  (cost=0.43..6.43 rows=100 width=4)
	  Index Cond: ((id >= 6861591) AND (id <= 6861691))

table 4 : explain SELECT id FROM sbtest4 WHERE id BETWEEN 6861591 AND 6861691
	Index Only Scan using sbtest4_pkey on sbtest4  (cost=0.43..6.43 rows=100 width=4)
	  Index Cond: ((id >= 6861591) AND (id <= 6861691))

table 5 : explain SELECT id FROM sbtest5 WHERE id BETWEEN 6861591 AND 6861691
	Index Only Scan using sbtest5_pkey on sbtest5  (cost=0.43..6.37 rows=97 width=4)
	  Index Cond: ((id >= 6861591) AND (id <= 6861691))

table 6 : explain SELECT id FROM sbtest6 WHERE id BETWEEN 6861591 AND 6861691
	Index Only Scan using sbtest6_pkey on sbtest6  (cost=0.43..6.56 rows=106 width=4)
	  Index Cond: ((id >= 6861591) AND (id <= 6861691))

table 7 : explain SELECT id FROM sbtest7 WHERE id BETWEEN 6861591 AND 6861691
	Index Only Scan using sbtest7_pkey on sbtest7  (cost=0.43..6.29 rows=93 width=4)
	  Index Cond: ((id >= 6861591) AND (id <= 6861691))

table 8 : explain SELECT id FROM sbtest8 WHERE id BETWEEN 6861591 AND 6861691
	Index Only Scan using sbtest8_pkey on sbtest8  (cost=0.43..6.58 rows=107 width=4)
	  Index Cond: ((id >= 6861591) AND (id <= 6861691))

explain: for range-covered :: explain SELECT id FROM sbtest%d WHERE id BETWEEN 6861591 AND 6861691
for range-covered
table 1 : explain SELECT id FROM sbtest1 WHERE id BETWEEN 9638540 AND 9638640
	Index Only Scan using sbtest1_pkey on sbtest1  (cost=0.43..6.59 rows=108 width=4)
	  Index Cond: ((id >= 9638540) AND (id <= 9638640))

table 2 : explain SELECT id FROM sbtest2 WHERE id BETWEEN 9638540 AND 9638640
	Index Only Scan using sbtest2_pkey on sbtest2  (cost=0.43..6.37 rows=97 width=4)
	  Index Cond: ((id >= 9638540) AND (id <= 9638640))

table 3 : explain SELECT id FROM sbtest3 WHERE id BETWEEN 9638540 AND 9638640
	Index Only Scan using sbtest3_pkey on sbtest3  (cost=0.43..6.24 rows=90 width=4)
	  Index Cond: ((id >= 9638540) AND (id <= 9638640))

table 4 : explain SELECT id FROM sbtest4 WHERE id BETWEEN 9638540 AND 9638640
	Index Only Scan using sbtest4_pkey on sbtest4  (cost=0.43..6.47 rows=102 width=4)
	  Index Cond: ((id >= 9638540) AND (id <= 9638640))

table 5 : explain SELECT id FROM sbtest5 WHERE id BETWEEN 9638540 AND 9638640
	Index Only Scan using sbtest5_pkey on sbtest5  (cost=0.43..6.58 rows=107 width=4)
	  Index Cond: ((id >= 9638540) AND (id <= 9638640))

table 6 : explain SELECT id FROM sbtest6 WHERE id BETWEEN 9638540 AND 9638640
	Index Only Scan using sbtest6_pkey on sbtest6  (cost=0.43..6.56 rows=106 width=4)
	  Index Cond: ((id >= 9638540) AND (id <= 9638640))

table 7 : explain SELECT id FROM sbtest7 WHERE id BETWEEN 9638540 AND 9638640
	Index Only Scan using sbtest7_pkey on sbtest7  (cost=0.43..6.40 rows=98 width=4)
	  Index Cond: ((id >= 9638540) AND (id <= 9638640))

table 8 : explain SELECT id FROM sbtest8 WHERE id BETWEEN 9638540 AND 9638640
	Index Only Scan using sbtest8_pkey on sbtest8  (cost=0.43..6.45 rows=101 width=4)
	  Index Cond: ((id >= 9638540) AND (id <= 9638640))

explain: for range-covered :: explain SELECT id FROM sbtest%d WHERE id BETWEEN 9638540 AND 9638640
for range-covered
table 1 : explain SELECT id FROM sbtest1 WHERE id BETWEEN 3599712 AND 3599812
	Index Only Scan using sbtest1_pkey on sbtest1  (cost=0.43..6.40 rows=98 width=4)
	  Index Cond: ((id >= 3599712) AND (id <= 3599812))

table 2 : explain SELECT id FROM sbtest2 WHERE id BETWEEN 3599712 AND 3599812
	Index Only Scan using sbtest2_pkey on sbtest2  (cost=0.43..6.42 rows=99 width=4)
	  Index Cond: ((id >= 3599712) AND (id <= 3599812))

table 3 : explain SELECT id FROM sbtest3 WHERE id BETWEEN 3599712 AND 3599812
	Index Only Scan using sbtest3_pkey on sbtest3  (cost=0.43..6.29 rows=93 width=4)
	  Index Cond: ((id >= 3599712) AND (id <= 3599812))

table 4 : explain SELECT id FROM sbtest4 WHERE id BETWEEN 3599712 AND 3599812
	Index Only Scan using sbtest4_pkey on sbtest4  (cost=0.43..6.66 rows=111 width=4)
	  Index Cond: ((id >= 3599712) AND (id <= 3599812))

table 5 : explain SELECT id FROM sbtest5 WHERE id BETWEEN 3599712 AND 3599812
	Index Only Scan using sbtest5_pkey on sbtest5  (cost=0.43..6.51 rows=104 width=4)
	  Index Cond: ((id >= 3599712) AND (id <= 3599812))

table 6 : explain SELECT id FROM sbtest6 WHERE id BETWEEN 3599712 AND 3599812
	Index Only Scan using sbtest6_pkey on sbtest6  (cost=0.43..6.59 rows=108 width=4)
	  Index Cond: ((id >= 3599712) AND (id <= 3599812))

table 7 : explain SELECT id FROM sbtest7 WHERE id BETWEEN 3599712 AND 3599812
	Index Only Scan using sbtest7_pkey on sbtest7  (cost=0.43..6.56 rows=106 width=4)
	  Index Cond: ((id >= 3599712) AND (id <= 3599812))

table 8 : explain SELECT id FROM sbtest8 WHERE id BETWEEN 3599712 AND 3599812
	Index Only Scan using sbtest8_pkey on sbtest8  (cost=0.43..6.37 rows=97 width=4)
	  Index Cond: ((id >= 3599712) AND (id <= 3599812))

for range-covered
table 1 : explain SELECT id FROM sbtest1 WHERE id BETWEEN 3203033 AND 3203133
	Index Only Scan using sbtest1_pkey on sbtest1  (cost=0.43..6.47 rows=102 width=4)
	  Index Cond: ((id >= 3203033) AND (id <= 3203133))

table 2 : explain SELECT id FROM sbtest2 WHERE id BETWEEN 3203033 AND 3203133
	Index Only Scan using sbtest2_pkey on sbtest2  (cost=0.43..6.43 rows=100 width=4)
	  Index Cond: ((id >= 3203033) AND (id <= 3203133))

table 3 : explain SELECT id FROM sbtest3 WHERE id BETWEEN 3203033 AND 3203133
	Index Only Scan using sbtest3_pkey on sbtest3  (cost=0.43..6.43 rows=100 width=4)
	  Index Cond: ((id >= 3203033) AND (id <= 3203133))

table 4 : explain SELECT id FROM sbtest4 WHERE id BETWEEN 3203033 AND 3203133
	Index Only Scan using sbtest4_pkey on sbtest4  (cost=0.43..6.43 rows=100 width=4)
	  Index Cond: ((id >= 3203033) AND (id <= 3203133))

table 5 : explain SELECT id FROM sbtest5 WHERE id BETWEEN 3203033 AND 3203133
	Index Only Scan using sbtest5_pkey on sbtest5  (cost=0.43..6.45 rows=101 width=4)
	  Index Cond: ((id >= 3203033) AND (id <= 3203133))

table 6 : explain SELECT id FROM sbtest6 WHERE id BETWEEN 3203033 AND 3203133
	Index Only Scan using sbtest6_pkey on sbtest6  (cost=0.43..6.58 rows=107 width=4)
	  Index Cond: ((id >= 3203033) AND (id <= 3203133))

table 7 : explain SELECT id FROM sbtest7 WHERE id BETWEEN 3203033 AND 3203133
	Index Only Scan using sbtest7_pkey on sbtest7  (cost=0.43..6.43 rows=100 width=4)
	  Index Cond: ((id >= 3203033) AND (id <= 3203133))

table 8 : explain SELECT id FROM sbtest8 WHERE id BETWEEN 3203033 AND 3203133
	Index Only Scan using sbtest8_pkey on sbtest8  (cost=0.43..6.45 rows=101 width=4)
	  Index Cond: ((id >= 3203033) AND (id <= 3203133))

explain: for range-covered :: explain SELECT id FROM sbtest%d WHERE id BETWEEN 3599712 AND 3599812
explain: for range-covered :: explain SELECT id FROM sbtest%d WHERE id BETWEEN 3203033 AND 3203133
for range-covered
table 1 : explain SELECT id FROM sbtest1 WHERE id BETWEEN 6861591 AND 6861691
	Index Only Scan using sbtest1_pkey on sbtest1  (cost=0.43..6.58 rows=107 width=4)
	  Index Cond: ((id >= 6861591) AND (id <= 6861691))

table 2 : explain SELECT id FROM sbtest2 WHERE id BETWEEN 6861591 AND 6861691
	Index Only Scan using sbtest2_pkey on sbtest2  (cost=0.43..6.35 rows=96 width=4)
	  Index Cond: ((id >= 6861591) AND (id <= 6861691))

table 3 : explain SELECT id FROM sbtest3 WHERE id BETWEEN 6861591 AND 6861691
	Index Only Scan using sbtest3_pkey on sbtest3  (cost=0.43..6.43 rows=100 width=4)
	  Index Cond: ((id >= 6861591) AND (id <= 6861691))

table 4 : explain SELECT id FROM sbtest4 WHERE id BETWEEN 6861591 AND 6861691
	Index Only Scan using sbtest4_pkey on sbtest4  (cost=0.43..6.43 rows=100 width=4)
	  Index Cond: ((id >= 6861591) AND (id <= 6861691))

table 5 : explain SELECT id FROM sbtest5 WHERE id BETWEEN 6861591 AND 6861691
	Index Only Scan using sbtest5_pkey on sbtest5  (cost=0.43..6.37 rows=97 width=4)
	  Index Cond: ((id >= 6861591) AND (id <= 6861691))

table 6 : explain SELECT id FROM sbtest6 WHERE id BETWEEN 6861591 AND 6861691
	Index Only Scan using sbtest6_pkey on sbtest6  (cost=0.43..6.56 rows=106 width=4)
	  Index Cond: ((id >= 6861591) AND (id <= 6861691))

table 7 : explain SELECT id FROM sbtest7 WHERE id BETWEEN 6861591 AND 6861691
	Index Only Scan using sbtest7_pkey on sbtest7  (cost=0.43..6.29 rows=93 width=4)
	  Index Cond: ((id >= 6861591) AND (id <= 6861691))

table 8 : explain SELECT id FROM sbtest8 WHERE id BETWEEN 6861591 AND 6861691
	Index Only Scan using sbtest8_pkey on sbtest8  (cost=0.43..6.58 rows=107 width=4)
	  Index Cond: ((id >= 6861591) AND (id <= 6861691))

explain: for range-covered :: explain SELECT id FROM sbtest%d WHERE id BETWEEN 6861591 AND 6861691
for range-covered
table 1 : explain SELECT id FROM sbtest1 WHERE id BETWEEN 2731051 AND 2731151
	Index Only Scan using sbtest1_pkey on sbtest1  (cost=0.43..6.29 rows=93 width=4)
	  Index Cond: ((id >= 2731051) AND (id <= 2731151))

table 2 : explain SELECT id FROM sbtest2 WHERE id BETWEEN 2731051 AND 2731151
	Index Only Scan using sbtest2_pkey on sbtest2  (cost=0.43..6.35 rows=96 width=4)
	  Index Cond: ((id >= 2731051) AND (id <= 2731151))

table 3 : explain SELECT id FROM sbtest3 WHERE id BETWEEN 2731051 AND 2731151
	Index Only Scan using sbtest3_pkey on sbtest3  (cost=0.43..6.75 rows=116 width=4)
	  Index Cond: ((id >= 2731051) AND (id <= 2731151))

table 4 : explain SELECT id FROM sbtest4 WHERE id BETWEEN 2731051 AND 2731151
	Index Only Scan using sbtest4_pkey on sbtest4  (cost=0.43..6.45 rows=101 width=4)
	  Index Cond: ((id >= 2731051) AND (id <= 2731151))

table 5 : explain SELECT id FROM sbtest5 WHERE id BETWEEN 2731051 AND 2731151
	Index Only Scan using sbtest5_pkey on sbtest5  (cost=0.43..6.58 rows=107 width=4)
	  Index Cond: ((id >= 2731051) AND (id <= 2731151))

table 6 : explain SELECT id FROM sbtest6 WHERE id BETWEEN 2731051 AND 2731151
	Index Only Scan using sbtest6_pkey on sbtest6  (cost=0.43..6.35 rows=96 width=4)
	  Index Cond: ((id >= 2731051) AND (id <= 2731151))

table 7 : explain SELECT id FROM sbtest7 WHERE id BETWEEN 2731051 AND 2731151
	Index Only Scan using sbtest7_pkey on sbtest7  (cost=0.43..6.33 rows=95 width=4)
	  Index Cond: ((id >= 2731051) AND (id <= 2731151))

table 8 : explain SELECT id FROM sbtest8 WHERE id BETWEEN 2731051 AND 2731151
	Index Only Scan using sbtest8_pkey on sbtest8  (cost=0.43..6.40 rows=98 width=4)
	  Index Cond: ((id >= 2731051) AND (id <= 2731151))

for range-covered
table 1 : explain SELECT id FROM sbtest1 WHERE id BETWEEN 3086032 AND 3086132
	Index Only Scan using sbtest1_pkey on sbtest1  (cost=0.43..6.25 rows=91 width=4)
	  Index Cond: ((id >= 3086032) AND (id <= 3086132))

table 2 : explain SELECT id FROM sbtest2 WHERE id BETWEEN 3086032 AND 3086132
	Index Only Scan using sbtest2_pkey on sbtest2  (cost=0.43..6.40 rows=98 width=4)
	  Index Cond: ((id >= 3086032) AND (id <= 3086132))

table 3 : explain SELECT id FROM sbtest3 WHERE id BETWEEN 3086032 AND 3086132
	Index Only Scan using sbtest3_pkey on sbtest3  (cost=0.43..6.32 rows=94 width=4)
	  Index Cond: ((id >= 3086032) AND (id <= 3086132))

table 4 : explain SELECT id FROM sbtest4 WHERE id BETWEEN 3086032 AND 3086132
	Index Only Scan using sbtest4_pkey on sbtest4  (cost=0.43..6.45 rows=101 width=4)
	  Index Cond: ((id >= 3086032) AND (id <= 3086132))

table 5 : explain SELECT id FROM sbtest5 WHERE id BETWEEN 3086032 AND 3086132
	Index Only Scan using sbtest5_pkey on sbtest5  (cost=0.43..6.45 rows=101 width=4)
	  Index Cond: ((id >= 3086032) AND (id <= 3086132))

table 6 : explain SELECT id FROM sbtest6 WHERE id BETWEEN 3086032 AND 3086132
	Index Only Scan using sbtest6_pkey on sbtest6  (cost=0.43..6.61 rows=109 width=4)
	  Index Cond: ((id >= 3086032) AND (id <= 3086132))

table 7 : explain SELECT id FROM sbtest7 WHERE id BETWEEN 3086032 AND 3086132
	Index Only Scan using sbtest7_pkey on sbtest7  (cost=0.43..6.37 rows=97 width=4)
	  Index Cond: ((id >= 3086032) AND (id <= 3086132))

table 8 : explain SELECT id FROM sbtest8 WHERE id BETWEEN 3086032 AND 3086132
	Index Only Scan using sbtest8_pkey on sbtest8  (cost=0.43..6.43 rows=100 width=4)
	  Index Cond: ((id >= 3086032) AND (id <= 3086132))

for range-covered
table 1 : explain SELECT id FROM sbtest1 WHERE id BETWEEN 9638540 AND 9638640
	Index Only Scan using sbtest1_pkey on sbtest1  (cost=0.43..6.59 rows=108 width=4)
	  Index Cond: ((id >= 9638540) AND (id <= 9638640))

table 2 : explain SELECT id FROM sbtest2 WHERE id BETWEEN 9638540 AND 9638640
	Index Only Scan using sbtest2_pkey on sbtest2  (cost=0.43..6.37 rows=97 width=4)
	  Index Cond: ((id >= 9638540) AND (id <= 9638640))

table 3 : explain SELECT id FROM sbtest3 WHERE id BETWEEN 9638540 AND 9638640
	Index Only Scan using sbtest3_pkey on sbtest3  (cost=0.43..6.24 rows=90 width=4)
	  Index Cond: ((id >= 9638540) AND (id <= 9638640))

table 4 : explain SELECT id FROM sbtest4 WHERE id BETWEEN 9638540 AND 9638640
	Index Only Scan using sbtest4_pkey on sbtest4  (cost=0.43..6.47 rows=102 width=4)
	  Index Cond: ((id >= 9638540) AND (id <= 9638640))

table 5 : explain SELECT id FROM sbtest5 WHERE id BETWEEN 9638540 AND 9638640
	Index Only Scan using sbtest5_pkey on sbtest5  (cost=0.43..6.58 rows=107 width=4)
	  Index Cond: ((id >= 9638540) AND (id <= 9638640))

table 6 : explain SELECT id FROM sbtest6 WHERE id BETWEEN 9638540 AND 9638640
	Index Only Scan using sbtest6_pkey on sbtest6  (cost=0.43..6.56 rows=106 width=4)
	  Index Cond: ((id >= 9638540) AND (id <= 9638640))

table 7 : explain SELECT id FROM sbtest7 WHERE id BETWEEN 9638540 AND 9638640
	Index Only Scan using sbtest7_pkey on sbtest7  (cost=0.43..6.40 rows=98 width=4)
	  Index Cond: ((id >= 9638540) AND (id <= 9638640))

table 8 : explain SELECT id FROM sbtest8 WHERE id BETWEEN 9638540 AND 9638640
	Index Only Scan using sbtest8_pkey on sbtest8  (cost=0.43..6.45 rows=101 width=4)
	  Index Cond: ((id >= 9638540) AND (id <= 9638640))

explain: for range-covered :: explain SELECT id FROM sbtest%d WHERE id BETWEEN 3086032 AND 3086132
explain: for range-covered :: explain SELECT id FROM sbtest%d WHERE id BETWEEN 2731051 AND 2731151
for range-covered
table 1 : explain SELECT id FROM sbtest1 WHERE id BETWEEN 3599712 AND 3599812
	Index Only Scan using sbtest1_pkey on sbtest1  (cost=0.43..6.40 rows=98 width=4)
	  Index Cond: ((id >= 3599712) AND (id <= 3599812))

table 2 : explain SELECT id FROM sbtest2 WHERE id BETWEEN 3599712 AND 3599812
	Index Only Scan using sbtest2_pkey on sbtest2  (cost=0.43..6.42 rows=99 width=4)
	  Index Cond: ((id >= 3599712) AND (id <= 3599812))

table 3 : explain SELECT id FROM sbtest3 WHERE id BETWEEN 3599712 AND 3599812
	Index Only Scan using sbtest3_pkey on sbtest3  (cost=0.43..6.29 rows=93 width=4)
	  Index Cond: ((id >= 3599712) AND (id <= 3599812))

table 4 : explain SELECT id FROM sbtest4 WHERE id BETWEEN 3599712 AND 3599812
	Index Only Scan using sbtest4_pkey on sbtest4  (cost=0.43..6.66 rows=111 width=4)
	  Index Cond: ((id >= 3599712) AND (id <= 3599812))

table 5 : explain SELECT id FROM sbtest5 WHERE id BETWEEN 3599712 AND 3599812
	Index Only Scan using sbtest5_pkey on sbtest5  (cost=0.43..6.51 rows=104 width=4)
	  Index Cond: ((id >= 3599712) AND (id <= 3599812))

table 6 : explain SELECT id FROM sbtest6 WHERE id BETWEEN 3599712 AND 3599812
	Index Only Scan using sbtest6_pkey on sbtest6  (cost=0.43..6.59 rows=108 width=4)
	  Index Cond: ((id >= 3599712) AND (id <= 3599812))

table 7 : explain SELECT id FROM sbtest7 WHERE id BETWEEN 3599712 AND 3599812
	Index Only Scan using sbtest7_pkey on sbtest7  (cost=0.43..6.56 rows=106 width=4)
	  Index Cond: ((id >= 3599712) AND (id <= 3599812))

table 8 : explain SELECT id FROM sbtest8 WHERE id BETWEEN 3599712 AND 3599812
	Index Only Scan using sbtest8_pkey on sbtest8  (cost=0.43..6.37 rows=97 width=4)
	  Index Cond: ((id >= 3599712) AND (id <= 3599812))

for range-covered
table 1 : explain SELECT id FROM sbtest1 WHERE id BETWEEN 3203033 AND 3203133
	Index Only Scan using sbtest1_pkey on sbtest1  (cost=0.43..6.47 rows=102 width=4)
	  Index Cond: ((id >= 3203033) AND (id <= 3203133))

table 2 : explain SELECT id FROM sbtest2 WHERE id BETWEEN 3203033 AND 3203133
	Index Only Scan using sbtest2_pkey on sbtest2  (cost=0.43..6.43 rows=100 width=4)
	  Index Cond: ((id >= 3203033) AND (id <= 3203133))

table 3 : explain SELECT id FROM sbtest3 WHERE id BETWEEN 3203033 AND 3203133
	Index Only Scan using sbtest3_pkey on sbtest3  (cost=0.43..6.43 rows=100 width=4)
	  Index Cond: ((id >= 3203033) AND (id <= 3203133))

table 4 : explain SELECT id FROM sbtest4 WHERE id BETWEEN 3203033 AND 3203133
	Index Only Scan using sbtest4_pkey on sbtest4  (cost=0.43..6.43 rows=100 width=4)
	  Index Cond: ((id >= 3203033) AND (id <= 3203133))

table 5 : explain SELECT id FROM sbtest5 WHERE id BETWEEN 3203033 AND 3203133
	Index Only Scan using sbtest5_pkey on sbtest5  (cost=0.43..6.45 rows=101 width=4)
	  Index Cond: ((id >= 3203033) AND (id <= 3203133))

table 6 : explain SELECT id FROM sbtest6 WHERE id BETWEEN 3203033 AND 3203133
	Index Only Scan using sbtest6_pkey on sbtest6  (cost=0.43..6.58 rows=107 width=4)
	  Index Cond: ((id >= 3203033) AND (id <= 3203133))

table 7 : explain SELECT id FROM sbtest7 WHERE id BETWEEN 3203033 AND 3203133
	Index Only Scan using sbtest7_pkey on sbtest7  (cost=0.43..6.43 rows=100 width=4)
	  Index Cond: ((id >= 3203033) AND (id <= 3203133))

table 8 : explain SELECT id FROM sbtest8 WHERE id BETWEEN 3203033 AND 3203133
	Index Only Scan using sbtest8_pkey on sbtest8  (cost=0.43..6.45 rows=101 width=4)
	  Index Cond: ((id >= 3203033) AND (id <= 3203133))

explain: for range-covered :: explain SELECT id FROM sbtest%d WHERE id BETWEEN 3599712 AND 3599812
explain: for range-covered :: explain SELECT id FROM sbtest%d WHERE id BETWEEN 3203033 AND 3203133
for range-covered
table 1 : explain SELECT id FROM sbtest1 WHERE id BETWEEN 6861591 AND 6861691
	Index Only Scan using sbtest1_pkey on sbtest1  (cost=0.43..6.58 rows=107 width=4)
	  Index Cond: ((id >= 6861591) AND (id <= 6861691))

table 2 : explain SELECT id FROM sbtest2 WHERE id BETWEEN 6861591 AND 6861691
	Index Only Scan using sbtest2_pkey on sbtest2  (cost=0.43..6.35 rows=96 width=4)
	  Index Cond: ((id >= 6861591) AND (id <= 6861691))

table 3 : explain SELECT id FROM sbtest3 WHERE id BETWEEN 6861591 AND 6861691
	Index Only Scan using sbtest3_pkey on sbtest3  (cost=0.43..6.43 rows=100 width=4)
	  Index Cond: ((id >= 6861591) AND (id <= 6861691))

table 4 : explain SELECT id FROM sbtest4 WHERE id BETWEEN 6861591 AND 6861691
	Index Only Scan using sbtest4_pkey on sbtest4  (cost=0.43..6.43 rows=100 width=4)
	  Index Cond: ((id >= 6861591) AND (id <= 6861691))

table 5 : explain SELECT id FROM sbtest5 WHERE id BETWEEN 6861591 AND 6861691
	Index Only Scan using sbtest5_pkey on sbtest5  (cost=0.43..6.37 rows=97 width=4)
	  Index Cond: ((id >= 6861591) AND (id <= 6861691))

table 6 : explain SELECT id FROM sbtest6 WHERE id BETWEEN 6861591 AND 6861691
	Index Only Scan using sbtest6_pkey on sbtest6  (cost=0.43..6.56 rows=106 width=4)
	  Index Cond: ((id >= 6861591) AND (id <= 6861691))

table 7 : explain SELECT id FROM sbtest7 WHERE id BETWEEN 6861591 AND 6861691
	Index Only Scan using sbtest7_pkey on sbtest7  (cost=0.43..6.29 rows=93 width=4)
	  Index Cond: ((id >= 6861591) AND (id <= 6861691))

table 8 : explain SELECT id FROM sbtest8 WHERE id BETWEEN 6861591 AND 6861691
	Index Only Scan using sbtest8_pkey on sbtest8  (cost=0.43..6.58 rows=107 width=4)
	  Index Cond: ((id >= 6861591) AND (id <= 6861691))

explain: for range-covered :: explain SELECT id FROM sbtest%d WHERE id BETWEEN 6861591 AND 6861691
explain: for range-covered :: explain SELECT id FROM sbtest%d WHERE id BETWEEN 9638540 AND 9638640
for range-covered
table 1 : explain SELECT id FROM sbtest1 WHERE id BETWEEN 3086032 AND 3086132
	Index Only Scan using sbtest1_pkey on sbtest1  (cost=0.43..6.25 rows=91 width=4)
	  Index Cond: ((id >= 3086032) AND (id <= 3086132))

table 2 : explain SELECT id FROM sbtest2 WHERE id BETWEEN 3086032 AND 3086132
	Index Only Scan using sbtest2_pkey on sbtest2  (cost=0.43..6.40 rows=98 width=4)
	  Index Cond: ((id >= 3086032) AND (id <= 3086132))

table 3 : explain SELECT id FROM sbtest3 WHERE id BETWEEN 3086032 AND 3086132
	Index Only Scan using sbtest3_pkey on sbtest3  (cost=0.43..6.32 rows=94 width=4)
	  Index Cond: ((id >= 3086032) AND (id <= 3086132))

table 4 : explain SELECT id FROM sbtest4 WHERE id BETWEEN 3086032 AND 3086132
	Index Only Scan using sbtest4_pkey on sbtest4  (cost=0.43..6.45 rows=101 width=4)
	  Index Cond: ((id >= 3086032) AND (id <= 3086132))

table 5 : explain SELECT id FROM sbtest5 WHERE id BETWEEN 3086032 AND 3086132
	Index Only Scan using sbtest5_pkey on sbtest5  (cost=0.43..6.45 rows=101 width=4)
	  Index Cond: ((id >= 3086032) AND (id <= 3086132))

table 6 : explain SELECT id FROM sbtest6 WHERE id BETWEEN 3086032 AND 3086132
	Index Only Scan using sbtest6_pkey on sbtest6  (cost=0.43..6.61 rows=109 width=4)
	  Index Cond: ((id >= 3086032) AND (id <= 3086132))

table 7 : explain SELECT id FROM sbtest7 WHERE id BETWEEN 3086032 AND 3086132
	Index Only Scan using sbtest7_pkey on sbtest7  (cost=0.43..6.37 rows=97 width=4)
	  Index Cond: ((id >= 3086032) AND (id <= 3086132))

table 8 : explain SELECT id FROM sbtest8 WHERE id BETWEEN 3086032 AND 3086132
	Index Only Scan using sbtest8_pkey on sbtest8  (cost=0.43..6.43 rows=100 width=4)
	  Index Cond: ((id >= 3086032) AND (id <= 3086132))

explain: for range-covered :: explain SELECT id FROM sbtest%d WHERE id BETWEEN 3086032 AND 3086132
for range-covered
table 1 : explain SELECT id FROM sbtest1 WHERE id BETWEEN 3599712 AND 3599812
	Index Only Scan using sbtest1_pkey on sbtest1  (cost=0.43..6.40 rows=98 width=4)
	  Index Cond: ((id >= 3599712) AND (id <= 3599812))

table 2 : explain SELECT id FROM sbtest2 WHERE id BETWEEN 3599712 AND 3599812
	Index Only Scan using sbtest2_pkey on sbtest2  (cost=0.43..6.42 rows=99 width=4)
	  Index Cond: ((id >= 3599712) AND (id <= 3599812))

table 3 : explain SELECT id FROM sbtest3 WHERE id BETWEEN 3599712 AND 3599812
	Index Only Scan using sbtest3_pkey on sbtest3  (cost=0.43..6.29 rows=93 width=4)
	  Index Cond: ((id >= 3599712) AND (id <= 3599812))

table 4 : explain SELECT id FROM sbtest4 WHERE id BETWEEN 3599712 AND 3599812
	Index Only Scan using sbtest4_pkey on sbtest4  (cost=0.43..6.66 rows=111 width=4)
	  Index Cond: ((id >= 3599712) AND (id <= 3599812))

table 5 : explain SELECT id FROM sbtest5 WHERE id BETWEEN 3599712 AND 3599812
	Index Only Scan using sbtest5_pkey on sbtest5  (cost=0.43..6.51 rows=104 width=4)
	  Index Cond: ((id >= 3599712) AND (id <= 3599812))

table 6 : explain SELECT id FROM sbtest6 WHERE id BETWEEN 3599712 AND 3599812
	Index Only Scan using sbtest6_pkey on sbtest6  (cost=0.43..6.59 rows=108 width=4)
	  Index Cond: ((id >= 3599712) AND (id <= 3599812))

table 7 : explain SELECT id FROM sbtest7 WHERE id BETWEEN 3599712 AND 3599812
	Index Only Scan using sbtest7_pkey on sbtest7  (cost=0.43..6.56 rows=106 width=4)
	  Index Cond: ((id >= 3599712) AND (id <= 3599812))

table 8 : explain SELECT id FROM sbtest8 WHERE id BETWEEN 3599712 AND 3599812
	Index Only Scan using sbtest8_pkey on sbtest8  (cost=0.43..6.37 rows=97 width=4)
	  Index Cond: ((id >= 3599712) AND (id <= 3599812))

for range-covered
table 1 : explain SELECT id FROM sbtest1 WHERE id BETWEEN 2731051 AND 2731151
	Index Only Scan using sbtest1_pkey on sbtest1  (cost=0.43..6.29 rows=93 width=4)
	  Index Cond: ((id >= 2731051) AND (id <= 2731151))

table 2 : explain SELECT id FROM sbtest2 WHERE id BETWEEN 2731051 AND 2731151
	Index Only Scan using sbtest2_pkey on sbtest2  (cost=0.43..6.35 rows=96 width=4)
	  Index Cond: ((id >= 2731051) AND (id <= 2731151))

table 3 : explain SELECT id FROM sbtest3 WHERE id BETWEEN 2731051 AND 2731151
	Index Only Scan using sbtest3_pkey on sbtest3  (cost=0.43..6.75 rows=116 width=4)
	  Index Cond: ((id >= 2731051) AND (id <= 2731151))

table 4 : explain SELECT id FROM sbtest4 WHERE id BETWEEN 2731051 AND 2731151
	Index Only Scan using sbtest4_pkey on sbtest4  (cost=0.43..6.45 rows=101 width=4)
	  Index Cond: ((id >= 2731051) AND (id <= 2731151))

table 5 : explain SELECT id FROM sbtest5 WHERE id BETWEEN 2731051 AND 2731151
	Index Only Scan using sbtest5_pkey on sbtest5  (cost=0.43..6.58 rows=107 width=4)
	  Index Cond: ((id >= 2731051) AND (id <= 2731151))

table 6 : explain SELECT id FROM sbtest6 WHERE id BETWEEN 2731051 AND 2731151
	Index Only Scan using sbtest6_pkey on sbtest6  (cost=0.43..6.35 rows=96 width=4)
	  Index Cond: ((id >= 2731051) AND (id <= 2731151))

table 7 : explain SELECT id FROM sbtest7 WHERE id BETWEEN 2731051 AND 2731151
	Index Only Scan using sbtest7_pkey on sbtest7  (cost=0.43..6.33 rows=95 width=4)
	  Index Cond: ((id >= 2731051) AND (id <= 2731151))

table 8 : explain SELECT id FROM sbtest8 WHERE id BETWEEN 2731051 AND 2731151
	Index Only Scan using sbtest8_pkey on sbtest8  (cost=0.43..6.40 rows=98 width=4)
	  Index Cond: ((id >= 2731051) AND (id <= 2731151))

explain: for range-covered :: explain SELECT id FROM sbtest%d WHERE id BETWEEN 3599712 AND 3599812
for range-covered
table 1 : explain SELECT id FROM sbtest1 WHERE id BETWEEN 3203033 AND 3203133
	Index Only Scan using sbtest1_pkey on sbtest1  (cost=0.43..6.47 rows=102 width=4)
	  Index Cond: ((id >= 3203033) AND (id <= 3203133))

table 2 : explain SELECT id FROM sbtest2 WHERE id BETWEEN 3203033 AND 3203133
	Index Only Scan using sbtest2_pkey on sbtest2  (cost=0.43..6.43 rows=100 width=4)
	  Index Cond: ((id >= 3203033) AND (id <= 3203133))

table 3 : explain SELECT id FROM sbtest3 WHERE id BETWEEN 3203033 AND 3203133
	Index Only Scan using sbtest3_pkey on sbtest3  (cost=0.43..6.43 rows=100 width=4)
	  Index Cond: ((id >= 3203033) AND (id <= 3203133))

table 4 : explain SELECT id FROM sbtest4 WHERE id BETWEEN 3203033 AND 3203133
	Index Only Scan using sbtest4_pkey on sbtest4  (cost=0.43..6.43 rows=100 width=4)
	  Index Cond: ((id >= 3203033) AND (id <= 3203133))

table 5 : explain SELECT id FROM sbtest5 WHERE id BETWEEN 3203033 AND 3203133
	Index Only Scan using sbtest5_pkey on sbtest5  (cost=0.43..6.45 rows=101 width=4)
	  Index Cond: ((id >= 3203033) AND (id <= 3203133))

table 6 : explain SELECT id FROM sbtest6 WHERE id BETWEEN 3203033 AND 3203133
	Index Only Scan using sbtest6_pkey on sbtest6  (cost=0.43..6.58 rows=107 width=4)
	  Index Cond: ((id >= 3203033) AND (id <= 3203133))

table 7 : explain SELECT id FROM sbtest7 WHERE id BETWEEN 3203033 AND 3203133
	Index Only Scan using sbtest7_pkey on sbtest7  (cost=0.43..6.43 rows=100 width=4)
	  Index Cond: ((id >= 3203033) AND (id <= 3203133))

table 8 : explain SELECT id FROM sbtest8 WHERE id BETWEEN 3203033 AND 3203133
	Index Only Scan using sbtest8_pkey on sbtest8  (cost=0.43..6.45 rows=101 width=4)
	  Index Cond: ((id >= 3203033) AND (id <= 3203133))

explain: for range-covered :: explain SELECT id FROM sbtest%d WHERE id BETWEEN 2731051 AND 2731151
explain: for range-covered :: explain SELECT id FROM sbtest%d WHERE id BETWEEN 3203033 AND 3203133
for range-covered
table 1 : explain SELECT id FROM sbtest1 WHERE id BETWEEN 6861591 AND 6861691
	Index Only Scan using sbtest1_pkey on sbtest1  (cost=0.43..6.58 rows=107 width=4)
	  Index Cond: ((id >= 6861591) AND (id <= 6861691))

table 2 : explain SELECT id FROM sbtest2 WHERE id BETWEEN 6861591 AND 6861691
	Index Only Scan using sbtest2_pkey on sbtest2  (cost=0.43..6.35 rows=96 width=4)
	  Index Cond: ((id >= 6861591) AND (id <= 6861691))

table 3 : explain SELECT id FROM sbtest3 WHERE id BETWEEN 6861591 AND 6861691
	Index Only Scan using sbtest3_pkey on sbtest3  (cost=0.43..6.43 rows=100 width=4)
	  Index Cond: ((id >= 6861591) AND (id <= 6861691))

table 4 : explain SELECT id FROM sbtest4 WHERE id BETWEEN 6861591 AND 6861691
	Index Only Scan using sbtest4_pkey on sbtest4  (cost=0.43..6.43 rows=100 width=4)
	  Index Cond: ((id >= 6861591) AND (id <= 6861691))

table 5 : explain SELECT id FROM sbtest5 WHERE id BETWEEN 6861591 AND 6861691
	Index Only Scan using sbtest5_pkey on sbtest5  (cost=0.43..6.37 rows=97 width=4)
	  Index Cond: ((id >= 6861591) AND (id <= 6861691))

table 6 : explain SELECT id FROM sbtest6 WHERE id BETWEEN 6861591 AND 6861691
	Index Only Scan using sbtest6_pkey on sbtest6  (cost=0.43..6.56 rows=106 width=4)
	  Index Cond: ((id >= 6861591) AND (id <= 6861691))

table 7 : explain SELECT id FROM sbtest7 WHERE id BETWEEN 6861591 AND 6861691
	Index Only Scan using sbtest7_pkey on sbtest7  (cost=0.43..6.29 rows=93 width=4)
	  Index Cond: ((id >= 6861591) AND (id <= 6861691))

table 8 : explain SELECT id FROM sbtest8 WHERE id BETWEEN 6861591 AND 6861691
	Index Only Scan using sbtest8_pkey on sbtest8  (cost=0.43..6.58 rows=107 width=4)
	  Index Cond: ((id >= 6861591) AND (id <= 6861691))

explain: for range-covered :: explain SELECT id FROM sbtest%d WHERE id BETWEEN 6861591 AND 6861691
for range-covered
table 1 : explain SELECT id FROM sbtest1 WHERE id BETWEEN 3086032 AND 3086132
	Index Only Scan using sbtest1_pkey on sbtest1  (cost=0.43..6.25 rows=91 width=4)
	  Index Cond: ((id >= 3086032) AND (id <= 3086132))

table 2 : explain SELECT id FROM sbtest2 WHERE id BETWEEN 3086032 AND 3086132
	Index Only Scan using sbtest2_pkey on sbtest2  (cost=0.43..6.40 rows=98 width=4)
	  Index Cond: ((id >= 3086032) AND (id <= 3086132))

table 3 : explain SELECT id FROM sbtest3 WHERE id BETWEEN 3086032 AND 3086132
	Index Only Scan using sbtest3_pkey on sbtest3  (cost=0.43..6.32 rows=94 width=4)
	  Index Cond: ((id >= 3086032) AND (id <= 3086132))

table 4 : explain SELECT id FROM sbtest4 WHERE id BETWEEN 3086032 AND 3086132
	Index Only Scan using sbtest4_pkey on sbtest4  (cost=0.43..6.45 rows=101 width=4)
	  Index Cond: ((id >= 3086032) AND (id <= 3086132))

table 5 : explain SELECT id FROM sbtest5 WHERE id BETWEEN 3086032 AND 3086132
	Index Only Scan using sbtest5_pkey on sbtest5  (cost=0.43..6.45 rows=101 width=4)
	  Index Cond: ((id >= 3086032) AND (id <= 3086132))

table 6 : explain SELECT id FROM sbtest6 WHERE id BETWEEN 3086032 AND 3086132
	Index Only Scan using sbtest6_pkey on sbtest6  (cost=0.43..6.61 rows=109 width=4)
	  Index Cond: ((id >= 3086032) AND (id <= 3086132))

table 7 : explain SELECT id FROM sbtest7 WHERE id BETWEEN 3086032 AND 3086132
	Index Only Scan using sbtest7_pkey on sbtest7  (cost=0.43..6.37 rows=97 width=4)
	  Index Cond: ((id >= 3086032) AND (id <= 3086132))

table 8 : explain SELECT id FROM sbtest8 WHERE id BETWEEN 3086032 AND 3086132
	Index Only Scan using sbtest8_pkey on sbtest8  (cost=0.43..6.43 rows=100 width=4)
	  Index Cond: ((id >= 3086032) AND (id <= 3086132))

for range-covered
table 1 : explain SELECT id FROM sbtest1 WHERE id BETWEEN 3599712 AND 3599812
	Index Only Scan using sbtest1_pkey on sbtest1  (cost=0.43..6.40 rows=98 width=4)
	  Index Cond: ((id >= 3599712) AND (id <= 3599812))

table 2 : explain SELECT id FROM sbtest2 WHERE id BETWEEN 3599712 AND 3599812
	Index Only Scan using sbtest2_pkey on sbtest2  (cost=0.43..6.42 rows=99 width=4)
	  Index Cond: ((id >= 3599712) AND (id <= 3599812))

table 3 : explain SELECT id FROM sbtest3 WHERE id BETWEEN 3599712 AND 3599812
	Index Only Scan using sbtest3_pkey on sbtest3  (cost=0.43..6.29 rows=93 width=4)
	  Index Cond: ((id >= 3599712) AND (id <= 3599812))

table 4 : explain SELECT id FROM sbtest4 WHERE id BETWEEN 3599712 AND 3599812
	Index Only Scan using sbtest4_pkey on sbtest4  (cost=0.43..6.66 rows=111 width=4)
	  Index Cond: ((id >= 3599712) AND (id <= 3599812))

table 5 : explain SELECT id FROM sbtest5 WHERE id BETWEEN 3599712 AND 3599812
	Index Only Scan using sbtest5_pkey on sbtest5  (cost=0.43..6.51 rows=104 width=4)
	  Index Cond: ((id >= 3599712) AND (id <= 3599812))

table 6 : explain SELECT id FROM sbtest6 WHERE id BETWEEN 3599712 AND 3599812
	Index Only Scan using sbtest6_pkey on sbtest6  (cost=0.43..6.59 rows=108 width=4)
	  Index Cond: ((id >= 3599712) AND (id <= 3599812))

table 7 : explain SELECT id FROM sbtest7 WHERE id BETWEEN 3599712 AND 3599812
	Index Only Scan using sbtest7_pkey on sbtest7  (cost=0.43..6.56 rows=106 width=4)
	  Index Cond: ((id >= 3599712) AND (id <= 3599812))

table 8 : explain SELECT id FROM sbtest8 WHERE id BETWEEN 3599712 AND 3599812
	Index Only Scan using sbtest8_pkey on sbtest8  (cost=0.43..6.37 rows=97 width=4)
	  Index Cond: ((id >= 3599712) AND (id <= 3599812))

for range-covered
table 1 : explain SELECT id FROM sbtest1 WHERE id BETWEEN 2731051 AND 2731151
	Index Only Scan using sbtest1_pkey on sbtest1  (cost=0.43..6.29 rows=93 width=4)
	  Index Cond: ((id >= 2731051) AND (id <= 2731151))

table 2 : explain SELECT id FROM sbtest2 WHERE id BETWEEN 2731051 AND 2731151
	Index Only Scan using sbtest2_pkey on sbtest2  (cost=0.43..6.35 rows=96 width=4)
	  Index Cond: ((id >= 2731051) AND (id <= 2731151))

table 3 : explain SELECT id FROM sbtest3 WHERE id BETWEEN 2731051 AND 2731151
	Index Only Scan using sbtest3_pkey on sbtest3  (cost=0.43..6.75 rows=116 width=4)
	  Index Cond: ((id >= 2731051) AND (id <= 2731151))

table 4 : explain SELECT id FROM sbtest4 WHERE id BETWEEN 2731051 AND 2731151
	Index Only Scan using sbtest4_pkey on sbtest4  (cost=0.43..6.45 rows=101 width=4)
	  Index Cond: ((id >= 2731051) AND (id <= 2731151))

table 5 : explain SELECT id FROM sbtest5 WHERE id BETWEEN 2731051 AND 2731151
	Index Only Scan using sbtest5_pkey on sbtest5  (cost=0.43..6.58 rows=107 width=4)
	  Index Cond: ((id >= 2731051) AND (id <= 2731151))

table 6 : explain SELECT id FROM sbtest6 WHERE id BETWEEN 2731051 AND 2731151
	Index Only Scan using sbtest6_pkey on sbtest6  (cost=0.43..6.35 rows=96 width=4)
	  Index Cond: ((id >= 2731051) AND (id <= 2731151))

table 7 : explain SELECT id FROM sbtest7 WHERE id BETWEEN 2731051 AND 2731151
	Index Only Scan using sbtest7_pkey on sbtest7  (cost=0.43..6.33 rows=95 width=4)
	  Index Cond: ((id >= 2731051) AND (id <= 2731151))

table 8 : explain SELECT id FROM sbtest8 WHERE id BETWEEN 2731051 AND 2731151
	Index Only Scan using sbtest8_pkey on sbtest8  (cost=0.43..6.40 rows=98 width=4)
	  Index Cond: ((id >= 2731051) AND (id <= 2731151))

for range-covered
table 1 : explain SELECT id FROM sbtest1 WHERE id BETWEEN 3203033 AND 3203133
	Index Only Scan using sbtest1_pkey on sbtest1  (cost=0.43..6.47 rows=102 width=4)
	  Index Cond: ((id >= 3203033) AND (id <= 3203133))

table 2 : explain SELECT id FROM sbtest2 WHERE id BETWEEN 3203033 AND 3203133
	Index Only Scan using sbtest2_pkey on sbtest2  (cost=0.43..6.43 rows=100 width=4)
	  Index Cond: ((id >= 3203033) AND (id <= 3203133))

table 3 : explain SELECT id FROM sbtest3 WHERE id BETWEEN 3203033 AND 3203133
	Index Only Scan using sbtest3_pkey on sbtest3  (cost=0.43..6.43 rows=100 width=4)
	  Index Cond: ((id >= 3203033) AND (id <= 3203133))

table 4 : explain SELECT id FROM sbtest4 WHERE id BETWEEN 3203033 AND 3203133
	Index Only Scan using sbtest4_pkey on sbtest4  (cost=0.43..6.43 rows=100 width=4)
	  Index Cond: ((id >= 3203033) AND (id <= 3203133))

table 5 : explain SELECT id FROM sbtest5 WHERE id BETWEEN 3203033 AND 3203133
	Index Only Scan using sbtest5_pkey on sbtest5  (cost=0.43..6.45 rows=101 width=4)
	  Index Cond: ((id >= 3203033) AND (id <= 3203133))

table 6 : explain SELECT id FROM sbtest6 WHERE id BETWEEN 3203033 AND 3203133
	Index Only Scan using sbtest6_pkey on sbtest6  (cost=0.43..6.58 rows=107 width=4)
	  Index Cond: ((id >= 3203033) AND (id <= 3203133))

table 7 : explain SELECT id FROM sbtest7 WHERE id BETWEEN 3203033 AND 3203133
	Index Only Scan using sbtest7_pkey on sbtest7  (cost=0.43..6.43 rows=100 width=4)
	  Index Cond: ((id >= 3203033) AND (id <= 3203133))

table 8 : explain SELECT id FROM sbtest8 WHERE id BETWEEN 3203033 AND 3203133
	Index Only Scan using sbtest8_pkey on sbtest8  (cost=0.43..6.45 rows=101 width=4)
	  Index Cond: ((id >= 3203033) AND (id <= 3203133))

explain: for range-covered :: explain SELECT id FROM sbtest%d WHERE id BETWEEN 3086032 AND 3086132
for range-covered
table 1 : explain SELECT id FROM sbtest1 WHERE id BETWEEN 6861591 AND 6861691
	Index Only Scan using sbtest1_pkey on sbtest1  (cost=0.43..6.58 rows=107 width=4)
	  Index Cond: ((id >= 6861591) AND (id <= 6861691))

table 2 : explain SELECT id FROM sbtest2 WHERE id BETWEEN 6861591 AND 6861691
	Index Only Scan using sbtest2_pkey on sbtest2  (cost=0.43..6.35 rows=96 width=4)
	  Index Cond: ((id >= 6861591) AND (id <= 6861691))

table 3 : explain SELECT id FROM sbtest3 WHERE id BETWEEN 6861591 AND 6861691
	Index Only Scan using sbtest3_pkey on sbtest3  (cost=0.43..6.43 rows=100 width=4)
	  Index Cond: ((id >= 6861591) AND (id <= 6861691))

table 4 : explain SELECT id FROM sbtest4 WHERE id BETWEEN 6861591 AND 6861691
	Index Only Scan using sbtest4_pkey on sbtest4  (cost=0.43..6.43 rows=100 width=4)
	  Index Cond: ((id >= 6861591) AND (id <= 6861691))

table 5 : explain SELECT id FROM sbtest5 WHERE id BETWEEN 6861591 AND 6861691
	Index Only Scan using sbtest5_pkey on sbtest5  (cost=0.43..6.37 rows=97 width=4)
	  Index Cond: ((id >= 6861591) AND (id <= 6861691))

table 6 : explain SELECT id FROM sbtest6 WHERE id BETWEEN 6861591 AND 6861691
	Index Only Scan using sbtest6_pkey on sbtest6  (cost=0.43..6.56 rows=106 width=4)
	  Index Cond: ((id >= 6861591) AND (id <= 6861691))

table 7 : explain SELECT id FROM sbtest7 WHERE id BETWEEN 6861591 AND 6861691
	Index Only Scan using sbtest7_pkey on sbtest7  (cost=0.43..6.29 rows=93 width=4)
	  Index Cond: ((id >= 6861591) AND (id <= 6861691))

table 8 : explain SELECT id FROM sbtest8 WHERE id BETWEEN 6861591 AND 6861691
	Index Only Scan using sbtest8_pkey on sbtest8  (cost=0.43..6.58 rows=107 width=4)
	  Index Cond: ((id >= 6861591) AND (id <= 6861691))

explain: for range-covered :: explain SELECT id FROM sbtest%d WHERE id BETWEEN 3599712 AND 3599812explain: for range-covered :: explain SELECT id FROM sbtest%d WHERE id BETWEEN 3203033 AND 3203133

explain: for range-covered :: explain SELECT id FROM sbtest%d WHERE id BETWEEN 6861591 AND 6861691
explain: for range-covered :: explain SELECT id FROM sbtest%d WHERE id BETWEEN 2731051 AND 2731151
for range-covered
table 1 : explain SELECT id FROM sbtest1 WHERE id BETWEEN 3086032 AND 3086132
	Index Only Scan using sbtest1_pkey on sbtest1  (cost=0.43..6.25 rows=91 width=4)
	  Index Cond: ((id >= 3086032) AND (id <= 3086132))

table 2 : explain SELECT id FROM sbtest2 WHERE id BETWEEN 3086032 AND 3086132
	Index Only Scan using sbtest2_pkey on sbtest2  (cost=0.43..6.40 rows=98 width=4)
	  Index Cond: ((id >= 3086032) AND (id <= 3086132))

table 3 : explain SELECT id FROM sbtest3 WHERE id BETWEEN 3086032 AND 3086132
	Index Only Scan using sbtest3_pkey on sbtest3  (cost=0.43..6.32 rows=94 width=4)
	  Index Cond: ((id >= 3086032) AND (id <= 3086132))

table 4 : explain SELECT id FROM sbtest4 WHERE id BETWEEN 3086032 AND 3086132
	Index Only Scan using sbtest4_pkey on sbtest4  (cost=0.43..6.45 rows=101 width=4)
	  Index Cond: ((id >= 3086032) AND (id <= 3086132))

table 5 : explain SELECT id FROM sbtest5 WHERE id BETWEEN 3086032 AND 3086132
	Index Only Scan using sbtest5_pkey on sbtest5  (cost=0.43..6.45 rows=101 width=4)
	  Index Cond: ((id >= 3086032) AND (id <= 3086132))

table 6 : explain SELECT id FROM sbtest6 WHERE id BETWEEN 3086032 AND 3086132
	Index Only Scan using sbtest6_pkey on sbtest6  (cost=0.43..6.61 rows=109 width=4)
	  Index Cond: ((id >= 3086032) AND (id <= 3086132))

table 7 : explain SELECT id FROM sbtest7 WHERE id BETWEEN 3086032 AND 3086132
	Index Only Scan using sbtest7_pkey on sbtest7  (cost=0.43..6.37 rows=97 width=4)
	  Index Cond: ((id >= 3086032) AND (id <= 3086132))

table 8 : explain SELECT id FROM sbtest8 WHERE id BETWEEN 3086032 AND 3086132
	Index Only Scan using sbtest8_pkey on sbtest8  (cost=0.43..6.43 rows=100 width=4)
	  Index Cond: ((id >= 3086032) AND (id <= 3086132))

explain: for range-covered :: explain SELECT id FROM sbtest%d WHERE id BETWEEN 3086032 AND 3086132
for range-covered
table 1 : explain SELECT id FROM sbtest1 WHERE id BETWEEN 6861591 AND 6861691
	Index Only Scan using sbtest1_pkey on sbtest1  (cost=0.43..6.58 rows=107 width=4)
	  Index Cond: ((id >= 6861591) AND (id <= 6861691))

table 2 : explain SELECT id FROM sbtest2 WHERE id BETWEEN 6861591 AND 6861691
	Index Only Scan using sbtest2_pkey on sbtest2  (cost=0.43..6.35 rows=96 width=4)
	  Index Cond: ((id >= 6861591) AND (id <= 6861691))

table 3 : explain SELECT id FROM sbtest3 WHERE id BETWEEN 6861591 AND 6861691
	Index Only Scan using sbtest3_pkey on sbtest3  (cost=0.43..6.43 rows=100 width=4)
	  Index Cond: ((id >= 6861591) AND (id <= 6861691))

table 4 : explain SELECT id FROM sbtest4 WHERE id BETWEEN 6861591 AND 6861691
	Index Only Scan using sbtest4_pkey on sbtest4  (cost=0.43..6.43 rows=100 width=4)
	  Index Cond: ((id >= 6861591) AND (id <= 6861691))

table 5 : explain SELECT id FROM sbtest5 WHERE id BETWEEN 6861591 AND 6861691
	Index Only Scan using sbtest5_pkey on sbtest5  (cost=0.43..6.37 rows=97 width=4)
	  Index Cond: ((id >= 6861591) AND (id <= 6861691))

table 6 : explain SELECT id FROM sbtest6 WHERE id BETWEEN 6861591 AND 6861691
	Index Only Scan using sbtest6_pkey on sbtest6  (cost=0.43..6.56 rows=106 width=4)
	  Index Cond: ((id >= 6861591) AND (id <= 6861691))

table 7 : explain SELECT id FROM sbtest7 WHERE id BETWEEN 6861591 AND 6861691
	Index Only Scan using sbtest7_pkey on sbtest7  (cost=0.43..6.29 rows=93 width=4)
	  Index Cond: ((id >= 6861591) AND (id <= 6861691))

table 8 : explain SELECT id FROM sbtest8 WHERE id BETWEEN 6861591 AND 6861691
	Index Only Scan using sbtest8_pkey on sbtest8  (cost=0.43..6.58 rows=107 width=4)
	  Index Cond: ((id >= 6861591) AND (id <= 6861691))

for range-covered
table 1 : explain SELECT id FROM sbtest1 WHERE id BETWEEN 3599712 AND 3599812
	Index Only Scan using sbtest1_pkey on sbtest1  (cost=0.43..6.40 rows=98 width=4)
	  Index Cond: ((id >= 3599712) AND (id <= 3599812))

table 2 : explain SELECT id FROM sbtest2 WHERE id BETWEEN 3599712 AND 3599812
	Index Only Scan using sbtest2_pkey on sbtest2  (cost=0.43..6.42 rows=99 width=4)
	  Index Cond: ((id >= 3599712) AND (id <= 3599812))

table 3 : explain SELECT id FROM sbtest3 WHERE id BETWEEN 3599712 AND 3599812
	Index Only Scan using sbtest3_pkey on sbtest3  (cost=0.43..6.29 rows=93 width=4)
	  Index Cond: ((id >= 3599712) AND (id <= 3599812))

table 4 : explain SELECT id FROM sbtest4 WHERE id BETWEEN 3599712 AND 3599812
	Index Only Scan using sbtest4_pkey on sbtest4  (cost=0.43..6.66 rows=111 width=4)
	  Index Cond: ((id >= 3599712) AND (id <= 3599812))

table 5 : explain SELECT id FROM sbtest5 WHERE id BETWEEN 3599712 AND 3599812
	Index Only Scan using sbtest5_pkey on sbtest5  (cost=0.43..6.51 rows=104 width=4)
	  Index Cond: ((id >= 3599712) AND (id <= 3599812))

table 6 : explain SELECT id FROM sbtest6 WHERE id BETWEEN 3599712 AND 3599812
	Index Only Scan using sbtest6_pkey on sbtest6  (cost=0.43..6.59 rows=108 width=4)
	  Index Cond: ((id >= 3599712) AND (id <= 3599812))

table 7 : explain SELECT id FROM sbtest7 WHERE id BETWEEN 3599712 AND 3599812
	Index Only Scan using sbtest7_pkey on sbtest7  (cost=0.43..6.56 rows=106 width=4)
	  Index Cond: ((id >= 3599712) AND (id <= 3599812))

table 8 : explain SELECT id FROM sbtest8 WHERE id BETWEEN 3599712 AND 3599812
	Index Only Scan using sbtest8_pkey on sbtest8  (cost=0.43..6.37 rows=97 width=4)
	  Index Cond: ((id >= 3599712) AND (id <= 3599812))

explain: for range-covered :: explain SELECT id FROM sbtest%d WHERE id BETWEEN 3599712 AND 3599812
for range-covered
table 1 : explain SELECT id FROM sbtest1 WHERE id BETWEEN 9638540 AND 9638640
	Index Only Scan using sbtest1_pkey on sbtest1  (cost=0.43..6.59 rows=108 width=4)
	  Index Cond: ((id >= 9638540) AND (id <= 9638640))

table 2 : explain SELECT id FROM sbtest2 WHERE id BETWEEN 9638540 AND 9638640
	Index Only Scan using sbtest2_pkey on sbtest2  (cost=0.43..6.37 rows=97 width=4)
	  Index Cond: ((id >= 9638540) AND (id <= 9638640))

table 3 : explain SELECT id FROM sbtest3 WHERE id BETWEEN 9638540 AND 9638640
	Index Only Scan using sbtest3_pkey on sbtest3  (cost=0.43..6.24 rows=90 width=4)
	  Index Cond: ((id >= 9638540) AND (id <= 9638640))

table 4 : explain SELECT id FROM sbtest4 WHERE id BETWEEN 9638540 AND 9638640
	Index Only Scan using sbtest4_pkey on sbtest4  (cost=0.43..6.47 rows=102 width=4)
	  Index Cond: ((id >= 9638540) AND (id <= 9638640))

table 5 : explain SELECT id FROM sbtest5 WHERE id BETWEEN 9638540 AND 9638640
	Index Only Scan using sbtest5_pkey on sbtest5  (cost=0.43..6.58 rows=107 width=4)
	  Index Cond: ((id >= 9638540) AND (id <= 9638640))

table 6 : explain SELECT id FROM sbtest6 WHERE id BETWEEN 9638540 AND 9638640
	Index Only Scan using sbtest6_pkey on sbtest6  (cost=0.43..6.56 rows=106 width=4)
	  Index Cond: ((id >= 9638540) AND (id <= 9638640))

table 7 : explain SELECT id FROM sbtest7 WHERE id BETWEEN 9638540 AND 9638640
	Index Only Scan using sbtest7_pkey on sbtest7  (cost=0.43..6.40 rows=98 width=4)
	  Index Cond: ((id >= 9638540) AND (id <= 9638640))

table 8 : explain SELECT id FROM sbtest8 WHERE id BETWEEN 9638540 AND 9638640
	Index Only Scan using sbtest8_pkey on sbtest8  (cost=0.43..6.45 rows=101 width=4)
	  Index Cond: ((id >= 9638540) AND (id <= 9638640))

for range-covered
table 1 : explain SELECT id FROM sbtest1 WHERE id BETWEEN 2731051 AND 2731151
	Index Only Scan using sbtest1_pkey on sbtest1  (cost=0.43..6.29 rows=93 width=4)
	  Index Cond: ((id >= 2731051) AND (id <= 2731151))

table 2 : explain SELECT id FROM sbtest2 WHERE id BETWEEN 2731051 AND 2731151
	Index Only Scan using sbtest2_pkey on sbtest2  (cost=0.43..6.35 rows=96 width=4)
	  Index Cond: ((id >= 2731051) AND (id <= 2731151))

table 3 : explain SELECT id FROM sbtest3 WHERE id BETWEEN 2731051 AND 2731151
	Index Only Scan using sbtest3_pkey on sbtest3  (cost=0.43..6.75 rows=116 width=4)
	  Index Cond: ((id >= 2731051) AND (id <= 2731151))

table 4 : explain SELECT id FROM sbtest4 WHERE id BETWEEN 2731051 AND 2731151
	Index Only Scan using sbtest4_pkey on sbtest4  (cost=0.43..6.45 rows=101 width=4)
	  Index Cond: ((id >= 2731051) AND (id <= 2731151))

table 5 : explain SELECT id FROM sbtest5 WHERE id BETWEEN 2731051 AND 2731151
	Index Only Scan using sbtest5_pkey on sbtest5  (cost=0.43..6.58 rows=107 width=4)
	  Index Cond: ((id >= 2731051) AND (id <= 2731151))

table 6 : explain SELECT id FROM sbtest6 WHERE id BETWEEN 2731051 AND 2731151
	Index Only Scan using sbtest6_pkey on sbtest6  (cost=0.43..6.35 rows=96 width=4)
	  Index Cond: ((id >= 2731051) AND (id <= 2731151))

table 7 : explain SELECT id FROM sbtest7 WHERE id BETWEEN 2731051 AND 2731151
	Index Only Scan using sbtest7_pkey on sbtest7  (cost=0.43..6.33 rows=95 width=4)
	  Index Cond: ((id >= 2731051) AND (id <= 2731151))

table 8 : explain SELECT id FROM sbtest8 WHERE id BETWEEN 2731051 AND 2731151
	Index Only Scan using sbtest8_pkey on sbtest8  (cost=0.43..6.40 rows=98 width=4)
	  Index Cond: ((id >= 2731051) AND (id <= 2731151))

explain: for range-covered :: explain SELECT id FROM sbtest%d WHERE id BETWEEN 9638540 AND 9638640
for range-covered
table 1 : explain SELECT id FROM sbtest1 WHERE id BETWEEN 3086032 AND 3086132
	Index Only Scan using sbtest1_pkey on sbtest1  (cost=0.43..6.25 rows=91 width=4)
	  Index Cond: ((id >= 3086032) AND (id <= 3086132))

table 2 : explain SELECT id FROM sbtest2 WHERE id BETWEEN 3086032 AND 3086132
	Index Only Scan using sbtest2_pkey on sbtest2  (cost=0.43..6.40 rows=98 width=4)
	  Index Cond: ((id >= 3086032) AND (id <= 3086132))

table 3 : explain SELECT id FROM sbtest3 WHERE id BETWEEN 3086032 AND 3086132
	Index Only Scan using sbtest3_pkey on sbtest3  (cost=0.43..6.32 rows=94 width=4)
	  Index Cond: ((id >= 3086032) AND (id <= 3086132))

table 4 : explain SELECT id FROM sbtest4 WHERE id BETWEEN 3086032 AND 3086132
	Index Only Scan using sbtest4_pkey on sbtest4  (cost=0.43..6.45 rows=101 width=4)
	  Index Cond: ((id >= 3086032) AND (id <= 3086132))

table 5 : explain SELECT id FROM sbtest5 WHERE id BETWEEN 3086032 AND 3086132
	Index Only Scan using sbtest5_pkey on sbtest5  (cost=0.43..6.45 rows=101 width=4)
	  Index Cond: ((id >= 3086032) AND (id <= 3086132))

table 6 : explain SELECT id FROM sbtest6 WHERE id BETWEEN 3086032 AND 3086132
	Index Only Scan using sbtest6_pkey on sbtest6  (cost=0.43..6.61 rows=109 width=4)
	  Index Cond: ((id >= 3086032) AND (id <= 3086132))

table 7 : explain SELECT id FROM sbtest7 WHERE id BETWEEN 3086032 AND 3086132
	Index Only Scan using sbtest7_pkey on sbtest7  (cost=0.43..6.37 rows=97 width=4)
	  Index Cond: ((id >= 3086032) AND (id <= 3086132))

table 8 : explain SELECT id FROM sbtest8 WHERE id BETWEEN 3086032 AND 3086132
	Index Only Scan using sbtest8_pkey on sbtest8  (cost=0.43..6.43 rows=100 width=4)
	  Index Cond: ((id >= 3086032) AND (id <= 3086132))

explain: for range-covered :: explain SELECT id FROM sbtest%d WHERE id BETWEEN 2731051 AND 2731151
explain: for range-covered :: explain SELECT id FROM sbtest%d WHERE id BETWEEN 3086032 AND 3086132
for range-covered
table 1 : explain SELECT id FROM sbtest1 WHERE id BETWEEN 3599712 AND 3599812
	Index Only Scan using sbtest1_pkey on sbtest1  (cost=0.43..6.40 rows=98 width=4)
	  Index Cond: ((id >= 3599712) AND (id <= 3599812))

table 2 : explain SELECT id FROM sbtest2 WHERE id BETWEEN 3599712 AND 3599812
	Index Only Scan using sbtest2_pkey on sbtest2  (cost=0.43..6.42 rows=99 width=4)
	  Index Cond: ((id >= 3599712) AND (id <= 3599812))

table 3 : explain SELECT id FROM sbtest3 WHERE id BETWEEN 3599712 AND 3599812
	Index Only Scan using sbtest3_pkey on sbtest3  (cost=0.43..6.29 rows=93 width=4)
	  Index Cond: ((id >= 3599712) AND (id <= 3599812))

table 4 : explain SELECT id FROM sbtest4 WHERE id BETWEEN 3599712 AND 3599812
	Index Only Scan using sbtest4_pkey on sbtest4  (cost=0.43..6.66 rows=111 width=4)
	  Index Cond: ((id >= 3599712) AND (id <= 3599812))

table 5 : explain SELECT id FROM sbtest5 WHERE id BETWEEN 3599712 AND 3599812
	Index Only Scan using sbtest5_pkey on sbtest5  (cost=0.43..6.51 rows=104 width=4)
	  Index Cond: ((id >= 3599712) AND (id <= 3599812))

table 6 : explain SELECT id FROM sbtest6 WHERE id BETWEEN 3599712 AND 3599812
	Index Only Scan using sbtest6_pkey on sbtest6  (cost=0.43..6.59 rows=108 width=4)
	  Index Cond: ((id >= 3599712) AND (id <= 3599812))

table 7 : explain SELECT id FROM sbtest7 WHERE id BETWEEN 3599712 AND 3599812
	Index Only Scan using sbtest7_pkey on sbtest7  (cost=0.43..6.56 rows=106 width=4)
	  Index Cond: ((id >= 3599712) AND (id <= 3599812))

table 8 : explain SELECT id FROM sbtest8 WHERE id BETWEEN 3599712 AND 3599812
	Index Only Scan using sbtest8_pkey on sbtest8  (cost=0.43..6.37 rows=97 width=4)
	  Index Cond: ((id >= 3599712) AND (id <= 3599812))

for range-covered
table 1 : explain SELECT id FROM sbtest1 WHERE id BETWEEN 3203033 AND 3203133
	Index Only Scan using sbtest1_pkey on sbtest1  (cost=0.43..6.47 rows=102 width=4)
	  Index Cond: ((id >= 3203033) AND (id <= 3203133))

table 2 : explain SELECT id FROM sbtest2 WHERE id BETWEEN 3203033 AND 3203133
	Index Only Scan using sbtest2_pkey on sbtest2  (cost=0.43..6.43 rows=100 width=4)
	  Index Cond: ((id >= 3203033) AND (id <= 3203133))

table 3 : explain SELECT id FROM sbtest3 WHERE id BETWEEN 3203033 AND 3203133
	Index Only Scan using sbtest3_pkey on sbtest3  (cost=0.43..6.43 rows=100 width=4)
	  Index Cond: ((id >= 3203033) AND (id <= 3203133))

table 4 : explain SELECT id FROM sbtest4 WHERE id BETWEEN 3203033 AND 3203133
	Index Only Scan using sbtest4_pkey on sbtest4  (cost=0.43..6.43 rows=100 width=4)
	  Index Cond: ((id >= 3203033) AND (id <= 3203133))

table 5 : explain SELECT id FROM sbtest5 WHERE id BETWEEN 3203033 AND 3203133
	Index Only Scan using sbtest5_pkey on sbtest5  (cost=0.43..6.45 rows=101 width=4)
	  Index Cond: ((id >= 3203033) AND (id <= 3203133))

table 6 : explain SELECT id FROM sbtest6 WHERE id BETWEEN 3203033 AND 3203133
	Index Only Scan using sbtest6_pkey on sbtest6  (cost=0.43..6.58 rows=107 width=4)
	  Index Cond: ((id >= 3203033) AND (id <= 3203133))

table 7 : explain SELECT id FROM sbtest7 WHERE id BETWEEN 3203033 AND 3203133
	Index Only Scan using sbtest7_pkey on sbtest7  (cost=0.43..6.43 rows=100 width=4)
	  Index Cond: ((id >= 3203033) AND (id <= 3203133))

table 8 : explain SELECT id FROM sbtest8 WHERE id BETWEEN 3203033 AND 3203133
	Index Only Scan using sbtest8_pkey on sbtest8  (cost=0.43..6.45 rows=101 width=4)
	  Index Cond: ((id >= 3203033) AND (id <= 3203133))

for range-covered
table 1 : explain SELECT id FROM sbtest1 WHERE id BETWEEN 3086032 AND 3086132
	Index Only Scan using sbtest1_pkey on sbtest1  (cost=0.43..6.25 rows=91 width=4)
	  Index Cond: ((id >= 3086032) AND (id <= 3086132))

table 2 : explain SELECT id FROM sbtest2 WHERE id BETWEEN 3086032 AND 3086132
	Index Only Scan using sbtest2_pkey on sbtest2  (cost=0.43..6.40 rows=98 width=4)
	  Index Cond: ((id >= 3086032) AND (id <= 3086132))

table 3 : explain SELECT id FROM sbtest3 WHERE id BETWEEN 3086032 AND 3086132
	Index Only Scan using sbtest3_pkey on sbtest3  (cost=0.43..6.32 rows=94 width=4)
	  Index Cond: ((id >= 3086032) AND (id <= 3086132))

table 4 : explain SELECT id FROM sbtest4 WHERE id BETWEEN 3086032 AND 3086132
	Index Only Scan using sbtest4_pkey on sbtest4  (cost=0.43..6.45 rows=101 width=4)
	  Index Cond: ((id >= 3086032) AND (id <= 3086132))

table 5 : explain SELECT id FROM sbtest5 WHERE id BETWEEN 3086032 AND 3086132
	Index Only Scan using sbtest5_pkey on sbtest5  (cost=0.43..6.45 rows=101 width=4)
	  Index Cond: ((id >= 3086032) AND (id <= 3086132))

table 6 : explain SELECT id FROM sbtest6 WHERE id BETWEEN 3086032 AND 3086132
	Index Only Scan using sbtest6_pkey on sbtest6  (cost=0.43..6.61 rows=109 width=4)
	  Index Cond: ((id >= 3086032) AND (id <= 3086132))

table 7 : explain SELECT id FROM sbtest7 WHERE id BETWEEN 3086032 AND 3086132
	Index Only Scan using sbtest7_pkey on sbtest7  (cost=0.43..6.37 rows=97 width=4)
	  Index Cond: ((id >= 3086032) AND (id <= 3086132))

table 8 : explain SELECT id FROM sbtest8 WHERE id BETWEEN 3086032 AND 3086132
	Index Only Scan using sbtest8_pkey on sbtest8  (cost=0.43..6.43 rows=100 width=4)
	  Index Cond: ((id >= 3086032) AND (id <= 3086132))

explain: for range-covered :: explain SELECT id FROM sbtest%d WHERE id BETWEEN 3086032 AND 3086132
for range-covered
table 1 : explain SELECT id FROM sbtest1 WHERE id BETWEEN 9638540 AND 9638640
	Index Only Scan using sbtest1_pkey on sbtest1  (cost=0.43..6.59 rows=108 width=4)
	  Index Cond: ((id >= 9638540) AND (id <= 9638640))

table 2 : explain SELECT id FROM sbtest2 WHERE id BETWEEN 9638540 AND 9638640
	Index Only Scan using sbtest2_pkey on sbtest2  (cost=0.43..6.37 rows=97 width=4)
	  Index Cond: ((id >= 9638540) AND (id <= 9638640))

table 3 : explain SELECT id FROM sbtest3 WHERE id BETWEEN 9638540 AND 9638640
	Index Only Scan using sbtest3_pkey on sbtest3  (cost=0.43..6.24 rows=90 width=4)
	  Index Cond: ((id >= 9638540) AND (id <= 9638640))

table 4 : explain SELECT id FROM sbtest4 WHERE id BETWEEN 9638540 AND 9638640
	Index Only Scan using sbtest4_pkey on sbtest4  (cost=0.43..6.47 rows=102 width=4)
	  Index Cond: ((id >= 9638540) AND (id <= 9638640))

table 5 : explain SELECT id FROM sbtest5 WHERE id BETWEEN 9638540 AND 9638640
	Index Only Scan using sbtest5_pkey on sbtest5  (cost=0.43..6.58 rows=107 width=4)
	  Index Cond: ((id >= 9638540) AND (id <= 9638640))

table 6 : explain SELECT id FROM sbtest6 WHERE id BETWEEN 9638540 AND 9638640
	Index Only Scan using sbtest6_pkey on sbtest6  (cost=0.43..6.56 rows=106 width=4)
	  Index Cond: ((id >= 9638540) AND (id <= 9638640))

table 7 : explain SELECT id FROM sbtest7 WHERE id BETWEEN 9638540 AND 9638640
	Index Only Scan using sbtest7_pkey on sbtest7  (cost=0.43..6.40 rows=98 width=4)
	  Index Cond: ((id >= 9638540) AND (id <= 9638640))

table 8 : explain SELECT id FROM sbtest8 WHERE id BETWEEN 9638540 AND 9638640
	Index Only Scan using sbtest8_pkey on sbtest8  (cost=0.43..6.45 rows=101 width=4)
	  Index Cond: ((id >= 9638540) AND (id <= 9638640))

for range-covered
table 1 : explain SELECT id FROM sbtest1 WHERE id BETWEEN 2731051 AND 2731151
	Index Only Scan using sbtest1_pkey on sbtest1  (cost=0.43..6.29 rows=93 width=4)
	  Index Cond: ((id >= 2731051) AND (id <= 2731151))

table 2 : explain SELECT id FROM sbtest2 WHERE id BETWEEN 2731051 AND 2731151
	Index Only Scan using sbtest2_pkey on sbtest2  (cost=0.43..6.35 rows=96 width=4)
	  Index Cond: ((id >= 2731051) AND (id <= 2731151))

table 3 : explain SELECT id FROM sbtest3 WHERE id BETWEEN 2731051 AND 2731151
	Index Only Scan using sbtest3_pkey on sbtest3  (cost=0.43..6.75 rows=116 width=4)
	  Index Cond: ((id >= 2731051) AND (id <= 2731151))

table 4 : explain SELECT id FROM sbtest4 WHERE id BETWEEN 2731051 AND 2731151
	Index Only Scan using sbtest4_pkey on sbtest4  (cost=0.43..6.45 rows=101 width=4)
	  Index Cond: ((id >= 2731051) AND (id <= 2731151))

table 5 : explain SELECT id FROM sbtest5 WHERE id BETWEEN 2731051 AND 2731151
	Index Only Scan using sbtest5_pkey on sbtest5  (cost=0.43..6.58 rows=107 width=4)
	  Index Cond: ((id >= 2731051) AND (id <= 2731151))

table 6 : explain SELECT id FROM sbtest6 WHERE id BETWEEN 2731051 AND 2731151
	Index Only Scan using sbtest6_pkey on sbtest6  (cost=0.43..6.35 rows=96 width=4)
	  Index Cond: ((id >= 2731051) AND (id <= 2731151))

table 7 : explain SELECT id FROM sbtest7 WHERE id BETWEEN 2731051 AND 2731151
	Index Only Scan using sbtest7_pkey on sbtest7  (cost=0.43..6.33 rows=95 width=4)
	  Index Cond: ((id >= 2731051) AND (id <= 2731151))

table 8 : explain SELECT id FROM sbtest8 WHERE id BETWEEN 2731051 AND 2731151
	Index Only Scan using sbtest8_pkey on sbtest8  (cost=0.43..6.40 rows=98 width=4)
	  Index Cond: ((id >= 2731051) AND (id <= 2731151))

explain: for range-covered :: explain SELECT id FROM sbtest%d WHERE id BETWEEN 9638540 AND 9638640
for range-covered
table 1 : explain SELECT id FROM sbtest1 WHERE id BETWEEN 3086032 AND 3086132
	Index Only Scan using sbtest1_pkey on sbtest1  (cost=0.43..6.25 rows=91 width=4)
	  Index Cond: ((id >= 3086032) AND (id <= 3086132))

table 2 : explain SELECT id FROM sbtest2 WHERE id BETWEEN 3086032 AND 3086132
	Index Only Scan using sbtest2_pkey on sbtest2  (cost=0.43..6.40 rows=98 width=4)
	  Index Cond: ((id >= 3086032) AND (id <= 3086132))

table 3 : explain SELECT id FROM sbtest3 WHERE id BETWEEN 3086032 AND 3086132
	Index Only Scan using sbtest3_pkey on sbtest3  (cost=0.43..6.32 rows=94 width=4)
	  Index Cond: ((id >= 3086032) AND (id <= 3086132))

table 4 : explain SELECT id FROM sbtest4 WHERE id BETWEEN 3086032 AND 3086132
	Index Only Scan using sbtest4_pkey on sbtest4  (cost=0.43..6.45 rows=101 width=4)
	  Index Cond: ((id >= 3086032) AND (id <= 3086132))

table 5 : explain SELECT id FROM sbtest5 WHERE id BETWEEN 3086032 AND 3086132
	Index Only Scan using sbtest5_pkey on sbtest5  (cost=0.43..6.45 rows=101 width=4)
	  Index Cond: ((id >= 3086032) AND (id <= 3086132))

table 6 : explain SELECT id FROM sbtest6 WHERE id BETWEEN 3086032 AND 3086132
	Index Only Scan using sbtest6_pkey on sbtest6  (cost=0.43..6.61 rows=109 width=4)
	  Index Cond: ((id >= 3086032) AND (id <= 3086132))

table 7 : explain SELECT id FROM sbtest7 WHERE id BETWEEN 3086032 AND 3086132
	Index Only Scan using sbtest7_pkey on sbtest7  (cost=0.43..6.37 rows=97 width=4)
	  Index Cond: ((id >= 3086032) AND (id <= 3086132))

table 8 : explain SELECT id FROM sbtest8 WHERE id BETWEEN 3086032 AND 3086132
	Index Only Scan using sbtest8_pkey on sbtest8  (cost=0.43..6.43 rows=100 width=4)
	  Index Cond: ((id >= 3086032) AND (id <= 3086132))

explain: for range-covered :: explain SELECT id FROM sbtest%d WHERE id BETWEEN 2731051 AND 2731151
explain: for range-covered :: explain SELECT id FROM sbtest%d WHERE id BETWEEN 3086032 AND 3086132
for range-covered
table 1 : explain SELECT id FROM sbtest1 WHERE id BETWEEN 2862996 AND 2863096
	Index Only Scan using sbtest1_pkey on sbtest1  (cost=0.43..6.32 rows=94 width=4)
	  Index Cond: ((id >= 2862996) AND (id <= 2863096))

table 2 : explain SELECT id FROM sbtest2 WHERE id BETWEEN 2862996 AND 2863096
	Index Only Scan using sbtest2_pkey on sbtest2  (cost=0.43..6.37 rows=97 width=4)
	  Index Cond: ((id >= 2862996) AND (id <= 2863096))

table 3 : explain SELECT id FROM sbtest3 WHERE id BETWEEN 2862996 AND 2863096
	Index Only Scan using sbtest3_pkey on sbtest3  (cost=0.43..6.33 rows=95 width=4)
	  Index Cond: ((id >= 2862996) AND (id <= 2863096))

table 4 : explain SELECT id FROM sbtest4 WHERE id BETWEEN 2862996 AND 2863096
	Index Only Scan using sbtest4_pkey on sbtest4  (cost=0.43..6.67 rows=112 width=4)
	  Index Cond: ((id >= 2862996) AND (id <= 2863096))

table 5 : explain SELECT id FROM sbtest5 WHERE id BETWEEN 2862996 AND 2863096
	Index Only Scan using sbtest5_pkey on sbtest5  (cost=0.43..6.50 rows=103 width=4)
	  Index Cond: ((id >= 2862996) AND (id <= 2863096))

table 6 : explain SELECT id FROM sbtest6 WHERE id BETWEEN 2862996 AND 2863096
	Index Only Scan using sbtest6_pkey on sbtest6  (cost=0.43..6.51 rows=104 width=4)
	  Index Cond: ((id >= 2862996) AND (id <= 2863096))

table 7 : explain SELECT id FROM sbtest7 WHERE id BETWEEN 2862996 AND 2863096
	Index Only Scan using sbtest7_pkey on sbtest7  (cost=0.43..6.40 rows=98 width=4)
	  Index Cond: ((id >= 2862996) AND (id <= 2863096))

table 8 : explain SELECT id FROM sbtest8 WHERE id BETWEEN 2862996 AND 2863096
	Index Only Scan using sbtest8_pkey on sbtest8  (cost=0.43..6.29 rows=93 width=4)
	  Index Cond: ((id >= 2862996) AND (id <= 2863096))

explain: for range-covered :: explain SELECT id FROM sbtest%d WHERE id BETWEEN 2862996 AND 2863096
for range-covered
table 1 : explain SELECT id FROM sbtest1 WHERE id BETWEEN 9638540 AND 9638640
	Index Only Scan using sbtest1_pkey on sbtest1  (cost=0.43..6.59 rows=108 width=4)
	  Index Cond: ((id >= 9638540) AND (id <= 9638640))

table 2 : explain SELECT id FROM sbtest2 WHERE id BETWEEN 9638540 AND 9638640
	Index Only Scan using sbtest2_pkey on sbtest2  (cost=0.43..6.37 rows=97 width=4)
	  Index Cond: ((id >= 9638540) AND (id <= 9638640))

table 3 : explain SELECT id FROM sbtest3 WHERE id BETWEEN 9638540 AND 9638640
	Index Only Scan using sbtest3_pkey on sbtest3  (cost=0.43..6.24 rows=90 width=4)
	  Index Cond: ((id >= 9638540) AND (id <= 9638640))

table 4 : explain SELECT id FROM sbtest4 WHERE id BETWEEN 9638540 AND 9638640
	Index Only Scan using sbtest4_pkey on sbtest4  (cost=0.43..6.47 rows=102 width=4)
	  Index Cond: ((id >= 9638540) AND (id <= 9638640))

table 5 : explain SELECT id FROM sbtest5 WHERE id BETWEEN 9638540 AND 9638640
	Index Only Scan using sbtest5_pkey on sbtest5  (cost=0.43..6.58 rows=107 width=4)
	  Index Cond: ((id >= 9638540) AND (id <= 9638640))

table 6 : explain SELECT id FROM sbtest6 WHERE id BETWEEN 9638540 AND 9638640
	Index Only Scan using sbtest6_pkey on sbtest6  (cost=0.43..6.56 rows=106 width=4)
	  Index Cond: ((id >= 9638540) AND (id <= 9638640))

table 7 : explain SELECT id FROM sbtest7 WHERE id BETWEEN 9638540 AND 9638640
	Index Only Scan using sbtest7_pkey on sbtest7  (cost=0.43..6.40 rows=98 width=4)
	  Index Cond: ((id >= 9638540) AND (id <= 9638640))

table 8 : explain SELECT id FROM sbtest8 WHERE id BETWEEN 9638540 AND 9638640
	Index Only Scan using sbtest8_pkey on sbtest8  (cost=0.43..6.45 rows=101 width=4)
	  Index Cond: ((id >= 9638540) AND (id <= 9638640))

for range-covered
table 1 : explain SELECT id FROM sbtest1 WHERE id BETWEEN 2731051 AND 2731151
	Index Only Scan using sbtest1_pkey on sbtest1  (cost=0.43..6.29 rows=93 width=4)
	  Index Cond: ((id >= 2731051) AND (id <= 2731151))

table 2 : explain SELECT id FROM sbtest2 WHERE id BETWEEN 2731051 AND 2731151
	Index Only Scan using sbtest2_pkey on sbtest2  (cost=0.43..6.35 rows=96 width=4)
	  Index Cond: ((id >= 2731051) AND (id <= 2731151))

table 3 : explain SELECT id FROM sbtest3 WHERE id BETWEEN 2731051 AND 2731151
	Index Only Scan using sbtest3_pkey on sbtest3  (cost=0.43..6.75 rows=116 width=4)
	  Index Cond: ((id >= 2731051) AND (id <= 2731151))

table 4 : explain SELECT id FROM sbtest4 WHERE id BETWEEN 2731051 AND 2731151
	Index Only Scan using sbtest4_pkey on sbtest4  (cost=0.43..6.45 rows=101 width=4)
	  Index Cond: ((id >= 2731051) AND (id <= 2731151))

table 5 : explain SELECT id FROM sbtest5 WHERE id BETWEEN 2731051 AND 2731151
	Index Only Scan using sbtest5_pkey on sbtest5  (cost=0.43..6.58 rows=107 width=4)
	  Index Cond: ((id >= 2731051) AND (id <= 2731151))

table 6 : explain SELECT id FROM sbtest6 WHERE id BETWEEN 2731051 AND 2731151
	Index Only Scan using sbtest6_pkey on sbtest6  (cost=0.43..6.35 rows=96 width=4)
	  Index Cond: ((id >= 2731051) AND (id <= 2731151))

table 7 : explain SELECT id FROM sbtest7 WHERE id BETWEEN 2731051 AND 2731151
	Index Only Scan using sbtest7_pkey on sbtest7  (cost=0.43..6.33 rows=95 width=4)
	  Index Cond: ((id >= 2731051) AND (id <= 2731151))

table 8 : explain SELECT id FROM sbtest8 WHERE id BETWEEN 2731051 AND 2731151
	Index Only Scan using sbtest8_pkey on sbtest8  (cost=0.43..6.40 rows=98 width=4)
	  Index Cond: ((id >= 2731051) AND (id <= 2731151))

explain: for range-covered :: explain SELECT id FROM sbtest%d WHERE id BETWEEN 9638540 AND 9638640
explain: for range-covered :: explain SELECT id FROM sbtest%d WHERE id BETWEEN 2731051 AND 2731151
for range-covered
table 1 : explain SELECT id FROM sbtest1 WHERE id BETWEEN 2862996 AND 2863096
	Index Only Scan using sbtest1_pkey on sbtest1  (cost=0.43..6.32 rows=94 width=4)
	  Index Cond: ((id >= 2862996) AND (id <= 2863096))

table 2 : explain SELECT id FROM sbtest2 WHERE id BETWEEN 2862996 AND 2863096
	Index Only Scan using sbtest2_pkey on sbtest2  (cost=0.43..6.37 rows=97 width=4)
	  Index Cond: ((id >= 2862996) AND (id <= 2863096))

table 3 : explain SELECT id FROM sbtest3 WHERE id BETWEEN 2862996 AND 2863096
	Index Only Scan using sbtest3_pkey on sbtest3  (cost=0.43..6.33 rows=95 width=4)
	  Index Cond: ((id >= 2862996) AND (id <= 2863096))

table 4 : explain SELECT id FROM sbtest4 WHERE id BETWEEN 2862996 AND 2863096
	Index Only Scan using sbtest4_pkey on sbtest4  (cost=0.43..6.67 rows=112 width=4)
	  Index Cond: ((id >= 2862996) AND (id <= 2863096))

table 5 : explain SELECT id FROM sbtest5 WHERE id BETWEEN 2862996 AND 2863096
	Index Only Scan using sbtest5_pkey on sbtest5  (cost=0.43..6.50 rows=103 width=4)
	  Index Cond: ((id >= 2862996) AND (id <= 2863096))

table 6 : explain SELECT id FROM sbtest6 WHERE id BETWEEN 2862996 AND 2863096
	Index Only Scan using sbtest6_pkey on sbtest6  (cost=0.43..6.51 rows=104 width=4)
	  Index Cond: ((id >= 2862996) AND (id <= 2863096))

table 7 : explain SELECT id FROM sbtest7 WHERE id BETWEEN 2862996 AND 2863096
	Index Only Scan using sbtest7_pkey on sbtest7  (cost=0.43..6.40 rows=98 width=4)
	  Index Cond: ((id >= 2862996) AND (id <= 2863096))

table 8 : explain SELECT id FROM sbtest8 WHERE id BETWEEN 2862996 AND 2863096
	Index Only Scan using sbtest8_pkey on sbtest8  (cost=0.43..6.29 rows=93 width=4)
	  Index Cond: ((id >= 2862996) AND (id <= 2863096))

explain: for range-covered :: explain SELECT id FROM sbtest%d WHERE id BETWEEN 2862996 AND 2863096
for range-covered
table 1 : explain SELECT id FROM sbtest1 WHERE id BETWEEN 2862996 AND 2863096
	Index Only Scan using sbtest1_pkey on sbtest1  (cost=0.43..6.32 rows=94 width=4)
	  Index Cond: ((id >= 2862996) AND (id <= 2863096))

table 2 : explain SELECT id FROM sbtest2 WHERE id BETWEEN 2862996 AND 2863096
	Index Only Scan using sbtest2_pkey on sbtest2  (cost=0.43..6.37 rows=97 width=4)
	  Index Cond: ((id >= 2862996) AND (id <= 2863096))

table 3 : explain SELECT id FROM sbtest3 WHERE id BETWEEN 2862996 AND 2863096
	Index Only Scan using sbtest3_pkey on sbtest3  (cost=0.43..6.33 rows=95 width=4)
	  Index Cond: ((id >= 2862996) AND (id <= 2863096))

table 4 : explain SELECT id FROM sbtest4 WHERE id BETWEEN 2862996 AND 2863096
	Index Only Scan using sbtest4_pkey on sbtest4  (cost=0.43..6.67 rows=112 width=4)
	  Index Cond: ((id >= 2862996) AND (id <= 2863096))

table 5 : explain SELECT id FROM sbtest5 WHERE id BETWEEN 2862996 AND 2863096
	Index Only Scan using sbtest5_pkey on sbtest5  (cost=0.43..6.50 rows=103 width=4)
	  Index Cond: ((id >= 2862996) AND (id <= 2863096))

table 6 : explain SELECT id FROM sbtest6 WHERE id BETWEEN 2862996 AND 2863096
	Index Only Scan using sbtest6_pkey on sbtest6  (cost=0.43..6.51 rows=104 width=4)
	  Index Cond: ((id >= 2862996) AND (id <= 2863096))

table 7 : explain SELECT id FROM sbtest7 WHERE id BETWEEN 2862996 AND 2863096
	Index Only Scan using sbtest7_pkey on sbtest7  (cost=0.43..6.40 rows=98 width=4)
	  Index Cond: ((id >= 2862996) AND (id <= 2863096))

table 8 : explain SELECT id FROM sbtest8 WHERE id BETWEEN 2862996 AND 2863096
	Index Only Scan using sbtest8_pkey on sbtest8  (cost=0.43..6.29 rows=93 width=4)
	  Index Cond: ((id >= 2862996) AND (id <= 2863096))

for range-covered
table 1 : explain SELECT id FROM sbtest1 WHERE id BETWEEN 9638540 AND 9638640
	Index Only Scan using sbtest1_pkey on sbtest1  (cost=0.43..6.59 rows=108 width=4)
	  Index Cond: ((id >= 9638540) AND (id <= 9638640))

table 2 : explain SELECT id FROM sbtest2 WHERE id BETWEEN 9638540 AND 9638640
	Index Only Scan using sbtest2_pkey on sbtest2  (cost=0.43..6.37 rows=97 width=4)
	  Index Cond: ((id >= 9638540) AND (id <= 9638640))

table 3 : explain SELECT id FROM sbtest3 WHERE id BETWEEN 9638540 AND 9638640
	Index Only Scan using sbtest3_pkey on sbtest3  (cost=0.43..6.24 rows=90 width=4)
	  Index Cond: ((id >= 9638540) AND (id <= 9638640))

table 4 : explain SELECT id FROM sbtest4 WHERE id BETWEEN 9638540 AND 9638640
	Index Only Scan using sbtest4_pkey on sbtest4  (cost=0.43..6.47 rows=102 width=4)
	  Index Cond: ((id >= 9638540) AND (id <= 9638640))

table 5 : explain SELECT id FROM sbtest5 WHERE id BETWEEN 9638540 AND 9638640
	Index Only Scan using sbtest5_pkey on sbtest5  (cost=0.43..6.58 rows=107 width=4)
	  Index Cond: ((id >= 9638540) AND (id <= 9638640))

table 6 : explain SELECT id FROM sbtest6 WHERE id BETWEEN 9638540 AND 9638640
	Index Only Scan using sbtest6_pkey on sbtest6  (cost=0.43..6.56 rows=106 width=4)
	  Index Cond: ((id >= 9638540) AND (id <= 9638640))

table 7 : explain SELECT id FROM sbtest7 WHERE id BETWEEN 9638540 AND 9638640
	Index Only Scan using sbtest7_pkey on sbtest7  (cost=0.43..6.40 rows=98 width=4)
	  Index Cond: ((id >= 9638540) AND (id <= 9638640))

table 8 : explain SELECT id FROM sbtest8 WHERE id BETWEEN 9638540 AND 9638640
	Index Only Scan using sbtest8_pkey on sbtest8  (cost=0.43..6.45 rows=101 width=4)
	  Index Cond: ((id >= 9638540) AND (id <= 9638640))

explain: for range-covered :: explain SELECT id FROM sbtest%d WHERE id BETWEEN 2862996 AND 2863096
explain: for range-covered :: explain SELECT id FROM sbtest%d WHERE id BETWEEN 9638540 AND 9638640
explain: for range-covered :: explain SELECT id FROM sbtest%d WHERE id BETWEEN 7965047 AND 7965147
for range-covered
table 1 : explain SELECT id FROM sbtest1 WHERE id BETWEEN 3086032 AND 3086132
	Index Only Scan using sbtest1_pkey on sbtest1  (cost=0.43..6.25 rows=91 width=4)
	  Index Cond: ((id >= 3086032) AND (id <= 3086132))

table 2 : explain SELECT id FROM sbtest2 WHERE id BETWEEN 3086032 AND 3086132
	Index Only Scan using sbtest2_pkey on sbtest2  (cost=0.43..6.40 rows=98 width=4)
	  Index Cond: ((id >= 3086032) AND (id <= 3086132))

table 3 : explain SELECT id FROM sbtest3 WHERE id BETWEEN 3086032 AND 3086132
	Index Only Scan using sbtest3_pkey on sbtest3  (cost=0.43..6.32 rows=94 width=4)
	  Index Cond: ((id >= 3086032) AND (id <= 3086132))

table 4 : explain SELECT id FROM sbtest4 WHERE id BETWEEN 3086032 AND 3086132
	Index Only Scan using sbtest4_pkey on sbtest4  (cost=0.43..6.45 rows=101 width=4)
	  Index Cond: ((id >= 3086032) AND (id <= 3086132))

table 5 : explain SELECT id FROM sbtest5 WHERE id BETWEEN 3086032 AND 3086132
	Index Only Scan using sbtest5_pkey on sbtest5  (cost=0.43..6.45 rows=101 width=4)
	  Index Cond: ((id >= 3086032) AND (id <= 3086132))

table 6 : explain SELECT id FROM sbtest6 WHERE id BETWEEN 3086032 AND 3086132
	Index Only Scan using sbtest6_pkey on sbtest6  (cost=0.43..6.61 rows=109 width=4)
	  Index Cond: ((id >= 3086032) AND (id <= 3086132))

table 7 : explain SELECT id FROM sbtest7 WHERE id BETWEEN 3086032 AND 3086132
	Index Only Scan using sbtest7_pkey on sbtest7  (cost=0.43..6.37 rows=97 width=4)
	  Index Cond: ((id >= 3086032) AND (id <= 3086132))

table 8 : explain SELECT id FROM sbtest8 WHERE id BETWEEN 3086032 AND 3086132
	Index Only Scan using sbtest8_pkey on sbtest8  (cost=0.43..6.43 rows=100 width=4)
	  Index Cond: ((id >= 3086032) AND (id <= 3086132))

for range-covered
table 1 : explain SELECT id FROM sbtest1 WHERE id BETWEEN 2862996 AND 2863096
	Index Only Scan using sbtest1_pkey on sbtest1  (cost=0.43..6.32 rows=94 width=4)
	  Index Cond: ((id >= 2862996) AND (id <= 2863096))

table 2 : explain SELECT id FROM sbtest2 WHERE id BETWEEN 2862996 AND 2863096
	Index Only Scan using sbtest2_pkey on sbtest2  (cost=0.43..6.37 rows=97 width=4)
	  Index Cond: ((id >= 2862996) AND (id <= 2863096))

table 3 : explain SELECT id FROM sbtest3 WHERE id BETWEEN 2862996 AND 2863096
	Index Only Scan using sbtest3_pkey on sbtest3  (cost=0.43..6.33 rows=95 width=4)
	  Index Cond: ((id >= 2862996) AND (id <= 2863096))

table 4 : explain SELECT id FROM sbtest4 WHERE id BETWEEN 2862996 AND 2863096
	Index Only Scan using sbtest4_pkey on sbtest4  (cost=0.43..6.67 rows=112 width=4)
	  Index Cond: ((id >= 2862996) AND (id <= 2863096))

table 5 : explain SELECT id FROM sbtest5 WHERE id BETWEEN 2862996 AND 2863096
	Index Only Scan using sbtest5_pkey on sbtest5  (cost=0.43..6.50 rows=103 width=4)
	  Index Cond: ((id >= 2862996) AND (id <= 2863096))

table 6 : explain SELECT id FROM sbtest6 WHERE id BETWEEN 2862996 AND 2863096
	Index Only Scan using sbtest6_pkey on sbtest6  (cost=0.43..6.51 rows=104 width=4)
	  Index Cond: ((id >= 2862996) AND (id <= 2863096))

table 7 : explain SELECT id FROM sbtest7 WHERE id BETWEEN 2862996 AND 2863096
	Index Only Scan using sbtest7_pkey on sbtest7  (cost=0.43..6.40 rows=98 width=4)
	  Index Cond: ((id >= 2862996) AND (id <= 2863096))

table 8 : explain SELECT id FROM sbtest8 WHERE id BETWEEN 2862996 AND 2863096
	Index Only Scan using sbtest8_pkey on sbtest8  (cost=0.43..6.29 rows=93 width=4)
	  Index Cond: ((id >= 2862996) AND (id <= 2863096))

explain: for range-covered :: explain SELECT id FROM sbtest%d WHERE id BETWEEN 2862996 AND 2863096
for range-covered
table 1 : explain SELECT id FROM sbtest1 WHERE id BETWEEN 9638540 AND 9638640
	Index Only Scan using sbtest1_pkey on sbtest1  (cost=0.43..6.59 rows=108 width=4)
	  Index Cond: ((id >= 9638540) AND (id <= 9638640))

table 2 : explain SELECT id FROM sbtest2 WHERE id BETWEEN 9638540 AND 9638640
	Index Only Scan using sbtest2_pkey on sbtest2  (cost=0.43..6.37 rows=97 width=4)
	  Index Cond: ((id >= 9638540) AND (id <= 9638640))

table 3 : explain SELECT id FROM sbtest3 WHERE id BETWEEN 9638540 AND 9638640
	Index Only Scan using sbtest3_pkey on sbtest3  (cost=0.43..6.24 rows=90 width=4)
	  Index Cond: ((id >= 9638540) AND (id <= 9638640))

table 4 : explain SELECT id FROM sbtest4 WHERE id BETWEEN 9638540 AND 9638640
	Index Only Scan using sbtest4_pkey on sbtest4  (cost=0.43..6.47 rows=102 width=4)
	  Index Cond: ((id >= 9638540) AND (id <= 9638640))

table 5 : explain SELECT id FROM sbtest5 WHERE id BETWEEN 9638540 AND 9638640
	Index Only Scan using sbtest5_pkey on sbtest5  (cost=0.43..6.58 rows=107 width=4)
	  Index Cond: ((id >= 9638540) AND (id <= 9638640))

table 6 : explain SELECT id FROM sbtest6 WHERE id BETWEEN 9638540 AND 9638640
	Index Only Scan using sbtest6_pkey on sbtest6  (cost=0.43..6.56 rows=106 width=4)
	  Index Cond: ((id >= 9638540) AND (id <= 9638640))

table 7 : explain SELECT id FROM sbtest7 WHERE id BETWEEN 9638540 AND 9638640
	Index Only Scan using sbtest7_pkey on sbtest7  (cost=0.43..6.40 rows=98 width=4)
	  Index Cond: ((id >= 9638540) AND (id <= 9638640))

table 8 : explain SELECT id FROM sbtest8 WHERE id BETWEEN 9638540 AND 9638640
	Index Only Scan using sbtest8_pkey on sbtest8  (cost=0.43..6.45 rows=101 width=4)
	  Index Cond: ((id >= 9638540) AND (id <= 9638640))

explain: for range-covered :: explain SELECT id FROM sbtest%d WHERE id BETWEEN 9638540 AND 9638640
for range-covered
table 1 : explain SELECT id FROM sbtest1 WHERE id BETWEEN 2731051 AND 2731151
	Index Only Scan using sbtest1_pkey on sbtest1  (cost=0.43..6.29 rows=93 width=4)
	  Index Cond: ((id >= 2731051) AND (id <= 2731151))

table 2 : explain SELECT id FROM sbtest2 WHERE id BETWEEN 2731051 AND 2731151
	Index Only Scan using sbtest2_pkey on sbtest2  (cost=0.43..6.35 rows=96 width=4)
	  Index Cond: ((id >= 2731051) AND (id <= 2731151))

table 3 : explain SELECT id FROM sbtest3 WHERE id BETWEEN 2731051 AND 2731151
	Index Only Scan using sbtest3_pkey on sbtest3  (cost=0.43..6.75 rows=116 width=4)
	  Index Cond: ((id >= 2731051) AND (id <= 2731151))

table 4 : explain SELECT id FROM sbtest4 WHERE id BETWEEN 2731051 AND 2731151
	Index Only Scan using sbtest4_pkey on sbtest4  (cost=0.43..6.45 rows=101 width=4)
	  Index Cond: ((id >= 2731051) AND (id <= 2731151))

table 5 : explain SELECT id FROM sbtest5 WHERE id BETWEEN 2731051 AND 2731151
	Index Only Scan using sbtest5_pkey on sbtest5  (cost=0.43..6.58 rows=107 width=4)
	  Index Cond: ((id >= 2731051) AND (id <= 2731151))

table 6 : explain SELECT id FROM sbtest6 WHERE id BETWEEN 2731051 AND 2731151
	Index Only Scan using sbtest6_pkey on sbtest6  (cost=0.43..6.35 rows=96 width=4)
	  Index Cond: ((id >= 2731051) AND (id <= 2731151))

table 7 : explain SELECT id FROM sbtest7 WHERE id BETWEEN 2731051 AND 2731151
	Index Only Scan using sbtest7_pkey on sbtest7  (cost=0.43..6.33 rows=95 width=4)
	  Index Cond: ((id >= 2731051) AND (id <= 2731151))

table 8 : explain SELECT id FROM sbtest8 WHERE id BETWEEN 2731051 AND 2731151
	Index Only Scan using sbtest8_pkey on sbtest8  (cost=0.43..6.40 rows=98 width=4)
	  Index Cond: ((id >= 2731051) AND (id <= 2731151))

for range-covered
table 1 : explain SELECT id FROM sbtest1 WHERE id BETWEEN 2862996 AND 2863096
	Index Only Scan using sbtest1_pkey on sbtest1  (cost=0.43..6.32 rows=94 width=4)
	  Index Cond: ((id >= 2862996) AND (id <= 2863096))

table 2 : explain SELECT id FROM sbtest2 WHERE id BETWEEN 2862996 AND 2863096
	Index Only Scan using sbtest2_pkey on sbtest2  (cost=0.43..6.37 rows=97 width=4)
	  Index Cond: ((id >= 2862996) AND (id <= 2863096))

table 3 : explain SELECT id FROM sbtest3 WHERE id BETWEEN 2862996 AND 2863096
	Index Only Scan using sbtest3_pkey on sbtest3  (cost=0.43..6.33 rows=95 width=4)
	  Index Cond: ((id >= 2862996) AND (id <= 2863096))

table 4 : explain SELECT id FROM sbtest4 WHERE id BETWEEN 2862996 AND 2863096
	Index Only Scan using sbtest4_pkey on sbtest4  (cost=0.43..6.67 rows=112 width=4)
	  Index Cond: ((id >= 2862996) AND (id <= 2863096))

table 5 : explain SELECT id FROM sbtest5 WHERE id BETWEEN 2862996 AND 2863096
	Index Only Scan using sbtest5_pkey on sbtest5  (cost=0.43..6.50 rows=103 width=4)
	  Index Cond: ((id >= 2862996) AND (id <= 2863096))

table 6 : explain SELECT id FROM sbtest6 WHERE id BETWEEN 2862996 AND 2863096
	Index Only Scan using sbtest6_pkey on sbtest6  (cost=0.43..6.51 rows=104 width=4)
	  Index Cond: ((id >= 2862996) AND (id <= 2863096))

table 7 : explain SELECT id FROM sbtest7 WHERE id BETWEEN 2862996 AND 2863096
	Index Only Scan using sbtest7_pkey on sbtest7  (cost=0.43..6.40 rows=98 width=4)
	  Index Cond: ((id >= 2862996) AND (id <= 2863096))

table 8 : explain SELECT id FROM sbtest8 WHERE id BETWEEN 2862996 AND 2863096
	Index Only Scan using sbtest8_pkey on sbtest8  (cost=0.43..6.29 rows=93 width=4)
	  Index Cond: ((id >= 2862996) AND (id <= 2863096))

explain: for range-covered :: explain SELECT id FROM sbtest%d WHERE id BETWEEN 2731051 AND 2731151
explain: for range-covered :: explain SELECT id FROM sbtest%d WHERE id BETWEEN 2862996 AND 2863096
for range-covered
table 1 : explain SELECT id FROM sbtest1 WHERE id BETWEEN 2862996 AND 2863096
	Index Only Scan using sbtest1_pkey on sbtest1  (cost=0.43..6.32 rows=94 width=4)
	  Index Cond: ((id >= 2862996) AND (id <= 2863096))

table 2 : explain SELECT id FROM sbtest2 WHERE id BETWEEN 2862996 AND 2863096
	Index Only Scan using sbtest2_pkey on sbtest2  (cost=0.43..6.37 rows=97 width=4)
	  Index Cond: ((id >= 2862996) AND (id <= 2863096))

table 3 : explain SELECT id FROM sbtest3 WHERE id BETWEEN 2862996 AND 2863096
	Index Only Scan using sbtest3_pkey on sbtest3  (cost=0.43..6.33 rows=95 width=4)
	  Index Cond: ((id >= 2862996) AND (id <= 2863096))

table 4 : explain SELECT id FROM sbtest4 WHERE id BETWEEN 2862996 AND 2863096
	Index Only Scan using sbtest4_pkey on sbtest4  (cost=0.43..6.67 rows=112 width=4)
	  Index Cond: ((id >= 2862996) AND (id <= 2863096))

table 5 : explain SELECT id FROM sbtest5 WHERE id BETWEEN 2862996 AND 2863096
	Index Only Scan using sbtest5_pkey on sbtest5  (cost=0.43..6.50 rows=103 width=4)
	  Index Cond: ((id >= 2862996) AND (id <= 2863096))

table 6 : explain SELECT id FROM sbtest6 WHERE id BETWEEN 2862996 AND 2863096
	Index Only Scan using sbtest6_pkey on sbtest6  (cost=0.43..6.51 rows=104 width=4)
	  Index Cond: ((id >= 2862996) AND (id <= 2863096))

table 7 : explain SELECT id FROM sbtest7 WHERE id BETWEEN 2862996 AND 2863096
	Index Only Scan using sbtest7_pkey on sbtest7  (cost=0.43..6.40 rows=98 width=4)
	  Index Cond: ((id >= 2862996) AND (id <= 2863096))

table 8 : explain SELECT id FROM sbtest8 WHERE id BETWEEN 2862996 AND 2863096
	Index Only Scan using sbtest8_pkey on sbtest8  (cost=0.43..6.29 rows=93 width=4)
	  Index Cond: ((id >= 2862996) AND (id <= 2863096))

explain: for range-covered :: explain SELECT id FROM sbtest%d WHERE id BETWEEN 2862996 AND 2863096
for range-covered
table 1 : explain SELECT id FROM sbtest1 WHERE id BETWEEN 2862996 AND 2863096
	Index Only Scan using sbtest1_pkey on sbtest1  (cost=0.43..6.32 rows=94 width=4)
	  Index Cond: ((id >= 2862996) AND (id <= 2863096))

table 2 : explain SELECT id FROM sbtest2 WHERE id BETWEEN 2862996 AND 2863096
	Index Only Scan using sbtest2_pkey on sbtest2  (cost=0.43..6.37 rows=97 width=4)
	  Index Cond: ((id >= 2862996) AND (id <= 2863096))

table 3 : explain SELECT id FROM sbtest3 WHERE id BETWEEN 2862996 AND 2863096
	Index Only Scan using sbtest3_pkey on sbtest3  (cost=0.43..6.33 rows=95 width=4)
	  Index Cond: ((id >= 2862996) AND (id <= 2863096))

table 4 : explain SELECT id FROM sbtest4 WHERE id BETWEEN 2862996 AND 2863096
	Index Only Scan using sbtest4_pkey on sbtest4  (cost=0.43..6.67 rows=112 width=4)
	  Index Cond: ((id >= 2862996) AND (id <= 2863096))

table 5 : explain SELECT id FROM sbtest5 WHERE id BETWEEN 2862996 AND 2863096
	Index Only Scan using sbtest5_pkey on sbtest5  (cost=0.43..6.50 rows=103 width=4)
	  Index Cond: ((id >= 2862996) AND (id <= 2863096))

table 6 : explain SELECT id FROM sbtest6 WHERE id BETWEEN 2862996 AND 2863096
	Index Only Scan using sbtest6_pkey on sbtest6  (cost=0.43..6.51 rows=104 width=4)
	  Index Cond: ((id >= 2862996) AND (id <= 2863096))

table 7 : explain SELECT id FROM sbtest7 WHERE id BETWEEN 2862996 AND 2863096
	Index Only Scan using sbtest7_pkey on sbtest7  (cost=0.43..6.40 rows=98 width=4)
	  Index Cond: ((id >= 2862996) AND (id <= 2863096))

table 8 : explain SELECT id FROM sbtest8 WHERE id BETWEEN 2862996 AND 2863096
	Index Only Scan using sbtest8_pkey on sbtest8  (cost=0.43..6.29 rows=93 width=4)
	  Index Cond: ((id >= 2862996) AND (id <= 2863096))

explain: for range-covered :: explain SELECT id FROM sbtest%d WHERE id BETWEEN 3419454 AND 3419554
explain: for range-covered :: explain SELECT id FROM sbtest%d WHERE id BETWEEN 2862996 AND 2863096
explain: for range-covered :: explain SELECT id FROM sbtest%d WHERE id BETWEEN 5007354 AND 5007454
explain: for range-covered :: explain SELECT id FROM sbtest%d WHERE id BETWEEN 2588096 AND 2588196
for range-covered
table 1 : explain SELECT id FROM sbtest1 WHERE id BETWEEN 9638540 AND 9638640
	Index Only Scan using sbtest1_pkey on sbtest1  (cost=0.43..6.59 rows=108 width=4)
	  Index Cond: ((id >= 9638540) AND (id <= 9638640))

table 2 : explain SELECT id FROM sbtest2 WHERE id BETWEEN 9638540 AND 9638640
	Index Only Scan using sbtest2_pkey on sbtest2  (cost=0.43..6.37 rows=97 width=4)
	  Index Cond: ((id >= 9638540) AND (id <= 9638640))

table 3 : explain SELECT id FROM sbtest3 WHERE id BETWEEN 9638540 AND 9638640
	Index Only Scan using sbtest3_pkey on sbtest3  (cost=0.43..6.24 rows=90 width=4)
	  Index Cond: ((id >= 9638540) AND (id <= 9638640))

table 4 : explain SELECT id FROM sbtest4 WHERE id BETWEEN 9638540 AND 9638640
	Index Only Scan using sbtest4_pkey on sbtest4  (cost=0.43..6.47 rows=102 width=4)
	  Index Cond: ((id >= 9638540) AND (id <= 9638640))

table 5 : explain SELECT id FROM sbtest5 WHERE id BETWEEN 9638540 AND 9638640
	Index Only Scan using sbtest5_pkey on sbtest5  (cost=0.43..6.58 rows=107 width=4)
	  Index Cond: ((id >= 9638540) AND (id <= 9638640))

table 6 : explain SELECT id FROM sbtest6 WHERE id BETWEEN 9638540 AND 9638640
	Index Only Scan using sbtest6_pkey on sbtest6  (cost=0.43..6.56 rows=106 width=4)
	  Index Cond: ((id >= 9638540) AND (id <= 9638640))

table 7 : explain SELECT id FROM sbtest7 WHERE id BETWEEN 9638540 AND 9638640
	Index Only Scan using sbtest7_pkey on sbtest7  (cost=0.43..6.40 rows=98 width=4)
	  Index Cond: ((id >= 9638540) AND (id <= 9638640))

table 8 : explain SELECT id FROM sbtest8 WHERE id BETWEEN 9638540 AND 9638640
	Index Only Scan using sbtest8_pkey on sbtest8  (cost=0.43..6.45 rows=101 width=4)
	  Index Cond: ((id >= 9638540) AND (id <= 9638640))

for range-covered
table 1 : explain SELECT id FROM sbtest1 WHERE id BETWEEN 2731051 AND 2731151
	Index Only Scan using sbtest1_pkey on sbtest1  (cost=0.43..6.29 rows=93 width=4)
	  Index Cond: ((id >= 2731051) AND (id <= 2731151))

table 2 : explain SELECT id FROM sbtest2 WHERE id BETWEEN 2731051 AND 2731151
	Index Only Scan using sbtest2_pkey on sbtest2  (cost=0.43..6.35 rows=96 width=4)
	  Index Cond: ((id >= 2731051) AND (id <= 2731151))

table 3 : explain SELECT id FROM sbtest3 WHERE id BETWEEN 2731051 AND 2731151
	Index Only Scan using sbtest3_pkey on sbtest3  (cost=0.43..6.75 rows=116 width=4)
	  Index Cond: ((id >= 2731051) AND (id <= 2731151))

table 4 : explain SELECT id FROM sbtest4 WHERE id BETWEEN 2731051 AND 2731151
	Index Only Scan using sbtest4_pkey on sbtest4  (cost=0.43..6.45 rows=101 width=4)
	  Index Cond: ((id >= 2731051) AND (id <= 2731151))

table 5 : explain SELECT id FROM sbtest5 WHERE id BETWEEN 2731051 AND 2731151
	Index Only Scan using sbtest5_pkey on sbtest5  (cost=0.43..6.58 rows=107 width=4)
	  Index Cond: ((id >= 2731051) AND (id <= 2731151))

table 6 : explain SELECT id FROM sbtest6 WHERE id BETWEEN 2731051 AND 2731151
	Index Only Scan using sbtest6_pkey on sbtest6  (cost=0.43..6.35 rows=96 width=4)
	  Index Cond: ((id >= 2731051) AND (id <= 2731151))

table 7 : explain SELECT id FROM sbtest7 WHERE id BETWEEN 2731051 AND 2731151
	Index Only Scan using sbtest7_pkey on sbtest7  (cost=0.43..6.33 rows=95 width=4)
	  Index Cond: ((id >= 2731051) AND (id <= 2731151))

table 8 : explain SELECT id FROM sbtest8 WHERE id BETWEEN 2731051 AND 2731151
	Index Only Scan using sbtest8_pkey on sbtest8  (cost=0.43..6.40 rows=98 width=4)
	  Index Cond: ((id >= 2731051) AND (id <= 2731151))

explain: for range-covered :: explain SELECT id FROM sbtest%d WHERE id BETWEEN 3961219 AND 3961319
for range-covered
table 1 : explain SELECT id FROM sbtest1 WHERE id BETWEEN 7965047 AND 7965147
	Index Only Scan using sbtest1_pkey on sbtest1  (cost=0.43..6.47 rows=102 width=4)
	  Index Cond: ((id >= 7965047) AND (id <= 7965147))

table 2 : explain SELECT id FROM sbtest2 WHERE id BETWEEN 7965047 AND 7965147
	Index Only Scan using sbtest2_pkey on sbtest2  (cost=0.43..6.35 rows=96 width=4)
	  Index Cond: ((id >= 7965047) AND (id <= 7965147))

table 3 : explain SELECT id FROM sbtest3 WHERE id BETWEEN 7965047 AND 7965147
	Index Only Scan using sbtest3_pkey on sbtest3  (cost=0.43..6.51 rows=104 width=4)
	  Index Cond: ((id >= 7965047) AND (id <= 7965147))

table 4 : explain SELECT id FROM sbtest4 WHERE id BETWEEN 7965047 AND 7965147
	Index Only Scan using sbtest4_pkey on sbtest4  (cost=0.43..6.56 rows=106 width=4)
	  Index Cond: ((id >= 7965047) AND (id <= 7965147))

table 5 : explain SELECT id FROM sbtest5 WHERE id BETWEEN 7965047 AND 7965147
	Index Only Scan using sbtest5_pkey on sbtest5  (cost=0.43..6.47 rows=102 width=4)
	  Index Cond: ((id >= 7965047) AND (id <= 7965147))

table 6 : explain SELECT id FROM sbtest6 WHERE id BETWEEN 7965047 AND 7965147
	Index Only Scan using sbtest6_pkey on sbtest6  (cost=0.43..6.53 rows=105 width=4)
	  Index Cond: ((id >= 7965047) AND (id <= 7965147))

table 7 : explain SELECT id FROM sbtest7 WHERE id BETWEEN 7965047 AND 7965147
	Index Only Scan using sbtest7_pkey on sbtest7  (cost=0.43..6.61 rows=109 width=4)
	  Index Cond: ((id >= 7965047) AND (id <= 7965147))

table 8 : explain SELECT id FROM sbtest8 WHERE id BETWEEN 7965047 AND 7965147
	Index Only Scan using sbtest8_pkey on sbtest8  (cost=0.43..6.45 rows=101 width=4)
	  Index Cond: ((id >= 7965047) AND (id <= 7965147))

explain: for range-covered :: explain SELECT id FROM sbtest%d WHERE id BETWEEN 7965047 AND 7965147
for range-covered
table 1 : explain SELECT id FROM sbtest1 WHERE id BETWEEN 7965047 AND 7965147
	Index Only Scan using sbtest1_pkey on sbtest1  (cost=0.43..6.47 rows=102 width=4)
	  Index Cond: ((id >= 7965047) AND (id <= 7965147))

table 2 : explain SELECT id FROM sbtest2 WHERE id BETWEEN 7965047 AND 7965147
	Index Only Scan using sbtest2_pkey on sbtest2  (cost=0.43..6.35 rows=96 width=4)
	  Index Cond: ((id >= 7965047) AND (id <= 7965147))

table 3 : explain SELECT id FROM sbtest3 WHERE id BETWEEN 7965047 AND 7965147
	Index Only Scan using sbtest3_pkey on sbtest3  (cost=0.43..6.51 rows=104 width=4)
	  Index Cond: ((id >= 7965047) AND (id <= 7965147))

table 4 : explain SELECT id FROM sbtest4 WHERE id BETWEEN 7965047 AND 7965147
	Index Only Scan using sbtest4_pkey on sbtest4  (cost=0.43..6.56 rows=106 width=4)
	  Index Cond: ((id >= 7965047) AND (id <= 7965147))

table 5 : explain SELECT id FROM sbtest5 WHERE id BETWEEN 7965047 AND 7965147
	Index Only Scan using sbtest5_pkey on sbtest5  (cost=0.43..6.47 rows=102 width=4)
	  Index Cond: ((id >= 7965047) AND (id <= 7965147))

table 6 : explain SELECT id FROM sbtest6 WHERE id BETWEEN 7965047 AND 7965147
	Index Only Scan using sbtest6_pkey on sbtest6  (cost=0.43..6.53 rows=105 width=4)
	  Index Cond: ((id >= 7965047) AND (id <= 7965147))

table 7 : explain SELECT id FROM sbtest7 WHERE id BETWEEN 7965047 AND 7965147
	Index Only Scan using sbtest7_pkey on sbtest7  (cost=0.43..6.61 rows=109 width=4)
	  Index Cond: ((id >= 7965047) AND (id <= 7965147))

table 8 : explain SELECT id FROM sbtest8 WHERE id BETWEEN 7965047 AND 7965147
	Index Only Scan using sbtest8_pkey on sbtest8  (cost=0.43..6.45 rows=101 width=4)
	  Index Cond: ((id >= 7965047) AND (id <= 7965147))

for range-covered
table 1 : explain SELECT id FROM sbtest1 WHERE id BETWEEN 2862996 AND 2863096
	Index Only Scan using sbtest1_pkey on sbtest1  (cost=0.43..6.32 rows=94 width=4)
	  Index Cond: ((id >= 2862996) AND (id <= 2863096))

table 2 : explain SELECT id FROM sbtest2 WHERE id BETWEEN 2862996 AND 2863096
	Index Only Scan using sbtest2_pkey on sbtest2  (cost=0.43..6.37 rows=97 width=4)
	  Index Cond: ((id >= 2862996) AND (id <= 2863096))

table 3 : explain SELECT id FROM sbtest3 WHERE id BETWEEN 2862996 AND 2863096
	Index Only Scan using sbtest3_pkey on sbtest3  (cost=0.43..6.33 rows=95 width=4)
	  Index Cond: ((id >= 2862996) AND (id <= 2863096))

table 4 : explain SELECT id FROM sbtest4 WHERE id BETWEEN 2862996 AND 2863096
	Index Only Scan using sbtest4_pkey on sbtest4  (cost=0.43..6.67 rows=112 width=4)
	  Index Cond: ((id >= 2862996) AND (id <= 2863096))

table 5 : explain SELECT id FROM sbtest5 WHERE id BETWEEN 2862996 AND 2863096
	Index Only Scan using sbtest5_pkey on sbtest5  (cost=0.43..6.50 rows=103 width=4)
	  Index Cond: ((id >= 2862996) AND (id <= 2863096))

table 6 : explain SELECT id FROM sbtest6 WHERE id BETWEEN 2862996 AND 2863096
	Index Only Scan using sbtest6_pkey on sbtest6  (cost=0.43..6.51 rows=104 width=4)
	  Index Cond: ((id >= 2862996) AND (id <= 2863096))

table 7 : explain SELECT id FROM sbtest7 WHERE id BETWEEN 2862996 AND 2863096
	Index Only Scan using sbtest7_pkey on sbtest7  (cost=0.43..6.40 rows=98 width=4)
	  Index Cond: ((id >= 2862996) AND (id <= 2863096))

table 8 : explain SELECT id FROM sbtest8 WHERE id BETWEEN 2862996 AND 2863096
	Index Only Scan using sbtest8_pkey on sbtest8  (cost=0.43..6.29 rows=93 width=4)
	  Index Cond: ((id >= 2862996) AND (id <= 2863096))

explain: for range-covered :: explain SELECT id FROM sbtest%d WHERE id BETWEEN 7965047 AND 7965147
for range-covered
table 1 : explain SELECT id FROM sbtest1 WHERE id BETWEEN 7965047 AND 7965147
	Index Only Scan using sbtest1_pkey on sbtest1  (cost=0.43..6.47 rows=102 width=4)
	  Index Cond: ((id >= 7965047) AND (id <= 7965147))

table 2 : explain SELECT id FROM sbtest2 WHERE id BETWEEN 7965047 AND 7965147
	Index Only Scan using sbtest2_pkey on sbtest2  (cost=0.43..6.35 rows=96 width=4)
	  Index Cond: ((id >= 7965047) AND (id <= 7965147))

table 3 : explain SELECT id FROM sbtest3 WHERE id BETWEEN 7965047 AND 7965147
	Index Only Scan using sbtest3_pkey on sbtest3  (cost=0.43..6.51 rows=104 width=4)
	  Index Cond: ((id >= 7965047) AND (id <= 7965147))

table 4 : explain SELECT id FROM sbtest4 WHERE id BETWEEN 7965047 AND 7965147
	Index Only Scan using sbtest4_pkey on sbtest4  (cost=0.43..6.56 rows=106 width=4)
	  Index Cond: ((id >= 7965047) AND (id <= 7965147))

table 5 : explain SELECT id FROM sbtest5 WHERE id BETWEEN 7965047 AND 7965147
	Index Only Scan using sbtest5_pkey on sbtest5  (cost=0.43..6.47 rows=102 width=4)
	  Index Cond: ((id >= 7965047) AND (id <= 7965147))

table 6 : explain SELECT id FROM sbtest6 WHERE id BETWEEN 7965047 AND 7965147
	Index Only Scan using sbtest6_pkey on sbtest6  (cost=0.43..6.53 rows=105 width=4)
	  Index Cond: ((id >= 7965047) AND (id <= 7965147))

table 7 : explain SELECT id FROM sbtest7 WHERE id BETWEEN 7965047 AND 7965147
	Index Only Scan using sbtest7_pkey on sbtest7  (cost=0.43..6.61 rows=109 width=4)
	  Index Cond: ((id >= 7965047) AND (id <= 7965147))

table 8 : explain SELECT id FROM sbtest8 WHERE id BETWEEN 7965047 AND 7965147
	Index Only Scan using sbtest8_pkey on sbtest8  (cost=0.43..6.45 rows=101 width=4)
	  Index Cond: ((id >= 7965047) AND (id <= 7965147))

explain: for range-covered :: explain SELECT id FROM sbtest%d WHERE id BETWEEN 7965047 AND 7965147
for range-covered
table 1 : explain SELECT id FROM sbtest1 WHERE id BETWEEN 7965047 AND 7965147
	Index Only Scan using sbtest1_pkey on sbtest1  (cost=0.43..6.47 rows=102 width=4)
	  Index Cond: ((id >= 7965047) AND (id <= 7965147))

table 2 : explain SELECT id FROM sbtest2 WHERE id BETWEEN 7965047 AND 7965147
	Index Only Scan using sbtest2_pkey on sbtest2  (cost=0.43..6.35 rows=96 width=4)
	  Index Cond: ((id >= 7965047) AND (id <= 7965147))

table 3 : explain SELECT id FROM sbtest3 WHERE id BETWEEN 7965047 AND 7965147
	Index Only Scan using sbtest3_pkey on sbtest3  (cost=0.43..6.51 rows=104 width=4)
	  Index Cond: ((id >= 7965047) AND (id <= 7965147))

table 4 : explain SELECT id FROM sbtest4 WHERE id BETWEEN 7965047 AND 7965147
	Index Only Scan using sbtest4_pkey on sbtest4  (cost=0.43..6.56 rows=106 width=4)
	  Index Cond: ((id >= 7965047) AND (id <= 7965147))

table 5 : explain SELECT id FROM sbtest5 WHERE id BETWEEN 7965047 AND 7965147
	Index Only Scan using sbtest5_pkey on sbtest5  (cost=0.43..6.47 rows=102 width=4)
	  Index Cond: ((id >= 7965047) AND (id <= 7965147))

table 6 : explain SELECT id FROM sbtest6 WHERE id BETWEEN 7965047 AND 7965147
	Index Only Scan using sbtest6_pkey on sbtest6  (cost=0.43..6.53 rows=105 width=4)
	  Index Cond: ((id >= 7965047) AND (id <= 7965147))

table 7 : explain SELECT id FROM sbtest7 WHERE id BETWEEN 7965047 AND 7965147
	Index Only Scan using sbtest7_pkey on sbtest7  (cost=0.43..6.61 rows=109 width=4)
	  Index Cond: ((id >= 7965047) AND (id <= 7965147))

table 8 : explain SELECT id FROM sbtest8 WHERE id BETWEEN 7965047 AND 7965147
	Index Only Scan using sbtest8_pkey on sbtest8  (cost=0.43..6.45 rows=101 width=4)
	  Index Cond: ((id >= 7965047) AND (id <= 7965147))

explain: for range-covered :: explain SELECT id FROM sbtest%d WHERE id BETWEEN 7965047 AND 7965147
for range-covered
table 1 : explain SELECT id FROM sbtest1 WHERE id BETWEEN 3419454 AND 3419554
	Index Only Scan using sbtest1_pkey on sbtest1  (cost=0.43..6.51 rows=104 width=4)
	  Index Cond: ((id >= 3419454) AND (id <= 3419554))

table 2 : explain SELECT id FROM sbtest2 WHERE id BETWEEN 3419454 AND 3419554
	Index Only Scan using sbtest2_pkey on sbtest2  (cost=0.43..6.59 rows=108 width=4)
	  Index Cond: ((id >= 3419454) AND (id <= 3419554))

table 3 : explain SELECT id FROM sbtest3 WHERE id BETWEEN 3419454 AND 3419554
	Index Only Scan using sbtest3_pkey on sbtest3  (cost=0.43..6.51 rows=104 width=4)
	  Index Cond: ((id >= 3419454) AND (id <= 3419554))

table 4 : explain SELECT id FROM sbtest4 WHERE id BETWEEN 3419454 AND 3419554
	Index Only Scan using sbtest4_pkey on sbtest4  (cost=0.43..6.42 rows=99 width=4)
	  Index Cond: ((id >= 3419454) AND (id <= 3419554))

table 5 : explain SELECT id FROM sbtest5 WHERE id BETWEEN 3419454 AND 3419554
	Index Only Scan using sbtest5_pkey on sbtest5  (cost=0.43..6.59 rows=108 width=4)
	  Index Cond: ((id >= 3419454) AND (id <= 3419554))

table 6 : explain SELECT id FROM sbtest6 WHERE id BETWEEN 3419454 AND 3419554
	Index Only Scan using sbtest6_pkey on sbtest6  (cost=0.43..6.37 rows=97 width=4)
	  Index Cond: ((id >= 3419454) AND (id <= 3419554))

table 7 : explain SELECT id FROM sbtest7 WHERE id BETWEEN 3419454 AND 3419554
	Index Only Scan using sbtest7_pkey on sbtest7  (cost=0.43..6.37 rows=97 width=4)
	  Index Cond: ((id >= 3419454) AND (id <= 3419554))

table 8 : explain SELECT id FROM sbtest8 WHERE id BETWEEN 3419454 AND 3419554
	Index Only Scan using sbtest8_pkey on sbtest8  (cost=0.43..6.35 rows=96 width=4)
	  Index Cond: ((id >= 3419454) AND (id <= 3419554))

explain: for range-covered :: explain SELECT id FROM sbtest%d WHERE id BETWEEN 3419454 AND 3419554
for range-covered
table 1 : explain SELECT id FROM sbtest1 WHERE id BETWEEN 5007354 AND 5007454
	Index Only Scan using sbtest1_pkey on sbtest1  (cost=0.43..6.74 rows=115 width=4)
	  Index Cond: ((id >= 5007354) AND (id <= 5007454))

table 2 : explain SELECT id FROM sbtest2 WHERE id BETWEEN 5007354 AND 5007454
	Index Only Scan using sbtest2_pkey on sbtest2  (cost=0.43..6.27 rows=92 width=4)
	  Index Cond: ((id >= 5007354) AND (id <= 5007454))

table 3 : explain SELECT id FROM sbtest3 WHERE id BETWEEN 5007354 AND 5007454
	Index Only Scan using sbtest3_pkey on sbtest3  (cost=0.43..6.69 rows=113 width=4)
	  Index Cond: ((id >= 5007354) AND (id <= 5007454))

table 4 : explain SELECT id FROM sbtest4 WHERE id BETWEEN 5007354 AND 5007454
	Index Only Scan using sbtest4_pkey on sbtest4  (cost=0.43..6.59 rows=108 width=4)
	  Index Cond: ((id >= 5007354) AND (id <= 5007454))

table 5 : explain SELECT id FROM sbtest5 WHERE id BETWEEN 5007354 AND 5007454
	Index Only Scan using sbtest5_pkey on sbtest5  (cost=0.43..6.50 rows=103 width=4)
	  Index Cond: ((id >= 5007354) AND (id <= 5007454))

table 6 : explain SELECT id FROM sbtest6 WHERE id BETWEEN 5007354 AND 5007454
	Index Only Scan using sbtest6_pkey on sbtest6  (cost=0.43..6.61 rows=109 width=4)
	  Index Cond: ((id >= 5007354) AND (id <= 5007454))

table 7 : explain SELECT id FROM sbtest7 WHERE id BETWEEN 5007354 AND 5007454
	Index Only Scan using sbtest7_pkey on sbtest7  (cost=0.43..6.37 rows=97 width=4)
	  Index Cond: ((id >= 5007354) AND (id <= 5007454))

table 8 : explain SELECT id FROM sbtest8 WHERE id BETWEEN 5007354 AND 5007454
	Index Only Scan using sbtest8_pkey on sbtest8  (cost=0.43..6.35 rows=96 width=4)
	  Index Cond: ((id >= 5007354) AND (id <= 5007454))

explain: for range-covered :: explain SELECT id FROM sbtest%d WHERE id BETWEEN 5007354 AND 5007454
explain: for range-covered :: explain SELECT id FROM sbtest%d WHERE id BETWEEN 5698967 AND 5699067
for range-covered
table 1 : explain SELECT id FROM sbtest1 WHERE id BETWEEN 7965047 AND 7965147
	Index Only Scan using sbtest1_pkey on sbtest1  (cost=0.43..6.47 rows=102 width=4)
	  Index Cond: ((id >= 7965047) AND (id <= 7965147))

table 2 : explain SELECT id FROM sbtest2 WHERE id BETWEEN 7965047 AND 7965147
	Index Only Scan using sbtest2_pkey on sbtest2  (cost=0.43..6.35 rows=96 width=4)
	  Index Cond: ((id >= 7965047) AND (id <= 7965147))

table 3 : explain SELECT id FROM sbtest3 WHERE id BETWEEN 7965047 AND 7965147
	Index Only Scan using sbtest3_pkey on sbtest3  (cost=0.43..6.51 rows=104 width=4)
	  Index Cond: ((id >= 7965047) AND (id <= 7965147))

table 4 : explain SELECT id FROM sbtest4 WHERE id BETWEEN 7965047 AND 7965147
	Index Only Scan using sbtest4_pkey on sbtest4  (cost=0.43..6.56 rows=106 width=4)
	  Index Cond: ((id >= 7965047) AND (id <= 7965147))

table 5 : explain SELECT id FROM sbtest5 WHERE id BETWEEN 7965047 AND 7965147
	Index Only Scan using sbtest5_pkey on sbtest5  (cost=0.43..6.47 rows=102 width=4)
	  Index Cond: ((id >= 7965047) AND (id <= 7965147))

table 6 : explain SELECT id FROM sbtest6 WHERE id BETWEEN 7965047 AND 7965147
	Index Only Scan using sbtest6_pkey on sbtest6  (cost=0.43..6.53 rows=105 width=4)
	  Index Cond: ((id >= 7965047) AND (id <= 7965147))

table 7 : explain SELECT id FROM sbtest7 WHERE id BETWEEN 7965047 AND 7965147
	Index Only Scan using sbtest7_pkey on sbtest7  (cost=0.43..6.61 rows=109 width=4)
	  Index Cond: ((id >= 7965047) AND (id <= 7965147))

table 8 : explain SELECT id FROM sbtest8 WHERE id BETWEEN 7965047 AND 7965147
	Index Only Scan using sbtest8_pkey on sbtest8  (cost=0.43..6.45 rows=101 width=4)
	  Index Cond: ((id >= 7965047) AND (id <= 7965147))

explain: for range-covered :: explain SELECT id FROM sbtest%d WHERE id BETWEEN 7965047 AND 7965147
for range-covered
table 1 : explain SELECT id FROM sbtest1 WHERE id BETWEEN 3419454 AND 3419554
	Index Only Scan using sbtest1_pkey on sbtest1  (cost=0.43..6.51 rows=104 width=4)
	  Index Cond: ((id >= 3419454) AND (id <= 3419554))

table 2 : explain SELECT id FROM sbtest2 WHERE id BETWEEN 3419454 AND 3419554
	Index Only Scan using sbtest2_pkey on sbtest2  (cost=0.43..6.59 rows=108 width=4)
	  Index Cond: ((id >= 3419454) AND (id <= 3419554))

table 3 : explain SELECT id FROM sbtest3 WHERE id BETWEEN 3419454 AND 3419554
	Index Only Scan using sbtest3_pkey on sbtest3  (cost=0.43..6.51 rows=104 width=4)
	  Index Cond: ((id >= 3419454) AND (id <= 3419554))

table 4 : explain SELECT id FROM sbtest4 WHERE id BETWEEN 3419454 AND 3419554
	Index Only Scan using sbtest4_pkey on sbtest4  (cost=0.43..6.42 rows=99 width=4)
	  Index Cond: ((id >= 3419454) AND (id <= 3419554))

table 5 : explain SELECT id FROM sbtest5 WHERE id BETWEEN 3419454 AND 3419554
	Index Only Scan using sbtest5_pkey on sbtest5  (cost=0.43..6.59 rows=108 width=4)
	  Index Cond: ((id >= 3419454) AND (id <= 3419554))

table 6 : explain SELECT id FROM sbtest6 WHERE id BETWEEN 3419454 AND 3419554
	Index Only Scan using sbtest6_pkey on sbtest6  (cost=0.43..6.37 rows=97 width=4)
	  Index Cond: ((id >= 3419454) AND (id <= 3419554))

table 7 : explain SELECT id FROM sbtest7 WHERE id BETWEEN 3419454 AND 3419554
	Index Only Scan using sbtest7_pkey on sbtest7  (cost=0.43..6.37 rows=97 width=4)
	  Index Cond: ((id >= 3419454) AND (id <= 3419554))

table 8 : explain SELECT id FROM sbtest8 WHERE id BETWEEN 3419454 AND 3419554
	Index Only Scan using sbtest8_pkey on sbtest8  (cost=0.43..6.35 rows=96 width=4)
	  Index Cond: ((id >= 3419454) AND (id <= 3419554))

explain: for range-covered :: explain SELECT id FROM sbtest%d WHERE id BETWEEN 3419454 AND 3419554
for range-covered
table 1 : explain SELECT id FROM sbtest1 WHERE id BETWEEN 3961219 AND 3961319
	Index Only Scan using sbtest1_pkey on sbtest1  (cost=0.43..6.40 rows=98 width=4)
	  Index Cond: ((id >= 3961219) AND (id <= 3961319))

table 2 : explain SELECT id FROM sbtest2 WHERE id BETWEEN 3961219 AND 3961319
	Index Only Scan using sbtest2_pkey on sbtest2  (cost=0.43..6.43 rows=100 width=4)
	  Index Cond: ((id >= 3961219) AND (id <= 3961319))

table 3 : explain SELECT id FROM sbtest3 WHERE id BETWEEN 3961219 AND 3961319
	Index Only Scan using sbtest3_pkey on sbtest3  (cost=0.43..6.67 rows=112 width=4)
	  Index Cond: ((id >= 3961219) AND (id <= 3961319))

table 4 : explain SELECT id FROM sbtest4 WHERE id BETWEEN 3961219 AND 3961319
	Index Only Scan using sbtest4_pkey on sbtest4  (cost=0.43..6.45 rows=101 width=4)
	  Index Cond: ((id >= 3961219) AND (id <= 3961319))

table 5 : explain SELECT id FROM sbtest5 WHERE id BETWEEN 3961219 AND 3961319
	Index Only Scan using sbtest5_pkey on sbtest5  (cost=0.43..6.53 rows=105 width=4)
	  Index Cond: ((id >= 3961219) AND (id <= 3961319))

table 6 : explain SELECT id FROM sbtest6 WHERE id BETWEEN 3961219 AND 3961319
	Index Only Scan using sbtest6_pkey on sbtest6  (cost=0.43..6.45 rows=101 width=4)
	  Index Cond: ((id >= 3961219) AND (id <= 3961319))

table 7 : explain SELECT id FROM sbtest7 WHERE id BETWEEN 3961219 AND 3961319
	Index Only Scan using sbtest7_pkey on sbtest7  (cost=0.43..6.45 rows=101 width=4)
	  Index Cond: ((id >= 3961219) AND (id <= 3961319))

table 8 : explain SELECT id FROM sbtest8 WHERE id BETWEEN 3961219 AND 3961319
	Index Only Scan using sbtest8_pkey on sbtest8  (cost=0.43..6.47 rows=102 width=4)
	  Index Cond: ((id >= 3961219) AND (id <= 3961319))

for range-covered
table 1 : explain SELECT id FROM sbtest1 WHERE id BETWEEN 7965047 AND 7965147
	Index Only Scan using sbtest1_pkey on sbtest1  (cost=0.43..6.47 rows=102 width=4)
	  Index Cond: ((id >= 7965047) AND (id <= 7965147))

table 2 : explain SELECT id FROM sbtest2 WHERE id BETWEEN 7965047 AND 7965147
	Index Only Scan using sbtest2_pkey on sbtest2  (cost=0.43..6.35 rows=96 width=4)
	  Index Cond: ((id >= 7965047) AND (id <= 7965147))

table 3 : explain SELECT id FROM sbtest3 WHERE id BETWEEN 7965047 AND 7965147
	Index Only Scan using sbtest3_pkey on sbtest3  (cost=0.43..6.51 rows=104 width=4)
	  Index Cond: ((id >= 7965047) AND (id <= 7965147))

table 4 : explain SELECT id FROM sbtest4 WHERE id BETWEEN 7965047 AND 7965147
	Index Only Scan using sbtest4_pkey on sbtest4  (cost=0.43..6.56 rows=106 width=4)
	  Index Cond: ((id >= 7965047) AND (id <= 7965147))

table 5 : explain SELECT id FROM sbtest5 WHERE id BETWEEN 7965047 AND 7965147
	Index Only Scan using sbtest5_pkey on sbtest5  (cost=0.43..6.47 rows=102 width=4)
	  Index Cond: ((id >= 7965047) AND (id <= 7965147))

table 6 : explain SELECT id FROM sbtest6 WHERE id BETWEEN 7965047 AND 7965147
	Index Only Scan using sbtest6_pkey on sbtest6  (cost=0.43..6.53 rows=105 width=4)
	  Index Cond: ((id >= 7965047) AND (id <= 7965147))

table 7 : explain SELECT id FROM sbtest7 WHERE id BETWEEN 7965047 AND 7965147
	Index Only Scan using sbtest7_pkey on sbtest7  (cost=0.43..6.61 rows=109 width=4)
	  Index Cond: ((id >= 7965047) AND (id <= 7965147))

table 8 : explain SELECT id FROM sbtest8 WHERE id BETWEEN 7965047 AND 7965147
	Index Only Scan using sbtest8_pkey on sbtest8  (cost=0.43..6.45 rows=101 width=4)
	  Index Cond: ((id >= 7965047) AND (id <= 7965147))

explain: for range-covered :: explain SELECT id FROM sbtest%d WHERE id BETWEEN 3961219 AND 3961319
explain: for range-covered :: explain SELECT id FROM sbtest%d WHERE id BETWEEN 7965047 AND 7965147
for range-covered
table 1 : explain SELECT id FROM sbtest1 WHERE id BETWEEN 2588096 AND 2588196
	Index Only Scan using sbtest1_pkey on sbtest1  (cost=0.43..6.35 rows=96 width=4)
	  Index Cond: ((id >= 2588096) AND (id <= 2588196))

table 2 : explain SELECT id FROM sbtest2 WHERE id BETWEEN 2588096 AND 2588196
	Index Only Scan using sbtest2_pkey on sbtest2  (cost=0.43..6.47 rows=102 width=4)
	  Index Cond: ((id >= 2588096) AND (id <= 2588196))

table 3 : explain SELECT id FROM sbtest3 WHERE id BETWEEN 2588096 AND 2588196
	Index Only Scan using sbtest3_pkey on sbtest3  (cost=0.43..6.63 rows=110 width=4)
	  Index Cond: ((id >= 2588096) AND (id <= 2588196))

table 4 : explain SELECT id FROM sbtest4 WHERE id BETWEEN 2588096 AND 2588196
	Index Only Scan using sbtest4_pkey on sbtest4  (cost=0.43..6.42 rows=99 width=4)
	  Index Cond: ((id >= 2588096) AND (id <= 2588196))

table 5 : explain SELECT id FROM sbtest5 WHERE id BETWEEN 2588096 AND 2588196
	Index Only Scan using sbtest5_pkey on sbtest5  (cost=0.43..6.72 rows=114 width=4)
	  Index Cond: ((id >= 2588096) AND (id <= 2588196))

table 6 : explain SELECT id FROM sbtest6 WHERE id BETWEEN 2588096 AND 2588196
	Index Only Scan using sbtest6_pkey on sbtest6  (cost=0.43..6.59 rows=108 width=4)
	  Index Cond: ((id >= 2588096) AND (id <= 2588196))

table 7 : explain SELECT id FROM sbtest7 WHERE id BETWEEN 2588096 AND 2588196
	Index Only Scan using sbtest7_pkey on sbtest7  (cost=0.43..6.45 rows=101 width=4)
	  Index Cond: ((id >= 2588096) AND (id <= 2588196))

table 8 : explain SELECT id FROM sbtest8 WHERE id BETWEEN 2588096 AND 2588196
	Index Only Scan using sbtest8_pkey on sbtest8  (cost=0.43..6.45 rows=101 width=4)
	  Index Cond: ((id >= 2588096) AND (id <= 2588196))

explain: for range-covered :: explain SELECT id FROM sbtest%d WHERE id BETWEEN 2588096 AND 2588196
for range-covered
table 1 : explain SELECT id FROM sbtest1 WHERE id BETWEEN 3419454 AND 3419554
	Index Only Scan using sbtest1_pkey on sbtest1  (cost=0.43..6.51 rows=104 width=4)
	  Index Cond: ((id >= 3419454) AND (id <= 3419554))

table 2 : explain SELECT id FROM sbtest2 WHERE id BETWEEN 3419454 AND 3419554
	Index Only Scan using sbtest2_pkey on sbtest2  (cost=0.43..6.59 rows=108 width=4)
	  Index Cond: ((id >= 3419454) AND (id <= 3419554))

table 3 : explain SELECT id FROM sbtest3 WHERE id BETWEEN 3419454 AND 3419554
	Index Only Scan using sbtest3_pkey on sbtest3  (cost=0.43..6.51 rows=104 width=4)
	  Index Cond: ((id >= 3419454) AND (id <= 3419554))

table 4 : explain SELECT id FROM sbtest4 WHERE id BETWEEN 3419454 AND 3419554
	Index Only Scan using sbtest4_pkey on sbtest4  (cost=0.43..6.42 rows=99 width=4)
	  Index Cond: ((id >= 3419454) AND (id <= 3419554))

table 5 : explain SELECT id FROM sbtest5 WHERE id BETWEEN 3419454 AND 3419554
	Index Only Scan using sbtest5_pkey on sbtest5  (cost=0.43..6.59 rows=108 width=4)
	  Index Cond: ((id >= 3419454) AND (id <= 3419554))

table 6 : explain SELECT id FROM sbtest6 WHERE id BETWEEN 3419454 AND 3419554
	Index Only Scan using sbtest6_pkey on sbtest6  (cost=0.43..6.37 rows=97 width=4)
	  Index Cond: ((id >= 3419454) AND (id <= 3419554))

table 7 : explain SELECT id FROM sbtest7 WHERE id BETWEEN 3419454 AND 3419554
	Index Only Scan using sbtest7_pkey on sbtest7  (cost=0.43..6.37 rows=97 width=4)
	  Index Cond: ((id >= 3419454) AND (id <= 3419554))

table 8 : explain SELECT id FROM sbtest8 WHERE id BETWEEN 3419454 AND 3419554
	Index Only Scan using sbtest8_pkey on sbtest8  (cost=0.43..6.35 rows=96 width=4)
	  Index Cond: ((id >= 3419454) AND (id <= 3419554))

explain: for range-covered :: explain SELECT id FROM sbtest%d WHERE id BETWEEN 3419454 AND 3419554
for range-covered
table 1 : explain SELECT id FROM sbtest1 WHERE id BETWEEN 7965047 AND 7965147
	Index Only Scan using sbtest1_pkey on sbtest1  (cost=0.43..6.47 rows=102 width=4)
	  Index Cond: ((id >= 7965047) AND (id <= 7965147))

table 2 : explain SELECT id FROM sbtest2 WHERE id BETWEEN 7965047 AND 7965147
	Index Only Scan using sbtest2_pkey on sbtest2  (cost=0.43..6.35 rows=96 width=4)
	  Index Cond: ((id >= 7965047) AND (id <= 7965147))

table 3 : explain SELECT id FROM sbtest3 WHERE id BETWEEN 7965047 AND 7965147
	Index Only Scan using sbtest3_pkey on sbtest3  (cost=0.43..6.51 rows=104 width=4)
	  Index Cond: ((id >= 7965047) AND (id <= 7965147))

table 4 : explain SELECT id FROM sbtest4 WHERE id BETWEEN 7965047 AND 7965147
	Index Only Scan using sbtest4_pkey on sbtest4  (cost=0.43..6.56 rows=106 width=4)
	  Index Cond: ((id >= 7965047) AND (id <= 7965147))

table 5 : explain SELECT id FROM sbtest5 WHERE id BETWEEN 7965047 AND 7965147
	Index Only Scan using sbtest5_pkey on sbtest5  (cost=0.43..6.47 rows=102 width=4)
	  Index Cond: ((id >= 7965047) AND (id <= 7965147))

table 6 : explain SELECT id FROM sbtest6 WHERE id BETWEEN 7965047 AND 7965147
	Index Only Scan using sbtest6_pkey on sbtest6  (cost=0.43..6.53 rows=105 width=4)
	  Index Cond: ((id >= 7965047) AND (id <= 7965147))

table 7 : explain SELECT id FROM sbtest7 WHERE id BETWEEN 7965047 AND 7965147
	Index Only Scan using sbtest7_pkey on sbtest7  (cost=0.43..6.61 rows=109 width=4)
	  Index Cond: ((id >= 7965047) AND (id <= 7965147))

table 8 : explain SELECT id FROM sbtest8 WHERE id BETWEEN 7965047 AND 7965147
	Index Only Scan using sbtest8_pkey on sbtest8  (cost=0.43..6.45 rows=101 width=4)
	  Index Cond: ((id >= 7965047) AND (id <= 7965147))

for range-covered
table 1 : explain SELECT id FROM sbtest1 WHERE id BETWEEN 3961219 AND 3961319
	Index Only Scan using sbtest1_pkey on sbtest1  (cost=0.43..6.40 rows=98 width=4)
	  Index Cond: ((id >= 3961219) AND (id <= 3961319))

table 2 : explain SELECT id FROM sbtest2 WHERE id BETWEEN 3961219 AND 3961319
	Index Only Scan using sbtest2_pkey on sbtest2  (cost=0.43..6.43 rows=100 width=4)
	  Index Cond: ((id >= 3961219) AND (id <= 3961319))

table 3 : explain SELECT id FROM sbtest3 WHERE id BETWEEN 3961219 AND 3961319
	Index Only Scan using sbtest3_pkey on sbtest3  (cost=0.43..6.67 rows=112 width=4)
	  Index Cond: ((id >= 3961219) AND (id <= 3961319))

table 4 : explain SELECT id FROM sbtest4 WHERE id BETWEEN 3961219 AND 3961319
	Index Only Scan using sbtest4_pkey on sbtest4  (cost=0.43..6.45 rows=101 width=4)
	  Index Cond: ((id >= 3961219) AND (id <= 3961319))

table 5 : explain SELECT id FROM sbtest5 WHERE id BETWEEN 3961219 AND 3961319
	Index Only Scan using sbtest5_pkey on sbtest5  (cost=0.43..6.53 rows=105 width=4)
	  Index Cond: ((id >= 3961219) AND (id <= 3961319))

table 6 : explain SELECT id FROM sbtest6 WHERE id BETWEEN 3961219 AND 3961319
	Index Only Scan using sbtest6_pkey on sbtest6  (cost=0.43..6.45 rows=101 width=4)
	  Index Cond: ((id >= 3961219) AND (id <= 3961319))

table 7 : explain SELECT id FROM sbtest7 WHERE id BETWEEN 3961219 AND 3961319
	Index Only Scan using sbtest7_pkey on sbtest7  (cost=0.43..6.45 rows=101 width=4)
	  Index Cond: ((id >= 3961219) AND (id <= 3961319))

table 8 : explain SELECT id FROM sbtest8 WHERE id BETWEEN 3961219 AND 3961319
	Index Only Scan using sbtest8_pkey on sbtest8  (cost=0.43..6.47 rows=102 width=4)
	  Index Cond: ((id >= 3961219) AND (id <= 3961319))

explain: for range-covered :: explain SELECT id FROM sbtest%d WHERE id BETWEEN 7965047 AND 7965147
explain: for range-covered :: explain SELECT id FROM sbtest%d WHERE id BETWEEN 3961219 AND 3961319
for range-covered
table 1 : explain SELECT id FROM sbtest1 WHERE id BETWEEN 3419454 AND 3419554
	Index Only Scan using sbtest1_pkey on sbtest1  (cost=0.43..6.51 rows=104 width=4)
	  Index Cond: ((id >= 3419454) AND (id <= 3419554))

table 2 : explain SELECT id FROM sbtest2 WHERE id BETWEEN 3419454 AND 3419554
	Index Only Scan using sbtest2_pkey on sbtest2  (cost=0.43..6.59 rows=108 width=4)
	  Index Cond: ((id >= 3419454) AND (id <= 3419554))

table 3 : explain SELECT id FROM sbtest3 WHERE id BETWEEN 3419454 AND 3419554
	Index Only Scan using sbtest3_pkey on sbtest3  (cost=0.43..6.51 rows=104 width=4)
	  Index Cond: ((id >= 3419454) AND (id <= 3419554))

table 4 : explain SELECT id FROM sbtest4 WHERE id BETWEEN 3419454 AND 3419554
	Index Only Scan using sbtest4_pkey on sbtest4  (cost=0.43..6.42 rows=99 width=4)
	  Index Cond: ((id >= 3419454) AND (id <= 3419554))

table 5 : explain SELECT id FROM sbtest5 WHERE id BETWEEN 3419454 AND 3419554
	Index Only Scan using sbtest5_pkey on sbtest5  (cost=0.43..6.59 rows=108 width=4)
	  Index Cond: ((id >= 3419454) AND (id <= 3419554))

table 6 : explain SELECT id FROM sbtest6 WHERE id BETWEEN 3419454 AND 3419554
	Index Only Scan using sbtest6_pkey on sbtest6  (cost=0.43..6.37 rows=97 width=4)
	  Index Cond: ((id >= 3419454) AND (id <= 3419554))

table 7 : explain SELECT id FROM sbtest7 WHERE id BETWEEN 3419454 AND 3419554
	Index Only Scan using sbtest7_pkey on sbtest7  (cost=0.43..6.37 rows=97 width=4)
	  Index Cond: ((id >= 3419454) AND (id <= 3419554))

table 8 : explain SELECT id FROM sbtest8 WHERE id BETWEEN 3419454 AND 3419554
	Index Only Scan using sbtest8_pkey on sbtest8  (cost=0.43..6.35 rows=96 width=4)
	  Index Cond: ((id >= 3419454) AND (id <= 3419554))

explain: for range-covered :: explain SELECT id FROM sbtest%d WHERE id BETWEEN 3419454 AND 3419554
for range-covered
table 1 : explain SELECT id FROM sbtest1 WHERE id BETWEEN 2588096 AND 2588196
	Index Only Scan using sbtest1_pkey on sbtest1  (cost=0.43..6.35 rows=96 width=4)
	  Index Cond: ((id >= 2588096) AND (id <= 2588196))

table 2 : explain SELECT id FROM sbtest2 WHERE id BETWEEN 2588096 AND 2588196
	Index Only Scan using sbtest2_pkey on sbtest2  (cost=0.43..6.47 rows=102 width=4)
	  Index Cond: ((id >= 2588096) AND (id <= 2588196))

table 3 : explain SELECT id FROM sbtest3 WHERE id BETWEEN 2588096 AND 2588196
	Index Only Scan using sbtest3_pkey on sbtest3  (cost=0.43..6.63 rows=110 width=4)
	  Index Cond: ((id >= 2588096) AND (id <= 2588196))

table 4 : explain SELECT id FROM sbtest4 WHERE id BETWEEN 2588096 AND 2588196
	Index Only Scan using sbtest4_pkey on sbtest4  (cost=0.43..6.42 rows=99 width=4)
	  Index Cond: ((id >= 2588096) AND (id <= 2588196))

table 5 : explain SELECT id FROM sbtest5 WHERE id BETWEEN 2588096 AND 2588196
	Index Only Scan using sbtest5_pkey on sbtest5  (cost=0.43..6.72 rows=114 width=4)
	  Index Cond: ((id >= 2588096) AND (id <= 2588196))

table 6 : explain SELECT id FROM sbtest6 WHERE id BETWEEN 2588096 AND 2588196
	Index Only Scan using sbtest6_pkey on sbtest6  (cost=0.43..6.59 rows=108 width=4)
	  Index Cond: ((id >= 2588096) AND (id <= 2588196))

table 7 : explain SELECT id FROM sbtest7 WHERE id BETWEEN 2588096 AND 2588196
	Index Only Scan using sbtest7_pkey on sbtest7  (cost=0.43..6.45 rows=101 width=4)
	  Index Cond: ((id >= 2588096) AND (id <= 2588196))

table 8 : explain SELECT id FROM sbtest8 WHERE id BETWEEN 2588096 AND 2588196
	Index Only Scan using sbtest8_pkey on sbtest8  (cost=0.43..6.45 rows=101 width=4)
	  Index Cond: ((id >= 2588096) AND (id <= 2588196))

explain: for range-covered :: explain SELECT id FROM sbtest%d WHERE id BETWEEN 2588096 AND 2588196
for range-covered
table 1 : explain SELECT id FROM sbtest1 WHERE id BETWEEN 3961219 AND 3961319
	Index Only Scan using sbtest1_pkey on sbtest1  (cost=0.43..6.40 rows=98 width=4)
	  Index Cond: ((id >= 3961219) AND (id <= 3961319))

table 2 : explain SELECT id FROM sbtest2 WHERE id BETWEEN 3961219 AND 3961319
	Index Only Scan using sbtest2_pkey on sbtest2  (cost=0.43..6.43 rows=100 width=4)
	  Index Cond: ((id >= 3961219) AND (id <= 3961319))

table 3 : explain SELECT id FROM sbtest3 WHERE id BETWEEN 3961219 AND 3961319
	Index Only Scan using sbtest3_pkey on sbtest3  (cost=0.43..6.67 rows=112 width=4)
	  Index Cond: ((id >= 3961219) AND (id <= 3961319))

table 4 : explain SELECT id FROM sbtest4 WHERE id BETWEEN 3961219 AND 3961319
	Index Only Scan using sbtest4_pkey on sbtest4  (cost=0.43..6.45 rows=101 width=4)
	  Index Cond: ((id >= 3961219) AND (id <= 3961319))

table 5 : explain SELECT id FROM sbtest5 WHERE id BETWEEN 3961219 AND 3961319
	Index Only Scan using sbtest5_pkey on sbtest5  (cost=0.43..6.53 rows=105 width=4)
	  Index Cond: ((id >= 3961219) AND (id <= 3961319))

table 6 : explain SELECT id FROM sbtest6 WHERE id BETWEEN 3961219 AND 3961319
	Index Only Scan using sbtest6_pkey on sbtest6  (cost=0.43..6.45 rows=101 width=4)
	  Index Cond: ((id >= 3961219) AND (id <= 3961319))

table 7 : explain SELECT id FROM sbtest7 WHERE id BETWEEN 3961219 AND 3961319
	Index Only Scan using sbtest7_pkey on sbtest7  (cost=0.43..6.45 rows=101 width=4)
	  Index Cond: ((id >= 3961219) AND (id <= 3961319))

table 8 : explain SELECT id FROM sbtest8 WHERE id BETWEEN 3961219 AND 3961319
	Index Only Scan using sbtest8_pkey on sbtest8  (cost=0.43..6.47 rows=102 width=4)
	  Index Cond: ((id >= 3961219) AND (id <= 3961319))

explain: for range-covered :: explain SELECT id FROM sbtest%d WHERE id BETWEEN 3961219 AND 3961319
for range-covered
table 1 : explain SELECT id FROM sbtest1 WHERE id BETWEEN 3419454 AND 3419554
	Index Only Scan using sbtest1_pkey on sbtest1  (cost=0.43..6.51 rows=104 width=4)
	  Index Cond: ((id >= 3419454) AND (id <= 3419554))

table 2 : explain SELECT id FROM sbtest2 WHERE id BETWEEN 3419454 AND 3419554
	Index Only Scan using sbtest2_pkey on sbtest2  (cost=0.43..6.59 rows=108 width=4)
	  Index Cond: ((id >= 3419454) AND (id <= 3419554))

table 3 : explain SELECT id FROM sbtest3 WHERE id BETWEEN 3419454 AND 3419554
	Index Only Scan using sbtest3_pkey on sbtest3  (cost=0.43..6.51 rows=104 width=4)
	  Index Cond: ((id >= 3419454) AND (id <= 3419554))

table 4 : explain SELECT id FROM sbtest4 WHERE id BETWEEN 3419454 AND 3419554
	Index Only Scan using sbtest4_pkey on sbtest4  (cost=0.43..6.42 rows=99 width=4)
	  Index Cond: ((id >= 3419454) AND (id <= 3419554))

table 5 : explain SELECT id FROM sbtest5 WHERE id BETWEEN 3419454 AND 3419554
	Index Only Scan using sbtest5_pkey on sbtest5  (cost=0.43..6.59 rows=108 width=4)
	  Index Cond: ((id >= 3419454) AND (id <= 3419554))

table 6 : explain SELECT id FROM sbtest6 WHERE id BETWEEN 3419454 AND 3419554
	Index Only Scan using sbtest6_pkey on sbtest6  (cost=0.43..6.37 rows=97 width=4)
	  Index Cond: ((id >= 3419454) AND (id <= 3419554))

table 7 : explain SELECT id FROM sbtest7 WHERE id BETWEEN 3419454 AND 3419554
	Index Only Scan using sbtest7_pkey on sbtest7  (cost=0.43..6.37 rows=97 width=4)
	  Index Cond: ((id >= 3419454) AND (id <= 3419554))

table 8 : explain SELECT id FROM sbtest8 WHERE id BETWEEN 3419454 AND 3419554
	Index Only Scan using sbtest8_pkey on sbtest8  (cost=0.43..6.35 rows=96 width=4)
	  Index Cond: ((id >= 3419454) AND (id <= 3419554))

explain: for range-covered :: explain SELECT id FROM sbtest%d WHERE id BETWEEN 3419454 AND 3419554
for range-covered
table 1 : explain SELECT id FROM sbtest1 WHERE id BETWEEN 3961219 AND 3961319
	Index Only Scan using sbtest1_pkey on sbtest1  (cost=0.43..6.40 rows=98 width=4)
	  Index Cond: ((id >= 3961219) AND (id <= 3961319))

table 2 : explain SELECT id FROM sbtest2 WHERE id BETWEEN 3961219 AND 3961319
	Index Only Scan using sbtest2_pkey on sbtest2  (cost=0.43..6.43 rows=100 width=4)
	  Index Cond: ((id >= 3961219) AND (id <= 3961319))

table 3 : explain SELECT id FROM sbtest3 WHERE id BETWEEN 3961219 AND 3961319
	Index Only Scan using sbtest3_pkey on sbtest3  (cost=0.43..6.67 rows=112 width=4)
	  Index Cond: ((id >= 3961219) AND (id <= 3961319))

table 4 : explain SELECT id FROM sbtest4 WHERE id BETWEEN 3961219 AND 3961319
	Index Only Scan using sbtest4_pkey on sbtest4  (cost=0.43..6.45 rows=101 width=4)
	  Index Cond: ((id >= 3961219) AND (id <= 3961319))

table 5 : explain SELECT id FROM sbtest5 WHERE id BETWEEN 3961219 AND 3961319
	Index Only Scan using sbtest5_pkey on sbtest5  (cost=0.43..6.53 rows=105 width=4)
	  Index Cond: ((id >= 3961219) AND (id <= 3961319))

table 6 : explain SELECT id FROM sbtest6 WHERE id BETWEEN 3961219 AND 3961319
	Index Only Scan using sbtest6_pkey on sbtest6  (cost=0.43..6.45 rows=101 width=4)
	  Index Cond: ((id >= 3961219) AND (id <= 3961319))

table 7 : explain SELECT id FROM sbtest7 WHERE id BETWEEN 3961219 AND 3961319
	Index Only Scan using sbtest7_pkey on sbtest7  (cost=0.43..6.45 rows=101 width=4)
	  Index Cond: ((id >= 3961219) AND (id <= 3961319))

table 8 : explain SELECT id FROM sbtest8 WHERE id BETWEEN 3961219 AND 3961319
	Index Only Scan using sbtest8_pkey on sbtest8  (cost=0.43..6.47 rows=102 width=4)
	  Index Cond: ((id >= 3961219) AND (id <= 3961319))

for range-covered
table 1 : explain SELECT id FROM sbtest1 WHERE id BETWEEN 2588096 AND 2588196
	Index Only Scan using sbtest1_pkey on sbtest1  (cost=0.43..6.35 rows=96 width=4)
	  Index Cond: ((id >= 2588096) AND (id <= 2588196))

table 2 : explain SELECT id FROM sbtest2 WHERE id BETWEEN 2588096 AND 2588196
	Index Only Scan using sbtest2_pkey on sbtest2  (cost=0.43..6.47 rows=102 width=4)
	  Index Cond: ((id >= 2588096) AND (id <= 2588196))

table 3 : explain SELECT id FROM sbtest3 WHERE id BETWEEN 2588096 AND 2588196
	Index Only Scan using sbtest3_pkey on sbtest3  (cost=0.43..6.63 rows=110 width=4)
	  Index Cond: ((id >= 2588096) AND (id <= 2588196))

table 4 : explain SELECT id FROM sbtest4 WHERE id BETWEEN 2588096 AND 2588196
	Index Only Scan using sbtest4_pkey on sbtest4  (cost=0.43..6.42 rows=99 width=4)
	  Index Cond: ((id >= 2588096) AND (id <= 2588196))

table 5 : explain SELECT id FROM sbtest5 WHERE id BETWEEN 2588096 AND 2588196
	Index Only Scan using sbtest5_pkey on sbtest5  (cost=0.43..6.72 rows=114 width=4)
	  Index Cond: ((id >= 2588096) AND (id <= 2588196))

table 6 : explain SELECT id FROM sbtest6 WHERE id BETWEEN 2588096 AND 2588196
	Index Only Scan using sbtest6_pkey on sbtest6  (cost=0.43..6.59 rows=108 width=4)
	  Index Cond: ((id >= 2588096) AND (id <= 2588196))

table 7 : explain SELECT id FROM sbtest7 WHERE id BETWEEN 2588096 AND 2588196
	Index Only Scan using sbtest7_pkey on sbtest7  (cost=0.43..6.45 rows=101 width=4)
	  Index Cond: ((id >= 2588096) AND (id <= 2588196))

table 8 : explain SELECT id FROM sbtest8 WHERE id BETWEEN 2588096 AND 2588196
	Index Only Scan using sbtest8_pkey on sbtest8  (cost=0.43..6.45 rows=101 width=4)
	  Index Cond: ((id >= 2588096) AND (id <= 2588196))

explain: for range-covered :: explain SELECT id FROM sbtest%d WHERE id BETWEEN 3961219 AND 3961319
explain: for range-covered :: explain SELECT id FROM sbtest%d WHERE id BETWEEN 2588096 AND 2588196
for range-covered
table 1 : explain SELECT id FROM sbtest1 WHERE id BETWEEN 5007354 AND 5007454
	Index Only Scan using sbtest1_pkey on sbtest1  (cost=0.43..6.74 rows=115 width=4)
	  Index Cond: ((id >= 5007354) AND (id <= 5007454))

table 2 : explain SELECT id FROM sbtest2 WHERE id BETWEEN 5007354 AND 5007454
	Index Only Scan using sbtest2_pkey on sbtest2  (cost=0.43..6.27 rows=92 width=4)
	  Index Cond: ((id >= 5007354) AND (id <= 5007454))

table 3 : explain SELECT id FROM sbtest3 WHERE id BETWEEN 5007354 AND 5007454
	Index Only Scan using sbtest3_pkey on sbtest3  (cost=0.43..6.69 rows=113 width=4)
	  Index Cond: ((id >= 5007354) AND (id <= 5007454))

table 4 : explain SELECT id FROM sbtest4 WHERE id BETWEEN 5007354 AND 5007454
	Index Only Scan using sbtest4_pkey on sbtest4  (cost=0.43..6.59 rows=108 width=4)
	  Index Cond: ((id >= 5007354) AND (id <= 5007454))

table 5 : explain SELECT id FROM sbtest5 WHERE id BETWEEN 5007354 AND 5007454
	Index Only Scan using sbtest5_pkey on sbtest5  (cost=0.43..6.50 rows=103 width=4)
	  Index Cond: ((id >= 5007354) AND (id <= 5007454))

table 6 : explain SELECT id FROM sbtest6 WHERE id BETWEEN 5007354 AND 5007454
	Index Only Scan using sbtest6_pkey on sbtest6  (cost=0.43..6.61 rows=109 width=4)
	  Index Cond: ((id >= 5007354) AND (id <= 5007454))

table 7 : explain SELECT id FROM sbtest7 WHERE id BETWEEN 5007354 AND 5007454
	Index Only Scan using sbtest7_pkey on sbtest7  (cost=0.43..6.37 rows=97 width=4)
	  Index Cond: ((id >= 5007354) AND (id <= 5007454))

table 8 : explain SELECT id FROM sbtest8 WHERE id BETWEEN 5007354 AND 5007454
	Index Only Scan using sbtest8_pkey on sbtest8  (cost=0.43..6.35 rows=96 width=4)
	  Index Cond: ((id >= 5007354) AND (id <= 5007454))

explain: for range-covered :: explain SELECT id FROM sbtest%d WHERE id BETWEEN 5007354 AND 5007454
explain: for range-covered :: explain SELECT id FROM sbtest%d WHERE id BETWEEN 6281070 AND 6281170
for range-covered
table 1 : explain SELECT id FROM sbtest1 WHERE id BETWEEN 3419454 AND 3419554
	Index Only Scan using sbtest1_pkey on sbtest1  (cost=0.43..6.51 rows=104 width=4)
	  Index Cond: ((id >= 3419454) AND (id <= 3419554))

table 2 : explain SELECT id FROM sbtest2 WHERE id BETWEEN 3419454 AND 3419554
	Index Only Scan using sbtest2_pkey on sbtest2  (cost=0.43..6.59 rows=108 width=4)
	  Index Cond: ((id >= 3419454) AND (id <= 3419554))

table 3 : explain SELECT id FROM sbtest3 WHERE id BETWEEN 3419454 AND 3419554
	Index Only Scan using sbtest3_pkey on sbtest3  (cost=0.43..6.51 rows=104 width=4)
	  Index Cond: ((id >= 3419454) AND (id <= 3419554))

table 4 : explain SELECT id FROM sbtest4 WHERE id BETWEEN 3419454 AND 3419554
	Index Only Scan using sbtest4_pkey on sbtest4  (cost=0.43..6.42 rows=99 width=4)
	  Index Cond: ((id >= 3419454) AND (id <= 3419554))

table 5 : explain SELECT id FROM sbtest5 WHERE id BETWEEN 3419454 AND 3419554
	Index Only Scan using sbtest5_pkey on sbtest5  (cost=0.43..6.59 rows=108 width=4)
	  Index Cond: ((id >= 3419454) AND (id <= 3419554))

table 6 : explain SELECT id FROM sbtest6 WHERE id BETWEEN 3419454 AND 3419554
	Index Only Scan using sbtest6_pkey on sbtest6  (cost=0.43..6.37 rows=97 width=4)
	  Index Cond: ((id >= 3419454) AND (id <= 3419554))

table 7 : explain SELECT id FROM sbtest7 WHERE id BETWEEN 3419454 AND 3419554
	Index Only Scan using sbtest7_pkey on sbtest7  (cost=0.43..6.37 rows=97 width=4)
	  Index Cond: ((id >= 3419454) AND (id <= 3419554))

table 8 : explain SELECT id FROM sbtest8 WHERE id BETWEEN 3419454 AND 3419554
	Index Only Scan using sbtest8_pkey on sbtest8  (cost=0.43..6.35 rows=96 width=4)
	  Index Cond: ((id >= 3419454) AND (id <= 3419554))

for range-covered
table 1 : explain SELECT id FROM sbtest1 WHERE id BETWEEN 7965047 AND 7965147
	Index Only Scan using sbtest1_pkey on sbtest1  (cost=0.43..6.47 rows=102 width=4)
	  Index Cond: ((id >= 7965047) AND (id <= 7965147))

table 2 : explain SELECT id FROM sbtest2 WHERE id BETWEEN 7965047 AND 7965147
	Index Only Scan using sbtest2_pkey on sbtest2  (cost=0.43..6.35 rows=96 width=4)
	  Index Cond: ((id >= 7965047) AND (id <= 7965147))

table 3 : explain SELECT id FROM sbtest3 WHERE id BETWEEN 7965047 AND 7965147
	Index Only Scan using sbtest3_pkey on sbtest3  (cost=0.43..6.51 rows=104 width=4)
	  Index Cond: ((id >= 7965047) AND (id <= 7965147))

table 4 : explain SELECT id FROM sbtest4 WHERE id BETWEEN 7965047 AND 7965147
	Index Only Scan using sbtest4_pkey on sbtest4  (cost=0.43..6.56 rows=106 width=4)
	  Index Cond: ((id >= 7965047) AND (id <= 7965147))

table 5 : explain SELECT id FROM sbtest5 WHERE id BETWEEN 7965047 AND 7965147
	Index Only Scan using sbtest5_pkey on sbtest5  (cost=0.43..6.47 rows=102 width=4)
	  Index Cond: ((id >= 7965047) AND (id <= 7965147))

table 6 : explain SELECT id FROM sbtest6 WHERE id BETWEEN 7965047 AND 7965147
	Index Only Scan using sbtest6_pkey on sbtest6  (cost=0.43..6.53 rows=105 width=4)
	  Index Cond: ((id >= 7965047) AND (id <= 7965147))

table 7 : explain SELECT id FROM sbtest7 WHERE id BETWEEN 7965047 AND 7965147
	Index Only Scan using sbtest7_pkey on sbtest7  (cost=0.43..6.61 rows=109 width=4)
	  Index Cond: ((id >= 7965047) AND (id <= 7965147))

table 8 : explain SELECT id FROM sbtest8 WHERE id BETWEEN 7965047 AND 7965147
	Index Only Scan using sbtest8_pkey on sbtest8  (cost=0.43..6.45 rows=101 width=4)
	  Index Cond: ((id >= 7965047) AND (id <= 7965147))

explain: for range-covered :: explain SELECT id FROM sbtest%d WHERE id BETWEEN 3419454 AND 3419554
for range-covered
table 1 : explain SELECT id FROM sbtest1 WHERE id BETWEEN 2588096 AND 2588196
	Index Only Scan using sbtest1_pkey on sbtest1  (cost=0.43..6.35 rows=96 width=4)
	  Index Cond: ((id >= 2588096) AND (id <= 2588196))

table 2 : explain SELECT id FROM sbtest2 WHERE id BETWEEN 2588096 AND 2588196
	Index Only Scan using sbtest2_pkey on sbtest2  (cost=0.43..6.47 rows=102 width=4)
	  Index Cond: ((id >= 2588096) AND (id <= 2588196))

table 3 : explain SELECT id FROM sbtest3 WHERE id BETWEEN 2588096 AND 2588196
	Index Only Scan using sbtest3_pkey on sbtest3  (cost=0.43..6.63 rows=110 width=4)
	  Index Cond: ((id >= 2588096) AND (id <= 2588196))

table 4 : explain SELECT id FROM sbtest4 WHERE id BETWEEN 2588096 AND 2588196
	Index Only Scan using sbtest4_pkey on sbtest4  (cost=0.43..6.42 rows=99 width=4)
	  Index Cond: ((id >= 2588096) AND (id <= 2588196))

table 5 : explain SELECT id FROM sbtest5 WHERE id BETWEEN 2588096 AND 2588196
	Index Only Scan using sbtest5_pkey on sbtest5  (cost=0.43..6.72 rows=114 width=4)
	  Index Cond: ((id >= 2588096) AND (id <= 2588196))

table 6 : explain SELECT id FROM sbtest6 WHERE id BETWEEN 2588096 AND 2588196
	Index Only Scan using sbtest6_pkey on sbtest6  (cost=0.43..6.59 rows=108 width=4)
	  Index Cond: ((id >= 2588096) AND (id <= 2588196))

table 7 : explain SELECT id FROM sbtest7 WHERE id BETWEEN 2588096 AND 2588196
	Index Only Scan using sbtest7_pkey on sbtest7  (cost=0.43..6.45 rows=101 width=4)
	  Index Cond: ((id >= 2588096) AND (id <= 2588196))

table 8 : explain SELECT id FROM sbtest8 WHERE id BETWEEN 2588096 AND 2588196
	Index Only Scan using sbtest8_pkey on sbtest8  (cost=0.43..6.45 rows=101 width=4)
	  Index Cond: ((id >= 2588096) AND (id <= 2588196))

explain: for range-covered :: explain SELECT id FROM sbtest%d WHERE id BETWEEN 2588096 AND 2588196
for range-covered
table 1 : explain SELECT id FROM sbtest1 WHERE id BETWEEN 5007354 AND 5007454
	Index Only Scan using sbtest1_pkey on sbtest1  (cost=0.43..6.74 rows=115 width=4)
	  Index Cond: ((id >= 5007354) AND (id <= 5007454))

table 2 : explain SELECT id FROM sbtest2 WHERE id BETWEEN 5007354 AND 5007454
	Index Only Scan using sbtest2_pkey on sbtest2  (cost=0.43..6.27 rows=92 width=4)
	  Index Cond: ((id >= 5007354) AND (id <= 5007454))

table 3 : explain SELECT id FROM sbtest3 WHERE id BETWEEN 5007354 AND 5007454
	Index Only Scan using sbtest3_pkey on sbtest3  (cost=0.43..6.69 rows=113 width=4)
	  Index Cond: ((id >= 5007354) AND (id <= 5007454))

table 4 : explain SELECT id FROM sbtest4 WHERE id BETWEEN 5007354 AND 5007454
	Index Only Scan using sbtest4_pkey on sbtest4  (cost=0.43..6.59 rows=108 width=4)
	  Index Cond: ((id >= 5007354) AND (id <= 5007454))

table 5 : explain SELECT id FROM sbtest5 WHERE id BETWEEN 5007354 AND 5007454
	Index Only Scan using sbtest5_pkey on sbtest5  (cost=0.43..6.50 rows=103 width=4)
	  Index Cond: ((id >= 5007354) AND (id <= 5007454))

table 6 : explain SELECT id FROM sbtest6 WHERE id BETWEEN 5007354 AND 5007454
	Index Only Scan using sbtest6_pkey on sbtest6  (cost=0.43..6.61 rows=109 width=4)
	  Index Cond: ((id >= 5007354) AND (id <= 5007454))

table 7 : explain SELECT id FROM sbtest7 WHERE id BETWEEN 5007354 AND 5007454
	Index Only Scan using sbtest7_pkey on sbtest7  (cost=0.43..6.37 rows=97 width=4)
	  Index Cond: ((id >= 5007354) AND (id <= 5007454))

table 8 : explain SELECT id FROM sbtest8 WHERE id BETWEEN 5007354 AND 5007454
	Index Only Scan using sbtest8_pkey on sbtest8  (cost=0.43..6.35 rows=96 width=4)
	  Index Cond: ((id >= 5007354) AND (id <= 5007454))

explain: for range-covered :: explain SELECT id FROM sbtest%d WHERE id BETWEEN 5007354 AND 5007454
for range-covered
table 1 : explain SELECT id FROM sbtest1 WHERE id BETWEEN 3961219 AND 3961319
	Index Only Scan using sbtest1_pkey on sbtest1  (cost=0.43..6.40 rows=98 width=4)
	  Index Cond: ((id >= 3961219) AND (id <= 3961319))

table 2 : explain SELECT id FROM sbtest2 WHERE id BETWEEN 3961219 AND 3961319
	Index Only Scan using sbtest2_pkey on sbtest2  (cost=0.43..6.43 rows=100 width=4)
	  Index Cond: ((id >= 3961219) AND (id <= 3961319))

table 3 : explain SELECT id FROM sbtest3 WHERE id BETWEEN 3961219 AND 3961319
	Index Only Scan using sbtest3_pkey on sbtest3  (cost=0.43..6.67 rows=112 width=4)
	  Index Cond: ((id >= 3961219) AND (id <= 3961319))

table 4 : explain SELECT id FROM sbtest4 WHERE id BETWEEN 3961219 AND 3961319
	Index Only Scan using sbtest4_pkey on sbtest4  (cost=0.43..6.45 rows=101 width=4)
	  Index Cond: ((id >= 3961219) AND (id <= 3961319))

table 5 : explain SELECT id FROM sbtest5 WHERE id BETWEEN 3961219 AND 3961319
	Index Only Scan using sbtest5_pkey on sbtest5  (cost=0.43..6.53 rows=105 width=4)
	  Index Cond: ((id >= 3961219) AND (id <= 3961319))

table 6 : explain SELECT id FROM sbtest6 WHERE id BETWEEN 3961219 AND 3961319
	Index Only Scan using sbtest6_pkey on sbtest6  (cost=0.43..6.45 rows=101 width=4)
	  Index Cond: ((id >= 3961219) AND (id <= 3961319))

table 7 : explain SELECT id FROM sbtest7 WHERE id BETWEEN 3961219 AND 3961319
	Index Only Scan using sbtest7_pkey on sbtest7  (cost=0.43..6.45 rows=101 width=4)
	  Index Cond: ((id >= 3961219) AND (id <= 3961319))

table 8 : explain SELECT id FROM sbtest8 WHERE id BETWEEN 3961219 AND 3961319
	Index Only Scan using sbtest8_pkey on sbtest8  (cost=0.43..6.47 rows=102 width=4)
	  Index Cond: ((id >= 3961219) AND (id <= 3961319))

for range-covered
table 1 : explain SELECT id FROM sbtest1 WHERE id BETWEEN 3419454 AND 3419554
	Index Only Scan using sbtest1_pkey on sbtest1  (cost=0.43..6.51 rows=104 width=4)
	  Index Cond: ((id >= 3419454) AND (id <= 3419554))

table 2 : explain SELECT id FROM sbtest2 WHERE id BETWEEN 3419454 AND 3419554
	Index Only Scan using sbtest2_pkey on sbtest2  (cost=0.43..6.59 rows=108 width=4)
	  Index Cond: ((id >= 3419454) AND (id <= 3419554))

table 3 : explain SELECT id FROM sbtest3 WHERE id BETWEEN 3419454 AND 3419554
	Index Only Scan using sbtest3_pkey on sbtest3  (cost=0.43..6.51 rows=104 width=4)
	  Index Cond: ((id >= 3419454) AND (id <= 3419554))

table 4 : explain SELECT id FROM sbtest4 WHERE id BETWEEN 3419454 AND 3419554
	Index Only Scan using sbtest4_pkey on sbtest4  (cost=0.43..6.42 rows=99 width=4)
	  Index Cond: ((id >= 3419454) AND (id <= 3419554))

table 5 : explain SELECT id FROM sbtest5 WHERE id BETWEEN 3419454 AND 3419554
	Index Only Scan using sbtest5_pkey on sbtest5  (cost=0.43..6.59 rows=108 width=4)
	  Index Cond: ((id >= 3419454) AND (id <= 3419554))

table 6 : explain SELECT id FROM sbtest6 WHERE id BETWEEN 3419454 AND 3419554
	Index Only Scan using sbtest6_pkey on sbtest6  (cost=0.43..6.37 rows=97 width=4)
	  Index Cond: ((id >= 3419454) AND (id <= 3419554))

table 7 : explain SELECT id FROM sbtest7 WHERE id BETWEEN 3419454 AND 3419554
	Index Only Scan using sbtest7_pkey on sbtest7  (cost=0.43..6.37 rows=97 width=4)
	  Index Cond: ((id >= 3419454) AND (id <= 3419554))

table 8 : explain SELECT id FROM sbtest8 WHERE id BETWEEN 3419454 AND 3419554
	Index Only Scan using sbtest8_pkey on sbtest8  (cost=0.43..6.35 rows=96 width=4)
	  Index Cond: ((id >= 3419454) AND (id <= 3419554))

explain: for range-covered :: explain SELECT id FROM sbtest%d WHERE id BETWEEN 3961219 AND 3961319
explain: for range-covered :: explain SELECT id FROM sbtest%d WHERE id BETWEEN 3419454 AND 3419554
explain: for range-covered :: explain SELECT id FROM sbtest%d WHERE id BETWEEN 5779470 AND 5779570
for range-covered
table 1 : explain SELECT id FROM sbtest1 WHERE id BETWEEN 2588096 AND 2588196
	Index Only Scan using sbtest1_pkey on sbtest1  (cost=0.43..6.35 rows=96 width=4)
	  Index Cond: ((id >= 2588096) AND (id <= 2588196))

table 2 : explain SELECT id FROM sbtest2 WHERE id BETWEEN 2588096 AND 2588196
	Index Only Scan using sbtest2_pkey on sbtest2  (cost=0.43..6.47 rows=102 width=4)
	  Index Cond: ((id >= 2588096) AND (id <= 2588196))

table 3 : explain SELECT id FROM sbtest3 WHERE id BETWEEN 2588096 AND 2588196
	Index Only Scan using sbtest3_pkey on sbtest3  (cost=0.43..6.63 rows=110 width=4)
	  Index Cond: ((id >= 2588096) AND (id <= 2588196))

table 4 : explain SELECT id FROM sbtest4 WHERE id BETWEEN 2588096 AND 2588196
	Index Only Scan using sbtest4_pkey on sbtest4  (cost=0.43..6.42 rows=99 width=4)
	  Index Cond: ((id >= 2588096) AND (id <= 2588196))

table 5 : explain SELECT id FROM sbtest5 WHERE id BETWEEN 2588096 AND 2588196
	Index Only Scan using sbtest5_pkey on sbtest5  (cost=0.43..6.72 rows=114 width=4)
	  Index Cond: ((id >= 2588096) AND (id <= 2588196))

table 6 : explain SELECT id FROM sbtest6 WHERE id BETWEEN 2588096 AND 2588196
	Index Only Scan using sbtest6_pkey on sbtest6  (cost=0.43..6.59 rows=108 width=4)
	  Index Cond: ((id >= 2588096) AND (id <= 2588196))

table 7 : explain SELECT id FROM sbtest7 WHERE id BETWEEN 2588096 AND 2588196
	Index Only Scan using sbtest7_pkey on sbtest7  (cost=0.43..6.45 rows=101 width=4)
	  Index Cond: ((id >= 2588096) AND (id <= 2588196))

table 8 : explain SELECT id FROM sbtest8 WHERE id BETWEEN 2588096 AND 2588196
	Index Only Scan using sbtest8_pkey on sbtest8  (cost=0.43..6.45 rows=101 width=4)
	  Index Cond: ((id >= 2588096) AND (id <= 2588196))

explain: for range-covered :: explain SELECT id FROM sbtest%d WHERE id BETWEEN 1617391 AND 1617491
explain: for range-covered :: explain SELECT id FROM sbtest%d WHERE id BETWEEN 2588096 AND 2588196
for range-covered
table 1 : explain SELECT id FROM sbtest1 WHERE id BETWEEN 3961219 AND 3961319
	Index Only Scan using sbtest1_pkey on sbtest1  (cost=0.43..6.40 rows=98 width=4)
	  Index Cond: ((id >= 3961219) AND (id <= 3961319))

table 2 : explain SELECT id FROM sbtest2 WHERE id BETWEEN 3961219 AND 3961319
	Index Only Scan using sbtest2_pkey on sbtest2  (cost=0.43..6.43 rows=100 width=4)
	  Index Cond: ((id >= 3961219) AND (id <= 3961319))

table 3 : explain SELECT id FROM sbtest3 WHERE id BETWEEN 3961219 AND 3961319
	Index Only Scan using sbtest3_pkey on sbtest3  (cost=0.43..6.67 rows=112 width=4)
	  Index Cond: ((id >= 3961219) AND (id <= 3961319))

table 4 : explain SELECT id FROM sbtest4 WHERE id BETWEEN 3961219 AND 3961319
	Index Only Scan using sbtest4_pkey on sbtest4  (cost=0.43..6.45 rows=101 width=4)
	  Index Cond: ((id >= 3961219) AND (id <= 3961319))

table 5 : explain SELECT id FROM sbtest5 WHERE id BETWEEN 3961219 AND 3961319
	Index Only Scan using sbtest5_pkey on sbtest5  (cost=0.43..6.53 rows=105 width=4)
	  Index Cond: ((id >= 3961219) AND (id <= 3961319))

table 6 : explain SELECT id FROM sbtest6 WHERE id BETWEEN 3961219 AND 3961319
	Index Only Scan using sbtest6_pkey on sbtest6  (cost=0.43..6.45 rows=101 width=4)
	  Index Cond: ((id >= 3961219) AND (id <= 3961319))

table 7 : explain SELECT id FROM sbtest7 WHERE id BETWEEN 3961219 AND 3961319
	Index Only Scan using sbtest7_pkey on sbtest7  (cost=0.43..6.45 rows=101 width=4)
	  Index Cond: ((id >= 3961219) AND (id <= 3961319))

table 8 : explain SELECT id FROM sbtest8 WHERE id BETWEEN 3961219 AND 3961319
	Index Only Scan using sbtest8_pkey on sbtest8  (cost=0.43..6.47 rows=102 width=4)
	  Index Cond: ((id >= 3961219) AND (id <= 3961319))

explain: for range-covered :: explain SELECT id FROM sbtest%d WHERE id BETWEEN 3961219 AND 3961319
for range-covered
table 1 : explain SELECT id FROM sbtest1 WHERE id BETWEEN 5007354 AND 5007454
	Index Only Scan using sbtest1_pkey on sbtest1  (cost=0.43..6.74 rows=115 width=4)
	  Index Cond: ((id >= 5007354) AND (id <= 5007454))

table 2 : explain SELECT id FROM sbtest2 WHERE id BETWEEN 5007354 AND 5007454
	Index Only Scan using sbtest2_pkey on sbtest2  (cost=0.43..6.27 rows=92 width=4)
	  Index Cond: ((id >= 5007354) AND (id <= 5007454))

table 3 : explain SELECT id FROM sbtest3 WHERE id BETWEEN 5007354 AND 5007454
	Index Only Scan using sbtest3_pkey on sbtest3  (cost=0.43..6.69 rows=113 width=4)
	  Index Cond: ((id >= 5007354) AND (id <= 5007454))

table 4 : explain SELECT id FROM sbtest4 WHERE id BETWEEN 5007354 AND 5007454
	Index Only Scan using sbtest4_pkey on sbtest4  (cost=0.43..6.59 rows=108 width=4)
	  Index Cond: ((id >= 5007354) AND (id <= 5007454))

table 5 : explain SELECT id FROM sbtest5 WHERE id BETWEEN 5007354 AND 5007454
	Index Only Scan using sbtest5_pkey on sbtest5  (cost=0.43..6.50 rows=103 width=4)
	  Index Cond: ((id >= 5007354) AND (id <= 5007454))

table 6 : explain SELECT id FROM sbtest6 WHERE id BETWEEN 5007354 AND 5007454
	Index Only Scan using sbtest6_pkey on sbtest6  (cost=0.43..6.61 rows=109 width=4)
	  Index Cond: ((id >= 5007354) AND (id <= 5007454))

table 7 : explain SELECT id FROM sbtest7 WHERE id BETWEEN 5007354 AND 5007454
	Index Only Scan using sbtest7_pkey on sbtest7  (cost=0.43..6.37 rows=97 width=4)
	  Index Cond: ((id >= 5007354) AND (id <= 5007454))

table 8 : explain SELECT id FROM sbtest8 WHERE id BETWEEN 5007354 AND 5007454
	Index Only Scan using sbtest8_pkey on sbtest8  (cost=0.43..6.35 rows=96 width=4)
	  Index Cond: ((id >= 5007354) AND (id <= 5007454))

explain: for range-covered :: explain SELECT id FROM sbtest%d WHERE id BETWEEN 5007354 AND 5007454
explain: for range-covered :: explain SELECT id FROM sbtest%d WHERE id BETWEEN 2263635 AND 2263735
for range-covered
table 1 : explain SELECT id FROM sbtest1 WHERE id BETWEEN 5698967 AND 5699067
	Index Only Scan using sbtest1_pkey on sbtest1  (cost=0.43..6.35 rows=96 width=4)
	  Index Cond: ((id >= 5698967) AND (id <= 5699067))

table 2 : explain SELECT id FROM sbtest2 WHERE id BETWEEN 5698967 AND 5699067
	Index Only Scan using sbtest2_pkey on sbtest2  (cost=0.43..6.37 rows=97 width=4)
	  Index Cond: ((id >= 5698967) AND (id <= 5699067))

table 3 : explain SELECT id FROM sbtest3 WHERE id BETWEEN 5698967 AND 5699067
	Index Only Scan using sbtest3_pkey on sbtest3  (cost=0.43..6.27 rows=92 width=4)
	  Index Cond: ((id >= 5698967) AND (id <= 5699067))

table 4 : explain SELECT id FROM sbtest4 WHERE id BETWEEN 5698967 AND 5699067
	Index Only Scan using sbtest4_pkey on sbtest4  (cost=0.43..6.35 rows=96 width=4)
	  Index Cond: ((id >= 5698967) AND (id <= 5699067))

table 5 : explain SELECT id FROM sbtest5 WHERE id BETWEEN 5698967 AND 5699067
	Index Only Scan using sbtest5_pkey on sbtest5  (cost=0.43..6.32 rows=94 width=4)
	  Index Cond: ((id >= 5698967) AND (id <= 5699067))

table 6 : explain SELECT id FROM sbtest6 WHERE id BETWEEN 5698967 AND 5699067
	Index Only Scan using sbtest6_pkey on sbtest6  (cost=0.43..6.67 rows=112 width=4)
	  Index Cond: ((id >= 5698967) AND (id <= 5699067))

table 7 : explain SELECT id FROM sbtest7 WHERE id BETWEEN 5698967 AND 5699067
	Index Only Scan using sbtest7_pkey on sbtest7  (cost=0.43..6.40 rows=98 width=4)
	  Index Cond: ((id >= 5698967) AND (id <= 5699067))

table 8 : explain SELECT id FROM sbtest8 WHERE id BETWEEN 5698967 AND 5699067
	Index Only Scan using sbtest8_pkey on sbtest8  (cost=0.43..6.66 rows=111 width=4)
	  Index Cond: ((id >= 5698967) AND (id <= 5699067))

explain: for range-covered :: explain SELECT id FROM sbtest%d WHERE id BETWEEN 5698967 AND 5699067
for range-covered
table 1 : explain SELECT id FROM sbtest1 WHERE id BETWEEN 3961219 AND 3961319
	Index Only Scan using sbtest1_pkey on sbtest1  (cost=0.43..6.40 rows=98 width=4)
	  Index Cond: ((id >= 3961219) AND (id <= 3961319))

table 2 : explain SELECT id FROM sbtest2 WHERE id BETWEEN 3961219 AND 3961319
	Index Only Scan using sbtest2_pkey on sbtest2  (cost=0.43..6.43 rows=100 width=4)
	  Index Cond: ((id >= 3961219) AND (id <= 3961319))

table 3 : explain SELECT id FROM sbtest3 WHERE id BETWEEN 3961219 AND 3961319
	Index Only Scan using sbtest3_pkey on sbtest3  (cost=0.43..6.67 rows=112 width=4)
	  Index Cond: ((id >= 3961219) AND (id <= 3961319))

table 4 : explain SELECT id FROM sbtest4 WHERE id BETWEEN 3961219 AND 3961319
	Index Only Scan using sbtest4_pkey on sbtest4  (cost=0.43..6.45 rows=101 width=4)
	  Index Cond: ((id >= 3961219) AND (id <= 3961319))

table 5 : explain SELECT id FROM sbtest5 WHERE id BETWEEN 3961219 AND 3961319
	Index Only Scan using sbtest5_pkey on sbtest5  (cost=0.43..6.53 rows=105 width=4)
	  Index Cond: ((id >= 3961219) AND (id <= 3961319))

table 6 : explain SELECT id FROM sbtest6 WHERE id BETWEEN 3961219 AND 3961319
	Index Only Scan using sbtest6_pkey on sbtest6  (cost=0.43..6.45 rows=101 width=4)
	  Index Cond: ((id >= 3961219) AND (id <= 3961319))

table 7 : explain SELECT id FROM sbtest7 WHERE id BETWEEN 3961219 AND 3961319
	Index Only Scan using sbtest7_pkey on sbtest7  (cost=0.43..6.45 rows=101 width=4)
	  Index Cond: ((id >= 3961219) AND (id <= 3961319))

table 8 : explain SELECT id FROM sbtest8 WHERE id BETWEEN 3961219 AND 3961319
	Index Only Scan using sbtest8_pkey on sbtest8  (cost=0.43..6.47 rows=102 width=4)
	  Index Cond: ((id >= 3961219) AND (id <= 3961319))

explain: for range-covered :: explain SELECT id FROM sbtest%d WHERE id BETWEEN 3961219 AND 3961319
for range-covered
table 1 : explain SELECT id FROM sbtest1 WHERE id BETWEEN 2588096 AND 2588196
	Index Only Scan using sbtest1_pkey on sbtest1  (cost=0.43..6.35 rows=96 width=4)
	  Index Cond: ((id >= 2588096) AND (id <= 2588196))

table 2 : explain SELECT id FROM sbtest2 WHERE id BETWEEN 2588096 AND 2588196
	Index Only Scan using sbtest2_pkey on sbtest2  (cost=0.43..6.47 rows=102 width=4)
	  Index Cond: ((id >= 2588096) AND (id <= 2588196))

table 3 : explain SELECT id FROM sbtest3 WHERE id BETWEEN 2588096 AND 2588196
	Index Only Scan using sbtest3_pkey on sbtest3  (cost=0.43..6.63 rows=110 width=4)
	  Index Cond: ((id >= 2588096) AND (id <= 2588196))

table 4 : explain SELECT id FROM sbtest4 WHERE id BETWEEN 2588096 AND 2588196
	Index Only Scan using sbtest4_pkey on sbtest4  (cost=0.43..6.42 rows=99 width=4)
	  Index Cond: ((id >= 2588096) AND (id <= 2588196))

table 5 : explain SELECT id FROM sbtest5 WHERE id BETWEEN 2588096 AND 2588196
	Index Only Scan using sbtest5_pkey on sbtest5  (cost=0.43..6.72 rows=114 width=4)
	  Index Cond: ((id >= 2588096) AND (id <= 2588196))

table 6 : explain SELECT id FROM sbtest6 WHERE id BETWEEN 2588096 AND 2588196
	Index Only Scan using sbtest6_pkey on sbtest6  (cost=0.43..6.59 rows=108 width=4)
	  Index Cond: ((id >= 2588096) AND (id <= 2588196))

table 7 : explain SELECT id FROM sbtest7 WHERE id BETWEEN 2588096 AND 2588196
	Index Only Scan using sbtest7_pkey on sbtest7  (cost=0.43..6.45 rows=101 width=4)
	  Index Cond: ((id >= 2588096) AND (id <= 2588196))

table 8 : explain SELECT id FROM sbtest8 WHERE id BETWEEN 2588096 AND 2588196
	Index Only Scan using sbtest8_pkey on sbtest8  (cost=0.43..6.45 rows=101 width=4)
	  Index Cond: ((id >= 2588096) AND (id <= 2588196))

explain: for range-covered :: explain SELECT id FROM sbtest%d WHERE id BETWEEN 2588096 AND 2588196
for range-covered
table 1 : explain SELECT id FROM sbtest1 WHERE id BETWEEN 3419454 AND 3419554
	Index Only Scan using sbtest1_pkey on sbtest1  (cost=0.43..6.51 rows=104 width=4)
	  Index Cond: ((id >= 3419454) AND (id <= 3419554))

table 2 : explain SELECT id FROM sbtest2 WHERE id BETWEEN 3419454 AND 3419554
	Index Only Scan using sbtest2_pkey on sbtest2  (cost=0.43..6.59 rows=108 width=4)
	  Index Cond: ((id >= 3419454) AND (id <= 3419554))

table 3 : explain SELECT id FROM sbtest3 WHERE id BETWEEN 3419454 AND 3419554
	Index Only Scan using sbtest3_pkey on sbtest3  (cost=0.43..6.51 rows=104 width=4)
	  Index Cond: ((id >= 3419454) AND (id <= 3419554))

table 4 : explain SELECT id FROM sbtest4 WHERE id BETWEEN 3419454 AND 3419554
	Index Only Scan using sbtest4_pkey on sbtest4  (cost=0.43..6.42 rows=99 width=4)
	  Index Cond: ((id >= 3419454) AND (id <= 3419554))

table 5 : explain SELECT id FROM sbtest5 WHERE id BETWEEN 3419454 AND 3419554
	Index Only Scan using sbtest5_pkey on sbtest5  (cost=0.43..6.59 rows=108 width=4)
	  Index Cond: ((id >= 3419454) AND (id <= 3419554))

table 6 : explain SELECT id FROM sbtest6 WHERE id BETWEEN 3419454 AND 3419554
	Index Only Scan using sbtest6_pkey on sbtest6  (cost=0.43..6.37 rows=97 width=4)
	  Index Cond: ((id >= 3419454) AND (id <= 3419554))

table 7 : explain SELECT id FROM sbtest7 WHERE id BETWEEN 3419454 AND 3419554
	Index Only Scan using sbtest7_pkey on sbtest7  (cost=0.43..6.37 rows=97 width=4)
	  Index Cond: ((id >= 3419454) AND (id <= 3419554))

table 8 : explain SELECT id FROM sbtest8 WHERE id BETWEEN 3419454 AND 3419554
	Index Only Scan using sbtest8_pkey on sbtest8  (cost=0.43..6.35 rows=96 width=4)
	  Index Cond: ((id >= 3419454) AND (id <= 3419554))

for range-covered
table 1 : explain SELECT id FROM sbtest1 WHERE id BETWEEN 5007354 AND 5007454
	Index Only Scan using sbtest1_pkey on sbtest1  (cost=0.43..6.74 rows=115 width=4)
	  Index Cond: ((id >= 5007354) AND (id <= 5007454))

table 2 : explain SELECT id FROM sbtest2 WHERE id BETWEEN 5007354 AND 5007454
	Index Only Scan using sbtest2_pkey on sbtest2  (cost=0.43..6.27 rows=92 width=4)
	  Index Cond: ((id >= 5007354) AND (id <= 5007454))

table 3 : explain SELECT id FROM sbtest3 WHERE id BETWEEN 5007354 AND 5007454
	Index Only Scan using sbtest3_pkey on sbtest3  (cost=0.43..6.69 rows=113 width=4)
	  Index Cond: ((id >= 5007354) AND (id <= 5007454))

table 4 : explain SELECT id FROM sbtest4 WHERE id BETWEEN 5007354 AND 5007454
	Index Only Scan using sbtest4_pkey on sbtest4  (cost=0.43..6.59 rows=108 width=4)
	  Index Cond: ((id >= 5007354) AND (id <= 5007454))

table 5 : explain SELECT id FROM sbtest5 WHERE id BETWEEN 5007354 AND 5007454
	Index Only Scan using sbtest5_pkey on sbtest5  (cost=0.43..6.50 rows=103 width=4)
	  Index Cond: ((id >= 5007354) AND (id <= 5007454))

table 6 : explain SELECT id FROM sbtest6 WHERE id BETWEEN 5007354 AND 5007454
	Index Only Scan using sbtest6_pkey on sbtest6  (cost=0.43..6.61 rows=109 width=4)
	  Index Cond: ((id >= 5007354) AND (id <= 5007454))

table 7 : explain SELECT id FROM sbtest7 WHERE id BETWEEN 5007354 AND 5007454
	Index Only Scan using sbtest7_pkey on sbtest7  (cost=0.43..6.37 rows=97 width=4)
	  Index Cond: ((id >= 5007354) AND (id <= 5007454))

table 8 : explain SELECT id FROM sbtest8 WHERE id BETWEEN 5007354 AND 5007454
	Index Only Scan using sbtest8_pkey on sbtest8  (cost=0.43..6.35 rows=96 width=4)
	  Index Cond: ((id >= 5007354) AND (id <= 5007454))

explain: for range-covered :: explain SELECT id FROM sbtest%d WHERE id BETWEEN 5007354 AND 5007454
for range-covered
table 1 : explain SELECT id FROM sbtest1 WHERE id BETWEEN 5698967 AND 5699067
	Index Only Scan using sbtest1_pkey on sbtest1  (cost=0.43..6.35 rows=96 width=4)
	  Index Cond: ((id >= 5698967) AND (id <= 5699067))

table 2 : explain SELECT id FROM sbtest2 WHERE id BETWEEN 5698967 AND 5699067
	Index Only Scan using sbtest2_pkey on sbtest2  (cost=0.43..6.37 rows=97 width=4)
	  Index Cond: ((id >= 5698967) AND (id <= 5699067))

table 3 : explain SELECT id FROM sbtest3 WHERE id BETWEEN 5698967 AND 5699067
	Index Only Scan using sbtest3_pkey on sbtest3  (cost=0.43..6.27 rows=92 width=4)
	  Index Cond: ((id >= 5698967) AND (id <= 5699067))

table 4 : explain SELECT id FROM sbtest4 WHERE id BETWEEN 5698967 AND 5699067
	Index Only Scan using sbtest4_pkey on sbtest4  (cost=0.43..6.35 rows=96 width=4)
	  Index Cond: ((id >= 5698967) AND (id <= 5699067))

table 5 : explain SELECT id FROM sbtest5 WHERE id BETWEEN 5698967 AND 5699067
	Index Only Scan using sbtest5_pkey on sbtest5  (cost=0.43..6.32 rows=94 width=4)
	  Index Cond: ((id >= 5698967) AND (id <= 5699067))

table 6 : explain SELECT id FROM sbtest6 WHERE id BETWEEN 5698967 AND 5699067
	Index Only Scan using sbtest6_pkey on sbtest6  (cost=0.43..6.67 rows=112 width=4)
	  Index Cond: ((id >= 5698967) AND (id <= 5699067))

table 7 : explain SELECT id FROM sbtest7 WHERE id BETWEEN 5698967 AND 5699067
	Index Only Scan using sbtest7_pkey on sbtest7  (cost=0.43..6.40 rows=98 width=4)
	  Index Cond: ((id >= 5698967) AND (id <= 5699067))

table 8 : explain SELECT id FROM sbtest8 WHERE id BETWEEN 5698967 AND 5699067
	Index Only Scan using sbtest8_pkey on sbtest8  (cost=0.43..6.66 rows=111 width=4)
	  Index Cond: ((id >= 5698967) AND (id <= 5699067))

for range-covered
table 1 : explain SELECT id FROM sbtest1 WHERE id BETWEEN 3961219 AND 3961319
	Index Only Scan using sbtest1_pkey on sbtest1  (cost=0.43..6.40 rows=98 width=4)
	  Index Cond: ((id >= 3961219) AND (id <= 3961319))

table 2 : explain SELECT id FROM sbtest2 WHERE id BETWEEN 3961219 AND 3961319
	Index Only Scan using sbtest2_pkey on sbtest2  (cost=0.43..6.43 rows=100 width=4)
	  Index Cond: ((id >= 3961219) AND (id <= 3961319))

table 3 : explain SELECT id FROM sbtest3 WHERE id BETWEEN 3961219 AND 3961319
	Index Only Scan using sbtest3_pkey on sbtest3  (cost=0.43..6.67 rows=112 width=4)
	  Index Cond: ((id >= 3961219) AND (id <= 3961319))

table 4 : explain SELECT id FROM sbtest4 WHERE id BETWEEN 3961219 AND 3961319
	Index Only Scan using sbtest4_pkey on sbtest4  (cost=0.43..6.45 rows=101 width=4)
	  Index Cond: ((id >= 3961219) AND (id <= 3961319))

table 5 : explain SELECT id FROM sbtest5 WHERE id BETWEEN 3961219 AND 3961319
	Index Only Scan using sbtest5_pkey on sbtest5  (cost=0.43..6.53 rows=105 width=4)
	  Index Cond: ((id >= 3961219) AND (id <= 3961319))

table 6 : explain SELECT id FROM sbtest6 WHERE id BETWEEN 3961219 AND 3961319
	Index Only Scan using sbtest6_pkey on sbtest6  (cost=0.43..6.45 rows=101 width=4)
	  Index Cond: ((id >= 3961219) AND (id <= 3961319))

table 7 : explain SELECT id FROM sbtest7 WHERE id BETWEEN 3961219 AND 3961319
	Index Only Scan using sbtest7_pkey on sbtest7  (cost=0.43..6.45 rows=101 width=4)
	  Index Cond: ((id >= 3961219) AND (id <= 3961319))

table 8 : explain SELECT id FROM sbtest8 WHERE id BETWEEN 3961219 AND 3961319
	Index Only Scan using sbtest8_pkey on sbtest8  (cost=0.43..6.47 rows=102 width=4)
	  Index Cond: ((id >= 3961219) AND (id <= 3961319))

explain: for range-covered :: explain SELECT id FROM sbtest%d WHERE id BETWEEN 5698967 AND 5699067
for range-covered
table 1 : explain SELECT id FROM sbtest1 WHERE id BETWEEN 2588096 AND 2588196
	Index Only Scan using sbtest1_pkey on sbtest1  (cost=0.43..6.35 rows=96 width=4)
	  Index Cond: ((id >= 2588096) AND (id <= 2588196))

table 2 : explain SELECT id FROM sbtest2 WHERE id BETWEEN 2588096 AND 2588196
	Index Only Scan using sbtest2_pkey on sbtest2  (cost=0.43..6.47 rows=102 width=4)
	  Index Cond: ((id >= 2588096) AND (id <= 2588196))

table 3 : explain SELECT id FROM sbtest3 WHERE id BETWEEN 2588096 AND 2588196
	Index Only Scan using sbtest3_pkey on sbtest3  (cost=0.43..6.63 rows=110 width=4)
	  Index Cond: ((id >= 2588096) AND (id <= 2588196))

table 4 : explain SELECT id FROM sbtest4 WHERE id BETWEEN 2588096 AND 2588196
	Index Only Scan using sbtest4_pkey on sbtest4  (cost=0.43..6.42 rows=99 width=4)
	  Index Cond: ((id >= 2588096) AND (id <= 2588196))

table 5 : explain SELECT id FROM sbtest5 WHERE id BETWEEN 2588096 AND 2588196
	Index Only Scan using sbtest5_pkey on sbtest5  (cost=0.43..6.72 rows=114 width=4)
	  Index Cond: ((id >= 2588096) AND (id <= 2588196))

table 6 : explain SELECT id FROM sbtest6 WHERE id BETWEEN 2588096 AND 2588196
	Index Only Scan using sbtest6_pkey on sbtest6  (cost=0.43..6.59 rows=108 width=4)
	  Index Cond: ((id >= 2588096) AND (id <= 2588196))

table 7 : explain SELECT id FROM sbtest7 WHERE id BETWEEN 2588096 AND 2588196
	Index Only Scan using sbtest7_pkey on sbtest7  (cost=0.43..6.45 rows=101 width=4)
	  Index Cond: ((id >= 2588096) AND (id <= 2588196))

table 8 : explain SELECT id FROM sbtest8 WHERE id BETWEEN 2588096 AND 2588196
	Index Only Scan using sbtest8_pkey on sbtest8  (cost=0.43..6.45 rows=101 width=4)
	  Index Cond: ((id >= 2588096) AND (id <= 2588196))

explain: for range-covered :: explain SELECT id FROM sbtest%d WHERE id BETWEEN 2588096 AND 2588196
for range-covered
table 1 : explain SELECT id FROM sbtest1 WHERE id BETWEEN 5698967 AND 5699067
	Index Only Scan using sbtest1_pkey on sbtest1  (cost=0.43..6.35 rows=96 width=4)
	  Index Cond: ((id >= 5698967) AND (id <= 5699067))

table 2 : explain SELECT id FROM sbtest2 WHERE id BETWEEN 5698967 AND 5699067
	Index Only Scan using sbtest2_pkey on sbtest2  (cost=0.43..6.37 rows=97 width=4)
	  Index Cond: ((id >= 5698967) AND (id <= 5699067))

table 3 : explain SELECT id FROM sbtest3 WHERE id BETWEEN 5698967 AND 5699067
	Index Only Scan using sbtest3_pkey on sbtest3  (cost=0.43..6.27 rows=92 width=4)
	  Index Cond: ((id >= 5698967) AND (id <= 5699067))

table 4 : explain SELECT id FROM sbtest4 WHERE id BETWEEN 5698967 AND 5699067
	Index Only Scan using sbtest4_pkey on sbtest4  (cost=0.43..6.35 rows=96 width=4)
	  Index Cond: ((id >= 5698967) AND (id <= 5699067))

table 5 : explain SELECT id FROM sbtest5 WHERE id BETWEEN 5698967 AND 5699067
	Index Only Scan using sbtest5_pkey on sbtest5  (cost=0.43..6.32 rows=94 width=4)
	  Index Cond: ((id >= 5698967) AND (id <= 5699067))

table 6 : explain SELECT id FROM sbtest6 WHERE id BETWEEN 5698967 AND 5699067
	Index Only Scan using sbtest6_pkey on sbtest6  (cost=0.43..6.67 rows=112 width=4)
	  Index Cond: ((id >= 5698967) AND (id <= 5699067))

table 7 : explain SELECT id FROM sbtest7 WHERE id BETWEEN 5698967 AND 5699067
	Index Only Scan using sbtest7_pkey on sbtest7  (cost=0.43..6.40 rows=98 width=4)
	  Index Cond: ((id >= 5698967) AND (id <= 5699067))

table 8 : explain SELECT id FROM sbtest8 WHERE id BETWEEN 5698967 AND 5699067
	Index Only Scan using sbtest8_pkey on sbtest8  (cost=0.43..6.66 rows=111 width=4)
	  Index Cond: ((id >= 5698967) AND (id <= 5699067))

explain: for range-covered :: explain SELECT id FROM sbtest%d WHERE id BETWEEN 5698967 AND 5699067
explain: for range-covered :: explain SELECT id FROM sbtest%d WHERE id BETWEEN 5009677 AND 5009777
for range-covered
table 1 : explain SELECT id FROM sbtest1 WHERE id BETWEEN 2263635 AND 2263735
	Index Only Scan using sbtest1_pkey on sbtest1  (cost=0.43..6.40 rows=98 width=4)
	  Index Cond: ((id >= 2263635) AND (id <= 2263735))

table 2 : explain SELECT id FROM sbtest2 WHERE id BETWEEN 2263635 AND 2263735
	Index Only Scan using sbtest2_pkey on sbtest2  (cost=0.43..6.72 rows=114 width=4)
	  Index Cond: ((id >= 2263635) AND (id <= 2263735))

table 3 : explain SELECT id FROM sbtest3 WHERE id BETWEEN 2263635 AND 2263735
	Index Only Scan using sbtest3_pkey on sbtest3  (cost=0.43..6.35 rows=96 width=4)
	  Index Cond: ((id >= 2263635) AND (id <= 2263735))

table 4 : explain SELECT id FROM sbtest4 WHERE id BETWEEN 2263635 AND 2263735
	Index Only Scan using sbtest4_pkey on sbtest4  (cost=0.43..6.29 rows=93 width=4)
	  Index Cond: ((id >= 2263635) AND (id <= 2263735))

table 5 : explain SELECT id FROM sbtest5 WHERE id BETWEEN 2263635 AND 2263735
	Index Only Scan using sbtest5_pkey on sbtest5  (cost=0.43..6.40 rows=98 width=4)
	  Index Cond: ((id >= 2263635) AND (id <= 2263735))

table 6 : explain SELECT id FROM sbtest6 WHERE id BETWEEN 2263635 AND 2263735
	Index Only Scan using sbtest6_pkey on sbtest6  (cost=0.43..6.47 rows=102 width=4)
	  Index Cond: ((id >= 2263635) AND (id <= 2263735))

table 7 : explain SELECT id FROM sbtest7 WHERE id BETWEEN 2263635 AND 2263735
	Index Only Scan using sbtest7_pkey on sbtest7  (cost=0.43..6.42 rows=99 width=4)
	  Index Cond: ((id >= 2263635) AND (id <= 2263735))

table 8 : explain SELECT id FROM sbtest8 WHERE id BETWEEN 2263635 AND 2263735
	Index Only Scan using sbtest8_pkey on sbtest8  (cost=0.43..6.53 rows=105 width=4)
	  Index Cond: ((id >= 2263635) AND (id <= 2263735))

for range-covered
table 1 : explain SELECT id FROM sbtest1 WHERE id BETWEEN 6281070 AND 6281170
	Index Only Scan using sbtest1_pkey on sbtest1  (cost=0.43..6.35 rows=96 width=4)
	  Index Cond: ((id >= 6281070) AND (id <= 6281170))

table 2 : explain SELECT id FROM sbtest2 WHERE id BETWEEN 6281070 AND 6281170
	Index Only Scan using sbtest2_pkey on sbtest2  (cost=0.43..6.37 rows=97 width=4)
	  Index Cond: ((id >= 6281070) AND (id <= 6281170))

table 3 : explain SELECT id FROM sbtest3 WHERE id BETWEEN 6281070 AND 6281170
	Index Only Scan using sbtest3_pkey on sbtest3  (cost=0.43..6.43 rows=100 width=4)
	  Index Cond: ((id >= 6281070) AND (id <= 6281170))

table 4 : explain SELECT id FROM sbtest4 WHERE id BETWEEN 6281070 AND 6281170
	Index Only Scan using sbtest4_pkey on sbtest4  (cost=0.43..6.27 rows=92 width=4)
	  Index Cond: ((id >= 6281070) AND (id <= 6281170))

table 5 : explain SELECT id FROM sbtest5 WHERE id BETWEEN 6281070 AND 6281170
	Index Only Scan using sbtest5_pkey on sbtest5  (cost=0.43..6.43 rows=100 width=4)
	  Index Cond: ((id >= 6281070) AND (id <= 6281170))

table 6 : explain SELECT id FROM sbtest6 WHERE id BETWEEN 6281070 AND 6281170
	Index Only Scan using sbtest6_pkey on sbtest6  (cost=0.43..6.53 rows=105 width=4)
	  Index Cond: ((id >= 6281070) AND (id <= 6281170))

table 7 : explain SELECT id FROM sbtest7 WHERE id BETWEEN 6281070 AND 6281170
	Index Only Scan using sbtest7_pkey on sbtest7  (cost=0.43..6.47 rows=102 width=4)
	  Index Cond: ((id >= 6281070) AND (id <= 6281170))

table 8 : explain SELECT id FROM sbtest8 WHERE id BETWEEN 6281070 AND 6281170
	Index Only Scan using sbtest8_pkey on sbtest8  (cost=0.43..6.40 rows=98 width=4)
	  Index Cond: ((id >= 6281070) AND (id <= 6281170))

explain: for range-covered :: explain SELECT id FROM sbtest%d WHERE id BETWEEN 2263635 AND 2263735
for range-covered
table 1 : explain SELECT id FROM sbtest1 WHERE id BETWEEN 2588096 AND 2588196
	Index Only Scan using sbtest1_pkey on sbtest1  (cost=0.43..6.35 rows=96 width=4)
	  Index Cond: ((id >= 2588096) AND (id <= 2588196))

table 2 : explain SELECT id FROM sbtest2 WHERE id BETWEEN 2588096 AND 2588196
	Index Only Scan using sbtest2_pkey on sbtest2  (cost=0.43..6.47 rows=102 width=4)
	  Index Cond: ((id >= 2588096) AND (id <= 2588196))

table 3 : explain SELECT id FROM sbtest3 WHERE id BETWEEN 2588096 AND 2588196
	Index Only Scan using sbtest3_pkey on sbtest3  (cost=0.43..6.63 rows=110 width=4)
	  Index Cond: ((id >= 2588096) AND (id <= 2588196))

table 4 : explain SELECT id FROM sbtest4 WHERE id BETWEEN 2588096 AND 2588196
	Index Only Scan using sbtest4_pkey on sbtest4  (cost=0.43..6.42 rows=99 width=4)
	  Index Cond: ((id >= 2588096) AND (id <= 2588196))

table 5 : explain SELECT id FROM sbtest5 WHERE id BETWEEN 2588096 AND 2588196
	Index Only Scan using sbtest5_pkey on sbtest5  (cost=0.43..6.72 rows=114 width=4)
	  Index Cond: ((id >= 2588096) AND (id <= 2588196))

table 6 : explain SELECT id FROM sbtest6 WHERE id BETWEEN 2588096 AND 2588196
	Index Only Scan using sbtest6_pkey on sbtest6  (cost=0.43..6.59 rows=108 width=4)
	  Index Cond: ((id >= 2588096) AND (id <= 2588196))

table 7 : explain SELECT id FROM sbtest7 WHERE id BETWEEN 2588096 AND 2588196
	Index Only Scan using sbtest7_pkey on sbtest7  (cost=0.43..6.45 rows=101 width=4)
	  Index Cond: ((id >= 2588096) AND (id <= 2588196))

table 8 : explain SELECT id FROM sbtest8 WHERE id BETWEEN 2588096 AND 2588196
	Index Only Scan using sbtest8_pkey on sbtest8  (cost=0.43..6.45 rows=101 width=4)
	  Index Cond: ((id >= 2588096) AND (id <= 2588196))

for range-covered
table 1 : explain SELECT id FROM sbtest1 WHERE id BETWEEN 5007354 AND 5007454
	Index Only Scan using sbtest1_pkey on sbtest1  (cost=0.43..6.74 rows=115 width=4)
	  Index Cond: ((id >= 5007354) AND (id <= 5007454))

table 2 : explain SELECT id FROM sbtest2 WHERE id BETWEEN 5007354 AND 5007454
	Index Only Scan using sbtest2_pkey on sbtest2  (cost=0.43..6.27 rows=92 width=4)
	  Index Cond: ((id >= 5007354) AND (id <= 5007454))

table 3 : explain SELECT id FROM sbtest3 WHERE id BETWEEN 5007354 AND 5007454
	Index Only Scan using sbtest3_pkey on sbtest3  (cost=0.43..6.69 rows=113 width=4)
	  Index Cond: ((id >= 5007354) AND (id <= 5007454))

table 4 : explain SELECT id FROM sbtest4 WHERE id BETWEEN 5007354 AND 5007454
	Index Only Scan using sbtest4_pkey on sbtest4  (cost=0.43..6.59 rows=108 width=4)
	  Index Cond: ((id >= 5007354) AND (id <= 5007454))

table 5 : explain SELECT id FROM sbtest5 WHERE id BETWEEN 5007354 AND 5007454
	Index Only Scan using sbtest5_pkey on sbtest5  (cost=0.43..6.50 rows=103 width=4)
	  Index Cond: ((id >= 5007354) AND (id <= 5007454))

table 6 : explain SELECT id FROM sbtest6 WHERE id BETWEEN 5007354 AND 5007454
	Index Only Scan using sbtest6_pkey on sbtest6  (cost=0.43..6.61 rows=109 width=4)
	  Index Cond: ((id >= 5007354) AND (id <= 5007454))

table 7 : explain SELECT id FROM sbtest7 WHERE id BETWEEN 5007354 AND 5007454
	Index Only Scan using sbtest7_pkey on sbtest7  (cost=0.43..6.37 rows=97 width=4)
	  Index Cond: ((id >= 5007354) AND (id <= 5007454))

table 8 : explain SELECT id FROM sbtest8 WHERE id BETWEEN 5007354 AND 5007454
	Index Only Scan using sbtest8_pkey on sbtest8  (cost=0.43..6.35 rows=96 width=4)
	  Index Cond: ((id >= 5007354) AND (id <= 5007454))

explain: for range-covered :: explain SELECT id FROM sbtest%d WHERE id BETWEEN 5007354 AND 5007454
explain: for range-covered :: explain SELECT id FROM sbtest%d WHERE id BETWEEN 6281070 AND 6281170
for range-covered
table 1 : explain SELECT id FROM sbtest1 WHERE id BETWEEN 2263635 AND 2263735
	Index Only Scan using sbtest1_pkey on sbtest1  (cost=0.43..6.40 rows=98 width=4)
	  Index Cond: ((id >= 2263635) AND (id <= 2263735))

table 2 : explain SELECT id FROM sbtest2 WHERE id BETWEEN 2263635 AND 2263735
	Index Only Scan using sbtest2_pkey on sbtest2  (cost=0.43..6.72 rows=114 width=4)
	  Index Cond: ((id >= 2263635) AND (id <= 2263735))

table 3 : explain SELECT id FROM sbtest3 WHERE id BETWEEN 2263635 AND 2263735
	Index Only Scan using sbtest3_pkey on sbtest3  (cost=0.43..6.35 rows=96 width=4)
	  Index Cond: ((id >= 2263635) AND (id <= 2263735))

table 4 : explain SELECT id FROM sbtest4 WHERE id BETWEEN 2263635 AND 2263735
	Index Only Scan using sbtest4_pkey on sbtest4  (cost=0.43..6.29 rows=93 width=4)
	  Index Cond: ((id >= 2263635) AND (id <= 2263735))

table 5 : explain SELECT id FROM sbtest5 WHERE id BETWEEN 2263635 AND 2263735
	Index Only Scan using sbtest5_pkey on sbtest5  (cost=0.43..6.40 rows=98 width=4)
	  Index Cond: ((id >= 2263635) AND (id <= 2263735))

table 6 : explain SELECT id FROM sbtest6 WHERE id BETWEEN 2263635 AND 2263735
	Index Only Scan using sbtest6_pkey on sbtest6  (cost=0.43..6.47 rows=102 width=4)
	  Index Cond: ((id >= 2263635) AND (id <= 2263735))

table 7 : explain SELECT id FROM sbtest7 WHERE id BETWEEN 2263635 AND 2263735
	Index Only Scan using sbtest7_pkey on sbtest7  (cost=0.43..6.42 rows=99 width=4)
	  Index Cond: ((id >= 2263635) AND (id <= 2263735))

table 8 : explain SELECT id FROM sbtest8 WHERE id BETWEEN 2263635 AND 2263735
	Index Only Scan using sbtest8_pkey on sbtest8  (cost=0.43..6.53 rows=105 width=4)
	  Index Cond: ((id >= 2263635) AND (id <= 2263735))

explain: for range-covered :: explain SELECT id FROM sbtest%d WHERE id BETWEEN 2263635 AND 2263735
explain: for range-covered :: explain SELECT id FROM sbtest%d WHERE id BETWEEN 6866655 AND 6866755
for range-covered
table 1 : explain SELECT id FROM sbtest1 WHERE id BETWEEN 5007354 AND 5007454
	Index Only Scan using sbtest1_pkey on sbtest1  (cost=0.43..6.74 rows=115 width=4)
	  Index Cond: ((id >= 5007354) AND (id <= 5007454))

table 2 : explain SELECT id FROM sbtest2 WHERE id BETWEEN 5007354 AND 5007454
	Index Only Scan using sbtest2_pkey on sbtest2  (cost=0.43..6.27 rows=92 width=4)
	  Index Cond: ((id >= 5007354) AND (id <= 5007454))

table 3 : explain SELECT id FROM sbtest3 WHERE id BETWEEN 5007354 AND 5007454
	Index Only Scan using sbtest3_pkey on sbtest3  (cost=0.43..6.69 rows=113 width=4)
	  Index Cond: ((id >= 5007354) AND (id <= 5007454))

table 4 : explain SELECT id FROM sbtest4 WHERE id BETWEEN 5007354 AND 5007454
	Index Only Scan using sbtest4_pkey on sbtest4  (cost=0.43..6.59 rows=108 width=4)
	  Index Cond: ((id >= 5007354) AND (id <= 5007454))

table 5 : explain SELECT id FROM sbtest5 WHERE id BETWEEN 5007354 AND 5007454
	Index Only Scan using sbtest5_pkey on sbtest5  (cost=0.43..6.50 rows=103 width=4)
	  Index Cond: ((id >= 5007354) AND (id <= 5007454))

table 6 : explain SELECT id FROM sbtest6 WHERE id BETWEEN 5007354 AND 5007454
	Index Only Scan using sbtest6_pkey on sbtest6  (cost=0.43..6.61 rows=109 width=4)
	  Index Cond: ((id >= 5007354) AND (id <= 5007454))

table 7 : explain SELECT id FROM sbtest7 WHERE id BETWEEN 5007354 AND 5007454
	Index Only Scan using sbtest7_pkey on sbtest7  (cost=0.43..6.37 rows=97 width=4)
	  Index Cond: ((id >= 5007354) AND (id <= 5007454))

table 8 : explain SELECT id FROM sbtest8 WHERE id BETWEEN 5007354 AND 5007454
	Index Only Scan using sbtest8_pkey on sbtest8  (cost=0.43..6.35 rows=96 width=4)
	  Index Cond: ((id >= 5007354) AND (id <= 5007454))

explain: for range-covered :: explain SELECT id FROM sbtest%d WHERE id BETWEEN 5007354 AND 5007454
for range-covered
table 1 : explain SELECT id FROM sbtest1 WHERE id BETWEEN 1617391 AND 1617491
	Index Only Scan using sbtest1_pkey on sbtest1  (cost=0.43..6.25 rows=91 width=4)
	  Index Cond: ((id >= 1617391) AND (id <= 1617491))

table 2 : explain SELECT id FROM sbtest2 WHERE id BETWEEN 1617391 AND 1617491
	Index Only Scan using sbtest2_pkey on sbtest2  (cost=0.43..6.42 rows=99 width=4)
	  Index Cond: ((id >= 1617391) AND (id <= 1617491))

table 3 : explain SELECT id FROM sbtest3 WHERE id BETWEEN 1617391 AND 1617491
	Index Only Scan using sbtest3_pkey on sbtest3  (cost=0.43..6.53 rows=105 width=4)
	  Index Cond: ((id >= 1617391) AND (id <= 1617491))

table 4 : explain SELECT id FROM sbtest4 WHERE id BETWEEN 1617391 AND 1617491
	Index Only Scan using sbtest4_pkey on sbtest4  (cost=0.43..6.35 rows=96 width=4)
	  Index Cond: ((id >= 1617391) AND (id <= 1617491))

table 5 : explain SELECT id FROM sbtest5 WHERE id BETWEEN 1617391 AND 1617491
	Index Only Scan using sbtest5_pkey on sbtest5  (cost=0.43..6.50 rows=103 width=4)
	  Index Cond: ((id >= 1617391) AND (id <= 1617491))

table 6 : explain SELECT id FROM sbtest6 WHERE id BETWEEN 1617391 AND 1617491
	Index Only Scan using sbtest6_pkey on sbtest6  (cost=0.43..6.35 rows=96 width=4)
	  Index Cond: ((id >= 1617391) AND (id <= 1617491))

table 7 : explain SELECT id FROM sbtest7 WHERE id BETWEEN 1617391 AND 1617491
	Index Only Scan using sbtest7_pkey on sbtest7  (cost=0.43..6.51 rows=104 width=4)
	  Index Cond: ((id >= 1617391) AND (id <= 1617491))

table 8 : explain SELECT id FROM sbtest8 WHERE id BETWEEN 1617391 AND 1617491
	Index Only Scan using sbtest8_pkey on sbtest8  (cost=0.43..6.37 rows=97 width=4)
	  Index Cond: ((id >= 1617391) AND (id <= 1617491))

explain: for range-covered :: explain SELECT id FROM sbtest%d WHERE id BETWEEN 1617391 AND 1617491
for range-covered
table 1 : explain SELECT id FROM sbtest1 WHERE id BETWEEN 5698967 AND 5699067
	Index Only Scan using sbtest1_pkey on sbtest1  (cost=0.43..6.35 rows=96 width=4)
	  Index Cond: ((id >= 5698967) AND (id <= 5699067))

table 2 : explain SELECT id FROM sbtest2 WHERE id BETWEEN 5698967 AND 5699067
	Index Only Scan using sbtest2_pkey on sbtest2  (cost=0.43..6.37 rows=97 width=4)
	  Index Cond: ((id >= 5698967) AND (id <= 5699067))

table 3 : explain SELECT id FROM sbtest3 WHERE id BETWEEN 5698967 AND 5699067
	Index Only Scan using sbtest3_pkey on sbtest3  (cost=0.43..6.27 rows=92 width=4)
	  Index Cond: ((id >= 5698967) AND (id <= 5699067))

table 4 : explain SELECT id FROM sbtest4 WHERE id BETWEEN 5698967 AND 5699067
	Index Only Scan using sbtest4_pkey on sbtest4  (cost=0.43..6.35 rows=96 width=4)
	  Index Cond: ((id >= 5698967) AND (id <= 5699067))

table 5 : explain SELECT id FROM sbtest5 WHERE id BETWEEN 5698967 AND 5699067
	Index Only Scan using sbtest5_pkey on sbtest5  (cost=0.43..6.32 rows=94 width=4)
	  Index Cond: ((id >= 5698967) AND (id <= 5699067))

table 6 : explain SELECT id FROM sbtest6 WHERE id BETWEEN 5698967 AND 5699067
	Index Only Scan using sbtest6_pkey on sbtest6  (cost=0.43..6.67 rows=112 width=4)
	  Index Cond: ((id >= 5698967) AND (id <= 5699067))

table 7 : explain SELECT id FROM sbtest7 WHERE id BETWEEN 5698967 AND 5699067
	Index Only Scan using sbtest7_pkey on sbtest7  (cost=0.43..6.40 rows=98 width=4)
	  Index Cond: ((id >= 5698967) AND (id <= 5699067))

table 8 : explain SELECT id FROM sbtest8 WHERE id BETWEEN 5698967 AND 5699067
	Index Only Scan using sbtest8_pkey on sbtest8  (cost=0.43..6.66 rows=111 width=4)
	  Index Cond: ((id >= 5698967) AND (id <= 5699067))

for range-covered
table 1 : explain SELECT id FROM sbtest1 WHERE id BETWEEN 5009677 AND 5009777
	Index Only Scan using sbtest1_pkey on sbtest1  (cost=0.43..6.74 rows=115 width=4)
	  Index Cond: ((id >= 5009677) AND (id <= 5009777))

table 2 : explain SELECT id FROM sbtest2 WHERE id BETWEEN 5009677 AND 5009777
	Index Only Scan using sbtest2_pkey on sbtest2  (cost=0.43..6.27 rows=92 width=4)
	  Index Cond: ((id >= 5009677) AND (id <= 5009777))

table 3 : explain SELECT id FROM sbtest3 WHERE id BETWEEN 5009677 AND 5009777
	Index Only Scan using sbtest3_pkey on sbtest3  (cost=0.43..6.69 rows=113 width=4)
	  Index Cond: ((id >= 5009677) AND (id <= 5009777))

table 4 : explain SELECT id FROM sbtest4 WHERE id BETWEEN 5009677 AND 5009777
	Index Only Scan using sbtest4_pkey on sbtest4  (cost=0.43..6.59 rows=108 width=4)
	  Index Cond: ((id >= 5009677) AND (id <= 5009777))

table 5 : explain SELECT id FROM sbtest5 WHERE id BETWEEN 5009677 AND 5009777
	Index Only Scan using sbtest5_pkey on sbtest5  (cost=0.43..6.50 rows=103 width=4)
	  Index Cond: ((id >= 5009677) AND (id <= 5009777))

table 6 : explain SELECT id FROM sbtest6 WHERE id BETWEEN 5009677 AND 5009777
	Index Only Scan using sbtest6_pkey on sbtest6  (cost=0.43..6.61 rows=109 width=4)
	  Index Cond: ((id >= 5009677) AND (id <= 5009777))

table 7 : explain SELECT id FROM sbtest7 WHERE id BETWEEN 5009677 AND 5009777
	Index Only Scan using sbtest7_pkey on sbtest7  (cost=0.43..6.37 rows=97 width=4)
	  Index Cond: ((id >= 5009677) AND (id <= 5009777))

table 8 : explain SELECT id FROM sbtest8 WHERE id BETWEEN 5009677 AND 5009777
	Index Only Scan using sbtest8_pkey on sbtest8  (cost=0.43..6.35 rows=96 width=4)
	  Index Cond: ((id >= 5009677) AND (id <= 5009777))

explain: for range-covered :: explain SELECT id FROM sbtest%d WHERE id BETWEEN 5698967 AND 5699067
explain: for range-covered :: explain SELECT id FROM sbtest%d WHERE id BETWEEN 5009677 AND 5009777
for range-covered
table 1 : explain SELECT id FROM sbtest1 WHERE id BETWEEN 1617391 AND 1617491
	Index Only Scan using sbtest1_pkey on sbtest1  (cost=0.43..6.25 rows=91 width=4)
	  Index Cond: ((id >= 1617391) AND (id <= 1617491))

table 2 : explain SELECT id FROM sbtest2 WHERE id BETWEEN 1617391 AND 1617491
	Index Only Scan using sbtest2_pkey on sbtest2  (cost=0.43..6.42 rows=99 width=4)
	  Index Cond: ((id >= 1617391) AND (id <= 1617491))

table 3 : explain SELECT id FROM sbtest3 WHERE id BETWEEN 1617391 AND 1617491
	Index Only Scan using sbtest3_pkey on sbtest3  (cost=0.43..6.53 rows=105 width=4)
	  Index Cond: ((id >= 1617391) AND (id <= 1617491))

table 4 : explain SELECT id FROM sbtest4 WHERE id BETWEEN 1617391 AND 1617491
	Index Only Scan using sbtest4_pkey on sbtest4  (cost=0.43..6.35 rows=96 width=4)
	  Index Cond: ((id >= 1617391) AND (id <= 1617491))

table 5 : explain SELECT id FROM sbtest5 WHERE id BETWEEN 1617391 AND 1617491
	Index Only Scan using sbtest5_pkey on sbtest5  (cost=0.43..6.50 rows=103 width=4)
	  Index Cond: ((id >= 1617391) AND (id <= 1617491))

table 6 : explain SELECT id FROM sbtest6 WHERE id BETWEEN 1617391 AND 1617491
	Index Only Scan using sbtest6_pkey on sbtest6  (cost=0.43..6.35 rows=96 width=4)
	  Index Cond: ((id >= 1617391) AND (id <= 1617491))

table 7 : explain SELECT id FROM sbtest7 WHERE id BETWEEN 1617391 AND 1617491
	Index Only Scan using sbtest7_pkey on sbtest7  (cost=0.43..6.51 rows=104 width=4)
	  Index Cond: ((id >= 1617391) AND (id <= 1617491))

table 8 : explain SELECT id FROM sbtest8 WHERE id BETWEEN 1617391 AND 1617491
	Index Only Scan using sbtest8_pkey on sbtest8  (cost=0.43..6.37 rows=97 width=4)
	  Index Cond: ((id >= 1617391) AND (id <= 1617491))

explain: for range-covered :: explain SELECT id FROM sbtest%d WHERE id BETWEEN 1617391 AND 1617491
for range-covered
table 1 : explain SELECT id FROM sbtest1 WHERE id BETWEEN 5007354 AND 5007454
	Index Only Scan using sbtest1_pkey on sbtest1  (cost=0.43..6.74 rows=115 width=4)
	  Index Cond: ((id >= 5007354) AND (id <= 5007454))

table 2 : explain SELECT id FROM sbtest2 WHERE id BETWEEN 5007354 AND 5007454
	Index Only Scan using sbtest2_pkey on sbtest2  (cost=0.43..6.27 rows=92 width=4)
	  Index Cond: ((id >= 5007354) AND (id <= 5007454))

table 3 : explain SELECT id FROM sbtest3 WHERE id BETWEEN 5007354 AND 5007454
	Index Only Scan using sbtest3_pkey on sbtest3  (cost=0.43..6.69 rows=113 width=4)
	  Index Cond: ((id >= 5007354) AND (id <= 5007454))

table 4 : explain SELECT id FROM sbtest4 WHERE id BETWEEN 5007354 AND 5007454
	Index Only Scan using sbtest4_pkey on sbtest4  (cost=0.43..6.59 rows=108 width=4)
	  Index Cond: ((id >= 5007354) AND (id <= 5007454))

table 5 : explain SELECT id FROM sbtest5 WHERE id BETWEEN 5007354 AND 5007454
	Index Only Scan using sbtest5_pkey on sbtest5  (cost=0.43..6.50 rows=103 width=4)
	  Index Cond: ((id >= 5007354) AND (id <= 5007454))

table 6 : explain SELECT id FROM sbtest6 WHERE id BETWEEN 5007354 AND 5007454
	Index Only Scan using sbtest6_pkey on sbtest6  (cost=0.43..6.61 rows=109 width=4)
	  Index Cond: ((id >= 5007354) AND (id <= 5007454))

table 7 : explain SELECT id FROM sbtest7 WHERE id BETWEEN 5007354 AND 5007454
	Index Only Scan using sbtest7_pkey on sbtest7  (cost=0.43..6.37 rows=97 width=4)
	  Index Cond: ((id >= 5007354) AND (id <= 5007454))

table 8 : explain SELECT id FROM sbtest8 WHERE id BETWEEN 5007354 AND 5007454
	Index Only Scan using sbtest8_pkey on sbtest8  (cost=0.43..6.35 rows=96 width=4)
	  Index Cond: ((id >= 5007354) AND (id <= 5007454))

explain: for range-covered :: explain SELECT id FROM sbtest%d WHERE id BETWEEN 2939171 AND 2939271
for range-covered
table 1 : explain SELECT id FROM sbtest1 WHERE id BETWEEN 6281070 AND 6281170
	Index Only Scan using sbtest1_pkey on sbtest1  (cost=0.43..6.35 rows=96 width=4)
	  Index Cond: ((id >= 6281070) AND (id <= 6281170))

table 2 : explain SELECT id FROM sbtest2 WHERE id BETWEEN 6281070 AND 6281170
	Index Only Scan using sbtest2_pkey on sbtest2  (cost=0.43..6.37 rows=97 width=4)
	  Index Cond: ((id >= 6281070) AND (id <= 6281170))

table 3 : explain SELECT id FROM sbtest3 WHERE id BETWEEN 6281070 AND 6281170
	Index Only Scan using sbtest3_pkey on sbtest3  (cost=0.43..6.43 rows=100 width=4)
	  Index Cond: ((id >= 6281070) AND (id <= 6281170))

table 4 : explain SELECT id FROM sbtest4 WHERE id BETWEEN 6281070 AND 6281170
	Index Only Scan using sbtest4_pkey on sbtest4  (cost=0.43..6.27 rows=92 width=4)
	  Index Cond: ((id >= 6281070) AND (id <= 6281170))

table 5 : explain SELECT id FROM sbtest5 WHERE id BETWEEN 6281070 AND 6281170
	Index Only Scan using sbtest5_pkey on sbtest5  (cost=0.43..6.43 rows=100 width=4)
	  Index Cond: ((id >= 6281070) AND (id <= 6281170))

table 6 : explain SELECT id FROM sbtest6 WHERE id BETWEEN 6281070 AND 6281170
	Index Only Scan using sbtest6_pkey on sbtest6  (cost=0.43..6.53 rows=105 width=4)
	  Index Cond: ((id >= 6281070) AND (id <= 6281170))

table 7 : explain SELECT id FROM sbtest7 WHERE id BETWEEN 6281070 AND 6281170
	Index Only Scan using sbtest7_pkey on sbtest7  (cost=0.43..6.47 rows=102 width=4)
	  Index Cond: ((id >= 6281070) AND (id <= 6281170))

table 8 : explain SELECT id FROM sbtest8 WHERE id BETWEEN 6281070 AND 6281170
	Index Only Scan using sbtest8_pkey on sbtest8  (cost=0.43..6.40 rows=98 width=4)
	  Index Cond: ((id >= 6281070) AND (id <= 6281170))

for range-covered
table 1 : explain SELECT id FROM sbtest1 WHERE id BETWEEN 5698967 AND 5699067
	Index Only Scan using sbtest1_pkey on sbtest1  (cost=0.43..6.35 rows=96 width=4)
	  Index Cond: ((id >= 5698967) AND (id <= 5699067))

table 2 : explain SELECT id FROM sbtest2 WHERE id BETWEEN 5698967 AND 5699067
	Index Only Scan using sbtest2_pkey on sbtest2  (cost=0.43..6.37 rows=97 width=4)
	  Index Cond: ((id >= 5698967) AND (id <= 5699067))

table 3 : explain SELECT id FROM sbtest3 WHERE id BETWEEN 5698967 AND 5699067
	Index Only Scan using sbtest3_pkey on sbtest3  (cost=0.43..6.27 rows=92 width=4)
	  Index Cond: ((id >= 5698967) AND (id <= 5699067))

table 4 : explain SELECT id FROM sbtest4 WHERE id BETWEEN 5698967 AND 5699067
	Index Only Scan using sbtest4_pkey on sbtest4  (cost=0.43..6.35 rows=96 width=4)
	  Index Cond: ((id >= 5698967) AND (id <= 5699067))

table 5 : explain SELECT id FROM sbtest5 WHERE id BETWEEN 5698967 AND 5699067
	Index Only Scan using sbtest5_pkey on sbtest5  (cost=0.43..6.32 rows=94 width=4)
	  Index Cond: ((id >= 5698967) AND (id <= 5699067))

table 6 : explain SELECT id FROM sbtest6 WHERE id BETWEEN 5698967 AND 5699067
	Index Only Scan using sbtest6_pkey on sbtest6  (cost=0.43..6.67 rows=112 width=4)
	  Index Cond: ((id >= 5698967) AND (id <= 5699067))

table 7 : explain SELECT id FROM sbtest7 WHERE id BETWEEN 5698967 AND 5699067
	Index Only Scan using sbtest7_pkey on sbtest7  (cost=0.43..6.40 rows=98 width=4)
	  Index Cond: ((id >= 5698967) AND (id <= 5699067))

table 8 : explain SELECT id FROM sbtest8 WHERE id BETWEEN 5698967 AND 5699067
	Index Only Scan using sbtest8_pkey on sbtest8  (cost=0.43..6.66 rows=111 width=4)
	  Index Cond: ((id >= 5698967) AND (id <= 5699067))

explain: for range-covered :: explain SELECT id FROM sbtest%d WHERE id BETWEEN 6281070 AND 6281170
explain: for range-covered :: explain SELECT id FROM sbtest%d WHERE id BETWEEN 5698967 AND 5699067
for range-covered
table 1 : explain SELECT id FROM sbtest1 WHERE id BETWEEN 5009677 AND 5009777
	Index Only Scan using sbtest1_pkey on sbtest1  (cost=0.43..6.74 rows=115 width=4)
	  Index Cond: ((id >= 5009677) AND (id <= 5009777))

table 2 : explain SELECT id FROM sbtest2 WHERE id BETWEEN 5009677 AND 5009777
	Index Only Scan using sbtest2_pkey on sbtest2  (cost=0.43..6.27 rows=92 width=4)
	  Index Cond: ((id >= 5009677) AND (id <= 5009777))

table 3 : explain SELECT id FROM sbtest3 WHERE id BETWEEN 5009677 AND 5009777
	Index Only Scan using sbtest3_pkey on sbtest3  (cost=0.43..6.69 rows=113 width=4)
	  Index Cond: ((id >= 5009677) AND (id <= 5009777))

table 4 : explain SELECT id FROM sbtest4 WHERE id BETWEEN 5009677 AND 5009777
	Index Only Scan using sbtest4_pkey on sbtest4  (cost=0.43..6.59 rows=108 width=4)
	  Index Cond: ((id >= 5009677) AND (id <= 5009777))

table 5 : explain SELECT id FROM sbtest5 WHERE id BETWEEN 5009677 AND 5009777
	Index Only Scan using sbtest5_pkey on sbtest5  (cost=0.43..6.50 rows=103 width=4)
	  Index Cond: ((id >= 5009677) AND (id <= 5009777))

table 6 : explain SELECT id FROM sbtest6 WHERE id BETWEEN 5009677 AND 5009777
	Index Only Scan using sbtest6_pkey on sbtest6  (cost=0.43..6.61 rows=109 width=4)
	  Index Cond: ((id >= 5009677) AND (id <= 5009777))

table 7 : explain SELECT id FROM sbtest7 WHERE id BETWEEN 5009677 AND 5009777
	Index Only Scan using sbtest7_pkey on sbtest7  (cost=0.43..6.37 rows=97 width=4)
	  Index Cond: ((id >= 5009677) AND (id <= 5009777))

table 8 : explain SELECT id FROM sbtest8 WHERE id BETWEEN 5009677 AND 5009777
	Index Only Scan using sbtest8_pkey on sbtest8  (cost=0.43..6.35 rows=96 width=4)
	  Index Cond: ((id >= 5009677) AND (id <= 5009777))

for range-covered
table 1 : explain SELECT id FROM sbtest1 WHERE id BETWEEN 1617391 AND 1617491
	Index Only Scan using sbtest1_pkey on sbtest1  (cost=0.43..6.25 rows=91 width=4)
	  Index Cond: ((id >= 1617391) AND (id <= 1617491))

table 2 : explain SELECT id FROM sbtest2 WHERE id BETWEEN 1617391 AND 1617491
	Index Only Scan using sbtest2_pkey on sbtest2  (cost=0.43..6.42 rows=99 width=4)
	  Index Cond: ((id >= 1617391) AND (id <= 1617491))

table 3 : explain SELECT id FROM sbtest3 WHERE id BETWEEN 1617391 AND 1617491
	Index Only Scan using sbtest3_pkey on sbtest3  (cost=0.43..6.53 rows=105 width=4)
	  Index Cond: ((id >= 1617391) AND (id <= 1617491))

table 4 : explain SELECT id FROM sbtest4 WHERE id BETWEEN 1617391 AND 1617491
	Index Only Scan using sbtest4_pkey on sbtest4  (cost=0.43..6.35 rows=96 width=4)
	  Index Cond: ((id >= 1617391) AND (id <= 1617491))

table 5 : explain SELECT id FROM sbtest5 WHERE id BETWEEN 1617391 AND 1617491
	Index Only Scan using sbtest5_pkey on sbtest5  (cost=0.43..6.50 rows=103 width=4)
	  Index Cond: ((id >= 1617391) AND (id <= 1617491))

table 6 : explain SELECT id FROM sbtest6 WHERE id BETWEEN 1617391 AND 1617491
	Index Only Scan using sbtest6_pkey on sbtest6  (cost=0.43..6.35 rows=96 width=4)
	  Index Cond: ((id >= 1617391) AND (id <= 1617491))

table 7 : explain SELECT id FROM sbtest7 WHERE id BETWEEN 1617391 AND 1617491
	Index Only Scan using sbtest7_pkey on sbtest7  (cost=0.43..6.51 rows=104 width=4)
	  Index Cond: ((id >= 1617391) AND (id <= 1617491))

table 8 : explain SELECT id FROM sbtest8 WHERE id BETWEEN 1617391 AND 1617491
	Index Only Scan using sbtest8_pkey on sbtest8  (cost=0.43..6.37 rows=97 width=4)
	  Index Cond: ((id >= 1617391) AND (id <= 1617491))

explain: for range-covered :: explain SELECT id FROM sbtest%d WHERE id BETWEEN 5009677 AND 5009777
explain: for range-covered :: explain SELECT id FROM sbtest%d WHERE id BETWEEN 1617391 AND 1617491
for range-covered
table 1 : explain SELECT id FROM sbtest1 WHERE id BETWEEN 6281070 AND 6281170
	Index Only Scan using sbtest1_pkey on sbtest1  (cost=0.43..6.35 rows=96 width=4)
	  Index Cond: ((id >= 6281070) AND (id <= 6281170))

table 2 : explain SELECT id FROM sbtest2 WHERE id BETWEEN 6281070 AND 6281170
	Index Only Scan using sbtest2_pkey on sbtest2  (cost=0.43..6.37 rows=97 width=4)
	  Index Cond: ((id >= 6281070) AND (id <= 6281170))

table 3 : explain SELECT id FROM sbtest3 WHERE id BETWEEN 6281070 AND 6281170
	Index Only Scan using sbtest3_pkey on sbtest3  (cost=0.43..6.43 rows=100 width=4)
	  Index Cond: ((id >= 6281070) AND (id <= 6281170))

table 4 : explain SELECT id FROM sbtest4 WHERE id BETWEEN 6281070 AND 6281170
	Index Only Scan using sbtest4_pkey on sbtest4  (cost=0.43..6.27 rows=92 width=4)
	  Index Cond: ((id >= 6281070) AND (id <= 6281170))

table 5 : explain SELECT id FROM sbtest5 WHERE id BETWEEN 6281070 AND 6281170
	Index Only Scan using sbtest5_pkey on sbtest5  (cost=0.43..6.43 rows=100 width=4)
	  Index Cond: ((id >= 6281070) AND (id <= 6281170))

table 6 : explain SELECT id FROM sbtest6 WHERE id BETWEEN 6281070 AND 6281170
	Index Only Scan using sbtest6_pkey on sbtest6  (cost=0.43..6.53 rows=105 width=4)
	  Index Cond: ((id >= 6281070) AND (id <= 6281170))

table 7 : explain SELECT id FROM sbtest7 WHERE id BETWEEN 6281070 AND 6281170
	Index Only Scan using sbtest7_pkey on sbtest7  (cost=0.43..6.47 rows=102 width=4)
	  Index Cond: ((id >= 6281070) AND (id <= 6281170))

table 8 : explain SELECT id FROM sbtest8 WHERE id BETWEEN 6281070 AND 6281170
	Index Only Scan using sbtest8_pkey on sbtest8  (cost=0.43..6.40 rows=98 width=4)
	  Index Cond: ((id >= 6281070) AND (id <= 6281170))

explain: for range-covered :: explain SELECT id FROM sbtest%d WHERE id BETWEEN 6281070 AND 6281170
explain: for range-covered :: explain SELECT id FROM sbtest%d WHERE id BETWEEN 4158370 AND 4158470
explain: for range-covered :: explain SELECT id FROM sbtest%d WHERE id BETWEEN 5883207 AND 5883307
for range-covered
table 1 : explain SELECT id FROM sbtest1 WHERE id BETWEEN 5009677 AND 5009777
	Index Only Scan using sbtest1_pkey on sbtest1  (cost=0.43..6.74 rows=115 width=4)
	  Index Cond: ((id >= 5009677) AND (id <= 5009777))

table 2 : explain SELECT id FROM sbtest2 WHERE id BETWEEN 5009677 AND 5009777
	Index Only Scan using sbtest2_pkey on sbtest2  (cost=0.43..6.27 rows=92 width=4)
	  Index Cond: ((id >= 5009677) AND (id <= 5009777))

table 3 : explain SELECT id FROM sbtest3 WHERE id BETWEEN 5009677 AND 5009777
	Index Only Scan using sbtest3_pkey on sbtest3  (cost=0.43..6.69 rows=113 width=4)
	  Index Cond: ((id >= 5009677) AND (id <= 5009777))

table 4 : explain SELECT id FROM sbtest4 WHERE id BETWEEN 5009677 AND 5009777
	Index Only Scan using sbtest4_pkey on sbtest4  (cost=0.43..6.59 rows=108 width=4)
	  Index Cond: ((id >= 5009677) AND (id <= 5009777))

table 5 : explain SELECT id FROM sbtest5 WHERE id BETWEEN 5009677 AND 5009777
	Index Only Scan using sbtest5_pkey on sbtest5  (cost=0.43..6.50 rows=103 width=4)
	  Index Cond: ((id >= 5009677) AND (id <= 5009777))

table 6 : explain SELECT id FROM sbtest6 WHERE id BETWEEN 5009677 AND 5009777
	Index Only Scan using sbtest6_pkey on sbtest6  (cost=0.43..6.61 rows=109 width=4)
	  Index Cond: ((id >= 5009677) AND (id <= 5009777))

table 7 : explain SELECT id FROM sbtest7 WHERE id BETWEEN 5009677 AND 5009777
	Index Only Scan using sbtest7_pkey on sbtest7  (cost=0.43..6.37 rows=97 width=4)
	  Index Cond: ((id >= 5009677) AND (id <= 5009777))

table 8 : explain SELECT id FROM sbtest8 WHERE id BETWEEN 5009677 AND 5009777
	Index Only Scan using sbtest8_pkey on sbtest8  (cost=0.43..6.35 rows=96 width=4)
	  Index Cond: ((id >= 5009677) AND (id <= 5009777))

explain: for range-covered :: explain SELECT id FROM sbtest%d WHERE id BETWEEN 5009677 AND 5009777
explain: for range-covered :: explain SELECT id FROM sbtest%d WHERE id BETWEEN 6522583 AND 6522683
for range-covered
table 1 : explain SELECT id FROM sbtest1 WHERE id BETWEEN 1617391 AND 1617491
	Index Only Scan using sbtest1_pkey on sbtest1  (cost=0.43..6.25 rows=91 width=4)
	  Index Cond: ((id >= 1617391) AND (id <= 1617491))

table 2 : explain SELECT id FROM sbtest2 WHERE id BETWEEN 1617391 AND 1617491
	Index Only Scan using sbtest2_pkey on sbtest2  (cost=0.43..6.42 rows=99 width=4)
	  Index Cond: ((id >= 1617391) AND (id <= 1617491))

table 3 : explain SELECT id FROM sbtest3 WHERE id BETWEEN 1617391 AND 1617491
	Index Only Scan using sbtest3_pkey on sbtest3  (cost=0.43..6.53 rows=105 width=4)
	  Index Cond: ((id >= 1617391) AND (id <= 1617491))

table 4 : explain SELECT id FROM sbtest4 WHERE id BETWEEN 1617391 AND 1617491
	Index Only Scan using sbtest4_pkey on sbtest4  (cost=0.43..6.35 rows=96 width=4)
	  Index Cond: ((id >= 1617391) AND (id <= 1617491))

table 5 : explain SELECT id FROM sbtest5 WHERE id BETWEEN 1617391 AND 1617491
	Index Only Scan using sbtest5_pkey on sbtest5  (cost=0.43..6.50 rows=103 width=4)
	  Index Cond: ((id >= 1617391) AND (id <= 1617491))

table 6 : explain SELECT id FROM sbtest6 WHERE id BETWEEN 1617391 AND 1617491
	Index Only Scan using sbtest6_pkey on sbtest6  (cost=0.43..6.35 rows=96 width=4)
	  Index Cond: ((id >= 1617391) AND (id <= 1617491))

table 7 : explain SELECT id FROM sbtest7 WHERE id BETWEEN 1617391 AND 1617491
	Index Only Scan using sbtest7_pkey on sbtest7  (cost=0.43..6.51 rows=104 width=4)
	  Index Cond: ((id >= 1617391) AND (id <= 1617491))

table 8 : explain SELECT id FROM sbtest8 WHERE id BETWEEN 1617391 AND 1617491
	Index Only Scan using sbtest8_pkey on sbtest8  (cost=0.43..6.37 rows=97 width=4)
	  Index Cond: ((id >= 1617391) AND (id <= 1617491))

for range-covered
table 1 : explain SELECT id FROM sbtest1 WHERE id BETWEEN 5009677 AND 5009777
	Index Only Scan using sbtest1_pkey on sbtest1  (cost=0.43..6.74 rows=115 width=4)
	  Index Cond: ((id >= 5009677) AND (id <= 5009777))

table 2 : explain SELECT id FROM sbtest2 WHERE id BETWEEN 5009677 AND 5009777
	Index Only Scan using sbtest2_pkey on sbtest2  (cost=0.43..6.27 rows=92 width=4)
	  Index Cond: ((id >= 5009677) AND (id <= 5009777))

table 3 : explain SELECT id FROM sbtest3 WHERE id BETWEEN 5009677 AND 5009777
	Index Only Scan using sbtest3_pkey on sbtest3  (cost=0.43..6.69 rows=113 width=4)
	  Index Cond: ((id >= 5009677) AND (id <= 5009777))

table 4 : explain SELECT id FROM sbtest4 WHERE id BETWEEN 5009677 AND 5009777
	Index Only Scan using sbtest4_pkey on sbtest4  (cost=0.43..6.59 rows=108 width=4)
	  Index Cond: ((id >= 5009677) AND (id <= 5009777))

table 5 : explain SELECT id FROM sbtest5 WHERE id BETWEEN 5009677 AND 5009777
	Index Only Scan using sbtest5_pkey on sbtest5  (cost=0.43..6.50 rows=103 width=4)
	  Index Cond: ((id >= 5009677) AND (id <= 5009777))

table 6 : explain SELECT id FROM sbtest6 WHERE id BETWEEN 5009677 AND 5009777
	Index Only Scan using sbtest6_pkey on sbtest6  (cost=0.43..6.61 rows=109 width=4)
	  Index Cond: ((id >= 5009677) AND (id <= 5009777))

table 7 : explain SELECT id FROM sbtest7 WHERE id BETWEEN 5009677 AND 5009777
	Index Only Scan using sbtest7_pkey on sbtest7  (cost=0.43..6.37 rows=97 width=4)
	  Index Cond: ((id >= 5009677) AND (id <= 5009777))

table 8 : explain SELECT id FROM sbtest8 WHERE id BETWEEN 5009677 AND 5009777
	Index Only Scan using sbtest8_pkey on sbtest8  (cost=0.43..6.35 rows=96 width=4)
	  Index Cond: ((id >= 5009677) AND (id <= 5009777))

explain: for range-covered :: explain SELECT id FROM sbtest%d WHERE id BETWEEN 1617391 AND 1617491
explain: for range-covered :: explain SELECT id FROM sbtest%d WHERE id BETWEEN 5009677 AND 5009777
for range-covered
table 1 : explain SELECT id FROM sbtest1 WHERE id BETWEEN 5698967 AND 5699067
	Index Only Scan using sbtest1_pkey on sbtest1  (cost=0.43..6.35 rows=96 width=4)
	  Index Cond: ((id >= 5698967) AND (id <= 5699067))

table 2 : explain SELECT id FROM sbtest2 WHERE id BETWEEN 5698967 AND 5699067
	Index Only Scan using sbtest2_pkey on sbtest2  (cost=0.43..6.37 rows=97 width=4)
	  Index Cond: ((id >= 5698967) AND (id <= 5699067))

table 3 : explain SELECT id FROM sbtest3 WHERE id BETWEEN 5698967 AND 5699067
	Index Only Scan using sbtest3_pkey on sbtest3  (cost=0.43..6.27 rows=92 width=4)
	  Index Cond: ((id >= 5698967) AND (id <= 5699067))

table 4 : explain SELECT id FROM sbtest4 WHERE id BETWEEN 5698967 AND 5699067
	Index Only Scan using sbtest4_pkey on sbtest4  (cost=0.43..6.35 rows=96 width=4)
	  Index Cond: ((id >= 5698967) AND (id <= 5699067))

table 5 : explain SELECT id FROM sbtest5 WHERE id BETWEEN 5698967 AND 5699067
	Index Only Scan using sbtest5_pkey on sbtest5  (cost=0.43..6.32 rows=94 width=4)
	  Index Cond: ((id >= 5698967) AND (id <= 5699067))

table 6 : explain SELECT id FROM sbtest6 WHERE id BETWEEN 5698967 AND 5699067
	Index Only Scan using sbtest6_pkey on sbtest6  (cost=0.43..6.67 rows=112 width=4)
	  Index Cond: ((id >= 5698967) AND (id <= 5699067))

table 7 : explain SELECT id FROM sbtest7 WHERE id BETWEEN 5698967 AND 5699067
	Index Only Scan using sbtest7_pkey on sbtest7  (cost=0.43..6.40 rows=98 width=4)
	  Index Cond: ((id >= 5698967) AND (id <= 5699067))

table 8 : explain SELECT id FROM sbtest8 WHERE id BETWEEN 5698967 AND 5699067
	Index Only Scan using sbtest8_pkey on sbtest8  (cost=0.43..6.66 rows=111 width=4)
	  Index Cond: ((id >= 5698967) AND (id <= 5699067))

explain: for range-covered :: explain SELECT id FROM sbtest%d WHERE id BETWEEN 5698967 AND 5699067
for range-covered
table 1 : explain SELECT id FROM sbtest1 WHERE id BETWEEN 2939171 AND 2939271
	Index Only Scan using sbtest1_pkey on sbtest1  (cost=0.43..6.33 rows=95 width=4)
	  Index Cond: ((id >= 2939171) AND (id <= 2939271))

table 2 : explain SELECT id FROM sbtest2 WHERE id BETWEEN 2939171 AND 2939271
	Index Only Scan using sbtest2_pkey on sbtest2  (cost=0.43..6.35 rows=96 width=4)
	  Index Cond: ((id >= 2939171) AND (id <= 2939271))

table 3 : explain SELECT id FROM sbtest3 WHERE id BETWEEN 2939171 AND 2939271
	Index Only Scan using sbtest3_pkey on sbtest3  (cost=0.43..6.40 rows=98 width=4)
	  Index Cond: ((id >= 2939171) AND (id <= 2939271))

table 4 : explain SELECT id FROM sbtest4 WHERE id BETWEEN 2939171 AND 2939271
	Index Only Scan using sbtest4_pkey on sbtest4  (cost=0.43..6.40 rows=98 width=4)
	  Index Cond: ((id >= 2939171) AND (id <= 2939271))

table 5 : explain SELECT id FROM sbtest5 WHERE id BETWEEN 2939171 AND 2939271
	Index Only Scan using sbtest5_pkey on sbtest5  (cost=0.43..6.29 rows=93 width=4)
	  Index Cond: ((id >= 2939171) AND (id <= 2939271))

table 6 : explain SELECT id FROM sbtest6 WHERE id BETWEEN 2939171 AND 2939271
	Index Only Scan using sbtest6_pkey on sbtest6  (cost=0.43..6.51 rows=104 width=4)
	  Index Cond: ((id >= 2939171) AND (id <= 2939271))

table 7 : explain SELECT id FROM sbtest7 WHERE id BETWEEN 2939171 AND 2939271
	Index Only Scan using sbtest7_pkey on sbtest7  (cost=0.43..6.40 rows=98 width=4)
	  Index Cond: ((id >= 2939171) AND (id <= 2939271))

table 8 : explain SELECT id FROM sbtest8 WHERE id BETWEEN 2939171 AND 2939271
	Index Only Scan using sbtest8_pkey on sbtest8  (cost=0.43..6.37 rows=97 width=4)
	  Index Cond: ((id >= 2939171) AND (id <= 2939271))

explain: for range-covered :: explain SELECT id FROM sbtest%d WHERE id BETWEEN 2939171 AND 2939271
for range-covered
table 1 : explain SELECT id FROM sbtest1 WHERE id BETWEEN 6281070 AND 6281170
	Index Only Scan using sbtest1_pkey on sbtest1  (cost=0.43..6.35 rows=96 width=4)
	  Index Cond: ((id >= 6281070) AND (id <= 6281170))

table 2 : explain SELECT id FROM sbtest2 WHERE id BETWEEN 6281070 AND 6281170
	Index Only Scan using sbtest2_pkey on sbtest2  (cost=0.43..6.37 rows=97 width=4)
	  Index Cond: ((id >= 6281070) AND (id <= 6281170))

table 3 : explain SELECT id FROM sbtest3 WHERE id BETWEEN 6281070 AND 6281170
	Index Only Scan using sbtest3_pkey on sbtest3  (cost=0.43..6.43 rows=100 width=4)
	  Index Cond: ((id >= 6281070) AND (id <= 6281170))

table 4 : explain SELECT id FROM sbtest4 WHERE id BETWEEN 6281070 AND 6281170
	Index Only Scan using sbtest4_pkey on sbtest4  (cost=0.43..6.27 rows=92 width=4)
	  Index Cond: ((id >= 6281070) AND (id <= 6281170))

table 5 : explain SELECT id FROM sbtest5 WHERE id BETWEEN 6281070 AND 6281170
	Index Only Scan using sbtest5_pkey on sbtest5  (cost=0.43..6.43 rows=100 width=4)
	  Index Cond: ((id >= 6281070) AND (id <= 6281170))

table 6 : explain SELECT id FROM sbtest6 WHERE id BETWEEN 6281070 AND 6281170
	Index Only Scan using sbtest6_pkey on sbtest6  (cost=0.43..6.53 rows=105 width=4)
	  Index Cond: ((id >= 6281070) AND (id <= 6281170))

table 7 : explain SELECT id FROM sbtest7 WHERE id BETWEEN 6281070 AND 6281170
	Index Only Scan using sbtest7_pkey on sbtest7  (cost=0.43..6.47 rows=102 width=4)
	  Index Cond: ((id >= 6281070) AND (id <= 6281170))

table 8 : explain SELECT id FROM sbtest8 WHERE id BETWEEN 6281070 AND 6281170
	Index Only Scan using sbtest8_pkey on sbtest8  (cost=0.43..6.40 rows=98 width=4)
	  Index Cond: ((id >= 6281070) AND (id <= 6281170))

explain: for range-covered :: explain SELECT id FROM sbtest%d WHERE id BETWEEN 6281070 AND 6281170
for range-covered
table 1 : explain SELECT id FROM sbtest1 WHERE id BETWEEN 5009677 AND 5009777
	Index Only Scan using sbtest1_pkey on sbtest1  (cost=0.43..6.74 rows=115 width=4)
	  Index Cond: ((id >= 5009677) AND (id <= 5009777))

table 2 : explain SELECT id FROM sbtest2 WHERE id BETWEEN 5009677 AND 5009777
	Index Only Scan using sbtest2_pkey on sbtest2  (cost=0.43..6.27 rows=92 width=4)
	  Index Cond: ((id >= 5009677) AND (id <= 5009777))

table 3 : explain SELECT id FROM sbtest3 WHERE id BETWEEN 5009677 AND 5009777
	Index Only Scan using sbtest3_pkey on sbtest3  (cost=0.43..6.69 rows=113 width=4)
	  Index Cond: ((id >= 5009677) AND (id <= 5009777))

table 4 : explain SELECT id FROM sbtest4 WHERE id BETWEEN 5009677 AND 5009777
	Index Only Scan using sbtest4_pkey on sbtest4  (cost=0.43..6.59 rows=108 width=4)
	  Index Cond: ((id >= 5009677) AND (id <= 5009777))

table 5 : explain SELECT id FROM sbtest5 WHERE id BETWEEN 5009677 AND 5009777
	Index Only Scan using sbtest5_pkey on sbtest5  (cost=0.43..6.50 rows=103 width=4)
	  Index Cond: ((id >= 5009677) AND (id <= 5009777))

table 6 : explain SELECT id FROM sbtest6 WHERE id BETWEEN 5009677 AND 5009777
	Index Only Scan using sbtest6_pkey on sbtest6  (cost=0.43..6.61 rows=109 width=4)
	  Index Cond: ((id >= 5009677) AND (id <= 5009777))

table 7 : explain SELECT id FROM sbtest7 WHERE id BETWEEN 5009677 AND 5009777
	Index Only Scan using sbtest7_pkey on sbtest7  (cost=0.43..6.37 rows=97 width=4)
	  Index Cond: ((id >= 5009677) AND (id <= 5009777))

table 8 : explain SELECT id FROM sbtest8 WHERE id BETWEEN 5009677 AND 5009777
	Index Only Scan using sbtest8_pkey on sbtest8  (cost=0.43..6.35 rows=96 width=4)
	  Index Cond: ((id >= 5009677) AND (id <= 5009777))

explain: for range-covered :: explain SELECT id FROM sbtest%d WHERE id BETWEEN 5009677 AND 5009777
for range-covered
table 1 : explain SELECT id FROM sbtest1 WHERE id BETWEEN 5698967 AND 5699067
	Index Only Scan using sbtest1_pkey on sbtest1  (cost=0.43..6.35 rows=96 width=4)
	  Index Cond: ((id >= 5698967) AND (id <= 5699067))

table 2 : explain SELECT id FROM sbtest2 WHERE id BETWEEN 5698967 AND 5699067
	Index Only Scan using sbtest2_pkey on sbtest2  (cost=0.43..6.37 rows=97 width=4)
	  Index Cond: ((id >= 5698967) AND (id <= 5699067))

table 3 : explain SELECT id FROM sbtest3 WHERE id BETWEEN 5698967 AND 5699067
	Index Only Scan using sbtest3_pkey on sbtest3  (cost=0.43..6.27 rows=92 width=4)
	  Index Cond: ((id >= 5698967) AND (id <= 5699067))

table 4 : explain SELECT id FROM sbtest4 WHERE id BETWEEN 5698967 AND 5699067
	Index Only Scan using sbtest4_pkey on sbtest4  (cost=0.43..6.35 rows=96 width=4)
	  Index Cond: ((id >= 5698967) AND (id <= 5699067))

table 5 : explain SELECT id FROM sbtest5 WHERE id BETWEEN 5698967 AND 5699067
	Index Only Scan using sbtest5_pkey on sbtest5  (cost=0.43..6.32 rows=94 width=4)
	  Index Cond: ((id >= 5698967) AND (id <= 5699067))

table 6 : explain SELECT id FROM sbtest6 WHERE id BETWEEN 5698967 AND 5699067
	Index Only Scan using sbtest6_pkey on sbtest6  (cost=0.43..6.67 rows=112 width=4)
	  Index Cond: ((id >= 5698967) AND (id <= 5699067))

table 7 : explain SELECT id FROM sbtest7 WHERE id BETWEEN 5698967 AND 5699067
	Index Only Scan using sbtest7_pkey on sbtest7  (cost=0.43..6.40 rows=98 width=4)
	  Index Cond: ((id >= 5698967) AND (id <= 5699067))

table 8 : explain SELECT id FROM sbtest8 WHERE id BETWEEN 5698967 AND 5699067
	Index Only Scan using sbtest8_pkey on sbtest8  (cost=0.43..6.66 rows=111 width=4)
	  Index Cond: ((id >= 5698967) AND (id <= 5699067))

explain: for range-covered :: explain SELECT id FROM sbtest%d WHERE id BETWEEN 5698967 AND 5699067
explain: for range-covered :: explain SELECT id FROM sbtest%d WHERE id BETWEEN 2154588 AND 2154688
for range-covered
table 1 : explain SELECT id FROM sbtest1 WHERE id BETWEEN 2939171 AND 2939271
	Index Only Scan using sbtest1_pkey on sbtest1  (cost=0.43..6.33 rows=95 width=4)
	  Index Cond: ((id >= 2939171) AND (id <= 2939271))

table 2 : explain SELECT id FROM sbtest2 WHERE id BETWEEN 2939171 AND 2939271
	Index Only Scan using sbtest2_pkey on sbtest2  (cost=0.43..6.35 rows=96 width=4)
	  Index Cond: ((id >= 2939171) AND (id <= 2939271))

table 3 : explain SELECT id FROM sbtest3 WHERE id BETWEEN 2939171 AND 2939271
	Index Only Scan using sbtest3_pkey on sbtest3  (cost=0.43..6.40 rows=98 width=4)
	  Index Cond: ((id >= 2939171) AND (id <= 2939271))

table 4 : explain SELECT id FROM sbtest4 WHERE id BETWEEN 2939171 AND 2939271
	Index Only Scan using sbtest4_pkey on sbtest4  (cost=0.43..6.40 rows=98 width=4)
	  Index Cond: ((id >= 2939171) AND (id <= 2939271))

table 5 : explain SELECT id FROM sbtest5 WHERE id BETWEEN 2939171 AND 2939271
	Index Only Scan using sbtest5_pkey on sbtest5  (cost=0.43..6.29 rows=93 width=4)
	  Index Cond: ((id >= 2939171) AND (id <= 2939271))

table 6 : explain SELECT id FROM sbtest6 WHERE id BETWEEN 2939171 AND 2939271
	Index Only Scan using sbtest6_pkey on sbtest6  (cost=0.43..6.51 rows=104 width=4)
	  Index Cond: ((id >= 2939171) AND (id <= 2939271))

table 7 : explain SELECT id FROM sbtest7 WHERE id BETWEEN 2939171 AND 2939271
	Index Only Scan using sbtest7_pkey on sbtest7  (cost=0.43..6.40 rows=98 width=4)
	  Index Cond: ((id >= 2939171) AND (id <= 2939271))

table 8 : explain SELECT id FROM sbtest8 WHERE id BETWEEN 2939171 AND 2939271
	Index Only Scan using sbtest8_pkey on sbtest8  (cost=0.43..6.37 rows=97 width=4)
	  Index Cond: ((id >= 2939171) AND (id <= 2939271))

explain: for range-covered :: explain SELECT id FROM sbtest%d WHERE id BETWEEN 2939171 AND 2939271
for range-covered
table 1 : explain SELECT id FROM sbtest1 WHERE id BETWEEN 1617391 AND 1617491
	Index Only Scan using sbtest1_pkey on sbtest1  (cost=0.43..6.25 rows=91 width=4)
	  Index Cond: ((id >= 1617391) AND (id <= 1617491))

table 2 : explain SELECT id FROM sbtest2 WHERE id BETWEEN 1617391 AND 1617491
	Index Only Scan using sbtest2_pkey on sbtest2  (cost=0.43..6.42 rows=99 width=4)
	  Index Cond: ((id >= 1617391) AND (id <= 1617491))

table 3 : explain SELECT id FROM sbtest3 WHERE id BETWEEN 1617391 AND 1617491
	Index Only Scan using sbtest3_pkey on sbtest3  (cost=0.43..6.53 rows=105 width=4)
	  Index Cond: ((id >= 1617391) AND (id <= 1617491))

table 4 : explain SELECT id FROM sbtest4 WHERE id BETWEEN 1617391 AND 1617491
	Index Only Scan using sbtest4_pkey on sbtest4  (cost=0.43..6.35 rows=96 width=4)
	  Index Cond: ((id >= 1617391) AND (id <= 1617491))

table 5 : explain SELECT id FROM sbtest5 WHERE id BETWEEN 1617391 AND 1617491
	Index Only Scan using sbtest5_pkey on sbtest5  (cost=0.43..6.50 rows=103 width=4)
	  Index Cond: ((id >= 1617391) AND (id <= 1617491))

table 6 : explain SELECT id FROM sbtest6 WHERE id BETWEEN 1617391 AND 1617491
	Index Only Scan using sbtest6_pkey on sbtest6  (cost=0.43..6.35 rows=96 width=4)
	  Index Cond: ((id >= 1617391) AND (id <= 1617491))

table 7 : explain SELECT id FROM sbtest7 WHERE id BETWEEN 1617391 AND 1617491
	Index Only Scan using sbtest7_pkey on sbtest7  (cost=0.43..6.51 rows=104 width=4)
	  Index Cond: ((id >= 1617391) AND (id <= 1617491))

table 8 : explain SELECT id FROM sbtest8 WHERE id BETWEEN 1617391 AND 1617491
	Index Only Scan using sbtest8_pkey on sbtest8  (cost=0.43..6.37 rows=97 width=4)
	  Index Cond: ((id >= 1617391) AND (id <= 1617491))

explain: for range-covered :: explain SELECT id FROM sbtest%d WHERE id BETWEEN 1617391 AND 1617491
for range-covered
table 1 : explain SELECT id FROM sbtest1 WHERE id BETWEEN 5009677 AND 5009777
	Index Only Scan using sbtest1_pkey on sbtest1  (cost=0.43..6.74 rows=115 width=4)
	  Index Cond: ((id >= 5009677) AND (id <= 5009777))

table 2 : explain SELECT id FROM sbtest2 WHERE id BETWEEN 5009677 AND 5009777
	Index Only Scan using sbtest2_pkey on sbtest2  (cost=0.43..6.27 rows=92 width=4)
	  Index Cond: ((id >= 5009677) AND (id <= 5009777))

table 3 : explain SELECT id FROM sbtest3 WHERE id BETWEEN 5009677 AND 5009777
	Index Only Scan using sbtest3_pkey on sbtest3  (cost=0.43..6.69 rows=113 width=4)
	  Index Cond: ((id >= 5009677) AND (id <= 5009777))

table 4 : explain SELECT id FROM sbtest4 WHERE id BETWEEN 5009677 AND 5009777
	Index Only Scan using sbtest4_pkey on sbtest4  (cost=0.43..6.59 rows=108 width=4)
	  Index Cond: ((id >= 5009677) AND (id <= 5009777))

table 5 : explain SELECT id FROM sbtest5 WHERE id BETWEEN 5009677 AND 5009777
	Index Only Scan using sbtest5_pkey on sbtest5  (cost=0.43..6.50 rows=103 width=4)
	  Index Cond: ((id >= 5009677) AND (id <= 5009777))

table 6 : explain SELECT id FROM sbtest6 WHERE id BETWEEN 5009677 AND 5009777
	Index Only Scan using sbtest6_pkey on sbtest6  (cost=0.43..6.61 rows=109 width=4)
	  Index Cond: ((id >= 5009677) AND (id <= 5009777))

table 7 : explain SELECT id FROM sbtest7 WHERE id BETWEEN 5009677 AND 5009777
	Index Only Scan using sbtest7_pkey on sbtest7  (cost=0.43..6.37 rows=97 width=4)
	  Index Cond: ((id >= 5009677) AND (id <= 5009777))

table 8 : explain SELECT id FROM sbtest8 WHERE id BETWEEN 5009677 AND 5009777
	Index Only Scan using sbtest8_pkey on sbtest8  (cost=0.43..6.35 rows=96 width=4)
	  Index Cond: ((id >= 5009677) AND (id <= 5009777))

explain: for range-covered :: explain SELECT id FROM sbtest%d WHERE id BETWEEN 5009677 AND 5009777
for range-covered
table 1 : explain SELECT id FROM sbtest1 WHERE id BETWEEN 4158370 AND 4158470
	Index Only Scan using sbtest1_pkey on sbtest1  (cost=0.43..6.45 rows=101 width=4)
	  Index Cond: ((id >= 4158370) AND (id <= 4158470))

table 2 : explain SELECT id FROM sbtest2 WHERE id BETWEEN 4158370 AND 4158470
	Index Only Scan using sbtest2_pkey on sbtest2  (cost=0.43..6.37 rows=97 width=4)
	  Index Cond: ((id >= 4158370) AND (id <= 4158470))

table 3 : explain SELECT id FROM sbtest3 WHERE id BETWEEN 4158370 AND 4158470
	Index Only Scan using sbtest3_pkey on sbtest3  (cost=0.43..6.50 rows=103 width=4)
	  Index Cond: ((id >= 4158370) AND (id <= 4158470))

table 4 : explain SELECT id FROM sbtest4 WHERE id BETWEEN 4158370 AND 4158470
	Index Only Scan using sbtest4_pkey on sbtest4  (cost=0.43..6.75 rows=116 width=4)
	  Index Cond: ((id >= 4158370) AND (id <= 4158470))

table 5 : explain SELECT id FROM sbtest5 WHERE id BETWEEN 4158370 AND 4158470
	Index Only Scan using sbtest5_pkey on sbtest5  (cost=0.43..6.45 rows=101 width=4)
	  Index Cond: ((id >= 4158370) AND (id <= 4158470))

table 6 : explain SELECT id FROM sbtest6 WHERE id BETWEEN 4158370 AND 4158470
	Index Only Scan using sbtest6_pkey on sbtest6  (cost=0.43..6.45 rows=101 width=4)
	  Index Cond: ((id >= 4158370) AND (id <= 4158470))

table 7 : explain SELECT id FROM sbtest7 WHERE id BETWEEN 4158370 AND 4158470
	Index Only Scan using sbtest7_pkey on sbtest7  (cost=0.43..6.40 rows=98 width=4)
	  Index Cond: ((id >= 4158370) AND (id <= 4158470))

table 8 : explain SELECT id FROM sbtest8 WHERE id BETWEEN 4158370 AND 4158470
	Index Only Scan using sbtest8_pkey on sbtest8  (cost=0.43..6.53 rows=105 width=4)
	  Index Cond: ((id >= 4158370) AND (id <= 4158470))

for range-covered
table 1 : explain SELECT id FROM sbtest1 WHERE id BETWEEN 5698967 AND 5699067
	Index Only Scan using sbtest1_pkey on sbtest1  (cost=0.43..6.35 rows=96 width=4)
	  Index Cond: ((id >= 5698967) AND (id <= 5699067))

table 2 : explain SELECT id FROM sbtest2 WHERE id BETWEEN 5698967 AND 5699067
	Index Only Scan using sbtest2_pkey on sbtest2  (cost=0.43..6.37 rows=97 width=4)
	  Index Cond: ((id >= 5698967) AND (id <= 5699067))

table 3 : explain SELECT id FROM sbtest3 WHERE id BETWEEN 5698967 AND 5699067
	Index Only Scan using sbtest3_pkey on sbtest3  (cost=0.43..6.27 rows=92 width=4)
	  Index Cond: ((id >= 5698967) AND (id <= 5699067))

table 4 : explain SELECT id FROM sbtest4 WHERE id BETWEEN 5698967 AND 5699067
	Index Only Scan using sbtest4_pkey on sbtest4  (cost=0.43..6.35 rows=96 width=4)
	  Index Cond: ((id >= 5698967) AND (id <= 5699067))

table 5 : explain SELECT id FROM sbtest5 WHERE id BETWEEN 5698967 AND 5699067
	Index Only Scan using sbtest5_pkey on sbtest5  (cost=0.43..6.32 rows=94 width=4)
	  Index Cond: ((id >= 5698967) AND (id <= 5699067))

table 6 : explain SELECT id FROM sbtest6 WHERE id BETWEEN 5698967 AND 5699067
	Index Only Scan using sbtest6_pkey on sbtest6  (cost=0.43..6.67 rows=112 width=4)
	  Index Cond: ((id >= 5698967) AND (id <= 5699067))

table 7 : explain SELECT id FROM sbtest7 WHERE id BETWEEN 5698967 AND 5699067
	Index Only Scan using sbtest7_pkey on sbtest7  (cost=0.43..6.40 rows=98 width=4)
	  Index Cond: ((id >= 5698967) AND (id <= 5699067))

table 8 : explain SELECT id FROM sbtest8 WHERE id BETWEEN 5698967 AND 5699067
	Index Only Scan using sbtest8_pkey on sbtest8  (cost=0.43..6.66 rows=111 width=4)
	  Index Cond: ((id >= 5698967) AND (id <= 5699067))

explain: for range-covered :: explain SELECT id FROM sbtest%d WHERE id BETWEEN 4158370 AND 4158470
for range-covered
table 1 : explain SELECT id FROM sbtest1 WHERE id BETWEEN 5779470 AND 5779570
	Index Only Scan using sbtest1_pkey on sbtest1  (cost=0.43..6.47 rows=102 width=4)
	  Index Cond: ((id >= 5779470) AND (id <= 5779570))

table 2 : explain SELECT id FROM sbtest2 WHERE id BETWEEN 5779470 AND 5779570
	Index Only Scan using sbtest2_pkey on sbtest2  (cost=0.43..6.53 rows=105 width=4)
	  Index Cond: ((id >= 5779470) AND (id <= 5779570))

table 3 : explain SELECT id FROM sbtest3 WHERE id BETWEEN 5779470 AND 5779570
	Index Only Scan using sbtest3_pkey on sbtest3  (cost=0.43..6.27 rows=92 width=4)
	  Index Cond: ((id >= 5779470) AND (id <= 5779570))

table 4 : explain SELECT id FROM sbtest4 WHERE id BETWEEN 5779470 AND 5779570
	Index Only Scan using sbtest4_pkey on sbtest4  (cost=0.43..6.43 rows=100 width=4)
	  Index Cond: ((id >= 5779470) AND (id <= 5779570))

table 5 : explain SELECT id FROM sbtest5 WHERE id BETWEEN 5779470 AND 5779570
	Index Only Scan using sbtest5_pkey on sbtest5  (cost=0.43..6.32 rows=94 width=4)
	  Index Cond: ((id >= 5779470) AND (id <= 5779570))

table 6 : explain SELECT id FROM sbtest6 WHERE id BETWEEN 5779470 AND 5779570
	Index Only Scan using sbtest6_pkey on sbtest6  (cost=0.43..6.66 rows=111 width=4)
	  Index Cond: ((id >= 5779470) AND (id <= 5779570))

table 7 : explain SELECT id FROM sbtest7 WHERE id BETWEEN 5779470 AND 5779570
	Index Only Scan using sbtest7_pkey on sbtest7  (cost=0.43..6.56 rows=106 width=4)
	  Index Cond: ((id >= 5779470) AND (id <= 5779570))

table 8 : explain SELECT id FROM sbtest8 WHERE id BETWEEN 5779470 AND 5779570
	Index Only Scan using sbtest8_pkey on sbtest8  (cost=0.43..6.53 rows=105 width=4)
	  Index Cond: ((id >= 5779470) AND (id <= 5779570))

for range-covered
table 1 : explain SELECT id FROM sbtest1 WHERE id BETWEEN 6281070 AND 6281170
	Index Only Scan using sbtest1_pkey on sbtest1  (cost=0.43..6.35 rows=96 width=4)
	  Index Cond: ((id >= 6281070) AND (id <= 6281170))

table 2 : explain SELECT id FROM sbtest2 WHERE id BETWEEN 6281070 AND 6281170
	Index Only Scan using sbtest2_pkey on sbtest2  (cost=0.43..6.37 rows=97 width=4)
	  Index Cond: ((id >= 6281070) AND (id <= 6281170))

table 3 : explain SELECT id FROM sbtest3 WHERE id BETWEEN 6281070 AND 6281170
	Index Only Scan using sbtest3_pkey on sbtest3  (cost=0.43..6.43 rows=100 width=4)
	  Index Cond: ((id >= 6281070) AND (id <= 6281170))

table 4 : explain SELECT id FROM sbtest4 WHERE id BETWEEN 6281070 AND 6281170
	Index Only Scan using sbtest4_pkey on sbtest4  (cost=0.43..6.27 rows=92 width=4)
	  Index Cond: ((id >= 6281070) AND (id <= 6281170))

table 5 : explain SELECT id FROM sbtest5 WHERE id BETWEEN 6281070 AND 6281170
	Index Only Scan using sbtest5_pkey on sbtest5  (cost=0.43..6.43 rows=100 width=4)
	  Index Cond: ((id >= 6281070) AND (id <= 6281170))

table 6 : explain SELECT id FROM sbtest6 WHERE id BETWEEN 6281070 AND 6281170
	Index Only Scan using sbtest6_pkey on sbtest6  (cost=0.43..6.53 rows=105 width=4)
	  Index Cond: ((id >= 6281070) AND (id <= 6281170))

table 7 : explain SELECT id FROM sbtest7 WHERE id BETWEEN 6281070 AND 6281170
	Index Only Scan using sbtest7_pkey on sbtest7  (cost=0.43..6.47 rows=102 width=4)
	  Index Cond: ((id >= 6281070) AND (id <= 6281170))

table 8 : explain SELECT id FROM sbtest8 WHERE id BETWEEN 6281070 AND 6281170
	Index Only Scan using sbtest8_pkey on sbtest8  (cost=0.43..6.40 rows=98 width=4)
	  Index Cond: ((id >= 6281070) AND (id <= 6281170))

for range-covered
table 1 : explain SELECT id FROM sbtest1 WHERE id BETWEEN 2939171 AND 2939271
	Index Only Scan using sbtest1_pkey on sbtest1  (cost=0.43..6.33 rows=95 width=4)
	  Index Cond: ((id >= 2939171) AND (id <= 2939271))

table 2 : explain SELECT id FROM sbtest2 WHERE id BETWEEN 2939171 AND 2939271
	Index Only Scan using sbtest2_pkey on sbtest2  (cost=0.43..6.35 rows=96 width=4)
	  Index Cond: ((id >= 2939171) AND (id <= 2939271))

table 3 : explain SELECT id FROM sbtest3 WHERE id BETWEEN 2939171 AND 2939271
	Index Only Scan using sbtest3_pkey on sbtest3  (cost=0.43..6.40 rows=98 width=4)
	  Index Cond: ((id >= 2939171) AND (id <= 2939271))

table 4 : explain SELECT id FROM sbtest4 WHERE id BETWEEN 2939171 AND 2939271
	Index Only Scan using sbtest4_pkey on sbtest4  (cost=0.43..6.40 rows=98 width=4)
	  Index Cond: ((id >= 2939171) AND (id <= 2939271))

table 5 : explain SELECT id FROM sbtest5 WHERE id BETWEEN 2939171 AND 2939271
	Index Only Scan using sbtest5_pkey on sbtest5  (cost=0.43..6.29 rows=93 width=4)
	  Index Cond: ((id >= 2939171) AND (id <= 2939271))

table 6 : explain SELECT id FROM sbtest6 WHERE id BETWEEN 2939171 AND 2939271
	Index Only Scan using sbtest6_pkey on sbtest6  (cost=0.43..6.51 rows=104 width=4)
	  Index Cond: ((id >= 2939171) AND (id <= 2939271))

table 7 : explain SELECT id FROM sbtest7 WHERE id BETWEEN 2939171 AND 2939271
	Index Only Scan using sbtest7_pkey on sbtest7  (cost=0.43..6.40 rows=98 width=4)
	  Index Cond: ((id >= 2939171) AND (id <= 2939271))

table 8 : explain SELECT id FROM sbtest8 WHERE id BETWEEN 2939171 AND 2939271
	Index Only Scan using sbtest8_pkey on sbtest8  (cost=0.43..6.37 rows=97 width=4)
	  Index Cond: ((id >= 2939171) AND (id <= 2939271))

explain: for range-covered :: explain SELECT id FROM sbtest%d WHERE id BETWEEN 6281070 AND 6281170
explain: for range-covered :: explain SELECT id FROM sbtest%d WHERE id BETWEEN 5779470 AND 5779570
explain: for range-covered :: explain SELECT id FROM sbtest%d WHERE id BETWEEN 2939171 AND 2939271
for range-covered
table 1 : explain SELECT id FROM sbtest1 WHERE id BETWEEN 6522583 AND 6522683
	Index Only Scan using sbtest1_pkey on sbtest1  (cost=0.43..6.33 rows=95 width=4)
	  Index Cond: ((id >= 6522583) AND (id <= 6522683))

table 2 : explain SELECT id FROM sbtest2 WHERE id BETWEEN 6522583 AND 6522683
	Index Only Scan using sbtest2_pkey on sbtest2  (cost=0.43..6.27 rows=92 width=4)
	  Index Cond: ((id >= 6522583) AND (id <= 6522683))

table 3 : explain SELECT id FROM sbtest3 WHERE id BETWEEN 6522583 AND 6522683
	Index Only Scan using sbtest3_pkey on sbtest3  (cost=0.43..6.56 rows=106 width=4)
	  Index Cond: ((id >= 6522583) AND (id <= 6522683))

table 4 : explain SELECT id FROM sbtest4 WHERE id BETWEEN 6522583 AND 6522683
	Index Only Scan using sbtest4_pkey on sbtest4  (cost=0.43..6.35 rows=96 width=4)
	  Index Cond: ((id >= 6522583) AND (id <= 6522683))

table 5 : explain SELECT id FROM sbtest5 WHERE id BETWEEN 6522583 AND 6522683
	Index Only Scan using sbtest5_pkey on sbtest5  (cost=0.43..6.35 rows=96 width=4)
	  Index Cond: ((id >= 6522583) AND (id <= 6522683))

table 6 : explain SELECT id FROM sbtest6 WHERE id BETWEEN 6522583 AND 6522683
	Index Only Scan using sbtest6_pkey on sbtest6  (cost=0.43..6.37 rows=97 width=4)
	  Index Cond: ((id >= 6522583) AND (id <= 6522683))

table 7 : explain SELECT id FROM sbtest7 WHERE id BETWEEN 6522583 AND 6522683
	Index Only Scan using sbtest7_pkey on sbtest7  (cost=0.43..6.33 rows=95 width=4)
	  Index Cond: ((id >= 6522583) AND (id <= 6522683))

table 8 : explain SELECT id FROM sbtest8 WHERE id BETWEEN 6522583 AND 6522683
	Index Only Scan using sbtest8_pkey on sbtest8  (cost=0.43..6.51 rows=104 width=4)
	  Index Cond: ((id >= 6522583) AND (id <= 6522683))

explain: for range-covered :: explain SELECT id FROM sbtest%d WHERE id BETWEEN 6522583 AND 6522683
for range-covered
table 1 : explain SELECT id FROM sbtest1 WHERE id BETWEEN 4158370 AND 4158470
	Index Only Scan using sbtest1_pkey on sbtest1  (cost=0.43..6.45 rows=101 width=4)
	  Index Cond: ((id >= 4158370) AND (id <= 4158470))

table 2 : explain SELECT id FROM sbtest2 WHERE id BETWEEN 4158370 AND 4158470
	Index Only Scan using sbtest2_pkey on sbtest2  (cost=0.43..6.37 rows=97 width=4)
	  Index Cond: ((id >= 4158370) AND (id <= 4158470))

table 3 : explain SELECT id FROM sbtest3 WHERE id BETWEEN 4158370 AND 4158470
	Index Only Scan using sbtest3_pkey on sbtest3  (cost=0.43..6.50 rows=103 width=4)
	  Index Cond: ((id >= 4158370) AND (id <= 4158470))

table 4 : explain SELECT id FROM sbtest4 WHERE id BETWEEN 4158370 AND 4158470
	Index Only Scan using sbtest4_pkey on sbtest4  (cost=0.43..6.75 rows=116 width=4)
	  Index Cond: ((id >= 4158370) AND (id <= 4158470))

table 5 : explain SELECT id FROM sbtest5 WHERE id BETWEEN 4158370 AND 4158470
	Index Only Scan using sbtest5_pkey on sbtest5  (cost=0.43..6.45 rows=101 width=4)
	  Index Cond: ((id >= 4158370) AND (id <= 4158470))

table 6 : explain SELECT id FROM sbtest6 WHERE id BETWEEN 4158370 AND 4158470
	Index Only Scan using sbtest6_pkey on sbtest6  (cost=0.43..6.45 rows=101 width=4)
	  Index Cond: ((id >= 4158370) AND (id <= 4158470))

table 7 : explain SELECT id FROM sbtest7 WHERE id BETWEEN 4158370 AND 4158470
	Index Only Scan using sbtest7_pkey on sbtest7  (cost=0.43..6.40 rows=98 width=4)
	  Index Cond: ((id >= 4158370) AND (id <= 4158470))

table 8 : explain SELECT id FROM sbtest8 WHERE id BETWEEN 4158370 AND 4158470
	Index Only Scan using sbtest8_pkey on sbtest8  (cost=0.43..6.53 rows=105 width=4)
	  Index Cond: ((id >= 4158370) AND (id <= 4158470))

explain: for range-covered :: explain SELECT id FROM sbtest%d WHERE id BETWEEN 4158370 AND 4158470
for range-covered
table 1 : explain SELECT id FROM sbtest1 WHERE id BETWEEN 2939171 AND 2939271
	Index Only Scan using sbtest1_pkey on sbtest1  (cost=0.43..6.33 rows=95 width=4)
	  Index Cond: ((id >= 2939171) AND (id <= 2939271))

table 2 : explain SELECT id FROM sbtest2 WHERE id BETWEEN 2939171 AND 2939271
	Index Only Scan using sbtest2_pkey on sbtest2  (cost=0.43..6.35 rows=96 width=4)
	  Index Cond: ((id >= 2939171) AND (id <= 2939271))

table 3 : explain SELECT id FROM sbtest3 WHERE id BETWEEN 2939171 AND 2939271
	Index Only Scan using sbtest3_pkey on sbtest3  (cost=0.43..6.40 rows=98 width=4)
	  Index Cond: ((id >= 2939171) AND (id <= 2939271))

table 4 : explain SELECT id FROM sbtest4 WHERE id BETWEEN 2939171 AND 2939271
	Index Only Scan using sbtest4_pkey on sbtest4  (cost=0.43..6.40 rows=98 width=4)
	  Index Cond: ((id >= 2939171) AND (id <= 2939271))

table 5 : explain SELECT id FROM sbtest5 WHERE id BETWEEN 2939171 AND 2939271
	Index Only Scan using sbtest5_pkey on sbtest5  (cost=0.43..6.29 rows=93 width=4)
	  Index Cond: ((id >= 2939171) AND (id <= 2939271))

table 6 : explain SELECT id FROM sbtest6 WHERE id BETWEEN 2939171 AND 2939271
	Index Only Scan using sbtest6_pkey on sbtest6  (cost=0.43..6.51 rows=104 width=4)
	  Index Cond: ((id >= 2939171) AND (id <= 2939271))

table 7 : explain SELECT id FROM sbtest7 WHERE id BETWEEN 2939171 AND 2939271
	Index Only Scan using sbtest7_pkey on sbtest7  (cost=0.43..6.40 rows=98 width=4)
	  Index Cond: ((id >= 2939171) AND (id <= 2939271))

table 8 : explain SELECT id FROM sbtest8 WHERE id BETWEEN 2939171 AND 2939271
	Index Only Scan using sbtest8_pkey on sbtest8  (cost=0.43..6.37 rows=97 width=4)
	  Index Cond: ((id >= 2939171) AND (id <= 2939271))

for range-covered
table 1 : explain SELECT id FROM sbtest1 WHERE id BETWEEN 1617391 AND 1617491
	Index Only Scan using sbtest1_pkey on sbtest1  (cost=0.43..6.25 rows=91 width=4)
	  Index Cond: ((id >= 1617391) AND (id <= 1617491))

table 2 : explain SELECT id FROM sbtest2 WHERE id BETWEEN 1617391 AND 1617491
	Index Only Scan using sbtest2_pkey on sbtest2  (cost=0.43..6.42 rows=99 width=4)
	  Index Cond: ((id >= 1617391) AND (id <= 1617491))

table 3 : explain SELECT id FROM sbtest3 WHERE id BETWEEN 1617391 AND 1617491
	Index Only Scan using sbtest3_pkey on sbtest3  (cost=0.43..6.53 rows=105 width=4)
	  Index Cond: ((id >= 1617391) AND (id <= 1617491))

table 4 : explain SELECT id FROM sbtest4 WHERE id BETWEEN 1617391 AND 1617491
	Index Only Scan using sbtest4_pkey on sbtest4  (cost=0.43..6.35 rows=96 width=4)
	  Index Cond: ((id >= 1617391) AND (id <= 1617491))

table 5 : explain SELECT id FROM sbtest5 WHERE id BETWEEN 1617391 AND 1617491
	Index Only Scan using sbtest5_pkey on sbtest5  (cost=0.43..6.50 rows=103 width=4)
	  Index Cond: ((id >= 1617391) AND (id <= 1617491))

table 6 : explain SELECT id FROM sbtest6 WHERE id BETWEEN 1617391 AND 1617491
	Index Only Scan using sbtest6_pkey on sbtest6  (cost=0.43..6.35 rows=96 width=4)
	  Index Cond: ((id >= 1617391) AND (id <= 1617491))

table 7 : explain SELECT id FROM sbtest7 WHERE id BETWEEN 1617391 AND 1617491
	Index Only Scan using sbtest7_pkey on sbtest7  (cost=0.43..6.51 rows=104 width=4)
	  Index Cond: ((id >= 1617391) AND (id <= 1617491))

table 8 : explain SELECT id FROM sbtest8 WHERE id BETWEEN 1617391 AND 1617491
	Index Only Scan using sbtest8_pkey on sbtest8  (cost=0.43..6.37 rows=97 width=4)
	  Index Cond: ((id >= 1617391) AND (id <= 1617491))

explain: for range-covered :: explain SELECT id FROM sbtest%d WHERE id BETWEEN 3967415 AND 3967515
for range-covered
table 1 : explain SELECT id FROM sbtest1 WHERE id BETWEEN 5779470 AND 5779570
	Index Only Scan using sbtest1_pkey on sbtest1  (cost=0.43..6.47 rows=102 width=4)
	  Index Cond: ((id >= 5779470) AND (id <= 5779570))

table 2 : explain SELECT id FROM sbtest2 WHERE id BETWEEN 5779470 AND 5779570
	Index Only Scan using sbtest2_pkey on sbtest2  (cost=0.43..6.53 rows=105 width=4)
	  Index Cond: ((id >= 5779470) AND (id <= 5779570))

table 3 : explain SELECT id FROM sbtest3 WHERE id BETWEEN 5779470 AND 5779570
	Index Only Scan using sbtest3_pkey on sbtest3  (cost=0.43..6.27 rows=92 width=4)
	  Index Cond: ((id >= 5779470) AND (id <= 5779570))

table 4 : explain SELECT id FROM sbtest4 WHERE id BETWEEN 5779470 AND 5779570
	Index Only Scan using sbtest4_pkey on sbtest4  (cost=0.43..6.43 rows=100 width=4)
	  Index Cond: ((id >= 5779470) AND (id <= 5779570))

table 5 : explain SELECT id FROM sbtest5 WHERE id BETWEEN 5779470 AND 5779570
	Index Only Scan using sbtest5_pkey on sbtest5  (cost=0.43..6.32 rows=94 width=4)
	  Index Cond: ((id >= 5779470) AND (id <= 5779570))

table 6 : explain SELECT id FROM sbtest6 WHERE id BETWEEN 5779470 AND 5779570
	Index Only Scan using sbtest6_pkey on sbtest6  (cost=0.43..6.66 rows=111 width=4)
	  Index Cond: ((id >= 5779470) AND (id <= 5779570))

table 7 : explain SELECT id FROM sbtest7 WHERE id BETWEEN 5779470 AND 5779570
	Index Only Scan using sbtest7_pkey on sbtest7  (cost=0.43..6.56 rows=106 width=4)
	  Index Cond: ((id >= 5779470) AND (id <= 5779570))

table 8 : explain SELECT id FROM sbtest8 WHERE id BETWEEN 5779470 AND 5779570
	Index Only Scan using sbtest8_pkey on sbtest8  (cost=0.43..6.53 rows=105 width=4)
	  Index Cond: ((id >= 5779470) AND (id <= 5779570))

explain: for range-covered :: explain SELECT id FROM sbtest%d WHERE id BETWEEN 1617391 AND 1617491
explain: for range-covered :: explain SELECT id FROM sbtest%d WHERE id BETWEEN 2939171 AND 2939271
explain: for range-covered :: explain SELECT id FROM sbtest%d WHERE id BETWEEN 5779470 AND 5779570
for range-covered
table 1 : explain SELECT id FROM sbtest1 WHERE id BETWEEN 6522583 AND 6522683
	Index Only Scan using sbtest1_pkey on sbtest1  (cost=0.43..6.33 rows=95 width=4)
	  Index Cond: ((id >= 6522583) AND (id <= 6522683))

table 2 : explain SELECT id FROM sbtest2 WHERE id BETWEEN 6522583 AND 6522683
	Index Only Scan using sbtest2_pkey on sbtest2  (cost=0.43..6.27 rows=92 width=4)
	  Index Cond: ((id >= 6522583) AND (id <= 6522683))

table 3 : explain SELECT id FROM sbtest3 WHERE id BETWEEN 6522583 AND 6522683
	Index Only Scan using sbtest3_pkey on sbtest3  (cost=0.43..6.56 rows=106 width=4)
	  Index Cond: ((id >= 6522583) AND (id <= 6522683))

table 4 : explain SELECT id FROM sbtest4 WHERE id BETWEEN 6522583 AND 6522683
	Index Only Scan using sbtest4_pkey on sbtest4  (cost=0.43..6.35 rows=96 width=4)
	  Index Cond: ((id >= 6522583) AND (id <= 6522683))

table 5 : explain SELECT id FROM sbtest5 WHERE id BETWEEN 6522583 AND 6522683
	Index Only Scan using sbtest5_pkey on sbtest5  (cost=0.43..6.35 rows=96 width=4)
	  Index Cond: ((id >= 6522583) AND (id <= 6522683))

table 6 : explain SELECT id FROM sbtest6 WHERE id BETWEEN 6522583 AND 6522683
	Index Only Scan using sbtest6_pkey on sbtest6  (cost=0.43..6.37 rows=97 width=4)
	  Index Cond: ((id >= 6522583) AND (id <= 6522683))

table 7 : explain SELECT id FROM sbtest7 WHERE id BETWEEN 6522583 AND 6522683
	Index Only Scan using sbtest7_pkey on sbtest7  (cost=0.43..6.33 rows=95 width=4)
	  Index Cond: ((id >= 6522583) AND (id <= 6522683))

table 8 : explain SELECT id FROM sbtest8 WHERE id BETWEEN 6522583 AND 6522683
	Index Only Scan using sbtest8_pkey on sbtest8  (cost=0.43..6.51 rows=104 width=4)
	  Index Cond: ((id >= 6522583) AND (id <= 6522683))

explain: for range-covered :: explain SELECT id FROM sbtest%d WHERE id BETWEEN 6522583 AND 6522683
for range-covered
table 1 : explain SELECT id FROM sbtest1 WHERE id BETWEEN 4158370 AND 4158470
	Index Only Scan using sbtest1_pkey on sbtest1  (cost=0.43..6.45 rows=101 width=4)
	  Index Cond: ((id >= 4158370) AND (id <= 4158470))

table 2 : explain SELECT id FROM sbtest2 WHERE id BETWEEN 4158370 AND 4158470
	Index Only Scan using sbtest2_pkey on sbtest2  (cost=0.43..6.37 rows=97 width=4)
	  Index Cond: ((id >= 4158370) AND (id <= 4158470))

table 3 : explain SELECT id FROM sbtest3 WHERE id BETWEEN 4158370 AND 4158470
	Index Only Scan using sbtest3_pkey on sbtest3  (cost=0.43..6.50 rows=103 width=4)
	  Index Cond: ((id >= 4158370) AND (id <= 4158470))

table 4 : explain SELECT id FROM sbtest4 WHERE id BETWEEN 4158370 AND 4158470
	Index Only Scan using sbtest4_pkey on sbtest4  (cost=0.43..6.75 rows=116 width=4)
	  Index Cond: ((id >= 4158370) AND (id <= 4158470))

table 5 : explain SELECT id FROM sbtest5 WHERE id BETWEEN 4158370 AND 4158470
	Index Only Scan using sbtest5_pkey on sbtest5  (cost=0.43..6.45 rows=101 width=4)
	  Index Cond: ((id >= 4158370) AND (id <= 4158470))

table 6 : explain SELECT id FROM sbtest6 WHERE id BETWEEN 4158370 AND 4158470
	Index Only Scan using sbtest6_pkey on sbtest6  (cost=0.43..6.45 rows=101 width=4)
	  Index Cond: ((id >= 4158370) AND (id <= 4158470))

table 7 : explain SELECT id FROM sbtest7 WHERE id BETWEEN 4158370 AND 4158470
	Index Only Scan using sbtest7_pkey on sbtest7  (cost=0.43..6.40 rows=98 width=4)
	  Index Cond: ((id >= 4158370) AND (id <= 4158470))

table 8 : explain SELECT id FROM sbtest8 WHERE id BETWEEN 4158370 AND 4158470
	Index Only Scan using sbtest8_pkey on sbtest8  (cost=0.43..6.53 rows=105 width=4)
	  Index Cond: ((id >= 4158370) AND (id <= 4158470))

explain: for range-covered :: explain SELECT id FROM sbtest%d WHERE id BETWEEN 4158370 AND 4158470
for range-covered
table 1 : explain SELECT id FROM sbtest1 WHERE id BETWEEN 6866655 AND 6866755
	Index Only Scan using sbtest1_pkey on sbtest1  (cost=0.43..6.58 rows=107 width=4)
	  Index Cond: ((id >= 6866655) AND (id <= 6866755))

table 2 : explain SELECT id FROM sbtest2 WHERE id BETWEEN 6866655 AND 6866755
	Index Only Scan using sbtest2_pkey on sbtest2  (cost=0.43..6.35 rows=96 width=4)
	  Index Cond: ((id >= 6866655) AND (id <= 6866755))

table 3 : explain SELECT id FROM sbtest3 WHERE id BETWEEN 6866655 AND 6866755
	Index Only Scan using sbtest3_pkey on sbtest3  (cost=0.43..6.43 rows=100 width=4)
	  Index Cond: ((id >= 6866655) AND (id <= 6866755))

table 4 : explain SELECT id FROM sbtest4 WHERE id BETWEEN 6866655 AND 6866755
	Index Only Scan using sbtest4_pkey on sbtest4  (cost=0.43..6.43 rows=100 width=4)
	  Index Cond: ((id >= 6866655) AND (id <= 6866755))

table 5 : explain SELECT id FROM sbtest5 WHERE id BETWEEN 6866655 AND 6866755
	Index Only Scan using sbtest5_pkey on sbtest5  (cost=0.43..6.37 rows=97 width=4)
	  Index Cond: ((id >= 6866655) AND (id <= 6866755))

table 6 : explain SELECT id FROM sbtest6 WHERE id BETWEEN 6866655 AND 6866755
	Index Only Scan using sbtest6_pkey on sbtest6  (cost=0.43..6.56 rows=106 width=4)
	  Index Cond: ((id >= 6866655) AND (id <= 6866755))

table 7 : explain SELECT id FROM sbtest7 WHERE id BETWEEN 6866655 AND 6866755
	Index Only Scan using sbtest7_pkey on sbtest7  (cost=0.43..6.29 rows=93 width=4)
	  Index Cond: ((id >= 6866655) AND (id <= 6866755))

table 8 : explain SELECT id FROM sbtest8 WHERE id BETWEEN 6866655 AND 6866755
	Index Only Scan using sbtest8_pkey on sbtest8  (cost=0.43..6.58 rows=107 width=4)
	  Index Cond: ((id >= 6866655) AND (id <= 6866755))

for range-covered
table 1 : explain SELECT id FROM sbtest1 WHERE id BETWEEN 5779470 AND 5779570
	Index Only Scan using sbtest1_pkey on sbtest1  (cost=0.43..6.47 rows=102 width=4)
	  Index Cond: ((id >= 5779470) AND (id <= 5779570))

table 2 : explain SELECT id FROM sbtest2 WHERE id BETWEEN 5779470 AND 5779570
	Index Only Scan using sbtest2_pkey on sbtest2  (cost=0.43..6.53 rows=105 width=4)
	  Index Cond: ((id >= 5779470) AND (id <= 5779570))

table 3 : explain SELECT id FROM sbtest3 WHERE id BETWEEN 5779470 AND 5779570
	Index Only Scan using sbtest3_pkey on sbtest3  (cost=0.43..6.27 rows=92 width=4)
	  Index Cond: ((id >= 5779470) AND (id <= 5779570))

table 4 : explain SELECT id FROM sbtest4 WHERE id BETWEEN 5779470 AND 5779570
	Index Only Scan using sbtest4_pkey on sbtest4  (cost=0.43..6.43 rows=100 width=4)
	  Index Cond: ((id >= 5779470) AND (id <= 5779570))

table 5 : explain SELECT id FROM sbtest5 WHERE id BETWEEN 5779470 AND 5779570
	Index Only Scan using sbtest5_pkey on sbtest5  (cost=0.43..6.32 rows=94 width=4)
	  Index Cond: ((id >= 5779470) AND (id <= 5779570))

table 6 : explain SELECT id FROM sbtest6 WHERE id BETWEEN 5779470 AND 5779570
	Index Only Scan using sbtest6_pkey on sbtest6  (cost=0.43..6.66 rows=111 width=4)
	  Index Cond: ((id >= 5779470) AND (id <= 5779570))

table 7 : explain SELECT id FROM sbtest7 WHERE id BETWEEN 5779470 AND 5779570
	Index Only Scan using sbtest7_pkey on sbtest7  (cost=0.43..6.56 rows=106 width=4)
	  Index Cond: ((id >= 5779470) AND (id <= 5779570))

table 8 : explain SELECT id FROM sbtest8 WHERE id BETWEEN 5779470 AND 5779570
	Index Only Scan using sbtest8_pkey on sbtest8  (cost=0.43..6.53 rows=105 width=4)
	  Index Cond: ((id >= 5779470) AND (id <= 5779570))

for range-covered
table 1 : explain SELECT id FROM sbtest1 WHERE id BETWEEN 6281070 AND 6281170
	Index Only Scan using sbtest1_pkey on sbtest1  (cost=0.43..6.35 rows=96 width=4)
	  Index Cond: ((id >= 6281070) AND (id <= 6281170))

table 2 : explain SELECT id FROM sbtest2 WHERE id BETWEEN 6281070 AND 6281170
	Index Only Scan using sbtest2_pkey on sbtest2  (cost=0.43..6.37 rows=97 width=4)
	  Index Cond: ((id >= 6281070) AND (id <= 6281170))

table 3 : explain SELECT id FROM sbtest3 WHERE id BETWEEN 6281070 AND 6281170
	Index Only Scan using sbtest3_pkey on sbtest3  (cost=0.43..6.43 rows=100 width=4)
	  Index Cond: ((id >= 6281070) AND (id <= 6281170))

table 4 : explain SELECT id FROM sbtest4 WHERE id BETWEEN 6281070 AND 6281170
	Index Only Scan using sbtest4_pkey on sbtest4  (cost=0.43..6.27 rows=92 width=4)
	  Index Cond: ((id >= 6281070) AND (id <= 6281170))

table 5 : explain SELECT id FROM sbtest5 WHERE id BETWEEN 6281070 AND 6281170
	Index Only Scan using sbtest5_pkey on sbtest5  (cost=0.43..6.43 rows=100 width=4)
	  Index Cond: ((id >= 6281070) AND (id <= 6281170))

table 6 : explain SELECT id FROM sbtest6 WHERE id BETWEEN 6281070 AND 6281170
	Index Only Scan using sbtest6_pkey on sbtest6  (cost=0.43..6.53 rows=105 width=4)
	  Index Cond: ((id >= 6281070) AND (id <= 6281170))

table 7 : explain SELECT id FROM sbtest7 WHERE id BETWEEN 6281070 AND 6281170
	Index Only Scan using sbtest7_pkey on sbtest7  (cost=0.43..6.47 rows=102 width=4)
	  Index Cond: ((id >= 6281070) AND (id <= 6281170))

table 8 : explain SELECT id FROM sbtest8 WHERE id BETWEEN 6281070 AND 6281170
	Index Only Scan using sbtest8_pkey on sbtest8  (cost=0.43..6.40 rows=98 width=4)
	  Index Cond: ((id >= 6281070) AND (id <= 6281170))

explain: for range-covered :: explain SELECT id FROM sbtest%d WHERE id BETWEEN 5779470 AND 5779570
explain: for range-covered :: explain SELECT id FROM sbtest%d WHERE id BETWEEN 6281070 AND 6281170
for range-covered
table 1 : explain SELECT id FROM sbtest1 WHERE id BETWEEN 2154588 AND 2154688
	Index Only Scan using sbtest1_pkey on sbtest1  (cost=0.43..6.69 rows=113 width=4)
	  Index Cond: ((id >= 2154588) AND (id <= 2154688))

table 2 : explain SELECT id FROM sbtest2 WHERE id BETWEEN 2154588 AND 2154688
	Index Only Scan using sbtest2_pkey on sbtest2  (cost=0.43..6.56 rows=106 width=4)
	  Index Cond: ((id >= 2154588) AND (id <= 2154688))

table 3 : explain SELECT id FROM sbtest3 WHERE id BETWEEN 2154588 AND 2154688
	Index Only Scan using sbtest3_pkey on sbtest3  (cost=0.43..6.43 rows=100 width=4)
	  Index Cond: ((id >= 2154588) AND (id <= 2154688))

table 4 : explain SELECT id FROM sbtest4 WHERE id BETWEEN 2154588 AND 2154688
	Index Only Scan using sbtest4_pkey on sbtest4  (cost=0.43..6.32 rows=94 width=4)
	  Index Cond: ((id >= 2154588) AND (id <= 2154688))

table 5 : explain SELECT id FROM sbtest5 WHERE id BETWEEN 2154588 AND 2154688
	Index Only Scan using sbtest5_pkey on sbtest5  (cost=0.43..6.50 rows=103 width=4)
	  Index Cond: ((id >= 2154588) AND (id <= 2154688))

table 6 : explain SELECT id FROM sbtest6 WHERE id BETWEEN 2154588 AND 2154688
	Index Only Scan using sbtest6_pkey on sbtest6  (cost=0.43..6.27 rows=92 width=4)
	  Index Cond: ((id >= 2154588) AND (id <= 2154688))

table 7 : explain SELECT id FROM sbtest7 WHERE id BETWEEN 2154588 AND 2154688
	Index Only Scan using sbtest7_pkey on sbtest7  (cost=0.43..6.29 rows=93 width=4)
	  Index Cond: ((id >= 2154588) AND (id <= 2154688))

table 8 : explain SELECT id FROM sbtest8 WHERE id BETWEEN 2154588 AND 2154688
	Index Only Scan using sbtest8_pkey on sbtest8  (cost=0.43..6.58 rows=107 width=4)
	  Index Cond: ((id >= 2154588) AND (id <= 2154688))

explain: for range-covered :: explain SELECT id FROM sbtest%d WHERE id BETWEEN 2154588 AND 2154688
for range-covered
table 1 : explain SELECT id FROM sbtest1 WHERE id BETWEEN 6522583 AND 6522683
	Index Only Scan using sbtest1_pkey on sbtest1  (cost=0.43..6.33 rows=95 width=4)
	  Index Cond: ((id >= 6522583) AND (id <= 6522683))

table 2 : explain SELECT id FROM sbtest2 WHERE id BETWEEN 6522583 AND 6522683
	Index Only Scan using sbtest2_pkey on sbtest2  (cost=0.43..6.27 rows=92 width=4)
	  Index Cond: ((id >= 6522583) AND (id <= 6522683))

table 3 : explain SELECT id FROM sbtest3 WHERE id BETWEEN 6522583 AND 6522683
	Index Only Scan using sbtest3_pkey on sbtest3  (cost=0.43..6.56 rows=106 width=4)
	  Index Cond: ((id >= 6522583) AND (id <= 6522683))

table 4 : explain SELECT id FROM sbtest4 WHERE id BETWEEN 6522583 AND 6522683
	Index Only Scan using sbtest4_pkey on sbtest4  (cost=0.43..6.35 rows=96 width=4)
	  Index Cond: ((id >= 6522583) AND (id <= 6522683))

table 5 : explain SELECT id FROM sbtest5 WHERE id BETWEEN 6522583 AND 6522683
	Index Only Scan using sbtest5_pkey on sbtest5  (cost=0.43..6.35 rows=96 width=4)
	  Index Cond: ((id >= 6522583) AND (id <= 6522683))

table 6 : explain SELECT id FROM sbtest6 WHERE id BETWEEN 6522583 AND 6522683
	Index Only Scan using sbtest6_pkey on sbtest6  (cost=0.43..6.37 rows=97 width=4)
	  Index Cond: ((id >= 6522583) AND (id <= 6522683))

table 7 : explain SELECT id FROM sbtest7 WHERE id BETWEEN 6522583 AND 6522683
	Index Only Scan using sbtest7_pkey on sbtest7  (cost=0.43..6.33 rows=95 width=4)
	  Index Cond: ((id >= 6522583) AND (id <= 6522683))

table 8 : explain SELECT id FROM sbtest8 WHERE id BETWEEN 6522583 AND 6522683
	Index Only Scan using sbtest8_pkey on sbtest8  (cost=0.43..6.51 rows=104 width=4)
	  Index Cond: ((id >= 6522583) AND (id <= 6522683))

explain: for range-covered :: explain SELECT id FROM sbtest%d WHERE id BETWEEN 6866655 AND 6866755
explain: for range-covered :: explain SELECT id FROM sbtest%d WHERE id BETWEEN 6522583 AND 6522683
for range-covered
table 1 : explain SELECT id FROM sbtest1 WHERE id BETWEEN 4158370 AND 4158470
	Index Only Scan using sbtest1_pkey on sbtest1  (cost=0.43..6.45 rows=101 width=4)
	  Index Cond: ((id >= 4158370) AND (id <= 4158470))

table 2 : explain SELECT id FROM sbtest2 WHERE id BETWEEN 4158370 AND 4158470
	Index Only Scan using sbtest2_pkey on sbtest2  (cost=0.43..6.37 rows=97 width=4)
	  Index Cond: ((id >= 4158370) AND (id <= 4158470))

table 3 : explain SELECT id FROM sbtest3 WHERE id BETWEEN 4158370 AND 4158470
	Index Only Scan using sbtest3_pkey on sbtest3  (cost=0.43..6.50 rows=103 width=4)
	  Index Cond: ((id >= 4158370) AND (id <= 4158470))

table 4 : explain SELECT id FROM sbtest4 WHERE id BETWEEN 4158370 AND 4158470
	Index Only Scan using sbtest4_pkey on sbtest4  (cost=0.43..6.75 rows=116 width=4)
	  Index Cond: ((id >= 4158370) AND (id <= 4158470))

table 5 : explain SELECT id FROM sbtest5 WHERE id BETWEEN 4158370 AND 4158470
	Index Only Scan using sbtest5_pkey on sbtest5  (cost=0.43..6.45 rows=101 width=4)
	  Index Cond: ((id >= 4158370) AND (id <= 4158470))

table 6 : explain SELECT id FROM sbtest6 WHERE id BETWEEN 4158370 AND 4158470
	Index Only Scan using sbtest6_pkey on sbtest6  (cost=0.43..6.45 rows=101 width=4)
	  Index Cond: ((id >= 4158370) AND (id <= 4158470))

table 7 : explain SELECT id FROM sbtest7 WHERE id BETWEEN 4158370 AND 4158470
	Index Only Scan using sbtest7_pkey on sbtest7  (cost=0.43..6.40 rows=98 width=4)
	  Index Cond: ((id >= 4158370) AND (id <= 4158470))

table 8 : explain SELECT id FROM sbtest8 WHERE id BETWEEN 4158370 AND 4158470
	Index Only Scan using sbtest8_pkey on sbtest8  (cost=0.43..6.53 rows=105 width=4)
	  Index Cond: ((id >= 4158370) AND (id <= 4158470))

explain: for range-covered :: explain SELECT id FROM sbtest%d WHERE id BETWEEN 4158370 AND 4158470
for range-covered
table 1 : explain SELECT id FROM sbtest1 WHERE id BETWEEN 1617391 AND 1617491
	Index Only Scan using sbtest1_pkey on sbtest1  (cost=0.43..6.25 rows=91 width=4)
	  Index Cond: ((id >= 1617391) AND (id <= 1617491))

table 2 : explain SELECT id FROM sbtest2 WHERE id BETWEEN 1617391 AND 1617491
	Index Only Scan using sbtest2_pkey on sbtest2  (cost=0.43..6.42 rows=99 width=4)
	  Index Cond: ((id >= 1617391) AND (id <= 1617491))

table 3 : explain SELECT id FROM sbtest3 WHERE id BETWEEN 1617391 AND 1617491
	Index Only Scan using sbtest3_pkey on sbtest3  (cost=0.43..6.53 rows=105 width=4)
	  Index Cond: ((id >= 1617391) AND (id <= 1617491))

table 4 : explain SELECT id FROM sbtest4 WHERE id BETWEEN 1617391 AND 1617491
	Index Only Scan using sbtest4_pkey on sbtest4  (cost=0.43..6.35 rows=96 width=4)
	  Index Cond: ((id >= 1617391) AND (id <= 1617491))

table 5 : explain SELECT id FROM sbtest5 WHERE id BETWEEN 1617391 AND 1617491
	Index Only Scan using sbtest5_pkey on sbtest5  (cost=0.43..6.50 rows=103 width=4)
	  Index Cond: ((id >= 1617391) AND (id <= 1617491))

table 6 : explain SELECT id FROM sbtest6 WHERE id BETWEEN 1617391 AND 1617491
	Index Only Scan using sbtest6_pkey on sbtest6  (cost=0.43..6.35 rows=96 width=4)
	  Index Cond: ((id >= 1617391) AND (id <= 1617491))

table 7 : explain SELECT id FROM sbtest7 WHERE id BETWEEN 1617391 AND 1617491
	Index Only Scan using sbtest7_pkey on sbtest7  (cost=0.43..6.51 rows=104 width=4)
	  Index Cond: ((id >= 1617391) AND (id <= 1617491))

table 8 : explain SELECT id FROM sbtest8 WHERE id BETWEEN 1617391 AND 1617491
	Index Only Scan using sbtest8_pkey on sbtest8  (cost=0.43..6.37 rows=97 width=4)
	  Index Cond: ((id >= 1617391) AND (id <= 1617491))

explain: for range-covered :: explain SELECT id FROM sbtest%d WHERE id BETWEEN 1617391 AND 1617491
for range-covered
table 1 : explain SELECT id FROM sbtest1 WHERE id BETWEEN 2939171 AND 2939271
	Index Only Scan using sbtest1_pkey on sbtest1  (cost=0.43..6.33 rows=95 width=4)
	  Index Cond: ((id >= 2939171) AND (id <= 2939271))

table 2 : explain SELECT id FROM sbtest2 WHERE id BETWEEN 2939171 AND 2939271
	Index Only Scan using sbtest2_pkey on sbtest2  (cost=0.43..6.35 rows=96 width=4)
	  Index Cond: ((id >= 2939171) AND (id <= 2939271))

table 3 : explain SELECT id FROM sbtest3 WHERE id BETWEEN 2939171 AND 2939271
	Index Only Scan using sbtest3_pkey on sbtest3  (cost=0.43..6.40 rows=98 width=4)
	  Index Cond: ((id >= 2939171) AND (id <= 2939271))

table 4 : explain SELECT id FROM sbtest4 WHERE id BETWEEN 2939171 AND 2939271
	Index Only Scan using sbtest4_pkey on sbtest4  (cost=0.43..6.40 rows=98 width=4)
	  Index Cond: ((id >= 2939171) AND (id <= 2939271))

table 5 : explain SELECT id FROM sbtest5 WHERE id BETWEEN 2939171 AND 2939271
	Index Only Scan using sbtest5_pkey on sbtest5  (cost=0.43..6.29 rows=93 width=4)
	  Index Cond: ((id >= 2939171) AND (id <= 2939271))

table 6 : explain SELECT id FROM sbtest6 WHERE id BETWEEN 2939171 AND 2939271
	Index Only Scan using sbtest6_pkey on sbtest6  (cost=0.43..6.51 rows=104 width=4)
	  Index Cond: ((id >= 2939171) AND (id <= 2939271))

table 7 : explain SELECT id FROM sbtest7 WHERE id BETWEEN 2939171 AND 2939271
	Index Only Scan using sbtest7_pkey on sbtest7  (cost=0.43..6.40 rows=98 width=4)
	  Index Cond: ((id >= 2939171) AND (id <= 2939271))

table 8 : explain SELECT id FROM sbtest8 WHERE id BETWEEN 2939171 AND 2939271
	Index Only Scan using sbtest8_pkey on sbtest8  (cost=0.43..6.37 rows=97 width=4)
	  Index Cond: ((id >= 2939171) AND (id <= 2939271))

for range-covered
table 1 : explain SELECT id FROM sbtest1 WHERE id BETWEEN 5779470 AND 5779570
	Index Only Scan using sbtest1_pkey on sbtest1  (cost=0.43..6.47 rows=102 width=4)
	  Index Cond: ((id >= 5779470) AND (id <= 5779570))

table 2 : explain SELECT id FROM sbtest2 WHERE id BETWEEN 5779470 AND 5779570
	Index Only Scan using sbtest2_pkey on sbtest2  (cost=0.43..6.53 rows=105 width=4)
	  Index Cond: ((id >= 5779470) AND (id <= 5779570))

table 3 : explain SELECT id FROM sbtest3 WHERE id BETWEEN 5779470 AND 5779570
	Index Only Scan using sbtest3_pkey on sbtest3  (cost=0.43..6.27 rows=92 width=4)
	  Index Cond: ((id >= 5779470) AND (id <= 5779570))

table 4 : explain SELECT id FROM sbtest4 WHERE id BETWEEN 5779470 AND 5779570
	Index Only Scan using sbtest4_pkey on sbtest4  (cost=0.43..6.43 rows=100 width=4)
	  Index Cond: ((id >= 5779470) AND (id <= 5779570))

table 5 : explain SELECT id FROM sbtest5 WHERE id BETWEEN 5779470 AND 5779570
	Index Only Scan using sbtest5_pkey on sbtest5  (cost=0.43..6.32 rows=94 width=4)
	  Index Cond: ((id >= 5779470) AND (id <= 5779570))

table 6 : explain SELECT id FROM sbtest6 WHERE id BETWEEN 5779470 AND 5779570
	Index Only Scan using sbtest6_pkey on sbtest6  (cost=0.43..6.66 rows=111 width=4)
	  Index Cond: ((id >= 5779470) AND (id <= 5779570))

table 7 : explain SELECT id FROM sbtest7 WHERE id BETWEEN 5779470 AND 5779570
	Index Only Scan using sbtest7_pkey on sbtest7  (cost=0.43..6.56 rows=106 width=4)
	  Index Cond: ((id >= 5779470) AND (id <= 5779570))

table 8 : explain SELECT id FROM sbtest8 WHERE id BETWEEN 5779470 AND 5779570
	Index Only Scan using sbtest8_pkey on sbtest8  (cost=0.43..6.53 rows=105 width=4)
	  Index Cond: ((id >= 5779470) AND (id <= 5779570))

explain: for range-covered :: explain SELECT id FROM sbtest%d WHERE id BETWEEN 2939171 AND 2939271
explain: for range-covered :: explain SELECT id FROM sbtest%d WHERE id BETWEEN 5779470 AND 5779570
for range-covered
table 1 : explain SELECT id FROM sbtest1 WHERE id BETWEEN 5009677 AND 5009777
	Index Only Scan using sbtest1_pkey on sbtest1  (cost=0.43..6.74 rows=115 width=4)
	  Index Cond: ((id >= 5009677) AND (id <= 5009777))

table 2 : explain SELECT id FROM sbtest2 WHERE id BETWEEN 5009677 AND 5009777
	Index Only Scan using sbtest2_pkey on sbtest2  (cost=0.43..6.27 rows=92 width=4)
	  Index Cond: ((id >= 5009677) AND (id <= 5009777))

table 3 : explain SELECT id FROM sbtest3 WHERE id BETWEEN 5009677 AND 5009777
	Index Only Scan using sbtest3_pkey on sbtest3  (cost=0.43..6.69 rows=113 width=4)
	  Index Cond: ((id >= 5009677) AND (id <= 5009777))

table 4 : explain SELECT id FROM sbtest4 WHERE id BETWEEN 5009677 AND 5009777
	Index Only Scan using sbtest4_pkey on sbtest4  (cost=0.43..6.59 rows=108 width=4)
	  Index Cond: ((id >= 5009677) AND (id <= 5009777))

table 5 : explain SELECT id FROM sbtest5 WHERE id BETWEEN 5009677 AND 5009777
	Index Only Scan using sbtest5_pkey on sbtest5  (cost=0.43..6.50 rows=103 width=4)
	  Index Cond: ((id >= 5009677) AND (id <= 5009777))

table 6 : explain SELECT id FROM sbtest6 WHERE id BETWEEN 5009677 AND 5009777
	Index Only Scan using sbtest6_pkey on sbtest6  (cost=0.43..6.61 rows=109 width=4)
	  Index Cond: ((id >= 5009677) AND (id <= 5009777))

table 7 : explain SELECT id FROM sbtest7 WHERE id BETWEEN 5009677 AND 5009777
	Index Only Scan using sbtest7_pkey on sbtest7  (cost=0.43..6.37 rows=97 width=4)
	  Index Cond: ((id >= 5009677) AND (id <= 5009777))

table 8 : explain SELECT id FROM sbtest8 WHERE id BETWEEN 5009677 AND 5009777
	Index Only Scan using sbtest8_pkey on sbtest8  (cost=0.43..6.35 rows=96 width=4)
	  Index Cond: ((id >= 5009677) AND (id <= 5009777))

for range-covered
table 1 : explain SELECT id FROM sbtest1 WHERE id BETWEEN 2154588 AND 2154688
	Index Only Scan using sbtest1_pkey on sbtest1  (cost=0.43..6.69 rows=113 width=4)
	  Index Cond: ((id >= 2154588) AND (id <= 2154688))

table 2 : explain SELECT id FROM sbtest2 WHERE id BETWEEN 2154588 AND 2154688
	Index Only Scan using sbtest2_pkey on sbtest2  (cost=0.43..6.56 rows=106 width=4)
	  Index Cond: ((id >= 2154588) AND (id <= 2154688))

table 3 : explain SELECT id FROM sbtest3 WHERE id BETWEEN 2154588 AND 2154688
	Index Only Scan using sbtest3_pkey on sbtest3  (cost=0.43..6.43 rows=100 width=4)
	  Index Cond: ((id >= 2154588) AND (id <= 2154688))

table 4 : explain SELECT id FROM sbtest4 WHERE id BETWEEN 2154588 AND 2154688
	Index Only Scan using sbtest4_pkey on sbtest4  (cost=0.43..6.32 rows=94 width=4)
	  Index Cond: ((id >= 2154588) AND (id <= 2154688))

table 5 : explain SELECT id FROM sbtest5 WHERE id BETWEEN 2154588 AND 2154688
	Index Only Scan using sbtest5_pkey on sbtest5  (cost=0.43..6.50 rows=103 width=4)
	  Index Cond: ((id >= 2154588) AND (id <= 2154688))

table 6 : explain SELECT id FROM sbtest6 WHERE id BETWEEN 2154588 AND 2154688
	Index Only Scan using sbtest6_pkey on sbtest6  (cost=0.43..6.27 rows=92 width=4)
	  Index Cond: ((id >= 2154588) AND (id <= 2154688))

table 7 : explain SELECT id FROM sbtest7 WHERE id BETWEEN 2154588 AND 2154688
	Index Only Scan using sbtest7_pkey on sbtest7  (cost=0.43..6.29 rows=93 width=4)
	  Index Cond: ((id >= 2154588) AND (id <= 2154688))

table 8 : explain SELECT id FROM sbtest8 WHERE id BETWEEN 2154588 AND 2154688
	Index Only Scan using sbtest8_pkey on sbtest8  (cost=0.43..6.58 rows=107 width=4)
	  Index Cond: ((id >= 2154588) AND (id <= 2154688))

explain: for range-covered :: explain SELECT id FROM sbtest%d WHERE id BETWEEN 5009677 AND 5009777
for range-covered
table 1 : explain SELECT id FROM sbtest1 WHERE id BETWEEN 6522583 AND 6522683
	Index Only Scan using sbtest1_pkey on sbtest1  (cost=0.43..6.33 rows=95 width=4)
	  Index Cond: ((id >= 6522583) AND (id <= 6522683))

table 2 : explain SELECT id FROM sbtest2 WHERE id BETWEEN 6522583 AND 6522683
	Index Only Scan using sbtest2_pkey on sbtest2  (cost=0.43..6.27 rows=92 width=4)
	  Index Cond: ((id >= 6522583) AND (id <= 6522683))

table 3 : explain SELECT id FROM sbtest3 WHERE id BETWEEN 6522583 AND 6522683
	Index Only Scan using sbtest3_pkey on sbtest3  (cost=0.43..6.56 rows=106 width=4)
	  Index Cond: ((id >= 6522583) AND (id <= 6522683))

table 4 : explain SELECT id FROM sbtest4 WHERE id BETWEEN 6522583 AND 6522683
	Index Only Scan using sbtest4_pkey on sbtest4  (cost=0.43..6.35 rows=96 width=4)
	  Index Cond: ((id >= 6522583) AND (id <= 6522683))

table 5 : explain SELECT id FROM sbtest5 WHERE id BETWEEN 6522583 AND 6522683
	Index Only Scan using sbtest5_pkey on sbtest5  (cost=0.43..6.35 rows=96 width=4)
	  Index Cond: ((id >= 6522583) AND (id <= 6522683))

table 6 : explain SELECT id FROM sbtest6 WHERE id BETWEEN 6522583 AND 6522683
	Index Only Scan using sbtest6_pkey on sbtest6  (cost=0.43..6.37 rows=97 width=4)
	  Index Cond: ((id >= 6522583) AND (id <= 6522683))

table 7 : explain SELECT id FROM sbtest7 WHERE id BETWEEN 6522583 AND 6522683
	Index Only Scan using sbtest7_pkey on sbtest7  (cost=0.43..6.33 rows=95 width=4)
	  Index Cond: ((id >= 6522583) AND (id <= 6522683))

table 8 : explain SELECT id FROM sbtest8 WHERE id BETWEEN 6522583 AND 6522683
	Index Only Scan using sbtest8_pkey on sbtest8  (cost=0.43..6.51 rows=104 width=4)
	  Index Cond: ((id >= 6522583) AND (id <= 6522683))

explain: for range-covered :: explain SELECT id FROM sbtest%d WHERE id BETWEEN 2154588 AND 2154688
explain: for range-covered :: explain SELECT id FROM sbtest%d WHERE id BETWEEN 6522583 AND 6522683
for range-covered
table 1 : explain SELECT id FROM sbtest1 WHERE id BETWEEN 4158370 AND 4158470
	Index Only Scan using sbtest1_pkey on sbtest1  (cost=0.43..6.45 rows=101 width=4)
	  Index Cond: ((id >= 4158370) AND (id <= 4158470))

table 2 : explain SELECT id FROM sbtest2 WHERE id BETWEEN 4158370 AND 4158470
	Index Only Scan using sbtest2_pkey on sbtest2  (cost=0.43..6.37 rows=97 width=4)
	  Index Cond: ((id >= 4158370) AND (id <= 4158470))

table 3 : explain SELECT id FROM sbtest3 WHERE id BETWEEN 4158370 AND 4158470
	Index Only Scan using sbtest3_pkey on sbtest3  (cost=0.43..6.50 rows=103 width=4)
	  Index Cond: ((id >= 4158370) AND (id <= 4158470))

table 4 : explain SELECT id FROM sbtest4 WHERE id BETWEEN 4158370 AND 4158470
	Index Only Scan using sbtest4_pkey on sbtest4  (cost=0.43..6.75 rows=116 width=4)
	  Index Cond: ((id >= 4158370) AND (id <= 4158470))

table 5 : explain SELECT id FROM sbtest5 WHERE id BETWEEN 4158370 AND 4158470
	Index Only Scan using sbtest5_pkey on sbtest5  (cost=0.43..6.45 rows=101 width=4)
	  Index Cond: ((id >= 4158370) AND (id <= 4158470))

table 6 : explain SELECT id FROM sbtest6 WHERE id BETWEEN 4158370 AND 4158470
	Index Only Scan using sbtest6_pkey on sbtest6  (cost=0.43..6.45 rows=101 width=4)
	  Index Cond: ((id >= 4158370) AND (id <= 4158470))

table 7 : explain SELECT id FROM sbtest7 WHERE id BETWEEN 4158370 AND 4158470
	Index Only Scan using sbtest7_pkey on sbtest7  (cost=0.43..6.40 rows=98 width=4)
	  Index Cond: ((id >= 4158370) AND (id <= 4158470))

table 8 : explain SELECT id FROM sbtest8 WHERE id BETWEEN 4158370 AND 4158470
	Index Only Scan using sbtest8_pkey on sbtest8  (cost=0.43..6.53 rows=105 width=4)
	  Index Cond: ((id >= 4158370) AND (id <= 4158470))

explain: for range-covered :: explain SELECT id FROM sbtest%d WHERE id BETWEEN 4158370 AND 4158470
for range-covered
table 1 : explain SELECT id FROM sbtest1 WHERE id BETWEEN 6281070 AND 6281170
	Index Only Scan using sbtest1_pkey on sbtest1  (cost=0.43..6.35 rows=96 width=4)
	  Index Cond: ((id >= 6281070) AND (id <= 6281170))

table 2 : explain SELECT id FROM sbtest2 WHERE id BETWEEN 6281070 AND 6281170
	Index Only Scan using sbtest2_pkey on sbtest2  (cost=0.43..6.37 rows=97 width=4)
	  Index Cond: ((id >= 6281070) AND (id <= 6281170))

table 3 : explain SELECT id FROM sbtest3 WHERE id BETWEEN 6281070 AND 6281170
	Index Only Scan using sbtest3_pkey on sbtest3  (cost=0.43..6.43 rows=100 width=4)
	  Index Cond: ((id >= 6281070) AND (id <= 6281170))

table 4 : explain SELECT id FROM sbtest4 WHERE id BETWEEN 6281070 AND 6281170
	Index Only Scan using sbtest4_pkey on sbtest4  (cost=0.43..6.27 rows=92 width=4)
	  Index Cond: ((id >= 6281070) AND (id <= 6281170))

table 5 : explain SELECT id FROM sbtest5 WHERE id BETWEEN 6281070 AND 6281170
	Index Only Scan using sbtest5_pkey on sbtest5  (cost=0.43..6.43 rows=100 width=4)
	  Index Cond: ((id >= 6281070) AND (id <= 6281170))

table 6 : explain SELECT id FROM sbtest6 WHERE id BETWEEN 6281070 AND 6281170
	Index Only Scan using sbtest6_pkey on sbtest6  (cost=0.43..6.53 rows=105 width=4)
	  Index Cond: ((id >= 6281070) AND (id <= 6281170))

table 7 : explain SELECT id FROM sbtest7 WHERE id BETWEEN 6281070 AND 6281170
	Index Only Scan using sbtest7_pkey on sbtest7  (cost=0.43..6.47 rows=102 width=4)
	  Index Cond: ((id >= 6281070) AND (id <= 6281170))

table 8 : explain SELECT id FROM sbtest8 WHERE id BETWEEN 6281070 AND 6281170
	Index Only Scan using sbtest8_pkey on sbtest8  (cost=0.43..6.40 rows=98 width=4)
	  Index Cond: ((id >= 6281070) AND (id <= 6281170))

for range-covered
table 1 : explain SELECT id FROM sbtest1 WHERE id BETWEEN 5779470 AND 5779570
	Index Only Scan using sbtest1_pkey on sbtest1  (cost=0.43..6.47 rows=102 width=4)
	  Index Cond: ((id >= 5779470) AND (id <= 5779570))

table 2 : explain SELECT id FROM sbtest2 WHERE id BETWEEN 5779470 AND 5779570
	Index Only Scan using sbtest2_pkey on sbtest2  (cost=0.43..6.53 rows=105 width=4)
	  Index Cond: ((id >= 5779470) AND (id <= 5779570))

table 3 : explain SELECT id FROM sbtest3 WHERE id BETWEEN 5779470 AND 5779570
	Index Only Scan using sbtest3_pkey on sbtest3  (cost=0.43..6.27 rows=92 width=4)
	  Index Cond: ((id >= 5779470) AND (id <= 5779570))

table 4 : explain SELECT id FROM sbtest4 WHERE id BETWEEN 5779470 AND 5779570
	Index Only Scan using sbtest4_pkey on sbtest4  (cost=0.43..6.43 rows=100 width=4)
	  Index Cond: ((id >= 5779470) AND (id <= 5779570))

table 5 : explain SELECT id FROM sbtest5 WHERE id BETWEEN 5779470 AND 5779570
	Index Only Scan using sbtest5_pkey on sbtest5  (cost=0.43..6.32 rows=94 width=4)
	  Index Cond: ((id >= 5779470) AND (id <= 5779570))

table 6 : explain SELECT id FROM sbtest6 WHERE id BETWEEN 5779470 AND 5779570
	Index Only Scan using sbtest6_pkey on sbtest6  (cost=0.43..6.66 rows=111 width=4)
	  Index Cond: ((id >= 5779470) AND (id <= 5779570))

table 7 : explain SELECT id FROM sbtest7 WHERE id BETWEEN 5779470 AND 5779570
	Index Only Scan using sbtest7_pkey on sbtest7  (cost=0.43..6.56 rows=106 width=4)
	  Index Cond: ((id >= 5779470) AND (id <= 5779570))

table 8 : explain SELECT id FROM sbtest8 WHERE id BETWEEN 5779470 AND 5779570
	Index Only Scan using sbtest8_pkey on sbtest8  (cost=0.43..6.53 rows=105 width=4)
	  Index Cond: ((id >= 5779470) AND (id <= 5779570))

explain: for range-covered :: explain SELECT id FROM sbtest%d WHERE id BETWEEN 5779470 AND 5779570
explain: for range-covered :: explain SELECT id FROM sbtest%d WHERE id BETWEEN 6281070 AND 6281170
for range-covered
table 1 : explain SELECT id FROM sbtest1 WHERE id BETWEEN 2154588 AND 2154688
	Index Only Scan using sbtest1_pkey on sbtest1  (cost=0.43..6.69 rows=113 width=4)
	  Index Cond: ((id >= 2154588) AND (id <= 2154688))

table 2 : explain SELECT id FROM sbtest2 WHERE id BETWEEN 2154588 AND 2154688
	Index Only Scan using sbtest2_pkey on sbtest2  (cost=0.43..6.56 rows=106 width=4)
	  Index Cond: ((id >= 2154588) AND (id <= 2154688))

table 3 : explain SELECT id FROM sbtest3 WHERE id BETWEEN 2154588 AND 2154688
	Index Only Scan using sbtest3_pkey on sbtest3  (cost=0.43..6.43 rows=100 width=4)
	  Index Cond: ((id >= 2154588) AND (id <= 2154688))

table 4 : explain SELECT id FROM sbtest4 WHERE id BETWEEN 2154588 AND 2154688
	Index Only Scan using sbtest4_pkey on sbtest4  (cost=0.43..6.32 rows=94 width=4)
	  Index Cond: ((id >= 2154588) AND (id <= 2154688))

table 5 : explain SELECT id FROM sbtest5 WHERE id BETWEEN 2154588 AND 2154688
	Index Only Scan using sbtest5_pkey on sbtest5  (cost=0.43..6.50 rows=103 width=4)
	  Index Cond: ((id >= 2154588) AND (id <= 2154688))

table 6 : explain SELECT id FROM sbtest6 WHERE id BETWEEN 2154588 AND 2154688
	Index Only Scan using sbtest6_pkey on sbtest6  (cost=0.43..6.27 rows=92 width=4)
	  Index Cond: ((id >= 2154588) AND (id <= 2154688))

table 7 : explain SELECT id FROM sbtest7 WHERE id BETWEEN 2154588 AND 2154688
	Index Only Scan using sbtest7_pkey on sbtest7  (cost=0.43..6.29 rows=93 width=4)
	  Index Cond: ((id >= 2154588) AND (id <= 2154688))

table 8 : explain SELECT id FROM sbtest8 WHERE id BETWEEN 2154588 AND 2154688
	Index Only Scan using sbtest8_pkey on sbtest8  (cost=0.43..6.58 rows=107 width=4)
	  Index Cond: ((id >= 2154588) AND (id <= 2154688))

for range-covered
table 1 : explain SELECT id FROM sbtest1 WHERE id BETWEEN 5009677 AND 5009777
	Index Only Scan using sbtest1_pkey on sbtest1  (cost=0.43..6.74 rows=115 width=4)
	  Index Cond: ((id >= 5009677) AND (id <= 5009777))

table 2 : explain SELECT id FROM sbtest2 WHERE id BETWEEN 5009677 AND 5009777
	Index Only Scan using sbtest2_pkey on sbtest2  (cost=0.43..6.27 rows=92 width=4)
	  Index Cond: ((id >= 5009677) AND (id <= 5009777))

table 3 : explain SELECT id FROM sbtest3 WHERE id BETWEEN 5009677 AND 5009777
	Index Only Scan using sbtest3_pkey on sbtest3  (cost=0.43..6.69 rows=113 width=4)
	  Index Cond: ((id >= 5009677) AND (id <= 5009777))

table 4 : explain SELECT id FROM sbtest4 WHERE id BETWEEN 5009677 AND 5009777
	Index Only Scan using sbtest4_pkey on sbtest4  (cost=0.43..6.59 rows=108 width=4)
	  Index Cond: ((id >= 5009677) AND (id <= 5009777))

table 5 : explain SELECT id FROM sbtest5 WHERE id BETWEEN 5009677 AND 5009777
	Index Only Scan using sbtest5_pkey on sbtest5  (cost=0.43..6.50 rows=103 width=4)
	  Index Cond: ((id >= 5009677) AND (id <= 5009777))

table 6 : explain SELECT id FROM sbtest6 WHERE id BETWEEN 5009677 AND 5009777
	Index Only Scan using sbtest6_pkey on sbtest6  (cost=0.43..6.61 rows=109 width=4)
	  Index Cond: ((id >= 5009677) AND (id <= 5009777))

table 7 : explain SELECT id FROM sbtest7 WHERE id BETWEEN 5009677 AND 5009777
	Index Only Scan using sbtest7_pkey on sbtest7  (cost=0.43..6.37 rows=97 width=4)
	  Index Cond: ((id >= 5009677) AND (id <= 5009777))

table 8 : explain SELECT id FROM sbtest8 WHERE id BETWEEN 5009677 AND 5009777
	Index Only Scan using sbtest8_pkey on sbtest8  (cost=0.43..6.35 rows=96 width=4)
	  Index Cond: ((id >= 5009677) AND (id <= 5009777))

for range-covered
table 1 : explain SELECT id FROM sbtest1 WHERE id BETWEEN 6522583 AND 6522683
	Index Only Scan using sbtest1_pkey on sbtest1  (cost=0.43..6.33 rows=95 width=4)
	  Index Cond: ((id >= 6522583) AND (id <= 6522683))

table 2 : explain SELECT id FROM sbtest2 WHERE id BETWEEN 6522583 AND 6522683
	Index Only Scan using sbtest2_pkey on sbtest2  (cost=0.43..6.27 rows=92 width=4)
	  Index Cond: ((id >= 6522583) AND (id <= 6522683))

table 3 : explain SELECT id FROM sbtest3 WHERE id BETWEEN 6522583 AND 6522683
	Index Only Scan using sbtest3_pkey on sbtest3  (cost=0.43..6.56 rows=106 width=4)
	  Index Cond: ((id >= 6522583) AND (id <= 6522683))

table 4 : explain SELECT id FROM sbtest4 WHERE id BETWEEN 6522583 AND 6522683
	Index Only Scan using sbtest4_pkey on sbtest4  (cost=0.43..6.35 rows=96 width=4)
	  Index Cond: ((id >= 6522583) AND (id <= 6522683))

table 5 : explain SELECT id FROM sbtest5 WHERE id BETWEEN 6522583 AND 6522683
	Index Only Scan using sbtest5_pkey on sbtest5  (cost=0.43..6.35 rows=96 width=4)
	  Index Cond: ((id >= 6522583) AND (id <= 6522683))

table 6 : explain SELECT id FROM sbtest6 WHERE id BETWEEN 6522583 AND 6522683
	Index Only Scan using sbtest6_pkey on sbtest6  (cost=0.43..6.37 rows=97 width=4)
	  Index Cond: ((id >= 6522583) AND (id <= 6522683))

table 7 : explain SELECT id FROM sbtest7 WHERE id BETWEEN 6522583 AND 6522683
	Index Only Scan using sbtest7_pkey on sbtest7  (cost=0.43..6.33 rows=95 width=4)
	  Index Cond: ((id >= 6522583) AND (id <= 6522683))

table 8 : explain SELECT id FROM sbtest8 WHERE id BETWEEN 6522583 AND 6522683
	Index Only Scan using sbtest8_pkey on sbtest8  (cost=0.43..6.51 rows=104 width=4)
	  Index Cond: ((id >= 6522583) AND (id <= 6522683))

explain: for range-covered :: explain SELECT id FROM sbtest%d WHERE id BETWEEN 2154588 AND 2154688
explain: for range-covered :: explain SELECT id FROM sbtest%d WHERE id BETWEEN 6522583 AND 6522683
for range-covered
table 1 : explain SELECT id FROM sbtest1 WHERE id BETWEEN 6866655 AND 6866755
	Index Only Scan using sbtest1_pkey on sbtest1  (cost=0.43..6.58 rows=107 width=4)
	  Index Cond: ((id >= 6866655) AND (id <= 6866755))

table 2 : explain SELECT id FROM sbtest2 WHERE id BETWEEN 6866655 AND 6866755
	Index Only Scan using sbtest2_pkey on sbtest2  (cost=0.43..6.35 rows=96 width=4)
	  Index Cond: ((id >= 6866655) AND (id <= 6866755))

table 3 : explain SELECT id FROM sbtest3 WHERE id BETWEEN 6866655 AND 6866755
	Index Only Scan using sbtest3_pkey on sbtest3  (cost=0.43..6.43 rows=100 width=4)
	  Index Cond: ((id >= 6866655) AND (id <= 6866755))

table 4 : explain SELECT id FROM sbtest4 WHERE id BETWEEN 6866655 AND 6866755
	Index Only Scan using sbtest4_pkey on sbtest4  (cost=0.43..6.43 rows=100 width=4)
	  Index Cond: ((id >= 6866655) AND (id <= 6866755))

table 5 : explain SELECT id FROM sbtest5 WHERE id BETWEEN 6866655 AND 6866755
	Index Only Scan using sbtest5_pkey on sbtest5  (cost=0.43..6.37 rows=97 width=4)
	  Index Cond: ((id >= 6866655) AND (id <= 6866755))

table 6 : explain SELECT id FROM sbtest6 WHERE id BETWEEN 6866655 AND 6866755
	Index Only Scan using sbtest6_pkey on sbtest6  (cost=0.43..6.56 rows=106 width=4)
	  Index Cond: ((id >= 6866655) AND (id <= 6866755))

table 7 : explain SELECT id FROM sbtest7 WHERE id BETWEEN 6866655 AND 6866755
	Index Only Scan using sbtest7_pkey on sbtest7  (cost=0.43..6.29 rows=93 width=4)
	  Index Cond: ((id >= 6866655) AND (id <= 6866755))

table 8 : explain SELECT id FROM sbtest8 WHERE id BETWEEN 6866655 AND 6866755
	Index Only Scan using sbtest8_pkey on sbtest8  (cost=0.43..6.58 rows=107 width=4)
	  Index Cond: ((id >= 6866655) AND (id <= 6866755))

for range-covered
table 1 : explain SELECT id FROM sbtest1 WHERE id BETWEEN 1617391 AND 1617491
	Index Only Scan using sbtest1_pkey on sbtest1  (cost=0.43..6.25 rows=91 width=4)
	  Index Cond: ((id >= 1617391) AND (id <= 1617491))

table 2 : explain SELECT id FROM sbtest2 WHERE id BETWEEN 1617391 AND 1617491
	Index Only Scan using sbtest2_pkey on sbtest2  (cost=0.43..6.42 rows=99 width=4)
	  Index Cond: ((id >= 1617391) AND (id <= 1617491))

table 3 : explain SELECT id FROM sbtest3 WHERE id BETWEEN 1617391 AND 1617491
	Index Only Scan using sbtest3_pkey on sbtest3  (cost=0.43..6.53 rows=105 width=4)
	  Index Cond: ((id >= 1617391) AND (id <= 1617491))

table 4 : explain SELECT id FROM sbtest4 WHERE id BETWEEN 1617391 AND 1617491
	Index Only Scan using sbtest4_pkey on sbtest4  (cost=0.43..6.35 rows=96 width=4)
	  Index Cond: ((id >= 1617391) AND (id <= 1617491))

table 5 : explain SELECT id FROM sbtest5 WHERE id BETWEEN 1617391 AND 1617491
	Index Only Scan using sbtest5_pkey on sbtest5  (cost=0.43..6.50 rows=103 width=4)
	  Index Cond: ((id >= 1617391) AND (id <= 1617491))

table 6 : explain SELECT id FROM sbtest6 WHERE id BETWEEN 1617391 AND 1617491
	Index Only Scan using sbtest6_pkey on sbtest6  (cost=0.43..6.35 rows=96 width=4)
	  Index Cond: ((id >= 1617391) AND (id <= 1617491))

table 7 : explain SELECT id FROM sbtest7 WHERE id BETWEEN 1617391 AND 1617491
	Index Only Scan using sbtest7_pkey on sbtest7  (cost=0.43..6.51 rows=104 width=4)
	  Index Cond: ((id >= 1617391) AND (id <= 1617491))

table 8 : explain SELECT id FROM sbtest8 WHERE id BETWEEN 1617391 AND 1617491
	Index Only Scan using sbtest8_pkey on sbtest8  (cost=0.43..6.37 rows=97 width=4)
	  Index Cond: ((id >= 1617391) AND (id <= 1617491))

explain: for range-covered :: explain SELECT id FROM sbtest%d WHERE id BETWEEN 4773701 AND 4773801
for range-covered
table 1 : explain SELECT id FROM sbtest1 WHERE id BETWEEN 4158370 AND 4158470
	Index Only Scan using sbtest1_pkey on sbtest1  (cost=0.43..6.45 rows=101 width=4)
	  Index Cond: ((id >= 4158370) AND (id <= 4158470))

table 2 : explain SELECT id FROM sbtest2 WHERE id BETWEEN 4158370 AND 4158470
	Index Only Scan using sbtest2_pkey on sbtest2  (cost=0.43..6.37 rows=97 width=4)
	  Index Cond: ((id >= 4158370) AND (id <= 4158470))

table 3 : explain SELECT id FROM sbtest3 WHERE id BETWEEN 4158370 AND 4158470
	Index Only Scan using sbtest3_pkey on sbtest3  (cost=0.43..6.50 rows=103 width=4)
	  Index Cond: ((id >= 4158370) AND (id <= 4158470))

table 4 : explain SELECT id FROM sbtest4 WHERE id BETWEEN 4158370 AND 4158470
	Index Only Scan using sbtest4_pkey on sbtest4  (cost=0.43..6.75 rows=116 width=4)
	  Index Cond: ((id >= 4158370) AND (id <= 4158470))

table 5 : explain SELECT id FROM sbtest5 WHERE id BETWEEN 4158370 AND 4158470
	Index Only Scan using sbtest5_pkey on sbtest5  (cost=0.43..6.45 rows=101 width=4)
	  Index Cond: ((id >= 4158370) AND (id <= 4158470))

table 6 : explain SELECT id FROM sbtest6 WHERE id BETWEEN 4158370 AND 4158470
	Index Only Scan using sbtest6_pkey on sbtest6  (cost=0.43..6.45 rows=101 width=4)
	  Index Cond: ((id >= 4158370) AND (id <= 4158470))

table 7 : explain SELECT id FROM sbtest7 WHERE id BETWEEN 4158370 AND 4158470
	Index Only Scan using sbtest7_pkey on sbtest7  (cost=0.43..6.40 rows=98 width=4)
	  Index Cond: ((id >= 4158370) AND (id <= 4158470))

table 8 : explain SELECT id FROM sbtest8 WHERE id BETWEEN 4158370 AND 4158470
	Index Only Scan using sbtest8_pkey on sbtest8  (cost=0.43..6.53 rows=105 width=4)
	  Index Cond: ((id >= 4158370) AND (id <= 4158470))

explain: for range-covered :: explain SELECT id FROM sbtest%d WHERE id BETWEEN 4158370 AND 4158470
for range-covered
table 1 : explain SELECT id FROM sbtest1 WHERE id BETWEEN 2939171 AND 2939271
	Index Only Scan using sbtest1_pkey on sbtest1  (cost=0.43..6.33 rows=95 width=4)
	  Index Cond: ((id >= 2939171) AND (id <= 2939271))

table 2 : explain SELECT id FROM sbtest2 WHERE id BETWEEN 2939171 AND 2939271
	Index Only Scan using sbtest2_pkey on sbtest2  (cost=0.43..6.35 rows=96 width=4)
	  Index Cond: ((id >= 2939171) AND (id <= 2939271))

table 3 : explain SELECT id FROM sbtest3 WHERE id BETWEEN 2939171 AND 2939271
	Index Only Scan using sbtest3_pkey on sbtest3  (cost=0.43..6.40 rows=98 width=4)
	  Index Cond: ((id >= 2939171) AND (id <= 2939271))

table 4 : explain SELECT id FROM sbtest4 WHERE id BETWEEN 2939171 AND 2939271
	Index Only Scan using sbtest4_pkey on sbtest4  (cost=0.43..6.40 rows=98 width=4)
	  Index Cond: ((id >= 2939171) AND (id <= 2939271))

table 5 : explain SELECT id FROM sbtest5 WHERE id BETWEEN 2939171 AND 2939271
	Index Only Scan using sbtest5_pkey on sbtest5  (cost=0.43..6.29 rows=93 width=4)
	  Index Cond: ((id >= 2939171) AND (id <= 2939271))

table 6 : explain SELECT id FROM sbtest6 WHERE id BETWEEN 2939171 AND 2939271
	Index Only Scan using sbtest6_pkey on sbtest6  (cost=0.43..6.51 rows=104 width=4)
	  Index Cond: ((id >= 2939171) AND (id <= 2939271))

table 7 : explain SELECT id FROM sbtest7 WHERE id BETWEEN 2939171 AND 2939271
	Index Only Scan using sbtest7_pkey on sbtest7  (cost=0.43..6.40 rows=98 width=4)
	  Index Cond: ((id >= 2939171) AND (id <= 2939271))

table 8 : explain SELECT id FROM sbtest8 WHERE id BETWEEN 2939171 AND 2939271
	Index Only Scan using sbtest8_pkey on sbtest8  (cost=0.43..6.37 rows=97 width=4)
	  Index Cond: ((id >= 2939171) AND (id <= 2939271))

explain: for range-covered :: explain SELECT id FROM sbtest%d WHERE id BETWEEN 6866655 AND 6866755
explain: for range-covered :: explain SELECT id FROM sbtest%d WHERE id BETWEEN 2939171 AND 2939271
for range-covered
table 1 : explain SELECT id FROM sbtest1 WHERE id BETWEEN 5883207 AND 5883307
	Index Only Scan using sbtest1_pkey on sbtest1  (cost=0.43..6.45 rows=101 width=4)
	  Index Cond: ((id >= 5883207) AND (id <= 5883307))

table 2 : explain SELECT id FROM sbtest2 WHERE id BETWEEN 5883207 AND 5883307
	Index Only Scan using sbtest2_pkey on sbtest2  (cost=0.43..6.56 rows=106 width=4)
	  Index Cond: ((id >= 5883207) AND (id <= 5883307))

table 3 : explain SELECT id FROM sbtest3 WHERE id BETWEEN 5883207 AND 5883307
	Index Only Scan using sbtest3_pkey on sbtest3  (cost=0.43..6.32 rows=94 width=4)
	  Index Cond: ((id >= 5883207) AND (id <= 5883307))

table 4 : explain SELECT id FROM sbtest4 WHERE id BETWEEN 5883207 AND 5883307
	Index Only Scan using sbtest4_pkey on sbtest4  (cost=0.43..6.56 rows=106 width=4)
	  Index Cond: ((id >= 5883207) AND (id <= 5883307))

table 5 : explain SELECT id FROM sbtest5 WHERE id BETWEEN 5883207 AND 5883307
	Index Only Scan using sbtest5_pkey on sbtest5  (cost=0.43..6.35 rows=96 width=4)
	  Index Cond: ((id >= 5883207) AND (id <= 5883307))

table 6 : explain SELECT id FROM sbtest6 WHERE id BETWEEN 5883207 AND 5883307
	Index Only Scan using sbtest6_pkey on sbtest6  (cost=0.43..6.45 rows=101 width=4)
	  Index Cond: ((id >= 5883207) AND (id <= 5883307))

table 7 : explain SELECT id FROM sbtest7 WHERE id BETWEEN 5883207 AND 5883307
	Index Only Scan using sbtest7_pkey on sbtest7  (cost=0.43..6.32 rows=94 width=4)
	  Index Cond: ((id >= 5883207) AND (id <= 5883307))

table 8 : explain SELECT id FROM sbtest8 WHERE id BETWEEN 5883207 AND 5883307
	Index Only Scan using sbtest8_pkey on sbtest8  (cost=0.43..6.67 rows=112 width=4)
	  Index Cond: ((id >= 5883207) AND (id <= 5883307))

for range-covered
table 1 : explain SELECT id FROM sbtest1 WHERE id BETWEEN 5779470 AND 5779570
	Index Only Scan using sbtest1_pkey on sbtest1  (cost=0.43..6.47 rows=102 width=4)
	  Index Cond: ((id >= 5779470) AND (id <= 5779570))

table 2 : explain SELECT id FROM sbtest2 WHERE id BETWEEN 5779470 AND 5779570
	Index Only Scan using sbtest2_pkey on sbtest2  (cost=0.43..6.53 rows=105 width=4)
	  Index Cond: ((id >= 5779470) AND (id <= 5779570))

table 3 : explain SELECT id FROM sbtest3 WHERE id BETWEEN 5779470 AND 5779570
	Index Only Scan using sbtest3_pkey on sbtest3  (cost=0.43..6.27 rows=92 width=4)
	  Index Cond: ((id >= 5779470) AND (id <= 5779570))

table 4 : explain SELECT id FROM sbtest4 WHERE id BETWEEN 5779470 AND 5779570
	Index Only Scan using sbtest4_pkey on sbtest4  (cost=0.43..6.43 rows=100 width=4)
	  Index Cond: ((id >= 5779470) AND (id <= 5779570))

table 5 : explain SELECT id FROM sbtest5 WHERE id BETWEEN 5779470 AND 5779570
	Index Only Scan using sbtest5_pkey on sbtest5  (cost=0.43..6.32 rows=94 width=4)
	  Index Cond: ((id >= 5779470) AND (id <= 5779570))

table 6 : explain SELECT id FROM sbtest6 WHERE id BETWEEN 5779470 AND 5779570
	Index Only Scan using sbtest6_pkey on sbtest6  (cost=0.43..6.66 rows=111 width=4)
	  Index Cond: ((id >= 5779470) AND (id <= 5779570))

table 7 : explain SELECT id FROM sbtest7 WHERE id BETWEEN 5779470 AND 5779570
	Index Only Scan using sbtest7_pkey on sbtest7  (cost=0.43..6.56 rows=106 width=4)
	  Index Cond: ((id >= 5779470) AND (id <= 5779570))

table 8 : explain SELECT id FROM sbtest8 WHERE id BETWEEN 5779470 AND 5779570
	Index Only Scan using sbtest8_pkey on sbtest8  (cost=0.43..6.53 rows=105 width=4)
	  Index Cond: ((id >= 5779470) AND (id <= 5779570))

explain: for range-covered :: explain SELECT id FROM sbtest%d WHERE id BETWEEN 5779470 AND 5779570
explain: for range-covered :: explain SELECT id FROM sbtest%d WHERE id BETWEEN 4983788 AND 4983888
for range-covered
table 1 : explain SELECT id FROM sbtest1 WHERE id BETWEEN 2154588 AND 2154688
	Index Only Scan using sbtest1_pkey on sbtest1  (cost=0.43..6.69 rows=113 width=4)
	  Index Cond: ((id >= 2154588) AND (id <= 2154688))

table 2 : explain SELECT id FROM sbtest2 WHERE id BETWEEN 2154588 AND 2154688
	Index Only Scan using sbtest2_pkey on sbtest2  (cost=0.43..6.56 rows=106 width=4)
	  Index Cond: ((id >= 2154588) AND (id <= 2154688))

table 3 : explain SELECT id FROM sbtest3 WHERE id BETWEEN 2154588 AND 2154688
	Index Only Scan using sbtest3_pkey on sbtest3  (cost=0.43..6.43 rows=100 width=4)
	  Index Cond: ((id >= 2154588) AND (id <= 2154688))

table 4 : explain SELECT id FROM sbtest4 WHERE id BETWEEN 2154588 AND 2154688
	Index Only Scan using sbtest4_pkey on sbtest4  (cost=0.43..6.32 rows=94 width=4)
	  Index Cond: ((id >= 2154588) AND (id <= 2154688))

table 5 : explain SELECT id FROM sbtest5 WHERE id BETWEEN 2154588 AND 2154688
	Index Only Scan using sbtest5_pkey on sbtest5  (cost=0.43..6.50 rows=103 width=4)
	  Index Cond: ((id >= 2154588) AND (id <= 2154688))

table 6 : explain SELECT id FROM sbtest6 WHERE id BETWEEN 2154588 AND 2154688
	Index Only Scan using sbtest6_pkey on sbtest6  (cost=0.43..6.27 rows=92 width=4)
	  Index Cond: ((id >= 2154588) AND (id <= 2154688))

table 7 : explain SELECT id FROM sbtest7 WHERE id BETWEEN 2154588 AND 2154688
	Index Only Scan using sbtest7_pkey on sbtest7  (cost=0.43..6.29 rows=93 width=4)
	  Index Cond: ((id >= 2154588) AND (id <= 2154688))

table 8 : explain SELECT id FROM sbtest8 WHERE id BETWEEN 2154588 AND 2154688
	Index Only Scan using sbtest8_pkey on sbtest8  (cost=0.43..6.58 rows=107 width=4)
	  Index Cond: ((id >= 2154588) AND (id <= 2154688))

explain: for range-covered :: explain SELECT id FROM sbtest%d WHERE id BETWEEN 2154588 AND 2154688
explain: for range-covered :: explain SELECT id FROM sbtest%d WHERE id BETWEEN 5883207 AND 5883307
explain: for range-covered :: explain SELECT id FROM sbtest%d WHERE id BETWEEN 4351132 AND 4351232
for range-covered
table 1 : explain SELECT id FROM sbtest1 WHERE id BETWEEN 4158370 AND 4158470
	Index Only Scan using sbtest1_pkey on sbtest1  (cost=0.43..6.45 rows=101 width=4)
	  Index Cond: ((id >= 4158370) AND (id <= 4158470))

table 2 : explain SELECT id FROM sbtest2 WHERE id BETWEEN 4158370 AND 4158470
	Index Only Scan using sbtest2_pkey on sbtest2  (cost=0.43..6.37 rows=97 width=4)
	  Index Cond: ((id >= 4158370) AND (id <= 4158470))

table 3 : explain SELECT id FROM sbtest3 WHERE id BETWEEN 4158370 AND 4158470
	Index Only Scan using sbtest3_pkey on sbtest3  (cost=0.43..6.50 rows=103 width=4)
	  Index Cond: ((id >= 4158370) AND (id <= 4158470))

table 4 : explain SELECT id FROM sbtest4 WHERE id BETWEEN 4158370 AND 4158470
	Index Only Scan using sbtest4_pkey on sbtest4  (cost=0.43..6.75 rows=116 width=4)
	  Index Cond: ((id >= 4158370) AND (id <= 4158470))

table 5 : explain SELECT id FROM sbtest5 WHERE id BETWEEN 4158370 AND 4158470
	Index Only Scan using sbtest5_pkey on sbtest5  (cost=0.43..6.45 rows=101 width=4)
	  Index Cond: ((id >= 4158370) AND (id <= 4158470))

table 6 : explain SELECT id FROM sbtest6 WHERE id BETWEEN 4158370 AND 4158470
	Index Only Scan using sbtest6_pkey on sbtest6  (cost=0.43..6.45 rows=101 width=4)
	  Index Cond: ((id >= 4158370) AND (id <= 4158470))

table 7 : explain SELECT id FROM sbtest7 WHERE id BETWEEN 4158370 AND 4158470
	Index Only Scan using sbtest7_pkey on sbtest7  (cost=0.43..6.40 rows=98 width=4)
	  Index Cond: ((id >= 4158370) AND (id <= 4158470))

table 8 : explain SELECT id FROM sbtest8 WHERE id BETWEEN 4158370 AND 4158470
	Index Only Scan using sbtest8_pkey on sbtest8  (cost=0.43..6.53 rows=105 width=4)
	  Index Cond: ((id >= 4158370) AND (id <= 4158470))

explain: for range-covered :: explain SELECT id FROM sbtest%d WHERE id BETWEEN 4158370 AND 4158470
for range-covered
table 1 : explain SELECT id FROM sbtest1 WHERE id BETWEEN 5779470 AND 5779570
	Index Only Scan using sbtest1_pkey on sbtest1  (cost=0.43..6.47 rows=102 width=4)
	  Index Cond: ((id >= 5779470) AND (id <= 5779570))

table 2 : explain SELECT id FROM sbtest2 WHERE id BETWEEN 5779470 AND 5779570
	Index Only Scan using sbtest2_pkey on sbtest2  (cost=0.43..6.53 rows=105 width=4)
	  Index Cond: ((id >= 5779470) AND (id <= 5779570))

table 3 : explain SELECT id FROM sbtest3 WHERE id BETWEEN 5779470 AND 5779570
	Index Only Scan using sbtest3_pkey on sbtest3  (cost=0.43..6.27 rows=92 width=4)
	  Index Cond: ((id >= 5779470) AND (id <= 5779570))

table 4 : explain SELECT id FROM sbtest4 WHERE id BETWEEN 5779470 AND 5779570
	Index Only Scan using sbtest4_pkey on sbtest4  (cost=0.43..6.43 rows=100 width=4)
	  Index Cond: ((id >= 5779470) AND (id <= 5779570))

table 5 : explain SELECT id FROM sbtest5 WHERE id BETWEEN 5779470 AND 5779570
	Index Only Scan using sbtest5_pkey on sbtest5  (cost=0.43..6.32 rows=94 width=4)
	  Index Cond: ((id >= 5779470) AND (id <= 5779570))

table 6 : explain SELECT id FROM sbtest6 WHERE id BETWEEN 5779470 AND 5779570
	Index Only Scan using sbtest6_pkey on sbtest6  (cost=0.43..6.66 rows=111 width=4)
	  Index Cond: ((id >= 5779470) AND (id <= 5779570))

table 7 : explain SELECT id FROM sbtest7 WHERE id BETWEEN 5779470 AND 5779570
	Index Only Scan using sbtest7_pkey on sbtest7  (cost=0.43..6.56 rows=106 width=4)
	  Index Cond: ((id >= 5779470) AND (id <= 5779570))

table 8 : explain SELECT id FROM sbtest8 WHERE id BETWEEN 5779470 AND 5779570
	Index Only Scan using sbtest8_pkey on sbtest8  (cost=0.43..6.53 rows=105 width=4)
	  Index Cond: ((id >= 5779470) AND (id <= 5779570))

for range-covered
table 1 : explain SELECT id FROM sbtest1 WHERE id BETWEEN 6522583 AND 6522683
	Index Only Scan using sbtest1_pkey on sbtest1  (cost=0.43..6.33 rows=95 width=4)
	  Index Cond: ((id >= 6522583) AND (id <= 6522683))

table 2 : explain SELECT id FROM sbtest2 WHERE id BETWEEN 6522583 AND 6522683
	Index Only Scan using sbtest2_pkey on sbtest2  (cost=0.43..6.27 rows=92 width=4)
	  Index Cond: ((id >= 6522583) AND (id <= 6522683))

table 3 : explain SELECT id FROM sbtest3 WHERE id BETWEEN 6522583 AND 6522683
	Index Only Scan using sbtest3_pkey on sbtest3  (cost=0.43..6.56 rows=106 width=4)
	  Index Cond: ((id >= 6522583) AND (id <= 6522683))

table 4 : explain SELECT id FROM sbtest4 WHERE id BETWEEN 6522583 AND 6522683
	Index Only Scan using sbtest4_pkey on sbtest4  (cost=0.43..6.35 rows=96 width=4)
	  Index Cond: ((id >= 6522583) AND (id <= 6522683))

table 5 : explain SELECT id FROM sbtest5 WHERE id BETWEEN 6522583 AND 6522683
	Index Only Scan using sbtest5_pkey on sbtest5  (cost=0.43..6.35 rows=96 width=4)
	  Index Cond: ((id >= 6522583) AND (id <= 6522683))

table 6 : explain SELECT id FROM sbtest6 WHERE id BETWEEN 6522583 AND 6522683
	Index Only Scan using sbtest6_pkey on sbtest6  (cost=0.43..6.37 rows=97 width=4)
	  Index Cond: ((id >= 6522583) AND (id <= 6522683))

table 7 : explain SELECT id FROM sbtest7 WHERE id BETWEEN 6522583 AND 6522683
	Index Only Scan using sbtest7_pkey on sbtest7  (cost=0.43..6.33 rows=95 width=4)
	  Index Cond: ((id >= 6522583) AND (id <= 6522683))

table 8 : explain SELECT id FROM sbtest8 WHERE id BETWEEN 6522583 AND 6522683
	Index Only Scan using sbtest8_pkey on sbtest8  (cost=0.43..6.51 rows=104 width=4)
	  Index Cond: ((id >= 6522583) AND (id <= 6522683))

explain: for range-covered :: explain SELECT id FROM sbtest%d WHERE id BETWEEN 5779470 AND 5779570
for range-covered
table 1 : explain SELECT id FROM sbtest1 WHERE id BETWEEN 6281070 AND 6281170
	Index Only Scan using sbtest1_pkey on sbtest1  (cost=0.43..6.35 rows=96 width=4)
	  Index Cond: ((id >= 6281070) AND (id <= 6281170))

table 2 : explain SELECT id FROM sbtest2 WHERE id BETWEEN 6281070 AND 6281170
	Index Only Scan using sbtest2_pkey on sbtest2  (cost=0.43..6.37 rows=97 width=4)
	  Index Cond: ((id >= 6281070) AND (id <= 6281170))

table 3 : explain SELECT id FROM sbtest3 WHERE id BETWEEN 6281070 AND 6281170
	Index Only Scan using sbtest3_pkey on sbtest3  (cost=0.43..6.43 rows=100 width=4)
	  Index Cond: ((id >= 6281070) AND (id <= 6281170))

table 4 : explain SELECT id FROM sbtest4 WHERE id BETWEEN 6281070 AND 6281170
	Index Only Scan using sbtest4_pkey on sbtest4  (cost=0.43..6.27 rows=92 width=4)
	  Index Cond: ((id >= 6281070) AND (id <= 6281170))

table 5 : explain SELECT id FROM sbtest5 WHERE id BETWEEN 6281070 AND 6281170
	Index Only Scan using sbtest5_pkey on sbtest5  (cost=0.43..6.43 rows=100 width=4)
	  Index Cond: ((id >= 6281070) AND (id <= 6281170))

table 6 : explain SELECT id FROM sbtest6 WHERE id BETWEEN 6281070 AND 6281170
	Index Only Scan using sbtest6_pkey on sbtest6  (cost=0.43..6.53 rows=105 width=4)
	  Index Cond: ((id >= 6281070) AND (id <= 6281170))

table 7 : explain SELECT id FROM sbtest7 WHERE id BETWEEN 6281070 AND 6281170
	Index Only Scan using sbtest7_pkey on sbtest7  (cost=0.43..6.47 rows=102 width=4)
	  Index Cond: ((id >= 6281070) AND (id <= 6281170))

table 8 : explain SELECT id FROM sbtest8 WHERE id BETWEEN 6281070 AND 6281170
	Index Only Scan using sbtest8_pkey on sbtest8  (cost=0.43..6.40 rows=98 width=4)
	  Index Cond: ((id >= 6281070) AND (id <= 6281170))

for range-covered
table 1 : explain SELECT id FROM sbtest1 WHERE id BETWEEN 2154588 AND 2154688
	Index Only Scan using sbtest1_pkey on sbtest1  (cost=0.43..6.69 rows=113 width=4)
	  Index Cond: ((id >= 2154588) AND (id <= 2154688))

table 2 : explain SELECT id FROM sbtest2 WHERE id BETWEEN 2154588 AND 2154688
	Index Only Scan using sbtest2_pkey on sbtest2  (cost=0.43..6.56 rows=106 width=4)
	  Index Cond: ((id >= 2154588) AND (id <= 2154688))

table 3 : explain SELECT id FROM sbtest3 WHERE id BETWEEN 2154588 AND 2154688
	Index Only Scan using sbtest3_pkey on sbtest3  (cost=0.43..6.43 rows=100 width=4)
	  Index Cond: ((id >= 2154588) AND (id <= 2154688))

table 4 : explain SELECT id FROM sbtest4 WHERE id BETWEEN 2154588 AND 2154688
	Index Only Scan using sbtest4_pkey on sbtest4  (cost=0.43..6.32 rows=94 width=4)
	  Index Cond: ((id >= 2154588) AND (id <= 2154688))

table 5 : explain SELECT id FROM sbtest5 WHERE id BETWEEN 2154588 AND 2154688
	Index Only Scan using sbtest5_pkey on sbtest5  (cost=0.43..6.50 rows=103 width=4)
	  Index Cond: ((id >= 2154588) AND (id <= 2154688))

table 6 : explain SELECT id FROM sbtest6 WHERE id BETWEEN 2154588 AND 2154688
	Index Only Scan using sbtest6_pkey on sbtest6  (cost=0.43..6.27 rows=92 width=4)
	  Index Cond: ((id >= 2154588) AND (id <= 2154688))

table 7 : explain SELECT id FROM sbtest7 WHERE id BETWEEN 2154588 AND 2154688
	Index Only Scan using sbtest7_pkey on sbtest7  (cost=0.43..6.29 rows=93 width=4)
	  Index Cond: ((id >= 2154588) AND (id <= 2154688))

table 8 : explain SELECT id FROM sbtest8 WHERE id BETWEEN 2154588 AND 2154688
	Index Only Scan using sbtest8_pkey on sbtest8  (cost=0.43..6.58 rows=107 width=4)
	  Index Cond: ((id >= 2154588) AND (id <= 2154688))

for range-covered
table 1 : explain SELECT id FROM sbtest1 WHERE id BETWEEN 5883207 AND 5883307
	Index Only Scan using sbtest1_pkey on sbtest1  (cost=0.43..6.45 rows=101 width=4)
	  Index Cond: ((id >= 5883207) AND (id <= 5883307))

table 2 : explain SELECT id FROM sbtest2 WHERE id BETWEEN 5883207 AND 5883307
	Index Only Scan using sbtest2_pkey on sbtest2  (cost=0.43..6.56 rows=106 width=4)
	  Index Cond: ((id >= 5883207) AND (id <= 5883307))

table 3 : explain SELECT id FROM sbtest3 WHERE id BETWEEN 5883207 AND 5883307
	Index Only Scan using sbtest3_pkey on sbtest3  (cost=0.43..6.32 rows=94 width=4)
	  Index Cond: ((id >= 5883207) AND (id <= 5883307))

table 4 : explain SELECT id FROM sbtest4 WHERE id BETWEEN 5883207 AND 5883307
	Index Only Scan using sbtest4_pkey on sbtest4  (cost=0.43..6.56 rows=106 width=4)
	  Index Cond: ((id >= 5883207) AND (id <= 5883307))

table 5 : explain SELECT id FROM sbtest5 WHERE id BETWEEN 5883207 AND 5883307
	Index Only Scan using sbtest5_pkey on sbtest5  (cost=0.43..6.35 rows=96 width=4)
	  Index Cond: ((id >= 5883207) AND (id <= 5883307))

table 6 : explain SELECT id FROM sbtest6 WHERE id BETWEEN 5883207 AND 5883307
	Index Only Scan using sbtest6_pkey on sbtest6  (cost=0.43..6.45 rows=101 width=4)
	  Index Cond: ((id >= 5883207) AND (id <= 5883307))

table 7 : explain SELECT id FROM sbtest7 WHERE id BETWEEN 5883207 AND 5883307
	Index Only Scan using sbtest7_pkey on sbtest7  (cost=0.43..6.32 rows=94 width=4)
	  Index Cond: ((id >= 5883207) AND (id <= 5883307))

table 8 : explain SELECT id FROM sbtest8 WHERE id BETWEEN 5883207 AND 5883307
	Index Only Scan using sbtest8_pkey on sbtest8  (cost=0.43..6.67 rows=112 width=4)
	  Index Cond: ((id >= 5883207) AND (id <= 5883307))

explain: for range-covered :: explain SELECT id FROM sbtest%d WHERE id BETWEEN 2154588 AND 2154688
for range-covered
table 1 : explain SELECT id FROM sbtest1 WHERE id BETWEEN 2939171 AND 2939271
	Index Only Scan using sbtest1_pkey on sbtest1  (cost=0.43..6.33 rows=95 width=4)
	  Index Cond: ((id >= 2939171) AND (id <= 2939271))

table 2 : explain SELECT id FROM sbtest2 WHERE id BETWEEN 2939171 AND 2939271
	Index Only Scan using sbtest2_pkey on sbtest2  (cost=0.43..6.35 rows=96 width=4)
	  Index Cond: ((id >= 2939171) AND (id <= 2939271))

table 3 : explain SELECT id FROM sbtest3 WHERE id BETWEEN 2939171 AND 2939271
	Index Only Scan using sbtest3_pkey on sbtest3  (cost=0.43..6.40 rows=98 width=4)
	  Index Cond: ((id >= 2939171) AND (id <= 2939271))

table 4 : explain SELECT id FROM sbtest4 WHERE id BETWEEN 2939171 AND 2939271
	Index Only Scan using sbtest4_pkey on sbtest4  (cost=0.43..6.40 rows=98 width=4)
	  Index Cond: ((id >= 2939171) AND (id <= 2939271))

table 5 : explain SELECT id FROM sbtest5 WHERE id BETWEEN 2939171 AND 2939271
	Index Only Scan using sbtest5_pkey on sbtest5  (cost=0.43..6.29 rows=93 width=4)
	  Index Cond: ((id >= 2939171) AND (id <= 2939271))

table 6 : explain SELECT id FROM sbtest6 WHERE id BETWEEN 2939171 AND 2939271
	Index Only Scan using sbtest6_pkey on sbtest6  (cost=0.43..6.51 rows=104 width=4)
	  Index Cond: ((id >= 2939171) AND (id <= 2939271))

table 7 : explain SELECT id FROM sbtest7 WHERE id BETWEEN 2939171 AND 2939271
	Index Only Scan using sbtest7_pkey on sbtest7  (cost=0.43..6.40 rows=98 width=4)
	  Index Cond: ((id >= 2939171) AND (id <= 2939271))

table 8 : explain SELECT id FROM sbtest8 WHERE id BETWEEN 2939171 AND 2939271
	Index Only Scan using sbtest8_pkey on sbtest8  (cost=0.43..6.37 rows=97 width=4)
	  Index Cond: ((id >= 2939171) AND (id <= 2939271))

explain: for range-covered :: explain SELECT id FROM sbtest%d WHERE id BETWEEN 5883207 AND 5883307
for range-covered
table 1 : explain SELECT id FROM sbtest1 WHERE id BETWEEN 4158370 AND 4158470
	Index Only Scan using sbtest1_pkey on sbtest1  (cost=0.43..6.45 rows=101 width=4)
	  Index Cond: ((id >= 4158370) AND (id <= 4158470))

table 2 : explain SELECT id FROM sbtest2 WHERE id BETWEEN 4158370 AND 4158470
	Index Only Scan using sbtest2_pkey on sbtest2  (cost=0.43..6.37 rows=97 width=4)
	  Index Cond: ((id >= 4158370) AND (id <= 4158470))

table 3 : explain SELECT id FROM sbtest3 WHERE id BETWEEN 4158370 AND 4158470
	Index Only Scan using sbtest3_pkey on sbtest3  (cost=0.43..6.50 rows=103 width=4)
	  Index Cond: ((id >= 4158370) AND (id <= 4158470))

table 4 : explain SELECT id FROM sbtest4 WHERE id BETWEEN 4158370 AND 4158470
	Index Only Scan using sbtest4_pkey on sbtest4  (cost=0.43..6.75 rows=116 width=4)
	  Index Cond: ((id >= 4158370) AND (id <= 4158470))

table 5 : explain SELECT id FROM sbtest5 WHERE id BETWEEN 4158370 AND 4158470
	Index Only Scan using sbtest5_pkey on sbtest5  (cost=0.43..6.45 rows=101 width=4)
	  Index Cond: ((id >= 4158370) AND (id <= 4158470))

table 6 : explain SELECT id FROM sbtest6 WHERE id BETWEEN 4158370 AND 4158470
	Index Only Scan using sbtest6_pkey on sbtest6  (cost=0.43..6.45 rows=101 width=4)
	  Index Cond: ((id >= 4158370) AND (id <= 4158470))

table 7 : explain SELECT id FROM sbtest7 WHERE id BETWEEN 4158370 AND 4158470
	Index Only Scan using sbtest7_pkey on sbtest7  (cost=0.43..6.40 rows=98 width=4)
	  Index Cond: ((id >= 4158370) AND (id <= 4158470))

table 8 : explain SELECT id FROM sbtest8 WHERE id BETWEEN 4158370 AND 4158470
	Index Only Scan using sbtest8_pkey on sbtest8  (cost=0.43..6.53 rows=105 width=4)
	  Index Cond: ((id >= 4158370) AND (id <= 4158470))

for range-covered
table 1 : explain SELECT id FROM sbtest1 WHERE id BETWEEN 6866655 AND 6866755
	Index Only Scan using sbtest1_pkey on sbtest1  (cost=0.43..6.58 rows=107 width=4)
	  Index Cond: ((id >= 6866655) AND (id <= 6866755))

table 2 : explain SELECT id FROM sbtest2 WHERE id BETWEEN 6866655 AND 6866755
	Index Only Scan using sbtest2_pkey on sbtest2  (cost=0.43..6.35 rows=96 width=4)
	  Index Cond: ((id >= 6866655) AND (id <= 6866755))

table 3 : explain SELECT id FROM sbtest3 WHERE id BETWEEN 6866655 AND 6866755
	Index Only Scan using sbtest3_pkey on sbtest3  (cost=0.43..6.43 rows=100 width=4)
	  Index Cond: ((id >= 6866655) AND (id <= 6866755))

table 4 : explain SELECT id FROM sbtest4 WHERE id BETWEEN 6866655 AND 6866755
	Index Only Scan using sbtest4_pkey on sbtest4  (cost=0.43..6.43 rows=100 width=4)
	  Index Cond: ((id >= 6866655) AND (id <= 6866755))

table 5 : explain SELECT id FROM sbtest5 WHERE id BETWEEN 6866655 AND 6866755
	Index Only Scan using sbtest5_pkey on sbtest5  (cost=0.43..6.37 rows=97 width=4)
	  Index Cond: ((id >= 6866655) AND (id <= 6866755))

table 6 : explain SELECT id FROM sbtest6 WHERE id BETWEEN 6866655 AND 6866755
	Index Only Scan using sbtest6_pkey on sbtest6  (cost=0.43..6.56 rows=106 width=4)
	  Index Cond: ((id >= 6866655) AND (id <= 6866755))

table 7 : explain SELECT id FROM sbtest7 WHERE id BETWEEN 6866655 AND 6866755
	Index Only Scan using sbtest7_pkey on sbtest7  (cost=0.43..6.29 rows=93 width=4)
	  Index Cond: ((id >= 6866655) AND (id <= 6866755))

table 8 : explain SELECT id FROM sbtest8 WHERE id BETWEEN 6866655 AND 6866755
	Index Only Scan using sbtest8_pkey on sbtest8  (cost=0.43..6.58 rows=107 width=4)
	  Index Cond: ((id >= 6866655) AND (id <= 6866755))

explain: for range-covered :: explain SELECT id FROM sbtest%d WHERE id BETWEEN 6866655 AND 6866755
explain: for range-covered :: explain SELECT id FROM sbtest%d WHERE id BETWEEN 2939171 AND 2939271
explain: for range-covered :: explain SELECT id FROM sbtest%d WHERE id BETWEEN 6522583 AND 6522683
for range-covered
table 1 : explain SELECT id FROM sbtest1 WHERE id BETWEEN 5779470 AND 5779570
	Index Only Scan using sbtest1_pkey on sbtest1  (cost=0.43..6.47 rows=102 width=4)
	  Index Cond: ((id >= 5779470) AND (id <= 5779570))

table 2 : explain SELECT id FROM sbtest2 WHERE id BETWEEN 5779470 AND 5779570
	Index Only Scan using sbtest2_pkey on sbtest2  (cost=0.43..6.53 rows=105 width=4)
	  Index Cond: ((id >= 5779470) AND (id <= 5779570))

table 3 : explain SELECT id FROM sbtest3 WHERE id BETWEEN 5779470 AND 5779570
	Index Only Scan using sbtest3_pkey on sbtest3  (cost=0.43..6.27 rows=92 width=4)
	  Index Cond: ((id >= 5779470) AND (id <= 5779570))

table 4 : explain SELECT id FROM sbtest4 WHERE id BETWEEN 5779470 AND 5779570
	Index Only Scan using sbtest4_pkey on sbtest4  (cost=0.43..6.43 rows=100 width=4)
	  Index Cond: ((id >= 5779470) AND (id <= 5779570))

table 5 : explain SELECT id FROM sbtest5 WHERE id BETWEEN 5779470 AND 5779570
	Index Only Scan using sbtest5_pkey on sbtest5  (cost=0.43..6.32 rows=94 width=4)
	  Index Cond: ((id >= 5779470) AND (id <= 5779570))

table 6 : explain SELECT id FROM sbtest6 WHERE id BETWEEN 5779470 AND 5779570
	Index Only Scan using sbtest6_pkey on sbtest6  (cost=0.43..6.66 rows=111 width=4)
	  Index Cond: ((id >= 5779470) AND (id <= 5779570))

table 7 : explain SELECT id FROM sbtest7 WHERE id BETWEEN 5779470 AND 5779570
	Index Only Scan using sbtest7_pkey on sbtest7  (cost=0.43..6.56 rows=106 width=4)
	  Index Cond: ((id >= 5779470) AND (id <= 5779570))

table 8 : explain SELECT id FROM sbtest8 WHERE id BETWEEN 5779470 AND 5779570
	Index Only Scan using sbtest8_pkey on sbtest8  (cost=0.43..6.53 rows=105 width=4)
	  Index Cond: ((id >= 5779470) AND (id <= 5779570))

for range-covered
table 1 : explain SELECT id FROM sbtest1 WHERE id BETWEEN 5883207 AND 5883307
	Index Only Scan using sbtest1_pkey on sbtest1  (cost=0.43..6.45 rows=101 width=4)
	  Index Cond: ((id >= 5883207) AND (id <= 5883307))

table 2 : explain SELECT id FROM sbtest2 WHERE id BETWEEN 5883207 AND 5883307
	Index Only Scan using sbtest2_pkey on sbtest2  (cost=0.43..6.56 rows=106 width=4)
	  Index Cond: ((id >= 5883207) AND (id <= 5883307))

table 3 : explain SELECT id FROM sbtest3 WHERE id BETWEEN 5883207 AND 5883307
	Index Only Scan using sbtest3_pkey on sbtest3  (cost=0.43..6.32 rows=94 width=4)
	  Index Cond: ((id >= 5883207) AND (id <= 5883307))

table 4 : explain SELECT id FROM sbtest4 WHERE id BETWEEN 5883207 AND 5883307
	Index Only Scan using sbtest4_pkey on sbtest4  (cost=0.43..6.56 rows=106 width=4)
	  Index Cond: ((id >= 5883207) AND (id <= 5883307))

table 5 : explain SELECT id FROM sbtest5 WHERE id BETWEEN 5883207 AND 5883307
	Index Only Scan using sbtest5_pkey on sbtest5  (cost=0.43..6.35 rows=96 width=4)
	  Index Cond: ((id >= 5883207) AND (id <= 5883307))

table 6 : explain SELECT id FROM sbtest6 WHERE id BETWEEN 5883207 AND 5883307
	Index Only Scan using sbtest6_pkey on sbtest6  (cost=0.43..6.45 rows=101 width=4)
	  Index Cond: ((id >= 5883207) AND (id <= 5883307))

table 7 : explain SELECT id FROM sbtest7 WHERE id BETWEEN 5883207 AND 5883307
	Index Only Scan using sbtest7_pkey on sbtest7  (cost=0.43..6.32 rows=94 width=4)
	  Index Cond: ((id >= 5883207) AND (id <= 5883307))

table 8 : explain SELECT id FROM sbtest8 WHERE id BETWEEN 5883207 AND 5883307
	Index Only Scan using sbtest8_pkey on sbtest8  (cost=0.43..6.67 rows=112 width=4)
	  Index Cond: ((id >= 5883207) AND (id <= 5883307))

for range-covered
table 1 : explain SELECT id FROM sbtest1 WHERE id BETWEEN 2154588 AND 2154688
	Index Only Scan using sbtest1_pkey on sbtest1  (cost=0.43..6.69 rows=113 width=4)
	  Index Cond: ((id >= 2154588) AND (id <= 2154688))

table 2 : explain SELECT id FROM sbtest2 WHERE id BETWEEN 2154588 AND 2154688
	Index Only Scan using sbtest2_pkey on sbtest2  (cost=0.43..6.56 rows=106 width=4)
	  Index Cond: ((id >= 2154588) AND (id <= 2154688))

table 3 : explain SELECT id FROM sbtest3 WHERE id BETWEEN 2154588 AND 2154688
	Index Only Scan using sbtest3_pkey on sbtest3  (cost=0.43..6.43 rows=100 width=4)
	  Index Cond: ((id >= 2154588) AND (id <= 2154688))

table 4 : explain SELECT id FROM sbtest4 WHERE id BETWEEN 2154588 AND 2154688
	Index Only Scan using sbtest4_pkey on sbtest4  (cost=0.43..6.32 rows=94 width=4)
	  Index Cond: ((id >= 2154588) AND (id <= 2154688))

table 5 : explain SELECT id FROM sbtest5 WHERE id BETWEEN 2154588 AND 2154688
	Index Only Scan using sbtest5_pkey on sbtest5  (cost=0.43..6.50 rows=103 width=4)
	  Index Cond: ((id >= 2154588) AND (id <= 2154688))

table 6 : explain SELECT id FROM sbtest6 WHERE id BETWEEN 2154588 AND 2154688
	Index Only Scan using sbtest6_pkey on sbtest6  (cost=0.43..6.27 rows=92 width=4)
	  Index Cond: ((id >= 2154588) AND (id <= 2154688))

table 7 : explain SELECT id FROM sbtest7 WHERE id BETWEEN 2154588 AND 2154688
	Index Only Scan using sbtest7_pkey on sbtest7  (cost=0.43..6.29 rows=93 width=4)
	  Index Cond: ((id >= 2154588) AND (id <= 2154688))

table 8 : explain SELECT id FROM sbtest8 WHERE id BETWEEN 2154588 AND 2154688
	Index Only Scan using sbtest8_pkey on sbtest8  (cost=0.43..6.58 rows=107 width=4)
	  Index Cond: ((id >= 2154588) AND (id <= 2154688))

explain: for range-covered :: explain SELECT id FROM sbtest%d WHERE id BETWEEN 5883207 AND 5883307
explain: for range-covered :: explain SELECT id FROM sbtest%d WHERE id BETWEEN 2154588 AND 2154688
for range-covered
table 1 : explain SELECT id FROM sbtest1 WHERE id BETWEEN 6866655 AND 6866755
	Index Only Scan using sbtest1_pkey on sbtest1  (cost=0.43..6.58 rows=107 width=4)
	  Index Cond: ((id >= 6866655) AND (id <= 6866755))

table 2 : explain SELECT id FROM sbtest2 WHERE id BETWEEN 6866655 AND 6866755
	Index Only Scan using sbtest2_pkey on sbtest2  (cost=0.43..6.35 rows=96 width=4)
	  Index Cond: ((id >= 6866655) AND (id <= 6866755))

table 3 : explain SELECT id FROM sbtest3 WHERE id BETWEEN 6866655 AND 6866755
	Index Only Scan using sbtest3_pkey on sbtest3  (cost=0.43..6.43 rows=100 width=4)
	  Index Cond: ((id >= 6866655) AND (id <= 6866755))

table 4 : explain SELECT id FROM sbtest4 WHERE id BETWEEN 6866655 AND 6866755
	Index Only Scan using sbtest4_pkey on sbtest4  (cost=0.43..6.43 rows=100 width=4)
	  Index Cond: ((id >= 6866655) AND (id <= 6866755))

table 5 : explain SELECT id FROM sbtest5 WHERE id BETWEEN 6866655 AND 6866755
	Index Only Scan using sbtest5_pkey on sbtest5  (cost=0.43..6.37 rows=97 width=4)
	  Index Cond: ((id >= 6866655) AND (id <= 6866755))

table 6 : explain SELECT id FROM sbtest6 WHERE id BETWEEN 6866655 AND 6866755
	Index Only Scan using sbtest6_pkey on sbtest6  (cost=0.43..6.56 rows=106 width=4)
	  Index Cond: ((id >= 6866655) AND (id <= 6866755))

table 7 : explain SELECT id FROM sbtest7 WHERE id BETWEEN 6866655 AND 6866755
	Index Only Scan using sbtest7_pkey on sbtest7  (cost=0.43..6.29 rows=93 width=4)
	  Index Cond: ((id >= 6866655) AND (id <= 6866755))

table 8 : explain SELECT id FROM sbtest8 WHERE id BETWEEN 6866655 AND 6866755
	Index Only Scan using sbtest8_pkey on sbtest8  (cost=0.43..6.58 rows=107 width=4)
	  Index Cond: ((id >= 6866655) AND (id <= 6866755))

for range-covered
table 1 : explain SELECT id FROM sbtest1 WHERE id BETWEEN 6522583 AND 6522683
	Index Only Scan using sbtest1_pkey on sbtest1  (cost=0.43..6.33 rows=95 width=4)
	  Index Cond: ((id >= 6522583) AND (id <= 6522683))

table 2 : explain SELECT id FROM sbtest2 WHERE id BETWEEN 6522583 AND 6522683
	Index Only Scan using sbtest2_pkey on sbtest2  (cost=0.43..6.27 rows=92 width=4)
	  Index Cond: ((id >= 6522583) AND (id <= 6522683))

table 3 : explain SELECT id FROM sbtest3 WHERE id BETWEEN 6522583 AND 6522683
	Index Only Scan using sbtest3_pkey on sbtest3  (cost=0.43..6.56 rows=106 width=4)
	  Index Cond: ((id >= 6522583) AND (id <= 6522683))

table 4 : explain SELECT id FROM sbtest4 WHERE id BETWEEN 6522583 AND 6522683
	Index Only Scan using sbtest4_pkey on sbtest4  (cost=0.43..6.35 rows=96 width=4)
	  Index Cond: ((id >= 6522583) AND (id <= 6522683))

table 5 : explain SELECT id FROM sbtest5 WHERE id BETWEEN 6522583 AND 6522683
	Index Only Scan using sbtest5_pkey on sbtest5  (cost=0.43..6.35 rows=96 width=4)
	  Index Cond: ((id >= 6522583) AND (id <= 6522683))

table 6 : explain SELECT id FROM sbtest6 WHERE id BETWEEN 6522583 AND 6522683
	Index Only Scan using sbtest6_pkey on sbtest6  (cost=0.43..6.37 rows=97 width=4)
	  Index Cond: ((id >= 6522583) AND (id <= 6522683))

table 7 : explain SELECT id FROM sbtest7 WHERE id BETWEEN 6522583 AND 6522683
	Index Only Scan using sbtest7_pkey on sbtest7  (cost=0.43..6.33 rows=95 width=4)
	  Index Cond: ((id >= 6522583) AND (id <= 6522683))

table 8 : explain SELECT id FROM sbtest8 WHERE id BETWEEN 6522583 AND 6522683
	Index Only Scan using sbtest8_pkey on sbtest8  (cost=0.43..6.51 rows=104 width=4)
	  Index Cond: ((id >= 6522583) AND (id <= 6522683))

explain: for range-covered :: explain SELECT id FROM sbtest%d WHERE id BETWEEN 6866655 AND 6866755
explain: for range-covered :: explain SELECT id FROM sbtest%d WHERE id BETWEEN 6522583 AND 6522683
for range-covered
table 1 : explain SELECT id FROM sbtest1 WHERE id BETWEEN 5883207 AND 5883307
	Index Only Scan using sbtest1_pkey on sbtest1  (cost=0.43..6.45 rows=101 width=4)
	  Index Cond: ((id >= 5883207) AND (id <= 5883307))

table 2 : explain SELECT id FROM sbtest2 WHERE id BETWEEN 5883207 AND 5883307
	Index Only Scan using sbtest2_pkey on sbtest2  (cost=0.43..6.56 rows=106 width=4)
	  Index Cond: ((id >= 5883207) AND (id <= 5883307))

table 3 : explain SELECT id FROM sbtest3 WHERE id BETWEEN 5883207 AND 5883307
	Index Only Scan using sbtest3_pkey on sbtest3  (cost=0.43..6.32 rows=94 width=4)
	  Index Cond: ((id >= 5883207) AND (id <= 5883307))

table 4 : explain SELECT id FROM sbtest4 WHERE id BETWEEN 5883207 AND 5883307
	Index Only Scan using sbtest4_pkey on sbtest4  (cost=0.43..6.56 rows=106 width=4)
	  Index Cond: ((id >= 5883207) AND (id <= 5883307))

table 5 : explain SELECT id FROM sbtest5 WHERE id BETWEEN 5883207 AND 5883307
	Index Only Scan using sbtest5_pkey on sbtest5  (cost=0.43..6.35 rows=96 width=4)
	  Index Cond: ((id >= 5883207) AND (id <= 5883307))

table 6 : explain SELECT id FROM sbtest6 WHERE id BETWEEN 5883207 AND 5883307
	Index Only Scan using sbtest6_pkey on sbtest6  (cost=0.43..6.45 rows=101 width=4)
	  Index Cond: ((id >= 5883207) AND (id <= 5883307))

table 7 : explain SELECT id FROM sbtest7 WHERE id BETWEEN 5883207 AND 5883307
	Index Only Scan using sbtest7_pkey on sbtest7  (cost=0.43..6.32 rows=94 width=4)
	  Index Cond: ((id >= 5883207) AND (id <= 5883307))

table 8 : explain SELECT id FROM sbtest8 WHERE id BETWEEN 5883207 AND 5883307
	Index Only Scan using sbtest8_pkey on sbtest8  (cost=0.43..6.67 rows=112 width=4)
	  Index Cond: ((id >= 5883207) AND (id <= 5883307))

for range-covered
table 1 : explain SELECT id FROM sbtest1 WHERE id BETWEEN 3967415 AND 3967515
	Index Only Scan using sbtest1_pkey on sbtest1  (cost=0.43..6.51 rows=104 width=4)
	  Index Cond: ((id >= 3967415) AND (id <= 3967515))

table 2 : explain SELECT id FROM sbtest2 WHERE id BETWEEN 3967415 AND 3967515
	Index Only Scan using sbtest2_pkey on sbtest2  (cost=0.43..6.43 rows=100 width=4)
	  Index Cond: ((id >= 3967415) AND (id <= 3967515))

table 3 : explain SELECT id FROM sbtest3 WHERE id BETWEEN 3967415 AND 3967515
	Index Only Scan using sbtest3_pkey on sbtest3  (cost=0.43..6.67 rows=112 width=4)
	  Index Cond: ((id >= 3967415) AND (id <= 3967515))

table 4 : explain SELECT id FROM sbtest4 WHERE id BETWEEN 3967415 AND 3967515
	Index Only Scan using sbtest4_pkey on sbtest4  (cost=0.43..6.45 rows=101 width=4)
	  Index Cond: ((id >= 3967415) AND (id <= 3967515))

table 5 : explain SELECT id FROM sbtest5 WHERE id BETWEEN 3967415 AND 3967515
	Index Only Scan using sbtest5_pkey on sbtest5  (cost=0.43..6.53 rows=105 width=4)
	  Index Cond: ((id >= 3967415) AND (id <= 3967515))

table 6 : explain SELECT id FROM sbtest6 WHERE id BETWEEN 3967415 AND 3967515
	Index Only Scan using sbtest6_pkey on sbtest6  (cost=0.43..6.45 rows=101 width=4)
	  Index Cond: ((id >= 3967415) AND (id <= 3967515))

table 7 : explain SELECT id FROM sbtest7 WHERE id BETWEEN 3967415 AND 3967515
	Index Only Scan using sbtest7_pkey on sbtest7  (cost=0.43..6.45 rows=101 width=4)
	  Index Cond: ((id >= 3967415) AND (id <= 3967515))

table 8 : explain SELECT id FROM sbtest8 WHERE id BETWEEN 3967415 AND 3967515
	Index Only Scan using sbtest8_pkey on sbtest8  (cost=0.43..6.47 rows=102 width=4)
	  Index Cond: ((id >= 3967415) AND (id <= 3967515))

explain: for range-covered :: explain SELECT id FROM sbtest%d WHERE id BETWEEN 5883207 AND 5883307
for range-covered
table 1 : explain SELECT id FROM sbtest1 WHERE id BETWEEN 2939171 AND 2939271
	Index Only Scan using sbtest1_pkey on sbtest1  (cost=0.43..6.33 rows=95 width=4)
	  Index Cond: ((id >= 2939171) AND (id <= 2939271))

table 2 : explain SELECT id FROM sbtest2 WHERE id BETWEEN 2939171 AND 2939271
	Index Only Scan using sbtest2_pkey on sbtest2  (cost=0.43..6.35 rows=96 width=4)
	  Index Cond: ((id >= 2939171) AND (id <= 2939271))

table 3 : explain SELECT id FROM sbtest3 WHERE id BETWEEN 2939171 AND 2939271
	Index Only Scan using sbtest3_pkey on sbtest3  (cost=0.43..6.40 rows=98 width=4)
	  Index Cond: ((id >= 2939171) AND (id <= 2939271))

table 4 : explain SELECT id FROM sbtest4 WHERE id BETWEEN 2939171 AND 2939271
	Index Only Scan using sbtest4_pkey on sbtest4  (cost=0.43..6.40 rows=98 width=4)
	  Index Cond: ((id >= 2939171) AND (id <= 2939271))

table 5 : explain SELECT id FROM sbtest5 WHERE id BETWEEN 2939171 AND 2939271
	Index Only Scan using sbtest5_pkey on sbtest5  (cost=0.43..6.29 rows=93 width=4)
	  Index Cond: ((id >= 2939171) AND (id <= 2939271))

table 6 : explain SELECT id FROM sbtest6 WHERE id BETWEEN 2939171 AND 2939271
	Index Only Scan using sbtest6_pkey on sbtest6  (cost=0.43..6.51 rows=104 width=4)
	  Index Cond: ((id >= 2939171) AND (id <= 2939271))

table 7 : explain SELECT id FROM sbtest7 WHERE id BETWEEN 2939171 AND 2939271
	Index Only Scan using sbtest7_pkey on sbtest7  (cost=0.43..6.40 rows=98 width=4)
	  Index Cond: ((id >= 2939171) AND (id <= 2939271))

table 8 : explain SELECT id FROM sbtest8 WHERE id BETWEEN 2939171 AND 2939271
	Index Only Scan using sbtest8_pkey on sbtest8  (cost=0.43..6.37 rows=97 width=4)
	  Index Cond: ((id >= 2939171) AND (id <= 2939271))

for range-covered
table 1 : explain SELECT id FROM sbtest1 WHERE id BETWEEN 2263635 AND 2263735
	Index Only Scan using sbtest1_pkey on sbtest1  (cost=0.43..6.40 rows=98 width=4)
	  Index Cond: ((id >= 2263635) AND (id <= 2263735))

table 2 : explain SELECT id FROM sbtest2 WHERE id BETWEEN 2263635 AND 2263735
	Index Only Scan using sbtest2_pkey on sbtest2  (cost=0.43..6.72 rows=114 width=4)
	  Index Cond: ((id >= 2263635) AND (id <= 2263735))

table 3 : explain SELECT id FROM sbtest3 WHERE id BETWEEN 2263635 AND 2263735
	Index Only Scan using sbtest3_pkey on sbtest3  (cost=0.43..6.35 rows=96 width=4)
	  Index Cond: ((id >= 2263635) AND (id <= 2263735))

table 4 : explain SELECT id FROM sbtest4 WHERE id BETWEEN 2263635 AND 2263735
	Index Only Scan using sbtest4_pkey on sbtest4  (cost=0.43..6.29 rows=93 width=4)
	  Index Cond: ((id >= 2263635) AND (id <= 2263735))

table 5 : explain SELECT id FROM sbtest5 WHERE id BETWEEN 2263635 AND 2263735
	Index Only Scan using sbtest5_pkey on sbtest5  (cost=0.43..6.40 rows=98 width=4)
	  Index Cond: ((id >= 2263635) AND (id <= 2263735))

table 6 : explain SELECT id FROM sbtest6 WHERE id BETWEEN 2263635 AND 2263735
	Index Only Scan using sbtest6_pkey on sbtest6  (cost=0.43..6.47 rows=102 width=4)
	  Index Cond: ((id >= 2263635) AND (id <= 2263735))

table 7 : explain SELECT id FROM sbtest7 WHERE id BETWEEN 2263635 AND 2263735
	Index Only Scan using sbtest7_pkey on sbtest7  (cost=0.43..6.42 rows=99 width=4)
	  Index Cond: ((id >= 2263635) AND (id <= 2263735))

table 8 : explain SELECT id FROM sbtest8 WHERE id BETWEEN 2263635 AND 2263735
	Index Only Scan using sbtest8_pkey on sbtest8  (cost=0.43..6.53 rows=105 width=4)
	  Index Cond: ((id >= 2263635) AND (id <= 2263735))

explain: for range-covered :: explain SELECT id FROM sbtest%d WHERE id BETWEEN 2263635 AND 2263735
explain: for range-covered :: explain SELECT id FROM sbtest%d WHERE id BETWEEN 3967415 AND 3967515
for range-covered
table 1 : explain SELECT id FROM sbtest1 WHERE id BETWEEN 6866655 AND 6866755
	Index Only Scan using sbtest1_pkey on sbtest1  (cost=0.43..6.58 rows=107 width=4)
	  Index Cond: ((id >= 6866655) AND (id <= 6866755))

table 2 : explain SELECT id FROM sbtest2 WHERE id BETWEEN 6866655 AND 6866755
	Index Only Scan using sbtest2_pkey on sbtest2  (cost=0.43..6.35 rows=96 width=4)
	  Index Cond: ((id >= 6866655) AND (id <= 6866755))

table 3 : explain SELECT id FROM sbtest3 WHERE id BETWEEN 6866655 AND 6866755
	Index Only Scan using sbtest3_pkey on sbtest3  (cost=0.43..6.43 rows=100 width=4)
	  Index Cond: ((id >= 6866655) AND (id <= 6866755))

table 4 : explain SELECT id FROM sbtest4 WHERE id BETWEEN 6866655 AND 6866755
	Index Only Scan using sbtest4_pkey on sbtest4  (cost=0.43..6.43 rows=100 width=4)
	  Index Cond: ((id >= 6866655) AND (id <= 6866755))

table 5 : explain SELECT id FROM sbtest5 WHERE id BETWEEN 6866655 AND 6866755
	Index Only Scan using sbtest5_pkey on sbtest5  (cost=0.43..6.37 rows=97 width=4)
	  Index Cond: ((id >= 6866655) AND (id <= 6866755))

table 6 : explain SELECT id FROM sbtest6 WHERE id BETWEEN 6866655 AND 6866755
	Index Only Scan using sbtest6_pkey on sbtest6  (cost=0.43..6.56 rows=106 width=4)
	  Index Cond: ((id >= 6866655) AND (id <= 6866755))

table 7 : explain SELECT id FROM sbtest7 WHERE id BETWEEN 6866655 AND 6866755
	Index Only Scan using sbtest7_pkey on sbtest7  (cost=0.43..6.29 rows=93 width=4)
	  Index Cond: ((id >= 6866655) AND (id <= 6866755))

table 8 : explain SELECT id FROM sbtest8 WHERE id BETWEEN 6866655 AND 6866755
	Index Only Scan using sbtest8_pkey on sbtest8  (cost=0.43..6.58 rows=107 width=4)
	  Index Cond: ((id >= 6866655) AND (id <= 6866755))

explain: for range-covered :: explain SELECT id FROM sbtest%d WHERE id BETWEEN 6866655 AND 6866755
for range-covered
table 1 : explain SELECT id FROM sbtest1 WHERE id BETWEEN 5883207 AND 5883307
	Index Only Scan using sbtest1_pkey on sbtest1  (cost=0.43..6.45 rows=101 width=4)
	  Index Cond: ((id >= 5883207) AND (id <= 5883307))

table 2 : explain SELECT id FROM sbtest2 WHERE id BETWEEN 5883207 AND 5883307
	Index Only Scan using sbtest2_pkey on sbtest2  (cost=0.43..6.56 rows=106 width=4)
	  Index Cond: ((id >= 5883207) AND (id <= 5883307))

table 3 : explain SELECT id FROM sbtest3 WHERE id BETWEEN 5883207 AND 5883307
	Index Only Scan using sbtest3_pkey on sbtest3  (cost=0.43..6.32 rows=94 width=4)
	  Index Cond: ((id >= 5883207) AND (id <= 5883307))

table 4 : explain SELECT id FROM sbtest4 WHERE id BETWEEN 5883207 AND 5883307
	Index Only Scan using sbtest4_pkey on sbtest4  (cost=0.43..6.56 rows=106 width=4)
	  Index Cond: ((id >= 5883207) AND (id <= 5883307))

table 5 : explain SELECT id FROM sbtest5 WHERE id BETWEEN 5883207 AND 5883307
	Index Only Scan using sbtest5_pkey on sbtest5  (cost=0.43..6.35 rows=96 width=4)
	  Index Cond: ((id >= 5883207) AND (id <= 5883307))

table 6 : explain SELECT id FROM sbtest6 WHERE id BETWEEN 5883207 AND 5883307
	Index Only Scan using sbtest6_pkey on sbtest6  (cost=0.43..6.45 rows=101 width=4)
	  Index Cond: ((id >= 5883207) AND (id <= 5883307))

table 7 : explain SELECT id FROM sbtest7 WHERE id BETWEEN 5883207 AND 5883307
	Index Only Scan using sbtest7_pkey on sbtest7  (cost=0.43..6.32 rows=94 width=4)
	  Index Cond: ((id >= 5883207) AND (id <= 5883307))

table 8 : explain SELECT id FROM sbtest8 WHERE id BETWEEN 5883207 AND 5883307
	Index Only Scan using sbtest8_pkey on sbtest8  (cost=0.43..6.67 rows=112 width=4)
	  Index Cond: ((id >= 5883207) AND (id <= 5883307))

explain: for range-covered :: explain SELECT id FROM sbtest%d WHERE id BETWEEN 5883207 AND 5883307
for range-covered
table 1 : explain SELECT id FROM sbtest1 WHERE id BETWEEN 2263635 AND 2263735
	Index Only Scan using sbtest1_pkey on sbtest1  (cost=0.43..6.40 rows=98 width=4)
	  Index Cond: ((id >= 2263635) AND (id <= 2263735))

table 2 : explain SELECT id FROM sbtest2 WHERE id BETWEEN 2263635 AND 2263735
	Index Only Scan using sbtest2_pkey on sbtest2  (cost=0.43..6.72 rows=114 width=4)
	  Index Cond: ((id >= 2263635) AND (id <= 2263735))

table 3 : explain SELECT id FROM sbtest3 WHERE id BETWEEN 2263635 AND 2263735
	Index Only Scan using sbtest3_pkey on sbtest3  (cost=0.43..6.35 rows=96 width=4)
	  Index Cond: ((id >= 2263635) AND (id <= 2263735))

table 4 : explain SELECT id FROM sbtest4 WHERE id BETWEEN 2263635 AND 2263735
	Index Only Scan using sbtest4_pkey on sbtest4  (cost=0.43..6.29 rows=93 width=4)
	  Index Cond: ((id >= 2263635) AND (id <= 2263735))

table 5 : explain SELECT id FROM sbtest5 WHERE id BETWEEN 2263635 AND 2263735
	Index Only Scan using sbtest5_pkey on sbtest5  (cost=0.43..6.40 rows=98 width=4)
	  Index Cond: ((id >= 2263635) AND (id <= 2263735))

table 6 : explain SELECT id FROM sbtest6 WHERE id BETWEEN 2263635 AND 2263735
	Index Only Scan using sbtest6_pkey on sbtest6  (cost=0.43..6.47 rows=102 width=4)
	  Index Cond: ((id >= 2263635) AND (id <= 2263735))

table 7 : explain SELECT id FROM sbtest7 WHERE id BETWEEN 2263635 AND 2263735
	Index Only Scan using sbtest7_pkey on sbtest7  (cost=0.43..6.42 rows=99 width=4)
	  Index Cond: ((id >= 2263635) AND (id <= 2263735))

table 8 : explain SELECT id FROM sbtest8 WHERE id BETWEEN 2263635 AND 2263735
	Index Only Scan using sbtest8_pkey on sbtest8  (cost=0.43..6.53 rows=105 width=4)
	  Index Cond: ((id >= 2263635) AND (id <= 2263735))

for range-covered
table 1 : explain SELECT id FROM sbtest1 WHERE id BETWEEN 6522583 AND 6522683
	Index Only Scan using sbtest1_pkey on sbtest1  (cost=0.43..6.33 rows=95 width=4)
	  Index Cond: ((id >= 6522583) AND (id <= 6522683))

table 2 : explain SELECT id FROM sbtest2 WHERE id BETWEEN 6522583 AND 6522683
	Index Only Scan using sbtest2_pkey on sbtest2  (cost=0.43..6.27 rows=92 width=4)
	  Index Cond: ((id >= 6522583) AND (id <= 6522683))

table 3 : explain SELECT id FROM sbtest3 WHERE id BETWEEN 6522583 AND 6522683
	Index Only Scan using sbtest3_pkey on sbtest3  (cost=0.43..6.56 rows=106 width=4)
	  Index Cond: ((id >= 6522583) AND (id <= 6522683))

table 4 : explain SELECT id FROM sbtest4 WHERE id BETWEEN 6522583 AND 6522683
	Index Only Scan using sbtest4_pkey on sbtest4  (cost=0.43..6.35 rows=96 width=4)
	  Index Cond: ((id >= 6522583) AND (id <= 6522683))

table 5 : explain SELECT id FROM sbtest5 WHERE id BETWEEN 6522583 AND 6522683
	Index Only Scan using sbtest5_pkey on sbtest5  (cost=0.43..6.35 rows=96 width=4)
	  Index Cond: ((id >= 6522583) AND (id <= 6522683))

table 6 : explain SELECT id FROM sbtest6 WHERE id BETWEEN 6522583 AND 6522683
	Index Only Scan using sbtest6_pkey on sbtest6  (cost=0.43..6.37 rows=97 width=4)
	  Index Cond: ((id >= 6522583) AND (id <= 6522683))

table 7 : explain SELECT id FROM sbtest7 WHERE id BETWEEN 6522583 AND 6522683
	Index Only Scan using sbtest7_pkey on sbtest7  (cost=0.43..6.33 rows=95 width=4)
	  Index Cond: ((id >= 6522583) AND (id <= 6522683))

table 8 : explain SELECT id FROM sbtest8 WHERE id BETWEEN 6522583 AND 6522683
	Index Only Scan using sbtest8_pkey on sbtest8  (cost=0.43..6.51 rows=104 width=4)
	  Index Cond: ((id >= 6522583) AND (id <= 6522683))

for range-covered
table 1 : explain SELECT id FROM sbtest1 WHERE id BETWEEN 2154588 AND 2154688
	Index Only Scan using sbtest1_pkey on sbtest1  (cost=0.43..6.69 rows=113 width=4)
	  Index Cond: ((id >= 2154588) AND (id <= 2154688))

table 2 : explain SELECT id FROM sbtest2 WHERE id BETWEEN 2154588 AND 2154688
	Index Only Scan using sbtest2_pkey on sbtest2  (cost=0.43..6.56 rows=106 width=4)
	  Index Cond: ((id >= 2154588) AND (id <= 2154688))

table 3 : explain SELECT id FROM sbtest3 WHERE id BETWEEN 2154588 AND 2154688
	Index Only Scan using sbtest3_pkey on sbtest3  (cost=0.43..6.43 rows=100 width=4)
	  Index Cond: ((id >= 2154588) AND (id <= 2154688))

table 4 : explain SELECT id FROM sbtest4 WHERE id BETWEEN 2154588 AND 2154688
	Index Only Scan using sbtest4_pkey on sbtest4  (cost=0.43..6.32 rows=94 width=4)
	  Index Cond: ((id >= 2154588) AND (id <= 2154688))

table 5 : explain SELECT id FROM sbtest5 WHERE id BETWEEN 2154588 AND 2154688
	Index Only Scan using sbtest5_pkey on sbtest5  (cost=0.43..6.50 rows=103 width=4)
	  Index Cond: ((id >= 2154588) AND (id <= 2154688))

table 6 : explain SELECT id FROM sbtest6 WHERE id BETWEEN 2154588 AND 2154688
	Index Only Scan using sbtest6_pkey on sbtest6  (cost=0.43..6.27 rows=92 width=4)
	  Index Cond: ((id >= 2154588) AND (id <= 2154688))

table 7 : explain SELECT id FROM sbtest7 WHERE id BETWEEN 2154588 AND 2154688
	Index Only Scan using sbtest7_pkey on sbtest7  (cost=0.43..6.29 rows=93 width=4)
	  Index Cond: ((id >= 2154588) AND (id <= 2154688))

table 8 : explain SELECT id FROM sbtest8 WHERE id BETWEEN 2154588 AND 2154688
	Index Only Scan using sbtest8_pkey on sbtest8  (cost=0.43..6.58 rows=107 width=4)
	  Index Cond: ((id >= 2154588) AND (id <= 2154688))

explain: for range-covered :: explain SELECT id FROM sbtest%d WHERE id BETWEEN 2263635 AND 2263735
for range-covered
table 1 : explain SELECT id FROM sbtest1 WHERE id BETWEEN 3967415 AND 3967515
	Index Only Scan using sbtest1_pkey on sbtest1  (cost=0.43..6.51 rows=104 width=4)
	  Index Cond: ((id >= 3967415) AND (id <= 3967515))

table 2 : explain SELECT id FROM sbtest2 WHERE id BETWEEN 3967415 AND 3967515
	Index Only Scan using sbtest2_pkey on sbtest2  (cost=0.43..6.43 rows=100 width=4)
	  Index Cond: ((id >= 3967415) AND (id <= 3967515))

table 3 : explain SELECT id FROM sbtest3 WHERE id BETWEEN 3967415 AND 3967515
	Index Only Scan using sbtest3_pkey on sbtest3  (cost=0.43..6.67 rows=112 width=4)
	  Index Cond: ((id >= 3967415) AND (id <= 3967515))

table 4 : explain SELECT id FROM sbtest4 WHERE id BETWEEN 3967415 AND 3967515
	Index Only Scan using sbtest4_pkey on sbtest4  (cost=0.43..6.45 rows=101 width=4)
	  Index Cond: ((id >= 3967415) AND (id <= 3967515))

table 5 : explain SELECT id FROM sbtest5 WHERE id BETWEEN 3967415 AND 3967515
	Index Only Scan using sbtest5_pkey on sbtest5  (cost=0.43..6.53 rows=105 width=4)
	  Index Cond: ((id >= 3967415) AND (id <= 3967515))

table 6 : explain SELECT id FROM sbtest6 WHERE id BETWEEN 3967415 AND 3967515
	Index Only Scan using sbtest6_pkey on sbtest6  (cost=0.43..6.45 rows=101 width=4)
	  Index Cond: ((id >= 3967415) AND (id <= 3967515))

table 7 : explain SELECT id FROM sbtest7 WHERE id BETWEEN 3967415 AND 3967515
	Index Only Scan using sbtest7_pkey on sbtest7  (cost=0.43..6.45 rows=101 width=4)
	  Index Cond: ((id >= 3967415) AND (id <= 3967515))

table 8 : explain SELECT id FROM sbtest8 WHERE id BETWEEN 3967415 AND 3967515
	Index Only Scan using sbtest8_pkey on sbtest8  (cost=0.43..6.47 rows=102 width=4)
	  Index Cond: ((id >= 3967415) AND (id <= 3967515))

for range-covered
table 1 : explain SELECT id FROM sbtest1 WHERE id BETWEEN 6866655 AND 6866755
	Index Only Scan using sbtest1_pkey on sbtest1  (cost=0.43..6.58 rows=107 width=4)
	  Index Cond: ((id >= 6866655) AND (id <= 6866755))

table 2 : explain SELECT id FROM sbtest2 WHERE id BETWEEN 6866655 AND 6866755
	Index Only Scan using sbtest2_pkey on sbtest2  (cost=0.43..6.35 rows=96 width=4)
	  Index Cond: ((id >= 6866655) AND (id <= 6866755))

table 3 : explain SELECT id FROM sbtest3 WHERE id BETWEEN 6866655 AND 6866755
	Index Only Scan using sbtest3_pkey on sbtest3  (cost=0.43..6.43 rows=100 width=4)
	  Index Cond: ((id >= 6866655) AND (id <= 6866755))

table 4 : explain SELECT id FROM sbtest4 WHERE id BETWEEN 6866655 AND 6866755
	Index Only Scan using sbtest4_pkey on sbtest4  (cost=0.43..6.43 rows=100 width=4)
	  Index Cond: ((id >= 6866655) AND (id <= 6866755))

table 5 : explain SELECT id FROM sbtest5 WHERE id BETWEEN 6866655 AND 6866755
	Index Only Scan using sbtest5_pkey on sbtest5  (cost=0.43..6.37 rows=97 width=4)
	  Index Cond: ((id >= 6866655) AND (id <= 6866755))

table 6 : explain SELECT id FROM sbtest6 WHERE id BETWEEN 6866655 AND 6866755
	Index Only Scan using sbtest6_pkey on sbtest6  (cost=0.43..6.56 rows=106 width=4)
	  Index Cond: ((id >= 6866655) AND (id <= 6866755))

table 7 : explain SELECT id FROM sbtest7 WHERE id BETWEEN 6866655 AND 6866755
	Index Only Scan using sbtest7_pkey on sbtest7  (cost=0.43..6.29 rows=93 width=4)
	  Index Cond: ((id >= 6866655) AND (id <= 6866755))

table 8 : explain SELECT id FROM sbtest8 WHERE id BETWEEN 6866655 AND 6866755
	Index Only Scan using sbtest8_pkey on sbtest8  (cost=0.43..6.58 rows=107 width=4)
	  Index Cond: ((id >= 6866655) AND (id <= 6866755))

explain: for range-covered :: explain SELECT id FROM sbtest%d WHERE id BETWEEN 3967415 AND 3967515
explain: for range-covered :: explain SELECT id FROM sbtest%d WHERE id BETWEEN 6866655 AND 6866755
for range-covered
table 1 : explain SELECT id FROM sbtest1 WHERE id BETWEEN 5883207 AND 5883307
	Index Only Scan using sbtest1_pkey on sbtest1  (cost=0.43..6.45 rows=101 width=4)
	  Index Cond: ((id >= 5883207) AND (id <= 5883307))

table 2 : explain SELECT id FROM sbtest2 WHERE id BETWEEN 5883207 AND 5883307
	Index Only Scan using sbtest2_pkey on sbtest2  (cost=0.43..6.56 rows=106 width=4)
	  Index Cond: ((id >= 5883207) AND (id <= 5883307))

table 3 : explain SELECT id FROM sbtest3 WHERE id BETWEEN 5883207 AND 5883307
	Index Only Scan using sbtest3_pkey on sbtest3  (cost=0.43..6.32 rows=94 width=4)
	  Index Cond: ((id >= 5883207) AND (id <= 5883307))

table 4 : explain SELECT id FROM sbtest4 WHERE id BETWEEN 5883207 AND 5883307
	Index Only Scan using sbtest4_pkey on sbtest4  (cost=0.43..6.56 rows=106 width=4)
	  Index Cond: ((id >= 5883207) AND (id <= 5883307))

table 5 : explain SELECT id FROM sbtest5 WHERE id BETWEEN 5883207 AND 5883307
	Index Only Scan using sbtest5_pkey on sbtest5  (cost=0.43..6.35 rows=96 width=4)
	  Index Cond: ((id >= 5883207) AND (id <= 5883307))

table 6 : explain SELECT id FROM sbtest6 WHERE id BETWEEN 5883207 AND 5883307
	Index Only Scan using sbtest6_pkey on sbtest6  (cost=0.43..6.45 rows=101 width=4)
	  Index Cond: ((id >= 5883207) AND (id <= 5883307))

table 7 : explain SELECT id FROM sbtest7 WHERE id BETWEEN 5883207 AND 5883307
	Index Only Scan using sbtest7_pkey on sbtest7  (cost=0.43..6.32 rows=94 width=4)
	  Index Cond: ((id >= 5883207) AND (id <= 5883307))

table 8 : explain SELECT id FROM sbtest8 WHERE id BETWEEN 5883207 AND 5883307
	Index Only Scan using sbtest8_pkey on sbtest8  (cost=0.43..6.67 rows=112 width=4)
	  Index Cond: ((id >= 5883207) AND (id <= 5883307))

explain: for range-covered :: explain SELECT id FROM sbtest%d WHERE id BETWEEN 3927900 AND 3928000
explain: for range-covered :: explain SELECT id FROM sbtest%d WHERE id BETWEEN 5883207 AND 5883307
explain: for range-covered :: explain SELECT id FROM sbtest%d WHERE id BETWEEN 4029672 AND 4029772
for range-covered
table 1 : explain SELECT id FROM sbtest1 WHERE id BETWEEN 2263635 AND 2263735
	Index Only Scan using sbtest1_pkey on sbtest1  (cost=0.43..6.40 rows=98 width=4)
	  Index Cond: ((id >= 2263635) AND (id <= 2263735))

table 2 : explain SELECT id FROM sbtest2 WHERE id BETWEEN 2263635 AND 2263735
	Index Only Scan using sbtest2_pkey on sbtest2  (cost=0.43..6.72 rows=114 width=4)
	  Index Cond: ((id >= 2263635) AND (id <= 2263735))

table 3 : explain SELECT id FROM sbtest3 WHERE id BETWEEN 2263635 AND 2263735
	Index Only Scan using sbtest3_pkey on sbtest3  (cost=0.43..6.35 rows=96 width=4)
	  Index Cond: ((id >= 2263635) AND (id <= 2263735))

table 4 : explain SELECT id FROM sbtest4 WHERE id BETWEEN 2263635 AND 2263735
	Index Only Scan using sbtest4_pkey on sbtest4  (cost=0.43..6.29 rows=93 width=4)
	  Index Cond: ((id >= 2263635) AND (id <= 2263735))

table 5 : explain SELECT id FROM sbtest5 WHERE id BETWEEN 2263635 AND 2263735
	Index Only Scan using sbtest5_pkey on sbtest5  (cost=0.43..6.40 rows=98 width=4)
	  Index Cond: ((id >= 2263635) AND (id <= 2263735))

table 6 : explain SELECT id FROM sbtest6 WHERE id BETWEEN 2263635 AND 2263735
	Index Only Scan using sbtest6_pkey on sbtest6  (cost=0.43..6.47 rows=102 width=4)
	  Index Cond: ((id >= 2263635) AND (id <= 2263735))

table 7 : explain SELECT id FROM sbtest7 WHERE id BETWEEN 2263635 AND 2263735
	Index Only Scan using sbtest7_pkey on sbtest7  (cost=0.43..6.42 rows=99 width=4)
	  Index Cond: ((id >= 2263635) AND (id <= 2263735))

table 8 : explain SELECT id FROM sbtest8 WHERE id BETWEEN 2263635 AND 2263735
	Index Only Scan using sbtest8_pkey on sbtest8  (cost=0.43..6.53 rows=105 width=4)
	  Index Cond: ((id >= 2263635) AND (id <= 2263735))

explain: for range-covered :: explain SELECT id FROM sbtest%d WHERE id BETWEEN 2263635 AND 2263735
for range-covered
table 1 : explain SELECT id FROM sbtest1 WHERE id BETWEEN 3967415 AND 3967515
	Index Only Scan using sbtest1_pkey on sbtest1  (cost=0.43..6.51 rows=104 width=4)
	  Index Cond: ((id >= 3967415) AND (id <= 3967515))

table 2 : explain SELECT id FROM sbtest2 WHERE id BETWEEN 3967415 AND 3967515
	Index Only Scan using sbtest2_pkey on sbtest2  (cost=0.43..6.43 rows=100 width=4)
	  Index Cond: ((id >= 3967415) AND (id <= 3967515))

table 3 : explain SELECT id FROM sbtest3 WHERE id BETWEEN 3967415 AND 3967515
	Index Only Scan using sbtest3_pkey on sbtest3  (cost=0.43..6.67 rows=112 width=4)
	  Index Cond: ((id >= 3967415) AND (id <= 3967515))

table 4 : explain SELECT id FROM sbtest4 WHERE id BETWEEN 3967415 AND 3967515
	Index Only Scan using sbtest4_pkey on sbtest4  (cost=0.43..6.45 rows=101 width=4)
	  Index Cond: ((id >= 3967415) AND (id <= 3967515))

table 5 : explain SELECT id FROM sbtest5 WHERE id BETWEEN 3967415 AND 3967515
	Index Only Scan using sbtest5_pkey on sbtest5  (cost=0.43..6.53 rows=105 width=4)
	  Index Cond: ((id >= 3967415) AND (id <= 3967515))

table 6 : explain SELECT id FROM sbtest6 WHERE id BETWEEN 3967415 AND 3967515
	Index Only Scan using sbtest6_pkey on sbtest6  (cost=0.43..6.45 rows=101 width=4)
	  Index Cond: ((id >= 3967415) AND (id <= 3967515))

table 7 : explain SELECT id FROM sbtest7 WHERE id BETWEEN 3967415 AND 3967515
	Index Only Scan using sbtest7_pkey on sbtest7  (cost=0.43..6.45 rows=101 width=4)
	  Index Cond: ((id >= 3967415) AND (id <= 3967515))

table 8 : explain SELECT id FROM sbtest8 WHERE id BETWEEN 3967415 AND 3967515
	Index Only Scan using sbtest8_pkey on sbtest8  (cost=0.43..6.47 rows=102 width=4)
	  Index Cond: ((id >= 3967415) AND (id <= 3967515))

for range-covered
table 1 : explain SELECT id FROM sbtest1 WHERE id BETWEEN 4773701 AND 4773801
	Index Only Scan using sbtest1_pkey on sbtest1  (cost=0.43..6.56 rows=106 width=4)
	  Index Cond: ((id >= 4773701) AND (id <= 4773801))

table 2 : explain SELECT id FROM sbtest2 WHERE id BETWEEN 4773701 AND 4773801
	Index Only Scan using sbtest2_pkey on sbtest2  (cost=0.43..6.58 rows=107 width=4)
	  Index Cond: ((id >= 4773701) AND (id <= 4773801))

table 3 : explain SELECT id FROM sbtest3 WHERE id BETWEEN 4773701 AND 4773801
	Index Only Scan using sbtest3_pkey on sbtest3  (cost=0.43..6.58 rows=107 width=4)
	  Index Cond: ((id >= 4773701) AND (id <= 4773801))

table 4 : explain SELECT id FROM sbtest4 WHERE id BETWEEN 4773701 AND 4773801
	Index Only Scan using sbtest4_pkey on sbtest4  (cost=0.43..6.43 rows=100 width=4)
	  Index Cond: ((id >= 4773701) AND (id <= 4773801))

table 5 : explain SELECT id FROM sbtest5 WHERE id BETWEEN 4773701 AND 4773801
	Index Only Scan using sbtest5_pkey on sbtest5  (cost=0.43..6.45 rows=101 width=4)
	  Index Cond: ((id >= 4773701) AND (id <= 4773801))

table 6 : explain SELECT id FROM sbtest6 WHERE id BETWEEN 4773701 AND 4773801
	Index Only Scan using sbtest6_pkey on sbtest6  (cost=0.43..6.33 rows=95 width=4)
	  Index Cond: ((id >= 4773701) AND (id <= 4773801))

table 7 : explain SELECT id FROM sbtest7 WHERE id BETWEEN 4773701 AND 4773801
	Index Only Scan using sbtest7_pkey on sbtest7  (cost=0.43..6.37 rows=97 width=4)
	  Index Cond: ((id >= 4773701) AND (id <= 4773801))

table 8 : explain SELECT id FROM sbtest8 WHERE id BETWEEN 4773701 AND 4773801
	Index Only Scan using sbtest8_pkey on sbtest8  (cost=0.43..6.32 rows=94 width=4)
	  Index Cond: ((id >= 4773701) AND (id <= 4773801))

explain: for range-covered :: explain SELECT id FROM sbtest%d WHERE id BETWEEN 3967415 AND 3967515
explain: for range-covered :: explain SELECT id FROM sbtest%d WHERE id BETWEEN 4773701 AND 4773801
for range-covered
table 1 : explain SELECT id FROM sbtest1 WHERE id BETWEEN 6866655 AND 6866755
	Index Only Scan using sbtest1_pkey on sbtest1  (cost=0.43..6.58 rows=107 width=4)
	  Index Cond: ((id >= 6866655) AND (id <= 6866755))

table 2 : explain SELECT id FROM sbtest2 WHERE id BETWEEN 6866655 AND 6866755
	Index Only Scan using sbtest2_pkey on sbtest2  (cost=0.43..6.35 rows=96 width=4)
	  Index Cond: ((id >= 6866655) AND (id <= 6866755))

table 3 : explain SELECT id FROM sbtest3 WHERE id BETWEEN 6866655 AND 6866755
	Index Only Scan using sbtest3_pkey on sbtest3  (cost=0.43..6.43 rows=100 width=4)
	  Index Cond: ((id >= 6866655) AND (id <= 6866755))

table 4 : explain SELECT id FROM sbtest4 WHERE id BETWEEN 6866655 AND 6866755
	Index Only Scan using sbtest4_pkey on sbtest4  (cost=0.43..6.43 rows=100 width=4)
	  Index Cond: ((id >= 6866655) AND (id <= 6866755))

table 5 : explain SELECT id FROM sbtest5 WHERE id BETWEEN 6866655 AND 6866755
	Index Only Scan using sbtest5_pkey on sbtest5  (cost=0.43..6.37 rows=97 width=4)
	  Index Cond: ((id >= 6866655) AND (id <= 6866755))

table 6 : explain SELECT id FROM sbtest6 WHERE id BETWEEN 6866655 AND 6866755
	Index Only Scan using sbtest6_pkey on sbtest6  (cost=0.43..6.56 rows=106 width=4)
	  Index Cond: ((id >= 6866655) AND (id <= 6866755))

table 7 : explain SELECT id FROM sbtest7 WHERE id BETWEEN 6866655 AND 6866755
	Index Only Scan using sbtest7_pkey on sbtest7  (cost=0.43..6.29 rows=93 width=4)
	  Index Cond: ((id >= 6866655) AND (id <= 6866755))

table 8 : explain SELECT id FROM sbtest8 WHERE id BETWEEN 6866655 AND 6866755
	Index Only Scan using sbtest8_pkey on sbtest8  (cost=0.43..6.58 rows=107 width=4)
	  Index Cond: ((id >= 6866655) AND (id <= 6866755))

explain: for range-covered :: explain SELECT id FROM sbtest%d WHERE id BETWEEN 6866655 AND 6866755
for range-covered
table 1 : explain SELECT id FROM sbtest1 WHERE id BETWEEN 5883207 AND 5883307
	Index Only Scan using sbtest1_pkey on sbtest1  (cost=0.43..6.45 rows=101 width=4)
	  Index Cond: ((id >= 5883207) AND (id <= 5883307))

table 2 : explain SELECT id FROM sbtest2 WHERE id BETWEEN 5883207 AND 5883307
	Index Only Scan using sbtest2_pkey on sbtest2  (cost=0.43..6.56 rows=106 width=4)
	  Index Cond: ((id >= 5883207) AND (id <= 5883307))

table 3 : explain SELECT id FROM sbtest3 WHERE id BETWEEN 5883207 AND 5883307
	Index Only Scan using sbtest3_pkey on sbtest3  (cost=0.43..6.32 rows=94 width=4)
	  Index Cond: ((id >= 5883207) AND (id <= 5883307))

table 4 : explain SELECT id FROM sbtest4 WHERE id BETWEEN 5883207 AND 5883307
	Index Only Scan using sbtest4_pkey on sbtest4  (cost=0.43..6.56 rows=106 width=4)
	  Index Cond: ((id >= 5883207) AND (id <= 5883307))

table 5 : explain SELECT id FROM sbtest5 WHERE id BETWEEN 5883207 AND 5883307
	Index Only Scan using sbtest5_pkey on sbtest5  (cost=0.43..6.35 rows=96 width=4)
	  Index Cond: ((id >= 5883207) AND (id <= 5883307))

table 6 : explain SELECT id FROM sbtest6 WHERE id BETWEEN 5883207 AND 5883307
	Index Only Scan using sbtest6_pkey on sbtest6  (cost=0.43..6.45 rows=101 width=4)
	  Index Cond: ((id >= 5883207) AND (id <= 5883307))

table 7 : explain SELECT id FROM sbtest7 WHERE id BETWEEN 5883207 AND 5883307
	Index Only Scan using sbtest7_pkey on sbtest7  (cost=0.43..6.32 rows=94 width=4)
	  Index Cond: ((id >= 5883207) AND (id <= 5883307))

table 8 : explain SELECT id FROM sbtest8 WHERE id BETWEEN 5883207 AND 5883307
	Index Only Scan using sbtest8_pkey on sbtest8  (cost=0.43..6.67 rows=112 width=4)
	  Index Cond: ((id >= 5883207) AND (id <= 5883307))

explain: for range-covered :: explain SELECT id FROM sbtest%d WHERE id BETWEEN 2154588 AND 2154688
explain: for range-covered :: explain SELECT id FROM sbtest%d WHERE id BETWEEN 5883207 AND 5883307
for range-covered
table 1 : explain SELECT id FROM sbtest1 WHERE id BETWEEN 4351132 AND 4351232
	Index Only Scan using sbtest1_pkey on sbtest1  (cost=0.43..6.45 rows=101 width=4)
	  Index Cond: ((id >= 4351132) AND (id <= 4351232))

table 2 : explain SELECT id FROM sbtest2 WHERE id BETWEEN 4351132 AND 4351232
	Index Only Scan using sbtest2_pkey on sbtest2  (cost=0.43..6.45 rows=101 width=4)
	  Index Cond: ((id >= 4351132) AND (id <= 4351232))

table 3 : explain SELECT id FROM sbtest3 WHERE id BETWEEN 4351132 AND 4351232
	Index Only Scan using sbtest3_pkey on sbtest3  (cost=0.43..6.32 rows=94 width=4)
	  Index Cond: ((id >= 4351132) AND (id <= 4351232))

table 4 : explain SELECT id FROM sbtest4 WHERE id BETWEEN 4351132 AND 4351232
	Index Only Scan using sbtest4_pkey on sbtest4  (cost=0.43..6.37 rows=97 width=4)
	  Index Cond: ((id >= 4351132) AND (id <= 4351232))

table 5 : explain SELECT id FROM sbtest5 WHERE id BETWEEN 4351132 AND 4351232
	Index Only Scan using sbtest5_pkey on sbtest5  (cost=0.43..6.42 rows=99 width=4)
	  Index Cond: ((id >= 4351132) AND (id <= 4351232))

table 6 : explain SELECT id FROM sbtest6 WHERE id BETWEEN 4351132 AND 4351232
	Index Only Scan using sbtest6_pkey on sbtest6  (cost=0.43..6.51 rows=104 width=4)
	  Index Cond: ((id >= 4351132) AND (id <= 4351232))

table 7 : explain SELECT id FROM sbtest7 WHERE id BETWEEN 4351132 AND 4351232
	Index Only Scan using sbtest7_pkey on sbtest7  (cost=0.43..6.50 rows=103 width=4)
	  Index Cond: ((id >= 4351132) AND (id <= 4351232))

table 8 : explain SELECT id FROM sbtest8 WHERE id BETWEEN 4351132 AND 4351232
	Index Only Scan using sbtest8_pkey on sbtest8  (cost=0.43..6.21 rows=89 width=4)
	  Index Cond: ((id >= 4351132) AND (id <= 4351232))

explain: for range-covered :: explain SELECT id FROM sbtest%d WHERE id BETWEEN 4351132 AND 4351232
for range-covered
table 1 : explain SELECT id FROM sbtest1 WHERE id BETWEEN 2263635 AND 2263735
	Index Only Scan using sbtest1_pkey on sbtest1  (cost=0.43..6.40 rows=98 width=4)
	  Index Cond: ((id >= 2263635) AND (id <= 2263735))

table 2 : explain SELECT id FROM sbtest2 WHERE id BETWEEN 2263635 AND 2263735
	Index Only Scan using sbtest2_pkey on sbtest2  (cost=0.43..6.72 rows=114 width=4)
	  Index Cond: ((id >= 2263635) AND (id <= 2263735))

table 3 : explain SELECT id FROM sbtest3 WHERE id BETWEEN 2263635 AND 2263735
	Index Only Scan using sbtest3_pkey on sbtest3  (cost=0.43..6.35 rows=96 width=4)
	  Index Cond: ((id >= 2263635) AND (id <= 2263735))

table 4 : explain SELECT id FROM sbtest4 WHERE id BETWEEN 2263635 AND 2263735
	Index Only Scan using sbtest4_pkey on sbtest4  (cost=0.43..6.29 rows=93 width=4)
	  Index Cond: ((id >= 2263635) AND (id <= 2263735))

table 5 : explain SELECT id FROM sbtest5 WHERE id BETWEEN 2263635 AND 2263735
	Index Only Scan using sbtest5_pkey on sbtest5  (cost=0.43..6.40 rows=98 width=4)
	  Index Cond: ((id >= 2263635) AND (id <= 2263735))

table 6 : explain SELECT id FROM sbtest6 WHERE id BETWEEN 2263635 AND 2263735
	Index Only Scan using sbtest6_pkey on sbtest6  (cost=0.43..6.47 rows=102 width=4)
	  Index Cond: ((id >= 2263635) AND (id <= 2263735))

table 7 : explain SELECT id FROM sbtest7 WHERE id BETWEEN 2263635 AND 2263735
	Index Only Scan using sbtest7_pkey on sbtest7  (cost=0.43..6.42 rows=99 width=4)
	  Index Cond: ((id >= 2263635) AND (id <= 2263735))

table 8 : explain SELECT id FROM sbtest8 WHERE id BETWEEN 2263635 AND 2263735
	Index Only Scan using sbtest8_pkey on sbtest8  (cost=0.43..6.53 rows=105 width=4)
	  Index Cond: ((id >= 2263635) AND (id <= 2263735))

for range-covered
table 1 : explain SELECT id FROM sbtest1 WHERE id BETWEEN 3967415 AND 3967515
	Index Only Scan using sbtest1_pkey on sbtest1  (cost=0.43..6.51 rows=104 width=4)
	  Index Cond: ((id >= 3967415) AND (id <= 3967515))

table 2 : explain SELECT id FROM sbtest2 WHERE id BETWEEN 3967415 AND 3967515
	Index Only Scan using sbtest2_pkey on sbtest2  (cost=0.43..6.43 rows=100 width=4)
	  Index Cond: ((id >= 3967415) AND (id <= 3967515))

table 3 : explain SELECT id FROM sbtest3 WHERE id BETWEEN 3967415 AND 3967515
	Index Only Scan using sbtest3_pkey on sbtest3  (cost=0.43..6.67 rows=112 width=4)
	  Index Cond: ((id >= 3967415) AND (id <= 3967515))

table 4 : explain SELECT id FROM sbtest4 WHERE id BETWEEN 3967415 AND 3967515
	Index Only Scan using sbtest4_pkey on sbtest4  (cost=0.43..6.45 rows=101 width=4)
	  Index Cond: ((id >= 3967415) AND (id <= 3967515))

table 5 : explain SELECT id FROM sbtest5 WHERE id BETWEEN 3967415 AND 3967515
	Index Only Scan using sbtest5_pkey on sbtest5  (cost=0.43..6.53 rows=105 width=4)
	  Index Cond: ((id >= 3967415) AND (id <= 3967515))

table 6 : explain SELECT id FROM sbtest6 WHERE id BETWEEN 3967415 AND 3967515
	Index Only Scan using sbtest6_pkey on sbtest6  (cost=0.43..6.45 rows=101 width=4)
	  Index Cond: ((id >= 3967415) AND (id <= 3967515))

table 7 : explain SELECT id FROM sbtest7 WHERE id BETWEEN 3967415 AND 3967515
	Index Only Scan using sbtest7_pkey on sbtest7  (cost=0.43..6.45 rows=101 width=4)
	  Index Cond: ((id >= 3967415) AND (id <= 3967515))

table 8 : explain SELECT id FROM sbtest8 WHERE id BETWEEN 3967415 AND 3967515
	Index Only Scan using sbtest8_pkey on sbtest8  (cost=0.43..6.47 rows=102 width=4)
	  Index Cond: ((id >= 3967415) AND (id <= 3967515))

for range-covered
table 1 : explain SELECT id FROM sbtest1 WHERE id BETWEEN 4983788 AND 4983888
	Index Only Scan using sbtest1_pkey on sbtest1  (cost=0.43..6.74 rows=115 width=4)
	  Index Cond: ((id >= 4983788) AND (id <= 4983888))

table 2 : explain SELECT id FROM sbtest2 WHERE id BETWEEN 4983788 AND 4983888
	Index Only Scan using sbtest2_pkey on sbtest2  (cost=0.43..6.50 rows=103 width=4)
	  Index Cond: ((id >= 4983788) AND (id <= 4983888))

table 3 : explain SELECT id FROM sbtest3 WHERE id BETWEEN 4983788 AND 4983888
	Index Only Scan using sbtest3_pkey on sbtest3  (cost=0.43..6.69 rows=113 width=4)
	  Index Cond: ((id >= 4983788) AND (id <= 4983888))

table 4 : explain SELECT id FROM sbtest4 WHERE id BETWEEN 4983788 AND 4983888
	Index Only Scan using sbtest4_pkey on sbtest4  (cost=0.43..6.59 rows=108 width=4)
	  Index Cond: ((id >= 4983788) AND (id <= 4983888))

table 5 : explain SELECT id FROM sbtest5 WHERE id BETWEEN 4983788 AND 4983888
	Index Only Scan using sbtest5_pkey on sbtest5  (cost=0.43..6.50 rows=103 width=4)
	  Index Cond: ((id >= 4983788) AND (id <= 4983888))

table 6 : explain SELECT id FROM sbtest6 WHERE id BETWEEN 4983788 AND 4983888
	Index Only Scan using sbtest6_pkey on sbtest6  (cost=0.43..6.61 rows=109 width=4)
	  Index Cond: ((id >= 4983788) AND (id <= 4983888))

table 7 : explain SELECT id FROM sbtest7 WHERE id BETWEEN 4983788 AND 4983888
	Index Only Scan using sbtest7_pkey on sbtest7  (cost=0.43..6.37 rows=97 width=4)
	  Index Cond: ((id >= 4983788) AND (id <= 4983888))

table 8 : explain SELECT id FROM sbtest8 WHERE id BETWEEN 4983788 AND 4983888
	Index Only Scan using sbtest8_pkey on sbtest8  (cost=0.43..6.35 rows=96 width=4)
	  Index Cond: ((id >= 4983788) AND (id <= 4983888))

explain: for range-covered :: explain SELECT id FROM sbtest%d WHERE id BETWEEN 2263635 AND 2263735
explain: for range-covered :: explain SELECT id FROM sbtest%d WHERE id BETWEEN 3967415 AND 3967515
explain: for range-covered :: explain SELECT id FROM sbtest%d WHERE id BETWEEN 4983788 AND 4983888
for range-covered
table 1 : explain SELECT id FROM sbtest1 WHERE id BETWEEN 6866655 AND 6866755
	Index Only Scan using sbtest1_pkey on sbtest1  (cost=0.43..6.58 rows=107 width=4)
	  Index Cond: ((id >= 6866655) AND (id <= 6866755))

table 2 : explain SELECT id FROM sbtest2 WHERE id BETWEEN 6866655 AND 6866755
	Index Only Scan using sbtest2_pkey on sbtest2  (cost=0.43..6.35 rows=96 width=4)
	  Index Cond: ((id >= 6866655) AND (id <= 6866755))

table 3 : explain SELECT id FROM sbtest3 WHERE id BETWEEN 6866655 AND 6866755
	Index Only Scan using sbtest3_pkey on sbtest3  (cost=0.43..6.43 rows=100 width=4)
	  Index Cond: ((id >= 6866655) AND (id <= 6866755))

table 4 : explain SELECT id FROM sbtest4 WHERE id BETWEEN 6866655 AND 6866755
	Index Only Scan using sbtest4_pkey on sbtest4  (cost=0.43..6.43 rows=100 width=4)
	  Index Cond: ((id >= 6866655) AND (id <= 6866755))

table 5 : explain SELECT id FROM sbtest5 WHERE id BETWEEN 6866655 AND 6866755
	Index Only Scan using sbtest5_pkey on sbtest5  (cost=0.43..6.37 rows=97 width=4)
	  Index Cond: ((id >= 6866655) AND (id <= 6866755))

table 6 : explain SELECT id FROM sbtest6 WHERE id BETWEEN 6866655 AND 6866755
	Index Only Scan using sbtest6_pkey on sbtest6  (cost=0.43..6.56 rows=106 width=4)
	  Index Cond: ((id >= 6866655) AND (id <= 6866755))

table 7 : explain SELECT id FROM sbtest7 WHERE id BETWEEN 6866655 AND 6866755
	Index Only Scan using sbtest7_pkey on sbtest7  (cost=0.43..6.29 rows=93 width=4)
	  Index Cond: ((id >= 6866655) AND (id <= 6866755))

table 8 : explain SELECT id FROM sbtest8 WHERE id BETWEEN 6866655 AND 6866755
	Index Only Scan using sbtest8_pkey on sbtest8  (cost=0.43..6.58 rows=107 width=4)
	  Index Cond: ((id >= 6866655) AND (id <= 6866755))

for range-covered
table 1 : explain SELECT id FROM sbtest1 WHERE id BETWEEN 5883207 AND 5883307
	Index Only Scan using sbtest1_pkey on sbtest1  (cost=0.43..6.45 rows=101 width=4)
	  Index Cond: ((id >= 5883207) AND (id <= 5883307))

table 2 : explain SELECT id FROM sbtest2 WHERE id BETWEEN 5883207 AND 5883307
	Index Only Scan using sbtest2_pkey on sbtest2  (cost=0.43..6.56 rows=106 width=4)
	  Index Cond: ((id >= 5883207) AND (id <= 5883307))

table 3 : explain SELECT id FROM sbtest3 WHERE id BETWEEN 5883207 AND 5883307
	Index Only Scan using sbtest3_pkey on sbtest3  (cost=0.43..6.32 rows=94 width=4)
	  Index Cond: ((id >= 5883207) AND (id <= 5883307))

table 4 : explain SELECT id FROM sbtest4 WHERE id BETWEEN 5883207 AND 5883307
	Index Only Scan using sbtest4_pkey on sbtest4  (cost=0.43..6.56 rows=106 width=4)
	  Index Cond: ((id >= 5883207) AND (id <= 5883307))

table 5 : explain SELECT id FROM sbtest5 WHERE id BETWEEN 5883207 AND 5883307
	Index Only Scan using sbtest5_pkey on sbtest5  (cost=0.43..6.35 rows=96 width=4)
	  Index Cond: ((id >= 5883207) AND (id <= 5883307))

table 6 : explain SELECT id FROM sbtest6 WHERE id BETWEEN 5883207 AND 5883307
	Index Only Scan using sbtest6_pkey on sbtest6  (cost=0.43..6.45 rows=101 width=4)
	  Index Cond: ((id >= 5883207) AND (id <= 5883307))

table 7 : explain SELECT id FROM sbtest7 WHERE id BETWEEN 5883207 AND 5883307
	Index Only Scan using sbtest7_pkey on sbtest7  (cost=0.43..6.32 rows=94 width=4)
	  Index Cond: ((id >= 5883207) AND (id <= 5883307))

table 8 : explain SELECT id FROM sbtest8 WHERE id BETWEEN 5883207 AND 5883307
	Index Only Scan using sbtest8_pkey on sbtest8  (cost=0.43..6.67 rows=112 width=4)
	  Index Cond: ((id >= 5883207) AND (id <= 5883307))

for range-covered
table 1 : explain SELECT id FROM sbtest1 WHERE id BETWEEN 2154588 AND 2154688
	Index Only Scan using sbtest1_pkey on sbtest1  (cost=0.43..6.69 rows=113 width=4)
	  Index Cond: ((id >= 2154588) AND (id <= 2154688))

table 2 : explain SELECT id FROM sbtest2 WHERE id BETWEEN 2154588 AND 2154688
	Index Only Scan using sbtest2_pkey on sbtest2  (cost=0.43..6.56 rows=106 width=4)
	  Index Cond: ((id >= 2154588) AND (id <= 2154688))

table 3 : explain SELECT id FROM sbtest3 WHERE id BETWEEN 2154588 AND 2154688
	Index Only Scan using sbtest3_pkey on sbtest3  (cost=0.43..6.43 rows=100 width=4)
	  Index Cond: ((id >= 2154588) AND (id <= 2154688))

table 4 : explain SELECT id FROM sbtest4 WHERE id BETWEEN 2154588 AND 2154688
	Index Only Scan using sbtest4_pkey on sbtest4  (cost=0.43..6.32 rows=94 width=4)
	  Index Cond: ((id >= 2154588) AND (id <= 2154688))

table 5 : explain SELECT id FROM sbtest5 WHERE id BETWEEN 2154588 AND 2154688
	Index Only Scan using sbtest5_pkey on sbtest5  (cost=0.43..6.50 rows=103 width=4)
	  Index Cond: ((id >= 2154588) AND (id <= 2154688))

table 6 : explain SELECT id FROM sbtest6 WHERE id BETWEEN 2154588 AND 2154688
	Index Only Scan using sbtest6_pkey on sbtest6  (cost=0.43..6.27 rows=92 width=4)
	  Index Cond: ((id >= 2154588) AND (id <= 2154688))

table 7 : explain SELECT id FROM sbtest7 WHERE id BETWEEN 2154588 AND 2154688
	Index Only Scan using sbtest7_pkey on sbtest7  (cost=0.43..6.29 rows=93 width=4)
	  Index Cond: ((id >= 2154588) AND (id <= 2154688))

table 8 : explain SELECT id FROM sbtest8 WHERE id BETWEEN 2154588 AND 2154688
	Index Only Scan using sbtest8_pkey on sbtest8  (cost=0.43..6.58 rows=107 width=4)
	  Index Cond: ((id >= 2154588) AND (id <= 2154688))

for range-covered
table 1 : explain SELECT id FROM sbtest1 WHERE id BETWEEN 4351132 AND 4351232
	Index Only Scan using sbtest1_pkey on sbtest1  (cost=0.43..6.45 rows=101 width=4)
	  Index Cond: ((id >= 4351132) AND (id <= 4351232))

table 2 : explain SELECT id FROM sbtest2 WHERE id BETWEEN 4351132 AND 4351232
	Index Only Scan using sbtest2_pkey on sbtest2  (cost=0.43..6.45 rows=101 width=4)
	  Index Cond: ((id >= 4351132) AND (id <= 4351232))

table 3 : explain SELECT id FROM sbtest3 WHERE id BETWEEN 4351132 AND 4351232
	Index Only Scan using sbtest3_pkey on sbtest3  (cost=0.43..6.32 rows=94 width=4)
	  Index Cond: ((id >= 4351132) AND (id <= 4351232))

table 4 : explain SELECT id FROM sbtest4 WHERE id BETWEEN 4351132 AND 4351232
	Index Only Scan using sbtest4_pkey on sbtest4  (cost=0.43..6.37 rows=97 width=4)
	  Index Cond: ((id >= 4351132) AND (id <= 4351232))

table 5 : explain SELECT id FROM sbtest5 WHERE id BETWEEN 4351132 AND 4351232
	Index Only Scan using sbtest5_pkey on sbtest5  (cost=0.43..6.42 rows=99 width=4)
	  Index Cond: ((id >= 4351132) AND (id <= 4351232))

table 6 : explain SELECT id FROM sbtest6 WHERE id BETWEEN 4351132 AND 4351232
	Index Only Scan using sbtest6_pkey on sbtest6  (cost=0.43..6.51 rows=104 width=4)
	  Index Cond: ((id >= 4351132) AND (id <= 4351232))

table 7 : explain SELECT id FROM sbtest7 WHERE id BETWEEN 4351132 AND 4351232
	Index Only Scan using sbtest7_pkey on sbtest7  (cost=0.43..6.50 rows=103 width=4)
	  Index Cond: ((id >= 4351132) AND (id <= 4351232))

table 8 : explain SELECT id FROM sbtest8 WHERE id BETWEEN 4351132 AND 4351232
	Index Only Scan using sbtest8_pkey on sbtest8  (cost=0.43..6.21 rows=89 width=4)
	  Index Cond: ((id >= 4351132) AND (id <= 4351232))

explain: for range-covered :: explain SELECT id FROM sbtest%d WHERE id BETWEEN 4351132 AND 4351232
for range-covered
table 1 : explain SELECT id FROM sbtest1 WHERE id BETWEEN 4773701 AND 4773801
	Index Only Scan using sbtest1_pkey on sbtest1  (cost=0.43..6.56 rows=106 width=4)
	  Index Cond: ((id >= 4773701) AND (id <= 4773801))

table 2 : explain SELECT id FROM sbtest2 WHERE id BETWEEN 4773701 AND 4773801
	Index Only Scan using sbtest2_pkey on sbtest2  (cost=0.43..6.58 rows=107 width=4)
	  Index Cond: ((id >= 4773701) AND (id <= 4773801))

table 3 : explain SELECT id FROM sbtest3 WHERE id BETWEEN 4773701 AND 4773801
	Index Only Scan using sbtest3_pkey on sbtest3  (cost=0.43..6.58 rows=107 width=4)
	  Index Cond: ((id >= 4773701) AND (id <= 4773801))

table 4 : explain SELECT id FROM sbtest4 WHERE id BETWEEN 4773701 AND 4773801
	Index Only Scan using sbtest4_pkey on sbtest4  (cost=0.43..6.43 rows=100 width=4)
	  Index Cond: ((id >= 4773701) AND (id <= 4773801))

table 5 : explain SELECT id FROM sbtest5 WHERE id BETWEEN 4773701 AND 4773801
	Index Only Scan using sbtest5_pkey on sbtest5  (cost=0.43..6.45 rows=101 width=4)
	  Index Cond: ((id >= 4773701) AND (id <= 4773801))

table 6 : explain SELECT id FROM sbtest6 WHERE id BETWEEN 4773701 AND 4773801
	Index Only Scan using sbtest6_pkey on sbtest6  (cost=0.43..6.33 rows=95 width=4)
	  Index Cond: ((id >= 4773701) AND (id <= 4773801))

table 7 : explain SELECT id FROM sbtest7 WHERE id BETWEEN 4773701 AND 4773801
	Index Only Scan using sbtest7_pkey on sbtest7  (cost=0.43..6.37 rows=97 width=4)
	  Index Cond: ((id >= 4773701) AND (id <= 4773801))

table 8 : explain SELECT id FROM sbtest8 WHERE id BETWEEN 4773701 AND 4773801
	Index Only Scan using sbtest8_pkey on sbtest8  (cost=0.43..6.32 rows=94 width=4)
	  Index Cond: ((id >= 4773701) AND (id <= 4773801))

for range-covered
table 1 : explain SELECT id FROM sbtest1 WHERE id BETWEEN 2263635 AND 2263735
	Index Only Scan using sbtest1_pkey on sbtest1  (cost=0.43..6.40 rows=98 width=4)
	  Index Cond: ((id >= 2263635) AND (id <= 2263735))

table 2 : explain SELECT id FROM sbtest2 WHERE id BETWEEN 2263635 AND 2263735
	Index Only Scan using sbtest2_pkey on sbtest2  (cost=0.43..6.72 rows=114 width=4)
	  Index Cond: ((id >= 2263635) AND (id <= 2263735))

table 3 : explain SELECT id FROM sbtest3 WHERE id BETWEEN 2263635 AND 2263735
	Index Only Scan using sbtest3_pkey on sbtest3  (cost=0.43..6.35 rows=96 width=4)
	  Index Cond: ((id >= 2263635) AND (id <= 2263735))

table 4 : explain SELECT id FROM sbtest4 WHERE id BETWEEN 2263635 AND 2263735
	Index Only Scan using sbtest4_pkey on sbtest4  (cost=0.43..6.29 rows=93 width=4)
	  Index Cond: ((id >= 2263635) AND (id <= 2263735))

table 5 : explain SELECT id FROM sbtest5 WHERE id BETWEEN 2263635 AND 2263735
	Index Only Scan using sbtest5_pkey on sbtest5  (cost=0.43..6.40 rows=98 width=4)
	  Index Cond: ((id >= 2263635) AND (id <= 2263735))

table 6 : explain SELECT id FROM sbtest6 WHERE id BETWEEN 2263635 AND 2263735
	Index Only Scan using sbtest6_pkey on sbtest6  (cost=0.43..6.47 rows=102 width=4)
	  Index Cond: ((id >= 2263635) AND (id <= 2263735))

table 7 : explain SELECT id FROM sbtest7 WHERE id BETWEEN 2263635 AND 2263735
	Index Only Scan using sbtest7_pkey on sbtest7  (cost=0.43..6.42 rows=99 width=4)
	  Index Cond: ((id >= 2263635) AND (id <= 2263735))

table 8 : explain SELECT id FROM sbtest8 WHERE id BETWEEN 2263635 AND 2263735
	Index Only Scan using sbtest8_pkey on sbtest8  (cost=0.43..6.53 rows=105 width=4)
	  Index Cond: ((id >= 2263635) AND (id <= 2263735))

for range-covered
table 1 : explain SELECT id FROM sbtest1 WHERE id BETWEEN 3967415 AND 3967515
	Index Only Scan using sbtest1_pkey on sbtest1  (cost=0.43..6.51 rows=104 width=4)
	  Index Cond: ((id >= 3967415) AND (id <= 3967515))

table 2 : explain SELECT id FROM sbtest2 WHERE id BETWEEN 3967415 AND 3967515
	Index Only Scan using sbtest2_pkey on sbtest2  (cost=0.43..6.43 rows=100 width=4)
	  Index Cond: ((id >= 3967415) AND (id <= 3967515))

table 3 : explain SELECT id FROM sbtest3 WHERE id BETWEEN 3967415 AND 3967515
	Index Only Scan using sbtest3_pkey on sbtest3  (cost=0.43..6.67 rows=112 width=4)
	  Index Cond: ((id >= 3967415) AND (id <= 3967515))

table 4 : explain SELECT id FROM sbtest4 WHERE id BETWEEN 3967415 AND 3967515
	Index Only Scan using sbtest4_pkey on sbtest4  (cost=0.43..6.45 rows=101 width=4)
	  Index Cond: ((id >= 3967415) AND (id <= 3967515))

table 5 : explain SELECT id FROM sbtest5 WHERE id BETWEEN 3967415 AND 3967515
	Index Only Scan using sbtest5_pkey on sbtest5  (cost=0.43..6.53 rows=105 width=4)
	  Index Cond: ((id >= 3967415) AND (id <= 3967515))

table 6 : explain SELECT id FROM sbtest6 WHERE id BETWEEN 3967415 AND 3967515
	Index Only Scan using sbtest6_pkey on sbtest6  (cost=0.43..6.45 rows=101 width=4)
	  Index Cond: ((id >= 3967415) AND (id <= 3967515))

table 7 : explain SELECT id FROM sbtest7 WHERE id BETWEEN 3967415 AND 3967515
	Index Only Scan using sbtest7_pkey on sbtest7  (cost=0.43..6.45 rows=101 width=4)
	  Index Cond: ((id >= 3967415) AND (id <= 3967515))

table 8 : explain SELECT id FROM sbtest8 WHERE id BETWEEN 3967415 AND 3967515
	Index Only Scan using sbtest8_pkey on sbtest8  (cost=0.43..6.47 rows=102 width=4)
	  Index Cond: ((id >= 3967415) AND (id <= 3967515))

explain: for range-covered :: explain SELECT id FROM sbtest%d WHERE id BETWEEN 4773701 AND 4773801
for range-covered
table 1 : explain SELECT id FROM sbtest1 WHERE id BETWEEN 4983788 AND 4983888
	Index Only Scan using sbtest1_pkey on sbtest1  (cost=0.43..6.74 rows=115 width=4)
	  Index Cond: ((id >= 4983788) AND (id <= 4983888))

table 2 : explain SELECT id FROM sbtest2 WHERE id BETWEEN 4983788 AND 4983888
	Index Only Scan using sbtest2_pkey on sbtest2  (cost=0.43..6.50 rows=103 width=4)
	  Index Cond: ((id >= 4983788) AND (id <= 4983888))

table 3 : explain SELECT id FROM sbtest3 WHERE id BETWEEN 4983788 AND 4983888
	Index Only Scan using sbtest3_pkey on sbtest3  (cost=0.43..6.69 rows=113 width=4)
	  Index Cond: ((id >= 4983788) AND (id <= 4983888))

table 4 : explain SELECT id FROM sbtest4 WHERE id BETWEEN 4983788 AND 4983888
	Index Only Scan using sbtest4_pkey on sbtest4  (cost=0.43..6.59 rows=108 width=4)
	  Index Cond: ((id >= 4983788) AND (id <= 4983888))

table 5 : explain SELECT id FROM sbtest5 WHERE id BETWEEN 4983788 AND 4983888
	Index Only Scan using sbtest5_pkey on sbtest5  (cost=0.43..6.50 rows=103 width=4)
	  Index Cond: ((id >= 4983788) AND (id <= 4983888))

table 6 : explain SELECT id FROM sbtest6 WHERE id BETWEEN 4983788 AND 4983888
	Index Only Scan using sbtest6_pkey on sbtest6  (cost=0.43..6.61 rows=109 width=4)
	  Index Cond: ((id >= 4983788) AND (id <= 4983888))

table 7 : explain SELECT id FROM sbtest7 WHERE id BETWEEN 4983788 AND 4983888
	Index Only Scan using sbtest7_pkey on sbtest7  (cost=0.43..6.37 rows=97 width=4)
	  Index Cond: ((id >= 4983788) AND (id <= 4983888))

table 8 : explain SELECT id FROM sbtest8 WHERE id BETWEEN 4983788 AND 4983888
	Index Only Scan using sbtest8_pkey on sbtest8  (cost=0.43..6.35 rows=96 width=4)
	  Index Cond: ((id >= 4983788) AND (id <= 4983888))

explain: for range-covered :: explain SELECT id FROM sbtest%d WHERE id BETWEEN 2263635 AND 2263735
explain: for range-covered :: explain SELECT id FROM sbtest%d WHERE id BETWEEN 4983788 AND 4983888
explain: for range-covered :: explain SELECT id FROM sbtest%d WHERE id BETWEEN 3889993 AND 3890093
for range-covered
table 1 : explain SELECT id FROM sbtest1 WHERE id BETWEEN 4029672 AND 4029772
	Index Only Scan using sbtest1_pkey on sbtest1  (cost=0.43..6.51 rows=104 width=4)
	  Index Cond: ((id >= 4029672) AND (id <= 4029772))

table 2 : explain SELECT id FROM sbtest2 WHERE id BETWEEN 4029672 AND 4029772
	Index Only Scan using sbtest2_pkey on sbtest2  (cost=0.43..6.43 rows=100 width=4)
	  Index Cond: ((id >= 4029672) AND (id <= 4029772))

table 3 : explain SELECT id FROM sbtest3 WHERE id BETWEEN 4029672 AND 4029772
	Index Only Scan using sbtest3_pkey on sbtest3  (cost=0.43..6.19 rows=88 width=4)
	  Index Cond: ((id >= 4029672) AND (id <= 4029772))

table 4 : explain SELECT id FROM sbtest4 WHERE id BETWEEN 4029672 AND 4029772
	Index Only Scan using sbtest4_pkey on sbtest4  (cost=0.43..6.45 rows=101 width=4)
	  Index Cond: ((id >= 4029672) AND (id <= 4029772))

table 5 : explain SELECT id FROM sbtest5 WHERE id BETWEEN 4029672 AND 4029772
	Index Only Scan using sbtest5_pkey on sbtest5  (cost=0.43..6.58 rows=107 width=4)
	  Index Cond: ((id >= 4029672) AND (id <= 4029772))

table 6 : explain SELECT id FROM sbtest6 WHERE id BETWEEN 4029672 AND 4029772
	Index Only Scan using sbtest6_pkey on sbtest6  (cost=0.43..6.45 rows=101 width=4)
	  Index Cond: ((id >= 4029672) AND (id <= 4029772))

table 7 : explain SELECT id FROM sbtest7 WHERE id BETWEEN 4029672 AND 4029772
	Index Only Scan using sbtest7_pkey on sbtest7  (cost=0.43..6.47 rows=102 width=4)
	  Index Cond: ((id >= 4029672) AND (id <= 4029772))

table 8 : explain SELECT id FROM sbtest8 WHERE id BETWEEN 4029672 AND 4029772
	Index Only Scan using sbtest8_pkey on sbtest8  (cost=0.43..6.45 rows=101 width=4)
	  Index Cond: ((id >= 4029672) AND (id <= 4029772))

explain: for range-covered :: explain SELECT id FROM sbtest%d WHERE id BETWEEN 4029672 AND 4029772
for range-covered
table 1 : explain SELECT id FROM sbtest1 WHERE id BETWEEN 4983788 AND 4983888
	Index Only Scan using sbtest1_pkey on sbtest1  (cost=0.43..6.74 rows=115 width=4)
	  Index Cond: ((id >= 4983788) AND (id <= 4983888))

table 2 : explain SELECT id FROM sbtest2 WHERE id BETWEEN 4983788 AND 4983888
	Index Only Scan using sbtest2_pkey on sbtest2  (cost=0.43..6.50 rows=103 width=4)
	  Index Cond: ((id >= 4983788) AND (id <= 4983888))

table 3 : explain SELECT id FROM sbtest3 WHERE id BETWEEN 4983788 AND 4983888
	Index Only Scan using sbtest3_pkey on sbtest3  (cost=0.43..6.69 rows=113 width=4)
	  Index Cond: ((id >= 4983788) AND (id <= 4983888))

table 4 : explain SELECT id FROM sbtest4 WHERE id BETWEEN 4983788 AND 4983888
	Index Only Scan using sbtest4_pkey on sbtest4  (cost=0.43..6.59 rows=108 width=4)
	  Index Cond: ((id >= 4983788) AND (id <= 4983888))

table 5 : explain SELECT id FROM sbtest5 WHERE id BETWEEN 4983788 AND 4983888
	Index Only Scan using sbtest5_pkey on sbtest5  (cost=0.43..6.50 rows=103 width=4)
	  Index Cond: ((id >= 4983788) AND (id <= 4983888))

table 6 : explain SELECT id FROM sbtest6 WHERE id BETWEEN 4983788 AND 4983888
	Index Only Scan using sbtest6_pkey on sbtest6  (cost=0.43..6.61 rows=109 width=4)
	  Index Cond: ((id >= 4983788) AND (id <= 4983888))

table 7 : explain SELECT id FROM sbtest7 WHERE id BETWEEN 4983788 AND 4983888
	Index Only Scan using sbtest7_pkey on sbtest7  (cost=0.43..6.37 rows=97 width=4)
	  Index Cond: ((id >= 4983788) AND (id <= 4983888))

table 8 : explain SELECT id FROM sbtest8 WHERE id BETWEEN 4983788 AND 4983888
	Index Only Scan using sbtest8_pkey on sbtest8  (cost=0.43..6.35 rows=96 width=4)
	  Index Cond: ((id >= 4983788) AND (id <= 4983888))

for range-covered
table 1 : explain SELECT id FROM sbtest1 WHERE id BETWEEN 2263635 AND 2263735
	Index Only Scan using sbtest1_pkey on sbtest1  (cost=0.43..6.40 rows=98 width=4)
	  Index Cond: ((id >= 2263635) AND (id <= 2263735))

table 2 : explain SELECT id FROM sbtest2 WHERE id BETWEEN 2263635 AND 2263735
	Index Only Scan using sbtest2_pkey on sbtest2  (cost=0.43..6.72 rows=114 width=4)
	  Index Cond: ((id >= 2263635) AND (id <= 2263735))

table 3 : explain SELECT id FROM sbtest3 WHERE id BETWEEN 2263635 AND 2263735
	Index Only Scan using sbtest3_pkey on sbtest3  (cost=0.43..6.35 rows=96 width=4)
	  Index Cond: ((id >= 2263635) AND (id <= 2263735))

table 4 : explain SELECT id FROM sbtest4 WHERE id BETWEEN 2263635 AND 2263735
	Index Only Scan using sbtest4_pkey on sbtest4  (cost=0.43..6.29 rows=93 width=4)
	  Index Cond: ((id >= 2263635) AND (id <= 2263735))

table 5 : explain SELECT id FROM sbtest5 WHERE id BETWEEN 2263635 AND 2263735
	Index Only Scan using sbtest5_pkey on sbtest5  (cost=0.43..6.40 rows=98 width=4)
	  Index Cond: ((id >= 2263635) AND (id <= 2263735))

table 6 : explain SELECT id FROM sbtest6 WHERE id BETWEEN 2263635 AND 2263735
	Index Only Scan using sbtest6_pkey on sbtest6  (cost=0.43..6.47 rows=102 width=4)
	  Index Cond: ((id >= 2263635) AND (id <= 2263735))

table 7 : explain SELECT id FROM sbtest7 WHERE id BETWEEN 2263635 AND 2263735
	Index Only Scan using sbtest7_pkey on sbtest7  (cost=0.43..6.42 rows=99 width=4)
	  Index Cond: ((id >= 2263635) AND (id <= 2263735))

table 8 : explain SELECT id FROM sbtest8 WHERE id BETWEEN 2263635 AND 2263735
	Index Only Scan using sbtest8_pkey on sbtest8  (cost=0.43..6.53 rows=105 width=4)
	  Index Cond: ((id >= 2263635) AND (id <= 2263735))

explain: for range-covered :: explain SELECT id FROM sbtest%d WHERE id BETWEEN 4983788 AND 4983888
explain: for range-covered :: explain SELECT id FROM sbtest%d WHERE id BETWEEN 2009095 AND 2009195
for range-covered
table 1 : explain SELECT id FROM sbtest1 WHERE id BETWEEN 4351132 AND 4351232
	Index Only Scan using sbtest1_pkey on sbtest1  (cost=0.43..6.45 rows=101 width=4)
	  Index Cond: ((id >= 4351132) AND (id <= 4351232))

table 2 : explain SELECT id FROM sbtest2 WHERE id BETWEEN 4351132 AND 4351232
	Index Only Scan using sbtest2_pkey on sbtest2  (cost=0.43..6.45 rows=101 width=4)
	  Index Cond: ((id >= 4351132) AND (id <= 4351232))

table 3 : explain SELECT id FROM sbtest3 WHERE id BETWEEN 4351132 AND 4351232
	Index Only Scan using sbtest3_pkey on sbtest3  (cost=0.43..6.32 rows=94 width=4)
	  Index Cond: ((id >= 4351132) AND (id <= 4351232))

table 4 : explain SELECT id FROM sbtest4 WHERE id BETWEEN 4351132 AND 4351232
	Index Only Scan using sbtest4_pkey on sbtest4  (cost=0.43..6.37 rows=97 width=4)
	  Index Cond: ((id >= 4351132) AND (id <= 4351232))

table 5 : explain SELECT id FROM sbtest5 WHERE id BETWEEN 4351132 AND 4351232
	Index Only Scan using sbtest5_pkey on sbtest5  (cost=0.43..6.42 rows=99 width=4)
	  Index Cond: ((id >= 4351132) AND (id <= 4351232))

table 6 : explain SELECT id FROM sbtest6 WHERE id BETWEEN 4351132 AND 4351232
	Index Only Scan using sbtest6_pkey on sbtest6  (cost=0.43..6.51 rows=104 width=4)
	  Index Cond: ((id >= 4351132) AND (id <= 4351232))

table 7 : explain SELECT id FROM sbtest7 WHERE id BETWEEN 4351132 AND 4351232
	Index Only Scan using sbtest7_pkey on sbtest7  (cost=0.43..6.50 rows=103 width=4)
	  Index Cond: ((id >= 4351132) AND (id <= 4351232))

table 8 : explain SELECT id FROM sbtest8 WHERE id BETWEEN 4351132 AND 4351232
	Index Only Scan using sbtest8_pkey on sbtest8  (cost=0.43..6.21 rows=89 width=4)
	  Index Cond: ((id >= 4351132) AND (id <= 4351232))

for range-covered
table 1 : explain SELECT id FROM sbtest1 WHERE id BETWEEN 4773701 AND 4773801
	Index Only Scan using sbtest1_pkey on sbtest1  (cost=0.43..6.56 rows=106 width=4)
	  Index Cond: ((id >= 4773701) AND (id <= 4773801))

table 2 : explain SELECT id FROM sbtest2 WHERE id BETWEEN 4773701 AND 4773801
	Index Only Scan using sbtest2_pkey on sbtest2  (cost=0.43..6.58 rows=107 width=4)
	  Index Cond: ((id >= 4773701) AND (id <= 4773801))

table 3 : explain SELECT id FROM sbtest3 WHERE id BETWEEN 4773701 AND 4773801
	Index Only Scan using sbtest3_pkey on sbtest3  (cost=0.43..6.58 rows=107 width=4)
	  Index Cond: ((id >= 4773701) AND (id <= 4773801))

table 4 : explain SELECT id FROM sbtest4 WHERE id BETWEEN 4773701 AND 4773801
	Index Only Scan using sbtest4_pkey on sbtest4  (cost=0.43..6.43 rows=100 width=4)
	  Index Cond: ((id >= 4773701) AND (id <= 4773801))

table 5 : explain SELECT id FROM sbtest5 WHERE id BETWEEN 4773701 AND 4773801
	Index Only Scan using sbtest5_pkey on sbtest5  (cost=0.43..6.45 rows=101 width=4)
	  Index Cond: ((id >= 4773701) AND (id <= 4773801))

table 6 : explain SELECT id FROM sbtest6 WHERE id BETWEEN 4773701 AND 4773801
	Index Only Scan using sbtest6_pkey on sbtest6  (cost=0.43..6.33 rows=95 width=4)
	  Index Cond: ((id >= 4773701) AND (id <= 4773801))

table 7 : explain SELECT id FROM sbtest7 WHERE id BETWEEN 4773701 AND 4773801
	Index Only Scan using sbtest7_pkey on sbtest7  (cost=0.43..6.37 rows=97 width=4)
	  Index Cond: ((id >= 4773701) AND (id <= 4773801))

table 8 : explain SELECT id FROM sbtest8 WHERE id BETWEEN 4773701 AND 4773801
	Index Only Scan using sbtest8_pkey on sbtest8  (cost=0.43..6.32 rows=94 width=4)
	  Index Cond: ((id >= 4773701) AND (id <= 4773801))
explain: for range-covered :: explain SELECT id FROM sbtest%d WHERE id BETWEEN 4351132 AND 4351232

for range-covered
table 1 : explain SELECT id FROM sbtest1 WHERE id BETWEEN 4029672 AND 4029772
	Index Only Scan using sbtest1_pkey on sbtest1  (cost=0.43..6.51 rows=104 width=4)
	  Index Cond: ((id >= 4029672) AND (id <= 4029772))

table 2 : explain SELECT id FROM sbtest2 WHERE id BETWEEN 4029672 AND 4029772
	Index Only Scan using sbtest2_pkey on sbtest2  (cost=0.43..6.43 rows=100 width=4)
	  Index Cond: ((id >= 4029672) AND (id <= 4029772))

table 3 : explain SELECT id FROM sbtest3 WHERE id BETWEEN 4029672 AND 4029772
	Index Only Scan using sbtest3_pkey on sbtest3  (cost=0.43..6.19 rows=88 width=4)
	  Index Cond: ((id >= 4029672) AND (id <= 4029772))

table 4 : explain SELECT id FROM sbtest4 WHERE id BETWEEN 4029672 AND 4029772
	Index Only Scan using sbtest4_pkey on sbtest4  (cost=0.43..6.45 rows=101 width=4)
	  Index Cond: ((id >= 4029672) AND (id <= 4029772))

table 5 : explain SELECT id FROM sbtest5 WHERE id BETWEEN 4029672 AND 4029772
	Index Only Scan using sbtest5_pkey on sbtest5  (cost=0.43..6.58 rows=107 width=4)
	  Index Cond: ((id >= 4029672) AND (id <= 4029772))

table 6 : explain SELECT id FROM sbtest6 WHERE id BETWEEN 4029672 AND 4029772
	Index Only Scan using sbtest6_pkey on sbtest6  (cost=0.43..6.45 rows=101 width=4)
	  Index Cond: ((id >= 4029672) AND (id <= 4029772))

table 7 : explain SELECT id FROM sbtest7 WHERE id BETWEEN 4029672 AND 4029772
	Index Only Scan using sbtest7_pkey on sbtest7  (cost=0.43..6.47 rows=102 width=4)
	  Index Cond: ((id >= 4029672) AND (id <= 4029772))

table 8 : explain SELECT id FROM sbtest8 WHERE id BETWEEN 4029672 AND 4029772
	Index Only Scan using sbtest8_pkey on sbtest8  (cost=0.43..6.45 rows=101 width=4)
	  Index Cond: ((id >= 4029672) AND (id <= 4029772))

explain: for range-covered :: explain SELECT id FROM sbtest%d WHERE id BETWEEN 4029672 AND 4029772
explain: for range-covered :: explain SELECT id FROM sbtest%d WHERE id BETWEEN 3967415 AND 3967515
explain: for range-covered :: explain SELECT id FROM sbtest%d WHERE id BETWEEN 4773701 AND 4773801
for range-covered
table 1 : explain SELECT id FROM sbtest1 WHERE id BETWEEN 4029672 AND 4029772
	Index Only Scan using sbtest1_pkey on sbtest1  (cost=0.43..6.51 rows=104 width=4)
	  Index Cond: ((id >= 4029672) AND (id <= 4029772))

table 2 : explain SELECT id FROM sbtest2 WHERE id BETWEEN 4029672 AND 4029772
	Index Only Scan using sbtest2_pkey on sbtest2  (cost=0.43..6.43 rows=100 width=4)
	  Index Cond: ((id >= 4029672) AND (id <= 4029772))

table 3 : explain SELECT id FROM sbtest3 WHERE id BETWEEN 4029672 AND 4029772
	Index Only Scan using sbtest3_pkey on sbtest3  (cost=0.43..6.19 rows=88 width=4)
	  Index Cond: ((id >= 4029672) AND (id <= 4029772))

table 4 : explain SELECT id FROM sbtest4 WHERE id BETWEEN 4029672 AND 4029772
	Index Only Scan using sbtest4_pkey on sbtest4  (cost=0.43..6.45 rows=101 width=4)
	  Index Cond: ((id >= 4029672) AND (id <= 4029772))

table 5 : explain SELECT id FROM sbtest5 WHERE id BETWEEN 4029672 AND 4029772
	Index Only Scan using sbtest5_pkey on sbtest5  (cost=0.43..6.58 rows=107 width=4)
	  Index Cond: ((id >= 4029672) AND (id <= 4029772))

table 6 : explain SELECT id FROM sbtest6 WHERE id BETWEEN 4029672 AND 4029772
	Index Only Scan using sbtest6_pkey on sbtest6  (cost=0.43..6.45 rows=101 width=4)
	  Index Cond: ((id >= 4029672) AND (id <= 4029772))

table 7 : explain SELECT id FROM sbtest7 WHERE id BETWEEN 4029672 AND 4029772
	Index Only Scan using sbtest7_pkey on sbtest7  (cost=0.43..6.47 rows=102 width=4)
	  Index Cond: ((id >= 4029672) AND (id <= 4029772))

table 8 : explain SELECT id FROM sbtest8 WHERE id BETWEEN 4029672 AND 4029772
	Index Only Scan using sbtest8_pkey on sbtest8  (cost=0.43..6.45 rows=101 width=4)
	  Index Cond: ((id >= 4029672) AND (id <= 4029772))

explain: for range-covered :: explain SELECT id FROM sbtest%d WHERE id BETWEEN 4029672 AND 4029772
for range-covered
table 1 : explain SELECT id FROM sbtest1 WHERE id BETWEEN 4773701 AND 4773801
	Index Only Scan using sbtest1_pkey on sbtest1  (cost=0.43..6.56 rows=106 width=4)
	  Index Cond: ((id >= 4773701) AND (id <= 4773801))

table 2 : explain SELECT id FROM sbtest2 WHERE id BETWEEN 4773701 AND 4773801
	Index Only Scan using sbtest2_pkey on sbtest2  (cost=0.43..6.58 rows=107 width=4)
	  Index Cond: ((id >= 4773701) AND (id <= 4773801))

table 3 : explain SELECT id FROM sbtest3 WHERE id BETWEEN 4773701 AND 4773801
	Index Only Scan using sbtest3_pkey on sbtest3  (cost=0.43..6.58 rows=107 width=4)
	  Index Cond: ((id >= 4773701) AND (id <= 4773801))

table 4 : explain SELECT id FROM sbtest4 WHERE id BETWEEN 4773701 AND 4773801
	Index Only Scan using sbtest4_pkey on sbtest4  (cost=0.43..6.43 rows=100 width=4)
	  Index Cond: ((id >= 4773701) AND (id <= 4773801))

table 5 : explain SELECT id FROM sbtest5 WHERE id BETWEEN 4773701 AND 4773801
	Index Only Scan using sbtest5_pkey on sbtest5  (cost=0.43..6.45 rows=101 width=4)
	  Index Cond: ((id >= 4773701) AND (id <= 4773801))

table 6 : explain SELECT id FROM sbtest6 WHERE id BETWEEN 4773701 AND 4773801
	Index Only Scan using sbtest6_pkey on sbtest6  (cost=0.43..6.33 rows=95 width=4)
	  Index Cond: ((id >= 4773701) AND (id <= 4773801))

table 7 : explain SELECT id FROM sbtest7 WHERE id BETWEEN 4773701 AND 4773801
	Index Only Scan using sbtest7_pkey on sbtest7  (cost=0.43..6.37 rows=97 width=4)
	  Index Cond: ((id >= 4773701) AND (id <= 4773801))

table 8 : explain SELECT id FROM sbtest8 WHERE id BETWEEN 4773701 AND 4773801
	Index Only Scan using sbtest8_pkey on sbtest8  (cost=0.43..6.32 rows=94 width=4)
	  Index Cond: ((id >= 4773701) AND (id <= 4773801))

explain: for range-covered :: explain SELECT id FROM sbtest%d WHERE id BETWEEN 8490247 AND 8490347
explain: for range-covered :: explain SELECT id FROM sbtest%d WHERE id BETWEEN 4773701 AND 4773801
explain: for range-covered :: explain SELECT id FROM sbtest%d WHERE id BETWEEN 5197702 AND 5197802
for range-covered
table 1 : explain SELECT id FROM sbtest1 WHERE id BETWEEN 4029672 AND 4029772
	Index Only Scan using sbtest1_pkey on sbtest1  (cost=0.43..6.51 rows=104 width=4)
	  Index Cond: ((id >= 4029672) AND (id <= 4029772))

table 2 : explain SELECT id FROM sbtest2 WHERE id BETWEEN 4029672 AND 4029772
	Index Only Scan using sbtest2_pkey on sbtest2  (cost=0.43..6.43 rows=100 width=4)
	  Index Cond: ((id >= 4029672) AND (id <= 4029772))

table 3 : explain SELECT id FROM sbtest3 WHERE id BETWEEN 4029672 AND 4029772
	Index Only Scan using sbtest3_pkey on sbtest3  (cost=0.43..6.19 rows=88 width=4)
	  Index Cond: ((id >= 4029672) AND (id <= 4029772))

table 4 : explain SELECT id FROM sbtest4 WHERE id BETWEEN 4029672 AND 4029772
	Index Only Scan using sbtest4_pkey on sbtest4  (cost=0.43..6.45 rows=101 width=4)
	  Index Cond: ((id >= 4029672) AND (id <= 4029772))

table 5 : explain SELECT id FROM sbtest5 WHERE id BETWEEN 4029672 AND 4029772
	Index Only Scan using sbtest5_pkey on sbtest5  (cost=0.43..6.58 rows=107 width=4)
	  Index Cond: ((id >= 4029672) AND (id <= 4029772))

table 6 : explain SELECT id FROM sbtest6 WHERE id BETWEEN 4029672 AND 4029772
	Index Only Scan using sbtest6_pkey on sbtest6  (cost=0.43..6.45 rows=101 width=4)
	  Index Cond: ((id >= 4029672) AND (id <= 4029772))

table 7 : explain SELECT id FROM sbtest7 WHERE id BETWEEN 4029672 AND 4029772
	Index Only Scan using sbtest7_pkey on sbtest7  (cost=0.43..6.47 rows=102 width=4)
	  Index Cond: ((id >= 4029672) AND (id <= 4029772))

table 8 : explain SELECT id FROM sbtest8 WHERE id BETWEEN 4029672 AND 4029772
	Index Only Scan using sbtest8_pkey on sbtest8  (cost=0.43..6.45 rows=101 width=4)
	  Index Cond: ((id >= 4029672) AND (id <= 4029772))

for range-covered
table 1 : explain SELECT id FROM sbtest1 WHERE id BETWEEN 3889993 AND 3890093
	Index Only Scan using sbtest1_pkey on sbtest1  (cost=0.43..6.40 rows=98 width=4)
	  Index Cond: ((id >= 3889993) AND (id <= 3890093))

table 2 : explain SELECT id FROM sbtest2 WHERE id BETWEEN 3889993 AND 3890093
	Index Only Scan using sbtest2_pkey on sbtest2  (cost=0.43..6.58 rows=107 width=4)
	  Index Cond: ((id >= 3889993) AND (id <= 3890093))

table 3 : explain SELECT id FROM sbtest3 WHERE id BETWEEN 3889993 AND 3890093
	Index Only Scan using sbtest3_pkey on sbtest3  (cost=0.43..6.67 rows=112 width=4)
	  Index Cond: ((id >= 3889993) AND (id <= 3890093))

table 4 : explain SELECT id FROM sbtest4 WHERE id BETWEEN 3889993 AND 3890093
	Index Only Scan using sbtest4_pkey on sbtest4  (cost=0.43..6.25 rows=91 width=4)
	  Index Cond: ((id >= 3889993) AND (id <= 3890093))

table 5 : explain SELECT id FROM sbtest5 WHERE id BETWEEN 3889993 AND 3890093
	Index Only Scan using sbtest5_pkey on sbtest5  (cost=0.43..6.53 rows=105 width=4)
	  Index Cond: ((id >= 3889993) AND (id <= 3890093))

table 6 : explain SELECT id FROM sbtest6 WHERE id BETWEEN 3889993 AND 3890093
	Index Only Scan using sbtest6_pkey on sbtest6  (cost=0.43..6.56 rows=106 width=4)
	  Index Cond: ((id >= 3889993) AND (id <= 3890093))

table 7 : explain SELECT id FROM sbtest7 WHERE id BETWEEN 3889993 AND 3890093
	Index Only Scan using sbtest7_pkey on sbtest7  (cost=0.43..6.40 rows=98 width=4)
	  Index Cond: ((id >= 3889993) AND (id <= 3890093))

table 8 : explain SELECT id FROM sbtest8 WHERE id BETWEEN 3889993 AND 3890093
	Index Only Scan using sbtest8_pkey on sbtest8  (cost=0.43..6.58 rows=107 width=4)
	  Index Cond: ((id >= 3889993) AND (id <= 3890093))

explain: for range-covered :: explain SELECT id FROM sbtest%d WHERE id BETWEEN 4029672 AND 4029772
explain: for range-covered :: explain SELECT id FROM sbtest%d WHERE id BETWEEN 3889993 AND 3890093
for range-covered
table 1 : explain SELECT id FROM sbtest1 WHERE id BETWEEN 4351132 AND 4351232
	Index Only Scan using sbtest1_pkey on sbtest1  (cost=0.43..6.45 rows=101 width=4)
	  Index Cond: ((id >= 4351132) AND (id <= 4351232))

table 2 : explain SELECT id FROM sbtest2 WHERE id BETWEEN 4351132 AND 4351232
	Index Only Scan using sbtest2_pkey on sbtest2  (cost=0.43..6.45 rows=101 width=4)
	  Index Cond: ((id >= 4351132) AND (id <= 4351232))

table 3 : explain SELECT id FROM sbtest3 WHERE id BETWEEN 4351132 AND 4351232
	Index Only Scan using sbtest3_pkey on sbtest3  (cost=0.43..6.32 rows=94 width=4)
	  Index Cond: ((id >= 4351132) AND (id <= 4351232))

table 4 : explain SELECT id FROM sbtest4 WHERE id BETWEEN 4351132 AND 4351232
	Index Only Scan using sbtest4_pkey on sbtest4  (cost=0.43..6.37 rows=97 width=4)
	  Index Cond: ((id >= 4351132) AND (id <= 4351232))

table 5 : explain SELECT id FROM sbtest5 WHERE id BETWEEN 4351132 AND 4351232
	Index Only Scan using sbtest5_pkey on sbtest5  (cost=0.43..6.42 rows=99 width=4)
	  Index Cond: ((id >= 4351132) AND (id <= 4351232))

table 6 : explain SELECT id FROM sbtest6 WHERE id BETWEEN 4351132 AND 4351232
	Index Only Scan using sbtest6_pkey on sbtest6  (cost=0.43..6.51 rows=104 width=4)
	  Index Cond: ((id >= 4351132) AND (id <= 4351232))

table 7 : explain SELECT id FROM sbtest7 WHERE id BETWEEN 4351132 AND 4351232
	Index Only Scan using sbtest7_pkey on sbtest7  (cost=0.43..6.50 rows=103 width=4)
	  Index Cond: ((id >= 4351132) AND (id <= 4351232))

table 8 : explain SELECT id FROM sbtest8 WHERE id BETWEEN 4351132 AND 4351232
	Index Only Scan using sbtest8_pkey on sbtest8  (cost=0.43..6.21 rows=89 width=4)
	  Index Cond: ((id >= 4351132) AND (id <= 4351232))

explain: for range-covered :: explain SELECT id FROM sbtest%d WHERE id BETWEEN 4351132 AND 4351232
for range-covered
table 1 : explain SELECT id FROM sbtest1 WHERE id BETWEEN 2009095 AND 2009195
	Index Only Scan using sbtest1_pkey on sbtest1  (cost=0.43..6.51 rows=104 width=4)
	  Index Cond: ((id >= 2009095) AND (id <= 2009195))

table 2 : explain SELECT id FROM sbtest2 WHERE id BETWEEN 2009095 AND 2009195
	Index Only Scan using sbtest2_pkey on sbtest2  (cost=0.43..6.35 rows=96 width=4)
	  Index Cond: ((id >= 2009095) AND (id <= 2009195))

table 3 : explain SELECT id FROM sbtest3 WHERE id BETWEEN 2009095 AND 2009195
	Index Only Scan using sbtest3_pkey on sbtest3  (cost=0.43..6.53 rows=105 width=4)
	  Index Cond: ((id >= 2009095) AND (id <= 2009195))

table 4 : explain SELECT id FROM sbtest4 WHERE id BETWEEN 2009095 AND 2009195
	Index Only Scan using sbtest4_pkey on sbtest4  (cost=0.43..6.21 rows=89 width=4)
	  Index Cond: ((id >= 2009095) AND (id <= 2009195))

table 5 : explain SELECT id FROM sbtest5 WHERE id BETWEEN 2009095 AND 2009195
	Index Only Scan using sbtest5_pkey on sbtest5  (cost=0.43..6.32 rows=94 width=4)
	  Index Cond: ((id >= 2009095) AND (id <= 2009195))

table 6 : explain SELECT id FROM sbtest6 WHERE id BETWEEN 2009095 AND 2009195
	Index Only Scan using sbtest6_pkey on sbtest6  (cost=0.43..6.35 rows=96 width=4)
	  Index Cond: ((id >= 2009095) AND (id <= 2009195))

table 7 : explain SELECT id FROM sbtest7 WHERE id BETWEEN 2009095 AND 2009195
	Index Only Scan using sbtest7_pkey on sbtest7  (cost=0.43..6.33 rows=95 width=4)
	  Index Cond: ((id >= 2009095) AND (id <= 2009195))

table 8 : explain SELECT id FROM sbtest8 WHERE id BETWEEN 2009095 AND 2009195
	Index Only Scan using sbtest8_pkey on sbtest8  (cost=0.43..6.51 rows=104 width=4)
	  Index Cond: ((id >= 2009095) AND (id <= 2009195))

for range-covered
table 1 : explain SELECT id FROM sbtest1 WHERE id BETWEEN 4983788 AND 4983888
	Index Only Scan using sbtest1_pkey on sbtest1  (cost=0.43..6.74 rows=115 width=4)
	  Index Cond: ((id >= 4983788) AND (id <= 4983888))

table 2 : explain SELECT id FROM sbtest2 WHERE id BETWEEN 4983788 AND 4983888
	Index Only Scan using sbtest2_pkey on sbtest2  (cost=0.43..6.50 rows=103 width=4)
	  Index Cond: ((id >= 4983788) AND (id <= 4983888))

table 3 : explain SELECT id FROM sbtest3 WHERE id BETWEEN 4983788 AND 4983888
	Index Only Scan using sbtest3_pkey on sbtest3  (cost=0.43..6.69 rows=113 width=4)
	  Index Cond: ((id >= 4983788) AND (id <= 4983888))

table 4 : explain SELECT id FROM sbtest4 WHERE id BETWEEN 4983788 AND 4983888
	Index Only Scan using sbtest4_pkey on sbtest4  (cost=0.43..6.59 rows=108 width=4)
	  Index Cond: ((id >= 4983788) AND (id <= 4983888))

table 5 : explain SELECT id FROM sbtest5 WHERE id BETWEEN 4983788 AND 4983888
	Index Only Scan using sbtest5_pkey on sbtest5  (cost=0.43..6.50 rows=103 width=4)
	  Index Cond: ((id >= 4983788) AND (id <= 4983888))

table 6 : explain SELECT id FROM sbtest6 WHERE id BETWEEN 4983788 AND 4983888
	Index Only Scan using sbtest6_pkey on sbtest6  (cost=0.43..6.61 rows=109 width=4)
	  Index Cond: ((id >= 4983788) AND (id <= 4983888))

table 7 : explain SELECT id FROM sbtest7 WHERE id BETWEEN 4983788 AND 4983888
	Index Only Scan using sbtest7_pkey on sbtest7  (cost=0.43..6.37 rows=97 width=4)
	  Index Cond: ((id >= 4983788) AND (id <= 4983888))

table 8 : explain SELECT id FROM sbtest8 WHERE id BETWEEN 4983788 AND 4983888
	Index Only Scan using sbtest8_pkey on sbtest8  (cost=0.43..6.35 rows=96 width=4)
	  Index Cond: ((id >= 4983788) AND (id <= 4983888))

explain: for range-covered :: explain SELECT id FROM sbtest%d WHERE id BETWEEN 2009095 AND 2009195
explain: for range-covered :: explain SELECT id FROM sbtest%d WHERE id BETWEEN 4983788 AND 4983888
for range-covered
table 1 : explain SELECT id FROM sbtest1 WHERE id BETWEEN 4029672 AND 4029772
	Index Only Scan using sbtest1_pkey on sbtest1  (cost=0.43..6.51 rows=104 width=4)
	  Index Cond: ((id >= 4029672) AND (id <= 4029772))

table 2 : explain SELECT id FROM sbtest2 WHERE id BETWEEN 4029672 AND 4029772
	Index Only Scan using sbtest2_pkey on sbtest2  (cost=0.43..6.43 rows=100 width=4)
	  Index Cond: ((id >= 4029672) AND (id <= 4029772))

table 3 : explain SELECT id FROM sbtest3 WHERE id BETWEEN 4029672 AND 4029772
	Index Only Scan using sbtest3_pkey on sbtest3  (cost=0.43..6.19 rows=88 width=4)
	  Index Cond: ((id >= 4029672) AND (id <= 4029772))

table 4 : explain SELECT id FROM sbtest4 WHERE id BETWEEN 4029672 AND 4029772
	Index Only Scan using sbtest4_pkey on sbtest4  (cost=0.43..6.45 rows=101 width=4)
	  Index Cond: ((id >= 4029672) AND (id <= 4029772))

table 5 : explain SELECT id FROM sbtest5 WHERE id BETWEEN 4029672 AND 4029772
	Index Only Scan using sbtest5_pkey on sbtest5  (cost=0.43..6.58 rows=107 width=4)
	  Index Cond: ((id >= 4029672) AND (id <= 4029772))

table 6 : explain SELECT id FROM sbtest6 WHERE id BETWEEN 4029672 AND 4029772
	Index Only Scan using sbtest6_pkey on sbtest6  (cost=0.43..6.45 rows=101 width=4)
	  Index Cond: ((id >= 4029672) AND (id <= 4029772))

table 7 : explain SELECT id FROM sbtest7 WHERE id BETWEEN 4029672 AND 4029772
	Index Only Scan using sbtest7_pkey on sbtest7  (cost=0.43..6.47 rows=102 width=4)
	  Index Cond: ((id >= 4029672) AND (id <= 4029772))

table 8 : explain SELECT id FROM sbtest8 WHERE id BETWEEN 4029672 AND 4029772
	Index Only Scan using sbtest8_pkey on sbtest8  (cost=0.43..6.45 rows=101 width=4)
	  Index Cond: ((id >= 4029672) AND (id <= 4029772))

explain: for range-covered :: explain SELECT id FROM sbtest%d WHERE id BETWEEN 4029672 AND 4029772
for range-covered
table 1 : explain SELECT id FROM sbtest1 WHERE id BETWEEN 3889993 AND 3890093
	Index Only Scan using sbtest1_pkey on sbtest1  (cost=0.43..6.40 rows=98 width=4)
	  Index Cond: ((id >= 3889993) AND (id <= 3890093))

table 2 : explain SELECT id FROM sbtest2 WHERE id BETWEEN 3889993 AND 3890093
	Index Only Scan using sbtest2_pkey on sbtest2  (cost=0.43..6.58 rows=107 width=4)
	  Index Cond: ((id >= 3889993) AND (id <= 3890093))

table 3 : explain SELECT id FROM sbtest3 WHERE id BETWEEN 3889993 AND 3890093
	Index Only Scan using sbtest3_pkey on sbtest3  (cost=0.43..6.67 rows=112 width=4)
	  Index Cond: ((id >= 3889993) AND (id <= 3890093))

table 4 : explain SELECT id FROM sbtest4 WHERE id BETWEEN 3889993 AND 3890093
	Index Only Scan using sbtest4_pkey on sbtest4  (cost=0.43..6.25 rows=91 width=4)
	  Index Cond: ((id >= 3889993) AND (id <= 3890093))

table 5 : explain SELECT id FROM sbtest5 WHERE id BETWEEN 3889993 AND 3890093
	Index Only Scan using sbtest5_pkey on sbtest5  (cost=0.43..6.53 rows=105 width=4)
	  Index Cond: ((id >= 3889993) AND (id <= 3890093))

table 6 : explain SELECT id FROM sbtest6 WHERE id BETWEEN 3889993 AND 3890093
	Index Only Scan using sbtest6_pkey on sbtest6  (cost=0.43..6.56 rows=106 width=4)
	  Index Cond: ((id >= 3889993) AND (id <= 3890093))

table 7 : explain SELECT id FROM sbtest7 WHERE id BETWEEN 3889993 AND 3890093
	Index Only Scan using sbtest7_pkey on sbtest7  (cost=0.43..6.40 rows=98 width=4)
	  Index Cond: ((id >= 3889993) AND (id <= 3890093))

table 8 : explain SELECT id FROM sbtest8 WHERE id BETWEEN 3889993 AND 3890093
	Index Only Scan using sbtest8_pkey on sbtest8  (cost=0.43..6.58 rows=107 width=4)
	  Index Cond: ((id >= 3889993) AND (id <= 3890093))

explain: for range-covered :: explain SELECT id FROM sbtest%d WHERE id BETWEEN 3889993 AND 3890093
for range-covered
table 1 : explain SELECT id FROM sbtest1 WHERE id BETWEEN 4351132 AND 4351232
	Index Only Scan using sbtest1_pkey on sbtest1  (cost=0.43..6.45 rows=101 width=4)
	  Index Cond: ((id >= 4351132) AND (id <= 4351232))

table 2 : explain SELECT id FROM sbtest2 WHERE id BETWEEN 4351132 AND 4351232
	Index Only Scan using sbtest2_pkey on sbtest2  (cost=0.43..6.45 rows=101 width=4)
	  Index Cond: ((id >= 4351132) AND (id <= 4351232))

table 3 : explain SELECT id FROM sbtest3 WHERE id BETWEEN 4351132 AND 4351232
	Index Only Scan using sbtest3_pkey on sbtest3  (cost=0.43..6.32 rows=94 width=4)
	  Index Cond: ((id >= 4351132) AND (id <= 4351232))

table 4 : explain SELECT id FROM sbtest4 WHERE id BETWEEN 4351132 AND 4351232
	Index Only Scan using sbtest4_pkey on sbtest4  (cost=0.43..6.37 rows=97 width=4)
	  Index Cond: ((id >= 4351132) AND (id <= 4351232))

table 5 : explain SELECT id FROM sbtest5 WHERE id BETWEEN 4351132 AND 4351232
	Index Only Scan using sbtest5_pkey on sbtest5  (cost=0.43..6.42 rows=99 width=4)
	  Index Cond: ((id >= 4351132) AND (id <= 4351232))

table 6 : explain SELECT id FROM sbtest6 WHERE id BETWEEN 4351132 AND 4351232
	Index Only Scan using sbtest6_pkey on sbtest6  (cost=0.43..6.51 rows=104 width=4)
	  Index Cond: ((id >= 4351132) AND (id <= 4351232))

table 7 : explain SELECT id FROM sbtest7 WHERE id BETWEEN 4351132 AND 4351232
	Index Only Scan using sbtest7_pkey on sbtest7  (cost=0.43..6.50 rows=103 width=4)
	  Index Cond: ((id >= 4351132) AND (id <= 4351232))

table 8 : explain SELECT id FROM sbtest8 WHERE id BETWEEN 4351132 AND 4351232
	Index Only Scan using sbtest8_pkey on sbtest8  (cost=0.43..6.21 rows=89 width=4)
	  Index Cond: ((id >= 4351132) AND (id <= 4351232))

explain: for range-covered :: explain SELECT id FROM sbtest%d WHERE id BETWEEN 4351132 AND 4351232
for range-covered
table 1 : explain SELECT id FROM sbtest1 WHERE id BETWEEN 4773701 AND 4773801
	Index Only Scan using sbtest1_pkey on sbtest1  (cost=0.43..6.56 rows=106 width=4)
	  Index Cond: ((id >= 4773701) AND (id <= 4773801))

table 2 : explain SELECT id FROM sbtest2 WHERE id BETWEEN 4773701 AND 4773801
	Index Only Scan using sbtest2_pkey on sbtest2  (cost=0.43..6.58 rows=107 width=4)
	  Index Cond: ((id >= 4773701) AND (id <= 4773801))

table 3 : explain SELECT id FROM sbtest3 WHERE id BETWEEN 4773701 AND 4773801
	Index Only Scan using sbtest3_pkey on sbtest3  (cost=0.43..6.58 rows=107 width=4)
	  Index Cond: ((id >= 4773701) AND (id <= 4773801))

table 4 : explain SELECT id FROM sbtest4 WHERE id BETWEEN 4773701 AND 4773801
	Index Only Scan using sbtest4_pkey on sbtest4  (cost=0.43..6.43 rows=100 width=4)
	  Index Cond: ((id >= 4773701) AND (id <= 4773801))

table 5 : explain SELECT id FROM sbtest5 WHERE id BETWEEN 4773701 AND 4773801
	Index Only Scan using sbtest5_pkey on sbtest5  (cost=0.43..6.45 rows=101 width=4)
	  Index Cond: ((id >= 4773701) AND (id <= 4773801))

table 6 : explain SELECT id FROM sbtest6 WHERE id BETWEEN 4773701 AND 4773801
	Index Only Scan using sbtest6_pkey on sbtest6  (cost=0.43..6.33 rows=95 width=4)
	  Index Cond: ((id >= 4773701) AND (id <= 4773801))

table 7 : explain SELECT id FROM sbtest7 WHERE id BETWEEN 4773701 AND 4773801
	Index Only Scan using sbtest7_pkey on sbtest7  (cost=0.43..6.37 rows=97 width=4)
	  Index Cond: ((id >= 4773701) AND (id <= 4773801))

table 8 : explain SELECT id FROM sbtest8 WHERE id BETWEEN 4773701 AND 4773801
	Index Only Scan using sbtest8_pkey on sbtest8  (cost=0.43..6.32 rows=94 width=4)
	  Index Cond: ((id >= 4773701) AND (id <= 4773801))

for range-covered
table 1 : explain SELECT id FROM sbtest1 WHERE id BETWEEN 3927900 AND 3928000
	Index Only Scan using sbtest1_pkey on sbtest1  (cost=0.43..6.40 rows=98 width=4)
	  Index Cond: ((id >= 3927900) AND (id <= 3928000))

table 2 : explain SELECT id FROM sbtest2 WHERE id BETWEEN 3927900 AND 3928000
	Index Only Scan using sbtest2_pkey on sbtest2  (cost=0.43..6.43 rows=100 width=4)
	  Index Cond: ((id >= 3927900) AND (id <= 3928000))

table 3 : explain SELECT id FROM sbtest3 WHERE id BETWEEN 3927900 AND 3928000
	Index Only Scan using sbtest3_pkey on sbtest3  (cost=0.43..6.67 rows=112 width=4)
	  Index Cond: ((id >= 3927900) AND (id <= 3928000))

table 4 : explain SELECT id FROM sbtest4 WHERE id BETWEEN 3927900 AND 3928000
	Index Only Scan using sbtest4_pkey on sbtest4  (cost=0.43..6.25 rows=91 width=4)
	  Index Cond: ((id >= 3927900) AND (id <= 3928000))

table 5 : explain SELECT id FROM sbtest5 WHERE id BETWEEN 3927900 AND 3928000
	Index Only Scan using sbtest5_pkey on sbtest5  (cost=0.43..6.53 rows=105 width=4)
	  Index Cond: ((id >= 3927900) AND (id <= 3928000))

table 6 : explain SELECT id FROM sbtest6 WHERE id BETWEEN 3927900 AND 3928000
	Index Only Scan using sbtest6_pkey on sbtest6  (cost=0.43..6.56 rows=106 width=4)
	  Index Cond: ((id >= 3927900) AND (id <= 3928000))

table 7 : explain SELECT id FROM sbtest7 WHERE id BETWEEN 3927900 AND 3928000
	Index Only Scan using sbtest7_pkey on sbtest7  (cost=0.43..6.45 rows=101 width=4)
	  Index Cond: ((id >= 3927900) AND (id <= 3928000))

table 8 : explain SELECT id FROM sbtest8 WHERE id BETWEEN 3927900 AND 3928000
	Index Only Scan using sbtest8_pkey on sbtest8  (cost=0.43..6.47 rows=102 width=4)
	  Index Cond: ((id >= 3927900) AND (id <= 3928000))

for range-covered
table 1 : explain SELECT id FROM sbtest1 WHERE id BETWEEN 4983788 AND 4983888
	Index Only Scan using sbtest1_pkey on sbtest1  (cost=0.43..6.74 rows=115 width=4)
	  Index Cond: ((id >= 4983788) AND (id <= 4983888))

table 2 : explain SELECT id FROM sbtest2 WHERE id BETWEEN 4983788 AND 4983888
	Index Only Scan using sbtest2_pkey on sbtest2  (cost=0.43..6.50 rows=103 width=4)
	  Index Cond: ((id >= 4983788) AND (id <= 4983888))

table 3 : explain SELECT id FROM sbtest3 WHERE id BETWEEN 4983788 AND 4983888
	Index Only Scan using sbtest3_pkey on sbtest3  (cost=0.43..6.69 rows=113 width=4)
	  Index Cond: ((id >= 4983788) AND (id <= 4983888))

table 4 : explain SELECT id FROM sbtest4 WHERE id BETWEEN 4983788 AND 4983888
	Index Only Scan using sbtest4_pkey on sbtest4  (cost=0.43..6.59 rows=108 width=4)
	  Index Cond: ((id >= 4983788) AND (id <= 4983888))

table 5 : explain SELECT id FROM sbtest5 WHERE id BETWEEN 4983788 AND 4983888
	Index Only Scan using sbtest5_pkey on sbtest5  (cost=0.43..6.50 rows=103 width=4)
	  Index Cond: ((id >= 4983788) AND (id <= 4983888))

table 6 : explain SELECT id FROM sbtest6 WHERE id BETWEEN 4983788 AND 4983888
	Index Only Scan using sbtest6_pkey on sbtest6  (cost=0.43..6.61 rows=109 width=4)
	  Index Cond: ((id >= 4983788) AND (id <= 4983888))

table 7 : explain SELECT id FROM sbtest7 WHERE id BETWEEN 4983788 AND 4983888
	Index Only Scan using sbtest7_pkey on sbtest7  (cost=0.43..6.37 rows=97 width=4)
	  Index Cond: ((id >= 4983788) AND (id <= 4983888))

table 8 : explain SELECT id FROM sbtest8 WHERE id BETWEEN 4983788 AND 4983888
	Index Only Scan using sbtest8_pkey on sbtest8  (cost=0.43..6.35 rows=96 width=4)
	  Index Cond: ((id >= 4983788) AND (id <= 4983888))

for range-covered
table 1 : explain SELECT id FROM sbtest1 WHERE id BETWEEN 2009095 AND 2009195
	Index Only Scan using sbtest1_pkey on sbtest1  (cost=0.43..6.51 rows=104 width=4)
	  Index Cond: ((id >= 2009095) AND (id <= 2009195))

table 2 : explain SELECT id FROM sbtest2 WHERE id BETWEEN 2009095 AND 2009195
	Index Only Scan using sbtest2_pkey on sbtest2  (cost=0.43..6.35 rows=96 width=4)
	  Index Cond: ((id >= 2009095) AND (id <= 2009195))

table 3 : explain SELECT id FROM sbtest3 WHERE id BETWEEN 2009095 AND 2009195
	Index Only Scan using sbtest3_pkey on sbtest3  (cost=0.43..6.53 rows=105 width=4)
	  Index Cond: ((id >= 2009095) AND (id <= 2009195))

table 4 : explain SELECT id FROM sbtest4 WHERE id BETWEEN 2009095 AND 2009195
	Index Only Scan using sbtest4_pkey on sbtest4  (cost=0.43..6.21 rows=89 width=4)
	  Index Cond: ((id >= 2009095) AND (id <= 2009195))

table 5 : explain SELECT id FROM sbtest5 WHERE id BETWEEN 2009095 AND 2009195
	Index Only Scan using sbtest5_pkey on sbtest5  (cost=0.43..6.32 rows=94 width=4)
	  Index Cond: ((id >= 2009095) AND (id <= 2009195))

table 6 : explain SELECT id FROM sbtest6 WHERE id BETWEEN 2009095 AND 2009195
	Index Only Scan using sbtest6_pkey on sbtest6  (cost=0.43..6.35 rows=96 width=4)
	  Index Cond: ((id >= 2009095) AND (id <= 2009195))

table 7 : explain SELECT id FROM sbtest7 WHERE id BETWEEN 2009095 AND 2009195
	Index Only Scan using sbtest7_pkey on sbtest7  (cost=0.43..6.33 rows=95 width=4)
	  Index Cond: ((id >= 2009095) AND (id <= 2009195))

table 8 : explain SELECT id FROM sbtest8 WHERE id BETWEEN 2009095 AND 2009195
	Index Only Scan using sbtest8_pkey on sbtest8  (cost=0.43..6.51 rows=104 width=4)
	  Index Cond: ((id >= 2009095) AND (id <= 2009195))

explain: for range-covered :: explain SELECT id FROM sbtest%d WHERE id BETWEEN 4773701 AND 4773801
explain: for range-covered :: explain SELECT id FROM sbtest%d WHERE id BETWEEN 4983788 AND 4983888
explain: for range-covered :: explain SELECT id FROM sbtest%d WHERE id BETWEEN 2009095 AND 2009195
for range-covered
table 1 : explain SELECT id FROM sbtest1 WHERE id BETWEEN 4029672 AND 4029772
	Index Only Scan using sbtest1_pkey on sbtest1  (cost=0.43..6.51 rows=104 width=4)
	  Index Cond: ((id >= 4029672) AND (id <= 4029772))

table 2 : explain SELECT id FROM sbtest2 WHERE id BETWEEN 4029672 AND 4029772
	Index Only Scan using sbtest2_pkey on sbtest2  (cost=0.43..6.43 rows=100 width=4)
	  Index Cond: ((id >= 4029672) AND (id <= 4029772))

table 3 : explain SELECT id FROM sbtest3 WHERE id BETWEEN 4029672 AND 4029772
	Index Only Scan using sbtest3_pkey on sbtest3  (cost=0.43..6.19 rows=88 width=4)
	  Index Cond: ((id >= 4029672) AND (id <= 4029772))

table 4 : explain SELECT id FROM sbtest4 WHERE id BETWEEN 4029672 AND 4029772
	Index Only Scan using sbtest4_pkey on sbtest4  (cost=0.43..6.45 rows=101 width=4)
	  Index Cond: ((id >= 4029672) AND (id <= 4029772))

table 5 : explain SELECT id FROM sbtest5 WHERE id BETWEEN 4029672 AND 4029772
	Index Only Scan using sbtest5_pkey on sbtest5  (cost=0.43..6.58 rows=107 width=4)
	  Index Cond: ((id >= 4029672) AND (id <= 4029772))

table 6 : explain SELECT id FROM sbtest6 WHERE id BETWEEN 4029672 AND 4029772
	Index Only Scan using sbtest6_pkey on sbtest6  (cost=0.43..6.45 rows=101 width=4)
	  Index Cond: ((id >= 4029672) AND (id <= 4029772))

table 7 : explain SELECT id FROM sbtest7 WHERE id BETWEEN 4029672 AND 4029772
	Index Only Scan using sbtest7_pkey on sbtest7  (cost=0.43..6.47 rows=102 width=4)
	  Index Cond: ((id >= 4029672) AND (id <= 4029772))

table 8 : explain SELECT id FROM sbtest8 WHERE id BETWEEN 4029672 AND 4029772
	Index Only Scan using sbtest8_pkey on sbtest8  (cost=0.43..6.45 rows=101 width=4)
	  Index Cond: ((id >= 4029672) AND (id <= 4029772))

for range-covered
table 1 : explain SELECT id FROM sbtest1 WHERE id BETWEEN 3889993 AND 3890093
	Index Only Scan using sbtest1_pkey on sbtest1  (cost=0.43..6.40 rows=98 width=4)
	  Index Cond: ((id >= 3889993) AND (id <= 3890093))

table 2 : explain SELECT id FROM sbtest2 WHERE id BETWEEN 3889993 AND 3890093
	Index Only Scan using sbtest2_pkey on sbtest2  (cost=0.43..6.58 rows=107 width=4)
	  Index Cond: ((id >= 3889993) AND (id <= 3890093))

table 3 : explain SELECT id FROM sbtest3 WHERE id BETWEEN 3889993 AND 3890093
	Index Only Scan using sbtest3_pkey on sbtest3  (cost=0.43..6.67 rows=112 width=4)
	  Index Cond: ((id >= 3889993) AND (id <= 3890093))

table 4 : explain SELECT id FROM sbtest4 WHERE id BETWEEN 3889993 AND 3890093
	Index Only Scan using sbtest4_pkey on sbtest4  (cost=0.43..6.25 rows=91 width=4)
	  Index Cond: ((id >= 3889993) AND (id <= 3890093))

table 5 : explain SELECT id FROM sbtest5 WHERE id BETWEEN 3889993 AND 3890093
	Index Only Scan using sbtest5_pkey on sbtest5  (cost=0.43..6.53 rows=105 width=4)
	  Index Cond: ((id >= 3889993) AND (id <= 3890093))

table 6 : explain SELECT id FROM sbtest6 WHERE id BETWEEN 3889993 AND 3890093
	Index Only Scan using sbtest6_pkey on sbtest6  (cost=0.43..6.56 rows=106 width=4)
	  Index Cond: ((id >= 3889993) AND (id <= 3890093))

table 7 : explain SELECT id FROM sbtest7 WHERE id BETWEEN 3889993 AND 3890093
	Index Only Scan using sbtest7_pkey on sbtest7  (cost=0.43..6.40 rows=98 width=4)
	  Index Cond: ((id >= 3889993) AND (id <= 3890093))

table 8 : explain SELECT id FROM sbtest8 WHERE id BETWEEN 3889993 AND 3890093
	Index Only Scan using sbtest8_pkey on sbtest8  (cost=0.43..6.58 rows=107 width=4)
	  Index Cond: ((id >= 3889993) AND (id <= 3890093))

explain: for range-covered :: explain SELECT id FROM sbtest%d WHERE id BETWEEN 4452593 AND 4452693
explain: for range-covered :: explain SELECT id FROM sbtest%d WHERE id BETWEEN 4029672 AND 4029772
explain: for range-covered :: explain SELECT id FROM sbtest%d WHERE id BETWEEN 3889993 AND 3890093
explain: for range-covered :: explain SELECT id FROM sbtest%d WHERE id BETWEEN 3927900 AND 3928000
explain: for range-covered :: explain SELECT id FROM sbtest%d WHERE id BETWEEN 4075270 AND 4075370
for range-covered
table 1 : explain SELECT id FROM sbtest1 WHERE id BETWEEN 2009095 AND 2009195
	Index Only Scan using sbtest1_pkey on sbtest1  (cost=0.43..6.51 rows=104 width=4)
	  Index Cond: ((id >= 2009095) AND (id <= 2009195))

table 2 : explain SELECT id FROM sbtest2 WHERE id BETWEEN 2009095 AND 2009195
	Index Only Scan using sbtest2_pkey on sbtest2  (cost=0.43..6.35 rows=96 width=4)
	  Index Cond: ((id >= 2009095) AND (id <= 2009195))

table 3 : explain SELECT id FROM sbtest3 WHERE id BETWEEN 2009095 AND 2009195
	Index Only Scan using sbtest3_pkey on sbtest3  (cost=0.43..6.53 rows=105 width=4)
	  Index Cond: ((id >= 2009095) AND (id <= 2009195))

table 4 : explain SELECT id FROM sbtest4 WHERE id BETWEEN 2009095 AND 2009195
	Index Only Scan using sbtest4_pkey on sbtest4  (cost=0.43..6.21 rows=89 width=4)
	  Index Cond: ((id >= 2009095) AND (id <= 2009195))

table 5 : explain SELECT id FROM sbtest5 WHERE id BETWEEN 2009095 AND 2009195
	Index Only Scan using sbtest5_pkey on sbtest5  (cost=0.43..6.32 rows=94 width=4)
	  Index Cond: ((id >= 2009095) AND (id <= 2009195))

table 6 : explain SELECT id FROM sbtest6 WHERE id BETWEEN 2009095 AND 2009195
	Index Only Scan using sbtest6_pkey on sbtest6  (cost=0.43..6.35 rows=96 width=4)
	  Index Cond: ((id >= 2009095) AND (id <= 2009195))

table 7 : explain SELECT id FROM sbtest7 WHERE id BETWEEN 2009095 AND 2009195
	Index Only Scan using sbtest7_pkey on sbtest7  (cost=0.43..6.33 rows=95 width=4)
	  Index Cond: ((id >= 2009095) AND (id <= 2009195))

table 8 : explain SELECT id FROM sbtest8 WHERE id BETWEEN 2009095 AND 2009195
	Index Only Scan using sbtest8_pkey on sbtest8  (cost=0.43..6.51 rows=104 width=4)
	  Index Cond: ((id >= 2009095) AND (id <= 2009195))

for range-covered
table 1 : explain SELECT id FROM sbtest1 WHERE id BETWEEN 4983788 AND 4983888
	Index Only Scan using sbtest1_pkey on sbtest1  (cost=0.43..6.74 rows=115 width=4)
	  Index Cond: ((id >= 4983788) AND (id <= 4983888))

table 2 : explain SELECT id FROM sbtest2 WHERE id BETWEEN 4983788 AND 4983888
	Index Only Scan using sbtest2_pkey on sbtest2  (cost=0.43..6.50 rows=103 width=4)
	  Index Cond: ((id >= 4983788) AND (id <= 4983888))

table 3 : explain SELECT id FROM sbtest3 WHERE id BETWEEN 4983788 AND 4983888
	Index Only Scan using sbtest3_pkey on sbtest3  (cost=0.43..6.69 rows=113 width=4)
	  Index Cond: ((id >= 4983788) AND (id <= 4983888))

table 4 : explain SELECT id FROM sbtest4 WHERE id BETWEEN 4983788 AND 4983888
	Index Only Scan using sbtest4_pkey on sbtest4  (cost=0.43..6.59 rows=108 width=4)
	  Index Cond: ((id >= 4983788) AND (id <= 4983888))

table 5 : explain SELECT id FROM sbtest5 WHERE id BETWEEN 4983788 AND 4983888
	Index Only Scan using sbtest5_pkey on sbtest5  (cost=0.43..6.50 rows=103 width=4)
	  Index Cond: ((id >= 4983788) AND (id <= 4983888))

table 6 : explain SELECT id FROM sbtest6 WHERE id BETWEEN 4983788 AND 4983888
	Index Only Scan using sbtest6_pkey on sbtest6  (cost=0.43..6.61 rows=109 width=4)
	  Index Cond: ((id >= 4983788) AND (id <= 4983888))

table 7 : explain SELECT id FROM sbtest7 WHERE id BETWEEN 4983788 AND 4983888
	Index Only Scan using sbtest7_pkey on sbtest7  (cost=0.43..6.37 rows=97 width=4)
	  Index Cond: ((id >= 4983788) AND (id <= 4983888))

table 8 : explain SELECT id FROM sbtest8 WHERE id BETWEEN 4983788 AND 4983888
	Index Only Scan using sbtest8_pkey on sbtest8  (cost=0.43..6.35 rows=96 width=4)
	  Index Cond: ((id >= 4983788) AND (id <= 4983888))

explain: for range-covered :: explain SELECT id FROM sbtest%d WHERE id BETWEEN 2009095 AND 2009195
explain: for range-covered :: explain SELECT id FROM sbtest%d WHERE id BETWEEN 4983788 AND 4983888
explain: for range-covered :: explain SELECT id FROM sbtest%d WHERE id BETWEEN 2807472 AND 2807572
for range-covered
table 1 : explain SELECT id FROM sbtest1 WHERE id BETWEEN 8490247 AND 8490347
	Index Only Scan using sbtest1_pkey on sbtest1  (cost=0.43..6.29 rows=93 width=4)
	  Index Cond: ((id >= 8490247) AND (id <= 8490347))

table 2 : explain SELECT id FROM sbtest2 WHERE id BETWEEN 8490247 AND 8490347
	Index Only Scan using sbtest2_pkey on sbtest2  (cost=0.43..6.35 rows=96 width=4)
	  Index Cond: ((id >= 8490247) AND (id <= 8490347))

table 3 : explain SELECT id FROM sbtest3 WHERE id BETWEEN 8490247 AND 8490347
	Index Only Scan using sbtest3_pkey on sbtest3  (cost=0.43..6.69 rows=113 width=4)
	  Index Cond: ((id >= 8490247) AND (id <= 8490347))

table 4 : explain SELECT id FROM sbtest4 WHERE id BETWEEN 8490247 AND 8490347
	Index Only Scan using sbtest4_pkey on sbtest4  (cost=0.43..6.37 rows=97 width=4)
	  Index Cond: ((id >= 8490247) AND (id <= 8490347))

table 5 : explain SELECT id FROM sbtest5 WHERE id BETWEEN 8490247 AND 8490347
	Index Only Scan using sbtest5_pkey on sbtest5  (cost=0.43..6.42 rows=99 width=4)
	  Index Cond: ((id >= 8490247) AND (id <= 8490347))

table 6 : explain SELECT id FROM sbtest6 WHERE id BETWEEN 8490247 AND 8490347
	Index Only Scan using sbtest6_pkey on sbtest6  (cost=0.43..6.13 rows=85 width=4)
	  Index Cond: ((id >= 8490247) AND (id <= 8490347))

table 7 : explain SELECT id FROM sbtest7 WHERE id BETWEEN 8490247 AND 8490347
	Index Only Scan using sbtest7_pkey on sbtest7  (cost=0.43..6.33 rows=95 width=4)
	  Index Cond: ((id >= 8490247) AND (id <= 8490347))

table 8 : explain SELECT id FROM sbtest8 WHERE id BETWEEN 8490247 AND 8490347
	Index Only Scan using sbtest8_pkey on sbtest8  (cost=0.43..6.40 rows=98 width=4)
	  Index Cond: ((id >= 8490247) AND (id <= 8490347))

for range-covered
table 1 : explain SELECT id FROM sbtest1 WHERE id BETWEEN 5197702 AND 5197802
	Index Only Scan using sbtest1_pkey on sbtest1  (cost=0.43..6.45 rows=101 width=4)
	  Index Cond: ((id >= 5197702) AND (id <= 5197802))

table 2 : explain SELECT id FROM sbtest2 WHERE id BETWEEN 5197702 AND 5197802
	Index Only Scan using sbtest2_pkey on sbtest2  (cost=0.43..6.32 rows=94 width=4)
	  Index Cond: ((id >= 5197702) AND (id <= 5197802))

table 3 : explain SELECT id FROM sbtest3 WHERE id BETWEEN 5197702 AND 5197802
	Index Only Scan using sbtest3_pkey on sbtest3  (cost=0.43..6.47 rows=102 width=4)
	  Index Cond: ((id >= 5197702) AND (id <= 5197802))

table 4 : explain SELECT id FROM sbtest4 WHERE id BETWEEN 5197702 AND 5197802
	Index Only Scan using sbtest4_pkey on sbtest4  (cost=0.43..6.75 rows=116 width=4)
	  Index Cond: ((id >= 5197702) AND (id <= 5197802))

table 5 : explain SELECT id FROM sbtest5 WHERE id BETWEEN 5197702 AND 5197802
	Index Only Scan using sbtest5_pkey on sbtest5  (cost=0.43..6.45 rows=101 width=4)
	  Index Cond: ((id >= 5197702) AND (id <= 5197802))

table 6 : explain SELECT id FROM sbtest6 WHERE id BETWEEN 5197702 AND 5197802
	Index Only Scan using sbtest6_pkey on sbtest6  (cost=0.43..6.42 rows=99 width=4)
	  Index Cond: ((id >= 5197702) AND (id <= 5197802))

table 7 : explain SELECT id FROM sbtest7 WHERE id BETWEEN 5197702 AND 5197802
	Index Only Scan using sbtest7_pkey on sbtest7  (cost=0.43..6.59 rows=108 width=4)
	  Index Cond: ((id >= 5197702) AND (id <= 5197802))

table 8 : explain SELECT id FROM sbtest8 WHERE id BETWEEN 5197702 AND 5197802
	Index Only Scan using sbtest8_pkey on sbtest8  (cost=0.43..6.21 rows=89 width=4)
	  Index Cond: ((id >= 5197702) AND (id <= 5197802))

explain: for range-covered :: explain SELECT id FROM sbtest%d WHERE id BETWEEN 8490247 AND 8490347
explain: for range-covered :: explain SELECT id FROM sbtest%d WHERE id BETWEEN 5197702 AND 5197802
for range-covered
table 1 : explain SELECT id FROM sbtest1 WHERE id BETWEEN 4351132 AND 4351232
	Index Only Scan using sbtest1_pkey on sbtest1  (cost=0.43..6.45 rows=101 width=4)
	  Index Cond: ((id >= 4351132) AND (id <= 4351232))

table 2 : explain SELECT id FROM sbtest2 WHERE id BETWEEN 4351132 AND 4351232
	Index Only Scan using sbtest2_pkey on sbtest2  (cost=0.43..6.45 rows=101 width=4)
	  Index Cond: ((id >= 4351132) AND (id <= 4351232))

table 3 : explain SELECT id FROM sbtest3 WHERE id BETWEEN 4351132 AND 4351232
	Index Only Scan using sbtest3_pkey on sbtest3  (cost=0.43..6.32 rows=94 width=4)
	  Index Cond: ((id >= 4351132) AND (id <= 4351232))

table 4 : explain SELECT id FROM sbtest4 WHERE id BETWEEN 4351132 AND 4351232
	Index Only Scan using sbtest4_pkey on sbtest4  (cost=0.43..6.37 rows=97 width=4)
	  Index Cond: ((id >= 4351132) AND (id <= 4351232))

table 5 : explain SELECT id FROM sbtest5 WHERE id BETWEEN 4351132 AND 4351232
	Index Only Scan using sbtest5_pkey on sbtest5  (cost=0.43..6.42 rows=99 width=4)
	  Index Cond: ((id >= 4351132) AND (id <= 4351232))

table 6 : explain SELECT id FROM sbtest6 WHERE id BETWEEN 4351132 AND 4351232
	Index Only Scan using sbtest6_pkey on sbtest6  (cost=0.43..6.51 rows=104 width=4)
	  Index Cond: ((id >= 4351132) AND (id <= 4351232))

table 7 : explain SELECT id FROM sbtest7 WHERE id BETWEEN 4351132 AND 4351232
	Index Only Scan using sbtest7_pkey on sbtest7  (cost=0.43..6.50 rows=103 width=4)
	  Index Cond: ((id >= 4351132) AND (id <= 4351232))

table 8 : explain SELECT id FROM sbtest8 WHERE id BETWEEN 4351132 AND 4351232
	Index Only Scan using sbtest8_pkey on sbtest8  (cost=0.43..6.21 rows=89 width=4)
	  Index Cond: ((id >= 4351132) AND (id <= 4351232))

for range-covered
table 1 : explain SELECT id FROM sbtest1 WHERE id BETWEEN 3889993 AND 3890093
	Index Only Scan using sbtest1_pkey on sbtest1  (cost=0.43..6.40 rows=98 width=4)
	  Index Cond: ((id >= 3889993) AND (id <= 3890093))

table 2 : explain SELECT id FROM sbtest2 WHERE id BETWEEN 3889993 AND 3890093
	Index Only Scan using sbtest2_pkey on sbtest2  (cost=0.43..6.58 rows=107 width=4)
	  Index Cond: ((id >= 3889993) AND (id <= 3890093))

table 3 : explain SELECT id FROM sbtest3 WHERE id BETWEEN 3889993 AND 3890093
	Index Only Scan using sbtest3_pkey on sbtest3  (cost=0.43..6.67 rows=112 width=4)
	  Index Cond: ((id >= 3889993) AND (id <= 3890093))

table 4 : explain SELECT id FROM sbtest4 WHERE id BETWEEN 3889993 AND 3890093
	Index Only Scan using sbtest4_pkey on sbtest4  (cost=0.43..6.25 rows=91 width=4)
	  Index Cond: ((id >= 3889993) AND (id <= 3890093))

table 5 : explain SELECT id FROM sbtest5 WHERE id BETWEEN 3889993 AND 3890093
	Index Only Scan using sbtest5_pkey on sbtest5  (cost=0.43..6.53 rows=105 width=4)
	  Index Cond: ((id >= 3889993) AND (id <= 3890093))

table 6 : explain SELECT id FROM sbtest6 WHERE id BETWEEN 3889993 AND 3890093
	Index Only Scan using sbtest6_pkey on sbtest6  (cost=0.43..6.56 rows=106 width=4)
	  Index Cond: ((id >= 3889993) AND (id <= 3890093))

table 7 : explain SELECT id FROM sbtest7 WHERE id BETWEEN 3889993 AND 3890093
	Index Only Scan using sbtest7_pkey on sbtest7  (cost=0.43..6.40 rows=98 width=4)
	  Index Cond: ((id >= 3889993) AND (id <= 3890093))

table 8 : explain SELECT id FROM sbtest8 WHERE id BETWEEN 3889993 AND 3890093
	Index Only Scan using sbtest8_pkey on sbtest8  (cost=0.43..6.58 rows=107 width=4)
	  Index Cond: ((id >= 3889993) AND (id <= 3890093))

explain: for range-covered :: explain SELECT id FROM sbtest%d WHERE id BETWEEN 4351132 AND 4351232
explain: for range-covered :: explain SELECT id FROM sbtest%d WHERE id BETWEEN 3889993 AND 3890093
for range-covered
table 1 : explain SELECT id FROM sbtest1 WHERE id BETWEEN 4773701 AND 4773801
	Index Only Scan using sbtest1_pkey on sbtest1  (cost=0.43..6.56 rows=106 width=4)
	  Index Cond: ((id >= 4773701) AND (id <= 4773801))

table 2 : explain SELECT id FROM sbtest2 WHERE id BETWEEN 4773701 AND 4773801
	Index Only Scan using sbtest2_pkey on sbtest2  (cost=0.43..6.58 rows=107 width=4)
	  Index Cond: ((id >= 4773701) AND (id <= 4773801))

table 3 : explain SELECT id FROM sbtest3 WHERE id BETWEEN 4773701 AND 4773801
	Index Only Scan using sbtest3_pkey on sbtest3  (cost=0.43..6.58 rows=107 width=4)
	  Index Cond: ((id >= 4773701) AND (id <= 4773801))

table 4 : explain SELECT id FROM sbtest4 WHERE id BETWEEN 4773701 AND 4773801
	Index Only Scan using sbtest4_pkey on sbtest4  (cost=0.43..6.43 rows=100 width=4)
	  Index Cond: ((id >= 4773701) AND (id <= 4773801))

table 5 : explain SELECT id FROM sbtest5 WHERE id BETWEEN 4773701 AND 4773801
	Index Only Scan using sbtest5_pkey on sbtest5  (cost=0.43..6.45 rows=101 width=4)
	  Index Cond: ((id >= 4773701) AND (id <= 4773801))

table 6 : explain SELECT id FROM sbtest6 WHERE id BETWEEN 4773701 AND 4773801
	Index Only Scan using sbtest6_pkey on sbtest6  (cost=0.43..6.33 rows=95 width=4)
	  Index Cond: ((id >= 4773701) AND (id <= 4773801))

table 7 : explain SELECT id FROM sbtest7 WHERE id BETWEEN 4773701 AND 4773801
	Index Only Scan using sbtest7_pkey on sbtest7  (cost=0.43..6.37 rows=97 width=4)
	  Index Cond: ((id >= 4773701) AND (id <= 4773801))

table 8 : explain SELECT id FROM sbtest8 WHERE id BETWEEN 4773701 AND 4773801
	Index Only Scan using sbtest8_pkey on sbtest8  (cost=0.43..6.32 rows=94 width=4)
	  Index Cond: ((id >= 4773701) AND (id <= 4773801))

explain: for range-covered :: explain SELECT id FROM sbtest%d WHERE id BETWEEN 4773701 AND 4773801
for range-covered
table 1 : explain SELECT id FROM sbtest1 WHERE id BETWEEN 2009095 AND 2009195
	Index Only Scan using sbtest1_pkey on sbtest1  (cost=0.43..6.51 rows=104 width=4)
	  Index Cond: ((id >= 2009095) AND (id <= 2009195))

table 2 : explain SELECT id FROM sbtest2 WHERE id BETWEEN 2009095 AND 2009195
	Index Only Scan using sbtest2_pkey on sbtest2  (cost=0.43..6.35 rows=96 width=4)
	  Index Cond: ((id >= 2009095) AND (id <= 2009195))

table 3 : explain SELECT id FROM sbtest3 WHERE id BETWEEN 2009095 AND 2009195
	Index Only Scan using sbtest3_pkey on sbtest3  (cost=0.43..6.53 rows=105 width=4)
	  Index Cond: ((id >= 2009095) AND (id <= 2009195))

table 4 : explain SELECT id FROM sbtest4 WHERE id BETWEEN 2009095 AND 2009195
	Index Only Scan using sbtest4_pkey on sbtest4  (cost=0.43..6.21 rows=89 width=4)
	  Index Cond: ((id >= 2009095) AND (id <= 2009195))

table 5 : explain SELECT id FROM sbtest5 WHERE id BETWEEN 2009095 AND 2009195
	Index Only Scan using sbtest5_pkey on sbtest5  (cost=0.43..6.32 rows=94 width=4)
	  Index Cond: ((id >= 2009095) AND (id <= 2009195))

table 6 : explain SELECT id FROM sbtest6 WHERE id BETWEEN 2009095 AND 2009195
	Index Only Scan using sbtest6_pkey on sbtest6  (cost=0.43..6.35 rows=96 width=4)
	  Index Cond: ((id >= 2009095) AND (id <= 2009195))

table 7 : explain SELECT id FROM sbtest7 WHERE id BETWEEN 2009095 AND 2009195
	Index Only Scan using sbtest7_pkey on sbtest7  (cost=0.43..6.33 rows=95 width=4)
	  Index Cond: ((id >= 2009095) AND (id <= 2009195))

table 8 : explain SELECT id FROM sbtest8 WHERE id BETWEEN 2009095 AND 2009195
	Index Only Scan using sbtest8_pkey on sbtest8  (cost=0.43..6.51 rows=104 width=4)
	  Index Cond: ((id >= 2009095) AND (id <= 2009195))

explain: for range-covered :: explain SELECT id FROM sbtest%d WHERE id BETWEEN 2009095 AND 2009195
for range-covered
table 1 : explain SELECT id FROM sbtest1 WHERE id BETWEEN 8490247 AND 8490347
	Index Only Scan using sbtest1_pkey on sbtest1  (cost=0.43..6.29 rows=93 width=4)
	  Index Cond: ((id >= 8490247) AND (id <= 8490347))

table 2 : explain SELECT id FROM sbtest2 WHERE id BETWEEN 8490247 AND 8490347
	Index Only Scan using sbtest2_pkey on sbtest2  (cost=0.43..6.35 rows=96 width=4)
	  Index Cond: ((id >= 8490247) AND (id <= 8490347))

table 3 : explain SELECT id FROM sbtest3 WHERE id BETWEEN 8490247 AND 8490347
	Index Only Scan using sbtest3_pkey on sbtest3  (cost=0.43..6.69 rows=113 width=4)
	  Index Cond: ((id >= 8490247) AND (id <= 8490347))

table 4 : explain SELECT id FROM sbtest4 WHERE id BETWEEN 8490247 AND 8490347
	Index Only Scan using sbtest4_pkey on sbtest4  (cost=0.43..6.37 rows=97 width=4)
	  Index Cond: ((id >= 8490247) AND (id <= 8490347))

table 5 : explain SELECT id FROM sbtest5 WHERE id BETWEEN 8490247 AND 8490347
	Index Only Scan using sbtest5_pkey on sbtest5  (cost=0.43..6.42 rows=99 width=4)
	  Index Cond: ((id >= 8490247) AND (id <= 8490347))

table 6 : explain SELECT id FROM sbtest6 WHERE id BETWEEN 8490247 AND 8490347
	Index Only Scan using sbtest6_pkey on sbtest6  (cost=0.43..6.13 rows=85 width=4)
	  Index Cond: ((id >= 8490247) AND (id <= 8490347))

table 7 : explain SELECT id FROM sbtest7 WHERE id BETWEEN 8490247 AND 8490347
	Index Only Scan using sbtest7_pkey on sbtest7  (cost=0.43..6.33 rows=95 width=4)
	  Index Cond: ((id >= 8490247) AND (id <= 8490347))

table 8 : explain SELECT id FROM sbtest8 WHERE id BETWEEN 8490247 AND 8490347
	Index Only Scan using sbtest8_pkey on sbtest8  (cost=0.43..6.40 rows=98 width=4)
	  Index Cond: ((id >= 8490247) AND (id <= 8490347))

for range-covered
table 1 : explain SELECT id FROM sbtest1 WHERE id BETWEEN 5197702 AND 5197802
	Index Only Scan using sbtest1_pkey on sbtest1  (cost=0.43..6.45 rows=101 width=4)
	  Index Cond: ((id >= 5197702) AND (id <= 5197802))

table 2 : explain SELECT id FROM sbtest2 WHERE id BETWEEN 5197702 AND 5197802
	Index Only Scan using sbtest2_pkey on sbtest2  (cost=0.43..6.32 rows=94 width=4)
	  Index Cond: ((id >= 5197702) AND (id <= 5197802))

table 3 : explain SELECT id FROM sbtest3 WHERE id BETWEEN 5197702 AND 5197802
	Index Only Scan using sbtest3_pkey on sbtest3  (cost=0.43..6.47 rows=102 width=4)
	  Index Cond: ((id >= 5197702) AND (id <= 5197802))

table 4 : explain SELECT id FROM sbtest4 WHERE id BETWEEN 5197702 AND 5197802
	Index Only Scan using sbtest4_pkey on sbtest4  (cost=0.43..6.75 rows=116 width=4)
	  Index Cond: ((id >= 5197702) AND (id <= 5197802))

table 5 : explain SELECT id FROM sbtest5 WHERE id BETWEEN 5197702 AND 5197802
	Index Only Scan using sbtest5_pkey on sbtest5  (cost=0.43..6.45 rows=101 width=4)
	  Index Cond: ((id >= 5197702) AND (id <= 5197802))

table 6 : explain SELECT id FROM sbtest6 WHERE id BETWEEN 5197702 AND 5197802
	Index Only Scan using sbtest6_pkey on sbtest6  (cost=0.43..6.42 rows=99 width=4)
	  Index Cond: ((id >= 5197702) AND (id <= 5197802))

table 7 : explain SELECT id FROM sbtest7 WHERE id BETWEEN 5197702 AND 5197802
	Index Only Scan using sbtest7_pkey on sbtest7  (cost=0.43..6.59 rows=108 width=4)
	  Index Cond: ((id >= 5197702) AND (id <= 5197802))

table 8 : explain SELECT id FROM sbtest8 WHERE id BETWEEN 5197702 AND 5197802
	Index Only Scan using sbtest8_pkey on sbtest8  (cost=0.43..6.21 rows=89 width=4)
	  Index Cond: ((id >= 5197702) AND (id <= 5197802))

explain: for range-covered :: explain SELECT id FROM sbtest%d WHERE id BETWEEN 8490247 AND 8490347
for range-covered
table 1 : explain SELECT id FROM sbtest1 WHERE id BETWEEN 3927900 AND 3928000
	Index Only Scan using sbtest1_pkey on sbtest1  (cost=0.43..6.40 rows=98 width=4)
	  Index Cond: ((id >= 3927900) AND (id <= 3928000))

table 2 : explain SELECT id FROM sbtest2 WHERE id BETWEEN 3927900 AND 3928000
	Index Only Scan using sbtest2_pkey on sbtest2  (cost=0.43..6.43 rows=100 width=4)
	  Index Cond: ((id >= 3927900) AND (id <= 3928000))

table 3 : explain SELECT id FROM sbtest3 WHERE id BETWEEN 3927900 AND 3928000
	Index Only Scan using sbtest3_pkey on sbtest3  (cost=0.43..6.67 rows=112 width=4)
	  Index Cond: ((id >= 3927900) AND (id <= 3928000))

table 4 : explain SELECT id FROM sbtest4 WHERE id BETWEEN 3927900 AND 3928000
	Index Only Scan using sbtest4_pkey on sbtest4  (cost=0.43..6.25 rows=91 width=4)
	  Index Cond: ((id >= 3927900) AND (id <= 3928000))

table 5 : explain SELECT id FROM sbtest5 WHERE id BETWEEN 3927900 AND 3928000
	Index Only Scan using sbtest5_pkey on sbtest5  (cost=0.43..6.53 rows=105 width=4)
	  Index Cond: ((id >= 3927900) AND (id <= 3928000))

table 6 : explain SELECT id FROM sbtest6 WHERE id BETWEEN 3927900 AND 3928000
	Index Only Scan using sbtest6_pkey on sbtest6  (cost=0.43..6.56 rows=106 width=4)
	  Index Cond: ((id >= 3927900) AND (id <= 3928000))

table 7 : explain SELECT id FROM sbtest7 WHERE id BETWEEN 3927900 AND 3928000
	Index Only Scan using sbtest7_pkey on sbtest7  (cost=0.43..6.45 rows=101 width=4)
	  Index Cond: ((id >= 3927900) AND (id <= 3928000))

table 8 : explain SELECT id FROM sbtest8 WHERE id BETWEEN 3927900 AND 3928000
	Index Only Scan using sbtest8_pkey on sbtest8  (cost=0.43..6.47 rows=102 width=4)
	  Index Cond: ((id >= 3927900) AND (id <= 3928000))

explain: for range-covered :: explain SELECT id FROM sbtest%d WHERE id BETWEEN 5197702 AND 5197802
for range-covered
table 1 : explain SELECT id FROM sbtest1 WHERE id BETWEEN 3889993 AND 3890093
	Index Only Scan using sbtest1_pkey on sbtest1  (cost=0.43..6.40 rows=98 width=4)
	  Index Cond: ((id >= 3889993) AND (id <= 3890093))

table 2 : explain SELECT id FROM sbtest2 WHERE id BETWEEN 3889993 AND 3890093
	Index Only Scan using sbtest2_pkey on sbtest2  (cost=0.43..6.58 rows=107 width=4)
	  Index Cond: ((id >= 3889993) AND (id <= 3890093))

table 3 : explain SELECT id FROM sbtest3 WHERE id BETWEEN 3889993 AND 3890093
	Index Only Scan using sbtest3_pkey on sbtest3  (cost=0.43..6.67 rows=112 width=4)
	  Index Cond: ((id >= 3889993) AND (id <= 3890093))

table 4 : explain SELECT id FROM sbtest4 WHERE id BETWEEN 3889993 AND 3890093
	Index Only Scan using sbtest4_pkey on sbtest4  (cost=0.43..6.25 rows=91 width=4)
	  Index Cond: ((id >= 3889993) AND (id <= 3890093))

table 5 : explain SELECT id FROM sbtest5 WHERE id BETWEEN 3889993 AND 3890093
	Index Only Scan using sbtest5_pkey on sbtest5  (cost=0.43..6.53 rows=105 width=4)
	  Index Cond: ((id >= 3889993) AND (id <= 3890093))

table 6 : explain SELECT id FROM sbtest6 WHERE id BETWEEN 3889993 AND 3890093
	Index Only Scan using sbtest6_pkey on sbtest6  (cost=0.43..6.56 rows=106 width=4)
	  Index Cond: ((id >= 3889993) AND (id <= 3890093))

table 7 : explain SELECT id FROM sbtest7 WHERE id BETWEEN 3889993 AND 3890093
	Index Only Scan using sbtest7_pkey on sbtest7  (cost=0.43..6.40 rows=98 width=4)
	  Index Cond: ((id >= 3889993) AND (id <= 3890093))

table 8 : explain SELECT id FROM sbtest8 WHERE id BETWEEN 3889993 AND 3890093
	Index Only Scan using sbtest8_pkey on sbtest8  (cost=0.43..6.58 rows=107 width=4)
	  Index Cond: ((id >= 3889993) AND (id <= 3890093))

explain: for range-covered :: explain SELECT id FROM sbtest%d WHERE id BETWEEN 3889993 AND 3890093
explain: for range-covered :: explain SELECT id FROM sbtest%d WHERE id BETWEEN 3598005 AND 3598105
explain: for range-covered :: explain SELECT id FROM sbtest%d WHERE id BETWEEN 3927900 AND 3928000
for range-covered
table 1 : explain SELECT id FROM sbtest1 WHERE id BETWEEN 4983788 AND 4983888
	Index Only Scan using sbtest1_pkey on sbtest1  (cost=0.43..6.74 rows=115 width=4)
	  Index Cond: ((id >= 4983788) AND (id <= 4983888))

table 2 : explain SELECT id FROM sbtest2 WHERE id BETWEEN 4983788 AND 4983888
	Index Only Scan using sbtest2_pkey on sbtest2  (cost=0.43..6.50 rows=103 width=4)
	  Index Cond: ((id >= 4983788) AND (id <= 4983888))

table 3 : explain SELECT id FROM sbtest3 WHERE id BETWEEN 4983788 AND 4983888
	Index Only Scan using sbtest3_pkey on sbtest3  (cost=0.43..6.69 rows=113 width=4)
	  Index Cond: ((id >= 4983788) AND (id <= 4983888))

table 4 : explain SELECT id FROM sbtest4 WHERE id BETWEEN 4983788 AND 4983888
	Index Only Scan using sbtest4_pkey on sbtest4  (cost=0.43..6.59 rows=108 width=4)
	  Index Cond: ((id >= 4983788) AND (id <= 4983888))

table 5 : explain SELECT id FROM sbtest5 WHERE id BETWEEN 4983788 AND 4983888
	Index Only Scan using sbtest5_pkey on sbtest5  (cost=0.43..6.50 rows=103 width=4)
	  Index Cond: ((id >= 4983788) AND (id <= 4983888))

table 6 : explain SELECT id FROM sbtest6 WHERE id BETWEEN 4983788 AND 4983888
	Index Only Scan using sbtest6_pkey on sbtest6  (cost=0.43..6.61 rows=109 width=4)
	  Index Cond: ((id >= 4983788) AND (id <= 4983888))

table 7 : explain SELECT id FROM sbtest7 WHERE id BETWEEN 4983788 AND 4983888
	Index Only Scan using sbtest7_pkey on sbtest7  (cost=0.43..6.37 rows=97 width=4)
	  Index Cond: ((id >= 4983788) AND (id <= 4983888))

table 8 : explain SELECT id FROM sbtest8 WHERE id BETWEEN 4983788 AND 4983888
	Index Only Scan using sbtest8_pkey on sbtest8  (cost=0.43..6.35 rows=96 width=4)
	  Index Cond: ((id >= 4983788) AND (id <= 4983888))

explain: for range-covered :: explain SELECT id FROM sbtest%d WHERE id BETWEEN 4983788 AND 4983888
for range-covered
table 1 : explain SELECT id FROM sbtest1 WHERE id BETWEEN 2009095 AND 2009195
	Index Only Scan using sbtest1_pkey on sbtest1  (cost=0.43..6.51 rows=104 width=4)
	  Index Cond: ((id >= 2009095) AND (id <= 2009195))

table 2 : explain SELECT id FROM sbtest2 WHERE id BETWEEN 2009095 AND 2009195
	Index Only Scan using sbtest2_pkey on sbtest2  (cost=0.43..6.35 rows=96 width=4)
	  Index Cond: ((id >= 2009095) AND (id <= 2009195))

table 3 : explain SELECT id FROM sbtest3 WHERE id BETWEEN 2009095 AND 2009195
	Index Only Scan using sbtest3_pkey on sbtest3  (cost=0.43..6.53 rows=105 width=4)
	  Index Cond: ((id >= 2009095) AND (id <= 2009195))

table 4 : explain SELECT id FROM sbtest4 WHERE id BETWEEN 2009095 AND 2009195
	Index Only Scan using sbtest4_pkey on sbtest4  (cost=0.43..6.21 rows=89 width=4)
	  Index Cond: ((id >= 2009095) AND (id <= 2009195))

table 5 : explain SELECT id FROM sbtest5 WHERE id BETWEEN 2009095 AND 2009195
	Index Only Scan using sbtest5_pkey on sbtest5  (cost=0.43..6.32 rows=94 width=4)
	  Index Cond: ((id >= 2009095) AND (id <= 2009195))

table 6 : explain SELECT id FROM sbtest6 WHERE id BETWEEN 2009095 AND 2009195
	Index Only Scan using sbtest6_pkey on sbtest6  (cost=0.43..6.35 rows=96 width=4)
	  Index Cond: ((id >= 2009095) AND (id <= 2009195))

table 7 : explain SELECT id FROM sbtest7 WHERE id BETWEEN 2009095 AND 2009195
	Index Only Scan using sbtest7_pkey on sbtest7  (cost=0.43..6.33 rows=95 width=4)
	  Index Cond: ((id >= 2009095) AND (id <= 2009195))

table 8 : explain SELECT id FROM sbtest8 WHERE id BETWEEN 2009095 AND 2009195
	Index Only Scan using sbtest8_pkey on sbtest8  (cost=0.43..6.51 rows=104 width=4)
	  Index Cond: ((id >= 2009095) AND (id <= 2009195))

explain: for range-covered :: explain SELECT id FROM sbtest%d WHERE id BETWEEN 2009095 AND 2009195
for range-covered
table 1 : explain SELECT id FROM sbtest1 WHERE id BETWEEN 8490247 AND 8490347
	Index Only Scan using sbtest1_pkey on sbtest1  (cost=0.43..6.29 rows=93 width=4)
	  Index Cond: ((id >= 8490247) AND (id <= 8490347))

table 2 : explain SELECT id FROM sbtest2 WHERE id BETWEEN 8490247 AND 8490347
	Index Only Scan using sbtest2_pkey on sbtest2  (cost=0.43..6.35 rows=96 width=4)
	  Index Cond: ((id >= 8490247) AND (id <= 8490347))

table 3 : explain SELECT id FROM sbtest3 WHERE id BETWEEN 8490247 AND 8490347
	Index Only Scan using sbtest3_pkey on sbtest3  (cost=0.43..6.69 rows=113 width=4)
	  Index Cond: ((id >= 8490247) AND (id <= 8490347))

table 4 : explain SELECT id FROM sbtest4 WHERE id BETWEEN 8490247 AND 8490347
	Index Only Scan using sbtest4_pkey on sbtest4  (cost=0.43..6.37 rows=97 width=4)
	  Index Cond: ((id >= 8490247) AND (id <= 8490347))

table 5 : explain SELECT id FROM sbtest5 WHERE id BETWEEN 8490247 AND 8490347
	Index Only Scan using sbtest5_pkey on sbtest5  (cost=0.43..6.42 rows=99 width=4)
	  Index Cond: ((id >= 8490247) AND (id <= 8490347))

table 6 : explain SELECT id FROM sbtest6 WHERE id BETWEEN 8490247 AND 8490347
	Index Only Scan using sbtest6_pkey on sbtest6  (cost=0.43..6.13 rows=85 width=4)
	  Index Cond: ((id >= 8490247) AND (id <= 8490347))

table 7 : explain SELECT id FROM sbtest7 WHERE id BETWEEN 8490247 AND 8490347
	Index Only Scan using sbtest7_pkey on sbtest7  (cost=0.43..6.33 rows=95 width=4)
	  Index Cond: ((id >= 8490247) AND (id <= 8490347))

table 8 : explain SELECT id FROM sbtest8 WHERE id BETWEEN 8490247 AND 8490347
	Index Only Scan using sbtest8_pkey on sbtest8  (cost=0.43..6.40 rows=98 width=4)
	  Index Cond: ((id >= 8490247) AND (id <= 8490347))

for range-covered
table 1 : explain SELECT id FROM sbtest1 WHERE id BETWEEN 4351132 AND 4351232
	Index Only Scan using sbtest1_pkey on sbtest1  (cost=0.43..6.45 rows=101 width=4)
	  Index Cond: ((id >= 4351132) AND (id <= 4351232))

table 2 : explain SELECT id FROM sbtest2 WHERE id BETWEEN 4351132 AND 4351232
	Index Only Scan using sbtest2_pkey on sbtest2  (cost=0.43..6.45 rows=101 width=4)
	  Index Cond: ((id >= 4351132) AND (id <= 4351232))

table 3 : explain SELECT id FROM sbtest3 WHERE id BETWEEN 4351132 AND 4351232
	Index Only Scan using sbtest3_pkey on sbtest3  (cost=0.43..6.32 rows=94 width=4)
	  Index Cond: ((id >= 4351132) AND (id <= 4351232))

table 4 : explain SELECT id FROM sbtest4 WHERE id BETWEEN 4351132 AND 4351232
	Index Only Scan using sbtest4_pkey on sbtest4  (cost=0.43..6.37 rows=97 width=4)
	  Index Cond: ((id >= 4351132) AND (id <= 4351232))

table 5 : explain SELECT id FROM sbtest5 WHERE id BETWEEN 4351132 AND 4351232
	Index Only Scan using sbtest5_pkey on sbtest5  (cost=0.43..6.42 rows=99 width=4)
	  Index Cond: ((id >= 4351132) AND (id <= 4351232))

table 6 : explain SELECT id FROM sbtest6 WHERE id BETWEEN 4351132 AND 4351232
	Index Only Scan using sbtest6_pkey on sbtest6  (cost=0.43..6.51 rows=104 width=4)
	  Index Cond: ((id >= 4351132) AND (id <= 4351232))

table 7 : explain SELECT id FROM sbtest7 WHERE id BETWEEN 4351132 AND 4351232
	Index Only Scan using sbtest7_pkey on sbtest7  (cost=0.43..6.50 rows=103 width=4)
	  Index Cond: ((id >= 4351132) AND (id <= 4351232))

table 8 : explain SELECT id FROM sbtest8 WHERE id BETWEEN 4351132 AND 4351232
	Index Only Scan using sbtest8_pkey on sbtest8  (cost=0.43..6.21 rows=89 width=4)
	  Index Cond: ((id >= 4351132) AND (id <= 4351232))

for range-covered
table 1 : explain SELECT id FROM sbtest1 WHERE id BETWEEN 5197702 AND 5197802
	Index Only Scan using sbtest1_pkey on sbtest1  (cost=0.43..6.45 rows=101 width=4)
	  Index Cond: ((id >= 5197702) AND (id <= 5197802))

table 2 : explain SELECT id FROM sbtest2 WHERE id BETWEEN 5197702 AND 5197802
	Index Only Scan using sbtest2_pkey on sbtest2  (cost=0.43..6.32 rows=94 width=4)
	  Index Cond: ((id >= 5197702) AND (id <= 5197802))

table 3 : explain SELECT id FROM sbtest3 WHERE id BETWEEN 5197702 AND 5197802
	Index Only Scan using sbtest3_pkey on sbtest3  (cost=0.43..6.47 rows=102 width=4)
	  Index Cond: ((id >= 5197702) AND (id <= 5197802))

table 4 : explain SELECT id FROM sbtest4 WHERE id BETWEEN 5197702 AND 5197802
	Index Only Scan using sbtest4_pkey on sbtest4  (cost=0.43..6.75 rows=116 width=4)
	  Index Cond: ((id >= 5197702) AND (id <= 5197802))

table 5 : explain SELECT id FROM sbtest5 WHERE id BETWEEN 5197702 AND 5197802
	Index Only Scan using sbtest5_pkey on sbtest5  (cost=0.43..6.45 rows=101 width=4)
	  Index Cond: ((id >= 5197702) AND (id <= 5197802))

table 6 : explain SELECT id FROM sbtest6 WHERE id BETWEEN 5197702 AND 5197802
	Index Only Scan using sbtest6_pkey on sbtest6  (cost=0.43..6.42 rows=99 width=4)
	  Index Cond: ((id >= 5197702) AND (id <= 5197802))

table 7 : explain SELECT id FROM sbtest7 WHERE id BETWEEN 5197702 AND 5197802
	Index Only Scan using sbtest7_pkey on sbtest7  (cost=0.43..6.59 rows=108 width=4)
	  Index Cond: ((id >= 5197702) AND (id <= 5197802))

table 8 : explain SELECT id FROM sbtest8 WHERE id BETWEEN 5197702 AND 5197802
	Index Only Scan using sbtest8_pkey on sbtest8  (cost=0.43..6.21 rows=89 width=4)
	  Index Cond: ((id >= 5197702) AND (id <= 5197802))

explain: for range-covered :: explain SELECT id FROM sbtest%d WHERE id BETWEEN 8490247 AND 8490347
explain: for range-covered :: explain SELECT id FROM sbtest%d WHERE id BETWEEN 4351132 AND 4351232
explain: for range-covered :: explain SELECT id FROM sbtest%d WHERE id BETWEEN 5197702 AND 5197802
for range-covered
table 1 : explain SELECT id FROM sbtest1 WHERE id BETWEEN 4773701 AND 4773801
	Index Only Scan using sbtest1_pkey on sbtest1  (cost=0.43..6.56 rows=106 width=4)
	  Index Cond: ((id >= 4773701) AND (id <= 4773801))

table 2 : explain SELECT id FROM sbtest2 WHERE id BETWEEN 4773701 AND 4773801
	Index Only Scan using sbtest2_pkey on sbtest2  (cost=0.43..6.58 rows=107 width=4)
	  Index Cond: ((id >= 4773701) AND (id <= 4773801))

table 3 : explain SELECT id FROM sbtest3 WHERE id BETWEEN 4773701 AND 4773801
	Index Only Scan using sbtest3_pkey on sbtest3  (cost=0.43..6.58 rows=107 width=4)
	  Index Cond: ((id >= 4773701) AND (id <= 4773801))

table 4 : explain SELECT id FROM sbtest4 WHERE id BETWEEN 4773701 AND 4773801
	Index Only Scan using sbtest4_pkey on sbtest4  (cost=0.43..6.43 rows=100 width=4)
	  Index Cond: ((id >= 4773701) AND (id <= 4773801))

table 5 : explain SELECT id FROM sbtest5 WHERE id BETWEEN 4773701 AND 4773801
	Index Only Scan using sbtest5_pkey on sbtest5  (cost=0.43..6.45 rows=101 width=4)
	  Index Cond: ((id >= 4773701) AND (id <= 4773801))

table 6 : explain SELECT id FROM sbtest6 WHERE id BETWEEN 4773701 AND 4773801
	Index Only Scan using sbtest6_pkey on sbtest6  (cost=0.43..6.33 rows=95 width=4)
	  Index Cond: ((id >= 4773701) AND (id <= 4773801))

table 7 : explain SELECT id FROM sbtest7 WHERE id BETWEEN 4773701 AND 4773801
	Index Only Scan using sbtest7_pkey on sbtest7  (cost=0.43..6.37 rows=97 width=4)
	  Index Cond: ((id >= 4773701) AND (id <= 4773801))

table 8 : explain SELECT id FROM sbtest8 WHERE id BETWEEN 4773701 AND 4773801
	Index Only Scan using sbtest8_pkey on sbtest8  (cost=0.43..6.32 rows=94 width=4)
	  Index Cond: ((id >= 4773701) AND (id <= 4773801))

for range-covered
table 1 : explain SELECT id FROM sbtest1 WHERE id BETWEEN 3889993 AND 3890093
	Index Only Scan using sbtest1_pkey on sbtest1  (cost=0.43..6.40 rows=98 width=4)
	  Index Cond: ((id >= 3889993) AND (id <= 3890093))

table 2 : explain SELECT id FROM sbtest2 WHERE id BETWEEN 3889993 AND 3890093
	Index Only Scan using sbtest2_pkey on sbtest2  (cost=0.43..6.58 rows=107 width=4)
	  Index Cond: ((id >= 3889993) AND (id <= 3890093))

table 3 : explain SELECT id FROM sbtest3 WHERE id BETWEEN 3889993 AND 3890093
	Index Only Scan using sbtest3_pkey on sbtest3  (cost=0.43..6.67 rows=112 width=4)
	  Index Cond: ((id >= 3889993) AND (id <= 3890093))

table 4 : explain SELECT id FROM sbtest4 WHERE id BETWEEN 3889993 AND 3890093
	Index Only Scan using sbtest4_pkey on sbtest4  (cost=0.43..6.25 rows=91 width=4)
	  Index Cond: ((id >= 3889993) AND (id <= 3890093))

table 5 : explain SELECT id FROM sbtest5 WHERE id BETWEEN 3889993 AND 3890093
	Index Only Scan using sbtest5_pkey on sbtest5  (cost=0.43..6.53 rows=105 width=4)
	  Index Cond: ((id >= 3889993) AND (id <= 3890093))

table 6 : explain SELECT id FROM sbtest6 WHERE id BETWEEN 3889993 AND 3890093
	Index Only Scan using sbtest6_pkey on sbtest6  (cost=0.43..6.56 rows=106 width=4)
	  Index Cond: ((id >= 3889993) AND (id <= 3890093))

table 7 : explain SELECT id FROM sbtest7 WHERE id BETWEEN 3889993 AND 3890093
	Index Only Scan using sbtest7_pkey on sbtest7  (cost=0.43..6.40 rows=98 width=4)
	  Index Cond: ((id >= 3889993) AND (id <= 3890093))

table 8 : explain SELECT id FROM sbtest8 WHERE id BETWEEN 3889993 AND 3890093
	Index Only Scan using sbtest8_pkey on sbtest8  (cost=0.43..6.58 rows=107 width=4)
	  Index Cond: ((id >= 3889993) AND (id <= 3890093))

for range-covered
table 1 : explain SELECT id FROM sbtest1 WHERE id BETWEEN 4983788 AND 4983888
	Index Only Scan using sbtest1_pkey on sbtest1  (cost=0.43..6.74 rows=115 width=4)
	  Index Cond: ((id >= 4983788) AND (id <= 4983888))

table 2 : explain SELECT id FROM sbtest2 WHERE id BETWEEN 4983788 AND 4983888
	Index Only Scan using sbtest2_pkey on sbtest2  (cost=0.43..6.50 rows=103 width=4)
	  Index Cond: ((id >= 4983788) AND (id <= 4983888))

table 3 : explain SELECT id FROM sbtest3 WHERE id BETWEEN 4983788 AND 4983888
	Index Only Scan using sbtest3_pkey on sbtest3  (cost=0.43..6.69 rows=113 width=4)
	  Index Cond: ((id >= 4983788) AND (id <= 4983888))

table 4 : explain SELECT id FROM sbtest4 WHERE id BETWEEN 4983788 AND 4983888
	Index Only Scan using sbtest4_pkey on sbtest4  (cost=0.43..6.59 rows=108 width=4)
	  Index Cond: ((id >= 4983788) AND (id <= 4983888))

table 5 : explain SELECT id FROM sbtest5 WHERE id BETWEEN 4983788 AND 4983888
	Index Only Scan using sbtest5_pkey on sbtest5  (cost=0.43..6.50 rows=103 width=4)
	  Index Cond: ((id >= 4983788) AND (id <= 4983888))

table 6 : explain SELECT id FROM sbtest6 WHERE id BETWEEN 4983788 AND 4983888
	Index Only Scan using sbtest6_pkey on sbtest6  (cost=0.43..6.61 rows=109 width=4)
	  Index Cond: ((id >= 4983788) AND (id <= 4983888))

table 7 : explain SELECT id FROM sbtest7 WHERE id BETWEEN 4983788 AND 4983888
	Index Only Scan using sbtest7_pkey on sbtest7  (cost=0.43..6.37 rows=97 width=4)
	  Index Cond: ((id >= 4983788) AND (id <= 4983888))

table 8 : explain SELECT id FROM sbtest8 WHERE id BETWEEN 4983788 AND 4983888
	Index Only Scan using sbtest8_pkey on sbtest8  (cost=0.43..6.35 rows=96 width=4)
	  Index Cond: ((id >= 4983788) AND (id <= 4983888))

explain: for range-covered :: explain SELECT id FROM sbtest%d WHERE id BETWEEN 3889993 AND 3890093
explain: for range-covered :: explain SELECT id FROM sbtest%d WHERE id BETWEEN 4773701 AND 4773801
explain: for range-covered :: explain SELECT id FROM sbtest%d WHERE id BETWEEN 5912096 AND 5912196
for range-covered
table 1 : explain SELECT id FROM sbtest1 WHERE id BETWEEN 2009095 AND 2009195
	Index Only Scan using sbtest1_pkey on sbtest1  (cost=0.43..6.51 rows=104 width=4)
	  Index Cond: ((id >= 2009095) AND (id <= 2009195))

table 2 : explain SELECT id FROM sbtest2 WHERE id BETWEEN 2009095 AND 2009195
	Index Only Scan using sbtest2_pkey on sbtest2  (cost=0.43..6.35 rows=96 width=4)
	  Index Cond: ((id >= 2009095) AND (id <= 2009195))

table 3 : explain SELECT id FROM sbtest3 WHERE id BETWEEN 2009095 AND 2009195
	Index Only Scan using sbtest3_pkey on sbtest3  (cost=0.43..6.53 rows=105 width=4)
	  Index Cond: ((id >= 2009095) AND (id <= 2009195))

table 4 : explain SELECT id FROM sbtest4 WHERE id BETWEEN 2009095 AND 2009195
	Index Only Scan using sbtest4_pkey on sbtest4  (cost=0.43..6.21 rows=89 width=4)
	  Index Cond: ((id >= 2009095) AND (id <= 2009195))

table 5 : explain SELECT id FROM sbtest5 WHERE id BETWEEN 2009095 AND 2009195
	Index Only Scan using sbtest5_pkey on sbtest5  (cost=0.43..6.32 rows=94 width=4)
	  Index Cond: ((id >= 2009095) AND (id <= 2009195))

table 6 : explain SELECT id FROM sbtest6 WHERE id BETWEEN 2009095 AND 2009195
	Index Only Scan using sbtest6_pkey on sbtest6  (cost=0.43..6.35 rows=96 width=4)
	  Index Cond: ((id >= 2009095) AND (id <= 2009195))

table 7 : explain SELECT id FROM sbtest7 WHERE id BETWEEN 2009095 AND 2009195
	Index Only Scan using sbtest7_pkey on sbtest7  (cost=0.43..6.33 rows=95 width=4)
	  Index Cond: ((id >= 2009095) AND (id <= 2009195))

table 8 : explain SELECT id FROM sbtest8 WHERE id BETWEEN 2009095 AND 2009195
	Index Only Scan using sbtest8_pkey on sbtest8  (cost=0.43..6.51 rows=104 width=4)
	  Index Cond: ((id >= 2009095) AND (id <= 2009195))

explain: for range-covered :: explain SELECT id FROM sbtest%d WHERE id BETWEEN 2009095 AND 2009195
for range-covered
table 1 : explain SELECT id FROM sbtest1 WHERE id BETWEEN 8490247 AND 8490347
	Index Only Scan using sbtest1_pkey on sbtest1  (cost=0.43..6.29 rows=93 width=4)
	  Index Cond: ((id >= 8490247) AND (id <= 8490347))

table 2 : explain SELECT id FROM sbtest2 WHERE id BETWEEN 8490247 AND 8490347
	Index Only Scan using sbtest2_pkey on sbtest2  (cost=0.43..6.35 rows=96 width=4)
	  Index Cond: ((id >= 8490247) AND (id <= 8490347))

table 3 : explain SELECT id FROM sbtest3 WHERE id BETWEEN 8490247 AND 8490347
	Index Only Scan using sbtest3_pkey on sbtest3  (cost=0.43..6.69 rows=113 width=4)
	  Index Cond: ((id >= 8490247) AND (id <= 8490347))

table 4 : explain SELECT id FROM sbtest4 WHERE id BETWEEN 8490247 AND 8490347
	Index Only Scan using sbtest4_pkey on sbtest4  (cost=0.43..6.37 rows=97 width=4)
	  Index Cond: ((id >= 8490247) AND (id <= 8490347))

table 5 : explain SELECT id FROM sbtest5 WHERE id BETWEEN 8490247 AND 8490347
	Index Only Scan using sbtest5_pkey on sbtest5  (cost=0.43..6.42 rows=99 width=4)
	  Index Cond: ((id >= 8490247) AND (id <= 8490347))

table 6 : explain SELECT id FROM sbtest6 WHERE id BETWEEN 8490247 AND 8490347
	Index Only Scan using sbtest6_pkey on sbtest6  (cost=0.43..6.13 rows=85 width=4)
	  Index Cond: ((id >= 8490247) AND (id <= 8490347))

table 7 : explain SELECT id FROM sbtest7 WHERE id BETWEEN 8490247 AND 8490347
	Index Only Scan using sbtest7_pkey on sbtest7  (cost=0.43..6.33 rows=95 width=4)
	  Index Cond: ((id >= 8490247) AND (id <= 8490347))

table 8 : explain SELECT id FROM sbtest8 WHERE id BETWEEN 8490247 AND 8490347
	Index Only Scan using sbtest8_pkey on sbtest8  (cost=0.43..6.40 rows=98 width=4)
	  Index Cond: ((id >= 8490247) AND (id <= 8490347))

for range-covered
table 1 : explain SELECT id FROM sbtest1 WHERE id BETWEEN 4351132 AND 4351232
	Index Only Scan using sbtest1_pkey on sbtest1  (cost=0.43..6.45 rows=101 width=4)
	  Index Cond: ((id >= 4351132) AND (id <= 4351232))

table 2 : explain SELECT id FROM sbtest2 WHERE id BETWEEN 4351132 AND 4351232
	Index Only Scan using sbtest2_pkey on sbtest2  (cost=0.43..6.45 rows=101 width=4)
	  Index Cond: ((id >= 4351132) AND (id <= 4351232))

table 3 : explain SELECT id FROM sbtest3 WHERE id BETWEEN 4351132 AND 4351232
	Index Only Scan using sbtest3_pkey on sbtest3  (cost=0.43..6.32 rows=94 width=4)
	  Index Cond: ((id >= 4351132) AND (id <= 4351232))

table 4 : explain SELECT id FROM sbtest4 WHERE id BETWEEN 4351132 AND 4351232
	Index Only Scan using sbtest4_pkey on sbtest4  (cost=0.43..6.37 rows=97 width=4)
	  Index Cond: ((id >= 4351132) AND (id <= 4351232))

table 5 : explain SELECT id FROM sbtest5 WHERE id BETWEEN 4351132 AND 4351232
	Index Only Scan using sbtest5_pkey on sbtest5  (cost=0.43..6.42 rows=99 width=4)
	  Index Cond: ((id >= 4351132) AND (id <= 4351232))

table 6 : explain SELECT id FROM sbtest6 WHERE id BETWEEN 4351132 AND 4351232
	Index Only Scan using sbtest6_pkey on sbtest6  (cost=0.43..6.51 rows=104 width=4)
	  Index Cond: ((id >= 4351132) AND (id <= 4351232))

table 7 : explain SELECT id FROM sbtest7 WHERE id BETWEEN 4351132 AND 4351232
	Index Only Scan using sbtest7_pkey on sbtest7  (cost=0.43..6.50 rows=103 width=4)
	  Index Cond: ((id >= 4351132) AND (id <= 4351232))

table 8 : explain SELECT id FROM sbtest8 WHERE id BETWEEN 4351132 AND 4351232
	Index Only Scan using sbtest8_pkey on sbtest8  (cost=0.43..6.21 rows=89 width=4)
	  Index Cond: ((id >= 4351132) AND (id <= 4351232))

explain: for range-covered :: explain SELECT id FROM sbtest%d WHERE id BETWEEN 8490247 AND 8490347
for range-covered
table 1 : explain SELECT id FROM sbtest1 WHERE id BETWEEN 5197702 AND 5197802
	Index Only Scan using sbtest1_pkey on sbtest1  (cost=0.43..6.45 rows=101 width=4)
	  Index Cond: ((id >= 5197702) AND (id <= 5197802))

table 2 : explain SELECT id FROM sbtest2 WHERE id BETWEEN 5197702 AND 5197802
	Index Only Scan using sbtest2_pkey on sbtest2  (cost=0.43..6.32 rows=94 width=4)
	  Index Cond: ((id >= 5197702) AND (id <= 5197802))

table 3 : explain SELECT id FROM sbtest3 WHERE id BETWEEN 5197702 AND 5197802
	Index Only Scan using sbtest3_pkey on sbtest3  (cost=0.43..6.47 rows=102 width=4)
	  Index Cond: ((id >= 5197702) AND (id <= 5197802))

table 4 : explain SELECT id FROM sbtest4 WHERE id BETWEEN 5197702 AND 5197802
	Index Only Scan using sbtest4_pkey on sbtest4  (cost=0.43..6.75 rows=116 width=4)
	  Index Cond: ((id >= 5197702) AND (id <= 5197802))

table 5 : explain SELECT id FROM sbtest5 WHERE id BETWEEN 5197702 AND 5197802
	Index Only Scan using sbtest5_pkey on sbtest5  (cost=0.43..6.45 rows=101 width=4)
	  Index Cond: ((id >= 5197702) AND (id <= 5197802))

table 6 : explain SELECT id FROM sbtest6 WHERE id BETWEEN 5197702 AND 5197802
	Index Only Scan using sbtest6_pkey on sbtest6  (cost=0.43..6.42 rows=99 width=4)
	  Index Cond: ((id >= 5197702) AND (id <= 5197802))

table 7 : explain SELECT id FROM sbtest7 WHERE id BETWEEN 5197702 AND 5197802
	Index Only Scan using sbtest7_pkey on sbtest7  (cost=0.43..6.59 rows=108 width=4)
	  Index Cond: ((id >= 5197702) AND (id <= 5197802))

table 8 : explain SELECT id FROM sbtest8 WHERE id BETWEEN 5197702 AND 5197802
	Index Only Scan using sbtest8_pkey on sbtest8  (cost=0.43..6.21 rows=89 width=4)
	  Index Cond: ((id >= 5197702) AND (id <= 5197802))

explain: for range-covered :: explain SELECT id FROM sbtest%d WHERE id BETWEEN 5197702 AND 5197802
for range-covered
table 1 : explain SELECT id FROM sbtest1 WHERE id BETWEEN 3927900 AND 3928000
	Index Only Scan using sbtest1_pkey on sbtest1  (cost=0.43..6.40 rows=98 width=4)
	  Index Cond: ((id >= 3927900) AND (id <= 3928000))

table 2 : explain SELECT id FROM sbtest2 WHERE id BETWEEN 3927900 AND 3928000
	Index Only Scan using sbtest2_pkey on sbtest2  (cost=0.43..6.43 rows=100 width=4)
	  Index Cond: ((id >= 3927900) AND (id <= 3928000))

table 3 : explain SELECT id FROM sbtest3 WHERE id BETWEEN 3927900 AND 3928000
	Index Only Scan using sbtest3_pkey on sbtest3  (cost=0.43..6.67 rows=112 width=4)
	  Index Cond: ((id >= 3927900) AND (id <= 3928000))

table 4 : explain SELECT id FROM sbtest4 WHERE id BETWEEN 3927900 AND 3928000
	Index Only Scan using sbtest4_pkey on sbtest4  (cost=0.43..6.25 rows=91 width=4)
	  Index Cond: ((id >= 3927900) AND (id <= 3928000))

table 5 : explain SELECT id FROM sbtest5 WHERE id BETWEEN 3927900 AND 3928000
	Index Only Scan using sbtest5_pkey on sbtest5  (cost=0.43..6.53 rows=105 width=4)
	  Index Cond: ((id >= 3927900) AND (id <= 3928000))

table 6 : explain SELECT id FROM sbtest6 WHERE id BETWEEN 3927900 AND 3928000
	Index Only Scan using sbtest6_pkey on sbtest6  (cost=0.43..6.56 rows=106 width=4)
	  Index Cond: ((id >= 3927900) AND (id <= 3928000))

table 7 : explain SELECT id FROM sbtest7 WHERE id BETWEEN 3927900 AND 3928000
	Index Only Scan using sbtest7_pkey on sbtest7  (cost=0.43..6.45 rows=101 width=4)
	  Index Cond: ((id >= 3927900) AND (id <= 3928000))

table 8 : explain SELECT id FROM sbtest8 WHERE id BETWEEN 3927900 AND 3928000
	Index Only Scan using sbtest8_pkey on sbtest8  (cost=0.43..6.47 rows=102 width=4)
	  Index Cond: ((id >= 3927900) AND (id <= 3928000))

explain: for range-covered :: explain SELECT id FROM sbtest%d WHERE id BETWEEN 3927900 AND 3928000
for range-covered
table 1 : explain SELECT id FROM sbtest1 WHERE id BETWEEN 3889993 AND 3890093
	Index Only Scan using sbtest1_pkey on sbtest1  (cost=0.43..6.40 rows=98 width=4)
	  Index Cond: ((id >= 3889993) AND (id <= 3890093))

table 2 : explain SELECT id FROM sbtest2 WHERE id BETWEEN 3889993 AND 3890093
	Index Only Scan using sbtest2_pkey on sbtest2  (cost=0.43..6.58 rows=107 width=4)
	  Index Cond: ((id >= 3889993) AND (id <= 3890093))

table 3 : explain SELECT id FROM sbtest3 WHERE id BETWEEN 3889993 AND 3890093
	Index Only Scan using sbtest3_pkey on sbtest3  (cost=0.43..6.67 rows=112 width=4)
	  Index Cond: ((id >= 3889993) AND (id <= 3890093))

table 4 : explain SELECT id FROM sbtest4 WHERE id BETWEEN 3889993 AND 3890093
	Index Only Scan using sbtest4_pkey on sbtest4  (cost=0.43..6.25 rows=91 width=4)
	  Index Cond: ((id >= 3889993) AND (id <= 3890093))

table 5 : explain SELECT id FROM sbtest5 WHERE id BETWEEN 3889993 AND 3890093
	Index Only Scan using sbtest5_pkey on sbtest5  (cost=0.43..6.53 rows=105 width=4)
	  Index Cond: ((id >= 3889993) AND (id <= 3890093))

table 6 : explain SELECT id FROM sbtest6 WHERE id BETWEEN 3889993 AND 3890093
	Index Only Scan using sbtest6_pkey on sbtest6  (cost=0.43..6.56 rows=106 width=4)
	  Index Cond: ((id >= 3889993) AND (id <= 3890093))

table 7 : explain SELECT id FROM sbtest7 WHERE id BETWEEN 3889993 AND 3890093
	Index Only Scan using sbtest7_pkey on sbtest7  (cost=0.43..6.40 rows=98 width=4)
	  Index Cond: ((id >= 3889993) AND (id <= 3890093))

table 8 : explain SELECT id FROM sbtest8 WHERE id BETWEEN 3889993 AND 3890093
	Index Only Scan using sbtest8_pkey on sbtest8  (cost=0.43..6.58 rows=107 width=4)
	  Index Cond: ((id >= 3889993) AND (id <= 3890093))

for range-covered
table 1 : explain SELECT id FROM sbtest1 WHERE id BETWEEN 2009095 AND 2009195
	Index Only Scan using sbtest1_pkey on sbtest1  (cost=0.43..6.51 rows=104 width=4)
	  Index Cond: ((id >= 2009095) AND (id <= 2009195))

table 2 : explain SELECT id FROM sbtest2 WHERE id BETWEEN 2009095 AND 2009195
	Index Only Scan using sbtest2_pkey on sbtest2  (cost=0.43..6.35 rows=96 width=4)
	  Index Cond: ((id >= 2009095) AND (id <= 2009195))

table 3 : explain SELECT id FROM sbtest3 WHERE id BETWEEN 2009095 AND 2009195
	Index Only Scan using sbtest3_pkey on sbtest3  (cost=0.43..6.53 rows=105 width=4)
	  Index Cond: ((id >= 2009095) AND (id <= 2009195))

table 4 : explain SELECT id FROM sbtest4 WHERE id BETWEEN 2009095 AND 2009195
	Index Only Scan using sbtest4_pkey on sbtest4  (cost=0.43..6.21 rows=89 width=4)
	  Index Cond: ((id >= 2009095) AND (id <= 2009195))

table 5 : explain SELECT id FROM sbtest5 WHERE id BETWEEN 2009095 AND 2009195
	Index Only Scan using sbtest5_pkey on sbtest5  (cost=0.43..6.32 rows=94 width=4)
	  Index Cond: ((id >= 2009095) AND (id <= 2009195))

table 6 : explain SELECT id FROM sbtest6 WHERE id BETWEEN 2009095 AND 2009195
	Index Only Scan using sbtest6_pkey on sbtest6  (cost=0.43..6.35 rows=96 width=4)
	  Index Cond: ((id >= 2009095) AND (id <= 2009195))

table 7 : explain SELECT id FROM sbtest7 WHERE id BETWEEN 2009095 AND 2009195
	Index Only Scan using sbtest7_pkey on sbtest7  (cost=0.43..6.33 rows=95 width=4)
	  Index Cond: ((id >= 2009095) AND (id <= 2009195))

table 8 : explain SELECT id FROM sbtest8 WHERE id BETWEEN 2009095 AND 2009195
	Index Only Scan using sbtest8_pkey on sbtest8  (cost=0.43..6.51 rows=104 width=4)
	  Index Cond: ((id >= 2009095) AND (id <= 2009195))
explain: for range-covered :: explain SELECT id FROM sbtest%d WHERE id BETWEEN 3889993 AND 3890093

explain: for range-covered :: explain SELECT id FROM sbtest%d WHERE id BETWEEN 2009095 AND 2009195
for range-covered
table 1 : explain SELECT id FROM sbtest1 WHERE id BETWEEN 8490247 AND 8490347
	Index Only Scan using sbtest1_pkey on sbtest1  (cost=0.43..6.29 rows=93 width=4)
	  Index Cond: ((id >= 8490247) AND (id <= 8490347))

table 2 : explain SELECT id FROM sbtest2 WHERE id BETWEEN 8490247 AND 8490347
	Index Only Scan using sbtest2_pkey on sbtest2  (cost=0.43..6.35 rows=96 width=4)
	  Index Cond: ((id >= 8490247) AND (id <= 8490347))

table 3 : explain SELECT id FROM sbtest3 WHERE id BETWEEN 8490247 AND 8490347
	Index Only Scan using sbtest3_pkey on sbtest3  (cost=0.43..6.69 rows=113 width=4)
	  Index Cond: ((id >= 8490247) AND (id <= 8490347))

table 4 : explain SELECT id FROM sbtest4 WHERE id BETWEEN 8490247 AND 8490347
	Index Only Scan using sbtest4_pkey on sbtest4  (cost=0.43..6.37 rows=97 width=4)
	  Index Cond: ((id >= 8490247) AND (id <= 8490347))

table 5 : explain SELECT id FROM sbtest5 WHERE id BETWEEN 8490247 AND 8490347
	Index Only Scan using sbtest5_pkey on sbtest5  (cost=0.43..6.42 rows=99 width=4)
	  Index Cond: ((id >= 8490247) AND (id <= 8490347))

table 6 : explain SELECT id FROM sbtest6 WHERE id BETWEEN 8490247 AND 8490347
	Index Only Scan using sbtest6_pkey on sbtest6  (cost=0.43..6.13 rows=85 width=4)
	  Index Cond: ((id >= 8490247) AND (id <= 8490347))

table 7 : explain SELECT id FROM sbtest7 WHERE id BETWEEN 8490247 AND 8490347
	Index Only Scan using sbtest7_pkey on sbtest7  (cost=0.43..6.33 rows=95 width=4)
	  Index Cond: ((id >= 8490247) AND (id <= 8490347))

table 8 : explain SELECT id FROM sbtest8 WHERE id BETWEEN 8490247 AND 8490347
	Index Only Scan using sbtest8_pkey on sbtest8  (cost=0.43..6.40 rows=98 width=4)
	  Index Cond: ((id >= 8490247) AND (id <= 8490347))

explain: for range-covered :: explain SELECT id FROM sbtest%d WHERE id BETWEEN 8490247 AND 8490347
for range-covered
table 1 : explain SELECT id FROM sbtest1 WHERE id BETWEEN 5197702 AND 5197802
	Index Only Scan using sbtest1_pkey on sbtest1  (cost=0.43..6.45 rows=101 width=4)
	  Index Cond: ((id >= 5197702) AND (id <= 5197802))

table 2 : explain SELECT id FROM sbtest2 WHERE id BETWEEN 5197702 AND 5197802
	Index Only Scan using sbtest2_pkey on sbtest2  (cost=0.43..6.32 rows=94 width=4)
	  Index Cond: ((id >= 5197702) AND (id <= 5197802))

table 3 : explain SELECT id FROM sbtest3 WHERE id BETWEEN 5197702 AND 5197802
	Index Only Scan using sbtest3_pkey on sbtest3  (cost=0.43..6.47 rows=102 width=4)
	  Index Cond: ((id >= 5197702) AND (id <= 5197802))

table 4 : explain SELECT id FROM sbtest4 WHERE id BETWEEN 5197702 AND 5197802
	Index Only Scan using sbtest4_pkey on sbtest4  (cost=0.43..6.75 rows=116 width=4)
	  Index Cond: ((id >= 5197702) AND (id <= 5197802))

table 5 : explain SELECT id FROM sbtest5 WHERE id BETWEEN 5197702 AND 5197802
	Index Only Scan using sbtest5_pkey on sbtest5  (cost=0.43..6.45 rows=101 width=4)
	  Index Cond: ((id >= 5197702) AND (id <= 5197802))

table 6 : explain SELECT id FROM sbtest6 WHERE id BETWEEN 5197702 AND 5197802
	Index Only Scan using sbtest6_pkey on sbtest6  (cost=0.43..6.42 rows=99 width=4)
	  Index Cond: ((id >= 5197702) AND (id <= 5197802))

table 7 : explain SELECT id FROM sbtest7 WHERE id BETWEEN 5197702 AND 5197802
	Index Only Scan using sbtest7_pkey on sbtest7  (cost=0.43..6.59 rows=108 width=4)
	  Index Cond: ((id >= 5197702) AND (id <= 5197802))

table 8 : explain SELECT id FROM sbtest8 WHERE id BETWEEN 5197702 AND 5197802
	Index Only Scan using sbtest8_pkey on sbtest8  (cost=0.43..6.21 rows=89 width=4)
	  Index Cond: ((id >= 5197702) AND (id <= 5197802))

explain: for range-covered :: explain SELECT id FROM sbtest%d WHERE id BETWEEN 5197702 AND 5197802
for range-covered
table 1 : explain SELECT id FROM sbtest1 WHERE id BETWEEN 4773701 AND 4773801
	Index Only Scan using sbtest1_pkey on sbtest1  (cost=0.43..6.56 rows=106 width=4)
	  Index Cond: ((id >= 4773701) AND (id <= 4773801))

table 2 : explain SELECT id FROM sbtest2 WHERE id BETWEEN 4773701 AND 4773801
	Index Only Scan using sbtest2_pkey on sbtest2  (cost=0.43..6.58 rows=107 width=4)
	  Index Cond: ((id >= 4773701) AND (id <= 4773801))

table 3 : explain SELECT id FROM sbtest3 WHERE id BETWEEN 4773701 AND 4773801
	Index Only Scan using sbtest3_pkey on sbtest3  (cost=0.43..6.58 rows=107 width=4)
	  Index Cond: ((id >= 4773701) AND (id <= 4773801))

table 4 : explain SELECT id FROM sbtest4 WHERE id BETWEEN 4773701 AND 4773801
	Index Only Scan using sbtest4_pkey on sbtest4  (cost=0.43..6.43 rows=100 width=4)
	  Index Cond: ((id >= 4773701) AND (id <= 4773801))

table 5 : explain SELECT id FROM sbtest5 WHERE id BETWEEN 4773701 AND 4773801
	Index Only Scan using sbtest5_pkey on sbtest5  (cost=0.43..6.45 rows=101 width=4)
	  Index Cond: ((id >= 4773701) AND (id <= 4773801))

table 6 : explain SELECT id FROM sbtest6 WHERE id BETWEEN 4773701 AND 4773801
	Index Only Scan using sbtest6_pkey on sbtest6  (cost=0.43..6.33 rows=95 width=4)
	  Index Cond: ((id >= 4773701) AND (id <= 4773801))

table 7 : explain SELECT id FROM sbtest7 WHERE id BETWEEN 4773701 AND 4773801
	Index Only Scan using sbtest7_pkey on sbtest7  (cost=0.43..6.37 rows=97 width=4)
	  Index Cond: ((id >= 4773701) AND (id <= 4773801))

table 8 : explain SELECT id FROM sbtest8 WHERE id BETWEEN 4773701 AND 4773801
	Index Only Scan using sbtest8_pkey on sbtest8  (cost=0.43..6.32 rows=94 width=4)
	  Index Cond: ((id >= 4773701) AND (id <= 4773801))

for range-covered
table 1 : explain SELECT id FROM sbtest1 WHERE id BETWEEN 2009095 AND 2009195
	Index Only Scan using sbtest1_pkey on sbtest1  (cost=0.43..6.51 rows=104 width=4)
	  Index Cond: ((id >= 2009095) AND (id <= 2009195))

table 2 : explain SELECT id FROM sbtest2 WHERE id BETWEEN 2009095 AND 2009195
	Index Only Scan using sbtest2_pkey on sbtest2  (cost=0.43..6.35 rows=96 width=4)
	  Index Cond: ((id >= 2009095) AND (id <= 2009195))

table 3 : explain SELECT id FROM sbtest3 WHERE id BETWEEN 2009095 AND 2009195
	Index Only Scan using sbtest3_pkey on sbtest3  (cost=0.43..6.53 rows=105 width=4)
	  Index Cond: ((id >= 2009095) AND (id <= 2009195))

table 4 : explain SELECT id FROM sbtest4 WHERE id BETWEEN 2009095 AND 2009195
	Index Only Scan using sbtest4_pkey on sbtest4  (cost=0.43..6.21 rows=89 width=4)
	  Index Cond: ((id >= 2009095) AND (id <= 2009195))

table 5 : explain SELECT id FROM sbtest5 WHERE id BETWEEN 2009095 AND 2009195
	Index Only Scan using sbtest5_pkey on sbtest5  (cost=0.43..6.32 rows=94 width=4)
	  Index Cond: ((id >= 2009095) AND (id <= 2009195))

table 6 : explain SELECT id FROM sbtest6 WHERE id BETWEEN 2009095 AND 2009195
	Index Only Scan using sbtest6_pkey on sbtest6  (cost=0.43..6.35 rows=96 width=4)
	  Index Cond: ((id >= 2009095) AND (id <= 2009195))

table 7 : explain SELECT id FROM sbtest7 WHERE id BETWEEN 2009095 AND 2009195
	Index Only Scan using sbtest7_pkey on sbtest7  (cost=0.43..6.33 rows=95 width=4)
	  Index Cond: ((id >= 2009095) AND (id <= 2009195))

table 8 : explain SELECT id FROM sbtest8 WHERE id BETWEEN 2009095 AND 2009195
	Index Only Scan using sbtest8_pkey on sbtest8  (cost=0.43..6.51 rows=104 width=4)
	  Index Cond: ((id >= 2009095) AND (id <= 2009195))

for range-covered
table 1 : explain SELECT id FROM sbtest1 WHERE id BETWEEN 4029672 AND 4029772
	Index Only Scan using sbtest1_pkey on sbtest1  (cost=0.43..6.51 rows=104 width=4)
	  Index Cond: ((id >= 4029672) AND (id <= 4029772))

table 2 : explain SELECT id FROM sbtest2 WHERE id BETWEEN 4029672 AND 4029772
	Index Only Scan using sbtest2_pkey on sbtest2  (cost=0.43..6.43 rows=100 width=4)
	  Index Cond: ((id >= 4029672) AND (id <= 4029772))

table 3 : explain SELECT id FROM sbtest3 WHERE id BETWEEN 4029672 AND 4029772
	Index Only Scan using sbtest3_pkey on sbtest3  (cost=0.43..6.19 rows=88 width=4)
	  Index Cond: ((id >= 4029672) AND (id <= 4029772))

table 4 : explain SELECT id FROM sbtest4 WHERE id BETWEEN 4029672 AND 4029772
	Index Only Scan using sbtest4_pkey on sbtest4  (cost=0.43..6.45 rows=101 width=4)
	  Index Cond: ((id >= 4029672) AND (id <= 4029772))

table 5 : explain SELECT id FROM sbtest5 WHERE id BETWEEN 4029672 AND 4029772
	Index Only Scan using sbtest5_pkey on sbtest5  (cost=0.43..6.58 rows=107 width=4)
	  Index Cond: ((id >= 4029672) AND (id <= 4029772))

table 6 : explain SELECT id FROM sbtest6 WHERE id BETWEEN 4029672 AND 4029772
	Index Only Scan using sbtest6_pkey on sbtest6  (cost=0.43..6.45 rows=101 width=4)
	  Index Cond: ((id >= 4029672) AND (id <= 4029772))

table 7 : explain SELECT id FROM sbtest7 WHERE id BETWEEN 4029672 AND 4029772
	Index Only Scan using sbtest7_pkey on sbtest7  (cost=0.43..6.47 rows=102 width=4)
	  Index Cond: ((id >= 4029672) AND (id <= 4029772))

table 8 : explain SELECT id FROM sbtest8 WHERE id BETWEEN 4029672 AND 4029772
	Index Only Scan using sbtest8_pkey on sbtest8  (cost=0.43..6.45 rows=101 width=4)
	  Index Cond: ((id >= 4029672) AND (id <= 4029772))

for range-covered
table 1 : explain SELECT id FROM sbtest1 WHERE id BETWEEN 8490247 AND 8490347
	Index Only Scan using sbtest1_pkey on sbtest1  (cost=0.43..6.29 rows=93 width=4)
	  Index Cond: ((id >= 8490247) AND (id <= 8490347))

table 2 : explain SELECT id FROM sbtest2 WHERE id BETWEEN 8490247 AND 8490347
	Index Only Scan using sbtest2_pkey on sbtest2  (cost=0.43..6.35 rows=96 width=4)
	  Index Cond: ((id >= 8490247) AND (id <= 8490347))

table 3 : explain SELECT id FROM sbtest3 WHERE id BETWEEN 8490247 AND 8490347
	Index Only Scan using sbtest3_pkey on sbtest3  (cost=0.43..6.69 rows=113 width=4)
	  Index Cond: ((id >= 8490247) AND (id <= 8490347))

table 4 : explain SELECT id FROM sbtest4 WHERE id BETWEEN 8490247 AND 8490347
	Index Only Scan using sbtest4_pkey on sbtest4  (cost=0.43..6.37 rows=97 width=4)
	  Index Cond: ((id >= 8490247) AND (id <= 8490347))

table 5 : explain SELECT id FROM sbtest5 WHERE id BETWEEN 8490247 AND 8490347
	Index Only Scan using sbtest5_pkey on sbtest5  (cost=0.43..6.42 rows=99 width=4)
	  Index Cond: ((id >= 8490247) AND (id <= 8490347))

table 6 : explain SELECT id FROM sbtest6 WHERE id BETWEEN 8490247 AND 8490347
	Index Only Scan using sbtest6_pkey on sbtest6  (cost=0.43..6.13 rows=85 width=4)
	  Index Cond: ((id >= 8490247) AND (id <= 8490347))

table 7 : explain SELECT id FROM sbtest7 WHERE id BETWEEN 8490247 AND 8490347
	Index Only Scan using sbtest7_pkey on sbtest7  (cost=0.43..6.33 rows=95 width=4)
	  Index Cond: ((id >= 8490247) AND (id <= 8490347))

table 8 : explain SELECT id FROM sbtest8 WHERE id BETWEEN 8490247 AND 8490347
	Index Only Scan using sbtest8_pkey on sbtest8  (cost=0.43..6.40 rows=98 width=4)
	  Index Cond: ((id >= 8490247) AND (id <= 8490347))

explain: for range-covered :: explain SELECT id FROM sbtest%d WHERE id BETWEEN 8490247 AND 8490347
for range-covered
table 1 : explain SELECT id FROM sbtest1 WHERE id BETWEEN 5197702 AND 5197802
	Index Only Scan using sbtest1_pkey on sbtest1  (cost=0.43..6.45 rows=101 width=4)
	  Index Cond: ((id >= 5197702) AND (id <= 5197802))

table 2 : explain SELECT id FROM sbtest2 WHERE id BETWEEN 5197702 AND 5197802
	Index Only Scan using sbtest2_pkey on sbtest2  (cost=0.43..6.32 rows=94 width=4)
	  Index Cond: ((id >= 5197702) AND (id <= 5197802))

table 3 : explain SELECT id FROM sbtest3 WHERE id BETWEEN 5197702 AND 5197802
	Index Only Scan using sbtest3_pkey on sbtest3  (cost=0.43..6.47 rows=102 width=4)
	  Index Cond: ((id >= 5197702) AND (id <= 5197802))

table 4 : explain SELECT id FROM sbtest4 WHERE id BETWEEN 5197702 AND 5197802
	Index Only Scan using sbtest4_pkey on sbtest4  (cost=0.43..6.75 rows=116 width=4)
	  Index Cond: ((id >= 5197702) AND (id <= 5197802))

table 5 : explain SELECT id FROM sbtest5 WHERE id BETWEEN 5197702 AND 5197802
	Index Only Scan using sbtest5_pkey on sbtest5  (cost=0.43..6.45 rows=101 width=4)
	  Index Cond: ((id >= 5197702) AND (id <= 5197802))

table 6 : explain SELECT id FROM sbtest6 WHERE id BETWEEN 5197702 AND 5197802
	Index Only Scan using sbtest6_pkey on sbtest6  (cost=0.43..6.42 rows=99 width=4)
	  Index Cond: ((id >= 5197702) AND (id <= 5197802))

table 7 : explain SELECT id FROM sbtest7 WHERE id BETWEEN 5197702 AND 5197802
	Index Only Scan using sbtest7_pkey on sbtest7  (cost=0.43..6.59 rows=108 width=4)
	  Index Cond: ((id >= 5197702) AND (id <= 5197802))

table 8 : explain SELECT id FROM sbtest8 WHERE id BETWEEN 5197702 AND 5197802
	Index Only Scan using sbtest8_pkey on sbtest8  (cost=0.43..6.21 rows=89 width=4)
	  Index Cond: ((id >= 5197702) AND (id <= 5197802))

explain: for range-covered :: explain SELECT id FROM sbtest%d WHERE id BETWEEN 4029672 AND 4029772
explain: for range-covered :: explain SELECT id FROM sbtest%d WHERE id BETWEEN 5197702 AND 5197802
for range-covered
table 1 : explain SELECT id FROM sbtest1 WHERE id BETWEEN 3927900 AND 3928000
	Index Only Scan using sbtest1_pkey on sbtest1  (cost=0.43..6.40 rows=98 width=4)
	  Index Cond: ((id >= 3927900) AND (id <= 3928000))

table 2 : explain SELECT id FROM sbtest2 WHERE id BETWEEN 3927900 AND 3928000
	Index Only Scan using sbtest2_pkey on sbtest2  (cost=0.43..6.43 rows=100 width=4)
	  Index Cond: ((id >= 3927900) AND (id <= 3928000))

table 3 : explain SELECT id FROM sbtest3 WHERE id BETWEEN 3927900 AND 3928000
	Index Only Scan using sbtest3_pkey on sbtest3  (cost=0.43..6.67 rows=112 width=4)
	  Index Cond: ((id >= 3927900) AND (id <= 3928000))

table 4 : explain SELECT id FROM sbtest4 WHERE id BETWEEN 3927900 AND 3928000
	Index Only Scan using sbtest4_pkey on sbtest4  (cost=0.43..6.25 rows=91 width=4)
	  Index Cond: ((id >= 3927900) AND (id <= 3928000))

table 5 : explain SELECT id FROM sbtest5 WHERE id BETWEEN 3927900 AND 3928000
	Index Only Scan using sbtest5_pkey on sbtest5  (cost=0.43..6.53 rows=105 width=4)
	  Index Cond: ((id >= 3927900) AND (id <= 3928000))

table 6 : explain SELECT id FROM sbtest6 WHERE id BETWEEN 3927900 AND 3928000
	Index Only Scan using sbtest6_pkey on sbtest6  (cost=0.43..6.56 rows=106 width=4)
	  Index Cond: ((id >= 3927900) AND (id <= 3928000))

table 7 : explain SELECT id FROM sbtest7 WHERE id BETWEEN 3927900 AND 3928000
	Index Only Scan using sbtest7_pkey on sbtest7  (cost=0.43..6.45 rows=101 width=4)
	  Index Cond: ((id >= 3927900) AND (id <= 3928000))

table 8 : explain SELECT id FROM sbtest8 WHERE id BETWEEN 3927900 AND 3928000
	Index Only Scan using sbtest8_pkey on sbtest8  (cost=0.43..6.47 rows=102 width=4)
	  Index Cond: ((id >= 3927900) AND (id <= 3928000))

for range-covered
table 1 : explain SELECT id FROM sbtest1 WHERE id BETWEEN 4452593 AND 4452693
	Index Only Scan using sbtest1_pkey on sbtest1  (cost=0.43..6.40 rows=98 width=4)
	  Index Cond: ((id >= 4452593) AND (id <= 4452693))

table 2 : explain SELECT id FROM sbtest2 WHERE id BETWEEN 4452593 AND 4452693
	Index Only Scan using sbtest2_pkey on sbtest2  (cost=0.43..6.40 rows=98 width=4)
	  Index Cond: ((id >= 4452593) AND (id <= 4452693))

table 3 : explain SELECT id FROM sbtest3 WHERE id BETWEEN 4452593 AND 4452693
	Index Only Scan using sbtest3_pkey on sbtest3  (cost=0.43..6.45 rows=101 width=4)
	  Index Cond: ((id >= 4452593) AND (id <= 4452693))

table 4 : explain SELECT id FROM sbtest4 WHERE id BETWEEN 4452593 AND 4452693
	Index Only Scan using sbtest4_pkey on sbtest4  (cost=0.43..6.58 rows=107 width=4)
	  Index Cond: ((id >= 4452593) AND (id <= 4452693))

table 5 : explain SELECT id FROM sbtest5 WHERE id BETWEEN 4452593 AND 4452693
	Index Only Scan using sbtest5_pkey on sbtest5  (cost=0.43..6.40 rows=98 width=4)
	  Index Cond: ((id >= 4452593) AND (id <= 4452693))

table 6 : explain SELECT id FROM sbtest6 WHERE id BETWEEN 4452593 AND 4452693
	Index Only Scan using sbtest6_pkey on sbtest6  (cost=0.43..6.42 rows=99 width=4)
	  Index Cond: ((id >= 4452593) AND (id <= 4452693))

table 7 : explain SELECT id FROM sbtest7 WHERE id BETWEEN 4452593 AND 4452693
	Index Only Scan using sbtest7_pkey on sbtest7  (cost=0.43..6.45 rows=101 width=4)
	  Index Cond: ((id >= 4452593) AND (id <= 4452693))

table 8 : explain SELECT id FROM sbtest8 WHERE id BETWEEN 4452593 AND 4452693
	Index Only Scan using sbtest8_pkey on sbtest8  (cost=0.43..6.47 rows=102 width=4)
	  Index Cond: ((id >= 4452593) AND (id <= 4452693))

for range-covered
table 1 : explain SELECT id FROM sbtest1 WHERE id BETWEEN 4075270 AND 4075370
	Index Only Scan using sbtest1_pkey on sbtest1  (cost=0.43..6.45 rows=101 width=4)
	  Index Cond: ((id >= 4075270) AND (id <= 4075370))

table 2 : explain SELECT id FROM sbtest2 WHERE id BETWEEN 4075270 AND 4075370
	Index Only Scan using sbtest2_pkey on sbtest2  (cost=0.43..6.43 rows=100 width=4)
	  Index Cond: ((id >= 4075270) AND (id <= 4075370))

table 3 : explain SELECT id FROM sbtest3 WHERE id BETWEEN 4075270 AND 4075370
	Index Only Scan using sbtest3_pkey on sbtest3  (cost=0.43..6.19 rows=88 width=4)
	  Index Cond: ((id >= 4075270) AND (id <= 4075370))

table 4 : explain SELECT id FROM sbtest4 WHERE id BETWEEN 4075270 AND 4075370
	Index Only Scan using sbtest4_pkey on sbtest4  (cost=0.43..6.37 rows=97 width=4)
	  Index Cond: ((id >= 4075270) AND (id <= 4075370))

table 5 : explain SELECT id FROM sbtest5 WHERE id BETWEEN 4075270 AND 4075370
	Index Only Scan using sbtest5_pkey on sbtest5  (cost=0.43..6.45 rows=101 width=4)
	  Index Cond: ((id >= 4075270) AND (id <= 4075370))

table 6 : explain SELECT id FROM sbtest6 WHERE id BETWEEN 4075270 AND 4075370
	Index Only Scan using sbtest6_pkey on sbtest6  (cost=0.43..6.66 rows=111 width=4)
	  Index Cond: ((id >= 4075270) AND (id <= 4075370))

table 7 : explain SELECT id FROM sbtest7 WHERE id BETWEEN 4075270 AND 4075370
	Index Only Scan using sbtest7_pkey on sbtest7  (cost=0.43..6.47 rows=102 width=4)
	  Index Cond: ((id >= 4075270) AND (id <= 4075370))

table 8 : explain SELECT id FROM sbtest8 WHERE id BETWEEN 4075270 AND 4075370
	Index Only Scan using sbtest8_pkey on sbtest8  (cost=0.43..6.45 rows=101 width=4)
	  Index Cond: ((id >= 4075270) AND (id <= 4075370))

explain: for range-covered :: explain SELECT id FROM sbtest%d WHERE id BETWEEN 3927900 AND 3928000
explain: for range-covered :: explain SELECT id FROM sbtest%d WHERE id BETWEEN 4075270 AND 4075370
for range-covered
table 1 : explain SELECT id FROM sbtest1 WHERE id BETWEEN 3889993 AND 3890093
	Index Only Scan using sbtest1_pkey on sbtest1  (cost=0.43..6.40 rows=98 width=4)
	  Index Cond: ((id >= 3889993) AND (id <= 3890093))

table 2 : explain SELECT id FROM sbtest2 WHERE id BETWEEN 3889993 AND 3890093
	Index Only Scan using sbtest2_pkey on sbtest2  (cost=0.43..6.58 rows=107 width=4)
	  Index Cond: ((id >= 3889993) AND (id <= 3890093))

table 3 : explain SELECT id FROM sbtest3 WHERE id BETWEEN 3889993 AND 3890093
	Index Only Scan using sbtest3_pkey on sbtest3  (cost=0.43..6.67 rows=112 width=4)
	  Index Cond: ((id >= 3889993) AND (id <= 3890093))

table 4 : explain SELECT id FROM sbtest4 WHERE id BETWEEN 3889993 AND 3890093
	Index Only Scan using sbtest4_pkey on sbtest4  (cost=0.43..6.25 rows=91 width=4)
	  Index Cond: ((id >= 3889993) AND (id <= 3890093))

table 5 : explain SELECT id FROM sbtest5 WHERE id BETWEEN 3889993 AND 3890093
	Index Only Scan using sbtest5_pkey on sbtest5  (cost=0.43..6.53 rows=105 width=4)
	  Index Cond: ((id >= 3889993) AND (id <= 3890093))

table 6 : explain SELECT id FROM sbtest6 WHERE id BETWEEN 3889993 AND 3890093
	Index Only Scan using sbtest6_pkey on sbtest6  (cost=0.43..6.56 rows=106 width=4)
	  Index Cond: ((id >= 3889993) AND (id <= 3890093))

table 7 : explain SELECT id FROM sbtest7 WHERE id BETWEEN 3889993 AND 3890093
	Index Only Scan using sbtest7_pkey on sbtest7  (cost=0.43..6.40 rows=98 width=4)
	  Index Cond: ((id >= 3889993) AND (id <= 3890093))

table 8 : explain SELECT id FROM sbtest8 WHERE id BETWEEN 3889993 AND 3890093
	Index Only Scan using sbtest8_pkey on sbtest8  (cost=0.43..6.58 rows=107 width=4)
	  Index Cond: ((id >= 3889993) AND (id <= 3890093))

for range-covered
table 1 : explain SELECT id FROM sbtest1 WHERE id BETWEEN 2807472 AND 2807572
	Index Only Scan using sbtest1_pkey on sbtest1  (cost=0.43..6.29 rows=93 width=4)
	  Index Cond: ((id >= 2807472) AND (id <= 2807572))

table 2 : explain SELECT id FROM sbtest2 WHERE id BETWEEN 2807472 AND 2807572
	Index Only Scan using sbtest2_pkey on sbtest2  (cost=0.43..6.37 rows=97 width=4)
	  Index Cond: ((id >= 2807472) AND (id <= 2807572))

table 3 : explain SELECT id FROM sbtest3 WHERE id BETWEEN 2807472 AND 2807572
	Index Only Scan using sbtest3_pkey on sbtest3  (cost=0.43..6.33 rows=95 width=4)
	  Index Cond: ((id >= 2807472) AND (id <= 2807572))

table 4 : explain SELECT id FROM sbtest4 WHERE id BETWEEN 2807472 AND 2807572
	Index Only Scan using sbtest4_pkey on sbtest4  (cost=0.43..6.56 rows=106 width=4)
	  Index Cond: ((id >= 2807472) AND (id <= 2807572))

table 5 : explain SELECT id FROM sbtest5 WHERE id BETWEEN 2807472 AND 2807572
	Index Only Scan using sbtest5_pkey on sbtest5  (cost=0.43..6.50 rows=103 width=4)
	  Index Cond: ((id >= 2807472) AND (id <= 2807572))

table 6 : explain SELECT id FROM sbtest6 WHERE id BETWEEN 2807472 AND 2807572
	Index Only Scan using sbtest6_pkey on sbtest6  (cost=0.43..6.61 rows=109 width=4)
	  Index Cond: ((id >= 2807472) AND (id <= 2807572))

table 7 : explain SELECT id FROM sbtest7 WHERE id BETWEEN 2807472 AND 2807572
	Index Only Scan using sbtest7_pkey on sbtest7  (cost=0.43..6.40 rows=98 width=4)
	  Index Cond: ((id >= 2807472) AND (id <= 2807572))

table 8 : explain SELECT id FROM sbtest8 WHERE id BETWEEN 2807472 AND 2807572
	Index Only Scan using sbtest8_pkey on sbtest8  (cost=0.43..6.29 rows=93 width=4)
	  Index Cond: ((id >= 2807472) AND (id <= 2807572))

explain: for range-covered :: explain SELECT id FROM sbtest%d WHERE id BETWEEN 1695515 AND 1695615
for range-covered
table 1 : explain SELECT id FROM sbtest1 WHERE id BETWEEN 8490247 AND 8490347
	Index Only Scan using sbtest1_pkey on sbtest1  (cost=0.43..6.29 rows=93 width=4)
	  Index Cond: ((id >= 8490247) AND (id <= 8490347))

table 2 : explain SELECT id FROM sbtest2 WHERE id BETWEEN 8490247 AND 8490347
	Index Only Scan using sbtest2_pkey on sbtest2  (cost=0.43..6.35 rows=96 width=4)
	  Index Cond: ((id >= 8490247) AND (id <= 8490347))

table 3 : explain SELECT id FROM sbtest3 WHERE id BETWEEN 8490247 AND 8490347
	Index Only Scan using sbtest3_pkey on sbtest3  (cost=0.43..6.69 rows=113 width=4)
	  Index Cond: ((id >= 8490247) AND (id <= 8490347))

table 4 : explain SELECT id FROM sbtest4 WHERE id BETWEEN 8490247 AND 8490347
	Index Only Scan using sbtest4_pkey on sbtest4  (cost=0.43..6.37 rows=97 width=4)
	  Index Cond: ((id >= 8490247) AND (id <= 8490347))

table 5 : explain SELECT id FROM sbtest5 WHERE id BETWEEN 8490247 AND 8490347
	Index Only Scan using sbtest5_pkey on sbtest5  (cost=0.43..6.42 rows=99 width=4)
	  Index Cond: ((id >= 8490247) AND (id <= 8490347))

table 6 : explain SELECT id FROM sbtest6 WHERE id BETWEEN 8490247 AND 8490347
	Index Only Scan using sbtest6_pkey on sbtest6  (cost=0.43..6.13 rows=85 width=4)
	  Index Cond: ((id >= 8490247) AND (id <= 8490347))

table 7 : explain SELECT id FROM sbtest7 WHERE id BETWEEN 8490247 AND 8490347
	Index Only Scan using sbtest7_pkey on sbtest7  (cost=0.43..6.33 rows=95 width=4)
	  Index Cond: ((id >= 8490247) AND (id <= 8490347))

table 8 : explain SELECT id FROM sbtest8 WHERE id BETWEEN 8490247 AND 8490347
	Index Only Scan using sbtest8_pkey on sbtest8  (cost=0.43..6.40 rows=98 width=4)
	  Index Cond: ((id >= 8490247) AND (id <= 8490347))

for range-covered
table 1 : explain SELECT id FROM sbtest1 WHERE id BETWEEN 3598005 AND 3598105
	Index Only Scan using sbtest1_pkey on sbtest1  (cost=0.43..6.40 rows=98 width=4)
	  Index Cond: ((id >= 3598005) AND (id <= 3598105))

table 2 : explain SELECT id FROM sbtest2 WHERE id BETWEEN 3598005 AND 3598105
	Index Only Scan using sbtest2_pkey on sbtest2  (cost=0.43..6.42 rows=99 width=4)
	  Index Cond: ((id >= 3598005) AND (id <= 3598105))

table 3 : explain SELECT id FROM sbtest3 WHERE id BETWEEN 3598005 AND 3598105
	Index Only Scan using sbtest3_pkey on sbtest3  (cost=0.43..6.29 rows=93 width=4)
	  Index Cond: ((id >= 3598005) AND (id <= 3598105))

table 4 : explain SELECT id FROM sbtest4 WHERE id BETWEEN 3598005 AND 3598105
	Index Only Scan using sbtest4_pkey on sbtest4  (cost=0.43..6.66 rows=111 width=4)
	  Index Cond: ((id >= 3598005) AND (id <= 3598105))

table 5 : explain SELECT id FROM sbtest5 WHERE id BETWEEN 3598005 AND 3598105
	Index Only Scan using sbtest5_pkey on sbtest5  (cost=0.43..6.51 rows=104 width=4)
	  Index Cond: ((id >= 3598005) AND (id <= 3598105))

table 6 : explain SELECT id FROM sbtest6 WHERE id BETWEEN 3598005 AND 3598105
	Index Only Scan using sbtest6_pkey on sbtest6  (cost=0.43..6.59 rows=108 width=4)
	  Index Cond: ((id >= 3598005) AND (id <= 3598105))

table 7 : explain SELECT id FROM sbtest7 WHERE id BETWEEN 3598005 AND 3598105
	Index Only Scan using sbtest7_pkey on sbtest7  (cost=0.43..6.56 rows=106 width=4)
	  Index Cond: ((id >= 3598005) AND (id <= 3598105))

table 8 : explain SELECT id FROM sbtest8 WHERE id BETWEEN 3598005 AND 3598105
	Index Only Scan using sbtest8_pkey on sbtest8  (cost=0.43..6.37 rows=97 width=4)
	  Index Cond: ((id >= 3598005) AND (id <= 3598105))

explain: for range-covered :: explain SELECT id FROM sbtest%d WHERE id BETWEEN 4452593 AND 4452693
explain: for range-covered :: explain SELECT id FROM sbtest%d WHERE id BETWEEN 2807472 AND 2807572
for range-covered
table 1 : explain SELECT id FROM sbtest1 WHERE id BETWEEN 5197702 AND 5197802
	Index Only Scan using sbtest1_pkey on sbtest1  (cost=0.43..6.45 rows=101 width=4)
	  Index Cond: ((id >= 5197702) AND (id <= 5197802))

table 2 : explain SELECT id FROM sbtest2 WHERE id BETWEEN 5197702 AND 5197802
	Index Only Scan using sbtest2_pkey on sbtest2  (cost=0.43..6.32 rows=94 width=4)
	  Index Cond: ((id >= 5197702) AND (id <= 5197802))

table 3 : explain SELECT id FROM sbtest3 WHERE id BETWEEN 5197702 AND 5197802
	Index Only Scan using sbtest3_pkey on sbtest3  (cost=0.43..6.47 rows=102 width=4)
	  Index Cond: ((id >= 5197702) AND (id <= 5197802))

table 4 : explain SELECT id FROM sbtest4 WHERE id BETWEEN 5197702 AND 5197802
	Index Only Scan using sbtest4_pkey on sbtest4  (cost=0.43..6.75 rows=116 width=4)
	  Index Cond: ((id >= 5197702) AND (id <= 5197802))

table 5 : explain SELECT id FROM sbtest5 WHERE id BETWEEN 5197702 AND 5197802
	Index Only Scan using sbtest5_pkey on sbtest5  (cost=0.43..6.45 rows=101 width=4)
	  Index Cond: ((id >= 5197702) AND (id <= 5197802))

table 6 : explain SELECT id FROM sbtest6 WHERE id BETWEEN 5197702 AND 5197802
	Index Only Scan using sbtest6_pkey on sbtest6  (cost=0.43..6.42 rows=99 width=4)
	  Index Cond: ((id >= 5197702) AND (id <= 5197802))

table 7 : explain SELECT id FROM sbtest7 WHERE id BETWEEN 5197702 AND 5197802
	Index Only Scan using sbtest7_pkey on sbtest7  (cost=0.43..6.59 rows=108 width=4)
	  Index Cond: ((id >= 5197702) AND (id <= 5197802))

table 8 : explain SELECT id FROM sbtest8 WHERE id BETWEEN 5197702 AND 5197802
	Index Only Scan using sbtest8_pkey on sbtest8  (cost=0.43..6.21 rows=89 width=4)
	  Index Cond: ((id >= 5197702) AND (id <= 5197802))

for range-covered
table 1 : explain SELECT id FROM sbtest1 WHERE id BETWEEN 3927900 AND 3928000
	Index Only Scan using sbtest1_pkey on sbtest1  (cost=0.43..6.40 rows=98 width=4)
	  Index Cond: ((id >= 3927900) AND (id <= 3928000))

table 2 : explain SELECT id FROM sbtest2 WHERE id BETWEEN 3927900 AND 3928000
	Index Only Scan using sbtest2_pkey on sbtest2  (cost=0.43..6.43 rows=100 width=4)
	  Index Cond: ((id >= 3927900) AND (id <= 3928000))

table 3 : explain SELECT id FROM sbtest3 WHERE id BETWEEN 3927900 AND 3928000
	Index Only Scan using sbtest3_pkey on sbtest3  (cost=0.43..6.67 rows=112 width=4)
	  Index Cond: ((id >= 3927900) AND (id <= 3928000))

table 4 : explain SELECT id FROM sbtest4 WHERE id BETWEEN 3927900 AND 3928000
	Index Only Scan using sbtest4_pkey on sbtest4  (cost=0.43..6.25 rows=91 width=4)
	  Index Cond: ((id >= 3927900) AND (id <= 3928000))

table 5 : explain SELECT id FROM sbtest5 WHERE id BETWEEN 3927900 AND 3928000
	Index Only Scan using sbtest5_pkey on sbtest5  (cost=0.43..6.53 rows=105 width=4)
	  Index Cond: ((id >= 3927900) AND (id <= 3928000))

table 6 : explain SELECT id FROM sbtest6 WHERE id BETWEEN 3927900 AND 3928000
	Index Only Scan using sbtest6_pkey on sbtest6  (cost=0.43..6.56 rows=106 width=4)
	  Index Cond: ((id >= 3927900) AND (id <= 3928000))

table 7 : explain SELECT id FROM sbtest7 WHERE id BETWEEN 3927900 AND 3928000
	Index Only Scan using sbtest7_pkey on sbtest7  (cost=0.43..6.45 rows=101 width=4)
	  Index Cond: ((id >= 3927900) AND (id <= 3928000))

table 8 : explain SELECT id FROM sbtest8 WHERE id BETWEEN 3927900 AND 3928000
	Index Only Scan using sbtest8_pkey on sbtest8  (cost=0.43..6.47 rows=102 width=4)
	  Index Cond: ((id >= 3927900) AND (id <= 3928000))

explain: for range-covered :: explain SELECT id FROM sbtest%d WHERE id BETWEEN 8490247 AND 8490347
for range-covered
table 1 : explain SELECT id FROM sbtest1 WHERE id BETWEEN 3967415 AND 3967515
	Index Only Scan using sbtest1_pkey on sbtest1  (cost=0.43..6.51 rows=104 width=4)
	  Index Cond: ((id >= 3967415) AND (id <= 3967515))

table 2 : explain SELECT id FROM sbtest2 WHERE id BETWEEN 3967415 AND 3967515
	Index Only Scan using sbtest2_pkey on sbtest2  (cost=0.43..6.43 rows=100 width=4)
	  Index Cond: ((id >= 3967415) AND (id <= 3967515))

table 3 : explain SELECT id FROM sbtest3 WHERE id BETWEEN 3967415 AND 3967515
	Index Only Scan using sbtest3_pkey on sbtest3  (cost=0.43..6.67 rows=112 width=4)
	  Index Cond: ((id >= 3967415) AND (id <= 3967515))

table 4 : explain SELECT id FROM sbtest4 WHERE id BETWEEN 3967415 AND 3967515
	Index Only Scan using sbtest4_pkey on sbtest4  (cost=0.43..6.45 rows=101 width=4)
	  Index Cond: ((id >= 3967415) AND (id <= 3967515))

table 5 : explain SELECT id FROM sbtest5 WHERE id BETWEEN 3967415 AND 3967515
	Index Only Scan using sbtest5_pkey on sbtest5  (cost=0.43..6.53 rows=105 width=4)
	  Index Cond: ((id >= 3967415) AND (id <= 3967515))

table 6 : explain SELECT id FROM sbtest6 WHERE id BETWEEN 3967415 AND 3967515
	Index Only Scan using sbtest6_pkey on sbtest6  (cost=0.43..6.45 rows=101 width=4)
	  Index Cond: ((id >= 3967415) AND (id <= 3967515))

table 7 : explain SELECT id FROM sbtest7 WHERE id BETWEEN 3967415 AND 3967515
	Index Only Scan using sbtest7_pkey on sbtest7  (cost=0.43..6.45 rows=101 width=4)
	  Index Cond: ((id >= 3967415) AND (id <= 3967515))

table 8 : explain SELECT id FROM sbtest8 WHERE id BETWEEN 3967415 AND 3967515
	Index Only Scan using sbtest8_pkey on sbtest8  (cost=0.43..6.47 rows=102 width=4)
	  Index Cond: ((id >= 3967415) AND (id <= 3967515))

explain: for range-covered :: explain SELECT id FROM sbtest%d WHERE id BETWEEN 5197702 AND 5197802
explain: for range-covered :: explain SELECT id FROM sbtest%d WHERE id BETWEEN 3927900 AND 3928000
explain: for range-covered :: explain SELECT id FROM sbtest%d WHERE id BETWEEN 3967415 AND 3967515
explain: for range-covered :: explain SELECT id FROM sbtest%d WHERE id BETWEEN 3598005 AND 3598105
for range-covered
table 1 : explain SELECT id FROM sbtest1 WHERE id BETWEEN 4029672 AND 4029772
	Index Only Scan using sbtest1_pkey on sbtest1  (cost=0.43..6.51 rows=104 width=4)
	  Index Cond: ((id >= 4029672) AND (id <= 4029772))

table 2 : explain SELECT id FROM sbtest2 WHERE id BETWEEN 4029672 AND 4029772
	Index Only Scan using sbtest2_pkey on sbtest2  (cost=0.43..6.43 rows=100 width=4)
	  Index Cond: ((id >= 4029672) AND (id <= 4029772))

table 3 : explain SELECT id FROM sbtest3 WHERE id BETWEEN 4029672 AND 4029772
	Index Only Scan using sbtest3_pkey on sbtest3  (cost=0.43..6.19 rows=88 width=4)
	  Index Cond: ((id >= 4029672) AND (id <= 4029772))

table 4 : explain SELECT id FROM sbtest4 WHERE id BETWEEN 4029672 AND 4029772
	Index Only Scan using sbtest4_pkey on sbtest4  (cost=0.43..6.45 rows=101 width=4)
	  Index Cond: ((id >= 4029672) AND (id <= 4029772))

table 5 : explain SELECT id FROM sbtest5 WHERE id BETWEEN 4029672 AND 4029772
	Index Only Scan using sbtest5_pkey on sbtest5  (cost=0.43..6.58 rows=107 width=4)
	  Index Cond: ((id >= 4029672) AND (id <= 4029772))

table 6 : explain SELECT id FROM sbtest6 WHERE id BETWEEN 4029672 AND 4029772
	Index Only Scan using sbtest6_pkey on sbtest6  (cost=0.43..6.45 rows=101 width=4)
	  Index Cond: ((id >= 4029672) AND (id <= 4029772))

table 7 : explain SELECT id FROM sbtest7 WHERE id BETWEEN 4029672 AND 4029772
	Index Only Scan using sbtest7_pkey on sbtest7  (cost=0.43..6.47 rows=102 width=4)
	  Index Cond: ((id >= 4029672) AND (id <= 4029772))

table 8 : explain SELECT id FROM sbtest8 WHERE id BETWEEN 4029672 AND 4029772
	Index Only Scan using sbtest8_pkey on sbtest8  (cost=0.43..6.45 rows=101 width=4)
	  Index Cond: ((id >= 4029672) AND (id <= 4029772))

for range-covered
table 1 : explain SELECT id FROM sbtest1 WHERE id BETWEEN 4075270 AND 4075370
	Index Only Scan using sbtest1_pkey on sbtest1  (cost=0.43..6.45 rows=101 width=4)
	  Index Cond: ((id >= 4075270) AND (id <= 4075370))

table 2 : explain SELECT id FROM sbtest2 WHERE id BETWEEN 4075270 AND 4075370
	Index Only Scan using sbtest2_pkey on sbtest2  (cost=0.43..6.43 rows=100 width=4)
	  Index Cond: ((id >= 4075270) AND (id <= 4075370))

table 3 : explain SELECT id FROM sbtest3 WHERE id BETWEEN 4075270 AND 4075370
	Index Only Scan using sbtest3_pkey on sbtest3  (cost=0.43..6.19 rows=88 width=4)
	  Index Cond: ((id >= 4075270) AND (id <= 4075370))

table 4 : explain SELECT id FROM sbtest4 WHERE id BETWEEN 4075270 AND 4075370
	Index Only Scan using sbtest4_pkey on sbtest4  (cost=0.43..6.37 rows=97 width=4)
	  Index Cond: ((id >= 4075270) AND (id <= 4075370))

table 5 : explain SELECT id FROM sbtest5 WHERE id BETWEEN 4075270 AND 4075370
	Index Only Scan using sbtest5_pkey on sbtest5  (cost=0.43..6.45 rows=101 width=4)
	  Index Cond: ((id >= 4075270) AND (id <= 4075370))

table 6 : explain SELECT id FROM sbtest6 WHERE id BETWEEN 4075270 AND 4075370
	Index Only Scan using sbtest6_pkey on sbtest6  (cost=0.43..6.66 rows=111 width=4)
	  Index Cond: ((id >= 4075270) AND (id <= 4075370))

table 7 : explain SELECT id FROM sbtest7 WHERE id BETWEEN 4075270 AND 4075370
	Index Only Scan using sbtest7_pkey on sbtest7  (cost=0.43..6.47 rows=102 width=4)
	  Index Cond: ((id >= 4075270) AND (id <= 4075370))

table 8 : explain SELECT id FROM sbtest8 WHERE id BETWEEN 4075270 AND 4075370
	Index Only Scan using sbtest8_pkey on sbtest8  (cost=0.43..6.45 rows=101 width=4)
	  Index Cond: ((id >= 4075270) AND (id <= 4075370))

for range-covered
table 1 : explain SELECT id FROM sbtest1 WHERE id BETWEEN 3927900 AND 3928000
	Index Only Scan using sbtest1_pkey on sbtest1  (cost=0.43..6.40 rows=98 width=4)
	  Index Cond: ((id >= 3927900) AND (id <= 3928000))

table 2 : explain SELECT id FROM sbtest2 WHERE id BETWEEN 3927900 AND 3928000
	Index Only Scan using sbtest2_pkey on sbtest2  (cost=0.43..6.43 rows=100 width=4)
	  Index Cond: ((id >= 3927900) AND (id <= 3928000))

table 3 : explain SELECT id FROM sbtest3 WHERE id BETWEEN 3927900 AND 3928000
	Index Only Scan using sbtest3_pkey on sbtest3  (cost=0.43..6.67 rows=112 width=4)
	  Index Cond: ((id >= 3927900) AND (id <= 3928000))

table 4 : explain SELECT id FROM sbtest4 WHERE id BETWEEN 3927900 AND 3928000
	Index Only Scan using sbtest4_pkey on sbtest4  (cost=0.43..6.25 rows=91 width=4)
	  Index Cond: ((id >= 3927900) AND (id <= 3928000))

table 5 : explain SELECT id FROM sbtest5 WHERE id BETWEEN 3927900 AND 3928000
	Index Only Scan using sbtest5_pkey on sbtest5  (cost=0.43..6.53 rows=105 width=4)
	  Index Cond: ((id >= 3927900) AND (id <= 3928000))

table 6 : explain SELECT id FROM sbtest6 WHERE id BETWEEN 3927900 AND 3928000
	Index Only Scan using sbtest6_pkey on sbtest6  (cost=0.43..6.56 rows=106 width=4)
	  Index Cond: ((id >= 3927900) AND (id <= 3928000))

table 7 : explain SELECT id FROM sbtest7 WHERE id BETWEEN 3927900 AND 3928000
	Index Only Scan using sbtest7_pkey on sbtest7  (cost=0.43..6.45 rows=101 width=4)
	  Index Cond: ((id >= 3927900) AND (id <= 3928000))

table 8 : explain SELECT id FROM sbtest8 WHERE id BETWEEN 3927900 AND 3928000
	Index Only Scan using sbtest8_pkey on sbtest8  (cost=0.43..6.47 rows=102 width=4)
	  Index Cond: ((id >= 3927900) AND (id <= 3928000))

for range-covered
table 1 : explain SELECT id FROM sbtest1 WHERE id BETWEEN 5197702 AND 5197802
	Index Only Scan using sbtest1_pkey on sbtest1  (cost=0.43..6.45 rows=101 width=4)
	  Index Cond: ((id >= 5197702) AND (id <= 5197802))

table 2 : explain SELECT id FROM sbtest2 WHERE id BETWEEN 5197702 AND 5197802
	Index Only Scan using sbtest2_pkey on sbtest2  (cost=0.43..6.32 rows=94 width=4)
	  Index Cond: ((id >= 5197702) AND (id <= 5197802))

table 3 : explain SELECT id FROM sbtest3 WHERE id BETWEEN 5197702 AND 5197802
	Index Only Scan using sbtest3_pkey on sbtest3  (cost=0.43..6.47 rows=102 width=4)
	  Index Cond: ((id >= 5197702) AND (id <= 5197802))

table 4 : explain SELECT id FROM sbtest4 WHERE id BETWEEN 5197702 AND 5197802
	Index Only Scan using sbtest4_pkey on sbtest4  (cost=0.43..6.75 rows=116 width=4)
	  Index Cond: ((id >= 5197702) AND (id <= 5197802))

table 5 : explain SELECT id FROM sbtest5 WHERE id BETWEEN 5197702 AND 5197802
	Index Only Scan using sbtest5_pkey on sbtest5  (cost=0.43..6.45 rows=101 width=4)
	  Index Cond: ((id >= 5197702) AND (id <= 5197802))

table 6 : explain SELECT id FROM sbtest6 WHERE id BETWEEN 5197702 AND 5197802
	Index Only Scan using sbtest6_pkey on sbtest6  (cost=0.43..6.42 rows=99 width=4)
	  Index Cond: ((id >= 5197702) AND (id <= 5197802))

table 7 : explain SELECT id FROM sbtest7 WHERE id BETWEEN 5197702 AND 5197802
	Index Only Scan using sbtest7_pkey on sbtest7  (cost=0.43..6.59 rows=108 width=4)
	  Index Cond: ((id >= 5197702) AND (id <= 5197802))

table 8 : explain SELECT id FROM sbtest8 WHERE id BETWEEN 5197702 AND 5197802
	Index Only Scan using sbtest8_pkey on sbtest8  (cost=0.43..6.21 rows=89 width=4)
	  Index Cond: ((id >= 5197702) AND (id <= 5197802))

explain: for range-covered :: explain SELECT id FROM sbtest%d WHERE id BETWEEN 3927900 AND 3928000
explain: for range-covered :: explain SELECT id FROM sbtest%d WHERE id BETWEEN 4075270 AND 4075370
for range-covered
table 1 : explain SELECT id FROM sbtest1 WHERE id BETWEEN 8490247 AND 8490347
	Index Only Scan using sbtest1_pkey on sbtest1  (cost=0.43..6.29 rows=93 width=4)
	  Index Cond: ((id >= 8490247) AND (id <= 8490347))

table 2 : explain SELECT id FROM sbtest2 WHERE id BETWEEN 8490247 AND 8490347
	Index Only Scan using sbtest2_pkey on sbtest2  (cost=0.43..6.35 rows=96 width=4)
	  Index Cond: ((id >= 8490247) AND (id <= 8490347))

table 3 : explain SELECT id FROM sbtest3 WHERE id BETWEEN 8490247 AND 8490347
	Index Only Scan using sbtest3_pkey on sbtest3  (cost=0.43..6.69 rows=113 width=4)
	  Index Cond: ((id >= 8490247) AND (id <= 8490347))

table 4 : explain SELECT id FROM sbtest4 WHERE id BETWEEN 8490247 AND 8490347
	Index Only Scan using sbtest4_pkey on sbtest4  (cost=0.43..6.37 rows=97 width=4)
	  Index Cond: ((id >= 8490247) AND (id <= 8490347))

table 5 : explain SELECT id FROM sbtest5 WHERE id BETWEEN 8490247 AND 8490347
	Index Only Scan using sbtest5_pkey on sbtest5  (cost=0.43..6.42 rows=99 width=4)
	  Index Cond: ((id >= 8490247) AND (id <= 8490347))

table 6 : explain SELECT id FROM sbtest6 WHERE id BETWEEN 8490247 AND 8490347
	Index Only Scan using sbtest6_pkey on sbtest6  (cost=0.43..6.13 rows=85 width=4)
	  Index Cond: ((id >= 8490247) AND (id <= 8490347))

table 7 : explain SELECT id FROM sbtest7 WHERE id BETWEEN 8490247 AND 8490347
	Index Only Scan using sbtest7_pkey on sbtest7  (cost=0.43..6.33 rows=95 width=4)
	  Index Cond: ((id >= 8490247) AND (id <= 8490347))

table 8 : explain SELECT id FROM sbtest8 WHERE id BETWEEN 8490247 AND 8490347
	Index Only Scan using sbtest8_pkey on sbtest8  (cost=0.43..6.40 rows=98 width=4)
	  Index Cond: ((id >= 8490247) AND (id <= 8490347))

for range-covered
table 1 : explain SELECT id FROM sbtest1 WHERE id BETWEEN 3598005 AND 3598105
	Index Only Scan using sbtest1_pkey on sbtest1  (cost=0.43..6.40 rows=98 width=4)
	  Index Cond: ((id >= 3598005) AND (id <= 3598105))

table 2 : explain SELECT id FROM sbtest2 WHERE id BETWEEN 3598005 AND 3598105
	Index Only Scan using sbtest2_pkey on sbtest2  (cost=0.43..6.42 rows=99 width=4)
	  Index Cond: ((id >= 3598005) AND (id <= 3598105))

table 3 : explain SELECT id FROM sbtest3 WHERE id BETWEEN 3598005 AND 3598105
	Index Only Scan using sbtest3_pkey on sbtest3  (cost=0.43..6.29 rows=93 width=4)
	  Index Cond: ((id >= 3598005) AND (id <= 3598105))

table 4 : explain SELECT id FROM sbtest4 WHERE id BETWEEN 3598005 AND 3598105
	Index Only Scan using sbtest4_pkey on sbtest4  (cost=0.43..6.66 rows=111 width=4)
	  Index Cond: ((id >= 3598005) AND (id <= 3598105))

table 5 : explain SELECT id FROM sbtest5 WHERE id BETWEEN 3598005 AND 3598105
	Index Only Scan using sbtest5_pkey on sbtest5  (cost=0.43..6.51 rows=104 width=4)
	  Index Cond: ((id >= 3598005) AND (id <= 3598105))

table 6 : explain SELECT id FROM sbtest6 WHERE id BETWEEN 3598005 AND 3598105
	Index Only Scan using sbtest6_pkey on sbtest6  (cost=0.43..6.59 rows=108 width=4)
	  Index Cond: ((id >= 3598005) AND (id <= 3598105))

table 7 : explain SELECT id FROM sbtest7 WHERE id BETWEEN 3598005 AND 3598105
	Index Only Scan using sbtest7_pkey on sbtest7  (cost=0.43..6.56 rows=106 width=4)
	  Index Cond: ((id >= 3598005) AND (id <= 3598105))

table 8 : explain SELECT id FROM sbtest8 WHERE id BETWEEN 3598005 AND 3598105
	Index Only Scan using sbtest8_pkey on sbtest8  (cost=0.43..6.37 rows=97 width=4)
	  Index Cond: ((id >= 3598005) AND (id <= 3598105))

for range-covered
table 1 : explain SELECT id FROM sbtest1 WHERE id BETWEEN 4452593 AND 4452693
	Index Only Scan using sbtest1_pkey on sbtest1  (cost=0.43..6.40 rows=98 width=4)
	  Index Cond: ((id >= 4452593) AND (id <= 4452693))

table 2 : explain SELECT id FROM sbtest2 WHERE id BETWEEN 4452593 AND 4452693
	Index Only Scan using sbtest2_pkey on sbtest2  (cost=0.43..6.40 rows=98 width=4)
	  Index Cond: ((id >= 4452593) AND (id <= 4452693))

table 3 : explain SELECT id FROM sbtest3 WHERE id BETWEEN 4452593 AND 4452693
	Index Only Scan using sbtest3_pkey on sbtest3  (cost=0.43..6.45 rows=101 width=4)
	  Index Cond: ((id >= 4452593) AND (id <= 4452693))

table 4 : explain SELECT id FROM sbtest4 WHERE id BETWEEN 4452593 AND 4452693
	Index Only Scan using sbtest4_pkey on sbtest4  (cost=0.43..6.58 rows=107 width=4)
	  Index Cond: ((id >= 4452593) AND (id <= 4452693))

table 5 : explain SELECT id FROM sbtest5 WHERE id BETWEEN 4452593 AND 4452693
	Index Only Scan using sbtest5_pkey on sbtest5  (cost=0.43..6.40 rows=98 width=4)
	  Index Cond: ((id >= 4452593) AND (id <= 4452693))

table 6 : explain SELECT id FROM sbtest6 WHERE id BETWEEN 4452593 AND 4452693
	Index Only Scan using sbtest6_pkey on sbtest6  (cost=0.43..6.42 rows=99 width=4)
	  Index Cond: ((id >= 4452593) AND (id <= 4452693))

table 7 : explain SELECT id FROM sbtest7 WHERE id BETWEEN 4452593 AND 4452693
	Index Only Scan using sbtest7_pkey on sbtest7  (cost=0.43..6.45 rows=101 width=4)
	  Index Cond: ((id >= 4452593) AND (id <= 4452693))

table 8 : explain SELECT id FROM sbtest8 WHERE id BETWEEN 4452593 AND 4452693
	Index Only Scan using sbtest8_pkey on sbtest8  (cost=0.43..6.47 rows=102 width=4)
	  Index Cond: ((id >= 4452593) AND (id <= 4452693))

explain: for range-covered :: explain SELECT id FROM sbtest%d WHERE id BETWEEN 3598005 AND 3598105
for range-covered
table 1 : explain SELECT id FROM sbtest1 WHERE id BETWEEN 3927900 AND 3928000
	Index Only Scan using sbtest1_pkey on sbtest1  (cost=0.43..6.40 rows=98 width=4)
	  Index Cond: ((id >= 3927900) AND (id <= 3928000))

table 2 : explain SELECT id FROM sbtest2 WHERE id BETWEEN 3927900 AND 3928000
	Index Only Scan using sbtest2_pkey on sbtest2  (cost=0.43..6.43 rows=100 width=4)
	  Index Cond: ((id >= 3927900) AND (id <= 3928000))

table 3 : explain SELECT id FROM sbtest3 WHERE id BETWEEN 3927900 AND 3928000
	Index Only Scan using sbtest3_pkey on sbtest3  (cost=0.43..6.67 rows=112 width=4)
	  Index Cond: ((id >= 3927900) AND (id <= 3928000))

table 4 : explain SELECT id FROM sbtest4 WHERE id BETWEEN 3927900 AND 3928000
	Index Only Scan using sbtest4_pkey on sbtest4  (cost=0.43..6.25 rows=91 width=4)
	  Index Cond: ((id >= 3927900) AND (id <= 3928000))

table 5 : explain SELECT id FROM sbtest5 WHERE id BETWEEN 3927900 AND 3928000
	Index Only Scan using sbtest5_pkey on sbtest5  (cost=0.43..6.53 rows=105 width=4)
	  Index Cond: ((id >= 3927900) AND (id <= 3928000))

table 6 : explain SELECT id FROM sbtest6 WHERE id BETWEEN 3927900 AND 3928000
	Index Only Scan using sbtest6_pkey on sbtest6  (cost=0.43..6.56 rows=106 width=4)
	  Index Cond: ((id >= 3927900) AND (id <= 3928000))

table 7 : explain SELECT id FROM sbtest7 WHERE id BETWEEN 3927900 AND 3928000
	Index Only Scan using sbtest7_pkey on sbtest7  (cost=0.43..6.45 rows=101 width=4)
	  Index Cond: ((id >= 3927900) AND (id <= 3928000))

table 8 : explain SELECT id FROM sbtest8 WHERE id BETWEEN 3927900 AND 3928000
	Index Only Scan using sbtest8_pkey on sbtest8  (cost=0.43..6.47 rows=102 width=4)
	  Index Cond: ((id >= 3927900) AND (id <= 3928000))

for range-covered
table 1 : explain SELECT id FROM sbtest1 WHERE id BETWEEN 2807472 AND 2807572
	Index Only Scan using sbtest1_pkey on sbtest1  (cost=0.43..6.29 rows=93 width=4)
	  Index Cond: ((id >= 2807472) AND (id <= 2807572))

table 2 : explain SELECT id FROM sbtest2 WHERE id BETWEEN 2807472 AND 2807572
	Index Only Scan using sbtest2_pkey on sbtest2  (cost=0.43..6.37 rows=97 width=4)
	  Index Cond: ((id >= 2807472) AND (id <= 2807572))

table 3 : explain SELECT id FROM sbtest3 WHERE id BETWEEN 2807472 AND 2807572
	Index Only Scan using sbtest3_pkey on sbtest3  (cost=0.43..6.33 rows=95 width=4)
	  Index Cond: ((id >= 2807472) AND (id <= 2807572))

table 4 : explain SELECT id FROM sbtest4 WHERE id BETWEEN 2807472 AND 2807572
	Index Only Scan using sbtest4_pkey on sbtest4  (cost=0.43..6.56 rows=106 width=4)
	  Index Cond: ((id >= 2807472) AND (id <= 2807572))

table 5 : explain SELECT id FROM sbtest5 WHERE id BETWEEN 2807472 AND 2807572
	Index Only Scan using sbtest5_pkey on sbtest5  (cost=0.43..6.50 rows=103 width=4)
	  Index Cond: ((id >= 2807472) AND (id <= 2807572))

table 6 : explain SELECT id FROM sbtest6 WHERE id BETWEEN 2807472 AND 2807572
	Index Only Scan using sbtest6_pkey on sbtest6  (cost=0.43..6.61 rows=109 width=4)
	  Index Cond: ((id >= 2807472) AND (id <= 2807572))

table 7 : explain SELECT id FROM sbtest7 WHERE id BETWEEN 2807472 AND 2807572
	Index Only Scan using sbtest7_pkey on sbtest7  (cost=0.43..6.40 rows=98 width=4)
	  Index Cond: ((id >= 2807472) AND (id <= 2807572))

table 8 : explain SELECT id FROM sbtest8 WHERE id BETWEEN 2807472 AND 2807572
	Index Only Scan using sbtest8_pkey on sbtest8  (cost=0.43..6.29 rows=93 width=4)
	  Index Cond: ((id >= 2807472) AND (id <= 2807572))

explain: for range-covered :: explain SELECT id FROM sbtest%d WHERE id BETWEEN 3927900 AND 3928000
for range-covered
table 1 : explain SELECT id FROM sbtest1 WHERE id BETWEEN 4075270 AND 4075370
	Index Only Scan using sbtest1_pkey on sbtest1  (cost=0.43..6.45 rows=101 width=4)
	  Index Cond: ((id >= 4075270) AND (id <= 4075370))

table 2 : explain SELECT id FROM sbtest2 WHERE id BETWEEN 4075270 AND 4075370
	Index Only Scan using sbtest2_pkey on sbtest2  (cost=0.43..6.43 rows=100 width=4)
	  Index Cond: ((id >= 4075270) AND (id <= 4075370))

table 3 : explain SELECT id FROM sbtest3 WHERE id BETWEEN 4075270 AND 4075370
	Index Only Scan using sbtest3_pkey on sbtest3  (cost=0.43..6.19 rows=88 width=4)
	  Index Cond: ((id >= 4075270) AND (id <= 4075370))

table 4 : explain SELECT id FROM sbtest4 WHERE id BETWEEN 4075270 AND 4075370
	Index Only Scan using sbtest4_pkey on sbtest4  (cost=0.43..6.37 rows=97 width=4)
	  Index Cond: ((id >= 4075270) AND (id <= 4075370))

table 5 : explain SELECT id FROM sbtest5 WHERE id BETWEEN 4075270 AND 4075370
	Index Only Scan using sbtest5_pkey on sbtest5  (cost=0.43..6.45 rows=101 width=4)
	  Index Cond: ((id >= 4075270) AND (id <= 4075370))

table 6 : explain SELECT id FROM sbtest6 WHERE id BETWEEN 4075270 AND 4075370
	Index Only Scan using sbtest6_pkey on sbtest6  (cost=0.43..6.66 rows=111 width=4)
	  Index Cond: ((id >= 4075270) AND (id <= 4075370))

table 7 : explain SELECT id FROM sbtest7 WHERE id BETWEEN 4075270 AND 4075370
	Index Only Scan using sbtest7_pkey on sbtest7  (cost=0.43..6.47 rows=102 width=4)
	  Index Cond: ((id >= 4075270) AND (id <= 4075370))

table 8 : explain SELECT id FROM sbtest8 WHERE id BETWEEN 4075270 AND 4075370
	Index Only Scan using sbtest8_pkey on sbtest8  (cost=0.43..6.45 rows=101 width=4)
	  Index Cond: ((id >= 4075270) AND (id <= 4075370))

explain: for range-covered :: explain SELECT id FROM sbtest%d WHERE id BETWEEN 4452593 AND 4452693
explain: for range-covered :: explain SELECT id FROM sbtest%d WHERE id BETWEEN 2807472 AND 2807572
explain: for range-covered :: explain SELECT id FROM sbtest%d WHERE id BETWEEN 4075270 AND 4075370
for range-covered
table 1 : explain SELECT id FROM sbtest1 WHERE id BETWEEN 3967415 AND 3967515
	Index Only Scan using sbtest1_pkey on sbtest1  (cost=0.43..6.51 rows=104 width=4)
	  Index Cond: ((id >= 3967415) AND (id <= 3967515))

table 2 : explain SELECT id FROM sbtest2 WHERE id BETWEEN 3967415 AND 3967515
	Index Only Scan using sbtest2_pkey on sbtest2  (cost=0.43..6.43 rows=100 width=4)
	  Index Cond: ((id >= 3967415) AND (id <= 3967515))

table 3 : explain SELECT id FROM sbtest3 WHERE id BETWEEN 3967415 AND 3967515
	Index Only Scan using sbtest3_pkey on sbtest3  (cost=0.43..6.67 rows=112 width=4)
	  Index Cond: ((id >= 3967415) AND (id <= 3967515))

table 4 : explain SELECT id FROM sbtest4 WHERE id BETWEEN 3967415 AND 3967515
	Index Only Scan using sbtest4_pkey on sbtest4  (cost=0.43..6.45 rows=101 width=4)
	  Index Cond: ((id >= 3967415) AND (id <= 3967515))

table 5 : explain SELECT id FROM sbtest5 WHERE id BETWEEN 3967415 AND 3967515
	Index Only Scan using sbtest5_pkey on sbtest5  (cost=0.43..6.53 rows=105 width=4)
	  Index Cond: ((id >= 3967415) AND (id <= 3967515))

table 6 : explain SELECT id FROM sbtest6 WHERE id BETWEEN 3967415 AND 3967515
	Index Only Scan using sbtest6_pkey on sbtest6  (cost=0.43..6.45 rows=101 width=4)
	  Index Cond: ((id >= 3967415) AND (id <= 3967515))

table 7 : explain SELECT id FROM sbtest7 WHERE id BETWEEN 3967415 AND 3967515
	Index Only Scan using sbtest7_pkey on sbtest7  (cost=0.43..6.45 rows=101 width=4)
	  Index Cond: ((id >= 3967415) AND (id <= 3967515))

table 8 : explain SELECT id FROM sbtest8 WHERE id BETWEEN 3967415 AND 3967515
	Index Only Scan using sbtest8_pkey on sbtest8  (cost=0.43..6.47 rows=102 width=4)
	  Index Cond: ((id >= 3967415) AND (id <= 3967515))

explain: for range-covered :: explain SELECT id FROM sbtest%d WHERE id BETWEEN 3967415 AND 3967515
for range-covered
table 1 : explain SELECT id FROM sbtest1 WHERE id BETWEEN 1695515 AND 1695615
	Index Only Scan using sbtest1_pkey on sbtest1  (cost=0.43..6.25 rows=91 width=4)
	  Index Cond: ((id >= 1695515) AND (id <= 1695615))

table 2 : explain SELECT id FROM sbtest2 WHERE id BETWEEN 1695515 AND 1695615
	Index Only Scan using sbtest2_pkey on sbtest2  (cost=0.43..6.42 rows=99 width=4)
	  Index Cond: ((id >= 1695515) AND (id <= 1695615))

table 3 : explain SELECT id FROM sbtest3 WHERE id BETWEEN 1695515 AND 1695615
	Index Only Scan using sbtest3_pkey on sbtest3  (cost=0.43..6.33 rows=95 width=4)
	  Index Cond: ((id >= 1695515) AND (id <= 1695615))

table 4 : explain SELECT id FROM sbtest4 WHERE id BETWEEN 1695515 AND 1695615
	Index Only Scan using sbtest4_pkey on sbtest4  (cost=0.43..6.35 rows=96 width=4)
	  Index Cond: ((id >= 1695515) AND (id <= 1695615))

table 5 : explain SELECT id FROM sbtest5 WHERE id BETWEEN 1695515 AND 1695615
	Index Only Scan using sbtest5_pkey on sbtest5  (cost=0.43..6.50 rows=103 width=4)
	  Index Cond: ((id >= 1695515) AND (id <= 1695615))

table 6 : explain SELECT id FROM sbtest6 WHERE id BETWEEN 1695515 AND 1695615
	Index Only Scan using sbtest6_pkey on sbtest6  (cost=0.43..6.56 rows=106 width=4)
	  Index Cond: ((id >= 1695515) AND (id <= 1695615))

table 7 : explain SELECT id FROM sbtest7 WHERE id BETWEEN 1695515 AND 1695615
	Index Only Scan using sbtest7_pkey on sbtest7  (cost=0.43..6.56 rows=106 width=4)
	  Index Cond: ((id >= 1695515) AND (id <= 1695615))

table 8 : explain SELECT id FROM sbtest8 WHERE id BETWEEN 1695515 AND 1695615
	Index Only Scan using sbtest8_pkey on sbtest8  (cost=0.43..6.37 rows=97 width=4)
	  Index Cond: ((id >= 1695515) AND (id <= 1695615))

for range-covered
table 1 : explain SELECT id FROM sbtest1 WHERE id BETWEEN 5912096 AND 5912196
	Index Only Scan using sbtest1_pkey on sbtest1  (cost=0.43..6.45 rows=101 width=4)
	  Index Cond: ((id >= 5912096) AND (id <= 5912196))

table 2 : explain SELECT id FROM sbtest2 WHERE id BETWEEN 5912096 AND 5912196
	Index Only Scan using sbtest2_pkey on sbtest2  (cost=0.43..6.53 rows=105 width=4)
	  Index Cond: ((id >= 5912096) AND (id <= 5912196))

table 3 : explain SELECT id FROM sbtest3 WHERE id BETWEEN 5912096 AND 5912196
	Index Only Scan using sbtest3_pkey on sbtest3  (cost=0.43..6.56 rows=106 width=4)
	  Index Cond: ((id >= 5912096) AND (id <= 5912196))

table 4 : explain SELECT id FROM sbtest4 WHERE id BETWEEN 5912096 AND 5912196
	Index Only Scan using sbtest4_pkey on sbtest4  (cost=0.43..6.56 rows=106 width=4)
	  Index Cond: ((id >= 5912096) AND (id <= 5912196))

table 5 : explain SELECT id FROM sbtest5 WHERE id BETWEEN 5912096 AND 5912196
	Index Only Scan using sbtest5_pkey on sbtest5  (cost=0.43..6.51 rows=104 width=4)
	  Index Cond: ((id >= 5912096) AND (id <= 5912196))

table 6 : explain SELECT id FROM sbtest6 WHERE id BETWEEN 5912096 AND 5912196
	Index Only Scan using sbtest6_pkey on sbtest6  (cost=0.43..6.45 rows=101 width=4)
	  Index Cond: ((id >= 5912096) AND (id <= 5912196))

table 7 : explain SELECT id FROM sbtest7 WHERE id BETWEEN 5912096 AND 5912196
	Index Only Scan using sbtest7_pkey on sbtest7  (cost=0.43..6.58 rows=107 width=4)
	  Index Cond: ((id >= 5912096) AND (id <= 5912196))

table 8 : explain SELECT id FROM sbtest8 WHERE id BETWEEN 5912096 AND 5912196
	Index Only Scan using sbtest8_pkey on sbtest8  (cost=0.43..6.21 rows=89 width=4)
	  Index Cond: ((id >= 5912096) AND (id <= 5912196))

for range-covered
table 1 : explain SELECT id FROM sbtest1 WHERE id BETWEEN 3927900 AND 3928000
	Index Only Scan using sbtest1_pkey on sbtest1  (cost=0.43..6.40 rows=98 width=4)
	  Index Cond: ((id >= 3927900) AND (id <= 3928000))

table 2 : explain SELECT id FROM sbtest2 WHERE id BETWEEN 3927900 AND 3928000
	Index Only Scan using sbtest2_pkey on sbtest2  (cost=0.43..6.43 rows=100 width=4)
	  Index Cond: ((id >= 3927900) AND (id <= 3928000))

table 3 : explain SELECT id FROM sbtest3 WHERE id BETWEEN 3927900 AND 3928000
	Index Only Scan using sbtest3_pkey on sbtest3  (cost=0.43..6.67 rows=112 width=4)
	  Index Cond: ((id >= 3927900) AND (id <= 3928000))

table 4 : explain SELECT id FROM sbtest4 WHERE id BETWEEN 3927900 AND 3928000
	Index Only Scan using sbtest4_pkey on sbtest4  (cost=0.43..6.25 rows=91 width=4)
	  Index Cond: ((id >= 3927900) AND (id <= 3928000))

table 5 : explain SELECT id FROM sbtest5 WHERE id BETWEEN 3927900 AND 3928000
	Index Only Scan using sbtest5_pkey on sbtest5  (cost=0.43..6.53 rows=105 width=4)
	  Index Cond: ((id >= 3927900) AND (id <= 3928000))

table 6 : explain SELECT id FROM sbtest6 WHERE id BETWEEN 3927900 AND 3928000
	Index Only Scan using sbtest6_pkey on sbtest6  (cost=0.43..6.56 rows=106 width=4)
	  Index Cond: ((id >= 3927900) AND (id <= 3928000))

table 7 : explain SELECT id FROM sbtest7 WHERE id BETWEEN 3927900 AND 3928000
	Index Only Scan using sbtest7_pkey on sbtest7  (cost=0.43..6.45 rows=101 width=4)
	  Index Cond: ((id >= 3927900) AND (id <= 3928000))

table 8 : explain SELECT id FROM sbtest8 WHERE id BETWEEN 3927900 AND 3928000
	Index Only Scan using sbtest8_pkey on sbtest8  (cost=0.43..6.47 rows=102 width=4)
	  Index Cond: ((id >= 3927900) AND (id <= 3928000))

explain: for range-covered :: explain SELECT id FROM sbtest%d WHERE id BETWEEN 1695515 AND 1695615
for range-covered
table 1 : explain SELECT id FROM sbtest1 WHERE id BETWEEN 4075270 AND 4075370
	Index Only Scan using sbtest1_pkey on sbtest1  (cost=0.43..6.45 rows=101 width=4)
	  Index Cond: ((id >= 4075270) AND (id <= 4075370))

table 2 : explain SELECT id FROM sbtest2 WHERE id BETWEEN 4075270 AND 4075370
	Index Only Scan using sbtest2_pkey on sbtest2  (cost=0.43..6.43 rows=100 width=4)
	  Index Cond: ((id >= 4075270) AND (id <= 4075370))

table 3 : explain SELECT id FROM sbtest3 WHERE id BETWEEN 4075270 AND 4075370
	Index Only Scan using sbtest3_pkey on sbtest3  (cost=0.43..6.19 rows=88 width=4)
	  Index Cond: ((id >= 4075270) AND (id <= 4075370))

table 4 : explain SELECT id FROM sbtest4 WHERE id BETWEEN 4075270 AND 4075370
	Index Only Scan using sbtest4_pkey on sbtest4  (cost=0.43..6.37 rows=97 width=4)
	  Index Cond: ((id >= 4075270) AND (id <= 4075370))

table 5 : explain SELECT id FROM sbtest5 WHERE id BETWEEN 4075270 AND 4075370
	Index Only Scan using sbtest5_pkey on sbtest5  (cost=0.43..6.45 rows=101 width=4)
	  Index Cond: ((id >= 4075270) AND (id <= 4075370))

table 6 : explain SELECT id FROM sbtest6 WHERE id BETWEEN 4075270 AND 4075370
	Index Only Scan using sbtest6_pkey on sbtest6  (cost=0.43..6.66 rows=111 width=4)
	  Index Cond: ((id >= 4075270) AND (id <= 4075370))

table 7 : explain SELECT id FROM sbtest7 WHERE id BETWEEN 4075270 AND 4075370
	Index Only Scan using sbtest7_pkey on sbtest7  (cost=0.43..6.47 rows=102 width=4)
	  Index Cond: ((id >= 4075270) AND (id <= 4075370))

table 8 : explain SELECT id FROM sbtest8 WHERE id BETWEEN 4075270 AND 4075370
	Index Only Scan using sbtest8_pkey on sbtest8  (cost=0.43..6.45 rows=101 width=4)
	  Index Cond: ((id >= 4075270) AND (id <= 4075370))

explain: for range-covered :: explain SELECT id FROM sbtest%d WHERE id BETWEEN 5912096 AND 5912196
explain: for range-covered :: explain SELECT id FROM sbtest%d WHERE id BETWEEN 4075270 AND 4075370
for range-covered
table 1 : explain SELECT id FROM sbtest1 WHERE id BETWEEN 4452593 AND 4452693
	Index Only Scan using sbtest1_pkey on sbtest1  (cost=0.43..6.40 rows=98 width=4)
	  Index Cond: ((id >= 4452593) AND (id <= 4452693))

table 2 : explain SELECT id FROM sbtest2 WHERE id BETWEEN 4452593 AND 4452693
	Index Only Scan using sbtest2_pkey on sbtest2  (cost=0.43..6.40 rows=98 width=4)
	  Index Cond: ((id >= 4452593) AND (id <= 4452693))

table 3 : explain SELECT id FROM sbtest3 WHERE id BETWEEN 4452593 AND 4452693
	Index Only Scan using sbtest3_pkey on sbtest3  (cost=0.43..6.45 rows=101 width=4)
	  Index Cond: ((id >= 4452593) AND (id <= 4452693))

table 4 : explain SELECT id FROM sbtest4 WHERE id BETWEEN 4452593 AND 4452693
	Index Only Scan using sbtest4_pkey on sbtest4  (cost=0.43..6.58 rows=107 width=4)
	  Index Cond: ((id >= 4452593) AND (id <= 4452693))

table 5 : explain SELECT id FROM sbtest5 WHERE id BETWEEN 4452593 AND 4452693
	Index Only Scan using sbtest5_pkey on sbtest5  (cost=0.43..6.40 rows=98 width=4)
	  Index Cond: ((id >= 4452593) AND (id <= 4452693))

table 6 : explain SELECT id FROM sbtest6 WHERE id BETWEEN 4452593 AND 4452693
	Index Only Scan using sbtest6_pkey on sbtest6  (cost=0.43..6.42 rows=99 width=4)
	  Index Cond: ((id >= 4452593) AND (id <= 4452693))

table 7 : explain SELECT id FROM sbtest7 WHERE id BETWEEN 4452593 AND 4452693
	Index Only Scan using sbtest7_pkey on sbtest7  (cost=0.43..6.45 rows=101 width=4)
	  Index Cond: ((id >= 4452593) AND (id <= 4452693))

table 8 : explain SELECT id FROM sbtest8 WHERE id BETWEEN 4452593 AND 4452693
	Index Only Scan using sbtest8_pkey on sbtest8  (cost=0.43..6.47 rows=102 width=4)
	  Index Cond: ((id >= 4452593) AND (id <= 4452693))

for range-covered
table 1 : explain SELECT id FROM sbtest1 WHERE id BETWEEN 3598005 AND 3598105
	Index Only Scan using sbtest1_pkey on sbtest1  (cost=0.43..6.40 rows=98 width=4)
	  Index Cond: ((id >= 3598005) AND (id <= 3598105))

table 2 : explain SELECT id FROM sbtest2 WHERE id BETWEEN 3598005 AND 3598105
	Index Only Scan using sbtest2_pkey on sbtest2  (cost=0.43..6.42 rows=99 width=4)
	  Index Cond: ((id >= 3598005) AND (id <= 3598105))

table 3 : explain SELECT id FROM sbtest3 WHERE id BETWEEN 3598005 AND 3598105
	Index Only Scan using sbtest3_pkey on sbtest3  (cost=0.43..6.29 rows=93 width=4)
	  Index Cond: ((id >= 3598005) AND (id <= 3598105))

table 4 : explain SELECT id FROM sbtest4 WHERE id BETWEEN 3598005 AND 3598105
	Index Only Scan using sbtest4_pkey on sbtest4  (cost=0.43..6.66 rows=111 width=4)
	  Index Cond: ((id >= 3598005) AND (id <= 3598105))

table 5 : explain SELECT id FROM sbtest5 WHERE id BETWEEN 3598005 AND 3598105
	Index Only Scan using sbtest5_pkey on sbtest5  (cost=0.43..6.51 rows=104 width=4)
	  Index Cond: ((id >= 3598005) AND (id <= 3598105))

table 6 : explain SELECT id FROM sbtest6 WHERE id BETWEEN 3598005 AND 3598105
	Index Only Scan using sbtest6_pkey on sbtest6  (cost=0.43..6.59 rows=108 width=4)
	  Index Cond: ((id >= 3598005) AND (id <= 3598105))

table 7 : explain SELECT id FROM sbtest7 WHERE id BETWEEN 3598005 AND 3598105
	Index Only Scan using sbtest7_pkey on sbtest7  (cost=0.43..6.56 rows=106 width=4)
	  Index Cond: ((id >= 3598005) AND (id <= 3598105))

table 8 : explain SELECT id FROM sbtest8 WHERE id BETWEEN 3598005 AND 3598105
	Index Only Scan using sbtest8_pkey on sbtest8  (cost=0.43..6.37 rows=97 width=4)
	  Index Cond: ((id >= 3598005) AND (id <= 3598105))

for range-covered
table 1 : explain SELECT id FROM sbtest1 WHERE id BETWEEN 2807472 AND 2807572
	Index Only Scan using sbtest1_pkey on sbtest1  (cost=0.43..6.29 rows=93 width=4)
	  Index Cond: ((id >= 2807472) AND (id <= 2807572))

table 2 : explain SELECT id FROM sbtest2 WHERE id BETWEEN 2807472 AND 2807572
	Index Only Scan using sbtest2_pkey on sbtest2  (cost=0.43..6.37 rows=97 width=4)
	  Index Cond: ((id >= 2807472) AND (id <= 2807572))

table 3 : explain SELECT id FROM sbtest3 WHERE id BETWEEN 2807472 AND 2807572
	Index Only Scan using sbtest3_pkey on sbtest3  (cost=0.43..6.33 rows=95 width=4)
	  Index Cond: ((id >= 2807472) AND (id <= 2807572))

table 4 : explain SELECT id FROM sbtest4 WHERE id BETWEEN 2807472 AND 2807572
	Index Only Scan using sbtest4_pkey on sbtest4  (cost=0.43..6.56 rows=106 width=4)
	  Index Cond: ((id >= 2807472) AND (id <= 2807572))

table 5 : explain SELECT id FROM sbtest5 WHERE id BETWEEN 2807472 AND 2807572
	Index Only Scan using sbtest5_pkey on sbtest5  (cost=0.43..6.50 rows=103 width=4)
	  Index Cond: ((id >= 2807472) AND (id <= 2807572))

table 6 : explain SELECT id FROM sbtest6 WHERE id BETWEEN 2807472 AND 2807572
	Index Only Scan using sbtest6_pkey on sbtest6  (cost=0.43..6.61 rows=109 width=4)
	  Index Cond: ((id >= 2807472) AND (id <= 2807572))

table 7 : explain SELECT id FROM sbtest7 WHERE id BETWEEN 2807472 AND 2807572
	Index Only Scan using sbtest7_pkey on sbtest7  (cost=0.43..6.40 rows=98 width=4)
	  Index Cond: ((id >= 2807472) AND (id <= 2807572))

table 8 : explain SELECT id FROM sbtest8 WHERE id BETWEEN 2807472 AND 2807572
	Index Only Scan using sbtest8_pkey on sbtest8  (cost=0.43..6.29 rows=93 width=4)
	  Index Cond: ((id >= 2807472) AND (id <= 2807572))

for range-covered
table 1 : explain SELECT id FROM sbtest1 WHERE id BETWEEN 1695515 AND 1695615
	Index Only Scan using sbtest1_pkey on sbtest1  (cost=0.43..6.25 rows=91 width=4)
	  Index Cond: ((id >= 1695515) AND (id <= 1695615))

table 2 : explain SELECT id FROM sbtest2 WHERE id BETWEEN 1695515 AND 1695615
	Index Only Scan using sbtest2_pkey on sbtest2  (cost=0.43..6.42 rows=99 width=4)
	  Index Cond: ((id >= 1695515) AND (id <= 1695615))

table 3 : explain SELECT id FROM sbtest3 WHERE id BETWEEN 1695515 AND 1695615
	Index Only Scan using sbtest3_pkey on sbtest3  (cost=0.43..6.33 rows=95 width=4)
	  Index Cond: ((id >= 1695515) AND (id <= 1695615))

table 4 : explain SELECT id FROM sbtest4 WHERE id BETWEEN 1695515 AND 1695615
	Index Only Scan using sbtest4_pkey on sbtest4  (cost=0.43..6.35 rows=96 width=4)
	  Index Cond: ((id >= 1695515) AND (id <= 1695615))

table 5 : explain SELECT id FROM sbtest5 WHERE id BETWEEN 1695515 AND 1695615
	Index Only Scan using sbtest5_pkey on sbtest5  (cost=0.43..6.50 rows=103 width=4)
	  Index Cond: ((id >= 1695515) AND (id <= 1695615))

table 6 : explain SELECT id FROM sbtest6 WHERE id BETWEEN 1695515 AND 1695615
	Index Only Scan using sbtest6_pkey on sbtest6  (cost=0.43..6.56 rows=106 width=4)
	  Index Cond: ((id >= 1695515) AND (id <= 1695615))

table 7 : explain SELECT id FROM sbtest7 WHERE id BETWEEN 1695515 AND 1695615
	Index Only Scan using sbtest7_pkey on sbtest7  (cost=0.43..6.56 rows=106 width=4)
	  Index Cond: ((id >= 1695515) AND (id <= 1695615))

table 8 : explain SELECT id FROM sbtest8 WHERE id BETWEEN 1695515 AND 1695615
	Index Only Scan using sbtest8_pkey on sbtest8  (cost=0.43..6.37 rows=97 width=4)
	  Index Cond: ((id >= 1695515) AND (id <= 1695615))

for range-covered
table 1 : explain SELECT id FROM sbtest1 WHERE id BETWEEN 4075270 AND 4075370
	Index Only Scan using sbtest1_pkey on sbtest1  (cost=0.43..6.45 rows=101 width=4)
	  Index Cond: ((id >= 4075270) AND (id <= 4075370))

table 2 : explain SELECT id FROM sbtest2 WHERE id BETWEEN 4075270 AND 4075370
	Index Only Scan using sbtest2_pkey on sbtest2  (cost=0.43..6.43 rows=100 width=4)
	  Index Cond: ((id >= 4075270) AND (id <= 4075370))

table 3 : explain SELECT id FROM sbtest3 WHERE id BETWEEN 4075270 AND 4075370
	Index Only Scan using sbtest3_pkey on sbtest3  (cost=0.43..6.19 rows=88 width=4)
	  Index Cond: ((id >= 4075270) AND (id <= 4075370))

table 4 : explain SELECT id FROM sbtest4 WHERE id BETWEEN 4075270 AND 4075370
	Index Only Scan using sbtest4_pkey on sbtest4  (cost=0.43..6.37 rows=97 width=4)
	  Index Cond: ((id >= 4075270) AND (id <= 4075370))

table 5 : explain SELECT id FROM sbtest5 WHERE id BETWEEN 4075270 AND 4075370
	Index Only Scan using sbtest5_pkey on sbtest5  (cost=0.43..6.45 rows=101 width=4)
	  Index Cond: ((id >= 4075270) AND (id <= 4075370))

table 6 : explain SELECT id FROM sbtest6 WHERE id BETWEEN 4075270 AND 4075370
	Index Only Scan using sbtest6_pkey on sbtest6  (cost=0.43..6.66 rows=111 width=4)
	  Index Cond: ((id >= 4075270) AND (id <= 4075370))

table 7 : explain SELECT id FROM sbtest7 WHERE id BETWEEN 4075270 AND 4075370
	Index Only Scan using sbtest7_pkey on sbtest7  (cost=0.43..6.47 rows=102 width=4)
	  Index Cond: ((id >= 4075270) AND (id <= 4075370))

table 8 : explain SELECT id FROM sbtest8 WHERE id BETWEEN 4075270 AND 4075370
	Index Only Scan using sbtest8_pkey on sbtest8  (cost=0.43..6.45 rows=101 width=4)
	  Index Cond: ((id >= 4075270) AND (id <= 4075370))

explain: for range-covered :: explain SELECT id FROM sbtest%d WHERE id BETWEEN 4452593 AND 4452693for range-covered
table 1 : explain SELECT id FROM sbtest1 WHERE id BETWEEN 5912096 AND 5912196
	Index Only Scan using sbtest1_pkey on sbtest1  (cost=0.43..6.45 rows=101 width=4)
	  Index Cond: ((id >= 5912096) AND (id <= 5912196))

table 2 : explain SELECT id FROM sbtest2 WHERE id BETWEEN 5912096 AND 5912196
	Index Only Scan using sbtest2_pkey on sbtest2  (cost=0.43..6.53 rows=105 width=4)
	  Index Cond: ((id >= 5912096) AND (id <= 5912196))

table 3 : explain SELECT id FROM sbtest3 WHERE id BETWEEN 5912096 AND 5912196
	Index Only Scan using sbtest3_pkey on sbtest3  (cost=0.43..6.56 rows=106 width=4)
	  Index Cond: ((id >= 5912096) AND (id <= 5912196))

table 4 : explain SELECT id FROM sbtest4 WHERE id BETWEEN 5912096 AND 5912196
	Index Only Scan using sbtest4_pkey on sbtest4  (cost=0.43..6.56 rows=106 width=4)
	  Index Cond: ((id >= 5912096) AND (id <= 5912196))

table 5 : explain SELECT id FROM sbtest5 WHERE id BETWEEN 5912096 AND 5912196
	Index Only Scan using sbtest5_pkey on sbtest5  (cost=0.43..6.51 rows=104 width=4)
	  Index Cond: ((id >= 5912096) AND (id <= 5912196))

table 6 : explain SELECT id FROM sbtest6 WHERE id BETWEEN 5912096 AND 5912196
	Index Only Scan using sbtest6_pkey on sbtest6  (cost=0.43..6.45 rows=101 width=4)
	  Index Cond: ((id >= 5912096) AND (id <= 5912196))

table 7 : explain SELECT id FROM sbtest7 WHERE id BETWEEN 5912096 AND 5912196
	Index Only Scan using sbtest7_pkey on sbtest7  (cost=0.43..6.58 rows=107 width=4)
	  Index Cond: ((id >= 5912096) AND (id <= 5912196))

table 8 : explain SELECT id FROM sbtest8 WHERE id BETWEEN 5912096 AND 5912196
	Index Only Scan using sbtest8_pkey on sbtest8  (cost=0.43..6.21 rows=89 width=4)
	  Index Cond: ((id >= 5912096) AND (id <= 5912196))

explain: for range-covered :: explain SELECT id FROM sbtest%d WHERE id BETWEEN 3598005 AND 3598105

explain: for range-covered :: explain SELECT id FROM sbtest%d WHERE id BETWEEN 1695515 AND 1695615
explain: for range-covered :: explain SELECT id FROM sbtest%d WHERE id BETWEEN 4075270 AND 4075370
explain: for range-covered :: explain SELECT id FROM sbtest%d WHERE id BETWEEN 5912096 AND 5912196
explain: for range-covered :: explain SELECT id FROM sbtest%d WHERE id BETWEEN 2807472 AND 2807572
for range-covered
table 1 : explain SELECT id FROM sbtest1 WHERE id BETWEEN 3967415 AND 3967515
	Index Only Scan using sbtest1_pkey on sbtest1  (cost=0.43..6.51 rows=104 width=4)
	  Index Cond: ((id >= 3967415) AND (id <= 3967515))

table 2 : explain SELECT id FROM sbtest2 WHERE id BETWEEN 3967415 AND 3967515
	Index Only Scan using sbtest2_pkey on sbtest2  (cost=0.43..6.43 rows=100 width=4)
	  Index Cond: ((id >= 3967415) AND (id <= 3967515))

table 3 : explain SELECT id FROM sbtest3 WHERE id BETWEEN 3967415 AND 3967515
	Index Only Scan using sbtest3_pkey on sbtest3  (cost=0.43..6.67 rows=112 width=4)
	  Index Cond: ((id >= 3967415) AND (id <= 3967515))

table 4 : explain SELECT id FROM sbtest4 WHERE id BETWEEN 3967415 AND 3967515
	Index Only Scan using sbtest4_pkey on sbtest4  (cost=0.43..6.45 rows=101 width=4)
	  Index Cond: ((id >= 3967415) AND (id <= 3967515))

table 5 : explain SELECT id FROM sbtest5 WHERE id BETWEEN 3967415 AND 3967515
	Index Only Scan using sbtest5_pkey on sbtest5  (cost=0.43..6.53 rows=105 width=4)
	  Index Cond: ((id >= 3967415) AND (id <= 3967515))

table 6 : explain SELECT id FROM sbtest6 WHERE id BETWEEN 3967415 AND 3967515
	Index Only Scan using sbtest6_pkey on sbtest6  (cost=0.43..6.45 rows=101 width=4)
	  Index Cond: ((id >= 3967415) AND (id <= 3967515))

table 7 : explain SELECT id FROM sbtest7 WHERE id BETWEEN 3967415 AND 3967515
	Index Only Scan using sbtest7_pkey on sbtest7  (cost=0.43..6.45 rows=101 width=4)
	  Index Cond: ((id >= 3967415) AND (id <= 3967515))

table 8 : explain SELECT id FROM sbtest8 WHERE id BETWEEN 3967415 AND 3967515
	Index Only Scan using sbtest8_pkey on sbtest8  (cost=0.43..6.47 rows=102 width=4)
	  Index Cond: ((id >= 3967415) AND (id <= 3967515))

for range-covered
table 1 : explain SELECT id FROM sbtest1 WHERE id BETWEEN 1695515 AND 1695615
	Index Only Scan using sbtest1_pkey on sbtest1  (cost=0.43..6.25 rows=91 width=4)
	  Index Cond: ((id >= 1695515) AND (id <= 1695615))

table 2 : explain SELECT id FROM sbtest2 WHERE id BETWEEN 1695515 AND 1695615
	Index Only Scan using sbtest2_pkey on sbtest2  (cost=0.43..6.42 rows=99 width=4)
	  Index Cond: ((id >= 1695515) AND (id <= 1695615))

table 3 : explain SELECT id FROM sbtest3 WHERE id BETWEEN 1695515 AND 1695615
	Index Only Scan using sbtest3_pkey on sbtest3  (cost=0.43..6.33 rows=95 width=4)
	  Index Cond: ((id >= 1695515) AND (id <= 1695615))

table 4 : explain SELECT id FROM sbtest4 WHERE id BETWEEN 1695515 AND 1695615
	Index Only Scan using sbtest4_pkey on sbtest4  (cost=0.43..6.35 rows=96 width=4)
	  Index Cond: ((id >= 1695515) AND (id <= 1695615))

table 5 : explain SELECT id FROM sbtest5 WHERE id BETWEEN 1695515 AND 1695615
	Index Only Scan using sbtest5_pkey on sbtest5  (cost=0.43..6.50 rows=103 width=4)
	  Index Cond: ((id >= 1695515) AND (id <= 1695615))

table 6 : explain SELECT id FROM sbtest6 WHERE id BETWEEN 1695515 AND 1695615
	Index Only Scan using sbtest6_pkey on sbtest6  (cost=0.43..6.56 rows=106 width=4)
	  Index Cond: ((id >= 1695515) AND (id <= 1695615))

table 7 : explain SELECT id FROM sbtest7 WHERE id BETWEEN 1695515 AND 1695615
	Index Only Scan using sbtest7_pkey on sbtest7  (cost=0.43..6.56 rows=106 width=4)
	  Index Cond: ((id >= 1695515) AND (id <= 1695615))

table 8 : explain SELECT id FROM sbtest8 WHERE id BETWEEN 1695515 AND 1695615
	Index Only Scan using sbtest8_pkey on sbtest8  (cost=0.43..6.37 rows=97 width=4)
	  Index Cond: ((id >= 1695515) AND (id <= 1695615))

for range-covered
table 1 : explain SELECT id FROM sbtest1 WHERE id BETWEEN 5912096 AND 5912196
	Index Only Scan using sbtest1_pkey on sbtest1  (cost=0.43..6.45 rows=101 width=4)
	  Index Cond: ((id >= 5912096) AND (id <= 5912196))

table 2 : explain SELECT id FROM sbtest2 WHERE id BETWEEN 5912096 AND 5912196
	Index Only Scan using sbtest2_pkey on sbtest2  (cost=0.43..6.53 rows=105 width=4)
	  Index Cond: ((id >= 5912096) AND (id <= 5912196))

table 3 : explain SELECT id FROM sbtest3 WHERE id BETWEEN 5912096 AND 5912196
	Index Only Scan using sbtest3_pkey on sbtest3  (cost=0.43..6.56 rows=106 width=4)
	  Index Cond: ((id >= 5912096) AND (id <= 5912196))

table 4 : explain SELECT id FROM sbtest4 WHERE id BETWEEN 5912096 AND 5912196
	Index Only Scan using sbtest4_pkey on sbtest4  (cost=0.43..6.56 rows=106 width=4)
	  Index Cond: ((id >= 5912096) AND (id <= 5912196))

table 5 : explain SELECT id FROM sbtest5 WHERE id BETWEEN 5912096 AND 5912196
	Index Only Scan using sbtest5_pkey on sbtest5  (cost=0.43..6.51 rows=104 width=4)
	  Index Cond: ((id >= 5912096) AND (id <= 5912196))

table 6 : explain SELECT id FROM sbtest6 WHERE id BETWEEN 5912096 AND 5912196
	Index Only Scan using sbtest6_pkey on sbtest6  (cost=0.43..6.45 rows=101 width=4)
	  Index Cond: ((id >= 5912096) AND (id <= 5912196))

table 7 : explain SELECT id FROM sbtest7 WHERE id BETWEEN 5912096 AND 5912196
	Index Only Scan using sbtest7_pkey on sbtest7  (cost=0.43..6.58 rows=107 width=4)
	  Index Cond: ((id >= 5912096) AND (id <= 5912196))

table 8 : explain SELECT id FROM sbtest8 WHERE id BETWEEN 5912096 AND 5912196
	Index Only Scan using sbtest8_pkey on sbtest8  (cost=0.43..6.21 rows=89 width=4)
	  Index Cond: ((id >= 5912096) AND (id <= 5912196))

for range-covered
table 1 : explain SELECT id FROM sbtest1 WHERE id BETWEEN 4075270 AND 4075370
	Index Only Scan using sbtest1_pkey on sbtest1  (cost=0.43..6.45 rows=101 width=4)
	  Index Cond: ((id >= 4075270) AND (id <= 4075370))

table 2 : explain SELECT id FROM sbtest2 WHERE id BETWEEN 4075270 AND 4075370
	Index Only Scan using sbtest2_pkey on sbtest2  (cost=0.43..6.43 rows=100 width=4)
	  Index Cond: ((id >= 4075270) AND (id <= 4075370))

table 3 : explain SELECT id FROM sbtest3 WHERE id BETWEEN 4075270 AND 4075370
	Index Only Scan using sbtest3_pkey on sbtest3  (cost=0.43..6.19 rows=88 width=4)
	  Index Cond: ((id >= 4075270) AND (id <= 4075370))

table 4 : explain SELECT id FROM sbtest4 WHERE id BETWEEN 4075270 AND 4075370
	Index Only Scan using sbtest4_pkey on sbtest4  (cost=0.43..6.37 rows=97 width=4)
	  Index Cond: ((id >= 4075270) AND (id <= 4075370))

table 5 : explain SELECT id FROM sbtest5 WHERE id BETWEEN 4075270 AND 4075370
	Index Only Scan using sbtest5_pkey on sbtest5  (cost=0.43..6.45 rows=101 width=4)
	  Index Cond: ((id >= 4075270) AND (id <= 4075370))

table 6 : explain SELECT id FROM sbtest6 WHERE id BETWEEN 4075270 AND 4075370
	Index Only Scan using sbtest6_pkey on sbtest6  (cost=0.43..6.66 rows=111 width=4)
	  Index Cond: ((id >= 4075270) AND (id <= 4075370))

table 7 : explain SELECT id FROM sbtest7 WHERE id BETWEEN 4075270 AND 4075370
	Index Only Scan using sbtest7_pkey on sbtest7  (cost=0.43..6.47 rows=102 width=4)
	  Index Cond: ((id >= 4075270) AND (id <= 4075370))

table 8 : explain SELECT id FROM sbtest8 WHERE id BETWEEN 4075270 AND 4075370
	Index Only Scan using sbtest8_pkey on sbtest8  (cost=0.43..6.45 rows=101 width=4)
	  Index Cond: ((id >= 4075270) AND (id <= 4075370))

explain: for range-covered :: explain SELECT id FROM sbtest%d WHERE id BETWEEN 1695515 AND 1695615
explain: for range-covered :: explain SELECT id FROM sbtest%d WHERE id BETWEEN 5912096 AND 5912196
explain: for range-covered :: explain SELECT id FROM sbtest%d WHERE id BETWEEN 4075270 AND 4075370
for range-covered
table 1 : explain SELECT id FROM sbtest1 WHERE id BETWEEN 3598005 AND 3598105
	Index Only Scan using sbtest1_pkey on sbtest1  (cost=0.43..6.40 rows=98 width=4)
	  Index Cond: ((id >= 3598005) AND (id <= 3598105))

table 2 : explain SELECT id FROM sbtest2 WHERE id BETWEEN 3598005 AND 3598105
	Index Only Scan using sbtest2_pkey on sbtest2  (cost=0.43..6.42 rows=99 width=4)
	  Index Cond: ((id >= 3598005) AND (id <= 3598105))

table 3 : explain SELECT id FROM sbtest3 WHERE id BETWEEN 3598005 AND 3598105
	Index Only Scan using sbtest3_pkey on sbtest3  (cost=0.43..6.29 rows=93 width=4)
	  Index Cond: ((id >= 3598005) AND (id <= 3598105))

table 4 : explain SELECT id FROM sbtest4 WHERE id BETWEEN 3598005 AND 3598105
	Index Only Scan using sbtest4_pkey on sbtest4  (cost=0.43..6.66 rows=111 width=4)
	  Index Cond: ((id >= 3598005) AND (id <= 3598105))

table 5 : explain SELECT id FROM sbtest5 WHERE id BETWEEN 3598005 AND 3598105
	Index Only Scan using sbtest5_pkey on sbtest5  (cost=0.43..6.51 rows=104 width=4)
	  Index Cond: ((id >= 3598005) AND (id <= 3598105))

table 6 : explain SELECT id FROM sbtest6 WHERE id BETWEEN 3598005 AND 3598105
	Index Only Scan using sbtest6_pkey on sbtest6  (cost=0.43..6.59 rows=108 width=4)
	  Index Cond: ((id >= 3598005) AND (id <= 3598105))

table 7 : explain SELECT id FROM sbtest7 WHERE id BETWEEN 3598005 AND 3598105
	Index Only Scan using sbtest7_pkey on sbtest7  (cost=0.43..6.56 rows=106 width=4)
	  Index Cond: ((id >= 3598005) AND (id <= 3598105))

table 8 : explain SELECT id FROM sbtest8 WHERE id BETWEEN 3598005 AND 3598105
	Index Only Scan using sbtest8_pkey on sbtest8  (cost=0.43..6.37 rows=97 width=4)
	  Index Cond: ((id >= 3598005) AND (id <= 3598105))

explain: for range-covered :: explain SELECT id FROM sbtest%d WHERE id BETWEEN 3598005 AND 3598105
for range-covered
table 1 : explain SELECT id FROM sbtest1 WHERE id BETWEEN 4452593 AND 4452693
	Index Only Scan using sbtest1_pkey on sbtest1  (cost=0.43..6.40 rows=98 width=4)
	  Index Cond: ((id >= 4452593) AND (id <= 4452693))

table 2 : explain SELECT id FROM sbtest2 WHERE id BETWEEN 4452593 AND 4452693
	Index Only Scan using sbtest2_pkey on sbtest2  (cost=0.43..6.40 rows=98 width=4)
	  Index Cond: ((id >= 4452593) AND (id <= 4452693))

table 3 : explain SELECT id FROM sbtest3 WHERE id BETWEEN 4452593 AND 4452693
	Index Only Scan using sbtest3_pkey on sbtest3  (cost=0.43..6.45 rows=101 width=4)
	  Index Cond: ((id >= 4452593) AND (id <= 4452693))

table 4 : explain SELECT id FROM sbtest4 WHERE id BETWEEN 4452593 AND 4452693
	Index Only Scan using sbtest4_pkey on sbtest4  (cost=0.43..6.58 rows=107 width=4)
	  Index Cond: ((id >= 4452593) AND (id <= 4452693))

table 5 : explain SELECT id FROM sbtest5 WHERE id BETWEEN 4452593 AND 4452693
	Index Only Scan using sbtest5_pkey on sbtest5  (cost=0.43..6.40 rows=98 width=4)
	  Index Cond: ((id >= 4452593) AND (id <= 4452693))

table 6 : explain SELECT id FROM sbtest6 WHERE id BETWEEN 4452593 AND 4452693
	Index Only Scan using sbtest6_pkey on sbtest6  (cost=0.43..6.42 rows=99 width=4)
	  Index Cond: ((id >= 4452593) AND (id <= 4452693))

table 7 : explain SELECT id FROM sbtest7 WHERE id BETWEEN 4452593 AND 4452693
	Index Only Scan using sbtest7_pkey on sbtest7  (cost=0.43..6.45 rows=101 width=4)
	  Index Cond: ((id >= 4452593) AND (id <= 4452693))

table 8 : explain SELECT id FROM sbtest8 WHERE id BETWEEN 4452593 AND 4452693
	Index Only Scan using sbtest8_pkey on sbtest8  (cost=0.43..6.47 rows=102 width=4)
	  Index Cond: ((id >= 4452593) AND (id <= 4452693))

for range-covered
table 1 : explain SELECT id FROM sbtest1 WHERE id BETWEEN 1695515 AND 1695615
	Index Only Scan using sbtest1_pkey on sbtest1  (cost=0.43..6.25 rows=91 width=4)
	  Index Cond: ((id >= 1695515) AND (id <= 1695615))

table 2 : explain SELECT id FROM sbtest2 WHERE id BETWEEN 1695515 AND 1695615
	Index Only Scan using sbtest2_pkey on sbtest2  (cost=0.43..6.42 rows=99 width=4)
	  Index Cond: ((id >= 1695515) AND (id <= 1695615))

table 3 : explain SELECT id FROM sbtest3 WHERE id BETWEEN 1695515 AND 1695615
	Index Only Scan using sbtest3_pkey on sbtest3  (cost=0.43..6.33 rows=95 width=4)
	  Index Cond: ((id >= 1695515) AND (id <= 1695615))

table 4 : explain SELECT id FROM sbtest4 WHERE id BETWEEN 1695515 AND 1695615
	Index Only Scan using sbtest4_pkey on sbtest4  (cost=0.43..6.35 rows=96 width=4)
	  Index Cond: ((id >= 1695515) AND (id <= 1695615))

table 5 : explain SELECT id FROM sbtest5 WHERE id BETWEEN 1695515 AND 1695615
	Index Only Scan using sbtest5_pkey on sbtest5  (cost=0.43..6.50 rows=103 width=4)
	  Index Cond: ((id >= 1695515) AND (id <= 1695615))

table 6 : explain SELECT id FROM sbtest6 WHERE id BETWEEN 1695515 AND 1695615
	Index Only Scan using sbtest6_pkey on sbtest6  (cost=0.43..6.56 rows=106 width=4)
	  Index Cond: ((id >= 1695515) AND (id <= 1695615))

table 7 : explain SELECT id FROM sbtest7 WHERE id BETWEEN 1695515 AND 1695615
	Index Only Scan using sbtest7_pkey on sbtest7  (cost=0.43..6.56 rows=106 width=4)
	  Index Cond: ((id >= 1695515) AND (id <= 1695615))

table 8 : explain SELECT id FROM sbtest8 WHERE id BETWEEN 1695515 AND 1695615
	Index Only Scan using sbtest8_pkey on sbtest8  (cost=0.43..6.37 rows=97 width=4)
	  Index Cond: ((id >= 1695515) AND (id <= 1695615))

for range-covered
table 1 : explain SELECT id FROM sbtest1 WHERE id BETWEEN 5912096 AND 5912196
	Index Only Scan using sbtest1_pkey on sbtest1  (cost=0.43..6.45 rows=101 width=4)
	  Index Cond: ((id >= 5912096) AND (id <= 5912196))

table 2 : explain SELECT id FROM sbtest2 WHERE id BETWEEN 5912096 AND 5912196
	Index Only Scan using sbtest2_pkey on sbtest2  (cost=0.43..6.53 rows=105 width=4)
	  Index Cond: ((id >= 5912096) AND (id <= 5912196))

table 3 : explain SELECT id FROM sbtest3 WHERE id BETWEEN 5912096 AND 5912196
	Index Only Scan using sbtest3_pkey on sbtest3  (cost=0.43..6.56 rows=106 width=4)
	  Index Cond: ((id >= 5912096) AND (id <= 5912196))

table 4 : explain SELECT id FROM sbtest4 WHERE id BETWEEN 5912096 AND 5912196
	Index Only Scan using sbtest4_pkey on sbtest4  (cost=0.43..6.56 rows=106 width=4)
	  Index Cond: ((id >= 5912096) AND (id <= 5912196))

table 5 : explain SELECT id FROM sbtest5 WHERE id BETWEEN 5912096 AND 5912196
	Index Only Scan using sbtest5_pkey on sbtest5  (cost=0.43..6.51 rows=104 width=4)
	  Index Cond: ((id >= 5912096) AND (id <= 5912196))

table 6 : explain SELECT id FROM sbtest6 WHERE id BETWEEN 5912096 AND 5912196
	Index Only Scan using sbtest6_pkey on sbtest6  (cost=0.43..6.45 rows=101 width=4)
	  Index Cond: ((id >= 5912096) AND (id <= 5912196))

table 7 : explain SELECT id FROM sbtest7 WHERE id BETWEEN 5912096 AND 5912196
	Index Only Scan using sbtest7_pkey on sbtest7  (cost=0.43..6.58 rows=107 width=4)
	  Index Cond: ((id >= 5912096) AND (id <= 5912196))

table 8 : explain SELECT id FROM sbtest8 WHERE id BETWEEN 5912096 AND 5912196
	Index Only Scan using sbtest8_pkey on sbtest8  (cost=0.43..6.21 rows=89 width=4)
	  Index Cond: ((id >= 5912096) AND (id <= 5912196))

for range-covered
table 1 : explain SELECT id FROM sbtest1 WHERE id BETWEEN 2807472 AND 2807572
	Index Only Scan using sbtest1_pkey on sbtest1  (cost=0.43..6.29 rows=93 width=4)
	  Index Cond: ((id >= 2807472) AND (id <= 2807572))

table 2 : explain SELECT id FROM sbtest2 WHERE id BETWEEN 2807472 AND 2807572
	Index Only Scan using sbtest2_pkey on sbtest2  (cost=0.43..6.37 rows=97 width=4)
	  Index Cond: ((id >= 2807472) AND (id <= 2807572))

table 3 : explain SELECT id FROM sbtest3 WHERE id BETWEEN 2807472 AND 2807572
	Index Only Scan using sbtest3_pkey on sbtest3  (cost=0.43..6.33 rows=95 width=4)
	  Index Cond: ((id >= 2807472) AND (id <= 2807572))

table 4 : explain SELECT id FROM sbtest4 WHERE id BETWEEN 2807472 AND 2807572
	Index Only Scan using sbtest4_pkey on sbtest4  (cost=0.43..6.56 rows=106 width=4)
	  Index Cond: ((id >= 2807472) AND (id <= 2807572))

table 5 : explain SELECT id FROM sbtest5 WHERE id BETWEEN 2807472 AND 2807572
	Index Only Scan using sbtest5_pkey on sbtest5  (cost=0.43..6.50 rows=103 width=4)
	  Index Cond: ((id >= 2807472) AND (id <= 2807572))

table 6 : explain SELECT id FROM sbtest6 WHERE id BETWEEN 2807472 AND 2807572
	Index Only Scan using sbtest6_pkey on sbtest6  (cost=0.43..6.61 rows=109 width=4)
	  Index Cond: ((id >= 2807472) AND (id <= 2807572))

table 7 : explain SELECT id FROM sbtest7 WHERE id BETWEEN 2807472 AND 2807572
	Index Only Scan using sbtest7_pkey on sbtest7  (cost=0.43..6.40 rows=98 width=4)
	  Index Cond: ((id >= 2807472) AND (id <= 2807572))

table 8 : explain SELECT id FROM sbtest8 WHERE id BETWEEN 2807472 AND 2807572
	Index Only Scan using sbtest8_pkey on sbtest8  (cost=0.43..6.29 rows=93 width=4)
	  Index Cond: ((id >= 2807472) AND (id <= 2807572))

for range-covered
table 1 : explain SELECT id FROM sbtest1 WHERE id BETWEEN 4075270 AND 4075370
	Index Only Scan using sbtest1_pkey on sbtest1  (cost=0.43..6.45 rows=101 width=4)
	  Index Cond: ((id >= 4075270) AND (id <= 4075370))

table 2 : explain SELECT id FROM sbtest2 WHERE id BETWEEN 4075270 AND 4075370
	Index Only Scan using sbtest2_pkey on sbtest2  (cost=0.43..6.43 rows=100 width=4)
	  Index Cond: ((id >= 4075270) AND (id <= 4075370))

table 3 : explain SELECT id FROM sbtest3 WHERE id BETWEEN 4075270 AND 4075370
	Index Only Scan using sbtest3_pkey on sbtest3  (cost=0.43..6.19 rows=88 width=4)
	  Index Cond: ((id >= 4075270) AND (id <= 4075370))

table 4 : explain SELECT id FROM sbtest4 WHERE id BETWEEN 4075270 AND 4075370
	Index Only Scan using sbtest4_pkey on sbtest4  (cost=0.43..6.37 rows=97 width=4)
	  Index Cond: ((id >= 4075270) AND (id <= 4075370))

table 5 : explain SELECT id FROM sbtest5 WHERE id BETWEEN 4075270 AND 4075370
	Index Only Scan using sbtest5_pkey on sbtest5  (cost=0.43..6.45 rows=101 width=4)
	  Index Cond: ((id >= 4075270) AND (id <= 4075370))

table 6 : explain SELECT id FROM sbtest6 WHERE id BETWEEN 4075270 AND 4075370
	Index Only Scan using sbtest6_pkey on sbtest6  (cost=0.43..6.66 rows=111 width=4)
	  Index Cond: ((id >= 4075270) AND (id <= 4075370))

table 7 : explain SELECT id FROM sbtest7 WHERE id BETWEEN 4075270 AND 4075370
	Index Only Scan using sbtest7_pkey on sbtest7  (cost=0.43..6.47 rows=102 width=4)
	  Index Cond: ((id >= 4075270) AND (id <= 4075370))

table 8 : explain SELECT id FROM sbtest8 WHERE id BETWEEN 4075270 AND 4075370
	Index Only Scan using sbtest8_pkey on sbtest8  (cost=0.43..6.45 rows=101 width=4)
	  Index Cond: ((id >= 4075270) AND (id <= 4075370))

explain: for range-covered :: explain SELECT id FROM sbtest%d WHERE id BETWEEN 1695515 AND 1695615
explain: for range-covered :: explain SELECT id FROM sbtest%d WHERE id BETWEEN 5912096 AND 5912196
explain: for range-covered :: explain SELECT id FROM sbtest%d WHERE id BETWEEN 4452593 AND 4452693
explain: for range-covered :: explain SELECT id FROM sbtest%d WHERE id BETWEEN 4075270 AND 4075370
explain: for range-covered :: explain SELECT id FROM sbtest%d WHERE id BETWEEN 2807472 AND 2807572
for range-covered
table 1 : explain SELECT id FROM sbtest1 WHERE id BETWEEN 3598005 AND 3598105
	Index Only Scan using sbtest1_pkey on sbtest1  (cost=0.43..6.40 rows=98 width=4)
	  Index Cond: ((id >= 3598005) AND (id <= 3598105))

table 2 : explain SELECT id FROM sbtest2 WHERE id BETWEEN 3598005 AND 3598105
	Index Only Scan using sbtest2_pkey on sbtest2  (cost=0.43..6.42 rows=99 width=4)
	  Index Cond: ((id >= 3598005) AND (id <= 3598105))

table 3 : explain SELECT id FROM sbtest3 WHERE id BETWEEN 3598005 AND 3598105
	Index Only Scan using sbtest3_pkey on sbtest3  (cost=0.43..6.29 rows=93 width=4)
	  Index Cond: ((id >= 3598005) AND (id <= 3598105))

table 4 : explain SELECT id FROM sbtest4 WHERE id BETWEEN 3598005 AND 3598105
	Index Only Scan using sbtest4_pkey on sbtest4  (cost=0.43..6.66 rows=111 width=4)
	  Index Cond: ((id >= 3598005) AND (id <= 3598105))

table 5 : explain SELECT id FROM sbtest5 WHERE id BETWEEN 3598005 AND 3598105
	Index Only Scan using sbtest5_pkey on sbtest5  (cost=0.43..6.51 rows=104 width=4)
	  Index Cond: ((id >= 3598005) AND (id <= 3598105))

table 6 : explain SELECT id FROM sbtest6 WHERE id BETWEEN 3598005 AND 3598105
	Index Only Scan using sbtest6_pkey on sbtest6  (cost=0.43..6.59 rows=108 width=4)
	  Index Cond: ((id >= 3598005) AND (id <= 3598105))

table 7 : explain SELECT id FROM sbtest7 WHERE id BETWEEN 3598005 AND 3598105
	Index Only Scan using sbtest7_pkey on sbtest7  (cost=0.43..6.56 rows=106 width=4)
	  Index Cond: ((id >= 3598005) AND (id <= 3598105))

table 8 : explain SELECT id FROM sbtest8 WHERE id BETWEEN 3598005 AND 3598105
	Index Only Scan using sbtest8_pkey on sbtest8  (cost=0.43..6.37 rows=97 width=4)
	  Index Cond: ((id >= 3598005) AND (id <= 3598105))

explain: for range-covered :: explain SELECT id FROM sbtest%d WHERE id BETWEEN 3598005 AND 3598105
for range-covered
table 1 : explain SELECT id FROM sbtest1 WHERE id BETWEEN 1695515 AND 1695615
	Index Only Scan using sbtest1_pkey on sbtest1  (cost=0.43..6.25 rows=91 width=4)
	  Index Cond: ((id >= 1695515) AND (id <= 1695615))

table 2 : explain SELECT id FROM sbtest2 WHERE id BETWEEN 1695515 AND 1695615
	Index Only Scan using sbtest2_pkey on sbtest2  (cost=0.43..6.42 rows=99 width=4)
	  Index Cond: ((id >= 1695515) AND (id <= 1695615))

table 3 : explain SELECT id FROM sbtest3 WHERE id BETWEEN 1695515 AND 1695615
	Index Only Scan using sbtest3_pkey on sbtest3  (cost=0.43..6.33 rows=95 width=4)
	  Index Cond: ((id >= 1695515) AND (id <= 1695615))

table 4 : explain SELECT id FROM sbtest4 WHERE id BETWEEN 1695515 AND 1695615
	Index Only Scan using sbtest4_pkey on sbtest4  (cost=0.43..6.35 rows=96 width=4)
	  Index Cond: ((id >= 1695515) AND (id <= 1695615))

table 5 : explain SELECT id FROM sbtest5 WHERE id BETWEEN 1695515 AND 1695615
	Index Only Scan using sbtest5_pkey on sbtest5  (cost=0.43..6.50 rows=103 width=4)
	  Index Cond: ((id >= 1695515) AND (id <= 1695615))

table 6 : explain SELECT id FROM sbtest6 WHERE id BETWEEN 1695515 AND 1695615
	Index Only Scan using sbtest6_pkey on sbtest6  (cost=0.43..6.56 rows=106 width=4)
	  Index Cond: ((id >= 1695515) AND (id <= 1695615))

table 7 : explain SELECT id FROM sbtest7 WHERE id BETWEEN 1695515 AND 1695615
	Index Only Scan using sbtest7_pkey on sbtest7  (cost=0.43..6.56 rows=106 width=4)
	  Index Cond: ((id >= 1695515) AND (id <= 1695615))

table 8 : explain SELECT id FROM sbtest8 WHERE id BETWEEN 1695515 AND 1695615
	Index Only Scan using sbtest8_pkey on sbtest8  (cost=0.43..6.37 rows=97 width=4)
	  Index Cond: ((id >= 1695515) AND (id <= 1695615))

for range-covered
table 1 : explain SELECT id FROM sbtest1 WHERE id BETWEEN 5912096 AND 5912196
	Index Only Scan using sbtest1_pkey on sbtest1  (cost=0.43..6.45 rows=101 width=4)
	  Index Cond: ((id >= 5912096) AND (id <= 5912196))

table 2 : explain SELECT id FROM sbtest2 WHERE id BETWEEN 5912096 AND 5912196
	Index Only Scan using sbtest2_pkey on sbtest2  (cost=0.43..6.53 rows=105 width=4)
	  Index Cond: ((id >= 5912096) AND (id <= 5912196))

table 3 : explain SELECT id FROM sbtest3 WHERE id BETWEEN 5912096 AND 5912196
	Index Only Scan using sbtest3_pkey on sbtest3  (cost=0.43..6.56 rows=106 width=4)
	  Index Cond: ((id >= 5912096) AND (id <= 5912196))

table 4 : explain SELECT id FROM sbtest4 WHERE id BETWEEN 5912096 AND 5912196
	Index Only Scan using sbtest4_pkey on sbtest4  (cost=0.43..6.56 rows=106 width=4)
	  Index Cond: ((id >= 5912096) AND (id <= 5912196))

table 5 : explain SELECT id FROM sbtest5 WHERE id BETWEEN 5912096 AND 5912196
	Index Only Scan using sbtest5_pkey on sbtest5  (cost=0.43..6.51 rows=104 width=4)
	  Index Cond: ((id >= 5912096) AND (id <= 5912196))

table 6 : explain SELECT id FROM sbtest6 WHERE id BETWEEN 5912096 AND 5912196
	Index Only Scan using sbtest6_pkey on sbtest6  (cost=0.43..6.45 rows=101 width=4)
	  Index Cond: ((id >= 5912096) AND (id <= 5912196))

table 7 : explain SELECT id FROM sbtest7 WHERE id BETWEEN 5912096 AND 5912196
	Index Only Scan using sbtest7_pkey on sbtest7  (cost=0.43..6.58 rows=107 width=4)
	  Index Cond: ((id >= 5912096) AND (id <= 5912196))

table 8 : explain SELECT id FROM sbtest8 WHERE id BETWEEN 5912096 AND 5912196
	Index Only Scan using sbtest8_pkey on sbtest8  (cost=0.43..6.21 rows=89 width=4)
	  Index Cond: ((id >= 5912096) AND (id <= 5912196))

for range-covered
table 1 : explain SELECT id FROM sbtest1 WHERE id BETWEEN 4075270 AND 4075370
	Index Only Scan using sbtest1_pkey on sbtest1  (cost=0.43..6.45 rows=101 width=4)
	  Index Cond: ((id >= 4075270) AND (id <= 4075370))

table 2 : explain SELECT id FROM sbtest2 WHERE id BETWEEN 4075270 AND 4075370
	Index Only Scan using sbtest2_pkey on sbtest2  (cost=0.43..6.43 rows=100 width=4)
	  Index Cond: ((id >= 4075270) AND (id <= 4075370))

table 3 : explain SELECT id FROM sbtest3 WHERE id BETWEEN 4075270 AND 4075370
	Index Only Scan using sbtest3_pkey on sbtest3  (cost=0.43..6.19 rows=88 width=4)
	  Index Cond: ((id >= 4075270) AND (id <= 4075370))

table 4 : explain SELECT id FROM sbtest4 WHERE id BETWEEN 4075270 AND 4075370
	Index Only Scan using sbtest4_pkey on sbtest4  (cost=0.43..6.37 rows=97 width=4)
	  Index Cond: ((id >= 4075270) AND (id <= 4075370))

table 5 : explain SELECT id FROM sbtest5 WHERE id BETWEEN 4075270 AND 4075370
	Index Only Scan using sbtest5_pkey on sbtest5  (cost=0.43..6.45 rows=101 width=4)
	  Index Cond: ((id >= 4075270) AND (id <= 4075370))

table 6 : explain SELECT id FROM sbtest6 WHERE id BETWEEN 4075270 AND 4075370
	Index Only Scan using sbtest6_pkey on sbtest6  (cost=0.43..6.66 rows=111 width=4)
	  Index Cond: ((id >= 4075270) AND (id <= 4075370))

table 7 : explain SELECT id FROM sbtest7 WHERE id BETWEEN 4075270 AND 4075370
	Index Only Scan using sbtest7_pkey on sbtest7  (cost=0.43..6.47 rows=102 width=4)
	  Index Cond: ((id >= 4075270) AND (id <= 4075370))

table 8 : explain SELECT id FROM sbtest8 WHERE id BETWEEN 4075270 AND 4075370
	Index Only Scan using sbtest8_pkey on sbtest8  (cost=0.43..6.45 rows=101 width=4)
	  Index Cond: ((id >= 4075270) AND (id <= 4075370))

explain: for range-covered :: explain SELECT id FROM sbtest%d WHERE id BETWEEN 1695515 AND 1695615
explain: for range-covered :: explain SELECT id FROM sbtest%d WHERE id BETWEEN 5912096 AND 5912196
for range-covered
table 1 : explain SELECT id FROM sbtest1 WHERE id BETWEEN 3598005 AND 3598105
	Index Only Scan using sbtest1_pkey on sbtest1  (cost=0.43..6.40 rows=98 width=4)
	  Index Cond: ((id >= 3598005) AND (id <= 3598105))

table 2 : explain SELECT id FROM sbtest2 WHERE id BETWEEN 3598005 AND 3598105
	Index Only Scan using sbtest2_pkey on sbtest2  (cost=0.43..6.42 rows=99 width=4)
	  Index Cond: ((id >= 3598005) AND (id <= 3598105))

table 3 : explain SELECT id FROM sbtest3 WHERE id BETWEEN 3598005 AND 3598105
	Index Only Scan using sbtest3_pkey on sbtest3  (cost=0.43..6.29 rows=93 width=4)
	  Index Cond: ((id >= 3598005) AND (id <= 3598105))

table 4 : explain SELECT id FROM sbtest4 WHERE id BETWEEN 3598005 AND 3598105
	Index Only Scan using sbtest4_pkey on sbtest4  (cost=0.43..6.66 rows=111 width=4)
	  Index Cond: ((id >= 3598005) AND (id <= 3598105))

table 5 : explain SELECT id FROM sbtest5 WHERE id BETWEEN 3598005 AND 3598105
	Index Only Scan using sbtest5_pkey on sbtest5  (cost=0.43..6.51 rows=104 width=4)
	  Index Cond: ((id >= 3598005) AND (id <= 3598105))

table 6 : explain SELECT id FROM sbtest6 WHERE id BETWEEN 3598005 AND 3598105
	Index Only Scan using sbtest6_pkey on sbtest6  (cost=0.43..6.59 rows=108 width=4)
	  Index Cond: ((id >= 3598005) AND (id <= 3598105))

table 7 : explain SELECT id FROM sbtest7 WHERE id BETWEEN 3598005 AND 3598105
	Index Only Scan using sbtest7_pkey on sbtest7  (cost=0.43..6.56 rows=106 width=4)
	  Index Cond: ((id >= 3598005) AND (id <= 3598105))

table 8 : explain SELECT id FROM sbtest8 WHERE id BETWEEN 3598005 AND 3598105
	Index Only Scan using sbtest8_pkey on sbtest8  (cost=0.43..6.37 rows=97 width=4)
	  Index Cond: ((id >= 3598005) AND (id <= 3598105))

explain: for range-covered :: explain SELECT id FROM sbtest%d WHERE id BETWEEN 3598005 AND 3598105
for range-covered
table 1 : explain SELECT id FROM sbtest1 WHERE id BETWEEN 2807472 AND 2807572
	Index Only Scan using sbtest1_pkey on sbtest1  (cost=0.43..6.29 rows=93 width=4)
	  Index Cond: ((id >= 2807472) AND (id <= 2807572))

table 2 : explain SELECT id FROM sbtest2 WHERE id BETWEEN 2807472 AND 2807572
	Index Only Scan using sbtest2_pkey on sbtest2  (cost=0.43..6.37 rows=97 width=4)
	  Index Cond: ((id >= 2807472) AND (id <= 2807572))

table 3 : explain SELECT id FROM sbtest3 WHERE id BETWEEN 2807472 AND 2807572
	Index Only Scan using sbtest3_pkey on sbtest3  (cost=0.43..6.33 rows=95 width=4)
	  Index Cond: ((id >= 2807472) AND (id <= 2807572))

table 4 : explain SELECT id FROM sbtest4 WHERE id BETWEEN 2807472 AND 2807572
	Index Only Scan using sbtest4_pkey on sbtest4  (cost=0.43..6.56 rows=106 width=4)
	  Index Cond: ((id >= 2807472) AND (id <= 2807572))

table 5 : explain SELECT id FROM sbtest5 WHERE id BETWEEN 2807472 AND 2807572
	Index Only Scan using sbtest5_pkey on sbtest5  (cost=0.43..6.50 rows=103 width=4)
	  Index Cond: ((id >= 2807472) AND (id <= 2807572))

table 6 : explain SELECT id FROM sbtest6 WHERE id BETWEEN 2807472 AND 2807572
	Index Only Scan using sbtest6_pkey on sbtest6  (cost=0.43..6.61 rows=109 width=4)
	  Index Cond: ((id >= 2807472) AND (id <= 2807572))

table 7 : explain SELECT id FROM sbtest7 WHERE id BETWEEN 2807472 AND 2807572
	Index Only Scan using sbtest7_pkey on sbtest7  (cost=0.43..6.40 rows=98 width=4)
	  Index Cond: ((id >= 2807472) AND (id <= 2807572))

table 8 : explain SELECT id FROM sbtest8 WHERE id BETWEEN 2807472 AND 2807572
	Index Only Scan using sbtest8_pkey on sbtest8  (cost=0.43..6.29 rows=93 width=4)
	  Index Cond: ((id >= 2807472) AND (id <= 2807572))

for range-covered
table 1 : explain SELECT id FROM sbtest1 WHERE id BETWEEN 1695515 AND 1695615
	Index Only Scan using sbtest1_pkey on sbtest1  (cost=0.43..6.25 rows=91 width=4)
	  Index Cond: ((id >= 1695515) AND (id <= 1695615))

table 2 : explain SELECT id FROM sbtest2 WHERE id BETWEEN 1695515 AND 1695615
	Index Only Scan using sbtest2_pkey on sbtest2  (cost=0.43..6.42 rows=99 width=4)
	  Index Cond: ((id >= 1695515) AND (id <= 1695615))

table 3 : explain SELECT id FROM sbtest3 WHERE id BETWEEN 1695515 AND 1695615
	Index Only Scan using sbtest3_pkey on sbtest3  (cost=0.43..6.33 rows=95 width=4)
	  Index Cond: ((id >= 1695515) AND (id <= 1695615))

table 4 : explain SELECT id FROM sbtest4 WHERE id BETWEEN 1695515 AND 1695615
	Index Only Scan using sbtest4_pkey on sbtest4  (cost=0.43..6.35 rows=96 width=4)
	  Index Cond: ((id >= 1695515) AND (id <= 1695615))

table 5 : explain SELECT id FROM sbtest5 WHERE id BETWEEN 1695515 AND 1695615
	Index Only Scan using sbtest5_pkey on sbtest5  (cost=0.43..6.50 rows=103 width=4)
	  Index Cond: ((id >= 1695515) AND (id <= 1695615))

table 6 : explain SELECT id FROM sbtest6 WHERE id BETWEEN 1695515 AND 1695615
	Index Only Scan using sbtest6_pkey on sbtest6  (cost=0.43..6.56 rows=106 width=4)
	  Index Cond: ((id >= 1695515) AND (id <= 1695615))

table 7 : explain SELECT id FROM sbtest7 WHERE id BETWEEN 1695515 AND 1695615
	Index Only Scan using sbtest7_pkey on sbtest7  (cost=0.43..6.56 rows=106 width=4)
	  Index Cond: ((id >= 1695515) AND (id <= 1695615))

table 8 : explain SELECT id FROM sbtest8 WHERE id BETWEEN 1695515 AND 1695615
	Index Only Scan using sbtest8_pkey on sbtest8  (cost=0.43..6.37 rows=97 width=4)
	  Index Cond: ((id >= 1695515) AND (id <= 1695615))

for range-covered
table 1 : explain SELECT id FROM sbtest1 WHERE id BETWEEN 5912096 AND 5912196
	Index Only Scan using sbtest1_pkey on sbtest1  (cost=0.43..6.45 rows=101 width=4)
	  Index Cond: ((id >= 5912096) AND (id <= 5912196))

table 2 : explain SELECT id FROM sbtest2 WHERE id BETWEEN 5912096 AND 5912196
	Index Only Scan using sbtest2_pkey on sbtest2  (cost=0.43..6.53 rows=105 width=4)
	  Index Cond: ((id >= 5912096) AND (id <= 5912196))

table 3 : explain SELECT id FROM sbtest3 WHERE id BETWEEN 5912096 AND 5912196
	Index Only Scan using sbtest3_pkey on sbtest3  (cost=0.43..6.56 rows=106 width=4)
	  Index Cond: ((id >= 5912096) AND (id <= 5912196))

table 4 : explain SELECT id FROM sbtest4 WHERE id BETWEEN 5912096 AND 5912196
	Index Only Scan using sbtest4_pkey on sbtest4  (cost=0.43..6.56 rows=106 width=4)
	  Index Cond: ((id >= 5912096) AND (id <= 5912196))

table 5 : explain SELECT id FROM sbtest5 WHERE id BETWEEN 5912096 AND 5912196
	Index Only Scan using sbtest5_pkey on sbtest5  (cost=0.43..6.51 rows=104 width=4)
	  Index Cond: ((id >= 5912096) AND (id <= 5912196))

table 6 : explain SELECT id FROM sbtest6 WHERE id BETWEEN 5912096 AND 5912196
	Index Only Scan using sbtest6_pkey on sbtest6  (cost=0.43..6.45 rows=101 width=4)
	  Index Cond: ((id >= 5912096) AND (id <= 5912196))

table 7 : explain SELECT id FROM sbtest7 WHERE id BETWEEN 5912096 AND 5912196
	Index Only Scan using sbtest7_pkey on sbtest7  (cost=0.43..6.58 rows=107 width=4)
	  Index Cond: ((id >= 5912096) AND (id <= 5912196))

table 8 : explain SELECT id FROM sbtest8 WHERE id BETWEEN 5912096 AND 5912196
	Index Only Scan using sbtest8_pkey on sbtest8  (cost=0.43..6.21 rows=89 width=4)
	  Index Cond: ((id >= 5912096) AND (id <= 5912196))

for range-covered
table 1 : explain SELECT id FROM sbtest1 WHERE id BETWEEN 4452593 AND 4452693
	Index Only Scan using sbtest1_pkey on sbtest1  (cost=0.43..6.40 rows=98 width=4)
	  Index Cond: ((id >= 4452593) AND (id <= 4452693))

table 2 : explain SELECT id FROM sbtest2 WHERE id BETWEEN 4452593 AND 4452693
	Index Only Scan using sbtest2_pkey on sbtest2  (cost=0.43..6.40 rows=98 width=4)
	  Index Cond: ((id >= 4452593) AND (id <= 4452693))

table 3 : explain SELECT id FROM sbtest3 WHERE id BETWEEN 4452593 AND 4452693
	Index Only Scan using sbtest3_pkey on sbtest3  (cost=0.43..6.45 rows=101 width=4)
	  Index Cond: ((id >= 4452593) AND (id <= 4452693))

table 4 : explain SELECT id FROM sbtest4 WHERE id BETWEEN 4452593 AND 4452693
	Index Only Scan using sbtest4_pkey on sbtest4  (cost=0.43..6.58 rows=107 width=4)
	  Index Cond: ((id >= 4452593) AND (id <= 4452693))

table 5 : explain SELECT id FROM sbtest5 WHERE id BETWEEN 4452593 AND 4452693
	Index Only Scan using sbtest5_pkey on sbtest5  (cost=0.43..6.40 rows=98 width=4)
	  Index Cond: ((id >= 4452593) AND (id <= 4452693))

table 6 : explain SELECT id FROM sbtest6 WHERE id BETWEEN 4452593 AND 4452693
	Index Only Scan using sbtest6_pkey on sbtest6  (cost=0.43..6.42 rows=99 width=4)
	  Index Cond: ((id >= 4452593) AND (id <= 4452693))

table 7 : explain SELECT id FROM sbtest7 WHERE id BETWEEN 4452593 AND 4452693
	Index Only Scan using sbtest7_pkey on sbtest7  (cost=0.43..6.45 rows=101 width=4)
	  Index Cond: ((id >= 4452593) AND (id <= 4452693))

table 8 : explain SELECT id FROM sbtest8 WHERE id BETWEEN 4452593 AND 4452693
	Index Only Scan using sbtest8_pkey on sbtest8  (cost=0.43..6.47 rows=102 width=4)
	  Index Cond: ((id >= 4452593) AND (id <= 4452693))

explain: for range-covered :: explain SELECT id FROM sbtest%d WHERE id BETWEEN 1695515 AND 1695615
explain: for range-covered :: explain SELECT id FROM sbtest%d WHERE id BETWEEN 5912096 AND 5912196
explain: for range-covered :: explain SELECT id FROM sbtest%d WHERE id BETWEEN 2807472 AND 2807572
explain: for range-covered :: explain SELECT id FROM sbtest%d WHERE id BETWEEN 4452593 AND 4452693
for range-covered
table 1 : explain SELECT id FROM sbtest1 WHERE id BETWEEN 3598005 AND 3598105
	Index Only Scan using sbtest1_pkey on sbtest1  (cost=0.43..6.40 rows=98 width=4)
	  Index Cond: ((id >= 3598005) AND (id <= 3598105))

table 2 : explain SELECT id FROM sbtest2 WHERE id BETWEEN 3598005 AND 3598105
	Index Only Scan using sbtest2_pkey on sbtest2  (cost=0.43..6.42 rows=99 width=4)
	  Index Cond: ((id >= 3598005) AND (id <= 3598105))

table 3 : explain SELECT id FROM sbtest3 WHERE id BETWEEN 3598005 AND 3598105
	Index Only Scan using sbtest3_pkey on sbtest3  (cost=0.43..6.29 rows=93 width=4)
	  Index Cond: ((id >= 3598005) AND (id <= 3598105))

table 4 : explain SELECT id FROM sbtest4 WHERE id BETWEEN 3598005 AND 3598105
	Index Only Scan using sbtest4_pkey on sbtest4  (cost=0.43..6.66 rows=111 width=4)
	  Index Cond: ((id >= 3598005) AND (id <= 3598105))

table 5 : explain SELECT id FROM sbtest5 WHERE id BETWEEN 3598005 AND 3598105
	Index Only Scan using sbtest5_pkey on sbtest5  (cost=0.43..6.51 rows=104 width=4)
	  Index Cond: ((id >= 3598005) AND (id <= 3598105))

table 6 : explain SELECT id FROM sbtest6 WHERE id BETWEEN 3598005 AND 3598105
	Index Only Scan using sbtest6_pkey on sbtest6  (cost=0.43..6.59 rows=108 width=4)
	  Index Cond: ((id >= 3598005) AND (id <= 3598105))

table 7 : explain SELECT id FROM sbtest7 WHERE id BETWEEN 3598005 AND 3598105
	Index Only Scan using sbtest7_pkey on sbtest7  (cost=0.43..6.56 rows=106 width=4)
	  Index Cond: ((id >= 3598005) AND (id <= 3598105))

table 8 : explain SELECT id FROM sbtest8 WHERE id BETWEEN 3598005 AND 3598105
	Index Only Scan using sbtest8_pkey on sbtest8  (cost=0.43..6.37 rows=97 width=4)
	  Index Cond: ((id >= 3598005) AND (id <= 3598105))

explain: for range-covered :: explain SELECT id FROM sbtest%d WHERE id BETWEEN 3598005 AND 3598105
for range-covered
table 1 : explain SELECT id FROM sbtest1 WHERE id BETWEEN 1695515 AND 1695615
	Index Only Scan using sbtest1_pkey on sbtest1  (cost=0.43..6.25 rows=91 width=4)
	  Index Cond: ((id >= 1695515) AND (id <= 1695615))

table 2 : explain SELECT id FROM sbtest2 WHERE id BETWEEN 1695515 AND 1695615
	Index Only Scan using sbtest2_pkey on sbtest2  (cost=0.43..6.42 rows=99 width=4)
	  Index Cond: ((id >= 1695515) AND (id <= 1695615))

table 3 : explain SELECT id FROM sbtest3 WHERE id BETWEEN 1695515 AND 1695615
	Index Only Scan using sbtest3_pkey on sbtest3  (cost=0.43..6.33 rows=95 width=4)
	  Index Cond: ((id >= 1695515) AND (id <= 1695615))

table 4 : explain SELECT id FROM sbtest4 WHERE id BETWEEN 1695515 AND 1695615
	Index Only Scan using sbtest4_pkey on sbtest4  (cost=0.43..6.35 rows=96 width=4)
	  Index Cond: ((id >= 1695515) AND (id <= 1695615))

table 5 : explain SELECT id FROM sbtest5 WHERE id BETWEEN 1695515 AND 1695615
	Index Only Scan using sbtest5_pkey on sbtest5  (cost=0.43..6.50 rows=103 width=4)
	  Index Cond: ((id >= 1695515) AND (id <= 1695615))

table 6 : explain SELECT id FROM sbtest6 WHERE id BETWEEN 1695515 AND 1695615
	Index Only Scan using sbtest6_pkey on sbtest6  (cost=0.43..6.56 rows=106 width=4)
	  Index Cond: ((id >= 1695515) AND (id <= 1695615))

table 7 : explain SELECT id FROM sbtest7 WHERE id BETWEEN 1695515 AND 1695615
	Index Only Scan using sbtest7_pkey on sbtest7  (cost=0.43..6.56 rows=106 width=4)
	  Index Cond: ((id >= 1695515) AND (id <= 1695615))

table 8 : explain SELECT id FROM sbtest8 WHERE id BETWEEN 1695515 AND 1695615
	Index Only Scan using sbtest8_pkey on sbtest8  (cost=0.43..6.37 rows=97 width=4)
	  Index Cond: ((id >= 1695515) AND (id <= 1695615))

for range-covered
table 1 : explain SELECT id FROM sbtest1 WHERE id BETWEEN 5912096 AND 5912196
	Index Only Scan using sbtest1_pkey on sbtest1  (cost=0.43..6.45 rows=101 width=4)
	  Index Cond: ((id >= 5912096) AND (id <= 5912196))

table 2 : explain SELECT id FROM sbtest2 WHERE id BETWEEN 5912096 AND 5912196
	Index Only Scan using sbtest2_pkey on sbtest2  (cost=0.43..6.53 rows=105 width=4)
	  Index Cond: ((id >= 5912096) AND (id <= 5912196))

table 3 : explain SELECT id FROM sbtest3 WHERE id BETWEEN 5912096 AND 5912196
	Index Only Scan using sbtest3_pkey on sbtest3  (cost=0.43..6.56 rows=106 width=4)
	  Index Cond: ((id >= 5912096) AND (id <= 5912196))

table 4 : explain SELECT id FROM sbtest4 WHERE id BETWEEN 5912096 AND 5912196
	Index Only Scan using sbtest4_pkey on sbtest4  (cost=0.43..6.56 rows=106 width=4)
	  Index Cond: ((id >= 5912096) AND (id <= 5912196))

table 5 : explain SELECT id FROM sbtest5 WHERE id BETWEEN 5912096 AND 5912196
	Index Only Scan using sbtest5_pkey on sbtest5  (cost=0.43..6.51 rows=104 width=4)
	  Index Cond: ((id >= 5912096) AND (id <= 5912196))

table 6 : explain SELECT id FROM sbtest6 WHERE id BETWEEN 5912096 AND 5912196
	Index Only Scan using sbtest6_pkey on sbtest6  (cost=0.43..6.45 rows=101 width=4)
	  Index Cond: ((id >= 5912096) AND (id <= 5912196))

table 7 : explain SELECT id FROM sbtest7 WHERE id BETWEEN 5912096 AND 5912196
	Index Only Scan using sbtest7_pkey on sbtest7  (cost=0.43..6.58 rows=107 width=4)
	  Index Cond: ((id >= 5912096) AND (id <= 5912196))

table 8 : explain SELECT id FROM sbtest8 WHERE id BETWEEN 5912096 AND 5912196
	Index Only Scan using sbtest8_pkey on sbtest8  (cost=0.43..6.21 rows=89 width=4)
	  Index Cond: ((id >= 5912096) AND (id <= 5912196))

explain: for range-covered :: explain SELECT id FROM sbtest%d WHERE id BETWEEN 1695515 AND 1695615
explain: for range-covered :: explain SELECT id FROM sbtest%d WHERE id BETWEEN 5912096 AND 5912196
for range-covered
table 1 : explain SELECT id FROM sbtest1 WHERE id BETWEEN 3598005 AND 3598105
	Index Only Scan using sbtest1_pkey on sbtest1  (cost=0.43..6.40 rows=98 width=4)
	  Index Cond: ((id >= 3598005) AND (id <= 3598105))

table 2 : explain SELECT id FROM sbtest2 WHERE id BETWEEN 3598005 AND 3598105
	Index Only Scan using sbtest2_pkey on sbtest2  (cost=0.43..6.42 rows=99 width=4)
	  Index Cond: ((id >= 3598005) AND (id <= 3598105))

table 3 : explain SELECT id FROM sbtest3 WHERE id BETWEEN 3598005 AND 3598105
	Index Only Scan using sbtest3_pkey on sbtest3  (cost=0.43..6.29 rows=93 width=4)
	  Index Cond: ((id >= 3598005) AND (id <= 3598105))

table 4 : explain SELECT id FROM sbtest4 WHERE id BETWEEN 3598005 AND 3598105
	Index Only Scan using sbtest4_pkey on sbtest4  (cost=0.43..6.66 rows=111 width=4)
	  Index Cond: ((id >= 3598005) AND (id <= 3598105))

table 5 : explain SELECT id FROM sbtest5 WHERE id BETWEEN 3598005 AND 3598105
	Index Only Scan using sbtest5_pkey on sbtest5  (cost=0.43..6.51 rows=104 width=4)
	  Index Cond: ((id >= 3598005) AND (id <= 3598105))

table 6 : explain SELECT id FROM sbtest6 WHERE id BETWEEN 3598005 AND 3598105
	Index Only Scan using sbtest6_pkey on sbtest6  (cost=0.43..6.59 rows=108 width=4)
	  Index Cond: ((id >= 3598005) AND (id <= 3598105))

table 7 : explain SELECT id FROM sbtest7 WHERE id BETWEEN 3598005 AND 3598105
	Index Only Scan using sbtest7_pkey on sbtest7  (cost=0.43..6.56 rows=106 width=4)
	  Index Cond: ((id >= 3598005) AND (id <= 3598105))

table 8 : explain SELECT id FROM sbtest8 WHERE id BETWEEN 3598005 AND 3598105
	Index Only Scan using sbtest8_pkey on sbtest8  (cost=0.43..6.37 rows=97 width=4)
	  Index Cond: ((id >= 3598005) AND (id <= 3598105))

for range-covered
table 1 : explain SELECT id FROM sbtest1 WHERE id BETWEEN 2807472 AND 2807572
	Index Only Scan using sbtest1_pkey on sbtest1  (cost=0.43..6.29 rows=93 width=4)
	  Index Cond: ((id >= 2807472) AND (id <= 2807572))

table 2 : explain SELECT id FROM sbtest2 WHERE id BETWEEN 2807472 AND 2807572
	Index Only Scan using sbtest2_pkey on sbtest2  (cost=0.43..6.37 rows=97 width=4)
	  Index Cond: ((id >= 2807472) AND (id <= 2807572))

table 3 : explain SELECT id FROM sbtest3 WHERE id BETWEEN 2807472 AND 2807572
	Index Only Scan using sbtest3_pkey on sbtest3  (cost=0.43..6.33 rows=95 width=4)
	  Index Cond: ((id >= 2807472) AND (id <= 2807572))

table 4 : explain SELECT id FROM sbtest4 WHERE id BETWEEN 2807472 AND 2807572
	Index Only Scan using sbtest4_pkey on sbtest4  (cost=0.43..6.56 rows=106 width=4)
	  Index Cond: ((id >= 2807472) AND (id <= 2807572))

table 5 : explain SELECT id FROM sbtest5 WHERE id BETWEEN 2807472 AND 2807572
	Index Only Scan using sbtest5_pkey on sbtest5  (cost=0.43..6.50 rows=103 width=4)
	  Index Cond: ((id >= 2807472) AND (id <= 2807572))

table 6 : explain SELECT id FROM sbtest6 WHERE id BETWEEN 2807472 AND 2807572
	Index Only Scan using sbtest6_pkey on sbtest6  (cost=0.43..6.61 rows=109 width=4)
	  Index Cond: ((id >= 2807472) AND (id <= 2807572))

table 7 : explain SELECT id FROM sbtest7 WHERE id BETWEEN 2807472 AND 2807572
	Index Only Scan using sbtest7_pkey on sbtest7  (cost=0.43..6.40 rows=98 width=4)
	  Index Cond: ((id >= 2807472) AND (id <= 2807572))

table 8 : explain SELECT id FROM sbtest8 WHERE id BETWEEN 2807472 AND 2807572
	Index Only Scan using sbtest8_pkey on sbtest8  (cost=0.43..6.29 rows=93 width=4)
	  Index Cond: ((id >= 2807472) AND (id <= 2807572))

for range-covered
table 1 : explain SELECT id FROM sbtest1 WHERE id BETWEEN 1695515 AND 1695615
	Index Only Scan using sbtest1_pkey on sbtest1  (cost=0.43..6.25 rows=91 width=4)
	  Index Cond: ((id >= 1695515) AND (id <= 1695615))

table 2 : explain SELECT id FROM sbtest2 WHERE id BETWEEN 1695515 AND 1695615
	Index Only Scan using sbtest2_pkey on sbtest2  (cost=0.43..6.42 rows=99 width=4)
	  Index Cond: ((id >= 1695515) AND (id <= 1695615))

table 3 : explain SELECT id FROM sbtest3 WHERE id BETWEEN 1695515 AND 1695615
	Index Only Scan using sbtest3_pkey on sbtest3  (cost=0.43..6.33 rows=95 width=4)
	  Index Cond: ((id >= 1695515) AND (id <= 1695615))

table 4 : explain SELECT id FROM sbtest4 WHERE id BETWEEN 1695515 AND 1695615
	Index Only Scan using sbtest4_pkey on sbtest4  (cost=0.43..6.35 rows=96 width=4)
	  Index Cond: ((id >= 1695515) AND (id <= 1695615))

table 5 : explain SELECT id FROM sbtest5 WHERE id BETWEEN 1695515 AND 1695615
	Index Only Scan using sbtest5_pkey on sbtest5  (cost=0.43..6.50 rows=103 width=4)
	  Index Cond: ((id >= 1695515) AND (id <= 1695615))

table 6 : explain SELECT id FROM sbtest6 WHERE id BETWEEN 1695515 AND 1695615
	Index Only Scan using sbtest6_pkey on sbtest6  (cost=0.43..6.56 rows=106 width=4)
	  Index Cond: ((id >= 1695515) AND (id <= 1695615))

table 7 : explain SELECT id FROM sbtest7 WHERE id BETWEEN 1695515 AND 1695615
	Index Only Scan using sbtest7_pkey on sbtest7  (cost=0.43..6.56 rows=106 width=4)
	  Index Cond: ((id >= 1695515) AND (id <= 1695615))

table 8 : explain SELECT id FROM sbtest8 WHERE id BETWEEN 1695515 AND 1695615
	Index Only Scan using sbtest8_pkey on sbtest8  (cost=0.43..6.37 rows=97 width=4)
	  Index Cond: ((id >= 1695515) AND (id <= 1695615))

for range-covered
table 1 : explain SELECT id FROM sbtest1 WHERE id BETWEEN 5912096 AND 5912196
	Index Only Scan using sbtest1_pkey on sbtest1  (cost=0.43..6.45 rows=101 width=4)
	  Index Cond: ((id >= 5912096) AND (id <= 5912196))

table 2 : explain SELECT id FROM sbtest2 WHERE id BETWEEN 5912096 AND 5912196
	Index Only Scan using sbtest2_pkey on sbtest2  (cost=0.43..6.53 rows=105 width=4)
	  Index Cond: ((id >= 5912096) AND (id <= 5912196))

table 3 : explain SELECT id FROM sbtest3 WHERE id BETWEEN 5912096 AND 5912196
	Index Only Scan using sbtest3_pkey on sbtest3  (cost=0.43..6.56 rows=106 width=4)
	  Index Cond: ((id >= 5912096) AND (id <= 5912196))

table 4 : explain SELECT id FROM sbtest4 WHERE id BETWEEN 5912096 AND 5912196
	Index Only Scan using sbtest4_pkey on sbtest4  (cost=0.43..6.56 rows=106 width=4)
	  Index Cond: ((id >= 5912096) AND (id <= 5912196))

table 5 : explain SELECT id FROM sbtest5 WHERE id BETWEEN 5912096 AND 5912196
	Index Only Scan using sbtest5_pkey on sbtest5  (cost=0.43..6.51 rows=104 width=4)
	  Index Cond: ((id >= 5912096) AND (id <= 5912196))

table 6 : explain SELECT id FROM sbtest6 WHERE id BETWEEN 5912096 AND 5912196
	Index Only Scan using sbtest6_pkey on sbtest6  (cost=0.43..6.45 rows=101 width=4)
	  Index Cond: ((id >= 5912096) AND (id <= 5912196))

table 7 : explain SELECT id FROM sbtest7 WHERE id BETWEEN 5912096 AND 5912196
	Index Only Scan using sbtest7_pkey on sbtest7  (cost=0.43..6.58 rows=107 width=4)
	  Index Cond: ((id >= 5912096) AND (id <= 5912196))

table 8 : explain SELECT id FROM sbtest8 WHERE id BETWEEN 5912096 AND 5912196
	Index Only Scan using sbtest8_pkey on sbtest8  (cost=0.43..6.21 rows=89 width=4)
	  Index Cond: ((id >= 5912096) AND (id <= 5912196))

for range-covered
table 1 : explain SELECT id FROM sbtest1 WHERE id BETWEEN 4452593 AND 4452693
	Index Only Scan using sbtest1_pkey on sbtest1  (cost=0.43..6.40 rows=98 width=4)
	  Index Cond: ((id >= 4452593) AND (id <= 4452693))

table 2 : explain SELECT id FROM sbtest2 WHERE id BETWEEN 4452593 AND 4452693
	Index Only Scan using sbtest2_pkey on sbtest2  (cost=0.43..6.40 rows=98 width=4)
	  Index Cond: ((id >= 4452593) AND (id <= 4452693))

table 3 : explain SELECT id FROM sbtest3 WHERE id BETWEEN 4452593 AND 4452693
	Index Only Scan using sbtest3_pkey on sbtest3  (cost=0.43..6.45 rows=101 width=4)
	  Index Cond: ((id >= 4452593) AND (id <= 4452693))

table 4 : explain SELECT id FROM sbtest4 WHERE id BETWEEN 4452593 AND 4452693
	Index Only Scan using sbtest4_pkey on sbtest4  (cost=0.43..6.58 rows=107 width=4)
	  Index Cond: ((id >= 4452593) AND (id <= 4452693))

table 5 : explain SELECT id FROM sbtest5 WHERE id BETWEEN 4452593 AND 4452693
	Index Only Scan using sbtest5_pkey on sbtest5  (cost=0.43..6.40 rows=98 width=4)
	  Index Cond: ((id >= 4452593) AND (id <= 4452693))

table 6 : explain SELECT id FROM sbtest6 WHERE id BETWEEN 4452593 AND 4452693
	Index Only Scan using sbtest6_pkey on sbtest6  (cost=0.43..6.42 rows=99 width=4)
	  Index Cond: ((id >= 4452593) AND (id <= 4452693))

table 7 : explain SELECT id FROM sbtest7 WHERE id BETWEEN 4452593 AND 4452693
	Index Only Scan using sbtest7_pkey on sbtest7  (cost=0.43..6.45 rows=101 width=4)
	  Index Cond: ((id >= 4452593) AND (id <= 4452693))

table 8 : explain SELECT id FROM sbtest8 WHERE id BETWEEN 4452593 AND 4452693
	Index Only Scan using sbtest8_pkey on sbtest8  (cost=0.43..6.47 rows=102 width=4)
	  Index Cond: ((id >= 4452593) AND (id <= 4452693))

explain: for range-covered :: explain SELECT id FROM sbtest%d WHERE id BETWEEN 2807472 AND 2807572
explain: for range-covered :: explain SELECT id FROM sbtest%d WHERE id BETWEEN 4452593 AND 4452693
for range-covered
table 1 : explain SELECT id FROM sbtest1 WHERE id BETWEEN 4452593 AND 4452693
	Index Only Scan using sbtest1_pkey on sbtest1  (cost=0.43..6.40 rows=98 width=4)
	  Index Cond: ((id >= 4452593) AND (id <= 4452693))

table 2 : explain SELECT id FROM sbtest2 WHERE id BETWEEN 4452593 AND 4452693
	Index Only Scan using sbtest2_pkey on sbtest2  (cost=0.43..6.40 rows=98 width=4)
	  Index Cond: ((id >= 4452593) AND (id <= 4452693))

table 3 : explain SELECT id FROM sbtest3 WHERE id BETWEEN 4452593 AND 4452693
	Index Only Scan using sbtest3_pkey on sbtest3  (cost=0.43..6.45 rows=101 width=4)
	  Index Cond: ((id >= 4452593) AND (id <= 4452693))

table 4 : explain SELECT id FROM sbtest4 WHERE id BETWEEN 4452593 AND 4452693
	Index Only Scan using sbtest4_pkey on sbtest4  (cost=0.43..6.58 rows=107 width=4)
	  Index Cond: ((id >= 4452593) AND (id <= 4452693))

table 5 : explain SELECT id FROM sbtest5 WHERE id BETWEEN 4452593 AND 4452693
	Index Only Scan using sbtest5_pkey on sbtest5  (cost=0.43..6.40 rows=98 width=4)
	  Index Cond: ((id >= 4452593) AND (id <= 4452693))

table 6 : explain SELECT id FROM sbtest6 WHERE id BETWEEN 4452593 AND 4452693
	Index Only Scan using sbtest6_pkey on sbtest6  (cost=0.43..6.42 rows=99 width=4)
	  Index Cond: ((id >= 4452593) AND (id <= 4452693))

table 7 : explain SELECT id FROM sbtest7 WHERE id BETWEEN 4452593 AND 4452693
	Index Only Scan using sbtest7_pkey on sbtest7  (cost=0.43..6.45 rows=101 width=4)
	  Index Cond: ((id >= 4452593) AND (id <= 4452693))

table 8 : explain SELECT id FROM sbtest8 WHERE id BETWEEN 4452593 AND 4452693
	Index Only Scan using sbtest8_pkey on sbtest8  (cost=0.43..6.47 rows=102 width=4)
	  Index Cond: ((id >= 4452593) AND (id <= 4452693))

for range-covered
table 1 : explain SELECT id FROM sbtest1 WHERE id BETWEEN 2807472 AND 2807572
	Index Only Scan using sbtest1_pkey on sbtest1  (cost=0.43..6.29 rows=93 width=4)
	  Index Cond: ((id >= 2807472) AND (id <= 2807572))

table 2 : explain SELECT id FROM sbtest2 WHERE id BETWEEN 2807472 AND 2807572
	Index Only Scan using sbtest2_pkey on sbtest2  (cost=0.43..6.37 rows=97 width=4)
	  Index Cond: ((id >= 2807472) AND (id <= 2807572))

table 3 : explain SELECT id FROM sbtest3 WHERE id BETWEEN 2807472 AND 2807572
	Index Only Scan using sbtest3_pkey on sbtest3  (cost=0.43..6.33 rows=95 width=4)
	  Index Cond: ((id >= 2807472) AND (id <= 2807572))

table 4 : explain SELECT id FROM sbtest4 WHERE id BETWEEN 2807472 AND 2807572
	Index Only Scan using sbtest4_pkey on sbtest4  (cost=0.43..6.56 rows=106 width=4)
	  Index Cond: ((id >= 2807472) AND (id <= 2807572))

table 5 : explain SELECT id FROM sbtest5 WHERE id BETWEEN 2807472 AND 2807572
	Index Only Scan using sbtest5_pkey on sbtest5  (cost=0.43..6.50 rows=103 width=4)
	  Index Cond: ((id >= 2807472) AND (id <= 2807572))

table 6 : explain SELECT id FROM sbtest6 WHERE id BETWEEN 2807472 AND 2807572
	Index Only Scan using sbtest6_pkey on sbtest6  (cost=0.43..6.61 rows=109 width=4)
	  Index Cond: ((id >= 2807472) AND (id <= 2807572))

table 7 : explain SELECT id FROM sbtest7 WHERE id BETWEEN 2807472 AND 2807572
	Index Only Scan using sbtest7_pkey on sbtest7  (cost=0.43..6.40 rows=98 width=4)
	  Index Cond: ((id >= 2807472) AND (id <= 2807572))

table 8 : explain SELECT id FROM sbtest8 WHERE id BETWEEN 2807472 AND 2807572
	Index Only Scan using sbtest8_pkey on sbtest8  (cost=0.43..6.29 rows=93 width=4)
	  Index Cond: ((id >= 2807472) AND (id <= 2807572))

explain: for range-covered :: explain SELECT id FROM sbtest%d WHERE id BETWEEN 4452593 AND 4452693
explain: for range-covered :: explain SELECT id FROM sbtest%d WHERE id BETWEEN 2807472 AND 2807572
for range-covered
table 1 : explain SELECT id FROM sbtest1 WHERE id BETWEEN 2807472 AND 2807572
	Index Only Scan using sbtest1_pkey on sbtest1  (cost=0.43..6.29 rows=93 width=4)
	  Index Cond: ((id >= 2807472) AND (id <= 2807572))

table 2 : explain SELECT id FROM sbtest2 WHERE id BETWEEN 2807472 AND 2807572
	Index Only Scan using sbtest2_pkey on sbtest2  (cost=0.43..6.37 rows=97 width=4)
	  Index Cond: ((id >= 2807472) AND (id <= 2807572))

table 3 : explain SELECT id FROM sbtest3 WHERE id BETWEEN 2807472 AND 2807572
	Index Only Scan using sbtest3_pkey on sbtest3  (cost=0.43..6.33 rows=95 width=4)
	  Index Cond: ((id >= 2807472) AND (id <= 2807572))

table 4 : explain SELECT id FROM sbtest4 WHERE id BETWEEN 2807472 AND 2807572
	Index Only Scan using sbtest4_pkey on sbtest4  (cost=0.43..6.56 rows=106 width=4)
	  Index Cond: ((id >= 2807472) AND (id <= 2807572))

table 5 : explain SELECT id FROM sbtest5 WHERE id BETWEEN 2807472 AND 2807572
	Index Only Scan using sbtest5_pkey on sbtest5  (cost=0.43..6.50 rows=103 width=4)
	  Index Cond: ((id >= 2807472) AND (id <= 2807572))

table 6 : explain SELECT id FROM sbtest6 WHERE id BETWEEN 2807472 AND 2807572
	Index Only Scan using sbtest6_pkey on sbtest6  (cost=0.43..6.61 rows=109 width=4)
	  Index Cond: ((id >= 2807472) AND (id <= 2807572))

table 7 : explain SELECT id FROM sbtest7 WHERE id BETWEEN 2807472 AND 2807572
	Index Only Scan using sbtest7_pkey on sbtest7  (cost=0.43..6.40 rows=98 width=4)
	  Index Cond: ((id >= 2807472) AND (id <= 2807572))

table 8 : explain SELECT id FROM sbtest8 WHERE id BETWEEN 2807472 AND 2807572
	Index Only Scan using sbtest8_pkey on sbtest8  (cost=0.43..6.29 rows=93 width=4)
	  Index Cond: ((id >= 2807472) AND (id <= 2807572))

for range-covered
table 1 : explain SELECT id FROM sbtest1 WHERE id BETWEEN 4452593 AND 4452693
	Index Only Scan using sbtest1_pkey on sbtest1  (cost=0.43..6.40 rows=98 width=4)
	  Index Cond: ((id >= 4452593) AND (id <= 4452693))

table 2 : explain SELECT id FROM sbtest2 WHERE id BETWEEN 4452593 AND 4452693
	Index Only Scan using sbtest2_pkey on sbtest2  (cost=0.43..6.40 rows=98 width=4)
	  Index Cond: ((id >= 4452593) AND (id <= 4452693))

table 3 : explain SELECT id FROM sbtest3 WHERE id BETWEEN 4452593 AND 4452693
	Index Only Scan using sbtest3_pkey on sbtest3  (cost=0.43..6.45 rows=101 width=4)
	  Index Cond: ((id >= 4452593) AND (id <= 4452693))

table 4 : explain SELECT id FROM sbtest4 WHERE id BETWEEN 4452593 AND 4452693
	Index Only Scan using sbtest4_pkey on sbtest4  (cost=0.43..6.58 rows=107 width=4)
	  Index Cond: ((id >= 4452593) AND (id <= 4452693))

table 5 : explain SELECT id FROM sbtest5 WHERE id BETWEEN 4452593 AND 4452693
	Index Only Scan using sbtest5_pkey on sbtest5  (cost=0.43..6.40 rows=98 width=4)
	  Index Cond: ((id >= 4452593) AND (id <= 4452693))

table 6 : explain SELECT id FROM sbtest6 WHERE id BETWEEN 4452593 AND 4452693
	Index Only Scan using sbtest6_pkey on sbtest6  (cost=0.43..6.42 rows=99 width=4)
	  Index Cond: ((id >= 4452593) AND (id <= 4452693))

table 7 : explain SELECT id FROM sbtest7 WHERE id BETWEEN 4452593 AND 4452693
	Index Only Scan using sbtest7_pkey on sbtest7  (cost=0.43..6.45 rows=101 width=4)
	  Index Cond: ((id >= 4452593) AND (id <= 4452693))

table 8 : explain SELECT id FROM sbtest8 WHERE id BETWEEN 4452593 AND 4452693
	Index Only Scan using sbtest8_pkey on sbtest8  (cost=0.43..6.47 rows=102 width=4)
	  Index Cond: ((id >= 4452593) AND (id <= 4452693))

Threads started!

Warming up for 5 seconds...

SQL statistics:
    queries performed:
        read:                            256663098
        write:                           0
        other:                           0
        total:                           256663098
    transactions:                        256663098 (407399.31 per sec.)
    queries:                             256663098 (407399.31 per sec.)
    ignored errors:                      0      (0.00 per sec.)
    reconnects:                          0      (0.00 per sec.)

Throughput:
    events/s (eps):                      407399.3050
    time elapsed:                        630.0057s
    total number of events:              256663098

Latency (ms):
         min:                                    0.06
         avg:                                    0.10
         max:                                   24.02
         95th percentile:                        0.11
         sum:                             25123873.46

Threads fairness:
    events (avg/stddev):           6416571.1750/38903.93
    execution time (avg/stddev):   628.0968/0.06

