LUA_PATH=/home/mdcallag/git/mytools/bench/sysbench.lua/lua/?.lua /home/mdcallag/git/mytools/bench/sysbench.lua/lua/sysbench --db-driver=pgsql --range-size=100 --table-size=10000000 --tables=8 --threads=40 --events=0 --warmup-time=5 --time=630 --pgsql_conn_id=true /home/mdcallag/git/mytools/bench/sysbench.lua/lua/oltp_point_select.lua run --pgsql-user=root --pgsql-password=pw --pgsql-host=127.0.0.1 --pgsql-db=ib --rand-type=uniform --skip-trx
48 CPUs
sysbench 1.1.0-9072687 (using bundled LuaJIT 2.1.0-beta3)

Running the test with following options:
Number of threads: 40
Warmup time: 5s
Initializing random number generator from current time


Initializing worker threads...

explain: for point_selects :: explain SELECT c FROM sbtest%u WHERE id=%u
explain: for point_selects :: explain SELECT c FROM sbtest%u WHERE id=%u
for point_selects
table 1 : explain SELECT c FROM sbtest1 WHERE id=7367216
	Index Scan using sbtest1_pkey on sbtest1  (cost=0.43..8.45 rows=1 width=121)
	  Index Cond: (id = 7367216)

table 2 : explain SELECT c FROM sbtest2 WHERE id=1906108
	Index Scan using sbtest2_pkey on sbtest2  (cost=0.43..8.45 rows=1 width=121)
	  Index Cond: (id = 1906108)

table 3 : explain SELECT c FROM sbtest3 WHERE id=3979330
	Index Scan using sbtest3_pkey on sbtest3  (cost=0.43..8.45 rows=1 width=121)
	  Index Cond: (id = 3979330)

table 4 : explain SELECT c FROM sbtest4 WHERE id=2252022
	Index Scan using sbtest4_pkey on sbtest4  (cost=0.43..8.45 rows=1 width=121)
	  Index Cond: (id = 2252022)

table 5 : explain SELECT c FROM sbtest5 WHERE id=7545928
	Index Scan using sbtest5_pkey on sbtest5  (cost=0.43..8.45 rows=1 width=121)
	  Index Cond: (id = 7545928)

table 6 : explain SELECT c FROM sbtest6 WHERE id=5247154
	Index Scan using sbtest6_pkey on sbtest6  (cost=0.43..8.45 rows=1 width=121)
	  Index Cond: (id = 5247154)

table 7 : explain SELECT c FROM sbtest7 WHERE id=8610002
	Index Scan using sbtest7_pkey on sbtest7  (cost=0.43..8.45 rows=1 width=121)
	  Index Cond: (id = 8610002)

table 8 : explain SELECT c FROM sbtest8 WHERE id=8863456
	Index Scan using sbtest8_pkey on sbtest8  (cost=0.43..8.45 rows=1 width=121)
	  Index Cond: (id = 8863456)

for point_selects
table 1 : explain SELECT c FROM sbtest1 WHERE id=2921861
	Index Scan using sbtest1_pkey on sbtest1  (cost=0.43..8.45 rows=1 width=121)
	  Index Cond: (id = 2921861)

table 2 : explain SELECT c FROM sbtest2 WHERE id=4552434
	Index Scan using sbtest2_pkey on sbtest2  (cost=0.43..8.45 rows=1 width=121)
	  Index Cond: (id = 4552434)

table 3 : explain SELECT c FROM sbtest3 WHERE id=6210143
	Index Scan using sbtest3_pkey on sbtest3  (cost=0.43..8.45 rows=1 width=121)
	  Index Cond: (id = 6210143)

table 4 : explain SELECT c FROM sbtest4 WHERE id=7948878
	Index Scan using sbtest4_pkey on sbtest4  (cost=0.43..8.45 rows=1 width=121)
	  Index Cond: (id = 7948878)

table 5 : explain SELECT c FROM sbtest5 WHERE id=941767
	Index Scan using sbtest5_pkey on sbtest5  (cost=0.43..8.45 rows=1 width=121)
	  Index Cond: (id = 941767)

table 6 : explain SELECT c FROM sbtest6 WHERE id=2429267
	Index Scan using sbtest6_pkey on sbtest6  (cost=0.43..8.45 rows=1 width=121)
	  Index Cond: (id = 2429267)

table 7 : explain SELECT c FROM sbtest7 WHERE id=2378779
	Index Scan using sbtest7_pkey on sbtest7  (cost=0.43..8.45 rows=1 width=121)
	  Index Cond: (id = 2378779)

table 8 : explain SELECT c FROM sbtest8 WHERE id=2613178
	Index Scan using sbtest8_pkey on sbtest8  (cost=0.43..8.45 rows=1 width=121)
	  Index Cond: (id = 2613178)

explain: for point_selects :: explain SELECT c FROM sbtest%u WHERE id=%u
explain: for point_selects :: explain SELECT c FROM sbtest%u WHERE id=%u
explain: for point_selects :: explain SELECT c FROM sbtest%u WHERE id=%u
explain: for point_selects :: explain SELECT c FROM sbtest%u WHERE id=%u
explain: for point_selects :: explain SELECT c FROM sbtest%u WHERE id=%u
for point_selects
table 1 : explain SELECT c FROM sbtest1 WHERE id=5818814
	Index Scan using sbtest1_pkey on sbtest1  (cost=0.43..8.45 rows=1 width=121)
	  Index Cond: (id = 5818814)

table 2 : explain SELECT c FROM sbtest2 WHERE id=6176144
	Index Scan using sbtest2_pkey on sbtest2  (cost=0.43..8.45 rows=1 width=121)
	  Index Cond: (id = 6176144)

table 3 : explain SELECT c FROM sbtest3 WHERE id=2706308
	Index Scan using sbtest3_pkey on sbtest3  (cost=0.43..8.45 rows=1 width=121)
	  Index Cond: (id = 2706308)

table 4 : explain SELECT c FROM sbtest4 WHERE id=8584038
	Index Scan using sbtest4_pkey on sbtest4  (cost=0.43..8.45 rows=1 width=121)
	  Index Cond: (id = 8584038)

table 5 : explain SELECT c FROM sbtest5 WHERE id=1053343
	Index Scan using sbtest5_pkey on sbtest5  (cost=0.43..8.45 rows=1 width=121)
	  Index Cond: (id = 1053343)

table 6 : explain SELECT c FROM sbtest6 WHERE id=95335
	Index Scan using sbtest6_pkey on sbtest6  (cost=0.43..8.45 rows=1 width=121)
	  Index Cond: (id = 95335)

table 7 : explain SELECT c FROM sbtest7 WHERE id=2955549
	Index Scan using sbtest7_pkey on sbtest7  (cost=0.43..8.45 rows=1 width=121)
	  Index Cond: (id = 2955549)

table 8 : explain SELECT c FROM sbtest8 WHERE id=5517603
	Index Scan using sbtest8_pkey on sbtest8  (cost=0.43..8.45 rows=1 width=121)
	  Index Cond: (id = 5517603)

explain: for point_selects :: explain SELECT c FROM sbtest%u WHERE id=%u
for point_selects
table 1 : explain SELECT c FROM sbtest1 WHERE id=6270796
	Index Scan using sbtest1_pkey on sbtest1  (cost=0.43..8.45 rows=1 width=121)
	  Index Cond: (id = 6270796)

table 2 : explain SELECT c FROM sbtest2 WHERE id=2399287
	Index Scan using sbtest2_pkey on sbtest2  (cost=0.43..8.45 rows=1 width=121)
	  Index Cond: (id = 2399287)

table 3 : explain SELECT c FROM sbtest3 WHERE id=8003456
	Index Scan using sbtest3_pkey on sbtest3  (cost=0.43..8.45 rows=1 width=121)
	  Index Cond: (id = 8003456)

table 4 : explain SELECT c FROM sbtest4 WHERE id=287202
	Index Scan using sbtest4_pkey on sbtest4  (cost=0.43..8.45 rows=1 width=121)
	  Index Cond: (id = 287202)

table 5 : explain SELECT c FROM sbtest5 WHERE id=5467537
	Index Scan using sbtest5_pkey on sbtest5  (cost=0.43..8.45 rows=1 width=121)
	  Index Cond: (id = 5467537)

table 6 : explain SELECT c FROM sbtest6 WHERE id=2072332
	Index Scan using sbtest6_pkey on sbtest6  (cost=0.43..8.45 rows=1 width=121)
	  Index Cond: (id = 2072332)

table 7 : explain SELECT c FROM sbtest7 WHERE id=937295
	Index Scan using sbtest7_pkey on sbtest7  (cost=0.43..8.45 rows=1 width=121)
	  Index Cond: (id = 937295)

table 8 : explain SELECT c FROM sbtest8 WHERE id=793482
	Index Scan using sbtest8_pkey on sbtest8  (cost=0.43..8.45 rows=1 width=121)
	  Index Cond: (id = 793482)

explain: for point_selects :: explain SELECT c FROM sbtest%u WHERE id=%u
explain: for point_selects :: explain SELECT c FROM sbtest%u WHERE id=%u
for point_selects
table 1 : explain SELECT c FROM sbtest1 WHERE id=2037273
	Index Scan using sbtest1_pkey on sbtest1  (cost=0.43..8.45 rows=1 width=121)
	  Index Cond: (id = 2037273)

table 2 : explain SELECT c FROM sbtest2 WHERE id=3769665
	Index Scan using sbtest2_pkey on sbtest2  (cost=0.43..8.45 rows=1 width=121)
	  Index Cond: (id = 3769665)

table 3 : explain SELECT c FROM sbtest3 WHERE id=7502069
	Index Scan using sbtest3_pkey on sbtest3  (cost=0.43..8.45 rows=1 width=121)
	  Index Cond: (id = 7502069)

table 4 : explain SELECT c FROM sbtest4 WHERE id=9813360
	Index Scan using sbtest4_pkey on sbtest4  (cost=0.43..8.45 rows=1 width=121)
	  Index Cond: (id = 9813360)

table 5 : explain SELECT c FROM sbtest5 WHERE id=1076764
	Index Scan using sbtest5_pkey on sbtest5  (cost=0.43..8.45 rows=1 width=121)
	  Index Cond: (id = 1076764)

table 6 : explain SELECT c FROM sbtest6 WHERE id=5189785
	Index Scan using sbtest6_pkey on sbtest6  (cost=0.43..8.45 rows=1 width=121)
	  Index Cond: (id = 5189785)

table 7 : explain SELECT c FROM sbtest7 WHERE id=7758612
	Index Scan using sbtest7_pkey on sbtest7  (cost=0.43..8.45 rows=1 width=121)
	  Index Cond: (id = 7758612)

table 8 : explain SELECT c FROM sbtest8 WHERE id=5446469
	Index Scan using sbtest8_pkey on sbtest8  (cost=0.43..8.45 rows=1 width=121)
	  Index Cond: (id = 5446469)

for point_selects
table 1 : explain SELECT c FROM sbtest1 WHERE id=3083377
	Index Scan using sbtest1_pkey on sbtest1  (cost=0.43..8.45 rows=1 width=121)
	  Index Cond: (id = 3083377)

table 2 : explain SELECT c FROM sbtest2 WHERE id=6712700
	Index Scan using sbtest2_pkey on sbtest2  (cost=0.43..8.45 rows=1 width=121)
	  Index Cond: (id = 6712700)

table 3 : explain SELECT c FROM sbtest3 WHERE id=3176297
	Index Scan using sbtest3_pkey on sbtest3  (cost=0.43..8.45 rows=1 width=121)
	  Index Cond: (id = 3176297)

table 4 : explain SELECT c FROM sbtest4 WHERE id=9768675
	Index Scan using sbtest4_pkey on sbtest4  (cost=0.43..8.45 rows=1 width=121)
	  Index Cond: (id = 9768675)

table 5 : explain SELECT c FROM sbtest5 WHERE id=2649035
	Index Scan using sbtest5_pkey on sbtest5  (cost=0.43..8.45 rows=1 width=121)
	  Index Cond: (id = 2649035)

table 6 : explain SELECT c FROM sbtest6 WHERE id=5998796
	Index Scan using sbtest6_pkey on sbtest6  (cost=0.43..8.45 rows=1 width=121)
	  Index Cond: (id = 5998796)

table 7 : explain SELECT c FROM sbtest7 WHERE id=5314911
	Index Scan using sbtest7_pkey on sbtest7  (cost=0.43..8.45 rows=1 width=121)
	  Index Cond: (id = 5314911)

table 8 : explain SELECT c FROM sbtest8 WHERE id=1173574
	Index Scan using sbtest8_pkey on sbtest8  (cost=0.43..8.45 rows=1 width=121)
	  Index Cond: (id = 1173574)

explain: for point_selects :: explain SELECT c FROM sbtest%u WHERE id=%u
for point_selects
table 1 : explain SELECT c FROM sbtest1 WHERE id=2311098
	Index Scan using sbtest1_pkey on sbtest1  (cost=0.43..8.45 rows=1 width=121)
	  Index Cond: (id = 2311098)

table 2 : explain SELECT c FROM sbtest2 WHERE id=3973597
	Index Scan using sbtest2_pkey on sbtest2  (cost=0.43..8.45 rows=1 width=121)
	  Index Cond: (id = 3973597)

table 3 : explain SELECT c FROM sbtest3 WHERE id=8917220
	Index Scan using sbtest3_pkey on sbtest3  (cost=0.43..8.45 rows=1 width=121)
	  Index Cond: (id = 8917220)

table 4 : explain SELECT c FROM sbtest4 WHERE id=7123035
	Index Scan using sbtest4_pkey on sbtest4  (cost=0.43..8.45 rows=1 width=121)
	  Index Cond: (id = 7123035)

table 5 : explain SELECT c FROM sbtest5 WHERE id=331144
	Index Scan using sbtest5_pkey on sbtest5  (cost=0.43..8.45 rows=1 width=121)
	  Index Cond: (id = 331144)

table 6 : explain SELECT c FROM sbtest6 WHERE id=8703734
	Index Scan using sbtest6_pkey on sbtest6  (cost=0.43..8.45 rows=1 width=121)
	  Index Cond: (id = 8703734)

table 7 : explain SELECT c FROM sbtest7 WHERE id=2404730
	Index Scan using sbtest7_pkey on sbtest7  (cost=0.43..8.45 rows=1 width=121)
	  Index Cond: (id = 2404730)

table 8 : explain SELECT c FROM sbtest8 WHERE id=7154042
	Index Scan using sbtest8_pkey on sbtest8  (cost=0.43..8.45 rows=1 width=121)
	  Index Cond: (id = 7154042)

explain: for point_selects :: explain SELECT c FROM sbtest%u WHERE id=%u
for point_selects
table 1 : explain SELECT c FROM sbtest1 WHERE id=7229682
	Index Scan using sbtest1_pkey on sbtest1  (cost=0.43..8.45 rows=1 width=121)
	  Index Cond: (id = 7229682)

table 2 : explain SELECT c FROM sbtest2 WHERE id=2137612
	Index Scan using sbtest2_pkey on sbtest2  (cost=0.43..8.45 rows=1 width=121)
	  Index Cond: (id = 2137612)

table 3 : explain SELECT c FROM sbtest3 WHERE id=8605291
	Index Scan using sbtest3_pkey on sbtest3  (cost=0.43..8.45 rows=1 width=121)
	  Index Cond: (id = 8605291)

table 4 : explain SELECT c FROM sbtest4 WHERE id=7620354
	Index Scan using sbtest4_pkey on sbtest4  (cost=0.43..8.45 rows=1 width=121)
	  Index Cond: (id = 7620354)

table 5 : explain SELECT c FROM sbtest5 WHERE id=9995686
	Index Scan using sbtest5_pkey on sbtest5  (cost=0.43..8.45 rows=1 width=121)
	  Index Cond: (id = 9995686)

table 6 : explain SELECT c FROM sbtest6 WHERE id=2990983
	Index Scan using sbtest6_pkey on sbtest6  (cost=0.43..8.45 rows=1 width=121)
	  Index Cond: (id = 2990983)

table 7 : explain SELECT c FROM sbtest7 WHERE id=3946443
	Index Scan using sbtest7_pkey on sbtest7  (cost=0.43..8.45 rows=1 width=121)
	  Index Cond: (id = 3946443)

table 8 : explain SELECT c FROM sbtest8 WHERE id=5311601
	Index Scan using sbtest8_pkey on sbtest8  (cost=0.43..8.45 rows=1 width=121)
	  Index Cond: (id = 5311601)

explain: for point_selects :: explain SELECT c FROM sbtest%u WHERE id=%u
explain: for point_selects :: explain SELECT c FROM sbtest%u WHERE id=%u
for point_selects
table 1 : explain SELECT c FROM sbtest1 WHERE id=2867660
	Index Scan using sbtest1_pkey on sbtest1  (cost=0.43..8.45 rows=1 width=121)
	  Index Cond: (id = 2867660)

table 2 : explain SELECT c FROM sbtest2 WHERE id=7390464
	Index Scan using sbtest2_pkey on sbtest2  (cost=0.43..8.45 rows=1 width=121)
	  Index Cond: (id = 7390464)

table 3 : explain SELECT c FROM sbtest3 WHERE id=6582052
	Index Scan using sbtest3_pkey on sbtest3  (cost=0.43..8.45 rows=1 width=121)
	  Index Cond: (id = 6582052)

table 4 : explain SELECT c FROM sbtest4 WHERE id=3086703
	Index Scan using sbtest4_pkey on sbtest4  (cost=0.43..8.45 rows=1 width=121)
	  Index Cond: (id = 3086703)

table 5 : explain SELECT c FROM sbtest5 WHERE id=7279871
	Index Scan using sbtest5_pkey on sbtest5  (cost=0.43..8.45 rows=1 width=121)
	  Index Cond: (id = 7279871)

table 6 : explain SELECT c FROM sbtest6 WHERE id=9876574
	Index Scan using sbtest6_pkey on sbtest6  (cost=0.43..8.45 rows=1 width=121)
	  Index Cond: (id = 9876574)

table 7 : explain SELECT c FROM sbtest7 WHERE id=2427982
	Index Scan using sbtest7_pkey on sbtest7  (cost=0.43..8.45 rows=1 width=121)
	  Index Cond: (id = 2427982)

table 8 : explain SELECT c FROM sbtest8 WHERE id=6482232
	Index Scan using sbtest8_pkey on sbtest8  (cost=0.43..8.45 rows=1 width=121)
	  Index Cond: (id = 6482232)

for point_selects
table 1 : explain SELECT c FROM sbtest1 WHERE id=1380403
	Index Scan using sbtest1_pkey on sbtest1  (cost=0.43..8.45 rows=1 width=121)
	  Index Cond: (id = 1380403)

table 2 : explain SELECT c FROM sbtest2 WHERE id=1028788
	Index Scan using sbtest2_pkey on sbtest2  (cost=0.43..8.45 rows=1 width=121)
	  Index Cond: (id = 1028788)

table 3 : explain SELECT c FROM sbtest3 WHERE id=9493040
	Index Scan using sbtest3_pkey on sbtest3  (cost=0.43..8.45 rows=1 width=121)
	  Index Cond: (id = 9493040)

table 4 : explain SELECT c FROM sbtest4 WHERE id=1799955
	Index Scan using sbtest4_pkey on sbtest4  (cost=0.43..8.45 rows=1 width=121)
	  Index Cond: (id = 1799955)

table 5 : explain SELECT c FROM sbtest5 WHERE id=9565123
	Index Scan using sbtest5_pkey on sbtest5  (cost=0.43..8.45 rows=1 width=121)
	  Index Cond: (id = 9565123)

table 6 : explain SELECT c FROM sbtest6 WHERE id=8108360
	Index Scan using sbtest6_pkey on sbtest6  (cost=0.43..8.45 rows=1 width=121)
	  Index Cond: (id = 8108360)

table 7 : explain SELECT c FROM sbtest7 WHERE id=1073383
	Index Scan using sbtest7_pkey on sbtest7  (cost=0.43..8.45 rows=1 width=121)
	  Index Cond: (id = 1073383)

table 8 : explain SELECT c FROM sbtest8 WHERE id=4146518
	Index Scan using sbtest8_pkey on sbtest8  (cost=0.43..8.45 rows=1 width=121)
	  Index Cond: (id = 4146518)

explain: for point_selects :: explain SELECT c FROM sbtest%u WHERE id=%u
for point_selects
table 1 : explain SELECT c FROM sbtest1 WHERE id=4489438
	Index Scan using sbtest1_pkey on sbtest1  (cost=0.43..8.45 rows=1 width=121)
	  Index Cond: (id = 4489438)

table 2 : explain SELECT c FROM sbtest2 WHERE id=4135037
	Index Scan using sbtest2_pkey on sbtest2  (cost=0.43..8.45 rows=1 width=121)
	  Index Cond: (id = 4135037)

table 3 : explain SELECT c FROM sbtest3 WHERE id=1806896
	Index Scan using sbtest3_pkey on sbtest3  (cost=0.43..8.45 rows=1 width=121)
	  Index Cond: (id = 1806896)

table 4 : explain SELECT c FROM sbtest4 WHERE id=3492728
	Index Scan using sbtest4_pkey on sbtest4  (cost=0.43..8.45 rows=1 width=121)
	  Index Cond: (id = 3492728)

table 5 : explain SELECT c FROM sbtest5 WHERE id=8762992
	Index Scan using sbtest5_pkey on sbtest5  (cost=0.43..8.45 rows=1 width=121)
	  Index Cond: (id = 8762992)

table 6 : explain SELECT c FROM sbtest6 WHERE id=5603376
	Index Scan using sbtest6_pkey on sbtest6  (cost=0.43..8.45 rows=1 width=121)
	  Index Cond: (id = 5603376)

table 7 : explain SELECT c FROM sbtest7 WHERE id=7157127
	Index Scan using sbtest7_pkey on sbtest7  (cost=0.43..8.45 rows=1 width=121)
	  Index Cond: (id = 7157127)

table 8 : explain SELECT c FROM sbtest8 WHERE id=3270954
	Index Scan using sbtest8_pkey on sbtest8  (cost=0.43..8.45 rows=1 width=121)
	  Index Cond: (id = 3270954)

explain: for point_selects :: explain SELECT c FROM sbtest%u WHERE id=%u
explain: for point_selects :: explain SELECT c FROM sbtest%u WHERE id=%u
for point_selects
table 1 : explain SELECT c FROM sbtest1 WHERE id=1278531
	Index Scan using sbtest1_pkey on sbtest1  (cost=0.43..8.45 rows=1 width=121)
	  Index Cond: (id = 1278531)

table 2 : explain SELECT c FROM sbtest2 WHERE id=7713277
	Index Scan using sbtest2_pkey on sbtest2  (cost=0.43..8.45 rows=1 width=121)
	  Index Cond: (id = 7713277)

table 3 : explain SELECT c FROM sbtest3 WHERE id=3210016
	Index Scan using sbtest3_pkey on sbtest3  (cost=0.43..8.45 rows=1 width=121)
	  Index Cond: (id = 3210016)

table 4 : explain SELECT c FROM sbtest4 WHERE id=7693113
	Index Scan using sbtest4_pkey on sbtest4  (cost=0.43..8.45 rows=1 width=121)
	  Index Cond: (id = 7693113)

table 5 : explain SELECT c FROM sbtest5 WHERE id=7152381
	Index Scan using sbtest5_pkey on sbtest5  (cost=0.43..8.45 rows=1 width=121)
	  Index Cond: (id = 7152381)

table 6 : explain SELECT c FROM sbtest6 WHERE id=967643
	Index Scan using sbtest6_pkey on sbtest6  (cost=0.43..8.45 rows=1 width=121)
	  Index Cond: (id = 967643)

table 7 : explain SELECT c FROM sbtest7 WHERE id=9758579
	Index Scan using sbtest7_pkey on sbtest7  (cost=0.43..8.45 rows=1 width=121)
	  Index Cond: (id = 9758579)

table 8 : explain SELECT c FROM sbtest8 WHERE id=6469056
	Index Scan using sbtest8_pkey on sbtest8  (cost=0.43..8.45 rows=1 width=121)
	  Index Cond: (id = 6469056)

for point_selects
table 1 : explain SELECT c FROM sbtest1 WHERE id=7951615
	Index Scan using sbtest1_pkey on sbtest1  (cost=0.43..8.45 rows=1 width=121)
	  Index Cond: (id = 7951615)

table 2 : explain SELECT c FROM sbtest2 WHERE id=1987640
	Index Scan using sbtest2_pkey on sbtest2  (cost=0.43..8.45 rows=1 width=121)
	  Index Cond: (id = 1987640)

table 3 : explain SELECT c FROM sbtest3 WHERE id=9499060
	Index Scan using sbtest3_pkey on sbtest3  (cost=0.43..8.45 rows=1 width=121)
	  Index Cond: (id = 9499060)

table 4 : explain SELECT c FROM sbtest4 WHERE id=123350
	Index Scan using sbtest4_pkey on sbtest4  (cost=0.43..8.45 rows=1 width=121)
	  Index Cond: (id = 123350)

table 5 : explain SELECT c FROM sbtest5 WHERE id=728541
	Index Scan using sbtest5_pkey on sbtest5  (cost=0.43..8.45 rows=1 width=121)
	  Index Cond: (id = 728541)

table 6 : explain SELECT c FROM sbtest6 WHERE id=7787170
	Index Scan using sbtest6_pkey on sbtest6  (cost=0.43..8.45 rows=1 width=121)
	  Index Cond: (id = 7787170)

table 7 : explain SELECT c FROM sbtest7 WHERE id=2703668
	Index Scan using sbtest7_pkey on sbtest7  (cost=0.43..8.45 rows=1 width=121)
	  Index Cond: (id = 2703668)

table 8 : explain SELECT c FROM sbtest8 WHERE id=3308610
	Index Scan using sbtest8_pkey on sbtest8  (cost=0.43..8.45 rows=1 width=121)
	  Index Cond: (id = 3308610)

for point_selects
table 1 : explain SELECT c FROM sbtest1 WHERE id=3064698
	Index Scan using sbtest1_pkey on sbtest1  (cost=0.43..8.45 rows=1 width=121)
	  Index Cond: (id = 3064698)

table 2 : explain SELECT c FROM sbtest2 WHERE id=9439923
	Index Scan using sbtest2_pkey on sbtest2  (cost=0.43..8.45 rows=1 width=121)
	  Index Cond: (id = 9439923)

table 3 : explain SELECT c FROM sbtest3 WHERE id=232340
	Index Scan using sbtest3_pkey on sbtest3  (cost=0.43..8.45 rows=1 width=121)
	  Index Cond: (id = 232340)

table 4 : explain SELECT c FROM sbtest4 WHERE id=3636897
	Index Scan using sbtest4_pkey on sbtest4  (cost=0.43..8.45 rows=1 width=121)
	  Index Cond: (id = 3636897)

table 5 : explain SELECT c FROM sbtest5 WHERE id=5316775
	Index Scan using sbtest5_pkey on sbtest5  (cost=0.43..8.45 rows=1 width=121)
	  Index Cond: (id = 5316775)

table 6 : explain SELECT c FROM sbtest6 WHERE id=6873090
	Index Scan using sbtest6_pkey on sbtest6  (cost=0.43..8.45 rows=1 width=121)
	  Index Cond: (id = 6873090)

table 7 : explain SELECT c FROM sbtest7 WHERE id=2290134
	Index Scan using sbtest7_pkey on sbtest7  (cost=0.43..8.45 rows=1 width=121)
	  Index Cond: (id = 2290134)

table 8 : explain SELECT c FROM sbtest8 WHERE id=670077
	Index Scan using sbtest8_pkey on sbtest8  (cost=0.43..8.45 rows=1 width=121)
	  Index Cond: (id = 670077)

explain: for point_selects :: explain SELECT c FROM sbtest%u WHERE id=%u
for point_selects
table 1 : explain SELECT c FROM sbtest1 WHERE id=1634357
	Index Scan using sbtest1_pkey on sbtest1  (cost=0.43..8.45 rows=1 width=121)
	  Index Cond: (id = 1634357)

table 2 : explain SELECT c FROM sbtest2 WHERE id=7316114
	Index Scan using sbtest2_pkey on sbtest2  (cost=0.43..8.45 rows=1 width=121)
	  Index Cond: (id = 7316114)

table 3 : explain SELECT c FROM sbtest3 WHERE id=7016597
	Index Scan using sbtest3_pkey on sbtest3  (cost=0.43..8.45 rows=1 width=121)
	  Index Cond: (id = 7016597)

table 4 : explain SELECT c FROM sbtest4 WHERE id=9781036
	Index Scan using sbtest4_pkey on sbtest4  (cost=0.43..8.45 rows=1 width=121)
	  Index Cond: (id = 9781036)

table 5 : explain SELECT c FROM sbtest5 WHERE id=1636344
	Index Scan using sbtest5_pkey on sbtest5  (cost=0.43..8.45 rows=1 width=121)
	  Index Cond: (id = 1636344)

table 6 : explain SELECT c FROM sbtest6 WHERE id=3830582
	Index Scan using sbtest6_pkey on sbtest6  (cost=0.43..8.45 rows=1 width=121)
	  Index Cond: (id = 3830582)

table 7 : explain SELECT c FROM sbtest7 WHERE id=8413562
	Index Scan using sbtest7_pkey on sbtest7  (cost=0.43..8.45 rows=1 width=121)
	  Index Cond: (id = 8413562)

table 8 : explain SELECT c FROM sbtest8 WHERE id=685723
	Index Scan using sbtest8_pkey on sbtest8  (cost=0.43..8.45 rows=1 width=121)
	  Index Cond: (id = 685723)

for point_selects
table 1 : explain SELECT c FROM sbtest1 WHERE id=9545821
	Index Scan using sbtest1_pkey on sbtest1  (cost=0.43..8.45 rows=1 width=121)
	  Index Cond: (id = 9545821)

table 2 : explain SELECT c FROM sbtest2 WHERE id=918627
	Index Scan using sbtest2_pkey on sbtest2  (cost=0.43..8.45 rows=1 width=121)
	  Index Cond: (id = 918627)

table 3 : explain SELECT c FROM sbtest3 WHERE id=3474181
	Index Scan using sbtest3_pkey on sbtest3  (cost=0.43..8.45 rows=1 width=121)
	  Index Cond: (id = 3474181)

table 4 : explain SELECT c FROM sbtest4 WHERE id=2016792
	Index Scan using sbtest4_pkey on sbtest4  (cost=0.43..8.45 rows=1 width=121)
	  Index Cond: (id = 2016792)

table 5 : explain SELECT c FROM sbtest5 WHERE id=3487749
	Index Scan using sbtest5_pkey on sbtest5  (cost=0.43..8.45 rows=1 width=121)
	  Index Cond: (id = 3487749)

table 6 : explain SELECT c FROM sbtest6 WHERE id=4406081
	Index Scan using sbtest6_pkey on sbtest6  (cost=0.43..8.45 rows=1 width=121)
	  Index Cond: (id = 4406081)

table 7 : explain SELECT c FROM sbtest7 WHERE id=4225084
	Index Scan using sbtest7_pkey on sbtest7  (cost=0.43..8.45 rows=1 width=121)
	  Index Cond: (id = 4225084)

table 8 : explain SELECT c FROM sbtest8 WHERE id=763304
	Index Scan using sbtest8_pkey on sbtest8  (cost=0.43..8.45 rows=1 width=121)
	  Index Cond: (id = 763304)

explain: for point_selects :: explain SELECT c FROM sbtest%u WHERE id=%u
explain: for point_selects :: explain SELECT c FROM sbtest%u WHERE id=%u
explain: for point_selects :: explain SELECT c FROM sbtest%u WHERE id=%u
explain: for point_selects :: explain SELECT c FROM sbtest%u WHERE id=%u
explain: for point_selects :: explain SELECT c FROM sbtest%u WHERE id=%u
explain: for point_selects :: explain SELECT c FROM sbtest%u WHERE id=%u
explain: for point_selects :: explain SELECT c FROM sbtest%u WHERE id=%u
for point_selects
table 1 : explain SELECT c FROM sbtest1 WHERE id=2410226
	Index Scan using sbtest1_pkey on sbtest1  (cost=0.43..8.45 rows=1 width=121)
	  Index Cond: (id = 2410226)

table 2 : explain SELECT c FROM sbtest2 WHERE id=9473497
	Index Scan using sbtest2_pkey on sbtest2  (cost=0.43..8.45 rows=1 width=121)
	  Index Cond: (id = 9473497)

table 3 : explain SELECT c FROM sbtest3 WHERE id=9678131
	Index Scan using sbtest3_pkey on sbtest3  (cost=0.43..8.45 rows=1 width=121)
	  Index Cond: (id = 9678131)

table 4 : explain SELECT c FROM sbtest4 WHERE id=8572174
	Index Scan using sbtest4_pkey on sbtest4  (cost=0.43..8.45 rows=1 width=121)
	  Index Cond: (id = 8572174)

table 5 : explain SELECT c FROM sbtest5 WHERE id=8186255
	Index Scan using sbtest5_pkey on sbtest5  (cost=0.43..8.45 rows=1 width=121)
	  Index Cond: (id = 8186255)

table 6 : explain SELECT c FROM sbtest6 WHERE id=1098
	Index Scan using sbtest6_pkey on sbtest6  (cost=0.43..8.45 rows=1 width=121)
	  Index Cond: (id = 1098)

table 7 : explain SELECT c FROM sbtest7 WHERE id=9164935
	Index Scan using sbtest7_pkey on sbtest7  (cost=0.43..8.45 rows=1 width=121)
	  Index Cond: (id = 9164935)

table 8 : explain SELECT c FROM sbtest8 WHERE id=3573316
	Index Scan using sbtest8_pkey on sbtest8  (cost=0.43..8.45 rows=1 width=121)
	  Index Cond: (id = 3573316)

for point_selects
table 1 : explain SELECT c FROM sbtest1 WHERE id=1625306
	Index Scan using sbtest1_pkey on sbtest1  (cost=0.43..8.45 rows=1 width=121)
	  Index Cond: (id = 1625306)

table 2 : explain SELECT c FROM sbtest2 WHERE id=6114268
	Index Scan using sbtest2_pkey on sbtest2  (cost=0.43..8.45 rows=1 width=121)
	  Index Cond: (id = 6114268)

table 3 : explain SELECT c FROM sbtest3 WHERE id=1598802
	Index Scan using sbtest3_pkey on sbtest3  (cost=0.43..8.45 rows=1 width=121)
	  Index Cond: (id = 1598802)

table 4 : explain SELECT c FROM sbtest4 WHERE id=1633227
	Index Scan using sbtest4_pkey on sbtest4  (cost=0.43..8.45 rows=1 width=121)
	  Index Cond: (id = 1633227)

table 5 : explain SELECT c FROM sbtest5 WHERE id=7013880
	Index Scan using sbtest5_pkey on sbtest5  (cost=0.43..8.45 rows=1 width=121)
	  Index Cond: (id = 7013880)

table 6 : explain SELECT c FROM sbtest6 WHERE id=831547
	Index Scan using sbtest6_pkey on sbtest6  (cost=0.43..8.45 rows=1 width=121)
	  Index Cond: (id = 831547)

table 7 : explain SELECT c FROM sbtest7 WHERE id=8774961
	Index Scan using sbtest7_pkey on sbtest7  (cost=0.43..8.45 rows=1 width=121)
	  Index Cond: (id = 8774961)

table 8 : explain SELECT c FROM sbtest8 WHERE id=9276139
	Index Scan using sbtest8_pkey on sbtest8  (cost=0.43..8.45 rows=1 width=121)
	  Index Cond: (id = 9276139)

for point_selects
table 1 : explain SELECT c FROM sbtest1 WHERE id=8051856
	Index Scan using sbtest1_pkey on sbtest1  (cost=0.43..8.45 rows=1 width=121)
	  Index Cond: (id = 8051856)

table 2 : explain SELECT c FROM sbtest2 WHERE id=5825624
	Index Scan using sbtest2_pkey on sbtest2  (cost=0.43..8.45 rows=1 width=121)
	  Index Cond: (id = 5825624)

table 3 : explain SELECT c FROM sbtest3 WHERE id=6504008
	Index Scan using sbtest3_pkey on sbtest3  (cost=0.43..8.45 rows=1 width=121)
	  Index Cond: (id = 6504008)

table 4 : explain SELECT c FROM sbtest4 WHERE id=3396176
	Index Scan using sbtest4_pkey on sbtest4  (cost=0.43..8.45 rows=1 width=121)
	  Index Cond: (id = 3396176)

table 5 : explain SELECT c FROM sbtest5 WHERE id=2350123
	Index Scan using sbtest5_pkey on sbtest5  (cost=0.43..8.45 rows=1 width=121)
	  Index Cond: (id = 2350123)

table 6 : explain SELECT c FROM sbtest6 WHERE id=4462162
	Index Scan using sbtest6_pkey on sbtest6  (cost=0.43..8.45 rows=1 width=121)
	  Index Cond: (id = 4462162)

table 7 : explain SELECT c FROM sbtest7 WHERE id=9405905
	Index Scan using sbtest7_pkey on sbtest7  (cost=0.43..8.45 rows=1 width=121)
	  Index Cond: (id = 9405905)

table 8 : explain SELECT c FROM sbtest8 WHERE id=3032353
	Index Scan using sbtest8_pkey on sbtest8  (cost=0.43..8.45 rows=1 width=121)
	  Index Cond: (id = 3032353)

for point_selects
table 1 : explain SELECT c FROM sbtest1 WHERE id=5858864
	Index Scan using sbtest1_pkey on sbtest1  (cost=0.43..8.45 rows=1 width=121)
	  Index Cond: (id = 5858864)

table 2 : explain SELECT c FROM sbtest2 WHERE id=3227841
	Index Scan using sbtest2_pkey on sbtest2  (cost=0.43..8.45 rows=1 width=121)
	  Index Cond: (id = 3227841)

table 3 : explain SELECT c FROM sbtest3 WHERE id=3553782
	Index Scan using sbtest3_pkey on sbtest3  (cost=0.43..8.45 rows=1 width=121)
	  Index Cond: (id = 3553782)

table 4 : explain SELECT c FROM sbtest4 WHERE id=5861827
	Index Scan using sbtest4_pkey on sbtest4  (cost=0.43..8.45 rows=1 width=121)
	  Index Cond: (id = 5861827)

table 5 : explain SELECT c FROM sbtest5 WHERE id=5795043
	Index Scan using sbtest5_pkey on sbtest5  (cost=0.43..8.45 rows=1 width=121)
	  Index Cond: (id = 5795043)

table 6 : explain SELECT c FROM sbtest6 WHERE id=4382055
	Index Scan using sbtest6_pkey on sbtest6  (cost=0.43..8.45 rows=1 width=121)
	  Index Cond: (id = 4382055)

table 7 : explain SELECT c FROM sbtest7 WHERE id=5126517
	Index Scan using sbtest7_pkey on sbtest7  (cost=0.43..8.45 rows=1 width=121)
	  Index Cond: (id = 5126517)

table 8 : explain SELECT c FROM sbtest8 WHERE id=7095427
	Index Scan using sbtest8_pkey on sbtest8  (cost=0.43..8.45 rows=1 width=121)
	  Index Cond: (id = 7095427)

for point_selects
table 1 : explain SELECT c FROM sbtest1 WHERE id=3215515
	Index Scan using sbtest1_pkey on sbtest1  (cost=0.43..8.45 rows=1 width=121)
	  Index Cond: (id = 3215515)

table 2 : explain SELECT c FROM sbtest2 WHERE id=2009084
	Index Scan using sbtest2_pkey on sbtest2  (cost=0.43..8.45 rows=1 width=121)
	  Index Cond: (id = 2009084)

table 3 : explain SELECT c FROM sbtest3 WHERE id=2923266
	Index Scan using sbtest3_pkey on sbtest3  (cost=0.43..8.45 rows=1 width=121)
	  Index Cond: (id = 2923266)

table 4 : explain SELECT c FROM sbtest4 WHERE id=3884754
	Index Scan using sbtest4_pkey on sbtest4  (cost=0.43..8.45 rows=1 width=121)
	  Index Cond: (id = 3884754)

table 5 : explain SELECT c FROM sbtest5 WHERE id=4564362
	Index Scan using sbtest5_pkey on sbtest5  (cost=0.43..8.45 rows=1 width=121)
	  Index Cond: (id = 4564362)

table 6 : explain SELECT c FROM sbtest6 WHERE id=4123886
	Index Scan using sbtest6_pkey on sbtest6  (cost=0.43..8.45 rows=1 width=121)
	  Index Cond: (id = 4123886)

table 7 : explain SELECT c FROM sbtest7 WHERE id=6838655
	Index Scan using sbtest7_pkey on sbtest7  (cost=0.43..8.45 rows=1 width=121)
	  Index Cond: (id = 6838655)

table 8 : explain SELECT c FROM sbtest8 WHERE id=7786146
	Index Scan using sbtest8_pkey on sbtest8  (cost=0.43..8.45 rows=1 width=121)
	  Index Cond: (id = 7786146)

explain: for point_selects :: explain SELECT c FROM sbtest%u WHERE id=%u
explain: for point_selects :: explain SELECT c FROM sbtest%u WHERE id=%u
explain: for point_selects :: explain SELECT c FROM sbtest%u WHERE id=%u
for point_selects
table 1 : explain SELECT c FROM sbtest1 WHERE id=1462489
	Index Scan using sbtest1_pkey on sbtest1  (cost=0.43..8.45 rows=1 width=121)
	  Index Cond: (id = 1462489)

table 2 : explain SELECT c FROM sbtest2 WHERE id=2373288
	Index Scan using sbtest2_pkey on sbtest2  (cost=0.43..8.45 rows=1 width=121)
	  Index Cond: (id = 2373288)

table 3 : explain SELECT c FROM sbtest3 WHERE id=8759991
	Index Scan using sbtest3_pkey on sbtest3  (cost=0.43..8.45 rows=1 width=121)
	  Index Cond: (id = 8759991)

table 4 : explain SELECT c FROM sbtest4 WHERE id=2816592
	Index Scan using sbtest4_pkey on sbtest4  (cost=0.43..8.45 rows=1 width=121)
	  Index Cond: (id = 2816592)

table 5 : explain SELECT c FROM sbtest5 WHERE id=3277724
	Index Scan using sbtest5_pkey on sbtest5  (cost=0.43..8.45 rows=1 width=121)
	  Index Cond: (id = 3277724)

table 6 : explain SELECT c FROM sbtest6 WHERE id=1039177
	Index Scan using sbtest6_pkey on sbtest6  (cost=0.43..8.45 rows=1 width=121)
	  Index Cond: (id = 1039177)

table 7 : explain SELECT c FROM sbtest7 WHERE id=6074721
	Index Scan using sbtest7_pkey on sbtest7  (cost=0.43..8.45 rows=1 width=121)
	  Index Cond: (id = 6074721)

table 8 : explain SELECT c FROM sbtest8 WHERE id=4086099
	Index Scan using sbtest8_pkey on sbtest8  (cost=0.43..8.45 rows=1 width=121)
	  Index Cond: (id = 4086099)

for point_selects
table 1 : explain SELECT c FROM sbtest1 WHERE id=7526033
	Index Scan using sbtest1_pkey on sbtest1  (cost=0.43..8.45 rows=1 width=121)
	  Index Cond: (id = 7526033)

table 2 : explain SELECT c FROM sbtest2 WHERE id=8743812
	Index Scan using sbtest2_pkey on sbtest2  (cost=0.43..8.45 rows=1 width=121)
	  Index Cond: (id = 8743812)

table 3 : explain SELECT c FROM sbtest3 WHERE id=9192002
	Index Scan using sbtest3_pkey on sbtest3  (cost=0.43..8.45 rows=1 width=121)
	  Index Cond: (id = 9192002)

table 4 : explain SELECT c FROM sbtest4 WHERE id=5973837
	Index Scan using sbtest4_pkey on sbtest4  (cost=0.43..8.45 rows=1 width=121)
	  Index Cond: (id = 5973837)

table 5 : explain SELECT c FROM sbtest5 WHERE id=4532717
	Index Scan using sbtest5_pkey on sbtest5  (cost=0.43..8.45 rows=1 width=121)
	  Index Cond: (id = 4532717)

table 6 : explain SELECT c FROM sbtest6 WHERE id=9849039
	Index Scan using sbtest6_pkey on sbtest6  (cost=0.43..8.45 rows=1 width=121)
	  Index Cond: (id = 9849039)

table 7 : explain SELECT c FROM sbtest7 WHERE id=7461179
	Index Scan using sbtest7_pkey on sbtest7  (cost=0.43..8.45 rows=1 width=121)
	  Index Cond: (id = 7461179)

table 8 : explain SELECT c FROM sbtest8 WHERE id=5432163
	Index Scan using sbtest8_pkey on sbtest8  (cost=0.43..8.45 rows=1 width=121)
	  Index Cond: (id = 5432163)

for point_selects
table 1 : explain SELECT c FROM sbtest1 WHERE id=890724
	Index Scan using sbtest1_pkey on sbtest1  (cost=0.43..8.45 rows=1 width=121)
	  Index Cond: (id = 890724)

table 2 : explain SELECT c FROM sbtest2 WHERE id=3904392
	Index Scan using sbtest2_pkey on sbtest2  (cost=0.43..8.45 rows=1 width=121)
	  Index Cond: (id = 3904392)

table 3 : explain SELECT c FROM sbtest3 WHERE id=2321969
	Index Scan using sbtest3_pkey on sbtest3  (cost=0.43..8.45 rows=1 width=121)
	  Index Cond: (id = 2321969)

table 4 : explain SELECT c FROM sbtest4 WHERE id=7139375
	Index Scan using sbtest4_pkey on sbtest4  (cost=0.43..8.45 rows=1 width=121)
	  Index Cond: (id = 7139375)

table 5 : explain SELECT c FROM sbtest5 WHERE id=7205800
	Index Scan using sbtest5_pkey on sbtest5  (cost=0.43..8.45 rows=1 width=121)
	  Index Cond: (id = 7205800)

table 6 : explain SELECT c FROM sbtest6 WHERE id=9713124
	Index Scan using sbtest6_pkey on sbtest6  (cost=0.43..8.45 rows=1 width=121)
	  Index Cond: (id = 9713124)

table 7 : explain SELECT c FROM sbtest7 WHERE id=2057263
	Index Scan using sbtest7_pkey on sbtest7  (cost=0.43..8.45 rows=1 width=121)
	  Index Cond: (id = 2057263)

table 8 : explain SELECT c FROM sbtest8 WHERE id=9094304
	Index Scan using sbtest8_pkey on sbtest8  (cost=0.43..8.45 rows=1 width=121)
	  Index Cond: (id = 9094304)

for point_selects
table 1 : explain SELECT c FROM sbtest1 WHERE id=2474452
	Index Scan using sbtest1_pkey on sbtest1  (cost=0.43..8.45 rows=1 width=121)
	  Index Cond: (id = 2474452)

table 2 : explain SELECT c FROM sbtest2 WHERE id=2256452
	Index Scan using sbtest2_pkey on sbtest2  (cost=0.43..8.45 rows=1 width=121)
	  Index Cond: (id = 2256452)

table 3 : explain SELECT c FROM sbtest3 WHERE id=8008001
	Index Scan using sbtest3_pkey on sbtest3  (cost=0.43..8.45 rows=1 width=121)
	  Index Cond: (id = 8008001)

table 4 : explain SELECT c FROM sbtest4 WHERE id=114184
	Index Scan using sbtest4_pkey on sbtest4  (cost=0.43..8.45 rows=1 width=121)
	  Index Cond: (id = 114184)

table 5 : explain SELECT c FROM sbtest5 WHERE id=3107343
	Index Scan using sbtest5_pkey on sbtest5  (cost=0.43..8.45 rows=1 width=121)
	  Index Cond: (id = 3107343)

table 6 : explain SELECT c FROM sbtest6 WHERE id=3358395
	Index Scan using sbtest6_pkey on sbtest6  (cost=0.43..8.45 rows=1 width=121)
	  Index Cond: (id = 3358395)

table 7 : explain SELECT c FROM sbtest7 WHERE id=2559944
	Index Scan using sbtest7_pkey on sbtest7  (cost=0.43..8.45 rows=1 width=121)
	  Index Cond: (id = 2559944)

table 8 : explain SELECT c FROM sbtest8 WHERE id=2654806
	Index Scan using sbtest8_pkey on sbtest8  (cost=0.43..8.45 rows=1 width=121)
	  Index Cond: (id = 2654806)

for point_selects
table 1 : explain SELECT c FROM sbtest1 WHERE id=4915802
	Index Scan using sbtest1_pkey on sbtest1  (cost=0.43..8.45 rows=1 width=121)
	  Index Cond: (id = 4915802)

table 2 : explain SELECT c FROM sbtest2 WHERE id=6699808
	Index Scan using sbtest2_pkey on sbtest2  (cost=0.43..8.45 rows=1 width=121)
	  Index Cond: (id = 6699808)

table 3 : explain SELECT c FROM sbtest3 WHERE id=7174563
	Index Scan using sbtest3_pkey on sbtest3  (cost=0.43..8.45 rows=1 width=121)
	  Index Cond: (id = 7174563)

table 4 : explain SELECT c FROM sbtest4 WHERE id=6082991
	Index Scan using sbtest4_pkey on sbtest4  (cost=0.43..8.45 rows=1 width=121)
	  Index Cond: (id = 6082991)

table 5 : explain SELECT c FROM sbtest5 WHERE id=4087454
	Index Scan using sbtest5_pkey on sbtest5  (cost=0.43..8.45 rows=1 width=121)
	  Index Cond: (id = 4087454)

table 6 : explain SELECT c FROM sbtest6 WHERE id=1268598
	Index Scan using sbtest6_pkey on sbtest6  (cost=0.43..8.45 rows=1 width=121)
	  Index Cond: (id = 1268598)

table 7 : explain SELECT c FROM sbtest7 WHERE id=8150542
	Index Scan using sbtest7_pkey on sbtest7  (cost=0.43..8.45 rows=1 width=121)
	  Index Cond: (id = 8150542)

table 8 : explain SELECT c FROM sbtest8 WHERE id=3709845
	Index Scan using sbtest8_pkey on sbtest8  (cost=0.43..8.45 rows=1 width=121)
	  Index Cond: (id = 3709845)

for point_selects
table 1 : explain SELECT c FROM sbtest1 WHERE id=86392
	Index Scan using sbtest1_pkey on sbtest1  (cost=0.43..8.45 rows=1 width=121)
	  Index Cond: (id = 86392)

table 2 : explain SELECT c FROM sbtest2 WHERE id=2853405
	Index Scan using sbtest2_pkey on sbtest2  (cost=0.43..8.45 rows=1 width=121)
	  Index Cond: (id = 2853405)

table 3 : explain SELECT c FROM sbtest3 WHERE id=2381621
	Index Scan using sbtest3_pkey on sbtest3  (cost=0.43..8.45 rows=1 width=121)
	  Index Cond: (id = 2381621)

table 4 : explain SELECT c FROM sbtest4 WHERE id=4606905
	Index Scan using sbtest4_pkey on sbtest4  (cost=0.43..8.45 rows=1 width=121)
	  Index Cond: (id = 4606905)

table 5 : explain SELECT c FROM sbtest5 WHERE id=7614119
	Index Scan using sbtest5_pkey on sbtest5  (cost=0.43..8.45 rows=1 width=121)
	  Index Cond: (id = 7614119)

table 6 : explain SELECT c FROM sbtest6 WHERE id=4647244
	Index Scan using sbtest6_pkey on sbtest6  (cost=0.43..8.45 rows=1 width=121)
	  Index Cond: (id = 4647244)

table 7 : explain SELECT c FROM sbtest7 WHERE id=8811799
	Index Scan using sbtest7_pkey on sbtest7  (cost=0.43..8.45 rows=1 width=121)
	  Index Cond: (id = 8811799)

table 8 : explain SELECT c FROM sbtest8 WHERE id=8972018
	Index Scan using sbtest8_pkey on sbtest8  (cost=0.43..8.45 rows=1 width=121)
	  Index Cond: (id = 8972018)

for point_selects
table 1 : explain SELECT c FROM sbtest1 WHERE id=1514261
	Index Scan using sbtest1_pkey on sbtest1  (cost=0.43..8.45 rows=1 width=121)
	  Index Cond: (id = 1514261)

table 2 : explain SELECT c FROM sbtest2 WHERE id=4027690
	Index Scan using sbtest2_pkey on sbtest2  (cost=0.43..8.45 rows=1 width=121)
	  Index Cond: (id = 4027690)

table 3 : explain SELECT c FROM sbtest3 WHERE id=192313
	Index Scan using sbtest3_pkey on sbtest3  (cost=0.43..8.45 rows=1 width=121)
	  Index Cond: (id = 192313)

table 4 : explain SELECT c FROM sbtest4 WHERE id=7742005
	Index Scan using sbtest4_pkey on sbtest4  (cost=0.43..8.45 rows=1 width=121)
	  Index Cond: (id = 7742005)

table 5 : explain SELECT c FROM sbtest5 WHERE id=5676257
	Index Scan using sbtest5_pkey on sbtest5  (cost=0.43..8.45 rows=1 width=121)
	  Index Cond: (id = 5676257)

table 6 : explain SELECT c FROM sbtest6 WHERE id=5038596
	Index Scan using sbtest6_pkey on sbtest6  (cost=0.43..8.45 rows=1 width=121)
	  Index Cond: (id = 5038596)

table 7 : explain SELECT c FROM sbtest7 WHERE id=2541394
	Index Scan using sbtest7_pkey on sbtest7  (cost=0.43..8.45 rows=1 width=121)
	  Index Cond: (id = 2541394)

table 8 : explain SELECT c FROM sbtest8 WHERE id=8414797
	Index Scan using sbtest8_pkey on sbtest8  (cost=0.43..8.45 rows=1 width=121)
	  Index Cond: (id = 8414797)

explain: for point_selects :: explain SELECT c FROM sbtest%u WHERE id=%u
explain: for point_selects :: explain SELECT c FROM sbtest%u WHERE id=%u
explain: for point_selects :: explain SELECT c FROM sbtest%u WHERE id=%u
explain: for point_selects :: explain SELECT c FROM sbtest%u WHERE id=%u
for point_selects
table 1 : explain SELECT c FROM sbtest1 WHERE id=992054
	Index Scan using sbtest1_pkey on sbtest1  (cost=0.43..8.45 rows=1 width=121)
	  Index Cond: (id = 992054)

table 2 : explain SELECT c FROM sbtest2 WHERE id=6879422
	Index Scan using sbtest2_pkey on sbtest2  (cost=0.43..8.45 rows=1 width=121)
	  Index Cond: (id = 6879422)

table 3 : explain SELECT c FROM sbtest3 WHERE id=8889658
	Index Scan using sbtest3_pkey on sbtest3  (cost=0.43..8.45 rows=1 width=121)
	  Index Cond: (id = 8889658)

table 4 : explain SELECT c FROM sbtest4 WHERE id=7230845
	Index Scan using sbtest4_pkey on sbtest4  (cost=0.43..8.45 rows=1 width=121)
	  Index Cond: (id = 7230845)

table 5 : explain SELECT c FROM sbtest5 WHERE id=9508881
	Index Scan using sbtest5_pkey on sbtest5  (cost=0.43..8.45 rows=1 width=121)
	  Index Cond: (id = 9508881)

table 6 : explain SELECT c FROM sbtest6 WHERE id=9494337
	Index Scan using sbtest6_pkey on sbtest6  (cost=0.43..8.45 rows=1 width=121)
	  Index Cond: (id = 9494337)

table 7 : explain SELECT c FROM sbtest7 WHERE id=2064242
	Index Scan using sbtest7_pkey on sbtest7  (cost=0.43..8.45 rows=1 width=121)
	  Index Cond: (id = 2064242)

table 8 : explain SELECT c FROM sbtest8 WHERE id=634500
	Index Scan using sbtest8_pkey on sbtest8  (cost=0.43..8.45 rows=1 width=121)
	  Index Cond: (id = 634500)

for point_selects
table 1 : explain SELECT c FROM sbtest1 WHERE id=6713814
	Index Scan using sbtest1_pkey on sbtest1  (cost=0.43..8.45 rows=1 width=121)
	  Index Cond: (id = 6713814)

table 2 : explain SELECT c FROM sbtest2 WHERE id=1667681
	Index Scan using sbtest2_pkey on sbtest2  (cost=0.43..8.45 rows=1 width=121)
	  Index Cond: (id = 1667681)

table 3 : explain SELECT c FROM sbtest3 WHERE id=2633521
	Index Scan using sbtest3_pkey on sbtest3  (cost=0.43..8.45 rows=1 width=121)
	  Index Cond: (id = 2633521)

table 4 : explain SELECT c FROM sbtest4 WHERE id=2497736
	Index Scan using sbtest4_pkey on sbtest4  (cost=0.43..8.45 rows=1 width=121)
	  Index Cond: (id = 2497736)

table 5 : explain SELECT c FROM sbtest5 WHERE id=3153070
	Index Scan using sbtest5_pkey on sbtest5  (cost=0.43..8.45 rows=1 width=121)
	  Index Cond: (id = 3153070)

table 6 : explain SELECT c FROM sbtest6 WHERE id=9503994
	Index Scan using sbtest6_pkey on sbtest6  (cost=0.43..8.45 rows=1 width=121)
	  Index Cond: (id = 9503994)

table 7 : explain SELECT c FROM sbtest7 WHERE id=565259
	Index Scan using sbtest7_pkey on sbtest7  (cost=0.43..8.45 rows=1 width=121)
	  Index Cond: (id = 565259)

table 8 : explain SELECT c FROM sbtest8 WHERE id=7568904
	Index Scan using sbtest8_pkey on sbtest8  (cost=0.43..8.45 rows=1 width=121)
	  Index Cond: (id = 7568904)

for point_selects
table 1 : explain SELECT c FROM sbtest1 WHERE id=4399320
	Index Scan using sbtest1_pkey on sbtest1  (cost=0.43..8.45 rows=1 width=121)
	  Index Cond: (id = 4399320)

table 2 : explain SELECT c FROM sbtest2 WHERE id=7255951
	Index Scan using sbtest2_pkey on sbtest2  (cost=0.43..8.45 rows=1 width=121)
	  Index Cond: (id = 7255951)

table 3 : explain SELECT c FROM sbtest3 WHERE id=8504924
	Index Scan using sbtest3_pkey on sbtest3  (cost=0.43..8.45 rows=1 width=121)
	  Index Cond: (id = 8504924)

table 4 : explain SELECT c FROM sbtest4 WHERE id=779103
	Index Scan using sbtest4_pkey on sbtest4  (cost=0.43..8.45 rows=1 width=121)
	  Index Cond: (id = 779103)

table 5 : explain SELECT c FROM sbtest5 WHERE id=3950097
	Index Scan using sbtest5_pkey on sbtest5  (cost=0.43..8.45 rows=1 width=121)
	  Index Cond: (id = 3950097)

table 6 : explain SELECT c FROM sbtest6 WHERE id=8133959
	Index Scan using sbtest6_pkey on sbtest6  (cost=0.43..8.45 rows=1 width=121)
	  Index Cond: (id = 8133959)

table 7 : explain SELECT c FROM sbtest7 WHERE id=9128124
	Index Scan using sbtest7_pkey on sbtest7  (cost=0.43..8.45 rows=1 width=121)
	  Index Cond: (id = 9128124)

table 8 : explain SELECT c FROM sbtest8 WHERE id=1570839
	Index Scan using sbtest8_pkey on sbtest8  (cost=0.43..8.45 rows=1 width=121)
	  Index Cond: (id = 1570839)

explain: for point_selects :: explain SELECT c FROM sbtest%u WHERE id=%u
for point_selects
table 1 : explain SELECT c FROM sbtest1 WHERE id=8228592
	Index Scan using sbtest1_pkey on sbtest1  (cost=0.43..8.45 rows=1 width=121)
	  Index Cond: (id = 8228592)

table 2 : explain SELECT c FROM sbtest2 WHERE id=1781632
	Index Scan using sbtest2_pkey on sbtest2  (cost=0.43..8.45 rows=1 width=121)
	  Index Cond: (id = 1781632)

table 3 : explain SELECT c FROM sbtest3 WHERE id=3082833
	Index Scan using sbtest3_pkey on sbtest3  (cost=0.43..8.45 rows=1 width=121)
	  Index Cond: (id = 3082833)

table 4 : explain SELECT c FROM sbtest4 WHERE id=6874626
	Index Scan using sbtest4_pkey on sbtest4  (cost=0.43..8.45 rows=1 width=121)
	  Index Cond: (id = 6874626)

table 5 : explain SELECT c FROM sbtest5 WHERE id=3575022
	Index Scan using sbtest5_pkey on sbtest5  (cost=0.43..8.45 rows=1 width=121)
	  Index Cond: (id = 3575022)

table 6 : explain SELECT c FROM sbtest6 WHERE id=6112306
	Index Scan using sbtest6_pkey on sbtest6  (cost=0.43..8.45 rows=1 width=121)
	  Index Cond: (id = 6112306)

table 7 : explain SELECT c FROM sbtest7 WHERE id=2176959
	Index Scan using sbtest7_pkey on sbtest7  (cost=0.43..8.45 rows=1 width=121)
	  Index Cond: (id = 2176959)

table 8 : explain SELECT c FROM sbtest8 WHERE id=8285815
	Index Scan using sbtest8_pkey on sbtest8  (cost=0.43..8.45 rows=1 width=121)
	  Index Cond: (id = 8285815)

explain: for point_selects :: explain SELECT c FROM sbtest%u WHERE id=%u
explain: for point_selects :: explain SELECT c FROM sbtest%u WHERE id=%u
explain: for point_selects :: explain SELECT c FROM sbtest%u WHERE id=%u
for point_selects
table 1 : explain SELECT c FROM sbtest1 WHERE id=4419376
	Index Scan using sbtest1_pkey on sbtest1  (cost=0.43..8.45 rows=1 width=121)
	  Index Cond: (id = 4419376)

table 2 : explain SELECT c FROM sbtest2 WHERE id=6113352
	Index Scan using sbtest2_pkey on sbtest2  (cost=0.43..8.45 rows=1 width=121)
	  Index Cond: (id = 6113352)

table 3 : explain SELECT c FROM sbtest3 WHERE id=5869747
	Index Scan using sbtest3_pkey on sbtest3  (cost=0.43..8.45 rows=1 width=121)
	  Index Cond: (id = 5869747)

table 4 : explain SELECT c FROM sbtest4 WHERE id=9808682
	Index Scan using sbtest4_pkey on sbtest4  (cost=0.43..8.45 rows=1 width=121)
	  Index Cond: (id = 9808682)

table 5 : explain SELECT c FROM sbtest5 WHERE id=7115763
	Index Scan using sbtest5_pkey on sbtest5  (cost=0.43..8.45 rows=1 width=121)
	  Index Cond: (id = 7115763)

table 6 : explain SELECT c FROM sbtest6 WHERE id=3974300
	Index Scan using sbtest6_pkey on sbtest6  (cost=0.43..8.45 rows=1 width=121)
	  Index Cond: (id = 3974300)

table 7 : explain SELECT c FROM sbtest7 WHERE id=8240655
	Index Scan using sbtest7_pkey on sbtest7  (cost=0.43..8.45 rows=1 width=121)
	  Index Cond: (id = 8240655)

table 8 : explain SELECT c FROM sbtest8 WHERE id=6660693
	Index Scan using sbtest8_pkey on sbtest8  (cost=0.43..8.45 rows=1 width=121)
	  Index Cond: (id = 6660693)

for point_selects
table 1 : explain SELECT c FROM sbtest1 WHERE id=9455173
	Index Scan using sbtest1_pkey on sbtest1  (cost=0.43..8.45 rows=1 width=121)
	  Index Cond: (id = 9455173)

table 2 : explain SELECT c FROM sbtest2 WHERE id=2038001
	Index Scan using sbtest2_pkey on sbtest2  (cost=0.43..8.45 rows=1 width=121)
	  Index Cond: (id = 2038001)

table 3 : explain SELECT c FROM sbtest3 WHERE id=100498
	Index Scan using sbtest3_pkey on sbtest3  (cost=0.43..8.45 rows=1 width=121)
	  Index Cond: (id = 100498)

table 4 : explain SELECT c FROM sbtest4 WHERE id=3465110
	Index Scan using sbtest4_pkey on sbtest4  (cost=0.43..8.45 rows=1 width=121)
	  Index Cond: (id = 3465110)

table 5 : explain SELECT c FROM sbtest5 WHERE id=2319130
	Index Scan using sbtest5_pkey on sbtest5  (cost=0.43..8.45 rows=1 width=121)
	  Index Cond: (id = 2319130)

table 6 : explain SELECT c FROM sbtest6 WHERE id=4943632
	Index Scan using sbtest6_pkey on sbtest6  (cost=0.43..8.45 rows=1 width=121)
	  Index Cond: (id = 4943632)

table 7 : explain SELECT c FROM sbtest7 WHERE id=2345064
	Index Scan using sbtest7_pkey on sbtest7  (cost=0.43..8.45 rows=1 width=121)
	  Index Cond: (id = 2345064)

table 8 : explain SELECT c FROM sbtest8 WHERE id=3957589
	Index Scan using sbtest8_pkey on sbtest8  (cost=0.43..8.45 rows=1 width=121)
	  Index Cond: (id = 3957589)

explain: for point_selects :: explain SELECT c FROM sbtest%u WHERE id=%u
explain: for point_selects :: explain SELECT c FROM sbtest%u WHERE id=%u
for point_selects
table 1 : explain SELECT c FROM sbtest1 WHERE id=6653702
	Index Scan using sbtest1_pkey on sbtest1  (cost=0.43..8.45 rows=1 width=121)
	  Index Cond: (id = 6653702)

table 2 : explain SELECT c FROM sbtest2 WHERE id=4431680
	Index Scan using sbtest2_pkey on sbtest2  (cost=0.43..8.45 rows=1 width=121)
	  Index Cond: (id = 4431680)

table 3 : explain SELECT c FROM sbtest3 WHERE id=3554815
	Index Scan using sbtest3_pkey on sbtest3  (cost=0.43..8.45 rows=1 width=121)
	  Index Cond: (id = 3554815)

table 4 : explain SELECT c FROM sbtest4 WHERE id=219195
	Index Scan using sbtest4_pkey on sbtest4  (cost=0.43..8.45 rows=1 width=121)
	  Index Cond: (id = 219195)

table 5 : explain SELECT c FROM sbtest5 WHERE id=735960
	Index Scan using sbtest5_pkey on sbtest5  (cost=0.43..8.45 rows=1 width=121)
	  Index Cond: (id = 735960)

table 6 : explain SELECT c FROM sbtest6 WHERE id=5512750
	Index Scan using sbtest6_pkey on sbtest6  (cost=0.43..8.45 rows=1 width=121)
	  Index Cond: (id = 5512750)

table 7 : explain SELECT c FROM sbtest7 WHERE id=77367
	Index Scan using sbtest7_pkey on sbtest7  (cost=0.43..8.45 rows=1 width=121)
	  Index Cond: (id = 77367)

table 8 : explain SELECT c FROM sbtest8 WHERE id=7573511
	Index Scan using sbtest8_pkey on sbtest8  (cost=0.43..8.45 rows=1 width=121)
	  Index Cond: (id = 7573511)

for point_selects
table 1 : explain SELECT c FROM sbtest1 WHERE id=5714528
	Index Scan using sbtest1_pkey on sbtest1  (cost=0.43..8.45 rows=1 width=121)
	  Index Cond: (id = 5714528)

table 2 : explain SELECT c FROM sbtest2 WHERE id=5397172
	Index Scan using sbtest2_pkey on sbtest2  (cost=0.43..8.45 rows=1 width=121)
	  Index Cond: (id = 5397172)

table 3 : explain SELECT c FROM sbtest3 WHERE id=7920587
	Index Scan using sbtest3_pkey on sbtest3  (cost=0.43..8.45 rows=1 width=121)
	  Index Cond: (id = 7920587)

table 4 : explain SELECT c FROM sbtest4 WHERE id=6539639
	Index Scan using sbtest4_pkey on sbtest4  (cost=0.43..8.45 rows=1 width=121)
	  Index Cond: (id = 6539639)

table 5 : explain SELECT c FROM sbtest5 WHERE id=2012200
	Index Scan using sbtest5_pkey on sbtest5  (cost=0.43..8.45 rows=1 width=121)
	  Index Cond: (id = 2012200)

table 6 : explain SELECT c FROM sbtest6 WHERE id=2458373
	Index Scan using sbtest6_pkey on sbtest6  (cost=0.43..8.45 rows=1 width=121)
	  Index Cond: (id = 2458373)

table 7 : explain SELECT c FROM sbtest7 WHERE id=610627
	Index Scan using sbtest7_pkey on sbtest7  (cost=0.43..8.45 rows=1 width=121)
	  Index Cond: (id = 610627)

table 8 : explain SELECT c FROM sbtest8 WHERE id=5321012
	Index Scan using sbtest8_pkey on sbtest8  (cost=0.43..8.45 rows=1 width=121)
	  Index Cond: (id = 5321012)

for point_selects
table 1 : explain SELECT c FROM sbtest1 WHERE id=7538457
	Index Scan using sbtest1_pkey on sbtest1  (cost=0.43..8.45 rows=1 width=121)
	  Index Cond: (id = 7538457)

table 2 : explain SELECT c FROM sbtest2 WHERE id=7588364
	Index Scan using sbtest2_pkey on sbtest2  (cost=0.43..8.45 rows=1 width=121)
	  Index Cond: (id = 7588364)

table 3 : explain SELECT c FROM sbtest3 WHERE id=7511621
	Index Scan using sbtest3_pkey on sbtest3  (cost=0.43..8.45 rows=1 width=121)
	  Index Cond: (id = 7511621)

table 4 : explain SELECT c FROM sbtest4 WHERE id=5608115
	Index Scan using sbtest4_pkey on sbtest4  (cost=0.43..8.45 rows=1 width=121)
	  Index Cond: (id = 5608115)

table 5 : explain SELECT c FROM sbtest5 WHERE id=2861993
	Index Scan using sbtest5_pkey on sbtest5  (cost=0.43..8.45 rows=1 width=121)
	  Index Cond: (id = 2861993)

table 6 : explain SELECT c FROM sbtest6 WHERE id=7651015
	Index Scan using sbtest6_pkey on sbtest6  (cost=0.43..8.45 rows=1 width=121)
	  Index Cond: (id = 7651015)

table 7 : explain SELECT c FROM sbtest7 WHERE id=3790214
	Index Scan using sbtest7_pkey on sbtest7  (cost=0.43..8.45 rows=1 width=121)
	  Index Cond: (id = 3790214)

table 8 : explain SELECT c FROM sbtest8 WHERE id=8723788
	Index Scan using sbtest8_pkey on sbtest8  (cost=0.43..8.45 rows=1 width=121)
	  Index Cond: (id = 8723788)

for point_selects
table 1 : explain SELECT c FROM sbtest1 WHERE id=5536628
	Index Scan using sbtest1_pkey on sbtest1  (cost=0.43..8.45 rows=1 width=121)
	  Index Cond: (id = 5536628)

table 2 : explain SELECT c FROM sbtest2 WHERE id=9807995
	Index Scan using sbtest2_pkey on sbtest2  (cost=0.43..8.45 rows=1 width=121)
	  Index Cond: (id = 9807995)

table 3 : explain SELECT c FROM sbtest3 WHERE id=5243427
	Index Scan using sbtest3_pkey on sbtest3  (cost=0.43..8.45 rows=1 width=121)
	  Index Cond: (id = 5243427)

table 4 : explain SELECT c FROM sbtest4 WHERE id=4799161
	Index Scan using sbtest4_pkey on sbtest4  (cost=0.43..8.45 rows=1 width=121)
	  Index Cond: (id = 4799161)

table 5 : explain SELECT c FROM sbtest5 WHERE id=8221697
	Index Scan using sbtest5_pkey on sbtest5  (cost=0.43..8.45 rows=1 width=121)
	  Index Cond: (id = 8221697)

table 6 : explain SELECT c FROM sbtest6 WHERE id=5799328
	Index Scan using sbtest6_pkey on sbtest6  (cost=0.43..8.45 rows=1 width=121)
	  Index Cond: (id = 5799328)

table 7 : explain SELECT c FROM sbtest7 WHERE id=7025898
	Index Scan using sbtest7_pkey on sbtest7  (cost=0.43..8.45 rows=1 width=121)
	  Index Cond: (id = 7025898)

table 8 : explain SELECT c FROM sbtest8 WHERE id=377989
	Index Scan using sbtest8_pkey on sbtest8  (cost=0.43..8.45 rows=1 width=121)
	  Index Cond: (id = 377989)

explain: for point_selects :: explain SELECT c FROM sbtest%u WHERE id=%u
explain: for point_selects :: explain SELECT c FROM sbtest%u WHERE id=%u
for point_selects
table 1 : explain SELECT c FROM sbtest1 WHERE id=7728635
	Index Scan using sbtest1_pkey on sbtest1  (cost=0.43..8.45 rows=1 width=121)
	  Index Cond: (id = 7728635)

table 2 : explain SELECT c FROM sbtest2 WHERE id=1761296
	Index Scan using sbtest2_pkey on sbtest2  (cost=0.43..8.45 rows=1 width=121)
	  Index Cond: (id = 1761296)

table 3 : explain SELECT c FROM sbtest3 WHERE id=8405386
	Index Scan using sbtest3_pkey on sbtest3  (cost=0.43..8.45 rows=1 width=121)
	  Index Cond: (id = 8405386)

table 4 : explain SELECT c FROM sbtest4 WHERE id=5165638
	Index Scan using sbtest4_pkey on sbtest4  (cost=0.43..8.45 rows=1 width=121)
	  Index Cond: (id = 5165638)

table 5 : explain SELECT c FROM sbtest5 WHERE id=4172480
	Index Scan using sbtest5_pkey on sbtest5  (cost=0.43..8.45 rows=1 width=121)
	  Index Cond: (id = 4172480)

table 6 : explain SELECT c FROM sbtest6 WHERE id=6011126
	Index Scan using sbtest6_pkey on sbtest6  (cost=0.43..8.45 rows=1 width=121)
	  Index Cond: (id = 6011126)

table 7 : explain SELECT c FROM sbtest7 WHERE id=8387637
	Index Scan using sbtest7_pkey on sbtest7  (cost=0.43..8.45 rows=1 width=121)
	  Index Cond: (id = 8387637)

table 8 : explain SELECT c FROM sbtest8 WHERE id=6923529
	Index Scan using sbtest8_pkey on sbtest8  (cost=0.43..8.45 rows=1 width=121)
	  Index Cond: (id = 6923529)

for point_selects
table 1 : explain SELECT c FROM sbtest1 WHERE id=2576069
	Index Scan using sbtest1_pkey on sbtest1  (cost=0.43..8.45 rows=1 width=121)
	  Index Cond: (id = 2576069)

table 2 : explain SELECT c FROM sbtest2 WHERE id=8032632
	Index Scan using sbtest2_pkey on sbtest2  (cost=0.43..8.45 rows=1 width=121)
	  Index Cond: (id = 8032632)

table 3 : explain SELECT c FROM sbtest3 WHERE id=2941554
	Index Scan using sbtest3_pkey on sbtest3  (cost=0.43..8.45 rows=1 width=121)
	  Index Cond: (id = 2941554)

table 4 : explain SELECT c FROM sbtest4 WHERE id=5354756
	Index Scan using sbtest4_pkey on sbtest4  (cost=0.43..8.45 rows=1 width=121)
	  Index Cond: (id = 5354756)

table 5 : explain SELECT c FROM sbtest5 WHERE id=6442975
	Index Scan using sbtest5_pkey on sbtest5  (cost=0.43..8.45 rows=1 width=121)
	  Index Cond: (id = 6442975)

table 6 : explain SELECT c FROM sbtest6 WHERE id=774050
	Index Scan using sbtest6_pkey on sbtest6  (cost=0.43..8.45 rows=1 width=121)
	  Index Cond: (id = 774050)

table 7 : explain SELECT c FROM sbtest7 WHERE id=8758229
	Index Scan using sbtest7_pkey on sbtest7  (cost=0.43..8.45 rows=1 width=121)
	  Index Cond: (id = 8758229)

table 8 : explain SELECT c FROM sbtest8 WHERE id=8274988
	Index Scan using sbtest8_pkey on sbtest8  (cost=0.43..8.45 rows=1 width=121)
	  Index Cond: (id = 8274988)

Threads started!

Warming up for 5 seconds...

SQL statistics:
    queries performed:
        read:                            635067957
        write:                           0
        other:                           0
        total:                           635067957
    transactions:                        635067957 (1008028.61 per sec.)
    queries:                             635067957 (1008028.61 per sec.)
    ignored errors:                      0      (0.00 per sec.)
    reconnects:                          0      (0.00 per sec.)

Throughput:
    events/s (eps):                      1008028.6131
    time elapsed:                        630.0100s
    total number of events:              635067957

Latency (ms):
         min:                                    0.03
         avg:                                    0.04
         max:                                   16.08
         95th percentile:                        0.04
         sum:                             25032690.37

Threads fairness:
    events (avg/stddev):           15876685.1250/355060.30
    execution time (avg/stddev):   625.8173/0.05

