LUA_PATH=/home/mdcallag/git/mytools/bench/sysbench.lua/lua/?.lua /home/mdcallag/git/mytools/bench/sysbench.lua/lua/sysbench --db-driver=pgsql --range-size=100 --table-size=10000000 --tables=8 --threads=40 --events=0 --warmup-time=5 --time=930 --pgsql_conn_id=true /home/mdcallag/git/mytools/bench/sysbench.lua/lua/oltp_inlist_update.lua run --pgsql-user=root --pgsql-password=pw --pgsql-host=127.0.0.1 --pgsql-db=ib --rand-type=uniform
48 CPUs
sysbench 1.1.0-9072687 (using bundled LuaJIT 2.1.0-beta3)

Running the test with following options:
Number of threads: 40
Warmup time: 5s
Initializing random number generator from current time


Initializing worker threads...

explain: for update-inlist :: explain UPDATE sbtest%d set c=7 WHERE id IN ( 729942, 3444012, 8353037, 444059, 9838609, 8010328, 2761946, 9957705, 4253879, 5009693)
for update-inlist
table 1 : explain UPDATE sbtest1 set c=7 WHERE id IN ( 729942, 3444012, 8353037, 444059, 9838609, 8010328, 2761946, 9957705, 4253879, 5009693)
	Update on sbtest1  (cost=0.43..48.53 rows=0 width=0)
	  ->  Index Scan using sbtest1_pkey on sbtest1  (cost=0.43..48.53 rows=10 width=490)
	        Index Cond: (id = ANY ('{729942,3444012,8353037,444059,9838609,8010328,2761946,9957705,4253879,5009693}'::integer[]))

table 2 : explain UPDATE sbtest2 set c=7 WHERE id IN ( 729942, 3444012, 8353037, 444059, 9838609, 8010328, 2761946, 9957705, 4253879, 5009693)
	Update on sbtest2  (cost=0.43..48.53 rows=0 width=0)
	  ->  Index Scan using sbtest2_pkey on sbtest2  (cost=0.43..48.53 rows=10 width=490)
	        Index Cond: (id = ANY ('{729942,3444012,8353037,444059,9838609,8010328,2761946,9957705,4253879,5009693}'::integer[]))

table 3 : explain UPDATE sbtest3 set c=7 WHERE id IN ( 729942, 3444012, 8353037, 444059, 9838609, 8010328, 2761946, 9957705, 4253879, 5009693)
	Update on sbtest3  (cost=0.43..48.53 rows=0 width=0)
	  ->  Index Scan using sbtest3_pkey on sbtest3  (cost=0.43..48.53 rows=10 width=490)
	        Index Cond: (id = ANY ('{729942,3444012,8353037,444059,9838609,8010328,2761946,9957705,4253879,5009693}'::integer[]))

table 4 : explain UPDATE sbtest4 set c=7 WHERE id IN ( 729942, 3444012, 8353037, 444059, 9838609, 8010328, 2761946, 9957705, 4253879, 5009693)
	Update on sbtest4  (cost=0.43..48.53 rows=0 width=0)
	  ->  Index Scan using sbtest4_pkey on sbtest4  (cost=0.43..48.53 rows=10 width=490)
	        Index Cond: (id = ANY ('{729942,3444012,8353037,444059,9838609,8010328,2761946,9957705,4253879,5009693}'::integer[]))

table 5 : explain UPDATE sbtest5 set c=7 WHERE id IN ( 729942, 3444012, 8353037, 444059, 9838609, 8010328, 2761946, 9957705, 4253879, 5009693)
	Update on sbtest5  (cost=0.43..48.53 rows=0 width=0)
	  ->  Index Scan using sbtest5_pkey on sbtest5  (cost=0.43..48.53 rows=10 width=490)
	        Index Cond: (id = ANY ('{729942,3444012,8353037,444059,9838609,8010328,2761946,9957705,4253879,5009693}'::integer[]))

table 6 : explain UPDATE sbtest6 set c=7 WHERE id IN ( 729942, 3444012, 8353037, 444059, 9838609, 8010328, 2761946, 9957705, 4253879, 5009693)
	Update on sbtest6  (cost=0.43..48.53 rows=0 width=0)
	  ->  Index Scan using sbtest6_pkey on sbtest6  (cost=0.43..48.53 rows=10 width=490)
	        Index Cond: (id = ANY ('{729942,3444012,8353037,444059,9838609,8010328,2761946,9957705,4253879,5009693}'::integer[]))

table 7 : explain UPDATE sbtest7 set c=7 WHERE id IN ( 729942, 3444012, 8353037, 444059, 9838609, 8010328, 2761946, 9957705, 4253879, 5009693)
	Update on sbtest7  (cost=0.43..48.53 rows=0 width=0)
	  ->  Index Scan using sbtest7_pkey on sbtest7  (cost=0.43..48.53 rows=10 width=490)
	        Index Cond: (id = ANY ('{729942,3444012,8353037,444059,9838609,8010328,2761946,9957705,4253879,5009693}'::integer[]))

table 8 : explain UPDATE sbtest8 set c=7 WHERE id IN ( 729942, 3444012, 8353037, 444059, 9838609, 8010328, 2761946, 9957705, 4253879, 5009693)
	Update on sbtest8  (cost=0.43..48.53 rows=0 width=0)
	  ->  Index Scan using sbtest8_pkey on sbtest8  (cost=0.43..48.53 rows=10 width=490)
	        Index Cond: (id = ANY ('{729942,3444012,8353037,444059,9838609,8010328,2761946,9957705,4253879,5009693}'::integer[]))

explain: for update-inlist :: explain UPDATE sbtest%d set c=7 WHERE id IN ( 4026314, 1988754, 9112431, 5942302, 3040094, 7196339, 2678667, 9253631, 4881164, 5791446)
explain: for update-inlist :: explain UPDATE sbtest%d set c=7 WHERE id IN ( 879884, 7753995, 9614426, 8620150, 2646553, 2584575, 741409, 7040241, 1493158, 1815817)
explain: for update-inlist :: explain UPDATE sbtest%d set c=7 WHERE id IN ( 1427075, 4229124, 7171543, 5092782, 9742423, 5747369, 4392085, 5819771, 6599222, 3115408)
for update-inlist
table 1 : explain UPDATE sbtest1 set c=7 WHERE id IN ( 4026314, 1988754, 9112431, 5942302, 3040094, 7196339, 2678667, 9253631, 4881164, 5791446)
	Update on sbtest1  (cost=0.43..48.53 rows=0 width=0)
	  ->  Index Scan using sbtest1_pkey on sbtest1  (cost=0.43..48.53 rows=10 width=490)
	        Index Cond: (id = ANY ('{4026314,1988754,9112431,5942302,3040094,7196339,2678667,9253631,4881164,5791446}'::integer[]))

table 2 : explain UPDATE sbtest2 set c=7 WHERE id IN ( 4026314, 1988754, 9112431, 5942302, 3040094, 7196339, 2678667, 9253631, 4881164, 5791446)
	Update on sbtest2  (cost=0.43..48.53 rows=0 width=0)
	  ->  Index Scan using sbtest2_pkey on sbtest2  (cost=0.43..48.53 rows=10 width=490)
	        Index Cond: (id = ANY ('{4026314,1988754,9112431,5942302,3040094,7196339,2678667,9253631,4881164,5791446}'::integer[]))

table 3 : explain UPDATE sbtest3 set c=7 WHERE id IN ( 4026314, 1988754, 9112431, 5942302, 3040094, 7196339, 2678667, 9253631, 4881164, 5791446)
	Update on sbtest3  (cost=0.43..48.53 rows=0 width=0)
	  ->  Index Scan using sbtest3_pkey on sbtest3  (cost=0.43..48.53 rows=10 width=490)
	        Index Cond: (id = ANY ('{4026314,1988754,9112431,5942302,3040094,7196339,2678667,9253631,4881164,5791446}'::integer[]))

table 4 : explain UPDATE sbtest4 set c=7 WHERE id IN ( 4026314, 1988754, 9112431, 5942302, 3040094, 7196339, 2678667, 9253631, 4881164, 5791446)
	Update on sbtest4  (cost=0.43..48.53 rows=0 width=0)
	  ->  Index Scan using sbtest4_pkey on sbtest4  (cost=0.43..48.53 rows=10 width=490)
	        Index Cond: (id = ANY ('{4026314,1988754,9112431,5942302,3040094,7196339,2678667,9253631,4881164,5791446}'::integer[]))

table 5 : explain UPDATE sbtest5 set c=7 WHERE id IN ( 4026314, 1988754, 9112431, 5942302, 3040094, 7196339, 2678667, 9253631, 4881164, 5791446)
	Update on sbtest5  (cost=0.43..48.53 rows=0 width=0)
	  ->  Index Scan using sbtest5_pkey on sbtest5  (cost=0.43..48.53 rows=10 width=490)
	        Index Cond: (id = ANY ('{4026314,1988754,9112431,5942302,3040094,7196339,2678667,9253631,4881164,5791446}'::integer[]))

table 6 : explain UPDATE sbtest6 set c=7 WHERE id IN ( 4026314, 1988754, 9112431, 5942302, 3040094, 7196339, 2678667, 9253631, 4881164, 5791446)
	Update on sbtest6  (cost=0.43..48.53 rows=0 width=0)
	  ->  Index Scan using sbtest6_pkey on sbtest6  (cost=0.43..48.53 rows=10 width=490)
	        Index Cond: (id = ANY ('{4026314,1988754,9112431,5942302,3040094,7196339,2678667,9253631,4881164,5791446}'::integer[]))

table 7 : explain UPDATE sbtest7 set c=7 WHERE id IN ( 4026314, 1988754, 9112431, 5942302, 3040094, 7196339, 2678667, 9253631, 4881164, 5791446)
	Update on sbtest7  (cost=0.43..48.53 rows=0 width=0)
	  ->  Index Scan using sbtest7_pkey on sbtest7  (cost=0.43..48.53 rows=10 width=490)
	        Index Cond: (id = ANY ('{4026314,1988754,9112431,5942302,3040094,7196339,2678667,9253631,4881164,5791446}'::integer[]))

table 8 : explain UPDATE sbtest8 set c=7 WHERE id IN ( 4026314, 1988754, 9112431, 5942302, 3040094, 7196339, 2678667, 9253631, 4881164, 5791446)
	Update on sbtest8  (cost=0.43..48.53 rows=0 width=0)
	  ->  Index Scan using sbtest8_pkey on sbtest8  (cost=0.43..48.53 rows=10 width=490)
	        Index Cond: (id = ANY ('{4026314,1988754,9112431,5942302,3040094,7196339,2678667,9253631,4881164,5791446}'::integer[]))

for update-inlist
table 1 : explain UPDATE sbtest1 set c=7 WHERE id IN ( 879884, 7753995, 9614426, 8620150, 2646553, 2584575, 741409, 7040241, 1493158, 1815817)
	Update on sbtest1  (cost=0.43..48.53 rows=0 width=0)
	  ->  Index Scan using sbtest1_pkey on sbtest1  (cost=0.43..48.53 rows=10 width=490)
	        Index Cond: (id = ANY ('{879884,7753995,9614426,8620150,2646553,2584575,741409,7040241,1493158,1815817}'::integer[]))

table 2 : explain UPDATE sbtest2 set c=7 WHERE id IN ( 879884, 7753995, 9614426, 8620150, 2646553, 2584575, 741409, 7040241, 1493158, 1815817)
	Update on sbtest2  (cost=0.43..48.53 rows=0 width=0)
	  ->  Index Scan using sbtest2_pkey on sbtest2  (cost=0.43..48.53 rows=10 width=490)
	        Index Cond: (id = ANY ('{879884,7753995,9614426,8620150,2646553,2584575,741409,7040241,1493158,1815817}'::integer[]))

table 3 : explain UPDATE sbtest3 set c=7 WHERE id IN ( 879884, 7753995, 9614426, 8620150, 2646553, 2584575, 741409, 7040241, 1493158, 1815817)
	Update on sbtest3  (cost=0.43..48.53 rows=0 width=0)
	  ->  Index Scan using sbtest3_pkey on sbtest3  (cost=0.43..48.53 rows=10 width=490)
	        Index Cond: (id = ANY ('{879884,7753995,9614426,8620150,2646553,2584575,741409,7040241,1493158,1815817}'::integer[]))

table 4 : explain UPDATE sbtest4 set c=7 WHERE id IN ( 879884, 7753995, 9614426, 8620150, 2646553, 2584575, 741409, 7040241, 1493158, 1815817)
	Update on sbtest4  (cost=0.43..48.53 rows=0 width=0)
	  ->  Index Scan using sbtest4_pkey on sbtest4  (cost=0.43..48.53 rows=10 width=490)
	        Index Cond: (id = ANY ('{879884,7753995,9614426,8620150,2646553,2584575,741409,7040241,1493158,1815817}'::integer[]))

table 5 : explain UPDATE sbtest5 set c=7 WHERE id IN ( 879884, 7753995, 9614426, 8620150, 2646553, 2584575, 741409, 7040241, 1493158, 1815817)
	Update on sbtest5  (cost=0.43..48.53 rows=0 width=0)
	  ->  Index Scan using sbtest5_pkey on sbtest5  (cost=0.43..48.53 rows=10 width=490)
	        Index Cond: (id = ANY ('{879884,7753995,9614426,8620150,2646553,2584575,741409,7040241,1493158,1815817}'::integer[]))

table 6 : explain UPDATE sbtest6 set c=7 WHERE id IN ( 879884, 7753995, 9614426, 8620150, 2646553, 2584575, 741409, 7040241, 1493158, 1815817)
	Update on sbtest6  (cost=0.43..48.53 rows=0 width=0)
	  ->  Index Scan using sbtest6_pkey on sbtest6  (cost=0.43..48.53 rows=10 width=490)
	        Index Cond: (id = ANY ('{879884,7753995,9614426,8620150,2646553,2584575,741409,7040241,1493158,1815817}'::integer[]))

table 7 : explain UPDATE sbtest7 set c=7 WHERE id IN ( 879884, 7753995, 9614426, 8620150, 2646553, 2584575, 741409, 7040241, 1493158, 1815817)
	Update on sbtest7  (cost=0.43..48.53 rows=0 width=0)
	  ->  Index Scan using sbtest7_pkey on sbtest7  (cost=0.43..48.53 rows=10 width=490)
	        Index Cond: (id = ANY ('{879884,7753995,9614426,8620150,2646553,2584575,741409,7040241,1493158,1815817}'::integer[]))

table 8 : explain UPDATE sbtest8 set c=7 WHERE id IN ( 879884, 7753995, 9614426, 8620150, 2646553, 2584575, 741409, 7040241, 1493158, 1815817)
	Update on sbtest8  (cost=0.43..48.53 rows=0 width=0)
	  ->  Index Scan using sbtest8_pkey on sbtest8  (cost=0.43..48.53 rows=10 width=490)
	        Index Cond: (id = ANY ('{879884,7753995,9614426,8620150,2646553,2584575,741409,7040241,1493158,1815817}'::integer[]))

explain: for update-inlist :: explain UPDATE sbtest%d set c=7 WHERE id IN ( 8798979, 9611918, 1362124, 2840266, 9747696, 1047736, 4132618, 4981885, 7070133, 5024214)
for update-inlist
table 1 : explain UPDATE sbtest1 set c=7 WHERE id IN ( 1427075, 4229124, 7171543, 5092782, 9742423, 5747369, 4392085, 5819771, 6599222, 3115408)
	Update on sbtest1  (cost=0.43..48.53 rows=0 width=0)
	  ->  Index Scan using sbtest1_pkey on sbtest1  (cost=0.43..48.53 rows=10 width=490)
	        Index Cond: (id = ANY ('{1427075,4229124,7171543,5092782,9742423,5747369,4392085,5819771,6599222,3115408}'::integer[]))

table 2 : explain UPDATE sbtest2 set c=7 WHERE id IN ( 1427075, 4229124, 7171543, 5092782, 9742423, 5747369, 4392085, 5819771, 6599222, 3115408)
	Update on sbtest2  (cost=0.43..48.53 rows=0 width=0)
	  ->  Index Scan using sbtest2_pkey on sbtest2  (cost=0.43..48.53 rows=10 width=490)
	        Index Cond: (id = ANY ('{1427075,4229124,7171543,5092782,9742423,5747369,4392085,5819771,6599222,3115408}'::integer[]))

table 3 : explain UPDATE sbtest3 set c=7 WHERE id IN ( 1427075, 4229124, 7171543, 5092782, 9742423, 5747369, 4392085, 5819771, 6599222, 3115408)
	Update on sbtest3  (cost=0.43..48.53 rows=0 width=0)
	  ->  Index Scan using sbtest3_pkey on sbtest3  (cost=0.43..48.53 rows=10 width=490)
	        Index Cond: (id = ANY ('{1427075,4229124,7171543,5092782,9742423,5747369,4392085,5819771,6599222,3115408}'::integer[]))

table 4 : explain UPDATE sbtest4 set c=7 WHERE id IN ( 1427075, 4229124, 7171543, 5092782, 9742423, 5747369, 4392085, 5819771, 6599222, 3115408)
	Update on sbtest4  (cost=0.43..48.53 rows=0 width=0)
	  ->  Index Scan using sbtest4_pkey on sbtest4  (cost=0.43..48.53 rows=10 width=490)
	        Index Cond: (id = ANY ('{1427075,4229124,7171543,5092782,9742423,5747369,4392085,5819771,6599222,3115408}'::integer[]))

table 5 : explain UPDATE sbtest5 set c=7 WHERE id IN ( 1427075, 4229124, 7171543, 5092782, 9742423, 5747369, 4392085, 5819771, 6599222, 3115408)
	Update on sbtest5  (cost=0.43..48.53 rows=0 width=0)
	  ->  Index Scan using sbtest5_pkey on sbtest5  (cost=0.43..48.53 rows=10 width=490)
	        Index Cond: (id = ANY ('{1427075,4229124,7171543,5092782,9742423,5747369,4392085,5819771,6599222,3115408}'::integer[]))

table 6 : explain UPDATE sbtest6 set c=7 WHERE id IN ( 1427075, 4229124, 7171543, 5092782, 9742423, 5747369, 4392085, 5819771, 6599222, 3115408)
	Update on sbtest6  (cost=0.43..48.53 rows=0 width=0)
	  ->  Index Scan using sbtest6_pkey on sbtest6  (cost=0.43..48.53 rows=10 width=490)
	        Index Cond: (id = ANY ('{1427075,4229124,7171543,5092782,9742423,5747369,4392085,5819771,6599222,3115408}'::integer[]))

table 7 : explain UPDATE sbtest7 set c=7 WHERE id IN ( 1427075, 4229124, 7171543, 5092782, 9742423, 5747369, 4392085, 5819771, 6599222, 3115408)
	Update on sbtest7  (cost=0.43..48.53 rows=0 width=0)
	  ->  Index Scan using sbtest7_pkey on sbtest7  (cost=0.43..48.53 rows=10 width=490)
	        Index Cond: (id = ANY ('{1427075,4229124,7171543,5092782,9742423,5747369,4392085,5819771,6599222,3115408}'::integer[]))

table 8 : explain UPDATE sbtest8 set c=7 WHERE id IN ( 1427075, 4229124, 7171543, 5092782, 9742423, 5747369, 4392085, 5819771, 6599222, 3115408)
	Update on sbtest8  (cost=0.43..48.53 rows=0 width=0)
	  ->  Index Scan using sbtest8_pkey on sbtest8  (cost=0.43..48.53 rows=10 width=490)
	        Index Cond: (id = ANY ('{1427075,4229124,7171543,5092782,9742423,5747369,4392085,5819771,6599222,3115408}'::integer[]))

explain: for update-inlist :: explain UPDATE sbtest%d set c=7 WHERE id IN ( 2540656, 6787211, 6713229, 2059251, 9941894, 1026265, 1684873, 9912421, 4743384, 4812555)
explain: for update-inlist :: explain UPDATE sbtest%d set c=7 WHERE id IN ( 6179265, 6084714, 7273823, 2762263, 732426, 4401329, 5727459, 7452784, 5970465, 5172429)
explain: for update-inlist :: explain UPDATE sbtest%d set c=7 WHERE id IN ( 1800712, 4001861, 5495073, 4801274, 8063357, 360408, 6584164, 9009200, 3963290, 6004392)
explain: for update-inlist :: explain UPDATE sbtest%d set c=7 WHERE id IN ( 9704345, 685065, 9718048, 2816667, 6481043, 8473920, 4886988, 8168940, 6004792, 141703)
for update-inlist
table 1 : explain UPDATE sbtest1 set c=7 WHERE id IN ( 8798979, 9611918, 1362124, 2840266, 9747696, 1047736, 4132618, 4981885, 7070133, 5024214)
	Update on sbtest1  (cost=0.43..48.53 rows=0 width=0)
	  ->  Index Scan using sbtest1_pkey on sbtest1  (cost=0.43..48.53 rows=10 width=490)
	        Index Cond: (id = ANY ('{8798979,9611918,1362124,2840266,9747696,1047736,4132618,4981885,7070133,5024214}'::integer[]))

table 2 : explain UPDATE sbtest2 set c=7 WHERE id IN ( 8798979, 9611918, 1362124, 2840266, 9747696, 1047736, 4132618, 4981885, 7070133, 5024214)
	Update on sbtest2  (cost=0.43..48.53 rows=0 width=0)
	  ->  Index Scan using sbtest2_pkey on sbtest2  (cost=0.43..48.53 rows=10 width=490)
	        Index Cond: (id = ANY ('{8798979,9611918,1362124,2840266,9747696,1047736,4132618,4981885,7070133,5024214}'::integer[]))

table 3 : explain UPDATE sbtest3 set c=7 WHERE id IN ( 8798979, 9611918, 1362124, 2840266, 9747696, 1047736, 4132618, 4981885, 7070133, 5024214)
	Update on sbtest3  (cost=0.43..48.53 rows=0 width=0)
	  ->  Index Scan using sbtest3_pkey on sbtest3  (cost=0.43..48.53 rows=10 width=490)
	        Index Cond: (id = ANY ('{8798979,9611918,1362124,2840266,9747696,1047736,4132618,4981885,7070133,5024214}'::integer[]))

table 4 : explain UPDATE sbtest4 set c=7 WHERE id IN ( 8798979, 9611918, 1362124, 2840266, 9747696, 1047736, 4132618, 4981885, 7070133, 5024214)
	Update on sbtest4  (cost=0.43..48.53 rows=0 width=0)
	  ->  Index Scan using sbtest4_pkey on sbtest4  (cost=0.43..48.53 rows=10 width=490)
	        Index Cond: (id = ANY ('{8798979,9611918,1362124,2840266,9747696,1047736,4132618,4981885,7070133,5024214}'::integer[]))

table 5 : explain UPDATE sbtest5 set c=7 WHERE id IN ( 8798979, 9611918, 1362124, 2840266, 9747696, 1047736, 4132618, 4981885, 7070133, 5024214)
	Update on sbtest5  (cost=0.43..48.53 rows=0 width=0)
	  ->  Index Scan using sbtest5_pkey on sbtest5  (cost=0.43..48.53 rows=10 width=490)
	        Index Cond: (id = ANY ('{8798979,9611918,1362124,2840266,9747696,1047736,4132618,4981885,7070133,5024214}'::integer[]))

table 6 : explain UPDATE sbtest6 set c=7 WHERE id IN ( 8798979, 9611918, 1362124, 2840266, 9747696, 1047736, 4132618, 4981885, 7070133, 5024214)
	Update on sbtest6  (cost=0.43..48.53 rows=0 width=0)
	  ->  Index Scan using sbtest6_pkey on sbtest6  (cost=0.43..48.53 rows=10 width=490)
	        Index Cond: (id = ANY ('{8798979,9611918,1362124,2840266,9747696,1047736,4132618,4981885,7070133,5024214}'::integer[]))

table 7 : explain UPDATE sbtest7 set c=7 WHERE id IN ( 8798979, 9611918, 1362124, 2840266, 9747696, 1047736, 4132618, 4981885, 7070133, 5024214)
	Update on sbtest7  (cost=0.43..48.53 rows=0 width=0)
	  ->  Index Scan using sbtest7_pkey on sbtest7  (cost=0.43..48.53 rows=10 width=490)
	        Index Cond: (id = ANY ('{8798979,9611918,1362124,2840266,9747696,1047736,4132618,4981885,7070133,5024214}'::integer[]))

table 8 : explain UPDATE sbtest8 set c=7 WHERE id IN ( 8798979, 9611918, 1362124, 2840266, 9747696, 1047736, 4132618, 4981885, 7070133, 5024214)
	Update on sbtest8  (cost=0.43..48.53 rows=0 width=0)
	  ->  Index Scan using sbtest8_pkey on sbtest8  (cost=0.43..48.53 rows=10 width=490)
	        Index Cond: (id = ANY ('{8798979,9611918,1362124,2840266,9747696,1047736,4132618,4981885,7070133,5024214}'::integer[]))

for update-inlist
table 1 : explain UPDATE sbtest1 set c=7 WHERE id IN ( 6179265, 6084714, 7273823, 2762263, 732426, 4401329, 5727459, 7452784, 5970465, 5172429)
	Update on sbtest1  (cost=0.43..48.53 rows=0 width=0)
	  ->  Index Scan using sbtest1_pkey on sbtest1  (cost=0.43..48.53 rows=10 width=490)
	        Index Cond: (id = ANY ('{6179265,6084714,7273823,2762263,732426,4401329,5727459,7452784,5970465,5172429}'::integer[]))

table 2 : explain UPDATE sbtest2 set c=7 WHERE id IN ( 6179265, 6084714, 7273823, 2762263, 732426, 4401329, 5727459, 7452784, 5970465, 5172429)
	Update on sbtest2  (cost=0.43..48.53 rows=0 width=0)
	  ->  Index Scan using sbtest2_pkey on sbtest2  (cost=0.43..48.53 rows=10 width=490)
	        Index Cond: (id = ANY ('{6179265,6084714,7273823,2762263,732426,4401329,5727459,7452784,5970465,5172429}'::integer[]))

table 3 : explain UPDATE sbtest3 set c=7 WHERE id IN ( 6179265, 6084714, 7273823, 2762263, 732426, 4401329, 5727459, 7452784, 5970465, 5172429)
	Update on sbtest3  (cost=0.43..48.53 rows=0 width=0)
	  ->  Index Scan using sbtest3_pkey on sbtest3  (cost=0.43..48.53 rows=10 width=490)
	        Index Cond: (id = ANY ('{6179265,6084714,7273823,2762263,732426,4401329,5727459,7452784,5970465,5172429}'::integer[]))

table 4 : explain UPDATE sbtest4 set c=7 WHERE id IN ( 6179265, 6084714, 7273823, 2762263, 732426, 4401329, 5727459, 7452784, 5970465, 5172429)
	Update on sbtest4  (cost=0.43..48.53 rows=0 width=0)
	  ->  Index Scan using sbtest4_pkey on sbtest4  (cost=0.43..48.53 rows=10 width=490)
	        Index Cond: (id = ANY ('{6179265,6084714,7273823,2762263,732426,4401329,5727459,7452784,5970465,5172429}'::integer[]))

table 5 : explain UPDATE sbtest5 set c=7 WHERE id IN ( 6179265, 6084714, 7273823, 2762263, 732426, 4401329, 5727459, 7452784, 5970465, 5172429)
	Update on sbtest5  (cost=0.43..48.53 rows=0 width=0)
	  ->  Index Scan using sbtest5_pkey on sbtest5  (cost=0.43..48.53 rows=10 width=490)
	        Index Cond: (id = ANY ('{6179265,6084714,7273823,2762263,732426,4401329,5727459,7452784,5970465,5172429}'::integer[]))

table 6 : explain UPDATE sbtest6 set c=7 WHERE id IN ( 6179265, 6084714, 7273823, 2762263, 732426, 4401329, 5727459, 7452784, 5970465, 5172429)
	Update on sbtest6  (cost=0.43..48.53 rows=0 width=0)
	  ->  Index Scan using sbtest6_pkey on sbtest6  (cost=0.43..48.53 rows=10 width=490)
	        Index Cond: (id = ANY ('{6179265,6084714,7273823,2762263,732426,4401329,5727459,7452784,5970465,5172429}'::integer[]))

table 7 : explain UPDATE sbtest7 set c=7 WHERE id IN ( 6179265, 6084714, 7273823, 2762263, 732426, 4401329, 5727459, 7452784, 5970465, 5172429)
	Update on sbtest7  (cost=0.43..48.53 rows=0 width=0)
	  ->  Index Scan using sbtest7_pkey on sbtest7  (cost=0.43..48.53 rows=10 width=490)
	        Index Cond: (id = ANY ('{6179265,6084714,7273823,2762263,732426,4401329,5727459,7452784,5970465,5172429}'::integer[]))

table 8 : explain UPDATE sbtest8 set c=7 WHERE id IN ( 6179265, 6084714, 7273823, 2762263, 732426, 4401329, 5727459, 7452784, 5970465, 5172429)
	Update on sbtest8  (cost=0.43..48.53 rows=0 width=0)
	  ->  Index Scan using sbtest8_pkey on sbtest8  (cost=0.43..48.53 rows=10 width=490)
	        Index Cond: (id = ANY ('{6179265,6084714,7273823,2762263,732426,4401329,5727459,7452784,5970465,5172429}'::integer[]))

for update-inlist
table 1 : explain UPDATE sbtest1 set c=7 WHERE id IN ( 2540656, 6787211, 6713229, 2059251, 9941894, 1026265, 1684873, 9912421, 4743384, 4812555)
	Update on sbtest1  (cost=0.43..48.53 rows=0 width=0)
	  ->  Index Scan using sbtest1_pkey on sbtest1  (cost=0.43..48.53 rows=10 width=490)
	        Index Cond: (id = ANY ('{2540656,6787211,6713229,2059251,9941894,1026265,1684873,9912421,4743384,4812555}'::integer[]))

table 2 : explain UPDATE sbtest2 set c=7 WHERE id IN ( 2540656, 6787211, 6713229, 2059251, 9941894, 1026265, 1684873, 9912421, 4743384, 4812555)
	Update on sbtest2  (cost=0.43..48.53 rows=0 width=0)
	  ->  Index Scan using sbtest2_pkey on sbtest2  (cost=0.43..48.53 rows=10 width=490)
	        Index Cond: (id = ANY ('{2540656,6787211,6713229,2059251,9941894,1026265,1684873,9912421,4743384,4812555}'::integer[]))

table 3 : explain UPDATE sbtest3 set c=7 WHERE id IN ( 2540656, 6787211, 6713229, 2059251, 9941894, 1026265, 1684873, 9912421, 4743384, 4812555)
	Update on sbtest3  (cost=0.43..48.53 rows=0 width=0)
	  ->  Index Scan using sbtest3_pkey on sbtest3  (cost=0.43..48.53 rows=10 width=490)
	        Index Cond: (id = ANY ('{2540656,6787211,6713229,2059251,9941894,1026265,1684873,9912421,4743384,4812555}'::integer[]))

table 4 : explain UPDATE sbtest4 set c=7 WHERE id IN ( 2540656, 6787211, 6713229, 2059251, 9941894, 1026265, 1684873, 9912421, 4743384, 4812555)
	Update on sbtest4  (cost=0.43..48.53 rows=0 width=0)
	  ->  Index Scan using sbtest4_pkey on sbtest4  (cost=0.43..48.53 rows=10 width=490)
	        Index Cond: (id = ANY ('{2540656,6787211,6713229,2059251,9941894,1026265,1684873,9912421,4743384,4812555}'::integer[]))

table 5 : explain UPDATE sbtest5 set c=7 WHERE id IN ( 2540656, 6787211, 6713229, 2059251, 9941894, 1026265, 1684873, 9912421, 4743384, 4812555)
	Update on sbtest5  (cost=0.43..48.53 rows=0 width=0)
	  ->  Index Scan using sbtest5_pkey on sbtest5  (cost=0.43..48.53 rows=10 width=490)
	        Index Cond: (id = ANY ('{2540656,6787211,6713229,2059251,9941894,1026265,1684873,9912421,4743384,4812555}'::integer[]))

table 6 : explain UPDATE sbtest6 set c=7 WHERE id IN ( 2540656, 6787211, 6713229, 2059251, 9941894, 1026265, 1684873, 9912421, 4743384, 4812555)
	Update on sbtest6  (cost=0.43..48.53 rows=0 width=0)
	  ->  Index Scan using sbtest6_pkey on sbtest6  (cost=0.43..48.53 rows=10 width=490)
	        Index Cond: (id = ANY ('{2540656,6787211,6713229,2059251,9941894,1026265,1684873,9912421,4743384,4812555}'::integer[]))

table 7 : explain UPDATE sbtest7 set c=7 WHERE id IN ( 2540656, 6787211, 6713229, 2059251, 9941894, 1026265, 1684873, 9912421, 4743384, 4812555)
	Update on sbtest7  (cost=0.43..48.53 rows=0 width=0)
	  ->  Index Scan using sbtest7_pkey on sbtest7  (cost=0.43..48.53 rows=10 width=490)
	        Index Cond: (id = ANY ('{2540656,6787211,6713229,2059251,9941894,1026265,1684873,9912421,4743384,4812555}'::integer[]))

table 8 : explain UPDATE sbtest8 set c=7 WHERE id IN ( 2540656, 6787211, 6713229, 2059251, 9941894, 1026265, 1684873, 9912421, 4743384, 4812555)
	Update on sbtest8  (cost=0.43..48.53 rows=0 width=0)
	  ->  Index Scan using sbtest8_pkey on sbtest8  (cost=0.43..48.53 rows=10 width=490)
	        Index Cond: (id = ANY ('{2540656,6787211,6713229,2059251,9941894,1026265,1684873,9912421,4743384,4812555}'::integer[]))

explain: for update-inlist :: explain UPDATE sbtest%d set c=7 WHERE id IN ( 6757564, 6852283, 8965927, 9523934, 205905, 5254168, 3859589, 5562931, 7178983, 4512617)
explain: for update-inlist :: explain UPDATE sbtest%d set c=7 WHERE id IN ( 6332056, 614703, 9379457, 6259286, 663733, 3172329, 4469790, 9871706, 5425387, 9334307)
explain: for update-inlist :: explain UPDATE sbtest%d set c=7 WHERE id IN ( 2757662, 8653827, 9632237, 948123, 3642642, 9700227, 1321636, 1832957, 5287872, 2108925)
explain: for update-inlist :: explain UPDATE sbtest%d set c=7 WHERE id IN ( 689928, 2242494, 263723, 8440797, 8518397, 8508289, 1515052, 5447044, 1203491, 7991628)
for update-inlist
table 1 : explain UPDATE sbtest1 set c=7 WHERE id IN ( 9704345, 685065, 9718048, 2816667, 6481043, 8473920, 4886988, 8168940, 6004792, 141703)
	Update on sbtest1  (cost=0.43..48.53 rows=0 width=0)
	  ->  Index Scan using sbtest1_pkey on sbtest1  (cost=0.43..48.53 rows=10 width=490)
	        Index Cond: (id = ANY ('{9704345,685065,9718048,2816667,6481043,8473920,4886988,8168940,6004792,141703}'::integer[]))

table 2 : explain UPDATE sbtest2 set c=7 WHERE id IN ( 9704345, 685065, 9718048, 2816667, 6481043, 8473920, 4886988, 8168940, 6004792, 141703)
	Update on sbtest2  (cost=0.43..48.53 rows=0 width=0)
	  ->  Index Scan using sbtest2_pkey on sbtest2  (cost=0.43..48.53 rows=10 width=490)
	        Index Cond: (id = ANY ('{9704345,685065,9718048,2816667,6481043,8473920,4886988,8168940,6004792,141703}'::integer[]))

table 3 : explain UPDATE sbtest3 set c=7 WHERE id IN ( 9704345, 685065, 9718048, 2816667, 6481043, 8473920, 4886988, 8168940, 6004792, 141703)
	Update on sbtest3  (cost=0.43..48.53 rows=0 width=0)
	  ->  Index Scan using sbtest3_pkey on sbtest3  (cost=0.43..48.53 rows=10 width=490)
	        Index Cond: (id = ANY ('{9704345,685065,9718048,2816667,6481043,8473920,4886988,8168940,6004792,141703}'::integer[]))

table 4 : explain UPDATE sbtest4 set c=7 WHERE id IN ( 9704345, 685065, 9718048, 2816667, 6481043, 8473920, 4886988, 8168940, 6004792, 141703)
	Update on sbtest4  (cost=0.43..48.53 rows=0 width=0)
	  ->  Index Scan using sbtest4_pkey on sbtest4  (cost=0.43..48.53 rows=10 width=490)
	        Index Cond: (id = ANY ('{9704345,685065,9718048,2816667,6481043,8473920,4886988,8168940,6004792,141703}'::integer[]))

table 5 : explain UPDATE sbtest5 set c=7 WHERE id IN ( 9704345, 685065, 9718048, 2816667, 6481043, 8473920, 4886988, 8168940, 6004792, 141703)
	Update on sbtest5  (cost=0.43..48.53 rows=0 width=0)
	  ->  Index Scan using sbtest5_pkey on sbtest5  (cost=0.43..48.53 rows=10 width=490)
	        Index Cond: (id = ANY ('{9704345,685065,9718048,2816667,6481043,8473920,4886988,8168940,6004792,141703}'::integer[]))

table 6 : explain UPDATE sbtest6 set c=7 WHERE id IN ( 9704345, 685065, 9718048, 2816667, 6481043, 8473920, 4886988, 8168940, 6004792, 141703)
	Update on sbtest6  (cost=0.43..48.53 rows=0 width=0)
	  ->  Index Scan using sbtest6_pkey on sbtest6  (cost=0.43..48.53 rows=10 width=490)
	        Index Cond: (id = ANY ('{9704345,685065,9718048,2816667,6481043,8473920,4886988,8168940,6004792,141703}'::integer[]))

table 7 : explain UPDATE sbtest7 set c=7 WHERE id IN ( 9704345, 685065, 9718048, 2816667, 6481043, 8473920, 4886988, 8168940, 6004792, 141703)
	Update on sbtest7  (cost=0.43..48.53 rows=0 width=0)
	  ->  Index Scan using sbtest7_pkey on sbtest7  (cost=0.43..48.53 rows=10 width=490)
	        Index Cond: (id = ANY ('{9704345,685065,9718048,2816667,6481043,8473920,4886988,8168940,6004792,141703}'::integer[]))

table 8 : explain UPDATE sbtest8 set c=7 WHERE id IN ( 9704345, 685065, 9718048, 2816667, 6481043, 8473920, 4886988, 8168940, 6004792, 141703)
	Update on sbtest8  (cost=0.43..48.53 rows=0 width=0)
	  ->  Index Scan using sbtest8_pkey on sbtest8  (cost=0.43..48.53 rows=10 width=490)
	        Index Cond: (id = ANY ('{9704345,685065,9718048,2816667,6481043,8473920,4886988,8168940,6004792,141703}'::integer[]))

for update-inlist
table 1 : explain UPDATE sbtest1 set c=7 WHERE id IN ( 1800712, 4001861, 5495073, 4801274, 8063357, 360408, 6584164, 9009200, 3963290, 6004392)
	Update on sbtest1  (cost=0.43..48.53 rows=0 width=0)
	  ->  Index Scan using sbtest1_pkey on sbtest1  (cost=0.43..48.53 rows=10 width=490)
	        Index Cond: (id = ANY ('{1800712,4001861,5495073,4801274,8063357,360408,6584164,9009200,3963290,6004392}'::integer[]))

table 2 : explain UPDATE sbtest2 set c=7 WHERE id IN ( 1800712, 4001861, 5495073, 4801274, 8063357, 360408, 6584164, 9009200, 3963290, 6004392)
	Update on sbtest2  (cost=0.43..48.53 rows=0 width=0)
	  ->  Index Scan using sbtest2_pkey on sbtest2  (cost=0.43..48.53 rows=10 width=490)
	        Index Cond: (id = ANY ('{1800712,4001861,5495073,4801274,8063357,360408,6584164,9009200,3963290,6004392}'::integer[]))

table 3 : explain UPDATE sbtest3 set c=7 WHERE id IN ( 1800712, 4001861, 5495073, 4801274, 8063357, 360408, 6584164, 9009200, 3963290, 6004392)
	Update on sbtest3  (cost=0.43..48.53 rows=0 width=0)
	  ->  Index Scan using sbtest3_pkey on sbtest3  (cost=0.43..48.53 rows=10 width=490)
	        Index Cond: (id = ANY ('{1800712,4001861,5495073,4801274,8063357,360408,6584164,9009200,3963290,6004392}'::integer[]))

table 4 : explain UPDATE sbtest4 set c=7 WHERE id IN ( 1800712, 4001861, 5495073, 4801274, 8063357, 360408, 6584164, 9009200, 3963290, 6004392)
	Update on sbtest4  (cost=0.43..48.53 rows=0 width=0)
	  ->  Index Scan using sbtest4_pkey on sbtest4  (cost=0.43..48.53 rows=10 width=490)
	        Index Cond: (id = ANY ('{1800712,4001861,5495073,4801274,8063357,360408,6584164,9009200,3963290,6004392}'::integer[]))

table 5 : explain UPDATE sbtest5 set c=7 WHERE id IN ( 1800712, 4001861, 5495073, 4801274, 8063357, 360408, 6584164, 9009200, 3963290, 6004392)
	Update on sbtest5  (cost=0.43..48.53 rows=0 width=0)
	  ->  Index Scan using sbtest5_pkey on sbtest5  (cost=0.43..48.53 rows=10 width=490)
	        Index Cond: (id = ANY ('{1800712,4001861,5495073,4801274,8063357,360408,6584164,9009200,3963290,6004392}'::integer[]))

table 6 : explain UPDATE sbtest6 set c=7 WHERE id IN ( 1800712, 4001861, 5495073, 4801274, 8063357, 360408, 6584164, 9009200, 3963290, 6004392)
	Update on sbtest6  (cost=0.43..48.53 rows=0 width=0)
	  ->  Index Scan using sbtest6_pkey on sbtest6  (cost=0.43..48.53 rows=10 width=490)
	        Index Cond: (id = ANY ('{1800712,4001861,5495073,4801274,8063357,360408,6584164,9009200,3963290,6004392}'::integer[]))

table 7 : explain UPDATE sbtest7 set c=7 WHERE id IN ( 1800712, 4001861, 5495073, 4801274, 8063357, 360408, 6584164, 9009200, 3963290, 6004392)
	Update on sbtest7  (cost=0.43..48.53 rows=0 width=0)
	  ->  Index Scan using sbtest7_pkey on sbtest7  (cost=0.43..48.53 rows=10 width=490)
	        Index Cond: (id = ANY ('{1800712,4001861,5495073,4801274,8063357,360408,6584164,9009200,3963290,6004392}'::integer[]))

table 8 : explain UPDATE sbtest8 set c=7 WHERE id IN ( 1800712, 4001861, 5495073, 4801274, 8063357, 360408, 6584164, 9009200, 3963290, 6004392)
	Update on sbtest8  (cost=0.43..48.53 rows=0 width=0)
	  ->  Index Scan using sbtest8_pkey on sbtest8  (cost=0.43..48.53 rows=10 width=490)
	        Index Cond: (id = ANY ('{1800712,4001861,5495073,4801274,8063357,360408,6584164,9009200,3963290,6004392}'::integer[]))

for update-inlist
table 1 : explain UPDATE sbtest1 set c=7 WHERE id IN ( 6757564, 6852283, 8965927, 9523934, 205905, 5254168, 3859589, 5562931, 7178983, 4512617)
	Update on sbtest1  (cost=0.43..48.53 rows=0 width=0)
	  ->  Index Scan using sbtest1_pkey on sbtest1  (cost=0.43..48.53 rows=10 width=490)
	        Index Cond: (id = ANY ('{6757564,6852283,8965927,9523934,205905,5254168,3859589,5562931,7178983,4512617}'::integer[]))

table 2 : explain UPDATE sbtest2 set c=7 WHERE id IN ( 6757564, 6852283, 8965927, 9523934, 205905, 5254168, 3859589, 5562931, 7178983, 4512617)
	Update on sbtest2  (cost=0.43..48.53 rows=0 width=0)
	  ->  Index Scan using sbtest2_pkey on sbtest2  (cost=0.43..48.53 rows=10 width=490)
	        Index Cond: (id = ANY ('{6757564,6852283,8965927,9523934,205905,5254168,3859589,5562931,7178983,4512617}'::integer[]))

table 3 : explain UPDATE sbtest3 set c=7 WHERE id IN ( 6757564, 6852283, 8965927, 9523934, 205905, 5254168, 3859589, 5562931, 7178983, 4512617)
	Update on sbtest3  (cost=0.43..48.53 rows=0 width=0)
	  ->  Index Scan using sbtest3_pkey on sbtest3  (cost=0.43..48.53 rows=10 width=490)
	        Index Cond: (id = ANY ('{6757564,6852283,8965927,9523934,205905,5254168,3859589,5562931,7178983,4512617}'::integer[]))

table 4 : explain UPDATE sbtest4 set c=7 WHERE id IN ( 6757564, 6852283, 8965927, 9523934, 205905, 5254168, 3859589, 5562931, 7178983, 4512617)
	Update on sbtest4  (cost=0.43..48.53 rows=0 width=0)
	  ->  Index Scan using sbtest4_pkey on sbtest4  (cost=0.43..48.53 rows=10 width=490)
	        Index Cond: (id = ANY ('{6757564,6852283,8965927,9523934,205905,5254168,3859589,5562931,7178983,4512617}'::integer[]))

table 5 : explain UPDATE sbtest5 set c=7 WHERE id IN ( 6757564, 6852283, 8965927, 9523934, 205905, 5254168, 3859589, 5562931, 7178983, 4512617)
	Update on sbtest5  (cost=0.43..48.53 rows=0 width=0)
	  ->  Index Scan using sbtest5_pkey on sbtest5  (cost=0.43..48.53 rows=10 width=490)
	        Index Cond: (id = ANY ('{6757564,6852283,8965927,9523934,205905,5254168,3859589,5562931,7178983,4512617}'::integer[]))

table 6 : explain UPDATE sbtest6 set c=7 WHERE id IN ( 6757564, 6852283, 8965927, 9523934, 205905, 5254168, 3859589, 5562931, 7178983, 4512617)
	Update on sbtest6  (cost=0.43..48.53 rows=0 width=0)
	  ->  Index Scan using sbtest6_pkey on sbtest6  (cost=0.43..48.53 rows=10 width=490)
	        Index Cond: (id = ANY ('{6757564,6852283,8965927,9523934,205905,5254168,3859589,5562931,7178983,4512617}'::integer[]))

table 7 : explain UPDATE sbtest7 set c=7 WHERE id IN ( 6757564, 6852283, 8965927, 9523934, 205905, 5254168, 3859589, 5562931, 7178983, 4512617)
	Update on sbtest7  (cost=0.43..48.53 rows=0 width=0)
	  ->  Index Scan using sbtest7_pkey on sbtest7  (cost=0.43..48.53 rows=10 width=490)
	        Index Cond: (id = ANY ('{6757564,6852283,8965927,9523934,205905,5254168,3859589,5562931,7178983,4512617}'::integer[]))

table 8 : explain UPDATE sbtest8 set c=7 WHERE id IN ( 6757564, 6852283, 8965927, 9523934, 205905, 5254168, 3859589, 5562931, 7178983, 4512617)
	Update on sbtest8  (cost=0.43..48.53 rows=0 width=0)
	  ->  Index Scan using sbtest8_pkey on sbtest8  (cost=0.43..48.53 rows=10 width=490)
	        Index Cond: (id = ANY ('{6757564,6852283,8965927,9523934,205905,5254168,3859589,5562931,7178983,4512617}'::integer[]))

explain: for update-inlist :: explain UPDATE sbtest%d set c=7 WHERE id IN ( 4362696, 2246584, 5034544, 6382231, 1557364, 9032477, 7429542, 6732923, 6027066, 2718080)
for update-inlist
table 1 : explain UPDATE sbtest1 set c=7 WHERE id IN ( 689928, 2242494, 263723, 8440797, 8518397, 8508289, 1515052, 5447044, 1203491, 7991628)
	Update on sbtest1  (cost=0.43..48.53 rows=0 width=0)
	  ->  Index Scan using sbtest1_pkey on sbtest1  (cost=0.43..48.53 rows=10 width=490)
	        Index Cond: (id = ANY ('{689928,2242494,263723,8440797,8518397,8508289,1515052,5447044,1203491,7991628}'::integer[]))

table 2 : explain UPDATE sbtest2 set c=7 WHERE id IN ( 689928, 2242494, 263723, 8440797, 8518397, 8508289, 1515052, 5447044, 1203491, 7991628)
	Update on sbtest2  (cost=0.43..48.53 rows=0 width=0)
	  ->  Index Scan using sbtest2_pkey on sbtest2  (cost=0.43..48.53 rows=10 width=490)
	        Index Cond: (id = ANY ('{689928,2242494,263723,8440797,8518397,8508289,1515052,5447044,1203491,7991628}'::integer[]))

table 3 : explain UPDATE sbtest3 set c=7 WHERE id IN ( 689928, 2242494, 263723, 8440797, 8518397, 8508289, 1515052, 5447044, 1203491, 7991628)
	Update on sbtest3  (cost=0.43..48.53 rows=0 width=0)
	  ->  Index Scan using sbtest3_pkey on sbtest3  (cost=0.43..48.53 rows=10 width=490)
	        Index Cond: (id = ANY ('{689928,2242494,263723,8440797,8518397,8508289,1515052,5447044,1203491,7991628}'::integer[]))

table 4 : explain UPDATE sbtest4 set c=7 WHERE id IN ( 689928, 2242494, 263723, 8440797, 8518397, 8508289, 1515052, 5447044, 1203491, 7991628)
	Update on sbtest4  (cost=0.43..48.53 rows=0 width=0)
	  ->  Index Scan using sbtest4_pkey on sbtest4  (cost=0.43..48.53 rows=10 width=490)
	        Index Cond: (id = ANY ('{689928,2242494,263723,8440797,8518397,8508289,1515052,5447044,1203491,7991628}'::integer[]))

table 5 : explain UPDATE sbtest5 set c=7 WHERE id IN ( 689928, 2242494, 263723, 8440797, 8518397, 8508289, 1515052, 5447044, 1203491, 7991628)
	Update on sbtest5  (cost=0.43..48.53 rows=0 width=0)
	  ->  Index Scan using sbtest5_pkey on sbtest5  (cost=0.43..48.53 rows=10 width=490)
	        Index Cond: (id = ANY ('{689928,2242494,263723,8440797,8518397,8508289,1515052,5447044,1203491,7991628}'::integer[]))

table 6 : explain UPDATE sbtest6 set c=7 WHERE id IN ( 689928, 2242494, 263723, 8440797, 8518397, 8508289, 1515052, 5447044, 1203491, 7991628)
	Update on sbtest6  (cost=0.43..48.53 rows=0 width=0)
	  ->  Index Scan using sbtest6_pkey on sbtest6  (cost=0.43..48.53 rows=10 width=490)
	        Index Cond: (id = ANY ('{689928,2242494,263723,8440797,8518397,8508289,1515052,5447044,1203491,7991628}'::integer[]))

table 7 : explain UPDATE sbtest7 set c=7 WHERE id IN ( 689928, 2242494, 263723, 8440797, 8518397, 8508289, 1515052, 5447044, 1203491, 7991628)
	Update on sbtest7  (cost=0.43..48.53 rows=0 width=0)
	  ->  Index Scan using sbtest7_pkey on sbtest7  (cost=0.43..48.53 rows=10 width=490)
	        Index Cond: (id = ANY ('{689928,2242494,263723,8440797,8518397,8508289,1515052,5447044,1203491,7991628}'::integer[]))

table 8 : explain UPDATE sbtest8 set c=7 WHERE id IN ( 689928, 2242494, 263723, 8440797, 8518397, 8508289, 1515052, 5447044, 1203491, 7991628)
	Update on sbtest8  (cost=0.43..48.53 rows=0 width=0)
	  ->  Index Scan using sbtest8_pkey on sbtest8  (cost=0.43..48.53 rows=10 width=490)
	        Index Cond: (id = ANY ('{689928,2242494,263723,8440797,8518397,8508289,1515052,5447044,1203491,7991628}'::integer[]))

explain: for update-inlist :: explain UPDATE sbtest%d set c=7 WHERE id IN ( 9538353, 8522512, 5883894, 6856692, 6297449, 5443203, 9724583, 7746250, 1033733, 5731944)
for update-inlist
table 1 : explain UPDATE sbtest1 set c=7 WHERE id IN ( 4362696, 2246584, 5034544, 6382231, 1557364, 9032477, 7429542, 6732923, 6027066, 2718080)
	Update on sbtest1  (cost=0.43..48.53 rows=0 width=0)
	  ->  Index Scan using sbtest1_pkey on sbtest1  (cost=0.43..48.53 rows=10 width=490)
	        Index Cond: (id = ANY ('{4362696,2246584,5034544,6382231,1557364,9032477,7429542,6732923,6027066,2718080}'::integer[]))

table 2 : explain UPDATE sbtest2 set c=7 WHERE id IN ( 4362696, 2246584, 5034544, 6382231, 1557364, 9032477, 7429542, 6732923, 6027066, 2718080)
	Update on sbtest2  (cost=0.43..48.53 rows=0 width=0)
	  ->  Index Scan using sbtest2_pkey on sbtest2  (cost=0.43..48.53 rows=10 width=490)
	        Index Cond: (id = ANY ('{4362696,2246584,5034544,6382231,1557364,9032477,7429542,6732923,6027066,2718080}'::integer[]))

table 3 : explain UPDATE sbtest3 set c=7 WHERE id IN ( 4362696, 2246584, 5034544, 6382231, 1557364, 9032477, 7429542, 6732923, 6027066, 2718080)
	Update on sbtest3  (cost=0.43..48.53 rows=0 width=0)
	  ->  Index Scan using sbtest3_pkey on sbtest3  (cost=0.43..48.53 rows=10 width=490)
	        Index Cond: (id = ANY ('{4362696,2246584,5034544,6382231,1557364,9032477,7429542,6732923,6027066,2718080}'::integer[]))

table 4 : explain UPDATE sbtest4 set c=7 WHERE id IN ( 4362696, 2246584, 5034544, 6382231, 1557364, 9032477, 7429542, 6732923, 6027066, 2718080)
	Update on sbtest4  (cost=0.43..48.53 rows=0 width=0)
	  ->  Index Scan using sbtest4_pkey on sbtest4  (cost=0.43..48.53 rows=10 width=490)
	        Index Cond: (id = ANY ('{4362696,2246584,5034544,6382231,1557364,9032477,7429542,6732923,6027066,2718080}'::integer[]))

table 5 : explain UPDATE sbtest5 set c=7 WHERE id IN ( 4362696, 2246584, 5034544, 6382231, 1557364, 9032477, 7429542, 6732923, 6027066, 2718080)
	Update on sbtest5  (cost=0.43..48.53 rows=0 width=0)
	  ->  Index Scan using sbtest5_pkey on sbtest5  (cost=0.43..48.53 rows=10 width=490)
	        Index Cond: (id = ANY ('{4362696,2246584,5034544,6382231,1557364,9032477,7429542,6732923,6027066,2718080}'::integer[]))

table 6 : explain UPDATE sbtest6 set c=7 WHERE id IN ( 4362696, 2246584, 5034544, 6382231, 1557364, 9032477, 7429542, 6732923, 6027066, 2718080)
	Update on sbtest6  (cost=0.43..48.53 rows=0 width=0)
	  ->  Index Scan using sbtest6_pkey on sbtest6  (cost=0.43..48.53 rows=10 width=490)
	        Index Cond: (id = ANY ('{4362696,2246584,5034544,6382231,1557364,9032477,7429542,6732923,6027066,2718080}'::integer[]))

table 7 : explain UPDATE sbtest7 set c=7 WHERE id IN ( 4362696, 2246584, 5034544, 6382231, 1557364, 9032477, 7429542, 6732923, 6027066, 2718080)
	Update on sbtest7  (cost=0.43..48.53 rows=0 width=0)
	  ->  Index Scan using sbtest7_pkey on sbtest7  (cost=0.43..48.53 rows=10 width=490)
	        Index Cond: (id = ANY ('{4362696,2246584,5034544,6382231,1557364,9032477,7429542,6732923,6027066,2718080}'::integer[]))

table 8 : explain UPDATE sbtest8 set c=7 WHERE id IN ( 4362696, 2246584, 5034544, 6382231, 1557364, 9032477, 7429542, 6732923, 6027066, 2718080)
	Update on sbtest8  (cost=0.43..48.53 rows=0 width=0)
	  ->  Index Scan using sbtest8_pkey on sbtest8  (cost=0.43..48.53 rows=10 width=490)
	        Index Cond: (id = ANY ('{4362696,2246584,5034544,6382231,1557364,9032477,7429542,6732923,6027066,2718080}'::integer[]))

explain: for update-inlist :: explain UPDATE sbtest%d set c=7 WHERE id IN ( 1671705, 3467672, 4575607, 384433, 4317299, 6996426, 9979687, 315751, 669394, 2674199)
explain: for update-inlist :: explain UPDATE sbtest%d set c=7 WHERE id IN ( 8180631, 7482021, 2651487, 3651712, 1131068, 3204518, 2584656, 5892271, 7536114, 4696367)
for update-inlist
table 1 : explain UPDATE sbtest1 set c=7 WHERE id IN ( 9538353, 8522512, 5883894, 6856692, 6297449, 5443203, 9724583, 7746250, 1033733, 5731944)
	Update on sbtest1  (cost=0.43..48.53 rows=0 width=0)
	  ->  Index Scan using sbtest1_pkey on sbtest1  (cost=0.43..48.53 rows=10 width=490)
	        Index Cond: (id = ANY ('{9538353,8522512,5883894,6856692,6297449,5443203,9724583,7746250,1033733,5731944}'::integer[]))

table 2 : explain UPDATE sbtest2 set c=7 WHERE id IN ( 9538353, 8522512, 5883894, 6856692, 6297449, 5443203, 9724583, 7746250, 1033733, 5731944)
	Update on sbtest2  (cost=0.43..48.53 rows=0 width=0)
	  ->  Index Scan using sbtest2_pkey on sbtest2  (cost=0.43..48.53 rows=10 width=490)
	        Index Cond: (id = ANY ('{9538353,8522512,5883894,6856692,6297449,5443203,9724583,7746250,1033733,5731944}'::integer[]))

table 3 : explain UPDATE sbtest3 set c=7 WHERE id IN ( 9538353, 8522512, 5883894, 6856692, 6297449, 5443203, 9724583, 7746250, 1033733, 5731944)
	Update on sbtest3  (cost=0.43..48.53 rows=0 width=0)
	  ->  Index Scan using sbtest3_pkey on sbtest3  (cost=0.43..48.53 rows=10 width=490)
	        Index Cond: (id = ANY ('{9538353,8522512,5883894,6856692,6297449,5443203,9724583,7746250,1033733,5731944}'::integer[]))

table 4 : explain UPDATE sbtest4 set c=7 WHERE id IN ( 9538353, 8522512, 5883894, 6856692, 6297449, 5443203, 9724583, 7746250, 1033733, 5731944)
	Update on sbtest4  (cost=0.43..48.53 rows=0 width=0)
	  ->  Index Scan using sbtest4_pkey on sbtest4  (cost=0.43..48.53 rows=10 width=490)
	        Index Cond: (id = ANY ('{9538353,8522512,5883894,6856692,6297449,5443203,9724583,7746250,1033733,5731944}'::integer[]))

table 5 : explain UPDATE sbtest5 set c=7 WHERE id IN ( 9538353, 8522512, 5883894, 6856692, 6297449, 5443203, 9724583, 7746250, 1033733, 5731944)
	Update on sbtest5  (cost=0.43..48.53 rows=0 width=0)
	  ->  Index Scan using sbtest5_pkey on sbtest5  (cost=0.43..48.53 rows=10 width=490)
	        Index Cond: (id = ANY ('{9538353,8522512,5883894,6856692,6297449,5443203,9724583,7746250,1033733,5731944}'::integer[]))

table 6 : explain UPDATE sbtest6 set c=7 WHERE id IN ( 9538353, 8522512, 5883894, 6856692, 6297449, 5443203, 9724583, 7746250, 1033733, 5731944)
	Update on sbtest6  (cost=0.43..48.53 rows=0 width=0)
	  ->  Index Scan using sbtest6_pkey on sbtest6  (cost=0.43..48.53 rows=10 width=490)
	        Index Cond: (id = ANY ('{9538353,8522512,5883894,6856692,6297449,5443203,9724583,7746250,1033733,5731944}'::integer[]))

table 7 : explain UPDATE sbtest7 set c=7 WHERE id IN ( 9538353, 8522512, 5883894, 6856692, 6297449, 5443203, 9724583, 7746250, 1033733, 5731944)
	Update on sbtest7  (cost=0.43..48.53 rows=0 width=0)
	  ->  Index Scan using sbtest7_pkey on sbtest7  (cost=0.43..48.53 rows=10 width=490)
	        Index Cond: (id = ANY ('{9538353,8522512,5883894,6856692,6297449,5443203,9724583,7746250,1033733,5731944}'::integer[]))

table 8 : explain UPDATE sbtest8 set c=7 WHERE id IN ( 9538353, 8522512, 5883894, 6856692, 6297449, 5443203, 9724583, 7746250, 1033733, 5731944)
	Update on sbtest8  (cost=0.43..48.53 rows=0 width=0)
	  ->  Index Scan using sbtest8_pkey on sbtest8  (cost=0.43..48.53 rows=10 width=490)
	        Index Cond: (id = ANY ('{9538353,8522512,5883894,6856692,6297449,5443203,9724583,7746250,1033733,5731944}'::integer[]))

for update-inlist
table 1 : explain UPDATE sbtest1 set c=7 WHERE id IN ( 1671705, 3467672, 4575607, 384433, 4317299, 6996426, 9979687, 315751, 669394, 2674199)
	Update on sbtest1  (cost=0.43..48.53 rows=0 width=0)
	  ->  Index Scan using sbtest1_pkey on sbtest1  (cost=0.43..48.53 rows=10 width=490)
	        Index Cond: (id = ANY ('{1671705,3467672,4575607,384433,4317299,6996426,9979687,315751,669394,2674199}'::integer[]))

table 2 : explain UPDATE sbtest2 set c=7 WHERE id IN ( 1671705, 3467672, 4575607, 384433, 4317299, 6996426, 9979687, 315751, 669394, 2674199)
	Update on sbtest2  (cost=0.43..48.53 rows=0 width=0)
	  ->  Index Scan using sbtest2_pkey on sbtest2  (cost=0.43..48.53 rows=10 width=490)
	        Index Cond: (id = ANY ('{1671705,3467672,4575607,384433,4317299,6996426,9979687,315751,669394,2674199}'::integer[]))

table 3 : explain UPDATE sbtest3 set c=7 WHERE id IN ( 1671705, 3467672, 4575607, 384433, 4317299, 6996426, 9979687, 315751, 669394, 2674199)
	Update on sbtest3  (cost=0.43..48.53 rows=0 width=0)
	  ->  Index Scan using sbtest3_pkey on sbtest3  (cost=0.43..48.53 rows=10 width=490)
	        Index Cond: (id = ANY ('{1671705,3467672,4575607,384433,4317299,6996426,9979687,315751,669394,2674199}'::integer[]))

table 4 : explain UPDATE sbtest4 set c=7 WHERE id IN ( 1671705, 3467672, 4575607, 384433, 4317299, 6996426, 9979687, 315751, 669394, 2674199)
	Update on sbtest4  (cost=0.43..48.53 rows=0 width=0)
	  ->  Index Scan using sbtest4_pkey on sbtest4  (cost=0.43..48.53 rows=10 width=490)
	        Index Cond: (id = ANY ('{1671705,3467672,4575607,384433,4317299,6996426,9979687,315751,669394,2674199}'::integer[]))

table 5 : explain UPDATE sbtest5 set c=7 WHERE id IN ( 1671705, 3467672, 4575607, 384433, 4317299, 6996426, 9979687, 315751, 669394, 2674199)
	Update on sbtest5  (cost=0.43..48.53 rows=0 width=0)
	  ->  Index Scan using sbtest5_pkey on sbtest5  (cost=0.43..48.53 rows=10 width=490)
	        Index Cond: (id = ANY ('{1671705,3467672,4575607,384433,4317299,6996426,9979687,315751,669394,2674199}'::integer[]))

table 6 : explain UPDATE sbtest6 set c=7 WHERE id IN ( 1671705, 3467672, 4575607, 384433, 4317299, 6996426, 9979687, 315751, 669394, 2674199)
	Update on sbtest6  (cost=0.43..48.53 rows=0 width=0)
	  ->  Index Scan using sbtest6_pkey on sbtest6  (cost=0.43..48.53 rows=10 width=490)
	        Index Cond: (id = ANY ('{1671705,3467672,4575607,384433,4317299,6996426,9979687,315751,669394,2674199}'::integer[]))

table 7 : explain UPDATE sbtest7 set c=7 WHERE id IN ( 1671705, 3467672, 4575607, 384433, 4317299, 6996426, 9979687, 315751, 669394, 2674199)
	Update on sbtest7  (cost=0.43..48.53 rows=0 width=0)
	  ->  Index Scan using sbtest7_pkey on sbtest7  (cost=0.43..48.53 rows=10 width=490)
	        Index Cond: (id = ANY ('{1671705,3467672,4575607,384433,4317299,6996426,9979687,315751,669394,2674199}'::integer[]))

table 8 : explain UPDATE sbtest8 set c=7 WHERE id IN ( 1671705, 3467672, 4575607, 384433, 4317299, 6996426, 9979687, 315751, 669394, 2674199)
	Update on sbtest8  (cost=0.43..48.53 rows=0 width=0)
	  ->  Index Scan using sbtest8_pkey on sbtest8  (cost=0.43..48.53 rows=10 width=490)
	        Index Cond: (id = ANY ('{1671705,3467672,4575607,384433,4317299,6996426,9979687,315751,669394,2674199}'::integer[]))

for update-inlist
table 1 : explain UPDATE sbtest1 set c=7 WHERE id IN ( 8180631, 7482021, 2651487, 3651712, 1131068, 3204518, 2584656, 5892271, 7536114, 4696367)
	Update on sbtest1  (cost=0.43..48.53 rows=0 width=0)
	  ->  Index Scan using sbtest1_pkey on sbtest1  (cost=0.43..48.53 rows=10 width=490)
	        Index Cond: (id = ANY ('{8180631,7482021,2651487,3651712,1131068,3204518,2584656,5892271,7536114,4696367}'::integer[]))

table 2 : explain UPDATE sbtest2 set c=7 WHERE id IN ( 8180631, 7482021, 2651487, 3651712, 1131068, 3204518, 2584656, 5892271, 7536114, 4696367)
	Update on sbtest2  (cost=0.43..48.53 rows=0 width=0)
	  ->  Index Scan using sbtest2_pkey on sbtest2  (cost=0.43..48.53 rows=10 width=490)
	        Index Cond: (id = ANY ('{8180631,7482021,2651487,3651712,1131068,3204518,2584656,5892271,7536114,4696367}'::integer[]))

table 3 : explain UPDATE sbtest3 set c=7 WHERE id IN ( 8180631, 7482021, 2651487, 3651712, 1131068, 3204518, 2584656, 5892271, 7536114, 4696367)
	Update on sbtest3  (cost=0.43..48.53 rows=0 width=0)
	  ->  Index Scan using sbtest3_pkey on sbtest3  (cost=0.43..48.53 rows=10 width=490)
	        Index Cond: (id = ANY ('{8180631,7482021,2651487,3651712,1131068,3204518,2584656,5892271,7536114,4696367}'::integer[]))

table 4 : explain UPDATE sbtest4 set c=7 WHERE id IN ( 8180631, 7482021, 2651487, 3651712, 1131068, 3204518, 2584656, 5892271, 7536114, 4696367)
	Update on sbtest4  (cost=0.43..48.53 rows=0 width=0)
	  ->  Index Scan using sbtest4_pkey on sbtest4  (cost=0.43..48.53 rows=10 width=490)
	        Index Cond: (id = ANY ('{8180631,7482021,2651487,3651712,1131068,3204518,2584656,5892271,7536114,4696367}'::integer[]))

table 5 : explain UPDATE sbtest5 set c=7 WHERE id IN ( 8180631, 7482021, 2651487, 3651712, 1131068, 3204518, 2584656, 5892271, 7536114, 4696367)
	Update on sbtest5  (cost=0.43..48.53 rows=0 width=0)
	  ->  Index Scan using sbtest5_pkey on sbtest5  (cost=0.43..48.53 rows=10 width=490)
	        Index Cond: (id = ANY ('{8180631,7482021,2651487,3651712,1131068,3204518,2584656,5892271,7536114,4696367}'::integer[]))

table 6 : explain UPDATE sbtest6 set c=7 WHERE id IN ( 8180631, 7482021, 2651487, 3651712, 1131068, 3204518, 2584656, 5892271, 7536114, 4696367)
	Update on sbtest6  (cost=0.43..48.53 rows=0 width=0)
	  ->  Index Scan using sbtest6_pkey on sbtest6  (cost=0.43..48.53 rows=10 width=490)
	        Index Cond: (id = ANY ('{8180631,7482021,2651487,3651712,1131068,3204518,2584656,5892271,7536114,4696367}'::integer[]))

table 7 : explain UPDATE sbtest7 set c=7 WHERE id IN ( 8180631, 7482021, 2651487, 3651712, 1131068, 3204518, 2584656, 5892271, 7536114, 4696367)
	Update on sbtest7  (cost=0.43..48.53 rows=0 width=0)
	  ->  Index Scan using sbtest7_pkey on sbtest7  (cost=0.43..48.53 rows=10 width=490)
	        Index Cond: (id = ANY ('{8180631,7482021,2651487,3651712,1131068,3204518,2584656,5892271,7536114,4696367}'::integer[]))

table 8 : explain UPDATE sbtest8 set c=7 WHERE id IN ( 8180631, 7482021, 2651487, 3651712, 1131068, 3204518, 2584656, 5892271, 7536114, 4696367)
	Update on sbtest8  (cost=0.43..48.53 rows=0 width=0)
	  ->  Index Scan using sbtest8_pkey on sbtest8  (cost=0.43..48.53 rows=10 width=490)
	        Index Cond: (id = ANY ('{8180631,7482021,2651487,3651712,1131068,3204518,2584656,5892271,7536114,4696367}'::integer[]))

explain: for update-inlist :: explain UPDATE sbtest%d set c=7 WHERE id IN ( 7694917, 2250166, 2274149, 3323716, 4061723, 9692672, 7149663, 3821716, 3215118, 2771115)
explain: for update-inlist :: explain UPDATE sbtest%d set c=7 WHERE id IN ( 576933, 7271293, 2630005, 9266707, 2331451, 8434435, 9819735, 3679352, 2321742, 678116)
explain: for update-inlist :: explain UPDATE sbtest%d set c=7 WHERE id IN ( 4057493, 2949750, 2317105, 1215825, 5120459, 5409380, 5235111, 3287808, 9691134, 7077866)
explain: for update-inlist :: explain UPDATE sbtest%d set c=7 WHERE id IN ( 7551095, 2348638, 492483, 4447638, 6488391, 6526948, 8335132, 8010595, 818695, 9362466)
explain: for update-inlist :: explain UPDATE sbtest%d set c=7 WHERE id IN ( 6174651, 6707816, 9995390, 9842655, 2203132, 8166034, 9487417, 2129322, 4072704, 2380419)
explain: for update-inlist :: explain UPDATE sbtest%d set c=7 WHERE id IN ( 7084027, 4299682, 5814408, 2490917, 2432159, 9578582, 4082958, 3664287, 1738256, 1485561)
for update-inlist
table 1 : explain UPDATE sbtest1 set c=7 WHERE id IN ( 6332056, 614703, 9379457, 6259286, 663733, 3172329, 4469790, 9871706, 5425387, 9334307)
	Update on sbtest1  (cost=0.43..48.53 rows=0 width=0)
	  ->  Index Scan using sbtest1_pkey on sbtest1  (cost=0.43..48.53 rows=10 width=490)
	        Index Cond: (id = ANY ('{6332056,614703,9379457,6259286,663733,3172329,4469790,9871706,5425387,9334307}'::integer[]))

table 2 : explain UPDATE sbtest2 set c=7 WHERE id IN ( 6332056, 614703, 9379457, 6259286, 663733, 3172329, 4469790, 9871706, 5425387, 9334307)
	Update on sbtest2  (cost=0.43..48.53 rows=0 width=0)
	  ->  Index Scan using sbtest2_pkey on sbtest2  (cost=0.43..48.53 rows=10 width=490)
	        Index Cond: (id = ANY ('{6332056,614703,9379457,6259286,663733,3172329,4469790,9871706,5425387,9334307}'::integer[]))

table 3 : explain UPDATE sbtest3 set c=7 WHERE id IN ( 6332056, 614703, 9379457, 6259286, 663733, 3172329, 4469790, 9871706, 5425387, 9334307)
	Update on sbtest3  (cost=0.43..48.53 rows=0 width=0)
	  ->  Index Scan using sbtest3_pkey on sbtest3  (cost=0.43..48.53 rows=10 width=490)
	        Index Cond: (id = ANY ('{6332056,614703,9379457,6259286,663733,3172329,4469790,9871706,5425387,9334307}'::integer[]))

table 4 : explain UPDATE sbtest4 set c=7 WHERE id IN ( 6332056, 614703, 9379457, 6259286, 663733, 3172329, 4469790, 9871706, 5425387, 9334307)
	Update on sbtest4  (cost=0.43..48.53 rows=0 width=0)
	  ->  Index Scan using sbtest4_pkey on sbtest4  (cost=0.43..48.53 rows=10 width=490)
	        Index Cond: (id = ANY ('{6332056,614703,9379457,6259286,663733,3172329,4469790,9871706,5425387,9334307}'::integer[]))

table 5 : explain UPDATE sbtest5 set c=7 WHERE id IN ( 6332056, 614703, 9379457, 6259286, 663733, 3172329, 4469790, 9871706, 5425387, 9334307)
	Update on sbtest5  (cost=0.43..48.53 rows=0 width=0)
	  ->  Index Scan using sbtest5_pkey on sbtest5  (cost=0.43..48.53 rows=10 width=490)
	        Index Cond: (id = ANY ('{6332056,614703,9379457,6259286,663733,3172329,4469790,9871706,5425387,9334307}'::integer[]))

table 6 : explain UPDATE sbtest6 set c=7 WHERE id IN ( 6332056, 614703, 9379457, 6259286, 663733, 3172329, 4469790, 9871706, 5425387, 9334307)
	Update on sbtest6  (cost=0.43..48.53 rows=0 width=0)
	  ->  Index Scan using sbtest6_pkey on sbtest6  (cost=0.43..48.53 rows=10 width=490)
	        Index Cond: (id = ANY ('{6332056,614703,9379457,6259286,663733,3172329,4469790,9871706,5425387,9334307}'::integer[]))

table 7 : explain UPDATE sbtest7 set c=7 WHERE id IN ( 6332056, 614703, 9379457, 6259286, 663733, 3172329, 4469790, 9871706, 5425387, 9334307)
	Update on sbtest7  (cost=0.43..48.53 rows=0 width=0)
	  ->  Index Scan using sbtest7_pkey on sbtest7  (cost=0.43..48.53 rows=10 width=490)
	        Index Cond: (id = ANY ('{6332056,614703,9379457,6259286,663733,3172329,4469790,9871706,5425387,9334307}'::integer[]))

table 8 : explain UPDATE sbtest8 set c=7 WHERE id IN ( 6332056, 614703, 9379457, 6259286, 663733, 3172329, 4469790, 9871706, 5425387, 9334307)
	Update on sbtest8  (cost=0.43..48.53 rows=0 width=0)
	  ->  Index Scan using sbtest8_pkey on sbtest8  (cost=0.43..48.53 rows=10 width=490)
	        Index Cond: (id = ANY ('{6332056,614703,9379457,6259286,663733,3172329,4469790,9871706,5425387,9334307}'::integer[]))

explain: for update-inlist :: explain UPDATE sbtest%d set c=7 WHERE id IN ( 2861212, 3171808, 4857428, 2781548, 1782612, 9403607, 5610778, 1841587, 2022728, 2453882)
for update-inlist
table 1 : explain UPDATE sbtest1 set c=7 WHERE id IN ( 7694917, 2250166, 2274149, 3323716, 4061723, 9692672, 7149663, 3821716, 3215118, 2771115)
	Update on sbtest1  (cost=0.43..48.53 rows=0 width=0)
	  ->  Index Scan using sbtest1_pkey on sbtest1  (cost=0.43..48.53 rows=10 width=490)
	        Index Cond: (id = ANY ('{7694917,2250166,2274149,3323716,4061723,9692672,7149663,3821716,3215118,2771115}'::integer[]))

table 2 : explain UPDATE sbtest2 set c=7 WHERE id IN ( 7694917, 2250166, 2274149, 3323716, 4061723, 9692672, 7149663, 3821716, 3215118, 2771115)
	Update on sbtest2  (cost=0.43..48.53 rows=0 width=0)
	  ->  Index Scan using sbtest2_pkey on sbtest2  (cost=0.43..48.53 rows=10 width=490)
	        Index Cond: (id = ANY ('{7694917,2250166,2274149,3323716,4061723,9692672,7149663,3821716,3215118,2771115}'::integer[]))

table 3 : explain UPDATE sbtest3 set c=7 WHERE id IN ( 7694917, 2250166, 2274149, 3323716, 4061723, 9692672, 7149663, 3821716, 3215118, 2771115)
	Update on sbtest3  (cost=0.43..48.53 rows=0 width=0)
	  ->  Index Scan using sbtest3_pkey on sbtest3  (cost=0.43..48.53 rows=10 width=490)
	        Index Cond: (id = ANY ('{7694917,2250166,2274149,3323716,4061723,9692672,7149663,3821716,3215118,2771115}'::integer[]))

table 4 : explain UPDATE sbtest4 set c=7 WHERE id IN ( 7694917, 2250166, 2274149, 3323716, 4061723, 9692672, 7149663, 3821716, 3215118, 2771115)
	Update on sbtest4  (cost=0.43..48.53 rows=0 width=0)
	  ->  Index Scan using sbtest4_pkey on sbtest4  (cost=0.43..48.53 rows=10 width=490)
	        Index Cond: (id = ANY ('{7694917,2250166,2274149,3323716,4061723,9692672,7149663,3821716,3215118,2771115}'::integer[]))

table 5 : explain UPDATE sbtest5 set c=7 WHERE id IN ( 7694917, 2250166, 2274149, 3323716, 4061723, 9692672, 7149663, 3821716, 3215118, 2771115)
	Update on sbtest5  (cost=0.43..48.53 rows=0 width=0)
	  ->  Index Scan using sbtest5_pkey on sbtest5  (cost=0.43..48.53 rows=10 width=490)
	        Index Cond: (id = ANY ('{7694917,2250166,2274149,3323716,4061723,9692672,7149663,3821716,3215118,2771115}'::integer[]))

table 6 : explain UPDATE sbtest6 set c=7 WHERE id IN ( 7694917, 2250166, 2274149, 3323716, 4061723, 9692672, 7149663, 3821716, 3215118, 2771115)
	Update on sbtest6  (cost=0.43..48.53 rows=0 width=0)
	  ->  Index Scan using sbtest6_pkey on sbtest6  (cost=0.43..48.53 rows=10 width=490)
	        Index Cond: (id = ANY ('{7694917,2250166,2274149,3323716,4061723,9692672,7149663,3821716,3215118,2771115}'::integer[]))

table 7 : explain UPDATE sbtest7 set c=7 WHERE id IN ( 7694917, 2250166, 2274149, 3323716, 4061723, 9692672, 7149663, 3821716, 3215118, 2771115)
	Update on sbtest7  (cost=0.43..48.53 rows=0 width=0)
	  ->  Index Scan using sbtest7_pkey on sbtest7  (cost=0.43..48.53 rows=10 width=490)
	        Index Cond: (id = ANY ('{7694917,2250166,2274149,3323716,4061723,9692672,7149663,3821716,3215118,2771115}'::integer[]))

table 8 : explain UPDATE sbtest8 set c=7 WHERE id IN ( 7694917, 2250166, 2274149, 3323716, 4061723, 9692672, 7149663, 3821716, 3215118, 2771115)
	Update on sbtest8  (cost=0.43..48.53 rows=0 width=0)
	  ->  Index Scan using sbtest8_pkey on sbtest8  (cost=0.43..48.53 rows=10 width=490)
	        Index Cond: (id = ANY ('{7694917,2250166,2274149,3323716,4061723,9692672,7149663,3821716,3215118,2771115}'::integer[]))

for update-inlist
table 1 : explain UPDATE sbtest1 set c=7 WHERE id IN ( 576933, 7271293, 2630005, 9266707, 2331451, 8434435, 9819735, 3679352, 2321742, 678116)
	Update on sbtest1  (cost=0.43..48.53 rows=0 width=0)
	  ->  Index Scan using sbtest1_pkey on sbtest1  (cost=0.43..48.53 rows=10 width=490)
	        Index Cond: (id = ANY ('{576933,7271293,2630005,9266707,2331451,8434435,9819735,3679352,2321742,678116}'::integer[]))

table 2 : explain UPDATE sbtest2 set c=7 WHERE id IN ( 576933, 7271293, 2630005, 9266707, 2331451, 8434435, 9819735, 3679352, 2321742, 678116)
	Update on sbtest2  (cost=0.43..48.53 rows=0 width=0)
	  ->  Index Scan using sbtest2_pkey on sbtest2  (cost=0.43..48.53 rows=10 width=490)
	        Index Cond: (id = ANY ('{576933,7271293,2630005,9266707,2331451,8434435,9819735,3679352,2321742,678116}'::integer[]))

table 3 : explain UPDATE sbtest3 set c=7 WHERE id IN ( 576933, 7271293, 2630005, 9266707, 2331451, 8434435, 9819735, 3679352, 2321742, 678116)
	Update on sbtest3  (cost=0.43..48.53 rows=0 width=0)
	  ->  Index Scan using sbtest3_pkey on sbtest3  (cost=0.43..48.53 rows=10 width=490)
	        Index Cond: (id = ANY ('{576933,7271293,2630005,9266707,2331451,8434435,9819735,3679352,2321742,678116}'::integer[]))

table 4 : explain UPDATE sbtest4 set c=7 WHERE id IN ( 576933, 7271293, 2630005, 9266707, 2331451, 8434435, 9819735, 3679352, 2321742, 678116)
	Update on sbtest4  (cost=0.43..48.53 rows=0 width=0)
	  ->  Index Scan using sbtest4_pkey on sbtest4  (cost=0.43..48.53 rows=10 width=490)
	        Index Cond: (id = ANY ('{576933,7271293,2630005,9266707,2331451,8434435,9819735,3679352,2321742,678116}'::integer[]))

table 5 : explain UPDATE sbtest5 set c=7 WHERE id IN ( 576933, 7271293, 2630005, 9266707, 2331451, 8434435, 9819735, 3679352, 2321742, 678116)
	Update on sbtest5  (cost=0.43..48.53 rows=0 width=0)
	  ->  Index Scan using sbtest5_pkey on sbtest5  (cost=0.43..48.53 rows=10 width=490)
	        Index Cond: (id = ANY ('{576933,7271293,2630005,9266707,2331451,8434435,9819735,3679352,2321742,678116}'::integer[]))

table 6 : explain UPDATE sbtest6 set c=7 WHERE id IN ( 576933, 7271293, 2630005, 9266707, 2331451, 8434435, 9819735, 3679352, 2321742, 678116)
	Update on sbtest6  (cost=0.43..48.53 rows=0 width=0)
	  ->  Index Scan using sbtest6_pkey on sbtest6  (cost=0.43..48.53 rows=10 width=490)
	        Index Cond: (id = ANY ('{576933,7271293,2630005,9266707,2331451,8434435,9819735,3679352,2321742,678116}'::integer[]))

table 7 : explain UPDATE sbtest7 set c=7 WHERE id IN ( 576933, 7271293, 2630005, 9266707, 2331451, 8434435, 9819735, 3679352, 2321742, 678116)
	Update on sbtest7  (cost=0.43..48.53 rows=0 width=0)
	  ->  Index Scan using sbtest7_pkey on sbtest7  (cost=0.43..48.53 rows=10 width=490)
	        Index Cond: (id = ANY ('{576933,7271293,2630005,9266707,2331451,8434435,9819735,3679352,2321742,678116}'::integer[]))

table 8 : explain UPDATE sbtest8 set c=7 WHERE id IN ( 576933, 7271293, 2630005, 9266707, 2331451, 8434435, 9819735, 3679352, 2321742, 678116)
	Update on sbtest8  (cost=0.43..48.53 rows=0 width=0)
	  ->  Index Scan using sbtest8_pkey on sbtest8  (cost=0.43..48.53 rows=10 width=490)
	        Index Cond: (id = ANY ('{576933,7271293,2630005,9266707,2331451,8434435,9819735,3679352,2321742,678116}'::integer[]))

for update-inlist
table 1 : explain UPDATE sbtest1 set c=7 WHERE id IN ( 4057493, 2949750, 2317105, 1215825, 5120459, 5409380, 5235111, 3287808, 9691134, 7077866)
	Update on sbtest1  (cost=0.43..48.53 rows=0 width=0)
	  ->  Index Scan using sbtest1_pkey on sbtest1  (cost=0.43..48.53 rows=10 width=490)
	        Index Cond: (id = ANY ('{4057493,2949750,2317105,1215825,5120459,5409380,5235111,3287808,9691134,7077866}'::integer[]))

table 2 : explain UPDATE sbtest2 set c=7 WHERE id IN ( 4057493, 2949750, 2317105, 1215825, 5120459, 5409380, 5235111, 3287808, 9691134, 7077866)
	Update on sbtest2  (cost=0.43..48.53 rows=0 width=0)
	  ->  Index Scan using sbtest2_pkey on sbtest2  (cost=0.43..48.53 rows=10 width=490)
	        Index Cond: (id = ANY ('{4057493,2949750,2317105,1215825,5120459,5409380,5235111,3287808,9691134,7077866}'::integer[]))

table 3 : explain UPDATE sbtest3 set c=7 WHERE id IN ( 4057493, 2949750, 2317105, 1215825, 5120459, 5409380, 5235111, 3287808, 9691134, 7077866)
	Update on sbtest3  (cost=0.43..48.53 rows=0 width=0)
	  ->  Index Scan using sbtest3_pkey on sbtest3  (cost=0.43..48.53 rows=10 width=490)
	        Index Cond: (id = ANY ('{4057493,2949750,2317105,1215825,5120459,5409380,5235111,3287808,9691134,7077866}'::integer[]))

table 4 : explain UPDATE sbtest4 set c=7 WHERE id IN ( 4057493, 2949750, 2317105, 1215825, 5120459, 5409380, 5235111, 3287808, 9691134, 7077866)
	Update on sbtest4  (cost=0.43..48.53 rows=0 width=0)
	  ->  Index Scan using sbtest4_pkey on sbtest4  (cost=0.43..48.53 rows=10 width=490)
	        Index Cond: (id = ANY ('{4057493,2949750,2317105,1215825,5120459,5409380,5235111,3287808,9691134,7077866}'::integer[]))

table 5 : explain UPDATE sbtest5 set c=7 WHERE id IN ( 4057493, 2949750, 2317105, 1215825, 5120459, 5409380, 5235111, 3287808, 9691134, 7077866)
	Update on sbtest5  (cost=0.43..48.53 rows=0 width=0)
	  ->  Index Scan using sbtest5_pkey on sbtest5  (cost=0.43..48.53 rows=10 width=490)
	        Index Cond: (id = ANY ('{4057493,2949750,2317105,1215825,5120459,5409380,5235111,3287808,9691134,7077866}'::integer[]))

table 6 : explain UPDATE sbtest6 set c=7 WHERE id IN ( 4057493, 2949750, 2317105, 1215825, 5120459, 5409380, 5235111, 3287808, 9691134, 7077866)
	Update on sbtest6  (cost=0.43..48.53 rows=0 width=0)
	  ->  Index Scan using sbtest6_pkey on sbtest6  (cost=0.43..48.53 rows=10 width=490)
	        Index Cond: (id = ANY ('{4057493,2949750,2317105,1215825,5120459,5409380,5235111,3287808,9691134,7077866}'::integer[]))

table 7 : explain UPDATE sbtest7 set c=7 WHERE id IN ( 4057493, 2949750, 2317105, 1215825, 5120459, 5409380, 5235111, 3287808, 9691134, 7077866)
	Update on sbtest7  (cost=0.43..48.53 rows=0 width=0)
	  ->  Index Scan using sbtest7_pkey on sbtest7  (cost=0.43..48.53 rows=10 width=490)
	        Index Cond: (id = ANY ('{4057493,2949750,2317105,1215825,5120459,5409380,5235111,3287808,9691134,7077866}'::integer[]))

table 8 : explain UPDATE sbtest8 set c=7 WHERE id IN ( 4057493, 2949750, 2317105, 1215825, 5120459, 5409380, 5235111, 3287808, 9691134, 7077866)
	Update on sbtest8  (cost=0.43..48.53 rows=0 width=0)
	  ->  Index Scan using sbtest8_pkey on sbtest8  (cost=0.43..48.53 rows=10 width=490)
	        Index Cond: (id = ANY ('{4057493,2949750,2317105,1215825,5120459,5409380,5235111,3287808,9691134,7077866}'::integer[]))

explain: for update-inlist :: explain UPDATE sbtest%d set c=7 WHERE id IN ( 4044966, 9165660, 319008, 4784619, 67714, 145534, 90223, 2665236, 5150043, 3716989)
explain: for update-inlist :: explain UPDATE sbtest%d set c=7 WHERE id IN ( 4118490, 7917144, 7483700, 7505703, 4291784, 3427404, 8638281, 5538647, 6506593, 1825130)
for update-inlist
table 1 : explain UPDATE sbtest1 set c=7 WHERE id IN ( 7084027, 4299682, 5814408, 2490917, 2432159, 9578582, 4082958, 3664287, 1738256, 1485561)
	Update on sbtest1  (cost=0.43..48.53 rows=0 width=0)
	  ->  Index Scan using sbtest1_pkey on sbtest1  (cost=0.43..48.53 rows=10 width=490)
	        Index Cond: (id = ANY ('{7084027,4299682,5814408,2490917,2432159,9578582,4082958,3664287,1738256,1485561}'::integer[]))

table 2 : explain UPDATE sbtest2 set c=7 WHERE id IN ( 7084027, 4299682, 5814408, 2490917, 2432159, 9578582, 4082958, 3664287, 1738256, 1485561)
	Update on sbtest2  (cost=0.43..48.53 rows=0 width=0)
	  ->  Index Scan using sbtest2_pkey on sbtest2  (cost=0.43..48.53 rows=10 width=490)
	        Index Cond: (id = ANY ('{7084027,4299682,5814408,2490917,2432159,9578582,4082958,3664287,1738256,1485561}'::integer[]))

table 3 : explain UPDATE sbtest3 set c=7 WHERE id IN ( 7084027, 4299682, 5814408, 2490917, 2432159, 9578582, 4082958, 3664287, 1738256, 1485561)
	Update on sbtest3  (cost=0.43..48.53 rows=0 width=0)
	  ->  Index Scan using sbtest3_pkey on sbtest3  (cost=0.43..48.53 rows=10 width=490)
	        Index Cond: (id = ANY ('{7084027,4299682,5814408,2490917,2432159,9578582,4082958,3664287,1738256,1485561}'::integer[]))

table 4 : explain UPDATE sbtest4 set c=7 WHERE id IN ( 7084027, 4299682, 5814408, 2490917, 2432159, 9578582, 4082958, 3664287, 1738256, 1485561)
	Update on sbtest4  (cost=0.43..48.53 rows=0 width=0)
	  ->  Index Scan using sbtest4_pkey on sbtest4  (cost=0.43..48.53 rows=10 width=490)
	        Index Cond: (id = ANY ('{7084027,4299682,5814408,2490917,2432159,9578582,4082958,3664287,1738256,1485561}'::integer[]))

table 5 : explain UPDATE sbtest5 set c=7 WHERE id IN ( 7084027, 4299682, 5814408, 2490917, 2432159, 9578582, 4082958, 3664287, 1738256, 1485561)
	Update on sbtest5  (cost=0.43..48.53 rows=0 width=0)
	  ->  Index Scan using sbtest5_pkey on sbtest5  (cost=0.43..48.53 rows=10 width=490)
	        Index Cond: (id = ANY ('{7084027,4299682,5814408,2490917,2432159,9578582,4082958,3664287,1738256,1485561}'::integer[]))

table 6 : explain UPDATE sbtest6 set c=7 WHERE id IN ( 7084027, 4299682, 5814408, 2490917, 2432159, 9578582, 4082958, 3664287, 1738256, 1485561)
	Update on sbtest6  (cost=0.43..48.53 rows=0 width=0)
	  ->  Index Scan using sbtest6_pkey on sbtest6  (cost=0.43..48.53 rows=10 width=490)
	        Index Cond: (id = ANY ('{7084027,4299682,5814408,2490917,2432159,9578582,4082958,3664287,1738256,1485561}'::integer[]))

table 7 : explain UPDATE sbtest7 set c=7 WHERE id IN ( 7084027, 4299682, 5814408, 2490917, 2432159, 9578582, 4082958, 3664287, 1738256, 1485561)
	Update on sbtest7  (cost=0.43..48.53 rows=0 width=0)
	  ->  Index Scan using sbtest7_pkey on sbtest7  (cost=0.43..48.53 rows=10 width=490)
	        Index Cond: (id = ANY ('{7084027,4299682,5814408,2490917,2432159,9578582,4082958,3664287,1738256,1485561}'::integer[]))

table 8 : explain UPDATE sbtest8 set c=7 WHERE id IN ( 7084027, 4299682, 5814408, 2490917, 2432159, 9578582, 4082958, 3664287, 1738256, 1485561)
	Update on sbtest8  (cost=0.43..48.53 rows=0 width=0)
	  ->  Index Scan using sbtest8_pkey on sbtest8  (cost=0.43..48.53 rows=10 width=490)
	        Index Cond: (id = ANY ('{7084027,4299682,5814408,2490917,2432159,9578582,4082958,3664287,1738256,1485561}'::integer[]))

for update-inlist
table 1 : explain UPDATE sbtest1 set c=7 WHERE id IN ( 6174651, 6707816, 9995390, 9842655, 2203132, 8166034, 9487417, 2129322, 4072704, 2380419)
	Update on sbtest1  (cost=0.43..48.53 rows=0 width=0)
	  ->  Index Scan using sbtest1_pkey on sbtest1  (cost=0.43..48.53 rows=10 width=490)
	        Index Cond: (id = ANY ('{6174651,6707816,9995390,9842655,2203132,8166034,9487417,2129322,4072704,2380419}'::integer[]))

table 2 : explain UPDATE sbtest2 set c=7 WHERE id IN ( 6174651, 6707816, 9995390, 9842655, 2203132, 8166034, 9487417, 2129322, 4072704, 2380419)
	Update on sbtest2  (cost=0.43..48.53 rows=0 width=0)
	  ->  Index Scan using sbtest2_pkey on sbtest2  (cost=0.43..48.53 rows=10 width=490)
	        Index Cond: (id = ANY ('{6174651,6707816,9995390,9842655,2203132,8166034,9487417,2129322,4072704,2380419}'::integer[]))

table 3 : explain UPDATE sbtest3 set c=7 WHERE id IN ( 6174651, 6707816, 9995390, 9842655, 2203132, 8166034, 9487417, 2129322, 4072704, 2380419)
	Update on sbtest3  (cost=0.43..48.53 rows=0 width=0)
	  ->  Index Scan using sbtest3_pkey on sbtest3  (cost=0.43..48.53 rows=10 width=490)
	        Index Cond: (id = ANY ('{6174651,6707816,9995390,9842655,2203132,8166034,9487417,2129322,4072704,2380419}'::integer[]))

table 4 : explain UPDATE sbtest4 set c=7 WHERE id IN ( 6174651, 6707816, 9995390, 9842655, 2203132, 8166034, 9487417, 2129322, 4072704, 2380419)
	Update on sbtest4  (cost=0.43..48.53 rows=0 width=0)
	  ->  Index Scan using sbtest4_pkey on sbtest4  (cost=0.43..48.53 rows=10 width=490)
	        Index Cond: (id = ANY ('{6174651,6707816,9995390,9842655,2203132,8166034,9487417,2129322,4072704,2380419}'::integer[]))

table 5 : explain UPDATE sbtest5 set c=7 WHERE id IN ( 6174651, 6707816, 9995390, 9842655, 2203132, 8166034, 9487417, 2129322, 4072704, 2380419)
	Update on sbtest5  (cost=0.43..48.53 rows=0 width=0)
	  ->  Index Scan using sbtest5_pkey on sbtest5  (cost=0.43..48.53 rows=10 width=490)
	        Index Cond: (id = ANY ('{6174651,6707816,9995390,9842655,2203132,8166034,9487417,2129322,4072704,2380419}'::integer[]))

table 6 : explain UPDATE sbtest6 set c=7 WHERE id IN ( 6174651, 6707816, 9995390, 9842655, 2203132, 8166034, 9487417, 2129322, 4072704, 2380419)
	Update on sbtest6  (cost=0.43..48.53 rows=0 width=0)
	  ->  Index Scan using sbtest6_pkey on sbtest6  (cost=0.43..48.53 rows=10 width=490)
	        Index Cond: (id = ANY ('{6174651,6707816,9995390,9842655,2203132,8166034,9487417,2129322,4072704,2380419}'::integer[]))

table 7 : explain UPDATE sbtest7 set c=7 WHERE id IN ( 6174651, 6707816, 9995390, 9842655, 2203132, 8166034, 9487417, 2129322, 4072704, 2380419)
	Update on sbtest7  (cost=0.43..48.53 rows=0 width=0)
	  ->  Index Scan using sbtest7_pkey on sbtest7  (cost=0.43..48.53 rows=10 width=490)
	        Index Cond: (id = ANY ('{6174651,6707816,9995390,9842655,2203132,8166034,9487417,2129322,4072704,2380419}'::integer[]))

table 8 : explain UPDATE sbtest8 set c=7 WHERE id IN ( 6174651, 6707816, 9995390, 9842655, 2203132, 8166034, 9487417, 2129322, 4072704, 2380419)
	Update on sbtest8  (cost=0.43..48.53 rows=0 width=0)
	  ->  Index Scan using sbtest8_pkey on sbtest8  (cost=0.43..48.53 rows=10 width=490)
	        Index Cond: (id = ANY ('{6174651,6707816,9995390,9842655,2203132,8166034,9487417,2129322,4072704,2380419}'::integer[]))

explain: for update-inlist :: explain UPDATE sbtest%d set c=7 WHERE id IN ( 4109594, 3413251, 750918, 4387702, 9914030, 4611812, 5016987, 5082110, 692297, 7286055)
explain: for update-inlist :: explain UPDATE sbtest%d set c=7 WHERE id IN ( 5768725, 9425045, 7664997, 9897910, 6262430, 6167356, 321190, 4248400, 5332214, 2343784)
explain: for update-inlist :: explain UPDATE sbtest%d set c=7 WHERE id IN ( 9841825, 8387815, 6015647, 2324219, 9434929, 4300458, 4687573, 9721861, 1653805, 7232570)
for update-inlist
table 1 : explain UPDATE sbtest1 set c=7 WHERE id IN ( 4044966, 9165660, 319008, 4784619, 67714, 145534, 90223, 2665236, 5150043, 3716989)
	Update on sbtest1  (cost=0.43..48.53 rows=0 width=0)
	  ->  Index Scan using sbtest1_pkey on sbtest1  (cost=0.43..48.53 rows=10 width=490)
	        Index Cond: (id = ANY ('{4044966,9165660,319008,4784619,67714,145534,90223,2665236,5150043,3716989}'::integer[]))

table 2 : explain UPDATE sbtest2 set c=7 WHERE id IN ( 4044966, 9165660, 319008, 4784619, 67714, 145534, 90223, 2665236, 5150043, 3716989)
	Update on sbtest2  (cost=0.43..48.53 rows=0 width=0)
	  ->  Index Scan using sbtest2_pkey on sbtest2  (cost=0.43..48.53 rows=10 width=490)
	        Index Cond: (id = ANY ('{4044966,9165660,319008,4784619,67714,145534,90223,2665236,5150043,3716989}'::integer[]))

table 3 : explain UPDATE sbtest3 set c=7 WHERE id IN ( 4044966, 9165660, 319008, 4784619, 67714, 145534, 90223, 2665236, 5150043, 3716989)
	Update on sbtest3  (cost=0.43..48.53 rows=0 width=0)
	  ->  Index Scan using sbtest3_pkey on sbtest3  (cost=0.43..48.53 rows=10 width=490)
	        Index Cond: (id = ANY ('{4044966,9165660,319008,4784619,67714,145534,90223,2665236,5150043,3716989}'::integer[]))

table 4 : explain UPDATE sbtest4 set c=7 WHERE id IN ( 4044966, 9165660, 319008, 4784619, 67714, 145534, 90223, 2665236, 5150043, 3716989)
	Update on sbtest4  (cost=0.43..48.53 rows=0 width=0)
	  ->  Index Scan using sbtest4_pkey on sbtest4  (cost=0.43..48.53 rows=10 width=490)
	        Index Cond: (id = ANY ('{4044966,9165660,319008,4784619,67714,145534,90223,2665236,5150043,3716989}'::integer[]))

table 5 : explain UPDATE sbtest5 set c=7 WHERE id IN ( 4044966, 9165660, 319008, 4784619, 67714, 145534, 90223, 2665236, 5150043, 3716989)
	Update on sbtest5  (cost=0.43..48.53 rows=0 width=0)
	  ->  Index Scan using sbtest5_pkey on sbtest5  (cost=0.43..48.53 rows=10 width=490)
	        Index Cond: (id = ANY ('{4044966,9165660,319008,4784619,67714,145534,90223,2665236,5150043,3716989}'::integer[]))

table 6 : explain UPDATE sbtest6 set c=7 WHERE id IN ( 4044966, 9165660, 319008, 4784619, 67714, 145534, 90223, 2665236, 5150043, 3716989)
	Update on sbtest6  (cost=0.43..48.53 rows=0 width=0)
	  ->  Index Scan using sbtest6_pkey on sbtest6  (cost=0.43..48.53 rows=10 width=490)
	        Index Cond: (id = ANY ('{4044966,9165660,319008,4784619,67714,145534,90223,2665236,5150043,3716989}'::integer[]))

table 7 : explain UPDATE sbtest7 set c=7 WHERE id IN ( 4044966, 9165660, 319008, 4784619, 67714, 145534, 90223, 2665236, 5150043, 3716989)
	Update on sbtest7  (cost=0.43..48.53 rows=0 width=0)
	  ->  Index Scan using sbtest7_pkey on sbtest7  (cost=0.43..48.53 rows=10 width=490)
	        Index Cond: (id = ANY ('{4044966,9165660,319008,4784619,67714,145534,90223,2665236,5150043,3716989}'::integer[]))

table 8 : explain UPDATE sbtest8 set c=7 WHERE id IN ( 4044966, 9165660, 319008, 4784619, 67714, 145534, 90223, 2665236, 5150043, 3716989)
	Update on sbtest8  (cost=0.43..48.53 rows=0 width=0)
	  ->  Index Scan using sbtest8_pkey on sbtest8  (cost=0.43..48.53 rows=10 width=490)
	        Index Cond: (id = ANY ('{4044966,9165660,319008,4784619,67714,145534,90223,2665236,5150043,3716989}'::integer[]))

for update-inlist
table 1 : explain UPDATE sbtest1 set c=7 WHERE id IN ( 7551095, 2348638, 492483, 4447638, 6488391, 6526948, 8335132, 8010595, 818695, 9362466)
	Update on sbtest1  (cost=0.43..48.53 rows=0 width=0)
	  ->  Index Scan using sbtest1_pkey on sbtest1  (cost=0.43..48.53 rows=10 width=490)
	        Index Cond: (id = ANY ('{7551095,2348638,492483,4447638,6488391,6526948,8335132,8010595,818695,9362466}'::integer[]))

table 2 : explain UPDATE sbtest2 set c=7 WHERE id IN ( 7551095, 2348638, 492483, 4447638, 6488391, 6526948, 8335132, 8010595, 818695, 9362466)
	Update on sbtest2  (cost=0.43..48.53 rows=0 width=0)
	  ->  Index Scan using sbtest2_pkey on sbtest2  (cost=0.43..48.53 rows=10 width=490)
	        Index Cond: (id = ANY ('{7551095,2348638,492483,4447638,6488391,6526948,8335132,8010595,818695,9362466}'::integer[]))

table 3 : explain UPDATE sbtest3 set c=7 WHERE id IN ( 7551095, 2348638, 492483, 4447638, 6488391, 6526948, 8335132, 8010595, 818695, 9362466)
	Update on sbtest3  (cost=0.43..48.53 rows=0 width=0)
	  ->  Index Scan using sbtest3_pkey on sbtest3  (cost=0.43..48.53 rows=10 width=490)
	        Index Cond: (id = ANY ('{7551095,2348638,492483,4447638,6488391,6526948,8335132,8010595,818695,9362466}'::integer[]))

table 4 : explain UPDATE sbtest4 set c=7 WHERE id IN ( 7551095, 2348638, 492483, 4447638, 6488391, 6526948, 8335132, 8010595, 818695, 9362466)
	Update on sbtest4  (cost=0.43..48.53 rows=0 width=0)
	  ->  Index Scan using sbtest4_pkey on sbtest4  (cost=0.43..48.53 rows=10 width=490)
	        Index Cond: (id = ANY ('{7551095,2348638,492483,4447638,6488391,6526948,8335132,8010595,818695,9362466}'::integer[]))

table 5 : explain UPDATE sbtest5 set c=7 WHERE id IN ( 7551095, 2348638, 492483, 4447638, 6488391, 6526948, 8335132, 8010595, 818695, 9362466)
	Update on sbtest5  (cost=0.43..48.53 rows=0 width=0)
	  ->  Index Scan using sbtest5_pkey on sbtest5  (cost=0.43..48.53 rows=10 width=490)
	        Index Cond: (id = ANY ('{7551095,2348638,492483,4447638,6488391,6526948,8335132,8010595,818695,9362466}'::integer[]))

table 6 : explain UPDATE sbtest6 set c=7 WHERE id IN ( 7551095, 2348638, 492483, 4447638, 6488391, 6526948, 8335132, 8010595, 818695, 9362466)
	Update on sbtest6  (cost=0.43..48.53 rows=0 width=0)
	  ->  Index Scan using sbtest6_pkey on sbtest6  (cost=0.43..48.53 rows=10 width=490)
	        Index Cond: (id = ANY ('{7551095,2348638,492483,4447638,6488391,6526948,8335132,8010595,818695,9362466}'::integer[]))

table 7 : explain UPDATE sbtest7 set c=7 WHERE id IN ( 7551095, 2348638, 492483, 4447638, 6488391, 6526948, 8335132, 8010595, 818695, 9362466)
	Update on sbtest7  (cost=0.43..48.53 rows=0 width=0)
	  ->  Index Scan using sbtest7_pkey on sbtest7  (cost=0.43..48.53 rows=10 width=490)
	        Index Cond: (id = ANY ('{7551095,2348638,492483,4447638,6488391,6526948,8335132,8010595,818695,9362466}'::integer[]))

table 8 : explain UPDATE sbtest8 set c=7 WHERE id IN ( 7551095, 2348638, 492483, 4447638, 6488391, 6526948, 8335132, 8010595, 818695, 9362466)
	Update on sbtest8  (cost=0.43..48.53 rows=0 width=0)
	  ->  Index Scan using sbtest8_pkey on sbtest8  (cost=0.43..48.53 rows=10 width=490)
	        Index Cond: (id = ANY ('{7551095,2348638,492483,4447638,6488391,6526948,8335132,8010595,818695,9362466}'::integer[]))

for update-inlist
table 1 : explain UPDATE sbtest1 set c=7 WHERE id IN ( 2861212, 3171808, 4857428, 2781548, 1782612, 9403607, 5610778, 1841587, 2022728, 2453882)
	Update on sbtest1  (cost=0.43..48.53 rows=0 width=0)
	  ->  Index Scan using sbtest1_pkey on sbtest1  (cost=0.43..48.53 rows=10 width=490)
	        Index Cond: (id = ANY ('{2861212,3171808,4857428,2781548,1782612,9403607,5610778,1841587,2022728,2453882}'::integer[]))

table 2 : explain UPDATE sbtest2 set c=7 WHERE id IN ( 2861212, 3171808, 4857428, 2781548, 1782612, 9403607, 5610778, 1841587, 2022728, 2453882)
	Update on sbtest2  (cost=0.43..48.53 rows=0 width=0)
	  ->  Index Scan using sbtest2_pkey on sbtest2  (cost=0.43..48.53 rows=10 width=490)
	        Index Cond: (id = ANY ('{2861212,3171808,4857428,2781548,1782612,9403607,5610778,1841587,2022728,2453882}'::integer[]))

table 3 : explain UPDATE sbtest3 set c=7 WHERE id IN ( 2861212, 3171808, 4857428, 2781548, 1782612, 9403607, 5610778, 1841587, 2022728, 2453882)
	Update on sbtest3  (cost=0.43..48.53 rows=0 width=0)
	  ->  Index Scan using sbtest3_pkey on sbtest3  (cost=0.43..48.53 rows=10 width=490)
	        Index Cond: (id = ANY ('{2861212,3171808,4857428,2781548,1782612,9403607,5610778,1841587,2022728,2453882}'::integer[]))

table 4 : explain UPDATE sbtest4 set c=7 WHERE id IN ( 2861212, 3171808, 4857428, 2781548, 1782612, 9403607, 5610778, 1841587, 2022728, 2453882)
	Update on sbtest4  (cost=0.43..48.53 rows=0 width=0)
	  ->  Index Scan using sbtest4_pkey on sbtest4  (cost=0.43..48.53 rows=10 width=490)
	        Index Cond: (id = ANY ('{2861212,3171808,4857428,2781548,1782612,9403607,5610778,1841587,2022728,2453882}'::integer[]))

table 5 : explain UPDATE sbtest5 set c=7 WHERE id IN ( 2861212, 3171808, 4857428, 2781548, 1782612, 9403607, 5610778, 1841587, 2022728, 2453882)
	Update on sbtest5  (cost=0.43..48.53 rows=0 width=0)
	  ->  Index Scan using sbtest5_pkey on sbtest5  (cost=0.43..48.53 rows=10 width=490)
	        Index Cond: (id = ANY ('{2861212,3171808,4857428,2781548,1782612,9403607,5610778,1841587,2022728,2453882}'::integer[]))

table 6 : explain UPDATE sbtest6 set c=7 WHERE id IN ( 2861212, 3171808, 4857428, 2781548, 1782612, 9403607, 5610778, 1841587, 2022728, 2453882)
	Update on sbtest6  (cost=0.43..48.53 rows=0 width=0)
	  ->  Index Scan using sbtest6_pkey on sbtest6  (cost=0.43..48.53 rows=10 width=490)
	        Index Cond: (id = ANY ('{2861212,3171808,4857428,2781548,1782612,9403607,5610778,1841587,2022728,2453882}'::integer[]))

table 7 : explain UPDATE sbtest7 set c=7 WHERE id IN ( 2861212, 3171808, 4857428, 2781548, 1782612, 9403607, 5610778, 1841587, 2022728, 2453882)
	Update on sbtest7  (cost=0.43..48.53 rows=0 width=0)
	  ->  Index Scan using sbtest7_pkey on sbtest7  (cost=0.43..48.53 rows=10 width=490)
	        Index Cond: (id = ANY ('{2861212,3171808,4857428,2781548,1782612,9403607,5610778,1841587,2022728,2453882}'::integer[]))

table 8 : explain UPDATE sbtest8 set c=7 WHERE id IN ( 2861212, 3171808, 4857428, 2781548, 1782612, 9403607, 5610778, 1841587, 2022728, 2453882)
	Update on sbtest8  (cost=0.43..48.53 rows=0 width=0)
	  ->  Index Scan using sbtest8_pkey on sbtest8  (cost=0.43..48.53 rows=10 width=490)
	        Index Cond: (id = ANY ('{2861212,3171808,4857428,2781548,1782612,9403607,5610778,1841587,2022728,2453882}'::integer[]))

for update-inlist
table 1 : explain UPDATE sbtest1 set c=7 WHERE id IN ( 4118490, 7917144, 7483700, 7505703, 4291784, 3427404, 8638281, 5538647, 6506593, 1825130)
	Update on sbtest1  (cost=0.43..48.53 rows=0 width=0)
	  ->  Index Scan using sbtest1_pkey on sbtest1  (cost=0.43..48.53 rows=10 width=490)
	        Index Cond: (id = ANY ('{4118490,7917144,7483700,7505703,4291784,3427404,8638281,5538647,6506593,1825130}'::integer[]))

table 2 : explain UPDATE sbtest2 set c=7 WHERE id IN ( 4118490, 7917144, 7483700, 7505703, 4291784, 3427404, 8638281, 5538647, 6506593, 1825130)
	Update on sbtest2  (cost=0.43..48.53 rows=0 width=0)
	  ->  Index Scan using sbtest2_pkey on sbtest2  (cost=0.43..48.53 rows=10 width=490)
	        Index Cond: (id = ANY ('{4118490,7917144,7483700,7505703,4291784,3427404,8638281,5538647,6506593,1825130}'::integer[]))

table 3 : explain UPDATE sbtest3 set c=7 WHERE id IN ( 4118490, 7917144, 7483700, 7505703, 4291784, 3427404, 8638281, 5538647, 6506593, 1825130)
	Update on sbtest3  (cost=0.43..48.53 rows=0 width=0)
	  ->  Index Scan using sbtest3_pkey on sbtest3  (cost=0.43..48.53 rows=10 width=490)
	        Index Cond: (id = ANY ('{4118490,7917144,7483700,7505703,4291784,3427404,8638281,5538647,6506593,1825130}'::integer[]))

table 4 : explain UPDATE sbtest4 set c=7 WHERE id IN ( 4118490, 7917144, 7483700, 7505703, 4291784, 3427404, 8638281, 5538647, 6506593, 1825130)
	Update on sbtest4  (cost=0.43..48.53 rows=0 width=0)
	  ->  Index Scan using sbtest4_pkey on sbtest4  (cost=0.43..48.53 rows=10 width=490)
	        Index Cond: (id = ANY ('{4118490,7917144,7483700,7505703,4291784,3427404,8638281,5538647,6506593,1825130}'::integer[]))

table 5 : explain UPDATE sbtest5 set c=7 WHERE id IN ( 4118490, 7917144, 7483700, 7505703, 4291784, 3427404, 8638281, 5538647, 6506593, 1825130)
	Update on sbtest5  (cost=0.43..48.53 rows=0 width=0)
	  ->  Index Scan using sbtest5_pkey on sbtest5  (cost=0.43..48.53 rows=10 width=490)
	        Index Cond: (id = ANY ('{4118490,7917144,7483700,7505703,4291784,3427404,8638281,5538647,6506593,1825130}'::integer[]))

table 6 : explain UPDATE sbtest6 set c=7 WHERE id IN ( 4118490, 7917144, 7483700, 7505703, 4291784, 3427404, 8638281, 5538647, 6506593, 1825130)
	Update on sbtest6  (cost=0.43..48.53 rows=0 width=0)
	  ->  Index Scan using sbtest6_pkey on sbtest6  (cost=0.43..48.53 rows=10 width=490)
	        Index Cond: (id = ANY ('{4118490,7917144,7483700,7505703,4291784,3427404,8638281,5538647,6506593,1825130}'::integer[]))

table 7 : explain UPDATE sbtest7 set c=7 WHERE id IN ( 4118490, 7917144, 7483700, 7505703, 4291784, 3427404, 8638281, 5538647, 6506593, 1825130)
	Update on sbtest7  (cost=0.43..48.53 rows=0 width=0)
	  ->  Index Scan using sbtest7_pkey on sbtest7  (cost=0.43..48.53 rows=10 width=490)
	        Index Cond: (id = ANY ('{4118490,7917144,7483700,7505703,4291784,3427404,8638281,5538647,6506593,1825130}'::integer[]))

table 8 : explain UPDATE sbtest8 set c=7 WHERE id IN ( 4118490, 7917144, 7483700, 7505703, 4291784, 3427404, 8638281, 5538647, 6506593, 1825130)
	Update on sbtest8  (cost=0.43..48.53 rows=0 width=0)
	  ->  Index Scan using sbtest8_pkey on sbtest8  (cost=0.43..48.53 rows=10 width=490)
	        Index Cond: (id = ANY ('{4118490,7917144,7483700,7505703,4291784,3427404,8638281,5538647,6506593,1825130}'::integer[]))

explain: for update-inlist :: explain UPDATE sbtest%d set c=7 WHERE id IN ( 9844275, 1215378, 9889259, 1225013, 1169274, 3938612, 8165609, 2323815, 2532076, 4816771)
for update-inlist
table 1 : explain UPDATE sbtest1 set c=7 WHERE id IN ( 4109594, 3413251, 750918, 4387702, 9914030, 4611812, 5016987, 5082110, 692297, 7286055)
	Update on sbtest1  (cost=0.43..48.53 rows=0 width=0)
	  ->  Index Scan using sbtest1_pkey on sbtest1  (cost=0.43..48.53 rows=10 width=490)
	        Index Cond: (id = ANY ('{4109594,3413251,750918,4387702,9914030,4611812,5016987,5082110,692297,7286055}'::integer[]))

table 2 : explain UPDATE sbtest2 set c=7 WHERE id IN ( 4109594, 3413251, 750918, 4387702, 9914030, 4611812, 5016987, 5082110, 692297, 7286055)
	Update on sbtest2  (cost=0.43..48.53 rows=0 width=0)
	  ->  Index Scan using sbtest2_pkey on sbtest2  (cost=0.43..48.53 rows=10 width=490)
	        Index Cond: (id = ANY ('{4109594,3413251,750918,4387702,9914030,4611812,5016987,5082110,692297,7286055}'::integer[]))

table 3 : explain UPDATE sbtest3 set c=7 WHERE id IN ( 4109594, 3413251, 750918, 4387702, 9914030, 4611812, 5016987, 5082110, 692297, 7286055)
	Update on sbtest3  (cost=0.43..48.53 rows=0 width=0)
	  ->  Index Scan using sbtest3_pkey on sbtest3  (cost=0.43..48.53 rows=10 width=490)
	        Index Cond: (id = ANY ('{4109594,3413251,750918,4387702,9914030,4611812,5016987,5082110,692297,7286055}'::integer[]))

table 4 : explain UPDATE sbtest4 set c=7 WHERE id IN ( 4109594, 3413251, 750918, 4387702, 9914030, 4611812, 5016987, 5082110, 692297, 7286055)
	Update on sbtest4  (cost=0.43..48.53 rows=0 width=0)
	  ->  Index Scan using sbtest4_pkey on sbtest4  (cost=0.43..48.53 rows=10 width=490)
	        Index Cond: (id = ANY ('{4109594,3413251,750918,4387702,9914030,4611812,5016987,5082110,692297,7286055}'::integer[]))

table 5 : explain UPDATE sbtest5 set c=7 WHERE id IN ( 4109594, 3413251, 750918, 4387702, 9914030, 4611812, 5016987, 5082110, 692297, 7286055)
	Update on sbtest5  (cost=0.43..48.53 rows=0 width=0)
	  ->  Index Scan using sbtest5_pkey on sbtest5  (cost=0.43..48.53 rows=10 width=490)
	        Index Cond: (id = ANY ('{4109594,3413251,750918,4387702,9914030,4611812,5016987,5082110,692297,7286055}'::integer[]))

table 6 : explain UPDATE sbtest6 set c=7 WHERE id IN ( 4109594, 3413251, 750918, 4387702, 9914030, 4611812, 5016987, 5082110, 692297, 7286055)
	Update on sbtest6  (cost=0.43..48.53 rows=0 width=0)
	  ->  Index Scan using sbtest6_pkey on sbtest6  (cost=0.43..48.53 rows=10 width=490)
	        Index Cond: (id = ANY ('{4109594,3413251,750918,4387702,9914030,4611812,5016987,5082110,692297,7286055}'::integer[]))

table 7 : explain UPDATE sbtest7 set c=7 WHERE id IN ( 4109594, 3413251, 750918, 4387702, 9914030, 4611812, 5016987, 5082110, 692297, 7286055)
	Update on sbtest7  (cost=0.43..48.53 rows=0 width=0)
	  ->  Index Scan using sbtest7_pkey on sbtest7  (cost=0.43..48.53 rows=10 width=490)
	        Index Cond: (id = ANY ('{4109594,3413251,750918,4387702,9914030,4611812,5016987,5082110,692297,7286055}'::integer[]))

table 8 : explain UPDATE sbtest8 set c=7 WHERE id IN ( 4109594, 3413251, 750918, 4387702, 9914030, 4611812, 5016987, 5082110, 692297, 7286055)
	Update on sbtest8  (cost=0.43..48.53 rows=0 width=0)
	  ->  Index Scan using sbtest8_pkey on sbtest8  (cost=0.43..48.53 rows=10 width=490)
	        Index Cond: (id = ANY ('{4109594,3413251,750918,4387702,9914030,4611812,5016987,5082110,692297,7286055}'::integer[]))

explain: for update-inlist :: explain UPDATE sbtest%d set c=7 WHERE id IN ( 7634354, 2424131, 4757020, 1389574, 888144, 2739950, 3356257, 1494338, 3119952, 3797787)
for update-inlist
table 1 : explain UPDATE sbtest1 set c=7 WHERE id IN ( 2757662, 8653827, 9632237, 948123, 3642642, 9700227, 1321636, 1832957, 5287872, 2108925)
	Update on sbtest1  (cost=0.43..48.53 rows=0 width=0)
	  ->  Index Scan using sbtest1_pkey on sbtest1  (cost=0.43..48.53 rows=10 width=490)
	        Index Cond: (id = ANY ('{2757662,8653827,9632237,948123,3642642,9700227,1321636,1832957,5287872,2108925}'::integer[]))

table 2 : explain UPDATE sbtest2 set c=7 WHERE id IN ( 2757662, 8653827, 9632237, 948123, 3642642, 9700227, 1321636, 1832957, 5287872, 2108925)
	Update on sbtest2  (cost=0.43..48.53 rows=0 width=0)
	  ->  Index Scan using sbtest2_pkey on sbtest2  (cost=0.43..48.53 rows=10 width=490)
	        Index Cond: (id = ANY ('{2757662,8653827,9632237,948123,3642642,9700227,1321636,1832957,5287872,2108925}'::integer[]))

table 3 : explain UPDATE sbtest3 set c=7 WHERE id IN ( 2757662, 8653827, 9632237, 948123, 3642642, 9700227, 1321636, 1832957, 5287872, 2108925)
	Update on sbtest3  (cost=0.43..48.53 rows=0 width=0)
	  ->  Index Scan using sbtest3_pkey on sbtest3  (cost=0.43..48.53 rows=10 width=490)
	        Index Cond: (id = ANY ('{2757662,8653827,9632237,948123,3642642,9700227,1321636,1832957,5287872,2108925}'::integer[]))

table 4 : explain UPDATE sbtest4 set c=7 WHERE id IN ( 2757662, 8653827, 9632237, 948123, 3642642, 9700227, 1321636, 1832957, 5287872, 2108925)
	Update on sbtest4  (cost=0.43..48.53 rows=0 width=0)
	  ->  Index Scan using sbtest4_pkey on sbtest4  (cost=0.43..48.53 rows=10 width=490)
	        Index Cond: (id = ANY ('{2757662,8653827,9632237,948123,3642642,9700227,1321636,1832957,5287872,2108925}'::integer[]))

table 5 : explain UPDATE sbtest5 set c=7 WHERE id IN ( 2757662, 8653827, 9632237, 948123, 3642642, 9700227, 1321636, 1832957, 5287872, 2108925)
	Update on sbtest5  (cost=0.43..48.53 rows=0 width=0)
	  ->  Index Scan using sbtest5_pkey on sbtest5  (cost=0.43..48.53 rows=10 width=490)
	        Index Cond: (id = ANY ('{2757662,8653827,9632237,948123,3642642,9700227,1321636,1832957,5287872,2108925}'::integer[]))

table 6 : explain UPDATE sbtest6 set c=7 WHERE id IN ( 2757662, 8653827, 9632237, 948123, 3642642, 9700227, 1321636, 1832957, 5287872, 2108925)
	Update on sbtest6  (cost=0.43..48.53 rows=0 width=0)
	  ->  Index Scan using sbtest6_pkey on sbtest6  (cost=0.43..48.53 rows=10 width=490)
	        Index Cond: (id = ANY ('{2757662,8653827,9632237,948123,3642642,9700227,1321636,1832957,5287872,2108925}'::integer[]))

table 7 : explain UPDATE sbtest7 set c=7 WHERE id IN ( 2757662, 8653827, 9632237, 948123, 3642642, 9700227, 1321636, 1832957, 5287872, 2108925)
	Update on sbtest7  (cost=0.43..48.53 rows=0 width=0)
	  ->  Index Scan using sbtest7_pkey on sbtest7  (cost=0.43..48.53 rows=10 width=490)
	        Index Cond: (id = ANY ('{2757662,8653827,9632237,948123,3642642,9700227,1321636,1832957,5287872,2108925}'::integer[]))

table 8 : explain UPDATE sbtest8 set c=7 WHERE id IN ( 2757662, 8653827, 9632237, 948123, 3642642, 9700227, 1321636, 1832957, 5287872, 2108925)
	Update on sbtest8  (cost=0.43..48.53 rows=0 width=0)
	  ->  Index Scan using sbtest8_pkey on sbtest8  (cost=0.43..48.53 rows=10 width=490)
	        Index Cond: (id = ANY ('{2757662,8653827,9632237,948123,3642642,9700227,1321636,1832957,5287872,2108925}'::integer[]))

for update-inlist
table 1 : explain UPDATE sbtest1 set c=7 WHERE id IN ( 9841825, 8387815, 6015647, 2324219, 9434929, 4300458, 4687573, 9721861, 1653805, 7232570)
	Update on sbtest1  (cost=0.43..48.53 rows=0 width=0)
	  ->  Index Scan using sbtest1_pkey on sbtest1  (cost=0.43..48.53 rows=10 width=490)
	        Index Cond: (id = ANY ('{9841825,8387815,6015647,2324219,9434929,4300458,4687573,9721861,1653805,7232570}'::integer[]))

table 2 : explain UPDATE sbtest2 set c=7 WHERE id IN ( 9841825, 8387815, 6015647, 2324219, 9434929, 4300458, 4687573, 9721861, 1653805, 7232570)
	Update on sbtest2  (cost=0.43..48.53 rows=0 width=0)
	  ->  Index Scan using sbtest2_pkey on sbtest2  (cost=0.43..48.53 rows=10 width=490)
	        Index Cond: (id = ANY ('{9841825,8387815,6015647,2324219,9434929,4300458,4687573,9721861,1653805,7232570}'::integer[]))

table 3 : explain UPDATE sbtest3 set c=7 WHERE id IN ( 9841825, 8387815, 6015647, 2324219, 9434929, 4300458, 4687573, 9721861, 1653805, 7232570)
	Update on sbtest3  (cost=0.43..48.53 rows=0 width=0)
	  ->  Index Scan using sbtest3_pkey on sbtest3  (cost=0.43..48.53 rows=10 width=490)
	        Index Cond: (id = ANY ('{9841825,8387815,6015647,2324219,9434929,4300458,4687573,9721861,1653805,7232570}'::integer[]))

table 4 : explain UPDATE sbtest4 set c=7 WHERE id IN ( 9841825, 8387815, 6015647, 2324219, 9434929, 4300458, 4687573, 9721861, 1653805, 7232570)
	Update on sbtest4  (cost=0.43..48.53 rows=0 width=0)
	  ->  Index Scan using sbtest4_pkey on sbtest4  (cost=0.43..48.53 rows=10 width=490)
	        Index Cond: (id = ANY ('{9841825,8387815,6015647,2324219,9434929,4300458,4687573,9721861,1653805,7232570}'::integer[]))

table 5 : explain UPDATE sbtest5 set c=7 WHERE id IN ( 9841825, 8387815, 6015647, 2324219, 9434929, 4300458, 4687573, 9721861, 1653805, 7232570)
	Update on sbtest5  (cost=0.43..48.53 rows=0 width=0)
	  ->  Index Scan using sbtest5_pkey on sbtest5  (cost=0.43..48.53 rows=10 width=490)
	        Index Cond: (id = ANY ('{9841825,8387815,6015647,2324219,9434929,4300458,4687573,9721861,1653805,7232570}'::integer[]))

table 6 : explain UPDATE sbtest6 set c=7 WHERE id IN ( 9841825, 8387815, 6015647, 2324219, 9434929, 4300458, 4687573, 9721861, 1653805, 7232570)
	Update on sbtest6  (cost=0.43..48.53 rows=0 width=0)
	  ->  Index Scan using sbtest6_pkey on sbtest6  (cost=0.43..48.53 rows=10 width=490)
	        Index Cond: (id = ANY ('{9841825,8387815,6015647,2324219,9434929,4300458,4687573,9721861,1653805,7232570}'::integer[]))

table 7 : explain UPDATE sbtest7 set c=7 WHERE id IN ( 9841825, 8387815, 6015647, 2324219, 9434929, 4300458, 4687573, 9721861, 1653805, 7232570)
	Update on sbtest7  (cost=0.43..48.53 rows=0 width=0)
	  ->  Index Scan using sbtest7_pkey on sbtest7  (cost=0.43..48.53 rows=10 width=490)
	        Index Cond: (id = ANY ('{9841825,8387815,6015647,2324219,9434929,4300458,4687573,9721861,1653805,7232570}'::integer[]))

table 8 : explain UPDATE sbtest8 set c=7 WHERE id IN ( 9841825, 8387815, 6015647, 2324219, 9434929, 4300458, 4687573, 9721861, 1653805, 7232570)
	Update on sbtest8  (cost=0.43..48.53 rows=0 width=0)
	  ->  Index Scan using sbtest8_pkey on sbtest8  (cost=0.43..48.53 rows=10 width=490)
	        Index Cond: (id = ANY ('{9841825,8387815,6015647,2324219,9434929,4300458,4687573,9721861,1653805,7232570}'::integer[]))

for update-inlist
table 1 : explain UPDATE sbtest1 set c=7 WHERE id IN ( 5768725, 9425045, 7664997, 9897910, 6262430, 6167356, 321190, 4248400, 5332214, 2343784)
	Update on sbtest1  (cost=0.43..48.53 rows=0 width=0)
	  ->  Index Scan using sbtest1_pkey on sbtest1  (cost=0.43..48.53 rows=10 width=490)
	        Index Cond: (id = ANY ('{5768725,9425045,7664997,9897910,6262430,6167356,321190,4248400,5332214,2343784}'::integer[]))

table 2 : explain UPDATE sbtest2 set c=7 WHERE id IN ( 5768725, 9425045, 7664997, 9897910, 6262430, 6167356, 321190, 4248400, 5332214, 2343784)
	Update on sbtest2  (cost=0.43..48.53 rows=0 width=0)
	  ->  Index Scan using sbtest2_pkey on sbtest2  (cost=0.43..48.53 rows=10 width=490)
	        Index Cond: (id = ANY ('{5768725,9425045,7664997,9897910,6262430,6167356,321190,4248400,5332214,2343784}'::integer[]))

table 3 : explain UPDATE sbtest3 set c=7 WHERE id IN ( 5768725, 9425045, 7664997, 9897910, 6262430, 6167356, 321190, 4248400, 5332214, 2343784)
	Update on sbtest3  (cost=0.43..48.53 rows=0 width=0)
	  ->  Index Scan using sbtest3_pkey on sbtest3  (cost=0.43..48.53 rows=10 width=490)
	        Index Cond: (id = ANY ('{5768725,9425045,7664997,9897910,6262430,6167356,321190,4248400,5332214,2343784}'::integer[]))

table 4 : explain UPDATE sbtest4 set c=7 WHERE id IN ( 5768725, 9425045, 7664997, 9897910, 6262430, 6167356, 321190, 4248400, 5332214, 2343784)
	Update on sbtest4  (cost=0.43..48.53 rows=0 width=0)
	  ->  Index Scan using sbtest4_pkey on sbtest4  (cost=0.43..48.53 rows=10 width=490)
	        Index Cond: (id = ANY ('{5768725,9425045,7664997,9897910,6262430,6167356,321190,4248400,5332214,2343784}'::integer[]))

table 5 : explain UPDATE sbtest5 set c=7 WHERE id IN ( 5768725, 9425045, 7664997, 9897910, 6262430, 6167356, 321190, 4248400, 5332214, 2343784)
	Update on sbtest5  (cost=0.43..48.53 rows=0 width=0)
	  ->  Index Scan using sbtest5_pkey on sbtest5  (cost=0.43..48.53 rows=10 width=490)
	        Index Cond: (id = ANY ('{5768725,9425045,7664997,9897910,6262430,6167356,321190,4248400,5332214,2343784}'::integer[]))

table 6 : explain UPDATE sbtest6 set c=7 WHERE id IN ( 5768725, 9425045, 7664997, 9897910, 6262430, 6167356, 321190, 4248400, 5332214, 2343784)
	Update on sbtest6  (cost=0.43..48.53 rows=0 width=0)
	  ->  Index Scan using sbtest6_pkey on sbtest6  (cost=0.43..48.53 rows=10 width=490)
	        Index Cond: (id = ANY ('{5768725,9425045,7664997,9897910,6262430,6167356,321190,4248400,5332214,2343784}'::integer[]))

table 7 : explain UPDATE sbtest7 set c=7 WHERE id IN ( 5768725, 9425045, 7664997, 9897910, 6262430, 6167356, 321190, 4248400, 5332214, 2343784)
	Update on sbtest7  (cost=0.43..48.53 rows=0 width=0)
	  ->  Index Scan using sbtest7_pkey on sbtest7  (cost=0.43..48.53 rows=10 width=490)
	        Index Cond: (id = ANY ('{5768725,9425045,7664997,9897910,6262430,6167356,321190,4248400,5332214,2343784}'::integer[]))

table 8 : explain UPDATE sbtest8 set c=7 WHERE id IN ( 5768725, 9425045, 7664997, 9897910, 6262430, 6167356, 321190, 4248400, 5332214, 2343784)
	Update on sbtest8  (cost=0.43..48.53 rows=0 width=0)
	  ->  Index Scan using sbtest8_pkey on sbtest8  (cost=0.43..48.53 rows=10 width=490)
	        Index Cond: (id = ANY ('{5768725,9425045,7664997,9897910,6262430,6167356,321190,4248400,5332214,2343784}'::integer[]))

for update-inlist
table 1 : explain UPDATE sbtest1 set c=7 WHERE id IN ( 9844275, 1215378, 9889259, 1225013, 1169274, 3938612, 8165609, 2323815, 2532076, 4816771)
	Update on sbtest1  (cost=0.43..48.53 rows=0 width=0)
	  ->  Index Scan using sbtest1_pkey on sbtest1  (cost=0.43..48.53 rows=10 width=490)
	        Index Cond: (id = ANY ('{9844275,1215378,9889259,1225013,1169274,3938612,8165609,2323815,2532076,4816771}'::integer[]))

table 2 : explain UPDATE sbtest2 set c=7 WHERE id IN ( 9844275, 1215378, 9889259, 1225013, 1169274, 3938612, 8165609, 2323815, 2532076, 4816771)
	Update on sbtest2  (cost=0.43..48.53 rows=0 width=0)
	  ->  Index Scan using sbtest2_pkey on sbtest2  (cost=0.43..48.53 rows=10 width=490)
	        Index Cond: (id = ANY ('{9844275,1215378,9889259,1225013,1169274,3938612,8165609,2323815,2532076,4816771}'::integer[]))

table 3 : explain UPDATE sbtest3 set c=7 WHERE id IN ( 9844275, 1215378, 9889259, 1225013, 1169274, 3938612, 8165609, 2323815, 2532076, 4816771)
	Update on sbtest3  (cost=0.43..48.53 rows=0 width=0)
	  ->  Index Scan using sbtest3_pkey on sbtest3  (cost=0.43..48.53 rows=10 width=490)
	        Index Cond: (id = ANY ('{9844275,1215378,9889259,1225013,1169274,3938612,8165609,2323815,2532076,4816771}'::integer[]))

table 4 : explain UPDATE sbtest4 set c=7 WHERE id IN ( 9844275, 1215378, 9889259, 1225013, 1169274, 3938612, 8165609, 2323815, 2532076, 4816771)
	Update on sbtest4  (cost=0.43..48.53 rows=0 width=0)
	  ->  Index Scan using sbtest4_pkey on sbtest4  (cost=0.43..48.53 rows=10 width=490)
	        Index Cond: (id = ANY ('{9844275,1215378,9889259,1225013,1169274,3938612,8165609,2323815,2532076,4816771}'::integer[]))

table 5 : explain UPDATE sbtest5 set c=7 WHERE id IN ( 9844275, 1215378, 9889259, 1225013, 1169274, 3938612, 8165609, 2323815, 2532076, 4816771)
	Update on sbtest5  (cost=0.43..48.53 rows=0 width=0)
	  ->  Index Scan using sbtest5_pkey on sbtest5  (cost=0.43..48.53 rows=10 width=490)
	        Index Cond: (id = ANY ('{9844275,1215378,9889259,1225013,1169274,3938612,8165609,2323815,2532076,4816771}'::integer[]))

table 6 : explain UPDATE sbtest6 set c=7 WHERE id IN ( 9844275, 1215378, 9889259, 1225013, 1169274, 3938612, 8165609, 2323815, 2532076, 4816771)
	Update on sbtest6  (cost=0.43..48.53 rows=0 width=0)
	  ->  Index Scan using sbtest6_pkey on sbtest6  (cost=0.43..48.53 rows=10 width=490)
	        Index Cond: (id = ANY ('{9844275,1215378,9889259,1225013,1169274,3938612,8165609,2323815,2532076,4816771}'::integer[]))

table 7 : explain UPDATE sbtest7 set c=7 WHERE id IN ( 9844275, 1215378, 9889259, 1225013, 1169274, 3938612, 8165609, 2323815, 2532076, 4816771)
	Update on sbtest7  (cost=0.43..48.53 rows=0 width=0)
	  ->  Index Scan using sbtest7_pkey on sbtest7  (cost=0.43..48.53 rows=10 width=490)
	        Index Cond: (id = ANY ('{9844275,1215378,9889259,1225013,1169274,3938612,8165609,2323815,2532076,4816771}'::integer[]))

table 8 : explain UPDATE sbtest8 set c=7 WHERE id IN ( 9844275, 1215378, 9889259, 1225013, 1169274, 3938612, 8165609, 2323815, 2532076, 4816771)
	Update on sbtest8  (cost=0.43..48.53 rows=0 width=0)
	  ->  Index Scan using sbtest8_pkey on sbtest8  (cost=0.43..48.53 rows=10 width=490)
	        Index Cond: (id = ANY ('{9844275,1215378,9889259,1225013,1169274,3938612,8165609,2323815,2532076,4816771}'::integer[]))

explain: for update-inlist :: explain UPDATE sbtest%d set c=7 WHERE id IN ( 3576710, 4555700, 7921624, 449869, 5153596, 4506146, 4871692, 6205102, 3381569, 6862742)
for update-inlist
table 1 : explain UPDATE sbtest1 set c=7 WHERE id IN ( 7634354, 2424131, 4757020, 1389574, 888144, 2739950, 3356257, 1494338, 3119952, 3797787)
	Update on sbtest1  (cost=0.43..48.53 rows=0 width=0)
	  ->  Index Scan using sbtest1_pkey on sbtest1  (cost=0.43..48.53 rows=10 width=490)
	        Index Cond: (id = ANY ('{7634354,2424131,4757020,1389574,888144,2739950,3356257,1494338,3119952,3797787}'::integer[]))

table 2 : explain UPDATE sbtest2 set c=7 WHERE id IN ( 7634354, 2424131, 4757020, 1389574, 888144, 2739950, 3356257, 1494338, 3119952, 3797787)
	Update on sbtest2  (cost=0.43..48.53 rows=0 width=0)
	  ->  Index Scan using sbtest2_pkey on sbtest2  (cost=0.43..48.53 rows=10 width=490)
	        Index Cond: (id = ANY ('{7634354,2424131,4757020,1389574,888144,2739950,3356257,1494338,3119952,3797787}'::integer[]))

table 3 : explain UPDATE sbtest3 set c=7 WHERE id IN ( 7634354, 2424131, 4757020, 1389574, 888144, 2739950, 3356257, 1494338, 3119952, 3797787)
	Update on sbtest3  (cost=0.43..48.53 rows=0 width=0)
	  ->  Index Scan using sbtest3_pkey on sbtest3  (cost=0.43..48.53 rows=10 width=490)
	        Index Cond: (id = ANY ('{7634354,2424131,4757020,1389574,888144,2739950,3356257,1494338,3119952,3797787}'::integer[]))

table 4 : explain UPDATE sbtest4 set c=7 WHERE id IN ( 7634354, 2424131, 4757020, 1389574, 888144, 2739950, 3356257, 1494338, 3119952, 3797787)
	Update on sbtest4  (cost=0.43..48.53 rows=0 width=0)
	  ->  Index Scan using sbtest4_pkey on sbtest4  (cost=0.43..48.53 rows=10 width=490)
	        Index Cond: (id = ANY ('{7634354,2424131,4757020,1389574,888144,2739950,3356257,1494338,3119952,3797787}'::integer[]))

table 5 : explain UPDATE sbtest5 set c=7 WHERE id IN ( 7634354, 2424131, 4757020, 1389574, 888144, 2739950, 3356257, 1494338, 3119952, 3797787)
	Update on sbtest5  (cost=0.43..48.53 rows=0 width=0)
	  ->  Index Scan using sbtest5_pkey on sbtest5  (cost=0.43..48.53 rows=10 width=490)
	        Index Cond: (id = ANY ('{7634354,2424131,4757020,1389574,888144,2739950,3356257,1494338,3119952,3797787}'::integer[]))

table 6 : explain UPDATE sbtest6 set c=7 WHERE id IN ( 7634354, 2424131, 4757020, 1389574, 888144, 2739950, 3356257, 1494338, 3119952, 3797787)
	Update on sbtest6  (cost=0.43..48.53 rows=0 width=0)
	  ->  Index Scan using sbtest6_pkey on sbtest6  (cost=0.43..48.53 rows=10 width=490)
	        Index Cond: (id = ANY ('{7634354,2424131,4757020,1389574,888144,2739950,3356257,1494338,3119952,3797787}'::integer[]))

table 7 : explain UPDATE sbtest7 set c=7 WHERE id IN ( 7634354, 2424131, 4757020, 1389574, 888144, 2739950, 3356257, 1494338, 3119952, 3797787)
	Update on sbtest7  (cost=0.43..48.53 rows=0 width=0)
	  ->  Index Scan using sbtest7_pkey on sbtest7  (cost=0.43..48.53 rows=10 width=490)
	        Index Cond: (id = ANY ('{7634354,2424131,4757020,1389574,888144,2739950,3356257,1494338,3119952,3797787}'::integer[]))

table 8 : explain UPDATE sbtest8 set c=7 WHERE id IN ( 7634354, 2424131, 4757020, 1389574, 888144, 2739950, 3356257, 1494338, 3119952, 3797787)
	Update on sbtest8  (cost=0.43..48.53 rows=0 width=0)
	  ->  Index Scan using sbtest8_pkey on sbtest8  (cost=0.43..48.53 rows=10 width=490)
	        Index Cond: (id = ANY ('{7634354,2424131,4757020,1389574,888144,2739950,3356257,1494338,3119952,3797787}'::integer[]))

explain: for update-inlist :: explain UPDATE sbtest%d set c=7 WHERE id IN ( 6361726, 7648427, 3118303, 8492443, 6733388, 2429676, 264490, 7732497, 6362783, 228936)
explain: for update-inlist :: explain UPDATE sbtest%d set c=7 WHERE id IN ( 4434529, 2627686, 5821513, 1683498, 8485094, 4799059, 3451763, 4537135, 5548163, 6912287)
explain: for update-inlist :: explain UPDATE sbtest%d set c=7 WHERE id IN ( 8210235, 8335915, 340507, 9166011, 2686107, 6551321, 8106604, 4120107, 3431654, 8418552)
explain: for update-inlist :: explain UPDATE sbtest%d set c=7 WHERE id IN ( 8957604, 8031494, 5357476, 52658, 1447106, 6783767, 150731, 1835314, 9917067, 3714536)
for update-inlist
table 1 : explain UPDATE sbtest1 set c=7 WHERE id IN ( 3576710, 4555700, 7921624, 449869, 5153596, 4506146, 4871692, 6205102, 3381569, 6862742)
	Update on sbtest1  (cost=0.43..48.53 rows=0 width=0)
	  ->  Index Scan using sbtest1_pkey on sbtest1  (cost=0.43..48.53 rows=10 width=490)
	        Index Cond: (id = ANY ('{3576710,4555700,7921624,449869,5153596,4506146,4871692,6205102,3381569,6862742}'::integer[]))

table 2 : explain UPDATE sbtest2 set c=7 WHERE id IN ( 3576710, 4555700, 7921624, 449869, 5153596, 4506146, 4871692, 6205102, 3381569, 6862742)
	Update on sbtest2  (cost=0.43..48.53 rows=0 width=0)
	  ->  Index Scan using sbtest2_pkey on sbtest2  (cost=0.43..48.53 rows=10 width=490)
	        Index Cond: (id = ANY ('{3576710,4555700,7921624,449869,5153596,4506146,4871692,6205102,3381569,6862742}'::integer[]))

table 3 : explain UPDATE sbtest3 set c=7 WHERE id IN ( 3576710, 4555700, 7921624, 449869, 5153596, 4506146, 4871692, 6205102, 3381569, 6862742)
	Update on sbtest3  (cost=0.43..48.53 rows=0 width=0)
	  ->  Index Scan using sbtest3_pkey on sbtest3  (cost=0.43..48.53 rows=10 width=490)
	        Index Cond: (id = ANY ('{3576710,4555700,7921624,449869,5153596,4506146,4871692,6205102,3381569,6862742}'::integer[]))

table 4 : explain UPDATE sbtest4 set c=7 WHERE id IN ( 3576710, 4555700, 7921624, 449869, 5153596, 4506146, 4871692, 6205102, 3381569, 6862742)
	Update on sbtest4  (cost=0.43..48.53 rows=0 width=0)
	  ->  Index Scan using sbtest4_pkey on sbtest4  (cost=0.43..48.53 rows=10 width=490)
	        Index Cond: (id = ANY ('{3576710,4555700,7921624,449869,5153596,4506146,4871692,6205102,3381569,6862742}'::integer[]))

table 5 : explain UPDATE sbtest5 set c=7 WHERE id IN ( 3576710, 4555700, 7921624, 449869, 5153596, 4506146, 4871692, 6205102, 3381569, 6862742)
	Update on sbtest5  (cost=0.43..48.53 rows=0 width=0)
	  ->  Index Scan using sbtest5_pkey on sbtest5  (cost=0.43..48.53 rows=10 width=490)
	        Index Cond: (id = ANY ('{3576710,4555700,7921624,449869,5153596,4506146,4871692,6205102,3381569,6862742}'::integer[]))

table 6 : explain UPDATE sbtest6 set c=7 WHERE id IN ( 3576710, 4555700, 7921624, 449869, 5153596, 4506146, 4871692, 6205102, 3381569, 6862742)
	Update on sbtest6  (cost=0.43..48.53 rows=0 width=0)
	  ->  Index Scan using sbtest6_pkey on sbtest6  (cost=0.43..48.53 rows=10 width=490)
	        Index Cond: (id = ANY ('{3576710,4555700,7921624,449869,5153596,4506146,4871692,6205102,3381569,6862742}'::integer[]))

table 7 : explain UPDATE sbtest7 set c=7 WHERE id IN ( 3576710, 4555700, 7921624, 449869, 5153596, 4506146, 4871692, 6205102, 3381569, 6862742)
	Update on sbtest7  (cost=0.43..48.53 rows=0 width=0)
	  ->  Index Scan using sbtest7_pkey on sbtest7  (cost=0.43..48.53 rows=10 width=490)
	        Index Cond: (id = ANY ('{3576710,4555700,7921624,449869,5153596,4506146,4871692,6205102,3381569,6862742}'::integer[]))

table 8 : explain UPDATE sbtest8 set c=7 WHERE id IN ( 3576710, 4555700, 7921624, 449869, 5153596, 4506146, 4871692, 6205102, 3381569, 6862742)
	Update on sbtest8  (cost=0.43..48.53 rows=0 width=0)
	  ->  Index Scan using sbtest8_pkey on sbtest8  (cost=0.43..48.53 rows=10 width=490)
	        Index Cond: (id = ANY ('{3576710,4555700,7921624,449869,5153596,4506146,4871692,6205102,3381569,6862742}'::integer[]))

for update-inlist
table 1 : explain UPDATE sbtest1 set c=7 WHERE id IN ( 6361726, 7648427, 3118303, 8492443, 6733388, 2429676, 264490, 7732497, 6362783, 228936)
	Update on sbtest1  (cost=0.43..48.53 rows=0 width=0)
	  ->  Index Scan using sbtest1_pkey on sbtest1  (cost=0.43..48.53 rows=10 width=490)
	        Index Cond: (id = ANY ('{6361726,7648427,3118303,8492443,6733388,2429676,264490,7732497,6362783,228936}'::integer[]))

table 2 : explain UPDATE sbtest2 set c=7 WHERE id IN ( 6361726, 7648427, 3118303, 8492443, 6733388, 2429676, 264490, 7732497, 6362783, 228936)
	Update on sbtest2  (cost=0.43..48.53 rows=0 width=0)
	  ->  Index Scan using sbtest2_pkey on sbtest2  (cost=0.43..48.53 rows=10 width=490)
	        Index Cond: (id = ANY ('{6361726,7648427,3118303,8492443,6733388,2429676,264490,7732497,6362783,228936}'::integer[]))

table 3 : explain UPDATE sbtest3 set c=7 WHERE id IN ( 6361726, 7648427, 3118303, 8492443, 6733388, 2429676, 264490, 7732497, 6362783, 228936)
	Update on sbtest3  (cost=0.43..48.53 rows=0 width=0)
	  ->  Index Scan using sbtest3_pkey on sbtest3  (cost=0.43..48.53 rows=10 width=490)
	        Index Cond: (id = ANY ('{6361726,7648427,3118303,8492443,6733388,2429676,264490,7732497,6362783,228936}'::integer[]))

table 4 : explain UPDATE sbtest4 set c=7 WHERE id IN ( 6361726, 7648427, 3118303, 8492443, 6733388, 2429676, 264490, 7732497, 6362783, 228936)
	Update on sbtest4  (cost=0.43..48.53 rows=0 width=0)
	  ->  Index Scan using sbtest4_pkey on sbtest4  (cost=0.43..48.53 rows=10 width=490)
	        Index Cond: (id = ANY ('{6361726,7648427,3118303,8492443,6733388,2429676,264490,7732497,6362783,228936}'::integer[]))

table 5 : explain UPDATE sbtest5 set c=7 WHERE id IN ( 6361726, 7648427, 3118303, 8492443, 6733388, 2429676, 264490, 7732497, 6362783, 228936)
	Update on sbtest5  (cost=0.43..48.53 rows=0 width=0)
	  ->  Index Scan using sbtest5_pkey on sbtest5  (cost=0.43..48.53 rows=10 width=490)
	        Index Cond: (id = ANY ('{6361726,7648427,3118303,8492443,6733388,2429676,264490,7732497,6362783,228936}'::integer[]))

table 6 : explain UPDATE sbtest6 set c=7 WHERE id IN ( 6361726, 7648427, 3118303, 8492443, 6733388, 2429676, 264490, 7732497, 6362783, 228936)
	Update on sbtest6  (cost=0.43..48.53 rows=0 width=0)
	  ->  Index Scan using sbtest6_pkey on sbtest6  (cost=0.43..48.53 rows=10 width=490)
	        Index Cond: (id = ANY ('{6361726,7648427,3118303,8492443,6733388,2429676,264490,7732497,6362783,228936}'::integer[]))

table 7 : explain UPDATE sbtest7 set c=7 WHERE id IN ( 6361726, 7648427, 3118303, 8492443, 6733388, 2429676, 264490, 7732497, 6362783, 228936)
	Update on sbtest7  (cost=0.43..48.53 rows=0 width=0)
	  ->  Index Scan using sbtest7_pkey on sbtest7  (cost=0.43..48.53 rows=10 width=490)
	        Index Cond: (id = ANY ('{6361726,7648427,3118303,8492443,6733388,2429676,264490,7732497,6362783,228936}'::integer[]))

table 8 : explain UPDATE sbtest8 set c=7 WHERE id IN ( 6361726, 7648427, 3118303, 8492443, 6733388, 2429676, 264490, 7732497, 6362783, 228936)
	Update on sbtest8  (cost=0.43..48.53 rows=0 width=0)
	  ->  Index Scan using sbtest8_pkey on sbtest8  (cost=0.43..48.53 rows=10 width=490)
	        Index Cond: (id = ANY ('{6361726,7648427,3118303,8492443,6733388,2429676,264490,7732497,6362783,228936}'::integer[]))

for update-inlist
table 1 : explain UPDATE sbtest1 set c=7 WHERE id IN ( 4434529, 2627686, 5821513, 1683498, 8485094, 4799059, 3451763, 4537135, 5548163, 6912287)
	Update on sbtest1  (cost=0.43..48.53 rows=0 width=0)
	  ->  Index Scan using sbtest1_pkey on sbtest1  (cost=0.43..48.53 rows=10 width=490)
	        Index Cond: (id = ANY ('{4434529,2627686,5821513,1683498,8485094,4799059,3451763,4537135,5548163,6912287}'::integer[]))

table 2 : explain UPDATE sbtest2 set c=7 WHERE id IN ( 4434529, 2627686, 5821513, 1683498, 8485094, 4799059, 3451763, 4537135, 5548163, 6912287)
	Update on sbtest2  (cost=0.43..48.53 rows=0 width=0)
	  ->  Index Scan using sbtest2_pkey on sbtest2  (cost=0.43..48.53 rows=10 width=490)
	        Index Cond: (id = ANY ('{4434529,2627686,5821513,1683498,8485094,4799059,3451763,4537135,5548163,6912287}'::integer[]))

table 3 : explain UPDATE sbtest3 set c=7 WHERE id IN ( 4434529, 2627686, 5821513, 1683498, 8485094, 4799059, 3451763, 4537135, 5548163, 6912287)
	Update on sbtest3  (cost=0.43..48.53 rows=0 width=0)
	  ->  Index Scan using sbtest3_pkey on sbtest3  (cost=0.43..48.53 rows=10 width=490)
	        Index Cond: (id = ANY ('{4434529,2627686,5821513,1683498,8485094,4799059,3451763,4537135,5548163,6912287}'::integer[]))

table 4 : explain UPDATE sbtest4 set c=7 WHERE id IN ( 4434529, 2627686, 5821513, 1683498, 8485094, 4799059, 3451763, 4537135, 5548163, 6912287)
	Update on sbtest4  (cost=0.43..48.53 rows=0 width=0)
	  ->  Index Scan using sbtest4_pkey on sbtest4  (cost=0.43..48.53 rows=10 width=490)
	        Index Cond: (id = ANY ('{4434529,2627686,5821513,1683498,8485094,4799059,3451763,4537135,5548163,6912287}'::integer[]))

table 5 : explain UPDATE sbtest5 set c=7 WHERE id IN ( 4434529, 2627686, 5821513, 1683498, 8485094, 4799059, 3451763, 4537135, 5548163, 6912287)
	Update on sbtest5  (cost=0.43..48.53 rows=0 width=0)
	  ->  Index Scan using sbtest5_pkey on sbtest5  (cost=0.43..48.53 rows=10 width=490)
	        Index Cond: (id = ANY ('{4434529,2627686,5821513,1683498,8485094,4799059,3451763,4537135,5548163,6912287}'::integer[]))

table 6 : explain UPDATE sbtest6 set c=7 WHERE id IN ( 4434529, 2627686, 5821513, 1683498, 8485094, 4799059, 3451763, 4537135, 5548163, 6912287)
	Update on sbtest6  (cost=0.43..48.53 rows=0 width=0)
	  ->  Index Scan using sbtest6_pkey on sbtest6  (cost=0.43..48.53 rows=10 width=490)
	        Index Cond: (id = ANY ('{4434529,2627686,5821513,1683498,8485094,4799059,3451763,4537135,5548163,6912287}'::integer[]))

table 7 : explain UPDATE sbtest7 set c=7 WHERE id IN ( 4434529, 2627686, 5821513, 1683498, 8485094, 4799059, 3451763, 4537135, 5548163, 6912287)
	Update on sbtest7  (cost=0.43..48.53 rows=0 width=0)
	  ->  Index Scan using sbtest7_pkey on sbtest7  (cost=0.43..48.53 rows=10 width=490)
	        Index Cond: (id = ANY ('{4434529,2627686,5821513,1683498,8485094,4799059,3451763,4537135,5548163,6912287}'::integer[]))

table 8 : explain UPDATE sbtest8 set c=7 WHERE id IN ( 4434529, 2627686, 5821513, 1683498, 8485094, 4799059, 3451763, 4537135, 5548163, 6912287)
	Update on sbtest8  (cost=0.43..48.53 rows=0 width=0)
	  ->  Index Scan using sbtest8_pkey on sbtest8  (cost=0.43..48.53 rows=10 width=490)
	        Index Cond: (id = ANY ('{4434529,2627686,5821513,1683498,8485094,4799059,3451763,4537135,5548163,6912287}'::integer[]))

for update-inlist
table 1 : explain UPDATE sbtest1 set c=7 WHERE id IN ( 8210235, 8335915, 340507, 9166011, 2686107, 6551321, 8106604, 4120107, 3431654, 8418552)
	Update on sbtest1  (cost=0.43..48.53 rows=0 width=0)
	  ->  Index Scan using sbtest1_pkey on sbtest1  (cost=0.43..48.53 rows=10 width=490)
	        Index Cond: (id = ANY ('{8210235,8335915,340507,9166011,2686107,6551321,8106604,4120107,3431654,8418552}'::integer[]))

table 2 : explain UPDATE sbtest2 set c=7 WHERE id IN ( 8210235, 8335915, 340507, 9166011, 2686107, 6551321, 8106604, 4120107, 3431654, 8418552)
	Update on sbtest2  (cost=0.43..48.53 rows=0 width=0)
	  ->  Index Scan using sbtest2_pkey on sbtest2  (cost=0.43..48.53 rows=10 width=490)
	        Index Cond: (id = ANY ('{8210235,8335915,340507,9166011,2686107,6551321,8106604,4120107,3431654,8418552}'::integer[]))

table 3 : explain UPDATE sbtest3 set c=7 WHERE id IN ( 8210235, 8335915, 340507, 9166011, 2686107, 6551321, 8106604, 4120107, 3431654, 8418552)
	Update on sbtest3  (cost=0.43..48.53 rows=0 width=0)
	  ->  Index Scan using sbtest3_pkey on sbtest3  (cost=0.43..48.53 rows=10 width=490)
	        Index Cond: (id = ANY ('{8210235,8335915,340507,9166011,2686107,6551321,8106604,4120107,3431654,8418552}'::integer[]))

table 4 : explain UPDATE sbtest4 set c=7 WHERE id IN ( 8210235, 8335915, 340507, 9166011, 2686107, 6551321, 8106604, 4120107, 3431654, 8418552)
	Update on sbtest4  (cost=0.43..48.53 rows=0 width=0)
	  ->  Index Scan using sbtest4_pkey on sbtest4  (cost=0.43..48.53 rows=10 width=490)
	        Index Cond: (id = ANY ('{8210235,8335915,340507,9166011,2686107,6551321,8106604,4120107,3431654,8418552}'::integer[]))

table 5 : explain UPDATE sbtest5 set c=7 WHERE id IN ( 8210235, 8335915, 340507, 9166011, 2686107, 6551321, 8106604, 4120107, 3431654, 8418552)
	Update on sbtest5  (cost=0.43..48.53 rows=0 width=0)
	  ->  Index Scan using sbtest5_pkey on sbtest5  (cost=0.43..48.53 rows=10 width=490)
	        Index Cond: (id = ANY ('{8210235,8335915,340507,9166011,2686107,6551321,8106604,4120107,3431654,8418552}'::integer[]))

table 6 : explain UPDATE sbtest6 set c=7 WHERE id IN ( 8210235, 8335915, 340507, 9166011, 2686107, 6551321, 8106604, 4120107, 3431654, 8418552)
	Update on sbtest6  (cost=0.43..48.53 rows=0 width=0)
	  ->  Index Scan using sbtest6_pkey on sbtest6  (cost=0.43..48.53 rows=10 width=490)
	        Index Cond: (id = ANY ('{8210235,8335915,340507,9166011,2686107,6551321,8106604,4120107,3431654,8418552}'::integer[]))

table 7 : explain UPDATE sbtest7 set c=7 WHERE id IN ( 8210235, 8335915, 340507, 9166011, 2686107, 6551321, 8106604, 4120107, 3431654, 8418552)
	Update on sbtest7  (cost=0.43..48.53 rows=0 width=0)
	  ->  Index Scan using sbtest7_pkey on sbtest7  (cost=0.43..48.53 rows=10 width=490)
	        Index Cond: (id = ANY ('{8210235,8335915,340507,9166011,2686107,6551321,8106604,4120107,3431654,8418552}'::integer[]))

table 8 : explain UPDATE sbtest8 set c=7 WHERE id IN ( 8210235, 8335915, 340507, 9166011, 2686107, 6551321, 8106604, 4120107, 3431654, 8418552)
	Update on sbtest8  (cost=0.43..48.53 rows=0 width=0)
	  ->  Index Scan using sbtest8_pkey on sbtest8  (cost=0.43..48.53 rows=10 width=490)
	        Index Cond: (id = ANY ('{8210235,8335915,340507,9166011,2686107,6551321,8106604,4120107,3431654,8418552}'::integer[]))

for update-inlist
table 1 : explain UPDATE sbtest1 set c=7 WHERE id IN ( 8957604, 8031494, 5357476, 52658, 1447106, 6783767, 150731, 1835314, 9917067, 3714536)
	Update on sbtest1  (cost=0.43..48.53 rows=0 width=0)
	  ->  Index Scan using sbtest1_pkey on sbtest1  (cost=0.43..48.53 rows=10 width=490)
	        Index Cond: (id = ANY ('{8957604,8031494,5357476,52658,1447106,6783767,150731,1835314,9917067,3714536}'::integer[]))

table 2 : explain UPDATE sbtest2 set c=7 WHERE id IN ( 8957604, 8031494, 5357476, 52658, 1447106, 6783767, 150731, 1835314, 9917067, 3714536)
	Update on sbtest2  (cost=0.43..48.53 rows=0 width=0)
	  ->  Index Scan using sbtest2_pkey on sbtest2  (cost=0.43..48.53 rows=10 width=490)
	        Index Cond: (id = ANY ('{8957604,8031494,5357476,52658,1447106,6783767,150731,1835314,9917067,3714536}'::integer[]))

table 3 : explain UPDATE sbtest3 set c=7 WHERE id IN ( 8957604, 8031494, 5357476, 52658, 1447106, 6783767, 150731, 1835314, 9917067, 3714536)
	Update on sbtest3  (cost=0.43..48.53 rows=0 width=0)
	  ->  Index Scan using sbtest3_pkey on sbtest3  (cost=0.43..48.53 rows=10 width=490)
	        Index Cond: (id = ANY ('{8957604,8031494,5357476,52658,1447106,6783767,150731,1835314,9917067,3714536}'::integer[]))

table 4 : explain UPDATE sbtest4 set c=7 WHERE id IN ( 8957604, 8031494, 5357476, 52658, 1447106, 6783767, 150731, 1835314, 9917067, 3714536)
	Update on sbtest4  (cost=0.43..48.53 rows=0 width=0)
	  ->  Index Scan using sbtest4_pkey on sbtest4  (cost=0.43..48.53 rows=10 width=490)
	        Index Cond: (id = ANY ('{8957604,8031494,5357476,52658,1447106,6783767,150731,1835314,9917067,3714536}'::integer[]))

table 5 : explain UPDATE sbtest5 set c=7 WHERE id IN ( 8957604, 8031494, 5357476, 52658, 1447106, 6783767, 150731, 1835314, 9917067, 3714536)
	Update on sbtest5  (cost=0.43..48.53 rows=0 width=0)
	  ->  Index Scan using sbtest5_pkey on sbtest5  (cost=0.43..48.53 rows=10 width=490)
	        Index Cond: (id = ANY ('{8957604,8031494,5357476,52658,1447106,6783767,150731,1835314,9917067,3714536}'::integer[]))

table 6 : explain UPDATE sbtest6 set c=7 WHERE id IN ( 8957604, 8031494, 5357476, 52658, 1447106, 6783767, 150731, 1835314, 9917067, 3714536)
	Update on sbtest6  (cost=0.43..48.53 rows=0 width=0)
	  ->  Index Scan using sbtest6_pkey on sbtest6  (cost=0.43..48.53 rows=10 width=490)
	        Index Cond: (id = ANY ('{8957604,8031494,5357476,52658,1447106,6783767,150731,1835314,9917067,3714536}'::integer[]))

table 7 : explain UPDATE sbtest7 set c=7 WHERE id IN ( 8957604, 8031494, 5357476, 52658, 1447106, 6783767, 150731, 1835314, 9917067, 3714536)
	Update on sbtest7  (cost=0.43..48.53 rows=0 width=0)
	  ->  Index Scan using sbtest7_pkey on sbtest7  (cost=0.43..48.53 rows=10 width=490)
	        Index Cond: (id = ANY ('{8957604,8031494,5357476,52658,1447106,6783767,150731,1835314,9917067,3714536}'::integer[]))

table 8 : explain UPDATE sbtest8 set c=7 WHERE id IN ( 8957604, 8031494, 5357476, 52658, 1447106, 6783767, 150731, 1835314, 9917067, 3714536)
	Update on sbtest8  (cost=0.43..48.53 rows=0 width=0)
	  ->  Index Scan using sbtest8_pkey on sbtest8  (cost=0.43..48.53 rows=10 width=490)
	        Index Cond: (id = ANY ('{8957604,8031494,5357476,52658,1447106,6783767,150731,1835314,9917067,3714536}'::integer[]))

explain: for update-inlist :: explain UPDATE sbtest%d set c=7 WHERE id IN ( 895728, 6423738, 4365320, 2819326, 6056143, 810184, 5444968, 2493503, 5124200, 9692442)
for update-inlist
table 1 : explain UPDATE sbtest1 set c=7 WHERE id IN ( 895728, 6423738, 4365320, 2819326, 6056143, 810184, 5444968, 2493503, 5124200, 9692442)
	Update on sbtest1  (cost=0.43..48.53 rows=0 width=0)
	  ->  Index Scan using sbtest1_pkey on sbtest1  (cost=0.43..48.53 rows=10 width=490)
	        Index Cond: (id = ANY ('{895728,6423738,4365320,2819326,6056143,810184,5444968,2493503,5124200,9692442}'::integer[]))

table 2 : explain UPDATE sbtest2 set c=7 WHERE id IN ( 895728, 6423738, 4365320, 2819326, 6056143, 810184, 5444968, 2493503, 5124200, 9692442)
	Update on sbtest2  (cost=0.43..48.53 rows=0 width=0)
	  ->  Index Scan using sbtest2_pkey on sbtest2  (cost=0.43..48.53 rows=10 width=490)
	        Index Cond: (id = ANY ('{895728,6423738,4365320,2819326,6056143,810184,5444968,2493503,5124200,9692442}'::integer[]))

table 3 : explain UPDATE sbtest3 set c=7 WHERE id IN ( 895728, 6423738, 4365320, 2819326, 6056143, 810184, 5444968, 2493503, 5124200, 9692442)
	Update on sbtest3  (cost=0.43..48.53 rows=0 width=0)
	  ->  Index Scan using sbtest3_pkey on sbtest3  (cost=0.43..48.53 rows=10 width=490)
	        Index Cond: (id = ANY ('{895728,6423738,4365320,2819326,6056143,810184,5444968,2493503,5124200,9692442}'::integer[]))

table 4 : explain UPDATE sbtest4 set c=7 WHERE id IN ( 895728, 6423738, 4365320, 2819326, 6056143, 810184, 5444968, 2493503, 5124200, 9692442)
	Update on sbtest4  (cost=0.43..48.53 rows=0 width=0)
	  ->  Index Scan using sbtest4_pkey on sbtest4  (cost=0.43..48.53 rows=10 width=490)
	        Index Cond: (id = ANY ('{895728,6423738,4365320,2819326,6056143,810184,5444968,2493503,5124200,9692442}'::integer[]))

table 5 : explain UPDATE sbtest5 set c=7 WHERE id IN ( 895728, 6423738, 4365320, 2819326, 6056143, 810184, 5444968, 2493503, 5124200, 9692442)
	Update on sbtest5  (cost=0.43..48.53 rows=0 width=0)
	  ->  Index Scan using sbtest5_pkey on sbtest5  (cost=0.43..48.53 rows=10 width=490)
	        Index Cond: (id = ANY ('{895728,6423738,4365320,2819326,6056143,810184,5444968,2493503,5124200,9692442}'::integer[]))

table 6 : explain UPDATE sbtest6 set c=7 WHERE id IN ( 895728, 6423738, 4365320, 2819326, 6056143, 810184, 5444968, 2493503, 5124200, 9692442)
	Update on sbtest6  (cost=0.43..48.53 rows=0 width=0)
	  ->  Index Scan using sbtest6_pkey on sbtest6  (cost=0.43..48.53 rows=10 width=490)
	        Index Cond: (id = ANY ('{895728,6423738,4365320,2819326,6056143,810184,5444968,2493503,5124200,9692442}'::integer[]))

table 7 : explain UPDATE sbtest7 set c=7 WHERE id IN ( 895728, 6423738, 4365320, 2819326, 6056143, 810184, 5444968, 2493503, 5124200, 9692442)
	Update on sbtest7  (cost=0.43..48.53 rows=0 width=0)
	  ->  Index Scan using sbtest7_pkey on sbtest7  (cost=0.43..48.53 rows=10 width=490)
	        Index Cond: (id = ANY ('{895728,6423738,4365320,2819326,6056143,810184,5444968,2493503,5124200,9692442}'::integer[]))

table 8 : explain UPDATE sbtest8 set c=7 WHERE id IN ( 895728, 6423738, 4365320, 2819326, 6056143, 810184, 5444968, 2493503, 5124200, 9692442)
	Update on sbtest8  (cost=0.43..48.53 rows=0 width=0)
	  ->  Index Scan using sbtest8_pkey on sbtest8  (cost=0.43..48.53 rows=10 width=490)
	        Index Cond: (id = ANY ('{895728,6423738,4365320,2819326,6056143,810184,5444968,2493503,5124200,9692442}'::integer[]))

explain: for update-inlist :: explain UPDATE sbtest%d set c=7 WHERE id IN ( 7721994, 5737880, 5377796, 8105481, 9611157, 1970932, 1936897, 9493931, 8564670, 8456735)
for update-inlist
table 1 : explain UPDATE sbtest1 set c=7 WHERE id IN ( 7721994, 5737880, 5377796, 8105481, 9611157, 1970932, 1936897, 9493931, 8564670, 8456735)
	Update on sbtest1  (cost=0.43..48.53 rows=0 width=0)
	  ->  Index Scan using sbtest1_pkey on sbtest1  (cost=0.43..48.53 rows=10 width=490)
	        Index Cond: (id = ANY ('{7721994,5737880,5377796,8105481,9611157,1970932,1936897,9493931,8564670,8456735}'::integer[]))

table 2 : explain UPDATE sbtest2 set c=7 WHERE id IN ( 7721994, 5737880, 5377796, 8105481, 9611157, 1970932, 1936897, 9493931, 8564670, 8456735)
	Update on sbtest2  (cost=0.43..48.53 rows=0 width=0)
	  ->  Index Scan using sbtest2_pkey on sbtest2  (cost=0.43..48.53 rows=10 width=490)
	        Index Cond: (id = ANY ('{7721994,5737880,5377796,8105481,9611157,1970932,1936897,9493931,8564670,8456735}'::integer[]))

table 3 : explain UPDATE sbtest3 set c=7 WHERE id IN ( 7721994, 5737880, 5377796, 8105481, 9611157, 1970932, 1936897, 9493931, 8564670, 8456735)
	Update on sbtest3  (cost=0.43..48.53 rows=0 width=0)
	  ->  Index Scan using sbtest3_pkey on sbtest3  (cost=0.43..48.53 rows=10 width=490)
	        Index Cond: (id = ANY ('{7721994,5737880,5377796,8105481,9611157,1970932,1936897,9493931,8564670,8456735}'::integer[]))

table 4 : explain UPDATE sbtest4 set c=7 WHERE id IN ( 7721994, 5737880, 5377796, 8105481, 9611157, 1970932, 1936897, 9493931, 8564670, 8456735)
	Update on sbtest4  (cost=0.43..48.53 rows=0 width=0)
	  ->  Index Scan using sbtest4_pkey on sbtest4  (cost=0.43..48.53 rows=10 width=490)
	        Index Cond: (id = ANY ('{7721994,5737880,5377796,8105481,9611157,1970932,1936897,9493931,8564670,8456735}'::integer[]))

table 5 : explain UPDATE sbtest5 set c=7 WHERE id IN ( 7721994, 5737880, 5377796, 8105481, 9611157, 1970932, 1936897, 9493931, 8564670, 8456735)
	Update on sbtest5  (cost=0.43..48.53 rows=0 width=0)
	  ->  Index Scan using sbtest5_pkey on sbtest5  (cost=0.43..48.53 rows=10 width=490)
	        Index Cond: (id = ANY ('{7721994,5737880,5377796,8105481,9611157,1970932,1936897,9493931,8564670,8456735}'::integer[]))

table 6 : explain UPDATE sbtest6 set c=7 WHERE id IN ( 7721994, 5737880, 5377796, 8105481, 9611157, 1970932, 1936897, 9493931, 8564670, 8456735)
	Update on sbtest6  (cost=0.43..48.53 rows=0 width=0)
	  ->  Index Scan using sbtest6_pkey on sbtest6  (cost=0.43..48.53 rows=10 width=490)
	        Index Cond: (id = ANY ('{7721994,5737880,5377796,8105481,9611157,1970932,1936897,9493931,8564670,8456735}'::integer[]))

table 7 : explain UPDATE sbtest7 set c=7 WHERE id IN ( 7721994, 5737880, 5377796, 8105481, 9611157, 1970932, 1936897, 9493931, 8564670, 8456735)
	Update on sbtest7  (cost=0.43..48.53 rows=0 width=0)
	  ->  Index Scan using sbtest7_pkey on sbtest7  (cost=0.43..48.53 rows=10 width=490)
	        Index Cond: (id = ANY ('{7721994,5737880,5377796,8105481,9611157,1970932,1936897,9493931,8564670,8456735}'::integer[]))

table 8 : explain UPDATE sbtest8 set c=7 WHERE id IN ( 7721994, 5737880, 5377796, 8105481, 9611157, 1970932, 1936897, 9493931, 8564670, 8456735)
	Update on sbtest8  (cost=0.43..48.53 rows=0 width=0)
	  ->  Index Scan using sbtest8_pkey on sbtest8  (cost=0.43..48.53 rows=10 width=490)
	        Index Cond: (id = ANY ('{7721994,5737880,5377796,8105481,9611157,1970932,1936897,9493931,8564670,8456735}'::integer[]))

explain: for update-inlist :: explain UPDATE sbtest%d set c=7 WHERE id IN ( 6580567, 7744435, 6846416, 447043, 6877232, 2488881, 9052981, 6759028, 3307733, 66330)
for update-inlist
table 1 : explain UPDATE sbtest1 set c=7 WHERE id IN ( 6580567, 7744435, 6846416, 447043, 6877232, 2488881, 9052981, 6759028, 3307733, 66330)
	Update on sbtest1  (cost=0.43..48.53 rows=0 width=0)
	  ->  Index Scan using sbtest1_pkey on sbtest1  (cost=0.43..48.53 rows=10 width=490)
	        Index Cond: (id = ANY ('{6580567,7744435,6846416,447043,6877232,2488881,9052981,6759028,3307733,66330}'::integer[]))

table 2 : explain UPDATE sbtest2 set c=7 WHERE id IN ( 6580567, 7744435, 6846416, 447043, 6877232, 2488881, 9052981, 6759028, 3307733, 66330)
	Update on sbtest2  (cost=0.43..48.53 rows=0 width=0)
	  ->  Index Scan using sbtest2_pkey on sbtest2  (cost=0.43..48.53 rows=10 width=490)
	        Index Cond: (id = ANY ('{6580567,7744435,6846416,447043,6877232,2488881,9052981,6759028,3307733,66330}'::integer[]))

table 3 : explain UPDATE sbtest3 set c=7 WHERE id IN ( 6580567, 7744435, 6846416, 447043, 6877232, 2488881, 9052981, 6759028, 3307733, 66330)
	Update on sbtest3  (cost=0.43..48.53 rows=0 width=0)
	  ->  Index Scan using sbtest3_pkey on sbtest3  (cost=0.43..48.53 rows=10 width=490)
	        Index Cond: (id = ANY ('{6580567,7744435,6846416,447043,6877232,2488881,9052981,6759028,3307733,66330}'::integer[]))

table 4 : explain UPDATE sbtest4 set c=7 WHERE id IN ( 6580567, 7744435, 6846416, 447043, 6877232, 2488881, 9052981, 6759028, 3307733, 66330)
	Update on sbtest4  (cost=0.43..48.53 rows=0 width=0)
	  ->  Index Scan using sbtest4_pkey on sbtest4  (cost=0.43..48.53 rows=10 width=490)
	        Index Cond: (id = ANY ('{6580567,7744435,6846416,447043,6877232,2488881,9052981,6759028,3307733,66330}'::integer[]))

table 5 : explain UPDATE sbtest5 set c=7 WHERE id IN ( 6580567, 7744435, 6846416, 447043, 6877232, 2488881, 9052981, 6759028, 3307733, 66330)
	Update on sbtest5  (cost=0.43..48.53 rows=0 width=0)
	  ->  Index Scan using sbtest5_pkey on sbtest5  (cost=0.43..48.53 rows=10 width=490)
	        Index Cond: (id = ANY ('{6580567,7744435,6846416,447043,6877232,2488881,9052981,6759028,3307733,66330}'::integer[]))

table 6 : explain UPDATE sbtest6 set c=7 WHERE id IN ( 6580567, 7744435, 6846416, 447043, 6877232, 2488881, 9052981, 6759028, 3307733, 66330)
	Update on sbtest6  (cost=0.43..48.53 rows=0 width=0)
	  ->  Index Scan using sbtest6_pkey on sbtest6  (cost=0.43..48.53 rows=10 width=490)
	        Index Cond: (id = ANY ('{6580567,7744435,6846416,447043,6877232,2488881,9052981,6759028,3307733,66330}'::integer[]))

table 7 : explain UPDATE sbtest7 set c=7 WHERE id IN ( 6580567, 7744435, 6846416, 447043, 6877232, 2488881, 9052981, 6759028, 3307733, 66330)
	Update on sbtest7  (cost=0.43..48.53 rows=0 width=0)
	  ->  Index Scan using sbtest7_pkey on sbtest7  (cost=0.43..48.53 rows=10 width=490)
	        Index Cond: (id = ANY ('{6580567,7744435,6846416,447043,6877232,2488881,9052981,6759028,3307733,66330}'::integer[]))

table 8 : explain UPDATE sbtest8 set c=7 WHERE id IN ( 6580567, 7744435, 6846416, 447043, 6877232, 2488881, 9052981, 6759028, 3307733, 66330)
	Update on sbtest8  (cost=0.43..48.53 rows=0 width=0)
	  ->  Index Scan using sbtest8_pkey on sbtest8  (cost=0.43..48.53 rows=10 width=490)
	        Index Cond: (id = ANY ('{6580567,7744435,6846416,447043,6877232,2488881,9052981,6759028,3307733,66330}'::integer[]))

explain: for update-inlist :: explain UPDATE sbtest%d set c=7 WHERE id IN ( 2111325, 5116886, 7327518, 7568910, 6127279, 5353850, 163129, 421716, 120950, 9526447)
for update-inlist
table 1 : explain UPDATE sbtest1 set c=7 WHERE id IN ( 2111325, 5116886, 7327518, 7568910, 6127279, 5353850, 163129, 421716, 120950, 9526447)
	Update on sbtest1  (cost=0.43..48.53 rows=0 width=0)
	  ->  Index Scan using sbtest1_pkey on sbtest1  (cost=0.43..48.53 rows=10 width=490)
	        Index Cond: (id = ANY ('{2111325,5116886,7327518,7568910,6127279,5353850,163129,421716,120950,9526447}'::integer[]))

table 2 : explain UPDATE sbtest2 set c=7 WHERE id IN ( 2111325, 5116886, 7327518, 7568910, 6127279, 5353850, 163129, 421716, 120950, 9526447)
	Update on sbtest2  (cost=0.43..48.53 rows=0 width=0)
	  ->  Index Scan using sbtest2_pkey on sbtest2  (cost=0.43..48.53 rows=10 width=490)
	        Index Cond: (id = ANY ('{2111325,5116886,7327518,7568910,6127279,5353850,163129,421716,120950,9526447}'::integer[]))

table 3 : explain UPDATE sbtest3 set c=7 WHERE id IN ( 2111325, 5116886, 7327518, 7568910, 6127279, 5353850, 163129, 421716, 120950, 9526447)
	Update on sbtest3  (cost=0.43..48.53 rows=0 width=0)
	  ->  Index Scan using sbtest3_pkey on sbtest3  (cost=0.43..48.53 rows=10 width=490)
	        Index Cond: (id = ANY ('{2111325,5116886,7327518,7568910,6127279,5353850,163129,421716,120950,9526447}'::integer[]))

table 4 : explain UPDATE sbtest4 set c=7 WHERE id IN ( 2111325, 5116886, 7327518, 7568910, 6127279, 5353850, 163129, 421716, 120950, 9526447)
	Update on sbtest4  (cost=0.43..48.53 rows=0 width=0)
	  ->  Index Scan using sbtest4_pkey on sbtest4  (cost=0.43..48.53 rows=10 width=490)
	        Index Cond: (id = ANY ('{2111325,5116886,7327518,7568910,6127279,5353850,163129,421716,120950,9526447}'::integer[]))

table 5 : explain UPDATE sbtest5 set c=7 WHERE id IN ( 2111325, 5116886, 7327518, 7568910, 6127279, 5353850, 163129, 421716, 120950, 9526447)
	Update on sbtest5  (cost=0.43..48.53 rows=0 width=0)
	  ->  Index Scan using sbtest5_pkey on sbtest5  (cost=0.43..48.53 rows=10 width=490)
	        Index Cond: (id = ANY ('{2111325,5116886,7327518,7568910,6127279,5353850,163129,421716,120950,9526447}'::integer[]))

table 6 : explain UPDATE sbtest6 set c=7 WHERE id IN ( 2111325, 5116886, 7327518, 7568910, 6127279, 5353850, 163129, 421716, 120950, 9526447)
	Update on sbtest6  (cost=0.43..48.53 rows=0 width=0)
	  ->  Index Scan using sbtest6_pkey on sbtest6  (cost=0.43..48.53 rows=10 width=490)
	        Index Cond: (id = ANY ('{2111325,5116886,7327518,7568910,6127279,5353850,163129,421716,120950,9526447}'::integer[]))

table 7 : explain UPDATE sbtest7 set c=7 WHERE id IN ( 2111325, 5116886, 7327518, 7568910, 6127279, 5353850, 163129, 421716, 120950, 9526447)
	Update on sbtest7  (cost=0.43..48.53 rows=0 width=0)
	  ->  Index Scan using sbtest7_pkey on sbtest7  (cost=0.43..48.53 rows=10 width=490)
	        Index Cond: (id = ANY ('{2111325,5116886,7327518,7568910,6127279,5353850,163129,421716,120950,9526447}'::integer[]))

table 8 : explain UPDATE sbtest8 set c=7 WHERE id IN ( 2111325, 5116886, 7327518, 7568910, 6127279, 5353850, 163129, 421716, 120950, 9526447)
	Update on sbtest8  (cost=0.43..48.53 rows=0 width=0)
	  ->  Index Scan using sbtest8_pkey on sbtest8  (cost=0.43..48.53 rows=10 width=490)
	        Index Cond: (id = ANY ('{2111325,5116886,7327518,7568910,6127279,5353850,163129,421716,120950,9526447}'::integer[]))

Threads started!

Warming up for 5 seconds...

SQL statistics:
    queries performed:
        read:                            0
        write:                           104629967
        other:                           0
        total:                           104629967
    transactions:                        104629968 (112504.24 per sec.)
    queries:                             104629967 (112504.24 per sec.)
    ignored errors:                      0      (0.00 per sec.)
    reconnects:                          0      (0.00 per sec.)

Throughput:
    events/s (eps):                      112504.2373
    time elapsed:                        930.0092s
    total number of events:              104629968

Latency (ms):
         min:                                    0.12
         avg:                                    0.35
         max:                                  255.94
         95th percentile:                        0.54
         sum:                             37132823.95

Threads fairness:
    events (avg/stddev):           2615748.6000/15700.09
    execution time (avg/stddev):   928.3206/0.02

