LUA_PATH=/home/mdcallag/git/mytools/bench/sysbench.lua/lua/?.lua /home/mdcallag/git/mytools/bench/sysbench.lua/lua/sysbench --db-driver=pgsql --range-size=10 --table-size=10000000 --tables=8 --threads=40 --events=0 --warmup-time=5 --time=630 --pgsql_conn_id=true /home/mdcallag/git/mytools/bench/sysbench.lua/lua/oltp_read_only.lua run --pgsql-user=root --pgsql-password=pw --pgsql-host=127.0.0.1 --pgsql-db=ib --rand-type=uniform
48 CPUs
sysbench 1.1.0-9072687 (using bundled LuaJIT 2.1.0-beta3)

Running the test with following options:
Number of threads: 40
Warmup time: 5s
Initializing random number generator from current time


Initializing worker threads...

explain: for point_selects :: explain SELECT c FROM sbtest%u WHERE id=%u
explain: for point_selects :: explain SELECT c FROM sbtest%u WHERE id=%u
explain: for point_selects :: explain SELECT c FROM sbtest%u WHERE id=%u
explain: for point_selects :: explain SELECT c FROM sbtest%u WHERE id=%u
explain: for point_selects :: explain SELECT c FROM sbtest%u WHERE id=%u
explain: for point_selects :: explain SELECT c FROM sbtest%u WHERE id=%u
explain: for point_selects :: explain SELECT c FROM sbtest%u WHERE id=%u
explain: for point_selects :: explain SELECT c FROM sbtest%u WHERE id=%u
explain: for point_selects :: explain SELECT c FROM sbtest%u WHERE id=%u
explain: for point_selects :: explain SELECT c FROM sbtest%u WHERE id=%u
explain: for point_selects :: explain SELECT c FROM sbtest%u WHERE id=%u
explain: for point_selects :: explain SELECT c FROM sbtest%u WHERE id=%u
explain: for point_selects :: explain SELECT c FROM sbtest%u WHERE id=%u
explain: for point_selects :: explain SELECT c FROM sbtest%u WHERE id=%u
explain: for point_selects :: explain SELECT c FROM sbtest%u WHERE id=%u
explain: for point_selects :: explain SELECT c FROM sbtest%u WHERE id=%u
explain: for point_selects :: explain SELECT c FROM sbtest%u WHERE id=%u
explain: for point_selects :: explain SELECT c FROM sbtest%u WHERE id=%u
explain: for point_selects :: explain SELECT c FROM sbtest%u WHERE id=%u
explain: for point_selects :: explain SELECT c FROM sbtest%u WHERE id=%u
explain: for point_selects :: explain SELECT c FROM sbtest%u WHERE id=%u
for point_selects
table 1 : explain SELECT c FROM sbtest1 WHERE id=8082783
	Index Scan using sbtest1_pkey on sbtest1  (cost=0.43..8.45 rows=1 width=121)
	  Index Cond: (id = 8082783)

table 2 : explain SELECT c FROM sbtest2 WHERE id=7856879
	Index Scan using sbtest2_pkey on sbtest2  (cost=0.43..8.45 rows=1 width=121)
	  Index Cond: (id = 7856879)

table 3 : explain SELECT c FROM sbtest3 WHERE id=8834082
	Index Scan using sbtest3_pkey on sbtest3  (cost=0.43..8.45 rows=1 width=121)
	  Index Cond: (id = 8834082)

table 4 : explain SELECT c FROM sbtest4 WHERE id=4452481
	Index Scan using sbtest4_pkey on sbtest4  (cost=0.43..8.45 rows=1 width=121)
	  Index Cond: (id = 4452481)

table 5 : explain SELECT c FROM sbtest5 WHERE id=8506266
	Index Scan using sbtest5_pkey on sbtest5  (cost=0.43..8.45 rows=1 width=121)
	  Index Cond: (id = 8506266)

table 6 : explain SELECT c FROM sbtest6 WHERE id=1189497
	Index Scan using sbtest6_pkey on sbtest6  (cost=0.43..8.45 rows=1 width=121)
	  Index Cond: (id = 1189497)

table 7 : explain SELECT c FROM sbtest7 WHERE id=8402250
	Index Scan using sbtest7_pkey on sbtest7  (cost=0.43..8.45 rows=1 width=121)
	  Index Cond: (id = 8402250)

table 8 : explain SELECT c FROM sbtest8 WHERE id=5960011
	Index Scan using sbtest8_pkey on sbtest8  (cost=0.43..8.45 rows=1 width=121)
	  Index Cond: (id = 5960011)

explain: for point_selects :: explain SELECT c FROM sbtest%u WHERE id=%u
explain: for point_selects :: explain SELECT c FROM sbtest%u WHERE id=%u
explain: for point_selects :: explain SELECT c FROM sbtest%u WHERE id=%u
explain: for point_selects :: explain SELECT c FROM sbtest%u WHERE id=%u
explain: for point_selects :: explain SELECT c FROM sbtest%u WHERE id=%u
for point_selects
table 1 : explain SELECT c FROM sbtest1 WHERE id=7011743
	Index Scan using sbtest1_pkey on sbtest1  (cost=0.43..8.45 rows=1 width=121)
	  Index Cond: (id = 7011743)

table 2 : explain SELECT c FROM sbtest2 WHERE id=4196180
	Index Scan using sbtest2_pkey on sbtest2  (cost=0.43..8.45 rows=1 width=121)
	  Index Cond: (id = 4196180)

table 3 : explain SELECT c FROM sbtest3 WHERE id=5621069
	Index Scan using sbtest3_pkey on sbtest3  (cost=0.43..8.45 rows=1 width=121)
	  Index Cond: (id = 5621069)

table 4 : explain SELECT c FROM sbtest4 WHERE id=177141
	Index Scan using sbtest4_pkey on sbtest4  (cost=0.43..8.45 rows=1 width=121)
	  Index Cond: (id = 177141)

table 5 : explain SELECT c FROM sbtest5 WHERE id=1051440
	Index Scan using sbtest5_pkey on sbtest5  (cost=0.43..8.45 rows=1 width=121)
	  Index Cond: (id = 1051440)

table 6 : explain SELECT c FROM sbtest6 WHERE id=9363684
	Index Scan using sbtest6_pkey on sbtest6  (cost=0.43..8.45 rows=1 width=121)
	  Index Cond: (id = 9363684)

table 7 : explain SELECT c FROM sbtest7 WHERE id=8192271
	Index Scan using sbtest7_pkey on sbtest7  (cost=0.43..8.45 rows=1 width=121)
	  Index Cond: (id = 8192271)

table 8 : explain SELECT c FROM sbtest8 WHERE id=8631955
	Index Scan using sbtest8_pkey on sbtest8  (cost=0.43..8.45 rows=1 width=121)
	  Index Cond: (id = 8631955)

explain: for point_selects :: explain SELECT c FROM sbtest%u WHERE id=%u
for point_selects
table 1 : explain SELECT c FROM sbtest1 WHERE id=6724406
	Index Scan using sbtest1_pkey on sbtest1  (cost=0.43..8.45 rows=1 width=121)
	  Index Cond: (id = 6724406)

table 2 : explain SELECT c FROM sbtest2 WHERE id=1770124
	Index Scan using sbtest2_pkey on sbtest2  (cost=0.43..8.45 rows=1 width=121)
	  Index Cond: (id = 1770124)

table 3 : explain SELECT c FROM sbtest3 WHERE id=1530573
	Index Scan using sbtest3_pkey on sbtest3  (cost=0.43..8.45 rows=1 width=121)
	  Index Cond: (id = 1530573)

table 4 : explain SELECT c FROM sbtest4 WHERE id=6840369
	Index Scan using sbtest4_pkey on sbtest4  (cost=0.43..8.45 rows=1 width=121)
	  Index Cond: (id = 6840369)

table 5 : explain SELECT c FROM sbtest5 WHERE id=6264221
	Index Scan using sbtest5_pkey on sbtest5  (cost=0.43..8.45 rows=1 width=121)
	  Index Cond: (id = 6264221)

table 6 : explain SELECT c FROM sbtest6 WHERE id=9707953
	Index Scan using sbtest6_pkey on sbtest6  (cost=0.43..8.45 rows=1 width=121)
	  Index Cond: (id = 9707953)

table 7 : explain SELECT c FROM sbtest7 WHERE id=2685130
	Index Scan using sbtest7_pkey on sbtest7  (cost=0.43..8.45 rows=1 width=121)
	  Index Cond: (id = 2685130)

table 8 : explain SELECT c FROM sbtest8 WHERE id=7981921
	Index Scan using sbtest8_pkey on sbtest8  (cost=0.43..8.45 rows=1 width=121)
	  Index Cond: (id = 7981921)

for point_selects
table 1 : explain SELECT c FROM sbtest1 WHERE id=5223089
	Index Scan using sbtest1_pkey on sbtest1  (cost=0.43..8.45 rows=1 width=121)
	  Index Cond: (id = 5223089)

table 2 : explain SELECT c FROM sbtest2 WHERE id=5655604
	Index Scan using sbtest2_pkey on sbtest2  (cost=0.43..8.45 rows=1 width=121)
	  Index Cond: (id = 5655604)

table 3 : explain SELECT c FROM sbtest3 WHERE id=3645727
	Index Scan using sbtest3_pkey on sbtest3  (cost=0.43..8.45 rows=1 width=121)
	  Index Cond: (id = 3645727)

table 4 : explain SELECT c FROM sbtest4 WHERE id=4475011
	Index Scan using sbtest4_pkey on sbtest4  (cost=0.43..8.45 rows=1 width=121)
	  Index Cond: (id = 4475011)

table 5 : explain SELECT c FROM sbtest5 WHERE id=8646230
	Index Scan using sbtest5_pkey on sbtest5  (cost=0.43..8.45 rows=1 width=121)
	  Index Cond: (id = 8646230)

table 6 : explain SELECT c FROM sbtest6 WHERE id=1921640
	Index Scan using sbtest6_pkey on sbtest6  (cost=0.43..8.45 rows=1 width=121)
	  Index Cond: (id = 1921640)

table 7 : explain SELECT c FROM sbtest7 WHERE id=9844192
	Index Scan using sbtest7_pkey on sbtest7  (cost=0.43..8.45 rows=1 width=121)
	  Index Cond: (id = 9844192)

table 8 : explain SELECT c FROM sbtest8 WHERE id=5901654
	Index Scan using sbtest8_pkey on sbtest8  (cost=0.43..8.45 rows=1 width=121)
	  Index Cond: (id = 5901654)

for point_selects
table 1 : explain SELECT c FROM sbtest1 WHERE id=4031029
	Index Scan using sbtest1_pkey on sbtest1  (cost=0.43..8.45 rows=1 width=121)
	  Index Cond: (id = 4031029)

table 2 : explain SELECT c FROM sbtest2 WHERE id=5145428
	Index Scan using sbtest2_pkey on sbtest2  (cost=0.43..8.45 rows=1 width=121)
	  Index Cond: (id = 5145428)

table 3 : explain SELECT c FROM sbtest3 WHERE id=1621929
	Index Scan using sbtest3_pkey on sbtest3  (cost=0.43..8.45 rows=1 width=121)
	  Index Cond: (id = 1621929)

table 4 : explain SELECT c FROM sbtest4 WHERE id=9832276
	Index Scan using sbtest4_pkey on sbtest4  (cost=0.43..8.45 rows=1 width=121)
	  Index Cond: (id = 9832276)

table 5 : explain SELECT c FROM sbtest5 WHERE id=5443624
	Index Scan using sbtest5_pkey on sbtest5  (cost=0.43..8.45 rows=1 width=121)
	  Index Cond: (id = 5443624)

table 6 : explain SELECT c FROM sbtest6 WHERE id=7788666
	Index Scan using sbtest6_pkey on sbtest6  (cost=0.43..8.45 rows=1 width=121)
	  Index Cond: (id = 7788666)

table 7 : explain SELECT c FROM sbtest7 WHERE id=8244982
	Index Scan using sbtest7_pkey on sbtest7  (cost=0.43..8.45 rows=1 width=121)
	  Index Cond: (id = 8244982)

table 8 : explain SELECT c FROM sbtest8 WHERE id=1942830
	Index Scan using sbtest8_pkey on sbtest8  (cost=0.43..8.45 rows=1 width=121)
	  Index Cond: (id = 1942830)

explain: for point_selects :: explain SELECT c FROM sbtest%u WHERE id=%u
for point_selects
table 1 : explain SELECT c FROM sbtest1 WHERE id=3206061
	Index Scan using sbtest1_pkey on sbtest1  (cost=0.43..8.45 rows=1 width=121)
	  Index Cond: (id = 3206061)

table 2 : explain SELECT c FROM sbtest2 WHERE id=3075283
	Index Scan using sbtest2_pkey on sbtest2  (cost=0.43..8.45 rows=1 width=121)
	  Index Cond: (id = 3075283)

table 3 : explain SELECT c FROM sbtest3 WHERE id=7248321
	Index Scan using sbtest3_pkey on sbtest3  (cost=0.43..8.45 rows=1 width=121)
	  Index Cond: (id = 7248321)

table 4 : explain SELECT c FROM sbtest4 WHERE id=3046181
	Index Scan using sbtest4_pkey on sbtest4  (cost=0.43..8.45 rows=1 width=121)
	  Index Cond: (id = 3046181)

table 5 : explain SELECT c FROM sbtest5 WHERE id=5916550
	Index Scan using sbtest5_pkey on sbtest5  (cost=0.43..8.45 rows=1 width=121)
	  Index Cond: (id = 5916550)

table 6 : explain SELECT c FROM sbtest6 WHERE id=226016
	Index Scan using sbtest6_pkey on sbtest6  (cost=0.43..8.45 rows=1 width=121)
	  Index Cond: (id = 226016)

table 7 : explain SELECT c FROM sbtest7 WHERE id=3864807
	Index Scan using sbtest7_pkey on sbtest7  (cost=0.43..8.45 rows=1 width=121)
	  Index Cond: (id = 3864807)

table 8 : explain SELECT c FROM sbtest8 WHERE id=1779786
	Index Scan using sbtest8_pkey on sbtest8  (cost=0.43..8.45 rows=1 width=121)
	  Index Cond: (id = 1779786)

for point_selects
table 1 : explain SELECT c FROM sbtest1 WHERE id=3052942
	Index Scan using sbtest1_pkey on sbtest1  (cost=0.43..8.45 rows=1 width=121)
	  Index Cond: (id = 3052942)

table 2 : explain SELECT c FROM sbtest2 WHERE id=7836585
	Index Scan using sbtest2_pkey on sbtest2  (cost=0.43..8.45 rows=1 width=121)
	  Index Cond: (id = 7836585)

table 3 : explain SELECT c FROM sbtest3 WHERE id=4737741
	Index Scan using sbtest3_pkey on sbtest3  (cost=0.43..8.45 rows=1 width=121)
	  Index Cond: (id = 4737741)

table 4 : explain SELECT c FROM sbtest4 WHERE id=5347364
	Index Scan using sbtest4_pkey on sbtest4  (cost=0.43..8.45 rows=1 width=121)
	  Index Cond: (id = 5347364)

table 5 : explain SELECT c FROM sbtest5 WHERE id=4767625
	Index Scan using sbtest5_pkey on sbtest5  (cost=0.43..8.45 rows=1 width=121)
	  Index Cond: (id = 4767625)

table 6 : explain SELECT c FROM sbtest6 WHERE id=5484466
	Index Scan using sbtest6_pkey on sbtest6  (cost=0.43..8.45 rows=1 width=121)
	  Index Cond: (id = 5484466)

table 7 : explain SELECT c FROM sbtest7 WHERE id=5523829
	Index Scan using sbtest7_pkey on sbtest7  (cost=0.43..8.45 rows=1 width=121)
	  Index Cond: (id = 5523829)

table 8 : explain SELECT c FROM sbtest8 WHERE id=2143161
	Index Scan using sbtest8_pkey on sbtest8  (cost=0.43..8.45 rows=1 width=121)
	  Index Cond: (id = 2143161)

explain: for point_selects :: explain SELECT c FROM sbtest%u WHERE id=%u
for point_selects
table 1 : explain SELECT c FROM sbtest1 WHERE id=5314960
	Index Scan using sbtest1_pkey on sbtest1  (cost=0.43..8.45 rows=1 width=121)
	  Index Cond: (id = 5314960)

table 2 : explain SELECT c FROM sbtest2 WHERE id=1554503
	Index Scan using sbtest2_pkey on sbtest2  (cost=0.43..8.45 rows=1 width=121)
	  Index Cond: (id = 1554503)

table 3 : explain SELECT c FROM sbtest3 WHERE id=690835
	Index Scan using sbtest3_pkey on sbtest3  (cost=0.43..8.45 rows=1 width=121)
	  Index Cond: (id = 690835)

table 4 : explain SELECT c FROM sbtest4 WHERE id=288239
	Index Scan using sbtest4_pkey on sbtest4  (cost=0.43..8.45 rows=1 width=121)
	  Index Cond: (id = 288239)

table 5 : explain SELECT c FROM sbtest5 WHERE id=7897909
	Index Scan using sbtest5_pkey on sbtest5  (cost=0.43..8.45 rows=1 width=121)
	  Index Cond: (id = 7897909)

table 6 : explain SELECT c FROM sbtest6 WHERE id=7272797
	Index Scan using sbtest6_pkey on sbtest6  (cost=0.43..8.45 rows=1 width=121)
	  Index Cond: (id = 7272797)

table 7 : explain SELECT c FROM sbtest7 WHERE id=1911098
	Index Scan using sbtest7_pkey on sbtest7  (cost=0.43..8.45 rows=1 width=121)
	  Index Cond: (id = 1911098)

table 8 : explain SELECT c FROM sbtest8 WHERE id=4102094
	Index Scan using sbtest8_pkey on sbtest8  (cost=0.43..8.45 rows=1 width=121)
	  Index Cond: (id = 4102094)

for point_selects
table 1 : explain SELECT c FROM sbtest1 WHERE id=8266666
	Index Scan using sbtest1_pkey on sbtest1  (cost=0.43..8.45 rows=1 width=121)
	  Index Cond: (id = 8266666)

table 2 : explain SELECT c FROM sbtest2 WHERE id=1286511
	Index Scan using sbtest2_pkey on sbtest2  (cost=0.43..8.45 rows=1 width=121)
	  Index Cond: (id = 1286511)

table 3 : explain SELECT c FROM sbtest3 WHERE id=1045489
	Index Scan using sbtest3_pkey on sbtest3  (cost=0.43..8.45 rows=1 width=121)
	  Index Cond: (id = 1045489)

table 4 : explain SELECT c FROM sbtest4 WHERE id=8196513
	Index Scan using sbtest4_pkey on sbtest4  (cost=0.43..8.45 rows=1 width=121)
	  Index Cond: (id = 8196513)

table 5 : explain SELECT c FROM sbtest5 WHERE id=3651649
	Index Scan using sbtest5_pkey on sbtest5  (cost=0.43..8.45 rows=1 width=121)
	  Index Cond: (id = 3651649)

table 6 : explain SELECT c FROM sbtest6 WHERE id=8385257
	Index Scan using sbtest6_pkey on sbtest6  (cost=0.43..8.45 rows=1 width=121)
	  Index Cond: (id = 8385257)

table 7 : explain SELECT c FROM sbtest7 WHERE id=9400205
	Index Scan using sbtest7_pkey on sbtest7  (cost=0.43..8.45 rows=1 width=121)
	  Index Cond: (id = 9400205)

table 8 : explain SELECT c FROM sbtest8 WHERE id=749252
	Index Scan using sbtest8_pkey on sbtest8  (cost=0.43..8.45 rows=1 width=121)
	  Index Cond: (id = 749252)

for point_selects
table 1 : explain SELECT c FROM sbtest1 WHERE id=5834865
	Index Scan using sbtest1_pkey on sbtest1  (cost=0.43..8.45 rows=1 width=121)
	  Index Cond: (id = 5834865)

table 2 : explain SELECT c FROM sbtest2 WHERE id=9759829
	Index Scan using sbtest2_pkey on sbtest2  (cost=0.43..8.45 rows=1 width=121)
	  Index Cond: (id = 9759829)

table 3 : explain SELECT c FROM sbtest3 WHERE id=1141871
	Index Scan using sbtest3_pkey on sbtest3  (cost=0.43..8.45 rows=1 width=121)
	  Index Cond: (id = 1141871)

table 4 : explain SELECT c FROM sbtest4 WHERE id=8919525
	Index Scan using sbtest4_pkey on sbtest4  (cost=0.43..8.45 rows=1 width=121)
	  Index Cond: (id = 8919525)

table 5 : explain SELECT c FROM sbtest5 WHERE id=9588862
	Index Scan using sbtest5_pkey on sbtest5  (cost=0.43..8.45 rows=1 width=121)
	  Index Cond: (id = 9588862)

table 6 : explain SELECT c FROM sbtest6 WHERE id=9894769
	Index Scan using sbtest6_pkey on sbtest6  (cost=0.43..8.45 rows=1 width=121)
	  Index Cond: (id = 9894769)

table 7 : explain SELECT c FROM sbtest7 WHERE id=5003192
	Index Scan using sbtest7_pkey on sbtest7  (cost=0.43..8.45 rows=1 width=121)
	  Index Cond: (id = 5003192)

table 8 : explain SELECT c FROM sbtest8 WHERE id=3753902
	Index Scan using sbtest8_pkey on sbtest8  (cost=0.43..8.45 rows=1 width=121)
	  Index Cond: (id = 3753902)

for point_selects
table 1 : explain SELECT c FROM sbtest1 WHERE id=8260185
	Index Scan using sbtest1_pkey on sbtest1  (cost=0.43..8.45 rows=1 width=121)
	  Index Cond: (id = 8260185)

table 2 : explain SELECT c FROM sbtest2 WHERE id=2595673
	Index Scan using sbtest2_pkey on sbtest2  (cost=0.43..8.45 rows=1 width=121)
	  Index Cond: (id = 2595673)

table 3 : explain SELECT c FROM sbtest3 WHERE id=9638107
	Index Scan using sbtest3_pkey on sbtest3  (cost=0.43..8.45 rows=1 width=121)
	  Index Cond: (id = 9638107)

table 4 : explain SELECT c FROM sbtest4 WHERE id=4008683
	Index Scan using sbtest4_pkey on sbtest4  (cost=0.43..8.45 rows=1 width=121)
	  Index Cond: (id = 4008683)

table 5 : explain SELECT c FROM sbtest5 WHERE id=6104726
	Index Scan using sbtest5_pkey on sbtest5  (cost=0.43..8.45 rows=1 width=121)
	  Index Cond: (id = 6104726)

table 6 : explain SELECT c FROM sbtest6 WHERE id=762151
	Index Scan using sbtest6_pkey on sbtest6  (cost=0.43..8.45 rows=1 width=121)
	  Index Cond: (id = 762151)

table 7 : explain SELECT c FROM sbtest7 WHERE id=5018164
	Index Scan using sbtest7_pkey on sbtest7  (cost=0.43..8.45 rows=1 width=121)
	  Index Cond: (id = 5018164)

table 8 : explain SELECT c FROM sbtest8 WHERE id=4941403
	Index Scan using sbtest8_pkey on sbtest8  (cost=0.43..8.45 rows=1 width=121)
	  Index Cond: (id = 4941403)

for point_selects
table 1 : explain SELECT c FROM sbtest1 WHERE id=6638097
	Index Scan using sbtest1_pkey on sbtest1  (cost=0.43..8.45 rows=1 width=121)
	  Index Cond: (id = 6638097)

table 2 : explain SELECT c FROM sbtest2 WHERE id=6137974
	Index Scan using sbtest2_pkey on sbtest2  (cost=0.43..8.45 rows=1 width=121)
	  Index Cond: (id = 6137974)

table 3 : explain SELECT c FROM sbtest3 WHERE id=7215446
	Index Scan using sbtest3_pkey on sbtest3  (cost=0.43..8.45 rows=1 width=121)
	  Index Cond: (id = 7215446)

table 4 : explain SELECT c FROM sbtest4 WHERE id=8170790
	Index Scan using sbtest4_pkey on sbtest4  (cost=0.43..8.45 rows=1 width=121)
	  Index Cond: (id = 8170790)

table 5 : explain SELECT c FROM sbtest5 WHERE id=3275327
	Index Scan using sbtest5_pkey on sbtest5  (cost=0.43..8.45 rows=1 width=121)
	  Index Cond: (id = 3275327)

table 6 : explain SELECT c FROM sbtest6 WHERE id=6886308
	Index Scan using sbtest6_pkey on sbtest6  (cost=0.43..8.45 rows=1 width=121)
	  Index Cond: (id = 6886308)

table 7 : explain SELECT c FROM sbtest7 WHERE id=7142862
	Index Scan using sbtest7_pkey on sbtest7  (cost=0.43..8.45 rows=1 width=121)
	  Index Cond: (id = 7142862)

table 8 : explain SELECT c FROM sbtest8 WHERE id=8106385
	Index Scan using sbtest8_pkey on sbtest8  (cost=0.43..8.45 rows=1 width=121)
	  Index Cond: (id = 8106385)

for: simple_ranges
table 1 : explain SELECT c FROM sbtest1 WHERE id BETWEEN 1421152 AND 1421161
	Index Scan using sbtest1_pkey on sbtest1  (cost=0.43..43.77 rows=10 width=121)
	  Index Cond: ((id >= 1421152) AND (id <= 1421161))

table 2 : explain SELECT c FROM sbtest2 WHERE id BETWEEN 1277149 AND 1277158
	Index Scan using sbtest2_pkey on sbtest2  (cost=0.43..39.75 rows=9 width=121)
	  Index Cond: ((id >= 1277149) AND (id <= 1277158))

table 3 : explain SELECT c FROM sbtest3 WHERE id BETWEEN 344544 AND 344553
	Index Scan using sbtest3_pkey on sbtest3  (cost=0.43..43.78 rows=10 width=121)
	  Index Cond: ((id >= 344544) AND (id <= 344553))

table 4 : explain SELECT c FROM sbtest4 WHERE id BETWEEN 3891421 AND 3891430
	Index Scan using sbtest4_pkey on sbtest4  (cost=0.43..39.72 rows=9 width=121)
	  Index Cond: ((id >= 3891421) AND (id <= 3891430))

table 5 : explain SELECT c FROM sbtest5 WHERE id BETWEEN 5277534 AND 5277543
	Index Scan using sbtest5_pkey on sbtest5  (cost=0.43..43.68 rows=10 width=121)
	  Index Cond: ((id >= 5277534) AND (id <= 5277543))

table 6 : explain SELECT c FROM sbtest6 WHERE id BETWEEN 2267295 AND 2267304
	Index Scan using sbtest6_pkey on sbtest6  (cost=0.43..43.75 rows=10 width=121)
	  Index Cond: ((id >= 2267295) AND (id <= 2267304))

table 7 : explain SELECT c FROM sbtest7 WHERE id BETWEEN 718264 AND 718273
	Index Scan using sbtest7_pkey on sbtest7  (cost=0.43..43.68 rows=10 width=121)
	  Index Cond: ((id >= 718264) AND (id <= 718273))

table 8 : explain SELECT c FROM sbtest8 WHERE id BETWEEN 2585271 AND 2585280
	Index Scan using sbtest8_pkey on sbtest8  (cost=0.43..47.61 rows=11 width=121)
	  Index Cond: ((id >= 2585271) AND (id <= 2585280))

for point_selects
table 1 : explain SELECT c FROM sbtest1 WHERE id=8445239
	Index Scan using sbtest1_pkey on sbtest1  (cost=0.43..8.45 rows=1 width=121)
	  Index Cond: (id = 8445239)

table 2 : explain SELECT c FROM sbtest2 WHERE id=5799307
	Index Scan using sbtest2_pkey on sbtest2  (cost=0.43..8.45 rows=1 width=121)
	  Index Cond: (id = 5799307)

table 3 : explain SELECT c FROM sbtest3 WHERE id=6748022
	Index Scan using sbtest3_pkey on sbtest3  (cost=0.43..8.45 rows=1 width=121)
	  Index Cond: (id = 6748022)

table 4 : explain SELECT c FROM sbtest4 WHERE id=7836085
	Index Scan using sbtest4_pkey on sbtest4  (cost=0.43..8.45 rows=1 width=121)
	  Index Cond: (id = 7836085)

table 5 : explain SELECT c FROM sbtest5 WHERE id=6253940
	Index Scan using sbtest5_pkey on sbtest5  (cost=0.43..8.45 rows=1 width=121)
	  Index Cond: (id = 6253940)

table 6 : explain SELECT c FROM sbtest6 WHERE id=8057542
	Index Scan using sbtest6_pkey on sbtest6  (cost=0.43..8.45 rows=1 width=121)
	  Index Cond: (id = 8057542)

table 7 : explain SELECT c FROM sbtest7 WHERE id=2378656
	Index Scan using sbtest7_pkey on sbtest7  (cost=0.43..8.45 rows=1 width=121)
	  Index Cond: (id = 2378656)

table 8 : explain SELECT c FROM sbtest8 WHERE id=7133798
	Index Scan using sbtest8_pkey on sbtest8  (cost=0.43..8.45 rows=1 width=121)
	  Index Cond: (id = 7133798)

for point_selects
table 1 : explain SELECT c FROM sbtest1 WHERE id=8410335
	Index Scan using sbtest1_pkey on sbtest1  (cost=0.43..8.45 rows=1 width=121)
	  Index Cond: (id = 8410335)

table 2 : explain SELECT c FROM sbtest2 WHERE id=814628
	Index Scan using sbtest2_pkey on sbtest2  (cost=0.43..8.45 rows=1 width=121)
	  Index Cond: (id = 814628)

table 3 : explain SELECT c FROM sbtest3 WHERE id=1851619
	Index Scan using sbtest3_pkey on sbtest3  (cost=0.43..8.45 rows=1 width=121)
	  Index Cond: (id = 1851619)

table 4 : explain SELECT c FROM sbtest4 WHERE id=3607099
	Index Scan using sbtest4_pkey on sbtest4  (cost=0.43..8.45 rows=1 width=121)
	  Index Cond: (id = 3607099)

table 5 : explain SELECT c FROM sbtest5 WHERE id=7939301
	Index Scan using sbtest5_pkey on sbtest5  (cost=0.43..8.45 rows=1 width=121)
	  Index Cond: (id = 7939301)

table 6 : explain SELECT c FROM sbtest6 WHERE id=9763880
	Index Scan using sbtest6_pkey on sbtest6  (cost=0.43..8.45 rows=1 width=121)
	  Index Cond: (id = 9763880)

table 7 : explain SELECT c FROM sbtest7 WHERE id=514897
	Index Scan using sbtest7_pkey on sbtest7  (cost=0.43..8.45 rows=1 width=121)
	  Index Cond: (id = 514897)

table 8 : explain SELECT c FROM sbtest8 WHERE id=2057536
	Index Scan using sbtest8_pkey on sbtest8  (cost=0.43..8.45 rows=1 width=121)
	  Index Cond: (id = 2057536)

for point_selects
table 1 : explain SELECT c FROM sbtest1 WHERE id=2594713
	Index Scan using sbtest1_pkey on sbtest1  (cost=0.43..8.45 rows=1 width=121)
	  Index Cond: (id = 2594713)

table 2 : explain SELECT c FROM sbtest2 WHERE id=8710843
	Index Scan using sbtest2_pkey on sbtest2  (cost=0.43..8.45 rows=1 width=121)
	  Index Cond: (id = 8710843)

table 3 : explain SELECT c FROM sbtest3 WHERE id=9211577
	Index Scan using sbtest3_pkey on sbtest3  (cost=0.43..8.45 rows=1 width=121)
	  Index Cond: (id = 9211577)

table 4 : explain SELECT c FROM sbtest4 WHERE id=9715846
	Index Scan using sbtest4_pkey on sbtest4  (cost=0.43..8.45 rows=1 width=121)
	  Index Cond: (id = 9715846)

table 5 : explain SELECT c FROM sbtest5 WHERE id=2931378
	Index Scan using sbtest5_pkey on sbtest5  (cost=0.43..8.45 rows=1 width=121)
	  Index Cond: (id = 2931378)

table 6 : explain SELECT c FROM sbtest6 WHERE id=9325530
	Index Scan using sbtest6_pkey on sbtest6  (cost=0.43..8.45 rows=1 width=121)
	  Index Cond: (id = 9325530)

table 7 : explain SELECT c FROM sbtest7 WHERE id=1514592
	Index Scan using sbtest7_pkey on sbtest7  (cost=0.43..8.45 rows=1 width=121)
	  Index Cond: (id = 1514592)

table 8 : explain SELECT c FROM sbtest8 WHERE id=7210727
	Index Scan using sbtest8_pkey on sbtest8  (cost=0.43..8.45 rows=1 width=121)
	  Index Cond: (id = 7210727)

explain: for point_selects :: explain SELECT c FROM sbtest%u WHERE id=%u
for point_selects
table 1 : explain SELECT c FROM sbtest1 WHERE id=5476749
	Index Scan using sbtest1_pkey on sbtest1  (cost=0.43..8.45 rows=1 width=121)
	  Index Cond: (id = 5476749)

table 2 : explain SELECT c FROM sbtest2 WHERE id=835160
	Index Scan using sbtest2_pkey on sbtest2  (cost=0.43..8.45 rows=1 width=121)
	  Index Cond: (id = 835160)

table 3 : explain SELECT c FROM sbtest3 WHERE id=7626841
	Index Scan using sbtest3_pkey on sbtest3  (cost=0.43..8.45 rows=1 width=121)
	  Index Cond: (id = 7626841)

table 4 : explain SELECT c FROM sbtest4 WHERE id=494072
	Index Scan using sbtest4_pkey on sbtest4  (cost=0.43..8.45 rows=1 width=121)
	  Index Cond: (id = 494072)

table 5 : explain SELECT c FROM sbtest5 WHERE id=5325839
	Index Scan using sbtest5_pkey on sbtest5  (cost=0.43..8.45 rows=1 width=121)
	  Index Cond: (id = 5325839)

table 6 : explain SELECT c FROM sbtest6 WHERE id=7895336
	Index Scan using sbtest6_pkey on sbtest6  (cost=0.43..8.45 rows=1 width=121)
	  Index Cond: (id = 7895336)

table 7 : explain SELECT c FROM sbtest7 WHERE id=8632918
	Index Scan using sbtest7_pkey on sbtest7  (cost=0.43..8.45 rows=1 width=121)
	  Index Cond: (id = 8632918)

table 8 : explain SELECT c FROM sbtest8 WHERE id=4974916
	Index Scan using sbtest8_pkey on sbtest8  (cost=0.43..8.45 rows=1 width=121)
	  Index Cond: (id = 4974916)

for point_selects
table 1 : explain SELECT c FROM sbtest1 WHERE id=2432169
	Index Scan using sbtest1_pkey on sbtest1  (cost=0.43..8.45 rows=1 width=121)
	  Index Cond: (id = 2432169)

table 2 : explain SELECT c FROM sbtest2 WHERE id=5711945
	Index Scan using sbtest2_pkey on sbtest2  (cost=0.43..8.45 rows=1 width=121)
	  Index Cond: (id = 5711945)

table 3 : explain SELECT c FROM sbtest3 WHERE id=8204831
	Index Scan using sbtest3_pkey on sbtest3  (cost=0.43..8.45 rows=1 width=121)
	  Index Cond: (id = 8204831)

table 4 : explain SELECT c FROM sbtest4 WHERE id=7734675
	Index Scan using sbtest4_pkey on sbtest4  (cost=0.43..8.45 rows=1 width=121)
	  Index Cond: (id = 7734675)

table 5 : explain SELECT c FROM sbtest5 WHERE id=3728287
	Index Scan using sbtest5_pkey on sbtest5  (cost=0.43..8.45 rows=1 width=121)
	  Index Cond: (id = 3728287)

table 6 : explain SELECT c FROM sbtest6 WHERE id=9110503
	Index Scan using sbtest6_pkey on sbtest6  (cost=0.43..8.45 rows=1 width=121)
	  Index Cond: (id = 9110503)

table 7 : explain SELECT c FROM sbtest7 WHERE id=3161386
	Index Scan using sbtest7_pkey on sbtest7  (cost=0.43..8.45 rows=1 width=121)
	  Index Cond: (id = 3161386)

table 8 : explain SELECT c FROM sbtest8 WHERE id=8333555
	Index Scan using sbtest8_pkey on sbtest8  (cost=0.43..8.45 rows=1 width=121)
	  Index Cond: (id = 8333555)

for point_selects
table 1 : explain SELECT c FROM sbtest1 WHERE id=817084
	Index Scan using sbtest1_pkey on sbtest1  (cost=0.43..8.45 rows=1 width=121)
	  Index Cond: (id = 817084)

table 2 : explain SELECT c FROM sbtest2 WHERE id=6326884
	Index Scan using sbtest2_pkey on sbtest2  (cost=0.43..8.45 rows=1 width=121)
	  Index Cond: (id = 6326884)

table 3 : explain SELECT c FROM sbtest3 WHERE id=1156836
	Index Scan using sbtest3_pkey on sbtest3  (cost=0.43..8.45 rows=1 width=121)
	  Index Cond: (id = 1156836)

table 4 : explain SELECT c FROM sbtest4 WHERE id=7068788
	Index Scan using sbtest4_pkey on sbtest4  (cost=0.43..8.45 rows=1 width=121)
	  Index Cond: (id = 7068788)

table 5 : explain SELECT c FROM sbtest5 WHERE id=3656557
	Index Scan using sbtest5_pkey on sbtest5  (cost=0.43..8.45 rows=1 width=121)
	  Index Cond: (id = 3656557)

table 6 : explain SELECT c FROM sbtest6 WHERE id=9600519
	Index Scan using sbtest6_pkey on sbtest6  (cost=0.43..8.45 rows=1 width=121)
	  Index Cond: (id = 9600519)

table 7 : explain SELECT c FROM sbtest7 WHERE id=6068711
	Index Scan using sbtest7_pkey on sbtest7  (cost=0.43..8.45 rows=1 width=121)
	  Index Cond: (id = 6068711)

table 8 : explain SELECT c FROM sbtest8 WHERE id=3060699
	Index Scan using sbtest8_pkey on sbtest8  (cost=0.43..8.45 rows=1 width=121)
	  Index Cond: (id = 3060699)

explain: for point_selects :: explain SELECT c FROM sbtest%u WHERE id=%u
for point_selects
table 1 : explain SELECT c FROM sbtest1 WHERE id=6028807
	Index Scan using sbtest1_pkey on sbtest1  (cost=0.43..8.45 rows=1 width=121)
	  Index Cond: (id = 6028807)

table 2 : explain SELECT c FROM sbtest2 WHERE id=8074835
	Index Scan using sbtest2_pkey on sbtest2  (cost=0.43..8.45 rows=1 width=121)
	  Index Cond: (id = 8074835)

table 3 : explain SELECT c FROM sbtest3 WHERE id=862881
	Index Scan using sbtest3_pkey on sbtest3  (cost=0.43..8.45 rows=1 width=121)
	  Index Cond: (id = 862881)

table 4 : explain SELECT c FROM sbtest4 WHERE id=2707613
	Index Scan using sbtest4_pkey on sbtest4  (cost=0.43..8.45 rows=1 width=121)
	  Index Cond: (id = 2707613)

table 5 : explain SELECT c FROM sbtest5 WHERE id=5644870
	Index Scan using sbtest5_pkey on sbtest5  (cost=0.43..8.45 rows=1 width=121)
	  Index Cond: (id = 5644870)

table 6 : explain SELECT c FROM sbtest6 WHERE id=8136595
	Index Scan using sbtest6_pkey on sbtest6  (cost=0.43..8.45 rows=1 width=121)
	  Index Cond: (id = 8136595)

table 7 : explain SELECT c FROM sbtest7 WHERE id=472774
	Index Scan using sbtest7_pkey on sbtest7  (cost=0.43..8.45 rows=1 width=121)
	  Index Cond: (id = 472774)

table 8 : explain SELECT c FROM sbtest8 WHERE id=1237764
	Index Scan using sbtest8_pkey on sbtest8  (cost=0.43..8.45 rows=1 width=121)
	  Index Cond: (id = 1237764)

explain: for point_selects :: explain SELECT c FROM sbtest%u WHERE id=%uexplain: for point_selects :: explain SELECT c FROM sbtest%u WHERE id=%u
explain: for point_selects :: explain SELECT c FROM sbtest%u WHERE id=%ufor point_selects
table 1 : explain SELECT c FROM sbtest1 WHERE id=8633125
	Index Scan using sbtest1_pkey on sbtest1  (cost=0.43..8.45 rows=1 width=121)
	  Index Cond: (id = 8633125)

table 2 : explain SELECT c FROM sbtest2 WHERE id=4970563
	Index Scan using sbtest2_pkey on sbtest2  (cost=0.43..8.45 rows=1 width=121)
	  Index Cond: (id = 4970563)

table 3 : explain SELECT c FROM sbtest3 WHERE id=3010098
	Index Scan using sbtest3_pkey on sbtest3  (cost=0.43..8.45 rows=1 width=121)
	  Index Cond: (id = 3010098)

table 4 : explain SELECT c FROM sbtest4 WHERE id=3667419
	Index Scan using sbtest4_pkey on sbtest4  (cost=0.43..8.45 rows=1 width=121)
	  Index Cond: (id = 3667419)

table 5 : explain SELECT c FROM sbtest5 WHERE id=1399892
	Index Scan using sbtest5_pkey on sbtest5  (cost=0.43..8.45 rows=1 width=121)
	  Index Cond: (id = 1399892)

table 6 : explain SELECT c FROM sbtest6 WHERE id=4416893
	Index Scan using sbtest6_pkey on sbtest6  (cost=0.43..8.45 rows=1 width=121)
	  Index Cond: (id = 4416893)

table 7 : explain SELECT c FROM sbtest7 WHERE id=9135439
	Index Scan using sbtest7_pkey on sbtest7  (cost=0.43..8.45 rows=1 width=121)
	  Index Cond: (id = 9135439)

table 8 : explain SELECT c FROM sbtest8 WHERE id=1327681
	Index Scan using sbtest8_pkey on sbtest8  (cost=0.43..8.45 rows=1 width=121)
	  Index Cond: (id = 1327681)



for: simple_ranges
table 1 : explain SELECT c FROM sbtest1 WHERE id BETWEEN 9149806 AND 9149815
	Index Scan using sbtest1_pkey on sbtest1  (cost=0.43..43.77 rows=10 width=121)
	  Index Cond: ((id >= 9149806) AND (id <= 9149815))

table 2 : explain SELECT c FROM sbtest2 WHERE id BETWEEN 1344914 AND 1344923
	Index Scan using sbtest2_pkey on sbtest2  (cost=0.43..47.58 rows=11 width=121)
	  Index Cond: ((id >= 1344914) AND (id <= 1344923))

table 3 : explain SELECT c FROM sbtest3 WHERE id BETWEEN 5937070 AND 5937079
	Index Scan using sbtest3_pkey on sbtest3  (cost=0.43..43.78 rows=10 width=121)
	  Index Cond: ((id >= 5937070) AND (id <= 5937079))

table 4 : explain SELECT c FROM sbtest4 WHERE id BETWEEN 9707002 AND 9707011
	Index Scan using sbtest4_pkey on sbtest4  (cost=0.43..43.62 rows=10 width=121)
	  Index Cond: ((id >= 9707002) AND (id <= 9707011))

table 5 : explain SELECT c FROM sbtest5 WHERE id BETWEEN 1173551 AND 1173560
	Index Scan using sbtest5_pkey on sbtest5  (cost=0.43..43.68 rows=10 width=121)
	  Index Cond: ((id >= 1173551) AND (id <= 1173560))

table 6 : explain SELECT c FROM sbtest6 WHERE id BETWEEN 6806618 AND 6806627
	Index Scan using sbtest6_pkey on sbtest6  (cost=0.43..43.75 rows=10 width=121)
	  Index Cond: ((id >= 6806618) AND (id <= 6806627))

table 7 : explain SELECT c FROM sbtest7 WHERE id BETWEEN 3212931 AND 3212940
	Index Scan using sbtest7_pkey on sbtest7  (cost=0.43..43.68 rows=10 width=121)
	  Index Cond: ((id >= 3212931) AND (id <= 3212940))

table 8 : explain SELECT c FROM sbtest8 WHERE id BETWEEN 8307973 AND 8307982
	Index Scan using sbtest8_pkey on sbtest8  (cost=0.43..43.70 rows=10 width=121)
	  Index Cond: ((id >= 8307973) AND (id <= 8307982))

for: simple_ranges
table 1 : explain SELECT c FROM sbtest1 WHERE id BETWEEN 563846 AND 563855
	Index Scan using sbtest1_pkey on sbtest1  (cost=0.43..47.69 rows=11 width=121)
	  Index Cond: ((id >= 563846) AND (id <= 563855))

table 2 : explain SELECT c FROM sbtest2 WHERE id BETWEEN 966734 AND 966743
	Index Scan using sbtest2_pkey on sbtest2  (cost=0.43..43.67 rows=10 width=121)
	  Index Cond: ((id >= 966734) AND (id <= 966743))

table 3 : explain SELECT c FROM sbtest3 WHERE id BETWEEN 2360979 AND 2360988
	Index Scan using sbtest3_pkey on sbtest3  (cost=0.43..43.78 rows=10 width=121)
	  Index Cond: ((id >= 2360979) AND (id <= 2360988))

table 4 : explain SELECT c FROM sbtest4 WHERE id BETWEEN 356400 AND 356409
	Index Scan using sbtest4_pkey on sbtest4  (cost=0.43..39.72 rows=9 width=121)
	  Index Cond: ((id >= 356400) AND (id <= 356409))

table 5 : explain SELECT c FROM sbtest5 WHERE id BETWEEN 9569427 AND 9569436
	Index Scan using sbtest5_pkey on sbtest5  (cost=0.43..43.68 rows=10 width=121)
	  Index Cond: ((id >= 9569427) AND (id <= 9569436))

table 6 : explain SELECT c FROM sbtest6 WHERE id BETWEEN 1340295 AND 1340304
	Index Scan using sbtest6_pkey on sbtest6  (cost=0.43..47.68 rows=11 width=121)
	  Index Cond: ((id >= 1340295) AND (id <= 1340304))

table 7 : explain SELECT c FROM sbtest7 WHERE id BETWEEN 5550468 AND 5550477
	Index Scan using sbtest7_pkey on sbtest7  (cost=0.43..43.68 rows=10 width=121)
	  Index Cond: ((id >= 5550468) AND (id <= 5550477))

table 8 : explain SELECT c FROM sbtest8 WHERE id BETWEEN 4064996 AND 4065005
	Index Scan using sbtest8_pkey on sbtest8  (cost=0.43..43.70 rows=10 width=121)
	  Index Cond: ((id >= 4064996) AND (id <= 4065005))

explain: for point_selects :: explain SELECT c FROM sbtest%u WHERE id=%u
for point_selects
table 1 : explain SELECT c FROM sbtest1 WHERE id=7315366
	Index Scan using sbtest1_pkey on sbtest1  (cost=0.43..8.45 rows=1 width=121)
	  Index Cond: (id = 7315366)

table 2 : explain SELECT c FROM sbtest2 WHERE id=9079494
	Index Scan using sbtest2_pkey on sbtest2  (cost=0.43..8.45 rows=1 width=121)
	  Index Cond: (id = 9079494)

table 3 : explain SELECT c FROM sbtest3 WHERE id=2906255
	Index Scan using sbtest3_pkey on sbtest3  (cost=0.43..8.45 rows=1 width=121)
	  Index Cond: (id = 2906255)

table 4 : explain SELECT c FROM sbtest4 WHERE id=3478202
	Index Scan using sbtest4_pkey on sbtest4  (cost=0.43..8.45 rows=1 width=121)
	  Index Cond: (id = 3478202)

table 5 : explain SELECT c FROM sbtest5 WHERE id=1090548
	Index Scan using sbtest5_pkey on sbtest5  (cost=0.43..8.45 rows=1 width=121)
	  Index Cond: (id = 1090548)

table 6 : explain SELECT c FROM sbtest6 WHERE id=5192783
	Index Scan using sbtest6_pkey on sbtest6  (cost=0.43..8.45 rows=1 width=121)
	  Index Cond: (id = 5192783)

table 7 : explain SELECT c FROM sbtest7 WHERE id=5891740
	Index Scan using sbtest7_pkey on sbtest7  (cost=0.43..8.45 rows=1 width=121)
	  Index Cond: (id = 5891740)

table 8 : explain SELECT c FROM sbtest8 WHERE id=1465771
	Index Scan using sbtest8_pkey on sbtest8  (cost=0.43..8.45 rows=1 width=121)
	  Index Cond: (id = 1465771)

for: simple_ranges
table 1 : explain SELECT c FROM sbtest1 WHERE id BETWEEN 7477573 AND 7477582
	Index Scan using sbtest1_pkey on sbtest1  (cost=0.43..47.69 rows=11 width=121)
	  Index Cond: ((id >= 7477573) AND (id <= 7477582))

table 2 : explain SELECT c FROM sbtest2 WHERE id BETWEEN 5163033 AND 5163042
	Index Scan using sbtest2_pkey on sbtest2  (cost=0.43..39.75 rows=9 width=121)
	  Index Cond: ((id >= 5163033) AND (id <= 5163042))

table 3 : explain SELECT c FROM sbtest3 WHERE id BETWEEN 7138196 AND 7138205
	Index Scan using sbtest3_pkey on sbtest3  (cost=0.43..43.78 rows=10 width=121)
	  Index Cond: ((id >= 7138196) AND (id <= 7138205))

table 4 : explain SELECT c FROM sbtest4 WHERE id BETWEEN 1419571 AND 1419580
	Index Scan using sbtest4_pkey on sbtest4  (cost=0.43..47.53 rows=11 width=121)
	  Index Cond: ((id >= 1419571) AND (id <= 1419580))

table 5 : explain SELECT c FROM sbtest5 WHERE id BETWEEN 7541752 AND 7541761
	Index Scan using sbtest5_pkey on sbtest5  (cost=0.43..43.68 rows=10 width=121)
	  Index Cond: ((id >= 7541752) AND (id <= 7541761))

table 6 : explain SELECT c FROM sbtest6 WHERE id BETWEEN 1073684 AND 1073693
	Index Scan using sbtest6_pkey on sbtest6  (cost=0.43..43.75 rows=10 width=121)
	  Index Cond: ((id >= 1073684) AND (id <= 1073693))

table 7 : explain SELECT c FROM sbtest7 WHERE id BETWEEN 8324493 AND 8324502
	Index Scan using sbtest7_pkey on sbtest7  (cost=0.43..47.59 rows=11 width=121)
	  Index Cond: ((id >= 8324493) AND (id <= 8324502))

table 8 : explain SELECT c FROM sbtest8 WHERE id BETWEEN 3410018 AND 3410027
	Index Scan using sbtest8_pkey on sbtest8  (cost=0.43..43.70 rows=10 width=121)
	  Index Cond: ((id >= 3410018) AND (id <= 3410027))

for: simple_ranges
table 1 : explain SELECT c FROM sbtest1 WHERE id BETWEEN 8454699 AND 8454708
	Index Scan using sbtest1_pkey on sbtest1  (cost=0.43..39.84 rows=9 width=121)
	  Index Cond: ((id >= 8454699) AND (id <= 8454708))

table 2 : explain SELECT c FROM sbtest2 WHERE id BETWEEN 9124957 AND 9124966
	Index Scan using sbtest2_pkey on sbtest2  (cost=0.43..43.67 rows=10 width=121)
	  Index Cond: ((id >= 9124957) AND (id <= 9124966))

table 3 : explain SELECT c FROM sbtest3 WHERE id BETWEEN 5269488 AND 5269497
	Index Scan using sbtest3_pkey on sbtest3  (cost=0.43..43.78 rows=10 width=121)
	  Index Cond: ((id >= 5269488) AND (id <= 5269497))

table 4 : explain SELECT c FROM sbtest4 WHERE id BETWEEN 1751635 AND 1751644
	Index Scan using sbtest4_pkey on sbtest4  (cost=0.43..47.53 rows=11 width=121)
	  Index Cond: ((id >= 1751635) AND (id <= 1751644))

table 5 : explain SELECT c FROM sbtest5 WHERE id BETWEEN 7075348 AND 7075357
	Index Scan using sbtest5_pkey on sbtest5  (cost=0.43..43.68 rows=10 width=121)
	  Index Cond: ((id >= 7075348) AND (id <= 7075357))

table 6 : explain SELECT c FROM sbtest6 WHERE id BETWEEN 5236825 AND 5236834
	Index Scan using sbtest6_pkey on sbtest6  (cost=0.43..43.75 rows=10 width=121)
	  Index Cond: ((id >= 5236825) AND (id <= 5236834))

table 7 : explain SELECT c FROM sbtest7 WHERE id BETWEEN 4106401 AND 4106410
	Index Scan using sbtest7_pkey on sbtest7  (cost=0.43..43.68 rows=10 width=121)
	  Index Cond: ((id >= 4106401) AND (id <= 4106410))

table 8 : explain SELECT c FROM sbtest8 WHERE id BETWEEN 6613243 AND 6613252
	Index Scan using sbtest8_pkey on sbtest8  (cost=0.43..47.61 rows=11 width=121)
	  Index Cond: ((id >= 6613243) AND (id <= 6613252))

explain: for point_selects :: explain SELECT c FROM sbtest%u WHERE id=%u
for point_selects
table 1 : explain SELECT c FROM sbtest1 WHERE id=1480994
	Index Scan using sbtest1_pkey on sbtest1  (cost=0.43..8.45 rows=1 width=121)
	  Index Cond: (id = 1480994)

table 2 : explain SELECT c FROM sbtest2 WHERE id=2844874
	Index Scan using sbtest2_pkey on sbtest2  (cost=0.43..8.45 rows=1 width=121)
	  Index Cond: (id = 2844874)

table 3 : explain SELECT c FROM sbtest3 WHERE id=3280202
	Index Scan using sbtest3_pkey on sbtest3  (cost=0.43..8.45 rows=1 width=121)
	  Index Cond: (id = 3280202)

table 4 : explain SELECT c FROM sbtest4 WHERE id=6061846
	Index Scan using sbtest4_pkey on sbtest4  (cost=0.43..8.45 rows=1 width=121)
	  Index Cond: (id = 6061846)

table 5 : explain SELECT c FROM sbtest5 WHERE id=9425467
	Index Scan using sbtest5_pkey on sbtest5  (cost=0.43..8.45 rows=1 width=121)
	  Index Cond: (id = 9425467)

table 6 : explain SELECT c FROM sbtest6 WHERE id=6770031
	Index Scan using sbtest6_pkey on sbtest6  (cost=0.43..8.45 rows=1 width=121)
	  Index Cond: (id = 6770031)

table 7 : explain SELECT c FROM sbtest7 WHERE id=1299544
	Index Scan using sbtest7_pkey on sbtest7  (cost=0.43..8.45 rows=1 width=121)
	  Index Cond: (id = 1299544)

table 8 : explain SELECT c FROM sbtest8 WHERE id=4983012
	Index Scan using sbtest8_pkey on sbtest8  (cost=0.43..8.45 rows=1 width=121)
	  Index Cond: (id = 4983012)

explain: for point_selects :: explain SELECT c FROM sbtest%u WHERE id=%u
for: simple_ranges
table 1 : explain SELECT c FROM sbtest1 WHERE id BETWEEN 6825344 AND 6825353
	Index Scan using sbtest1_pkey on sbtest1  (cost=0.43..47.69 rows=11 width=121)
	  Index Cond: ((id >= 6825344) AND (id <= 6825353))

table 2 : explain SELECT c FROM sbtest2 WHERE id BETWEEN 3977541 AND 3977550
	Index Scan using sbtest2_pkey on sbtest2  (cost=0.43..43.67 rows=10 width=121)
	  Index Cond: ((id >= 3977541) AND (id <= 3977550))

table 3 : explain SELECT c FROM sbtest3 WHERE id BETWEEN 3366644 AND 3366653
	Index Scan using sbtest3_pkey on sbtest3  (cost=0.43..43.78 rows=10 width=121)
	  Index Cond: ((id >= 3366644) AND (id <= 3366653))

table 4 : explain SELECT c FROM sbtest4 WHERE id BETWEEN 5790779 AND 5790788
	Index Scan using sbtest4_pkey on sbtest4  (cost=0.43..43.62 rows=10 width=121)
	  Index Cond: ((id >= 5790779) AND (id <= 5790788))

table 5 : explain SELECT c FROM sbtest5 WHERE id BETWEEN 3317364 AND 3317373
	Index Scan using sbtest5_pkey on sbtest5  (cost=0.43..39.77 rows=9 width=121)
	  Index Cond: ((id >= 3317364) AND (id <= 3317373))

table 6 : explain SELECT c FROM sbtest6 WHERE id BETWEEN 9249820 AND 9249829
	Index Scan using sbtest6_pkey on sbtest6  (cost=0.43..39.83 rows=9 width=121)
	  Index Cond: ((id >= 9249820) AND (id <= 9249829))

table 7 : explain SELECT c FROM sbtest7 WHERE id BETWEEN 9168594 AND 9168603
	Index Scan using sbtest7_pkey on sbtest7  (cost=0.43..39.76 rows=9 width=121)
	  Index Cond: ((id >= 9168594) AND (id <= 9168603))

table 8 : explain SELECT c FROM sbtest8 WHERE id BETWEEN 4801856 AND 4801865
	Index Scan using sbtest8_pkey on sbtest8  (cost=0.43..39.78 rows=9 width=121)
	  Index Cond: ((id >= 4801856) AND (id <= 4801865))

for: simple_ranges
table 1 : explain SELECT c FROM sbtest1 WHERE id BETWEEN 1867862 AND 1867871
	Index Scan using sbtest1_pkey on sbtest1  (cost=0.43..43.77 rows=10 width=121)
	  Index Cond: ((id >= 1867862) AND (id <= 1867871))

table 2 : explain SELECT c FROM sbtest2 WHERE id BETWEEN 6509822 AND 6509831
	Index Scan using sbtest2_pkey on sbtest2  (cost=0.43..39.75 rows=9 width=121)
	  Index Cond: ((id >= 6509822) AND (id <= 6509831))

table 3 : explain SELECT c FROM sbtest3 WHERE id BETWEEN 7226995 AND 7227004
	Index Scan using sbtest3_pkey on sbtest3  (cost=0.43..43.78 rows=10 width=121)
	  Index Cond: ((id >= 7226995) AND (id <= 7227004))

table 4 : explain SELECT c FROM sbtest4 WHERE id BETWEEN 766072 AND 766081
	Index Scan using sbtest4_pkey on sbtest4  (cost=0.43..43.62 rows=10 width=121)
	  Index Cond: ((id >= 766072) AND (id <= 766081))

table 5 : explain SELECT c FROM sbtest5 WHERE id BETWEEN 7804593 AND 7804602
	Index Scan using sbtest5_pkey on sbtest5  (cost=0.43..47.59 rows=11 width=121)
	  Index Cond: ((id >= 7804593) AND (id <= 7804602))

table 6 : explain SELECT c FROM sbtest6 WHERE id BETWEEN 8184165 AND 8184174
	Index Scan using sbtest6_pkey on sbtest6  (cost=0.43..39.83 rows=9 width=121)
	  Index Cond: ((id >= 8184165) AND (id <= 8184174))

table 7 : explain SELECT c FROM sbtest7 WHERE id BETWEEN 2722439 AND 2722448
	Index Scan using sbtest7_pkey on sbtest7  (cost=0.43..39.76 rows=9 width=121)
	  Index Cond: ((id >= 2722439) AND (id <= 2722448))

table 8 : explain SELECT c FROM sbtest8 WHERE id BETWEEN 4021127 AND 4021136
	Index Scan using sbtest8_pkey on sbtest8  (cost=0.43..43.70 rows=10 width=121)
	  Index Cond: ((id >= 4021127) AND (id <= 4021136))

for point_selects
table 1 : explain SELECT c FROM sbtest1 WHERE id=5337838
	Index Scan using sbtest1_pkey on sbtest1  (cost=0.43..8.45 rows=1 width=121)
	  Index Cond: (id = 5337838)

table 2 : explain SELECT c FROM sbtest2 WHERE id=2468433
	Index Scan using sbtest2_pkey on sbtest2  (cost=0.43..8.45 rows=1 width=121)
	  Index Cond: (id = 2468433)

table 3 : explain SELECT c FROM sbtest3 WHERE id=4247085
	Index Scan using sbtest3_pkey on sbtest3  (cost=0.43..8.45 rows=1 width=121)
	  Index Cond: (id = 4247085)

table 4 : explain SELECT c FROM sbtest4 WHERE id=4806361
	Index Scan using sbtest4_pkey on sbtest4  (cost=0.43..8.45 rows=1 width=121)
	  Index Cond: (id = 4806361)

table 5 : explain SELECT c FROM sbtest5 WHERE id=4657097
	Index Scan using sbtest5_pkey on sbtest5  (cost=0.43..8.45 rows=1 width=121)
	  Index Cond: (id = 4657097)

table 6 : explain SELECT c FROM sbtest6 WHERE id=5207857
	Index Scan using sbtest6_pkey on sbtest6  (cost=0.43..8.45 rows=1 width=121)
	  Index Cond: (id = 5207857)

table 7 : explain SELECT c FROM sbtest7 WHERE id=2053682
	Index Scan using sbtest7_pkey on sbtest7  (cost=0.43..8.45 rows=1 width=121)
	  Index Cond: (id = 2053682)

table 8 : explain SELECT c FROM sbtest8 WHERE id=5630148
	Index Scan using sbtest8_pkey on sbtest8  (cost=0.43..8.45 rows=1 width=121)
	  Index Cond: (id = 5630148)
for: simple_ranges
table 1 : explain SELECT c FROM sbtest1 WHERE id BETWEEN 2008354 AND 2008363
	Index Scan using sbtest1_pkey on sbtest1  (cost=0.43..43.77 rows=10 width=121)
	  Index Cond: ((id >= 2008354) AND (id <= 2008363))

table 2 : explain SELECT c FROM sbtest2 WHERE id BETWEEN 210748 AND 210757
	Index Scan using sbtest2_pkey on sbtest2  (cost=0.43..43.67 rows=10 width=121)
	  Index Cond: ((id >= 210748) AND (id <= 210757))

table 3 : explain SELECT c FROM sbtest3 WHERE id BETWEEN 4679007 AND 4679016
	Index Scan using sbtest3_pkey on sbtest3  (cost=0.43..43.78 rows=10 width=121)
	  Index Cond: ((id >= 4679007) AND (id <= 4679016))

table 4 : explain SELECT c FROM sbtest4 WHERE id BETWEEN 1849495 AND 1849504
	Index Scan using sbtest4_pkey on sbtest4  (cost=0.43..43.62 rows=10 width=121)
	  Index Cond: ((id >= 1849495) AND (id <= 1849504))

table 5 : explain SELECT c FROM sbtest5 WHERE id BETWEEN 2734383 AND 2734392
	Index Scan using sbtest5_pkey on sbtest5  (cost=0.43..47.59 rows=11 width=121)
	  Index Cond: ((id >= 2734383) AND (id <= 2734392))

table 6 : explain SELECT c FROM sbtest6 WHERE id BETWEEN 4485795 AND 4485804
	Index Scan using sbtest6_pkey on sbtest6  (cost=0.43..43.75 rows=10 width=121)
	  Index Cond: ((id >= 4485795) AND (id <= 4485804))

table 7 : explain SELECT c FROM sbtest7 WHERE id BETWEEN 7624568 AND 7624577
	Index Scan using sbtest7_pkey on sbtest7  (cost=0.43..43.68 rows=10 width=121)
	  Index Cond: ((id >= 7624568) AND (id <= 7624577))

table 8 : explain SELECT c FROM sbtest8 WHERE id BETWEEN 7926145 AND 7926154
	Index Scan using sbtest8_pkey on sbtest8  (cost=0.43..43.70 rows=10 width=121)
	  Index Cond: ((id >= 7926145) AND (id <= 7926154))


explain: for point_selects :: explain SELECT c FROM sbtest%u WHERE id=%u
for: simple_ranges
table 1 : explain SELECT c FROM sbtest1 WHERE id BETWEEN 5121376 AND 5121385
	Index Scan using sbtest1_pkey on sbtest1  (cost=0.43..47.69 rows=11 width=121)
	  Index Cond: ((id >= 5121376) AND (id <= 5121385))

table 2 : explain SELECT c FROM sbtest2 WHERE id BETWEEN 8647228 AND 8647237
	Index Scan using sbtest2_pkey on sbtest2  (cost=0.43..47.58 rows=11 width=121)
	  Index Cond: ((id >= 8647228) AND (id <= 8647237))

table 3 : explain SELECT c FROM sbtest3 WHERE id BETWEEN 7116982 AND 7116991
	Index Scan using sbtest3_pkey on sbtest3  (cost=0.43..43.78 rows=10 width=121)
	  Index Cond: ((id >= 7116982) AND (id <= 7116991))

table 4 : explain SELECT c FROM sbtest4 WHERE id BETWEEN 9471894 AND 9471903
	Index Scan using sbtest4_pkey on sbtest4  (cost=0.43..39.72 rows=9 width=121)
	  Index Cond: ((id >= 9471894) AND (id <= 9471903))

table 5 : explain SELECT c FROM sbtest5 WHERE id BETWEEN 2295417 AND 2295426
	Index Scan using sbtest5_pkey on sbtest5  (cost=0.43..43.68 rows=10 width=121)
	  Index Cond: ((id >= 2295417) AND (id <= 2295426))

table 6 : explain SELECT c FROM sbtest6 WHERE id BETWEEN 8725835 AND 8725844
	Index Scan using sbtest6_pkey on sbtest6  (cost=0.43..39.83 rows=9 width=121)
	  Index Cond: ((id >= 8725835) AND (id <= 8725844))

table 7 : explain SELECT c FROM sbtest7 WHERE id BETWEEN 1126178 AND 1126187
	Index Scan using sbtest7_pkey on sbtest7  (cost=0.43..43.68 rows=10 width=121)
	  Index Cond: ((id >= 1126178) AND (id <= 1126187))

table 8 : explain SELECT c FROM sbtest8 WHERE id BETWEEN 9675632 AND 9675641
	Index Scan using sbtest8_pkey on sbtest8  (cost=0.43..43.70 rows=10 width=121)
	  Index Cond: ((id >= 9675632) AND (id <= 9675641))
for: simple_ranges
table 1 : explain SELECT c FROM sbtest1 WHERE id BETWEEN 6761029 AND 6761038
	Index Scan using sbtest1_pkey on sbtest1  (cost=0.43..43.77 rows=10 width=121)
	  Index Cond: ((id >= 6761029) AND (id <= 6761038))

table 2 : explain SELECT c FROM sbtest2 WHERE id BETWEEN 4612549 AND 4612558
	Index Scan using sbtest2_pkey on sbtest2  (cost=0.43..47.58 rows=11 width=121)
	  Index Cond: ((id >= 4612549) AND (id <= 4612558))

table 3 : explain SELECT c FROM sbtest3 WHERE id BETWEEN 6381907 AND 6381916
	Index Scan using sbtest3_pkey on sbtest3  (cost=0.43..47.71 rows=11 width=121)
	  Index Cond: ((id >= 6381907) AND (id <= 6381916))

table 4 : explain SELECT c FROM sbtest4 WHERE id BETWEEN 1216312 AND 1216321
	Index Scan using sbtest4_pkey on sbtest4  (cost=0.43..43.62 rows=10 width=121)
	  Index Cond: ((id >= 1216312) AND (id <= 1216321))

table 5 : explain SELECT c FROM sbtest5 WHERE id BETWEEN 8017954 AND 8017963
	Index Scan using sbtest5_pkey on sbtest5  (cost=0.43..43.68 rows=10 width=121)
	  Index Cond: ((id >= 8017954) AND (id <= 8017963))

table 6 : explain SELECT c FROM sbtest6 WHERE id BETWEEN 5703580 AND 5703589
	Index Scan using sbtest6_pkey on sbtest6  (cost=0.43..47.68 rows=11 width=121)
	  Index Cond: ((id >= 5703580) AND (id <= 5703589))

table 7 : explain SELECT c FROM sbtest7 WHERE id BETWEEN 1578468 AND 1578477
	Index Scan using sbtest7_pkey on sbtest7  (cost=0.43..43.68 rows=10 width=121)
	  Index Cond: ((id >= 1578468) AND (id <= 1578477))

table 8 : explain SELECT c FROM sbtest8 WHERE id BETWEEN 9464291 AND 9464300
	Index Scan using sbtest8_pkey on sbtest8  (cost=0.43..47.61 rows=11 width=121)
	  Index Cond: ((id >= 9464291) AND (id <= 9464300))

explain: for point_selects :: explain SELECT c FROM sbtest%u WHERE id=%u
for: simple_ranges
table 1 : explain SELECT c FROM sbtest1 WHERE id BETWEEN 4738608 AND 4738617
	Index Scan using sbtest1_pkey on sbtest1  (cost=0.43..43.77 rows=10 width=121)
	  Index Cond: ((id >= 4738608) AND (id <= 4738617))

table 2 : explain SELECT c FROM sbtest2 WHERE id BETWEEN 3188355 AND 3188364
	Index Scan using sbtest2_pkey on sbtest2  (cost=0.43..43.67 rows=10 width=121)
	  Index Cond: ((id >= 3188355) AND (id <= 3188364))

table 3 : explain SELECT c FROM sbtest3 WHERE id BETWEEN 874413 AND 874422
	Index Scan using sbtest3_pkey on sbtest3  (cost=0.43..43.78 rows=10 width=121)
	  Index Cond: ((id >= 874413) AND (id <= 874422))

table 4 : explain SELECT c FROM sbtest4 WHERE id BETWEEN 7549152 AND 7549161
	Index Scan using sbtest4_pkey on sbtest4  (cost=0.43..47.53 rows=11 width=121)
	  Index Cond: ((id >= 7549152) AND (id <= 7549161))

table 5 : explain SELECT c FROM sbtest5 WHERE id BETWEEN 7531437 AND 7531446
	Index Scan using sbtest5_pkey on sbtest5  (cost=0.43..43.68 rows=10 width=121)
	  Index Cond: ((id >= 7531437) AND (id <= 7531446))

table 6 : explain SELECT c FROM sbtest6 WHERE id BETWEEN 8622178 AND 8622187
	Index Scan using sbtest6_pkey on sbtest6  (cost=0.43..47.68 rows=11 width=121)
	  Index Cond: ((id >= 8622178) AND (id <= 8622187))

table 7 : explain SELECT c FROM sbtest7 WHERE id BETWEEN 934377 AND 934386
	Index Scan using sbtest7_pkey on sbtest7  (cost=0.43..43.68 rows=10 width=121)
	  Index Cond: ((id >= 934377) AND (id <= 934386))

table 8 : explain SELECT c FROM sbtest8 WHERE id BETWEEN 9847964 AND 9847973
	Index Scan using sbtest8_pkey on sbtest8  (cost=0.43..43.70 rows=10 width=121)
	  Index Cond: ((id >= 9847964) AND (id <= 9847973))

for: simple_ranges
table 1 : explain SELECT c FROM sbtest1 WHERE id BETWEEN 9122830 AND 9122839
	Index Scan using sbtest1_pkey on sbtest1  (cost=0.43..39.84 rows=9 width=121)
	  Index Cond: ((id >= 9122830) AND (id <= 9122839))

table 2 : explain SELECT c FROM sbtest2 WHERE id BETWEEN 3601453 AND 3601462
	Index Scan using sbtest2_pkey on sbtest2  (cost=0.43..43.67 rows=10 width=121)
	  Index Cond: ((id >= 3601453) AND (id <= 3601462))

table 3 : explain SELECT c FROM sbtest3 WHERE id BETWEEN 5565085 AND 5565094
	Index Scan using sbtest3_pkey on sbtest3  (cost=0.43..47.71 rows=11 width=121)
	  Index Cond: ((id >= 5565085) AND (id <= 5565094))

table 4 : explain SELECT c FROM sbtest4 WHERE id BETWEEN 6746198 AND 6746207
	Index Scan using sbtest4_pkey on sbtest4  (cost=0.43..43.62 rows=10 width=121)
	  Index Cond: ((id >= 6746198) AND (id <= 6746207))

table 5 : explain SELECT c FROM sbtest5 WHERE id BETWEEN 9464175 AND 9464184
	Index Scan using sbtest5_pkey on sbtest5  (cost=0.43..39.77 rows=9 width=121)
	  Index Cond: ((id >= 9464175) AND (id <= 9464184))

table 6 : explain SELECT c FROM sbtest6 WHERE id BETWEEN 5128548 AND 5128557
	Index Scan using sbtest6_pkey on sbtest6  (cost=0.43..43.75 rows=10 width=121)
	  Index Cond: ((id >= 5128548) AND (id <= 5128557))

table 7 : explain SELECT c FROM sbtest7 WHERE id BETWEEN 7436949 AND 7436958
	Index Scan using sbtest7_pkey on sbtest7  (cost=0.43..47.59 rows=11 width=121)
	  Index Cond: ((id >= 7436949) AND (id <= 7436958))

table 8 : explain SELECT c FROM sbtest8 WHERE id BETWEEN 5299260 AND 5299269
	Index Scan using sbtest8_pkey on sbtest8  (cost=0.43..43.70 rows=10 width=121)
	  Index Cond: ((id >= 5299260) AND (id <= 5299269))

for: simple_ranges
table 1 : explain SELECT c FROM sbtest1 WHERE id BETWEEN 4524338 AND 4524347
	Index Scan using sbtest1_pkey on sbtest1  (cost=0.43..43.77 rows=10 width=121)
	  Index Cond: ((id >= 4524338) AND (id <= 4524347))

table 2 : explain SELECT c FROM sbtest2 WHERE id BETWEEN 2043206 AND 2043215
	Index Scan using sbtest2_pkey on sbtest2  (cost=0.43..43.67 rows=10 width=121)
	  Index Cond: ((id >= 2043206) AND (id <= 2043215))

table 3 : explain SELECT c FROM sbtest3 WHERE id BETWEEN 4592645 AND 4592654
	Index Scan using sbtest3_pkey on sbtest3  (cost=0.43..47.71 rows=11 width=121)
	  Index Cond: ((id >= 4592645) AND (id <= 4592654))

table 4 : explain SELECT c FROM sbtest4 WHERE id BETWEEN 860490 AND 860499
	Index Scan using sbtest4_pkey on sbtest4  (cost=0.43..43.62 rows=10 width=121)
	  Index Cond: ((id >= 860490) AND (id <= 860499))

table 5 : explain SELECT c FROM sbtest5 WHERE id BETWEEN 4345044 AND 4345053
	Index Scan using sbtest5_pkey on sbtest5  (cost=0.43..43.68 rows=10 width=121)
	  Index Cond: ((id >= 4345044) AND (id <= 4345053))

table 6 : explain SELECT c FROM sbtest6 WHERE id BETWEEN 7312227 AND 7312236
	Index Scan using sbtest6_pkey on sbtest6  (cost=0.43..39.83 rows=9 width=121)
	  Index Cond: ((id >= 7312227) AND (id <= 7312236))

table 7 : explain SELECT c FROM sbtest7 WHERE id BETWEEN 7326256 AND 7326265
	Index Scan using sbtest7_pkey on sbtest7  (cost=0.43..43.68 rows=10 width=121)
	  Index Cond: ((id >= 7326256) AND (id <= 7326265))

table 8 : explain SELECT c FROM sbtest8 WHERE id BETWEEN 2616486 AND 2616495
	Index Scan using sbtest8_pkey on sbtest8  (cost=0.43..43.70 rows=10 width=121)
	  Index Cond: ((id >= 2616486) AND (id <= 2616495))
for: simple_ranges
table 1 : explain SELECT c FROM sbtest1 WHERE id BETWEEN 6745791 AND 6745800
	Index Scan using sbtest1_pkey on sbtest1  (cost=0.43..43.77 rows=10 width=121)
	  Index Cond: ((id >= 6745791) AND (id <= 6745800))

table 2 : explain SELECT c FROM sbtest2 WHERE id BETWEEN 9149925 AND 9149934
	Index Scan using sbtest2_pkey on sbtest2  (cost=0.43..43.67 rows=10 width=121)
	  Index Cond: ((id >= 9149925) AND (id <= 9149934))

table 3 : explain SELECT c FROM sbtest3 WHERE id BETWEEN 1729211 AND 1729220
	Index Scan using sbtest3_pkey on sbtest3  (cost=0.43..39.86 rows=9 width=121)
	  Index Cond: ((id >= 1729211) AND (id <= 1729220))

table 4 : explain SELECT c FROM sbtest4 WHERE id BETWEEN 2870638 AND 2870647
	Index Scan using sbtest4_pkey on sbtest4  (cost=0.43..47.53 rows=11 width=121)
	  Index Cond: ((id >= 2870638) AND (id <= 2870647))

table 5 : explain SELECT c FROM sbtest5 WHERE id BETWEEN 1002837 AND 1002846
	Index Scan using sbtest5_pkey on sbtest5  (cost=0.43..39.77 rows=9 width=121)
	  Index Cond: ((id >= 1002837) AND (id <= 1002846))

table 6 : explain SELECT c FROM sbtest6 WHERE id BETWEEN 6610274 AND 6610283
	Index Scan using sbtest6_pkey on sbtest6  (cost=0.43..43.75 rows=10 width=121)
	  Index Cond: ((id >= 6610274) AND (id <= 6610283))

table 7 : explain SELECT c FROM sbtest7 WHERE id BETWEEN 6198679 AND 6198688
	Index Scan using sbtest7_pkey on sbtest7  (cost=0.43..43.68 rows=10 width=121)
	  Index Cond: ((id >= 6198679) AND (id <= 6198688))

table 8 : explain SELECT c FROM sbtest8 WHERE id BETWEEN 3748106 AND 3748115
	Index Scan using sbtest8_pkey on sbtest8  (cost=0.43..43.70 rows=10 width=121)
	  Index Cond: ((id >= 3748106) AND (id <= 3748115))

for point_selects
table 1 : explain SELECT c FROM sbtest1 WHERE id=8323553
	Index Scan using sbtest1_pkey on sbtest1  (cost=0.43..8.45 rows=1 width=121)
	  Index Cond: (id = 8323553)

table 2 : explain SELECT c FROM sbtest2 WHERE id=3787878
	Index Scan using sbtest2_pkey on sbtest2  (cost=0.43..8.45 rows=1 width=121)
	  Index Cond: (id = 3787878)

table 3 : explain SELECT c FROM sbtest3 WHERE id=3417160
	Index Scan using sbtest3_pkey on sbtest3  (cost=0.43..8.45 rows=1 width=121)
	  Index Cond: (id = 3417160)

table 4 : explain SELECT c FROM sbtest4 WHERE id=1850454
	Index Scan using sbtest4_pkey on sbtest4  (cost=0.43..8.45 rows=1 width=121)
	  Index Cond: (id = 1850454)

table 5 : explain SELECT c FROM sbtest5 WHERE id=8773460
	Index Scan using sbtest5_pkey on sbtest5  (cost=0.43..8.45 rows=1 width=121)
	  Index Cond: (id = 8773460)

table 6 : explain SELECT c FROM sbtest6 WHERE id=3742339
	Index Scan using sbtest6_pkey on sbtest6  (cost=0.43..8.45 rows=1 width=121)
	  Index Cond: (id = 3742339)

table 7 : explain SELECT c FROM sbtest7 WHERE id=6254807
	Index Scan using sbtest7_pkey on sbtest7  (cost=0.43..8.45 rows=1 width=121)
	  Index Cond: (id = 6254807)

table 8 : explain SELECT c FROM sbtest8 WHERE id=4823127
	Index Scan using sbtest8_pkey on sbtest8  (cost=0.43..8.45 rows=1 width=121)
	  Index Cond: (id = 4823127)

for: simple_ranges
table 1 : explain SELECT c FROM sbtest1 WHERE id BETWEEN 8675736 AND 8675745
	Index Scan using sbtest1_pkey on sbtest1  (cost=0.43..47.69 rows=11 width=121)
	  Index Cond: ((id >= 8675736) AND (id <= 8675745))

table 2 : explain SELECT c FROM sbtest2 WHERE id BETWEEN 9861567 AND 9861576
	Index Scan using sbtest2_pkey on sbtest2  (cost=0.43..43.67 rows=10 width=121)
	  Index Cond: ((id >= 9861567) AND (id <= 9861576))

table 3 : explain SELECT c FROM sbtest3 WHERE id BETWEEN 6830043 AND 6830052
	Index Scan using sbtest3_pkey on sbtest3  (cost=0.43..47.71 rows=11 width=121)
	  Index Cond: ((id >= 6830043) AND (id <= 6830052))

table 4 : explain SELECT c FROM sbtest4 WHERE id BETWEEN 6364198 AND 6364207
	Index Scan using sbtest4_pkey on sbtest4  (cost=0.43..47.53 rows=11 width=121)
	  Index Cond: ((id >= 6364198) AND (id <= 6364207))

table 5 : explain SELECT c FROM sbtest5 WHERE id BETWEEN 7094847 AND 7094856
	Index Scan using sbtest5_pkey on sbtest5  (cost=0.43..47.59 rows=11 width=121)
	  Index Cond: ((id >= 7094847) AND (id <= 7094856))

table 6 : explain SELECT c FROM sbtest6 WHERE id BETWEEN 5435795 AND 5435804
	Index Scan using sbtest6_pkey on sbtest6  (cost=0.43..43.75 rows=10 width=121)
	  Index Cond: ((id >= 5435795) AND (id <= 5435804))

table 7 : explain SELECT c FROM sbtest7 WHERE id BETWEEN 9662020 AND 9662029
	Index Scan using sbtest7_pkey on sbtest7  (cost=0.43..43.68 rows=10 width=121)
	  Index Cond: ((id >= 9662020) AND (id <= 9662029))

table 8 : explain SELECT c FROM sbtest8 WHERE id BETWEEN 5661234 AND 5661243
	Index Scan using sbtest8_pkey on sbtest8  (cost=0.43..47.61 rows=11 width=121)
	  Index Cond: ((id >= 5661234) AND (id <= 5661243))


for: simple_ranges
table 1 : explain SELECT c FROM sbtest1 WHERE id BETWEEN 3208221 AND 3208230
	Index Scan using sbtest1_pkey on sbtest1  (cost=0.43..43.77 rows=10 width=121)
	  Index Cond: ((id >= 3208221) AND (id <= 3208230))

table 2 : explain SELECT c FROM sbtest2 WHERE id BETWEEN 1902518 AND 1902527
	Index Scan using sbtest2_pkey on sbtest2  (cost=0.43..43.67 rows=10 width=121)
	  Index Cond: ((id >= 1902518) AND (id <= 1902527))

table 3 : explain SELECT c FROM sbtest3 WHERE id BETWEEN 1592082 AND 1592091
	Index Scan using sbtest3_pkey on sbtest3  (cost=0.43..43.78 rows=10 width=121)
	  Index Cond: ((id >= 1592082) AND (id <= 1592091))

table 4 : explain SELECT c FROM sbtest4 WHERE id BETWEEN 9806801 AND 9806810
	Index Scan using sbtest4_pkey on sbtest4  (cost=0.43..43.62 rows=10 width=121)
	  Index Cond: ((id >= 9806801) AND (id <= 9806810))

table 5 : explain SELECT c FROM sbtest5 WHERE id BETWEEN 3731898 AND 3731907
	Index Scan using sbtest5_pkey on sbtest5  (cost=0.43..43.68 rows=10 width=121)
	  Index Cond: ((id >= 3731898) AND (id <= 3731907))

table 6 : explain SELECT c FROM sbtest6 WHERE id BETWEEN 812080 AND 812089
	Index Scan using sbtest6_pkey on sbtest6  (cost=0.43..43.75 rows=10 width=121)
	  Index Cond: ((id >= 812080) AND (id <= 812089))

table 7 : explain SELECT c FROM sbtest7 WHERE id BETWEEN 4177215 AND 4177224
	Index Scan using sbtest7_pkey on sbtest7  (cost=0.43..43.68 rows=10 width=121)
	  Index Cond: ((id >= 4177215) AND (id <= 4177224))

table 8 : explain SELECT c FROM sbtest8 WHERE id BETWEEN 230254 AND 230263
	Index Scan using sbtest8_pkey on sbtest8  (cost=0.43..43.70 rows=10 width=121)
	  Index Cond: ((id >= 230254) AND (id <= 230263))


explain: for point_selects :: explain SELECT c FROM sbtest%u WHERE id=%u
for: simple_ranges
table 1 : explain SELECT c FROM sbtest1 WHERE id BETWEEN 80349 AND 80358
	Index Scan using sbtest1_pkey on sbtest1  (cost=0.43..43.77 rows=10 width=121)
	  Index Cond: ((id >= 80349) AND (id <= 80358))

table 2 : explain SELECT c FROM sbtest2 WHERE id BETWEEN 4872365 AND 4872374
	Index Scan using sbtest2_pkey on sbtest2  (cost=0.43..47.58 rows=11 width=121)
	  Index Cond: ((id >= 4872365) AND (id <= 4872374))

table 3 : explain SELECT c FROM sbtest3 WHERE id BETWEEN 3315535 AND 3315544
	Index Scan using sbtest3_pkey on sbtest3  (cost=0.43..43.78 rows=10 width=121)
	  Index Cond: ((id >= 3315535) AND (id <= 3315544))

table 4 : explain SELECT c FROM sbtest4 WHERE id BETWEEN 8346899 AND 8346908
	Index Scan using sbtest4_pkey on sbtest4  (cost=0.43..43.62 rows=10 width=121)
	  Index Cond: ((id >= 8346899) AND (id <= 8346908))

table 5 : explain SELECT c FROM sbtest5 WHERE id BETWEEN 8564215 AND 8564224
	Index Scan using sbtest5_pkey on sbtest5  (cost=0.43..43.68 rows=10 width=121)
	  Index Cond: ((id >= 8564215) AND (id <= 8564224))

table 6 : explain SELECT c FROM sbtest6 WHERE id BETWEEN 8651512 AND 8651521
	Index Scan using sbtest6_pkey on sbtest6  (cost=0.43..47.68 rows=11 width=121)
	  Index Cond: ((id >= 8651512) AND (id <= 8651521))

table 7 : explain SELECT c FROM sbtest7 WHERE id BETWEEN 583997 AND 584006
	Index Scan using sbtest7_pkey on sbtest7  (cost=0.43..43.68 rows=10 width=121)
	  Index Cond: ((id >= 583997) AND (id <= 584006))

table 8 : explain SELECT c FROM sbtest8 WHERE id BETWEEN 4462439 AND 4462448
	Index Scan using sbtest8_pkey on sbtest8  (cost=0.43..43.70 rows=10 width=121)
	  Index Cond: ((id >= 4462439) AND (id <= 4462448))

for: simple_ranges
table 1 : explain SELECT c FROM sbtest1 WHERE id BETWEEN 3210135 AND 3210144
	Index Scan using sbtest1_pkey on sbtest1  (cost=0.43..43.77 rows=10 width=121)
	  Index Cond: ((id >= 3210135) AND (id <= 3210144))

table 2 : explain SELECT c FROM sbtest2 WHERE id BETWEEN 7624465 AND 7624474
	Index Scan using sbtest2_pkey on sbtest2  (cost=0.43..43.67 rows=10 width=121)
	  Index Cond: ((id >= 7624465) AND (id <= 7624474))

table 3 : explain SELECT c FROM sbtest3 WHERE id BETWEEN 2527722 AND 2527731
	Index Scan using sbtest3_pkey on sbtest3  (cost=0.43..47.71 rows=11 width=121)
	  Index Cond: ((id >= 2527722) AND (id <= 2527731))

table 4 : explain SELECT c FROM sbtest4 WHERE id BETWEEN 8995860 AND 8995869
	Index Scan using sbtest4_pkey on sbtest4  (cost=0.43..39.72 rows=9 width=121)
	  Index Cond: ((id >= 8995860) AND (id <= 8995869))

table 5 : explain SELECT c FROM sbtest5 WHERE id BETWEEN 8845768 AND 8845777
	Index Scan using sbtest5_pkey on sbtest5  (cost=0.43..43.68 rows=10 width=121)
	  Index Cond: ((id >= 8845768) AND (id <= 8845777))

table 6 : explain SELECT c FROM sbtest6 WHERE id BETWEEN 2805349 AND 2805358
	Index Scan using sbtest6_pkey on sbtest6  (cost=0.43..47.68 rows=11 width=121)
	  Index Cond: ((id >= 2805349) AND (id <= 2805358))

table 7 : explain SELECT c FROM sbtest7 WHERE id BETWEEN 7362762 AND 7362771
	Index Scan using sbtest7_pkey on sbtest7  (cost=0.43..43.68 rows=10 width=121)
	  Index Cond: ((id >= 7362762) AND (id <= 7362771))

table 8 : explain SELECT c FROM sbtest8 WHERE id BETWEEN 7507836 AND 7507845
	Index Scan using sbtest8_pkey on sbtest8  (cost=0.43..43.70 rows=10 width=121)
	  Index Cond: ((id >= 7507836) AND (id <= 7507845))

for point_selects
table 1 : explain SELECT c FROM sbtest1 WHERE id=2000400
	Index Scan using sbtest1_pkey on sbtest1  (cost=0.43..8.45 rows=1 width=121)
	  Index Cond: (id = 2000400)

table 2 : explain SELECT c FROM sbtest2 WHERE id=4720097
	Index Scan using sbtest2_pkey on sbtest2  (cost=0.43..8.45 rows=1 width=121)
	  Index Cond: (id = 4720097)

table 3 : explain SELECT c FROM sbtest3 WHERE id=2645460
	Index Scan using sbtest3_pkey on sbtest3  (cost=0.43..8.45 rows=1 width=121)
	  Index Cond: (id = 2645460)

table 4 : explain SELECT c FROM sbtest4 WHERE id=7065905
	Index Scan using sbtest4_pkey on sbtest4  (cost=0.43..8.45 rows=1 width=121)
	  Index Cond: (id = 7065905)

table 5 : explain SELECT c FROM sbtest5 WHERE id=9730135
	Index Scan using sbtest5_pkey on sbtest5  (cost=0.43..8.45 rows=1 width=121)
	  Index Cond: (id = 9730135)

table 6 : explain SELECT c FROM sbtest6 WHERE id=4959147
	Index Scan using sbtest6_pkey on sbtest6  (cost=0.43..8.45 rows=1 width=121)
	  Index Cond: (id = 4959147)

table 7 : explain SELECT c FROM sbtest7 WHERE id=5458445
	Index Scan using sbtest7_pkey on sbtest7  (cost=0.43..8.45 rows=1 width=121)
	  Index Cond: (id = 5458445)

table 8 : explain SELECT c FROM sbtest8 WHERE id=5908531
	Index Scan using sbtest8_pkey on sbtest8  (cost=0.43..8.45 rows=1 width=121)
	  Index Cond: (id = 5908531)

for: simple_ranges
table 1 : explain SELECT c FROM sbtest1 WHERE id BETWEEN 9177713 AND 9177722
	Index Scan using sbtest1_pkey on sbtest1  (cost=0.43..43.77 rows=10 width=121)
	  Index Cond: ((id >= 9177713) AND (id <= 9177722))

table 2 : explain SELECT c FROM sbtest2 WHERE id BETWEEN 1853977 AND 1853986
	Index Scan using sbtest2_pkey on sbtest2  (cost=0.43..43.67 rows=10 width=121)
	  Index Cond: ((id >= 1853977) AND (id <= 1853986))

table 3 : explain SELECT c FROM sbtest3 WHERE id BETWEEN 4750617 AND 4750626
	Index Scan using sbtest3_pkey on sbtest3  (cost=0.43..47.71 rows=11 width=121)
	  Index Cond: ((id >= 4750617) AND (id <= 4750626))

table 4 : explain SELECT c FROM sbtest4 WHERE id BETWEEN 6152230 AND 6152239
	Index Scan using sbtest4_pkey on sbtest4  (cost=0.43..47.53 rows=11 width=121)
	  Index Cond: ((id >= 6152230) AND (id <= 6152239))

table 5 : explain SELECT c FROM sbtest5 WHERE id BETWEEN 1410396 AND 1410405
	Index Scan using sbtest5_pkey on sbtest5  (cost=0.43..43.68 rows=10 width=121)
	  Index Cond: ((id >= 1410396) AND (id <= 1410405))

table 6 : explain SELECT c FROM sbtest6 WHERE id BETWEEN 6780592 AND 6780601
	Index Scan using sbtest6_pkey on sbtest6  (cost=0.43..43.75 rows=10 width=121)
	  Index Cond: ((id >= 6780592) AND (id <= 6780601))

table 7 : explain SELECT c FROM sbtest7 WHERE id BETWEEN 6470788 AND 6470797
	Index Scan using sbtest7_pkey on sbtest7  (cost=0.43..47.59 rows=11 width=121)
	  Index Cond: ((id >= 6470788) AND (id <= 6470797))

table 8 : explain SELECT c FROM sbtest8 WHERE id BETWEEN 6974614 AND 6974623
	Index Scan using sbtest8_pkey on sbtest8  (cost=0.43..43.70 rows=10 width=121)
	  Index Cond: ((id >= 6974614) AND (id <= 6974623))

for point_selects
table 1 : explain SELECT c FROM sbtest1 WHERE id=5158711
	Index Scan using sbtest1_pkey on sbtest1  (cost=0.43..8.45 rows=1 width=121)
	  Index Cond: (id = 5158711)

table 2 : explain SELECT c FROM sbtest2 WHERE id=4854637
	Index Scan using sbtest2_pkey on sbtest2  (cost=0.43..8.45 rows=1 width=121)
	  Index Cond: (id = 4854637)

table 3 : explain SELECT c FROM sbtest3 WHERE id=4278697
	Index Scan using sbtest3_pkey on sbtest3  (cost=0.43..8.45 rows=1 width=121)
	  Index Cond: (id = 4278697)

table 4 : explain SELECT c FROM sbtest4 WHERE id=6409586
	Index Scan using sbtest4_pkey on sbtest4  (cost=0.43..8.45 rows=1 width=121)
	  Index Cond: (id = 6409586)

table 5 : explain SELECT c FROM sbtest5 WHERE id=17043
	Index Scan using sbtest5_pkey on sbtest5  (cost=0.43..8.45 rows=1 width=121)
	  Index Cond: (id = 17043)

table 6 : explain SELECT c FROM sbtest6 WHERE id=5061547
	Index Scan using sbtest6_pkey on sbtest6  (cost=0.43..8.45 rows=1 width=121)
	  Index Cond: (id = 5061547)

table 7 : explain SELECT c FROM sbtest7 WHERE id=186240
	Index Scan using sbtest7_pkey on sbtest7  (cost=0.43..8.45 rows=1 width=121)
	  Index Cond: (id = 186240)

table 8 : explain SELECT c FROM sbtest8 WHERE id=8193796
	Index Scan using sbtest8_pkey on sbtest8  (cost=0.43..8.45 rows=1 width=121)
	  Index Cond: (id = 8193796)

for: sum_ranges
table 1 : explain SELECT SUM(k) FROM sbtest1 WHERE id BETWEEN 6183817 AND 6183826
	Aggregate  (cost=43.79..43.80 rows=1 width=8)
	  ->  Index Scan using sbtest1_pkey on sbtest1  (cost=0.43..43.77 rows=10 width=4)
	        Index Cond: ((id >= 6183817) AND (id <= 6183826))

table 2 : explain SELECT SUM(k) FROM sbtest2 WHERE id BETWEEN 7181337 AND 7181346
	Aggregate  (cost=43.69..43.70 rows=1 width=8)
	  ->  Index Scan using sbtest2_pkey on sbtest2  (cost=0.43..43.67 rows=10 width=4)
	        Index Cond: ((id >= 7181337) AND (id <= 7181346))

table 3 : explain SELECT SUM(k) FROM sbtest3 WHERE id BETWEEN 4637382 AND 4637391
	Aggregate  (cost=43.81..43.82 rows=1 width=8)
	  ->  Index Scan using sbtest3_pkey on sbtest3  (cost=0.43..43.78 rows=10 width=4)
	        Index Cond: ((id >= 4637382) AND (id <= 4637391))

table 4 : explain SELECT SUM(k) FROM sbtest4 WHERE id BETWEEN 5619865 AND 5619874
	Aggregate  (cost=39.74..39.75 rows=1 width=8)
	  ->  Index Scan using sbtest4_pkey on sbtest4  (cost=0.43..39.72 rows=9 width=4)
	        Index Cond: ((id >= 5619865) AND (id <= 5619874))

table 5 : explain SELECT SUM(k) FROM sbtest5 WHERE id BETWEEN 382095 AND 382104
	Aggregate  (cost=47.62..47.63 rows=1 width=8)
	  ->  Index Scan using sbtest5_pkey on sbtest5  (cost=0.43..47.59 rows=11 width=4)
	        Index Cond: ((id >= 382095) AND (id <= 382104))

table 6 : explain SELECT SUM(k) FROM sbtest6 WHERE id BETWEEN 92789 AND 92798
	Aggregate  (cost=43.78..43.79 rows=1 width=8)
	  ->  Index Scan using sbtest6_pkey on sbtest6  (cost=0.43..43.75 rows=10 width=4)
	        Index Cond: ((id >= 92789) AND (id <= 92798))

table 7 : explain SELECT SUM(k) FROM sbtest7 WHERE id BETWEEN 9342412 AND 9342421
	Aggregate  (cost=39.79..39.80 rows=1 width=8)
	  ->  Index Scan using sbtest7_pkey on sbtest7  (cost=0.43..39.76 rows=9 width=4)
	        Index Cond: ((id >= 9342412) AND (id <= 9342421))

table 8 : explain SELECT SUM(k) FROM sbtest8 WHERE id BETWEEN 9202912 AND 9202921
	Aggregate  (cost=39.80..39.81 rows=1 width=8)
	  ->  Index Scan using sbtest8_pkey on sbtest8  (cost=0.43..39.78 rows=9 width=4)
	        Index Cond: ((id >= 9202912) AND (id <= 9202921))

for: simple_ranges
table 1 : explain SELECT c FROM sbtest1 WHERE id BETWEEN 5413832 AND 5413841
	Index Scan using sbtest1_pkey on sbtest1  (cost=0.43..43.77 rows=10 width=121)
	  Index Cond: ((id >= 5413832) AND (id <= 5413841))

table 2 : explain SELECT c FROM sbtest2 WHERE id BETWEEN 9862461 AND 9862470
	Index Scan using sbtest2_pkey on sbtest2  (cost=0.43..43.67 rows=10 width=121)
	  Index Cond: ((id >= 9862461) AND (id <= 9862470))

table 3 : explain SELECT c FROM sbtest3 WHERE id BETWEEN 9934078 AND 9934087
	Index Scan using sbtest3_pkey on sbtest3  (cost=0.43..43.78 rows=10 width=121)
	  Index Cond: ((id >= 9934078) AND (id <= 9934087))

table 4 : explain SELECT c FROM sbtest4 WHERE id BETWEEN 6057176 AND 6057185
	Index Scan using sbtest4_pkey on sbtest4  (cost=0.43..43.62 rows=10 width=121)
	  Index Cond: ((id >= 6057176) AND (id <= 6057185))

table 5 : explain SELECT c FROM sbtest5 WHERE id BETWEEN 2234492 AND 2234501
	Index Scan using sbtest5_pkey on sbtest5  (cost=0.43..43.68 rows=10 width=121)
	  Index Cond: ((id >= 2234492) AND (id <= 2234501))

table 6 : explain SELECT c FROM sbtest6 WHERE id BETWEEN 7140334 AND 7140343
	Index Scan using sbtest6_pkey on sbtest6  (cost=0.43..43.75 rows=10 width=121)
	  Index Cond: ((id >= 7140334) AND (id <= 7140343))

table 7 : explain SELECT c FROM sbtest7 WHERE id BETWEEN 2121950 AND 2121959
	Index Scan using sbtest7_pkey on sbtest7  (cost=0.43..39.76 rows=9 width=121)
	  Index Cond: ((id >= 2121950) AND (id <= 2121959))

table 8 : explain SELECT c FROM sbtest8 WHERE id BETWEEN 4601884 AND 4601893
	Index Scan using sbtest8_pkey on sbtest8  (cost=0.43..43.70 rows=10 width=121)
	  Index Cond: ((id >= 4601884) AND (id <= 4601893))

for: simple_ranges
table 1 : explain SELECT c FROM sbtest1 WHERE id BETWEEN 1321694 AND 1321703
	Index Scan using sbtest1_pkey on sbtest1  (cost=0.43..43.77 rows=10 width=121)
	  Index Cond: ((id >= 1321694) AND (id <= 1321703))

table 2 : explain SELECT c FROM sbtest2 WHERE id BETWEEN 5521141 AND 5521150
	Index Scan using sbtest2_pkey on sbtest2  (cost=0.43..43.67 rows=10 width=121)
	  Index Cond: ((id >= 5521141) AND (id <= 5521150))

table 3 : explain SELECT c FROM sbtest3 WHERE id BETWEEN 4351402 AND 4351411
	Index Scan using sbtest3_pkey on sbtest3  (cost=0.43..39.86 rows=9 width=121)
	  Index Cond: ((id >= 4351402) AND (id <= 4351411))

table 4 : explain SELECT c FROM sbtest4 WHERE id BETWEEN 166842 AND 166851
	Index Scan using sbtest4_pkey on sbtest4  (cost=0.43..47.53 rows=11 width=121)
	  Index Cond: ((id >= 166842) AND (id <= 166851))

table 5 : explain SELECT c FROM sbtest5 WHERE id BETWEEN 1234871 AND 1234880
	Index Scan using sbtest5_pkey on sbtest5  (cost=0.43..39.77 rows=9 width=121)
	  Index Cond: ((id >= 1234871) AND (id <= 1234880))

table 6 : explain SELECT c FROM sbtest6 WHERE id BETWEEN 6305630 AND 6305639
	Index Scan using sbtest6_pkey on sbtest6  (cost=0.43..43.75 rows=10 width=121)
	  Index Cond: ((id >= 6305630) AND (id <= 6305639))

table 7 : explain SELECT c FROM sbtest7 WHERE id BETWEEN 6942627 AND 6942636
	Index Scan using sbtest7_pkey on sbtest7  (cost=0.43..43.68 rows=10 width=121)
	  Index Cond: ((id >= 6942627) AND (id <= 6942636))

table 8 : explain SELECT c FROM sbtest8 WHERE id BETWEEN 8189282 AND 8189291
	Index Scan using sbtest8_pkey on sbtest8  (cost=0.43..43.70 rows=10 width=121)
	  Index Cond: ((id >= 8189282) AND (id <= 8189291))

for: simple_ranges
table 1 : explain SELECT c FROM sbtest1 WHERE id BETWEEN 7725605 AND 7725614
	Index Scan using sbtest1_pkey on sbtest1  (cost=0.43..43.77 rows=10 width=121)
	  Index Cond: ((id >= 7725605) AND (id <= 7725614))

table 2 : explain SELECT c FROM sbtest2 WHERE id BETWEEN 5105397 AND 5105406
	Index Scan using sbtest2_pkey on sbtest2  (cost=0.43..39.75 rows=9 width=121)
	  Index Cond: ((id >= 5105397) AND (id <= 5105406))

table 3 : explain SELECT c FROM sbtest3 WHERE id BETWEEN 9599443 AND 9599452
	Index Scan using sbtest3_pkey on sbtest3  (cost=0.43..39.86 rows=9 width=121)
	  Index Cond: ((id >= 9599443) AND (id <= 9599452))

table 4 : explain SELECT c FROM sbtest4 WHERE id BETWEEN 733309 AND 733318
	Index Scan using sbtest4_pkey on sbtest4  (cost=0.43..43.62 rows=10 width=121)
	  Index Cond: ((id >= 733309) AND (id <= 733318))

table 5 : explain SELECT c FROM sbtest5 WHERE id BETWEEN 3603648 AND 3603657
	Index Scan using sbtest5_pkey on sbtest5  (cost=0.43..43.68 rows=10 width=121)
	  Index Cond: ((id >= 3603648) AND (id <= 3603657))

table 6 : explain SELECT c FROM sbtest6 WHERE id BETWEEN 5191557 AND 5191566
	Index Scan using sbtest6_pkey on sbtest6  (cost=0.43..43.75 rows=10 width=121)
	  Index Cond: ((id >= 5191557) AND (id <= 5191566))

table 7 : explain SELECT c FROM sbtest7 WHERE id BETWEEN 3114033 AND 3114042
	Index Scan using sbtest7_pkey on sbtest7  (cost=0.43..43.68 rows=10 width=121)
	  Index Cond: ((id >= 3114033) AND (id <= 3114042))

table 8 : explain SELECT c FROM sbtest8 WHERE id BETWEEN 4634146 AND 4634155
	Index Scan using sbtest8_pkey on sbtest8  (cost=0.43..43.70 rows=10 width=121)
	  Index Cond: ((id >= 4634146) AND (id <= 4634155))

for point_selects
table 1 : explain SELECT c FROM sbtest1 WHERE id=9115471
	Index Scan using sbtest1_pkey on sbtest1  (cost=0.43..8.45 rows=1 width=121)
	  Index Cond: (id = 9115471)

table 2 : explain SELECT c FROM sbtest2 WHERE id=3461920
	Index Scan using sbtest2_pkey on sbtest2  (cost=0.43..8.45 rows=1 width=121)
	  Index Cond: (id = 3461920)

table 3 : explain SELECT c FROM sbtest3 WHERE id=5453706
	Index Scan using sbtest3_pkey on sbtest3  (cost=0.43..8.45 rows=1 width=121)
	  Index Cond: (id = 5453706)

table 4 : explain SELECT c FROM sbtest4 WHERE id=6109081
	Index Scan using sbtest4_pkey on sbtest4  (cost=0.43..8.45 rows=1 width=121)
	  Index Cond: (id = 6109081)

table 5 : explain SELECT c FROM sbtest5 WHERE id=5993871
	Index Scan using sbtest5_pkey on sbtest5  (cost=0.43..8.45 rows=1 width=121)
	  Index Cond: (id = 5993871)

table 6 : explain SELECT c FROM sbtest6 WHERE id=727680
	Index Scan using sbtest6_pkey on sbtest6  (cost=0.43..8.45 rows=1 width=121)
	  Index Cond: (id = 727680)

table 7 : explain SELECT c FROM sbtest7 WHERE id=8628506
	Index Scan using sbtest7_pkey on sbtest7  (cost=0.43..8.45 rows=1 width=121)
	  Index Cond: (id = 8628506)

table 8 : explain SELECT c FROM sbtest8 WHERE id=60492
	Index Scan using sbtest8_pkey on sbtest8  (cost=0.43..8.45 rows=1 width=121)
	  Index Cond: (id = 60492)

for point_selects
table 1 : explain SELECT c FROM sbtest1 WHERE id=326147
	Index Scan using sbtest1_pkey on sbtest1  (cost=0.43..8.45 rows=1 width=121)
	  Index Cond: (id = 326147)

table 2 : explain SELECT c FROM sbtest2 WHERE id=211230
	Index Scan using sbtest2_pkey on sbtest2  (cost=0.43..8.45 rows=1 width=121)
	  Index Cond: (id = 211230)

table 3 : explain SELECT c FROM sbtest3 WHERE id=446809
	Index Scan using sbtest3_pkey on sbtest3  (cost=0.43..8.45 rows=1 width=121)
	  Index Cond: (id = 446809)

table 4 : explain SELECT c FROM sbtest4 WHERE id=9445603
	Index Scan using sbtest4_pkey on sbtest4  (cost=0.43..8.45 rows=1 width=121)
	  Index Cond: (id = 9445603)

table 5 : explain SELECT c FROM sbtest5 WHERE id=1850950
	Index Scan using sbtest5_pkey on sbtest5  (cost=0.43..8.45 rows=1 width=121)
	  Index Cond: (id = 1850950)

table 6 : explain SELECT c FROM sbtest6 WHERE id=1731057
	Index Scan using sbtest6_pkey on sbtest6  (cost=0.43..8.45 rows=1 width=121)
	  Index Cond: (id = 1731057)

table 7 : explain SELECT c FROM sbtest7 WHERE id=3696528
	Index Scan using sbtest7_pkey on sbtest7  (cost=0.43..8.45 rows=1 width=121)
	  Index Cond: (id = 3696528)

table 8 : explain SELECT c FROM sbtest8 WHERE id=6378060
	Index Scan using sbtest8_pkey on sbtest8  (cost=0.43..8.45 rows=1 width=121)
	  Index Cond: (id = 6378060)

for: simple_ranges
table 1 : explain SELECT c FROM sbtest1 WHERE id BETWEEN 5110307 AND 5110316
	Index Scan using sbtest1_pkey on sbtest1  (cost=0.43..47.69 rows=11 width=121)
	  Index Cond: ((id >= 5110307) AND (id <= 5110316))

table 2 : explain SELECT c FROM sbtest2 WHERE id BETWEEN 3711141 AND 3711150
	Index Scan using sbtest2_pkey on sbtest2  (cost=0.43..39.75 rows=9 width=121)
	  Index Cond: ((id >= 3711141) AND (id <= 3711150))

table 3 : explain SELECT c FROM sbtest3 WHERE id BETWEEN 4701525 AND 4701534
	Index Scan using sbtest3_pkey on sbtest3  (cost=0.43..47.71 rows=11 width=121)
	  Index Cond: ((id >= 4701525) AND (id <= 4701534))

table 4 : explain SELECT c FROM sbtest4 WHERE id BETWEEN 2866572 AND 2866581
	Index Scan using sbtest4_pkey on sbtest4  (cost=0.43..47.53 rows=11 width=121)
	  Index Cond: ((id >= 2866572) AND (id <= 2866581))

table 5 : explain SELECT c FROM sbtest5 WHERE id BETWEEN 4756043 AND 4756052
	Index Scan using sbtest5_pkey on sbtest5  (cost=0.43..43.68 rows=10 width=121)
	  Index Cond: ((id >= 4756043) AND (id <= 4756052))

table 6 : explain SELECT c FROM sbtest6 WHERE id BETWEEN 6331439 AND 6331448
	Index Scan using sbtest6_pkey on sbtest6  (cost=0.43..43.75 rows=10 width=121)
	  Index Cond: ((id >= 6331439) AND (id <= 6331448))

table 7 : explain SELECT c FROM sbtest7 WHERE id BETWEEN 4343735 AND 4343744
	Index Scan using sbtest7_pkey on sbtest7  (cost=0.43..43.68 rows=10 width=121)
	  Index Cond: ((id >= 4343735) AND (id <= 4343744))

table 8 : explain SELECT c FROM sbtest8 WHERE id BETWEEN 2540931 AND 2540940
	Index Scan using sbtest8_pkey on sbtest8  (cost=0.43..47.61 rows=11 width=121)
	  Index Cond: ((id >= 2540931) AND (id <= 2540940))

for point_selects
table 1 : explain SELECT c FROM sbtest1 WHERE id=5891508
	Index Scan using sbtest1_pkey on sbtest1  (cost=0.43..8.45 rows=1 width=121)
	  Index Cond: (id = 5891508)

table 2 : explain SELECT c FROM sbtest2 WHERE id=870595
	Index Scan using sbtest2_pkey on sbtest2  (cost=0.43..8.45 rows=1 width=121)
	  Index Cond: (id = 870595)

table 3 : explain SELECT c FROM sbtest3 WHERE id=7682450
	Index Scan using sbtest3_pkey on sbtest3  (cost=0.43..8.45 rows=1 width=121)
	  Index Cond: (id = 7682450)

table 4 : explain SELECT c FROM sbtest4 WHERE id=7232167
	Index Scan using sbtest4_pkey on sbtest4  (cost=0.43..8.45 rows=1 width=121)
	  Index Cond: (id = 7232167)

table 5 : explain SELECT c FROM sbtest5 WHERE id=9915969
	Index Scan using sbtest5_pkey on sbtest5  (cost=0.43..8.45 rows=1 width=121)
	  Index Cond: (id = 9915969)

table 6 : explain SELECT c FROM sbtest6 WHERE id=354704
	Index Scan using sbtest6_pkey on sbtest6  (cost=0.43..8.45 rows=1 width=121)
	  Index Cond: (id = 354704)

table 7 : explain SELECT c FROM sbtest7 WHERE id=7922615
	Index Scan using sbtest7_pkey on sbtest7  (cost=0.43..8.45 rows=1 width=121)
	  Index Cond: (id = 7922615)

table 8 : explain SELECT c FROM sbtest8 WHERE id=2049423
	Index Scan using sbtest8_pkey on sbtest8  (cost=0.43..8.45 rows=1 width=121)
	  Index Cond: (id = 2049423)

for: sum_ranges
table 1 : explain SELECT SUM(k) FROM sbtest1 WHERE id BETWEEN 2236588 AND 2236597
	Aggregate  (cost=43.79..43.80 rows=1 width=8)
	  ->  Index Scan using sbtest1_pkey on sbtest1  (cost=0.43..43.77 rows=10 width=4)
	        Index Cond: ((id >= 2236588) AND (id <= 2236597))

table 2 : explain SELECT SUM(k) FROM sbtest2 WHERE id BETWEEN 686102 AND 686111
	Aggregate  (cost=43.69..43.70 rows=1 width=8)
	  ->  Index Scan using sbtest2_pkey on sbtest2  (cost=0.43..43.67 rows=10 width=4)
	        Index Cond: ((id >= 686102) AND (id <= 686111))

table 3 : explain SELECT SUM(k) FROM sbtest3 WHERE id BETWEEN 7571793 AND 7571802
	Aggregate  (cost=43.81..43.82 rows=1 width=8)
	  ->  Index Scan using sbtest3_pkey on sbtest3  (cost=0.43..43.78 rows=10 width=4)
	        Index Cond: ((id >= 7571793) AND (id <= 7571802))

table 4 : explain SELECT SUM(k) FROM sbtest4 WHERE id BETWEEN 3793112 AND 3793121
	Aggregate  (cost=43.65..43.66 rows=1 width=8)
	  ->  Index Scan using sbtest4_pkey on sbtest4  (cost=0.43..43.62 rows=10 width=4)
	        Index Cond: ((id >= 3793112) AND (id <= 3793121))

table 5 : explain SELECT SUM(k) FROM sbtest5 WHERE id BETWEEN 2895535 AND 2895544
	Aggregate  (cost=39.79..39.80 rows=1 width=8)
	  ->  Index Scan using sbtest5_pkey on sbtest5  (cost=0.43..39.77 rows=9 width=4)
	        Index Cond: ((id >= 2895535) AND (id <= 2895544))

table 6 : explain SELECT SUM(k) FROM sbtest6 WHERE id BETWEEN 8703849 AND 8703858
	Aggregate  (cost=39.86..39.87 rows=1 width=8)
	  ->  Index Scan using sbtest6_pkey on sbtest6  (cost=0.43..39.83 rows=9 width=4)
	        Index Cond: ((id >= 8703849) AND (id <= 8703858))

table 7 : explain SELECT SUM(k) FROM sbtest7 WHERE id BETWEEN 1943906 AND 1943915
	Aggregate  (cost=43.70..43.71 rows=1 width=8)
	  ->  Index Scan using sbtest7_pkey on sbtest7  (cost=0.43..43.68 rows=10 width=4)
	        Index Cond: ((id >= 1943906) AND (id <= 1943915))

table 8 : explain SELECT SUM(k) FROM sbtest8 WHERE id BETWEEN 5234331 AND 5234340
	Aggregate  (cost=43.72..43.73 rows=1 width=8)
	  ->  Index Scan using sbtest8_pkey on sbtest8  (cost=0.43..43.70 rows=10 width=4)
	        Index Cond: ((id >= 5234331) AND (id <= 5234340))

for: sum_ranges
table 1 : explain SELECT SUM(k) FROM sbtest1 WHERE id BETWEEN 3955035 AND 3955044
	Aggregate  (cost=43.79..43.80 rows=1 width=8)
	  ->  Index Scan using sbtest1_pkey on sbtest1  (cost=0.43..43.77 rows=10 width=4)
	        Index Cond: ((id >= 3955035) AND (id <= 3955044))

table 2 : explain SELECT SUM(k) FROM sbtest2 WHERE id BETWEEN 549838 AND 549847
	Aggregate  (cost=39.78..39.79 rows=1 width=8)
	  ->  Index Scan using sbtest2_pkey on sbtest2  (cost=0.43..39.75 rows=9 width=4)
	        Index Cond: ((id >= 549838) AND (id <= 549847))

table 3 : explain SELECT SUM(k) FROM sbtest3 WHERE id BETWEEN 5564769 AND 5564778
	Aggregate  (cost=47.74..47.75 rows=1 width=8)
	  ->  Index Scan using sbtest3_pkey on sbtest3  (cost=0.43..47.71 rows=11 width=4)
	        Index Cond: ((id >= 5564769) AND (id <= 5564778))

table 4 : explain SELECT SUM(k) FROM sbtest4 WHERE id BETWEEN 3017431 AND 3017440
	Aggregate  (cost=43.65..43.66 rows=1 width=8)
	  ->  Index Scan using sbtest4_pkey on sbtest4  (cost=0.43..43.62 rows=10 width=4)
	        Index Cond: ((id >= 3017431) AND (id <= 3017440))

table 5 : explain SELECT SUM(k) FROM sbtest5 WHERE id BETWEEN 4470677 AND 4470686
	Aggregate  (cost=43.71..43.72 rows=1 width=8)
	  ->  Index Scan using sbtest5_pkey on sbtest5  (cost=0.43..43.68 rows=10 width=4)
	        Index Cond: ((id >= 4470677) AND (id <= 4470686))

table 6 : explain SELECT SUM(k) FROM sbtest6 WHERE id BETWEEN 645058 AND 645067
	Aggregate  (cost=43.78..43.79 rows=1 width=8)
	  ->  Index Scan using sbtest6_pkey on sbtest6  (cost=0.43..43.75 rows=10 width=4)
	        Index Cond: ((id >= 645058) AND (id <= 645067))

table 7 : explain SELECT SUM(k) FROM sbtest7 WHERE id BETWEEN 3097641 AND 3097650
	Aggregate  (cost=43.70..43.71 rows=1 width=8)
	  ->  Index Scan using sbtest7_pkey on sbtest7  (cost=0.43..43.68 rows=10 width=4)
	        Index Cond: ((id >= 3097641) AND (id <= 3097650))

table 8 : explain SELECT SUM(k) FROM sbtest8 WHERE id BETWEEN 7644553 AND 7644562
	Aggregate  (cost=43.72..43.73 rows=1 width=8)
	  ->  Index Scan using sbtest8_pkey on sbtest8  (cost=0.43..43.70 rows=10 width=4)
	        Index Cond: ((id >= 7644553) AND (id <= 7644562))

for point_selects
table 1 : explain SELECT c FROM sbtest1 WHERE id=9198009
	Index Scan using sbtest1_pkey on sbtest1  (cost=0.43..8.45 rows=1 width=121)
	  Index Cond: (id = 9198009)

table 2 : explain SELECT c FROM sbtest2 WHERE id=6605025
	Index Scan using sbtest2_pkey on sbtest2  (cost=0.43..8.45 rows=1 width=121)
	  Index Cond: (id = 6605025)

table 3 : explain SELECT c FROM sbtest3 WHERE id=4916410
	Index Scan using sbtest3_pkey on sbtest3  (cost=0.43..8.45 rows=1 width=121)
	  Index Cond: (id = 4916410)

table 4 : explain SELECT c FROM sbtest4 WHERE id=6113280
	Index Scan using sbtest4_pkey on sbtest4  (cost=0.43..8.45 rows=1 width=121)
	  Index Cond: (id = 6113280)

table 5 : explain SELECT c FROM sbtest5 WHERE id=7898264
	Index Scan using sbtest5_pkey on sbtest5  (cost=0.43..8.45 rows=1 width=121)
	  Index Cond: (id = 7898264)

table 6 : explain SELECT c FROM sbtest6 WHERE id=2521145
	Index Scan using sbtest6_pkey on sbtest6  (cost=0.43..8.45 rows=1 width=121)
	  Index Cond: (id = 2521145)

table 7 : explain SELECT c FROM sbtest7 WHERE id=510364
	Index Scan using sbtest7_pkey on sbtest7  (cost=0.43..8.45 rows=1 width=121)
	  Index Cond: (id = 510364)

table 8 : explain SELECT c FROM sbtest8 WHERE id=1578275
	Index Scan using sbtest8_pkey on sbtest8  (cost=0.43..8.45 rows=1 width=121)
	  Index Cond: (id = 1578275)

for: sum_ranges
table 1 : explain SELECT SUM(k) FROM sbtest1 WHERE id BETWEEN 6866210 AND 6866219
	Aggregate  (cost=47.72..47.73 rows=1 width=8)
	  ->  Index Scan using sbtest1_pkey on sbtest1  (cost=0.43..47.69 rows=11 width=4)
	        Index Cond: ((id >= 6866210) AND (id <= 6866219))

table 2 : explain SELECT SUM(k) FROM sbtest2 WHERE id BETWEEN 2700801 AND 2700810
	Aggregate  (cost=43.69..43.70 rows=1 width=8)
	  ->  Index Scan using sbtest2_pkey on sbtest2  (cost=0.43..43.67 rows=10 width=4)
	        Index Cond: ((id >= 2700801) AND (id <= 2700810))

table 3 : explain SELECT SUM(k) FROM sbtest3 WHERE id BETWEEN 1103730 AND 1103739
	Aggregate  (cost=43.81..43.82 rows=1 width=8)
	  ->  Index Scan using sbtest3_pkey on sbtest3  (cost=0.43..43.78 rows=10 width=4)
	        Index Cond: ((id >= 1103730) AND (id <= 1103739))

table 4 : explain SELECT SUM(k) FROM sbtest4 WHERE id BETWEEN 4188439 AND 4188448
	Aggregate  (cost=47.56..47.57 rows=1 width=8)
	  ->  Index Scan using sbtest4_pkey on sbtest4  (cost=0.43..47.53 rows=11 width=4)
	        Index Cond: ((id >= 4188439) AND (id <= 4188448))

table 5 : explain SELECT SUM(k) FROM sbtest5 WHERE id BETWEEN 6945958 AND 6945967
	Aggregate  (cost=43.71..43.72 rows=1 width=8)
	  ->  Index Scan using sbtest5_pkey on sbtest5  (cost=0.43..43.68 rows=10 width=4)
	        Index Cond: ((id >= 6945958) AND (id <= 6945967))

table 6 : explain SELECT SUM(k) FROM sbtest6 WHERE id BETWEEN 4744589 AND 4744598
	Aggregate  (cost=39.86..39.87 rows=1 width=8)
	  ->  Index Scan using sbtest6_pkey on sbtest6  (cost=0.43..39.83 rows=9 width=4)
	        Index Cond: ((id >= 4744589) AND (id <= 4744598))

table 7 : explain SELECT SUM(k) FROM sbtest7 WHERE id BETWEEN 8946027 AND 8946036
	Aggregate  (cost=43.70..43.71 rows=1 width=8)
	  ->  Index Scan using sbtest7_pkey on sbtest7  (cost=0.43..43.68 rows=10 width=4)
	        Index Cond: ((id >= 8946027) AND (id <= 8946036))

table 8 : explain SELECT SUM(k) FROM sbtest8 WHERE id BETWEEN 7329941 AND 7329950
	Aggregate  (cost=43.72..43.73 rows=1 width=8)
	  ->  Index Scan using sbtest8_pkey on sbtest8  (cost=0.43..43.70 rows=10 width=4)
	        Index Cond: ((id >= 7329941) AND (id <= 7329950))

for: simple_ranges
table 1 : explain SELECT c FROM sbtest1 WHERE id BETWEEN 6113949 AND 6113958
	Index Scan using sbtest1_pkey on sbtest1  (cost=0.43..43.77 rows=10 width=121)
	  Index Cond: ((id >= 6113949) AND (id <= 6113958))

table 2 : explain SELECT c FROM sbtest2 WHERE id BETWEEN 9023549 AND 9023558
	Index Scan using sbtest2_pkey on sbtest2  (cost=0.43..43.67 rows=10 width=121)
	  Index Cond: ((id >= 9023549) AND (id <= 9023558))

table 3 : explain SELECT c FROM sbtest3 WHERE id BETWEEN 836070 AND 836079
	Index Scan using sbtest3_pkey on sbtest3  (cost=0.43..43.78 rows=10 width=121)
	  Index Cond: ((id >= 836070) AND (id <= 836079))

table 4 : explain SELECT c FROM sbtest4 WHERE id BETWEEN 522912 AND 522921
	Index Scan using sbtest4_pkey on sbtest4  (cost=0.43..43.62 rows=10 width=121)
	  Index Cond: ((id >= 522912) AND (id <= 522921))

table 5 : explain SELECT c FROM sbtest5 WHERE id BETWEEN 4263230 AND 4263239
	Index Scan using sbtest5_pkey on sbtest5  (cost=0.43..43.68 rows=10 width=121)
	  Index Cond: ((id >= 4263230) AND (id <= 4263239))

table 6 : explain SELECT c FROM sbtest6 WHERE id BETWEEN 5397560 AND 5397569
	Index Scan using sbtest6_pkey on sbtest6  (cost=0.43..43.75 rows=10 width=121)
	  Index Cond: ((id >= 5397560) AND (id <= 5397569))

table 7 : explain SELECT c FROM sbtest7 WHERE id BETWEEN 6301818 AND 6301827
	Index Scan using sbtest7_pkey on sbtest7  (cost=0.43..43.68 rows=10 width=121)
	  Index Cond: ((id >= 6301818) AND (id <= 6301827))

table 8 : explain SELECT c FROM sbtest8 WHERE id BETWEEN 5492970 AND 5492979
	Index Scan using sbtest8_pkey on sbtest8  (cost=0.43..43.70 rows=10 width=121)
	  Index Cond: ((id >= 5492970) AND (id <= 5492979))

for: sum_ranges
table 1 : explain SELECT SUM(k) FROM sbtest1 WHERE id BETWEEN 3835873 AND 3835882
	Aggregate  (cost=39.87..39.88 rows=1 width=8)
	  ->  Index Scan using sbtest1_pkey on sbtest1  (cost=0.43..39.84 rows=9 width=4)
	        Index Cond: ((id >= 3835873) AND (id <= 3835882))

table 2 : explain SELECT SUM(k) FROM sbtest2 WHERE id BETWEEN 9635599 AND 9635608
	Aggregate  (cost=43.69..43.70 rows=1 width=8)
	  ->  Index Scan using sbtest2_pkey on sbtest2  (cost=0.43..43.67 rows=10 width=4)
	        Index Cond: ((id >= 9635599) AND (id <= 9635608))

table 3 : explain SELECT SUM(k) FROM sbtest3 WHERE id BETWEEN 2016026 AND 2016035
	Aggregate  (cost=43.81..43.82 rows=1 width=8)
	  ->  Index Scan using sbtest3_pkey on sbtest3  (cost=0.43..43.78 rows=10 width=4)
	        Index Cond: ((id >= 2016026) AND (id <= 2016035))

table 4 : explain SELECT SUM(k) FROM sbtest4 WHERE id BETWEEN 7105357 AND 7105366
	Aggregate  (cost=47.56..47.57 rows=1 width=8)
	  ->  Index Scan using sbtest4_pkey on sbtest4  (cost=0.43..47.53 rows=11 width=4)
	        Index Cond: ((id >= 7105357) AND (id <= 7105366))

table 5 : explain SELECT SUM(k) FROM sbtest5 WHERE id BETWEEN 7064553 AND 7064562
	Aggregate  (cost=43.71..43.72 rows=1 width=8)
	  ->  Index Scan using sbtest5_pkey on sbtest5  (cost=0.43..43.68 rows=10 width=4)
	        Index Cond: ((id >= 7064553) AND (id <= 7064562))

table 6 : explain SELECT SUM(k) FROM sbtest6 WHERE id BETWEEN 8638701 AND 8638710
	Aggregate  (cost=47.70..47.71 rows=1 width=8)
	  ->  Index Scan using sbtest6_pkey on sbtest6  (cost=0.43..47.68 rows=11 width=4)
	        Index Cond: ((id >= 8638701) AND (id <= 8638710))

table 7 : explain SELECT SUM(k) FROM sbtest7 WHERE id BETWEEN 8701016 AND 8701025
	Aggregate  (cost=43.70..43.71 rows=1 width=8)
	  ->  Index Scan using sbtest7_pkey on sbtest7  (cost=0.43..43.68 rows=10 width=4)
	        Index Cond: ((id >= 8701016) AND (id <= 8701025))

table 8 : explain SELECT SUM(k) FROM sbtest8 WHERE id BETWEEN 1982702 AND 1982711
	Aggregate  (cost=43.72..43.73 rows=1 width=8)
	  ->  Index Scan using sbtest8_pkey on sbtest8  (cost=0.43..43.70 rows=10 width=4)
	        Index Cond: ((id >= 1982702) AND (id <= 1982711))

for point_selects
table 1 : explain SELECT c FROM sbtest1 WHERE id=8684403
	Index Scan using sbtest1_pkey on sbtest1  (cost=0.43..8.45 rows=1 width=121)
	  Index Cond: (id = 8684403)

table 2 : explain SELECT c FROM sbtest2 WHERE id=4216984
	Index Scan using sbtest2_pkey on sbtest2  (cost=0.43..8.45 rows=1 width=121)
	  Index Cond: (id = 4216984)

table 3 : explain SELECT c FROM sbtest3 WHERE id=9298399
	Index Scan using sbtest3_pkey on sbtest3  (cost=0.43..8.45 rows=1 width=121)
	  Index Cond: (id = 9298399)

table 4 : explain SELECT c FROM sbtest4 WHERE id=6642754
	Index Scan using sbtest4_pkey on sbtest4  (cost=0.43..8.45 rows=1 width=121)
	  Index Cond: (id = 6642754)

table 5 : explain SELECT c FROM sbtest5 WHERE id=3181400
	Index Scan using sbtest5_pkey on sbtest5  (cost=0.43..8.45 rows=1 width=121)
	  Index Cond: (id = 3181400)

table 6 : explain SELECT c FROM sbtest6 WHERE id=6920630
	Index Scan using sbtest6_pkey on sbtest6  (cost=0.43..8.45 rows=1 width=121)
	  Index Cond: (id = 6920630)

table 7 : explain SELECT c FROM sbtest7 WHERE id=2783776
	Index Scan using sbtest7_pkey on sbtest7  (cost=0.43..8.45 rows=1 width=121)
	  Index Cond: (id = 2783776)

table 8 : explain SELECT c FROM sbtest8 WHERE id=6819623
	Index Scan using sbtest8_pkey on sbtest8  (cost=0.43..8.45 rows=1 width=121)
	  Index Cond: (id = 6819623)

for: sum_ranges
table 1 : explain SELECT SUM(k) FROM sbtest1 WHERE id BETWEEN 9046757 AND 9046766
	Aggregate  (cost=39.87..39.88 rows=1 width=8)
	  ->  Index Scan using sbtest1_pkey on sbtest1  (cost=0.43..39.84 rows=9 width=4)
	        Index Cond: ((id >= 9046757) AND (id <= 9046766))

table 2 : explain SELECT SUM(k) FROM sbtest2 WHERE id BETWEEN 2205785 AND 2205794
	Aggregate  (cost=47.61..47.62 rows=1 width=8)
	  ->  Index Scan using sbtest2_pkey on sbtest2  (cost=0.43..47.58 rows=11 width=4)
	        Index Cond: ((id >= 2205785) AND (id <= 2205794))

table 3 : explain SELECT SUM(k) FROM sbtest3 WHERE id BETWEEN 5885191 AND 5885200
	Aggregate  (cost=39.88..39.89 rows=1 width=8)
	  ->  Index Scan using sbtest3_pkey on sbtest3  (cost=0.43..39.86 rows=9 width=4)
	        Index Cond: ((id >= 5885191) AND (id <= 5885200))

table 4 : explain SELECT SUM(k) FROM sbtest4 WHERE id BETWEEN 6819780 AND 6819789
	Aggregate  (cost=43.65..43.66 rows=1 width=8)
	  ->  Index Scan using sbtest4_pkey on sbtest4  (cost=0.43..43.62 rows=10 width=4)
	        Index Cond: ((id >= 6819780) AND (id <= 6819789))

table 5 : explain SELECT SUM(k) FROM sbtest5 WHERE id BETWEEN 8830671 AND 8830680
	Aggregate  (cost=43.71..43.72 rows=1 width=8)
	  ->  Index Scan using sbtest5_pkey on sbtest5  (cost=0.43..43.68 rows=10 width=4)
	        Index Cond: ((id >= 8830671) AND (id <= 8830680))

table 6 : explain SELECT SUM(k) FROM sbtest6 WHERE id BETWEEN 651513 AND 651522
	Aggregate  (cost=43.78..43.79 rows=1 width=8)
	  ->  Index Scan using sbtest6_pkey on sbtest6  (cost=0.43..43.75 rows=10 width=4)
	        Index Cond: ((id >= 651513) AND (id <= 651522))

table 7 : explain SELECT SUM(k) FROM sbtest7 WHERE id BETWEEN 6349846 AND 6349855
	Aggregate  (cost=43.70..43.71 rows=1 width=8)
	  ->  Index Scan using sbtest7_pkey on sbtest7  (cost=0.43..43.68 rows=10 width=4)
	        Index Cond: ((id >= 6349846) AND (id <= 6349855))

table 8 : explain SELECT SUM(k) FROM sbtest8 WHERE id BETWEEN 9736316 AND 9736325
	Aggregate  (cost=39.80..39.81 rows=1 width=8)
	  ->  Index Scan using sbtest8_pkey on sbtest8  (cost=0.43..39.78 rows=9 width=4)
	        Index Cond: ((id >= 9736316) AND (id <= 9736325))

for: simple_ranges
table 1 : explain SELECT c FROM sbtest1 WHERE id BETWEEN 3816262 AND 3816271
	Index Scan using sbtest1_pkey on sbtest1  (cost=0.43..39.84 rows=9 width=121)
	  Index Cond: ((id >= 3816262) AND (id <= 3816271))

table 2 : explain SELECT c FROM sbtest2 WHERE id BETWEEN 7249697 AND 7249706
	Index Scan using sbtest2_pkey on sbtest2  (cost=0.43..43.67 rows=10 width=121)
	  Index Cond: ((id >= 7249697) AND (id <= 7249706))

table 3 : explain SELECT c FROM sbtest3 WHERE id BETWEEN 1510466 AND 1510475
	Index Scan using sbtest3_pkey on sbtest3  (cost=0.43..43.78 rows=10 width=121)
	  Index Cond: ((id >= 1510466) AND (id <= 1510475))

table 4 : explain SELECT c FROM sbtest4 WHERE id BETWEEN 2151509 AND 2151518
	Index Scan using sbtest4_pkey on sbtest4  (cost=0.43..39.72 rows=9 width=121)
	  Index Cond: ((id >= 2151509) AND (id <= 2151518))

table 5 : explain SELECT c FROM sbtest5 WHERE id BETWEEN 3022887 AND 3022896
	Index Scan using sbtest5_pkey on sbtest5  (cost=0.43..43.68 rows=10 width=121)
	  Index Cond: ((id >= 3022887) AND (id <= 3022896))

table 6 : explain SELECT c FROM sbtest6 WHERE id BETWEEN 8376250 AND 8376259
	Index Scan using sbtest6_pkey on sbtest6  (cost=0.43..43.75 rows=10 width=121)
	  Index Cond: ((id >= 8376250) AND (id <= 8376259))

table 7 : explain SELECT c FROM sbtest7 WHERE id BETWEEN 947529 AND 947538
	Index Scan using sbtest7_pkey on sbtest7  (cost=0.43..43.68 rows=10 width=121)
	  Index Cond: ((id >= 947529) AND (id <= 947538))

table 8 : explain SELECT c FROM sbtest8 WHERE id BETWEEN 458983 AND 458992
	Index Scan using sbtest8_pkey on sbtest8  (cost=0.43..39.78 rows=9 width=121)
	  Index Cond: ((id >= 458983) AND (id <= 458992))

for: sum_ranges
table 1 : explain SELECT SUM(k) FROM sbtest1 WHERE id BETWEEN 552067 AND 552076
	Aggregate  (cost=47.72..47.73 rows=1 width=8)
	  ->  Index Scan using sbtest1_pkey on sbtest1  (cost=0.43..47.69 rows=11 width=4)
	        Index Cond: ((id >= 552067) AND (id <= 552076))

table 2 : explain SELECT SUM(k) FROM sbtest2 WHERE id BETWEEN 7940999 AND 7941008
	Aggregate  (cost=43.69..43.70 rows=1 width=8)
	  ->  Index Scan using sbtest2_pkey on sbtest2  (cost=0.43..43.67 rows=10 width=4)
	        Index Cond: ((id >= 7940999) AND (id <= 7941008))

table 3 : explain SELECT SUM(k) FROM sbtest3 WHERE id BETWEEN 6102500 AND 6102509
	Aggregate  (cost=43.81..43.82 rows=1 width=8)
	  ->  Index Scan using sbtest3_pkey on sbtest3  (cost=0.43..43.78 rows=10 width=4)
	        Index Cond: ((id >= 6102500) AND (id <= 6102509))

table 4 : explain SELECT SUM(k) FROM sbtest4 WHERE id BETWEEN 6260097 AND 6260106
	Aggregate  (cost=39.74..39.75 rows=1 width=8)
	  ->  Index Scan using sbtest4_pkey on sbtest4  (cost=0.43..39.72 rows=9 width=4)
	        Index Cond: ((id >= 6260097) AND (id <= 6260106))

table 5 : explain SELECT SUM(k) FROM sbtest5 WHERE id BETWEEN 7611918 AND 7611927
	Aggregate  (cost=43.71..43.72 rows=1 width=8)
	  ->  Index Scan using sbtest5_pkey on sbtest5  (cost=0.43..43.68 rows=10 width=4)
	        Index Cond: ((id >= 7611918) AND (id <= 7611927))

table 6 : explain SELECT SUM(k) FROM sbtest6 WHERE id BETWEEN 5484859 AND 5484868
	Aggregate  (cost=43.78..43.79 rows=1 width=8)
	  ->  Index Scan using sbtest6_pkey on sbtest6  (cost=0.43..43.75 rows=10 width=4)
	        Index Cond: ((id >= 5484859) AND (id <= 5484868))

table 7 : explain SELECT SUM(k) FROM sbtest7 WHERE id BETWEEN 3615044 AND 3615053
	Aggregate  (cost=43.70..43.71 rows=1 width=8)
	  ->  Index Scan using sbtest7_pkey on sbtest7  (cost=0.43..43.68 rows=10 width=4)
	        Index Cond: ((id >= 3615044) AND (id <= 3615053))

table 8 : explain SELECT SUM(k) FROM sbtest8 WHERE id BETWEEN 7158392 AND 7158401
	Aggregate  (cost=43.72..43.73 rows=1 width=8)
	  ->  Index Scan using sbtest8_pkey on sbtest8  (cost=0.43..43.70 rows=10 width=4)
	        Index Cond: ((id >= 7158392) AND (id <= 7158401))

for: sum_ranges
table 1 : explain SELECT SUM(k) FROM sbtest1 WHERE id BETWEEN 8572226 AND 8572235
	Aggregate  (cost=43.79..43.80 rows=1 width=8)
	  ->  Index Scan using sbtest1_pkey on sbtest1  (cost=0.43..43.77 rows=10 width=4)
	        Index Cond: ((id >= 8572226) AND (id <= 8572235))

table 2 : explain SELECT SUM(k) FROM sbtest2 WHERE id BETWEEN 5174176 AND 5174185
	Aggregate  (cost=39.78..39.79 rows=1 width=8)
	  ->  Index Scan using sbtest2_pkey on sbtest2  (cost=0.43..39.75 rows=9 width=4)
	        Index Cond: ((id >= 5174176) AND (id <= 5174185))

table 3 : explain SELECT SUM(k) FROM sbtest3 WHERE id BETWEEN 6553021 AND 6553030
	Aggregate  (cost=43.81..43.82 rows=1 width=8)
	  ->  Index Scan using sbtest3_pkey on sbtest3  (cost=0.43..43.78 rows=10 width=4)
	        Index Cond: ((id >= 6553021) AND (id <= 6553030))

table 4 : explain SELECT SUM(k) FROM sbtest4 WHERE id BETWEEN 7208230 AND 7208239
	Aggregate  (cost=47.56..47.57 rows=1 width=8)
	  ->  Index Scan using sbtest4_pkey on sbtest4  (cost=0.43..47.53 rows=11 width=4)
	        Index Cond: ((id >= 7208230) AND (id <= 7208239))

table 5 : explain SELECT SUM(k) FROM sbtest5 WHERE id BETWEEN 9945897 AND 9945906
	Aggregate  (cost=43.71..43.72 rows=1 width=8)
	  ->  Index Scan using sbtest5_pkey on sbtest5  (cost=0.43..43.68 rows=10 width=4)
	        Index Cond: ((id >= 9945897) AND (id <= 9945906))

table 6 : explain SELECT SUM(k) FROM sbtest6 WHERE id BETWEEN 7262981 AND 7262990
	Aggregate  (cost=39.86..39.87 rows=1 width=8)
	  ->  Index Scan using sbtest6_pkey on sbtest6  (cost=0.43..39.83 rows=9 width=4)
	        Index Cond: ((id >= 7262981) AND (id <= 7262990))

table 7 : explain SELECT SUM(k) FROM sbtest7 WHERE id BETWEEN 993792 AND 993801
	Aggregate  (cost=43.70..43.71 rows=1 width=8)
	  ->  Index Scan using sbtest7_pkey on sbtest7  (cost=0.43..43.68 rows=10 width=4)
	        Index Cond: ((id >= 993792) AND (id <= 993801))

table 8 : explain SELECT SUM(k) FROM sbtest8 WHERE id BETWEEN 2391476 AND 2391485
	Aggregate  (cost=43.72..43.73 rows=1 width=8)
	  ->  Index Scan using sbtest8_pkey on sbtest8  (cost=0.43..43.70 rows=10 width=4)
	        Index Cond: ((id >= 2391476) AND (id <= 2391485))

for: sum_ranges
table 1 : explain SELECT SUM(k) FROM sbtest1 WHERE id BETWEEN 16953 AND 16962
	Aggregate  (cost=43.79..43.80 rows=1 width=8)
	  ->  Index Scan using sbtest1_pkey on sbtest1  (cost=0.43..43.77 rows=10 width=4)
	        Index Cond: ((id >= 16953) AND (id <= 16962))

table 2 : explain SELECT SUM(k) FROM sbtest2 WHERE id BETWEEN 610732 AND 610741
	Aggregate  (cost=43.69..43.70 rows=1 width=8)
	  ->  Index Scan using sbtest2_pkey on sbtest2  (cost=0.43..43.67 rows=10 width=4)
	        Index Cond: ((id >= 610732) AND (id <= 610741))

table 3 : explain SELECT SUM(k) FROM sbtest3 WHERE id BETWEEN 9226564 AND 9226573
	Aggregate  (cost=43.81..43.82 rows=1 width=8)
	  ->  Index Scan using sbtest3_pkey on sbtest3  (cost=0.43..43.78 rows=10 width=4)
	        Index Cond: ((id >= 9226564) AND (id <= 9226573))

table 4 : explain SELECT SUM(k) FROM sbtest4 WHERE id BETWEEN 1838304 AND 1838313
	Aggregate  (cost=43.65..43.66 rows=1 width=8)
	  ->  Index Scan using sbtest4_pkey on sbtest4  (cost=0.43..43.62 rows=10 width=4)
	        Index Cond: ((id >= 1838304) AND (id <= 1838313))

table 5 : explain SELECT SUM(k) FROM sbtest5 WHERE id BETWEEN 9384849 AND 9384858
	Aggregate  (cost=43.71..43.72 rows=1 width=8)
	  ->  Index Scan using sbtest5_pkey on sbtest5  (cost=0.43..43.68 rows=10 width=4)
	        Index Cond: ((id >= 9384849) AND (id <= 9384858))

table 6 : explain SELECT SUM(k) FROM sbtest6 WHERE id BETWEEN 3532215 AND 3532224
	Aggregate  (cost=43.78..43.79 rows=1 width=8)
	  ->  Index Scan using sbtest6_pkey on sbtest6  (cost=0.43..43.75 rows=10 width=4)
	        Index Cond: ((id >= 3532215) AND (id <= 3532224))

table 7 : explain SELECT SUM(k) FROM sbtest7 WHERE id BETWEEN 399713 AND 399722
	Aggregate  (cost=43.70..43.71 rows=1 width=8)
	  ->  Index Scan using sbtest7_pkey on sbtest7  (cost=0.43..43.68 rows=10 width=4)
	        Index Cond: ((id >= 399713) AND (id <= 399722))

table 8 : explain SELECT SUM(k) FROM sbtest8 WHERE id BETWEEN 6185675 AND 6185684
	Aggregate  (cost=43.72..43.73 rows=1 width=8)
	  ->  Index Scan using sbtest8_pkey on sbtest8  (cost=0.43..43.70 rows=10 width=4)
	        Index Cond: ((id >= 6185675) AND (id <= 6185684))

for point_selects
table 1 : explain SELECT c FROM sbtest1 WHERE id=8221104
	Index Scan using sbtest1_pkey on sbtest1  (cost=0.43..8.45 rows=1 width=121)
	  Index Cond: (id = 8221104)

table 2 : explain SELECT c FROM sbtest2 WHERE id=5588034
	Index Scan using sbtest2_pkey on sbtest2  (cost=0.43..8.45 rows=1 width=121)
	  Index Cond: (id = 5588034)

table 3 : explain SELECT c FROM sbtest3 WHERE id=7212962
	Index Scan using sbtest3_pkey on sbtest3  (cost=0.43..8.45 rows=1 width=121)
	  Index Cond: (id = 7212962)

table 4 : explain SELECT c FROM sbtest4 WHERE id=4127370
	Index Scan using sbtest4_pkey on sbtest4  (cost=0.43..8.45 rows=1 width=121)
	  Index Cond: (id = 4127370)

table 5 : explain SELECT c FROM sbtest5 WHERE id=2345255
	Index Scan using sbtest5_pkey on sbtest5  (cost=0.43..8.45 rows=1 width=121)
	  Index Cond: (id = 2345255)

table 6 : explain SELECT c FROM sbtest6 WHERE id=298467
	Index Scan using sbtest6_pkey on sbtest6  (cost=0.43..8.45 rows=1 width=121)
	  Index Cond: (id = 298467)

table 7 : explain SELECT c FROM sbtest7 WHERE id=7693421
	Index Scan using sbtest7_pkey on sbtest7  (cost=0.43..8.45 rows=1 width=121)
	  Index Cond: (id = 7693421)

table 8 : explain SELECT c FROM sbtest8 WHERE id=8570297
	Index Scan using sbtest8_pkey on sbtest8  (cost=0.43..8.45 rows=1 width=121)
	  Index Cond: (id = 8570297)

for point_selects
table 1 : explain SELECT c FROM sbtest1 WHERE id=1364045
	Index Scan using sbtest1_pkey on sbtest1  (cost=0.43..8.45 rows=1 width=121)
	  Index Cond: (id = 1364045)

table 2 : explain SELECT c FROM sbtest2 WHERE id=2369904
	Index Scan using sbtest2_pkey on sbtest2  (cost=0.43..8.45 rows=1 width=121)
	  Index Cond: (id = 2369904)

table 3 : explain SELECT c FROM sbtest3 WHERE id=6596701
	Index Scan using sbtest3_pkey on sbtest3  (cost=0.43..8.45 rows=1 width=121)
	  Index Cond: (id = 6596701)

table 4 : explain SELECT c FROM sbtest4 WHERE id=6189503
	Index Scan using sbtest4_pkey on sbtest4  (cost=0.43..8.45 rows=1 width=121)
	  Index Cond: (id = 6189503)

table 5 : explain SELECT c FROM sbtest5 WHERE id=9680974
	Index Scan using sbtest5_pkey on sbtest5  (cost=0.43..8.45 rows=1 width=121)
	  Index Cond: (id = 9680974)

table 6 : explain SELECT c FROM sbtest6 WHERE id=1772609
	Index Scan using sbtest6_pkey on sbtest6  (cost=0.43..8.45 rows=1 width=121)
	  Index Cond: (id = 1772609)

table 7 : explain SELECT c FROM sbtest7 WHERE id=4790962
	Index Scan using sbtest7_pkey on sbtest7  (cost=0.43..8.45 rows=1 width=121)
	  Index Cond: (id = 4790962)

table 8 : explain SELECT c FROM sbtest8 WHERE id=4770775
	Index Scan using sbtest8_pkey on sbtest8  (cost=0.43..8.45 rows=1 width=121)
	  Index Cond: (id = 4770775)

for point_selects
table 1 : explain SELECT c FROM sbtest1 WHERE id=6332698
	Index Scan using sbtest1_pkey on sbtest1  (cost=0.43..8.45 rows=1 width=121)
	  Index Cond: (id = 6332698)

table 2 : explain SELECT c FROM sbtest2 WHERE id=3661125
	Index Scan using sbtest2_pkey on sbtest2  (cost=0.43..8.45 rows=1 width=121)
	  Index Cond: (id = 3661125)

table 3 : explain SELECT c FROM sbtest3 WHERE id=5767171
	Index Scan using sbtest3_pkey on sbtest3  (cost=0.43..8.45 rows=1 width=121)
	  Index Cond: (id = 5767171)

table 4 : explain SELECT c FROM sbtest4 WHERE id=5685338
	Index Scan using sbtest4_pkey on sbtest4  (cost=0.43..8.45 rows=1 width=121)
	  Index Cond: (id = 5685338)

table 5 : explain SELECT c FROM sbtest5 WHERE id=7855060
	Index Scan using sbtest5_pkey on sbtest5  (cost=0.43..8.45 rows=1 width=121)
	  Index Cond: (id = 7855060)

table 6 : explain SELECT c FROM sbtest6 WHERE id=9095010
	Index Scan using sbtest6_pkey on sbtest6  (cost=0.43..8.45 rows=1 width=121)
	  Index Cond: (id = 9095010)

table 7 : explain SELECT c FROM sbtest7 WHERE id=2479292
	Index Scan using sbtest7_pkey on sbtest7  (cost=0.43..8.45 rows=1 width=121)
	  Index Cond: (id = 2479292)

table 8 : explain SELECT c FROM sbtest8 WHERE id=7746181
	Index Scan using sbtest8_pkey on sbtest8  (cost=0.43..8.45 rows=1 width=121)
	  Index Cond: (id = 7746181)

for: sum_ranges
table 1 : explain SELECT SUM(k) FROM sbtest1 WHERE id BETWEEN 5128540 AND 5128549
	Aggregate  (cost=47.72..47.73 rows=1 width=8)
	  ->  Index Scan using sbtest1_pkey on sbtest1  (cost=0.43..47.69 rows=11 width=4)
	        Index Cond: ((id >= 5128540) AND (id <= 5128549))

table 2 : explain SELECT SUM(k) FROM sbtest2 WHERE id BETWEEN 8909919 AND 8909928
	Aggregate  (cost=43.69..43.70 rows=1 width=8)
	  ->  Index Scan using sbtest2_pkey on sbtest2  (cost=0.43..43.67 rows=10 width=4)
	        Index Cond: ((id >= 8909919) AND (id <= 8909928))

table 3 : explain SELECT SUM(k) FROM sbtest3 WHERE id BETWEEN 8350918 AND 8350927
	Aggregate  (cost=43.81..43.82 rows=1 width=8)
	  ->  Index Scan using sbtest3_pkey on sbtest3  (cost=0.43..43.78 rows=10 width=4)
	        Index Cond: ((id >= 8350918) AND (id <= 8350927))

table 4 : explain SELECT SUM(k) FROM sbtest4 WHERE id BETWEEN 5802192 AND 5802201
	Aggregate  (cost=43.65..43.66 rows=1 width=8)
	  ->  Index Scan using sbtest4_pkey on sbtest4  (cost=0.43..43.62 rows=10 width=4)
	        Index Cond: ((id >= 5802192) AND (id <= 5802201))

table 5 : explain SELECT SUM(k) FROM sbtest5 WHERE id BETWEEN 2307872 AND 2307881
	Aggregate  (cost=43.71..43.72 rows=1 width=8)
	  ->  Index Scan using sbtest5_pkey on sbtest5  (cost=0.43..43.68 rows=10 width=4)
	        Index Cond: ((id >= 2307872) AND (id <= 2307881))

table 6 : explain SELECT SUM(k) FROM sbtest6 WHERE id BETWEEN 7920722 AND 7920731
	Aggregate  (cost=43.78..43.79 rows=1 width=8)
	  ->  Index Scan using sbtest6_pkey on sbtest6  (cost=0.43..43.75 rows=10 width=4)
	        Index Cond: ((id >= 7920722) AND (id <= 7920731))

table 7 : explain SELECT SUM(k) FROM sbtest7 WHERE id BETWEEN 4068960 AND 4068969
	Aggregate  (cost=43.70..43.71 rows=1 width=8)
	  ->  Index Scan using sbtest7_pkey on sbtest7  (cost=0.43..43.68 rows=10 width=4)
	        Index Cond: ((id >= 4068960) AND (id <= 4068969))

table 8 : explain SELECT SUM(k) FROM sbtest8 WHERE id BETWEEN 8680148 AND 8680157
	Aggregate  (cost=39.80..39.81 rows=1 width=8)
	  ->  Index Scan using sbtest8_pkey on sbtest8  (cost=0.43..39.78 rows=9 width=4)
	        Index Cond: ((id >= 8680148) AND (id <= 8680157))

for: simple_ranges
table 1 : explain SELECT c FROM sbtest1 WHERE id BETWEEN 2376244 AND 2376253
	Index Scan using sbtest1_pkey on sbtest1  (cost=0.43..43.77 rows=10 width=121)
	  Index Cond: ((id >= 2376244) AND (id <= 2376253))

table 2 : explain SELECT c FROM sbtest2 WHERE id BETWEEN 4293274 AND 4293283
	Index Scan using sbtest2_pkey on sbtest2  (cost=0.43..39.75 rows=9 width=121)
	  Index Cond: ((id >= 4293274) AND (id <= 4293283))

table 3 : explain SELECT c FROM sbtest3 WHERE id BETWEEN 8610542 AND 8610551
	Index Scan using sbtest3_pkey on sbtest3  (cost=0.43..43.78 rows=10 width=121)
	  Index Cond: ((id >= 8610542) AND (id <= 8610551))

table 4 : explain SELECT c FROM sbtest4 WHERE id BETWEEN 2869619 AND 2869628
	Index Scan using sbtest4_pkey on sbtest4  (cost=0.43..47.53 rows=11 width=121)
	  Index Cond: ((id >= 2869619) AND (id <= 2869628))

table 5 : explain SELECT c FROM sbtest5 WHERE id BETWEEN 3276312 AND 3276321
	Index Scan using sbtest5_pkey on sbtest5  (cost=0.43..43.68 rows=10 width=121)
	  Index Cond: ((id >= 3276312) AND (id <= 3276321))

table 6 : explain SELECT c FROM sbtest6 WHERE id BETWEEN 6867905 AND 6867914
	Index Scan using sbtest6_pkey on sbtest6  (cost=0.43..43.75 rows=10 width=121)
	  Index Cond: ((id >= 6867905) AND (id <= 6867914))

table 7 : explain SELECT c FROM sbtest7 WHERE id BETWEEN 4372614 AND 4372623
	Index Scan using sbtest7_pkey on sbtest7  (cost=0.43..43.68 rows=10 width=121)
	  Index Cond: ((id >= 4372614) AND (id <= 4372623))

table 8 : explain SELECT c FROM sbtest8 WHERE id BETWEEN 5487242 AND 5487251
	Index Scan using sbtest8_pkey on sbtest8  (cost=0.43..43.70 rows=10 width=121)
	  Index Cond: ((id >= 5487242) AND (id <= 5487251))

for: sum_ranges
table 1 : explain SELECT SUM(k) FROM sbtest1 WHERE id BETWEEN 6142266 AND 6142275
	Aggregate  (cost=43.79..43.80 rows=1 width=8)
	  ->  Index Scan using sbtest1_pkey on sbtest1  (cost=0.43..43.77 rows=10 width=4)
	        Index Cond: ((id >= 6142266) AND (id <= 6142275))

table 2 : explain SELECT SUM(k) FROM sbtest2 WHERE id BETWEEN 8063715 AND 8063724
	Aggregate  (cost=43.69..43.70 rows=1 width=8)
	  ->  Index Scan using sbtest2_pkey on sbtest2  (cost=0.43..43.67 rows=10 width=4)
	        Index Cond: ((id >= 8063715) AND (id <= 8063724))

table 3 : explain SELECT SUM(k) FROM sbtest3 WHERE id BETWEEN 3884159 AND 3884168
	Aggregate  (cost=43.81..43.82 rows=1 width=8)
	  ->  Index Scan using sbtest3_pkey on sbtest3  (cost=0.43..43.78 rows=10 width=4)
	        Index Cond: ((id >= 3884159) AND (id <= 3884168))

table 4 : explain SELECT SUM(k) FROM sbtest4 WHERE id BETWEEN 7959801 AND 7959810
	Aggregate  (cost=43.65..43.66 rows=1 width=8)
	  ->  Index Scan using sbtest4_pkey on sbtest4  (cost=0.43..43.62 rows=10 width=4)
	        Index Cond: ((id >= 7959801) AND (id <= 7959810))

table 5 : explain SELECT SUM(k) FROM sbtest5 WHERE id BETWEEN 1728146 AND 1728155
	Aggregate  (cost=43.71..43.72 rows=1 width=8)
	  ->  Index Scan using sbtest5_pkey on sbtest5  (cost=0.43..43.68 rows=10 width=4)
	        Index Cond: ((id >= 1728146) AND (id <= 1728155))

table 6 : explain SELECT SUM(k) FROM sbtest6 WHERE id BETWEEN 5961715 AND 5961724
	Aggregate  (cost=43.78..43.79 rows=1 width=8)
	  ->  Index Scan using sbtest6_pkey on sbtest6  (cost=0.43..43.75 rows=10 width=4)
	        Index Cond: ((id >= 5961715) AND (id <= 5961724))

table 7 : explain SELECT SUM(k) FROM sbtest7 WHERE id BETWEEN 4795278 AND 4795287
	Aggregate  (cost=43.70..43.71 rows=1 width=8)
	  ->  Index Scan using sbtest7_pkey on sbtest7  (cost=0.43..43.68 rows=10 width=4)
	        Index Cond: ((id >= 4795278) AND (id <= 4795287))

table 8 : explain SELECT SUM(k) FROM sbtest8 WHERE id BETWEEN 4170201 AND 4170210
	Aggregate  (cost=43.72..43.73 rows=1 width=8)
	  ->  Index Scan using sbtest8_pkey on sbtest8  (cost=0.43..43.70 rows=10 width=4)
	        Index Cond: ((id >= 4170201) AND (id <= 4170210))

for: sum_ranges
table 1 : explain SELECT SUM(k) FROM sbtest1 WHERE id BETWEEN 5562185 AND 5562194
	Aggregate  (cost=43.79..43.80 rows=1 width=8)
	  ->  Index Scan using sbtest1_pkey on sbtest1  (cost=0.43..43.77 rows=10 width=4)
	        Index Cond: ((id >= 5562185) AND (id <= 5562194))

table 2 : explain SELECT SUM(k) FROM sbtest2 WHERE id BETWEEN 7259938 AND 7259947
	Aggregate  (cost=43.69..43.70 rows=1 width=8)
	  ->  Index Scan using sbtest2_pkey on sbtest2  (cost=0.43..43.67 rows=10 width=4)
	        Index Cond: ((id >= 7259938) AND (id <= 7259947))

table 3 : explain SELECT SUM(k) FROM sbtest3 WHERE id BETWEEN 9631970 AND 9631979
	Aggregate  (cost=39.88..39.89 rows=1 width=8)
	  ->  Index Scan using sbtest3_pkey on sbtest3  (cost=0.43..39.86 rows=9 width=4)
	        Index Cond: ((id >= 9631970) AND (id <= 9631979))

table 4 : explain SELECT SUM(k) FROM sbtest4 WHERE id BETWEEN 1265158 AND 1265167
	Aggregate  (cost=43.65..43.66 rows=1 width=8)
	  ->  Index Scan using sbtest4_pkey on sbtest4  (cost=0.43..43.62 rows=10 width=4)
	        Index Cond: ((id >= 1265158) AND (id <= 1265167))

table 5 : explain SELECT SUM(k) FROM sbtest5 WHERE id BETWEEN 1878955 AND 1878964
	Aggregate  (cost=47.62..47.63 rows=1 width=8)
	  ->  Index Scan using sbtest5_pkey on sbtest5  (cost=0.43..47.59 rows=11 width=4)
	        Index Cond: ((id >= 1878955) AND (id <= 1878964))

table 6 : explain SELECT SUM(k) FROM sbtest6 WHERE id BETWEEN 7869629 AND 7869638
	Aggregate  (cost=43.78..43.79 rows=1 width=8)
	  ->  Index Scan using sbtest6_pkey on sbtest6  (cost=0.43..43.75 rows=10 width=4)
	        Index Cond: ((id >= 7869629) AND (id <= 7869638))

table 7 : explain SELECT SUM(k) FROM sbtest7 WHERE id BETWEEN 7473318 AND 7473327
	Aggregate  (cost=47.62..47.63 rows=1 width=8)
	  ->  Index Scan using sbtest7_pkey on sbtest7  (cost=0.43..47.59 rows=11 width=4)
	        Index Cond: ((id >= 7473318) AND (id <= 7473327))

table 8 : explain SELECT SUM(k) FROM sbtest8 WHERE id BETWEEN 5127331 AND 5127340
	Aggregate  (cost=39.80..39.81 rows=1 width=8)
	  ->  Index Scan using sbtest8_pkey on sbtest8  (cost=0.43..39.78 rows=9 width=4)
	        Index Cond: ((id >= 5127331) AND (id <= 5127340))

for: sum_ranges
table 1 : explain SELECT SUM(k) FROM sbtest1 WHERE id BETWEEN 7979242 AND 7979251
	Aggregate  (cost=43.79..43.80 rows=1 width=8)
	  ->  Index Scan using sbtest1_pkey on sbtest1  (cost=0.43..43.77 rows=10 width=4)
	        Index Cond: ((id >= 7979242) AND (id <= 7979251))

table 2 : explain SELECT SUM(k) FROM sbtest2 WHERE id BETWEEN 1928013 AND 1928022
	Aggregate  (cost=43.69..43.70 rows=1 width=8)
	  ->  Index Scan using sbtest2_pkey on sbtest2  (cost=0.43..43.67 rows=10 width=4)
	        Index Cond: ((id >= 1928013) AND (id <= 1928022))

table 3 : explain SELECT SUM(k) FROM sbtest3 WHERE id BETWEEN 3874937 AND 3874946
	Aggregate  (cost=43.81..43.82 rows=1 width=8)
	  ->  Index Scan using sbtest3_pkey on sbtest3  (cost=0.43..43.78 rows=10 width=4)
	        Index Cond: ((id >= 3874937) AND (id <= 3874946))

table 4 : explain SELECT SUM(k) FROM sbtest4 WHERE id BETWEEN 8936219 AND 8936228
	Aggregate  (cost=39.74..39.75 rows=1 width=8)
	  ->  Index Scan using sbtest4_pkey on sbtest4  (cost=0.43..39.72 rows=9 width=4)
	        Index Cond: ((id >= 8936219) AND (id <= 8936228))

table 5 : explain SELECT SUM(k) FROM sbtest5 WHERE id BETWEEN 8017720 AND 8017729
	Aggregate  (cost=43.71..43.72 rows=1 width=8)
	  ->  Index Scan using sbtest5_pkey on sbtest5  (cost=0.43..43.68 rows=10 width=4)
	        Index Cond: ((id >= 8017720) AND (id <= 8017729))

table 6 : explain SELECT SUM(k) FROM sbtest6 WHERE id BETWEEN 4283776 AND 4283785
	Aggregate  (cost=47.70..47.71 rows=1 width=8)
	  ->  Index Scan using sbtest6_pkey on sbtest6  (cost=0.43..47.68 rows=11 width=4)
	        Index Cond: ((id >= 4283776) AND (id <= 4283785))

table 7 : explain SELECT SUM(k) FROM sbtest7 WHERE id BETWEEN 2044797 AND 2044806
	Aggregate  (cost=39.79..39.80 rows=1 width=8)
	  ->  Index Scan using sbtest7_pkey on sbtest7  (cost=0.43..39.76 rows=9 width=4)
	        Index Cond: ((id >= 2044797) AND (id <= 2044806))

table 8 : explain SELECT SUM(k) FROM sbtest8 WHERE id BETWEEN 7416838 AND 7416847
	Aggregate  (cost=43.72..43.73 rows=1 width=8)
	  ->  Index Scan using sbtest8_pkey on sbtest8  (cost=0.43..43.70 rows=10 width=4)
	        Index Cond: ((id >= 7416838) AND (id <= 7416847))

for point_selects
table 1 : explain SELECT c FROM sbtest1 WHERE id=9665802
	Index Scan using sbtest1_pkey on sbtest1  (cost=0.43..8.45 rows=1 width=121)
	  Index Cond: (id = 9665802)

table 2 : explain SELECT c FROM sbtest2 WHERE id=914104
	Index Scan using sbtest2_pkey on sbtest2  (cost=0.43..8.45 rows=1 width=121)
	  Index Cond: (id = 914104)

table 3 : explain SELECT c FROM sbtest3 WHERE id=1739690
	Index Scan using sbtest3_pkey on sbtest3  (cost=0.43..8.45 rows=1 width=121)
	  Index Cond: (id = 1739690)

table 4 : explain SELECT c FROM sbtest4 WHERE id=8392711
	Index Scan using sbtest4_pkey on sbtest4  (cost=0.43..8.45 rows=1 width=121)
	  Index Cond: (id = 8392711)

table 5 : explain SELECT c FROM sbtest5 WHERE id=6829339
	Index Scan using sbtest5_pkey on sbtest5  (cost=0.43..8.45 rows=1 width=121)
	  Index Cond: (id = 6829339)

table 6 : explain SELECT c FROM sbtest6 WHERE id=5463418
	Index Scan using sbtest6_pkey on sbtest6  (cost=0.43..8.45 rows=1 width=121)
	  Index Cond: (id = 5463418)

table 7 : explain SELECT c FROM sbtest7 WHERE id=5998772
	Index Scan using sbtest7_pkey on sbtest7  (cost=0.43..8.45 rows=1 width=121)
	  Index Cond: (id = 5998772)

table 8 : explain SELECT c FROM sbtest8 WHERE id=8075177
	Index Scan using sbtest8_pkey on sbtest8  (cost=0.43..8.45 rows=1 width=121)
	  Index Cond: (id = 8075177)

for point_selects
table 1 : explain SELECT c FROM sbtest1 WHERE id=6465830
	Index Scan using sbtest1_pkey on sbtest1  (cost=0.43..8.45 rows=1 width=121)
	  Index Cond: (id = 6465830)

table 2 : explain SELECT c FROM sbtest2 WHERE id=9648588
	Index Scan using sbtest2_pkey on sbtest2  (cost=0.43..8.45 rows=1 width=121)
	  Index Cond: (id = 9648588)

table 3 : explain SELECT c FROM sbtest3 WHERE id=3083544
	Index Scan using sbtest3_pkey on sbtest3  (cost=0.43..8.45 rows=1 width=121)
	  Index Cond: (id = 3083544)

table 4 : explain SELECT c FROM sbtest4 WHERE id=135033
	Index Scan using sbtest4_pkey on sbtest4  (cost=0.43..8.45 rows=1 width=121)
	  Index Cond: (id = 135033)

table 5 : explain SELECT c FROM sbtest5 WHERE id=6789041
	Index Scan using sbtest5_pkey on sbtest5  (cost=0.43..8.45 rows=1 width=121)
	  Index Cond: (id = 6789041)

table 6 : explain SELECT c FROM sbtest6 WHERE id=7677016
	Index Scan using sbtest6_pkey on sbtest6  (cost=0.43..8.45 rows=1 width=121)
	  Index Cond: (id = 7677016)

table 7 : explain SELECT c FROM sbtest7 WHERE id=1816446
	Index Scan using sbtest7_pkey on sbtest7  (cost=0.43..8.45 rows=1 width=121)
	  Index Cond: (id = 1816446)

table 8 : explain SELECT c FROM sbtest8 WHERE id=2657436
	Index Scan using sbtest8_pkey on sbtest8  (cost=0.43..8.45 rows=1 width=121)
	  Index Cond: (id = 2657436)

for: sum_ranges
table 1 : explain SELECT SUM(k) FROM sbtest1 WHERE id BETWEEN 8012141 AND 8012150
	Aggregate  (cost=47.72..47.73 rows=1 width=8)
	  ->  Index Scan using sbtest1_pkey on sbtest1  (cost=0.43..47.69 rows=11 width=4)
	        Index Cond: ((id >= 8012141) AND (id <= 8012150))

table 2 : explain SELECT SUM(k) FROM sbtest2 WHERE id BETWEEN 1543804 AND 1543813
	Aggregate  (cost=43.69..43.70 rows=1 width=8)
	  ->  Index Scan using sbtest2_pkey on sbtest2  (cost=0.43..43.67 rows=10 width=4)
	        Index Cond: ((id >= 1543804) AND (id <= 1543813))

table 3 : explain SELECT SUM(k) FROM sbtest3 WHERE id BETWEEN 9434277 AND 9434286
	Aggregate  (cost=43.81..43.82 rows=1 width=8)
	  ->  Index Scan using sbtest3_pkey on sbtest3  (cost=0.43..43.78 rows=10 width=4)
	        Index Cond: ((id >= 9434277) AND (id <= 9434286))

table 4 : explain SELECT SUM(k) FROM sbtest4 WHERE id BETWEEN 7951712 AND 7951721
	Aggregate  (cost=43.65..43.66 rows=1 width=8)
	  ->  Index Scan using sbtest4_pkey on sbtest4  (cost=0.43..43.62 rows=10 width=4)
	        Index Cond: ((id >= 7951712) AND (id <= 7951721))

table 5 : explain SELECT SUM(k) FROM sbtest5 WHERE id BETWEEN 2606075 AND 2606084
	Aggregate  (cost=43.71..43.72 rows=1 width=8)
	  ->  Index Scan using sbtest5_pkey on sbtest5  (cost=0.43..43.68 rows=10 width=4)
	        Index Cond: ((id >= 2606075) AND (id <= 2606084))

table 6 : explain SELECT SUM(k) FROM sbtest6 WHERE id BETWEEN 5780660 AND 5780669
	Aggregate  (cost=47.70..47.71 rows=1 width=8)
	  ->  Index Scan using sbtest6_pkey on sbtest6  (cost=0.43..47.68 rows=11 width=4)
	        Index Cond: ((id >= 5780660) AND (id <= 5780669))

table 7 : explain SELECT SUM(k) FROM sbtest7 WHERE id BETWEEN 740264 AND 740273
	Aggregate  (cost=43.70..43.71 rows=1 width=8)
	  ->  Index Scan using sbtest7_pkey on sbtest7  (cost=0.43..43.68 rows=10 width=4)
	        Index Cond: ((id >= 740264) AND (id <= 740273))

table 8 : explain SELECT SUM(k) FROM sbtest8 WHERE id BETWEEN 5841032 AND 5841041
	Aggregate  (cost=47.64..47.65 rows=1 width=8)
	  ->  Index Scan using sbtest8_pkey on sbtest8  (cost=0.43..47.61 rows=11 width=4)
	        Index Cond: ((id >= 5841032) AND (id <= 5841041))

for: simple_ranges
table 1 : explain SELECT c FROM sbtest1 WHERE id BETWEEN 2840323 AND 2840332
	Index Scan using sbtest1_pkey on sbtest1  (cost=0.43..39.84 rows=9 width=121)
	  Index Cond: ((id >= 2840323) AND (id <= 2840332))

table 2 : explain SELECT c FROM sbtest2 WHERE id BETWEEN 1420174 AND 1420183
	Index Scan using sbtest2_pkey on sbtest2  (cost=0.43..47.58 rows=11 width=121)
	  Index Cond: ((id >= 1420174) AND (id <= 1420183))

table 3 : explain SELECT c FROM sbtest3 WHERE id BETWEEN 1831677 AND 1831686
	Index Scan using sbtest3_pkey on sbtest3  (cost=0.43..47.71 rows=11 width=121)
	  Index Cond: ((id >= 1831677) AND (id <= 1831686))

table 4 : explain SELECT c FROM sbtest4 WHERE id BETWEEN 9989469 AND 9989478
	Index Scan using sbtest4_pkey on sbtest4  (cost=0.43..43.62 rows=10 width=121)
	  Index Cond: ((id >= 9989469) AND (id <= 9989478))

table 5 : explain SELECT c FROM sbtest5 WHERE id BETWEEN 4791828 AND 4791837
	Index Scan using sbtest5_pkey on sbtest5  (cost=0.43..43.68 rows=10 width=121)
	  Index Cond: ((id >= 4791828) AND (id <= 4791837))

table 6 : explain SELECT c FROM sbtest6 WHERE id BETWEEN 5062477 AND 5062486
	Index Scan using sbtest6_pkey on sbtest6  (cost=0.43..43.75 rows=10 width=121)
	  Index Cond: ((id >= 5062477) AND (id <= 5062486))

table 7 : explain SELECT c FROM sbtest7 WHERE id BETWEEN 1365002 AND 1365011
	Index Scan using sbtest7_pkey on sbtest7  (cost=0.43..43.68 rows=10 width=121)
	  Index Cond: ((id >= 1365002) AND (id <= 1365011))

table 8 : explain SELECT c FROM sbtest8 WHERE id BETWEEN 220993 AND 221002
	Index Scan using sbtest8_pkey on sbtest8  (cost=0.43..43.70 rows=10 width=121)
	  Index Cond: ((id >= 220993) AND (id <= 221002))

for point_selects
table 1 : explain SELECT c FROM sbtest1 WHERE id=1181346
	Index Scan using sbtest1_pkey on sbtest1  (cost=0.43..8.45 rows=1 width=121)
	  Index Cond: (id = 1181346)

table 2 : explain SELECT c FROM sbtest2 WHERE id=1483206
	Index Scan using sbtest2_pkey on sbtest2  (cost=0.43..8.45 rows=1 width=121)
	  Index Cond: (id = 1483206)

table 3 : explain SELECT c FROM sbtest3 WHERE id=1098906
	Index Scan using sbtest3_pkey on sbtest3  (cost=0.43..8.45 rows=1 width=121)
	  Index Cond: (id = 1098906)

table 4 : explain SELECT c FROM sbtest4 WHERE id=501673
	Index Scan using sbtest4_pkey on sbtest4  (cost=0.43..8.45 rows=1 width=121)
	  Index Cond: (id = 501673)

table 5 : explain SELECT c FROM sbtest5 WHERE id=7380217
	Index Scan using sbtest5_pkey on sbtest5  (cost=0.43..8.45 rows=1 width=121)
	  Index Cond: (id = 7380217)

table 6 : explain SELECT c FROM sbtest6 WHERE id=6069777
	Index Scan using sbtest6_pkey on sbtest6  (cost=0.43..8.45 rows=1 width=121)
	  Index Cond: (id = 6069777)

table 7 : explain SELECT c FROM sbtest7 WHERE id=258375
	Index Scan using sbtest7_pkey on sbtest7  (cost=0.43..8.45 rows=1 width=121)
	  Index Cond: (id = 258375)

table 8 : explain SELECT c FROM sbtest8 WHERE id=8985143
	Index Scan using sbtest8_pkey on sbtest8  (cost=0.43..8.45 rows=1 width=121)
	  Index Cond: (id = 8985143)

for: order_ranges
table 1 : explain SELECT c FROM sbtest1 WHERE id BETWEEN 7450701 AND 7450710 ORDER BY c
	Sort  (cost=47.88..47.91 rows=11 width=121)
	  Sort Key: c
	  ->  Index Scan using sbtest1_pkey on sbtest1  (cost=0.43..47.69 rows=11 width=121)
	        Index Cond: ((id >= 7450701) AND (id <= 7450710))

table 2 : explain SELECT c FROM sbtest2 WHERE id BETWEEN 2447942 AND 2447951 ORDER BY c
	Sort  (cost=39.90..39.92 rows=9 width=121)
	  Sort Key: c
	  ->  Index Scan using sbtest2_pkey on sbtest2  (cost=0.43..39.75 rows=9 width=121)
	        Index Cond: ((id >= 2447942) AND (id <= 2447951))

table 3 : explain SELECT c FROM sbtest3 WHERE id BETWEEN 6036774 AND 6036783 ORDER BY c
	Sort  (cost=43.95..43.97 rows=10 width=121)
	  Sort Key: c
	  ->  Index Scan using sbtest3_pkey on sbtest3  (cost=0.43..43.78 rows=10 width=121)
	        Index Cond: ((id >= 6036774) AND (id <= 6036783))

table 4 : explain SELECT c FROM sbtest4 WHERE id BETWEEN 6725362 AND 6725371 ORDER BY c
	Sort  (cost=43.79..43.82 rows=10 width=121)
	  Sort Key: c
	  ->  Index Scan using sbtest4_pkey on sbtest4  (cost=0.43..43.62 rows=10 width=121)
	        Index Cond: ((id >= 6725362) AND (id <= 6725371))

table 5 : explain SELECT c FROM sbtest5 WHERE id BETWEEN 8188152 AND 8188161 ORDER BY c
	Sort  (cost=39.91..39.93 rows=9 width=121)
	  Sort Key: c
	  ->  Index Scan using sbtest5_pkey on sbtest5  (cost=0.43..39.77 rows=9 width=121)
	        Index Cond: ((id >= 8188152) AND (id <= 8188161))

table 6 : explain SELECT c FROM sbtest6 WHERE id BETWEEN 6206086 AND 6206095 ORDER BY c
	Sort  (cost=43.92..43.95 rows=10 width=121)
	  Sort Key: c
	  ->  Index Scan using sbtest6_pkey on sbtest6  (cost=0.43..43.75 rows=10 width=121)
	        Index Cond: ((id >= 6206086) AND (id <= 6206095))

table 7 : explain SELECT c FROM sbtest7 WHERE id BETWEEN 9498091 AND 9498100 ORDER BY c
	Sort  (cost=43.84..43.87 rows=10 width=121)
	  Sort Key: c
	  ->  Index Scan using sbtest7_pkey on sbtest7  (cost=0.43..43.68 rows=10 width=121)
	        Index Cond: ((id >= 9498091) AND (id <= 9498100))

table 8 : explain SELECT c FROM sbtest8 WHERE id BETWEEN 9747501 AND 9747510 ORDER BY c
	Sort  (cost=39.92..39.94 rows=9 width=121)
	  Sort Key: c
	  ->  Index Scan using sbtest8_pkey on sbtest8  (cost=0.43..39.78 rows=9 width=121)
	        Index Cond: ((id >= 9747501) AND (id <= 9747510))

for: order_ranges
table 1 : explain SELECT c FROM sbtest1 WHERE id BETWEEN 122257 AND 122266 ORDER BY c
	Sort  (cost=43.93..43.96 rows=10 width=121)
	  Sort Key: c
	  ->  Index Scan using sbtest1_pkey on sbtest1  (cost=0.43..43.77 rows=10 width=121)
	        Index Cond: ((id >= 122257) AND (id <= 122266))

table 2 : explain SELECT c FROM sbtest2 WHERE id BETWEEN 2417374 AND 2417383 ORDER BY c
	Sort  (cost=39.90..39.92 rows=9 width=121)
	  Sort Key: c
	  ->  Index Scan using sbtest2_pkey on sbtest2  (cost=0.43..39.75 rows=9 width=121)
	        Index Cond: ((id >= 2417374) AND (id <= 2417383))

table 3 : explain SELECT c FROM sbtest3 WHERE id BETWEEN 8230444 AND 8230453 ORDER BY c
	Sort  (cost=43.95..43.97 rows=10 width=121)
	  Sort Key: c
	  ->  Index Scan using sbtest3_pkey on sbtest3  (cost=0.43..43.78 rows=10 width=121)
	        Index Cond: ((id >= 8230444) AND (id <= 8230453))

table 4 : explain SELECT c FROM sbtest4 WHERE id BETWEEN 2574101 AND 2574110 ORDER BY c
	Sort  (cost=43.79..43.82 rows=10 width=121)
	  Sort Key: c
	  ->  Index Scan using sbtest4_pkey on sbtest4  (cost=0.43..43.62 rows=10 width=121)
	        Index Cond: ((id >= 2574101) AND (id <= 2574110))

table 5 : explain SELECT c FROM sbtest5 WHERE id BETWEEN 4982868 AND 4982877 ORDER BY c
	Sort  (cost=43.85..43.87 rows=10 width=121)
	  Sort Key: c
	  ->  Index Scan using sbtest5_pkey on sbtest5  (cost=0.43..43.68 rows=10 width=121)
	        Index Cond: ((id >= 4982868) AND (id <= 4982877))

table 6 : explain SELECT c FROM sbtest6 WHERE id BETWEEN 4391207 AND 4391216 ORDER BY c
	Sort  (cost=43.92..43.95 rows=10 width=121)
	  Sort Key: c
	  ->  Index Scan using sbtest6_pkey on sbtest6  (cost=0.43..43.75 rows=10 width=121)
	        Index Cond: ((id >= 4391207) AND (id <= 4391216))

table 7 : explain SELECT c FROM sbtest7 WHERE id BETWEEN 7657361 AND 7657370 ORDER BY c
	Sort  (cost=43.84..43.87 rows=10 width=121)
	  Sort Key: c
	  ->  Index Scan using sbtest7_pkey on sbtest7  (cost=0.43..43.68 rows=10 width=121)
	        Index Cond: ((id >= 7657361) AND (id <= 7657370))

table 8 : explain SELECT c FROM sbtest8 WHERE id BETWEEN 6719814 AND 6719823 ORDER BY c
	Sort  (cost=43.86..43.89 rows=10 width=121)
	  Sort Key: c
	  ->  Index Scan using sbtest8_pkey on sbtest8  (cost=0.43..43.70 rows=10 width=121)
	        Index Cond: ((id >= 6719814) AND (id <= 6719823))

for: simple_ranges
table 1 : explain SELECT c FROM sbtest1 WHERE id BETWEEN 6646944 AND 6646953
	Index Scan using sbtest1_pkey on sbtest1  (cost=0.43..47.69 rows=11 width=121)
	  Index Cond: ((id >= 6646944) AND (id <= 6646953))

table 2 : explain SELECT c FROM sbtest2 WHERE id BETWEEN 6939769 AND 6939778
	Index Scan using sbtest2_pkey on sbtest2  (cost=0.43..43.67 rows=10 width=121)
	  Index Cond: ((id >= 6939769) AND (id <= 6939778))

table 3 : explain SELECT c FROM sbtest3 WHERE id BETWEEN 9397074 AND 9397083
	Index Scan using sbtest3_pkey on sbtest3  (cost=0.43..43.78 rows=10 width=121)
	  Index Cond: ((id >= 9397074) AND (id <= 9397083))

table 4 : explain SELECT c FROM sbtest4 WHERE id BETWEEN 353703 AND 353712
	Index Scan using sbtest4_pkey on sbtest4  (cost=0.43..39.72 rows=9 width=121)
	  Index Cond: ((id >= 353703) AND (id <= 353712))

table 5 : explain SELECT c FROM sbtest5 WHERE id BETWEEN 5201759 AND 5201768
	Index Scan using sbtest5_pkey on sbtest5  (cost=0.43..43.68 rows=10 width=121)
	  Index Cond: ((id >= 5201759) AND (id <= 5201768))

table 6 : explain SELECT c FROM sbtest6 WHERE id BETWEEN 8328726 AND 8328735
	Index Scan using sbtest6_pkey on sbtest6  (cost=0.43..43.75 rows=10 width=121)
	  Index Cond: ((id >= 8328726) AND (id <= 8328735))

table 7 : explain SELECT c FROM sbtest7 WHERE id BETWEEN 791053 AND 791062
	Index Scan using sbtest7_pkey on sbtest7  (cost=0.43..43.68 rows=10 width=121)
	  Index Cond: ((id >= 791053) AND (id <= 791062))

table 8 : explain SELECT c FROM sbtest8 WHERE id BETWEEN 4455526 AND 4455535
	Index Scan using sbtest8_pkey on sbtest8  (cost=0.43..43.70 rows=10 width=121)
	  Index Cond: ((id >= 4455526) AND (id <= 4455535))

for: sum_ranges
table 1 : explain SELECT SUM(k) FROM sbtest1 WHERE id BETWEEN 8165695 AND 8165704
	Aggregate  (cost=39.87..39.88 rows=1 width=8)
	  ->  Index Scan using sbtest1_pkey on sbtest1  (cost=0.43..39.84 rows=9 width=4)
	        Index Cond: ((id >= 8165695) AND (id <= 8165704))

table 2 : explain SELECT SUM(k) FROM sbtest2 WHERE id BETWEEN 944229 AND 944238
	Aggregate  (cost=43.69..43.70 rows=1 width=8)
	  ->  Index Scan using sbtest2_pkey on sbtest2  (cost=0.43..43.67 rows=10 width=4)
	        Index Cond: ((id >= 944229) AND (id <= 944238))

table 3 : explain SELECT SUM(k) FROM sbtest3 WHERE id BETWEEN 9466620 AND 9466629
	Aggregate  (cost=43.81..43.82 rows=1 width=8)
	  ->  Index Scan using sbtest3_pkey on sbtest3  (cost=0.43..43.78 rows=10 width=4)
	        Index Cond: ((id >= 9466620) AND (id <= 9466629))

table 4 : explain SELECT SUM(k) FROM sbtest4 WHERE id BETWEEN 4308463 AND 4308472
	Aggregate  (cost=39.74..39.75 rows=1 width=8)
	  ->  Index Scan using sbtest4_pkey on sbtest4  (cost=0.43..39.72 rows=9 width=4)
	        Index Cond: ((id >= 4308463) AND (id <= 4308472))

table 5 : explain SELECT SUM(k) FROM sbtest5 WHERE id BETWEEN 9391807 AND 9391816
	Aggregate  (cost=39.79..39.80 rows=1 width=8)
	  ->  Index Scan using sbtest5_pkey on sbtest5  (cost=0.43..39.77 rows=9 width=4)
	        Index Cond: ((id >= 9391807) AND (id <= 9391816))

table 6 : explain SELECT SUM(k) FROM sbtest6 WHERE id BETWEEN 740697 AND 740706
	Aggregate  (cost=43.78..43.79 rows=1 width=8)
	  ->  Index Scan using sbtest6_pkey on sbtest6  (cost=0.43..43.75 rows=10 width=4)
	        Index Cond: ((id >= 740697) AND (id <= 740706))

table 7 : explain SELECT SUM(k) FROM sbtest7 WHERE id BETWEEN 9446729 AND 9446738
	Aggregate  (cost=43.70..43.71 rows=1 width=8)
	  ->  Index Scan using sbtest7_pkey on sbtest7  (cost=0.43..43.68 rows=10 width=4)
	        Index Cond: ((id >= 9446729) AND (id <= 9446738))

table 8 : explain SELECT SUM(k) FROM sbtest8 WHERE id BETWEEN 9725204 AND 9725213
	Aggregate  (cost=39.80..39.81 rows=1 width=8)
	  ->  Index Scan using sbtest8_pkey on sbtest8  (cost=0.43..39.78 rows=9 width=4)
	        Index Cond: ((id >= 9725204) AND (id <= 9725213))

for: simple_ranges
table 1 : explain SELECT c FROM sbtest1 WHERE id BETWEEN 5223182 AND 5223191
	Index Scan using sbtest1_pkey on sbtest1  (cost=0.43..43.77 rows=10 width=121)
	  Index Cond: ((id >= 5223182) AND (id <= 5223191))

table 2 : explain SELECT c FROM sbtest2 WHERE id BETWEEN 3992886 AND 3992895
	Index Scan using sbtest2_pkey on sbtest2  (cost=0.43..43.67 rows=10 width=121)
	  Index Cond: ((id >= 3992886) AND (id <= 3992895))

table 3 : explain SELECT c FROM sbtest3 WHERE id BETWEEN 2336743 AND 2336752
	Index Scan using sbtest3_pkey on sbtest3  (cost=0.43..43.78 rows=10 width=121)
	  Index Cond: ((id >= 2336743) AND (id <= 2336752))

table 4 : explain SELECT c FROM sbtest4 WHERE id BETWEEN 991086 AND 991095
	Index Scan using sbtest4_pkey on sbtest4  (cost=0.43..43.62 rows=10 width=121)
	  Index Cond: ((id >= 991086) AND (id <= 991095))

table 5 : explain SELECT c FROM sbtest5 WHERE id BETWEEN 2288686 AND 2288695
	Index Scan using sbtest5_pkey on sbtest5  (cost=0.43..43.68 rows=10 width=121)
	  Index Cond: ((id >= 2288686) AND (id <= 2288695))

table 6 : explain SELECT c FROM sbtest6 WHERE id BETWEEN 6017357 AND 6017366
	Index Scan using sbtest6_pkey on sbtest6  (cost=0.43..47.68 rows=11 width=121)
	  Index Cond: ((id >= 6017357) AND (id <= 6017366))

table 7 : explain SELECT c FROM sbtest7 WHERE id BETWEEN 8250347 AND 8250356
	Index Scan using sbtest7_pkey on sbtest7  (cost=0.43..47.59 rows=11 width=121)
	  Index Cond: ((id >= 8250347) AND (id <= 8250356))

table 8 : explain SELECT c FROM sbtest8 WHERE id BETWEEN 7716766 AND 7716775
	Index Scan using sbtest8_pkey on sbtest8  (cost=0.43..47.61 rows=11 width=121)
	  Index Cond: ((id >= 7716766) AND (id <= 7716775))

for: sum_ranges
table 1 : explain SELECT SUM(k) FROM sbtest1 WHERE id BETWEEN 9191414 AND 9191423
	Aggregate  (cost=43.79..43.80 rows=1 width=8)
	  ->  Index Scan using sbtest1_pkey on sbtest1  (cost=0.43..43.77 rows=10 width=4)
	        Index Cond: ((id >= 9191414) AND (id <= 9191423))

table 2 : explain SELECT SUM(k) FROM sbtest2 WHERE id BETWEEN 1896159 AND 1896168
	Aggregate  (cost=43.69..43.70 rows=1 width=8)
	  ->  Index Scan using sbtest2_pkey on sbtest2  (cost=0.43..43.67 rows=10 width=4)
	        Index Cond: ((id >= 1896159) AND (id <= 1896168))

table 3 : explain SELECT SUM(k) FROM sbtest3 WHERE id BETWEEN 9473067 AND 9473076
	Aggregate  (cost=43.81..43.82 rows=1 width=8)
	  ->  Index Scan using sbtest3_pkey on sbtest3  (cost=0.43..43.78 rows=10 width=4)
	        Index Cond: ((id >= 9473067) AND (id <= 9473076))

table 4 : explain SELECT SUM(k) FROM sbtest4 WHERE id BETWEEN 6797419 AND 6797428
	Aggregate  (cost=43.65..43.66 rows=1 width=8)
	  ->  Index Scan using sbtest4_pkey on sbtest4  (cost=0.43..43.62 rows=10 width=4)
	        Index Cond: ((id >= 6797419) AND (id <= 6797428))

table 5 : explain SELECT SUM(k) FROM sbtest5 WHERE id BETWEEN 9967134 AND 9967143
	Aggregate  (cost=43.71..43.72 rows=1 width=8)
	  ->  Index Scan using sbtest5_pkey on sbtest5  (cost=0.43..43.68 rows=10 width=4)
	        Index Cond: ((id >= 9967134) AND (id <= 9967143))

table 6 : explain SELECT SUM(k) FROM sbtest6 WHERE id BETWEEN 7919319 AND 7919328
	Aggregate  (cost=43.78..43.79 rows=1 width=8)
	  ->  Index Scan using sbtest6_pkey on sbtest6  (cost=0.43..43.75 rows=10 width=4)
	        Index Cond: ((id >= 7919319) AND (id <= 7919328))

table 7 : explain SELECT SUM(k) FROM sbtest7 WHERE id BETWEEN 4377742 AND 4377751
	Aggregate  (cost=43.70..43.71 rows=1 width=8)
	  ->  Index Scan using sbtest7_pkey on sbtest7  (cost=0.43..43.68 rows=10 width=4)
	        Index Cond: ((id >= 4377742) AND (id <= 4377751))

table 8 : explain SELECT SUM(k) FROM sbtest8 WHERE id BETWEEN 5073803 AND 5073812
	Aggregate  (cost=47.64..47.65 rows=1 width=8)
	  ->  Index Scan using sbtest8_pkey on sbtest8  (cost=0.43..47.61 rows=11 width=4)
	        Index Cond: ((id >= 5073803) AND (id <= 5073812))
for: sum_ranges
table 1 : explain SELECT SUM(k) FROM sbtest1 WHERE id BETWEEN 7641336 AND 7641345
	Aggregate  (cost=43.79..43.80 rows=1 width=8)
	  ->  Index Scan using sbtest1_pkey on sbtest1  (cost=0.43..43.77 rows=10 width=4)
	        Index Cond: ((id >= 7641336) AND (id <= 7641345))

table 2 : explain SELECT SUM(k) FROM sbtest2 WHERE id BETWEEN 9000467 AND 9000476
	Aggregate  (cost=43.69..43.70 rows=1 width=8)
	  ->  Index Scan using sbtest2_pkey on sbtest2  (cost=0.43..43.67 rows=10 width=4)
	        Index Cond: ((id >= 9000467) AND (id <= 9000476))

table 3 : explain SELECT SUM(k) FROM sbtest3 WHERE id BETWEEN 5839062 AND 5839071
	Aggregate  (cost=39.88..39.89 rows=1 width=8)
	  ->  Index Scan using sbtest3_pkey on sbtest3  (cost=0.43..39.86 rows=9 width=4)
	        Index Cond: ((id >= 5839062) AND (id <= 5839071))

table 4 : explain SELECT SUM(k) FROM sbtest4 WHERE id BETWEEN 4618983 AND 4618992
	Aggregate  (cost=43.65..43.66 rows=1 width=8)
	  ->  Index Scan using sbtest4_pkey on sbtest4  (cost=0.43..43.62 rows=10 width=4)
	        Index Cond: ((id >= 4618983) AND (id <= 4618992))

table 5 : explain SELECT SUM(k) FROM sbtest5 WHERE id BETWEEN 5019285 AND 5019294
	Aggregate  (cost=43.71..43.72 rows=1 width=8)
	  ->  Index Scan using sbtest5_pkey on sbtest5  (cost=0.43..43.68 rows=10 width=4)
	        Index Cond: ((id >= 5019285) AND (id <= 5019294))

table 6 : explain SELECT SUM(k) FROM sbtest6 WHERE id BETWEEN 5200711 AND 5200720
	Aggregate  (cost=43.78..43.79 rows=1 width=8)
	  ->  Index Scan using sbtest6_pkey on sbtest6  (cost=0.43..43.75 rows=10 width=4)
	        Index Cond: ((id >= 5200711) AND (id <= 5200720))

table 7 : explain SELECT SUM(k) FROM sbtest7 WHERE id BETWEEN 7471763 AND 7471772
	Aggregate  (cost=47.62..47.63 rows=1 width=8)
	  ->  Index Scan using sbtest7_pkey on sbtest7  (cost=0.43..47.59 rows=11 width=4)
	        Index Cond: ((id >= 7471763) AND (id <= 7471772))

table 8 : explain SELECT SUM(k) FROM sbtest8 WHERE id BETWEEN 5380658 AND 5380667
	Aggregate  (cost=47.64..47.65 rows=1 width=8)
	  ->  Index Scan using sbtest8_pkey on sbtest8  (cost=0.43..47.61 rows=11 width=4)
	        Index Cond: ((id >= 5380658) AND (id <= 5380667))


for: sum_ranges
table 1 : explain SELECT SUM(k) FROM sbtest1 WHERE id BETWEEN 6008554 AND 6008563
	Aggregate  (cost=43.79..43.80 rows=1 width=8)
	  ->  Index Scan using sbtest1_pkey on sbtest1  (cost=0.43..43.77 rows=10 width=4)
	        Index Cond: ((id >= 6008554) AND (id <= 6008563))

table 2 : explain SELECT SUM(k) FROM sbtest2 WHERE id BETWEEN 7395273 AND 7395282
	Aggregate  (cost=47.61..47.62 rows=1 width=8)
	  ->  Index Scan using sbtest2_pkey on sbtest2  (cost=0.43..47.58 rows=11 width=4)
	        Index Cond: ((id >= 7395273) AND (id <= 7395282))

table 3 : explain SELECT SUM(k) FROM sbtest3 WHERE id BETWEEN 6987592 AND 6987601
	Aggregate  (cost=47.74..47.75 rows=1 width=8)
	  ->  Index Scan using sbtest3_pkey on sbtest3  (cost=0.43..47.71 rows=11 width=4)
	        Index Cond: ((id >= 6987592) AND (id <= 6987601))

table 4 : explain SELECT SUM(k) FROM sbtest4 WHERE id BETWEEN 1529202 AND 1529211
	Aggregate  (cost=47.56..47.57 rows=1 width=8)
	  ->  Index Scan using sbtest4_pkey on sbtest4  (cost=0.43..47.53 rows=11 width=4)
	        Index Cond: ((id >= 1529202) AND (id <= 1529211))

table 5 : explain SELECT SUM(k) FROM sbtest5 WHERE id BETWEEN 15224 AND 15233
	Aggregate  (cost=43.71..43.72 rows=1 width=8)
	  ->  Index Scan using sbtest5_pkey on sbtest5  (cost=0.43..43.68 rows=10 width=4)
	        Index Cond: ((id >= 15224) AND (id <= 15233))

table 6 : explain SELECT SUM(k) FROM sbtest6 WHERE id BETWEEN 4661520 AND 4661529
	Aggregate  (cost=43.78..43.79 rows=1 width=8)
	  ->  Index Scan using sbtest6_pkey on sbtest6  (cost=0.43..43.75 rows=10 width=4)
	        Index Cond: ((id >= 4661520) AND (id <= 4661529))

table 7 : explain SELECT SUM(k) FROM sbtest7 WHERE id BETWEEN 8352754 AND 8352763
	Aggregate  (cost=47.62..47.63 rows=1 width=8)
	  ->  Index Scan using sbtest7_pkey on sbtest7  (cost=0.43..47.59 rows=11 width=4)
	        Index Cond: ((id >= 8352754) AND (id <= 8352763))

table 8 : explain SELECT SUM(k) FROM sbtest8 WHERE id BETWEEN 878268 AND 878277
	Aggregate  (cost=43.72..43.73 rows=1 width=8)
	  ->  Index Scan using sbtest8_pkey on sbtest8  (cost=0.43..43.70 rows=10 width=4)
	        Index Cond: ((id >= 878268) AND (id <= 878277))

for point_selects
table 1 : explain SELECT c FROM sbtest1 WHERE id=5921712
	Index Scan using sbtest1_pkey on sbtest1  (cost=0.43..8.45 rows=1 width=121)
	  Index Cond: (id = 5921712)

table 2 : explain SELECT c FROM sbtest2 WHERE id=3177794
	Index Scan using sbtest2_pkey on sbtest2  (cost=0.43..8.45 rows=1 width=121)
	  Index Cond: (id = 3177794)

table 3 : explain SELECT c FROM sbtest3 WHERE id=48723
	Index Scan using sbtest3_pkey on sbtest3  (cost=0.43..8.45 rows=1 width=121)
	  Index Cond: (id = 48723)

table 4 : explain SELECT c FROM sbtest4 WHERE id=7793425
	Index Scan using sbtest4_pkey on sbtest4  (cost=0.43..8.45 rows=1 width=121)
	  Index Cond: (id = 7793425)

table 5 : explain SELECT c FROM sbtest5 WHERE id=1548638
	Index Scan using sbtest5_pkey on sbtest5  (cost=0.43..8.45 rows=1 width=121)
	  Index Cond: (id = 1548638)

table 6 : explain SELECT c FROM sbtest6 WHERE id=3914131
	Index Scan using sbtest6_pkey on sbtest6  (cost=0.43..8.45 rows=1 width=121)
	  Index Cond: (id = 3914131)

table 7 : explain SELECT c FROM sbtest7 WHERE id=8391572
	Index Scan using sbtest7_pkey on sbtest7  (cost=0.43..8.45 rows=1 width=121)
	  Index Cond: (id = 8391572)

table 8 : explain SELECT c FROM sbtest8 WHERE id=6402970
	Index Scan using sbtest8_pkey on sbtest8  (cost=0.43..8.45 rows=1 width=121)
	  Index Cond: (id = 6402970)

for: order_ranges
table 1 : explain SELECT c FROM sbtest1 WHERE id BETWEEN 3685850 AND 3685859 ORDER BY c
	Sort  (cost=39.99..40.01 rows=9 width=121)
	  Sort Key: c
	  ->  Index Scan using sbtest1_pkey on sbtest1  (cost=0.43..39.84 rows=9 width=121)
	        Index Cond: ((id >= 3685850) AND (id <= 3685859))

table 2 : explain SELECT c FROM sbtest2 WHERE id BETWEEN 7212187 AND 7212196 ORDER BY c
	Sort  (cost=43.83..43.86 rows=10 width=121)
	  Sort Key: c
	  ->  Index Scan using sbtest2_pkey on sbtest2  (cost=0.43..43.67 rows=10 width=121)
	        Index Cond: ((id >= 7212187) AND (id <= 7212196))

table 3 : explain SELECT c FROM sbtest3 WHERE id BETWEEN 7833050 AND 7833059 ORDER BY c
	Sort  (cost=43.95..43.97 rows=10 width=121)
	  Sort Key: c
	  ->  Index Scan using sbtest3_pkey on sbtest3  (cost=0.43..43.78 rows=10 width=121)
	        Index Cond: ((id >= 7833050) AND (id <= 7833059))

table 4 : explain SELECT c FROM sbtest4 WHERE id BETWEEN 3010291 AND 3010300 ORDER BY c
	Sort  (cost=43.79..43.82 rows=10 width=121)
	  Sort Key: c
	  ->  Index Scan using sbtest4_pkey on sbtest4  (cost=0.43..43.62 rows=10 width=121)
	        Index Cond: ((id >= 3010291) AND (id <= 3010300))

table 5 : explain SELECT c FROM sbtest5 WHERE id BETWEEN 9558068 AND 9558077 ORDER BY c
	Sort  (cost=43.85..43.87 rows=10 width=121)
	  Sort Key: c
	  ->  Index Scan using sbtest5_pkey on sbtest5  (cost=0.43..43.68 rows=10 width=121)
	        Index Cond: ((id >= 9558068) AND (id <= 9558077))

table 6 : explain SELECT c FROM sbtest6 WHERE id BETWEEN 6949737 AND 6949746 ORDER BY c
	Sort  (cost=47.87..47.89 rows=11 width=121)
	  Sort Key: c
	  ->  Index Scan using sbtest6_pkey on sbtest6  (cost=0.43..47.68 rows=11 width=121)
	        Index Cond: ((id >= 6949737) AND (id <= 6949746))

table 7 : explain SELECT c FROM sbtest7 WHERE id BETWEEN 7988427 AND 7988436 ORDER BY c
	Sort  (cost=47.78..47.81 rows=11 width=121)
	  Sort Key: c
	  ->  Index Scan using sbtest7_pkey on sbtest7  (cost=0.43..47.59 rows=11 width=121)
	        Index Cond: ((id >= 7988427) AND (id <= 7988436))

table 8 : explain SELECT c FROM sbtest8 WHERE id BETWEEN 3403625 AND 3403634 ORDER BY c
	Sort  (cost=43.86..43.89 rows=10 width=121)
	  Sort Key: c
	  ->  Index Scan using sbtest8_pkey on sbtest8  (cost=0.43..43.70 rows=10 width=121)
	        Index Cond: ((id >= 3403625) AND (id <= 3403634))

for: order_ranges
table 1 : explain SELECT c FROM sbtest1 WHERE id BETWEEN 7474225 AND 7474234 ORDER BY c
	Sort  (cost=47.88..47.91 rows=11 width=121)
	  Sort Key: c
	  ->  Index Scan using sbtest1_pkey on sbtest1  (cost=0.43..47.69 rows=11 width=121)
	        Index Cond: ((id >= 7474225) AND (id <= 7474234))

table 2 : explain SELECT c FROM sbtest2 WHERE id BETWEEN 5823191 AND 5823200 ORDER BY c
	Sort  (cost=43.83..43.86 rows=10 width=121)
	  Sort Key: c
	  ->  Index Scan using sbtest2_pkey on sbtest2  (cost=0.43..43.67 rows=10 width=121)
	        Index Cond: ((id >= 5823191) AND (id <= 5823200))

table 3 : explain SELECT c FROM sbtest3 WHERE id BETWEEN 5922744 AND 5922753 ORDER BY c
	Sort  (cost=43.95..43.97 rows=10 width=121)
	  Sort Key: c
	  ->  Index Scan using sbtest3_pkey on sbtest3  (cost=0.43..43.78 rows=10 width=121)
	        Index Cond: ((id >= 5922744) AND (id <= 5922753))

table 4 : explain SELECT c FROM sbtest4 WHERE id BETWEEN 9036133 AND 9036142 ORDER BY c
	Sort  (cost=39.86..39.88 rows=9 width=121)
	  Sort Key: c
	  ->  Index Scan using sbtest4_pkey on sbtest4  (cost=0.43..39.72 rows=9 width=121)
	        Index Cond: ((id >= 9036133) AND (id <= 9036142))

table 5 : explain SELECT c FROM sbtest5 WHERE id BETWEEN 2484080 AND 2484089 ORDER BY c
	Sort  (cost=43.85..43.87 rows=10 width=121)
	  Sort Key: c
	  ->  Index Scan using sbtest5_pkey on sbtest5  (cost=0.43..43.68 rows=10 width=121)
	        Index Cond: ((id >= 2484080) AND (id <= 2484089))

table 6 : explain SELECT c FROM sbtest6 WHERE id BETWEEN 7180307 AND 7180316 ORDER BY c
	Sort  (cost=43.92..43.95 rows=10 width=121)
	  Sort Key: c
	  ->  Index Scan using sbtest6_pkey on sbtest6  (cost=0.43..43.75 rows=10 width=121)
	        Index Cond: ((id >= 7180307) AND (id <= 7180316))

table 7 : explain SELECT c FROM sbtest7 WHERE id BETWEEN 5854045 AND 5854054 ORDER BY c
	Sort  (cost=39.91..39.93 rows=9 width=121)
	  Sort Key: c
	  ->  Index Scan using sbtest7_pkey on sbtest7  (cost=0.43..39.76 rows=9 width=121)
	        Index Cond: ((id >= 5854045) AND (id <= 5854054))

table 8 : explain SELECT c FROM sbtest8 WHERE id BETWEEN 6815031 AND 6815040 ORDER BY c
	Sort  (cost=47.80..47.83 rows=11 width=121)
	  Sort Key: c
	  ->  Index Scan using sbtest8_pkey on sbtest8  (cost=0.43..47.61 rows=11 width=121)
	        Index Cond: ((id >= 6815031) AND (id <= 6815040))

for: sum_ranges
table 1 : explain SELECT SUM(k) FROM sbtest1 WHERE id BETWEEN 7064944 AND 7064953
	Aggregate  (cost=43.79..43.80 rows=1 width=8)
	  ->  Index Scan using sbtest1_pkey on sbtest1  (cost=0.43..43.77 rows=10 width=4)
	        Index Cond: ((id >= 7064944) AND (id <= 7064953))

table 2 : explain SELECT SUM(k) FROM sbtest2 WHERE id BETWEEN 4011703 AND 4011712
	Aggregate  (cost=43.69..43.70 rows=1 width=8)
	  ->  Index Scan using sbtest2_pkey on sbtest2  (cost=0.43..43.67 rows=10 width=4)
	        Index Cond: ((id >= 4011703) AND (id <= 4011712))

table 3 : explain SELECT SUM(k) FROM sbtest3 WHERE id BETWEEN 4698361 AND 4698370
	Aggregate  (cost=47.74..47.75 rows=1 width=8)
	  ->  Index Scan using sbtest3_pkey on sbtest3  (cost=0.43..47.71 rows=11 width=4)
	        Index Cond: ((id >= 4698361) AND (id <= 4698370))

table 4 : explain SELECT SUM(k) FROM sbtest4 WHERE id BETWEEN 9647416 AND 9647425
	Aggregate  (cost=43.65..43.66 rows=1 width=8)
	  ->  Index Scan using sbtest4_pkey on sbtest4  (cost=0.43..43.62 rows=10 width=4)
	        Index Cond: ((id >= 9647416) AND (id <= 9647425))

table 5 : explain SELECT SUM(k) FROM sbtest5 WHERE id BETWEEN 331718 AND 331727
	Aggregate  (cost=47.62..47.63 rows=1 width=8)
	  ->  Index Scan using sbtest5_pkey on sbtest5  (cost=0.43..47.59 rows=11 width=4)
	        Index Cond: ((id >= 331718) AND (id <= 331727))

table 6 : explain SELECT SUM(k) FROM sbtest6 WHERE id BETWEEN 2924446 AND 2924455
	Aggregate  (cost=43.78..43.79 rows=1 width=8)
	  ->  Index Scan using sbtest6_pkey on sbtest6  (cost=0.43..43.75 rows=10 width=4)
	        Index Cond: ((id >= 2924446) AND (id <= 2924455))

table 7 : explain SELECT SUM(k) FROM sbtest7 WHERE id BETWEEN 4437563 AND 4437572
	Aggregate  (cost=43.70..43.71 rows=1 width=8)
	  ->  Index Scan using sbtest7_pkey on sbtest7  (cost=0.43..43.68 rows=10 width=4)
	        Index Cond: ((id >= 4437563) AND (id <= 4437572))

table 8 : explain SELECT SUM(k) FROM sbtest8 WHERE id BETWEEN 876016 AND 876025
	Aggregate  (cost=43.72..43.73 rows=1 width=8)
	  ->  Index Scan using sbtest8_pkey on sbtest8  (cost=0.43..43.70 rows=10 width=4)
	        Index Cond: ((id >= 876016) AND (id <= 876025))

for point_selects
table 1 : explain SELECT c FROM sbtest1 WHERE id=8442393
	Index Scan using sbtest1_pkey on sbtest1  (cost=0.43..8.45 rows=1 width=121)
	  Index Cond: (id = 8442393)

table 2 : explain SELECT c FROM sbtest2 WHERE id=6910454
	Index Scan using sbtest2_pkey on sbtest2  (cost=0.43..8.45 rows=1 width=121)
	  Index Cond: (id = 6910454)

table 3 : explain SELECT c FROM sbtest3 WHERE id=5999102
	Index Scan using sbtest3_pkey on sbtest3  (cost=0.43..8.45 rows=1 width=121)
	  Index Cond: (id = 5999102)

table 4 : explain SELECT c FROM sbtest4 WHERE id=2981688
	Index Scan using sbtest4_pkey on sbtest4  (cost=0.43..8.45 rows=1 width=121)
	  Index Cond: (id = 2981688)

table 5 : explain SELECT c FROM sbtest5 WHERE id=8894950
	Index Scan using sbtest5_pkey on sbtest5  (cost=0.43..8.45 rows=1 width=121)
	  Index Cond: (id = 8894950)

table 6 : explain SELECT c FROM sbtest6 WHERE id=2591704
	Index Scan using sbtest6_pkey on sbtest6  (cost=0.43..8.45 rows=1 width=121)
	  Index Cond: (id = 2591704)

table 7 : explain SELECT c FROM sbtest7 WHERE id=4923647
	Index Scan using sbtest7_pkey on sbtest7  (cost=0.43..8.45 rows=1 width=121)
	  Index Cond: (id = 4923647)

table 8 : explain SELECT c FROM sbtest8 WHERE id=6654403
	Index Scan using sbtest8_pkey on sbtest8  (cost=0.43..8.45 rows=1 width=121)
	  Index Cond: (id = 6654403)

for: simple_ranges
table 1 : explain SELECT c FROM sbtest1 WHERE id BETWEEN 4007923 AND 4007932
	Index Scan using sbtest1_pkey on sbtest1  (cost=0.43..43.77 rows=10 width=121)
	  Index Cond: ((id >= 4007923) AND (id <= 4007932))

table 2 : explain SELECT c FROM sbtest2 WHERE id BETWEEN 2178141 AND 2178150
	Index Scan using sbtest2_pkey on sbtest2  (cost=0.43..43.67 rows=10 width=121)
	  Index Cond: ((id >= 2178141) AND (id <= 2178150))

table 3 : explain SELECT c FROM sbtest3 WHERE id BETWEEN 7681173 AND 7681182
	Index Scan using sbtest3_pkey on sbtest3  (cost=0.43..43.78 rows=10 width=121)
	  Index Cond: ((id >= 7681173) AND (id <= 7681182))

table 4 : explain SELECT c FROM sbtest4 WHERE id BETWEEN 9340780 AND 9340789
	Index Scan using sbtest4_pkey on sbtest4  (cost=0.43..47.53 rows=11 width=121)
	  Index Cond: ((id >= 9340780) AND (id <= 9340789))

table 5 : explain SELECT c FROM sbtest5 WHERE id BETWEEN 1767900 AND 1767909
	Index Scan using sbtest5_pkey on sbtest5  (cost=0.43..43.68 rows=10 width=121)
	  Index Cond: ((id >= 1767900) AND (id <= 1767909))

table 6 : explain SELECT c FROM sbtest6 WHERE id BETWEEN 5651359 AND 5651368
	Index Scan using sbtest6_pkey on sbtest6  (cost=0.43..47.68 rows=11 width=121)
	  Index Cond: ((id >= 5651359) AND (id <= 5651368))

table 7 : explain SELECT c FROM sbtest7 WHERE id BETWEEN 8134349 AND 8134358
	Index Scan using sbtest7_pkey on sbtest7  (cost=0.43..47.59 rows=11 width=121)
	  Index Cond: ((id >= 8134349) AND (id <= 8134358))

table 8 : explain SELECT c FROM sbtest8 WHERE id BETWEEN 111195 AND 111204
	Index Scan using sbtest8_pkey on sbtest8  (cost=0.43..39.78 rows=9 width=121)
	  Index Cond: ((id >= 111195) AND (id <= 111204))

for: sum_ranges
table 1 : explain SELECT SUM(k) FROM sbtest1 WHERE id BETWEEN 2384793 AND 2384802
	Aggregate  (cost=43.79..43.80 rows=1 width=8)
	  ->  Index Scan using sbtest1_pkey on sbtest1  (cost=0.43..43.77 rows=10 width=4)
	        Index Cond: ((id >= 2384793) AND (id <= 2384802))

table 2 : explain SELECT SUM(k) FROM sbtest2 WHERE id BETWEEN 6485883 AND 6485892
	Aggregate  (cost=43.69..43.70 rows=1 width=8)
	  ->  Index Scan using sbtest2_pkey on sbtest2  (cost=0.43..43.67 rows=10 width=4)
	        Index Cond: ((id >= 6485883) AND (id <= 6485892))

table 3 : explain SELECT SUM(k) FROM sbtest3 WHERE id BETWEEN 6288942 AND 6288951
	Aggregate  (cost=47.74..47.75 rows=1 width=8)
	  ->  Index Scan using sbtest3_pkey on sbtest3  (cost=0.43..47.71 rows=11 width=4)
	        Index Cond: ((id >= 6288942) AND (id <= 6288951))

table 4 : explain SELECT SUM(k) FROM sbtest4 WHERE id BETWEEN 3630467 AND 3630476
	Aggregate  (cost=43.65..43.66 rows=1 width=8)
	  ->  Index Scan using sbtest4_pkey on sbtest4  (cost=0.43..43.62 rows=10 width=4)
	        Index Cond: ((id >= 3630467) AND (id <= 3630476))

table 5 : explain SELECT SUM(k) FROM sbtest5 WHERE id BETWEEN 6529438 AND 6529447
	Aggregate  (cost=43.71..43.72 rows=1 width=8)
	  ->  Index Scan using sbtest5_pkey on sbtest5  (cost=0.43..43.68 rows=10 width=4)
	        Index Cond: ((id >= 6529438) AND (id <= 6529447))

table 6 : explain SELECT SUM(k) FROM sbtest6 WHERE id BETWEEN 296994 AND 297003
	Aggregate  (cost=39.86..39.87 rows=1 width=8)
	  ->  Index Scan using sbtest6_pkey on sbtest6  (cost=0.43..39.83 rows=9 width=4)
	        Index Cond: ((id >= 296994) AND (id <= 297003))

table 7 : explain SELECT SUM(k) FROM sbtest7 WHERE id BETWEEN 6204296 AND 6204305
	Aggregate  (cost=43.70..43.71 rows=1 width=8)
	  ->  Index Scan using sbtest7_pkey on sbtest7  (cost=0.43..43.68 rows=10 width=4)
	        Index Cond: ((id >= 6204296) AND (id <= 6204305))

table 8 : explain SELECT SUM(k) FROM sbtest8 WHERE id BETWEEN 215586 AND 215595
	Aggregate  (cost=43.72..43.73 rows=1 width=8)
	  ->  Index Scan using sbtest8_pkey on sbtest8  (cost=0.43..43.70 rows=10 width=4)
	        Index Cond: ((id >= 215586) AND (id <= 215595))

for: sum_ranges
table 1 : explain SELECT SUM(k) FROM sbtest1 WHERE id BETWEEN 8554798 AND 8554807
	Aggregate  (cost=43.79..43.80 rows=1 width=8)
	  ->  Index Scan using sbtest1_pkey on sbtest1  (cost=0.43..43.77 rows=10 width=4)
	        Index Cond: ((id >= 8554798) AND (id <= 8554807))

table 2 : explain SELECT SUM(k) FROM sbtest2 WHERE id BETWEEN 7420106 AND 7420115
	Aggregate  (cost=43.69..43.70 rows=1 width=8)
	  ->  Index Scan using sbtest2_pkey on sbtest2  (cost=0.43..43.67 rows=10 width=4)
	        Index Cond: ((id >= 7420106) AND (id <= 7420115))

table 3 : explain SELECT SUM(k) FROM sbtest3 WHERE id BETWEEN 926913 AND 926922
	Aggregate  (cost=43.81..43.82 rows=1 width=8)
	  ->  Index Scan using sbtest3_pkey on sbtest3  (cost=0.43..43.78 rows=10 width=4)
	        Index Cond: ((id >= 926913) AND (id <= 926922))

table 4 : explain SELECT SUM(k) FROM sbtest4 WHERE id BETWEEN 7473076 AND 7473085
	Aggregate  (cost=43.65..43.66 rows=1 width=8)
	  ->  Index Scan using sbtest4_pkey on sbtest4  (cost=0.43..43.62 rows=10 width=4)
	        Index Cond: ((id >= 7473076) AND (id <= 7473085))

table 5 : explain SELECT SUM(k) FROM sbtest5 WHERE id BETWEEN 8876127 AND 8876136
	Aggregate  (cost=43.71..43.72 rows=1 width=8)
	  ->  Index Scan using sbtest5_pkey on sbtest5  (cost=0.43..43.68 rows=10 width=4)
	        Index Cond: ((id >= 8876127) AND (id <= 8876136))

table 6 : explain SELECT SUM(k) FROM sbtest6 WHERE id BETWEEN 2583513 AND 2583522
	Aggregate  (cost=47.70..47.71 rows=1 width=8)
	  ->  Index Scan using sbtest6_pkey on sbtest6  (cost=0.43..47.68 rows=11 width=4)
	        Index Cond: ((id >= 2583513) AND (id <= 2583522))

table 7 : explain SELECT SUM(k) FROM sbtest7 WHERE id BETWEEN 259430 AND 259439
	Aggregate  (cost=47.62..47.63 rows=1 width=8)
	  ->  Index Scan using sbtest7_pkey on sbtest7  (cost=0.43..47.59 rows=11 width=4)
	        Index Cond: ((id >= 259430) AND (id <= 259439))

table 8 : explain SELECT SUM(k) FROM sbtest8 WHERE id BETWEEN 9252855 AND 9252864
	Aggregate  (cost=43.72..43.73 rows=1 width=8)
	  ->  Index Scan using sbtest8_pkey on sbtest8  (cost=0.43..43.70 rows=10 width=4)
	        Index Cond: ((id >= 9252855) AND (id <= 9252864))

for: order_ranges
table 1 : explain SELECT c FROM sbtest1 WHERE id BETWEEN 4163088 AND 4163097 ORDER BY c
	Sort  (cost=47.88..47.91 rows=11 width=121)
	  Sort Key: c
	  ->  Index Scan using sbtest1_pkey on sbtest1  (cost=0.43..47.69 rows=11 width=121)
	        Index Cond: ((id >= 4163088) AND (id <= 4163097))

table 2 : explain SELECT c FROM sbtest2 WHERE id BETWEEN 3573792 AND 3573801 ORDER BY c
	Sort  (cost=43.83..43.86 rows=10 width=121)
	  Sort Key: c
	  ->  Index Scan using sbtest2_pkey on sbtest2  (cost=0.43..43.67 rows=10 width=121)
	        Index Cond: ((id >= 3573792) AND (id <= 3573801))

table 3 : explain SELECT c FROM sbtest3 WHERE id BETWEEN 6350346 AND 6350355 ORDER BY c
	Sort  (cost=47.90..47.93 rows=11 width=121)
	  Sort Key: c
	  ->  Index Scan using sbtest3_pkey on sbtest3  (cost=0.43..47.71 rows=11 width=121)
	        Index Cond: ((id >= 6350346) AND (id <= 6350355))

table 4 : explain SELECT c FROM sbtest4 WHERE id BETWEEN 6739021 AND 6739030 ORDER BY c
	Sort  (cost=43.79..43.82 rows=10 width=121)
	  Sort Key: c
	  ->  Index Scan using sbtest4_pkey on sbtest4  (cost=0.43..43.62 rows=10 width=121)
	        Index Cond: ((id >= 6739021) AND (id <= 6739030))

table 5 : explain SELECT c FROM sbtest5 WHERE id BETWEEN 9165238 AND 9165247 ORDER BY c
	Sort  (cost=39.91..39.93 rows=9 width=121)
	  Sort Key: c
	  ->  Index Scan using sbtest5_pkey on sbtest5  (cost=0.43..39.77 rows=9 width=121)
	        Index Cond: ((id >= 9165238) AND (id <= 9165247))

table 6 : explain SELECT c FROM sbtest6 WHERE id BETWEEN 7046204 AND 7046213 ORDER BY c
	Sort  (cost=47.87..47.89 rows=11 width=121)
	  Sort Key: c
	  ->  Index Scan using sbtest6_pkey on sbtest6  (cost=0.43..47.68 rows=11 width=121)
	        Index Cond: ((id >= 7046204) AND (id <= 7046213))

table 7 : explain SELECT c FROM sbtest7 WHERE id BETWEEN 7598915 AND 7598924 ORDER BY c
	Sort  (cost=43.84..43.87 rows=10 width=121)
	  Sort Key: c
	  ->  Index Scan using sbtest7_pkey on sbtest7  (cost=0.43..43.68 rows=10 width=121)
	        Index Cond: ((id >= 7598915) AND (id <= 7598924))

table 8 : explain SELECT c FROM sbtest8 WHERE id BETWEEN 7283193 AND 7283202 ORDER BY c
	Sort  (cost=43.86..43.89 rows=10 width=121)
	  Sort Key: c
	  ->  Index Scan using sbtest8_pkey on sbtest8  (cost=0.43..43.70 rows=10 width=121)
	        Index Cond: ((id >= 7283193) AND (id <= 7283202))

for: order_ranges
table 1 : explain SELECT c FROM sbtest1 WHERE id BETWEEN 5852714 AND 5852723 ORDER BY c
	Sort  (cost=43.93..43.96 rows=10 width=121)
	  Sort Key: c
	  ->  Index Scan using sbtest1_pkey on sbtest1  (cost=0.43..43.77 rows=10 width=121)
	        Index Cond: ((id >= 5852714) AND (id <= 5852723))

table 2 : explain SELECT c FROM sbtest2 WHERE id BETWEEN 8576243 AND 8576252 ORDER BY c
	Sort  (cost=39.90..39.92 rows=9 width=121)
	  Sort Key: c
	  ->  Index Scan using sbtest2_pkey on sbtest2  (cost=0.43..39.75 rows=9 width=121)
	        Index Cond: ((id >= 8576243) AND (id <= 8576252))

table 3 : explain SELECT c FROM sbtest3 WHERE id BETWEEN 7022324 AND 7022333 ORDER BY c
	Sort  (cost=47.90..47.93 rows=11 width=121)
	  Sort Key: c
	  ->  Index Scan using sbtest3_pkey on sbtest3  (cost=0.43..47.71 rows=11 width=121)
	        Index Cond: ((id >= 7022324) AND (id <= 7022333))

table 4 : explain SELECT c FROM sbtest4 WHERE id BETWEEN 2228624 AND 2228633 ORDER BY c
	Sort  (cost=39.86..39.88 rows=9 width=121)
	  Sort Key: c
	  ->  Index Scan using sbtest4_pkey on sbtest4  (cost=0.43..39.72 rows=9 width=121)
	        Index Cond: ((id >= 2228624) AND (id <= 2228633))

table 5 : explain SELECT c FROM sbtest5 WHERE id BETWEEN 4607659 AND 4607668 ORDER BY c
	Sort  (cost=43.85..43.87 rows=10 width=121)
	  Sort Key: c
	  ->  Index Scan using sbtest5_pkey on sbtest5  (cost=0.43..43.68 rows=10 width=121)
	        Index Cond: ((id >= 4607659) AND (id <= 4607668))

table 6 : explain SELECT c FROM sbtest6 WHERE id BETWEEN 1088952 AND 1088961 ORDER BY c
	Sort  (cost=43.92..43.95 rows=10 width=121)
	  Sort Key: c
	  ->  Index Scan using sbtest6_pkey on sbtest6  (cost=0.43..43.75 rows=10 width=121)
	        Index Cond: ((id >= 1088952) AND (id <= 1088961))

table 7 : explain SELECT c FROM sbtest7 WHERE id BETWEEN 759177 AND 759186 ORDER BY c
	Sort  (cost=43.84..43.87 rows=10 width=121)
	  Sort Key: c
	  ->  Index Scan using sbtest7_pkey on sbtest7  (cost=0.43..43.68 rows=10 width=121)
	        Index Cond: ((id >= 759177) AND (id <= 759186))

table 8 : explain SELECT c FROM sbtest8 WHERE id BETWEEN 4348213 AND 4348222 ORDER BY c
	Sort  (cost=39.92..39.94 rows=9 width=121)
	  Sort Key: c
	  ->  Index Scan using sbtest8_pkey on sbtest8  (cost=0.43..39.78 rows=9 width=121)
	        Index Cond: ((id >= 4348213) AND (id <= 4348222))

for: order_ranges
table 1 : explain SELECT c FROM sbtest1 WHERE id BETWEEN 5194699 AND 5194708 ORDER BY c
	Sort  (cost=43.93..43.96 rows=10 width=121)
	  Sort Key: c
	  ->  Index Scan using sbtest1_pkey on sbtest1  (cost=0.43..43.77 rows=10 width=121)
	        Index Cond: ((id >= 5194699) AND (id <= 5194708))

table 2 : explain SELECT c FROM sbtest2 WHERE id BETWEEN 3027213 AND 3027222 ORDER BY c
	Sort  (cost=43.83..43.86 rows=10 width=121)
	  Sort Key: c
	  ->  Index Scan using sbtest2_pkey on sbtest2  (cost=0.43..43.67 rows=10 width=121)
	        Index Cond: ((id >= 3027213) AND (id <= 3027222))

table 3 : explain SELECT c FROM sbtest3 WHERE id BETWEEN 823296 AND 823305 ORDER BY c
	Sort  (cost=43.95..43.97 rows=10 width=121)
	  Sort Key: c
	  ->  Index Scan using sbtest3_pkey on sbtest3  (cost=0.43..43.78 rows=10 width=121)
	        Index Cond: ((id >= 823296) AND (id <= 823305))

table 4 : explain SELECT c FROM sbtest4 WHERE id BETWEEN 8609705 AND 8609714 ORDER BY c
	Sort  (cost=47.72..47.75 rows=11 width=121)
	  Sort Key: c
	  ->  Index Scan using sbtest4_pkey on sbtest4  (cost=0.43..47.53 rows=11 width=121)
	        Index Cond: ((id >= 8609705) AND (id <= 8609714))

table 5 : explain SELECT c FROM sbtest5 WHERE id BETWEEN 5114171 AND 5114180 ORDER BY c
	Sort  (cost=43.85..43.87 rows=10 width=121)
	  Sort Key: c
	  ->  Index Scan using sbtest5_pkey on sbtest5  (cost=0.43..43.68 rows=10 width=121)
	        Index Cond: ((id >= 5114171) AND (id <= 5114180))

table 6 : explain SELECT c FROM sbtest6 WHERE id BETWEEN 6779157 AND 6779166 ORDER BY c
	Sort  (cost=43.92..43.95 rows=10 width=121)
	  Sort Key: c
	  ->  Index Scan using sbtest6_pkey on sbtest6  (cost=0.43..43.75 rows=10 width=121)
	        Index Cond: ((id >= 6779157) AND (id <= 6779166))

table 7 : explain SELECT c FROM sbtest7 WHERE id BETWEEN 4096581 AND 4096590 ORDER BY c
	Sort  (cost=43.84..43.87 rows=10 width=121)
	  Sort Key: c
	  ->  Index Scan using sbtest7_pkey on sbtest7  (cost=0.43..43.68 rows=10 width=121)
	        Index Cond: ((id >= 4096581) AND (id <= 4096590))

table 8 : explain SELECT c FROM sbtest8 WHERE id BETWEEN 6702814 AND 6702823 ORDER BY c
	Sort  (cost=43.86..43.89 rows=10 width=121)
	  Sort Key: c
	  ->  Index Scan using sbtest8_pkey on sbtest8  (cost=0.43..43.70 rows=10 width=121)
	        Index Cond: ((id >= 6702814) AND (id <= 6702823))

for point_selects
table 1 : explain SELECT c FROM sbtest1 WHERE id=8605118
	Index Scan using sbtest1_pkey on sbtest1  (cost=0.43..8.45 rows=1 width=121)
	  Index Cond: (id = 8605118)

table 2 : explain SELECT c FROM sbtest2 WHERE id=1926655
	Index Scan using sbtest2_pkey on sbtest2  (cost=0.43..8.45 rows=1 width=121)
	  Index Cond: (id = 1926655)

table 3 : explain SELECT c FROM sbtest3 WHERE id=8584611
	Index Scan using sbtest3_pkey on sbtest3  (cost=0.43..8.45 rows=1 width=121)
	  Index Cond: (id = 8584611)

table 4 : explain SELECT c FROM sbtest4 WHERE id=3837389
	Index Scan using sbtest4_pkey on sbtest4  (cost=0.43..8.45 rows=1 width=121)
	  Index Cond: (id = 3837389)

table 5 : explain SELECT c FROM sbtest5 WHERE id=9265750
	Index Scan using sbtest5_pkey on sbtest5  (cost=0.43..8.45 rows=1 width=121)
	  Index Cond: (id = 9265750)

table 6 : explain SELECT c FROM sbtest6 WHERE id=504333
	Index Scan using sbtest6_pkey on sbtest6  (cost=0.43..8.45 rows=1 width=121)
	  Index Cond: (id = 504333)

table 7 : explain SELECT c FROM sbtest7 WHERE id=4869135
	Index Scan using sbtest7_pkey on sbtest7  (cost=0.43..8.45 rows=1 width=121)
	  Index Cond: (id = 4869135)

table 8 : explain SELECT c FROM sbtest8 WHERE id=5534151
	Index Scan using sbtest8_pkey on sbtest8  (cost=0.43..8.45 rows=1 width=121)
	  Index Cond: (id = 5534151)

for: sum_ranges
table 1 : explain SELECT SUM(k) FROM sbtest1 WHERE id BETWEEN 9709281 AND 9709290
	Aggregate  (cost=47.72..47.73 rows=1 width=8)
	  ->  Index Scan using sbtest1_pkey on sbtest1  (cost=0.43..47.69 rows=11 width=4)
	        Index Cond: ((id >= 9709281) AND (id <= 9709290))

table 2 : explain SELECT SUM(k) FROM sbtest2 WHERE id BETWEEN 5956741 AND 5956750
	Aggregate  (cost=43.69..43.70 rows=1 width=8)
	  ->  Index Scan using sbtest2_pkey on sbtest2  (cost=0.43..43.67 rows=10 width=4)
	        Index Cond: ((id >= 5956741) AND (id <= 5956750))

table 3 : explain SELECT SUM(k) FROM sbtest3 WHERE id BETWEEN 7300842 AND 7300851
	Aggregate  (cost=43.81..43.82 rows=1 width=8)
	  ->  Index Scan using sbtest3_pkey on sbtest3  (cost=0.43..43.78 rows=10 width=4)
	        Index Cond: ((id >= 7300842) AND (id <= 7300851))

table 4 : explain SELECT SUM(k) FROM sbtest4 WHERE id BETWEEN 1795636 AND 1795645
	Aggregate  (cost=47.56..47.57 rows=1 width=8)
	  ->  Index Scan using sbtest4_pkey on sbtest4  (cost=0.43..47.53 rows=11 width=4)
	        Index Cond: ((id >= 1795636) AND (id <= 1795645))

table 5 : explain SELECT SUM(k) FROM sbtest5 WHERE id BETWEEN 1089982 AND 1089991
	Aggregate  (cost=43.71..43.72 rows=1 width=8)
	  ->  Index Scan using sbtest5_pkey on sbtest5  (cost=0.43..43.68 rows=10 width=4)
	        Index Cond: ((id >= 1089982) AND (id <= 1089991))

table 6 : explain SELECT SUM(k) FROM sbtest6 WHERE id BETWEEN 8269524 AND 8269533
	Aggregate  (cost=43.78..43.79 rows=1 width=8)
	  ->  Index Scan using sbtest6_pkey on sbtest6  (cost=0.43..43.75 rows=10 width=4)
	        Index Cond: ((id >= 8269524) AND (id <= 8269533))

table 7 : explain SELECT SUM(k) FROM sbtest7 WHERE id BETWEEN 9643617 AND 9643626
	Aggregate  (cost=43.70..43.71 rows=1 width=8)
	  ->  Index Scan using sbtest7_pkey on sbtest7  (cost=0.43..43.68 rows=10 width=4)
	        Index Cond: ((id >= 9643617) AND (id <= 9643626))

table 8 : explain SELECT SUM(k) FROM sbtest8 WHERE id BETWEEN 1890843 AND 1890852
	Aggregate  (cost=43.72..43.73 rows=1 width=8)
	  ->  Index Scan using sbtest8_pkey on sbtest8  (cost=0.43..43.70 rows=10 width=4)
	        Index Cond: ((id >= 1890843) AND (id <= 1890852))

for: order_ranges
table 1 : explain SELECT c FROM sbtest1 WHERE id BETWEEN 5331743 AND 5331752 ORDER BY c
	Sort  (cost=43.93..43.96 rows=10 width=121)
	  Sort Key: c
	  ->  Index Scan using sbtest1_pkey on sbtest1  (cost=0.43..43.77 rows=10 width=121)
	        Index Cond: ((id >= 5331743) AND (id <= 5331752))

table 2 : explain SELECT c FROM sbtest2 WHERE id BETWEEN 5525877 AND 5525886 ORDER BY c
	Sort  (cost=43.83..43.86 rows=10 width=121)
	  Sort Key: c
	  ->  Index Scan using sbtest2_pkey on sbtest2  (cost=0.43..43.67 rows=10 width=121)
	        Index Cond: ((id >= 5525877) AND (id <= 5525886))

table 3 : explain SELECT c FROM sbtest3 WHERE id BETWEEN 229824 AND 229833 ORDER BY c
	Sort  (cost=47.90..47.93 rows=11 width=121)
	  Sort Key: c
	  ->  Index Scan using sbtest3_pkey on sbtest3  (cost=0.43..47.71 rows=11 width=121)
	        Index Cond: ((id >= 229824) AND (id <= 229833))

table 4 : explain SELECT c FROM sbtest4 WHERE id BETWEEN 4611002 AND 4611011 ORDER BY c
	Sort  (cost=43.79..43.82 rows=10 width=121)
	  Sort Key: c
	  ->  Index Scan using sbtest4_pkey on sbtest4  (cost=0.43..43.62 rows=10 width=121)
	        Index Cond: ((id >= 4611002) AND (id <= 4611011))

table 5 : explain SELECT c FROM sbtest5 WHERE id BETWEEN 3652119 AND 3652128 ORDER BY c
	Sort  (cost=43.85..43.87 rows=10 width=121)
	  Sort Key: c
	  ->  Index Scan using sbtest5_pkey on sbtest5  (cost=0.43..43.68 rows=10 width=121)
	        Index Cond: ((id >= 3652119) AND (id <= 3652128))

table 6 : explain SELECT c FROM sbtest6 WHERE id BETWEEN 2924996 AND 2925005 ORDER BY c
	Sort  (cost=43.92..43.95 rows=10 width=121)
	  Sort Key: c
	  ->  Index Scan using sbtest6_pkey on sbtest6  (cost=0.43..43.75 rows=10 width=121)
	        Index Cond: ((id >= 2924996) AND (id <= 2925005))

table 7 : explain SELECT c FROM sbtest7 WHERE id BETWEEN 2454790 AND 2454799 ORDER BY c
	Sort  (cost=43.84..43.87 rows=10 width=121)
	  Sort Key: c
	  ->  Index Scan using sbtest7_pkey on sbtest7  (cost=0.43..43.68 rows=10 width=121)
	        Index Cond: ((id >= 2454790) AND (id <= 2454799))

table 8 : explain SELECT c FROM sbtest8 WHERE id BETWEEN 5272582 AND 5272591 ORDER BY c
	Sort  (cost=43.86..43.89 rows=10 width=121)
	  Sort Key: c
	  ->  Index Scan using sbtest8_pkey on sbtest8  (cost=0.43..43.70 rows=10 width=121)
	        Index Cond: ((id >= 5272582) AND (id <= 5272591))

for: sum_ranges
table 1 : explain SELECT SUM(k) FROM sbtest1 WHERE id BETWEEN 5462432 AND 5462441
	Aggregate  (cost=39.87..39.88 rows=1 width=8)
	  ->  Index Scan using sbtest1_pkey on sbtest1  (cost=0.43..39.84 rows=9 width=4)
	        Index Cond: ((id >= 5462432) AND (id <= 5462441))

table 2 : explain SELECT SUM(k) FROM sbtest2 WHERE id BETWEEN 7821343 AND 7821352
	Aggregate  (cost=39.78..39.79 rows=1 width=8)
	  ->  Index Scan using sbtest2_pkey on sbtest2  (cost=0.43..39.75 rows=9 width=4)
	        Index Cond: ((id >= 7821343) AND (id <= 7821352))

table 3 : explain SELECT SUM(k) FROM sbtest3 WHERE id BETWEEN 4230789 AND 4230798
	Aggregate  (cost=43.81..43.82 rows=1 width=8)
	  ->  Index Scan using sbtest3_pkey on sbtest3  (cost=0.43..43.78 rows=10 width=4)
	        Index Cond: ((id >= 4230789) AND (id <= 4230798))

table 4 : explain SELECT SUM(k) FROM sbtest4 WHERE id BETWEEN 572827 AND 572836
	Aggregate  (cost=43.65..43.66 rows=1 width=8)
	  ->  Index Scan using sbtest4_pkey on sbtest4  (cost=0.43..43.62 rows=10 width=4)
	        Index Cond: ((id >= 572827) AND (id <= 572836))

table 5 : explain SELECT SUM(k) FROM sbtest5 WHERE id BETWEEN 9115869 AND 9115878
	Aggregate  (cost=39.79..39.80 rows=1 width=8)
	  ->  Index Scan using sbtest5_pkey on sbtest5  (cost=0.43..39.77 rows=9 width=4)
	        Index Cond: ((id >= 9115869) AND (id <= 9115878))

table 6 : explain SELECT SUM(k) FROM sbtest6 WHERE id BETWEEN 9013608 AND 9013617
	Aggregate  (cost=43.78..43.79 rows=1 width=8)
	  ->  Index Scan using sbtest6_pkey on sbtest6  (cost=0.43..43.75 rows=10 width=4)
	        Index Cond: ((id >= 9013608) AND (id <= 9013617))

table 7 : explain SELECT SUM(k) FROM sbtest7 WHERE id BETWEEN 2378573 AND 2378582
	Aggregate  (cost=47.62..47.63 rows=1 width=8)
	  ->  Index Scan using sbtest7_pkey on sbtest7  (cost=0.43..47.59 rows=11 width=4)
	        Index Cond: ((id >= 2378573) AND (id <= 2378582))

table 8 : explain SELECT SUM(k) FROM sbtest8 WHERE id BETWEEN 2733715 AND 2733724
	Aggregate  (cost=43.72..43.73 rows=1 width=8)
	  ->  Index Scan using sbtest8_pkey on sbtest8  (cost=0.43..43.70 rows=10 width=4)
	        Index Cond: ((id >= 2733715) AND (id <= 2733724))

for: sum_ranges
table 1 : explain SELECT SUM(k) FROM sbtest1 WHERE id BETWEEN 5647285 AND 5647294
	Aggregate  (cost=43.79..43.80 rows=1 width=8)
	  ->  Index Scan using sbtest1_pkey on sbtest1  (cost=0.43..43.77 rows=10 width=4)
	        Index Cond: ((id >= 5647285) AND (id <= 5647294))

table 2 : explain SELECT SUM(k) FROM sbtest2 WHERE id BETWEEN 8370317 AND 8370326
	Aggregate  (cost=43.69..43.70 rows=1 width=8)
	  ->  Index Scan using sbtest2_pkey on sbtest2  (cost=0.43..43.67 rows=10 width=4)
	        Index Cond: ((id >= 8370317) AND (id <= 8370326))

table 3 : explain SELECT SUM(k) FROM sbtest3 WHERE id BETWEEN 5717599 AND 5717608
	Aggregate  (cost=39.88..39.89 rows=1 width=8)
	  ->  Index Scan using sbtest3_pkey on sbtest3  (cost=0.43..39.86 rows=9 width=4)
	        Index Cond: ((id >= 5717599) AND (id <= 5717608))

table 4 : explain SELECT SUM(k) FROM sbtest4 WHERE id BETWEEN 2309940 AND 2309949
	Aggregate  (cost=39.74..39.75 rows=1 width=8)
	  ->  Index Scan using sbtest4_pkey on sbtest4  (cost=0.43..39.72 rows=9 width=4)
	        Index Cond: ((id >= 2309940) AND (id <= 2309949))

table 5 : explain SELECT SUM(k) FROM sbtest5 WHERE id BETWEEN 3791681 AND 3791690
	Aggregate  (cost=43.71..43.72 rows=1 width=8)
	  ->  Index Scan using sbtest5_pkey on sbtest5  (cost=0.43..43.68 rows=10 width=4)
	        Index Cond: ((id >= 3791681) AND (id <= 3791690))

table 6 : explain SELECT SUM(k) FROM sbtest6 WHERE id BETWEEN 4296330 AND 4296339
	Aggregate  (cost=47.70..47.71 rows=1 width=8)
	  ->  Index Scan using sbtest6_pkey on sbtest6  (cost=0.43..47.68 rows=11 width=4)
	        Index Cond: ((id >= 4296330) AND (id <= 4296339))

table 7 : explain SELECT SUM(k) FROM sbtest7 WHERE id BETWEEN 103950 AND 103959
	Aggregate  (cost=39.79..39.80 rows=1 width=8)
	  ->  Index Scan using sbtest7_pkey on sbtest7  (cost=0.43..39.76 rows=9 width=4)
	        Index Cond: ((id >= 103950) AND (id <= 103959))

table 8 : explain SELECT SUM(k) FROM sbtest8 WHERE id BETWEEN 1659571 AND 1659580
	Aggregate  (cost=43.72..43.73 rows=1 width=8)
	  ->  Index Scan using sbtest8_pkey on sbtest8  (cost=0.43..43.70 rows=10 width=4)
	        Index Cond: ((id >= 1659571) AND (id <= 1659580))
for: simple_ranges
table 1 : explain SELECT c FROM sbtest1 WHERE id BETWEEN 1542604 AND 1542613
	Index Scan using sbtest1_pkey on sbtest1  (cost=0.43..43.77 rows=10 width=121)
	  Index Cond: ((id >= 1542604) AND (id <= 1542613))

table 2 : explain SELECT c FROM sbtest2 WHERE id BETWEEN 7263507 AND 7263516
	Index Scan using sbtest2_pkey on sbtest2  (cost=0.43..43.67 rows=10 width=121)
	  Index Cond: ((id >= 7263507) AND (id <= 7263516))

table 3 : explain SELECT c FROM sbtest3 WHERE id BETWEEN 9773151 AND 9773160
	Index Scan using sbtest3_pkey on sbtest3  (cost=0.43..43.78 rows=10 width=121)
	  Index Cond: ((id >= 9773151) AND (id <= 9773160))

table 4 : explain SELECT c FROM sbtest4 WHERE id BETWEEN 7232914 AND 7232923
	Index Scan using sbtest4_pkey on sbtest4  (cost=0.43..43.62 rows=10 width=121)
	  Index Cond: ((id >= 7232914) AND (id <= 7232923))

table 5 : explain SELECT c FROM sbtest5 WHERE id BETWEEN 3249511 AND 3249520
	Index Scan using sbtest5_pkey on sbtest5  (cost=0.43..43.68 rows=10 width=121)
	  Index Cond: ((id >= 3249511) AND (id <= 3249520))

table 6 : explain SELECT c FROM sbtest6 WHERE id BETWEEN 373560 AND 373569
	Index Scan using sbtest6_pkey on sbtest6  (cost=0.43..39.83 rows=9 width=121)
	  Index Cond: ((id >= 373560) AND (id <= 373569))

table 7 : explain SELECT c FROM sbtest7 WHERE id BETWEEN 9747077 AND 9747086
	Index Scan using sbtest7_pkey on sbtest7  (cost=0.43..43.68 rows=10 width=121)
	  Index Cond: ((id >= 9747077) AND (id <= 9747086))

table 8 : explain SELECT c FROM sbtest8 WHERE id BETWEEN 9114207 AND 9114216
	Index Scan using sbtest8_pkey on sbtest8  (cost=0.43..39.78 rows=9 width=121)
	  Index Cond: ((id >= 9114207) AND (id <= 9114216))


for: simple_ranges
table 1 : explain SELECT c FROM sbtest1 WHERE id BETWEEN 6251247 AND 6251256
	Index Scan using sbtest1_pkey on sbtest1  (cost=0.43..43.77 rows=10 width=121)
	  Index Cond: ((id >= 6251247) AND (id <= 6251256))

table 2 : explain SELECT c FROM sbtest2 WHERE id BETWEEN 6745714 AND 6745723
	Index Scan using sbtest2_pkey on sbtest2  (cost=0.43..43.67 rows=10 width=121)
	  Index Cond: ((id >= 6745714) AND (id <= 6745723))

table 3 : explain SELECT c FROM sbtest3 WHERE id BETWEEN 2090669 AND 2090678
	Index Scan using sbtest3_pkey on sbtest3  (cost=0.43..43.78 rows=10 width=121)
	  Index Cond: ((id >= 2090669) AND (id <= 2090678))

table 4 : explain SELECT c FROM sbtest4 WHERE id BETWEEN 1582743 AND 1582752
	Index Scan using sbtest4_pkey on sbtest4  (cost=0.43..47.53 rows=11 width=121)
	  Index Cond: ((id >= 1582743) AND (id <= 1582752))

table 5 : explain SELECT c FROM sbtest5 WHERE id BETWEEN 2407836 AND 2407845
	Index Scan using sbtest5_pkey on sbtest5  (cost=0.43..43.68 rows=10 width=121)
	  Index Cond: ((id >= 2407836) AND (id <= 2407845))

table 6 : explain SELECT c FROM sbtest6 WHERE id BETWEEN 2314179 AND 2314188
	Index Scan using sbtest6_pkey on sbtest6  (cost=0.43..43.75 rows=10 width=121)
	  Index Cond: ((id >= 2314179) AND (id <= 2314188))

table 7 : explain SELECT c FROM sbtest7 WHERE id BETWEEN 2900431 AND 2900440
	Index Scan using sbtest7_pkey on sbtest7  (cost=0.43..43.68 rows=10 width=121)
	  Index Cond: ((id >= 2900431) AND (id <= 2900440))

table 8 : explain SELECT c FROM sbtest8 WHERE id BETWEEN 2456069 AND 2456078
	Index Scan using sbtest8_pkey on sbtest8  (cost=0.43..47.61 rows=11 width=121)
	  Index Cond: ((id >= 2456069) AND (id <= 2456078))

for: sum_ranges
table 1 : explain SELECT SUM(k) FROM sbtest1 WHERE id BETWEEN 5443561 AND 5443570
	Aggregate  (cost=39.87..39.88 rows=1 width=8)
	  ->  Index Scan using sbtest1_pkey on sbtest1  (cost=0.43..39.84 rows=9 width=4)
	        Index Cond: ((id >= 5443561) AND (id <= 5443570))

table 2 : explain SELECT SUM(k) FROM sbtest2 WHERE id BETWEEN 9652913 AND 9652922
	Aggregate  (cost=43.69..43.70 rows=1 width=8)
	  ->  Index Scan using sbtest2_pkey on sbtest2  (cost=0.43..43.67 rows=10 width=4)
	        Index Cond: ((id >= 9652913) AND (id <= 9652922))

table 3 : explain SELECT SUM(k) FROM sbtest3 WHERE id BETWEEN 4176698 AND 4176707
	Aggregate  (cost=43.81..43.82 rows=1 width=8)
	  ->  Index Scan using sbtest3_pkey on sbtest3  (cost=0.43..43.78 rows=10 width=4)
	        Index Cond: ((id >= 4176698) AND (id <= 4176707))

table 4 : explain SELECT SUM(k) FROM sbtest4 WHERE id BETWEEN 7249600 AND 7249609
	Aggregate  (cost=43.65..43.66 rows=1 width=8)
	  ->  Index Scan using sbtest4_pkey on sbtest4  (cost=0.43..43.62 rows=10 width=4)
	        Index Cond: ((id >= 7249600) AND (id <= 7249609))

table 5 : explain SELECT SUM(k) FROM sbtest5 WHERE id BETWEEN 1937593 AND 1937602
	Aggregate  (cost=43.71..43.72 rows=1 width=8)
	  ->  Index Scan using sbtest5_pkey on sbtest5  (cost=0.43..43.68 rows=10 width=4)
	        Index Cond: ((id >= 1937593) AND (id <= 1937602))

table 6 : explain SELECT SUM(k) FROM sbtest6 WHERE id BETWEEN 9566679 AND 9566688
	Aggregate  (cost=43.78..43.79 rows=1 width=8)
	  ->  Index Scan using sbtest6_pkey on sbtest6  (cost=0.43..43.75 rows=10 width=4)
	        Index Cond: ((id >= 9566679) AND (id <= 9566688))

table 7 : explain SELECT SUM(k) FROM sbtest7 WHERE id BETWEEN 2822115 AND 2822124
	Aggregate  (cost=43.70..43.71 rows=1 width=8)
	  ->  Index Scan using sbtest7_pkey on sbtest7  (cost=0.43..43.68 rows=10 width=4)
	        Index Cond: ((id >= 2822115) AND (id <= 2822124))

table 8 : explain SELECT SUM(k) FROM sbtest8 WHERE id BETWEEN 2810730 AND 2810739
	Aggregate  (cost=39.80..39.81 rows=1 width=8)
	  ->  Index Scan using sbtest8_pkey on sbtest8  (cost=0.43..39.78 rows=9 width=4)
	        Index Cond: ((id >= 2810730) AND (id <= 2810739))

for: simple_ranges
table 1 : explain SELECT c FROM sbtest1 WHERE id BETWEEN 4144098 AND 4144107
	Index Scan using sbtest1_pkey on sbtest1  (cost=0.43..43.77 rows=10 width=121)
	  Index Cond: ((id >= 4144098) AND (id <= 4144107))

table 2 : explain SELECT c FROM sbtest2 WHERE id BETWEEN 5059633 AND 5059642
	Index Scan using sbtest2_pkey on sbtest2  (cost=0.43..39.75 rows=9 width=121)
	  Index Cond: ((id >= 5059633) AND (id <= 5059642))

table 3 : explain SELECT c FROM sbtest3 WHERE id BETWEEN 2814417 AND 2814426
	Index Scan using sbtest3_pkey on sbtest3  (cost=0.43..39.86 rows=9 width=121)
	  Index Cond: ((id >= 2814417) AND (id <= 2814426))

table 4 : explain SELECT c FROM sbtest4 WHERE id BETWEEN 7876636 AND 7876645
	Index Scan using sbtest4_pkey on sbtest4  (cost=0.43..43.62 rows=10 width=121)
	  Index Cond: ((id >= 7876636) AND (id <= 7876645))

table 5 : explain SELECT c FROM sbtest5 WHERE id BETWEEN 7552982 AND 7552991
	Index Scan using sbtest5_pkey on sbtest5  (cost=0.43..43.68 rows=10 width=121)
	  Index Cond: ((id >= 7552982) AND (id <= 7552991))

table 6 : explain SELECT c FROM sbtest6 WHERE id BETWEEN 5526760 AND 5526769
	Index Scan using sbtest6_pkey on sbtest6  (cost=0.43..43.75 rows=10 width=121)
	  Index Cond: ((id >= 5526760) AND (id <= 5526769))

table 7 : explain SELECT c FROM sbtest7 WHERE id BETWEEN 9395751 AND 9395760
	Index Scan using sbtest7_pkey on sbtest7  (cost=0.43..39.76 rows=9 width=121)
	  Index Cond: ((id >= 9395751) AND (id <= 9395760))

table 8 : explain SELECT c FROM sbtest8 WHERE id BETWEEN 5935048 AND 5935057
	Index Scan using sbtest8_pkey on sbtest8  (cost=0.43..39.78 rows=9 width=121)
	  Index Cond: ((id >= 5935048) AND (id <= 5935057))

for: order_ranges
table 1 : explain SELECT c FROM sbtest1 WHERE id BETWEEN 956344 AND 956353 ORDER BY c
	Sort  (cost=43.93..43.96 rows=10 width=121)
	  Sort Key: c
	  ->  Index Scan using sbtest1_pkey on sbtest1  (cost=0.43..43.77 rows=10 width=121)
	        Index Cond: ((id >= 956344) AND (id <= 956353))

table 2 : explain SELECT c FROM sbtest2 WHERE id BETWEEN 6210451 AND 6210460 ORDER BY c
	Sort  (cost=43.83..43.86 rows=10 width=121)
	  Sort Key: c
	  ->  Index Scan using sbtest2_pkey on sbtest2  (cost=0.43..43.67 rows=10 width=121)
	        Index Cond: ((id >= 6210451) AND (id <= 6210460))

table 3 : explain SELECT c FROM sbtest3 WHERE id BETWEEN 4865193 AND 4865202 ORDER BY c
	Sort  (cost=43.95..43.97 rows=10 width=121)
	  Sort Key: c
	  ->  Index Scan using sbtest3_pkey on sbtest3  (cost=0.43..43.78 rows=10 width=121)
	        Index Cond: ((id >= 4865193) AND (id <= 4865202))

table 4 : explain SELECT c FROM sbtest4 WHERE id BETWEEN 7477847 AND 7477856 ORDER BY c
	Sort  (cost=43.79..43.82 rows=10 width=121)
	  Sort Key: c
	  ->  Index Scan using sbtest4_pkey on sbtest4  (cost=0.43..43.62 rows=10 width=121)
	        Index Cond: ((id >= 7477847) AND (id <= 7477856))

table 5 : explain SELECT c FROM sbtest5 WHERE id BETWEEN 8397227 AND 8397236 ORDER BY c
	Sort  (cost=43.85..43.87 rows=10 width=121)
	  Sort Key: c
	  ->  Index Scan using sbtest5_pkey on sbtest5  (cost=0.43..43.68 rows=10 width=121)
	        Index Cond: ((id >= 8397227) AND (id <= 8397236))

table 6 : explain SELECT c FROM sbtest6 WHERE id BETWEEN 7065560 AND 7065569 ORDER BY c
	Sort  (cost=43.92..43.95 rows=10 width=121)
	  Sort Key: c
	  ->  Index Scan using sbtest6_pkey on sbtest6  (cost=0.43..43.75 rows=10 width=121)
	        Index Cond: ((id >= 7065560) AND (id <= 7065569))

table 7 : explain SELECT c FROM sbtest7 WHERE id BETWEEN 69254 AND 69263 ORDER BY c
	Sort  (cost=43.84..43.87 rows=10 width=121)
	  Sort Key: c
	  ->  Index Scan using sbtest7_pkey on sbtest7  (cost=0.43..43.68 rows=10 width=121)
	        Index Cond: ((id >= 69254) AND (id <= 69263))

table 8 : explain SELECT c FROM sbtest8 WHERE id BETWEEN 5112769 AND 5112778 ORDER BY c
	Sort  (cost=39.92..39.94 rows=9 width=121)
	  Sort Key: c
	  ->  Index Scan using sbtest8_pkey on sbtest8  (cost=0.43..39.78 rows=9 width=121)
	        Index Cond: ((id >= 5112769) AND (id <= 5112778))

for: simple_ranges
table 1 : explain SELECT c FROM sbtest1 WHERE id BETWEEN 8098980 AND 8098989
	Index Scan using sbtest1_pkey on sbtest1  (cost=0.43..47.69 rows=11 width=121)
	  Index Cond: ((id >= 8098980) AND (id <= 8098989))

table 2 : explain SELECT c FROM sbtest2 WHERE id BETWEEN 8468075 AND 8468084
	Index Scan using sbtest2_pkey on sbtest2  (cost=0.43..43.67 rows=10 width=121)
	  Index Cond: ((id >= 8468075) AND (id <= 8468084))

table 3 : explain SELECT c FROM sbtest3 WHERE id BETWEEN 6644700 AND 6644709
	Index Scan using sbtest3_pkey on sbtest3  (cost=0.43..43.78 rows=10 width=121)
	  Index Cond: ((id >= 6644700) AND (id <= 6644709))

table 4 : explain SELECT c FROM sbtest4 WHERE id BETWEEN 8322590 AND 8322599
	Index Scan using sbtest4_pkey on sbtest4  (cost=0.43..43.62 rows=10 width=121)
	  Index Cond: ((id >= 8322590) AND (id <= 8322599))

table 5 : explain SELECT c FROM sbtest5 WHERE id BETWEEN 6157728 AND 6157737
	Index Scan using sbtest5_pkey on sbtest5  (cost=0.43..43.68 rows=10 width=121)
	  Index Cond: ((id >= 6157728) AND (id <= 6157737))

table 6 : explain SELECT c FROM sbtest6 WHERE id BETWEEN 9607503 AND 9607512
	Index Scan using sbtest6_pkey on sbtest6  (cost=0.43..43.75 rows=10 width=121)
	  Index Cond: ((id >= 9607503) AND (id <= 9607512))

table 7 : explain SELECT c FROM sbtest7 WHERE id BETWEEN 4727889 AND 4727898
	Index Scan using sbtest7_pkey on sbtest7  (cost=0.43..43.68 rows=10 width=121)
	  Index Cond: ((id >= 4727889) AND (id <= 4727898))

table 8 : explain SELECT c FROM sbtest8 WHERE id BETWEEN 7403392 AND 7403401
	Index Scan using sbtest8_pkey on sbtest8  (cost=0.43..43.70 rows=10 width=121)
	  Index Cond: ((id >= 7403392) AND (id <= 7403401))

for: order_ranges
table 1 : explain SELECT c FROM sbtest1 WHERE id BETWEEN 387681 AND 387690 ORDER BY c
	Sort  (cost=43.93..43.96 rows=10 width=121)
	  Sort Key: c
	  ->  Index Scan using sbtest1_pkey on sbtest1  (cost=0.43..43.77 rows=10 width=121)
	        Index Cond: ((id >= 387681) AND (id <= 387690))

table 2 : explain SELECT c FROM sbtest2 WHERE id BETWEEN 2509995 AND 2510004 ORDER BY c
	Sort  (cost=43.83..43.86 rows=10 width=121)
	  Sort Key: c
	  ->  Index Scan using sbtest2_pkey on sbtest2  (cost=0.43..43.67 rows=10 width=121)
	        Index Cond: ((id >= 2509995) AND (id <= 2510004))

table 3 : explain SELECT c FROM sbtest3 WHERE id BETWEEN 6003726 AND 6003735 ORDER BY c
	Sort  (cost=43.95..43.97 rows=10 width=121)
	  Sort Key: c
	  ->  Index Scan using sbtest3_pkey on sbtest3  (cost=0.43..43.78 rows=10 width=121)
	        Index Cond: ((id >= 6003726) AND (id <= 6003735))

table 4 : explain SELECT c FROM sbtest4 WHERE id BETWEEN 5839457 AND 5839466 ORDER BY c
	Sort  (cost=43.79..43.82 rows=10 width=121)
	  Sort Key: c
	  ->  Index Scan using sbtest4_pkey on sbtest4  (cost=0.43..43.62 rows=10 width=121)
	        Index Cond: ((id >= 5839457) AND (id <= 5839466))

table 5 : explain SELECT c FROM sbtest5 WHERE id BETWEEN 7382161 AND 7382170 ORDER BY c
	Sort  (cost=39.91..39.93 rows=9 width=121)
	  Sort Key: c
	  ->  Index Scan using sbtest5_pkey on sbtest5  (cost=0.43..39.77 rows=9 width=121)
	        Index Cond: ((id >= 7382161) AND (id <= 7382170))

table 6 : explain SELECT c FROM sbtest6 WHERE id BETWEEN 7212059 AND 7212068 ORDER BY c
	Sort  (cost=43.92..43.95 rows=10 width=121)
	  Sort Key: c
	  ->  Index Scan using sbtest6_pkey on sbtest6  (cost=0.43..43.75 rows=10 width=121)
	        Index Cond: ((id >= 7212059) AND (id <= 7212068))

table 7 : explain SELECT c FROM sbtest7 WHERE id BETWEEN 3157317 AND 3157326 ORDER BY c
	Sort  (cost=43.84..43.87 rows=10 width=121)
	  Sort Key: c
	  ->  Index Scan using sbtest7_pkey on sbtest7  (cost=0.43..43.68 rows=10 width=121)
	        Index Cond: ((id >= 3157317) AND (id <= 3157326))

table 8 : explain SELECT c FROM sbtest8 WHERE id BETWEEN 292753 AND 292762 ORDER BY c
	Sort  (cost=43.86..43.89 rows=10 width=121)
	  Sort Key: c
	  ->  Index Scan using sbtest8_pkey on sbtest8  (cost=0.43..43.70 rows=10 width=121)
	        Index Cond: ((id >= 292753) AND (id <= 292762))

for: simple_ranges
table 1 : explain SELECT c FROM sbtest1 WHERE id BETWEEN 5211092 AND 5211101
	Index Scan using sbtest1_pkey on sbtest1  (cost=0.43..43.77 rows=10 width=121)
	  Index Cond: ((id >= 5211092) AND (id <= 5211101))

table 2 : explain SELECT c FROM sbtest2 WHERE id BETWEEN 3528907 AND 3528916
	Index Scan using sbtest2_pkey on sbtest2  (cost=0.43..43.67 rows=10 width=121)
	  Index Cond: ((id >= 3528907) AND (id <= 3528916))

table 3 : explain SELECT c FROM sbtest3 WHERE id BETWEEN 534911 AND 534920
	Index Scan using sbtest3_pkey on sbtest3  (cost=0.43..43.78 rows=10 width=121)
	  Index Cond: ((id >= 534911) AND (id <= 534920))

table 4 : explain SELECT c FROM sbtest4 WHERE id BETWEEN 1510359 AND 1510368
	Index Scan using sbtest4_pkey on sbtest4  (cost=0.43..47.53 rows=11 width=121)
	  Index Cond: ((id >= 1510359) AND (id <= 1510368))

table 5 : explain SELECT c FROM sbtest5 WHERE id BETWEEN 7739206 AND 7739215
	Index Scan using sbtest5_pkey on sbtest5  (cost=0.43..43.68 rows=10 width=121)
	  Index Cond: ((id >= 7739206) AND (id <= 7739215))

table 6 : explain SELECT c FROM sbtest6 WHERE id BETWEEN 3713782 AND 3713791
	Index Scan using sbtest6_pkey on sbtest6  (cost=0.43..43.75 rows=10 width=121)
	  Index Cond: ((id >= 3713782) AND (id <= 3713791))

table 7 : explain SELECT c FROM sbtest7 WHERE id BETWEEN 9336700 AND 9336709
	Index Scan using sbtest7_pkey on sbtest7  (cost=0.43..39.76 rows=9 width=121)
	  Index Cond: ((id >= 9336700) AND (id <= 9336709))

table 8 : explain SELECT c FROM sbtest8 WHERE id BETWEEN 9443813 AND 9443822
	Index Scan using sbtest8_pkey on sbtest8  (cost=0.43..47.61 rows=11 width=121)
	  Index Cond: ((id >= 9443813) AND (id <= 9443822))

for: order_ranges
table 1 : explain SELECT c FROM sbtest1 WHERE id BETWEEN 44650 AND 44659 ORDER BY c
	Sort  (cost=43.93..43.96 rows=10 width=121)
	  Sort Key: c
	  ->  Index Scan using sbtest1_pkey on sbtest1  (cost=0.43..43.77 rows=10 width=121)
	        Index Cond: ((id >= 44650) AND (id <= 44659))

table 2 : explain SELECT c FROM sbtest2 WHERE id BETWEEN 8669631 AND 8669640 ORDER BY c
	Sort  (cost=47.77..47.80 rows=11 width=121)
	  Sort Key: c
	  ->  Index Scan using sbtest2_pkey on sbtest2  (cost=0.43..47.58 rows=11 width=121)
	        Index Cond: ((id >= 8669631) AND (id <= 8669640))

table 3 : explain SELECT c FROM sbtest3 WHERE id BETWEEN 8679615 AND 8679624 ORDER BY c
	Sort  (cost=43.95..43.97 rows=10 width=121)
	  Sort Key: c
	  ->  Index Scan using sbtest3_pkey on sbtest3  (cost=0.43..43.78 rows=10 width=121)
	        Index Cond: ((id >= 8679615) AND (id <= 8679624))

table 4 : explain SELECT c FROM sbtest4 WHERE id BETWEEN 2227965 AND 2227974 ORDER BY c
	Sort  (cost=39.86..39.88 rows=9 width=121)
	  Sort Key: c
	  ->  Index Scan using sbtest4_pkey on sbtest4  (cost=0.43..39.72 rows=9 width=121)
	        Index Cond: ((id >= 2227965) AND (id <= 2227974))

table 5 : explain SELECT c FROM sbtest5 WHERE id BETWEEN 328682 AND 328691 ORDER BY c
	Sort  (cost=47.78..47.81 rows=11 width=121)
	  Sort Key: c
	  ->  Index Scan using sbtest5_pkey on sbtest5  (cost=0.43..47.59 rows=11 width=121)
	        Index Cond: ((id >= 328682) AND (id <= 328691))

table 6 : explain SELECT c FROM sbtest6 WHERE id BETWEEN 9410688 AND 9410697 ORDER BY c
	Sort  (cost=43.92..43.95 rows=10 width=121)
	  Sort Key: c
	  ->  Index Scan using sbtest6_pkey on sbtest6  (cost=0.43..43.75 rows=10 width=121)
	        Index Cond: ((id >= 9410688) AND (id <= 9410697))

table 7 : explain SELECT c FROM sbtest7 WHERE id BETWEEN 1467107 AND 1467116 ORDER BY c
	Sort  (cost=47.78..47.81 rows=11 width=121)
	  Sort Key: c
	  ->  Index Scan using sbtest7_pkey on sbtest7  (cost=0.43..47.59 rows=11 width=121)
	        Index Cond: ((id >= 1467107) AND (id <= 1467116))

table 8 : explain SELECT c FROM sbtest8 WHERE id BETWEEN 792168 AND 792177 ORDER BY c
	Sort  (cost=43.86..43.89 rows=10 width=121)
	  Sort Key: c
	  ->  Index Scan using sbtest8_pkey on sbtest8  (cost=0.43..43.70 rows=10 width=121)
	        Index Cond: ((id >= 792168) AND (id <= 792177))

for: simple_ranges
table 1 : explain SELECT c FROM sbtest1 WHERE id BETWEEN 8672321 AND 8672330
	Index Scan using sbtest1_pkey on sbtest1  (cost=0.43..47.69 rows=11 width=121)
	  Index Cond: ((id >= 8672321) AND (id <= 8672330))

table 2 : explain SELECT c FROM sbtest2 WHERE id BETWEEN 5609292 AND 5609301
	Index Scan using sbtest2_pkey on sbtest2  (cost=0.43..43.67 rows=10 width=121)
	  Index Cond: ((id >= 5609292) AND (id <= 5609301))

table 3 : explain SELECT c FROM sbtest3 WHERE id BETWEEN 8990842 AND 8990851
	Index Scan using sbtest3_pkey on sbtest3  (cost=0.43..43.78 rows=10 width=121)
	  Index Cond: ((id >= 8990842) AND (id <= 8990851))

table 4 : explain SELECT c FROM sbtest4 WHERE id BETWEEN 821122 AND 821131
	Index Scan using sbtest4_pkey on sbtest4  (cost=0.43..43.62 rows=10 width=121)
	  Index Cond: ((id >= 821122) AND (id <= 821131))

table 5 : explain SELECT c FROM sbtest5 WHERE id BETWEEN 3715365 AND 3715374
	Index Scan using sbtest5_pkey on sbtest5  (cost=0.43..43.68 rows=10 width=121)
	  Index Cond: ((id >= 3715365) AND (id <= 3715374))

table 6 : explain SELECT c FROM sbtest6 WHERE id BETWEEN 3370186 AND 3370195
	Index Scan using sbtest6_pkey on sbtest6  (cost=0.43..43.75 rows=10 width=121)
	  Index Cond: ((id >= 3370186) AND (id <= 3370195))

table 7 : explain SELECT c FROM sbtest7 WHERE id BETWEEN 2891311 AND 2891320
	Index Scan using sbtest7_pkey on sbtest7  (cost=0.43..43.68 rows=10 width=121)
	  Index Cond: ((id >= 2891311) AND (id <= 2891320))

table 8 : explain SELECT c FROM sbtest8 WHERE id BETWEEN 1855779 AND 1855788
	Index Scan using sbtest8_pkey on sbtest8  (cost=0.43..43.70 rows=10 width=121)
	  Index Cond: ((id >= 1855779) AND (id <= 1855788))

for: sum_ranges
table 1 : explain SELECT SUM(k) FROM sbtest1 WHERE id BETWEEN 4372285 AND 4372294
	Aggregate  (cost=43.79..43.80 rows=1 width=8)
	  ->  Index Scan using sbtest1_pkey on sbtest1  (cost=0.43..43.77 rows=10 width=4)
	        Index Cond: ((id >= 4372285) AND (id <= 4372294))

table 2 : explain SELECT SUM(k) FROM sbtest2 WHERE id BETWEEN 7581732 AND 7581741
	Aggregate  (cost=47.61..47.62 rows=1 width=8)
	  ->  Index Scan using sbtest2_pkey on sbtest2  (cost=0.43..47.58 rows=11 width=4)
	        Index Cond: ((id >= 7581732) AND (id <= 7581741))

table 3 : explain SELECT SUM(k) FROM sbtest3 WHERE id BETWEEN 2522148 AND 2522157
	Aggregate  (cost=47.74..47.75 rows=1 width=8)
	  ->  Index Scan using sbtest3_pkey on sbtest3  (cost=0.43..47.71 rows=11 width=4)
	        Index Cond: ((id >= 2522148) AND (id <= 2522157))

table 4 : explain SELECT SUM(k) FROM sbtest4 WHERE id BETWEEN 4328626 AND 4328635
	Aggregate  (cost=39.74..39.75 rows=1 width=8)
	  ->  Index Scan using sbtest4_pkey on sbtest4  (cost=0.43..39.72 rows=9 width=4)
	        Index Cond: ((id >= 4328626) AND (id <= 4328635))

table 5 : explain SELECT SUM(k) FROM sbtest5 WHERE id BETWEEN 1595498 AND 1595507
	Aggregate  (cost=43.71..43.72 rows=1 width=8)
	  ->  Index Scan using sbtest5_pkey on sbtest5  (cost=0.43..43.68 rows=10 width=4)
	        Index Cond: ((id >= 1595498) AND (id <= 1595507))

table 6 : explain SELECT SUM(k) FROM sbtest6 WHERE id BETWEEN 3888434 AND 3888443
	Aggregate  (cost=43.78..43.79 rows=1 width=8)
	  ->  Index Scan using sbtest6_pkey on sbtest6  (cost=0.43..43.75 rows=10 width=4)
	        Index Cond: ((id >= 3888434) AND (id <= 3888443))

table 7 : explain SELECT SUM(k) FROM sbtest7 WHERE id BETWEEN 5591936 AND 5591945
	Aggregate  (cost=43.70..43.71 rows=1 width=8)
	  ->  Index Scan using sbtest7_pkey on sbtest7  (cost=0.43..43.68 rows=10 width=4)
	        Index Cond: ((id >= 5591936) AND (id <= 5591945))

table 8 : explain SELECT SUM(k) FROM sbtest8 WHERE id BETWEEN 9456009 AND 9456018
	Aggregate  (cost=47.64..47.65 rows=1 width=8)
	  ->  Index Scan using sbtest8_pkey on sbtest8  (cost=0.43..47.61 rows=11 width=4)
	        Index Cond: ((id >= 9456009) AND (id <= 9456018))

for: simple_ranges
table 1 : explain SELECT c FROM sbtest1 WHERE id BETWEEN 4173099 AND 4173108
	Index Scan using sbtest1_pkey on sbtest1  (cost=0.43..47.69 rows=11 width=121)
	  Index Cond: ((id >= 4173099) AND (id <= 4173108))

table 2 : explain SELECT c FROM sbtest2 WHERE id BETWEEN 1634235 AND 1634244
	Index Scan using sbtest2_pkey on sbtest2  (cost=0.43..43.67 rows=10 width=121)
	  Index Cond: ((id >= 1634235) AND (id <= 1634244))

table 3 : explain SELECT c FROM sbtest3 WHERE id BETWEEN 4333899 AND 4333908
	Index Scan using sbtest3_pkey on sbtest3  (cost=0.43..39.86 rows=9 width=121)
	  Index Cond: ((id >= 4333899) AND (id <= 4333908))

table 4 : explain SELECT c FROM sbtest4 WHERE id BETWEEN 622066 AND 622075
	Index Scan using sbtest4_pkey on sbtest4  (cost=0.43..43.62 rows=10 width=121)
	  Index Cond: ((id >= 622066) AND (id <= 622075))

table 5 : explain SELECT c FROM sbtest5 WHERE id BETWEEN 5281401 AND 5281410
	Index Scan using sbtest5_pkey on sbtest5  (cost=0.43..43.68 rows=10 width=121)
	  Index Cond: ((id >= 5281401) AND (id <= 5281410))

table 6 : explain SELECT c FROM sbtest6 WHERE id BETWEEN 9607651 AND 9607660
	Index Scan using sbtest6_pkey on sbtest6  (cost=0.43..43.75 rows=10 width=121)
	  Index Cond: ((id >= 9607651) AND (id <= 9607660))

table 7 : explain SELECT c FROM sbtest7 WHERE id BETWEEN 8870804 AND 8870813
	Index Scan using sbtest7_pkey on sbtest7  (cost=0.43..43.68 rows=10 width=121)
	  Index Cond: ((id >= 8870804) AND (id <= 8870813))

table 8 : explain SELECT c FROM sbtest8 WHERE id BETWEEN 3281454 AND 3281463
	Index Scan using sbtest8_pkey on sbtest8  (cost=0.43..47.61 rows=11 width=121)
	  Index Cond: ((id >= 3281454) AND (id <= 3281463))

for: simple_ranges
table 1 : explain SELECT c FROM sbtest1 WHERE id BETWEEN 2527857 AND 2527866
	Index Scan using sbtest1_pkey on sbtest1  (cost=0.43..43.77 rows=10 width=121)
	  Index Cond: ((id >= 2527857) AND (id <= 2527866))

table 2 : explain SELECT c FROM sbtest2 WHERE id BETWEEN 9796513 AND 9796522
	Index Scan using sbtest2_pkey on sbtest2  (cost=0.43..43.67 rows=10 width=121)
	  Index Cond: ((id >= 9796513) AND (id <= 9796522))

table 3 : explain SELECT c FROM sbtest3 WHERE id BETWEEN 495709 AND 495718
	Index Scan using sbtest3_pkey on sbtest3  (cost=0.43..43.78 rows=10 width=121)
	  Index Cond: ((id >= 495709) AND (id <= 495718))

table 4 : explain SELECT c FROM sbtest4 WHERE id BETWEEN 3719049 AND 3719058
	Index Scan using sbtest4_pkey on sbtest4  (cost=0.43..43.62 rows=10 width=121)
	  Index Cond: ((id >= 3719049) AND (id <= 3719058))

table 5 : explain SELECT c FROM sbtest5 WHERE id BETWEEN 6683811 AND 6683820
	Index Scan using sbtest5_pkey on sbtest5  (cost=0.43..47.59 rows=11 width=121)
	  Index Cond: ((id >= 6683811) AND (id <= 6683820))

table 6 : explain SELECT c FROM sbtest6 WHERE id BETWEEN 102960 AND 102969
	Index Scan using sbtest6_pkey on sbtest6  (cost=0.43..43.75 rows=10 width=121)
	  Index Cond: ((id >= 102960) AND (id <= 102969))

table 7 : explain SELECT c FROM sbtest7 WHERE id BETWEEN 3793205 AND 3793214
	Index Scan using sbtest7_pkey on sbtest7  (cost=0.43..43.68 rows=10 width=121)
	  Index Cond: ((id >= 3793205) AND (id <= 3793214))

table 8 : explain SELECT c FROM sbtest8 WHERE id BETWEEN 2632301 AND 2632310
	Index Scan using sbtest8_pkey on sbtest8  (cost=0.43..43.70 rows=10 width=121)
	  Index Cond: ((id >= 2632301) AND (id <= 2632310))

for: order_ranges
table 1 : explain SELECT c FROM sbtest1 WHERE id BETWEEN 288219 AND 288228 ORDER BY c
	Sort  (cost=43.93..43.96 rows=10 width=121)
	  Sort Key: c
	  ->  Index Scan using sbtest1_pkey on sbtest1  (cost=0.43..43.77 rows=10 width=121)
	        Index Cond: ((id >= 288219) AND (id <= 288228))

table 2 : explain SELECT c FROM sbtest2 WHERE id BETWEEN 7405299 AND 7405308 ORDER BY c
	Sort  (cost=47.77..47.80 rows=11 width=121)
	  Sort Key: c
	  ->  Index Scan using sbtest2_pkey on sbtest2  (cost=0.43..47.58 rows=11 width=121)
	        Index Cond: ((id >= 7405299) AND (id <= 7405308))

table 3 : explain SELECT c FROM sbtest3 WHERE id BETWEEN 9579099 AND 9579108 ORDER BY c
	Sort  (cost=40.00..40.02 rows=9 width=121)
	  Sort Key: c
	  ->  Index Scan using sbtest3_pkey on sbtest3  (cost=0.43..39.86 rows=9 width=121)
	        Index Cond: ((id >= 9579099) AND (id <= 9579108))

table 4 : explain SELECT c FROM sbtest4 WHERE id BETWEEN 9818687 AND 9818696 ORDER BY c
	Sort  (cost=43.79..43.82 rows=10 width=121)
	  Sort Key: c
	  ->  Index Scan using sbtest4_pkey on sbtest4  (cost=0.43..43.62 rows=10 width=121)
	        Index Cond: ((id >= 9818687) AND (id <= 9818696))

table 5 : explain SELECT c FROM sbtest5 WHERE id BETWEEN 3672698 AND 3672707 ORDER BY c
	Sort  (cost=43.85..43.87 rows=10 width=121)
	  Sort Key: c
	  ->  Index Scan using sbtest5_pkey on sbtest5  (cost=0.43..43.68 rows=10 width=121)
	        Index Cond: ((id >= 3672698) AND (id <= 3672707))

table 6 : explain SELECT c FROM sbtest6 WHERE id BETWEEN 3914737 AND 3914746 ORDER BY c
	Sort  (cost=43.92..43.95 rows=10 width=121)
	  Sort Key: c
	  ->  Index Scan using sbtest6_pkey on sbtest6  (cost=0.43..43.75 rows=10 width=121)
	        Index Cond: ((id >= 3914737) AND (id <= 3914746))

table 7 : explain SELECT c FROM sbtest7 WHERE id BETWEEN 2744551 AND 2744560 ORDER BY c
	Sort  (cost=39.91..39.93 rows=9 width=121)
	  Sort Key: c
	  ->  Index Scan using sbtest7_pkey on sbtest7  (cost=0.43..39.76 rows=9 width=121)
	        Index Cond: ((id >= 2744551) AND (id <= 2744560))

table 8 : explain SELECT c FROM sbtest8 WHERE id BETWEEN 6059462 AND 6059471 ORDER BY c
	Sort  (cost=43.86..43.89 rows=10 width=121)
	  Sort Key: c
	  ->  Index Scan using sbtest8_pkey on sbtest8  (cost=0.43..43.70 rows=10 width=121)
	        Index Cond: ((id >= 6059462) AND (id <= 6059471))

for: simple_ranges
table 1 : explain SELECT c FROM sbtest1 WHERE id BETWEEN 2450264 AND 2450273
	Index Scan using sbtest1_pkey on sbtest1  (cost=0.43..43.77 rows=10 width=121)
	  Index Cond: ((id >= 2450264) AND (id <= 2450273))

table 2 : explain SELECT c FROM sbtest2 WHERE id BETWEEN 9597365 AND 9597374
	Index Scan using sbtest2_pkey on sbtest2  (cost=0.43..43.67 rows=10 width=121)
	  Index Cond: ((id >= 9597365) AND (id <= 9597374))

table 3 : explain SELECT c FROM sbtest3 WHERE id BETWEEN 4797552 AND 4797561
	Index Scan using sbtest3_pkey on sbtest3  (cost=0.43..43.78 rows=10 width=121)
	  Index Cond: ((id >= 4797552) AND (id <= 4797561))

table 4 : explain SELECT c FROM sbtest4 WHERE id BETWEEN 5984096 AND 5984105
	Index Scan using sbtest4_pkey on sbtest4  (cost=0.43..39.72 rows=9 width=121)
	  Index Cond: ((id >= 5984096) AND (id <= 5984105))

table 5 : explain SELECT c FROM sbtest5 WHERE id BETWEEN 6558534 AND 6558543
	Index Scan using sbtest5_pkey on sbtest5  (cost=0.43..43.68 rows=10 width=121)
	  Index Cond: ((id >= 6558534) AND (id <= 6558543))

table 6 : explain SELECT c FROM sbtest6 WHERE id BETWEEN 2157528 AND 2157537
	Index Scan using sbtest6_pkey on sbtest6  (cost=0.43..39.83 rows=9 width=121)
	  Index Cond: ((id >= 2157528) AND (id <= 2157537))

table 7 : explain SELECT c FROM sbtest7 WHERE id BETWEEN 5439202 AND 5439211
	Index Scan using sbtest7_pkey on sbtest7  (cost=0.43..43.68 rows=10 width=121)
	  Index Cond: ((id >= 5439202) AND (id <= 5439211))

table 8 : explain SELECT c FROM sbtest8 WHERE id BETWEEN 1010528 AND 1010537
	Index Scan using sbtest8_pkey on sbtest8  (cost=0.43..47.61 rows=11 width=121)
	  Index Cond: ((id >= 1010528) AND (id <= 1010537))

for: order_ranges
table 1 : explain SELECT c FROM sbtest1 WHERE id BETWEEN 5873103 AND 5873112 ORDER BY c
	Sort  (cost=43.93..43.96 rows=10 width=121)
	  Sort Key: c
	  ->  Index Scan using sbtest1_pkey on sbtest1  (cost=0.43..43.77 rows=10 width=121)
	        Index Cond: ((id >= 5873103) AND (id <= 5873112))

table 2 : explain SELECT c FROM sbtest2 WHERE id BETWEEN 2998610 AND 2998619 ORDER BY c
	Sort  (cost=43.83..43.86 rows=10 width=121)
	  Sort Key: c
	  ->  Index Scan using sbtest2_pkey on sbtest2  (cost=0.43..43.67 rows=10 width=121)
	        Index Cond: ((id >= 2998610) AND (id <= 2998619))

table 3 : explain SELECT c FROM sbtest3 WHERE id BETWEEN 2899350 AND 2899359 ORDER BY c
	Sort  (cost=43.95..43.97 rows=10 width=121)
	  Sort Key: c
	  ->  Index Scan using sbtest3_pkey on sbtest3  (cost=0.43..43.78 rows=10 width=121)
	        Index Cond: ((id >= 2899350) AND (id <= 2899359))

table 4 : explain SELECT c FROM sbtest4 WHERE id BETWEEN 6245866 AND 6245875 ORDER BY c
	Sort  (cost=39.86..39.88 rows=9 width=121)
	  Sort Key: c
	  ->  Index Scan using sbtest4_pkey on sbtest4  (cost=0.43..39.72 rows=9 width=121)
	        Index Cond: ((id >= 6245866) AND (id <= 6245875))

table 5 : explain SELECT c FROM sbtest5 WHERE id BETWEEN 6835397 AND 6835406 ORDER BY c
	Sort  (cost=43.85..43.87 rows=10 width=121)
	  Sort Key: c
	  ->  Index Scan using sbtest5_pkey on sbtest5  (cost=0.43..43.68 rows=10 width=121)
	        Index Cond: ((id >= 6835397) AND (id <= 6835406))

table 6 : explain SELECT c FROM sbtest6 WHERE id BETWEEN 1203007 AND 1203016 ORDER BY c
	Sort  (cost=39.98..40.00 rows=9 width=121)
	  Sort Key: c
	  ->  Index Scan using sbtest6_pkey on sbtest6  (cost=0.43..39.83 rows=9 width=121)
	        Index Cond: ((id >= 1203007) AND (id <= 1203016))

table 7 : explain SELECT c FROM sbtest7 WHERE id BETWEEN 9018430 AND 9018439 ORDER BY c
	Sort  (cost=43.84..43.87 rows=10 width=121)
	  Sort Key: c
	  ->  Index Scan using sbtest7_pkey on sbtest7  (cost=0.43..43.68 rows=10 width=121)
	        Index Cond: ((id >= 9018430) AND (id <= 9018439))

table 8 : explain SELECT c FROM sbtest8 WHERE id BETWEEN 3545646 AND 3545655 ORDER BY c
	Sort  (cost=43.86..43.89 rows=10 width=121)
	  Sort Key: c
	  ->  Index Scan using sbtest8_pkey on sbtest8  (cost=0.43..43.70 rows=10 width=121)
	        Index Cond: ((id >= 3545646) AND (id <= 3545655))

for: order_ranges
table 1 : explain SELECT c FROM sbtest1 WHERE id BETWEEN 1990261 AND 1990270 ORDER BY c
	Sort  (cost=43.93..43.96 rows=10 width=121)
	  Sort Key: c
	  ->  Index Scan using sbtest1_pkey on sbtest1  (cost=0.43..43.77 rows=10 width=121)
	        Index Cond: ((id >= 1990261) AND (id <= 1990270))

table 2 : explain SELECT c FROM sbtest2 WHERE id BETWEEN 9100915 AND 9100924 ORDER BY c
	Sort  (cost=43.83..43.86 rows=10 width=121)
	  Sort Key: c
	  ->  Index Scan using sbtest2_pkey on sbtest2  (cost=0.43..43.67 rows=10 width=121)
	        Index Cond: ((id >= 9100915) AND (id <= 9100924))

table 3 : explain SELECT c FROM sbtest3 WHERE id BETWEEN 157313 AND 157322 ORDER BY c
	Sort  (cost=43.95..43.97 rows=10 width=121)
	  Sort Key: c
	  ->  Index Scan using sbtest3_pkey on sbtest3  (cost=0.43..43.78 rows=10 width=121)
	        Index Cond: ((id >= 157313) AND (id <= 157322))

table 4 : explain SELECT c FROM sbtest4 WHERE id BETWEEN 4861713 AND 4861722 ORDER BY c
	Sort  (cost=47.72..47.75 rows=11 width=121)
	  Sort Key: c
	  ->  Index Scan using sbtest4_pkey on sbtest4  (cost=0.43..47.53 rows=11 width=121)
	        Index Cond: ((id >= 4861713) AND (id <= 4861722))

table 5 : explain SELECT c FROM sbtest5 WHERE id BETWEEN 5315558 AND 5315567 ORDER BY c
	Sort  (cost=43.85..43.87 rows=10 width=121)
	  Sort Key: c
	  ->  Index Scan using sbtest5_pkey on sbtest5  (cost=0.43..43.68 rows=10 width=121)
	        Index Cond: ((id >= 5315558) AND (id <= 5315567))

table 6 : explain SELECT c FROM sbtest6 WHERE id BETWEEN 7623244 AND 7623253 ORDER BY c
	Sort  (cost=47.87..47.89 rows=11 width=121)
	  Sort Key: c
	  ->  Index Scan using sbtest6_pkey on sbtest6  (cost=0.43..47.68 rows=11 width=121)
	        Index Cond: ((id >= 7623244) AND (id <= 7623253))

table 7 : explain SELECT c FROM sbtest7 WHERE id BETWEEN 8222939 AND 8222948 ORDER BY c
	Sort  (cost=47.78..47.81 rows=11 width=121)
	  Sort Key: c
	  ->  Index Scan using sbtest7_pkey on sbtest7  (cost=0.43..47.59 rows=11 width=121)
	        Index Cond: ((id >= 8222939) AND (id <= 8222948))

table 8 : explain SELECT c FROM sbtest8 WHERE id BETWEEN 5580657 AND 5580666 ORDER BY c
	Sort  (cost=43.86..43.89 rows=10 width=121)
	  Sort Key: c
	  ->  Index Scan using sbtest8_pkey on sbtest8  (cost=0.43..43.70 rows=10 width=121)
	        Index Cond: ((id >= 5580657) AND (id <= 5580666))

for: order_ranges
table 1 : explain SELECT c FROM sbtest1 WHERE id BETWEEN 8813388 AND 8813397 ORDER BY c
	Sort  (cost=43.93..43.96 rows=10 width=121)
	  Sort Key: c
	  ->  Index Scan using sbtest1_pkey on sbtest1  (cost=0.43..43.77 rows=10 width=121)
	        Index Cond: ((id >= 8813388) AND (id <= 8813397))

table 2 : explain SELECT c FROM sbtest2 WHERE id BETWEEN 2245731 AND 2245740 ORDER BY c
	Sort  (cost=47.77..47.80 rows=11 width=121)
	  Sort Key: c
	  ->  Index Scan using sbtest2_pkey on sbtest2  (cost=0.43..47.58 rows=11 width=121)
	        Index Cond: ((id >= 2245731) AND (id <= 2245740))

table 3 : explain SELECT c FROM sbtest3 WHERE id BETWEEN 6822266 AND 6822275 ORDER BY c
	Sort  (cost=47.90..47.93 rows=11 width=121)
	  Sort Key: c
	  ->  Index Scan using sbtest3_pkey on sbtest3  (cost=0.43..47.71 rows=11 width=121)
	        Index Cond: ((id >= 6822266) AND (id <= 6822275))

table 4 : explain SELECT c FROM sbtest4 WHERE id BETWEEN 376558 AND 376567 ORDER BY c
	Sort  (cost=39.86..39.88 rows=9 width=121)
	  Sort Key: c
	  ->  Index Scan using sbtest4_pkey on sbtest4  (cost=0.43..39.72 rows=9 width=121)
	        Index Cond: ((id >= 376558) AND (id <= 376567))

table 5 : explain SELECT c FROM sbtest5 WHERE id BETWEEN 8343001 AND 8343010 ORDER BY c
	Sort  (cost=43.85..43.87 rows=10 width=121)
	  Sort Key: c
	  ->  Index Scan using sbtest5_pkey on sbtest5  (cost=0.43..43.68 rows=10 width=121)
	        Index Cond: ((id >= 8343001) AND (id <= 8343010))

table 6 : explain SELECT c FROM sbtest6 WHERE id BETWEEN 2070110 AND 2070119 ORDER BY c
	Sort  (cost=39.98..40.00 rows=9 width=121)
	  Sort Key: c
	  ->  Index Scan using sbtest6_pkey on sbtest6  (cost=0.43..39.83 rows=9 width=121)
	        Index Cond: ((id >= 2070110) AND (id <= 2070119))

table 7 : explain SELECT c FROM sbtest7 WHERE id BETWEEN 1517029 AND 1517038 ORDER BY c
	Sort  (cost=43.84..43.87 rows=10 width=121)
	  Sort Key: c
	  ->  Index Scan using sbtest7_pkey on sbtest7  (cost=0.43..43.68 rows=10 width=121)
	        Index Cond: ((id >= 1517029) AND (id <= 1517038))

table 8 : explain SELECT c FROM sbtest8 WHERE id BETWEEN 8231887 AND 8231896 ORDER BY c
	Sort  (cost=43.86..43.89 rows=10 width=121)
	  Sort Key: c
	  ->  Index Scan using sbtest8_pkey on sbtest8  (cost=0.43..43.70 rows=10 width=121)
	        Index Cond: ((id >= 8231887) AND (id <= 8231896))

for: sum_ranges
table 1 : explain SELECT SUM(k) FROM sbtest1 WHERE id BETWEEN 1149107 AND 1149116
	Aggregate  (cost=43.79..43.80 rows=1 width=8)
	  ->  Index Scan using sbtest1_pkey on sbtest1  (cost=0.43..43.77 rows=10 width=4)
	        Index Cond: ((id >= 1149107) AND (id <= 1149116))

table 2 : explain SELECT SUM(k) FROM sbtest2 WHERE id BETWEEN 211453 AND 211462
	Aggregate  (cost=43.69..43.70 rows=1 width=8)
	  ->  Index Scan using sbtest2_pkey on sbtest2  (cost=0.43..43.67 rows=10 width=4)
	        Index Cond: ((id >= 211453) AND (id <= 211462))

table 3 : explain SELECT SUM(k) FROM sbtest3 WHERE id BETWEEN 8815844 AND 8815853
	Aggregate  (cost=43.81..43.82 rows=1 width=8)
	  ->  Index Scan using sbtest3_pkey on sbtest3  (cost=0.43..43.78 rows=10 width=4)
	        Index Cond: ((id >= 8815844) AND (id <= 8815853))

table 4 : explain SELECT SUM(k) FROM sbtest4 WHERE id BETWEEN 6216108 AND 6216117
	Aggregate  (cost=47.56..47.57 rows=1 width=8)
	  ->  Index Scan using sbtest4_pkey on sbtest4  (cost=0.43..47.53 rows=11 width=4)
	        Index Cond: ((id >= 6216108) AND (id <= 6216117))

table 5 : explain SELECT SUM(k) FROM sbtest5 WHERE id BETWEEN 9614121 AND 9614130
	Aggregate  (cost=47.62..47.63 rows=1 width=8)
	  ->  Index Scan using sbtest5_pkey on sbtest5  (cost=0.43..47.59 rows=11 width=4)
	        Index Cond: ((id >= 9614121) AND (id <= 9614130))

table 6 : explain SELECT SUM(k) FROM sbtest6 WHERE id BETWEEN 187270 AND 187279
	Aggregate  (cost=43.78..43.79 rows=1 width=8)
	  ->  Index Scan using sbtest6_pkey on sbtest6  (cost=0.43..43.75 rows=10 width=4)
	        Index Cond: ((id >= 187270) AND (id <= 187279))

table 7 : explain SELECT SUM(k) FROM sbtest7 WHERE id BETWEEN 6965340 AND 6965349
	Aggregate  (cost=43.70..43.71 rows=1 width=8)
	  ->  Index Scan using sbtest7_pkey on sbtest7  (cost=0.43..43.68 rows=10 width=4)
	        Index Cond: ((id >= 6965340) AND (id <= 6965349))

table 8 : explain SELECT SUM(k) FROM sbtest8 WHERE id BETWEEN 6794865 AND 6794874
	Aggregate  (cost=47.64..47.65 rows=1 width=8)
	  ->  Index Scan using sbtest8_pkey on sbtest8  (cost=0.43..47.61 rows=11 width=4)
	        Index Cond: ((id >= 6794865) AND (id <= 6794874))

for: sum_ranges
table 1 : explain SELECT SUM(k) FROM sbtest1 WHERE id BETWEEN 3771116 AND 3771125
	Aggregate  (cost=39.87..39.88 rows=1 width=8)
	  ->  Index Scan using sbtest1_pkey on sbtest1  (cost=0.43..39.84 rows=9 width=4)
	        Index Cond: ((id >= 3771116) AND (id <= 3771125))

table 2 : explain SELECT SUM(k) FROM sbtest2 WHERE id BETWEEN 851963 AND 851972
	Aggregate  (cost=43.69..43.70 rows=1 width=8)
	  ->  Index Scan using sbtest2_pkey on sbtest2  (cost=0.43..43.67 rows=10 width=4)
	        Index Cond: ((id >= 851963) AND (id <= 851972))

table 3 : explain SELECT SUM(k) FROM sbtest3 WHERE id BETWEEN 4867027 AND 4867036
	Aggregate  (cost=43.81..43.82 rows=1 width=8)
	  ->  Index Scan using sbtest3_pkey on sbtest3  (cost=0.43..43.78 rows=10 width=4)
	        Index Cond: ((id >= 4867027) AND (id <= 4867036))

table 4 : explain SELECT SUM(k) FROM sbtest4 WHERE id BETWEEN 7497485 AND 7497494
	Aggregate  (cost=43.65..43.66 rows=1 width=8)
	  ->  Index Scan using sbtest4_pkey on sbtest4  (cost=0.43..43.62 rows=10 width=4)
	        Index Cond: ((id >= 7497485) AND (id <= 7497494))

table 5 : explain SELECT SUM(k) FROM sbtest5 WHERE id BETWEEN 6004637 AND 6004646
	Aggregate  (cost=47.62..47.63 rows=1 width=8)
	  ->  Index Scan using sbtest5_pkey on sbtest5  (cost=0.43..47.59 rows=11 width=4)
	        Index Cond: ((id >= 6004637) AND (id <= 6004646))

table 6 : explain SELECT SUM(k) FROM sbtest6 WHERE id BETWEEN 8217607 AND 8217616
	Aggregate  (cost=43.78..43.79 rows=1 width=8)
	  ->  Index Scan using sbtest6_pkey on sbtest6  (cost=0.43..43.75 rows=10 width=4)
	        Index Cond: ((id >= 8217607) AND (id <= 8217616))

table 7 : explain SELECT SUM(k) FROM sbtest7 WHERE id BETWEEN 3534065 AND 3534074
	Aggregate  (cost=43.70..43.71 rows=1 width=8)
	  ->  Index Scan using sbtest7_pkey on sbtest7  (cost=0.43..43.68 rows=10 width=4)
	        Index Cond: ((id >= 3534065) AND (id <= 3534074))

table 8 : explain SELECT SUM(k) FROM sbtest8 WHERE id BETWEEN 7500513 AND 7500522
	Aggregate  (cost=43.72..43.73 rows=1 width=8)
	  ->  Index Scan using sbtest8_pkey on sbtest8  (cost=0.43..43.70 rows=10 width=4)
	        Index Cond: ((id >= 7500513) AND (id <= 7500522))

for: simple_ranges
table 1 : explain SELECT c FROM sbtest1 WHERE id BETWEEN 5669187 AND 5669196
	Index Scan using sbtest1_pkey on sbtest1  (cost=0.43..43.77 rows=10 width=121)
	  Index Cond: ((id >= 5669187) AND (id <= 5669196))

table 2 : explain SELECT c FROM sbtest2 WHERE id BETWEEN 9545565 AND 9545574
	Index Scan using sbtest2_pkey on sbtest2  (cost=0.43..43.67 rows=10 width=121)
	  Index Cond: ((id >= 9545565) AND (id <= 9545574))

table 3 : explain SELECT c FROM sbtest3 WHERE id BETWEEN 7306338 AND 7306347
	Index Scan using sbtest3_pkey on sbtest3  (cost=0.43..43.78 rows=10 width=121)
	  Index Cond: ((id >= 7306338) AND (id <= 7306347))

table 4 : explain SELECT c FROM sbtest4 WHERE id BETWEEN 4044675 AND 4044684
	Index Scan using sbtest4_pkey on sbtest4  (cost=0.43..43.62 rows=10 width=121)
	  Index Cond: ((id >= 4044675) AND (id <= 4044684))

table 5 : explain SELECT c FROM sbtest5 WHERE id BETWEEN 3788456 AND 3788465
	Index Scan using sbtest5_pkey on sbtest5  (cost=0.43..43.68 rows=10 width=121)
	  Index Cond: ((id >= 3788456) AND (id <= 3788465))

table 6 : explain SELECT c FROM sbtest6 WHERE id BETWEEN 3484867 AND 3484876
	Index Scan using sbtest6_pkey on sbtest6  (cost=0.43..43.75 rows=10 width=121)
	  Index Cond: ((id >= 3484867) AND (id <= 3484876))

table 7 : explain SELECT c FROM sbtest7 WHERE id BETWEEN 9238579 AND 9238588
	Index Scan using sbtest7_pkey on sbtest7  (cost=0.43..43.68 rows=10 width=121)
	  Index Cond: ((id >= 9238579) AND (id <= 9238588))

table 8 : explain SELECT c FROM sbtest8 WHERE id BETWEEN 6873158 AND 6873167
	Index Scan using sbtest8_pkey on sbtest8  (cost=0.43..47.61 rows=11 width=121)
	  Index Cond: ((id >= 6873158) AND (id <= 6873167))

for: sum_ranges
table 1 : explain SELECT SUM(k) FROM sbtest1 WHERE id BETWEEN 3147933 AND 3147942
	Aggregate  (cost=43.79..43.80 rows=1 width=8)
	  ->  Index Scan using sbtest1_pkey on sbtest1  (cost=0.43..43.77 rows=10 width=4)
	        Index Cond: ((id >= 3147933) AND (id <= 3147942))

table 2 : explain SELECT SUM(k) FROM sbtest2 WHERE id BETWEEN 93403 AND 93412
	Aggregate  (cost=43.69..43.70 rows=1 width=8)
	  ->  Index Scan using sbtest2_pkey on sbtest2  (cost=0.43..43.67 rows=10 width=4)
	        Index Cond: ((id >= 93403) AND (id <= 93412))

table 3 : explain SELECT SUM(k) FROM sbtest3 WHERE id BETWEEN 5853982 AND 5853991
	Aggregate  (cost=39.88..39.89 rows=1 width=8)
	  ->  Index Scan using sbtest3_pkey on sbtest3  (cost=0.43..39.86 rows=9 width=4)
	        Index Cond: ((id >= 5853982) AND (id <= 5853991))

table 4 : explain SELECT SUM(k) FROM sbtest4 WHERE id BETWEEN 453693 AND 453702
	Aggregate  (cost=43.65..43.66 rows=1 width=8)
	  ->  Index Scan using sbtest4_pkey on sbtest4  (cost=0.43..43.62 rows=10 width=4)
	        Index Cond: ((id >= 453693) AND (id <= 453702))

table 5 : explain SELECT SUM(k) FROM sbtest5 WHERE id BETWEEN 7716818 AND 7716827
	Aggregate  (cost=43.71..43.72 rows=1 width=8)
	  ->  Index Scan using sbtest5_pkey on sbtest5  (cost=0.43..43.68 rows=10 width=4)
	        Index Cond: ((id >= 7716818) AND (id <= 7716827))

table 6 : explain SELECT SUM(k) FROM sbtest6 WHERE id BETWEEN 1102732 AND 1102741
	Aggregate  (cost=43.78..43.79 rows=1 width=8)
	  ->  Index Scan using sbtest6_pkey on sbtest6  (cost=0.43..43.75 rows=10 width=4)
	        Index Cond: ((id >= 1102732) AND (id <= 1102741))

table 7 : explain SELECT SUM(k) FROM sbtest7 WHERE id BETWEEN 4077906 AND 4077915
	Aggregate  (cost=43.70..43.71 rows=1 width=8)
	  ->  Index Scan using sbtest7_pkey on sbtest7  (cost=0.43..43.68 rows=10 width=4)
	        Index Cond: ((id >= 4077906) AND (id <= 4077915))

table 8 : explain SELECT SUM(k) FROM sbtest8 WHERE id BETWEEN 7760712 AND 7760721
	Aggregate  (cost=47.64..47.65 rows=1 width=8)
	  ->  Index Scan using sbtest8_pkey on sbtest8  (cost=0.43..47.61 rows=11 width=4)
	        Index Cond: ((id >= 7760712) AND (id <= 7760721))

for: order_ranges
table 1 : explain SELECT c FROM sbtest1 WHERE id BETWEEN 7917835 AND 7917844 ORDER BY c
	Sort  (cost=43.93..43.96 rows=10 width=121)
	  Sort Key: c
	  ->  Index Scan using sbtest1_pkey on sbtest1  (cost=0.43..43.77 rows=10 width=121)
	        Index Cond: ((id >= 7917835) AND (id <= 7917844))

table 2 : explain SELECT c FROM sbtest2 WHERE id BETWEEN 6510335 AND 6510344 ORDER BY c
	Sort  (cost=39.90..39.92 rows=9 width=121)
	  Sort Key: c
	  ->  Index Scan using sbtest2_pkey on sbtest2  (cost=0.43..39.75 rows=9 width=121)
	        Index Cond: ((id >= 6510335) AND (id <= 6510344))

table 3 : explain SELECT c FROM sbtest3 WHERE id BETWEEN 6993020 AND 6993029 ORDER BY c
	Sort  (cost=47.90..47.93 rows=11 width=121)
	  Sort Key: c
	  ->  Index Scan using sbtest3_pkey on sbtest3  (cost=0.43..47.71 rows=11 width=121)
	        Index Cond: ((id >= 6993020) AND (id <= 6993029))

table 4 : explain SELECT c FROM sbtest4 WHERE id BETWEEN 9458051 AND 9458060 ORDER BY c
	Sort  (cost=39.86..39.88 rows=9 width=121)
	  Sort Key: c
	  ->  Index Scan using sbtest4_pkey on sbtest4  (cost=0.43..39.72 rows=9 width=121)
	        Index Cond: ((id >= 9458051) AND (id <= 9458060))

table 5 : explain SELECT c FROM sbtest5 WHERE id BETWEEN 1319731 AND 1319740 ORDER BY c
	Sort  (cost=47.78..47.81 rows=11 width=121)
	  Sort Key: c
	  ->  Index Scan using sbtest5_pkey on sbtest5  (cost=0.43..47.59 rows=11 width=121)
	        Index Cond: ((id >= 1319731) AND (id <= 1319740))

table 6 : explain SELECT c FROM sbtest6 WHERE id BETWEEN 4173264 AND 4173273 ORDER BY c
	Sort  (cost=43.92..43.95 rows=10 width=121)
	  Sort Key: c
	  ->  Index Scan using sbtest6_pkey on sbtest6  (cost=0.43..43.75 rows=10 width=121)
	        Index Cond: ((id >= 4173264) AND (id <= 4173273))

table 7 : explain SELECT c FROM sbtest7 WHERE id BETWEEN 142144 AND 142153 ORDER BY c
	Sort  (cost=39.91..39.93 rows=9 width=121)
	  Sort Key: c
	  ->  Index Scan using sbtest7_pkey on sbtest7  (cost=0.43..39.76 rows=9 width=121)
	        Index Cond: ((id >= 142144) AND (id <= 142153))

table 8 : explain SELECT c FROM sbtest8 WHERE id BETWEEN 2285937 AND 2285946 ORDER BY c
	Sort  (cost=43.86..43.89 rows=10 width=121)
	  Sort Key: c
	  ->  Index Scan using sbtest8_pkey on sbtest8  (cost=0.43..43.70 rows=10 width=121)
	        Index Cond: ((id >= 2285937) AND (id <= 2285946))

for: distinct_ranges
table 1 : explain SELECT DISTINCT c FROM sbtest1 WHERE id BETWEEN 2700987 AND 2700996 ORDER BY c
	Unique  (cost=47.88..47.93 rows=11 width=121)
	  ->  Sort  (cost=47.88..47.91 rows=11 width=121)
	        Sort Key: c
	        ->  Index Scan using sbtest1_pkey on sbtest1  (cost=0.43..47.69 rows=11 width=121)
	              Index Cond: ((id >= 2700987) AND (id <= 2700996))

table 2 : explain SELECT DISTINCT c FROM sbtest2 WHERE id BETWEEN 4536033 AND 4536042 ORDER BY c
	Unique  (cost=47.77..47.83 rows=11 width=121)
	  ->  Sort  (cost=47.77..47.80 rows=11 width=121)
	        Sort Key: c
	        ->  Index Scan using sbtest2_pkey on sbtest2  (cost=0.43..47.58 rows=11 width=121)
	              Index Cond: ((id >= 4536033) AND (id <= 4536042))

table 3 : explain SELECT DISTINCT c FROM sbtest3 WHERE id BETWEEN 466212 AND 466221 ORDER BY c
	Unique  (cost=43.95..44.00 rows=10 width=121)
	  ->  Sort  (cost=43.95..43.97 rows=10 width=121)
	        Sort Key: c
	        ->  Index Scan using sbtest3_pkey on sbtest3  (cost=0.43..43.78 rows=10 width=121)
	              Index Cond: ((id >= 466212) AND (id <= 466221))

table 4 : explain SELECT DISTINCT c FROM sbtest4 WHERE id BETWEEN 9288422 AND 9288431 ORDER BY c
	Unique  (cost=43.79..43.84 rows=10 width=121)
	  ->  Sort  (cost=43.79..43.82 rows=10 width=121)
	        Sort Key: c
	        ->  Index Scan using sbtest4_pkey on sbtest4  (cost=0.43..43.62 rows=10 width=121)
	              Index Cond: ((id >= 9288422) AND (id <= 9288431))

table 5 : explain SELECT DISTINCT c FROM sbtest5 WHERE id BETWEEN 5005362 AND 5005371 ORDER BY c
	Unique  (cost=43.85..43.90 rows=10 width=121)
	  ->  Sort  (cost=43.85..43.87 rows=10 width=121)
	        Sort Key: c
	        ->  Index Scan using sbtest5_pkey on sbtest5  (cost=0.43..43.68 rows=10 width=121)
	              Index Cond: ((id >= 5005362) AND (id <= 5005371))

table 6 : explain SELECT DISTINCT c FROM sbtest6 WHERE id BETWEEN 5665984 AND 5665993 ORDER BY c
	Unique  (cost=47.87..47.92 rows=11 width=121)
	  ->  Sort  (cost=47.87..47.89 rows=11 width=121)
	        Sort Key: c
	        ->  Index Scan using sbtest6_pkey on sbtest6  (cost=0.43..47.68 rows=11 width=121)
	              Index Cond: ((id >= 5665984) AND (id <= 5665993))

table 7 : explain SELECT DISTINCT c FROM sbtest7 WHERE id BETWEEN 3173255 AND 3173264 ORDER BY c
	Unique  (cost=43.84..43.89 rows=10 width=121)
	  ->  Sort  (cost=43.84..43.87 rows=10 width=121)
	        Sort Key: c
	        ->  Index Scan using sbtest7_pkey on sbtest7  (cost=0.43..43.68 rows=10 width=121)
	              Index Cond: ((id >= 3173255) AND (id <= 3173264))

table 8 : explain SELECT DISTINCT c FROM sbtest8 WHERE id BETWEEN 842456 AND 842465 ORDER BY c
	Unique  (cost=43.86..43.91 rows=10 width=121)
	  ->  Sort  (cost=43.86..43.89 rows=10 width=121)
	        Sort Key: c
	        ->  Index Scan using sbtest8_pkey on sbtest8  (cost=0.43..43.70 rows=10 width=121)
	              Index Cond: ((id >= 842456) AND (id <= 842465))

for: sum_ranges
table 1 : explain SELECT SUM(k) FROM sbtest1 WHERE id BETWEEN 4048624 AND 4048633
	Aggregate  (cost=43.79..43.80 rows=1 width=8)
	  ->  Index Scan using sbtest1_pkey on sbtest1  (cost=0.43..43.77 rows=10 width=4)
	        Index Cond: ((id >= 4048624) AND (id <= 4048633))

table 2 : explain SELECT SUM(k) FROM sbtest2 WHERE id BETWEEN 676866 AND 676875
	Aggregate  (cost=43.69..43.70 rows=1 width=8)
	  ->  Index Scan using sbtest2_pkey on sbtest2  (cost=0.43..43.67 rows=10 width=4)
	        Index Cond: ((id >= 676866) AND (id <= 676875))

table 3 : explain SELECT SUM(k) FROM sbtest3 WHERE id BETWEEN 9205516 AND 9205525
	Aggregate  (cost=43.81..43.82 rows=1 width=8)
	  ->  Index Scan using sbtest3_pkey on sbtest3  (cost=0.43..43.78 rows=10 width=4)
	        Index Cond: ((id >= 9205516) AND (id <= 9205525))

table 4 : explain SELECT SUM(k) FROM sbtest4 WHERE id BETWEEN 8453573 AND 8453582
	Aggregate  (cost=43.65..43.66 rows=1 width=8)
	  ->  Index Scan using sbtest4_pkey on sbtest4  (cost=0.43..43.62 rows=10 width=4)
	        Index Cond: ((id >= 8453573) AND (id <= 8453582))

table 5 : explain SELECT SUM(k) FROM sbtest5 WHERE id BETWEEN 3651341 AND 3651350
	Aggregate  (cost=43.71..43.72 rows=1 width=8)
	  ->  Index Scan using sbtest5_pkey on sbtest5  (cost=0.43..43.68 rows=10 width=4)
	        Index Cond: ((id >= 3651341) AND (id <= 3651350))

table 6 : explain SELECT SUM(k) FROM sbtest6 WHERE id BETWEEN 1939710 AND 1939719
	Aggregate  (cost=43.78..43.79 rows=1 width=8)
	  ->  Index Scan using sbtest6_pkey on sbtest6  (cost=0.43..43.75 rows=10 width=4)
	        Index Cond: ((id >= 1939710) AND (id <= 1939719))

table 7 : explain SELECT SUM(k) FROM sbtest7 WHERE id BETWEEN 9070092 AND 9070101
	Aggregate  (cost=43.70..43.71 rows=1 width=8)
	  ->  Index Scan using sbtest7_pkey on sbtest7  (cost=0.43..43.68 rows=10 width=4)
	        Index Cond: ((id >= 9070092) AND (id <= 9070101))

table 8 : explain SELECT SUM(k) FROM sbtest8 WHERE id BETWEEN 4030879 AND 4030888
	Aggregate  (cost=43.72..43.73 rows=1 width=8)
	  ->  Index Scan using sbtest8_pkey on sbtest8  (cost=0.43..43.70 rows=10 width=4)
	        Index Cond: ((id >= 4030879) AND (id <= 4030888))

for: sum_ranges
table 1 : explain SELECT SUM(k) FROM sbtest1 WHERE id BETWEEN 9164710 AND 9164719
	Aggregate  (cost=43.79..43.80 rows=1 width=8)
	  ->  Index Scan using sbtest1_pkey on sbtest1  (cost=0.43..43.77 rows=10 width=4)
	        Index Cond: ((id >= 9164710) AND (id <= 9164719))

table 2 : explain SELECT SUM(k) FROM sbtest2 WHERE id BETWEEN 4220988 AND 4220997
	Aggregate  (cost=39.78..39.79 rows=1 width=8)
	  ->  Index Scan using sbtest2_pkey on sbtest2  (cost=0.43..39.75 rows=9 width=4)
	        Index Cond: ((id >= 4220988) AND (id <= 4220997))

table 3 : explain SELECT SUM(k) FROM sbtest3 WHERE id BETWEEN 8091722 AND 8091731
	Aggregate  (cost=43.81..43.82 rows=1 width=8)
	  ->  Index Scan using sbtest3_pkey on sbtest3  (cost=0.43..43.78 rows=10 width=4)
	        Index Cond: ((id >= 8091722) AND (id <= 8091731))

table 4 : explain SELECT SUM(k) FROM sbtest4 WHERE id BETWEEN 4818737 AND 4818746
	Aggregate  (cost=43.65..43.66 rows=1 width=8)
	  ->  Index Scan using sbtest4_pkey on sbtest4  (cost=0.43..43.62 rows=10 width=4)
	        Index Cond: ((id >= 4818737) AND (id <= 4818746))

table 5 : explain SELECT SUM(k) FROM sbtest5 WHERE id BETWEEN 6084273 AND 6084282
	Aggregate  (cost=43.71..43.72 rows=1 width=8)
	  ->  Index Scan using sbtest5_pkey on sbtest5  (cost=0.43..43.68 rows=10 width=4)
	        Index Cond: ((id >= 6084273) AND (id <= 6084282))

table 6 : explain SELECT SUM(k) FROM sbtest6 WHERE id BETWEEN 3827509 AND 3827518
	Aggregate  (cost=43.78..43.79 rows=1 width=8)
	  ->  Index Scan using sbtest6_pkey on sbtest6  (cost=0.43..43.75 rows=10 width=4)
	        Index Cond: ((id >= 3827509) AND (id <= 3827518))

table 7 : explain SELECT SUM(k) FROM sbtest7 WHERE id BETWEEN 3962259 AND 3962268
	Aggregate  (cost=43.70..43.71 rows=1 width=8)
	  ->  Index Scan using sbtest7_pkey on sbtest7  (cost=0.43..43.68 rows=10 width=4)
	        Index Cond: ((id >= 3962259) AND (id <= 3962268))

table 8 : explain SELECT SUM(k) FROM sbtest8 WHERE id BETWEEN 2374645 AND 2374654
	Aggregate  (cost=43.72..43.73 rows=1 width=8)
	  ->  Index Scan using sbtest8_pkey on sbtest8  (cost=0.43..43.70 rows=10 width=4)
	        Index Cond: ((id >= 2374645) AND (id <= 2374654))

for: sum_ranges
table 1 : explain SELECT SUM(k) FROM sbtest1 WHERE id BETWEEN 838713 AND 838722
	Aggregate  (cost=43.79..43.80 rows=1 width=8)
	  ->  Index Scan using sbtest1_pkey on sbtest1  (cost=0.43..43.77 rows=10 width=4)
	        Index Cond: ((id >= 838713) AND (id <= 838722))

table 2 : explain SELECT SUM(k) FROM sbtest2 WHERE id BETWEEN 3671658 AND 3671667
	Aggregate  (cost=43.69..43.70 rows=1 width=8)
	  ->  Index Scan using sbtest2_pkey on sbtest2  (cost=0.43..43.67 rows=10 width=4)
	        Index Cond: ((id >= 3671658) AND (id <= 3671667))

table 3 : explain SELECT SUM(k) FROM sbtest3 WHERE id BETWEEN 6954045 AND 6954054
	Aggregate  (cost=47.74..47.75 rows=1 width=8)
	  ->  Index Scan using sbtest3_pkey on sbtest3  (cost=0.43..47.71 rows=11 width=4)
	        Index Cond: ((id >= 6954045) AND (id <= 6954054))

table 4 : explain SELECT SUM(k) FROM sbtest4 WHERE id BETWEEN 4947386 AND 4947395
	Aggregate  (cost=47.56..47.57 rows=1 width=8)
	  ->  Index Scan using sbtest4_pkey on sbtest4  (cost=0.43..47.53 rows=11 width=4)
	        Index Cond: ((id >= 4947386) AND (id <= 4947395))

table 5 : explain SELECT SUM(k) FROM sbtest5 WHERE id BETWEEN 4470526 AND 4470535
	Aggregate  (cost=43.71..43.72 rows=1 width=8)
	  ->  Index Scan using sbtest5_pkey on sbtest5  (cost=0.43..43.68 rows=10 width=4)
	        Index Cond: ((id >= 4470526) AND (id <= 4470535))

table 6 : explain SELECT SUM(k) FROM sbtest6 WHERE id BETWEEN 7234867 AND 7234876
	Aggregate  (cost=43.78..43.79 rows=1 width=8)
	  ->  Index Scan using sbtest6_pkey on sbtest6  (cost=0.43..43.75 rows=10 width=4)
	        Index Cond: ((id >= 7234867) AND (id <= 7234876))

table 7 : explain SELECT SUM(k) FROM sbtest7 WHERE id BETWEEN 5023530 AND 5023539
	Aggregate  (cost=47.62..47.63 rows=1 width=8)
	  ->  Index Scan using sbtest7_pkey on sbtest7  (cost=0.43..47.59 rows=11 width=4)
	        Index Cond: ((id >= 5023530) AND (id <= 5023539))

table 8 : explain SELECT SUM(k) FROM sbtest8 WHERE id BETWEEN 4518044 AND 4518053
	Aggregate  (cost=43.72..43.73 rows=1 width=8)
	  ->  Index Scan using sbtest8_pkey on sbtest8  (cost=0.43..43.70 rows=10 width=4)
	        Index Cond: ((id >= 4518044) AND (id <= 4518053))

for: sum_ranges
table 1 : explain SELECT SUM(k) FROM sbtest1 WHERE id BETWEEN 5354367 AND 5354376
	Aggregate  (cost=43.79..43.80 rows=1 width=8)
	  ->  Index Scan using sbtest1_pkey on sbtest1  (cost=0.43..43.77 rows=10 width=4)
	        Index Cond: ((id >= 5354367) AND (id <= 5354376))

table 2 : explain SELECT SUM(k) FROM sbtest2 WHERE id BETWEEN 2747187 AND 2747196
	Aggregate  (cost=43.69..43.70 rows=1 width=8)
	  ->  Index Scan using sbtest2_pkey on sbtest2  (cost=0.43..43.67 rows=10 width=4)
	        Index Cond: ((id >= 2747187) AND (id <= 2747196))

table 3 : explain SELECT SUM(k) FROM sbtest3 WHERE id BETWEEN 6804127 AND 6804136
	Aggregate  (cost=47.74..47.75 rows=1 width=8)
	  ->  Index Scan using sbtest3_pkey on sbtest3  (cost=0.43..47.71 rows=11 width=4)
	        Index Cond: ((id >= 6804127) AND (id <= 6804136))

table 4 : explain SELECT SUM(k) FROM sbtest4 WHERE id BETWEEN 1398642 AND 1398651
	Aggregate  (cost=43.65..43.66 rows=1 width=8)
	  ->  Index Scan using sbtest4_pkey on sbtest4  (cost=0.43..43.62 rows=10 width=4)
	        Index Cond: ((id >= 1398642) AND (id <= 1398651))

table 5 : explain SELECT SUM(k) FROM sbtest5 WHERE id BETWEEN 6586192 AND 6586201
	Aggregate  (cost=43.71..43.72 rows=1 width=8)
	  ->  Index Scan using sbtest5_pkey on sbtest5  (cost=0.43..43.68 rows=10 width=4)
	        Index Cond: ((id >= 6586192) AND (id <= 6586201))

table 6 : explain SELECT SUM(k) FROM sbtest6 WHERE id BETWEEN 2054208 AND 2054217
	Aggregate  (cost=43.78..43.79 rows=1 width=8)
	  ->  Index Scan using sbtest6_pkey on sbtest6  (cost=0.43..43.75 rows=10 width=4)
	        Index Cond: ((id >= 2054208) AND (id <= 2054217))

table 7 : explain SELECT SUM(k) FROM sbtest7 WHERE id BETWEEN 7028563 AND 7028572
	Aggregate  (cost=43.70..43.71 rows=1 width=8)
	  ->  Index Scan using sbtest7_pkey on sbtest7  (cost=0.43..43.68 rows=10 width=4)
	        Index Cond: ((id >= 7028563) AND (id <= 7028572))

table 8 : explain SELECT SUM(k) FROM sbtest8 WHERE id BETWEEN 5999978 AND 5999987
	Aggregate  (cost=39.80..39.81 rows=1 width=8)
	  ->  Index Scan using sbtest8_pkey on sbtest8  (cost=0.43..39.78 rows=9 width=4)
	        Index Cond: ((id >= 5999978) AND (id <= 5999987))

for: distinct_ranges
table 1 : explain SELECT DISTINCT c FROM sbtest1 WHERE id BETWEEN 7901361 AND 7901370 ORDER BY c
	Unique  (cost=43.93..43.98 rows=10 width=121)
	  ->  Sort  (cost=43.93..43.96 rows=10 width=121)
	        Sort Key: c
	        ->  Index Scan using sbtest1_pkey on sbtest1  (cost=0.43..43.77 rows=10 width=121)
	              Index Cond: ((id >= 7901361) AND (id <= 7901370))

table 2 : explain SELECT DISTINCT c FROM sbtest2 WHERE id BETWEEN 5082326 AND 5082335 ORDER BY c
	Unique  (cost=39.90..39.94 rows=9 width=121)
	  ->  Sort  (cost=39.90..39.92 rows=9 width=121)
	        Sort Key: c
	        ->  Index Scan using sbtest2_pkey on sbtest2  (cost=0.43..39.75 rows=9 width=121)
	              Index Cond: ((id >= 5082326) AND (id <= 5082335))

table 3 : explain SELECT DISTINCT c FROM sbtest3 WHERE id BETWEEN 2995464 AND 2995473 ORDER BY c
	Unique  (cost=43.95..44.00 rows=10 width=121)
	  ->  Sort  (cost=43.95..43.97 rows=10 width=121)
	        Sort Key: c
	        ->  Index Scan using sbtest3_pkey on sbtest3  (cost=0.43..43.78 rows=10 width=121)
	              Index Cond: ((id >= 2995464) AND (id <= 2995473))

table 4 : explain SELECT DISTINCT c FROM sbtest4 WHERE id BETWEEN 4114361 AND 4114370 ORDER BY c
	Unique  (cost=43.79..43.84 rows=10 width=121)
	  ->  Sort  (cost=43.79..43.82 rows=10 width=121)
	        Sort Key: c
	        ->  Index Scan using sbtest4_pkey on sbtest4  (cost=0.43..43.62 rows=10 width=121)
	              Index Cond: ((id >= 4114361) AND (id <= 4114370))

table 5 : explain SELECT DISTINCT c FROM sbtest5 WHERE id BETWEEN 7202352 AND 7202361 ORDER BY c
	Unique  (cost=43.85..43.90 rows=10 width=121)
	  ->  Sort  (cost=43.85..43.87 rows=10 width=121)
	        Sort Key: c
	        ->  Index Scan using sbtest5_pkey on sbtest5  (cost=0.43..43.68 rows=10 width=121)
	              Index Cond: ((id >= 7202352) AND (id <= 7202361))

table 6 : explain SELECT DISTINCT c FROM sbtest6 WHERE id BETWEEN 2546973 AND 2546982 ORDER BY c
	Unique  (cost=39.98..40.02 rows=9 width=121)
	  ->  Sort  (cost=39.98..40.00 rows=9 width=121)
	        Sort Key: c
	        ->  Index Scan using sbtest6_pkey on sbtest6  (cost=0.43..39.83 rows=9 width=121)
	              Index Cond: ((id >= 2546973) AND (id <= 2546982))

table 7 : explain SELECT DISTINCT c FROM sbtest7 WHERE id BETWEEN 839095 AND 839104 ORDER BY c
	Unique  (cost=43.84..43.89 rows=10 width=121)
	  ->  Sort  (cost=43.84..43.87 rows=10 width=121)
	        Sort Key: c
	        ->  Index Scan using sbtest7_pkey on sbtest7  (cost=0.43..43.68 rows=10 width=121)
	              Index Cond: ((id >= 839095) AND (id <= 839104))

table 8 : explain SELECT DISTINCT c FROM sbtest8 WHERE id BETWEEN 4082664 AND 4082673 ORDER BY c
	Unique  (cost=43.86..43.91 rows=10 width=121)
	  ->  Sort  (cost=43.86..43.89 rows=10 width=121)
	        Sort Key: c
	        ->  Index Scan using sbtest8_pkey on sbtest8  (cost=0.43..43.70 rows=10 width=121)
	              Index Cond: ((id >= 4082664) AND (id <= 4082673))

for: order_ranges
table 1 : explain SELECT c FROM sbtest1 WHERE id BETWEEN 1699172 AND 1699181 ORDER BY c
	Sort  (cost=39.99..40.01 rows=9 width=121)
	  Sort Key: c
	  ->  Index Scan using sbtest1_pkey on sbtest1  (cost=0.43..39.84 rows=9 width=121)
	        Index Cond: ((id >= 1699172) AND (id <= 1699181))

table 2 : explain SELECT c FROM sbtest2 WHERE id BETWEEN 3972541 AND 3972550 ORDER BY c
	Sort  (cost=43.83..43.86 rows=10 width=121)
	  Sort Key: c
	  ->  Index Scan using sbtest2_pkey on sbtest2  (cost=0.43..43.67 rows=10 width=121)
	        Index Cond: ((id >= 3972541) AND (id <= 3972550))

table 3 : explain SELECT c FROM sbtest3 WHERE id BETWEEN 4010348 AND 4010357 ORDER BY c
	Sort  (cost=40.00..40.02 rows=9 width=121)
	  Sort Key: c
	  ->  Index Scan using sbtest3_pkey on sbtest3  (cost=0.43..39.86 rows=9 width=121)
	        Index Cond: ((id >= 4010348) AND (id <= 4010357))

table 4 : explain SELECT c FROM sbtest4 WHERE id BETWEEN 8015712 AND 8015721 ORDER BY c
	Sort  (cost=39.86..39.88 rows=9 width=121)
	  Sort Key: c
	  ->  Index Scan using sbtest4_pkey on sbtest4  (cost=0.43..39.72 rows=9 width=121)
	        Index Cond: ((id >= 8015712) AND (id <= 8015721))

table 5 : explain SELECT c FROM sbtest5 WHERE id BETWEEN 2458998 AND 2459007 ORDER BY c
	Sort  (cost=43.85..43.87 rows=10 width=121)
	  Sort Key: c
	  ->  Index Scan using sbtest5_pkey on sbtest5  (cost=0.43..43.68 rows=10 width=121)
	        Index Cond: ((id >= 2458998) AND (id <= 2459007))

table 6 : explain SELECT c FROM sbtest6 WHERE id BETWEEN 6968489 AND 6968498 ORDER BY c
	Sort  (cost=47.87..47.89 rows=11 width=121)
	  Sort Key: c
	  ->  Index Scan using sbtest6_pkey on sbtest6  (cost=0.43..47.68 rows=11 width=121)
	        Index Cond: ((id >= 6968489) AND (id <= 6968498))

table 7 : explain SELECT c FROM sbtest7 WHERE id BETWEEN 7843248 AND 7843257 ORDER BY c
	Sort  (cost=43.84..43.87 rows=10 width=121)
	  Sort Key: c
	  ->  Index Scan using sbtest7_pkey on sbtest7  (cost=0.43..43.68 rows=10 width=121)
	        Index Cond: ((id >= 7843248) AND (id <= 7843257))

table 8 : explain SELECT c FROM sbtest8 WHERE id BETWEEN 972463 AND 972472 ORDER BY c
	Sort  (cost=47.80..47.83 rows=11 width=121)
	  Sort Key: c
	  ->  Index Scan using sbtest8_pkey on sbtest8  (cost=0.43..47.61 rows=11 width=121)
	        Index Cond: ((id >= 972463) AND (id <= 972472))

for: order_ranges
table 1 : explain SELECT c FROM sbtest1 WHERE id BETWEEN 1199439 AND 1199448 ORDER BY c
	Sort  (cost=39.99..40.01 rows=9 width=121)
	  Sort Key: c
	  ->  Index Scan using sbtest1_pkey on sbtest1  (cost=0.43..39.84 rows=9 width=121)
	        Index Cond: ((id >= 1199439) AND (id <= 1199448))

table 2 : explain SELECT c FROM sbtest2 WHERE id BETWEEN 2667308 AND 2667317 ORDER BY c
	Sort  (cost=43.83..43.86 rows=10 width=121)
	  Sort Key: c
	  ->  Index Scan using sbtest2_pkey on sbtest2  (cost=0.43..43.67 rows=10 width=121)
	        Index Cond: ((id >= 2667308) AND (id <= 2667317))

table 3 : explain SELECT c FROM sbtest3 WHERE id BETWEEN 8448389 AND 8448398 ORDER BY c
	Sort  (cost=47.90..47.93 rows=11 width=121)
	  Sort Key: c
	  ->  Index Scan using sbtest3_pkey on sbtest3  (cost=0.43..47.71 rows=11 width=121)
	        Index Cond: ((id >= 8448389) AND (id <= 8448398))

table 4 : explain SELECT c FROM sbtest4 WHERE id BETWEEN 502813 AND 502822 ORDER BY c
	Sort  (cost=43.79..43.82 rows=10 width=121)
	  Sort Key: c
	  ->  Index Scan using sbtest4_pkey on sbtest4  (cost=0.43..43.62 rows=10 width=121)
	        Index Cond: ((id >= 502813) AND (id <= 502822))

table 5 : explain SELECT c FROM sbtest5 WHERE id BETWEEN 2826606 AND 2826615 ORDER BY c
	Sort  (cost=43.85..43.87 rows=10 width=121)
	  Sort Key: c
	  ->  Index Scan using sbtest5_pkey on sbtest5  (cost=0.43..43.68 rows=10 width=121)
	        Index Cond: ((id >= 2826606) AND (id <= 2826615))

table 6 : explain SELECT c FROM sbtest6 WHERE id BETWEEN 5623184 AND 5623193 ORDER BY c
	Sort  (cost=47.87..47.89 rows=11 width=121)
	  Sort Key: c
	  ->  Index Scan using sbtest6_pkey on sbtest6  (cost=0.43..47.68 rows=11 width=121)
	        Index Cond: ((id >= 5623184) AND (id <= 5623193))

table 7 : explain SELECT c FROM sbtest7 WHERE id BETWEEN 9969703 AND 9969712 ORDER BY c
	Sort  (cost=43.84..43.87 rows=10 width=121)
	  Sort Key: c
	  ->  Index Scan using sbtest7_pkey on sbtest7  (cost=0.43..43.68 rows=10 width=121)
	        Index Cond: ((id >= 9969703) AND (id <= 9969712))

table 8 : explain SELECT c FROM sbtest8 WHERE id BETWEEN 5840494 AND 5840503 ORDER BY c
	Sort  (cost=47.80..47.83 rows=11 width=121)
	  Sort Key: c
	  ->  Index Scan using sbtest8_pkey on sbtest8  (cost=0.43..47.61 rows=11 width=121)
	        Index Cond: ((id >= 5840494) AND (id <= 5840503))

for: order_ranges
table 1 : explain SELECT c FROM sbtest1 WHERE id BETWEEN 1296401 AND 1296410 ORDER BY c
	Sort  (cost=39.99..40.01 rows=9 width=121)
	  Sort Key: c
	  ->  Index Scan using sbtest1_pkey on sbtest1  (cost=0.43..39.84 rows=9 width=121)
	        Index Cond: ((id >= 1296401) AND (id <= 1296410))

table 2 : explain SELECT c FROM sbtest2 WHERE id BETWEEN 2787693 AND 2787702 ORDER BY c
	Sort  (cost=43.83..43.86 rows=10 width=121)
	  Sort Key: c
	  ->  Index Scan using sbtest2_pkey on sbtest2  (cost=0.43..43.67 rows=10 width=121)
	        Index Cond: ((id >= 2787693) AND (id <= 2787702))

table 3 : explain SELECT c FROM sbtest3 WHERE id BETWEEN 307311 AND 307320 ORDER BY c
	Sort  (cost=43.95..43.97 rows=10 width=121)
	  Sort Key: c
	  ->  Index Scan using sbtest3_pkey on sbtest3  (cost=0.43..43.78 rows=10 width=121)
	        Index Cond: ((id >= 307311) AND (id <= 307320))

table 4 : explain SELECT c FROM sbtest4 WHERE id BETWEEN 8381084 AND 8381093 ORDER BY c
	Sort  (cost=43.79..43.82 rows=10 width=121)
	  Sort Key: c
	  ->  Index Scan using sbtest4_pkey on sbtest4  (cost=0.43..43.62 rows=10 width=121)
	        Index Cond: ((id >= 8381084) AND (id <= 8381093))

table 5 : explain SELECT c FROM sbtest5 WHERE id BETWEEN 6586206 AND 6586215 ORDER BY c
	Sort  (cost=43.85..43.87 rows=10 width=121)
	  Sort Key: c
	  ->  Index Scan using sbtest5_pkey on sbtest5  (cost=0.43..43.68 rows=10 width=121)
	        Index Cond: ((id >= 6586206) AND (id <= 6586215))

table 6 : explain SELECT c FROM sbtest6 WHERE id BETWEEN 1901109 AND 1901118 ORDER BY c
	Sort  (cost=43.92..43.95 rows=10 width=121)
	  Sort Key: c
	  ->  Index Scan using sbtest6_pkey on sbtest6  (cost=0.43..43.75 rows=10 width=121)
	        Index Cond: ((id >= 1901109) AND (id <= 1901118))

table 7 : explain SELECT c FROM sbtest7 WHERE id BETWEEN 9438788 AND 9438797 ORDER BY c
	Sort  (cost=43.84..43.87 rows=10 width=121)
	  Sort Key: c
	  ->  Index Scan using sbtest7_pkey on sbtest7  (cost=0.43..43.68 rows=10 width=121)
	        Index Cond: ((id >= 9438788) AND (id <= 9438797))

table 8 : explain SELECT c FROM sbtest8 WHERE id BETWEEN 8122562 AND 8122571 ORDER BY c
	Sort  (cost=47.80..47.83 rows=11 width=121)
	  Sort Key: c
	  ->  Index Scan using sbtest8_pkey on sbtest8  (cost=0.43..47.61 rows=11 width=121)
	        Index Cond: ((id >= 8122562) AND (id <= 8122571))

for: distinct_ranges
table 1 : explain SELECT DISTINCT c FROM sbtest1 WHERE id BETWEEN 2688038 AND 2688047 ORDER BY c
	Unique  (cost=47.88..47.93 rows=11 width=121)
	  ->  Sort  (cost=47.88..47.91 rows=11 width=121)
	        Sort Key: c
	        ->  Index Scan using sbtest1_pkey on sbtest1  (cost=0.43..47.69 rows=11 width=121)
	              Index Cond: ((id >= 2688038) AND (id <= 2688047))

table 2 : explain SELECT DISTINCT c FROM sbtest2 WHERE id BETWEEN 9957106 AND 9957115 ORDER BY c
	Unique  (cost=47.77..47.83 rows=11 width=121)
	  ->  Sort  (cost=47.77..47.80 rows=11 width=121)
	        Sort Key: c
	        ->  Index Scan using sbtest2_pkey on sbtest2  (cost=0.43..47.58 rows=11 width=121)
	              Index Cond: ((id >= 9957106) AND (id <= 9957115))

table 3 : explain SELECT DISTINCT c FROM sbtest3 WHERE id BETWEEN 5597879 AND 5597888 ORDER BY c
	Unique  (cost=43.95..44.00 rows=10 width=121)
	  ->  Sort  (cost=43.95..43.97 rows=10 width=121)
	        Sort Key: c
	        ->  Index Scan using sbtest3_pkey on sbtest3  (cost=0.43..43.78 rows=10 width=121)
	              Index Cond: ((id >= 5597879) AND (id <= 5597888))

table 4 : explain SELECT DISTINCT c FROM sbtest4 WHERE id BETWEEN 8195682 AND 8195691 ORDER BY c
	Unique  (cost=43.79..43.84 rows=10 width=121)
	  ->  Sort  (cost=43.79..43.82 rows=10 width=121)
	        Sort Key: c
	        ->  Index Scan using sbtest4_pkey on sbtest4  (cost=0.43..43.62 rows=10 width=121)
	              Index Cond: ((id >= 8195682) AND (id <= 8195691))

table 5 : explain SELECT DISTINCT c FROM sbtest5 WHERE id BETWEEN 5902218 AND 5902227 ORDER BY c
	Unique  (cost=43.85..43.90 rows=10 width=121)
	  ->  Sort  (cost=43.85..43.87 rows=10 width=121)
	        Sort Key: c
	        ->  Index Scan using sbtest5_pkey on sbtest5  (cost=0.43..43.68 rows=10 width=121)
	              Index Cond: ((id >= 5902218) AND (id <= 5902227))

table 6 : explain SELECT DISTINCT c FROM sbtest6 WHERE id BETWEEN 5692450 AND 5692459 ORDER BY c
	Unique  (cost=47.87..47.92 rows=11 width=121)
	  ->  Sort  (cost=47.87..47.89 rows=11 width=121)
	        Sort Key: c
	        ->  Index Scan using sbtest6_pkey on sbtest6  (cost=0.43..47.68 rows=11 width=121)
	              Index Cond: ((id >= 5692450) AND (id <= 5692459))

table 7 : explain SELECT DISTINCT c FROM sbtest7 WHERE id BETWEEN 1211300 AND 1211309 ORDER BY c
	Unique  (cost=43.84..43.89 rows=10 width=121)
	  ->  Sort  (cost=43.84..43.87 rows=10 width=121)
	        Sort Key: c
	        ->  Index Scan using sbtest7_pkey on sbtest7  (cost=0.43..43.68 rows=10 width=121)
	              Index Cond: ((id >= 1211300) AND (id <= 1211309))

table 8 : explain SELECT DISTINCT c FROM sbtest8 WHERE id BETWEEN 1684865 AND 1684874 ORDER BY c
	Unique  (cost=43.86..43.91 rows=10 width=121)
	  ->  Sort  (cost=43.86..43.89 rows=10 width=121)
	        Sort Key: c
	        ->  Index Scan using sbtest8_pkey on sbtest8  (cost=0.43..43.70 rows=10 width=121)
	              Index Cond: ((id >= 1684865) AND (id <= 1684874))

for: order_ranges
table 1 : explain SELECT c FROM sbtest1 WHERE id BETWEEN 4945158 AND 4945167 ORDER BY c
	Sort  (cost=39.99..40.01 rows=9 width=121)
	  Sort Key: c
	  ->  Index Scan using sbtest1_pkey on sbtest1  (cost=0.43..39.84 rows=9 width=121)
	        Index Cond: ((id >= 4945158) AND (id <= 4945167))

table 2 : explain SELECT c FROM sbtest2 WHERE id BETWEEN 7047499 AND 7047508 ORDER BY c
	Sort  (cost=43.83..43.86 rows=10 width=121)
	  Sort Key: c
	  ->  Index Scan using sbtest2_pkey on sbtest2  (cost=0.43..43.67 rows=10 width=121)
	        Index Cond: ((id >= 7047499) AND (id <= 7047508))

table 3 : explain SELECT c FROM sbtest3 WHERE id BETWEEN 7885771 AND 7885780 ORDER BY c
	Sort  (cost=43.95..43.97 rows=10 width=121)
	  Sort Key: c
	  ->  Index Scan using sbtest3_pkey on sbtest3  (cost=0.43..43.78 rows=10 width=121)
	        Index Cond: ((id >= 7885771) AND (id <= 7885780))

table 4 : explain SELECT c FROM sbtest4 WHERE id BETWEEN 7776870 AND 7776879 ORDER BY c
	Sort  (cost=43.79..43.82 rows=10 width=121)
	  Sort Key: c
	  ->  Index Scan using sbtest4_pkey on sbtest4  (cost=0.43..43.62 rows=10 width=121)
	        Index Cond: ((id >= 7776870) AND (id <= 7776879))

table 5 : explain SELECT c FROM sbtest5 WHERE id BETWEEN 1183302 AND 1183311 ORDER BY c
	Sort  (cost=43.85..43.87 rows=10 width=121)
	  Sort Key: c
	  ->  Index Scan using sbtest5_pkey on sbtest5  (cost=0.43..43.68 rows=10 width=121)
	        Index Cond: ((id >= 1183302) AND (id <= 1183311))

table 6 : explain SELECT c FROM sbtest6 WHERE id BETWEEN 2304442 AND 2304451 ORDER BY c
	Sort  (cost=43.92..43.95 rows=10 width=121)
	  Sort Key: c
	  ->  Index Scan using sbtest6_pkey on sbtest6  (cost=0.43..43.75 rows=10 width=121)
	        Index Cond: ((id >= 2304442) AND (id <= 2304451))

table 7 : explain SELECT c FROM sbtest7 WHERE id BETWEEN 5165625 AND 5165634 ORDER BY c
	Sort  (cost=47.78..47.81 rows=11 width=121)
	  Sort Key: c
	  ->  Index Scan using sbtest7_pkey on sbtest7  (cost=0.43..47.59 rows=11 width=121)
	        Index Cond: ((id >= 5165625) AND (id <= 5165634))

table 8 : explain SELECT c FROM sbtest8 WHERE id BETWEEN 778387 AND 778396 ORDER BY c
	Sort  (cost=43.86..43.89 rows=10 width=121)
	  Sort Key: c
	  ->  Index Scan using sbtest8_pkey on sbtest8  (cost=0.43..43.70 rows=10 width=121)
	        Index Cond: ((id >= 778387) AND (id <= 778396))

for: order_ranges
table 1 : explain SELECT c FROM sbtest1 WHERE id BETWEEN 8399616 AND 8399625 ORDER BY c
	Sort  (cost=43.93..43.96 rows=10 width=121)
	  Sort Key: c
	  ->  Index Scan using sbtest1_pkey on sbtest1  (cost=0.43..43.77 rows=10 width=121)
	        Index Cond: ((id >= 8399616) AND (id <= 8399625))

table 2 : explain SELECT c FROM sbtest2 WHERE id BETWEEN 3016392 AND 3016401 ORDER BY c
	Sort  (cost=43.83..43.86 rows=10 width=121)
	  Sort Key: c
	  ->  Index Scan using sbtest2_pkey on sbtest2  (cost=0.43..43.67 rows=10 width=121)
	        Index Cond: ((id >= 3016392) AND (id <= 3016401))

table 3 : explain SELECT c FROM sbtest3 WHERE id BETWEEN 9738798 AND 9738807 ORDER BY c
	Sort  (cost=43.95..43.97 rows=10 width=121)
	  Sort Key: c
	  ->  Index Scan using sbtest3_pkey on sbtest3  (cost=0.43..43.78 rows=10 width=121)
	        Index Cond: ((id >= 9738798) AND (id <= 9738807))

table 4 : explain SELECT c FROM sbtest4 WHERE id BETWEEN 895654 AND 895663 ORDER BY c
	Sort  (cost=43.79..43.82 rows=10 width=121)
	  Sort Key: c
	  ->  Index Scan using sbtest4_pkey on sbtest4  (cost=0.43..43.62 rows=10 width=121)
	        Index Cond: ((id >= 895654) AND (id <= 895663))

table 5 : explain SELECT c FROM sbtest5 WHERE id BETWEEN 8780082 AND 8780091 ORDER BY c
	Sort  (cost=43.85..43.87 rows=10 width=121)
	  Sort Key: c
	  ->  Index Scan using sbtest5_pkey on sbtest5  (cost=0.43..43.68 rows=10 width=121)
	        Index Cond: ((id >= 8780082) AND (id <= 8780091))

table 6 : explain SELECT c FROM sbtest6 WHERE id BETWEEN 6735652 AND 6735661 ORDER BY c
	Sort  (cost=43.92..43.95 rows=10 width=121)
	  Sort Key: c
	  ->  Index Scan using sbtest6_pkey on sbtest6  (cost=0.43..43.75 rows=10 width=121)
	        Index Cond: ((id >= 6735652) AND (id <= 6735661))

table 7 : explain SELECT c FROM sbtest7 WHERE id BETWEEN 6592171 AND 6592180 ORDER BY c
	Sort  (cost=39.91..39.93 rows=9 width=121)
	  Sort Key: c
	  ->  Index Scan using sbtest7_pkey on sbtest7  (cost=0.43..39.76 rows=9 width=121)
	        Index Cond: ((id >= 6592171) AND (id <= 6592180))

table 8 : explain SELECT c FROM sbtest8 WHERE id BETWEEN 342174 AND 342183 ORDER BY c
	Sort  (cost=43.86..43.89 rows=10 width=121)
	  Sort Key: c
	  ->  Index Scan using sbtest8_pkey on sbtest8  (cost=0.43..43.70 rows=10 width=121)
	        Index Cond: ((id >= 342174) AND (id <= 342183))

for: order_ranges
table 1 : explain SELECT c FROM sbtest1 WHERE id BETWEEN 4170633 AND 4170642 ORDER BY c
	Sort  (cost=47.88..47.91 rows=11 width=121)
	  Sort Key: c
	  ->  Index Scan using sbtest1_pkey on sbtest1  (cost=0.43..47.69 rows=11 width=121)
	        Index Cond: ((id >= 4170633) AND (id <= 4170642))

table 2 : explain SELECT c FROM sbtest2 WHERE id BETWEEN 9788268 AND 9788277 ORDER BY c
	Sort  (cost=43.83..43.86 rows=10 width=121)
	  Sort Key: c
	  ->  Index Scan using sbtest2_pkey on sbtest2  (cost=0.43..43.67 rows=10 width=121)
	        Index Cond: ((id >= 9788268) AND (id <= 9788277))

table 3 : explain SELECT c FROM sbtest3 WHERE id BETWEEN 2884720 AND 2884729 ORDER BY c
	Sort  (cost=43.95..43.97 rows=10 width=121)
	  Sort Key: c
	  ->  Index Scan using sbtest3_pkey on sbtest3  (cost=0.43..43.78 rows=10 width=121)
	        Index Cond: ((id >= 2884720) AND (id <= 2884729))

table 4 : explain SELECT c FROM sbtest4 WHERE id BETWEEN 9911650 AND 9911659 ORDER BY c
	Sort  (cost=43.79..43.82 rows=10 width=121)
	  Sort Key: c
	  ->  Index Scan using sbtest4_pkey on sbtest4  (cost=0.43..43.62 rows=10 width=121)
	        Index Cond: ((id >= 9911650) AND (id <= 9911659))

table 5 : explain SELECT c FROM sbtest5 WHERE id BETWEEN 3692265 AND 3692274 ORDER BY c
	Sort  (cost=43.85..43.87 rows=10 width=121)
	  Sort Key: c
	  ->  Index Scan using sbtest5_pkey on sbtest5  (cost=0.43..43.68 rows=10 width=121)
	        Index Cond: ((id >= 3692265) AND (id <= 3692274))

table 6 : explain SELECT c FROM sbtest6 WHERE id BETWEEN 2657750 AND 2657759 ORDER BY c
	Sort  (cost=47.87..47.89 rows=11 width=121)
	  Sort Key: c
	  ->  Index Scan using sbtest6_pkey on sbtest6  (cost=0.43..47.68 rows=11 width=121)
	        Index Cond: ((id >= 2657750) AND (id <= 2657759))

table 7 : explain SELECT c FROM sbtest7 WHERE id BETWEEN 6651556 AND 6651565 ORDER BY c
	Sort  (cost=43.84..43.87 rows=10 width=121)
	  Sort Key: c
	  ->  Index Scan using sbtest7_pkey on sbtest7  (cost=0.43..43.68 rows=10 width=121)
	        Index Cond: ((id >= 6651556) AND (id <= 6651565))

table 8 : explain SELECT c FROM sbtest8 WHERE id BETWEEN 6847783 AND 6847792 ORDER BY c
	Sort  (cost=47.80..47.83 rows=11 width=121)
	  Sort Key: c
	  ->  Index Scan using sbtest8_pkey on sbtest8  (cost=0.43..47.61 rows=11 width=121)
	        Index Cond: ((id >= 6847783) AND (id <= 6847792))

for: order_ranges
table 1 : explain SELECT c FROM sbtest1 WHERE id BETWEEN 6331851 AND 6331860 ORDER BY c
	Sort  (cost=43.93..43.96 rows=10 width=121)
	  Sort Key: c
	  ->  Index Scan using sbtest1_pkey on sbtest1  (cost=0.43..43.77 rows=10 width=121)
	        Index Cond: ((id >= 6331851) AND (id <= 6331860))

table 2 : explain SELECT c FROM sbtest2 WHERE id BETWEEN 6413309 AND 6413318 ORDER BY c
	Sort  (cost=43.83..43.86 rows=10 width=121)
	  Sort Key: c
	  ->  Index Scan using sbtest2_pkey on sbtest2  (cost=0.43..43.67 rows=10 width=121)
	        Index Cond: ((id >= 6413309) AND (id <= 6413318))

table 3 : explain SELECT c FROM sbtest3 WHERE id BETWEEN 3327499 AND 3327508 ORDER BY c
	Sort  (cost=43.95..43.97 rows=10 width=121)
	  Sort Key: c
	  ->  Index Scan using sbtest3_pkey on sbtest3  (cost=0.43..43.78 rows=10 width=121)
	        Index Cond: ((id >= 3327499) AND (id <= 3327508))

table 4 : explain SELECT c FROM sbtest4 WHERE id BETWEEN 9119687 AND 9119696 ORDER BY c
	Sort  (cost=43.79..43.82 rows=10 width=121)
	  Sort Key: c
	  ->  Index Scan using sbtest4_pkey on sbtest4  (cost=0.43..43.62 rows=10 width=121)
	        Index Cond: ((id >= 9119687) AND (id <= 9119696))

table 5 : explain SELECT c FROM sbtest5 WHERE id BETWEEN 8281362 AND 8281371 ORDER BY c
	Sort  (cost=43.85..43.87 rows=10 width=121)
	  Sort Key: c
	  ->  Index Scan using sbtest5_pkey on sbtest5  (cost=0.43..43.68 rows=10 width=121)
	        Index Cond: ((id >= 8281362) AND (id <= 8281371))

table 6 : explain SELECT c FROM sbtest6 WHERE id BETWEEN 3501493 AND 3501502 ORDER BY c
	Sort  (cost=43.92..43.95 rows=10 width=121)
	  Sort Key: c
	  ->  Index Scan using sbtest6_pkey on sbtest6  (cost=0.43..43.75 rows=10 width=121)
	        Index Cond: ((id >= 3501493) AND (id <= 3501502))

table 7 : explain SELECT c FROM sbtest7 WHERE id BETWEEN 2807733 AND 2807742 ORDER BY c
	Sort  (cost=43.84..43.87 rows=10 width=121)
	  Sort Key: c
	  ->  Index Scan using sbtest7_pkey on sbtest7  (cost=0.43..43.68 rows=10 width=121)
	        Index Cond: ((id >= 2807733) AND (id <= 2807742))

table 8 : explain SELECT c FROM sbtest8 WHERE id BETWEEN 1844592 AND 1844601 ORDER BY c
	Sort  (cost=43.86..43.89 rows=10 width=121)
	  Sort Key: c
	  ->  Index Scan using sbtest8_pkey on sbtest8  (cost=0.43..43.70 rows=10 width=121)
	        Index Cond: ((id >= 1844592) AND (id <= 1844601))

for: distinct_ranges
table 1 : explain SELECT DISTINCT c FROM sbtest1 WHERE id BETWEEN 7355206 AND 7355215 ORDER BY c
	Unique  (cost=43.93..43.98 rows=10 width=121)
	  ->  Sort  (cost=43.93..43.96 rows=10 width=121)
	        Sort Key: c
	        ->  Index Scan using sbtest1_pkey on sbtest1  (cost=0.43..43.77 rows=10 width=121)
	              Index Cond: ((id >= 7355206) AND (id <= 7355215))

table 2 : explain SELECT DISTINCT c FROM sbtest2 WHERE id BETWEEN 7048254 AND 7048263 ORDER BY c
	Unique  (cost=43.83..43.88 rows=10 width=121)
	  ->  Sort  (cost=43.83..43.86 rows=10 width=121)
	        Sort Key: c
	        ->  Index Scan using sbtest2_pkey on sbtest2  (cost=0.43..43.67 rows=10 width=121)
	              Index Cond: ((id >= 7048254) AND (id <= 7048263))

table 3 : explain SELECT DISTINCT c FROM sbtest3 WHERE id BETWEEN 7579290 AND 7579299 ORDER BY c
	Unique  (cost=43.95..44.00 rows=10 width=121)
	  ->  Sort  (cost=43.95..43.97 rows=10 width=121)
	        Sort Key: c
	        ->  Index Scan using sbtest3_pkey on sbtest3  (cost=0.43..43.78 rows=10 width=121)
	              Index Cond: ((id >= 7579290) AND (id <= 7579299))

table 4 : explain SELECT DISTINCT c FROM sbtest4 WHERE id BETWEEN 4411452 AND 4411461 ORDER BY c
	Unique  (cost=43.79..43.84 rows=10 width=121)
	  ->  Sort  (cost=43.79..43.82 rows=10 width=121)
	        Sort Key: c
	        ->  Index Scan using sbtest4_pkey on sbtest4  (cost=0.43..43.62 rows=10 width=121)
	              Index Cond: ((id >= 4411452) AND (id <= 4411461))

table 5 : explain SELECT DISTINCT c FROM sbtest5 WHERE id BETWEEN 4206310 AND 4206319 ORDER BY c
	Unique  (cost=43.85..43.90 rows=10 width=121)
	  ->  Sort  (cost=43.85..43.87 rows=10 width=121)
	        Sort Key: c
	        ->  Index Scan using sbtest5_pkey on sbtest5  (cost=0.43..43.68 rows=10 width=121)
	              Index Cond: ((id >= 4206310) AND (id <= 4206319))

table 6 : explain SELECT DISTINCT c FROM sbtest6 WHERE id BETWEEN 3127693 AND 3127702 ORDER BY c
	Unique  (cost=47.87..47.92 rows=11 width=121)
	  ->  Sort  (cost=47.87..47.89 rows=11 width=121)
	        Sort Key: c
	        ->  Index Scan using sbtest6_pkey on sbtest6  (cost=0.43..47.68 rows=11 width=121)
	              Index Cond: ((id >= 3127693) AND (id <= 3127702))

table 7 : explain SELECT DISTINCT c FROM sbtest7 WHERE id BETWEEN 7345442 AND 7345451 ORDER BY c
	Unique  (cost=43.84..43.89 rows=10 width=121)
	  ->  Sort  (cost=43.84..43.87 rows=10 width=121)
	        Sort Key: c
	        ->  Index Scan using sbtest7_pkey on sbtest7  (cost=0.43..43.68 rows=10 width=121)
	              Index Cond: ((id >= 7345442) AND (id <= 7345451))

table 8 : explain SELECT DISTINCT c FROM sbtest8 WHERE id BETWEEN 4486821 AND 4486830 ORDER BY c
	Unique  (cost=43.86..43.91 rows=10 width=121)
	  ->  Sort  (cost=43.86..43.89 rows=10 width=121)
	        Sort Key: c
	        ->  Index Scan using sbtest8_pkey on sbtest8  (cost=0.43..43.70 rows=10 width=121)
	              Index Cond: ((id >= 4486821) AND (id <= 4486830))

for: order_ranges
table 1 : explain SELECT c FROM sbtest1 WHERE id BETWEEN 7395630 AND 7395639 ORDER BY c
	Sort  (cost=43.93..43.96 rows=10 width=121)
	  Sort Key: c
	  ->  Index Scan using sbtest1_pkey on sbtest1  (cost=0.43..43.77 rows=10 width=121)
	        Index Cond: ((id >= 7395630) AND (id <= 7395639))

table 2 : explain SELECT c FROM sbtest2 WHERE id BETWEEN 1717018 AND 1717027 ORDER BY c
	Sort  (cost=47.77..47.80 rows=11 width=121)
	  Sort Key: c
	  ->  Index Scan using sbtest2_pkey on sbtest2  (cost=0.43..47.58 rows=11 width=121)
	        Index Cond: ((id >= 1717018) AND (id <= 1717027))

table 3 : explain SELECT c FROM sbtest3 WHERE id BETWEEN 7185956 AND 7185965 ORDER BY c
	Sort  (cost=43.95..43.97 rows=10 width=121)
	  Sort Key: c
	  ->  Index Scan using sbtest3_pkey on sbtest3  (cost=0.43..43.78 rows=10 width=121)
	        Index Cond: ((id >= 7185956) AND (id <= 7185965))

table 4 : explain SELECT c FROM sbtest4 WHERE id BETWEEN 3297500 AND 3297509 ORDER BY c
	Sort  (cost=43.79..43.82 rows=10 width=121)
	  Sort Key: c
	  ->  Index Scan using sbtest4_pkey on sbtest4  (cost=0.43..43.62 rows=10 width=121)
	        Index Cond: ((id >= 3297500) AND (id <= 3297509))

table 5 : explain SELECT c FROM sbtest5 WHERE id BETWEEN 7142861 AND 7142870 ORDER BY c
	Sort  (cost=47.78..47.81 rows=11 width=121)
	  Sort Key: c
	  ->  Index Scan using sbtest5_pkey on sbtest5  (cost=0.43..47.59 rows=11 width=121)
	        Index Cond: ((id >= 7142861) AND (id <= 7142870))

table 6 : explain SELECT c FROM sbtest6 WHERE id BETWEEN 7008305 AND 7008314 ORDER BY c
	Sort  (cost=47.87..47.89 rows=11 width=121)
	  Sort Key: c
	  ->  Index Scan using sbtest6_pkey on sbtest6  (cost=0.43..47.68 rows=11 width=121)
	        Index Cond: ((id >= 7008305) AND (id <= 7008314))

table 7 : explain SELECT c FROM sbtest7 WHERE id BETWEEN 8800182 AND 8800191 ORDER BY c
	Sort  (cost=43.84..43.87 rows=10 width=121)
	  Sort Key: c
	  ->  Index Scan using sbtest7_pkey on sbtest7  (cost=0.43..43.68 rows=10 width=121)
	        Index Cond: ((id >= 8800182) AND (id <= 8800191))

table 8 : explain SELECT c FROM sbtest8 WHERE id BETWEEN 1724678 AND 1724687 ORDER BY c
	Sort  (cost=43.86..43.89 rows=10 width=121)
	  Sort Key: c
	  ->  Index Scan using sbtest8_pkey on sbtest8  (cost=0.43..43.70 rows=10 width=121)
	        Index Cond: ((id >= 1724678) AND (id <= 1724687))

for: distinct_ranges
table 1 : explain SELECT DISTINCT c FROM sbtest1 WHERE id BETWEEN 1111297 AND 1111306 ORDER BY c
	Unique  (cost=43.93..43.98 rows=10 width=121)
	  ->  Sort  (cost=43.93..43.96 rows=10 width=121)
	        Sort Key: c
	        ->  Index Scan using sbtest1_pkey on sbtest1  (cost=0.43..43.77 rows=10 width=121)
	              Index Cond: ((id >= 1111297) AND (id <= 1111306))

table 2 : explain SELECT DISTINCT c FROM sbtest2 WHERE id BETWEEN 6710189 AND 6710198 ORDER BY c
	Unique  (cost=39.90..39.94 rows=9 width=121)
	  ->  Sort  (cost=39.90..39.92 rows=9 width=121)
	        Sort Key: c
	        ->  Index Scan using sbtest2_pkey on sbtest2  (cost=0.43..39.75 rows=9 width=121)
	              Index Cond: ((id >= 6710189) AND (id <= 6710198))

table 3 : explain SELECT DISTINCT c FROM sbtest3 WHERE id BETWEEN 693322 AND 693331 ORDER BY c
	Unique  (cost=43.95..44.00 rows=10 width=121)
	  ->  Sort  (cost=43.95..43.97 rows=10 width=121)
	        Sort Key: c
	        ->  Index Scan using sbtest3_pkey on sbtest3  (cost=0.43..43.78 rows=10 width=121)
	              Index Cond: ((id >= 693322) AND (id <= 693331))

table 4 : explain SELECT DISTINCT c FROM sbtest4 WHERE id BETWEEN 952226 AND 952235 ORDER BY c
	Unique  (cost=43.79..43.84 rows=10 width=121)
	  ->  Sort  (cost=43.79..43.82 rows=10 width=121)
	        Sort Key: c
	        ->  Index Scan using sbtest4_pkey on sbtest4  (cost=0.43..43.62 rows=10 width=121)
	              Index Cond: ((id >= 952226) AND (id <= 952235))

table 5 : explain SELECT DISTINCT c FROM sbtest5 WHERE id BETWEEN 31824 AND 31833 ORDER BY c
	Unique  (cost=43.85..43.90 rows=10 width=121)
	  ->  Sort  (cost=43.85..43.87 rows=10 width=121)
	        Sort Key: c
	        ->  Index Scan using sbtest5_pkey on sbtest5  (cost=0.43..43.68 rows=10 width=121)
	              Index Cond: ((id >= 31824) AND (id <= 31833))

table 6 : explain SELECT DISTINCT c FROM sbtest6 WHERE id BETWEEN 299975 AND 299984 ORDER BY c
	Unique  (cost=39.98..40.02 rows=9 width=121)
	  ->  Sort  (cost=39.98..40.00 rows=9 width=121)
	        Sort Key: c
	        ->  Index Scan using sbtest6_pkey on sbtest6  (cost=0.43..39.83 rows=9 width=121)
	              Index Cond: ((id >= 299975) AND (id <= 299984))

table 7 : explain SELECT DISTINCT c FROM sbtest7 WHERE id BETWEEN 3735449 AND 3735458 ORDER BY c
	Unique  (cost=43.84..43.89 rows=10 width=121)
	  ->  Sort  (cost=43.84..43.87 rows=10 width=121)
	        Sort Key: c
	        ->  Index Scan using sbtest7_pkey on sbtest7  (cost=0.43..43.68 rows=10 width=121)
	              Index Cond: ((id >= 3735449) AND (id <= 3735458))

table 8 : explain SELECT DISTINCT c FROM sbtest8 WHERE id BETWEEN 5231155 AND 5231164 ORDER BY c
	Unique  (cost=43.86..43.91 rows=10 width=121)
	  ->  Sort  (cost=43.86..43.89 rows=10 width=121)
	        Sort Key: c
	        ->  Index Scan using sbtest8_pkey on sbtest8  (cost=0.43..43.70 rows=10 width=121)
	              Index Cond: ((id >= 5231155) AND (id <= 5231164))

for: distinct_ranges
table 1 : explain SELECT DISTINCT c FROM sbtest1 WHERE id BETWEEN 6311907 AND 6311916 ORDER BY c
	Unique  (cost=43.93..43.98 rows=10 width=121)
	  ->  Sort  (cost=43.93..43.96 rows=10 width=121)
	        Sort Key: c
	        ->  Index Scan using sbtest1_pkey on sbtest1  (cost=0.43..43.77 rows=10 width=121)
	              Index Cond: ((id >= 6311907) AND (id <= 6311916))

table 2 : explain SELECT DISTINCT c FROM sbtest2 WHERE id BETWEEN 239674 AND 239683 ORDER BY c
	Unique  (cost=43.83..43.88 rows=10 width=121)
	  ->  Sort  (cost=43.83..43.86 rows=10 width=121)
	        Sort Key: c
	        ->  Index Scan using sbtest2_pkey on sbtest2  (cost=0.43..43.67 rows=10 width=121)
	              Index Cond: ((id >= 239674) AND (id <= 239683))

table 3 : explain SELECT DISTINCT c FROM sbtest3 WHERE id BETWEEN 2361979 AND 2361988 ORDER BY c
	Unique  (cost=43.95..44.00 rows=10 width=121)
	  ->  Sort  (cost=43.95..43.97 rows=10 width=121)
	        Sort Key: c
	        ->  Index Scan using sbtest3_pkey on sbtest3  (cost=0.43..43.78 rows=10 width=121)
	              Index Cond: ((id >= 2361979) AND (id <= 2361988))

table 4 : explain SELECT DISTINCT c FROM sbtest4 WHERE id BETWEEN 736232 AND 736241 ORDER BY c
	Unique  (cost=43.79..43.84 rows=10 width=121)
	  ->  Sort  (cost=43.79..43.82 rows=10 width=121)
	        Sort Key: c
	        ->  Index Scan using sbtest4_pkey on sbtest4  (cost=0.43..43.62 rows=10 width=121)
	              Index Cond: ((id >= 736232) AND (id <= 736241))

table 5 : explain SELECT DISTINCT c FROM sbtest5 WHERE id BETWEEN 4288904 AND 4288913 ORDER BY c
	Unique  (cost=43.85..43.90 rows=10 width=121)
	  ->  Sort  (cost=43.85..43.87 rows=10 width=121)
	        Sort Key: c
	        ->  Index Scan using sbtest5_pkey on sbtest5  (cost=0.43..43.68 rows=10 width=121)
	              Index Cond: ((id >= 4288904) AND (id <= 4288913))

table 6 : explain SELECT DISTINCT c FROM sbtest6 WHERE id BETWEEN 2378712 AND 2378721 ORDER BY c
	Unique  (cost=43.92..43.97 rows=10 width=121)
	  ->  Sort  (cost=43.92..43.95 rows=10 width=121)
	        Sort Key: c
	        ->  Index Scan using sbtest6_pkey on sbtest6  (cost=0.43..43.75 rows=10 width=121)
	              Index Cond: ((id >= 2378712) AND (id <= 2378721))

table 7 : explain SELECT DISTINCT c FROM sbtest7 WHERE id BETWEEN 576153 AND 576162 ORDER BY c
	Unique  (cost=43.84..43.89 rows=10 width=121)
	  ->  Sort  (cost=43.84..43.87 rows=10 width=121)
	        Sort Key: c
	        ->  Index Scan using sbtest7_pkey on sbtest7  (cost=0.43..43.68 rows=10 width=121)
	              Index Cond: ((id >= 576153) AND (id <= 576162))

table 8 : explain SELECT DISTINCT c FROM sbtest8 WHERE id BETWEEN 8654859 AND 8654868 ORDER BY c
	Unique  (cost=39.92..39.97 rows=9 width=121)
	  ->  Sort  (cost=39.92..39.94 rows=9 width=121)
	        Sort Key: c
	        ->  Index Scan using sbtest8_pkey on sbtest8  (cost=0.43..39.78 rows=9 width=121)
	              Index Cond: ((id >= 8654859) AND (id <= 8654868))

for: distinct_ranges
table 1 : explain SELECT DISTINCT c FROM sbtest1 WHERE id BETWEEN 1309864 AND 1309873 ORDER BY c
	Unique  (cost=43.93..43.98 rows=10 width=121)
	  ->  Sort  (cost=43.93..43.96 rows=10 width=121)
	        Sort Key: c
	        ->  Index Scan using sbtest1_pkey on sbtest1  (cost=0.43..43.77 rows=10 width=121)
	              Index Cond: ((id >= 1309864) AND (id <= 1309873))

table 2 : explain SELECT DISTINCT c FROM sbtest2 WHERE id BETWEEN 8949581 AND 8949590 ORDER BY c
	Unique  (cost=43.83..43.88 rows=10 width=121)
	  ->  Sort  (cost=43.83..43.86 rows=10 width=121)
	        Sort Key: c
	        ->  Index Scan using sbtest2_pkey on sbtest2  (cost=0.43..43.67 rows=10 width=121)
	              Index Cond: ((id >= 8949581) AND (id <= 8949590))

table 3 : explain SELECT DISTINCT c FROM sbtest3 WHERE id BETWEEN 6581897 AND 6581906 ORDER BY c
	Unique  (cost=43.95..44.00 rows=10 width=121)
	  ->  Sort  (cost=43.95..43.97 rows=10 width=121)
	        Sort Key: c
	        ->  Index Scan using sbtest3_pkey on sbtest3  (cost=0.43..43.78 rows=10 width=121)
	              Index Cond: ((id >= 6581897) AND (id <= 6581906))

table 4 : explain SELECT DISTINCT c FROM sbtest4 WHERE id BETWEEN 6628868 AND 6628877 ORDER BY c
	Unique  (cost=43.79..43.84 rows=10 width=121)
	  ->  Sort  (cost=43.79..43.82 rows=10 width=121)
	        Sort Key: c
	        ->  Index Scan using sbtest4_pkey on sbtest4  (cost=0.43..43.62 rows=10 width=121)
	              Index Cond: ((id >= 6628868) AND (id <= 6628877))

table 5 : explain SELECT DISTINCT c FROM sbtest5 WHERE id BETWEEN 9108548 AND 9108557 ORDER BY c
	Unique  (cost=39.91..39.95 rows=9 width=121)
	  ->  Sort  (cost=39.91..39.93 rows=9 width=121)
	        Sort Key: c
	        ->  Index Scan using sbtest5_pkey on sbtest5  (cost=0.43..39.77 rows=9 width=121)
	              Index Cond: ((id >= 9108548) AND (id <= 9108557))

table 6 : explain SELECT DISTINCT c FROM sbtest6 WHERE id BETWEEN 8806221 AND 8806230 ORDER BY c
	Unique  (cost=39.98..40.02 rows=9 width=121)
	  ->  Sort  (cost=39.98..40.00 rows=9 width=121)
	        Sort Key: c
	        ->  Index Scan using sbtest6_pkey on sbtest6  (cost=0.43..39.83 rows=9 width=121)
	              Index Cond: ((id >= 8806221) AND (id <= 8806230))

table 7 : explain SELECT DISTINCT c FROM sbtest7 WHERE id BETWEEN 7879298 AND 7879307 ORDER BY c
	Unique  (cost=43.84..43.89 rows=10 width=121)
	  ->  Sort  (cost=43.84..43.87 rows=10 width=121)
	        Sort Key: c
	        ->  Index Scan using sbtest7_pkey on sbtest7  (cost=0.43..43.68 rows=10 width=121)
	              Index Cond: ((id >= 7879298) AND (id <= 7879307))

table 8 : explain SELECT DISTINCT c FROM sbtest8 WHERE id BETWEEN 9436257 AND 9436266 ORDER BY c
	Unique  (cost=47.80..47.86 rows=11 width=121)
	  ->  Sort  (cost=47.80..47.83 rows=11 width=121)
	        Sort Key: c
	        ->  Index Scan using sbtest8_pkey on sbtest8  (cost=0.43..47.61 rows=11 width=121)
	              Index Cond: ((id >= 9436257) AND (id <= 9436266))

for: sum_ranges
table 1 : explain SELECT SUM(k) FROM sbtest1 WHERE id BETWEEN 6087537 AND 6087546
	Aggregate  (cost=43.79..43.80 rows=1 width=8)
	  ->  Index Scan using sbtest1_pkey on sbtest1  (cost=0.43..43.77 rows=10 width=4)
	        Index Cond: ((id >= 6087537) AND (id <= 6087546))

table 2 : explain SELECT SUM(k) FROM sbtest2 WHERE id BETWEEN 9134170 AND 9134179
	Aggregate  (cost=43.69..43.70 rows=1 width=8)
	  ->  Index Scan using sbtest2_pkey on sbtest2  (cost=0.43..43.67 rows=10 width=4)
	        Index Cond: ((id >= 9134170) AND (id <= 9134179))

table 3 : explain SELECT SUM(k) FROM sbtest3 WHERE id BETWEEN 5635160 AND 5635169
	Aggregate  (cost=43.81..43.82 rows=1 width=8)
	  ->  Index Scan using sbtest3_pkey on sbtest3  (cost=0.43..43.78 rows=10 width=4)
	        Index Cond: ((id >= 5635160) AND (id <= 5635169))

table 4 : explain SELECT SUM(k) FROM sbtest4 WHERE id BETWEEN 3642496 AND 3642505
	Aggregate  (cost=43.65..43.66 rows=1 width=8)
	  ->  Index Scan using sbtest4_pkey on sbtest4  (cost=0.43..43.62 rows=10 width=4)
	        Index Cond: ((id >= 3642496) AND (id <= 3642505))

table 5 : explain SELECT SUM(k) FROM sbtest5 WHERE id BETWEEN 1422692 AND 1422701
	Aggregate  (cost=43.71..43.72 rows=1 width=8)
	  ->  Index Scan using sbtest5_pkey on sbtest5  (cost=0.43..43.68 rows=10 width=4)
	        Index Cond: ((id >= 1422692) AND (id <= 1422701))

table 6 : explain SELECT SUM(k) FROM sbtest6 WHERE id BETWEEN 4451710 AND 4451719
	Aggregate  (cost=43.78..43.79 rows=1 width=8)
	  ->  Index Scan using sbtest6_pkey on sbtest6  (cost=0.43..43.75 rows=10 width=4)
	        Index Cond: ((id >= 4451710) AND (id <= 4451719))

table 7 : explain SELECT SUM(k) FROM sbtest7 WHERE id BETWEEN 1640466 AND 1640475
	Aggregate  (cost=43.70..43.71 rows=1 width=8)
	  ->  Index Scan using sbtest7_pkey on sbtest7  (cost=0.43..43.68 rows=10 width=4)
	        Index Cond: ((id >= 1640466) AND (id <= 1640475))

table 8 : explain SELECT SUM(k) FROM sbtest8 WHERE id BETWEEN 7743822 AND 7743831
	Aggregate  (cost=47.64..47.65 rows=1 width=8)
	  ->  Index Scan using sbtest8_pkey on sbtest8  (cost=0.43..47.61 rows=11 width=4)
	        Index Cond: ((id >= 7743822) AND (id <= 7743831))

for: distinct_ranges
table 1 : explain SELECT DISTINCT c FROM sbtest1 WHERE id BETWEEN 1808240 AND 1808249 ORDER BY c
	Unique  (cost=43.93..43.98 rows=10 width=121)
	  ->  Sort  (cost=43.93..43.96 rows=10 width=121)
	        Sort Key: c
	        ->  Index Scan using sbtest1_pkey on sbtest1  (cost=0.43..43.77 rows=10 width=121)
	              Index Cond: ((id >= 1808240) AND (id <= 1808249))

table 2 : explain SELECT DISTINCT c FROM sbtest2 WHERE id BETWEEN 5757973 AND 5757982 ORDER BY c
	Unique  (cost=43.83..43.88 rows=10 width=121)
	  ->  Sort  (cost=43.83..43.86 rows=10 width=121)
	        Sort Key: c
	        ->  Index Scan using sbtest2_pkey on sbtest2  (cost=0.43..43.67 rows=10 width=121)
	              Index Cond: ((id >= 5757973) AND (id <= 5757982))

table 3 : explain SELECT DISTINCT c FROM sbtest3 WHERE id BETWEEN 6602769 AND 6602778 ORDER BY c
	Unique  (cost=43.95..44.00 rows=10 width=121)
	  ->  Sort  (cost=43.95..43.97 rows=10 width=121)
	        Sort Key: c
	        ->  Index Scan using sbtest3_pkey on sbtest3  (cost=0.43..43.78 rows=10 width=121)
	              Index Cond: ((id >= 6602769) AND (id <= 6602778))

table 4 : explain SELECT DISTINCT c FROM sbtest4 WHERE id BETWEEN 5693213 AND 5693222 ORDER BY c
	Unique  (cost=43.79..43.84 rows=10 width=121)
	  ->  Sort  (cost=43.79..43.82 rows=10 width=121)
	        Sort Key: c
	        ->  Index Scan using sbtest4_pkey on sbtest4  (cost=0.43..43.62 rows=10 width=121)
	              Index Cond: ((id >= 5693213) AND (id <= 5693222))

table 5 : explain SELECT DISTINCT c FROM sbtest5 WHERE id BETWEEN 6715361 AND 6715370 ORDER BY c
	Unique  (cost=47.78..47.84 rows=11 width=121)
	  ->  Sort  (cost=47.78..47.81 rows=11 width=121)
	        Sort Key: c
	        ->  Index Scan using sbtest5_pkey on sbtest5  (cost=0.43..47.59 rows=11 width=121)
	              Index Cond: ((id >= 6715361) AND (id <= 6715370))

table 6 : explain SELECT DISTINCT c FROM sbtest6 WHERE id BETWEEN 1254608 AND 1254617 ORDER BY c
	Unique  (cost=39.98..40.02 rows=9 width=121)
	  ->  Sort  (cost=39.98..40.00 rows=9 width=121)
	        Sort Key: c
	        ->  Index Scan using sbtest6_pkey on sbtest6  (cost=0.43..39.83 rows=9 width=121)
	              Index Cond: ((id >= 1254608) AND (id <= 1254617))

table 7 : explain SELECT DISTINCT c FROM sbtest7 WHERE id BETWEEN 5772254 AND 5772263 ORDER BY c
	Unique  (cost=43.84..43.89 rows=10 width=121)
	  ->  Sort  (cost=43.84..43.87 rows=10 width=121)
	        Sort Key: c
	        ->  Index Scan using sbtest7_pkey on sbtest7  (cost=0.43..43.68 rows=10 width=121)
	              Index Cond: ((id >= 5772254) AND (id <= 5772263))

table 8 : explain SELECT DISTINCT c FROM sbtest8 WHERE id BETWEEN 6980970 AND 6980979 ORDER BY c
	Unique  (cost=43.86..43.91 rows=10 width=121)
	  ->  Sort  (cost=43.86..43.89 rows=10 width=121)
	        Sort Key: c
	        ->  Index Scan using sbtest8_pkey on sbtest8  (cost=0.43..43.70 rows=10 width=121)
	              Index Cond: ((id >= 6980970) AND (id <= 6980979))

for: order_ranges
table 1 : explain SELECT c FROM sbtest1 WHERE id BETWEEN 7328982 AND 7328991 ORDER BY c
	Sort  (cost=43.93..43.96 rows=10 width=121)
	  Sort Key: c
	  ->  Index Scan using sbtest1_pkey on sbtest1  (cost=0.43..43.77 rows=10 width=121)
	        Index Cond: ((id >= 7328982) AND (id <= 7328991))

table 2 : explain SELECT c FROM sbtest2 WHERE id BETWEEN 3442424 AND 3442433 ORDER BY c
	Sort  (cost=47.77..47.80 rows=11 width=121)
	  Sort Key: c
	  ->  Index Scan using sbtest2_pkey on sbtest2  (cost=0.43..47.58 rows=11 width=121)
	        Index Cond: ((id >= 3442424) AND (id <= 3442433))

table 3 : explain SELECT c FROM sbtest3 WHERE id BETWEEN 9053158 AND 9053167 ORDER BY c
	Sort  (cost=43.95..43.97 rows=10 width=121)
	  Sort Key: c
	  ->  Index Scan using sbtest3_pkey on sbtest3  (cost=0.43..43.78 rows=10 width=121)
	        Index Cond: ((id >= 9053158) AND (id <= 9053167))

table 4 : explain SELECT c FROM sbtest4 WHERE id BETWEEN 8720428 AND 8720437 ORDER BY c
	Sort  (cost=43.79..43.82 rows=10 width=121)
	  Sort Key: c
	  ->  Index Scan using sbtest4_pkey on sbtest4  (cost=0.43..43.62 rows=10 width=121)
	        Index Cond: ((id >= 8720428) AND (id <= 8720437))

table 5 : explain SELECT c FROM sbtest5 WHERE id BETWEEN 5486775 AND 5486784 ORDER BY c
	Sort  (cost=43.85..43.87 rows=10 width=121)
	  Sort Key: c
	  ->  Index Scan using sbtest5_pkey on sbtest5  (cost=0.43..43.68 rows=10 width=121)
	        Index Cond: ((id >= 5486775) AND (id <= 5486784))

table 6 : explain SELECT c FROM sbtest6 WHERE id BETWEEN 3977992 AND 3978001 ORDER BY c
	Sort  (cost=43.92..43.95 rows=10 width=121)
	  Sort Key: c
	  ->  Index Scan using sbtest6_pkey on sbtest6  (cost=0.43..43.75 rows=10 width=121)
	        Index Cond: ((id >= 3977992) AND (id <= 3978001))

table 7 : explain SELECT c FROM sbtest7 WHERE id BETWEEN 8196601 AND 8196610 ORDER BY c
	Sort  (cost=47.78..47.81 rows=11 width=121)
	  Sort Key: c
	  ->  Index Scan using sbtest7_pkey on sbtest7  (cost=0.43..47.59 rows=11 width=121)
	        Index Cond: ((id >= 8196601) AND (id <= 8196610))

table 8 : explain SELECT c FROM sbtest8 WHERE id BETWEEN 2403601 AND 2403610 ORDER BY c
	Sort  (cost=47.80..47.83 rows=11 width=121)
	  Sort Key: c
	  ->  Index Scan using sbtest8_pkey on sbtest8  (cost=0.43..47.61 rows=11 width=121)
	        Index Cond: ((id >= 2403601) AND (id <= 2403610))

for: sum_ranges
table 1 : explain SELECT SUM(k) FROM sbtest1 WHERE id BETWEEN 7823909 AND 7823918
	Aggregate  (cost=43.79..43.80 rows=1 width=8)
	  ->  Index Scan using sbtest1_pkey on sbtest1  (cost=0.43..43.77 rows=10 width=4)
	        Index Cond: ((id >= 7823909) AND (id <= 7823918))

table 2 : explain SELECT SUM(k) FROM sbtest2 WHERE id BETWEEN 488201 AND 488210
	Aggregate  (cost=43.69..43.70 rows=1 width=8)
	  ->  Index Scan using sbtest2_pkey on sbtest2  (cost=0.43..43.67 rows=10 width=4)
	        Index Cond: ((id >= 488201) AND (id <= 488210))

table 3 : explain SELECT SUM(k) FROM sbtest3 WHERE id BETWEEN 9619480 AND 9619489
	Aggregate  (cost=39.88..39.89 rows=1 width=8)
	  ->  Index Scan using sbtest3_pkey on sbtest3  (cost=0.43..39.86 rows=9 width=4)
	        Index Cond: ((id >= 9619480) AND (id <= 9619489))

table 4 : explain SELECT SUM(k) FROM sbtest4 WHERE id BETWEEN 3179787 AND 3179796
	Aggregate  (cost=43.65..43.66 rows=1 width=8)
	  ->  Index Scan using sbtest4_pkey on sbtest4  (cost=0.43..43.62 rows=10 width=4)
	        Index Cond: ((id >= 3179787) AND (id <= 3179796))

table 5 : explain SELECT SUM(k) FROM sbtest5 WHERE id BETWEEN 6352667 AND 6352676
	Aggregate  (cost=43.71..43.72 rows=1 width=8)
	  ->  Index Scan using sbtest5_pkey on sbtest5  (cost=0.43..43.68 rows=10 width=4)
	        Index Cond: ((id >= 6352667) AND (id <= 6352676))

table 6 : explain SELECT SUM(k) FROM sbtest6 WHERE id BETWEEN 6040328 AND 6040337
	Aggregate  (cost=47.70..47.71 rows=1 width=8)
	  ->  Index Scan using sbtest6_pkey on sbtest6  (cost=0.43..47.68 rows=11 width=4)
	        Index Cond: ((id >= 6040328) AND (id <= 6040337))

table 7 : explain SELECT SUM(k) FROM sbtest7 WHERE id BETWEEN 8942075 AND 8942084
	Aggregate  (cost=43.70..43.71 rows=1 width=8)
	  ->  Index Scan using sbtest7_pkey on sbtest7  (cost=0.43..43.68 rows=10 width=4)
	        Index Cond: ((id >= 8942075) AND (id <= 8942084))

table 8 : explain SELECT SUM(k) FROM sbtest8 WHERE id BETWEEN 4831311 AND 4831320
	Aggregate  (cost=43.72..43.73 rows=1 width=8)
	  ->  Index Scan using sbtest8_pkey on sbtest8  (cost=0.43..43.70 rows=10 width=4)
	        Index Cond: ((id >= 4831311) AND (id <= 4831320))

for: distinct_ranges
table 1 : explain SELECT DISTINCT c FROM sbtest1 WHERE id BETWEEN 4670576 AND 4670585 ORDER BY c
	Unique  (cost=43.93..43.98 rows=10 width=121)
	  ->  Sort  (cost=43.93..43.96 rows=10 width=121)
	        Sort Key: c
	        ->  Index Scan using sbtest1_pkey on sbtest1  (cost=0.43..43.77 rows=10 width=121)
	              Index Cond: ((id >= 4670576) AND (id <= 4670585))

table 2 : explain SELECT DISTINCT c FROM sbtest2 WHERE id BETWEEN 8600375 AND 8600384 ORDER BY c
	Unique  (cost=39.90..39.94 rows=9 width=121)
	  ->  Sort  (cost=39.90..39.92 rows=9 width=121)
	        Sort Key: c
	        ->  Index Scan using sbtest2_pkey on sbtest2  (cost=0.43..39.75 rows=9 width=121)
	              Index Cond: ((id >= 8600375) AND (id <= 8600384))

table 3 : explain SELECT DISTINCT c FROM sbtest3 WHERE id BETWEEN 9751285 AND 9751294 ORDER BY c
	Unique  (cost=43.95..44.00 rows=10 width=121)
	  ->  Sort  (cost=43.95..43.97 rows=10 width=121)
	        Sort Key: c
	        ->  Index Scan using sbtest3_pkey on sbtest3  (cost=0.43..43.78 rows=10 width=121)
	              Index Cond: ((id >= 9751285) AND (id <= 9751294))

table 4 : explain SELECT DISTINCT c FROM sbtest4 WHERE id BETWEEN 7908606 AND 7908615 ORDER BY c
	Unique  (cost=43.79..43.84 rows=10 width=121)
	  ->  Sort  (cost=43.79..43.82 rows=10 width=121)
	        Sort Key: c
	        ->  Index Scan using sbtest4_pkey on sbtest4  (cost=0.43..43.62 rows=10 width=121)
	              Index Cond: ((id >= 7908606) AND (id <= 7908615))

table 5 : explain SELECT DISTINCT c FROM sbtest5 WHERE id BETWEEN 9928646 AND 9928655 ORDER BY c
	Unique  (cost=43.85..43.90 rows=10 width=121)
	  ->  Sort  (cost=43.85..43.87 rows=10 width=121)
	        Sort Key: c
	        ->  Index Scan using sbtest5_pkey on sbtest5  (cost=0.43..43.68 rows=10 width=121)
	              Index Cond: ((id >= 9928646) AND (id <= 9928655))

table 6 : explain SELECT DISTINCT c FROM sbtest6 WHERE id BETWEEN 9224285 AND 9224294 ORDER BY c
	Unique  (cost=39.98..40.02 rows=9 width=121)
	  ->  Sort  (cost=39.98..40.00 rows=9 width=121)
	        Sort Key: c
	        ->  Index Scan using sbtest6_pkey on sbtest6  (cost=0.43..39.83 rows=9 width=121)
	              Index Cond: ((id >= 9224285) AND (id <= 9224294))

table 7 : explain SELECT DISTINCT c FROM sbtest7 WHERE id BETWEEN 2986771 AND 2986780 ORDER BY c
	Unique  (cost=43.84..43.89 rows=10 width=121)
	  ->  Sort  (cost=43.84..43.87 rows=10 width=121)
	        Sort Key: c
	        ->  Index Scan using sbtest7_pkey on sbtest7  (cost=0.43..43.68 rows=10 width=121)
	              Index Cond: ((id >= 2986771) AND (id <= 2986780))

table 8 : explain SELECT DISTINCT c FROM sbtest8 WHERE id BETWEEN 361609 AND 361618 ORDER BY c
	Unique  (cost=43.86..43.91 rows=10 width=121)
	  ->  Sort  (cost=43.86..43.89 rows=10 width=121)
	        Sort Key: c
	        ->  Index Scan using sbtest8_pkey on sbtest8  (cost=0.43..43.70 rows=10 width=121)
	              Index Cond: ((id >= 361609) AND (id <= 361618))
for: sum_ranges
table 1 : explain SELECT SUM(k) FROM sbtest1 WHERE id BETWEEN 3309047 AND 3309056
	Aggregate  (cost=43.79..43.80 rows=1 width=8)
	  ->  Index Scan using sbtest1_pkey on sbtest1  (cost=0.43..43.77 rows=10 width=4)
	        Index Cond: ((id >= 3309047) AND (id <= 3309056))

table 2 : explain SELECT SUM(k) FROM sbtest2 WHERE id BETWEEN 8930642 AND 8930651
	Aggregate  (cost=43.69..43.70 rows=1 width=8)
	  ->  Index Scan using sbtest2_pkey on sbtest2  (cost=0.43..43.67 rows=10 width=4)
	        Index Cond: ((id >= 8930642) AND (id <= 8930651))

table 3 : explain SELECT SUM(k) FROM sbtest3 WHERE id BETWEEN 7893129 AND 7893138
	Aggregate  (cost=43.81..43.82 rows=1 width=8)
	  ->  Index Scan using sbtest3_pkey on sbtest3  (cost=0.43..43.78 rows=10 width=4)
	        Index Cond: ((id >= 7893129) AND (id <= 7893138))

table 4 : explain SELECT SUM(k) FROM sbtest4 WHERE id BETWEEN 9718200 AND 9718209
	Aggregate  (cost=43.65..43.66 rows=1 width=8)
	  ->  Index Scan using sbtest4_pkey on sbtest4  (cost=0.43..43.62 rows=10 width=4)
	        Index Cond: ((id >= 9718200) AND (id <= 9718209))

table 5 : explain SELECT SUM(k) FROM sbtest5 WHERE id BETWEEN 1560131 AND 1560140
	Aggregate  (cost=43.71..43.72 rows=1 width=8)
	  ->  Index Scan using sbtest5_pkey on sbtest5  (cost=0.43..43.68 rows=10 width=4)
	        Index Cond: ((id >= 1560131) AND (id <= 1560140))

table 6 : explain SELECT SUM(k) FROM sbtest6 WHERE id BETWEEN 2309377 AND 2309386
	Aggregate  (cost=43.78..43.79 rows=1 width=8)
	  ->  Index Scan using sbtest6_pkey on sbtest6  (cost=0.43..43.75 rows=10 width=4)
	        Index Cond: ((id >= 2309377) AND (id <= 2309386))

table 7 : explain SELECT SUM(k) FROM sbtest7 WHERE id BETWEEN 5582479 AND 5582488
	Aggregate  (cost=43.70..43.71 rows=1 width=8)
	  ->  Index Scan using sbtest7_pkey on sbtest7  (cost=0.43..43.68 rows=10 width=4)
	        Index Cond: ((id >= 5582479) AND (id <= 5582488))

table 8 : explain SELECT SUM(k) FROM sbtest8 WHERE id BETWEEN 2040082 AND 2040091
	Aggregate  (cost=43.72..43.73 rows=1 width=8)
	  ->  Index Scan using sbtest8_pkey on sbtest8  (cost=0.43..43.70 rows=10 width=4)
	        Index Cond: ((id >= 2040082) AND (id <= 2040091))


for: sum_ranges
table 1 : explain SELECT SUM(k) FROM sbtest1 WHERE id BETWEEN 621824 AND 621833
	Aggregate  (cost=43.79..43.80 rows=1 width=8)
	  ->  Index Scan using sbtest1_pkey on sbtest1  (cost=0.43..43.77 rows=10 width=4)
	        Index Cond: ((id >= 621824) AND (id <= 621833))

table 2 : explain SELECT SUM(k) FROM sbtest2 WHERE id BETWEEN 2646703 AND 2646712
	Aggregate  (cost=43.69..43.70 rows=1 width=8)
	  ->  Index Scan using sbtest2_pkey on sbtest2  (cost=0.43..43.67 rows=10 width=4)
	        Index Cond: ((id >= 2646703) AND (id <= 2646712))

table 3 : explain SELECT SUM(k) FROM sbtest3 WHERE id BETWEEN 4619683 AND 4619692
	Aggregate  (cost=43.81..43.82 rows=1 width=8)
	  ->  Index Scan using sbtest3_pkey on sbtest3  (cost=0.43..43.78 rows=10 width=4)
	        Index Cond: ((id >= 4619683) AND (id <= 4619692))

table 4 : explain SELECT SUM(k) FROM sbtest4 WHERE id BETWEEN 9840904 AND 9840913
	Aggregate  (cost=43.65..43.66 rows=1 width=8)
	  ->  Index Scan using sbtest4_pkey on sbtest4  (cost=0.43..43.62 rows=10 width=4)
	        Index Cond: ((id >= 9840904) AND (id <= 9840913))

table 5 : explain SELECT SUM(k) FROM sbtest5 WHERE id BETWEEN 5903450 AND 5903459
	Aggregate  (cost=43.71..43.72 rows=1 width=8)
	  ->  Index Scan using sbtest5_pkey on sbtest5  (cost=0.43..43.68 rows=10 width=4)
	        Index Cond: ((id >= 5903450) AND (id <= 5903459))

table 6 : explain SELECT SUM(k) FROM sbtest6 WHERE id BETWEEN 9194032 AND 9194041
	Aggregate  (cost=43.78..43.79 rows=1 width=8)
	  ->  Index Scan using sbtest6_pkey on sbtest6  (cost=0.43..43.75 rows=10 width=4)
	        Index Cond: ((id >= 9194032) AND (id <= 9194041))

table 7 : explain SELECT SUM(k) FROM sbtest7 WHERE id BETWEEN 8316839 AND 8316848
	Aggregate  (cost=47.62..47.63 rows=1 width=8)
	  ->  Index Scan using sbtest7_pkey on sbtest7  (cost=0.43..47.59 rows=11 width=4)
	        Index Cond: ((id >= 8316839) AND (id <= 8316848))

table 8 : explain SELECT SUM(k) FROM sbtest8 WHERE id BETWEEN 1123809 AND 1123818
	Aggregate  (cost=47.64..47.65 rows=1 width=8)
	  ->  Index Scan using sbtest8_pkey on sbtest8  (cost=0.43..47.61 rows=11 width=4)
	        Index Cond: ((id >= 1123809) AND (id <= 1123818))

for: order_ranges
table 1 : explain SELECT c FROM sbtest1 WHERE id BETWEEN 8762488 AND 8762497 ORDER BY c
	Sort  (cost=43.93..43.96 rows=10 width=121)
	  Sort Key: c
	  ->  Index Scan using sbtest1_pkey on sbtest1  (cost=0.43..43.77 rows=10 width=121)
	        Index Cond: ((id >= 8762488) AND (id <= 8762497))

table 2 : explain SELECT c FROM sbtest2 WHERE id BETWEEN 4514468 AND 4514477 ORDER BY c
	Sort  (cost=43.83..43.86 rows=10 width=121)
	  Sort Key: c
	  ->  Index Scan using sbtest2_pkey on sbtest2  (cost=0.43..43.67 rows=10 width=121)
	        Index Cond: ((id >= 4514468) AND (id <= 4514477))

table 3 : explain SELECT c FROM sbtest3 WHERE id BETWEEN 642178 AND 642187 ORDER BY c
	Sort  (cost=43.95..43.97 rows=10 width=121)
	  Sort Key: c
	  ->  Index Scan using sbtest3_pkey on sbtest3  (cost=0.43..43.78 rows=10 width=121)
	        Index Cond: ((id >= 642178) AND (id <= 642187))

table 4 : explain SELECT c FROM sbtest4 WHERE id BETWEEN 3758757 AND 3758766 ORDER BY c
	Sort  (cost=43.79..43.82 rows=10 width=121)
	  Sort Key: c
	  ->  Index Scan using sbtest4_pkey on sbtest4  (cost=0.43..43.62 rows=10 width=121)
	        Index Cond: ((id >= 3758757) AND (id <= 3758766))

table 5 : explain SELECT c FROM sbtest5 WHERE id BETWEEN 2811782 AND 2811791 ORDER BY c
	Sort  (cost=43.85..43.87 rows=10 width=121)
	  Sort Key: c
	  ->  Index Scan using sbtest5_pkey on sbtest5  (cost=0.43..43.68 rows=10 width=121)
	        Index Cond: ((id >= 2811782) AND (id <= 2811791))

table 6 : explain SELECT c FROM sbtest6 WHERE id BETWEEN 3838954 AND 3838963 ORDER BY c
	Sort  (cost=43.92..43.95 rows=10 width=121)
	  Sort Key: c
	  ->  Index Scan using sbtest6_pkey on sbtest6  (cost=0.43..43.75 rows=10 width=121)
	        Index Cond: ((id >= 3838954) AND (id <= 3838963))

table 7 : explain SELECT c FROM sbtest7 WHERE id BETWEEN 3830572 AND 3830581 ORDER BY c
	Sort  (cost=43.84..43.87 rows=10 width=121)
	  Sort Key: c
	  ->  Index Scan using sbtest7_pkey on sbtest7  (cost=0.43..43.68 rows=10 width=121)
	        Index Cond: ((id >= 3830572) AND (id <= 3830581))

table 8 : explain SELECT c FROM sbtest8 WHERE id BETWEEN 4472143 AND 4472152 ORDER BY c
	Sort  (cost=43.86..43.89 rows=10 width=121)
	  Sort Key: c
	  ->  Index Scan using sbtest8_pkey on sbtest8  (cost=0.43..43.70 rows=10 width=121)
	        Index Cond: ((id >= 4472143) AND (id <= 4472152))

for: sum_ranges
table 1 : explain SELECT SUM(k) FROM sbtest1 WHERE id BETWEEN 4883578 AND 4883587
	Aggregate  (cost=39.87..39.88 rows=1 width=8)
	  ->  Index Scan using sbtest1_pkey on sbtest1  (cost=0.43..39.84 rows=9 width=4)
	        Index Cond: ((id >= 4883578) AND (id <= 4883587))

table 2 : explain SELECT SUM(k) FROM sbtest2 WHERE id BETWEEN 7010363 AND 7010372
	Aggregate  (cost=43.69..43.70 rows=1 width=8)
	  ->  Index Scan using sbtest2_pkey on sbtest2  (cost=0.43..43.67 rows=10 width=4)
	        Index Cond: ((id >= 7010363) AND (id <= 7010372))

table 3 : explain SELECT SUM(k) FROM sbtest3 WHERE id BETWEEN 5079486 AND 5079495
	Aggregate  (cost=43.81..43.82 rows=1 width=8)
	  ->  Index Scan using sbtest3_pkey on sbtest3  (cost=0.43..43.78 rows=10 width=4)
	        Index Cond: ((id >= 5079486) AND (id <= 5079495))

table 4 : explain SELECT SUM(k) FROM sbtest4 WHERE id BETWEEN 9716451 AND 9716460
	Aggregate  (cost=43.65..43.66 rows=1 width=8)
	  ->  Index Scan using sbtest4_pkey on sbtest4  (cost=0.43..43.62 rows=10 width=4)
	        Index Cond: ((id >= 9716451) AND (id <= 9716460))

table 5 : explain SELECT SUM(k) FROM sbtest5 WHERE id BETWEEN 2266466 AND 2266475
	Aggregate  (cost=43.71..43.72 rows=1 width=8)
	  ->  Index Scan using sbtest5_pkey on sbtest5  (cost=0.43..43.68 rows=10 width=4)
	        Index Cond: ((id >= 2266466) AND (id <= 2266475))

table 6 : explain SELECT SUM(k) FROM sbtest6 WHERE id BETWEEN 9389983 AND 9389992
	Aggregate  (cost=43.78..43.79 rows=1 width=8)
	  ->  Index Scan using sbtest6_pkey on sbtest6  (cost=0.43..43.75 rows=10 width=4)
	        Index Cond: ((id >= 9389983) AND (id <= 9389992))

table 7 : explain SELECT SUM(k) FROM sbtest7 WHERE id BETWEEN 1813301 AND 1813310
	Aggregate  (cost=39.79..39.80 rows=1 width=8)
	  ->  Index Scan using sbtest7_pkey on sbtest7  (cost=0.43..39.76 rows=9 width=4)
	        Index Cond: ((id >= 1813301) AND (id <= 1813310))

table 8 : explain SELECT SUM(k) FROM sbtest8 WHERE id BETWEEN 5485839 AND 5485848
	Aggregate  (cost=43.72..43.73 rows=1 width=8)
	  ->  Index Scan using sbtest8_pkey on sbtest8  (cost=0.43..43.70 rows=10 width=4)
	        Index Cond: ((id >= 5485839) AND (id <= 5485848))

for: distinct_ranges
table 1 : explain SELECT DISTINCT c FROM sbtest1 WHERE id BETWEEN 4212437 AND 4212446 ORDER BY c
	Unique  (cost=47.88..47.93 rows=11 width=121)
	  ->  Sort  (cost=47.88..47.91 rows=11 width=121)
	        Sort Key: c
	        ->  Index Scan using sbtest1_pkey on sbtest1  (cost=0.43..47.69 rows=11 width=121)
	              Index Cond: ((id >= 4212437) AND (id <= 4212446))

table 2 : explain SELECT DISTINCT c FROM sbtest2 WHERE id BETWEEN 6374143 AND 6374152 ORDER BY c
	Unique  (cost=43.83..43.88 rows=10 width=121)
	  ->  Sort  (cost=43.83..43.86 rows=10 width=121)
	        Sort Key: c
	        ->  Index Scan using sbtest2_pkey on sbtest2  (cost=0.43..43.67 rows=10 width=121)
	              Index Cond: ((id >= 6374143) AND (id <= 6374152))

table 3 : explain SELECT DISTINCT c FROM sbtest3 WHERE id BETWEEN 2670107 AND 2670116 ORDER BY c
	Unique  (cost=43.95..44.00 rows=10 width=121)
	  ->  Sort  (cost=43.95..43.97 rows=10 width=121)
	        Sort Key: c
	        ->  Index Scan using sbtest3_pkey on sbtest3  (cost=0.43..43.78 rows=10 width=121)
	              Index Cond: ((id >= 2670107) AND (id <= 2670116))

table 4 : explain SELECT DISTINCT c FROM sbtest4 WHERE id BETWEEN 2480413 AND 2480422 ORDER BY c
	Unique  (cost=43.79..43.84 rows=10 width=121)
	  ->  Sort  (cost=43.79..43.82 rows=10 width=121)
	        Sort Key: c
	        ->  Index Scan using sbtest4_pkey on sbtest4  (cost=0.43..43.62 rows=10 width=121)
	              Index Cond: ((id >= 2480413) AND (id <= 2480422))

table 5 : explain SELECT DISTINCT c FROM sbtest5 WHERE id BETWEEN 3869212 AND 3869221 ORDER BY c
	Unique  (cost=43.85..43.90 rows=10 width=121)
	  ->  Sort  (cost=43.85..43.87 rows=10 width=121)
	        Sort Key: c
	        ->  Index Scan using sbtest5_pkey on sbtest5  (cost=0.43..43.68 rows=10 width=121)
	              Index Cond: ((id >= 3869212) AND (id <= 3869221))

table 6 : explain SELECT DISTINCT c FROM sbtest6 WHERE id BETWEEN 5531297 AND 5531306 ORDER BY c
	Unique  (cost=43.92..43.97 rows=10 width=121)
	  ->  Sort  (cost=43.92..43.95 rows=10 width=121)
	        Sort Key: c
	        ->  Index Scan using sbtest6_pkey on sbtest6  (cost=0.43..43.75 rows=10 width=121)
	              Index Cond: ((id >= 5531297) AND (id <= 5531306))

table 7 : explain SELECT DISTINCT c FROM sbtest7 WHERE id BETWEEN 1273193 AND 1273202 ORDER BY c
	Unique  (cost=43.84..43.89 rows=10 width=121)
	  ->  Sort  (cost=43.84..43.87 rows=10 width=121)
	        Sort Key: c
	        ->  Index Scan using sbtest7_pkey on sbtest7  (cost=0.43..43.68 rows=10 width=121)
	              Index Cond: ((id >= 1273193) AND (id <= 1273202))

table 8 : explain SELECT DISTINCT c FROM sbtest8 WHERE id BETWEEN 2973743 AND 2973752 ORDER BY c
	Unique  (cost=43.86..43.91 rows=10 width=121)
	  ->  Sort  (cost=43.86..43.89 rows=10 width=121)
	        Sort Key: c
	        ->  Index Scan using sbtest8_pkey on sbtest8  (cost=0.43..43.70 rows=10 width=121)
	              Index Cond: ((id >= 2973743) AND (id <= 2973752))

for: order_ranges
table 1 : explain SELECT c FROM sbtest1 WHERE id BETWEEN 9534506 AND 9534515 ORDER BY c
	Sort  (cost=43.93..43.96 rows=10 width=121)
	  Sort Key: c
	  ->  Index Scan using sbtest1_pkey on sbtest1  (cost=0.43..43.77 rows=10 width=121)
	        Index Cond: ((id >= 9534506) AND (id <= 9534515))

table 2 : explain SELECT c FROM sbtest2 WHERE id BETWEEN 8208705 AND 8208714 ORDER BY c
	Sort  (cost=43.83..43.86 rows=10 width=121)
	  Sort Key: c
	  ->  Index Scan using sbtest2_pkey on sbtest2  (cost=0.43..43.67 rows=10 width=121)
	        Index Cond: ((id >= 8208705) AND (id <= 8208714))

table 3 : explain SELECT c FROM sbtest3 WHERE id BETWEEN 1644008 AND 1644017 ORDER BY c
	Sort  (cost=43.95..43.97 rows=10 width=121)
	  Sort Key: c
	  ->  Index Scan using sbtest3_pkey on sbtest3  (cost=0.43..43.78 rows=10 width=121)
	        Index Cond: ((id >= 1644008) AND (id <= 1644017))

table 4 : explain SELECT c FROM sbtest4 WHERE id BETWEEN 3424569 AND 3424578 ORDER BY c
	Sort  (cost=43.79..43.82 rows=10 width=121)
	  Sort Key: c
	  ->  Index Scan using sbtest4_pkey on sbtest4  (cost=0.43..43.62 rows=10 width=121)
	        Index Cond: ((id >= 3424569) AND (id <= 3424578))

table 5 : explain SELECT c FROM sbtest5 WHERE id BETWEEN 921197 AND 921206 ORDER BY c
	Sort  (cost=39.91..39.93 rows=9 width=121)
	  Sort Key: c
	  ->  Index Scan using sbtest5_pkey on sbtest5  (cost=0.43..39.77 rows=9 width=121)
	        Index Cond: ((id >= 921197) AND (id <= 921206))

table 6 : explain SELECT c FROM sbtest6 WHERE id BETWEEN 6947786 AND 6947795 ORDER BY c
	Sort  (cost=47.87..47.89 rows=11 width=121)
	  Sort Key: c
	  ->  Index Scan using sbtest6_pkey on sbtest6  (cost=0.43..47.68 rows=11 width=121)
	        Index Cond: ((id >= 6947786) AND (id <= 6947795))

table 7 : explain SELECT c FROM sbtest7 WHERE id BETWEEN 938680 AND 938689 ORDER BY c
	Sort  (cost=43.84..43.87 rows=10 width=121)
	  Sort Key: c
	  ->  Index Scan using sbtest7_pkey on sbtest7  (cost=0.43..43.68 rows=10 width=121)
	        Index Cond: ((id >= 938680) AND (id <= 938689))

table 8 : explain SELECT c FROM sbtest8 WHERE id BETWEEN 1435843 AND 1435852 ORDER BY c
	Sort  (cost=47.80..47.83 rows=11 width=121)
	  Sort Key: c
	  ->  Index Scan using sbtest8_pkey on sbtest8  (cost=0.43..47.61 rows=11 width=121)
	        Index Cond: ((id >= 1435843) AND (id <= 1435852))

for: sum_ranges
table 1 : explain SELECT SUM(k) FROM sbtest1 WHERE id BETWEEN 3370835 AND 3370844
	Aggregate  (cost=43.79..43.80 rows=1 width=8)
	  ->  Index Scan using sbtest1_pkey on sbtest1  (cost=0.43..43.77 rows=10 width=4)
	        Index Cond: ((id >= 3370835) AND (id <= 3370844))

table 2 : explain SELECT SUM(k) FROM sbtest2 WHERE id BETWEEN 6441927 AND 6441936
	Aggregate  (cost=43.69..43.70 rows=1 width=8)
	  ->  Index Scan using sbtest2_pkey on sbtest2  (cost=0.43..43.67 rows=10 width=4)
	        Index Cond: ((id >= 6441927) AND (id <= 6441936))

table 3 : explain SELECT SUM(k) FROM sbtest3 WHERE id BETWEEN 1925241 AND 1925250
	Aggregate  (cost=39.88..39.89 rows=1 width=8)
	  ->  Index Scan using sbtest3_pkey on sbtest3  (cost=0.43..39.86 rows=9 width=4)
	        Index Cond: ((id >= 1925241) AND (id <= 1925250))

table 4 : explain SELECT SUM(k) FROM sbtest4 WHERE id BETWEEN 5503353 AND 5503362
	Aggregate  (cost=39.74..39.75 rows=1 width=8)
	  ->  Index Scan using sbtest4_pkey on sbtest4  (cost=0.43..39.72 rows=9 width=4)
	        Index Cond: ((id >= 5503353) AND (id <= 5503362))

table 5 : explain SELECT SUM(k) FROM sbtest5 WHERE id BETWEEN 1859038 AND 1859047
	Aggregate  (cost=47.62..47.63 rows=1 width=8)
	  ->  Index Scan using sbtest5_pkey on sbtest5  (cost=0.43..47.59 rows=11 width=4)
	        Index Cond: ((id >= 1859038) AND (id <= 1859047))

table 6 : explain SELECT SUM(k) FROM sbtest6 WHERE id BETWEEN 4644746 AND 4644755
	Aggregate  (cost=43.78..43.79 rows=1 width=8)
	  ->  Index Scan using sbtest6_pkey on sbtest6  (cost=0.43..43.75 rows=10 width=4)
	        Index Cond: ((id >= 4644746) AND (id <= 4644755))

table 7 : explain SELECT SUM(k) FROM sbtest7 WHERE id BETWEEN 9005388 AND 9005397
	Aggregate  (cost=43.70..43.71 rows=1 width=8)
	  ->  Index Scan using sbtest7_pkey on sbtest7  (cost=0.43..43.68 rows=10 width=4)
	        Index Cond: ((id >= 9005388) AND (id <= 9005397))

table 8 : explain SELECT SUM(k) FROM sbtest8 WHERE id BETWEEN 6510130 AND 6510139
	Aggregate  (cost=43.72..43.73 rows=1 width=8)
	  ->  Index Scan using sbtest8_pkey on sbtest8  (cost=0.43..43.70 rows=10 width=4)
	        Index Cond: ((id >= 6510130) AND (id <= 6510139))

for: distinct_ranges
table 1 : explain SELECT DISTINCT c FROM sbtest1 WHERE id BETWEEN 5255121 AND 5255130 ORDER BY c
	Unique  (cost=43.93..43.98 rows=10 width=121)
	  ->  Sort  (cost=43.93..43.96 rows=10 width=121)
	        Sort Key: c
	        ->  Index Scan using sbtest1_pkey on sbtest1  (cost=0.43..43.77 rows=10 width=121)
	              Index Cond: ((id >= 5255121) AND (id <= 5255130))

table 2 : explain SELECT DISTINCT c FROM sbtest2 WHERE id BETWEEN 3858657 AND 3858666 ORDER BY c
	Unique  (cost=47.77..47.83 rows=11 width=121)
	  ->  Sort  (cost=47.77..47.80 rows=11 width=121)
	        Sort Key: c
	        ->  Index Scan using sbtest2_pkey on sbtest2  (cost=0.43..47.58 rows=11 width=121)
	              Index Cond: ((id >= 3858657) AND (id <= 3858666))

table 3 : explain SELECT DISTINCT c FROM sbtest3 WHERE id BETWEEN 2997490 AND 2997499 ORDER BY c
	Unique  (cost=43.95..44.00 rows=10 width=121)
	  ->  Sort  (cost=43.95..43.97 rows=10 width=121)
	        Sort Key: c
	        ->  Index Scan using sbtest3_pkey on sbtest3  (cost=0.43..43.78 rows=10 width=121)
	              Index Cond: ((id >= 2997490) AND (id <= 2997499))

table 4 : explain SELECT DISTINCT c FROM sbtest4 WHERE id BETWEEN 7187989 AND 7187998 ORDER BY c
	Unique  (cost=47.72..47.78 rows=11 width=121)
	  ->  Sort  (cost=47.72..47.75 rows=11 width=121)
	        Sort Key: c
	        ->  Index Scan using sbtest4_pkey on sbtest4  (cost=0.43..47.53 rows=11 width=121)
	              Index Cond: ((id >= 7187989) AND (id <= 7187998))

table 5 : explain SELECT DISTINCT c FROM sbtest5 WHERE id BETWEEN 1452345 AND 1452354 ORDER BY c
	Unique  (cost=43.85..43.90 rows=10 width=121)
	  ->  Sort  (cost=43.85..43.87 rows=10 width=121)
	        Sort Key: c
	        ->  Index Scan using sbtest5_pkey on sbtest5  (cost=0.43..43.68 rows=10 width=121)
	              Index Cond: ((id >= 1452345) AND (id <= 1452354))

table 6 : explain SELECT DISTINCT c FROM sbtest6 WHERE id BETWEEN 1522603 AND 1522612 ORDER BY c
	Unique  (cost=43.92..43.97 rows=10 width=121)
	  ->  Sort  (cost=43.92..43.95 rows=10 width=121)
	        Sort Key: c
	        ->  Index Scan using sbtest6_pkey on sbtest6  (cost=0.43..43.75 rows=10 width=121)
	              Index Cond: ((id >= 1522603) AND (id <= 1522612))

table 7 : explain SELECT DISTINCT c FROM sbtest7 WHERE id BETWEEN 9907372 AND 9907381 ORDER BY c
	Unique  (cost=43.84..43.89 rows=10 width=121)
	  ->  Sort  (cost=43.84..43.87 rows=10 width=121)
	        Sort Key: c
	        ->  Index Scan using sbtest7_pkey on sbtest7  (cost=0.43..43.68 rows=10 width=121)
	              Index Cond: ((id >= 9907372) AND (id <= 9907381))

table 8 : explain SELECT DISTINCT c FROM sbtest8 WHERE id BETWEEN 389610 AND 389619 ORDER BY c
	Unique  (cost=43.86..43.91 rows=10 width=121)
	  ->  Sort  (cost=43.86..43.89 rows=10 width=121)
	        Sort Key: c
	        ->  Index Scan using sbtest8_pkey on sbtest8  (cost=0.43..43.70 rows=10 width=121)
	              Index Cond: ((id >= 389610) AND (id <= 389619))

for: distinct_ranges
table 1 : explain SELECT DISTINCT c FROM sbtest1 WHERE id BETWEEN 997705 AND 997714 ORDER BY c
	Unique  (cost=47.88..47.93 rows=11 width=121)
	  ->  Sort  (cost=47.88..47.91 rows=11 width=121)
	        Sort Key: c
	        ->  Index Scan using sbtest1_pkey on sbtest1  (cost=0.43..47.69 rows=11 width=121)
	              Index Cond: ((id >= 997705) AND (id <= 997714))

table 2 : explain SELECT DISTINCT c FROM sbtest2 WHERE id BETWEEN 4002105 AND 4002114 ORDER BY c
	Unique  (cost=43.83..43.88 rows=10 width=121)
	  ->  Sort  (cost=43.83..43.86 rows=10 width=121)
	        Sort Key: c
	        ->  Index Scan using sbtest2_pkey on sbtest2  (cost=0.43..43.67 rows=10 width=121)
	              Index Cond: ((id >= 4002105) AND (id <= 4002114))

table 3 : explain SELECT DISTINCT c FROM sbtest3 WHERE id BETWEEN 7816624 AND 7816633 ORDER BY c
	Unique  (cost=43.95..44.00 rows=10 width=121)
	  ->  Sort  (cost=43.95..43.97 rows=10 width=121)
	        Sort Key: c
	        ->  Index Scan using sbtest3_pkey on sbtest3  (cost=0.43..43.78 rows=10 width=121)
	              Index Cond: ((id >= 7816624) AND (id <= 7816633))

table 4 : explain SELECT DISTINCT c FROM sbtest4 WHERE id BETWEEN 3241081 AND 3241090 ORDER BY c
	Unique  (cost=43.79..43.84 rows=10 width=121)
	  ->  Sort  (cost=43.79..43.82 rows=10 width=121)
	        Sort Key: c
	        ->  Index Scan using sbtest4_pkey on sbtest4  (cost=0.43..43.62 rows=10 width=121)
	              Index Cond: ((id >= 3241081) AND (id <= 3241090))

table 5 : explain SELECT DISTINCT c FROM sbtest5 WHERE id BETWEEN 7350037 AND 7350046 ORDER BY c
	Unique  (cost=43.85..43.90 rows=10 width=121)
	  ->  Sort  (cost=43.85..43.87 rows=10 width=121)
	        Sort Key: c
	        ->  Index Scan using sbtest5_pkey on sbtest5  (cost=0.43..43.68 rows=10 width=121)
	              Index Cond: ((id >= 7350037) AND (id <= 7350046))

table 6 : explain SELECT DISTINCT c FROM sbtest6 WHERE id BETWEEN 3610204 AND 3610213 ORDER BY c
	Unique  (cost=47.87..47.92 rows=11 width=121)
	  ->  Sort  (cost=47.87..47.89 rows=11 width=121)
	        Sort Key: c
	        ->  Index Scan using sbtest6_pkey on sbtest6  (cost=0.43..47.68 rows=11 width=121)
	              Index Cond: ((id >= 3610204) AND (id <= 3610213))

table 7 : explain SELECT DISTINCT c FROM sbtest7 WHERE id BETWEEN 6450118 AND 6450127 ORDER BY c
	Unique  (cost=47.78..47.84 rows=11 width=121)
	  ->  Sort  (cost=47.78..47.81 rows=11 width=121)
	        Sort Key: c
	        ->  Index Scan using sbtest7_pkey on sbtest7  (cost=0.43..47.59 rows=11 width=121)
	              Index Cond: ((id >= 6450118) AND (id <= 6450127))

table 8 : explain SELECT DISTINCT c FROM sbtest8 WHERE id BETWEEN 8554027 AND 8554036 ORDER BY c
	Unique  (cost=43.86..43.91 rows=10 width=121)
	  ->  Sort  (cost=43.86..43.89 rows=10 width=121)
	        Sort Key: c
	        ->  Index Scan using sbtest8_pkey on sbtest8  (cost=0.43..43.70 rows=10 width=121)
	              Index Cond: ((id >= 8554027) AND (id <= 8554036))

for: order_ranges
table 1 : explain SELECT c FROM sbtest1 WHERE id BETWEEN 3092373 AND 3092382 ORDER BY c
	Sort  (cost=39.99..40.01 rows=9 width=121)
	  Sort Key: c
	  ->  Index Scan using sbtest1_pkey on sbtest1  (cost=0.43..39.84 rows=9 width=121)
	        Index Cond: ((id >= 3092373) AND (id <= 3092382))

table 2 : explain SELECT c FROM sbtest2 WHERE id BETWEEN 3115332 AND 3115341 ORDER BY c
	Sort  (cost=43.83..43.86 rows=10 width=121)
	  Sort Key: c
	  ->  Index Scan using sbtest2_pkey on sbtest2  (cost=0.43..43.67 rows=10 width=121)
	        Index Cond: ((id >= 3115332) AND (id <= 3115341))

table 3 : explain SELECT c FROM sbtest3 WHERE id BETWEEN 8705391 AND 8705400 ORDER BY c
	Sort  (cost=43.95..43.97 rows=10 width=121)
	  Sort Key: c
	  ->  Index Scan using sbtest3_pkey on sbtest3  (cost=0.43..43.78 rows=10 width=121)
	        Index Cond: ((id >= 8705391) AND (id <= 8705400))

table 4 : explain SELECT c FROM sbtest4 WHERE id BETWEEN 3589515 AND 3589524 ORDER BY c
	Sort  (cost=47.72..47.75 rows=11 width=121)
	  Sort Key: c
	  ->  Index Scan using sbtest4_pkey on sbtest4  (cost=0.43..47.53 rows=11 width=121)
	        Index Cond: ((id >= 3589515) AND (id <= 3589524))

table 5 : explain SELECT c FROM sbtest5 WHERE id BETWEEN 7635886 AND 7635895 ORDER BY c
	Sort  (cost=43.85..43.87 rows=10 width=121)
	  Sort Key: c
	  ->  Index Scan using sbtest5_pkey on sbtest5  (cost=0.43..43.68 rows=10 width=121)
	        Index Cond: ((id >= 7635886) AND (id <= 7635895))

table 6 : explain SELECT c FROM sbtest6 WHERE id BETWEEN 6426169 AND 6426178 ORDER BY c
	Sort  (cost=43.92..43.95 rows=10 width=121)
	  Sort Key: c
	  ->  Index Scan using sbtest6_pkey on sbtest6  (cost=0.43..43.75 rows=10 width=121)
	        Index Cond: ((id >= 6426169) AND (id <= 6426178))

table 7 : explain SELECT c FROM sbtest7 WHERE id BETWEEN 6220707 AND 6220716 ORDER BY c
	Sort  (cost=43.84..43.87 rows=10 width=121)
	  Sort Key: c
	  ->  Index Scan using sbtest7_pkey on sbtest7  (cost=0.43..43.68 rows=10 width=121)
	        Index Cond: ((id >= 6220707) AND (id <= 6220716))

table 8 : explain SELECT c FROM sbtest8 WHERE id BETWEEN 3530259 AND 3530268 ORDER BY c
	Sort  (cost=43.86..43.89 rows=10 width=121)
	  Sort Key: c
	  ->  Index Scan using sbtest8_pkey on sbtest8  (cost=0.43..43.70 rows=10 width=121)
	        Index Cond: ((id >= 3530259) AND (id <= 3530268))

for: distinct_ranges
table 1 : explain SELECT DISTINCT c FROM sbtest1 WHERE id BETWEEN 6069301 AND 6069310 ORDER BY c
	Unique  (cost=43.93..43.98 rows=10 width=121)
	  ->  Sort  (cost=43.93..43.96 rows=10 width=121)
	        Sort Key: c
	        ->  Index Scan using sbtest1_pkey on sbtest1  (cost=0.43..43.77 rows=10 width=121)
	              Index Cond: ((id >= 6069301) AND (id <= 6069310))

table 2 : explain SELECT DISTINCT c FROM sbtest2 WHERE id BETWEEN 8016969 AND 8016978 ORDER BY c
	Unique  (cost=43.83..43.88 rows=10 width=121)
	  ->  Sort  (cost=43.83..43.86 rows=10 width=121)
	        Sort Key: c
	        ->  Index Scan using sbtest2_pkey on sbtest2  (cost=0.43..43.67 rows=10 width=121)
	              Index Cond: ((id >= 8016969) AND (id <= 8016978))

table 3 : explain SELECT DISTINCT c FROM sbtest3 WHERE id BETWEEN 1972932 AND 1972941 ORDER BY c
	Unique  (cost=40.00..40.05 rows=9 width=121)
	  ->  Sort  (cost=40.00..40.02 rows=9 width=121)
	        Sort Key: c
	        ->  Index Scan using sbtest3_pkey on sbtest3  (cost=0.43..39.86 rows=9 width=121)
	              Index Cond: ((id >= 1972932) AND (id <= 1972941))

table 4 : explain SELECT DISTINCT c FROM sbtest4 WHERE id BETWEEN 1678195 AND 1678204 ORDER BY c
	Unique  (cost=43.79..43.84 rows=10 width=121)
	  ->  Sort  (cost=43.79..43.82 rows=10 width=121)
	        Sort Key: c
	        ->  Index Scan using sbtest4_pkey on sbtest4  (cost=0.43..43.62 rows=10 width=121)
	              Index Cond: ((id >= 1678195) AND (id <= 1678204))

table 5 : explain SELECT DISTINCT c FROM sbtest5 WHERE id BETWEEN 2217433 AND 2217442 ORDER BY c
	Unique  (cost=43.85..43.90 rows=10 width=121)
	  ->  Sort  (cost=43.85..43.87 rows=10 width=121)
	        Sort Key: c
	        ->  Index Scan using sbtest5_pkey on sbtest5  (cost=0.43..43.68 rows=10 width=121)
	              Index Cond: ((id >= 2217433) AND (id <= 2217442))

table 6 : explain SELECT DISTINCT c FROM sbtest6 WHERE id BETWEEN 1510548 AND 1510557 ORDER BY c
	Unique  (cost=43.92..43.97 rows=10 width=121)
	  ->  Sort  (cost=43.92..43.95 rows=10 width=121)
	        Sort Key: c
	        ->  Index Scan using sbtest6_pkey on sbtest6  (cost=0.43..43.75 rows=10 width=121)
	              Index Cond: ((id >= 1510548) AND (id <= 1510557))

table 7 : explain SELECT DISTINCT c FROM sbtest7 WHERE id BETWEEN 6540653 AND 6540662 ORDER BY c
	Unique  (cost=39.91..39.95 rows=9 width=121)
	  ->  Sort  (cost=39.91..39.93 rows=9 width=121)
	        Sort Key: c
	        ->  Index Scan using sbtest7_pkey on sbtest7  (cost=0.43..39.76 rows=9 width=121)
	              Index Cond: ((id >= 6540653) AND (id <= 6540662))

table 8 : explain SELECT DISTINCT c FROM sbtest8 WHERE id BETWEEN 7211533 AND 7211542 ORDER BY c
	Unique  (cost=43.86..43.91 rows=10 width=121)
	  ->  Sort  (cost=43.86..43.89 rows=10 width=121)
	        Sort Key: c
	        ->  Index Scan using sbtest8_pkey on sbtest8  (cost=0.43..43.70 rows=10 width=121)
	              Index Cond: ((id >= 7211533) AND (id <= 7211542))

for: order_ranges
table 1 : explain SELECT c FROM sbtest1 WHERE id BETWEEN 1468613 AND 1468622 ORDER BY c
	Sort  (cost=43.93..43.96 rows=10 width=121)
	  Sort Key: c
	  ->  Index Scan using sbtest1_pkey on sbtest1  (cost=0.43..43.77 rows=10 width=121)
	        Index Cond: ((id >= 1468613) AND (id <= 1468622))

table 2 : explain SELECT c FROM sbtest2 WHERE id BETWEEN 9376860 AND 9376869 ORDER BY c
	Sort  (cost=43.83..43.86 rows=10 width=121)
	  Sort Key: c
	  ->  Index Scan using sbtest2_pkey on sbtest2  (cost=0.43..43.67 rows=10 width=121)
	        Index Cond: ((id >= 9376860) AND (id <= 9376869))

table 3 : explain SELECT c FROM sbtest3 WHERE id BETWEEN 5696445 AND 5696454 ORDER BY c
	Sort  (cost=40.00..40.02 rows=9 width=121)
	  Sort Key: c
	  ->  Index Scan using sbtest3_pkey on sbtest3  (cost=0.43..39.86 rows=9 width=121)
	        Index Cond: ((id >= 5696445) AND (id <= 5696454))

table 4 : explain SELECT c FROM sbtest4 WHERE id BETWEEN 2488571 AND 2488580 ORDER BY c
	Sort  (cost=43.79..43.82 rows=10 width=121)
	  Sort Key: c
	  ->  Index Scan using sbtest4_pkey on sbtest4  (cost=0.43..43.62 rows=10 width=121)
	        Index Cond: ((id >= 2488571) AND (id <= 2488580))

table 5 : explain SELECT c FROM sbtest5 WHERE id BETWEEN 7754589 AND 7754598 ORDER BY c
	Sort  (cost=43.85..43.87 rows=10 width=121)
	  Sort Key: c
	  ->  Index Scan using sbtest5_pkey on sbtest5  (cost=0.43..43.68 rows=10 width=121)
	        Index Cond: ((id >= 7754589) AND (id <= 7754598))

table 6 : explain SELECT c FROM sbtest6 WHERE id BETWEEN 6645236 AND 6645245 ORDER BY c
	Sort  (cost=43.92..43.95 rows=10 width=121)
	  Sort Key: c
	  ->  Index Scan using sbtest6_pkey on sbtest6  (cost=0.43..43.75 rows=10 width=121)
	        Index Cond: ((id >= 6645236) AND (id <= 6645245))

table 7 : explain SELECT c FROM sbtest7 WHERE id BETWEEN 3275368 AND 3275377 ORDER BY c
	Sort  (cost=43.84..43.87 rows=10 width=121)
	  Sort Key: c
	  ->  Index Scan using sbtest7_pkey on sbtest7  (cost=0.43..43.68 rows=10 width=121)
	        Index Cond: ((id >= 3275368) AND (id <= 3275377))

table 8 : explain SELECT c FROM sbtest8 WHERE id BETWEEN 8154040 AND 8154049 ORDER BY c
	Sort  (cost=47.80..47.83 rows=11 width=121)
	  Sort Key: c
	  ->  Index Scan using sbtest8_pkey on sbtest8  (cost=0.43..47.61 rows=11 width=121)
	        Index Cond: ((id >= 8154040) AND (id <= 8154049))

for: distinct_ranges
table 1 : explain SELECT DISTINCT c FROM sbtest1 WHERE id BETWEEN 9635596 AND 9635605 ORDER BY c
	Unique  (cost=47.88..47.93 rows=11 width=121)
	  ->  Sort  (cost=47.88..47.91 rows=11 width=121)
	        Sort Key: c
	        ->  Index Scan using sbtest1_pkey on sbtest1  (cost=0.43..47.69 rows=11 width=121)
	              Index Cond: ((id >= 9635596) AND (id <= 9635605))

table 2 : explain SELECT DISTINCT c FROM sbtest2 WHERE id BETWEEN 6181529 AND 6181538 ORDER BY c
	Unique  (cost=43.83..43.88 rows=10 width=121)
	  ->  Sort  (cost=43.83..43.86 rows=10 width=121)
	        Sort Key: c
	        ->  Index Scan using sbtest2_pkey on sbtest2  (cost=0.43..43.67 rows=10 width=121)
	              Index Cond: ((id >= 6181529) AND (id <= 6181538))

table 3 : explain SELECT DISTINCT c FROM sbtest3 WHERE id BETWEEN 1838249 AND 1838258 ORDER BY c
	Unique  (cost=47.90..47.95 rows=11 width=121)
	  ->  Sort  (cost=47.90..47.93 rows=11 width=121)
	        Sort Key: c
	        ->  Index Scan using sbtest3_pkey on sbtest3  (cost=0.43..47.71 rows=11 width=121)
	              Index Cond: ((id >= 1838249) AND (id <= 1838258))

table 4 : explain SELECT DISTINCT c FROM sbtest4 WHERE id BETWEEN 1361119 AND 1361128 ORDER BY c
	Unique  (cost=43.79..43.84 rows=10 width=121)
	  ->  Sort  (cost=43.79..43.82 rows=10 width=121)
	        Sort Key: c
	        ->  Index Scan using sbtest4_pkey on sbtest4  (cost=0.43..43.62 rows=10 width=121)
	              Index Cond: ((id >= 1361119) AND (id <= 1361128))

table 5 : explain SELECT DISTINCT c FROM sbtest5 WHERE id BETWEEN 7157567 AND 7157576 ORDER BY c
	Unique  (cost=47.78..47.84 rows=11 width=121)
	  ->  Sort  (cost=47.78..47.81 rows=11 width=121)
	        Sort Key: c
	        ->  Index Scan using sbtest5_pkey on sbtest5  (cost=0.43..47.59 rows=11 width=121)
	              Index Cond: ((id >= 7157567) AND (id <= 7157576))

table 6 : explain SELECT DISTINCT c FROM sbtest6 WHERE id BETWEEN 8468589 AND 8468598 ORDER BY c
	Unique  (cost=43.92..43.97 rows=10 width=121)
	  ->  Sort  (cost=43.92..43.95 rows=10 width=121)
	        Sort Key: c
	        ->  Index Scan using sbtest6_pkey on sbtest6  (cost=0.43..43.75 rows=10 width=121)
	              Index Cond: ((id >= 8468589) AND (id <= 8468598))

table 7 : explain SELECT DISTINCT c FROM sbtest7 WHERE id BETWEEN 7005435 AND 7005444 ORDER BY c
	Unique  (cost=43.84..43.89 rows=10 width=121)
	  ->  Sort  (cost=43.84..43.87 rows=10 width=121)
	        Sort Key: c
	        ->  Index Scan using sbtest7_pkey on sbtest7  (cost=0.43..43.68 rows=10 width=121)
	              Index Cond: ((id >= 7005435) AND (id <= 7005444))

table 8 : explain SELECT DISTINCT c FROM sbtest8 WHERE id BETWEEN 620798 AND 620807 ORDER BY c
	Unique  (cost=43.86..43.91 rows=10 width=121)
	  ->  Sort  (cost=43.86..43.89 rows=10 width=121)
	        Sort Key: c
	        ->  Index Scan using sbtest8_pkey on sbtest8  (cost=0.43..43.70 rows=10 width=121)
	              Index Cond: ((id >= 620798) AND (id <= 620807))

for: order_ranges
table 1 : explain SELECT c FROM sbtest1 WHERE id BETWEEN 2882299 AND 2882308 ORDER BY c
	Sort  (cost=39.99..40.01 rows=9 width=121)
	  Sort Key: c
	  ->  Index Scan using sbtest1_pkey on sbtest1  (cost=0.43..39.84 rows=9 width=121)
	        Index Cond: ((id >= 2882299) AND (id <= 2882308))

table 2 : explain SELECT c FROM sbtest2 WHERE id BETWEEN 3525608 AND 3525617 ORDER BY c
	Sort  (cost=43.83..43.86 rows=10 width=121)
	  Sort Key: c
	  ->  Index Scan using sbtest2_pkey on sbtest2  (cost=0.43..43.67 rows=10 width=121)
	        Index Cond: ((id >= 3525608) AND (id <= 3525617))

table 3 : explain SELECT c FROM sbtest3 WHERE id BETWEEN 9597476 AND 9597485 ORDER BY c
	Sort  (cost=40.00..40.02 rows=9 width=121)
	  Sort Key: c
	  ->  Index Scan using sbtest3_pkey on sbtest3  (cost=0.43..39.86 rows=9 width=121)
	        Index Cond: ((id >= 9597476) AND (id <= 9597485))

table 4 : explain SELECT c FROM sbtest4 WHERE id BETWEEN 2912515 AND 2912524 ORDER BY c
	Sort  (cost=47.72..47.75 rows=11 width=121)
	  Sort Key: c
	  ->  Index Scan using sbtest4_pkey on sbtest4  (cost=0.43..47.53 rows=11 width=121)
	        Index Cond: ((id >= 2912515) AND (id <= 2912524))

table 5 : explain SELECT c FROM sbtest5 WHERE id BETWEEN 8477576 AND 8477585 ORDER BY c
	Sort  (cost=43.85..43.87 rows=10 width=121)
	  Sort Key: c
	  ->  Index Scan using sbtest5_pkey on sbtest5  (cost=0.43..43.68 rows=10 width=121)
	        Index Cond: ((id >= 8477576) AND (id <= 8477585))

table 6 : explain SELECT c FROM sbtest6 WHERE id BETWEEN 3786331 AND 3786340 ORDER BY c
	Sort  (cost=43.92..43.95 rows=10 width=121)
	  Sort Key: c
	  ->  Index Scan using sbtest6_pkey on sbtest6  (cost=0.43..43.75 rows=10 width=121)
	        Index Cond: ((id >= 3786331) AND (id <= 3786340))

table 7 : explain SELECT c FROM sbtest7 WHERE id BETWEEN 7776737 AND 7776746 ORDER BY c
	Sort  (cost=43.84..43.87 rows=10 width=121)
	  Sort Key: c
	  ->  Index Scan using sbtest7_pkey on sbtest7  (cost=0.43..43.68 rows=10 width=121)
	        Index Cond: ((id >= 7776737) AND (id <= 7776746))

table 8 : explain SELECT c FROM sbtest8 WHERE id BETWEEN 8963616 AND 8963625 ORDER BY c
	Sort  (cost=43.86..43.89 rows=10 width=121)
	  Sort Key: c
	  ->  Index Scan using sbtest8_pkey on sbtest8  (cost=0.43..43.70 rows=10 width=121)
	        Index Cond: ((id >= 8963616) AND (id <= 8963625))

for: distinct_ranges
table 1 : explain SELECT DISTINCT c FROM sbtest1 WHERE id BETWEEN 9797415 AND 9797424 ORDER BY c
	Unique  (cost=47.88..47.93 rows=11 width=121)
	  ->  Sort  (cost=47.88..47.91 rows=11 width=121)
	        Sort Key: c
	        ->  Index Scan using sbtest1_pkey on sbtest1  (cost=0.43..47.69 rows=11 width=121)
	              Index Cond: ((id >= 9797415) AND (id <= 9797424))

table 2 : explain SELECT DISTINCT c FROM sbtest2 WHERE id BETWEEN 264120 AND 264129 ORDER BY c
	Unique  (cost=43.83..43.88 rows=10 width=121)
	  ->  Sort  (cost=43.83..43.86 rows=10 width=121)
	        Sort Key: c
	        ->  Index Scan using sbtest2_pkey on sbtest2  (cost=0.43..43.67 rows=10 width=121)
	              Index Cond: ((id >= 264120) AND (id <= 264129))

table 3 : explain SELECT DISTINCT c FROM sbtest3 WHERE id BETWEEN 3096936 AND 3096945 ORDER BY c
	Unique  (cost=40.00..40.05 rows=9 width=121)
	  ->  Sort  (cost=40.00..40.02 rows=9 width=121)
	        Sort Key: c
	        ->  Index Scan using sbtest3_pkey on sbtest3  (cost=0.43..39.86 rows=9 width=121)
	              Index Cond: ((id >= 3096936) AND (id <= 3096945))

table 4 : explain SELECT DISTINCT c FROM sbtest4 WHERE id BETWEEN 7912831 AND 7912840 ORDER BY c
	Unique  (cost=43.79..43.84 rows=10 width=121)
	  ->  Sort  (cost=43.79..43.82 rows=10 width=121)
	        Sort Key: c
	        ->  Index Scan using sbtest4_pkey on sbtest4  (cost=0.43..43.62 rows=10 width=121)
	              Index Cond: ((id >= 7912831) AND (id <= 7912840))

table 5 : explain SELECT DISTINCT c FROM sbtest5 WHERE id BETWEEN 1310315 AND 1310324 ORDER BY c
	Unique  (cost=39.91..39.95 rows=9 width=121)
	  ->  Sort  (cost=39.91..39.93 rows=9 width=121)
	        Sort Key: c
	        ->  Index Scan using sbtest5_pkey on sbtest5  (cost=0.43..39.77 rows=9 width=121)
	              Index Cond: ((id >= 1310315) AND (id <= 1310324))

table 6 : explain SELECT DISTINCT c FROM sbtest6 WHERE id BETWEEN 1210967 AND 1210976 ORDER BY c
	Unique  (cost=39.98..40.02 rows=9 width=121)
	  ->  Sort  (cost=39.98..40.00 rows=9 width=121)
	        Sort Key: c
	        ->  Index Scan using sbtest6_pkey on sbtest6  (cost=0.43..39.83 rows=9 width=121)
	              Index Cond: ((id >= 1210967) AND (id <= 1210976))

table 7 : explain SELECT DISTINCT c FROM sbtest7 WHERE id BETWEEN 3371313 AND 3371322 ORDER BY c
	Unique  (cost=47.78..47.84 rows=11 width=121)
	  ->  Sort  (cost=47.78..47.81 rows=11 width=121)
	        Sort Key: c
	        ->  Index Scan using sbtest7_pkey on sbtest7  (cost=0.43..47.59 rows=11 width=121)
	              Index Cond: ((id >= 3371313) AND (id <= 3371322))

table 8 : explain SELECT DISTINCT c FROM sbtest8 WHERE id BETWEEN 9253055 AND 9253064 ORDER BY c
	Unique  (cost=43.86..43.91 rows=10 width=121)
	  ->  Sort  (cost=43.86..43.89 rows=10 width=121)
	        Sort Key: c
	        ->  Index Scan using sbtest8_pkey on sbtest8  (cost=0.43..43.70 rows=10 width=121)
	              Index Cond: ((id >= 9253055) AND (id <= 9253064))

for: order_ranges
table 1 : explain SELECT c FROM sbtest1 WHERE id BETWEEN 5854676 AND 5854685 ORDER BY c
	Sort  (cost=43.93..43.96 rows=10 width=121)
	  Sort Key: c
	  ->  Index Scan using sbtest1_pkey on sbtest1  (cost=0.43..43.77 rows=10 width=121)
	        Index Cond: ((id >= 5854676) AND (id <= 5854685))

table 2 : explain SELECT c FROM sbtest2 WHERE id BETWEEN 6197617 AND 6197626 ORDER BY c
	Sort  (cost=43.83..43.86 rows=10 width=121)
	  Sort Key: c
	  ->  Index Scan using sbtest2_pkey on sbtest2  (cost=0.43..43.67 rows=10 width=121)
	        Index Cond: ((id >= 6197617) AND (id <= 6197626))

table 3 : explain SELECT c FROM sbtest3 WHERE id BETWEEN 8743506 AND 8743515 ORDER BY c
	Sort  (cost=43.95..43.97 rows=10 width=121)
	  Sort Key: c
	  ->  Index Scan using sbtest3_pkey on sbtest3  (cost=0.43..43.78 rows=10 width=121)
	        Index Cond: ((id >= 8743506) AND (id <= 8743515))

table 4 : explain SELECT c FROM sbtest4 WHERE id BETWEEN 8274905 AND 8274914 ORDER BY c
	Sort  (cost=43.79..43.82 rows=10 width=121)
	  Sort Key: c
	  ->  Index Scan using sbtest4_pkey on sbtest4  (cost=0.43..43.62 rows=10 width=121)
	        Index Cond: ((id >= 8274905) AND (id <= 8274914))

table 5 : explain SELECT c FROM sbtest5 WHERE id BETWEEN 3094073 AND 3094082 ORDER BY c
	Sort  (cost=43.85..43.87 rows=10 width=121)
	  Sort Key: c
	  ->  Index Scan using sbtest5_pkey on sbtest5  (cost=0.43..43.68 rows=10 width=121)
	        Index Cond: ((id >= 3094073) AND (id <= 3094082))

table 6 : explain SELECT c FROM sbtest6 WHERE id BETWEEN 9884765 AND 9884774 ORDER BY c
	Sort  (cost=43.92..43.95 rows=10 width=121)
	  Sort Key: c
	  ->  Index Scan using sbtest6_pkey on sbtest6  (cost=0.43..43.75 rows=10 width=121)
	        Index Cond: ((id >= 9884765) AND (id <= 9884774))

table 7 : explain SELECT c FROM sbtest7 WHERE id BETWEEN 9491473 AND 9491482 ORDER BY c
	Sort  (cost=43.84..43.87 rows=10 width=121)
	  Sort Key: c
	  ->  Index Scan using sbtest7_pkey on sbtest7  (cost=0.43..43.68 rows=10 width=121)
	        Index Cond: ((id >= 9491473) AND (id <= 9491482))

table 8 : explain SELECT c FROM sbtest8 WHERE id BETWEEN 2633064 AND 2633073 ORDER BY c
	Sort  (cost=43.86..43.89 rows=10 width=121)
	  Sort Key: c
	  ->  Index Scan using sbtest8_pkey on sbtest8  (cost=0.43..43.70 rows=10 width=121)
	        Index Cond: ((id >= 2633064) AND (id <= 2633073))

for: distinct_ranges
table 1 : explain SELECT DISTINCT c FROM sbtest1 WHERE id BETWEEN 5747417 AND 5747426 ORDER BY c
	Unique  (cost=43.93..43.98 rows=10 width=121)
	  ->  Sort  (cost=43.93..43.96 rows=10 width=121)
	        Sort Key: c
	        ->  Index Scan using sbtest1_pkey on sbtest1  (cost=0.43..43.77 rows=10 width=121)
	              Index Cond: ((id >= 5747417) AND (id <= 5747426))

table 2 : explain SELECT DISTINCT c FROM sbtest2 WHERE id BETWEEN 9884098 AND 9884107 ORDER BY c
	Unique  (cost=43.83..43.88 rows=10 width=121)
	  ->  Sort  (cost=43.83..43.86 rows=10 width=121)
	        Sort Key: c
	        ->  Index Scan using sbtest2_pkey on sbtest2  (cost=0.43..43.67 rows=10 width=121)
	              Index Cond: ((id >= 9884098) AND (id <= 9884107))

table 3 : explain SELECT DISTINCT c FROM sbtest3 WHERE id BETWEEN 1729797 AND 1729806 ORDER BY c
	Unique  (cost=40.00..40.05 rows=9 width=121)
	  ->  Sort  (cost=40.00..40.02 rows=9 width=121)
	        Sort Key: c
	        ->  Index Scan using sbtest3_pkey on sbtest3  (cost=0.43..39.86 rows=9 width=121)
	              Index Cond: ((id >= 1729797) AND (id <= 1729806))

table 4 : explain SELECT DISTINCT c FROM sbtest4 WHERE id BETWEEN 1573109 AND 1573118 ORDER BY c
	Unique  (cost=47.72..47.78 rows=11 width=121)
	  ->  Sort  (cost=47.72..47.75 rows=11 width=121)
	        Sort Key: c
	        ->  Index Scan using sbtest4_pkey on sbtest4  (cost=0.43..47.53 rows=11 width=121)
	              Index Cond: ((id >= 1573109) AND (id <= 1573118))

table 5 : explain SELECT DISTINCT c FROM sbtest5 WHERE id BETWEEN 4681353 AND 4681362 ORDER BY c
	Unique  (cost=43.85..43.90 rows=10 width=121)
	  ->  Sort  (cost=43.85..43.87 rows=10 width=121)
	        Sort Key: c
	        ->  Index Scan using sbtest5_pkey on sbtest5  (cost=0.43..43.68 rows=10 width=121)
	              Index Cond: ((id >= 4681353) AND (id <= 4681362))

table 6 : explain SELECT DISTINCT c FROM sbtest6 WHERE id BETWEEN 9154849 AND 9154858 ORDER BY c
	Unique  (cost=43.92..43.97 rows=10 width=121)
	  ->  Sort  (cost=43.92..43.95 rows=10 width=121)
	        Sort Key: c
	        ->  Index Scan using sbtest6_pkey on sbtest6  (cost=0.43..43.75 rows=10 width=121)
	              Index Cond: ((id >= 9154849) AND (id <= 9154858))

table 7 : explain SELECT DISTINCT c FROM sbtest7 WHERE id BETWEEN 9190392 AND 9190401 ORDER BY c
	Unique  (cost=39.91..39.95 rows=9 width=121)
	  ->  Sort  (cost=39.91..39.93 rows=9 width=121)
	        Sort Key: c
	        ->  Index Scan using sbtest7_pkey on sbtest7  (cost=0.43..39.76 rows=9 width=121)
	              Index Cond: ((id >= 9190392) AND (id <= 9190401))

table 8 : explain SELECT DISTINCT c FROM sbtest8 WHERE id BETWEEN 190865 AND 190874 ORDER BY c
	Unique  (cost=39.92..39.97 rows=9 width=121)
	  ->  Sort  (cost=39.92..39.94 rows=9 width=121)
	        Sort Key: c
	        ->  Index Scan using sbtest8_pkey on sbtest8  (cost=0.43..39.78 rows=9 width=121)
	              Index Cond: ((id >= 190865) AND (id <= 190874))

for: order_ranges
table 1 : explain SELECT c FROM sbtest1 WHERE id BETWEEN 5959485 AND 5959494 ORDER BY c
	Sort  (cost=43.93..43.96 rows=10 width=121)
	  Sort Key: c
	  ->  Index Scan using sbtest1_pkey on sbtest1  (cost=0.43..43.77 rows=10 width=121)
	        Index Cond: ((id >= 5959485) AND (id <= 5959494))

table 2 : explain SELECT c FROM sbtest2 WHERE id BETWEEN 4798873 AND 4798882 ORDER BY c
	Sort  (cost=47.77..47.80 rows=11 width=121)
	  Sort Key: c
	  ->  Index Scan using sbtest2_pkey on sbtest2  (cost=0.43..47.58 rows=11 width=121)
	        Index Cond: ((id >= 4798873) AND (id <= 4798882))

table 3 : explain SELECT c FROM sbtest3 WHERE id BETWEEN 7473363 AND 7473372 ORDER BY c
	Sort  (cost=40.00..40.02 rows=9 width=121)
	  Sort Key: c
	  ->  Index Scan using sbtest3_pkey on sbtest3  (cost=0.43..39.86 rows=9 width=121)
	        Index Cond: ((id >= 7473363) AND (id <= 7473372))

table 4 : explain SELECT c FROM sbtest4 WHERE id BETWEEN 1659768 AND 1659777 ORDER BY c
	Sort  (cost=43.79..43.82 rows=10 width=121)
	  Sort Key: c
	  ->  Index Scan using sbtest4_pkey on sbtest4  (cost=0.43..43.62 rows=10 width=121)
	        Index Cond: ((id >= 1659768) AND (id <= 1659777))

table 5 : explain SELECT c FROM sbtest5 WHERE id BETWEEN 2510784 AND 2510793 ORDER BY c
	Sort  (cost=47.78..47.81 rows=11 width=121)
	  Sort Key: c
	  ->  Index Scan using sbtest5_pkey on sbtest5  (cost=0.43..47.59 rows=11 width=121)
	        Index Cond: ((id >= 2510784) AND (id <= 2510793))

table 6 : explain SELECT c FROM sbtest6 WHERE id BETWEEN 8717847 AND 8717856 ORDER BY c
	Sort  (cost=39.98..40.00 rows=9 width=121)
	  Sort Key: c
	  ->  Index Scan using sbtest6_pkey on sbtest6  (cost=0.43..39.83 rows=9 width=121)
	        Index Cond: ((id >= 8717847) AND (id <= 8717856))

table 7 : explain SELECT c FROM sbtest7 WHERE id BETWEEN 3446521 AND 3446530 ORDER BY c
	Sort  (cost=43.84..43.87 rows=10 width=121)
	  Sort Key: c
	  ->  Index Scan using sbtest7_pkey on sbtest7  (cost=0.43..43.68 rows=10 width=121)
	        Index Cond: ((id >= 3446521) AND (id <= 3446530))

table 8 : explain SELECT c FROM sbtest8 WHERE id BETWEEN 2529426 AND 2529435 ORDER BY c
	Sort  (cost=47.80..47.83 rows=11 width=121)
	  Sort Key: c
	  ->  Index Scan using sbtest8_pkey on sbtest8  (cost=0.43..47.61 rows=11 width=121)
	        Index Cond: ((id >= 2529426) AND (id <= 2529435))

for: order_ranges
table 1 : explain SELECT c FROM sbtest1 WHERE id BETWEEN 1352434 AND 1352443 ORDER BY c
	Sort  (cost=43.93..43.96 rows=10 width=121)
	  Sort Key: c
	  ->  Index Scan using sbtest1_pkey on sbtest1  (cost=0.43..43.77 rows=10 width=121)
	        Index Cond: ((id >= 1352434) AND (id <= 1352443))

table 2 : explain SELECT c FROM sbtest2 WHERE id BETWEEN 314783 AND 314792 ORDER BY c
	Sort  (cost=43.83..43.86 rows=10 width=121)
	  Sort Key: c
	  ->  Index Scan using sbtest2_pkey on sbtest2  (cost=0.43..43.67 rows=10 width=121)
	        Index Cond: ((id >= 314783) AND (id <= 314792))

table 3 : explain SELECT c FROM sbtest3 WHERE id BETWEEN 3941441 AND 3941450 ORDER BY c
	Sort  (cost=47.90..47.93 rows=11 width=121)
	  Sort Key: c
	  ->  Index Scan using sbtest3_pkey on sbtest3  (cost=0.43..47.71 rows=11 width=121)
	        Index Cond: ((id >= 3941441) AND (id <= 3941450))

table 4 : explain SELECT c FROM sbtest4 WHERE id BETWEEN 2621577 AND 2621586 ORDER BY c
	Sort  (cost=43.79..43.82 rows=10 width=121)
	  Sort Key: c
	  ->  Index Scan using sbtest4_pkey on sbtest4  (cost=0.43..43.62 rows=10 width=121)
	        Index Cond: ((id >= 2621577) AND (id <= 2621586))

table 5 : explain SELECT c FROM sbtest5 WHERE id BETWEEN 581093 AND 581102 ORDER BY c
	Sort  (cost=43.85..43.87 rows=10 width=121)
	  Sort Key: c
	  ->  Index Scan using sbtest5_pkey on sbtest5  (cost=0.43..43.68 rows=10 width=121)
	        Index Cond: ((id >= 581093) AND (id <= 581102))

table 6 : explain SELECT c FROM sbtest6 WHERE id BETWEEN 6607227 AND 6607236 ORDER BY c
	Sort  (cost=43.92..43.95 rows=10 width=121)
	  Sort Key: c
	  ->  Index Scan using sbtest6_pkey on sbtest6  (cost=0.43..43.75 rows=10 width=121)
	        Index Cond: ((id >= 6607227) AND (id <= 6607236))

table 7 : explain SELECT c FROM sbtest7 WHERE id BETWEEN 9257523 AND 9257532 ORDER BY c
	Sort  (cost=43.84..43.87 rows=10 width=121)
	  Sort Key: c
	  ->  Index Scan using sbtest7_pkey on sbtest7  (cost=0.43..43.68 rows=10 width=121)
	        Index Cond: ((id >= 9257523) AND (id <= 9257532))

table 8 : explain SELECT c FROM sbtest8 WHERE id BETWEEN 5235856 AND 5235865 ORDER BY c
	Sort  (cost=43.86..43.89 rows=10 width=121)
	  Sort Key: c
	  ->  Index Scan using sbtest8_pkey on sbtest8  (cost=0.43..43.70 rows=10 width=121)
	        Index Cond: ((id >= 5235856) AND (id <= 5235865))

for: distinct_ranges
table 1 : explain SELECT DISTINCT c FROM sbtest1 WHERE id BETWEEN 733856 AND 733865 ORDER BY c
	Unique  (cost=43.93..43.98 rows=10 width=121)
	  ->  Sort  (cost=43.93..43.96 rows=10 width=121)
	        Sort Key: c
	        ->  Index Scan using sbtest1_pkey on sbtest1  (cost=0.43..43.77 rows=10 width=121)
	              Index Cond: ((id >= 733856) AND (id <= 733865))

table 2 : explain SELECT DISTINCT c FROM sbtest2 WHERE id BETWEEN 5109736 AND 5109745 ORDER BY c
	Unique  (cost=39.90..39.94 rows=9 width=121)
	  ->  Sort  (cost=39.90..39.92 rows=9 width=121)
	        Sort Key: c
	        ->  Index Scan using sbtest2_pkey on sbtest2  (cost=0.43..39.75 rows=9 width=121)
	              Index Cond: ((id >= 5109736) AND (id <= 5109745))

table 3 : explain SELECT DISTINCT c FROM sbtest3 WHERE id BETWEEN 5328010 AND 5328019 ORDER BY c
	Unique  (cost=40.00..40.05 rows=9 width=121)
	  ->  Sort  (cost=40.00..40.02 rows=9 width=121)
	        Sort Key: c
	        ->  Index Scan using sbtest3_pkey on sbtest3  (cost=0.43..39.86 rows=9 width=121)
	              Index Cond: ((id >= 5328010) AND (id <= 5328019))

table 4 : explain SELECT DISTINCT c FROM sbtest4 WHERE id BETWEEN 9533634 AND 9533643 ORDER BY c
	Unique  (cost=47.72..47.78 rows=11 width=121)
	  ->  Sort  (cost=47.72..47.75 rows=11 width=121)
	        Sort Key: c
	        ->  Index Scan using sbtest4_pkey on sbtest4  (cost=0.43..47.53 rows=11 width=121)
	              Index Cond: ((id >= 9533634) AND (id <= 9533643))

table 5 : explain SELECT DISTINCT c FROM sbtest5 WHERE id BETWEEN 7800469 AND 7800478 ORDER BY c
	Unique  (cost=47.78..47.84 rows=11 width=121)
	  ->  Sort  (cost=47.78..47.81 rows=11 width=121)
	        Sort Key: c
	        ->  Index Scan using sbtest5_pkey on sbtest5  (cost=0.43..47.59 rows=11 width=121)
	              Index Cond: ((id >= 7800469) AND (id <= 7800478))

table 6 : explain SELECT DISTINCT c FROM sbtest6 WHERE id BETWEEN 1269202 AND 1269211 ORDER BY c
	Unique  (cost=47.87..47.92 rows=11 width=121)
	  ->  Sort  (cost=47.87..47.89 rows=11 width=121)
	        Sort Key: c
	        ->  Index Scan using sbtest6_pkey on sbtest6  (cost=0.43..47.68 rows=11 width=121)
	              Index Cond: ((id >= 1269202) AND (id <= 1269211))

table 7 : explain SELECT DISTINCT c FROM sbtest7 WHERE id BETWEEN 9877184 AND 9877193 ORDER BY c
	Unique  (cost=43.84..43.89 rows=10 width=121)
	  ->  Sort  (cost=43.84..43.87 rows=10 width=121)
	        Sort Key: c
	        ->  Index Scan using sbtest7_pkey on sbtest7  (cost=0.43..43.68 rows=10 width=121)
	              Index Cond: ((id >= 9877184) AND (id <= 9877193))

table 8 : explain SELECT DISTINCT c FROM sbtest8 WHERE id BETWEEN 3267872 AND 3267881 ORDER BY c
	Unique  (cost=47.80..47.86 rows=11 width=121)
	  ->  Sort  (cost=47.80..47.83 rows=11 width=121)
	        Sort Key: c
	        ->  Index Scan using sbtest8_pkey on sbtest8  (cost=0.43..47.61 rows=11 width=121)
	              Index Cond: ((id >= 3267872) AND (id <= 3267881))

for: distinct_ranges
table 1 : explain SELECT DISTINCT c FROM sbtest1 WHERE id BETWEEN 546390 AND 546399 ORDER BY c
	Unique  (cost=47.88..47.93 rows=11 width=121)
	  ->  Sort  (cost=47.88..47.91 rows=11 width=121)
	        Sort Key: c
	        ->  Index Scan using sbtest1_pkey on sbtest1  (cost=0.43..47.69 rows=11 width=121)
	              Index Cond: ((id >= 546390) AND (id <= 546399))

table 2 : explain SELECT DISTINCT c FROM sbtest2 WHERE id BETWEEN 9915528 AND 9915537 ORDER BY c
	Unique  (cost=47.77..47.83 rows=11 width=121)
	  ->  Sort  (cost=47.77..47.80 rows=11 width=121)
	        Sort Key: c
	        ->  Index Scan using sbtest2_pkey on sbtest2  (cost=0.43..47.58 rows=11 width=121)
	              Index Cond: ((id >= 9915528) AND (id <= 9915537))

table 3 : explain SELECT DISTINCT c FROM sbtest3 WHERE id BETWEEN 1177932 AND 1177941 ORDER BY c
	Unique  (cost=47.90..47.95 rows=11 width=121)
	  ->  Sort  (cost=47.90..47.93 rows=11 width=121)
	        Sort Key: c
	        ->  Index Scan using sbtest3_pkey on sbtest3  (cost=0.43..47.71 rows=11 width=121)
	              Index Cond: ((id >= 1177932) AND (id <= 1177941))

table 4 : explain SELECT DISTINCT c FROM sbtest4 WHERE id BETWEEN 6358988 AND 6358997 ORDER BY c
	Unique  (cost=47.72..47.78 rows=11 width=121)
	  ->  Sort  (cost=47.72..47.75 rows=11 width=121)
	        Sort Key: c
	        ->  Index Scan using sbtest4_pkey on sbtest4  (cost=0.43..47.53 rows=11 width=121)
	              Index Cond: ((id >= 6358988) AND (id <= 6358997))

table 5 : explain SELECT DISTINCT c FROM sbtest5 WHERE id BETWEEN 5580476 AND 5580485 ORDER BY c
	Unique  (cost=43.85..43.90 rows=10 width=121)
	  ->  Sort  (cost=43.85..43.87 rows=10 width=121)
	        Sort Key: c
	        ->  Index Scan using sbtest5_pkey on sbtest5  (cost=0.43..43.68 rows=10 width=121)
	              Index Cond: ((id >= 5580476) AND (id <= 5580485))

table 6 : explain SELECT DISTINCT c FROM sbtest6 WHERE id BETWEEN 6830896 AND 6830905 ORDER BY c
	Unique  (cost=43.92..43.97 rows=10 width=121)
	  ->  Sort  (cost=43.92..43.95 rows=10 width=121)
	        Sort Key: c
	        ->  Index Scan using sbtest6_pkey on sbtest6  (cost=0.43..43.75 rows=10 width=121)
	              Index Cond: ((id >= 6830896) AND (id <= 6830905))

table 7 : explain SELECT DISTINCT c FROM sbtest7 WHERE id BETWEEN 9486035 AND 9486044 ORDER BY c
	Unique  (cost=43.84..43.89 rows=10 width=121)
	  ->  Sort  (cost=43.84..43.87 rows=10 width=121)
	        Sort Key: c
	        ->  Index Scan using sbtest7_pkey on sbtest7  (cost=0.43..43.68 rows=10 width=121)
	              Index Cond: ((id >= 9486035) AND (id <= 9486044))

table 8 : explain SELECT DISTINCT c FROM sbtest8 WHERE id BETWEEN 2008889 AND 2008898 ORDER BY c
	Unique  (cost=43.86..43.91 rows=10 width=121)
	  ->  Sort  (cost=43.86..43.89 rows=10 width=121)
	        Sort Key: c
	        ->  Index Scan using sbtest8_pkey on sbtest8  (cost=0.43..43.70 rows=10 width=121)
	              Index Cond: ((id >= 2008889) AND (id <= 2008898))

for: distinct_ranges
table 1 : explain SELECT DISTINCT c FROM sbtest1 WHERE id BETWEEN 5941516 AND 5941525 ORDER BY c
	Unique  (cost=43.93..43.98 rows=10 width=121)
	  ->  Sort  (cost=43.93..43.96 rows=10 width=121)
	        Sort Key: c
	        ->  Index Scan using sbtest1_pkey on sbtest1  (cost=0.43..43.77 rows=10 width=121)
	              Index Cond: ((id >= 5941516) AND (id <= 5941525))

table 2 : explain SELECT DISTINCT c FROM sbtest2 WHERE id BETWEEN 4010348 AND 4010357 ORDER BY c
	Unique  (cost=43.83..43.88 rows=10 width=121)
	  ->  Sort  (cost=43.83..43.86 rows=10 width=121)
	        Sort Key: c
	        ->  Index Scan using sbtest2_pkey on sbtest2  (cost=0.43..43.67 rows=10 width=121)
	              Index Cond: ((id >= 4010348) AND (id <= 4010357))

table 3 : explain SELECT DISTINCT c FROM sbtest3 WHERE id BETWEEN 7846567 AND 7846576 ORDER BY c
	Unique  (cost=43.95..44.00 rows=10 width=121)
	  ->  Sort  (cost=43.95..43.97 rows=10 width=121)
	        Sort Key: c
	        ->  Index Scan using sbtest3_pkey on sbtest3  (cost=0.43..43.78 rows=10 width=121)
	              Index Cond: ((id >= 7846567) AND (id <= 7846576))

table 4 : explain SELECT DISTINCT c FROM sbtest4 WHERE id BETWEEN 9469033 AND 9469042 ORDER BY c
	Unique  (cost=39.86..39.90 rows=9 width=121)
	  ->  Sort  (cost=39.86..39.88 rows=9 width=121)
	        Sort Key: c
	        ->  Index Scan using sbtest4_pkey on sbtest4  (cost=0.43..39.72 rows=9 width=121)
	              Index Cond: ((id >= 9469033) AND (id <= 9469042))

table 5 : explain SELECT DISTINCT c FROM sbtest5 WHERE id BETWEEN 13854 AND 13863 ORDER BY c
	Unique  (cost=43.85..43.90 rows=10 width=121)
	  ->  Sort  (cost=43.85..43.87 rows=10 width=121)
	        Sort Key: c
	        ->  Index Scan using sbtest5_pkey on sbtest5  (cost=0.43..43.68 rows=10 width=121)
	              Index Cond: ((id >= 13854) AND (id <= 13863))

table 6 : explain SELECT DISTINCT c FROM sbtest6 WHERE id BETWEEN 6369877 AND 6369886 ORDER BY c
	Unique  (cost=43.92..43.97 rows=10 width=121)
	  ->  Sort  (cost=43.92..43.95 rows=10 width=121)
	        Sort Key: c
	        ->  Index Scan using sbtest6_pkey on sbtest6  (cost=0.43..43.75 rows=10 width=121)
	              Index Cond: ((id >= 6369877) AND (id <= 6369886))

table 7 : explain SELECT DISTINCT c FROM sbtest7 WHERE id BETWEEN 1688449 AND 1688458 ORDER BY c
	Unique  (cost=43.84..43.89 rows=10 width=121)
	  ->  Sort  (cost=43.84..43.87 rows=10 width=121)
	        Sort Key: c
	        ->  Index Scan using sbtest7_pkey on sbtest7  (cost=0.43..43.68 rows=10 width=121)
	              Index Cond: ((id >= 1688449) AND (id <= 1688458))

table 8 : explain SELECT DISTINCT c FROM sbtest8 WHERE id BETWEEN 5569624 AND 5569633 ORDER BY c
	Unique  (cost=43.86..43.91 rows=10 width=121)
	  ->  Sort  (cost=43.86..43.89 rows=10 width=121)
	        Sort Key: c
	        ->  Index Scan using sbtest8_pkey on sbtest8  (cost=0.43..43.70 rows=10 width=121)
	              Index Cond: ((id >= 5569624) AND (id <= 5569633))

for: sum_ranges
table 1 : explain SELECT SUM(k) FROM sbtest1 WHERE id BETWEEN 6616079 AND 6616088
	Aggregate  (cost=47.72..47.73 rows=1 width=8)
	  ->  Index Scan using sbtest1_pkey on sbtest1  (cost=0.43..47.69 rows=11 width=4)
	        Index Cond: ((id >= 6616079) AND (id <= 6616088))

table 2 : explain SELECT SUM(k) FROM sbtest2 WHERE id BETWEEN 2430947 AND 2430956
	Aggregate  (cost=39.78..39.79 rows=1 width=8)
	  ->  Index Scan using sbtest2_pkey on sbtest2  (cost=0.43..39.75 rows=9 width=4)
	        Index Cond: ((id >= 2430947) AND (id <= 2430956))

table 3 : explain SELECT SUM(k) FROM sbtest3 WHERE id BETWEEN 1671967 AND 1671976
	Aggregate  (cost=43.81..43.82 rows=1 width=8)
	  ->  Index Scan using sbtest3_pkey on sbtest3  (cost=0.43..43.78 rows=10 width=4)
	        Index Cond: ((id >= 1671967) AND (id <= 1671976))

table 4 : explain SELECT SUM(k) FROM sbtest4 WHERE id BETWEEN 836194 AND 836203
	Aggregate  (cost=43.65..43.66 rows=1 width=8)
	  ->  Index Scan using sbtest4_pkey on sbtest4  (cost=0.43..43.62 rows=10 width=4)
	        Index Cond: ((id >= 836194) AND (id <= 836203))

table 5 : explain SELECT SUM(k) FROM sbtest5 WHERE id BETWEEN 6293545 AND 6293554
	Aggregate  (cost=43.71..43.72 rows=1 width=8)
	  ->  Index Scan using sbtest5_pkey on sbtest5  (cost=0.43..43.68 rows=10 width=4)
	        Index Cond: ((id >= 6293545) AND (id <= 6293554))

table 6 : explain SELECT SUM(k) FROM sbtest6 WHERE id BETWEEN 4922298 AND 4922307
	Aggregate  (cost=43.78..43.79 rows=1 width=8)
	  ->  Index Scan using sbtest6_pkey on sbtest6  (cost=0.43..43.75 rows=10 width=4)
	        Index Cond: ((id >= 4922298) AND (id <= 4922307))

table 7 : explain SELECT SUM(k) FROM sbtest7 WHERE id BETWEEN 3820978 AND 3820987
	Aggregate  (cost=43.70..43.71 rows=1 width=8)
	  ->  Index Scan using sbtest7_pkey on sbtest7  (cost=0.43..43.68 rows=10 width=4)
	        Index Cond: ((id >= 3820978) AND (id <= 3820987))

table 8 : explain SELECT SUM(k) FROM sbtest8 WHERE id BETWEEN 5707479 AND 5707488
	Aggregate  (cost=47.64..47.65 rows=1 width=8)
	  ->  Index Scan using sbtest8_pkey on sbtest8  (cost=0.43..47.61 rows=11 width=4)
	        Index Cond: ((id >= 5707479) AND (id <= 5707488))

for: distinct_ranges
table 1 : explain SELECT DISTINCT c FROM sbtest1 WHERE id BETWEEN 2415368 AND 2415377 ORDER BY c
	Unique  (cost=43.93..43.98 rows=10 width=121)
	  ->  Sort  (cost=43.93..43.96 rows=10 width=121)
	        Sort Key: c
	        ->  Index Scan using sbtest1_pkey on sbtest1  (cost=0.43..43.77 rows=10 width=121)
	              Index Cond: ((id >= 2415368) AND (id <= 2415377))

table 2 : explain SELECT DISTINCT c FROM sbtest2 WHERE id BETWEEN 6617388 AND 6617397 ORDER BY c
	Unique  (cost=39.90..39.94 rows=9 width=121)
	  ->  Sort  (cost=39.90..39.92 rows=9 width=121)
	        Sort Key: c
	        ->  Index Scan using sbtest2_pkey on sbtest2  (cost=0.43..39.75 rows=9 width=121)
	              Index Cond: ((id >= 6617388) AND (id <= 6617397))

table 3 : explain SELECT DISTINCT c FROM sbtest3 WHERE id BETWEEN 2809084 AND 2809093 ORDER BY c
	Unique  (cost=40.00..40.05 rows=9 width=121)
	  ->  Sort  (cost=40.00..40.02 rows=9 width=121)
	        Sort Key: c
	        ->  Index Scan using sbtest3_pkey on sbtest3  (cost=0.43..39.86 rows=9 width=121)
	              Index Cond: ((id >= 2809084) AND (id <= 2809093))

table 4 : explain SELECT DISTINCT c FROM sbtest4 WHERE id BETWEEN 500359 AND 500368 ORDER BY c
	Unique  (cost=43.79..43.84 rows=10 width=121)
	  ->  Sort  (cost=43.79..43.82 rows=10 width=121)
	        Sort Key: c
	        ->  Index Scan using sbtest4_pkey on sbtest4  (cost=0.43..43.62 rows=10 width=121)
	              Index Cond: ((id >= 500359) AND (id <= 500368))

table 5 : explain SELECT DISTINCT c FROM sbtest5 WHERE id BETWEEN 1750953 AND 1750962 ORDER BY c
	Unique  (cost=43.85..43.90 rows=10 width=121)
	  ->  Sort  (cost=43.85..43.87 rows=10 width=121)
	        Sort Key: c
	        ->  Index Scan using sbtest5_pkey on sbtest5  (cost=0.43..43.68 rows=10 width=121)
	              Index Cond: ((id >= 1750953) AND (id <= 1750962))

table 6 : explain SELECT DISTINCT c FROM sbtest6 WHERE id BETWEEN 8912479 AND 8912488 ORDER BY c
	Unique  (cost=39.98..40.02 rows=9 width=121)
	  ->  Sort  (cost=39.98..40.00 rows=9 width=121)
	        Sort Key: c
	        ->  Index Scan using sbtest6_pkey on sbtest6  (cost=0.43..39.83 rows=9 width=121)
	              Index Cond: ((id >= 8912479) AND (id <= 8912488))

table 7 : explain SELECT DISTINCT c FROM sbtest7 WHERE id BETWEEN 8521301 AND 8521310 ORDER BY c
	Unique  (cost=39.91..39.95 rows=9 width=121)
	  ->  Sort  (cost=39.91..39.93 rows=9 width=121)
	        Sort Key: c
	        ->  Index Scan using sbtest7_pkey on sbtest7  (cost=0.43..39.76 rows=9 width=121)
	              Index Cond: ((id >= 8521301) AND (id <= 8521310))

table 8 : explain SELECT DISTINCT c FROM sbtest8 WHERE id BETWEEN 4622316 AND 4622325 ORDER BY c
	Unique  (cost=43.86..43.91 rows=10 width=121)
	  ->  Sort  (cost=43.86..43.89 rows=10 width=121)
	        Sort Key: c
	        ->  Index Scan using sbtest8_pkey on sbtest8  (cost=0.43..43.70 rows=10 width=121)
	              Index Cond: ((id >= 4622316) AND (id <= 4622325))

for: order_ranges
table 1 : explain SELECT c FROM sbtest1 WHERE id BETWEEN 5324101 AND 5324110 ORDER BY c
	Sort  (cost=43.93..43.96 rows=10 width=121)
	  Sort Key: c
	  ->  Index Scan using sbtest1_pkey on sbtest1  (cost=0.43..43.77 rows=10 width=121)
	        Index Cond: ((id >= 5324101) AND (id <= 5324110))

table 2 : explain SELECT c FROM sbtest2 WHERE id BETWEEN 8378403 AND 8378412 ORDER BY c
	Sort  (cost=43.83..43.86 rows=10 width=121)
	  Sort Key: c
	  ->  Index Scan using sbtest2_pkey on sbtest2  (cost=0.43..43.67 rows=10 width=121)
	        Index Cond: ((id >= 8378403) AND (id <= 8378412))

table 3 : explain SELECT c FROM sbtest3 WHERE id BETWEEN 8352849 AND 8352858 ORDER BY c
	Sort  (cost=43.95..43.97 rows=10 width=121)
	  Sort Key: c
	  ->  Index Scan using sbtest3_pkey on sbtest3  (cost=0.43..43.78 rows=10 width=121)
	        Index Cond: ((id >= 8352849) AND (id <= 8352858))

table 4 : explain SELECT c FROM sbtest4 WHERE id BETWEEN 8212529 AND 8212538 ORDER BY c
	Sort  (cost=43.79..43.82 rows=10 width=121)
	  Sort Key: c
	  ->  Index Scan using sbtest4_pkey on sbtest4  (cost=0.43..43.62 rows=10 width=121)
	        Index Cond: ((id >= 8212529) AND (id <= 8212538))

table 5 : explain SELECT c FROM sbtest5 WHERE id BETWEEN 603751 AND 603760 ORDER BY c
	Sort  (cost=43.85..43.87 rows=10 width=121)
	  Sort Key: c
	  ->  Index Scan using sbtest5_pkey on sbtest5  (cost=0.43..43.68 rows=10 width=121)
	        Index Cond: ((id >= 603751) AND (id <= 603760))

table 6 : explain SELECT c FROM sbtest6 WHERE id BETWEEN 862280 AND 862289 ORDER BY c
	Sort  (cost=39.98..40.00 rows=9 width=121)
	  Sort Key: c
	  ->  Index Scan using sbtest6_pkey on sbtest6  (cost=0.43..39.83 rows=9 width=121)
	        Index Cond: ((id >= 862280) AND (id <= 862289))

table 7 : explain SELECT c FROM sbtest7 WHERE id BETWEEN 5585935 AND 5585944 ORDER BY c
	Sort  (cost=43.84..43.87 rows=10 width=121)
	  Sort Key: c
	  ->  Index Scan using sbtest7_pkey on sbtest7  (cost=0.43..43.68 rows=10 width=121)
	        Index Cond: ((id >= 5585935) AND (id <= 5585944))

table 8 : explain SELECT c FROM sbtest8 WHERE id BETWEEN 9212730 AND 9212739 ORDER BY c
	Sort  (cost=43.86..43.89 rows=10 width=121)
	  Sort Key: c
	  ->  Index Scan using sbtest8_pkey on sbtest8  (cost=0.43..43.70 rows=10 width=121)
	        Index Cond: ((id >= 9212730) AND (id <= 9212739))

for: order_ranges
table 1 : explain SELECT c FROM sbtest1 WHERE id BETWEEN 8991077 AND 8991086 ORDER BY c
	Sort  (cost=39.99..40.01 rows=9 width=121)
	  Sort Key: c
	  ->  Index Scan using sbtest1_pkey on sbtest1  (cost=0.43..39.84 rows=9 width=121)
	        Index Cond: ((id >= 8991077) AND (id <= 8991086))

table 2 : explain SELECT c FROM sbtest2 WHERE id BETWEEN 9135887 AND 9135896 ORDER BY c
	Sort  (cost=43.83..43.86 rows=10 width=121)
	  Sort Key: c
	  ->  Index Scan using sbtest2_pkey on sbtest2  (cost=0.43..43.67 rows=10 width=121)
	        Index Cond: ((id >= 9135887) AND (id <= 9135896))

table 3 : explain SELECT c FROM sbtest3 WHERE id BETWEEN 7902022 AND 7902031 ORDER BY c
	Sort  (cost=43.95..43.97 rows=10 width=121)
	  Sort Key: c
	  ->  Index Scan using sbtest3_pkey on sbtest3  (cost=0.43..43.78 rows=10 width=121)
	        Index Cond: ((id >= 7902022) AND (id <= 7902031))

table 4 : explain SELECT c FROM sbtest4 WHERE id BETWEEN 1012893 AND 1012902 ORDER BY c
	Sort  (cost=43.79..43.82 rows=10 width=121)
	  Sort Key: c
	  ->  Index Scan using sbtest4_pkey on sbtest4  (cost=0.43..43.62 rows=10 width=121)
	        Index Cond: ((id >= 1012893) AND (id <= 1012902))

table 5 : explain SELECT c FROM sbtest5 WHERE id BETWEEN 2736665 AND 2736674 ORDER BY c
	Sort  (cost=47.78..47.81 rows=11 width=121)
	  Sort Key: c
	  ->  Index Scan using sbtest5_pkey on sbtest5  (cost=0.43..47.59 rows=11 width=121)
	        Index Cond: ((id >= 2736665) AND (id <= 2736674))

table 6 : explain SELECT c FROM sbtest6 WHERE id BETWEEN 2214878 AND 2214887 ORDER BY c
	Sort  (cost=43.92..43.95 rows=10 width=121)
	  Sort Key: c
	  ->  Index Scan using sbtest6_pkey on sbtest6  (cost=0.43..43.75 rows=10 width=121)
	        Index Cond: ((id >= 2214878) AND (id <= 2214887))

table 7 : explain SELECT c FROM sbtest7 WHERE id BETWEEN 8577610 AND 8577619 ORDER BY c
	Sort  (cost=39.91..39.93 rows=9 width=121)
	  Sort Key: c
	  ->  Index Scan using sbtest7_pkey on sbtest7  (cost=0.43..39.76 rows=9 width=121)
	        Index Cond: ((id >= 8577610) AND (id <= 8577619))

table 8 : explain SELECT c FROM sbtest8 WHERE id BETWEEN 8127845 AND 8127854 ORDER BY c
	Sort  (cost=47.80..47.83 rows=11 width=121)
	  Sort Key: c
	  ->  Index Scan using sbtest8_pkey on sbtest8  (cost=0.43..47.61 rows=11 width=121)
	        Index Cond: ((id >= 8127845) AND (id <= 8127854))

for: distinct_ranges
table 1 : explain SELECT DISTINCT c FROM sbtest1 WHERE id BETWEEN 8254193 AND 8254202 ORDER BY c
	Unique  (cost=43.93..43.98 rows=10 width=121)
	  ->  Sort  (cost=43.93..43.96 rows=10 width=121)
	        Sort Key: c
	        ->  Index Scan using sbtest1_pkey on sbtest1  (cost=0.43..43.77 rows=10 width=121)
	              Index Cond: ((id >= 8254193) AND (id <= 8254202))

table 2 : explain SELECT DISTINCT c FROM sbtest2 WHERE id BETWEEN 6901700 AND 6901709 ORDER BY c
	Unique  (cost=43.83..43.88 rows=10 width=121)
	  ->  Sort  (cost=43.83..43.86 rows=10 width=121)
	        Sort Key: c
	        ->  Index Scan using sbtest2_pkey on sbtest2  (cost=0.43..43.67 rows=10 width=121)
	              Index Cond: ((id >= 6901700) AND (id <= 6901709))

table 3 : explain SELECT DISTINCT c FROM sbtest3 WHERE id BETWEEN 9626058 AND 9626067 ORDER BY c
	Unique  (cost=40.00..40.05 rows=9 width=121)
	  ->  Sort  (cost=40.00..40.02 rows=9 width=121)
	        Sort Key: c
	        ->  Index Scan using sbtest3_pkey on sbtest3  (cost=0.43..39.86 rows=9 width=121)
	              Index Cond: ((id >= 9626058) AND (id <= 9626067))

table 4 : explain SELECT DISTINCT c FROM sbtest4 WHERE id BETWEEN 7514501 AND 7514510 ORDER BY c
	Unique  (cost=47.72..47.78 rows=11 width=121)
	  ->  Sort  (cost=47.72..47.75 rows=11 width=121)
	        Sort Key: c
	        ->  Index Scan using sbtest4_pkey on sbtest4  (cost=0.43..47.53 rows=11 width=121)
	              Index Cond: ((id >= 7514501) AND (id <= 7514510))

table 5 : explain SELECT DISTINCT c FROM sbtest5 WHERE id BETWEEN 4656904 AND 4656913 ORDER BY c
	Unique  (cost=43.85..43.90 rows=10 width=121)
	  ->  Sort  (cost=43.85..43.87 rows=10 width=121)
	        Sort Key: c
	        ->  Index Scan using sbtest5_pkey on sbtest5  (cost=0.43..43.68 rows=10 width=121)
	              Index Cond: ((id >= 4656904) AND (id <= 4656913))

table 6 : explain SELECT DISTINCT c FROM sbtest6 WHERE id BETWEEN 4674259 AND 4674268 ORDER BY c
	Unique  (cost=43.92..43.97 rows=10 width=121)
	  ->  Sort  (cost=43.92..43.95 rows=10 width=121)
	        Sort Key: c
	        ->  Index Scan using sbtest6_pkey on sbtest6  (cost=0.43..43.75 rows=10 width=121)
	              Index Cond: ((id >= 4674259) AND (id <= 4674268))

table 7 : explain SELECT DISTINCT c FROM sbtest7 WHERE id BETWEEN 4045489 AND 4045498 ORDER BY c
	Unique  (cost=43.84..43.89 rows=10 width=121)
	  ->  Sort  (cost=43.84..43.87 rows=10 width=121)
	        Sort Key: c
	        ->  Index Scan using sbtest7_pkey on sbtest7  (cost=0.43..43.68 rows=10 width=121)
	              Index Cond: ((id >= 4045489) AND (id <= 4045498))

table 8 : explain SELECT DISTINCT c FROM sbtest8 WHERE id BETWEEN 6841487 AND 6841496 ORDER BY c
	Unique  (cost=47.80..47.86 rows=11 width=121)
	  ->  Sort  (cost=47.80..47.83 rows=11 width=121)
	        Sort Key: c
	        ->  Index Scan using sbtest8_pkey on sbtest8  (cost=0.43..47.61 rows=11 width=121)
	              Index Cond: ((id >= 6841487) AND (id <= 6841496))

for: order_ranges
table 1 : explain SELECT c FROM sbtest1 WHERE id BETWEEN 4938401 AND 4938410 ORDER BY c
	Sort  (cost=39.99..40.01 rows=9 width=121)
	  Sort Key: c
	  ->  Index Scan using sbtest1_pkey on sbtest1  (cost=0.43..39.84 rows=9 width=121)
	        Index Cond: ((id >= 4938401) AND (id <= 4938410))

table 2 : explain SELECT c FROM sbtest2 WHERE id BETWEEN 5046577 AND 5046586 ORDER BY c
	Sort  (cost=39.90..39.92 rows=9 width=121)
	  Sort Key: c
	  ->  Index Scan using sbtest2_pkey on sbtest2  (cost=0.43..39.75 rows=9 width=121)
	        Index Cond: ((id >= 5046577) AND (id <= 5046586))

table 3 : explain SELECT c FROM sbtest3 WHERE id BETWEEN 2005603 AND 2005612 ORDER BY c
	Sort  (cost=43.95..43.97 rows=10 width=121)
	  Sort Key: c
	  ->  Index Scan using sbtest3_pkey on sbtest3  (cost=0.43..43.78 rows=10 width=121)
	        Index Cond: ((id >= 2005603) AND (id <= 2005612))

table 4 : explain SELECT c FROM sbtest4 WHERE id BETWEEN 3950628 AND 3950637 ORDER BY c
	Sort  (cost=43.79..43.82 rows=10 width=121)
	  Sort Key: c
	  ->  Index Scan using sbtest4_pkey on sbtest4  (cost=0.43..43.62 rows=10 width=121)
	        Index Cond: ((id >= 3950628) AND (id <= 3950637))

table 5 : explain SELECT c FROM sbtest5 WHERE id BETWEEN 7631929 AND 7631938 ORDER BY c
	Sort  (cost=43.85..43.87 rows=10 width=121)
	  Sort Key: c
	  ->  Index Scan using sbtest5_pkey on sbtest5  (cost=0.43..43.68 rows=10 width=121)
	        Index Cond: ((id >= 7631929) AND (id <= 7631938))

table 6 : explain SELECT c FROM sbtest6 WHERE id BETWEEN 7566826 AND 7566835 ORDER BY c
	Sort  (cost=39.98..40.00 rows=9 width=121)
	  Sort Key: c
	  ->  Index Scan using sbtest6_pkey on sbtest6  (cost=0.43..39.83 rows=9 width=121)
	        Index Cond: ((id >= 7566826) AND (id <= 7566835))

table 7 : explain SELECT c FROM sbtest7 WHERE id BETWEEN 1564246 AND 1564255 ORDER BY c
	Sort  (cost=43.84..43.87 rows=10 width=121)
	  Sort Key: c
	  ->  Index Scan using sbtest7_pkey on sbtest7  (cost=0.43..43.68 rows=10 width=121)
	        Index Cond: ((id >= 1564246) AND (id <= 1564255))

table 8 : explain SELECT c FROM sbtest8 WHERE id BETWEEN 95891 AND 95900 ORDER BY c
	Sort  (cost=43.86..43.89 rows=10 width=121)
	  Sort Key: c
	  ->  Index Scan using sbtest8_pkey on sbtest8  (cost=0.43..43.70 rows=10 width=121)
	        Index Cond: ((id >= 95891) AND (id <= 95900))

for: order_ranges
table 1 : explain SELECT c FROM sbtest1 WHERE id BETWEEN 2434776 AND 2434785 ORDER BY c
	Sort  (cost=43.93..43.96 rows=10 width=121)
	  Sort Key: c
	  ->  Index Scan using sbtest1_pkey on sbtest1  (cost=0.43..43.77 rows=10 width=121)
	        Index Cond: ((id >= 2434776) AND (id <= 2434785))

table 2 : explain SELECT c FROM sbtest2 WHERE id BETWEEN 6212786 AND 6212795 ORDER BY c
	Sort  (cost=43.83..43.86 rows=10 width=121)
	  Sort Key: c
	  ->  Index Scan using sbtest2_pkey on sbtest2  (cost=0.43..43.67 rows=10 width=121)
	        Index Cond: ((id >= 6212786) AND (id <= 6212795))

table 3 : explain SELECT c FROM sbtest3 WHERE id BETWEEN 2614718 AND 2614727 ORDER BY c
	Sort  (cost=43.95..43.97 rows=10 width=121)
	  Sort Key: c
	  ->  Index Scan using sbtest3_pkey on sbtest3  (cost=0.43..43.78 rows=10 width=121)
	        Index Cond: ((id >= 2614718) AND (id <= 2614727))

table 4 : explain SELECT c FROM sbtest4 WHERE id BETWEEN 8867423 AND 8867432 ORDER BY c
	Sort  (cost=43.79..43.82 rows=10 width=121)
	  Sort Key: c
	  ->  Index Scan using sbtest4_pkey on sbtest4  (cost=0.43..43.62 rows=10 width=121)
	        Index Cond: ((id >= 8867423) AND (id <= 8867432))

table 5 : explain SELECT c FROM sbtest5 WHERE id BETWEEN 8246677 AND 8246686 ORDER BY c
	Sort  (cost=39.91..39.93 rows=9 width=121)
	  Sort Key: c
	  ->  Index Scan using sbtest5_pkey on sbtest5  (cost=0.43..39.77 rows=9 width=121)
	        Index Cond: ((id >= 8246677) AND (id <= 8246686))

table 6 : explain SELECT c FROM sbtest6 WHERE id BETWEEN 3490676 AND 3490685 ORDER BY c
	Sort  (cost=43.92..43.95 rows=10 width=121)
	  Sort Key: c
	  ->  Index Scan using sbtest6_pkey on sbtest6  (cost=0.43..43.75 rows=10 width=121)
	        Index Cond: ((id >= 3490676) AND (id <= 3490685))

table 7 : explain SELECT c FROM sbtest7 WHERE id BETWEEN 2113590 AND 2113599 ORDER BY c
	Sort  (cost=39.91..39.93 rows=9 width=121)
	  Sort Key: c
	  ->  Index Scan using sbtest7_pkey on sbtest7  (cost=0.43..39.76 rows=9 width=121)
	        Index Cond: ((id >= 2113590) AND (id <= 2113599))

table 8 : explain SELECT c FROM sbtest8 WHERE id BETWEEN 7144092 AND 7144101 ORDER BY c
	Sort  (cost=43.86..43.89 rows=10 width=121)
	  Sort Key: c
	  ->  Index Scan using sbtest8_pkey on sbtest8  (cost=0.43..43.70 rows=10 width=121)
	        Index Cond: ((id >= 7144092) AND (id <= 7144101))

for: order_ranges
table 1 : explain SELECT c FROM sbtest1 WHERE id BETWEEN 4012632 AND 4012641 ORDER BY c
	Sort  (cost=43.93..43.96 rows=10 width=121)
	  Sort Key: c
	  ->  Index Scan using sbtest1_pkey on sbtest1  (cost=0.43..43.77 rows=10 width=121)
	        Index Cond: ((id >= 4012632) AND (id <= 4012641))

table 2 : explain SELECT c FROM sbtest2 WHERE id BETWEEN 2341811 AND 2341820 ORDER BY c
	Sort  (cost=39.90..39.92 rows=9 width=121)
	  Sort Key: c
	  ->  Index Scan using sbtest2_pkey on sbtest2  (cost=0.43..39.75 rows=9 width=121)
	        Index Cond: ((id >= 2341811) AND (id <= 2341820))

table 3 : explain SELECT c FROM sbtest3 WHERE id BETWEEN 8098569 AND 8098578 ORDER BY c
	Sort  (cost=43.95..43.97 rows=10 width=121)
	  Sort Key: c
	  ->  Index Scan using sbtest3_pkey on sbtest3  (cost=0.43..43.78 rows=10 width=121)
	        Index Cond: ((id >= 8098569) AND (id <= 8098578))

table 4 : explain SELECT c FROM sbtest4 WHERE id BETWEEN 9326573 AND 9326582 ORDER BY c
	Sort  (cost=47.72..47.75 rows=11 width=121)
	  Sort Key: c
	  ->  Index Scan using sbtest4_pkey on sbtest4  (cost=0.43..47.53 rows=11 width=121)
	        Index Cond: ((id >= 9326573) AND (id <= 9326582))

table 5 : explain SELECT c FROM sbtest5 WHERE id BETWEEN 3192243 AND 3192252 ORDER BY c
	Sort  (cost=43.85..43.87 rows=10 width=121)
	  Sort Key: c
	  ->  Index Scan using sbtest5_pkey on sbtest5  (cost=0.43..43.68 rows=10 width=121)
	        Index Cond: ((id >= 3192243) AND (id <= 3192252))

table 6 : explain SELECT c FROM sbtest6 WHERE id BETWEEN 7194027 AND 7194036 ORDER BY c
	Sort  (cost=43.92..43.95 rows=10 width=121)
	  Sort Key: c
	  ->  Index Scan using sbtest6_pkey on sbtest6  (cost=0.43..43.75 rows=10 width=121)
	        Index Cond: ((id >= 7194027) AND (id <= 7194036))

table 7 : explain SELECT c FROM sbtest7 WHERE id BETWEEN 863334 AND 863343 ORDER BY c
	Sort  (cost=43.84..43.87 rows=10 width=121)
	  Sort Key: c
	  ->  Index Scan using sbtest7_pkey on sbtest7  (cost=0.43..43.68 rows=10 width=121)
	        Index Cond: ((id >= 863334) AND (id <= 863343))

table 8 : explain SELECT c FROM sbtest8 WHERE id BETWEEN 7378203 AND 7378212 ORDER BY c
	Sort  (cost=43.86..43.89 rows=10 width=121)
	  Sort Key: c
	  ->  Index Scan using sbtest8_pkey on sbtest8  (cost=0.43..43.70 rows=10 width=121)
	        Index Cond: ((id >= 7378203) AND (id <= 7378212))

for: distinct_ranges
table 1 : explain SELECT DISTINCT c FROM sbtest1 WHERE id BETWEEN 9811049 AND 9811058 ORDER BY c
	Unique  (cost=43.93..43.98 rows=10 width=121)
	  ->  Sort  (cost=43.93..43.96 rows=10 width=121)
	        Sort Key: c
	        ->  Index Scan using sbtest1_pkey on sbtest1  (cost=0.43..43.77 rows=10 width=121)
	              Index Cond: ((id >= 9811049) AND (id <= 9811058))

table 2 : explain SELECT DISTINCT c FROM sbtest2 WHERE id BETWEEN 676524 AND 676533 ORDER BY c
	Unique  (cost=43.83..43.88 rows=10 width=121)
	  ->  Sort  (cost=43.83..43.86 rows=10 width=121)
	        Sort Key: c
	        ->  Index Scan using sbtest2_pkey on sbtest2  (cost=0.43..43.67 rows=10 width=121)
	              Index Cond: ((id >= 676524) AND (id <= 676533))

table 3 : explain SELECT DISTINCT c FROM sbtest3 WHERE id BETWEEN 7781606 AND 7781615 ORDER BY c
	Unique  (cost=43.95..44.00 rows=10 width=121)
	  ->  Sort  (cost=43.95..43.97 rows=10 width=121)
	        Sort Key: c
	        ->  Index Scan using sbtest3_pkey on sbtest3  (cost=0.43..43.78 rows=10 width=121)
	              Index Cond: ((id >= 7781606) AND (id <= 7781615))

table 4 : explain SELECT DISTINCT c FROM sbtest4 WHERE id BETWEEN 8013408 AND 8013417 ORDER BY c
	Unique  (cost=39.86..39.90 rows=9 width=121)
	  ->  Sort  (cost=39.86..39.88 rows=9 width=121)
	        Sort Key: c
	        ->  Index Scan using sbtest4_pkey on sbtest4  (cost=0.43..39.72 rows=9 width=121)
	              Index Cond: ((id >= 8013408) AND (id <= 8013417))

table 5 : explain SELECT DISTINCT c FROM sbtest5 WHERE id BETWEEN 946517 AND 946526 ORDER BY c
	Unique  (cost=39.91..39.95 rows=9 width=121)
	  ->  Sort  (cost=39.91..39.93 rows=9 width=121)
	        Sort Key: c
	        ->  Index Scan using sbtest5_pkey on sbtest5  (cost=0.43..39.77 rows=9 width=121)
	              Index Cond: ((id >= 946517) AND (id <= 946526))

table 6 : explain SELECT DISTINCT c FROM sbtest6 WHERE id BETWEEN 2067525 AND 2067534 ORDER BY c
	Unique  (cost=39.98..40.02 rows=9 width=121)
	  ->  Sort  (cost=39.98..40.00 rows=9 width=121)
	        Sort Key: c
	        ->  Index Scan using sbtest6_pkey on sbtest6  (cost=0.43..39.83 rows=9 width=121)
	              Index Cond: ((id >= 2067525) AND (id <= 2067534))

table 7 : explain SELECT DISTINCT c FROM sbtest7 WHERE id BETWEEN 2029376 AND 2029385 ORDER BY c
	Unique  (cost=39.91..39.95 rows=9 width=121)
	  ->  Sort  (cost=39.91..39.93 rows=9 width=121)
	        Sort Key: c
	        ->  Index Scan using sbtest7_pkey on sbtest7  (cost=0.43..39.76 rows=9 width=121)
	              Index Cond: ((id >= 2029376) AND (id <= 2029385))

table 8 : explain SELECT DISTINCT c FROM sbtest8 WHERE id BETWEEN 8537873 AND 8537882 ORDER BY c
	Unique  (cost=43.86..43.91 rows=10 width=121)
	  ->  Sort  (cost=43.86..43.89 rows=10 width=121)
	        Sort Key: c
	        ->  Index Scan using sbtest8_pkey on sbtest8  (cost=0.43..43.70 rows=10 width=121)
	              Index Cond: ((id >= 8537873) AND (id <= 8537882))

for: distinct_ranges
table 1 : explain SELECT DISTINCT c FROM sbtest1 WHERE id BETWEEN 2582310 AND 2582319 ORDER BY c
	Unique  (cost=43.93..43.98 rows=10 width=121)
	  ->  Sort  (cost=43.93..43.96 rows=10 width=121)
	        Sort Key: c
	        ->  Index Scan using sbtest1_pkey on sbtest1  (cost=0.43..43.77 rows=10 width=121)
	              Index Cond: ((id >= 2582310) AND (id <= 2582319))

table 2 : explain SELECT DISTINCT c FROM sbtest2 WHERE id BETWEEN 5702374 AND 5702383 ORDER BY c
	Unique  (cost=43.83..43.88 rows=10 width=121)
	  ->  Sort  (cost=43.83..43.86 rows=10 width=121)
	        Sort Key: c
	        ->  Index Scan using sbtest2_pkey on sbtest2  (cost=0.43..43.67 rows=10 width=121)
	              Index Cond: ((id >= 5702374) AND (id <= 5702383))

table 3 : explain SELECT DISTINCT c FROM sbtest3 WHERE id BETWEEN 7838412 AND 7838421 ORDER BY c
	Unique  (cost=43.95..44.00 rows=10 width=121)
	  ->  Sort  (cost=43.95..43.97 rows=10 width=121)
	        Sort Key: c
	        ->  Index Scan using sbtest3_pkey on sbtest3  (cost=0.43..43.78 rows=10 width=121)
	              Index Cond: ((id >= 7838412) AND (id <= 7838421))

table 4 : explain SELECT DISTINCT c FROM sbtest4 WHERE id BETWEEN 3237886 AND 3237895 ORDER BY c
	Unique  (cost=43.79..43.84 rows=10 width=121)
	  ->  Sort  (cost=43.79..43.82 rows=10 width=121)
	        Sort Key: c
	        ->  Index Scan using sbtest4_pkey on sbtest4  (cost=0.43..43.62 rows=10 width=121)
	              Index Cond: ((id >= 3237886) AND (id <= 3237895))

table 5 : explain SELECT DISTINCT c FROM sbtest5 WHERE id BETWEEN 1702943 AND 1702952 ORDER BY c
	Unique  (cost=43.85..43.90 rows=10 width=121)
	  ->  Sort  (cost=43.85..43.87 rows=10 width=121)
	        Sort Key: c
	        ->  Index Scan using sbtest5_pkey on sbtest5  (cost=0.43..43.68 rows=10 width=121)
	              Index Cond: ((id >= 1702943) AND (id <= 1702952))

table 6 : explain SELECT DISTINCT c FROM sbtest6 WHERE id BETWEEN 5478803 AND 5478812 ORDER BY c
	Unique  (cost=43.92..43.97 rows=10 width=121)
	  ->  Sort  (cost=43.92..43.95 rows=10 width=121)
	        Sort Key: c
	        ->  Index Scan using sbtest6_pkey on sbtest6  (cost=0.43..43.75 rows=10 width=121)
	              Index Cond: ((id >= 5478803) AND (id <= 5478812))

table 7 : explain SELECT DISTINCT c FROM sbtest7 WHERE id BETWEEN 6135748 AND 6135757 ORDER BY c
	Unique  (cost=43.84..43.89 rows=10 width=121)
	  ->  Sort  (cost=43.84..43.87 rows=10 width=121)
	        Sort Key: c
	        ->  Index Scan using sbtest7_pkey on sbtest7  (cost=0.43..43.68 rows=10 width=121)
	              Index Cond: ((id >= 6135748) AND (id <= 6135757))

table 8 : explain SELECT DISTINCT c FROM sbtest8 WHERE id BETWEEN 8180527 AND 8180536 ORDER BY c
	Unique  (cost=43.86..43.91 rows=10 width=121)
	  ->  Sort  (cost=43.86..43.89 rows=10 width=121)
	        Sort Key: c
	        ->  Index Scan using sbtest8_pkey on sbtest8  (cost=0.43..43.70 rows=10 width=121)
	              Index Cond: ((id >= 8180527) AND (id <= 8180536))

for: distinct_ranges
table 1 : explain SELECT DISTINCT c FROM sbtest1 WHERE id BETWEEN 6701144 AND 6701153 ORDER BY c
	Unique  (cost=47.88..47.93 rows=11 width=121)
	  ->  Sort  (cost=47.88..47.91 rows=11 width=121)
	        Sort Key: c
	        ->  Index Scan using sbtest1_pkey on sbtest1  (cost=0.43..47.69 rows=11 width=121)
	              Index Cond: ((id >= 6701144) AND (id <= 6701153))

table 2 : explain SELECT DISTINCT c FROM sbtest2 WHERE id BETWEEN 4307741 AND 4307750 ORDER BY c
	Unique  (cost=39.90..39.94 rows=9 width=121)
	  ->  Sort  (cost=39.90..39.92 rows=9 width=121)
	        Sort Key: c
	        ->  Index Scan using sbtest2_pkey on sbtest2  (cost=0.43..39.75 rows=9 width=121)
	              Index Cond: ((id >= 4307741) AND (id <= 4307750))

table 3 : explain SELECT DISTINCT c FROM sbtest3 WHERE id BETWEEN 6867333 AND 6867342 ORDER BY c
	Unique  (cost=43.95..44.00 rows=10 width=121)
	  ->  Sort  (cost=43.95..43.97 rows=10 width=121)
	        Sort Key: c
	        ->  Index Scan using sbtest3_pkey on sbtest3  (cost=0.43..43.78 rows=10 width=121)
	              Index Cond: ((id >= 6867333) AND (id <= 6867342))

table 4 : explain SELECT DISTINCT c FROM sbtest4 WHERE id BETWEEN 8105286 AND 8105295 ORDER BY c
	Unique  (cost=47.72..47.78 rows=11 width=121)
	  ->  Sort  (cost=47.72..47.75 rows=11 width=121)
	        Sort Key: c
	        ->  Index Scan using sbtest4_pkey on sbtest4  (cost=0.43..47.53 rows=11 width=121)
	              Index Cond: ((id >= 8105286) AND (id <= 8105295))

table 5 : explain SELECT DISTINCT c FROM sbtest5 WHERE id BETWEEN 8116403 AND 8116412 ORDER BY c
	Unique  (cost=43.85..43.90 rows=10 width=121)
	  ->  Sort  (cost=43.85..43.87 rows=10 width=121)
	        Sort Key: c
	        ->  Index Scan using sbtest5_pkey on sbtest5  (cost=0.43..43.68 rows=10 width=121)
	              Index Cond: ((id >= 8116403) AND (id <= 8116412))

table 6 : explain SELECT DISTINCT c FROM sbtest6 WHERE id BETWEEN 1923589 AND 1923598 ORDER BY c
	Unique  (cost=43.92..43.97 rows=10 width=121)
	  ->  Sort  (cost=43.92..43.95 rows=10 width=121)
	        Sort Key: c
	        ->  Index Scan using sbtest6_pkey on sbtest6  (cost=0.43..43.75 rows=10 width=121)
	              Index Cond: ((id >= 1923589) AND (id <= 1923598))

table 7 : explain SELECT DISTINCT c FROM sbtest7 WHERE id BETWEEN 3813862 AND 3813871 ORDER BY c
	Unique  (cost=43.84..43.89 rows=10 width=121)
	  ->  Sort  (cost=43.84..43.87 rows=10 width=121)
	        Sort Key: c
	        ->  Index Scan using sbtest7_pkey on sbtest7  (cost=0.43..43.68 rows=10 width=121)
	              Index Cond: ((id >= 3813862) AND (id <= 3813871))

table 8 : explain SELECT DISTINCT c FROM sbtest8 WHERE id BETWEEN 8428768 AND 8428777 ORDER BY c
	Unique  (cost=39.92..39.97 rows=9 width=121)
	  ->  Sort  (cost=39.92..39.94 rows=9 width=121)
	        Sort Key: c
	        ->  Index Scan using sbtest8_pkey on sbtest8  (cost=0.43..39.78 rows=9 width=121)
	              Index Cond: ((id >= 8428768) AND (id <= 8428777))

for: distinct_ranges
table 1 : explain SELECT DISTINCT c FROM sbtest1 WHERE id BETWEEN 9301917 AND 9301926 ORDER BY c
	Unique  (cost=47.88..47.93 rows=11 width=121)
	  ->  Sort  (cost=47.88..47.91 rows=11 width=121)
	        Sort Key: c
	        ->  Index Scan using sbtest1_pkey on sbtest1  (cost=0.43..47.69 rows=11 width=121)
	              Index Cond: ((id >= 9301917) AND (id <= 9301926))

table 2 : explain SELECT DISTINCT c FROM sbtest2 WHERE id BETWEEN 3358086 AND 3358095 ORDER BY c
	Unique  (cost=43.83..43.88 rows=10 width=121)
	  ->  Sort  (cost=43.83..43.86 rows=10 width=121)
	        Sort Key: c
	        ->  Index Scan using sbtest2_pkey on sbtest2  (cost=0.43..43.67 rows=10 width=121)
	              Index Cond: ((id >= 3358086) AND (id <= 3358095))

table 3 : explain SELECT DISTINCT c FROM sbtest3 WHERE id BETWEEN 6905221 AND 6905230 ORDER BY c
	Unique  (cost=43.95..44.00 rows=10 width=121)
	  ->  Sort  (cost=43.95..43.97 rows=10 width=121)
	        Sort Key: c
	        ->  Index Scan using sbtest3_pkey on sbtest3  (cost=0.43..43.78 rows=10 width=121)
	              Index Cond: ((id >= 6905221) AND (id <= 6905230))

table 4 : explain SELECT DISTINCT c FROM sbtest4 WHERE id BETWEEN 9630089 AND 9630098 ORDER BY c
	Unique  (cost=43.79..43.84 rows=10 width=121)
	  ->  Sort  (cost=43.79..43.82 rows=10 width=121)
	        Sort Key: c
	        ->  Index Scan using sbtest4_pkey on sbtest4  (cost=0.43..43.62 rows=10 width=121)
	              Index Cond: ((id >= 9630089) AND (id <= 9630098))

table 5 : explain SELECT DISTINCT c FROM sbtest5 WHERE id BETWEEN 161768 AND 161777 ORDER BY c
	Unique  (cost=39.91..39.95 rows=9 width=121)
	  ->  Sort  (cost=39.91..39.93 rows=9 width=121)
	        Sort Key: c
	        ->  Index Scan using sbtest5_pkey on sbtest5  (cost=0.43..39.77 rows=9 width=121)
	              Index Cond: ((id >= 161768) AND (id <= 161777))

table 6 : explain SELECT DISTINCT c FROM sbtest6 WHERE id BETWEEN 9723617 AND 9723626 ORDER BY c
	Unique  (cost=47.87..47.92 rows=11 width=121)
	  ->  Sort  (cost=47.87..47.89 rows=11 width=121)
	        Sort Key: c
	        ->  Index Scan using sbtest6_pkey on sbtest6  (cost=0.43..47.68 rows=11 width=121)
	              Index Cond: ((id >= 9723617) AND (id <= 9723626))

table 7 : explain SELECT DISTINCT c FROM sbtest7 WHERE id BETWEEN 2783233 AND 2783242 ORDER BY c
	Unique  (cost=39.91..39.95 rows=9 width=121)
	  ->  Sort  (cost=39.91..39.93 rows=9 width=121)
	        Sort Key: c
	        ->  Index Scan using sbtest7_pkey on sbtest7  (cost=0.43..39.76 rows=9 width=121)
	              Index Cond: ((id >= 2783233) AND (id <= 2783242))

table 8 : explain SELECT DISTINCT c FROM sbtest8 WHERE id BETWEEN 1674616 AND 1674625 ORDER BY c
	Unique  (cost=43.86..43.91 rows=10 width=121)
	  ->  Sort  (cost=43.86..43.89 rows=10 width=121)
	        Sort Key: c
	        ->  Index Scan using sbtest8_pkey on sbtest8  (cost=0.43..43.70 rows=10 width=121)
	              Index Cond: ((id >= 1674616) AND (id <= 1674625))

for: order_ranges
table 1 : explain SELECT c FROM sbtest1 WHERE id BETWEEN 441377 AND 441386 ORDER BY c
	Sort  (cost=43.93..43.96 rows=10 width=121)
	  Sort Key: c
	  ->  Index Scan using sbtest1_pkey on sbtest1  (cost=0.43..43.77 rows=10 width=121)
	        Index Cond: ((id >= 441377) AND (id <= 441386))

table 2 : explain SELECT c FROM sbtest2 WHERE id BETWEEN 8334785 AND 8334794 ORDER BY c
	Sort  (cost=43.83..43.86 rows=10 width=121)
	  Sort Key: c
	  ->  Index Scan using sbtest2_pkey on sbtest2  (cost=0.43..43.67 rows=10 width=121)
	        Index Cond: ((id >= 8334785) AND (id <= 8334794))

table 3 : explain SELECT c FROM sbtest3 WHERE id BETWEEN 6404319 AND 6404328 ORDER BY c
	Sort  (cost=47.90..47.93 rows=11 width=121)
	  Sort Key: c
	  ->  Index Scan using sbtest3_pkey on sbtest3  (cost=0.43..47.71 rows=11 width=121)
	        Index Cond: ((id >= 6404319) AND (id <= 6404328))

table 4 : explain SELECT c FROM sbtest4 WHERE id BETWEEN 4276364 AND 4276373 ORDER BY c
	Sort  (cost=39.86..39.88 rows=9 width=121)
	  Sort Key: c
	  ->  Index Scan using sbtest4_pkey on sbtest4  (cost=0.43..39.72 rows=9 width=121)
	        Index Cond: ((id >= 4276364) AND (id <= 4276373))

table 5 : explain SELECT c FROM sbtest5 WHERE id BETWEEN 6094542 AND 6094551 ORDER BY c
	Sort  (cost=43.85..43.87 rows=10 width=121)
	  Sort Key: c
	  ->  Index Scan using sbtest5_pkey on sbtest5  (cost=0.43..43.68 rows=10 width=121)
	        Index Cond: ((id >= 6094542) AND (id <= 6094551))

table 6 : explain SELECT c FROM sbtest6 WHERE id BETWEEN 5051484 AND 5051493 ORDER BY c
	Sort  (cost=43.92..43.95 rows=10 width=121)
	  Sort Key: c
	  ->  Index Scan using sbtest6_pkey on sbtest6  (cost=0.43..43.75 rows=10 width=121)
	        Index Cond: ((id >= 5051484) AND (id <= 5051493))

table 7 : explain SELECT c FROM sbtest7 WHERE id BETWEEN 3927092 AND 3927101 ORDER BY c
	Sort  (cost=43.84..43.87 rows=10 width=121)
	  Sort Key: c
	  ->  Index Scan using sbtest7_pkey on sbtest7  (cost=0.43..43.68 rows=10 width=121)
	        Index Cond: ((id >= 3927092) AND (id <= 3927101))

table 8 : explain SELECT c FROM sbtest8 WHERE id BETWEEN 3044342 AND 3044351 ORDER BY c
	Sort  (cost=43.86..43.89 rows=10 width=121)
	  Sort Key: c
	  ->  Index Scan using sbtest8_pkey on sbtest8  (cost=0.43..43.70 rows=10 width=121)
	        Index Cond: ((id >= 3044342) AND (id <= 3044351))

for: distinct_ranges
table 1 : explain SELECT DISTINCT c FROM sbtest1 WHERE id BETWEEN 526487 AND 526496 ORDER BY c
	Unique  (cost=47.88..47.93 rows=11 width=121)
	  ->  Sort  (cost=47.88..47.91 rows=11 width=121)
	        Sort Key: c
	        ->  Index Scan using sbtest1_pkey on sbtest1  (cost=0.43..47.69 rows=11 width=121)
	              Index Cond: ((id >= 526487) AND (id <= 526496))

table 2 : explain SELECT DISTINCT c FROM sbtest2 WHERE id BETWEEN 4001604 AND 4001613 ORDER BY c
	Unique  (cost=43.83..43.88 rows=10 width=121)
	  ->  Sort  (cost=43.83..43.86 rows=10 width=121)
	        Sort Key: c
	        ->  Index Scan using sbtest2_pkey on sbtest2  (cost=0.43..43.67 rows=10 width=121)
	              Index Cond: ((id >= 4001604) AND (id <= 4001613))

table 3 : explain SELECT DISTINCT c FROM sbtest3 WHERE id BETWEEN 1384216 AND 1384225 ORDER BY c
	Unique  (cost=43.95..44.00 rows=10 width=121)
	  ->  Sort  (cost=43.95..43.97 rows=10 width=121)
	        Sort Key: c
	        ->  Index Scan using sbtest3_pkey on sbtest3  (cost=0.43..43.78 rows=10 width=121)
	              Index Cond: ((id >= 1384216) AND (id <= 1384225))

table 4 : explain SELECT DISTINCT c FROM sbtest4 WHERE id BETWEEN 3929585 AND 3929594 ORDER BY c
	Unique  (cost=39.86..39.90 rows=9 width=121)
	  ->  Sort  (cost=39.86..39.88 rows=9 width=121)
	        Sort Key: c
	        ->  Index Scan using sbtest4_pkey on sbtest4  (cost=0.43..39.72 rows=9 width=121)
	              Index Cond: ((id >= 3929585) AND (id <= 3929594))

table 5 : explain SELECT DISTINCT c FROM sbtest5 WHERE id BETWEEN 885783 AND 885792 ORDER BY c
	Unique  (cost=39.91..39.95 rows=9 width=121)
	  ->  Sort  (cost=39.91..39.93 rows=9 width=121)
	        Sort Key: c
	        ->  Index Scan using sbtest5_pkey on sbtest5  (cost=0.43..39.77 rows=9 width=121)
	              Index Cond: ((id >= 885783) AND (id <= 885792))

table 6 : explain SELECT DISTINCT c FROM sbtest6 WHERE id BETWEEN 1518044 AND 1518053 ORDER BY c
	Unique  (cost=43.92..43.97 rows=10 width=121)
	  ->  Sort  (cost=43.92..43.95 rows=10 width=121)
	        Sort Key: c
	        ->  Index Scan using sbtest6_pkey on sbtest6  (cost=0.43..43.75 rows=10 width=121)
	              Index Cond: ((id >= 1518044) AND (id <= 1518053))

table 7 : explain SELECT DISTINCT c FROM sbtest7 WHERE id BETWEEN 9711657 AND 9711666 ORDER BY c
	Unique  (cost=43.84..43.89 rows=10 width=121)
	  ->  Sort  (cost=43.84..43.87 rows=10 width=121)
	        Sort Key: c
	        ->  Index Scan using sbtest7_pkey on sbtest7  (cost=0.43..43.68 rows=10 width=121)
	              Index Cond: ((id >= 9711657) AND (id <= 9711666))

table 8 : explain SELECT DISTINCT c FROM sbtest8 WHERE id BETWEEN 7946673 AND 7946682 ORDER BY c
	Unique  (cost=43.86..43.91 rows=10 width=121)
	  ->  Sort  (cost=43.86..43.89 rows=10 width=121)
	        Sort Key: c
	        ->  Index Scan using sbtest8_pkey on sbtest8  (cost=0.43..43.70 rows=10 width=121)
	              Index Cond: ((id >= 7946673) AND (id <= 7946682))

for: distinct_ranges
table 1 : explain SELECT DISTINCT c FROM sbtest1 WHERE id BETWEEN 9431883 AND 9431892 ORDER BY c
	Unique  (cost=43.93..43.98 rows=10 width=121)
	  ->  Sort  (cost=43.93..43.96 rows=10 width=121)
	        Sort Key: c
	        ->  Index Scan using sbtest1_pkey on sbtest1  (cost=0.43..43.77 rows=10 width=121)
	              Index Cond: ((id >= 9431883) AND (id <= 9431892))

table 2 : explain SELECT DISTINCT c FROM sbtest2 WHERE id BETWEEN 4232470 AND 4232479 ORDER BY c
	Unique  (cost=39.90..39.94 rows=9 width=121)
	  ->  Sort  (cost=39.90..39.92 rows=9 width=121)
	        Sort Key: c
	        ->  Index Scan using sbtest2_pkey on sbtest2  (cost=0.43..39.75 rows=9 width=121)
	              Index Cond: ((id >= 4232470) AND (id <= 4232479))

table 3 : explain SELECT DISTINCT c FROM sbtest3 WHERE id BETWEEN 7897955 AND 7897964 ORDER BY c
	Unique  (cost=43.95..44.00 rows=10 width=121)
	  ->  Sort  (cost=43.95..43.97 rows=10 width=121)
	        Sort Key: c
	        ->  Index Scan using sbtest3_pkey on sbtest3  (cost=0.43..43.78 rows=10 width=121)
	              Index Cond: ((id >= 7897955) AND (id <= 7897964))

table 4 : explain SELECT DISTINCT c FROM sbtest4 WHERE id BETWEEN 4080294 AND 4080303 ORDER BY c
	Unique  (cost=43.79..43.84 rows=10 width=121)
	  ->  Sort  (cost=43.79..43.82 rows=10 width=121)
	        Sort Key: c
	        ->  Index Scan using sbtest4_pkey on sbtest4  (cost=0.43..43.62 rows=10 width=121)
	              Index Cond: ((id >= 4080294) AND (id <= 4080303))

table 5 : explain SELECT DISTINCT c FROM sbtest5 WHERE id BETWEEN 6909474 AND 6909483 ORDER BY c
	Unique  (cost=43.85..43.90 rows=10 width=121)
	  ->  Sort  (cost=43.85..43.87 rows=10 width=121)
	        Sort Key: c
	        ->  Index Scan using sbtest5_pkey on sbtest5  (cost=0.43..43.68 rows=10 width=121)
	              Index Cond: ((id >= 6909474) AND (id <= 6909483))

table 6 : explain SELECT DISTINCT c FROM sbtest6 WHERE id BETWEEN 8454457 AND 8454466 ORDER BY c
	Unique  (cost=43.92..43.97 rows=10 width=121)
	  ->  Sort  (cost=43.92..43.95 rows=10 width=121)
	        Sort Key: c
	        ->  Index Scan using sbtest6_pkey on sbtest6  (cost=0.43..43.75 rows=10 width=121)
	              Index Cond: ((id >= 8454457) AND (id <= 8454466))

table 7 : explain SELECT DISTINCT c FROM sbtest7 WHERE id BETWEEN 417114 AND 417123 ORDER BY c
	Unique  (cost=43.84..43.89 rows=10 width=121)
	  ->  Sort  (cost=43.84..43.87 rows=10 width=121)
	        Sort Key: c
	        ->  Index Scan using sbtest7_pkey on sbtest7  (cost=0.43..43.68 rows=10 width=121)
	              Index Cond: ((id >= 417114) AND (id <= 417123))

table 8 : explain SELECT DISTINCT c FROM sbtest8 WHERE id BETWEEN 2665220 AND 2665229 ORDER BY c
	Unique  (cost=43.86..43.91 rows=10 width=121)
	  ->  Sort  (cost=43.86..43.89 rows=10 width=121)
	        Sort Key: c
	        ->  Index Scan using sbtest8_pkey on sbtest8  (cost=0.43..43.70 rows=10 width=121)
	              Index Cond: ((id >= 2665220) AND (id <= 2665229))

for: distinct_ranges
table 1 : explain SELECT DISTINCT c FROM sbtest1 WHERE id BETWEEN 4971560 AND 4971569 ORDER BY c
	Unique  (cost=47.88..47.93 rows=11 width=121)
	  ->  Sort  (cost=47.88..47.91 rows=11 width=121)
	        Sort Key: c
	        ->  Index Scan using sbtest1_pkey on sbtest1  (cost=0.43..47.69 rows=11 width=121)
	              Index Cond: ((id >= 4971560) AND (id <= 4971569))

table 2 : explain SELECT DISTINCT c FROM sbtest2 WHERE id BETWEEN 6547761 AND 6547770 ORDER BY c
	Unique  (cost=39.90..39.94 rows=9 width=121)
	  ->  Sort  (cost=39.90..39.92 rows=9 width=121)
	        Sort Key: c
	        ->  Index Scan using sbtest2_pkey on sbtest2  (cost=0.43..39.75 rows=9 width=121)
	              Index Cond: ((id >= 6547761) AND (id <= 6547770))

table 3 : explain SELECT DISTINCT c FROM sbtest3 WHERE id BETWEEN 3142369 AND 3142378 ORDER BY c
	Unique  (cost=40.00..40.05 rows=9 width=121)
	  ->  Sort  (cost=40.00..40.02 rows=9 width=121)
	        Sort Key: c
	        ->  Index Scan using sbtest3_pkey on sbtest3  (cost=0.43..39.86 rows=9 width=121)
	              Index Cond: ((id >= 3142369) AND (id <= 3142378))

table 4 : explain SELECT DISTINCT c FROM sbtest4 WHERE id BETWEEN 6738410 AND 6738419 ORDER BY c
	Unique  (cost=43.79..43.84 rows=10 width=121)
	  ->  Sort  (cost=43.79..43.82 rows=10 width=121)
	        Sort Key: c
	        ->  Index Scan using sbtest4_pkey on sbtest4  (cost=0.43..43.62 rows=10 width=121)
	              Index Cond: ((id >= 6738410) AND (id <= 6738419))

table 5 : explain SELECT DISTINCT c FROM sbtest5 WHERE id BETWEEN 6140417 AND 6140426 ORDER BY c
	Unique  (cost=43.85..43.90 rows=10 width=121)
	  ->  Sort  (cost=43.85..43.87 rows=10 width=121)
	        Sort Key: c
	        ->  Index Scan using sbtest5_pkey on sbtest5  (cost=0.43..43.68 rows=10 width=121)
	              Index Cond: ((id >= 6140417) AND (id <= 6140426))

table 6 : explain SELECT DISTINCT c FROM sbtest6 WHERE id BETWEEN 4124484 AND 4124493 ORDER BY c
	Unique  (cost=47.87..47.92 rows=11 width=121)
	  ->  Sort  (cost=47.87..47.89 rows=11 width=121)
	        Sort Key: c
	        ->  Index Scan using sbtest6_pkey on sbtest6  (cost=0.43..47.68 rows=11 width=121)
	              Index Cond: ((id >= 4124484) AND (id <= 4124493))

table 7 : explain SELECT DISTINCT c FROM sbtest7 WHERE id BETWEEN 8269526 AND 8269535 ORDER BY c
	Unique  (cost=47.78..47.84 rows=11 width=121)
	  ->  Sort  (cost=47.78..47.81 rows=11 width=121)
	        Sort Key: c
	        ->  Index Scan using sbtest7_pkey on sbtest7  (cost=0.43..47.59 rows=11 width=121)
	              Index Cond: ((id >= 8269526) AND (id <= 8269535))

table 8 : explain SELECT DISTINCT c FROM sbtest8 WHERE id BETWEEN 2185238 AND 2185247 ORDER BY c
	Unique  (cost=47.80..47.86 rows=11 width=121)
	  ->  Sort  (cost=47.80..47.83 rows=11 width=121)
	        Sort Key: c
	        ->  Index Scan using sbtest8_pkey on sbtest8  (cost=0.43..47.61 rows=11 width=121)
	              Index Cond: ((id >= 2185238) AND (id <= 2185247))

for: distinct_ranges
table 1 : explain SELECT DISTINCT c FROM sbtest1 WHERE id BETWEEN 9218031 AND 9218040 ORDER BY c
	Unique  (cost=43.93..43.98 rows=10 width=121)
	  ->  Sort  (cost=43.93..43.96 rows=10 width=121)
	        Sort Key: c
	        ->  Index Scan using sbtest1_pkey on sbtest1  (cost=0.43..43.77 rows=10 width=121)
	              Index Cond: ((id >= 9218031) AND (id <= 9218040))

table 2 : explain SELECT DISTINCT c FROM sbtest2 WHERE id BETWEEN 462499 AND 462508 ORDER BY c
	Unique  (cost=43.83..43.88 rows=10 width=121)
	  ->  Sort  (cost=43.83..43.86 rows=10 width=121)
	        Sort Key: c
	        ->  Index Scan using sbtest2_pkey on sbtest2  (cost=0.43..43.67 rows=10 width=121)
	              Index Cond: ((id >= 462499) AND (id <= 462508))

table 3 : explain SELECT DISTINCT c FROM sbtest3 WHERE id BETWEEN 9337267 AND 9337276 ORDER BY c
	Unique  (cost=40.00..40.05 rows=9 width=121)
	  ->  Sort  (cost=40.00..40.02 rows=9 width=121)
	        Sort Key: c
	        ->  Index Scan using sbtest3_pkey on sbtest3  (cost=0.43..39.86 rows=9 width=121)
	              Index Cond: ((id >= 9337267) AND (id <= 9337276))

table 4 : explain SELECT DISTINCT c FROM sbtest4 WHERE id BETWEEN 8762437 AND 8762446 ORDER BY c
	Unique  (cost=43.79..43.84 rows=10 width=121)
	  ->  Sort  (cost=43.79..43.82 rows=10 width=121)
	        Sort Key: c
	        ->  Index Scan using sbtest4_pkey on sbtest4  (cost=0.43..43.62 rows=10 width=121)
	              Index Cond: ((id >= 8762437) AND (id <= 8762446))

table 5 : explain SELECT DISTINCT c FROM sbtest5 WHERE id BETWEEN 3401956 AND 3401965 ORDER BY c
	Unique  (cost=39.91..39.95 rows=9 width=121)
	  ->  Sort  (cost=39.91..39.93 rows=9 width=121)
	        Sort Key: c
	        ->  Index Scan using sbtest5_pkey on sbtest5  (cost=0.43..39.77 rows=9 width=121)
	              Index Cond: ((id >= 3401956) AND (id <= 3401965))

table 6 : explain SELECT DISTINCT c FROM sbtest6 WHERE id BETWEEN 9965634 AND 9965643 ORDER BY c
	Unique  (cost=43.92..43.97 rows=10 width=121)
	  ->  Sort  (cost=43.92..43.95 rows=10 width=121)
	        Sort Key: c
	        ->  Index Scan using sbtest6_pkey on sbtest6  (cost=0.43..43.75 rows=10 width=121)
	              Index Cond: ((id >= 9965634) AND (id <= 9965643))

table 7 : explain SELECT DISTINCT c FROM sbtest7 WHERE id BETWEEN 8382551 AND 8382560 ORDER BY c
	Unique  (cost=39.91..39.95 rows=9 width=121)
	  ->  Sort  (cost=39.91..39.93 rows=9 width=121)
	        Sort Key: c
	        ->  Index Scan using sbtest7_pkey on sbtest7  (cost=0.43..39.76 rows=9 width=121)
	              Index Cond: ((id >= 8382551) AND (id <= 8382560))

table 8 : explain SELECT DISTINCT c FROM sbtest8 WHERE id BETWEEN 7791278 AND 7791287 ORDER BY c
	Unique  (cost=43.86..43.91 rows=10 width=121)
	  ->  Sort  (cost=43.86..43.89 rows=10 width=121)
	        Sort Key: c
	        ->  Index Scan using sbtest8_pkey on sbtest8  (cost=0.43..43.70 rows=10 width=121)
	              Index Cond: ((id >= 7791278) AND (id <= 7791287))

for: order_ranges
table 1 : explain SELECT c FROM sbtest1 WHERE id BETWEEN 4863073 AND 4863082 ORDER BY c
	Sort  (cost=39.99..40.01 rows=9 width=121)
	  Sort Key: c
	  ->  Index Scan using sbtest1_pkey on sbtest1  (cost=0.43..39.84 rows=9 width=121)
	        Index Cond: ((id >= 4863073) AND (id <= 4863082))

table 2 : explain SELECT c FROM sbtest2 WHERE id BETWEEN 1288346 AND 1288355 ORDER BY c
	Sort  (cost=39.90..39.92 rows=9 width=121)
	  Sort Key: c
	  ->  Index Scan using sbtest2_pkey on sbtest2  (cost=0.43..39.75 rows=9 width=121)
	        Index Cond: ((id >= 1288346) AND (id <= 1288355))

table 3 : explain SELECT c FROM sbtest3 WHERE id BETWEEN 2779065 AND 2779074 ORDER BY c
	Sort  (cost=40.00..40.02 rows=9 width=121)
	  Sort Key: c
	  ->  Index Scan using sbtest3_pkey on sbtest3  (cost=0.43..39.86 rows=9 width=121)
	        Index Cond: ((id >= 2779065) AND (id <= 2779074))

table 4 : explain SELECT c FROM sbtest4 WHERE id BETWEEN 5859553 AND 5859562 ORDER BY c
	Sort  (cost=43.79..43.82 rows=10 width=121)
	  Sort Key: c
	  ->  Index Scan using sbtest4_pkey on sbtest4  (cost=0.43..43.62 rows=10 width=121)
	        Index Cond: ((id >= 5859553) AND (id <= 5859562))

table 5 : explain SELECT c FROM sbtest5 WHERE id BETWEEN 461856 AND 461865 ORDER BY c
	Sort  (cost=43.85..43.87 rows=10 width=121)
	  Sort Key: c
	  ->  Index Scan using sbtest5_pkey on sbtest5  (cost=0.43..43.68 rows=10 width=121)
	        Index Cond: ((id >= 461856) AND (id <= 461865))

table 6 : explain SELECT c FROM sbtest6 WHERE id BETWEEN 6506937 AND 6506946 ORDER BY c
	Sort  (cost=43.92..43.95 rows=10 width=121)
	  Sort Key: c
	  ->  Index Scan using sbtest6_pkey on sbtest6  (cost=0.43..43.75 rows=10 width=121)
	        Index Cond: ((id >= 6506937) AND (id <= 6506946))

table 7 : explain SELECT c FROM sbtest7 WHERE id BETWEEN 3853516 AND 3853525 ORDER BY c
	Sort  (cost=43.84..43.87 rows=10 width=121)
	  Sort Key: c
	  ->  Index Scan using sbtest7_pkey on sbtest7  (cost=0.43..43.68 rows=10 width=121)
	        Index Cond: ((id >= 3853516) AND (id <= 3853525))

table 8 : explain SELECT c FROM sbtest8 WHERE id BETWEEN 240959 AND 240968 ORDER BY c
	Sort  (cost=43.86..43.89 rows=10 width=121)
	  Sort Key: c
	  ->  Index Scan using sbtest8_pkey on sbtest8  (cost=0.43..43.70 rows=10 width=121)
	        Index Cond: ((id >= 240959) AND (id <= 240968))

for: distinct_ranges
table 1 : explain SELECT DISTINCT c FROM sbtest1 WHERE id BETWEEN 205594 AND 205603 ORDER BY c
	Unique  (cost=43.93..43.98 rows=10 width=121)
	  ->  Sort  (cost=43.93..43.96 rows=10 width=121)
	        Sort Key: c
	        ->  Index Scan using sbtest1_pkey on sbtest1  (cost=0.43..43.77 rows=10 width=121)
	              Index Cond: ((id >= 205594) AND (id <= 205603))

table 2 : explain SELECT DISTINCT c FROM sbtest2 WHERE id BETWEEN 5663713 AND 5663722 ORDER BY c
	Unique  (cost=43.83..43.88 rows=10 width=121)
	  ->  Sort  (cost=43.83..43.86 rows=10 width=121)
	        Sort Key: c
	        ->  Index Scan using sbtest2_pkey on sbtest2  (cost=0.43..43.67 rows=10 width=121)
	              Index Cond: ((id >= 5663713) AND (id <= 5663722))

table 3 : explain SELECT DISTINCT c FROM sbtest3 WHERE id BETWEEN 9533094 AND 9533103 ORDER BY c
	Unique  (cost=43.95..44.00 rows=10 width=121)
	  ->  Sort  (cost=43.95..43.97 rows=10 width=121)
	        Sort Key: c
	        ->  Index Scan using sbtest3_pkey on sbtest3  (cost=0.43..43.78 rows=10 width=121)
	              Index Cond: ((id >= 9533094) AND (id <= 9533103))

table 4 : explain SELECT DISTINCT c FROM sbtest4 WHERE id BETWEEN 7855404 AND 7855413 ORDER BY c
	Unique  (cost=43.79..43.84 rows=10 width=121)
	  ->  Sort  (cost=43.79..43.82 rows=10 width=121)
	        Sort Key: c
	        ->  Index Scan using sbtest4_pkey on sbtest4  (cost=0.43..43.62 rows=10 width=121)
	              Index Cond: ((id >= 7855404) AND (id <= 7855413))

table 5 : explain SELECT DISTINCT c FROM sbtest5 WHERE id BETWEEN 4887831 AND 4887840 ORDER BY c
	Unique  (cost=43.85..43.90 rows=10 width=121)
	  ->  Sort  (cost=43.85..43.87 rows=10 width=121)
	        Sort Key: c
	        ->  Index Scan using sbtest5_pkey on sbtest5  (cost=0.43..43.68 rows=10 width=121)
	              Index Cond: ((id >= 4887831) AND (id <= 4887840))

table 6 : explain SELECT DISTINCT c FROM sbtest6 WHERE id BETWEEN 4270046 AND 4270055 ORDER BY c
	Unique  (cost=47.87..47.92 rows=11 width=121)
	  ->  Sort  (cost=47.87..47.89 rows=11 width=121)
	        Sort Key: c
	        ->  Index Scan using sbtest6_pkey on sbtest6  (cost=0.43..47.68 rows=11 width=121)
	              Index Cond: ((id >= 4270046) AND (id <= 4270055))

table 7 : explain SELECT DISTINCT c FROM sbtest7 WHERE id BETWEEN 3781278 AND 3781287 ORDER BY c
	Unique  (cost=43.84..43.89 rows=10 width=121)
	  ->  Sort  (cost=43.84..43.87 rows=10 width=121)
	        Sort Key: c
	        ->  Index Scan using sbtest7_pkey on sbtest7  (cost=0.43..43.68 rows=10 width=121)
	              Index Cond: ((id >= 3781278) AND (id <= 3781287))

table 8 : explain SELECT DISTINCT c FROM sbtest8 WHERE id BETWEEN 2614547 AND 2614556 ORDER BY c
	Unique  (cost=43.86..43.91 rows=10 width=121)
	  ->  Sort  (cost=43.86..43.89 rows=10 width=121)
	        Sort Key: c
	        ->  Index Scan using sbtest8_pkey on sbtest8  (cost=0.43..43.70 rows=10 width=121)
	              Index Cond: ((id >= 2614547) AND (id <= 2614556))

for: distinct_ranges
table 1 : explain SELECT DISTINCT c FROM sbtest1 WHERE id BETWEEN 5875925 AND 5875934 ORDER BY c
	Unique  (cost=43.93..43.98 rows=10 width=121)
	  ->  Sort  (cost=43.93..43.96 rows=10 width=121)
	        Sort Key: c
	        ->  Index Scan using sbtest1_pkey on sbtest1  (cost=0.43..43.77 rows=10 width=121)
	              Index Cond: ((id >= 5875925) AND (id <= 5875934))

table 2 : explain SELECT DISTINCT c FROM sbtest2 WHERE id BETWEEN 2334669 AND 2334678 ORDER BY c
	Unique  (cost=39.90..39.94 rows=9 width=121)
	  ->  Sort  (cost=39.90..39.92 rows=9 width=121)
	        Sort Key: c
	        ->  Index Scan using sbtest2_pkey on sbtest2  (cost=0.43..39.75 rows=9 width=121)
	              Index Cond: ((id >= 2334669) AND (id <= 2334678))

table 3 : explain SELECT DISTINCT c FROM sbtest3 WHERE id BETWEEN 9948079 AND 9948088 ORDER BY c
	Unique  (cost=43.95..44.00 rows=10 width=121)
	  ->  Sort  (cost=43.95..43.97 rows=10 width=121)
	        Sort Key: c
	        ->  Index Scan using sbtest3_pkey on sbtest3  (cost=0.43..43.78 rows=10 width=121)
	              Index Cond: ((id >= 9948079) AND (id <= 9948088))

table 4 : explain SELECT DISTINCT c FROM sbtest4 WHERE id BETWEEN 8193644 AND 8193653 ORDER BY c
	Unique  (cost=43.79..43.84 rows=10 width=121)
	  ->  Sort  (cost=43.79..43.82 rows=10 width=121)
	        Sort Key: c
	        ->  Index Scan using sbtest4_pkey on sbtest4  (cost=0.43..43.62 rows=10 width=121)
	              Index Cond: ((id >= 8193644) AND (id <= 8193653))

table 5 : explain SELECT DISTINCT c FROM sbtest5 WHERE id BETWEEN 525622 AND 525631 ORDER BY c
	Unique  (cost=43.85..43.90 rows=10 width=121)
	  ->  Sort  (cost=43.85..43.87 rows=10 width=121)
	        Sort Key: c
	        ->  Index Scan using sbtest5_pkey on sbtest5  (cost=0.43..43.68 rows=10 width=121)
	              Index Cond: ((id >= 525622) AND (id <= 525631))

table 6 : explain SELECT DISTINCT c FROM sbtest6 WHERE id BETWEEN 6198326 AND 6198335 ORDER BY c
	Unique  (cost=43.92..43.97 rows=10 width=121)
	  ->  Sort  (cost=43.92..43.95 rows=10 width=121)
	        Sort Key: c
	        ->  Index Scan using sbtest6_pkey on sbtest6  (cost=0.43..43.75 rows=10 width=121)
	              Index Cond: ((id >= 6198326) AND (id <= 6198335))

table 7 : explain SELECT DISTINCT c FROM sbtest7 WHERE id BETWEEN 7464244 AND 7464253 ORDER BY c
	Unique  (cost=47.78..47.84 rows=11 width=121)
	  ->  Sort  (cost=47.78..47.81 rows=11 width=121)
	        Sort Key: c
	        ->  Index Scan using sbtest7_pkey on sbtest7  (cost=0.43..47.59 rows=11 width=121)
	              Index Cond: ((id >= 7464244) AND (id <= 7464253))

table 8 : explain SELECT DISTINCT c FROM sbtest8 WHERE id BETWEEN 6614616 AND 6614625 ORDER BY c
	Unique  (cost=47.80..47.86 rows=11 width=121)
	  ->  Sort  (cost=47.80..47.83 rows=11 width=121)
	        Sort Key: c
	        ->  Index Scan using sbtest8_pkey on sbtest8  (cost=0.43..47.61 rows=11 width=121)
	              Index Cond: ((id >= 6614616) AND (id <= 6614625))

for: distinct_ranges
table 1 : explain SELECT DISTINCT c FROM sbtest1 WHERE id BETWEEN 5557429 AND 5557438 ORDER BY c
	Unique  (cost=43.93..43.98 rows=10 width=121)
	  ->  Sort  (cost=43.93..43.96 rows=10 width=121)
	        Sort Key: c
	        ->  Index Scan using sbtest1_pkey on sbtest1  (cost=0.43..43.77 rows=10 width=121)
	              Index Cond: ((id >= 5557429) AND (id <= 5557438))

table 2 : explain SELECT DISTINCT c FROM sbtest2 WHERE id BETWEEN 8959029 AND 8959038 ORDER BY c
	Unique  (cost=43.83..43.88 rows=10 width=121)
	  ->  Sort  (cost=43.83..43.86 rows=10 width=121)
	        Sort Key: c
	        ->  Index Scan using sbtest2_pkey on sbtest2  (cost=0.43..43.67 rows=10 width=121)
	              Index Cond: ((id >= 8959029) AND (id <= 8959038))

table 3 : explain SELECT DISTINCT c FROM sbtest3 WHERE id BETWEEN 5336127 AND 5336136 ORDER BY c
	Unique  (cost=40.00..40.05 rows=9 width=121)
	  ->  Sort  (cost=40.00..40.02 rows=9 width=121)
	        Sort Key: c
	        ->  Index Scan using sbtest3_pkey on sbtest3  (cost=0.43..39.86 rows=9 width=121)
	              Index Cond: ((id >= 5336127) AND (id <= 5336136))

table 4 : explain SELECT DISTINCT c FROM sbtest4 WHERE id BETWEEN 3101661 AND 3101670 ORDER BY c
	Unique  (cost=43.79..43.84 rows=10 width=121)
	  ->  Sort  (cost=43.79..43.82 rows=10 width=121)
	        Sort Key: c
	        ->  Index Scan using sbtest4_pkey on sbtest4  (cost=0.43..43.62 rows=10 width=121)
	              Index Cond: ((id >= 3101661) AND (id <= 3101670))

table 5 : explain SELECT DISTINCT c FROM sbtest5 WHERE id BETWEEN 6661795 AND 6661804 ORDER BY c
	Unique  (cost=43.85..43.90 rows=10 width=121)
	  ->  Sort  (cost=43.85..43.87 rows=10 width=121)
	        Sort Key: c
	        ->  Index Scan using sbtest5_pkey on sbtest5  (cost=0.43..43.68 rows=10 width=121)
	              Index Cond: ((id >= 6661795) AND (id <= 6661804))

table 6 : explain SELECT DISTINCT c FROM sbtest6 WHERE id BETWEEN 9673227 AND 9673236 ORDER BY c
	Unique  (cost=43.92..43.97 rows=10 width=121)
	  ->  Sort  (cost=43.92..43.95 rows=10 width=121)
	        Sort Key: c
	        ->  Index Scan using sbtest6_pkey on sbtest6  (cost=0.43..43.75 rows=10 width=121)
	              Index Cond: ((id >= 9673227) AND (id <= 9673236))

table 7 : explain SELECT DISTINCT c FROM sbtest7 WHERE id BETWEEN 4748591 AND 4748600 ORDER BY c
	Unique  (cost=43.84..43.89 rows=10 width=121)
	  ->  Sort  (cost=43.84..43.87 rows=10 width=121)
	        Sort Key: c
	        ->  Index Scan using sbtest7_pkey on sbtest7  (cost=0.43..43.68 rows=10 width=121)
	              Index Cond: ((id >= 4748591) AND (id <= 4748600))

table 8 : explain SELECT DISTINCT c FROM sbtest8 WHERE id BETWEEN 6449401 AND 6449410 ORDER BY c
	Unique  (cost=43.86..43.91 rows=10 width=121)
	  ->  Sort  (cost=43.86..43.89 rows=10 width=121)
	        Sort Key: c
	        ->  Index Scan using sbtest8_pkey on sbtest8  (cost=0.43..43.70 rows=10 width=121)
	              Index Cond: ((id >= 6449401) AND (id <= 6449410))

for: distinct_ranges
table 1 : explain SELECT DISTINCT c FROM sbtest1 WHERE id BETWEEN 4887964 AND 4887973 ORDER BY c
	Unique  (cost=39.99..40.03 rows=9 width=121)
	  ->  Sort  (cost=39.99..40.01 rows=9 width=121)
	        Sort Key: c
	        ->  Index Scan using sbtest1_pkey on sbtest1  (cost=0.43..39.84 rows=9 width=121)
	              Index Cond: ((id >= 4887964) AND (id <= 4887973))

table 2 : explain SELECT DISTINCT c FROM sbtest2 WHERE id BETWEEN 7445094 AND 7445103 ORDER BY c
	Unique  (cost=43.83..43.88 rows=10 width=121)
	  ->  Sort  (cost=43.83..43.86 rows=10 width=121)
	        Sort Key: c
	        ->  Index Scan using sbtest2_pkey on sbtest2  (cost=0.43..43.67 rows=10 width=121)
	              Index Cond: ((id >= 7445094) AND (id <= 7445103))

table 3 : explain SELECT DISTINCT c FROM sbtest3 WHERE id BETWEEN 2526975 AND 2526984 ORDER BY c
	Unique  (cost=47.90..47.95 rows=11 width=121)
	  ->  Sort  (cost=47.90..47.93 rows=11 width=121)
	        Sort Key: c
	        ->  Index Scan using sbtest3_pkey on sbtest3  (cost=0.43..47.71 rows=11 width=121)
	              Index Cond: ((id >= 2526975) AND (id <= 2526984))

table 4 : explain SELECT DISTINCT c FROM sbtest4 WHERE id BETWEEN 1798460 AND 1798469 ORDER BY c
	Unique  (cost=47.72..47.78 rows=11 width=121)
	  ->  Sort  (cost=47.72..47.75 rows=11 width=121)
	        Sort Key: c
	        ->  Index Scan using sbtest4_pkey on sbtest4  (cost=0.43..47.53 rows=11 width=121)
	              Index Cond: ((id >= 1798460) AND (id <= 1798469))

table 5 : explain SELECT DISTINCT c FROM sbtest5 WHERE id BETWEEN 165418 AND 165427 ORDER BY c
	Unique  (cost=39.91..39.95 rows=9 width=121)
	  ->  Sort  (cost=39.91..39.93 rows=9 width=121)
	        Sort Key: c
	        ->  Index Scan using sbtest5_pkey on sbtest5  (cost=0.43..39.77 rows=9 width=121)
	              Index Cond: ((id >= 165418) AND (id <= 165427))

table 6 : explain SELECT DISTINCT c FROM sbtest6 WHERE id BETWEEN 4107126 AND 4107135 ORDER BY c
	Unique  (cost=47.87..47.92 rows=11 width=121)
	  ->  Sort  (cost=47.87..47.89 rows=11 width=121)
	        Sort Key: c
	        ->  Index Scan using sbtest6_pkey on sbtest6  (cost=0.43..47.68 rows=11 width=121)
	              Index Cond: ((id >= 4107126) AND (id <= 4107135))

table 7 : explain SELECT DISTINCT c FROM sbtest7 WHERE id BETWEEN 4917869 AND 4917878 ORDER BY c
	Unique  (cost=43.84..43.89 rows=10 width=121)
	  ->  Sort  (cost=43.84..43.87 rows=10 width=121)
	        Sort Key: c
	        ->  Index Scan using sbtest7_pkey on sbtest7  (cost=0.43..43.68 rows=10 width=121)
	              Index Cond: ((id >= 4917869) AND (id <= 4917878))

table 8 : explain SELECT DISTINCT c FROM sbtest8 WHERE id BETWEEN 2011252 AND 2011261 ORDER BY c
	Unique  (cost=43.86..43.91 rows=10 width=121)
	  ->  Sort  (cost=43.86..43.89 rows=10 width=121)
	        Sort Key: c
	        ->  Index Scan using sbtest8_pkey on sbtest8  (cost=0.43..43.70 rows=10 width=121)
	              Index Cond: ((id >= 2011252) AND (id <= 2011261))

for: distinct_ranges
table 1 : explain SELECT DISTINCT c FROM sbtest1 WHERE id BETWEEN 1203657 AND 1203666 ORDER BY c
	Unique  (cost=39.99..40.03 rows=9 width=121)
	  ->  Sort  (cost=39.99..40.01 rows=9 width=121)
	        Sort Key: c
	        ->  Index Scan using sbtest1_pkey on sbtest1  (cost=0.43..39.84 rows=9 width=121)
	              Index Cond: ((id >= 1203657) AND (id <= 1203666))

table 2 : explain SELECT DISTINCT c FROM sbtest2 WHERE id BETWEEN 3276075 AND 3276084 ORDER BY c
	Unique  (cost=47.77..47.83 rows=11 width=121)
	  ->  Sort  (cost=47.77..47.80 rows=11 width=121)
	        Sort Key: c
	        ->  Index Scan using sbtest2_pkey on sbtest2  (cost=0.43..47.58 rows=11 width=121)
	              Index Cond: ((id >= 3276075) AND (id <= 3276084))

table 3 : explain SELECT DISTINCT c FROM sbtest3 WHERE id BETWEEN 4724721 AND 4724730 ORDER BY c
	Unique  (cost=47.90..47.95 rows=11 width=121)
	  ->  Sort  (cost=47.90..47.93 rows=11 width=121)
	        Sort Key: c
	        ->  Index Scan using sbtest3_pkey on sbtest3  (cost=0.43..47.71 rows=11 width=121)
	              Index Cond: ((id >= 4724721) AND (id <= 4724730))

table 4 : explain SELECT DISTINCT c FROM sbtest4 WHERE id BETWEEN 8548279 AND 8548288 ORDER BY c
	Unique  (cost=43.79..43.84 rows=10 width=121)
	  ->  Sort  (cost=43.79..43.82 rows=10 width=121)
	        Sort Key: c
	        ->  Index Scan using sbtest4_pkey on sbtest4  (cost=0.43..43.62 rows=10 width=121)
	              Index Cond: ((id >= 8548279) AND (id <= 8548288))

table 5 : explain SELECT DISTINCT c FROM sbtest5 WHERE id BETWEEN 2434401 AND 2434410 ORDER BY c
	Unique  (cost=43.85..43.90 rows=10 width=121)
	  ->  Sort  (cost=43.85..43.87 rows=10 width=121)
	        Sort Key: c
	        ->  Index Scan using sbtest5_pkey on sbtest5  (cost=0.43..43.68 rows=10 width=121)
	              Index Cond: ((id >= 2434401) AND (id <= 2434410))

table 6 : explain SELECT DISTINCT c FROM sbtest6 WHERE id BETWEEN 6155434 AND 6155443 ORDER BY c
	Unique  (cost=43.92..43.97 rows=10 width=121)
	  ->  Sort  (cost=43.92..43.95 rows=10 width=121)
	        Sort Key: c
	        ->  Index Scan using sbtest6_pkey on sbtest6  (cost=0.43..43.75 rows=10 width=121)
	              Index Cond: ((id >= 6155434) AND (id <= 6155443))

table 7 : explain SELECT DISTINCT c FROM sbtest7 WHERE id BETWEEN 7494881 AND 7494890 ORDER BY c
	Unique  (cost=47.78..47.84 rows=11 width=121)
	  ->  Sort  (cost=47.78..47.81 rows=11 width=121)
	        Sort Key: c
	        ->  Index Scan using sbtest7_pkey on sbtest7  (cost=0.43..47.59 rows=11 width=121)
	              Index Cond: ((id >= 7494881) AND (id <= 7494890))

table 8 : explain SELECT DISTINCT c FROM sbtest8 WHERE id BETWEEN 901971 AND 901980 ORDER BY c
	Unique  (cost=43.86..43.91 rows=10 width=121)
	  ->  Sort  (cost=43.86..43.89 rows=10 width=121)
	        Sort Key: c
	        ->  Index Scan using sbtest8_pkey on sbtest8  (cost=0.43..43.70 rows=10 width=121)
	              Index Cond: ((id >= 901971) AND (id <= 901980))

for: distinct_ranges
table 1 : explain SELECT DISTINCT c FROM sbtest1 WHERE id BETWEEN 5645513 AND 5645522 ORDER BY c
	Unique  (cost=43.93..43.98 rows=10 width=121)
	  ->  Sort  (cost=43.93..43.96 rows=10 width=121)
	        Sort Key: c
	        ->  Index Scan using sbtest1_pkey on sbtest1  (cost=0.43..43.77 rows=10 width=121)
	              Index Cond: ((id >= 5645513) AND (id <= 5645522))

table 2 : explain SELECT DISTINCT c FROM sbtest2 WHERE id BETWEEN 2675552 AND 2675561 ORDER BY c
	Unique  (cost=43.83..43.88 rows=10 width=121)
	  ->  Sort  (cost=43.83..43.86 rows=10 width=121)
	        Sort Key: c
	        ->  Index Scan using sbtest2_pkey on sbtest2  (cost=0.43..43.67 rows=10 width=121)
	              Index Cond: ((id >= 2675552) AND (id <= 2675561))

table 3 : explain SELECT DISTINCT c FROM sbtest3 WHERE id BETWEEN 6556048 AND 6556057 ORDER BY c
	Unique  (cost=43.95..44.00 rows=10 width=121)
	  ->  Sort  (cost=43.95..43.97 rows=10 width=121)
	        Sort Key: c
	        ->  Index Scan using sbtest3_pkey on sbtest3  (cost=0.43..43.78 rows=10 width=121)
	              Index Cond: ((id >= 6556048) AND (id <= 6556057))

table 4 : explain SELECT DISTINCT c FROM sbtest4 WHERE id BETWEEN 5781378 AND 5781387 ORDER BY c
	Unique  (cost=43.79..43.84 rows=10 width=121)
	  ->  Sort  (cost=43.79..43.82 rows=10 width=121)
	        Sort Key: c
	        ->  Index Scan using sbtest4_pkey on sbtest4  (cost=0.43..43.62 rows=10 width=121)
	              Index Cond: ((id >= 5781378) AND (id <= 5781387))

table 5 : explain SELECT DISTINCT c FROM sbtest5 WHERE id BETWEEN 3497971 AND 3497980 ORDER BY c
	Unique  (cost=47.78..47.84 rows=11 width=121)
	  ->  Sort  (cost=47.78..47.81 rows=11 width=121)
	        Sort Key: c
	        ->  Index Scan using sbtest5_pkey on sbtest5  (cost=0.43..47.59 rows=11 width=121)
	              Index Cond: ((id >= 3497971) AND (id <= 3497980))

table 6 : explain SELECT DISTINCT c FROM sbtest6 WHERE id BETWEEN 5723299 AND 5723308 ORDER BY c
	Unique  (cost=47.87..47.92 rows=11 width=121)
	  ->  Sort  (cost=47.87..47.89 rows=11 width=121)
	        Sort Key: c
	        ->  Index Scan using sbtest6_pkey on sbtest6  (cost=0.43..47.68 rows=11 width=121)
	              Index Cond: ((id >= 5723299) AND (id <= 5723308))

table 7 : explain SELECT DISTINCT c FROM sbtest7 WHERE id BETWEEN 2184329 AND 2184338 ORDER BY c
	Unique  (cost=39.91..39.95 rows=9 width=121)
	  ->  Sort  (cost=39.91..39.93 rows=9 width=121)
	        Sort Key: c
	        ->  Index Scan using sbtest7_pkey on sbtest7  (cost=0.43..39.76 rows=9 width=121)
	              Index Cond: ((id >= 2184329) AND (id <= 2184338))

table 8 : explain SELECT DISTINCT c FROM sbtest8 WHERE id BETWEEN 1824554 AND 1824563 ORDER BY c
	Unique  (cost=43.86..43.91 rows=10 width=121)
	  ->  Sort  (cost=43.86..43.89 rows=10 width=121)
	        Sort Key: c
	        ->  Index Scan using sbtest8_pkey on sbtest8  (cost=0.43..43.70 rows=10 width=121)
	              Index Cond: ((id >= 1824554) AND (id <= 1824563))

for: distinct_ranges
table 1 : explain SELECT DISTINCT c FROM sbtest1 WHERE id BETWEEN 6571279 AND 6571288 ORDER BY c
	Unique  (cost=47.88..47.93 rows=11 width=121)
	  ->  Sort  (cost=47.88..47.91 rows=11 width=121)
	        Sort Key: c
	        ->  Index Scan using sbtest1_pkey on sbtest1  (cost=0.43..47.69 rows=11 width=121)
	              Index Cond: ((id >= 6571279) AND (id <= 6571288))

table 2 : explain SELECT DISTINCT c FROM sbtest2 WHERE id BETWEEN 6496506 AND 6496515 ORDER BY c
	Unique  (cost=43.83..43.88 rows=10 width=121)
	  ->  Sort  (cost=43.83..43.86 rows=10 width=121)
	        Sort Key: c
	        ->  Index Scan using sbtest2_pkey on sbtest2  (cost=0.43..43.67 rows=10 width=121)
	              Index Cond: ((id >= 6496506) AND (id <= 6496515))

table 3 : explain SELECT DISTINCT c FROM sbtest3 WHERE id BETWEEN 6025430 AND 6025439 ORDER BY c
	Unique  (cost=43.95..44.00 rows=10 width=121)
	  ->  Sort  (cost=43.95..43.97 rows=10 width=121)
	        Sort Key: c
	        ->  Index Scan using sbtest3_pkey on sbtest3  (cost=0.43..43.78 rows=10 width=121)
	              Index Cond: ((id >= 6025430) AND (id <= 6025439))

table 4 : explain SELECT DISTINCT c FROM sbtest4 WHERE id BETWEEN 9044168 AND 9044177 ORDER BY c
	Unique  (cost=39.86..39.90 rows=9 width=121)
	  ->  Sort  (cost=39.86..39.88 rows=9 width=121)
	        Sort Key: c
	        ->  Index Scan using sbtest4_pkey on sbtest4  (cost=0.43..39.72 rows=9 width=121)
	              Index Cond: ((id >= 9044168) AND (id <= 9044177))

table 5 : explain SELECT DISTINCT c FROM sbtest5 WHERE id BETWEEN 5948789 AND 5948798 ORDER BY c
	Unique  (cost=43.85..43.90 rows=10 width=121)
	  ->  Sort  (cost=43.85..43.87 rows=10 width=121)
	        Sort Key: c
	        ->  Index Scan using sbtest5_pkey on sbtest5  (cost=0.43..43.68 rows=10 width=121)
	              Index Cond: ((id >= 5948789) AND (id <= 5948798))

table 6 : explain SELECT DISTINCT c FROM sbtest6 WHERE id BETWEEN 3273702 AND 3273711 ORDER BY c
	Unique  (cost=39.98..40.02 rows=9 width=121)
	  ->  Sort  (cost=39.98..40.00 rows=9 width=121)
	        Sort Key: c
	        ->  Index Scan using sbtest6_pkey on sbtest6  (cost=0.43..39.83 rows=9 width=121)
	              Index Cond: ((id >= 3273702) AND (id <= 3273711))

table 7 : explain SELECT DISTINCT c FROM sbtest7 WHERE id BETWEEN 6121798 AND 6121807 ORDER BY c
	Unique  (cost=43.84..43.89 rows=10 width=121)
	  ->  Sort  (cost=43.84..43.87 rows=10 width=121)
	        Sort Key: c
	        ->  Index Scan using sbtest7_pkey on sbtest7  (cost=0.43..43.68 rows=10 width=121)
	              Index Cond: ((id >= 6121798) AND (id <= 6121807))

table 8 : explain SELECT DISTINCT c FROM sbtest8 WHERE id BETWEEN 2627654 AND 2627663 ORDER BY c
	Unique  (cost=43.86..43.91 rows=10 width=121)
	  ->  Sort  (cost=43.86..43.89 rows=10 width=121)
	        Sort Key: c
	        ->  Index Scan using sbtest8_pkey on sbtest8  (cost=0.43..43.70 rows=10 width=121)
	              Index Cond: ((id >= 2627654) AND (id <= 2627663))

for: distinct_ranges
table 1 : explain SELECT DISTINCT c FROM sbtest1 WHERE id BETWEEN 9558492 AND 9558501 ORDER BY c
	Unique  (cost=43.93..43.98 rows=10 width=121)
	  ->  Sort  (cost=43.93..43.96 rows=10 width=121)
	        Sort Key: c
	        ->  Index Scan using sbtest1_pkey on sbtest1  (cost=0.43..43.77 rows=10 width=121)
	              Index Cond: ((id >= 9558492) AND (id <= 9558501))

table 2 : explain SELECT DISTINCT c FROM sbtest2 WHERE id BETWEEN 5288798 AND 5288807 ORDER BY c
	Unique  (cost=47.77..47.83 rows=11 width=121)
	  ->  Sort  (cost=47.77..47.80 rows=11 width=121)
	        Sort Key: c
	        ->  Index Scan using sbtest2_pkey on sbtest2  (cost=0.43..47.58 rows=11 width=121)
	              Index Cond: ((id >= 5288798) AND (id <= 5288807))

table 3 : explain SELECT DISTINCT c FROM sbtest3 WHERE id BETWEEN 8076834 AND 8076843 ORDER BY c
	Unique  (cost=43.95..44.00 rows=10 width=121)
	  ->  Sort  (cost=43.95..43.97 rows=10 width=121)
	        Sort Key: c
	        ->  Index Scan using sbtest3_pkey on sbtest3  (cost=0.43..43.78 rows=10 width=121)
	              Index Cond: ((id >= 8076834) AND (id <= 8076843))

table 4 : explain SELECT DISTINCT c FROM sbtest4 WHERE id BETWEEN 3134174 AND 3134183 ORDER BY c
	Unique  (cost=43.79..43.84 rows=10 width=121)
	  ->  Sort  (cost=43.79..43.82 rows=10 width=121)
	        Sort Key: c
	        ->  Index Scan using sbtest4_pkey on sbtest4  (cost=0.43..43.62 rows=10 width=121)
	              Index Cond: ((id >= 3134174) AND (id <= 3134183))

table 5 : explain SELECT DISTINCT c FROM sbtest5 WHERE id BETWEEN 8087828 AND 8087837 ORDER BY c
	Unique  (cost=43.85..43.90 rows=10 width=121)
	  ->  Sort  (cost=43.85..43.87 rows=10 width=121)
	        Sort Key: c
	        ->  Index Scan using sbtest5_pkey on sbtest5  (cost=0.43..43.68 rows=10 width=121)
	              Index Cond: ((id >= 8087828) AND (id <= 8087837))

table 6 : explain SELECT DISTINCT c FROM sbtest6 WHERE id BETWEEN 3787687 AND 3787696 ORDER BY c
	Unique  (cost=43.92..43.97 rows=10 width=121)
	  ->  Sort  (cost=43.92..43.95 rows=10 width=121)
	        Sort Key: c
	        ->  Index Scan using sbtest6_pkey on sbtest6  (cost=0.43..43.75 rows=10 width=121)
	              Index Cond: ((id >= 3787687) AND (id <= 3787696))

table 7 : explain SELECT DISTINCT c FROM sbtest7 WHERE id BETWEEN 5235427 AND 5235436 ORDER BY c
	Unique  (cost=39.91..39.95 rows=9 width=121)
	  ->  Sort  (cost=39.91..39.93 rows=9 width=121)
	        Sort Key: c
	        ->  Index Scan using sbtest7_pkey on sbtest7  (cost=0.43..39.76 rows=9 width=121)
	              Index Cond: ((id >= 5235427) AND (id <= 5235436))

table 8 : explain SELECT DISTINCT c FROM sbtest8 WHERE id BETWEEN 3729151 AND 3729160 ORDER BY c
	Unique  (cost=43.86..43.91 rows=10 width=121)
	  ->  Sort  (cost=43.86..43.89 rows=10 width=121)
	        Sort Key: c
	        ->  Index Scan using sbtest8_pkey on sbtest8  (cost=0.43..43.70 rows=10 width=121)
	              Index Cond: ((id >= 3729151) AND (id <= 3729160))

for: distinct_ranges
table 1 : explain SELECT DISTINCT c FROM sbtest1 WHERE id BETWEEN 2495467 AND 2495476 ORDER BY c
	Unique  (cost=43.93..43.98 rows=10 width=121)
	  ->  Sort  (cost=43.93..43.96 rows=10 width=121)
	        Sort Key: c
	        ->  Index Scan using sbtest1_pkey on sbtest1  (cost=0.43..43.77 rows=10 width=121)
	              Index Cond: ((id >= 2495467) AND (id <= 2495476))

table 2 : explain SELECT DISTINCT c FROM sbtest2 WHERE id BETWEEN 3055728 AND 3055737 ORDER BY c
	Unique  (cost=43.83..43.88 rows=10 width=121)
	  ->  Sort  (cost=43.83..43.86 rows=10 width=121)
	        Sort Key: c
	        ->  Index Scan using sbtest2_pkey on sbtest2  (cost=0.43..43.67 rows=10 width=121)
	              Index Cond: ((id >= 3055728) AND (id <= 3055737))

table 3 : explain SELECT DISTINCT c FROM sbtest3 WHERE id BETWEEN 453456 AND 453465 ORDER BY c
	Unique  (cost=43.95..44.00 rows=10 width=121)
	  ->  Sort  (cost=43.95..43.97 rows=10 width=121)
	        Sort Key: c
	        ->  Index Scan using sbtest3_pkey on sbtest3  (cost=0.43..43.78 rows=10 width=121)
	              Index Cond: ((id >= 453456) AND (id <= 453465))

table 4 : explain SELECT DISTINCT c FROM sbtest4 WHERE id BETWEEN 3320627 AND 3320636 ORDER BY c
	Unique  (cost=43.79..43.84 rows=10 width=121)
	  ->  Sort  (cost=43.79..43.82 rows=10 width=121)
	        Sort Key: c
	        ->  Index Scan using sbtest4_pkey on sbtest4  (cost=0.43..43.62 rows=10 width=121)
	              Index Cond: ((id >= 3320627) AND (id <= 3320636))

table 5 : explain SELECT DISTINCT c FROM sbtest5 WHERE id BETWEEN 990894 AND 990903 ORDER BY c
	Unique  (cost=39.91..39.95 rows=9 width=121)
	  ->  Sort  (cost=39.91..39.93 rows=9 width=121)
	        Sort Key: c
	        ->  Index Scan using sbtest5_pkey on sbtest5  (cost=0.43..39.77 rows=9 width=121)
	              Index Cond: ((id >= 990894) AND (id <= 990903))

table 6 : explain SELECT DISTINCT c FROM sbtest6 WHERE id BETWEEN 549904 AND 549913 ORDER BY c
	Unique  (cost=39.98..40.02 rows=9 width=121)
	  ->  Sort  (cost=39.98..40.00 rows=9 width=121)
	        Sort Key: c
	        ->  Index Scan using sbtest6_pkey on sbtest6  (cost=0.43..39.83 rows=9 width=121)
	              Index Cond: ((id >= 549904) AND (id <= 549913))

table 7 : explain SELECT DISTINCT c FROM sbtest7 WHERE id BETWEEN 9919369 AND 9919378 ORDER BY c
	Unique  (cost=43.84..43.89 rows=10 width=121)
	  ->  Sort  (cost=43.84..43.87 rows=10 width=121)
	        Sort Key: c
	        ->  Index Scan using sbtest7_pkey on sbtest7  (cost=0.43..43.68 rows=10 width=121)
	              Index Cond: ((id >= 9919369) AND (id <= 9919378))

table 8 : explain SELECT DISTINCT c FROM sbtest8 WHERE id BETWEEN 1902520 AND 1902529 ORDER BY c
	Unique  (cost=43.86..43.91 rows=10 width=121)
	  ->  Sort  (cost=43.86..43.89 rows=10 width=121)
	        Sort Key: c
	        ->  Index Scan using sbtest8_pkey on sbtest8  (cost=0.43..43.70 rows=10 width=121)
	              Index Cond: ((id >= 1902520) AND (id <= 1902529))

for: distinct_ranges
table 1 : explain SELECT DISTINCT c FROM sbtest1 WHERE id BETWEEN 4495049 AND 4495058 ORDER BY c
	Unique  (cost=43.93..43.98 rows=10 width=121)
	  ->  Sort  (cost=43.93..43.96 rows=10 width=121)
	        Sort Key: c
	        ->  Index Scan using sbtest1_pkey on sbtest1  (cost=0.43..43.77 rows=10 width=121)
	              Index Cond: ((id >= 4495049) AND (id <= 4495058))

table 2 : explain SELECT DISTINCT c FROM sbtest2 WHERE id BETWEEN 4392606 AND 4392615 ORDER BY c
	Unique  (cost=43.83..43.88 rows=10 width=121)
	  ->  Sort  (cost=43.83..43.86 rows=10 width=121)
	        Sort Key: c
	        ->  Index Scan using sbtest2_pkey on sbtest2  (cost=0.43..43.67 rows=10 width=121)
	              Index Cond: ((id >= 4392606) AND (id <= 4392615))

table 3 : explain SELECT DISTINCT c FROM sbtest3 WHERE id BETWEEN 5057064 AND 5057073 ORDER BY c
	Unique  (cost=47.90..47.95 rows=11 width=121)
	  ->  Sort  (cost=47.90..47.93 rows=11 width=121)
	        Sort Key: c
	        ->  Index Scan using sbtest3_pkey on sbtest3  (cost=0.43..47.71 rows=11 width=121)
	              Index Cond: ((id >= 5057064) AND (id <= 5057073))

table 4 : explain SELECT DISTINCT c FROM sbtest4 WHERE id BETWEEN 656377 AND 656386 ORDER BY c
	Unique  (cost=43.79..43.84 rows=10 width=121)
	  ->  Sort  (cost=43.79..43.82 rows=10 width=121)
	        Sort Key: c
	        ->  Index Scan using sbtest4_pkey on sbtest4  (cost=0.43..43.62 rows=10 width=121)
	              Index Cond: ((id >= 656377) AND (id <= 656386))

table 5 : explain SELECT DISTINCT c FROM sbtest5 WHERE id BETWEEN 7333486 AND 7333495 ORDER BY c
	Unique  (cost=43.85..43.90 rows=10 width=121)
	  ->  Sort  (cost=43.85..43.87 rows=10 width=121)
	        Sort Key: c
	        ->  Index Scan using sbtest5_pkey on sbtest5  (cost=0.43..43.68 rows=10 width=121)
	              Index Cond: ((id >= 7333486) AND (id <= 7333495))

table 6 : explain SELECT DISTINCT c FROM sbtest6 WHERE id BETWEEN 3790880 AND 3790889 ORDER BY c
	Unique  (cost=43.92..43.97 rows=10 width=121)
	  ->  Sort  (cost=43.92..43.95 rows=10 width=121)
	        Sort Key: c
	        ->  Index Scan using sbtest6_pkey on sbtest6  (cost=0.43..43.75 rows=10 width=121)
	              Index Cond: ((id >= 3790880) AND (id <= 3790889))

table 7 : explain SELECT DISTINCT c FROM sbtest7 WHERE id BETWEEN 5321149 AND 5321158 ORDER BY c
	Unique  (cost=47.78..47.84 rows=11 width=121)
	  ->  Sort  (cost=47.78..47.81 rows=11 width=121)
	        Sort Key: c
	        ->  Index Scan using sbtest7_pkey on sbtest7  (cost=0.43..47.59 rows=11 width=121)
	              Index Cond: ((id >= 5321149) AND (id <= 5321158))

table 8 : explain SELECT DISTINCT c FROM sbtest8 WHERE id BETWEEN 2263050 AND 2263059 ORDER BY c
	Unique  (cost=43.86..43.91 rows=10 width=121)
	  ->  Sort  (cost=43.86..43.89 rows=10 width=121)
	        Sort Key: c
	        ->  Index Scan using sbtest8_pkey on sbtest8  (cost=0.43..43.70 rows=10 width=121)
	              Index Cond: ((id >= 2263050) AND (id <= 2263059))

for: distinct_ranges
table 1 : explain SELECT DISTINCT c FROM sbtest1 WHERE id BETWEEN 9729760 AND 9729769 ORDER BY c
	Unique  (cost=47.88..47.93 rows=11 width=121)
	  ->  Sort  (cost=47.88..47.91 rows=11 width=121)
	        Sort Key: c
	        ->  Index Scan using sbtest1_pkey on sbtest1  (cost=0.43..47.69 rows=11 width=121)
	              Index Cond: ((id >= 9729760) AND (id <= 9729769))

table 2 : explain SELECT DISTINCT c FROM sbtest2 WHERE id BETWEEN 5796389 AND 5796398 ORDER BY c
	Unique  (cost=43.83..43.88 rows=10 width=121)
	  ->  Sort  (cost=43.83..43.86 rows=10 width=121)
	        Sort Key: c
	        ->  Index Scan using sbtest2_pkey on sbtest2  (cost=0.43..43.67 rows=10 width=121)
	              Index Cond: ((id >= 5796389) AND (id <= 5796398))

table 3 : explain SELECT DISTINCT c FROM sbtest3 WHERE id BETWEEN 4845475 AND 4845484 ORDER BY c
	Unique  (cost=43.95..44.00 rows=10 width=121)
	  ->  Sort  (cost=43.95..43.97 rows=10 width=121)
	        Sort Key: c
	        ->  Index Scan using sbtest3_pkey on sbtest3  (cost=0.43..43.78 rows=10 width=121)
	              Index Cond: ((id >= 4845475) AND (id <= 4845484))

table 4 : explain SELECT DISTINCT c FROM sbtest4 WHERE id BETWEEN 9755464 AND 9755473 ORDER BY c
	Unique  (cost=43.79..43.84 rows=10 width=121)
	  ->  Sort  (cost=43.79..43.82 rows=10 width=121)
	        Sort Key: c
	        ->  Index Scan using sbtest4_pkey on sbtest4  (cost=0.43..43.62 rows=10 width=121)
	              Index Cond: ((id >= 9755464) AND (id <= 9755473))

table 5 : explain SELECT DISTINCT c FROM sbtest5 WHERE id BETWEEN 1958730 AND 1958739 ORDER BY c
	Unique  (cost=43.85..43.90 rows=10 width=121)
	  ->  Sort  (cost=43.85..43.87 rows=10 width=121)
	        Sort Key: c
	        ->  Index Scan using sbtest5_pkey on sbtest5  (cost=0.43..43.68 rows=10 width=121)
	              Index Cond: ((id >= 1958730) AND (id <= 1958739))

table 6 : explain SELECT DISTINCT c FROM sbtest6 WHERE id BETWEEN 3690658 AND 3690667 ORDER BY c
	Unique  (cost=43.92..43.97 rows=10 width=121)
	  ->  Sort  (cost=43.92..43.95 rows=10 width=121)
	        Sort Key: c
	        ->  Index Scan using sbtest6_pkey on sbtest6  (cost=0.43..43.75 rows=10 width=121)
	              Index Cond: ((id >= 3690658) AND (id <= 3690667))

table 7 : explain SELECT DISTINCT c FROM sbtest7 WHERE id BETWEEN 5993034 AND 5993043 ORDER BY c
	Unique  (cost=47.78..47.84 rows=11 width=121)
	  ->  Sort  (cost=47.78..47.81 rows=11 width=121)
	        Sort Key: c
	        ->  Index Scan using sbtest7_pkey on sbtest7  (cost=0.43..47.59 rows=11 width=121)
	              Index Cond: ((id >= 5993034) AND (id <= 5993043))

table 8 : explain SELECT DISTINCT c FROM sbtest8 WHERE id BETWEEN 5444847 AND 5444856 ORDER BY c
	Unique  (cost=43.86..43.91 rows=10 width=121)
	  ->  Sort  (cost=43.86..43.89 rows=10 width=121)
	        Sort Key: c
	        ->  Index Scan using sbtest8_pkey on sbtest8  (cost=0.43..43.70 rows=10 width=121)
	              Index Cond: ((id >= 5444847) AND (id <= 5444856))

Threads started!

Warming up for 5 seconds...

SQL statistics:
    queries performed:
        read:                            451296006
        write:                           0
        other:                           64470856
        total:                           515766862
    transactions:                        32235448 (51166.75 per sec.)
    queries:                             515766862 (818667.58 per sec.)
    ignored errors:                      0      (0.00 per sec.)
    reconnects:                          0      (0.00 per sec.)

Throughput:
    events/s (eps):                      51166.7541
    time elapsed:                        630.0078s
    total number of events:              32235448

Latency (ms):
         min:                                    0.69
         avg:                                    0.78
         max:                                   28.85
         95th percentile:                        0.86
         sum:                             25170408.16

Threads fairness:
    events (avg/stddev):           805885.3250/4616.12
    execution time (avg/stddev):   629.2602/0.01

