LUA_PATH=/home/mdcallag/git/mytools/bench/sysbench.lua/lua/?.lua /home/mdcallag/git/mytools/bench/sysbench.lua/lua/sysbench --db-driver=pgsql --range-size=1000 --table-size=10000000 --tables=8 --threads=40 --events=0 --warmup-time=5 --time=630 --pgsql_conn_id=true /home/mdcallag/git/mytools/bench/sysbench.lua/lua/oltp_read_only.lua run --pgsql-user=root --pgsql-password=pw --pgsql-host=127.0.0.1 --pgsql-db=ib --rand-type=uniform --simple-ranges=1 --sum-ranges=0 --order-ranges=0 --distinct-ranges=0
48 CPUs
sysbench 1.1.0-9072687 (using bundled LuaJIT 2.1.0-beta3)

Running the test with following options:
Number of threads: 40
Warmup time: 5s
Initializing random number generator from current time


Initializing worker threads...

explain: for point_selects :: explain SELECT c FROM sbtest%u WHERE id=%u
explain: for point_selects :: explain SELECT c FROM sbtest%u WHERE id=%u
explain: for point_selects :: explain SELECT c FROM sbtest%u WHERE id=%u
for point_selects
table 1 : explain SELECT c FROM sbtest1 WHERE id=254009
	Index Scan using sbtest1_pkey on sbtest1  (cost=0.43..8.45 rows=1 width=121)
	  Index Cond: (id = 254009)

table 2 : explain SELECT c FROM sbtest2 WHERE id=4888686
	Index Scan using sbtest2_pkey on sbtest2  (cost=0.43..8.45 rows=1 width=121)
	  Index Cond: (id = 4888686)

table 3 : explain SELECT c FROM sbtest3 WHERE id=9310176
	Index Scan using sbtest3_pkey on sbtest3  (cost=0.43..8.45 rows=1 width=121)
	  Index Cond: (id = 9310176)

table 4 : explain SELECT c FROM sbtest4 WHERE id=5915437
	Index Scan using sbtest4_pkey on sbtest4  (cost=0.43..8.45 rows=1 width=121)
	  Index Cond: (id = 5915437)

table 5 : explain SELECT c FROM sbtest5 WHERE id=466208
	Index Scan using sbtest5_pkey on sbtest5  (cost=0.43..8.45 rows=1 width=121)
	  Index Cond: (id = 466208)

table 6 : explain SELECT c FROM sbtest6 WHERE id=118276
	Index Scan using sbtest6_pkey on sbtest6  (cost=0.43..8.45 rows=1 width=121)
	  Index Cond: (id = 118276)

table 7 : explain SELECT c FROM sbtest7 WHERE id=617995
	Index Scan using sbtest7_pkey on sbtest7  (cost=0.43..8.45 rows=1 width=121)
	  Index Cond: (id = 617995)

table 8 : explain SELECT c FROM sbtest8 WHERE id=9273113
	Index Scan using sbtest8_pkey on sbtest8  (cost=0.43..8.45 rows=1 width=121)
	  Index Cond: (id = 9273113)

explain: for point_selects :: explain SELECT c FROM sbtest%u WHERE id=%u
explain: for point_selects :: explain SELECT c FROM sbtest%u WHERE id=%u
explain: for point_selects :: explain SELECT c FROM sbtest%u WHERE id=%u
for: simple_ranges
table 1 : explain SELECT c FROM sbtest1 WHERE id BETWEEN 5555611 AND 5556610
	Bitmap Heap Scan on sbtest1  (cost=34.63..3860.94 rows=995 width=121)
	  Recheck Cond: ((id >= 5555611) AND (id <= 5556610))
	  ->  Bitmap Index Scan on sbtest1_pkey  (cost=0.00..34.39 rows=995 width=0)
	        Index Cond: ((id >= 5555611) AND (id <= 5556610))

table 2 : explain SELECT c FROM sbtest2 WHERE id BETWEEN 6497165 AND 6498164
	Bitmap Heap Scan on sbtest2  (cost=34.77..3904.08 rows=1008 width=121)
	  Recheck Cond: ((id >= 6497165) AND (id <= 6498164))
	  ->  Bitmap Index Scan on sbtest2_pkey  (cost=0.00..34.52 rows=1008 width=0)
	        Index Cond: ((id >= 6497165) AND (id <= 6498164))

table 3 : explain SELECT c FROM sbtest3 WHERE id BETWEEN 7297336 AND 7298335
	Bitmap Heap Scan on sbtest3  (cost=34.59..3839.72 rows=991 width=121)
	  Recheck Cond: ((id >= 7297336) AND (id <= 7298335))
	  ->  Bitmap Index Scan on sbtest3_pkey  (cost=0.00..34.34 rows=991 width=0)
	        Index Cond: ((id >= 7297336) AND (id <= 7298335))

table 4 : explain SELECT c FROM sbtest4 WHERE id BETWEEN 7617717 AND 7618716
	Bitmap Heap Scan on sbtest4  (cost=35.09..4025.65 rows=1040 width=121)
	  Recheck Cond: ((id >= 7617717) AND (id <= 7618716))
	  ->  Bitmap Index Scan on sbtest4_pkey  (cost=0.00..34.84 rows=1040 width=0)
	        Index Cond: ((id >= 7617717) AND (id <= 7618716))

table 5 : explain SELECT c FROM sbtest5 WHERE id BETWEEN 7299524 AND 7300523
	Bitmap Heap Scan on sbtest5  (cost=34.64..3861.28 rows=996 width=121)
	  Recheck Cond: ((id >= 7299524) AND (id <= 7300523))
	  ->  Bitmap Index Scan on sbtest5_pkey  (cost=0.00..34.40 rows=996 width=0)
	        Index Cond: ((id >= 7299524) AND (id <= 7300523))

table 6 : explain SELECT c FROM sbtest6 WHERE id BETWEEN 3882439 AND 3883438
	Bitmap Heap Scan on sbtest6  (cost=35.21..4067.13 rows=1051 width=121)
	  Recheck Cond: ((id >= 3882439) AND (id <= 3883438))
	  ->  Bitmap Index Scan on sbtest6_pkey  (cost=0.00..34.95 rows=1051 width=0)
	        Index Cond: ((id >= 3882439) AND (id <= 3883438))

table 7 : explain SELECT c FROM sbtest7 WHERE id BETWEEN 5502355 AND 5503354
	Bitmap Heap Scan on sbtest7  (cost=34.32..3740.14 rows=964 width=121)
	  Recheck Cond: ((id >= 5502355) AND (id <= 5503354))
	  ->  Bitmap Index Scan on sbtest7_pkey  (cost=0.00..34.08 rows=964 width=0)
	        Index Cond: ((id >= 5502355) AND (id <= 5503354))

table 8 : explain SELECT c FROM sbtest8 WHERE id BETWEEN 6925679 AND 6926678
	Bitmap Heap Scan on sbtest8  (cost=34.43..3782.17 rows=975 width=121)
	  Recheck Cond: ((id >= 6925679) AND (id <= 6926678))
	  ->  Bitmap Index Scan on sbtest8_pkey  (cost=0.00..34.19 rows=975 width=0)
	        Index Cond: ((id >= 6925679) AND (id <= 6926678))

for point_selects
table 1 : explain SELECT c FROM sbtest1 WHERE id=5759878
	Index Scan using sbtest1_pkey on sbtest1  (cost=0.43..8.45 rows=1 width=121)
	  Index Cond: (id = 5759878)

table 2 : explain SELECT c FROM sbtest2 WHERE id=6794162
	Index Scan using sbtest2_pkey on sbtest2  (cost=0.43..8.45 rows=1 width=121)
	  Index Cond: (id = 6794162)

table 3 : explain SELECT c FROM sbtest3 WHERE id=5615575
	Index Scan using sbtest3_pkey on sbtest3  (cost=0.43..8.45 rows=1 width=121)
	  Index Cond: (id = 5615575)

table 4 : explain SELECT c FROM sbtest4 WHERE id=9439561
	Index Scan using sbtest4_pkey on sbtest4  (cost=0.43..8.45 rows=1 width=121)
	  Index Cond: (id = 9439561)

table 5 : explain SELECT c FROM sbtest5 WHERE id=6857816
	Index Scan using sbtest5_pkey on sbtest5  (cost=0.43..8.45 rows=1 width=121)
	  Index Cond: (id = 6857816)

table 6 : explain SELECT c FROM sbtest6 WHERE id=847437
	Index Scan using sbtest6_pkey on sbtest6  (cost=0.43..8.45 rows=1 width=121)
	  Index Cond: (id = 847437)

table 7 : explain SELECT c FROM sbtest7 WHERE id=1889450
	Index Scan using sbtest7_pkey on sbtest7  (cost=0.43..8.45 rows=1 width=121)
	  Index Cond: (id = 1889450)

table 8 : explain SELECT c FROM sbtest8 WHERE id=931982
	Index Scan using sbtest8_pkey on sbtest8  (cost=0.43..8.45 rows=1 width=121)
	  Index Cond: (id = 931982)

explain: for point_selects :: explain SELECT c FROM sbtest%u WHERE id=%u
for point_selects
table 1 : explain SELECT c FROM sbtest1 WHERE id=8351379
	Index Scan using sbtest1_pkey on sbtest1  (cost=0.43..8.45 rows=1 width=121)
	  Index Cond: (id = 8351379)

table 2 : explain SELECT c FROM sbtest2 WHERE id=7169429
	Index Scan using sbtest2_pkey on sbtest2  (cost=0.43..8.45 rows=1 width=121)
	  Index Cond: (id = 7169429)

table 3 : explain SELECT c FROM sbtest3 WHERE id=5345579
	Index Scan using sbtest3_pkey on sbtest3  (cost=0.43..8.45 rows=1 width=121)
	  Index Cond: (id = 5345579)

table 4 : explain SELECT c FROM sbtest4 WHERE id=3956613
	Index Scan using sbtest4_pkey on sbtest4  (cost=0.43..8.45 rows=1 width=121)
	  Index Cond: (id = 3956613)

table 5 : explain SELECT c FROM sbtest5 WHERE id=6727618
	Index Scan using sbtest5_pkey on sbtest5  (cost=0.43..8.45 rows=1 width=121)
	  Index Cond: (id = 6727618)

table 6 : explain SELECT c FROM sbtest6 WHERE id=4720050
	Index Scan using sbtest6_pkey on sbtest6  (cost=0.43..8.45 rows=1 width=121)
	  Index Cond: (id = 4720050)

table 7 : explain SELECT c FROM sbtest7 WHERE id=3924325
	Index Scan using sbtest7_pkey on sbtest7  (cost=0.43..8.45 rows=1 width=121)
	  Index Cond: (id = 3924325)

table 8 : explain SELECT c FROM sbtest8 WHERE id=4655325
	Index Scan using sbtest8_pkey on sbtest8  (cost=0.43..8.45 rows=1 width=121)
	  Index Cond: (id = 4655325)

for point_selects
table 1 : explain SELECT c FROM sbtest1 WHERE id=5684462
	Index Scan using sbtest1_pkey on sbtest1  (cost=0.43..8.45 rows=1 width=121)
	  Index Cond: (id = 5684462)

table 2 : explain SELECT c FROM sbtest2 WHERE id=4446195
	Index Scan using sbtest2_pkey on sbtest2  (cost=0.43..8.45 rows=1 width=121)
	  Index Cond: (id = 4446195)

table 3 : explain SELECT c FROM sbtest3 WHERE id=1768579
	Index Scan using sbtest3_pkey on sbtest3  (cost=0.43..8.45 rows=1 width=121)
	  Index Cond: (id = 1768579)

table 4 : explain SELECT c FROM sbtest4 WHERE id=2154018
	Index Scan using sbtest4_pkey on sbtest4  (cost=0.43..8.45 rows=1 width=121)
	  Index Cond: (id = 2154018)

table 5 : explain SELECT c FROM sbtest5 WHERE id=5506861
	Index Scan using sbtest5_pkey on sbtest5  (cost=0.43..8.45 rows=1 width=121)
	  Index Cond: (id = 5506861)

table 6 : explain SELECT c FROM sbtest6 WHERE id=1492760
	Index Scan using sbtest6_pkey on sbtest6  (cost=0.43..8.45 rows=1 width=121)
	  Index Cond: (id = 1492760)

table 7 : explain SELECT c FROM sbtest7 WHERE id=9833081
	Index Scan using sbtest7_pkey on sbtest7  (cost=0.43..8.45 rows=1 width=121)
	  Index Cond: (id = 9833081)

table 8 : explain SELECT c FROM sbtest8 WHERE id=9970190
	Index Scan using sbtest8_pkey on sbtest8  (cost=0.43..8.45 rows=1 width=121)
	  Index Cond: (id = 9970190)

for point_selects
table 1 : explain SELECT c FROM sbtest1 WHERE id=1813093
	Index Scan using sbtest1_pkey on sbtest1  (cost=0.43..8.45 rows=1 width=121)
	  Index Cond: (id = 1813093)

table 2 : explain SELECT c FROM sbtest2 WHERE id=7570543
	Index Scan using sbtest2_pkey on sbtest2  (cost=0.43..8.45 rows=1 width=121)
	  Index Cond: (id = 7570543)

table 3 : explain SELECT c FROM sbtest3 WHERE id=7056325
	Index Scan using sbtest3_pkey on sbtest3  (cost=0.43..8.45 rows=1 width=121)
	  Index Cond: (id = 7056325)

table 4 : explain SELECT c FROM sbtest4 WHERE id=5648518
	Index Scan using sbtest4_pkey on sbtest4  (cost=0.43..8.45 rows=1 width=121)
	  Index Cond: (id = 5648518)

table 5 : explain SELECT c FROM sbtest5 WHERE id=1786811
	Index Scan using sbtest5_pkey on sbtest5  (cost=0.43..8.45 rows=1 width=121)
	  Index Cond: (id = 1786811)

table 6 : explain SELECT c FROM sbtest6 WHERE id=7265225
	Index Scan using sbtest6_pkey on sbtest6  (cost=0.43..8.45 rows=1 width=121)
	  Index Cond: (id = 7265225)

table 7 : explain SELECT c FROM sbtest7 WHERE id=9307752
	Index Scan using sbtest7_pkey on sbtest7  (cost=0.43..8.45 rows=1 width=121)
	  Index Cond: (id = 9307752)

table 8 : explain SELECT c FROM sbtest8 WHERE id=9894078
	Index Scan using sbtest8_pkey on sbtest8  (cost=0.43..8.45 rows=1 width=121)
	  Index Cond: (id = 9894078)

for: simple_ranges
table 1 : explain SELECT c FROM sbtest1 WHERE id BETWEEN 5945168 AND 5946167
	Bitmap Heap Scan on sbtest1  (cost=34.42..3781.60 rows=974 width=121)
	  Recheck Cond: ((id >= 5945168) AND (id <= 5946167))
	  ->  Bitmap Index Scan on sbtest1_pkey  (cost=0.00..34.18 rows=974 width=0)
	        Index Cond: ((id >= 5945168) AND (id <= 5946167))

table 2 : explain SELECT c FROM sbtest2 WHERE id BETWEEN 9203063 AND 9204062
	Bitmap Heap Scan on sbtest2  (cost=34.39..3764.64 rows=971 width=121)
	  Recheck Cond: ((id >= 9203063) AND (id <= 9204062))
	  ->  Bitmap Index Scan on sbtest2_pkey  (cost=0.00..34.15 rows=971 width=0)
	        Index Cond: ((id >= 9203063) AND (id <= 9204062))

table 3 : explain SELECT c FROM sbtest3 WHERE id BETWEEN 3172526 AND 3173525
	Bitmap Heap Scan on sbtest3  (cost=30.02..3624.50 rows=935 width=121)
	  Recheck Cond: ((id >= 3172526) AND (id <= 3173525))
	  ->  Bitmap Index Scan on sbtest3_pkey  (cost=0.00..29.79 rows=935 width=0)
	        Index Cond: ((id >= 3172526) AND (id <= 3173525))

table 4 : explain SELECT c FROM sbtest4 WHERE id BETWEEN 2041419 AND 2042418
	Bitmap Heap Scan on sbtest4  (cost=34.11..3663.73 rows=944 width=121)
	  Recheck Cond: ((id >= 2041419) AND (id <= 2042418))
	  ->  Bitmap Index Scan on sbtest4_pkey  (cost=0.00..33.88 rows=944 width=0)
	        Index Cond: ((id >= 2041419) AND (id <= 2042418))

table 5 : explain SELECT c FROM sbtest5 WHERE id BETWEEN 2520360 AND 2521359
	Bitmap Heap Scan on sbtest5  (cost=40.01..4362.06 rows=1129 width=121)
	  Recheck Cond: ((id >= 2520360) AND (id <= 2521359))
	  ->  Bitmap Index Scan on sbtest5_pkey  (cost=0.00..39.73 rows=1129 width=0)
	        Index Cond: ((id >= 2520360) AND (id <= 2521359))

table 6 : explain SELECT c FROM sbtest6 WHERE id BETWEEN 7603528 AND 7604527
	Bitmap Heap Scan on sbtest6  (cost=35.26..4085.95 rows=1056 width=121)
	  Recheck Cond: ((id >= 7603528) AND (id <= 7604527))
	  ->  Bitmap Index Scan on sbtest6_pkey  (cost=0.00..35.00 rows=1056 width=0)
	        Index Cond: ((id >= 7603528) AND (id <= 7604527))

table 7 : explain SELECT c FROM sbtest7 WHERE id BETWEEN 519494 AND 520493
	Bitmap Heap Scan on sbtest7  (cost=34.53..3819.39 rows=985 width=121)
	  Recheck Cond: ((id >= 519494) AND (id <= 520493))
	  ->  Bitmap Index Scan on sbtest7_pkey  (cost=0.00..34.29 rows=985 width=0)
	        Index Cond: ((id >= 519494) AND (id <= 520493))

table 8 : explain SELECT c FROM sbtest8 WHERE id BETWEEN 2382408 AND 2383407
	Bitmap Heap Scan on sbtest8  (cost=34.73..3891.57 rows=1004 width=121)
	  Recheck Cond: ((id >= 2382408) AND (id <= 2383407))
	  ->  Bitmap Index Scan on sbtest8_pkey  (cost=0.00..34.48 rows=1004 width=0)
	        Index Cond: ((id >= 2382408) AND (id <= 2383407))

explain: for point_selects :: explain SELECT c FROM sbtest%u WHERE id=%u
for point_selects
table 1 : explain SELECT c FROM sbtest1 WHERE id=4444133
	Index Scan using sbtest1_pkey on sbtest1  (cost=0.43..8.45 rows=1 width=121)
	  Index Cond: (id = 4444133)

table 2 : explain SELECT c FROM sbtest2 WHERE id=3859051
	Index Scan using sbtest2_pkey on sbtest2  (cost=0.43..8.45 rows=1 width=121)
	  Index Cond: (id = 3859051)

table 3 : explain SELECT c FROM sbtest3 WHERE id=6777385
	Index Scan using sbtest3_pkey on sbtest3  (cost=0.43..8.45 rows=1 width=121)
	  Index Cond: (id = 6777385)

table 4 : explain SELECT c FROM sbtest4 WHERE id=2439388
	Index Scan using sbtest4_pkey on sbtest4  (cost=0.43..8.45 rows=1 width=121)
	  Index Cond: (id = 2439388)

table 5 : explain SELECT c FROM sbtest5 WHERE id=984988
	Index Scan using sbtest5_pkey on sbtest5  (cost=0.43..8.45 rows=1 width=121)
	  Index Cond: (id = 984988)

table 6 : explain SELECT c FROM sbtest6 WHERE id=7142621
	Index Scan using sbtest6_pkey on sbtest6  (cost=0.43..8.45 rows=1 width=121)
	  Index Cond: (id = 7142621)

table 7 : explain SELECT c FROM sbtest7 WHERE id=4854144
	Index Scan using sbtest7_pkey on sbtest7  (cost=0.43..8.45 rows=1 width=121)
	  Index Cond: (id = 4854144)

table 8 : explain SELECT c FROM sbtest8 WHERE id=839754
	Index Scan using sbtest8_pkey on sbtest8  (cost=0.43..8.45 rows=1 width=121)
	  Index Cond: (id = 839754)

for: simple_ranges
table 1 : explain SELECT c FROM sbtest1 WHERE id BETWEEN 6101238 AND 6102237
	Bitmap Heap Scan on sbtest1  (cost=34.95..3977.96 rows=1026 width=121)
	  Recheck Cond: ((id >= 6101238) AND (id <= 6102237))
	  ->  Bitmap Index Scan on sbtest1_pkey  (cost=0.00..34.70 rows=1026 width=0)
	        Index Cond: ((id >= 6101238) AND (id <= 6102237))

table 2 : explain SELECT c FROM sbtest2 WHERE id BETWEEN 1630127 AND 1631126
	Bitmap Heap Scan on sbtest2  (cost=34.45..3787.26 rows=977 width=121)
	  Recheck Cond: ((id >= 1630127) AND (id <= 1631126))
	  ->  Bitmap Index Scan on sbtest2_pkey  (cost=0.00..34.20 rows=977 width=0)
	        Index Cond: ((id >= 1630127) AND (id <= 1631126))

table 3 : explain SELECT c FROM sbtest3 WHERE id BETWEEN 8885502 AND 8886501
	Bitmap Heap Scan on sbtest3  (cost=29.27..3348.53 rows=862 width=121)
	  Recheck Cond: ((id >= 8885502) AND (id <= 8886501))
	  ->  Bitmap Index Scan on sbtest3_pkey  (cost=0.00..29.05 rows=862 width=0)
	        Index Cond: ((id >= 8885502) AND (id <= 8886501))

table 4 : explain SELECT c FROM sbtest4 WHERE id BETWEEN 9959284 AND 9960283
	Bitmap Heap Scan on sbtest4  (cost=34.58..3837.30 rows=990 width=121)
	  Recheck Cond: ((id >= 9959284) AND (id <= 9960283))
	  ->  Bitmap Index Scan on sbtest4_pkey  (cost=0.00..34.34 rows=990 width=0)
	        Index Cond: ((id >= 9959284) AND (id <= 9960283))

table 5 : explain SELECT c FROM sbtest5 WHERE id BETWEEN 8750410 AND 8751409
	Bitmap Heap Scan on sbtest5  (cost=34.15..3680.10 rows=948 width=121)
	  Recheck Cond: ((id >= 8750410) AND (id <= 8751409))
	  ->  Bitmap Index Scan on sbtest5_pkey  (cost=0.00..33.92 rows=948 width=0)
	        Index Cond: ((id >= 8750410) AND (id <= 8751409))

table 6 : explain SELECT c FROM sbtest6 WHERE id BETWEEN 470783 AND 471782
	Bitmap Heap Scan on sbtest6  (cost=29.95..3599.37 rows=928 width=121)
	  Recheck Cond: ((id >= 470783) AND (id <= 471782))
	  ->  Bitmap Index Scan on sbtest6_pkey  (cost=0.00..29.71 rows=928 width=0)
	        Index Cond: ((id >= 470783) AND (id <= 471782))

table 7 : explain SELECT c FROM sbtest7 WHERE id BETWEEN 5273522 AND 5274521
	Bitmap Heap Scan on sbtest7  (cost=34.11..3664.61 rows=944 width=121)
	  Recheck Cond: ((id >= 5273522) AND (id <= 5274521))
	  ->  Bitmap Index Scan on sbtest7_pkey  (cost=0.00..33.88 rows=944 width=0)
	        Index Cond: ((id >= 5273522) AND (id <= 5274521))

table 8 : explain SELECT c FROM sbtest8 WHERE id BETWEEN 9419605 AND 9420604
	Bitmap Heap Scan on sbtest8  (cost=35.56..4196.59 rows=1085 width=121)
	  Recheck Cond: ((id >= 9419605) AND (id <= 9420604))
	  ->  Bitmap Index Scan on sbtest8_pkey  (cost=0.00..35.29 rows=1085 width=0)
	        Index Cond: ((id >= 9419605) AND (id <= 9420604))

for: simple_ranges
table 1 : explain SELECT c FROM sbtest1 WHERE id BETWEEN 376299 AND 377298
	Bitmap Heap Scan on sbtest1  (cost=34.14..3679.51 rows=947 width=121)
	  Recheck Cond: ((id >= 376299) AND (id <= 377298))
	  ->  Bitmap Index Scan on sbtest1_pkey  (cost=0.00..33.91 rows=947 width=0)
	        Index Cond: ((id >= 376299) AND (id <= 377298))

table 2 : explain SELECT c FROM sbtest2 WHERE id BETWEEN 5973608 AND 5974607
	Bitmap Heap Scan on sbtest2  (cost=35.06..4013.25 rows=1037 width=121)
	  Recheck Cond: ((id >= 5973608) AND (id <= 5974607))
	  ->  Bitmap Index Scan on sbtest2_pkey  (cost=0.00..34.81 rows=1037 width=0)
	        Index Cond: ((id >= 5973608) AND (id <= 5974607))

table 3 : explain SELECT c FROM sbtest3 WHERE id BETWEEN 2821548 AND 2822547
	Bitmap Heap Scan on sbtest3  (cost=34.11..3662.47 rows=944 width=121)
	  Recheck Cond: ((id >= 2821548) AND (id <= 2822547))
	  ->  Bitmap Index Scan on sbtest3_pkey  (cost=0.00..33.88 rows=944 width=0)
	        Index Cond: ((id >= 2821548) AND (id <= 2822547))

table 4 : explain SELECT c FROM sbtest4 WHERE id BETWEEN 2401237 AND 2402236
	Bitmap Heap Scan on sbtest4  (cost=34.95..3972.95 rows=1026 width=121)
	  Recheck Cond: ((id >= 2401237) AND (id <= 2402236))
	  ->  Bitmap Index Scan on sbtest4_pkey  (cost=0.00..34.70 rows=1026 width=0)
	        Index Cond: ((id >= 2401237) AND (id <= 2402236))

table 5 : explain SELECT c FROM sbtest5 WHERE id BETWEEN 6709263 AND 6710262
	Bitmap Heap Scan on sbtest5  (cost=35.63..4222.77 rows=1092 width=121)
	  Recheck Cond: ((id >= 6709263) AND (id <= 6710262))
	  ->  Bitmap Index Scan on sbtest5_pkey  (cost=0.00..35.36 rows=1092 width=0)
	        Index Cond: ((id >= 6709263) AND (id <= 6710262))

table 6 : explain SELECT c FROM sbtest6 WHERE id BETWEEN 190676 AND 191675
	Bitmap Heap Scan on sbtest6  (cost=35.21..4067.13 rows=1051 width=121)
	  Recheck Cond: ((id >= 190676) AND (id <= 191675))
	  ->  Bitmap Index Scan on sbtest6_pkey  (cost=0.00..34.95 rows=1051 width=0)
	        Index Cond: ((id >= 190676) AND (id <= 191675))

table 7 : explain SELECT c FROM sbtest7 WHERE id BETWEEN 8734969 AND 8735968
	Bitmap Heap Scan on sbtest7  (cost=34.80..3917.43 rows=1011 width=121)
	  Recheck Cond: ((id >= 8734969) AND (id <= 8735968))
	  ->  Bitmap Index Scan on sbtest7_pkey  (cost=0.00..34.55 rows=1011 width=0)
	        Index Cond: ((id >= 8734969) AND (id <= 8735968))

table 8 : explain SELECT c FROM sbtest8 WHERE id BETWEEN 7451846 AND 7452845
	Bitmap Heap Scan on sbtest8  (cost=34.36..3755.74 rows=968 width=121)
	  Recheck Cond: ((id >= 7451846) AND (id <= 7452845))
	  ->  Bitmap Index Scan on sbtest8_pkey  (cost=0.00..34.12 rows=968 width=0)
	        Index Cond: ((id >= 7451846) AND (id <= 7452845))

explain: for point_selects :: explain SELECT c FROM sbtest%u WHERE id=%u
explain: for point_selects :: explain SELECT c FROM sbtest%u WHERE id=%u
for: simple_ranges
table 1 : explain SELECT c FROM sbtest1 WHERE id BETWEEN 1213465 AND 1214464
	Bitmap Heap Scan on sbtest1  (cost=29.30..3364.87 rows=865 width=121)
	  Recheck Cond: ((id >= 1213465) AND (id <= 1214464))
	  ->  Bitmap Index Scan on sbtest1_pkey  (cost=0.00..29.08 rows=865 width=0)
	        Index Cond: ((id >= 1213465) AND (id <= 1214464))

table 2 : explain SELECT c FROM sbtest2 WHERE id BETWEEN 4191559 AND 4192558
	Bitmap Heap Scan on sbtest2  (cost=34.29..3726.92 rows=961 width=121)
	  Recheck Cond: ((id >= 4191559) AND (id <= 4192558))
	  ->  Bitmap Index Scan on sbtest2_pkey  (cost=0.00..34.05 rows=961 width=0)
	        Index Cond: ((id >= 4191559) AND (id <= 4192558))

table 3 : explain SELECT c FROM sbtest3 WHERE id BETWEEN 8240580 AND 8241579
	Bitmap Heap Scan on sbtest3  (cost=34.69..3873.63 rows=1000 width=121)
	  Recheck Cond: ((id >= 8240580) AND (id <= 8241579))
	  ->  Bitmap Index Scan on sbtest3_pkey  (cost=0.00..34.44 rows=1000 width=0)
	        Index Cond: ((id >= 8240580) AND (id <= 8241579))

table 4 : explain SELECT c FROM sbtest4 WHERE id BETWEEN 7080154 AND 7081153
	Bitmap Heap Scan on sbtest4  (cost=35.44..4153.55 rows=1074 width=121)
	  Recheck Cond: ((id >= 7080154) AND (id <= 7081153))
	  ->  Bitmap Index Scan on sbtest4_pkey  (cost=0.00..35.18 rows=1074 width=0)
	        Index Cond: ((id >= 7080154) AND (id <= 7081153))

table 5 : explain SELECT c FROM sbtest5 WHERE id BETWEEN 765804 AND 766803
	Bitmap Heap Scan on sbtest5  (cost=34.31..3736.75 rows=963 width=121)
	  Recheck Cond: ((id >= 765804) AND (id <= 766803))
	  ->  Bitmap Index Scan on sbtest5_pkey  (cost=0.00..34.07 rows=963 width=0)
	        Index Cond: ((id >= 765804) AND (id <= 766803))

table 6 : explain SELECT c FROM sbtest6 WHERE id BETWEEN 3208257 AND 3209256
	Bitmap Heap Scan on sbtest6  (cost=35.30..4100.99 rows=1060 width=121)
	  Recheck Cond: ((id >= 3208257) AND (id <= 3209256))
	  ->  Bitmap Index Scan on sbtest6_pkey  (cost=0.00..35.04 rows=1060 width=0)
	        Index Cond: ((id >= 3208257) AND (id <= 3209256))

table 7 : explain SELECT c FROM sbtest7 WHERE id BETWEEN 3493737 AND 3494736
	Bitmap Heap Scan on sbtest7  (cost=34.29..3728.82 rows=961 width=121)
	  Recheck Cond: ((id >= 3493737) AND (id <= 3494736))
	  ->  Bitmap Index Scan on sbtest7_pkey  (cost=0.00..34.05 rows=961 width=0)
	        Index Cond: ((id >= 3493737) AND (id <= 3494736))

table 8 : explain SELECT c FROM sbtest8 WHERE id BETWEEN 8896831 AND 8897830
	Bitmap Heap Scan on sbtest8  (cost=35.11..4031.00 rows=1041 width=121)
	  Recheck Cond: ((id >= 8896831) AND (id <= 8897830))
	  ->  Bitmap Index Scan on sbtest8_pkey  (cost=0.00..34.84 rows=1041 width=0)
	        Index Cond: ((id >= 8896831) AND (id <= 8897830))

for: simple_ranges
table 1 : explain SELECT c FROM sbtest1 WHERE id BETWEEN 2714681 AND 2715680
	Bitmap Heap Scan on sbtest1  (cost=29.83..3561.96 rows=917 width=121)
	  Recheck Cond: ((id >= 2714681) AND (id <= 2715680))
	  ->  Bitmap Index Scan on sbtest1_pkey  (cost=0.00..29.61 rows=917 width=0)
	        Index Cond: ((id >= 2714681) AND (id <= 2715680))

table 2 : explain SELECT c FROM sbtest2 WHERE id BETWEEN 7534509 AND 7535508
	Bitmap Heap Scan on sbtest2  (cost=35.38..4129.84 rows=1068 width=121)
	  Recheck Cond: ((id >= 7534509) AND (id <= 7535508))
	  ->  Bitmap Index Scan on sbtest2_pkey  (cost=0.00..35.12 rows=1068 width=0)
	        Index Cond: ((id >= 7534509) AND (id <= 7535508))

table 3 : explain SELECT c FROM sbtest3 WHERE id BETWEEN 7785077 AND 7786076
	Bitmap Heap Scan on sbtest3  (cost=34.28..3722.85 rows=960 width=121)
	  Recheck Cond: ((id >= 7785077) AND (id <= 7786076))
	  ->  Bitmap Index Scan on sbtest3_pkey  (cost=0.00..34.04 rows=960 width=0)
	        Index Cond: ((id >= 7785077) AND (id <= 7786076))

table 4 : explain SELECT c FROM sbtest4 WHERE id BETWEEN 4935344 AND 4936343
	Bitmap Heap Scan on sbtest4  (cost=35.44..4153.55 rows=1074 width=121)
	  Recheck Cond: ((id >= 4935344) AND (id <= 4936343))
	  ->  Bitmap Index Scan on sbtest4_pkey  (cost=0.00..35.18 rows=1074 width=0)
	        Index Cond: ((id >= 4935344) AND (id <= 4936343))

table 5 : explain SELECT c FROM sbtest5 WHERE id BETWEEN 6962383 AND 6963382
	Bitmap Heap Scan on sbtest5  (cost=34.33..3744.30 rows=965 width=121)
	  Recheck Cond: ((id >= 6962383) AND (id <= 6963382))
	  ->  Bitmap Index Scan on sbtest5_pkey  (cost=0.00..34.09 rows=965 width=0)
	        Index Cond: ((id >= 6962383) AND (id <= 6963382))

table 6 : explain SELECT c FROM sbtest6 WHERE id BETWEEN 6379010 AND 6380009
	Bitmap Heap Scan on sbtest6  (cost=34.35..3750.63 rows=967 width=121)
	  Recheck Cond: ((id >= 6379010) AND (id <= 6380009))
	  ->  Bitmap Index Scan on sbtest6_pkey  (cost=0.00..34.11 rows=967 width=0)
	        Index Cond: ((id >= 6379010) AND (id <= 6380009))

table 7 : explain SELECT c FROM sbtest7 WHERE id BETWEEN 3305945 AND 3306944
	Bitmap Heap Scan on sbtest7  (cost=35.04..4007.85 rows=1035 width=121)
	  Recheck Cond: ((id >= 3305945) AND (id <= 3306944))
	  ->  Bitmap Index Scan on sbtest7_pkey  (cost=0.00..34.79 rows=1035 width=0)
	        Index Cond: ((id >= 3305945) AND (id <= 3306944))

table 8 : explain SELECT c FROM sbtest8 WHERE id BETWEEN 7273738 AND 7274737
	Bitmap Heap Scan on sbtest8  (cost=34.70..3880.26 rows=1001 width=121)
	  Recheck Cond: ((id >= 7273738) AND (id <= 7274737))
	  ->  Bitmap Index Scan on sbtest8_pkey  (cost=0.00..34.45 rows=1001 width=0)
	        Index Cond: ((id >= 7273738) AND (id <= 7274737))

for point_selects
table 1 : explain SELECT c FROM sbtest1 WHERE id=8154732
	Index Scan using sbtest1_pkey on sbtest1  (cost=0.43..8.45 rows=1 width=121)
	  Index Cond: (id = 8154732)

table 2 : explain SELECT c FROM sbtest2 WHERE id=5296087
	Index Scan using sbtest2_pkey on sbtest2  (cost=0.43..8.45 rows=1 width=121)
	  Index Cond: (id = 5296087)

table 3 : explain SELECT c FROM sbtest3 WHERE id=692648
	Index Scan using sbtest3_pkey on sbtest3  (cost=0.43..8.45 rows=1 width=121)
	  Index Cond: (id = 692648)

table 4 : explain SELECT c FROM sbtest4 WHERE id=7785266
	Index Scan using sbtest4_pkey on sbtest4  (cost=0.43..8.45 rows=1 width=121)
	  Index Cond: (id = 7785266)

table 5 : explain SELECT c FROM sbtest5 WHERE id=2680974
	Index Scan using sbtest5_pkey on sbtest5  (cost=0.43..8.45 rows=1 width=121)
	  Index Cond: (id = 2680974)

table 6 : explain SELECT c FROM sbtest6 WHERE id=4034353
	Index Scan using sbtest6_pkey on sbtest6  (cost=0.43..8.45 rows=1 width=121)
	  Index Cond: (id = 4034353)

table 7 : explain SELECT c FROM sbtest7 WHERE id=5399019
	Index Scan using sbtest7_pkey on sbtest7  (cost=0.43..8.45 rows=1 width=121)
	  Index Cond: (id = 5399019)

table 8 : explain SELECT c FROM sbtest8 WHERE id=9615701
	Index Scan using sbtest8_pkey on sbtest8  (cost=0.43..8.45 rows=1 width=121)
	  Index Cond: (id = 9615701)

for point_selects
table 1 : explain SELECT c FROM sbtest1 WHERE id=8460859
	Index Scan using sbtest1_pkey on sbtest1  (cost=0.43..8.45 rows=1 width=121)
	  Index Cond: (id = 8460859)

table 2 : explain SELECT c FROM sbtest2 WHERE id=7261869
	Index Scan using sbtest2_pkey on sbtest2  (cost=0.43..8.45 rows=1 width=121)
	  Index Cond: (id = 7261869)

table 3 : explain SELECT c FROM sbtest3 WHERE id=6044176
	Index Scan using sbtest3_pkey on sbtest3  (cost=0.43..8.45 rows=1 width=121)
	  Index Cond: (id = 6044176)

table 4 : explain SELECT c FROM sbtest4 WHERE id=6173031
	Index Scan using sbtest4_pkey on sbtest4  (cost=0.43..8.45 rows=1 width=121)
	  Index Cond: (id = 6173031)

table 5 : explain SELECT c FROM sbtest5 WHERE id=5508813
	Index Scan using sbtest5_pkey on sbtest5  (cost=0.43..8.45 rows=1 width=121)
	  Index Cond: (id = 5508813)

table 6 : explain SELECT c FROM sbtest6 WHERE id=4006243
	Index Scan using sbtest6_pkey on sbtest6  (cost=0.43..8.45 rows=1 width=121)
	  Index Cond: (id = 4006243)

table 7 : explain SELECT c FROM sbtest7 WHERE id=5980827
	Index Scan using sbtest7_pkey on sbtest7  (cost=0.43..8.45 rows=1 width=121)
	  Index Cond: (id = 5980827)

table 8 : explain SELECT c FROM sbtest8 WHERE id=8098213
	Index Scan using sbtest8_pkey on sbtest8  (cost=0.43..8.45 rows=1 width=121)
	  Index Cond: (id = 8098213)

for point_selects
table 1 : explain SELECT c FROM sbtest1 WHERE id=779832
	Index Scan using sbtest1_pkey on sbtest1  (cost=0.43..8.45 rows=1 width=121)
	  Index Cond: (id = 779832)

table 2 : explain SELECT c FROM sbtest2 WHERE id=4360956
	Index Scan using sbtest2_pkey on sbtest2  (cost=0.43..8.45 rows=1 width=121)
	  Index Cond: (id = 4360956)

table 3 : explain SELECT c FROM sbtest3 WHERE id=7803674
	Index Scan using sbtest3_pkey on sbtest3  (cost=0.43..8.45 rows=1 width=121)
	  Index Cond: (id = 7803674)

table 4 : explain SELECT c FROM sbtest4 WHERE id=8734218
	Index Scan using sbtest4_pkey on sbtest4  (cost=0.43..8.45 rows=1 width=121)
	  Index Cond: (id = 8734218)

table 5 : explain SELECT c FROM sbtest5 WHERE id=4540455
	Index Scan using sbtest5_pkey on sbtest5  (cost=0.43..8.45 rows=1 width=121)
	  Index Cond: (id = 4540455)

table 6 : explain SELECT c FROM sbtest6 WHERE id=9447880
	Index Scan using sbtest6_pkey on sbtest6  (cost=0.43..8.45 rows=1 width=121)
	  Index Cond: (id = 9447880)

table 7 : explain SELECT c FROM sbtest7 WHERE id=7112522
	Index Scan using sbtest7_pkey on sbtest7  (cost=0.43..8.45 rows=1 width=121)
	  Index Cond: (id = 7112522)

table 8 : explain SELECT c FROM sbtest8 WHERE id=7896162
	Index Scan using sbtest8_pkey on sbtest8  (cost=0.43..8.45 rows=1 width=121)
	  Index Cond: (id = 7896162)

for point_selects
table 1 : explain SELECT c FROM sbtest1 WHERE id=2167279
	Index Scan using sbtest1_pkey on sbtest1  (cost=0.43..8.45 rows=1 width=121)
	  Index Cond: (id = 2167279)

table 2 : explain SELECT c FROM sbtest2 WHERE id=909285
	Index Scan using sbtest2_pkey on sbtest2  (cost=0.43..8.45 rows=1 width=121)
	  Index Cond: (id = 909285)

table 3 : explain SELECT c FROM sbtest3 WHERE id=7626804
	Index Scan using sbtest3_pkey on sbtest3  (cost=0.43..8.45 rows=1 width=121)
	  Index Cond: (id = 7626804)

table 4 : explain SELECT c FROM sbtest4 WHERE id=3966666
	Index Scan using sbtest4_pkey on sbtest4  (cost=0.43..8.45 rows=1 width=121)
	  Index Cond: (id = 3966666)

table 5 : explain SELECT c FROM sbtest5 WHERE id=6386902
	Index Scan using sbtest5_pkey on sbtest5  (cost=0.43..8.45 rows=1 width=121)
	  Index Cond: (id = 6386902)

table 6 : explain SELECT c FROM sbtest6 WHERE id=4128450
	Index Scan using sbtest6_pkey on sbtest6  (cost=0.43..8.45 rows=1 width=121)
	  Index Cond: (id = 4128450)

table 7 : explain SELECT c FROM sbtest7 WHERE id=5313269
	Index Scan using sbtest7_pkey on sbtest7  (cost=0.43..8.45 rows=1 width=121)
	  Index Cond: (id = 5313269)

table 8 : explain SELECT c FROM sbtest8 WHERE id=9296200
	Index Scan using sbtest8_pkey on sbtest8  (cost=0.43..8.45 rows=1 width=121)
	  Index Cond: (id = 9296200)

explain: for point_selects :: explain SELECT c FROM sbtest%u WHERE id=%u
for: simple_ranges
table 1 : explain SELECT c FROM sbtest1 WHERE id BETWEEN 3601137 AND 3602136
	Bitmap Heap Scan on sbtest1  (cost=34.36..3758.92 rows=968 width=121)
	  Recheck Cond: ((id >= 3601137) AND (id <= 3602136))
	  ->  Bitmap Index Scan on sbtest1_pkey  (cost=0.00..34.12 rows=968 width=0)
	        Index Cond: ((id >= 3601137) AND (id <= 3602136))

table 2 : explain SELECT c FROM sbtest2 WHERE id BETWEEN 5419435 AND 5420434
	Bitmap Heap Scan on sbtest2  (cost=34.88..3945.51 rows=1019 width=121)
	  Recheck Cond: ((id >= 5419435) AND (id <= 5420434))
	  ->  Bitmap Index Scan on sbtest2_pkey  (cost=0.00..34.62 rows=1019 width=0)
	        Index Cond: ((id >= 5419435) AND (id <= 5420434))

table 3 : explain SELECT c FROM sbtest3 WHERE id BETWEEN 2207087 AND 2208086
	Bitmap Heap Scan on sbtest3  (cost=34.16..3681.34 rows=949 width=121)
	  Recheck Cond: ((id >= 2207087) AND (id <= 2208086))
	  ->  Bitmap Index Scan on sbtest3_pkey  (cost=0.00..33.93 rows=949 width=0)
	        Index Cond: ((id >= 2207087) AND (id <= 2208086))

table 4 : explain SELECT c FROM sbtest4 WHERE id BETWEEN 3849186 AND 3850185
	Bitmap Heap Scan on sbtest4  (cost=29.68..3501.01 rows=902 width=121)
	  Recheck Cond: ((id >= 3849186) AND (id <= 3850185))
	  ->  Bitmap Index Scan on sbtest4_pkey  (cost=0.00..29.45 rows=902 width=0)
	        Index Cond: ((id >= 3849186) AND (id <= 3850185))

table 5 : explain SELECT c FROM sbtest5 WHERE id BETWEEN 8107587 AND 8108586
	Bitmap Heap Scan on sbtest5  (cost=34.23..3710.32 rows=956 width=121)
	  Recheck Cond: ((id >= 8107587) AND (id <= 8108586))
	  ->  Bitmap Index Scan on sbtest5_pkey  (cost=0.00..34.00 rows=956 width=0)
	        Index Cond: ((id >= 8107587) AND (id <= 8108586))

table 6 : explain SELECT c FROM sbtest6 WHERE id BETWEEN 1042305 AND 1043304
	Bitmap Heap Scan on sbtest6  (cost=34.63..3856.23 rows=995 width=121)
	  Recheck Cond: ((id >= 1042305) AND (id <= 1043304))
	  ->  Bitmap Index Scan on sbtest6_pkey  (cost=0.00..34.39 rows=995 width=0)
	        Index Cond: ((id >= 1042305) AND (id <= 1043304))

table 7 : explain SELECT c FROM sbtest7 WHERE id BETWEEN 6770504 AND 6771503
	Bitmap Heap Scan on sbtest7  (cost=30.02..3626.61 rows=935 width=121)
	  Recheck Cond: ((id >= 6770504) AND (id <= 6771503))
	  ->  Bitmap Index Scan on sbtest7_pkey  (cost=0.00..29.79 rows=935 width=0)
	        Index Cond: ((id >= 6770504) AND (id <= 6771503))

table 8 : explain SELECT c FROM sbtest8 WHERE id BETWEEN 2744716 AND 2745715
	Bitmap Heap Scan on sbtest8  (cost=34.40..3770.84 rows=972 width=121)
	  Recheck Cond: ((id >= 2744716) AND (id <= 2745715))
	  ->  Bitmap Index Scan on sbtest8_pkey  (cost=0.00..34.16 rows=972 width=0)
	        Index Cond: ((id >= 2744716) AND (id <= 2745715))

explain: for point_selects :: explain SELECT c FROM sbtest%u WHERE id=%u
for: sum_ranges
table 1 : explain SELECT SUM(k) FROM sbtest1 WHERE id BETWEEN 871607 AND 872606
	Aggregate  (cost=3893.66..3893.67 rows=1 width=8)
	  ->  Bitmap Heap Scan on sbtest1  (cost=34.72..3891.15 rows=1003 width=4)
	        Recheck Cond: ((id >= 871607) AND (id <= 872606))
	        ->  Bitmap Index Scan on sbtest1_pkey  (cost=0.00..34.47 rows=1003 width=0)
	              Index Cond: ((id >= 871607) AND (id <= 872606))

table 2 : explain SELECT SUM(k) FROM sbtest2 WHERE id BETWEEN 427616 AND 428615
	Aggregate  (cost=4008.32..4008.33 rows=1 width=8)
	  ->  Bitmap Heap Scan on sbtest2  (cost=35.04..4005.73 rows=1035 width=4)
	        Recheck Cond: ((id >= 427616) AND (id <= 428615))
	        ->  Bitmap Index Scan on sbtest2_pkey  (cost=0.00..34.79 rows=1035 width=0)
	              Index Cond: ((id >= 427616) AND (id <= 428615))

table 3 : explain SELECT SUM(k) FROM sbtest3 WHERE id BETWEEN 8292492 AND 8293491
	Aggregate  (cost=3974.09..3974.10 rows=1 width=8)
	  ->  Bitmap Heap Scan on sbtest3  (cost=34.95..3971.52 rows=1026 width=4)
	        Recheck Cond: ((id >= 8292492) AND (id <= 8293491))
	        ->  Bitmap Index Scan on sbtest3_pkey  (cost=0.00..34.70 rows=1026 width=0)
	              Index Cond: ((id >= 8292492) AND (id <= 8293491))

table 4 : explain SELECT SUM(k) FROM sbtest4 WHERE id BETWEEN 6687941 AND 6688940
	Aggregate  (cost=3798.27..3798.28 rows=1 width=8)
	  ->  Bitmap Heap Scan on sbtest4  (cost=34.47..3795.82 rows=979 width=4)
	        Recheck Cond: ((id >= 6687941) AND (id <= 6688940))
	        ->  Bitmap Index Scan on sbtest4_pkey  (cost=0.00..34.23 rows=979 width=0)
	              Index Cond: ((id >= 6687941) AND (id <= 6688940))

table 5 : explain SELECT SUM(k) FROM sbtest5 WHERE id BETWEEN 4786393 AND 4787392
	Aggregate  (cost=3871.32..3871.33 rows=1 width=8)
	  ->  Bitmap Heap Scan on sbtest5  (cost=34.66..3868.82 rows=998 width=4)
	        Recheck Cond: ((id >= 4786393) AND (id <= 4787392))
	        ->  Bitmap Index Scan on sbtest5_pkey  (cost=0.00..34.42 rows=998 width=0)
	              Index Cond: ((id >= 4786393) AND (id <= 4787392))

table 6 : explain SELECT SUM(k) FROM sbtest6 WHERE id BETWEEN 8208504 AND 8209503
	Aggregate  (cost=3700.17..3700.18 rows=1 width=8)
	  ->  Bitmap Heap Scan on sbtest6  (cost=34.20..3697.79 rows=953 width=4)
	        Recheck Cond: ((id >= 8208504) AND (id <= 8209503))
	        ->  Bitmap Index Scan on sbtest6_pkey  (cost=0.00..33.97 rows=953 width=0)
	              Index Cond: ((id >= 8208504) AND (id <= 8209503))

table 7 : explain SELECT SUM(k) FROM sbtest7 WHERE id BETWEEN 3204956 AND 3205955
	Aggregate  (cost=3829.40..3829.41 rows=1 width=8)
	  ->  Bitmap Heap Scan on sbtest7  (cost=34.55..3826.93 rows=987 width=4)
	        Recheck Cond: ((id >= 3204956) AND (id <= 3205955))
	        ->  Bitmap Index Scan on sbtest7_pkey  (cost=0.00..34.31 rows=987 width=0)
	              Index Cond: ((id >= 3204956) AND (id <= 3205955))

table 8 : explain SELECT SUM(k) FROM sbtest8 WHERE id BETWEEN 7210773 AND 7211772
	Aggregate  (cost=3882.76..3882.77 rows=1 width=8)
	  ->  Bitmap Heap Scan on sbtest8  (cost=34.70..3880.26 rows=1001 width=4)
	        Recheck Cond: ((id >= 7210773) AND (id <= 7211772))
	        ->  Bitmap Index Scan on sbtest8_pkey  (cost=0.00..34.45 rows=1001 width=0)
	              Index Cond: ((id >= 7210773) AND (id <= 7211772))

explain: for point_selects :: explain SELECT c FROM sbtest%u WHERE id=%u
explain: for point_selects :: explain SELECT c FROM sbtest%u WHERE id=%u
for: simple_ranges
table 1 : explain SELECT c FROM sbtest1 WHERE id BETWEEN 901865 AND 902864
	Bitmap Heap Scan on sbtest1  (cost=34.54..3826.95 rows=986 width=121)
	  Recheck Cond: ((id >= 901865) AND (id <= 902864))
	  ->  Bitmap Index Scan on sbtest1_pkey  (cost=0.00..34.30 rows=986 width=0)
	        Index Cond: ((id >= 901865) AND (id <= 902864))

table 2 : explain SELECT c FROM sbtest2 WHERE id BETWEEN 8361266 AND 8362265
	Bitmap Heap Scan on sbtest2  (cost=34.26..3719.38 rows=959 width=121)
	  Recheck Cond: ((id >= 8361266) AND (id <= 8362265))
	  ->  Bitmap Index Scan on sbtest2_pkey  (cost=0.00..34.03 rows=959 width=0)
	        Index Cond: ((id >= 8361266) AND (id <= 8362265))

table 3 : explain SELECT c FROM sbtest3 WHERE id BETWEEN 6685198 AND 6686197
	Bitmap Heap Scan on sbtest3  (cost=35.85..4298.50 rows=1114 width=121)
	  Recheck Cond: ((id >= 6685198) AND (id <= 6686197))
	  ->  Bitmap Index Scan on sbtest3_pkey  (cost=0.00..35.58 rows=1114 width=0)
	        Index Cond: ((id >= 6685198) AND (id <= 6686197))

table 4 : explain SELECT c FROM sbtest4 WHERE id BETWEEN 9399039 AND 9400038
	Bitmap Heap Scan on sbtest4  (cost=35.39..4134.75 rows=1069 width=121)
	  Recheck Cond: ((id >= 9399039) AND (id <= 9400038))
	  ->  Bitmap Index Scan on sbtest4_pkey  (cost=0.00..35.12 rows=1069 width=0)
	        Index Cond: ((id >= 9399039) AND (id <= 9400038))

table 5 : explain SELECT c FROM sbtest5 WHERE id BETWEEN 8303475 AND 8304474
	Bitmap Heap Scan on sbtest5  (cost=34.70..3880.13 rows=1001 width=121)
	  Recheck Cond: ((id >= 8303475) AND (id <= 8304474))
	  ->  Bitmap Index Scan on sbtest5_pkey  (cost=0.00..34.45 rows=1001 width=0)
	        Index Cond: ((id >= 8303475) AND (id <= 8304474))

table 6 : explain SELECT c FROM sbtest6 WHERE id BETWEEN 3404180 AND 3405179
	Bitmap Heap Scan on sbtest6  (cost=34.24..3712.89 rows=957 width=121)
	  Recheck Cond: ((id >= 3404180) AND (id <= 3405179))
	  ->  Bitmap Index Scan on sbtest6_pkey  (cost=0.00..34.01 rows=957 width=0)
	        Index Cond: ((id >= 3404180) AND (id <= 3405179))

table 7 : explain SELECT c FROM sbtest7 WHERE id BETWEEN 6389367 AND 6390366
	Bitmap Heap Scan on sbtest7  (cost=34.74..3894.81 rows=1005 width=121)
	  Recheck Cond: ((id >= 6389367) AND (id <= 6390366))
	  ->  Bitmap Index Scan on sbtest7_pkey  (cost=0.00..34.48 rows=1005 width=0)
	        Index Cond: ((id >= 6389367) AND (id <= 6390366))

table 8 : explain SELECT c FROM sbtest8 WHERE id BETWEEN 4054329 AND 4055328
	Bitmap Heap Scan on sbtest8  (cost=34.66..3868.95 rows=998 width=121)
	  Recheck Cond: ((id >= 4054329) AND (id <= 4055328))
	  ->  Bitmap Index Scan on sbtest8_pkey  (cost=0.00..34.42 rows=998 width=0)
	        Index Cond: ((id >= 4054329) AND (id <= 4055328))

for: simple_ranges
table 1 : explain SELECT c FROM sbtest1 WHERE id BETWEEN 2803701 AND 2804700
	Bitmap Heap Scan on sbtest1  (cost=29.83..3561.96 rows=917 width=121)
	  Recheck Cond: ((id >= 2803701) AND (id <= 2804700))
	  ->  Bitmap Index Scan on sbtest1_pkey  (cost=0.00..29.61 rows=917 width=0)
	        Index Cond: ((id >= 2803701) AND (id <= 2804700))

table 2 : explain SELECT c FROM sbtest2 WHERE id BETWEEN 1472397 AND 1473396
	Bitmap Heap Scan on sbtest2  (cost=40.03..4366.67 rows=1131 width=121)
	  Recheck Cond: ((id >= 1472397) AND (id <= 1473396))
	  ->  Bitmap Index Scan on sbtest2_pkey  (cost=0.00..39.75 rows=1131 width=0)
	        Index Cond: ((id >= 1472397) AND (id <= 1473396))

table 3 : explain SELECT c FROM sbtest3 WHERE id BETWEEN 1266119 AND 1267118
	Bitmap Heap Scan on sbtest3  (cost=35.83..4290.99 rows=1112 width=121)
	  Recheck Cond: ((id >= 1266119) AND (id <= 1267118))
	  ->  Bitmap Index Scan on sbtest3_pkey  (cost=0.00..35.56 rows=1112 width=0)
	        Index Cond: ((id >= 1266119) AND (id <= 1267118))

table 4 : explain SELECT c FROM sbtest4 WHERE id BETWEEN 1779867 AND 1780866
	Bitmap Heap Scan on sbtest4  (cost=35.35..4119.71 rows=1065 width=121)
	  Recheck Cond: ((id >= 1779867) AND (id <= 1780866))
	  ->  Bitmap Index Scan on sbtest4_pkey  (cost=0.00..35.09 rows=1065 width=0)
	        Index Cond: ((id >= 1779867) AND (id <= 1780866))

table 5 : explain SELECT c FROM sbtest5 WHERE id BETWEEN 4318659 AND 4319658
	Bitmap Heap Scan on sbtest5  (cost=34.46..3793.37 rows=978 width=121)
	  Recheck Cond: ((id >= 4318659) AND (id <= 4319658))
	  ->  Bitmap Index Scan on sbtest5_pkey  (cost=0.00..34.22 rows=978 width=0)
	        Index Cond: ((id >= 4318659) AND (id <= 4319658))

table 6 : explain SELECT c FROM sbtest6 WHERE id BETWEEN 2816040 AND 2817039
	Bitmap Heap Scan on sbtest6  (cost=35.54..4187.47 rows=1083 width=121)
	  Recheck Cond: ((id >= 2816040) AND (id <= 2817039))
	  ->  Bitmap Index Scan on sbtest6_pkey  (cost=0.00..35.27 rows=1083 width=0)
	        Index Cond: ((id >= 2816040) AND (id <= 2817039))

table 7 : explain SELECT c FROM sbtest7 WHERE id BETWEEN 8860878 AND 8861877
	Bitmap Heap Scan on sbtest7  (cost=34.79..3913.66 rows=1010 width=121)
	  Recheck Cond: ((id >= 8860878) AND (id <= 8861877))
	  ->  Bitmap Index Scan on sbtest7_pkey  (cost=0.00..34.54 rows=1010 width=0)
	        Index Cond: ((id >= 8860878) AND (id <= 8861877))

table 8 : explain SELECT c FROM sbtest8 WHERE id BETWEEN 9214090 AND 9215089
	Bitmap Heap Scan on sbtest8  (cost=34.19..3695.32 rows=952 width=121)
	  Recheck Cond: ((id >= 9214090) AND (id <= 9215089))
	  ->  Bitmap Index Scan on sbtest8_pkey  (cost=0.00..33.95 rows=952 width=0)
	        Index Cond: ((id >= 9214090) AND (id <= 9215089))

for: sum_ranges
table 1 : explain SELECT SUM(k) FROM sbtest1 WHERE id BETWEEN 7937358 AND 7938357
	Aggregate  (cost=3931.44..3931.45 rows=1 width=8)
	  ->  Bitmap Heap Scan on sbtest1  (cost=34.82..3928.91 rows=1013 width=4)
	        Recheck Cond: ((id >= 7937358) AND (id <= 7938357))
	        ->  Bitmap Index Scan on sbtest1_pkey  (cost=0.00..34.57 rows=1013 width=0)
	              Index Cond: ((id >= 7937358) AND (id <= 7938357))

table 2 : explain SELECT SUM(k) FROM sbtest2 WHERE id BETWEEN 5868839 AND 5869838
	Aggregate  (cost=4072.31..4072.32 rows=1 width=8)
	  ->  Bitmap Heap Scan on sbtest2  (cost=35.22..4069.68 rows=1052 width=4)
	        Recheck Cond: ((id >= 5868839) AND (id <= 5869838))
	        ->  Bitmap Index Scan on sbtest2_pkey  (cost=0.00..34.95 rows=1052 width=0)
	              Index Cond: ((id >= 5868839) AND (id <= 5869838))

table 3 : explain SELECT SUM(k) FROM sbtest3 WHERE id BETWEEN 893201 AND 894200
	Aggregate  (cost=3676.16..3676.17 rows=1 width=8)
	  ->  Bitmap Heap Scan on sbtest3  (cost=34.14..3673.80 rows=947 width=4)
	        Recheck Cond: ((id >= 893201) AND (id <= 894200))
	        ->  Bitmap Index Scan on sbtest3_pkey  (cost=0.00..33.91 rows=947 width=0)
	              Index Cond: ((id >= 893201) AND (id <= 894200))

table 4 : explain SELECT SUM(k) FROM sbtest4 WHERE id BETWEEN 5104411 AND 5105410
	Aggregate  (cost=3613.18..3613.19 rows=1 width=8)
	  ->  Bitmap Heap Scan on sbtest4  (cost=33.97..3610.85 rows=930 width=4)
	        Recheck Cond: ((id >= 5104411) AND (id <= 5105410))
	        ->  Bitmap Index Scan on sbtest4_pkey  (cost=0.00..33.73 rows=930 width=0)
	              Index Cond: ((id >= 5104411) AND (id <= 5105410))

table 5 : explain SELECT SUM(k) FROM sbtest5 WHERE id BETWEEN 9631519 AND 9632518
	Aggregate  (cost=4093.75..4093.76 rows=1 width=8)
	  ->  Bitmap Heap Scan on sbtest5  (cost=35.27..4091.11 rows=1057 width=4)
	        Recheck Cond: ((id >= 9631519) AND (id <= 9632518))
	        ->  Bitmap Index Scan on sbtest5_pkey  (cost=0.00..35.01 rows=1057 width=0)
	              Index Cond: ((id >= 9631519) AND (id <= 9632518))

table 6 : explain SELECT SUM(k) FROM sbtest6 WHERE id BETWEEN 1048361 AND 1049360
	Aggregate  (cost=3685.06..3685.07 rows=1 width=8)
	  ->  Bitmap Heap Scan on sbtest6  (cost=34.16..3682.69 rows=949 width=4)
	        Recheck Cond: ((id >= 1048361) AND (id <= 1049360))
	        ->  Bitmap Index Scan on sbtest6_pkey  (cost=0.00..33.93 rows=949 width=0)
	              Index Cond: ((id >= 1048361) AND (id <= 1049360))

table 7 : explain SELECT SUM(k) FROM sbtest7 WHERE id BETWEEN 9361286 AND 9362285
	Aggregate  (cost=3613.82..3613.83 rows=1 width=8)
	  ->  Bitmap Heap Scan on sbtest7  (cost=29.98..3611.49 rows=931 width=4)
	        Recheck Cond: ((id >= 9361286) AND (id <= 9362285))
	        ->  Bitmap Index Scan on sbtest7_pkey  (cost=0.00..29.75 rows=931 width=0)
	              Index Cond: ((id >= 9361286) AND (id <= 9362285))

table 8 : explain SELECT SUM(k) FROM sbtest8 WHERE id BETWEEN 7514490 AND 7515489
	Aggregate  (cost=3973.29..3973.30 rows=1 width=8)
	  ->  Bitmap Heap Scan on sbtest8  (cost=34.94..3970.73 rows=1025 width=4)
	        Recheck Cond: ((id >= 7514490) AND (id <= 7515489))
	        ->  Bitmap Index Scan on sbtest8_pkey  (cost=0.00..34.69 rows=1025 width=0)
	              Index Cond: ((id >= 7514490) AND (id <= 7515489))

for: simple_ranges
table 1 : explain SELECT c FROM sbtest1 WHERE id BETWEEN 1201829 AND 1202828
	Bitmap Heap Scan on sbtest1  (cost=29.30..3364.87 rows=865 width=121)
	  Recheck Cond: ((id >= 1201829) AND (id <= 1202828))
	  ->  Bitmap Index Scan on sbtest1_pkey  (cost=0.00..29.08 rows=865 width=0)
	        Index Cond: ((id >= 1201829) AND (id <= 1202828))

table 2 : explain SELECT c FROM sbtest2 WHERE id BETWEEN 3674700 AND 3675699
	Bitmap Heap Scan on sbtest2  (cost=34.48..3798.58 rows=980 width=121)
	  Recheck Cond: ((id >= 3674700) AND (id <= 3675699))
	  ->  Bitmap Index Scan on sbtest2_pkey  (cost=0.00..34.23 rows=980 width=0)
	        Index Cond: ((id >= 3674700) AND (id <= 3675699))

table 3 : explain SELECT c FROM sbtest3 WHERE id BETWEEN 3891931 AND 3892930
	Bitmap Heap Scan on sbtest3  (cost=35.80..4279.74 rows=1109 width=121)
	  Recheck Cond: ((id >= 3891931) AND (id <= 3892930))
	  ->  Bitmap Index Scan on sbtest3_pkey  (cost=0.00..35.53 rows=1109 width=0)
	        Index Cond: ((id >= 3891931) AND (id <= 3892930))

table 4 : explain SELECT c FROM sbtest4 WHERE id BETWEEN 2817609 AND 2818608
	Bitmap Heap Scan on sbtest4  (cost=35.23..4074.57 rows=1053 width=121)
	  Recheck Cond: ((id >= 2817609) AND (id <= 2818608))
	  ->  Bitmap Index Scan on sbtest4_pkey  (cost=0.00..34.97 rows=1053 width=0)
	        Index Cond: ((id >= 2817609) AND (id <= 2818608))

table 5 : explain SELECT c FROM sbtest5 WHERE id BETWEEN 7944674 AND 7945673
	Bitmap Heap Scan on sbtest5  (cost=34.74..3895.22 rows=1005 width=121)
	  Recheck Cond: ((id >= 7944674) AND (id <= 7945673))
	  ->  Bitmap Index Scan on sbtest5_pkey  (cost=0.00..34.48 rows=1005 width=0)
	        Index Cond: ((id >= 7944674) AND (id <= 7945673))

table 6 : explain SELECT c FROM sbtest6 WHERE id BETWEEN 7358826 AND 7359825
	Bitmap Heap Scan on sbtest6  (cost=29.64..3485.95 rows=898 width=121)
	  Recheck Cond: ((id >= 7358826) AND (id <= 7359825))
	  ->  Bitmap Index Scan on sbtest6_pkey  (cost=0.00..29.41 rows=898 width=0)
	        Index Cond: ((id >= 7358826) AND (id <= 7359825))

table 7 : explain SELECT c FROM sbtest7 WHERE id BETWEEN 2130249 AND 2131248
	Bitmap Heap Scan on sbtest7  (cost=29.87..3569.91 rows=920 width=121)
	  Recheck Cond: ((id >= 2130249) AND (id <= 2131248))
	  ->  Bitmap Index Scan on sbtest7_pkey  (cost=0.00..29.64 rows=920 width=0)
	        Index Cond: ((id >= 2130249) AND (id <= 2131248))

table 8 : explain SELECT c FROM sbtest8 WHERE id BETWEEN 5809079 AND 5810078
	Bitmap Heap Scan on sbtest8  (cost=35.78..4279.29 rows=1107 width=121)
	  Recheck Cond: ((id >= 5809079) AND (id <= 5810078))
	  ->  Bitmap Index Scan on sbtest8_pkey  (cost=0.00..35.51 rows=1107 width=0)
	        Index Cond: ((id >= 5809079) AND (id <= 5810078))

for: sum_ranges
table 1 : explain SELECT SUM(k) FROM sbtest1 WHERE id BETWEEN 5510503 AND 5511502
	Aggregate  (cost=3484.65..3484.66 rows=1 width=8)
	  ->  Bitmap Heap Scan on sbtest1  (cost=29.62..3482.41 rows=896 width=4)
	        Recheck Cond: ((id >= 5510503) AND (id <= 5511502))
	        ->  Bitmap Index Scan on sbtest1_pkey  (cost=0.00..29.39 rows=896 width=0)
	              Index Cond: ((id >= 5510503) AND (id <= 5511502))

table 2 : explain SELECT SUM(k) FROM sbtest2 WHERE id BETWEEN 7194792 AND 7195791
	Aggregate  (cost=4045.96..4045.97 rows=1 width=8)
	  ->  Bitmap Heap Scan on sbtest2  (cost=35.15..4043.35 rows=1045 width=4)
	        Recheck Cond: ((id >= 7194792) AND (id <= 7195791))
	        ->  Bitmap Index Scan on sbtest2_pkey  (cost=0.00..34.89 rows=1045 width=0)
	              Index Cond: ((id >= 7194792) AND (id <= 7195791))

table 3 : explain SELECT SUM(k) FROM sbtest3 WHERE id BETWEEN 4493682 AND 4494681
	Aggregate  (cost=3857.28..3857.29 rows=1 width=8)
	  ->  Bitmap Heap Scan on sbtest3  (cost=34.63..3854.79 rows=995 width=4)
	        Recheck Cond: ((id >= 4493682) AND (id <= 4494681))
	        ->  Bitmap Index Scan on sbtest3_pkey  (cost=0.00..34.39 rows=995 width=0)
	              Index Cond: ((id >= 4493682) AND (id <= 4494681))

table 4 : explain SELECT SUM(k) FROM sbtest4 WHERE id BETWEEN 9794193 AND 9795192
	Aggregate  (cost=4039.55..4039.56 rows=1 width=8)
	  ->  Bitmap Heap Scan on sbtest4  (cost=35.13..4036.95 rows=1043 width=4)
	        Recheck Cond: ((id >= 9794193) AND (id <= 9795192))
	        ->  Bitmap Index Scan on sbtest4_pkey  (cost=0.00..34.87 rows=1043 width=0)
	              Index Cond: ((id >= 9794193) AND (id <= 9795192))

table 5 : explain SELECT SUM(k) FROM sbtest5 WHERE id BETWEEN 1677811 AND 1678810
	Aggregate  (cost=3935.45..3935.46 rows=1 width=8)
	  ->  Bitmap Heap Scan on sbtest5  (cost=34.84..3932.91 rows=1015 width=4)
	        Recheck Cond: ((id >= 1677811) AND (id <= 1678810))
	        ->  Bitmap Index Scan on sbtest5_pkey  (cost=0.00..34.59 rows=1015 width=0)
	              Index Cond: ((id >= 1677811) AND (id <= 1678810))

table 6 : explain SELECT SUM(k) FROM sbtest6 WHERE id BETWEEN 5226854 AND 5227853
	Aggregate  (cost=3896.43..3896.44 rows=1 width=8)
	  ->  Bitmap Heap Scan on sbtest6  (cost=34.74..3893.92 rows=1005 width=4)
	        Recheck Cond: ((id >= 5226854) AND (id <= 5227853))
	        ->  Bitmap Index Scan on sbtest6_pkey  (cost=0.00..34.48 rows=1005 width=0)
	              Index Cond: ((id >= 5226854) AND (id <= 5227853))

table 7 : explain SELECT SUM(k) FROM sbtest7 WHERE id BETWEEN 2947633 AND 2948632
	Aggregate  (cost=3765.21..3765.22 rows=1 width=8)
	  ->  Bitmap Heap Scan on sbtest7  (cost=34.38..3762.79 rows=970 width=4)
	        Recheck Cond: ((id >= 2947633) AND (id <= 2948632))
	        ->  Bitmap Index Scan on sbtest7_pkey  (cost=0.00..34.14 rows=970 width=0)
	              Index Cond: ((id >= 2947633) AND (id <= 2948632))

table 8 : explain SELECT SUM(k) FROM sbtest8 WHERE id BETWEEN 1863018 AND 1864017
	Aggregate  (cost=3788.38..3788.39 rows=1 width=8)
	  ->  Bitmap Heap Scan on sbtest8  (cost=34.44..3785.94 rows=976 width=4)
	        Recheck Cond: ((id >= 1863018) AND (id <= 1864017))
	        ->  Bitmap Index Scan on sbtest8_pkey  (cost=0.00..34.20 rows=976 width=0)
	              Index Cond: ((id >= 1863018) AND (id <= 1864017))

for: sum_ranges
table 1 : explain SELECT SUM(k) FROM sbtest1 WHERE id BETWEEN 1075516 AND 1076515
	Aggregate  (cost=4172.92..4172.93 rows=1 width=8)
	  ->  Bitmap Heap Scan on sbtest1  (cost=35.47..4170.23 rows=1077 width=4)
	        Recheck Cond: ((id >= 1075516) AND (id <= 1076515))
	        ->  Bitmap Index Scan on sbtest1_pkey  (cost=0.00..35.20 rows=1077 width=0)
	              Index Cond: ((id >= 1075516) AND (id <= 1076515))

table 2 : explain SELECT SUM(k) FROM sbtest2 WHERE id BETWEEN 1174719 AND 1175718
	Aggregate  (cost=4162.59..4162.60 rows=1 width=8)
	  ->  Bitmap Heap Scan on sbtest2  (cost=35.46..4159.90 rows=1076 width=4)
	        Recheck Cond: ((id >= 1174719) AND (id <= 1175718))
	        ->  Bitmap Index Scan on sbtest2_pkey  (cost=0.00..35.20 rows=1076 width=0)
	              Index Cond: ((id >= 1174719) AND (id <= 1175718))

table 3 : explain SELECT SUM(k) FROM sbtest3 WHERE id BETWEEN 6838527 AND 6839526
	Aggregate  (cost=4154.71..4154.72 rows=1 width=8)
	  ->  Bitmap Heap Scan on sbtest3  (cost=35.44..4152.03 rows=1074 width=4)
	        Recheck Cond: ((id >= 6838527) AND (id <= 6839526))
	        ->  Bitmap Index Scan on sbtest3_pkey  (cost=0.00..35.18 rows=1074 width=0)
	              Index Cond: ((id >= 6838527) AND (id <= 6839526))

table 4 : explain SELECT SUM(k) FROM sbtest4 WHERE id BETWEEN 1235983 AND 1236982
	Aggregate  (cost=4035.79..4035.80 rows=1 width=8)
	  ->  Bitmap Heap Scan on sbtest4  (cost=35.12..4033.18 rows=1042 width=4)
	        Recheck Cond: ((id >= 1235983) AND (id <= 1236982))
	        ->  Bitmap Index Scan on sbtest4_pkey  (cost=0.00..34.86 rows=1042 width=0)
	              Index Cond: ((id >= 1235983) AND (id <= 1236982))

table 5 : explain SELECT SUM(k) FROM sbtest5 WHERE id BETWEEN 96535 AND 97534
	Aggregate  (cost=3882.64..3882.65 rows=1 width=8)
	  ->  Bitmap Heap Scan on sbtest5  (cost=34.70..3880.13 rows=1001 width=4)
	        Recheck Cond: ((id >= 96535) AND (id <= 97534))
	        ->  Bitmap Index Scan on sbtest5_pkey  (cost=0.00..34.45 rows=1001 width=0)
	              Index Cond: ((id >= 96535) AND (id <= 97534))

table 6 : explain SELECT SUM(k) FROM sbtest6 WHERE id BETWEEN 9273321 AND 9274320
	Aggregate  (cost=3541.17..3541.18 rows=1 width=8)
	  ->  Bitmap Heap Scan on sbtest6  (cost=29.78..3538.89 rows=912 width=4)
	        Recheck Cond: ((id >= 9273321) AND (id <= 9274320))
	        ->  Bitmap Index Scan on sbtest6_pkey  (cost=0.00..29.55 rows=912 width=0)
	              Index Cond: ((id >= 9273321) AND (id <= 9274320))

table 7 : explain SELECT SUM(k) FROM sbtest7 WHERE id BETWEEN 1642667 AND 1643666
	Aggregate  (cost=3976.51..3976.52 rows=1 width=8)
	  ->  Bitmap Heap Scan on sbtest7  (cost=34.95..3973.95 rows=1026 width=4)
	        Recheck Cond: ((id >= 1642667) AND (id <= 1643666))
	        ->  Bitmap Index Scan on sbtest7_pkey  (cost=0.00..34.70 rows=1026 width=0)
	              Index Cond: ((id >= 1642667) AND (id <= 1643666))

table 8 : explain SELECT SUM(k) FROM sbtest8 WHERE id BETWEEN 5379005 AND 5380004
	Aggregate  (cost=4206.83..4206.84 rows=1 width=8)
	  ->  Bitmap Heap Scan on sbtest8  (cost=35.58..4204.11 rows=1087 width=4)
	        Recheck Cond: ((id >= 5379005) AND (id <= 5380004))
	        ->  Bitmap Index Scan on sbtest8_pkey  (cost=0.00..35.31 rows=1087 width=0)
	              Index Cond: ((id >= 5379005) AND (id <= 5380004))

for: sum_ranges
table 1 : explain SELECT SUM(k) FROM sbtest1 WHERE id BETWEEN 2147700 AND 2148699
	Aggregate  (cost=4349.95..4349.96 rows=1 width=8)
	  ->  Bitmap Heap Scan on sbtest1  (cost=35.96..4347.14 rows=1124 width=4)
	        Recheck Cond: ((id >= 2147700) AND (id <= 2148699))
	        ->  Bitmap Index Scan on sbtest1_pkey  (cost=0.00..35.68 rows=1124 width=0)
	              Index Cond: ((id >= 2147700) AND (id <= 2148699))

table 2 : explain SELECT SUM(k) FROM sbtest2 WHERE id BETWEEN 1949172 AND 1950171
	Aggregate  (cost=3910.37..3910.38 rows=1 width=8)
	  ->  Bitmap Heap Scan on sbtest2  (cost=34.78..3907.85 rows=1009 width=4)
	        Recheck Cond: ((id >= 1949172) AND (id <= 1950171))
	        ->  Bitmap Index Scan on sbtest2_pkey  (cost=0.00..34.53 rows=1009 width=0)
	              Index Cond: ((id >= 1949172) AND (id <= 1950171))

table 3 : explain SELECT SUM(k) FROM sbtest3 WHERE id BETWEEN 8813158 AND 8814157
	Aggregate  (cost=3906.28..3906.29 rows=1 width=8)
	  ->  Bitmap Heap Scan on sbtest3  (cost=34.77..3903.76 rows=1008 width=4)
	        Recheck Cond: ((id >= 8813158) AND (id <= 8814157))
	        ->  Bitmap Index Scan on sbtest3_pkey  (cost=0.00..34.52 rows=1008 width=0)
	              Index Cond: ((id >= 8813158) AND (id <= 8814157))

table 4 : explain SELECT SUM(k) FROM sbtest4 WHERE id BETWEEN 2132999 AND 2133998
	Aggregate  (cost=3598.05..3598.06 rows=1 width=8)
	  ->  Bitmap Heap Scan on sbtest4  (cost=33.93..3595.74 rows=926 width=4)
	        Recheck Cond: ((id >= 2132999) AND (id <= 2133998))
	        ->  Bitmap Index Scan on sbtest4_pkey  (cost=0.00..33.70 rows=926 width=0)
	              Index Cond: ((id >= 2132999) AND (id <= 2133998))

table 5 : explain SELECT SUM(k) FROM sbtest5 WHERE id BETWEEN 9120401 AND 9121400
	Aggregate  (cost=3659.78..3659.79 rows=1 width=8)
	  ->  Bitmap Heap Scan on sbtest5  (cost=34.09..3657.43 rows=942 width=4)
	        Recheck Cond: ((id >= 9120401) AND (id <= 9121400))
	        ->  Bitmap Index Scan on sbtest5_pkey  (cost=0.00..33.86 rows=942 width=0)
	              Index Cond: ((id >= 9120401) AND (id <= 9121400))

table 6 : explain SELECT SUM(k) FROM sbtest6 WHERE id BETWEEN 6211660 AND 6212659
	Aggregate  (cost=4005.74..4005.75 rows=1 width=8)
	  ->  Bitmap Heap Scan on sbtest6  (cost=35.03..4003.15 rows=1034 width=4)
	        Recheck Cond: ((id >= 6211660) AND (id <= 6212659))
	        ->  Bitmap Index Scan on sbtest6_pkey  (cost=0.00..34.78 rows=1034 width=0)
	              Index Cond: ((id >= 6211660) AND (id <= 6212659))

table 7 : explain SELECT SUM(k) FROM sbtest7 WHERE id BETWEEN 9040407 AND 9041406
	Aggregate  (cost=3923.73..3923.74 rows=1 width=8)
	  ->  Bitmap Heap Scan on sbtest7  (cost=34.81..3921.20 rows=1012 width=4)
	        Recheck Cond: ((id >= 9040407) AND (id <= 9041406))
	        ->  Bitmap Index Scan on sbtest7_pkey  (cost=0.00..34.56 rows=1012 width=0)
	              Index Cond: ((id >= 9040407) AND (id <= 9041406))

table 8 : explain SELECT SUM(k) FROM sbtest8 WHERE id BETWEEN 374685 AND 375684
	Aggregate  (cost=3716.60..3716.61 rows=1 width=8)
	  ->  Bitmap Heap Scan on sbtest8  (cost=34.24..3714.21 rows=957 width=4)
	        Recheck Cond: ((id >= 374685) AND (id <= 375684))
	        ->  Bitmap Index Scan on sbtest8_pkey  (cost=0.00..34.01 rows=957 width=0)
	              Index Cond: ((id >= 374685) AND (id <= 375684))

explain: for point_selects :: explain SELECT c FROM sbtest%u WHERE id=%u
for point_selects
table 1 : explain SELECT c FROM sbtest1 WHERE id=7507100
	Index Scan using sbtest1_pkey on sbtest1  (cost=0.43..8.45 rows=1 width=121)
	  Index Cond: (id = 7507100)

table 2 : explain SELECT c FROM sbtest2 WHERE id=2643469
	Index Scan using sbtest2_pkey on sbtest2  (cost=0.43..8.45 rows=1 width=121)
	  Index Cond: (id = 2643469)

table 3 : explain SELECT c FROM sbtest3 WHERE id=1087376
	Index Scan using sbtest3_pkey on sbtest3  (cost=0.43..8.45 rows=1 width=121)
	  Index Cond: (id = 1087376)

table 4 : explain SELECT c FROM sbtest4 WHERE id=9286133
	Index Scan using sbtest4_pkey on sbtest4  (cost=0.43..8.45 rows=1 width=121)
	  Index Cond: (id = 9286133)

table 5 : explain SELECT c FROM sbtest5 WHERE id=4540081
	Index Scan using sbtest5_pkey on sbtest5  (cost=0.43..8.45 rows=1 width=121)
	  Index Cond: (id = 4540081)

table 6 : explain SELECT c FROM sbtest6 WHERE id=1820447
	Index Scan using sbtest6_pkey on sbtest6  (cost=0.43..8.45 rows=1 width=121)
	  Index Cond: (id = 1820447)

table 7 : explain SELECT c FROM sbtest7 WHERE id=6885229
	Index Scan using sbtest7_pkey on sbtest7  (cost=0.43..8.45 rows=1 width=121)
	  Index Cond: (id = 6885229)

table 8 : explain SELECT c FROM sbtest8 WHERE id=9795146
	Index Scan using sbtest8_pkey on sbtest8  (cost=0.43..8.45 rows=1 width=121)
	  Index Cond: (id = 9795146)

for point_selects
table 1 : explain SELECT c FROM sbtest1 WHERE id=8362768
	Index Scan using sbtest1_pkey on sbtest1  (cost=0.43..8.45 rows=1 width=121)
	  Index Cond: (id = 8362768)

table 2 : explain SELECT c FROM sbtest2 WHERE id=8253692
	Index Scan using sbtest2_pkey on sbtest2  (cost=0.43..8.45 rows=1 width=121)
	  Index Cond: (id = 8253692)

table 3 : explain SELECT c FROM sbtest3 WHERE id=9119154
	Index Scan using sbtest3_pkey on sbtest3  (cost=0.43..8.45 rows=1 width=121)
	  Index Cond: (id = 9119154)

table 4 : explain SELECT c FROM sbtest4 WHERE id=4139312
	Index Scan using sbtest4_pkey on sbtest4  (cost=0.43..8.45 rows=1 width=121)
	  Index Cond: (id = 4139312)

table 5 : explain SELECT c FROM sbtest5 WHERE id=4853538
	Index Scan using sbtest5_pkey on sbtest5  (cost=0.43..8.45 rows=1 width=121)
	  Index Cond: (id = 4853538)

table 6 : explain SELECT c FROM sbtest6 WHERE id=4979
	Index Scan using sbtest6_pkey on sbtest6  (cost=0.43..8.45 rows=1 width=121)
	  Index Cond: (id = 4979)

table 7 : explain SELECT c FROM sbtest7 WHERE id=9776193
	Index Scan using sbtest7_pkey on sbtest7  (cost=0.43..8.45 rows=1 width=121)
	  Index Cond: (id = 9776193)

table 8 : explain SELECT c FROM sbtest8 WHERE id=4114774
	Index Scan using sbtest8_pkey on sbtest8  (cost=0.43..8.45 rows=1 width=121)
	  Index Cond: (id = 4114774)

explain: for point_selects :: explain SELECT c FROM sbtest%u WHERE id=%u
for point_selects
table 1 : explain SELECT c FROM sbtest1 WHERE id=9153031
	Index Scan using sbtest1_pkey on sbtest1  (cost=0.43..8.45 rows=1 width=121)
	  Index Cond: (id = 9153031)

table 2 : explain SELECT c FROM sbtest2 WHERE id=7377191
	Index Scan using sbtest2_pkey on sbtest2  (cost=0.43..8.45 rows=1 width=121)
	  Index Cond: (id = 7377191)

table 3 : explain SELECT c FROM sbtest3 WHERE id=3965421
	Index Scan using sbtest3_pkey on sbtest3  (cost=0.43..8.45 rows=1 width=121)
	  Index Cond: (id = 3965421)

table 4 : explain SELECT c FROM sbtest4 WHERE id=4449413
	Index Scan using sbtest4_pkey on sbtest4  (cost=0.43..8.45 rows=1 width=121)
	  Index Cond: (id = 4449413)

table 5 : explain SELECT c FROM sbtest5 WHERE id=5305084
	Index Scan using sbtest5_pkey on sbtest5  (cost=0.43..8.45 rows=1 width=121)
	  Index Cond: (id = 5305084)

table 6 : explain SELECT c FROM sbtest6 WHERE id=4368705
	Index Scan using sbtest6_pkey on sbtest6  (cost=0.43..8.45 rows=1 width=121)
	  Index Cond: (id = 4368705)

table 7 : explain SELECT c FROM sbtest7 WHERE id=114754
	Index Scan using sbtest7_pkey on sbtest7  (cost=0.43..8.45 rows=1 width=121)
	  Index Cond: (id = 114754)

table 8 : explain SELECT c FROM sbtest8 WHERE id=5104601
	Index Scan using sbtest8_pkey on sbtest8  (cost=0.43..8.45 rows=1 width=121)
	  Index Cond: (id = 5104601)

for: sum_ranges
table 1 : explain SELECT SUM(k) FROM sbtest1 WHERE id BETWEEN 7286233 AND 7287232
	Aggregate  (cost=3768.91..3768.92 rows=1 width=8)
	  ->  Bitmap Heap Scan on sbtest1  (cost=34.38..3766.48 rows=970 width=4)
	        Recheck Cond: ((id >= 7286233) AND (id <= 7287232))
	        ->  Bitmap Index Scan on sbtest1_pkey  (cost=0.00..34.14 rows=970 width=0)
	              Index Cond: ((id >= 7286233) AND (id <= 7287232))

table 2 : explain SELECT SUM(k) FROM sbtest2 WHERE id BETWEEN 9404407 AND 9405406
	Aggregate  (cost=3759.52..3759.53 rows=1 width=8)
	  ->  Bitmap Heap Scan on sbtest2  (cost=34.37..3757.10 rows=969 width=4)
	        Recheck Cond: ((id >= 9404407) AND (id <= 9405406))
	        ->  Bitmap Index Scan on sbtest2_pkey  (cost=0.00..34.12 rows=969 width=0)
	              Index Cond: ((id >= 9404407) AND (id <= 9405406))

table 3 : explain SELECT SUM(k) FROM sbtest3 WHERE id BETWEEN 77527 AND 78526
	Aggregate  (cost=3770.53..3770.54 rows=1 width=8)
	  ->  Bitmap Heap Scan on sbtest3  (cost=34.40..3768.10 rows=972 width=4)
	        Recheck Cond: ((id >= 77527) AND (id <= 78526))
	        ->  Bitmap Index Scan on sbtest3_pkey  (cost=0.00..34.16 rows=972 width=0)
	              Index Cond: ((id >= 77527) AND (id <= 78526))

table 4 : explain SELECT SUM(k) FROM sbtest4 WHERE id BETWEEN 9307255 AND 9308254
	Aggregate  (cost=3979.28..3979.29 rows=1 width=8)
	  ->  Bitmap Heap Scan on sbtest4  (cost=34.96..3976.71 rows=1027 width=4)
	        Recheck Cond: ((id >= 9307255) AND (id <= 9308254))
	        ->  Bitmap Index Scan on sbtest4_pkey  (cost=0.00..34.70 rows=1027 width=0)
	              Index Cond: ((id >= 9307255) AND (id <= 9308254))

table 5 : explain SELECT SUM(k) FROM sbtest5 WHERE id BETWEEN 4811836 AND 4812835
	Aggregate  (cost=3871.32..3871.33 rows=1 width=8)
	  ->  Bitmap Heap Scan on sbtest5  (cost=34.66..3868.82 rows=998 width=4)
	        Recheck Cond: ((id >= 4811836) AND (id <= 4812835))
	        ->  Bitmap Index Scan on sbtest5_pkey  (cost=0.00..34.42 rows=998 width=0)
	              Index Cond: ((id >= 4811836) AND (id <= 4812835))

table 6 : explain SELECT SUM(k) FROM sbtest6 WHERE id BETWEEN 5753754 AND 5754753
	Aggregate  (cost=4269.14..4269.15 rows=1 width=8)
	  ->  Bitmap Heap Scan on sbtest6  (cost=35.75..4266.38 rows=1104 width=4)
	        Recheck Cond: ((id >= 5753754) AND (id <= 5754753))
	        ->  Bitmap Index Scan on sbtest6_pkey  (cost=0.00..35.48 rows=1104 width=0)
	              Index Cond: ((id >= 5753754) AND (id <= 5754753))

table 7 : explain SELECT SUM(k) FROM sbtest7 WHERE id BETWEEN 5609142 AND 5610141
	Aggregate  (cost=3772.77..3772.78 rows=1 width=8)
	  ->  Bitmap Heap Scan on sbtest7  (cost=34.40..3770.34 rows=972 width=4)
	        Recheck Cond: ((id >= 5609142) AND (id <= 5610141))
	        ->  Bitmap Index Scan on sbtest7_pkey  (cost=0.00..34.16 rows=972 width=0)
	              Index Cond: ((id >= 5609142) AND (id <= 5610141))

table 8 : explain SELECT SUM(k) FROM sbtest8 WHERE id BETWEEN 3949786 AND 3950785
	Aggregate  (cost=3901.63..3901.64 rows=1 width=8)
	  ->  Bitmap Heap Scan on sbtest8  (cost=34.75..3899.11 rows=1006 width=4)
	        Recheck Cond: ((id >= 3949786) AND (id <= 3950785))
	        ->  Bitmap Index Scan on sbtest8_pkey  (cost=0.00..34.50 rows=1006 width=0)
	              Index Cond: ((id >= 3949786) AND (id <= 3950785))

for: order_ranges
table 1 : explain SELECT c FROM sbtest1 WHERE id BETWEEN 3364335 AND 3365334 ORDER BY c
	Sort  (cost=4056.09..4058.67 rows=1033 width=121)
	  Sort Key: c
	  ->  Bitmap Heap Scan on sbtest1  (cost=35.02..4004.37 rows=1033 width=121)
	        Recheck Cond: ((id >= 3364335) AND (id <= 3365334))
	        ->  Bitmap Index Scan on sbtest1_pkey  (cost=0.00..34.77 rows=1033 width=0)
	              Index Cond: ((id >= 3364335) AND (id <= 3365334))

table 2 : explain SELECT c FROM sbtest2 WHERE id BETWEEN 7387422 AND 7388421 ORDER BY c
	Sort  (cost=4221.72..4224.41 rows=1078 width=121)
	  Sort Key: c
	  ->  Bitmap Heap Scan on sbtest2  (cost=35.48..4167.42 rows=1078 width=121)
	        Recheck Cond: ((id >= 7387422) AND (id <= 7388421))
	        ->  Bitmap Index Scan on sbtest2_pkey  (cost=0.00..35.22 rows=1078 width=0)
	              Index Cond: ((id >= 7387422) AND (id <= 7388421))

table 3 : explain SELECT c FROM sbtest3 WHERE id BETWEEN 7701393 AND 7702392 ORDER BY c
	Sort  (cost=3854.60..3857.06 rows=982 width=121)
	  Sort Key: c
	  ->  Bitmap Heap Scan on sbtest3  (cost=34.50..3805.80 rows=982 width=121)
	        Recheck Cond: ((id >= 7701393) AND (id <= 7702392))
	        ->  Bitmap Index Scan on sbtest3_pkey  (cost=0.00..34.26 rows=982 width=0)
	              Index Cond: ((id >= 7701393) AND (id <= 7702392))

table 4 : explain SELECT c FROM sbtest4 WHERE id BETWEEN 8709100 AND 8710099 ORDER BY c
	Sort  (cost=3741.04..3743.42 rows=952 width=121)
	  Sort Key: c
	  ->  Bitmap Heap Scan on sbtest4  (cost=34.19..3693.94 rows=952 width=121)
	        Recheck Cond: ((id >= 8709100) AND (id <= 8710099))
	        ->  Bitmap Index Scan on sbtest4_pkey  (cost=0.00..33.95 rows=952 width=0)
	              Index Cond: ((id >= 8709100) AND (id <= 8710099))

table 5 : explain SELECT c FROM sbtest5 WHERE id BETWEEN 2399698 AND 2400697 ORDER BY c
	Sort  (cost=3753.81..3756.20 rows=955 width=121)
	  Sort Key: c
	  ->  Bitmap Heap Scan on sbtest5  (cost=34.22..3706.54 rows=955 width=121)
	        Recheck Cond: ((id >= 2399698) AND (id <= 2400697))
	        ->  Bitmap Index Scan on sbtest5_pkey  (cost=0.00..33.98 rows=955 width=0)
	              Index Cond: ((id >= 2399698) AND (id <= 2400697))

table 6 : explain SELECT c FROM sbtest6 WHERE id BETWEEN 8723052 AND 8724051 ORDER BY c
	Sort  (cost=3671.95..3674.29 rows=935 width=121)
	  Sort Key: c
	  ->  Bitmap Heap Scan on sbtest6  (cost=30.02..3625.81 rows=935 width=121)
	        Recheck Cond: ((id >= 8723052) AND (id <= 8724051))
	        ->  Bitmap Index Scan on sbtest6_pkey  (cost=0.00..29.79 rows=935 width=0)
	              Index Cond: ((id >= 8723052) AND (id <= 8724051))

table 7 : explain SELECT c FROM sbtest7 WHERE id BETWEEN 2635275 AND 2636274 ORDER BY c
	Sort  (cost=3956.40..3958.92 rows=1008 width=121)
	  Sort Key: c
	  ->  Bitmap Heap Scan on sbtest7  (cost=34.77..3906.12 rows=1008 width=121)
	        Recheck Cond: ((id >= 2635275) AND (id <= 2636274))
	        ->  Bitmap Index Scan on sbtest7_pkey  (cost=0.00..34.52 rows=1008 width=0)
	              Index Cond: ((id >= 2635275) AND (id <= 2636274))

table 8 : explain SELECT c FROM sbtest8 WHERE id BETWEEN 4343416 AND 4344415 ORDER BY c
	Sort  (cost=3477.42..3479.63 rows=884 width=121)
	  Sort Key: c
	  ->  Bitmap Heap Scan on sbtest8  (cost=29.50..3434.16 rows=884 width=121)
	        Recheck Cond: ((id >= 4343416) AND (id <= 4344415))
	        ->  Bitmap Index Scan on sbtest8_pkey  (cost=0.00..29.27 rows=884 width=0)
	              Index Cond: ((id >= 4343416) AND (id <= 4344415))

for: sum_ranges
table 1 : explain SELECT SUM(k) FROM sbtest1 WHERE id BETWEEN 4077851 AND 4078850
	Aggregate  (cost=3886.10..3886.11 rows=1 width=8)
	  ->  Bitmap Heap Scan on sbtest1  (cost=34.70..3883.60 rows=1001 width=4)
	        Recheck Cond: ((id >= 4077851) AND (id <= 4078850))
	        ->  Bitmap Index Scan on sbtest1_pkey  (cost=0.00..34.45 rows=1001 width=0)
	              Index Cond: ((id >= 4077851) AND (id <= 4078850))

table 2 : explain SELECT SUM(k) FROM sbtest2 WHERE id BETWEEN 4707520 AND 4708519
	Aggregate  (cost=4102.41..4102.42 rows=1 width=8)
	  ->  Bitmap Heap Scan on sbtest2  (cost=35.30..4099.76 rows=1060 width=4)
	        Recheck Cond: ((id >= 4707520) AND (id <= 4708519))
	        ->  Bitmap Index Scan on sbtest2_pkey  (cost=0.00..35.04 rows=1060 width=0)
	              Index Cond: ((id >= 4707520) AND (id <= 4708519))

table 3 : explain SELECT SUM(k) FROM sbtest3 WHERE id BETWEEN 8938185 AND 8939184
	Aggregate  (cost=3350.69..3350.70 rows=1 width=8)
	  ->  Bitmap Heap Scan on sbtest3  (cost=29.27..3348.53 rows=862 width=4)
	        Recheck Cond: ((id >= 8938185) AND (id <= 8939184))
	        ->  Bitmap Index Scan on sbtest3_pkey  (cost=0.00..29.05 rows=862 width=0)
	              Index Cond: ((id >= 8938185) AND (id <= 8939184))

table 4 : explain SELECT SUM(k) FROM sbtest4 WHERE id BETWEEN 8337971 AND 8338970
	Aggregate  (cost=3964.21..3964.22 rows=1 width=8)
	  ->  Bitmap Heap Scan on sbtest4  (cost=34.92..3961.65 rows=1023 width=4)
	        Recheck Cond: ((id >= 8337971) AND (id <= 8338970))
	        ->  Bitmap Index Scan on sbtest4_pkey  (cost=0.00..34.67 rows=1023 width=0)
	              Index Cond: ((id >= 8337971) AND (id <= 8338970))

table 5 : explain SELECT SUM(k) FROM sbtest5 WHERE id BETWEEN 2524331 AND 2525330
	Aggregate  (cost=4364.88..4364.89 rows=1 width=8)
	  ->  Bitmap Heap Scan on sbtest5  (cost=40.01..4362.06 rows=1129 width=4)
	        Recheck Cond: ((id >= 2524331) AND (id <= 2525330))
	        ->  Bitmap Index Scan on sbtest5_pkey  (cost=0.00..39.73 rows=1129 width=0)
	              Index Cond: ((id >= 2524331) AND (id <= 2525330))

table 6 : explain SELECT SUM(k) FROM sbtest6 WHERE id BETWEEN 294193 AND 295192
	Aggregate  (cost=3616.81..3616.82 rows=1 width=8)
	  ->  Bitmap Heap Scan on sbtest6  (cost=29.99..3614.48 rows=932 width=4)
	        Recheck Cond: ((id >= 294193) AND (id <= 295192))
	        ->  Bitmap Index Scan on sbtest6_pkey  (cost=0.00..29.75 rows=932 width=0)
	              Index Cond: ((id >= 294193) AND (id <= 295192))

table 7 : explain SELECT SUM(k) FROM sbtest7 WHERE id BETWEEN 2526924 AND 2527923
	Aggregate  (cost=3878.46..3878.47 rows=1 width=8)
	  ->  Bitmap Heap Scan on sbtest7  (cost=34.69..3875.96 rows=1000 width=4)
	        Recheck Cond: ((id >= 2526924) AND (id <= 2527923))
	        ->  Bitmap Index Scan on sbtest7_pkey  (cost=0.00..34.44 rows=1000 width=0)
	              Index Cond: ((id >= 2526924) AND (id <= 2527923))

table 8 : explain SELECT SUM(k) FROM sbtest8 WHERE id BETWEEN 5092766 AND 5093765
	Aggregate  (cost=4236.93..4236.94 rows=1 width=8)
	  ->  Bitmap Heap Scan on sbtest8  (cost=35.66..4234.19 rows=1095 width=4)
	        Recheck Cond: ((id >= 5092766) AND (id <= 5093765))
	        ->  Bitmap Index Scan on sbtest8_pkey  (cost=0.00..35.39 rows=1095 width=0)
	              Index Cond: ((id >= 5092766) AND (id <= 5093765))

for: sum_ranges
table 1 : explain SELECT SUM(k) FROM sbtest1 WHERE id BETWEEN 688369 AND 689368
	Aggregate  (cost=3768.91..3768.92 rows=1 width=8)
	  ->  Bitmap Heap Scan on sbtest1  (cost=34.38..3766.48 rows=970 width=4)
	        Recheck Cond: ((id >= 688369) AND (id <= 689368))
	        ->  Bitmap Index Scan on sbtest1_pkey  (cost=0.00..34.14 rows=970 width=0)
	              Index Cond: ((id >= 688369) AND (id <= 689368))

table 2 : explain SELECT SUM(k) FROM sbtest2 WHERE id BETWEEN 5799710 AND 5800709
	Aggregate  (cost=4072.31..4072.32 rows=1 width=8)
	  ->  Bitmap Heap Scan on sbtest2  (cost=35.22..4069.68 rows=1052 width=4)
	        Recheck Cond: ((id >= 5799710) AND (id <= 5800709))
	        ->  Bitmap Index Scan on sbtest2_pkey  (cost=0.00..34.95 rows=1052 width=0)
	              Index Cond: ((id >= 5799710) AND (id <= 5800709))

table 3 : explain SELECT SUM(k) FROM sbtest3 WHERE id BETWEEN 3143117 AND 3144116
	Aggregate  (cost=3626.84..3626.85 rows=1 width=8)
	  ->  Bitmap Heap Scan on sbtest3  (cost=30.02..3624.50 rows=935 width=4)
	        Recheck Cond: ((id >= 3143117) AND (id <= 3144116))
	        ->  Bitmap Index Scan on sbtest3_pkey  (cost=0.00..29.79 rows=935 width=0)
	              Index Cond: ((id >= 3143117) AND (id <= 3144116))

table 4 : explain SELECT SUM(k) FROM sbtest4 WHERE id BETWEEN 5997042 AND 5998041
	Aggregate  (cost=3620.74..3620.75 rows=1 width=8)
	  ->  Bitmap Heap Scan on sbtest4  (cost=33.99..3618.41 rows=932 width=4)
	        Recheck Cond: ((id >= 5997042) AND (id <= 5998041))
	        ->  Bitmap Index Scan on sbtest4_pkey  (cost=0.00..33.76 rows=932 width=0)
	              Index Cond: ((id >= 5997042) AND (id <= 5998041))

table 5 : explain SELECT SUM(k) FROM sbtest5 WHERE id BETWEEN 3810968 AND 3811967
	Aggregate  (cost=3980.70..3980.71 rows=1 width=8)
	  ->  Bitmap Heap Scan on sbtest5  (cost=34.96..3978.14 rows=1027 width=4)
	        Recheck Cond: ((id >= 3810968) AND (id <= 3811967))
	        ->  Bitmap Index Scan on sbtest5_pkey  (cost=0.00..34.70 rows=1027 width=0)
	              Index Cond: ((id >= 3810968) AND (id <= 3811967))

table 6 : explain SELECT SUM(k) FROM sbtest6 WHERE id BETWEEN 5828457 AND 5829456
	Aggregate  (cost=4314.26..4314.27 rows=1 width=8)
	  ->  Bitmap Heap Scan on sbtest6  (cost=35.88..4311.47 rows=1117 width=4)
	        Recheck Cond: ((id >= 5828457) AND (id <= 5829456))
	        ->  Bitmap Index Scan on sbtest6_pkey  (cost=0.00..35.61 rows=1117 width=0)
	              Index Cond: ((id >= 5828457) AND (id <= 5829456))

table 7 : explain SELECT SUM(k) FROM sbtest7 WHERE id BETWEEN 1220548 AND 1221547
	Aggregate  (cost=3991.59..3991.60 rows=1 width=8)
	  ->  Bitmap Heap Scan on sbtest7  (cost=34.99..3989.01 rows=1030 width=4)
	        Recheck Cond: ((id >= 1220548) AND (id <= 1221547))
	        ->  Bitmap Index Scan on sbtest7_pkey  (cost=0.00..34.73 rows=1030 width=0)
	              Index Cond: ((id >= 1220548) AND (id <= 1221547))

table 8 : explain SELECT SUM(k) FROM sbtest8 WHERE id BETWEEN 2047931 AND 2048930
	Aggregate  (cost=4010.99..4011.00 rows=1 width=8)
	  ->  Bitmap Heap Scan on sbtest8  (cost=35.04..4008.40 rows=1035 width=4)
	        Recheck Cond: ((id >= 2047931) AND (id <= 2048930))
	        ->  Bitmap Index Scan on sbtest8_pkey  (cost=0.00..34.79 rows=1035 width=0)
	              Index Cond: ((id >= 2047931) AND (id <= 2048930))

for: simple_ranges
table 1 : explain SELECT c FROM sbtest1 WHERE id BETWEEN 5676357 AND 5677356
	Bitmap Heap Scan on sbtest1  (cost=34.22..3709.77 rows=955 width=121)
	  Recheck Cond: ((id >= 5676357) AND (id <= 5677356))
	  ->  Bitmap Index Scan on sbtest1_pkey  (cost=0.00..33.98 rows=955 width=0)
	        Index Cond: ((id >= 5676357) AND (id <= 5677356))

table 2 : explain SELECT c FROM sbtest2 WHERE id BETWEEN 5828650 AND 5829649
	Bitmap Heap Scan on sbtest2  (cost=35.22..4069.68 rows=1052 width=121)
	  Recheck Cond: ((id >= 5828650) AND (id <= 5829649))
	  ->  Bitmap Index Scan on sbtest2_pkey  (cost=0.00..34.95 rows=1052 width=0)
	        Index Cond: ((id >= 5828650) AND (id <= 5829649))

table 3 : explain SELECT c FROM sbtest3 WHERE id BETWEEN 8313500 AND 8314499
	Bitmap Heap Scan on sbtest3  (cost=34.95..3971.52 rows=1026 width=121)
	  Recheck Cond: ((id >= 8313500) AND (id <= 8314499))
	  ->  Bitmap Index Scan on sbtest3_pkey  (cost=0.00..34.70 rows=1026 width=0)
	        Index Cond: ((id >= 8313500) AND (id <= 8314499))

table 4 : explain SELECT c FROM sbtest4 WHERE id BETWEEN 9688787 AND 9689786
	Bitmap Heap Scan on sbtest4  (cost=34.76..3901.38 rows=1007 width=121)
	  Recheck Cond: ((id >= 9688787) AND (id <= 9689786))
	  ->  Bitmap Index Scan on sbtest4_pkey  (cost=0.00..34.51 rows=1007 width=0)
	        Index Cond: ((id >= 9688787) AND (id <= 9689786))

table 5 : explain SELECT c FROM sbtest5 WHERE id BETWEEN 3431581 AND 3432580
	Bitmap Heap Scan on sbtest5  (cost=35.38..4132.50 rows=1068 width=121)
	  Recheck Cond: ((id >= 3431581) AND (id <= 3432580))
	  ->  Bitmap Index Scan on sbtest5_pkey  (cost=0.00..35.12 rows=1068 width=0)
	        Index Cond: ((id >= 3431581) AND (id <= 3432580))

table 6 : explain SELECT c FROM sbtest6 WHERE id BETWEEN 7326552 AND 7327551
	Bitmap Heap Scan on sbtest6  (cost=29.64..3485.95 rows=898 width=121)
	  Recheck Cond: ((id >= 7326552) AND (id <= 7327551))
	  ->  Bitmap Index Scan on sbtest6_pkey  (cost=0.00..29.41 rows=898 width=0)
	        Index Cond: ((id >= 7326552) AND (id <= 7327551))

table 7 : explain SELECT c FROM sbtest7 WHERE id BETWEEN 2637320 AND 2638319
	Bitmap Heap Scan on sbtest7  (cost=34.77..3906.12 rows=1008 width=121)
	  Recheck Cond: ((id >= 2637320) AND (id <= 2638319))
	  ->  Bitmap Index Scan on sbtest7_pkey  (cost=0.00..34.52 rows=1008 width=0)
	        Index Cond: ((id >= 2637320) AND (id <= 2638319))

table 8 : explain SELECT c FROM sbtest8 WHERE id BETWEEN 3813009 AND 3814008
	Bitmap Heap Scan on sbtest8  (cost=35.34..4117.59 rows=1064 width=121)
	  Recheck Cond: ((id >= 3813009) AND (id <= 3814008))
	  ->  Bitmap Index Scan on sbtest8_pkey  (cost=0.00..35.08 rows=1064 width=0)
	        Index Cond: ((id >= 3813009) AND (id <= 3814008))

for: order_ranges
table 1 : explain SELECT c FROM sbtest1 WHERE id BETWEEN 2055063 AND 2056062 ORDER BY c
	Sort  (cost=4167.09..4169.75 rows=1062 width=121)
	  Sort Key: c
	  ->  Bitmap Heap Scan on sbtest1  (cost=35.32..4113.71 rows=1062 width=121)
	        Recheck Cond: ((id >= 2055063) AND (id <= 2056062))
	        ->  Bitmap Index Scan on sbtest1_pkey  (cost=0.00..35.06 rows=1062 width=0)
	              Index Cond: ((id >= 2055063) AND (id <= 2056062))

table 2 : explain SELECT c FROM sbtest2 WHERE id BETWEEN 9835256 AND 9836255 ORDER BY c
	Sort  (cost=3984.95..3987.49 rows=1016 width=121)
	  Sort Key: c
	  ->  Bitmap Heap Scan on sbtest2  (cost=34.85..3934.21 rows=1016 width=121)
	        Recheck Cond: ((id >= 9835256) AND (id <= 9836255))
	        ->  Bitmap Index Scan on sbtest2_pkey  (cost=0.00..34.59 rows=1016 width=0)
	              Index Cond: ((id >= 9835256) AND (id <= 9836255))

table 3 : explain SELECT c FROM sbtest3 WHERE id BETWEEN 7243587 AND 7244586 ORDER BY c
	Sort  (cost=3889.03..3891.51 rows=991 width=121)
	  Sort Key: c
	  ->  Bitmap Heap Scan on sbtest3  (cost=34.59..3839.72 rows=991 width=121)
	        Recheck Cond: ((id >= 7243587) AND (id <= 7244586))
	        ->  Bitmap Index Scan on sbtest3_pkey  (cost=0.00..34.34 rows=991 width=0)
	              Index Cond: ((id >= 7243587) AND (id <= 7244586))

table 4 : explain SELECT c FROM sbtest4 WHERE id BETWEEN 749778 AND 750777 ORDER BY c
	Sort  (cost=3832.97..3835.41 rows=976 width=121)
	  Sort Key: c
	  ->  Bitmap Heap Scan on sbtest4  (cost=34.44..3784.51 rows=976 width=121)
	        Recheck Cond: ((id >= 749778) AND (id <= 750777))
	        ->  Bitmap Index Scan on sbtest4_pkey  (cost=0.00..34.20 rows=976 width=0)
	              Index Cond: ((id >= 749778) AND (id <= 750777))

table 5 : explain SELECT c FROM sbtest5 WHERE id BETWEEN 4230076 AND 4231075 ORDER BY c
	Sort  (cost=3991.25..3993.79 rows=1017 width=121)
	  Sort Key: c
	  ->  Bitmap Heap Scan on sbtest5  (cost=34.86..3940.45 rows=1017 width=121)
	        Recheck Cond: ((id >= 4230076) AND (id <= 4231075))
	        ->  Bitmap Index Scan on sbtest5_pkey  (cost=0.00..34.61 rows=1017 width=0)
	              Index Cond: ((id >= 4230076) AND (id <= 4231075))

table 6 : explain SELECT c FROM sbtest6 WHERE id BETWEEN 1790228 AND 1791227 ORDER BY c
	Sort  (cost=4230.61..4233.31 rows=1080 width=121)
	  Sort Key: c
	  ->  Bitmap Heap Scan on sbtest6  (cost=35.51..4176.20 rows=1080 width=121)
	        Recheck Cond: ((id >= 1790228) AND (id <= 1791227))
	        ->  Bitmap Index Scan on sbtest6_pkey  (cost=0.00..35.23 rows=1080 width=0)
	              Index Cond: ((id >= 1790228) AND (id <= 1791227))

table 7 : explain SELECT c FROM sbtest7 WHERE id BETWEEN 8032047 AND 8033046 ORDER BY c
	Sort  (cost=4021.44..4024.00 rows=1025 width=121)
	  Sort Key: c
	  ->  Bitmap Heap Scan on sbtest7  (cost=34.94..3970.18 rows=1025 width=121)
	        Recheck Cond: ((id >= 8032047) AND (id <= 8033046))
	        ->  Bitmap Index Scan on sbtest7_pkey  (cost=0.00..34.69 rows=1025 width=0)
	              Index Cond: ((id >= 8032047) AND (id <= 8033046))

table 8 : explain SELECT c FROM sbtest8 WHERE id BETWEEN 8256349 AND 8257348 ORDER BY c
	Sort  (cost=3830.57..3833.01 rows=975 width=121)
	  Sort Key: c
	  ->  Bitmap Heap Scan on sbtest8  (cost=34.43..3782.17 rows=975 width=121)
	        Recheck Cond: ((id >= 8256349) AND (id <= 8257348))
	        ->  Bitmap Index Scan on sbtest8_pkey  (cost=0.00..34.19 rows=975 width=0)
	              Index Cond: ((id >= 8256349) AND (id <= 8257348))

for: simple_ranges
table 1 : explain SELECT c FROM sbtest1 WHERE id BETWEEN 4514177 AND 4515176
	Bitmap Heap Scan on sbtest1  (cost=34.34..3751.36 rows=966 width=121)
	  Recheck Cond: ((id >= 4514177) AND (id <= 4515176))
	  ->  Bitmap Index Scan on sbtest1_pkey  (cost=0.00..34.09 rows=966 width=0)
	        Index Cond: ((id >= 4514177) AND (id <= 4515176))

table 2 : explain SELECT c FROM sbtest2 WHERE id BETWEEN 5122390 AND 5123389
	Bitmap Heap Scan on sbtest2  (cost=33.97..3609.91 rows=930 width=121)
	  Recheck Cond: ((id >= 5122390) AND (id <= 5123389))
	  ->  Bitmap Index Scan on sbtest2_pkey  (cost=0.00..33.73 rows=930 width=0)
	        Index Cond: ((id >= 5122390) AND (id <= 5123389))

table 3 : explain SELECT c FROM sbtest3 WHERE id BETWEEN 9793511 AND 9794510
	Bitmap Heap Scan on sbtest3  (cost=34.24..3711.53 rows=957 width=121)
	  Recheck Cond: ((id >= 9793511) AND (id <= 9794510))
	  ->  Bitmap Index Scan on sbtest3_pkey  (cost=0.00..34.01 rows=957 width=0)
	        Index Cond: ((id >= 9793511) AND (id <= 9794510))

table 4 : explain SELECT c FROM sbtest4 WHERE id BETWEEN 100174 AND 101173
	Bitmap Heap Scan on sbtest4  (cost=33.93..3595.74 rows=926 width=121)
	  Recheck Cond: ((id >= 100174) AND (id <= 101173))
	  ->  Bitmap Index Scan on sbtest4_pkey  (cost=0.00..33.70 rows=926 width=0)
	        Index Cond: ((id >= 100174) AND (id <= 101173))

table 5 : explain SELECT c FROM sbtest5 WHERE id BETWEEN 3156523 AND 3157522
	Bitmap Heap Scan on sbtest5  (cost=34.88..3947.99 rows=1019 width=121)
	  Recheck Cond: ((id >= 3156523) AND (id <= 3157522))
	  ->  Bitmap Index Scan on sbtest5_pkey  (cost=0.00..34.62 rows=1019 width=0)
	        Index Cond: ((id >= 3156523) AND (id <= 3157522))

table 6 : explain SELECT c FROM sbtest6 WHERE id BETWEEN 1798192 AND 1799191
	Bitmap Heap Scan on sbtest6  (cost=35.51..4176.20 rows=1080 width=121)
	  Recheck Cond: ((id >= 1798192) AND (id <= 1799191))
	  ->  Bitmap Index Scan on sbtest6_pkey  (cost=0.00..35.23 rows=1080 width=0)
	        Index Cond: ((id >= 1798192) AND (id <= 1799191))

table 7 : explain SELECT c FROM sbtest7 WHERE id BETWEEN 645732 AND 646731
	Bitmap Heap Scan on sbtest7  (cost=34.45..3789.21 rows=977 width=121)
	  Recheck Cond: ((id >= 645732) AND (id <= 646731))
	  ->  Bitmap Index Scan on sbtest7_pkey  (cost=0.00..34.20 rows=977 width=0)
	        Index Cond: ((id >= 645732) AND (id <= 646731))

table 8 : explain SELECT c FROM sbtest8 WHERE id BETWEEN 8676089 AND 8677088
	Bitmap Heap Scan on sbtest8  (cost=30.05..3638.43 rows=938 width=121)
	  Recheck Cond: ((id >= 8676089) AND (id <= 8677088))
	  ->  Bitmap Index Scan on sbtest8_pkey  (cost=0.00..29.82 rows=938 width=0)
	        Index Cond: ((id >= 8676089) AND (id <= 8677088))

for: order_ranges
table 1 : explain SELECT c FROM sbtest1 WHERE id BETWEEN 7714028 AND 7715027 ORDER BY c
	Sort  (cost=3933.49..3935.99 rows=1001 width=121)
	  Sort Key: c
	  ->  Bitmap Heap Scan on sbtest1  (cost=34.70..3883.60 rows=1001 width=121)
	        Recheck Cond: ((id >= 7714028) AND (id <= 7715027))
	        ->  Bitmap Index Scan on sbtest1_pkey  (cost=0.00..34.45 rows=1001 width=0)
	              Index Cond: ((id >= 7714028) AND (id <= 7715027))

table 2 : explain SELECT c FROM sbtest2 WHERE id BETWEEN 5151785 AND 5152784 ORDER BY c
	Sort  (cost=3655.77..3658.09 rows=930 width=121)
	  Sort Key: c
	  ->  Bitmap Heap Scan on sbtest2  (cost=33.97..3609.91 rows=930 width=121)
	        Recheck Cond: ((id >= 5151785) AND (id <= 5152784))
	        ->  Bitmap Index Scan on sbtest2_pkey  (cost=0.00..33.73 rows=930 width=0)
	              Index Cond: ((id >= 5151785) AND (id <= 5152784))

table 3 : explain SELECT c FROM sbtest3 WHERE id BETWEEN 5193359 AND 5194358 ORDER BY c
	Sort  (cost=3965.51..3968.04 rows=1011 width=121)
	  Sort Key: c
	  ->  Bitmap Heap Scan on sbtest3  (cost=34.80..3915.05 rows=1011 width=121)
	        Recheck Cond: ((id >= 5193359) AND (id <= 5194358))
	        ->  Bitmap Index Scan on sbtest3_pkey  (cost=0.00..34.55 rows=1011 width=0)
	              Index Cond: ((id >= 5193359) AND (id <= 5194358))

table 4 : explain SELECT c FROM sbtest4 WHERE id BETWEEN 8980270 AND 8981269 ORDER BY c
	Sort  (cost=3656.71..3659.03 rows=930 width=121)
	  Sort Key: c
	  ->  Bitmap Heap Scan on sbtest4  (cost=33.97..3610.85 rows=930 width=121)
	        Recheck Cond: ((id >= 8980270) AND (id <= 8981269))
	        ->  Bitmap Index Scan on sbtest4_pkey  (cost=0.00..33.73 rows=930 width=0)
	              Index Cond: ((id >= 8980270) AND (id <= 8981269))

table 5 : explain SELECT c FROM sbtest5 WHERE id BETWEEN 2062079 AND 2063078 ORDER BY c
	Sort  (cost=3638.58..3640.90 rows=926 width=121)
	  Sort Key: c
	  ->  Bitmap Heap Scan on sbtest5  (cost=29.93..3592.96 rows=926 width=121)
	        Recheck Cond: ((id >= 2062079) AND (id <= 2063078))
	        ->  Bitmap Index Scan on sbtest5_pkey  (cost=0.00..29.69 rows=926 width=0)
	              Index Cond: ((id >= 2062079) AND (id <= 2063078))

table 6 : explain SELECT c FROM sbtest6 WHERE id BETWEEN 6989971 AND 6990970 ORDER BY c
	Sort  (cost=4207.71..4210.40 rows=1074 width=121)
	  Sort Key: c
	  ->  Bitmap Heap Scan on sbtest6  (cost=35.44..4153.64 rows=1074 width=121)
	        Recheck Cond: ((id >= 6989971) AND (id <= 6990970))
	        ->  Bitmap Index Scan on sbtest6_pkey  (cost=0.00..35.18 rows=1074 width=0)
	              Index Cond: ((id >= 6989971) AND (id <= 6990970))

table 7 : explain SELECT c FROM sbtest7 WHERE id BETWEEN 5508322 AND 5509321 ORDER BY c
	Sort  (cost=4113.19..4115.81 rows=1049 width=121)
	  Sort Key: c
	  ->  Bitmap Heap Scan on sbtest7  (cost=35.19..4060.56 rows=1049 width=121)
	        Recheck Cond: ((id >= 5508322) AND (id <= 5509321))
	        ->  Bitmap Index Scan on sbtest7_pkey  (cost=0.00..34.93 rows=1049 width=0)
	              Index Cond: ((id >= 5508322) AND (id <= 5509321))

table 8 : explain SELECT c FROM sbtest8 WHERE id BETWEEN 1288285 AND 1289284 ORDER BY c
	Sort  (cost=3784.59..3787.00 rows=963 width=121)
	  Sort Key: c
	  ->  Bitmap Heap Scan on sbtest8  (cost=34.31..3736.87 rows=963 width=121)
	        Recheck Cond: ((id >= 1288285) AND (id <= 1289284))
	        ->  Bitmap Index Scan on sbtest8_pkey  (cost=0.00..34.07 rows=963 width=0)
	              Index Cond: ((id >= 1288285) AND (id <= 1289284))

for: order_ranges
table 1 : explain SELECT c FROM sbtest1 WHERE id BETWEEN 1310093 AND 1311092 ORDER BY c
	Sort  (cost=3833.79..3836.22 rows=975 width=121)
	  Sort Key: c
	  ->  Bitmap Heap Scan on sbtest1  (cost=34.43..3785.38 rows=975 width=121)
	        Recheck Cond: ((id >= 1310093) AND (id <= 1311092))
	        ->  Bitmap Index Scan on sbtest1_pkey  (cost=0.00..34.19 rows=975 width=0)
	              Index Cond: ((id >= 1310093) AND (id <= 1311092))

table 2 : explain SELECT c FROM sbtest2 WHERE id BETWEEN 458342 AND 459341 ORDER BY c
	Sort  (cost=4057.56..4060.15 rows=1035 width=121)
	  Sort Key: c
	  ->  Bitmap Heap Scan on sbtest2  (cost=35.04..4005.73 rows=1035 width=121)
	        Recheck Cond: ((id >= 458342) AND (id <= 459341))
	        ->  Bitmap Index Scan on sbtest2_pkey  (cost=0.00..34.79 rows=1035 width=0)
	              Index Cond: ((id >= 458342) AND (id <= 459341))

table 3 : explain SELECT c FROM sbtest3 WHERE id BETWEEN 7084357 AND 7085356 ORDER BY c
	Sort  (cost=3850.78..3853.23 rows=981 width=121)
	  Sort Key: c
	  ->  Bitmap Heap Scan on sbtest3  (cost=34.49..3802.03 rows=981 width=121)
	        Recheck Cond: ((id >= 7084357) AND (id <= 7085356))
	        ->  Bitmap Index Scan on sbtest3_pkey  (cost=0.00..34.25 rows=981 width=0)
	              Index Cond: ((id >= 7084357) AND (id <= 7085356))

table 4 : explain SELECT c FROM sbtest4 WHERE id BETWEEN 8435125 AND 8436124 ORDER BY c
	Sort  (cost=4112.16..4114.78 rows=1049 width=121)
	  Sort Key: c
	  ->  Bitmap Heap Scan on sbtest4  (cost=35.19..4059.52 rows=1049 width=121)
	        Recheck Cond: ((id >= 8435125) AND (id <= 8436124))
	        ->  Bitmap Index Scan on sbtest4_pkey  (cost=0.00..34.93 rows=1049 width=0)
	              Index Cond: ((id >= 8435125) AND (id <= 8436124))

table 5 : explain SELECT c FROM sbtest5 WHERE id BETWEEN 6226810 AND 6227809 ORDER BY c
	Sort  (cost=4105.98..4108.60 rows=1047 width=121)
	  Sort Key: c
	  ->  Bitmap Heap Scan on sbtest5  (cost=35.17..4053.46 rows=1047 width=121)
	        Recheck Cond: ((id >= 6226810) AND (id <= 6227809))
	        ->  Bitmap Index Scan on sbtest5_pkey  (cost=0.00..34.91 rows=1047 width=0)
	              Index Cond: ((id >= 6226810) AND (id <= 6227809))

table 6 : explain SELECT c FROM sbtest6 WHERE id BETWEEN 5886863 AND 5887862 ORDER BY c
	Sort  (cost=3913.43..3915.92 rows=997 width=121)
	  Sort Key: c
	  ->  Bitmap Heap Scan on sbtest6  (cost=34.65..3863.77 rows=997 width=121)
	        Recheck Cond: ((id >= 5886863) AND (id <= 5887862))
	        ->  Bitmap Index Scan on sbtest6_pkey  (cost=0.00..34.41 rows=997 width=0)
	              Index Cond: ((id >= 5886863) AND (id <= 5887862))

table 7 : explain SELECT c FROM sbtest7 WHERE id BETWEEN 498390 AND 499389 ORDER BY c
	Sort  (cost=3868.36..3870.83 rows=985 width=121)
	  Sort Key: c
	  ->  Bitmap Heap Scan on sbtest7  (cost=34.53..3819.39 rows=985 width=121)
	        Recheck Cond: ((id >= 498390) AND (id <= 499389))
	        ->  Bitmap Index Scan on sbtest7_pkey  (cost=0.00..34.29 rows=985 width=0)
	              Index Cond: ((id >= 498390) AND (id <= 499389))

table 8 : explain SELECT c FROM sbtest8 WHERE id BETWEEN 5430401 AND 5431400 ORDER BY c
	Sort  (cost=3792.26..3794.67 rows=965 width=121)
	  Sort Key: c
	  ->  Bitmap Heap Scan on sbtest8  (cost=34.33..3744.42 rows=965 width=121)
	        Recheck Cond: ((id >= 5430401) AND (id <= 5431400))
	        ->  Bitmap Index Scan on sbtest8_pkey  (cost=0.00..34.09 rows=965 width=0)
	              Index Cond: ((id >= 5430401) AND (id <= 5431400))

for: simple_ranges
table 1 : explain SELECT c FROM sbtest1 WHERE id BETWEEN 4974546 AND 4975545
	Bitmap Heap Scan on sbtest1  (cost=40.16..4422.60 rows=1144 width=121)
	  Recheck Cond: ((id >= 4974546) AND (id <= 4975545))
	  ->  Bitmap Index Scan on sbtest1_pkey  (cost=0.00..39.88 rows=1144 width=0)
	        Index Cond: ((id >= 4974546) AND (id <= 4975545))

table 2 : explain SELECT c FROM sbtest2 WHERE id BETWEEN 8600897 AND 8601896
	Bitmap Heap Scan on sbtest2  (cost=29.89..3575.69 rows=922 width=121)
	  Recheck Cond: ((id >= 8600897) AND (id <= 8601896))
	  ->  Bitmap Index Scan on sbtest2_pkey  (cost=0.00..29.65 rows=922 width=0)
	        Index Cond: ((id >= 8600897) AND (id <= 8601896))

table 3 : explain SELECT c FROM sbtest3 WHERE id BETWEEN 9819801 AND 9820800
	Bitmap Heap Scan on sbtest3  (cost=34.24..3711.53 rows=957 width=121)
	  Recheck Cond: ((id >= 9819801) AND (id <= 9820800))
	  ->  Bitmap Index Scan on sbtest3_pkey  (cost=0.00..34.01 rows=957 width=0)
	        Index Cond: ((id >= 9819801) AND (id <= 9820800))

table 4 : explain SELECT c FROM sbtest4 WHERE id BETWEEN 12886 AND 13885
	Bitmap Heap Scan on sbtest4  (cost=33.93..3595.74 rows=926 width=121)
	  Recheck Cond: ((id >= 12886) AND (id <= 13885))
	  ->  Bitmap Index Scan on sbtest4_pkey  (cost=0.00..33.70 rows=926 width=0)
	        Index Cond: ((id >= 12886) AND (id <= 13885))

table 5 : explain SELECT c FROM sbtest5 WHERE id BETWEEN 6641528 AND 6642527
	Bitmap Heap Scan on sbtest5  (cost=34.96..3978.14 rows=1027 width=121)
	  Recheck Cond: ((id >= 6641528) AND (id <= 6642527))
	  ->  Bitmap Index Scan on sbtest5_pkey  (cost=0.00..34.70 rows=1027 width=0)
	        Index Cond: ((id >= 6641528) AND (id <= 6642527))

table 6 : explain SELECT c FROM sbtest6 WHERE id BETWEEN 2434013 AND 2435012
	Bitmap Heap Scan on sbtest6  (cost=34.53..3818.53 rows=985 width=121)
	  Recheck Cond: ((id >= 2434013) AND (id <= 2435012))
	  ->  Bitmap Index Scan on sbtest6_pkey  (cost=0.00..34.29 rows=985 width=0)
	        Index Cond: ((id >= 2434013) AND (id <= 2435012))

table 7 : explain SELECT c FROM sbtest7 WHERE id BETWEEN 6899071 AND 6900070
	Bitmap Heap Scan on sbtest7  (cost=29.90..3581.26 rows=923 width=121)
	  Recheck Cond: ((id >= 6899071) AND (id <= 6900070))
	  ->  Bitmap Index Scan on sbtest7_pkey  (cost=0.00..29.66 rows=923 width=0)
	        Index Cond: ((id >= 6899071) AND (id <= 6900070))

table 8 : explain SELECT c FROM sbtest8 WHERE id BETWEEN 5069536 AND 5070535
	Bitmap Heap Scan on sbtest8  (cost=35.66..4234.19 rows=1095 width=121)
	  Recheck Cond: ((id >= 5069536) AND (id <= 5070535))
	  ->  Bitmap Index Scan on sbtest8_pkey  (cost=0.00..35.39 rows=1095 width=0)
	        Index Cond: ((id >= 5069536) AND (id <= 5070535))

for: distinct_ranges
table 1 : explain SELECT DISTINCT c FROM sbtest1 WHERE id BETWEEN 8414724 AND 8415723 ORDER BY c
	Unique  (cost=3603.24..3607.82 rows=916 width=121)
	  ->  Sort  (cost=3603.24..3605.53 rows=916 width=121)
	        Sort Key: c
	        ->  Bitmap Heap Scan on sbtest1  (cost=29.82..3558.18 rows=916 width=121)
	              Recheck Cond: ((id >= 8414724) AND (id <= 8415723))
	              ->  Bitmap Index Scan on sbtest1_pkey  (cost=0.00..29.59 rows=916 width=0)
	                    Index Cond: ((id >= 8414724) AND (id <= 8415723))

table 2 : explain SELECT DISTINCT c FROM sbtest2 WHERE id BETWEEN 4201500 AND 4202499 ORDER BY c
	Unique  (cost=3774.53..3779.34 rows=961 width=121)
	  ->  Sort  (cost=3774.53..3776.93 rows=961 width=121)
	        Sort Key: c
	        ->  Bitmap Heap Scan on sbtest2  (cost=34.29..3726.92 rows=961 width=121)
	              Recheck Cond: ((id >= 4201500) AND (id <= 4202499))
	              ->  Bitmap Index Scan on sbtest2_pkey  (cost=0.00..34.05 rows=961 width=0)
	                    Index Cond: ((id >= 4201500) AND (id <= 4202499))

table 3 : explain SELECT DISTINCT c FROM sbtest3 WHERE id BETWEEN 8830274 AND 8831273 ORDER BY c
	Unique  (cost=3954.04..3959.08 rows=1008 width=121)
	  ->  Sort  (cost=3954.04..3956.56 rows=1008 width=121)
	        Sort Key: c
	        ->  Bitmap Heap Scan on sbtest3  (cost=34.77..3903.76 rows=1008 width=121)
	              Recheck Cond: ((id >= 8830274) AND (id <= 8831273))
	              ->  Bitmap Index Scan on sbtest3_pkey  (cost=0.00..34.52 rows=1008 width=0)
	                    Index Cond: ((id >= 8830274) AND (id <= 8831273))

table 4 : explain SELECT DISTINCT c FROM sbtest4 WHERE id BETWEEN 3251825 AND 3252824 ORDER BY c
	Unique  (cost=4020.44..4025.56 rows=1025 width=121)
	  ->  Sort  (cost=4020.44..4023.00 rows=1025 width=121)
	        Sort Key: c
	        ->  Bitmap Heap Scan on sbtest4  (cost=34.94..3969.18 rows=1025 width=121)
	              Recheck Cond: ((id >= 3251825) AND (id <= 3252824))
	              ->  Bitmap Index Scan on sbtest4_pkey  (cost=0.00..34.69 rows=1025 width=0)
	                    Index Cond: ((id >= 3251825) AND (id <= 3252824))

table 5 : explain SELECT DISTINCT c FROM sbtest5 WHERE id BETWEEN 9815799 AND 9816798 ORDER BY c
	Unique  (cost=4002.73..4007.83 rows=1020 width=121)
	  ->  Sort  (cost=4002.73..4005.28 rows=1020 width=121)
	        Sort Key: c
	        ->  Bitmap Heap Scan on sbtest5  (cost=34.89..3951.76 rows=1020 width=121)
	              Recheck Cond: ((id >= 9815799) AND (id <= 9816798))
	              ->  Bitmap Index Scan on sbtest5_pkey  (cost=0.00..34.64 rows=1020 width=0)
	                    Index Cond: ((id >= 9815799) AND (id <= 9816798))

table 6 : explain SELECT DISTINCT c FROM sbtest6 WHERE id BETWEEN 9333390 AND 9334389 ORDER BY c
	Unique  (cost=3825.39..3830.26 rows=974 width=121)
	  ->  Sort  (cost=3825.39..3827.82 rows=974 width=121)
	        Sort Key: c
	        ->  Bitmap Heap Scan on sbtest6  (cost=34.42..3777.04 rows=974 width=121)
	              Recheck Cond: ((id >= 9333390) AND (id <= 9334389))
	              ->  Bitmap Index Scan on sbtest6_pkey  (cost=0.00..34.18 rows=974 width=0)
	                    Index Cond: ((id >= 9333390) AND (id <= 9334389))

table 7 : explain SELECT DISTINCT c FROM sbtest7 WHERE id BETWEEN 1204999 AND 1205998 ORDER BY c
	Unique  (cost=4040.56..4045.71 rows=1030 width=121)
	  ->  Sort  (cost=4040.56..4043.13 rows=1030 width=121)
	        Sort Key: c
	        ->  Bitmap Heap Scan on sbtest7  (cost=34.99..3989.01 rows=1030 width=121)
	              Recheck Cond: ((id >= 1204999) AND (id <= 1205998))
	              ->  Bitmap Index Scan on sbtest7_pkey  (cost=0.00..34.73 rows=1030 width=0)
	                    Index Cond: ((id >= 1204999) AND (id <= 1205998))

table 8 : explain SELECT DISTINCT c FROM sbtest8 WHERE id BETWEEN 1279279 AND 1280278 ORDER BY c
	Unique  (cost=3784.59..3789.41 rows=963 width=121)
	  ->  Sort  (cost=3784.59..3787.00 rows=963 width=121)
	        Sort Key: c
	        ->  Bitmap Heap Scan on sbtest8  (cost=34.31..3736.87 rows=963 width=121)
	              Recheck Cond: ((id >= 1279279) AND (id <= 1280278))
	              ->  Bitmap Index Scan on sbtest8_pkey  (cost=0.00..34.07 rows=963 width=0)
	                    Index Cond: ((id >= 1279279) AND (id <= 1280278))

for: order_ranges
table 1 : explain SELECT c FROM sbtest1 WHERE id BETWEEN 9025983 AND 9026982 ORDER BY c
	Sort  (cost=3703.29..3705.64 rows=941 width=121)
	  Sort Key: c
	  ->  Bitmap Heap Scan on sbtest1  (cost=34.08..3656.81 rows=941 width=121)
	        Recheck Cond: ((id >= 9025983) AND (id <= 9026982))
	        ->  Bitmap Index Scan on sbtest1_pkey  (cost=0.00..33.84 rows=941 width=0)
	              Index Cond: ((id >= 9025983) AND (id <= 9026982))

table 2 : explain SELECT c FROM sbtest2 WHERE id BETWEEN 7688018 AND 7689017 ORDER BY c
	Sort  (cost=4133.94..4136.58 rows=1055 width=121)
	  Sort Key: c
	  ->  Bitmap Heap Scan on sbtest2  (cost=35.25..4080.96 rows=1055 width=121)
	        Recheck Cond: ((id >= 7688018) AND (id <= 7689017))
	        ->  Bitmap Index Scan on sbtest2_pkey  (cost=0.00..34.98 rows=1055 width=0)
	              Index Cond: ((id >= 7688018) AND (id <= 7689017))

table 3 : explain SELECT c FROM sbtest3 WHERE id BETWEEN 4576051 AND 4577050 ORDER BY c
	Sort  (cost=4145.04..4147.68 rows=1058 width=121)
	  Sort Key: c
	  ->  Bitmap Heap Scan on sbtest3  (cost=35.28..4091.89 rows=1058 width=121)
	        Recheck Cond: ((id >= 4576051) AND (id <= 4577050))
	        ->  Bitmap Index Scan on sbtest3_pkey  (cost=0.00..35.02 rows=1058 width=0)
	              Index Cond: ((id >= 4576051) AND (id <= 4577050))

table 4 : explain SELECT c FROM sbtest4 WHERE id BETWEEN 3377365 AND 3378364 ORDER BY c
	Sort  (cost=3829.14..3831.58 rows=975 width=121)
	  Sort Key: c
	  ->  Bitmap Heap Scan on sbtest4  (cost=34.43..3780.73 rows=975 width=121)
	        Recheck Cond: ((id >= 3377365) AND (id <= 3378364))
	        ->  Bitmap Index Scan on sbtest4_pkey  (cost=0.00..34.19 rows=975 width=0)
	              Index Cond: ((id >= 3377365) AND (id <= 3378364))

table 5 : explain SELECT c FROM sbtest5 WHERE id BETWEEN 3428904 AND 3429903 ORDER BY c
	Sort  (cost=4186.23..4188.90 rows=1068 width=121)
	  Sort Key: c
	  ->  Bitmap Heap Scan on sbtest5  (cost=35.38..4132.50 rows=1068 width=121)
	        Recheck Cond: ((id >= 3428904) AND (id <= 3429903))
	        ->  Bitmap Index Scan on sbtest5_pkey  (cost=0.00..35.12 rows=1068 width=0)
	              Index Cond: ((id >= 3428904) AND (id <= 3429903))

table 6 : explain SELECT c FROM sbtest6 WHERE id BETWEEN 5253426 AND 5254425 ORDER BY c
	Sort  (cost=3944.03..3946.55 rows=1005 width=121)
	  Sort Key: c
	  ->  Bitmap Heap Scan on sbtest6  (cost=34.74..3893.92 rows=1005 width=121)
	        Recheck Cond: ((id >= 5253426) AND (id <= 5254425))
	        ->  Bitmap Index Scan on sbtest6_pkey  (cost=0.00..34.48 rows=1005 width=0)
	              Index Cond: ((id >= 5253426) AND (id <= 5254425))

table 7 : explain SELECT c FROM sbtest7 WHERE id BETWEEN 1784107 AND 1785106 ORDER BY c
	Sort  (cost=3665.08..3667.41 rows=933 width=121)
	  Sort Key: c
	  ->  Bitmap Heap Scan on sbtest7  (cost=30.00..3619.05 rows=933 width=121)
	        Recheck Cond: ((id >= 1784107) AND (id <= 1785106))
	        ->  Bitmap Index Scan on sbtest7_pkey  (cost=0.00..29.76 rows=933 width=0)
	              Index Cond: ((id >= 1784107) AND (id <= 1785106))

table 8 : explain SELECT c FROM sbtest8 WHERE id BETWEEN 7517022 AND 7518021 ORDER BY c
	Sort  (cost=4021.99..4024.55 rows=1025 width=121)
	  Sort Key: c
	  ->  Bitmap Heap Scan on sbtest8  (cost=34.94..3970.73 rows=1025 width=121)
	        Recheck Cond: ((id >= 7517022) AND (id <= 7518021))
	        ->  Bitmap Index Scan on sbtest8_pkey  (cost=0.00..34.69 rows=1025 width=0)
	              Index Cond: ((id >= 7517022) AND (id <= 7518021))

for point_selects
table 1 : explain SELECT c FROM sbtest1 WHERE id=806090
	Index Scan using sbtest1_pkey on sbtest1  (cost=0.43..8.45 rows=1 width=121)
	  Index Cond: (id = 806090)

table 2 : explain SELECT c FROM sbtest2 WHERE id=6161482
	Index Scan using sbtest2_pkey on sbtest2  (cost=0.43..8.45 rows=1 width=121)
	  Index Cond: (id = 6161482)

table 3 : explain SELECT c FROM sbtest3 WHERE id=5782658
	Index Scan using sbtest3_pkey on sbtest3  (cost=0.43..8.45 rows=1 width=121)
	  Index Cond: (id = 5782658)

table 4 : explain SELECT c FROM sbtest4 WHERE id=3586258
	Index Scan using sbtest4_pkey on sbtest4  (cost=0.43..8.45 rows=1 width=121)
	  Index Cond: (id = 3586258)

table 5 : explain SELECT c FROM sbtest5 WHERE id=8532615
	Index Scan using sbtest5_pkey on sbtest5  (cost=0.43..8.45 rows=1 width=121)
	  Index Cond: (id = 8532615)

table 6 : explain SELECT c FROM sbtest6 WHERE id=8076978
	Index Scan using sbtest6_pkey on sbtest6  (cost=0.43..8.45 rows=1 width=121)
	  Index Cond: (id = 8076978)

table 7 : explain SELECT c FROM sbtest7 WHERE id=3449102
	Index Scan using sbtest7_pkey on sbtest7  (cost=0.43..8.45 rows=1 width=121)
	  Index Cond: (id = 3449102)

table 8 : explain SELECT c FROM sbtest8 WHERE id=2169652
	Index Scan using sbtest8_pkey on sbtest8  (cost=0.43..8.45 rows=1 width=121)
	  Index Cond: (id = 2169652)

for: order_ranges
table 1 : explain SELECT c FROM sbtest1 WHERE id BETWEEN 1683413 AND 1684412 ORDER BY c
	Sort  (cost=3530.20..3532.44 rows=897 width=121)
	  Sort Key: c
	  ->  Bitmap Heap Scan on sbtest1  (cost=29.63..3486.20 rows=897 width=121)
	        Recheck Cond: ((id >= 1683413) AND (id <= 1684412))
	        ->  Bitmap Index Scan on sbtest1_pkey  (cost=0.00..29.40 rows=897 width=0)
	              Index Cond: ((id >= 1683413) AND (id <= 1684412))

table 2 : explain SELECT c FROM sbtest2 WHERE id BETWEEN 334087 AND 335086 ORDER BY c
	Sort  (cost=3931.43..3933.93 rows=1002 width=121)
	  Sort Key: c
	  ->  Bitmap Heap Scan on sbtest2  (cost=34.71..3881.48 rows=1002 width=121)
	        Recheck Cond: ((id >= 334087) AND (id <= 335086))
	        ->  Bitmap Index Scan on sbtest2_pkey  (cost=0.00..34.45 rows=1002 width=0)
	              Index Cond: ((id >= 334087) AND (id <= 335086))

table 3 : explain SELECT c FROM sbtest3 WHERE id BETWEEN 4443196 AND 4444195 ORDER BY c
	Sort  (cost=3904.33..3906.82 rows=995 width=121)
	  Sort Key: c
	  ->  Bitmap Heap Scan on sbtest3  (cost=34.63..3854.79 rows=995 width=121)
	        Recheck Cond: ((id >= 4443196) AND (id <= 4444195))
	        ->  Bitmap Index Scan on sbtest3_pkey  (cost=0.00..34.39 rows=995 width=0)
	              Index Cond: ((id >= 4443196) AND (id <= 4444195))

table 4 : explain SELECT c FROM sbtest4 WHERE id BETWEEN 9277843 AND 9278842 ORDER BY c
	Sort  (cost=4028.09..4030.65 rows=1027 width=121)
	  Sort Key: c
	  ->  Bitmap Heap Scan on sbtest4  (cost=34.96..3976.71 rows=1027 width=121)
	        Recheck Cond: ((id >= 9277843) AND (id <= 9278842))
	        ->  Bitmap Index Scan on sbtest4_pkey  (cost=0.00..34.70 rows=1027 width=0)
	              Index Cond: ((id >= 9277843) AND (id <= 9278842))

table 5 : explain SELECT c FROM sbtest5 WHERE id BETWEEN 532227 AND 533226 ORDER BY c
	Sort  (cost=4033.33..4035.90 rows=1028 width=121)
	  Sort Key: c
	  ->  Bitmap Heap Scan on sbtest5  (cost=34.97..3981.90 rows=1028 width=121)
	        Recheck Cond: ((id >= 532227) AND (id <= 533226))
	        ->  Bitmap Index Scan on sbtest5_pkey  (cost=0.00..34.72 rows=1028 width=0)
	              Index Cond: ((id >= 532227) AND (id <= 533226))

table 6 : explain SELECT c FROM sbtest6 WHERE id BETWEEN 33790 AND 34789 ORDER BY c
	Sort  (cost=3970.81..3973.34 rows=1012 width=121)
	  Sort Key: c
	  ->  Bitmap Heap Scan on sbtest6  (cost=34.81..3920.30 rows=1012 width=121)
	        Recheck Cond: ((id >= 33790) AND (id <= 34789))
	        ->  Bitmap Index Scan on sbtest6_pkey  (cost=0.00..34.56 rows=1012 width=0)
	              Index Cond: ((id >= 33790) AND (id <= 34789))

table 7 : explain SELECT c FROM sbtest7 WHERE id BETWEEN 8794548 AND 8795547 ORDER BY c
	Sort  (cost=3964.06..3966.58 rows=1010 width=121)
	  Sort Key: c
	  ->  Bitmap Heap Scan on sbtest7  (cost=34.79..3913.66 rows=1010 width=121)
	        Recheck Cond: ((id >= 8794548) AND (id <= 8795547))
	        ->  Bitmap Index Scan on sbtest7_pkey  (cost=0.00..34.54 rows=1010 width=0)
	              Index Cond: ((id >= 8794548) AND (id <= 8795547))

table 8 : explain SELECT c FROM sbtest8 WHERE id BETWEEN 2658877 AND 2659876 ORDER BY c
	Sort  (cost=3911.00..3913.49 rows=996 width=121)
	  Sort Key: c
	  ->  Bitmap Heap Scan on sbtest8  (cost=34.64..3861.40 rows=996 width=121)
	        Recheck Cond: ((id >= 2658877) AND (id <= 2659876))
	        ->  Bitmap Index Scan on sbtest8_pkey  (cost=0.00..34.40 rows=996 width=0)
	              Index Cond: ((id >= 2658877) AND (id <= 2659876))

for: distinct_ranges
table 1 : explain SELECT DISTINCT c FROM sbtest1 WHERE id BETWEEN 8785879 AND 8786878 ORDER BY c
	Unique  (cost=3856.80..3861.71 rows=981 width=121)
	  ->  Sort  (cost=3856.80..3859.25 rows=981 width=121)
	        Sort Key: c
	        ->  Bitmap Heap Scan on sbtest1  (cost=34.49..3808.05 rows=981 width=121)
	              Recheck Cond: ((id >= 8785879) AND (id <= 8786878))
	              ->  Bitmap Index Scan on sbtest1_pkey  (cost=0.00..34.25 rows=981 width=0)
	                    Index Cond: ((id >= 8785879) AND (id <= 8786878))

table 2 : explain SELECT DISTINCT c FROM sbtest2 WHERE id BETWEEN 4486473 AND 4487472 ORDER BY c
	Unique  (cost=3808.99..3813.84 rows=970 width=121)
	  ->  Sort  (cost=3808.99..3811.41 rows=970 width=121)
	        Sort Key: c
	        ->  Bitmap Heap Scan on sbtest2  (cost=34.38..3760.87 rows=970 width=121)
	              Recheck Cond: ((id >= 4486473) AND (id <= 4487472))
	              ->  Bitmap Index Scan on sbtest2_pkey  (cost=0.00..34.14 rows=970 width=0)
	                    Index Cond: ((id >= 4486473) AND (id <= 4487472))

table 3 : explain SELECT DISTINCT c FROM sbtest3 WHERE id BETWEEN 2796887 AND 2797886 ORDER BY c
	Unique  (cost=3709.12..3713.84 rows=944 width=121)
	  ->  Sort  (cost=3709.12..3711.48 rows=944 width=121)
	        Sort Key: c
	        ->  Bitmap Heap Scan on sbtest3  (cost=34.11..3662.47 rows=944 width=121)
	              Recheck Cond: ((id >= 2796887) AND (id <= 2797886))
	              ->  Bitmap Index Scan on sbtest3_pkey  (cost=0.00..33.88 rows=944 width=0)
	                    Index Cond: ((id >= 2796887) AND (id <= 2797886))

table 4 : explain SELECT DISTINCT c FROM sbtest4 WHERE id BETWEEN 4406011 AND 4407010 ORDER BY c
	Unique  (cost=3752.53..3757.31 rows=955 width=121)
	  ->  Sort  (cost=3752.53..3754.92 rows=955 width=121)
	        Sort Key: c
	        ->  Bitmap Heap Scan on sbtest4  (cost=34.22..3705.26 rows=955 width=121)
	              Recheck Cond: ((id >= 4406011) AND (id <= 4407010))
	              ->  Bitmap Index Scan on sbtest4_pkey  (cost=0.00..33.98 rows=955 width=0)
	                    Index Cond: ((id >= 4406011) AND (id <= 4407010))

table 5 : explain SELECT DISTINCT c FROM sbtest5 WHERE id BETWEEN 9568342 AND 9569341 ORDER BY c
	Unique  (cost=4090.69..4095.90 rows=1043 width=121)
	  ->  Sort  (cost=4090.69..4093.30 rows=1043 width=121)
	        Sort Key: c
	        ->  Bitmap Heap Scan on sbtest5  (cost=35.13..4038.40 rows=1043 width=121)
	              Recheck Cond: ((id >= 9568342) AND (id <= 9569341))
	              ->  Bitmap Index Scan on sbtest5_pkey  (cost=0.00..34.87 rows=1043 width=0)
	                    Index Cond: ((id >= 9568342) AND (id <= 9569341))

table 6 : explain SELECT DISTINCT c FROM sbtest6 WHERE id BETWEEN 5594709 AND 5595708 ORDER BY c
	Unique  (cost=4112.24..4117.49 rows=1049 width=121)
	  ->  Sort  (cost=4112.24..4114.86 rows=1049 width=121)
	        Sort Key: c
	        ->  Bitmap Heap Scan on sbtest6  (cost=35.19..4059.61 rows=1049 width=121)
	              Recheck Cond: ((id >= 5594709) AND (id <= 5595708))
	              ->  Bitmap Index Scan on sbtest6_pkey  (cost=0.00..34.93 rows=1049 width=0)
	                    Index Cond: ((id >= 5594709) AND (id <= 5595708))

table 7 : explain SELECT DISTINCT c FROM sbtest7 WHERE id BETWEEN 9785786 AND 9786785 ORDER BY c
	Unique  (cost=3918.13..3923.12 rows=998 width=121)
	  ->  Sort  (cost=3918.13..3920.63 rows=998 width=121)
	        Sort Key: c
	        ->  Bitmap Heap Scan on sbtest7  (cost=34.66..3868.42 rows=998 width=121)
	              Recheck Cond: ((id >= 9785786) AND (id <= 9786785))
	              ->  Bitmap Index Scan on sbtest7_pkey  (cost=0.00..34.42 rows=998 width=0)
	                    Index Cond: ((id >= 9785786) AND (id <= 9786785))

table 8 : explain SELECT DISTINCT c FROM sbtest8 WHERE id BETWEEN 1065701 AND 1066700 ORDER BY c
	Unique  (cost=3807.58..3812.43 rows=969 width=121)
	  ->  Sort  (cost=3807.58..3810.01 rows=969 width=121)
	        Sort Key: c
	        ->  Bitmap Heap Scan on sbtest8  (cost=34.37..3759.52 rows=969 width=121)
	              Recheck Cond: ((id >= 1065701) AND (id <= 1066700))
	              ->  Bitmap Index Scan on sbtest8_pkey  (cost=0.00..34.12 rows=969 width=0)
	                    Index Cond: ((id >= 1065701) AND (id <= 1066700))

for: order_ranges
table 1 : explain SELECT c FROM sbtest1 WHERE id BETWEEN 2525630 AND 2526629 ORDER BY c
	Sort  (cost=3722.49..3724.85 rows=946 width=121)
	  Sort Key: c
	  ->  Bitmap Heap Scan on sbtest1  (cost=34.13..3675.73 rows=946 width=121)
	        Recheck Cond: ((id >= 2525630) AND (id <= 2526629))
	        ->  Bitmap Index Scan on sbtest1_pkey  (cost=0.00..33.90 rows=946 width=0)
	              Index Cond: ((id >= 2525630) AND (id <= 2526629))

table 2 : explain SELECT c FROM sbtest2 WHERE id BETWEEN 5350703 AND 5351702 ORDER BY c
	Sort  (cost=3996.42..3998.97 rows=1019 width=121)
	  Sort Key: c
	  ->  Bitmap Heap Scan on sbtest2  (cost=34.88..3945.51 rows=1019 width=121)
	        Recheck Cond: ((id >= 5350703) AND (id <= 5351702))
	        ->  Bitmap Index Scan on sbtest2_pkey  (cost=0.00..34.62 rows=1019 width=0)
	              Index Cond: ((id >= 5350703) AND (id <= 5351702))

table 3 : explain SELECT c FROM sbtest3 WHERE id BETWEEN 365226 AND 366225 ORDER BY c
	Sort  (cost=3942.57..3945.09 rows=1005 width=121)
	  Sort Key: c
	  ->  Bitmap Heap Scan on sbtest3  (cost=34.74..3892.46 rows=1005 width=121)
	        Recheck Cond: ((id >= 365226) AND (id <= 366225))
	        ->  Bitmap Index Scan on sbtest3_pkey  (cost=0.00..34.48 rows=1005 width=0)
	              Index Cond: ((id >= 365226) AND (id <= 366225))

table 4 : explain SELECT c FROM sbtest4 WHERE id BETWEEN 6812817 AND 6813816 ORDER BY c
	Sort  (cost=3932.48..3934.98 rows=1002 width=121)
	  Sort Key: c
	  ->  Bitmap Heap Scan on sbtest4  (cost=34.71..3882.54 rows=1002 width=121)
	        Recheck Cond: ((id >= 6812817) AND (id <= 6813816))
	        ->  Bitmap Index Scan on sbtest4_pkey  (cost=0.00..34.45 rows=1002 width=0)
	              Index Cond: ((id >= 6812817) AND (id <= 6813816))

table 5 : explain SELECT c FROM sbtest5 WHERE id BETWEEN 920342 AND 921341 ORDER BY c
	Sort  (cost=3642.42..3644.74 rows=927 width=121)
	  Sort Key: c
	  ->  Bitmap Heap Scan on sbtest5  (cost=29.94..3596.74 rows=927 width=121)
	        Recheck Cond: ((id >= 920342) AND (id <= 921341))
	        ->  Bitmap Index Scan on sbtest5_pkey  (cost=0.00..29.70 rows=927 width=0)
	              Index Cond: ((id >= 920342) AND (id <= 921341))

table 6 : explain SELECT c FROM sbtest6 WHERE id BETWEEN 5774891 AND 5775890 ORDER BY c
	Sort  (cost=4322.18..4324.94 rows=1104 width=121)
	  Sort Key: c
	  ->  Bitmap Heap Scan on sbtest6  (cost=35.75..4266.38 rows=1104 width=121)
	        Recheck Cond: ((id >= 5774891) AND (id <= 5775890))
	        ->  Bitmap Index Scan on sbtest6_pkey  (cost=0.00..35.48 rows=1104 width=0)
	              Index Cond: ((id >= 5774891) AND (id <= 5775890))

table 7 : explain SELECT c FROM sbtest7 WHERE id BETWEEN 6879429 AND 6880428 ORDER BY c
	Sort  (cost=3626.71..3629.02 rows=923 width=121)
	  Sort Key: c
	  ->  Bitmap Heap Scan on sbtest7  (cost=29.90..3581.26 rows=923 width=121)
	        Recheck Cond: ((id >= 6879429) AND (id <= 6880428))
	        ->  Bitmap Index Scan on sbtest7_pkey  (cost=0.00..29.66 rows=923 width=0)
	              Index Cond: ((id >= 6879429) AND (id <= 6880428))

table 8 : explain SELECT c FROM sbtest8 WHERE id BETWEEN 9888616 AND 9889615 ORDER BY c
	Sort  (cost=4106.11..4108.73 rows=1047 width=121)
	  Sort Key: c
	  ->  Bitmap Heap Scan on sbtest8  (cost=35.17..4053.60 rows=1047 width=121)
	        Recheck Cond: ((id >= 9888616) AND (id <= 9889615))
	        ->  Bitmap Index Scan on sbtest8_pkey  (cost=0.00..34.91 rows=1047 width=0)
	              Index Cond: ((id >= 9888616) AND (id <= 9889615))
for: distinct_ranges
table 1 : explain SELECT DISTINCT c FROM sbtest1 WHERE id BETWEEN 3059710 AND 3060709 ORDER BY c
	Unique  (cost=3534.04..3538.53 rows=898 width=121)
	  ->  Sort  (cost=3534.04..3536.29 rows=898 width=121)
	        Sort Key: c
	        ->  Bitmap Heap Scan on sbtest1  (cost=29.64..3489.99 rows=898 width=121)
	              Recheck Cond: ((id >= 3059710) AND (id <= 3060709))
	              ->  Bitmap Index Scan on sbtest1_pkey  (cost=0.00..29.41 rows=898 width=0)
	                    Index Cond: ((id >= 3059710) AND (id <= 3060709))

table 2 : explain SELECT DISTINCT c FROM sbtest2 WHERE id BETWEEN 5989099 AND 5990098 ORDER BY c
	Unique  (cost=3778.36..3783.17 rows=962 width=121)
	  ->  Sort  (cost=3778.36..3780.77 rows=962 width=121)
	        Sort Key: c
	        ->  Bitmap Heap Scan on sbtest2  (cost=34.30..3730.69 rows=962 width=121)
	              Recheck Cond: ((id >= 5989099) AND (id <= 5990098))
	              ->  Bitmap Index Scan on sbtest2_pkey  (cost=0.00..34.06 rows=962 width=0)
	                    Index Cond: ((id >= 5989099) AND (id <= 5990098))

table 3 : explain SELECT DISTINCT c FROM sbtest3 WHERE id BETWEEN 8663130 AND 8664129 ORDER BY c
	Unique  (cost=3938.75..3943.77 rows=1004 width=121)
	  ->  Sort  (cost=3938.75..3941.26 rows=1004 width=121)
	        Sort Key: c
	        ->  Bitmap Heap Scan on sbtest3  (cost=34.73..3888.69 rows=1004 width=121)
	              Recheck Cond: ((id >= 8663130) AND (id <= 8664129))
	              ->  Bitmap Index Scan on sbtest3_pkey  (cost=0.00..34.48 rows=1004 width=0)
	                    Index Cond: ((id >= 8663130) AND (id <= 8664129))

table 4 : explain SELECT DISTINCT c FROM sbtest4 WHERE id BETWEEN 5496955 AND 5497954 ORDER BY c
	Unique  (cost=3614.35..3618.95 rows=920 width=121)
	  ->  Sort  (cost=3614.35..3616.65 rows=920 width=121)
	        Sort Key: c
	        ->  Bitmap Heap Scan on sbtest4  (cost=29.87..3569.07 rows=920 width=121)
	              Recheck Cond: ((id >= 5496955) AND (id <= 5497954))
	              ->  Bitmap Index Scan on sbtest4_pkey  (cost=0.00..29.64 rows=920 width=0)
	                    Index Cond: ((id >= 5496955) AND (id <= 5497954))

table 5 : explain SELECT DISTINCT c FROM sbtest5 WHERE id BETWEEN 1284494 AND 1285493 ORDER BY c
	Unique  (cost=3630.91..3635.53 rows=924 width=121)
	  ->  Sort  (cost=3630.91..3633.22 rows=924 width=121)
	        Sort Key: c
	        ->  Bitmap Heap Scan on sbtest5  (cost=29.91..3585.39 rows=924 width=121)
	              Recheck Cond: ((id >= 1284494) AND (id <= 1285493))
	              ->  Bitmap Index Scan on sbtest5_pkey  (cost=0.00..29.68 rows=924 width=0)
	                    Index Cond: ((id >= 1284494) AND (id <= 1285493))

table 6 : explain SELECT DISTINCT c FROM sbtest6 WHERE id BETWEEN 1557080 AND 1558079 ORDER BY c
	Unique  (cost=3721.95..3726.68 rows=947 width=121)
	  ->  Sort  (cost=3721.95..3724.32 rows=947 width=121)
	        Sort Key: c
	        ->  Bitmap Heap Scan on sbtest6  (cost=34.14..3675.13 rows=947 width=121)
	              Recheck Cond: ((id >= 1557080) AND (id <= 1558079))
	              ->  Bitmap Index Scan on sbtest6_pkey  (cost=0.00..33.91 rows=947 width=0)
	                    Index Cond: ((id >= 1557080) AND (id <= 1558079))

table 7 : explain SELECT DISTINCT c FROM sbtest7 WHERE id BETWEEN 677062 AND 678061 ORDER BY c
	Unique  (cost=3837.73..3842.61 rows=977 width=121)
	  ->  Sort  (cost=3837.73..3840.17 rows=977 width=121)
	        Sort Key: c
	        ->  Bitmap Heap Scan on sbtest7  (cost=34.45..3789.21 rows=977 width=121)
	              Recheck Cond: ((id >= 677062) AND (id <= 678061))
	              ->  Bitmap Index Scan on sbtest7_pkey  (cost=0.00..34.20 rows=977 width=0)
	                    Index Cond: ((id >= 677062) AND (id <= 678061))

table 8 : explain SELECT DISTINCT c FROM sbtest8 WHERE id BETWEEN 2283292 AND 2284291 ORDER BY c
	Unique  (cost=4064.06..4069.24 rows=1036 width=121)
	  ->  Sort  (cost=4064.06..4066.65 rows=1036 width=121)
	        Sort Key: c
	        ->  Bitmap Heap Scan on sbtest8  (cost=35.05..4012.17 rows=1036 width=121)
	              Recheck Cond: ((id >= 2283292) AND (id <= 2284291))
	              ->  Bitmap Index Scan on sbtest8_pkey  (cost=0.00..34.80 rows=1036 width=0)
	                    Index Cond: ((id >= 2283292) AND (id <= 2284291))


for: distinct_ranges
table 1 : explain SELECT DISTINCT c FROM sbtest1 WHERE id BETWEEN 1074729 AND 1075728 ORDER BY c
	Unique  (cost=4224.47..4229.86 rows=1077 width=121)
	  ->  Sort  (cost=4224.47..4227.16 rows=1077 width=121)
	        Sort Key: c
	        ->  Bitmap Heap Scan on sbtest1  (cost=35.47..4170.23 rows=1077 width=121)
	              Recheck Cond: ((id >= 1074729) AND (id <= 1075728))
	              ->  Bitmap Index Scan on sbtest1_pkey  (cost=0.00..35.20 rows=1077 width=0)
	                    Index Cond: ((id >= 1074729) AND (id <= 1075728))

table 2 : explain SELECT DISTINCT c FROM sbtest2 WHERE id BETWEEN 7829393 AND 7830392 ORDER BY c
	Unique  (cost=3628.76..3633.38 rows=924 width=121)
	  ->  Sort  (cost=3628.76..3631.07 rows=924 width=121)
	        Sort Key: c
	        ->  Bitmap Heap Scan on sbtest2  (cost=29.91..3583.25 rows=924 width=121)
	              Recheck Cond: ((id >= 7829393) AND (id <= 7830392))
	              ->  Bitmap Index Scan on sbtest2_pkey  (cost=0.00..29.68 rows=924 width=0)
	                    Index Cond: ((id >= 7829393) AND (id <= 7830392))

table 3 : explain SELECT DISTINCT c FROM sbtest3 WHERE id BETWEEN 3342625 AND 3343624 ORDER BY c
	Unique  (cost=3789.54..3794.37 rows=965 width=121)
	  ->  Sort  (cost=3789.54..3791.95 rows=965 width=121)
	        Sort Key: c
	        ->  Bitmap Heap Scan on sbtest3  (cost=34.33..3741.70 rows=965 width=121)
	              Recheck Cond: ((id >= 3342625) AND (id <= 3343624))
	              ->  Bitmap Index Scan on sbtest3_pkey  (cost=0.00..34.09 rows=965 width=0)
	                    Index Cond: ((id >= 3342625) AND (id <= 3343624))

table 4 : explain SELECT DISTINCT c FROM sbtest4 WHERE id BETWEEN 9328379 AND 9329378 ORDER BY c
	Unique  (cost=4188.54..4193.88 rows=1069 width=121)
	  ->  Sort  (cost=4188.54..4191.21 rows=1069 width=121)
	        Sort Key: c
	        ->  Bitmap Heap Scan on sbtest4  (cost=35.39..4134.75 rows=1069 width=121)
	              Recheck Cond: ((id >= 9328379) AND (id <= 9329378))
	              ->  Bitmap Index Scan on sbtest4_pkey  (cost=0.00..35.12 rows=1069 width=0)
	                    Index Cond: ((id >= 9328379) AND (id <= 9329378))

table 5 : explain SELECT DISTINCT c FROM sbtest5 WHERE id BETWEEN 303384 AND 304383 ORDER BY c
	Unique  (cost=4025.68..4030.81 rows=1026 width=121)
	  ->  Sort  (cost=4025.68..4028.25 rows=1026 width=121)
	        Sort Key: c
	        ->  Bitmap Heap Scan on sbtest5  (cost=34.95..3974.37 rows=1026 width=121)
	              Recheck Cond: ((id >= 303384) AND (id <= 304383))
	              ->  Bitmap Index Scan on sbtest5_pkey  (cost=0.00..34.70 rows=1026 width=0)
	                    Index Cond: ((id >= 303384) AND (id <= 304383))

table 6 : explain SELECT DISTINCT c FROM sbtest6 WHERE id BETWEEN 4104955 AND 4105954 ORDER BY c
	Unique  (cost=4322.18..4327.70 rows=1104 width=121)
	  ->  Sort  (cost=4322.18..4324.94 rows=1104 width=121)
	        Sort Key: c
	        ->  Bitmap Heap Scan on sbtest6  (cost=35.75..4266.38 rows=1104 width=121)
	              Recheck Cond: ((id >= 4104955) AND (id <= 4105954))
	              ->  Bitmap Index Scan on sbtest6_pkey  (cost=0.00..35.48 rows=1104 width=0)
	                    Index Cond: ((id >= 4104955) AND (id <= 4105954))

table 7 : explain SELECT DISTINCT c FROM sbtest7 WHERE id BETWEEN 9139117 AND 9140116 ORDER BY c
	Unique  (cost=3576.82..3581.37 rows=910 width=121)
	  ->  Sort  (cost=3576.82..3579.10 rows=910 width=121)
	        Sort Key: c
	        ->  Bitmap Heap Scan on sbtest7  (cost=29.76..3532.10 rows=910 width=121)
	              Recheck Cond: ((id >= 9139117) AND (id <= 9140116))
	              ->  Bitmap Index Scan on sbtest7_pkey  (cost=0.00..29.54 rows=910 width=0)
	                    Index Cond: ((id >= 9139117) AND (id <= 9140116))

table 8 : explain SELECT DISTINCT c FROM sbtest8 WHERE id BETWEEN 730738 AND 731737 ORDER BY c
	Unique  (cost=3903.35..3908.32 rows=994 width=121)
	  ->  Sort  (cost=3903.35..3905.83 rows=994 width=121)
	        Sort Key: c
	        ->  Bitmap Heap Scan on sbtest8  (cost=34.62..3853.86 rows=994 width=121)
	              Recheck Cond: ((id >= 730738) AND (id <= 731737))
	              ->  Bitmap Index Scan on sbtest8_pkey  (cost=0.00..34.38 rows=994 width=0)
	                    Index Cond: ((id >= 730738) AND (id <= 731737))

for: sum_ranges
table 1 : explain SELECT SUM(k) FROM sbtest1 WHERE id BETWEEN 2812635 AND 2813634
	Aggregate  (cost=3564.26..3564.27 rows=1 width=8)
	  ->  Bitmap Heap Scan on sbtest1  (cost=29.83..3561.96 rows=917 width=4)
	        Recheck Cond: ((id >= 2812635) AND (id <= 2813634))
	        ->  Bitmap Index Scan on sbtest1_pkey  (cost=0.00..29.61 rows=917 width=0)
	              Index Cond: ((id >= 2812635) AND (id <= 2813634))

table 2 : explain SELECT SUM(k) FROM sbtest2 WHERE id BETWEEN 9509777 AND 9510776
	Aggregate  (cost=3974.42..3974.43 rows=1 width=8)
	  ->  Bitmap Heap Scan on sbtest2  (cost=34.95..3971.86 rows=1026 width=4)
	        Recheck Cond: ((id >= 9509777) AND (id <= 9510776))
	        ->  Bitmap Index Scan on sbtest2_pkey  (cost=0.00..34.70 rows=1026 width=0)
	              Index Cond: ((id >= 9509777) AND (id <= 9510776))

table 3 : explain SELECT SUM(k) FROM sbtest3 WHERE id BETWEEN 4471212 AND 4472211
	Aggregate  (cost=3857.28..3857.29 rows=1 width=8)
	  ->  Bitmap Heap Scan on sbtest3  (cost=34.63..3854.79 rows=995 width=4)
	        Recheck Cond: ((id >= 4471212) AND (id <= 4472211))
	        ->  Bitmap Index Scan on sbtest3_pkey  (cost=0.00..34.39 rows=995 width=0)
	              Index Cond: ((id >= 4471212) AND (id <= 4472211))

table 4 : explain SELECT SUM(k) FROM sbtest4 WHERE id BETWEEN 1861702 AND 1862701
	Aggregate  (cost=3669.87..3669.88 rows=1 width=8)
	  ->  Bitmap Heap Scan on sbtest4  (cost=34.12..3667.51 rows=945 width=4)
	        Recheck Cond: ((id >= 1861702) AND (id <= 1862701))
	        ->  Bitmap Index Scan on sbtest4_pkey  (cost=0.00..33.89 rows=945 width=0)
	              Index Cond: ((id >= 1861702) AND (id <= 1862701))

table 5 : explain SELECT SUM(k) FROM sbtest5 WHERE id BETWEEN 433929 AND 434928
	Aggregate  (cost=3810.92..3810.93 rows=1 width=8)
	  ->  Bitmap Heap Scan on sbtest5  (cost=34.50..3808.46 rows=982 width=4)
	        Recheck Cond: ((id >= 433929) AND (id <= 434928))
	        ->  Bitmap Index Scan on sbtest5_pkey  (cost=0.00..34.26 rows=982 width=0)
	              Index Cond: ((id >= 433929) AND (id <= 434928))

table 6 : explain SELECT SUM(k) FROM sbtest6 WHERE id BETWEEN 5680451 AND 5681450
	Aggregate  (cost=4291.69..4291.70 rows=1 width=8)
	  ->  Bitmap Heap Scan on sbtest6  (cost=35.81..4288.91 rows=1110 width=4)
	        Recheck Cond: ((id >= 5680451) AND (id <= 5681450))
	        ->  Bitmap Index Scan on sbtest6_pkey  (cost=0.00..35.54 rows=1110 width=0)
	              Index Cond: ((id >= 5680451) AND (id <= 5681450))

table 7 : explain SELECT SUM(k) FROM sbtest7 WHERE id BETWEEN 6383836 AND 6384835
	Aggregate  (cost=3897.32..3897.33 rows=1 width=8)
	  ->  Bitmap Heap Scan on sbtest7  (cost=34.74..3894.81 rows=1005 width=4)
	        Recheck Cond: ((id >= 6383836) AND (id <= 6384835))
	        ->  Bitmap Index Scan on sbtest7_pkey  (cost=0.00..34.48 rows=1005 width=0)
	              Index Cond: ((id >= 6383836) AND (id <= 6384835))

table 8 : explain SELECT SUM(k) FROM sbtest8 WHERE id BETWEEN 5122002 AND 5123001
	Aggregate  (cost=3406.05..3406.06 rows=1 width=8)
	  ->  Bitmap Heap Scan on sbtest8  (cost=29.41..3403.86 rows=876 width=4)
	        Recheck Cond: ((id >= 5122002) AND (id <= 5123001))
	        ->  Bitmap Index Scan on sbtest8_pkey  (cost=0.00..29.19 rows=876 width=0)
	              Index Cond: ((id >= 5122002) AND (id <= 5123001))

explain: for point_selects :: explain SELECT c FROM sbtest%u WHERE id=%u
for: sum_ranges
table 1 : explain SELECT SUM(k) FROM sbtest1 WHERE id BETWEEN 400216 AND 401215
	Aggregate  (cost=3681.88..3681.89 rows=1 width=8)
	  ->  Bitmap Heap Scan on sbtest1  (cost=34.14..3679.51 rows=947 width=4)
	        Recheck Cond: ((id >= 400216) AND (id <= 401215))
	        ->  Bitmap Index Scan on sbtest1_pkey  (cost=0.00..33.91 rows=947 width=0)
	              Index Cond: ((id >= 400216) AND (id <= 401215))

table 2 : explain SELECT SUM(k) FROM sbtest2 WHERE id BETWEEN 2755460 AND 2756459
	Aggregate  (cost=3695.34..3695.35 rows=1 width=8)
	  ->  Bitmap Heap Scan on sbtest2  (cost=34.19..3692.96 rows=952 width=4)
	        Recheck Cond: ((id >= 2755460) AND (id <= 2756459))
	        ->  Bitmap Index Scan on sbtest2_pkey  (cost=0.00..33.95 rows=952 width=0)
	              Index Cond: ((id >= 2755460) AND (id <= 2756459))

table 3 : explain SELECT SUM(k) FROM sbtest3 WHERE id BETWEEN 630895 AND 631894
	Aggregate  (cost=3668.61..3668.62 rows=1 width=8)
	  ->  Bitmap Heap Scan on sbtest3  (cost=34.12..3666.25 rows=945 width=4)
	        Recheck Cond: ((id >= 630895) AND (id <= 631894))
	        ->  Bitmap Index Scan on sbtest3_pkey  (cost=0.00..33.89 rows=945 width=0)
	              Index Cond: ((id >= 630895) AND (id <= 631894))

table 4 : explain SELECT SUM(k) FROM sbtest4 WHERE id BETWEEN 5793671 AND 5794670
	Aggregate  (cost=3854.87..3854.88 rows=1 width=8)
	  ->  Bitmap Heap Scan on sbtest4  (cost=34.62..3852.38 rows=994 width=4)
	        Recheck Cond: ((id >= 5793671) AND (id <= 5794670))
	        ->  Bitmap Index Scan on sbtest4_pkey  (cost=0.00..34.38 rows=994 width=0)
	              Index Cond: ((id >= 5793671) AND (id <= 5794670))

table 5 : explain SELECT SUM(k) FROM sbtest5 WHERE id BETWEEN 3369621 AND 3370620
	Aggregate  (cost=3481.72..3481.73 rows=1 width=8)
	  ->  Bitmap Heap Scan on sbtest5  (cost=29.62..3479.48 rows=896 width=4)
	        Recheck Cond: ((id >= 3369621) AND (id <= 3370620))
	        ->  Bitmap Index Scan on sbtest5_pkey  (cost=0.00..29.39 rows=896 width=0)
	              Index Cond: ((id >= 3369621) AND (id <= 3370620))

table 6 : explain SELECT SUM(k) FROM sbtest6 WHERE id BETWEEN 4706903 AND 4707902
	Aggregate  (cost=3896.43..3896.44 rows=1 width=8)
	  ->  Bitmap Heap Scan on sbtest6  (cost=34.74..3893.92 rows=1005 width=4)
	        Recheck Cond: ((id >= 4706903) AND (id <= 4707902))
	        ->  Bitmap Index Scan on sbtest6_pkey  (cost=0.00..34.48 rows=1005 width=0)
	              Index Cond: ((id >= 4706903) AND (id <= 4707902))

table 7 : explain SELECT SUM(k) FROM sbtest7 WHERE id BETWEEN 8985089 AND 8986088
	Aggregate  (cost=3912.41..3912.42 rows=1 width=8)
	  ->  Bitmap Heap Scan on sbtest7  (cost=34.78..3909.89 rows=1009 width=4)
	        Recheck Cond: ((id >= 8985089) AND (id <= 8986088))
	        ->  Bitmap Index Scan on sbtest7_pkey  (cost=0.00..34.53 rows=1009 width=0)
	              Index Cond: ((id >= 8985089) AND (id <= 8986088))

table 8 : explain SELECT SUM(k) FROM sbtest8 WHERE id BETWEEN 7921533 AND 7922532
	Aggregate  (cost=3863.89..3863.90 rows=1 width=8)
	  ->  Bitmap Heap Scan on sbtest8  (cost=34.64..3861.40 rows=996 width=4)
	        Recheck Cond: ((id >= 7921533) AND (id <= 7922532))
	        ->  Bitmap Index Scan on sbtest8_pkey  (cost=0.00..34.40 rows=996 width=0)
	              Index Cond: ((id >= 7921533) AND (id <= 7922532))

for: simple_ranges
table 1 : explain SELECT c FROM sbtest1 WHERE id BETWEEN 5383809 AND 5384808
	Bitmap Heap Scan on sbtest1  (cost=35.21..4072.25 rows=1051 width=121)
	  Recheck Cond: ((id >= 5383809) AND (id <= 5384808))
	  ->  Bitmap Index Scan on sbtest1_pkey  (cost=0.00..34.95 rows=1051 width=0)
	        Index Cond: ((id >= 5383809) AND (id <= 5384808))

table 2 : explain SELECT c FROM sbtest2 WHERE id BETWEEN 511480 AND 512479
	Bitmap Heap Scan on sbtest2  (cost=29.82..3553.03 rows=916 width=121)
	  Recheck Cond: ((id >= 511480) AND (id <= 512479))
	  ->  Bitmap Index Scan on sbtest2_pkey  (cost=0.00..29.59 rows=916 width=0)
	        Index Cond: ((id >= 511480) AND (id <= 512479))

table 3 : explain SELECT c FROM sbtest3 WHERE id BETWEEN 9004879 AND 9005878
	Bitmap Heap Scan on sbtest3  (cost=34.26..3719.07 rows=959 width=121)
	  Recheck Cond: ((id >= 9004879) AND (id <= 9005878))
	  ->  Bitmap Index Scan on sbtest3_pkey  (cost=0.00..34.03 rows=959 width=0)
	        Index Cond: ((id >= 9004879) AND (id <= 9005878))

table 4 : explain SELECT c FROM sbtest4 WHERE id BETWEEN 5488807 AND 5489806
	Bitmap Heap Scan on sbtest4  (cost=29.87..3569.07 rows=920 width=121)
	  Recheck Cond: ((id >= 5488807) AND (id <= 5489806))
	  ->  Bitmap Index Scan on sbtest4_pkey  (cost=0.00..29.64 rows=920 width=0)
	        Index Cond: ((id >= 5488807) AND (id <= 5489806))

table 5 : explain SELECT c FROM sbtest5 WHERE id BETWEEN 410050 AND 411049
	Bitmap Heap Scan on sbtest5  (cost=34.50..3808.46 rows=982 width=121)
	  Recheck Cond: ((id >= 410050) AND (id <= 411049))
	  ->  Bitmap Index Scan on sbtest5_pkey  (cost=0.00..34.26 rows=982 width=0)
	        Index Cond: ((id >= 410050) AND (id <= 411049))

table 6 : explain SELECT c FROM sbtest6 WHERE id BETWEEN 8217253 AND 8218252
	Bitmap Heap Scan on sbtest6  (cost=34.20..3697.79 rows=953 width=121)
	  Recheck Cond: ((id >= 8217253) AND (id <= 8218252))
	  ->  Bitmap Index Scan on sbtest6_pkey  (cost=0.00..33.97 rows=953 width=0)
	        Index Cond: ((id >= 8217253) AND (id <= 8218252))

table 7 : explain SELECT c FROM sbtest7 WHERE id BETWEEN 1129850 AND 1130849
	Bitmap Heap Scan on sbtest7  (cost=34.39..3766.56 rows=971 width=121)
	  Recheck Cond: ((id >= 1129850) AND (id <= 1130849))
	  ->  Bitmap Index Scan on sbtest7_pkey  (cost=0.00..34.15 rows=971 width=0)
	        Index Cond: ((id >= 1129850) AND (id <= 1130849))

table 8 : explain SELECT c FROM sbtest8 WHERE id BETWEEN 4151140 AND 4152139
	Bitmap Heap Scan on sbtest8  (cost=35.11..4031.00 rows=1041 width=121)
	  Recheck Cond: ((id >= 4151140) AND (id <= 4152139))
	  ->  Bitmap Index Scan on sbtest8_pkey  (cost=0.00..34.84 rows=1041 width=0)
	        Index Cond: ((id >= 4151140) AND (id <= 4152139))

for: distinct_ranges
table 1 : explain SELECT DISTINCT c FROM sbtest1 WHERE id BETWEEN 8975979 AND 8976978 ORDER BY c
	Unique  (cost=3368.57..3372.84 rows=855 width=121)
	  ->  Sort  (cost=3368.57..3370.71 rows=855 width=121)
	        Sort Key: c
	        ->  Bitmap Heap Scan on sbtest1  (cost=29.20..3326.93 rows=855 width=121)
	              Recheck Cond: ((id >= 8975979) AND (id <= 8976978))
	              ->  Bitmap Index Scan on sbtest1_pkey  (cost=0.00..28.98 rows=855 width=0)
	                    Index Cond: ((id >= 8975979) AND (id <= 8976978))

table 2 : explain SELECT DISTINCT c FROM sbtest2 WHERE id BETWEEN 1282894 AND 1283893 ORDER BY c
	Unique  (cost=3540.55..3545.06 rows=901 width=121)
	  ->  Sort  (cost=3540.55..3542.80 rows=901 width=121)
	        Sort Key: c
	        ->  Bitmap Heap Scan on sbtest2  (cost=29.67..3496.33 rows=901 width=121)
	              Recheck Cond: ((id >= 1282894) AND (id <= 1283893))
	              ->  Bitmap Index Scan on sbtest2_pkey  (cost=0.00..29.44 rows=901 width=0)
	                    Index Cond: ((id >= 1282894) AND (id <= 1283893))

table 3 : explain SELECT DISTINCT c FROM sbtest3 WHERE id BETWEEN 3624763 AND 3625762 ORDER BY c
	Unique  (cost=4213.73..4219.11 rows=1076 width=121)
	  ->  Sort  (cost=4213.73..4216.42 rows=1076 width=121)
	        Sort Key: c
	        ->  Bitmap Heap Scan on sbtest3  (cost=35.46..4159.54 rows=1076 width=121)
	              Recheck Cond: ((id >= 3624763) AND (id <= 3625762))
	              ->  Bitmap Index Scan on sbtest3_pkey  (cost=0.00..35.20 rows=1076 width=0)
	                    Index Cond: ((id >= 3624763) AND (id <= 3625762))

table 4 : explain SELECT DISTINCT c FROM sbtest4 WHERE id BETWEEN 3492174 AND 3493173 ORDER BY c
	Unique  (cost=3794.67..3799.50 rows=966 width=121)
	  ->  Sort  (cost=3794.67..3797.09 rows=966 width=121)
	        Sort Key: c
	        ->  Bitmap Heap Scan on sbtest4  (cost=34.34..3746.78 rows=966 width=121)
	              Recheck Cond: ((id >= 3492174) AND (id <= 3493173))
	              ->  Bitmap Index Scan on sbtest4_pkey  (cost=0.00..34.09 rows=966 width=0)
	                    Index Cond: ((id >= 3492174) AND (id <= 3493173))

table 5 : explain SELECT DISTINCT c FROM sbtest5 WHERE id BETWEEN 4642324 AND 4643323 ORDER BY c
	Unique  (cost=3998.90..4004.00 rows=1019 width=121)
	  ->  Sort  (cost=3998.90..4001.45 rows=1019 width=121)
	        Sort Key: c
	        ->  Bitmap Heap Scan on sbtest5  (cost=34.88..3947.99 rows=1019 width=121)
	              Recheck Cond: ((id >= 4642324) AND (id <= 4643323))
	              ->  Bitmap Index Scan on sbtest5_pkey  (cost=0.00..34.62 rows=1019 width=0)
	                    Index Cond: ((id >= 4642324) AND (id <= 4643323))

table 6 : explain SELECT DISTINCT c FROM sbtest6 WHERE id BETWEEN 2072930 AND 2073929 ORDER BY c
	Unique  (cost=3595.24..3599.82 rows=915 width=121)
	  ->  Sort  (cost=3595.24..3597.53 rows=915 width=121)
	        Sort Key: c
	        ->  Bitmap Heap Scan on sbtest6  (cost=29.81..3550.23 rows=915 width=121)
	              Recheck Cond: ((id >= 2072930) AND (id <= 2073929))
	              ->  Bitmap Index Scan on sbtest6_pkey  (cost=0.00..29.58 rows=915 width=0)
	                    Index Cond: ((id >= 2072930) AND (id <= 2073929))

table 7 : explain SELECT DISTINCT c FROM sbtest7 WHERE id BETWEEN 6235244 AND 6236243 ORDER BY c
	Unique  (cost=3960.23..3965.28 rows=1009 width=121)
	  ->  Sort  (cost=3960.23..3962.75 rows=1009 width=121)
	        Sort Key: c
	        ->  Bitmap Heap Scan on sbtest7  (cost=34.78..3909.89 rows=1009 width=121)
	              Recheck Cond: ((id >= 6235244) AND (id <= 6236243))
	              ->  Bitmap Index Scan on sbtest7_pkey  (cost=0.00..34.53 rows=1009 width=0)
	                    Index Cond: ((id >= 6235244) AND (id <= 6236243))

table 8 : explain SELECT DISTINCT c FROM sbtest8 WHERE id BETWEEN 2129301 AND 2130300 ORDER BY c
	Unique  (cost=4148.16..4153.45 rows=1058 width=121)
	  ->  Sort  (cost=4148.16..4150.80 rows=1058 width=121)
	        Sort Key: c
	        ->  Bitmap Heap Scan on sbtest8  (cost=35.28..4095.01 rows=1058 width=121)
	              Recheck Cond: ((id >= 2129301) AND (id <= 2130300))
	              ->  Bitmap Index Scan on sbtest8_pkey  (cost=0.00..35.02 rows=1058 width=0)
	                    Index Cond: ((id >= 2129301) AND (id <= 2130300))

for: sum_ranges
table 1 : explain SELECT SUM(k) FROM sbtest1 WHERE id BETWEEN 3523534 AND 3524533
	Aggregate  (cost=4180.46..4180.47 rows=1 width=8)
	  ->  Bitmap Heap Scan on sbtest1  (cost=35.49..4177.76 rows=1079 width=4)
	        Recheck Cond: ((id >= 3523534) AND (id <= 3524533))
	        ->  Bitmap Index Scan on sbtest1_pkey  (cost=0.00..35.23 rows=1079 width=0)
	              Index Cond: ((id >= 3523534) AND (id <= 3524533))

table 2 : explain SELECT SUM(k) FROM sbtest2 WHERE id BETWEEN 7834751 AND 7835750
	Aggregate  (cost=3585.56..3585.57 rows=1 width=8)
	  ->  Bitmap Heap Scan on sbtest2  (cost=29.91..3583.25 rows=924 width=4)
	        Recheck Cond: ((id >= 7834751) AND (id <= 7835750))
	        ->  Bitmap Index Scan on sbtest2_pkey  (cost=0.00..29.68 rows=924 width=0)
	              Index Cond: ((id >= 7834751) AND (id <= 7835750))

table 3 : explain SELECT SUM(k) FROM sbtest3 WHERE id BETWEEN 1062942 AND 1063941
	Aggregate  (cost=3928.88..3928.89 rows=1 width=8)
	  ->  Bitmap Heap Scan on sbtest3  (cost=34.83..3926.35 rows=1014 width=4)
	        Recheck Cond: ((id >= 1062942) AND (id <= 1063941))
	        ->  Bitmap Index Scan on sbtest3_pkey  (cost=0.00..34.58 rows=1014 width=0)
	              Index Cond: ((id >= 1062942) AND (id <= 1063941))

table 4 : explain SELECT SUM(k) FROM sbtest4 WHERE id BETWEEN 815374 AND 816373
	Aggregate  (cost=3730.31..3730.32 rows=1 width=8)
	  ->  Bitmap Heap Scan on sbtest4  (cost=34.29..3727.91 rows=961 width=4)
	        Recheck Cond: ((id >= 815374) AND (id <= 816373))
	        ->  Bitmap Index Scan on sbtest4_pkey  (cost=0.00..34.05 rows=961 width=0)
	              Index Cond: ((id >= 815374) AND (id <= 816373))

table 5 : explain SELECT SUM(k) FROM sbtest5 WHERE id BETWEEN 3057079 AND 3058078
	Aggregate  (cost=3886.41..3886.42 rows=1 width=8)
	  ->  Bitmap Heap Scan on sbtest5  (cost=34.71..3883.91 rows=1002 width=4)
	        Recheck Cond: ((id >= 3057079) AND (id <= 3058078))
	        ->  Bitmap Index Scan on sbtest5_pkey  (cost=0.00..34.45 rows=1002 width=0)
	              Index Cond: ((id >= 3057079) AND (id <= 3058078))

table 6 : explain SELECT SUM(k) FROM sbtest6 WHERE id BETWEEN 6249885 AND 6250884
	Aggregate  (cost=4005.74..4005.75 rows=1 width=8)
	  ->  Bitmap Heap Scan on sbtest6  (cost=35.03..4003.15 rows=1034 width=4)
	        Recheck Cond: ((id >= 6249885) AND (id <= 6250884))
	        ->  Bitmap Index Scan on sbtest6_pkey  (cost=0.00..34.78 rows=1034 width=0)
	              Index Cond: ((id >= 6249885) AND (id <= 6250884))

table 7 : explain SELECT SUM(k) FROM sbtest7 WHERE id BETWEEN 8139774 AND 8140773
	Aggregate  (cost=4138.49..4138.50 rows=1 width=8)
	  ->  Bitmap Heap Scan on sbtest7  (cost=35.39..4135.82 rows=1069 width=4)
	        Recheck Cond: ((id >= 8139774) AND (id <= 8140773))
	        ->  Bitmap Index Scan on sbtest7_pkey  (cost=0.00..35.12 rows=1069 width=0)
	              Index Cond: ((id >= 8139774) AND (id <= 8140773))

table 8 : explain SELECT SUM(k) FROM sbtest8 WHERE id BETWEEN 3740352 AND 3741351
	Aggregate  (cost=4078.82..4078.83 rows=1 width=8)
	  ->  Bitmap Heap Scan on sbtest8  (cost=35.23..4076.19 rows=1053 width=4)
	        Recheck Cond: ((id >= 3740352) AND (id <= 3741351))
	        ->  Bitmap Index Scan on sbtest8_pkey  (cost=0.00..34.97 rows=1053 width=0)
	              Index Cond: ((id >= 3740352) AND (id <= 3741351))

for: distinct_ranges
table 1 : explain SELECT DISTINCT c FROM sbtest1 WHERE id BETWEEN 3582048 AND 3583047 ORDER BY c
	Unique  (cost=3806.93..3811.77 rows=968 width=121)
	  ->  Sort  (cost=3806.93..3809.35 rows=968 width=121)
	        Sort Key: c
	        ->  Bitmap Heap Scan on sbtest1  (cost=34.36..3758.92 rows=968 width=121)
	              Recheck Cond: ((id >= 3582048) AND (id <= 3583047))
	              ->  Bitmap Index Scan on sbtest1_pkey  (cost=0.00..34.12 rows=968 width=0)
	                    Index Cond: ((id >= 3582048) AND (id <= 3583047))

table 2 : explain SELECT DISTINCT c FROM sbtest2 WHERE id BETWEEN 2138836 AND 2139835 ORDER BY c
	Unique  (cost=4133.94..4139.21 rows=1055 width=121)
	  ->  Sort  (cost=4133.94..4136.58 rows=1055 width=121)
	        Sort Key: c
	        ->  Bitmap Heap Scan on sbtest2  (cost=35.25..4080.96 rows=1055 width=121)
	              Recheck Cond: ((id >= 2138836) AND (id <= 2139835))
	              ->  Bitmap Index Scan on sbtest2_pkey  (cost=0.00..34.98 rows=1055 width=0)
	                    Index Cond: ((id >= 2138836) AND (id <= 2139835))

table 3 : explain SELECT DISTINCT c FROM sbtest3 WHERE id BETWEEN 6831338 AND 6832337 ORDER BY c
	Unique  (cost=4206.10..4211.47 rows=1074 width=121)
	  ->  Sort  (cost=4206.10..4208.78 rows=1074 width=121)
	        Sort Key: c
	        ->  Bitmap Heap Scan on sbtest3  (cost=35.44..4152.03 rows=1074 width=121)
	              Recheck Cond: ((id >= 6831338) AND (id <= 6832337))
	              ->  Bitmap Index Scan on sbtest3_pkey  (cost=0.00..35.18 rows=1074 width=0)
	                    Index Cond: ((id >= 6831338) AND (id <= 6832337))

table 4 : explain SELECT DISTINCT c FROM sbtest4 WHERE id BETWEEN 9890583 AND 9891582 ORDER BY c
	Unique  (cost=3966.91..3971.96 rows=1011 width=121)
	  ->  Sort  (cost=3966.91..3969.43 rows=1011 width=121)
	        Sort Key: c
	        ->  Bitmap Heap Scan on sbtest4  (cost=34.80..3916.45 rows=1011 width=121)
	              Recheck Cond: ((id >= 9890583) AND (id <= 9891582))
	              ->  Bitmap Index Scan on sbtest4_pkey  (cost=0.00..34.55 rows=1011 width=0)
	                    Index Cond: ((id >= 9890583) AND (id <= 9891582))

table 5 : explain SELECT DISTINCT c FROM sbtest5 WHERE id BETWEEN 1969794 AND 1970793 ORDER BY c
	Unique  (cost=4014.21..4019.32 rows=1023 width=121)
	  ->  Sort  (cost=4014.21..4016.76 rows=1023 width=121)
	        Sort Key: c
	        ->  Bitmap Heap Scan on sbtest5  (cost=34.92..3963.06 rows=1023 width=121)
	              Recheck Cond: ((id >= 1969794) AND (id <= 1970793))
	              ->  Bitmap Index Scan on sbtest5_pkey  (cost=0.00..34.67 rows=1023 width=0)
	                    Index Cond: ((id >= 1969794) AND (id <= 1970793))

table 6 : explain SELECT DISTINCT c FROM sbtest6 WHERE id BETWEEN 8747186 AND 8748185 ORDER BY c
	Unique  (cost=3671.95..3676.62 rows=935 width=121)
	  ->  Sort  (cost=3671.95..3674.29 rows=935 width=121)
	        Sort Key: c
	        ->  Bitmap Heap Scan on sbtest6  (cost=30.02..3625.81 rows=935 width=121)
	              Recheck Cond: ((id >= 8747186) AND (id <= 8748185))
	              ->  Bitmap Index Scan on sbtest6_pkey  (cost=0.00..29.79 rows=935 width=0)
	                    Index Cond: ((id >= 8747186) AND (id <= 8748185))

table 7 : explain SELECT DISTINCT c FROM sbtest7 WHERE id BETWEEN 5953223 AND 5954222 ORDER BY c
	Unique  (cost=4143.76..4149.04 rows=1057 width=121)
	  ->  Sort  (cost=4143.76..4146.40 rows=1057 width=121)
	        Sort Key: c
	        ->  Bitmap Heap Scan on sbtest7  (cost=35.27..4090.67 rows=1057 width=121)
	              Recheck Cond: ((id >= 5953223) AND (id <= 5954222))
	              ->  Bitmap Index Scan on sbtest7_pkey  (cost=0.00..35.01 rows=1057 width=0)
	                    Index Cond: ((id >= 5953223) AND (id <= 5954222))

table 8 : explain SELECT DISTINCT c FROM sbtest8 WHERE id BETWEEN 9006416 AND 9007415 ORDER BY c
	Unique  (cost=3631.02..3635.64 rows=924 width=121)
	  ->  Sort  (cost=3631.02..3633.33 rows=924 width=121)
	        Sort Key: c
	        ->  Bitmap Heap Scan on sbtest8  (cost=29.91..3585.51 rows=924 width=121)
	              Recheck Cond: ((id >= 9006416) AND (id <= 9007415))
	              ->  Bitmap Index Scan on sbtest8_pkey  (cost=0.00..29.68 rows=924 width=0)
	                    Index Cond: ((id >= 9006416) AND (id <= 9007415))

for: order_ranges
table 1 : explain SELECT c FROM sbtest1 WHERE id BETWEEN 5007485 AND 5008484 ORDER BY c
	Sort  (cost=4480.72..4483.58 rows=1144 width=121)
	  Sort Key: c
	  ->  Bitmap Heap Scan on sbtest1  (cost=40.16..4422.60 rows=1144 width=121)
	        Recheck Cond: ((id >= 5007485) AND (id <= 5008484))
	        ->  Bitmap Index Scan on sbtest1_pkey  (cost=0.00..39.88 rows=1144 width=0)
	              Index Cond: ((id >= 5007485) AND (id <= 5008484))

table 2 : explain SELECT c FROM sbtest2 WHERE id BETWEEN 3738873 AND 3739872 ORDER BY c
	Sort  (cost=3494.50..3496.72 rows=889 width=121)
	  Sort Key: c
	  ->  Bitmap Heap Scan on sbtest2  (cost=29.55..3450.96 rows=889 width=121)
	        Recheck Cond: ((id >= 3738873) AND (id <= 3739872))
	        ->  Bitmap Index Scan on sbtest2_pkey  (cost=0.00..29.32 rows=889 width=0)
	              Index Cond: ((id >= 3738873) AND (id <= 3739872))

table 3 : explain SELECT c FROM sbtest3 WHERE id BETWEEN 7231564 AND 7232563 ORDER BY c
	Sort  (cost=3827.82..3830.25 rows=975 width=121)
	  Sort Key: c
	  ->  Bitmap Heap Scan on sbtest3  (cost=34.43..3779.41 rows=975 width=121)
	        Recheck Cond: ((id >= 7231564) AND (id <= 7232563))
	        ->  Bitmap Index Scan on sbtest3_pkey  (cost=0.00..34.19 rows=975 width=0)
	              Index Cond: ((id >= 7231564) AND (id <= 7232563))

table 4 : explain SELECT c FROM sbtest4 WHERE id BETWEEN 2783425 AND 2784424 ORDER BY c
	Sort  (cost=4127.44..4130.07 rows=1053 width=121)
	  Sort Key: c
	  ->  Bitmap Heap Scan on sbtest4  (cost=35.23..4074.57 rows=1053 width=121)
	        Recheck Cond: ((id >= 2783425) AND (id <= 2784424))
	        ->  Bitmap Index Scan on sbtest4_pkey  (cost=0.00..34.97 rows=1053 width=0)
	              Index Cond: ((id >= 2783425) AND (id <= 2784424))

table 5 : explain SELECT c FROM sbtest5 WHERE id BETWEEN 1484351 AND 1485350 ORDER BY c
	Sort  (cost=3769.14..3771.54 rows=959 width=121)
	  Sort Key: c
	  ->  Bitmap Heap Scan on sbtest5  (cost=34.26..3721.64 rows=959 width=121)
	        Recheck Cond: ((id >= 1484351) AND (id <= 1485350))
	        ->  Bitmap Index Scan on sbtest5_pkey  (cost=0.00..34.03 rows=959 width=0)
	              Index Cond: ((id >= 1484351) AND (id <= 1485350))

table 6 : explain SELECT c FROM sbtest6 WHERE id BETWEEN 4388377 AND 4389376 ORDER BY c
	Sort  (cost=4043.46..4046.03 rows=1031 width=121)
	  Sort Key: c
	  ->  Bitmap Heap Scan on sbtest6  (cost=35.00..3991.86 rows=1031 width=121)
	        Recheck Cond: ((id >= 4388377) AND (id <= 4389376))
	        ->  Bitmap Index Scan on sbtest6_pkey  (cost=0.00..34.75 rows=1031 width=0)
	              Index Cond: ((id >= 4388377) AND (id <= 4389376))

table 7 : explain SELECT c FROM sbtest7 WHERE id BETWEEN 7587838 AND 7588837 ORDER BY c
	Sort  (cost=3891.34..3893.81 rows=991 width=121)
	  Sort Key: c
	  ->  Bitmap Heap Scan on sbtest7  (cost=34.59..3842.02 rows=991 width=121)
	        Recheck Cond: ((id >= 7587838) AND (id <= 7588837))
	        ->  Bitmap Index Scan on sbtest7_pkey  (cost=0.00..34.34 rows=991 width=0)
	              Index Cond: ((id >= 7587838) AND (id <= 7588837))

table 8 : explain SELECT c FROM sbtest8 WHERE id BETWEEN 2900226 AND 2901225 ORDER BY c
	Sort  (cost=3773.09..3775.49 rows=960 width=121)
	  Sort Key: c
	  ->  Bitmap Heap Scan on sbtest8  (cost=34.28..3725.54 rows=960 width=121)
	        Recheck Cond: ((id >= 2900226) AND (id <= 2901225))
	        ->  Bitmap Index Scan on sbtest8_pkey  (cost=0.00..34.04 rows=960 width=0)
	              Index Cond: ((id >= 2900226) AND (id <= 2901225))

for: distinct_ranges
table 1 : explain SELECT DISTINCT c FROM sbtest1 WHERE id BETWEEN 2628001 AND 2629000 ORDER BY c
	Unique  (cost=4258.89..4264.32 rows=1086 width=121)
	  ->  Sort  (cost=4258.89..4261.60 rows=1086 width=121)
	        Sort Key: c
	        ->  Bitmap Heap Scan on sbtest1  (cost=35.57..4204.12 rows=1086 width=121)
	              Recheck Cond: ((id >= 2628001) AND (id <= 2629000))
	              ->  Bitmap Index Scan on sbtest1_pkey  (cost=0.00..35.30 rows=1086 width=0)
	                    Index Cond: ((id >= 2628001) AND (id <= 2629000))

table 2 : explain SELECT DISTINCT c FROM sbtest2 WHERE id BETWEEN 3160701 AND 3161700 ORDER BY c
	Unique  (cost=3877.88..3882.82 rows=988 width=121)
	  ->  Sort  (cost=3877.88..3880.35 rows=988 width=121)
	        Sort Key: c
	        ->  Bitmap Heap Scan on sbtest2  (cost=34.56..3828.73 rows=988 width=121)
	              Recheck Cond: ((id >= 3160701) AND (id <= 3161700))
	              ->  Bitmap Index Scan on sbtest2_pkey  (cost=0.00..34.32 rows=988 width=0)
	                    Index Cond: ((id >= 3160701) AND (id <= 3161700))

table 3 : explain SELECT DISTINCT c FROM sbtest3 WHERE id BETWEEN 1085363 AND 1086362 ORDER BY c
	Unique  (cost=3976.98..3982.05 rows=1014 width=121)
	  ->  Sort  (cost=3976.98..3979.51 rows=1014 width=121)
	        Sort Key: c
	        ->  Bitmap Heap Scan on sbtest3  (cost=34.83..3926.35 rows=1014 width=121)
	              Recheck Cond: ((id >= 1085363) AND (id <= 1086362))
	              ->  Bitmap Index Scan on sbtest3_pkey  (cost=0.00..34.58 rows=1014 width=0)
	                    Index Cond: ((id >= 1085363) AND (id <= 1086362))

table 4 : explain SELECT DISTINCT c FROM sbtest4 WHERE id BETWEEN 7132433 AND 7133432 ORDER BY c
	Unique  (cost=4249.61..4255.03 rows=1085 width=121)
	  ->  Sort  (cost=4249.61..4252.32 rows=1085 width=121)
	        Sort Key: c
	        ->  Bitmap Heap Scan on sbtest4  (cost=35.56..4194.90 rows=1085 width=121)
	              Recheck Cond: ((id >= 7132433) AND (id <= 7133432))
	              ->  Bitmap Index Scan on sbtest4_pkey  (cost=0.00..35.29 rows=1085 width=0)
	                    Index Cond: ((id >= 7132433) AND (id <= 7133432))

table 5 : explain SELECT DISTINCT c FROM sbtest5 WHERE id BETWEEN 8274766 AND 8275765 ORDER BY c
	Unique  (cost=3650.09..3654.74 rows=929 width=121)
	  ->  Sort  (cost=3650.09..3652.42 rows=929 width=121)
	        Sort Key: c
	        ->  Bitmap Heap Scan on sbtest5  (cost=29.96..3604.30 rows=929 width=121)
	              Recheck Cond: ((id >= 8274766) AND (id <= 8275765))
	              ->  Bitmap Index Scan on sbtest5_pkey  (cost=0.00..29.72 rows=929 width=0)
	                    Index Cond: ((id >= 8274766) AND (id <= 8275765))

table 6 : explain SELECT DISTINCT c FROM sbtest6 WHERE id BETWEEN 884848 AND 885847 ORDER BY c
	Unique  (cost=3591.40..3595.97 rows=914 width=121)
	  ->  Sort  (cost=3591.40..3593.69 rows=914 width=121)
	        Sort Key: c
	        ->  Bitmap Heap Scan on sbtest6  (cost=29.80..3546.45 rows=914 width=121)
	              Recheck Cond: ((id >= 884848) AND (id <= 885847))
	              ->  Bitmap Index Scan on sbtest6_pkey  (cost=0.00..29.57 rows=914 width=0)
	                    Index Cond: ((id >= 884848) AND (id <= 885847))

table 7 : explain SELECT DISTINCT c FROM sbtest7 WHERE id BETWEEN 5129780 AND 5130779 ORDER BY c
	Unique  (cost=4189.60..4194.94 rows=1069 width=121)
	  ->  Sort  (cost=4189.60..4192.27 rows=1069 width=121)
	        Sort Key: c
	        ->  Bitmap Heap Scan on sbtest7  (cost=35.39..4135.82 rows=1069 width=121)
	              Recheck Cond: ((id >= 5129780) AND (id <= 5130779))
	              ->  Bitmap Index Scan on sbtest7_pkey  (cost=0.00..35.12 rows=1069 width=0)
	                    Index Cond: ((id >= 5129780) AND (id <= 5130779))

table 8 : explain SELECT DISTINCT c FROM sbtest8 WHERE id BETWEEN 2652331 AND 2653330 ORDER BY c
	Unique  (cost=3911.00..3915.98 rows=996 width=121)
	  ->  Sort  (cost=3911.00..3913.49 rows=996 width=121)
	        Sort Key: c
	        ->  Bitmap Heap Scan on sbtest8  (cost=34.64..3861.40 rows=996 width=121)
	              Recheck Cond: ((id >= 2652331) AND (id <= 2653330))
	              ->  Bitmap Index Scan on sbtest8_pkey  (cost=0.00..34.40 rows=996 width=0)
	                    Index Cond: ((id >= 2652331) AND (id <= 2653330))

for point_selects
table 1 : explain SELECT c FROM sbtest1 WHERE id=8939136
	Index Scan using sbtest1_pkey on sbtest1  (cost=0.43..8.45 rows=1 width=121)
	  Index Cond: (id = 8939136)

table 2 : explain SELECT c FROM sbtest2 WHERE id=5554030
	Index Scan using sbtest2_pkey on sbtest2  (cost=0.43..8.45 rows=1 width=121)
	  Index Cond: (id = 5554030)

table 3 : explain SELECT c FROM sbtest3 WHERE id=6262741
	Index Scan using sbtest3_pkey on sbtest3  (cost=0.43..8.45 rows=1 width=121)
	  Index Cond: (id = 6262741)

table 4 : explain SELECT c FROM sbtest4 WHERE id=9114304
	Index Scan using sbtest4_pkey on sbtest4  (cost=0.43..8.45 rows=1 width=121)
	  Index Cond: (id = 9114304)

table 5 : explain SELECT c FROM sbtest5 WHERE id=3764828
	Index Scan using sbtest5_pkey on sbtest5  (cost=0.43..8.45 rows=1 width=121)
	  Index Cond: (id = 3764828)

table 6 : explain SELECT c FROM sbtest6 WHERE id=4851051
	Index Scan using sbtest6_pkey on sbtest6  (cost=0.43..8.45 rows=1 width=121)
	  Index Cond: (id = 4851051)

table 7 : explain SELECT c FROM sbtest7 WHERE id=3779013
	Index Scan using sbtest7_pkey on sbtest7  (cost=0.43..8.45 rows=1 width=121)
	  Index Cond: (id = 3779013)

table 8 : explain SELECT c FROM sbtest8 WHERE id=6876951
	Index Scan using sbtest8_pkey on sbtest8  (cost=0.43..8.45 rows=1 width=121)
	  Index Cond: (id = 6876951)

explain: for point_selects :: explain SELECT c FROM sbtest%u WHERE id=%u
for: order_ranges
table 1 : explain SELECT c FROM sbtest1 WHERE id BETWEEN 9477542 AND 9478541 ORDER BY c
	Sort  (cost=3737.84..3740.22 rows=950 width=121)
	  Sort Key: c
	  ->  Bitmap Heap Scan on sbtest1  (cost=34.17..3690.86 rows=950 width=121)
	        Recheck Cond: ((id >= 9477542) AND (id <= 9478541))
	        ->  Bitmap Index Scan on sbtest1_pkey  (cost=0.00..33.94 rows=950 width=0)
	              Index Cond: ((id >= 9477542) AND (id <= 9478541))

table 2 : explain SELECT c FROM sbtest2 WHERE id BETWEEN 4452935 AND 4453934 ORDER BY c
	Sort  (cost=3808.99..3811.41 rows=970 width=121)
	  Sort Key: c
	  ->  Bitmap Heap Scan on sbtest2  (cost=34.38..3760.87 rows=970 width=121)
	        Recheck Cond: ((id >= 4452935) AND (id <= 4453934))
	        ->  Bitmap Index Scan on sbtest2_pkey  (cost=0.00..34.14 rows=970 width=0)
	              Index Cond: ((id >= 4452935) AND (id <= 4453934))

table 3 : explain SELECT c FROM sbtest3 WHERE id BETWEEN 9354037 AND 9355036 ORDER BY c
	Sort  (cost=3513.42..3515.65 rows=894 width=121)
	  Sort Key: c
	  ->  Bitmap Heap Scan on sbtest3  (cost=29.60..3469.59 rows=894 width=121)
	        Recheck Cond: ((id >= 9354037) AND (id <= 9355036))
	        ->  Bitmap Index Scan on sbtest3_pkey  (cost=0.00..29.37 rows=894 width=0)
	              Index Cond: ((id >= 9354037) AND (id <= 9355036))

table 4 : explain SELECT c FROM sbtest4 WHERE id BETWEEN 3864017 AND 3865016 ORDER BY c
	Sort  (cost=3545.29..3547.54 rows=902 width=121)
	  Sort Key: c
	  ->  Bitmap Heap Scan on sbtest4  (cost=29.68..3501.01 rows=902 width=121)
	        Recheck Cond: ((id >= 3864017) AND (id <= 3865016))
	        ->  Bitmap Index Scan on sbtest4_pkey  (cost=0.00..29.45 rows=902 width=0)
	              Index Cond: ((id >= 3864017) AND (id <= 3865016))

table 5 : explain SELECT c FROM sbtest5 WHERE id BETWEEN 9186267 AND 9187266 ORDER BY c
	Sort  (cost=3703.96..3706.32 rows=942 width=121)
	  Sort Key: c
	  ->  Bitmap Heap Scan on sbtest5  (cost=34.09..3657.43 rows=942 width=121)
	        Recheck Cond: ((id >= 9186267) AND (id <= 9187266))
	        ->  Bitmap Index Scan on sbtest5_pkey  (cost=0.00..33.86 rows=942 width=0)
	              Index Cond: ((id >= 9186267) AND (id <= 9187266))

table 6 : explain SELECT c FROM sbtest6 WHERE id BETWEEN 4412013 AND 4413012 ORDER BY c
	Sort  (cost=4043.46..4046.03 rows=1031 width=121)
	  Sort Key: c
	  ->  Bitmap Heap Scan on sbtest6  (cost=35.00..3991.86 rows=1031 width=121)
	        Recheck Cond: ((id >= 4412013) AND (id <= 4413012))
	        ->  Bitmap Index Scan on sbtest6_pkey  (cost=0.00..34.75 rows=1031 width=0)
	              Index Cond: ((id >= 4412013) AND (id <= 4413012))

table 7 : explain SELECT c FROM sbtest7 WHERE id BETWEEN 9816672 AND 9817671 ORDER BY c
	Sort  (cost=4124.65..4127.28 rows=1052 width=121)
	  Sort Key: c
	  ->  Bitmap Heap Scan on sbtest7  (cost=35.22..4071.85 rows=1052 width=121)
	        Recheck Cond: ((id >= 9816672) AND (id <= 9817671))
	        ->  Bitmap Index Scan on sbtest7_pkey  (cost=0.00..34.95 rows=1052 width=0)
	              Index Cond: ((id >= 9816672) AND (id <= 9817671))

table 8 : explain SELECT c FROM sbtest8 WHERE id BETWEEN 1554952 AND 1555951 ORDER BY c
	Sort  (cost=3956.94..3959.46 rows=1008 width=121)
	  Sort Key: c
	  ->  Bitmap Heap Scan on sbtest8  (cost=34.77..3906.65 rows=1008 width=121)
	        Recheck Cond: ((id >= 1554952) AND (id <= 1555951))
	        ->  Bitmap Index Scan on sbtest8_pkey  (cost=0.00..34.52 rows=1008 width=0)
	              Index Cond: ((id >= 1554952) AND (id <= 1555951))

for: sum_ranges
table 1 : explain SELECT SUM(k) FROM sbtest1 WHERE id BETWEEN 926685 AND 927684
	Aggregate  (cost=3829.41..3829.42 rows=1 width=8)
	  ->  Bitmap Heap Scan on sbtest1  (cost=34.54..3826.95 rows=986 width=4)
	        Recheck Cond: ((id >= 926685) AND (id <= 927684))
	        ->  Bitmap Index Scan on sbtest1_pkey  (cost=0.00..34.30 rows=986 width=0)
	              Index Cond: ((id >= 926685) AND (id <= 927684))

table 2 : explain SELECT SUM(k) FROM sbtest2 WHERE id BETWEEN 8444371 AND 8445370
	Aggregate  (cost=3695.34..3695.35 rows=1 width=8)
	  ->  Bitmap Heap Scan on sbtest2  (cost=34.19..3692.96 rows=952 width=4)
	        Recheck Cond: ((id >= 8444371) AND (id <= 8445370))
	        ->  Bitmap Index Scan on sbtest2_pkey  (cost=0.00..33.95 rows=952 width=0)
	              Index Cond: ((id >= 8444371) AND (id <= 8445370))

table 3 : explain SELECT SUM(k) FROM sbtest3 WHERE id BETWEEN 1018136 AND 1019135
	Aggregate  (cost=3928.88..3928.89 rows=1 width=8)
	  ->  Bitmap Heap Scan on sbtest3  (cost=34.83..3926.35 rows=1014 width=4)
	        Recheck Cond: ((id >= 1018136) AND (id <= 1019135))
	        ->  Bitmap Index Scan on sbtest3_pkey  (cost=0.00..34.58 rows=1014 width=0)
	              Index Cond: ((id >= 1018136) AND (id <= 1019135))

table 4 : explain SELECT SUM(k) FROM sbtest4 WHERE id BETWEEN 6567066 AND 6568065
	Aggregate  (cost=4001.89..4001.90 rows=1 width=8)
	  ->  Bitmap Heap Scan on sbtest4  (cost=35.02..3999.30 rows=1033 width=4)
	        Recheck Cond: ((id >= 6567066) AND (id <= 6568065))
	        ->  Bitmap Index Scan on sbtest4_pkey  (cost=0.00..34.77 rows=1033 width=0)
	              Index Cond: ((id >= 6567066) AND (id <= 6568065))

table 5 : explain SELECT SUM(k) FROM sbtest5 WHERE id BETWEEN 8726671 AND 8727670
	Aggregate  (cost=3682.47..3682.48 rows=1 width=8)
	  ->  Bitmap Heap Scan on sbtest5  (cost=34.15..3680.10 rows=948 width=4)
	        Recheck Cond: ((id >= 8726671) AND (id <= 8727670))
	        ->  Bitmap Index Scan on sbtest5_pkey  (cost=0.00..33.92 rows=948 width=0)
	              Index Cond: ((id >= 8726671) AND (id <= 8727670))

table 6 : explain SELECT SUM(k) FROM sbtest6 WHERE id BETWEEN 634478 AND 635477
	Aggregate  (cost=3374.58..3374.59 rows=1 width=8)
	  ->  Bitmap Heap Scan on sbtest6  (cost=29.33..3372.41 rows=868 width=4)
	        Recheck Cond: ((id >= 634478) AND (id <= 635477))
	        ->  Bitmap Index Scan on sbtest6_pkey  (cost=0.00..29.11 rows=868 width=0)
	              Index Cond: ((id >= 634478) AND (id <= 635477))

table 7 : explain SELECT SUM(k) FROM sbtest7 WHERE id BETWEEN 559104 AND 560103
	Aggregate  (cost=3821.85..3821.86 rows=1 width=8)
	  ->  Bitmap Heap Scan on sbtest7  (cost=34.53..3819.39 rows=985 width=4)
	        Recheck Cond: ((id >= 559104) AND (id <= 560103))
	        ->  Bitmap Index Scan on sbtest7_pkey  (cost=0.00..34.29 rows=985 width=0)
	              Index Cond: ((id >= 559104) AND (id <= 560103))

table 8 : explain SELECT SUM(k) FROM sbtest8 WHERE id BETWEEN 9514936 AND 9515935
	Aggregate  (cost=3712.82..3712.83 rows=1 width=8)
	  ->  Bitmap Heap Scan on sbtest8  (cost=34.23..3710.43 rows=956 width=4)
	        Recheck Cond: ((id >= 9514936) AND (id <= 9515935))
	        ->  Bitmap Index Scan on sbtest8_pkey  (cost=0.00..34.00 rows=956 width=0)
	              Index Cond: ((id >= 9514936) AND (id <= 9515935))

for: order_ranges
table 1 : explain SELECT c FROM sbtest1 WHERE id BETWEEN 3281763 AND 3282762 ORDER BY c
	Sort  (cost=3760.88..3763.27 rows=956 width=121)
	  Sort Key: c
	  ->  Bitmap Heap Scan on sbtest1  (cost=34.23..3713.55 rows=956 width=121)
	        Recheck Cond: ((id >= 3281763) AND (id <= 3282762))
	        ->  Bitmap Index Scan on sbtest1_pkey  (cost=0.00..34.00 rows=956 width=0)
	              Index Cond: ((id >= 3281763) AND (id <= 3282762))

table 2 : explain SELECT c FROM sbtest2 WHERE id BETWEEN 7359065 AND 7360064 ORDER BY c
	Sort  (cost=4221.72..4224.41 rows=1078 width=121)
	  Sort Key: c
	  ->  Bitmap Heap Scan on sbtest2  (cost=35.48..4167.42 rows=1078 width=121)
	        Recheck Cond: ((id >= 7359065) AND (id <= 7360064))
	        ->  Bitmap Index Scan on sbtest2_pkey  (cost=0.00..35.22 rows=1078 width=0)
	              Index Cond: ((id >= 7359065) AND (id <= 7360064))

table 3 : explain SELECT c FROM sbtest3 WHERE id BETWEEN 2456273 AND 2457272 ORDER BY c
	Sort  (cost=3919.63..3922.13 rows=999 width=121)
	  Sort Key: c
	  ->  Bitmap Heap Scan on sbtest3  (cost=34.67..3869.86 rows=999 width=121)
	        Recheck Cond: ((id >= 2456273) AND (id <= 2457272))
	        ->  Bitmap Index Scan on sbtest3_pkey  (cost=0.00..34.43 rows=999 width=0)
	              Index Cond: ((id >= 2456273) AND (id <= 2457272))

table 4 : explain SELECT c FROM sbtest4 WHERE id BETWEEN 8769636 AND 8770635 ORDER BY c
	Sort  (cost=3741.04..3743.42 rows=952 width=121)
	  Sort Key: c
	  ->  Bitmap Heap Scan on sbtest4  (cost=34.19..3693.94 rows=952 width=121)
	        Recheck Cond: ((id >= 8769636) AND (id <= 8770635))
	        ->  Bitmap Index Scan on sbtest4_pkey  (cost=0.00..33.95 rows=952 width=0)
	              Index Cond: ((id >= 8769636) AND (id <= 8770635))

table 5 : explain SELECT c FROM sbtest5 WHERE id BETWEEN 6485656 AND 6486655 ORDER BY c
	Sort  (cost=3749.97..3752.36 rows=954 width=121)
	  Sort Key: c
	  ->  Bitmap Heap Scan on sbtest5  (cost=34.21..3702.76 rows=954 width=121)
	        Recheck Cond: ((id >= 6485656) AND (id <= 6486655))
	        ->  Bitmap Index Scan on sbtest5_pkey  (cost=0.00..33.98 rows=954 width=0)
	              Index Cond: ((id >= 6485656) AND (id <= 6486655))

table 6 : explain SELECT c FROM sbtest6 WHERE id BETWEEN 6342806 AND 6343805 ORDER BY c
	Sort  (cost=4077.85..4080.45 rows=1040 width=121)
	  Sort Key: c
	  ->  Bitmap Heap Scan on sbtest6  (cost=35.09..4025.74 rows=1040 width=121)
	        Recheck Cond: ((id >= 6342806) AND (id <= 6343805))
	        ->  Bitmap Index Scan on sbtest6_pkey  (cost=0.00..34.84 rows=1040 width=0)
	              Index Cond: ((id >= 6342806) AND (id <= 6343805))

table 7 : explain SELECT c FROM sbtest7 WHERE id BETWEEN 9698900 AND 9699899 ORDER BY c
	Sort  (cost=3810.91..3813.34 rows=970 width=121)
	  Sort Key: c
	  ->  Bitmap Heap Scan on sbtest7  (cost=34.38..3762.79 rows=970 width=121)
	        Recheck Cond: ((id >= 9698900) AND (id <= 9699899))
	        ->  Bitmap Index Scan on sbtest7_pkey  (cost=0.00..34.14 rows=970 width=0)
	              Index Cond: ((id >= 9698900) AND (id <= 9699899))

table 8 : explain SELECT c FROM sbtest8 WHERE id BETWEEN 6086114 AND 6087113 ORDER BY c
	Sort  (cost=3956.94..3959.46 rows=1008 width=121)
	  Sort Key: c
	  ->  Bitmap Heap Scan on sbtest8  (cost=34.77..3906.65 rows=1008 width=121)
	        Recheck Cond: ((id >= 6086114) AND (id <= 6087113))
	        ->  Bitmap Index Scan on sbtest8_pkey  (cost=0.00..34.52 rows=1008 width=0)
	              Index Cond: ((id >= 6086114) AND (id <= 6087113))

for: sum_ranges
table 1 : explain SELECT SUM(k) FROM sbtest1 WHERE id BETWEEN 4939020 AND 4940019
	Aggregate  (cost=3586.99..3587.00 rows=1 width=8)
	  ->  Bitmap Heap Scan on sbtest1  (cost=29.90..3584.68 rows=923 width=4)
	        Recheck Cond: ((id >= 4939020) AND (id <= 4940019))
	        ->  Bitmap Index Scan on sbtest1_pkey  (cost=0.00..29.66 rows=923 width=0)
	              Index Cond: ((id >= 4939020) AND (id <= 4940019))

table 2 : explain SELECT SUM(k) FROM sbtest2 WHERE id BETWEEN 3530874 AND 3531873
	Aggregate  (cost=4061.02..4061.03 rows=1 width=8)
	  ->  Bitmap Heap Scan on sbtest2  (cost=35.19..4058.40 rows=1049 width=4)
	        Recheck Cond: ((id >= 3530874) AND (id <= 3531873))
	        ->  Bitmap Index Scan on sbtest2_pkey  (cost=0.00..34.93 rows=1049 width=0)
	              Index Cond: ((id >= 3530874) AND (id <= 3531873))

table 3 : explain SELECT SUM(k) FROM sbtest3 WHERE id BETWEEN 359042 AND 360041
	Aggregate  (cost=3894.97..3894.98 rows=1 width=8)
	  ->  Bitmap Heap Scan on sbtest3  (cost=34.74..3892.46 rows=1005 width=4)
	        Recheck Cond: ((id >= 359042) AND (id <= 360041))
	        ->  Bitmap Index Scan on sbtest3_pkey  (cost=0.00..34.48 rows=1005 width=0)
	              Index Cond: ((id >= 359042) AND (id <= 360041))

table 4 : explain SELECT SUM(k) FROM sbtest4 WHERE id BETWEEN 6258543 AND 6259542
	Aggregate  (cost=3529.76..3529.77 rows=1 width=8)
	  ->  Bitmap Heap Scan on sbtest4  (cost=29.75..3527.48 rows=909 width=4)
	        Recheck Cond: ((id >= 6258543) AND (id <= 6259542))
	        ->  Bitmap Index Scan on sbtest4_pkey  (cost=0.00..29.52 rows=909 width=0)
	              Index Cond: ((id >= 6258543) AND (id <= 6259542))

table 5 : explain SELECT SUM(k) FROM sbtest5 WHERE id BETWEEN 5131582 AND 5132581
	Aggregate  (cost=3875.09..3875.10 rows=1 width=8)
	  ->  Bitmap Heap Scan on sbtest5  (cost=34.67..3872.59 rows=999 width=4)
	        Recheck Cond: ((id >= 5131582) AND (id <= 5132581))
	        ->  Bitmap Index Scan on sbtest5_pkey  (cost=0.00..34.43 rows=999 width=0)
	              Index Cond: ((id >= 5131582) AND (id <= 5132581))

table 6 : explain SELECT SUM(k) FROM sbtest6 WHERE id BETWEEN 441741 AND 442740
	Aggregate  (cost=3601.69..3601.70 rows=1 width=8)
	  ->  Bitmap Heap Scan on sbtest6  (cost=29.95..3599.37 rows=928 width=4)
	        Recheck Cond: ((id >= 441741) AND (id <= 442740))
	        ->  Bitmap Index Scan on sbtest6_pkey  (cost=0.00..29.71 rows=928 width=0)
	              Index Cond: ((id >= 441741) AND (id <= 442740))

table 7 : explain SELECT SUM(k) FROM sbtest7 WHERE id BETWEEN 4042686 AND 4043685
	Aggregate  (cost=3923.73..3923.74 rows=1 width=8)
	  ->  Bitmap Heap Scan on sbtest7  (cost=34.81..3921.20 rows=1012 width=4)
	        Recheck Cond: ((id >= 4042686) AND (id <= 4043685))
	        ->  Bitmap Index Scan on sbtest7_pkey  (cost=0.00..34.56 rows=1012 width=0)
	              Index Cond: ((id >= 4042686) AND (id <= 4043685))

table 8 : explain SELECT SUM(k) FROM sbtest8 WHERE id BETWEEN 6376135 AND 6377134
	Aggregate  (cost=4267.02..4267.03 rows=1 width=8)
	  ->  Bitmap Heap Scan on sbtest8  (cost=35.74..4264.26 rows=1103 width=4)
	        Recheck Cond: ((id >= 6376135) AND (id <= 6377134))
	        ->  Bitmap Index Scan on sbtest8_pkey  (cost=0.00..35.47 rows=1103 width=0)
	              Index Cond: ((id >= 6376135) AND (id <= 6377134))

for: order_ranges
table 1 : explain SELECT c FROM sbtest1 WHERE id BETWEEN 1256443 AND 1257442 ORDER BY c
	Sort  (cost=3407.07..3409.23 rows=865 width=121)
	  Sort Key: c
	  ->  Bitmap Heap Scan on sbtest1  (cost=29.30..3364.87 rows=865 width=121)
	        Recheck Cond: ((id >= 1256443) AND (id <= 1257442))
	        ->  Bitmap Index Scan on sbtest1_pkey  (cost=0.00..29.08 rows=865 width=0)
	              Index Cond: ((id >= 1256443) AND (id <= 1257442))

table 2 : explain SELECT c FROM sbtest2 WHERE id BETWEEN 9217456 AND 9218455 ORDER BY c
	Sort  (cost=3931.43..3933.93 rows=1002 width=121)
	  Sort Key: c
	  ->  Bitmap Heap Scan on sbtest2  (cost=34.71..3881.48 rows=1002 width=121)
	        Recheck Cond: ((id >= 9217456) AND (id <= 9218455))
	        ->  Bitmap Index Scan on sbtest2_pkey  (cost=0.00..34.45 rows=1002 width=0)
	              Index Cond: ((id >= 9217456) AND (id <= 9218455))

table 3 : explain SELECT c FROM sbtest3 WHERE id BETWEEN 3365226 AND 3366225 ORDER BY c
	Sort  (cost=3789.54..3791.95 rows=965 width=121)
	  Sort Key: c
	  ->  Bitmap Heap Scan on sbtest3  (cost=34.33..3741.70 rows=965 width=121)
	        Recheck Cond: ((id >= 3365226) AND (id <= 3366225))
	        ->  Bitmap Index Scan on sbtest3_pkey  (cost=0.00..34.09 rows=965 width=0)
	              Index Cond: ((id >= 3365226) AND (id <= 3366225))

table 4 : explain SELECT c FROM sbtest4 WHERE id BETWEEN 6941067 AND 6942066 ORDER BY c
	Sort  (cost=3886.56..3889.04 rows=990 width=121)
	  Sort Key: c
	  ->  Bitmap Heap Scan on sbtest4  (cost=34.58..3837.30 rows=990 width=121)
	        Recheck Cond: ((id >= 6941067) AND (id <= 6942066))
	        ->  Bitmap Index Scan on sbtest4_pkey  (cost=0.00..34.34 rows=990 width=0)
	              Index Cond: ((id >= 6941067) AND (id <= 6942066))

table 5 : explain SELECT c FROM sbtest5 WHERE id BETWEEN 2810140 AND 2811139 ORDER BY c
	Sort  (cost=3998.90..4001.45 rows=1019 width=121)
	  Sort Key: c
	  ->  Bitmap Heap Scan on sbtest5  (cost=34.88..3947.99 rows=1019 width=121)
	        Recheck Cond: ((id >= 2810140) AND (id <= 2811139))
	        ->  Bitmap Index Scan on sbtest5_pkey  (cost=0.00..34.62 rows=1019 width=0)
	              Index Cond: ((id >= 2810140) AND (id <= 2811139))

table 6 : explain SELECT c FROM sbtest6 WHERE id BETWEEN 9476150 AND 9477149 ORDER BY c
	Sort  (cost=3806.24..3808.66 rows=969 width=121)
	  Sort Key: c
	  ->  Bitmap Heap Scan on sbtest6  (cost=34.37..3758.17 rows=969 width=121)
	        Recheck Cond: ((id >= 9476150) AND (id <= 9477149))
	        ->  Bitmap Index Scan on sbtest6_pkey  (cost=0.00..34.12 rows=969 width=0)
	              Index Cond: ((id >= 9476150) AND (id <= 9477149))

table 7 : explain SELECT c FROM sbtest7 WHERE id BETWEEN 8499223 AND 8500222 ORDER BY c
	Sort  (cost=3703.59..3705.95 rows=942 width=121)
	  Sort Key: c
	  ->  Bitmap Heap Scan on sbtest7  (cost=34.09..3657.06 rows=942 width=121)
	        Recheck Cond: ((id >= 8499223) AND (id <= 8500222))
	        ->  Bitmap Index Scan on sbtest7_pkey  (cost=0.00..33.86 rows=942 width=0)
	              Index Cond: ((id >= 8499223) AND (id <= 8500222))

table 8 : explain SELECT c FROM sbtest8 WHERE id BETWEEN 926145 AND 927144 ORDER BY c
	Sort  (cost=4167.26..4169.92 rows=1063 width=121)
	  Sort Key: c
	  ->  Bitmap Heap Scan on sbtest8  (cost=35.33..4113.82 rows=1063 width=121)
	        Recheck Cond: ((id >= 926145) AND (id <= 927144))
	        ->  Bitmap Index Scan on sbtest8_pkey  (cost=0.00..35.07 rows=1063 width=0)
	              Index Cond: ((id >= 926145) AND (id <= 927144))

for: distinct_ranges
table 1 : explain SELECT DISTINCT c FROM sbtest1 WHERE id BETWEEN 2116878 AND 2117877 ORDER BY c
	Unique  (cost=4167.09..4172.40 rows=1062 width=121)
	  ->  Sort  (cost=4167.09..4169.75 rows=1062 width=121)
	        Sort Key: c
	        ->  Bitmap Heap Scan on sbtest1  (cost=35.32..4113.71 rows=1062 width=121)
	              Recheck Cond: ((id >= 2116878) AND (id <= 2117877))
	              ->  Bitmap Index Scan on sbtest1_pkey  (cost=0.00..35.06 rows=1062 width=0)
	                    Index Cond: ((id >= 2116878) AND (id <= 2117877))

table 2 : explain SELECT DISTINCT c FROM sbtest2 WHERE id BETWEEN 4777424 AND 4778423 ORDER BY c
	Unique  (cost=4153.03..4158.33 rows=1060 width=121)
	  ->  Sort  (cost=4153.03..4155.68 rows=1060 width=121)
	        Sort Key: c
	        ->  Bitmap Heap Scan on sbtest2  (cost=35.30..4099.76 rows=1060 width=121)
	              Recheck Cond: ((id >= 4777424) AND (id <= 4778423))
	              ->  Bitmap Index Scan on sbtest2_pkey  (cost=0.00..35.04 rows=1060 width=0)
	                    Index Cond: ((id >= 4777424) AND (id <= 4778423))

table 3 : explain SELECT DISTINCT c FROM sbtest3 WHERE id BETWEEN 2178911 AND 2179910 ORDER BY c
	Unique  (cost=3881.38..3886.33 rows=989 width=121)
	  ->  Sort  (cost=3881.38..3883.86 rows=989 width=121)
	        Sort Key: c
	        ->  Bitmap Heap Scan on sbtest3  (cost=34.57..3832.18 rows=989 width=121)
	              Recheck Cond: ((id >= 2178911) AND (id <= 2179910))
	              ->  Bitmap Index Scan on sbtest3_pkey  (cost=0.00..34.33 rows=989 width=0)
	                    Index Cond: ((id >= 2178911) AND (id <= 2179910))

table 4 : explain SELECT DISTINCT c FROM sbtest4 WHERE id BETWEEN 1943527 AND 1944526 ORDER BY c
	Unique  (cost=3449.29..3453.68 rows=877 width=121)
	  ->  Sort  (cost=3449.29..3451.49 rows=877 width=121)
	        Sort Key: c
	        ->  Bitmap Heap Scan on sbtest4  (cost=29.42..3406.42 rows=877 width=121)
	              Recheck Cond: ((id >= 1943527) AND (id <= 1944526))
	              ->  Bitmap Index Scan on sbtest4_pkey  (cost=0.00..29.20 rows=877 width=0)
	                    Index Cond: ((id >= 1943527) AND (id <= 1944526))

table 5 : explain SELECT DISTINCT c FROM sbtest5 WHERE id BETWEEN 6482142 AND 6483141 ORDER BY c
	Unique  (cost=3749.97..3754.74 rows=954 width=121)
	  ->  Sort  (cost=3749.97..3752.36 rows=954 width=121)
	        Sort Key: c
	        ->  Bitmap Heap Scan on sbtest5  (cost=34.21..3702.76 rows=954 width=121)
	              Recheck Cond: ((id >= 6482142) AND (id <= 6483141))
	              ->  Bitmap Index Scan on sbtest5_pkey  (cost=0.00..33.98 rows=954 width=0)
	                    Index Cond: ((id >= 6482142) AND (id <= 6483141))

table 6 : explain SELECT DISTINCT c FROM sbtest6 WHERE id BETWEEN 8549585 AND 8550584 ORDER BY c
	Unique  (cost=3314.83..3319.04 rows=842 width=121)
	  ->  Sort  (cost=3314.83..3316.93 rows=842 width=121)
	        Sort Key: c
	        ->  Bitmap Heap Scan on sbtest6  (cost=29.07..3273.92 rows=842 width=121)
	              Recheck Cond: ((id >= 8549585) AND (id <= 8550584))
	              ->  Bitmap Index Scan on sbtest6_pkey  (cost=0.00..28.86 rows=842 width=0)
	                    Index Cond: ((id >= 8549585) AND (id <= 8550584))

table 7 : explain SELECT DISTINCT c FROM sbtest7 WHERE id BETWEEN 9462796 AND 9463795 ORDER BY c
	Unique  (cost=3921.96..3926.96 rows=999 width=121)
	  ->  Sort  (cost=3921.96..3924.46 rows=999 width=121)
	        Sort Key: c
	        ->  Bitmap Heap Scan on sbtest7  (cost=34.67..3872.19 rows=999 width=121)
	              Recheck Cond: ((id >= 9462796) AND (id <= 9463795))
	              ->  Bitmap Index Scan on sbtest7_pkey  (cost=0.00..34.43 rows=999 width=0)
	                    Index Cond: ((id >= 9462796) AND (id <= 9463795))

table 8 : explain SELECT DISTINCT c FROM sbtest8 WHERE id BETWEEN 3598334 AND 3599333 ORDER BY c
	Unique  (cost=3761.59..3766.38 rows=957 width=121)
	  ->  Sort  (cost=3761.59..3763.98 rows=957 width=121)
	        Sort Key: c
	        ->  Bitmap Heap Scan on sbtest8  (cost=34.24..3714.21 rows=957 width=121)
	              Recheck Cond: ((id >= 3598334) AND (id <= 3599333))
	              ->  Bitmap Index Scan on sbtest8_pkey  (cost=0.00..34.01 rows=957 width=0)
	                    Index Cond: ((id >= 3598334) AND (id <= 3599333))

for point_selects
table 1 : explain SELECT c FROM sbtest1 WHERE id=3645351
	Index Scan using sbtest1_pkey on sbtest1  (cost=0.43..8.45 rows=1 width=121)
	  Index Cond: (id = 3645351)

table 2 : explain SELECT c FROM sbtest2 WHERE id=5839148
	Index Scan using sbtest2_pkey on sbtest2  (cost=0.43..8.45 rows=1 width=121)
	  Index Cond: (id = 5839148)

table 3 : explain SELECT c FROM sbtest3 WHERE id=3139838
	Index Scan using sbtest3_pkey on sbtest3  (cost=0.43..8.45 rows=1 width=121)
	  Index Cond: (id = 3139838)

table 4 : explain SELECT c FROM sbtest4 WHERE id=750029
	Index Scan using sbtest4_pkey on sbtest4  (cost=0.43..8.45 rows=1 width=121)
	  Index Cond: (id = 750029)

table 5 : explain SELECT c FROM sbtest5 WHERE id=5536278
	Index Scan using sbtest5_pkey on sbtest5  (cost=0.43..8.45 rows=1 width=121)
	  Index Cond: (id = 5536278)

table 6 : explain SELECT c FROM sbtest6 WHERE id=6855353
	Index Scan using sbtest6_pkey on sbtest6  (cost=0.43..8.45 rows=1 width=121)
	  Index Cond: (id = 6855353)

table 7 : explain SELECT c FROM sbtest7 WHERE id=9116587
	Index Scan using sbtest7_pkey on sbtest7  (cost=0.43..8.45 rows=1 width=121)
	  Index Cond: (id = 9116587)

table 8 : explain SELECT c FROM sbtest8 WHERE id=1514958
	Index Scan using sbtest8_pkey on sbtest8  (cost=0.43..8.45 rows=1 width=121)
	  Index Cond: (id = 1514958)

for: distinct_ranges
table 1 : explain SELECT DISTINCT c FROM sbtest1 WHERE id BETWEEN 2238667 AND 2239666 ORDER BY c
	Unique  (cost=3803.09..3807.93 rows=967 width=121)
	  ->  Sort  (cost=3803.09..3805.51 rows=967 width=121)
	        Sort Key: c
	        ->  Bitmap Heap Scan on sbtest1  (cost=34.35..3755.14 rows=967 width=121)
	              Recheck Cond: ((id >= 2238667) AND (id <= 2239666))
	              ->  Bitmap Index Scan on sbtest1_pkey  (cost=0.00..34.11 rows=967 width=0)
	                    Index Cond: ((id >= 2238667) AND (id <= 2239666))

table 2 : explain SELECT DISTINCT c FROM sbtest2 WHERE id BETWEEN 1239527 AND 1240526 ORDER BY c
	Unique  (cost=3540.55..3545.06 rows=901 width=121)
	  ->  Sort  (cost=3540.55..3542.80 rows=901 width=121)
	        Sort Key: c
	        ->  Bitmap Heap Scan on sbtest2  (cost=29.67..3496.33 rows=901 width=121)
	              Recheck Cond: ((id >= 1239527) AND (id <= 1240526))
	              ->  Bitmap Index Scan on sbtest2_pkey  (cost=0.00..29.44 rows=901 width=0)
	                    Index Cond: ((id >= 1239527) AND (id <= 1240526))

table 3 : explain SELECT DISTINCT c FROM sbtest3 WHERE id BETWEEN 9785333 AND 9786332 ORDER BY c
	Unique  (cost=3739.76..3744.52 rows=952 width=121)
	  ->  Sort  (cost=3739.76..3742.14 rows=952 width=121)
	        Sort Key: c
	        ->  Bitmap Heap Scan on sbtest3  (cost=34.19..3692.66 rows=952 width=121)
	              Recheck Cond: ((id >= 9785333) AND (id <= 9786332))
	              ->  Bitmap Index Scan on sbtest3_pkey  (cost=0.00..33.95 rows=952 width=0)
	                    Index Cond: ((id >= 9785333) AND (id <= 9786332))

table 4 : explain SELECT DISTINCT c FROM sbtest4 WHERE id BETWEEN 6304853 AND 6305852 ORDER BY c
	Unique  (cost=3572.15..3576.70 rows=909 width=121)
	  ->  Sort  (cost=3572.15..3574.42 rows=909 width=121)
	        Sort Key: c
	        ->  Bitmap Heap Scan on sbtest4  (cost=29.75..3527.48 rows=909 width=121)
	              Recheck Cond: ((id >= 6304853) AND (id <= 6305852))
	              ->  Bitmap Index Scan on sbtest4_pkey  (cost=0.00..29.52 rows=909 width=0)
	                    Index Cond: ((id >= 6304853) AND (id <= 6305852))

table 5 : explain SELECT DISTINCT c FROM sbtest5 WHERE id BETWEEN 1735109 AND 1736108 ORDER BY c
	Unique  (cost=4113.62..4118.87 rows=1049 width=121)
	  ->  Sort  (cost=4113.62..4116.25 rows=1049 width=121)
	        Sort Key: c
	        ->  Bitmap Heap Scan on sbtest5  (cost=35.19..4060.99 rows=1049 width=121)
	              Recheck Cond: ((id >= 1735109) AND (id <= 1736108))
	              ->  Bitmap Index Scan on sbtest5_pkey  (cost=0.00..34.93 rows=1049 width=0)
	                    Index Cond: ((id >= 1735109) AND (id <= 1736108))

table 6 : explain SELECT DISTINCT c FROM sbtest6 WHERE id BETWEEN 3479397 AND 3480396 ORDER BY c
	Unique  (cost=3989.93..3995.02 rows=1017 width=121)
	  ->  Sort  (cost=3989.93..3992.47 rows=1017 width=121)
	        Sort Key: c
	        ->  Bitmap Heap Scan on sbtest6  (cost=34.86..3939.13 rows=1017 width=121)
	              Recheck Cond: ((id >= 3479397) AND (id <= 3480396))
	              ->  Bitmap Index Scan on sbtest6_pkey  (cost=0.00..34.61 rows=1017 width=0)
	                    Index Cond: ((id >= 3479397) AND (id <= 3480396))

table 7 : explain SELECT DISTINCT c FROM sbtest7 WHERE id BETWEEN 29677 AND 30676 ORDER BY c
	Unique  (cost=4002.31..4007.41 rows=1020 width=121)
	  ->  Sort  (cost=4002.31..4004.86 rows=1020 width=121)
	        Sort Key: c
	        ->  Bitmap Heap Scan on sbtest7  (cost=34.89..3951.34 rows=1020 width=121)
	              Recheck Cond: ((id >= 29677) AND (id <= 30676))
	              ->  Bitmap Index Scan on sbtest7_pkey  (cost=0.00..34.64 rows=1020 width=0)
	                    Index Cond: ((id >= 29677) AND (id <= 30676))

table 8 : explain SELECT DISTINCT c FROM sbtest8 WHERE id BETWEEN 3468173 AND 3469172 ORDER BY c
	Unique  (cost=3746.26..3751.02 rows=953 width=121)
	  ->  Sort  (cost=3746.26..3748.64 rows=953 width=121)
	        Sort Key: c
	        ->  Bitmap Heap Scan on sbtest8  (cost=34.20..3699.10 rows=953 width=121)
	              Recheck Cond: ((id >= 3468173) AND (id <= 3469172))
	              ->  Bitmap Index Scan on sbtest8_pkey  (cost=0.00..33.97 rows=953 width=0)
	                    Index Cond: ((id >= 3468173) AND (id <= 3469172))

explain: for point_selects :: explain SELECT c FROM sbtest%u WHERE id=%u
for: distinct_ranges
table 1 : explain SELECT DISTINCT c FROM sbtest1 WHERE id BETWEEN 5653547 AND 5654546 ORDER BY c
	Unique  (cost=3757.04..3761.81 rows=955 width=121)
	  ->  Sort  (cost=3757.04..3759.43 rows=955 width=121)
	        Sort Key: c
	        ->  Bitmap Heap Scan on sbtest1  (cost=34.22..3709.77 rows=955 width=121)
	              Recheck Cond: ((id >= 5653547) AND (id <= 5654546))
	              ->  Bitmap Index Scan on sbtest1_pkey  (cost=0.00..33.98 rows=955 width=0)
	                    Index Cond: ((id >= 5653547) AND (id <= 5654546))

table 2 : explain SELECT DISTINCT c FROM sbtest2 WHERE id BETWEEN 424806 AND 425805 ORDER BY c
	Unique  (cost=4057.56..4062.73 rows=1035 width=121)
	  ->  Sort  (cost=4057.56..4060.15 rows=1035 width=121)
	        Sort Key: c
	        ->  Bitmap Heap Scan on sbtest2  (cost=35.04..4005.73 rows=1035 width=121)
	              Recheck Cond: ((id >= 424806) AND (id <= 425805))
	              ->  Bitmap Index Scan on sbtest2_pkey  (cost=0.00..34.79 rows=1035 width=0)
	                    Index Cond: ((id >= 424806) AND (id <= 425805))

table 3 : explain SELECT DISTINCT c FROM sbtest3 WHERE id BETWEEN 2078562 AND 2079561 ORDER BY c
	Unique  (cost=4076.32..4081.52 rows=1040 width=121)
	  ->  Sort  (cost=4076.32..4078.92 rows=1040 width=121)
	        Sort Key: c
	        ->  Bitmap Heap Scan on sbtest3  (cost=35.09..4024.20 rows=1040 width=121)
	              Recheck Cond: ((id >= 2078562) AND (id <= 2079561))
	              ->  Bitmap Index Scan on sbtest3_pkey  (cost=0.00..34.84 rows=1040 width=0)
	                    Index Cond: ((id >= 2078562) AND (id <= 2079561))

table 4 : explain SELECT DISTINCT c FROM sbtest4 WHERE id BETWEEN 9856858 AND 9857857 ORDER BY c
	Unique  (cost=3966.91..3971.96 rows=1011 width=121)
	  ->  Sort  (cost=3966.91..3969.43 rows=1011 width=121)
	        Sort Key: c
	        ->  Bitmap Heap Scan on sbtest4  (cost=34.80..3916.45 rows=1011 width=121)
	              Recheck Cond: ((id >= 9856858) AND (id <= 9857857))
	              ->  Bitmap Index Scan on sbtest4_pkey  (cost=0.00..34.55 rows=1011 width=0)
	                    Index Cond: ((id >= 9856858) AND (id <= 9857857))

table 5 : explain SELECT DISTINCT c FROM sbtest5 WHERE id BETWEEN 7396370 AND 7397369 ORDER BY c
	Unique  (cost=3607.88..3612.47 rows=918 width=121)
	  ->  Sort  (cost=3607.88..3610.18 rows=918 width=121)
	        Sort Key: c
	        ->  Bitmap Heap Scan on sbtest5  (cost=29.84..3562.71 rows=918 width=121)
	              Recheck Cond: ((id >= 7396370) AND (id <= 7397369))
	              ->  Bitmap Index Scan on sbtest5_pkey  (cost=0.00..29.61 rows=918 width=0)
	                    Index Cond: ((id >= 7396370) AND (id <= 7397369))

table 6 : explain SELECT DISTINCT c FROM sbtest6 WHERE id BETWEEN 8125259 AND 8126258 ORDER BY c
	Unique  (cost=3633.60..3638.23 rows=925 width=121)
	  ->  Sort  (cost=3633.60..3635.91 rows=925 width=121)
	        Sort Key: c
	        ->  Bitmap Heap Scan on sbtest6  (cost=29.92..3588.03 rows=925 width=121)
	              Recheck Cond: ((id >= 8125259) AND (id <= 8126258))
	              ->  Bitmap Index Scan on sbtest6_pkey  (cost=0.00..29.68 rows=925 width=0)
	                    Index Cond: ((id >= 8125259) AND (id <= 8126258))

table 7 : explain SELECT DISTINCT c FROM sbtest7 WHERE id BETWEEN 4574720 AND 4575719 ORDER BY c
	Unique  (cost=4185.78..4191.12 rows=1068 width=121)
	  ->  Sort  (cost=4185.78..4188.45 rows=1068 width=121)
	        Sort Key: c
	        ->  Bitmap Heap Scan on sbtest7  (cost=35.38..4132.06 rows=1068 width=121)
	              Recheck Cond: ((id >= 4574720) AND (id <= 4575719))
	              ->  Bitmap Index Scan on sbtest7_pkey  (cost=0.00..35.12 rows=1068 width=0)
	                    Index Cond: ((id >= 4574720) AND (id <= 4575719))

table 8 : explain SELECT DISTINCT c FROM sbtest8 WHERE id BETWEEN 4428326 AND 4429325 ORDER BY c
	Unique  (cost=3964.59..3969.64 rows=1010 width=121)
	  ->  Sort  (cost=3964.59..3967.12 rows=1010 width=121)
	        Sort Key: c
	        ->  Bitmap Heap Scan on sbtest8  (cost=34.79..3914.19 rows=1010 width=121)
	              Recheck Cond: ((id >= 4428326) AND (id <= 4429325))
	              ->  Bitmap Index Scan on sbtest8_pkey  (cost=0.00..34.54 rows=1010 width=0)
	                    Index Cond: ((id >= 4428326) AND (id <= 4429325))

for: distinct_ranges
table 1 : explain SELECT DISTINCT c FROM sbtest1 WHERE id BETWEEN 1201540 AND 1202539 ORDER BY c
	Unique  (cost=3407.07..3411.40 rows=865 width=121)
	  ->  Sort  (cost=3407.07..3409.23 rows=865 width=121)
	        Sort Key: c
	        ->  Bitmap Heap Scan on sbtest1  (cost=29.30..3364.87 rows=865 width=121)
	              Recheck Cond: ((id >= 1201540) AND (id <= 1202539))
	              ->  Bitmap Index Scan on sbtest1_pkey  (cost=0.00..29.08 rows=865 width=0)
	                    Index Cond: ((id >= 1201540) AND (id <= 1202539))

table 2 : explain SELECT DISTINCT c FROM sbtest2 WHERE id BETWEEN 3296775 AND 3297774 ORDER BY c
	Unique  (cost=4164.48..4169.79 rows=1063 width=121)
	  ->  Sort  (cost=4164.48..4167.13 rows=1063 width=121)
	        Sort Key: c
	        ->  Bitmap Heap Scan on sbtest2  (cost=35.33..4111.04 rows=1063 width=121)
	              Recheck Cond: ((id >= 3296775) AND (id <= 3297774))
	              ->  Bitmap Index Scan on sbtest2_pkey  (cost=0.00..35.07 rows=1063 width=0)
	                    Index Cond: ((id >= 3296775) AND (id <= 3297774))

table 3 : explain SELECT DISTINCT c FROM sbtest3 WHERE id BETWEEN 8607996 AND 8608995 ORDER BY c
	Unique  (cost=4083.95..4089.16 rows=1042 width=121)
	  ->  Sort  (cost=4083.95..4086.56 rows=1042 width=121)
	        Sort Key: c
	        ->  Bitmap Heap Scan on sbtest3  (cost=35.12..4031.72 rows=1042 width=121)
	              Recheck Cond: ((id >= 8607996) AND (id <= 8608995))
	              ->  Bitmap Index Scan on sbtest3_pkey  (cost=0.00..34.86 rows=1042 width=0)
	                    Index Cond: ((id >= 8607996) AND (id <= 8608995))

table 4 : explain SELECT DISTINCT c FROM sbtest4 WHERE id BETWEEN 831306 AND 832305 ORDER BY c
	Unique  (cost=3775.52..3780.33 rows=961 width=121)
	  ->  Sort  (cost=3775.52..3777.92 rows=961 width=121)
	        Sort Key: c
	        ->  Bitmap Heap Scan on sbtest4  (cost=34.29..3727.91 rows=961 width=121)
	              Recheck Cond: ((id >= 831306) AND (id <= 832305))
	              ->  Bitmap Index Scan on sbtest4_pkey  (cost=0.00..34.05 rows=961 width=0)
	                    Index Cond: ((id >= 831306) AND (id <= 832305))

table 5 : explain SELECT DISTINCT c FROM sbtest5 WHERE id BETWEEN 6010084 AND 6011083 ORDER BY c
	Unique  (cost=4140.38..4145.66 rows=1056 width=121)
	  ->  Sort  (cost=4140.38..4143.02 rows=1056 width=121)
	        Sort Key: c
	        ->  Bitmap Heap Scan on sbtest5  (cost=35.26..4087.34 rows=1056 width=121)
	              Recheck Cond: ((id >= 6010084) AND (id <= 6011083))
	              ->  Bitmap Index Scan on sbtest5_pkey  (cost=0.00..35.00 rows=1056 width=0)
	                    Index Cond: ((id >= 6010084) AND (id <= 6011083))

table 6 : explain SELECT DISTINCT c FROM sbtest6 WHERE id BETWEEN 2740882 AND 2741881 ORDER BY c
	Unique  (cost=3721.95..3726.68 rows=947 width=121)
	  ->  Sort  (cost=3721.95..3724.32 rows=947 width=121)
	        Sort Key: c
	        ->  Bitmap Heap Scan on sbtest6  (cost=34.14..3675.13 rows=947 width=121)
	              Recheck Cond: ((id >= 2740882) AND (id <= 2741881))
	              ->  Bitmap Index Scan on sbtest6_pkey  (cost=0.00..33.91 rows=947 width=0)
	                    Index Cond: ((id >= 2740882) AND (id <= 2741881))

table 7 : explain SELECT DISTINCT c FROM sbtest7 WHERE id BETWEEN 5212574 AND 5213573 ORDER BY c
	Unique  (cost=3711.26..3715.98 rows=944 width=121)
	  ->  Sort  (cost=3711.26..3713.62 rows=944 width=121)
	        Sort Key: c
	        ->  Bitmap Heap Scan on sbtest7  (cost=34.11..3664.61 rows=944 width=121)
	              Recheck Cond: ((id >= 5212574) AND (id <= 5213573))
	              ->  Bitmap Index Scan on sbtest7_pkey  (cost=0.00..33.88 rows=944 width=0)
	                    Index Cond: ((id >= 5212574) AND (id <= 5213573))

table 8 : explain SELECT DISTINCT c FROM sbtest8 WHERE id BETWEEN 2181997 AND 2182996 ORDER BY c
	Unique  (cost=4148.16..4153.45 rows=1058 width=121)
	  ->  Sort  (cost=4148.16..4150.80 rows=1058 width=121)
	        Sort Key: c
	        ->  Bitmap Heap Scan on sbtest8  (cost=35.28..4095.01 rows=1058 width=121)
	              Recheck Cond: ((id >= 2181997) AND (id <= 2182996))
	              ->  Bitmap Index Scan on sbtest8_pkey  (cost=0.00..35.02 rows=1058 width=0)
	                    Index Cond: ((id >= 2181997) AND (id <= 2182996))

for: order_ranges
table 1 : explain SELECT c FROM sbtest1 WHERE id BETWEEN 7659385 AND 7660384 ORDER BY c
	Sort  (cost=3883.65..3886.12 rows=988 width=121)
	  Sort Key: c
	  ->  Bitmap Heap Scan on sbtest1  (cost=34.56..3834.50 rows=988 width=121)
	        Recheck Cond: ((id >= 7659385) AND (id <= 7660384))
	        ->  Bitmap Index Scan on sbtest1_pkey  (cost=0.00..34.32 rows=988 width=0)
	              Index Cond: ((id >= 7659385) AND (id <= 7660384))

table 2 : explain SELECT c FROM sbtest2 WHERE id BETWEEN 5451406 AND 5452405 ORDER BY c
	Sort  (cost=3996.42..3998.97 rows=1019 width=121)
	  Sort Key: c
	  ->  Bitmap Heap Scan on sbtest2  (cost=34.88..3945.51 rows=1019 width=121)
	        Recheck Cond: ((id >= 5451406) AND (id <= 5452405))
	        ->  Bitmap Index Scan on sbtest2_pkey  (cost=0.00..34.62 rows=1019 width=0)
	              Index Cond: ((id >= 5451406) AND (id <= 5452405))

table 3 : explain SELECT c FROM sbtest3 WHERE id BETWEEN 7727002 AND 7728001 ORDER BY c
	Sort  (cost=3854.60..3857.06 rows=982 width=121)
	  Sort Key: c
	  ->  Bitmap Heap Scan on sbtest3  (cost=34.50..3805.80 rows=982 width=121)
	        Recheck Cond: ((id >= 7727002) AND (id <= 7728001))
	        ->  Bitmap Index Scan on sbtest3_pkey  (cost=0.00..34.26 rows=982 width=0)
	              Index Cond: ((id >= 7727002) AND (id <= 7728001))

table 4 : explain SELECT c FROM sbtest4 WHERE id BETWEEN 2315154 AND 2316153 ORDER BY c
	Sort  (cost=3599.01..3601.30 rows=916 width=121)
	  Sort Key: c
	  ->  Bitmap Heap Scan on sbtest4  (cost=29.82..3553.95 rows=916 width=121)
	        Recheck Cond: ((id >= 2315154) AND (id <= 2316153))
	        ->  Bitmap Index Scan on sbtest4_pkey  (cost=0.00..29.59 rows=916 width=0)
	              Index Cond: ((id >= 2315154) AND (id <= 2316153))

table 5 : explain SELECT c FROM sbtest5 WHERE id BETWEEN 1857971 AND 1858970 ORDER BY c
	Sort  (cost=4170.94..4173.60 rows=1064 width=121)
	  Sort Key: c
	  ->  Bitmap Heap Scan on sbtest5  (cost=35.34..4117.45 rows=1064 width=121)
	        Recheck Cond: ((id >= 1857971) AND (id <= 1858970))
	        ->  Bitmap Index Scan on sbtest5_pkey  (cost=0.00..35.08 rows=1064 width=0)
	              Index Cond: ((id >= 1857971) AND (id <= 1858970))

table 6 : explain SELECT c FROM sbtest6 WHERE id BETWEEN 3930637 AND 3931636 ORDER BY c
	Sort  (cost=4119.88..4122.51 rows=1051 width=121)
	  Sort Key: c
	  ->  Bitmap Heap Scan on sbtest6  (cost=35.21..4067.13 rows=1051 width=121)
	        Recheck Cond: ((id >= 3930637) AND (id <= 3931636))
	        ->  Bitmap Index Scan on sbtest6_pkey  (cost=0.00..34.95 rows=1051 width=0)
	              Index Cond: ((id >= 3930637) AND (id <= 3931636))

table 7 : explain SELECT c FROM sbtest7 WHERE id BETWEEN 3321310 AND 3322309 ORDER BY c
	Sort  (cost=4204.88..4207.56 rows=1073 width=121)
	  Sort Key: c
	  ->  Bitmap Heap Scan on sbtest7  (cost=35.43..4150.86 rows=1073 width=121)
	        Recheck Cond: ((id >= 3321310) AND (id <= 3322309))
	        ->  Bitmap Index Scan on sbtest7_pkey  (cost=0.00..35.17 rows=1073 width=0)
	              Index Cond: ((id >= 3321310) AND (id <= 3322309))

table 8 : explain SELECT c FROM sbtest8 WHERE id BETWEEN 337938 AND 338937 ORDER BY c
	Sort  (cost=3761.59..3763.98 rows=957 width=121)
	  Sort Key: c
	  ->  Bitmap Heap Scan on sbtest8  (cost=34.24..3714.21 rows=957 width=121)
	        Recheck Cond: ((id >= 337938) AND (id <= 338937))
	        ->  Bitmap Index Scan on sbtest8_pkey  (cost=0.00..34.01 rows=957 width=0)
	              Index Cond: ((id >= 337938) AND (id <= 338937))

for: simple_ranges
table 1 : explain SELECT c FROM sbtest1 WHERE id BETWEEN 3755923 AND 3756922
	Bitmap Heap Scan on sbtest1  (cost=29.99..3618.75 rows=932 width=121)
	  Recheck Cond: ((id >= 3755923) AND (id <= 3756922))
	  ->  Bitmap Index Scan on sbtest1_pkey  (cost=0.00..29.75 rows=932 width=0)
	        Index Cond: ((id >= 3755923) AND (id <= 3756922))

table 2 : explain SELECT c FROM sbtest2 WHERE id BETWEEN 8517630 AND 8518629
	Bitmap Heap Scan on sbtest2  (cost=29.89..3575.69 rows=922 width=121)
	  Recheck Cond: ((id >= 8517630) AND (id <= 8518629))
	  ->  Bitmap Index Scan on sbtest2_pkey  (cost=0.00..29.65 rows=922 width=0)
	        Index Cond: ((id >= 8517630) AND (id <= 8518629))

table 3 : explain SELECT c FROM sbtest3 WHERE id BETWEEN 4061074 AND 4062073
	Bitmap Heap Scan on sbtest3  (cost=29.39..3393.95 rows=874 width=121)
	  Recheck Cond: ((id >= 4061074) AND (id <= 4062073))
	  ->  Bitmap Index Scan on sbtest3_pkey  (cost=0.00..29.18 rows=874 width=0)
	        Index Cond: ((id >= 4061074) AND (id <= 4062073))

table 4 : explain SELECT c FROM sbtest4 WHERE id BETWEEN 9396486 AND 9397485
	Bitmap Heap Scan on sbtest4  (cost=35.39..4134.75 rows=1069 width=121)
	  Recheck Cond: ((id >= 9396486) AND (id <= 9397485))
	  ->  Bitmap Index Scan on sbtest4_pkey  (cost=0.00..35.12 rows=1069 width=0)
	        Index Cond: ((id >= 9396486) AND (id <= 9397485))

table 5 : explain SELECT c FROM sbtest5 WHERE id BETWEEN 8699709 AND 8700708
	Bitmap Heap Scan on sbtest5  (cost=34.15..3680.10 rows=948 width=121)
	  Recheck Cond: ((id >= 8699709) AND (id <= 8700708))
	  ->  Bitmap Index Scan on sbtest5_pkey  (cost=0.00..33.92 rows=948 width=0)
	        Index Cond: ((id >= 8699709) AND (id <= 8700708))

table 6 : explain SELECT c FROM sbtest6 WHERE id BETWEEN 3559241 AND 3560240
	Bitmap Heap Scan on sbtest6  (cost=35.37..4127.32 rows=1067 width=121)
	  Recheck Cond: ((id >= 3559241) AND (id <= 3560240))
	  ->  Bitmap Index Scan on sbtest6_pkey  (cost=0.00..35.11 rows=1067 width=0)
	        Index Cond: ((id >= 3559241) AND (id <= 3560240))

table 7 : explain SELECT c FROM sbtest7 WHERE id BETWEEN 5541679 AND 5542678
	Bitmap Heap Scan on sbtest7  (cost=35.19..4060.56 rows=1049 width=121)
	  Recheck Cond: ((id >= 5541679) AND (id <= 5542678))
	  ->  Bitmap Index Scan on sbtest7_pkey  (cost=0.00..34.93 rows=1049 width=0)
	        Index Cond: ((id >= 5541679) AND (id <= 5542678))

table 8 : explain SELECT c FROM sbtest8 WHERE id BETWEEN 7693366 AND 7694365
	Bitmap Heap Scan on sbtest8  (cost=35.30..4102.53 rows=1060 width=121)
	  Recheck Cond: ((id >= 7693366) AND (id <= 7694365))
	  ->  Bitmap Index Scan on sbtest8_pkey  (cost=0.00..35.04 rows=1060 width=0)
	        Index Cond: ((id >= 7693366) AND (id <= 7694365))

for point_selects
table 1 : explain SELECT c FROM sbtest1 WHERE id=407400
	Index Scan using sbtest1_pkey on sbtest1  (cost=0.43..8.45 rows=1 width=121)
	  Index Cond: (id = 407400)

table 2 : explain SELECT c FROM sbtest2 WHERE id=3132398
	Index Scan using sbtest2_pkey on sbtest2  (cost=0.43..8.45 rows=1 width=121)
	  Index Cond: (id = 3132398)

table 3 : explain SELECT c FROM sbtest3 WHERE id=8880003
	Index Scan using sbtest3_pkey on sbtest3  (cost=0.43..8.45 rows=1 width=121)
	  Index Cond: (id = 8880003)

table 4 : explain SELECT c FROM sbtest4 WHERE id=9763954
	Index Scan using sbtest4_pkey on sbtest4  (cost=0.43..8.45 rows=1 width=121)
	  Index Cond: (id = 9763954)

table 5 : explain SELECT c FROM sbtest5 WHERE id=4948981
	Index Scan using sbtest5_pkey on sbtest5  (cost=0.43..8.45 rows=1 width=121)
	  Index Cond: (id = 4948981)

table 6 : explain SELECT c FROM sbtest6 WHERE id=1297296
	Index Scan using sbtest6_pkey on sbtest6  (cost=0.43..8.45 rows=1 width=121)
	  Index Cond: (id = 1297296)

table 7 : explain SELECT c FROM sbtest7 WHERE id=3491365
	Index Scan using sbtest7_pkey on sbtest7  (cost=0.43..8.45 rows=1 width=121)
	  Index Cond: (id = 3491365)

table 8 : explain SELECT c FROM sbtest8 WHERE id=2875758
	Index Scan using sbtest8_pkey on sbtest8  (cost=0.43..8.45 rows=1 width=121)
	  Index Cond: (id = 2875758)

for point_selects
table 1 : explain SELECT c FROM sbtest1 WHERE id=2605921
	Index Scan using sbtest1_pkey on sbtest1  (cost=0.43..8.45 rows=1 width=121)
	  Index Cond: (id = 2605921)

table 2 : explain SELECT c FROM sbtest2 WHERE id=4489614
	Index Scan using sbtest2_pkey on sbtest2  (cost=0.43..8.45 rows=1 width=121)
	  Index Cond: (id = 4489614)

table 3 : explain SELECT c FROM sbtest3 WHERE id=778071
	Index Scan using sbtest3_pkey on sbtest3  (cost=0.43..8.45 rows=1 width=121)
	  Index Cond: (id = 778071)

table 4 : explain SELECT c FROM sbtest4 WHERE id=5729540
	Index Scan using sbtest4_pkey on sbtest4  (cost=0.43..8.45 rows=1 width=121)
	  Index Cond: (id = 5729540)

table 5 : explain SELECT c FROM sbtest5 WHERE id=1045097
	Index Scan using sbtest5_pkey on sbtest5  (cost=0.43..8.45 rows=1 width=121)
	  Index Cond: (id = 1045097)

table 6 : explain SELECT c FROM sbtest6 WHERE id=9878964
	Index Scan using sbtest6_pkey on sbtest6  (cost=0.43..8.45 rows=1 width=121)
	  Index Cond: (id = 9878964)

table 7 : explain SELECT c FROM sbtest7 WHERE id=1770304
	Index Scan using sbtest7_pkey on sbtest7  (cost=0.43..8.45 rows=1 width=121)
	  Index Cond: (id = 1770304)

table 8 : explain SELECT c FROM sbtest8 WHERE id=3838677
	Index Scan using sbtest8_pkey on sbtest8  (cost=0.43..8.45 rows=1 width=121)
	  Index Cond: (id = 3838677)

for: sum_ranges
table 1 : explain SELECT SUM(k) FROM sbtest1 WHERE id BETWEEN 9218080 AND 9219079
	Aggregate  (cost=3969.20..3969.21 rows=1 width=8)
	  ->  Bitmap Heap Scan on sbtest1  (cost=34.92..3966.65 rows=1023 width=4)
	        Recheck Cond: ((id >= 9218080) AND (id <= 9219079))
	        ->  Bitmap Index Scan on sbtest1_pkey  (cost=0.00..34.67 rows=1023 width=0)
	              Index Cond: ((id >= 9218080) AND (id <= 9219079))

table 2 : explain SELECT SUM(k) FROM sbtest2 WHERE id BETWEEN 305991 AND 306990
	Aggregate  (cost=3883.99..3884.00 rows=1 width=8)
	  ->  Bitmap Heap Scan on sbtest2  (cost=34.71..3881.48 rows=1002 width=4)
	        Recheck Cond: ((id >= 305991) AND (id <= 306990))
	        ->  Bitmap Index Scan on sbtest2_pkey  (cost=0.00..34.45 rows=1002 width=0)
	              Index Cond: ((id >= 305991) AND (id <= 306990))

table 3 : explain SELECT SUM(k) FROM sbtest3 WHERE id BETWEEN 800058 AND 801057
	Aggregate  (cost=3717.70..3717.71 rows=1 width=8)
	  ->  Bitmap Heap Scan on sbtest3  (cost=34.25..3715.30 rows=958 width=4)
	        Recheck Cond: ((id >= 800058) AND (id <= 801057))
	        ->  Bitmap Index Scan on sbtest3_pkey  (cost=0.00..34.02 rows=958 width=0)
	              Index Cond: ((id >= 800058) AND (id <= 801057))

table 4 : explain SELECT SUM(k) FROM sbtest4 WHERE id BETWEEN 3771519 AND 3772518
	Aggregate  (cost=3741.64..3741.65 rows=1 width=8)
	  ->  Bitmap Heap Scan on sbtest4  (cost=34.32..3739.23 rows=964 width=4)
	        Recheck Cond: ((id >= 3771519) AND (id <= 3772518))
	        ->  Bitmap Index Scan on sbtest4_pkey  (cost=0.00..34.08 rows=964 width=0)
	              Index Cond: ((id >= 3771519) AND (id <= 3772518))

table 5 : explain SELECT SUM(k) FROM sbtest5 WHERE id BETWEEN 4437941 AND 4438940
	Aggregate  (cost=3750.49..3750.50 rows=1 width=8)
	  ->  Bitmap Heap Scan on sbtest5  (cost=34.34..3748.08 rows=966 width=4)
	        Recheck Cond: ((id >= 4437941) AND (id <= 4438940))
	        ->  Bitmap Index Scan on sbtest5_pkey  (cost=0.00..34.09 rows=966 width=0)
	              Index Cond: ((id >= 4437941) AND (id <= 4438940))

table 6 : explain SELECT SUM(k) FROM sbtest6 WHERE id BETWEEN 6110068 AND 6111067
	Aggregate  (cost=4001.97..4001.98 rows=1 width=8)
	  ->  Bitmap Heap Scan on sbtest6  (cost=35.02..3999.39 rows=1033 width=4)
	        Recheck Cond: ((id >= 6110068) AND (id <= 6111067))
	        ->  Bitmap Index Scan on sbtest6_pkey  (cost=0.00..34.77 rows=1033 width=0)
	              Index Cond: ((id >= 6110068) AND (id <= 6111067))

table 7 : explain SELECT SUM(k) FROM sbtest7 WHERE id BETWEEN 1159873 AND 1160872
	Aggregate  (cost=3768.99..3769.00 rows=1 width=8)
	  ->  Bitmap Heap Scan on sbtest7  (cost=34.39..3766.56 rows=971 width=4)
	        Recheck Cond: ((id >= 1159873) AND (id <= 1160872))
	        ->  Bitmap Index Scan on sbtest7_pkey  (cost=0.00..34.15 rows=971 width=0)
	              Index Cond: ((id >= 1159873) AND (id <= 1160872))

table 8 : explain SELECT SUM(k) FROM sbtest8 WHERE id BETWEEN 5228304 AND 5229303
	Aggregate  (cost=3799.71..3799.72 rows=1 width=8)
	  ->  Bitmap Heap Scan on sbtest8  (cost=34.47..3797.27 rows=979 width=4)
	        Recheck Cond: ((id >= 5228304) AND (id <= 5229303))
	        ->  Bitmap Index Scan on sbtest8_pkey  (cost=0.00..34.23 rows=979 width=0)
	              Index Cond: ((id >= 5228304) AND (id <= 5229303))

for: order_ranges
table 1 : explain SELECT c FROM sbtest1 WHERE id BETWEEN 8581756 AND 8582755 ORDER BY c
	Sort  (cost=3964.15..3966.67 rows=1009 width=121)
	  Sort Key: c
	  ->  Bitmap Heap Scan on sbtest1  (cost=34.78..3913.81 rows=1009 width=121)
	        Recheck Cond: ((id >= 8581756) AND (id <= 8582755))
	        ->  Bitmap Index Scan on sbtest1_pkey  (cost=0.00..34.53 rows=1009 width=0)
	              Index Cond: ((id >= 8581756) AND (id <= 8582755))

table 2 : explain SELECT c FROM sbtest2 WHERE id BETWEEN 9698625 AND 9699624 ORDER BY c
	Sort  (cost=3789.85..3792.26 rows=965 width=121)
	  Sort Key: c
	  ->  Bitmap Heap Scan on sbtest2  (cost=34.33..3742.01 rows=965 width=121)
	        Recheck Cond: ((id >= 9698625) AND (id <= 9699624))
	        ->  Bitmap Index Scan on sbtest2_pkey  (cost=0.00..34.09 rows=965 width=0)
	              Index Cond: ((id >= 9698625) AND (id <= 9699624))

table 3 : explain SELECT c FROM sbtest3 WHERE id BETWEEN 4056181 AND 4057180 ORDER BY c
	Sort  (cost=3436.65..3438.83 rows=874 width=121)
	  Sort Key: c
	  ->  Bitmap Heap Scan on sbtest3  (cost=29.39..3393.95 rows=874 width=121)
	        Recheck Cond: ((id >= 4056181) AND (id <= 4057180))
	        ->  Bitmap Index Scan on sbtest3_pkey  (cost=0.00..29.18 rows=874 width=0)
	              Index Cond: ((id >= 4056181) AND (id <= 4057180))

table 4 : explain SELECT c FROM sbtest4 WHERE id BETWEEN 332318 AND 333317 ORDER BY c
	Sort  (cost=3637.53..3639.84 rows=925 width=121)
	  Sort Key: c
	  ->  Bitmap Heap Scan on sbtest4  (cost=33.92..3591.96 rows=925 width=121)
	        Recheck Cond: ((id >= 332318) AND (id <= 333317))
	        ->  Bitmap Index Scan on sbtest4_pkey  (cost=0.00..33.69 rows=925 width=0)
	              Index Cond: ((id >= 332318) AND (id <= 333317))

table 5 : explain SELECT c FROM sbtest5 WHERE id BETWEEN 7325654 AND 7326653 ORDER BY c
	Sort  (cost=3910.88..3913.37 rows=996 width=121)
	  Sort Key: c
	  ->  Bitmap Heap Scan on sbtest5  (cost=34.64..3861.28 rows=996 width=121)
	        Recheck Cond: ((id >= 7325654) AND (id <= 7326653))
	        ->  Bitmap Index Scan on sbtest5_pkey  (cost=0.00..34.40 rows=996 width=0)
	              Index Cond: ((id >= 7325654) AND (id <= 7326653))

table 6 : explain SELECT c FROM sbtest6 WHERE id BETWEEN 355562 AND 356561 ORDER BY c
	Sort  (cost=3445.52..3447.71 rows=876 width=121)
	  Sort Key: c
	  ->  Bitmap Heap Scan on sbtest6  (cost=29.41..3402.70 rows=876 width=121)
	        Recheck Cond: ((id >= 355562) AND (id <= 356561))
	        ->  Bitmap Index Scan on sbtest6_pkey  (cost=0.00..29.19 rows=876 width=0)
	              Index Cond: ((id >= 355562) AND (id <= 356561))

table 7 : explain SELECT c FROM sbtest7 WHERE id BETWEEN 5632962 AND 5633961 ORDER BY c
	Sort  (cost=3818.57..3821.00 rows=972 width=121)
	  Sort Key: c
	  ->  Bitmap Heap Scan on sbtest7  (cost=34.40..3770.34 rows=972 width=121)
	        Recheck Cond: ((id >= 5632962) AND (id <= 5633961))
	        ->  Bitmap Index Scan on sbtest7_pkey  (cost=0.00..34.16 rows=972 width=0)
	              Index Cond: ((id >= 5632962) AND (id <= 5633961))

table 8 : explain SELECT c FROM sbtest8 WHERE id BETWEEN 7003862 AND 7004861 ORDER BY c
	Sort  (cost=3922.49..3924.99 rows=999 width=121)
	  Sort Key: c
	  ->  Bitmap Heap Scan on sbtest8  (cost=34.67..3872.72 rows=999 width=121)
	        Recheck Cond: ((id >= 7003862) AND (id <= 7004861))
	        ->  Bitmap Index Scan on sbtest8_pkey  (cost=0.00..34.43 rows=999 width=0)
	              Index Cond: ((id >= 7003862) AND (id <= 7004861))

for: simple_ranges
table 1 : explain SELECT c FROM sbtest1 WHERE id BETWEEN 8505055 AND 8506054
	Bitmap Heap Scan on sbtest1  (cost=29.82..3558.18 rows=916 width=121)
	  Recheck Cond: ((id >= 8505055) AND (id <= 8506054))
	  ->  Bitmap Index Scan on sbtest1_pkey  (cost=0.00..29.59 rows=916 width=0)
	        Index Cond: ((id >= 8505055) AND (id <= 8506054))

table 2 : explain SELECT c FROM sbtest2 WHERE id BETWEEN 7001688 AND 7002687
	Bitmap Heap Scan on sbtest2  (cost=35.18..4054.64 rows=1048 width=121)
	  Recheck Cond: ((id >= 7001688) AND (id <= 7002687))
	  ->  Bitmap Index Scan on sbtest2_pkey  (cost=0.00..34.92 rows=1048 width=0)
	        Index Cond: ((id >= 7001688) AND (id <= 7002687))

table 3 : explain SELECT c FROM sbtest3 WHERE id BETWEEN 1711112 AND 1712111
	Bitmap Heap Scan on sbtest3  (cost=30.07..3643.38 rows=940 width=121)
	  Recheck Cond: ((id >= 1711112) AND (id <= 1712111))
	  ->  Bitmap Index Scan on sbtest3_pkey  (cost=0.00..29.83 rows=940 width=0)
	        Index Cond: ((id >= 1711112) AND (id <= 1712111))

table 4 : explain SELECT c FROM sbtest4 WHERE id BETWEEN 3972494 AND 3973493
	Bitmap Heap Scan on sbtest4  (cost=34.71..3882.54 rows=1002 width=121)
	  Recheck Cond: ((id >= 3972494) AND (id <= 3973493))
	  ->  Bitmap Index Scan on sbtest4_pkey  (cost=0.00..34.45 rows=1002 width=0)
	        Index Cond: ((id >= 3972494) AND (id <= 3973493))

table 5 : explain SELECT c FROM sbtest5 WHERE id BETWEEN 5716075 AND 5717074
	Bitmap Heap Scan on sbtest5  (cost=29.99..3615.64 rows=932 width=121)
	  Recheck Cond: ((id >= 5716075) AND (id <= 5717074))
	  ->  Bitmap Index Scan on sbtest5_pkey  (cost=0.00..29.75 rows=932 width=0)
	        Index Cond: ((id >= 5716075) AND (id <= 5717074))

table 6 : explain SELECT c FROM sbtest6 WHERE id BETWEEN 65253 AND 66252
	Bitmap Heap Scan on sbtest6  (cost=34.81..3920.30 rows=1012 width=121)
	  Recheck Cond: ((id >= 65253) AND (id <= 66252))
	  ->  Bitmap Index Scan on sbtest6_pkey  (cost=0.00..34.56 rows=1012 width=0)
	        Index Cond: ((id >= 65253) AND (id <= 66252))

table 7 : explain SELECT c FROM sbtest7 WHERE id BETWEEN 2139969 AND 2140968
	Bitmap Heap Scan on sbtest7  (cost=29.87..3569.91 rows=920 width=121)
	  Recheck Cond: ((id >= 2139969) AND (id <= 2140968))
	  ->  Bitmap Index Scan on sbtest7_pkey  (cost=0.00..29.64 rows=920 width=0)
	        Index Cond: ((id >= 2139969) AND (id <= 2140968))

table 8 : explain SELECT c FROM sbtest8 WHERE id BETWEEN 5029542 AND 5030541
	Bitmap Heap Scan on sbtest8  (cost=35.66..4234.19 rows=1095 width=121)
	  Recheck Cond: ((id >= 5029542) AND (id <= 5030541))
	  ->  Bitmap Index Scan on sbtest8_pkey  (cost=0.00..35.39 rows=1095 width=0)
	        Index Cond: ((id >= 5029542) AND (id <= 5030541))

explain: for point_selects :: explain SELECT c FROM sbtest%u WHERE id=%u
explain: for point_selects :: explain SELECT c FROM sbtest%u WHERE id=%u
for point_selects
table 1 : explain SELECT c FROM sbtest1 WHERE id=4021614
	Index Scan using sbtest1_pkey on sbtest1  (cost=0.43..8.45 rows=1 width=121)
	  Index Cond: (id = 4021614)

table 2 : explain SELECT c FROM sbtest2 WHERE id=2161678
	Index Scan using sbtest2_pkey on sbtest2  (cost=0.43..8.45 rows=1 width=121)
	  Index Cond: (id = 2161678)

table 3 : explain SELECT c FROM sbtest3 WHERE id=5227974
	Index Scan using sbtest3_pkey on sbtest3  (cost=0.43..8.45 rows=1 width=121)
	  Index Cond: (id = 5227974)

table 4 : explain SELECT c FROM sbtest4 WHERE id=5724277
	Index Scan using sbtest4_pkey on sbtest4  (cost=0.43..8.45 rows=1 width=121)
	  Index Cond: (id = 5724277)

table 5 : explain SELECT c FROM sbtest5 WHERE id=7602291
	Index Scan using sbtest5_pkey on sbtest5  (cost=0.43..8.45 rows=1 width=121)
	  Index Cond: (id = 7602291)

table 6 : explain SELECT c FROM sbtest6 WHERE id=8037525
	Index Scan using sbtest6_pkey on sbtest6  (cost=0.43..8.45 rows=1 width=121)
	  Index Cond: (id = 8037525)

table 7 : explain SELECT c FROM sbtest7 WHERE id=661714
	Index Scan using sbtest7_pkey on sbtest7  (cost=0.43..8.45 rows=1 width=121)
	  Index Cond: (id = 661714)

table 8 : explain SELECT c FROM sbtest8 WHERE id=136589
	Index Scan using sbtest8_pkey on sbtest8  (cost=0.43..8.45 rows=1 width=121)
	  Index Cond: (id = 136589)

for: simple_ranges
table 1 : explain SELECT c FROM sbtest1 WHERE id BETWEEN 1780549 AND 1781548
	Bitmap Heap Scan on sbtest1  (cost=34.38..3766.48 rows=970 width=121)
	  Recheck Cond: ((id >= 1780549) AND (id <= 1781548))
	  ->  Bitmap Index Scan on sbtest1_pkey  (cost=0.00..34.14 rows=970 width=0)
	        Index Cond: ((id >= 1780549) AND (id <= 1781548))

table 2 : explain SELECT c FROM sbtest2 WHERE id BETWEEN 6517196 AND 6518195
	Bitmap Heap Scan on sbtest2  (cost=29.79..3541.69 rows=913 width=121)
	  Recheck Cond: ((id >= 6517196) AND (id <= 6518195))
	  ->  Bitmap Index Scan on sbtest2_pkey  (cost=0.00..29.57 rows=913 width=0)
	        Index Cond: ((id >= 6517196) AND (id <= 6518195))

table 3 : explain SELECT c FROM sbtest3 WHERE id BETWEEN 5811153 AND 5812152
	Bitmap Heap Scan on sbtest3  (cost=29.92..3586.74 rows=925 width=121)
	  Recheck Cond: ((id >= 5811153) AND (id <= 5812152))
	  ->  Bitmap Index Scan on sbtest3_pkey  (cost=0.00..29.68 rows=925 width=0)
	        Index Cond: ((id >= 5811153) AND (id <= 5812152))

table 4 : explain SELECT c FROM sbtest4 WHERE id BETWEEN 5684638 AND 5685637
	Bitmap Heap Scan on sbtest4  (cost=34.15..3678.84 rows=948 width=121)
	  Recheck Cond: ((id >= 5684638) AND (id <= 5685637))
	  ->  Bitmap Index Scan on sbtest4_pkey  (cost=0.00..33.92 rows=948 width=0)
	        Index Cond: ((id >= 5684638) AND (id <= 5685637))

table 5 : explain SELECT c FROM sbtest5 WHERE id BETWEEN 176996 AND 177995
	Bitmap Heap Scan on sbtest5  (cost=29.73..3521.10 rows=907 width=121)
	  Recheck Cond: ((id >= 176996) AND (id <= 177995))
	  ->  Bitmap Index Scan on sbtest5_pkey  (cost=0.00..29.50 rows=907 width=0)
	        Index Cond: ((id >= 176996) AND (id <= 177995))

table 6 : explain SELECT c FROM sbtest6 WHERE id BETWEEN 6850628 AND 6851627
	Bitmap Heap Scan on sbtest6  (cost=35.18..4055.85 rows=1048 width=121)
	  Recheck Cond: ((id >= 6850628) AND (id <= 6851627))
	  ->  Bitmap Index Scan on sbtest6_pkey  (cost=0.00..34.92 rows=1048 width=0)
	        Index Cond: ((id >= 6850628) AND (id <= 6851627))

table 7 : explain SELECT c FROM sbtest7 WHERE id BETWEEN 4623520 AND 4624519
	Bitmap Heap Scan on sbtest7  (cost=30.03..3630.39 rows=936 width=121)
	  Recheck Cond: ((id >= 4623520) AND (id <= 4624519))
	  ->  Bitmap Index Scan on sbtest7_pkey  (cost=0.00..29.79 rows=936 width=0)
	        Index Cond: ((id >= 4623520) AND (id <= 4624519))

table 8 : explain SELECT c FROM sbtest8 WHERE id BETWEEN 5289958 AND 5290957
	Bitmap Heap Scan on sbtest8  (cost=34.47..3797.27 rows=979 width=121)
	  Recheck Cond: ((id >= 5289958) AND (id <= 5290957))
	  ->  Bitmap Index Scan on sbtest8_pkey  (cost=0.00..34.23 rows=979 width=0)
	        Index Cond: ((id >= 5289958) AND (id <= 5290957))

for: order_ranges
table 1 : explain SELECT c FROM sbtest1 WHERE id BETWEEN 4928382 AND 4929381 ORDER BY c
	Sort  (cost=3630.14..3632.45 rows=923 width=121)
	  Sort Key: c
	  ->  Bitmap Heap Scan on sbtest1  (cost=29.90..3584.68 rows=923 width=121)
	        Recheck Cond: ((id >= 4928382) AND (id <= 4929381))
	        ->  Bitmap Index Scan on sbtest1_pkey  (cost=0.00..29.66 rows=923 width=0)
	              Index Cond: ((id >= 4928382) AND (id <= 4929381))

table 2 : explain SELECT c FROM sbtest2 WHERE id BETWEEN 7112408 AND 7113407 ORDER BY c
	Sort  (cost=3969.66..3972.19 rows=1012 width=121)
	  Sort Key: c
	  ->  Bitmap Heap Scan on sbtest2  (cost=34.81..3919.15 rows=1012 width=121)
	        Recheck Cond: ((id >= 7112408) AND (id <= 7113407))
	        ->  Bitmap Index Scan on sbtest2_pkey  (cost=0.00..34.56 rows=1012 width=0)
	              Index Cond: ((id >= 7112408) AND (id <= 7113407))

table 3 : explain SELECT c FROM sbtest3 WHERE id BETWEEN 6231591 AND 6232590 ORDER BY c
	Sort  (cost=3877.56..3880.03 rows=988 width=121)
	  Sort Key: c
	  ->  Bitmap Heap Scan on sbtest3  (cost=34.56..3828.41 rows=988 width=121)
	        Recheck Cond: ((id >= 6231591) AND (id <= 6232590))
	        ->  Bitmap Index Scan on sbtest3_pkey  (cost=0.00..34.32 rows=988 width=0)
	              Index Cond: ((id >= 6231591) AND (id <= 6232590))

table 4 : explain SELECT c FROM sbtest4 WHERE id BETWEEN 6059896 AND 6060895 ORDER BY c
	Sort  (cost=3756.36..3758.75 rows=956 width=121)
	  Sort Key: c
	  ->  Bitmap Heap Scan on sbtest4  (cost=34.23..3709.04 rows=956 width=121)
	        Recheck Cond: ((id >= 6059896) AND (id <= 6060895))
	        ->  Bitmap Index Scan on sbtest4_pkey  (cost=0.00..34.00 rows=956 width=0)
	              Index Cond: ((id >= 6059896) AND (id <= 6060895))

table 5 : explain SELECT c FROM sbtest5 WHERE id BETWEEN 4916788 AND 4917787 ORDER BY c
	Sort  (cost=4083.04..4085.65 rows=1041 width=121)
	  Sort Key: c
	  ->  Bitmap Heap Scan on sbtest5  (cost=35.11..4030.87 rows=1041 width=121)
	        Recheck Cond: ((id >= 4916788) AND (id <= 4917787))
	        ->  Bitmap Index Scan on sbtest5_pkey  (cost=0.00..34.84 rows=1041 width=0)
	              Index Cond: ((id >= 4916788) AND (id <= 4917787))

table 6 : explain SELECT c FROM sbtest6 WHERE id BETWEEN 5576339 AND 5577338 ORDER BY c
	Sort  (cost=4112.24..4114.86 rows=1049 width=121)
	  Sort Key: c
	  ->  Bitmap Heap Scan on sbtest6  (cost=35.19..4059.61 rows=1049 width=121)
	        Recheck Cond: ((id >= 5576339) AND (id <= 5577338))
	        ->  Bitmap Index Scan on sbtest6_pkey  (cost=0.00..34.93 rows=1049 width=0)
	              Index Cond: ((id >= 5576339) AND (id <= 5577338))

table 7 : explain SELECT c FROM sbtest7 WHERE id BETWEEN 648595 AND 649594 ORDER BY c
	Sort  (cost=3837.73..3840.17 rows=977 width=121)
	  Sort Key: c
	  ->  Bitmap Heap Scan on sbtest7  (cost=34.45..3789.21 rows=977 width=121)
	        Recheck Cond: ((id >= 648595) AND (id <= 649594))
	        ->  Bitmap Index Scan on sbtest7_pkey  (cost=0.00..34.20 rows=977 width=0)
	              Index Cond: ((id >= 648595) AND (id <= 649594))

table 8 : explain SELECT c FROM sbtest8 WHERE id BETWEEN 500121 AND 501120 ORDER BY c
	Sort  (cost=3550.40..3552.66 rows=903 width=121)
	  Sort Key: c
	  ->  Bitmap Heap Scan on sbtest8  (cost=29.69..3506.07 rows=903 width=121)
	        Recheck Cond: ((id >= 500121) AND (id <= 501120))
	        ->  Bitmap Index Scan on sbtest8_pkey  (cost=0.00..29.46 rows=903 width=0)
	              Index Cond: ((id >= 500121) AND (id <= 501120))

for: sum_ranges
table 1 : explain SELECT SUM(k) FROM sbtest1 WHERE id BETWEEN 1689563 AND 1690562
	Aggregate  (cost=3488.44..3488.45 rows=1 width=8)
	  ->  Bitmap Heap Scan on sbtest1  (cost=29.63..3486.20 rows=897 width=4)
	        Recheck Cond: ((id >= 1689563) AND (id <= 1690562))
	        ->  Bitmap Index Scan on sbtest1_pkey  (cost=0.00..29.40 rows=897 width=0)
	              Index Cond: ((id >= 1689563) AND (id <= 1690562))

table 2 : explain SELECT SUM(k) FROM sbtest2 WHERE id BETWEEN 7362341 AND 7363340
	Aggregate  (cost=4170.11..4170.12 rows=1 width=8)
	  ->  Bitmap Heap Scan on sbtest2  (cost=35.48..4167.42 rows=1078 width=4)
	        Recheck Cond: ((id >= 7362341) AND (id <= 7363340))
	        ->  Bitmap Index Scan on sbtest2_pkey  (cost=0.00..35.22 rows=1078 width=0)
	              Index Cond: ((id >= 7362341) AND (id <= 7363340))

table 3 : explain SELECT SUM(k) FROM sbtest3 WHERE id BETWEEN 6645905 AND 6646904
	Aggregate  (cost=3989.15..3989.16 rows=1 width=8)
	  ->  Bitmap Heap Scan on sbtest3  (cost=34.99..3986.57 rows=1030 width=4)
	        Recheck Cond: ((id >= 6645905) AND (id <= 6646904))
	        ->  Bitmap Index Scan on sbtest3_pkey  (cost=0.00..34.73 rows=1030 width=0)
	              Index Cond: ((id >= 6645905) AND (id <= 6646904))

table 4 : explain SELECT SUM(k) FROM sbtest4 WHERE id BETWEEN 2343197 AND 2344196
	Aggregate  (cost=3556.24..3556.25 rows=1 width=8)
	  ->  Bitmap Heap Scan on sbtest4  (cost=29.82..3553.95 rows=916 width=4)
	        Recheck Cond: ((id >= 2343197) AND (id <= 2344196))
	        ->  Bitmap Index Scan on sbtest4_pkey  (cost=0.00..29.59 rows=916 width=0)
	              Index Cond: ((id >= 2343197) AND (id <= 2344196))

table 5 : explain SELECT SUM(k) FROM sbtest5 WHERE id BETWEEN 7903957 AND 7904956
	Aggregate  (cost=3897.73..3897.74 rows=1 width=8)
	  ->  Bitmap Heap Scan on sbtest5  (cost=34.74..3895.22 rows=1005 width=4)
	        Recheck Cond: ((id >= 7903957) AND (id <= 7904956))
	        ->  Bitmap Index Scan on sbtest5_pkey  (cost=0.00..34.48 rows=1005 width=0)
	              Index Cond: ((id >= 7903957) AND (id <= 7904956))

table 6 : explain SELECT SUM(k) FROM sbtest6 WHERE id BETWEEN 7817969 AND 7818968
	Aggregate  (cost=3756.82..3756.83 rows=1 width=8)
	  ->  Bitmap Heap Scan on sbtest6  (cost=34.36..3754.40 rows=968 width=4)
	        Recheck Cond: ((id >= 7817969) AND (id <= 7818968))
	        ->  Bitmap Index Scan on sbtest6_pkey  (cost=0.00..34.12 rows=968 width=0)
	              Index Cond: ((id >= 7817969) AND (id <= 7818968))

table 7 : explain SELECT SUM(k) FROM sbtest7 WHERE id BETWEEN 1118688 AND 1119687
	Aggregate  (cost=3768.99..3769.00 rows=1 width=8)
	  ->  Bitmap Heap Scan on sbtest7  (cost=34.39..3766.56 rows=971 width=4)
	        Recheck Cond: ((id >= 1118688) AND (id <= 1119687))
	        ->  Bitmap Index Scan on sbtest7_pkey  (cost=0.00..34.15 rows=971 width=0)
	              Index Cond: ((id >= 1118688) AND (id <= 1119687))

table 8 : explain SELECT SUM(k) FROM sbtest8 WHERE id BETWEEN 535357 AND 536356
	Aggregate  (cost=4146.60..4146.61 rows=1 width=8)
	  ->  Bitmap Heap Scan on sbtest8  (cost=35.41..4143.93 rows=1071 width=4)
	        Recheck Cond: ((id >= 535357) AND (id <= 536356))
	        ->  Bitmap Index Scan on sbtest8_pkey  (cost=0.00..35.15 rows=1071 width=0)
	              Index Cond: ((id >= 535357) AND (id <= 536356))

for: distinct_ranges
table 1 : explain SELECT DISTINCT c FROM sbtest1 WHERE id BETWEEN 6472834 AND 6473833 ORDER BY c
	Unique  (cost=3683.92..3688.61 rows=937 width=121)
	  ->  Sort  (cost=3683.92..3686.27 rows=937 width=121)
	        Sort Key: c
	        ->  Bitmap Heap Scan on sbtest1  (cost=30.04..3637.67 rows=937 width=121)
	              Recheck Cond: ((id >= 6472834) AND (id <= 6473833))
	              ->  Bitmap Index Scan on sbtest1_pkey  (cost=0.00..29.80 rows=937 width=0)
	                    Index Cond: ((id >= 6472834) AND (id <= 6473833))

table 2 : explain SELECT DISTINCT c FROM sbtest2 WHERE id BETWEEN 5845651 AND 5846650 ORDER BY c
	Unique  (cost=4122.48..4127.74 rows=1052 width=121)
	  ->  Sort  (cost=4122.48..4125.11 rows=1052 width=121)
	        Sort Key: c
	        ->  Bitmap Heap Scan on sbtest2  (cost=35.22..4069.68 rows=1052 width=121)
	              Recheck Cond: ((id >= 5845651) AND (id <= 5846650))
	              ->  Bitmap Index Scan on sbtest2_pkey  (cost=0.00..34.95 rows=1052 width=0)
	                    Index Cond: ((id >= 5845651) AND (id <= 5846650))

table 3 : explain SELECT DISTINCT c FROM sbtest3 WHERE id BETWEEN 37801 AND 38800 ORDER BY c
	Unique  (cost=3816.34..3821.20 rows=972 width=121)
	  ->  Sort  (cost=3816.34..3818.77 rows=972 width=121)
	        Sort Key: c
	        ->  Bitmap Heap Scan on sbtest3  (cost=34.40..3768.10 rows=972 width=121)
	              Recheck Cond: ((id >= 37801) AND (id <= 38800))
	              ->  Bitmap Index Scan on sbtest3_pkey  (cost=0.00..34.16 rows=972 width=0)
	                    Index Cond: ((id >= 37801) AND (id <= 38800))

table 4 : explain SELECT DISTINCT c FROM sbtest4 WHERE id BETWEEN 1084118 AND 1085117 ORDER BY c
	Unique  (cost=3752.53..3757.31 rows=955 width=121)
	  ->  Sort  (cost=3752.53..3754.92 rows=955 width=121)
	        Sort Key: c
	        ->  Bitmap Heap Scan on sbtest4  (cost=34.22..3705.26 rows=955 width=121)
	              Recheck Cond: ((id >= 1084118) AND (id <= 1085117))
	              ->  Bitmap Index Scan on sbtest4_pkey  (cost=0.00..33.98 rows=955 width=0)
	                    Index Cond: ((id >= 1084118) AND (id <= 1085117))

table 5 : explain SELECT DISTINCT c FROM sbtest5 WHERE id BETWEEN 5189616 AND 5190615 ORDER BY c
	Unique  (cost=3933.85..3938.86 rows=1002 width=121)
	  ->  Sort  (cost=3933.85..3936.35 rows=1002 width=121)
	        Sort Key: c
	        ->  Bitmap Heap Scan on sbtest5  (cost=34.71..3883.91 rows=1002 width=121)
	              Recheck Cond: ((id >= 5189616) AND (id <= 5190615))
	              ->  Bitmap Index Scan on sbtest5_pkey  (cost=0.00..34.45 rows=1002 width=0)
	                    Index Cond: ((id >= 5189616) AND (id <= 5190615))

table 6 : explain SELECT DISTINCT c FROM sbtest6 WHERE id BETWEEN 477674 AND 478673 ORDER BY c
	Unique  (cost=3645.11..3649.75 rows=928 width=121)
	  ->  Sort  (cost=3645.11..3647.43 rows=928 width=121)
	        Sort Key: c
	        ->  Bitmap Heap Scan on sbtest6  (cost=29.95..3599.37 rows=928 width=121)
	              Recheck Cond: ((id >= 477674) AND (id <= 478673))
	              ->  Bitmap Index Scan on sbtest6_pkey  (cost=0.00..29.71 rows=928 width=0)
	                    Index Cond: ((id >= 477674) AND (id <= 478673))

table 7 : explain SELECT DISTINCT c FROM sbtest7 WHERE id BETWEEN 4020372 AND 4021371 ORDER BY c
	Unique  (cost=3971.71..3976.77 rows=1012 width=121)
	  ->  Sort  (cost=3971.71..3974.24 rows=1012 width=121)
	        Sort Key: c
	        ->  Bitmap Heap Scan on sbtest7  (cost=34.81..3921.20 rows=1012 width=121)
	              Recheck Cond: ((id >= 4020372) AND (id <= 4021371))
	              ->  Bitmap Index Scan on sbtest7_pkey  (cost=0.00..34.56 rows=1012 width=0)
	                    Index Cond: ((id >= 4020372) AND (id <= 4021371))

table 8 : explain SELECT DISTINCT c FROM sbtest8 WHERE id BETWEEN 6715897 AND 6716896 ORDER BY c
	Unique  (cost=4010.51..4015.62 rows=1022 width=121)
	  ->  Sort  (cost=4010.51..4013.07 rows=1022 width=121)
	        Sort Key: c
	        ->  Bitmap Heap Scan on sbtest8  (cost=34.91..3959.42 rows=1022 width=121)
	              Recheck Cond: ((id >= 6715897) AND (id <= 6716896))
	              ->  Bitmap Index Scan on sbtest8_pkey  (cost=0.00..34.66 rows=1022 width=0)
	                    Index Cond: ((id >= 6715897) AND (id <= 6716896))

for: simple_ranges
table 1 : explain SELECT c FROM sbtest1 WHERE id BETWEEN 7427141 AND 7428140
	Bitmap Heap Scan on sbtest1  (cost=35.41..4147.63 rows=1071 width=121)
	  Recheck Cond: ((id >= 7427141) AND (id <= 7428140))
	  ->  Bitmap Index Scan on sbtest1_pkey  (cost=0.00..35.15 rows=1071 width=0)
	        Index Cond: ((id >= 7427141) AND (id <= 7428140))

table 2 : explain SELECT c FROM sbtest2 WHERE id BETWEEN 8649531 AND 8650530
	Bitmap Heap Scan on sbtest2  (cost=35.28..4092.24 rows=1058 width=121)
	  Recheck Cond: ((id >= 8649531) AND (id <= 8650530))
	  ->  Bitmap Index Scan on sbtest2_pkey  (cost=0.00..35.02 rows=1058 width=0)
	        Index Cond: ((id >= 8649531) AND (id <= 8650530))

table 3 : explain SELECT c FROM sbtest3 WHERE id BETWEEN 6310395 AND 6311394
	Bitmap Heap Scan on sbtest3  (cost=35.62..4215.89 rows=1091 width=121)
	  Recheck Cond: ((id >= 6310395) AND (id <= 6311394))
	  ->  Bitmap Index Scan on sbtest3_pkey  (cost=0.00..35.34 rows=1091 width=0)
	        Index Cond: ((id >= 6310395) AND (id <= 6311394))

table 4 : explain SELECT c FROM sbtest4 WHERE id BETWEEN 8524666 AND 8525665
	Bitmap Heap Scan on sbtest4  (cost=34.33..3743.01 rows=965 width=121)
	  Recheck Cond: ((id >= 8524666) AND (id <= 8525665))
	  ->  Bitmap Index Scan on sbtest4_pkey  (cost=0.00..34.09 rows=965 width=0)
	        Index Cond: ((id >= 8524666) AND (id <= 8525665))

table 5 : explain SELECT c FROM sbtest5 WHERE id BETWEEN 7035792 AND 7036791
	Bitmap Heap Scan on sbtest5  (cost=34.55..3827.33 rows=987 width=121)
	  Recheck Cond: ((id >= 7035792) AND (id <= 7036791))
	  ->  Bitmap Index Scan on sbtest5_pkey  (cost=0.00..34.31 rows=987 width=0)
	        Index Cond: ((id >= 7035792) AND (id <= 7036791))

table 6 : explain SELECT c FROM sbtest6 WHERE id BETWEEN 5931108 AND 5932107
	Bitmap Heap Scan on sbtest6  (cost=34.65..3863.77 rows=997 width=121)
	  Recheck Cond: ((id >= 5931108) AND (id <= 5932107))
	  ->  Bitmap Index Scan on sbtest6_pkey  (cost=0.00..34.41 rows=997 width=0)
	        Index Cond: ((id >= 5931108) AND (id <= 5932107))

table 7 : explain SELECT c FROM sbtest7 WHERE id BETWEEN 5969274 AND 5970273
	Bitmap Heap Scan on sbtest7  (cost=35.27..4090.67 rows=1057 width=121)
	  Recheck Cond: ((id >= 5969274) AND (id <= 5970273))
	  ->  Bitmap Index Scan on sbtest7_pkey  (cost=0.00..35.01 rows=1057 width=0)
	        Index Cond: ((id >= 5969274) AND (id <= 5970273))

table 8 : explain SELECT c FROM sbtest8 WHERE id BETWEEN 4066901 AND 4067900
	Bitmap Heap Scan on sbtest8  (cost=34.66..3868.95 rows=998 width=121)
	  Recheck Cond: ((id >= 4066901) AND (id <= 4067900))
	  ->  Bitmap Index Scan on sbtest8_pkey  (cost=0.00..34.42 rows=998 width=0)
	        Index Cond: ((id >= 4066901) AND (id <= 4067900))

for: simple_ranges
table 1 : explain SELECT c FROM sbtest1 WHERE id BETWEEN 9149710 AND 9150709
	Bitmap Heap Scan on sbtest1  (cost=34.92..3966.65 rows=1023 width=121)
	  Recheck Cond: ((id >= 9149710) AND (id <= 9150709))
	  ->  Bitmap Index Scan on sbtest1_pkey  (cost=0.00..34.67 rows=1023 width=0)
	        Index Cond: ((id >= 9149710) AND (id <= 9150709))

table 2 : explain SELECT c FROM sbtest2 WHERE id BETWEEN 8303927 AND 8304926
	Bitmap Heap Scan on sbtest2  (cost=34.73..3889.02 rows=1004 width=121)
	  Recheck Cond: ((id >= 8303927) AND (id <= 8304926))
	  ->  Bitmap Index Scan on sbtest2_pkey  (cost=0.00..34.48 rows=1004 width=0)
	        Index Cond: ((id >= 8303927) AND (id <= 8304926))

table 3 : explain SELECT c FROM sbtest3 WHERE id BETWEEN 6297355 AND 6298354
	Bitmap Heap Scan on sbtest3  (cost=35.62..4215.89 rows=1091 width=121)
	  Recheck Cond: ((id >= 6297355) AND (id <= 6298354))
	  ->  Bitmap Index Scan on sbtest3_pkey  (cost=0.00..35.34 rows=1091 width=0)
	        Index Cond: ((id >= 6297355) AND (id <= 6298354))

table 4 : explain SELECT c FROM sbtest4 WHERE id BETWEEN 673265 AND 674264
	Bitmap Heap Scan on sbtest4  (cost=34.72..3886.30 rows=1003 width=121)
	  Recheck Cond: ((id >= 673265) AND (id <= 674264))
	  ->  Bitmap Index Scan on sbtest4_pkey  (cost=0.00..34.47 rows=1003 width=0)
	        Index Cond: ((id >= 673265) AND (id <= 674264))

table 5 : explain SELECT c FROM sbtest5 WHERE id BETWEEN 893611 AND 894610
	Bitmap Heap Scan on sbtest5  (cost=34.09..3657.43 rows=942 width=121)
	  Recheck Cond: ((id >= 893611) AND (id <= 894610))
	  ->  Bitmap Index Scan on sbtest5_pkey  (cost=0.00..33.86 rows=942 width=0)
	        Index Cond: ((id >= 893611) AND (id <= 894610))

table 6 : explain SELECT c FROM sbtest6 WHERE id BETWEEN 5903539 AND 5904538
	Bitmap Heap Scan on sbtest6  (cost=34.65..3863.77 rows=997 width=121)
	  Recheck Cond: ((id >= 5903539) AND (id <= 5904538))
	  ->  Bitmap Index Scan on sbtest6_pkey  (cost=0.00..34.41 rows=997 width=0)
	        Index Cond: ((id >= 5903539) AND (id <= 5904538))

table 7 : explain SELECT c FROM sbtest7 WHERE id BETWEEN 8632784 AND 8633783
	Bitmap Heap Scan on sbtest7  (cost=34.90..3955.11 rows=1021 width=121)
	  Recheck Cond: ((id >= 8632784) AND (id <= 8633783))
	  ->  Bitmap Index Scan on sbtest7_pkey  (cost=0.00..34.65 rows=1021 width=0)
	        Index Cond: ((id >= 8632784) AND (id <= 8633783))

table 8 : explain SELECT c FROM sbtest8 WHERE id BETWEEN 4076526 AND 4077525
	Bitmap Heap Scan on sbtest8  (cost=34.66..3868.95 rows=998 width=121)
	  Recheck Cond: ((id >= 4076526) AND (id <= 4077525))
	  ->  Bitmap Index Scan on sbtest8_pkey  (cost=0.00..34.42 rows=998 width=0)
	        Index Cond: ((id >= 4076526) AND (id <= 4077525))

explain: for point_selects :: explain SELECT c FROM sbtest%u WHERE id=%u
for: sum_ranges
table 1 : explain SELECT SUM(k) FROM sbtest1 WHERE id BETWEEN 6573323 AND 6574322
	Aggregate  (cost=4327.36..4327.37 rows=1 width=8)
	  ->  Bitmap Heap Scan on sbtest1  (cost=35.89..4324.57 rows=1118 width=4)
	        Recheck Cond: ((id >= 6573323) AND (id <= 6574322))
	        ->  Bitmap Index Scan on sbtest1_pkey  (cost=0.00..35.62 rows=1118 width=0)
	              Index Cond: ((id >= 6573323) AND (id <= 6574322))

table 2 : explain SELECT SUM(k) FROM sbtest2 WHERE id BETWEEN 5472813 AND 5473812
	Aggregate  (cost=3948.05..3948.06 rows=1 width=8)
	  ->  Bitmap Heap Scan on sbtest2  (cost=34.88..3945.51 rows=1019 width=4)
	        Recheck Cond: ((id >= 5472813) AND (id <= 5473812))
	        ->  Bitmap Index Scan on sbtest2_pkey  (cost=0.00..34.62 rows=1019 width=0)
	              Index Cond: ((id >= 5472813) AND (id <= 5473812))

table 3 : explain SELECT SUM(k) FROM sbtest3 WHERE id BETWEEN 153178 AND 154177
	Aggregate  (cost=3872.36..3872.37 rows=1 width=8)
	  ->  Bitmap Heap Scan on sbtest3  (cost=34.67..3869.86 rows=999 width=4)
	        Recheck Cond: ((id >= 153178) AND (id <= 154177))
	        ->  Bitmap Index Scan on sbtest3_pkey  (cost=0.00..34.43 rows=999 width=0)
	              Index Cond: ((id >= 153178) AND (id <= 154177))

table 4 : explain SELECT SUM(k) FROM sbtest4 WHERE id BETWEEN 2703689 AND 2704688
	Aggregate  (cost=3877.50..3877.51 rows=1 width=8)
	  ->  Bitmap Heap Scan on sbtest4  (cost=34.69..3875.00 rows=1000 width=4)
	        Recheck Cond: ((id >= 2703689) AND (id <= 2704688))
	        ->  Bitmap Index Scan on sbtest4_pkey  (cost=0.00..34.44 rows=1000 width=0)
	              Index Cond: ((id >= 2703689) AND (id <= 2704688))

table 5 : explain SELECT SUM(k) FROM sbtest5 WHERE id BETWEEN 9260739 AND 9261738
	Aggregate  (cost=4059.85..4059.86 rows=1 width=8)
	  ->  Bitmap Heap Scan on sbtest5  (cost=35.18..4057.23 rows=1048 width=4)
	        Recheck Cond: ((id >= 9260739) AND (id <= 9261738))
	        ->  Bitmap Index Scan on sbtest5_pkey  (cost=0.00..34.92 rows=1048 width=0)
	              Index Cond: ((id >= 9260739) AND (id <= 9261738))

table 6 : explain SELECT SUM(k) FROM sbtest6 WHERE id BETWEEN 867533 AND 868532
	Aggregate  (cost=3548.74..3548.75 rows=1 width=8)
	  ->  Bitmap Heap Scan on sbtest6  (cost=29.80..3546.45 rows=914 width=4)
	        Recheck Cond: ((id >= 867533) AND (id <= 868532))
	        ->  Bitmap Index Scan on sbtest6_pkey  (cost=0.00..29.57 rows=914 width=0)
	              Index Cond: ((id >= 867533) AND (id <= 868532))

table 7 : explain SELECT SUM(k) FROM sbtest7 WHERE id BETWEEN 1255908 AND 1256907
	Aggregate  (cost=3991.59..3991.60 rows=1 width=8)
	  ->  Bitmap Heap Scan on sbtest7  (cost=34.99..3989.01 rows=1030 width=4)
	        Recheck Cond: ((id >= 1255908) AND (id <= 1256907))
	        ->  Bitmap Index Scan on sbtest7_pkey  (cost=0.00..34.73 rows=1030 width=0)
	              Index Cond: ((id >= 1255908) AND (id <= 1256907))

table 8 : explain SELECT SUM(k) FROM sbtest8 WHERE id BETWEEN 2716506 AND 2717505
	Aggregate  (cost=3773.27..3773.28 rows=1 width=8)
	  ->  Bitmap Heap Scan on sbtest8  (cost=34.40..3770.84 rows=972 width=4)
	        Recheck Cond: ((id >= 2716506) AND (id <= 2717505))
	        ->  Bitmap Index Scan on sbtest8_pkey  (cost=0.00..34.16 rows=972 width=0)
	              Index Cond: ((id >= 2716506) AND (id <= 2717505))

for: distinct_ranges
table 1 : explain SELECT DISTINCT c FROM sbtest1 WHERE id BETWEEN 2476214 AND 2477213 ORDER BY c
	Unique  (cost=3883.65..3888.59 rows=988 width=121)
	  ->  Sort  (cost=3883.65..3886.12 rows=988 width=121)
	        Sort Key: c
	        ->  Bitmap Heap Scan on sbtest1  (cost=34.56..3834.50 rows=988 width=121)
	              Recheck Cond: ((id >= 2476214) AND (id <= 2477213))
	              ->  Bitmap Index Scan on sbtest1_pkey  (cost=0.00..34.32 rows=988 width=0)
	                    Index Cond: ((id >= 2476214) AND (id <= 2477213))

table 2 : explain SELECT DISTINCT c FROM sbtest2 WHERE id BETWEEN 2852634 AND 2853633 ORDER BY c
	Unique  (cost=3789.85..3794.67 rows=965 width=121)
	  ->  Sort  (cost=3789.85..3792.26 rows=965 width=121)
	        Sort Key: c
	        ->  Bitmap Heap Scan on sbtest2  (cost=34.33..3742.01 rows=965 width=121)
	              Recheck Cond: ((id >= 2852634) AND (id <= 2853633))
	              ->  Bitmap Index Scan on sbtest2_pkey  (cost=0.00..34.09 rows=965 width=0)
	                    Index Cond: ((id >= 2852634) AND (id <= 2853633))

table 3 : explain SELECT DISTINCT c FROM sbtest3 WHERE id BETWEEN 8196952 AND 8197951 ORDER BY c
	Unique  (cost=3923.45..3928.45 rows=1000 width=121)
	  ->  Sort  (cost=3923.45..3925.95 rows=1000 width=121)
	        Sort Key: c
	        ->  Bitmap Heap Scan on sbtest3  (cost=34.69..3873.63 rows=1000 width=121)
	              Recheck Cond: ((id >= 8196952) AND (id <= 8197951))
	              ->  Bitmap Index Scan on sbtest3_pkey  (cost=0.00..34.44 rows=1000 width=0)
	                    Index Cond: ((id >= 8196952) AND (id <= 8197951))

table 4 : explain SELECT DISTINCT c FROM sbtest4 WHERE id BETWEEN 7473348 AND 7474347 ORDER BY c
	Unique  (cost=4028.09..4033.22 rows=1027 width=121)
	  ->  Sort  (cost=4028.09..4030.65 rows=1027 width=121)
	        Sort Key: c
	        ->  Bitmap Heap Scan on sbtest4  (cost=34.96..3976.71 rows=1027 width=121)
	              Recheck Cond: ((id >= 7473348) AND (id <= 7474347))
	              ->  Bitmap Index Scan on sbtest4_pkey  (cost=0.00..34.70 rows=1027 width=0)
	                    Index Cond: ((id >= 7473348) AND (id <= 7474347))

table 5 : explain SELECT DISTINCT c FROM sbtest5 WHERE id BETWEEN 1902705 AND 1903704 ORDER BY c
	Unique  (cost=4014.21..4019.32 rows=1023 width=121)
	  ->  Sort  (cost=4014.21..4016.76 rows=1023 width=121)
	        Sort Key: c
	        ->  Bitmap Heap Scan on sbtest5  (cost=34.92..3963.06 rows=1023 width=121)
	              Recheck Cond: ((id >= 1902705) AND (id <= 1903704))
	              ->  Bitmap Index Scan on sbtest5_pkey  (cost=0.00..34.67 rows=1023 width=0)
	                    Index Cond: ((id >= 1902705) AND (id <= 1903704))

table 6 : explain SELECT DISTINCT c FROM sbtest6 WHERE id BETWEEN 805499 AND 806498 ORDER BY c
	Unique  (cost=4066.39..4071.57 rows=1037 width=121)
	  ->  Sort  (cost=4066.39..4068.98 rows=1037 width=121)
	        Sort Key: c
	        ->  Bitmap Heap Scan on sbtest6  (cost=35.06..4014.45 rows=1037 width=121)
	              Recheck Cond: ((id >= 805499) AND (id <= 806498))
	              ->  Bitmap Index Scan on sbtest6_pkey  (cost=0.00..34.81 rows=1037 width=0)
	                    Index Cond: ((id >= 805499) AND (id <= 806498))

table 7 : explain SELECT DISTINCT c FROM sbtest7 WHERE id BETWEEN 3179396 AND 3180395 ORDER BY c
	Unique  (cost=3876.02..3880.96 rows=987 width=121)
	  ->  Sort  (cost=3876.02..3878.49 rows=987 width=121)
	        Sort Key: c
	        ->  Bitmap Heap Scan on sbtest7  (cost=34.55..3826.93 rows=987 width=121)
	              Recheck Cond: ((id >= 3179396) AND (id <= 3180395))
	              ->  Bitmap Index Scan on sbtest7_pkey  (cost=0.00..34.31 rows=987 width=0)
	                    Index Cond: ((id >= 3179396) AND (id <= 3180395))

table 8 : explain SELECT DISTINCT c FROM sbtest8 WHERE id BETWEEN 3237965 AND 3238964 ORDER BY c
	Unique  (cost=4300.92..4306.41 rows=1098 width=121)
	  ->  Sort  (cost=4300.92..4303.66 rows=1098 width=121)
	        Sort Key: c
	        ->  Bitmap Heap Scan on sbtest8  (cost=35.69..4245.47 rows=1098 width=121)
	              Recheck Cond: ((id >= 3237965) AND (id <= 3238964))
	              ->  Bitmap Index Scan on sbtest8_pkey  (cost=0.00..35.42 rows=1098 width=0)
	                    Index Cond: ((id >= 3237965) AND (id <= 3238964))

for point_selects
table 1 : explain SELECT c FROM sbtest1 WHERE id=4192746
	Index Scan using sbtest1_pkey on sbtest1  (cost=0.43..8.45 rows=1 width=121)
	  Index Cond: (id = 4192746)

table 2 : explain SELECT c FROM sbtest2 WHERE id=1167701
	Index Scan using sbtest2_pkey on sbtest2  (cost=0.43..8.45 rows=1 width=121)
	  Index Cond: (id = 1167701)

table 3 : explain SELECT c FROM sbtest3 WHERE id=3345376
	Index Scan using sbtest3_pkey on sbtest3  (cost=0.43..8.45 rows=1 width=121)
	  Index Cond: (id = 3345376)

table 4 : explain SELECT c FROM sbtest4 WHERE id=9458112
	Index Scan using sbtest4_pkey on sbtest4  (cost=0.43..8.45 rows=1 width=121)
	  Index Cond: (id = 9458112)

table 5 : explain SELECT c FROM sbtest5 WHERE id=271690
	Index Scan using sbtest5_pkey on sbtest5  (cost=0.43..8.45 rows=1 width=121)
	  Index Cond: (id = 271690)

table 6 : explain SELECT c FROM sbtest6 WHERE id=5025502
	Index Scan using sbtest6_pkey on sbtest6  (cost=0.43..8.45 rows=1 width=121)
	  Index Cond: (id = 5025502)

table 7 : explain SELECT c FROM sbtest7 WHERE id=8881355
	Index Scan using sbtest7_pkey on sbtest7  (cost=0.43..8.45 rows=1 width=121)
	  Index Cond: (id = 8881355)

table 8 : explain SELECT c FROM sbtest8 WHERE id=9837377
	Index Scan using sbtest8_pkey on sbtest8  (cost=0.43..8.45 rows=1 width=121)
	  Index Cond: (id = 9837377)

for: distinct_ranges
table 1 : explain SELECT DISTINCT c FROM sbtest1 WHERE id BETWEEN 7991413 AND 7992412 ORDER BY c
	Unique  (cost=3979.48..3984.54 rows=1013 width=121)
	  ->  Sort  (cost=3979.48..3982.01 rows=1013 width=121)
	        Sort Key: c
	        ->  Bitmap Heap Scan on sbtest1  (cost=34.82..3928.91 rows=1013 width=121)
	              Recheck Cond: ((id >= 7991413) AND (id <= 7992412))
	              ->  Bitmap Index Scan on sbtest1_pkey  (cost=0.00..34.57 rows=1013 width=0)
	                    Index Cond: ((id >= 7991413) AND (id <= 7992412))

table 2 : explain SELECT DISTINCT c FROM sbtest2 WHERE id BETWEEN 7407157 AND 7408156 ORDER BY c
	Unique  (cost=4221.72..4227.11 rows=1078 width=121)
	  ->  Sort  (cost=4221.72..4224.41 rows=1078 width=121)
	        Sort Key: c
	        ->  Bitmap Heap Scan on sbtest2  (cost=35.48..4167.42 rows=1078 width=121)
	              Recheck Cond: ((id >= 7407157) AND (id <= 7408156))
	              ->  Bitmap Index Scan on sbtest2_pkey  (cost=0.00..35.22 rows=1078 width=0)
	                    Index Cond: ((id >= 7407157) AND (id <= 7408156))

table 3 : explain SELECT DISTINCT c FROM sbtest3 WHERE id BETWEEN 4809243 AND 4810242 ORDER BY c
	Unique  (cost=4041.94..4047.09 rows=1031 width=121)
	  ->  Sort  (cost=4041.94..4044.52 rows=1031 width=121)
	        Sort Key: c
	        ->  Bitmap Heap Scan on sbtest3  (cost=35.00..3990.34 rows=1031 width=121)
	              Recheck Cond: ((id >= 4809243) AND (id <= 4810242))
	              ->  Bitmap Index Scan on sbtest3_pkey  (cost=0.00..34.75 rows=1031 width=0)
	                    Index Cond: ((id >= 4809243) AND (id <= 4810242))

table 4 : explain SELECT DISTINCT c FROM sbtest4 WHERE id BETWEEN 7860867 AND 7861866 ORDER BY c
	Unique  (cost=3771.69..3776.49 rows=960 width=121)
	  ->  Sort  (cost=3771.69..3774.09 rows=960 width=121)
	        Sort Key: c
	        ->  Bitmap Heap Scan on sbtest4  (cost=34.28..3724.14 rows=960 width=121)
	              Recheck Cond: ((id >= 7860867) AND (id <= 7861866))
	              ->  Bitmap Index Scan on sbtest4_pkey  (cost=0.00..34.04 rows=960 width=0)
	                    Index Cond: ((id >= 7860867) AND (id <= 7861866))

table 5 : explain SELECT DISTINCT c FROM sbtest5 WHERE id BETWEEN 7425361 AND 7426360 ORDER BY c
	Unique  (cost=3607.88..3612.47 rows=918 width=121)
	  ->  Sort  (cost=3607.88..3610.18 rows=918 width=121)
	        Sort Key: c
	        ->  Bitmap Heap Scan on sbtest5  (cost=29.84..3562.71 rows=918 width=121)
	              Recheck Cond: ((id >= 7425361) AND (id <= 7426360))
	              ->  Bitmap Index Scan on sbtest5_pkey  (cost=0.00..29.61 rows=918 width=0)
	                    Index Cond: ((id >= 7425361) AND (id <= 7426360))

table 6 : explain SELECT DISTINCT c FROM sbtest6 WHERE id BETWEEN 5065676 AND 5066675 ORDER BY c
	Unique  (cost=3944.03..3949.06 rows=1005 width=121)
	  ->  Sort  (cost=3944.03..3946.55 rows=1005 width=121)
	        Sort Key: c
	        ->  Bitmap Heap Scan on sbtest6  (cost=34.74..3893.92 rows=1005 width=121)
	              Recheck Cond: ((id >= 5065676) AND (id <= 5066675))
	              ->  Bitmap Index Scan on sbtest6_pkey  (cost=0.00..34.48 rows=1005 width=0)
	                    Index Cond: ((id >= 5065676) AND (id <= 5066675))

table 7 : explain SELECT DISTINCT c FROM sbtest7 WHERE id BETWEEN 9549764 AND 9550763 ORDER BY c
	Unique  (cost=3944.92..3949.95 rows=1005 width=121)
	  ->  Sort  (cost=3944.92..3947.44 rows=1005 width=121)
	        Sort Key: c
	        ->  Bitmap Heap Scan on sbtest7  (cost=34.74..3894.81 rows=1005 width=121)
	              Recheck Cond: ((id >= 9549764) AND (id <= 9550763))
	              ->  Bitmap Index Scan on sbtest7_pkey  (cost=0.00..34.48 rows=1005 width=0)
	                    Index Cond: ((id >= 9549764) AND (id <= 9550763))

table 8 : explain SELECT DISTINCT c FROM sbtest8 WHERE id BETWEEN 5426822 AND 5427821 ORDER BY c
	Unique  (cost=3792.26..3797.08 rows=965 width=121)
	  ->  Sort  (cost=3792.26..3794.67 rows=965 width=121)
	        Sort Key: c
	        ->  Bitmap Heap Scan on sbtest8  (cost=34.33..3744.42 rows=965 width=121)
	              Recheck Cond: ((id >= 5426822) AND (id <= 5427821))
	              ->  Bitmap Index Scan on sbtest8_pkey  (cost=0.00..34.09 rows=965 width=0)
	                    Index Cond: ((id >= 5426822) AND (id <= 5427821))

explain: for point_selects :: explain SELECT c FROM sbtest%u WHERE id=%u
for point_selects
table 1 : explain SELECT c FROM sbtest1 WHERE id=717596
	Index Scan using sbtest1_pkey on sbtest1  (cost=0.43..8.45 rows=1 width=121)
	  Index Cond: (id = 717596)

table 2 : explain SELECT c FROM sbtest2 WHERE id=4440544
	Index Scan using sbtest2_pkey on sbtest2  (cost=0.43..8.45 rows=1 width=121)
	  Index Cond: (id = 4440544)

table 3 : explain SELECT c FROM sbtest3 WHERE id=1955762
	Index Scan using sbtest3_pkey on sbtest3  (cost=0.43..8.45 rows=1 width=121)
	  Index Cond: (id = 1955762)

table 4 : explain SELECT c FROM sbtest4 WHERE id=8835323
	Index Scan using sbtest4_pkey on sbtest4  (cost=0.43..8.45 rows=1 width=121)
	  Index Cond: (id = 8835323)

table 5 : explain SELECT c FROM sbtest5 WHERE id=8878601
	Index Scan using sbtest5_pkey on sbtest5  (cost=0.43..8.45 rows=1 width=121)
	  Index Cond: (id = 8878601)

table 6 : explain SELECT c FROM sbtest6 WHERE id=5993846
	Index Scan using sbtest6_pkey on sbtest6  (cost=0.43..8.45 rows=1 width=121)
	  Index Cond: (id = 5993846)

table 7 : explain SELECT c FROM sbtest7 WHERE id=604139
	Index Scan using sbtest7_pkey on sbtest7  (cost=0.43..8.45 rows=1 width=121)
	  Index Cond: (id = 604139)

table 8 : explain SELECT c FROM sbtest8 WHERE id=7424650
	Index Scan using sbtest8_pkey on sbtest8  (cost=0.43..8.45 rows=1 width=121)
	  Index Cond: (id = 7424650)

for: sum_ranges
table 1 : explain SELECT SUM(k) FROM sbtest1 WHERE id BETWEEN 7261085 AND 7262084
	Aggregate  (cost=3768.91..3768.92 rows=1 width=8)
	  ->  Bitmap Heap Scan on sbtest1  (cost=34.38..3766.48 rows=970 width=4)
	        Recheck Cond: ((id >= 7261085) AND (id <= 7262084))
	        ->  Bitmap Index Scan on sbtest1_pkey  (cost=0.00..34.14 rows=970 width=0)
	              Index Cond: ((id >= 7261085) AND (id <= 7262084))

table 2 : explain SELECT SUM(k) FROM sbtest2 WHERE id BETWEEN 155686 AND 156685
	Aggregate  (cost=4102.41..4102.42 rows=1 width=8)
	  ->  Bitmap Heap Scan on sbtest2  (cost=35.30..4099.76 rows=1060 width=4)
	        Recheck Cond: ((id >= 155686) AND (id <= 156685))
	        ->  Bitmap Index Scan on sbtest2_pkey  (cost=0.00..35.04 rows=1060 width=0)
	              Index Cond: ((id >= 155686) AND (id <= 156685))

table 3 : explain SELECT SUM(k) FROM sbtest3 WHERE id BETWEEN 2726081 AND 2727080
	Aggregate  (cost=4447.89..4447.90 rows=1 width=8)
	  ->  Bitmap Heap Scan on sbtest3  (cost=40.24..4445.01 rows=1152 width=4)
	        Recheck Cond: ((id >= 2726081) AND (id <= 2727080))
	        ->  Bitmap Index Scan on sbtest3_pkey  (cost=0.00..39.95 rows=1152 width=0)
	              Index Cond: ((id >= 2726081) AND (id <= 2727080))

table 4 : explain SELECT SUM(k) FROM sbtest4 WHERE id BETWEEN 4214126 AND 4215125
	Aggregate  (cost=4449.59..4449.60 rows=1 width=8)
	  ->  Bitmap Heap Scan on sbtest4  (cost=40.24..4446.71 rows=1152 width=4)
	        Recheck Cond: ((id >= 4214126) AND (id <= 4215125))
	        ->  Bitmap Index Scan on sbtest4_pkey  (cost=0.00..39.95 rows=1152 width=0)
	              Index Cond: ((id >= 4214126) AND (id <= 4215125))

table 5 : explain SELECT SUM(k) FROM sbtest5 WHERE id BETWEEN 7789756 AND 7790755
	Aggregate  (cost=4142.70..4142.71 rows=1 width=8)
	  ->  Bitmap Heap Scan on sbtest5  (cost=35.40..4140.03 rows=1070 width=4)
	        Recheck Cond: ((id >= 7789756) AND (id <= 7790755))
	        ->  Bitmap Index Scan on sbtest5_pkey  (cost=0.00..35.14 rows=1070 width=0)
	              Index Cond: ((id >= 7789756) AND (id <= 7790755))

table 6 : explain SELECT SUM(k) FROM sbtest6 WHERE id BETWEEN 5525630 AND 5526629
	Aggregate  (cost=4062.23..4062.24 rows=1 width=8)
	  ->  Bitmap Heap Scan on sbtest6  (cost=35.19..4059.61 rows=1049 width=4)
	        Recheck Cond: ((id >= 5525630) AND (id <= 5526629))
	        ->  Bitmap Index Scan on sbtest6_pkey  (cost=0.00..34.93 rows=1049 width=0)
	              Index Cond: ((id >= 5525630) AND (id <= 5526629))

table 7 : explain SELECT SUM(k) FROM sbtest7 WHERE id BETWEEN 9428318 AND 9429317
	Aggregate  (cost=3874.69..3874.70 rows=1 width=8)
	  ->  Bitmap Heap Scan on sbtest7  (cost=34.67..3872.19 rows=999 width=4)
	        Recheck Cond: ((id >= 9428318) AND (id <= 9429317))
	        ->  Bitmap Index Scan on sbtest7_pkey  (cost=0.00..34.43 rows=999 width=0)
	              Index Cond: ((id >= 9428318) AND (id <= 9429317))

table 8 : explain SELECT SUM(k) FROM sbtest8 WHERE id BETWEEN 7798052 AND 7799051
	Aggregate  (cost=3984.60..3984.61 rows=1 width=8)
	  ->  Bitmap Heap Scan on sbtest8  (cost=34.97..3982.03 rows=1028 width=4)
	        Recheck Cond: ((id >= 7798052) AND (id <= 7799051))
	        ->  Bitmap Index Scan on sbtest8_pkey  (cost=0.00..34.72 rows=1028 width=0)
	              Index Cond: ((id >= 7798052) AND (id <= 7799051))

explain: for point_selects :: explain SELECT c FROM sbtest%u WHERE id=%u
explain: for point_selects :: explain SELECT c FROM sbtest%u WHERE id=%u
for: order_ranges
table 1 : explain SELECT c FROM sbtest1 WHERE id BETWEEN 6342020 AND 6343019 ORDER BY c
	Sort  (cost=3741.68..3744.06 rows=951 width=121)
	  Sort Key: c
	  ->  Bitmap Heap Scan on sbtest1  (cost=34.18..3694.64 rows=951 width=121)
	        Recheck Cond: ((id >= 6342020) AND (id <= 6343019))
	        ->  Bitmap Index Scan on sbtest1_pkey  (cost=0.00..33.95 rows=951 width=0)
	              Index Cond: ((id >= 6342020) AND (id <= 6343019))

table 2 : explain SELECT c FROM sbtest2 WHERE id BETWEEN 7289365 AND 7290364 ORDER BY c
	Sort  (cost=4046.10..4048.68 rows=1032 width=121)
	  Sort Key: c
	  ->  Bitmap Heap Scan on sbtest2  (cost=35.01..3994.44 rows=1032 width=121)
	        Recheck Cond: ((id >= 7289365) AND (id <= 7290364))
	        ->  Bitmap Index Scan on sbtest2_pkey  (cost=0.00..34.76 rows=1032 width=0)
	              Index Cond: ((id >= 7289365) AND (id <= 7290364))

table 3 : explain SELECT c FROM sbtest3 WHERE id BETWEEN 7140633 AND 7141632 ORDER BY c
	Sort  (cost=3827.82..3830.25 rows=975 width=121)
	  Sort Key: c
	  ->  Bitmap Heap Scan on sbtest3  (cost=34.43..3779.41 rows=975 width=121)
	        Recheck Cond: ((id >= 7140633) AND (id <= 7141632))
	        ->  Bitmap Index Scan on sbtest3_pkey  (cost=0.00..34.19 rows=975 width=0)
	              Index Cond: ((id >= 7140633) AND (id <= 7141632))

table 4 : explain SELECT c FROM sbtest4 WHERE id BETWEEN 5172478 AND 5173477 ORDER BY c
	Sort  (cost=4501.48..4504.36 rows=1151 width=121)
	  Sort Key: c
	  ->  Bitmap Heap Scan on sbtest4  (cost=40.23..4442.96 rows=1151 width=121)
	        Recheck Cond: ((id >= 5172478) AND (id <= 5173477))
	        ->  Bitmap Index Scan on sbtest4_pkey  (cost=0.00..39.95 rows=1151 width=0)
	              Index Cond: ((id >= 5172478) AND (id <= 5173477))

table 5 : explain SELECT c FROM sbtest5 WHERE id BETWEEN 9506738 AND 9507737 ORDER BY c
	Sort  (cost=4090.69..4093.30 rows=1043 width=121)
	  Sort Key: c
	  ->  Bitmap Heap Scan on sbtest5  (cost=35.13..4038.40 rows=1043 width=121)
	        Recheck Cond: ((id >= 9506738) AND (id <= 9507737))
	        ->  Bitmap Index Scan on sbtest5_pkey  (cost=0.00..34.87 rows=1043 width=0)
	              Index Cond: ((id >= 9506738) AND (id <= 9507737))

table 6 : explain SELECT c FROM sbtest6 WHERE id BETWEEN 2195372 AND 2196371 ORDER BY c
	Sort  (cost=3963.16..3965.69 rows=1010 width=121)
	  Sort Key: c
	  ->  Bitmap Heap Scan on sbtest6  (cost=34.79..3912.76 rows=1010 width=121)
	        Recheck Cond: ((id >= 2195372) AND (id <= 2196371))
	        ->  Bitmap Index Scan on sbtest6_pkey  (cost=0.00..34.54 rows=1010 width=0)
	              Index Cond: ((id >= 2195372) AND (id <= 2196371))

table 7 : explain SELECT c FROM sbtest7 WHERE id BETWEEN 7127255 AND 7128254 ORDER BY c
	Sort  (cost=3967.88..3970.41 rows=1011 width=121)
	  Sort Key: c
	  ->  Bitmap Heap Scan on sbtest7  (cost=34.80..3917.43 rows=1011 width=121)
	        Recheck Cond: ((id >= 7127255) AND (id <= 7128254))
	        ->  Bitmap Index Scan on sbtest7_pkey  (cost=0.00..34.55 rows=1011 width=0)
	              Index Cond: ((id >= 7127255) AND (id <= 7128254))

table 8 : explain SELECT c FROM sbtest8 WHERE id BETWEEN 2534950 AND 2535949 ORDER BY c
	Sort  (cost=4239.84..4242.54 rows=1082 width=121)
	  Sort Key: c
	  ->  Bitmap Heap Scan on sbtest8  (cost=35.53..4185.31 rows=1082 width=121)
	        Recheck Cond: ((id >= 2534950) AND (id <= 2535949))
	        ->  Bitmap Index Scan on sbtest8_pkey  (cost=0.00..35.26 rows=1082 width=0)
	              Index Cond: ((id >= 2534950) AND (id <= 2535949))

for: order_ranges
table 1 : explain SELECT c FROM sbtest1 WHERE id BETWEEN 9429507 AND 9430506 ORDER BY c
	Sort  (cost=3737.84..3740.22 rows=950 width=121)
	  Sort Key: c
	  ->  Bitmap Heap Scan on sbtest1  (cost=34.17..3690.86 rows=950 width=121)
	        Recheck Cond: ((id >= 9429507) AND (id <= 9430506))
	        ->  Bitmap Index Scan on sbtest1_pkey  (cost=0.00..33.94 rows=950 width=0)
	              Index Cond: ((id >= 9429507) AND (id <= 9430506))

table 2 : explain SELECT c FROM sbtest2 WHERE id BETWEEN 2569936 AND 2570935 ORDER BY c
	Sort  (cost=3965.84..3968.37 rows=1011 width=121)
	  Sort Key: c
	  ->  Bitmap Heap Scan on sbtest2  (cost=34.80..3915.38 rows=1011 width=121)
	        Recheck Cond: ((id >= 2569936) AND (id <= 2570935))
	        ->  Bitmap Index Scan on sbtest2_pkey  (cost=0.00..34.55 rows=1011 width=0)
	              Index Cond: ((id >= 2569936) AND (id <= 2570935))

table 3 : explain SELECT c FROM sbtest3 WHERE id BETWEEN 2169659 AND 2170658 ORDER BY c
	Sort  (cost=3881.38..3883.86 rows=989 width=121)
	  Sort Key: c
	  ->  Bitmap Heap Scan on sbtest3  (cost=34.57..3832.18 rows=989 width=121)
	        Recheck Cond: ((id >= 2169659) AND (id <= 2170658))
	        ->  Bitmap Index Scan on sbtest3_pkey  (cost=0.00..34.33 rows=989 width=0)
	              Index Cond: ((id >= 2169659) AND (id <= 2170658))

table 4 : explain SELECT c FROM sbtest4 WHERE id BETWEEN 7220535 AND 7221534 ORDER BY c
	Sort  (cost=4066.31..4068.90 rows=1037 width=121)
	  Sort Key: c
	  ->  Bitmap Heap Scan on sbtest4  (cost=35.06..4014.36 rows=1037 width=121)
	        Recheck Cond: ((id >= 7220535) AND (id <= 7221534))
	        ->  Bitmap Index Scan on sbtest4_pkey  (cost=0.00..34.81 rows=1037 width=0)
	              Index Cond: ((id >= 7220535) AND (id <= 7221534))

table 5 : explain SELECT c FROM sbtest5 WHERE id BETWEEN 9385376 AND 9386375 ORDER BY c
	Sort  (cost=3887.91..3890.38 rows=990 width=121)
	  Sort Key: c
	  ->  Bitmap Heap Scan on sbtest5  (cost=34.58..3838.65 rows=990 width=121)
	        Recheck Cond: ((id >= 9385376) AND (id <= 9386375))
	        ->  Bitmap Index Scan on sbtest5_pkey  (cost=0.00..34.34 rows=990 width=0)
	              Index Cond: ((id >= 9385376) AND (id <= 9386375))

table 6 : explain SELECT c FROM sbtest6 WHERE id BETWEEN 6436291 AND 6437290 ORDER BY c
	Sort  (cost=3798.58..3800.99 rows=967 width=121)
	  Sort Key: c
	  ->  Bitmap Heap Scan on sbtest6  (cost=34.35..3750.63 rows=967 width=121)
	        Recheck Cond: ((id >= 6436291) AND (id <= 6437290))
	        ->  Bitmap Index Scan on sbtest6_pkey  (cost=0.00..34.11 rows=967 width=0)
	              Index Cond: ((id >= 6436291) AND (id <= 6437290))

table 7 : explain SELECT c FROM sbtest7 WHERE id BETWEEN 9606693 AND 9607692 ORDER BY c
	Sort  (cost=3810.91..3813.34 rows=970 width=121)
	  Sort Key: c
	  ->  Bitmap Heap Scan on sbtest7  (cost=34.38..3762.79 rows=970 width=121)
	        Recheck Cond: ((id >= 9606693) AND (id <= 9607692))
	        ->  Bitmap Index Scan on sbtest7_pkey  (cost=0.00..34.14 rows=970 width=0)
	              Index Cond: ((id >= 9606693) AND (id <= 9607692))

table 8 : explain SELECT c FROM sbtest8 WHERE id BETWEEN 1399599 AND 1400598 ORDER BY c
	Sort  (cost=4041.11..4043.69 rows=1030 width=121)
	  Sort Key: c
	  ->  Bitmap Heap Scan on sbtest8  (cost=34.99..3989.57 rows=1030 width=121)
	        Recheck Cond: ((id >= 1399599) AND (id <= 1400598))
	        ->  Bitmap Index Scan on sbtest8_pkey  (cost=0.00..34.73 rows=1030 width=0)
	              Index Cond: ((id >= 1399599) AND (id <= 1400598))

for: simple_ranges
table 1 : explain SELECT c FROM sbtest1 WHERE id BETWEEN 6155325 AND 6156324
	Bitmap Heap Scan on sbtest1  (cost=34.19..3698.42 rows=952 width=121)
	  Recheck Cond: ((id >= 6155325) AND (id <= 6156324))
	  ->  Bitmap Index Scan on sbtest1_pkey  (cost=0.00..33.95 rows=952 width=0)
	        Index Cond: ((id >= 6155325) AND (id <= 6156324))

table 2 : explain SELECT c FROM sbtest2 WHERE id BETWEEN 9627205 AND 9628204
	Bitmap Heap Scan on sbtest2  (cost=34.33..3742.01 rows=965 width=121)
	  Recheck Cond: ((id >= 9627205) AND (id <= 9628204))
	  ->  Bitmap Index Scan on sbtest2_pkey  (cost=0.00..34.09 rows=965 width=0)
	        Index Cond: ((id >= 9627205) AND (id <= 9628204))

table 3 : explain SELECT c FROM sbtest3 WHERE id BETWEEN 7286461 AND 7287460
	Bitmap Heap Scan on sbtest3  (cost=34.59..3839.72 rows=991 width=121)
	  Recheck Cond: ((id >= 7286461) AND (id <= 7287460))
	  ->  Bitmap Index Scan on sbtest3_pkey  (cost=0.00..34.34 rows=991 width=0)
	        Index Cond: ((id >= 7286461) AND (id <= 7287460))

table 4 : explain SELECT c FROM sbtest4 WHERE id BETWEEN 3458931 AND 3459930
	Bitmap Heap Scan on sbtest4  (cost=34.34..3746.78 rows=966 width=121)
	  Recheck Cond: ((id >= 3458931) AND (id <= 3459930))
	  ->  Bitmap Index Scan on sbtest4_pkey  (cost=0.00..34.09 rows=966 width=0)
	        Index Cond: ((id >= 3458931) AND (id <= 3459930))

table 5 : explain SELECT c FROM sbtest5 WHERE id BETWEEN 7612649 AND 7613648
	Bitmap Heap Scan on sbtest5  (cost=34.31..3736.75 rows=963 width=121)
	  Recheck Cond: ((id >= 7612649) AND (id <= 7613648))
	  ->  Bitmap Index Scan on sbtest5_pkey  (cost=0.00..34.07 rows=963 width=0)
	        Index Cond: ((id >= 7612649) AND (id <= 7613648))

table 6 : explain SELECT c FROM sbtest6 WHERE id BETWEEN 6403559 AND 6404558
	Bitmap Heap Scan on sbtest6  (cost=34.35..3750.63 rows=967 width=121)
	  Recheck Cond: ((id >= 6403559) AND (id <= 6404558))
	  ->  Bitmap Index Scan on sbtest6_pkey  (cost=0.00..34.11 rows=967 width=0)
	        Index Cond: ((id >= 6403559) AND (id <= 6404558))

table 7 : explain SELECT c FROM sbtest7 WHERE id BETWEEN 2285916 AND 2286915
	Bitmap Heap Scan on sbtest7  (cost=34.49..3804.30 rows=981 width=121)
	  Recheck Cond: ((id >= 2285916) AND (id <= 2286915))
	  ->  Bitmap Index Scan on sbtest7_pkey  (cost=0.00..34.25 rows=981 width=0)
	        Index Cond: ((id >= 2285916) AND (id <= 2286915))

table 8 : explain SELECT c FROM sbtest8 WHERE id BETWEEN 9252568 AND 9253567
	Bitmap Heap Scan on sbtest8  (cost=34.19..3695.32 rows=952 width=121)
	  Recheck Cond: ((id >= 9252568) AND (id <= 9253567))
	  ->  Bitmap Index Scan on sbtest8_pkey  (cost=0.00..33.95 rows=952 width=0)
	        Index Cond: ((id >= 9252568) AND (id <= 9253567))

for: simple_ranges
table 1 : explain SELECT c FROM sbtest1 WHERE id BETWEEN 3091884 AND 3092883
	Bitmap Heap Scan on sbtest1  (cost=29.64..3489.99 rows=898 width=121)
	  Recheck Cond: ((id >= 3091884) AND (id <= 3092883))
	  ->  Bitmap Index Scan on sbtest1_pkey  (cost=0.00..29.41 rows=898 width=0)
	        Index Cond: ((id >= 3091884) AND (id <= 3092883))

table 2 : explain SELECT c FROM sbtest2 WHERE id BETWEEN 8182251 AND 8183250
	Bitmap Heap Scan on sbtest2  (cost=34.98..3983.15 rows=1029 width=121)
	  Recheck Cond: ((id >= 8182251) AND (id <= 8183250))
	  ->  Bitmap Index Scan on sbtest2_pkey  (cost=0.00..34.73 rows=1029 width=0)
	        Index Cond: ((id >= 8182251) AND (id <= 8183250))

table 3 : explain SELECT c FROM sbtest3 WHERE id BETWEEN 2262496 AND 2263495
	Bitmap Heap Scan on sbtest3  (cost=34.16..3681.34 rows=949 width=121)
	  Recheck Cond: ((id >= 2262496) AND (id <= 2263495))
	  ->  Bitmap Index Scan on sbtest3_pkey  (cost=0.00..33.93 rows=949 width=0)
	        Index Cond: ((id >= 2262496) AND (id <= 2263495))

table 4 : explain SELECT c FROM sbtest4 WHERE id BETWEEN 3913395 AND 3914394
	Bitmap Heap Scan on sbtest4  (cost=29.68..3501.01 rows=902 width=121)
	  Recheck Cond: ((id >= 3913395) AND (id <= 3914394))
	  ->  Bitmap Index Scan on sbtest4_pkey  (cost=0.00..29.45 rows=902 width=0)
	        Index Cond: ((id >= 3913395) AND (id <= 3914394))

table 5 : explain SELECT c FROM sbtest5 WHERE id BETWEEN 2037031 AND 2038030
	Bitmap Heap Scan on sbtest5  (cost=29.93..3592.96 rows=926 width=121)
	  Recheck Cond: ((id >= 2037031) AND (id <= 2038030))
	  ->  Bitmap Index Scan on sbtest5_pkey  (cost=0.00..29.69 rows=926 width=0)
	        Index Cond: ((id >= 2037031) AND (id <= 2038030))

table 6 : explain SELECT c FROM sbtest6 WHERE id BETWEEN 8213884 AND 8214883
	Bitmap Heap Scan on sbtest6  (cost=34.20..3697.79 rows=953 width=121)
	  Recheck Cond: ((id >= 8213884) AND (id <= 8214883))
	  ->  Bitmap Index Scan on sbtest6_pkey  (cost=0.00..33.97 rows=953 width=0)
	        Index Cond: ((id >= 8213884) AND (id <= 8214883))

table 7 : explain SELECT c FROM sbtest7 WHERE id BETWEEN 9118963 AND 9119962
	Bitmap Heap Scan on sbtest7  (cost=29.76..3532.10 rows=910 width=121)
	  Recheck Cond: ((id >= 9118963) AND (id <= 9119962))
	  ->  Bitmap Index Scan on sbtest7_pkey  (cost=0.00..29.54 rows=910 width=0)
	        Index Cond: ((id >= 9118963) AND (id <= 9119962))

table 8 : explain SELECT c FROM sbtest8 WHERE id BETWEEN 4897921 AND 4898920
	Bitmap Heap Scan on sbtest8  (cost=34.12..3668.88 rows=945 width=121)
	  Recheck Cond: ((id >= 4897921) AND (id <= 4898920))
	  ->  Bitmap Index Scan on sbtest8_pkey  (cost=0.00..33.89 rows=945 width=0)
	        Index Cond: ((id >= 4897921) AND (id <= 4898920))

for: sum_ranges
table 1 : explain SELECT SUM(k) FROM sbtest1 WHERE id BETWEEN 9786119 AND 9787118
	Aggregate  (cost=4195.53..4195.54 rows=1 width=8)
	  ->  Bitmap Heap Scan on sbtest1  (cost=35.54..4192.83 rows=1083 width=4)
	        Recheck Cond: ((id >= 9786119) AND (id <= 9787118))
	        ->  Bitmap Index Scan on sbtest1_pkey  (cost=0.00..35.27 rows=1083 width=0)
	              Index Cond: ((id >= 9786119) AND (id <= 9787118))

table 2 : explain SELECT SUM(k) FROM sbtest2 WHERE id BETWEEN 5249604 AND 5250603
	Aggregate  (cost=4128.74..4128.75 rows=1 width=8)
	  ->  Bitmap Heap Scan on sbtest2  (cost=35.37..4126.08 rows=1067 width=4)
	        Recheck Cond: ((id >= 5249604) AND (id <= 5250603))
	        ->  Bitmap Index Scan on sbtest2_pkey  (cost=0.00..35.11 rows=1067 width=0)
	              Index Cond: ((id >= 5249604) AND (id <= 5250603))

table 3 : explain SELECT SUM(k) FROM sbtest3 WHERE id BETWEEN 948324 AND 949323
	Aggregate  (cost=3921.35..3921.36 rows=1 width=8)
	  ->  Bitmap Heap Scan on sbtest3  (cost=34.81..3918.82 rows=1012 width=4)
	        Recheck Cond: ((id >= 948324) AND (id <= 949323))
	        ->  Bitmap Index Scan on sbtest3_pkey  (cost=0.00..34.56 rows=1012 width=0)
	              Index Cond: ((id >= 948324) AND (id <= 949323))

table 4 : explain SELECT SUM(k) FROM sbtest4 WHERE id BETWEEN 1401773 AND 1402772
	Aggregate  (cost=3688.76..3688.77 rows=1 width=8)
	  ->  Bitmap Heap Scan on sbtest4  (cost=34.17..3686.39 rows=950 width=4)
	        Recheck Cond: ((id >= 1401773) AND (id <= 1402772))
	        ->  Bitmap Index Scan on sbtest4_pkey  (cost=0.00..33.94 rows=950 width=0)
	              Index Cond: ((id >= 1401773) AND (id <= 1402772))

table 5 : explain SELECT SUM(k) FROM sbtest5 WHERE id BETWEEN 3412483 AND 3413482
	Aggregate  (cost=4135.17..4135.18 rows=1 width=8)
	  ->  Bitmap Heap Scan on sbtest5  (cost=35.38..4132.50 rows=1068 width=4)
	        Recheck Cond: ((id >= 3412483) AND (id <= 3413482))
	        ->  Bitmap Index Scan on sbtest5_pkey  (cost=0.00..35.12 rows=1068 width=0)
	              Index Cond: ((id >= 3412483) AND (id <= 3413482))

table 6 : explain SELECT SUM(k) FROM sbtest6 WHERE id BETWEEN 2665184 AND 2666183
	Aggregate  (cost=3677.50..3677.51 rows=1 width=8)
	  ->  Bitmap Heap Scan on sbtest6  (cost=34.14..3675.13 rows=947 width=4)
	        Recheck Cond: ((id >= 2665184) AND (id <= 2666183))
	        ->  Bitmap Index Scan on sbtest6_pkey  (cost=0.00..33.91 rows=947 width=0)
	              Index Cond: ((id >= 2665184) AND (id <= 2666183))

table 7 : explain SELECT SUM(k) FROM sbtest7 WHERE id BETWEEN 6602303 AND 6603302
	Aggregate  (cost=3682.09..3682.10 rows=1 width=8)
	  ->  Bitmap Heap Scan on sbtest7  (cost=34.15..3679.72 rows=948 width=4)
	        Recheck Cond: ((id >= 6602303) AND (id <= 6603302))
	        ->  Bitmap Index Scan on sbtest7_pkey  (cost=0.00..33.92 rows=948 width=0)
	              Index Cond: ((id >= 6602303) AND (id <= 6603302))

table 8 : explain SELECT SUM(k) FROM sbtest8 WHERE id BETWEEN 9849191 AND 9850190
	Aggregate  (cost=4056.21..4056.22 rows=1 width=8)
	  ->  Bitmap Heap Scan on sbtest8  (cost=35.17..4053.60 rows=1047 width=4)
	        Recheck Cond: ((id >= 9849191) AND (id <= 9850190))
	        ->  Bitmap Index Scan on sbtest8_pkey  (cost=0.00..34.91 rows=1047 width=0)
	              Index Cond: ((id >= 9849191) AND (id <= 9850190))

explain: for point_selects :: explain SELECT c FROM sbtest%u WHERE id=%u
for point_selects
table 1 : explain SELECT c FROM sbtest1 WHERE id=7590369
	Index Scan using sbtest1_pkey on sbtest1  (cost=0.43..8.45 rows=1 width=121)
	  Index Cond: (id = 7590369)

table 2 : explain SELECT c FROM sbtest2 WHERE id=1290788
	Index Scan using sbtest2_pkey on sbtest2  (cost=0.43..8.45 rows=1 width=121)
	  Index Cond: (id = 1290788)

table 3 : explain SELECT c FROM sbtest3 WHERE id=1239103
	Index Scan using sbtest3_pkey on sbtest3  (cost=0.43..8.45 rows=1 width=121)
	  Index Cond: (id = 1239103)

table 4 : explain SELECT c FROM sbtest4 WHERE id=3964622
	Index Scan using sbtest4_pkey on sbtest4  (cost=0.43..8.45 rows=1 width=121)
	  Index Cond: (id = 3964622)

table 5 : explain SELECT c FROM sbtest5 WHERE id=4403156
	Index Scan using sbtest5_pkey on sbtest5  (cost=0.43..8.45 rows=1 width=121)
	  Index Cond: (id = 4403156)

table 6 : explain SELECT c FROM sbtest6 WHERE id=5488431
	Index Scan using sbtest6_pkey on sbtest6  (cost=0.43..8.45 rows=1 width=121)
	  Index Cond: (id = 5488431)

table 7 : explain SELECT c FROM sbtest7 WHERE id=4691623
	Index Scan using sbtest7_pkey on sbtest7  (cost=0.43..8.45 rows=1 width=121)
	  Index Cond: (id = 4691623)

table 8 : explain SELECT c FROM sbtest8 WHERE id=2280731
	Index Scan using sbtest8_pkey on sbtest8  (cost=0.43..8.45 rows=1 width=121)
	  Index Cond: (id = 2280731)

for: sum_ranges
table 1 : explain SELECT SUM(k) FROM sbtest1 WHERE id BETWEEN 1269703 AND 1270702
	Aggregate  (cost=3367.04..3367.05 rows=1 width=8)
	  ->  Bitmap Heap Scan on sbtest1  (cost=29.30..3364.87 rows=865 width=4)
	        Recheck Cond: ((id >= 1269703) AND (id <= 1270702))
	        ->  Bitmap Index Scan on sbtest1_pkey  (cost=0.00..29.08 rows=865 width=0)
	              Index Cond: ((id >= 1269703) AND (id <= 1270702))

table 2 : explain SELECT SUM(k) FROM sbtest2 WHERE id BETWEEN 4984412 AND 4985411
	Aggregate  (cost=3944.29..3944.30 rows=1 width=8)
	  ->  Bitmap Heap Scan on sbtest2  (cost=34.87..3941.74 rows=1018 width=4)
	        Recheck Cond: ((id >= 4984412) AND (id <= 4985411))
	        ->  Bitmap Index Scan on sbtest2_pkey  (cost=0.00..34.62 rows=1018 width=0)
	              Index Cond: ((id >= 4984412) AND (id <= 4985411))

table 3 : explain SELECT SUM(k) FROM sbtest3 WHERE id BETWEEN 6237073 AND 6238072
	Aggregate  (cost=3830.88..3830.89 rows=1 width=8)
	  ->  Bitmap Heap Scan on sbtest3  (cost=34.56..3828.41 rows=988 width=4)
	        Recheck Cond: ((id >= 6237073) AND (id <= 6238072))
	        ->  Bitmap Index Scan on sbtest3_pkey  (cost=0.00..34.32 rows=988 width=0)
	              Index Cond: ((id >= 6237073) AND (id <= 6238072))

table 4 : explain SELECT SUM(k) FROM sbtest4 WHERE id BETWEEN 2021957 AND 2022956
	Aggregate  (cost=3666.09..3666.10 rows=1 width=8)
	  ->  Bitmap Heap Scan on sbtest4  (cost=34.11..3663.73 rows=944 width=4)
	        Recheck Cond: ((id >= 2021957) AND (id <= 2022956))
	        ->  Bitmap Index Scan on sbtest4_pkey  (cost=0.00..33.88 rows=944 width=0)
	              Index Cond: ((id >= 2021957) AND (id <= 2022956))

table 5 : explain SELECT SUM(k) FROM sbtest5 WHERE id BETWEEN 6159656 AND 6160655
	Aggregate  (cost=3852.45..3852.46 rows=1 width=8)
	  ->  Bitmap Heap Scan on sbtest5  (cost=34.61..3849.96 rows=993 width=4)
	        Recheck Cond: ((id >= 6159656) AND (id <= 6160655))
	        ->  Bitmap Index Scan on sbtest5_pkey  (cost=0.00..34.37 rows=993 width=0)
	              Index Cond: ((id >= 6159656) AND (id <= 6160655))

table 6 : explain SELECT SUM(k) FROM sbtest6 WHERE id BETWEEN 9327508 AND 9328507
	Aggregate  (cost=3779.47..3779.48 rows=1 width=8)
	  ->  Bitmap Heap Scan on sbtest6  (cost=34.42..3777.04 rows=974 width=4)
	        Recheck Cond: ((id >= 9327508) AND (id <= 9328507))
	        ->  Bitmap Index Scan on sbtest6_pkey  (cost=0.00..34.18 rows=974 width=0)
	              Index Cond: ((id >= 9327508) AND (id <= 9328507))

table 7 : explain SELECT SUM(k) FROM sbtest7 WHERE id BETWEEN 8966952 AND 8967951
	Aggregate  (cost=3912.41..3912.42 rows=1 width=8)
	  ->  Bitmap Heap Scan on sbtest7  (cost=34.78..3909.89 rows=1009 width=4)
	        Recheck Cond: ((id >= 8966952) AND (id <= 8967951))
	        ->  Bitmap Index Scan on sbtest7_pkey  (cost=0.00..34.53 rows=1009 width=0)
	              Index Cond: ((id >= 8966952) AND (id <= 8967951))

table 8 : explain SELECT SUM(k) FROM sbtest8 WHERE id BETWEEN 5730993 AND 5731992
	Aggregate  (cost=4022.30..4022.31 rows=1 width=8)
	  ->  Bitmap Heap Scan on sbtest8  (cost=35.07..4019.70 rows=1038 width=4)
	        Recheck Cond: ((id >= 5730993) AND (id <= 5731992))
	        ->  Bitmap Index Scan on sbtest8_pkey  (cost=0.00..34.82 rows=1038 width=0)
	              Index Cond: ((id >= 5730993) AND (id <= 5731992))

for: distinct_ranges
table 1 : explain SELECT DISTINCT c FROM sbtest1 WHERE id BETWEEN 3526161 AND 3527160 ORDER BY c
	Unique  (cost=4232.12..4237.51 rows=1079 width=121)
	  ->  Sort  (cost=4232.12..4234.82 rows=1079 width=121)
	        Sort Key: c
	        ->  Bitmap Heap Scan on sbtest1  (cost=35.49..4177.76 rows=1079 width=121)
	              Recheck Cond: ((id >= 3526161) AND (id <= 3527160))
	              ->  Bitmap Index Scan on sbtest1_pkey  (cost=0.00..35.23 rows=1079 width=0)
	                    Index Cond: ((id >= 3526161) AND (id <= 3527160))

table 2 : explain SELECT DISTINCT c FROM sbtest2 WHERE id BETWEEN 743431 AND 744430 ORDER BY c
	Unique  (cost=3571.24..3575.79 rows=909 width=121)
	  ->  Sort  (cost=3571.24..3573.52 rows=909 width=121)
	        Sort Key: c
	        ->  Bitmap Heap Scan on sbtest2  (cost=29.75..3526.57 rows=909 width=121)
	              Recheck Cond: ((id >= 743431) AND (id <= 744430))
	              ->  Bitmap Index Scan on sbtest2_pkey  (cost=0.00..29.52 rows=909 width=0)
	                    Index Cond: ((id >= 743431) AND (id <= 744430))

table 3 : explain SELECT DISTINCT c FROM sbtest3 WHERE id BETWEEN 5820411 AND 5821410 ORDER BY c
	Unique  (cost=3632.31..3636.94 rows=925 width=121)
	  ->  Sort  (cost=3632.31..3634.62 rows=925 width=121)
	        Sort Key: c
	        ->  Bitmap Heap Scan on sbtest3  (cost=29.92..3586.74 rows=925 width=121)
	              Recheck Cond: ((id >= 5820411) AND (id <= 5821410))
	              ->  Bitmap Index Scan on sbtest3_pkey  (cost=0.00..29.68 rows=925 width=0)
	                    Index Cond: ((id >= 5820411) AND (id <= 5821410))

table 4 : explain SELECT DISTINCT c FROM sbtest4 WHERE id BETWEEN 6586314 AND 6587313 ORDER BY c
	Unique  (cost=4051.02..4056.18 rows=1033 width=121)
	  ->  Sort  (cost=4051.02..4053.60 rows=1033 width=121)
	        Sort Key: c
	        ->  Bitmap Heap Scan on sbtest4  (cost=35.02..3999.30 rows=1033 width=121)
	              Recheck Cond: ((id >= 6586314) AND (id <= 6587313))
	              ->  Bitmap Index Scan on sbtest4_pkey  (cost=0.00..34.77 rows=1033 width=0)
	                    Index Cond: ((id >= 6586314) AND (id <= 6587313))

table 5 : explain SELECT DISTINCT c FROM sbtest5 WHERE id BETWEEN 6930813 AND 6931812 ORDER BY c
	Unique  (cost=3792.14..3796.96 rows=965 width=121)
	  ->  Sort  (cost=3792.14..3794.55 rows=965 width=121)
	        Sort Key: c
	        ->  Bitmap Heap Scan on sbtest5  (cost=34.33..3744.30 rows=965 width=121)
	              Recheck Cond: ((id >= 6930813) AND (id <= 6931812))
	              ->  Bitmap Index Scan on sbtest5_pkey  (cost=0.00..34.09 rows=965 width=0)
	                    Index Cond: ((id >= 6930813) AND (id <= 6931812))

table 6 : explain SELECT DISTINCT c FROM sbtest6 WHERE id BETWEEN 6973304 AND 6974303 ORDER BY c
	Unique  (cost=4207.71..4213.08 rows=1074 width=121)
	  ->  Sort  (cost=4207.71..4210.40 rows=1074 width=121)
	        Sort Key: c
	        ->  Bitmap Heap Scan on sbtest6  (cost=35.44..4153.64 rows=1074 width=121)
	              Recheck Cond: ((id >= 6973304) AND (id <= 6974303))
	              ->  Bitmap Index Scan on sbtest6_pkey  (cost=0.00..35.18 rows=1074 width=0)
	                    Index Cond: ((id >= 6973304) AND (id <= 6974303))

table 7 : explain SELECT DISTINCT c FROM sbtest7 WHERE id BETWEEN 8666573 AND 8667572 ORDER BY c
	Unique  (cost=4006.14..4011.24 rows=1021 width=121)
	  ->  Sort  (cost=4006.14..4008.69 rows=1021 width=121)
	        Sort Key: c
	        ->  Bitmap Heap Scan on sbtest7  (cost=34.90..3955.11 rows=1021 width=121)
	              Recheck Cond: ((id >= 8666573) AND (id <= 8667572))
	              ->  Bitmap Index Scan on sbtest7_pkey  (cost=0.00..34.65 rows=1021 width=0)
	                    Index Cond: ((id >= 8666573) AND (id <= 8667572))

table 8 : explain SELECT DISTINCT c FROM sbtest8 WHERE id BETWEEN 6788120 AND 6789119 ORDER BY c
	Unique  (cost=4098.47..4103.69 rows=1045 width=121)
	  ->  Sort  (cost=4098.47..4101.08 rows=1045 width=121)
	        Sort Key: c
	        ->  Bitmap Heap Scan on sbtest8  (cost=35.15..4046.06 rows=1045 width=121)
	              Recheck Cond: ((id >= 6788120) AND (id <= 6789119))
	              ->  Bitmap Index Scan on sbtest8_pkey  (cost=0.00..34.89 rows=1045 width=0)
	                    Index Cond: ((id >= 6788120) AND (id <= 6789119))

for: order_ranges
table 1 : explain SELECT c FROM sbtest1 WHERE id BETWEEN 3797320 AND 3798319 ORDER BY c
	Sort  (cost=3664.72..3667.05 rows=932 width=121)
	  Sort Key: c
	  ->  Bitmap Heap Scan on sbtest1  (cost=29.99..3618.75 rows=932 width=121)
	        Recheck Cond: ((id >= 3797320) AND (id <= 3798319))
	        ->  Bitmap Index Scan on sbtest1_pkey  (cost=0.00..29.75 rows=932 width=0)
	              Index Cond: ((id >= 3797320) AND (id <= 3798319))

table 2 : explain SELECT c FROM sbtest2 WHERE id BETWEEN 9499083 AND 9500082 ORDER BY c
	Sort  (cost=4023.17..4025.74 rows=1026 width=121)
	  Sort Key: c
	  ->  Bitmap Heap Scan on sbtest2  (cost=34.95..3971.86 rows=1026 width=121)
	        Recheck Cond: ((id >= 9499083) AND (id <= 9500082))
	        ->  Bitmap Index Scan on sbtest2_pkey  (cost=0.00..34.70 rows=1026 width=0)
	              Index Cond: ((id >= 9499083) AND (id <= 9500082))

table 3 : explain SELECT c FROM sbtest3 WHERE id BETWEEN 7438798 AND 7439797 ORDER BY c
	Sort  (cost=3685.96..3688.31 rows=939 width=121)
	  Sort Key: c
	  ->  Bitmap Heap Scan on sbtest3  (cost=30.06..3639.60 rows=939 width=121)
	        Recheck Cond: ((id >= 7438798) AND (id <= 7439797))
	        ->  Bitmap Index Scan on sbtest3_pkey  (cost=0.00..29.82 rows=939 width=0)
	              Index Cond: ((id >= 7438798) AND (id <= 7439797))

table 4 : explain SELECT c FROM sbtest4 WHERE id BETWEEN 4742819 AND 4743818 ORDER BY c
	Sort  (cost=3875.08..3877.55 rows=987 width=121)
	  Sort Key: c
	  ->  Bitmap Heap Scan on sbtest4  (cost=34.55..3825.99 rows=987 width=121)
	        Recheck Cond: ((id >= 4742819) AND (id <= 4743818))
	        ->  Bitmap Index Scan on sbtest4_pkey  (cost=0.00..34.31 rows=987 width=0)
	              Index Cond: ((id >= 4742819) AND (id <= 4743818))

table 5 : explain SELECT c FROM sbtest5 WHERE id BETWEEN 8944374 AND 8945373 ORDER BY c
	Sort  (cost=3738.47..3740.85 rows=951 width=121)
	  Sort Key: c
	  ->  Bitmap Heap Scan on sbtest5  (cost=34.18..3691.43 rows=951 width=121)
	        Recheck Cond: ((id >= 8944374) AND (id <= 8945373))
	        ->  Bitmap Index Scan on sbtest5_pkey  (cost=0.00..33.95 rows=951 width=0)
	              Index Cond: ((id >= 8944374) AND (id <= 8945373))

table 6 : explain SELECT c FROM sbtest6 WHERE id BETWEEN 9923754 AND 9924753 ORDER BY c
	Sort  (cost=4123.70..4126.33 rows=1052 width=121)
	  Sort Key: c
	  ->  Bitmap Heap Scan on sbtest6  (cost=35.22..4070.90 rows=1052 width=121)
	        Recheck Cond: ((id >= 9923754) AND (id <= 9924753))
	        ->  Bitmap Index Scan on sbtest6_pkey  (cost=0.00..34.95 rows=1052 width=0)
	              Index Cond: ((id >= 9923754) AND (id <= 9924753))

table 7 : explain SELECT c FROM sbtest7 WHERE id BETWEEN 1229838 AND 1230837 ORDER BY c
	Sort  (cost=4040.56..4043.13 rows=1030 width=121)
	  Sort Key: c
	  ->  Bitmap Heap Scan on sbtest7  (cost=34.99..3989.01 rows=1030 width=121)
	        Recheck Cond: ((id >= 1229838) AND (id <= 1230837))
	        ->  Bitmap Index Scan on sbtest7_pkey  (cost=0.00..34.73 rows=1030 width=0)
	              Index Cond: ((id >= 1229838) AND (id <= 1230837))

table 8 : explain SELECT c FROM sbtest8 WHERE id BETWEEN 7815083 AND 7816082 ORDER BY c
	Sort  (cost=4033.46..4036.03 rows=1028 width=121)
	  Sort Key: c
	  ->  Bitmap Heap Scan on sbtest8  (cost=34.97..3982.03 rows=1028 width=121)
	        Recheck Cond: ((id >= 7815083) AND (id <= 7816082))
	        ->  Bitmap Index Scan on sbtest8_pkey  (cost=0.00..34.72 rows=1028 width=0)
	              Index Cond: ((id >= 7815083) AND (id <= 7816082))

for point_selects
table 1 : explain SELECT c FROM sbtest1 WHERE id=2229471
	Index Scan using sbtest1_pkey on sbtest1  (cost=0.43..8.45 rows=1 width=121)
	  Index Cond: (id = 2229471)

table 2 : explain SELECT c FROM sbtest2 WHERE id=8148136
	Index Scan using sbtest2_pkey on sbtest2  (cost=0.43..8.45 rows=1 width=121)
	  Index Cond: (id = 8148136)

table 3 : explain SELECT c FROM sbtest3 WHERE id=8047842
	Index Scan using sbtest3_pkey on sbtest3  (cost=0.43..8.45 rows=1 width=121)
	  Index Cond: (id = 8047842)

table 4 : explain SELECT c FROM sbtest4 WHERE id=3397058
	Index Scan using sbtest4_pkey on sbtest4  (cost=0.43..8.45 rows=1 width=121)
	  Index Cond: (id = 3397058)

table 5 : explain SELECT c FROM sbtest5 WHERE id=7588603
	Index Scan using sbtest5_pkey on sbtest5  (cost=0.43..8.45 rows=1 width=121)
	  Index Cond: (id = 7588603)

table 6 : explain SELECT c FROM sbtest6 WHERE id=6546986
	Index Scan using sbtest6_pkey on sbtest6  (cost=0.43..8.45 rows=1 width=121)
	  Index Cond: (id = 6546986)

table 7 : explain SELECT c FROM sbtest7 WHERE id=2838080
	Index Scan using sbtest7_pkey on sbtest7  (cost=0.43..8.45 rows=1 width=121)
	  Index Cond: (id = 2838080)

table 8 : explain SELECT c FROM sbtest8 WHERE id=6188530
	Index Scan using sbtest8_pkey on sbtest8  (cost=0.43..8.45 rows=1 width=121)
	  Index Cond: (id = 6188530)

for: simple_ranges
table 1 : explain SELECT c FROM sbtest1 WHERE id BETWEEN 2060529 AND 2061528
	Bitmap Heap Scan on sbtest1  (cost=35.32..4113.71 rows=1062 width=121)
	  Recheck Cond: ((id >= 2060529) AND (id <= 2061528))
	  ->  Bitmap Index Scan on sbtest1_pkey  (cost=0.00..35.06 rows=1062 width=0)
	        Index Cond: ((id >= 2060529) AND (id <= 2061528))

table 2 : explain SELECT c FROM sbtest2 WHERE id BETWEEN 9261977 AND 9262976
	Bitmap Heap Scan on sbtest2  (cost=34.71..3881.48 rows=1002 width=121)
	  Recheck Cond: ((id >= 9261977) AND (id <= 9262976))
	  ->  Bitmap Index Scan on sbtest2_pkey  (cost=0.00..34.45 rows=1002 width=0)
	        Index Cond: ((id >= 9261977) AND (id <= 9262976))

table 3 : explain SELECT c FROM sbtest3 WHERE id BETWEEN 7001655 AND 7002654
	Bitmap Heap Scan on sbtest3  (cost=35.97..4339.77 rows=1125 width=121)
	  Recheck Cond: ((id >= 7001655) AND (id <= 7002654))
	  ->  Bitmap Index Scan on sbtest3_pkey  (cost=0.00..35.69 rows=1125 width=0)
	        Index Cond: ((id >= 7001655) AND (id <= 7002654))

table 4 : explain SELECT c FROM sbtest4 WHERE id BETWEEN 8319439 AND 8320438
	Bitmap Heap Scan on sbtest4  (cost=34.92..3961.65 rows=1023 width=121)
	  Recheck Cond: ((id >= 8319439) AND (id <= 8320438))
	  ->  Bitmap Index Scan on sbtest4_pkey  (cost=0.00..34.67 rows=1023 width=0)
	        Index Cond: ((id >= 8319439) AND (id <= 8320438))

table 5 : explain SELECT c FROM sbtest5 WHERE id BETWEEN 1590480 AND 1591479
	Bitmap Heap Scan on sbtest5  (cost=34.34..3748.08 rows=966 width=121)
	  Recheck Cond: ((id >= 1590480) AND (id <= 1591479))
	  ->  Bitmap Index Scan on sbtest5_pkey  (cost=0.00..34.09 rows=966 width=0)
	        Index Cond: ((id >= 1590480) AND (id <= 1591479))

table 6 : explain SELECT c FROM sbtest6 WHERE id BETWEEN 8245521 AND 8246520
	Bitmap Heap Scan on sbtest6  (cost=34.20..3697.79 rows=953 width=121)
	  Recheck Cond: ((id >= 8245521) AND (id <= 8246520))
	  ->  Bitmap Index Scan on sbtest6_pkey  (cost=0.00..33.97 rows=953 width=0)
	        Index Cond: ((id >= 8245521) AND (id <= 8246520))

table 7 : explain SELECT c FROM sbtest7 WHERE id BETWEEN 7108832 AND 7109831
	Bitmap Heap Scan on sbtest7  (cost=34.50..3808.07 rows=982 width=121)
	  Recheck Cond: ((id >= 7108832) AND (id <= 7109831))
	  ->  Bitmap Index Scan on sbtest7_pkey  (cost=0.00..34.26 rows=982 width=0)
	        Index Cond: ((id >= 7108832) AND (id <= 7109831))

table 8 : explain SELECT c FROM sbtest8 WHERE id BETWEEN 4380380 AND 4381379
	Bitmap Heap Scan on sbtest8  (cost=29.50..3434.16 rows=884 width=121)
	  Recheck Cond: ((id >= 4380380) AND (id <= 4381379))
	  ->  Bitmap Index Scan on sbtest8_pkey  (cost=0.00..29.27 rows=884 width=0)
	        Index Cond: ((id >= 4380380) AND (id <= 4381379))

for: order_ranges
table 1 : explain SELECT c FROM sbtest1 WHERE id BETWEEN 8291157 AND 8292156 ORDER BY c
	Sort  (cost=4113.52..4116.14 rows=1048 width=121)
	  Sort Key: c
	  ->  Bitmap Heap Scan on sbtest1  (cost=35.18..4060.94 rows=1048 width=121)
	        Recheck Cond: ((id >= 8291157) AND (id <= 8292156))
	        ->  Bitmap Index Scan on sbtest1_pkey  (cost=0.00..34.92 rows=1048 width=0)
	              Index Cond: ((id >= 8291157) AND (id <= 8292156))

table 2 : explain SELECT c FROM sbtest2 WHERE id BETWEEN 8282014 AND 8283013 ORDER BY c
	Sort  (cost=3939.07..3941.58 rows=1004 width=121)
	  Sort Key: c
	  ->  Bitmap Heap Scan on sbtest2  (cost=34.73..3889.02 rows=1004 width=121)
	        Recheck Cond: ((id >= 8282014) AND (id <= 8283013))
	        ->  Bitmap Index Scan on sbtest2_pkey  (cost=0.00..34.48 rows=1004 width=0)
	              Index Cond: ((id >= 8282014) AND (id <= 8283013))

table 3 : explain SELECT c FROM sbtest3 WHERE id BETWEEN 2366157 AND 2367156 ORDER BY c
	Sort  (cost=3881.38..3883.86 rows=989 width=121)
	  Sort Key: c
	  ->  Bitmap Heap Scan on sbtest3  (cost=34.57..3832.18 rows=989 width=121)
	        Recheck Cond: ((id >= 2366157) AND (id <= 2367156))
	        ->  Bitmap Index Scan on sbtest3_pkey  (cost=0.00..34.33 rows=989 width=0)
	              Index Cond: ((id >= 2366157) AND (id <= 2367156))

table 4 : explain SELECT c FROM sbtest4 WHERE id BETWEEN 7286329 AND 7287328 ORDER BY c
	Sort  (cost=4066.31..4068.90 rows=1037 width=121)
	  Sort Key: c
	  ->  Bitmap Heap Scan on sbtest4  (cost=35.06..4014.36 rows=1037 width=121)
	        Recheck Cond: ((id >= 7286329) AND (id <= 7287328))
	        ->  Bitmap Index Scan on sbtest4_pkey  (cost=0.00..34.81 rows=1037 width=0)
	              Index Cond: ((id >= 7286329) AND (id <= 7287328))

table 5 : explain SELECT c FROM sbtest5 WHERE id BETWEEN 8094281 AND 8095280 ORDER BY c
	Sort  (cost=3757.64..3760.03 rows=956 width=121)
	  Sort Key: c
	  ->  Bitmap Heap Scan on sbtest5  (cost=34.23..3710.32 rows=956 width=121)
	        Recheck Cond: ((id >= 8094281) AND (id <= 8095280))
	        ->  Bitmap Index Scan on sbtest5_pkey  (cost=0.00..34.00 rows=956 width=0)
	              Index Cond: ((id >= 8094281) AND (id <= 8095280))

table 6 : explain SELECT c FROM sbtest6 WHERE id BETWEEN 1010264 AND 1011263 ORDER BY c
	Sort  (cost=3905.77..3908.26 rows=995 width=121)
	  Sort Key: c
	  ->  Bitmap Heap Scan on sbtest6  (cost=34.63..3856.23 rows=995 width=121)
	        Recheck Cond: ((id >= 1010264) AND (id <= 1011263))
	        ->  Bitmap Index Scan on sbtest6_pkey  (cost=0.00..34.39 rows=995 width=0)
	              Index Cond: ((id >= 1010264) AND (id <= 1011263))

table 7 : explain SELECT c FROM sbtest7 WHERE id BETWEEN 4375315 AND 4376314 ORDER BY c
	Sort  (cost=4006.14..4008.69 rows=1021 width=121)
	  Sort Key: c
	  ->  Bitmap Heap Scan on sbtest7  (cost=34.90..3955.11 rows=1021 width=121)
	        Recheck Cond: ((id >= 4375315) AND (id <= 4376314))
	        ->  Bitmap Index Scan on sbtest7_pkey  (cost=0.00..34.65 rows=1021 width=0)
	              Index Cond: ((id >= 4375315) AND (id <= 4376314))

table 8 : explain SELECT c FROM sbtest8 WHERE id BETWEEN 1450574 AND 1451573 ORDER BY c
	Sort  (cost=4182.54..4185.21 rows=1067 width=121)
	  Sort Key: c
	  ->  Bitmap Heap Scan on sbtest8  (cost=35.37..4128.88 rows=1067 width=121)
	        Recheck Cond: ((id >= 1450574) AND (id <= 1451573))
	        ->  Bitmap Index Scan on sbtest8_pkey  (cost=0.00..35.11 rows=1067 width=0)
	              Index Cond: ((id >= 1450574) AND (id <= 1451573))

for: sum_ranges
table 1 : explain SELECT SUM(k) FROM sbtest1 WHERE id BETWEEN 2223507 AND 2224506
	Aggregate  (cost=3757.56..3757.57 rows=1 width=8)
	  ->  Bitmap Heap Scan on sbtest1  (cost=34.35..3755.14 rows=967 width=4)
	        Recheck Cond: ((id >= 2223507) AND (id <= 2224506))
	        ->  Bitmap Index Scan on sbtest1_pkey  (cost=0.00..34.11 rows=967 width=0)
	              Index Cond: ((id >= 2223507) AND (id <= 2224506))

table 2 : explain SELECT SUM(k) FROM sbtest2 WHERE id BETWEEN 7858051 AND 7859050
	Aggregate  (cost=3585.56..3585.57 rows=1 width=8)
	  ->  Bitmap Heap Scan on sbtest2  (cost=29.91..3583.25 rows=924 width=4)
	        Recheck Cond: ((id >= 7858051) AND (id <= 7859050))
	        ->  Bitmap Index Scan on sbtest2_pkey  (cost=0.00..29.68 rows=924 width=0)
	              Index Cond: ((id >= 7858051) AND (id <= 7859050))

table 3 : explain SELECT SUM(k) FROM sbtest3 WHERE id BETWEEN 386159 AND 387158
	Aggregate  (cost=3894.97..3894.98 rows=1 width=8)
	  ->  Bitmap Heap Scan on sbtest3  (cost=34.74..3892.46 rows=1005 width=4)
	        Recheck Cond: ((id >= 386159) AND (id <= 387158))
	        ->  Bitmap Index Scan on sbtest3_pkey  (cost=0.00..34.48 rows=1005 width=0)
	              Index Cond: ((id >= 386159) AND (id <= 387158))

table 4 : explain SELECT SUM(k) FROM sbtest4 WHERE id BETWEEN 8430201 AND 8431200
	Aggregate  (cost=4062.15..4062.16 rows=1 width=8)
	  ->  Bitmap Heap Scan on sbtest4  (cost=35.19..4059.52 rows=1049 width=4)
	        Recheck Cond: ((id >= 8430201) AND (id <= 8431200))
	        ->  Bitmap Index Scan on sbtest4_pkey  (cost=0.00..34.93 rows=1049 width=0)
	              Index Cond: ((id >= 8430201) AND (id <= 8431200))

table 5 : explain SELECT SUM(k) FROM sbtest5 WHERE id BETWEEN 7867439 AND 7868438
	Aggregate  (cost=4142.70..4142.71 rows=1 width=8)
	  ->  Bitmap Heap Scan on sbtest5  (cost=35.40..4140.03 rows=1070 width=4)
	        Recheck Cond: ((id >= 7867439) AND (id <= 7868438))
	        ->  Bitmap Index Scan on sbtest5_pkey  (cost=0.00..35.14 rows=1070 width=0)
	              Index Cond: ((id >= 7867439) AND (id <= 7868438))

table 6 : explain SELECT SUM(k) FROM sbtest6 WHERE id BETWEEN 559566 AND 560565
	Aggregate  (cost=3374.58..3374.59 rows=1 width=8)
	  ->  Bitmap Heap Scan on sbtest6  (cost=29.33..3372.41 rows=868 width=4)
	        Recheck Cond: ((id >= 559566) AND (id <= 560565))
	        ->  Bitmap Index Scan on sbtest6_pkey  (cost=0.00..29.11 rows=868 width=0)
	              Index Cond: ((id >= 559566) AND (id <= 560565))

table 7 : explain SELECT SUM(k) FROM sbtest7 WHERE id BETWEEN 4231439 AND 4232438
	Aggregate  (cost=3670.76..3670.77 rows=1 width=8)
	  ->  Bitmap Heap Scan on sbtest7  (cost=34.12..3668.39 rows=945 width=4)
	        Recheck Cond: ((id >= 4231439) AND (id <= 4232438))
	        ->  Bitmap Index Scan on sbtest7_pkey  (cost=0.00..33.89 rows=945 width=0)
	              Index Cond: ((id >= 4231439) AND (id <= 4232438))

table 8 : explain SELECT SUM(k) FROM sbtest8 WHERE id BETWEEN 7543019 AND 7544018
	Aggregate  (cost=3973.29..3973.30 rows=1 width=8)
	  ->  Bitmap Heap Scan on sbtest8  (cost=34.94..3970.73 rows=1025 width=4)
	        Recheck Cond: ((id >= 7543019) AND (id <= 7544018))
	        ->  Bitmap Index Scan on sbtest8_pkey  (cost=0.00..34.69 rows=1025 width=0)
	              Index Cond: ((id >= 7543019) AND (id <= 7544018))

for point_selects
table 1 : explain SELECT c FROM sbtest1 WHERE id=8865429
	Index Scan using sbtest1_pkey on sbtest1  (cost=0.43..8.45 rows=1 width=121)
	  Index Cond: (id = 8865429)

table 2 : explain SELECT c FROM sbtest2 WHERE id=8033168
	Index Scan using sbtest2_pkey on sbtest2  (cost=0.43..8.45 rows=1 width=121)
	  Index Cond: (id = 8033168)

table 3 : explain SELECT c FROM sbtest3 WHERE id=2269613
	Index Scan using sbtest3_pkey on sbtest3  (cost=0.43..8.45 rows=1 width=121)
	  Index Cond: (id = 2269613)

table 4 : explain SELECT c FROM sbtest4 WHERE id=4865039
	Index Scan using sbtest4_pkey on sbtest4  (cost=0.43..8.45 rows=1 width=121)
	  Index Cond: (id = 4865039)

table 5 : explain SELECT c FROM sbtest5 WHERE id=5724791
	Index Scan using sbtest5_pkey on sbtest5  (cost=0.43..8.45 rows=1 width=121)
	  Index Cond: (id = 5724791)

table 6 : explain SELECT c FROM sbtest6 WHERE id=2330582
	Index Scan using sbtest6_pkey on sbtest6  (cost=0.43..8.45 rows=1 width=121)
	  Index Cond: (id = 2330582)

table 7 : explain SELECT c FROM sbtest7 WHERE id=5086923
	Index Scan using sbtest7_pkey on sbtest7  (cost=0.43..8.45 rows=1 width=121)
	  Index Cond: (id = 5086923)

table 8 : explain SELECT c FROM sbtest8 WHERE id=5659402
	Index Scan using sbtest8_pkey on sbtest8  (cost=0.43..8.45 rows=1 width=121)
	  Index Cond: (id = 5659402)

for: distinct_ranges
table 1 : explain SELECT DISTINCT c FROM sbtest1 WHERE id BETWEEN 1390733 AND 1391732 ORDER BY c
	Unique  (cost=3833.79..3838.66 rows=975 width=121)
	  ->  Sort  (cost=3833.79..3836.22 rows=975 width=121)
	        Sort Key: c
	        ->  Bitmap Heap Scan on sbtest1  (cost=34.43..3785.38 rows=975 width=121)
	              Recheck Cond: ((id >= 1390733) AND (id <= 1391732))
	              ->  Bitmap Index Scan on sbtest1_pkey  (cost=0.00..34.19 rows=975 width=0)
	                    Index Cond: ((id >= 1390733) AND (id <= 1391732))

table 2 : explain SELECT DISTINCT c FROM sbtest2 WHERE id BETWEEN 6485976 AND 6486975 ORDER BY c
	Unique  (cost=3954.37..3959.41 rows=1008 width=121)
	  ->  Sort  (cost=3954.37..3956.89 rows=1008 width=121)
	        Sort Key: c
	        ->  Bitmap Heap Scan on sbtest2  (cost=34.77..3904.08 rows=1008 width=121)
	              Recheck Cond: ((id >= 6485976) AND (id <= 6486975))
	              ->  Bitmap Index Scan on sbtest2_pkey  (cost=0.00..34.52 rows=1008 width=0)
	                    Index Cond: ((id >= 6485976) AND (id <= 6486975))

table 3 : explain SELECT DISTINCT c FROM sbtest3 WHERE id BETWEEN 1357459 AND 1358458 ORDER BY c
	Unique  (cost=3961.69..3966.74 rows=1010 width=121)
	  ->  Sort  (cost=3961.69..3964.21 rows=1010 width=121)
	        Sort Key: c
	        ->  Bitmap Heap Scan on sbtest3  (cost=34.79..3911.29 rows=1010 width=121)
	              Recheck Cond: ((id >= 1357459) AND (id <= 1358458))
	              ->  Bitmap Index Scan on sbtest3_pkey  (cost=0.00..34.54 rows=1010 width=0)
	                    Index Cond: ((id >= 1357459) AND (id <= 1358458))

table 4 : explain SELECT DISTINCT c FROM sbtest4 WHERE id BETWEEN 1372786 AND 1373785 ORDER BY c
	Unique  (cost=3733.37..3738.12 rows=950 width=121)
	  ->  Sort  (cost=3733.37..3735.75 rows=950 width=121)
	        Sort Key: c
	        ->  Bitmap Heap Scan on sbtest4  (cost=34.17..3686.39 rows=950 width=121)
	              Recheck Cond: ((id >= 1372786) AND (id <= 1373785))
	              ->  Bitmap Index Scan on sbtest4_pkey  (cost=0.00..33.94 rows=950 width=0)
	                    Index Cond: ((id >= 1372786) AND (id <= 1373785))

table 5 : explain SELECT DISTINCT c FROM sbtest5 WHERE id BETWEEN 4376027 AND 4377026 ORDER BY c
	Unique  (cost=3795.97..3800.80 rows=966 width=121)
	  ->  Sort  (cost=3795.97..3798.38 rows=966 width=121)
	        Sort Key: c
	        ->  Bitmap Heap Scan on sbtest5  (cost=34.34..3748.08 rows=966 width=121)
	              Recheck Cond: ((id >= 4376027) AND (id <= 4377026))
	              ->  Bitmap Index Scan on sbtest5_pkey  (cost=0.00..34.09 rows=966 width=0)
	                    Index Cond: ((id >= 4376027) AND (id <= 4377026))

table 6 : explain SELECT DISTINCT c FROM sbtest6 WHERE id BETWEEN 1985583 AND 1986582 ORDER BY c
	Unique  (cost=3718.12..3722.85 rows=946 width=121)
	  ->  Sort  (cost=3718.12..3720.48 rows=946 width=121)
	        Sort Key: c
	        ->  Bitmap Heap Scan on sbtest6  (cost=34.13..3671.36 rows=946 width=121)
	              Recheck Cond: ((id >= 1985583) AND (id <= 1986582))
	              ->  Bitmap Index Scan on sbtest6_pkey  (cost=0.00..33.90 rows=946 width=0)
	                    Index Cond: ((id >= 1985583) AND (id <= 1986582))

table 7 : explain SELECT DISTINCT c FROM sbtest7 WHERE id BETWEEN 3311126 AND 3312125 ORDER BY c
	Unique  (cost=4204.88..4210.24 rows=1073 width=121)
	  ->  Sort  (cost=4204.88..4207.56 rows=1073 width=121)
	        Sort Key: c
	        ->  Bitmap Heap Scan on sbtest7  (cost=35.43..4150.86 rows=1073 width=121)
	              Recheck Cond: ((id >= 3311126) AND (id <= 3312125))
	              ->  Bitmap Index Scan on sbtest7_pkey  (cost=0.00..35.17 rows=1073 width=0)
	                    Index Cond: ((id >= 3311126) AND (id <= 3312125))

table 8 : explain SELECT DISTINCT c FROM sbtest8 WHERE id BETWEEN 7185867 AND 7186866 ORDER BY c
	Unique  (cost=3872.71..3877.64 rows=986 width=121)
	  ->  Sort  (cost=3872.71..3875.18 rows=986 width=121)
	        Sort Key: c
	        ->  Bitmap Heap Scan on sbtest8  (cost=34.54..3823.68 rows=986 width=121)
	              Recheck Cond: ((id >= 7185867) AND (id <= 7186866))
	              ->  Bitmap Index Scan on sbtest8_pkey  (cost=0.00..34.30 rows=986 width=0)
	                    Index Cond: ((id >= 7185867) AND (id <= 7186866))

for: distinct_ranges
table 1 : explain SELECT DISTINCT c FROM sbtest1 WHERE id BETWEEN 287815 AND 288814 ORDER BY c
	Unique  (cost=3879.81..3884.75 rows=987 width=121)
	  ->  Sort  (cost=3879.81..3882.28 rows=987 width=121)
	        Sort Key: c
	        ->  Bitmap Heap Scan on sbtest1  (cost=34.55..3830.72 rows=987 width=121)
	              Recheck Cond: ((id >= 287815) AND (id <= 288814))
	              ->  Bitmap Index Scan on sbtest1_pkey  (cost=0.00..34.31 rows=987 width=0)
	                    Index Cond: ((id >= 287815) AND (id <= 288814))

table 2 : explain SELECT DISTINCT c FROM sbtest2 WHERE id BETWEEN 9701260 AND 9702259 ORDER BY c
	Unique  (cost=3789.85..3794.67 rows=965 width=121)
	  ->  Sort  (cost=3789.85..3792.26 rows=965 width=121)
	        Sort Key: c
	        ->  Bitmap Heap Scan on sbtest2  (cost=34.33..3742.01 rows=965 width=121)
	              Recheck Cond: ((id >= 9701260) AND (id <= 9702259))
	              ->  Bitmap Index Scan on sbtest2_pkey  (cost=0.00..34.09 rows=965 width=0)
	                    Index Cond: ((id >= 9701260) AND (id <= 9702259))

table 3 : explain SELECT DISTINCT c FROM sbtest3 WHERE id BETWEEN 1666857 AND 1667856 ORDER BY c
	Unique  (cost=4072.50..4077.69 rows=1039 width=121)
	  ->  Sort  (cost=4072.50..4075.09 rows=1039 width=121)
	        Sort Key: c
	        ->  Bitmap Heap Scan on sbtest3  (cost=35.08..4020.44 rows=1039 width=121)
	              Recheck Cond: ((id >= 1666857) AND (id <= 1667856))
	              ->  Bitmap Index Scan on sbtest3_pkey  (cost=0.00..34.83 rows=1039 width=0)
	                    Index Cond: ((id >= 1666857) AND (id <= 1667856))

table 4 : explain SELECT DISTINCT c FROM sbtest4 WHERE id BETWEEN 8666802 AND 8667801 ORDER BY c
	Unique  (cost=4322.09..4327.61 rows=1104 width=121)
	  ->  Sort  (cost=4322.09..4324.85 rows=1104 width=121)
	        Sort Key: c
	        ->  Bitmap Heap Scan on sbtest4  (cost=35.75..4266.29 rows=1104 width=121)
	              Recheck Cond: ((id >= 8666802) AND (id <= 8667801))
	              ->  Bitmap Index Scan on sbtest4_pkey  (cost=0.00..35.48 rows=1104 width=0)
	                    Index Cond: ((id >= 8666802) AND (id <= 8667801))

table 5 : explain SELECT DISTINCT c FROM sbtest5 WHERE id BETWEEN 5845633 AND 5846632 ORDER BY c
	Unique  (cost=3742.31..3747.07 rows=952 width=121)
	  ->  Sort  (cost=3742.31..3744.69 rows=952 width=121)
	        Sort Key: c
	        ->  Bitmap Heap Scan on sbtest5  (cost=34.19..3695.21 rows=952 width=121)
	              Recheck Cond: ((id >= 5845633) AND (id <= 5846632))
	              ->  Bitmap Index Scan on sbtest5_pkey  (cost=0.00..33.95 rows=952 width=0)
	                    Index Cond: ((id >= 5845633) AND (id <= 5846632))

table 6 : explain SELECT DISTINCT c FROM sbtest6 WHERE id BETWEEN 9880994 AND 9881993 ORDER BY c
	Unique  (cost=4123.70..4128.96 rows=1052 width=121)
	  ->  Sort  (cost=4123.70..4126.33 rows=1052 width=121)
	        Sort Key: c
	        ->  Bitmap Heap Scan on sbtest6  (cost=35.22..4070.90 rows=1052 width=121)
	              Recheck Cond: ((id >= 9880994) AND (id <= 9881993))
	              ->  Bitmap Index Scan on sbtest6_pkey  (cost=0.00..34.95 rows=1052 width=0)
	                    Index Cond: ((id >= 9880994) AND (id <= 9881993))

table 7 : explain SELECT DISTINCT c FROM sbtest7 WHERE id BETWEEN 3923254 AND 3924253 ORDER BY c
	Unique  (cost=3910.48..3915.46 rows=996 width=121)
	  ->  Sort  (cost=3910.48..3912.97 rows=996 width=121)
	        Sort Key: c
	        ->  Bitmap Heap Scan on sbtest7  (cost=34.64..3860.88 rows=996 width=121)
	              Recheck Cond: ((id >= 3923254) AND (id <= 3924253))
	              ->  Bitmap Index Scan on sbtest7_pkey  (cost=0.00..34.40 rows=996 width=0)
	                    Index Cond: ((id >= 3923254) AND (id <= 3924253))

table 8 : explain SELECT DISTINCT c FROM sbtest8 WHERE id BETWEEN 7008271 AND 7009270 ORDER BY c
	Unique  (cost=3922.49..3927.48 rows=999 width=121)
	  ->  Sort  (cost=3922.49..3924.99 rows=999 width=121)
	        Sort Key: c
	        ->  Bitmap Heap Scan on sbtest8  (cost=34.67..3872.72 rows=999 width=121)
	              Recheck Cond: ((id >= 7008271) AND (id <= 7009270))
	              ->  Bitmap Index Scan on sbtest8_pkey  (cost=0.00..34.43 rows=999 width=0)
	                    Index Cond: ((id >= 7008271) AND (id <= 7009270))

for: simple_ranges
table 1 : explain SELECT c FROM sbtest1 WHERE id BETWEEN 2083921 AND 2084920
	Bitmap Heap Scan on sbtest1  (cost=35.32..4113.71 rows=1062 width=121)
	  Recheck Cond: ((id >= 2083921) AND (id <= 2084920))
	  ->  Bitmap Index Scan on sbtest1_pkey  (cost=0.00..35.06 rows=1062 width=0)
	        Index Cond: ((id >= 2083921) AND (id <= 2084920))

table 2 : explain SELECT c FROM sbtest2 WHERE id BETWEEN 8558262 AND 8559261
	Bitmap Heap Scan on sbtest2  (cost=29.89..3575.69 rows=922 width=121)
	  Recheck Cond: ((id >= 8558262) AND (id <= 8559261))
	  ->  Bitmap Index Scan on sbtest2_pkey  (cost=0.00..29.65 rows=922 width=0)
	        Index Cond: ((id >= 8558262) AND (id <= 8559261))

table 3 : explain SELECT c FROM sbtest3 WHERE id BETWEEN 631893 AND 632892
	Bitmap Heap Scan on sbtest3  (cost=34.12..3666.25 rows=945 width=121)
	  Recheck Cond: ((id >= 631893) AND (id <= 632892))
	  ->  Bitmap Index Scan on sbtest3_pkey  (cost=0.00..33.89 rows=945 width=0)
	        Index Cond: ((id >= 631893) AND (id <= 632892))

table 4 : explain SELECT c FROM sbtest4 WHERE id BETWEEN 3363854 AND 3364853
	Bitmap Heap Scan on sbtest4  (cost=34.43..3780.73 rows=975 width=121)
	  Recheck Cond: ((id >= 3363854) AND (id <= 3364853))
	  ->  Bitmap Index Scan on sbtest4_pkey  (cost=0.00..34.19 rows=975 width=0)
	        Index Cond: ((id >= 3363854) AND (id <= 3364853))

table 5 : explain SELECT c FROM sbtest5 WHERE id BETWEEN 3345138 AND 3346137
	Bitmap Heap Scan on sbtest5  (cost=29.62..3479.48 rows=896 width=121)
	  Recheck Cond: ((id >= 3345138) AND (id <= 3346137))
	  ->  Bitmap Index Scan on sbtest5_pkey  (cost=0.00..29.39 rows=896 width=0)
	        Index Cond: ((id >= 3345138) AND (id <= 3346137))

table 6 : explain SELECT c FROM sbtest6 WHERE id BETWEEN 893816 AND 894815
	Bitmap Heap Scan on sbtest6  (cost=29.80..3546.45 rows=914 width=121)
	  Recheck Cond: ((id >= 893816) AND (id <= 894815))
	  ->  Bitmap Index Scan on sbtest6_pkey  (cost=0.00..29.57 rows=914 width=0)
	        Index Cond: ((id >= 893816) AND (id <= 894815))

table 7 : explain SELECT c FROM sbtest7 WHERE id BETWEEN 1727271 AND 1728270
	Bitmap Heap Scan on sbtest7  (cost=35.16..4049.26 rows=1046 width=121)
	  Recheck Cond: ((id >= 1727271) AND (id <= 1728270))
	  ->  Bitmap Index Scan on sbtest7_pkey  (cost=0.00..34.90 rows=1046 width=0)
	        Index Cond: ((id >= 1727271) AND (id <= 1728270))

table 8 : explain SELECT c FROM sbtest8 WHERE id BETWEEN 6489104 AND 6490103
	Bitmap Heap Scan on sbtest8  (cost=34.95..3974.50 rows=1026 width=121)
	  Recheck Cond: ((id >= 6489104) AND (id <= 6490103))
	  ->  Bitmap Index Scan on sbtest8_pkey  (cost=0.00..34.70 rows=1026 width=0)
	        Index Cond: ((id >= 6489104) AND (id <= 6490103))

for: distinct_ranges
table 1 : explain SELECT DISTINCT c FROM sbtest1 WHERE id BETWEEN 9035651 AND 9036650 ORDER BY c
	Unique  (cost=3703.29..3707.99 rows=941 width=121)
	  ->  Sort  (cost=3703.29..3705.64 rows=941 width=121)
	        Sort Key: c
	        ->  Bitmap Heap Scan on sbtest1  (cost=34.08..3656.81 rows=941 width=121)
	              Recheck Cond: ((id >= 9035651) AND (id <= 9036650))
	              ->  Bitmap Index Scan on sbtest1_pkey  (cost=0.00..33.84 rows=941 width=0)
	                    Index Cond: ((id >= 9035651) AND (id <= 9036650))

table 2 : explain SELECT DISTINCT c FROM sbtest2 WHERE id BETWEEN 136232 AND 137231 ORDER BY c
	Unique  (cost=4153.03..4158.33 rows=1060 width=121)
	  ->  Sort  (cost=4153.03..4155.68 rows=1060 width=121)
	        Sort Key: c
	        ->  Bitmap Heap Scan on sbtest2  (cost=35.30..4099.76 rows=1060 width=121)
	              Recheck Cond: ((id >= 136232) AND (id <= 137231))
	              ->  Bitmap Index Scan on sbtest2_pkey  (cost=0.00..35.04 rows=1060 width=0)
	                    Index Cond: ((id >= 136232) AND (id <= 137231))

table 3 : explain SELECT DISTINCT c FROM sbtest3 WHERE id BETWEEN 1234188 AND 1235187 ORDER BY c
	Unique  (cost=4347.26..4352.82 rows=1112 width=121)
	  ->  Sort  (cost=4347.26..4350.04 rows=1112 width=121)
	        Sort Key: c
	        ->  Bitmap Heap Scan on sbtest3  (cost=35.83..4290.99 rows=1112 width=121)
	              Recheck Cond: ((id >= 1234188) AND (id <= 1235187))
	              ->  Bitmap Index Scan on sbtest3_pkey  (cost=0.00..35.56 rows=1112 width=0)
	                    Index Cond: ((id >= 1234188) AND (id <= 1235187))

table 4 : explain SELECT DISTINCT c FROM sbtest4 WHERE id BETWEEN 5979064 AND 5980063 ORDER BY c
	Unique  (cost=3664.38..3669.04 rows=932 width=121)
	  ->  Sort  (cost=3664.38..3666.71 rows=932 width=121)
	        Sort Key: c
	        ->  Bitmap Heap Scan on sbtest4  (cost=33.99..3618.41 rows=932 width=121)
	              Recheck Cond: ((id >= 5979064) AND (id <= 5980063))
	              ->  Bitmap Index Scan on sbtest4_pkey  (cost=0.00..33.76 rows=932 width=0)
	                    Index Cond: ((id >= 5979064) AND (id <= 5980063))

table 5 : explain SELECT DISTINCT c FROM sbtest5 WHERE id BETWEEN 2327468 AND 2328467 ORDER BY c
	Unique  (cost=3753.81..3758.58 rows=955 width=121)
	  ->  Sort  (cost=3753.81..3756.20 rows=955 width=121)
	        Sort Key: c
	        ->  Bitmap Heap Scan on sbtest5  (cost=34.22..3706.54 rows=955 width=121)
	              Recheck Cond: ((id >= 2327468) AND (id <= 2328467))
	              ->  Bitmap Index Scan on sbtest5_pkey  (cost=0.00..33.98 rows=955 width=0)
	                    Index Cond: ((id >= 2327468) AND (id <= 2328467))

table 6 : explain SELECT DISTINCT c FROM sbtest6 WHERE id BETWEEN 1711453 AND 1712452 ORDER BY c
	Unique  (cost=4096.96..4102.18 rows=1045 width=121)
	  ->  Sort  (cost=4096.96..4099.57 rows=1045 width=121)
	        Sort Key: c
	        ->  Bitmap Heap Scan on sbtest6  (cost=35.15..4044.56 rows=1045 width=121)
	              Recheck Cond: ((id >= 1711453) AND (id <= 1712452))
	              ->  Bitmap Index Scan on sbtest6_pkey  (cost=0.00..34.89 rows=1045 width=0)
	                    Index Cond: ((id >= 1711453) AND (id <= 1712452))

table 7 : explain SELECT DISTINCT c FROM sbtest7 WHERE id BETWEEN 1380570 AND 1381569 ORDER BY c
	Unique  (cost=3910.48..3915.46 rows=996 width=121)
	  ->  Sort  (cost=3910.48..3912.97 rows=996 width=121)
	        Sort Key: c
	        ->  Bitmap Heap Scan on sbtest7  (cost=34.64..3860.88 rows=996 width=121)
	              Recheck Cond: ((id >= 1380570) AND (id <= 1381569))
	              ->  Bitmap Index Scan on sbtest7_pkey  (cost=0.00..34.40 rows=996 width=0)
	                    Index Cond: ((id >= 1380570) AND (id <= 1381569))

table 8 : explain SELECT DISTINCT c FROM sbtest8 WHERE id BETWEEN 9425637 AND 9426636 ORDER BY c
	Unique  (cost=4251.29..4256.72 rows=1085 width=121)
	  ->  Sort  (cost=4251.29..4254.00 rows=1085 width=121)
	        Sort Key: c
	        ->  Bitmap Heap Scan on sbtest8  (cost=35.56..4196.59 rows=1085 width=121)
	              Recheck Cond: ((id >= 9425637) AND (id <= 9426636))
	              ->  Bitmap Index Scan on sbtest8_pkey  (cost=0.00..35.29 rows=1085 width=0)
	                    Index Cond: ((id >= 9425637) AND (id <= 9426636))

for: simple_ranges
table 1 : explain SELECT c FROM sbtest1 WHERE id BETWEEN 252787 AND 253786
	Bitmap Heap Scan on sbtest1  (cost=34.55..3830.72 rows=987 width=121)
	  Recheck Cond: ((id >= 252787) AND (id <= 253786))
	  ->  Bitmap Index Scan on sbtest1_pkey  (cost=0.00..34.31 rows=987 width=0)
	        Index Cond: ((id >= 252787) AND (id <= 253786))

table 2 : explain SELECT c FROM sbtest2 WHERE id BETWEEN 2504570 AND 2505569
	Bitmap Heap Scan on sbtest2  (cost=34.80..3915.38 rows=1011 width=121)
	  Recheck Cond: ((id >= 2504570) AND (id <= 2505569))
	  ->  Bitmap Index Scan on sbtest2_pkey  (cost=0.00..34.55 rows=1011 width=0)
	        Index Cond: ((id >= 2504570) AND (id <= 2505569))

table 3 : explain SELECT c FROM sbtest3 WHERE id BETWEEN 3963272 AND 3964271
	Bitmap Heap Scan on sbtest3  (cost=35.80..4279.74 rows=1109 width=121)
	  Recheck Cond: ((id >= 3963272) AND (id <= 3964271))
	  ->  Bitmap Index Scan on sbtest3_pkey  (cost=0.00..35.53 rows=1109 width=0)
	        Index Cond: ((id >= 3963272) AND (id <= 3964271))

table 4 : explain SELECT c FROM sbtest4 WHERE id BETWEEN 2737551 AND 2738550
	Bitmap Heap Scan on sbtest4  (cost=34.69..3875.00 rows=1000 width=121)
	  Recheck Cond: ((id >= 2737551) AND (id <= 2738550))
	  ->  Bitmap Index Scan on sbtest4_pkey  (cost=0.00..34.44 rows=1000 width=0)
	        Index Cond: ((id >= 2737551) AND (id <= 2738550))

table 5 : explain SELECT c FROM sbtest5 WHERE id BETWEEN 6301347 AND 6302346
	Bitmap Heap Scan on sbtest5  (cost=34.59..3842.42 rows=991 width=121)
	  Recheck Cond: ((id >= 6301347) AND (id <= 6302346))
	  ->  Bitmap Index Scan on sbtest5_pkey  (cost=0.00..34.34 rows=991 width=0)
	        Index Cond: ((id >= 6301347) AND (id <= 6302346))

table 6 : explain SELECT c FROM sbtest6 WHERE id BETWEEN 6443533 AND 6444532
	Bitmap Heap Scan on sbtest6  (cost=34.35..3750.63 rows=967 width=121)
	  Recheck Cond: ((id >= 6443533) AND (id <= 6444532))
	  ->  Bitmap Index Scan on sbtest6_pkey  (cost=0.00..34.11 rows=967 width=0)
	        Index Cond: ((id >= 6443533) AND (id <= 6444532))

table 7 : explain SELECT c FROM sbtest7 WHERE id BETWEEN 1200348 AND 1201347
	Bitmap Heap Scan on sbtest7  (cost=34.99..3989.01 rows=1030 width=121)
	  Recheck Cond: ((id >= 1200348) AND (id <= 1201347))
	  ->  Bitmap Index Scan on sbtest7_pkey  (cost=0.00..34.73 rows=1030 width=0)
	        Index Cond: ((id >= 1200348) AND (id <= 1201347))

table 8 : explain SELECT c FROM sbtest8 WHERE id BETWEEN 1010509 AND 1011508
	Bitmap Heap Scan on sbtest8  (cost=35.33..4113.82 rows=1063 width=121)
	  Recheck Cond: ((id >= 1010509) AND (id <= 1011508))
	  ->  Bitmap Index Scan on sbtest8_pkey  (cost=0.00..35.07 rows=1063 width=0)
	        Index Cond: ((id >= 1010509) AND (id <= 1011508))

for: sum_ranges
table 1 : explain SELECT SUM(k) FROM sbtest1 WHERE id BETWEEN 7155902 AND 7156901
	Aggregate  (cost=4003.18..4003.19 rows=1 width=8)
	  ->  Bitmap Heap Scan on sbtest1  (cost=35.01..4000.60 rows=1032 width=4)
	        Recheck Cond: ((id >= 7155902) AND (id <= 7156901))
	        ->  Bitmap Index Scan on sbtest1_pkey  (cost=0.00..34.76 rows=1032 width=0)
	              Index Cond: ((id >= 7155902) AND (id <= 7156901))

table 2 : explain SELECT SUM(k) FROM sbtest2 WHERE id BETWEEN 212293 AND 213292
	Aggregate  (cost=3812.34..3812.35 rows=1 width=8)
	  ->  Bitmap Heap Scan on sbtest2  (cost=34.51..3809.88 rows=983 width=4)
	        Recheck Cond: ((id >= 212293) AND (id <= 213292))
	        ->  Bitmap Index Scan on sbtest2_pkey  (cost=0.00..34.27 rows=983 width=0)
	              Index Cond: ((id >= 212293) AND (id <= 213292))

table 3 : explain SELECT SUM(k) FROM sbtest3 WHERE id BETWEEN 3917319 AND 3918318
	Aggregate  (cost=4282.51..4282.52 rows=1 width=8)
	  ->  Bitmap Heap Scan on sbtest3  (cost=35.80..4279.74 rows=1109 width=4)
	        Recheck Cond: ((id >= 3917319) AND (id <= 3918318))
	        ->  Bitmap Index Scan on sbtest3_pkey  (cost=0.00..35.53 rows=1109 width=0)
	              Index Cond: ((id >= 3917319) AND (id <= 3918318))

table 4 : explain SELECT SUM(k) FROM sbtest4 WHERE id BETWEEN 785788 AND 786787
	Aggregate  (cost=3786.95..3786.96 rows=1 width=8)
	  ->  Bitmap Heap Scan on sbtest4  (cost=34.44..3784.51 rows=976 width=4)
	        Recheck Cond: ((id >= 785788) AND (id <= 786787))
	        ->  Bitmap Index Scan on sbtest4_pkey  (cost=0.00..34.20 rows=976 width=0)
	              Index Cond: ((id >= 785788) AND (id <= 786787))

table 5 : explain SELECT SUM(k) FROM sbtest5 WHERE id BETWEEN 7444176 AND 7445175
	Aggregate  (cost=3565.00..3565.01 rows=1 width=8)
	  ->  Bitmap Heap Scan on sbtest5  (cost=29.84..3562.71 rows=918 width=4)
	        Recheck Cond: ((id >= 7444176) AND (id <= 7445175))
	        ->  Bitmap Index Scan on sbtest5_pkey  (cost=0.00..29.61 rows=918 width=0)
	              Index Cond: ((id >= 7444176) AND (id <= 7445175))

table 6 : explain SELECT SUM(k) FROM sbtest6 WHERE id BETWEEN 589892 AND 590891
	Aggregate  (cost=3374.58..3374.59 rows=1 width=8)
	  ->  Bitmap Heap Scan on sbtest6  (cost=29.33..3372.41 rows=868 width=4)
	        Recheck Cond: ((id >= 589892) AND (id <= 590891))
	        ->  Bitmap Index Scan on sbtest6_pkey  (cost=0.00..29.11 rows=868 width=0)
	              Index Cond: ((id >= 589892) AND (id <= 590891))

table 7 : explain SELECT SUM(k) FROM sbtest7 WHERE id BETWEEN 5924625 AND 5925624
	Aggregate  (cost=4093.31..4093.32 rows=1 width=8)
	  ->  Bitmap Heap Scan on sbtest7  (cost=35.27..4090.67 rows=1057 width=4)
	        Recheck Cond: ((id >= 5924625) AND (id <= 5925624))
	        ->  Bitmap Index Scan on sbtest7_pkey  (cost=0.00..35.01 rows=1057 width=0)
	              Index Cond: ((id >= 5924625) AND (id <= 5925624))

table 8 : explain SELECT SUM(k) FROM sbtest8 WHERE id BETWEEN 7161654 AND 7162653
	Aggregate  (cost=3826.14..3826.15 rows=1 width=8)
	  ->  Bitmap Heap Scan on sbtest8  (cost=34.54..3823.68 rows=986 width=4)
	        Recheck Cond: ((id >= 7161654) AND (id <= 7162653))
	        ->  Bitmap Index Scan on sbtest8_pkey  (cost=0.00..34.30 rows=986 width=0)
	              Index Cond: ((id >= 7161654) AND (id <= 7162653))

for: order_ranges
table 1 : explain SELECT c FROM sbtest1 WHERE id BETWEEN 3700291 AND 3701290 ORDER BY c
	Sort  (cost=3545.58..3547.83 rows=901 width=121)
	  Sort Key: c
	  ->  Bitmap Heap Scan on sbtest1  (cost=29.67..3501.36 rows=901 width=121)
	        Recheck Cond: ((id >= 3700291) AND (id <= 3701290))
	        ->  Bitmap Index Scan on sbtest1_pkey  (cost=0.00..29.44 rows=901 width=0)
	              Index Cond: ((id >= 3700291) AND (id <= 3701290))

table 2 : explain SELECT c FROM sbtest2 WHERE id BETWEEN 5006355 AND 5007354 ORDER BY c
	Sort  (cost=3586.58..3588.87 rows=913 width=121)
	  Sort Key: c
	  ->  Bitmap Heap Scan on sbtest2  (cost=29.79..3541.69 rows=913 width=121)
	        Recheck Cond: ((id >= 5006355) AND (id <= 5007354))
	        ->  Bitmap Index Scan on sbtest2_pkey  (cost=0.00..29.57 rows=913 width=0)
	              Index Cond: ((id >= 5006355) AND (id <= 5007354))

table 3 : explain SELECT c FROM sbtest3 WHERE id BETWEEN 7952907 AND 7953906 ORDER BY c
	Sort  (cost=3732.10..3734.48 rows=950 width=121)
	  Sort Key: c
	  ->  Bitmap Heap Scan on sbtest3  (cost=34.17..3685.12 rows=950 width=121)
	        Recheck Cond: ((id >= 7952907) AND (id <= 7953906))
	        ->  Bitmap Index Scan on sbtest3_pkey  (cost=0.00..33.94 rows=950 width=0)
	              Index Cond: ((id >= 7952907) AND (id <= 7953906))

table 4 : explain SELECT c FROM sbtest4 WHERE id BETWEEN 6251532 AND 6252531 ORDER BY c
	Sort  (cost=3572.15..3574.42 rows=909 width=121)
	  Sort Key: c
	  ->  Bitmap Heap Scan on sbtest4  (cost=29.75..3527.48 rows=909 width=121)
	        Recheck Cond: ((id >= 6251532) AND (id <= 6252531))
	        ->  Bitmap Index Scan on sbtest4_pkey  (cost=0.00..29.52 rows=909 width=0)
	              Index Cond: ((id >= 6251532) AND (id <= 6252531))

table 5 : explain SELECT c FROM sbtest5 WHERE id BETWEEN 3894591 AND 3895590 ORDER BY c
	Sort  (cost=4094.51..4097.12 rows=1044 width=121)
	  Sort Key: c
	  ->  Bitmap Heap Scan on sbtest5  (cost=35.14..4042.17 rows=1044 width=121)
	        Recheck Cond: ((id >= 3894591) AND (id <= 3895590))
	        ->  Bitmap Index Scan on sbtest5_pkey  (cost=0.00..34.88 rows=1044 width=0)
	              Index Cond: ((id >= 3894591) AND (id <= 3895590))

table 6 : explain SELECT c FROM sbtest6 WHERE id BETWEEN 1535619 AND 1536618 ORDER BY c
	Sort  (cost=3993.76..3996.30 rows=1018 width=121)
	  Sort Key: c
	  ->  Bitmap Heap Scan on sbtest6  (cost=34.87..3942.90 rows=1018 width=121)
	        Recheck Cond: ((id >= 1535619) AND (id <= 1536618))
	        ->  Bitmap Index Scan on sbtest6_pkey  (cost=0.00..34.62 rows=1018 width=0)
	              Index Cond: ((id >= 1535619) AND (id <= 1536618))

table 7 : explain SELECT c FROM sbtest7 WHERE id BETWEEN 7647026 AND 7648025 ORDER BY c
	Sort  (cost=3879.85..3882.32 rows=988 width=121)
	  Sort Key: c
	  ->  Bitmap Heap Scan on sbtest7  (cost=34.56..3830.71 rows=988 width=121)
	        Recheck Cond: ((id >= 7647026) AND (id <= 7648025))
	        ->  Bitmap Index Scan on sbtest7_pkey  (cost=0.00..34.32 rows=988 width=0)
	              Index Cond: ((id >= 7647026) AND (id <= 7648025))

table 8 : explain SELECT c FROM sbtest8 WHERE id BETWEEN 9810738 AND 9811737 ORDER BY c
	Sort  (cost=4106.11..4108.73 rows=1047 width=121)
	  Sort Key: c
	  ->  Bitmap Heap Scan on sbtest8  (cost=35.17..4053.60 rows=1047 width=121)
	        Recheck Cond: ((id >= 9810738) AND (id <= 9811737))
	        ->  Bitmap Index Scan on sbtest8_pkey  (cost=0.00..34.91 rows=1047 width=0)
	              Index Cond: ((id >= 9810738) AND (id <= 9811737))

for: sum_ranges
table 1 : explain SELECT SUM(k) FROM sbtest1 WHERE id BETWEEN 1653659 AND 1654658
	Aggregate  (cost=3488.44..3488.45 rows=1 width=8)
	  ->  Bitmap Heap Scan on sbtest1  (cost=29.63..3486.20 rows=897 width=4)
	        Recheck Cond: ((id >= 1653659) AND (id <= 1654658))
	        ->  Bitmap Index Scan on sbtest1_pkey  (cost=0.00..29.40 rows=897 width=0)
	              Index Cond: ((id >= 1653659) AND (id <= 1654658))

table 2 : explain SELECT SUM(k) FROM sbtest2 WHERE id BETWEEN 3852987 AND 3853986
	Aggregate  (cost=4109.94..4109.95 rows=1 width=8)
	  ->  Bitmap Heap Scan on sbtest2  (cost=35.32..4107.28 rows=1062 width=4)
	        Recheck Cond: ((id >= 3852987) AND (id <= 3853986))
	        ->  Bitmap Index Scan on sbtest2_pkey  (cost=0.00..35.06 rows=1062 width=0)
	              Index Cond: ((id >= 3852987) AND (id <= 3853986))

table 3 : explain SELECT SUM(k) FROM sbtest3 WHERE id BETWEEN 1275075 AND 1276074
	Aggregate  (cost=4293.77..4293.78 rows=1 width=8)
	  ->  Bitmap Heap Scan on sbtest3  (cost=35.83..4290.99 rows=1112 width=4)
	        Recheck Cond: ((id >= 1275075) AND (id <= 1276074))
	        ->  Bitmap Index Scan on sbtest3_pkey  (cost=0.00..35.56 rows=1112 width=0)
	              Index Cond: ((id >= 1275075) AND (id <= 1276074))

table 4 : explain SELECT SUM(k) FROM sbtest4 WHERE id BETWEEN 6331675 AND 6332674
	Aggregate  (cost=3529.76..3529.77 rows=1 width=8)
	  ->  Bitmap Heap Scan on sbtest4  (cost=29.75..3527.48 rows=909 width=4)
	        Recheck Cond: ((id >= 6331675) AND (id <= 6332674))
	        ->  Bitmap Index Scan on sbtest4_pkey  (cost=0.00..29.52 rows=909 width=0)
	              Index Cond: ((id >= 6331675) AND (id <= 6332674))

table 5 : explain SELECT SUM(k) FROM sbtest5 WHERE id BETWEEN 6804021 AND 6805020
	Aggregate  (cost=3727.82..3727.83 rows=1 width=8)
	  ->  Bitmap Heap Scan on sbtest5  (cost=34.28..3725.42 rows=960 width=4)
	        Recheck Cond: ((id >= 6804021) AND (id <= 6805020))
	        ->  Bitmap Index Scan on sbtest5_pkey  (cost=0.00..34.04 rows=960 width=0)
	              Index Cond: ((id >= 6804021) AND (id <= 6805020))

table 6 : explain SELECT SUM(k) FROM sbtest6 WHERE id BETWEEN 4387199 AND 4388198
	Aggregate  (cost=3994.43..3994.44 rows=1 width=8)
	  ->  Bitmap Heap Scan on sbtest6  (cost=35.00..3991.86 rows=1031 width=4)
	        Recheck Cond: ((id >= 4387199) AND (id <= 4388198))
	        ->  Bitmap Index Scan on sbtest6_pkey  (cost=0.00..34.75 rows=1031 width=0)
	              Index Cond: ((id >= 4387199) AND (id <= 4388198))

table 7 : explain SELECT SUM(k) FROM sbtest7 WHERE id BETWEEN 8326504 AND 8327503
	Aggregate  (cost=4100.84..4100.85 rows=1 width=8)
	  ->  Bitmap Heap Scan on sbtest7  (cost=35.29..4098.19 rows=1059 width=4)
	        Recheck Cond: ((id >= 8326504) AND (id <= 8327503))
	        ->  Bitmap Index Scan on sbtest7_pkey  (cost=0.00..35.03 rows=1059 width=0)
	              Index Cond: ((id >= 8326504) AND (id <= 8327503))

table 8 : explain SELECT SUM(k) FROM sbtest8 WHERE id BETWEEN 5539043 AND 5540042
	Aggregate  (cost=3890.31..3890.32 rows=1 width=8)
	  ->  Bitmap Heap Scan on sbtest8  (cost=34.72..3887.80 rows=1003 width=4)
	        Recheck Cond: ((id >= 5539043) AND (id <= 5540042))
	        ->  Bitmap Index Scan on sbtest8_pkey  (cost=0.00..34.47 rows=1003 width=0)
	              Index Cond: ((id >= 5539043) AND (id <= 5540042))

for point_selects
table 1 : explain SELECT c FROM sbtest1 WHERE id=5465092
	Index Scan using sbtest1_pkey on sbtest1  (cost=0.43..8.45 rows=1 width=121)
	  Index Cond: (id = 5465092)

table 2 : explain SELECT c FROM sbtest2 WHERE id=619418
	Index Scan using sbtest2_pkey on sbtest2  (cost=0.43..8.45 rows=1 width=121)
	  Index Cond: (id = 619418)

table 3 : explain SELECT c FROM sbtest3 WHERE id=5835087
	Index Scan using sbtest3_pkey on sbtest3  (cost=0.43..8.45 rows=1 width=121)
	  Index Cond: (id = 5835087)

table 4 : explain SELECT c FROM sbtest4 WHERE id=9848154
	Index Scan using sbtest4_pkey on sbtest4  (cost=0.43..8.45 rows=1 width=121)
	  Index Cond: (id = 9848154)

table 5 : explain SELECT c FROM sbtest5 WHERE id=8095093
	Index Scan using sbtest5_pkey on sbtest5  (cost=0.43..8.45 rows=1 width=121)
	  Index Cond: (id = 8095093)

table 6 : explain SELECT c FROM sbtest6 WHERE id=6934111
	Index Scan using sbtest6_pkey on sbtest6  (cost=0.43..8.45 rows=1 width=121)
	  Index Cond: (id = 6934111)

table 7 : explain SELECT c FROM sbtest7 WHERE id=366138
	Index Scan using sbtest7_pkey on sbtest7  (cost=0.43..8.45 rows=1 width=121)
	  Index Cond: (id = 366138)

table 8 : explain SELECT c FROM sbtest8 WHERE id=3351496
	Index Scan using sbtest8_pkey on sbtest8  (cost=0.43..8.45 rows=1 width=121)
	  Index Cond: (id = 3351496)

explain: for point_selects :: explain SELECT c FROM sbtest%u WHERE id=%u
for: order_ranges
table 1 : explain SELECT c FROM sbtest1 WHERE id BETWEEN 9463341 AND 9464340 ORDER BY c
	Sort  (cost=3737.84..3740.22 rows=950 width=121)
	  Sort Key: c
	  ->  Bitmap Heap Scan on sbtest1  (cost=34.17..3690.86 rows=950 width=121)
	        Recheck Cond: ((id >= 9463341) AND (id <= 9464340))
	        ->  Bitmap Index Scan on sbtest1_pkey  (cost=0.00..33.94 rows=950 width=0)
	              Index Cond: ((id >= 9463341) AND (id <= 9464340))

table 2 : explain SELECT c FROM sbtest2 WHERE id BETWEEN 5186920 AND 5187919 ORDER BY c
	Sort  (cost=3655.77..3658.09 rows=930 width=121)
	  Sort Key: c
	  ->  Bitmap Heap Scan on sbtest2  (cost=33.97..3609.91 rows=930 width=121)
	        Recheck Cond: ((id >= 5186920) AND (id <= 5187919))
	        ->  Bitmap Index Scan on sbtest2_pkey  (cost=0.00..33.73 rows=930 width=0)
	              Index Cond: ((id >= 5186920) AND (id <= 5187919))

table 3 : explain SELECT c FROM sbtest3 WHERE id BETWEEN 5569001 AND 5570000 ORDER BY c
	Sort  (cost=4328.20..4330.97 rows=1107 width=121)
	  Sort Key: c
	  ->  Bitmap Heap Scan on sbtest3  (cost=35.78..4272.23 rows=1107 width=121)
	        Recheck Cond: ((id >= 5569001) AND (id <= 5570000))
	        ->  Bitmap Index Scan on sbtest3_pkey  (cost=0.00..35.51 rows=1107 width=0)
	              Index Cond: ((id >= 5569001) AND (id <= 5570000))

table 4 : explain SELECT c FROM sbtest4 WHERE id BETWEEN 6170120 AND 6171119 ORDER BY c
	Sort  (cost=4203.81..4206.49 rows=1073 width=121)
	  Sort Key: c
	  ->  Bitmap Heap Scan on sbtest4  (cost=35.43..4149.79 rows=1073 width=121)
	        Recheck Cond: ((id >= 6170120) AND (id <= 6171119))
	        ->  Bitmap Index Scan on sbtest4_pkey  (cost=0.00..35.17 rows=1073 width=0)
	              Index Cond: ((id >= 6170120) AND (id <= 6171119))

table 5 : explain SELECT c FROM sbtest5 WHERE id BETWEEN 6594168 AND 6595167 ORDER BY c
	Sort  (cost=4029.51..4032.07 rows=1027 width=121)
	  Sort Key: c
	  ->  Bitmap Heap Scan on sbtest5  (cost=34.96..3978.14 rows=1027 width=121)
	        Recheck Cond: ((id >= 6594168) AND (id <= 6595167))
	        ->  Bitmap Index Scan on sbtest5_pkey  (cost=0.00..34.70 rows=1027 width=0)
	              Index Cond: ((id >= 6594168) AND (id <= 6595167))

table 6 : explain SELECT c FROM sbtest6 WHERE id BETWEEN 2999286 AND 3000285 ORDER BY c
	Sort  (cost=3947.86..3950.37 rows=1006 width=121)
	  Sort Key: c
	  ->  Bitmap Heap Scan on sbtest6  (cost=34.75..3897.69 rows=1006 width=121)
	        Recheck Cond: ((id >= 2999286) AND (id <= 3000285))
	        ->  Bitmap Index Scan on sbtest6_pkey  (cost=0.00..34.50 rows=1006 width=0)
	              Index Cond: ((id >= 2999286) AND (id <= 3000285))

table 7 : explain SELECT c FROM sbtest7 WHERE id BETWEEN 55555 AND 56554 ORDER BY c
	Sort  (cost=4002.31..4004.86 rows=1020 width=121)
	  Sort Key: c
	  ->  Bitmap Heap Scan on sbtest7  (cost=34.89..3951.34 rows=1020 width=121)
	        Recheck Cond: ((id >= 55555) AND (id <= 56554))
	        ->  Bitmap Index Scan on sbtest7_pkey  (cost=0.00..34.64 rows=1020 width=0)
	              Index Cond: ((id >= 55555) AND (id <= 56554))

table 8 : explain SELECT c FROM sbtest8 WHERE id BETWEEN 5398177 AND 5399176 ORDER BY c
	Sort  (cost=4258.93..4261.64 rows=1087 width=121)
	  Sort Key: c
	  ->  Bitmap Heap Scan on sbtest8  (cost=35.58..4204.11 rows=1087 width=121)
	        Recheck Cond: ((id >= 5398177) AND (id <= 5399176))
	        ->  Bitmap Index Scan on sbtest8_pkey  (cost=0.00..35.31 rows=1087 width=0)
	              Index Cond: ((id >= 5398177) AND (id <= 5399176))

for point_selects
table 1 : explain SELECT c FROM sbtest1 WHERE id=1695619
	Index Scan using sbtest1_pkey on sbtest1  (cost=0.43..8.45 rows=1 width=121)
	  Index Cond: (id = 1695619)

table 2 : explain SELECT c FROM sbtest2 WHERE id=5618671
	Index Scan using sbtest2_pkey on sbtest2  (cost=0.43..8.45 rows=1 width=121)
	  Index Cond: (id = 5618671)

table 3 : explain SELECT c FROM sbtest3 WHERE id=880971
	Index Scan using sbtest3_pkey on sbtest3  (cost=0.43..8.45 rows=1 width=121)
	  Index Cond: (id = 880971)

table 4 : explain SELECT c FROM sbtest4 WHERE id=5244971
	Index Scan using sbtest4_pkey on sbtest4  (cost=0.43..8.45 rows=1 width=121)
	  Index Cond: (id = 5244971)

table 5 : explain SELECT c FROM sbtest5 WHERE id=3363955
	Index Scan using sbtest5_pkey on sbtest5  (cost=0.43..8.45 rows=1 width=121)
	  Index Cond: (id = 3363955)

table 6 : explain SELECT c FROM sbtest6 WHERE id=1845331
	Index Scan using sbtest6_pkey on sbtest6  (cost=0.43..8.45 rows=1 width=121)
	  Index Cond: (id = 1845331)

table 7 : explain SELECT c FROM sbtest7 WHERE id=778990
	Index Scan using sbtest7_pkey on sbtest7  (cost=0.43..8.45 rows=1 width=121)
	  Index Cond: (id = 778990)

table 8 : explain SELECT c FROM sbtest8 WHERE id=3742000
	Index Scan using sbtest8_pkey on sbtest8  (cost=0.43..8.45 rows=1 width=121)
	  Index Cond: (id = 3742000)

for: sum_ranges
table 1 : explain SELECT SUM(k) FROM sbtest1 WHERE id BETWEEN 7238753 AND 7239752
	Aggregate  (cost=3768.91..3768.92 rows=1 width=8)
	  ->  Bitmap Heap Scan on sbtest1  (cost=34.38..3766.48 rows=970 width=4)
	        Recheck Cond: ((id >= 7238753) AND (id <= 7239752))
	        ->  Bitmap Index Scan on sbtest1_pkey  (cost=0.00..34.14 rows=970 width=0)
	              Index Cond: ((id >= 7238753) AND (id <= 7239752))

table 2 : explain SELECT SUM(k) FROM sbtest2 WHERE id BETWEEN 2378451 AND 2379450
	Aggregate  (cost=3483.45..3483.46 rows=1 width=8)
	  ->  Bitmap Heap Scan on sbtest2  (cost=29.63..3481.21 rows=897 width=4)
	        Recheck Cond: ((id >= 2378451) AND (id <= 2379450))
	        ->  Bitmap Index Scan on sbtest2_pkey  (cost=0.00..29.40 rows=897 width=0)
	              Index Cond: ((id >= 2378451) AND (id <= 2379450))

table 3 : explain SELECT SUM(k) FROM sbtest3 WHERE id BETWEEN 1430199 AND 1431198
	Aggregate  (cost=4007.98..4007.99 rows=1 width=8)
	  ->  Bitmap Heap Scan on sbtest3  (cost=35.04..4005.39 rows=1035 width=4)
	        Recheck Cond: ((id >= 1430199) AND (id <= 1431198))
	        ->  Bitmap Index Scan on sbtest3_pkey  (cost=0.00..34.79 rows=1035 width=0)
	              Index Cond: ((id >= 1430199) AND (id <= 1431198))

table 4 : explain SELECT SUM(k) FROM sbtest4 WHERE id BETWEEN 4707506 AND 4708505
	Aggregate  (cost=3802.04..3802.05 rows=1 width=8)
	  ->  Bitmap Heap Scan on sbtest4  (cost=34.48..3799.59 rows=980 width=4)
	        Recheck Cond: ((id >= 4707506) AND (id <= 4708505))
	        ->  Bitmap Index Scan on sbtest4_pkey  (cost=0.00..34.23 rows=980 width=0)
	              Index Cond: ((id >= 4707506) AND (id <= 4708505))

table 5 : explain SELECT SUM(k) FROM sbtest5 WHERE id BETWEEN 5366571 AND 5367570
	Aggregate  (cost=3829.80..3829.81 rows=1 width=8)
	  ->  Bitmap Heap Scan on sbtest5  (cost=34.55..3827.33 rows=987 width=4)
	        Recheck Cond: ((id >= 5366571) AND (id <= 5367570))
	        ->  Bitmap Index Scan on sbtest5_pkey  (cost=0.00..34.31 rows=987 width=0)
	              Index Cond: ((id >= 5366571) AND (id <= 5367570))

table 6 : explain SELECT SUM(k) FROM sbtest6 WHERE id BETWEEN 1634489 AND 1635488
	Aggregate  (cost=3677.50..3677.51 rows=1 width=8)
	  ->  Bitmap Heap Scan on sbtest6  (cost=34.14..3675.13 rows=947 width=4)
	        Recheck Cond: ((id >= 1634489) AND (id <= 1635488))
	        ->  Bitmap Index Scan on sbtest6_pkey  (cost=0.00..33.91 rows=947 width=0)
	              Index Cond: ((id >= 1634489) AND (id <= 1635488))

table 7 : explain SELECT SUM(k) FROM sbtest7 WHERE id BETWEEN 2998 AND 3997
	Aggregate  (cost=3953.89..3953.90 rows=1 width=8)
	  ->  Bitmap Heap Scan on sbtest7  (cost=34.89..3951.34 rows=1020 width=4)
	        Recheck Cond: ((id >= 2998) AND (id <= 3997))
	        ->  Bitmap Index Scan on sbtest7_pkey  (cost=0.00..34.64 rows=1020 width=0)
	              Index Cond: ((id >= 2998) AND (id <= 3997))

table 8 : explain SELECT SUM(k) FROM sbtest8 WHERE id BETWEEN 6767469 AND 6768468
	Aggregate  (cost=3961.98..3961.99 rows=1 width=8)
	  ->  Bitmap Heap Scan on sbtest8  (cost=34.91..3959.42 rows=1022 width=4)
	        Recheck Cond: ((id >= 6767469) AND (id <= 6768468))
	        ->  Bitmap Index Scan on sbtest8_pkey  (cost=0.00..34.66 rows=1022 width=0)
	              Index Cond: ((id >= 6767469) AND (id <= 6768468))

explain: for point_selects :: explain SELECT c FROM sbtest%u WHERE id=%u
for: sum_ranges
table 1 : explain SELECT SUM(k) FROM sbtest1 WHERE id BETWEEN 7188468 AND 7189467
	Aggregate  (cost=4003.18..4003.19 rows=1 width=8)
	  ->  Bitmap Heap Scan on sbtest1  (cost=35.01..4000.60 rows=1032 width=4)
	        Recheck Cond: ((id >= 7188468) AND (id <= 7189467))
	        ->  Bitmap Index Scan on sbtest1_pkey  (cost=0.00..34.76 rows=1032 width=0)
	              Index Cond: ((id >= 7188468) AND (id <= 7189467))

table 2 : explain SELECT SUM(k) FROM sbtest2 WHERE id BETWEEN 6930788 AND 6931787
	Aggregate  (cost=4057.26..4057.27 rows=1 width=8)
	  ->  Bitmap Heap Scan on sbtest2  (cost=35.18..4054.64 rows=1048 width=4)
	        Recheck Cond: ((id >= 6930788) AND (id <= 6931787))
	        ->  Bitmap Index Scan on sbtest2_pkey  (cost=0.00..34.92 rows=1048 width=0)
	              Index Cond: ((id >= 6930788) AND (id <= 6931787))

table 3 : explain SELECT SUM(k) FROM sbtest3 WHERE id BETWEEN 5615618 AND 5616617
	Aggregate  (cost=3943.95..3943.96 rows=1 width=8)
	  ->  Bitmap Heap Scan on sbtest3  (cost=34.87..3941.41 rows=1018 width=4)
	        Recheck Cond: ((id >= 5615618) AND (id <= 5616617))
	        ->  Bitmap Index Scan on sbtest3_pkey  (cost=0.00..34.62 rows=1018 width=0)
	              Index Cond: ((id >= 5615618) AND (id <= 5616617))

table 4 : explain SELECT SUM(k) FROM sbtest4 WHERE id BETWEEN 5925348 AND 5926347
	Aggregate  (cost=4080.97..4080.98 rows=1 width=8)
	  ->  Bitmap Heap Scan on sbtest4  (cost=35.24..4078.34 rows=1054 width=4)
	        Recheck Cond: ((id >= 5925348) AND (id <= 5926347))
	        ->  Bitmap Index Scan on sbtest4_pkey  (cost=0.00..34.98 rows=1054 width=0)
	              Index Cond: ((id >= 5925348) AND (id <= 5926347))

table 5 : explain SELECT SUM(k) FROM sbtest5 WHERE id BETWEEN 3955528 AND 3956527
	Aggregate  (cost=4044.78..4044.79 rows=1 width=8)
	  ->  Bitmap Heap Scan on sbtest5  (cost=35.14..4042.17 rows=1044 width=4)
	        Recheck Cond: ((id >= 3955528) AND (id <= 3956527))
	        ->  Bitmap Index Scan on sbtest5_pkey  (cost=0.00..34.88 rows=1044 width=0)
	              Index Cond: ((id >= 3955528) AND (id <= 3956527))

table 6 : explain SELECT SUM(k) FROM sbtest6 WHERE id BETWEEN 8100084 AND 8101083
	Aggregate  (cost=3590.34..3590.35 rows=1 width=8)
	  ->  Bitmap Heap Scan on sbtest6  (cost=29.92..3588.03 rows=925 width=4)
	        Recheck Cond: ((id >= 8100084) AND (id <= 8101083))
	        ->  Bitmap Index Scan on sbtest6_pkey  (cost=0.00..29.68 rows=925 width=0)
	              Index Cond: ((id >= 8100084) AND (id <= 8101083))

table 7 : explain SELECT SUM(k) FROM sbtest7 WHERE id BETWEEN 2217296 AND 2218295
	Aggregate  (cost=3806.75..3806.76 rows=1 width=8)
	  ->  Bitmap Heap Scan on sbtest7  (cost=34.49..3804.30 rows=981 width=4)
	        Recheck Cond: ((id >= 2217296) AND (id <= 2218295))
	        ->  Bitmap Index Scan on sbtest7_pkey  (cost=0.00..34.25 rows=981 width=0)
	              Index Cond: ((id >= 2217296) AND (id <= 2218295))

table 8 : explain SELECT SUM(k) FROM sbtest8 WHERE id BETWEEN 3596438 AND 3597437
	Aggregate  (cost=3716.60..3716.61 rows=1 width=8)
	  ->  Bitmap Heap Scan on sbtest8  (cost=34.24..3714.21 rows=957 width=4)
	        Recheck Cond: ((id >= 3596438) AND (id <= 3597437))
	        ->  Bitmap Index Scan on sbtest8_pkey  (cost=0.00..34.01 rows=957 width=0)
	              Index Cond: ((id >= 3596438) AND (id <= 3597437))

for: order_ranges
table 1 : explain SELECT c FROM sbtest1 WHERE id BETWEEN 3366148 AND 3367147 ORDER BY c
	Sort  (cost=4056.09..4058.67 rows=1033 width=121)
	  Sort Key: c
	  ->  Bitmap Heap Scan on sbtest1  (cost=35.02..4004.37 rows=1033 width=121)
	        Recheck Cond: ((id >= 3366148) AND (id <= 3367147))
	        ->  Bitmap Index Scan on sbtest1_pkey  (cost=0.00..34.77 rows=1033 width=0)
	              Index Cond: ((id >= 3366148) AND (id <= 3367147))

table 2 : explain SELECT c FROM sbtest2 WHERE id BETWEEN 5207327 AND 5208326 ORDER BY c
	Sort  (cost=3655.77..3658.09 rows=930 width=121)
	  Sort Key: c
	  ->  Bitmap Heap Scan on sbtest2  (cost=33.97..3609.91 rows=930 width=121)
	        Recheck Cond: ((id >= 5207327) AND (id <= 5208326))
	        ->  Bitmap Index Scan on sbtest2_pkey  (cost=0.00..33.73 rows=930 width=0)
	              Index Cond: ((id >= 5207327) AND (id <= 5208326))

table 3 : explain SELECT c FROM sbtest3 WHERE id BETWEEN 3875422 AND 3876421 ORDER BY c
	Sort  (cost=4007.55..4010.11 rows=1022 width=121)
	  Sort Key: c
	  ->  Bitmap Heap Scan on sbtest3  (cost=34.91..3956.47 rows=1022 width=121)
	        Recheck Cond: ((id >= 3875422) AND (id <= 3876421))
	        ->  Bitmap Index Scan on sbtest3_pkey  (cost=0.00..34.66 rows=1022 width=0)
	              Index Cond: ((id >= 3875422) AND (id <= 3876421))

table 4 : explain SELECT c FROM sbtest4 WHERE id BETWEEN 8729374 AND 8730373 ORDER BY c
	Sort  (cost=3741.04..3743.42 rows=952 width=121)
	  Sort Key: c
	  ->  Bitmap Heap Scan on sbtest4  (cost=34.19..3693.94 rows=952 width=121)
	        Recheck Cond: ((id >= 8729374) AND (id <= 8730373))
	        ->  Bitmap Index Scan on sbtest4_pkey  (cost=0.00..33.95 rows=952 width=0)
	              Index Cond: ((id >= 8729374) AND (id <= 8730373))

table 5 : explain SELECT c FROM sbtest5 WHERE id BETWEEN 8931255 AND 8932254 ORDER BY c
	Sort  (cost=3738.47..3740.85 rows=951 width=121)
	  Sort Key: c
	  ->  Bitmap Heap Scan on sbtest5  (cost=34.18..3691.43 rows=951 width=121)
	        Recheck Cond: ((id >= 8931255) AND (id <= 8932254))
	        ->  Bitmap Index Scan on sbtest5_pkey  (cost=0.00..33.95 rows=951 width=0)
	              Index Cond: ((id >= 8931255) AND (id <= 8932254))

table 6 : explain SELECT c FROM sbtest6 WHERE id BETWEEN 552387 AND 553386 ORDER BY c
	Sort  (cost=3414.78..3416.95 rows=868 width=121)
	  Sort Key: c
	  ->  Bitmap Heap Scan on sbtest6  (cost=29.33..3372.41 rows=868 width=121)
	        Recheck Cond: ((id >= 552387) AND (id <= 553386))
	        ->  Bitmap Index Scan on sbtest6_pkey  (cost=0.00..29.11 rows=868 width=0)
	              Index Cond: ((id >= 552387) AND (id <= 553386))

table 7 : explain SELECT c FROM sbtest7 WHERE id BETWEEN 1065498 AND 1066497 ORDER BY c
	Sort  (cost=3826.23..3828.67 rows=974 width=121)
	  Sort Key: c
	  ->  Bitmap Heap Scan on sbtest7  (cost=34.42..3777.89 rows=974 width=121)
	        Recheck Cond: ((id >= 1065498) AND (id <= 1066497))
	        ->  Bitmap Index Scan on sbtest7_pkey  (cost=0.00..34.18 rows=974 width=0)
	              Index Cond: ((id >= 1065498) AND (id <= 1066497))

table 8 : explain SELECT c FROM sbtest8 WHERE id BETWEEN 4777909 AND 4778908 ORDER BY c
	Sort  (cost=3646.37..3648.69 rows=928 width=121)
	  Sort Key: c
	  ->  Bitmap Heap Scan on sbtest8  (cost=29.95..3600.63 rows=928 width=121)
	        Recheck Cond: ((id >= 4777909) AND (id <= 4778908))
	        ->  Bitmap Index Scan on sbtest8_pkey  (cost=0.00..29.71 rows=928 width=0)
	              Index Cond: ((id >= 4777909) AND (id <= 4778908))

for: simple_ranges
table 1 : explain SELECT c FROM sbtest1 WHERE id BETWEEN 9303802 AND 9304801
	Bitmap Heap Scan on sbtest1  (cost=35.47..4170.23 rows=1077 width=121)
	  Recheck Cond: ((id >= 9303802) AND (id <= 9304801))
	  ->  Bitmap Index Scan on sbtest1_pkey  (cost=0.00..35.20 rows=1077 width=0)
	        Index Cond: ((id >= 9303802) AND (id <= 9304801))

table 2 : explain SELECT c FROM sbtest2 WHERE id BETWEEN 9466390 AND 9467389
	Bitmap Heap Scan on sbtest2  (cost=34.95..3971.86 rows=1026 width=121)
	  Recheck Cond: ((id >= 9466390) AND (id <= 9467389))
	  ->  Bitmap Index Scan on sbtest2_pkey  (cost=0.00..34.70 rows=1026 width=0)
	        Index Cond: ((id >= 9466390) AND (id <= 9467389))

table 3 : explain SELECT c FROM sbtest3 WHERE id BETWEEN 5595543 AND 5596542
	Bitmap Heap Scan on sbtest3  (cost=34.87..3941.41 rows=1018 width=121)
	  Recheck Cond: ((id >= 5595543) AND (id <= 5596542))
	  ->  Bitmap Index Scan on sbtest3_pkey  (cost=0.00..34.62 rows=1018 width=0)
	        Index Cond: ((id >= 5595543) AND (id <= 5596542))

table 4 : explain SELECT c FROM sbtest4 WHERE id BETWEEN 8514026 AND 8515025
	Bitmap Heap Scan on sbtest4  (cost=34.33..3743.01 rows=965 width=121)
	  Recheck Cond: ((id >= 8514026) AND (id <= 8515025))
	  ->  Bitmap Index Scan on sbtest4_pkey  (cost=0.00..34.09 rows=965 width=0)
	        Index Cond: ((id >= 8514026) AND (id <= 8515025))

table 5 : explain SELECT c FROM sbtest5 WHERE id BETWEEN 4654103 AND 4655102
	Bitmap Heap Scan on sbtest5  (cost=34.88..3947.99 rows=1019 width=121)
	  Recheck Cond: ((id >= 4654103) AND (id <= 4655102))
	  ->  Bitmap Index Scan on sbtest5_pkey  (cost=0.00..34.62 rows=1019 width=0)
	        Index Cond: ((id >= 4654103) AND (id <= 4655102))

table 6 : explain SELECT c FROM sbtest6 WHERE id BETWEEN 3814731 AND 3815730
	Bitmap Heap Scan on sbtest6  (cost=34.94..3969.26 rows=1025 width=121)
	  Recheck Cond: ((id >= 3814731) AND (id <= 3815730))
	  ->  Bitmap Index Scan on sbtest6_pkey  (cost=0.00..34.69 rows=1025 width=0)
	        Index Cond: ((id >= 3814731) AND (id <= 3815730))

table 7 : explain SELECT c FROM sbtest7 WHERE id BETWEEN 125866 AND 126865
	Bitmap Heap Scan on sbtest7  (cost=29.97..3607.71 rows=930 width=121)
	  Recheck Cond: ((id >= 125866) AND (id <= 126865))
	  ->  Bitmap Index Scan on sbtest7_pkey  (cost=0.00..29.73 rows=930 width=0)
	        Index Cond: ((id >= 125866) AND (id <= 126865))

table 8 : explain SELECT c FROM sbtest8 WHERE id BETWEEN 2160880 AND 2161879
	Bitmap Heap Scan on sbtest8  (cost=35.28..4095.01 rows=1058 width=121)
	  Recheck Cond: ((id >= 2160880) AND (id <= 2161879))
	  ->  Bitmap Index Scan on sbtest8_pkey  (cost=0.00..35.02 rows=1058 width=0)
	        Index Cond: ((id >= 2160880) AND (id <= 2161879))

for: order_ranges
table 1 : explain SELECT c FROM sbtest1 WHERE id BETWEEN 6159745 AND 6160744 ORDER BY c
	Sort  (cost=3745.52..3747.90 rows=952 width=121)
	  Sort Key: c
	  ->  Bitmap Heap Scan on sbtest1  (cost=34.19..3698.42 rows=952 width=121)
	        Recheck Cond: ((id >= 6159745) AND (id <= 6160744))
	        ->  Bitmap Index Scan on sbtest1_pkey  (cost=0.00..33.95 rows=952 width=0)
	              Index Cond: ((id >= 6159745) AND (id <= 6160744))

table 2 : explain SELECT c FROM sbtest2 WHERE id BETWEEN 4398322 AND 4399321 ORDER BY c
	Sort  (cost=3927.60..3930.10 rows=1001 width=121)
	  Sort Key: c
	  ->  Bitmap Heap Scan on sbtest2  (cost=34.70..3877.72 rows=1001 width=121)
	        Recheck Cond: ((id >= 4398322) AND (id <= 4399321))
	        ->  Bitmap Index Scan on sbtest2_pkey  (cost=0.00..34.45 rows=1001 width=0)
	              Index Cond: ((id >= 4398322) AND (id <= 4399321))

table 3 : explain SELECT c FROM sbtest3 WHERE id BETWEEN 4830095 AND 4831094 ORDER BY c
	Sort  (cost=4041.94..4044.52 rows=1031 width=121)
	  Sort Key: c
	  ->  Bitmap Heap Scan on sbtest3  (cost=35.00..3990.34 rows=1031 width=121)
	        Recheck Cond: ((id >= 4830095) AND (id <= 4831094))
	        ->  Bitmap Index Scan on sbtest3_pkey  (cost=0.00..34.75 rows=1031 width=0)
	              Index Cond: ((id >= 4830095) AND (id <= 4831094))

table 4 : explain SELECT c FROM sbtest4 WHERE id BETWEEN 7985260 AND 7986259 ORDER BY c
	Sort  (cost=4135.08..4137.71 rows=1055 width=121)
	  Sort Key: c
	  ->  Bitmap Heap Scan on sbtest4  (cost=35.25..4082.10 rows=1055 width=121)
	        Recheck Cond: ((id >= 7985260) AND (id <= 7986259))
	        ->  Bitmap Index Scan on sbtest4_pkey  (cost=0.00..34.98 rows=1055 width=0)
	              Index Cond: ((id >= 7985260) AND (id <= 7986259))

table 5 : explain SELECT c FROM sbtest5 WHERE id BETWEEN 2660758 AND 2661757 ORDER BY c
	Sort  (cost=4136.56..4139.19 rows=1055 width=121)
	  Sort Key: c
	  ->  Bitmap Heap Scan on sbtest5  (cost=35.25..4083.58 rows=1055 width=121)
	        Recheck Cond: ((id >= 2660758) AND (id <= 2661757))
	        ->  Bitmap Index Scan on sbtest5_pkey  (cost=0.00..34.98 rows=1055 width=0)
	              Index Cond: ((id >= 2660758) AND (id <= 2661757))

table 6 : explain SELECT c FROM sbtest6 WHERE id BETWEEN 3789578 AND 3790577 ORDER BY c
	Sort  (cost=4020.52..4023.08 rows=1025 width=121)
	  Sort Key: c
	  ->  Bitmap Heap Scan on sbtest6  (cost=34.94..3969.26 rows=1025 width=121)
	        Recheck Cond: ((id >= 3789578) AND (id <= 3790577))
	        ->  Bitmap Index Scan on sbtest6_pkey  (cost=0.00..34.69 rows=1025 width=0)
	              Index Cond: ((id >= 3789578) AND (id <= 3790577))

table 7 : explain SELECT c FROM sbtest7 WHERE id BETWEEN 2378261 AND 2379260 ORDER BY c
	Sort  (cost=4197.24..4199.91 rows=1071 width=121)
	  Sort Key: c
	  ->  Bitmap Heap Scan on sbtest7  (cost=35.41..4143.34 rows=1071 width=121)
	        Recheck Cond: ((id >= 2378261) AND (id <= 2379260))
	        ->  Bitmap Index Scan on sbtest7_pkey  (cost=0.00..35.15 rows=1071 width=0)
	              Index Cond: ((id >= 2378261) AND (id <= 2379260))

table 8 : explain SELECT c FROM sbtest8 WHERE id BETWEEN 4371227 AND 4372226 ORDER BY c
	Sort  (cost=3477.42..3479.63 rows=884 width=121)
	  Sort Key: c
	  ->  Bitmap Heap Scan on sbtest8  (cost=29.50..3434.16 rows=884 width=121)
	        Recheck Cond: ((id >= 4371227) AND (id <= 4372226))
	        ->  Bitmap Index Scan on sbtest8_pkey  (cost=0.00..29.27 rows=884 width=0)
	              Index Cond: ((id >= 4371227) AND (id <= 4372226))

for: distinct_ranges
table 1 : explain SELECT DISTINCT c FROM sbtest1 WHERE id BETWEEN 680461 AND 681460 ORDER BY c
	Unique  (cost=3814.60..3819.45 rows=970 width=121)
	  ->  Sort  (cost=3814.60..3817.03 rows=970 width=121)
	        Sort Key: c
	        ->  Bitmap Heap Scan on sbtest1  (cost=34.38..3766.48 rows=970 width=121)
	              Recheck Cond: ((id >= 680461) AND (id <= 681460))
	              ->  Bitmap Index Scan on sbtest1_pkey  (cost=0.00..34.14 rows=970 width=0)
	                    Index Cond: ((id >= 680461) AND (id <= 681460))

table 2 : explain SELECT DISTINCT c FROM sbtest2 WHERE id BETWEEN 276136 AND 277135 ORDER BY c
	Unique  (cost=3858.74..3863.66 rows=983 width=121)
	  ->  Sort  (cost=3858.74..3861.20 rows=983 width=121)
	        Sort Key: c
	        ->  Bitmap Heap Scan on sbtest2  (cost=34.51..3809.88 rows=983 width=121)
	              Recheck Cond: ((id >= 276136) AND (id <= 277135))
	              ->  Bitmap Index Scan on sbtest2_pkey  (cost=0.00..34.27 rows=983 width=0)
	                    Index Cond: ((id >= 276136) AND (id <= 277135))

table 3 : explain SELECT DISTINCT c FROM sbtest3 WHERE id BETWEEN 1263570 AND 1264569 ORDER BY c
	Unique  (cost=4347.26..4352.82 rows=1112 width=121)
	  ->  Sort  (cost=4347.26..4350.04 rows=1112 width=121)
	        Sort Key: c
	        ->  Bitmap Heap Scan on sbtest3  (cost=35.83..4290.99 rows=1112 width=121)
	              Recheck Cond: ((id >= 1263570) AND (id <= 1264569))
	              ->  Bitmap Index Scan on sbtest3_pkey  (cost=0.00..35.56 rows=1112 width=0)
	                    Index Cond: ((id >= 1263570) AND (id <= 1264569))

table 4 : explain SELECT DISTINCT c FROM sbtest4 WHERE id BETWEEN 236835 AND 237834 ORDER BY c
	Unique  (cost=3917.17..3922.16 rows=998 width=121)
	  ->  Sort  (cost=3917.17..3919.67 rows=998 width=121)
	        Sort Key: c
	        ->  Bitmap Heap Scan on sbtest4  (cost=34.66..3867.46 rows=998 width=121)
	              Recheck Cond: ((id >= 236835) AND (id <= 237834))
	              ->  Bitmap Index Scan on sbtest4_pkey  (cost=0.00..34.42 rows=998 width=0)
	                    Index Cond: ((id >= 236835) AND (id <= 237834))

table 5 : explain SELECT DISTINCT c FROM sbtest5 WHERE id BETWEEN 4000889 AND 4001888 ORDER BY c
	Unique  (cost=4163.30..4168.61 rows=1062 width=121)
	  ->  Sort  (cost=4163.30..4165.96 rows=1062 width=121)
	        Sort Key: c
	        ->  Bitmap Heap Scan on sbtest5  (cost=35.32..4109.92 rows=1062 width=121)
	              Recheck Cond: ((id >= 4000889) AND (id <= 4001888))
	              ->  Bitmap Index Scan on sbtest5_pkey  (cost=0.00..35.06 rows=1062 width=0)
	                    Index Cond: ((id >= 4000889) AND (id <= 4001888))

table 6 : explain SELECT DISTINCT c FROM sbtest6 WHERE id BETWEEN 2260013 AND 2261012 ORDER BY c
	Unique  (cost=3963.16..3968.21 rows=1010 width=121)
	  ->  Sort  (cost=3963.16..3965.69 rows=1010 width=121)
	        Sort Key: c
	        ->  Bitmap Heap Scan on sbtest6  (cost=34.79..3912.76 rows=1010 width=121)
	              Recheck Cond: ((id >= 2260013) AND (id <= 2261012))
	              ->  Bitmap Index Scan on sbtest6_pkey  (cost=0.00..34.54 rows=1010 width=0)
	                    Index Cond: ((id >= 2260013) AND (id <= 2261012))

table 7 : explain SELECT DISTINCT c FROM sbtest7 WHERE id BETWEEN 6175289 AND 6176288 ORDER BY c
	Unique  (cost=3921.96..3926.96 rows=999 width=121)
	  ->  Sort  (cost=3921.96..3924.46 rows=999 width=121)
	        Sort Key: c
	        ->  Bitmap Heap Scan on sbtest7  (cost=34.67..3872.19 rows=999 width=121)
	              Recheck Cond: ((id >= 6175289) AND (id <= 6176288))
	              ->  Bitmap Index Scan on sbtest7_pkey  (cost=0.00..34.43 rows=999 width=0)
	                    Index Cond: ((id >= 6175289) AND (id <= 6176288))

table 8 : explain SELECT DISTINCT c FROM sbtest8 WHERE id BETWEEN 468685 AND 469684 ORDER BY c
	Unique  (cost=3550.40..3554.92 rows=903 width=121)
	  ->  Sort  (cost=3550.40..3552.66 rows=903 width=121)
	        Sort Key: c
	        ->  Bitmap Heap Scan on sbtest8  (cost=29.69..3506.07 rows=903 width=121)
	              Recheck Cond: ((id >= 468685) AND (id <= 469684))
	              ->  Bitmap Index Scan on sbtest8_pkey  (cost=0.00..29.46 rows=903 width=0)
	                    Index Cond: ((id >= 468685) AND (id <= 469684))

for: simple_ranges
table 1 : explain SELECT c FROM sbtest1 WHERE id BETWEEN 5052941 AND 5053940
	Bitmap Heap Scan on sbtest1  (cost=35.57..4204.12 rows=1086 width=121)
	  Recheck Cond: ((id >= 5052941) AND (id <= 5053940))
	  ->  Bitmap Index Scan on sbtest1_pkey  (cost=0.00..35.30 rows=1086 width=0)
	        Index Cond: ((id >= 5052941) AND (id <= 5053940))

table 2 : explain SELECT c FROM sbtest2 WHERE id BETWEEN 2656323 AND 2657322
	Bitmap Heap Scan on sbtest2  (cost=34.62..3851.34 rows=994 width=121)
	  Recheck Cond: ((id >= 2656323) AND (id <= 2657322))
	  ->  Bitmap Index Scan on sbtest2_pkey  (cost=0.00..34.38 rows=994 width=0)
	        Index Cond: ((id >= 2656323) AND (id <= 2657322))

table 3 : explain SELECT c FROM sbtest3 WHERE id BETWEEN 7906777 AND 7907776
	Bitmap Heap Scan on sbtest3  (cost=34.17..3685.12 rows=950 width=121)
	  Recheck Cond: ((id >= 7906777) AND (id <= 7907776))
	  ->  Bitmap Index Scan on sbtest3_pkey  (cost=0.00..33.94 rows=950 width=0)
	        Index Cond: ((id >= 7906777) AND (id <= 7907776))

table 4 : explain SELECT c FROM sbtest4 WHERE id BETWEEN 1082575 AND 1083574
	Bitmap Heap Scan on sbtest4  (cost=34.22..3705.26 rows=955 width=121)
	  Recheck Cond: ((id >= 1082575) AND (id <= 1083574))
	  ->  Bitmap Index Scan on sbtest4_pkey  (cost=0.00..33.98 rows=955 width=0)
	        Index Cond: ((id >= 1082575) AND (id <= 1083574))

table 5 : explain SELECT c FROM sbtest5 WHERE id BETWEEN 7815353 AND 7816352
	Bitmap Heap Scan on sbtest5  (cost=35.40..4140.03 rows=1070 width=121)
	  Recheck Cond: ((id >= 7815353) AND (id <= 7816352))
	  ->  Bitmap Index Scan on sbtest5_pkey  (cost=0.00..35.14 rows=1070 width=0)
	        Index Cond: ((id >= 7815353) AND (id <= 7816352))

table 6 : explain SELECT c FROM sbtest6 WHERE id BETWEEN 2187022 AND 2188021
	Bitmap Heap Scan on sbtest6  (cost=34.79..3912.76 rows=1010 width=121)
	  Recheck Cond: ((id >= 2187022) AND (id <= 2188021))
	  ->  Bitmap Index Scan on sbtest6_pkey  (cost=0.00..34.54 rows=1010 width=0)
	        Index Cond: ((id >= 2187022) AND (id <= 2188021))

table 7 : explain SELECT c FROM sbtest7 WHERE id BETWEEN 8616869 AND 8617868
	Bitmap Heap Scan on sbtest7  (cost=34.90..3955.11 rows=1021 width=121)
	  Recheck Cond: ((id >= 8616869) AND (id <= 8617868))
	  ->  Bitmap Index Scan on sbtest7_pkey  (cost=0.00..34.65 rows=1021 width=0)
	        Index Cond: ((id >= 8616869) AND (id <= 8617868))

table 8 : explain SELECT c FROM sbtest8 WHERE id BETWEEN 9477084 AND 9478083
	Bitmap Heap Scan on sbtest8  (cost=35.56..4196.59 rows=1085 width=121)
	  Recheck Cond: ((id >= 9477084) AND (id <= 9478083))
	  ->  Bitmap Index Scan on sbtest8_pkey  (cost=0.00..35.29 rows=1085 width=0)
	        Index Cond: ((id >= 9477084) AND (id <= 9478083))

for: distinct_ranges
table 1 : explain SELECT DISTINCT c FROM sbtest1 WHERE id BETWEEN 9804338 AND 9805337 ORDER BY c
	Unique  (cost=3845.29..3850.18 rows=978 width=121)
	  ->  Sort  (cost=3845.29..3847.74 rows=978 width=121)
	        Sort Key: c
	        ->  Bitmap Heap Scan on sbtest1  (cost=34.46..3796.72 rows=978 width=121)
	              Recheck Cond: ((id >= 9804338) AND (id <= 9805337))
	              ->  Bitmap Index Scan on sbtest1_pkey  (cost=0.00..34.22 rows=978 width=0)
	                    Index Cond: ((id >= 9804338) AND (id <= 9805337))

table 2 : explain SELECT DISTINCT c FROM sbtest2 WHERE id BETWEEN 7421865 AND 7422864 ORDER BY c
	Unique  (cost=3954.37..3959.41 rows=1008 width=121)
	  ->  Sort  (cost=3954.37..3956.89 rows=1008 width=121)
	        Sort Key: c
	        ->  Bitmap Heap Scan on sbtest2  (cost=34.77..3904.08 rows=1008 width=121)
	              Recheck Cond: ((id >= 7421865) AND (id <= 7422864))
	              ->  Bitmap Index Scan on sbtest2_pkey  (cost=0.00..34.52 rows=1008 width=0)
	                    Index Cond: ((id >= 7421865) AND (id <= 7422864))

table 3 : explain SELECT DISTINCT c FROM sbtest3 WHERE id BETWEEN 9600051 AND 9601050 ORDER BY c
	Unique  (cost=3501.91..3506.36 rows=891 width=121)
	  ->  Sort  (cost=3501.91..3504.13 rows=891 width=121)
	        Sort Key: c
	        ->  Bitmap Heap Scan on sbtest3  (cost=29.57..3458.25 rows=891 width=121)
	              Recheck Cond: ((id >= 9600051) AND (id <= 9601050))
	              ->  Bitmap Index Scan on sbtest3_pkey  (cost=0.00..29.34 rows=891 width=0)
	                    Index Cond: ((id >= 9600051) AND (id <= 9601050))

table 4 : explain SELECT DISTINCT c FROM sbtest4 WHERE id BETWEEN 62819 AND 63818 ORDER BY c
	Unique  (cost=3641.37..3646.00 rows=926 width=121)
	  ->  Sort  (cost=3641.37..3643.68 rows=926 width=121)
	        Sort Key: c
	        ->  Bitmap Heap Scan on sbtest4  (cost=33.93..3595.74 rows=926 width=121)
	              Recheck Cond: ((id >= 62819) AND (id <= 63818))
	              ->  Bitmap Index Scan on sbtest4_pkey  (cost=0.00..33.70 rows=926 width=0)
	                    Index Cond: ((id >= 62819) AND (id <= 63818))

table 5 : explain SELECT DISTINCT c FROM sbtest5 WHERE id BETWEEN 3209410 AND 3210409 ORDER BY c
	Unique  (cost=3930.02..3935.03 rows=1001 width=121)
	  ->  Sort  (cost=3930.02..3932.52 rows=1001 width=121)
	        Sort Key: c
	        ->  Bitmap Heap Scan on sbtest5  (cost=34.70..3880.13 rows=1001 width=121)
	              Recheck Cond: ((id >= 3209410) AND (id <= 3210409))
	              ->  Bitmap Index Scan on sbtest5_pkey  (cost=0.00..34.45 rows=1001 width=0)
	                    Index Cond: ((id >= 3209410) AND (id <= 3210409))

table 6 : explain SELECT DISTINCT c FROM sbtest6 WHERE id BETWEEN 5677958 AND 5678957 ORDER BY c
	Unique  (cost=4345.06..4350.61 rows=1110 width=121)
	  ->  Sort  (cost=4345.06..4347.83 rows=1110 width=121)
	        Sort Key: c
	        ->  Bitmap Heap Scan on sbtest6  (cost=35.81..4288.91 rows=1110 width=121)
	              Recheck Cond: ((id >= 5677958) AND (id <= 5678957))
	              ->  Bitmap Index Scan on sbtest6_pkey  (cost=0.00..35.54 rows=1110 width=0)
	                    Index Cond: ((id >= 5677958) AND (id <= 5678957))

table 7 : explain SELECT DISTINCT c FROM sbtest7 WHERE id BETWEEN 9665946 AND 9666945 ORDER BY c
	Unique  (cost=3810.91..3815.76 rows=970 width=121)
	  ->  Sort  (cost=3810.91..3813.34 rows=970 width=121)
	        Sort Key: c
	        ->  Bitmap Heap Scan on sbtest7  (cost=34.38..3762.79 rows=970 width=121)
	              Recheck Cond: ((id >= 9665946) AND (id <= 9666945))
	              ->  Bitmap Index Scan on sbtest7_pkey  (cost=0.00..34.14 rows=970 width=0)
	                    Index Cond: ((id >= 9665946) AND (id <= 9666945))

table 8 : explain SELECT DISTINCT c FROM sbtest8 WHERE id BETWEEN 2978256 AND 2979255 ORDER BY c
	Unique  (cost=3773.09..3777.89 rows=960 width=121)
	  ->  Sort  (cost=3773.09..3775.49 rows=960 width=121)
	        Sort Key: c
	        ->  Bitmap Heap Scan on sbtest8  (cost=34.28..3725.54 rows=960 width=121)
	              Recheck Cond: ((id >= 2978256) AND (id <= 2979255))
	              ->  Bitmap Index Scan on sbtest8_pkey  (cost=0.00..34.04 rows=960 width=0)
	                    Index Cond: ((id >= 2978256) AND (id <= 2979255))

for: distinct_ranges
table 1 : explain SELECT DISTINCT c FROM sbtest1 WHERE id BETWEEN 6629113 AND 6630112 ORDER BY c
	Unique  (cost=4381.17..4386.76 rows=1118 width=121)
	  ->  Sort  (cost=4381.17..4383.97 rows=1118 width=121)
	        Sort Key: c
	        ->  Bitmap Heap Scan on sbtest1  (cost=35.89..4324.57 rows=1118 width=121)
	              Recheck Cond: ((id >= 6629113) AND (id <= 6630112))
	              ->  Bitmap Index Scan on sbtest1_pkey  (cost=0.00..35.62 rows=1118 width=0)
	                    Index Cond: ((id >= 6629113) AND (id <= 6630112))

table 2 : explain SELECT DISTINCT c FROM sbtest2 WHERE id BETWEEN 6387372 AND 6388371 ORDER BY c
	Unique  (cost=3797.50..3802.34 rows=967 width=121)
	  ->  Sort  (cost=3797.50..3799.92 rows=967 width=121)
	        Sort Key: c
	        ->  Bitmap Heap Scan on sbtest2  (cost=34.35..3749.55 rows=967 width=121)
	              Recheck Cond: ((id >= 6387372) AND (id <= 6388371))
	              ->  Bitmap Index Scan on sbtest2_pkey  (cost=0.00..34.11 rows=967 width=0)
	                    Index Cond: ((id >= 6387372) AND (id <= 6388371))

table 3 : explain SELECT DISTINCT c FROM sbtest3 WHERE id BETWEEN 4061806 AND 4062805 ORDER BY c
	Unique  (cost=3436.65..3441.02 rows=874 width=121)
	  ->  Sort  (cost=3436.65..3438.83 rows=874 width=121)
	        Sort Key: c
	        ->  Bitmap Heap Scan on sbtest3  (cost=29.39..3393.95 rows=874 width=121)
	              Recheck Cond: ((id >= 4061806) AND (id <= 4062805))
	              ->  Bitmap Index Scan on sbtest3_pkey  (cost=0.00..29.18 rows=874 width=0)
	                    Index Cond: ((id >= 4061806) AND (id <= 4062805))

table 4 : explain SELECT DISTINCT c FROM sbtest4 WHERE id BETWEEN 8082893 AND 8083892 ORDER BY c
	Unique  (cost=3710.38..3715.10 rows=944 width=121)
	  ->  Sort  (cost=3710.38..3712.74 rows=944 width=121)
	        Sort Key: c
	        ->  Bitmap Heap Scan on sbtest4  (cost=34.11..3663.73 rows=944 width=121)
	              Recheck Cond: ((id >= 8082893) AND (id <= 8083892))
	              ->  Bitmap Index Scan on sbtest4_pkey  (cost=0.00..33.88 rows=944 width=0)
	                    Index Cond: ((id >= 8082893) AND (id <= 8083892))

table 5 : explain SELECT DISTINCT c FROM sbtest5 WHERE id BETWEEN 2671844 AND 2672843 ORDER BY c
	Unique  (cost=4136.56..4141.83 rows=1055 width=121)
	  ->  Sort  (cost=4136.56..4139.19 rows=1055 width=121)
	        Sort Key: c
	        ->  Bitmap Heap Scan on sbtest5  (cost=35.25..4083.58 rows=1055 width=121)
	              Recheck Cond: ((id >= 2671844) AND (id <= 2672843))
	              ->  Bitmap Index Scan on sbtest5_pkey  (cost=0.00..34.98 rows=1055 width=0)
	                    Index Cond: ((id >= 2671844) AND (id <= 2672843))

table 6 : explain SELECT DISTINCT c FROM sbtest6 WHERE id BETWEEN 4909411 AND 4910410 ORDER BY c
	Unique  (cost=4135.16..4140.44 rows=1055 width=121)
	  ->  Sort  (cost=4135.16..4137.80 rows=1055 width=121)
	        Sort Key: c
	        ->  Bitmap Heap Scan on sbtest6  (cost=35.25..4082.18 rows=1055 width=121)
	              Recheck Cond: ((id >= 4909411) AND (id <= 4910410))
	              ->  Bitmap Index Scan on sbtest6_pkey  (cost=0.00..34.98 rows=1055 width=0)
	                    Index Cond: ((id >= 4909411) AND (id <= 4910410))

table 7 : explain SELECT DISTINCT c FROM sbtest7 WHERE id BETWEEN 7312602 AND 7313601 ORDER BY c
	Unique  (cost=3887.51..3892.46 rows=990 width=121)
	  ->  Sort  (cost=3887.51..3889.98 rows=990 width=121)
	        Sort Key: c
	        ->  Bitmap Heap Scan on sbtest7  (cost=34.58..3838.25 rows=990 width=121)
	              Recheck Cond: ((id >= 7312602) AND (id <= 7313601))
	              ->  Bitmap Index Scan on sbtest7_pkey  (cost=0.00..34.34 rows=990 width=0)
	                    Index Cond: ((id >= 7312602) AND (id <= 7313601))

table 8 : explain SELECT DISTINCT c FROM sbtest8 WHERE id BETWEEN 2033549 AND 2034548 ORDER BY c
	Unique  (cost=4060.23..4065.41 rows=1035 width=121)
	  ->  Sort  (cost=4060.23..4062.82 rows=1035 width=121)
	        Sort Key: c
	        ->  Bitmap Heap Scan on sbtest8  (cost=35.04..4008.40 rows=1035 width=121)
	              Recheck Cond: ((id >= 2033549) AND (id <= 2034548))
	              ->  Bitmap Index Scan on sbtest8_pkey  (cost=0.00..34.79 rows=1035 width=0)
	                    Index Cond: ((id >= 2033549) AND (id <= 2034548))

for: order_ranges
table 1 : explain SELECT c FROM sbtest1 WHERE id BETWEEN 214964 AND 215963 ORDER BY c
	Sort  (cost=3879.81..3882.28 rows=987 width=121)
	  Sort Key: c
	  ->  Bitmap Heap Scan on sbtest1  (cost=34.55..3830.72 rows=987 width=121)
	        Recheck Cond: ((id >= 214964) AND (id <= 215963))
	        ->  Bitmap Index Scan on sbtest1_pkey  (cost=0.00..34.31 rows=987 width=0)
	              Index Cond: ((id >= 214964) AND (id <= 215963))

table 2 : explain SELECT c FROM sbtest2 WHERE id BETWEEN 2041045 AND 2042044 ORDER BY c
	Sort  (cost=3732.40..3734.78 rows=950 width=121)
	  Sort Key: c
	  ->  Bitmap Heap Scan on sbtest2  (cost=34.17..3685.42 rows=950 width=121)
	        Recheck Cond: ((id >= 2041045) AND (id <= 2042044))
	        ->  Bitmap Index Scan on sbtest2_pkey  (cost=0.00..33.94 rows=950 width=0)
	              Index Cond: ((id >= 2041045) AND (id <= 2042044))

table 3 : explain SELECT c FROM sbtest3 WHERE id BETWEEN 5151142 AND 5152141 ORDER BY c
	Sort  (cost=3904.33..3906.82 rows=995 width=121)
	  Sort Key: c
	  ->  Bitmap Heap Scan on sbtest3  (cost=34.63..3854.79 rows=995 width=121)
	        Recheck Cond: ((id >= 5151142) AND (id <= 5152141))
	        ->  Bitmap Index Scan on sbtest3_pkey  (cost=0.00..34.39 rows=995 width=0)
	              Index Cond: ((id >= 5151142) AND (id <= 5152141))

table 4 : explain SELECT c FROM sbtest4 WHERE id BETWEEN 95943 AND 96942 ORDER BY c
	Sort  (cost=3641.37..3643.68 rows=926 width=121)
	  Sort Key: c
	  ->  Bitmap Heap Scan on sbtest4  (cost=33.93..3595.74 rows=926 width=121)
	        Recheck Cond: ((id >= 95943) AND (id <= 96942))
	        ->  Bitmap Index Scan on sbtest4_pkey  (cost=0.00..33.70 rows=926 width=0)
	              Index Cond: ((id >= 95943) AND (id <= 96942))

table 5 : explain SELECT c FROM sbtest5 WHERE id BETWEEN 4187576 AND 4188575 ORDER BY c
	Sort  (cost=3991.25..3993.79 rows=1017 width=121)
	  Sort Key: c
	  ->  Bitmap Heap Scan on sbtest5  (cost=34.86..3940.45 rows=1017 width=121)
	        Recheck Cond: ((id >= 4187576) AND (id <= 4188575))
	        ->  Bitmap Index Scan on sbtest5_pkey  (cost=0.00..34.61 rows=1017 width=0)
	              Index Cond: ((id >= 4187576) AND (id <= 4188575))

table 6 : explain SELECT c FROM sbtest6 WHERE id BETWEEN 8761418 AND 8762417 ORDER BY c
	Sort  (cost=3671.95..3674.29 rows=935 width=121)
	  Sort Key: c
	  ->  Bitmap Heap Scan on sbtest6  (cost=30.02..3625.81 rows=935 width=121)
	        Recheck Cond: ((id >= 8761418) AND (id <= 8762417))
	        ->  Bitmap Index Scan on sbtest6_pkey  (cost=0.00..29.79 rows=935 width=0)
	              Index Cond: ((id >= 8761418) AND (id <= 8762417))

table 7 : explain SELECT c FROM sbtest7 WHERE id BETWEEN 825977 AND 826976 ORDER BY c
	Sort  (cost=4086.44..4089.04 rows=1042 width=121)
	  Sort Key: c
	  ->  Bitmap Heap Scan on sbtest7  (cost=35.12..4034.21 rows=1042 width=121)
	        Recheck Cond: ((id >= 825977) AND (id <= 826976))
	        ->  Bitmap Index Scan on sbtest7_pkey  (cost=0.00..34.86 rows=1042 width=0)
	              Index Cond: ((id >= 825977) AND (id <= 826976))

table 8 : explain SELECT c FROM sbtest8 WHERE id BETWEEN 8800886 AND 8801885 ORDER BY c
	Sort  (cost=3918.66..3921.16 rows=998 width=121)
	  Sort Key: c
	  ->  Bitmap Heap Scan on sbtest8  (cost=34.66..3868.95 rows=998 width=121)
	        Recheck Cond: ((id >= 8800886) AND (id <= 8801885))
	        ->  Bitmap Index Scan on sbtest8_pkey  (cost=0.00..34.42 rows=998 width=0)
	              Index Cond: ((id >= 8800886) AND (id <= 8801885))

for: order_ranges
table 1 : explain SELECT c FROM sbtest1 WHERE id BETWEEN 9508792 AND 9509791 ORDER BY c
	Sort  (cost=3737.84..3740.22 rows=950 width=121)
	  Sort Key: c
	  ->  Bitmap Heap Scan on sbtest1  (cost=34.17..3690.86 rows=950 width=121)
	        Recheck Cond: ((id >= 9508792) AND (id <= 9509791))
	        ->  Bitmap Index Scan on sbtest1_pkey  (cost=0.00..33.94 rows=950 width=0)
	              Index Cond: ((id >= 9508792) AND (id <= 9509791))

table 2 : explain SELECT c FROM sbtest2 WHERE id BETWEEN 5116574 AND 5117573 ORDER BY c
	Sort  (cost=3655.77..3658.09 rows=930 width=121)
	  Sort Key: c
	  ->  Bitmap Heap Scan on sbtest2  (cost=33.97..3609.91 rows=930 width=121)
	        Recheck Cond: ((id >= 5116574) AND (id <= 5117573))
	        ->  Bitmap Index Scan on sbtest2_pkey  (cost=0.00..33.73 rows=930 width=0)
	              Index Cond: ((id >= 5116574) AND (id <= 5117573))

table 3 : explain SELECT c FROM sbtest3 WHERE id BETWEEN 36119 AND 37118 ORDER BY c
	Sort  (cost=3816.34..3818.77 rows=972 width=121)
	  Sort Key: c
	  ->  Bitmap Heap Scan on sbtest3  (cost=34.40..3768.10 rows=972 width=121)
	        Recheck Cond: ((id >= 36119) AND (id <= 37118))
	        ->  Bitmap Index Scan on sbtest3_pkey  (cost=0.00..34.16 rows=972 width=0)
	              Index Cond: ((id >= 36119) AND (id <= 37118))

table 4 : explain SELECT c FROM sbtest4 WHERE id BETWEEN 6431977 AND 6432976 ORDER BY c
	Sort  (cost=4161.81..4164.46 rows=1062 width=121)
	  Sort Key: c
	  ->  Bitmap Heap Scan on sbtest4  (cost=35.32..4108.43 rows=1062 width=121)
	        Recheck Cond: ((id >= 6431977) AND (id <= 6432976))
	        ->  Bitmap Index Scan on sbtest4_pkey  (cost=0.00..35.06 rows=1062 width=0)
	              Index Cond: ((id >= 6431977) AND (id <= 6432976))

table 5 : explain SELECT c FROM sbtest5 WHERE id BETWEEN 8031850 AND 8032849 ORDER BY c
	Sort  (cost=4029.51..4032.07 rows=1027 width=121)
	  Sort Key: c
	  ->  Bitmap Heap Scan on sbtest5  (cost=34.96..3978.14 rows=1027 width=121)
	        Recheck Cond: ((id >= 8031850) AND (id <= 8032849))
	        ->  Bitmap Index Scan on sbtest5_pkey  (cost=0.00..34.70 rows=1027 width=0)
	              Index Cond: ((id >= 8031850) AND (id <= 8032849))

table 6 : explain SELECT c FROM sbtest6 WHERE id BETWEEN 1420741 AND 1421740 ORDER BY c
	Sort  (cost=4043.46..4046.03 rows=1031 width=121)
	  Sort Key: c
	  ->  Bitmap Heap Scan on sbtest6  (cost=35.00..3991.86 rows=1031 width=121)
	        Recheck Cond: ((id >= 1420741) AND (id <= 1421740))
	        ->  Bitmap Index Scan on sbtest6_pkey  (cost=0.00..34.75 rows=1031 width=0)
	              Index Cond: ((id >= 1420741) AND (id <= 1421740))

table 7 : explain SELECT c FROM sbtest7 WHERE id BETWEEN 4131481 AND 4132480 ORDER BY c
	Sort  (cost=3803.25..3805.67 rows=968 width=121)
	  Sort Key: c
	  ->  Bitmap Heap Scan on sbtest7  (cost=34.36..3755.24 rows=968 width=121)
	        Recheck Cond: ((id >= 4131481) AND (id <= 4132480))
	        ->  Bitmap Index Scan on sbtest7_pkey  (cost=0.00..34.12 rows=968 width=0)
	              Index Cond: ((id >= 4131481) AND (id <= 4132480))

table 8 : explain SELECT c FROM sbtest8 WHERE id BETWEEN 8120953 AND 8121952 ORDER BY c
	Sort  (cost=4243.65..4246.36 rows=1083 width=121)
	  Sort Key: c
	  ->  Bitmap Heap Scan on sbtest8  (cost=35.54..4189.07 rows=1083 width=121)
	        Recheck Cond: ((id >= 8120953) AND (id <= 8121952))
	        ->  Bitmap Index Scan on sbtest8_pkey  (cost=0.00..35.27 rows=1083 width=0)
	              Index Cond: ((id >= 8120953) AND (id <= 8121952))

for: sum_ranges
table 1 : explain SELECT SUM(k) FROM sbtest1 WHERE id BETWEEN 2596962 AND 2597961
	Aggregate  (cost=3678.09..3678.10 rows=1 width=8)
	  ->  Bitmap Heap Scan on sbtest1  (cost=34.13..3675.73 rows=946 width=4)
	        Recheck Cond: ((id >= 2596962) AND (id <= 2597961))
	        ->  Bitmap Index Scan on sbtest1_pkey  (cost=0.00..33.90 rows=946 width=0)
	              Index Cond: ((id >= 2596962) AND (id <= 2597961))

table 2 : explain SELECT SUM(k) FROM sbtest2 WHERE id BETWEEN 7540919 AND 7541918
	Aggregate  (cost=4132.51..4132.52 rows=1 width=8)
	  ->  Bitmap Heap Scan on sbtest2  (cost=35.38..4129.84 rows=1068 width=4)
	        Recheck Cond: ((id >= 7540919) AND (id <= 7541918))
	        ->  Bitmap Index Scan on sbtest2_pkey  (cost=0.00..35.12 rows=1068 width=0)
	              Index Cond: ((id >= 7540919) AND (id <= 7541918))

table 3 : explain SELECT SUM(k) FROM sbtest3 WHERE id BETWEEN 266045 AND 267044
	Aggregate  (cost=4094.54..4094.55 rows=1 width=8)
	  ->  Bitmap Heap Scan on sbtest3  (cost=35.28..4091.89 rows=1058 width=4)
	        Recheck Cond: ((id >= 266045) AND (id <= 267044))
	        ->  Bitmap Index Scan on sbtest3_pkey  (cost=0.00..35.02 rows=1058 width=0)
	              Index Cond: ((id >= 266045) AND (id <= 267044))

table 4 : explain SELECT SUM(k) FROM sbtest4 WHERE id BETWEEN 7056352 AND 7057351
	Aggregate  (cost=4156.24..4156.25 rows=1 width=8)
	  ->  Bitmap Heap Scan on sbtest4  (cost=35.44..4153.55 rows=1074 width=4)
	        Recheck Cond: ((id >= 7056352) AND (id <= 7057351))
	        ->  Bitmap Index Scan on sbtest4_pkey  (cost=0.00..35.18 rows=1074 width=0)
	              Index Cond: ((id >= 7056352) AND (id <= 7057351))

table 5 : explain SELECT SUM(k) FROM sbtest5 WHERE id BETWEEN 412744 AND 413743
	Aggregate  (cost=3810.92..3810.93 rows=1 width=8)
	  ->  Bitmap Heap Scan on sbtest5  (cost=34.50..3808.46 rows=982 width=4)
	        Recheck Cond: ((id >= 412744) AND (id <= 413743))
	        ->  Bitmap Index Scan on sbtest5_pkey  (cost=0.00..34.26 rows=982 width=0)
	              Index Cond: ((id >= 412744) AND (id <= 413743))

table 6 : explain SELECT SUM(k) FROM sbtest6 WHERE id BETWEEN 2191486 AND 2192485
	Aggregate  (cost=3915.29..3915.30 rows=1 width=8)
	  ->  Bitmap Heap Scan on sbtest6  (cost=34.79..3912.76 rows=1010 width=4)
	        Recheck Cond: ((id >= 2191486) AND (id <= 2192485))
	        ->  Bitmap Index Scan on sbtest6_pkey  (cost=0.00..34.54 rows=1010 width=0)
	              Index Cond: ((id >= 2191486) AND (id <= 2192485))

table 7 : explain SELECT SUM(k) FROM sbtest7 WHERE id BETWEEN 3403609 AND 3404608
	Aggregate  (cost=3844.50..3844.51 rows=1 width=8)
	  ->  Bitmap Heap Scan on sbtest7  (cost=34.59..3842.02 rows=991 width=4)
	        Recheck Cond: ((id >= 3403609) AND (id <= 3404608))
	        ->  Bitmap Index Scan on sbtest7_pkey  (cost=0.00..34.34 rows=991 width=0)
	              Index Cond: ((id >= 3403609) AND (id <= 3404608))

table 8 : explain SELECT SUM(k) FROM sbtest8 WHERE id BETWEEN 1515742 AND 1516741
	Aggregate  (cost=3909.17..3909.18 rows=1 width=8)
	  ->  Bitmap Heap Scan on sbtest8  (cost=34.77..3906.65 rows=1008 width=4)
	        Recheck Cond: ((id >= 1515742) AND (id <= 1516741))
	        ->  Bitmap Index Scan on sbtest8_pkey  (cost=0.00..34.52 rows=1008 width=0)
	              Index Cond: ((id >= 1515742) AND (id <= 1516741))

explain: for point_selects :: explain SELECT c FROM sbtest%u WHERE id=%u
for: distinct_ranges
table 1 : explain SELECT DISTINCT c FROM sbtest1 WHERE id BETWEEN 1191031 AND 1192030 ORDER BY c
	Unique  (cost=3407.07..3411.40 rows=865 width=121)
	  ->  Sort  (cost=3407.07..3409.23 rows=865 width=121)
	        Sort Key: c
	        ->  Bitmap Heap Scan on sbtest1  (cost=29.30..3364.87 rows=865 width=121)
	              Recheck Cond: ((id >= 1191031) AND (id <= 1192030))
	              ->  Bitmap Index Scan on sbtest1_pkey  (cost=0.00..29.08 rows=865 width=0)
	                    Index Cond: ((id >= 1191031) AND (id <= 1192030))

table 2 : explain SELECT DISTINCT c FROM sbtest2 WHERE id BETWEEN 7471514 AND 7472513 ORDER BY c
	Unique  (cost=3954.37..3959.41 rows=1008 width=121)
	  ->  Sort  (cost=3954.37..3956.89 rows=1008 width=121)
	        Sort Key: c
	        ->  Bitmap Heap Scan on sbtest2  (cost=34.77..3904.08 rows=1008 width=121)
	              Recheck Cond: ((id >= 7471514) AND (id <= 7472513))
	              ->  Bitmap Index Scan on sbtest2_pkey  (cost=0.00..34.52 rows=1008 width=0)
	                    Index Cond: ((id >= 7471514) AND (id <= 7472513))

table 3 : explain SELECT DISTINCT c FROM sbtest3 WHERE id BETWEEN 1245653 AND 1246652 ORDER BY c
	Unique  (cost=4347.26..4352.82 rows=1112 width=121)
	  ->  Sort  (cost=4347.26..4350.04 rows=1112 width=121)
	        Sort Key: c
	        ->  Bitmap Heap Scan on sbtest3  (cost=35.83..4290.99 rows=1112 width=121)
	              Recheck Cond: ((id >= 1245653) AND (id <= 1246652))
	              ->  Bitmap Index Scan on sbtest3_pkey  (cost=0.00..35.56 rows=1112 width=0)
	                    Index Cond: ((id >= 1245653) AND (id <= 1246652))

table 4 : explain SELECT DISTINCT c FROM sbtest4 WHERE id BETWEEN 9727108 AND 9728107 ORDER BY c
	Unique  (cost=4089.23..4094.45 rows=1043 width=121)
	  ->  Sort  (cost=4089.23..4091.84 rows=1043 width=121)
	        Sort Key: c
	        ->  Bitmap Heap Scan on sbtest4  (cost=35.13..4036.95 rows=1043 width=121)
	              Recheck Cond: ((id >= 9727108) AND (id <= 9728107))
	              ->  Bitmap Index Scan on sbtest4_pkey  (cost=0.00..34.87 rows=1043 width=0)
	                    Index Cond: ((id >= 9727108) AND (id <= 9728107))

table 5 : explain SELECT DISTINCT c FROM sbtest5 WHERE id BETWEEN 586394 AND 587393 ORDER BY c
	Unique  (cost=4033.33..4038.47 rows=1028 width=121)
	  ->  Sort  (cost=4033.33..4035.90 rows=1028 width=121)
	        Sort Key: c
	        ->  Bitmap Heap Scan on sbtest5  (cost=34.97..3981.90 rows=1028 width=121)
	              Recheck Cond: ((id >= 586394) AND (id <= 587393))
	              ->  Bitmap Index Scan on sbtest5_pkey  (cost=0.00..34.72 rows=1028 width=0)
	                    Index Cond: ((id >= 586394) AND (id <= 587393))

table 6 : explain SELECT DISTINCT c FROM sbtest6 WHERE id BETWEEN 9682369 AND 9683368 ORDER BY c
	Unique  (cost=4116.06..4121.31 rows=1050 width=121)
	  ->  Sort  (cost=4116.06..4118.69 rows=1050 width=121)
	        Sort Key: c
	        ->  Bitmap Heap Scan on sbtest6  (cost=35.20..4063.37 rows=1050 width=121)
	              Recheck Cond: ((id >= 9682369) AND (id <= 9683368))
	              ->  Bitmap Index Scan on sbtest6_pkey  (cost=0.00..34.94 rows=1050 width=0)
	                    Index Cond: ((id >= 9682369) AND (id <= 9683368))

table 7 : explain SELECT DISTINCT c FROM sbtest7 WHERE id BETWEEN 5647704 AND 5648703 ORDER BY c
	Unique  (cost=3818.57..3823.43 rows=972 width=121)
	  ->  Sort  (cost=3818.57..3821.00 rows=972 width=121)
	        Sort Key: c
	        ->  Bitmap Heap Scan on sbtest7  (cost=34.40..3770.34 rows=972 width=121)
	              Recheck Cond: ((id >= 5647704) AND (id <= 5648703))
	              ->  Bitmap Index Scan on sbtest7_pkey  (cost=0.00..34.16 rows=972 width=0)
	                    Index Cond: ((id >= 5647704) AND (id <= 5648703))

table 8 : explain SELECT DISTINCT c FROM sbtest8 WHERE id BETWEEN 8569281 AND 8570280 ORDER BY c
	Unique  (cost=3822.91..3827.78 rows=973 width=121)
	  ->  Sort  (cost=3822.91..3825.34 rows=973 width=121)
	        Sort Key: c
	        ->  Bitmap Heap Scan on sbtest8  (cost=34.41..3774.62 rows=973 width=121)
	              Recheck Cond: ((id >= 8569281) AND (id <= 8570280))
	              ->  Bitmap Index Scan on sbtest8_pkey  (cost=0.00..34.17 rows=973 width=0)
	                    Index Cond: ((id >= 8569281) AND (id <= 8570280))

for: sum_ranges
table 1 : explain SELECT SUM(k) FROM sbtest1 WHERE id BETWEEN 9679368 AND 9680367
	Aggregate  (cost=4142.76..4142.77 rows=1 width=8)
	  ->  Bitmap Heap Scan on sbtest1  (cost=35.39..4140.09 rows=1069 width=4)
	        Recheck Cond: ((id >= 9679368) AND (id <= 9680367))
	        ->  Bitmap Index Scan on sbtest1_pkey  (cost=0.00..35.12 rows=1069 width=0)
	              Index Cond: ((id >= 9679368) AND (id <= 9680367))

table 2 : explain SELECT SUM(k) FROM sbtest2 WHERE id BETWEEN 8341841 AND 8342840
	Aggregate  (cost=3721.77..3721.78 rows=1 width=8)
	  ->  Bitmap Heap Scan on sbtest2  (cost=34.26..3719.38 rows=959 width=4)
	        Recheck Cond: ((id >= 8341841) AND (id <= 8342840))
	        ->  Bitmap Index Scan on sbtest2_pkey  (cost=0.00..34.03 rows=959 width=0)
	              Index Cond: ((id >= 8341841) AND (id <= 8342840))

table 3 : explain SELECT SUM(k) FROM sbtest3 WHERE id BETWEEN 1841006 AND 1842005
	Aggregate  (cost=4387.87..4387.88 rows=1 width=8)
	  ->  Bitmap Heap Scan on sbtest3  (cost=40.08..4385.03 rows=1136 width=4)
	        Recheck Cond: ((id >= 1841006) AND (id <= 1842005))
	        ->  Bitmap Index Scan on sbtest3_pkey  (cost=0.00..39.80 rows=1136 width=0)
	              Index Cond: ((id >= 1841006) AND (id <= 1842005))

table 4 : explain SELECT SUM(k) FROM sbtest4 WHERE id BETWEEN 3340467 AND 3341466
	Aggregate  (cost=3783.17..3783.18 rows=1 width=8)
	  ->  Bitmap Heap Scan on sbtest4  (cost=34.43..3780.73 rows=975 width=4)
	        Recheck Cond: ((id >= 3340467) AND (id <= 3341466))
	        ->  Bitmap Index Scan on sbtest4_pkey  (cost=0.00..34.19 rows=975 width=0)
	              Index Cond: ((id >= 3340467) AND (id <= 3341466))

table 5 : explain SELECT SUM(k) FROM sbtest5 WHERE id BETWEEN 6905223 AND 6906222
	Aggregate  (cost=3746.71..3746.72 rows=1 width=8)
	  ->  Bitmap Heap Scan on sbtest5  (cost=34.33..3744.30 rows=965 width=4)
	        Recheck Cond: ((id >= 6905223) AND (id <= 6906222))
	        ->  Bitmap Index Scan on sbtest5_pkey  (cost=0.00..34.09 rows=965 width=0)
	              Index Cond: ((id >= 6905223) AND (id <= 6906222))

table 6 : explain SELECT SUM(k) FROM sbtest6 WHERE id BETWEEN 8668799 AND 8669798
	Aggregate  (cost=4088.59..4088.60 rows=1 width=8)
	  ->  Bitmap Heap Scan on sbtest6  (cost=35.26..4085.95 rows=1056 width=4)
	        Recheck Cond: ((id >= 8668799) AND (id <= 8669798))
	        ->  Bitmap Index Scan on sbtest6_pkey  (cost=0.00..35.00 rows=1056 width=0)
	              Index Cond: ((id >= 8668799) AND (id <= 8669798))

table 7 : explain SELECT SUM(k) FROM sbtest7 WHERE id BETWEEN 1327089 AND 1328088
	Aggregate  (cost=3863.37..3863.38 rows=1 width=8)
	  ->  Bitmap Heap Scan on sbtest7  (cost=34.64..3860.88 rows=996 width=4)
	        Recheck Cond: ((id >= 1327089) AND (id <= 1328088))
	        ->  Bitmap Index Scan on sbtest7_pkey  (cost=0.00..34.40 rows=996 width=0)
	              Index Cond: ((id >= 1327089) AND (id <= 1328088))

table 8 : explain SELECT SUM(k) FROM sbtest8 WHERE id BETWEEN 3972470 AND 3973469
	Aggregate  (cost=3901.63..3901.64 rows=1 width=8)
	  ->  Bitmap Heap Scan on sbtest8  (cost=34.75..3899.11 rows=1006 width=4)
	        Recheck Cond: ((id >= 3972470) AND (id <= 3973469))
	        ->  Bitmap Index Scan on sbtest8_pkey  (cost=0.00..34.50 rows=1006 width=0)
	              Index Cond: ((id >= 3972470) AND (id <= 3973469))

for: distinct_ranges
table 1 : explain SELECT DISTINCT c FROM sbtest1 WHERE id BETWEEN 8650580 AND 8651579 ORDER BY c
	Unique  (cost=4235.94..4241.34 rows=1080 width=121)
	  ->  Sort  (cost=4235.94..4238.64 rows=1080 width=121)
	        Sort Key: c
	        ->  Bitmap Heap Scan on sbtest1  (cost=35.51..4181.53 rows=1080 width=121)
	              Recheck Cond: ((id >= 8650580) AND (id <= 8651579))
	              ->  Bitmap Index Scan on sbtest1_pkey  (cost=0.00..35.23 rows=1080 width=0)
	                    Index Cond: ((id >= 8650580) AND (id <= 8651579))

table 2 : explain SELECT DISTINCT c FROM sbtest2 WHERE id BETWEEN 9687359 AND 9688358 ORDER BY c
	Unique  (cost=3789.85..3794.67 rows=965 width=121)
	  ->  Sort  (cost=3789.85..3792.26 rows=965 width=121)
	        Sort Key: c
	        ->  Bitmap Heap Scan on sbtest2  (cost=34.33..3742.01 rows=965 width=121)
	              Recheck Cond: ((id >= 9687359) AND (id <= 9688358))
	              ->  Bitmap Index Scan on sbtest2_pkey  (cost=0.00..34.09 rows=965 width=0)
	                    Index Cond: ((id >= 9687359) AND (id <= 9688358))

table 3 : explain SELECT DISTINCT c FROM sbtest3 WHERE id BETWEEN 5171530 AND 5172529 ORDER BY c
	Unique  (cost=3904.33..3909.31 rows=995 width=121)
	  ->  Sort  (cost=3904.33..3906.82 rows=995 width=121)
	        Sort Key: c
	        ->  Bitmap Heap Scan on sbtest3  (cost=34.63..3854.79 rows=995 width=121)
	              Recheck Cond: ((id >= 5171530) AND (id <= 5172529))
	              ->  Bitmap Index Scan on sbtest3_pkey  (cost=0.00..34.39 rows=995 width=0)
	                    Index Cond: ((id >= 5171530) AND (id <= 5172529))

table 4 : explain SELECT DISTINCT c FROM sbtest4 WHERE id BETWEEN 4481367 AND 4482366 ORDER BY c
	Unique  (cost=4142.71..4148.00 rows=1057 width=121)
	  ->  Sort  (cost=4142.71..4145.36 rows=1057 width=121)
	        Sort Key: c
	        ->  Bitmap Heap Scan on sbtest4  (cost=35.27..4089.62 rows=1057 width=121)
	              Recheck Cond: ((id >= 4481367) AND (id <= 4482366))
	              ->  Bitmap Index Scan on sbtest4_pkey  (cost=0.00..35.01 rows=1057 width=0)
	                    Index Cond: ((id >= 4481367) AND (id <= 4482366))

table 5 : explain SELECT DISTINCT c FROM sbtest5 WHERE id BETWEEN 6399600 AND 6400599 ORDER BY c
	Unique  (cost=4048.63..4053.79 rows=1032 width=121)
	  ->  Sort  (cost=4048.63..4051.21 rows=1032 width=121)
	        Sort Key: c
	        ->  Bitmap Heap Scan on sbtest5  (cost=35.01..3996.97 rows=1032 width=121)
	              Recheck Cond: ((id >= 6399600) AND (id <= 6400599))
	              ->  Bitmap Index Scan on sbtest5_pkey  (cost=0.00..34.76 rows=1032 width=0)
	                    Index Cond: ((id >= 6399600) AND (id <= 6400599))

table 6 : explain SELECT DISTINCT c FROM sbtest6 WHERE id BETWEEN 6807345 AND 6808344 ORDER BY c
	Unique  (cost=4108.42..4113.66 rows=1048 width=121)
	  ->  Sort  (cost=4108.42..4111.04 rows=1048 width=121)
	        Sort Key: c
	        ->  Bitmap Heap Scan on sbtest6  (cost=35.18..4055.85 rows=1048 width=121)
	              Recheck Cond: ((id >= 6807345) AND (id <= 6808344))
	              ->  Bitmap Index Scan on sbtest6_pkey  (cost=0.00..34.92 rows=1048 width=0)
	                    Index Cond: ((id >= 6807345) AND (id <= 6808344))

table 7 : explain SELECT DISTINCT c FROM sbtest7 WHERE id BETWEEN 7413259 AND 7414258 ORDER BY c
	Unique  (cost=3902.82..3907.79 rows=994 width=121)
	  ->  Sort  (cost=3902.82..3905.31 rows=994 width=121)
	        Sort Key: c
	        ->  Bitmap Heap Scan on sbtest7  (cost=34.62..3853.33 rows=994 width=121)
	              Recheck Cond: ((id >= 7413259) AND (id <= 7414258))
	              ->  Bitmap Index Scan on sbtest7_pkey  (cost=0.00..34.38 rows=994 width=0)
	                    Index Cond: ((id >= 7413259) AND (id <= 7414258))

table 8 : explain SELECT DISTINCT c FROM sbtest8 WHERE id BETWEEN 3705244 AND 3706243 ORDER BY c
	Unique  (cost=4129.05..4134.31 rows=1053 width=121)
	  ->  Sort  (cost=4129.05..4131.68 rows=1053 width=121)
	        Sort Key: c
	        ->  Bitmap Heap Scan on sbtest8  (cost=35.23..4076.19 rows=1053 width=121)
	              Recheck Cond: ((id >= 3705244) AND (id <= 3706243))
	              ->  Bitmap Index Scan on sbtest8_pkey  (cost=0.00..34.97 rows=1053 width=0)
	                    Index Cond: ((id >= 3705244) AND (id <= 3706243))

for: distinct_ranges
table 1 : explain SELECT DISTINCT c FROM sbtest1 WHERE id BETWEEN 2546543 AND 2547542 ORDER BY c
	Unique  (cost=3722.49..3727.22 rows=946 width=121)
	  ->  Sort  (cost=3722.49..3724.85 rows=946 width=121)
	        Sort Key: c
	        ->  Bitmap Heap Scan on sbtest1  (cost=34.13..3675.73 rows=946 width=121)
	              Recheck Cond: ((id >= 2546543) AND (id <= 2547542))
	              ->  Bitmap Index Scan on sbtest1_pkey  (cost=0.00..33.90 rows=946 width=0)
	                    Index Cond: ((id >= 2546543) AND (id <= 2547542))

table 2 : explain SELECT DISTINCT c FROM sbtest2 WHERE id BETWEEN 2291822 AND 2292821 ORDER BY c
	Unique  (cost=3525.20..3529.69 rows=897 width=121)
	  ->  Sort  (cost=3525.20..3527.45 rows=897 width=121)
	        Sort Key: c
	        ->  Bitmap Heap Scan on sbtest2  (cost=29.63..3481.21 rows=897 width=121)
	              Recheck Cond: ((id >= 2291822) AND (id <= 2292821))
	              ->  Bitmap Index Scan on sbtest2_pkey  (cost=0.00..29.40 rows=897 width=0)
	                    Index Cond: ((id >= 2291822) AND (id <= 2292821))

table 3 : explain SELECT DISTINCT c FROM sbtest3 WHERE id BETWEEN 4037713 AND 4038712 ORDER BY c
	Unique  (cost=3436.65..3441.02 rows=874 width=121)
	  ->  Sort  (cost=3436.65..3438.83 rows=874 width=121)
	        Sort Key: c
	        ->  Bitmap Heap Scan on sbtest3  (cost=29.39..3393.95 rows=874 width=121)
	              Recheck Cond: ((id >= 4037713) AND (id <= 4038712))
	              ->  Bitmap Index Scan on sbtest3_pkey  (cost=0.00..29.18 rows=874 width=0)
	                    Index Cond: ((id >= 4037713) AND (id <= 4038712))

table 4 : explain SELECT DISTINCT c FROM sbtest4 WHERE id BETWEEN 1255396 AND 1256395 ORDER BY c
	Unique  (cost=4085.41..4090.62 rows=1042 width=121)
	  ->  Sort  (cost=4085.41..4088.02 rows=1042 width=121)
	        Sort Key: c
	        ->  Bitmap Heap Scan on sbtest4  (cost=35.12..4033.18 rows=1042 width=121)
	              Recheck Cond: ((id >= 1255396) AND (id <= 1256395))
	              ->  Bitmap Index Scan on sbtest4_pkey  (cost=0.00..34.86 rows=1042 width=0)
	                    Index Cond: ((id >= 1255396) AND (id <= 1256395))

table 5 : explain SELECT DISTINCT c FROM sbtest5 WHERE id BETWEEN 7427664 AND 7428663 ORDER BY c
	Unique  (cost=3607.88..3612.47 rows=918 width=121)
	  ->  Sort  (cost=3607.88..3610.18 rows=918 width=121)
	        Sort Key: c
	        ->  Bitmap Heap Scan on sbtest5  (cost=29.84..3562.71 rows=918 width=121)
	              Recheck Cond: ((id >= 7427664) AND (id <= 7428663))
	              ->  Bitmap Index Scan on sbtest5_pkey  (cost=0.00..29.61 rows=918 width=0)
	                    Index Cond: ((id >= 7427664) AND (id <= 7428663))

table 6 : explain SELECT DISTINCT c FROM sbtest6 WHERE id BETWEEN 2470500 AND 2471499 ORDER BY c
	Unique  (cost=3687.45..3692.14 rows=938 width=121)
	  ->  Sort  (cost=3687.45..3689.80 rows=938 width=121)
	        Sort Key: c
	        ->  Bitmap Heap Scan on sbtest6  (cost=34.05..3641.14 rows=938 width=121)
	              Recheck Cond: ((id >= 2470500) AND (id <= 2471499))
	              ->  Bitmap Index Scan on sbtest6_pkey  (cost=0.00..33.82 rows=938 width=0)
	                    Index Cond: ((id >= 2470500) AND (id <= 2471499))

table 7 : explain SELECT DISTINCT c FROM sbtest7 WHERE id BETWEEN 2927945 AND 2928944 ORDER BY c
	Unique  (cost=3810.91..3815.76 rows=970 width=121)
	  ->  Sort  (cost=3810.91..3813.34 rows=970 width=121)
	        Sort Key: c
	        ->  Bitmap Heap Scan on sbtest7  (cost=34.38..3762.79 rows=970 width=121)
	              Recheck Cond: ((id >= 2927945) AND (id <= 2928944))
	              ->  Bitmap Index Scan on sbtest7_pkey  (cost=0.00..34.14 rows=970 width=0)
	                    Index Cond: ((id >= 2927945) AND (id <= 2928944))

table 8 : explain SELECT DISTINCT c FROM sbtest8 WHERE id BETWEEN 126076 AND 127075 ORDER BY c
	Unique  (cost=3650.21..3654.85 rows=929 width=121)
	  ->  Sort  (cost=3650.21..3652.53 rows=929 width=121)
	        Sort Key: c
	        ->  Bitmap Heap Scan on sbtest8  (cost=29.96..3604.41 rows=929 width=121)
	              Recheck Cond: ((id >= 126076) AND (id <= 127075))
	              ->  Bitmap Index Scan on sbtest8_pkey  (cost=0.00..29.72 rows=929 width=0)
	                    Index Cond: ((id >= 126076) AND (id <= 127075))

explain: for point_selects :: explain SELECT c FROM sbtest%u WHERE id=%u
for point_selects
table 1 : explain SELECT c FROM sbtest1 WHERE id=9263752
	Index Scan using sbtest1_pkey on sbtest1  (cost=0.43..8.45 rows=1 width=121)
	  Index Cond: (id = 9263752)

table 2 : explain SELECT c FROM sbtest2 WHERE id=8121491
	Index Scan using sbtest2_pkey on sbtest2  (cost=0.43..8.45 rows=1 width=121)
	  Index Cond: (id = 8121491)

table 3 : explain SELECT c FROM sbtest3 WHERE id=1861163
	Index Scan using sbtest3_pkey on sbtest3  (cost=0.43..8.45 rows=1 width=121)
	  Index Cond: (id = 1861163)

table 4 : explain SELECT c FROM sbtest4 WHERE id=8653369
	Index Scan using sbtest4_pkey on sbtest4  (cost=0.43..8.45 rows=1 width=121)
	  Index Cond: (id = 8653369)

table 5 : explain SELECT c FROM sbtest5 WHERE id=3877400
	Index Scan using sbtest5_pkey on sbtest5  (cost=0.43..8.45 rows=1 width=121)
	  Index Cond: (id = 3877400)

table 6 : explain SELECT c FROM sbtest6 WHERE id=7125809
	Index Scan using sbtest6_pkey on sbtest6  (cost=0.43..8.45 rows=1 width=121)
	  Index Cond: (id = 7125809)

table 7 : explain SELECT c FROM sbtest7 WHERE id=7479462
	Index Scan using sbtest7_pkey on sbtest7  (cost=0.43..8.45 rows=1 width=121)
	  Index Cond: (id = 7479462)

table 8 : explain SELECT c FROM sbtest8 WHERE id=3877242
	Index Scan using sbtest8_pkey on sbtest8  (cost=0.43..8.45 rows=1 width=121)
	  Index Cond: (id = 3877242)

for point_selects
table 1 : explain SELECT c FROM sbtest1 WHERE id=7529933
	Index Scan using sbtest1_pkey on sbtest1  (cost=0.43..8.45 rows=1 width=121)
	  Index Cond: (id = 7529933)

table 2 : explain SELECT c FROM sbtest2 WHERE id=7191405
	Index Scan using sbtest2_pkey on sbtest2  (cost=0.43..8.45 rows=1 width=121)
	  Index Cond: (id = 7191405)

table 3 : explain SELECT c FROM sbtest3 WHERE id=660455
	Index Scan using sbtest3_pkey on sbtest3  (cost=0.43..8.45 rows=1 width=121)
	  Index Cond: (id = 660455)

table 4 : explain SELECT c FROM sbtest4 WHERE id=7311674
	Index Scan using sbtest4_pkey on sbtest4  (cost=0.43..8.45 rows=1 width=121)
	  Index Cond: (id = 7311674)

table 5 : explain SELECT c FROM sbtest5 WHERE id=9233305
	Index Scan using sbtest5_pkey on sbtest5  (cost=0.43..8.45 rows=1 width=121)
	  Index Cond: (id = 9233305)

table 6 : explain SELECT c FROM sbtest6 WHERE id=6757751
	Index Scan using sbtest6_pkey on sbtest6  (cost=0.43..8.45 rows=1 width=121)
	  Index Cond: (id = 6757751)

table 7 : explain SELECT c FROM sbtest7 WHERE id=3636
	Index Scan using sbtest7_pkey on sbtest7  (cost=0.43..8.45 rows=1 width=121)
	  Index Cond: (id = 3636)

table 8 : explain SELECT c FROM sbtest8 WHERE id=9635373
	Index Scan using sbtest8_pkey on sbtest8  (cost=0.43..8.45 rows=1 width=121)
	  Index Cond: (id = 9635373)

for: order_ranges
table 1 : explain SELECT c FROM sbtest1 WHERE id BETWEEN 1232144 AND 1233143 ORDER BY c
	Sort  (cost=3407.07..3409.23 rows=865 width=121)
	  Sort Key: c
	  ->  Bitmap Heap Scan on sbtest1  (cost=29.30..3364.87 rows=865 width=121)
	        Recheck Cond: ((id >= 1232144) AND (id <= 1233143))
	        ->  Bitmap Index Scan on sbtest1_pkey  (cost=0.00..29.08 rows=865 width=0)
	              Index Cond: ((id >= 1232144) AND (id <= 1233143))

table 2 : explain SELECT c FROM sbtest2 WHERE id BETWEEN 9956290 AND 9957289 ORDER BY c
	Sort  (cost=4420.22..4423.04 rows=1130 width=121)
	  Sort Key: c
	  ->  Bitmap Heap Scan on sbtest2  (cost=40.02..4362.92 rows=1130 width=121)
	        Recheck Cond: ((id >= 9956290) AND (id <= 9957289))
	        ->  Bitmap Index Scan on sbtest2_pkey  (cost=0.00..39.73 rows=1130 width=0)
	              Index Cond: ((id >= 9956290) AND (id <= 9957289))

table 3 : explain SELECT c FROM sbtest3 WHERE id BETWEEN 7818921 AND 7819920 ORDER BY c
	Sort  (cost=3770.40..3772.80 rows=960 width=121)
	  Sort Key: c
	  ->  Bitmap Heap Scan on sbtest3  (cost=34.28..3722.85 rows=960 width=121)
	        Recheck Cond: ((id >= 7818921) AND (id <= 7819920))
	        ->  Bitmap Index Scan on sbtest3_pkey  (cost=0.00..34.04 rows=960 width=0)
	              Index Cond: ((id >= 7818921) AND (id <= 7819920))

table 4 : explain SELECT c FROM sbtest4 WHERE id BETWEEN 1317904 AND 1318903 ORDER BY c
	Sort  (cost=3733.37..3735.75 rows=950 width=121)
	  Sort Key: c
	  ->  Bitmap Heap Scan on sbtest4  (cost=34.17..3686.39 rows=950 width=121)
	        Recheck Cond: ((id >= 1317904) AND (id <= 1318903))
	        ->  Bitmap Index Scan on sbtest4_pkey  (cost=0.00..33.94 rows=950 width=0)
	              Index Cond: ((id >= 1317904) AND (id <= 1318903))

table 5 : explain SELECT c FROM sbtest5 WHERE id BETWEEN 8558062 AND 8559061 ORDER BY c
	Sort  (cost=3857.27..3859.72 rows=982 width=121)
	  Sort Key: c
	  ->  Bitmap Heap Scan on sbtest5  (cost=34.50..3808.46 rows=982 width=121)
	        Recheck Cond: ((id >= 8558062) AND (id <= 8559061))
	        ->  Bitmap Index Scan on sbtest5_pkey  (cost=0.00..34.26 rows=982 width=0)
	              Index Cond: ((id >= 8558062) AND (id <= 8559061))

table 6 : explain SELECT c FROM sbtest6 WHERE id BETWEEN 3760429 AND 3761428 ORDER BY c
	Sort  (cost=4020.52..4023.08 rows=1025 width=121)
	  Sort Key: c
	  ->  Bitmap Heap Scan on sbtest6  (cost=34.94..3969.26 rows=1025 width=121)
	        Recheck Cond: ((id >= 3760429) AND (id <= 3761428))
	        ->  Bitmap Index Scan on sbtest6_pkey  (cost=0.00..34.69 rows=1025 width=0)
	              Index Cond: ((id >= 3760429) AND (id <= 3761428))

table 7 : explain SELECT c FROM sbtest7 WHERE id BETWEEN 4725063 AND 4726062 ORDER BY c
	Sort  (cost=3757.26..3759.65 rows=956 width=121)
	  Sort Key: c
	  ->  Bitmap Heap Scan on sbtest7  (cost=34.23..3709.94 rows=956 width=121)
	        Recheck Cond: ((id >= 4725063) AND (id <= 4726062))
	        ->  Bitmap Index Scan on sbtest7_pkey  (cost=0.00..34.00 rows=956 width=0)
	              Index Cond: ((id >= 4725063) AND (id <= 4726062))

table 8 : explain SELECT c FROM sbtest8 WHERE id BETWEEN 6253596 AND 6254595 ORDER BY c
	Sort  (cost=3815.25..3817.68 rows=971 width=121)
	  Sort Key: c
	  ->  Bitmap Heap Scan on sbtest8  (cost=34.39..3767.07 rows=971 width=121)
	        Recheck Cond: ((id >= 6253596) AND (id <= 6254595))
	        ->  Bitmap Index Scan on sbtest8_pkey  (cost=0.00..34.15 rows=971 width=0)
	              Index Cond: ((id >= 6253596) AND (id <= 6254595))

explain: for point_selects :: explain SELECT c FROM sbtest%u WHERE id=%u
explain: for point_selects :: explain SELECT c FROM sbtest%u WHERE id=%u
for: order_ranges
table 1 : explain SELECT c FROM sbtest1 WHERE id BETWEEN 3567004 AND 3568003 ORDER BY c
	Sort  (cost=3806.93..3809.35 rows=968 width=121)
	  Sort Key: c
	  ->  Bitmap Heap Scan on sbtest1  (cost=34.36..3758.92 rows=968 width=121)
	        Recheck Cond: ((id >= 3567004) AND (id <= 3568003))
	        ->  Bitmap Index Scan on sbtest1_pkey  (cost=0.00..34.12 rows=968 width=0)
	              Index Cond: ((id >= 3567004) AND (id <= 3568003))

table 2 : explain SELECT c FROM sbtest2 WHERE id BETWEEN 2778839 AND 2779838 ORDER BY c
	Sort  (cost=3740.06..3742.44 rows=952 width=121)
	  Sort Key: c
	  ->  Bitmap Heap Scan on sbtest2  (cost=34.19..3692.96 rows=952 width=121)
	        Recheck Cond: ((id >= 2778839) AND (id <= 2779838))
	        ->  Bitmap Index Scan on sbtest2_pkey  (cost=0.00..33.95 rows=952 width=0)
	              Index Cond: ((id >= 2778839) AND (id <= 2779838))

table 3 : explain SELECT c FROM sbtest3 WHERE id BETWEEN 1569645 AND 1570644 ORDER BY c
	Sort  (cost=3942.57..3945.09 rows=1005 width=121)
	  Sort Key: c
	  ->  Bitmap Heap Scan on sbtest3  (cost=34.74..3892.46 rows=1005 width=121)
	        Recheck Cond: ((id >= 1569645) AND (id <= 1570644))
	        ->  Bitmap Index Scan on sbtest3_pkey  (cost=0.00..34.48 rows=1005 width=0)
	              Index Cond: ((id >= 1569645) AND (id <= 1570644))

table 4 : explain SELECT c FROM sbtest4 WHERE id BETWEEN 456727 AND 457726 ORDER BY c
	Sort  (cost=3733.37..3735.75 rows=950 width=121)
	  Sort Key: c
	  ->  Bitmap Heap Scan on sbtest4  (cost=34.17..3686.39 rows=950 width=121)
	        Recheck Cond: ((id >= 456727) AND (id <= 457726))
	        ->  Bitmap Index Scan on sbtest4_pkey  (cost=0.00..33.94 rows=950 width=0)
	              Index Cond: ((id >= 456727) AND (id <= 457726))

table 5 : explain SELECT c FROM sbtest5 WHERE id BETWEEN 455351 AND 456350 ORDER BY c
	Sort  (cost=3857.27..3859.72 rows=982 width=121)
	  Sort Key: c
	  ->  Bitmap Heap Scan on sbtest5  (cost=34.50..3808.46 rows=982 width=121)
	        Recheck Cond: ((id >= 455351) AND (id <= 456350))
	        ->  Bitmap Index Scan on sbtest5_pkey  (cost=0.00..34.26 rows=982 width=0)
	              Index Cond: ((id >= 455351) AND (id <= 456350))

table 6 : explain SELECT c FROM sbtest6 WHERE id BETWEEN 709440 AND 710439 ORDER BY c
	Sort  (cost=3867.50..3869.96 rows=985 width=121)
	  Sort Key: c
	  ->  Bitmap Heap Scan on sbtest6  (cost=34.53..3818.53 rows=985 width=121)
	        Recheck Cond: ((id >= 709440) AND (id <= 710439))
	        ->  Bitmap Index Scan on sbtest6_pkey  (cost=0.00..34.29 rows=985 width=0)
	              Index Cond: ((id >= 709440) AND (id <= 710439))

table 7 : explain SELECT c FROM sbtest7 WHERE id BETWEEN 3240550 AND 3241549 ORDER BY c
	Sort  (cost=4059.68..4062.26 rows=1035 width=121)
	  Sort Key: c
	  ->  Bitmap Heap Scan on sbtest7  (cost=35.04..4007.85 rows=1035 width=121)
	        Recheck Cond: ((id >= 3240550) AND (id <= 3241549))
	        ->  Bitmap Index Scan on sbtest7_pkey  (cost=0.00..34.79 rows=1035 width=0)
	              Index Cond: ((id >= 3240550) AND (id <= 3241549))

table 8 : explain SELECT c FROM sbtest8 WHERE id BETWEEN 85679 AND 86678 ORDER BY c
	Sort  (cost=3972.25..3974.78 rows=1012 width=121)
	  Sort Key: c
	  ->  Bitmap Heap Scan on sbtest8  (cost=34.81..3921.73 rows=1012 width=121)
	        Recheck Cond: ((id >= 85679) AND (id <= 86678))
	        ->  Bitmap Index Scan on sbtest8_pkey  (cost=0.00..34.56 rows=1012 width=0)
	              Index Cond: ((id >= 85679) AND (id <= 86678))

explain: for point_selects :: explain SELECT c FROM sbtest%u WHERE id=%u
for: distinct_ranges
table 1 : explain SELECT DISTINCT c FROM sbtest1 WHERE id BETWEEN 6822671 AND 6823670 ORDER BY c
	Unique  (cost=4151.79..4157.08 rows=1058 width=121)
	  ->  Sort  (cost=4151.79..4154.43 rows=1058 width=121)
	        Sort Key: c
	        ->  Bitmap Heap Scan on sbtest1  (cost=35.28..4098.64 rows=1058 width=121)
	              Recheck Cond: ((id >= 6822671) AND (id <= 6823670))
	              ->  Bitmap Index Scan on sbtest1_pkey  (cost=0.00..35.02 rows=1058 width=0)
	                    Index Cond: ((id >= 6822671) AND (id <= 6823670))

table 2 : explain SELECT DISTINCT c FROM sbtest2 WHERE id BETWEEN 4315672 AND 4316671 ORDER BY c
	Unique  (cost=3682.59..3687.28 rows=937 width=121)
	  ->  Sort  (cost=3682.59..3684.94 rows=937 width=121)
	        Sort Key: c
	        ->  Bitmap Heap Scan on sbtest2  (cost=34.04..3636.34 rows=937 width=121)
	              Recheck Cond: ((id >= 4315672) AND (id <= 4316671))
	              ->  Bitmap Index Scan on sbtest2_pkey  (cost=0.00..33.81 rows=937 width=0)
	                    Index Cond: ((id >= 4315672) AND (id <= 4316671))

table 3 : explain SELECT DISTINCT c FROM sbtest3 WHERE id BETWEEN 3897449 AND 3898448 ORDER BY c
	Unique  (cost=4335.82..4341.37 rows=1109 width=121)
	  ->  Sort  (cost=4335.82..4338.60 rows=1109 width=121)
	        Sort Key: c
	        ->  Bitmap Heap Scan on sbtest3  (cost=35.80..4279.74 rows=1109 width=121)
	              Recheck Cond: ((id >= 3897449) AND (id <= 3898448))
	              ->  Bitmap Index Scan on sbtest3_pkey  (cost=0.00..35.53 rows=1109 width=0)
	                    Index Cond: ((id >= 3897449) AND (id <= 3898448))

table 4 : explain SELECT DISTINCT c FROM sbtest4 WHERE id BETWEEN 3615996 AND 3616995 ORDER BY c
	Unique  (cost=4303.02..4308.51 rows=1099 width=121)
	  ->  Sort  (cost=4303.02..4305.76 rows=1099 width=121)
	        Sort Key: c
	        ->  Bitmap Heap Scan on sbtest4  (cost=35.70..4247.51 rows=1099 width=121)
	              Recheck Cond: ((id >= 3615996) AND (id <= 3616995))
	              ->  Bitmap Index Scan on sbtest4_pkey  (cost=0.00..35.43 rows=1099 width=0)
	                    Index Cond: ((id >= 3615996) AND (id <= 3616995))

table 5 : explain SELECT DISTINCT c FROM sbtest5 WHERE id BETWEEN 1171363 AND 1172362 ORDER BY c
	Unique  (cost=4029.51..4034.64 rows=1027 width=121)
	  ->  Sort  (cost=4029.51..4032.07 rows=1027 width=121)
	        Sort Key: c
	        ->  Bitmap Heap Scan on sbtest5  (cost=34.96..3978.14 rows=1027 width=121)
	              Recheck Cond: ((id >= 1171363) AND (id <= 1172362))
	              ->  Bitmap Index Scan on sbtest5_pkey  (cost=0.00..34.70 rows=1027 width=0)
	                    Index Cond: ((id >= 1171363) AND (id <= 1172362))

table 6 : explain SELECT DISTINCT c FROM sbtest6 WHERE id BETWEEN 6816372 AND 6817371 ORDER BY c
	Unique  (cost=4108.42..4113.66 rows=1048 width=121)
	  ->  Sort  (cost=4108.42..4111.04 rows=1048 width=121)
	        Sort Key: c
	        ->  Bitmap Heap Scan on sbtest6  (cost=35.18..4055.85 rows=1048 width=121)
	              Recheck Cond: ((id >= 6816372) AND (id <= 6817371))
	              ->  Bitmap Index Scan on sbtest6_pkey  (cost=0.00..34.92 rows=1048 width=0)
	                    Index Cond: ((id >= 6816372) AND (id <= 6817371))

table 7 : explain SELECT DISTINCT c FROM sbtest7 WHERE id BETWEEN 8545462 AND 8546461 ORDER BY c
	Unique  (cost=3703.59..3708.30 rows=942 width=121)
	  ->  Sort  (cost=3703.59..3705.95 rows=942 width=121)
	        Sort Key: c
	        ->  Bitmap Heap Scan on sbtest7  (cost=34.09..3657.06 rows=942 width=121)
	              Recheck Cond: ((id >= 8545462) AND (id <= 8546461))
	              ->  Bitmap Index Scan on sbtest7_pkey  (cost=0.00..33.86 rows=942 width=0)
	                    Index Cond: ((id >= 8545462) AND (id <= 8546461))

table 8 : explain SELECT DISTINCT c FROM sbtest8 WHERE id BETWEEN 6252824 AND 6253823 ORDER BY c
	Unique  (cost=3815.25..3820.10 rows=971 width=121)
	  ->  Sort  (cost=3815.25..3817.68 rows=971 width=121)
	        Sort Key: c
	        ->  Bitmap Heap Scan on sbtest8  (cost=34.39..3767.07 rows=971 width=121)
	              Recheck Cond: ((id >= 6252824) AND (id <= 6253823))
	              ->  Bitmap Index Scan on sbtest8_pkey  (cost=0.00..34.15 rows=971 width=0)
	                    Index Cond: ((id >= 6252824) AND (id <= 6253823))

explain: for point_selects :: explain SELECT c FROM sbtest%u WHERE id=%u
for point_selects
table 1 : explain SELECT c FROM sbtest1 WHERE id=1568005
	Index Scan using sbtest1_pkey on sbtest1  (cost=0.43..8.45 rows=1 width=121)
	  Index Cond: (id = 1568005)

table 2 : explain SELECT c FROM sbtest2 WHERE id=3180042
	Index Scan using sbtest2_pkey on sbtest2  (cost=0.43..8.45 rows=1 width=121)
	  Index Cond: (id = 3180042)

table 3 : explain SELECT c FROM sbtest3 WHERE id=6447998
	Index Scan using sbtest3_pkey on sbtest3  (cost=0.43..8.45 rows=1 width=121)
	  Index Cond: (id = 6447998)

table 4 : explain SELECT c FROM sbtest4 WHERE id=4530085
	Index Scan using sbtest4_pkey on sbtest4  (cost=0.43..8.45 rows=1 width=121)
	  Index Cond: (id = 4530085)

table 5 : explain SELECT c FROM sbtest5 WHERE id=8103674
	Index Scan using sbtest5_pkey on sbtest5  (cost=0.43..8.45 rows=1 width=121)
	  Index Cond: (id = 8103674)

table 6 : explain SELECT c FROM sbtest6 WHERE id=4270628
	Index Scan using sbtest6_pkey on sbtest6  (cost=0.43..8.45 rows=1 width=121)
	  Index Cond: (id = 4270628)

table 7 : explain SELECT c FROM sbtest7 WHERE id=3327168
	Index Scan using sbtest7_pkey on sbtest7  (cost=0.43..8.45 rows=1 width=121)
	  Index Cond: (id = 3327168)

table 8 : explain SELECT c FROM sbtest8 WHERE id=8900029
	Index Scan using sbtest8_pkey on sbtest8  (cost=0.43..8.45 rows=1 width=121)
	  Index Cond: (id = 8900029)

for point_selects
table 1 : explain SELECT c FROM sbtest1 WHERE id=2640944
	Index Scan using sbtest1_pkey on sbtest1  (cost=0.43..8.45 rows=1 width=121)
	  Index Cond: (id = 2640944)

table 2 : explain SELECT c FROM sbtest2 WHERE id=9381376
	Index Scan using sbtest2_pkey on sbtest2  (cost=0.43..8.45 rows=1 width=121)
	  Index Cond: (id = 9381376)

table 3 : explain SELECT c FROM sbtest3 WHERE id=1247626
	Index Scan using sbtest3_pkey on sbtest3  (cost=0.43..8.45 rows=1 width=121)
	  Index Cond: (id = 1247626)

table 4 : explain SELECT c FROM sbtest4 WHERE id=8070790
	Index Scan using sbtest4_pkey on sbtest4  (cost=0.43..8.45 rows=1 width=121)
	  Index Cond: (id = 8070790)

table 5 : explain SELECT c FROM sbtest5 WHERE id=4355617
	Index Scan using sbtest5_pkey on sbtest5  (cost=0.43..8.45 rows=1 width=121)
	  Index Cond: (id = 4355617)

table 6 : explain SELECT c FROM sbtest6 WHERE id=6523717
	Index Scan using sbtest6_pkey on sbtest6  (cost=0.43..8.45 rows=1 width=121)
	  Index Cond: (id = 6523717)

table 7 : explain SELECT c FROM sbtest7 WHERE id=8602506
	Index Scan using sbtest7_pkey on sbtest7  (cost=0.43..8.45 rows=1 width=121)
	  Index Cond: (id = 8602506)

table 8 : explain SELECT c FROM sbtest8 WHERE id=8074395
	Index Scan using sbtest8_pkey on sbtest8  (cost=0.43..8.45 rows=1 width=121)
	  Index Cond: (id = 8074395)
explain: for point_selects :: explain SELECT c FROM sbtest%u WHERE id=%u

explain: for point_selects :: explain SELECT c FROM sbtest%u WHERE id=%u
for: distinct_ranges
table 1 : explain SELECT DISTINCT c FROM sbtest1 WHERE id BETWEEN 1942832 AND 1943831 ORDER BY c
	Unique  (cost=4040.77..4045.91 rows=1029 width=121)
	  ->  Sort  (cost=4040.77..4043.34 rows=1029 width=121)
	        Sort Key: c
	        ->  Bitmap Heap Scan on sbtest1  (cost=34.98..3989.28 rows=1029 width=121)
	              Recheck Cond: ((id >= 1942832) AND (id <= 1943831))
	              ->  Bitmap Index Scan on sbtest1_pkey  (cost=0.00..34.73 rows=1029 width=0)
	                    Index Cond: ((id >= 1942832) AND (id <= 1943831))

table 2 : explain SELECT DISTINCT c FROM sbtest2 WHERE id BETWEEN 1273095 AND 1274094 ORDER BY c
	Unique  (cost=3540.55..3545.06 rows=901 width=121)
	  ->  Sort  (cost=3540.55..3542.80 rows=901 width=121)
	        Sort Key: c
	        ->  Bitmap Heap Scan on sbtest2  (cost=29.67..3496.33 rows=901 width=121)
	              Recheck Cond: ((id >= 1273095) AND (id <= 1274094))
	              ->  Bitmap Index Scan on sbtest2_pkey  (cost=0.00..29.44 rows=901 width=0)
	                    Index Cond: ((id >= 1273095) AND (id <= 1274094))

table 3 : explain SELECT DISTINCT c FROM sbtest3 WHERE id BETWEEN 1003812 AND 1004811 ORDER BY c
	Unique  (cost=3969.33..3974.39 rows=1012 width=121)
	  ->  Sort  (cost=3969.33..3971.86 rows=1012 width=121)
	        Sort Key: c
	        ->  Bitmap Heap Scan on sbtest3  (cost=34.81..3918.82 rows=1012 width=121)
	              Recheck Cond: ((id >= 1003812) AND (id <= 1004811))
	              ->  Bitmap Index Scan on sbtest3_pkey  (cost=0.00..34.56 rows=1012 width=0)
	                    Index Cond: ((id >= 1003812) AND (id <= 1004811))

table 4 : explain SELECT DISTINCT c FROM sbtest4 WHERE id BETWEEN 1526201 AND 1527200 ORDER BY c
	Unique  (cost=4180.90..4186.24 rows=1067 width=121)
	  ->  Sort  (cost=4180.90..4183.57 rows=1067 width=121)
	        Sort Key: c
	        ->  Bitmap Heap Scan on sbtest4  (cost=35.37..4127.23 rows=1067 width=121)
	              Recheck Cond: ((id >= 1526201) AND (id <= 1527200))
	              ->  Bitmap Index Scan on sbtest4_pkey  (cost=0.00..35.11 rows=1067 width=0)
	                    Index Cond: ((id >= 1526201) AND (id <= 1527200))

table 5 : explain SELECT DISTINCT c FROM sbtest5 WHERE id BETWEEN 8039077 AND 8040076 ORDER BY c
	Unique  (cost=4029.51..4034.64 rows=1027 width=121)
	  ->  Sort  (cost=4029.51..4032.07 rows=1027 width=121)
	        Sort Key: c
	        ->  Bitmap Heap Scan on sbtest5  (cost=34.96..3978.14 rows=1027 width=121)
	              Recheck Cond: ((id >= 8039077) AND (id <= 8040076))
	              ->  Bitmap Index Scan on sbtest5_pkey  (cost=0.00..34.70 rows=1027 width=0)
	                    Index Cond: ((id >= 8039077) AND (id <= 8040076))

table 6 : explain SELECT DISTINCT c FROM sbtest6 WHERE id BETWEEN 4613867 AND 4614866 ORDER BY c
	Unique  (cost=3871.33..3876.26 rows=986 width=121)
	  ->  Sort  (cost=3871.33..3873.79 rows=986 width=121)
	        Sort Key: c
	        ->  Bitmap Heap Scan on sbtest6  (cost=34.54..3822.30 rows=986 width=121)
	              Recheck Cond: ((id >= 4613867) AND (id <= 4614866))
	              ->  Bitmap Index Scan on sbtest6_pkey  (cost=0.00..34.30 rows=986 width=0)
	                    Index Cond: ((id >= 4613867) AND (id <= 4614866))

table 7 : explain SELECT DISTINCT c FROM sbtest7 WHERE id BETWEEN 7752177 AND 7753176 ORDER BY c
	Unique  (cost=4052.03..4057.19 rows=1033 width=121)
	  ->  Sort  (cost=4052.03..4054.61 rows=1033 width=121)
	        Sort Key: c
	        ->  Bitmap Heap Scan on sbtest7  (cost=35.02..4000.31 rows=1033 width=121)
	              Recheck Cond: ((id >= 7752177) AND (id <= 7753176))
	              ->  Bitmap Index Scan on sbtest7_pkey  (cost=0.00..34.77 rows=1033 width=0)
	                    Index Cond: ((id >= 7752177) AND (id <= 7753176))

table 8 : explain SELECT DISTINCT c FROM sbtest8 WHERE id BETWEEN 2545265 AND 2546264 ORDER BY c
	Unique  (cost=4239.84..4245.25 rows=1082 width=121)
	  ->  Sort  (cost=4239.84..4242.54 rows=1082 width=121)
	        Sort Key: c
	        ->  Bitmap Heap Scan on sbtest8  (cost=35.53..4185.31 rows=1082 width=121)
	              Recheck Cond: ((id >= 2545265) AND (id <= 2546264))
	              ->  Bitmap Index Scan on sbtest8_pkey  (cost=0.00..35.26 rows=1082 width=0)
	                    Index Cond: ((id >= 2545265) AND (id <= 2546264))

for: simple_ranges
table 1 : explain SELECT c FROM sbtest1 WHERE id BETWEEN 7632446 AND 7633445
	Bitmap Heap Scan on sbtest1  (cost=34.56..3834.50 rows=988 width=121)
	  Recheck Cond: ((id >= 7632446) AND (id <= 7633445))
	  ->  Bitmap Index Scan on sbtest1_pkey  (cost=0.00..34.32 rows=988 width=0)
	        Index Cond: ((id >= 7632446) AND (id <= 7633445))

table 2 : explain SELECT c FROM sbtest2 WHERE id BETWEEN 7131333 AND 7132332
	Bitmap Heap Scan on sbtest2  (cost=35.15..4043.35 rows=1045 width=121)
	  Recheck Cond: ((id >= 7131333) AND (id <= 7132332))
	  ->  Bitmap Index Scan on sbtest2_pkey  (cost=0.00..34.89 rows=1045 width=0)
	        Index Cond: ((id >= 7131333) AND (id <= 7132332))

table 3 : explain SELECT c FROM sbtest3 WHERE id BETWEEN 7944957 AND 7945956
	Bitmap Heap Scan on sbtest3  (cost=34.17..3685.12 rows=950 width=121)
	  Recheck Cond: ((id >= 7944957) AND (id <= 7945956))
	  ->  Bitmap Index Scan on sbtest3_pkey  (cost=0.00..33.94 rows=950 width=0)
	        Index Cond: ((id >= 7944957) AND (id <= 7945956))

table 4 : explain SELECT c FROM sbtest4 WHERE id BETWEEN 9322867 AND 9323866
	Bitmap Heap Scan on sbtest4  (cost=35.39..4134.75 rows=1069 width=121)
	  Recheck Cond: ((id >= 9322867) AND (id <= 9323866))
	  ->  Bitmap Index Scan on sbtest4_pkey  (cost=0.00..35.12 rows=1069 width=0)
	        Index Cond: ((id >= 9322867) AND (id <= 9323866))

table 5 : explain SELECT c FROM sbtest5 WHERE id BETWEEN 1099054 AND 1100053
	Bitmap Heap Scan on sbtest5  (cost=35.24..4079.81 rows=1054 width=121)
	  Recheck Cond: ((id >= 1099054) AND (id <= 1100053))
	  ->  Bitmap Index Scan on sbtest5_pkey  (cost=0.00..34.98 rows=1054 width=0)
	        Index Cond: ((id >= 1099054) AND (id <= 1100053))

table 6 : explain SELECT c FROM sbtest6 WHERE id BETWEEN 4954712 AND 4955711
	Bitmap Heap Scan on sbtest6  (cost=35.54..4187.47 rows=1083 width=121)
	  Recheck Cond: ((id >= 4954712) AND (id <= 4955711))
	  ->  Bitmap Index Scan on sbtest6_pkey  (cost=0.00..35.27 rows=1083 width=0)
	        Index Cond: ((id >= 4954712) AND (id <= 4955711))

table 7 : explain SELECT c FROM sbtest7 WHERE id BETWEEN 6116681 AND 6117680
	Bitmap Heap Scan on sbtest7  (cost=34.67..3872.19 rows=999 width=121)
	  Recheck Cond: ((id >= 6116681) AND (id <= 6117680))
	  ->  Bitmap Index Scan on sbtest7_pkey  (cost=0.00..34.43 rows=999 width=0)
	        Index Cond: ((id >= 6116681) AND (id <= 6117680))

table 8 : explain SELECT c FROM sbtest8 WHERE id BETWEEN 8954830 AND 8955829
	Bitmap Heap Scan on sbtest8  (cost=35.11..4031.00 rows=1041 width=121)
	  Recheck Cond: ((id >= 8954830) AND (id <= 8955829))
	  ->  Bitmap Index Scan on sbtest8_pkey  (cost=0.00..34.84 rows=1041 width=0)
	        Index Cond: ((id >= 8954830) AND (id <= 8955829))

for: simple_ranges
table 1 : explain SELECT c FROM sbtest1 WHERE id BETWEEN 8110181 AND 8111180
	Bitmap Heap Scan on sbtest1  (cost=30.02..3630.11 rows=935 width=121)
	  Recheck Cond: ((id >= 8110181) AND (id <= 8111180))
	  ->  Bitmap Index Scan on sbtest1_pkey  (cost=0.00..29.79 rows=935 width=0)
	        Index Cond: ((id >= 8110181) AND (id <= 8111180))

table 2 : explain SELECT c FROM sbtest2 WHERE id BETWEEN 5773858 AND 5774857
	Bitmap Heap Scan on sbtest2  (cost=35.12..4032.07 rows=1042 width=121)
	  Recheck Cond: ((id >= 5773858) AND (id <= 5774857))
	  ->  Bitmap Index Scan on sbtest2_pkey  (cost=0.00..34.86 rows=1042 width=0)
	        Index Cond: ((id >= 5773858) AND (id <= 5774857))

table 3 : explain SELECT c FROM sbtest3 WHERE id BETWEEN 5636750 AND 5637749
	Bitmap Heap Scan on sbtest3  (cost=34.87..3941.41 rows=1018 width=121)
	  Recheck Cond: ((id >= 5636750) AND (id <= 5637749))
	  ->  Bitmap Index Scan on sbtest3_pkey  (cost=0.00..34.62 rows=1018 width=0)
	        Index Cond: ((id >= 5636750) AND (id <= 5637749))

table 4 : explain SELECT c FROM sbtest4 WHERE id BETWEEN 2938295 AND 2939294
	Bitmap Heap Scan on sbtest4  (cost=34.34..3746.78 rows=966 width=121)
	  Recheck Cond: ((id >= 2938295) AND (id <= 2939294))
	  ->  Bitmap Index Scan on sbtest4_pkey  (cost=0.00..34.09 rows=966 width=0)
	        Index Cond: ((id >= 2938295) AND (id <= 2939294))

table 5 : explain SELECT c FROM sbtest5 WHERE id BETWEEN 2056007 AND 2057006
	Bitmap Heap Scan on sbtest5  (cost=29.93..3592.96 rows=926 width=121)
	  Recheck Cond: ((id >= 2056007) AND (id <= 2057006))
	  ->  Bitmap Index Scan on sbtest5_pkey  (cost=0.00..29.69 rows=926 width=0)
	        Index Cond: ((id >= 2056007) AND (id <= 2057006))

table 6 : explain SELECT c FROM sbtest6 WHERE id BETWEEN 4352624 AND 4353623
	Bitmap Heap Scan on sbtest6  (cost=35.00..3991.86 rows=1031 width=121)
	  Recheck Cond: ((id >= 4352624) AND (id <= 4353623))
	  ->  Bitmap Index Scan on sbtest6_pkey  (cost=0.00..34.75 rows=1031 width=0)
	        Index Cond: ((id >= 4352624) AND (id <= 4353623))

table 7 : explain SELECT c FROM sbtest7 WHERE id BETWEEN 4375485 AND 4376484
	Bitmap Heap Scan on sbtest7  (cost=34.90..3955.11 rows=1021 width=121)
	  Recheck Cond: ((id >= 4375485) AND (id <= 4376484))
	  ->  Bitmap Index Scan on sbtest7_pkey  (cost=0.00..34.65 rows=1021 width=0)
	        Index Cond: ((id >= 4375485) AND (id <= 4376484))

table 8 : explain SELECT c FROM sbtest8 WHERE id BETWEEN 484483 AND 485482
	Bitmap Heap Scan on sbtest8  (cost=29.69..3506.07 rows=903 width=121)
	  Recheck Cond: ((id >= 484483) AND (id <= 485482))
	  ->  Bitmap Index Scan on sbtest8_pkey  (cost=0.00..29.46 rows=903 width=0)
	        Index Cond: ((id >= 484483) AND (id <= 485482))

explain: for point_selects :: explain SELECT c FROM sbtest%u WHERE id=%u
for: simple_ranges
table 1 : explain SELECT c FROM sbtest1 WHERE id BETWEEN 4444869 AND 4445868
	Bitmap Heap Scan on sbtest1  (cost=34.80..3921.36 rows=1011 width=121)
	  Recheck Cond: ((id >= 4444869) AND (id <= 4445868))
	  ->  Bitmap Index Scan on sbtest1_pkey  (cost=0.00..34.55 rows=1011 width=0)
	        Index Cond: ((id >= 4444869) AND (id <= 4445868))

table 2 : explain SELECT c FROM sbtest2 WHERE id BETWEEN 7206570 AND 7207569
	Bitmap Heap Scan on sbtest2  (cost=35.15..4043.35 rows=1045 width=121)
	  Recheck Cond: ((id >= 7206570) AND (id <= 7207569))
	  ->  Bitmap Index Scan on sbtest2_pkey  (cost=0.00..34.89 rows=1045 width=0)
	        Index Cond: ((id >= 7206570) AND (id <= 7207569))

table 3 : explain SELECT c FROM sbtest3 WHERE id BETWEEN 6096098 AND 6097097
	Bitmap Heap Scan on sbtest3  (cost=34.67..3869.86 rows=999 width=121)
	  Recheck Cond: ((id >= 6096098) AND (id <= 6097097))
	  ->  Bitmap Index Scan on sbtest3_pkey  (cost=0.00..34.43 rows=999 width=0)
	        Index Cond: ((id >= 6096098) AND (id <= 6097097))

table 4 : explain SELECT c FROM sbtest4 WHERE id BETWEEN 4234961 AND 4235960
	Bitmap Heap Scan on sbtest4  (cost=29.75..3527.48 rows=909 width=121)
	  Recheck Cond: ((id >= 4234961) AND (id <= 4235960))
	  ->  Bitmap Index Scan on sbtest4_pkey  (cost=0.00..29.52 rows=909 width=0)
	        Index Cond: ((id >= 4234961) AND (id <= 4235960))

table 5 : explain SELECT c FROM sbtest5 WHERE id BETWEEN 6886168 AND 6887167
	Bitmap Heap Scan on sbtest5  (cost=34.33..3744.30 rows=965 width=121)
	  Recheck Cond: ((id >= 6886168) AND (id <= 6887167))
	  ->  Bitmap Index Scan on sbtest5_pkey  (cost=0.00..34.09 rows=965 width=0)
	        Index Cond: ((id >= 6886168) AND (id <= 6887167))

table 6 : explain SELECT c FROM sbtest6 WHERE id BETWEEN 5006468 AND 5007467
	Bitmap Heap Scan on sbtest6  (cost=35.54..4187.47 rows=1083 width=121)
	  Recheck Cond: ((id >= 5006468) AND (id <= 5007467))
	  ->  Bitmap Index Scan on sbtest6_pkey  (cost=0.00..35.27 rows=1083 width=0)
	        Index Cond: ((id >= 5006468) AND (id <= 5007467))

table 7 : explain SELECT c FROM sbtest7 WHERE id BETWEEN 522474 AND 523473
	Bitmap Heap Scan on sbtest7  (cost=34.53..3819.39 rows=985 width=121)
	  Recheck Cond: ((id >= 522474) AND (id <= 523473))
	  ->  Bitmap Index Scan on sbtest7_pkey  (cost=0.00..34.29 rows=985 width=0)
	        Index Cond: ((id >= 522474) AND (id <= 523473))

table 8 : explain SELECT c FROM sbtest8 WHERE id BETWEEN 7224715 AND 7225714
	Bitmap Heap Scan on sbtest8  (cost=34.70..3880.26 rows=1001 width=121)
	  Recheck Cond: ((id >= 7224715) AND (id <= 7225714))
	  ->  Bitmap Index Scan on sbtest8_pkey  (cost=0.00..34.45 rows=1001 width=0)
	        Index Cond: ((id >= 7224715) AND (id <= 7225714))

for point_selects
table 1 : explain SELECT c FROM sbtest1 WHERE id=4684552
	Index Scan using sbtest1_pkey on sbtest1  (cost=0.43..8.45 rows=1 width=121)
	  Index Cond: (id = 4684552)

table 2 : explain SELECT c FROM sbtest2 WHERE id=8728643
	Index Scan using sbtest2_pkey on sbtest2  (cost=0.43..8.45 rows=1 width=121)
	  Index Cond: (id = 8728643)

table 3 : explain SELECT c FROM sbtest3 WHERE id=1551466
	Index Scan using sbtest3_pkey on sbtest3  (cost=0.43..8.45 rows=1 width=121)
	  Index Cond: (id = 1551466)

table 4 : explain SELECT c FROM sbtest4 WHERE id=5388529
	Index Scan using sbtest4_pkey on sbtest4  (cost=0.43..8.45 rows=1 width=121)
	  Index Cond: (id = 5388529)

table 5 : explain SELECT c FROM sbtest5 WHERE id=3567506
	Index Scan using sbtest5_pkey on sbtest5  (cost=0.43..8.45 rows=1 width=121)
	  Index Cond: (id = 3567506)

table 6 : explain SELECT c FROM sbtest6 WHERE id=8591423
	Index Scan using sbtest6_pkey on sbtest6  (cost=0.43..8.45 rows=1 width=121)
	  Index Cond: (id = 8591423)

table 7 : explain SELECT c FROM sbtest7 WHERE id=8684312
	Index Scan using sbtest7_pkey on sbtest7  (cost=0.43..8.45 rows=1 width=121)
	  Index Cond: (id = 8684312)

table 8 : explain SELECT c FROM sbtest8 WHERE id=2080996
	Index Scan using sbtest8_pkey on sbtest8  (cost=0.43..8.45 rows=1 width=121)
	  Index Cond: (id = 2080996)

for: simple_ranges
table 1 : explain SELECT c FROM sbtest1 WHERE id BETWEEN 1619933 AND 1620932
	Bitmap Heap Scan on sbtest1  (cost=29.63..3486.20 rows=897 width=121)
	  Recheck Cond: ((id >= 1619933) AND (id <= 1620932))
	  ->  Bitmap Index Scan on sbtest1_pkey  (cost=0.00..29.40 rows=897 width=0)
	        Index Cond: ((id >= 1619933) AND (id <= 1620932))

table 2 : explain SELECT c FROM sbtest2 WHERE id BETWEEN 7789776 AND 7790775
	Bitmap Heap Scan on sbtest2  (cost=34.73..3889.02 rows=1004 width=121)
	  Recheck Cond: ((id >= 7789776) AND (id <= 7790775))
	  ->  Bitmap Index Scan on sbtest2_pkey  (cost=0.00..34.48 rows=1004 width=0)
	        Index Cond: ((id >= 7789776) AND (id <= 7790775))

table 3 : explain SELECT c FROM sbtest3 WHERE id BETWEEN 4276155 AND 4277154
	Bitmap Heap Scan on sbtest3  (cost=34.80..3915.05 rows=1011 width=121)
	  Recheck Cond: ((id >= 4276155) AND (id <= 4277154))
	  ->  Bitmap Index Scan on sbtest3_pkey  (cost=0.00..34.55 rows=1011 width=0)
	        Index Cond: ((id >= 4276155) AND (id <= 4277154))

table 4 : explain SELECT c FROM sbtest4 WHERE id BETWEEN 887855 AND 888854
	Bitmap Heap Scan on sbtest4  (cost=34.29..3727.91 rows=961 width=121)
	  Recheck Cond: ((id >= 887855) AND (id <= 888854))
	  ->  Bitmap Index Scan on sbtest4_pkey  (cost=0.00..34.05 rows=961 width=0)
	        Index Cond: ((id >= 887855) AND (id <= 888854))

table 5 : explain SELECT c FROM sbtest5 WHERE id BETWEEN 7390627 AND 7391626
	Bitmap Heap Scan on sbtest5  (cost=29.84..3562.71 rows=918 width=121)
	  Recheck Cond: ((id >= 7390627) AND (id <= 7391626))
	  ->  Bitmap Index Scan on sbtest5_pkey  (cost=0.00..29.61 rows=918 width=0)
	        Index Cond: ((id >= 7390627) AND (id <= 7391626))

table 6 : explain SELECT c FROM sbtest6 WHERE id BETWEEN 7087231 AND 7088230
	Bitmap Heap Scan on sbtest6  (cost=35.00..3991.86 rows=1031 width=121)
	  Recheck Cond: ((id >= 7087231) AND (id <= 7088230))
	  ->  Bitmap Index Scan on sbtest6_pkey  (cost=0.00..34.75 rows=1031 width=0)
	        Index Cond: ((id >= 7087231) AND (id <= 7088230))

table 7 : explain SELECT c FROM sbtest7 WHERE id BETWEEN 8260261 AND 8261260
	Bitmap Heap Scan on sbtest7  (cost=35.63..4222.31 rows=1092 width=121)
	  Recheck Cond: ((id >= 8260261) AND (id <= 8261260))
	  ->  Bitmap Index Scan on sbtest7_pkey  (cost=0.00..35.36 rows=1092 width=0)
	        Index Cond: ((id >= 8260261) AND (id <= 8261260))

table 8 : explain SELECT c FROM sbtest8 WHERE id BETWEEN 4410255 AND 4411254
	Bitmap Heap Scan on sbtest8  (cost=34.79..3914.19 rows=1010 width=121)
	  Recheck Cond: ((id >= 4410255) AND (id <= 4411254))
	  ->  Bitmap Index Scan on sbtest8_pkey  (cost=0.00..34.54 rows=1010 width=0)
	        Index Cond: ((id >= 4410255) AND (id <= 4411254))

for point_selects
table 1 : explain SELECT c FROM sbtest1 WHERE id=1542388
	Index Scan using sbtest1_pkey on sbtest1  (cost=0.43..8.45 rows=1 width=121)
	  Index Cond: (id = 1542388)

table 2 : explain SELECT c FROM sbtest2 WHERE id=8236396
	Index Scan using sbtest2_pkey on sbtest2  (cost=0.43..8.45 rows=1 width=121)
	  Index Cond: (id = 8236396)

table 3 : explain SELECT c FROM sbtest3 WHERE id=8720993
	Index Scan using sbtest3_pkey on sbtest3  (cost=0.43..8.45 rows=1 width=121)
	  Index Cond: (id = 8720993)

table 4 : explain SELECT c FROM sbtest4 WHERE id=9456131
	Index Scan using sbtest4_pkey on sbtest4  (cost=0.43..8.45 rows=1 width=121)
	  Index Cond: (id = 9456131)

table 5 : explain SELECT c FROM sbtest5 WHERE id=9127739
	Index Scan using sbtest5_pkey on sbtest5  (cost=0.43..8.45 rows=1 width=121)
	  Index Cond: (id = 9127739)

table 6 : explain SELECT c FROM sbtest6 WHERE id=6655338
	Index Scan using sbtest6_pkey on sbtest6  (cost=0.43..8.45 rows=1 width=121)
	  Index Cond: (id = 6655338)

table 7 : explain SELECT c FROM sbtest7 WHERE id=9628680
	Index Scan using sbtest7_pkey on sbtest7  (cost=0.43..8.45 rows=1 width=121)
	  Index Cond: (id = 9628680)

table 8 : explain SELECT c FROM sbtest8 WHERE id=1309810
	Index Scan using sbtest8_pkey on sbtest8  (cost=0.43..8.45 rows=1 width=121)
	  Index Cond: (id = 1309810)

for point_selects
table 1 : explain SELECT c FROM sbtest1 WHERE id=7966333
	Index Scan using sbtest1_pkey on sbtest1  (cost=0.43..8.45 rows=1 width=121)
	  Index Cond: (id = 7966333)

table 2 : explain SELECT c FROM sbtest2 WHERE id=2459995
	Index Scan using sbtest2_pkey on sbtest2  (cost=0.43..8.45 rows=1 width=121)
	  Index Cond: (id = 2459995)

table 3 : explain SELECT c FROM sbtest3 WHERE id=2168254
	Index Scan using sbtest3_pkey on sbtest3  (cost=0.43..8.45 rows=1 width=121)
	  Index Cond: (id = 2168254)

table 4 : explain SELECT c FROM sbtest4 WHERE id=7116834
	Index Scan using sbtest4_pkey on sbtest4  (cost=0.43..8.45 rows=1 width=121)
	  Index Cond: (id = 7116834)

table 5 : explain SELECT c FROM sbtest5 WHERE id=159438
	Index Scan using sbtest5_pkey on sbtest5  (cost=0.43..8.45 rows=1 width=121)
	  Index Cond: (id = 159438)

table 6 : explain SELECT c FROM sbtest6 WHERE id=8050790
	Index Scan using sbtest6_pkey on sbtest6  (cost=0.43..8.45 rows=1 width=121)
	  Index Cond: (id = 8050790)

table 7 : explain SELECT c FROM sbtest7 WHERE id=8721163
	Index Scan using sbtest7_pkey on sbtest7  (cost=0.43..8.45 rows=1 width=121)
	  Index Cond: (id = 8721163)

table 8 : explain SELECT c FROM sbtest8 WHERE id=6255372
	Index Scan using sbtest8_pkey on sbtest8  (cost=0.43..8.45 rows=1 width=121)
	  Index Cond: (id = 6255372)

for point_selects
table 1 : explain SELECT c FROM sbtest1 WHERE id=141168
	Index Scan using sbtest1_pkey on sbtest1  (cost=0.43..8.45 rows=1 width=121)
	  Index Cond: (id = 141168)

table 2 : explain SELECT c FROM sbtest2 WHERE id=333421
	Index Scan using sbtest2_pkey on sbtest2  (cost=0.43..8.45 rows=1 width=121)
	  Index Cond: (id = 333421)

table 3 : explain SELECT c FROM sbtest3 WHERE id=5825790
	Index Scan using sbtest3_pkey on sbtest3  (cost=0.43..8.45 rows=1 width=121)
	  Index Cond: (id = 5825790)

table 4 : explain SELECT c FROM sbtest4 WHERE id=3386122
	Index Scan using sbtest4_pkey on sbtest4  (cost=0.43..8.45 rows=1 width=121)
	  Index Cond: (id = 3386122)

table 5 : explain SELECT c FROM sbtest5 WHERE id=9539357
	Index Scan using sbtest5_pkey on sbtest5  (cost=0.43..8.45 rows=1 width=121)
	  Index Cond: (id = 9539357)

table 6 : explain SELECT c FROM sbtest6 WHERE id=6333299
	Index Scan using sbtest6_pkey on sbtest6  (cost=0.43..8.45 rows=1 width=121)
	  Index Cond: (id = 6333299)

table 7 : explain SELECT c FROM sbtest7 WHERE id=2437067
	Index Scan using sbtest7_pkey on sbtest7  (cost=0.43..8.45 rows=1 width=121)
	  Index Cond: (id = 2437067)

table 8 : explain SELECT c FROM sbtest8 WHERE id=4574535
	Index Scan using sbtest8_pkey on sbtest8  (cost=0.43..8.45 rows=1 width=121)
	  Index Cond: (id = 4574535)

for: simple_ranges
table 1 : explain SELECT c FROM sbtest1 WHERE id BETWEEN 142889 AND 143888
	Bitmap Heap Scan on sbtest1  (cost=35.23..4079.79 rows=1053 width=121)
	  Recheck Cond: ((id >= 142889) AND (id <= 143888))
	  ->  Bitmap Index Scan on sbtest1_pkey  (cost=0.00..34.97 rows=1053 width=0)
	        Index Cond: ((id >= 142889) AND (id <= 143888))

table 2 : explain SELECT c FROM sbtest2 WHERE id BETWEEN 7878263 AND 7879262
	Bitmap Heap Scan on sbtest2  (cost=29.91..3583.25 rows=924 width=121)
	  Recheck Cond: ((id >= 7878263) AND (id <= 7879262))
	  ->  Bitmap Index Scan on sbtest2_pkey  (cost=0.00..29.68 rows=924 width=0)
	        Index Cond: ((id >= 7878263) AND (id <= 7879262))

table 3 : explain SELECT c FROM sbtest3 WHERE id BETWEEN 6157592 AND 6158591
	Bitmap Heap Scan on sbtest3  (cost=34.67..3869.86 rows=999 width=121)
	  Recheck Cond: ((id >= 6157592) AND (id <= 6158591))
	  ->  Bitmap Index Scan on sbtest3_pkey  (cost=0.00..34.43 rows=999 width=0)
	        Index Cond: ((id >= 6157592) AND (id <= 6158591))

table 4 : explain SELECT c FROM sbtest4 WHERE id BETWEEN 3785928 AND 3786927
	Bitmap Heap Scan on sbtest4  (cost=34.32..3739.23 rows=964 width=121)
	  Recheck Cond: ((id >= 3785928) AND (id <= 3786927))
	  ->  Bitmap Index Scan on sbtest4_pkey  (cost=0.00..34.08 rows=964 width=0)
	        Index Cond: ((id >= 3785928) AND (id <= 3786927))

table 5 : explain SELECT c FROM sbtest5 WHERE id BETWEEN 5913549 AND 5914548
	Bitmap Heap Scan on sbtest5  (cost=35.02..4000.74 rows=1033 width=121)
	  Recheck Cond: ((id >= 5913549) AND (id <= 5914548))
	  ->  Bitmap Index Scan on sbtest5_pkey  (cost=0.00..34.77 rows=1033 width=0)
	        Index Cond: ((id >= 5913549) AND (id <= 5914548))

table 6 : explain SELECT c FROM sbtest6 WHERE id BETWEEN 1415856 AND 1416855
	Bitmap Heap Scan on sbtest6  (cost=35.00..3991.86 rows=1031 width=121)
	  Recheck Cond: ((id >= 1415856) AND (id <= 1416855))
	  ->  Bitmap Index Scan on sbtest6_pkey  (cost=0.00..34.75 rows=1031 width=0)
	        Index Cond: ((id >= 1415856) AND (id <= 1416855))

table 7 : explain SELECT c FROM sbtest7 WHERE id BETWEEN 389925 AND 390924
	Bitmap Heap Scan on sbtest7  (cost=34.60..3845.79 rows=992 width=121)
	  Recheck Cond: ((id >= 389925) AND (id <= 390924))
	  ->  Bitmap Index Scan on sbtest7_pkey  (cost=0.00..34.36 rows=992 width=0)
	        Index Cond: ((id >= 389925) AND (id <= 390924))

table 8 : explain SELECT c FROM sbtest8 WHERE id BETWEEN 2900044 AND 2901043
	Bitmap Heap Scan on sbtest8  (cost=34.28..3725.54 rows=960 width=121)
	  Recheck Cond: ((id >= 2900044) AND (id <= 2901043))
	  ->  Bitmap Index Scan on sbtest8_pkey  (cost=0.00..34.04 rows=960 width=0)
	        Index Cond: ((id >= 2900044) AND (id <= 2901043))

for: sum_ranges
table 1 : explain SELECT SUM(k) FROM sbtest1 WHERE id BETWEEN 3305953 AND 3306952
	Aggregate  (cost=3715.94..3715.95 rows=1 width=8)
	  ->  Bitmap Heap Scan on sbtest1  (cost=34.23..3713.55 rows=956 width=4)
	        Recheck Cond: ((id >= 3305953) AND (id <= 3306952))
	        ->  Bitmap Index Scan on sbtest1_pkey  (cost=0.00..34.00 rows=956 width=0)
	              Index Cond: ((id >= 3305953) AND (id <= 3306952))

table 2 : explain SELECT SUM(k) FROM sbtest2 WHERE id BETWEEN 6339436 AND 6340435
	Aggregate  (cost=3751.97..3751.98 rows=1 width=8)
	  ->  Bitmap Heap Scan on sbtest2  (cost=34.35..3749.55 rows=967 width=4)
	        Recheck Cond: ((id >= 6339436) AND (id <= 6340435))
	        ->  Bitmap Index Scan on sbtest2_pkey  (cost=0.00..34.11 rows=967 width=0)
	              Index Cond: ((id >= 6339436) AND (id <= 6340435))

table 3 : explain SELECT SUM(k) FROM sbtest3 WHERE id BETWEEN 270035 AND 271034
	Aggregate  (cost=4094.54..4094.55 rows=1 width=8)
	  ->  Bitmap Heap Scan on sbtest3  (cost=35.28..4091.89 rows=1058 width=4)
	        Recheck Cond: ((id >= 270035) AND (id <= 271034))
	        ->  Bitmap Index Scan on sbtest3_pkey  (cost=0.00..35.02 rows=1058 width=0)
	              Index Cond: ((id >= 270035) AND (id <= 271034))

table 4 : explain SELECT SUM(k) FROM sbtest4 WHERE id BETWEEN 2701116 AND 2702115
	Aggregate  (cost=3877.50..3877.51 rows=1 width=8)
	  ->  Bitmap Heap Scan on sbtest4  (cost=34.69..3875.00 rows=1000 width=4)
	        Recheck Cond: ((id >= 2701116) AND (id <= 2702115))
	        ->  Bitmap Index Scan on sbtest4_pkey  (cost=0.00..34.44 rows=1000 width=0)
	              Index Cond: ((id >= 2701116) AND (id <= 2702115))

table 5 : explain SELECT SUM(k) FROM sbtest5 WHERE id BETWEEN 6567707 AND 6568706
	Aggregate  (cost=3705.15..3705.16 rows=1 width=8)
	  ->  Bitmap Heap Scan on sbtest5  (cost=34.21..3702.76 rows=954 width=4)
	        Recheck Cond: ((id >= 6567707) AND (id <= 6568706))
	        ->  Bitmap Index Scan on sbtest5_pkey  (cost=0.00..33.98 rows=954 width=0)
	              Index Cond: ((id >= 6567707) AND (id <= 6568706))

table 6 : explain SELECT SUM(k) FROM sbtest6 WHERE id BETWEEN 9433461 AND 9434460
	Aggregate  (cost=3760.60..3760.61 rows=1 width=8)
	  ->  Bitmap Heap Scan on sbtest6  (cost=34.37..3758.17 rows=969 width=4)
	        Recheck Cond: ((id >= 9433461) AND (id <= 9434460))
	        ->  Bitmap Index Scan on sbtest6_pkey  (cost=0.00..34.12 rows=969 width=0)
	              Index Cond: ((id >= 9433461) AND (id <= 9434460))

table 7 : explain SELECT SUM(k) FROM sbtest7 WHERE id BETWEEN 3639074 AND 3640073
	Aggregate  (cost=3799.20..3799.21 rows=1 width=8)
	  ->  Bitmap Heap Scan on sbtest7  (cost=34.47..3796.75 rows=979 width=4)
	        Recheck Cond: ((id >= 3639074) AND (id <= 3640073))
	        ->  Bitmap Index Scan on sbtest7_pkey  (cost=0.00..34.23 rows=979 width=0)
	              Index Cond: ((id >= 3639074) AND (id <= 3640073))

table 8 : explain SELECT SUM(k) FROM sbtest8 WHERE id BETWEEN 3664698 AND 3665697
	Aggregate  (cost=3860.12..3860.13 rows=1 width=8)
	  ->  Bitmap Heap Scan on sbtest8  (cost=34.63..3857.63 rows=995 width=4)
	        Recheck Cond: ((id >= 3664698) AND (id <= 3665697))
	        ->  Bitmap Index Scan on sbtest8_pkey  (cost=0.00..34.39 rows=995 width=0)
	              Index Cond: ((id >= 3664698) AND (id <= 3665697))

for: simple_ranges
table 1 : explain SELECT c FROM sbtest1 WHERE id BETWEEN 724890 AND 725889
	Bitmap Heap Scan on sbtest1  (cost=34.94..3974.19 rows=1025 width=121)
	  Recheck Cond: ((id >= 724890) AND (id <= 725889))
	  ->  Bitmap Index Scan on sbtest1_pkey  (cost=0.00..34.69 rows=1025 width=0)
	        Index Cond: ((id >= 724890) AND (id <= 725889))

table 2 : explain SELECT c FROM sbtest2 WHERE id BETWEEN 3658927 AND 3659926
	Bitmap Heap Scan on sbtest2  (cost=34.48..3798.58 rows=980 width=121)
	  Recheck Cond: ((id >= 3658927) AND (id <= 3659926))
	  ->  Bitmap Index Scan on sbtest2_pkey  (cost=0.00..34.23 rows=980 width=0)
	        Index Cond: ((id >= 3658927) AND (id <= 3659926))

table 3 : explain SELECT c FROM sbtest3 WHERE id BETWEEN 5103813 AND 5104812
	Bitmap Heap Scan on sbtest3  (cost=34.63..3854.79 rows=995 width=121)
	  Recheck Cond: ((id >= 5103813) AND (id <= 5104812))
	  ->  Bitmap Index Scan on sbtest3_pkey  (cost=0.00..34.39 rows=995 width=0)
	        Index Cond: ((id >= 5103813) AND (id <= 5104812))

table 4 : explain SELECT c FROM sbtest4 WHERE id BETWEEN 4098747 AND 4099746
	Bitmap Heap Scan on sbtest4  (cost=34.25..3716.59 rows=958 width=121)
	  Recheck Cond: ((id >= 4098747) AND (id <= 4099746))
	  ->  Bitmap Index Scan on sbtest4_pkey  (cost=0.00..34.02 rows=958 width=0)
	        Index Cond: ((id >= 4098747) AND (id <= 4099746))

table 5 : explain SELECT c FROM sbtest5 WHERE id BETWEEN 7301574 AND 7302573
	Bitmap Heap Scan on sbtest5  (cost=34.64..3861.28 rows=996 width=121)
	  Recheck Cond: ((id >= 7301574) AND (id <= 7302573))
	  ->  Bitmap Index Scan on sbtest5_pkey  (cost=0.00..34.40 rows=996 width=0)
	        Index Cond: ((id >= 7301574) AND (id <= 7302573))

table 6 : explain SELECT c FROM sbtest6 WHERE id BETWEEN 3684669 AND 3685668
	Bitmap Heap Scan on sbtest6  (cost=34.83..3927.83 rows=1014 width=121)
	  Recheck Cond: ((id >= 3684669) AND (id <= 3685668))
	  ->  Bitmap Index Scan on sbtest6_pkey  (cost=0.00..34.58 rows=1014 width=0)
	        Index Cond: ((id >= 3684669) AND (id <= 3685668))

table 7 : explain SELECT c FROM sbtest7 WHERE id BETWEEN 1625808 AND 1626807
	Bitmap Heap Scan on sbtest7  (cost=34.95..3973.95 rows=1026 width=121)
	  Recheck Cond: ((id >= 1625808) AND (id <= 1626807))
	  ->  Bitmap Index Scan on sbtest7_pkey  (cost=0.00..34.70 rows=1026 width=0)
	        Index Cond: ((id >= 1625808) AND (id <= 1626807))

table 8 : explain SELECT c FROM sbtest8 WHERE id BETWEEN 9651088 AND 9652087
	Bitmap Heap Scan on sbtest8  (cost=34.64..3861.40 rows=996 width=121)
	  Recheck Cond: ((id >= 9651088) AND (id <= 9652087))
	  ->  Bitmap Index Scan on sbtest8_pkey  (cost=0.00..34.40 rows=996 width=0)
	        Index Cond: ((id >= 9651088) AND (id <= 9652087))

for: sum_ranges
table 1 : explain SELECT SUM(k) FROM sbtest1 WHERE id BETWEEN 1358204 AND 1359203
	Aggregate  (cost=3787.82..3787.83 rows=1 width=8)
	  ->  Bitmap Heap Scan on sbtest1  (cost=34.43..3785.38 rows=975 width=4)
	        Recheck Cond: ((id >= 1358204) AND (id <= 1359203))
	        ->  Bitmap Index Scan on sbtest1_pkey  (cost=0.00..34.19 rows=975 width=0)
	              Index Cond: ((id >= 1358204) AND (id <= 1359203))

table 2 : explain SELECT SUM(k) FROM sbtest2 WHERE id BETWEEN 5098709 AND 5099708
	Aggregate  (cost=3543.97..3543.98 rows=1 width=8)
	  ->  Bitmap Heap Scan on sbtest2  (cost=29.79..3541.69 rows=913 width=4)
	        Recheck Cond: ((id >= 5098709) AND (id <= 5099708))
	        ->  Bitmap Index Scan on sbtest2_pkey  (cost=0.00..29.57 rows=913 width=0)
	              Index Cond: ((id >= 5098709) AND (id <= 5099708))

table 3 : explain SELECT SUM(k) FROM sbtest3 WHERE id BETWEEN 8778031 AND 8779030
	Aggregate  (cost=3906.28..3906.29 rows=1 width=8)
	  ->  Bitmap Heap Scan on sbtest3  (cost=34.77..3903.76 rows=1008 width=4)
	        Recheck Cond: ((id >= 8778031) AND (id <= 8779030))
	        ->  Bitmap Index Scan on sbtest3_pkey  (cost=0.00..34.52 rows=1008 width=0)
	              Index Cond: ((id >= 8778031) AND (id <= 8779030))

table 4 : explain SELECT SUM(k) FROM sbtest4 WHERE id BETWEEN 9126522 AND 9127521
	Aggregate  (cost=3802.04..3802.05 rows=1 width=8)
	  ->  Bitmap Heap Scan on sbtest4  (cost=34.48..3799.59 rows=980 width=4)
	        Recheck Cond: ((id >= 9126522) AND (id <= 9127521))
	        ->  Bitmap Index Scan on sbtest4_pkey  (cost=0.00..34.23 rows=980 width=0)
	              Index Cond: ((id >= 9126522) AND (id <= 9127521))

table 5 : explain SELECT SUM(k) FROM sbtest5 WHERE id BETWEEN 4843045 AND 4844044
	Aggregate  (cost=3871.32..3871.33 rows=1 width=8)
	  ->  Bitmap Heap Scan on sbtest5  (cost=34.66..3868.82 rows=998 width=4)
	        Recheck Cond: ((id >= 4843045) AND (id <= 4844044))
	        ->  Bitmap Index Scan on sbtest5_pkey  (cost=0.00..34.42 rows=998 width=0)
	              Index Cond: ((id >= 4843045) AND (id <= 4844044))

table 6 : explain SELECT SUM(k) FROM sbtest6 WHERE id BETWEEN 8308049 AND 8309048
	Aggregate  (cost=3926.60..3926.61 rows=1 width=8)
	  ->  Bitmap Heap Scan on sbtest6  (cost=34.82..3924.06 rows=1013 width=4)
	        Recheck Cond: ((id >= 8308049) AND (id <= 8309048))
	        ->  Bitmap Index Scan on sbtest6_pkey  (cost=0.00..34.57 rows=1013 width=0)
	              Index Cond: ((id >= 8308049) AND (id <= 8309048))

table 7 : explain SELECT SUM(k) FROM sbtest7 WHERE id BETWEEN 8749473 AND 8750472
	Aggregate  (cost=3919.95..3919.96 rows=1 width=8)
	  ->  Bitmap Heap Scan on sbtest7  (cost=34.80..3917.43 rows=1011 width=4)
	        Recheck Cond: ((id >= 8749473) AND (id <= 8750472))
	        ->  Bitmap Index Scan on sbtest7_pkey  (cost=0.00..34.55 rows=1011 width=0)
	              Index Cond: ((id >= 8749473) AND (id <= 8750472))

table 8 : explain SELECT SUM(k) FROM sbtest8 WHERE id BETWEEN 2265066 AND 2266065
	Aggregate  (cost=4014.76..4014.77 rows=1 width=8)
	  ->  Bitmap Heap Scan on sbtest8  (cost=35.05..4012.17 rows=1036 width=4)
	        Recheck Cond: ((id >= 2265066) AND (id <= 2266065))
	        ->  Bitmap Index Scan on sbtest8_pkey  (cost=0.00..34.80 rows=1036 width=0)
	              Index Cond: ((id >= 2265066) AND (id <= 2266065))

for: simple_ranges
table 1 : explain SELECT c FROM sbtest1 WHERE id BETWEEN 476819 AND 477818
	Bitmap Heap Scan on sbtest1  (cost=35.12..4038.32 rows=1042 width=121)
	  Recheck Cond: ((id >= 476819) AND (id <= 477818))
	  ->  Bitmap Index Scan on sbtest1_pkey  (cost=0.00..34.86 rows=1042 width=0)
	        Index Cond: ((id >= 476819) AND (id <= 477818))

table 2 : explain SELECT c FROM sbtest2 WHERE id BETWEEN 4916490 AND 4917489
	Bitmap Heap Scan on sbtest2  (cost=34.87..3941.74 rows=1018 width=121)
	  Recheck Cond: ((id >= 4916490) AND (id <= 4917489))
	  ->  Bitmap Index Scan on sbtest2_pkey  (cost=0.00..34.62 rows=1018 width=0)
	        Index Cond: ((id >= 4916490) AND (id <= 4917489))

table 3 : explain SELECT c FROM sbtest3 WHERE id BETWEEN 7686285 AND 7687284
	Bitmap Heap Scan on sbtest3  (cost=34.50..3805.80 rows=982 width=121)
	  Recheck Cond: ((id >= 7686285) AND (id <= 7687284))
	  ->  Bitmap Index Scan on sbtest3_pkey  (cost=0.00..34.26 rows=982 width=0)
	        Index Cond: ((id >= 7686285) AND (id <= 7687284))

table 4 : explain SELECT c FROM sbtest4 WHERE id BETWEEN 1489961 AND 1490960
	Bitmap Heap Scan on sbtest4  (cost=35.47..4164.83 rows=1077 width=121)
	  Recheck Cond: ((id >= 1489961) AND (id <= 1490960))
	  ->  Bitmap Index Scan on sbtest4_pkey  (cost=0.00..35.20 rows=1077 width=0)
	        Index Cond: ((id >= 1489961) AND (id <= 1490960))

table 5 : explain SELECT c FROM sbtest5 WHERE id BETWEEN 1228175 AND 1229174
	Bitmap Heap Scan on sbtest5  (cost=29.91..3585.39 rows=924 width=121)
	  Recheck Cond: ((id >= 1228175) AND (id <= 1229174))
	  ->  Bitmap Index Scan on sbtest5_pkey  (cost=0.00..29.68 rows=924 width=0)
	        Index Cond: ((id >= 1228175) AND (id <= 1229174))

table 6 : explain SELECT c FROM sbtest6 WHERE id BETWEEN 5617390 AND 5618389
	Bitmap Heap Scan on sbtest6  (cost=35.81..4288.91 rows=1110 width=121)
	  Recheck Cond: ((id >= 5617390) AND (id <= 5618389))
	  ->  Bitmap Index Scan on sbtest6_pkey  (cost=0.00..35.54 rows=1110 width=0)
	        Index Cond: ((id >= 5617390) AND (id <= 5618389))

table 7 : explain SELECT c FROM sbtest7 WHERE id BETWEEN 9355418 AND 9356417
	Bitmap Heap Scan on sbtest7  (cost=29.98..3611.49 rows=931 width=121)
	  Recheck Cond: ((id >= 9355418) AND (id <= 9356417))
	  ->  Bitmap Index Scan on sbtest7_pkey  (cost=0.00..29.75 rows=931 width=0)
	        Index Cond: ((id >= 9355418) AND (id <= 9356417))

table 8 : explain SELECT c FROM sbtest8 WHERE id BETWEEN 2544942 AND 2545941
	Bitmap Heap Scan on sbtest8  (cost=35.53..4185.31 rows=1082 width=121)
	  Recheck Cond: ((id >= 2544942) AND (id <= 2545941))
	  ->  Bitmap Index Scan on sbtest8_pkey  (cost=0.00..35.26 rows=1082 width=0)
	        Index Cond: ((id >= 2544942) AND (id <= 2545941))

for point_selects
table 1 : explain SELECT c FROM sbtest1 WHERE id=7330708
	Index Scan using sbtest1_pkey on sbtest1  (cost=0.43..8.45 rows=1 width=121)
	  Index Cond: (id = 7330708)

table 2 : explain SELECT c FROM sbtest2 WHERE id=121722
	Index Scan using sbtest2_pkey on sbtest2  (cost=0.43..8.45 rows=1 width=121)
	  Index Cond: (id = 121722)

table 3 : explain SELECT c FROM sbtest3 WHERE id=1075017
	Index Scan using sbtest3_pkey on sbtest3  (cost=0.43..8.45 rows=1 width=121)
	  Index Cond: (id = 1075017)

table 4 : explain SELECT c FROM sbtest4 WHERE id=2425127
	Index Scan using sbtest4_pkey on sbtest4  (cost=0.43..8.45 rows=1 width=121)
	  Index Cond: (id = 2425127)

table 5 : explain SELECT c FROM sbtest5 WHERE id=435281
	Index Scan using sbtest5_pkey on sbtest5  (cost=0.43..8.45 rows=1 width=121)
	  Index Cond: (id = 435281)

table 6 : explain SELECT c FROM sbtest6 WHERE id=6586596
	Index Scan using sbtest6_pkey on sbtest6  (cost=0.43..8.45 rows=1 width=121)
	  Index Cond: (id = 6586596)

table 7 : explain SELECT c FROM sbtest7 WHERE id=2594855
	Index Scan using sbtest7_pkey on sbtest7  (cost=0.43..8.45 rows=1 width=121)
	  Index Cond: (id = 2594855)

table 8 : explain SELECT c FROM sbtest8 WHERE id=9503965
	Index Scan using sbtest8_pkey on sbtest8  (cost=0.43..8.45 rows=1 width=121)
	  Index Cond: (id = 9503965)

explain: for point_selects :: explain SELECT c FROM sbtest%u WHERE id=%u
explain: for point_selects :: explain SELECT c FROM sbtest%u WHERE id=%u
for: sum_ranges
table 1 : explain SELECT SUM(k) FROM sbtest1 WHERE id BETWEEN 2083449 AND 2084448
	Aggregate  (cost=4116.37..4116.38 rows=1 width=8)
	  ->  Bitmap Heap Scan on sbtest1  (cost=35.32..4113.71 rows=1062 width=4)
	        Recheck Cond: ((id >= 2083449) AND (id <= 2084448))
	        ->  Bitmap Index Scan on sbtest1_pkey  (cost=0.00..35.06 rows=1062 width=0)
	              Index Cond: ((id >= 2083449) AND (id <= 2084448))

table 2 : explain SELECT SUM(k) FROM sbtest2 WHERE id BETWEEN 3225794 AND 3226793
	Aggregate  (cost=4113.70..4113.71 rows=1 width=8)
	  ->  Bitmap Heap Scan on sbtest2  (cost=35.33..4111.04 rows=1063 width=4)
	        Recheck Cond: ((id >= 3225794) AND (id <= 3226793))
	        ->  Bitmap Index Scan on sbtest2_pkey  (cost=0.00..35.07 rows=1063 width=0)
	              Index Cond: ((id >= 3225794) AND (id <= 3226793))

table 3 : explain SELECT SUM(k) FROM sbtest3 WHERE id BETWEEN 1930518 AND 1931517
	Aggregate  (cost=3430.20..3430.21 rows=1 width=8)
	  ->  Bitmap Heap Scan on sbtest3  (cost=29.49..3427.99 rows=883 width=4)
	        Recheck Cond: ((id >= 1930518) AND (id <= 1931517))
	        ->  Bitmap Index Scan on sbtest3_pkey  (cost=0.00..29.26 rows=883 width=0)
	              Index Cond: ((id >= 1930518) AND (id <= 1931517))

table 4 : explain SELECT SUM(k) FROM sbtest4 WHERE id BETWEEN 2121785 AND 2122784
	Aggregate  (cost=3666.09..3666.10 rows=1 width=8)
	  ->  Bitmap Heap Scan on sbtest4  (cost=34.11..3663.73 rows=944 width=4)
	        Recheck Cond: ((id >= 2121785) AND (id <= 2122784))
	        ->  Bitmap Index Scan on sbtest4_pkey  (cost=0.00..33.88 rows=944 width=0)
	              Index Cond: ((id >= 2121785) AND (id <= 2122784))

table 5 : explain SELECT SUM(k) FROM sbtest5 WHERE id BETWEEN 3070560 AND 3071559
	Aggregate  (cost=3886.41..3886.42 rows=1 width=8)
	  ->  Bitmap Heap Scan on sbtest5  (cost=34.71..3883.91 rows=1002 width=4)
	        Recheck Cond: ((id >= 3070560) AND (id <= 3071559))
	        ->  Bitmap Index Scan on sbtest5_pkey  (cost=0.00..34.45 rows=1002 width=0)
	              Index Cond: ((id >= 3070560) AND (id <= 3071559))

table 6 : explain SELECT SUM(k) FROM sbtest6 WHERE id BETWEEN 5218830 AND 5219829
	Aggregate  (cost=3809.67..3809.68 rows=1 width=8)
	  ->  Bitmap Heap Scan on sbtest6  (cost=34.50..3807.21 rows=982 width=4)
	        Recheck Cond: ((id >= 5218830) AND (id <= 5219829))
	        ->  Bitmap Index Scan on sbtest6_pkey  (cost=0.00..34.26 rows=982 width=0)
	              Index Cond: ((id >= 5218830) AND (id <= 5219829))

table 7 : explain SELECT SUM(k) FROM sbtest7 WHERE id BETWEEN 3099437 AND 3100436
	Aggregate  (cost=3735.00..3735.01 rows=1 width=8)
	  ->  Bitmap Heap Scan on sbtest7  (cost=34.30..3732.59 rows=962 width=4)
	        Recheck Cond: ((id >= 3099437) AND (id <= 3100436))
	        ->  Bitmap Index Scan on sbtest7_pkey  (cost=0.00..34.06 rows=962 width=0)
	              Index Cond: ((id >= 3099437) AND (id <= 3100436))

table 8 : explain SELECT SUM(k) FROM sbtest8 WHERE id BETWEEN 6126253 AND 6127252
	Aggregate  (cost=4037.37..4037.38 rows=1 width=8)
	  ->  Bitmap Heap Scan on sbtest8  (cost=35.12..4034.77 rows=1042 width=4)
	        Recheck Cond: ((id >= 6126253) AND (id <= 6127252))
	        ->  Bitmap Index Scan on sbtest8_pkey  (cost=0.00..34.86 rows=1042 width=0)
	              Index Cond: ((id >= 6126253) AND (id <= 6127252))

explain: for point_selects :: explain SELECT c FROM sbtest%u WHERE id=%u
for point_selects
table 1 : explain SELECT c FROM sbtest1 WHERE id=2616986
	Index Scan using sbtest1_pkey on sbtest1  (cost=0.43..8.45 rows=1 width=121)
	  Index Cond: (id = 2616986)

table 2 : explain SELECT c FROM sbtest2 WHERE id=1562593
	Index Scan using sbtest2_pkey on sbtest2  (cost=0.43..8.45 rows=1 width=121)
	  Index Cond: (id = 1562593)

table 3 : explain SELECT c FROM sbtest3 WHERE id=8627705
	Index Scan using sbtest3_pkey on sbtest3  (cost=0.43..8.45 rows=1 width=121)
	  Index Cond: (id = 8627705)

table 4 : explain SELECT c FROM sbtest4 WHERE id=4518505
	Index Scan using sbtest4_pkey on sbtest4  (cost=0.43..8.45 rows=1 width=121)
	  Index Cond: (id = 4518505)

table 5 : explain SELECT c FROM sbtest5 WHERE id=6465969
	Index Scan using sbtest5_pkey on sbtest5  (cost=0.43..8.45 rows=1 width=121)
	  Index Cond: (id = 6465969)

table 6 : explain SELECT c FROM sbtest6 WHERE id=2410626
	Index Scan using sbtest6_pkey on sbtest6  (cost=0.43..8.45 rows=1 width=121)
	  Index Cond: (id = 2410626)

table 7 : explain SELECT c FROM sbtest7 WHERE id=8925792
	Index Scan using sbtest7_pkey on sbtest7  (cost=0.43..8.45 rows=1 width=121)
	  Index Cond: (id = 8925792)

table 8 : explain SELECT c FROM sbtest8 WHERE id=3406709
	Index Scan using sbtest8_pkey on sbtest8  (cost=0.43..8.45 rows=1 width=121)
	  Index Cond: (id = 3406709)

for point_selects
table 1 : explain SELECT c FROM sbtest1 WHERE id=647505
	Index Scan using sbtest1_pkey on sbtest1  (cost=0.43..8.45 rows=1 width=121)
	  Index Cond: (id = 647505)

table 2 : explain SELECT c FROM sbtest2 WHERE id=9084094
	Index Scan using sbtest2_pkey on sbtest2  (cost=0.43..8.45 rows=1 width=121)
	  Index Cond: (id = 9084094)

table 3 : explain SELECT c FROM sbtest3 WHERE id=7280267
	Index Scan using sbtest3_pkey on sbtest3  (cost=0.43..8.45 rows=1 width=121)
	  Index Cond: (id = 7280267)

table 4 : explain SELECT c FROM sbtest4 WHERE id=7090191
	Index Scan using sbtest4_pkey on sbtest4  (cost=0.43..8.45 rows=1 width=121)
	  Index Cond: (id = 7090191)

table 5 : explain SELECT c FROM sbtest5 WHERE id=9610014
	Index Scan using sbtest5_pkey on sbtest5  (cost=0.43..8.45 rows=1 width=121)
	  Index Cond: (id = 9610014)

table 6 : explain SELECT c FROM sbtest6 WHERE id=1946283
	Index Scan using sbtest6_pkey on sbtest6  (cost=0.43..8.45 rows=1 width=121)
	  Index Cond: (id = 1946283)

table 7 : explain SELECT c FROM sbtest7 WHERE id=707810
	Index Scan using sbtest7_pkey on sbtest7  (cost=0.43..8.45 rows=1 width=121)
	  Index Cond: (id = 707810)

table 8 : explain SELECT c FROM sbtest8 WHERE id=6450621
	Index Scan using sbtest8_pkey on sbtest8  (cost=0.43..8.45 rows=1 width=121)
	  Index Cond: (id = 6450621)

for: simple_ranges
table 1 : explain SELECT c FROM sbtest1 WHERE id BETWEEN 8081298 AND 8082297
	Bitmap Heap Scan on sbtest1  (cost=35.29..4102.41 rows=1059 width=121)
	  Recheck Cond: ((id >= 8081298) AND (id <= 8082297))
	  ->  Bitmap Index Scan on sbtest1_pkey  (cost=0.00..35.03 rows=1059 width=0)
	        Index Cond: ((id >= 8081298) AND (id <= 8082297))

table 2 : explain SELECT c FROM sbtest2 WHERE id BETWEEN 1226067 AND 1227066
	Bitmap Heap Scan on sbtest2  (cost=29.67..3496.33 rows=901 width=121)
	  Recheck Cond: ((id >= 1226067) AND (id <= 1227066))
	  ->  Bitmap Index Scan on sbtest2_pkey  (cost=0.00..29.44 rows=901 width=0)
	        Index Cond: ((id >= 1226067) AND (id <= 1227066))

table 3 : explain SELECT c FROM sbtest3 WHERE id BETWEEN 1867126 AND 1868125
	Bitmap Heap Scan on sbtest3  (cost=40.08..4385.03 rows=1136 width=121)
	  Recheck Cond: ((id >= 1867126) AND (id <= 1868125))
	  ->  Bitmap Index Scan on sbtest3_pkey  (cost=0.00..39.80 rows=1136 width=0)
	        Index Cond: ((id >= 1867126) AND (id <= 1868125))

table 4 : explain SELECT c FROM sbtest4 WHERE id BETWEEN 9940431 AND 9941430
	Bitmap Heap Scan on sbtest4  (cost=34.58..3837.30 rows=990 width=121)
	  Recheck Cond: ((id >= 9940431) AND (id <= 9941430))
	  ->  Bitmap Index Scan on sbtest4_pkey  (cost=0.00..34.34 rows=990 width=0)
	        Index Cond: ((id >= 9940431) AND (id <= 9941430))

table 5 : explain SELECT c FROM sbtest5 WHERE id BETWEEN 9882270 AND 9883269
	Bitmap Heap Scan on sbtest5  (cost=34.89..3951.76 rows=1020 width=121)
	  Recheck Cond: ((id >= 9882270) AND (id <= 9883269))
	  ->  Bitmap Index Scan on sbtest5_pkey  (cost=0.00..34.64 rows=1020 width=0)
	        Index Cond: ((id >= 9882270) AND (id <= 9883269))

table 6 : explain SELECT c FROM sbtest6 WHERE id BETWEEN 2228932 AND 2229931
	Bitmap Heap Scan on sbtest6  (cost=34.79..3912.76 rows=1010 width=121)
	  Recheck Cond: ((id >= 2228932) AND (id <= 2229931))
	  ->  Bitmap Index Scan on sbtest6_pkey  (cost=0.00..34.54 rows=1010 width=0)
	        Index Cond: ((id >= 2228932) AND (id <= 2229931))

table 7 : explain SELECT c FROM sbtest7 WHERE id BETWEEN 4784275 AND 4785274
	Bitmap Heap Scan on sbtest7  (cost=34.23..3709.94 rows=956 width=121)
	  Recheck Cond: ((id >= 4784275) AND (id <= 4785274))
	  ->  Bitmap Index Scan on sbtest7_pkey  (cost=0.00..34.00 rows=956 width=0)
	        Index Cond: ((id >= 4784275) AND (id <= 4785274))

table 8 : explain SELECT c FROM sbtest8 WHERE id BETWEEN 6678928 AND 6679927
	Bitmap Heap Scan on sbtest8  (cost=35.44..4155.21 rows=1074 width=121)
	  Recheck Cond: ((id >= 6678928) AND (id <= 6679927))
	  ->  Bitmap Index Scan on sbtest8_pkey  (cost=0.00..35.18 rows=1074 width=0)
	        Index Cond: ((id >= 6678928) AND (id <= 6679927))

for: sum_ranges
table 1 : explain SELECT SUM(k) FROM sbtest1 WHERE id BETWEEN 6695395 AND 6696394
	Aggregate  (cost=4459.31..4459.32 rows=1 width=8)
	  ->  Bitmap Heap Scan on sbtest1  (cost=40.25..4456.43 rows=1153 width=4)
	        Recheck Cond: ((id >= 6695395) AND (id <= 6696394))
	        ->  Bitmap Index Scan on sbtest1_pkey  (cost=0.00..39.97 rows=1153 width=0)
	              Index Cond: ((id >= 6695395) AND (id <= 6696394))

table 2 : explain SELECT SUM(k) FROM sbtest2 WHERE id BETWEEN 8014293 AND 8015292
	Aggregate  (cost=3963.12..3963.13 rows=1 width=8)
	  ->  Bitmap Heap Scan on sbtest2  (cost=34.92..3960.56 rows=1023 width=4)
	        Recheck Cond: ((id >= 8014293) AND (id <= 8015292))
	        ->  Bitmap Index Scan on sbtest2_pkey  (cost=0.00..34.67 rows=1023 width=0)
	              Index Cond: ((id >= 8014293) AND (id <= 8015292))

table 3 : explain SELECT SUM(k) FROM sbtest3 WHERE id BETWEEN 58204 AND 59203
	Aggregate  (cost=3770.53..3770.54 rows=1 width=8)
	  ->  Bitmap Heap Scan on sbtest3  (cost=34.40..3768.10 rows=972 width=4)
	        Recheck Cond: ((id >= 58204) AND (id <= 59203))
	        ->  Bitmap Index Scan on sbtest3_pkey  (cost=0.00..34.16 rows=972 width=0)
	              Index Cond: ((id >= 58204) AND (id <= 59203))

table 4 : explain SELECT SUM(k) FROM sbtest4 WHERE id BETWEEN 1911441 AND 1912440
	Aggregate  (cost=3408.62..3408.63 rows=1 width=8)
	  ->  Bitmap Heap Scan on sbtest4  (cost=29.42..3406.42 rows=877 width=4)
	        Recheck Cond: ((id >= 1911441) AND (id <= 1912440))
	        ->  Bitmap Index Scan on sbtest4_pkey  (cost=0.00..29.20 rows=877 width=0)
	              Index Cond: ((id >= 1911441) AND (id <= 1912440))

table 5 : explain SELECT SUM(k) FROM sbtest5 WHERE id BETWEEN 524686 AND 525685
	Aggregate  (cost=3984.47..3984.48 rows=1 width=8)
	  ->  Bitmap Heap Scan on sbtest5  (cost=34.97..3981.90 rows=1028 width=4)
	        Recheck Cond: ((id >= 524686) AND (id <= 525685))
	        ->  Bitmap Index Scan on sbtest5_pkey  (cost=0.00..34.72 rows=1028 width=0)
	              Index Cond: ((id >= 524686) AND (id <= 525685))

table 6 : explain SELECT SUM(k) FROM sbtest6 WHERE id BETWEEN 938485 AND 939484
	Aggregate  (cost=3548.74..3548.75 rows=1 width=8)
	  ->  Bitmap Heap Scan on sbtest6  (cost=29.80..3546.45 rows=914 width=4)
	        Recheck Cond: ((id >= 938485) AND (id <= 939484))
	        ->  Bitmap Index Scan on sbtest6_pkey  (cost=0.00..29.57 rows=914 width=0)
	              Index Cond: ((id >= 938485) AND (id <= 939484))

table 7 : explain SELECT SUM(k) FROM sbtest7 WHERE id BETWEEN 6104260 AND 6105259
	Aggregate  (cost=3874.69..3874.70 rows=1 width=8)
	  ->  Bitmap Heap Scan on sbtest7  (cost=34.67..3872.19 rows=999 width=4)
	        Recheck Cond: ((id >= 6104260) AND (id <= 6105259))
	        ->  Bitmap Index Scan on sbtest7_pkey  (cost=0.00..34.43 rows=999 width=0)
	              Index Cond: ((id >= 6104260) AND (id <= 6105259))

table 8 : explain SELECT SUM(k) FROM sbtest8 WHERE id BETWEEN 6120632 AND 6121631
	Aggregate  (cost=4037.37..4037.38 rows=1 width=8)
	  ->  Bitmap Heap Scan on sbtest8  (cost=35.12..4034.77 rows=1042 width=4)
	        Recheck Cond: ((id >= 6120632) AND (id <= 6121631))
	        ->  Bitmap Index Scan on sbtest8_pkey  (cost=0.00..34.86 rows=1042 width=0)
	              Index Cond: ((id >= 6120632) AND (id <= 6121631))

for: order_ranges
table 1 : explain SELECT c FROM sbtest1 WHERE id BETWEEN 6090885 AND 6091884 ORDER BY c
	Sort  (cost=4029.28..4031.84 rows=1026 width=121)
	  Sort Key: c
	  ->  Bitmap Heap Scan on sbtest1  (cost=34.95..3977.96 rows=1026 width=121)
	        Recheck Cond: ((id >= 6090885) AND (id <= 6091884))
	        ->  Bitmap Index Scan on sbtest1_pkey  (cost=0.00..34.70 rows=1026 width=0)
	              Index Cond: ((id >= 6090885) AND (id <= 6091884))

table 2 : explain SELECT c FROM sbtest2 WHERE id BETWEEN 5327665 AND 5328664 ORDER BY c
	Sort  (cost=3996.42..3998.97 rows=1019 width=121)
	  Sort Key: c
	  ->  Bitmap Heap Scan on sbtest2  (cost=34.88..3945.51 rows=1019 width=121)
	        Recheck Cond: ((id >= 5327665) AND (id <= 5328664))
	        ->  Bitmap Index Scan on sbtest2_pkey  (cost=0.00..34.62 rows=1019 width=0)
	              Index Cond: ((id >= 5327665) AND (id <= 5328664))

table 3 : explain SELECT c FROM sbtest3 WHERE id BETWEEN 5361231 AND 5362230 ORDER BY c
	Sort  (cost=3674.47..3676.81 rows=936 width=121)
	  Sort Key: c
	  ->  Bitmap Heap Scan on sbtest3  (cost=30.03..3628.28 rows=936 width=121)
	        Recheck Cond: ((id >= 5361231) AND (id <= 5362230))
	        ->  Bitmap Index Scan on sbtest3_pkey  (cost=0.00..29.79 rows=936 width=0)
	              Index Cond: ((id >= 5361231) AND (id <= 5362230))

table 4 : explain SELECT c FROM sbtest4 WHERE id BETWEEN 3238383 AND 3239382 ORDER BY c
	Sort  (cost=4020.44..4023.00 rows=1025 width=121)
	  Sort Key: c
	  ->  Bitmap Heap Scan on sbtest4  (cost=34.94..3969.18 rows=1025 width=121)
	        Recheck Cond: ((id >= 3238383) AND (id <= 3239382))
	        ->  Bitmap Index Scan on sbtest4_pkey  (cost=0.00..34.69 rows=1025 width=0)
	              Index Cond: ((id >= 3238383) AND (id <= 3239382))

table 5 : explain SELECT c FROM sbtest5 WHERE id BETWEEN 4677804 AND 4678803 ORDER BY c
	Sort  (cost=3861.10..3863.56 rows=983 width=121)
	  Sort Key: c
	  ->  Bitmap Heap Scan on sbtest5  (cost=34.51..3812.24 rows=983 width=121)
	        Recheck Cond: ((id >= 4677804) AND (id <= 4678803))
	        ->  Bitmap Index Scan on sbtest5_pkey  (cost=0.00..34.27 rows=983 width=0)
	              Index Cond: ((id >= 4677804) AND (id <= 4678803))

table 6 : explain SELECT c FROM sbtest6 WHERE id BETWEEN 6161599 AND 6162598 ORDER BY c
	Sort  (cost=4051.10..4053.68 rows=1033 width=121)
	  Sort Key: c
	  ->  Bitmap Heap Scan on sbtest6  (cost=35.02..3999.39 rows=1033 width=121)
	        Recheck Cond: ((id >= 6161599) AND (id <= 6162598))
	        ->  Bitmap Index Scan on sbtest6_pkey  (cost=0.00..34.77 rows=1033 width=0)
	              Index Cond: ((id >= 6161599) AND (id <= 6162598))

table 7 : explain SELECT c FROM sbtest7 WHERE id BETWEEN 4630689 AND 4631688 ORDER BY c
	Sort  (cost=3676.58..3678.92 rows=936 width=121)
	  Sort Key: c
	  ->  Bitmap Heap Scan on sbtest7  (cost=30.03..3630.39 rows=936 width=121)
	        Recheck Cond: ((id >= 4630689) AND (id <= 4631688))
	        ->  Bitmap Index Scan on sbtest7_pkey  (cost=0.00..29.79 rows=936 width=0)
	              Index Cond: ((id >= 4630689) AND (id <= 4631688))

table 8 : explain SELECT c FROM sbtest8 WHERE id BETWEEN 9374945 AND 9375944 ORDER BY c
	Sort  (cost=4163.44..4166.10 rows=1062 width=121)
	  Sort Key: c
	  ->  Bitmap Heap Scan on sbtest8  (cost=35.32..4110.06 rows=1062 width=121)
	        Recheck Cond: ((id >= 9374945) AND (id <= 9375944))
	        ->  Bitmap Index Scan on sbtest8_pkey  (cost=0.00..35.06 rows=1062 width=0)
	              Index Cond: ((id >= 9374945) AND (id <= 9375944))

for: sum_ranges
table 1 : explain SELECT SUM(k) FROM sbtest1 WHERE id BETWEEN 5735618 AND 5736617
	Aggregate  (cost=3712.16..3712.17 rows=1 width=8)
	  ->  Bitmap Heap Scan on sbtest1  (cost=34.22..3709.77 rows=955 width=4)
	        Recheck Cond: ((id >= 5735618) AND (id <= 5736617))
	        ->  Bitmap Index Scan on sbtest1_pkey  (cost=0.00..33.98 rows=955 width=0)
	              Index Cond: ((id >= 5735618) AND (id <= 5736617))

table 2 : explain SELECT SUM(k) FROM sbtest2 WHERE id BETWEEN 7483337 AND 7484336
	Aggregate  (cost=3906.60..3906.61 rows=1 width=8)
	  ->  Bitmap Heap Scan on sbtest2  (cost=34.77..3904.08 rows=1008 width=4)
	        Recheck Cond: ((id >= 7483337) AND (id <= 7484336))
	        ->  Bitmap Index Scan on sbtest2_pkey  (cost=0.00..34.52 rows=1008 width=0)
	              Index Cond: ((id >= 7483337) AND (id <= 7484336))

table 3 : explain SELECT SUM(k) FROM sbtest3 WHERE id BETWEEN 5341251 AND 5342250
	Aggregate  (cost=3630.62..3630.63 rows=1 width=8)
	  ->  Bitmap Heap Scan on sbtest3  (cost=30.03..3628.28 rows=936 width=4)
	        Recheck Cond: ((id >= 5341251) AND (id <= 5342250))
	        ->  Bitmap Index Scan on sbtest3_pkey  (cost=0.00..29.79 rows=936 width=0)
	              Index Cond: ((id >= 5341251) AND (id <= 5342250))

table 4 : explain SELECT SUM(k) FROM sbtest4 WHERE id BETWEEN 5415755 AND 5416754
	Aggregate  (cost=3571.37..3571.38 rows=1 width=8)
	  ->  Bitmap Heap Scan on sbtest4  (cost=29.87..3569.07 rows=920 width=4)
	        Recheck Cond: ((id >= 5415755) AND (id <= 5416754))
	        ->  Bitmap Index Scan on sbtest4_pkey  (cost=0.00..29.64 rows=920 width=0)
	              Index Cond: ((id >= 5415755) AND (id <= 5416754))

table 5 : explain SELECT SUM(k) FROM sbtest5 WHERE id BETWEEN 770937 AND 771936
	Aggregate  (cost=3739.16..3739.17 rows=1 width=8)
	  ->  Bitmap Heap Scan on sbtest5  (cost=34.31..3736.75 rows=963 width=4)
	        Recheck Cond: ((id >= 770937) AND (id <= 771936))
	        ->  Bitmap Index Scan on sbtest5_pkey  (cost=0.00..34.07 rows=963 width=0)
	              Index Cond: ((id >= 770937) AND (id <= 771936))

table 6 : explain SELECT SUM(k) FROM sbtest6 WHERE id BETWEEN 1330625 AND 1331624
	Aggregate  (cost=4160.09..4160.10 rows=1 width=8)
	  ->  Bitmap Heap Scan on sbtest6  (cost=35.45..4157.40 rows=1075 width=4)
	        Recheck Cond: ((id >= 1330625) AND (id <= 1331624))
	        ->  Bitmap Index Scan on sbtest6_pkey  (cost=0.00..35.19 rows=1075 width=0)
	              Index Cond: ((id >= 1330625) AND (id <= 1331624))

table 7 : explain SELECT SUM(k) FROM sbtest7 WHERE id BETWEEN 5124001 AND 5125000
	Aggregate  (cost=4138.49..4138.50 rows=1 width=8)
	  ->  Bitmap Heap Scan on sbtest7  (cost=35.39..4135.82 rows=1069 width=4)
	        Recheck Cond: ((id >= 5124001) AND (id <= 5125000))
	        ->  Bitmap Index Scan on sbtest7_pkey  (cost=0.00..35.12 rows=1069 width=0)
	              Index Cond: ((id >= 5124001) AND (id <= 5125000))

table 8 : explain SELECT SUM(k) FROM sbtest8 WHERE id BETWEEN 5559588 AND 5560587
	Aggregate  (cost=3890.31..3890.32 rows=1 width=8)
	  ->  Bitmap Heap Scan on sbtest8  (cost=34.72..3887.80 rows=1003 width=4)
	        Recheck Cond: ((id >= 5559588) AND (id <= 5560587))
	        ->  Bitmap Index Scan on sbtest8_pkey  (cost=0.00..34.47 rows=1003 width=0)
	              Index Cond: ((id >= 5559588) AND (id <= 5560587))

for: sum_ranges
table 1 : explain SELECT SUM(k) FROM sbtest1 WHERE id BETWEEN 6914926 AND 6915925
	Aggregate  (cost=3757.56..3757.57 rows=1 width=8)
	  ->  Bitmap Heap Scan on sbtest1  (cost=34.35..3755.14 rows=967 width=4)
	        Recheck Cond: ((id >= 6914926) AND (id <= 6915925))
	        ->  Bitmap Index Scan on sbtest1_pkey  (cost=0.00..34.11 rows=967 width=0)
	              Index Cond: ((id >= 6914926) AND (id <= 6915925))

table 2 : explain SELECT SUM(k) FROM sbtest2 WHERE id BETWEEN 5169449 AND 5170448
	Aggregate  (cost=3612.24..3612.25 rows=1 width=8)
	  ->  Bitmap Heap Scan on sbtest2  (cost=33.97..3609.91 rows=930 width=4)
	        Recheck Cond: ((id >= 5169449) AND (id <= 5170448))
	        ->  Bitmap Index Scan on sbtest2_pkey  (cost=0.00..33.73 rows=930 width=0)
	              Index Cond: ((id >= 5169449) AND (id <= 5170448))

table 3 : explain SELECT SUM(k) FROM sbtest3 WHERE id BETWEEN 5909976 AND 5910975
	Aggregate  (cost=4071.96..4071.97 rows=1 width=8)
	  ->  Bitmap Heap Scan on sbtest3  (cost=35.22..4069.33 rows=1052 width=4)
	        Recheck Cond: ((id >= 5909976) AND (id <= 5910975))
	        ->  Bitmap Index Scan on sbtest3_pkey  (cost=0.00..34.95 rows=1052 width=0)
	              Index Cond: ((id >= 5909976) AND (id <= 5910975))

table 4 : explain SELECT SUM(k) FROM sbtest4 WHERE id BETWEEN 3888572 AND 3889571
	Aggregate  (cost=3503.27..3503.28 rows=1 width=8)
	  ->  Bitmap Heap Scan on sbtest4  (cost=29.68..3501.01 rows=902 width=4)
	        Recheck Cond: ((id >= 3888572) AND (id <= 3889571))
	        ->  Bitmap Index Scan on sbtest4_pkey  (cost=0.00..29.45 rows=902 width=0)
	              Index Cond: ((id >= 3888572) AND (id <= 3889571))

table 5 : explain SELECT SUM(k) FROM sbtest5 WHERE id BETWEEN 6587477 AND 6588476
	Aggregate  (cost=3980.70..3980.71 rows=1 width=8)
	  ->  Bitmap Heap Scan on sbtest5  (cost=34.96..3978.14 rows=1027 width=4)
	        Recheck Cond: ((id >= 6587477) AND (id <= 6588476))
	        ->  Bitmap Index Scan on sbtest5_pkey  (cost=0.00..34.70 rows=1027 width=0)
	              Index Cond: ((id >= 6587477) AND (id <= 6588476))

table 6 : explain SELECT SUM(k) FROM sbtest6 WHERE id BETWEEN 6028638 AND 6029637
	Aggregate  (cost=4145.04..4145.05 rows=1 width=8)
	  ->  Bitmap Heap Scan on sbtest6  (cost=35.41..4142.36 rows=1071 width=4)
	        Recheck Cond: ((id >= 6028638) AND (id <= 6029637))
	        ->  Bitmap Index Scan on sbtest6_pkey  (cost=0.00..35.15 rows=1071 width=0)
	              Index Cond: ((id >= 6028638) AND (id <= 6029637))

table 7 : explain SELECT SUM(k) FROM sbtest7 WHERE id BETWEEN 4281170 AND 4282169
	Aggregate  (cost=3670.76..3670.77 rows=1 width=8)
	  ->  Bitmap Heap Scan on sbtest7  (cost=34.12..3668.39 rows=945 width=4)
	        Recheck Cond: ((id >= 4281170) AND (id <= 4282169))
	        ->  Bitmap Index Scan on sbtest7_pkey  (cost=0.00..33.89 rows=945 width=0)
	              Index Cond: ((id >= 4281170) AND (id <= 4282169))

table 8 : explain SELECT SUM(k) FROM sbtest8 WHERE id BETWEEN 8869433 AND 8870432
	Aggregate  (cost=3871.44..3871.45 rows=1 width=8)
	  ->  Bitmap Heap Scan on sbtest8  (cost=34.66..3868.95 rows=998 width=4)
	        Recheck Cond: ((id >= 8869433) AND (id <= 8870432))
	        ->  Bitmap Index Scan on sbtest8_pkey  (cost=0.00..34.42 rows=998 width=0)
	              Index Cond: ((id >= 8869433) AND (id <= 8870432))

for: order_ranges
table 1 : explain SELECT c FROM sbtest1 WHERE id BETWEEN 8285939 AND 8286938 ORDER BY c
	Sort  (cost=4113.52..4116.14 rows=1048 width=121)
	  Sort Key: c
	  ->  Bitmap Heap Scan on sbtest1  (cost=35.18..4060.94 rows=1048 width=121)
	        Recheck Cond: ((id >= 8285939) AND (id <= 8286938))
	        ->  Bitmap Index Scan on sbtest1_pkey  (cost=0.00..34.92 rows=1048 width=0)
	              Index Cond: ((id >= 8285939) AND (id <= 8286938))

table 2 : explain SELECT c FROM sbtest2 WHERE id BETWEEN 4044345 AND 4045344 ORDER BY c
	Sort  (cost=3881.70..3884.17 rows=989 width=121)
	  Sort Key: c
	  ->  Bitmap Heap Scan on sbtest2  (cost=34.57..3832.50 rows=989 width=121)
	        Recheck Cond: ((id >= 4044345) AND (id <= 4045344))
	        ->  Bitmap Index Scan on sbtest2_pkey  (cost=0.00..34.33 rows=989 width=0)
	              Index Cond: ((id >= 4044345) AND (id <= 4045344))

table 3 : explain SELECT c FROM sbtest3 WHERE id BETWEEN 5205158 AND 5206157 ORDER BY c
	Sort  (cost=3965.51..3968.04 rows=1011 width=121)
	  Sort Key: c
	  ->  Bitmap Heap Scan on sbtest3  (cost=34.80..3915.05 rows=1011 width=121)
	        Recheck Cond: ((id >= 5205158) AND (id <= 5206157))
	        ->  Bitmap Index Scan on sbtest3_pkey  (cost=0.00..34.55 rows=1011 width=0)
	              Index Cond: ((id >= 5205158) AND (id <= 5206157))

table 4 : explain SELECT c FROM sbtest4 WHERE id BETWEEN 9635471 AND 9636470 ORDER BY c
	Sort  (cost=3951.61..3954.12 rows=1007 width=121)
	  Sort Key: c
	  ->  Bitmap Heap Scan on sbtest4  (cost=34.76..3901.38 rows=1007 width=121)
	        Recheck Cond: ((id >= 9635471) AND (id <= 9636470))
	        ->  Bitmap Index Scan on sbtest4_pkey  (cost=0.00..34.51 rows=1007 width=0)
	              Index Cond: ((id >= 9635471) AND (id <= 9636470))

table 5 : explain SELECT c FROM sbtest5 WHERE id BETWEEN 6946634 AND 6947633 ORDER BY c
	Sort  (cost=3792.14..3794.55 rows=965 width=121)
	  Sort Key: c
	  ->  Bitmap Heap Scan on sbtest5  (cost=34.33..3744.30 rows=965 width=121)
	        Recheck Cond: ((id >= 6946634) AND (id <= 6947633))
	        ->  Bitmap Index Scan on sbtest5_pkey  (cost=0.00..34.09 rows=965 width=0)
	              Index Cond: ((id >= 6946634) AND (id <= 6947633))

table 6 : explain SELECT c FROM sbtest6 WHERE id BETWEEN 6474830 AND 6475829 ORDER BY c
	Sort  (cost=3760.27..3762.66 rows=957 width=121)
	  Sort Key: c
	  ->  Bitmap Heap Scan on sbtest6  (cost=34.24..3712.89 rows=957 width=121)
	        Recheck Cond: ((id >= 6474830) AND (id <= 6475829))
	        ->  Bitmap Index Scan on sbtest6_pkey  (cost=0.00..34.01 rows=957 width=0)
	              Index Cond: ((id >= 6474830) AND (id <= 6475829))

table 7 : explain SELECT c FROM sbtest7 WHERE id BETWEEN 1487650 AND 1488649 ORDER BY c
	Sort  (cost=4197.24..4199.91 rows=1071 width=121)
	  Sort Key: c
	  ->  Bitmap Heap Scan on sbtest7  (cost=35.41..4143.34 rows=1071 width=121)
	        Recheck Cond: ((id >= 1487650) AND (id <= 1488649))
	        ->  Bitmap Index Scan on sbtest7_pkey  (cost=0.00..35.15 rows=1071 width=0)
	              Index Cond: ((id >= 1487650) AND (id <= 1488649))

table 8 : explain SELECT c FROM sbtest8 WHERE id BETWEEN 8872454 AND 8873453 ORDER BY c
	Sort  (cost=3918.66..3921.16 rows=998 width=121)
	  Sort Key: c
	  ->  Bitmap Heap Scan on sbtest8  (cost=34.66..3868.95 rows=998 width=121)
	        Recheck Cond: ((id >= 8872454) AND (id <= 8873453))
	        ->  Bitmap Index Scan on sbtest8_pkey  (cost=0.00..34.42 rows=998 width=0)
	              Index Cond: ((id >= 8872454) AND (id <= 8873453))

for: sum_ranges
table 1 : explain SELECT SUM(k) FROM sbtest1 WHERE id BETWEEN 7817963 AND 7818962
	Aggregate  (cost=3844.53..3844.54 rows=1 width=8)
	  ->  Bitmap Heap Scan on sbtest1  (cost=34.58..3842.06 rows=990 width=4)
	        Recheck Cond: ((id >= 7817963) AND (id <= 7818962))
	        ->  Bitmap Index Scan on sbtest1_pkey  (cost=0.00..34.34 rows=990 width=0)
	              Index Cond: ((id >= 7817963) AND (id <= 7818962))

table 2 : explain SELECT SUM(k) FROM sbtest2 WHERE id BETWEEN 7696248 AND 7697247
	Aggregate  (cost=4083.60..4083.61 rows=1 width=8)
	  ->  Bitmap Heap Scan on sbtest2  (cost=35.25..4080.96 rows=1055 width=4)
	        Recheck Cond: ((id >= 7696248) AND (id <= 7697247))
	        ->  Bitmap Index Scan on sbtest2_pkey  (cost=0.00..34.98 rows=1055 width=0)
	              Index Cond: ((id >= 7696248) AND (id <= 7697247))

table 3 : explain SELECT SUM(k) FROM sbtest3 WHERE id BETWEEN 5884750 AND 5885749
	Aggregate  (cost=3589.05..3589.06 rows=1 width=8)
	  ->  Bitmap Heap Scan on sbtest3  (cost=29.92..3586.74 rows=925 width=4)
	        Recheck Cond: ((id >= 5884750) AND (id <= 5885749))
	        ->  Bitmap Index Scan on sbtest3_pkey  (cost=0.00..29.68 rows=925 width=0)
	              Index Cond: ((id >= 5884750) AND (id <= 5885749))

table 4 : explain SELECT SUM(k) FROM sbtest4 WHERE id BETWEEN 87112 AND 88111
	Aggregate  (cost=3598.05..3598.06 rows=1 width=8)
	  ->  Bitmap Heap Scan on sbtest4  (cost=33.93..3595.74 rows=926 width=4)
	        Recheck Cond: ((id >= 87112) AND (id <= 88111))
	        ->  Bitmap Index Scan on sbtest4_pkey  (cost=0.00..33.70 rows=926 width=0)
	              Index Cond: ((id >= 87112) AND (id <= 88111))

table 5 : explain SELECT SUM(k) FROM sbtest5 WHERE id BETWEEN 9575005 AND 9576004
	Aggregate  (cost=4041.01..4041.02 rows=1 width=8)
	  ->  Bitmap Heap Scan on sbtest5  (cost=35.13..4038.40 rows=1043 width=4)
	        Recheck Cond: ((id >= 9575005) AND (id <= 9576004))
	        ->  Bitmap Index Scan on sbtest5_pkey  (cost=0.00..34.87 rows=1043 width=0)
	              Index Cond: ((id >= 9575005) AND (id <= 9576004))

table 6 : explain SELECT SUM(k) FROM sbtest6 WHERE id BETWEEN 661637 AND 662636
	Aggregate  (cost=3820.99..3821.00 rows=1 width=8)
	  ->  Bitmap Heap Scan on sbtest6  (cost=34.53..3818.53 rows=985 width=4)
	        Recheck Cond: ((id >= 661637) AND (id <= 662636))
	        ->  Bitmap Index Scan on sbtest6_pkey  (cost=0.00..34.29 rows=985 width=0)
	              Index Cond: ((id >= 661637) AND (id <= 662636))

table 7 : explain SELECT SUM(k) FROM sbtest7 WHERE id BETWEEN 3849775 AND 3850774
	Aggregate  (cost=3765.21..3765.22 rows=1 width=8)
	  ->  Bitmap Heap Scan on sbtest7  (cost=34.38..3762.79 rows=970 width=4)
	        Recheck Cond: ((id >= 3849775) AND (id <= 3850774))
	        ->  Bitmap Index Scan on sbtest7_pkey  (cost=0.00..34.14 rows=970 width=0)
	              Index Cond: ((id >= 3849775) AND (id <= 3850774))

table 8 : explain SELECT SUM(k) FROM sbtest8 WHERE id BETWEEN 1531187 AND 1532186
	Aggregate  (cost=3909.17..3909.18 rows=1 width=8)
	  ->  Bitmap Heap Scan on sbtest8  (cost=34.77..3906.65 rows=1008 width=4)
	        Recheck Cond: ((id >= 1531187) AND (id <= 1532186))
	        ->  Bitmap Index Scan on sbtest8_pkey  (cost=0.00..34.52 rows=1008 width=0)
	              Index Cond: ((id >= 1531187) AND (id <= 1532186))

for: simple_ranges
table 1 : explain SELECT c FROM sbtest1 WHERE id BETWEEN 1045652 AND 1046651
	Bitmap Heap Scan on sbtest1  (cost=35.47..4170.23 rows=1077 width=121)
	  Recheck Cond: ((id >= 1045652) AND (id <= 1046651))
	  ->  Bitmap Index Scan on sbtest1_pkey  (cost=0.00..35.20 rows=1077 width=0)
	        Index Cond: ((id >= 1045652) AND (id <= 1046651))

table 2 : explain SELECT c FROM sbtest2 WHERE id BETWEEN 8965593 AND 8966592
	Bitmap Heap Scan on sbtest2  (cost=34.48..3798.58 rows=980 width=121)
	  Recheck Cond: ((id >= 8965593) AND (id <= 8966592))
	  ->  Bitmap Index Scan on sbtest2_pkey  (cost=0.00..34.23 rows=980 width=0)
	        Index Cond: ((id >= 8965593) AND (id <= 8966592))

table 3 : explain SELECT c FROM sbtest3 WHERE id BETWEEN 4855778 AND 4856777
	Bitmap Heap Scan on sbtest3  (cost=35.00..3990.34 rows=1031 width=121)
	  Recheck Cond: ((id >= 4855778) AND (id <= 4856777))
	  ->  Bitmap Index Scan on sbtest3_pkey  (cost=0.00..34.75 rows=1031 width=0)
	        Index Cond: ((id >= 4855778) AND (id <= 4856777))

table 4 : explain SELECT c FROM sbtest4 WHERE id BETWEEN 7676945 AND 7677944
	Bitmap Heap Scan on sbtest4  (cost=35.09..4025.65 rows=1040 width=121)
	  Recheck Cond: ((id >= 7676945) AND (id <= 7677944))
	  ->  Bitmap Index Scan on sbtest4_pkey  (cost=0.00..34.84 rows=1040 width=0)
	        Index Cond: ((id >= 7676945) AND (id <= 7677944))

table 5 : explain SELECT c FROM sbtest5 WHERE id BETWEEN 690925 AND 691924
	Bitmap Heap Scan on sbtest5  (cost=35.14..4042.17 rows=1044 width=121)
	  Recheck Cond: ((id >= 690925) AND (id <= 691924))
	  ->  Bitmap Index Scan on sbtest5_pkey  (cost=0.00..34.88 rows=1044 width=0)
	        Index Cond: ((id >= 690925) AND (id <= 691924))

table 6 : explain SELECT c FROM sbtest6 WHERE id BETWEEN 2680189 AND 2681188
	Bitmap Heap Scan on sbtest6  (cost=34.14..3675.13 rows=947 width=121)
	  Recheck Cond: ((id >= 2680189) AND (id <= 2681188))
	  ->  Bitmap Index Scan on sbtest6_pkey  (cost=0.00..33.91 rows=947 width=0)
	        Index Cond: ((id >= 2680189) AND (id <= 2681188))

table 7 : explain SELECT c FROM sbtest7 WHERE id BETWEEN 8976209 AND 8977208
	Bitmap Heap Scan on sbtest7  (cost=34.78..3909.89 rows=1009 width=121)
	  Recheck Cond: ((id >= 8976209) AND (id <= 8977208))
	  ->  Bitmap Index Scan on sbtest7_pkey  (cost=0.00..34.53 rows=1009 width=0)
	        Index Cond: ((id >= 8976209) AND (id <= 8977208))

table 8 : explain SELECT c FROM sbtest8 WHERE id BETWEEN 2281533 AND 2282532
	Bitmap Heap Scan on sbtest8  (cost=35.05..4012.17 rows=1036 width=121)
	  Recheck Cond: ((id >= 2281533) AND (id <= 2282532))
	  ->  Bitmap Index Scan on sbtest8_pkey  (cost=0.00..34.80 rows=1036 width=0)
	        Index Cond: ((id >= 2281533) AND (id <= 2282532))

for: distinct_ranges
table 1 : explain SELECT DISTINCT c FROM sbtest1 WHERE id BETWEEN 4914267 AND 4915266 ORDER BY c
	Unique  (cost=3630.14..3634.76 rows=923 width=121)
	  ->  Sort  (cost=3630.14..3632.45 rows=923 width=121)
	        Sort Key: c
	        ->  Bitmap Heap Scan on sbtest1  (cost=29.90..3584.68 rows=923 width=121)
	              Recheck Cond: ((id >= 4914267) AND (id <= 4915266))
	              ->  Bitmap Index Scan on sbtest1_pkey  (cost=0.00..29.66 rows=923 width=0)
	                    Index Cond: ((id >= 4914267) AND (id <= 4915266))

table 2 : explain SELECT DISTINCT c FROM sbtest2 WHERE id BETWEEN 8963514 AND 8964513 ORDER BY c
	Unique  (cost=3847.26..3852.16 rows=980 width=121)
	  ->  Sort  (cost=3847.26..3849.71 rows=980 width=121)
	        Sort Key: c
	        ->  Bitmap Heap Scan on sbtest2  (cost=34.48..3798.58 rows=980 width=121)
	              Recheck Cond: ((id >= 8963514) AND (id <= 8964513))
	              ->  Bitmap Index Scan on sbtest2_pkey  (cost=0.00..34.23 rows=980 width=0)
	                    Index Cond: ((id >= 8963514) AND (id <= 8964513))

table 3 : explain SELECT DISTINCT c FROM sbtest3 WHERE id BETWEEN 945018 AND 946017 ORDER BY c
	Unique  (cost=3969.33..3974.39 rows=1012 width=121)
	  ->  Sort  (cost=3969.33..3971.86 rows=1012 width=121)
	        Sort Key: c
	        ->  Bitmap Heap Scan on sbtest3  (cost=34.81..3918.82 rows=1012 width=121)
	              Recheck Cond: ((id >= 945018) AND (id <= 946017))
	              ->  Bitmap Index Scan on sbtest3_pkey  (cost=0.00..34.56 rows=1012 width=0)
	                    Index Cond: ((id >= 945018) AND (id <= 946017))

table 4 : explain SELECT DISTINCT c FROM sbtest4 WHERE id BETWEEN 5814173 AND 5815172 ORDER BY c
	Unique  (cost=3901.87..3906.84 rows=994 width=121)
	  ->  Sort  (cost=3901.87..3904.35 rows=994 width=121)
	        Sort Key: c
	        ->  Bitmap Heap Scan on sbtest4  (cost=34.62..3852.38 rows=994 width=121)
	              Recheck Cond: ((id >= 5814173) AND (id <= 5815172))
	              ->  Bitmap Index Scan on sbtest4_pkey  (cost=0.00..34.38 rows=994 width=0)
	                    Index Cond: ((id >= 5814173) AND (id <= 5815172))

table 5 : explain SELECT DISTINCT c FROM sbtest5 WHERE id BETWEEN 2544293 AND 2545292 ORDER BY c
	Unique  (cost=4419.30..4424.95 rows=1129 width=121)
	  ->  Sort  (cost=4419.30..4422.13 rows=1129 width=121)
	        Sort Key: c
	        ->  Bitmap Heap Scan on sbtest5  (cost=40.01..4362.06 rows=1129 width=121)
	              Recheck Cond: ((id >= 2544293) AND (id <= 2545292))
	              ->  Bitmap Index Scan on sbtest5_pkey  (cost=0.00..39.73 rows=1129 width=0)
	                    Index Cond: ((id >= 2544293) AND (id <= 2545292))

table 6 : explain SELECT DISTINCT c FROM sbtest6 WHERE id BETWEEN 3179419 AND 3180418 ORDER BY c
	Unique  (cost=4154.26..4159.56 rows=1060 width=121)
	  ->  Sort  (cost=4154.26..4156.91 rows=1060 width=121)
	        Sort Key: c
	        ->  Bitmap Heap Scan on sbtest6  (cost=35.30..4100.99 rows=1060 width=121)
	              Recheck Cond: ((id >= 3179419) AND (id <= 3180418))
	              ->  Bitmap Index Scan on sbtest6_pkey  (cost=0.00..35.04 rows=1060 width=0)
	                    Index Cond: ((id >= 3179419) AND (id <= 3180418))

table 7 : explain SELECT DISTINCT c FROM sbtest7 WHERE id BETWEEN 1549559 AND 1550558 ORDER BY c
	Unique  (cost=3891.34..3896.29 rows=991 width=121)
	  ->  Sort  (cost=3891.34..3893.81 rows=991 width=121)
	        Sort Key: c
	        ->  Bitmap Heap Scan on sbtest7  (cost=34.59..3842.02 rows=991 width=121)
	              Recheck Cond: ((id >= 1549559) AND (id <= 1550558))
	              ->  Bitmap Index Scan on sbtest7_pkey  (cost=0.00..34.34 rows=991 width=0)
	                    Index Cond: ((id >= 1549559) AND (id <= 1550558))

table 8 : explain SELECT DISTINCT c FROM sbtest8 WHERE id BETWEEN 5410172 AND 5411171 ORDER BY c
	Unique  (cost=4258.93..4264.36 rows=1087 width=121)
	  ->  Sort  (cost=4258.93..4261.64 rows=1087 width=121)
	        Sort Key: c
	        ->  Bitmap Heap Scan on sbtest8  (cost=35.58..4204.11 rows=1087 width=121)
	              Recheck Cond: ((id >= 5410172) AND (id <= 5411171))
	              ->  Bitmap Index Scan on sbtest8_pkey  (cost=0.00..35.31 rows=1087 width=0)
	                    Index Cond: ((id >= 5410172) AND (id <= 5411171))

for: sum_ranges
table 1 : explain SELECT SUM(k) FROM sbtest1 WHERE id BETWEEN 358521 AND 359520
	Aggregate  (cost=3681.88..3681.89 rows=1 width=8)
	  ->  Bitmap Heap Scan on sbtest1  (cost=34.14..3679.51 rows=947 width=4)
	        Recheck Cond: ((id >= 358521) AND (id <= 359520))
	        ->  Bitmap Index Scan on sbtest1_pkey  (cost=0.00..33.91 rows=947 width=0)
	              Index Cond: ((id >= 358521) AND (id <= 359520))

table 2 : explain SELECT SUM(k) FROM sbtest2 WHERE id BETWEEN 3768737 AND 3769736
	Aggregate  (cost=3453.18..3453.19 rows=1 width=8)
	  ->  Bitmap Heap Scan on sbtest2  (cost=29.55..3450.96 rows=889 width=4)
	        Recheck Cond: ((id >= 3768737) AND (id <= 3769736))
	        ->  Bitmap Index Scan on sbtest2_pkey  (cost=0.00..29.32 rows=889 width=0)
	              Index Cond: ((id >= 3768737) AND (id <= 3769736))

table 3 : explain SELECT SUM(k) FROM sbtest3 WHERE id BETWEEN 8399549 AND 8400548
	Aggregate  (cost=4117.11..4117.12 rows=1 width=8)
	  ->  Bitmap Heap Scan on sbtest3  (cost=35.34..4114.45 rows=1064 width=4)
	        Recheck Cond: ((id >= 8399549) AND (id <= 8400548))
	        ->  Bitmap Index Scan on sbtest3_pkey  (cost=0.00..35.08 rows=1064 width=0)
	              Index Cond: ((id >= 8399549) AND (id <= 8400548))

table 4 : explain SELECT SUM(k) FROM sbtest4 WHERE id BETWEEN 6928461 AND 6929460
	Aggregate  (cost=3839.78..3839.79 rows=1 width=8)
	  ->  Bitmap Heap Scan on sbtest4  (cost=34.58..3837.30 rows=990 width=4)
	        Recheck Cond: ((id >= 6928461) AND (id <= 6929460))
	        ->  Bitmap Index Scan on sbtest4_pkey  (cost=0.00..34.34 rows=990 width=0)
	              Index Cond: ((id >= 6928461) AND (id <= 6929460))

table 5 : explain SELECT SUM(k) FROM sbtest5 WHERE id BETWEEN 662470 AND 663469
	Aggregate  (cost=4044.78..4044.79 rows=1 width=8)
	  ->  Bitmap Heap Scan on sbtest5  (cost=35.14..4042.17 rows=1044 width=4)
	        Recheck Cond: ((id >= 662470) AND (id <= 663469))
	        ->  Bitmap Index Scan on sbtest5_pkey  (cost=0.00..34.88 rows=1044 width=0)
	              Index Cond: ((id >= 662470) AND (id <= 663469))

table 6 : explain SELECT SUM(k) FROM sbtest6 WHERE id BETWEEN 3792390 AND 3793389
	Aggregate  (cost=3971.83..3971.84 rows=1 width=8)
	  ->  Bitmap Heap Scan on sbtest6  (cost=34.94..3969.26 rows=1025 width=4)
	        Recheck Cond: ((id >= 3792390) AND (id <= 3793389))
	        ->  Bitmap Index Scan on sbtest6_pkey  (cost=0.00..34.69 rows=1025 width=0)
	              Index Cond: ((id >= 3792390) AND (id <= 3793389))

table 7 : explain SELECT SUM(k) FROM sbtest7 WHERE id BETWEEN 9955561 AND 9956560
	Aggregate  (cost=3848.27..3848.28 rows=1 width=8)
	  ->  Bitmap Heap Scan on sbtest7  (cost=34.60..3845.79 rows=992 width=4)
	        Recheck Cond: ((id >= 9955561) AND (id <= 9956560))
	        ->  Bitmap Index Scan on sbtest7_pkey  (cost=0.00..34.36 rows=992 width=0)
	              Index Cond: ((id >= 9955561) AND (id <= 9956560))

table 8 : explain SELECT SUM(k) FROM sbtest8 WHERE id BETWEEN 4056312 AND 4057311
	Aggregate  (cost=3871.44..3871.45 rows=1 width=8)
	  ->  Bitmap Heap Scan on sbtest8  (cost=34.66..3868.95 rows=998 width=4)
	        Recheck Cond: ((id >= 4056312) AND (id <= 4057311))
	        ->  Bitmap Index Scan on sbtest8_pkey  (cost=0.00..34.42 rows=998 width=0)
	              Index Cond: ((id >= 4056312) AND (id <= 4057311))

for: distinct_ranges
table 1 : explain SELECT DISTINCT c FROM sbtest1 WHERE id BETWEEN 7669506 AND 7670505 ORDER BY c
	Unique  (cost=3883.65..3888.59 rows=988 width=121)
	  ->  Sort  (cost=3883.65..3886.12 rows=988 width=121)
	        Sort Key: c
	        ->  Bitmap Heap Scan on sbtest1  (cost=34.56..3834.50 rows=988 width=121)
	              Recheck Cond: ((id >= 7669506) AND (id <= 7670505))
	              ->  Bitmap Index Scan on sbtest1_pkey  (cost=0.00..34.32 rows=988 width=0)
	                    Index Cond: ((id >= 7669506) AND (id <= 7670505))

table 2 : explain SELECT DISTINCT c FROM sbtest2 WHERE id BETWEEN 1947902 AND 1948901 ORDER BY c
	Unique  (cost=3958.19..3963.24 rows=1009 width=121)
	  ->  Sort  (cost=3958.19..3960.72 rows=1009 width=121)
	        Sort Key: c
	        ->  Bitmap Heap Scan on sbtest2  (cost=34.78..3907.85 rows=1009 width=121)
	              Recheck Cond: ((id >= 1947902) AND (id <= 1948901))
	              ->  Bitmap Index Scan on sbtest2_pkey  (cost=0.00..34.53 rows=1009 width=0)
	                    Index Cond: ((id >= 1947902) AND (id <= 1948901))

table 3 : explain SELECT DISTINCT c FROM sbtest3 WHERE id BETWEEN 6188051 AND 6189050 ORDER BY c
	Unique  (cost=3877.56..3882.50 rows=988 width=121)
	  ->  Sort  (cost=3877.56..3880.03 rows=988 width=121)
	        Sort Key: c
	        ->  Bitmap Heap Scan on sbtest3  (cost=34.56..3828.41 rows=988 width=121)
	              Recheck Cond: ((id >= 6188051) AND (id <= 6189050))
	              ->  Bitmap Index Scan on sbtest3_pkey  (cost=0.00..34.32 rows=988 width=0)
	                    Index Cond: ((id >= 6188051) AND (id <= 6189050))

table 4 : explain SELECT DISTINCT c FROM sbtest4 WHERE id BETWEEN 2252308 AND 2253307 ORDER BY c
	Unique  (cost=3599.01..3603.59 rows=916 width=121)
	  ->  Sort  (cost=3599.01..3601.30 rows=916 width=121)
	        Sort Key: c
	        ->  Bitmap Heap Scan on sbtest4  (cost=29.82..3553.95 rows=916 width=121)
	              Recheck Cond: ((id >= 2252308) AND (id <= 2253307))
	              ->  Bitmap Index Scan on sbtest4_pkey  (cost=0.00..29.59 rows=916 width=0)
	                    Index Cond: ((id >= 2252308) AND (id <= 2253307))

table 5 : explain SELECT DISTINCT c FROM sbtest5 WHERE id BETWEEN 7689020 AND 7690019 ORDER BY c
	Unique  (cost=4014.21..4019.32 rows=1023 width=121)
	  ->  Sort  (cost=4014.21..4016.76 rows=1023 width=121)
	        Sort Key: c
	        ->  Bitmap Heap Scan on sbtest5  (cost=34.92..3963.06 rows=1023 width=121)
	              Recheck Cond: ((id >= 7689020) AND (id <= 7690019))
	              ->  Bitmap Index Scan on sbtest5_pkey  (cost=0.00..34.67 rows=1023 width=0)
	                    Index Cond: ((id >= 7689020) AND (id <= 7690019))

table 6 : explain SELECT DISTINCT c FROM sbtest6 WHERE id BETWEEN 7566999 AND 7567998 ORDER BY c
	Unique  (cost=3576.06..3580.61 rows=910 width=121)
	  ->  Sort  (cost=3576.06..3578.33 rows=910 width=121)
	        Sort Key: c
	        ->  Bitmap Heap Scan on sbtest6  (cost=29.76..3531.33 rows=910 width=121)
	              Recheck Cond: ((id >= 7566999) AND (id <= 7567998))
	              ->  Bitmap Index Scan on sbtest6_pkey  (cost=0.00..29.54 rows=910 width=0)
	                    Index Cond: ((id >= 7566999) AND (id <= 7567998))

table 7 : explain SELECT DISTINCT c FROM sbtest7 WHERE id BETWEEN 4016142 AND 4017141 ORDER BY c
	Unique  (cost=3971.71..3976.77 rows=1012 width=121)
	  ->  Sort  (cost=3971.71..3974.24 rows=1012 width=121)
	        Sort Key: c
	        ->  Bitmap Heap Scan on sbtest7  (cost=34.81..3921.20 rows=1012 width=121)
	              Recheck Cond: ((id >= 4016142) AND (id <= 4017141))
	              ->  Bitmap Index Scan on sbtest7_pkey  (cost=0.00..34.56 rows=1012 width=0)
	                    Index Cond: ((id >= 4016142) AND (id <= 4017141))

table 8 : explain SELECT DISTINCT c FROM sbtest8 WHERE id BETWEEN 2307024 AND 2308023 ORDER BY c
	Unique  (cost=3941.63..3946.65 rows=1004 width=121)
	  ->  Sort  (cost=3941.63..3944.14 rows=1004 width=121)
	        Sort Key: c
	        ->  Bitmap Heap Scan on sbtest8  (cost=34.73..3891.57 rows=1004 width=121)
	              Recheck Cond: ((id >= 2307024) AND (id <= 2308023))
	              ->  Bitmap Index Scan on sbtest8_pkey  (cost=0.00..34.48 rows=1004 width=0)
	                    Index Cond: ((id >= 2307024) AND (id <= 2308023))

for point_selects
table 1 : explain SELECT c FROM sbtest1 WHERE id=5123817
	Index Scan using sbtest1_pkey on sbtest1  (cost=0.43..8.45 rows=1 width=121)
	  Index Cond: (id = 5123817)

table 2 : explain SELECT c FROM sbtest2 WHERE id=9570172
	Index Scan using sbtest2_pkey on sbtest2  (cost=0.43..8.45 rows=1 width=121)
	  Index Cond: (id = 9570172)

table 3 : explain SELECT c FROM sbtest3 WHERE id=6951671
	Index Scan using sbtest3_pkey on sbtest3  (cost=0.43..8.45 rows=1 width=121)
	  Index Cond: (id = 6951671)

table 4 : explain SELECT c FROM sbtest4 WHERE id=3430715
	Index Scan using sbtest4_pkey on sbtest4  (cost=0.43..8.45 rows=1 width=121)
	  Index Cond: (id = 3430715)

table 5 : explain SELECT c FROM sbtest5 WHERE id=9970965
	Index Scan using sbtest5_pkey on sbtest5  (cost=0.43..8.45 rows=1 width=121)
	  Index Cond: (id = 9970965)

table 6 : explain SELECT c FROM sbtest6 WHERE id=9501381
	Index Scan using sbtest6_pkey on sbtest6  (cost=0.43..8.45 rows=1 width=121)
	  Index Cond: (id = 9501381)

table 7 : explain SELECT c FROM sbtest7 WHERE id=679557
	Index Scan using sbtest7_pkey on sbtest7  (cost=0.43..8.45 rows=1 width=121)
	  Index Cond: (id = 679557)

table 8 : explain SELECT c FROM sbtest8 WHERE id=6919635
	Index Scan using sbtest8_pkey on sbtest8  (cost=0.43..8.45 rows=1 width=121)
	  Index Cond: (id = 6919635)

for: order_ranges
table 1 : explain SELECT c FROM sbtest1 WHERE id BETWEEN 4466647 AND 4467646 ORDER BY c
	Sort  (cost=3799.26..3801.67 rows=966 width=121)
	  Sort Key: c
	  ->  Bitmap Heap Scan on sbtest1  (cost=34.34..3751.36 rows=966 width=121)
	        Recheck Cond: ((id >= 4466647) AND (id <= 4467646))
	        ->  Bitmap Index Scan on sbtest1_pkey  (cost=0.00..34.09 rows=966 width=0)
	              Index Cond: ((id >= 4466647) AND (id <= 4467646))

table 2 : explain SELECT c FROM sbtest2 WHERE id BETWEEN 8211610 AND 8212609 ORDER BY c
	Sort  (cost=3939.07..3941.58 rows=1004 width=121)
	  Sort Key: c
	  ->  Bitmap Heap Scan on sbtest2  (cost=34.73..3889.02 rows=1004 width=121)
	        Recheck Cond: ((id >= 8211610) AND (id <= 8212609))
	        ->  Bitmap Index Scan on sbtest2_pkey  (cost=0.00..34.48 rows=1004 width=0)
	              Index Cond: ((id >= 8211610) AND (id <= 8212609))

table 3 : explain SELECT c FROM sbtest3 WHERE id BETWEEN 4027977 AND 4028976 ORDER BY c
	Sort  (cost=3436.65..3438.83 rows=874 width=121)
	  Sort Key: c
	  ->  Bitmap Heap Scan on sbtest3  (cost=29.39..3393.95 rows=874 width=121)
	        Recheck Cond: ((id >= 4027977) AND (id <= 4028976))
	        ->  Bitmap Index Scan on sbtest3_pkey  (cost=0.00..29.18 rows=874 width=0)
	              Index Cond: ((id >= 4027977) AND (id <= 4028976))

table 4 : explain SELECT c FROM sbtest4 WHERE id BETWEEN 4051938 AND 4052937 ORDER BY c
	Sort  (cost=3764.03..3766.42 rows=958 width=121)
	  Sort Key: c
	  ->  Bitmap Heap Scan on sbtest4  (cost=34.25..3716.59 rows=958 width=121)
	        Recheck Cond: ((id >= 4051938) AND (id <= 4052937))
	        ->  Bitmap Index Scan on sbtest4_pkey  (cost=0.00..34.02 rows=958 width=0)
	              Index Cond: ((id >= 4051938) AND (id <= 4052937))

table 5 : explain SELECT c FROM sbtest5 WHERE id BETWEEN 3657944 AND 3658943 ORDER BY c
	Sort  (cost=4029.51..4032.07 rows=1027 width=121)
	  Sort Key: c
	  ->  Bitmap Heap Scan on sbtest5  (cost=34.96..3978.14 rows=1027 width=121)
	        Recheck Cond: ((id >= 3657944) AND (id <= 3658943))
	        ->  Bitmap Index Scan on sbtest5_pkey  (cost=0.00..34.70 rows=1027 width=0)
	              Index Cond: ((id >= 3657944) AND (id <= 3658943))

table 6 : explain SELECT c FROM sbtest6 WHERE id BETWEEN 7442030 AND 7443029 ORDER BY c
	Sort  (cost=3863.67..3866.13 rows=984 width=121)
	  Sort Key: c
	  ->  Bitmap Heap Scan on sbtest6  (cost=34.52..3814.75 rows=984 width=121)
	        Recheck Cond: ((id >= 7442030) AND (id <= 7443029))
	        ->  Bitmap Index Scan on sbtest6_pkey  (cost=0.00..34.28 rows=984 width=0)
	              Index Cond: ((id >= 7442030) AND (id <= 7443029))

table 7 : explain SELECT c FROM sbtest7 WHERE id BETWEEN 5254001 AND 5255000 ORDER BY c
	Sort  (cost=3711.26..3713.62 rows=944 width=121)
	  Sort Key: c
	  ->  Bitmap Heap Scan on sbtest7  (cost=34.11..3664.61 rows=944 width=121)
	        Recheck Cond: ((id >= 5254001) AND (id <= 5255000))
	        ->  Bitmap Index Scan on sbtest7_pkey  (cost=0.00..33.88 rows=944 width=0)
	              Index Cond: ((id >= 5254001) AND (id <= 5255000))

table 8 : explain SELECT c FROM sbtest8 WHERE id BETWEEN 4640538 AND 4641537 ORDER BY c
	Sort  (cost=4087.00..4089.60 rows=1042 width=121)
	  Sort Key: c
	  ->  Bitmap Heap Scan on sbtest8  (cost=35.12..4034.77 rows=1042 width=121)
	        Recheck Cond: ((id >= 4640538) AND (id <= 4641537))
	        ->  Bitmap Index Scan on sbtest8_pkey  (cost=0.00..34.86 rows=1042 width=0)
	              Index Cond: ((id >= 4640538) AND (id <= 4641537))

for: order_ranges
table 1 : explain SELECT c FROM sbtest1 WHERE id BETWEEN 2892099 AND 2893098 ORDER BY c
	Sort  (cost=3664.72..3667.05 rows=932 width=121)
	  Sort Key: c
	  ->  Bitmap Heap Scan on sbtest1  (cost=29.99..3618.75 rows=932 width=121)
	        Recheck Cond: ((id >= 2892099) AND (id <= 2893098))
	        ->  Bitmap Index Scan on sbtest1_pkey  (cost=0.00..29.75 rows=932 width=0)
	              Index Cond: ((id >= 2892099) AND (id <= 2893098))

table 2 : explain SELECT c FROM sbtest2 WHERE id BETWEEN 5934547 AND 5935546 ORDER BY c
	Sort  (cost=4065.20..4067.79 rows=1037 width=121)
	  Sort Key: c
	  ->  Bitmap Heap Scan on sbtest2  (cost=35.06..4013.25 rows=1037 width=121)
	        Recheck Cond: ((id >= 5934547) AND (id <= 5935546))
	        ->  Bitmap Index Scan on sbtest2_pkey  (cost=0.00..34.81 rows=1037 width=0)
	              Index Cond: ((id >= 5934547) AND (id <= 5935546))

table 3 : explain SELECT c FROM sbtest3 WHERE id BETWEEN 6119047 AND 6120046 ORDER BY c
	Sort  (cost=3919.63..3922.13 rows=999 width=121)
	  Sort Key: c
	  ->  Bitmap Heap Scan on sbtest3  (cost=34.67..3869.86 rows=999 width=121)
	        Recheck Cond: ((id >= 6119047) AND (id <= 6120046))
	        ->  Bitmap Index Scan on sbtest3_pkey  (cost=0.00..34.43 rows=999 width=0)
	              Index Cond: ((id >= 6119047) AND (id <= 6120046))

table 4 : explain SELECT c FROM sbtest4 WHERE id BETWEEN 2004002 AND 2005001 ORDER BY c
	Sort  (cost=3449.29..3451.49 rows=877 width=121)
	  Sort Key: c
	  ->  Bitmap Heap Scan on sbtest4  (cost=29.42..3406.42 rows=877 width=121)
	        Recheck Cond: ((id >= 2004002) AND (id <= 2005001))
	        ->  Bitmap Index Scan on sbtest4_pkey  (cost=0.00..29.20 rows=877 width=0)
	              Index Cond: ((id >= 2004002) AND (id <= 2005001))

table 5 : explain SELECT c FROM sbtest5 WHERE id BETWEEN 732163 AND 733162 ORDER BY c
	Sort  (cost=3784.47..3786.88 rows=963 width=121)
	  Sort Key: c
	  ->  Bitmap Heap Scan on sbtest5  (cost=34.31..3736.75 rows=963 width=121)
	        Recheck Cond: ((id >= 732163) AND (id <= 733162))
	        ->  Bitmap Index Scan on sbtest5_pkey  (cost=0.00..34.07 rows=963 width=0)
	              Index Cond: ((id >= 732163) AND (id <= 733162))

table 6 : explain SELECT c FROM sbtest6 WHERE id BETWEEN 2304134 AND 2305133 ORDER BY c
	Sort  (cost=4070.21..4072.81 rows=1038 width=121)
	  Sort Key: c
	  ->  Bitmap Heap Scan on sbtest6  (cost=35.07..4018.21 rows=1038 width=121)
	        Recheck Cond: ((id >= 2304134) AND (id <= 2305133))
	        ->  Bitmap Index Scan on sbtest6_pkey  (cost=0.00..34.82 rows=1038 width=0)
	              Index Cond: ((id >= 2304134) AND (id <= 2305133))

table 7 : explain SELECT c FROM sbtest7 WHERE id BETWEEN 2809555 AND 2810554 ORDER BY c
	Sort  (cost=3814.74..3817.17 rows=971 width=121)
	  Sort Key: c
	  ->  Bitmap Heap Scan on sbtest7  (cost=34.39..3766.56 rows=971 width=121)
	        Recheck Cond: ((id >= 2809555) AND (id <= 2810554))
	        ->  Bitmap Index Scan on sbtest7_pkey  (cost=0.00..34.15 rows=971 width=0)
	              Index Cond: ((id >= 2809555) AND (id <= 2810554))

table 8 : explain SELECT c FROM sbtest8 WHERE id BETWEEN 5763299 AND 5764298 ORDER BY c
	Sort  (cost=4071.70..4074.30 rows=1038 width=121)
	  Sort Key: c
	  ->  Bitmap Heap Scan on sbtest8  (cost=35.07..4019.70 rows=1038 width=121)
	        Recheck Cond: ((id >= 5763299) AND (id <= 5764298))
	        ->  Bitmap Index Scan on sbtest8_pkey  (cost=0.00..34.82 rows=1038 width=0)
	              Index Cond: ((id >= 5763299) AND (id <= 5764298))

for point_selects
table 1 : explain SELECT c FROM sbtest1 WHERE id=4700515
	Index Scan using sbtest1_pkey on sbtest1  (cost=0.43..8.45 rows=1 width=121)
	  Index Cond: (id = 4700515)

table 2 : explain SELECT c FROM sbtest2 WHERE id=7340228
	Index Scan using sbtest2_pkey on sbtest2  (cost=0.43..8.45 rows=1 width=121)
	  Index Cond: (id = 7340228)

table 3 : explain SELECT c FROM sbtest3 WHERE id=108819
	Index Scan using sbtest3_pkey on sbtest3  (cost=0.43..8.45 rows=1 width=121)
	  Index Cond: (id = 108819)

table 4 : explain SELECT c FROM sbtest4 WHERE id=7055543
	Index Scan using sbtest4_pkey on sbtest4  (cost=0.43..8.45 rows=1 width=121)
	  Index Cond: (id = 7055543)

table 5 : explain SELECT c FROM sbtest5 WHERE id=1892650
	Index Scan using sbtest5_pkey on sbtest5  (cost=0.43..8.45 rows=1 width=121)
	  Index Cond: (id = 1892650)

table 6 : explain SELECT c FROM sbtest6 WHERE id=5897797
	Index Scan using sbtest6_pkey on sbtest6  (cost=0.43..8.45 rows=1 width=121)
	  Index Cond: (id = 5897797)

table 7 : explain SELECT c FROM sbtest7 WHERE id=5179282
	Index Scan using sbtest7_pkey on sbtest7  (cost=0.43..8.45 rows=1 width=121)
	  Index Cond: (id = 5179282)

table 8 : explain SELECT c FROM sbtest8 WHERE id=4341450
	Index Scan using sbtest8_pkey on sbtest8  (cost=0.43..8.45 rows=1 width=121)
	  Index Cond: (id = 4341450)

for: simple_ranges
table 1 : explain SELECT c FROM sbtest1 WHERE id BETWEEN 6787302 AND 6788301
	Bitmap Heap Scan on sbtest1  (cost=34.94..3974.19 rows=1025 width=121)
	  Recheck Cond: ((id >= 6787302) AND (id <= 6788301))
	  ->  Bitmap Index Scan on sbtest1_pkey  (cost=0.00..34.69 rows=1025 width=0)
	        Index Cond: ((id >= 6787302) AND (id <= 6788301))

table 2 : explain SELECT c FROM sbtest2 WHERE id BETWEEN 6919185 AND 6920184
	Bitmap Heap Scan on sbtest2  (cost=34.13..3670.32 rows=946 width=121)
	  Recheck Cond: ((id >= 6919185) AND (id <= 6920184))
	  ->  Bitmap Index Scan on sbtest2_pkey  (cost=0.00..33.90 rows=946 width=0)
	        Index Cond: ((id >= 6919185) AND (id <= 6920184))

table 3 : explain SELECT c FROM sbtest3 WHERE id BETWEEN 2712627 AND 2713626
	Bitmap Heap Scan on sbtest3  (cost=40.24..4445.01 rows=1152 width=121)
	  Recheck Cond: ((id >= 2712627) AND (id <= 2713626))
	  ->  Bitmap Index Scan on sbtest3_pkey  (cost=0.00..39.95 rows=1152 width=0)
	        Index Cond: ((id >= 2712627) AND (id <= 2713626))

table 4 : explain SELECT c FROM sbtest4 WHERE id BETWEEN 5241478 AND 5242477
	Bitmap Heap Scan on sbtest4  (cost=34.81..3920.22 rows=1012 width=121)
	  Recheck Cond: ((id >= 5241478) AND (id <= 5242477))
	  ->  Bitmap Index Scan on sbtest4_pkey  (cost=0.00..34.56 rows=1012 width=0)
	        Index Cond: ((id >= 5241478) AND (id <= 5242477))

table 5 : explain SELECT c FROM sbtest5 WHERE id BETWEEN 6790289 AND 6791288
	Bitmap Heap Scan on sbtest5  (cost=34.28..3725.42 rows=960 width=121)
	  Recheck Cond: ((id >= 6790289) AND (id <= 6791288))
	  ->  Bitmap Index Scan on sbtest5_pkey  (cost=0.00..34.04 rows=960 width=0)
	        Index Cond: ((id >= 6790289) AND (id <= 6791288))

table 6 : explain SELECT c FROM sbtest6 WHERE id BETWEEN 9257214 AND 9258213
	Bitmap Heap Scan on sbtest6  (cost=29.78..3538.89 rows=912 width=121)
	  Recheck Cond: ((id >= 9257214) AND (id <= 9258213))
	  ->  Bitmap Index Scan on sbtest6_pkey  (cost=0.00..29.55 rows=912 width=0)
	        Index Cond: ((id >= 9257214) AND (id <= 9258213))

table 7 : explain SELECT c FROM sbtest7 WHERE id BETWEEN 7164006 AND 7165005
	Bitmap Heap Scan on sbtest7  (cost=34.80..3917.43 rows=1011 width=121)
	  Recheck Cond: ((id >= 7164006) AND (id <= 7165005))
	  ->  Bitmap Index Scan on sbtest7_pkey  (cost=0.00..34.55 rows=1011 width=0)
	        Index Cond: ((id >= 7164006) AND (id <= 7165005))

table 8 : explain SELECT c FROM sbtest8 WHERE id BETWEEN 2299241 AND 2300240
	Bitmap Heap Scan on sbtest8  (cost=35.05..4012.17 rows=1036 width=121)
	  Recheck Cond: ((id >= 2299241) AND (id <= 2300240))
	  ->  Bitmap Index Scan on sbtest8_pkey  (cost=0.00..34.80 rows=1036 width=0)
	        Index Cond: ((id >= 2299241) AND (id <= 2300240))

for point_selects
table 1 : explain SELECT c FROM sbtest1 WHERE id=2016309
	Index Scan using sbtest1_pkey on sbtest1  (cost=0.43..8.45 rows=1 width=121)
	  Index Cond: (id = 2016309)

table 2 : explain SELECT c FROM sbtest2 WHERE id=6490489
	Index Scan using sbtest2_pkey on sbtest2  (cost=0.43..8.45 rows=1 width=121)
	  Index Cond: (id = 6490489)

table 3 : explain SELECT c FROM sbtest3 WHERE id=6669484
	Index Scan using sbtest3_pkey on sbtest3  (cost=0.43..8.45 rows=1 width=121)
	  Index Cond: (id = 6669484)

table 4 : explain SELECT c FROM sbtest4 WHERE id=1002319
	Index Scan using sbtest4_pkey on sbtest4  (cost=0.43..8.45 rows=1 width=121)
	  Index Cond: (id = 1002319)

table 5 : explain SELECT c FROM sbtest5 WHERE id=6143239
	Index Scan using sbtest5_pkey on sbtest5  (cost=0.43..8.45 rows=1 width=121)
	  Index Cond: (id = 6143239)

table 6 : explain SELECT c FROM sbtest6 WHERE id=3593613
	Index Scan using sbtest6_pkey on sbtest6  (cost=0.43..8.45 rows=1 width=121)
	  Index Cond: (id = 3593613)

table 7 : explain SELECT c FROM sbtest7 WHERE id=206719
	Index Scan using sbtest7_pkey on sbtest7  (cost=0.43..8.45 rows=1 width=121)
	  Index Cond: (id = 206719)

table 8 : explain SELECT c FROM sbtest8 WHERE id=3853195
	Index Scan using sbtest8_pkey on sbtest8  (cost=0.43..8.45 rows=1 width=121)
	  Index Cond: (id = 3853195)

for: order_ranges
table 1 : explain SELECT c FROM sbtest1 WHERE id BETWEEN 3826056 AND 3827055 ORDER BY c
	Sort  (cost=3664.72..3667.05 rows=932 width=121)
	  Sort Key: c
	  ->  Bitmap Heap Scan on sbtest1  (cost=29.99..3618.75 rows=932 width=121)
	        Recheck Cond: ((id >= 3826056) AND (id <= 3827055))
	        ->  Bitmap Index Scan on sbtest1_pkey  (cost=0.00..29.75 rows=932 width=0)
	              Index Cond: ((id >= 3826056) AND (id <= 3827055))

table 2 : explain SELECT c FROM sbtest2 WHERE id BETWEEN 279123 AND 280122 ORDER BY c
	Sort  (cost=3858.74..3861.20 rows=983 width=121)
	  Sort Key: c
	  ->  Bitmap Heap Scan on sbtest2  (cost=34.51..3809.88 rows=983 width=121)
	        Recheck Cond: ((id >= 279123) AND (id <= 280122))
	        ->  Bitmap Index Scan on sbtest2_pkey  (cost=0.00..34.27 rows=983 width=0)
	              Index Cond: ((id >= 279123) AND (id <= 280122))

table 3 : explain SELECT c FROM sbtest3 WHERE id BETWEEN 4359170 AND 4360169 ORDER BY c
	Sort  (cost=3639.98..3642.29 rows=927 width=121)
	  Sort Key: c
	  ->  Bitmap Heap Scan on sbtest3  (cost=29.94..3594.29 rows=927 width=121)
	        Recheck Cond: ((id >= 4359170) AND (id <= 4360169))
	        ->  Bitmap Index Scan on sbtest3_pkey  (cost=0.00..29.70 rows=927 width=0)
	              Index Cond: ((id >= 4359170) AND (id <= 4360169))

table 4 : explain SELECT c FROM sbtest4 WHERE id BETWEEN 276716 AND 277715 ORDER BY c
	Sort  (cost=3917.17..3919.67 rows=998 width=121)
	  Sort Key: c
	  ->  Bitmap Heap Scan on sbtest4  (cost=34.66..3867.46 rows=998 width=121)
	        Recheck Cond: ((id >= 276716) AND (id <= 277715))
	        ->  Bitmap Index Scan on sbtest4_pkey  (cost=0.00..34.42 rows=998 width=0)
	              Index Cond: ((id >= 276716) AND (id <= 277715))

table 5 : explain SELECT c FROM sbtest5 WHERE id BETWEEN 2335484 AND 2336483 ORDER BY c
	Sort  (cost=3753.81..3756.20 rows=955 width=121)
	  Sort Key: c
	  ->  Bitmap Heap Scan on sbtest5  (cost=34.22..3706.54 rows=955 width=121)
	        Recheck Cond: ((id >= 2335484) AND (id <= 2336483))
	        ->  Bitmap Index Scan on sbtest5_pkey  (cost=0.00..33.98 rows=955 width=0)
	              Index Cond: ((id >= 2335484) AND (id <= 2336483))

table 6 : explain SELECT c FROM sbtest6 WHERE id BETWEEN 1003809 AND 1004808 ORDER BY c
	Sort  (cost=3905.77..3908.26 rows=995 width=121)
	  Sort Key: c
	  ->  Bitmap Heap Scan on sbtest6  (cost=34.63..3856.23 rows=995 width=121)
	        Recheck Cond: ((id >= 1003809) AND (id <= 1004808))
	        ->  Bitmap Index Scan on sbtest6_pkey  (cost=0.00..34.39 rows=995 width=0)
	              Index Cond: ((id >= 1003809) AND (id <= 1004808))

table 7 : explain SELECT c FROM sbtest7 WHERE id BETWEEN 5650005 AND 5651004 ORDER BY c
	Sort  (cost=3818.57..3821.00 rows=972 width=121)
	  Sort Key: c
	  ->  Bitmap Heap Scan on sbtest7  (cost=34.40..3770.34 rows=972 width=121)
	        Recheck Cond: ((id >= 5650005) AND (id <= 5651004))
	        ->  Bitmap Index Scan on sbtest7_pkey  (cost=0.00..34.16 rows=972 width=0)
	              Index Cond: ((id >= 5650005) AND (id <= 5651004))

table 8 : explain SELECT c FROM sbtest8 WHERE id BETWEEN 418667 AND 419666 ORDER BY c
	Sort  (cost=3550.40..3552.66 rows=903 width=121)
	  Sort Key: c
	  ->  Bitmap Heap Scan on sbtest8  (cost=29.69..3506.07 rows=903 width=121)
	        Recheck Cond: ((id >= 418667) AND (id <= 419666))
	        ->  Bitmap Index Scan on sbtest8_pkey  (cost=0.00..29.46 rows=903 width=0)
	              Index Cond: ((id >= 418667) AND (id <= 419666))

for: simple_ranges
table 1 : explain SELECT c FROM sbtest1 WHERE id BETWEEN 356015 AND 357014
	Bitmap Heap Scan on sbtest1  (cost=34.14..3679.51 rows=947 width=121)
	  Recheck Cond: ((id >= 356015) AND (id <= 357014))
	  ->  Bitmap Index Scan on sbtest1_pkey  (cost=0.00..33.91 rows=947 width=0)
	        Index Cond: ((id >= 356015) AND (id <= 357014))

table 2 : explain SELECT c FROM sbtest2 WHERE id BETWEEN 4561227 AND 4562226
	Bitmap Heap Scan on sbtest2  (cost=35.51..4174.93 rows=1080 width=121)
	  Recheck Cond: ((id >= 4561227) AND (id <= 4562226))
	  ->  Bitmap Index Scan on sbtest2_pkey  (cost=0.00..35.23 rows=1080 width=0)
	        Index Cond: ((id >= 4561227) AND (id <= 4562226))

table 3 : explain SELECT c FROM sbtest3 WHERE id BETWEEN 8841002 AND 8842001
	Bitmap Heap Scan on sbtest3  (cost=29.27..3348.53 rows=862 width=121)
	  Recheck Cond: ((id >= 8841002) AND (id <= 8842001))
	  ->  Bitmap Index Scan on sbtest3_pkey  (cost=0.00..29.05 rows=862 width=0)
	        Index Cond: ((id >= 8841002) AND (id <= 8842001))

table 4 : explain SELECT c FROM sbtest4 WHERE id BETWEEN 9704464 AND 9705463
	Bitmap Heap Scan on sbtest4  (cost=35.02..3999.30 rows=1033 width=121)
	  Recheck Cond: ((id >= 9704464) AND (id <= 9705463))
	  ->  Bitmap Index Scan on sbtest4_pkey  (cost=0.00..34.77 rows=1033 width=0)
	        Index Cond: ((id >= 9704464) AND (id <= 9705463))

table 5 : explain SELECT c FROM sbtest5 WHERE id BETWEEN 5280162 AND 5281161
	Bitmap Heap Scan on sbtest5  (cost=34.55..3827.33 rows=987 width=121)
	  Recheck Cond: ((id >= 5280162) AND (id <= 5281161))
	  ->  Bitmap Index Scan on sbtest5_pkey  (cost=0.00..34.31 rows=987 width=0)
	        Index Cond: ((id >= 5280162) AND (id <= 5281161))

table 6 : explain SELECT c FROM sbtest6 WHERE id BETWEEN 6332897 AND 6333896
	Bitmap Heap Scan on sbtest6  (cost=35.09..4025.74 rows=1040 width=121)
	  Recheck Cond: ((id >= 6332897) AND (id <= 6333896))
	  ->  Bitmap Index Scan on sbtest6_pkey  (cost=0.00..34.84 rows=1040 width=0)
	        Index Cond: ((id >= 6332897) AND (id <= 6333896))

table 7 : explain SELECT c FROM sbtest7 WHERE id BETWEEN 5964324 AND 5965323
	Bitmap Heap Scan on sbtest7  (cost=35.27..4090.67 rows=1057 width=121)
	  Recheck Cond: ((id >= 5964324) AND (id <= 5965323))
	  ->  Bitmap Index Scan on sbtest7_pkey  (cost=0.00..35.01 rows=1057 width=0)
	        Index Cond: ((id >= 5964324) AND (id <= 5965323))

table 8 : explain SELECT c FROM sbtest8 WHERE id BETWEEN 4261111 AND 4262110
	Bitmap Heap Scan on sbtest8  (cost=34.93..3966.96 rows=1024 width=121)
	  Recheck Cond: ((id >= 4261111) AND (id <= 4262110))
	  ->  Bitmap Index Scan on sbtest8_pkey  (cost=0.00..34.68 rows=1024 width=0)
	        Index Cond: ((id >= 4261111) AND (id <= 4262110))

for: sum_ranges
table 1 : explain SELECT SUM(k) FROM sbtest1 WHERE id BETWEEN 5696033 AND 5697032
	Aggregate  (cost=3712.16..3712.17 rows=1 width=8)
	  ->  Bitmap Heap Scan on sbtest1  (cost=34.22..3709.77 rows=955 width=4)
	        Recheck Cond: ((id >= 5696033) AND (id <= 5697032))
	        ->  Bitmap Index Scan on sbtest1_pkey  (cost=0.00..33.98 rows=955 width=0)
	              Index Cond: ((id >= 5696033) AND (id <= 5697032))

table 2 : explain SELECT SUM(k) FROM sbtest2 WHERE id BETWEEN 1049638 AND 1050637
	Aggregate  (cost=3827.43..3827.44 rows=1 width=8)
	  ->  Bitmap Heap Scan on sbtest2  (cost=34.55..3824.96 rows=987 width=4)
	        Recheck Cond: ((id >= 1049638) AND (id <= 1050637))
	        ->  Bitmap Index Scan on sbtest2_pkey  (cost=0.00..34.31 rows=987 width=0)
	              Index Cond: ((id >= 1049638) AND (id <= 1050637))

table 3 : explain SELECT SUM(k) FROM sbtest3 WHERE id BETWEEN 180431 AND 181430
	Aggregate  (cost=3872.36..3872.37 rows=1 width=8)
	  ->  Bitmap Heap Scan on sbtest3  (cost=34.67..3869.86 rows=999 width=4)
	        Recheck Cond: ((id >= 180431) AND (id <= 181430))
	        ->  Bitmap Index Scan on sbtest3_pkey  (cost=0.00..34.43 rows=999 width=0)
	              Index Cond: ((id >= 180431) AND (id <= 181430))

table 4 : explain SELECT SUM(k) FROM sbtest4 WHERE id BETWEEN 9441720 AND 9442719
	Aggregate  (cost=3525.97..3525.98 rows=1 width=8)
	  ->  Bitmap Heap Scan on sbtest4  (cost=29.74..3523.70 rows=908 width=4)
	        Recheck Cond: ((id >= 9441720) AND (id <= 9442719))
	        ->  Bitmap Index Scan on sbtest4_pkey  (cost=0.00..29.51 rows=908 width=0)
	              Index Cond: ((id >= 9441720) AND (id <= 9442719))

table 5 : explain SELECT SUM(k) FROM sbtest5 WHERE id BETWEEN 9006008 AND 9007007
	Aggregate  (cost=3893.96..3893.97 rows=1 width=8)
	  ->  Bitmap Heap Scan on sbtest5  (cost=34.73..3891.45 rows=1004 width=4)
	        Recheck Cond: ((id >= 9006008) AND (id <= 9007007))
	        ->  Bitmap Index Scan on sbtest5_pkey  (cost=0.00..34.48 rows=1004 width=0)
	              Index Cond: ((id >= 9006008) AND (id <= 9007007))

table 6 : explain SELECT SUM(k) FROM sbtest6 WHERE id BETWEEN 5634877 AND 5635876
	Aggregate  (cost=4291.69..4291.70 rows=1 width=8)
	  ->  Bitmap Heap Scan on sbtest6  (cost=35.81..4288.91 rows=1110 width=4)
	        Recheck Cond: ((id >= 5634877) AND (id <= 5635876))
	        ->  Bitmap Index Scan on sbtest6_pkey  (cost=0.00..35.54 rows=1110 width=0)
	              Index Cond: ((id >= 5634877) AND (id <= 5635876))

table 7 : explain SELECT SUM(k) FROM sbtest7 WHERE id BETWEEN 8579898 AND 8580897
	Aggregate  (cost=3659.41..3659.42 rows=1 width=8)
	  ->  Bitmap Heap Scan on sbtest7  (cost=34.09..3657.06 rows=942 width=4)
	        Recheck Cond: ((id >= 8579898) AND (id <= 8580897))
	        ->  Bitmap Index Scan on sbtest7_pkey  (cost=0.00..33.86 rows=942 width=0)
	              Index Cond: ((id >= 8579898) AND (id <= 8580897))

table 8 : explain SELECT SUM(k) FROM sbtest8 WHERE id BETWEEN 2023653 AND 2024652
	Aggregate  (cost=4010.99..4011.00 rows=1 width=8)
	  ->  Bitmap Heap Scan on sbtest8  (cost=35.04..4008.40 rows=1035 width=4)
	        Recheck Cond: ((id >= 2023653) AND (id <= 2024652))
	        ->  Bitmap Index Scan on sbtest8_pkey  (cost=0.00..34.79 rows=1035 width=0)
	              Index Cond: ((id >= 2023653) AND (id <= 2024652))

for: order_ranges
table 1 : explain SELECT c FROM sbtest1 WHERE id BETWEEN 2952319 AND 2953318 ORDER BY c
	Sort  (cost=3710.97..3713.32 rows=943 width=121)
	  Sort Key: c
	  ->  Bitmap Heap Scan on sbtest1  (cost=34.10..3664.38 rows=943 width=121)
	        Recheck Cond: ((id >= 2952319) AND (id <= 2953318))
	        ->  Bitmap Index Scan on sbtest1_pkey  (cost=0.00..33.87 rows=943 width=0)
	              Index Cond: ((id >= 2952319) AND (id <= 2953318))

table 2 : explain SELECT c FROM sbtest2 WHERE id BETWEEN 423915 AND 424914 ORDER BY c
	Sort  (cost=4057.56..4060.15 rows=1035 width=121)
	  Sort Key: c
	  ->  Bitmap Heap Scan on sbtest2  (cost=35.04..4005.73 rows=1035 width=121)
	        Recheck Cond: ((id >= 423915) AND (id <= 424914))
	        ->  Bitmap Index Scan on sbtest2_pkey  (cost=0.00..34.79 rows=1035 width=0)
	              Index Cond: ((id >= 423915) AND (id <= 424914))

table 3 : explain SELECT c FROM sbtest3 WHERE id BETWEEN 4660891 AND 4661890 ORDER BY c
	Sort  (cost=3957.86..3960.39 rows=1009 width=121)
	  Sort Key: c
	  ->  Bitmap Heap Scan on sbtest3  (cost=34.78..3907.52 rows=1009 width=121)
	        Recheck Cond: ((id >= 4660891) AND (id <= 4661890))
	        ->  Bitmap Index Scan on sbtest3_pkey  (cost=0.00..34.53 rows=1009 width=0)
	              Index Cond: ((id >= 4660891) AND (id <= 4661890))

table 4 : explain SELECT c FROM sbtest4 WHERE id BETWEEN 7109712 AND 7110711 ORDER BY c
	Sort  (cost=4207.62..4210.31 rows=1074 width=121)
	  Sort Key: c
	  ->  Bitmap Heap Scan on sbtest4  (cost=35.44..4153.55 rows=1074 width=121)
	        Recheck Cond: ((id >= 7109712) AND (id <= 7110711))
	        ->  Bitmap Index Scan on sbtest4_pkey  (cost=0.00..35.18 rows=1074 width=0)
	              Index Cond: ((id >= 7109712) AND (id <= 7110711))

table 5 : explain SELECT c FROM sbtest5 WHERE id BETWEEN 1933822 AND 1934821 ORDER BY c
	Sort  (cost=4014.21..4016.76 rows=1023 width=121)
	  Sort Key: c
	  ->  Bitmap Heap Scan on sbtest5  (cost=34.92..3963.06 rows=1023 width=121)
	        Recheck Cond: ((id >= 1933822) AND (id <= 1934821))
	        ->  Bitmap Index Scan on sbtest5_pkey  (cost=0.00..34.67 rows=1023 width=0)
	              Index Cond: ((id >= 1933822) AND (id <= 1934821))

table 6 : explain SELECT c FROM sbtest6 WHERE id BETWEEN 8620974 AND 8621973 ORDER BY c
	Sort  (cost=4138.98..4141.62 rows=1056 width=121)
	  Sort Key: c
	  ->  Bitmap Heap Scan on sbtest6  (cost=35.26..4085.95 rows=1056 width=121)
	        Recheck Cond: ((id >= 8620974) AND (id <= 8621973))
	        ->  Bitmap Index Scan on sbtest6_pkey  (cost=0.00..35.00 rows=1056 width=0)
	              Index Cond: ((id >= 8620974) AND (id <= 8621973))

table 7 : explain SELECT c FROM sbtest7 WHERE id BETWEEN 4948026 AND 4949025 ORDER BY c
	Sort  (cost=3761.10..3763.49 rows=957 width=121)
	  Sort Key: c
	  ->  Bitmap Heap Scan on sbtest7  (cost=34.24..3713.71 rows=957 width=121)
	        Recheck Cond: ((id >= 4948026) AND (id <= 4949025))
	        ->  Bitmap Index Scan on sbtest7_pkey  (cost=0.00..34.01 rows=957 width=0)
	              Index Cond: ((id >= 4948026) AND (id <= 4949025))

table 8 : explain SELECT c FROM sbtest8 WHERE id BETWEEN 3829661 AND 3830660 ORDER BY c
	Sort  (cost=4171.08..4173.74 rows=1064 width=121)
	  Sort Key: c
	  ->  Bitmap Heap Scan on sbtest8  (cost=35.34..4117.59 rows=1064 width=121)
	        Recheck Cond: ((id >= 3829661) AND (id <= 3830660))
	        ->  Bitmap Index Scan on sbtest8_pkey  (cost=0.00..35.08 rows=1064 width=0)
	              Index Cond: ((id >= 3829661) AND (id <= 3830660))

for: simple_ranges
table 1 : explain SELECT c FROM sbtest1 WHERE id BETWEEN 4320365 AND 4321364
	Bitmap Heap Scan on sbtest1  (cost=34.69..3879.83 rows=1000 width=121)
	  Recheck Cond: ((id >= 4320365) AND (id <= 4321364))
	  ->  Bitmap Index Scan on sbtest1_pkey  (cost=0.00..34.44 rows=1000 width=0)
	        Index Cond: ((id >= 4320365) AND (id <= 4321364))

table 2 : explain SELECT c FROM sbtest2 WHERE id BETWEEN 3763592 AND 3764591
	Bitmap Heap Scan on sbtest2  (cost=29.55..3450.96 rows=889 width=121)
	  Recheck Cond: ((id >= 3763592) AND (id <= 3764591))
	  ->  Bitmap Index Scan on sbtest2_pkey  (cost=0.00..29.32 rows=889 width=0)
	        Index Cond: ((id >= 3763592) AND (id <= 3764591))

table 3 : explain SELECT c FROM sbtest3 WHERE id BETWEEN 567191 AND 568190
	Bitmap Heap Scan on sbtest3  (cost=34.93..3963.99 rows=1024 width=121)
	  Recheck Cond: ((id >= 567191) AND (id <= 568190))
	  ->  Bitmap Index Scan on sbtest3_pkey  (cost=0.00..34.68 rows=1024 width=0)
	        Index Cond: ((id >= 567191) AND (id <= 568190))

table 4 : explain SELECT c FROM sbtest4 WHERE id BETWEEN 3678738 AND 3679737
	Bitmap Heap Scan on sbtest4  (cost=35.01..3995.54 rows=1032 width=121)
	  Recheck Cond: ((id >= 3678738) AND (id <= 3679737))
	  ->  Bitmap Index Scan on sbtest4_pkey  (cost=0.00..34.76 rows=1032 width=0)
	        Index Cond: ((id >= 3678738) AND (id <= 3679737))

table 5 : explain SELECT c FROM sbtest5 WHERE id BETWEEN 8501663 AND 8502662
	Bitmap Heap Scan on sbtest5  (cost=34.50..3808.46 rows=982 width=121)
	  Recheck Cond: ((id >= 8501663) AND (id <= 8502662))
	  ->  Bitmap Index Scan on sbtest5_pkey  (cost=0.00..34.26 rows=982 width=0)
	        Index Cond: ((id >= 8501663) AND (id <= 8502662))

table 6 : explain SELECT c FROM sbtest6 WHERE id BETWEEN 8726380 AND 8727379
	Bitmap Heap Scan on sbtest6  (cost=30.02..3625.81 rows=935 width=121)
	  Recheck Cond: ((id >= 8726380) AND (id <= 8727379))
	  ->  Bitmap Index Scan on sbtest6_pkey  (cost=0.00..29.79 rows=935 width=0)
	        Index Cond: ((id >= 8726380) AND (id <= 8727379))

table 7 : explain SELECT c FROM sbtest7 WHERE id BETWEEN 946535 AND 947534
	Bitmap Heap Scan on sbtest7  (cost=34.12..3668.39 rows=945 width=121)
	  Recheck Cond: ((id >= 946535) AND (id <= 947534))
	  ->  Bitmap Index Scan on sbtest7_pkey  (cost=0.00..33.89 rows=945 width=0)
	        Index Cond: ((id >= 946535) AND (id <= 947534))

table 8 : explain SELECT c FROM sbtest8 WHERE id BETWEEN 8996835 AND 8997834
	Bitmap Heap Scan on sbtest8  (cost=29.91..3585.51 rows=924 width=121)
	  Recheck Cond: ((id >= 8996835) AND (id <= 8997834))
	  ->  Bitmap Index Scan on sbtest8_pkey  (cost=0.00..29.68 rows=924 width=0)
	        Index Cond: ((id >= 8996835) AND (id <= 8997834))
for: order_ranges
table 1 : explain SELECT c FROM sbtest1 WHERE id BETWEEN 5897652 AND 5898651 ORDER BY c
	Sort  (cost=3925.82..3928.32 rows=999 width=121)
	  Sort Key: c
	  ->  Bitmap Heap Scan on sbtest1  (cost=34.67..3876.05 rows=999 width=121)
	        Recheck Cond: ((id >= 5897652) AND (id <= 5898651))
	        ->  Bitmap Index Scan on sbtest1_pkey  (cost=0.00..34.43 rows=999 width=0)
	              Index Cond: ((id >= 5897652) AND (id <= 5898651))

table 2 : explain SELECT c FROM sbtest2 WHERE id BETWEEN 6412006 AND 6413005 ORDER BY c
	Sort  (cost=3954.37..3956.89 rows=1008 width=121)
	  Sort Key: c
	  ->  Bitmap Heap Scan on sbtest2  (cost=34.77..3904.08 rows=1008 width=121)
	        Recheck Cond: ((id >= 6412006) AND (id <= 6413005))
	        ->  Bitmap Index Scan on sbtest2_pkey  (cost=0.00..34.52 rows=1008 width=0)
	              Index Cond: ((id >= 6412006) AND (id <= 6413005))

table 3 : explain SELECT c FROM sbtest3 WHERE id BETWEEN 8697131 AND 8698130 ORDER BY c
	Sort  (cost=3938.75..3941.26 rows=1004 width=121)
	  Sort Key: c
	  ->  Bitmap Heap Scan on sbtest3  (cost=34.73..3888.69 rows=1004 width=121)
	        Recheck Cond: ((id >= 8697131) AND (id <= 8698130))
	        ->  Bitmap Index Scan on sbtest3_pkey  (cost=0.00..34.48 rows=1004 width=0)
	              Index Cond: ((id >= 8697131) AND (id <= 8698130))

table 4 : explain SELECT c FROM sbtest4 WHERE id BETWEEN 993026 AND 994025 ORDER BY c
	Sort  (cost=3921.00..3923.50 rows=999 width=121)
	  Sort Key: c
	  ->  Bitmap Heap Scan on sbtest4  (cost=34.67..3871.23 rows=999 width=121)
	        Recheck Cond: ((id >= 993026) AND (id <= 994025))
	        ->  Bitmap Index Scan on sbtest4_pkey  (cost=0.00..34.43 rows=999 width=0)
	              Index Cond: ((id >= 993026) AND (id <= 994025))

table 5 : explain SELECT c FROM sbtest5 WHERE id BETWEEN 840813 AND 841812 ORDER BY c
	Sort  (cost=3703.96..3706.32 rows=942 width=121)
	  Sort Key: c
	  ->  Bitmap Heap Scan on sbtest5  (cost=34.09..3657.43 rows=942 width=121)
	        Recheck Cond: ((id >= 840813) AND (id <= 841812))
	        ->  Bitmap Index Scan on sbtest5_pkey  (cost=0.00..33.86 rows=942 width=0)
	              Index Cond: ((id >= 840813) AND (id <= 841812))

table 6 : explain SELECT c FROM sbtest6 WHERE id BETWEEN 3960520 AND 3961519 ORDER BY c
	Sort  (cost=3909.60..3912.09 rows=996 width=121)
	  Sort Key: c
	  ->  Bitmap Heap Scan on sbtest6  (cost=34.64..3860.00 rows=996 width=121)
	        Recheck Cond: ((id >= 3960520) AND (id <= 3961519))
	        ->  Bitmap Index Scan on sbtest6_pkey  (cost=0.00..34.40 rows=996 width=0)
	              Index Cond: ((id >= 3960520) AND (id <= 3961519))

table 7 : explain SELECT c FROM sbtest7 WHERE id BETWEEN 5750353 AND 5751352 ORDER BY c
	Sort  (cost=4105.55..4108.16 rows=1047 width=121)
	  Sort Key: c
	  ->  Bitmap Heap Scan on sbtest7  (cost=35.17..4053.03 rows=1047 width=121)
	        Recheck Cond: ((id >= 5750353) AND (id <= 5751352))
	        ->  Bitmap Index Scan on sbtest7_pkey  (cost=0.00..34.91 rows=1047 width=0)
	              Index Cond: ((id >= 5750353) AND (id <= 5751352))

table 8 : explain SELECT c FROM sbtest8 WHERE id BETWEEN 8080771 AND 8081770 ORDER BY c
	Sort  (cost=4243.65..4246.36 rows=1083 width=121)
	  Sort Key: c
	  ->  Bitmap Heap Scan on sbtest8  (cost=35.54..4189.07 rows=1083 width=121)
	        Recheck Cond: ((id >= 8080771) AND (id <= 8081770))
	        ->  Bitmap Index Scan on sbtest8_pkey  (cost=0.00..35.27 rows=1083 width=0)
	              Index Cond: ((id >= 8080771) AND (id <= 8081770))


for: order_ranges
table 1 : explain SELECT c FROM sbtest1 WHERE id BETWEEN 7409514 AND 7410513 ORDER BY c
	Sort  (cost=3994.80..3997.34 rows=1017 width=121)
	  Sort Key: c
	  ->  Bitmap Heap Scan on sbtest1  (cost=34.86..3944.00 rows=1017 width=121)
	        Recheck Cond: ((id >= 7409514) AND (id <= 7410513))
	        ->  Bitmap Index Scan on sbtest1_pkey  (cost=0.00..34.61 rows=1017 width=0)
	              Index Cond: ((id >= 7409514) AND (id <= 7410513))

table 2 : explain SELECT c FROM sbtest2 WHERE id BETWEEN 6738069 AND 6739068 ORDER BY c
	Sort  (cost=3786.02..3788.43 rows=964 width=121)
	  Sort Key: c
	  ->  Bitmap Heap Scan on sbtest2  (cost=34.32..3738.24 rows=964 width=121)
	        Recheck Cond: ((id >= 6738069) AND (id <= 6739068))
	        ->  Bitmap Index Scan on sbtest2_pkey  (cost=0.00..34.08 rows=964 width=0)
	              Index Cond: ((id >= 6738069) AND (id <= 6739068))

table 3 : explain SELECT c FROM sbtest3 WHERE id BETWEEN 8240941 AND 8241940 ORDER BY c
	Sort  (cost=3923.45..3925.95 rows=1000 width=121)
	  Sort Key: c
	  ->  Bitmap Heap Scan on sbtest3  (cost=34.69..3873.63 rows=1000 width=121)
	        Recheck Cond: ((id >= 8240941) AND (id <= 8241940))
	        ->  Bitmap Index Scan on sbtest3_pkey  (cost=0.00..34.44 rows=1000 width=0)
	              Index Cond: ((id >= 8240941) AND (id <= 8241940))

table 4 : explain SELECT c FROM sbtest4 WHERE id BETWEEN 9904619 AND 9905618 ORDER BY c
	Sort  (cost=3886.56..3889.04 rows=990 width=121)
	  Sort Key: c
	  ->  Bitmap Heap Scan on sbtest4  (cost=34.58..3837.30 rows=990 width=121)
	        Recheck Cond: ((id >= 9904619) AND (id <= 9905618))
	        ->  Bitmap Index Scan on sbtest4_pkey  (cost=0.00..34.34 rows=990 width=0)
	              Index Cond: ((id >= 9904619) AND (id <= 9905618))

table 5 : explain SELECT c FROM sbtest5 WHERE id BETWEEN 1996214 AND 1997213 ORDER BY c
	Sort  (cost=3638.58..3640.90 rows=926 width=121)
	  Sort Key: c
	  ->  Bitmap Heap Scan on sbtest5  (cost=29.93..3592.96 rows=926 width=121)
	        Recheck Cond: ((id >= 1996214) AND (id <= 1997213))
	        ->  Bitmap Index Scan on sbtest5_pkey  (cost=0.00..29.69 rows=926 width=0)
	              Index Cond: ((id >= 1996214) AND (id <= 1997213))

table 6 : explain SELECT c FROM sbtest6 WHERE id BETWEEN 1137509 AND 1138508 ORDER BY c
	Sort  (cost=3729.61..3731.99 rows=949 width=121)
	  Sort Key: c
	  ->  Bitmap Heap Scan on sbtest6  (cost=34.16..3682.69 rows=949 width=121)
	        Recheck Cond: ((id >= 1137509) AND (id <= 1138508))
	        ->  Bitmap Index Scan on sbtest6_pkey  (cost=0.00..33.93 rows=949 width=0)
	              Index Cond: ((id >= 1137509) AND (id <= 1138508))

table 7 : explain SELECT c FROM sbtest7 WHERE id BETWEEN 9909059 AND 9910058 ORDER BY c
	Sort  (cost=3895.17..3897.65 rows=992 width=121)
	  Sort Key: c
	  ->  Bitmap Heap Scan on sbtest7  (cost=34.60..3845.79 rows=992 width=121)
	        Recheck Cond: ((id >= 9909059) AND (id <= 9910058))
	        ->  Bitmap Index Scan on sbtest7_pkey  (cost=0.00..34.36 rows=992 width=0)
	              Index Cond: ((id >= 9909059) AND (id <= 9910058))

table 8 : explain SELECT c FROM sbtest8 WHERE id BETWEEN 2036487 AND 2037486 ORDER BY c
	Sort  (cost=4060.23..4062.82 rows=1035 width=121)
	  Sort Key: c
	  ->  Bitmap Heap Scan on sbtest8  (cost=35.04..4008.40 rows=1035 width=121)
	        Recheck Cond: ((id >= 2036487) AND (id <= 2037486))
	        ->  Bitmap Index Scan on sbtest8_pkey  (cost=0.00..34.79 rows=1035 width=0)
	              Index Cond: ((id >= 2036487) AND (id <= 2037486))

for: distinct_ranges
table 1 : explain SELECT DISTINCT c FROM sbtest1 WHERE id BETWEEN 8100951 AND 8101950 ORDER BY c
	Unique  (cost=4155.61..4160.91 rows=1059 width=121)
	  ->  Sort  (cost=4155.61..4158.26 rows=1059 width=121)
	        Sort Key: c
	        ->  Bitmap Heap Scan on sbtest1  (cost=35.29..4102.41 rows=1059 width=121)
	              Recheck Cond: ((id >= 8100951) AND (id <= 8101950))
	              ->  Bitmap Index Scan on sbtest1_pkey  (cost=0.00..35.03 rows=1059 width=0)
	                    Index Cond: ((id >= 8100951) AND (id <= 8101950))

table 2 : explain SELECT DISTINCT c FROM sbtest2 WHERE id BETWEEN 2499374 AND 2500373 ORDER BY c
	Unique  (cost=3965.84..3970.89 rows=1011 width=121)
	  ->  Sort  (cost=3965.84..3968.37 rows=1011 width=121)
	        Sort Key: c
	        ->  Bitmap Heap Scan on sbtest2  (cost=34.80..3915.38 rows=1011 width=121)
	              Recheck Cond: ((id >= 2499374) AND (id <= 2500373))
	              ->  Bitmap Index Scan on sbtest2_pkey  (cost=0.00..34.55 rows=1011 width=0)
	                    Index Cond: ((id >= 2499374) AND (id <= 2500373))

table 3 : explain SELECT DISTINCT c FROM sbtest3 WHERE id BETWEEN 5744410 AND 5745409 ORDER BY c
	Unique  (cost=3586.30..3590.87 rows=913 width=121)
	  ->  Sort  (cost=3586.30..3588.59 rows=913 width=121)
	        Sort Key: c
	        ->  Bitmap Heap Scan on sbtest3  (cost=29.79..3541.41 rows=913 width=121)
	              Recheck Cond: ((id >= 5744410) AND (id <= 5745409))
	              ->  Bitmap Index Scan on sbtest3_pkey  (cost=0.00..29.57 rows=913 width=0)
	                    Index Cond: ((id >= 5744410) AND (id <= 5745409))

table 4 : explain SELECT DISTINCT c FROM sbtest4 WHERE id BETWEEN 379049 AND 380048 ORDER BY c
	Unique  (cost=3637.53..3642.16 rows=925 width=121)
	  ->  Sort  (cost=3637.53..3639.84 rows=925 width=121)
	        Sort Key: c
	        ->  Bitmap Heap Scan on sbtest4  (cost=33.92..3591.96 rows=925 width=121)
	              Recheck Cond: ((id >= 379049) AND (id <= 380048))
	              ->  Bitmap Index Scan on sbtest4_pkey  (cost=0.00..33.69 rows=925 width=0)
	                    Index Cond: ((id >= 379049) AND (id <= 380048))

table 5 : explain SELECT DISTINCT c FROM sbtest5 WHERE id BETWEEN 7760023 AND 7761022 ORDER BY c
	Unique  (cost=4014.21..4019.32 rows=1023 width=121)
	  ->  Sort  (cost=4014.21..4016.76 rows=1023 width=121)
	        Sort Key: c
	        ->  Bitmap Heap Scan on sbtest5  (cost=34.92..3963.06 rows=1023 width=121)
	              Recheck Cond: ((id >= 7760023) AND (id <= 7761022))
	              ->  Bitmap Index Scan on sbtest5_pkey  (cost=0.00..34.67 rows=1023 width=0)
	                    Index Cond: ((id >= 7760023) AND (id <= 7761022))

table 6 : explain SELECT DISTINCT c FROM sbtest6 WHERE id BETWEEN 1457487 AND 1458486 ORDER BY c
	Unique  (cost=4043.46..4048.61 rows=1031 width=121)
	  ->  Sort  (cost=4043.46..4046.03 rows=1031 width=121)
	        Sort Key: c
	        ->  Bitmap Heap Scan on sbtest6  (cost=35.00..3991.86 rows=1031 width=121)
	              Recheck Cond: ((id >= 1457487) AND (id <= 1458486))
	              ->  Bitmap Index Scan on sbtest6_pkey  (cost=0.00..34.75 rows=1031 width=0)
	                    Index Cond: ((id >= 1457487) AND (id <= 1458486))

table 7 : explain SELECT DISTINCT c FROM sbtest7 WHERE id BETWEEN 5925262 AND 5926261 ORDER BY c
	Unique  (cost=4143.76..4149.04 rows=1057 width=121)
	  ->  Sort  (cost=4143.76..4146.40 rows=1057 width=121)
	        Sort Key: c
	        ->  Bitmap Heap Scan on sbtest7  (cost=35.27..4090.67 rows=1057 width=121)
	              Recheck Cond: ((id >= 5925262) AND (id <= 5926261))
	              ->  Bitmap Index Scan on sbtest7_pkey  (cost=0.00..35.01 rows=1057 width=0)
	                    Index Cond: ((id >= 5925262) AND (id <= 5926261))

table 8 : explain SELECT DISTINCT c FROM sbtest8 WHERE id BETWEEN 1725135 AND 1726134 ORDER BY c
	Unique  (cost=3746.26..3751.02 rows=953 width=121)
	  ->  Sort  (cost=3746.26..3748.64 rows=953 width=121)
	        Sort Key: c
	        ->  Bitmap Heap Scan on sbtest8  (cost=34.20..3699.10 rows=953 width=121)
	              Recheck Cond: ((id >= 1725135) AND (id <= 1726134))
	              ->  Bitmap Index Scan on sbtest8_pkey  (cost=0.00..33.97 rows=953 width=0)
	                    Index Cond: ((id >= 1725135) AND (id <= 1726134))

for: simple_ranges
table 1 : explain SELECT c FROM sbtest1 WHERE id BETWEEN 5413664 AND 5414663
	Bitmap Heap Scan on sbtest1  (cost=35.21..4072.25 rows=1051 width=121)
	  Recheck Cond: ((id >= 5413664) AND (id <= 5414663))
	  ->  Bitmap Index Scan on sbtest1_pkey  (cost=0.00..34.95 rows=1051 width=0)
	        Index Cond: ((id >= 5413664) AND (id <= 5414663))

table 2 : explain SELECT c FROM sbtest2 WHERE id BETWEEN 7118947 AND 7119946
	Bitmap Heap Scan on sbtest2  (cost=34.81..3919.15 rows=1012 width=121)
	  Recheck Cond: ((id >= 7118947) AND (id <= 7119946))
	  ->  Bitmap Index Scan on sbtest2_pkey  (cost=0.00..34.56 rows=1012 width=0)
	        Index Cond: ((id >= 7118947) AND (id <= 7119946))

table 3 : explain SELECT c FROM sbtest3 WHERE id BETWEEN 9626657 AND 9627656
	Bitmap Heap Scan on sbtest3  (cost=29.57..3458.25 rows=891 width=121)
	  Recheck Cond: ((id >= 9626657) AND (id <= 9627656))
	  ->  Bitmap Index Scan on sbtest3_pkey  (cost=0.00..29.34 rows=891 width=0)
	        Index Cond: ((id >= 9626657) AND (id <= 9627656))

table 4 : explain SELECT c FROM sbtest4 WHERE id BETWEEN 225864 AND 226863
	Bitmap Heap Scan on sbtest4  (cost=34.66..3867.46 rows=998 width=121)
	  Recheck Cond: ((id >= 225864) AND (id <= 226863))
	  ->  Bitmap Index Scan on sbtest4_pkey  (cost=0.00..34.42 rows=998 width=0)
	        Index Cond: ((id >= 225864) AND (id <= 226863))

table 5 : explain SELECT c FROM sbtest5 WHERE id BETWEEN 3912502 AND 3913501
	Bitmap Heap Scan on sbtest5  (cost=35.14..4042.17 rows=1044 width=121)
	  Recheck Cond: ((id >= 3912502) AND (id <= 3913501))
	  ->  Bitmap Index Scan on sbtest5_pkey  (cost=0.00..34.88 rows=1044 width=0)
	        Index Cond: ((id >= 3912502) AND (id <= 3913501))

table 6 : explain SELECT c FROM sbtest6 WHERE id BETWEEN 346226 AND 347225
	Bitmap Heap Scan on sbtest6  (cost=29.41..3402.70 rows=876 width=121)
	  Recheck Cond: ((id >= 346226) AND (id <= 347225))
	  ->  Bitmap Index Scan on sbtest6_pkey  (cost=0.00..29.19 rows=876 width=0)
	        Index Cond: ((id >= 346226) AND (id <= 347225))

table 7 : explain SELECT c FROM sbtest7 WHERE id BETWEEN 9319002 AND 9320001
	Bitmap Heap Scan on sbtest7  (cost=29.98..3611.49 rows=931 width=121)
	  Recheck Cond: ((id >= 9319002) AND (id <= 9320001))
	  ->  Bitmap Index Scan on sbtest7_pkey  (cost=0.00..29.75 rows=931 width=0)
	        Index Cond: ((id >= 9319002) AND (id <= 9320001))

table 8 : explain SELECT c FROM sbtest8 WHERE id BETWEEN 6298181 AND 6299180
	Bitmap Heap Scan on sbtest8  (cost=34.39..3767.07 rows=971 width=121)
	  Recheck Cond: ((id >= 6298181) AND (id <= 6299180))
	  ->  Bitmap Index Scan on sbtest8_pkey  (cost=0.00..34.15 rows=971 width=0)
	        Index Cond: ((id >= 6298181) AND (id <= 6299180))

for: simple_ranges
table 1 : explain SELECT c FROM sbtest1 WHERE id BETWEEN 2887820 AND 2888819
	Bitmap Heap Scan on sbtest1  (cost=29.99..3618.75 rows=932 width=121)
	  Recheck Cond: ((id >= 2887820) AND (id <= 2888819))
	  ->  Bitmap Index Scan on sbtest1_pkey  (cost=0.00..29.75 rows=932 width=0)
	        Index Cond: ((id >= 2887820) AND (id <= 2888819))

table 2 : explain SELECT c FROM sbtest2 WHERE id BETWEEN 2975414 AND 2976413
	Bitmap Heap Scan on sbtest2  (cost=34.21..3700.51 rows=954 width=121)
	  Recheck Cond: ((id >= 2975414) AND (id <= 2976413))
	  ->  Bitmap Index Scan on sbtest2_pkey  (cost=0.00..33.98 rows=954 width=0)
	        Index Cond: ((id >= 2975414) AND (id <= 2976413))

table 3 : explain SELECT c FROM sbtest3 WHERE id BETWEEN 9371436 AND 9372435
	Bitmap Heap Scan on sbtest3  (cost=29.60..3469.59 rows=894 width=121)
	  Recheck Cond: ((id >= 9371436) AND (id <= 9372435))
	  ->  Bitmap Index Scan on sbtest3_pkey  (cost=0.00..29.37 rows=894 width=0)
	        Index Cond: ((id >= 9371436) AND (id <= 9372435))

table 4 : explain SELECT c FROM sbtest4 WHERE id BETWEEN 8582438 AND 8583437
	Bitmap Heap Scan on sbtest4  (cost=34.33..3743.01 rows=965 width=121)
	  Recheck Cond: ((id >= 8582438) AND (id <= 8583437))
	  ->  Bitmap Index Scan on sbtest4_pkey  (cost=0.00..34.09 rows=965 width=0)
	        Index Cond: ((id >= 8582438) AND (id <= 8583437))

table 5 : explain SELECT c FROM sbtest5 WHERE id BETWEEN 6207569 AND 6208568
	Bitmap Heap Scan on sbtest5  (cost=35.17..4053.46 rows=1047 width=121)
	  Recheck Cond: ((id >= 6207569) AND (id <= 6208568))
	  ->  Bitmap Index Scan on sbtest5_pkey  (cost=0.00..34.91 rows=1047 width=0)
	        Index Cond: ((id >= 6207569) AND (id <= 6208568))

table 6 : explain SELECT c FROM sbtest6 WHERE id BETWEEN 74583 AND 75582
	Bitmap Heap Scan on sbtest6  (cost=34.81..3920.30 rows=1012 width=121)
	  Recheck Cond: ((id >= 74583) AND (id <= 75582))
	  ->  Bitmap Index Scan on sbtest6_pkey  (cost=0.00..34.56 rows=1012 width=0)
	        Index Cond: ((id >= 74583) AND (id <= 75582))

table 7 : explain SELECT c FROM sbtest7 WHERE id BETWEEN 1033022 AND 1034021
	Bitmap Heap Scan on sbtest7  (cost=34.42..3777.89 rows=974 width=121)
	  Recheck Cond: ((id >= 1033022) AND (id <= 1034021))
	  ->  Bitmap Index Scan on sbtest7_pkey  (cost=0.00..34.18 rows=974 width=0)
	        Index Cond: ((id >= 1033022) AND (id <= 1034021))

table 8 : explain SELECT c FROM sbtest8 WHERE id BETWEEN 1964918 AND 1965917
	Bitmap Heap Scan on sbtest8  (cost=35.01..3997.10 rows=1032 width=121)
	  Recheck Cond: ((id >= 1964918) AND (id <= 1965917))
	  ->  Bitmap Index Scan on sbtest8_pkey  (cost=0.00..34.76 rows=1032 width=0)
	        Index Cond: ((id >= 1964918) AND (id <= 1965917))

for: order_ranges
table 1 : explain SELECT c FROM sbtest1 WHERE id BETWEEN 7229869 AND 7230868 ORDER BY c
	Sort  (cost=3814.60..3817.03 rows=970 width=121)
	  Sort Key: c
	  ->  Bitmap Heap Scan on sbtest1  (cost=34.38..3766.48 rows=970 width=121)
	        Recheck Cond: ((id >= 7229869) AND (id <= 7230868))
	        ->  Bitmap Index Scan on sbtest1_pkey  (cost=0.00..34.14 rows=970 width=0)
	              Index Cond: ((id >= 7229869) AND (id <= 7230868))

table 2 : explain SELECT c FROM sbtest2 WHERE id BETWEEN 7510658 AND 7511657 ORDER BY c
	Sort  (cost=4183.56..4186.23 rows=1068 width=121)
	  Sort Key: c
	  ->  Bitmap Heap Scan on sbtest2  (cost=35.38..4129.84 rows=1068 width=121)
	        Recheck Cond: ((id >= 7510658) AND (id <= 7511657))
	        ->  Bitmap Index Scan on sbtest2_pkey  (cost=0.00..35.12 rows=1068 width=0)
	              Index Cond: ((id >= 7510658) AND (id <= 7511657))

table 3 : explain SELECT c FROM sbtest3 WHERE id BETWEEN 7480169 AND 7481168 ORDER BY c
	Sort  (cost=3678.30..3680.64 rows=937 width=121)
	  Sort Key: c
	  ->  Bitmap Heap Scan on sbtest3  (cost=30.04..3632.05 rows=937 width=121)
	        Recheck Cond: ((id >= 7480169) AND (id <= 7481168))
	        ->  Bitmap Index Scan on sbtest3_pkey  (cost=0.00..29.80 rows=937 width=0)
	              Index Cond: ((id >= 7480169) AND (id <= 7481168))

table 4 : explain SELECT c FROM sbtest4 WHERE id BETWEEN 2822119 AND 2823118 ORDER BY c
	Sort  (cost=4127.44..4130.07 rows=1053 width=121)
	  Sort Key: c
	  ->  Bitmap Heap Scan on sbtest4  (cost=35.23..4074.57 rows=1053 width=121)
	        Recheck Cond: ((id >= 2822119) AND (id <= 2823118))
	        ->  Bitmap Index Scan on sbtest4_pkey  (cost=0.00..34.97 rows=1053 width=0)
	              Index Cond: ((id >= 2822119) AND (id <= 2823118))

table 5 : explain SELECT c FROM sbtest5 WHERE id BETWEEN 2793907 AND 2794906 ORDER BY c
	Sort  (cost=3998.90..4001.45 rows=1019 width=121)
	  Sort Key: c
	  ->  Bitmap Heap Scan on sbtest5  (cost=34.88..3947.99 rows=1019 width=121)
	        Recheck Cond: ((id >= 2793907) AND (id <= 2794906))
	        ->  Bitmap Index Scan on sbtest5_pkey  (cost=0.00..34.62 rows=1019 width=0)
	              Index Cond: ((id >= 2793907) AND (id <= 2794906))

table 6 : explain SELECT c FROM sbtest6 WHERE id BETWEEN 4503347 AND 4504346 ORDER BY c
	Sort  (cost=3844.53..3846.98 rows=979 width=121)
	  Sort Key: c
	  ->  Bitmap Heap Scan on sbtest6  (cost=34.47..3795.90 rows=979 width=121)
	        Recheck Cond: ((id >= 4503347) AND (id <= 4504346))
	        ->  Bitmap Index Scan on sbtest6_pkey  (cost=0.00..34.23 rows=979 width=0)
	              Index Cond: ((id >= 4503347) AND (id <= 4504346))

table 7 : explain SELECT c FROM sbtest7 WHERE id BETWEEN 1703343 AND 1704342 ORDER BY c
	Sort  (cost=4101.72..4104.34 rows=1046 width=121)
	  Sort Key: c
	  ->  Bitmap Heap Scan on sbtest7  (cost=35.16..4049.26 rows=1046 width=121)
	        Recheck Cond: ((id >= 1703343) AND (id <= 1704342))
	        ->  Bitmap Index Scan on sbtest7_pkey  (cost=0.00..34.90 rows=1046 width=0)
	              Index Cond: ((id >= 1703343) AND (id <= 1704342))

table 8 : explain SELECT c FROM sbtest8 WHERE id BETWEEN 999121 AND 1000120 ORDER BY c
	Sort  (cost=4167.26..4169.92 rows=1063 width=121)
	  Sort Key: c
	  ->  Bitmap Heap Scan on sbtest8  (cost=35.33..4113.82 rows=1063 width=121)
	        Recheck Cond: ((id >= 999121) AND (id <= 1000120))
	        ->  Bitmap Index Scan on sbtest8_pkey  (cost=0.00..35.07 rows=1063 width=0)
	              Index Cond: ((id >= 999121) AND (id <= 1000120))

for: distinct_ranges
table 1 : explain SELECT DISTINCT c FROM sbtest1 WHERE id BETWEEN 2721099 AND 2722098 ORDER BY c
	Unique  (cost=3607.08..3611.67 rows=917 width=121)
	  ->  Sort  (cost=3607.08..3609.38 rows=917 width=121)
	        Sort Key: c
	        ->  Bitmap Heap Scan on sbtest1  (cost=29.83..3561.96 rows=917 width=121)
	              Recheck Cond: ((id >= 2721099) AND (id <= 2722098))
	              ->  Bitmap Index Scan on sbtest1_pkey  (cost=0.00..29.61 rows=917 width=0)
	                    Index Cond: ((id >= 2721099) AND (id <= 2722098))

table 2 : explain SELECT DISTINCT c FROM sbtest2 WHERE id BETWEEN 7012515 AND 7013514 ORDER BY c
	Unique  (cost=4107.21..4112.45 rows=1048 width=121)
	  ->  Sort  (cost=4107.21..4109.83 rows=1048 width=121)
	        Sort Key: c
	        ->  Bitmap Heap Scan on sbtest2  (cost=35.18..4054.64 rows=1048 width=121)
	              Recheck Cond: ((id >= 7012515) AND (id <= 7013514))
	              ->  Bitmap Index Scan on sbtest2_pkey  (cost=0.00..34.92 rows=1048 width=0)
	                    Index Cond: ((id >= 7012515) AND (id <= 7013514))

table 3 : explain SELECT DISTINCT c FROM sbtest3 WHERE id BETWEEN 3972662 AND 3973661 ORDER BY c
	Unique  (cost=4335.82..4341.37 rows=1109 width=121)
	  ->  Sort  (cost=4335.82..4338.60 rows=1109 width=121)
	        Sort Key: c
	        ->  Bitmap Heap Scan on sbtest3  (cost=35.80..4279.74 rows=1109 width=121)
	              Recheck Cond: ((id >= 3972662) AND (id <= 3973661))
	              ->  Bitmap Index Scan on sbtest3_pkey  (cost=0.00..35.53 rows=1109 width=0)
	                    Index Cond: ((id >= 3972662) AND (id <= 3973661))

table 4 : explain SELECT DISTINCT c FROM sbtest4 WHERE id BETWEEN 7403258 AND 7404257 ORDER BY c
	Unique  (cost=3993.68..3998.77 rows=1018 width=121)
	  ->  Sort  (cost=3993.68..3996.22 rows=1018 width=121)
	        Sort Key: c
	        ->  Bitmap Heap Scan on sbtest4  (cost=34.87..3942.82 rows=1018 width=121)
	              Recheck Cond: ((id >= 7403258) AND (id <= 7404257))
	              ->  Bitmap Index Scan on sbtest4_pkey  (cost=0.00..34.62 rows=1018 width=0)
	                    Index Cond: ((id >= 7403258) AND (id <= 7404257))

table 5 : explain SELECT DISTINCT c FROM sbtest5 WHERE id BETWEEN 3550093 AND 3551092 ORDER BY c
	Unique  (cost=4178.59..4183.92 rows=1066 width=121)
	  ->  Sort  (cost=4178.59..4181.25 rows=1066 width=121)
	        Sort Key: c
	        ->  Bitmap Heap Scan on sbtest5  (cost=35.36..4124.98 rows=1066 width=121)
	              Recheck Cond: ((id >= 3550093) AND (id <= 3551092))
	              ->  Bitmap Index Scan on sbtest5_pkey  (cost=0.00..35.09 rows=1066 width=0)
	                    Index Cond: ((id >= 3550093) AND (id <= 3551092))

table 6 : explain SELECT DISTINCT c FROM sbtest6 WHERE id BETWEEN 7933168 AND 7934167 ORDER BY c
	Unique  (cost=4066.39..4071.57 rows=1037 width=121)
	  ->  Sort  (cost=4066.39..4068.98 rows=1037 width=121)
	        Sort Key: c
	        ->  Bitmap Heap Scan on sbtest6  (cost=35.06..4014.45 rows=1037 width=121)
	              Recheck Cond: ((id >= 7933168) AND (id <= 7934167))
	              ->  Bitmap Index Scan on sbtest6_pkey  (cost=0.00..34.81 rows=1037 width=0)
	                    Index Cond: ((id >= 7933168) AND (id <= 7934167))

table 7 : explain SELECT DISTINCT c FROM sbtest7 WHERE id BETWEEN 9142043 AND 9143042 ORDER BY c
	Unique  (cost=3576.82..3581.37 rows=910 width=121)
	  ->  Sort  (cost=3576.82..3579.10 rows=910 width=121)
	        Sort Key: c
	        ->  Bitmap Heap Scan on sbtest7  (cost=29.76..3532.10 rows=910 width=121)
	              Recheck Cond: ((id >= 9142043) AND (id <= 9143042))
	              ->  Bitmap Index Scan on sbtest7_pkey  (cost=0.00..29.54 rows=910 width=0)
	                    Index Cond: ((id >= 9142043) AND (id <= 9143042))

table 8 : explain SELECT DISTINCT c FROM sbtest8 WHERE id BETWEEN 7395906 AND 7396905 ORDER BY c
	Unique  (cost=3803.75..3808.59 rows=968 width=121)
	  ->  Sort  (cost=3803.75..3806.17 rows=968 width=121)
	        Sort Key: c
	        ->  Bitmap Heap Scan on sbtest8  (cost=34.36..3755.74 rows=968 width=121)
	              Recheck Cond: ((id >= 7395906) AND (id <= 7396905))
	              ->  Bitmap Index Scan on sbtest8_pkey  (cost=0.00..34.12 rows=968 width=0)
	                    Index Cond: ((id >= 7395906) AND (id <= 7396905))

for: distinct_ranges
table 1 : explain SELECT DISTINCT c FROM sbtest1 WHERE id BETWEEN 2369303 AND 2370302 ORDER BY c
	Unique  (cost=3921.99..3926.98 rows=998 width=121)
	  ->  Sort  (cost=3921.99..3924.48 rows=998 width=121)
	        Sort Key: c
	        ->  Bitmap Heap Scan on sbtest1  (cost=34.66..3872.27 rows=998 width=121)
	              Recheck Cond: ((id >= 2369303) AND (id <= 2370302))
	              ->  Bitmap Index Scan on sbtest1_pkey  (cost=0.00..34.42 rows=998 width=0)
	                    Index Cond: ((id >= 2369303) AND (id <= 2370302))

table 2 : explain SELECT DISTINCT c FROM sbtest2 WHERE id BETWEEN 2184886 AND 2185885 ORDER BY c
	Unique  (cost=4133.94..4139.21 rows=1055 width=121)
	  ->  Sort  (cost=4133.94..4136.58 rows=1055 width=121)
	        Sort Key: c
	        ->  Bitmap Heap Scan on sbtest2  (cost=35.25..4080.96 rows=1055 width=121)
	              Recheck Cond: ((id >= 2184886) AND (id <= 2185885))
	              ->  Bitmap Index Scan on sbtest2_pkey  (cost=0.00..34.98 rows=1055 width=0)
	                    Index Cond: ((id >= 2184886) AND (id <= 2185885))

table 3 : explain SELECT DISTINCT c FROM sbtest3 WHERE id BETWEEN 4968748 AND 4969747 ORDER BY c
	Unique  (cost=3957.86..3962.91 rows=1009 width=121)
	  ->  Sort  (cost=3957.86..3960.39 rows=1009 width=121)
	        Sort Key: c
	        ->  Bitmap Heap Scan on sbtest3  (cost=34.78..3907.52 rows=1009 width=121)
	              Recheck Cond: ((id >= 4968748) AND (id <= 4969747))
	              ->  Bitmap Index Scan on sbtest3_pkey  (cost=0.00..34.53 rows=1009 width=0)
	                    Index Cond: ((id >= 4968748) AND (id <= 4969747))

table 4 : explain SELECT DISTINCT c FROM sbtest4 WHERE id BETWEEN 2610284 AND 2611283 ORDER BY c
	Unique  (cost=3855.94..3860.85 rows=982 width=121)
	  ->  Sort  (cost=3855.94..3858.39 rows=982 width=121)
	        Sort Key: c
	        ->  Bitmap Heap Scan on sbtest4  (cost=34.50..3807.14 rows=982 width=121)
	              Recheck Cond: ((id >= 2610284) AND (id <= 2611283))
	              ->  Bitmap Index Scan on sbtest4_pkey  (cost=0.00..34.26 rows=982 width=0)
	                    Index Cond: ((id >= 2610284) AND (id <= 2611283))

table 5 : explain SELECT DISTINCT c FROM sbtest5 WHERE id BETWEEN 2405081 AND 2406080 ORDER BY c
	Unique  (cost=3788.30..3793.12 rows=964 width=121)
	  ->  Sort  (cost=3788.30..3790.71 rows=964 width=121)
	        Sort Key: c
	        ->  Bitmap Heap Scan on sbtest5  (cost=34.32..3740.52 rows=964 width=121)
	              Recheck Cond: ((id >= 2405081) AND (id <= 2406080))
	              ->  Bitmap Index Scan on sbtest5_pkey  (cost=0.00..34.08 rows=964 width=0)
	                    Index Cond: ((id >= 2405081) AND (id <= 2406080))

table 6 : explain SELECT DISTINCT c FROM sbtest6 WHERE id BETWEEN 8202258 AND 8203257 ORDER BY c
	Unique  (cost=3744.94..3749.71 rows=953 width=121)
	  ->  Sort  (cost=3744.94..3747.33 rows=953 width=121)
	        Sort Key: c
	        ->  Bitmap Heap Scan on sbtest6  (cost=34.20..3697.79 rows=953 width=121)
	              Recheck Cond: ((id >= 8202258) AND (id <= 8203257))
	              ->  Bitmap Index Scan on sbtest6_pkey  (cost=0.00..33.97 rows=953 width=0)
	                    Index Cond: ((id >= 8202258) AND (id <= 8203257))

table 7 : explain SELECT DISTINCT c FROM sbtest7 WHERE id BETWEEN 6113078 AND 6114077 ORDER BY c
	Unique  (cost=3921.96..3926.96 rows=999 width=121)
	  ->  Sort  (cost=3921.96..3924.46 rows=999 width=121)
	        Sort Key: c
	        ->  Bitmap Heap Scan on sbtest7  (cost=34.67..3872.19 rows=999 width=121)
	              Recheck Cond: ((id >= 6113078) AND (id <= 6114077))
	              ->  Bitmap Index Scan on sbtest7_pkey  (cost=0.00..34.43 rows=999 width=0)
	                    Index Cond: ((id >= 6113078) AND (id <= 6114077))

table 8 : explain SELECT DISTINCT c FROM sbtest8 WHERE id BETWEEN 9556385 AND 9557384 ORDER BY c
	Unique  (cost=3757.76..3762.54 rows=956 width=121)
	  ->  Sort  (cost=3757.76..3760.15 rows=956 width=121)
	        Sort Key: c
	        ->  Bitmap Heap Scan on sbtest8  (cost=34.23..3710.43 rows=956 width=121)
	              Recheck Cond: ((id >= 9556385) AND (id <= 9557384))
	              ->  Bitmap Index Scan on sbtest8_pkey  (cost=0.00..34.00 rows=956 width=0)
	                    Index Cond: ((id >= 9556385) AND (id <= 9557384))

for: sum_ranges
table 1 : explain SELECT SUM(k) FROM sbtest1 WHERE id BETWEEN 5807053 AND 5808052
	Aggregate  (cost=3920.11..3920.12 rows=1 width=8)
	  ->  Bitmap Heap Scan on sbtest1  (cost=34.79..3917.58 rows=1010 width=4)
	        Recheck Cond: ((id >= 5807053) AND (id <= 5808052))
	        ->  Bitmap Index Scan on sbtest1_pkey  (cost=0.00..34.54 rows=1010 width=0)
	              Index Cond: ((id >= 5807053) AND (id <= 5808052))

table 2 : explain SELECT SUM(k) FROM sbtest2 WHERE id BETWEEN 3275780 AND 3276779
	Aggregate  (cost=4113.70..4113.71 rows=1 width=8)
	  ->  Bitmap Heap Scan on sbtest2  (cost=35.33..4111.04 rows=1063 width=4)
	        Recheck Cond: ((id >= 3275780) AND (id <= 3276779))
	        ->  Bitmap Index Scan on sbtest2_pkey  (cost=0.00..35.07 rows=1063 width=0)
	              Index Cond: ((id >= 3275780) AND (id <= 3276779))

table 3 : explain SELECT SUM(k) FROM sbtest3 WHERE id BETWEEN 2981143 AND 2982142
	Aggregate  (cost=3751.66..3751.67 rows=1 width=8)
	  ->  Bitmap Heap Scan on sbtest3  (cost=34.35..3749.25 rows=967 width=4)
	        Recheck Cond: ((id >= 2981143) AND (id <= 2982142))
	        ->  Bitmap Index Scan on sbtest3_pkey  (cost=0.00..34.11 rows=967 width=0)
	              Index Cond: ((id >= 2981143) AND (id <= 2982142))

table 4 : explain SELECT SUM(k) FROM sbtest4 WHERE id BETWEEN 333931 AND 334930
	Aggregate  (cost=3594.27..3594.28 rows=1 width=8)
	  ->  Bitmap Heap Scan on sbtest4  (cost=33.92..3591.96 rows=925 width=4)
	        Recheck Cond: ((id >= 333931) AND (id <= 334930))
	        ->  Bitmap Index Scan on sbtest4_pkey  (cost=0.00..33.69 rows=925 width=0)
	              Index Cond: ((id >= 333931) AND (id <= 334930))

table 5 : explain SELECT SUM(k) FROM sbtest5 WHERE id BETWEEN 5596512 AND 5597511
	Aggregate  (cost=3678.69..3678.70 rows=1 width=8)
	  ->  Bitmap Heap Scan on sbtest5  (cost=34.14..3676.32 rows=947 width=4)
	        Recheck Cond: ((id >= 5596512) AND (id <= 5597511))
	        ->  Bitmap Index Scan on sbtest5_pkey  (cost=0.00..33.91 rows=947 width=0)
	              Index Cond: ((id >= 5596512) AND (id <= 5597511))

table 6 : explain SELECT SUM(k) FROM sbtest6 WHERE id BETWEEN 1173189 AND 1174188
	Aggregate  (cost=3348.06..3348.07 rows=1 width=8)
	  ->  Bitmap Heap Scan on sbtest6  (cost=29.26..3345.91 rows=861 width=4)
	        Recheck Cond: ((id >= 1173189) AND (id <= 1174188))
	        ->  Bitmap Index Scan on sbtest6_pkey  (cost=0.00..29.04 rows=861 width=0)
	              Index Cond: ((id >= 1173189) AND (id <= 1174188))

table 7 : explain SELECT SUM(k) FROM sbtest7 WHERE id BETWEEN 4027648 AND 4028647
	Aggregate  (cost=3923.73..3923.74 rows=1 width=8)
	  ->  Bitmap Heap Scan on sbtest7  (cost=34.81..3921.20 rows=1012 width=4)
	        Recheck Cond: ((id >= 4027648) AND (id <= 4028647))
	        ->  Bitmap Index Scan on sbtest7_pkey  (cost=0.00..34.56 rows=1012 width=0)
	              Index Cond: ((id >= 4027648) AND (id <= 4028647))

table 8 : explain SELECT SUM(k) FROM sbtest8 WHERE id BETWEEN 2700600 AND 2701599
	Aggregate  (cost=3773.27..3773.28 rows=1 width=8)
	  ->  Bitmap Heap Scan on sbtest8  (cost=34.40..3770.84 rows=972 width=4)
	        Recheck Cond: ((id >= 2700600) AND (id <= 2701599))
	        ->  Bitmap Index Scan on sbtest8_pkey  (cost=0.00..34.16 rows=972 width=0)
	              Index Cond: ((id >= 2700600) AND (id <= 2701599))

for: sum_ranges
table 1 : explain SELECT SUM(k) FROM sbtest1 WHERE id BETWEEN 8937037 AND 8938036
	Aggregate  (cost=3329.07..3329.08 rows=1 width=8)
	  ->  Bitmap Heap Scan on sbtest1  (cost=29.20..3326.93 rows=855 width=4)
	        Recheck Cond: ((id >= 8937037) AND (id <= 8938036))
	        ->  Bitmap Index Scan on sbtest1_pkey  (cost=0.00..28.98 rows=855 width=0)
	              Index Cond: ((id >= 8937037) AND (id <= 8938036))

table 2 : explain SELECT SUM(k) FROM sbtest2 WHERE id BETWEEN 4702548 AND 4703547
	Aggregate  (cost=4230.26..4230.27 rows=1 width=8)
	  ->  Bitmap Heap Scan on sbtest2  (cost=35.65..4227.52 rows=1094 width=4)
	        Recheck Cond: ((id >= 4702548) AND (id <= 4703547))
	        ->  Bitmap Index Scan on sbtest2_pkey  (cost=0.00..35.38 rows=1094 width=0)
	              Index Cond: ((id >= 4702548) AND (id <= 4703547))

table 3 : explain SELECT SUM(k) FROM sbtest3 WHERE id BETWEEN 3999676 AND 4000675
	Aggregate  (cost=3396.13..3396.14 rows=1 width=8)
	  ->  Bitmap Heap Scan on sbtest3  (cost=29.39..3393.95 rows=874 width=4)
	        Recheck Cond: ((id >= 3999676) AND (id <= 4000675))
	        ->  Bitmap Index Scan on sbtest3_pkey  (cost=0.00..29.18 rows=874 width=0)
	              Index Cond: ((id >= 3999676) AND (id <= 4000675))

table 4 : explain SELECT SUM(k) FROM sbtest4 WHERE id BETWEEN 111421 AND 112420
	Aggregate  (cost=4186.33..4186.34 rows=1 width=8)
	  ->  Bitmap Heap Scan on sbtest4  (cost=35.53..4183.63 rows=1082 width=4)
	        Recheck Cond: ((id >= 111421) AND (id <= 112420))
	        ->  Bitmap Index Scan on sbtest4_pkey  (cost=0.00..35.26 rows=1082 width=0)
	              Index Cond: ((id >= 111421) AND (id <= 112420))

table 5 : explain SELECT SUM(k) FROM sbtest5 WHERE id BETWEEN 8961341 AND 8962340
	Aggregate  (cost=3693.81..3693.82 rows=1 width=8)
	  ->  Bitmap Heap Scan on sbtest5  (cost=34.18..3691.43 rows=951 width=4)
	        Recheck Cond: ((id >= 8961341) AND (id <= 8962340))
	        ->  Bitmap Index Scan on sbtest5_pkey  (cost=0.00..33.95 rows=951 width=0)
	              Index Cond: ((id >= 8961341) AND (id <= 8962340))

table 6 : explain SELECT SUM(k) FROM sbtest6 WHERE id BETWEEN 2211882 AND 2212881
	Aggregate  (cost=3915.29..3915.30 rows=1 width=8)
	  ->  Bitmap Heap Scan on sbtest6  (cost=34.79..3912.76 rows=1010 width=4)
	        Recheck Cond: ((id >= 2211882) AND (id <= 2212881))
	        ->  Bitmap Index Scan on sbtest6_pkey  (cost=0.00..34.54 rows=1010 width=0)
	              Index Cond: ((id >= 2211882) AND (id <= 2212881))

table 7 : explain SELECT SUM(k) FROM sbtest7 WHERE id BETWEEN 9539253 AND 9540252
	Aggregate  (cost=3897.32..3897.33 rows=1 width=8)
	  ->  Bitmap Heap Scan on sbtest7  (cost=34.74..3894.81 rows=1005 width=4)
	        Recheck Cond: ((id >= 9539253) AND (id <= 9540252))
	        ->  Bitmap Index Scan on sbtest7_pkey  (cost=0.00..34.48 rows=1005 width=0)
	              Index Cond: ((id >= 9539253) AND (id <= 9540252))

table 8 : explain SELECT SUM(k) FROM sbtest8 WHERE id BETWEEN 9898592 AND 9899591
	Aggregate  (cost=4056.21..4056.22 rows=1 width=8)
	  ->  Bitmap Heap Scan on sbtest8  (cost=35.17..4053.60 rows=1047 width=4)
	        Recheck Cond: ((id >= 9898592) AND (id <= 9899591))
	        ->  Bitmap Index Scan on sbtest8_pkey  (cost=0.00..34.91 rows=1047 width=0)
	              Index Cond: ((id >= 9898592) AND (id <= 9899591))

for: sum_ranges
table 1 : explain SELECT SUM(k) FROM sbtest1 WHERE id BETWEEN 3602004 AND 3603003
	Aggregate  (cost=3761.34..3761.35 rows=1 width=8)
	  ->  Bitmap Heap Scan on sbtest1  (cost=34.36..3758.92 rows=968 width=4)
	        Recheck Cond: ((id >= 3602004) AND (id <= 3603003))
	        ->  Bitmap Index Scan on sbtest1_pkey  (cost=0.00..34.12 rows=968 width=0)
	              Index Cond: ((id >= 3602004) AND (id <= 3603003))

table 2 : explain SELECT SUM(k) FROM sbtest2 WHERE id BETWEEN 4560776 AND 4561775
	Aggregate  (cost=4177.63..4177.64 rows=1 width=8)
	  ->  Bitmap Heap Scan on sbtest2  (cost=35.51..4174.93 rows=1080 width=4)
	        Recheck Cond: ((id >= 4560776) AND (id <= 4561775))
	        ->  Bitmap Index Scan on sbtest2_pkey  (cost=0.00..35.23 rows=1080 width=0)
	              Index Cond: ((id >= 4560776) AND (id <= 4561775))

table 3 : explain SELECT SUM(k) FROM sbtest3 WHERE id BETWEEN 6766388 AND 6767387
	Aggregate  (cost=4154.71..4154.72 rows=1 width=8)
	  ->  Bitmap Heap Scan on sbtest3  (cost=35.44..4152.03 rows=1074 width=4)
	        Recheck Cond: ((id >= 6766388) AND (id <= 6767387))
	        ->  Bitmap Index Scan on sbtest3_pkey  (cost=0.00..35.18 rows=1074 width=0)
	              Index Cond: ((id >= 6766388) AND (id <= 6767387))

table 4 : explain SELECT SUM(k) FROM sbtest4 WHERE id BETWEEN 3949407 AND 3950406
	Aggregate  (cost=3885.04..3885.05 rows=1 width=8)
	  ->  Bitmap Heap Scan on sbtest4  (cost=34.71..3882.54 rows=1002 width=4)
	        Recheck Cond: ((id >= 3949407) AND (id <= 3950406))
	        ->  Bitmap Index Scan on sbtest4_pkey  (cost=0.00..34.45 rows=1002 width=0)
	              Index Cond: ((id >= 3949407) AND (id <= 3950406))

table 5 : explain SELECT SUM(k) FROM sbtest5 WHERE id BETWEEN 7937414 AND 7938413
	Aggregate  (cost=3897.73..3897.74 rows=1 width=8)
	  ->  Bitmap Heap Scan on sbtest5  (cost=34.74..3895.22 rows=1005 width=4)
	        Recheck Cond: ((id >= 7937414) AND (id <= 7938413))
	        ->  Bitmap Index Scan on sbtest5_pkey  (cost=0.00..34.48 rows=1005 width=0)
	              Index Cond: ((id >= 7937414) AND (id <= 7938413))

table 6 : explain SELECT SUM(k) FROM sbtest6 WHERE id BETWEEN 3839816 AND 3840815
	Aggregate  (cost=3971.83..3971.84 rows=1 width=8)
	  ->  Bitmap Heap Scan on sbtest6  (cost=34.94..3969.26 rows=1025 width=4)
	        Recheck Cond: ((id >= 3839816) AND (id <= 3840815))
	        ->  Bitmap Index Scan on sbtest6_pkey  (cost=0.00..34.69 rows=1025 width=0)
	              Index Cond: ((id >= 3839816) AND (id <= 3840815))

table 7 : explain SELECT SUM(k) FROM sbtest7 WHERE id BETWEEN 7199657 AND 7200656
	Aggregate  (cost=3919.95..3919.96 rows=1 width=8)
	  ->  Bitmap Heap Scan on sbtest7  (cost=34.80..3917.43 rows=1011 width=4)
	        Recheck Cond: ((id >= 7199657) AND (id <= 7200656))
	        ->  Bitmap Index Scan on sbtest7_pkey  (cost=0.00..34.55 rows=1011 width=0)
	              Index Cond: ((id >= 7199657) AND (id <= 7200656))

table 8 : explain SELECT SUM(k) FROM sbtest8 WHERE id BETWEEN 9005641 AND 9006640
	Aggregate  (cost=3587.82..3587.83 rows=1 width=8)
	  ->  Bitmap Heap Scan on sbtest8  (cost=29.91..3585.51 rows=924 width=4)
	        Recheck Cond: ((id >= 9005641) AND (id <= 9006640))
	        ->  Bitmap Index Scan on sbtest8_pkey  (cost=0.00..29.68 rows=924 width=0)
	              Index Cond: ((id >= 9005641) AND (id <= 9006640))

for: sum_ranges
table 1 : explain SELECT SUM(k) FROM sbtest1 WHERE id BETWEEN 137081 AND 138080
	Aggregate  (cost=4082.42..4082.43 rows=1 width=8)
	  ->  Bitmap Heap Scan on sbtest1  (cost=35.23..4079.79 rows=1053 width=4)
	        Recheck Cond: ((id >= 137081) AND (id <= 138080))
	        ->  Bitmap Index Scan on sbtest1_pkey  (cost=0.00..34.97 rows=1053 width=0)
	              Index Cond: ((id >= 137081) AND (id <= 138080))

table 2 : explain SELECT SUM(k) FROM sbtest2 WHERE id BETWEEN 7103292 AND 7104291
	Aggregate  (cost=3921.68..3921.69 rows=1 width=8)
	  ->  Bitmap Heap Scan on sbtest2  (cost=34.81..3919.15 rows=1012 width=4)
	        Recheck Cond: ((id >= 7103292) AND (id <= 7104291))
	        ->  Bitmap Index Scan on sbtest2_pkey  (cost=0.00..34.56 rows=1012 width=0)
	              Index Cond: ((id >= 7103292) AND (id <= 7104291))

table 3 : explain SELECT SUM(k) FROM sbtest3 WHERE id BETWEEN 6461524 AND 6462523
	Aggregate  (cost=4305.04..4305.05 rows=1 width=8)
	  ->  Bitmap Heap Scan on sbtest3  (cost=35.86..4302.25 rows=1115 width=4)
	        Recheck Cond: ((id >= 6461524) AND (id <= 6462523))
	        ->  Bitmap Index Scan on sbtest3_pkey  (cost=0.00..35.59 rows=1115 width=0)
	              Index Cond: ((id >= 6461524) AND (id <= 6462523))

table 4 : explain SELECT SUM(k) FROM sbtest4 WHERE id BETWEEN 6681339 AND 6682338
	Aggregate  (cost=3798.27..3798.28 rows=1 width=8)
	  ->  Bitmap Heap Scan on sbtest4  (cost=34.47..3795.82 rows=979 width=4)
	        Recheck Cond: ((id >= 6681339) AND (id <= 6682338))
	        ->  Bitmap Index Scan on sbtest4_pkey  (cost=0.00..34.23 rows=979 width=0)
	              Index Cond: ((id >= 6681339) AND (id <= 6682338))

table 5 : explain SELECT SUM(k) FROM sbtest5 WHERE id BETWEEN 2719770 AND 2720769
	Aggregate  (cost=4105.05..4105.06 rows=1 width=8)
	  ->  Bitmap Heap Scan on sbtest5  (cost=35.30..4102.40 rows=1060 width=4)
	        Recheck Cond: ((id >= 2719770) AND (id <= 2720769))
	        ->  Bitmap Index Scan on sbtest5_pkey  (cost=0.00..35.04 rows=1060 width=0)
	              Index Cond: ((id >= 2719770) AND (id <= 2720769))

table 6 : explain SELECT SUM(k) FROM sbtest6 WHERE id BETWEEN 8606525 AND 8607524
	Aggregate  (cost=4088.59..4088.60 rows=1 width=8)
	  ->  Bitmap Heap Scan on sbtest6  (cost=35.26..4085.95 rows=1056 width=4)
	        Recheck Cond: ((id >= 8606525) AND (id <= 8607524))
	        ->  Bitmap Index Scan on sbtest6_pkey  (cost=0.00..35.00 rows=1056 width=0)
	              Index Cond: ((id >= 8606525) AND (id <= 8607524))

table 7 : explain SELECT SUM(k) FROM sbtest7 WHERE id BETWEEN 2590620 AND 2591619
	Aggregate  (cost=3878.46..3878.47 rows=1 width=8)
	  ->  Bitmap Heap Scan on sbtest7  (cost=34.69..3875.96 rows=1000 width=4)
	        Recheck Cond: ((id >= 2590620) AND (id <= 2591619))
	        ->  Bitmap Index Scan on sbtest7_pkey  (cost=0.00..34.44 rows=1000 width=0)
	              Index Cond: ((id >= 2590620) AND (id <= 2591619))

table 8 : explain SELECT SUM(k) FROM sbtest8 WHERE id BETWEEN 264580 AND 265579
	Aggregate  (cost=3924.26..3924.27 rows=1 width=8)
	  ->  Bitmap Heap Scan on sbtest8  (cost=34.81..3921.73 rows=1012 width=4)
	        Recheck Cond: ((id >= 264580) AND (id <= 265579))
	        ->  Bitmap Index Scan on sbtest8_pkey  (cost=0.00..34.56 rows=1012 width=0)
	              Index Cond: ((id >= 264580) AND (id <= 265579))

for: distinct_ranges
table 1 : explain SELECT DISTINCT c FROM sbtest1 WHERE id BETWEEN 9336933 AND 9337932 ORDER BY c
	Unique  (cost=4086.72..4091.92 rows=1041 width=121)
	  ->  Sort  (cost=4086.72..4089.32 rows=1041 width=121)
	        Sort Key: c
	        ->  Bitmap Heap Scan on sbtest1  (cost=35.11..4034.55 rows=1041 width=121)
	              Recheck Cond: ((id >= 9336933) AND (id <= 9337932))
	              ->  Bitmap Index Scan on sbtest1_pkey  (cost=0.00..34.84 rows=1041 width=0)
	                    Index Cond: ((id >= 9336933) AND (id <= 9337932))

table 2 : explain SELECT DISTINCT c FROM sbtest2 WHERE id BETWEEN 5514704 AND 5515703 ORDER BY c
	Unique  (cost=4103.39..4108.63 rows=1047 width=121)
	  ->  Sort  (cost=4103.39..4106.01 rows=1047 width=121)
	        Sort Key: c
	        ->  Bitmap Heap Scan on sbtest2  (cost=35.17..4050.87 rows=1047 width=121)
	              Recheck Cond: ((id >= 5514704) AND (id <= 5515703))
	              ->  Bitmap Index Scan on sbtest2_pkey  (cost=0.00..34.91 rows=1047 width=0)
	                    Index Cond: ((id >= 5514704) AND (id <= 5515703))

table 3 : explain SELECT DISTINCT c FROM sbtest3 WHERE id BETWEEN 5266066 AND 5267065 ORDER BY c
	Unique  (cost=3965.51..3970.57 rows=1011 width=121)
	  ->  Sort  (cost=3965.51..3968.04 rows=1011 width=121)
	        Sort Key: c
	        ->  Bitmap Heap Scan on sbtest3  (cost=34.80..3915.05 rows=1011 width=121)
	              Recheck Cond: ((id >= 5266066) AND (id <= 5267065))
	              ->  Bitmap Index Scan on sbtest3_pkey  (cost=0.00..34.55 rows=1011 width=0)
	                    Index Cond: ((id >= 5266066) AND (id <= 5267065))

table 4 : explain SELECT DISTINCT c FROM sbtest4 WHERE id BETWEEN 3872568 AND 3873567 ORDER BY c
	Unique  (cost=3545.29..3549.80 rows=902 width=121)
	  ->  Sort  (cost=3545.29..3547.54 rows=902 width=121)
	        Sort Key: c
	        ->  Bitmap Heap Scan on sbtest4  (cost=29.68..3501.01 rows=902 width=121)
	              Recheck Cond: ((id >= 3872568) AND (id <= 3873567))
	              ->  Bitmap Index Scan on sbtest4_pkey  (cost=0.00..29.45 rows=902 width=0)
	                    Index Cond: ((id >= 3872568) AND (id <= 3873567))

table 5 : explain SELECT DISTINCT c FROM sbtest5 WHERE id BETWEEN 1633445 AND 1634444 ORDER BY c
	Unique  (cost=3983.60..3988.68 rows=1015 width=121)
	  ->  Sort  (cost=3983.60..3986.14 rows=1015 width=121)
	        Sort Key: c
	        ->  Bitmap Heap Scan on sbtest5  (cost=34.84..3932.91 rows=1015 width=121)
	              Recheck Cond: ((id >= 1633445) AND (id <= 1634444))
	              ->  Bitmap Index Scan on sbtest5_pkey  (cost=0.00..34.59 rows=1015 width=0)
	                    Index Cond: ((id >= 1633445) AND (id <= 1634444))

table 6 : explain SELECT DISTINCT c FROM sbtest6 WHERE id BETWEEN 9477717 AND 9478716 ORDER BY c
	Unique  (cost=3806.24..3811.08 rows=969 width=121)
	  ->  Sort  (cost=3806.24..3808.66 rows=969 width=121)
	        Sort Key: c
	        ->  Bitmap Heap Scan on sbtest6  (cost=34.37..3758.17 rows=969 width=121)
	              Recheck Cond: ((id >= 9477717) AND (id <= 9478716))
	              ->  Bitmap Index Scan on sbtest6_pkey  (cost=0.00..34.12 rows=969 width=0)
	                    Index Cond: ((id >= 9477717) AND (id <= 9478716))

table 7 : explain SELECT DISTINCT c FROM sbtest7 WHERE id BETWEEN 8678674 AND 8679673 ORDER BY c
	Unique  (cost=4006.14..4011.24 rows=1021 width=121)
	  ->  Sort  (cost=4006.14..4008.69 rows=1021 width=121)
	        Sort Key: c
	        ->  Bitmap Heap Scan on sbtest7  (cost=34.90..3955.11 rows=1021 width=121)
	              Recheck Cond: ((id >= 8678674) AND (id <= 8679673))
	              ->  Bitmap Index Scan on sbtest7_pkey  (cost=0.00..34.65 rows=1021 width=0)
	                    Index Cond: ((id >= 8678674) AND (id <= 8679673))

table 8 : explain SELECT DISTINCT c FROM sbtest8 WHERE id BETWEEN 6231023 AND 6232022 ORDER BY c
	Unique  (cost=3815.25..3820.10 rows=971 width=121)
	  ->  Sort  (cost=3815.25..3817.68 rows=971 width=121)
	        Sort Key: c
	        ->  Bitmap Heap Scan on sbtest8  (cost=34.39..3767.07 rows=971 width=121)
	              Recheck Cond: ((id >= 6231023) AND (id <= 6232022))
	              ->  Bitmap Index Scan on sbtest8_pkey  (cost=0.00..34.15 rows=971 width=0)
	                    Index Cond: ((id >= 6231023) AND (id <= 6232022))

for: distinct_ranges
table 1 : explain SELECT DISTINCT c FROM sbtest1 WHERE id BETWEEN 7878856 AND 7879855 ORDER BY c
	Unique  (cost=3891.32..3896.27 rows=990 width=121)
	  ->  Sort  (cost=3891.32..3893.79 rows=990 width=121)
	        Sort Key: c
	        ->  Bitmap Heap Scan on sbtest1  (cost=34.58..3842.06 rows=990 width=121)
	              Recheck Cond: ((id >= 7878856) AND (id <= 7879855))
	              ->  Bitmap Index Scan on sbtest1_pkey  (cost=0.00..34.34 rows=990 width=0)
	                    Index Cond: ((id >= 7878856) AND (id <= 7879855))

table 2 : explain SELECT DISTINCT c FROM sbtest2 WHERE id BETWEEN 5789592 AND 5790591 ORDER BY c
	Unique  (cost=4084.30..4089.51 rows=1042 width=121)
	  ->  Sort  (cost=4084.30..4086.90 rows=1042 width=121)
	        Sort Key: c
	        ->  Bitmap Heap Scan on sbtest2  (cost=35.12..4032.07 rows=1042 width=121)
	              Recheck Cond: ((id >= 5789592) AND (id <= 5790591))
	              ->  Bitmap Index Scan on sbtest2_pkey  (cost=0.00..34.86 rows=1042 width=0)
	                    Index Cond: ((id >= 5789592) AND (id <= 5790591))

table 3 : explain SELECT DISTINCT c FROM sbtest3 WHERE id BETWEEN 3417204 AND 3418203 ORDER BY c
	Unique  (cost=4034.30..4039.44 rows=1029 width=121)
	  ->  Sort  (cost=4034.30..4036.87 rows=1029 width=121)
	        Sort Key: c
	        ->  Bitmap Heap Scan on sbtest3  (cost=34.98..3982.81 rows=1029 width=121)
	              Recheck Cond: ((id >= 3417204) AND (id <= 3418203))
	              ->  Bitmap Index Scan on sbtest3_pkey  (cost=0.00..34.73 rows=1029 width=0)
	                    Index Cond: ((id >= 3417204) AND (id <= 3418203))

table 4 : explain SELECT DISTINCT c FROM sbtest4 WHERE id BETWEEN 5998821 AND 5999820 ORDER BY c
	Unique  (cost=3664.38..3669.04 rows=932 width=121)
	  ->  Sort  (cost=3664.38..3666.71 rows=932 width=121)
	        Sort Key: c
	        ->  Bitmap Heap Scan on sbtest4  (cost=33.99..3618.41 rows=932 width=121)
	              Recheck Cond: ((id >= 5998821) AND (id <= 5999820))
	              ->  Bitmap Index Scan on sbtest4_pkey  (cost=0.00..33.76 rows=932 width=0)
	                    Index Cond: ((id >= 5998821) AND (id <= 5999820))

table 5 : explain SELECT DISTINCT c FROM sbtest5 WHERE id BETWEEN 7783597 AND 7784596 ORDER BY c
	Unique  (cost=4193.87..4199.22 rows=1070 width=121)
	  ->  Sort  (cost=4193.87..4196.54 rows=1070 width=121)
	        Sort Key: c
	        ->  Bitmap Heap Scan on sbtest5  (cost=35.40..4140.03 rows=1070 width=121)
	              Recheck Cond: ((id >= 7783597) AND (id <= 7784596))
	              ->  Bitmap Index Scan on sbtest5_pkey  (cost=0.00..35.14 rows=1070 width=0)
	                    Index Cond: ((id >= 7783597) AND (id <= 7784596))

table 6 : explain SELECT DISTINCT c FROM sbtest6 WHERE id BETWEEN 3661276 AND 3662275 ORDER BY c
	Unique  (cost=3978.46..3983.53 rows=1014 width=121)
	  ->  Sort  (cost=3978.46..3980.99 rows=1014 width=121)
	        Sort Key: c
	        ->  Bitmap Heap Scan on sbtest6  (cost=34.83..3927.83 rows=1014 width=121)
	              Recheck Cond: ((id >= 3661276) AND (id <= 3662275))
	              ->  Bitmap Index Scan on sbtest6_pkey  (cost=0.00..34.58 rows=1014 width=0)
	                    Index Cond: ((id >= 3661276) AND (id <= 3662275))

table 7 : explain SELECT DISTINCT c FROM sbtest7 WHERE id BETWEEN 8000843 AND 8001842 ORDER BY c
	Unique  (cost=4235.42..4240.83 rows=1081 width=121)
	  ->  Sort  (cost=4235.42..4238.12 rows=1081 width=121)
	        Sort Key: c
	        ->  Bitmap Heap Scan on sbtest7  (cost=35.52..4180.95 rows=1081 width=121)
	              Recheck Cond: ((id >= 8000843) AND (id <= 8001842))
	              ->  Bitmap Index Scan on sbtest7_pkey  (cost=0.00..35.25 rows=1081 width=0)
	                    Index Cond: ((id >= 8000843) AND (id <= 8001842))

table 8 : explain SELECT DISTINCT c FROM sbtest8 WHERE id BETWEEN 3030287 AND 3031286 ORDER BY c
	Unique  (cost=3895.69..3900.65 rows=992 width=121)
	  ->  Sort  (cost=3895.69..3898.17 rows=992 width=121)
	        Sort Key: c
	        ->  Bitmap Heap Scan on sbtest8  (cost=34.60..3846.32 rows=992 width=121)
	              Recheck Cond: ((id >= 3030287) AND (id <= 3031286))
	              ->  Bitmap Index Scan on sbtest8_pkey  (cost=0.00..34.36 rows=992 width=0)
	                    Index Cond: ((id >= 3030287) AND (id <= 3031286))

for: distinct_ranges
table 1 : explain SELECT DISTINCT c FROM sbtest1 WHERE id BETWEEN 1490231 AND 1491230 ORDER BY c
	Unique  (cost=3776.23..3781.03 rows=960 width=121)
	  ->  Sort  (cost=3776.23..3778.63 rows=960 width=121)
	        Sort Key: c
	        ->  Bitmap Heap Scan on sbtest1  (cost=34.28..3728.68 rows=960 width=121)
	              Recheck Cond: ((id >= 1490231) AND (id <= 1491230))
	              ->  Bitmap Index Scan on sbtest1_pkey  (cost=0.00..34.04 rows=960 width=0)
	                    Index Cond: ((id >= 1490231) AND (id <= 1491230))

table 2 : explain SELECT DISTINCT c FROM sbtest2 WHERE id BETWEEN 5421934 AND 5422933 ORDER BY c
	Unique  (cost=3996.42..4001.51 rows=1019 width=121)
	  ->  Sort  (cost=3996.42..3998.97 rows=1019 width=121)
	        Sort Key: c
	        ->  Bitmap Heap Scan on sbtest2  (cost=34.88..3945.51 rows=1019 width=121)
	              Recheck Cond: ((id >= 5421934) AND (id <= 5422933))
	              ->  Bitmap Index Scan on sbtest2_pkey  (cost=0.00..34.62 rows=1019 width=0)
	                    Index Cond: ((id >= 5421934) AND (id <= 5422933))

table 3 : explain SELECT DISTINCT c FROM sbtest3 WHERE id BETWEEN 1865354 AND 1866353 ORDER BY c
	Unique  (cost=4442.68..4448.36 rows=1136 width=121)
	  ->  Sort  (cost=4442.68..4445.52 rows=1136 width=121)
	        Sort Key: c
	        ->  Bitmap Heap Scan on sbtest3  (cost=40.08..4385.03 rows=1136 width=121)
	              Recheck Cond: ((id >= 1865354) AND (id <= 1866353))
	              ->  Bitmap Index Scan on sbtest3_pkey  (cost=0.00..39.80 rows=1136 width=0)
	                    Index Cond: ((id >= 1865354) AND (id <= 1866353))

table 4 : explain SELECT DISTINCT c FROM sbtest4 WHERE id BETWEEN 1223392 AND 1224391 ORDER BY c
	Unique  (cost=4085.41..4090.62 rows=1042 width=121)
	  ->  Sort  (cost=4085.41..4088.02 rows=1042 width=121)
	        Sort Key: c
	        ->  Bitmap Heap Scan on sbtest4  (cost=35.12..4033.18 rows=1042 width=121)
	              Recheck Cond: ((id >= 1223392) AND (id <= 1224391))
	              ->  Bitmap Index Scan on sbtest4_pkey  (cost=0.00..34.86 rows=1042 width=0)
	                    Index Cond: ((id >= 1223392) AND (id <= 1224391))

table 5 : explain SELECT DISTINCT c FROM sbtest5 WHERE id BETWEEN 6002272 AND 6003271 ORDER BY c
	Unique  (cost=4140.38..4145.66 rows=1056 width=121)
	  ->  Sort  (cost=4140.38..4143.02 rows=1056 width=121)
	        Sort Key: c
	        ->  Bitmap Heap Scan on sbtest5  (cost=35.26..4087.34 rows=1056 width=121)
	              Recheck Cond: ((id >= 6002272) AND (id <= 6003271))
	              ->  Bitmap Index Scan on sbtest5_pkey  (cost=0.00..35.00 rows=1056 width=0)
	                    Index Cond: ((id >= 6002272) AND (id <= 6003271))

table 6 : explain SELECT DISTINCT c FROM sbtest6 WHERE id BETWEEN 3301124 AND 3302123 ORDER BY c
	Unique  (cost=3675.78..3680.46 rows=936 width=121)
	  ->  Sort  (cost=3675.78..3678.12 rows=936 width=121)
	        Sort Key: c
	        ->  Bitmap Heap Scan on sbtest6  (cost=30.03..3629.59 rows=936 width=121)
	              Recheck Cond: ((id >= 3301124) AND (id <= 3302123))
	              ->  Bitmap Index Scan on sbtest6_pkey  (cost=0.00..29.79 rows=936 width=0)
	                    Index Cond: ((id >= 3301124) AND (id <= 3302123))

table 7 : explain SELECT DISTINCT c FROM sbtest7 WHERE id BETWEEN 9119684 AND 9120683 ORDER BY c
	Unique  (cost=3576.82..3581.37 rows=910 width=121)
	  ->  Sort  (cost=3576.82..3579.10 rows=910 width=121)
	        Sort Key: c
	        ->  Bitmap Heap Scan on sbtest7  (cost=29.76..3532.10 rows=910 width=121)
	              Recheck Cond: ((id >= 9119684) AND (id <= 9120683))
	              ->  Bitmap Index Scan on sbtest7_pkey  (cost=0.00..29.54 rows=910 width=0)
	                    Index Cond: ((id >= 9119684) AND (id <= 9120683))

table 8 : explain SELECT DISTINCT c FROM sbtest8 WHERE id BETWEEN 1323286 AND 1324285 ORDER BY c
	Unique  (cost=4041.11..4046.26 rows=1030 width=121)
	  ->  Sort  (cost=4041.11..4043.69 rows=1030 width=121)
	        Sort Key: c
	        ->  Bitmap Heap Scan on sbtest8  (cost=34.99..3989.57 rows=1030 width=121)
	              Recheck Cond: ((id >= 1323286) AND (id <= 1324285))
	              ->  Bitmap Index Scan on sbtest8_pkey  (cost=0.00..34.73 rows=1030 width=0)
	                    Index Cond: ((id >= 1323286) AND (id <= 1324285))

for: distinct_ranges
table 1 : explain SELECT DISTINCT c FROM sbtest1 WHERE id BETWEEN 242598 AND 243597 ORDER BY c
	Unique  (cost=3879.81..3884.75 rows=987 width=121)
	  ->  Sort  (cost=3879.81..3882.28 rows=987 width=121)
	        Sort Key: c
	        ->  Bitmap Heap Scan on sbtest1  (cost=34.55..3830.72 rows=987 width=121)
	              Recheck Cond: ((id >= 242598) AND (id <= 243597))
	              ->  Bitmap Index Scan on sbtest1_pkey  (cost=0.00..34.31 rows=987 width=0)
	                    Index Cond: ((id >= 242598) AND (id <= 243597))

table 2 : explain SELECT DISTINCT c FROM sbtest2 WHERE id BETWEEN 75980 AND 76979 ORDER BY c
	Unique  (cost=3831.96..3836.84 rows=976 width=121)
	  ->  Sort  (cost=3831.96..3834.40 rows=976 width=121)
	        Sort Key: c
	        ->  Bitmap Heap Scan on sbtest2  (cost=34.44..3783.49 rows=976 width=121)
	              Recheck Cond: ((id >= 75980) AND (id <= 76979))
	              ->  Bitmap Index Scan on sbtest2_pkey  (cost=0.00..34.20 rows=976 width=0)
	                    Index Cond: ((id >= 75980) AND (id <= 76979))

table 3 : explain SELECT DISTINCT c FROM sbtest3 WHERE id BETWEEN 2128383 AND 2129382 ORDER BY c
	Unique  (cost=3881.38..3886.33 rows=989 width=121)
	  ->  Sort  (cost=3881.38..3883.86 rows=989 width=121)
	        Sort Key: c
	        ->  Bitmap Heap Scan on sbtest3  (cost=34.57..3832.18 rows=989 width=121)
	              Recheck Cond: ((id >= 2128383) AND (id <= 2129382))
	              ->  Bitmap Index Scan on sbtest3_pkey  (cost=0.00..34.33 rows=989 width=0)
	                    Index Cond: ((id >= 2128383) AND (id <= 2129382))

table 4 : explain SELECT DISTINCT c FROM sbtest4 WHERE id BETWEEN 3910430 AND 3911429 ORDER BY c
	Unique  (cost=3545.29..3549.80 rows=902 width=121)
	  ->  Sort  (cost=3545.29..3547.54 rows=902 width=121)
	        Sort Key: c
	        ->  Bitmap Heap Scan on sbtest4  (cost=29.68..3501.01 rows=902 width=121)
	              Recheck Cond: ((id >= 3910430) AND (id <= 3911429))
	              ->  Bitmap Index Scan on sbtest4_pkey  (cost=0.00..29.45 rows=902 width=0)
	                    Index Cond: ((id >= 3910430) AND (id <= 3911429))

table 5 : explain SELECT DISTINCT c FROM sbtest5 WHERE id BETWEEN 3119626 AND 3120625 ORDER BY c
	Unique  (cost=3998.90..4004.00 rows=1019 width=121)
	  ->  Sort  (cost=3998.90..4001.45 rows=1019 width=121)
	        Sort Key: c
	        ->  Bitmap Heap Scan on sbtest5  (cost=34.88..3947.99 rows=1019 width=121)
	              Recheck Cond: ((id >= 3119626) AND (id <= 3120625))
	              ->  Bitmap Index Scan on sbtest5_pkey  (cost=0.00..34.62 rows=1019 width=0)
	                    Index Cond: ((id >= 3119626) AND (id <= 3120625))

table 6 : explain SELECT DISTINCT c FROM sbtest6 WHERE id BETWEEN 8823173 AND 8824172 ORDER BY c
	Unique  (cost=3629.77..3634.39 rows=924 width=121)
	  ->  Sort  (cost=3629.77..3632.08 rows=924 width=121)
	        Sort Key: c
	        ->  Bitmap Heap Scan on sbtest6  (cost=29.91..3584.25 rows=924 width=121)
	              Recheck Cond: ((id >= 8823173) AND (id <= 8824172))
	              ->  Bitmap Index Scan on sbtest6_pkey  (cost=0.00..29.68 rows=924 width=0)
	                    Index Cond: ((id >= 8823173) AND (id <= 8824172))

table 7 : explain SELECT DISTINCT c FROM sbtest7 WHERE id BETWEEN 2514640 AND 2515639 ORDER BY c
	Unique  (cost=3925.79..3930.79 rows=1000 width=121)
	  ->  Sort  (cost=3925.79..3928.29 rows=1000 width=121)
	        Sort Key: c
	        ->  Bitmap Heap Scan on sbtest7  (cost=34.69..3875.96 rows=1000 width=121)
	              Recheck Cond: ((id >= 2514640) AND (id <= 2515639))
	              ->  Bitmap Index Scan on sbtest7_pkey  (cost=0.00..34.44 rows=1000 width=0)
	                    Index Cond: ((id >= 2514640) AND (id <= 2515639))

table 8 : explain SELECT DISTINCT c FROM sbtest8 WHERE id BETWEEN 2513945 AND 2514944 ORDER BY c
	Unique  (cost=4239.84..4245.25 rows=1082 width=121)
	  ->  Sort  (cost=4239.84..4242.54 rows=1082 width=121)
	        Sort Key: c
	        ->  Bitmap Heap Scan on sbtest8  (cost=35.53..4185.31 rows=1082 width=121)
	              Recheck Cond: ((id >= 2513945) AND (id <= 2514944))
	              ->  Bitmap Index Scan on sbtest8_pkey  (cost=0.00..35.26 rows=1082 width=0)
	                    Index Cond: ((id >= 2513945) AND (id <= 2514944))

for: sum_ranges
table 1 : explain SELECT SUM(k) FROM sbtest1 WHERE id BETWEEN 6238580 AND 6239579
	Aggregate  (cost=3700.80..3700.81 rows=1 width=8)
	  ->  Bitmap Heap Scan on sbtest1  (cost=34.19..3698.42 rows=952 width=4)
	        Recheck Cond: ((id >= 6238580) AND (id <= 6239579))
	        ->  Bitmap Index Scan on sbtest1_pkey  (cost=0.00..33.95 rows=952 width=0)
	              Index Cond: ((id >= 6238580) AND (id <= 6239579))

table 2 : explain SELECT SUM(k) FROM sbtest2 WHERE id BETWEEN 6982991 AND 6983990
	Aggregate  (cost=4057.26..4057.27 rows=1 width=8)
	  ->  Bitmap Heap Scan on sbtest2  (cost=35.18..4054.64 rows=1048 width=4)
	        Recheck Cond: ((id >= 6982991) AND (id <= 6983990))
	        ->  Bitmap Index Scan on sbtest2_pkey  (cost=0.00..34.92 rows=1048 width=0)
	              Index Cond: ((id >= 6982991) AND (id <= 6983990))

table 3 : explain SELECT SUM(k) FROM sbtest3 WHERE id BETWEEN 9053286 AND 9054285
	Aggregate  (cost=3566.37..3566.38 rows=1 width=8)
	  ->  Bitmap Heap Scan on sbtest3  (cost=29.85..3564.08 rows=919 width=4)
	        Recheck Cond: ((id >= 9053286) AND (id <= 9054285))
	        ->  Bitmap Index Scan on sbtest3_pkey  (cost=0.00..29.62 rows=919 width=0)
	              Index Cond: ((id >= 9053286) AND (id <= 9054285))

table 4 : explain SELECT SUM(k) FROM sbtest4 WHERE id BETWEEN 9080036 AND 9081035
	Aggregate  (cost=3469.20..3469.21 rows=1 width=8)
	  ->  Bitmap Heap Scan on sbtest4  (cost=29.59..3466.97 rows=893 width=4)
	        Recheck Cond: ((id >= 9080036) AND (id <= 9081035))
	        ->  Bitmap Index Scan on sbtest4_pkey  (cost=0.00..29.36 rows=893 width=0)
	              Index Cond: ((id >= 9080036) AND (id <= 9081035))

table 5 : explain SELECT SUM(k) FROM sbtest5 WHERE id BETWEEN 9090148 AND 9091147
	Aggregate  (cost=3659.78..3659.79 rows=1 width=8)
	  ->  Bitmap Heap Scan on sbtest5  (cost=34.09..3657.43 rows=942 width=4)
	        Recheck Cond: ((id >= 9090148) AND (id <= 9091147))
	        ->  Bitmap Index Scan on sbtest5_pkey  (cost=0.00..33.86 rows=942 width=0)
	              Index Cond: ((id >= 9090148) AND (id <= 9091147))

table 6 : explain SELECT SUM(k) FROM sbtest6 WHERE id BETWEEN 5616928 AND 5617927
	Aggregate  (cost=4291.69..4291.70 rows=1 width=8)
	  ->  Bitmap Heap Scan on sbtest6  (cost=35.81..4288.91 rows=1110 width=4)
	        Recheck Cond: ((id >= 5616928) AND (id <= 5617927))
	        ->  Bitmap Index Scan on sbtest6_pkey  (cost=0.00..35.54 rows=1110 width=0)
	              Index Cond: ((id >= 5616928) AND (id <= 5617927))

table 7 : explain SELECT SUM(k) FROM sbtest7 WHERE id BETWEEN 1118880 AND 1119879
	Aggregate  (cost=3768.99..3769.00 rows=1 width=8)
	  ->  Bitmap Heap Scan on sbtest7  (cost=34.39..3766.56 rows=971 width=4)
	        Recheck Cond: ((id >= 1118880) AND (id <= 1119879))
	        ->  Bitmap Index Scan on sbtest7_pkey  (cost=0.00..34.15 rows=971 width=0)
	              Index Cond: ((id >= 1118880) AND (id <= 1119879))

table 8 : explain SELECT SUM(k) FROM sbtest8 WHERE id BETWEEN 9827856 AND 9828855
	Aggregate  (cost=4056.21..4056.22 rows=1 width=8)
	  ->  Bitmap Heap Scan on sbtest8  (cost=35.17..4053.60 rows=1047 width=4)
	        Recheck Cond: ((id >= 9827856) AND (id <= 9828855))
	        ->  Bitmap Index Scan on sbtest8_pkey  (cost=0.00..34.91 rows=1047 width=0)
	              Index Cond: ((id >= 9827856) AND (id <= 9828855))

for: order_ranges
table 1 : explain SELECT c FROM sbtest1 WHERE id BETWEEN 9450885 AND 9451884 ORDER BY c
	Sort  (cost=3737.84..3740.22 rows=950 width=121)
	  Sort Key: c
	  ->  Bitmap Heap Scan on sbtest1  (cost=34.17..3690.86 rows=950 width=121)
	        Recheck Cond: ((id >= 9450885) AND (id <= 9451884))
	        ->  Bitmap Index Scan on sbtest1_pkey  (cost=0.00..33.94 rows=950 width=0)
	              Index Cond: ((id >= 9450885) AND (id <= 9451884))

table 2 : explain SELECT c FROM sbtest2 WHERE id BETWEEN 5221910 AND 5222909 ORDER BY c
	Sort  (cost=4179.74..4182.41 rows=1067 width=121)
	  Sort Key: c
	  ->  Bitmap Heap Scan on sbtest2  (cost=35.37..4126.08 rows=1067 width=121)
	        Recheck Cond: ((id >= 5221910) AND (id <= 5222909))
	        ->  Bitmap Index Scan on sbtest2_pkey  (cost=0.00..35.11 rows=1067 width=0)
	              Index Cond: ((id >= 5221910) AND (id <= 5222909))

table 3 : explain SELECT c FROM sbtest3 WHERE id BETWEEN 9478487 AND 9479486 ORDER BY c
	Sort  (cost=4022.84..4025.40 rows=1026 width=121)
	  Sort Key: c
	  ->  Bitmap Heap Scan on sbtest3  (cost=34.95..3971.52 rows=1026 width=121)
	        Recheck Cond: ((id >= 9478487) AND (id <= 9479486))
	        ->  Bitmap Index Scan on sbtest3_pkey  (cost=0.00..34.70 rows=1026 width=0)
	              Index Cond: ((id >= 9478487) AND (id <= 9479486))

table 4 : explain SELECT c FROM sbtest4 WHERE id BETWEEN 4991968 AND 4992967 ORDER BY c
	Sort  (cost=4207.62..4210.31 rows=1074 width=121)
	  Sort Key: c
	  ->  Bitmap Heap Scan on sbtest4  (cost=35.44..4153.55 rows=1074 width=121)
	        Recheck Cond: ((id >= 4991968) AND (id <= 4992967))
	        ->  Bitmap Index Scan on sbtest4_pkey  (cost=0.00..35.18 rows=1074 width=0)
	              Index Cond: ((id >= 4991968) AND (id <= 4992967))

table 5 : explain SELECT c FROM sbtest5 WHERE id BETWEEN 8699154 AND 8700153 ORDER BY c
	Sort  (cost=3726.97..3729.34 rows=948 width=121)
	  Sort Key: c
	  ->  Bitmap Heap Scan on sbtest5  (cost=34.15..3680.10 rows=948 width=121)
	        Recheck Cond: ((id >= 8699154) AND (id <= 8700153))
	        ->  Bitmap Index Scan on sbtest5_pkey  (cost=0.00..33.92 rows=948 width=0)
	              Index Cond: ((id >= 8699154) AND (id <= 8700153))

table 6 : explain SELECT c FROM sbtest6 WHERE id BETWEEN 3196283 AND 3197282 ORDER BY c
	Sort  (cost=4154.26..4156.91 rows=1060 width=121)
	  Sort Key: c
	  ->  Bitmap Heap Scan on sbtest6  (cost=35.30..4100.99 rows=1060 width=121)
	        Recheck Cond: ((id >= 3196283) AND (id <= 3197282))
	        ->  Bitmap Index Scan on sbtest6_pkey  (cost=0.00..35.04 rows=1060 width=0)
	              Index Cond: ((id >= 3196283) AND (id <= 3197282))

table 7 : explain SELECT c FROM sbtest7 WHERE id BETWEEN 8838286 AND 8839285 ORDER BY c
	Sort  (cost=3964.06..3966.58 rows=1010 width=121)
	  Sort Key: c
	  ->  Bitmap Heap Scan on sbtest7  (cost=34.79..3913.66 rows=1010 width=121)
	        Recheck Cond: ((id >= 8838286) AND (id <= 8839285))
	        ->  Bitmap Index Scan on sbtest7_pkey  (cost=0.00..34.54 rows=1010 width=0)
	              Index Cond: ((id >= 8838286) AND (id <= 8839285))

table 8 : explain SELECT c FROM sbtest8 WHERE id BETWEEN 9254915 AND 9255914 ORDER BY c
	Sort  (cost=3742.42..3744.80 rows=952 width=121)
	  Sort Key: c
	  ->  Bitmap Heap Scan on sbtest8  (cost=34.19..3695.32 rows=952 width=121)
	        Recheck Cond: ((id >= 9254915) AND (id <= 9255914))
	        ->  Bitmap Index Scan on sbtest8_pkey  (cost=0.00..33.95 rows=952 width=0)
	              Index Cond: ((id >= 9254915) AND (id <= 9255914))

for: order_ranges
table 1 : explain SELECT c FROM sbtest1 WHERE id BETWEEN 151866 AND 152865 ORDER BY c
	Sort  (cost=4132.65..4135.29 rows=1053 width=121)
	  Sort Key: c
	  ->  Bitmap Heap Scan on sbtest1  (cost=35.23..4079.79 rows=1053 width=121)
	        Recheck Cond: ((id >= 151866) AND (id <= 152865))
	        ->  Bitmap Index Scan on sbtest1_pkey  (cost=0.00..34.97 rows=1053 width=0)
	              Index Cond: ((id >= 151866) AND (id <= 152865))

table 2 : explain SELECT c FROM sbtest2 WHERE id BETWEEN 1582335 AND 1583334 ORDER BY c
	Sort  (cost=4114.85..4117.47 rows=1050 width=121)
	  Sort Key: c
	  ->  Bitmap Heap Scan on sbtest2  (cost=35.20..4062.16 rows=1050 width=121)
	        Recheck Cond: ((id >= 1582335) AND (id <= 1583334))
	        ->  Bitmap Index Scan on sbtest2_pkey  (cost=0.00..34.94 rows=1050 width=0)
	              Index Cond: ((id >= 1582335) AND (id <= 1583334))

table 3 : explain SELECT c FROM sbtest3 WHERE id BETWEEN 7476565 AND 7477564 ORDER BY c
	Sort  (cost=3678.30..3680.64 rows=937 width=121)
	  Sort Key: c
	  ->  Bitmap Heap Scan on sbtest3  (cost=30.04..3632.05 rows=937 width=121)
	        Recheck Cond: ((id >= 7476565) AND (id <= 7477564))
	        ->  Bitmap Index Scan on sbtest3_pkey  (cost=0.00..29.80 rows=937 width=0)
	              Index Cond: ((id >= 7476565) AND (id <= 7477564))

table 4 : explain SELECT c FROM sbtest4 WHERE id BETWEEN 2281641 AND 2282640 ORDER BY c
	Sort  (cost=3599.01..3601.30 rows=916 width=121)
	  Sort Key: c
	  ->  Bitmap Heap Scan on sbtest4  (cost=29.82..3553.95 rows=916 width=121)
	        Recheck Cond: ((id >= 2281641) AND (id <= 2282640))
	        ->  Bitmap Index Scan on sbtest4_pkey  (cost=0.00..29.59 rows=916 width=0)
	              Index Cond: ((id >= 2281641) AND (id <= 2282640))

table 5 : explain SELECT c FROM sbtest5 WHERE id BETWEEN 2085394 AND 2086393 ORDER BY c
	Sort  (cost=3638.58..3640.90 rows=926 width=121)
	  Sort Key: c
	  ->  Bitmap Heap Scan on sbtest5  (cost=29.93..3592.96 rows=926 width=121)
	        Recheck Cond: ((id >= 2085394) AND (id <= 2086393))
	        ->  Bitmap Index Scan on sbtest5_pkey  (cost=0.00..29.69 rows=926 width=0)
	              Index Cond: ((id >= 2085394) AND (id <= 2086393))

table 6 : explain SELECT c FROM sbtest6 WHERE id BETWEEN 5989542 AND 5990541 ORDER BY c
	Sort  (cost=4196.26..4198.94 rows=1071 width=121)
	  Sort Key: c
	  ->  Bitmap Heap Scan on sbtest6  (cost=35.41..4142.36 rows=1071 width=121)
	        Recheck Cond: ((id >= 5989542) AND (id <= 5990541))
	        ->  Bitmap Index Scan on sbtest6_pkey  (cost=0.00..35.15 rows=1071 width=0)
	              Index Cond: ((id >= 5989542) AND (id <= 5990541))

table 7 : explain SELECT c FROM sbtest7 WHERE id BETWEEN 2758581 AND 2759580 ORDER BY c
	Sort  (cost=3676.58..3678.92 rows=936 width=121)
	  Sort Key: c
	  ->  Bitmap Heap Scan on sbtest7  (cost=30.03..3630.39 rows=936 width=121)
	        Recheck Cond: ((id >= 2758581) AND (id <= 2759580))
	        ->  Bitmap Index Scan on sbtest7_pkey  (cost=0.00..29.79 rows=936 width=0)
	              Index Cond: ((id >= 2758581) AND (id <= 2759580))

table 8 : explain SELECT c FROM sbtest8 WHERE id BETWEEN 6310031 AND 6311030 ORDER BY c
	Sort  (cost=3815.25..3817.68 rows=971 width=121)
	  Sort Key: c
	  ->  Bitmap Heap Scan on sbtest8  (cost=34.39..3767.07 rows=971 width=121)
	        Recheck Cond: ((id >= 6310031) AND (id <= 6311030))
	        ->  Bitmap Index Scan on sbtest8_pkey  (cost=0.00..34.15 rows=971 width=0)
	              Index Cond: ((id >= 6310031) AND (id <= 6311030))

for: order_ranges
table 1 : explain SELECT c FROM sbtest1 WHERE id BETWEEN 3780830 AND 3781829 ORDER BY c
	Sort  (cost=3664.72..3667.05 rows=932 width=121)
	  Sort Key: c
	  ->  Bitmap Heap Scan on sbtest1  (cost=29.99..3618.75 rows=932 width=121)
	        Recheck Cond: ((id >= 3780830) AND (id <= 3781829))
	        ->  Bitmap Index Scan on sbtest1_pkey  (cost=0.00..29.75 rows=932 width=0)
	              Index Cond: ((id >= 3780830) AND (id <= 3781829))

table 2 : explain SELECT c FROM sbtest2 WHERE id BETWEEN 6075035 AND 6076034 ORDER BY c
	Sort  (cost=3778.36..3780.77 rows=962 width=121)
	  Sort Key: c
	  ->  Bitmap Heap Scan on sbtest2  (cost=34.30..3730.69 rows=962 width=121)
	        Recheck Cond: ((id >= 6075035) AND (id <= 6076034))
	        ->  Bitmap Index Scan on sbtest2_pkey  (cost=0.00..34.06 rows=962 width=0)
	              Index Cond: ((id >= 6075035) AND (id <= 6076034))

table 3 : explain SELECT c FROM sbtest3 WHERE id BETWEEN 2067971 AND 2068970 ORDER BY c
	Sort  (cost=4076.32..4078.92 rows=1040 width=121)
	  Sort Key: c
	  ->  Bitmap Heap Scan on sbtest3  (cost=35.09..4024.20 rows=1040 width=121)
	        Recheck Cond: ((id >= 2067971) AND (id <= 2068970))
	        ->  Bitmap Index Scan on sbtest3_pkey  (cost=0.00..34.84 rows=1040 width=0)
	              Index Cond: ((id >= 2067971) AND (id <= 2068970))

table 4 : explain SELECT c FROM sbtest4 WHERE id BETWEEN 455534 AND 456533 ORDER BY c
	Sort  (cost=3733.37..3735.75 rows=950 width=121)
	  Sort Key: c
	  ->  Bitmap Heap Scan on sbtest4  (cost=34.17..3686.39 rows=950 width=121)
	        Recheck Cond: ((id >= 455534) AND (id <= 456533))
	        ->  Bitmap Index Scan on sbtest4_pkey  (cost=0.00..33.94 rows=950 width=0)
	              Index Cond: ((id >= 455534) AND (id <= 456533))

table 5 : explain SELECT c FROM sbtest5 WHERE id BETWEEN 8911377 AND 8912376 ORDER BY c
	Sort  (cost=3738.47..3740.85 rows=951 width=121)
	  Sort Key: c
	  ->  Bitmap Heap Scan on sbtest5  (cost=34.18..3691.43 rows=951 width=121)
	        Recheck Cond: ((id >= 8911377) AND (id <= 8912376))
	        ->  Bitmap Index Scan on sbtest5_pkey  (cost=0.00..33.95 rows=951 width=0)
	              Index Cond: ((id >= 8911377) AND (id <= 8912376))

table 6 : explain SELECT c FROM sbtest6 WHERE id BETWEEN 9022999 AND 9023998 ORDER BY c
	Sort  (cost=3982.28..3984.82 rows=1015 width=121)
	  Sort Key: c
	  ->  Bitmap Heap Scan on sbtest6  (cost=34.84..3931.60 rows=1015 width=121)
	        Recheck Cond: ((id >= 9022999) AND (id <= 9023998))
	        ->  Bitmap Index Scan on sbtest6_pkey  (cost=0.00..34.59 rows=1015 width=0)
	              Index Cond: ((id >= 9022999) AND (id <= 9023998))

table 7 : explain SELECT c FROM sbtest7 WHERE id BETWEEN 5383953 AND 5384952 ORDER BY c
	Sort  (cost=4159.04..4161.69 rows=1061 width=121)
	  Sort Key: c
	  ->  Bitmap Heap Scan on sbtest7  (cost=35.31..4105.72 rows=1061 width=121)
	        Recheck Cond: ((id >= 5383953) AND (id <= 5384952))
	        ->  Bitmap Index Scan on sbtest7_pkey  (cost=0.00..35.05 rows=1061 width=0)
	              Index Cond: ((id >= 5383953) AND (id <= 5384952))

table 8 : explain SELECT c FROM sbtest8 WHERE id BETWEEN 5208966 AND 5209965 ORDER BY c
	Sort  (cost=3446.67..3448.86 rows=876 width=121)
	  Sort Key: c
	  ->  Bitmap Heap Scan on sbtest8  (cost=29.41..3403.86 rows=876 width=121)
	        Recheck Cond: ((id >= 5208966) AND (id <= 5209965))
	        ->  Bitmap Index Scan on sbtest8_pkey  (cost=0.00..29.19 rows=876 width=0)
	              Index Cond: ((id >= 5208966) AND (id <= 5209965))

for: distinct_ranges
table 1 : explain SELECT DISTINCT c FROM sbtest1 WHERE id BETWEEN 8345589 AND 8346588 ORDER BY c
	Unique  (cost=4033.11..4038.24 rows=1027 width=121)
	  ->  Sort  (cost=4033.11..4035.68 rows=1027 width=121)
	        Sort Key: c
	        ->  Bitmap Heap Scan on sbtest1  (cost=34.96..3981.74 rows=1027 width=121)
	              Recheck Cond: ((id >= 8345589) AND (id <= 8346588))
	              ->  Bitmap Index Scan on sbtest1_pkey  (cost=0.00..34.70 rows=1027 width=0)
	                    Index Cond: ((id >= 8345589) AND (id <= 8346588))

table 2 : explain SELECT DISTINCT c FROM sbtest2 WHERE id BETWEEN 9808207 AND 9809206 ORDER BY c
	Unique  (cost=3870.22..3875.15 rows=986 width=121)
	  ->  Sort  (cost=3870.22..3872.69 rows=986 width=121)
	        Sort Key: c
	        ->  Bitmap Heap Scan on sbtest2  (cost=34.54..3821.19 rows=986 width=121)
	              Recheck Cond: ((id >= 9808207) AND (id <= 9809206))
	              ->  Bitmap Index Scan on sbtest2_pkey  (cost=0.00..34.30 rows=986 width=0)
	                    Index Cond: ((id >= 9808207) AND (id <= 9809206))

table 3 : explain SELECT DISTINCT c FROM sbtest3 WHERE id BETWEEN 3087794 AND 3088793 ORDER BY c
	Unique  (cost=3670.64..3675.31 rows=935 width=121)
	  ->  Sort  (cost=3670.64..3672.97 rows=935 width=121)
	        Sort Key: c
	        ->  Bitmap Heap Scan on sbtest3  (cost=30.02..3624.50 rows=935 width=121)
	              Recheck Cond: ((id >= 3087794) AND (id <= 3088793))
	              ->  Bitmap Index Scan on sbtest3_pkey  (cost=0.00..29.79 rows=935 width=0)
	                    Index Cond: ((id >= 3087794) AND (id <= 3088793))

table 4 : explain SELECT DISTINCT c FROM sbtest4 WHERE id BETWEEN 7376505 AND 7377504 ORDER BY c
	Unique  (cost=3993.68..3998.77 rows=1018 width=121)
	  ->  Sort  (cost=3993.68..3996.22 rows=1018 width=121)
	        Sort Key: c
	        ->  Bitmap Heap Scan on sbtest4  (cost=34.87..3942.82 rows=1018 width=121)
	              Recheck Cond: ((id >= 7376505) AND (id <= 7377504))
	              ->  Bitmap Index Scan on sbtest4_pkey  (cost=0.00..34.62 rows=1018 width=0)
	                    Index Cond: ((id >= 7376505) AND (id <= 7377504))

table 5 : explain SELECT DISTINCT c FROM sbtest5 WHERE id BETWEEN 8615537 AND 8616536 ORDER BY c
	Unique  (cost=3937.68..3942.69 rows=1003 width=121)
	  ->  Sort  (cost=3937.68..3940.18 rows=1003 width=121)
	        Sort Key: c
	        ->  Bitmap Heap Scan on sbtest5  (cost=34.72..3887.68 rows=1003 width=121)
	              Recheck Cond: ((id >= 8615537) AND (id <= 8616536))
	              ->  Bitmap Index Scan on sbtest5_pkey  (cost=0.00..34.47 rows=1003 width=0)
	                    Index Cond: ((id >= 8615537) AND (id <= 8616536))

table 6 : explain SELECT DISTINCT c FROM sbtest6 WHERE id BETWEEN 398345 AND 399344 ORDER BY c
	Unique  (cost=3445.52..3449.90 rows=876 width=121)
	  ->  Sort  (cost=3445.52..3447.71 rows=876 width=121)
	        Sort Key: c
	        ->  Bitmap Heap Scan on sbtest6  (cost=29.41..3402.70 rows=876 width=121)
	              Recheck Cond: ((id >= 398345) AND (id <= 399344))
	              ->  Bitmap Index Scan on sbtest6_pkey  (cost=0.00..29.19 rows=876 width=0)
	                    Index Cond: ((id >= 398345) AND (id <= 399344))

table 7 : explain SELECT DISTINCT c FROM sbtest7 WHERE id BETWEEN 2422053 AND 2423052 ORDER BY c
	Unique  (cost=3845.39..3850.28 rows=979 width=121)
	  ->  Sort  (cost=3845.39..3847.83 rows=979 width=121)
	        Sort Key: c
	        ->  Bitmap Heap Scan on sbtest7  (cost=34.47..3796.75 rows=979 width=121)
	              Recheck Cond: ((id >= 2422053) AND (id <= 2423052))
	              ->  Bitmap Index Scan on sbtest7_pkey  (cost=0.00..34.23 rows=979 width=0)
	                    Index Cond: ((id >= 2422053) AND (id <= 2423052))

table 8 : explain SELECT DISTINCT c FROM sbtest8 WHERE id BETWEEN 6962153 AND 6963152 ORDER BY c
	Unique  (cost=3830.57..3835.45 rows=975 width=121)
	  ->  Sort  (cost=3830.57..3833.01 rows=975 width=121)
	        Sort Key: c
	        ->  Bitmap Heap Scan on sbtest8  (cost=34.43..3782.17 rows=975 width=121)
	              Recheck Cond: ((id >= 6962153) AND (id <= 6963152))
	              ->  Bitmap Index Scan on sbtest8_pkey  (cost=0.00..34.19 rows=975 width=0)
	                    Index Cond: ((id >= 6962153) AND (id <= 6963152))

for: distinct_ranges
table 1 : explain SELECT DISTINCT c FROM sbtest1 WHERE id BETWEEN 980001 AND 981000 ORDER BY c
	Unique  (cost=3875.98..3880.91 rows=986 width=121)
	  ->  Sort  (cost=3875.98..3878.44 rows=986 width=121)
	        Sort Key: c
	        ->  Bitmap Heap Scan on sbtest1  (cost=34.54..3826.95 rows=986 width=121)
	              Recheck Cond: ((id >= 980001) AND (id <= 981000))
	              ->  Bitmap Index Scan on sbtest1_pkey  (cost=0.00..34.30 rows=986 width=0)
	                    Index Cond: ((id >= 980001) AND (id <= 981000))

table 2 : explain SELECT DISTINCT c FROM sbtest2 WHERE id BETWEEN 6349619 AND 6350618 ORDER BY c
	Unique  (cost=3797.50..3802.34 rows=967 width=121)
	  ->  Sort  (cost=3797.50..3799.92 rows=967 width=121)
	        Sort Key: c
	        ->  Bitmap Heap Scan on sbtest2  (cost=34.35..3749.55 rows=967 width=121)
	              Recheck Cond: ((id >= 6349619) AND (id <= 6350618))
	              ->  Bitmap Index Scan on sbtest2_pkey  (cost=0.00..34.11 rows=967 width=0)
	                    Index Cond: ((id >= 6349619) AND (id <= 6350618))

table 3 : explain SELECT DISTINCT c FROM sbtest3 WHERE id BETWEEN 6699590 AND 6700589 ORDER BY c
	Unique  (cost=4354.88..4360.45 rows=1114 width=121)
	  ->  Sort  (cost=4354.88..4357.66 rows=1114 width=121)
	        Sort Key: c
	        ->  Bitmap Heap Scan on sbtest3  (cost=35.85..4298.50 rows=1114 width=121)
	              Recheck Cond: ((id >= 6699590) AND (id <= 6700589))
	              ->  Bitmap Index Scan on sbtest3_pkey  (cost=0.00..35.58 rows=1114 width=0)
	                    Index Cond: ((id >= 6699590) AND (id <= 6700589))

table 4 : explain SELECT DISTINCT c FROM sbtest4 WHERE id BETWEEN 8951077 AND 8952076 ORDER BY c
	Unique  (cost=3656.71..3661.36 rows=930 width=121)
	  ->  Sort  (cost=3656.71..3659.03 rows=930 width=121)
	        Sort Key: c
	        ->  Bitmap Heap Scan on sbtest4  (cost=33.97..3610.85 rows=930 width=121)
	              Recheck Cond: ((id >= 8951077) AND (id <= 8952076))
	              ->  Bitmap Index Scan on sbtest4_pkey  (cost=0.00..33.73 rows=930 width=0)
	                    Index Cond: ((id >= 8951077) AND (id <= 8952076))

table 5 : explain SELECT DISTINCT c FROM sbtest5 WHERE id BETWEEN 6952073 AND 6953072 ORDER BY c
	Unique  (cost=3792.14..3796.96 rows=965 width=121)
	  ->  Sort  (cost=3792.14..3794.55 rows=965 width=121)
	        Sort Key: c
	        ->  Bitmap Heap Scan on sbtest5  (cost=34.33..3744.30 rows=965 width=121)
	              Recheck Cond: ((id >= 6952073) AND (id <= 6953072))
	              ->  Bitmap Index Scan on sbtest5_pkey  (cost=0.00..34.09 rows=965 width=0)
	                    Index Cond: ((id >= 6952073) AND (id <= 6953072))

table 6 : explain SELECT DISTINCT c FROM sbtest6 WHERE id BETWEEN 6773514 AND 6774513 ORDER BY c
	Unique  (cost=4020.52..4025.65 rows=1025 width=121)
	  ->  Sort  (cost=4020.52..4023.08 rows=1025 width=121)
	        Sort Key: c
	        ->  Bitmap Heap Scan on sbtest6  (cost=34.94..3969.26 rows=1025 width=121)
	              Recheck Cond: ((id >= 6773514) AND (id <= 6774513))
	              ->  Bitmap Index Scan on sbtest6_pkey  (cost=0.00..34.69 rows=1025 width=0)
	                    Index Cond: ((id >= 6773514) AND (id <= 6774513))

table 7 : explain SELECT DISTINCT c FROM sbtest7 WHERE id BETWEEN 9984587 AND 9985586 ORDER BY c
	Unique  (cost=3895.17..3900.13 rows=992 width=121)
	  ->  Sort  (cost=3895.17..3897.65 rows=992 width=121)
	        Sort Key: c
	        ->  Bitmap Heap Scan on sbtest7  (cost=34.60..3845.79 rows=992 width=121)
	              Recheck Cond: ((id >= 9984587) AND (id <= 9985586))
	              ->  Bitmap Index Scan on sbtest7_pkey  (cost=0.00..34.36 rows=992 width=0)
	                    Index Cond: ((id >= 9984587) AND (id <= 9985586))

table 8 : explain SELECT DISTINCT c FROM sbtest8 WHERE id BETWEEN 6131333 AND 6132332 ORDER BY c
	Unique  (cost=4087.00..4092.21 rows=1042 width=121)
	  ->  Sort  (cost=4087.00..4089.60 rows=1042 width=121)
	        Sort Key: c
	        ->  Bitmap Heap Scan on sbtest8  (cost=35.12..4034.77 rows=1042 width=121)
	              Recheck Cond: ((id >= 6131333) AND (id <= 6132332))
	              ->  Bitmap Index Scan on sbtest8_pkey  (cost=0.00..34.86 rows=1042 width=0)
	                    Index Cond: ((id >= 6131333) AND (id <= 6132332))

for: distinct_ranges
table 1 : explain SELECT DISTINCT c FROM sbtest1 WHERE id BETWEEN 6438097 AND 6439096 ORDER BY c
	Unique  (cost=4335.33..4340.86 rows=1106 width=121)
	  ->  Sort  (cost=4335.33..4338.09 rows=1106 width=121)
	        Sort Key: c
	        ->  Bitmap Heap Scan on sbtest1  (cost=35.77..4279.42 rows=1106 width=121)
	              Recheck Cond: ((id >= 6438097) AND (id <= 6439096))
	              ->  Bitmap Index Scan on sbtest1_pkey  (cost=0.00..35.50 rows=1106 width=0)
	                    Index Cond: ((id >= 6438097) AND (id <= 6439096))

table 2 : explain SELECT DISTINCT c FROM sbtest2 WHERE id BETWEEN 294870 AND 295869 ORDER BY c
	Unique  (cost=3858.74..3863.66 rows=983 width=121)
	  ->  Sort  (cost=3858.74..3861.20 rows=983 width=121)
	        Sort Key: c
	        ->  Bitmap Heap Scan on sbtest2  (cost=34.51..3809.88 rows=983 width=121)
	              Recheck Cond: ((id >= 294870) AND (id <= 295869))
	              ->  Bitmap Index Scan on sbtest2_pkey  (cost=0.00..34.27 rows=983 width=0)
	                    Index Cond: ((id >= 294870) AND (id <= 295869))

table 3 : explain SELECT DISTINCT c FROM sbtest3 WHERE id BETWEEN 559677 AND 560676 ORDER BY c
	Unique  (cost=4015.19..4020.31 rows=1024 width=121)
	  ->  Sort  (cost=4015.19..4017.75 rows=1024 width=121)
	        Sort Key: c
	        ->  Bitmap Heap Scan on sbtest3  (cost=34.93..3963.99 rows=1024 width=121)
	              Recheck Cond: ((id >= 559677) AND (id <= 560676))
	              ->  Bitmap Index Scan on sbtest3_pkey  (cost=0.00..34.68 rows=1024 width=0)
	                    Index Cond: ((id >= 559677) AND (id <= 560676))

table 4 : explain SELECT DISTINCT c FROM sbtest4 WHERE id BETWEEN 6436295 AND 6437294 ORDER BY c
	Unique  (cost=4161.81..4167.12 rows=1062 width=121)
	  ->  Sort  (cost=4161.81..4164.46 rows=1062 width=121)
	        Sort Key: c
	        ->  Bitmap Heap Scan on sbtest4  (cost=35.32..4108.43 rows=1062 width=121)
	              Recheck Cond: ((id >= 6436295) AND (id <= 6437294))
	              ->  Bitmap Index Scan on sbtest4_pkey  (cost=0.00..35.06 rows=1062 width=0)
	                    Index Cond: ((id >= 6436295) AND (id <= 6437294))

table 5 : explain SELECT DISTINCT c FROM sbtest5 WHERE id BETWEEN 7928404 AND 7929403 ORDER BY c
	Unique  (cost=3945.33..3950.36 rows=1005 width=121)
	  ->  Sort  (cost=3945.33..3947.84 rows=1005 width=121)
	        Sort Key: c
	        ->  Bitmap Heap Scan on sbtest5  (cost=34.74..3895.22 rows=1005 width=121)
	              Recheck Cond: ((id >= 7928404) AND (id <= 7929403))
	              ->  Bitmap Index Scan on sbtest5_pkey  (cost=0.00..34.48 rows=1005 width=0)
	                    Index Cond: ((id >= 7928404) AND (id <= 7929403))

table 6 : explain SELECT DISTINCT c FROM sbtest6 WHERE id BETWEEN 4262935 AND 4263934 ORDER BY c
	Unique  (cost=4264.96..4270.40 rows=1089 width=121)
	  ->  Sort  (cost=4264.96..4267.68 rows=1089 width=121)
	        Sort Key: c
	        ->  Bitmap Heap Scan on sbtest6  (cost=35.60..4210.02 rows=1089 width=121)
	              Recheck Cond: ((id >= 4262935) AND (id <= 4263934))
	              ->  Bitmap Index Scan on sbtest6_pkey  (cost=0.00..35.33 rows=1089 width=0)
	                    Index Cond: ((id >= 4262935) AND (id <= 4263934))

table 7 : explain SELECT DISTINCT c FROM sbtest7 WHERE id BETWEEN 5714382 AND 5715381 ORDER BY c
	Unique  (cost=4105.55..4110.78 rows=1047 width=121)
	  ->  Sort  (cost=4105.55..4108.16 rows=1047 width=121)
	        Sort Key: c
	        ->  Bitmap Heap Scan on sbtest7  (cost=35.17..4053.03 rows=1047 width=121)
	              Recheck Cond: ((id >= 5714382) AND (id <= 5715381))
	              ->  Bitmap Index Scan on sbtest7_pkey  (cost=0.00..34.91 rows=1047 width=0)
	                    Index Cond: ((id >= 5714382) AND (id <= 5715381))

table 8 : explain SELECT DISTINCT c FROM sbtest8 WHERE id BETWEEN 6116371 AND 6117370 ORDER BY c
	Unique  (cost=4087.00..4092.21 rows=1042 width=121)
	  ->  Sort  (cost=4087.00..4089.60 rows=1042 width=121)
	        Sort Key: c
	        ->  Bitmap Heap Scan on sbtest8  (cost=35.12..4034.77 rows=1042 width=121)
	              Recheck Cond: ((id >= 6116371) AND (id <= 6117370))
	              ->  Bitmap Index Scan on sbtest8_pkey  (cost=0.00..34.86 rows=1042 width=0)
	                    Index Cond: ((id >= 6116371) AND (id <= 6117370))

for: order_ranges
table 1 : explain SELECT c FROM sbtest1 WHERE id BETWEEN 3720684 AND 3721683 ORDER BY c
	Sort  (cost=3545.58..3547.83 rows=901 width=121)
	  Sort Key: c
	  ->  Bitmap Heap Scan on sbtest1  (cost=29.67..3501.36 rows=901 width=121)
	        Recheck Cond: ((id >= 3720684) AND (id <= 3721683))
	        ->  Bitmap Index Scan on sbtest1_pkey  (cost=0.00..29.44 rows=901 width=0)
	              Index Cond: ((id >= 3720684) AND (id <= 3721683))

table 2 : explain SELECT c FROM sbtest2 WHERE id BETWEEN 9462759 AND 9463758 ORDER BY c
	Sort  (cost=4023.17..4025.74 rows=1026 width=121)
	  Sort Key: c
	  ->  Bitmap Heap Scan on sbtest2  (cost=34.95..3971.86 rows=1026 width=121)
	        Recheck Cond: ((id >= 9462759) AND (id <= 9463758))
	        ->  Bitmap Index Scan on sbtest2_pkey  (cost=0.00..34.70 rows=1026 width=0)
	              Index Cond: ((id >= 9462759) AND (id <= 9463758))

table 3 : explain SELECT c FROM sbtest3 WHERE id BETWEEN 2548394 AND 2549393 ORDER BY c
	Sort  (cost=4286.19..4288.92 rows=1095 width=121)
	  Sort Key: c
	  ->  Bitmap Heap Scan on sbtest3  (cost=35.66..4230.91 rows=1095 width=121)
	        Recheck Cond: ((id >= 2548394) AND (id <= 2549393))
	        ->  Bitmap Index Scan on sbtest3_pkey  (cost=0.00..35.39 rows=1095 width=0)
	              Index Cond: ((id >= 2548394) AND (id <= 2549393))

table 4 : explain SELECT c FROM sbtest4 WHERE id BETWEEN 4040659 AND 4041658 ORDER BY c
	Sort  (cost=3764.03..3766.42 rows=958 width=121)
	  Sort Key: c
	  ->  Bitmap Heap Scan on sbtest4  (cost=34.25..3716.59 rows=958 width=121)
	        Recheck Cond: ((id >= 4040659) AND (id <= 4041658))
	        ->  Bitmap Index Scan on sbtest4_pkey  (cost=0.00..34.02 rows=958 width=0)
	              Index Cond: ((id >= 4040659) AND (id <= 4041658))

table 5 : explain SELECT c FROM sbtest5 WHERE id BETWEEN 4350533 AND 4351532 ORDER BY c
	Sort  (cost=3841.95..3844.39 rows=978 width=121)
	  Sort Key: c
	  ->  Bitmap Heap Scan on sbtest5  (cost=34.46..3793.37 rows=978 width=121)
	        Recheck Cond: ((id >= 4350533) AND (id <= 4351532))
	        ->  Bitmap Index Scan on sbtest5_pkey  (cost=0.00..34.22 rows=978 width=0)
	              Index Cond: ((id >= 4350533) AND (id <= 4351532))

table 6 : explain SELECT c FROM sbtest6 WHERE id BETWEEN 9657613 AND 9658612 ORDER BY c
	Sort  (cost=4116.06..4118.69 rows=1050 width=121)
	  Sort Key: c
	  ->  Bitmap Heap Scan on sbtest6  (cost=35.20..4063.37 rows=1050 width=121)
	        Recheck Cond: ((id >= 9657613) AND (id <= 9658612))
	        ->  Bitmap Index Scan on sbtest6_pkey  (cost=0.00..34.94 rows=1050 width=0)
	              Index Cond: ((id >= 9657613) AND (id <= 9658612))

table 7 : explain SELECT c FROM sbtest7 WHERE id BETWEEN 6961150 AND 6962149 ORDER BY c
	Sort  (cost=3757.26..3759.65 rows=956 width=121)
	  Sort Key: c
	  ->  Bitmap Heap Scan on sbtest7  (cost=34.23..3709.94 rows=956 width=121)
	        Recheck Cond: ((id >= 6961150) AND (id <= 6962149))
	        ->  Bitmap Index Scan on sbtest7_pkey  (cost=0.00..34.00 rows=956 width=0)
	              Index Cond: ((id >= 6961150) AND (id <= 6962149))

table 8 : explain SELECT c FROM sbtest8 WHERE id BETWEEN 2356366 AND 2357365 ORDER BY c
	Sort  (cost=3941.63..3944.14 rows=1004 width=121)
	  Sort Key: c
	  ->  Bitmap Heap Scan on sbtest8  (cost=34.73..3891.57 rows=1004 width=121)
	        Recheck Cond: ((id >= 2356366) AND (id <= 2357365))
	        ->  Bitmap Index Scan on sbtest8_pkey  (cost=0.00..34.48 rows=1004 width=0)
	              Index Cond: ((id >= 2356366) AND (id <= 2357365))

for: order_ranges
table 1 : explain SELECT c FROM sbtest1 WHERE id BETWEEN 7901606 AND 7902605 ORDER BY c
	Sort  (cost=3891.32..3893.79 rows=990 width=121)
	  Sort Key: c
	  ->  Bitmap Heap Scan on sbtest1  (cost=34.58..3842.06 rows=990 width=121)
	        Recheck Cond: ((id >= 7901606) AND (id <= 7902605))
	        ->  Bitmap Index Scan on sbtest1_pkey  (cost=0.00..34.34 rows=990 width=0)
	              Index Cond: ((id >= 7901606) AND (id <= 7902605))

table 2 : explain SELECT c FROM sbtest2 WHERE id BETWEEN 5847262 AND 5848261 ORDER BY c
	Sort  (cost=4122.48..4125.11 rows=1052 width=121)
	  Sort Key: c
	  ->  Bitmap Heap Scan on sbtest2  (cost=35.22..4069.68 rows=1052 width=121)
	        Recheck Cond: ((id >= 5847262) AND (id <= 5848261))
	        ->  Bitmap Index Scan on sbtest2_pkey  (cost=0.00..34.95 rows=1052 width=0)
	              Index Cond: ((id >= 5847262) AND (id <= 5848261))

table 3 : explain SELECT c FROM sbtest3 WHERE id BETWEEN 5438572 AND 5439571 ORDER BY c
	Sort  (cost=3712.95..3715.31 rows=945 width=121)
	  Sort Key: c
	  ->  Bitmap Heap Scan on sbtest3  (cost=34.12..3666.25 rows=945 width=121)
	        Recheck Cond: ((id >= 5438572) AND (id <= 5439571))
	        ->  Bitmap Index Scan on sbtest3_pkey  (cost=0.00..33.89 rows=945 width=0)
	              Index Cond: ((id >= 5438572) AND (id <= 5439571))

table 4 : explain SELECT c FROM sbtest4 WHERE id BETWEEN 8207022 AND 8208021 ORDER BY c
	Sort  (cost=3905.70..3908.18 rows=995 width=121)
	  Sort Key: c
	  ->  Bitmap Heap Scan on sbtest4  (cost=34.63..3856.15 rows=995 width=121)
	        Recheck Cond: ((id >= 8207022) AND (id <= 8208021))
	        ->  Bitmap Index Scan on sbtest4_pkey  (cost=0.00..34.39 rows=995 width=0)
	              Index Cond: ((id >= 8207022) AND (id <= 8208021))

table 5 : explain SELECT c FROM sbtest5 WHERE id BETWEEN 5684348 AND 5685347 ORDER BY c
	Sort  (cost=3661.60..3663.93 rows=932 width=121)
	  Sort Key: c
	  ->  Bitmap Heap Scan on sbtest5  (cost=29.99..3615.64 rows=932 width=121)
	        Recheck Cond: ((id >= 5684348) AND (id <= 5685347))
	        ->  Bitmap Index Scan on sbtest5_pkey  (cost=0.00..29.75 rows=932 width=0)
	              Index Cond: ((id >= 5684348) AND (id <= 5685347))

table 6 : explain SELECT c FROM sbtest6 WHERE id BETWEEN 9875241 AND 9876240 ORDER BY c
	Sort  (cost=4123.70..4126.33 rows=1052 width=121)
	  Sort Key: c
	  ->  Bitmap Heap Scan on sbtest6  (cost=35.22..4070.90 rows=1052 width=121)
	        Recheck Cond: ((id >= 9875241) AND (id <= 9876240))
	        ->  Bitmap Index Scan on sbtest6_pkey  (cost=0.00..34.95 rows=1052 width=0)
	              Index Cond: ((id >= 9875241) AND (id <= 9876240))

table 7 : explain SELECT c FROM sbtest7 WHERE id BETWEEN 4604340 AND 4605339 ORDER BY c
	Sort  (cost=3676.58..3678.92 rows=936 width=121)
	  Sort Key: c
	  ->  Bitmap Heap Scan on sbtest7  (cost=30.03..3630.39 rows=936 width=121)
	        Recheck Cond: ((id >= 4604340) AND (id <= 4605339))
	        ->  Bitmap Index Scan on sbtest7_pkey  (cost=0.00..29.79 rows=936 width=0)
	              Index Cond: ((id >= 4604340) AND (id <= 4605339))

table 8 : explain SELECT c FROM sbtest8 WHERE id BETWEEN 2512280 AND 2513279 ORDER BY c
	Sort  (cost=4239.84..4242.54 rows=1082 width=121)
	  Sort Key: c
	  ->  Bitmap Heap Scan on sbtest8  (cost=35.53..4185.31 rows=1082 width=121)
	        Recheck Cond: ((id >= 2512280) AND (id <= 2513279))
	        ->  Bitmap Index Scan on sbtest8_pkey  (cost=0.00..35.26 rows=1082 width=0)
	              Index Cond: ((id >= 2512280) AND (id <= 2513279))

for: distinct_ranges
table 1 : explain SELECT DISTINCT c FROM sbtest1 WHERE id BETWEEN 6814281 AND 6815280 ORDER BY c
	Unique  (cost=4025.45..4030.57 rows=1025 width=121)
	  ->  Sort  (cost=4025.45..4028.01 rows=1025 width=121)
	        Sort Key: c
	        ->  Bitmap Heap Scan on sbtest1  (cost=34.94..3974.19 rows=1025 width=121)
	              Recheck Cond: ((id >= 6814281) AND (id <= 6815280))
	              ->  Bitmap Index Scan on sbtest1_pkey  (cost=0.00..34.69 rows=1025 width=0)
	                    Index Cond: ((id >= 6814281) AND (id <= 6815280))

table 2 : explain SELECT DISTINCT c FROM sbtest2 WHERE id BETWEEN 1813051 AND 1814050 ORDER BY c
	Unique  (cost=3946.72..3951.75 rows=1006 width=121)
	  ->  Sort  (cost=3946.72..3949.24 rows=1006 width=121)
	        Sort Key: c
	        ->  Bitmap Heap Scan on sbtest2  (cost=34.75..3896.55 rows=1006 width=121)
	              Recheck Cond: ((id >= 1813051) AND (id <= 1814050))
	              ->  Bitmap Index Scan on sbtest2_pkey  (cost=0.00..34.50 rows=1006 width=0)
	                    Index Cond: ((id >= 1813051) AND (id <= 1814050))

table 3 : explain SELECT DISTINCT c FROM sbtest3 WHERE id BETWEEN 2574874 AND 2575873 ORDER BY c
	Unique  (cost=4286.19..4291.66 rows=1095 width=121)
	  ->  Sort  (cost=4286.19..4288.92 rows=1095 width=121)
	        Sort Key: c
	        ->  Bitmap Heap Scan on sbtest3  (cost=35.66..4230.91 rows=1095 width=121)
	              Recheck Cond: ((id >= 2574874) AND (id <= 2575873))
	              ->  Bitmap Index Scan on sbtest3_pkey  (cost=0.00..35.39 rows=1095 width=0)
	                    Index Cond: ((id >= 2574874) AND (id <= 2575873))

table 4 : explain SELECT DISTINCT c FROM sbtest4 WHERE id BETWEEN 5065576 AND 5066575 ORDER BY c
	Unique  (cost=3656.71..3661.36 rows=930 width=121)
	  ->  Sort  (cost=3656.71..3659.03 rows=930 width=121)
	        Sort Key: c
	        ->  Bitmap Heap Scan on sbtest4  (cost=33.97..3610.85 rows=930 width=121)
	              Recheck Cond: ((id >= 5065576) AND (id <= 5066575))
	              ->  Bitmap Index Scan on sbtest4_pkey  (cost=0.00..33.73 rows=930 width=0)
	                    Index Cond: ((id >= 5065576) AND (id <= 5066575))

table 5 : explain SELECT DISTINCT c FROM sbtest5 WHERE id BETWEEN 7167925 AND 7168924 ORDER BY c
	Unique  (cost=4037.16..4042.30 rows=1029 width=121)
	  ->  Sort  (cost=4037.16..4039.73 rows=1029 width=121)
	        Sort Key: c
	        ->  Bitmap Heap Scan on sbtest5  (cost=34.98..3985.67 rows=1029 width=121)
	              Recheck Cond: ((id >= 7167925) AND (id <= 7168924))
	              ->  Bitmap Index Scan on sbtest5_pkey  (cost=0.00..34.73 rows=1029 width=0)
	                    Index Cond: ((id >= 7167925) AND (id <= 7168924))

table 6 : explain SELECT DISTINCT c FROM sbtest6 WHERE id BETWEEN 2897731 AND 2898730 ORDER BY c
	Unique  (cost=4024.34..4029.47 rows=1026 width=121)
	  ->  Sort  (cost=4024.34..4026.91 rows=1026 width=121)
	        Sort Key: c
	        ->  Bitmap Heap Scan on sbtest6  (cost=34.95..3973.03 rows=1026 width=121)
	              Recheck Cond: ((id >= 2897731) AND (id <= 2898730))
	              ->  Bitmap Index Scan on sbtest6_pkey  (cost=0.00..34.70 rows=1026 width=0)
	                    Index Cond: ((id >= 2897731) AND (id <= 2898730))

table 7 : explain SELECT DISTINCT c FROM sbtest7 WHERE id BETWEEN 6439281 AND 6440280 ORDER BY c
	Unique  (cost=4472.18..4477.90 rows=1143 width=121)
	  ->  Sort  (cost=4472.18..4475.04 rows=1143 width=121)
	        Sort Key: c
	        ->  Bitmap Heap Scan on sbtest7  (cost=40.15..4414.13 rows=1143 width=121)
	              Recheck Cond: ((id >= 6439281) AND (id <= 6440280))
	              ->  Bitmap Index Scan on sbtest7_pkey  (cost=0.00..39.87 rows=1143 width=0)
	                    Index Cond: ((id >= 6439281) AND (id <= 6440280))

table 8 : explain SELECT DISTINCT c FROM sbtest8 WHERE id BETWEEN 2209024 AND 2210023 ORDER BY c
	Unique  (cost=4064.06..4069.24 rows=1036 width=121)
	  ->  Sort  (cost=4064.06..4066.65 rows=1036 width=121)
	        Sort Key: c
	        ->  Bitmap Heap Scan on sbtest8  (cost=35.05..4012.17 rows=1036 width=121)
	              Recheck Cond: ((id >= 2209024) AND (id <= 2210023))
	              ->  Bitmap Index Scan on sbtest8_pkey  (cost=0.00..34.80 rows=1036 width=0)
	                    Index Cond: ((id >= 2209024) AND (id <= 2210023))

for: distinct_ranges
table 1 : explain SELECT DISTINCT c FROM sbtest1 WHERE id BETWEEN 4900803 AND 4901802 ORDER BY c
	Unique  (cost=3630.14..3634.76 rows=923 width=121)
	  ->  Sort  (cost=3630.14..3632.45 rows=923 width=121)
	        Sort Key: c
	        ->  Bitmap Heap Scan on sbtest1  (cost=29.90..3584.68 rows=923 width=121)
	              Recheck Cond: ((id >= 4900803) AND (id <= 4901802))
	              ->  Bitmap Index Scan on sbtest1_pkey  (cost=0.00..29.66 rows=923 width=0)
	                    Index Cond: ((id >= 4900803) AND (id <= 4901802))

table 2 : explain SELECT DISTINCT c FROM sbtest2 WHERE id BETWEEN 524321 AND 525320 ORDER BY c
	Unique  (cost=3598.09..3602.67 rows=916 width=121)
	  ->  Sort  (cost=3598.09..3600.38 rows=916 width=121)
	        Sort Key: c
	        ->  Bitmap Heap Scan on sbtest2  (cost=29.82..3553.03 rows=916 width=121)
	              Recheck Cond: ((id >= 524321) AND (id <= 525320))
	              ->  Bitmap Index Scan on sbtest2_pkey  (cost=0.00..29.59 rows=916 width=0)
	                    Index Cond: ((id >= 524321) AND (id <= 525320))

table 3 : explain SELECT DISTINCT c FROM sbtest3 WHERE id BETWEEN 5816970 AND 5817969 ORDER BY c
	Unique  (cost=3632.31..3636.94 rows=925 width=121)
	  ->  Sort  (cost=3632.31..3634.62 rows=925 width=121)
	        Sort Key: c
	        ->  Bitmap Heap Scan on sbtest3  (cost=29.92..3586.74 rows=925 width=121)
	              Recheck Cond: ((id >= 5816970) AND (id <= 5817969))
	              ->  Bitmap Index Scan on sbtest3_pkey  (cost=0.00..29.68 rows=925 width=0)
	                    Index Cond: ((id >= 5816970) AND (id <= 5817969))

table 4 : explain SELECT DISTINCT c FROM sbtest4 WHERE id BETWEEN 2139580 AND 2140579 ORDER BY c
	Unique  (cost=3641.37..3646.00 rows=926 width=121)
	  ->  Sort  (cost=3641.37..3643.68 rows=926 width=121)
	        Sort Key: c
	        ->  Bitmap Heap Scan on sbtest4  (cost=33.93..3595.74 rows=926 width=121)
	              Recheck Cond: ((id >= 2139580) AND (id <= 2140579))
	              ->  Bitmap Index Scan on sbtest4_pkey  (cost=0.00..33.70 rows=926 width=0)
	                    Index Cond: ((id >= 2139580) AND (id <= 2140579))

table 5 : explain SELECT DISTINCT c FROM sbtest5 WHERE id BETWEEN 4144386 AND 4145385 ORDER BY c
	Unique  (cost=3914.71..3919.69 rows=997 width=121)
	  ->  Sort  (cost=3914.71..3917.20 rows=997 width=121)
	        Sort Key: c
	        ->  Bitmap Heap Scan on sbtest5  (cost=34.65..3865.05 rows=997 width=121)
	              Recheck Cond: ((id >= 4144386) AND (id <= 4145385))
	              ->  Bitmap Index Scan on sbtest5_pkey  (cost=0.00..34.41 rows=997 width=0)
	                    Index Cond: ((id >= 4144386) AND (id <= 4145385))

table 6 : explain SELECT DISTINCT c FROM sbtest6 WHERE id BETWEEN 3111354 AND 3112353 ORDER BY c
	Unique  (cost=4245.88..4251.30 rows=1084 width=121)
	  ->  Sort  (cost=4245.88..4248.59 rows=1084 width=121)
	        Sort Key: c
	        ->  Bitmap Heap Scan on sbtest6  (cost=35.55..4191.23 rows=1084 width=121)
	              Recheck Cond: ((id >= 3111354) AND (id <= 3112353))
	              ->  Bitmap Index Scan on sbtest6_pkey  (cost=0.00..35.28 rows=1084 width=0)
	                    Index Cond: ((id >= 3111354) AND (id <= 3112353))

table 7 : explain SELECT DISTINCT c FROM sbtest7 WHERE id BETWEEN 5046026 AND 5047025 ORDER BY c
	Unique  (cost=4166.68..4172.00 rows=1063 width=121)
	  ->  Sort  (cost=4166.68..4169.34 rows=1063 width=121)
	        Sort Key: c
	        ->  Bitmap Heap Scan on sbtest7  (cost=35.33..4113.24 rows=1063 width=121)
	              Recheck Cond: ((id >= 5046026) AND (id <= 5047025))
	              ->  Bitmap Index Scan on sbtest7_pkey  (cost=0.00..35.07 rows=1063 width=0)
	                    Index Cond: ((id >= 5046026) AND (id <= 5047025))

table 8 : explain SELECT DISTINCT c FROM sbtest8 WHERE id BETWEEN 6214972 AND 6215971 ORDER BY c
	Unique  (cost=3815.25..3820.10 rows=971 width=121)
	  ->  Sort  (cost=3815.25..3817.68 rows=971 width=121)
	        Sort Key: c
	        ->  Bitmap Heap Scan on sbtest8  (cost=34.39..3767.07 rows=971 width=121)
	              Recheck Cond: ((id >= 6214972) AND (id <= 6215971))
	              ->  Bitmap Index Scan on sbtest8_pkey  (cost=0.00..34.15 rows=971 width=0)
	                    Index Cond: ((id >= 6214972) AND (id <= 6215971))

Threads started!

Warming up for 5 seconds...

SQL statistics:
    queries performed:
        read:                            128318730
        write:                           0
        other:                           23330706
        total:                           151649436
    transactions:                        11665373 (18516.27 per sec.)
    queries:                             151649436 (240710.86 per sec.)
    ignored errors:                      0      (0.00 per sec.)
    reconnects:                          0      (0.00 per sec.)

Throughput:
    events/s (eps):                      18516.2703
    time elapsed:                        630.0067s
    total number of events:              11665373

Latency (ms):
         min:                                    0.53
         avg:                                    2.16
         max:                                   26.46
         95th percentile:                        2.30
         sum:                             25186509.85

Threads fairness:
    events (avg/stddev):           291634.0500/1101.87
    execution time (avg/stddev):   629.6627/0.01

