LUA_PATH=/home/mdcallag/git/mytools/bench/sysbench.lua/lua/?.lua /home/mdcallag/git/mytools/bench/sysbench.lua/lua/sysbench --db-driver=pgsql --range-size=100 --table-size=10000000 --tables=8 --threads=40 --events=0 --warmup-time=5 --time=630 --pgsql_conn_id=true /home/mdcallag/git/mytools/bench/sysbench.lua/lua/oltp_range_covered.lua run --pgsql-user=root --pgsql-password=pw --pgsql-host=127.0.0.1 --pgsql-db=ib --rand-type=uniform --random-points=100 --skip-trx --on-id=false
48 CPUs
sysbench 1.1.0-9072687 (using bundled LuaJIT 2.1.0-beta3)

Running the test with following options:
Number of threads: 40
Warmup time: 5s
Initializing random number generator from current time


Initializing worker threads...

explain: for range-covered :: explain SELECT k FROM sbtest%d WHERE k BETWEEN 3341648 AND 3341748
explain: for range-covered :: explain SELECT k FROM sbtest%d WHERE k BETWEEN 3149455 AND 3149555
explain: for range-covered :: explain SELECT k FROM sbtest%d WHERE k BETWEEN 5615802 AND 5615902
explain: for range-covered :: explain SELECT k FROM sbtest%d WHERE k BETWEEN 7644495 AND 7644595
explain: for range-covered :: explain SELECT k FROM sbtest%d WHERE k BETWEEN 9833044 AND 9833144
explain: for range-covered :: explain SELECT k FROM sbtest%d WHERE k BETWEEN 6999132 AND 6999232
for range-covered
table 1 : explain SELECT k FROM sbtest1 WHERE k BETWEEN 3149455 AND 3149555
	Index Only Scan using k_1 on sbtest1  (cost=0.43..6.56 rows=106 width=4)
	  Index Cond: ((k >= 3149455) AND (k <= 3149555))

table 2 : explain SELECT k FROM sbtest2 WHERE k BETWEEN 3149455 AND 3149555
	Index Only Scan using k_2 on sbtest2  (cost=0.43..6.51 rows=104 width=4)
	  Index Cond: ((k >= 3149455) AND (k <= 3149555))

table 3 : explain SELECT k FROM sbtest3 WHERE k BETWEEN 3149455 AND 3149555
	Index Only Scan using k_3 on sbtest3  (cost=0.43..6.47 rows=102 width=4)
	  Index Cond: ((k >= 3149455) AND (k <= 3149555))

table 4 : explain SELECT k FROM sbtest4 WHERE k BETWEEN 3149455 AND 3149555
	Index Only Scan using k_4 on sbtest4  (cost=0.43..6.61 rows=109 width=4)
	  Index Cond: ((k >= 3149455) AND (k <= 3149555))

table 5 : explain SELECT k FROM sbtest5 WHERE k BETWEEN 3149455 AND 3149555
	Index Only Scan using k_5 on sbtest5  (cost=0.43..6.72 rows=114 width=4)
	  Index Cond: ((k >= 3149455) AND (k <= 3149555))

table 6 : explain SELECT k FROM sbtest6 WHERE k BETWEEN 3149455 AND 3149555
	Index Only Scan using k_6 on sbtest6  (cost=0.43..6.33 rows=95 width=4)
	  Index Cond: ((k >= 3149455) AND (k <= 3149555))

table 7 : explain SELECT k FROM sbtest7 WHERE k BETWEEN 3149455 AND 3149555
	Index Only Scan using k_7 on sbtest7  (cost=0.43..6.33 rows=95 width=4)
	  Index Cond: ((k >= 3149455) AND (k <= 3149555))

table 8 : explain SELECT k FROM sbtest8 WHERE k BETWEEN 3149455 AND 3149555
	Index Only Scan using k_8 on sbtest8  (cost=0.43..6.43 rows=100 width=4)
	  Index Cond: ((k >= 3149455) AND (k <= 3149555))

explain: for range-covered :: explain SELECT k FROM sbtest%d WHERE k BETWEEN 3149455 AND 3149555
for range-covered
table 1 : explain SELECT k FROM sbtest1 WHERE k BETWEEN 5615802 AND 5615902
	Index Only Scan using k_1 on sbtest1  (cost=0.43..6.47 rows=102 width=4)
	  Index Cond: ((k >= 5615802) AND (k <= 5615902))

table 2 : explain SELECT k FROM sbtest2 WHERE k BETWEEN 5615802 AND 5615902
	Index Only Scan using k_2 on sbtest2  (cost=0.43..6.32 rows=94 width=4)
	  Index Cond: ((k >= 5615802) AND (k <= 5615902))

table 3 : explain SELECT k FROM sbtest3 WHERE k BETWEEN 5615802 AND 5615902
	Index Only Scan using k_3 on sbtest3  (cost=0.43..6.47 rows=102 width=4)
	  Index Cond: ((k >= 5615802) AND (k <= 5615902))

table 4 : explain SELECT k FROM sbtest4 WHERE k BETWEEN 5615802 AND 5615902
	Index Only Scan using k_4 on sbtest4  (cost=0.43..6.47 rows=102 width=4)
	  Index Cond: ((k >= 5615802) AND (k <= 5615902))

table 5 : explain SELECT k FROM sbtest5 WHERE k BETWEEN 5615802 AND 5615902
	Index Only Scan using k_5 on sbtest5  (cost=0.43..6.59 rows=108 width=4)
	  Index Cond: ((k >= 5615802) AND (k <= 5615902))

table 6 : explain SELECT k FROM sbtest6 WHERE k BETWEEN 5615802 AND 5615902
	Index Only Scan using k_6 on sbtest6  (cost=0.43..6.40 rows=98 width=4)
	  Index Cond: ((k >= 5615802) AND (k <= 5615902))

table 7 : explain SELECT k FROM sbtest7 WHERE k BETWEEN 5615802 AND 5615902
	Index Only Scan using k_7 on sbtest7  (cost=0.43..6.43 rows=100 width=4)
	  Index Cond: ((k >= 5615802) AND (k <= 5615902))

table 8 : explain SELECT k FROM sbtest8 WHERE k BETWEEN 5615802 AND 5615902
	Index Only Scan using k_8 on sbtest8  (cost=0.43..6.35 rows=96 width=4)
	  Index Cond: ((k >= 5615802) AND (k <= 5615902))

for range-covered
table 1 : explain SELECT k FROM sbtest1 WHERE k BETWEEN 3341648 AND 3341748
	Index Only Scan using k_1 on sbtest1  (cost=0.43..6.61 rows=109 width=4)
	  Index Cond: ((k >= 3341648) AND (k <= 3341748))

table 2 : explain SELECT k FROM sbtest2 WHERE k BETWEEN 3341648 AND 3341748
	Index Only Scan using k_2 on sbtest2  (cost=0.43..6.67 rows=112 width=4)
	  Index Cond: ((k >= 3341648) AND (k <= 3341748))

table 3 : explain SELECT k FROM sbtest3 WHERE k BETWEEN 3341648 AND 3341748
	Index Only Scan using k_3 on sbtest3  (cost=0.43..6.29 rows=93 width=4)
	  Index Cond: ((k >= 3341648) AND (k <= 3341748))

table 4 : explain SELECT k FROM sbtest4 WHERE k BETWEEN 3341648 AND 3341748
	Index Only Scan using k_4 on sbtest4  (cost=0.43..6.42 rows=99 width=4)
	  Index Cond: ((k >= 3341648) AND (k <= 3341748))

table 5 : explain SELECT k FROM sbtest5 WHERE k BETWEEN 3341648 AND 3341748
	Index Only Scan using k_5 on sbtest5  (cost=0.43..6.51 rows=104 width=4)
	  Index Cond: ((k >= 3341648) AND (k <= 3341748))

table 6 : explain SELECT k FROM sbtest6 WHERE k BETWEEN 3341648 AND 3341748
	Index Only Scan using k_6 on sbtest6  (cost=0.43..6.56 rows=106 width=4)
	  Index Cond: ((k >= 3341648) AND (k <= 3341748))

table 7 : explain SELECT k FROM sbtest7 WHERE k BETWEEN 3341648 AND 3341748
	Index Only Scan using k_7 on sbtest7  (cost=0.43..6.53 rows=105 width=4)
	  Index Cond: ((k >= 3341648) AND (k <= 3341748))

table 8 : explain SELECT k FROM sbtest8 WHERE k BETWEEN 3341648 AND 3341748
	Index Only Scan using k_8 on sbtest8  (cost=0.43..6.32 rows=94 width=4)
	  Index Cond: ((k >= 3341648) AND (k <= 3341748))

explain: for range-covered :: explain SELECT k FROM sbtest%d WHERE k BETWEEN 5615802 AND 5615902
explain: for range-covered :: explain SELECT k FROM sbtest%d WHERE k BETWEEN 3341648 AND 3341748
for range-covered
table 1 : explain SELECT k FROM sbtest1 WHERE k BETWEEN 7644495 AND 7644595
	Index Only Scan using k_1 on sbtest1  (cost=0.43..6.50 rows=103 width=4)
	  Index Cond: ((k >= 7644495) AND (k <= 7644595))

table 2 : explain SELECT k FROM sbtest2 WHERE k BETWEEN 7644495 AND 7644595
	Index Only Scan using k_2 on sbtest2  (cost=0.43..6.50 rows=103 width=4)
	  Index Cond: ((k >= 7644495) AND (k <= 7644595))

table 3 : explain SELECT k FROM sbtest3 WHERE k BETWEEN 7644495 AND 7644595
	Index Only Scan using k_3 on sbtest3  (cost=0.43..6.53 rows=105 width=4)
	  Index Cond: ((k >= 7644495) AND (k <= 7644595))

table 4 : explain SELECT k FROM sbtest4 WHERE k BETWEEN 7644495 AND 7644595
	Index Only Scan using k_4 on sbtest4  (cost=0.43..6.45 rows=101 width=4)
	  Index Cond: ((k >= 7644495) AND (k <= 7644595))

table 5 : explain SELECT k FROM sbtest5 WHERE k BETWEEN 7644495 AND 7644595
	Index Only Scan using k_5 on sbtest5  (cost=0.43..6.58 rows=107 width=4)
	  Index Cond: ((k >= 7644495) AND (k <= 7644595))

table 6 : explain SELECT k FROM sbtest6 WHERE k BETWEEN 7644495 AND 7644595
	Index Only Scan using k_6 on sbtest6  (cost=0.43..6.50 rows=103 width=4)
	  Index Cond: ((k >= 7644495) AND (k <= 7644595))

table 7 : explain SELECT k FROM sbtest7 WHERE k BETWEEN 7644495 AND 7644595
	Index Only Scan using k_7 on sbtest7  (cost=0.43..6.45 rows=101 width=4)
	  Index Cond: ((k >= 7644495) AND (k <= 7644595))

table 8 : explain SELECT k FROM sbtest8 WHERE k BETWEEN 7644495 AND 7644595
	Index Only Scan using k_8 on sbtest8  (cost=0.43..6.51 rows=104 width=4)
	  Index Cond: ((k >= 7644495) AND (k <= 7644595))

explain: for range-covered :: explain SELECT k FROM sbtest%d WHERE k BETWEEN 7644495 AND 7644595
for range-covered
table 1 : explain SELECT k FROM sbtest1 WHERE k BETWEEN 9833044 AND 9833144
	Index Only Scan using k_1 on sbtest1  (cost=0.43..6.51 rows=104 width=4)
	  Index Cond: ((k >= 9833044) AND (k <= 9833144))

table 2 : explain SELECT k FROM sbtest2 WHERE k BETWEEN 9833044 AND 9833144
	Index Only Scan using k_2 on sbtest2  (cost=0.43..6.33 rows=95 width=4)
	  Index Cond: ((k >= 9833044) AND (k <= 9833144))

table 3 : explain SELECT k FROM sbtest3 WHERE k BETWEEN 9833044 AND 9833144
	Index Only Scan using k_3 on sbtest3  (cost=0.43..6.43 rows=100 width=4)
	  Index Cond: ((k >= 9833044) AND (k <= 9833144))

table 4 : explain SELECT k FROM sbtest4 WHERE k BETWEEN 9833044 AND 9833144
	Index Only Scan using k_4 on sbtest4  (cost=0.43..6.63 rows=110 width=4)
	  Index Cond: ((k >= 9833044) AND (k <= 9833144))

table 5 : explain SELECT k FROM sbtest5 WHERE k BETWEEN 9833044 AND 9833144
	Index Only Scan using k_5 on sbtest5  (cost=0.43..6.67 rows=112 width=4)
	  Index Cond: ((k >= 9833044) AND (k <= 9833144))

table 6 : explain SELECT k FROM sbtest6 WHERE k BETWEEN 9833044 AND 9833144
	Index Only Scan using k_6 on sbtest6  (cost=0.43..6.58 rows=107 width=4)
	  Index Cond: ((k >= 9833044) AND (k <= 9833144))

table 7 : explain SELECT k FROM sbtest7 WHERE k BETWEEN 9833044 AND 9833144
	Index Only Scan using k_7 on sbtest7  (cost=0.43..6.37 rows=97 width=4)
	  Index Cond: ((k >= 9833044) AND (k <= 9833144))

table 8 : explain SELECT k FROM sbtest8 WHERE k BETWEEN 9833044 AND 9833144
	Index Only Scan using k_8 on sbtest8  (cost=0.43..6.24 rows=90 width=4)
	  Index Cond: ((k >= 9833044) AND (k <= 9833144))

explain: for range-covered :: explain SELECT k FROM sbtest%d WHERE k BETWEEN 9833044 AND 9833144
for range-covered
table 1 : explain SELECT k FROM sbtest1 WHERE k BETWEEN 6999132 AND 6999232
	Index Only Scan using k_1 on sbtest1  (cost=0.43..6.43 rows=100 width=4)
	  Index Cond: ((k >= 6999132) AND (k <= 6999232))

table 2 : explain SELECT k FROM sbtest2 WHERE k BETWEEN 6999132 AND 6999232
	Index Only Scan using k_2 on sbtest2  (cost=0.43..6.59 rows=108 width=4)
	  Index Cond: ((k >= 6999132) AND (k <= 6999232))

table 3 : explain SELECT k FROM sbtest3 WHERE k BETWEEN 6999132 AND 6999232
	Index Only Scan using k_3 on sbtest3  (cost=0.43..6.43 rows=100 width=4)
	  Index Cond: ((k >= 6999132) AND (k <= 6999232))

table 4 : explain SELECT k FROM sbtest4 WHERE k BETWEEN 6999132 AND 6999232
	Index Only Scan using k_4 on sbtest4  (cost=0.43..6.37 rows=97 width=4)
	  Index Cond: ((k >= 6999132) AND (k <= 6999232))

table 5 : explain SELECT k FROM sbtest5 WHERE k BETWEEN 6999132 AND 6999232
	Index Only Scan using k_5 on sbtest5  (cost=0.43..6.66 rows=111 width=4)
	  Index Cond: ((k >= 6999132) AND (k <= 6999232))

table 6 : explain SELECT k FROM sbtest6 WHERE k BETWEEN 6999132 AND 6999232
	Index Only Scan using k_6 on sbtest6  (cost=0.43..6.29 rows=93 width=4)
	  Index Cond: ((k >= 6999132) AND (k <= 6999232))

table 7 : explain SELECT k FROM sbtest7 WHERE k BETWEEN 6999132 AND 6999232
	Index Only Scan using k_7 on sbtest7  (cost=0.43..6.42 rows=99 width=4)
	  Index Cond: ((k >= 6999132) AND (k <= 6999232))

table 8 : explain SELECT k FROM sbtest8 WHERE k BETWEEN 6999132 AND 6999232
	Index Only Scan using k_8 on sbtest8  (cost=0.43..6.45 rows=101 width=4)
	  Index Cond: ((k >= 6999132) AND (k <= 6999232))

explain: for range-covered :: explain SELECT k FROM sbtest%d WHERE k BETWEEN 6999132 AND 6999232
for range-covered
table 1 : explain SELECT k FROM sbtest1 WHERE k BETWEEN 7644495 AND 7644595
	Index Only Scan using k_1 on sbtest1  (cost=0.43..6.50 rows=103 width=4)
	  Index Cond: ((k >= 7644495) AND (k <= 7644595))

table 2 : explain SELECT k FROM sbtest2 WHERE k BETWEEN 7644495 AND 7644595
	Index Only Scan using k_2 on sbtest2  (cost=0.43..6.50 rows=103 width=4)
	  Index Cond: ((k >= 7644495) AND (k <= 7644595))

table 3 : explain SELECT k FROM sbtest3 WHERE k BETWEEN 7644495 AND 7644595
	Index Only Scan using k_3 on sbtest3  (cost=0.43..6.53 rows=105 width=4)
	  Index Cond: ((k >= 7644495) AND (k <= 7644595))

table 4 : explain SELECT k FROM sbtest4 WHERE k BETWEEN 7644495 AND 7644595
	Index Only Scan using k_4 on sbtest4  (cost=0.43..6.45 rows=101 width=4)
	  Index Cond: ((k >= 7644495) AND (k <= 7644595))

table 5 : explain SELECT k FROM sbtest5 WHERE k BETWEEN 7644495 AND 7644595
	Index Only Scan using k_5 on sbtest5  (cost=0.43..6.58 rows=107 width=4)
	  Index Cond: ((k >= 7644495) AND (k <= 7644595))

table 6 : explain SELECT k FROM sbtest6 WHERE k BETWEEN 7644495 AND 7644595
	Index Only Scan using k_6 on sbtest6  (cost=0.43..6.50 rows=103 width=4)
	  Index Cond: ((k >= 7644495) AND (k <= 7644595))

table 7 : explain SELECT k FROM sbtest7 WHERE k BETWEEN 7644495 AND 7644595
	Index Only Scan using k_7 on sbtest7  (cost=0.43..6.45 rows=101 width=4)
	  Index Cond: ((k >= 7644495) AND (k <= 7644595))

table 8 : explain SELECT k FROM sbtest8 WHERE k BETWEEN 7644495 AND 7644595
	Index Only Scan using k_8 on sbtest8  (cost=0.43..6.51 rows=104 width=4)
	  Index Cond: ((k >= 7644495) AND (k <= 7644595))

explain: for range-covered :: explain SELECT k FROM sbtest%d WHERE k BETWEEN 7644495 AND 7644595
for range-covered
table 1 : explain SELECT k FROM sbtest1 WHERE k BETWEEN 9833044 AND 9833144
	Index Only Scan using k_1 on sbtest1  (cost=0.43..6.51 rows=104 width=4)
	  Index Cond: ((k >= 9833044) AND (k <= 9833144))

table 2 : explain SELECT k FROM sbtest2 WHERE k BETWEEN 9833044 AND 9833144
	Index Only Scan using k_2 on sbtest2  (cost=0.43..6.33 rows=95 width=4)
	  Index Cond: ((k >= 9833044) AND (k <= 9833144))

table 3 : explain SELECT k FROM sbtest3 WHERE k BETWEEN 9833044 AND 9833144
	Index Only Scan using k_3 on sbtest3  (cost=0.43..6.43 rows=100 width=4)
	  Index Cond: ((k >= 9833044) AND (k <= 9833144))

table 4 : explain SELECT k FROM sbtest4 WHERE k BETWEEN 9833044 AND 9833144
	Index Only Scan using k_4 on sbtest4  (cost=0.43..6.63 rows=110 width=4)
	  Index Cond: ((k >= 9833044) AND (k <= 9833144))

table 5 : explain SELECT k FROM sbtest5 WHERE k BETWEEN 9833044 AND 9833144
	Index Only Scan using k_5 on sbtest5  (cost=0.43..6.67 rows=112 width=4)
	  Index Cond: ((k >= 9833044) AND (k <= 9833144))

table 6 : explain SELECT k FROM sbtest6 WHERE k BETWEEN 9833044 AND 9833144
	Index Only Scan using k_6 on sbtest6  (cost=0.43..6.58 rows=107 width=4)
	  Index Cond: ((k >= 9833044) AND (k <= 9833144))

table 7 : explain SELECT k FROM sbtest7 WHERE k BETWEEN 9833044 AND 9833144
	Index Only Scan using k_7 on sbtest7  (cost=0.43..6.37 rows=97 width=4)
	  Index Cond: ((k >= 9833044) AND (k <= 9833144))

table 8 : explain SELECT k FROM sbtest8 WHERE k BETWEEN 9833044 AND 9833144
	Index Only Scan using k_8 on sbtest8  (cost=0.43..6.24 rows=90 width=4)
	  Index Cond: ((k >= 9833044) AND (k <= 9833144))

explain: for range-covered :: explain SELECT k FROM sbtest%d WHERE k BETWEEN 9833044 AND 9833144
for range-covered
table 1 : explain SELECT k FROM sbtest1 WHERE k BETWEEN 6999132 AND 6999232
	Index Only Scan using k_1 on sbtest1  (cost=0.43..6.43 rows=100 width=4)
	  Index Cond: ((k >= 6999132) AND (k <= 6999232))

table 2 : explain SELECT k FROM sbtest2 WHERE k BETWEEN 6999132 AND 6999232
	Index Only Scan using k_2 on sbtest2  (cost=0.43..6.59 rows=108 width=4)
	  Index Cond: ((k >= 6999132) AND (k <= 6999232))

table 3 : explain SELECT k FROM sbtest3 WHERE k BETWEEN 6999132 AND 6999232
	Index Only Scan using k_3 on sbtest3  (cost=0.43..6.43 rows=100 width=4)
	  Index Cond: ((k >= 6999132) AND (k <= 6999232))

table 4 : explain SELECT k FROM sbtest4 WHERE k BETWEEN 6999132 AND 6999232
	Index Only Scan using k_4 on sbtest4  (cost=0.43..6.37 rows=97 width=4)
	  Index Cond: ((k >= 6999132) AND (k <= 6999232))

table 5 : explain SELECT k FROM sbtest5 WHERE k BETWEEN 6999132 AND 6999232
	Index Only Scan using k_5 on sbtest5  (cost=0.43..6.66 rows=111 width=4)
	  Index Cond: ((k >= 6999132) AND (k <= 6999232))

table 6 : explain SELECT k FROM sbtest6 WHERE k BETWEEN 6999132 AND 6999232
	Index Only Scan using k_6 on sbtest6  (cost=0.43..6.29 rows=93 width=4)
	  Index Cond: ((k >= 6999132) AND (k <= 6999232))

table 7 : explain SELECT k FROM sbtest7 WHERE k BETWEEN 6999132 AND 6999232
	Index Only Scan using k_7 on sbtest7  (cost=0.43..6.42 rows=99 width=4)
	  Index Cond: ((k >= 6999132) AND (k <= 6999232))

table 8 : explain SELECT k FROM sbtest8 WHERE k BETWEEN 6999132 AND 6999232
	Index Only Scan using k_8 on sbtest8  (cost=0.43..6.45 rows=101 width=4)
	  Index Cond: ((k >= 6999132) AND (k <= 6999232))

explain: for range-covered :: explain SELECT k FROM sbtest%d WHERE k BETWEEN 6999132 AND 6999232
for range-covered
table 1 : explain SELECT k FROM sbtest1 WHERE k BETWEEN 6999132 AND 6999232
	Index Only Scan using k_1 on sbtest1  (cost=0.43..6.43 rows=100 width=4)
	  Index Cond: ((k >= 6999132) AND (k <= 6999232))

table 2 : explain SELECT k FROM sbtest2 WHERE k BETWEEN 6999132 AND 6999232
	Index Only Scan using k_2 on sbtest2  (cost=0.43..6.59 rows=108 width=4)
	  Index Cond: ((k >= 6999132) AND (k <= 6999232))

table 3 : explain SELECT k FROM sbtest3 WHERE k BETWEEN 6999132 AND 6999232
	Index Only Scan using k_3 on sbtest3  (cost=0.43..6.43 rows=100 width=4)
	  Index Cond: ((k >= 6999132) AND (k <= 6999232))

table 4 : explain SELECT k FROM sbtest4 WHERE k BETWEEN 6999132 AND 6999232
	Index Only Scan using k_4 on sbtest4  (cost=0.43..6.37 rows=97 width=4)
	  Index Cond: ((k >= 6999132) AND (k <= 6999232))

table 5 : explain SELECT k FROM sbtest5 WHERE k BETWEEN 6999132 AND 6999232
	Index Only Scan using k_5 on sbtest5  (cost=0.43..6.66 rows=111 width=4)
	  Index Cond: ((k >= 6999132) AND (k <= 6999232))

table 6 : explain SELECT k FROM sbtest6 WHERE k BETWEEN 6999132 AND 6999232
	Index Only Scan using k_6 on sbtest6  (cost=0.43..6.29 rows=93 width=4)
	  Index Cond: ((k >= 6999132) AND (k <= 6999232))

table 7 : explain SELECT k FROM sbtest7 WHERE k BETWEEN 6999132 AND 6999232
	Index Only Scan using k_7 on sbtest7  (cost=0.43..6.42 rows=99 width=4)
	  Index Cond: ((k >= 6999132) AND (k <= 6999232))

table 8 : explain SELECT k FROM sbtest8 WHERE k BETWEEN 6999132 AND 6999232
	Index Only Scan using k_8 on sbtest8  (cost=0.43..6.45 rows=101 width=4)
	  Index Cond: ((k >= 6999132) AND (k <= 6999232))

explain: for range-covered :: explain SELECT k FROM sbtest%d WHERE k BETWEEN 6999132 AND 6999232
for range-covered
table 1 : explain SELECT k FROM sbtest1 WHERE k BETWEEN 3149455 AND 3149555
	Index Only Scan using k_1 on sbtest1  (cost=0.43..6.56 rows=106 width=4)
	  Index Cond: ((k >= 3149455) AND (k <= 3149555))

table 2 : explain SELECT k FROM sbtest2 WHERE k BETWEEN 3149455 AND 3149555
	Index Only Scan using k_2 on sbtest2  (cost=0.43..6.51 rows=104 width=4)
	  Index Cond: ((k >= 3149455) AND (k <= 3149555))

table 3 : explain SELECT k FROM sbtest3 WHERE k BETWEEN 3149455 AND 3149555
	Index Only Scan using k_3 on sbtest3  (cost=0.43..6.47 rows=102 width=4)
	  Index Cond: ((k >= 3149455) AND (k <= 3149555))

table 4 : explain SELECT k FROM sbtest4 WHERE k BETWEEN 3149455 AND 3149555
	Index Only Scan using k_4 on sbtest4  (cost=0.43..6.61 rows=109 width=4)
	  Index Cond: ((k >= 3149455) AND (k <= 3149555))

table 5 : explain SELECT k FROM sbtest5 WHERE k BETWEEN 3149455 AND 3149555
	Index Only Scan using k_5 on sbtest5  (cost=0.43..6.72 rows=114 width=4)
	  Index Cond: ((k >= 3149455) AND (k <= 3149555))

table 6 : explain SELECT k FROM sbtest6 WHERE k BETWEEN 3149455 AND 3149555
	Index Only Scan using k_6 on sbtest6  (cost=0.43..6.33 rows=95 width=4)
	  Index Cond: ((k >= 3149455) AND (k <= 3149555))

table 7 : explain SELECT k FROM sbtest7 WHERE k BETWEEN 3149455 AND 3149555
	Index Only Scan using k_7 on sbtest7  (cost=0.43..6.33 rows=95 width=4)
	  Index Cond: ((k >= 3149455) AND (k <= 3149555))

table 8 : explain SELECT k FROM sbtest8 WHERE k BETWEEN 3149455 AND 3149555
	Index Only Scan using k_8 on sbtest8  (cost=0.43..6.43 rows=100 width=4)
	  Index Cond: ((k >= 3149455) AND (k <= 3149555))

explain: for range-covered :: explain SELECT k FROM sbtest%d WHERE k BETWEEN 3149455 AND 3149555
for range-covered
table 1 : explain SELECT k FROM sbtest1 WHERE k BETWEEN 6999132 AND 6999232
	Index Only Scan using k_1 on sbtest1  (cost=0.43..6.43 rows=100 width=4)
	  Index Cond: ((k >= 6999132) AND (k <= 6999232))

table 2 : explain SELECT k FROM sbtest2 WHERE k BETWEEN 6999132 AND 6999232
	Index Only Scan using k_2 on sbtest2  (cost=0.43..6.59 rows=108 width=4)
	  Index Cond: ((k >= 6999132) AND (k <= 6999232))

table 3 : explain SELECT k FROM sbtest3 WHERE k BETWEEN 6999132 AND 6999232
	Index Only Scan using k_3 on sbtest3  (cost=0.43..6.43 rows=100 width=4)
	  Index Cond: ((k >= 6999132) AND (k <= 6999232))

table 4 : explain SELECT k FROM sbtest4 WHERE k BETWEEN 6999132 AND 6999232
	Index Only Scan using k_4 on sbtest4  (cost=0.43..6.37 rows=97 width=4)
	  Index Cond: ((k >= 6999132) AND (k <= 6999232))

table 5 : explain SELECT k FROM sbtest5 WHERE k BETWEEN 6999132 AND 6999232
	Index Only Scan using k_5 on sbtest5  (cost=0.43..6.66 rows=111 width=4)
	  Index Cond: ((k >= 6999132) AND (k <= 6999232))

table 6 : explain SELECT k FROM sbtest6 WHERE k BETWEEN 6999132 AND 6999232
	Index Only Scan using k_6 on sbtest6  (cost=0.43..6.29 rows=93 width=4)
	  Index Cond: ((k >= 6999132) AND (k <= 6999232))

table 7 : explain SELECT k FROM sbtest7 WHERE k BETWEEN 6999132 AND 6999232
	Index Only Scan using k_7 on sbtest7  (cost=0.43..6.42 rows=99 width=4)
	  Index Cond: ((k >= 6999132) AND (k <= 6999232))

table 8 : explain SELECT k FROM sbtest8 WHERE k BETWEEN 6999132 AND 6999232
	Index Only Scan using k_8 on sbtest8  (cost=0.43..6.45 rows=101 width=4)
	  Index Cond: ((k >= 6999132) AND (k <= 6999232))

explain: for range-covered :: explain SELECT k FROM sbtest%d WHERE k BETWEEN 6999132 AND 6999232
for range-covered
table 1 : explain SELECT k FROM sbtest1 WHERE k BETWEEN 3149455 AND 3149555
	Index Only Scan using k_1 on sbtest1  (cost=0.43..6.56 rows=106 width=4)
	  Index Cond: ((k >= 3149455) AND (k <= 3149555))

table 2 : explain SELECT k FROM sbtest2 WHERE k BETWEEN 3149455 AND 3149555
	Index Only Scan using k_2 on sbtest2  (cost=0.43..6.51 rows=104 width=4)
	  Index Cond: ((k >= 3149455) AND (k <= 3149555))

table 3 : explain SELECT k FROM sbtest3 WHERE k BETWEEN 3149455 AND 3149555
	Index Only Scan using k_3 on sbtest3  (cost=0.43..6.47 rows=102 width=4)
	  Index Cond: ((k >= 3149455) AND (k <= 3149555))

table 4 : explain SELECT k FROM sbtest4 WHERE k BETWEEN 3149455 AND 3149555
	Index Only Scan using k_4 on sbtest4  (cost=0.43..6.61 rows=109 width=4)
	  Index Cond: ((k >= 3149455) AND (k <= 3149555))

table 5 : explain SELECT k FROM sbtest5 WHERE k BETWEEN 3149455 AND 3149555
	Index Only Scan using k_5 on sbtest5  (cost=0.43..6.72 rows=114 width=4)
	  Index Cond: ((k >= 3149455) AND (k <= 3149555))

table 6 : explain SELECT k FROM sbtest6 WHERE k BETWEEN 3149455 AND 3149555
	Index Only Scan using k_6 on sbtest6  (cost=0.43..6.33 rows=95 width=4)
	  Index Cond: ((k >= 3149455) AND (k <= 3149555))

table 7 : explain SELECT k FROM sbtest7 WHERE k BETWEEN 3149455 AND 3149555
	Index Only Scan using k_7 on sbtest7  (cost=0.43..6.33 rows=95 width=4)
	  Index Cond: ((k >= 3149455) AND (k <= 3149555))

table 8 : explain SELECT k FROM sbtest8 WHERE k BETWEEN 3149455 AND 3149555
	Index Only Scan using k_8 on sbtest8  (cost=0.43..6.43 rows=100 width=4)
	  Index Cond: ((k >= 3149455) AND (k <= 3149555))

explain: for range-covered :: explain SELECT k FROM sbtest%d WHERE k BETWEEN 3149455 AND 3149555
for range-covered
table 1 : explain SELECT k FROM sbtest1 WHERE k BETWEEN 6999132 AND 6999232
	Index Only Scan using k_1 on sbtest1  (cost=0.43..6.43 rows=100 width=4)
	  Index Cond: ((k >= 6999132) AND (k <= 6999232))

table 2 : explain SELECT k FROM sbtest2 WHERE k BETWEEN 6999132 AND 6999232
	Index Only Scan using k_2 on sbtest2  (cost=0.43..6.59 rows=108 width=4)
	  Index Cond: ((k >= 6999132) AND (k <= 6999232))

table 3 : explain SELECT k FROM sbtest3 WHERE k BETWEEN 6999132 AND 6999232
	Index Only Scan using k_3 on sbtest3  (cost=0.43..6.43 rows=100 width=4)
	  Index Cond: ((k >= 6999132) AND (k <= 6999232))

table 4 : explain SELECT k FROM sbtest4 WHERE k BETWEEN 6999132 AND 6999232
	Index Only Scan using k_4 on sbtest4  (cost=0.43..6.37 rows=97 width=4)
	  Index Cond: ((k >= 6999132) AND (k <= 6999232))

table 5 : explain SELECT k FROM sbtest5 WHERE k BETWEEN 6999132 AND 6999232
	Index Only Scan using k_5 on sbtest5  (cost=0.43..6.66 rows=111 width=4)
	  Index Cond: ((k >= 6999132) AND (k <= 6999232))

table 6 : explain SELECT k FROM sbtest6 WHERE k BETWEEN 6999132 AND 6999232
	Index Only Scan using k_6 on sbtest6  (cost=0.43..6.29 rows=93 width=4)
	  Index Cond: ((k >= 6999132) AND (k <= 6999232))

table 7 : explain SELECT k FROM sbtest7 WHERE k BETWEEN 6999132 AND 6999232
	Index Only Scan using k_7 on sbtest7  (cost=0.43..6.42 rows=99 width=4)
	  Index Cond: ((k >= 6999132) AND (k <= 6999232))

table 8 : explain SELECT k FROM sbtest8 WHERE k BETWEEN 6999132 AND 6999232
	Index Only Scan using k_8 on sbtest8  (cost=0.43..6.45 rows=101 width=4)
	  Index Cond: ((k >= 6999132) AND (k <= 6999232))

explain: for range-covered :: explain SELECT k FROM sbtest%d WHERE k BETWEEN 6999132 AND 6999232
for range-covered
table 1 : explain SELECT k FROM sbtest1 WHERE k BETWEEN 3149455 AND 3149555
	Index Only Scan using k_1 on sbtest1  (cost=0.43..6.56 rows=106 width=4)
	  Index Cond: ((k >= 3149455) AND (k <= 3149555))

table 2 : explain SELECT k FROM sbtest2 WHERE k BETWEEN 3149455 AND 3149555
	Index Only Scan using k_2 on sbtest2  (cost=0.43..6.51 rows=104 width=4)
	  Index Cond: ((k >= 3149455) AND (k <= 3149555))

table 3 : explain SELECT k FROM sbtest3 WHERE k BETWEEN 3149455 AND 3149555
	Index Only Scan using k_3 on sbtest3  (cost=0.43..6.47 rows=102 width=4)
	  Index Cond: ((k >= 3149455) AND (k <= 3149555))

table 4 : explain SELECT k FROM sbtest4 WHERE k BETWEEN 3149455 AND 3149555
	Index Only Scan using k_4 on sbtest4  (cost=0.43..6.61 rows=109 width=4)
	  Index Cond: ((k >= 3149455) AND (k <= 3149555))

table 5 : explain SELECT k FROM sbtest5 WHERE k BETWEEN 3149455 AND 3149555
	Index Only Scan using k_5 on sbtest5  (cost=0.43..6.72 rows=114 width=4)
	  Index Cond: ((k >= 3149455) AND (k <= 3149555))

table 6 : explain SELECT k FROM sbtest6 WHERE k BETWEEN 3149455 AND 3149555
	Index Only Scan using k_6 on sbtest6  (cost=0.43..6.33 rows=95 width=4)
	  Index Cond: ((k >= 3149455) AND (k <= 3149555))

table 7 : explain SELECT k FROM sbtest7 WHERE k BETWEEN 3149455 AND 3149555
	Index Only Scan using k_7 on sbtest7  (cost=0.43..6.33 rows=95 width=4)
	  Index Cond: ((k >= 3149455) AND (k <= 3149555))

table 8 : explain SELECT k FROM sbtest8 WHERE k BETWEEN 3149455 AND 3149555
	Index Only Scan using k_8 on sbtest8  (cost=0.43..6.43 rows=100 width=4)
	  Index Cond: ((k >= 3149455) AND (k <= 3149555))

explain: for range-covered :: explain SELECT k FROM sbtest%d WHERE k BETWEEN 3149455 AND 3149555
explain: for range-covered :: explain SELECT k FROM sbtest%d WHERE k BETWEEN 3996332 AND 3996432
explain: for range-covered :: explain SELECT k FROM sbtest%d WHERE k BETWEEN 7886978 AND 7887078
for range-covered
table 1 : explain SELECT k FROM sbtest1 WHERE k BETWEEN 6999132 AND 6999232
	Index Only Scan using k_1 on sbtest1  (cost=0.43..6.43 rows=100 width=4)
	  Index Cond: ((k >= 6999132) AND (k <= 6999232))

table 2 : explain SELECT k FROM sbtest2 WHERE k BETWEEN 6999132 AND 6999232
	Index Only Scan using k_2 on sbtest2  (cost=0.43..6.59 rows=108 width=4)
	  Index Cond: ((k >= 6999132) AND (k <= 6999232))

table 3 : explain SELECT k FROM sbtest3 WHERE k BETWEEN 6999132 AND 6999232
	Index Only Scan using k_3 on sbtest3  (cost=0.43..6.43 rows=100 width=4)
	  Index Cond: ((k >= 6999132) AND (k <= 6999232))

table 4 : explain SELECT k FROM sbtest4 WHERE k BETWEEN 6999132 AND 6999232
	Index Only Scan using k_4 on sbtest4  (cost=0.43..6.37 rows=97 width=4)
	  Index Cond: ((k >= 6999132) AND (k <= 6999232))

table 5 : explain SELECT k FROM sbtest5 WHERE k BETWEEN 6999132 AND 6999232
	Index Only Scan using k_5 on sbtest5  (cost=0.43..6.66 rows=111 width=4)
	  Index Cond: ((k >= 6999132) AND (k <= 6999232))

table 6 : explain SELECT k FROM sbtest6 WHERE k BETWEEN 6999132 AND 6999232
	Index Only Scan using k_6 on sbtest6  (cost=0.43..6.29 rows=93 width=4)
	  Index Cond: ((k >= 6999132) AND (k <= 6999232))

table 7 : explain SELECT k FROM sbtest7 WHERE k BETWEEN 6999132 AND 6999232
	Index Only Scan using k_7 on sbtest7  (cost=0.43..6.42 rows=99 width=4)
	  Index Cond: ((k >= 6999132) AND (k <= 6999232))

table 8 : explain SELECT k FROM sbtest8 WHERE k BETWEEN 6999132 AND 6999232
	Index Only Scan using k_8 on sbtest8  (cost=0.43..6.45 rows=101 width=4)
	  Index Cond: ((k >= 6999132) AND (k <= 6999232))

explain: for range-covered :: explain SELECT k FROM sbtest%d WHERE k BETWEEN 6999132 AND 6999232
explain: for range-covered :: explain SELECT k FROM sbtest%d WHERE k BETWEEN 6545297 AND 6545397
for range-covered
table 1 : explain SELECT k FROM sbtest1 WHERE k BETWEEN 3149455 AND 3149555
	Index Only Scan using k_1 on sbtest1  (cost=0.43..6.56 rows=106 width=4)
	  Index Cond: ((k >= 3149455) AND (k <= 3149555))

table 2 : explain SELECT k FROM sbtest2 WHERE k BETWEEN 3149455 AND 3149555
	Index Only Scan using k_2 on sbtest2  (cost=0.43..6.51 rows=104 width=4)
	  Index Cond: ((k >= 3149455) AND (k <= 3149555))

table 3 : explain SELECT k FROM sbtest3 WHERE k BETWEEN 3149455 AND 3149555
	Index Only Scan using k_3 on sbtest3  (cost=0.43..6.47 rows=102 width=4)
	  Index Cond: ((k >= 3149455) AND (k <= 3149555))

table 4 : explain SELECT k FROM sbtest4 WHERE k BETWEEN 3149455 AND 3149555
	Index Only Scan using k_4 on sbtest4  (cost=0.43..6.61 rows=109 width=4)
	  Index Cond: ((k >= 3149455) AND (k <= 3149555))

table 5 : explain SELECT k FROM sbtest5 WHERE k BETWEEN 3149455 AND 3149555
	Index Only Scan using k_5 on sbtest5  (cost=0.43..6.72 rows=114 width=4)
	  Index Cond: ((k >= 3149455) AND (k <= 3149555))

table 6 : explain SELECT k FROM sbtest6 WHERE k BETWEEN 3149455 AND 3149555
	Index Only Scan using k_6 on sbtest6  (cost=0.43..6.33 rows=95 width=4)
	  Index Cond: ((k >= 3149455) AND (k <= 3149555))

table 7 : explain SELECT k FROM sbtest7 WHERE k BETWEEN 3149455 AND 3149555
	Index Only Scan using k_7 on sbtest7  (cost=0.43..6.33 rows=95 width=4)
	  Index Cond: ((k >= 3149455) AND (k <= 3149555))

table 8 : explain SELECT k FROM sbtest8 WHERE k BETWEEN 3149455 AND 3149555
	Index Only Scan using k_8 on sbtest8  (cost=0.43..6.43 rows=100 width=4)
	  Index Cond: ((k >= 3149455) AND (k <= 3149555))

explain: for range-covered :: explain SELECT k FROM sbtest%d WHERE k BETWEEN 3149455 AND 3149555
for range-covered
table 1 : explain SELECT k FROM sbtest1 WHERE k BETWEEN 6999132 AND 6999232
	Index Only Scan using k_1 on sbtest1  (cost=0.43..6.43 rows=100 width=4)
	  Index Cond: ((k >= 6999132) AND (k <= 6999232))

table 2 : explain SELECT k FROM sbtest2 WHERE k BETWEEN 6999132 AND 6999232
	Index Only Scan using k_2 on sbtest2  (cost=0.43..6.59 rows=108 width=4)
	  Index Cond: ((k >= 6999132) AND (k <= 6999232))

table 3 : explain SELECT k FROM sbtest3 WHERE k BETWEEN 6999132 AND 6999232
	Index Only Scan using k_3 on sbtest3  (cost=0.43..6.43 rows=100 width=4)
	  Index Cond: ((k >= 6999132) AND (k <= 6999232))

table 4 : explain SELECT k FROM sbtest4 WHERE k BETWEEN 6999132 AND 6999232
	Index Only Scan using k_4 on sbtest4  (cost=0.43..6.37 rows=97 width=4)
	  Index Cond: ((k >= 6999132) AND (k <= 6999232))

table 5 : explain SELECT k FROM sbtest5 WHERE k BETWEEN 6999132 AND 6999232
	Index Only Scan using k_5 on sbtest5  (cost=0.43..6.66 rows=111 width=4)
	  Index Cond: ((k >= 6999132) AND (k <= 6999232))

table 6 : explain SELECT k FROM sbtest6 WHERE k BETWEEN 6999132 AND 6999232
	Index Only Scan using k_6 on sbtest6  (cost=0.43..6.29 rows=93 width=4)
	  Index Cond: ((k >= 6999132) AND (k <= 6999232))

table 7 : explain SELECT k FROM sbtest7 WHERE k BETWEEN 6999132 AND 6999232
	Index Only Scan using k_7 on sbtest7  (cost=0.43..6.42 rows=99 width=4)
	  Index Cond: ((k >= 6999132) AND (k <= 6999232))

table 8 : explain SELECT k FROM sbtest8 WHERE k BETWEEN 6999132 AND 6999232
	Index Only Scan using k_8 on sbtest8  (cost=0.43..6.45 rows=101 width=4)
	  Index Cond: ((k >= 6999132) AND (k <= 6999232))

explain: for range-covered :: explain SELECT k FROM sbtest%d WHERE k BETWEEN 6999132 AND 6999232
for range-covered
table 1 : explain SELECT k FROM sbtest1 WHERE k BETWEEN 3149455 AND 3149555
	Index Only Scan using k_1 on sbtest1  (cost=0.43..6.56 rows=106 width=4)
	  Index Cond: ((k >= 3149455) AND (k <= 3149555))

table 2 : explain SELECT k FROM sbtest2 WHERE k BETWEEN 3149455 AND 3149555
	Index Only Scan using k_2 on sbtest2  (cost=0.43..6.51 rows=104 width=4)
	  Index Cond: ((k >= 3149455) AND (k <= 3149555))

table 3 : explain SELECT k FROM sbtest3 WHERE k BETWEEN 3149455 AND 3149555
	Index Only Scan using k_3 on sbtest3  (cost=0.43..6.47 rows=102 width=4)
	  Index Cond: ((k >= 3149455) AND (k <= 3149555))

table 4 : explain SELECT k FROM sbtest4 WHERE k BETWEEN 3149455 AND 3149555
	Index Only Scan using k_4 on sbtest4  (cost=0.43..6.61 rows=109 width=4)
	  Index Cond: ((k >= 3149455) AND (k <= 3149555))

table 5 : explain SELECT k FROM sbtest5 WHERE k BETWEEN 3149455 AND 3149555
	Index Only Scan using k_5 on sbtest5  (cost=0.43..6.72 rows=114 width=4)
	  Index Cond: ((k >= 3149455) AND (k <= 3149555))

table 6 : explain SELECT k FROM sbtest6 WHERE k BETWEEN 3149455 AND 3149555
	Index Only Scan using k_6 on sbtest6  (cost=0.43..6.33 rows=95 width=4)
	  Index Cond: ((k >= 3149455) AND (k <= 3149555))

table 7 : explain SELECT k FROM sbtest7 WHERE k BETWEEN 3149455 AND 3149555
	Index Only Scan using k_7 on sbtest7  (cost=0.43..6.33 rows=95 width=4)
	  Index Cond: ((k >= 3149455) AND (k <= 3149555))

table 8 : explain SELECT k FROM sbtest8 WHERE k BETWEEN 3149455 AND 3149555
	Index Only Scan using k_8 on sbtest8  (cost=0.43..6.43 rows=100 width=4)
	  Index Cond: ((k >= 3149455) AND (k <= 3149555))

explain: for range-covered :: explain SELECT k FROM sbtest%d WHERE k BETWEEN 3149455 AND 3149555
for range-covered
table 1 : explain SELECT k FROM sbtest1 WHERE k BETWEEN 6999132 AND 6999232
	Index Only Scan using k_1 on sbtest1  (cost=0.43..6.43 rows=100 width=4)
	  Index Cond: ((k >= 6999132) AND (k <= 6999232))

table 2 : explain SELECT k FROM sbtest2 WHERE k BETWEEN 6999132 AND 6999232
	Index Only Scan using k_2 on sbtest2  (cost=0.43..6.59 rows=108 width=4)
	  Index Cond: ((k >= 6999132) AND (k <= 6999232))

table 3 : explain SELECT k FROM sbtest3 WHERE k BETWEEN 6999132 AND 6999232
	Index Only Scan using k_3 on sbtest3  (cost=0.43..6.43 rows=100 width=4)
	  Index Cond: ((k >= 6999132) AND (k <= 6999232))

table 4 : explain SELECT k FROM sbtest4 WHERE k BETWEEN 6999132 AND 6999232
	Index Only Scan using k_4 on sbtest4  (cost=0.43..6.37 rows=97 width=4)
	  Index Cond: ((k >= 6999132) AND (k <= 6999232))

table 5 : explain SELECT k FROM sbtest5 WHERE k BETWEEN 6999132 AND 6999232
	Index Only Scan using k_5 on sbtest5  (cost=0.43..6.66 rows=111 width=4)
	  Index Cond: ((k >= 6999132) AND (k <= 6999232))

table 6 : explain SELECT k FROM sbtest6 WHERE k BETWEEN 6999132 AND 6999232
	Index Only Scan using k_6 on sbtest6  (cost=0.43..6.29 rows=93 width=4)
	  Index Cond: ((k >= 6999132) AND (k <= 6999232))

table 7 : explain SELECT k FROM sbtest7 WHERE k BETWEEN 6999132 AND 6999232
	Index Only Scan using k_7 on sbtest7  (cost=0.43..6.42 rows=99 width=4)
	  Index Cond: ((k >= 6999132) AND (k <= 6999232))

table 8 : explain SELECT k FROM sbtest8 WHERE k BETWEEN 6999132 AND 6999232
	Index Only Scan using k_8 on sbtest8  (cost=0.43..6.45 rows=101 width=4)
	  Index Cond: ((k >= 6999132) AND (k <= 6999232))

explain: for range-covered :: explain SELECT k FROM sbtest%d WHERE k BETWEEN 2043395 AND 2043495
for range-covered
table 1 : explain SELECT k FROM sbtest1 WHERE k BETWEEN 3149455 AND 3149555
	Index Only Scan using k_1 on sbtest1  (cost=0.43..6.56 rows=106 width=4)
	  Index Cond: ((k >= 3149455) AND (k <= 3149555))

table 2 : explain SELECT k FROM sbtest2 WHERE k BETWEEN 3149455 AND 3149555
	Index Only Scan using k_2 on sbtest2  (cost=0.43..6.51 rows=104 width=4)
	  Index Cond: ((k >= 3149455) AND (k <= 3149555))

table 3 : explain SELECT k FROM sbtest3 WHERE k BETWEEN 3149455 AND 3149555
	Index Only Scan using k_3 on sbtest3  (cost=0.43..6.47 rows=102 width=4)
	  Index Cond: ((k >= 3149455) AND (k <= 3149555))

table 4 : explain SELECT k FROM sbtest4 WHERE k BETWEEN 3149455 AND 3149555
	Index Only Scan using k_4 on sbtest4  (cost=0.43..6.61 rows=109 width=4)
	  Index Cond: ((k >= 3149455) AND (k <= 3149555))

table 5 : explain SELECT k FROM sbtest5 WHERE k BETWEEN 3149455 AND 3149555
	Index Only Scan using k_5 on sbtest5  (cost=0.43..6.72 rows=114 width=4)
	  Index Cond: ((k >= 3149455) AND (k <= 3149555))

table 6 : explain SELECT k FROM sbtest6 WHERE k BETWEEN 3149455 AND 3149555
	Index Only Scan using k_6 on sbtest6  (cost=0.43..6.33 rows=95 width=4)
	  Index Cond: ((k >= 3149455) AND (k <= 3149555))

table 7 : explain SELECT k FROM sbtest7 WHERE k BETWEEN 3149455 AND 3149555
	Index Only Scan using k_7 on sbtest7  (cost=0.43..6.33 rows=95 width=4)
	  Index Cond: ((k >= 3149455) AND (k <= 3149555))

table 8 : explain SELECT k FROM sbtest8 WHERE k BETWEEN 3149455 AND 3149555
	Index Only Scan using k_8 on sbtest8  (cost=0.43..6.43 rows=100 width=4)
	  Index Cond: ((k >= 3149455) AND (k <= 3149555))

for range-covered
table 1 : explain SELECT k FROM sbtest1 WHERE k BETWEEN 7644495 AND 7644595
	Index Only Scan using k_1 on sbtest1  (cost=0.43..6.50 rows=103 width=4)
	  Index Cond: ((k >= 7644495) AND (k <= 7644595))

table 2 : explain SELECT k FROM sbtest2 WHERE k BETWEEN 7644495 AND 7644595
	Index Only Scan using k_2 on sbtest2  (cost=0.43..6.50 rows=103 width=4)
	  Index Cond: ((k >= 7644495) AND (k <= 7644595))

table 3 : explain SELECT k FROM sbtest3 WHERE k BETWEEN 7644495 AND 7644595
	Index Only Scan using k_3 on sbtest3  (cost=0.43..6.53 rows=105 width=4)
	  Index Cond: ((k >= 7644495) AND (k <= 7644595))

table 4 : explain SELECT k FROM sbtest4 WHERE k BETWEEN 7644495 AND 7644595
	Index Only Scan using k_4 on sbtest4  (cost=0.43..6.45 rows=101 width=4)
	  Index Cond: ((k >= 7644495) AND (k <= 7644595))

table 5 : explain SELECT k FROM sbtest5 WHERE k BETWEEN 7644495 AND 7644595
	Index Only Scan using k_5 on sbtest5  (cost=0.43..6.58 rows=107 width=4)
	  Index Cond: ((k >= 7644495) AND (k <= 7644595))

table 6 : explain SELECT k FROM sbtest6 WHERE k BETWEEN 7644495 AND 7644595
	Index Only Scan using k_6 on sbtest6  (cost=0.43..6.50 rows=103 width=4)
	  Index Cond: ((k >= 7644495) AND (k <= 7644595))

table 7 : explain SELECT k FROM sbtest7 WHERE k BETWEEN 7644495 AND 7644595
	Index Only Scan using k_7 on sbtest7  (cost=0.43..6.45 rows=101 width=4)
	  Index Cond: ((k >= 7644495) AND (k <= 7644595))

table 8 : explain SELECT k FROM sbtest8 WHERE k BETWEEN 7644495 AND 7644595
	Index Only Scan using k_8 on sbtest8  (cost=0.43..6.51 rows=104 width=4)
	  Index Cond: ((k >= 7644495) AND (k <= 7644595))

explain: for range-covered :: explain SELECT k FROM sbtest%d WHERE k BETWEEN 3149455 AND 3149555
explain: for range-covered :: explain SELECT k FROM sbtest%d WHERE k BETWEEN 7644495 AND 7644595
for range-covered
table 1 : explain SELECT k FROM sbtest1 WHERE k BETWEEN 3341648 AND 3341748
	Index Only Scan using k_1 on sbtest1  (cost=0.43..6.61 rows=109 width=4)
	  Index Cond: ((k >= 3341648) AND (k <= 3341748))

table 2 : explain SELECT k FROM sbtest2 WHERE k BETWEEN 3341648 AND 3341748
	Index Only Scan using k_2 on sbtest2  (cost=0.43..6.67 rows=112 width=4)
	  Index Cond: ((k >= 3341648) AND (k <= 3341748))

table 3 : explain SELECT k FROM sbtest3 WHERE k BETWEEN 3341648 AND 3341748
	Index Only Scan using k_3 on sbtest3  (cost=0.43..6.29 rows=93 width=4)
	  Index Cond: ((k >= 3341648) AND (k <= 3341748))

table 4 : explain SELECT k FROM sbtest4 WHERE k BETWEEN 3341648 AND 3341748
	Index Only Scan using k_4 on sbtest4  (cost=0.43..6.42 rows=99 width=4)
	  Index Cond: ((k >= 3341648) AND (k <= 3341748))

table 5 : explain SELECT k FROM sbtest5 WHERE k BETWEEN 3341648 AND 3341748
	Index Only Scan using k_5 on sbtest5  (cost=0.43..6.51 rows=104 width=4)
	  Index Cond: ((k >= 3341648) AND (k <= 3341748))

table 6 : explain SELECT k FROM sbtest6 WHERE k BETWEEN 3341648 AND 3341748
	Index Only Scan using k_6 on sbtest6  (cost=0.43..6.56 rows=106 width=4)
	  Index Cond: ((k >= 3341648) AND (k <= 3341748))

table 7 : explain SELECT k FROM sbtest7 WHERE k BETWEEN 3341648 AND 3341748
	Index Only Scan using k_7 on sbtest7  (cost=0.43..6.53 rows=105 width=4)
	  Index Cond: ((k >= 3341648) AND (k <= 3341748))

table 8 : explain SELECT k FROM sbtest8 WHERE k BETWEEN 3341648 AND 3341748
	Index Only Scan using k_8 on sbtest8  (cost=0.43..6.32 rows=94 width=4)
	  Index Cond: ((k >= 3341648) AND (k <= 3341748))

explain: for range-covered :: explain SELECT k FROM sbtest%d WHERE k BETWEEN 3341648 AND 3341748
for range-covered
table 1 : explain SELECT k FROM sbtest1 WHERE k BETWEEN 9833044 AND 9833144
	Index Only Scan using k_1 on sbtest1  (cost=0.43..6.51 rows=104 width=4)
	  Index Cond: ((k >= 9833044) AND (k <= 9833144))

table 2 : explain SELECT k FROM sbtest2 WHERE k BETWEEN 9833044 AND 9833144
	Index Only Scan using k_2 on sbtest2  (cost=0.43..6.33 rows=95 width=4)
	  Index Cond: ((k >= 9833044) AND (k <= 9833144))

table 3 : explain SELECT k FROM sbtest3 WHERE k BETWEEN 9833044 AND 9833144
	Index Only Scan using k_3 on sbtest3  (cost=0.43..6.43 rows=100 width=4)
	  Index Cond: ((k >= 9833044) AND (k <= 9833144))

table 4 : explain SELECT k FROM sbtest4 WHERE k BETWEEN 9833044 AND 9833144
	Index Only Scan using k_4 on sbtest4  (cost=0.43..6.63 rows=110 width=4)
	  Index Cond: ((k >= 9833044) AND (k <= 9833144))

table 5 : explain SELECT k FROM sbtest5 WHERE k BETWEEN 9833044 AND 9833144
	Index Only Scan using k_5 on sbtest5  (cost=0.43..6.67 rows=112 width=4)
	  Index Cond: ((k >= 9833044) AND (k <= 9833144))

table 6 : explain SELECT k FROM sbtest6 WHERE k BETWEEN 9833044 AND 9833144
	Index Only Scan using k_6 on sbtest6  (cost=0.43..6.58 rows=107 width=4)
	  Index Cond: ((k >= 9833044) AND (k <= 9833144))

table 7 : explain SELECT k FROM sbtest7 WHERE k BETWEEN 9833044 AND 9833144
	Index Only Scan using k_7 on sbtest7  (cost=0.43..6.37 rows=97 width=4)
	  Index Cond: ((k >= 9833044) AND (k <= 9833144))

table 8 : explain SELECT k FROM sbtest8 WHERE k BETWEEN 9833044 AND 9833144
	Index Only Scan using k_8 on sbtest8  (cost=0.43..6.24 rows=90 width=4)
	  Index Cond: ((k >= 9833044) AND (k <= 9833144))

explain: for range-covered :: explain SELECT k FROM sbtest%d WHERE k BETWEEN 9833044 AND 9833144
for range-covered
table 1 : explain SELECT k FROM sbtest1 WHERE k BETWEEN 5615802 AND 5615902
	Index Only Scan using k_1 on sbtest1  (cost=0.43..6.47 rows=102 width=4)
	  Index Cond: ((k >= 5615802) AND (k <= 5615902))

table 2 : explain SELECT k FROM sbtest2 WHERE k BETWEEN 5615802 AND 5615902
	Index Only Scan using k_2 on sbtest2  (cost=0.43..6.32 rows=94 width=4)
	  Index Cond: ((k >= 5615802) AND (k <= 5615902))

table 3 : explain SELECT k FROM sbtest3 WHERE k BETWEEN 5615802 AND 5615902
	Index Only Scan using k_3 on sbtest3  (cost=0.43..6.47 rows=102 width=4)
	  Index Cond: ((k >= 5615802) AND (k <= 5615902))

table 4 : explain SELECT k FROM sbtest4 WHERE k BETWEEN 5615802 AND 5615902
	Index Only Scan using k_4 on sbtest4  (cost=0.43..6.47 rows=102 width=4)
	  Index Cond: ((k >= 5615802) AND (k <= 5615902))

table 5 : explain SELECT k FROM sbtest5 WHERE k BETWEEN 5615802 AND 5615902
	Index Only Scan using k_5 on sbtest5  (cost=0.43..6.59 rows=108 width=4)
	  Index Cond: ((k >= 5615802) AND (k <= 5615902))

table 6 : explain SELECT k FROM sbtest6 WHERE k BETWEEN 5615802 AND 5615902
	Index Only Scan using k_6 on sbtest6  (cost=0.43..6.40 rows=98 width=4)
	  Index Cond: ((k >= 5615802) AND (k <= 5615902))

table 7 : explain SELECT k FROM sbtest7 WHERE k BETWEEN 5615802 AND 5615902
	Index Only Scan using k_7 on sbtest7  (cost=0.43..6.43 rows=100 width=4)
	  Index Cond: ((k >= 5615802) AND (k <= 5615902))

table 8 : explain SELECT k FROM sbtest8 WHERE k BETWEEN 5615802 AND 5615902
	Index Only Scan using k_8 on sbtest8  (cost=0.43..6.35 rows=96 width=4)
	  Index Cond: ((k >= 5615802) AND (k <= 5615902))

explain: for range-covered :: explain SELECT k FROM sbtest%d WHERE k BETWEEN 5615802 AND 5615902
for range-covered
table 1 : explain SELECT k FROM sbtest1 WHERE k BETWEEN 7644495 AND 7644595
	Index Only Scan using k_1 on sbtest1  (cost=0.43..6.50 rows=103 width=4)
	  Index Cond: ((k >= 7644495) AND (k <= 7644595))

table 2 : explain SELECT k FROM sbtest2 WHERE k BETWEEN 7644495 AND 7644595
	Index Only Scan using k_2 on sbtest2  (cost=0.43..6.50 rows=103 width=4)
	  Index Cond: ((k >= 7644495) AND (k <= 7644595))

table 3 : explain SELECT k FROM sbtest3 WHERE k BETWEEN 7644495 AND 7644595
	Index Only Scan using k_3 on sbtest3  (cost=0.43..6.53 rows=105 width=4)
	  Index Cond: ((k >= 7644495) AND (k <= 7644595))

table 4 : explain SELECT k FROM sbtest4 WHERE k BETWEEN 7644495 AND 7644595
	Index Only Scan using k_4 on sbtest4  (cost=0.43..6.45 rows=101 width=4)
	  Index Cond: ((k >= 7644495) AND (k <= 7644595))

table 5 : explain SELECT k FROM sbtest5 WHERE k BETWEEN 7644495 AND 7644595
	Index Only Scan using k_5 on sbtest5  (cost=0.43..6.58 rows=107 width=4)
	  Index Cond: ((k >= 7644495) AND (k <= 7644595))

table 6 : explain SELECT k FROM sbtest6 WHERE k BETWEEN 7644495 AND 7644595
	Index Only Scan using k_6 on sbtest6  (cost=0.43..6.50 rows=103 width=4)
	  Index Cond: ((k >= 7644495) AND (k <= 7644595))

table 7 : explain SELECT k FROM sbtest7 WHERE k BETWEEN 7644495 AND 7644595
	Index Only Scan using k_7 on sbtest7  (cost=0.43..6.45 rows=101 width=4)
	  Index Cond: ((k >= 7644495) AND (k <= 7644595))

table 8 : explain SELECT k FROM sbtest8 WHERE k BETWEEN 7644495 AND 7644595
	Index Only Scan using k_8 on sbtest8  (cost=0.43..6.51 rows=104 width=4)
	  Index Cond: ((k >= 7644495) AND (k <= 7644595))

for range-covered
table 1 : explain SELECT k FROM sbtest1 WHERE k BETWEEN 3341648 AND 3341748
	Index Only Scan using k_1 on sbtest1  (cost=0.43..6.61 rows=109 width=4)
	  Index Cond: ((k >= 3341648) AND (k <= 3341748))

table 2 : explain SELECT k FROM sbtest2 WHERE k BETWEEN 3341648 AND 3341748
	Index Only Scan using k_2 on sbtest2  (cost=0.43..6.67 rows=112 width=4)
	  Index Cond: ((k >= 3341648) AND (k <= 3341748))

table 3 : explain SELECT k FROM sbtest3 WHERE k BETWEEN 3341648 AND 3341748
	Index Only Scan using k_3 on sbtest3  (cost=0.43..6.29 rows=93 width=4)
	  Index Cond: ((k >= 3341648) AND (k <= 3341748))

table 4 : explain SELECT k FROM sbtest4 WHERE k BETWEEN 3341648 AND 3341748
	Index Only Scan using k_4 on sbtest4  (cost=0.43..6.42 rows=99 width=4)
	  Index Cond: ((k >= 3341648) AND (k <= 3341748))

table 5 : explain SELECT k FROM sbtest5 WHERE k BETWEEN 3341648 AND 3341748
	Index Only Scan using k_5 on sbtest5  (cost=0.43..6.51 rows=104 width=4)
	  Index Cond: ((k >= 3341648) AND (k <= 3341748))

table 6 : explain SELECT k FROM sbtest6 WHERE k BETWEEN 3341648 AND 3341748
	Index Only Scan using k_6 on sbtest6  (cost=0.43..6.56 rows=106 width=4)
	  Index Cond: ((k >= 3341648) AND (k <= 3341748))

table 7 : explain SELECT k FROM sbtest7 WHERE k BETWEEN 3341648 AND 3341748
	Index Only Scan using k_7 on sbtest7  (cost=0.43..6.53 rows=105 width=4)
	  Index Cond: ((k >= 3341648) AND (k <= 3341748))

table 8 : explain SELECT k FROM sbtest8 WHERE k BETWEEN 3341648 AND 3341748
	Index Only Scan using k_8 on sbtest8  (cost=0.43..6.32 rows=94 width=4)
	  Index Cond: ((k >= 3341648) AND (k <= 3341748))

explain: for range-covered :: explain SELECT k FROM sbtest%d WHERE k BETWEEN 7644495 AND 7644595
explain: for range-covered :: explain SELECT k FROM sbtest%d WHERE k BETWEEN 3341648 AND 3341748
for range-covered
table 1 : explain SELECT k FROM sbtest1 WHERE k BETWEEN 9833044 AND 9833144
	Index Only Scan using k_1 on sbtest1  (cost=0.43..6.51 rows=104 width=4)
	  Index Cond: ((k >= 9833044) AND (k <= 9833144))

table 2 : explain SELECT k FROM sbtest2 WHERE k BETWEEN 9833044 AND 9833144
	Index Only Scan using k_2 on sbtest2  (cost=0.43..6.33 rows=95 width=4)
	  Index Cond: ((k >= 9833044) AND (k <= 9833144))

table 3 : explain SELECT k FROM sbtest3 WHERE k BETWEEN 9833044 AND 9833144
	Index Only Scan using k_3 on sbtest3  (cost=0.43..6.43 rows=100 width=4)
	  Index Cond: ((k >= 9833044) AND (k <= 9833144))

table 4 : explain SELECT k FROM sbtest4 WHERE k BETWEEN 9833044 AND 9833144
	Index Only Scan using k_4 on sbtest4  (cost=0.43..6.63 rows=110 width=4)
	  Index Cond: ((k >= 9833044) AND (k <= 9833144))

table 5 : explain SELECT k FROM sbtest5 WHERE k BETWEEN 9833044 AND 9833144
	Index Only Scan using k_5 on sbtest5  (cost=0.43..6.67 rows=112 width=4)
	  Index Cond: ((k >= 9833044) AND (k <= 9833144))

table 6 : explain SELECT k FROM sbtest6 WHERE k BETWEEN 9833044 AND 9833144
	Index Only Scan using k_6 on sbtest6  (cost=0.43..6.58 rows=107 width=4)
	  Index Cond: ((k >= 9833044) AND (k <= 9833144))

table 7 : explain SELECT k FROM sbtest7 WHERE k BETWEEN 9833044 AND 9833144
	Index Only Scan using k_7 on sbtest7  (cost=0.43..6.37 rows=97 width=4)
	  Index Cond: ((k >= 9833044) AND (k <= 9833144))

table 8 : explain SELECT k FROM sbtest8 WHERE k BETWEEN 9833044 AND 9833144
	Index Only Scan using k_8 on sbtest8  (cost=0.43..6.24 rows=90 width=4)
	  Index Cond: ((k >= 9833044) AND (k <= 9833144))

explain: for range-covered :: explain SELECT k FROM sbtest%d WHERE k BETWEEN 9833044 AND 9833144
for range-covered
table 1 : explain SELECT k FROM sbtest1 WHERE k BETWEEN 3996332 AND 3996432
	Index Only Scan using k_1 on sbtest1  (cost=0.43..6.45 rows=101 width=4)
	  Index Cond: ((k >= 3996332) AND (k <= 3996432))

table 2 : explain SELECT k FROM sbtest2 WHERE k BETWEEN 3996332 AND 3996432
	Index Only Scan using k_2 on sbtest2  (cost=0.43..6.25 rows=91 width=4)
	  Index Cond: ((k >= 3996332) AND (k <= 3996432))

table 3 : explain SELECT k FROM sbtest3 WHERE k BETWEEN 3996332 AND 3996432
	Index Only Scan using k_3 on sbtest3  (cost=0.43..6.63 rows=110 width=4)
	  Index Cond: ((k >= 3996332) AND (k <= 3996432))

table 4 : explain SELECT k FROM sbtest4 WHERE k BETWEEN 3996332 AND 3996432
	Index Only Scan using k_4 on sbtest4  (cost=0.43..6.53 rows=105 width=4)
	  Index Cond: ((k >= 3996332) AND (k <= 3996432))

table 5 : explain SELECT k FROM sbtest5 WHERE k BETWEEN 3996332 AND 3996432
	Index Only Scan using k_5 on sbtest5  (cost=0.43..6.63 rows=110 width=4)
	  Index Cond: ((k >= 3996332) AND (k <= 3996432))

table 6 : explain SELECT k FROM sbtest6 WHERE k BETWEEN 3996332 AND 3996432
	Index Only Scan using k_6 on sbtest6  (cost=0.43..6.47 rows=102 width=4)
	  Index Cond: ((k >= 3996332) AND (k <= 3996432))

table 7 : explain SELECT k FROM sbtest7 WHERE k BETWEEN 3996332 AND 3996432
	Index Only Scan using k_7 on sbtest7  (cost=0.43..6.42 rows=99 width=4)
	  Index Cond: ((k >= 3996332) AND (k <= 3996432))

table 8 : explain SELECT k FROM sbtest8 WHERE k BETWEEN 3996332 AND 3996432
	Index Only Scan using k_8 on sbtest8  (cost=0.43..6.50 rows=103 width=4)
	  Index Cond: ((k >= 3996332) AND (k <= 3996432))

for range-covered
table 1 : explain SELECT k FROM sbtest1 WHERE k BETWEEN 3341648 AND 3341748
	Index Only Scan using k_1 on sbtest1  (cost=0.43..6.61 rows=109 width=4)
	  Index Cond: ((k >= 3341648) AND (k <= 3341748))

table 2 : explain SELECT k FROM sbtest2 WHERE k BETWEEN 3341648 AND 3341748
	Index Only Scan using k_2 on sbtest2  (cost=0.43..6.67 rows=112 width=4)
	  Index Cond: ((k >= 3341648) AND (k <= 3341748))

table 3 : explain SELECT k FROM sbtest3 WHERE k BETWEEN 3341648 AND 3341748
	Index Only Scan using k_3 on sbtest3  (cost=0.43..6.29 rows=93 width=4)
	  Index Cond: ((k >= 3341648) AND (k <= 3341748))

table 4 : explain SELECT k FROM sbtest4 WHERE k BETWEEN 3341648 AND 3341748
	Index Only Scan using k_4 on sbtest4  (cost=0.43..6.42 rows=99 width=4)
	  Index Cond: ((k >= 3341648) AND (k <= 3341748))

table 5 : explain SELECT k FROM sbtest5 WHERE k BETWEEN 3341648 AND 3341748
	Index Only Scan using k_5 on sbtest5  (cost=0.43..6.51 rows=104 width=4)
	  Index Cond: ((k >= 3341648) AND (k <= 3341748))

table 6 : explain SELECT k FROM sbtest6 WHERE k BETWEEN 3341648 AND 3341748
	Index Only Scan using k_6 on sbtest6  (cost=0.43..6.56 rows=106 width=4)
	  Index Cond: ((k >= 3341648) AND (k <= 3341748))

table 7 : explain SELECT k FROM sbtest7 WHERE k BETWEEN 3341648 AND 3341748
	Index Only Scan using k_7 on sbtest7  (cost=0.43..6.53 rows=105 width=4)
	  Index Cond: ((k >= 3341648) AND (k <= 3341748))

table 8 : explain SELECT k FROM sbtest8 WHERE k BETWEEN 3341648 AND 3341748
	Index Only Scan using k_8 on sbtest8  (cost=0.43..6.32 rows=94 width=4)
	  Index Cond: ((k >= 3341648) AND (k <= 3341748))

explain: for range-covered :: explain SELECT k FROM sbtest%d WHERE k BETWEEN 3996332 AND 3996432
explain: for range-covered :: explain SELECT k FROM sbtest%d WHERE k BETWEEN 3341648 AND 3341748
for range-covered
table 1 : explain SELECT k FROM sbtest1 WHERE k BETWEEN 5615802 AND 5615902
	Index Only Scan using k_1 on sbtest1  (cost=0.43..6.47 rows=102 width=4)
	  Index Cond: ((k >= 5615802) AND (k <= 5615902))

table 2 : explain SELECT k FROM sbtest2 WHERE k BETWEEN 5615802 AND 5615902
	Index Only Scan using k_2 on sbtest2  (cost=0.43..6.32 rows=94 width=4)
	  Index Cond: ((k >= 5615802) AND (k <= 5615902))

table 3 : explain SELECT k FROM sbtest3 WHERE k BETWEEN 5615802 AND 5615902
	Index Only Scan using k_3 on sbtest3  (cost=0.43..6.47 rows=102 width=4)
	  Index Cond: ((k >= 5615802) AND (k <= 5615902))

table 4 : explain SELECT k FROM sbtest4 WHERE k BETWEEN 5615802 AND 5615902
	Index Only Scan using k_4 on sbtest4  (cost=0.43..6.47 rows=102 width=4)
	  Index Cond: ((k >= 5615802) AND (k <= 5615902))

table 5 : explain SELECT k FROM sbtest5 WHERE k BETWEEN 5615802 AND 5615902
	Index Only Scan using k_5 on sbtest5  (cost=0.43..6.59 rows=108 width=4)
	  Index Cond: ((k >= 5615802) AND (k <= 5615902))

table 6 : explain SELECT k FROM sbtest6 WHERE k BETWEEN 5615802 AND 5615902
	Index Only Scan using k_6 on sbtest6  (cost=0.43..6.40 rows=98 width=4)
	  Index Cond: ((k >= 5615802) AND (k <= 5615902))

table 7 : explain SELECT k FROM sbtest7 WHERE k BETWEEN 5615802 AND 5615902
	Index Only Scan using k_7 on sbtest7  (cost=0.43..6.43 rows=100 width=4)
	  Index Cond: ((k >= 5615802) AND (k <= 5615902))

table 8 : explain SELECT k FROM sbtest8 WHERE k BETWEEN 5615802 AND 5615902
	Index Only Scan using k_8 on sbtest8  (cost=0.43..6.35 rows=96 width=4)
	  Index Cond: ((k >= 5615802) AND (k <= 5615902))

explain: for range-covered :: explain SELECT k FROM sbtest%d WHERE k BETWEEN 5615802 AND 5615902
explain: for range-covered :: explain SELECT k FROM sbtest%d WHERE k BETWEEN 1870609 AND 1870709
for range-covered
table 1 : explain SELECT k FROM sbtest1 WHERE k BETWEEN 6545297 AND 6545397
	Index Only Scan using k_1 on sbtest1  (cost=0.43..6.47 rows=102 width=4)
	  Index Cond: ((k >= 6545297) AND (k <= 6545397))

table 2 : explain SELECT k FROM sbtest2 WHERE k BETWEEN 6545297 AND 6545397
	Index Only Scan using k_2 on sbtest2  (cost=0.43..6.42 rows=99 width=4)
	  Index Cond: ((k >= 6545297) AND (k <= 6545397))

table 3 : explain SELECT k FROM sbtest3 WHERE k BETWEEN 6545297 AND 6545397
	Index Only Scan using k_3 on sbtest3  (cost=0.43..6.53 rows=105 width=4)
	  Index Cond: ((k >= 6545297) AND (k <= 6545397))

table 4 : explain SELECT k FROM sbtest4 WHERE k BETWEEN 6545297 AND 6545397
	Index Only Scan using k_4 on sbtest4  (cost=0.43..6.43 rows=100 width=4)
	  Index Cond: ((k >= 6545297) AND (k <= 6545397))

table 5 : explain SELECT k FROM sbtest5 WHERE k BETWEEN 6545297 AND 6545397
	Index Only Scan using k_5 on sbtest5  (cost=0.43..6.33 rows=95 width=4)
	  Index Cond: ((k >= 6545297) AND (k <= 6545397))

table 6 : explain SELECT k FROM sbtest6 WHERE k BETWEEN 6545297 AND 6545397
	Index Only Scan using k_6 on sbtest6  (cost=0.43..6.43 rows=100 width=4)
	  Index Cond: ((k >= 6545297) AND (k <= 6545397))

table 7 : explain SELECT k FROM sbtest7 WHERE k BETWEEN 6545297 AND 6545397
	Index Only Scan using k_7 on sbtest7  (cost=0.43..6.37 rows=97 width=4)
	  Index Cond: ((k >= 6545297) AND (k <= 6545397))

table 8 : explain SELECT k FROM sbtest8 WHERE k BETWEEN 6545297 AND 6545397
	Index Only Scan using k_8 on sbtest8  (cost=0.43..6.17 rows=87 width=4)
	  Index Cond: ((k >= 6545297) AND (k <= 6545397))
for range-covered
table 1 : explain SELECT k FROM sbtest1 WHERE k BETWEEN 3996332 AND 3996432
	Index Only Scan using k_1 on sbtest1  (cost=0.43..6.45 rows=101 width=4)
	  Index Cond: ((k >= 3996332) AND (k <= 3996432))

table 2 : explain SELECT k FROM sbtest2 WHERE k BETWEEN 3996332 AND 3996432
	Index Only Scan using k_2 on sbtest2  (cost=0.43..6.25 rows=91 width=4)
	  Index Cond: ((k >= 3996332) AND (k <= 3996432))

table 3 : explain SELECT k FROM sbtest3 WHERE k BETWEEN 3996332 AND 3996432
	Index Only Scan using k_3 on sbtest3  (cost=0.43..6.63 rows=110 width=4)
	  Index Cond: ((k >= 3996332) AND (k <= 3996432))

table 4 : explain SELECT k FROM sbtest4 WHERE k BETWEEN 3996332 AND 3996432
	Index Only Scan using k_4 on sbtest4  (cost=0.43..6.53 rows=105 width=4)
	  Index Cond: ((k >= 3996332) AND (k <= 3996432))

table 5 : explain SELECT k FROM sbtest5 WHERE k BETWEEN 3996332 AND 3996432
	Index Only Scan using k_5 on sbtest5  (cost=0.43..6.63 rows=110 width=4)
	  Index Cond: ((k >= 3996332) AND (k <= 3996432))

table 6 : explain SELECT k FROM sbtest6 WHERE k BETWEEN 3996332 AND 3996432
	Index Only Scan using k_6 on sbtest6  (cost=0.43..6.47 rows=102 width=4)
	  Index Cond: ((k >= 3996332) AND (k <= 3996432))

table 7 : explain SELECT k FROM sbtest7 WHERE k BETWEEN 3996332 AND 3996432
	Index Only Scan using k_7 on sbtest7  (cost=0.43..6.42 rows=99 width=4)
	  Index Cond: ((k >= 3996332) AND (k <= 3996432))

table 8 : explain SELECT k FROM sbtest8 WHERE k BETWEEN 3996332 AND 3996432
	Index Only Scan using k_8 on sbtest8  (cost=0.43..6.50 rows=103 width=4)
	  Index Cond: ((k >= 3996332) AND (k <= 3996432))


for range-covered
table 1 : explain SELECT k FROM sbtest1 WHERE k BETWEEN 3341648 AND 3341748
	Index Only Scan using k_1 on sbtest1  (cost=0.43..6.61 rows=109 width=4)
	  Index Cond: ((k >= 3341648) AND (k <= 3341748))

table 2 : explain SELECT k FROM sbtest2 WHERE k BETWEEN 3341648 AND 3341748
	Index Only Scan using k_2 on sbtest2  (cost=0.43..6.67 rows=112 width=4)
	  Index Cond: ((k >= 3341648) AND (k <= 3341748))

table 3 : explain SELECT k FROM sbtest3 WHERE k BETWEEN 3341648 AND 3341748
	Index Only Scan using k_3 on sbtest3  (cost=0.43..6.29 rows=93 width=4)
	  Index Cond: ((k >= 3341648) AND (k <= 3341748))

table 4 : explain SELECT k FROM sbtest4 WHERE k BETWEEN 3341648 AND 3341748
	Index Only Scan using k_4 on sbtest4  (cost=0.43..6.42 rows=99 width=4)
	  Index Cond: ((k >= 3341648) AND (k <= 3341748))

table 5 : explain SELECT k FROM sbtest5 WHERE k BETWEEN 3341648 AND 3341748
	Index Only Scan using k_5 on sbtest5  (cost=0.43..6.51 rows=104 width=4)
	  Index Cond: ((k >= 3341648) AND (k <= 3341748))

table 6 : explain SELECT k FROM sbtest6 WHERE k BETWEEN 3341648 AND 3341748
	Index Only Scan using k_6 on sbtest6  (cost=0.43..6.56 rows=106 width=4)
	  Index Cond: ((k >= 3341648) AND (k <= 3341748))

table 7 : explain SELECT k FROM sbtest7 WHERE k BETWEEN 3341648 AND 3341748
	Index Only Scan using k_7 on sbtest7  (cost=0.43..6.53 rows=105 width=4)
	  Index Cond: ((k >= 3341648) AND (k <= 3341748))

table 8 : explain SELECT k FROM sbtest8 WHERE k BETWEEN 3341648 AND 3341748
	Index Only Scan using k_8 on sbtest8  (cost=0.43..6.32 rows=94 width=4)
	  Index Cond: ((k >= 3341648) AND (k <= 3341748))

explain: for range-covered :: explain SELECT k FROM sbtest%d WHERE k BETWEEN 3341648 AND 3341748
explain: for range-covered :: explain SELECT k FROM sbtest%d WHERE k BETWEEN 6545297 AND 6545397
for range-covered
table 1 : explain SELECT k FROM sbtest1 WHERE k BETWEEN 5615802 AND 5615902
	Index Only Scan using k_1 on sbtest1  (cost=0.43..6.47 rows=102 width=4)
	  Index Cond: ((k >= 5615802) AND (k <= 5615902))

table 2 : explain SELECT k FROM sbtest2 WHERE k BETWEEN 5615802 AND 5615902
	Index Only Scan using k_2 on sbtest2  (cost=0.43..6.32 rows=94 width=4)
	  Index Cond: ((k >= 5615802) AND (k <= 5615902))

table 3 : explain SELECT k FROM sbtest3 WHERE k BETWEEN 5615802 AND 5615902
	Index Only Scan using k_3 on sbtest3  (cost=0.43..6.47 rows=102 width=4)
	  Index Cond: ((k >= 5615802) AND (k <= 5615902))

table 4 : explain SELECT k FROM sbtest4 WHERE k BETWEEN 5615802 AND 5615902
	Index Only Scan using k_4 on sbtest4  (cost=0.43..6.47 rows=102 width=4)
	  Index Cond: ((k >= 5615802) AND (k <= 5615902))

table 5 : explain SELECT k FROM sbtest5 WHERE k BETWEEN 5615802 AND 5615902
	Index Only Scan using k_5 on sbtest5  (cost=0.43..6.59 rows=108 width=4)
	  Index Cond: ((k >= 5615802) AND (k <= 5615902))

table 6 : explain SELECT k FROM sbtest6 WHERE k BETWEEN 5615802 AND 5615902
	Index Only Scan using k_6 on sbtest6  (cost=0.43..6.40 rows=98 width=4)
	  Index Cond: ((k >= 5615802) AND (k <= 5615902))

table 7 : explain SELECT k FROM sbtest7 WHERE k BETWEEN 5615802 AND 5615902
	Index Only Scan using k_7 on sbtest7  (cost=0.43..6.43 rows=100 width=4)
	  Index Cond: ((k >= 5615802) AND (k <= 5615902))

table 8 : explain SELECT k FROM sbtest8 WHERE k BETWEEN 5615802 AND 5615902
	Index Only Scan using k_8 on sbtest8  (cost=0.43..6.35 rows=96 width=4)
	  Index Cond: ((k >= 5615802) AND (k <= 5615902))

explain: for range-covered :: explain SELECT k FROM sbtest%d WHERE k BETWEEN 5615802 AND 5615902
for range-covered
table 1 : explain SELECT k FROM sbtest1 WHERE k BETWEEN 3341648 AND 3341748
	Index Only Scan using k_1 on sbtest1  (cost=0.43..6.61 rows=109 width=4)
	  Index Cond: ((k >= 3341648) AND (k <= 3341748))

table 2 : explain SELECT k FROM sbtest2 WHERE k BETWEEN 3341648 AND 3341748
	Index Only Scan using k_2 on sbtest2  (cost=0.43..6.67 rows=112 width=4)
	  Index Cond: ((k >= 3341648) AND (k <= 3341748))

table 3 : explain SELECT k FROM sbtest3 WHERE k BETWEEN 3341648 AND 3341748
	Index Only Scan using k_3 on sbtest3  (cost=0.43..6.29 rows=93 width=4)
	  Index Cond: ((k >= 3341648) AND (k <= 3341748))

table 4 : explain SELECT k FROM sbtest4 WHERE k BETWEEN 3341648 AND 3341748
	Index Only Scan using k_4 on sbtest4  (cost=0.43..6.42 rows=99 width=4)
	  Index Cond: ((k >= 3341648) AND (k <= 3341748))

table 5 : explain SELECT k FROM sbtest5 WHERE k BETWEEN 3341648 AND 3341748
	Index Only Scan using k_5 on sbtest5  (cost=0.43..6.51 rows=104 width=4)
	  Index Cond: ((k >= 3341648) AND (k <= 3341748))

table 6 : explain SELECT k FROM sbtest6 WHERE k BETWEEN 3341648 AND 3341748
	Index Only Scan using k_6 on sbtest6  (cost=0.43..6.56 rows=106 width=4)
	  Index Cond: ((k >= 3341648) AND (k <= 3341748))

table 7 : explain SELECT k FROM sbtest7 WHERE k BETWEEN 3341648 AND 3341748
	Index Only Scan using k_7 on sbtest7  (cost=0.43..6.53 rows=105 width=4)
	  Index Cond: ((k >= 3341648) AND (k <= 3341748))

table 8 : explain SELECT k FROM sbtest8 WHERE k BETWEEN 3341648 AND 3341748
	Index Only Scan using k_8 on sbtest8  (cost=0.43..6.32 rows=94 width=4)
	  Index Cond: ((k >= 3341648) AND (k <= 3341748))

explain: for range-covered :: explain SELECT k FROM sbtest%d WHERE k BETWEEN 3341648 AND 3341748
for range-covered
table 1 : explain SELECT k FROM sbtest1 WHERE k BETWEEN 6545297 AND 6545397
	Index Only Scan using k_1 on sbtest1  (cost=0.43..6.47 rows=102 width=4)
	  Index Cond: ((k >= 6545297) AND (k <= 6545397))

table 2 : explain SELECT k FROM sbtest2 WHERE k BETWEEN 6545297 AND 6545397
	Index Only Scan using k_2 on sbtest2  (cost=0.43..6.42 rows=99 width=4)
	  Index Cond: ((k >= 6545297) AND (k <= 6545397))

table 3 : explain SELECT k FROM sbtest3 WHERE k BETWEEN 6545297 AND 6545397
	Index Only Scan using k_3 on sbtest3  (cost=0.43..6.53 rows=105 width=4)
	  Index Cond: ((k >= 6545297) AND (k <= 6545397))

table 4 : explain SELECT k FROM sbtest4 WHERE k BETWEEN 6545297 AND 6545397
	Index Only Scan using k_4 on sbtest4  (cost=0.43..6.43 rows=100 width=4)
	  Index Cond: ((k >= 6545297) AND (k <= 6545397))

table 5 : explain SELECT k FROM sbtest5 WHERE k BETWEEN 6545297 AND 6545397
	Index Only Scan using k_5 on sbtest5  (cost=0.43..6.33 rows=95 width=4)
	  Index Cond: ((k >= 6545297) AND (k <= 6545397))

table 6 : explain SELECT k FROM sbtest6 WHERE k BETWEEN 6545297 AND 6545397
	Index Only Scan using k_6 on sbtest6  (cost=0.43..6.43 rows=100 width=4)
	  Index Cond: ((k >= 6545297) AND (k <= 6545397))

table 7 : explain SELECT k FROM sbtest7 WHERE k BETWEEN 6545297 AND 6545397
	Index Only Scan using k_7 on sbtest7  (cost=0.43..6.37 rows=97 width=4)
	  Index Cond: ((k >= 6545297) AND (k <= 6545397))

table 8 : explain SELECT k FROM sbtest8 WHERE k BETWEEN 6545297 AND 6545397
	Index Only Scan using k_8 on sbtest8  (cost=0.43..6.17 rows=87 width=4)
	  Index Cond: ((k >= 6545297) AND (k <= 6545397))

explain: for range-covered :: explain SELECT k FROM sbtest%d WHERE k BETWEEN 3996332 AND 3996432
explain: for range-covered :: explain SELECT k FROM sbtest%d WHERE k BETWEEN 6545297 AND 6545397
for range-covered
table 1 : explain SELECT k FROM sbtest1 WHERE k BETWEEN 5615802 AND 5615902
	Index Only Scan using k_1 on sbtest1  (cost=0.43..6.47 rows=102 width=4)
	  Index Cond: ((k >= 5615802) AND (k <= 5615902))

table 2 : explain SELECT k FROM sbtest2 WHERE k BETWEEN 5615802 AND 5615902
	Index Only Scan using k_2 on sbtest2  (cost=0.43..6.32 rows=94 width=4)
	  Index Cond: ((k >= 5615802) AND (k <= 5615902))

table 3 : explain SELECT k FROM sbtest3 WHERE k BETWEEN 5615802 AND 5615902
	Index Only Scan using k_3 on sbtest3  (cost=0.43..6.47 rows=102 width=4)
	  Index Cond: ((k >= 5615802) AND (k <= 5615902))

table 4 : explain SELECT k FROM sbtest4 WHERE k BETWEEN 5615802 AND 5615902
	Index Only Scan using k_4 on sbtest4  (cost=0.43..6.47 rows=102 width=4)
	  Index Cond: ((k >= 5615802) AND (k <= 5615902))

table 5 : explain SELECT k FROM sbtest5 WHERE k BETWEEN 5615802 AND 5615902
	Index Only Scan using k_5 on sbtest5  (cost=0.43..6.59 rows=108 width=4)
	  Index Cond: ((k >= 5615802) AND (k <= 5615902))

table 6 : explain SELECT k FROM sbtest6 WHERE k BETWEEN 5615802 AND 5615902
	Index Only Scan using k_6 on sbtest6  (cost=0.43..6.40 rows=98 width=4)
	  Index Cond: ((k >= 5615802) AND (k <= 5615902))

table 7 : explain SELECT k FROM sbtest7 WHERE k BETWEEN 5615802 AND 5615902
	Index Only Scan using k_7 on sbtest7  (cost=0.43..6.43 rows=100 width=4)
	  Index Cond: ((k >= 5615802) AND (k <= 5615902))

table 8 : explain SELECT k FROM sbtest8 WHERE k BETWEEN 5615802 AND 5615902
	Index Only Scan using k_8 on sbtest8  (cost=0.43..6.35 rows=96 width=4)
	  Index Cond: ((k >= 5615802) AND (k <= 5615902))

explain: for range-covered :: explain SELECT k FROM sbtest%d WHERE k BETWEEN 5615802 AND 5615902
for range-covered
table 1 : explain SELECT k FROM sbtest1 WHERE k BETWEEN 7886978 AND 7887078
	Index Only Scan using k_1 on sbtest1  (cost=0.43..6.61 rows=109 width=4)
	  Index Cond: ((k >= 7886978) AND (k <= 7887078))

table 2 : explain SELECT k FROM sbtest2 WHERE k BETWEEN 7886978 AND 7887078
	Index Only Scan using k_2 on sbtest2  (cost=0.43..6.56 rows=106 width=4)
	  Index Cond: ((k >= 7886978) AND (k <= 7887078))

table 3 : explain SELECT k FROM sbtest3 WHERE k BETWEEN 7886978 AND 7887078
	Index Only Scan using k_3 on sbtest3  (cost=0.43..6.42 rows=99 width=4)
	  Index Cond: ((k >= 7886978) AND (k <= 7887078))

table 4 : explain SELECT k FROM sbtest4 WHERE k BETWEEN 7886978 AND 7887078
	Index Only Scan using k_4 on sbtest4  (cost=0.43..6.40 rows=98 width=4)
	  Index Cond: ((k >= 7886978) AND (k <= 7887078))

table 5 : explain SELECT k FROM sbtest5 WHERE k BETWEEN 7886978 AND 7887078
	Index Only Scan using k_5 on sbtest5  (cost=0.43..6.50 rows=103 width=4)
	  Index Cond: ((k >= 7886978) AND (k <= 7887078))

table 6 : explain SELECT k FROM sbtest6 WHERE k BETWEEN 7886978 AND 7887078
	Index Only Scan using k_6 on sbtest6  (cost=0.43..6.43 rows=100 width=4)
	  Index Cond: ((k >= 7886978) AND (k <= 7887078))

table 7 : explain SELECT k FROM sbtest7 WHERE k BETWEEN 7886978 AND 7887078
	Index Only Scan using k_7 on sbtest7  (cost=0.43..6.81 rows=119 width=4)
	  Index Cond: ((k >= 7886978) AND (k <= 7887078))

table 8 : explain SELECT k FROM sbtest8 WHERE k BETWEEN 7886978 AND 7887078
	Index Only Scan using k_8 on sbtest8  (cost=0.43..6.72 rows=114 width=4)
	  Index Cond: ((k >= 7886978) AND (k <= 7887078))

explain: for range-covered :: explain SELECT k FROM sbtest%d WHERE k BETWEEN 7886978 AND 7887078
for range-covered
table 1 : explain SELECT k FROM sbtest1 WHERE k BETWEEN 3341648 AND 3341748
	Index Only Scan using k_1 on sbtest1  (cost=0.43..6.61 rows=109 width=4)
	  Index Cond: ((k >= 3341648) AND (k <= 3341748))

table 2 : explain SELECT k FROM sbtest2 WHERE k BETWEEN 3341648 AND 3341748
	Index Only Scan using k_2 on sbtest2  (cost=0.43..6.67 rows=112 width=4)
	  Index Cond: ((k >= 3341648) AND (k <= 3341748))

table 3 : explain SELECT k FROM sbtest3 WHERE k BETWEEN 3341648 AND 3341748
	Index Only Scan using k_3 on sbtest3  (cost=0.43..6.29 rows=93 width=4)
	  Index Cond: ((k >= 3341648) AND (k <= 3341748))

table 4 : explain SELECT k FROM sbtest4 WHERE k BETWEEN 3341648 AND 3341748
	Index Only Scan using k_4 on sbtest4  (cost=0.43..6.42 rows=99 width=4)
	  Index Cond: ((k >= 3341648) AND (k <= 3341748))

table 5 : explain SELECT k FROM sbtest5 WHERE k BETWEEN 3341648 AND 3341748
	Index Only Scan using k_5 on sbtest5  (cost=0.43..6.51 rows=104 width=4)
	  Index Cond: ((k >= 3341648) AND (k <= 3341748))

table 6 : explain SELECT k FROM sbtest6 WHERE k BETWEEN 3341648 AND 3341748
	Index Only Scan using k_6 on sbtest6  (cost=0.43..6.56 rows=106 width=4)
	  Index Cond: ((k >= 3341648) AND (k <= 3341748))

table 7 : explain SELECT k FROM sbtest7 WHERE k BETWEEN 3341648 AND 3341748
	Index Only Scan using k_7 on sbtest7  (cost=0.43..6.53 rows=105 width=4)
	  Index Cond: ((k >= 3341648) AND (k <= 3341748))

table 8 : explain SELECT k FROM sbtest8 WHERE k BETWEEN 3341648 AND 3341748
	Index Only Scan using k_8 on sbtest8  (cost=0.43..6.32 rows=94 width=4)
	  Index Cond: ((k >= 3341648) AND (k <= 3341748))

for range-covered
table 1 : explain SELECT k FROM sbtest1 WHERE k BETWEEN 7644495 AND 7644595
	Index Only Scan using k_1 on sbtest1  (cost=0.43..6.50 rows=103 width=4)
	  Index Cond: ((k >= 7644495) AND (k <= 7644595))

table 2 : explain SELECT k FROM sbtest2 WHERE k BETWEEN 7644495 AND 7644595
	Index Only Scan using k_2 on sbtest2  (cost=0.43..6.50 rows=103 width=4)
	  Index Cond: ((k >= 7644495) AND (k <= 7644595))

table 3 : explain SELECT k FROM sbtest3 WHERE k BETWEEN 7644495 AND 7644595
	Index Only Scan using k_3 on sbtest3  (cost=0.43..6.53 rows=105 width=4)
	  Index Cond: ((k >= 7644495) AND (k <= 7644595))

table 4 : explain SELECT k FROM sbtest4 WHERE k BETWEEN 7644495 AND 7644595
	Index Only Scan using k_4 on sbtest4  (cost=0.43..6.45 rows=101 width=4)
	  Index Cond: ((k >= 7644495) AND (k <= 7644595))

table 5 : explain SELECT k FROM sbtest5 WHERE k BETWEEN 7644495 AND 7644595
	Index Only Scan using k_5 on sbtest5  (cost=0.43..6.58 rows=107 width=4)
	  Index Cond: ((k >= 7644495) AND (k <= 7644595))

table 6 : explain SELECT k FROM sbtest6 WHERE k BETWEEN 7644495 AND 7644595
	Index Only Scan using k_6 on sbtest6  (cost=0.43..6.50 rows=103 width=4)
	  Index Cond: ((k >= 7644495) AND (k <= 7644595))

table 7 : explain SELECT k FROM sbtest7 WHERE k BETWEEN 7644495 AND 7644595
	Index Only Scan using k_7 on sbtest7  (cost=0.43..6.45 rows=101 width=4)
	  Index Cond: ((k >= 7644495) AND (k <= 7644595))

table 8 : explain SELECT k FROM sbtest8 WHERE k BETWEEN 7644495 AND 7644595
	Index Only Scan using k_8 on sbtest8  (cost=0.43..6.51 rows=104 width=4)
	  Index Cond: ((k >= 7644495) AND (k <= 7644595))

for range-covered
table 1 : explain SELECT k FROM sbtest1 WHERE k BETWEEN 5615802 AND 5615902
	Index Only Scan using k_1 on sbtest1  (cost=0.43..6.47 rows=102 width=4)
	  Index Cond: ((k >= 5615802) AND (k <= 5615902))

table 2 : explain SELECT k FROM sbtest2 WHERE k BETWEEN 5615802 AND 5615902
	Index Only Scan using k_2 on sbtest2  (cost=0.43..6.32 rows=94 width=4)
	  Index Cond: ((k >= 5615802) AND (k <= 5615902))

table 3 : explain SELECT k FROM sbtest3 WHERE k BETWEEN 5615802 AND 5615902
	Index Only Scan using k_3 on sbtest3  (cost=0.43..6.47 rows=102 width=4)
	  Index Cond: ((k >= 5615802) AND (k <= 5615902))

table 4 : explain SELECT k FROM sbtest4 WHERE k BETWEEN 5615802 AND 5615902
	Index Only Scan using k_4 on sbtest4  (cost=0.43..6.47 rows=102 width=4)
	  Index Cond: ((k >= 5615802) AND (k <= 5615902))

table 5 : explain SELECT k FROM sbtest5 WHERE k BETWEEN 5615802 AND 5615902
	Index Only Scan using k_5 on sbtest5  (cost=0.43..6.59 rows=108 width=4)
	  Index Cond: ((k >= 5615802) AND (k <= 5615902))

table 6 : explain SELECT k FROM sbtest6 WHERE k BETWEEN 5615802 AND 5615902
	Index Only Scan using k_6 on sbtest6  (cost=0.43..6.40 rows=98 width=4)
	  Index Cond: ((k >= 5615802) AND (k <= 5615902))

table 7 : explain SELECT k FROM sbtest7 WHERE k BETWEEN 5615802 AND 5615902
	Index Only Scan using k_7 on sbtest7  (cost=0.43..6.43 rows=100 width=4)
	  Index Cond: ((k >= 5615802) AND (k <= 5615902))

table 8 : explain SELECT k FROM sbtest8 WHERE k BETWEEN 5615802 AND 5615902
	Index Only Scan using k_8 on sbtest8  (cost=0.43..6.35 rows=96 width=4)
	  Index Cond: ((k >= 5615802) AND (k <= 5615902))

explain: for range-covered :: explain SELECT k FROM sbtest%d WHERE k BETWEEN 3341648 AND 3341748
explain: for range-covered :: explain SELECT k FROM sbtest%d WHERE k BETWEEN 5615802 AND 5615902
explain: for range-covered :: explain SELECT k FROM sbtest%d WHERE k BETWEEN 7644495 AND 7644595
for range-covered
table 1 : explain SELECT k FROM sbtest1 WHERE k BETWEEN 6545297 AND 6545397
	Index Only Scan using k_1 on sbtest1  (cost=0.43..6.47 rows=102 width=4)
	  Index Cond: ((k >= 6545297) AND (k <= 6545397))

table 2 : explain SELECT k FROM sbtest2 WHERE k BETWEEN 6545297 AND 6545397
	Index Only Scan using k_2 on sbtest2  (cost=0.43..6.42 rows=99 width=4)
	  Index Cond: ((k >= 6545297) AND (k <= 6545397))

table 3 : explain SELECT k FROM sbtest3 WHERE k BETWEEN 6545297 AND 6545397
	Index Only Scan using k_3 on sbtest3  (cost=0.43..6.53 rows=105 width=4)
	  Index Cond: ((k >= 6545297) AND (k <= 6545397))

table 4 : explain SELECT k FROM sbtest4 WHERE k BETWEEN 6545297 AND 6545397
	Index Only Scan using k_4 on sbtest4  (cost=0.43..6.43 rows=100 width=4)
	  Index Cond: ((k >= 6545297) AND (k <= 6545397))

table 5 : explain SELECT k FROM sbtest5 WHERE k BETWEEN 6545297 AND 6545397
	Index Only Scan using k_5 on sbtest5  (cost=0.43..6.33 rows=95 width=4)
	  Index Cond: ((k >= 6545297) AND (k <= 6545397))

table 6 : explain SELECT k FROM sbtest6 WHERE k BETWEEN 6545297 AND 6545397
	Index Only Scan using k_6 on sbtest6  (cost=0.43..6.43 rows=100 width=4)
	  Index Cond: ((k >= 6545297) AND (k <= 6545397))

table 7 : explain SELECT k FROM sbtest7 WHERE k BETWEEN 6545297 AND 6545397
	Index Only Scan using k_7 on sbtest7  (cost=0.43..6.37 rows=97 width=4)
	  Index Cond: ((k >= 6545297) AND (k <= 6545397))

table 8 : explain SELECT k FROM sbtest8 WHERE k BETWEEN 6545297 AND 6545397
	Index Only Scan using k_8 on sbtest8  (cost=0.43..6.17 rows=87 width=4)
	  Index Cond: ((k >= 6545297) AND (k <= 6545397))

for range-covered
table 1 : explain SELECT k FROM sbtest1 WHERE k BETWEEN 3149455 AND 3149555
	Index Only Scan using k_1 on sbtest1  (cost=0.43..6.56 rows=106 width=4)
	  Index Cond: ((k >= 3149455) AND (k <= 3149555))

table 2 : explain SELECT k FROM sbtest2 WHERE k BETWEEN 3149455 AND 3149555
	Index Only Scan using k_2 on sbtest2  (cost=0.43..6.51 rows=104 width=4)
	  Index Cond: ((k >= 3149455) AND (k <= 3149555))

table 3 : explain SELECT k FROM sbtest3 WHERE k BETWEEN 3149455 AND 3149555
	Index Only Scan using k_3 on sbtest3  (cost=0.43..6.47 rows=102 width=4)
	  Index Cond: ((k >= 3149455) AND (k <= 3149555))

table 4 : explain SELECT k FROM sbtest4 WHERE k BETWEEN 3149455 AND 3149555
	Index Only Scan using k_4 on sbtest4  (cost=0.43..6.61 rows=109 width=4)
	  Index Cond: ((k >= 3149455) AND (k <= 3149555))

table 5 : explain SELECT k FROM sbtest5 WHERE k BETWEEN 3149455 AND 3149555
	Index Only Scan using k_5 on sbtest5  (cost=0.43..6.72 rows=114 width=4)
	  Index Cond: ((k >= 3149455) AND (k <= 3149555))

table 6 : explain SELECT k FROM sbtest6 WHERE k BETWEEN 3149455 AND 3149555
	Index Only Scan using k_6 on sbtest6  (cost=0.43..6.33 rows=95 width=4)
	  Index Cond: ((k >= 3149455) AND (k <= 3149555))

table 7 : explain SELECT k FROM sbtest7 WHERE k BETWEEN 3149455 AND 3149555
	Index Only Scan using k_7 on sbtest7  (cost=0.43..6.33 rows=95 width=4)
	  Index Cond: ((k >= 3149455) AND (k <= 3149555))

table 8 : explain SELECT k FROM sbtest8 WHERE k BETWEEN 3149455 AND 3149555
	Index Only Scan using k_8 on sbtest8  (cost=0.43..6.43 rows=100 width=4)
	  Index Cond: ((k >= 3149455) AND (k <= 3149555))

explain: for range-covered :: explain SELECT k FROM sbtest%d WHERE k BETWEEN 2070110 AND 2070210
for range-covered
table 1 : explain SELECT k FROM sbtest1 WHERE k BETWEEN 3996332 AND 3996432
	Index Only Scan using k_1 on sbtest1  (cost=0.43..6.45 rows=101 width=4)
	  Index Cond: ((k >= 3996332) AND (k <= 3996432))

table 2 : explain SELECT k FROM sbtest2 WHERE k BETWEEN 3996332 AND 3996432
	Index Only Scan using k_2 on sbtest2  (cost=0.43..6.25 rows=91 width=4)
	  Index Cond: ((k >= 3996332) AND (k <= 3996432))

table 3 : explain SELECT k FROM sbtest3 WHERE k BETWEEN 3996332 AND 3996432
	Index Only Scan using k_3 on sbtest3  (cost=0.43..6.63 rows=110 width=4)
	  Index Cond: ((k >= 3996332) AND (k <= 3996432))

table 4 : explain SELECT k FROM sbtest4 WHERE k BETWEEN 3996332 AND 3996432
	Index Only Scan using k_4 on sbtest4  (cost=0.43..6.53 rows=105 width=4)
	  Index Cond: ((k >= 3996332) AND (k <= 3996432))

table 5 : explain SELECT k FROM sbtest5 WHERE k BETWEEN 3996332 AND 3996432
	Index Only Scan using k_5 on sbtest5  (cost=0.43..6.63 rows=110 width=4)
	  Index Cond: ((k >= 3996332) AND (k <= 3996432))

table 6 : explain SELECT k FROM sbtest6 WHERE k BETWEEN 3996332 AND 3996432
	Index Only Scan using k_6 on sbtest6  (cost=0.43..6.47 rows=102 width=4)
	  Index Cond: ((k >= 3996332) AND (k <= 3996432))

table 7 : explain SELECT k FROM sbtest7 WHERE k BETWEEN 3996332 AND 3996432
	Index Only Scan using k_7 on sbtest7  (cost=0.43..6.42 rows=99 width=4)
	  Index Cond: ((k >= 3996332) AND (k <= 3996432))

table 8 : explain SELECT k FROM sbtest8 WHERE k BETWEEN 3996332 AND 3996432
	Index Only Scan using k_8 on sbtest8  (cost=0.43..6.50 rows=103 width=4)
	  Index Cond: ((k >= 3996332) AND (k <= 3996432))

explain: for range-covered :: explain SELECT k FROM sbtest%d WHERE k BETWEEN 6545297 AND 6545397
explain: for range-covered :: explain SELECT k FROM sbtest%d WHERE k BETWEEN 3996332 AND 3996432
for range-covered
table 1 : explain SELECT k FROM sbtest1 WHERE k BETWEEN 7886978 AND 7887078
	Index Only Scan using k_1 on sbtest1  (cost=0.43..6.61 rows=109 width=4)
	  Index Cond: ((k >= 7886978) AND (k <= 7887078))

table 2 : explain SELECT k FROM sbtest2 WHERE k BETWEEN 7886978 AND 7887078
	Index Only Scan using k_2 on sbtest2  (cost=0.43..6.56 rows=106 width=4)
	  Index Cond: ((k >= 7886978) AND (k <= 7887078))

table 3 : explain SELECT k FROM sbtest3 WHERE k BETWEEN 7886978 AND 7887078
	Index Only Scan using k_3 on sbtest3  (cost=0.43..6.42 rows=99 width=4)
	  Index Cond: ((k >= 7886978) AND (k <= 7887078))

table 4 : explain SELECT k FROM sbtest4 WHERE k BETWEEN 7886978 AND 7887078
	Index Only Scan using k_4 on sbtest4  (cost=0.43..6.40 rows=98 width=4)
	  Index Cond: ((k >= 7886978) AND (k <= 7887078))

table 5 : explain SELECT k FROM sbtest5 WHERE k BETWEEN 7886978 AND 7887078
	Index Only Scan using k_5 on sbtest5  (cost=0.43..6.50 rows=103 width=4)
	  Index Cond: ((k >= 7886978) AND (k <= 7887078))

table 6 : explain SELECT k FROM sbtest6 WHERE k BETWEEN 7886978 AND 7887078
	Index Only Scan using k_6 on sbtest6  (cost=0.43..6.43 rows=100 width=4)
	  Index Cond: ((k >= 7886978) AND (k <= 7887078))

table 7 : explain SELECT k FROM sbtest7 WHERE k BETWEEN 7886978 AND 7887078
	Index Only Scan using k_7 on sbtest7  (cost=0.43..6.81 rows=119 width=4)
	  Index Cond: ((k >= 7886978) AND (k <= 7887078))

table 8 : explain SELECT k FROM sbtest8 WHERE k BETWEEN 7886978 AND 7887078
	Index Only Scan using k_8 on sbtest8  (cost=0.43..6.72 rows=114 width=4)
	  Index Cond: ((k >= 7886978) AND (k <= 7887078))

explain: for range-covered :: explain SELECT k FROM sbtest%d WHERE k BETWEEN 7886978 AND 7887078
for range-covered
table 1 : explain SELECT k FROM sbtest1 WHERE k BETWEEN 9833044 AND 9833144
	Index Only Scan using k_1 on sbtest1  (cost=0.43..6.51 rows=104 width=4)
	  Index Cond: ((k >= 9833044) AND (k <= 9833144))

table 2 : explain SELECT k FROM sbtest2 WHERE k BETWEEN 9833044 AND 9833144
	Index Only Scan using k_2 on sbtest2  (cost=0.43..6.33 rows=95 width=4)
	  Index Cond: ((k >= 9833044) AND (k <= 9833144))

table 3 : explain SELECT k FROM sbtest3 WHERE k BETWEEN 9833044 AND 9833144
	Index Only Scan using k_3 on sbtest3  (cost=0.43..6.43 rows=100 width=4)
	  Index Cond: ((k >= 9833044) AND (k <= 9833144))

table 4 : explain SELECT k FROM sbtest4 WHERE k BETWEEN 9833044 AND 9833144
	Index Only Scan using k_4 on sbtest4  (cost=0.43..6.63 rows=110 width=4)
	  Index Cond: ((k >= 9833044) AND (k <= 9833144))

table 5 : explain SELECT k FROM sbtest5 WHERE k BETWEEN 9833044 AND 9833144
	Index Only Scan using k_5 on sbtest5  (cost=0.43..6.67 rows=112 width=4)
	  Index Cond: ((k >= 9833044) AND (k <= 9833144))

table 6 : explain SELECT k FROM sbtest6 WHERE k BETWEEN 9833044 AND 9833144
	Index Only Scan using k_6 on sbtest6  (cost=0.43..6.58 rows=107 width=4)
	  Index Cond: ((k >= 9833044) AND (k <= 9833144))

table 7 : explain SELECT k FROM sbtest7 WHERE k BETWEEN 9833044 AND 9833144
	Index Only Scan using k_7 on sbtest7  (cost=0.43..6.37 rows=97 width=4)
	  Index Cond: ((k >= 9833044) AND (k <= 9833144))

table 8 : explain SELECT k FROM sbtest8 WHERE k BETWEEN 9833044 AND 9833144
	Index Only Scan using k_8 on sbtest8  (cost=0.43..6.24 rows=90 width=4)
	  Index Cond: ((k >= 9833044) AND (k <= 9833144))

explain: for range-covered :: explain SELECT k FROM sbtest%d WHERE k BETWEEN 9833044 AND 9833144
for range-covered
table 1 : explain SELECT k FROM sbtest1 WHERE k BETWEEN 6545297 AND 6545397
	Index Only Scan using k_1 on sbtest1  (cost=0.43..6.47 rows=102 width=4)
	  Index Cond: ((k >= 6545297) AND (k <= 6545397))

table 2 : explain SELECT k FROM sbtest2 WHERE k BETWEEN 6545297 AND 6545397
	Index Only Scan using k_2 on sbtest2  (cost=0.43..6.42 rows=99 width=4)
	  Index Cond: ((k >= 6545297) AND (k <= 6545397))

table 3 : explain SELECT k FROM sbtest3 WHERE k BETWEEN 6545297 AND 6545397
	Index Only Scan using k_3 on sbtest3  (cost=0.43..6.53 rows=105 width=4)
	  Index Cond: ((k >= 6545297) AND (k <= 6545397))

table 4 : explain SELECT k FROM sbtest4 WHERE k BETWEEN 6545297 AND 6545397
	Index Only Scan using k_4 on sbtest4  (cost=0.43..6.43 rows=100 width=4)
	  Index Cond: ((k >= 6545297) AND (k <= 6545397))

table 5 : explain SELECT k FROM sbtest5 WHERE k BETWEEN 6545297 AND 6545397
	Index Only Scan using k_5 on sbtest5  (cost=0.43..6.33 rows=95 width=4)
	  Index Cond: ((k >= 6545297) AND (k <= 6545397))

table 6 : explain SELECT k FROM sbtest6 WHERE k BETWEEN 6545297 AND 6545397
	Index Only Scan using k_6 on sbtest6  (cost=0.43..6.43 rows=100 width=4)
	  Index Cond: ((k >= 6545297) AND (k <= 6545397))

table 7 : explain SELECT k FROM sbtest7 WHERE k BETWEEN 6545297 AND 6545397
	Index Only Scan using k_7 on sbtest7  (cost=0.43..6.37 rows=97 width=4)
	  Index Cond: ((k >= 6545297) AND (k <= 6545397))

table 8 : explain SELECT k FROM sbtest8 WHERE k BETWEEN 6545297 AND 6545397
	Index Only Scan using k_8 on sbtest8  (cost=0.43..6.17 rows=87 width=4)
	  Index Cond: ((k >= 6545297) AND (k <= 6545397))

explain: for range-covered :: explain SELECT k FROM sbtest%d WHERE k BETWEEN 6545297 AND 6545397
for range-covered
table 1 : explain SELECT k FROM sbtest1 WHERE k BETWEEN 7886978 AND 7887078
	Index Only Scan using k_1 on sbtest1  (cost=0.43..6.61 rows=109 width=4)
	  Index Cond: ((k >= 7886978) AND (k <= 7887078))

table 2 : explain SELECT k FROM sbtest2 WHERE k BETWEEN 7886978 AND 7887078
	Index Only Scan using k_2 on sbtest2  (cost=0.43..6.56 rows=106 width=4)
	  Index Cond: ((k >= 7886978) AND (k <= 7887078))

table 3 : explain SELECT k FROM sbtest3 WHERE k BETWEEN 7886978 AND 7887078
	Index Only Scan using k_3 on sbtest3  (cost=0.43..6.42 rows=99 width=4)
	  Index Cond: ((k >= 7886978) AND (k <= 7887078))

table 4 : explain SELECT k FROM sbtest4 WHERE k BETWEEN 7886978 AND 7887078
	Index Only Scan using k_4 on sbtest4  (cost=0.43..6.40 rows=98 width=4)
	  Index Cond: ((k >= 7886978) AND (k <= 7887078))

table 5 : explain SELECT k FROM sbtest5 WHERE k BETWEEN 7886978 AND 7887078
	Index Only Scan using k_5 on sbtest5  (cost=0.43..6.50 rows=103 width=4)
	  Index Cond: ((k >= 7886978) AND (k <= 7887078))

table 6 : explain SELECT k FROM sbtest6 WHERE k BETWEEN 7886978 AND 7887078
	Index Only Scan using k_6 on sbtest6  (cost=0.43..6.43 rows=100 width=4)
	  Index Cond: ((k >= 7886978) AND (k <= 7887078))

table 7 : explain SELECT k FROM sbtest7 WHERE k BETWEEN 7886978 AND 7887078
	Index Only Scan using k_7 on sbtest7  (cost=0.43..6.81 rows=119 width=4)
	  Index Cond: ((k >= 7886978) AND (k <= 7887078))

table 8 : explain SELECT k FROM sbtest8 WHERE k BETWEEN 7886978 AND 7887078
	Index Only Scan using k_8 on sbtest8  (cost=0.43..6.72 rows=114 width=4)
	  Index Cond: ((k >= 7886978) AND (k <= 7887078))

explain: for range-covered :: explain SELECT k FROM sbtest%d WHERE k BETWEEN 7886978 AND 7887078
for range-covered
table 1 : explain SELECT k FROM sbtest1 WHERE k BETWEEN 3996332 AND 3996432
	Index Only Scan using k_1 on sbtest1  (cost=0.43..6.45 rows=101 width=4)
	  Index Cond: ((k >= 3996332) AND (k <= 3996432))

table 2 : explain SELECT k FROM sbtest2 WHERE k BETWEEN 3996332 AND 3996432
	Index Only Scan using k_2 on sbtest2  (cost=0.43..6.25 rows=91 width=4)
	  Index Cond: ((k >= 3996332) AND (k <= 3996432))

table 3 : explain SELECT k FROM sbtest3 WHERE k BETWEEN 3996332 AND 3996432
	Index Only Scan using k_3 on sbtest3  (cost=0.43..6.63 rows=110 width=4)
	  Index Cond: ((k >= 3996332) AND (k <= 3996432))

table 4 : explain SELECT k FROM sbtest4 WHERE k BETWEEN 3996332 AND 3996432
	Index Only Scan using k_4 on sbtest4  (cost=0.43..6.53 rows=105 width=4)
	  Index Cond: ((k >= 3996332) AND (k <= 3996432))

table 5 : explain SELECT k FROM sbtest5 WHERE k BETWEEN 3996332 AND 3996432
	Index Only Scan using k_5 on sbtest5  (cost=0.43..6.63 rows=110 width=4)
	  Index Cond: ((k >= 3996332) AND (k <= 3996432))

table 6 : explain SELECT k FROM sbtest6 WHERE k BETWEEN 3996332 AND 3996432
	Index Only Scan using k_6 on sbtest6  (cost=0.43..6.47 rows=102 width=4)
	  Index Cond: ((k >= 3996332) AND (k <= 3996432))

table 7 : explain SELECT k FROM sbtest7 WHERE k BETWEEN 3996332 AND 3996432
	Index Only Scan using k_7 on sbtest7  (cost=0.43..6.42 rows=99 width=4)
	  Index Cond: ((k >= 3996332) AND (k <= 3996432))

table 8 : explain SELECT k FROM sbtest8 WHERE k BETWEEN 3996332 AND 3996432
	Index Only Scan using k_8 on sbtest8  (cost=0.43..6.50 rows=103 width=4)
	  Index Cond: ((k >= 3996332) AND (k <= 3996432))

explain: for range-covered :: explain SELECT k FROM sbtest%d WHERE k BETWEEN 3996332 AND 3996432
for range-covered
table 1 : explain SELECT k FROM sbtest1 WHERE k BETWEEN 9833044 AND 9833144
	Index Only Scan using k_1 on sbtest1  (cost=0.43..6.51 rows=104 width=4)
	  Index Cond: ((k >= 9833044) AND (k <= 9833144))

table 2 : explain SELECT k FROM sbtest2 WHERE k BETWEEN 9833044 AND 9833144
	Index Only Scan using k_2 on sbtest2  (cost=0.43..6.33 rows=95 width=4)
	  Index Cond: ((k >= 9833044) AND (k <= 9833144))

table 3 : explain SELECT k FROM sbtest3 WHERE k BETWEEN 9833044 AND 9833144
	Index Only Scan using k_3 on sbtest3  (cost=0.43..6.43 rows=100 width=4)
	  Index Cond: ((k >= 9833044) AND (k <= 9833144))

table 4 : explain SELECT k FROM sbtest4 WHERE k BETWEEN 9833044 AND 9833144
	Index Only Scan using k_4 on sbtest4  (cost=0.43..6.63 rows=110 width=4)
	  Index Cond: ((k >= 9833044) AND (k <= 9833144))

table 5 : explain SELECT k FROM sbtest5 WHERE k BETWEEN 9833044 AND 9833144
	Index Only Scan using k_5 on sbtest5  (cost=0.43..6.67 rows=112 width=4)
	  Index Cond: ((k >= 9833044) AND (k <= 9833144))

table 6 : explain SELECT k FROM sbtest6 WHERE k BETWEEN 9833044 AND 9833144
	Index Only Scan using k_6 on sbtest6  (cost=0.43..6.58 rows=107 width=4)
	  Index Cond: ((k >= 9833044) AND (k <= 9833144))

table 7 : explain SELECT k FROM sbtest7 WHERE k BETWEEN 9833044 AND 9833144
	Index Only Scan using k_7 on sbtest7  (cost=0.43..6.37 rows=97 width=4)
	  Index Cond: ((k >= 9833044) AND (k <= 9833144))

table 8 : explain SELECT k FROM sbtest8 WHERE k BETWEEN 9833044 AND 9833144
	Index Only Scan using k_8 on sbtest8  (cost=0.43..6.24 rows=90 width=4)
	  Index Cond: ((k >= 9833044) AND (k <= 9833144))

explain: for range-covered :: explain SELECT k FROM sbtest%d WHERE k BETWEEN 9833044 AND 9833144
for range-covered
table 1 : explain SELECT k FROM sbtest1 WHERE k BETWEEN 6545297 AND 6545397
	Index Only Scan using k_1 on sbtest1  (cost=0.43..6.47 rows=102 width=4)
	  Index Cond: ((k >= 6545297) AND (k <= 6545397))

table 2 : explain SELECT k FROM sbtest2 WHERE k BETWEEN 6545297 AND 6545397
	Index Only Scan using k_2 on sbtest2  (cost=0.43..6.42 rows=99 width=4)
	  Index Cond: ((k >= 6545297) AND (k <= 6545397))

table 3 : explain SELECT k FROM sbtest3 WHERE k BETWEEN 6545297 AND 6545397
	Index Only Scan using k_3 on sbtest3  (cost=0.43..6.53 rows=105 width=4)
	  Index Cond: ((k >= 6545297) AND (k <= 6545397))

table 4 : explain SELECT k FROM sbtest4 WHERE k BETWEEN 6545297 AND 6545397
	Index Only Scan using k_4 on sbtest4  (cost=0.43..6.43 rows=100 width=4)
	  Index Cond: ((k >= 6545297) AND (k <= 6545397))

table 5 : explain SELECT k FROM sbtest5 WHERE k BETWEEN 6545297 AND 6545397
	Index Only Scan using k_5 on sbtest5  (cost=0.43..6.33 rows=95 width=4)
	  Index Cond: ((k >= 6545297) AND (k <= 6545397))

table 6 : explain SELECT k FROM sbtest6 WHERE k BETWEEN 6545297 AND 6545397
	Index Only Scan using k_6 on sbtest6  (cost=0.43..6.43 rows=100 width=4)
	  Index Cond: ((k >= 6545297) AND (k <= 6545397))

table 7 : explain SELECT k FROM sbtest7 WHERE k BETWEEN 6545297 AND 6545397
	Index Only Scan using k_7 on sbtest7  (cost=0.43..6.37 rows=97 width=4)
	  Index Cond: ((k >= 6545297) AND (k <= 6545397))

table 8 : explain SELECT k FROM sbtest8 WHERE k BETWEEN 6545297 AND 6545397
	Index Only Scan using k_8 on sbtest8  (cost=0.43..6.17 rows=87 width=4)
	  Index Cond: ((k >= 6545297) AND (k <= 6545397))

for range-covered
table 1 : explain SELECT k FROM sbtest1 WHERE k BETWEEN 7644495 AND 7644595
	Index Only Scan using k_1 on sbtest1  (cost=0.43..6.50 rows=103 width=4)
	  Index Cond: ((k >= 7644495) AND (k <= 7644595))

table 2 : explain SELECT k FROM sbtest2 WHERE k BETWEEN 7644495 AND 7644595
	Index Only Scan using k_2 on sbtest2  (cost=0.43..6.50 rows=103 width=4)
	  Index Cond: ((k >= 7644495) AND (k <= 7644595))

table 3 : explain SELECT k FROM sbtest3 WHERE k BETWEEN 7644495 AND 7644595
	Index Only Scan using k_3 on sbtest3  (cost=0.43..6.53 rows=105 width=4)
	  Index Cond: ((k >= 7644495) AND (k <= 7644595))

table 4 : explain SELECT k FROM sbtest4 WHERE k BETWEEN 7644495 AND 7644595
	Index Only Scan using k_4 on sbtest4  (cost=0.43..6.45 rows=101 width=4)
	  Index Cond: ((k >= 7644495) AND (k <= 7644595))

table 5 : explain SELECT k FROM sbtest5 WHERE k BETWEEN 7644495 AND 7644595
	Index Only Scan using k_5 on sbtest5  (cost=0.43..6.58 rows=107 width=4)
	  Index Cond: ((k >= 7644495) AND (k <= 7644595))

table 6 : explain SELECT k FROM sbtest6 WHERE k BETWEEN 7644495 AND 7644595
	Index Only Scan using k_6 on sbtest6  (cost=0.43..6.50 rows=103 width=4)
	  Index Cond: ((k >= 7644495) AND (k <= 7644595))

table 7 : explain SELECT k FROM sbtest7 WHERE k BETWEEN 7644495 AND 7644595
	Index Only Scan using k_7 on sbtest7  (cost=0.43..6.45 rows=101 width=4)
	  Index Cond: ((k >= 7644495) AND (k <= 7644595))

table 8 : explain SELECT k FROM sbtest8 WHERE k BETWEEN 7644495 AND 7644595
	Index Only Scan using k_8 on sbtest8  (cost=0.43..6.51 rows=104 width=4)
	  Index Cond: ((k >= 7644495) AND (k <= 7644595))

explain: for range-covered :: explain SELECT k FROM sbtest%d WHERE k BETWEEN 6545297 AND 6545397
explain: for range-covered :: explain SELECT k FROM sbtest%d WHERE k BETWEEN 7644495 AND 7644595
for range-covered
table 1 : explain SELECT k FROM sbtest1 WHERE k BETWEEN 7886978 AND 7887078
	Index Only Scan using k_1 on sbtest1  (cost=0.43..6.61 rows=109 width=4)
	  Index Cond: ((k >= 7886978) AND (k <= 7887078))

table 2 : explain SELECT k FROM sbtest2 WHERE k BETWEEN 7886978 AND 7887078
	Index Only Scan using k_2 on sbtest2  (cost=0.43..6.56 rows=106 width=4)
	  Index Cond: ((k >= 7886978) AND (k <= 7887078))

table 3 : explain SELECT k FROM sbtest3 WHERE k BETWEEN 7886978 AND 7887078
	Index Only Scan using k_3 on sbtest3  (cost=0.43..6.42 rows=99 width=4)
	  Index Cond: ((k >= 7886978) AND (k <= 7887078))

table 4 : explain SELECT k FROM sbtest4 WHERE k BETWEEN 7886978 AND 7887078
	Index Only Scan using k_4 on sbtest4  (cost=0.43..6.40 rows=98 width=4)
	  Index Cond: ((k >= 7886978) AND (k <= 7887078))

table 5 : explain SELECT k FROM sbtest5 WHERE k BETWEEN 7886978 AND 7887078
	Index Only Scan using k_5 on sbtest5  (cost=0.43..6.50 rows=103 width=4)
	  Index Cond: ((k >= 7886978) AND (k <= 7887078))

table 6 : explain SELECT k FROM sbtest6 WHERE k BETWEEN 7886978 AND 7887078
	Index Only Scan using k_6 on sbtest6  (cost=0.43..6.43 rows=100 width=4)
	  Index Cond: ((k >= 7886978) AND (k <= 7887078))

table 7 : explain SELECT k FROM sbtest7 WHERE k BETWEEN 7886978 AND 7887078
	Index Only Scan using k_7 on sbtest7  (cost=0.43..6.81 rows=119 width=4)
	  Index Cond: ((k >= 7886978) AND (k <= 7887078))

table 8 : explain SELECT k FROM sbtest8 WHERE k BETWEEN 7886978 AND 7887078
	Index Only Scan using k_8 on sbtest8  (cost=0.43..6.72 rows=114 width=4)
	  Index Cond: ((k >= 7886978) AND (k <= 7887078))

explain: for range-covered :: explain SELECT k FROM sbtest%d WHERE k BETWEEN 7886978 AND 7887078
for range-covered
table 1 : explain SELECT k FROM sbtest1 WHERE k BETWEEN 3996332 AND 3996432
	Index Only Scan using k_1 on sbtest1  (cost=0.43..6.45 rows=101 width=4)
	  Index Cond: ((k >= 3996332) AND (k <= 3996432))

table 2 : explain SELECT k FROM sbtest2 WHERE k BETWEEN 3996332 AND 3996432
	Index Only Scan using k_2 on sbtest2  (cost=0.43..6.25 rows=91 width=4)
	  Index Cond: ((k >= 3996332) AND (k <= 3996432))

table 3 : explain SELECT k FROM sbtest3 WHERE k BETWEEN 3996332 AND 3996432
	Index Only Scan using k_3 on sbtest3  (cost=0.43..6.63 rows=110 width=4)
	  Index Cond: ((k >= 3996332) AND (k <= 3996432))

table 4 : explain SELECT k FROM sbtest4 WHERE k BETWEEN 3996332 AND 3996432
	Index Only Scan using k_4 on sbtest4  (cost=0.43..6.53 rows=105 width=4)
	  Index Cond: ((k >= 3996332) AND (k <= 3996432))

table 5 : explain SELECT k FROM sbtest5 WHERE k BETWEEN 3996332 AND 3996432
	Index Only Scan using k_5 on sbtest5  (cost=0.43..6.63 rows=110 width=4)
	  Index Cond: ((k >= 3996332) AND (k <= 3996432))

table 6 : explain SELECT k FROM sbtest6 WHERE k BETWEEN 3996332 AND 3996432
	Index Only Scan using k_6 on sbtest6  (cost=0.43..6.47 rows=102 width=4)
	  Index Cond: ((k >= 3996332) AND (k <= 3996432))

table 7 : explain SELECT k FROM sbtest7 WHERE k BETWEEN 3996332 AND 3996432
	Index Only Scan using k_7 on sbtest7  (cost=0.43..6.42 rows=99 width=4)
	  Index Cond: ((k >= 3996332) AND (k <= 3996432))

table 8 : explain SELECT k FROM sbtest8 WHERE k BETWEEN 3996332 AND 3996432
	Index Only Scan using k_8 on sbtest8  (cost=0.43..6.50 rows=103 width=4)
	  Index Cond: ((k >= 3996332) AND (k <= 3996432))

explain: for range-covered :: explain SELECT k FROM sbtest%d WHERE k BETWEEN 3996332 AND 3996432
for range-covered
table 1 : explain SELECT k FROM sbtest1 WHERE k BETWEEN 9833044 AND 9833144
	Index Only Scan using k_1 on sbtest1  (cost=0.43..6.51 rows=104 width=4)
	  Index Cond: ((k >= 9833044) AND (k <= 9833144))

table 2 : explain SELECT k FROM sbtest2 WHERE k BETWEEN 9833044 AND 9833144
	Index Only Scan using k_2 on sbtest2  (cost=0.43..6.33 rows=95 width=4)
	  Index Cond: ((k >= 9833044) AND (k <= 9833144))

table 3 : explain SELECT k FROM sbtest3 WHERE k BETWEEN 9833044 AND 9833144
	Index Only Scan using k_3 on sbtest3  (cost=0.43..6.43 rows=100 width=4)
	  Index Cond: ((k >= 9833044) AND (k <= 9833144))

table 4 : explain SELECT k FROM sbtest4 WHERE k BETWEEN 9833044 AND 9833144
	Index Only Scan using k_4 on sbtest4  (cost=0.43..6.63 rows=110 width=4)
	  Index Cond: ((k >= 9833044) AND (k <= 9833144))

table 5 : explain SELECT k FROM sbtest5 WHERE k BETWEEN 9833044 AND 9833144
	Index Only Scan using k_5 on sbtest5  (cost=0.43..6.67 rows=112 width=4)
	  Index Cond: ((k >= 9833044) AND (k <= 9833144))

table 6 : explain SELECT k FROM sbtest6 WHERE k BETWEEN 9833044 AND 9833144
	Index Only Scan using k_6 on sbtest6  (cost=0.43..6.58 rows=107 width=4)
	  Index Cond: ((k >= 9833044) AND (k <= 9833144))

table 7 : explain SELECT k FROM sbtest7 WHERE k BETWEEN 9833044 AND 9833144
	Index Only Scan using k_7 on sbtest7  (cost=0.43..6.37 rows=97 width=4)
	  Index Cond: ((k >= 9833044) AND (k <= 9833144))

table 8 : explain SELECT k FROM sbtest8 WHERE k BETWEEN 9833044 AND 9833144
	Index Only Scan using k_8 on sbtest8  (cost=0.43..6.24 rows=90 width=4)
	  Index Cond: ((k >= 9833044) AND (k <= 9833144))

explain: for range-covered :: explain SELECT k FROM sbtest%d WHERE k BETWEEN 9833044 AND 9833144
for range-covered
table 1 : explain SELECT k FROM sbtest1 WHERE k BETWEEN 6545297 AND 6545397
	Index Only Scan using k_1 on sbtest1  (cost=0.43..6.47 rows=102 width=4)
	  Index Cond: ((k >= 6545297) AND (k <= 6545397))

table 2 : explain SELECT k FROM sbtest2 WHERE k BETWEEN 6545297 AND 6545397
	Index Only Scan using k_2 on sbtest2  (cost=0.43..6.42 rows=99 width=4)
	  Index Cond: ((k >= 6545297) AND (k <= 6545397))

table 3 : explain SELECT k FROM sbtest3 WHERE k BETWEEN 6545297 AND 6545397
	Index Only Scan using k_3 on sbtest3  (cost=0.43..6.53 rows=105 width=4)
	  Index Cond: ((k >= 6545297) AND (k <= 6545397))

table 4 : explain SELECT k FROM sbtest4 WHERE k BETWEEN 6545297 AND 6545397
	Index Only Scan using k_4 on sbtest4  (cost=0.43..6.43 rows=100 width=4)
	  Index Cond: ((k >= 6545297) AND (k <= 6545397))

table 5 : explain SELECT k FROM sbtest5 WHERE k BETWEEN 6545297 AND 6545397
	Index Only Scan using k_5 on sbtest5  (cost=0.43..6.33 rows=95 width=4)
	  Index Cond: ((k >= 6545297) AND (k <= 6545397))

table 6 : explain SELECT k FROM sbtest6 WHERE k BETWEEN 6545297 AND 6545397
	Index Only Scan using k_6 on sbtest6  (cost=0.43..6.43 rows=100 width=4)
	  Index Cond: ((k >= 6545297) AND (k <= 6545397))

table 7 : explain SELECT k FROM sbtest7 WHERE k BETWEEN 6545297 AND 6545397
	Index Only Scan using k_7 on sbtest7  (cost=0.43..6.37 rows=97 width=4)
	  Index Cond: ((k >= 6545297) AND (k <= 6545397))

table 8 : explain SELECT k FROM sbtest8 WHERE k BETWEEN 6545297 AND 6545397
	Index Only Scan using k_8 on sbtest8  (cost=0.43..6.17 rows=87 width=4)
	  Index Cond: ((k >= 6545297) AND (k <= 6545397))

explain: for range-covered :: explain SELECT k FROM sbtest%d WHERE k BETWEEN 6545297 AND 6545397
for range-covered
table 1 : explain SELECT k FROM sbtest1 WHERE k BETWEEN 2043395 AND 2043495
	Index Only Scan using k_1 on sbtest1  (cost=0.43..6.47 rows=102 width=4)
	  Index Cond: ((k >= 2043395) AND (k <= 2043495))

table 2 : explain SELECT k FROM sbtest2 WHERE k BETWEEN 2043395 AND 2043495
	Index Only Scan using k_2 on sbtest2  (cost=0.43..6.29 rows=93 width=4)
	  Index Cond: ((k >= 2043395) AND (k <= 2043495))

table 3 : explain SELECT k FROM sbtest3 WHERE k BETWEEN 2043395 AND 2043495
	Index Only Scan using k_3 on sbtest3  (cost=0.43..6.51 rows=104 width=4)
	  Index Cond: ((k >= 2043395) AND (k <= 2043495))

table 4 : explain SELECT k FROM sbtest4 WHERE k BETWEEN 2043395 AND 2043495
	Index Only Scan using k_4 on sbtest4  (cost=0.43..6.32 rows=94 width=4)
	  Index Cond: ((k >= 2043395) AND (k <= 2043495))

table 5 : explain SELECT k FROM sbtest5 WHERE k BETWEEN 2043395 AND 2043495
	Index Only Scan using k_5 on sbtest5  (cost=0.43..6.56 rows=106 width=4)
	  Index Cond: ((k >= 2043395) AND (k <= 2043495))

table 6 : explain SELECT k FROM sbtest6 WHERE k BETWEEN 2043395 AND 2043495
	Index Only Scan using k_6 on sbtest6  (cost=0.43..6.42 rows=99 width=4)
	  Index Cond: ((k >= 2043395) AND (k <= 2043495))

table 7 : explain SELECT k FROM sbtest7 WHERE k BETWEEN 2043395 AND 2043495
	Index Only Scan using k_7 on sbtest7  (cost=0.43..6.47 rows=102 width=4)
	  Index Cond: ((k >= 2043395) AND (k <= 2043495))

table 8 : explain SELECT k FROM sbtest8 WHERE k BETWEEN 2043395 AND 2043495
	Index Only Scan using k_8 on sbtest8  (cost=0.43..6.47 rows=102 width=4)
	  Index Cond: ((k >= 2043395) AND (k <= 2043495))

for range-covered
table 1 : explain SELECT k FROM sbtest1 WHERE k BETWEEN 3996332 AND 3996432
	Index Only Scan using k_1 on sbtest1  (cost=0.43..6.45 rows=101 width=4)
	  Index Cond: ((k >= 3996332) AND (k <= 3996432))

table 2 : explain SELECT k FROM sbtest2 WHERE k BETWEEN 3996332 AND 3996432
	Index Only Scan using k_2 on sbtest2  (cost=0.43..6.25 rows=91 width=4)
	  Index Cond: ((k >= 3996332) AND (k <= 3996432))

table 3 : explain SELECT k FROM sbtest3 WHERE k BETWEEN 3996332 AND 3996432
	Index Only Scan using k_3 on sbtest3  (cost=0.43..6.63 rows=110 width=4)
	  Index Cond: ((k >= 3996332) AND (k <= 3996432))

table 4 : explain SELECT k FROM sbtest4 WHERE k BETWEEN 3996332 AND 3996432
	Index Only Scan using k_4 on sbtest4  (cost=0.43..6.53 rows=105 width=4)
	  Index Cond: ((k >= 3996332) AND (k <= 3996432))

table 5 : explain SELECT k FROM sbtest5 WHERE k BETWEEN 3996332 AND 3996432
	Index Only Scan using k_5 on sbtest5  (cost=0.43..6.63 rows=110 width=4)
	  Index Cond: ((k >= 3996332) AND (k <= 3996432))

table 6 : explain SELECT k FROM sbtest6 WHERE k BETWEEN 3996332 AND 3996432
	Index Only Scan using k_6 on sbtest6  (cost=0.43..6.47 rows=102 width=4)
	  Index Cond: ((k >= 3996332) AND (k <= 3996432))

table 7 : explain SELECT k FROM sbtest7 WHERE k BETWEEN 3996332 AND 3996432
	Index Only Scan using k_7 on sbtest7  (cost=0.43..6.42 rows=99 width=4)
	  Index Cond: ((k >= 3996332) AND (k <= 3996432))

table 8 : explain SELECT k FROM sbtest8 WHERE k BETWEEN 3996332 AND 3996432
	Index Only Scan using k_8 on sbtest8  (cost=0.43..6.50 rows=103 width=4)
	  Index Cond: ((k >= 3996332) AND (k <= 3996432))

explain: for range-covered :: explain SELECT k FROM sbtest%d WHERE k BETWEEN 2043395 AND 2043495
explain: for range-covered :: explain SELECT k FROM sbtest%d WHERE k BETWEEN 3996332 AND 3996432
for range-covered
table 1 : explain SELECT k FROM sbtest1 WHERE k BETWEEN 7644495 AND 7644595
	Index Only Scan using k_1 on sbtest1  (cost=0.43..6.50 rows=103 width=4)
	  Index Cond: ((k >= 7644495) AND (k <= 7644595))

table 2 : explain SELECT k FROM sbtest2 WHERE k BETWEEN 7644495 AND 7644595
	Index Only Scan using k_2 on sbtest2  (cost=0.43..6.50 rows=103 width=4)
	  Index Cond: ((k >= 7644495) AND (k <= 7644595))

table 3 : explain SELECT k FROM sbtest3 WHERE k BETWEEN 7644495 AND 7644595
	Index Only Scan using k_3 on sbtest3  (cost=0.43..6.53 rows=105 width=4)
	  Index Cond: ((k >= 7644495) AND (k <= 7644595))

table 4 : explain SELECT k FROM sbtest4 WHERE k BETWEEN 7644495 AND 7644595
	Index Only Scan using k_4 on sbtest4  (cost=0.43..6.45 rows=101 width=4)
	  Index Cond: ((k >= 7644495) AND (k <= 7644595))

table 5 : explain SELECT k FROM sbtest5 WHERE k BETWEEN 7644495 AND 7644595
	Index Only Scan using k_5 on sbtest5  (cost=0.43..6.58 rows=107 width=4)
	  Index Cond: ((k >= 7644495) AND (k <= 7644595))

table 6 : explain SELECT k FROM sbtest6 WHERE k BETWEEN 7644495 AND 7644595
	Index Only Scan using k_6 on sbtest6  (cost=0.43..6.50 rows=103 width=4)
	  Index Cond: ((k >= 7644495) AND (k <= 7644595))

table 7 : explain SELECT k FROM sbtest7 WHERE k BETWEEN 7644495 AND 7644595
	Index Only Scan using k_7 on sbtest7  (cost=0.43..6.45 rows=101 width=4)
	  Index Cond: ((k >= 7644495) AND (k <= 7644595))

table 8 : explain SELECT k FROM sbtest8 WHERE k BETWEEN 7644495 AND 7644595
	Index Only Scan using k_8 on sbtest8  (cost=0.43..6.51 rows=104 width=4)
	  Index Cond: ((k >= 7644495) AND (k <= 7644595))

for range-covered
table 1 : explain SELECT k FROM sbtest1 WHERE k BETWEEN 5615802 AND 5615902
	Index Only Scan using k_1 on sbtest1  (cost=0.43..6.47 rows=102 width=4)
	  Index Cond: ((k >= 5615802) AND (k <= 5615902))

table 2 : explain SELECT k FROM sbtest2 WHERE k BETWEEN 5615802 AND 5615902
	Index Only Scan using k_2 on sbtest2  (cost=0.43..6.32 rows=94 width=4)
	  Index Cond: ((k >= 5615802) AND (k <= 5615902))

table 3 : explain SELECT k FROM sbtest3 WHERE k BETWEEN 5615802 AND 5615902
	Index Only Scan using k_3 on sbtest3  (cost=0.43..6.47 rows=102 width=4)
	  Index Cond: ((k >= 5615802) AND (k <= 5615902))

table 4 : explain SELECT k FROM sbtest4 WHERE k BETWEEN 5615802 AND 5615902
	Index Only Scan using k_4 on sbtest4  (cost=0.43..6.47 rows=102 width=4)
	  Index Cond: ((k >= 5615802) AND (k <= 5615902))

table 5 : explain SELECT k FROM sbtest5 WHERE k BETWEEN 5615802 AND 5615902
	Index Only Scan using k_5 on sbtest5  (cost=0.43..6.59 rows=108 width=4)
	  Index Cond: ((k >= 5615802) AND (k <= 5615902))

table 6 : explain SELECT k FROM sbtest6 WHERE k BETWEEN 5615802 AND 5615902
	Index Only Scan using k_6 on sbtest6  (cost=0.43..6.40 rows=98 width=4)
	  Index Cond: ((k >= 5615802) AND (k <= 5615902))

table 7 : explain SELECT k FROM sbtest7 WHERE k BETWEEN 5615802 AND 5615902
	Index Only Scan using k_7 on sbtest7  (cost=0.43..6.43 rows=100 width=4)
	  Index Cond: ((k >= 5615802) AND (k <= 5615902))

table 8 : explain SELECT k FROM sbtest8 WHERE k BETWEEN 5615802 AND 5615902
	Index Only Scan using k_8 on sbtest8  (cost=0.43..6.35 rows=96 width=4)
	  Index Cond: ((k >= 5615802) AND (k <= 5615902))

explain: for range-covered :: explain SELECT k FROM sbtest%d WHERE k BETWEEN 7644495 AND 7644595
explain: for range-covered :: explain SELECT k FROM sbtest%d WHERE k BETWEEN 5615802 AND 5615902
for range-covered
table 1 : explain SELECT k FROM sbtest1 WHERE k BETWEEN 6545297 AND 6545397
	Index Only Scan using k_1 on sbtest1  (cost=0.43..6.47 rows=102 width=4)
	  Index Cond: ((k >= 6545297) AND (k <= 6545397))

table 2 : explain SELECT k FROM sbtest2 WHERE k BETWEEN 6545297 AND 6545397
	Index Only Scan using k_2 on sbtest2  (cost=0.43..6.42 rows=99 width=4)
	  Index Cond: ((k >= 6545297) AND (k <= 6545397))

table 3 : explain SELECT k FROM sbtest3 WHERE k BETWEEN 6545297 AND 6545397
	Index Only Scan using k_3 on sbtest3  (cost=0.43..6.53 rows=105 width=4)
	  Index Cond: ((k >= 6545297) AND (k <= 6545397))

table 4 : explain SELECT k FROM sbtest4 WHERE k BETWEEN 6545297 AND 6545397
	Index Only Scan using k_4 on sbtest4  (cost=0.43..6.43 rows=100 width=4)
	  Index Cond: ((k >= 6545297) AND (k <= 6545397))

table 5 : explain SELECT k FROM sbtest5 WHERE k BETWEEN 6545297 AND 6545397
	Index Only Scan using k_5 on sbtest5  (cost=0.43..6.33 rows=95 width=4)
	  Index Cond: ((k >= 6545297) AND (k <= 6545397))

table 6 : explain SELECT k FROM sbtest6 WHERE k BETWEEN 6545297 AND 6545397
	Index Only Scan using k_6 on sbtest6  (cost=0.43..6.43 rows=100 width=4)
	  Index Cond: ((k >= 6545297) AND (k <= 6545397))

table 7 : explain SELECT k FROM sbtest7 WHERE k BETWEEN 6545297 AND 6545397
	Index Only Scan using k_7 on sbtest7  (cost=0.43..6.37 rows=97 width=4)
	  Index Cond: ((k >= 6545297) AND (k <= 6545397))

table 8 : explain SELECT k FROM sbtest8 WHERE k BETWEEN 6545297 AND 6545397
	Index Only Scan using k_8 on sbtest8  (cost=0.43..6.17 rows=87 width=4)
	  Index Cond: ((k >= 6545297) AND (k <= 6545397))

explain: for range-covered :: explain SELECT k FROM sbtest%d WHERE k BETWEEN 6545297 AND 6545397
for range-covered
table 1 : explain SELECT k FROM sbtest1 WHERE k BETWEEN 3341648 AND 3341748
	Index Only Scan using k_1 on sbtest1  (cost=0.43..6.61 rows=109 width=4)
	  Index Cond: ((k >= 3341648) AND (k <= 3341748))

table 2 : explain SELECT k FROM sbtest2 WHERE k BETWEEN 3341648 AND 3341748
	Index Only Scan using k_2 on sbtest2  (cost=0.43..6.67 rows=112 width=4)
	  Index Cond: ((k >= 3341648) AND (k <= 3341748))

table 3 : explain SELECT k FROM sbtest3 WHERE k BETWEEN 3341648 AND 3341748
	Index Only Scan using k_3 on sbtest3  (cost=0.43..6.29 rows=93 width=4)
	  Index Cond: ((k >= 3341648) AND (k <= 3341748))

table 4 : explain SELECT k FROM sbtest4 WHERE k BETWEEN 3341648 AND 3341748
	Index Only Scan using k_4 on sbtest4  (cost=0.43..6.42 rows=99 width=4)
	  Index Cond: ((k >= 3341648) AND (k <= 3341748))

table 5 : explain SELECT k FROM sbtest5 WHERE k BETWEEN 3341648 AND 3341748
	Index Only Scan using k_5 on sbtest5  (cost=0.43..6.51 rows=104 width=4)
	  Index Cond: ((k >= 3341648) AND (k <= 3341748))

table 6 : explain SELECT k FROM sbtest6 WHERE k BETWEEN 3341648 AND 3341748
	Index Only Scan using k_6 on sbtest6  (cost=0.43..6.56 rows=106 width=4)
	  Index Cond: ((k >= 3341648) AND (k <= 3341748))

table 7 : explain SELECT k FROM sbtest7 WHERE k BETWEEN 3341648 AND 3341748
	Index Only Scan using k_7 on sbtest7  (cost=0.43..6.53 rows=105 width=4)
	  Index Cond: ((k >= 3341648) AND (k <= 3341748))

table 8 : explain SELECT k FROM sbtest8 WHERE k BETWEEN 3341648 AND 3341748
	Index Only Scan using k_8 on sbtest8  (cost=0.43..6.32 rows=94 width=4)
	  Index Cond: ((k >= 3341648) AND (k <= 3341748))

for range-covered
table 1 : explain SELECT k FROM sbtest1 WHERE k BETWEEN 3996332 AND 3996432
	Index Only Scan using k_1 on sbtest1  (cost=0.43..6.45 rows=101 width=4)
	  Index Cond: ((k >= 3996332) AND (k <= 3996432))

table 2 : explain SELECT k FROM sbtest2 WHERE k BETWEEN 3996332 AND 3996432
	Index Only Scan using k_2 on sbtest2  (cost=0.43..6.25 rows=91 width=4)
	  Index Cond: ((k >= 3996332) AND (k <= 3996432))

table 3 : explain SELECT k FROM sbtest3 WHERE k BETWEEN 3996332 AND 3996432
	Index Only Scan using k_3 on sbtest3  (cost=0.43..6.63 rows=110 width=4)
	  Index Cond: ((k >= 3996332) AND (k <= 3996432))

table 4 : explain SELECT k FROM sbtest4 WHERE k BETWEEN 3996332 AND 3996432
	Index Only Scan using k_4 on sbtest4  (cost=0.43..6.53 rows=105 width=4)
	  Index Cond: ((k >= 3996332) AND (k <= 3996432))

table 5 : explain SELECT k FROM sbtest5 WHERE k BETWEEN 3996332 AND 3996432
	Index Only Scan using k_5 on sbtest5  (cost=0.43..6.63 rows=110 width=4)
	  Index Cond: ((k >= 3996332) AND (k <= 3996432))

table 6 : explain SELECT k FROM sbtest6 WHERE k BETWEEN 3996332 AND 3996432
	Index Only Scan using k_6 on sbtest6  (cost=0.43..6.47 rows=102 width=4)
	  Index Cond: ((k >= 3996332) AND (k <= 3996432))

table 7 : explain SELECT k FROM sbtest7 WHERE k BETWEEN 3996332 AND 3996432
	Index Only Scan using k_7 on sbtest7  (cost=0.43..6.42 rows=99 width=4)
	  Index Cond: ((k >= 3996332) AND (k <= 3996432))

table 8 : explain SELECT k FROM sbtest8 WHERE k BETWEEN 3996332 AND 3996432
	Index Only Scan using k_8 on sbtest8  (cost=0.43..6.50 rows=103 width=4)
	  Index Cond: ((k >= 3996332) AND (k <= 3996432))

explain: for range-covered :: explain SELECT k FROM sbtest%d WHERE k BETWEEN 3996332 AND 3996432
for range-covered
table 1 : explain SELECT k FROM sbtest1 WHERE k BETWEEN 2043395 AND 2043495
	Index Only Scan using k_1 on sbtest1  (cost=0.43..6.47 rows=102 width=4)
	  Index Cond: ((k >= 2043395) AND (k <= 2043495))

table 2 : explain SELECT k FROM sbtest2 WHERE k BETWEEN 2043395 AND 2043495
	Index Only Scan using k_2 on sbtest2  (cost=0.43..6.29 rows=93 width=4)
	  Index Cond: ((k >= 2043395) AND (k <= 2043495))

table 3 : explain SELECT k FROM sbtest3 WHERE k BETWEEN 2043395 AND 2043495
	Index Only Scan using k_3 on sbtest3  (cost=0.43..6.51 rows=104 width=4)
	  Index Cond: ((k >= 2043395) AND (k <= 2043495))

table 4 : explain SELECT k FROM sbtest4 WHERE k BETWEEN 2043395 AND 2043495
	Index Only Scan using k_4 on sbtest4  (cost=0.43..6.32 rows=94 width=4)
	  Index Cond: ((k >= 2043395) AND (k <= 2043495))

table 5 : explain SELECT k FROM sbtest5 WHERE k BETWEEN 2043395 AND 2043495
	Index Only Scan using k_5 on sbtest5  (cost=0.43..6.56 rows=106 width=4)
	  Index Cond: ((k >= 2043395) AND (k <= 2043495))

table 6 : explain SELECT k FROM sbtest6 WHERE k BETWEEN 2043395 AND 2043495
	Index Only Scan using k_6 on sbtest6  (cost=0.43..6.42 rows=99 width=4)
	  Index Cond: ((k >= 2043395) AND (k <= 2043495))

table 7 : explain SELECT k FROM sbtest7 WHERE k BETWEEN 2043395 AND 2043495
	Index Only Scan using k_7 on sbtest7  (cost=0.43..6.47 rows=102 width=4)
	  Index Cond: ((k >= 2043395) AND (k <= 2043495))

table 8 : explain SELECT k FROM sbtest8 WHERE k BETWEEN 2043395 AND 2043495
	Index Only Scan using k_8 on sbtest8  (cost=0.43..6.47 rows=102 width=4)
	  Index Cond: ((k >= 2043395) AND (k <= 2043495))

explain: for range-covered :: explain SELECT k FROM sbtest%d WHERE k BETWEEN 2043395 AND 2043495
for range-covered
table 1 : explain SELECT k FROM sbtest1 WHERE k BETWEEN 2070110 AND 2070210
	Index Only Scan using k_1 on sbtest1  (cost=0.43..6.47 rows=102 width=4)
	  Index Cond: ((k >= 2070110) AND (k <= 2070210))

table 2 : explain SELECT k FROM sbtest2 WHERE k BETWEEN 2070110 AND 2070210
	Index Only Scan using k_2 on sbtest2  (cost=0.43..6.29 rows=93 width=4)
	  Index Cond: ((k >= 2070110) AND (k <= 2070210))

table 3 : explain SELECT k FROM sbtest3 WHERE k BETWEEN 2070110 AND 2070210
	Index Only Scan using k_3 on sbtest3  (cost=0.43..6.51 rows=104 width=4)
	  Index Cond: ((k >= 2070110) AND (k <= 2070210))

table 4 : explain SELECT k FROM sbtest4 WHERE k BETWEEN 2070110 AND 2070210
	Index Only Scan using k_4 on sbtest4  (cost=0.43..6.32 rows=94 width=4)
	  Index Cond: ((k >= 2070110) AND (k <= 2070210))

table 5 : explain SELECT k FROM sbtest5 WHERE k BETWEEN 2070110 AND 2070210
	Index Only Scan using k_5 on sbtest5  (cost=0.43..6.56 rows=106 width=4)
	  Index Cond: ((k >= 2070110) AND (k <= 2070210))

table 6 : explain SELECT k FROM sbtest6 WHERE k BETWEEN 2070110 AND 2070210
	Index Only Scan using k_6 on sbtest6  (cost=0.43..6.42 rows=99 width=4)
	  Index Cond: ((k >= 2070110) AND (k <= 2070210))

table 7 : explain SELECT k FROM sbtest7 WHERE k BETWEEN 2070110 AND 2070210
	Index Only Scan using k_7 on sbtest7  (cost=0.43..6.47 rows=102 width=4)
	  Index Cond: ((k >= 2070110) AND (k <= 2070210))

table 8 : explain SELECT k FROM sbtest8 WHERE k BETWEEN 2070110 AND 2070210
	Index Only Scan using k_8 on sbtest8  (cost=0.43..6.47 rows=102 width=4)
	  Index Cond: ((k >= 2070110) AND (k <= 2070210))

explain: for range-covered :: explain SELECT k FROM sbtest%d WHERE k BETWEEN 2070110 AND 2070210
for range-covered
table 1 : explain SELECT k FROM sbtest1 WHERE k BETWEEN 9833044 AND 9833144
	Index Only Scan using k_1 on sbtest1  (cost=0.43..6.51 rows=104 width=4)
	  Index Cond: ((k >= 9833044) AND (k <= 9833144))

table 2 : explain SELECT k FROM sbtest2 WHERE k BETWEEN 9833044 AND 9833144
	Index Only Scan using k_2 on sbtest2  (cost=0.43..6.33 rows=95 width=4)
	  Index Cond: ((k >= 9833044) AND (k <= 9833144))

table 3 : explain SELECT k FROM sbtest3 WHERE k BETWEEN 9833044 AND 9833144
	Index Only Scan using k_3 on sbtest3  (cost=0.43..6.43 rows=100 width=4)
	  Index Cond: ((k >= 9833044) AND (k <= 9833144))

table 4 : explain SELECT k FROM sbtest4 WHERE k BETWEEN 9833044 AND 9833144
	Index Only Scan using k_4 on sbtest4  (cost=0.43..6.63 rows=110 width=4)
	  Index Cond: ((k >= 9833044) AND (k <= 9833144))

table 5 : explain SELECT k FROM sbtest5 WHERE k BETWEEN 9833044 AND 9833144
	Index Only Scan using k_5 on sbtest5  (cost=0.43..6.67 rows=112 width=4)
	  Index Cond: ((k >= 9833044) AND (k <= 9833144))

table 6 : explain SELECT k FROM sbtest6 WHERE k BETWEEN 9833044 AND 9833144
	Index Only Scan using k_6 on sbtest6  (cost=0.43..6.58 rows=107 width=4)
	  Index Cond: ((k >= 9833044) AND (k <= 9833144))

table 7 : explain SELECT k FROM sbtest7 WHERE k BETWEEN 9833044 AND 9833144
	Index Only Scan using k_7 on sbtest7  (cost=0.43..6.37 rows=97 width=4)
	  Index Cond: ((k >= 9833044) AND (k <= 9833144))

table 8 : explain SELECT k FROM sbtest8 WHERE k BETWEEN 9833044 AND 9833144
	Index Only Scan using k_8 on sbtest8  (cost=0.43..6.24 rows=90 width=4)
	  Index Cond: ((k >= 9833044) AND (k <= 9833144))

for range-covered
table 1 : explain SELECT k FROM sbtest1 WHERE k BETWEEN 2043395 AND 2043495
	Index Only Scan using k_1 on sbtest1  (cost=0.43..6.47 rows=102 width=4)
	  Index Cond: ((k >= 2043395) AND (k <= 2043495))

table 2 : explain SELECT k FROM sbtest2 WHERE k BETWEEN 2043395 AND 2043495
	Index Only Scan using k_2 on sbtest2  (cost=0.43..6.29 rows=93 width=4)
	  Index Cond: ((k >= 2043395) AND (k <= 2043495))

table 3 : explain SELECT k FROM sbtest3 WHERE k BETWEEN 2043395 AND 2043495
	Index Only Scan using k_3 on sbtest3  (cost=0.43..6.51 rows=104 width=4)
	  Index Cond: ((k >= 2043395) AND (k <= 2043495))

table 4 : explain SELECT k FROM sbtest4 WHERE k BETWEEN 2043395 AND 2043495
	Index Only Scan using k_4 on sbtest4  (cost=0.43..6.32 rows=94 width=4)
	  Index Cond: ((k >= 2043395) AND (k <= 2043495))

table 5 : explain SELECT k FROM sbtest5 WHERE k BETWEEN 2043395 AND 2043495
	Index Only Scan using k_5 on sbtest5  (cost=0.43..6.56 rows=106 width=4)
	  Index Cond: ((k >= 2043395) AND (k <= 2043495))

table 6 : explain SELECT k FROM sbtest6 WHERE k BETWEEN 2043395 AND 2043495
	Index Only Scan using k_6 on sbtest6  (cost=0.43..6.42 rows=99 width=4)
	  Index Cond: ((k >= 2043395) AND (k <= 2043495))

table 7 : explain SELECT k FROM sbtest7 WHERE k BETWEEN 2043395 AND 2043495
	Index Only Scan using k_7 on sbtest7  (cost=0.43..6.47 rows=102 width=4)
	  Index Cond: ((k >= 2043395) AND (k <= 2043495))

table 8 : explain SELECT k FROM sbtest8 WHERE k BETWEEN 2043395 AND 2043495
	Index Only Scan using k_8 on sbtest8  (cost=0.43..6.47 rows=102 width=4)
	  Index Cond: ((k >= 2043395) AND (k <= 2043495))

explain: for range-covered :: explain SELECT k FROM sbtest%d WHERE k BETWEEN 2043395 AND 2043495
for range-covered
table 1 : explain SELECT k FROM sbtest1 WHERE k BETWEEN 1870609 AND 1870709
	Index Only Scan using k_1 on sbtest1  (cost=0.43..6.37 rows=97 width=4)
	  Index Cond: ((k >= 1870609) AND (k <= 1870709))

table 2 : explain SELECT k FROM sbtest2 WHERE k BETWEEN 1870609 AND 1870709
	Index Only Scan using k_2 on sbtest2  (cost=0.43..6.47 rows=102 width=4)
	  Index Cond: ((k >= 1870609) AND (k <= 1870709))

table 3 : explain SELECT k FROM sbtest3 WHERE k BETWEEN 1870609 AND 1870709
	Index Only Scan using k_3 on sbtest3  (cost=0.43..6.37 rows=97 width=4)
	  Index Cond: ((k >= 1870609) AND (k <= 1870709))

table 4 : explain SELECT k FROM sbtest4 WHERE k BETWEEN 1870609 AND 1870709
	Index Only Scan using k_4 on sbtest4  (cost=0.43..6.43 rows=100 width=4)
	  Index Cond: ((k >= 1870609) AND (k <= 1870709))

table 5 : explain SELECT k FROM sbtest5 WHERE k BETWEEN 1870609 AND 1870709
	Index Only Scan using k_5 on sbtest5  (cost=0.43..6.50 rows=103 width=4)
	  Index Cond: ((k >= 1870609) AND (k <= 1870709))

table 6 : explain SELECT k FROM sbtest6 WHERE k BETWEEN 1870609 AND 1870709
	Index Only Scan using k_6 on sbtest6  (cost=0.43..6.67 rows=112 width=4)
	  Index Cond: ((k >= 1870609) AND (k <= 1870709))

table 7 : explain SELECT k FROM sbtest7 WHERE k BETWEEN 1870609 AND 1870709
	Index Only Scan using k_7 on sbtest7  (cost=0.43..6.56 rows=106 width=4)
	  Index Cond: ((k >= 1870609) AND (k <= 1870709))

table 8 : explain SELECT k FROM sbtest8 WHERE k BETWEEN 1870609 AND 1870709
	Index Only Scan using k_8 on sbtest8  (cost=0.43..6.40 rows=98 width=4)
	  Index Cond: ((k >= 1870609) AND (k <= 1870709))

explain: for range-covered :: explain SELECT k FROM sbtest%d WHERE k BETWEEN 1870609 AND 1870709
explain: for range-covered :: explain SELECT k FROM sbtest%d WHERE k BETWEEN 5624535 AND 5624635
for range-covered
table 1 : explain SELECT k FROM sbtest1 WHERE k BETWEEN 7886978 AND 7887078
	Index Only Scan using k_1 on sbtest1  (cost=0.43..6.61 rows=109 width=4)
	  Index Cond: ((k >= 7886978) AND (k <= 7887078))

table 2 : explain SELECT k FROM sbtest2 WHERE k BETWEEN 7886978 AND 7887078
	Index Only Scan using k_2 on sbtest2  (cost=0.43..6.56 rows=106 width=4)
	  Index Cond: ((k >= 7886978) AND (k <= 7887078))

table 3 : explain SELECT k FROM sbtest3 WHERE k BETWEEN 7886978 AND 7887078
	Index Only Scan using k_3 on sbtest3  (cost=0.43..6.42 rows=99 width=4)
	  Index Cond: ((k >= 7886978) AND (k <= 7887078))

table 4 : explain SELECT k FROM sbtest4 WHERE k BETWEEN 7886978 AND 7887078
	Index Only Scan using k_4 on sbtest4  (cost=0.43..6.40 rows=98 width=4)
	  Index Cond: ((k >= 7886978) AND (k <= 7887078))

table 5 : explain SELECT k FROM sbtest5 WHERE k BETWEEN 7886978 AND 7887078
	Index Only Scan using k_5 on sbtest5  (cost=0.43..6.50 rows=103 width=4)
	  Index Cond: ((k >= 7886978) AND (k <= 7887078))

table 6 : explain SELECT k FROM sbtest6 WHERE k BETWEEN 7886978 AND 7887078
	Index Only Scan using k_6 on sbtest6  (cost=0.43..6.43 rows=100 width=4)
	  Index Cond: ((k >= 7886978) AND (k <= 7887078))

table 7 : explain SELECT k FROM sbtest7 WHERE k BETWEEN 7886978 AND 7887078
	Index Only Scan using k_7 on sbtest7  (cost=0.43..6.81 rows=119 width=4)
	  Index Cond: ((k >= 7886978) AND (k <= 7887078))

table 8 : explain SELECT k FROM sbtest8 WHERE k BETWEEN 7886978 AND 7887078
	Index Only Scan using k_8 on sbtest8  (cost=0.43..6.72 rows=114 width=4)
	  Index Cond: ((k >= 7886978) AND (k <= 7887078))

explain: for range-covered :: explain SELECT k FROM sbtest%d WHERE k BETWEEN 7886978 AND 7887078
for range-covered
table 1 : explain SELECT k FROM sbtest1 WHERE k BETWEEN 2070110 AND 2070210
	Index Only Scan using k_1 on sbtest1  (cost=0.43..6.47 rows=102 width=4)
	  Index Cond: ((k >= 2070110) AND (k <= 2070210))

table 2 : explain SELECT k FROM sbtest2 WHERE k BETWEEN 2070110 AND 2070210
	Index Only Scan using k_2 on sbtest2  (cost=0.43..6.29 rows=93 width=4)
	  Index Cond: ((k >= 2070110) AND (k <= 2070210))

table 3 : explain SELECT k FROM sbtest3 WHERE k BETWEEN 2070110 AND 2070210
	Index Only Scan using k_3 on sbtest3  (cost=0.43..6.51 rows=104 width=4)
	  Index Cond: ((k >= 2070110) AND (k <= 2070210))

table 4 : explain SELECT k FROM sbtest4 WHERE k BETWEEN 2070110 AND 2070210
	Index Only Scan using k_4 on sbtest4  (cost=0.43..6.32 rows=94 width=4)
	  Index Cond: ((k >= 2070110) AND (k <= 2070210))

table 5 : explain SELECT k FROM sbtest5 WHERE k BETWEEN 2070110 AND 2070210
	Index Only Scan using k_5 on sbtest5  (cost=0.43..6.56 rows=106 width=4)
	  Index Cond: ((k >= 2070110) AND (k <= 2070210))

table 6 : explain SELECT k FROM sbtest6 WHERE k BETWEEN 2070110 AND 2070210
	Index Only Scan using k_6 on sbtest6  (cost=0.43..6.42 rows=99 width=4)
	  Index Cond: ((k >= 2070110) AND (k <= 2070210))

table 7 : explain SELECT k FROM sbtest7 WHERE k BETWEEN 2070110 AND 2070210
	Index Only Scan using k_7 on sbtest7  (cost=0.43..6.47 rows=102 width=4)
	  Index Cond: ((k >= 2070110) AND (k <= 2070210))

table 8 : explain SELECT k FROM sbtest8 WHERE k BETWEEN 2070110 AND 2070210
	Index Only Scan using k_8 on sbtest8  (cost=0.43..6.47 rows=102 width=4)
	  Index Cond: ((k >= 2070110) AND (k <= 2070210))

explain: for range-covered :: explain SELECT k FROM sbtest%d WHERE k BETWEEN 2070110 AND 2070210
for range-covered
table 1 : explain SELECT k FROM sbtest1 WHERE k BETWEEN 7644495 AND 7644595
	Index Only Scan using k_1 on sbtest1  (cost=0.43..6.50 rows=103 width=4)
	  Index Cond: ((k >= 7644495) AND (k <= 7644595))

table 2 : explain SELECT k FROM sbtest2 WHERE k BETWEEN 7644495 AND 7644595
	Index Only Scan using k_2 on sbtest2  (cost=0.43..6.50 rows=103 width=4)
	  Index Cond: ((k >= 7644495) AND (k <= 7644595))

table 3 : explain SELECT k FROM sbtest3 WHERE k BETWEEN 7644495 AND 7644595
	Index Only Scan using k_3 on sbtest3  (cost=0.43..6.53 rows=105 width=4)
	  Index Cond: ((k >= 7644495) AND (k <= 7644595))

table 4 : explain SELECT k FROM sbtest4 WHERE k BETWEEN 7644495 AND 7644595
	Index Only Scan using k_4 on sbtest4  (cost=0.43..6.45 rows=101 width=4)
	  Index Cond: ((k >= 7644495) AND (k <= 7644595))

table 5 : explain SELECT k FROM sbtest5 WHERE k BETWEEN 7644495 AND 7644595
	Index Only Scan using k_5 on sbtest5  (cost=0.43..6.58 rows=107 width=4)
	  Index Cond: ((k >= 7644495) AND (k <= 7644595))

table 6 : explain SELECT k FROM sbtest6 WHERE k BETWEEN 7644495 AND 7644595
	Index Only Scan using k_6 on sbtest6  (cost=0.43..6.50 rows=103 width=4)
	  Index Cond: ((k >= 7644495) AND (k <= 7644595))

table 7 : explain SELECT k FROM sbtest7 WHERE k BETWEEN 7644495 AND 7644595
	Index Only Scan using k_7 on sbtest7  (cost=0.43..6.45 rows=101 width=4)
	  Index Cond: ((k >= 7644495) AND (k <= 7644595))

table 8 : explain SELECT k FROM sbtest8 WHERE k BETWEEN 7644495 AND 7644595
	Index Only Scan using k_8 on sbtest8  (cost=0.43..6.51 rows=104 width=4)
	  Index Cond: ((k >= 7644495) AND (k <= 7644595))

for range-covered
table 1 : explain SELECT k FROM sbtest1 WHERE k BETWEEN 1870609 AND 1870709
	Index Only Scan using k_1 on sbtest1  (cost=0.43..6.37 rows=97 width=4)
	  Index Cond: ((k >= 1870609) AND (k <= 1870709))

table 2 : explain SELECT k FROM sbtest2 WHERE k BETWEEN 1870609 AND 1870709
	Index Only Scan using k_2 on sbtest2  (cost=0.43..6.47 rows=102 width=4)
	  Index Cond: ((k >= 1870609) AND (k <= 1870709))

table 3 : explain SELECT k FROM sbtest3 WHERE k BETWEEN 1870609 AND 1870709
	Index Only Scan using k_3 on sbtest3  (cost=0.43..6.37 rows=97 width=4)
	  Index Cond: ((k >= 1870609) AND (k <= 1870709))

table 4 : explain SELECT k FROM sbtest4 WHERE k BETWEEN 1870609 AND 1870709
	Index Only Scan using k_4 on sbtest4  (cost=0.43..6.43 rows=100 width=4)
	  Index Cond: ((k >= 1870609) AND (k <= 1870709))

table 5 : explain SELECT k FROM sbtest5 WHERE k BETWEEN 1870609 AND 1870709
	Index Only Scan using k_5 on sbtest5  (cost=0.43..6.50 rows=103 width=4)
	  Index Cond: ((k >= 1870609) AND (k <= 1870709))

table 6 : explain SELECT k FROM sbtest6 WHERE k BETWEEN 1870609 AND 1870709
	Index Only Scan using k_6 on sbtest6  (cost=0.43..6.67 rows=112 width=4)
	  Index Cond: ((k >= 1870609) AND (k <= 1870709))

table 7 : explain SELECT k FROM sbtest7 WHERE k BETWEEN 1870609 AND 1870709
	Index Only Scan using k_7 on sbtest7  (cost=0.43..6.56 rows=106 width=4)
	  Index Cond: ((k >= 1870609) AND (k <= 1870709))

table 8 : explain SELECT k FROM sbtest8 WHERE k BETWEEN 1870609 AND 1870709
	Index Only Scan using k_8 on sbtest8  (cost=0.43..6.40 rows=98 width=4)
	  Index Cond: ((k >= 1870609) AND (k <= 1870709))

explain: for range-covered :: explain SELECT k FROM sbtest%d WHERE k BETWEEN 1870609 AND 1870709
for range-covered
table 1 : explain SELECT k FROM sbtest1 WHERE k BETWEEN 3996332 AND 3996432
	Index Only Scan using k_1 on sbtest1  (cost=0.43..6.45 rows=101 width=4)
	  Index Cond: ((k >= 3996332) AND (k <= 3996432))

table 2 : explain SELECT k FROM sbtest2 WHERE k BETWEEN 3996332 AND 3996432
	Index Only Scan using k_2 on sbtest2  (cost=0.43..6.25 rows=91 width=4)
	  Index Cond: ((k >= 3996332) AND (k <= 3996432))

table 3 : explain SELECT k FROM sbtest3 WHERE k BETWEEN 3996332 AND 3996432
	Index Only Scan using k_3 on sbtest3  (cost=0.43..6.63 rows=110 width=4)
	  Index Cond: ((k >= 3996332) AND (k <= 3996432))

table 4 : explain SELECT k FROM sbtest4 WHERE k BETWEEN 3996332 AND 3996432
	Index Only Scan using k_4 on sbtest4  (cost=0.43..6.53 rows=105 width=4)
	  Index Cond: ((k >= 3996332) AND (k <= 3996432))

table 5 : explain SELECT k FROM sbtest5 WHERE k BETWEEN 3996332 AND 3996432
	Index Only Scan using k_5 on sbtest5  (cost=0.43..6.63 rows=110 width=4)
	  Index Cond: ((k >= 3996332) AND (k <= 3996432))

table 6 : explain SELECT k FROM sbtest6 WHERE k BETWEEN 3996332 AND 3996432
	Index Only Scan using k_6 on sbtest6  (cost=0.43..6.47 rows=102 width=4)
	  Index Cond: ((k >= 3996332) AND (k <= 3996432))

table 7 : explain SELECT k FROM sbtest7 WHERE k BETWEEN 3996332 AND 3996432
	Index Only Scan using k_7 on sbtest7  (cost=0.43..6.42 rows=99 width=4)
	  Index Cond: ((k >= 3996332) AND (k <= 3996432))

table 8 : explain SELECT k FROM sbtest8 WHERE k BETWEEN 3996332 AND 3996432
	Index Only Scan using k_8 on sbtest8  (cost=0.43..6.50 rows=103 width=4)
	  Index Cond: ((k >= 3996332) AND (k <= 3996432))

for range-covered
table 1 : explain SELECT k FROM sbtest1 WHERE k BETWEEN 1870609 AND 1870709
	Index Only Scan using k_1 on sbtest1  (cost=0.43..6.37 rows=97 width=4)
	  Index Cond: ((k >= 1870609) AND (k <= 1870709))

table 2 : explain SELECT k FROM sbtest2 WHERE k BETWEEN 1870609 AND 1870709
	Index Only Scan using k_2 on sbtest2  (cost=0.43..6.47 rows=102 width=4)
	  Index Cond: ((k >= 1870609) AND (k <= 1870709))

table 3 : explain SELECT k FROM sbtest3 WHERE k BETWEEN 1870609 AND 1870709
	Index Only Scan using k_3 on sbtest3  (cost=0.43..6.37 rows=97 width=4)
	  Index Cond: ((k >= 1870609) AND (k <= 1870709))

table 4 : explain SELECT k FROM sbtest4 WHERE k BETWEEN 1870609 AND 1870709
	Index Only Scan using k_4 on sbtest4  (cost=0.43..6.43 rows=100 width=4)
	  Index Cond: ((k >= 1870609) AND (k <= 1870709))

table 5 : explain SELECT k FROM sbtest5 WHERE k BETWEEN 1870609 AND 1870709
	Index Only Scan using k_5 on sbtest5  (cost=0.43..6.50 rows=103 width=4)
	  Index Cond: ((k >= 1870609) AND (k <= 1870709))

table 6 : explain SELECT k FROM sbtest6 WHERE k BETWEEN 1870609 AND 1870709
	Index Only Scan using k_6 on sbtest6  (cost=0.43..6.67 rows=112 width=4)
	  Index Cond: ((k >= 1870609) AND (k <= 1870709))

table 7 : explain SELECT k FROM sbtest7 WHERE k BETWEEN 1870609 AND 1870709
	Index Only Scan using k_7 on sbtest7  (cost=0.43..6.56 rows=106 width=4)
	  Index Cond: ((k >= 1870609) AND (k <= 1870709))

table 8 : explain SELECT k FROM sbtest8 WHERE k BETWEEN 1870609 AND 1870709
	Index Only Scan using k_8 on sbtest8  (cost=0.43..6.40 rows=98 width=4)
	  Index Cond: ((k >= 1870609) AND (k <= 1870709))

for range-covered
table 1 : explain SELECT k FROM sbtest1 WHERE k BETWEEN 2043395 AND 2043495
	Index Only Scan using k_1 on sbtest1  (cost=0.43..6.47 rows=102 width=4)
	  Index Cond: ((k >= 2043395) AND (k <= 2043495))

table 2 : explain SELECT k FROM sbtest2 WHERE k BETWEEN 2043395 AND 2043495
	Index Only Scan using k_2 on sbtest2  (cost=0.43..6.29 rows=93 width=4)
	  Index Cond: ((k >= 2043395) AND (k <= 2043495))

table 3 : explain SELECT k FROM sbtest3 WHERE k BETWEEN 2043395 AND 2043495
	Index Only Scan using k_3 on sbtest3  (cost=0.43..6.51 rows=104 width=4)
	  Index Cond: ((k >= 2043395) AND (k <= 2043495))

table 4 : explain SELECT k FROM sbtest4 WHERE k BETWEEN 2043395 AND 2043495
	Index Only Scan using k_4 on sbtest4  (cost=0.43..6.32 rows=94 width=4)
	  Index Cond: ((k >= 2043395) AND (k <= 2043495))

table 5 : explain SELECT k FROM sbtest5 WHERE k BETWEEN 2043395 AND 2043495
	Index Only Scan using k_5 on sbtest5  (cost=0.43..6.56 rows=106 width=4)
	  Index Cond: ((k >= 2043395) AND (k <= 2043495))

table 6 : explain SELECT k FROM sbtest6 WHERE k BETWEEN 2043395 AND 2043495
	Index Only Scan using k_6 on sbtest6  (cost=0.43..6.42 rows=99 width=4)
	  Index Cond: ((k >= 2043395) AND (k <= 2043495))

table 7 : explain SELECT k FROM sbtest7 WHERE k BETWEEN 2043395 AND 2043495
	Index Only Scan using k_7 on sbtest7  (cost=0.43..6.47 rows=102 width=4)
	  Index Cond: ((k >= 2043395) AND (k <= 2043495))

table 8 : explain SELECT k FROM sbtest8 WHERE k BETWEEN 2043395 AND 2043495
	Index Only Scan using k_8 on sbtest8  (cost=0.43..6.47 rows=102 width=4)
	  Index Cond: ((k >= 2043395) AND (k <= 2043495))

explain: for range-covered :: explain SELECT k FROM sbtest%d WHERE k BETWEEN 1870609 AND 1870709
explain: for range-covered :: explain SELECT k FROM sbtest%d WHERE k BETWEEN 2043395 AND 2043495
for range-covered
table 1 : explain SELECT k FROM sbtest1 WHERE k BETWEEN 7886978 AND 7887078
	Index Only Scan using k_1 on sbtest1  (cost=0.43..6.61 rows=109 width=4)
	  Index Cond: ((k >= 7886978) AND (k <= 7887078))

table 2 : explain SELECT k FROM sbtest2 WHERE k BETWEEN 7886978 AND 7887078
	Index Only Scan using k_2 on sbtest2  (cost=0.43..6.56 rows=106 width=4)
	  Index Cond: ((k >= 7886978) AND (k <= 7887078))

table 3 : explain SELECT k FROM sbtest3 WHERE k BETWEEN 7886978 AND 7887078
	Index Only Scan using k_3 on sbtest3  (cost=0.43..6.42 rows=99 width=4)
	  Index Cond: ((k >= 7886978) AND (k <= 7887078))

table 4 : explain SELECT k FROM sbtest4 WHERE k BETWEEN 7886978 AND 7887078
	Index Only Scan using k_4 on sbtest4  (cost=0.43..6.40 rows=98 width=4)
	  Index Cond: ((k >= 7886978) AND (k <= 7887078))

table 5 : explain SELECT k FROM sbtest5 WHERE k BETWEEN 7886978 AND 7887078
	Index Only Scan using k_5 on sbtest5  (cost=0.43..6.50 rows=103 width=4)
	  Index Cond: ((k >= 7886978) AND (k <= 7887078))

table 6 : explain SELECT k FROM sbtest6 WHERE k BETWEEN 7886978 AND 7887078
	Index Only Scan using k_6 on sbtest6  (cost=0.43..6.43 rows=100 width=4)
	  Index Cond: ((k >= 7886978) AND (k <= 7887078))

table 7 : explain SELECT k FROM sbtest7 WHERE k BETWEEN 7886978 AND 7887078
	Index Only Scan using k_7 on sbtest7  (cost=0.43..6.81 rows=119 width=4)
	  Index Cond: ((k >= 7886978) AND (k <= 7887078))

table 8 : explain SELECT k FROM sbtest8 WHERE k BETWEEN 7886978 AND 7887078
	Index Only Scan using k_8 on sbtest8  (cost=0.43..6.72 rows=114 width=4)
	  Index Cond: ((k >= 7886978) AND (k <= 7887078))

explain: for range-covered :: explain SELECT k FROM sbtest%d WHERE k BETWEEN 7886978 AND 7887078
for range-covered
table 1 : explain SELECT k FROM sbtest1 WHERE k BETWEEN 5615802 AND 5615902
	Index Only Scan using k_1 on sbtest1  (cost=0.43..6.47 rows=102 width=4)
	  Index Cond: ((k >= 5615802) AND (k <= 5615902))

table 2 : explain SELECT k FROM sbtest2 WHERE k BETWEEN 5615802 AND 5615902
	Index Only Scan using k_2 on sbtest2  (cost=0.43..6.32 rows=94 width=4)
	  Index Cond: ((k >= 5615802) AND (k <= 5615902))

table 3 : explain SELECT k FROM sbtest3 WHERE k BETWEEN 5615802 AND 5615902
	Index Only Scan using k_3 on sbtest3  (cost=0.43..6.47 rows=102 width=4)
	  Index Cond: ((k >= 5615802) AND (k <= 5615902))

table 4 : explain SELECT k FROM sbtest4 WHERE k BETWEEN 5615802 AND 5615902
	Index Only Scan using k_4 on sbtest4  (cost=0.43..6.47 rows=102 width=4)
	  Index Cond: ((k >= 5615802) AND (k <= 5615902))

table 5 : explain SELECT k FROM sbtest5 WHERE k BETWEEN 5615802 AND 5615902
	Index Only Scan using k_5 on sbtest5  (cost=0.43..6.59 rows=108 width=4)
	  Index Cond: ((k >= 5615802) AND (k <= 5615902))

table 6 : explain SELECT k FROM sbtest6 WHERE k BETWEEN 5615802 AND 5615902
	Index Only Scan using k_6 on sbtest6  (cost=0.43..6.40 rows=98 width=4)
	  Index Cond: ((k >= 5615802) AND (k <= 5615902))

table 7 : explain SELECT k FROM sbtest7 WHERE k BETWEEN 5615802 AND 5615902
	Index Only Scan using k_7 on sbtest7  (cost=0.43..6.43 rows=100 width=4)
	  Index Cond: ((k >= 5615802) AND (k <= 5615902))

table 8 : explain SELECT k FROM sbtest8 WHERE k BETWEEN 5615802 AND 5615902
	Index Only Scan using k_8 on sbtest8  (cost=0.43..6.35 rows=96 width=4)
	  Index Cond: ((k >= 5615802) AND (k <= 5615902))

for range-covered
table 1 : explain SELECT k FROM sbtest1 WHERE k BETWEEN 1870609 AND 1870709
	Index Only Scan using k_1 on sbtest1  (cost=0.43..6.37 rows=97 width=4)
	  Index Cond: ((k >= 1870609) AND (k <= 1870709))

table 2 : explain SELECT k FROM sbtest2 WHERE k BETWEEN 1870609 AND 1870709
	Index Only Scan using k_2 on sbtest2  (cost=0.43..6.47 rows=102 width=4)
	  Index Cond: ((k >= 1870609) AND (k <= 1870709))

table 3 : explain SELECT k FROM sbtest3 WHERE k BETWEEN 1870609 AND 1870709
	Index Only Scan using k_3 on sbtest3  (cost=0.43..6.37 rows=97 width=4)
	  Index Cond: ((k >= 1870609) AND (k <= 1870709))

table 4 : explain SELECT k FROM sbtest4 WHERE k BETWEEN 1870609 AND 1870709
	Index Only Scan using k_4 on sbtest4  (cost=0.43..6.43 rows=100 width=4)
	  Index Cond: ((k >= 1870609) AND (k <= 1870709))

table 5 : explain SELECT k FROM sbtest5 WHERE k BETWEEN 1870609 AND 1870709
	Index Only Scan using k_5 on sbtest5  (cost=0.43..6.50 rows=103 width=4)
	  Index Cond: ((k >= 1870609) AND (k <= 1870709))

table 6 : explain SELECT k FROM sbtest6 WHERE k BETWEEN 1870609 AND 1870709
	Index Only Scan using k_6 on sbtest6  (cost=0.43..6.67 rows=112 width=4)
	  Index Cond: ((k >= 1870609) AND (k <= 1870709))

table 7 : explain SELECT k FROM sbtest7 WHERE k BETWEEN 1870609 AND 1870709
	Index Only Scan using k_7 on sbtest7  (cost=0.43..6.56 rows=106 width=4)
	  Index Cond: ((k >= 1870609) AND (k <= 1870709))

table 8 : explain SELECT k FROM sbtest8 WHERE k BETWEEN 1870609 AND 1870709
	Index Only Scan using k_8 on sbtest8  (cost=0.43..6.40 rows=98 width=4)
	  Index Cond: ((k >= 1870609) AND (k <= 1870709))

explain: for range-covered :: explain SELECT k FROM sbtest%d WHERE k BETWEEN 1870609 AND 1870709
for range-covered
table 1 : explain SELECT k FROM sbtest1 WHERE k BETWEEN 6545297 AND 6545397
	Index Only Scan using k_1 on sbtest1  (cost=0.43..6.47 rows=102 width=4)
	  Index Cond: ((k >= 6545297) AND (k <= 6545397))

table 2 : explain SELECT k FROM sbtest2 WHERE k BETWEEN 6545297 AND 6545397
	Index Only Scan using k_2 on sbtest2  (cost=0.43..6.42 rows=99 width=4)
	  Index Cond: ((k >= 6545297) AND (k <= 6545397))

table 3 : explain SELECT k FROM sbtest3 WHERE k BETWEEN 6545297 AND 6545397
	Index Only Scan using k_3 on sbtest3  (cost=0.43..6.53 rows=105 width=4)
	  Index Cond: ((k >= 6545297) AND (k <= 6545397))

table 4 : explain SELECT k FROM sbtest4 WHERE k BETWEEN 6545297 AND 6545397
	Index Only Scan using k_4 on sbtest4  (cost=0.43..6.43 rows=100 width=4)
	  Index Cond: ((k >= 6545297) AND (k <= 6545397))

table 5 : explain SELECT k FROM sbtest5 WHERE k BETWEEN 6545297 AND 6545397
	Index Only Scan using k_5 on sbtest5  (cost=0.43..6.33 rows=95 width=4)
	  Index Cond: ((k >= 6545297) AND (k <= 6545397))

table 6 : explain SELECT k FROM sbtest6 WHERE k BETWEEN 6545297 AND 6545397
	Index Only Scan using k_6 on sbtest6  (cost=0.43..6.43 rows=100 width=4)
	  Index Cond: ((k >= 6545297) AND (k <= 6545397))

table 7 : explain SELECT k FROM sbtest7 WHERE k BETWEEN 6545297 AND 6545397
	Index Only Scan using k_7 on sbtest7  (cost=0.43..6.37 rows=97 width=4)
	  Index Cond: ((k >= 6545297) AND (k <= 6545397))

table 8 : explain SELECT k FROM sbtest8 WHERE k BETWEEN 6545297 AND 6545397
	Index Only Scan using k_8 on sbtest8  (cost=0.43..6.17 rows=87 width=4)
	  Index Cond: ((k >= 6545297) AND (k <= 6545397))

for range-covered
table 1 : explain SELECT k FROM sbtest1 WHERE k BETWEEN 7886978 AND 7887078
	Index Only Scan using k_1 on sbtest1  (cost=0.43..6.61 rows=109 width=4)
	  Index Cond: ((k >= 7886978) AND (k <= 7887078))

table 2 : explain SELECT k FROM sbtest2 WHERE k BETWEEN 7886978 AND 7887078
	Index Only Scan using k_2 on sbtest2  (cost=0.43..6.56 rows=106 width=4)
	  Index Cond: ((k >= 7886978) AND (k <= 7887078))

table 3 : explain SELECT k FROM sbtest3 WHERE k BETWEEN 7886978 AND 7887078
	Index Only Scan using k_3 on sbtest3  (cost=0.43..6.42 rows=99 width=4)
	  Index Cond: ((k >= 7886978) AND (k <= 7887078))

table 4 : explain SELECT k FROM sbtest4 WHERE k BETWEEN 7886978 AND 7887078
	Index Only Scan using k_4 on sbtest4  (cost=0.43..6.40 rows=98 width=4)
	  Index Cond: ((k >= 7886978) AND (k <= 7887078))

table 5 : explain SELECT k FROM sbtest5 WHERE k BETWEEN 7886978 AND 7887078
	Index Only Scan using k_5 on sbtest5  (cost=0.43..6.50 rows=103 width=4)
	  Index Cond: ((k >= 7886978) AND (k <= 7887078))

table 6 : explain SELECT k FROM sbtest6 WHERE k BETWEEN 7886978 AND 7887078
	Index Only Scan using k_6 on sbtest6  (cost=0.43..6.43 rows=100 width=4)
	  Index Cond: ((k >= 7886978) AND (k <= 7887078))

table 7 : explain SELECT k FROM sbtest7 WHERE k BETWEEN 7886978 AND 7887078
	Index Only Scan using k_7 on sbtest7  (cost=0.43..6.81 rows=119 width=4)
	  Index Cond: ((k >= 7886978) AND (k <= 7887078))

table 8 : explain SELECT k FROM sbtest8 WHERE k BETWEEN 7886978 AND 7887078
	Index Only Scan using k_8 on sbtest8  (cost=0.43..6.72 rows=114 width=4)
	  Index Cond: ((k >= 7886978) AND (k <= 7887078))

explain: for range-covered :: explain SELECT k FROM sbtest%d WHERE k BETWEEN 7886978 AND 7887078
for range-covered
table 1 : explain SELECT k FROM sbtest1 WHERE k BETWEEN 2070110 AND 2070210
	Index Only Scan using k_1 on sbtest1  (cost=0.43..6.47 rows=102 width=4)
	  Index Cond: ((k >= 2070110) AND (k <= 2070210))

table 2 : explain SELECT k FROM sbtest2 WHERE k BETWEEN 2070110 AND 2070210
	Index Only Scan using k_2 on sbtest2  (cost=0.43..6.29 rows=93 width=4)
	  Index Cond: ((k >= 2070110) AND (k <= 2070210))

table 3 : explain SELECT k FROM sbtest3 WHERE k BETWEEN 2070110 AND 2070210
	Index Only Scan using k_3 on sbtest3  (cost=0.43..6.51 rows=104 width=4)
	  Index Cond: ((k >= 2070110) AND (k <= 2070210))

table 4 : explain SELECT k FROM sbtest4 WHERE k BETWEEN 2070110 AND 2070210
	Index Only Scan using k_4 on sbtest4  (cost=0.43..6.32 rows=94 width=4)
	  Index Cond: ((k >= 2070110) AND (k <= 2070210))

table 5 : explain SELECT k FROM sbtest5 WHERE k BETWEEN 2070110 AND 2070210
	Index Only Scan using k_5 on sbtest5  (cost=0.43..6.56 rows=106 width=4)
	  Index Cond: ((k >= 2070110) AND (k <= 2070210))

table 6 : explain SELECT k FROM sbtest6 WHERE k BETWEEN 2070110 AND 2070210
	Index Only Scan using k_6 on sbtest6  (cost=0.43..6.42 rows=99 width=4)
	  Index Cond: ((k >= 2070110) AND (k <= 2070210))

table 7 : explain SELECT k FROM sbtest7 WHERE k BETWEEN 2070110 AND 2070210
	Index Only Scan using k_7 on sbtest7  (cost=0.43..6.47 rows=102 width=4)
	  Index Cond: ((k >= 2070110) AND (k <= 2070210))

table 8 : explain SELECT k FROM sbtest8 WHERE k BETWEEN 2070110 AND 2070210
	Index Only Scan using k_8 on sbtest8  (cost=0.43..6.47 rows=102 width=4)
	  Index Cond: ((k >= 2070110) AND (k <= 2070210))

explain: for range-covered :: explain SELECT k FROM sbtest%d WHERE k BETWEEN 2070110 AND 2070210
for range-covered
table 1 : explain SELECT k FROM sbtest1 WHERE k BETWEEN 1870609 AND 1870709
	Index Only Scan using k_1 on sbtest1  (cost=0.43..6.37 rows=97 width=4)
	  Index Cond: ((k >= 1870609) AND (k <= 1870709))

table 2 : explain SELECT k FROM sbtest2 WHERE k BETWEEN 1870609 AND 1870709
	Index Only Scan using k_2 on sbtest2  (cost=0.43..6.47 rows=102 width=4)
	  Index Cond: ((k >= 1870609) AND (k <= 1870709))

table 3 : explain SELECT k FROM sbtest3 WHERE k BETWEEN 1870609 AND 1870709
	Index Only Scan using k_3 on sbtest3  (cost=0.43..6.37 rows=97 width=4)
	  Index Cond: ((k >= 1870609) AND (k <= 1870709))

table 4 : explain SELECT k FROM sbtest4 WHERE k BETWEEN 1870609 AND 1870709
	Index Only Scan using k_4 on sbtest4  (cost=0.43..6.43 rows=100 width=4)
	  Index Cond: ((k >= 1870609) AND (k <= 1870709))

table 5 : explain SELECT k FROM sbtest5 WHERE k BETWEEN 1870609 AND 1870709
	Index Only Scan using k_5 on sbtest5  (cost=0.43..6.50 rows=103 width=4)
	  Index Cond: ((k >= 1870609) AND (k <= 1870709))

table 6 : explain SELECT k FROM sbtest6 WHERE k BETWEEN 1870609 AND 1870709
	Index Only Scan using k_6 on sbtest6  (cost=0.43..6.67 rows=112 width=4)
	  Index Cond: ((k >= 1870609) AND (k <= 1870709))

table 7 : explain SELECT k FROM sbtest7 WHERE k BETWEEN 1870609 AND 1870709
	Index Only Scan using k_7 on sbtest7  (cost=0.43..6.56 rows=106 width=4)
	  Index Cond: ((k >= 1870609) AND (k <= 1870709))

table 8 : explain SELECT k FROM sbtest8 WHERE k BETWEEN 1870609 AND 1870709
	Index Only Scan using k_8 on sbtest8  (cost=0.43..6.40 rows=98 width=4)
	  Index Cond: ((k >= 1870609) AND (k <= 1870709))

explain: for range-covered :: explain SELECT k FROM sbtest%d WHERE k BETWEEN 4993529 AND 4993629
explain: for range-covered :: explain SELECT k FROM sbtest%d WHERE k BETWEEN 1870609 AND 1870709
explain: for range-covered :: explain SELECT k FROM sbtest%d WHERE k BETWEEN 5914471 AND 5914571
explain: for range-covered :: explain SELECT k FROM sbtest%d WHERE k BETWEEN 1558482 AND 1558582
for range-covered
table 1 : explain SELECT k FROM sbtest1 WHERE k BETWEEN 2070110 AND 2070210
	Index Only Scan using k_1 on sbtest1  (cost=0.43..6.47 rows=102 width=4)
	  Index Cond: ((k >= 2070110) AND (k <= 2070210))

table 2 : explain SELECT k FROM sbtest2 WHERE k BETWEEN 2070110 AND 2070210
	Index Only Scan using k_2 on sbtest2  (cost=0.43..6.29 rows=93 width=4)
	  Index Cond: ((k >= 2070110) AND (k <= 2070210))

table 3 : explain SELECT k FROM sbtest3 WHERE k BETWEEN 2070110 AND 2070210
	Index Only Scan using k_3 on sbtest3  (cost=0.43..6.51 rows=104 width=4)
	  Index Cond: ((k >= 2070110) AND (k <= 2070210))

table 4 : explain SELECT k FROM sbtest4 WHERE k BETWEEN 2070110 AND 2070210
	Index Only Scan using k_4 on sbtest4  (cost=0.43..6.32 rows=94 width=4)
	  Index Cond: ((k >= 2070110) AND (k <= 2070210))

table 5 : explain SELECT k FROM sbtest5 WHERE k BETWEEN 2070110 AND 2070210
	Index Only Scan using k_5 on sbtest5  (cost=0.43..6.56 rows=106 width=4)
	  Index Cond: ((k >= 2070110) AND (k <= 2070210))

table 6 : explain SELECT k FROM sbtest6 WHERE k BETWEEN 2070110 AND 2070210
	Index Only Scan using k_6 on sbtest6  (cost=0.43..6.42 rows=99 width=4)
	  Index Cond: ((k >= 2070110) AND (k <= 2070210))

table 7 : explain SELECT k FROM sbtest7 WHERE k BETWEEN 2070110 AND 2070210
	Index Only Scan using k_7 on sbtest7  (cost=0.43..6.47 rows=102 width=4)
	  Index Cond: ((k >= 2070110) AND (k <= 2070210))

table 8 : explain SELECT k FROM sbtest8 WHERE k BETWEEN 2070110 AND 2070210
	Index Only Scan using k_8 on sbtest8  (cost=0.43..6.47 rows=102 width=4)
	  Index Cond: ((k >= 2070110) AND (k <= 2070210))

explain: for range-covered :: explain SELECT k FROM sbtest%d WHERE k BETWEEN 2070110 AND 2070210
explain: for range-covered :: explain SELECT k FROM sbtest%d WHERE k BETWEEN 4712120 AND 4712220
for range-covered
table 1 : explain SELECT k FROM sbtest1 WHERE k BETWEEN 2070110 AND 2070210
	Index Only Scan using k_1 on sbtest1  (cost=0.43..6.47 rows=102 width=4)
	  Index Cond: ((k >= 2070110) AND (k <= 2070210))

table 2 : explain SELECT k FROM sbtest2 WHERE k BETWEEN 2070110 AND 2070210
	Index Only Scan using k_2 on sbtest2  (cost=0.43..6.29 rows=93 width=4)
	  Index Cond: ((k >= 2070110) AND (k <= 2070210))

table 3 : explain SELECT k FROM sbtest3 WHERE k BETWEEN 2070110 AND 2070210
	Index Only Scan using k_3 on sbtest3  (cost=0.43..6.51 rows=104 width=4)
	  Index Cond: ((k >= 2070110) AND (k <= 2070210))

table 4 : explain SELECT k FROM sbtest4 WHERE k BETWEEN 2070110 AND 2070210
	Index Only Scan using k_4 on sbtest4  (cost=0.43..6.32 rows=94 width=4)
	  Index Cond: ((k >= 2070110) AND (k <= 2070210))

table 5 : explain SELECT k FROM sbtest5 WHERE k BETWEEN 2070110 AND 2070210
	Index Only Scan using k_5 on sbtest5  (cost=0.43..6.56 rows=106 width=4)
	  Index Cond: ((k >= 2070110) AND (k <= 2070210))

table 6 : explain SELECT k FROM sbtest6 WHERE k BETWEEN 2070110 AND 2070210
	Index Only Scan using k_6 on sbtest6  (cost=0.43..6.42 rows=99 width=4)
	  Index Cond: ((k >= 2070110) AND (k <= 2070210))

table 7 : explain SELECT k FROM sbtest7 WHERE k BETWEEN 2070110 AND 2070210
	Index Only Scan using k_7 on sbtest7  (cost=0.43..6.47 rows=102 width=4)
	  Index Cond: ((k >= 2070110) AND (k <= 2070210))

table 8 : explain SELECT k FROM sbtest8 WHERE k BETWEEN 2070110 AND 2070210
	Index Only Scan using k_8 on sbtest8  (cost=0.43..6.47 rows=102 width=4)
	  Index Cond: ((k >= 2070110) AND (k <= 2070210))

explain: for range-covered :: explain SELECT k FROM sbtest%d WHERE k BETWEEN 2070110 AND 2070210
for range-covered
table 1 : explain SELECT k FROM sbtest1 WHERE k BETWEEN 4993529 AND 4993629
	Index Only Scan using k_1 on sbtest1  (cost=0.43..6.51 rows=104 width=4)
	  Index Cond: ((k >= 4993529) AND (k <= 4993629))

table 2 : explain SELECT k FROM sbtest2 WHERE k BETWEEN 4993529 AND 4993629
	Index Only Scan using k_2 on sbtest2  (cost=0.43..6.56 rows=106 width=4)
	  Index Cond: ((k >= 4993529) AND (k <= 4993629))

table 3 : explain SELECT k FROM sbtest3 WHERE k BETWEEN 4993529 AND 4993629
	Index Only Scan using k_3 on sbtest3  (cost=0.43..6.21 rows=89 width=4)
	  Index Cond: ((k >= 4993529) AND (k <= 4993629))

table 4 : explain SELECT k FROM sbtest4 WHERE k BETWEEN 4993529 AND 4993629
	Index Only Scan using k_4 on sbtest4  (cost=0.43..6.47 rows=102 width=4)
	  Index Cond: ((k >= 4993529) AND (k <= 4993629))

table 5 : explain SELECT k FROM sbtest5 WHERE k BETWEEN 4993529 AND 4993629
	Index Only Scan using k_5 on sbtest5  (cost=0.43..6.53 rows=105 width=4)
	  Index Cond: ((k >= 4993529) AND (k <= 4993629))

table 6 : explain SELECT k FROM sbtest6 WHERE k BETWEEN 4993529 AND 4993629
	Index Only Scan using k_6 on sbtest6  (cost=0.43..6.51 rows=104 width=4)
	  Index Cond: ((k >= 4993529) AND (k <= 4993629))

table 7 : explain SELECT k FROM sbtest7 WHERE k BETWEEN 4993529 AND 4993629
	Index Only Scan using k_7 on sbtest7  (cost=0.43..6.59 rows=108 width=4)
	  Index Cond: ((k >= 4993529) AND (k <= 4993629))

table 8 : explain SELECT k FROM sbtest8 WHERE k BETWEEN 4993529 AND 4993629
	Index Only Scan using k_8 on sbtest8  (cost=0.43..6.43 rows=100 width=4)
	  Index Cond: ((k >= 4993529) AND (k <= 4993629))

explain: for range-covered :: explain SELECT k FROM sbtest%d WHERE k BETWEEN 4993529 AND 4993629
for range-covered
table 1 : explain SELECT k FROM sbtest1 WHERE k BETWEEN 2070110 AND 2070210
	Index Only Scan using k_1 on sbtest1  (cost=0.43..6.47 rows=102 width=4)
	  Index Cond: ((k >= 2070110) AND (k <= 2070210))

table 2 : explain SELECT k FROM sbtest2 WHERE k BETWEEN 2070110 AND 2070210
	Index Only Scan using k_2 on sbtest2  (cost=0.43..6.29 rows=93 width=4)
	  Index Cond: ((k >= 2070110) AND (k <= 2070210))

table 3 : explain SELECT k FROM sbtest3 WHERE k BETWEEN 2070110 AND 2070210
	Index Only Scan using k_3 on sbtest3  (cost=0.43..6.51 rows=104 width=4)
	  Index Cond: ((k >= 2070110) AND (k <= 2070210))

table 4 : explain SELECT k FROM sbtest4 WHERE k BETWEEN 2070110 AND 2070210
	Index Only Scan using k_4 on sbtest4  (cost=0.43..6.32 rows=94 width=4)
	  Index Cond: ((k >= 2070110) AND (k <= 2070210))

table 5 : explain SELECT k FROM sbtest5 WHERE k BETWEEN 2070110 AND 2070210
	Index Only Scan using k_5 on sbtest5  (cost=0.43..6.56 rows=106 width=4)
	  Index Cond: ((k >= 2070110) AND (k <= 2070210))

table 6 : explain SELECT k FROM sbtest6 WHERE k BETWEEN 2070110 AND 2070210
	Index Only Scan using k_6 on sbtest6  (cost=0.43..6.42 rows=99 width=4)
	  Index Cond: ((k >= 2070110) AND (k <= 2070210))

table 7 : explain SELECT k FROM sbtest7 WHERE k BETWEEN 2070110 AND 2070210
	Index Only Scan using k_7 on sbtest7  (cost=0.43..6.47 rows=102 width=4)
	  Index Cond: ((k >= 2070110) AND (k <= 2070210))

table 8 : explain SELECT k FROM sbtest8 WHERE k BETWEEN 2070110 AND 2070210
	Index Only Scan using k_8 on sbtest8  (cost=0.43..6.47 rows=102 width=4)
	  Index Cond: ((k >= 2070110) AND (k <= 2070210))

explain: for range-covered :: explain SELECT k FROM sbtest%d WHERE k BETWEEN 2070110 AND 2070210
explain: for range-covered :: explain SELECT k FROM sbtest%d WHERE k BETWEEN 6559966 AND 6560066
explain: for range-covered :: explain SELECT k FROM sbtest%d WHERE k BETWEEN 2833983 AND 2834083
for range-covered
table 1 : explain SELECT k FROM sbtest1 WHERE k BETWEEN 4993529 AND 4993629
	Index Only Scan using k_1 on sbtest1  (cost=0.43..6.51 rows=104 width=4)
	  Index Cond: ((k >= 4993529) AND (k <= 4993629))

table 2 : explain SELECT k FROM sbtest2 WHERE k BETWEEN 4993529 AND 4993629
	Index Only Scan using k_2 on sbtest2  (cost=0.43..6.56 rows=106 width=4)
	  Index Cond: ((k >= 4993529) AND (k <= 4993629))

table 3 : explain SELECT k FROM sbtest3 WHERE k BETWEEN 4993529 AND 4993629
	Index Only Scan using k_3 on sbtest3  (cost=0.43..6.21 rows=89 width=4)
	  Index Cond: ((k >= 4993529) AND (k <= 4993629))

table 4 : explain SELECT k FROM sbtest4 WHERE k BETWEEN 4993529 AND 4993629
	Index Only Scan using k_4 on sbtest4  (cost=0.43..6.47 rows=102 width=4)
	  Index Cond: ((k >= 4993529) AND (k <= 4993629))

table 5 : explain SELECT k FROM sbtest5 WHERE k BETWEEN 4993529 AND 4993629
	Index Only Scan using k_5 on sbtest5  (cost=0.43..6.53 rows=105 width=4)
	  Index Cond: ((k >= 4993529) AND (k <= 4993629))

table 6 : explain SELECT k FROM sbtest6 WHERE k BETWEEN 4993529 AND 4993629
	Index Only Scan using k_6 on sbtest6  (cost=0.43..6.51 rows=104 width=4)
	  Index Cond: ((k >= 4993529) AND (k <= 4993629))

table 7 : explain SELECT k FROM sbtest7 WHERE k BETWEEN 4993529 AND 4993629
	Index Only Scan using k_7 on sbtest7  (cost=0.43..6.59 rows=108 width=4)
	  Index Cond: ((k >= 4993529) AND (k <= 4993629))

table 8 : explain SELECT k FROM sbtest8 WHERE k BETWEEN 4993529 AND 4993629
	Index Only Scan using k_8 on sbtest8  (cost=0.43..6.43 rows=100 width=4)
	  Index Cond: ((k >= 4993529) AND (k <= 4993629))

explain: for range-covered :: explain SELECT k FROM sbtest%d WHERE k BETWEEN 4993529 AND 4993629
for range-covered
table 1 : explain SELECT k FROM sbtest1 WHERE k BETWEEN 2043395 AND 2043495
	Index Only Scan using k_1 on sbtest1  (cost=0.43..6.47 rows=102 width=4)
	  Index Cond: ((k >= 2043395) AND (k <= 2043495))

table 2 : explain SELECT k FROM sbtest2 WHERE k BETWEEN 2043395 AND 2043495
	Index Only Scan using k_2 on sbtest2  (cost=0.43..6.29 rows=93 width=4)
	  Index Cond: ((k >= 2043395) AND (k <= 2043495))

table 3 : explain SELECT k FROM sbtest3 WHERE k BETWEEN 2043395 AND 2043495
	Index Only Scan using k_3 on sbtest3  (cost=0.43..6.51 rows=104 width=4)
	  Index Cond: ((k >= 2043395) AND (k <= 2043495))

table 4 : explain SELECT k FROM sbtest4 WHERE k BETWEEN 2043395 AND 2043495
	Index Only Scan using k_4 on sbtest4  (cost=0.43..6.32 rows=94 width=4)
	  Index Cond: ((k >= 2043395) AND (k <= 2043495))

table 5 : explain SELECT k FROM sbtest5 WHERE k BETWEEN 2043395 AND 2043495
	Index Only Scan using k_5 on sbtest5  (cost=0.43..6.56 rows=106 width=4)
	  Index Cond: ((k >= 2043395) AND (k <= 2043495))

table 6 : explain SELECT k FROM sbtest6 WHERE k BETWEEN 2043395 AND 2043495
	Index Only Scan using k_6 on sbtest6  (cost=0.43..6.42 rows=99 width=4)
	  Index Cond: ((k >= 2043395) AND (k <= 2043495))

table 7 : explain SELECT k FROM sbtest7 WHERE k BETWEEN 2043395 AND 2043495
	Index Only Scan using k_7 on sbtest7  (cost=0.43..6.47 rows=102 width=4)
	  Index Cond: ((k >= 2043395) AND (k <= 2043495))

table 8 : explain SELECT k FROM sbtest8 WHERE k BETWEEN 2043395 AND 2043495
	Index Only Scan using k_8 on sbtest8  (cost=0.43..6.47 rows=102 width=4)
	  Index Cond: ((k >= 2043395) AND (k <= 2043495))

for range-covered
table 1 : explain SELECT k FROM sbtest1 WHERE k BETWEEN 7886978 AND 7887078
	Index Only Scan using k_1 on sbtest1  (cost=0.43..6.61 rows=109 width=4)
	  Index Cond: ((k >= 7886978) AND (k <= 7887078))

table 2 : explain SELECT k FROM sbtest2 WHERE k BETWEEN 7886978 AND 7887078
	Index Only Scan using k_2 on sbtest2  (cost=0.43..6.56 rows=106 width=4)
	  Index Cond: ((k >= 7886978) AND (k <= 7887078))

table 3 : explain SELECT k FROM sbtest3 WHERE k BETWEEN 7886978 AND 7887078
	Index Only Scan using k_3 on sbtest3  (cost=0.43..6.42 rows=99 width=4)
	  Index Cond: ((k >= 7886978) AND (k <= 7887078))

table 4 : explain SELECT k FROM sbtest4 WHERE k BETWEEN 7886978 AND 7887078
	Index Only Scan using k_4 on sbtest4  (cost=0.43..6.40 rows=98 width=4)
	  Index Cond: ((k >= 7886978) AND (k <= 7887078))

table 5 : explain SELECT k FROM sbtest5 WHERE k BETWEEN 7886978 AND 7887078
	Index Only Scan using k_5 on sbtest5  (cost=0.43..6.50 rows=103 width=4)
	  Index Cond: ((k >= 7886978) AND (k <= 7887078))

table 6 : explain SELECT k FROM sbtest6 WHERE k BETWEEN 7886978 AND 7887078
	Index Only Scan using k_6 on sbtest6  (cost=0.43..6.43 rows=100 width=4)
	  Index Cond: ((k >= 7886978) AND (k <= 7887078))

table 7 : explain SELECT k FROM sbtest7 WHERE k BETWEEN 7886978 AND 7887078
	Index Only Scan using k_7 on sbtest7  (cost=0.43..6.81 rows=119 width=4)
	  Index Cond: ((k >= 7886978) AND (k <= 7887078))

table 8 : explain SELECT k FROM sbtest8 WHERE k BETWEEN 7886978 AND 7887078
	Index Only Scan using k_8 on sbtest8  (cost=0.43..6.72 rows=114 width=4)
	  Index Cond: ((k >= 7886978) AND (k <= 7887078))

explain: for range-covered :: explain SELECT k FROM sbtest%d WHERE k BETWEEN 2043395 AND 2043495
explain: for range-covered :: explain SELECT k FROM sbtest%d WHERE k BETWEEN 5329381 AND 5329481
for range-covered
table 1 : explain SELECT k FROM sbtest1 WHERE k BETWEEN 4993529 AND 4993629
	Index Only Scan using k_1 on sbtest1  (cost=0.43..6.51 rows=104 width=4)
	  Index Cond: ((k >= 4993529) AND (k <= 4993629))

table 2 : explain SELECT k FROM sbtest2 WHERE k BETWEEN 4993529 AND 4993629
	Index Only Scan using k_2 on sbtest2  (cost=0.43..6.56 rows=106 width=4)
	  Index Cond: ((k >= 4993529) AND (k <= 4993629))

table 3 : explain SELECT k FROM sbtest3 WHERE k BETWEEN 4993529 AND 4993629
	Index Only Scan using k_3 on sbtest3  (cost=0.43..6.21 rows=89 width=4)
	  Index Cond: ((k >= 4993529) AND (k <= 4993629))

table 4 : explain SELECT k FROM sbtest4 WHERE k BETWEEN 4993529 AND 4993629
	Index Only Scan using k_4 on sbtest4  (cost=0.43..6.47 rows=102 width=4)
	  Index Cond: ((k >= 4993529) AND (k <= 4993629))

table 5 : explain SELECT k FROM sbtest5 WHERE k BETWEEN 4993529 AND 4993629
	Index Only Scan using k_5 on sbtest5  (cost=0.43..6.53 rows=105 width=4)
	  Index Cond: ((k >= 4993529) AND (k <= 4993629))

table 6 : explain SELECT k FROM sbtest6 WHERE k BETWEEN 4993529 AND 4993629
	Index Only Scan using k_6 on sbtest6  (cost=0.43..6.51 rows=104 width=4)
	  Index Cond: ((k >= 4993529) AND (k <= 4993629))

table 7 : explain SELECT k FROM sbtest7 WHERE k BETWEEN 4993529 AND 4993629
	Index Only Scan using k_7 on sbtest7  (cost=0.43..6.59 rows=108 width=4)
	  Index Cond: ((k >= 4993529) AND (k <= 4993629))

table 8 : explain SELECT k FROM sbtest8 WHERE k BETWEEN 4993529 AND 4993629
	Index Only Scan using k_8 on sbtest8  (cost=0.43..6.43 rows=100 width=4)
	  Index Cond: ((k >= 4993529) AND (k <= 4993629))

explain: for range-covered :: explain SELECT k FROM sbtest%d WHERE k BETWEEN 4993529 AND 4993629
for range-covered
table 1 : explain SELECT k FROM sbtest1 WHERE k BETWEEN 5624535 AND 5624635
	Index Only Scan using k_1 on sbtest1  (cost=0.43..6.47 rows=102 width=4)
	  Index Cond: ((k >= 5624535) AND (k <= 5624635))

table 2 : explain SELECT k FROM sbtest2 WHERE k BETWEEN 5624535 AND 5624635
	Index Only Scan using k_2 on sbtest2  (cost=0.43..6.56 rows=106 width=4)
	  Index Cond: ((k >= 5624535) AND (k <= 5624635))

table 3 : explain SELECT k FROM sbtest3 WHERE k BETWEEN 5624535 AND 5624635
	Index Only Scan using k_3 on sbtest3  (cost=0.43..6.47 rows=102 width=4)
	  Index Cond: ((k >= 5624535) AND (k <= 5624635))

table 4 : explain SELECT k FROM sbtest4 WHERE k BETWEEN 5624535 AND 5624635
	Index Only Scan using k_4 on sbtest4  (cost=0.43..6.47 rows=102 width=4)
	  Index Cond: ((k >= 5624535) AND (k <= 5624635))

table 5 : explain SELECT k FROM sbtest5 WHERE k BETWEEN 5624535 AND 5624635
	Index Only Scan using k_5 on sbtest5  (cost=0.43..6.59 rows=108 width=4)
	  Index Cond: ((k >= 5624535) AND (k <= 5624635))

table 6 : explain SELECT k FROM sbtest6 WHERE k BETWEEN 5624535 AND 5624635
	Index Only Scan using k_6 on sbtest6  (cost=0.43..6.40 rows=98 width=4)
	  Index Cond: ((k >= 5624535) AND (k <= 5624635))

table 7 : explain SELECT k FROM sbtest7 WHERE k BETWEEN 5624535 AND 5624635
	Index Only Scan using k_7 on sbtest7  (cost=0.43..6.43 rows=100 width=4)
	  Index Cond: ((k >= 5624535) AND (k <= 5624635))

table 8 : explain SELECT k FROM sbtest8 WHERE k BETWEEN 5624535 AND 5624635
	Index Only Scan using k_8 on sbtest8  (cost=0.43..6.35 rows=96 width=4)
	  Index Cond: ((k >= 5624535) AND (k <= 5624635))

explain: for range-covered :: explain SELECT k FROM sbtest%d WHERE k BETWEEN 5624535 AND 5624635
for range-covered
table 1 : explain SELECT k FROM sbtest1 WHERE k BETWEEN 4993529 AND 4993629
	Index Only Scan using k_1 on sbtest1  (cost=0.43..6.51 rows=104 width=4)
	  Index Cond: ((k >= 4993529) AND (k <= 4993629))

table 2 : explain SELECT k FROM sbtest2 WHERE k BETWEEN 4993529 AND 4993629
	Index Only Scan using k_2 on sbtest2  (cost=0.43..6.56 rows=106 width=4)
	  Index Cond: ((k >= 4993529) AND (k <= 4993629))

table 3 : explain SELECT k FROM sbtest3 WHERE k BETWEEN 4993529 AND 4993629
	Index Only Scan using k_3 on sbtest3  (cost=0.43..6.21 rows=89 width=4)
	  Index Cond: ((k >= 4993529) AND (k <= 4993629))

table 4 : explain SELECT k FROM sbtest4 WHERE k BETWEEN 4993529 AND 4993629
	Index Only Scan using k_4 on sbtest4  (cost=0.43..6.47 rows=102 width=4)
	  Index Cond: ((k >= 4993529) AND (k <= 4993629))

table 5 : explain SELECT k FROM sbtest5 WHERE k BETWEEN 4993529 AND 4993629
	Index Only Scan using k_5 on sbtest5  (cost=0.43..6.53 rows=105 width=4)
	  Index Cond: ((k >= 4993529) AND (k <= 4993629))

table 6 : explain SELECT k FROM sbtest6 WHERE k BETWEEN 4993529 AND 4993629
	Index Only Scan using k_6 on sbtest6  (cost=0.43..6.51 rows=104 width=4)
	  Index Cond: ((k >= 4993529) AND (k <= 4993629))

table 7 : explain SELECT k FROM sbtest7 WHERE k BETWEEN 4993529 AND 4993629
	Index Only Scan using k_7 on sbtest7  (cost=0.43..6.59 rows=108 width=4)
	  Index Cond: ((k >= 4993529) AND (k <= 4993629))

table 8 : explain SELECT k FROM sbtest8 WHERE k BETWEEN 4993529 AND 4993629
	Index Only Scan using k_8 on sbtest8  (cost=0.43..6.43 rows=100 width=4)
	  Index Cond: ((k >= 4993529) AND (k <= 4993629))

explain: for range-covered :: explain SELECT k FROM sbtest%d WHERE k BETWEEN 4993529 AND 4993629
for range-covered
table 1 : explain SELECT k FROM sbtest1 WHERE k BETWEEN 2043395 AND 2043495
	Index Only Scan using k_1 on sbtest1  (cost=0.43..6.47 rows=102 width=4)
	  Index Cond: ((k >= 2043395) AND (k <= 2043495))

table 2 : explain SELECT k FROM sbtest2 WHERE k BETWEEN 2043395 AND 2043495
	Index Only Scan using k_2 on sbtest2  (cost=0.43..6.29 rows=93 width=4)
	  Index Cond: ((k >= 2043395) AND (k <= 2043495))

table 3 : explain SELECT k FROM sbtest3 WHERE k BETWEEN 2043395 AND 2043495
	Index Only Scan using k_3 on sbtest3  (cost=0.43..6.51 rows=104 width=4)
	  Index Cond: ((k >= 2043395) AND (k <= 2043495))

table 4 : explain SELECT k FROM sbtest4 WHERE k BETWEEN 2043395 AND 2043495
	Index Only Scan using k_4 on sbtest4  (cost=0.43..6.32 rows=94 width=4)
	  Index Cond: ((k >= 2043395) AND (k <= 2043495))

table 5 : explain SELECT k FROM sbtest5 WHERE k BETWEEN 2043395 AND 2043495
	Index Only Scan using k_5 on sbtest5  (cost=0.43..6.56 rows=106 width=4)
	  Index Cond: ((k >= 2043395) AND (k <= 2043495))

table 6 : explain SELECT k FROM sbtest6 WHERE k BETWEEN 2043395 AND 2043495
	Index Only Scan using k_6 on sbtest6  (cost=0.43..6.42 rows=99 width=4)
	  Index Cond: ((k >= 2043395) AND (k <= 2043495))

table 7 : explain SELECT k FROM sbtest7 WHERE k BETWEEN 2043395 AND 2043495
	Index Only Scan using k_7 on sbtest7  (cost=0.43..6.47 rows=102 width=4)
	  Index Cond: ((k >= 2043395) AND (k <= 2043495))

table 8 : explain SELECT k FROM sbtest8 WHERE k BETWEEN 2043395 AND 2043495
	Index Only Scan using k_8 on sbtest8  (cost=0.43..6.47 rows=102 width=4)
	  Index Cond: ((k >= 2043395) AND (k <= 2043495))

explain: for range-covered :: explain SELECT k FROM sbtest%d WHERE k BETWEEN 2043395 AND 2043495
explain: for range-covered :: explain SELECT k FROM sbtest%d WHERE k BETWEEN 4054246 AND 4054346
for range-covered
table 1 : explain SELECT k FROM sbtest1 WHERE k BETWEEN 5914471 AND 5914571
	Index Only Scan using k_1 on sbtest1  (cost=0.43..6.43 rows=100 width=4)
	  Index Cond: ((k >= 5914471) AND (k <= 5914571))

table 2 : explain SELECT k FROM sbtest2 WHERE k BETWEEN 5914471 AND 5914571
	Index Only Scan using k_2 on sbtest2  (cost=0.43..6.51 rows=104 width=4)
	  Index Cond: ((k >= 5914471) AND (k <= 5914571))

table 3 : explain SELECT k FROM sbtest3 WHERE k BETWEEN 5914471 AND 5914571
	Index Only Scan using k_3 on sbtest3  (cost=0.43..6.51 rows=104 width=4)
	  Index Cond: ((k >= 5914471) AND (k <= 5914571))

table 4 : explain SELECT k FROM sbtest4 WHERE k BETWEEN 5914471 AND 5914571
	Index Only Scan using k_4 on sbtest4  (cost=0.43..6.37 rows=97 width=4)
	  Index Cond: ((k >= 5914471) AND (k <= 5914571))

table 5 : explain SELECT k FROM sbtest5 WHERE k BETWEEN 5914471 AND 5914571
	Index Only Scan using k_5 on sbtest5  (cost=0.43..6.45 rows=101 width=4)
	  Index Cond: ((k >= 5914471) AND (k <= 5914571))

table 6 : explain SELECT k FROM sbtest6 WHERE k BETWEEN 5914471 AND 5914571
	Index Only Scan using k_6 on sbtest6  (cost=0.43..6.37 rows=97 width=4)
	  Index Cond: ((k >= 5914471) AND (k <= 5914571))

table 7 : explain SELECT k FROM sbtest7 WHERE k BETWEEN 5914471 AND 5914571
	Index Only Scan using k_7 on sbtest7  (cost=0.43..6.59 rows=108 width=4)
	  Index Cond: ((k >= 5914471) AND (k <= 5914571))

table 8 : explain SELECT k FROM sbtest8 WHERE k BETWEEN 5914471 AND 5914571
	Index Only Scan using k_8 on sbtest8  (cost=0.43..6.50 rows=103 width=4)
	  Index Cond: ((k >= 5914471) AND (k <= 5914571))

explain: for range-covered :: explain SELECT k FROM sbtest%d WHERE k BETWEEN 2472367 AND 2472467
for range-covered
table 1 : explain SELECT k FROM sbtest1 WHERE k BETWEEN 4993529 AND 4993629
	Index Only Scan using k_1 on sbtest1  (cost=0.43..6.51 rows=104 width=4)
	  Index Cond: ((k >= 4993529) AND (k <= 4993629))

table 2 : explain SELECT k FROM sbtest2 WHERE k BETWEEN 4993529 AND 4993629
	Index Only Scan using k_2 on sbtest2  (cost=0.43..6.56 rows=106 width=4)
	  Index Cond: ((k >= 4993529) AND (k <= 4993629))

table 3 : explain SELECT k FROM sbtest3 WHERE k BETWEEN 4993529 AND 4993629
	Index Only Scan using k_3 on sbtest3  (cost=0.43..6.21 rows=89 width=4)
	  Index Cond: ((k >= 4993529) AND (k <= 4993629))

table 4 : explain SELECT k FROM sbtest4 WHERE k BETWEEN 4993529 AND 4993629
	Index Only Scan using k_4 on sbtest4  (cost=0.43..6.47 rows=102 width=4)
	  Index Cond: ((k >= 4993529) AND (k <= 4993629))

table 5 : explain SELECT k FROM sbtest5 WHERE k BETWEEN 4993529 AND 4993629
	Index Only Scan using k_5 on sbtest5  (cost=0.43..6.53 rows=105 width=4)
	  Index Cond: ((k >= 4993529) AND (k <= 4993629))

table 6 : explain SELECT k FROM sbtest6 WHERE k BETWEEN 4993529 AND 4993629
	Index Only Scan using k_6 on sbtest6  (cost=0.43..6.51 rows=104 width=4)
	  Index Cond: ((k >= 4993529) AND (k <= 4993629))

table 7 : explain SELECT k FROM sbtest7 WHERE k BETWEEN 4993529 AND 4993629
	Index Only Scan using k_7 on sbtest7  (cost=0.43..6.59 rows=108 width=4)
	  Index Cond: ((k >= 4993529) AND (k <= 4993629))

table 8 : explain SELECT k FROM sbtest8 WHERE k BETWEEN 4993529 AND 4993629
	Index Only Scan using k_8 on sbtest8  (cost=0.43..6.43 rows=100 width=4)
	  Index Cond: ((k >= 4993529) AND (k <= 4993629))

explain: for range-covered :: explain SELECT k FROM sbtest%d WHERE k BETWEEN 4993529 AND 4993629
for range-covered
table 1 : explain SELECT k FROM sbtest1 WHERE k BETWEEN 1558482 AND 1558582
	Index Only Scan using k_1 on sbtest1  (cost=0.43..6.50 rows=103 width=4)
	  Index Cond: ((k >= 1558482) AND (k <= 1558582))

table 2 : explain SELECT k FROM sbtest2 WHERE k BETWEEN 1558482 AND 1558582
	Index Only Scan using k_2 on sbtest2  (cost=0.43..6.59 rows=108 width=4)
	  Index Cond: ((k >= 1558482) AND (k <= 1558582))

table 3 : explain SELECT k FROM sbtest3 WHERE k BETWEEN 1558482 AND 1558582
	Index Only Scan using k_3 on sbtest3  (cost=0.43..6.37 rows=97 width=4)
	  Index Cond: ((k >= 1558482) AND (k <= 1558582))

table 4 : explain SELECT k FROM sbtest4 WHERE k BETWEEN 1558482 AND 1558582
	Index Only Scan using k_4 on sbtest4  (cost=0.43..6.37 rows=97 width=4)
	  Index Cond: ((k >= 1558482) AND (k <= 1558582))

table 5 : explain SELECT k FROM sbtest5 WHERE k BETWEEN 1558482 AND 1558582
	Index Only Scan using k_5 on sbtest5  (cost=0.43..6.53 rows=105 width=4)
	  Index Cond: ((k >= 1558482) AND (k <= 1558582))

table 6 : explain SELECT k FROM sbtest6 WHERE k BETWEEN 1558482 AND 1558582
	Index Only Scan using k_6 on sbtest6  (cost=0.43..6.24 rows=90 width=4)
	  Index Cond: ((k >= 1558482) AND (k <= 1558582))

table 7 : explain SELECT k FROM sbtest7 WHERE k BETWEEN 1558482 AND 1558582
	Index Only Scan using k_7 on sbtest7  (cost=0.43..6.29 rows=93 width=4)
	  Index Cond: ((k >= 1558482) AND (k <= 1558582))

table 8 : explain SELECT k FROM sbtest8 WHERE k BETWEEN 1558482 AND 1558582
	Index Only Scan using k_8 on sbtest8  (cost=0.43..6.50 rows=103 width=4)
	  Index Cond: ((k >= 1558482) AND (k <= 1558582))

explain: for range-covered :: explain SELECT k FROM sbtest%d WHERE k BETWEEN 8561065 AND 8561165
for range-covered
table 1 : explain SELECT k FROM sbtest1 WHERE k BETWEEN 5624535 AND 5624635
	Index Only Scan using k_1 on sbtest1  (cost=0.43..6.47 rows=102 width=4)
	  Index Cond: ((k >= 5624535) AND (k <= 5624635))

table 2 : explain SELECT k FROM sbtest2 WHERE k BETWEEN 5624535 AND 5624635
	Index Only Scan using k_2 on sbtest2  (cost=0.43..6.56 rows=106 width=4)
	  Index Cond: ((k >= 5624535) AND (k <= 5624635))

table 3 : explain SELECT k FROM sbtest3 WHERE k BETWEEN 5624535 AND 5624635
	Index Only Scan using k_3 on sbtest3  (cost=0.43..6.47 rows=102 width=4)
	  Index Cond: ((k >= 5624535) AND (k <= 5624635))

table 4 : explain SELECT k FROM sbtest4 WHERE k BETWEEN 5624535 AND 5624635
	Index Only Scan using k_4 on sbtest4  (cost=0.43..6.47 rows=102 width=4)
	  Index Cond: ((k >= 5624535) AND (k <= 5624635))

table 5 : explain SELECT k FROM sbtest5 WHERE k BETWEEN 5624535 AND 5624635
	Index Only Scan using k_5 on sbtest5  (cost=0.43..6.59 rows=108 width=4)
	  Index Cond: ((k >= 5624535) AND (k <= 5624635))

table 6 : explain SELECT k FROM sbtest6 WHERE k BETWEEN 5624535 AND 5624635
	Index Only Scan using k_6 on sbtest6  (cost=0.43..6.40 rows=98 width=4)
	  Index Cond: ((k >= 5624535) AND (k <= 5624635))

table 7 : explain SELECT k FROM sbtest7 WHERE k BETWEEN 5624535 AND 5624635
	Index Only Scan using k_7 on sbtest7  (cost=0.43..6.43 rows=100 width=4)
	  Index Cond: ((k >= 5624535) AND (k <= 5624635))

table 8 : explain SELECT k FROM sbtest8 WHERE k BETWEEN 5624535 AND 5624635
	Index Only Scan using k_8 on sbtest8  (cost=0.43..6.35 rows=96 width=4)
	  Index Cond: ((k >= 5624535) AND (k <= 5624635))

explain: for range-covered :: explain SELECT k FROM sbtest%d WHERE k BETWEEN 5914471 AND 5914571
for range-covered
table 1 : explain SELECT k FROM sbtest1 WHERE k BETWEEN 2043395 AND 2043495
	Index Only Scan using k_1 on sbtest1  (cost=0.43..6.47 rows=102 width=4)
	  Index Cond: ((k >= 2043395) AND (k <= 2043495))

table 2 : explain SELECT k FROM sbtest2 WHERE k BETWEEN 2043395 AND 2043495
	Index Only Scan using k_2 on sbtest2  (cost=0.43..6.29 rows=93 width=4)
	  Index Cond: ((k >= 2043395) AND (k <= 2043495))

table 3 : explain SELECT k FROM sbtest3 WHERE k BETWEEN 2043395 AND 2043495
	Index Only Scan using k_3 on sbtest3  (cost=0.43..6.51 rows=104 width=4)
	  Index Cond: ((k >= 2043395) AND (k <= 2043495))

table 4 : explain SELECT k FROM sbtest4 WHERE k BETWEEN 2043395 AND 2043495
	Index Only Scan using k_4 on sbtest4  (cost=0.43..6.32 rows=94 width=4)
	  Index Cond: ((k >= 2043395) AND (k <= 2043495))

table 5 : explain SELECT k FROM sbtest5 WHERE k BETWEEN 2043395 AND 2043495
	Index Only Scan using k_5 on sbtest5  (cost=0.43..6.56 rows=106 width=4)
	  Index Cond: ((k >= 2043395) AND (k <= 2043495))

table 6 : explain SELECT k FROM sbtest6 WHERE k BETWEEN 2043395 AND 2043495
	Index Only Scan using k_6 on sbtest6  (cost=0.43..6.42 rows=99 width=4)
	  Index Cond: ((k >= 2043395) AND (k <= 2043495))

table 7 : explain SELECT k FROM sbtest7 WHERE k BETWEEN 2043395 AND 2043495
	Index Only Scan using k_7 on sbtest7  (cost=0.43..6.47 rows=102 width=4)
	  Index Cond: ((k >= 2043395) AND (k <= 2043495))

table 8 : explain SELECT k FROM sbtest8 WHERE k BETWEEN 2043395 AND 2043495
	Index Only Scan using k_8 on sbtest8  (cost=0.43..6.47 rows=102 width=4)
	  Index Cond: ((k >= 2043395) AND (k <= 2043495))

explain: for range-covered :: explain SELECT k FROM sbtest%d WHERE k BETWEEN 5624535 AND 5624635
explain: for range-covered :: explain SELECT k FROM sbtest%d WHERE k BETWEEN 2043395 AND 2043495
explain: for range-covered :: explain SELECT k FROM sbtest%d WHERE k BETWEEN 1558482 AND 1558582
for range-covered
table 1 : explain SELECT k FROM sbtest1 WHERE k BETWEEN 4993529 AND 4993629
	Index Only Scan using k_1 on sbtest1  (cost=0.43..6.51 rows=104 width=4)
	  Index Cond: ((k >= 4993529) AND (k <= 4993629))

table 2 : explain SELECT k FROM sbtest2 WHERE k BETWEEN 4993529 AND 4993629
	Index Only Scan using k_2 on sbtest2  (cost=0.43..6.56 rows=106 width=4)
	  Index Cond: ((k >= 4993529) AND (k <= 4993629))

table 3 : explain SELECT k FROM sbtest3 WHERE k BETWEEN 4993529 AND 4993629
	Index Only Scan using k_3 on sbtest3  (cost=0.43..6.21 rows=89 width=4)
	  Index Cond: ((k >= 4993529) AND (k <= 4993629))

table 4 : explain SELECT k FROM sbtest4 WHERE k BETWEEN 4993529 AND 4993629
	Index Only Scan using k_4 on sbtest4  (cost=0.43..6.47 rows=102 width=4)
	  Index Cond: ((k >= 4993529) AND (k <= 4993629))

table 5 : explain SELECT k FROM sbtest5 WHERE k BETWEEN 4993529 AND 4993629
	Index Only Scan using k_5 on sbtest5  (cost=0.43..6.53 rows=105 width=4)
	  Index Cond: ((k >= 4993529) AND (k <= 4993629))

table 6 : explain SELECT k FROM sbtest6 WHERE k BETWEEN 4993529 AND 4993629
	Index Only Scan using k_6 on sbtest6  (cost=0.43..6.51 rows=104 width=4)
	  Index Cond: ((k >= 4993529) AND (k <= 4993629))

table 7 : explain SELECT k FROM sbtest7 WHERE k BETWEEN 4993529 AND 4993629
	Index Only Scan using k_7 on sbtest7  (cost=0.43..6.59 rows=108 width=4)
	  Index Cond: ((k >= 4993529) AND (k <= 4993629))

table 8 : explain SELECT k FROM sbtest8 WHERE k BETWEEN 4993529 AND 4993629
	Index Only Scan using k_8 on sbtest8  (cost=0.43..6.43 rows=100 width=4)
	  Index Cond: ((k >= 4993529) AND (k <= 4993629))

explain: for range-covered :: explain SELECT k FROM sbtest%d WHERE k BETWEEN 4993529 AND 4993629
for range-covered
table 1 : explain SELECT k FROM sbtest1 WHERE k BETWEEN 2070110 AND 2070210
	Index Only Scan using k_1 on sbtest1  (cost=0.43..6.47 rows=102 width=4)
	  Index Cond: ((k >= 2070110) AND (k <= 2070210))

table 2 : explain SELECT k FROM sbtest2 WHERE k BETWEEN 2070110 AND 2070210
	Index Only Scan using k_2 on sbtest2  (cost=0.43..6.29 rows=93 width=4)
	  Index Cond: ((k >= 2070110) AND (k <= 2070210))

table 3 : explain SELECT k FROM sbtest3 WHERE k BETWEEN 2070110 AND 2070210
	Index Only Scan using k_3 on sbtest3  (cost=0.43..6.51 rows=104 width=4)
	  Index Cond: ((k >= 2070110) AND (k <= 2070210))

table 4 : explain SELECT k FROM sbtest4 WHERE k BETWEEN 2070110 AND 2070210
	Index Only Scan using k_4 on sbtest4  (cost=0.43..6.32 rows=94 width=4)
	  Index Cond: ((k >= 2070110) AND (k <= 2070210))

table 5 : explain SELECT k FROM sbtest5 WHERE k BETWEEN 2070110 AND 2070210
	Index Only Scan using k_5 on sbtest5  (cost=0.43..6.56 rows=106 width=4)
	  Index Cond: ((k >= 2070110) AND (k <= 2070210))

table 6 : explain SELECT k FROM sbtest6 WHERE k BETWEEN 2070110 AND 2070210
	Index Only Scan using k_6 on sbtest6  (cost=0.43..6.42 rows=99 width=4)
	  Index Cond: ((k >= 2070110) AND (k <= 2070210))

table 7 : explain SELECT k FROM sbtest7 WHERE k BETWEEN 2070110 AND 2070210
	Index Only Scan using k_7 on sbtest7  (cost=0.43..6.47 rows=102 width=4)
	  Index Cond: ((k >= 2070110) AND (k <= 2070210))

table 8 : explain SELECT k FROM sbtest8 WHERE k BETWEEN 2070110 AND 2070210
	Index Only Scan using k_8 on sbtest8  (cost=0.43..6.47 rows=102 width=4)
	  Index Cond: ((k >= 2070110) AND (k <= 2070210))

for range-covered
table 1 : explain SELECT k FROM sbtest1 WHERE k BETWEEN 5624535 AND 5624635
	Index Only Scan using k_1 on sbtest1  (cost=0.43..6.47 rows=102 width=4)
	  Index Cond: ((k >= 5624535) AND (k <= 5624635))

table 2 : explain SELECT k FROM sbtest2 WHERE k BETWEEN 5624535 AND 5624635
	Index Only Scan using k_2 on sbtest2  (cost=0.43..6.56 rows=106 width=4)
	  Index Cond: ((k >= 5624535) AND (k <= 5624635))

table 3 : explain SELECT k FROM sbtest3 WHERE k BETWEEN 5624535 AND 5624635
	Index Only Scan using k_3 on sbtest3  (cost=0.43..6.47 rows=102 width=4)
	  Index Cond: ((k >= 5624535) AND (k <= 5624635))

table 4 : explain SELECT k FROM sbtest4 WHERE k BETWEEN 5624535 AND 5624635
	Index Only Scan using k_4 on sbtest4  (cost=0.43..6.47 rows=102 width=4)
	  Index Cond: ((k >= 5624535) AND (k <= 5624635))

table 5 : explain SELECT k FROM sbtest5 WHERE k BETWEEN 5624535 AND 5624635
	Index Only Scan using k_5 on sbtest5  (cost=0.43..6.59 rows=108 width=4)
	  Index Cond: ((k >= 5624535) AND (k <= 5624635))

table 6 : explain SELECT k FROM sbtest6 WHERE k BETWEEN 5624535 AND 5624635
	Index Only Scan using k_6 on sbtest6  (cost=0.43..6.40 rows=98 width=4)
	  Index Cond: ((k >= 5624535) AND (k <= 5624635))

table 7 : explain SELECT k FROM sbtest7 WHERE k BETWEEN 5624535 AND 5624635
	Index Only Scan using k_7 on sbtest7  (cost=0.43..6.43 rows=100 width=4)
	  Index Cond: ((k >= 5624535) AND (k <= 5624635))

table 8 : explain SELECT k FROM sbtest8 WHERE k BETWEEN 5624535 AND 5624635
	Index Only Scan using k_8 on sbtest8  (cost=0.43..6.35 rows=96 width=4)
	  Index Cond: ((k >= 5624535) AND (k <= 5624635))

explain: for range-covered :: explain SELECT k FROM sbtest%d WHERE k BETWEEN 2070110 AND 2070210
for range-covered
table 1 : explain SELECT k FROM sbtest1 WHERE k BETWEEN 5914471 AND 5914571
	Index Only Scan using k_1 on sbtest1  (cost=0.43..6.43 rows=100 width=4)
	  Index Cond: ((k >= 5914471) AND (k <= 5914571))

table 2 : explain SELECT k FROM sbtest2 WHERE k BETWEEN 5914471 AND 5914571
	Index Only Scan using k_2 on sbtest2  (cost=0.43..6.51 rows=104 width=4)
	  Index Cond: ((k >= 5914471) AND (k <= 5914571))

table 3 : explain SELECT k FROM sbtest3 WHERE k BETWEEN 5914471 AND 5914571
	Index Only Scan using k_3 on sbtest3  (cost=0.43..6.51 rows=104 width=4)
	  Index Cond: ((k >= 5914471) AND (k <= 5914571))

table 4 : explain SELECT k FROM sbtest4 WHERE k BETWEEN 5914471 AND 5914571
	Index Only Scan using k_4 on sbtest4  (cost=0.43..6.37 rows=97 width=4)
	  Index Cond: ((k >= 5914471) AND (k <= 5914571))

table 5 : explain SELECT k FROM sbtest5 WHERE k BETWEEN 5914471 AND 5914571
	Index Only Scan using k_5 on sbtest5  (cost=0.43..6.45 rows=101 width=4)
	  Index Cond: ((k >= 5914471) AND (k <= 5914571))

table 6 : explain SELECT k FROM sbtest6 WHERE k BETWEEN 5914471 AND 5914571
	Index Only Scan using k_6 on sbtest6  (cost=0.43..6.37 rows=97 width=4)
	  Index Cond: ((k >= 5914471) AND (k <= 5914571))

table 7 : explain SELECT k FROM sbtest7 WHERE k BETWEEN 5914471 AND 5914571
	Index Only Scan using k_7 on sbtest7  (cost=0.43..6.59 rows=108 width=4)
	  Index Cond: ((k >= 5914471) AND (k <= 5914571))

table 8 : explain SELECT k FROM sbtest8 WHERE k BETWEEN 5914471 AND 5914571
	Index Only Scan using k_8 on sbtest8  (cost=0.43..6.50 rows=103 width=4)
	  Index Cond: ((k >= 5914471) AND (k <= 5914571))

explain: for range-covered :: explain SELECT k FROM sbtest%d WHERE k BETWEEN 5624535 AND 5624635
explain: for range-covered :: explain SELECT k FROM sbtest%d WHERE k BETWEEN 5914471 AND 5914571
for range-covered
table 1 : explain SELECT k FROM sbtest1 WHERE k BETWEEN 4993529 AND 4993629
	Index Only Scan using k_1 on sbtest1  (cost=0.43..6.51 rows=104 width=4)
	  Index Cond: ((k >= 4993529) AND (k <= 4993629))

table 2 : explain SELECT k FROM sbtest2 WHERE k BETWEEN 4993529 AND 4993629
	Index Only Scan using k_2 on sbtest2  (cost=0.43..6.56 rows=106 width=4)
	  Index Cond: ((k >= 4993529) AND (k <= 4993629))

table 3 : explain SELECT k FROM sbtest3 WHERE k BETWEEN 4993529 AND 4993629
	Index Only Scan using k_3 on sbtest3  (cost=0.43..6.21 rows=89 width=4)
	  Index Cond: ((k >= 4993529) AND (k <= 4993629))

table 4 : explain SELECT k FROM sbtest4 WHERE k BETWEEN 4993529 AND 4993629
	Index Only Scan using k_4 on sbtest4  (cost=0.43..6.47 rows=102 width=4)
	  Index Cond: ((k >= 4993529) AND (k <= 4993629))

table 5 : explain SELECT k FROM sbtest5 WHERE k BETWEEN 4993529 AND 4993629
	Index Only Scan using k_5 on sbtest5  (cost=0.43..6.53 rows=105 width=4)
	  Index Cond: ((k >= 4993529) AND (k <= 4993629))

table 6 : explain SELECT k FROM sbtest6 WHERE k BETWEEN 4993529 AND 4993629
	Index Only Scan using k_6 on sbtest6  (cost=0.43..6.51 rows=104 width=4)
	  Index Cond: ((k >= 4993529) AND (k <= 4993629))

table 7 : explain SELECT k FROM sbtest7 WHERE k BETWEEN 4993529 AND 4993629
	Index Only Scan using k_7 on sbtest7  (cost=0.43..6.59 rows=108 width=4)
	  Index Cond: ((k >= 4993529) AND (k <= 4993629))

table 8 : explain SELECT k FROM sbtest8 WHERE k BETWEEN 4993529 AND 4993629
	Index Only Scan using k_8 on sbtest8  (cost=0.43..6.43 rows=100 width=4)
	  Index Cond: ((k >= 4993529) AND (k <= 4993629))

explain: for range-covered :: explain SELECT k FROM sbtest%d WHERE k BETWEEN 8322105 AND 8322205
explain: for range-covered :: explain SELECT k FROM sbtest%d WHERE k BETWEEN 4993529 AND 4993629
for range-covered
table 1 : explain SELECT k FROM sbtest1 WHERE k BETWEEN 4712120 AND 4712220
	Index Only Scan using k_1 on sbtest1  (cost=0.43..6.58 rows=107 width=4)
	  Index Cond: ((k >= 4712120) AND (k <= 4712220))

table 2 : explain SELECT k FROM sbtest2 WHERE k BETWEEN 4712120 AND 4712220
	Index Only Scan using k_2 on sbtest2  (cost=0.43..6.35 rows=96 width=4)
	  Index Cond: ((k >= 4712120) AND (k <= 4712220))

table 3 : explain SELECT k FROM sbtest3 WHERE k BETWEEN 4712120 AND 4712220
	Index Only Scan using k_3 on sbtest3  (cost=0.43..6.37 rows=97 width=4)
	  Index Cond: ((k >= 4712120) AND (k <= 4712220))

table 4 : explain SELECT k FROM sbtest4 WHERE k BETWEEN 4712120 AND 4712220
	Index Only Scan using k_4 on sbtest4  (cost=0.43..6.66 rows=111 width=4)
	  Index Cond: ((k >= 4712120) AND (k <= 4712220))

table 5 : explain SELECT k FROM sbtest5 WHERE k BETWEEN 4712120 AND 4712220
	Index Only Scan using k_5 on sbtest5  (cost=0.43..6.58 rows=107 width=4)
	  Index Cond: ((k >= 4712120) AND (k <= 4712220))

table 6 : explain SELECT k FROM sbtest6 WHERE k BETWEEN 4712120 AND 4712220
	Index Only Scan using k_6 on sbtest6  (cost=0.43..6.61 rows=109 width=4)
	  Index Cond: ((k >= 4712120) AND (k <= 4712220))

table 7 : explain SELECT k FROM sbtest7 WHERE k BETWEEN 4712120 AND 4712220
	Index Only Scan using k_7 on sbtest7  (cost=0.43..6.50 rows=103 width=4)
	  Index Cond: ((k >= 4712120) AND (k <= 4712220))

table 8 : explain SELECT k FROM sbtest8 WHERE k BETWEEN 4712120 AND 4712220
	Index Only Scan using k_8 on sbtest8  (cost=0.43..6.43 rows=100 width=4)
	  Index Cond: ((k >= 4712120) AND (k <= 4712220))

explain: for range-covered :: explain SELECT k FROM sbtest%d WHERE k BETWEEN 4712120 AND 4712220
for range-covered
table 1 : explain SELECT k FROM sbtest1 WHERE k BETWEEN 1558482 AND 1558582
	Index Only Scan using k_1 on sbtest1  (cost=0.43..6.50 rows=103 width=4)
	  Index Cond: ((k >= 1558482) AND (k <= 1558582))

table 2 : explain SELECT k FROM sbtest2 WHERE k BETWEEN 1558482 AND 1558582
	Index Only Scan using k_2 on sbtest2  (cost=0.43..6.59 rows=108 width=4)
	  Index Cond: ((k >= 1558482) AND (k <= 1558582))

table 3 : explain SELECT k FROM sbtest3 WHERE k BETWEEN 1558482 AND 1558582
	Index Only Scan using k_3 on sbtest3  (cost=0.43..6.37 rows=97 width=4)
	  Index Cond: ((k >= 1558482) AND (k <= 1558582))

table 4 : explain SELECT k FROM sbtest4 WHERE k BETWEEN 1558482 AND 1558582
	Index Only Scan using k_4 on sbtest4  (cost=0.43..6.37 rows=97 width=4)
	  Index Cond: ((k >= 1558482) AND (k <= 1558582))

table 5 : explain SELECT k FROM sbtest5 WHERE k BETWEEN 1558482 AND 1558582
	Index Only Scan using k_5 on sbtest5  (cost=0.43..6.53 rows=105 width=4)
	  Index Cond: ((k >= 1558482) AND (k <= 1558582))

table 6 : explain SELECT k FROM sbtest6 WHERE k BETWEEN 1558482 AND 1558582
	Index Only Scan using k_6 on sbtest6  (cost=0.43..6.24 rows=90 width=4)
	  Index Cond: ((k >= 1558482) AND (k <= 1558582))

table 7 : explain SELECT k FROM sbtest7 WHERE k BETWEEN 1558482 AND 1558582
	Index Only Scan using k_7 on sbtest7  (cost=0.43..6.29 rows=93 width=4)
	  Index Cond: ((k >= 1558482) AND (k <= 1558582))

table 8 : explain SELECT k FROM sbtest8 WHERE k BETWEEN 1558482 AND 1558582
	Index Only Scan using k_8 on sbtest8  (cost=0.43..6.50 rows=103 width=4)
	  Index Cond: ((k >= 1558482) AND (k <= 1558582))

for range-covered
table 1 : explain SELECT k FROM sbtest1 WHERE k BETWEEN 5914471 AND 5914571
	Index Only Scan using k_1 on sbtest1  (cost=0.43..6.43 rows=100 width=4)
	  Index Cond: ((k >= 5914471) AND (k <= 5914571))

table 2 : explain SELECT k FROM sbtest2 WHERE k BETWEEN 5914471 AND 5914571
	Index Only Scan using k_2 on sbtest2  (cost=0.43..6.51 rows=104 width=4)
	  Index Cond: ((k >= 5914471) AND (k <= 5914571))

table 3 : explain SELECT k FROM sbtest3 WHERE k BETWEEN 5914471 AND 5914571
	Index Only Scan using k_3 on sbtest3  (cost=0.43..6.51 rows=104 width=4)
	  Index Cond: ((k >= 5914471) AND (k <= 5914571))

table 4 : explain SELECT k FROM sbtest4 WHERE k BETWEEN 5914471 AND 5914571
	Index Only Scan using k_4 on sbtest4  (cost=0.43..6.37 rows=97 width=4)
	  Index Cond: ((k >= 5914471) AND (k <= 5914571))

table 5 : explain SELECT k FROM sbtest5 WHERE k BETWEEN 5914471 AND 5914571
	Index Only Scan using k_5 on sbtest5  (cost=0.43..6.45 rows=101 width=4)
	  Index Cond: ((k >= 5914471) AND (k <= 5914571))

table 6 : explain SELECT k FROM sbtest6 WHERE k BETWEEN 5914471 AND 5914571
	Index Only Scan using k_6 on sbtest6  (cost=0.43..6.37 rows=97 width=4)
	  Index Cond: ((k >= 5914471) AND (k <= 5914571))

table 7 : explain SELECT k FROM sbtest7 WHERE k BETWEEN 5914471 AND 5914571
	Index Only Scan using k_7 on sbtest7  (cost=0.43..6.59 rows=108 width=4)
	  Index Cond: ((k >= 5914471) AND (k <= 5914571))

table 8 : explain SELECT k FROM sbtest8 WHERE k BETWEEN 5914471 AND 5914571
	Index Only Scan using k_8 on sbtest8  (cost=0.43..6.50 rows=103 width=4)
	  Index Cond: ((k >= 5914471) AND (k <= 5914571))

explain: for range-covered :: explain SELECT k FROM sbtest%d WHERE k BETWEEN 5914471 AND 5914571
for range-covered
table 1 : explain SELECT k FROM sbtest1 WHERE k BETWEEN 6559966 AND 6560066
	Index Only Scan using k_1 on sbtest1  (cost=0.43..6.47 rows=102 width=4)
	  Index Cond: ((k >= 6559966) AND (k <= 6560066))

table 2 : explain SELECT k FROM sbtest2 WHERE k BETWEEN 6559966 AND 6560066
	Index Only Scan using k_2 on sbtest2  (cost=0.43..6.42 rows=99 width=4)
	  Index Cond: ((k >= 6559966) AND (k <= 6560066))

table 3 : explain SELECT k FROM sbtest3 WHERE k BETWEEN 6559966 AND 6560066
	Index Only Scan using k_3 on sbtest3  (cost=0.43..6.53 rows=105 width=4)
	  Index Cond: ((k >= 6559966) AND (k <= 6560066))

table 4 : explain SELECT k FROM sbtest4 WHERE k BETWEEN 6559966 AND 6560066
	Index Only Scan using k_4 on sbtest4  (cost=0.43..6.43 rows=100 width=4)
	  Index Cond: ((k >= 6559966) AND (k <= 6560066))

table 5 : explain SELECT k FROM sbtest5 WHERE k BETWEEN 6559966 AND 6560066
	Index Only Scan using k_5 on sbtest5  (cost=0.43..6.33 rows=95 width=4)
	  Index Cond: ((k >= 6559966) AND (k <= 6560066))

table 6 : explain SELECT k FROM sbtest6 WHERE k BETWEEN 6559966 AND 6560066
	Index Only Scan using k_6 on sbtest6  (cost=0.43..6.43 rows=100 width=4)
	  Index Cond: ((k >= 6559966) AND (k <= 6560066))

table 7 : explain SELECT k FROM sbtest7 WHERE k BETWEEN 6559966 AND 6560066
	Index Only Scan using k_7 on sbtest7  (cost=0.43..6.37 rows=97 width=4)
	  Index Cond: ((k >= 6559966) AND (k <= 6560066))

table 8 : explain SELECT k FROM sbtest8 WHERE k BETWEEN 6559966 AND 6560066
	Index Only Scan using k_8 on sbtest8  (cost=0.43..6.17 rows=87 width=4)
	  Index Cond: ((k >= 6559966) AND (k <= 6560066))

for range-covered
table 1 : explain SELECT k FROM sbtest1 WHERE k BETWEEN 5624535 AND 5624635
	Index Only Scan using k_1 on sbtest1  (cost=0.43..6.47 rows=102 width=4)
	  Index Cond: ((k >= 5624535) AND (k <= 5624635))

table 2 : explain SELECT k FROM sbtest2 WHERE k BETWEEN 5624535 AND 5624635
	Index Only Scan using k_2 on sbtest2  (cost=0.43..6.56 rows=106 width=4)
	  Index Cond: ((k >= 5624535) AND (k <= 5624635))

table 3 : explain SELECT k FROM sbtest3 WHERE k BETWEEN 5624535 AND 5624635
	Index Only Scan using k_3 on sbtest3  (cost=0.43..6.47 rows=102 width=4)
	  Index Cond: ((k >= 5624535) AND (k <= 5624635))

table 4 : explain SELECT k FROM sbtest4 WHERE k BETWEEN 5624535 AND 5624635
	Index Only Scan using k_4 on sbtest4  (cost=0.43..6.47 rows=102 width=4)
	  Index Cond: ((k >= 5624535) AND (k <= 5624635))

table 5 : explain SELECT k FROM sbtest5 WHERE k BETWEEN 5624535 AND 5624635
	Index Only Scan using k_5 on sbtest5  (cost=0.43..6.59 rows=108 width=4)
	  Index Cond: ((k >= 5624535) AND (k <= 5624635))

table 6 : explain SELECT k FROM sbtest6 WHERE k BETWEEN 5624535 AND 5624635
	Index Only Scan using k_6 on sbtest6  (cost=0.43..6.40 rows=98 width=4)
	  Index Cond: ((k >= 5624535) AND (k <= 5624635))

table 7 : explain SELECT k FROM sbtest7 WHERE k BETWEEN 5624535 AND 5624635
	Index Only Scan using k_7 on sbtest7  (cost=0.43..6.43 rows=100 width=4)
	  Index Cond: ((k >= 5624535) AND (k <= 5624635))

table 8 : explain SELECT k FROM sbtest8 WHERE k BETWEEN 5624535 AND 5624635
	Index Only Scan using k_8 on sbtest8  (cost=0.43..6.35 rows=96 width=4)
	  Index Cond: ((k >= 5624535) AND (k <= 5624635))

explain: for range-covered :: explain SELECT k FROM sbtest%d WHERE k BETWEEN 1558482 AND 1558582
explain: for range-covered :: explain SELECT k FROM sbtest%d WHERE k BETWEEN 5624535 AND 5624635
for range-covered
table 1 : explain SELECT k FROM sbtest1 WHERE k BETWEEN 4712120 AND 4712220
	Index Only Scan using k_1 on sbtest1  (cost=0.43..6.58 rows=107 width=4)
	  Index Cond: ((k >= 4712120) AND (k <= 4712220))

table 2 : explain SELECT k FROM sbtest2 WHERE k BETWEEN 4712120 AND 4712220
	Index Only Scan using k_2 on sbtest2  (cost=0.43..6.35 rows=96 width=4)
	  Index Cond: ((k >= 4712120) AND (k <= 4712220))

table 3 : explain SELECT k FROM sbtest3 WHERE k BETWEEN 4712120 AND 4712220
	Index Only Scan using k_3 on sbtest3  (cost=0.43..6.37 rows=97 width=4)
	  Index Cond: ((k >= 4712120) AND (k <= 4712220))

table 4 : explain SELECT k FROM sbtest4 WHERE k BETWEEN 4712120 AND 4712220
	Index Only Scan using k_4 on sbtest4  (cost=0.43..6.66 rows=111 width=4)
	  Index Cond: ((k >= 4712120) AND (k <= 4712220))

table 5 : explain SELECT k FROM sbtest5 WHERE k BETWEEN 4712120 AND 4712220
	Index Only Scan using k_5 on sbtest5  (cost=0.43..6.58 rows=107 width=4)
	  Index Cond: ((k >= 4712120) AND (k <= 4712220))

table 6 : explain SELECT k FROM sbtest6 WHERE k BETWEEN 4712120 AND 4712220
	Index Only Scan using k_6 on sbtest6  (cost=0.43..6.61 rows=109 width=4)
	  Index Cond: ((k >= 4712120) AND (k <= 4712220))

table 7 : explain SELECT k FROM sbtest7 WHERE k BETWEEN 4712120 AND 4712220
	Index Only Scan using k_7 on sbtest7  (cost=0.43..6.50 rows=103 width=4)
	  Index Cond: ((k >= 4712120) AND (k <= 4712220))

table 8 : explain SELECT k FROM sbtest8 WHERE k BETWEEN 4712120 AND 4712220
	Index Only Scan using k_8 on sbtest8  (cost=0.43..6.43 rows=100 width=4)
	  Index Cond: ((k >= 4712120) AND (k <= 4712220))

explain: for range-covered :: explain SELECT k FROM sbtest%d WHERE k BETWEEN 4712120 AND 4712220
explain: for range-covered :: explain SELECT k FROM sbtest%d WHERE k BETWEEN 6559966 AND 6560066
for range-covered
table 1 : explain SELECT k FROM sbtest1 WHERE k BETWEEN 5914471 AND 5914571
	Index Only Scan using k_1 on sbtest1  (cost=0.43..6.43 rows=100 width=4)
	  Index Cond: ((k >= 5914471) AND (k <= 5914571))

table 2 : explain SELECT k FROM sbtest2 WHERE k BETWEEN 5914471 AND 5914571
	Index Only Scan using k_2 on sbtest2  (cost=0.43..6.51 rows=104 width=4)
	  Index Cond: ((k >= 5914471) AND (k <= 5914571))

table 3 : explain SELECT k FROM sbtest3 WHERE k BETWEEN 5914471 AND 5914571
	Index Only Scan using k_3 on sbtest3  (cost=0.43..6.51 rows=104 width=4)
	  Index Cond: ((k >= 5914471) AND (k <= 5914571))

table 4 : explain SELECT k FROM sbtest4 WHERE k BETWEEN 5914471 AND 5914571
	Index Only Scan using k_4 on sbtest4  (cost=0.43..6.37 rows=97 width=4)
	  Index Cond: ((k >= 5914471) AND (k <= 5914571))

table 5 : explain SELECT k FROM sbtest5 WHERE k BETWEEN 5914471 AND 5914571
	Index Only Scan using k_5 on sbtest5  (cost=0.43..6.45 rows=101 width=4)
	  Index Cond: ((k >= 5914471) AND (k <= 5914571))

table 6 : explain SELECT k FROM sbtest6 WHERE k BETWEEN 5914471 AND 5914571
	Index Only Scan using k_6 on sbtest6  (cost=0.43..6.37 rows=97 width=4)
	  Index Cond: ((k >= 5914471) AND (k <= 5914571))

table 7 : explain SELECT k FROM sbtest7 WHERE k BETWEEN 5914471 AND 5914571
	Index Only Scan using k_7 on sbtest7  (cost=0.43..6.59 rows=108 width=4)
	  Index Cond: ((k >= 5914471) AND (k <= 5914571))

table 8 : explain SELECT k FROM sbtest8 WHERE k BETWEEN 5914471 AND 5914571
	Index Only Scan using k_8 on sbtest8  (cost=0.43..6.50 rows=103 width=4)
	  Index Cond: ((k >= 5914471) AND (k <= 5914571))

explain: for range-covered :: explain SELECT k FROM sbtest%d WHERE k BETWEEN 876922 AND 877022
explain: for range-covered :: explain SELECT k FROM sbtest%d WHERE k BETWEEN 5914471 AND 5914571
for range-covered
table 1 : explain SELECT k FROM sbtest1 WHERE k BETWEEN 2070110 AND 2070210
	Index Only Scan using k_1 on sbtest1  (cost=0.43..6.47 rows=102 width=4)
	  Index Cond: ((k >= 2070110) AND (k <= 2070210))

table 2 : explain SELECT k FROM sbtest2 WHERE k BETWEEN 2070110 AND 2070210
	Index Only Scan using k_2 on sbtest2  (cost=0.43..6.29 rows=93 width=4)
	  Index Cond: ((k >= 2070110) AND (k <= 2070210))

table 3 : explain SELECT k FROM sbtest3 WHERE k BETWEEN 2070110 AND 2070210
	Index Only Scan using k_3 on sbtest3  (cost=0.43..6.51 rows=104 width=4)
	  Index Cond: ((k >= 2070110) AND (k <= 2070210))

table 4 : explain SELECT k FROM sbtest4 WHERE k BETWEEN 2070110 AND 2070210
	Index Only Scan using k_4 on sbtest4  (cost=0.43..6.32 rows=94 width=4)
	  Index Cond: ((k >= 2070110) AND (k <= 2070210))

table 5 : explain SELECT k FROM sbtest5 WHERE k BETWEEN 2070110 AND 2070210
	Index Only Scan using k_5 on sbtest5  (cost=0.43..6.56 rows=106 width=4)
	  Index Cond: ((k >= 2070110) AND (k <= 2070210))

table 6 : explain SELECT k FROM sbtest6 WHERE k BETWEEN 2070110 AND 2070210
	Index Only Scan using k_6 on sbtest6  (cost=0.43..6.42 rows=99 width=4)
	  Index Cond: ((k >= 2070110) AND (k <= 2070210))

table 7 : explain SELECT k FROM sbtest7 WHERE k BETWEEN 2070110 AND 2070210
	Index Only Scan using k_7 on sbtest7  (cost=0.43..6.47 rows=102 width=4)
	  Index Cond: ((k >= 2070110) AND (k <= 2070210))

table 8 : explain SELECT k FROM sbtest8 WHERE k BETWEEN 2070110 AND 2070210
	Index Only Scan using k_8 on sbtest8  (cost=0.43..6.47 rows=102 width=4)
	  Index Cond: ((k >= 2070110) AND (k <= 2070210))

for range-covered
table 1 : explain SELECT k FROM sbtest1 WHERE k BETWEEN 2472367 AND 2472467
	Index Only Scan using k_1 on sbtest1  (cost=0.43..6.47 rows=102 width=4)
	  Index Cond: ((k >= 2472367) AND (k <= 2472467))

table 2 : explain SELECT k FROM sbtest2 WHERE k BETWEEN 2472367 AND 2472467
	Index Only Scan using k_2 on sbtest2  (cost=0.43..6.50 rows=103 width=4)
	  Index Cond: ((k >= 2472367) AND (k <= 2472467))

table 3 : explain SELECT k FROM sbtest3 WHERE k BETWEEN 2472367 AND 2472467
	Index Only Scan using k_3 on sbtest3  (cost=0.43..6.56 rows=106 width=4)
	  Index Cond: ((k >= 2472367) AND (k <= 2472467))

table 4 : explain SELECT k FROM sbtest4 WHERE k BETWEEN 2472367 AND 2472467
	Index Only Scan using k_4 on sbtest4  (cost=0.43..6.45 rows=101 width=4)
	  Index Cond: ((k >= 2472367) AND (k <= 2472467))

table 5 : explain SELECT k FROM sbtest5 WHERE k BETWEEN 2472367 AND 2472467
	Index Only Scan using k_5 on sbtest5  (cost=0.43..6.61 rows=109 width=4)
	  Index Cond: ((k >= 2472367) AND (k <= 2472467))

table 6 : explain SELECT k FROM sbtest6 WHERE k BETWEEN 2472367 AND 2472467
	Index Only Scan using k_6 on sbtest6  (cost=0.43..6.50 rows=103 width=4)
	  Index Cond: ((k >= 2472367) AND (k <= 2472467))

table 7 : explain SELECT k FROM sbtest7 WHERE k BETWEEN 2472367 AND 2472467
	Index Only Scan using k_7 on sbtest7  (cost=0.43..6.56 rows=106 width=4)
	  Index Cond: ((k >= 2472367) AND (k <= 2472467))

table 8 : explain SELECT k FROM sbtest8 WHERE k BETWEEN 2472367 AND 2472467
	Index Only Scan using k_8 on sbtest8  (cost=0.43..6.45 rows=101 width=4)
	  Index Cond: ((k >= 2472367) AND (k <= 2472467))

for range-covered
table 1 : explain SELECT k FROM sbtest1 WHERE k BETWEEN 4712120 AND 4712220
	Index Only Scan using k_1 on sbtest1  (cost=0.43..6.58 rows=107 width=4)
	  Index Cond: ((k >= 4712120) AND (k <= 4712220))

table 2 : explain SELECT k FROM sbtest2 WHERE k BETWEEN 4712120 AND 4712220
	Index Only Scan using k_2 on sbtest2  (cost=0.43..6.35 rows=96 width=4)
	  Index Cond: ((k >= 4712120) AND (k <= 4712220))

table 3 : explain SELECT k FROM sbtest3 WHERE k BETWEEN 4712120 AND 4712220
	Index Only Scan using k_3 on sbtest3  (cost=0.43..6.37 rows=97 width=4)
	  Index Cond: ((k >= 4712120) AND (k <= 4712220))

table 4 : explain SELECT k FROM sbtest4 WHERE k BETWEEN 4712120 AND 4712220
	Index Only Scan using k_4 on sbtest4  (cost=0.43..6.66 rows=111 width=4)
	  Index Cond: ((k >= 4712120) AND (k <= 4712220))

table 5 : explain SELECT k FROM sbtest5 WHERE k BETWEEN 4712120 AND 4712220
	Index Only Scan using k_5 on sbtest5  (cost=0.43..6.58 rows=107 width=4)
	  Index Cond: ((k >= 4712120) AND (k <= 4712220))

table 6 : explain SELECT k FROM sbtest6 WHERE k BETWEEN 4712120 AND 4712220
	Index Only Scan using k_6 on sbtest6  (cost=0.43..6.61 rows=109 width=4)
	  Index Cond: ((k >= 4712120) AND (k <= 4712220))

table 7 : explain SELECT k FROM sbtest7 WHERE k BETWEEN 4712120 AND 4712220
	Index Only Scan using k_7 on sbtest7  (cost=0.43..6.50 rows=103 width=4)
	  Index Cond: ((k >= 4712120) AND (k <= 4712220))

table 8 : explain SELECT k FROM sbtest8 WHERE k BETWEEN 4712120 AND 4712220
	Index Only Scan using k_8 on sbtest8  (cost=0.43..6.43 rows=100 width=4)
	  Index Cond: ((k >= 4712120) AND (k <= 4712220))

explain: for range-covered :: explain SELECT k FROM sbtest%d WHERE k BETWEEN 2472367 AND 2472467
explain: for range-covered :: explain SELECT k FROM sbtest%d WHERE k BETWEEN 4712120 AND 4712220
for range-covered
table 1 : explain SELECT k FROM sbtest1 WHERE k BETWEEN 2043395 AND 2043495
	Index Only Scan using k_1 on sbtest1  (cost=0.43..6.47 rows=102 width=4)
	  Index Cond: ((k >= 2043395) AND (k <= 2043495))

table 2 : explain SELECT k FROM sbtest2 WHERE k BETWEEN 2043395 AND 2043495
	Index Only Scan using k_2 on sbtest2  (cost=0.43..6.29 rows=93 width=4)
	  Index Cond: ((k >= 2043395) AND (k <= 2043495))

table 3 : explain SELECT k FROM sbtest3 WHERE k BETWEEN 2043395 AND 2043495
	Index Only Scan using k_3 on sbtest3  (cost=0.43..6.51 rows=104 width=4)
	  Index Cond: ((k >= 2043395) AND (k <= 2043495))

table 4 : explain SELECT k FROM sbtest4 WHERE k BETWEEN 2043395 AND 2043495
	Index Only Scan using k_4 on sbtest4  (cost=0.43..6.32 rows=94 width=4)
	  Index Cond: ((k >= 2043395) AND (k <= 2043495))

table 5 : explain SELECT k FROM sbtest5 WHERE k BETWEEN 2043395 AND 2043495
	Index Only Scan using k_5 on sbtest5  (cost=0.43..6.56 rows=106 width=4)
	  Index Cond: ((k >= 2043395) AND (k <= 2043495))

table 6 : explain SELECT k FROM sbtest6 WHERE k BETWEEN 2043395 AND 2043495
	Index Only Scan using k_6 on sbtest6  (cost=0.43..6.42 rows=99 width=4)
	  Index Cond: ((k >= 2043395) AND (k <= 2043495))

table 7 : explain SELECT k FROM sbtest7 WHERE k BETWEEN 2043395 AND 2043495
	Index Only Scan using k_7 on sbtest7  (cost=0.43..6.47 rows=102 width=4)
	  Index Cond: ((k >= 2043395) AND (k <= 2043495))

table 8 : explain SELECT k FROM sbtest8 WHERE k BETWEEN 2043395 AND 2043495
	Index Only Scan using k_8 on sbtest8  (cost=0.43..6.47 rows=102 width=4)
	  Index Cond: ((k >= 2043395) AND (k <= 2043495))

for range-covered
table 1 : explain SELECT k FROM sbtest1 WHERE k BETWEEN 8561065 AND 8561165
	Index Only Scan using k_1 on sbtest1  (cost=0.43..6.33 rows=95 width=4)
	  Index Cond: ((k >= 8561065) AND (k <= 8561165))

table 2 : explain SELECT k FROM sbtest2 WHERE k BETWEEN 8561065 AND 8561165
	Index Only Scan using k_2 on sbtest2  (cost=0.43..6.61 rows=109 width=4)
	  Index Cond: ((k >= 8561065) AND (k <= 8561165))

table 3 : explain SELECT k FROM sbtest3 WHERE k BETWEEN 8561065 AND 8561165
	Index Only Scan using k_3 on sbtest3  (cost=0.43..6.42 rows=99 width=4)
	  Index Cond: ((k >= 8561065) AND (k <= 8561165))

table 4 : explain SELECT k FROM sbtest4 WHERE k BETWEEN 8561065 AND 8561165
	Index Only Scan using k_4 on sbtest4  (cost=0.43..6.58 rows=107 width=4)
	  Index Cond: ((k >= 8561065) AND (k <= 8561165))

table 5 : explain SELECT k FROM sbtest5 WHERE k BETWEEN 8561065 AND 8561165
	Index Only Scan using k_5 on sbtest5  (cost=0.43..6.37 rows=97 width=4)
	  Index Cond: ((k >= 8561065) AND (k <= 8561165))

table 6 : explain SELECT k FROM sbtest6 WHERE k BETWEEN 8561065 AND 8561165
	Index Only Scan using k_6 on sbtest6  (cost=0.43..6.59 rows=108 width=4)
	  Index Cond: ((k >= 8561065) AND (k <= 8561165))

table 7 : explain SELECT k FROM sbtest7 WHERE k BETWEEN 8561065 AND 8561165
	Index Only Scan using k_7 on sbtest7  (cost=0.43..6.42 rows=99 width=4)
	  Index Cond: ((k >= 8561065) AND (k <= 8561165))

table 8 : explain SELECT k FROM sbtest8 WHERE k BETWEEN 8561065 AND 8561165
	Index Only Scan using k_8 on sbtest8  (cost=0.43..6.61 rows=109 width=4)
	  Index Cond: ((k >= 8561065) AND (k <= 8561165))

explain: for range-covered :: explain SELECT k FROM sbtest%d WHERE k BETWEEN 8561065 AND 8561165
for range-covered
table 1 : explain SELECT k FROM sbtest1 WHERE k BETWEEN 5624535 AND 5624635
	Index Only Scan using k_1 on sbtest1  (cost=0.43..6.47 rows=102 width=4)
	  Index Cond: ((k >= 5624535) AND (k <= 5624635))

table 2 : explain SELECT k FROM sbtest2 WHERE k BETWEEN 5624535 AND 5624635
	Index Only Scan using k_2 on sbtest2  (cost=0.43..6.56 rows=106 width=4)
	  Index Cond: ((k >= 5624535) AND (k <= 5624635))

table 3 : explain SELECT k FROM sbtest3 WHERE k BETWEEN 5624535 AND 5624635
	Index Only Scan using k_3 on sbtest3  (cost=0.43..6.47 rows=102 width=4)
	  Index Cond: ((k >= 5624535) AND (k <= 5624635))

table 4 : explain SELECT k FROM sbtest4 WHERE k BETWEEN 5624535 AND 5624635
	Index Only Scan using k_4 on sbtest4  (cost=0.43..6.47 rows=102 width=4)
	  Index Cond: ((k >= 5624535) AND (k <= 5624635))

table 5 : explain SELECT k FROM sbtest5 WHERE k BETWEEN 5624535 AND 5624635
	Index Only Scan using k_5 on sbtest5  (cost=0.43..6.59 rows=108 width=4)
	  Index Cond: ((k >= 5624535) AND (k <= 5624635))

table 6 : explain SELECT k FROM sbtest6 WHERE k BETWEEN 5624535 AND 5624635
	Index Only Scan using k_6 on sbtest6  (cost=0.43..6.40 rows=98 width=4)
	  Index Cond: ((k >= 5624535) AND (k <= 5624635))

table 7 : explain SELECT k FROM sbtest7 WHERE k BETWEEN 5624535 AND 5624635
	Index Only Scan using k_7 on sbtest7  (cost=0.43..6.43 rows=100 width=4)
	  Index Cond: ((k >= 5624535) AND (k <= 5624635))

table 8 : explain SELECT k FROM sbtest8 WHERE k BETWEEN 5624535 AND 5624635
	Index Only Scan using k_8 on sbtest8  (cost=0.43..6.35 rows=96 width=4)
	  Index Cond: ((k >= 5624535) AND (k <= 5624635))

explain: for range-covered :: explain SELECT k FROM sbtest%d WHERE k BETWEEN 5624535 AND 5624635
for range-covered
table 1 : explain SELECT k FROM sbtest1 WHERE k BETWEEN 5914471 AND 5914571
	Index Only Scan using k_1 on sbtest1  (cost=0.43..6.43 rows=100 width=4)
	  Index Cond: ((k >= 5914471) AND (k <= 5914571))

table 2 : explain SELECT k FROM sbtest2 WHERE k BETWEEN 5914471 AND 5914571
	Index Only Scan using k_2 on sbtest2  (cost=0.43..6.51 rows=104 width=4)
	  Index Cond: ((k >= 5914471) AND (k <= 5914571))

table 3 : explain SELECT k FROM sbtest3 WHERE k BETWEEN 5914471 AND 5914571
	Index Only Scan using k_3 on sbtest3  (cost=0.43..6.51 rows=104 width=4)
	  Index Cond: ((k >= 5914471) AND (k <= 5914571))

table 4 : explain SELECT k FROM sbtest4 WHERE k BETWEEN 5914471 AND 5914571
	Index Only Scan using k_4 on sbtest4  (cost=0.43..6.37 rows=97 width=4)
	  Index Cond: ((k >= 5914471) AND (k <= 5914571))

table 5 : explain SELECT k FROM sbtest5 WHERE k BETWEEN 5914471 AND 5914571
	Index Only Scan using k_5 on sbtest5  (cost=0.43..6.45 rows=101 width=4)
	  Index Cond: ((k >= 5914471) AND (k <= 5914571))

table 6 : explain SELECT k FROM sbtest6 WHERE k BETWEEN 5914471 AND 5914571
	Index Only Scan using k_6 on sbtest6  (cost=0.43..6.37 rows=97 width=4)
	  Index Cond: ((k >= 5914471) AND (k <= 5914571))

table 7 : explain SELECT k FROM sbtest7 WHERE k BETWEEN 5914471 AND 5914571
	Index Only Scan using k_7 on sbtest7  (cost=0.43..6.59 rows=108 width=4)
	  Index Cond: ((k >= 5914471) AND (k <= 5914571))

table 8 : explain SELECT k FROM sbtest8 WHERE k BETWEEN 5914471 AND 5914571
	Index Only Scan using k_8 on sbtest8  (cost=0.43..6.50 rows=103 width=4)
	  Index Cond: ((k >= 5914471) AND (k <= 5914571))

for range-covered
table 1 : explain SELECT k FROM sbtest1 WHERE k BETWEEN 1558482 AND 1558582
	Index Only Scan using k_1 on sbtest1  (cost=0.43..6.50 rows=103 width=4)
	  Index Cond: ((k >= 1558482) AND (k <= 1558582))

table 2 : explain SELECT k FROM sbtest2 WHERE k BETWEEN 1558482 AND 1558582
	Index Only Scan using k_2 on sbtest2  (cost=0.43..6.59 rows=108 width=4)
	  Index Cond: ((k >= 1558482) AND (k <= 1558582))

table 3 : explain SELECT k FROM sbtest3 WHERE k BETWEEN 1558482 AND 1558582
	Index Only Scan using k_3 on sbtest3  (cost=0.43..6.37 rows=97 width=4)
	  Index Cond: ((k >= 1558482) AND (k <= 1558582))

table 4 : explain SELECT k FROM sbtest4 WHERE k BETWEEN 1558482 AND 1558582
	Index Only Scan using k_4 on sbtest4  (cost=0.43..6.37 rows=97 width=4)
	  Index Cond: ((k >= 1558482) AND (k <= 1558582))

table 5 : explain SELECT k FROM sbtest5 WHERE k BETWEEN 1558482 AND 1558582
	Index Only Scan using k_5 on sbtest5  (cost=0.43..6.53 rows=105 width=4)
	  Index Cond: ((k >= 1558482) AND (k <= 1558582))

table 6 : explain SELECT k FROM sbtest6 WHERE k BETWEEN 1558482 AND 1558582
	Index Only Scan using k_6 on sbtest6  (cost=0.43..6.24 rows=90 width=4)
	  Index Cond: ((k >= 1558482) AND (k <= 1558582))

table 7 : explain SELECT k FROM sbtest7 WHERE k BETWEEN 1558482 AND 1558582
	Index Only Scan using k_7 on sbtest7  (cost=0.43..6.29 rows=93 width=4)
	  Index Cond: ((k >= 1558482) AND (k <= 1558582))

table 8 : explain SELECT k FROM sbtest8 WHERE k BETWEEN 1558482 AND 1558582
	Index Only Scan using k_8 on sbtest8  (cost=0.43..6.50 rows=103 width=4)
	  Index Cond: ((k >= 1558482) AND (k <= 1558582))

explain: for range-covered :: explain SELECT k FROM sbtest%d WHERE k BETWEEN 5914471 AND 5914571
explain: for range-covered :: explain SELECT k FROM sbtest%d WHERE k BETWEEN 1558482 AND 1558582
for range-covered
table 1 : explain SELECT k FROM sbtest1 WHERE k BETWEEN 8322105 AND 8322205
	Index Only Scan using k_1 on sbtest1  (cost=0.43..6.43 rows=100 width=4)
	  Index Cond: ((k >= 8322105) AND (k <= 8322205))

table 2 : explain SELECT k FROM sbtest2 WHERE k BETWEEN 8322105 AND 8322205
	Index Only Scan using k_2 on sbtest2  (cost=0.43..6.45 rows=101 width=4)
	  Index Cond: ((k >= 8322105) AND (k <= 8322205))

table 3 : explain SELECT k FROM sbtest3 WHERE k BETWEEN 8322105 AND 8322205
	Index Only Scan using k_3 on sbtest3  (cost=0.43..6.50 rows=103 width=4)
	  Index Cond: ((k >= 8322105) AND (k <= 8322205))

table 4 : explain SELECT k FROM sbtest4 WHERE k BETWEEN 8322105 AND 8322205
	Index Only Scan using k_4 on sbtest4  (cost=0.43..6.61 rows=109 width=4)
	  Index Cond: ((k >= 8322105) AND (k <= 8322205))

table 5 : explain SELECT k FROM sbtest5 WHERE k BETWEEN 8322105 AND 8322205
	Index Only Scan using k_5 on sbtest5  (cost=0.43..6.51 rows=104 width=4)
	  Index Cond: ((k >= 8322105) AND (k <= 8322205))

table 6 : explain SELECT k FROM sbtest6 WHERE k BETWEEN 8322105 AND 8322205
	Index Only Scan using k_6 on sbtest6  (cost=0.43..6.43 rows=100 width=4)
	  Index Cond: ((k >= 8322105) AND (k <= 8322205))

table 7 : explain SELECT k FROM sbtest7 WHERE k BETWEEN 8322105 AND 8322205
	Index Only Scan using k_7 on sbtest7  (cost=0.43..6.43 rows=100 width=4)
	  Index Cond: ((k >= 8322105) AND (k <= 8322205))

table 8 : explain SELECT k FROM sbtest8 WHERE k BETWEEN 8322105 AND 8322205
	Index Only Scan using k_8 on sbtest8  (cost=0.43..6.43 rows=100 width=4)
	  Index Cond: ((k >= 8322105) AND (k <= 8322205))

for range-covered
table 1 : explain SELECT k FROM sbtest1 WHERE k BETWEEN 4712120 AND 4712220
	Index Only Scan using k_1 on sbtest1  (cost=0.43..6.58 rows=107 width=4)
	  Index Cond: ((k >= 4712120) AND (k <= 4712220))

table 2 : explain SELECT k FROM sbtest2 WHERE k BETWEEN 4712120 AND 4712220
	Index Only Scan using k_2 on sbtest2  (cost=0.43..6.35 rows=96 width=4)
	  Index Cond: ((k >= 4712120) AND (k <= 4712220))

table 3 : explain SELECT k FROM sbtest3 WHERE k BETWEEN 4712120 AND 4712220
	Index Only Scan using k_3 on sbtest3  (cost=0.43..6.37 rows=97 width=4)
	  Index Cond: ((k >= 4712120) AND (k <= 4712220))

table 4 : explain SELECT k FROM sbtest4 WHERE k BETWEEN 4712120 AND 4712220
	Index Only Scan using k_4 on sbtest4  (cost=0.43..6.66 rows=111 width=4)
	  Index Cond: ((k >= 4712120) AND (k <= 4712220))

table 5 : explain SELECT k FROM sbtest5 WHERE k BETWEEN 4712120 AND 4712220
	Index Only Scan using k_5 on sbtest5  (cost=0.43..6.58 rows=107 width=4)
	  Index Cond: ((k >= 4712120) AND (k <= 4712220))

table 6 : explain SELECT k FROM sbtest6 WHERE k BETWEEN 4712120 AND 4712220
	Index Only Scan using k_6 on sbtest6  (cost=0.43..6.61 rows=109 width=4)
	  Index Cond: ((k >= 4712120) AND (k <= 4712220))

table 7 : explain SELECT k FROM sbtest7 WHERE k BETWEEN 4712120 AND 4712220
	Index Only Scan using k_7 on sbtest7  (cost=0.43..6.50 rows=103 width=4)
	  Index Cond: ((k >= 4712120) AND (k <= 4712220))

table 8 : explain SELECT k FROM sbtest8 WHERE k BETWEEN 4712120 AND 4712220
	Index Only Scan using k_8 on sbtest8  (cost=0.43..6.43 rows=100 width=4)
	  Index Cond: ((k >= 4712120) AND (k <= 4712220))

for range-covered
table 1 : explain SELECT k FROM sbtest1 WHERE k BETWEEN 2472367 AND 2472467
	Index Only Scan using k_1 on sbtest1  (cost=0.43..6.47 rows=102 width=4)
	  Index Cond: ((k >= 2472367) AND (k <= 2472467))

table 2 : explain SELECT k FROM sbtest2 WHERE k BETWEEN 2472367 AND 2472467
	Index Only Scan using k_2 on sbtest2  (cost=0.43..6.50 rows=103 width=4)
	  Index Cond: ((k >= 2472367) AND (k <= 2472467))

table 3 : explain SELECT k FROM sbtest3 WHERE k BETWEEN 2472367 AND 2472467
	Index Only Scan using k_3 on sbtest3  (cost=0.43..6.56 rows=106 width=4)
	  Index Cond: ((k >= 2472367) AND (k <= 2472467))

table 4 : explain SELECT k FROM sbtest4 WHERE k BETWEEN 2472367 AND 2472467
	Index Only Scan using k_4 on sbtest4  (cost=0.43..6.45 rows=101 width=4)
	  Index Cond: ((k >= 2472367) AND (k <= 2472467))

table 5 : explain SELECT k FROM sbtest5 WHERE k BETWEEN 2472367 AND 2472467
	Index Only Scan using k_5 on sbtest5  (cost=0.43..6.61 rows=109 width=4)
	  Index Cond: ((k >= 2472367) AND (k <= 2472467))

table 6 : explain SELECT k FROM sbtest6 WHERE k BETWEEN 2472367 AND 2472467
	Index Only Scan using k_6 on sbtest6  (cost=0.43..6.50 rows=103 width=4)
	  Index Cond: ((k >= 2472367) AND (k <= 2472467))

table 7 : explain SELECT k FROM sbtest7 WHERE k BETWEEN 2472367 AND 2472467
	Index Only Scan using k_7 on sbtest7  (cost=0.43..6.56 rows=106 width=4)
	  Index Cond: ((k >= 2472367) AND (k <= 2472467))

table 8 : explain SELECT k FROM sbtest8 WHERE k BETWEEN 2472367 AND 2472467
	Index Only Scan using k_8 on sbtest8  (cost=0.43..6.45 rows=101 width=4)
	  Index Cond: ((k >= 2472367) AND (k <= 2472467))

explain: for range-covered :: explain SELECT k FROM sbtest%d WHERE k BETWEEN 8322105 AND 8322205
explain: for range-covered :: explain SELECT k FROM sbtest%d WHERE k BETWEEN 4712120 AND 4712220
explain: for range-covered :: explain SELECT k FROM sbtest%d WHERE k BETWEEN 2472367 AND 2472467
for range-covered
table 1 : explain SELECT k FROM sbtest1 WHERE k BETWEEN 6559966 AND 6560066
	Index Only Scan using k_1 on sbtest1  (cost=0.43..6.47 rows=102 width=4)
	  Index Cond: ((k >= 6559966) AND (k <= 6560066))

table 2 : explain SELECT k FROM sbtest2 WHERE k BETWEEN 6559966 AND 6560066
	Index Only Scan using k_2 on sbtest2  (cost=0.43..6.42 rows=99 width=4)
	  Index Cond: ((k >= 6559966) AND (k <= 6560066))

table 3 : explain SELECT k FROM sbtest3 WHERE k BETWEEN 6559966 AND 6560066
	Index Only Scan using k_3 on sbtest3  (cost=0.43..6.53 rows=105 width=4)
	  Index Cond: ((k >= 6559966) AND (k <= 6560066))

table 4 : explain SELECT k FROM sbtest4 WHERE k BETWEEN 6559966 AND 6560066
	Index Only Scan using k_4 on sbtest4  (cost=0.43..6.43 rows=100 width=4)
	  Index Cond: ((k >= 6559966) AND (k <= 6560066))

table 5 : explain SELECT k FROM sbtest5 WHERE k BETWEEN 6559966 AND 6560066
	Index Only Scan using k_5 on sbtest5  (cost=0.43..6.33 rows=95 width=4)
	  Index Cond: ((k >= 6559966) AND (k <= 6560066))

table 6 : explain SELECT k FROM sbtest6 WHERE k BETWEEN 6559966 AND 6560066
	Index Only Scan using k_6 on sbtest6  (cost=0.43..6.43 rows=100 width=4)
	  Index Cond: ((k >= 6559966) AND (k <= 6560066))

table 7 : explain SELECT k FROM sbtest7 WHERE k BETWEEN 6559966 AND 6560066
	Index Only Scan using k_7 on sbtest7  (cost=0.43..6.37 rows=97 width=4)
	  Index Cond: ((k >= 6559966) AND (k <= 6560066))

table 8 : explain SELECT k FROM sbtest8 WHERE k BETWEEN 6559966 AND 6560066
	Index Only Scan using k_8 on sbtest8  (cost=0.43..6.17 rows=87 width=4)
	  Index Cond: ((k >= 6559966) AND (k <= 6560066))

for range-covered
table 1 : explain SELECT k FROM sbtest1 WHERE k BETWEEN 8561065 AND 8561165
	Index Only Scan using k_1 on sbtest1  (cost=0.43..6.33 rows=95 width=4)
	  Index Cond: ((k >= 8561065) AND (k <= 8561165))

table 2 : explain SELECT k FROM sbtest2 WHERE k BETWEEN 8561065 AND 8561165
	Index Only Scan using k_2 on sbtest2  (cost=0.43..6.61 rows=109 width=4)
	  Index Cond: ((k >= 8561065) AND (k <= 8561165))

table 3 : explain SELECT k FROM sbtest3 WHERE k BETWEEN 8561065 AND 8561165
	Index Only Scan using k_3 on sbtest3  (cost=0.43..6.42 rows=99 width=4)
	  Index Cond: ((k >= 8561065) AND (k <= 8561165))

table 4 : explain SELECT k FROM sbtest4 WHERE k BETWEEN 8561065 AND 8561165
	Index Only Scan using k_4 on sbtest4  (cost=0.43..6.58 rows=107 width=4)
	  Index Cond: ((k >= 8561065) AND (k <= 8561165))

table 5 : explain SELECT k FROM sbtest5 WHERE k BETWEEN 8561065 AND 8561165
	Index Only Scan using k_5 on sbtest5  (cost=0.43..6.37 rows=97 width=4)
	  Index Cond: ((k >= 8561065) AND (k <= 8561165))

table 6 : explain SELECT k FROM sbtest6 WHERE k BETWEEN 8561065 AND 8561165
	Index Only Scan using k_6 on sbtest6  (cost=0.43..6.59 rows=108 width=4)
	  Index Cond: ((k >= 8561065) AND (k <= 8561165))

table 7 : explain SELECT k FROM sbtest7 WHERE k BETWEEN 8561065 AND 8561165
	Index Only Scan using k_7 on sbtest7  (cost=0.43..6.42 rows=99 width=4)
	  Index Cond: ((k >= 8561065) AND (k <= 8561165))

table 8 : explain SELECT k FROM sbtest8 WHERE k BETWEEN 8561065 AND 8561165
	Index Only Scan using k_8 on sbtest8  (cost=0.43..6.61 rows=109 width=4)
	  Index Cond: ((k >= 8561065) AND (k <= 8561165))

explain: for range-covered :: explain SELECT k FROM sbtest%d WHERE k BETWEEN 8561065 AND 8561165
explain: for range-covered :: explain SELECT k FROM sbtest%d WHERE k BETWEEN 6559966 AND 6560066
for range-covered
table 1 : explain SELECT k FROM sbtest1 WHERE k BETWEEN 5914471 AND 5914571
	Index Only Scan using k_1 on sbtest1  (cost=0.43..6.43 rows=100 width=4)
	  Index Cond: ((k >= 5914471) AND (k <= 5914571))

table 2 : explain SELECT k FROM sbtest2 WHERE k BETWEEN 5914471 AND 5914571
	Index Only Scan using k_2 on sbtest2  (cost=0.43..6.51 rows=104 width=4)
	  Index Cond: ((k >= 5914471) AND (k <= 5914571))

table 3 : explain SELECT k FROM sbtest3 WHERE k BETWEEN 5914471 AND 5914571
	Index Only Scan using k_3 on sbtest3  (cost=0.43..6.51 rows=104 width=4)
	  Index Cond: ((k >= 5914471) AND (k <= 5914571))

table 4 : explain SELECT k FROM sbtest4 WHERE k BETWEEN 5914471 AND 5914571
	Index Only Scan using k_4 on sbtest4  (cost=0.43..6.37 rows=97 width=4)
	  Index Cond: ((k >= 5914471) AND (k <= 5914571))

table 5 : explain SELECT k FROM sbtest5 WHERE k BETWEEN 5914471 AND 5914571
	Index Only Scan using k_5 on sbtest5  (cost=0.43..6.45 rows=101 width=4)
	  Index Cond: ((k >= 5914471) AND (k <= 5914571))

table 6 : explain SELECT k FROM sbtest6 WHERE k BETWEEN 5914471 AND 5914571
	Index Only Scan using k_6 on sbtest6  (cost=0.43..6.37 rows=97 width=4)
	  Index Cond: ((k >= 5914471) AND (k <= 5914571))

table 7 : explain SELECT k FROM sbtest7 WHERE k BETWEEN 5914471 AND 5914571
	Index Only Scan using k_7 on sbtest7  (cost=0.43..6.59 rows=108 width=4)
	  Index Cond: ((k >= 5914471) AND (k <= 5914571))

table 8 : explain SELECT k FROM sbtest8 WHERE k BETWEEN 5914471 AND 5914571
	Index Only Scan using k_8 on sbtest8  (cost=0.43..6.50 rows=103 width=4)
	  Index Cond: ((k >= 5914471) AND (k <= 5914571))

explain: for range-covered :: explain SELECT k FROM sbtest%d WHERE k BETWEEN 5914471 AND 5914571
for range-covered
table 1 : explain SELECT k FROM sbtest1 WHERE k BETWEEN 2472367 AND 2472467
	Index Only Scan using k_1 on sbtest1  (cost=0.43..6.47 rows=102 width=4)
	  Index Cond: ((k >= 2472367) AND (k <= 2472467))

table 2 : explain SELECT k FROM sbtest2 WHERE k BETWEEN 2472367 AND 2472467
	Index Only Scan using k_2 on sbtest2  (cost=0.43..6.50 rows=103 width=4)
	  Index Cond: ((k >= 2472367) AND (k <= 2472467))

table 3 : explain SELECT k FROM sbtest3 WHERE k BETWEEN 2472367 AND 2472467
	Index Only Scan using k_3 on sbtest3  (cost=0.43..6.56 rows=106 width=4)
	  Index Cond: ((k >= 2472367) AND (k <= 2472467))

table 4 : explain SELECT k FROM sbtest4 WHERE k BETWEEN 2472367 AND 2472467
	Index Only Scan using k_4 on sbtest4  (cost=0.43..6.45 rows=101 width=4)
	  Index Cond: ((k >= 2472367) AND (k <= 2472467))

table 5 : explain SELECT k FROM sbtest5 WHERE k BETWEEN 2472367 AND 2472467
	Index Only Scan using k_5 on sbtest5  (cost=0.43..6.61 rows=109 width=4)
	  Index Cond: ((k >= 2472367) AND (k <= 2472467))

table 6 : explain SELECT k FROM sbtest6 WHERE k BETWEEN 2472367 AND 2472467
	Index Only Scan using k_6 on sbtest6  (cost=0.43..6.50 rows=103 width=4)
	  Index Cond: ((k >= 2472367) AND (k <= 2472467))

table 7 : explain SELECT k FROM sbtest7 WHERE k BETWEEN 2472367 AND 2472467
	Index Only Scan using k_7 on sbtest7  (cost=0.43..6.56 rows=106 width=4)
	  Index Cond: ((k >= 2472367) AND (k <= 2472467))

table 8 : explain SELECT k FROM sbtest8 WHERE k BETWEEN 2472367 AND 2472467
	Index Only Scan using k_8 on sbtest8  (cost=0.43..6.45 rows=101 width=4)
	  Index Cond: ((k >= 2472367) AND (k <= 2472467))

for range-covered
table 1 : explain SELECT k FROM sbtest1 WHERE k BETWEEN 4712120 AND 4712220
	Index Only Scan using k_1 on sbtest1  (cost=0.43..6.58 rows=107 width=4)
	  Index Cond: ((k >= 4712120) AND (k <= 4712220))

table 2 : explain SELECT k FROM sbtest2 WHERE k BETWEEN 4712120 AND 4712220
	Index Only Scan using k_2 on sbtest2  (cost=0.43..6.35 rows=96 width=4)
	  Index Cond: ((k >= 4712120) AND (k <= 4712220))

table 3 : explain SELECT k FROM sbtest3 WHERE k BETWEEN 4712120 AND 4712220
	Index Only Scan using k_3 on sbtest3  (cost=0.43..6.37 rows=97 width=4)
	  Index Cond: ((k >= 4712120) AND (k <= 4712220))

table 4 : explain SELECT k FROM sbtest4 WHERE k BETWEEN 4712120 AND 4712220
	Index Only Scan using k_4 on sbtest4  (cost=0.43..6.66 rows=111 width=4)
	  Index Cond: ((k >= 4712120) AND (k <= 4712220))

table 5 : explain SELECT k FROM sbtest5 WHERE k BETWEEN 4712120 AND 4712220
	Index Only Scan using k_5 on sbtest5  (cost=0.43..6.58 rows=107 width=4)
	  Index Cond: ((k >= 4712120) AND (k <= 4712220))

table 6 : explain SELECT k FROM sbtest6 WHERE k BETWEEN 4712120 AND 4712220
	Index Only Scan using k_6 on sbtest6  (cost=0.43..6.61 rows=109 width=4)
	  Index Cond: ((k >= 4712120) AND (k <= 4712220))

table 7 : explain SELECT k FROM sbtest7 WHERE k BETWEEN 4712120 AND 4712220
	Index Only Scan using k_7 on sbtest7  (cost=0.43..6.50 rows=103 width=4)
	  Index Cond: ((k >= 4712120) AND (k <= 4712220))

table 8 : explain SELECT k FROM sbtest8 WHERE k BETWEEN 4712120 AND 4712220
	Index Only Scan using k_8 on sbtest8  (cost=0.43..6.43 rows=100 width=4)
	  Index Cond: ((k >= 4712120) AND (k <= 4712220))

for range-covered
table 1 : explain SELECT k FROM sbtest1 WHERE k BETWEEN 8322105 AND 8322205
	Index Only Scan using k_1 on sbtest1  (cost=0.43..6.43 rows=100 width=4)
	  Index Cond: ((k >= 8322105) AND (k <= 8322205))

table 2 : explain SELECT k FROM sbtest2 WHERE k BETWEEN 8322105 AND 8322205
	Index Only Scan using k_2 on sbtest2  (cost=0.43..6.45 rows=101 width=4)
	  Index Cond: ((k >= 8322105) AND (k <= 8322205))

table 3 : explain SELECT k FROM sbtest3 WHERE k BETWEEN 8322105 AND 8322205
	Index Only Scan using k_3 on sbtest3  (cost=0.43..6.50 rows=103 width=4)
	  Index Cond: ((k >= 8322105) AND (k <= 8322205))

table 4 : explain SELECT k FROM sbtest4 WHERE k BETWEEN 8322105 AND 8322205
	Index Only Scan using k_4 on sbtest4  (cost=0.43..6.61 rows=109 width=4)
	  Index Cond: ((k >= 8322105) AND (k <= 8322205))

table 5 : explain SELECT k FROM sbtest5 WHERE k BETWEEN 8322105 AND 8322205
	Index Only Scan using k_5 on sbtest5  (cost=0.43..6.51 rows=104 width=4)
	  Index Cond: ((k >= 8322105) AND (k <= 8322205))

table 6 : explain SELECT k FROM sbtest6 WHERE k BETWEEN 8322105 AND 8322205
	Index Only Scan using k_6 on sbtest6  (cost=0.43..6.43 rows=100 width=4)
	  Index Cond: ((k >= 8322105) AND (k <= 8322205))

table 7 : explain SELECT k FROM sbtest7 WHERE k BETWEEN 8322105 AND 8322205
	Index Only Scan using k_7 on sbtest7  (cost=0.43..6.43 rows=100 width=4)
	  Index Cond: ((k >= 8322105) AND (k <= 8322205))

table 8 : explain SELECT k FROM sbtest8 WHERE k BETWEEN 8322105 AND 8322205
	Index Only Scan using k_8 on sbtest8  (cost=0.43..6.43 rows=100 width=4)
	  Index Cond: ((k >= 8322105) AND (k <= 8322205))

explain: for range-covered :: explain SELECT k FROM sbtest%d WHERE k BETWEEN 8322105 AND 8322205
explain: for range-covered :: explain SELECT k FROM sbtest%d WHERE k BETWEEN 4712120 AND 4712220
for range-covered
table 1 : explain SELECT k FROM sbtest1 WHERE k BETWEEN 1870609 AND 1870709
	Index Only Scan using k_1 on sbtest1  (cost=0.43..6.37 rows=97 width=4)
	  Index Cond: ((k >= 1870609) AND (k <= 1870709))

table 2 : explain SELECT k FROM sbtest2 WHERE k BETWEEN 1870609 AND 1870709
	Index Only Scan using k_2 on sbtest2  (cost=0.43..6.47 rows=102 width=4)
	  Index Cond: ((k >= 1870609) AND (k <= 1870709))

table 3 : explain SELECT k FROM sbtest3 WHERE k BETWEEN 1870609 AND 1870709
	Index Only Scan using k_3 on sbtest3  (cost=0.43..6.37 rows=97 width=4)
	  Index Cond: ((k >= 1870609) AND (k <= 1870709))

table 4 : explain SELECT k FROM sbtest4 WHERE k BETWEEN 1870609 AND 1870709
	Index Only Scan using k_4 on sbtest4  (cost=0.43..6.43 rows=100 width=4)
	  Index Cond: ((k >= 1870609) AND (k <= 1870709))

table 5 : explain SELECT k FROM sbtest5 WHERE k BETWEEN 1870609 AND 1870709
	Index Only Scan using k_5 on sbtest5  (cost=0.43..6.50 rows=103 width=4)
	  Index Cond: ((k >= 1870609) AND (k <= 1870709))

table 6 : explain SELECT k FROM sbtest6 WHERE k BETWEEN 1870609 AND 1870709
	Index Only Scan using k_6 on sbtest6  (cost=0.43..6.67 rows=112 width=4)
	  Index Cond: ((k >= 1870609) AND (k <= 1870709))

table 7 : explain SELECT k FROM sbtest7 WHERE k BETWEEN 1870609 AND 1870709
	Index Only Scan using k_7 on sbtest7  (cost=0.43..6.56 rows=106 width=4)
	  Index Cond: ((k >= 1870609) AND (k <= 1870709))

table 8 : explain SELECT k FROM sbtest8 WHERE k BETWEEN 1870609 AND 1870709
	Index Only Scan using k_8 on sbtest8  (cost=0.43..6.40 rows=98 width=4)
	  Index Cond: ((k >= 1870609) AND (k <= 1870709))

for range-covered
table 1 : explain SELECT k FROM sbtest1 WHERE k BETWEEN 8561065 AND 8561165
	Index Only Scan using k_1 on sbtest1  (cost=0.43..6.33 rows=95 width=4)
	  Index Cond: ((k >= 8561065) AND (k <= 8561165))

table 2 : explain SELECT k FROM sbtest2 WHERE k BETWEEN 8561065 AND 8561165
	Index Only Scan using k_2 on sbtest2  (cost=0.43..6.61 rows=109 width=4)
	  Index Cond: ((k >= 8561065) AND (k <= 8561165))

table 3 : explain SELECT k FROM sbtest3 WHERE k BETWEEN 8561065 AND 8561165
	Index Only Scan using k_3 on sbtest3  (cost=0.43..6.42 rows=99 width=4)
	  Index Cond: ((k >= 8561065) AND (k <= 8561165))

table 4 : explain SELECT k FROM sbtest4 WHERE k BETWEEN 8561065 AND 8561165
	Index Only Scan using k_4 on sbtest4  (cost=0.43..6.58 rows=107 width=4)
	  Index Cond: ((k >= 8561065) AND (k <= 8561165))

table 5 : explain SELECT k FROM sbtest5 WHERE k BETWEEN 8561065 AND 8561165
	Index Only Scan using k_5 on sbtest5  (cost=0.43..6.37 rows=97 width=4)
	  Index Cond: ((k >= 8561065) AND (k <= 8561165))

table 6 : explain SELECT k FROM sbtest6 WHERE k BETWEEN 8561065 AND 8561165
	Index Only Scan using k_6 on sbtest6  (cost=0.43..6.59 rows=108 width=4)
	  Index Cond: ((k >= 8561065) AND (k <= 8561165))

table 7 : explain SELECT k FROM sbtest7 WHERE k BETWEEN 8561065 AND 8561165
	Index Only Scan using k_7 on sbtest7  (cost=0.43..6.42 rows=99 width=4)
	  Index Cond: ((k >= 8561065) AND (k <= 8561165))

table 8 : explain SELECT k FROM sbtest8 WHERE k BETWEEN 8561065 AND 8561165
	Index Only Scan using k_8 on sbtest8  (cost=0.43..6.61 rows=109 width=4)
	  Index Cond: ((k >= 8561065) AND (k <= 8561165))

explain: for range-covered :: explain SELECT k FROM sbtest%d WHERE k BETWEEN 1870609 AND 1870709
explain: for range-covered :: explain SELECT k FROM sbtest%d WHERE k BETWEEN 8561065 AND 8561165
for range-covered
table 1 : explain SELECT k FROM sbtest1 WHERE k BETWEEN 5329381 AND 5329481
	Index Only Scan using k_1 on sbtest1  (cost=0.43..6.43 rows=100 width=4)
	  Index Cond: ((k >= 5329381) AND (k <= 5329481))

table 2 : explain SELECT k FROM sbtest2 WHERE k BETWEEN 5329381 AND 5329481
	Index Only Scan using k_2 on sbtest2  (cost=0.43..6.47 rows=102 width=4)
	  Index Cond: ((k >= 5329381) AND (k <= 5329481))

table 3 : explain SELECT k FROM sbtest3 WHERE k BETWEEN 5329381 AND 5329481
	Index Only Scan using k_3 on sbtest3  (cost=0.43..6.66 rows=111 width=4)
	  Index Cond: ((k >= 5329381) AND (k <= 5329481))

table 4 : explain SELECT k FROM sbtest4 WHERE k BETWEEN 5329381 AND 5329481
	Index Only Scan using k_4 on sbtest4  (cost=0.43..6.45 rows=101 width=4)
	  Index Cond: ((k >= 5329381) AND (k <= 5329481))

table 5 : explain SELECT k FROM sbtest5 WHERE k BETWEEN 5329381 AND 5329481
	Index Only Scan using k_5 on sbtest5  (cost=0.43..6.40 rows=98 width=4)
	  Index Cond: ((k >= 5329381) AND (k <= 5329481))

table 6 : explain SELECT k FROM sbtest6 WHERE k BETWEEN 5329381 AND 5329481
	Index Only Scan using k_6 on sbtest6  (cost=0.43..6.66 rows=111 width=4)
	  Index Cond: ((k >= 5329381) AND (k <= 5329481))

table 7 : explain SELECT k FROM sbtest7 WHERE k BETWEEN 5329381 AND 5329481
	Index Only Scan using k_7 on sbtest7  (cost=0.43..6.35 rows=96 width=4)
	  Index Cond: ((k >= 5329381) AND (k <= 5329481))

table 8 : explain SELECT k FROM sbtest8 WHERE k BETWEEN 5329381 AND 5329481
	Index Only Scan using k_8 on sbtest8  (cost=0.43..6.58 rows=107 width=4)
	  Index Cond: ((k >= 5329381) AND (k <= 5329481))

explain: for range-covered :: explain SELECT k FROM sbtest%d WHERE k BETWEEN 2472367 AND 2472467
for range-covered
table 1 : explain SELECT k FROM sbtest1 WHERE k BETWEEN 5914471 AND 5914571
	Index Only Scan using k_1 on sbtest1  (cost=0.43..6.43 rows=100 width=4)
	  Index Cond: ((k >= 5914471) AND (k <= 5914571))

table 2 : explain SELECT k FROM sbtest2 WHERE k BETWEEN 5914471 AND 5914571
	Index Only Scan using k_2 on sbtest2  (cost=0.43..6.51 rows=104 width=4)
	  Index Cond: ((k >= 5914471) AND (k <= 5914571))

table 3 : explain SELECT k FROM sbtest3 WHERE k BETWEEN 5914471 AND 5914571
	Index Only Scan using k_3 on sbtest3  (cost=0.43..6.51 rows=104 width=4)
	  Index Cond: ((k >= 5914471) AND (k <= 5914571))

table 4 : explain SELECT k FROM sbtest4 WHERE k BETWEEN 5914471 AND 5914571
	Index Only Scan using k_4 on sbtest4  (cost=0.43..6.37 rows=97 width=4)
	  Index Cond: ((k >= 5914471) AND (k <= 5914571))

table 5 : explain SELECT k FROM sbtest5 WHERE k BETWEEN 5914471 AND 5914571
	Index Only Scan using k_5 on sbtest5  (cost=0.43..6.45 rows=101 width=4)
	  Index Cond: ((k >= 5914471) AND (k <= 5914571))

table 6 : explain SELECT k FROM sbtest6 WHERE k BETWEEN 5914471 AND 5914571
	Index Only Scan using k_6 on sbtest6  (cost=0.43..6.37 rows=97 width=4)
	  Index Cond: ((k >= 5914471) AND (k <= 5914571))

table 7 : explain SELECT k FROM sbtest7 WHERE k BETWEEN 5914471 AND 5914571
	Index Only Scan using k_7 on sbtest7  (cost=0.43..6.59 rows=108 width=4)
	  Index Cond: ((k >= 5914471) AND (k <= 5914571))

table 8 : explain SELECT k FROM sbtest8 WHERE k BETWEEN 5914471 AND 5914571
	Index Only Scan using k_8 on sbtest8  (cost=0.43..6.50 rows=103 width=4)
	  Index Cond: ((k >= 5914471) AND (k <= 5914571))

for range-covered
table 1 : explain SELECT k FROM sbtest1 WHERE k BETWEEN 1558482 AND 1558582
	Index Only Scan using k_1 on sbtest1  (cost=0.43..6.50 rows=103 width=4)
	  Index Cond: ((k >= 1558482) AND (k <= 1558582))

table 2 : explain SELECT k FROM sbtest2 WHERE k BETWEEN 1558482 AND 1558582
	Index Only Scan using k_2 on sbtest2  (cost=0.43..6.59 rows=108 width=4)
	  Index Cond: ((k >= 1558482) AND (k <= 1558582))

table 3 : explain SELECT k FROM sbtest3 WHERE k BETWEEN 1558482 AND 1558582
	Index Only Scan using k_3 on sbtest3  (cost=0.43..6.37 rows=97 width=4)
	  Index Cond: ((k >= 1558482) AND (k <= 1558582))

table 4 : explain SELECT k FROM sbtest4 WHERE k BETWEEN 1558482 AND 1558582
	Index Only Scan using k_4 on sbtest4  (cost=0.43..6.37 rows=97 width=4)
	  Index Cond: ((k >= 1558482) AND (k <= 1558582))

table 5 : explain SELECT k FROM sbtest5 WHERE k BETWEEN 1558482 AND 1558582
	Index Only Scan using k_5 on sbtest5  (cost=0.43..6.53 rows=105 width=4)
	  Index Cond: ((k >= 1558482) AND (k <= 1558582))

table 6 : explain SELECT k FROM sbtest6 WHERE k BETWEEN 1558482 AND 1558582
	Index Only Scan using k_6 on sbtest6  (cost=0.43..6.24 rows=90 width=4)
	  Index Cond: ((k >= 1558482) AND (k <= 1558582))

table 7 : explain SELECT k FROM sbtest7 WHERE k BETWEEN 1558482 AND 1558582
	Index Only Scan using k_7 on sbtest7  (cost=0.43..6.29 rows=93 width=4)
	  Index Cond: ((k >= 1558482) AND (k <= 1558582))

table 8 : explain SELECT k FROM sbtest8 WHERE k BETWEEN 1558482 AND 1558582
	Index Only Scan using k_8 on sbtest8  (cost=0.43..6.50 rows=103 width=4)
	  Index Cond: ((k >= 1558482) AND (k <= 1558582))

explain: for range-covered :: explain SELECT k FROM sbtest%d WHERE k BETWEEN 5329381 AND 5329481
for range-covered
table 1 : explain SELECT k FROM sbtest1 WHERE k BETWEEN 5624535 AND 5624635
	Index Only Scan using k_1 on sbtest1  (cost=0.43..6.47 rows=102 width=4)
	  Index Cond: ((k >= 5624535) AND (k <= 5624635))

table 2 : explain SELECT k FROM sbtest2 WHERE k BETWEEN 5624535 AND 5624635
	Index Only Scan using k_2 on sbtest2  (cost=0.43..6.56 rows=106 width=4)
	  Index Cond: ((k >= 5624535) AND (k <= 5624635))

table 3 : explain SELECT k FROM sbtest3 WHERE k BETWEEN 5624535 AND 5624635
	Index Only Scan using k_3 on sbtest3  (cost=0.43..6.47 rows=102 width=4)
	  Index Cond: ((k >= 5624535) AND (k <= 5624635))

table 4 : explain SELECT k FROM sbtest4 WHERE k BETWEEN 5624535 AND 5624635
	Index Only Scan using k_4 on sbtest4  (cost=0.43..6.47 rows=102 width=4)
	  Index Cond: ((k >= 5624535) AND (k <= 5624635))

table 5 : explain SELECT k FROM sbtest5 WHERE k BETWEEN 5624535 AND 5624635
	Index Only Scan using k_5 on sbtest5  (cost=0.43..6.59 rows=108 width=4)
	  Index Cond: ((k >= 5624535) AND (k <= 5624635))

table 6 : explain SELECT k FROM sbtest6 WHERE k BETWEEN 5624535 AND 5624635
	Index Only Scan using k_6 on sbtest6  (cost=0.43..6.40 rows=98 width=4)
	  Index Cond: ((k >= 5624535) AND (k <= 5624635))

table 7 : explain SELECT k FROM sbtest7 WHERE k BETWEEN 5624535 AND 5624635
	Index Only Scan using k_7 on sbtest7  (cost=0.43..6.43 rows=100 width=4)
	  Index Cond: ((k >= 5624535) AND (k <= 5624635))

table 8 : explain SELECT k FROM sbtest8 WHERE k BETWEEN 5624535 AND 5624635
	Index Only Scan using k_8 on sbtest8  (cost=0.43..6.35 rows=96 width=4)
	  Index Cond: ((k >= 5624535) AND (k <= 5624635))

explain: for range-covered :: explain SELECT k FROM sbtest%d WHERE k BETWEEN 5914471 AND 5914571
for range-covered
table 1 : explain SELECT k FROM sbtest1 WHERE k BETWEEN 4993529 AND 4993629
	Index Only Scan using k_1 on sbtest1  (cost=0.43..6.51 rows=104 width=4)
	  Index Cond: ((k >= 4993529) AND (k <= 4993629))

table 2 : explain SELECT k FROM sbtest2 WHERE k BETWEEN 4993529 AND 4993629
	Index Only Scan using k_2 on sbtest2  (cost=0.43..6.56 rows=106 width=4)
	  Index Cond: ((k >= 4993529) AND (k <= 4993629))

table 3 : explain SELECT k FROM sbtest3 WHERE k BETWEEN 4993529 AND 4993629
	Index Only Scan using k_3 on sbtest3  (cost=0.43..6.21 rows=89 width=4)
	  Index Cond: ((k >= 4993529) AND (k <= 4993629))

table 4 : explain SELECT k FROM sbtest4 WHERE k BETWEEN 4993529 AND 4993629
	Index Only Scan using k_4 on sbtest4  (cost=0.43..6.47 rows=102 width=4)
	  Index Cond: ((k >= 4993529) AND (k <= 4993629))

table 5 : explain SELECT k FROM sbtest5 WHERE k BETWEEN 4993529 AND 4993629
	Index Only Scan using k_5 on sbtest5  (cost=0.43..6.53 rows=105 width=4)
	  Index Cond: ((k >= 4993529) AND (k <= 4993629))

table 6 : explain SELECT k FROM sbtest6 WHERE k BETWEEN 4993529 AND 4993629
	Index Only Scan using k_6 on sbtest6  (cost=0.43..6.51 rows=104 width=4)
	  Index Cond: ((k >= 4993529) AND (k <= 4993629))

table 7 : explain SELECT k FROM sbtest7 WHERE k BETWEEN 4993529 AND 4993629
	Index Only Scan using k_7 on sbtest7  (cost=0.43..6.59 rows=108 width=4)
	  Index Cond: ((k >= 4993529) AND (k <= 4993629))

table 8 : explain SELECT k FROM sbtest8 WHERE k BETWEEN 4993529 AND 4993629
	Index Only Scan using k_8 on sbtest8  (cost=0.43..6.43 rows=100 width=4)
	  Index Cond: ((k >= 4993529) AND (k <= 4993629))

explain: for range-covered :: explain SELECT k FROM sbtest%d WHERE k BETWEEN 5624535 AND 5624635
for range-covered
table 1 : explain SELECT k FROM sbtest1 WHERE k BETWEEN 876922 AND 877022
	Index Only Scan using k_1 on sbtest1  (cost=0.43..6.50 rows=103 width=4)
	  Index Cond: ((k >= 876922) AND (k <= 877022))

table 2 : explain SELECT k FROM sbtest2 WHERE k BETWEEN 876922 AND 877022
	Index Only Scan using k_2 on sbtest2  (cost=0.43..6.32 rows=94 width=4)
	  Index Cond: ((k >= 876922) AND (k <= 877022))

table 3 : explain SELECT k FROM sbtest3 WHERE k BETWEEN 876922 AND 877022
	Index Only Scan using k_3 on sbtest3  (cost=0.43..6.61 rows=109 width=4)
	  Index Cond: ((k >= 876922) AND (k <= 877022))

table 4 : explain SELECT k FROM sbtest4 WHERE k BETWEEN 876922 AND 877022
	Index Only Scan using k_4 on sbtest4  (cost=0.43..6.37 rows=97 width=4)
	  Index Cond: ((k >= 876922) AND (k <= 877022))

table 5 : explain SELECT k FROM sbtest5 WHERE k BETWEEN 876922 AND 877022
	Index Only Scan using k_5 on sbtest5  (cost=0.43..6.35 rows=96 width=4)
	  Index Cond: ((k >= 876922) AND (k <= 877022))

table 6 : explain SELECT k FROM sbtest6 WHERE k BETWEEN 876922 AND 877022
	Index Only Scan using k_6 on sbtest6  (cost=0.43..6.43 rows=100 width=4)
	  Index Cond: ((k >= 876922) AND (k <= 877022))

table 7 : explain SELECT k FROM sbtest7 WHERE k BETWEEN 876922 AND 877022
	Index Only Scan using k_7 on sbtest7  (cost=0.43..6.43 rows=100 width=4)
	  Index Cond: ((k >= 876922) AND (k <= 877022))

table 8 : explain SELECT k FROM sbtest8 WHERE k BETWEEN 876922 AND 877022
	Index Only Scan using k_8 on sbtest8  (cost=0.43..6.47 rows=102 width=4)
	  Index Cond: ((k >= 876922) AND (k <= 877022))

explain: for range-covered :: explain SELECT k FROM sbtest%d WHERE k BETWEEN 1558482 AND 1558582
explain: for range-covered :: explain SELECT k FROM sbtest%d WHERE k BETWEEN 876922 AND 877022
explain: for range-covered :: explain SELECT k FROM sbtest%d WHERE k BETWEEN 161306 AND 161406
for range-covered
table 1 : explain SELECT k FROM sbtest1 WHERE k BETWEEN 8322105 AND 8322205
	Index Only Scan using k_1 on sbtest1  (cost=0.43..6.43 rows=100 width=4)
	  Index Cond: ((k >= 8322105) AND (k <= 8322205))

table 2 : explain SELECT k FROM sbtest2 WHERE k BETWEEN 8322105 AND 8322205
	Index Only Scan using k_2 on sbtest2  (cost=0.43..6.45 rows=101 width=4)
	  Index Cond: ((k >= 8322105) AND (k <= 8322205))

table 3 : explain SELECT k FROM sbtest3 WHERE k BETWEEN 8322105 AND 8322205
	Index Only Scan using k_3 on sbtest3  (cost=0.43..6.50 rows=103 width=4)
	  Index Cond: ((k >= 8322105) AND (k <= 8322205))

table 4 : explain SELECT k FROM sbtest4 WHERE k BETWEEN 8322105 AND 8322205
	Index Only Scan using k_4 on sbtest4  (cost=0.43..6.61 rows=109 width=4)
	  Index Cond: ((k >= 8322105) AND (k <= 8322205))

table 5 : explain SELECT k FROM sbtest5 WHERE k BETWEEN 8322105 AND 8322205
	Index Only Scan using k_5 on sbtest5  (cost=0.43..6.51 rows=104 width=4)
	  Index Cond: ((k >= 8322105) AND (k <= 8322205))

table 6 : explain SELECT k FROM sbtest6 WHERE k BETWEEN 8322105 AND 8322205
	Index Only Scan using k_6 on sbtest6  (cost=0.43..6.43 rows=100 width=4)
	  Index Cond: ((k >= 8322105) AND (k <= 8322205))

table 7 : explain SELECT k FROM sbtest7 WHERE k BETWEEN 8322105 AND 8322205
	Index Only Scan using k_7 on sbtest7  (cost=0.43..6.43 rows=100 width=4)
	  Index Cond: ((k >= 8322105) AND (k <= 8322205))

table 8 : explain SELECT k FROM sbtest8 WHERE k BETWEEN 8322105 AND 8322205
	Index Only Scan using k_8 on sbtest8  (cost=0.43..6.43 rows=100 width=4)
	  Index Cond: ((k >= 8322105) AND (k <= 8322205))

explain: for range-covered :: explain SELECT k FROM sbtest%d WHERE k BETWEEN 8322105 AND 8322205
for range-covered
table 1 : explain SELECT k FROM sbtest1 WHERE k BETWEEN 6559966 AND 6560066
	Index Only Scan using k_1 on sbtest1  (cost=0.43..6.47 rows=102 width=4)
	  Index Cond: ((k >= 6559966) AND (k <= 6560066))

table 2 : explain SELECT k FROM sbtest2 WHERE k BETWEEN 6559966 AND 6560066
	Index Only Scan using k_2 on sbtest2  (cost=0.43..6.42 rows=99 width=4)
	  Index Cond: ((k >= 6559966) AND (k <= 6560066))

table 3 : explain SELECT k FROM sbtest3 WHERE k BETWEEN 6559966 AND 6560066
	Index Only Scan using k_3 on sbtest3  (cost=0.43..6.53 rows=105 width=4)
	  Index Cond: ((k >= 6559966) AND (k <= 6560066))

table 4 : explain SELECT k FROM sbtest4 WHERE k BETWEEN 6559966 AND 6560066
	Index Only Scan using k_4 on sbtest4  (cost=0.43..6.43 rows=100 width=4)
	  Index Cond: ((k >= 6559966) AND (k <= 6560066))

table 5 : explain SELECT k FROM sbtest5 WHERE k BETWEEN 6559966 AND 6560066
	Index Only Scan using k_5 on sbtest5  (cost=0.43..6.33 rows=95 width=4)
	  Index Cond: ((k >= 6559966) AND (k <= 6560066))

table 6 : explain SELECT k FROM sbtest6 WHERE k BETWEEN 6559966 AND 6560066
	Index Only Scan using k_6 on sbtest6  (cost=0.43..6.43 rows=100 width=4)
	  Index Cond: ((k >= 6559966) AND (k <= 6560066))

table 7 : explain SELECT k FROM sbtest7 WHERE k BETWEEN 6559966 AND 6560066
	Index Only Scan using k_7 on sbtest7  (cost=0.43..6.37 rows=97 width=4)
	  Index Cond: ((k >= 6559966) AND (k <= 6560066))

table 8 : explain SELECT k FROM sbtest8 WHERE k BETWEEN 6559966 AND 6560066
	Index Only Scan using k_8 on sbtest8  (cost=0.43..6.17 rows=87 width=4)
	  Index Cond: ((k >= 6559966) AND (k <= 6560066))

for range-covered
table 1 : explain SELECT k FROM sbtest1 WHERE k BETWEEN 8561065 AND 8561165
	Index Only Scan using k_1 on sbtest1  (cost=0.43..6.33 rows=95 width=4)
	  Index Cond: ((k >= 8561065) AND (k <= 8561165))

table 2 : explain SELECT k FROM sbtest2 WHERE k BETWEEN 8561065 AND 8561165
	Index Only Scan using k_2 on sbtest2  (cost=0.43..6.61 rows=109 width=4)
	  Index Cond: ((k >= 8561065) AND (k <= 8561165))

table 3 : explain SELECT k FROM sbtest3 WHERE k BETWEEN 8561065 AND 8561165
	Index Only Scan using k_3 on sbtest3  (cost=0.43..6.42 rows=99 width=4)
	  Index Cond: ((k >= 8561065) AND (k <= 8561165))

table 4 : explain SELECT k FROM sbtest4 WHERE k BETWEEN 8561065 AND 8561165
	Index Only Scan using k_4 on sbtest4  (cost=0.43..6.58 rows=107 width=4)
	  Index Cond: ((k >= 8561065) AND (k <= 8561165))

table 5 : explain SELECT k FROM sbtest5 WHERE k BETWEEN 8561065 AND 8561165
	Index Only Scan using k_5 on sbtest5  (cost=0.43..6.37 rows=97 width=4)
	  Index Cond: ((k >= 8561065) AND (k <= 8561165))

table 6 : explain SELECT k FROM sbtest6 WHERE k BETWEEN 8561065 AND 8561165
	Index Only Scan using k_6 on sbtest6  (cost=0.43..6.59 rows=108 width=4)
	  Index Cond: ((k >= 8561065) AND (k <= 8561165))

table 7 : explain SELECT k FROM sbtest7 WHERE k BETWEEN 8561065 AND 8561165
	Index Only Scan using k_7 on sbtest7  (cost=0.43..6.42 rows=99 width=4)
	  Index Cond: ((k >= 8561065) AND (k <= 8561165))

table 8 : explain SELECT k FROM sbtest8 WHERE k BETWEEN 8561065 AND 8561165
	Index Only Scan using k_8 on sbtest8  (cost=0.43..6.61 rows=109 width=4)
	  Index Cond: ((k >= 8561065) AND (k <= 8561165))

for range-covered
table 1 : explain SELECT k FROM sbtest1 WHERE k BETWEEN 1870609 AND 1870709
	Index Only Scan using k_1 on sbtest1  (cost=0.43..6.37 rows=97 width=4)
	  Index Cond: ((k >= 1870609) AND (k <= 1870709))

table 2 : explain SELECT k FROM sbtest2 WHERE k BETWEEN 1870609 AND 1870709
	Index Only Scan using k_2 on sbtest2  (cost=0.43..6.47 rows=102 width=4)
	  Index Cond: ((k >= 1870609) AND (k <= 1870709))

table 3 : explain SELECT k FROM sbtest3 WHERE k BETWEEN 1870609 AND 1870709
	Index Only Scan using k_3 on sbtest3  (cost=0.43..6.37 rows=97 width=4)
	  Index Cond: ((k >= 1870609) AND (k <= 1870709))

table 4 : explain SELECT k FROM sbtest4 WHERE k BETWEEN 1870609 AND 1870709
	Index Only Scan using k_4 on sbtest4  (cost=0.43..6.43 rows=100 width=4)
	  Index Cond: ((k >= 1870609) AND (k <= 1870709))

table 5 : explain SELECT k FROM sbtest5 WHERE k BETWEEN 1870609 AND 1870709
	Index Only Scan using k_5 on sbtest5  (cost=0.43..6.50 rows=103 width=4)
	  Index Cond: ((k >= 1870609) AND (k <= 1870709))

table 6 : explain SELECT k FROM sbtest6 WHERE k BETWEEN 1870609 AND 1870709
	Index Only Scan using k_6 on sbtest6  (cost=0.43..6.67 rows=112 width=4)
	  Index Cond: ((k >= 1870609) AND (k <= 1870709))

table 7 : explain SELECT k FROM sbtest7 WHERE k BETWEEN 1870609 AND 1870709
	Index Only Scan using k_7 on sbtest7  (cost=0.43..6.56 rows=106 width=4)
	  Index Cond: ((k >= 1870609) AND (k <= 1870709))

table 8 : explain SELECT k FROM sbtest8 WHERE k BETWEEN 1870609 AND 1870709
	Index Only Scan using k_8 on sbtest8  (cost=0.43..6.40 rows=98 width=4)
	  Index Cond: ((k >= 1870609) AND (k <= 1870709))

explain: for range-covered :: explain SELECT k FROM sbtest%d WHERE k BETWEEN 8561065 AND 8561165
explain: for range-covered :: explain SELECT k FROM sbtest%d WHERE k BETWEEN 1870609 AND 1870709
explain: for range-covered :: explain SELECT k FROM sbtest%d WHERE k BETWEEN 6559966 AND 6560066
for range-covered
table 1 : explain SELECT k FROM sbtest1 WHERE k BETWEEN 5914471 AND 5914571
	Index Only Scan using k_1 on sbtest1  (cost=0.43..6.43 rows=100 width=4)
	  Index Cond: ((k >= 5914471) AND (k <= 5914571))

table 2 : explain SELECT k FROM sbtest2 WHERE k BETWEEN 5914471 AND 5914571
	Index Only Scan using k_2 on sbtest2  (cost=0.43..6.51 rows=104 width=4)
	  Index Cond: ((k >= 5914471) AND (k <= 5914571))

table 3 : explain SELECT k FROM sbtest3 WHERE k BETWEEN 5914471 AND 5914571
	Index Only Scan using k_3 on sbtest3  (cost=0.43..6.51 rows=104 width=4)
	  Index Cond: ((k >= 5914471) AND (k <= 5914571))

table 4 : explain SELECT k FROM sbtest4 WHERE k BETWEEN 5914471 AND 5914571
	Index Only Scan using k_4 on sbtest4  (cost=0.43..6.37 rows=97 width=4)
	  Index Cond: ((k >= 5914471) AND (k <= 5914571))

table 5 : explain SELECT k FROM sbtest5 WHERE k BETWEEN 5914471 AND 5914571
	Index Only Scan using k_5 on sbtest5  (cost=0.43..6.45 rows=101 width=4)
	  Index Cond: ((k >= 5914471) AND (k <= 5914571))

table 6 : explain SELECT k FROM sbtest6 WHERE k BETWEEN 5914471 AND 5914571
	Index Only Scan using k_6 on sbtest6  (cost=0.43..6.37 rows=97 width=4)
	  Index Cond: ((k >= 5914471) AND (k <= 5914571))

table 7 : explain SELECT k FROM sbtest7 WHERE k BETWEEN 5914471 AND 5914571
	Index Only Scan using k_7 on sbtest7  (cost=0.43..6.59 rows=108 width=4)
	  Index Cond: ((k >= 5914471) AND (k <= 5914571))

table 8 : explain SELECT k FROM sbtest8 WHERE k BETWEEN 5914471 AND 5914571
	Index Only Scan using k_8 on sbtest8  (cost=0.43..6.50 rows=103 width=4)
	  Index Cond: ((k >= 5914471) AND (k <= 5914571))

for range-covered
table 1 : explain SELECT k FROM sbtest1 WHERE k BETWEEN 876922 AND 877022
	Index Only Scan using k_1 on sbtest1  (cost=0.43..6.50 rows=103 width=4)
	  Index Cond: ((k >= 876922) AND (k <= 877022))

table 2 : explain SELECT k FROM sbtest2 WHERE k BETWEEN 876922 AND 877022
	Index Only Scan using k_2 on sbtest2  (cost=0.43..6.32 rows=94 width=4)
	  Index Cond: ((k >= 876922) AND (k <= 877022))

table 3 : explain SELECT k FROM sbtest3 WHERE k BETWEEN 876922 AND 877022
	Index Only Scan using k_3 on sbtest3  (cost=0.43..6.61 rows=109 width=4)
	  Index Cond: ((k >= 876922) AND (k <= 877022))

table 4 : explain SELECT k FROM sbtest4 WHERE k BETWEEN 876922 AND 877022
	Index Only Scan using k_4 on sbtest4  (cost=0.43..6.37 rows=97 width=4)
	  Index Cond: ((k >= 876922) AND (k <= 877022))

table 5 : explain SELECT k FROM sbtest5 WHERE k BETWEEN 876922 AND 877022
	Index Only Scan using k_5 on sbtest5  (cost=0.43..6.35 rows=96 width=4)
	  Index Cond: ((k >= 876922) AND (k <= 877022))

table 6 : explain SELECT k FROM sbtest6 WHERE k BETWEEN 876922 AND 877022
	Index Only Scan using k_6 on sbtest6  (cost=0.43..6.43 rows=100 width=4)
	  Index Cond: ((k >= 876922) AND (k <= 877022))

table 7 : explain SELECT k FROM sbtest7 WHERE k BETWEEN 876922 AND 877022
	Index Only Scan using k_7 on sbtest7  (cost=0.43..6.43 rows=100 width=4)
	  Index Cond: ((k >= 876922) AND (k <= 877022))

table 8 : explain SELECT k FROM sbtest8 WHERE k BETWEEN 876922 AND 877022
	Index Only Scan using k_8 on sbtest8  (cost=0.43..6.47 rows=102 width=4)
	  Index Cond: ((k >= 876922) AND (k <= 877022))

for range-covered
table 1 : explain SELECT k FROM sbtest1 WHERE k BETWEEN 8322105 AND 8322205
	Index Only Scan using k_1 on sbtest1  (cost=0.43..6.43 rows=100 width=4)
	  Index Cond: ((k >= 8322105) AND (k <= 8322205))

table 2 : explain SELECT k FROM sbtest2 WHERE k BETWEEN 8322105 AND 8322205
	Index Only Scan using k_2 on sbtest2  (cost=0.43..6.45 rows=101 width=4)
	  Index Cond: ((k >= 8322105) AND (k <= 8322205))

table 3 : explain SELECT k FROM sbtest3 WHERE k BETWEEN 8322105 AND 8322205
	Index Only Scan using k_3 on sbtest3  (cost=0.43..6.50 rows=103 width=4)
	  Index Cond: ((k >= 8322105) AND (k <= 8322205))

table 4 : explain SELECT k FROM sbtest4 WHERE k BETWEEN 8322105 AND 8322205
	Index Only Scan using k_4 on sbtest4  (cost=0.43..6.61 rows=109 width=4)
	  Index Cond: ((k >= 8322105) AND (k <= 8322205))

table 5 : explain SELECT k FROM sbtest5 WHERE k BETWEEN 8322105 AND 8322205
	Index Only Scan using k_5 on sbtest5  (cost=0.43..6.51 rows=104 width=4)
	  Index Cond: ((k >= 8322105) AND (k <= 8322205))

table 6 : explain SELECT k FROM sbtest6 WHERE k BETWEEN 8322105 AND 8322205
	Index Only Scan using k_6 on sbtest6  (cost=0.43..6.43 rows=100 width=4)
	  Index Cond: ((k >= 8322105) AND (k <= 8322205))

table 7 : explain SELECT k FROM sbtest7 WHERE k BETWEEN 8322105 AND 8322205
	Index Only Scan using k_7 on sbtest7  (cost=0.43..6.43 rows=100 width=4)
	  Index Cond: ((k >= 8322105) AND (k <= 8322205))

table 8 : explain SELECT k FROM sbtest8 WHERE k BETWEEN 8322105 AND 8322205
	Index Only Scan using k_8 on sbtest8  (cost=0.43..6.43 rows=100 width=4)
	  Index Cond: ((k >= 8322105) AND (k <= 8322205))

for range-covered
table 1 : explain SELECT k FROM sbtest1 WHERE k BETWEEN 2833983 AND 2834083
	Index Only Scan using k_1 on sbtest1  (cost=0.43..6.27 rows=92 width=4)
	  Index Cond: ((k >= 2833983) AND (k <= 2834083))

table 2 : explain SELECT k FROM sbtest2 WHERE k BETWEEN 2833983 AND 2834083
	Index Only Scan using k_2 on sbtest2  (cost=0.43..6.47 rows=102 width=4)
	  Index Cond: ((k >= 2833983) AND (k <= 2834083))

table 3 : explain SELECT k FROM sbtest3 WHERE k BETWEEN 2833983 AND 2834083
	Index Only Scan using k_3 on sbtest3  (cost=0.43..6.47 rows=102 width=4)
	  Index Cond: ((k >= 2833983) AND (k <= 2834083))

table 4 : explain SELECT k FROM sbtest4 WHERE k BETWEEN 2833983 AND 2834083
	Index Only Scan using k_4 on sbtest4  (cost=0.43..6.42 rows=99 width=4)
	  Index Cond: ((k >= 2833983) AND (k <= 2834083))

table 5 : explain SELECT k FROM sbtest5 WHERE k BETWEEN 2833983 AND 2834083
	Index Only Scan using k_5 on sbtest5  (cost=0.43..6.35 rows=96 width=4)
	  Index Cond: ((k >= 2833983) AND (k <= 2834083))

table 6 : explain SELECT k FROM sbtest6 WHERE k BETWEEN 2833983 AND 2834083
	Index Only Scan using k_6 on sbtest6  (cost=0.43..6.42 rows=99 width=4)
	  Index Cond: ((k >= 2833983) AND (k <= 2834083))

table 7 : explain SELECT k FROM sbtest7 WHERE k BETWEEN 2833983 AND 2834083
	Index Only Scan using k_7 on sbtest7  (cost=0.43..6.45 rows=101 width=4)
	  Index Cond: ((k >= 2833983) AND (k <= 2834083))

table 8 : explain SELECT k FROM sbtest8 WHERE k BETWEEN 2833983 AND 2834083
	Index Only Scan using k_8 on sbtest8  (cost=0.43..6.25 rows=91 width=4)
	  Index Cond: ((k >= 2833983) AND (k <= 2834083))

for range-covered
table 1 : explain SELECT k FROM sbtest1 WHERE k BETWEEN 4712120 AND 4712220
	Index Only Scan using k_1 on sbtest1  (cost=0.43..6.58 rows=107 width=4)
	  Index Cond: ((k >= 4712120) AND (k <= 4712220))

table 2 : explain SELECT k FROM sbtest2 WHERE k BETWEEN 4712120 AND 4712220
	Index Only Scan using k_2 on sbtest2  (cost=0.43..6.35 rows=96 width=4)
	  Index Cond: ((k >= 4712120) AND (k <= 4712220))

table 3 : explain SELECT k FROM sbtest3 WHERE k BETWEEN 4712120 AND 4712220
	Index Only Scan using k_3 on sbtest3  (cost=0.43..6.37 rows=97 width=4)
	  Index Cond: ((k >= 4712120) AND (k <= 4712220))

table 4 : explain SELECT k FROM sbtest4 WHERE k BETWEEN 4712120 AND 4712220
	Index Only Scan using k_4 on sbtest4  (cost=0.43..6.66 rows=111 width=4)
	  Index Cond: ((k >= 4712120) AND (k <= 4712220))

table 5 : explain SELECT k FROM sbtest5 WHERE k BETWEEN 4712120 AND 4712220
	Index Only Scan using k_5 on sbtest5  (cost=0.43..6.58 rows=107 width=4)
	  Index Cond: ((k >= 4712120) AND (k <= 4712220))

table 6 : explain SELECT k FROM sbtest6 WHERE k BETWEEN 4712120 AND 4712220
	Index Only Scan using k_6 on sbtest6  (cost=0.43..6.61 rows=109 width=4)
	  Index Cond: ((k >= 4712120) AND (k <= 4712220))

table 7 : explain SELECT k FROM sbtest7 WHERE k BETWEEN 4712120 AND 4712220
	Index Only Scan using k_7 on sbtest7  (cost=0.43..6.50 rows=103 width=4)
	  Index Cond: ((k >= 4712120) AND (k <= 4712220))

table 8 : explain SELECT k FROM sbtest8 WHERE k BETWEEN 4712120 AND 4712220
	Index Only Scan using k_8 on sbtest8  (cost=0.43..6.43 rows=100 width=4)
	  Index Cond: ((k >= 4712120) AND (k <= 4712220))

explain: for range-covered :: explain SELECT k FROM sbtest%d WHERE k BETWEEN 876922 AND 877022
explain: for range-covered :: explain SELECT k FROM sbtest%d WHERE k BETWEEN 8322105 AND 8322205
explain: for range-covered :: explain SELECT k FROM sbtest%d WHERE k BETWEEN 2833983 AND 2834083
for range-covered
table 1 : explain SELECT k FROM sbtest1 WHERE k BETWEEN 8561065 AND 8561165
	Index Only Scan using k_1 on sbtest1  (cost=0.43..6.33 rows=95 width=4)
	  Index Cond: ((k >= 8561065) AND (k <= 8561165))

table 2 : explain SELECT k FROM sbtest2 WHERE k BETWEEN 8561065 AND 8561165
	Index Only Scan using k_2 on sbtest2  (cost=0.43..6.61 rows=109 width=4)
	  Index Cond: ((k >= 8561065) AND (k <= 8561165))

table 3 : explain SELECT k FROM sbtest3 WHERE k BETWEEN 8561065 AND 8561165
	Index Only Scan using k_3 on sbtest3  (cost=0.43..6.42 rows=99 width=4)
	  Index Cond: ((k >= 8561065) AND (k <= 8561165))

table 4 : explain SELECT k FROM sbtest4 WHERE k BETWEEN 8561065 AND 8561165
	Index Only Scan using k_4 on sbtest4  (cost=0.43..6.58 rows=107 width=4)
	  Index Cond: ((k >= 8561065) AND (k <= 8561165))

table 5 : explain SELECT k FROM sbtest5 WHERE k BETWEEN 8561065 AND 8561165
	Index Only Scan using k_5 on sbtest5  (cost=0.43..6.37 rows=97 width=4)
	  Index Cond: ((k >= 8561065) AND (k <= 8561165))

table 6 : explain SELECT k FROM sbtest6 WHERE k BETWEEN 8561065 AND 8561165
	Index Only Scan using k_6 on sbtest6  (cost=0.43..6.59 rows=108 width=4)
	  Index Cond: ((k >= 8561065) AND (k <= 8561165))

table 7 : explain SELECT k FROM sbtest7 WHERE k BETWEEN 8561065 AND 8561165
	Index Only Scan using k_7 on sbtest7  (cost=0.43..6.42 rows=99 width=4)
	  Index Cond: ((k >= 8561065) AND (k <= 8561165))

table 8 : explain SELECT k FROM sbtest8 WHERE k BETWEEN 8561065 AND 8561165
	Index Only Scan using k_8 on sbtest8  (cost=0.43..6.61 rows=109 width=4)
	  Index Cond: ((k >= 8561065) AND (k <= 8561165))

explain: for range-covered :: explain SELECT k FROM sbtest%d WHERE k BETWEEN 4712120 AND 4712220
for range-covered
table 1 : explain SELECT k FROM sbtest1 WHERE k BETWEEN 1870609 AND 1870709
	Index Only Scan using k_1 on sbtest1  (cost=0.43..6.37 rows=97 width=4)
	  Index Cond: ((k >= 1870609) AND (k <= 1870709))

table 2 : explain SELECT k FROM sbtest2 WHERE k BETWEEN 1870609 AND 1870709
	Index Only Scan using k_2 on sbtest2  (cost=0.43..6.47 rows=102 width=4)
	  Index Cond: ((k >= 1870609) AND (k <= 1870709))

table 3 : explain SELECT k FROM sbtest3 WHERE k BETWEEN 1870609 AND 1870709
	Index Only Scan using k_3 on sbtest3  (cost=0.43..6.37 rows=97 width=4)
	  Index Cond: ((k >= 1870609) AND (k <= 1870709))

table 4 : explain SELECT k FROM sbtest4 WHERE k BETWEEN 1870609 AND 1870709
	Index Only Scan using k_4 on sbtest4  (cost=0.43..6.43 rows=100 width=4)
	  Index Cond: ((k >= 1870609) AND (k <= 1870709))

table 5 : explain SELECT k FROM sbtest5 WHERE k BETWEEN 1870609 AND 1870709
	Index Only Scan using k_5 on sbtest5  (cost=0.43..6.50 rows=103 width=4)
	  Index Cond: ((k >= 1870609) AND (k <= 1870709))

table 6 : explain SELECT k FROM sbtest6 WHERE k BETWEEN 1870609 AND 1870709
	Index Only Scan using k_6 on sbtest6  (cost=0.43..6.67 rows=112 width=4)
	  Index Cond: ((k >= 1870609) AND (k <= 1870709))

table 7 : explain SELECT k FROM sbtest7 WHERE k BETWEEN 1870609 AND 1870709
	Index Only Scan using k_7 on sbtest7  (cost=0.43..6.56 rows=106 width=4)
	  Index Cond: ((k >= 1870609) AND (k <= 1870709))

table 8 : explain SELECT k FROM sbtest8 WHERE k BETWEEN 1870609 AND 1870709
	Index Only Scan using k_8 on sbtest8  (cost=0.43..6.40 rows=98 width=4)
	  Index Cond: ((k >= 1870609) AND (k <= 1870709))

explain: for range-covered :: explain SELECT k FROM sbtest%d WHERE k BETWEEN 8561065 AND 8561165
for range-covered
table 1 : explain SELECT k FROM sbtest1 WHERE k BETWEEN 2472367 AND 2472467
	Index Only Scan using k_1 on sbtest1  (cost=0.43..6.47 rows=102 width=4)
	  Index Cond: ((k >= 2472367) AND (k <= 2472467))

table 2 : explain SELECT k FROM sbtest2 WHERE k BETWEEN 2472367 AND 2472467
	Index Only Scan using k_2 on sbtest2  (cost=0.43..6.50 rows=103 width=4)
	  Index Cond: ((k >= 2472367) AND (k <= 2472467))

table 3 : explain SELECT k FROM sbtest3 WHERE k BETWEEN 2472367 AND 2472467
	Index Only Scan using k_3 on sbtest3  (cost=0.43..6.56 rows=106 width=4)
	  Index Cond: ((k >= 2472367) AND (k <= 2472467))

table 4 : explain SELECT k FROM sbtest4 WHERE k BETWEEN 2472367 AND 2472467
	Index Only Scan using k_4 on sbtest4  (cost=0.43..6.45 rows=101 width=4)
	  Index Cond: ((k >= 2472367) AND (k <= 2472467))

table 5 : explain SELECT k FROM sbtest5 WHERE k BETWEEN 2472367 AND 2472467
	Index Only Scan using k_5 on sbtest5  (cost=0.43..6.61 rows=109 width=4)
	  Index Cond: ((k >= 2472367) AND (k <= 2472467))

table 6 : explain SELECT k FROM sbtest6 WHERE k BETWEEN 2472367 AND 2472467
	Index Only Scan using k_6 on sbtest6  (cost=0.43..6.50 rows=103 width=4)
	  Index Cond: ((k >= 2472367) AND (k <= 2472467))

table 7 : explain SELECT k FROM sbtest7 WHERE k BETWEEN 2472367 AND 2472467
	Index Only Scan using k_7 on sbtest7  (cost=0.43..6.56 rows=106 width=4)
	  Index Cond: ((k >= 2472367) AND (k <= 2472467))

table 8 : explain SELECT k FROM sbtest8 WHERE k BETWEEN 2472367 AND 2472467
	Index Only Scan using k_8 on sbtest8  (cost=0.43..6.45 rows=101 width=4)
	  Index Cond: ((k >= 2472367) AND (k <= 2472467))

for range-covered
table 1 : explain SELECT k FROM sbtest1 WHERE k BETWEEN 5624535 AND 5624635
	Index Only Scan using k_1 on sbtest1  (cost=0.43..6.47 rows=102 width=4)
	  Index Cond: ((k >= 5624535) AND (k <= 5624635))

table 2 : explain SELECT k FROM sbtest2 WHERE k BETWEEN 5624535 AND 5624635
	Index Only Scan using k_2 on sbtest2  (cost=0.43..6.56 rows=106 width=4)
	  Index Cond: ((k >= 5624535) AND (k <= 5624635))

table 3 : explain SELECT k FROM sbtest3 WHERE k BETWEEN 5624535 AND 5624635
	Index Only Scan using k_3 on sbtest3  (cost=0.43..6.47 rows=102 width=4)
	  Index Cond: ((k >= 5624535) AND (k <= 5624635))

table 4 : explain SELECT k FROM sbtest4 WHERE k BETWEEN 5624535 AND 5624635
	Index Only Scan using k_4 on sbtest4  (cost=0.43..6.47 rows=102 width=4)
	  Index Cond: ((k >= 5624535) AND (k <= 5624635))

table 5 : explain SELECT k FROM sbtest5 WHERE k BETWEEN 5624535 AND 5624635
	Index Only Scan using k_5 on sbtest5  (cost=0.43..6.59 rows=108 width=4)
	  Index Cond: ((k >= 5624535) AND (k <= 5624635))

table 6 : explain SELECT k FROM sbtest6 WHERE k BETWEEN 5624535 AND 5624635
	Index Only Scan using k_6 on sbtest6  (cost=0.43..6.40 rows=98 width=4)
	  Index Cond: ((k >= 5624535) AND (k <= 5624635))

table 7 : explain SELECT k FROM sbtest7 WHERE k BETWEEN 5624535 AND 5624635
	Index Only Scan using k_7 on sbtest7  (cost=0.43..6.43 rows=100 width=4)
	  Index Cond: ((k >= 5624535) AND (k <= 5624635))

table 8 : explain SELECT k FROM sbtest8 WHERE k BETWEEN 5624535 AND 5624635
	Index Only Scan using k_8 on sbtest8  (cost=0.43..6.35 rows=96 width=4)
	  Index Cond: ((k >= 5624535) AND (k <= 5624635))

explain: for range-covered :: explain SELECT k FROM sbtest%d WHERE k BETWEEN 2472367 AND 2472467
for range-covered
table 1 : explain SELECT k FROM sbtest1 WHERE k BETWEEN 1558482 AND 1558582
	Index Only Scan using k_1 on sbtest1  (cost=0.43..6.50 rows=103 width=4)
	  Index Cond: ((k >= 1558482) AND (k <= 1558582))

table 2 : explain SELECT k FROM sbtest2 WHERE k BETWEEN 1558482 AND 1558582
	Index Only Scan using k_2 on sbtest2  (cost=0.43..6.59 rows=108 width=4)
	  Index Cond: ((k >= 1558482) AND (k <= 1558582))

table 3 : explain SELECT k FROM sbtest3 WHERE k BETWEEN 1558482 AND 1558582
	Index Only Scan using k_3 on sbtest3  (cost=0.43..6.37 rows=97 width=4)
	  Index Cond: ((k >= 1558482) AND (k <= 1558582))

table 4 : explain SELECT k FROM sbtest4 WHERE k BETWEEN 1558482 AND 1558582
	Index Only Scan using k_4 on sbtest4  (cost=0.43..6.37 rows=97 width=4)
	  Index Cond: ((k >= 1558482) AND (k <= 1558582))

table 5 : explain SELECT k FROM sbtest5 WHERE k BETWEEN 1558482 AND 1558582
	Index Only Scan using k_5 on sbtest5  (cost=0.43..6.53 rows=105 width=4)
	  Index Cond: ((k >= 1558482) AND (k <= 1558582))

table 6 : explain SELECT k FROM sbtest6 WHERE k BETWEEN 1558482 AND 1558582
	Index Only Scan using k_6 on sbtest6  (cost=0.43..6.24 rows=90 width=4)
	  Index Cond: ((k >= 1558482) AND (k <= 1558582))

table 7 : explain SELECT k FROM sbtest7 WHERE k BETWEEN 1558482 AND 1558582
	Index Only Scan using k_7 on sbtest7  (cost=0.43..6.29 rows=93 width=4)
	  Index Cond: ((k >= 1558482) AND (k <= 1558582))

table 8 : explain SELECT k FROM sbtest8 WHERE k BETWEEN 1558482 AND 1558582
	Index Only Scan using k_8 on sbtest8  (cost=0.43..6.50 rows=103 width=4)
	  Index Cond: ((k >= 1558482) AND (k <= 1558582))

explain: for range-covered :: explain SELECT k FROM sbtest%d WHERE k BETWEEN 5624535 AND 5624635
explain: for range-covered :: explain SELECT k FROM sbtest%d WHERE k BETWEEN 1558482 AND 1558582
for range-covered
table 1 : explain SELECT k FROM sbtest1 WHERE k BETWEEN 5329381 AND 5329481
	Index Only Scan using k_1 on sbtest1  (cost=0.43..6.43 rows=100 width=4)
	  Index Cond: ((k >= 5329381) AND (k <= 5329481))

table 2 : explain SELECT k FROM sbtest2 WHERE k BETWEEN 5329381 AND 5329481
	Index Only Scan using k_2 on sbtest2  (cost=0.43..6.47 rows=102 width=4)
	  Index Cond: ((k >= 5329381) AND (k <= 5329481))

table 3 : explain SELECT k FROM sbtest3 WHERE k BETWEEN 5329381 AND 5329481
	Index Only Scan using k_3 on sbtest3  (cost=0.43..6.66 rows=111 width=4)
	  Index Cond: ((k >= 5329381) AND (k <= 5329481))

table 4 : explain SELECT k FROM sbtest4 WHERE k BETWEEN 5329381 AND 5329481
	Index Only Scan using k_4 on sbtest4  (cost=0.43..6.45 rows=101 width=4)
	  Index Cond: ((k >= 5329381) AND (k <= 5329481))

table 5 : explain SELECT k FROM sbtest5 WHERE k BETWEEN 5329381 AND 5329481
	Index Only Scan using k_5 on sbtest5  (cost=0.43..6.40 rows=98 width=4)
	  Index Cond: ((k >= 5329381) AND (k <= 5329481))

table 6 : explain SELECT k FROM sbtest6 WHERE k BETWEEN 5329381 AND 5329481
	Index Only Scan using k_6 on sbtest6  (cost=0.43..6.66 rows=111 width=4)
	  Index Cond: ((k >= 5329381) AND (k <= 5329481))

table 7 : explain SELECT k FROM sbtest7 WHERE k BETWEEN 5329381 AND 5329481
	Index Only Scan using k_7 on sbtest7  (cost=0.43..6.35 rows=96 width=4)
	  Index Cond: ((k >= 5329381) AND (k <= 5329481))

table 8 : explain SELECT k FROM sbtest8 WHERE k BETWEEN 5329381 AND 5329481
	Index Only Scan using k_8 on sbtest8  (cost=0.43..6.58 rows=107 width=4)
	  Index Cond: ((k >= 5329381) AND (k <= 5329481))

for range-covered
table 1 : explain SELECT k FROM sbtest1 WHERE k BETWEEN 2833983 AND 2834083
	Index Only Scan using k_1 on sbtest1  (cost=0.43..6.27 rows=92 width=4)
	  Index Cond: ((k >= 2833983) AND (k <= 2834083))

table 2 : explain SELECT k FROM sbtest2 WHERE k BETWEEN 2833983 AND 2834083
	Index Only Scan using k_2 on sbtest2  (cost=0.43..6.47 rows=102 width=4)
	  Index Cond: ((k >= 2833983) AND (k <= 2834083))

table 3 : explain SELECT k FROM sbtest3 WHERE k BETWEEN 2833983 AND 2834083
	Index Only Scan using k_3 on sbtest3  (cost=0.43..6.47 rows=102 width=4)
	  Index Cond: ((k >= 2833983) AND (k <= 2834083))

table 4 : explain SELECT k FROM sbtest4 WHERE k BETWEEN 2833983 AND 2834083
	Index Only Scan using k_4 on sbtest4  (cost=0.43..6.42 rows=99 width=4)
	  Index Cond: ((k >= 2833983) AND (k <= 2834083))

table 5 : explain SELECT k FROM sbtest5 WHERE k BETWEEN 2833983 AND 2834083
	Index Only Scan using k_5 on sbtest5  (cost=0.43..6.35 rows=96 width=4)
	  Index Cond: ((k >= 2833983) AND (k <= 2834083))

table 6 : explain SELECT k FROM sbtest6 WHERE k BETWEEN 2833983 AND 2834083
	Index Only Scan using k_6 on sbtest6  (cost=0.43..6.42 rows=99 width=4)
	  Index Cond: ((k >= 2833983) AND (k <= 2834083))

table 7 : explain SELECT k FROM sbtest7 WHERE k BETWEEN 2833983 AND 2834083
	Index Only Scan using k_7 on sbtest7  (cost=0.43..6.45 rows=101 width=4)
	  Index Cond: ((k >= 2833983) AND (k <= 2834083))

table 8 : explain SELECT k FROM sbtest8 WHERE k BETWEEN 2833983 AND 2834083
	Index Only Scan using k_8 on sbtest8  (cost=0.43..6.25 rows=91 width=4)
	  Index Cond: ((k >= 2833983) AND (k <= 2834083))

for range-covered
table 1 : explain SELECT k FROM sbtest1 WHERE k BETWEEN 6559966 AND 6560066
	Index Only Scan using k_1 on sbtest1  (cost=0.43..6.47 rows=102 width=4)
	  Index Cond: ((k >= 6559966) AND (k <= 6560066))

table 2 : explain SELECT k FROM sbtest2 WHERE k BETWEEN 6559966 AND 6560066
	Index Only Scan using k_2 on sbtest2  (cost=0.43..6.42 rows=99 width=4)
	  Index Cond: ((k >= 6559966) AND (k <= 6560066))

table 3 : explain SELECT k FROM sbtest3 WHERE k BETWEEN 6559966 AND 6560066
	Index Only Scan using k_3 on sbtest3  (cost=0.43..6.53 rows=105 width=4)
	  Index Cond: ((k >= 6559966) AND (k <= 6560066))

table 4 : explain SELECT k FROM sbtest4 WHERE k BETWEEN 6559966 AND 6560066
	Index Only Scan using k_4 on sbtest4  (cost=0.43..6.43 rows=100 width=4)
	  Index Cond: ((k >= 6559966) AND (k <= 6560066))

table 5 : explain SELECT k FROM sbtest5 WHERE k BETWEEN 6559966 AND 6560066
	Index Only Scan using k_5 on sbtest5  (cost=0.43..6.33 rows=95 width=4)
	  Index Cond: ((k >= 6559966) AND (k <= 6560066))

table 6 : explain SELECT k FROM sbtest6 WHERE k BETWEEN 6559966 AND 6560066
	Index Only Scan using k_6 on sbtest6  (cost=0.43..6.43 rows=100 width=4)
	  Index Cond: ((k >= 6559966) AND (k <= 6560066))

table 7 : explain SELECT k FROM sbtest7 WHERE k BETWEEN 6559966 AND 6560066
	Index Only Scan using k_7 on sbtest7  (cost=0.43..6.37 rows=97 width=4)
	  Index Cond: ((k >= 6559966) AND (k <= 6560066))

table 8 : explain SELECT k FROM sbtest8 WHERE k BETWEEN 6559966 AND 6560066
	Index Only Scan using k_8 on sbtest8  (cost=0.43..6.17 rows=87 width=4)
	  Index Cond: ((k >= 6559966) AND (k <= 6560066))

for range-covered
table 1 : explain SELECT k FROM sbtest1 WHERE k BETWEEN 8561065 AND 8561165
	Index Only Scan using k_1 on sbtest1  (cost=0.43..6.33 rows=95 width=4)
	  Index Cond: ((k >= 8561065) AND (k <= 8561165))

table 2 : explain SELECT k FROM sbtest2 WHERE k BETWEEN 8561065 AND 8561165
	Index Only Scan using k_2 on sbtest2  (cost=0.43..6.61 rows=109 width=4)
	  Index Cond: ((k >= 8561065) AND (k <= 8561165))

table 3 : explain SELECT k FROM sbtest3 WHERE k BETWEEN 8561065 AND 8561165
	Index Only Scan using k_3 on sbtest3  (cost=0.43..6.42 rows=99 width=4)
	  Index Cond: ((k >= 8561065) AND (k <= 8561165))

table 4 : explain SELECT k FROM sbtest4 WHERE k BETWEEN 8561065 AND 8561165
	Index Only Scan using k_4 on sbtest4  (cost=0.43..6.58 rows=107 width=4)
	  Index Cond: ((k >= 8561065) AND (k <= 8561165))

table 5 : explain SELECT k FROM sbtest5 WHERE k BETWEEN 8561065 AND 8561165
	Index Only Scan using k_5 on sbtest5  (cost=0.43..6.37 rows=97 width=4)
	  Index Cond: ((k >= 8561065) AND (k <= 8561165))

table 6 : explain SELECT k FROM sbtest6 WHERE k BETWEEN 8561065 AND 8561165
	Index Only Scan using k_6 on sbtest6  (cost=0.43..6.59 rows=108 width=4)
	  Index Cond: ((k >= 8561065) AND (k <= 8561165))

table 7 : explain SELECT k FROM sbtest7 WHERE k BETWEEN 8561065 AND 8561165
	Index Only Scan using k_7 on sbtest7  (cost=0.43..6.42 rows=99 width=4)
	  Index Cond: ((k >= 8561065) AND (k <= 8561165))

table 8 : explain SELECT k FROM sbtest8 WHERE k BETWEEN 8561065 AND 8561165
	Index Only Scan using k_8 on sbtest8  (cost=0.43..6.61 rows=109 width=4)
	  Index Cond: ((k >= 8561065) AND (k <= 8561165))

explain: for range-covered :: explain SELECT k FROM sbtest%d WHERE k BETWEEN 2833983 AND 2834083
explain: for range-covered :: explain SELECT k FROM sbtest%d WHERE k BETWEEN 8561065 AND 8561165
explain: for range-covered :: explain SELECT k FROM sbtest%d WHERE k BETWEEN 5329381 AND 5329481
explain: for range-covered :: explain SELECT k FROM sbtest%d WHERE k BETWEEN 6559966 AND 6560066
for range-covered
table 1 : explain SELECT k FROM sbtest1 WHERE k BETWEEN 876922 AND 877022
	Index Only Scan using k_1 on sbtest1  (cost=0.43..6.50 rows=103 width=4)
	  Index Cond: ((k >= 876922) AND (k <= 877022))

table 2 : explain SELECT k FROM sbtest2 WHERE k BETWEEN 876922 AND 877022
	Index Only Scan using k_2 on sbtest2  (cost=0.43..6.32 rows=94 width=4)
	  Index Cond: ((k >= 876922) AND (k <= 877022))

table 3 : explain SELECT k FROM sbtest3 WHERE k BETWEEN 876922 AND 877022
	Index Only Scan using k_3 on sbtest3  (cost=0.43..6.61 rows=109 width=4)
	  Index Cond: ((k >= 876922) AND (k <= 877022))

table 4 : explain SELECT k FROM sbtest4 WHERE k BETWEEN 876922 AND 877022
	Index Only Scan using k_4 on sbtest4  (cost=0.43..6.37 rows=97 width=4)
	  Index Cond: ((k >= 876922) AND (k <= 877022))

table 5 : explain SELECT k FROM sbtest5 WHERE k BETWEEN 876922 AND 877022
	Index Only Scan using k_5 on sbtest5  (cost=0.43..6.35 rows=96 width=4)
	  Index Cond: ((k >= 876922) AND (k <= 877022))

table 6 : explain SELECT k FROM sbtest6 WHERE k BETWEEN 876922 AND 877022
	Index Only Scan using k_6 on sbtest6  (cost=0.43..6.43 rows=100 width=4)
	  Index Cond: ((k >= 876922) AND (k <= 877022))

table 7 : explain SELECT k FROM sbtest7 WHERE k BETWEEN 876922 AND 877022
	Index Only Scan using k_7 on sbtest7  (cost=0.43..6.43 rows=100 width=4)
	  Index Cond: ((k >= 876922) AND (k <= 877022))

table 8 : explain SELECT k FROM sbtest8 WHERE k BETWEEN 876922 AND 877022
	Index Only Scan using k_8 on sbtest8  (cost=0.43..6.47 rows=102 width=4)
	  Index Cond: ((k >= 876922) AND (k <= 877022))

explain: for range-covered :: explain SELECT k FROM sbtest%d WHERE k BETWEEN 5896759 AND 5896859
explain: for range-covered :: explain SELECT k FROM sbtest%d WHERE k BETWEEN 876922 AND 877022
for range-covered
table 1 : explain SELECT k FROM sbtest1 WHERE k BETWEEN 161306 AND 161406
	Index Only Scan using k_1 on sbtest1  (cost=0.43..6.40 rows=98 width=4)
	  Index Cond: ((k >= 161306) AND (k <= 161406))

table 2 : explain SELECT k FROM sbtest2 WHERE k BETWEEN 161306 AND 161406
	Index Only Scan using k_2 on sbtest2  (cost=0.43..6.45 rows=101 width=4)
	  Index Cond: ((k >= 161306) AND (k <= 161406))

table 3 : explain SELECT k FROM sbtest3 WHERE k BETWEEN 161306 AND 161406
	Index Only Scan using k_3 on sbtest3  (cost=0.43..6.50 rows=103 width=4)
	  Index Cond: ((k >= 161306) AND (k <= 161406))

table 4 : explain SELECT k FROM sbtest4 WHERE k BETWEEN 161306 AND 161406
	Index Only Scan using k_4 on sbtest4  (cost=0.43..6.61 rows=109 width=4)
	  Index Cond: ((k >= 161306) AND (k <= 161406))

table 5 : explain SELECT k FROM sbtest5 WHERE k BETWEEN 161306 AND 161406
	Index Only Scan using k_5 on sbtest5  (cost=0.43..6.58 rows=107 width=4)
	  Index Cond: ((k >= 161306) AND (k <= 161406))

table 6 : explain SELECT k FROM sbtest6 WHERE k BETWEEN 161306 AND 161406
	Index Only Scan using k_6 on sbtest6  (cost=0.43..6.37 rows=97 width=4)
	  Index Cond: ((k >= 161306) AND (k <= 161406))

table 7 : explain SELECT k FROM sbtest7 WHERE k BETWEEN 161306 AND 161406
	Index Only Scan using k_7 on sbtest7  (cost=0.43..6.58 rows=107 width=4)
	  Index Cond: ((k >= 161306) AND (k <= 161406))

table 8 : explain SELECT k FROM sbtest8 WHERE k BETWEEN 161306 AND 161406
	Index Only Scan using k_8 on sbtest8  (cost=0.43..6.51 rows=104 width=4)
	  Index Cond: ((k >= 161306) AND (k <= 161406))

for range-covered
table 1 : explain SELECT k FROM sbtest1 WHERE k BETWEEN 2833983 AND 2834083
	Index Only Scan using k_1 on sbtest1  (cost=0.43..6.27 rows=92 width=4)
	  Index Cond: ((k >= 2833983) AND (k <= 2834083))

table 2 : explain SELECT k FROM sbtest2 WHERE k BETWEEN 2833983 AND 2834083
	Index Only Scan using k_2 on sbtest2  (cost=0.43..6.47 rows=102 width=4)
	  Index Cond: ((k >= 2833983) AND (k <= 2834083))

table 3 : explain SELECT k FROM sbtest3 WHERE k BETWEEN 2833983 AND 2834083
	Index Only Scan using k_3 on sbtest3  (cost=0.43..6.47 rows=102 width=4)
	  Index Cond: ((k >= 2833983) AND (k <= 2834083))

table 4 : explain SELECT k FROM sbtest4 WHERE k BETWEEN 2833983 AND 2834083
	Index Only Scan using k_4 on sbtest4  (cost=0.43..6.42 rows=99 width=4)
	  Index Cond: ((k >= 2833983) AND (k <= 2834083))

table 5 : explain SELECT k FROM sbtest5 WHERE k BETWEEN 2833983 AND 2834083
	Index Only Scan using k_5 on sbtest5  (cost=0.43..6.35 rows=96 width=4)
	  Index Cond: ((k >= 2833983) AND (k <= 2834083))

table 6 : explain SELECT k FROM sbtest6 WHERE k BETWEEN 2833983 AND 2834083
	Index Only Scan using k_6 on sbtest6  (cost=0.43..6.42 rows=99 width=4)
	  Index Cond: ((k >= 2833983) AND (k <= 2834083))

table 7 : explain SELECT k FROM sbtest7 WHERE k BETWEEN 2833983 AND 2834083
	Index Only Scan using k_7 on sbtest7  (cost=0.43..6.45 rows=101 width=4)
	  Index Cond: ((k >= 2833983) AND (k <= 2834083))

table 8 : explain SELECT k FROM sbtest8 WHERE k BETWEEN 2833983 AND 2834083
	Index Only Scan using k_8 on sbtest8  (cost=0.43..6.25 rows=91 width=4)
	  Index Cond: ((k >= 2833983) AND (k <= 2834083))

for range-covered
table 1 : explain SELECT k FROM sbtest1 WHERE k BETWEEN 4712120 AND 4712220
	Index Only Scan using k_1 on sbtest1  (cost=0.43..6.58 rows=107 width=4)
	  Index Cond: ((k >= 4712120) AND (k <= 4712220))

table 2 : explain SELECT k FROM sbtest2 WHERE k BETWEEN 4712120 AND 4712220
	Index Only Scan using k_2 on sbtest2  (cost=0.43..6.35 rows=96 width=4)
	  Index Cond: ((k >= 4712120) AND (k <= 4712220))

table 3 : explain SELECT k FROM sbtest3 WHERE k BETWEEN 4712120 AND 4712220
	Index Only Scan using k_3 on sbtest3  (cost=0.43..6.37 rows=97 width=4)
	  Index Cond: ((k >= 4712120) AND (k <= 4712220))

table 4 : explain SELECT k FROM sbtest4 WHERE k BETWEEN 4712120 AND 4712220
	Index Only Scan using k_4 on sbtest4  (cost=0.43..6.66 rows=111 width=4)
	  Index Cond: ((k >= 4712120) AND (k <= 4712220))

table 5 : explain SELECT k FROM sbtest5 WHERE k BETWEEN 4712120 AND 4712220
	Index Only Scan using k_5 on sbtest5  (cost=0.43..6.58 rows=107 width=4)
	  Index Cond: ((k >= 4712120) AND (k <= 4712220))

table 6 : explain SELECT k FROM sbtest6 WHERE k BETWEEN 4712120 AND 4712220
	Index Only Scan using k_6 on sbtest6  (cost=0.43..6.61 rows=109 width=4)
	  Index Cond: ((k >= 4712120) AND (k <= 4712220))

table 7 : explain SELECT k FROM sbtest7 WHERE k BETWEEN 4712120 AND 4712220
	Index Only Scan using k_7 on sbtest7  (cost=0.43..6.50 rows=103 width=4)
	  Index Cond: ((k >= 4712120) AND (k <= 4712220))

table 8 : explain SELECT k FROM sbtest8 WHERE k BETWEEN 4712120 AND 4712220
	Index Only Scan using k_8 on sbtest8  (cost=0.43..6.43 rows=100 width=4)
	  Index Cond: ((k >= 4712120) AND (k <= 4712220))

for range-covered
table 1 : explain SELECT k FROM sbtest1 WHERE k BETWEEN 8561065 AND 8561165
	Index Only Scan using k_1 on sbtest1  (cost=0.43..6.33 rows=95 width=4)
	  Index Cond: ((k >= 8561065) AND (k <= 8561165))

table 2 : explain SELECT k FROM sbtest2 WHERE k BETWEEN 8561065 AND 8561165
	Index Only Scan using k_2 on sbtest2  (cost=0.43..6.61 rows=109 width=4)
	  Index Cond: ((k >= 8561065) AND (k <= 8561165))

table 3 : explain SELECT k FROM sbtest3 WHERE k BETWEEN 8561065 AND 8561165
	Index Only Scan using k_3 on sbtest3  (cost=0.43..6.42 rows=99 width=4)
	  Index Cond: ((k >= 8561065) AND (k <= 8561165))

table 4 : explain SELECT k FROM sbtest4 WHERE k BETWEEN 8561065 AND 8561165
	Index Only Scan using k_4 on sbtest4  (cost=0.43..6.58 rows=107 width=4)
	  Index Cond: ((k >= 8561065) AND (k <= 8561165))

table 5 : explain SELECT k FROM sbtest5 WHERE k BETWEEN 8561065 AND 8561165
	Index Only Scan using k_5 on sbtest5  (cost=0.43..6.37 rows=97 width=4)
	  Index Cond: ((k >= 8561065) AND (k <= 8561165))

table 6 : explain SELECT k FROM sbtest6 WHERE k BETWEEN 8561065 AND 8561165
	Index Only Scan using k_6 on sbtest6  (cost=0.43..6.59 rows=108 width=4)
	  Index Cond: ((k >= 8561065) AND (k <= 8561165))

table 7 : explain SELECT k FROM sbtest7 WHERE k BETWEEN 8561065 AND 8561165
	Index Only Scan using k_7 on sbtest7  (cost=0.43..6.42 rows=99 width=4)
	  Index Cond: ((k >= 8561065) AND (k <= 8561165))

table 8 : explain SELECT k FROM sbtest8 WHERE k BETWEEN 8561065 AND 8561165
	Index Only Scan using k_8 on sbtest8  (cost=0.43..6.61 rows=109 width=4)
	  Index Cond: ((k >= 8561065) AND (k <= 8561165))

explain: for range-covered :: explain SELECT k FROM sbtest%d WHERE k BETWEEN 161306 AND 161406
explain: for range-covered :: explain SELECT k FROM sbtest%d WHERE k BETWEEN 2833983 AND 2834083
explain: for range-covered :: explain SELECT k FROM sbtest%d WHERE k BETWEEN 8561065 AND 8561165
explain: for range-covered :: explain SELECT k FROM sbtest%d WHERE k BETWEEN 4712120 AND 4712220
for range-covered
table 1 : explain SELECT k FROM sbtest1 WHERE k BETWEEN 8322105 AND 8322205
	Index Only Scan using k_1 on sbtest1  (cost=0.43..6.43 rows=100 width=4)
	  Index Cond: ((k >= 8322105) AND (k <= 8322205))

table 2 : explain SELECT k FROM sbtest2 WHERE k BETWEEN 8322105 AND 8322205
	Index Only Scan using k_2 on sbtest2  (cost=0.43..6.45 rows=101 width=4)
	  Index Cond: ((k >= 8322105) AND (k <= 8322205))

table 3 : explain SELECT k FROM sbtest3 WHERE k BETWEEN 8322105 AND 8322205
	Index Only Scan using k_3 on sbtest3  (cost=0.43..6.50 rows=103 width=4)
	  Index Cond: ((k >= 8322105) AND (k <= 8322205))

table 4 : explain SELECT k FROM sbtest4 WHERE k BETWEEN 8322105 AND 8322205
	Index Only Scan using k_4 on sbtest4  (cost=0.43..6.61 rows=109 width=4)
	  Index Cond: ((k >= 8322105) AND (k <= 8322205))

table 5 : explain SELECT k FROM sbtest5 WHERE k BETWEEN 8322105 AND 8322205
	Index Only Scan using k_5 on sbtest5  (cost=0.43..6.51 rows=104 width=4)
	  Index Cond: ((k >= 8322105) AND (k <= 8322205))

table 6 : explain SELECT k FROM sbtest6 WHERE k BETWEEN 8322105 AND 8322205
	Index Only Scan using k_6 on sbtest6  (cost=0.43..6.43 rows=100 width=4)
	  Index Cond: ((k >= 8322105) AND (k <= 8322205))

table 7 : explain SELECT k FROM sbtest7 WHERE k BETWEEN 8322105 AND 8322205
	Index Only Scan using k_7 on sbtest7  (cost=0.43..6.43 rows=100 width=4)
	  Index Cond: ((k >= 8322105) AND (k <= 8322205))

table 8 : explain SELECT k FROM sbtest8 WHERE k BETWEEN 8322105 AND 8322205
	Index Only Scan using k_8 on sbtest8  (cost=0.43..6.43 rows=100 width=4)
	  Index Cond: ((k >= 8322105) AND (k <= 8322205))

for range-covered
table 1 : explain SELECT k FROM sbtest1 WHERE k BETWEEN 4054246 AND 4054346
	Index Only Scan using k_1 on sbtest1  (cost=0.43..6.45 rows=101 width=4)
	  Index Cond: ((k >= 4054246) AND (k <= 4054346))

table 2 : explain SELECT k FROM sbtest2 WHERE k BETWEEN 4054246 AND 4054346
	Index Only Scan using k_2 on sbtest2  (cost=0.43..6.53 rows=105 width=4)
	  Index Cond: ((k >= 4054246) AND (k <= 4054346))

table 3 : explain SELECT k FROM sbtest3 WHERE k BETWEEN 4054246 AND 4054346
	Index Only Scan using k_3 on sbtest3  (cost=0.43..6.45 rows=101 width=4)
	  Index Cond: ((k >= 4054246) AND (k <= 4054346))

table 4 : explain SELECT k FROM sbtest4 WHERE k BETWEEN 4054246 AND 4054346
	Index Only Scan using k_4 on sbtest4  (cost=0.43..6.35 rows=96 width=4)
	  Index Cond: ((k >= 4054246) AND (k <= 4054346))

table 5 : explain SELECT k FROM sbtest5 WHERE k BETWEEN 4054246 AND 4054346
	Index Only Scan using k_5 on sbtest5  (cost=0.43..6.63 rows=110 width=4)
	  Index Cond: ((k >= 4054246) AND (k <= 4054346))

table 6 : explain SELECT k FROM sbtest6 WHERE k BETWEEN 4054246 AND 4054346
	Index Only Scan using k_6 on sbtest6  (cost=0.43..6.40 rows=98 width=4)
	  Index Cond: ((k >= 4054246) AND (k <= 4054346))

table 7 : explain SELECT k FROM sbtest7 WHERE k BETWEEN 4054246 AND 4054346
	Index Only Scan using k_7 on sbtest7  (cost=0.43..6.61 rows=109 width=4)
	  Index Cond: ((k >= 4054246) AND (k <= 4054346))

table 8 : explain SELECT k FROM sbtest8 WHERE k BETWEEN 4054246 AND 4054346
	Index Only Scan using k_8 on sbtest8  (cost=0.43..6.43 rows=100 width=4)
	  Index Cond: ((k >= 4054246) AND (k <= 4054346))

for range-covered
table 1 : explain SELECT k FROM sbtest1 WHERE k BETWEEN 2472367 AND 2472467
	Index Only Scan using k_1 on sbtest1  (cost=0.43..6.47 rows=102 width=4)
	  Index Cond: ((k >= 2472367) AND (k <= 2472467))

table 2 : explain SELECT k FROM sbtest2 WHERE k BETWEEN 2472367 AND 2472467
	Index Only Scan using k_2 on sbtest2  (cost=0.43..6.50 rows=103 width=4)
	  Index Cond: ((k >= 2472367) AND (k <= 2472467))

table 3 : explain SELECT k FROM sbtest3 WHERE k BETWEEN 2472367 AND 2472467
	Index Only Scan using k_3 on sbtest3  (cost=0.43..6.56 rows=106 width=4)
	  Index Cond: ((k >= 2472367) AND (k <= 2472467))

table 4 : explain SELECT k FROM sbtest4 WHERE k BETWEEN 2472367 AND 2472467
	Index Only Scan using k_4 on sbtest4  (cost=0.43..6.45 rows=101 width=4)
	  Index Cond: ((k >= 2472367) AND (k <= 2472467))

table 5 : explain SELECT k FROM sbtest5 WHERE k BETWEEN 2472367 AND 2472467
	Index Only Scan using k_5 on sbtest5  (cost=0.43..6.61 rows=109 width=4)
	  Index Cond: ((k >= 2472367) AND (k <= 2472467))

table 6 : explain SELECT k FROM sbtest6 WHERE k BETWEEN 2472367 AND 2472467
	Index Only Scan using k_6 on sbtest6  (cost=0.43..6.50 rows=103 width=4)
	  Index Cond: ((k >= 2472367) AND (k <= 2472467))

table 7 : explain SELECT k FROM sbtest7 WHERE k BETWEEN 2472367 AND 2472467
	Index Only Scan using k_7 on sbtest7  (cost=0.43..6.56 rows=106 width=4)
	  Index Cond: ((k >= 2472367) AND (k <= 2472467))

table 8 : explain SELECT k FROM sbtest8 WHERE k BETWEEN 2472367 AND 2472467
	Index Only Scan using k_8 on sbtest8  (cost=0.43..6.45 rows=101 width=4)
	  Index Cond: ((k >= 2472367) AND (k <= 2472467))

for range-covered
table 1 : explain SELECT k FROM sbtest1 WHERE k BETWEEN 1558482 AND 1558582
	Index Only Scan using k_1 on sbtest1  (cost=0.43..6.50 rows=103 width=4)
	  Index Cond: ((k >= 1558482) AND (k <= 1558582))

table 2 : explain SELECT k FROM sbtest2 WHERE k BETWEEN 1558482 AND 1558582
	Index Only Scan using k_2 on sbtest2  (cost=0.43..6.59 rows=108 width=4)
	  Index Cond: ((k >= 1558482) AND (k <= 1558582))

table 3 : explain SELECT k FROM sbtest3 WHERE k BETWEEN 1558482 AND 1558582
	Index Only Scan using k_3 on sbtest3  (cost=0.43..6.37 rows=97 width=4)
	  Index Cond: ((k >= 1558482) AND (k <= 1558582))

table 4 : explain SELECT k FROM sbtest4 WHERE k BETWEEN 1558482 AND 1558582
	Index Only Scan using k_4 on sbtest4  (cost=0.43..6.37 rows=97 width=4)
	  Index Cond: ((k >= 1558482) AND (k <= 1558582))

table 5 : explain SELECT k FROM sbtest5 WHERE k BETWEEN 1558482 AND 1558582
	Index Only Scan using k_5 on sbtest5  (cost=0.43..6.53 rows=105 width=4)
	  Index Cond: ((k >= 1558482) AND (k <= 1558582))

table 6 : explain SELECT k FROM sbtest6 WHERE k BETWEEN 1558482 AND 1558582
	Index Only Scan using k_6 on sbtest6  (cost=0.43..6.24 rows=90 width=4)
	  Index Cond: ((k >= 1558482) AND (k <= 1558582))

table 7 : explain SELECT k FROM sbtest7 WHERE k BETWEEN 1558482 AND 1558582
	Index Only Scan using k_7 on sbtest7  (cost=0.43..6.29 rows=93 width=4)
	  Index Cond: ((k >= 1558482) AND (k <= 1558582))

table 8 : explain SELECT k FROM sbtest8 WHERE k BETWEEN 1558482 AND 1558582
	Index Only Scan using k_8 on sbtest8  (cost=0.43..6.50 rows=103 width=4)
	  Index Cond: ((k >= 1558482) AND (k <= 1558582))

for range-covered
table 1 : explain SELECT k FROM sbtest1 WHERE k BETWEEN 5624535 AND 5624635
	Index Only Scan using k_1 on sbtest1  (cost=0.43..6.47 rows=102 width=4)
	  Index Cond: ((k >= 5624535) AND (k <= 5624635))

table 2 : explain SELECT k FROM sbtest2 WHERE k BETWEEN 5624535 AND 5624635
	Index Only Scan using k_2 on sbtest2  (cost=0.43..6.56 rows=106 width=4)
	  Index Cond: ((k >= 5624535) AND (k <= 5624635))

table 3 : explain SELECT k FROM sbtest3 WHERE k BETWEEN 5624535 AND 5624635
	Index Only Scan using k_3 on sbtest3  (cost=0.43..6.47 rows=102 width=4)
	  Index Cond: ((k >= 5624535) AND (k <= 5624635))

table 4 : explain SELECT k FROM sbtest4 WHERE k BETWEEN 5624535 AND 5624635
	Index Only Scan using k_4 on sbtest4  (cost=0.43..6.47 rows=102 width=4)
	  Index Cond: ((k >= 5624535) AND (k <= 5624635))

table 5 : explain SELECT k FROM sbtest5 WHERE k BETWEEN 5624535 AND 5624635
	Index Only Scan using k_5 on sbtest5  (cost=0.43..6.59 rows=108 width=4)
	  Index Cond: ((k >= 5624535) AND (k <= 5624635))

table 6 : explain SELECT k FROM sbtest6 WHERE k BETWEEN 5624535 AND 5624635
	Index Only Scan using k_6 on sbtest6  (cost=0.43..6.40 rows=98 width=4)
	  Index Cond: ((k >= 5624535) AND (k <= 5624635))

table 7 : explain SELECT k FROM sbtest7 WHERE k BETWEEN 5624535 AND 5624635
	Index Only Scan using k_7 on sbtest7  (cost=0.43..6.43 rows=100 width=4)
	  Index Cond: ((k >= 5624535) AND (k <= 5624635))

table 8 : explain SELECT k FROM sbtest8 WHERE k BETWEEN 5624535 AND 5624635
	Index Only Scan using k_8 on sbtest8  (cost=0.43..6.35 rows=96 width=4)
	  Index Cond: ((k >= 5624535) AND (k <= 5624635))

explain: for range-covered :: explain SELECT k FROM sbtest%d WHERE k BETWEEN 4054246 AND 4054346
explain: for range-covered :: explain SELECT k FROM sbtest%d WHERE k BETWEEN 8322105 AND 8322205
explain: for range-covered :: explain SELECT k FROM sbtest%d WHERE k BETWEEN 2472367 AND 2472467
explain: for range-covered :: explain SELECT k FROM sbtest%d WHERE k BETWEEN 1558482 AND 1558582
for range-covered
table 1 : explain SELECT k FROM sbtest1 WHERE k BETWEEN 161306 AND 161406
	Index Only Scan using k_1 on sbtest1  (cost=0.43..6.40 rows=98 width=4)
	  Index Cond: ((k >= 161306) AND (k <= 161406))

table 2 : explain SELECT k FROM sbtest2 WHERE k BETWEEN 161306 AND 161406
	Index Only Scan using k_2 on sbtest2  (cost=0.43..6.45 rows=101 width=4)
	  Index Cond: ((k >= 161306) AND (k <= 161406))

table 3 : explain SELECT k FROM sbtest3 WHERE k BETWEEN 161306 AND 161406
	Index Only Scan using k_3 on sbtest3  (cost=0.43..6.50 rows=103 width=4)
	  Index Cond: ((k >= 161306) AND (k <= 161406))

table 4 : explain SELECT k FROM sbtest4 WHERE k BETWEEN 161306 AND 161406
	Index Only Scan using k_4 on sbtest4  (cost=0.43..6.61 rows=109 width=4)
	  Index Cond: ((k >= 161306) AND (k <= 161406))

table 5 : explain SELECT k FROM sbtest5 WHERE k BETWEEN 161306 AND 161406
	Index Only Scan using k_5 on sbtest5  (cost=0.43..6.58 rows=107 width=4)
	  Index Cond: ((k >= 161306) AND (k <= 161406))

table 6 : explain SELECT k FROM sbtest6 WHERE k BETWEEN 161306 AND 161406
	Index Only Scan using k_6 on sbtest6  (cost=0.43..6.37 rows=97 width=4)
	  Index Cond: ((k >= 161306) AND (k <= 161406))

table 7 : explain SELECT k FROM sbtest7 WHERE k BETWEEN 161306 AND 161406
	Index Only Scan using k_7 on sbtest7  (cost=0.43..6.58 rows=107 width=4)
	  Index Cond: ((k >= 161306) AND (k <= 161406))

table 8 : explain SELECT k FROM sbtest8 WHERE k BETWEEN 161306 AND 161406
	Index Only Scan using k_8 on sbtest8  (cost=0.43..6.51 rows=104 width=4)
	  Index Cond: ((k >= 161306) AND (k <= 161406))

for range-covered
table 1 : explain SELECT k FROM sbtest1 WHERE k BETWEEN 8561065 AND 8561165
	Index Only Scan using k_1 on sbtest1  (cost=0.43..6.33 rows=95 width=4)
	  Index Cond: ((k >= 8561065) AND (k <= 8561165))

table 2 : explain SELECT k FROM sbtest2 WHERE k BETWEEN 8561065 AND 8561165
	Index Only Scan using k_2 on sbtest2  (cost=0.43..6.61 rows=109 width=4)
	  Index Cond: ((k >= 8561065) AND (k <= 8561165))

table 3 : explain SELECT k FROM sbtest3 WHERE k BETWEEN 8561065 AND 8561165
	Index Only Scan using k_3 on sbtest3  (cost=0.43..6.42 rows=99 width=4)
	  Index Cond: ((k >= 8561065) AND (k <= 8561165))

table 4 : explain SELECT k FROM sbtest4 WHERE k BETWEEN 8561065 AND 8561165
	Index Only Scan using k_4 on sbtest4  (cost=0.43..6.58 rows=107 width=4)
	  Index Cond: ((k >= 8561065) AND (k <= 8561165))

table 5 : explain SELECT k FROM sbtest5 WHERE k BETWEEN 8561065 AND 8561165
	Index Only Scan using k_5 on sbtest5  (cost=0.43..6.37 rows=97 width=4)
	  Index Cond: ((k >= 8561065) AND (k <= 8561165))

table 6 : explain SELECT k FROM sbtest6 WHERE k BETWEEN 8561065 AND 8561165
	Index Only Scan using k_6 on sbtest6  (cost=0.43..6.59 rows=108 width=4)
	  Index Cond: ((k >= 8561065) AND (k <= 8561165))

table 7 : explain SELECT k FROM sbtest7 WHERE k BETWEEN 8561065 AND 8561165
	Index Only Scan using k_7 on sbtest7  (cost=0.43..6.42 rows=99 width=4)
	  Index Cond: ((k >= 8561065) AND (k <= 8561165))

table 8 : explain SELECT k FROM sbtest8 WHERE k BETWEEN 8561065 AND 8561165
	Index Only Scan using k_8 on sbtest8  (cost=0.43..6.61 rows=109 width=4)
	  Index Cond: ((k >= 8561065) AND (k <= 8561165))

explain: for range-covered :: explain SELECT k FROM sbtest%d WHERE k BETWEEN 161306 AND 161406
explain: for range-covered :: explain SELECT k FROM sbtest%d WHERE k BETWEEN 1506699 AND 1506799
for range-covered
table 1 : explain SELECT k FROM sbtest1 WHERE k BETWEEN 6559966 AND 6560066
	Index Only Scan using k_1 on sbtest1  (cost=0.43..6.47 rows=102 width=4)
	  Index Cond: ((k >= 6559966) AND (k <= 6560066))

table 2 : explain SELECT k FROM sbtest2 WHERE k BETWEEN 6559966 AND 6560066
	Index Only Scan using k_2 on sbtest2  (cost=0.43..6.42 rows=99 width=4)
	  Index Cond: ((k >= 6559966) AND (k <= 6560066))

table 3 : explain SELECT k FROM sbtest3 WHERE k BETWEEN 6559966 AND 6560066
	Index Only Scan using k_3 on sbtest3  (cost=0.43..6.53 rows=105 width=4)
	  Index Cond: ((k >= 6559966) AND (k <= 6560066))

table 4 : explain SELECT k FROM sbtest4 WHERE k BETWEEN 6559966 AND 6560066
	Index Only Scan using k_4 on sbtest4  (cost=0.43..6.43 rows=100 width=4)
	  Index Cond: ((k >= 6559966) AND (k <= 6560066))

table 5 : explain SELECT k FROM sbtest5 WHERE k BETWEEN 6559966 AND 6560066
	Index Only Scan using k_5 on sbtest5  (cost=0.43..6.33 rows=95 width=4)
	  Index Cond: ((k >= 6559966) AND (k <= 6560066))

table 6 : explain SELECT k FROM sbtest6 WHERE k BETWEEN 6559966 AND 6560066
	Index Only Scan using k_6 on sbtest6  (cost=0.43..6.43 rows=100 width=4)
	  Index Cond: ((k >= 6559966) AND (k <= 6560066))

table 7 : explain SELECT k FROM sbtest7 WHERE k BETWEEN 6559966 AND 6560066
	Index Only Scan using k_7 on sbtest7  (cost=0.43..6.37 rows=97 width=4)
	  Index Cond: ((k >= 6559966) AND (k <= 6560066))

table 8 : explain SELECT k FROM sbtest8 WHERE k BETWEEN 6559966 AND 6560066
	Index Only Scan using k_8 on sbtest8  (cost=0.43..6.17 rows=87 width=4)
	  Index Cond: ((k >= 6559966) AND (k <= 6560066))
for range-covered
table 1 : explain SELECT k FROM sbtest1 WHERE k BETWEEN 5329381 AND 5329481
	Index Only Scan using k_1 on sbtest1  (cost=0.43..6.43 rows=100 width=4)
	  Index Cond: ((k >= 5329381) AND (k <= 5329481))

table 2 : explain SELECT k FROM sbtest2 WHERE k BETWEEN 5329381 AND 5329481
	Index Only Scan using k_2 on sbtest2  (cost=0.43..6.47 rows=102 width=4)
	  Index Cond: ((k >= 5329381) AND (k <= 5329481))

table 3 : explain SELECT k FROM sbtest3 WHERE k BETWEEN 5329381 AND 5329481
	Index Only Scan using k_3 on sbtest3  (cost=0.43..6.66 rows=111 width=4)
	  Index Cond: ((k >= 5329381) AND (k <= 5329481))

table 4 : explain SELECT k FROM sbtest4 WHERE k BETWEEN 5329381 AND 5329481
	Index Only Scan using k_4 on sbtest4  (cost=0.43..6.45 rows=101 width=4)
	  Index Cond: ((k >= 5329381) AND (k <= 5329481))

table 5 : explain SELECT k FROM sbtest5 WHERE k BETWEEN 5329381 AND 5329481
	Index Only Scan using k_5 on sbtest5  (cost=0.43..6.40 rows=98 width=4)
	  Index Cond: ((k >= 5329381) AND (k <= 5329481))

table 6 : explain SELECT k FROM sbtest6 WHERE k BETWEEN 5329381 AND 5329481
	Index Only Scan using k_6 on sbtest6  (cost=0.43..6.66 rows=111 width=4)
	  Index Cond: ((k >= 5329381) AND (k <= 5329481))

table 7 : explain SELECT k FROM sbtest7 WHERE k BETWEEN 5329381 AND 5329481
	Index Only Scan using k_7 on sbtest7  (cost=0.43..6.35 rows=96 width=4)
	  Index Cond: ((k >= 5329381) AND (k <= 5329481))

table 8 : explain SELECT k FROM sbtest8 WHERE k BETWEEN 5329381 AND 5329481
	Index Only Scan using k_8 on sbtest8  (cost=0.43..6.58 rows=107 width=4)
	  Index Cond: ((k >= 5329381) AND (k <= 5329481))


for range-covered
table 1 : explain SELECT k FROM sbtest1 WHERE k BETWEEN 876922 AND 877022
	Index Only Scan using k_1 on sbtest1  (cost=0.43..6.50 rows=103 width=4)
	  Index Cond: ((k >= 876922) AND (k <= 877022))

table 2 : explain SELECT k FROM sbtest2 WHERE k BETWEEN 876922 AND 877022
	Index Only Scan using k_2 on sbtest2  (cost=0.43..6.32 rows=94 width=4)
	  Index Cond: ((k >= 876922) AND (k <= 877022))

table 3 : explain SELECT k FROM sbtest3 WHERE k BETWEEN 876922 AND 877022
	Index Only Scan using k_3 on sbtest3  (cost=0.43..6.61 rows=109 width=4)
	  Index Cond: ((k >= 876922) AND (k <= 877022))

table 4 : explain SELECT k FROM sbtest4 WHERE k BETWEEN 876922 AND 877022
	Index Only Scan using k_4 on sbtest4  (cost=0.43..6.37 rows=97 width=4)
	  Index Cond: ((k >= 876922) AND (k <= 877022))

table 5 : explain SELECT k FROM sbtest5 WHERE k BETWEEN 876922 AND 877022
	Index Only Scan using k_5 on sbtest5  (cost=0.43..6.35 rows=96 width=4)
	  Index Cond: ((k >= 876922) AND (k <= 877022))

table 6 : explain SELECT k FROM sbtest6 WHERE k BETWEEN 876922 AND 877022
	Index Only Scan using k_6 on sbtest6  (cost=0.43..6.43 rows=100 width=4)
	  Index Cond: ((k >= 876922) AND (k <= 877022))

table 7 : explain SELECT k FROM sbtest7 WHERE k BETWEEN 876922 AND 877022
	Index Only Scan using k_7 on sbtest7  (cost=0.43..6.43 rows=100 width=4)
	  Index Cond: ((k >= 876922) AND (k <= 877022))

table 8 : explain SELECT k FROM sbtest8 WHERE k BETWEEN 876922 AND 877022
	Index Only Scan using k_8 on sbtest8  (cost=0.43..6.47 rows=102 width=4)
	  Index Cond: ((k >= 876922) AND (k <= 877022))

explain: for range-covered :: explain SELECT k FROM sbtest%d WHERE k BETWEEN 5329381 AND 5329481
explain: for range-covered :: explain SELECT k FROM sbtest%d WHERE k BETWEEN 6559966 AND 6560066
explain: for range-covered :: explain SELECT k FROM sbtest%d WHERE k BETWEEN 876922 AND 877022
explain: for range-covered :: explain SELECT k FROM sbtest%d WHERE k BETWEEN 6253428 AND 6253528
for range-covered
table 1 : explain SELECT k FROM sbtest1 WHERE k BETWEEN 4054246 AND 4054346
	Index Only Scan using k_1 on sbtest1  (cost=0.43..6.45 rows=101 width=4)
	  Index Cond: ((k >= 4054246) AND (k <= 4054346))

table 2 : explain SELECT k FROM sbtest2 WHERE k BETWEEN 4054246 AND 4054346
	Index Only Scan using k_2 on sbtest2  (cost=0.43..6.53 rows=105 width=4)
	  Index Cond: ((k >= 4054246) AND (k <= 4054346))

table 3 : explain SELECT k FROM sbtest3 WHERE k BETWEEN 4054246 AND 4054346
	Index Only Scan using k_3 on sbtest3  (cost=0.43..6.45 rows=101 width=4)
	  Index Cond: ((k >= 4054246) AND (k <= 4054346))

table 4 : explain SELECT k FROM sbtest4 WHERE k BETWEEN 4054246 AND 4054346
	Index Only Scan using k_4 on sbtest4  (cost=0.43..6.35 rows=96 width=4)
	  Index Cond: ((k >= 4054246) AND (k <= 4054346))

table 5 : explain SELECT k FROM sbtest5 WHERE k BETWEEN 4054246 AND 4054346
	Index Only Scan using k_5 on sbtest5  (cost=0.43..6.63 rows=110 width=4)
	  Index Cond: ((k >= 4054246) AND (k <= 4054346))

table 6 : explain SELECT k FROM sbtest6 WHERE k BETWEEN 4054246 AND 4054346
	Index Only Scan using k_6 on sbtest6  (cost=0.43..6.40 rows=98 width=4)
	  Index Cond: ((k >= 4054246) AND (k <= 4054346))

table 7 : explain SELECT k FROM sbtest7 WHERE k BETWEEN 4054246 AND 4054346
	Index Only Scan using k_7 on sbtest7  (cost=0.43..6.61 rows=109 width=4)
	  Index Cond: ((k >= 4054246) AND (k <= 4054346))

table 8 : explain SELECT k FROM sbtest8 WHERE k BETWEEN 4054246 AND 4054346
	Index Only Scan using k_8 on sbtest8  (cost=0.43..6.43 rows=100 width=4)
	  Index Cond: ((k >= 4054246) AND (k <= 4054346))

explain: for range-covered :: explain SELECT k FROM sbtest%d WHERE k BETWEEN 4054246 AND 4054346
for range-covered
table 1 : explain SELECT k FROM sbtest1 WHERE k BETWEEN 2833983 AND 2834083
	Index Only Scan using k_1 on sbtest1  (cost=0.43..6.27 rows=92 width=4)
	  Index Cond: ((k >= 2833983) AND (k <= 2834083))

table 2 : explain SELECT k FROM sbtest2 WHERE k BETWEEN 2833983 AND 2834083
	Index Only Scan using k_2 on sbtest2  (cost=0.43..6.47 rows=102 width=4)
	  Index Cond: ((k >= 2833983) AND (k <= 2834083))

table 3 : explain SELECT k FROM sbtest3 WHERE k BETWEEN 2833983 AND 2834083
	Index Only Scan using k_3 on sbtest3  (cost=0.43..6.47 rows=102 width=4)
	  Index Cond: ((k >= 2833983) AND (k <= 2834083))

table 4 : explain SELECT k FROM sbtest4 WHERE k BETWEEN 2833983 AND 2834083
	Index Only Scan using k_4 on sbtest4  (cost=0.43..6.42 rows=99 width=4)
	  Index Cond: ((k >= 2833983) AND (k <= 2834083))

table 5 : explain SELECT k FROM sbtest5 WHERE k BETWEEN 2833983 AND 2834083
	Index Only Scan using k_5 on sbtest5  (cost=0.43..6.35 rows=96 width=4)
	  Index Cond: ((k >= 2833983) AND (k <= 2834083))

table 6 : explain SELECT k FROM sbtest6 WHERE k BETWEEN 2833983 AND 2834083
	Index Only Scan using k_6 on sbtest6  (cost=0.43..6.42 rows=99 width=4)
	  Index Cond: ((k >= 2833983) AND (k <= 2834083))

table 7 : explain SELECT k FROM sbtest7 WHERE k BETWEEN 2833983 AND 2834083
	Index Only Scan using k_7 on sbtest7  (cost=0.43..6.45 rows=101 width=4)
	  Index Cond: ((k >= 2833983) AND (k <= 2834083))

table 8 : explain SELECT k FROM sbtest8 WHERE k BETWEEN 2833983 AND 2834083
	Index Only Scan using k_8 on sbtest8  (cost=0.43..6.25 rows=91 width=4)
	  Index Cond: ((k >= 2833983) AND (k <= 2834083))

explain: for range-covered :: explain SELECT k FROM sbtest%d WHERE k BETWEEN 2833983 AND 2834083
for range-covered
table 1 : explain SELECT k FROM sbtest1 WHERE k BETWEEN 161306 AND 161406
	Index Only Scan using k_1 on sbtest1  (cost=0.43..6.40 rows=98 width=4)
	  Index Cond: ((k >= 161306) AND (k <= 161406))

table 2 : explain SELECT k FROM sbtest2 WHERE k BETWEEN 161306 AND 161406
	Index Only Scan using k_2 on sbtest2  (cost=0.43..6.45 rows=101 width=4)
	  Index Cond: ((k >= 161306) AND (k <= 161406))

table 3 : explain SELECT k FROM sbtest3 WHERE k BETWEEN 161306 AND 161406
	Index Only Scan using k_3 on sbtest3  (cost=0.43..6.50 rows=103 width=4)
	  Index Cond: ((k >= 161306) AND (k <= 161406))

table 4 : explain SELECT k FROM sbtest4 WHERE k BETWEEN 161306 AND 161406
	Index Only Scan using k_4 on sbtest4  (cost=0.43..6.61 rows=109 width=4)
	  Index Cond: ((k >= 161306) AND (k <= 161406))

table 5 : explain SELECT k FROM sbtest5 WHERE k BETWEEN 161306 AND 161406
	Index Only Scan using k_5 on sbtest5  (cost=0.43..6.58 rows=107 width=4)
	  Index Cond: ((k >= 161306) AND (k <= 161406))

table 6 : explain SELECT k FROM sbtest6 WHERE k BETWEEN 161306 AND 161406
	Index Only Scan using k_6 on sbtest6  (cost=0.43..6.37 rows=97 width=4)
	  Index Cond: ((k >= 161306) AND (k <= 161406))

table 7 : explain SELECT k FROM sbtest7 WHERE k BETWEEN 161306 AND 161406
	Index Only Scan using k_7 on sbtest7  (cost=0.43..6.58 rows=107 width=4)
	  Index Cond: ((k >= 161306) AND (k <= 161406))

table 8 : explain SELECT k FROM sbtest8 WHERE k BETWEEN 161306 AND 161406
	Index Only Scan using k_8 on sbtest8  (cost=0.43..6.51 rows=104 width=4)
	  Index Cond: ((k >= 161306) AND (k <= 161406))

for range-covered
table 1 : explain SELECT k FROM sbtest1 WHERE k BETWEEN 4712120 AND 4712220
	Index Only Scan using k_1 on sbtest1  (cost=0.43..6.58 rows=107 width=4)
	  Index Cond: ((k >= 4712120) AND (k <= 4712220))

table 2 : explain SELECT k FROM sbtest2 WHERE k BETWEEN 4712120 AND 4712220
	Index Only Scan using k_2 on sbtest2  (cost=0.43..6.35 rows=96 width=4)
	  Index Cond: ((k >= 4712120) AND (k <= 4712220))

table 3 : explain SELECT k FROM sbtest3 WHERE k BETWEEN 4712120 AND 4712220
	Index Only Scan using k_3 on sbtest3  (cost=0.43..6.37 rows=97 width=4)
	  Index Cond: ((k >= 4712120) AND (k <= 4712220))

table 4 : explain SELECT k FROM sbtest4 WHERE k BETWEEN 4712120 AND 4712220
	Index Only Scan using k_4 on sbtest4  (cost=0.43..6.66 rows=111 width=4)
	  Index Cond: ((k >= 4712120) AND (k <= 4712220))

table 5 : explain SELECT k FROM sbtest5 WHERE k BETWEEN 4712120 AND 4712220
	Index Only Scan using k_5 on sbtest5  (cost=0.43..6.58 rows=107 width=4)
	  Index Cond: ((k >= 4712120) AND (k <= 4712220))

table 6 : explain SELECT k FROM sbtest6 WHERE k BETWEEN 4712120 AND 4712220
	Index Only Scan using k_6 on sbtest6  (cost=0.43..6.61 rows=109 width=4)
	  Index Cond: ((k >= 4712120) AND (k <= 4712220))

table 7 : explain SELECT k FROM sbtest7 WHERE k BETWEEN 4712120 AND 4712220
	Index Only Scan using k_7 on sbtest7  (cost=0.43..6.50 rows=103 width=4)
	  Index Cond: ((k >= 4712120) AND (k <= 4712220))

table 8 : explain SELECT k FROM sbtest8 WHERE k BETWEEN 4712120 AND 4712220
	Index Only Scan using k_8 on sbtest8  (cost=0.43..6.43 rows=100 width=4)
	  Index Cond: ((k >= 4712120) AND (k <= 4712220))

explain: for range-covered :: explain SELECT k FROM sbtest%d WHERE k BETWEEN 161306 AND 161406
for range-covered
table 1 : explain SELECT k FROM sbtest1 WHERE k BETWEEN 5896759 AND 5896859
	Index Only Scan using k_1 on sbtest1  (cost=0.43..6.43 rows=100 width=4)
	  Index Cond: ((k >= 5896759) AND (k <= 5896859))

table 2 : explain SELECT k FROM sbtest2 WHERE k BETWEEN 5896759 AND 5896859
	Index Only Scan using k_2 on sbtest2  (cost=0.43..6.53 rows=105 width=4)
	  Index Cond: ((k >= 5896759) AND (k <= 5896859))

table 3 : explain SELECT k FROM sbtest3 WHERE k BETWEEN 5896759 AND 5896859
	Index Only Scan using k_3 on sbtest3  (cost=0.43..6.51 rows=104 width=4)
	  Index Cond: ((k >= 5896759) AND (k <= 5896859))

table 4 : explain SELECT k FROM sbtest4 WHERE k BETWEEN 5896759 AND 5896859
	Index Only Scan using k_4 on sbtest4  (cost=0.43..6.37 rows=97 width=4)
	  Index Cond: ((k >= 5896759) AND (k <= 5896859))

table 5 : explain SELECT k FROM sbtest5 WHERE k BETWEEN 5896759 AND 5896859
	Index Only Scan using k_5 on sbtest5  (cost=0.43..6.45 rows=101 width=4)
	  Index Cond: ((k >= 5896759) AND (k <= 5896859))

table 6 : explain SELECT k FROM sbtest6 WHERE k BETWEEN 5896759 AND 5896859
	Index Only Scan using k_6 on sbtest6  (cost=0.43..6.59 rows=108 width=4)
	  Index Cond: ((k >= 5896759) AND (k <= 5896859))

table 7 : explain SELECT k FROM sbtest7 WHERE k BETWEEN 5896759 AND 5896859
	Index Only Scan using k_7 on sbtest7  (cost=0.43..6.59 rows=108 width=4)
	  Index Cond: ((k >= 5896759) AND (k <= 5896859))

table 8 : explain SELECT k FROM sbtest8 WHERE k BETWEEN 5896759 AND 5896859
	Index Only Scan using k_8 on sbtest8  (cost=0.43..6.47 rows=102 width=4)
	  Index Cond: ((k >= 5896759) AND (k <= 5896859))

for range-covered
table 1 : explain SELECT k FROM sbtest1 WHERE k BETWEEN 5329381 AND 5329481
	Index Only Scan using k_1 on sbtest1  (cost=0.43..6.43 rows=100 width=4)
	  Index Cond: ((k >= 5329381) AND (k <= 5329481))

table 2 : explain SELECT k FROM sbtest2 WHERE k BETWEEN 5329381 AND 5329481
	Index Only Scan using k_2 on sbtest2  (cost=0.43..6.47 rows=102 width=4)
	  Index Cond: ((k >= 5329381) AND (k <= 5329481))

table 3 : explain SELECT k FROM sbtest3 WHERE k BETWEEN 5329381 AND 5329481
	Index Only Scan using k_3 on sbtest3  (cost=0.43..6.66 rows=111 width=4)
	  Index Cond: ((k >= 5329381) AND (k <= 5329481))

table 4 : explain SELECT k FROM sbtest4 WHERE k BETWEEN 5329381 AND 5329481
	Index Only Scan using k_4 on sbtest4  (cost=0.43..6.45 rows=101 width=4)
	  Index Cond: ((k >= 5329381) AND (k <= 5329481))

table 5 : explain SELECT k FROM sbtest5 WHERE k BETWEEN 5329381 AND 5329481
	Index Only Scan using k_5 on sbtest5  (cost=0.43..6.40 rows=98 width=4)
	  Index Cond: ((k >= 5329381) AND (k <= 5329481))

table 6 : explain SELECT k FROM sbtest6 WHERE k BETWEEN 5329381 AND 5329481
	Index Only Scan using k_6 on sbtest6  (cost=0.43..6.66 rows=111 width=4)
	  Index Cond: ((k >= 5329381) AND (k <= 5329481))

table 7 : explain SELECT k FROM sbtest7 WHERE k BETWEEN 5329381 AND 5329481
	Index Only Scan using k_7 on sbtest7  (cost=0.43..6.35 rows=96 width=4)
	  Index Cond: ((k >= 5329381) AND (k <= 5329481))

table 8 : explain SELECT k FROM sbtest8 WHERE k BETWEEN 5329381 AND 5329481
	Index Only Scan using k_8 on sbtest8  (cost=0.43..6.58 rows=107 width=4)
	  Index Cond: ((k >= 5329381) AND (k <= 5329481))

explain: for range-covered :: explain SELECT k FROM sbtest%d WHERE k BETWEEN 5896759 AND 5896859
explain: for range-covered :: explain SELECT k FROM sbtest%d WHERE k BETWEEN 5329381 AND 5329481
for range-covered
table 1 : explain SELECT k FROM sbtest1 WHERE k BETWEEN 8322105 AND 8322205
	Index Only Scan using k_1 on sbtest1  (cost=0.43..6.43 rows=100 width=4)
	  Index Cond: ((k >= 8322105) AND (k <= 8322205))

table 2 : explain SELECT k FROM sbtest2 WHERE k BETWEEN 8322105 AND 8322205
	Index Only Scan using k_2 on sbtest2  (cost=0.43..6.45 rows=101 width=4)
	  Index Cond: ((k >= 8322105) AND (k <= 8322205))

table 3 : explain SELECT k FROM sbtest3 WHERE k BETWEEN 8322105 AND 8322205
	Index Only Scan using k_3 on sbtest3  (cost=0.43..6.50 rows=103 width=4)
	  Index Cond: ((k >= 8322105) AND (k <= 8322205))

table 4 : explain SELECT k FROM sbtest4 WHERE k BETWEEN 8322105 AND 8322205
	Index Only Scan using k_4 on sbtest4  (cost=0.43..6.61 rows=109 width=4)
	  Index Cond: ((k >= 8322105) AND (k <= 8322205))

table 5 : explain SELECT k FROM sbtest5 WHERE k BETWEEN 8322105 AND 8322205
	Index Only Scan using k_5 on sbtest5  (cost=0.43..6.51 rows=104 width=4)
	  Index Cond: ((k >= 8322105) AND (k <= 8322205))

table 6 : explain SELECT k FROM sbtest6 WHERE k BETWEEN 8322105 AND 8322205
	Index Only Scan using k_6 on sbtest6  (cost=0.43..6.43 rows=100 width=4)
	  Index Cond: ((k >= 8322105) AND (k <= 8322205))

table 7 : explain SELECT k FROM sbtest7 WHERE k BETWEEN 8322105 AND 8322205
	Index Only Scan using k_7 on sbtest7  (cost=0.43..6.43 rows=100 width=4)
	  Index Cond: ((k >= 8322105) AND (k <= 8322205))

table 8 : explain SELECT k FROM sbtest8 WHERE k BETWEEN 8322105 AND 8322205
	Index Only Scan using k_8 on sbtest8  (cost=0.43..6.43 rows=100 width=4)
	  Index Cond: ((k >= 8322105) AND (k <= 8322205))

for range-covered
table 1 : explain SELECT k FROM sbtest1 WHERE k BETWEEN 4054246 AND 4054346
	Index Only Scan using k_1 on sbtest1  (cost=0.43..6.45 rows=101 width=4)
	  Index Cond: ((k >= 4054246) AND (k <= 4054346))

table 2 : explain SELECT k FROM sbtest2 WHERE k BETWEEN 4054246 AND 4054346
	Index Only Scan using k_2 on sbtest2  (cost=0.43..6.53 rows=105 width=4)
	  Index Cond: ((k >= 4054246) AND (k <= 4054346))

table 3 : explain SELECT k FROM sbtest3 WHERE k BETWEEN 4054246 AND 4054346
	Index Only Scan using k_3 on sbtest3  (cost=0.43..6.45 rows=101 width=4)
	  Index Cond: ((k >= 4054246) AND (k <= 4054346))

table 4 : explain SELECT k FROM sbtest4 WHERE k BETWEEN 4054246 AND 4054346
	Index Only Scan using k_4 on sbtest4  (cost=0.43..6.35 rows=96 width=4)
	  Index Cond: ((k >= 4054246) AND (k <= 4054346))

table 5 : explain SELECT k FROM sbtest5 WHERE k BETWEEN 4054246 AND 4054346
	Index Only Scan using k_5 on sbtest5  (cost=0.43..6.63 rows=110 width=4)
	  Index Cond: ((k >= 4054246) AND (k <= 4054346))

table 6 : explain SELECT k FROM sbtest6 WHERE k BETWEEN 4054246 AND 4054346
	Index Only Scan using k_6 on sbtest6  (cost=0.43..6.40 rows=98 width=4)
	  Index Cond: ((k >= 4054246) AND (k <= 4054346))

table 7 : explain SELECT k FROM sbtest7 WHERE k BETWEEN 4054246 AND 4054346
	Index Only Scan using k_7 on sbtest7  (cost=0.43..6.61 rows=109 width=4)
	  Index Cond: ((k >= 4054246) AND (k <= 4054346))

table 8 : explain SELECT k FROM sbtest8 WHERE k BETWEEN 4054246 AND 4054346
	Index Only Scan using k_8 on sbtest8  (cost=0.43..6.43 rows=100 width=4)
	  Index Cond: ((k >= 4054246) AND (k <= 4054346))

for range-covered
table 1 : explain SELECT k FROM sbtest1 WHERE k BETWEEN 1558482 AND 1558582
	Index Only Scan using k_1 on sbtest1  (cost=0.43..6.50 rows=103 width=4)
	  Index Cond: ((k >= 1558482) AND (k <= 1558582))

table 2 : explain SELECT k FROM sbtest2 WHERE k BETWEEN 1558482 AND 1558582
	Index Only Scan using k_2 on sbtest2  (cost=0.43..6.59 rows=108 width=4)
	  Index Cond: ((k >= 1558482) AND (k <= 1558582))

table 3 : explain SELECT k FROM sbtest3 WHERE k BETWEEN 1558482 AND 1558582
	Index Only Scan using k_3 on sbtest3  (cost=0.43..6.37 rows=97 width=4)
	  Index Cond: ((k >= 1558482) AND (k <= 1558582))

table 4 : explain SELECT k FROM sbtest4 WHERE k BETWEEN 1558482 AND 1558582
	Index Only Scan using k_4 on sbtest4  (cost=0.43..6.37 rows=97 width=4)
	  Index Cond: ((k >= 1558482) AND (k <= 1558582))

table 5 : explain SELECT k FROM sbtest5 WHERE k BETWEEN 1558482 AND 1558582
	Index Only Scan using k_5 on sbtest5  (cost=0.43..6.53 rows=105 width=4)
	  Index Cond: ((k >= 1558482) AND (k <= 1558582))

table 6 : explain SELECT k FROM sbtest6 WHERE k BETWEEN 1558482 AND 1558582
	Index Only Scan using k_6 on sbtest6  (cost=0.43..6.24 rows=90 width=4)
	  Index Cond: ((k >= 1558482) AND (k <= 1558582))

table 7 : explain SELECT k FROM sbtest7 WHERE k BETWEEN 1558482 AND 1558582
	Index Only Scan using k_7 on sbtest7  (cost=0.43..6.29 rows=93 width=4)
	  Index Cond: ((k >= 1558482) AND (k <= 1558582))

table 8 : explain SELECT k FROM sbtest8 WHERE k BETWEEN 1558482 AND 1558582
	Index Only Scan using k_8 on sbtest8  (cost=0.43..6.50 rows=103 width=4)
	  Index Cond: ((k >= 1558482) AND (k <= 1558582))

for range-covered
table 1 : explain SELECT k FROM sbtest1 WHERE k BETWEEN 2472367 AND 2472467
	Index Only Scan using k_1 on sbtest1  (cost=0.43..6.47 rows=102 width=4)
	  Index Cond: ((k >= 2472367) AND (k <= 2472467))

table 2 : explain SELECT k FROM sbtest2 WHERE k BETWEEN 2472367 AND 2472467
	Index Only Scan using k_2 on sbtest2  (cost=0.43..6.50 rows=103 width=4)
	  Index Cond: ((k >= 2472367) AND (k <= 2472467))

table 3 : explain SELECT k FROM sbtest3 WHERE k BETWEEN 2472367 AND 2472467
	Index Only Scan using k_3 on sbtest3  (cost=0.43..6.56 rows=106 width=4)
	  Index Cond: ((k >= 2472367) AND (k <= 2472467))

table 4 : explain SELECT k FROM sbtest4 WHERE k BETWEEN 2472367 AND 2472467
	Index Only Scan using k_4 on sbtest4  (cost=0.43..6.45 rows=101 width=4)
	  Index Cond: ((k >= 2472367) AND (k <= 2472467))

table 5 : explain SELECT k FROM sbtest5 WHERE k BETWEEN 2472367 AND 2472467
	Index Only Scan using k_5 on sbtest5  (cost=0.43..6.61 rows=109 width=4)
	  Index Cond: ((k >= 2472367) AND (k <= 2472467))

table 6 : explain SELECT k FROM sbtest6 WHERE k BETWEEN 2472367 AND 2472467
	Index Only Scan using k_6 on sbtest6  (cost=0.43..6.50 rows=103 width=4)
	  Index Cond: ((k >= 2472367) AND (k <= 2472467))

table 7 : explain SELECT k FROM sbtest7 WHERE k BETWEEN 2472367 AND 2472467
	Index Only Scan using k_7 on sbtest7  (cost=0.43..6.56 rows=106 width=4)
	  Index Cond: ((k >= 2472367) AND (k <= 2472467))

table 8 : explain SELECT k FROM sbtest8 WHERE k BETWEEN 2472367 AND 2472467
	Index Only Scan using k_8 on sbtest8  (cost=0.43..6.45 rows=101 width=4)
	  Index Cond: ((k >= 2472367) AND (k <= 2472467))

explain: for range-covered :: explain SELECT k FROM sbtest%d WHERE k BETWEEN 8322105 AND 8322205
explain: for range-covered :: explain SELECT k FROM sbtest%d WHERE k BETWEEN 4054246 AND 4054346
explain: for range-covered :: explain SELECT k FROM sbtest%d WHERE k BETWEEN 1558482 AND 1558582
explain: for range-covered :: explain SELECT k FROM sbtest%d WHERE k BETWEEN 2472367 AND 2472467
for range-covered
table 1 : explain SELECT k FROM sbtest1 WHERE k BETWEEN 161306 AND 161406
	Index Only Scan using k_1 on sbtest1  (cost=0.43..6.40 rows=98 width=4)
	  Index Cond: ((k >= 161306) AND (k <= 161406))

table 2 : explain SELECT k FROM sbtest2 WHERE k BETWEEN 161306 AND 161406
	Index Only Scan using k_2 on sbtest2  (cost=0.43..6.45 rows=101 width=4)
	  Index Cond: ((k >= 161306) AND (k <= 161406))

table 3 : explain SELECT k FROM sbtest3 WHERE k BETWEEN 161306 AND 161406
	Index Only Scan using k_3 on sbtest3  (cost=0.43..6.50 rows=103 width=4)
	  Index Cond: ((k >= 161306) AND (k <= 161406))

table 4 : explain SELECT k FROM sbtest4 WHERE k BETWEEN 161306 AND 161406
	Index Only Scan using k_4 on sbtest4  (cost=0.43..6.61 rows=109 width=4)
	  Index Cond: ((k >= 161306) AND (k <= 161406))

table 5 : explain SELECT k FROM sbtest5 WHERE k BETWEEN 161306 AND 161406
	Index Only Scan using k_5 on sbtest5  (cost=0.43..6.58 rows=107 width=4)
	  Index Cond: ((k >= 161306) AND (k <= 161406))

table 6 : explain SELECT k FROM sbtest6 WHERE k BETWEEN 161306 AND 161406
	Index Only Scan using k_6 on sbtest6  (cost=0.43..6.37 rows=97 width=4)
	  Index Cond: ((k >= 161306) AND (k <= 161406))

table 7 : explain SELECT k FROM sbtest7 WHERE k BETWEEN 161306 AND 161406
	Index Only Scan using k_7 on sbtest7  (cost=0.43..6.58 rows=107 width=4)
	  Index Cond: ((k >= 161306) AND (k <= 161406))

table 8 : explain SELECT k FROM sbtest8 WHERE k BETWEEN 161306 AND 161406
	Index Only Scan using k_8 on sbtest8  (cost=0.43..6.51 rows=104 width=4)
	  Index Cond: ((k >= 161306) AND (k <= 161406))

explain: for range-covered :: explain SELECT k FROM sbtest%d WHERE k BETWEEN 161306 AND 161406
for range-covered
table 1 : explain SELECT k FROM sbtest1 WHERE k BETWEEN 5329381 AND 5329481
	Index Only Scan using k_1 on sbtest1  (cost=0.43..6.43 rows=100 width=4)
	  Index Cond: ((k >= 5329381) AND (k <= 5329481))

table 2 : explain SELECT k FROM sbtest2 WHERE k BETWEEN 5329381 AND 5329481
	Index Only Scan using k_2 on sbtest2  (cost=0.43..6.47 rows=102 width=4)
	  Index Cond: ((k >= 5329381) AND (k <= 5329481))

table 3 : explain SELECT k FROM sbtest3 WHERE k BETWEEN 5329381 AND 5329481
	Index Only Scan using k_3 on sbtest3  (cost=0.43..6.66 rows=111 width=4)
	  Index Cond: ((k >= 5329381) AND (k <= 5329481))

table 4 : explain SELECT k FROM sbtest4 WHERE k BETWEEN 5329381 AND 5329481
	Index Only Scan using k_4 on sbtest4  (cost=0.43..6.45 rows=101 width=4)
	  Index Cond: ((k >= 5329381) AND (k <= 5329481))

table 5 : explain SELECT k FROM sbtest5 WHERE k BETWEEN 5329381 AND 5329481
	Index Only Scan using k_5 on sbtest5  (cost=0.43..6.40 rows=98 width=4)
	  Index Cond: ((k >= 5329381) AND (k <= 5329481))

table 6 : explain SELECT k FROM sbtest6 WHERE k BETWEEN 5329381 AND 5329481
	Index Only Scan using k_6 on sbtest6  (cost=0.43..6.66 rows=111 width=4)
	  Index Cond: ((k >= 5329381) AND (k <= 5329481))

table 7 : explain SELECT k FROM sbtest7 WHERE k BETWEEN 5329381 AND 5329481
	Index Only Scan using k_7 on sbtest7  (cost=0.43..6.35 rows=96 width=4)
	  Index Cond: ((k >= 5329381) AND (k <= 5329481))

table 8 : explain SELECT k FROM sbtest8 WHERE k BETWEEN 5329381 AND 5329481
	Index Only Scan using k_8 on sbtest8  (cost=0.43..6.58 rows=107 width=4)
	  Index Cond: ((k >= 5329381) AND (k <= 5329481))

for range-covered
table 1 : explain SELECT k FROM sbtest1 WHERE k BETWEEN 5896759 AND 5896859
	Index Only Scan using k_1 on sbtest1  (cost=0.43..6.43 rows=100 width=4)
	  Index Cond: ((k >= 5896759) AND (k <= 5896859))

table 2 : explain SELECT k FROM sbtest2 WHERE k BETWEEN 5896759 AND 5896859
	Index Only Scan using k_2 on sbtest2  (cost=0.43..6.53 rows=105 width=4)
	  Index Cond: ((k >= 5896759) AND (k <= 5896859))

table 3 : explain SELECT k FROM sbtest3 WHERE k BETWEEN 5896759 AND 5896859
	Index Only Scan using k_3 on sbtest3  (cost=0.43..6.51 rows=104 width=4)
	  Index Cond: ((k >= 5896759) AND (k <= 5896859))

table 4 : explain SELECT k FROM sbtest4 WHERE k BETWEEN 5896759 AND 5896859
	Index Only Scan using k_4 on sbtest4  (cost=0.43..6.37 rows=97 width=4)
	  Index Cond: ((k >= 5896759) AND (k <= 5896859))

table 5 : explain SELECT k FROM sbtest5 WHERE k BETWEEN 5896759 AND 5896859
	Index Only Scan using k_5 on sbtest5  (cost=0.43..6.45 rows=101 width=4)
	  Index Cond: ((k >= 5896759) AND (k <= 5896859))

table 6 : explain SELECT k FROM sbtest6 WHERE k BETWEEN 5896759 AND 5896859
	Index Only Scan using k_6 on sbtest6  (cost=0.43..6.59 rows=108 width=4)
	  Index Cond: ((k >= 5896759) AND (k <= 5896859))

table 7 : explain SELECT k FROM sbtest7 WHERE k BETWEEN 5896759 AND 5896859
	Index Only Scan using k_7 on sbtest7  (cost=0.43..6.59 rows=108 width=4)
	  Index Cond: ((k >= 5896759) AND (k <= 5896859))

table 8 : explain SELECT k FROM sbtest8 WHERE k BETWEEN 5896759 AND 5896859
	Index Only Scan using k_8 on sbtest8  (cost=0.43..6.47 rows=102 width=4)
	  Index Cond: ((k >= 5896759) AND (k <= 5896859))

explain: for range-covered :: explain SELECT k FROM sbtest%d WHERE k BETWEEN 5329381 AND 5329481
for range-covered
table 1 : explain SELECT k FROM sbtest1 WHERE k BETWEEN 876922 AND 877022
	Index Only Scan using k_1 on sbtest1  (cost=0.43..6.50 rows=103 width=4)
	  Index Cond: ((k >= 876922) AND (k <= 877022))

table 2 : explain SELECT k FROM sbtest2 WHERE k BETWEEN 876922 AND 877022
	Index Only Scan using k_2 on sbtest2  (cost=0.43..6.32 rows=94 width=4)
	  Index Cond: ((k >= 876922) AND (k <= 877022))

table 3 : explain SELECT k FROM sbtest3 WHERE k BETWEEN 876922 AND 877022
	Index Only Scan using k_3 on sbtest3  (cost=0.43..6.61 rows=109 width=4)
	  Index Cond: ((k >= 876922) AND (k <= 877022))

table 4 : explain SELECT k FROM sbtest4 WHERE k BETWEEN 876922 AND 877022
	Index Only Scan using k_4 on sbtest4  (cost=0.43..6.37 rows=97 width=4)
	  Index Cond: ((k >= 876922) AND (k <= 877022))

table 5 : explain SELECT k FROM sbtest5 WHERE k BETWEEN 876922 AND 877022
	Index Only Scan using k_5 on sbtest5  (cost=0.43..6.35 rows=96 width=4)
	  Index Cond: ((k >= 876922) AND (k <= 877022))

table 6 : explain SELECT k FROM sbtest6 WHERE k BETWEEN 876922 AND 877022
	Index Only Scan using k_6 on sbtest6  (cost=0.43..6.43 rows=100 width=4)
	  Index Cond: ((k >= 876922) AND (k <= 877022))

table 7 : explain SELECT k FROM sbtest7 WHERE k BETWEEN 876922 AND 877022
	Index Only Scan using k_7 on sbtest7  (cost=0.43..6.43 rows=100 width=4)
	  Index Cond: ((k >= 876922) AND (k <= 877022))

table 8 : explain SELECT k FROM sbtest8 WHERE k BETWEEN 876922 AND 877022
	Index Only Scan using k_8 on sbtest8  (cost=0.43..6.47 rows=102 width=4)
	  Index Cond: ((k >= 876922) AND (k <= 877022))

explain: for range-covered :: explain SELECT k FROM sbtest%d WHERE k BETWEEN 5896759 AND 5896859
for range-covered
table 1 : explain SELECT k FROM sbtest1 WHERE k BETWEEN 6559966 AND 6560066
	Index Only Scan using k_1 on sbtest1  (cost=0.43..6.47 rows=102 width=4)
	  Index Cond: ((k >= 6559966) AND (k <= 6560066))

table 2 : explain SELECT k FROM sbtest2 WHERE k BETWEEN 6559966 AND 6560066
	Index Only Scan using k_2 on sbtest2  (cost=0.43..6.42 rows=99 width=4)
	  Index Cond: ((k >= 6559966) AND (k <= 6560066))

table 3 : explain SELECT k FROM sbtest3 WHERE k BETWEEN 6559966 AND 6560066
	Index Only Scan using k_3 on sbtest3  (cost=0.43..6.53 rows=105 width=4)
	  Index Cond: ((k >= 6559966) AND (k <= 6560066))

table 4 : explain SELECT k FROM sbtest4 WHERE k BETWEEN 6559966 AND 6560066
	Index Only Scan using k_4 on sbtest4  (cost=0.43..6.43 rows=100 width=4)
	  Index Cond: ((k >= 6559966) AND (k <= 6560066))

table 5 : explain SELECT k FROM sbtest5 WHERE k BETWEEN 6559966 AND 6560066
	Index Only Scan using k_5 on sbtest5  (cost=0.43..6.33 rows=95 width=4)
	  Index Cond: ((k >= 6559966) AND (k <= 6560066))

table 6 : explain SELECT k FROM sbtest6 WHERE k BETWEEN 6559966 AND 6560066
	Index Only Scan using k_6 on sbtest6  (cost=0.43..6.43 rows=100 width=4)
	  Index Cond: ((k >= 6559966) AND (k <= 6560066))

table 7 : explain SELECT k FROM sbtest7 WHERE k BETWEEN 6559966 AND 6560066
	Index Only Scan using k_7 on sbtest7  (cost=0.43..6.37 rows=97 width=4)
	  Index Cond: ((k >= 6559966) AND (k <= 6560066))

table 8 : explain SELECT k FROM sbtest8 WHERE k BETWEEN 6559966 AND 6560066
	Index Only Scan using k_8 on sbtest8  (cost=0.43..6.17 rows=87 width=4)
	  Index Cond: ((k >= 6559966) AND (k <= 6560066))

explain: for range-covered :: explain SELECT k FROM sbtest%d WHERE k BETWEEN 6559966 AND 6560066
explain: for range-covered :: explain SELECT k FROM sbtest%d WHERE k BETWEEN 876922 AND 877022
for range-covered
table 1 : explain SELECT k FROM sbtest1 WHERE k BETWEEN 4054246 AND 4054346
	Index Only Scan using k_1 on sbtest1  (cost=0.43..6.45 rows=101 width=4)
	  Index Cond: ((k >= 4054246) AND (k <= 4054346))

table 2 : explain SELECT k FROM sbtest2 WHERE k BETWEEN 4054246 AND 4054346
	Index Only Scan using k_2 on sbtest2  (cost=0.43..6.53 rows=105 width=4)
	  Index Cond: ((k >= 4054246) AND (k <= 4054346))

table 3 : explain SELECT k FROM sbtest3 WHERE k BETWEEN 4054246 AND 4054346
	Index Only Scan using k_3 on sbtest3  (cost=0.43..6.45 rows=101 width=4)
	  Index Cond: ((k >= 4054246) AND (k <= 4054346))

table 4 : explain SELECT k FROM sbtest4 WHERE k BETWEEN 4054246 AND 4054346
	Index Only Scan using k_4 on sbtest4  (cost=0.43..6.35 rows=96 width=4)
	  Index Cond: ((k >= 4054246) AND (k <= 4054346))

table 5 : explain SELECT k FROM sbtest5 WHERE k BETWEEN 4054246 AND 4054346
	Index Only Scan using k_5 on sbtest5  (cost=0.43..6.63 rows=110 width=4)
	  Index Cond: ((k >= 4054246) AND (k <= 4054346))

table 6 : explain SELECT k FROM sbtest6 WHERE k BETWEEN 4054246 AND 4054346
	Index Only Scan using k_6 on sbtest6  (cost=0.43..6.40 rows=98 width=4)
	  Index Cond: ((k >= 4054246) AND (k <= 4054346))

table 7 : explain SELECT k FROM sbtest7 WHERE k BETWEEN 4054246 AND 4054346
	Index Only Scan using k_7 on sbtest7  (cost=0.43..6.61 rows=109 width=4)
	  Index Cond: ((k >= 4054246) AND (k <= 4054346))

table 8 : explain SELECT k FROM sbtest8 WHERE k BETWEEN 4054246 AND 4054346
	Index Only Scan using k_8 on sbtest8  (cost=0.43..6.43 rows=100 width=4)
	  Index Cond: ((k >= 4054246) AND (k <= 4054346))

for range-covered
table 1 : explain SELECT k FROM sbtest1 WHERE k BETWEEN 2833983 AND 2834083
	Index Only Scan using k_1 on sbtest1  (cost=0.43..6.27 rows=92 width=4)
	  Index Cond: ((k >= 2833983) AND (k <= 2834083))

table 2 : explain SELECT k FROM sbtest2 WHERE k BETWEEN 2833983 AND 2834083
	Index Only Scan using k_2 on sbtest2  (cost=0.43..6.47 rows=102 width=4)
	  Index Cond: ((k >= 2833983) AND (k <= 2834083))

table 3 : explain SELECT k FROM sbtest3 WHERE k BETWEEN 2833983 AND 2834083
	Index Only Scan using k_3 on sbtest3  (cost=0.43..6.47 rows=102 width=4)
	  Index Cond: ((k >= 2833983) AND (k <= 2834083))

table 4 : explain SELECT k FROM sbtest4 WHERE k BETWEEN 2833983 AND 2834083
	Index Only Scan using k_4 on sbtest4  (cost=0.43..6.42 rows=99 width=4)
	  Index Cond: ((k >= 2833983) AND (k <= 2834083))

table 5 : explain SELECT k FROM sbtest5 WHERE k BETWEEN 2833983 AND 2834083
	Index Only Scan using k_5 on sbtest5  (cost=0.43..6.35 rows=96 width=4)
	  Index Cond: ((k >= 2833983) AND (k <= 2834083))

table 6 : explain SELECT k FROM sbtest6 WHERE k BETWEEN 2833983 AND 2834083
	Index Only Scan using k_6 on sbtest6  (cost=0.43..6.42 rows=99 width=4)
	  Index Cond: ((k >= 2833983) AND (k <= 2834083))

table 7 : explain SELECT k FROM sbtest7 WHERE k BETWEEN 2833983 AND 2834083
	Index Only Scan using k_7 on sbtest7  (cost=0.43..6.45 rows=101 width=4)
	  Index Cond: ((k >= 2833983) AND (k <= 2834083))

table 8 : explain SELECT k FROM sbtest8 WHERE k BETWEEN 2833983 AND 2834083
	Index Only Scan using k_8 on sbtest8  (cost=0.43..6.25 rows=91 width=4)
	  Index Cond: ((k >= 2833983) AND (k <= 2834083))

for range-covered
table 1 : explain SELECT k FROM sbtest1 WHERE k BETWEEN 2472367 AND 2472467
	Index Only Scan using k_1 on sbtest1  (cost=0.43..6.47 rows=102 width=4)
	  Index Cond: ((k >= 2472367) AND (k <= 2472467))

table 2 : explain SELECT k FROM sbtest2 WHERE k BETWEEN 2472367 AND 2472467
	Index Only Scan using k_2 on sbtest2  (cost=0.43..6.50 rows=103 width=4)
	  Index Cond: ((k >= 2472367) AND (k <= 2472467))

table 3 : explain SELECT k FROM sbtest3 WHERE k BETWEEN 2472367 AND 2472467
	Index Only Scan using k_3 on sbtest3  (cost=0.43..6.56 rows=106 width=4)
	  Index Cond: ((k >= 2472367) AND (k <= 2472467))

table 4 : explain SELECT k FROM sbtest4 WHERE k BETWEEN 2472367 AND 2472467
	Index Only Scan using k_4 on sbtest4  (cost=0.43..6.45 rows=101 width=4)
	  Index Cond: ((k >= 2472367) AND (k <= 2472467))

table 5 : explain SELECT k FROM sbtest5 WHERE k BETWEEN 2472367 AND 2472467
	Index Only Scan using k_5 on sbtest5  (cost=0.43..6.61 rows=109 width=4)
	  Index Cond: ((k >= 2472367) AND (k <= 2472467))

table 6 : explain SELECT k FROM sbtest6 WHERE k BETWEEN 2472367 AND 2472467
	Index Only Scan using k_6 on sbtest6  (cost=0.43..6.50 rows=103 width=4)
	  Index Cond: ((k >= 2472367) AND (k <= 2472467))

table 7 : explain SELECT k FROM sbtest7 WHERE k BETWEEN 2472367 AND 2472467
	Index Only Scan using k_7 on sbtest7  (cost=0.43..6.56 rows=106 width=4)
	  Index Cond: ((k >= 2472367) AND (k <= 2472467))

table 8 : explain SELECT k FROM sbtest8 WHERE k BETWEEN 2472367 AND 2472467
	Index Only Scan using k_8 on sbtest8  (cost=0.43..6.45 rows=101 width=4)
	  Index Cond: ((k >= 2472367) AND (k <= 2472467))

explain: for range-covered :: explain SELECT k FROM sbtest%d WHERE k BETWEEN 4054246 AND 4054346
explain: for range-covered :: explain SELECT k FROM sbtest%d WHERE k BETWEEN 2833983 AND 2834083
explain: for range-covered :: explain SELECT k FROM sbtest%d WHERE k BETWEEN 2472367 AND 2472467
for range-covered
table 1 : explain SELECT k FROM sbtest1 WHERE k BETWEEN 161306 AND 161406
	Index Only Scan using k_1 on sbtest1  (cost=0.43..6.40 rows=98 width=4)
	  Index Cond: ((k >= 161306) AND (k <= 161406))

table 2 : explain SELECT k FROM sbtest2 WHERE k BETWEEN 161306 AND 161406
	Index Only Scan using k_2 on sbtest2  (cost=0.43..6.45 rows=101 width=4)
	  Index Cond: ((k >= 161306) AND (k <= 161406))

table 3 : explain SELECT k FROM sbtest3 WHERE k BETWEEN 161306 AND 161406
	Index Only Scan using k_3 on sbtest3  (cost=0.43..6.50 rows=103 width=4)
	  Index Cond: ((k >= 161306) AND (k <= 161406))

table 4 : explain SELECT k FROM sbtest4 WHERE k BETWEEN 161306 AND 161406
	Index Only Scan using k_4 on sbtest4  (cost=0.43..6.61 rows=109 width=4)
	  Index Cond: ((k >= 161306) AND (k <= 161406))

table 5 : explain SELECT k FROM sbtest5 WHERE k BETWEEN 161306 AND 161406
	Index Only Scan using k_5 on sbtest5  (cost=0.43..6.58 rows=107 width=4)
	  Index Cond: ((k >= 161306) AND (k <= 161406))

table 6 : explain SELECT k FROM sbtest6 WHERE k BETWEEN 161306 AND 161406
	Index Only Scan using k_6 on sbtest6  (cost=0.43..6.37 rows=97 width=4)
	  Index Cond: ((k >= 161306) AND (k <= 161406))

table 7 : explain SELECT k FROM sbtest7 WHERE k BETWEEN 161306 AND 161406
	Index Only Scan using k_7 on sbtest7  (cost=0.43..6.58 rows=107 width=4)
	  Index Cond: ((k >= 161306) AND (k <= 161406))

table 8 : explain SELECT k FROM sbtest8 WHERE k BETWEEN 161306 AND 161406
	Index Only Scan using k_8 on sbtest8  (cost=0.43..6.51 rows=104 width=4)
	  Index Cond: ((k >= 161306) AND (k <= 161406))

explain: for range-covered :: explain SELECT k FROM sbtest%d WHERE k BETWEEN 161306 AND 161406
for range-covered
table 1 : explain SELECT k FROM sbtest1 WHERE k BETWEEN 5896759 AND 5896859
	Index Only Scan using k_1 on sbtest1  (cost=0.43..6.43 rows=100 width=4)
	  Index Cond: ((k >= 5896759) AND (k <= 5896859))

table 2 : explain SELECT k FROM sbtest2 WHERE k BETWEEN 5896759 AND 5896859
	Index Only Scan using k_2 on sbtest2  (cost=0.43..6.53 rows=105 width=4)
	  Index Cond: ((k >= 5896759) AND (k <= 5896859))

table 3 : explain SELECT k FROM sbtest3 WHERE k BETWEEN 5896759 AND 5896859
	Index Only Scan using k_3 on sbtest3  (cost=0.43..6.51 rows=104 width=4)
	  Index Cond: ((k >= 5896759) AND (k <= 5896859))

table 4 : explain SELECT k FROM sbtest4 WHERE k BETWEEN 5896759 AND 5896859
	Index Only Scan using k_4 on sbtest4  (cost=0.43..6.37 rows=97 width=4)
	  Index Cond: ((k >= 5896759) AND (k <= 5896859))

table 5 : explain SELECT k FROM sbtest5 WHERE k BETWEEN 5896759 AND 5896859
	Index Only Scan using k_5 on sbtest5  (cost=0.43..6.45 rows=101 width=4)
	  Index Cond: ((k >= 5896759) AND (k <= 5896859))

table 6 : explain SELECT k FROM sbtest6 WHERE k BETWEEN 5896759 AND 5896859
	Index Only Scan using k_6 on sbtest6  (cost=0.43..6.59 rows=108 width=4)
	  Index Cond: ((k >= 5896759) AND (k <= 5896859))

table 7 : explain SELECT k FROM sbtest7 WHERE k BETWEEN 5896759 AND 5896859
	Index Only Scan using k_7 on sbtest7  (cost=0.43..6.59 rows=108 width=4)
	  Index Cond: ((k >= 5896759) AND (k <= 5896859))

table 8 : explain SELECT k FROM sbtest8 WHERE k BETWEEN 5896759 AND 5896859
	Index Only Scan using k_8 on sbtest8  (cost=0.43..6.47 rows=102 width=4)
	  Index Cond: ((k >= 5896759) AND (k <= 5896859))

for range-covered
table 1 : explain SELECT k FROM sbtest1 WHERE k BETWEEN 5329381 AND 5329481
	Index Only Scan using k_1 on sbtest1  (cost=0.43..6.43 rows=100 width=4)
	  Index Cond: ((k >= 5329381) AND (k <= 5329481))

table 2 : explain SELECT k FROM sbtest2 WHERE k BETWEEN 5329381 AND 5329481
	Index Only Scan using k_2 on sbtest2  (cost=0.43..6.47 rows=102 width=4)
	  Index Cond: ((k >= 5329381) AND (k <= 5329481))

table 3 : explain SELECT k FROM sbtest3 WHERE k BETWEEN 5329381 AND 5329481
	Index Only Scan using k_3 on sbtest3  (cost=0.43..6.66 rows=111 width=4)
	  Index Cond: ((k >= 5329381) AND (k <= 5329481))

table 4 : explain SELECT k FROM sbtest4 WHERE k BETWEEN 5329381 AND 5329481
	Index Only Scan using k_4 on sbtest4  (cost=0.43..6.45 rows=101 width=4)
	  Index Cond: ((k >= 5329381) AND (k <= 5329481))

table 5 : explain SELECT k FROM sbtest5 WHERE k BETWEEN 5329381 AND 5329481
	Index Only Scan using k_5 on sbtest5  (cost=0.43..6.40 rows=98 width=4)
	  Index Cond: ((k >= 5329381) AND (k <= 5329481))

table 6 : explain SELECT k FROM sbtest6 WHERE k BETWEEN 5329381 AND 5329481
	Index Only Scan using k_6 on sbtest6  (cost=0.43..6.66 rows=111 width=4)
	  Index Cond: ((k >= 5329381) AND (k <= 5329481))

table 7 : explain SELECT k FROM sbtest7 WHERE k BETWEEN 5329381 AND 5329481
	Index Only Scan using k_7 on sbtest7  (cost=0.43..6.35 rows=96 width=4)
	  Index Cond: ((k >= 5329381) AND (k <= 5329481))

table 8 : explain SELECT k FROM sbtest8 WHERE k BETWEEN 5329381 AND 5329481
	Index Only Scan using k_8 on sbtest8  (cost=0.43..6.58 rows=107 width=4)
	  Index Cond: ((k >= 5329381) AND (k <= 5329481))

explain: for range-covered :: explain SELECT k FROM sbtest%d WHERE k BETWEEN 5896759 AND 5896859
explain: for range-covered :: explain SELECT k FROM sbtest%d WHERE k BETWEEN 5329381 AND 5329481
for range-covered
table 1 : explain SELECT k FROM sbtest1 WHERE k BETWEEN 8322105 AND 8322205
	Index Only Scan using k_1 on sbtest1  (cost=0.43..6.43 rows=100 width=4)
	  Index Cond: ((k >= 8322105) AND (k <= 8322205))

table 2 : explain SELECT k FROM sbtest2 WHERE k BETWEEN 8322105 AND 8322205
	Index Only Scan using k_2 on sbtest2  (cost=0.43..6.45 rows=101 width=4)
	  Index Cond: ((k >= 8322105) AND (k <= 8322205))

table 3 : explain SELECT k FROM sbtest3 WHERE k BETWEEN 8322105 AND 8322205
	Index Only Scan using k_3 on sbtest3  (cost=0.43..6.50 rows=103 width=4)
	  Index Cond: ((k >= 8322105) AND (k <= 8322205))

table 4 : explain SELECT k FROM sbtest4 WHERE k BETWEEN 8322105 AND 8322205
	Index Only Scan using k_4 on sbtest4  (cost=0.43..6.61 rows=109 width=4)
	  Index Cond: ((k >= 8322105) AND (k <= 8322205))

table 5 : explain SELECT k FROM sbtest5 WHERE k BETWEEN 8322105 AND 8322205
	Index Only Scan using k_5 on sbtest5  (cost=0.43..6.51 rows=104 width=4)
	  Index Cond: ((k >= 8322105) AND (k <= 8322205))

table 6 : explain SELECT k FROM sbtest6 WHERE k BETWEEN 8322105 AND 8322205
	Index Only Scan using k_6 on sbtest6  (cost=0.43..6.43 rows=100 width=4)
	  Index Cond: ((k >= 8322105) AND (k <= 8322205))

table 7 : explain SELECT k FROM sbtest7 WHERE k BETWEEN 8322105 AND 8322205
	Index Only Scan using k_7 on sbtest7  (cost=0.43..6.43 rows=100 width=4)
	  Index Cond: ((k >= 8322105) AND (k <= 8322205))

table 8 : explain SELECT k FROM sbtest8 WHERE k BETWEEN 8322105 AND 8322205
	Index Only Scan using k_8 on sbtest8  (cost=0.43..6.43 rows=100 width=4)
	  Index Cond: ((k >= 8322105) AND (k <= 8322205))

for range-covered
table 1 : explain SELECT k FROM sbtest1 WHERE k BETWEEN 6253428 AND 6253528
	Index Only Scan using k_1 on sbtest1  (cost=0.43..6.43 rows=100 width=4)
	  Index Cond: ((k >= 6253428) AND (k <= 6253528))

table 2 : explain SELECT k FROM sbtest2 WHERE k BETWEEN 6253428 AND 6253528
	Index Only Scan using k_2 on sbtest2  (cost=0.43..6.45 rows=101 width=4)
	  Index Cond: ((k >= 6253428) AND (k <= 6253528))

table 3 : explain SELECT k FROM sbtest3 WHERE k BETWEEN 6253428 AND 6253528
	Index Only Scan using k_3 on sbtest3  (cost=0.43..6.56 rows=106 width=4)
	  Index Cond: ((k >= 6253428) AND (k <= 6253528))

table 4 : explain SELECT k FROM sbtest4 WHERE k BETWEEN 6253428 AND 6253528
	Index Only Scan using k_4 on sbtest4  (cost=0.43..6.66 rows=111 width=4)
	  Index Cond: ((k >= 6253428) AND (k <= 6253528))

table 5 : explain SELECT k FROM sbtest5 WHERE k BETWEEN 6253428 AND 6253528
	Index Only Scan using k_5 on sbtest5  (cost=0.43..6.40 rows=98 width=4)
	  Index Cond: ((k >= 6253428) AND (k <= 6253528))

table 6 : explain SELECT k FROM sbtest6 WHERE k BETWEEN 6253428 AND 6253528
	Index Only Scan using k_6 on sbtest6  (cost=0.43..6.29 rows=93 width=4)
	  Index Cond: ((k >= 6253428) AND (k <= 6253528))

table 7 : explain SELECT k FROM sbtest7 WHERE k BETWEEN 6253428 AND 6253528
	Index Only Scan using k_7 on sbtest7  (cost=0.43..6.58 rows=107 width=4)
	  Index Cond: ((k >= 6253428) AND (k <= 6253528))

table 8 : explain SELECT k FROM sbtest8 WHERE k BETWEEN 6253428 AND 6253528
	Index Only Scan using k_8 on sbtest8  (cost=0.43..6.33 rows=95 width=4)
	  Index Cond: ((k >= 6253428) AND (k <= 6253528))

for range-covered
table 1 : explain SELECT k FROM sbtest1 WHERE k BETWEEN 4054246 AND 4054346
	Index Only Scan using k_1 on sbtest1  (cost=0.43..6.45 rows=101 width=4)
	  Index Cond: ((k >= 4054246) AND (k <= 4054346))

table 2 : explain SELECT k FROM sbtest2 WHERE k BETWEEN 4054246 AND 4054346
	Index Only Scan using k_2 on sbtest2  (cost=0.43..6.53 rows=105 width=4)
	  Index Cond: ((k >= 4054246) AND (k <= 4054346))

table 3 : explain SELECT k FROM sbtest3 WHERE k BETWEEN 4054246 AND 4054346
	Index Only Scan using k_3 on sbtest3  (cost=0.43..6.45 rows=101 width=4)
	  Index Cond: ((k >= 4054246) AND (k <= 4054346))

table 4 : explain SELECT k FROM sbtest4 WHERE k BETWEEN 4054246 AND 4054346
	Index Only Scan using k_4 on sbtest4  (cost=0.43..6.35 rows=96 width=4)
	  Index Cond: ((k >= 4054246) AND (k <= 4054346))

table 5 : explain SELECT k FROM sbtest5 WHERE k BETWEEN 4054246 AND 4054346
	Index Only Scan using k_5 on sbtest5  (cost=0.43..6.63 rows=110 width=4)
	  Index Cond: ((k >= 4054246) AND (k <= 4054346))

table 6 : explain SELECT k FROM sbtest6 WHERE k BETWEEN 4054246 AND 4054346
	Index Only Scan using k_6 on sbtest6  (cost=0.43..6.40 rows=98 width=4)
	  Index Cond: ((k >= 4054246) AND (k <= 4054346))

table 7 : explain SELECT k FROM sbtest7 WHERE k BETWEEN 4054246 AND 4054346
	Index Only Scan using k_7 on sbtest7  (cost=0.43..6.61 rows=109 width=4)
	  Index Cond: ((k >= 4054246) AND (k <= 4054346))

table 8 : explain SELECT k FROM sbtest8 WHERE k BETWEEN 4054246 AND 4054346
	Index Only Scan using k_8 on sbtest8  (cost=0.43..6.43 rows=100 width=4)
	  Index Cond: ((k >= 4054246) AND (k <= 4054346))

explain: for range-covered :: explain SELECT k FROM sbtest%d WHERE k BETWEEN 8322105 AND 8322205
for range-covered
table 1 : explain SELECT k FROM sbtest1 WHERE k BETWEEN 2472367 AND 2472467
	Index Only Scan using k_1 on sbtest1  (cost=0.43..6.47 rows=102 width=4)
	  Index Cond: ((k >= 2472367) AND (k <= 2472467))

table 2 : explain SELECT k FROM sbtest2 WHERE k BETWEEN 2472367 AND 2472467
	Index Only Scan using k_2 on sbtest2  (cost=0.43..6.50 rows=103 width=4)
	  Index Cond: ((k >= 2472367) AND (k <= 2472467))

table 3 : explain SELECT k FROM sbtest3 WHERE k BETWEEN 2472367 AND 2472467
	Index Only Scan using k_3 on sbtest3  (cost=0.43..6.56 rows=106 width=4)
	  Index Cond: ((k >= 2472367) AND (k <= 2472467))

table 4 : explain SELECT k FROM sbtest4 WHERE k BETWEEN 2472367 AND 2472467
	Index Only Scan using k_4 on sbtest4  (cost=0.43..6.45 rows=101 width=4)
	  Index Cond: ((k >= 2472367) AND (k <= 2472467))

table 5 : explain SELECT k FROM sbtest5 WHERE k BETWEEN 2472367 AND 2472467
	Index Only Scan using k_5 on sbtest5  (cost=0.43..6.61 rows=109 width=4)
	  Index Cond: ((k >= 2472367) AND (k <= 2472467))

table 6 : explain SELECT k FROM sbtest6 WHERE k BETWEEN 2472367 AND 2472467
	Index Only Scan using k_6 on sbtest6  (cost=0.43..6.50 rows=103 width=4)
	  Index Cond: ((k >= 2472367) AND (k <= 2472467))

table 7 : explain SELECT k FROM sbtest7 WHERE k BETWEEN 2472367 AND 2472467
	Index Only Scan using k_7 on sbtest7  (cost=0.43..6.56 rows=106 width=4)
	  Index Cond: ((k >= 2472367) AND (k <= 2472467))

table 8 : explain SELECT k FROM sbtest8 WHERE k BETWEEN 2472367 AND 2472467
	Index Only Scan using k_8 on sbtest8  (cost=0.43..6.45 rows=101 width=4)
	  Index Cond: ((k >= 2472367) AND (k <= 2472467))

explain: for range-covered :: explain SELECT k FROM sbtest%d WHERE k BETWEEN 6253428 AND 6253528
for range-covered
table 1 : explain SELECT k FROM sbtest1 WHERE k BETWEEN 1558482 AND 1558582
	Index Only Scan using k_1 on sbtest1  (cost=0.43..6.50 rows=103 width=4)
	  Index Cond: ((k >= 1558482) AND (k <= 1558582))

table 2 : explain SELECT k FROM sbtest2 WHERE k BETWEEN 1558482 AND 1558582
	Index Only Scan using k_2 on sbtest2  (cost=0.43..6.59 rows=108 width=4)
	  Index Cond: ((k >= 1558482) AND (k <= 1558582))

table 3 : explain SELECT k FROM sbtest3 WHERE k BETWEEN 1558482 AND 1558582
	Index Only Scan using k_3 on sbtest3  (cost=0.43..6.37 rows=97 width=4)
	  Index Cond: ((k >= 1558482) AND (k <= 1558582))

table 4 : explain SELECT k FROM sbtest4 WHERE k BETWEEN 1558482 AND 1558582
	Index Only Scan using k_4 on sbtest4  (cost=0.43..6.37 rows=97 width=4)
	  Index Cond: ((k >= 1558482) AND (k <= 1558582))

table 5 : explain SELECT k FROM sbtest5 WHERE k BETWEEN 1558482 AND 1558582
	Index Only Scan using k_5 on sbtest5  (cost=0.43..6.53 rows=105 width=4)
	  Index Cond: ((k >= 1558482) AND (k <= 1558582))

table 6 : explain SELECT k FROM sbtest6 WHERE k BETWEEN 1558482 AND 1558582
	Index Only Scan using k_6 on sbtest6  (cost=0.43..6.24 rows=90 width=4)
	  Index Cond: ((k >= 1558482) AND (k <= 1558582))

table 7 : explain SELECT k FROM sbtest7 WHERE k BETWEEN 1558482 AND 1558582
	Index Only Scan using k_7 on sbtest7  (cost=0.43..6.29 rows=93 width=4)
	  Index Cond: ((k >= 1558482) AND (k <= 1558582))

table 8 : explain SELECT k FROM sbtest8 WHERE k BETWEEN 1558482 AND 1558582
	Index Only Scan using k_8 on sbtest8  (cost=0.43..6.50 rows=103 width=4)
	  Index Cond: ((k >= 1558482) AND (k <= 1558582))

explain: for range-covered :: explain SELECT k FROM sbtest%d WHERE k BETWEEN 4054246 AND 4054346
for range-covered
table 1 : explain SELECT k FROM sbtest1 WHERE k BETWEEN 161306 AND 161406
	Index Only Scan using k_1 on sbtest1  (cost=0.43..6.40 rows=98 width=4)
	  Index Cond: ((k >= 161306) AND (k <= 161406))

table 2 : explain SELECT k FROM sbtest2 WHERE k BETWEEN 161306 AND 161406
	Index Only Scan using k_2 on sbtest2  (cost=0.43..6.45 rows=101 width=4)
	  Index Cond: ((k >= 161306) AND (k <= 161406))

table 3 : explain SELECT k FROM sbtest3 WHERE k BETWEEN 161306 AND 161406
	Index Only Scan using k_3 on sbtest3  (cost=0.43..6.50 rows=103 width=4)
	  Index Cond: ((k >= 161306) AND (k <= 161406))

table 4 : explain SELECT k FROM sbtest4 WHERE k BETWEEN 161306 AND 161406
	Index Only Scan using k_4 on sbtest4  (cost=0.43..6.61 rows=109 width=4)
	  Index Cond: ((k >= 161306) AND (k <= 161406))

table 5 : explain SELECT k FROM sbtest5 WHERE k BETWEEN 161306 AND 161406
	Index Only Scan using k_5 on sbtest5  (cost=0.43..6.58 rows=107 width=4)
	  Index Cond: ((k >= 161306) AND (k <= 161406))

table 6 : explain SELECT k FROM sbtest6 WHERE k BETWEEN 161306 AND 161406
	Index Only Scan using k_6 on sbtest6  (cost=0.43..6.37 rows=97 width=4)
	  Index Cond: ((k >= 161306) AND (k <= 161406))

table 7 : explain SELECT k FROM sbtest7 WHERE k BETWEEN 161306 AND 161406
	Index Only Scan using k_7 on sbtest7  (cost=0.43..6.58 rows=107 width=4)
	  Index Cond: ((k >= 161306) AND (k <= 161406))

table 8 : explain SELECT k FROM sbtest8 WHERE k BETWEEN 161306 AND 161406
	Index Only Scan using k_8 on sbtest8  (cost=0.43..6.51 rows=104 width=4)
	  Index Cond: ((k >= 161306) AND (k <= 161406))

explain: for range-covered :: explain SELECT k FROM sbtest%d WHERE k BETWEEN 161306 AND 161406
for range-covered
table 1 : explain SELECT k FROM sbtest1 WHERE k BETWEEN 2833983 AND 2834083
	Index Only Scan using k_1 on sbtest1  (cost=0.43..6.27 rows=92 width=4)
	  Index Cond: ((k >= 2833983) AND (k <= 2834083))

table 2 : explain SELECT k FROM sbtest2 WHERE k BETWEEN 2833983 AND 2834083
	Index Only Scan using k_2 on sbtest2  (cost=0.43..6.47 rows=102 width=4)
	  Index Cond: ((k >= 2833983) AND (k <= 2834083))

table 3 : explain SELECT k FROM sbtest3 WHERE k BETWEEN 2833983 AND 2834083
	Index Only Scan using k_3 on sbtest3  (cost=0.43..6.47 rows=102 width=4)
	  Index Cond: ((k >= 2833983) AND (k <= 2834083))

table 4 : explain SELECT k FROM sbtest4 WHERE k BETWEEN 2833983 AND 2834083
	Index Only Scan using k_4 on sbtest4  (cost=0.43..6.42 rows=99 width=4)
	  Index Cond: ((k >= 2833983) AND (k <= 2834083))

table 5 : explain SELECT k FROM sbtest5 WHERE k BETWEEN 2833983 AND 2834083
	Index Only Scan using k_5 on sbtest5  (cost=0.43..6.35 rows=96 width=4)
	  Index Cond: ((k >= 2833983) AND (k <= 2834083))

table 6 : explain SELECT k FROM sbtest6 WHERE k BETWEEN 2833983 AND 2834083
	Index Only Scan using k_6 on sbtest6  (cost=0.43..6.42 rows=99 width=4)
	  Index Cond: ((k >= 2833983) AND (k <= 2834083))

table 7 : explain SELECT k FROM sbtest7 WHERE k BETWEEN 2833983 AND 2834083
	Index Only Scan using k_7 on sbtest7  (cost=0.43..6.45 rows=101 width=4)
	  Index Cond: ((k >= 2833983) AND (k <= 2834083))

table 8 : explain SELECT k FROM sbtest8 WHERE k BETWEEN 2833983 AND 2834083
	Index Only Scan using k_8 on sbtest8  (cost=0.43..6.25 rows=91 width=4)
	  Index Cond: ((k >= 2833983) AND (k <= 2834083))

explain: for range-covered :: explain SELECT k FROM sbtest%d WHERE k BETWEEN 2833983 AND 2834083
for range-covered
table 1 : explain SELECT k FROM sbtest1 WHERE k BETWEEN 5896759 AND 5896859
	Index Only Scan using k_1 on sbtest1  (cost=0.43..6.43 rows=100 width=4)
	  Index Cond: ((k >= 5896759) AND (k <= 5896859))

table 2 : explain SELECT k FROM sbtest2 WHERE k BETWEEN 5896759 AND 5896859
	Index Only Scan using k_2 on sbtest2  (cost=0.43..6.53 rows=105 width=4)
	  Index Cond: ((k >= 5896759) AND (k <= 5896859))

table 3 : explain SELECT k FROM sbtest3 WHERE k BETWEEN 5896759 AND 5896859
	Index Only Scan using k_3 on sbtest3  (cost=0.43..6.51 rows=104 width=4)
	  Index Cond: ((k >= 5896759) AND (k <= 5896859))

table 4 : explain SELECT k FROM sbtest4 WHERE k BETWEEN 5896759 AND 5896859
	Index Only Scan using k_4 on sbtest4  (cost=0.43..6.37 rows=97 width=4)
	  Index Cond: ((k >= 5896759) AND (k <= 5896859))

table 5 : explain SELECT k FROM sbtest5 WHERE k BETWEEN 5896759 AND 5896859
	Index Only Scan using k_5 on sbtest5  (cost=0.43..6.45 rows=101 width=4)
	  Index Cond: ((k >= 5896759) AND (k <= 5896859))

table 6 : explain SELECT k FROM sbtest6 WHERE k BETWEEN 5896759 AND 5896859
	Index Only Scan using k_6 on sbtest6  (cost=0.43..6.59 rows=108 width=4)
	  Index Cond: ((k >= 5896759) AND (k <= 5896859))

table 7 : explain SELECT k FROM sbtest7 WHERE k BETWEEN 5896759 AND 5896859
	Index Only Scan using k_7 on sbtest7  (cost=0.43..6.59 rows=108 width=4)
	  Index Cond: ((k >= 5896759) AND (k <= 5896859))

table 8 : explain SELECT k FROM sbtest8 WHERE k BETWEEN 5896759 AND 5896859
	Index Only Scan using k_8 on sbtest8  (cost=0.43..6.47 rows=102 width=4)
	  Index Cond: ((k >= 5896759) AND (k <= 5896859))

for range-covered
table 1 : explain SELECT k FROM sbtest1 WHERE k BETWEEN 5329381 AND 5329481
	Index Only Scan using k_1 on sbtest1  (cost=0.43..6.43 rows=100 width=4)
	  Index Cond: ((k >= 5329381) AND (k <= 5329481))

table 2 : explain SELECT k FROM sbtest2 WHERE k BETWEEN 5329381 AND 5329481
	Index Only Scan using k_2 on sbtest2  (cost=0.43..6.47 rows=102 width=4)
	  Index Cond: ((k >= 5329381) AND (k <= 5329481))

table 3 : explain SELECT k FROM sbtest3 WHERE k BETWEEN 5329381 AND 5329481
	Index Only Scan using k_3 on sbtest3  (cost=0.43..6.66 rows=111 width=4)
	  Index Cond: ((k >= 5329381) AND (k <= 5329481))

table 4 : explain SELECT k FROM sbtest4 WHERE k BETWEEN 5329381 AND 5329481
	Index Only Scan using k_4 on sbtest4  (cost=0.43..6.45 rows=101 width=4)
	  Index Cond: ((k >= 5329381) AND (k <= 5329481))

table 5 : explain SELECT k FROM sbtest5 WHERE k BETWEEN 5329381 AND 5329481
	Index Only Scan using k_5 on sbtest5  (cost=0.43..6.40 rows=98 width=4)
	  Index Cond: ((k >= 5329381) AND (k <= 5329481))

table 6 : explain SELECT k FROM sbtest6 WHERE k BETWEEN 5329381 AND 5329481
	Index Only Scan using k_6 on sbtest6  (cost=0.43..6.66 rows=111 width=4)
	  Index Cond: ((k >= 5329381) AND (k <= 5329481))

table 7 : explain SELECT k FROM sbtest7 WHERE k BETWEEN 5329381 AND 5329481
	Index Only Scan using k_7 on sbtest7  (cost=0.43..6.35 rows=96 width=4)
	  Index Cond: ((k >= 5329381) AND (k <= 5329481))

table 8 : explain SELECT k FROM sbtest8 WHERE k BETWEEN 5329381 AND 5329481
	Index Only Scan using k_8 on sbtest8  (cost=0.43..6.58 rows=107 width=4)
	  Index Cond: ((k >= 5329381) AND (k <= 5329481))

for range-covered
table 1 : explain SELECT k FROM sbtest1 WHERE k BETWEEN 876922 AND 877022
	Index Only Scan using k_1 on sbtest1  (cost=0.43..6.50 rows=103 width=4)
	  Index Cond: ((k >= 876922) AND (k <= 877022))

table 2 : explain SELECT k FROM sbtest2 WHERE k BETWEEN 876922 AND 877022
	Index Only Scan using k_2 on sbtest2  (cost=0.43..6.32 rows=94 width=4)
	  Index Cond: ((k >= 876922) AND (k <= 877022))

table 3 : explain SELECT k FROM sbtest3 WHERE k BETWEEN 876922 AND 877022
	Index Only Scan using k_3 on sbtest3  (cost=0.43..6.61 rows=109 width=4)
	  Index Cond: ((k >= 876922) AND (k <= 877022))

table 4 : explain SELECT k FROM sbtest4 WHERE k BETWEEN 876922 AND 877022
	Index Only Scan using k_4 on sbtest4  (cost=0.43..6.37 rows=97 width=4)
	  Index Cond: ((k >= 876922) AND (k <= 877022))

table 5 : explain SELECT k FROM sbtest5 WHERE k BETWEEN 876922 AND 877022
	Index Only Scan using k_5 on sbtest5  (cost=0.43..6.35 rows=96 width=4)
	  Index Cond: ((k >= 876922) AND (k <= 877022))

table 6 : explain SELECT k FROM sbtest6 WHERE k BETWEEN 876922 AND 877022
	Index Only Scan using k_6 on sbtest6  (cost=0.43..6.43 rows=100 width=4)
	  Index Cond: ((k >= 876922) AND (k <= 877022))

table 7 : explain SELECT k FROM sbtest7 WHERE k BETWEEN 876922 AND 877022
	Index Only Scan using k_7 on sbtest7  (cost=0.43..6.43 rows=100 width=4)
	  Index Cond: ((k >= 876922) AND (k <= 877022))

table 8 : explain SELECT k FROM sbtest8 WHERE k BETWEEN 876922 AND 877022
	Index Only Scan using k_8 on sbtest8  (cost=0.43..6.47 rows=102 width=4)
	  Index Cond: ((k >= 876922) AND (k <= 877022))

explain: for range-covered :: explain SELECT k FROM sbtest%d WHERE k BETWEEN 5896759 AND 5896859
explain: for range-covered :: explain SELECT k FROM sbtest%d WHERE k BETWEEN 5329381 AND 5329481
for range-covered
table 1 : explain SELECT k FROM sbtest1 WHERE k BETWEEN 6559966 AND 6560066
	Index Only Scan using k_1 on sbtest1  (cost=0.43..6.47 rows=102 width=4)
	  Index Cond: ((k >= 6559966) AND (k <= 6560066))

table 2 : explain SELECT k FROM sbtest2 WHERE k BETWEEN 6559966 AND 6560066
	Index Only Scan using k_2 on sbtest2  (cost=0.43..6.42 rows=99 width=4)
	  Index Cond: ((k >= 6559966) AND (k <= 6560066))

table 3 : explain SELECT k FROM sbtest3 WHERE k BETWEEN 6559966 AND 6560066
	Index Only Scan using k_3 on sbtest3  (cost=0.43..6.53 rows=105 width=4)
	  Index Cond: ((k >= 6559966) AND (k <= 6560066))

table 4 : explain SELECT k FROM sbtest4 WHERE k BETWEEN 6559966 AND 6560066
	Index Only Scan using k_4 on sbtest4  (cost=0.43..6.43 rows=100 width=4)
	  Index Cond: ((k >= 6559966) AND (k <= 6560066))

table 5 : explain SELECT k FROM sbtest5 WHERE k BETWEEN 6559966 AND 6560066
	Index Only Scan using k_5 on sbtest5  (cost=0.43..6.33 rows=95 width=4)
	  Index Cond: ((k >= 6559966) AND (k <= 6560066))

table 6 : explain SELECT k FROM sbtest6 WHERE k BETWEEN 6559966 AND 6560066
	Index Only Scan using k_6 on sbtest6  (cost=0.43..6.43 rows=100 width=4)
	  Index Cond: ((k >= 6559966) AND (k <= 6560066))

table 7 : explain SELECT k FROM sbtest7 WHERE k BETWEEN 6559966 AND 6560066
	Index Only Scan using k_7 on sbtest7  (cost=0.43..6.37 rows=97 width=4)
	  Index Cond: ((k >= 6559966) AND (k <= 6560066))

table 8 : explain SELECT k FROM sbtest8 WHERE k BETWEEN 6559966 AND 6560066
	Index Only Scan using k_8 on sbtest8  (cost=0.43..6.17 rows=87 width=4)
	  Index Cond: ((k >= 6559966) AND (k <= 6560066))

explain: for range-covered :: explain SELECT k FROM sbtest%d WHERE k BETWEEN 876922 AND 877022
explain: for range-covered :: explain SELECT k FROM sbtest%d WHERE k BETWEEN 6559966 AND 6560066
for range-covered
table 1 : explain SELECT k FROM sbtest1 WHERE k BETWEEN 6253428 AND 6253528
	Index Only Scan using k_1 on sbtest1  (cost=0.43..6.43 rows=100 width=4)
	  Index Cond: ((k >= 6253428) AND (k <= 6253528))

table 2 : explain SELECT k FROM sbtest2 WHERE k BETWEEN 6253428 AND 6253528
	Index Only Scan using k_2 on sbtest2  (cost=0.43..6.45 rows=101 width=4)
	  Index Cond: ((k >= 6253428) AND (k <= 6253528))

table 3 : explain SELECT k FROM sbtest3 WHERE k BETWEEN 6253428 AND 6253528
	Index Only Scan using k_3 on sbtest3  (cost=0.43..6.56 rows=106 width=4)
	  Index Cond: ((k >= 6253428) AND (k <= 6253528))

table 4 : explain SELECT k FROM sbtest4 WHERE k BETWEEN 6253428 AND 6253528
	Index Only Scan using k_4 on sbtest4  (cost=0.43..6.66 rows=111 width=4)
	  Index Cond: ((k >= 6253428) AND (k <= 6253528))

table 5 : explain SELECT k FROM sbtest5 WHERE k BETWEEN 6253428 AND 6253528
	Index Only Scan using k_5 on sbtest5  (cost=0.43..6.40 rows=98 width=4)
	  Index Cond: ((k >= 6253428) AND (k <= 6253528))

table 6 : explain SELECT k FROM sbtest6 WHERE k BETWEEN 6253428 AND 6253528
	Index Only Scan using k_6 on sbtest6  (cost=0.43..6.29 rows=93 width=4)
	  Index Cond: ((k >= 6253428) AND (k <= 6253528))

table 7 : explain SELECT k FROM sbtest7 WHERE k BETWEEN 6253428 AND 6253528
	Index Only Scan using k_7 on sbtest7  (cost=0.43..6.58 rows=107 width=4)
	  Index Cond: ((k >= 6253428) AND (k <= 6253528))

table 8 : explain SELECT k FROM sbtest8 WHERE k BETWEEN 6253428 AND 6253528
	Index Only Scan using k_8 on sbtest8  (cost=0.43..6.33 rows=95 width=4)
	  Index Cond: ((k >= 6253428) AND (k <= 6253528))

explain: for range-covered :: explain SELECT k FROM sbtest%d WHERE k BETWEEN 6253428 AND 6253528
for range-covered
table 1 : explain SELECT k FROM sbtest1 WHERE k BETWEEN 4054246 AND 4054346
	Index Only Scan using k_1 on sbtest1  (cost=0.43..6.45 rows=101 width=4)
	  Index Cond: ((k >= 4054246) AND (k <= 4054346))

table 2 : explain SELECT k FROM sbtest2 WHERE k BETWEEN 4054246 AND 4054346
	Index Only Scan using k_2 on sbtest2  (cost=0.43..6.53 rows=105 width=4)
	  Index Cond: ((k >= 4054246) AND (k <= 4054346))

table 3 : explain SELECT k FROM sbtest3 WHERE k BETWEEN 4054246 AND 4054346
	Index Only Scan using k_3 on sbtest3  (cost=0.43..6.45 rows=101 width=4)
	  Index Cond: ((k >= 4054246) AND (k <= 4054346))

table 4 : explain SELECT k FROM sbtest4 WHERE k BETWEEN 4054246 AND 4054346
	Index Only Scan using k_4 on sbtest4  (cost=0.43..6.35 rows=96 width=4)
	  Index Cond: ((k >= 4054246) AND (k <= 4054346))

table 5 : explain SELECT k FROM sbtest5 WHERE k BETWEEN 4054246 AND 4054346
	Index Only Scan using k_5 on sbtest5  (cost=0.43..6.63 rows=110 width=4)
	  Index Cond: ((k >= 4054246) AND (k <= 4054346))

table 6 : explain SELECT k FROM sbtest6 WHERE k BETWEEN 4054246 AND 4054346
	Index Only Scan using k_6 on sbtest6  (cost=0.43..6.40 rows=98 width=4)
	  Index Cond: ((k >= 4054246) AND (k <= 4054346))

table 7 : explain SELECT k FROM sbtest7 WHERE k BETWEEN 4054246 AND 4054346
	Index Only Scan using k_7 on sbtest7  (cost=0.43..6.61 rows=109 width=4)
	  Index Cond: ((k >= 4054246) AND (k <= 4054346))

table 8 : explain SELECT k FROM sbtest8 WHERE k BETWEEN 4054246 AND 4054346
	Index Only Scan using k_8 on sbtest8  (cost=0.43..6.43 rows=100 width=4)
	  Index Cond: ((k >= 4054246) AND (k <= 4054346))

for range-covered
table 1 : explain SELECT k FROM sbtest1 WHERE k BETWEEN 161306 AND 161406
	Index Only Scan using k_1 on sbtest1  (cost=0.43..6.40 rows=98 width=4)
	  Index Cond: ((k >= 161306) AND (k <= 161406))

table 2 : explain SELECT k FROM sbtest2 WHERE k BETWEEN 161306 AND 161406
	Index Only Scan using k_2 on sbtest2  (cost=0.43..6.45 rows=101 width=4)
	  Index Cond: ((k >= 161306) AND (k <= 161406))

table 3 : explain SELECT k FROM sbtest3 WHERE k BETWEEN 161306 AND 161406
	Index Only Scan using k_3 on sbtest3  (cost=0.43..6.50 rows=103 width=4)
	  Index Cond: ((k >= 161306) AND (k <= 161406))

table 4 : explain SELECT k FROM sbtest4 WHERE k BETWEEN 161306 AND 161406
	Index Only Scan using k_4 on sbtest4  (cost=0.43..6.61 rows=109 width=4)
	  Index Cond: ((k >= 161306) AND (k <= 161406))

table 5 : explain SELECT k FROM sbtest5 WHERE k BETWEEN 161306 AND 161406
	Index Only Scan using k_5 on sbtest5  (cost=0.43..6.58 rows=107 width=4)
	  Index Cond: ((k >= 161306) AND (k <= 161406))

table 6 : explain SELECT k FROM sbtest6 WHERE k BETWEEN 161306 AND 161406
	Index Only Scan using k_6 on sbtest6  (cost=0.43..6.37 rows=97 width=4)
	  Index Cond: ((k >= 161306) AND (k <= 161406))

table 7 : explain SELECT k FROM sbtest7 WHERE k BETWEEN 161306 AND 161406
	Index Only Scan using k_7 on sbtest7  (cost=0.43..6.58 rows=107 width=4)
	  Index Cond: ((k >= 161306) AND (k <= 161406))

table 8 : explain SELECT k FROM sbtest8 WHERE k BETWEEN 161306 AND 161406
	Index Only Scan using k_8 on sbtest8  (cost=0.43..6.51 rows=104 width=4)
	  Index Cond: ((k >= 161306) AND (k <= 161406))

explain: for range-covered :: explain SELECT k FROM sbtest%d WHERE k BETWEEN 4054246 AND 4054346
explain: for range-covered :: explain SELECT k FROM sbtest%d WHERE k BETWEEN 161306 AND 161406
for range-covered
table 1 : explain SELECT k FROM sbtest1 WHERE k BETWEEN 5329381 AND 5329481
	Index Only Scan using k_1 on sbtest1  (cost=0.43..6.43 rows=100 width=4)
	  Index Cond: ((k >= 5329381) AND (k <= 5329481))

table 2 : explain SELECT k FROM sbtest2 WHERE k BETWEEN 5329381 AND 5329481
	Index Only Scan using k_2 on sbtest2  (cost=0.43..6.47 rows=102 width=4)
	  Index Cond: ((k >= 5329381) AND (k <= 5329481))

table 3 : explain SELECT k FROM sbtest3 WHERE k BETWEEN 5329381 AND 5329481
	Index Only Scan using k_3 on sbtest3  (cost=0.43..6.66 rows=111 width=4)
	  Index Cond: ((k >= 5329381) AND (k <= 5329481))

table 4 : explain SELECT k FROM sbtest4 WHERE k BETWEEN 5329381 AND 5329481
	Index Only Scan using k_4 on sbtest4  (cost=0.43..6.45 rows=101 width=4)
	  Index Cond: ((k >= 5329381) AND (k <= 5329481))

table 5 : explain SELECT k FROM sbtest5 WHERE k BETWEEN 5329381 AND 5329481
	Index Only Scan using k_5 on sbtest5  (cost=0.43..6.40 rows=98 width=4)
	  Index Cond: ((k >= 5329381) AND (k <= 5329481))

table 6 : explain SELECT k FROM sbtest6 WHERE k BETWEEN 5329381 AND 5329481
	Index Only Scan using k_6 on sbtest6  (cost=0.43..6.66 rows=111 width=4)
	  Index Cond: ((k >= 5329381) AND (k <= 5329481))

table 7 : explain SELECT k FROM sbtest7 WHERE k BETWEEN 5329381 AND 5329481
	Index Only Scan using k_7 on sbtest7  (cost=0.43..6.35 rows=96 width=4)
	  Index Cond: ((k >= 5329381) AND (k <= 5329481))

table 8 : explain SELECT k FROM sbtest8 WHERE k BETWEEN 5329381 AND 5329481
	Index Only Scan using k_8 on sbtest8  (cost=0.43..6.58 rows=107 width=4)
	  Index Cond: ((k >= 5329381) AND (k <= 5329481))

for range-covered
table 1 : explain SELECT k FROM sbtest1 WHERE k BETWEEN 6559966 AND 6560066
	Index Only Scan using k_1 on sbtest1  (cost=0.43..6.47 rows=102 width=4)
	  Index Cond: ((k >= 6559966) AND (k <= 6560066))

table 2 : explain SELECT k FROM sbtest2 WHERE k BETWEEN 6559966 AND 6560066
	Index Only Scan using k_2 on sbtest2  (cost=0.43..6.42 rows=99 width=4)
	  Index Cond: ((k >= 6559966) AND (k <= 6560066))

table 3 : explain SELECT k FROM sbtest3 WHERE k BETWEEN 6559966 AND 6560066
	Index Only Scan using k_3 on sbtest3  (cost=0.43..6.53 rows=105 width=4)
	  Index Cond: ((k >= 6559966) AND (k <= 6560066))

table 4 : explain SELECT k FROM sbtest4 WHERE k BETWEEN 6559966 AND 6560066
	Index Only Scan using k_4 on sbtest4  (cost=0.43..6.43 rows=100 width=4)
	  Index Cond: ((k >= 6559966) AND (k <= 6560066))

table 5 : explain SELECT k FROM sbtest5 WHERE k BETWEEN 6559966 AND 6560066
	Index Only Scan using k_5 on sbtest5  (cost=0.43..6.33 rows=95 width=4)
	  Index Cond: ((k >= 6559966) AND (k <= 6560066))

table 6 : explain SELECT k FROM sbtest6 WHERE k BETWEEN 6559966 AND 6560066
	Index Only Scan using k_6 on sbtest6  (cost=0.43..6.43 rows=100 width=4)
	  Index Cond: ((k >= 6559966) AND (k <= 6560066))

table 7 : explain SELECT k FROM sbtest7 WHERE k BETWEEN 6559966 AND 6560066
	Index Only Scan using k_7 on sbtest7  (cost=0.43..6.37 rows=97 width=4)
	  Index Cond: ((k >= 6559966) AND (k <= 6560066))

table 8 : explain SELECT k FROM sbtest8 WHERE k BETWEEN 6559966 AND 6560066
	Index Only Scan using k_8 on sbtest8  (cost=0.43..6.17 rows=87 width=4)
	  Index Cond: ((k >= 6559966) AND (k <= 6560066))

for range-covered
table 1 : explain SELECT k FROM sbtest1 WHERE k BETWEEN 8322105 AND 8322205
	Index Only Scan using k_1 on sbtest1  (cost=0.43..6.43 rows=100 width=4)
	  Index Cond: ((k >= 8322105) AND (k <= 8322205))

table 2 : explain SELECT k FROM sbtest2 WHERE k BETWEEN 8322105 AND 8322205
	Index Only Scan using k_2 on sbtest2  (cost=0.43..6.45 rows=101 width=4)
	  Index Cond: ((k >= 8322105) AND (k <= 8322205))

table 3 : explain SELECT k FROM sbtest3 WHERE k BETWEEN 8322105 AND 8322205
	Index Only Scan using k_3 on sbtest3  (cost=0.43..6.50 rows=103 width=4)
	  Index Cond: ((k >= 8322105) AND (k <= 8322205))

table 4 : explain SELECT k FROM sbtest4 WHERE k BETWEEN 8322105 AND 8322205
	Index Only Scan using k_4 on sbtest4  (cost=0.43..6.61 rows=109 width=4)
	  Index Cond: ((k >= 8322105) AND (k <= 8322205))

table 5 : explain SELECT k FROM sbtest5 WHERE k BETWEEN 8322105 AND 8322205
	Index Only Scan using k_5 on sbtest5  (cost=0.43..6.51 rows=104 width=4)
	  Index Cond: ((k >= 8322105) AND (k <= 8322205))

table 6 : explain SELECT k FROM sbtest6 WHERE k BETWEEN 8322105 AND 8322205
	Index Only Scan using k_6 on sbtest6  (cost=0.43..6.43 rows=100 width=4)
	  Index Cond: ((k >= 8322105) AND (k <= 8322205))

table 7 : explain SELECT k FROM sbtest7 WHERE k BETWEEN 8322105 AND 8322205
	Index Only Scan using k_7 on sbtest7  (cost=0.43..6.43 rows=100 width=4)
	  Index Cond: ((k >= 8322105) AND (k <= 8322205))

table 8 : explain SELECT k FROM sbtest8 WHERE k BETWEEN 8322105 AND 8322205
	Index Only Scan using k_8 on sbtest8  (cost=0.43..6.43 rows=100 width=4)
	  Index Cond: ((k >= 8322105) AND (k <= 8322205))

for range-covered
table 1 : explain SELECT k FROM sbtest1 WHERE k BETWEEN 6253428 AND 6253528
	Index Only Scan using k_1 on sbtest1  (cost=0.43..6.43 rows=100 width=4)
	  Index Cond: ((k >= 6253428) AND (k <= 6253528))

table 2 : explain SELECT k FROM sbtest2 WHERE k BETWEEN 6253428 AND 6253528
	Index Only Scan using k_2 on sbtest2  (cost=0.43..6.45 rows=101 width=4)
	  Index Cond: ((k >= 6253428) AND (k <= 6253528))

table 3 : explain SELECT k FROM sbtest3 WHERE k BETWEEN 6253428 AND 6253528
	Index Only Scan using k_3 on sbtest3  (cost=0.43..6.56 rows=106 width=4)
	  Index Cond: ((k >= 6253428) AND (k <= 6253528))

table 4 : explain SELECT k FROM sbtest4 WHERE k BETWEEN 6253428 AND 6253528
	Index Only Scan using k_4 on sbtest4  (cost=0.43..6.66 rows=111 width=4)
	  Index Cond: ((k >= 6253428) AND (k <= 6253528))

table 5 : explain SELECT k FROM sbtest5 WHERE k BETWEEN 6253428 AND 6253528
	Index Only Scan using k_5 on sbtest5  (cost=0.43..6.40 rows=98 width=4)
	  Index Cond: ((k >= 6253428) AND (k <= 6253528))

table 6 : explain SELECT k FROM sbtest6 WHERE k BETWEEN 6253428 AND 6253528
	Index Only Scan using k_6 on sbtest6  (cost=0.43..6.29 rows=93 width=4)
	  Index Cond: ((k >= 6253428) AND (k <= 6253528))

table 7 : explain SELECT k FROM sbtest7 WHERE k BETWEEN 6253428 AND 6253528
	Index Only Scan using k_7 on sbtest7  (cost=0.43..6.58 rows=107 width=4)
	  Index Cond: ((k >= 6253428) AND (k <= 6253528))

table 8 : explain SELECT k FROM sbtest8 WHERE k BETWEEN 6253428 AND 6253528
	Index Only Scan using k_8 on sbtest8  (cost=0.43..6.33 rows=95 width=4)
	  Index Cond: ((k >= 6253428) AND (k <= 6253528))

explain: for range-covered :: explain SELECT k FROM sbtest%d WHERE k BETWEEN 6253428 AND 6253528
for range-covered
table 1 : explain SELECT k FROM sbtest1 WHERE k BETWEEN 2833983 AND 2834083
	Index Only Scan using k_1 on sbtest1  (cost=0.43..6.27 rows=92 width=4)
	  Index Cond: ((k >= 2833983) AND (k <= 2834083))

table 2 : explain SELECT k FROM sbtest2 WHERE k BETWEEN 2833983 AND 2834083
	Index Only Scan using k_2 on sbtest2  (cost=0.43..6.47 rows=102 width=4)
	  Index Cond: ((k >= 2833983) AND (k <= 2834083))

table 3 : explain SELECT k FROM sbtest3 WHERE k BETWEEN 2833983 AND 2834083
	Index Only Scan using k_3 on sbtest3  (cost=0.43..6.47 rows=102 width=4)
	  Index Cond: ((k >= 2833983) AND (k <= 2834083))

table 4 : explain SELECT k FROM sbtest4 WHERE k BETWEEN 2833983 AND 2834083
	Index Only Scan using k_4 on sbtest4  (cost=0.43..6.42 rows=99 width=4)
	  Index Cond: ((k >= 2833983) AND (k <= 2834083))

table 5 : explain SELECT k FROM sbtest5 WHERE k BETWEEN 2833983 AND 2834083
	Index Only Scan using k_5 on sbtest5  (cost=0.43..6.35 rows=96 width=4)
	  Index Cond: ((k >= 2833983) AND (k <= 2834083))

table 6 : explain SELECT k FROM sbtest6 WHERE k BETWEEN 2833983 AND 2834083
	Index Only Scan using k_6 on sbtest6  (cost=0.43..6.42 rows=99 width=4)
	  Index Cond: ((k >= 2833983) AND (k <= 2834083))

table 7 : explain SELECT k FROM sbtest7 WHERE k BETWEEN 2833983 AND 2834083
	Index Only Scan using k_7 on sbtest7  (cost=0.43..6.45 rows=101 width=4)
	  Index Cond: ((k >= 2833983) AND (k <= 2834083))

table 8 : explain SELECT k FROM sbtest8 WHERE k BETWEEN 2833983 AND 2834083
	Index Only Scan using k_8 on sbtest8  (cost=0.43..6.25 rows=91 width=4)
	  Index Cond: ((k >= 2833983) AND (k <= 2834083))

for range-covered
table 1 : explain SELECT k FROM sbtest1 WHERE k BETWEEN 4054246 AND 4054346
	Index Only Scan using k_1 on sbtest1  (cost=0.43..6.45 rows=101 width=4)
	  Index Cond: ((k >= 4054246) AND (k <= 4054346))

table 2 : explain SELECT k FROM sbtest2 WHERE k BETWEEN 4054246 AND 4054346
	Index Only Scan using k_2 on sbtest2  (cost=0.43..6.53 rows=105 width=4)
	  Index Cond: ((k >= 4054246) AND (k <= 4054346))

table 3 : explain SELECT k FROM sbtest3 WHERE k BETWEEN 4054246 AND 4054346
	Index Only Scan using k_3 on sbtest3  (cost=0.43..6.45 rows=101 width=4)
	  Index Cond: ((k >= 4054246) AND (k <= 4054346))

table 4 : explain SELECT k FROM sbtest4 WHERE k BETWEEN 4054246 AND 4054346
	Index Only Scan using k_4 on sbtest4  (cost=0.43..6.35 rows=96 width=4)
	  Index Cond: ((k >= 4054246) AND (k <= 4054346))

table 5 : explain SELECT k FROM sbtest5 WHERE k BETWEEN 4054246 AND 4054346
	Index Only Scan using k_5 on sbtest5  (cost=0.43..6.63 rows=110 width=4)
	  Index Cond: ((k >= 4054246) AND (k <= 4054346))

table 6 : explain SELECT k FROM sbtest6 WHERE k BETWEEN 4054246 AND 4054346
	Index Only Scan using k_6 on sbtest6  (cost=0.43..6.40 rows=98 width=4)
	  Index Cond: ((k >= 4054246) AND (k <= 4054346))

table 7 : explain SELECT k FROM sbtest7 WHERE k BETWEEN 4054246 AND 4054346
	Index Only Scan using k_7 on sbtest7  (cost=0.43..6.61 rows=109 width=4)
	  Index Cond: ((k >= 4054246) AND (k <= 4054346))

table 8 : explain SELECT k FROM sbtest8 WHERE k BETWEEN 4054246 AND 4054346
	Index Only Scan using k_8 on sbtest8  (cost=0.43..6.43 rows=100 width=4)
	  Index Cond: ((k >= 4054246) AND (k <= 4054346))

for range-covered
table 1 : explain SELECT k FROM sbtest1 WHERE k BETWEEN 161306 AND 161406
	Index Only Scan using k_1 on sbtest1  (cost=0.43..6.40 rows=98 width=4)
	  Index Cond: ((k >= 161306) AND (k <= 161406))

table 2 : explain SELECT k FROM sbtest2 WHERE k BETWEEN 161306 AND 161406
	Index Only Scan using k_2 on sbtest2  (cost=0.43..6.45 rows=101 width=4)
	  Index Cond: ((k >= 161306) AND (k <= 161406))

table 3 : explain SELECT k FROM sbtest3 WHERE k BETWEEN 161306 AND 161406
	Index Only Scan using k_3 on sbtest3  (cost=0.43..6.50 rows=103 width=4)
	  Index Cond: ((k >= 161306) AND (k <= 161406))

table 4 : explain SELECT k FROM sbtest4 WHERE k BETWEEN 161306 AND 161406
	Index Only Scan using k_4 on sbtest4  (cost=0.43..6.61 rows=109 width=4)
	  Index Cond: ((k >= 161306) AND (k <= 161406))

table 5 : explain SELECT k FROM sbtest5 WHERE k BETWEEN 161306 AND 161406
	Index Only Scan using k_5 on sbtest5  (cost=0.43..6.58 rows=107 width=4)
	  Index Cond: ((k >= 161306) AND (k <= 161406))

table 6 : explain SELECT k FROM sbtest6 WHERE k BETWEEN 161306 AND 161406
	Index Only Scan using k_6 on sbtest6  (cost=0.43..6.37 rows=97 width=4)
	  Index Cond: ((k >= 161306) AND (k <= 161406))

table 7 : explain SELECT k FROM sbtest7 WHERE k BETWEEN 161306 AND 161406
	Index Only Scan using k_7 on sbtest7  (cost=0.43..6.58 rows=107 width=4)
	  Index Cond: ((k >= 161306) AND (k <= 161406))

table 8 : explain SELECT k FROM sbtest8 WHERE k BETWEEN 161306 AND 161406
	Index Only Scan using k_8 on sbtest8  (cost=0.43..6.51 rows=104 width=4)
	  Index Cond: ((k >= 161306) AND (k <= 161406))

explain: for range-covered :: explain SELECT k FROM sbtest%d WHERE k BETWEEN 4054246 AND 4054346
explain: for range-covered :: explain SELECT k FROM sbtest%d WHERE k BETWEEN 2833983 AND 2834083
for range-covered
table 1 : explain SELECT k FROM sbtest1 WHERE k BETWEEN 876922 AND 877022
	Index Only Scan using k_1 on sbtest1  (cost=0.43..6.50 rows=103 width=4)
	  Index Cond: ((k >= 876922) AND (k <= 877022))

table 2 : explain SELECT k FROM sbtest2 WHERE k BETWEEN 876922 AND 877022
	Index Only Scan using k_2 on sbtest2  (cost=0.43..6.32 rows=94 width=4)
	  Index Cond: ((k >= 876922) AND (k <= 877022))

table 3 : explain SELECT k FROM sbtest3 WHERE k BETWEEN 876922 AND 877022
	Index Only Scan using k_3 on sbtest3  (cost=0.43..6.61 rows=109 width=4)
	  Index Cond: ((k >= 876922) AND (k <= 877022))

table 4 : explain SELECT k FROM sbtest4 WHERE k BETWEEN 876922 AND 877022
	Index Only Scan using k_4 on sbtest4  (cost=0.43..6.37 rows=97 width=4)
	  Index Cond: ((k >= 876922) AND (k <= 877022))

table 5 : explain SELECT k FROM sbtest5 WHERE k BETWEEN 876922 AND 877022
	Index Only Scan using k_5 on sbtest5  (cost=0.43..6.35 rows=96 width=4)
	  Index Cond: ((k >= 876922) AND (k <= 877022))

table 6 : explain SELECT k FROM sbtest6 WHERE k BETWEEN 876922 AND 877022
	Index Only Scan using k_6 on sbtest6  (cost=0.43..6.43 rows=100 width=4)
	  Index Cond: ((k >= 876922) AND (k <= 877022))

table 7 : explain SELECT k FROM sbtest7 WHERE k BETWEEN 876922 AND 877022
	Index Only Scan using k_7 on sbtest7  (cost=0.43..6.43 rows=100 width=4)
	  Index Cond: ((k >= 876922) AND (k <= 877022))

table 8 : explain SELECT k FROM sbtest8 WHERE k BETWEEN 876922 AND 877022
	Index Only Scan using k_8 on sbtest8  (cost=0.43..6.47 rows=102 width=4)
	  Index Cond: ((k >= 876922) AND (k <= 877022))

explain: for range-covered :: explain SELECT k FROM sbtest%d WHERE k BETWEEN 4005830 AND 4005930
explain: for range-covered :: explain SELECT k FROM sbtest%d WHERE k BETWEEN 7515693 AND 7515793
for range-covered
table 1 : explain SELECT k FROM sbtest1 WHERE k BETWEEN 6253428 AND 6253528
	Index Only Scan using k_1 on sbtest1  (cost=0.43..6.43 rows=100 width=4)
	  Index Cond: ((k >= 6253428) AND (k <= 6253528))

table 2 : explain SELECT k FROM sbtest2 WHERE k BETWEEN 6253428 AND 6253528
	Index Only Scan using k_2 on sbtest2  (cost=0.43..6.45 rows=101 width=4)
	  Index Cond: ((k >= 6253428) AND (k <= 6253528))

table 3 : explain SELECT k FROM sbtest3 WHERE k BETWEEN 6253428 AND 6253528
	Index Only Scan using k_3 on sbtest3  (cost=0.43..6.56 rows=106 width=4)
	  Index Cond: ((k >= 6253428) AND (k <= 6253528))

table 4 : explain SELECT k FROM sbtest4 WHERE k BETWEEN 6253428 AND 6253528
	Index Only Scan using k_4 on sbtest4  (cost=0.43..6.66 rows=111 width=4)
	  Index Cond: ((k >= 6253428) AND (k <= 6253528))

table 5 : explain SELECT k FROM sbtest5 WHERE k BETWEEN 6253428 AND 6253528
	Index Only Scan using k_5 on sbtest5  (cost=0.43..6.40 rows=98 width=4)
	  Index Cond: ((k >= 6253428) AND (k <= 6253528))

table 6 : explain SELECT k FROM sbtest6 WHERE k BETWEEN 6253428 AND 6253528
	Index Only Scan using k_6 on sbtest6  (cost=0.43..6.29 rows=93 width=4)
	  Index Cond: ((k >= 6253428) AND (k <= 6253528))

table 7 : explain SELECT k FROM sbtest7 WHERE k BETWEEN 6253428 AND 6253528
	Index Only Scan using k_7 on sbtest7  (cost=0.43..6.58 rows=107 width=4)
	  Index Cond: ((k >= 6253428) AND (k <= 6253528))

table 8 : explain SELECT k FROM sbtest8 WHERE k BETWEEN 6253428 AND 6253528
	Index Only Scan using k_8 on sbtest8  (cost=0.43..6.33 rows=95 width=4)
	  Index Cond: ((k >= 6253428) AND (k <= 6253528))

explain: for range-covered :: explain SELECT k FROM sbtest%d WHERE k BETWEEN 6253428 AND 6253528
for range-covered
table 1 : explain SELECT k FROM sbtest1 WHERE k BETWEEN 4054246 AND 4054346
	Index Only Scan using k_1 on sbtest1  (cost=0.43..6.45 rows=101 width=4)
	  Index Cond: ((k >= 4054246) AND (k <= 4054346))

table 2 : explain SELECT k FROM sbtest2 WHERE k BETWEEN 4054246 AND 4054346
	Index Only Scan using k_2 on sbtest2  (cost=0.43..6.53 rows=105 width=4)
	  Index Cond: ((k >= 4054246) AND (k <= 4054346))

table 3 : explain SELECT k FROM sbtest3 WHERE k BETWEEN 4054246 AND 4054346
	Index Only Scan using k_3 on sbtest3  (cost=0.43..6.45 rows=101 width=4)
	  Index Cond: ((k >= 4054246) AND (k <= 4054346))

table 4 : explain SELECT k FROM sbtest4 WHERE k BETWEEN 4054246 AND 4054346
	Index Only Scan using k_4 on sbtest4  (cost=0.43..6.35 rows=96 width=4)
	  Index Cond: ((k >= 4054246) AND (k <= 4054346))

table 5 : explain SELECT k FROM sbtest5 WHERE k BETWEEN 4054246 AND 4054346
	Index Only Scan using k_5 on sbtest5  (cost=0.43..6.63 rows=110 width=4)
	  Index Cond: ((k >= 4054246) AND (k <= 4054346))

table 6 : explain SELECT k FROM sbtest6 WHERE k BETWEEN 4054246 AND 4054346
	Index Only Scan using k_6 on sbtest6  (cost=0.43..6.40 rows=98 width=4)
	  Index Cond: ((k >= 4054246) AND (k <= 4054346))

table 7 : explain SELECT k FROM sbtest7 WHERE k BETWEEN 4054246 AND 4054346
	Index Only Scan using k_7 on sbtest7  (cost=0.43..6.61 rows=109 width=4)
	  Index Cond: ((k >= 4054246) AND (k <= 4054346))

table 8 : explain SELECT k FROM sbtest8 WHERE k BETWEEN 4054246 AND 4054346
	Index Only Scan using k_8 on sbtest8  (cost=0.43..6.43 rows=100 width=4)
	  Index Cond: ((k >= 4054246) AND (k <= 4054346))

explain: for range-covered :: explain SELECT k FROM sbtest%d WHERE k BETWEEN 3142915 AND 3143015
for range-covered
table 1 : explain SELECT k FROM sbtest1 WHERE k BETWEEN 6253428 AND 6253528
	Index Only Scan using k_1 on sbtest1  (cost=0.43..6.43 rows=100 width=4)
	  Index Cond: ((k >= 6253428) AND (k <= 6253528))

table 2 : explain SELECT k FROM sbtest2 WHERE k BETWEEN 6253428 AND 6253528
	Index Only Scan using k_2 on sbtest2  (cost=0.43..6.45 rows=101 width=4)
	  Index Cond: ((k >= 6253428) AND (k <= 6253528))

table 3 : explain SELECT k FROM sbtest3 WHERE k BETWEEN 6253428 AND 6253528
	Index Only Scan using k_3 on sbtest3  (cost=0.43..6.56 rows=106 width=4)
	  Index Cond: ((k >= 6253428) AND (k <= 6253528))

table 4 : explain SELECT k FROM sbtest4 WHERE k BETWEEN 6253428 AND 6253528
	Index Only Scan using k_4 on sbtest4  (cost=0.43..6.66 rows=111 width=4)
	  Index Cond: ((k >= 6253428) AND (k <= 6253528))

table 5 : explain SELECT k FROM sbtest5 WHERE k BETWEEN 6253428 AND 6253528
	Index Only Scan using k_5 on sbtest5  (cost=0.43..6.40 rows=98 width=4)
	  Index Cond: ((k >= 6253428) AND (k <= 6253528))

table 6 : explain SELECT k FROM sbtest6 WHERE k BETWEEN 6253428 AND 6253528
	Index Only Scan using k_6 on sbtest6  (cost=0.43..6.29 rows=93 width=4)
	  Index Cond: ((k >= 6253428) AND (k <= 6253528))

table 7 : explain SELECT k FROM sbtest7 WHERE k BETWEEN 6253428 AND 6253528
	Index Only Scan using k_7 on sbtest7  (cost=0.43..6.58 rows=107 width=4)
	  Index Cond: ((k >= 6253428) AND (k <= 6253528))

table 8 : explain SELECT k FROM sbtest8 WHERE k BETWEEN 6253428 AND 6253528
	Index Only Scan using k_8 on sbtest8  (cost=0.43..6.33 rows=95 width=4)
	  Index Cond: ((k >= 6253428) AND (k <= 6253528))

explain: for range-covered :: explain SELECT k FROM sbtest%d WHERE k BETWEEN 6253428 AND 6253528
for range-covered
table 1 : explain SELECT k FROM sbtest1 WHERE k BETWEEN 2833983 AND 2834083
	Index Only Scan using k_1 on sbtest1  (cost=0.43..6.27 rows=92 width=4)
	  Index Cond: ((k >= 2833983) AND (k <= 2834083))

table 2 : explain SELECT k FROM sbtest2 WHERE k BETWEEN 2833983 AND 2834083
	Index Only Scan using k_2 on sbtest2  (cost=0.43..6.47 rows=102 width=4)
	  Index Cond: ((k >= 2833983) AND (k <= 2834083))

table 3 : explain SELECT k FROM sbtest3 WHERE k BETWEEN 2833983 AND 2834083
	Index Only Scan using k_3 on sbtest3  (cost=0.43..6.47 rows=102 width=4)
	  Index Cond: ((k >= 2833983) AND (k <= 2834083))

table 4 : explain SELECT k FROM sbtest4 WHERE k BETWEEN 2833983 AND 2834083
	Index Only Scan using k_4 on sbtest4  (cost=0.43..6.42 rows=99 width=4)
	  Index Cond: ((k >= 2833983) AND (k <= 2834083))

table 5 : explain SELECT k FROM sbtest5 WHERE k BETWEEN 2833983 AND 2834083
	Index Only Scan using k_5 on sbtest5  (cost=0.43..6.35 rows=96 width=4)
	  Index Cond: ((k >= 2833983) AND (k <= 2834083))

table 6 : explain SELECT k FROM sbtest6 WHERE k BETWEEN 2833983 AND 2834083
	Index Only Scan using k_6 on sbtest6  (cost=0.43..6.42 rows=99 width=4)
	  Index Cond: ((k >= 2833983) AND (k <= 2834083))

table 7 : explain SELECT k FROM sbtest7 WHERE k BETWEEN 2833983 AND 2834083
	Index Only Scan using k_7 on sbtest7  (cost=0.43..6.45 rows=101 width=4)
	  Index Cond: ((k >= 2833983) AND (k <= 2834083))

table 8 : explain SELECT k FROM sbtest8 WHERE k BETWEEN 2833983 AND 2834083
	Index Only Scan using k_8 on sbtest8  (cost=0.43..6.25 rows=91 width=4)
	  Index Cond: ((k >= 2833983) AND (k <= 2834083))

explain: for range-covered :: explain SELECT k FROM sbtest%d WHERE k BETWEEN 5200351 AND 5200451
for range-covered
table 1 : explain SELECT k FROM sbtest1 WHERE k BETWEEN 6253428 AND 6253528
	Index Only Scan using k_1 on sbtest1  (cost=0.43..6.43 rows=100 width=4)
	  Index Cond: ((k >= 6253428) AND (k <= 6253528))

table 2 : explain SELECT k FROM sbtest2 WHERE k BETWEEN 6253428 AND 6253528
	Index Only Scan using k_2 on sbtest2  (cost=0.43..6.45 rows=101 width=4)
	  Index Cond: ((k >= 6253428) AND (k <= 6253528))

table 3 : explain SELECT k FROM sbtest3 WHERE k BETWEEN 6253428 AND 6253528
	Index Only Scan using k_3 on sbtest3  (cost=0.43..6.56 rows=106 width=4)
	  Index Cond: ((k >= 6253428) AND (k <= 6253528))

table 4 : explain SELECT k FROM sbtest4 WHERE k BETWEEN 6253428 AND 6253528
	Index Only Scan using k_4 on sbtest4  (cost=0.43..6.66 rows=111 width=4)
	  Index Cond: ((k >= 6253428) AND (k <= 6253528))

table 5 : explain SELECT k FROM sbtest5 WHERE k BETWEEN 6253428 AND 6253528
	Index Only Scan using k_5 on sbtest5  (cost=0.43..6.40 rows=98 width=4)
	  Index Cond: ((k >= 6253428) AND (k <= 6253528))

table 6 : explain SELECT k FROM sbtest6 WHERE k BETWEEN 6253428 AND 6253528
	Index Only Scan using k_6 on sbtest6  (cost=0.43..6.29 rows=93 width=4)
	  Index Cond: ((k >= 6253428) AND (k <= 6253528))

table 7 : explain SELECT k FROM sbtest7 WHERE k BETWEEN 6253428 AND 6253528
	Index Only Scan using k_7 on sbtest7  (cost=0.43..6.58 rows=107 width=4)
	  Index Cond: ((k >= 6253428) AND (k <= 6253528))

table 8 : explain SELECT k FROM sbtest8 WHERE k BETWEEN 6253428 AND 6253528
	Index Only Scan using k_8 on sbtest8  (cost=0.43..6.33 rows=95 width=4)
	  Index Cond: ((k >= 6253428) AND (k <= 6253528))

explain: for range-covered :: explain SELECT k FROM sbtest%d WHERE k BETWEEN 876922 AND 877022
for range-covered
table 1 : explain SELECT k FROM sbtest1 WHERE k BETWEEN 1506699 AND 1506799
	Index Only Scan using k_1 on sbtest1  (cost=0.43..6.51 rows=104 width=4)
	  Index Cond: ((k >= 1506699) AND (k <= 1506799))

table 2 : explain SELECT k FROM sbtest2 WHERE k BETWEEN 1506699 AND 1506799
	Index Only Scan using k_2 on sbtest2  (cost=0.43..6.59 rows=108 width=4)
	  Index Cond: ((k >= 1506699) AND (k <= 1506799))

table 3 : explain SELECT k FROM sbtest3 WHERE k BETWEEN 1506699 AND 1506799
	Index Only Scan using k_3 on sbtest3  (cost=0.43..6.61 rows=109 width=4)
	  Index Cond: ((k >= 1506699) AND (k <= 1506799))

table 4 : explain SELECT k FROM sbtest4 WHERE k BETWEEN 1506699 AND 1506799
	Index Only Scan using k_4 on sbtest4  (cost=0.43..6.37 rows=97 width=4)
	  Index Cond: ((k >= 1506699) AND (k <= 1506799))

table 5 : explain SELECT k FROM sbtest5 WHERE k BETWEEN 1506699 AND 1506799
	Index Only Scan using k_5 on sbtest5  (cost=0.43..6.27 rows=92 width=4)
	  Index Cond: ((k >= 1506699) AND (k <= 1506799))

table 6 : explain SELECT k FROM sbtest6 WHERE k BETWEEN 1506699 AND 1506799
	Index Only Scan using k_6 on sbtest6  (cost=0.43..6.24 rows=90 width=4)
	  Index Cond: ((k >= 1506699) AND (k <= 1506799))

table 7 : explain SELECT k FROM sbtest7 WHERE k BETWEEN 1506699 AND 1506799
	Index Only Scan using k_7 on sbtest7  (cost=0.43..6.51 rows=104 width=4)
	  Index Cond: ((k >= 1506699) AND (k <= 1506799))

table 8 : explain SELECT k FROM sbtest8 WHERE k BETWEEN 1506699 AND 1506799
	Index Only Scan using k_8 on sbtest8  (cost=0.43..6.50 rows=103 width=4)
	  Index Cond: ((k >= 1506699) AND (k <= 1506799))
explain: for range-covered :: explain SELECT k FROM sbtest%d WHERE k BETWEEN 6253428 AND 6253528

explain: for range-covered :: explain SELECT k FROM sbtest%d WHERE k BETWEEN 1506699 AND 1506799
explain: for range-covered :: explain SELECT k FROM sbtest%d WHERE k BETWEEN 6930558 AND 6930658
for range-covered
table 1 : explain SELECT k FROM sbtest1 WHERE k BETWEEN 6253428 AND 6253528
	Index Only Scan using k_1 on sbtest1  (cost=0.43..6.43 rows=100 width=4)
	  Index Cond: ((k >= 6253428) AND (k <= 6253528))

table 2 : explain SELECT k FROM sbtest2 WHERE k BETWEEN 6253428 AND 6253528
	Index Only Scan using k_2 on sbtest2  (cost=0.43..6.45 rows=101 width=4)
	  Index Cond: ((k >= 6253428) AND (k <= 6253528))

table 3 : explain SELECT k FROM sbtest3 WHERE k BETWEEN 6253428 AND 6253528
	Index Only Scan using k_3 on sbtest3  (cost=0.43..6.56 rows=106 width=4)
	  Index Cond: ((k >= 6253428) AND (k <= 6253528))

table 4 : explain SELECT k FROM sbtest4 WHERE k BETWEEN 6253428 AND 6253528
	Index Only Scan using k_4 on sbtest4  (cost=0.43..6.66 rows=111 width=4)
	  Index Cond: ((k >= 6253428) AND (k <= 6253528))

table 5 : explain SELECT k FROM sbtest5 WHERE k BETWEEN 6253428 AND 6253528
	Index Only Scan using k_5 on sbtest5  (cost=0.43..6.40 rows=98 width=4)
	  Index Cond: ((k >= 6253428) AND (k <= 6253528))

table 6 : explain SELECT k FROM sbtest6 WHERE k BETWEEN 6253428 AND 6253528
	Index Only Scan using k_6 on sbtest6  (cost=0.43..6.29 rows=93 width=4)
	  Index Cond: ((k >= 6253428) AND (k <= 6253528))

table 7 : explain SELECT k FROM sbtest7 WHERE k BETWEEN 6253428 AND 6253528
	Index Only Scan using k_7 on sbtest7  (cost=0.43..6.58 rows=107 width=4)
	  Index Cond: ((k >= 6253428) AND (k <= 6253528))

table 8 : explain SELECT k FROM sbtest8 WHERE k BETWEEN 6253428 AND 6253528
	Index Only Scan using k_8 on sbtest8  (cost=0.43..6.33 rows=95 width=4)
	  Index Cond: ((k >= 6253428) AND (k <= 6253528))

explain: for range-covered :: explain SELECT k FROM sbtest%d WHERE k BETWEEN 6253428 AND 6253528
for range-covered
table 1 : explain SELECT k FROM sbtest1 WHERE k BETWEEN 876922 AND 877022
	Index Only Scan using k_1 on sbtest1  (cost=0.43..6.50 rows=103 width=4)
	  Index Cond: ((k >= 876922) AND (k <= 877022))

table 2 : explain SELECT k FROM sbtest2 WHERE k BETWEEN 876922 AND 877022
	Index Only Scan using k_2 on sbtest2  (cost=0.43..6.32 rows=94 width=4)
	  Index Cond: ((k >= 876922) AND (k <= 877022))

table 3 : explain SELECT k FROM sbtest3 WHERE k BETWEEN 876922 AND 877022
	Index Only Scan using k_3 on sbtest3  (cost=0.43..6.61 rows=109 width=4)
	  Index Cond: ((k >= 876922) AND (k <= 877022))

table 4 : explain SELECT k FROM sbtest4 WHERE k BETWEEN 876922 AND 877022
	Index Only Scan using k_4 on sbtest4  (cost=0.43..6.37 rows=97 width=4)
	  Index Cond: ((k >= 876922) AND (k <= 877022))

table 5 : explain SELECT k FROM sbtest5 WHERE k BETWEEN 876922 AND 877022
	Index Only Scan using k_5 on sbtest5  (cost=0.43..6.35 rows=96 width=4)
	  Index Cond: ((k >= 876922) AND (k <= 877022))

table 6 : explain SELECT k FROM sbtest6 WHERE k BETWEEN 876922 AND 877022
	Index Only Scan using k_6 on sbtest6  (cost=0.43..6.43 rows=100 width=4)
	  Index Cond: ((k >= 876922) AND (k <= 877022))

table 7 : explain SELECT k FROM sbtest7 WHERE k BETWEEN 876922 AND 877022
	Index Only Scan using k_7 on sbtest7  (cost=0.43..6.43 rows=100 width=4)
	  Index Cond: ((k >= 876922) AND (k <= 877022))

table 8 : explain SELECT k FROM sbtest8 WHERE k BETWEEN 876922 AND 877022
	Index Only Scan using k_8 on sbtest8  (cost=0.43..6.47 rows=102 width=4)
	  Index Cond: ((k >= 876922) AND (k <= 877022))

explain: for range-covered :: explain SELECT k FROM sbtest%d WHERE k BETWEEN 4111089 AND 4111189
for range-covered
table 1 : explain SELECT k FROM sbtest1 WHERE k BETWEEN 7515693 AND 7515793
	Index Only Scan using k_1 on sbtest1  (cost=0.43..6.51 rows=104 width=4)
	  Index Cond: ((k >= 7515693) AND (k <= 7515793))

table 2 : explain SELECT k FROM sbtest2 WHERE k BETWEEN 7515693 AND 7515793
	Index Only Scan using k_2 on sbtest2  (cost=0.43..6.67 rows=112 width=4)
	  Index Cond: ((k >= 7515693) AND (k <= 7515793))

table 3 : explain SELECT k FROM sbtest3 WHERE k BETWEEN 7515693 AND 7515793
	Index Only Scan using k_3 on sbtest3  (cost=0.43..6.43 rows=100 width=4)
	  Index Cond: ((k >= 7515693) AND (k <= 7515793))

table 4 : explain SELECT k FROM sbtest4 WHERE k BETWEEN 7515693 AND 7515793
	Index Only Scan using k_4 on sbtest4  (cost=0.43..6.40 rows=98 width=4)
	  Index Cond: ((k >= 7515693) AND (k <= 7515793))

table 5 : explain SELECT k FROM sbtest5 WHERE k BETWEEN 7515693 AND 7515793
	Index Only Scan using k_5 on sbtest5  (cost=0.43..6.17 rows=87 width=4)
	  Index Cond: ((k >= 7515693) AND (k <= 7515793))

table 6 : explain SELECT k FROM sbtest6 WHERE k BETWEEN 7515693 AND 7515793
	Index Only Scan using k_6 on sbtest6  (cost=0.43..6.51 rows=104 width=4)
	  Index Cond: ((k >= 7515693) AND (k <= 7515793))

table 7 : explain SELECT k FROM sbtest7 WHERE k BETWEEN 7515693 AND 7515793
	Index Only Scan using k_7 on sbtest7  (cost=0.43..6.33 rows=95 width=4)
	  Index Cond: ((k >= 7515693) AND (k <= 7515793))

table 8 : explain SELECT k FROM sbtest8 WHERE k BETWEEN 7515693 AND 7515793
	Index Only Scan using k_8 on sbtest8  (cost=0.43..6.33 rows=95 width=4)
	  Index Cond: ((k >= 7515693) AND (k <= 7515793))

for range-covered
table 1 : explain SELECT k FROM sbtest1 WHERE k BETWEEN 1506699 AND 1506799
	Index Only Scan using k_1 on sbtest1  (cost=0.43..6.51 rows=104 width=4)
	  Index Cond: ((k >= 1506699) AND (k <= 1506799))

table 2 : explain SELECT k FROM sbtest2 WHERE k BETWEEN 1506699 AND 1506799
	Index Only Scan using k_2 on sbtest2  (cost=0.43..6.59 rows=108 width=4)
	  Index Cond: ((k >= 1506699) AND (k <= 1506799))

table 3 : explain SELECT k FROM sbtest3 WHERE k BETWEEN 1506699 AND 1506799
	Index Only Scan using k_3 on sbtest3  (cost=0.43..6.61 rows=109 width=4)
	  Index Cond: ((k >= 1506699) AND (k <= 1506799))

table 4 : explain SELECT k FROM sbtest4 WHERE k BETWEEN 1506699 AND 1506799
	Index Only Scan using k_4 on sbtest4  (cost=0.43..6.37 rows=97 width=4)
	  Index Cond: ((k >= 1506699) AND (k <= 1506799))

table 5 : explain SELECT k FROM sbtest5 WHERE k BETWEEN 1506699 AND 1506799
	Index Only Scan using k_5 on sbtest5  (cost=0.43..6.27 rows=92 width=4)
	  Index Cond: ((k >= 1506699) AND (k <= 1506799))

table 6 : explain SELECT k FROM sbtest6 WHERE k BETWEEN 1506699 AND 1506799
	Index Only Scan using k_6 on sbtest6  (cost=0.43..6.24 rows=90 width=4)
	  Index Cond: ((k >= 1506699) AND (k <= 1506799))

table 7 : explain SELECT k FROM sbtest7 WHERE k BETWEEN 1506699 AND 1506799
	Index Only Scan using k_7 on sbtest7  (cost=0.43..6.51 rows=104 width=4)
	  Index Cond: ((k >= 1506699) AND (k <= 1506799))

table 8 : explain SELECT k FROM sbtest8 WHERE k BETWEEN 1506699 AND 1506799
	Index Only Scan using k_8 on sbtest8  (cost=0.43..6.50 rows=103 width=4)
	  Index Cond: ((k >= 1506699) AND (k <= 1506799))

explain: for range-covered :: explain SELECT k FROM sbtest%d WHERE k BETWEEN 1506699 AND 1506799
for range-covered
table 1 : explain SELECT k FROM sbtest1 WHERE k BETWEEN 6253428 AND 6253528
	Index Only Scan using k_1 on sbtest1  (cost=0.43..6.43 rows=100 width=4)
	  Index Cond: ((k >= 6253428) AND (k <= 6253528))

table 2 : explain SELECT k FROM sbtest2 WHERE k BETWEEN 6253428 AND 6253528
	Index Only Scan using k_2 on sbtest2  (cost=0.43..6.45 rows=101 width=4)
	  Index Cond: ((k >= 6253428) AND (k <= 6253528))

table 3 : explain SELECT k FROM sbtest3 WHERE k BETWEEN 6253428 AND 6253528
	Index Only Scan using k_3 on sbtest3  (cost=0.43..6.56 rows=106 width=4)
	  Index Cond: ((k >= 6253428) AND (k <= 6253528))

table 4 : explain SELECT k FROM sbtest4 WHERE k BETWEEN 6253428 AND 6253528
	Index Only Scan using k_4 on sbtest4  (cost=0.43..6.66 rows=111 width=4)
	  Index Cond: ((k >= 6253428) AND (k <= 6253528))

table 5 : explain SELECT k FROM sbtest5 WHERE k BETWEEN 6253428 AND 6253528
	Index Only Scan using k_5 on sbtest5  (cost=0.43..6.40 rows=98 width=4)
	  Index Cond: ((k >= 6253428) AND (k <= 6253528))

table 6 : explain SELECT k FROM sbtest6 WHERE k BETWEEN 6253428 AND 6253528
	Index Only Scan using k_6 on sbtest6  (cost=0.43..6.29 rows=93 width=4)
	  Index Cond: ((k >= 6253428) AND (k <= 6253528))

table 7 : explain SELECT k FROM sbtest7 WHERE k BETWEEN 6253428 AND 6253528
	Index Only Scan using k_7 on sbtest7  (cost=0.43..6.58 rows=107 width=4)
	  Index Cond: ((k >= 6253428) AND (k <= 6253528))

table 8 : explain SELECT k FROM sbtest8 WHERE k BETWEEN 6253428 AND 6253528
	Index Only Scan using k_8 on sbtest8  (cost=0.43..6.33 rows=95 width=4)
	  Index Cond: ((k >= 6253428) AND (k <= 6253528))

for range-covered
table 1 : explain SELECT k FROM sbtest1 WHERE k BETWEEN 1506699 AND 1506799
	Index Only Scan using k_1 on sbtest1  (cost=0.43..6.51 rows=104 width=4)
	  Index Cond: ((k >= 1506699) AND (k <= 1506799))

table 2 : explain SELECT k FROM sbtest2 WHERE k BETWEEN 1506699 AND 1506799
	Index Only Scan using k_2 on sbtest2  (cost=0.43..6.59 rows=108 width=4)
	  Index Cond: ((k >= 1506699) AND (k <= 1506799))

table 3 : explain SELECT k FROM sbtest3 WHERE k BETWEEN 1506699 AND 1506799
	Index Only Scan using k_3 on sbtest3  (cost=0.43..6.61 rows=109 width=4)
	  Index Cond: ((k >= 1506699) AND (k <= 1506799))

table 4 : explain SELECT k FROM sbtest4 WHERE k BETWEEN 1506699 AND 1506799
	Index Only Scan using k_4 on sbtest4  (cost=0.43..6.37 rows=97 width=4)
	  Index Cond: ((k >= 1506699) AND (k <= 1506799))

table 5 : explain SELECT k FROM sbtest5 WHERE k BETWEEN 1506699 AND 1506799
	Index Only Scan using k_5 on sbtest5  (cost=0.43..6.27 rows=92 width=4)
	  Index Cond: ((k >= 1506699) AND (k <= 1506799))

table 6 : explain SELECT k FROM sbtest6 WHERE k BETWEEN 1506699 AND 1506799
	Index Only Scan using k_6 on sbtest6  (cost=0.43..6.24 rows=90 width=4)
	  Index Cond: ((k >= 1506699) AND (k <= 1506799))

table 7 : explain SELECT k FROM sbtest7 WHERE k BETWEEN 1506699 AND 1506799
	Index Only Scan using k_7 on sbtest7  (cost=0.43..6.51 rows=104 width=4)
	  Index Cond: ((k >= 1506699) AND (k <= 1506799))

table 8 : explain SELECT k FROM sbtest8 WHERE k BETWEEN 1506699 AND 1506799
	Index Only Scan using k_8 on sbtest8  (cost=0.43..6.50 rows=103 width=4)
	  Index Cond: ((k >= 1506699) AND (k <= 1506799))

explain: for range-covered :: explain SELECT k FROM sbtest%d WHERE k BETWEEN 1506699 AND 1506799
explain: for range-covered :: explain SELECT k FROM sbtest%d WHERE k BETWEEN 7515693 AND 7515793
for range-covered
table 1 : explain SELECT k FROM sbtest1 WHERE k BETWEEN 5200351 AND 5200451
	Index Only Scan using k_1 on sbtest1  (cost=0.43..6.66 rows=111 width=4)
	  Index Cond: ((k >= 5200351) AND (k <= 5200451))

table 2 : explain SELECT k FROM sbtest2 WHERE k BETWEEN 5200351 AND 5200451
	Index Only Scan using k_2 on sbtest2  (cost=0.43..6.37 rows=97 width=4)
	  Index Cond: ((k >= 5200351) AND (k <= 5200451))

table 3 : explain SELECT k FROM sbtest3 WHERE k BETWEEN 5200351 AND 5200451
	Index Only Scan using k_3 on sbtest3  (cost=0.43..6.29 rows=93 width=4)
	  Index Cond: ((k >= 5200351) AND (k <= 5200451))

table 4 : explain SELECT k FROM sbtest4 WHERE k BETWEEN 5200351 AND 5200451
	Index Only Scan using k_4 on sbtest4  (cost=0.43..6.47 rows=102 width=4)
	  Index Cond: ((k >= 5200351) AND (k <= 5200451))

table 5 : explain SELECT k FROM sbtest5 WHERE k BETWEEN 5200351 AND 5200451
	Index Only Scan using k_5 on sbtest5  (cost=0.43..6.51 rows=104 width=4)
	  Index Cond: ((k >= 5200351) AND (k <= 5200451))

table 6 : explain SELECT k FROM sbtest6 WHERE k BETWEEN 5200351 AND 5200451
	Index Only Scan using k_6 on sbtest6  (cost=0.43..6.59 rows=108 width=4)
	  Index Cond: ((k >= 5200351) AND (k <= 5200451))

table 7 : explain SELECT k FROM sbtest7 WHERE k BETWEEN 5200351 AND 5200451
	Index Only Scan using k_7 on sbtest7  (cost=0.43..6.51 rows=104 width=4)
	  Index Cond: ((k >= 5200351) AND (k <= 5200451))

table 8 : explain SELECT k FROM sbtest8 WHERE k BETWEEN 5200351 AND 5200451
	Index Only Scan using k_8 on sbtest8  (cost=0.43..6.33 rows=95 width=4)
	  Index Cond: ((k >= 5200351) AND (k <= 5200451))

explain: for range-covered :: explain SELECT k FROM sbtest%d WHERE k BETWEEN 5200351 AND 5200451
for range-covered
table 1 : explain SELECT k FROM sbtest1 WHERE k BETWEEN 1506699 AND 1506799
	Index Only Scan using k_1 on sbtest1  (cost=0.43..6.51 rows=104 width=4)
	  Index Cond: ((k >= 1506699) AND (k <= 1506799))

table 2 : explain SELECT k FROM sbtest2 WHERE k BETWEEN 1506699 AND 1506799
	Index Only Scan using k_2 on sbtest2  (cost=0.43..6.59 rows=108 width=4)
	  Index Cond: ((k >= 1506699) AND (k <= 1506799))

table 3 : explain SELECT k FROM sbtest3 WHERE k BETWEEN 1506699 AND 1506799
	Index Only Scan using k_3 on sbtest3  (cost=0.43..6.61 rows=109 width=4)
	  Index Cond: ((k >= 1506699) AND (k <= 1506799))

table 4 : explain SELECT k FROM sbtest4 WHERE k BETWEEN 1506699 AND 1506799
	Index Only Scan using k_4 on sbtest4  (cost=0.43..6.37 rows=97 width=4)
	  Index Cond: ((k >= 1506699) AND (k <= 1506799))

table 5 : explain SELECT k FROM sbtest5 WHERE k BETWEEN 1506699 AND 1506799
	Index Only Scan using k_5 on sbtest5  (cost=0.43..6.27 rows=92 width=4)
	  Index Cond: ((k >= 1506699) AND (k <= 1506799))

table 6 : explain SELECT k FROM sbtest6 WHERE k BETWEEN 1506699 AND 1506799
	Index Only Scan using k_6 on sbtest6  (cost=0.43..6.24 rows=90 width=4)
	  Index Cond: ((k >= 1506699) AND (k <= 1506799))

table 7 : explain SELECT k FROM sbtest7 WHERE k BETWEEN 1506699 AND 1506799
	Index Only Scan using k_7 on sbtest7  (cost=0.43..6.51 rows=104 width=4)
	  Index Cond: ((k >= 1506699) AND (k <= 1506799))

table 8 : explain SELECT k FROM sbtest8 WHERE k BETWEEN 1506699 AND 1506799
	Index Only Scan using k_8 on sbtest8  (cost=0.43..6.50 rows=103 width=4)
	  Index Cond: ((k >= 1506699) AND (k <= 1506799))

explain: for range-covered :: explain SELECT k FROM sbtest%d WHERE k BETWEEN 1506699 AND 1506799
explain: for range-covered :: explain SELECT k FROM sbtest%d WHERE k BETWEEN 5069733 AND 5069833
for range-covered
table 1 : explain SELECT k FROM sbtest1 WHERE k BETWEEN 7515693 AND 7515793
	Index Only Scan using k_1 on sbtest1  (cost=0.43..6.51 rows=104 width=4)
	  Index Cond: ((k >= 7515693) AND (k <= 7515793))

table 2 : explain SELECT k FROM sbtest2 WHERE k BETWEEN 7515693 AND 7515793
	Index Only Scan using k_2 on sbtest2  (cost=0.43..6.67 rows=112 width=4)
	  Index Cond: ((k >= 7515693) AND (k <= 7515793))

table 3 : explain SELECT k FROM sbtest3 WHERE k BETWEEN 7515693 AND 7515793
	Index Only Scan using k_3 on sbtest3  (cost=0.43..6.43 rows=100 width=4)
	  Index Cond: ((k >= 7515693) AND (k <= 7515793))

table 4 : explain SELECT k FROM sbtest4 WHERE k BETWEEN 7515693 AND 7515793
	Index Only Scan using k_4 on sbtest4  (cost=0.43..6.40 rows=98 width=4)
	  Index Cond: ((k >= 7515693) AND (k <= 7515793))

table 5 : explain SELECT k FROM sbtest5 WHERE k BETWEEN 7515693 AND 7515793
	Index Only Scan using k_5 on sbtest5  (cost=0.43..6.17 rows=87 width=4)
	  Index Cond: ((k >= 7515693) AND (k <= 7515793))

table 6 : explain SELECT k FROM sbtest6 WHERE k BETWEEN 7515693 AND 7515793
	Index Only Scan using k_6 on sbtest6  (cost=0.43..6.51 rows=104 width=4)
	  Index Cond: ((k >= 7515693) AND (k <= 7515793))

table 7 : explain SELECT k FROM sbtest7 WHERE k BETWEEN 7515693 AND 7515793
	Index Only Scan using k_7 on sbtest7  (cost=0.43..6.33 rows=95 width=4)
	  Index Cond: ((k >= 7515693) AND (k <= 7515793))

table 8 : explain SELECT k FROM sbtest8 WHERE k BETWEEN 7515693 AND 7515793
	Index Only Scan using k_8 on sbtest8  (cost=0.43..6.33 rows=95 width=4)
	  Index Cond: ((k >= 7515693) AND (k <= 7515793))

for range-covered
table 1 : explain SELECT k FROM sbtest1 WHERE k BETWEEN 5200351 AND 5200451
	Index Only Scan using k_1 on sbtest1  (cost=0.43..6.66 rows=111 width=4)
	  Index Cond: ((k >= 5200351) AND (k <= 5200451))

table 2 : explain SELECT k FROM sbtest2 WHERE k BETWEEN 5200351 AND 5200451
	Index Only Scan using k_2 on sbtest2  (cost=0.43..6.37 rows=97 width=4)
	  Index Cond: ((k >= 5200351) AND (k <= 5200451))

table 3 : explain SELECT k FROM sbtest3 WHERE k BETWEEN 5200351 AND 5200451
	Index Only Scan using k_3 on sbtest3  (cost=0.43..6.29 rows=93 width=4)
	  Index Cond: ((k >= 5200351) AND (k <= 5200451))

table 4 : explain SELECT k FROM sbtest4 WHERE k BETWEEN 5200351 AND 5200451
	Index Only Scan using k_4 on sbtest4  (cost=0.43..6.47 rows=102 width=4)
	  Index Cond: ((k >= 5200351) AND (k <= 5200451))

table 5 : explain SELECT k FROM sbtest5 WHERE k BETWEEN 5200351 AND 5200451
	Index Only Scan using k_5 on sbtest5  (cost=0.43..6.51 rows=104 width=4)
	  Index Cond: ((k >= 5200351) AND (k <= 5200451))

table 6 : explain SELECT k FROM sbtest6 WHERE k BETWEEN 5200351 AND 5200451
	Index Only Scan using k_6 on sbtest6  (cost=0.43..6.59 rows=108 width=4)
	  Index Cond: ((k >= 5200351) AND (k <= 5200451))

table 7 : explain SELECT k FROM sbtest7 WHERE k BETWEEN 5200351 AND 5200451
	Index Only Scan using k_7 on sbtest7  (cost=0.43..6.51 rows=104 width=4)
	  Index Cond: ((k >= 5200351) AND (k <= 5200451))

table 8 : explain SELECT k FROM sbtest8 WHERE k BETWEEN 5200351 AND 5200451
	Index Only Scan using k_8 on sbtest8  (cost=0.43..6.33 rows=95 width=4)
	  Index Cond: ((k >= 5200351) AND (k <= 5200451))

explain: for range-covered :: explain SELECT k FROM sbtest%d WHERE k BETWEEN 7515693 AND 7515793
explain: for range-covered :: explain SELECT k FROM sbtest%d WHERE k BETWEEN 5200351 AND 5200451
for range-covered
table 1 : explain SELECT k FROM sbtest1 WHERE k BETWEEN 4005830 AND 4005930
	Index Only Scan using k_1 on sbtest1  (cost=0.43..6.45 rows=101 width=4)
	  Index Cond: ((k >= 4005830) AND (k <= 4005930))

table 2 : explain SELECT k FROM sbtest2 WHERE k BETWEEN 4005830 AND 4005930
	Index Only Scan using k_2 on sbtest2  (cost=0.43..6.25 rows=91 width=4)
	  Index Cond: ((k >= 4005830) AND (k <= 4005930))

table 3 : explain SELECT k FROM sbtest3 WHERE k BETWEEN 4005830 AND 4005930
	Index Only Scan using k_3 on sbtest3  (cost=0.43..6.63 rows=110 width=4)
	  Index Cond: ((k >= 4005830) AND (k <= 4005930))

table 4 : explain SELECT k FROM sbtest4 WHERE k BETWEEN 4005830 AND 4005930
	Index Only Scan using k_4 on sbtest4  (cost=0.43..6.53 rows=105 width=4)
	  Index Cond: ((k >= 4005830) AND (k <= 4005930))

table 5 : explain SELECT k FROM sbtest5 WHERE k BETWEEN 4005830 AND 4005930
	Index Only Scan using k_5 on sbtest5  (cost=0.43..6.63 rows=110 width=4)
	  Index Cond: ((k >= 4005830) AND (k <= 4005930))

table 6 : explain SELECT k FROM sbtest6 WHERE k BETWEEN 4005830 AND 4005930
	Index Only Scan using k_6 on sbtest6  (cost=0.43..6.47 rows=102 width=4)
	  Index Cond: ((k >= 4005830) AND (k <= 4005930))

table 7 : explain SELECT k FROM sbtest7 WHERE k BETWEEN 4005830 AND 4005930
	Index Only Scan using k_7 on sbtest7  (cost=0.43..6.61 rows=109 width=4)
	  Index Cond: ((k >= 4005830) AND (k <= 4005930))

table 8 : explain SELECT k FROM sbtest8 WHERE k BETWEEN 4005830 AND 4005930
	Index Only Scan using k_8 on sbtest8  (cost=0.43..6.50 rows=103 width=4)
	  Index Cond: ((k >= 4005830) AND (k <= 4005930))

for range-covered
table 1 : explain SELECT k FROM sbtest1 WHERE k BETWEEN 6930558 AND 6930658
	Index Only Scan using k_1 on sbtest1  (cost=0.43..6.43 rows=100 width=4)
	  Index Cond: ((k >= 6930558) AND (k <= 6930658))

table 2 : explain SELECT k FROM sbtest2 WHERE k BETWEEN 6930558 AND 6930658
	Index Only Scan using k_2 on sbtest2  (cost=0.43..6.59 rows=108 width=4)
	  Index Cond: ((k >= 6930558) AND (k <= 6930658))

table 3 : explain SELECT k FROM sbtest3 WHERE k BETWEEN 6930558 AND 6930658
	Index Only Scan using k_3 on sbtest3  (cost=0.43..6.43 rows=100 width=4)
	  Index Cond: ((k >= 6930558) AND (k <= 6930658))

table 4 : explain SELECT k FROM sbtest4 WHERE k BETWEEN 6930558 AND 6930658
	Index Only Scan using k_4 on sbtest4  (cost=0.43..6.42 rows=99 width=4)
	  Index Cond: ((k >= 6930558) AND (k <= 6930658))

table 5 : explain SELECT k FROM sbtest5 WHERE k BETWEEN 6930558 AND 6930658
	Index Only Scan using k_5 on sbtest5  (cost=0.43..6.43 rows=100 width=4)
	  Index Cond: ((k >= 6930558) AND (k <= 6930658))

table 6 : explain SELECT k FROM sbtest6 WHERE k BETWEEN 6930558 AND 6930658
	Index Only Scan using k_6 on sbtest6  (cost=0.43..6.29 rows=93 width=4)
	  Index Cond: ((k >= 6930558) AND (k <= 6930658))

table 7 : explain SELECT k FROM sbtest7 WHERE k BETWEEN 6930558 AND 6930658
	Index Only Scan using k_7 on sbtest7  (cost=0.43..6.51 rows=104 width=4)
	  Index Cond: ((k >= 6930558) AND (k <= 6930658))

table 8 : explain SELECT k FROM sbtest8 WHERE k BETWEEN 6930558 AND 6930658
	Index Only Scan using k_8 on sbtest8  (cost=0.43..6.50 rows=103 width=4)
	  Index Cond: ((k >= 6930558) AND (k <= 6930658))

for range-covered
table 1 : explain SELECT k FROM sbtest1 WHERE k BETWEEN 1506699 AND 1506799
	Index Only Scan using k_1 on sbtest1  (cost=0.43..6.51 rows=104 width=4)
	  Index Cond: ((k >= 1506699) AND (k <= 1506799))

table 2 : explain SELECT k FROM sbtest2 WHERE k BETWEEN 1506699 AND 1506799
	Index Only Scan using k_2 on sbtest2  (cost=0.43..6.59 rows=108 width=4)
	  Index Cond: ((k >= 1506699) AND (k <= 1506799))

table 3 : explain SELECT k FROM sbtest3 WHERE k BETWEEN 1506699 AND 1506799
	Index Only Scan using k_3 on sbtest3  (cost=0.43..6.61 rows=109 width=4)
	  Index Cond: ((k >= 1506699) AND (k <= 1506799))

table 4 : explain SELECT k FROM sbtest4 WHERE k BETWEEN 1506699 AND 1506799
	Index Only Scan using k_4 on sbtest4  (cost=0.43..6.37 rows=97 width=4)
	  Index Cond: ((k >= 1506699) AND (k <= 1506799))

table 5 : explain SELECT k FROM sbtest5 WHERE k BETWEEN 1506699 AND 1506799
	Index Only Scan using k_5 on sbtest5  (cost=0.43..6.27 rows=92 width=4)
	  Index Cond: ((k >= 1506699) AND (k <= 1506799))

table 6 : explain SELECT k FROM sbtest6 WHERE k BETWEEN 1506699 AND 1506799
	Index Only Scan using k_6 on sbtest6  (cost=0.43..6.24 rows=90 width=4)
	  Index Cond: ((k >= 1506699) AND (k <= 1506799))

table 7 : explain SELECT k FROM sbtest7 WHERE k BETWEEN 1506699 AND 1506799
	Index Only Scan using k_7 on sbtest7  (cost=0.43..6.51 rows=104 width=4)
	  Index Cond: ((k >= 1506699) AND (k <= 1506799))

table 8 : explain SELECT k FROM sbtest8 WHERE k BETWEEN 1506699 AND 1506799
	Index Only Scan using k_8 on sbtest8  (cost=0.43..6.50 rows=103 width=4)
	  Index Cond: ((k >= 1506699) AND (k <= 1506799))

explain: for range-covered :: explain SELECT k FROM sbtest%d WHERE k BETWEEN 6930558 AND 6930658
explain: for range-covered :: explain SELECT k FROM sbtest%d WHERE k BETWEEN 1506699 AND 1506799
for range-covered
table 1 : explain SELECT k FROM sbtest1 WHERE k BETWEEN 3142915 AND 3143015
	Index Only Scan using k_1 on sbtest1  (cost=0.43..6.56 rows=106 width=4)
	  Index Cond: ((k >= 3142915) AND (k <= 3143015))

table 2 : explain SELECT k FROM sbtest2 WHERE k BETWEEN 3142915 AND 3143015
	Index Only Scan using k_2 on sbtest2  (cost=0.43..6.51 rows=104 width=4)
	  Index Cond: ((k >= 3142915) AND (k <= 3143015))

table 3 : explain SELECT k FROM sbtest3 WHERE k BETWEEN 3142915 AND 3143015
	Index Only Scan using k_3 on sbtest3  (cost=0.43..6.47 rows=102 width=4)
	  Index Cond: ((k >= 3142915) AND (k <= 3143015))

table 4 : explain SELECT k FROM sbtest4 WHERE k BETWEEN 3142915 AND 3143015
	Index Only Scan using k_4 on sbtest4  (cost=0.43..6.61 rows=109 width=4)
	  Index Cond: ((k >= 3142915) AND (k <= 3143015))

table 5 : explain SELECT k FROM sbtest5 WHERE k BETWEEN 3142915 AND 3143015
	Index Only Scan using k_5 on sbtest5  (cost=0.43..6.72 rows=114 width=4)
	  Index Cond: ((k >= 3142915) AND (k <= 3143015))

table 6 : explain SELECT k FROM sbtest6 WHERE k BETWEEN 3142915 AND 3143015
	Index Only Scan using k_6 on sbtest6  (cost=0.43..6.33 rows=95 width=4)
	  Index Cond: ((k >= 3142915) AND (k <= 3143015))

table 7 : explain SELECT k FROM sbtest7 WHERE k BETWEEN 3142915 AND 3143015
	Index Only Scan using k_7 on sbtest7  (cost=0.43..6.33 rows=95 width=4)
	  Index Cond: ((k >= 3142915) AND (k <= 3143015))

table 8 : explain SELECT k FROM sbtest8 WHERE k BETWEEN 3142915 AND 3143015
	Index Only Scan using k_8 on sbtest8  (cost=0.43..6.43 rows=100 width=4)
	  Index Cond: ((k >= 3142915) AND (k <= 3143015))

for range-covered
table 1 : explain SELECT k FROM sbtest1 WHERE k BETWEEN 4111089 AND 4111189
	Index Only Scan using k_1 on sbtest1  (cost=0.43..6.40 rows=98 width=4)
	  Index Cond: ((k >= 4111089) AND (k <= 4111189))

table 2 : explain SELECT k FROM sbtest2 WHERE k BETWEEN 4111089 AND 4111189
	Index Only Scan using k_2 on sbtest2  (cost=0.43..6.53 rows=105 width=4)
	  Index Cond: ((k >= 4111089) AND (k <= 4111189))

table 3 : explain SELECT k FROM sbtest3 WHERE k BETWEEN 4111089 AND 4111189
	Index Only Scan using k_3 on sbtest3  (cost=0.43..6.45 rows=101 width=4)
	  Index Cond: ((k >= 4111089) AND (k <= 4111189))

table 4 : explain SELECT k FROM sbtest4 WHERE k BETWEEN 4111089 AND 4111189
	Index Only Scan using k_4 on sbtest4  (cost=0.43..6.35 rows=96 width=4)
	  Index Cond: ((k >= 4111089) AND (k <= 4111189))

table 5 : explain SELECT k FROM sbtest5 WHERE k BETWEEN 4111089 AND 4111189
	Index Only Scan using k_5 on sbtest5  (cost=0.43..6.58 rows=107 width=4)
	  Index Cond: ((k >= 4111089) AND (k <= 4111189))

table 6 : explain SELECT k FROM sbtest6 WHERE k BETWEEN 4111089 AND 4111189
	Index Only Scan using k_6 on sbtest6  (cost=0.43..6.40 rows=98 width=4)
	  Index Cond: ((k >= 4111089) AND (k <= 4111189))

table 7 : explain SELECT k FROM sbtest7 WHERE k BETWEEN 4111089 AND 4111189
	Index Only Scan using k_7 on sbtest7  (cost=0.43..6.50 rows=103 width=4)
	  Index Cond: ((k >= 4111089) AND (k <= 4111189))

table 8 : explain SELECT k FROM sbtest8 WHERE k BETWEEN 4111089 AND 4111189
	Index Only Scan using k_8 on sbtest8  (cost=0.43..6.43 rows=100 width=4)
	  Index Cond: ((k >= 4111089) AND (k <= 4111189))

explain: for range-covered :: explain SELECT k FROM sbtest%d WHERE k BETWEEN 4005830 AND 4005930
explain: for range-covered :: explain SELECT k FROM sbtest%d WHERE k BETWEEN 4111089 AND 4111189
explain: for range-covered :: explain SELECT k FROM sbtest%d WHERE k BETWEEN 3142915 AND 3143015
for range-covered
table 1 : explain SELECT k FROM sbtest1 WHERE k BETWEEN 7515693 AND 7515793
	Index Only Scan using k_1 on sbtest1  (cost=0.43..6.51 rows=104 width=4)
	  Index Cond: ((k >= 7515693) AND (k <= 7515793))

table 2 : explain SELECT k FROM sbtest2 WHERE k BETWEEN 7515693 AND 7515793
	Index Only Scan using k_2 on sbtest2  (cost=0.43..6.67 rows=112 width=4)
	  Index Cond: ((k >= 7515693) AND (k <= 7515793))

table 3 : explain SELECT k FROM sbtest3 WHERE k BETWEEN 7515693 AND 7515793
	Index Only Scan using k_3 on sbtest3  (cost=0.43..6.43 rows=100 width=4)
	  Index Cond: ((k >= 7515693) AND (k <= 7515793))

table 4 : explain SELECT k FROM sbtest4 WHERE k BETWEEN 7515693 AND 7515793
	Index Only Scan using k_4 on sbtest4  (cost=0.43..6.40 rows=98 width=4)
	  Index Cond: ((k >= 7515693) AND (k <= 7515793))

table 5 : explain SELECT k FROM sbtest5 WHERE k BETWEEN 7515693 AND 7515793
	Index Only Scan using k_5 on sbtest5  (cost=0.43..6.17 rows=87 width=4)
	  Index Cond: ((k >= 7515693) AND (k <= 7515793))

table 6 : explain SELECT k FROM sbtest6 WHERE k BETWEEN 7515693 AND 7515793
	Index Only Scan using k_6 on sbtest6  (cost=0.43..6.51 rows=104 width=4)
	  Index Cond: ((k >= 7515693) AND (k <= 7515793))

table 7 : explain SELECT k FROM sbtest7 WHERE k BETWEEN 7515693 AND 7515793
	Index Only Scan using k_7 on sbtest7  (cost=0.43..6.33 rows=95 width=4)
	  Index Cond: ((k >= 7515693) AND (k <= 7515793))

table 8 : explain SELECT k FROM sbtest8 WHERE k BETWEEN 7515693 AND 7515793
	Index Only Scan using k_8 on sbtest8  (cost=0.43..6.33 rows=95 width=4)
	  Index Cond: ((k >= 7515693) AND (k <= 7515793))

for range-covered
table 1 : explain SELECT k FROM sbtest1 WHERE k BETWEEN 5200351 AND 5200451
	Index Only Scan using k_1 on sbtest1  (cost=0.43..6.66 rows=111 width=4)
	  Index Cond: ((k >= 5200351) AND (k <= 5200451))

table 2 : explain SELECT k FROM sbtest2 WHERE k BETWEEN 5200351 AND 5200451
	Index Only Scan using k_2 on sbtest2  (cost=0.43..6.37 rows=97 width=4)
	  Index Cond: ((k >= 5200351) AND (k <= 5200451))

table 3 : explain SELECT k FROM sbtest3 WHERE k BETWEEN 5200351 AND 5200451
	Index Only Scan using k_3 on sbtest3  (cost=0.43..6.29 rows=93 width=4)
	  Index Cond: ((k >= 5200351) AND (k <= 5200451))

table 4 : explain SELECT k FROM sbtest4 WHERE k BETWEEN 5200351 AND 5200451
	Index Only Scan using k_4 on sbtest4  (cost=0.43..6.47 rows=102 width=4)
	  Index Cond: ((k >= 5200351) AND (k <= 5200451))

table 5 : explain SELECT k FROM sbtest5 WHERE k BETWEEN 5200351 AND 5200451
	Index Only Scan using k_5 on sbtest5  (cost=0.43..6.51 rows=104 width=4)
	  Index Cond: ((k >= 5200351) AND (k <= 5200451))

table 6 : explain SELECT k FROM sbtest6 WHERE k BETWEEN 5200351 AND 5200451
	Index Only Scan using k_6 on sbtest6  (cost=0.43..6.59 rows=108 width=4)
	  Index Cond: ((k >= 5200351) AND (k <= 5200451))

table 7 : explain SELECT k FROM sbtest7 WHERE k BETWEEN 5200351 AND 5200451
	Index Only Scan using k_7 on sbtest7  (cost=0.43..6.51 rows=104 width=4)
	  Index Cond: ((k >= 5200351) AND (k <= 5200451))

table 8 : explain SELECT k FROM sbtest8 WHERE k BETWEEN 5200351 AND 5200451
	Index Only Scan using k_8 on sbtest8  (cost=0.43..6.33 rows=95 width=4)
	  Index Cond: ((k >= 5200351) AND (k <= 5200451))

explain: for range-covered :: explain SELECT k FROM sbtest%d WHERE k BETWEEN 7515693 AND 7515793
explain: for range-covered :: explain SELECT k FROM sbtest%d WHERE k BETWEEN 5200351 AND 5200451
for range-covered
table 1 : explain SELECT k FROM sbtest1 WHERE k BETWEEN 1506699 AND 1506799
	Index Only Scan using k_1 on sbtest1  (cost=0.43..6.51 rows=104 width=4)
	  Index Cond: ((k >= 1506699) AND (k <= 1506799))

table 2 : explain SELECT k FROM sbtest2 WHERE k BETWEEN 1506699 AND 1506799
	Index Only Scan using k_2 on sbtest2  (cost=0.43..6.59 rows=108 width=4)
	  Index Cond: ((k >= 1506699) AND (k <= 1506799))

table 3 : explain SELECT k FROM sbtest3 WHERE k BETWEEN 1506699 AND 1506799
	Index Only Scan using k_3 on sbtest3  (cost=0.43..6.61 rows=109 width=4)
	  Index Cond: ((k >= 1506699) AND (k <= 1506799))

table 4 : explain SELECT k FROM sbtest4 WHERE k BETWEEN 1506699 AND 1506799
	Index Only Scan using k_4 on sbtest4  (cost=0.43..6.37 rows=97 width=4)
	  Index Cond: ((k >= 1506699) AND (k <= 1506799))

table 5 : explain SELECT k FROM sbtest5 WHERE k BETWEEN 1506699 AND 1506799
	Index Only Scan using k_5 on sbtest5  (cost=0.43..6.27 rows=92 width=4)
	  Index Cond: ((k >= 1506699) AND (k <= 1506799))

table 6 : explain SELECT k FROM sbtest6 WHERE k BETWEEN 1506699 AND 1506799
	Index Only Scan using k_6 on sbtest6  (cost=0.43..6.24 rows=90 width=4)
	  Index Cond: ((k >= 1506699) AND (k <= 1506799))

table 7 : explain SELECT k FROM sbtest7 WHERE k BETWEEN 1506699 AND 1506799
	Index Only Scan using k_7 on sbtest7  (cost=0.43..6.51 rows=104 width=4)
	  Index Cond: ((k >= 1506699) AND (k <= 1506799))

table 8 : explain SELECT k FROM sbtest8 WHERE k BETWEEN 1506699 AND 1506799
	Index Only Scan using k_8 on sbtest8  (cost=0.43..6.50 rows=103 width=4)
	  Index Cond: ((k >= 1506699) AND (k <= 1506799))

for range-covered
table 1 : explain SELECT k FROM sbtest1 WHERE k BETWEEN 6930558 AND 6930658
	Index Only Scan using k_1 on sbtest1  (cost=0.43..6.43 rows=100 width=4)
	  Index Cond: ((k >= 6930558) AND (k <= 6930658))

table 2 : explain SELECT k FROM sbtest2 WHERE k BETWEEN 6930558 AND 6930658
	Index Only Scan using k_2 on sbtest2  (cost=0.43..6.59 rows=108 width=4)
	  Index Cond: ((k >= 6930558) AND (k <= 6930658))

table 3 : explain SELECT k FROM sbtest3 WHERE k BETWEEN 6930558 AND 6930658
	Index Only Scan using k_3 on sbtest3  (cost=0.43..6.43 rows=100 width=4)
	  Index Cond: ((k >= 6930558) AND (k <= 6930658))

table 4 : explain SELECT k FROM sbtest4 WHERE k BETWEEN 6930558 AND 6930658
	Index Only Scan using k_4 on sbtest4  (cost=0.43..6.42 rows=99 width=4)
	  Index Cond: ((k >= 6930558) AND (k <= 6930658))

table 5 : explain SELECT k FROM sbtest5 WHERE k BETWEEN 6930558 AND 6930658
	Index Only Scan using k_5 on sbtest5  (cost=0.43..6.43 rows=100 width=4)
	  Index Cond: ((k >= 6930558) AND (k <= 6930658))

table 6 : explain SELECT k FROM sbtest6 WHERE k BETWEEN 6930558 AND 6930658
	Index Only Scan using k_6 on sbtest6  (cost=0.43..6.29 rows=93 width=4)
	  Index Cond: ((k >= 6930558) AND (k <= 6930658))

table 7 : explain SELECT k FROM sbtest7 WHERE k BETWEEN 6930558 AND 6930658
	Index Only Scan using k_7 on sbtest7  (cost=0.43..6.51 rows=104 width=4)
	  Index Cond: ((k >= 6930558) AND (k <= 6930658))

table 8 : explain SELECT k FROM sbtest8 WHERE k BETWEEN 6930558 AND 6930658
	Index Only Scan using k_8 on sbtest8  (cost=0.43..6.50 rows=103 width=4)
	  Index Cond: ((k >= 6930558) AND (k <= 6930658))

explain: for range-covered :: explain SELECT k FROM sbtest%d WHERE k BETWEEN 1506699 AND 1506799
explain: for range-covered :: explain SELECT k FROM sbtest%d WHERE k BETWEEN 6930558 AND 6930658
for range-covered
table 1 : explain SELECT k FROM sbtest1 WHERE k BETWEEN 4111089 AND 4111189
	Index Only Scan using k_1 on sbtest1  (cost=0.43..6.40 rows=98 width=4)
	  Index Cond: ((k >= 4111089) AND (k <= 4111189))

table 2 : explain SELECT k FROM sbtest2 WHERE k BETWEEN 4111089 AND 4111189
	Index Only Scan using k_2 on sbtest2  (cost=0.43..6.53 rows=105 width=4)
	  Index Cond: ((k >= 4111089) AND (k <= 4111189))

table 3 : explain SELECT k FROM sbtest3 WHERE k BETWEEN 4111089 AND 4111189
	Index Only Scan using k_3 on sbtest3  (cost=0.43..6.45 rows=101 width=4)
	  Index Cond: ((k >= 4111089) AND (k <= 4111189))

table 4 : explain SELECT k FROM sbtest4 WHERE k BETWEEN 4111089 AND 4111189
	Index Only Scan using k_4 on sbtest4  (cost=0.43..6.35 rows=96 width=4)
	  Index Cond: ((k >= 4111089) AND (k <= 4111189))

table 5 : explain SELECT k FROM sbtest5 WHERE k BETWEEN 4111089 AND 4111189
	Index Only Scan using k_5 on sbtest5  (cost=0.43..6.58 rows=107 width=4)
	  Index Cond: ((k >= 4111089) AND (k <= 4111189))

table 6 : explain SELECT k FROM sbtest6 WHERE k BETWEEN 4111089 AND 4111189
	Index Only Scan using k_6 on sbtest6  (cost=0.43..6.40 rows=98 width=4)
	  Index Cond: ((k >= 4111089) AND (k <= 4111189))

table 7 : explain SELECT k FROM sbtest7 WHERE k BETWEEN 4111089 AND 4111189
	Index Only Scan using k_7 on sbtest7  (cost=0.43..6.50 rows=103 width=4)
	  Index Cond: ((k >= 4111089) AND (k <= 4111189))

table 8 : explain SELECT k FROM sbtest8 WHERE k BETWEEN 4111089 AND 4111189
	Index Only Scan using k_8 on sbtest8  (cost=0.43..6.43 rows=100 width=4)
	  Index Cond: ((k >= 4111089) AND (k <= 4111189))

explain: for range-covered :: explain SELECT k FROM sbtest%d WHERE k BETWEEN 4111089 AND 4111189
for range-covered
table 1 : explain SELECT k FROM sbtest1 WHERE k BETWEEN 7515693 AND 7515793
	Index Only Scan using k_1 on sbtest1  (cost=0.43..6.51 rows=104 width=4)
	  Index Cond: ((k >= 7515693) AND (k <= 7515793))

table 2 : explain SELECT k FROM sbtest2 WHERE k BETWEEN 7515693 AND 7515793
	Index Only Scan using k_2 on sbtest2  (cost=0.43..6.67 rows=112 width=4)
	  Index Cond: ((k >= 7515693) AND (k <= 7515793))

table 3 : explain SELECT k FROM sbtest3 WHERE k BETWEEN 7515693 AND 7515793
	Index Only Scan using k_3 on sbtest3  (cost=0.43..6.43 rows=100 width=4)
	  Index Cond: ((k >= 7515693) AND (k <= 7515793))

table 4 : explain SELECT k FROM sbtest4 WHERE k BETWEEN 7515693 AND 7515793
	Index Only Scan using k_4 on sbtest4  (cost=0.43..6.40 rows=98 width=4)
	  Index Cond: ((k >= 7515693) AND (k <= 7515793))

table 5 : explain SELECT k FROM sbtest5 WHERE k BETWEEN 7515693 AND 7515793
	Index Only Scan using k_5 on sbtest5  (cost=0.43..6.17 rows=87 width=4)
	  Index Cond: ((k >= 7515693) AND (k <= 7515793))

table 6 : explain SELECT k FROM sbtest6 WHERE k BETWEEN 7515693 AND 7515793
	Index Only Scan using k_6 on sbtest6  (cost=0.43..6.51 rows=104 width=4)
	  Index Cond: ((k >= 7515693) AND (k <= 7515793))

table 7 : explain SELECT k FROM sbtest7 WHERE k BETWEEN 7515693 AND 7515793
	Index Only Scan using k_7 on sbtest7  (cost=0.43..6.33 rows=95 width=4)
	  Index Cond: ((k >= 7515693) AND (k <= 7515793))

table 8 : explain SELECT k FROM sbtest8 WHERE k BETWEEN 7515693 AND 7515793
	Index Only Scan using k_8 on sbtest8  (cost=0.43..6.33 rows=95 width=4)
	  Index Cond: ((k >= 7515693) AND (k <= 7515793))

for range-covered
table 1 : explain SELECT k FROM sbtest1 WHERE k BETWEEN 5200351 AND 5200451
	Index Only Scan using k_1 on sbtest1  (cost=0.43..6.66 rows=111 width=4)
	  Index Cond: ((k >= 5200351) AND (k <= 5200451))

table 2 : explain SELECT k FROM sbtest2 WHERE k BETWEEN 5200351 AND 5200451
	Index Only Scan using k_2 on sbtest2  (cost=0.43..6.37 rows=97 width=4)
	  Index Cond: ((k >= 5200351) AND (k <= 5200451))

table 3 : explain SELECT k FROM sbtest3 WHERE k BETWEEN 5200351 AND 5200451
	Index Only Scan using k_3 on sbtest3  (cost=0.43..6.29 rows=93 width=4)
	  Index Cond: ((k >= 5200351) AND (k <= 5200451))

table 4 : explain SELECT k FROM sbtest4 WHERE k BETWEEN 5200351 AND 5200451
	Index Only Scan using k_4 on sbtest4  (cost=0.43..6.47 rows=102 width=4)
	  Index Cond: ((k >= 5200351) AND (k <= 5200451))

table 5 : explain SELECT k FROM sbtest5 WHERE k BETWEEN 5200351 AND 5200451
	Index Only Scan using k_5 on sbtest5  (cost=0.43..6.51 rows=104 width=4)
	  Index Cond: ((k >= 5200351) AND (k <= 5200451))

table 6 : explain SELECT k FROM sbtest6 WHERE k BETWEEN 5200351 AND 5200451
	Index Only Scan using k_6 on sbtest6  (cost=0.43..6.59 rows=108 width=4)
	  Index Cond: ((k >= 5200351) AND (k <= 5200451))

table 7 : explain SELECT k FROM sbtest7 WHERE k BETWEEN 5200351 AND 5200451
	Index Only Scan using k_7 on sbtest7  (cost=0.43..6.51 rows=104 width=4)
	  Index Cond: ((k >= 5200351) AND (k <= 5200451))

table 8 : explain SELECT k FROM sbtest8 WHERE k BETWEEN 5200351 AND 5200451
	Index Only Scan using k_8 on sbtest8  (cost=0.43..6.33 rows=95 width=4)
	  Index Cond: ((k >= 5200351) AND (k <= 5200451))

explain: for range-covered :: explain SELECT k FROM sbtest%d WHERE k BETWEEN 7515693 AND 7515793
explain: for range-covered :: explain SELECT k FROM sbtest%d WHERE k BETWEEN 5200351 AND 5200451
for range-covered
table 1 : explain SELECT k FROM sbtest1 WHERE k BETWEEN 1506699 AND 1506799
	Index Only Scan using k_1 on sbtest1  (cost=0.43..6.51 rows=104 width=4)
	  Index Cond: ((k >= 1506699) AND (k <= 1506799))

table 2 : explain SELECT k FROM sbtest2 WHERE k BETWEEN 1506699 AND 1506799
	Index Only Scan using k_2 on sbtest2  (cost=0.43..6.59 rows=108 width=4)
	  Index Cond: ((k >= 1506699) AND (k <= 1506799))

table 3 : explain SELECT k FROM sbtest3 WHERE k BETWEEN 1506699 AND 1506799
	Index Only Scan using k_3 on sbtest3  (cost=0.43..6.61 rows=109 width=4)
	  Index Cond: ((k >= 1506699) AND (k <= 1506799))

table 4 : explain SELECT k FROM sbtest4 WHERE k BETWEEN 1506699 AND 1506799
	Index Only Scan using k_4 on sbtest4  (cost=0.43..6.37 rows=97 width=4)
	  Index Cond: ((k >= 1506699) AND (k <= 1506799))

table 5 : explain SELECT k FROM sbtest5 WHERE k BETWEEN 1506699 AND 1506799
	Index Only Scan using k_5 on sbtest5  (cost=0.43..6.27 rows=92 width=4)
	  Index Cond: ((k >= 1506699) AND (k <= 1506799))

table 6 : explain SELECT k FROM sbtest6 WHERE k BETWEEN 1506699 AND 1506799
	Index Only Scan using k_6 on sbtest6  (cost=0.43..6.24 rows=90 width=4)
	  Index Cond: ((k >= 1506699) AND (k <= 1506799))

table 7 : explain SELECT k FROM sbtest7 WHERE k BETWEEN 1506699 AND 1506799
	Index Only Scan using k_7 on sbtest7  (cost=0.43..6.51 rows=104 width=4)
	  Index Cond: ((k >= 1506699) AND (k <= 1506799))

table 8 : explain SELECT k FROM sbtest8 WHERE k BETWEEN 1506699 AND 1506799
	Index Only Scan using k_8 on sbtest8  (cost=0.43..6.50 rows=103 width=4)
	  Index Cond: ((k >= 1506699) AND (k <= 1506799))

for range-covered
table 1 : explain SELECT k FROM sbtest1 WHERE k BETWEEN 6930558 AND 6930658
	Index Only Scan using k_1 on sbtest1  (cost=0.43..6.43 rows=100 width=4)
	  Index Cond: ((k >= 6930558) AND (k <= 6930658))

table 2 : explain SELECT k FROM sbtest2 WHERE k BETWEEN 6930558 AND 6930658
	Index Only Scan using k_2 on sbtest2  (cost=0.43..6.59 rows=108 width=4)
	  Index Cond: ((k >= 6930558) AND (k <= 6930658))

table 3 : explain SELECT k FROM sbtest3 WHERE k BETWEEN 6930558 AND 6930658
	Index Only Scan using k_3 on sbtest3  (cost=0.43..6.43 rows=100 width=4)
	  Index Cond: ((k >= 6930558) AND (k <= 6930658))

table 4 : explain SELECT k FROM sbtest4 WHERE k BETWEEN 6930558 AND 6930658
	Index Only Scan using k_4 on sbtest4  (cost=0.43..6.42 rows=99 width=4)
	  Index Cond: ((k >= 6930558) AND (k <= 6930658))

table 5 : explain SELECT k FROM sbtest5 WHERE k BETWEEN 6930558 AND 6930658
	Index Only Scan using k_5 on sbtest5  (cost=0.43..6.43 rows=100 width=4)
	  Index Cond: ((k >= 6930558) AND (k <= 6930658))

table 6 : explain SELECT k FROM sbtest6 WHERE k BETWEEN 6930558 AND 6930658
	Index Only Scan using k_6 on sbtest6  (cost=0.43..6.29 rows=93 width=4)
	  Index Cond: ((k >= 6930558) AND (k <= 6930658))

table 7 : explain SELECT k FROM sbtest7 WHERE k BETWEEN 6930558 AND 6930658
	Index Only Scan using k_7 on sbtest7  (cost=0.43..6.51 rows=104 width=4)
	  Index Cond: ((k >= 6930558) AND (k <= 6930658))

table 8 : explain SELECT k FROM sbtest8 WHERE k BETWEEN 6930558 AND 6930658
	Index Only Scan using k_8 on sbtest8  (cost=0.43..6.50 rows=103 width=4)
	  Index Cond: ((k >= 6930558) AND (k <= 6930658))

explain: for range-covered :: explain SELECT k FROM sbtest%d WHERE k BETWEEN 1506699 AND 1506799
explain: for range-covered :: explain SELECT k FROM sbtest%d WHERE k BETWEEN 6930558 AND 6930658
for range-covered
table 1 : explain SELECT k FROM sbtest1 WHERE k BETWEEN 4005830 AND 4005930
	Index Only Scan using k_1 on sbtest1  (cost=0.43..6.45 rows=101 width=4)
	  Index Cond: ((k >= 4005830) AND (k <= 4005930))

table 2 : explain SELECT k FROM sbtest2 WHERE k BETWEEN 4005830 AND 4005930
	Index Only Scan using k_2 on sbtest2  (cost=0.43..6.25 rows=91 width=4)
	  Index Cond: ((k >= 4005830) AND (k <= 4005930))

table 3 : explain SELECT k FROM sbtest3 WHERE k BETWEEN 4005830 AND 4005930
	Index Only Scan using k_3 on sbtest3  (cost=0.43..6.63 rows=110 width=4)
	  Index Cond: ((k >= 4005830) AND (k <= 4005930))

table 4 : explain SELECT k FROM sbtest4 WHERE k BETWEEN 4005830 AND 4005930
	Index Only Scan using k_4 on sbtest4  (cost=0.43..6.53 rows=105 width=4)
	  Index Cond: ((k >= 4005830) AND (k <= 4005930))

table 5 : explain SELECT k FROM sbtest5 WHERE k BETWEEN 4005830 AND 4005930
	Index Only Scan using k_5 on sbtest5  (cost=0.43..6.63 rows=110 width=4)
	  Index Cond: ((k >= 4005830) AND (k <= 4005930))

table 6 : explain SELECT k FROM sbtest6 WHERE k BETWEEN 4005830 AND 4005930
	Index Only Scan using k_6 on sbtest6  (cost=0.43..6.47 rows=102 width=4)
	  Index Cond: ((k >= 4005830) AND (k <= 4005930))

table 7 : explain SELECT k FROM sbtest7 WHERE k BETWEEN 4005830 AND 4005930
	Index Only Scan using k_7 on sbtest7  (cost=0.43..6.61 rows=109 width=4)
	  Index Cond: ((k >= 4005830) AND (k <= 4005930))

table 8 : explain SELECT k FROM sbtest8 WHERE k BETWEEN 4005830 AND 4005930
	Index Only Scan using k_8 on sbtest8  (cost=0.43..6.50 rows=103 width=4)
	  Index Cond: ((k >= 4005830) AND (k <= 4005930))

for range-covered
table 1 : explain SELECT k FROM sbtest1 WHERE k BETWEEN 4111089 AND 4111189
	Index Only Scan using k_1 on sbtest1  (cost=0.43..6.40 rows=98 width=4)
	  Index Cond: ((k >= 4111089) AND (k <= 4111189))

table 2 : explain SELECT k FROM sbtest2 WHERE k BETWEEN 4111089 AND 4111189
	Index Only Scan using k_2 on sbtest2  (cost=0.43..6.53 rows=105 width=4)
	  Index Cond: ((k >= 4111089) AND (k <= 4111189))

table 3 : explain SELECT k FROM sbtest3 WHERE k BETWEEN 4111089 AND 4111189
	Index Only Scan using k_3 on sbtest3  (cost=0.43..6.45 rows=101 width=4)
	  Index Cond: ((k >= 4111089) AND (k <= 4111189))

table 4 : explain SELECT k FROM sbtest4 WHERE k BETWEEN 4111089 AND 4111189
	Index Only Scan using k_4 on sbtest4  (cost=0.43..6.35 rows=96 width=4)
	  Index Cond: ((k >= 4111089) AND (k <= 4111189))

table 5 : explain SELECT k FROM sbtest5 WHERE k BETWEEN 4111089 AND 4111189
	Index Only Scan using k_5 on sbtest5  (cost=0.43..6.58 rows=107 width=4)
	  Index Cond: ((k >= 4111089) AND (k <= 4111189))

table 6 : explain SELECT k FROM sbtest6 WHERE k BETWEEN 4111089 AND 4111189
	Index Only Scan using k_6 on sbtest6  (cost=0.43..6.40 rows=98 width=4)
	  Index Cond: ((k >= 4111089) AND (k <= 4111189))

table 7 : explain SELECT k FROM sbtest7 WHERE k BETWEEN 4111089 AND 4111189
	Index Only Scan using k_7 on sbtest7  (cost=0.43..6.50 rows=103 width=4)
	  Index Cond: ((k >= 4111089) AND (k <= 4111189))

table 8 : explain SELECT k FROM sbtest8 WHERE k BETWEEN 4111089 AND 4111189
	Index Only Scan using k_8 on sbtest8  (cost=0.43..6.43 rows=100 width=4)
	  Index Cond: ((k >= 4111089) AND (k <= 4111189))

explain: for range-covered :: explain SELECT k FROM sbtest%d WHERE k BETWEEN 4111089 AND 4111189
for range-covered
table 1 : explain SELECT k FROM sbtest1 WHERE k BETWEEN 3142915 AND 3143015
	Index Only Scan using k_1 on sbtest1  (cost=0.43..6.56 rows=106 width=4)
	  Index Cond: ((k >= 3142915) AND (k <= 3143015))

table 2 : explain SELECT k FROM sbtest2 WHERE k BETWEEN 3142915 AND 3143015
	Index Only Scan using k_2 on sbtest2  (cost=0.43..6.51 rows=104 width=4)
	  Index Cond: ((k >= 3142915) AND (k <= 3143015))

table 3 : explain SELECT k FROM sbtest3 WHERE k BETWEEN 3142915 AND 3143015
	Index Only Scan using k_3 on sbtest3  (cost=0.43..6.47 rows=102 width=4)
	  Index Cond: ((k >= 3142915) AND (k <= 3143015))

table 4 : explain SELECT k FROM sbtest4 WHERE k BETWEEN 3142915 AND 3143015
	Index Only Scan using k_4 on sbtest4  (cost=0.43..6.61 rows=109 width=4)
	  Index Cond: ((k >= 3142915) AND (k <= 3143015))

table 5 : explain SELECT k FROM sbtest5 WHERE k BETWEEN 3142915 AND 3143015
	Index Only Scan using k_5 on sbtest5  (cost=0.43..6.72 rows=114 width=4)
	  Index Cond: ((k >= 3142915) AND (k <= 3143015))

table 6 : explain SELECT k FROM sbtest6 WHERE k BETWEEN 3142915 AND 3143015
	Index Only Scan using k_6 on sbtest6  (cost=0.43..6.33 rows=95 width=4)
	  Index Cond: ((k >= 3142915) AND (k <= 3143015))

table 7 : explain SELECT k FROM sbtest7 WHERE k BETWEEN 3142915 AND 3143015
	Index Only Scan using k_7 on sbtest7  (cost=0.43..6.33 rows=95 width=4)
	  Index Cond: ((k >= 3142915) AND (k <= 3143015))

table 8 : explain SELECT k FROM sbtest8 WHERE k BETWEEN 3142915 AND 3143015
	Index Only Scan using k_8 on sbtest8  (cost=0.43..6.43 rows=100 width=4)
	  Index Cond: ((k >= 3142915) AND (k <= 3143015))

explain: for range-covered :: explain SELECT k FROM sbtest%d WHERE k BETWEEN 4005830 AND 4005930
for range-covered
table 1 : explain SELECT k FROM sbtest1 WHERE k BETWEEN 7515693 AND 7515793
	Index Only Scan using k_1 on sbtest1  (cost=0.43..6.51 rows=104 width=4)
	  Index Cond: ((k >= 7515693) AND (k <= 7515793))

table 2 : explain SELECT k FROM sbtest2 WHERE k BETWEEN 7515693 AND 7515793
	Index Only Scan using k_2 on sbtest2  (cost=0.43..6.67 rows=112 width=4)
	  Index Cond: ((k >= 7515693) AND (k <= 7515793))

table 3 : explain SELECT k FROM sbtest3 WHERE k BETWEEN 7515693 AND 7515793
	Index Only Scan using k_3 on sbtest3  (cost=0.43..6.43 rows=100 width=4)
	  Index Cond: ((k >= 7515693) AND (k <= 7515793))

table 4 : explain SELECT k FROM sbtest4 WHERE k BETWEEN 7515693 AND 7515793
	Index Only Scan using k_4 on sbtest4  (cost=0.43..6.40 rows=98 width=4)
	  Index Cond: ((k >= 7515693) AND (k <= 7515793))

table 5 : explain SELECT k FROM sbtest5 WHERE k BETWEEN 7515693 AND 7515793
	Index Only Scan using k_5 on sbtest5  (cost=0.43..6.17 rows=87 width=4)
	  Index Cond: ((k >= 7515693) AND (k <= 7515793))

table 6 : explain SELECT k FROM sbtest6 WHERE k BETWEEN 7515693 AND 7515793
	Index Only Scan using k_6 on sbtest6  (cost=0.43..6.51 rows=104 width=4)
	  Index Cond: ((k >= 7515693) AND (k <= 7515793))

table 7 : explain SELECT k FROM sbtest7 WHERE k BETWEEN 7515693 AND 7515793
	Index Only Scan using k_7 on sbtest7  (cost=0.43..6.33 rows=95 width=4)
	  Index Cond: ((k >= 7515693) AND (k <= 7515793))

table 8 : explain SELECT k FROM sbtest8 WHERE k BETWEEN 7515693 AND 7515793
	Index Only Scan using k_8 on sbtest8  (cost=0.43..6.33 rows=95 width=4)
	  Index Cond: ((k >= 7515693) AND (k <= 7515793))

for range-covered
table 1 : explain SELECT k FROM sbtest1 WHERE k BETWEEN 5200351 AND 5200451
	Index Only Scan using k_1 on sbtest1  (cost=0.43..6.66 rows=111 width=4)
	  Index Cond: ((k >= 5200351) AND (k <= 5200451))

table 2 : explain SELECT k FROM sbtest2 WHERE k BETWEEN 5200351 AND 5200451
	Index Only Scan using k_2 on sbtest2  (cost=0.43..6.37 rows=97 width=4)
	  Index Cond: ((k >= 5200351) AND (k <= 5200451))

table 3 : explain SELECT k FROM sbtest3 WHERE k BETWEEN 5200351 AND 5200451
	Index Only Scan using k_3 on sbtest3  (cost=0.43..6.29 rows=93 width=4)
	  Index Cond: ((k >= 5200351) AND (k <= 5200451))

table 4 : explain SELECT k FROM sbtest4 WHERE k BETWEEN 5200351 AND 5200451
	Index Only Scan using k_4 on sbtest4  (cost=0.43..6.47 rows=102 width=4)
	  Index Cond: ((k >= 5200351) AND (k <= 5200451))

table 5 : explain SELECT k FROM sbtest5 WHERE k BETWEEN 5200351 AND 5200451
	Index Only Scan using k_5 on sbtest5  (cost=0.43..6.51 rows=104 width=4)
	  Index Cond: ((k >= 5200351) AND (k <= 5200451))

table 6 : explain SELECT k FROM sbtest6 WHERE k BETWEEN 5200351 AND 5200451
	Index Only Scan using k_6 on sbtest6  (cost=0.43..6.59 rows=108 width=4)
	  Index Cond: ((k >= 5200351) AND (k <= 5200451))

table 7 : explain SELECT k FROM sbtest7 WHERE k BETWEEN 5200351 AND 5200451
	Index Only Scan using k_7 on sbtest7  (cost=0.43..6.51 rows=104 width=4)
	  Index Cond: ((k >= 5200351) AND (k <= 5200451))

table 8 : explain SELECT k FROM sbtest8 WHERE k BETWEEN 5200351 AND 5200451
	Index Only Scan using k_8 on sbtest8  (cost=0.43..6.33 rows=95 width=4)
	  Index Cond: ((k >= 5200351) AND (k <= 5200451))

explain: for range-covered :: explain SELECT k FROM sbtest%d WHERE k BETWEEN 3142915 AND 3143015
explain: for range-covered :: explain SELECT k FROM sbtest%d WHERE k BETWEEN 7515693 AND 7515793
for range-covered
table 1 : explain SELECT k FROM sbtest1 WHERE k BETWEEN 5069733 AND 5069833
	Index Only Scan using k_1 on sbtest1  (cost=0.43..6.66 rows=111 width=4)
	  Index Cond: ((k >= 5069733) AND (k <= 5069833))

table 2 : explain SELECT k FROM sbtest2 WHERE k BETWEEN 5069733 AND 5069833
	Index Only Scan using k_2 on sbtest2  (cost=0.43..6.27 rows=92 width=4)
	  Index Cond: ((k >= 5069733) AND (k <= 5069833))

table 3 : explain SELECT k FROM sbtest3 WHERE k BETWEEN 5069733 AND 5069833
	Index Only Scan using k_3 on sbtest3  (cost=0.43..6.40 rows=98 width=4)
	  Index Cond: ((k >= 5069733) AND (k <= 5069833))

table 4 : explain SELECT k FROM sbtest4 WHERE k BETWEEN 5069733 AND 5069833
	Index Only Scan using k_4 on sbtest4  (cost=0.43..6.47 rows=102 width=4)
	  Index Cond: ((k >= 5069733) AND (k <= 5069833))

table 5 : explain SELECT k FROM sbtest5 WHERE k BETWEEN 5069733 AND 5069833
	Index Only Scan using k_5 on sbtest5  (cost=0.43..6.53 rows=105 width=4)
	  Index Cond: ((k >= 5069733) AND (k <= 5069833))

table 6 : explain SELECT k FROM sbtest6 WHERE k BETWEEN 5069733 AND 5069833
	Index Only Scan using k_6 on sbtest6  (cost=0.43..6.45 rows=101 width=4)
	  Index Cond: ((k >= 5069733) AND (k <= 5069833))

table 7 : explain SELECT k FROM sbtest7 WHERE k BETWEEN 5069733 AND 5069833
	Index Only Scan using k_7 on sbtest7  (cost=0.43..6.43 rows=100 width=4)
	  Index Cond: ((k >= 5069733) AND (k <= 5069833))

table 8 : explain SELECT k FROM sbtest8 WHERE k BETWEEN 5069733 AND 5069833
	Index Only Scan using k_8 on sbtest8  (cost=0.43..6.56 rows=106 width=4)
	  Index Cond: ((k >= 5069733) AND (k <= 5069833))

explain: for range-covered :: explain SELECT k FROM sbtest%d WHERE k BETWEEN 5200351 AND 5200451
explain: for range-covered :: explain SELECT k FROM sbtest%d WHERE k BETWEEN 5069733 AND 5069833
for range-covered
table 1 : explain SELECT k FROM sbtest1 WHERE k BETWEEN 1506699 AND 1506799
	Index Only Scan using k_1 on sbtest1  (cost=0.43..6.51 rows=104 width=4)
	  Index Cond: ((k >= 1506699) AND (k <= 1506799))

table 2 : explain SELECT k FROM sbtest2 WHERE k BETWEEN 1506699 AND 1506799
	Index Only Scan using k_2 on sbtest2  (cost=0.43..6.59 rows=108 width=4)
	  Index Cond: ((k >= 1506699) AND (k <= 1506799))

table 3 : explain SELECT k FROM sbtest3 WHERE k BETWEEN 1506699 AND 1506799
	Index Only Scan using k_3 on sbtest3  (cost=0.43..6.61 rows=109 width=4)
	  Index Cond: ((k >= 1506699) AND (k <= 1506799))

table 4 : explain SELECT k FROM sbtest4 WHERE k BETWEEN 1506699 AND 1506799
	Index Only Scan using k_4 on sbtest4  (cost=0.43..6.37 rows=97 width=4)
	  Index Cond: ((k >= 1506699) AND (k <= 1506799))

table 5 : explain SELECT k FROM sbtest5 WHERE k BETWEEN 1506699 AND 1506799
	Index Only Scan using k_5 on sbtest5  (cost=0.43..6.27 rows=92 width=4)
	  Index Cond: ((k >= 1506699) AND (k <= 1506799))

table 6 : explain SELECT k FROM sbtest6 WHERE k BETWEEN 1506699 AND 1506799
	Index Only Scan using k_6 on sbtest6  (cost=0.43..6.24 rows=90 width=4)
	  Index Cond: ((k >= 1506699) AND (k <= 1506799))

table 7 : explain SELECT k FROM sbtest7 WHERE k BETWEEN 1506699 AND 1506799
	Index Only Scan using k_7 on sbtest7  (cost=0.43..6.51 rows=104 width=4)
	  Index Cond: ((k >= 1506699) AND (k <= 1506799))

table 8 : explain SELECT k FROM sbtest8 WHERE k BETWEEN 1506699 AND 1506799
	Index Only Scan using k_8 on sbtest8  (cost=0.43..6.50 rows=103 width=4)
	  Index Cond: ((k >= 1506699) AND (k <= 1506799))

for range-covered
table 1 : explain SELECT k FROM sbtest1 WHERE k BETWEEN 6930558 AND 6930658
	Index Only Scan using k_1 on sbtest1  (cost=0.43..6.43 rows=100 width=4)
	  Index Cond: ((k >= 6930558) AND (k <= 6930658))

table 2 : explain SELECT k FROM sbtest2 WHERE k BETWEEN 6930558 AND 6930658
	Index Only Scan using k_2 on sbtest2  (cost=0.43..6.59 rows=108 width=4)
	  Index Cond: ((k >= 6930558) AND (k <= 6930658))

table 3 : explain SELECT k FROM sbtest3 WHERE k BETWEEN 6930558 AND 6930658
	Index Only Scan using k_3 on sbtest3  (cost=0.43..6.43 rows=100 width=4)
	  Index Cond: ((k >= 6930558) AND (k <= 6930658))

table 4 : explain SELECT k FROM sbtest4 WHERE k BETWEEN 6930558 AND 6930658
	Index Only Scan using k_4 on sbtest4  (cost=0.43..6.42 rows=99 width=4)
	  Index Cond: ((k >= 6930558) AND (k <= 6930658))

table 5 : explain SELECT k FROM sbtest5 WHERE k BETWEEN 6930558 AND 6930658
	Index Only Scan using k_5 on sbtest5  (cost=0.43..6.43 rows=100 width=4)
	  Index Cond: ((k >= 6930558) AND (k <= 6930658))

table 6 : explain SELECT k FROM sbtest6 WHERE k BETWEEN 6930558 AND 6930658
	Index Only Scan using k_6 on sbtest6  (cost=0.43..6.29 rows=93 width=4)
	  Index Cond: ((k >= 6930558) AND (k <= 6930658))

table 7 : explain SELECT k FROM sbtest7 WHERE k BETWEEN 6930558 AND 6930658
	Index Only Scan using k_7 on sbtest7  (cost=0.43..6.51 rows=104 width=4)
	  Index Cond: ((k >= 6930558) AND (k <= 6930658))

table 8 : explain SELECT k FROM sbtest8 WHERE k BETWEEN 6930558 AND 6930658
	Index Only Scan using k_8 on sbtest8  (cost=0.43..6.50 rows=103 width=4)
	  Index Cond: ((k >= 6930558) AND (k <= 6930658))

explain: for range-covered :: explain SELECT k FROM sbtest%d WHERE k BETWEEN 6930558 AND 6930658
for range-covered
table 1 : explain SELECT k FROM sbtest1 WHERE k BETWEEN 4111089 AND 4111189
	Index Only Scan using k_1 on sbtest1  (cost=0.43..6.40 rows=98 width=4)
	  Index Cond: ((k >= 4111089) AND (k <= 4111189))

table 2 : explain SELECT k FROM sbtest2 WHERE k BETWEEN 4111089 AND 4111189
	Index Only Scan using k_2 on sbtest2  (cost=0.43..6.53 rows=105 width=4)
	  Index Cond: ((k >= 4111089) AND (k <= 4111189))

table 3 : explain SELECT k FROM sbtest3 WHERE k BETWEEN 4111089 AND 4111189
	Index Only Scan using k_3 on sbtest3  (cost=0.43..6.45 rows=101 width=4)
	  Index Cond: ((k >= 4111089) AND (k <= 4111189))

table 4 : explain SELECT k FROM sbtest4 WHERE k BETWEEN 4111089 AND 4111189
	Index Only Scan using k_4 on sbtest4  (cost=0.43..6.35 rows=96 width=4)
	  Index Cond: ((k >= 4111089) AND (k <= 4111189))

table 5 : explain SELECT k FROM sbtest5 WHERE k BETWEEN 4111089 AND 4111189
	Index Only Scan using k_5 on sbtest5  (cost=0.43..6.58 rows=107 width=4)
	  Index Cond: ((k >= 4111089) AND (k <= 4111189))

table 6 : explain SELECT k FROM sbtest6 WHERE k BETWEEN 4111089 AND 4111189
	Index Only Scan using k_6 on sbtest6  (cost=0.43..6.40 rows=98 width=4)
	  Index Cond: ((k >= 4111089) AND (k <= 4111189))

table 7 : explain SELECT k FROM sbtest7 WHERE k BETWEEN 4111089 AND 4111189
	Index Only Scan using k_7 on sbtest7  (cost=0.43..6.50 rows=103 width=4)
	  Index Cond: ((k >= 4111089) AND (k <= 4111189))

table 8 : explain SELECT k FROM sbtest8 WHERE k BETWEEN 4111089 AND 4111189
	Index Only Scan using k_8 on sbtest8  (cost=0.43..6.43 rows=100 width=4)
	  Index Cond: ((k >= 4111089) AND (k <= 4111189))

explain: for range-covered :: explain SELECT k FROM sbtest%d WHERE k BETWEEN 4111089 AND 4111189
for range-covered
table 1 : explain SELECT k FROM sbtest1 WHERE k BETWEEN 7515693 AND 7515793
	Index Only Scan using k_1 on sbtest1  (cost=0.43..6.51 rows=104 width=4)
	  Index Cond: ((k >= 7515693) AND (k <= 7515793))

table 2 : explain SELECT k FROM sbtest2 WHERE k BETWEEN 7515693 AND 7515793
	Index Only Scan using k_2 on sbtest2  (cost=0.43..6.67 rows=112 width=4)
	  Index Cond: ((k >= 7515693) AND (k <= 7515793))

table 3 : explain SELECT k FROM sbtest3 WHERE k BETWEEN 7515693 AND 7515793
	Index Only Scan using k_3 on sbtest3  (cost=0.43..6.43 rows=100 width=4)
	  Index Cond: ((k >= 7515693) AND (k <= 7515793))

table 4 : explain SELECT k FROM sbtest4 WHERE k BETWEEN 7515693 AND 7515793
	Index Only Scan using k_4 on sbtest4  (cost=0.43..6.40 rows=98 width=4)
	  Index Cond: ((k >= 7515693) AND (k <= 7515793))

table 5 : explain SELECT k FROM sbtest5 WHERE k BETWEEN 7515693 AND 7515793
	Index Only Scan using k_5 on sbtest5  (cost=0.43..6.17 rows=87 width=4)
	  Index Cond: ((k >= 7515693) AND (k <= 7515793))

table 6 : explain SELECT k FROM sbtest6 WHERE k BETWEEN 7515693 AND 7515793
	Index Only Scan using k_6 on sbtest6  (cost=0.43..6.51 rows=104 width=4)
	  Index Cond: ((k >= 7515693) AND (k <= 7515793))

table 7 : explain SELECT k FROM sbtest7 WHERE k BETWEEN 7515693 AND 7515793
	Index Only Scan using k_7 on sbtest7  (cost=0.43..6.33 rows=95 width=4)
	  Index Cond: ((k >= 7515693) AND (k <= 7515793))

table 8 : explain SELECT k FROM sbtest8 WHERE k BETWEEN 7515693 AND 7515793
	Index Only Scan using k_8 on sbtest8  (cost=0.43..6.33 rows=95 width=4)
	  Index Cond: ((k >= 7515693) AND (k <= 7515793))

for range-covered
table 1 : explain SELECT k FROM sbtest1 WHERE k BETWEEN 5200351 AND 5200451
	Index Only Scan using k_1 on sbtest1  (cost=0.43..6.66 rows=111 width=4)
	  Index Cond: ((k >= 5200351) AND (k <= 5200451))

table 2 : explain SELECT k FROM sbtest2 WHERE k BETWEEN 5200351 AND 5200451
	Index Only Scan using k_2 on sbtest2  (cost=0.43..6.37 rows=97 width=4)
	  Index Cond: ((k >= 5200351) AND (k <= 5200451))

table 3 : explain SELECT k FROM sbtest3 WHERE k BETWEEN 5200351 AND 5200451
	Index Only Scan using k_3 on sbtest3  (cost=0.43..6.29 rows=93 width=4)
	  Index Cond: ((k >= 5200351) AND (k <= 5200451))

table 4 : explain SELECT k FROM sbtest4 WHERE k BETWEEN 5200351 AND 5200451
	Index Only Scan using k_4 on sbtest4  (cost=0.43..6.47 rows=102 width=4)
	  Index Cond: ((k >= 5200351) AND (k <= 5200451))

table 5 : explain SELECT k FROM sbtest5 WHERE k BETWEEN 5200351 AND 5200451
	Index Only Scan using k_5 on sbtest5  (cost=0.43..6.51 rows=104 width=4)
	  Index Cond: ((k >= 5200351) AND (k <= 5200451))

table 6 : explain SELECT k FROM sbtest6 WHERE k BETWEEN 5200351 AND 5200451
	Index Only Scan using k_6 on sbtest6  (cost=0.43..6.59 rows=108 width=4)
	  Index Cond: ((k >= 5200351) AND (k <= 5200451))

table 7 : explain SELECT k FROM sbtest7 WHERE k BETWEEN 5200351 AND 5200451
	Index Only Scan using k_7 on sbtest7  (cost=0.43..6.51 rows=104 width=4)
	  Index Cond: ((k >= 5200351) AND (k <= 5200451))

table 8 : explain SELECT k FROM sbtest8 WHERE k BETWEEN 5200351 AND 5200451
	Index Only Scan using k_8 on sbtest8  (cost=0.43..6.33 rows=95 width=4)
	  Index Cond: ((k >= 5200351) AND (k <= 5200451))

explain: for range-covered :: explain SELECT k FROM sbtest%d WHERE k BETWEEN 7515693 AND 7515793
explain: for range-covered :: explain SELECT k FROM sbtest%d WHERE k BETWEEN 5200351 AND 5200451
for range-covered
table 1 : explain SELECT k FROM sbtest1 WHERE k BETWEEN 5069733 AND 5069833
	Index Only Scan using k_1 on sbtest1  (cost=0.43..6.66 rows=111 width=4)
	  Index Cond: ((k >= 5069733) AND (k <= 5069833))

table 2 : explain SELECT k FROM sbtest2 WHERE k BETWEEN 5069733 AND 5069833
	Index Only Scan using k_2 on sbtest2  (cost=0.43..6.27 rows=92 width=4)
	  Index Cond: ((k >= 5069733) AND (k <= 5069833))

table 3 : explain SELECT k FROM sbtest3 WHERE k BETWEEN 5069733 AND 5069833
	Index Only Scan using k_3 on sbtest3  (cost=0.43..6.40 rows=98 width=4)
	  Index Cond: ((k >= 5069733) AND (k <= 5069833))

table 4 : explain SELECT k FROM sbtest4 WHERE k BETWEEN 5069733 AND 5069833
	Index Only Scan using k_4 on sbtest4  (cost=0.43..6.47 rows=102 width=4)
	  Index Cond: ((k >= 5069733) AND (k <= 5069833))

table 5 : explain SELECT k FROM sbtest5 WHERE k BETWEEN 5069733 AND 5069833
	Index Only Scan using k_5 on sbtest5  (cost=0.43..6.53 rows=105 width=4)
	  Index Cond: ((k >= 5069733) AND (k <= 5069833))

table 6 : explain SELECT k FROM sbtest6 WHERE k BETWEEN 5069733 AND 5069833
	Index Only Scan using k_6 on sbtest6  (cost=0.43..6.45 rows=101 width=4)
	  Index Cond: ((k >= 5069733) AND (k <= 5069833))

table 7 : explain SELECT k FROM sbtest7 WHERE k BETWEEN 5069733 AND 5069833
	Index Only Scan using k_7 on sbtest7  (cost=0.43..6.43 rows=100 width=4)
	  Index Cond: ((k >= 5069733) AND (k <= 5069833))

table 8 : explain SELECT k FROM sbtest8 WHERE k BETWEEN 5069733 AND 5069833
	Index Only Scan using k_8 on sbtest8  (cost=0.43..6.56 rows=106 width=4)
	  Index Cond: ((k >= 5069733) AND (k <= 5069833))

explain: for range-covered :: explain SELECT k FROM sbtest%d WHERE k BETWEEN 5069733 AND 5069833
explain: for range-covered :: explain SELECT k FROM sbtest%d WHERE k BETWEEN 8642778 AND 8642878
for range-covered
table 1 : explain SELECT k FROM sbtest1 WHERE k BETWEEN 6930558 AND 6930658
	Index Only Scan using k_1 on sbtest1  (cost=0.43..6.43 rows=100 width=4)
	  Index Cond: ((k >= 6930558) AND (k <= 6930658))

table 2 : explain SELECT k FROM sbtest2 WHERE k BETWEEN 6930558 AND 6930658
	Index Only Scan using k_2 on sbtest2  (cost=0.43..6.59 rows=108 width=4)
	  Index Cond: ((k >= 6930558) AND (k <= 6930658))

table 3 : explain SELECT k FROM sbtest3 WHERE k BETWEEN 6930558 AND 6930658
	Index Only Scan using k_3 on sbtest3  (cost=0.43..6.43 rows=100 width=4)
	  Index Cond: ((k >= 6930558) AND (k <= 6930658))

table 4 : explain SELECT k FROM sbtest4 WHERE k BETWEEN 6930558 AND 6930658
	Index Only Scan using k_4 on sbtest4  (cost=0.43..6.42 rows=99 width=4)
	  Index Cond: ((k >= 6930558) AND (k <= 6930658))

table 5 : explain SELECT k FROM sbtest5 WHERE k BETWEEN 6930558 AND 6930658
	Index Only Scan using k_5 on sbtest5  (cost=0.43..6.43 rows=100 width=4)
	  Index Cond: ((k >= 6930558) AND (k <= 6930658))

table 6 : explain SELECT k FROM sbtest6 WHERE k BETWEEN 6930558 AND 6930658
	Index Only Scan using k_6 on sbtest6  (cost=0.43..6.29 rows=93 width=4)
	  Index Cond: ((k >= 6930558) AND (k <= 6930658))

table 7 : explain SELECT k FROM sbtest7 WHERE k BETWEEN 6930558 AND 6930658
	Index Only Scan using k_7 on sbtest7  (cost=0.43..6.51 rows=104 width=4)
	  Index Cond: ((k >= 6930558) AND (k <= 6930658))

table 8 : explain SELECT k FROM sbtest8 WHERE k BETWEEN 6930558 AND 6930658
	Index Only Scan using k_8 on sbtest8  (cost=0.43..6.50 rows=103 width=4)
	  Index Cond: ((k >= 6930558) AND (k <= 6930658))

explain: for range-covered :: explain SELECT k FROM sbtest%d WHERE k BETWEEN 6930558 AND 6930658
for range-covered
table 1 : explain SELECT k FROM sbtest1 WHERE k BETWEEN 4005830 AND 4005930
	Index Only Scan using k_1 on sbtest1  (cost=0.43..6.45 rows=101 width=4)
	  Index Cond: ((k >= 4005830) AND (k <= 4005930))

table 2 : explain SELECT k FROM sbtest2 WHERE k BETWEEN 4005830 AND 4005930
	Index Only Scan using k_2 on sbtest2  (cost=0.43..6.25 rows=91 width=4)
	  Index Cond: ((k >= 4005830) AND (k <= 4005930))

table 3 : explain SELECT k FROM sbtest3 WHERE k BETWEEN 4005830 AND 4005930
	Index Only Scan using k_3 on sbtest3  (cost=0.43..6.63 rows=110 width=4)
	  Index Cond: ((k >= 4005830) AND (k <= 4005930))

table 4 : explain SELECT k FROM sbtest4 WHERE k BETWEEN 4005830 AND 4005930
	Index Only Scan using k_4 on sbtest4  (cost=0.43..6.53 rows=105 width=4)
	  Index Cond: ((k >= 4005830) AND (k <= 4005930))

table 5 : explain SELECT k FROM sbtest5 WHERE k BETWEEN 4005830 AND 4005930
	Index Only Scan using k_5 on sbtest5  (cost=0.43..6.63 rows=110 width=4)
	  Index Cond: ((k >= 4005830) AND (k <= 4005930))

table 6 : explain SELECT k FROM sbtest6 WHERE k BETWEEN 4005830 AND 4005930
	Index Only Scan using k_6 on sbtest6  (cost=0.43..6.47 rows=102 width=4)
	  Index Cond: ((k >= 4005830) AND (k <= 4005930))

table 7 : explain SELECT k FROM sbtest7 WHERE k BETWEEN 4005830 AND 4005930
	Index Only Scan using k_7 on sbtest7  (cost=0.43..6.61 rows=109 width=4)
	  Index Cond: ((k >= 4005830) AND (k <= 4005930))

table 8 : explain SELECT k FROM sbtest8 WHERE k BETWEEN 4005830 AND 4005930
	Index Only Scan using k_8 on sbtest8  (cost=0.43..6.50 rows=103 width=4)
	  Index Cond: ((k >= 4005830) AND (k <= 4005930))

for range-covered
table 1 : explain SELECT k FROM sbtest1 WHERE k BETWEEN 3142915 AND 3143015
	Index Only Scan using k_1 on sbtest1  (cost=0.43..6.56 rows=106 width=4)
	  Index Cond: ((k >= 3142915) AND (k <= 3143015))

table 2 : explain SELECT k FROM sbtest2 WHERE k BETWEEN 3142915 AND 3143015
	Index Only Scan using k_2 on sbtest2  (cost=0.43..6.51 rows=104 width=4)
	  Index Cond: ((k >= 3142915) AND (k <= 3143015))

table 3 : explain SELECT k FROM sbtest3 WHERE k BETWEEN 3142915 AND 3143015
	Index Only Scan using k_3 on sbtest3  (cost=0.43..6.47 rows=102 width=4)
	  Index Cond: ((k >= 3142915) AND (k <= 3143015))

table 4 : explain SELECT k FROM sbtest4 WHERE k BETWEEN 3142915 AND 3143015
	Index Only Scan using k_4 on sbtest4  (cost=0.43..6.61 rows=109 width=4)
	  Index Cond: ((k >= 3142915) AND (k <= 3143015))

table 5 : explain SELECT k FROM sbtest5 WHERE k BETWEEN 3142915 AND 3143015
	Index Only Scan using k_5 on sbtest5  (cost=0.43..6.72 rows=114 width=4)
	  Index Cond: ((k >= 3142915) AND (k <= 3143015))

table 6 : explain SELECT k FROM sbtest6 WHERE k BETWEEN 3142915 AND 3143015
	Index Only Scan using k_6 on sbtest6  (cost=0.43..6.33 rows=95 width=4)
	  Index Cond: ((k >= 3142915) AND (k <= 3143015))

table 7 : explain SELECT k FROM sbtest7 WHERE k BETWEEN 3142915 AND 3143015
	Index Only Scan using k_7 on sbtest7  (cost=0.43..6.33 rows=95 width=4)
	  Index Cond: ((k >= 3142915) AND (k <= 3143015))

table 8 : explain SELECT k FROM sbtest8 WHERE k BETWEEN 3142915 AND 3143015
	Index Only Scan using k_8 on sbtest8  (cost=0.43..6.43 rows=100 width=4)
	  Index Cond: ((k >= 3142915) AND (k <= 3143015))

explain: for range-covered :: explain SELECT k FROM sbtest%d WHERE k BETWEEN 4005830 AND 4005930
for range-covered
table 1 : explain SELECT k FROM sbtest1 WHERE k BETWEEN 7515693 AND 7515793
	Index Only Scan using k_1 on sbtest1  (cost=0.43..6.51 rows=104 width=4)
	  Index Cond: ((k >= 7515693) AND (k <= 7515793))

table 2 : explain SELECT k FROM sbtest2 WHERE k BETWEEN 7515693 AND 7515793
	Index Only Scan using k_2 on sbtest2  (cost=0.43..6.67 rows=112 width=4)
	  Index Cond: ((k >= 7515693) AND (k <= 7515793))

table 3 : explain SELECT k FROM sbtest3 WHERE k BETWEEN 7515693 AND 7515793
	Index Only Scan using k_3 on sbtest3  (cost=0.43..6.43 rows=100 width=4)
	  Index Cond: ((k >= 7515693) AND (k <= 7515793))

table 4 : explain SELECT k FROM sbtest4 WHERE k BETWEEN 7515693 AND 7515793
	Index Only Scan using k_4 on sbtest4  (cost=0.43..6.40 rows=98 width=4)
	  Index Cond: ((k >= 7515693) AND (k <= 7515793))

table 5 : explain SELECT k FROM sbtest5 WHERE k BETWEEN 7515693 AND 7515793
	Index Only Scan using k_5 on sbtest5  (cost=0.43..6.17 rows=87 width=4)
	  Index Cond: ((k >= 7515693) AND (k <= 7515793))

table 6 : explain SELECT k FROM sbtest6 WHERE k BETWEEN 7515693 AND 7515793
	Index Only Scan using k_6 on sbtest6  (cost=0.43..6.51 rows=104 width=4)
	  Index Cond: ((k >= 7515693) AND (k <= 7515793))

table 7 : explain SELECT k FROM sbtest7 WHERE k BETWEEN 7515693 AND 7515793
	Index Only Scan using k_7 on sbtest7  (cost=0.43..6.33 rows=95 width=4)
	  Index Cond: ((k >= 7515693) AND (k <= 7515793))

table 8 : explain SELECT k FROM sbtest8 WHERE k BETWEEN 7515693 AND 7515793
	Index Only Scan using k_8 on sbtest8  (cost=0.43..6.33 rows=95 width=4)
	  Index Cond: ((k >= 7515693) AND (k <= 7515793))

for range-covered
table 1 : explain SELECT k FROM sbtest1 WHERE k BETWEEN 5200351 AND 5200451
	Index Only Scan using k_1 on sbtest1  (cost=0.43..6.66 rows=111 width=4)
	  Index Cond: ((k >= 5200351) AND (k <= 5200451))

table 2 : explain SELECT k FROM sbtest2 WHERE k BETWEEN 5200351 AND 5200451
	Index Only Scan using k_2 on sbtest2  (cost=0.43..6.37 rows=97 width=4)
	  Index Cond: ((k >= 5200351) AND (k <= 5200451))

table 3 : explain SELECT k FROM sbtest3 WHERE k BETWEEN 5200351 AND 5200451
	Index Only Scan using k_3 on sbtest3  (cost=0.43..6.29 rows=93 width=4)
	  Index Cond: ((k >= 5200351) AND (k <= 5200451))

table 4 : explain SELECT k FROM sbtest4 WHERE k BETWEEN 5200351 AND 5200451
	Index Only Scan using k_4 on sbtest4  (cost=0.43..6.47 rows=102 width=4)
	  Index Cond: ((k >= 5200351) AND (k <= 5200451))

table 5 : explain SELECT k FROM sbtest5 WHERE k BETWEEN 5200351 AND 5200451
	Index Only Scan using k_5 on sbtest5  (cost=0.43..6.51 rows=104 width=4)
	  Index Cond: ((k >= 5200351) AND (k <= 5200451))

table 6 : explain SELECT k FROM sbtest6 WHERE k BETWEEN 5200351 AND 5200451
	Index Only Scan using k_6 on sbtest6  (cost=0.43..6.59 rows=108 width=4)
	  Index Cond: ((k >= 5200351) AND (k <= 5200451))

table 7 : explain SELECT k FROM sbtest7 WHERE k BETWEEN 5200351 AND 5200451
	Index Only Scan using k_7 on sbtest7  (cost=0.43..6.51 rows=104 width=4)
	  Index Cond: ((k >= 5200351) AND (k <= 5200451))

table 8 : explain SELECT k FROM sbtest8 WHERE k BETWEEN 5200351 AND 5200451
	Index Only Scan using k_8 on sbtest8  (cost=0.43..6.33 rows=95 width=4)
	  Index Cond: ((k >= 5200351) AND (k <= 5200451))

explain: for range-covered :: explain SELECT k FROM sbtest%d WHERE k BETWEEN 3142915 AND 3143015
explain: for range-covered :: explain SELECT k FROM sbtest%d WHERE k BETWEEN 7515693 AND 7515793
explain: for range-covered :: explain SELECT k FROM sbtest%d WHERE k BETWEEN 5200351 AND 5200451
for range-covered
table 1 : explain SELECT k FROM sbtest1 WHERE k BETWEEN 5069733 AND 5069833
	Index Only Scan using k_1 on sbtest1  (cost=0.43..6.66 rows=111 width=4)
	  Index Cond: ((k >= 5069733) AND (k <= 5069833))

table 2 : explain SELECT k FROM sbtest2 WHERE k BETWEEN 5069733 AND 5069833
	Index Only Scan using k_2 on sbtest2  (cost=0.43..6.27 rows=92 width=4)
	  Index Cond: ((k >= 5069733) AND (k <= 5069833))

table 3 : explain SELECT k FROM sbtest3 WHERE k BETWEEN 5069733 AND 5069833
	Index Only Scan using k_3 on sbtest3  (cost=0.43..6.40 rows=98 width=4)
	  Index Cond: ((k >= 5069733) AND (k <= 5069833))

table 4 : explain SELECT k FROM sbtest4 WHERE k BETWEEN 5069733 AND 5069833
	Index Only Scan using k_4 on sbtest4  (cost=0.43..6.47 rows=102 width=4)
	  Index Cond: ((k >= 5069733) AND (k <= 5069833))

table 5 : explain SELECT k FROM sbtest5 WHERE k BETWEEN 5069733 AND 5069833
	Index Only Scan using k_5 on sbtest5  (cost=0.43..6.53 rows=105 width=4)
	  Index Cond: ((k >= 5069733) AND (k <= 5069833))

table 6 : explain SELECT k FROM sbtest6 WHERE k BETWEEN 5069733 AND 5069833
	Index Only Scan using k_6 on sbtest6  (cost=0.43..6.45 rows=101 width=4)
	  Index Cond: ((k >= 5069733) AND (k <= 5069833))

table 7 : explain SELECT k FROM sbtest7 WHERE k BETWEEN 5069733 AND 5069833
	Index Only Scan using k_7 on sbtest7  (cost=0.43..6.43 rows=100 width=4)
	  Index Cond: ((k >= 5069733) AND (k <= 5069833))

table 8 : explain SELECT k FROM sbtest8 WHERE k BETWEEN 5069733 AND 5069833
	Index Only Scan using k_8 on sbtest8  (cost=0.43..6.56 rows=106 width=4)
	  Index Cond: ((k >= 5069733) AND (k <= 5069833))

explain: for range-covered :: explain SELECT k FROM sbtest%d WHERE k BETWEEN 5069733 AND 5069833
for range-covered
table 1 : explain SELECT k FROM sbtest1 WHERE k BETWEEN 6930558 AND 6930658
	Index Only Scan using k_1 on sbtest1  (cost=0.43..6.43 rows=100 width=4)
	  Index Cond: ((k >= 6930558) AND (k <= 6930658))

table 2 : explain SELECT k FROM sbtest2 WHERE k BETWEEN 6930558 AND 6930658
	Index Only Scan using k_2 on sbtest2  (cost=0.43..6.59 rows=108 width=4)
	  Index Cond: ((k >= 6930558) AND (k <= 6930658))

table 3 : explain SELECT k FROM sbtest3 WHERE k BETWEEN 6930558 AND 6930658
	Index Only Scan using k_3 on sbtest3  (cost=0.43..6.43 rows=100 width=4)
	  Index Cond: ((k >= 6930558) AND (k <= 6930658))

table 4 : explain SELECT k FROM sbtest4 WHERE k BETWEEN 6930558 AND 6930658
	Index Only Scan using k_4 on sbtest4  (cost=0.43..6.42 rows=99 width=4)
	  Index Cond: ((k >= 6930558) AND (k <= 6930658))

table 5 : explain SELECT k FROM sbtest5 WHERE k BETWEEN 6930558 AND 6930658
	Index Only Scan using k_5 on sbtest5  (cost=0.43..6.43 rows=100 width=4)
	  Index Cond: ((k >= 6930558) AND (k <= 6930658))

table 6 : explain SELECT k FROM sbtest6 WHERE k BETWEEN 6930558 AND 6930658
	Index Only Scan using k_6 on sbtest6  (cost=0.43..6.29 rows=93 width=4)
	  Index Cond: ((k >= 6930558) AND (k <= 6930658))

table 7 : explain SELECT k FROM sbtest7 WHERE k BETWEEN 6930558 AND 6930658
	Index Only Scan using k_7 on sbtest7  (cost=0.43..6.51 rows=104 width=4)
	  Index Cond: ((k >= 6930558) AND (k <= 6930658))

table 8 : explain SELECT k FROM sbtest8 WHERE k BETWEEN 6930558 AND 6930658
	Index Only Scan using k_8 on sbtest8  (cost=0.43..6.50 rows=103 width=4)
	  Index Cond: ((k >= 6930558) AND (k <= 6930658))

explain: for range-covered :: explain SELECT k FROM sbtest%d WHERE k BETWEEN 6930558 AND 6930658
for range-covered
table 1 : explain SELECT k FROM sbtest1 WHERE k BETWEEN 5200351 AND 5200451
	Index Only Scan using k_1 on sbtest1  (cost=0.43..6.66 rows=111 width=4)
	  Index Cond: ((k >= 5200351) AND (k <= 5200451))

table 2 : explain SELECT k FROM sbtest2 WHERE k BETWEEN 5200351 AND 5200451
	Index Only Scan using k_2 on sbtest2  (cost=0.43..6.37 rows=97 width=4)
	  Index Cond: ((k >= 5200351) AND (k <= 5200451))

table 3 : explain SELECT k FROM sbtest3 WHERE k BETWEEN 5200351 AND 5200451
	Index Only Scan using k_3 on sbtest3  (cost=0.43..6.29 rows=93 width=4)
	  Index Cond: ((k >= 5200351) AND (k <= 5200451))

table 4 : explain SELECT k FROM sbtest4 WHERE k BETWEEN 5200351 AND 5200451
	Index Only Scan using k_4 on sbtest4  (cost=0.43..6.47 rows=102 width=4)
	  Index Cond: ((k >= 5200351) AND (k <= 5200451))

table 5 : explain SELECT k FROM sbtest5 WHERE k BETWEEN 5200351 AND 5200451
	Index Only Scan using k_5 on sbtest5  (cost=0.43..6.51 rows=104 width=4)
	  Index Cond: ((k >= 5200351) AND (k <= 5200451))

table 6 : explain SELECT k FROM sbtest6 WHERE k BETWEEN 5200351 AND 5200451
	Index Only Scan using k_6 on sbtest6  (cost=0.43..6.59 rows=108 width=4)
	  Index Cond: ((k >= 5200351) AND (k <= 5200451))

table 7 : explain SELECT k FROM sbtest7 WHERE k BETWEEN 5200351 AND 5200451
	Index Only Scan using k_7 on sbtest7  (cost=0.43..6.51 rows=104 width=4)
	  Index Cond: ((k >= 5200351) AND (k <= 5200451))

table 8 : explain SELECT k FROM sbtest8 WHERE k BETWEEN 5200351 AND 5200451
	Index Only Scan using k_8 on sbtest8  (cost=0.43..6.33 rows=95 width=4)
	  Index Cond: ((k >= 5200351) AND (k <= 5200451))

for range-covered
table 1 : explain SELECT k FROM sbtest1 WHERE k BETWEEN 7515693 AND 7515793
	Index Only Scan using k_1 on sbtest1  (cost=0.43..6.51 rows=104 width=4)
	  Index Cond: ((k >= 7515693) AND (k <= 7515793))

table 2 : explain SELECT k FROM sbtest2 WHERE k BETWEEN 7515693 AND 7515793
	Index Only Scan using k_2 on sbtest2  (cost=0.43..6.67 rows=112 width=4)
	  Index Cond: ((k >= 7515693) AND (k <= 7515793))

table 3 : explain SELECT k FROM sbtest3 WHERE k BETWEEN 7515693 AND 7515793
	Index Only Scan using k_3 on sbtest3  (cost=0.43..6.43 rows=100 width=4)
	  Index Cond: ((k >= 7515693) AND (k <= 7515793))

table 4 : explain SELECT k FROM sbtest4 WHERE k BETWEEN 7515693 AND 7515793
	Index Only Scan using k_4 on sbtest4  (cost=0.43..6.40 rows=98 width=4)
	  Index Cond: ((k >= 7515693) AND (k <= 7515793))

table 5 : explain SELECT k FROM sbtest5 WHERE k BETWEEN 7515693 AND 7515793
	Index Only Scan using k_5 on sbtest5  (cost=0.43..6.17 rows=87 width=4)
	  Index Cond: ((k >= 7515693) AND (k <= 7515793))

table 6 : explain SELECT k FROM sbtest6 WHERE k BETWEEN 7515693 AND 7515793
	Index Only Scan using k_6 on sbtest6  (cost=0.43..6.51 rows=104 width=4)
	  Index Cond: ((k >= 7515693) AND (k <= 7515793))

table 7 : explain SELECT k FROM sbtest7 WHERE k BETWEEN 7515693 AND 7515793
	Index Only Scan using k_7 on sbtest7  (cost=0.43..6.33 rows=95 width=4)
	  Index Cond: ((k >= 7515693) AND (k <= 7515793))

table 8 : explain SELECT k FROM sbtest8 WHERE k BETWEEN 7515693 AND 7515793
	Index Only Scan using k_8 on sbtest8  (cost=0.43..6.33 rows=95 width=4)
	  Index Cond: ((k >= 7515693) AND (k <= 7515793))

for range-covered
table 1 : explain SELECT k FROM sbtest1 WHERE k BETWEEN 5896759 AND 5896859
	Index Only Scan using k_1 on sbtest1  (cost=0.43..6.43 rows=100 width=4)
	  Index Cond: ((k >= 5896759) AND (k <= 5896859))

table 2 : explain SELECT k FROM sbtest2 WHERE k BETWEEN 5896759 AND 5896859
	Index Only Scan using k_2 on sbtest2  (cost=0.43..6.53 rows=105 width=4)
	  Index Cond: ((k >= 5896759) AND (k <= 5896859))

table 3 : explain SELECT k FROM sbtest3 WHERE k BETWEEN 5896759 AND 5896859
	Index Only Scan using k_3 on sbtest3  (cost=0.43..6.51 rows=104 width=4)
	  Index Cond: ((k >= 5896759) AND (k <= 5896859))

table 4 : explain SELECT k FROM sbtest4 WHERE k BETWEEN 5896759 AND 5896859
	Index Only Scan using k_4 on sbtest4  (cost=0.43..6.37 rows=97 width=4)
	  Index Cond: ((k >= 5896759) AND (k <= 5896859))

table 5 : explain SELECT k FROM sbtest5 WHERE k BETWEEN 5896759 AND 5896859
	Index Only Scan using k_5 on sbtest5  (cost=0.43..6.45 rows=101 width=4)
	  Index Cond: ((k >= 5896759) AND (k <= 5896859))

table 6 : explain SELECT k FROM sbtest6 WHERE k BETWEEN 5896759 AND 5896859
	Index Only Scan using k_6 on sbtest6  (cost=0.43..6.59 rows=108 width=4)
	  Index Cond: ((k >= 5896759) AND (k <= 5896859))

table 7 : explain SELECT k FROM sbtest7 WHERE k BETWEEN 5896759 AND 5896859
	Index Only Scan using k_7 on sbtest7  (cost=0.43..6.59 rows=108 width=4)
	  Index Cond: ((k >= 5896759) AND (k <= 5896859))

table 8 : explain SELECT k FROM sbtest8 WHERE k BETWEEN 5896759 AND 5896859
	Index Only Scan using k_8 on sbtest8  (cost=0.43..6.47 rows=102 width=4)
	  Index Cond: ((k >= 5896759) AND (k <= 5896859))

for range-covered
table 1 : explain SELECT k FROM sbtest1 WHERE k BETWEEN 5069733 AND 5069833
	Index Only Scan using k_1 on sbtest1  (cost=0.43..6.66 rows=111 width=4)
	  Index Cond: ((k >= 5069733) AND (k <= 5069833))

table 2 : explain SELECT k FROM sbtest2 WHERE k BETWEEN 5069733 AND 5069833
	Index Only Scan using k_2 on sbtest2  (cost=0.43..6.27 rows=92 width=4)
	  Index Cond: ((k >= 5069733) AND (k <= 5069833))

table 3 : explain SELECT k FROM sbtest3 WHERE k BETWEEN 5069733 AND 5069833
	Index Only Scan using k_3 on sbtest3  (cost=0.43..6.40 rows=98 width=4)
	  Index Cond: ((k >= 5069733) AND (k <= 5069833))

table 4 : explain SELECT k FROM sbtest4 WHERE k BETWEEN 5069733 AND 5069833
	Index Only Scan using k_4 on sbtest4  (cost=0.43..6.47 rows=102 width=4)
	  Index Cond: ((k >= 5069733) AND (k <= 5069833))

table 5 : explain SELECT k FROM sbtest5 WHERE k BETWEEN 5069733 AND 5069833
	Index Only Scan using k_5 on sbtest5  (cost=0.43..6.53 rows=105 width=4)
	  Index Cond: ((k >= 5069733) AND (k <= 5069833))

table 6 : explain SELECT k FROM sbtest6 WHERE k BETWEEN 5069733 AND 5069833
	Index Only Scan using k_6 on sbtest6  (cost=0.43..6.45 rows=101 width=4)
	  Index Cond: ((k >= 5069733) AND (k <= 5069833))

table 7 : explain SELECT k FROM sbtest7 WHERE k BETWEEN 5069733 AND 5069833
	Index Only Scan using k_7 on sbtest7  (cost=0.43..6.43 rows=100 width=4)
	  Index Cond: ((k >= 5069733) AND (k <= 5069833))

table 8 : explain SELECT k FROM sbtest8 WHERE k BETWEEN 5069733 AND 5069833
	Index Only Scan using k_8 on sbtest8  (cost=0.43..6.56 rows=106 width=4)
	  Index Cond: ((k >= 5069733) AND (k <= 5069833))

explain: for range-covered :: explain SELECT k FROM sbtest%d WHERE k BETWEEN 5896759 AND 5896859
explain: for range-covered :: explain SELECT k FROM sbtest%d WHERE k BETWEEN 5069733 AND 5069833
for range-covered
table 1 : explain SELECT k FROM sbtest1 WHERE k BETWEEN 6930558 AND 6930658
	Index Only Scan using k_1 on sbtest1  (cost=0.43..6.43 rows=100 width=4)
	  Index Cond: ((k >= 6930558) AND (k <= 6930658))

table 2 : explain SELECT k FROM sbtest2 WHERE k BETWEEN 6930558 AND 6930658
	Index Only Scan using k_2 on sbtest2  (cost=0.43..6.59 rows=108 width=4)
	  Index Cond: ((k >= 6930558) AND (k <= 6930658))

table 3 : explain SELECT k FROM sbtest3 WHERE k BETWEEN 6930558 AND 6930658
	Index Only Scan using k_3 on sbtest3  (cost=0.43..6.43 rows=100 width=4)
	  Index Cond: ((k >= 6930558) AND (k <= 6930658))

table 4 : explain SELECT k FROM sbtest4 WHERE k BETWEEN 6930558 AND 6930658
	Index Only Scan using k_4 on sbtest4  (cost=0.43..6.42 rows=99 width=4)
	  Index Cond: ((k >= 6930558) AND (k <= 6930658))

table 5 : explain SELECT k FROM sbtest5 WHERE k BETWEEN 6930558 AND 6930658
	Index Only Scan using k_5 on sbtest5  (cost=0.43..6.43 rows=100 width=4)
	  Index Cond: ((k >= 6930558) AND (k <= 6930658))

table 6 : explain SELECT k FROM sbtest6 WHERE k BETWEEN 6930558 AND 6930658
	Index Only Scan using k_6 on sbtest6  (cost=0.43..6.29 rows=93 width=4)
	  Index Cond: ((k >= 6930558) AND (k <= 6930658))

table 7 : explain SELECT k FROM sbtest7 WHERE k BETWEEN 6930558 AND 6930658
	Index Only Scan using k_7 on sbtest7  (cost=0.43..6.51 rows=104 width=4)
	  Index Cond: ((k >= 6930558) AND (k <= 6930658))

table 8 : explain SELECT k FROM sbtest8 WHERE k BETWEEN 6930558 AND 6930658
	Index Only Scan using k_8 on sbtest8  (cost=0.43..6.50 rows=103 width=4)
	  Index Cond: ((k >= 6930558) AND (k <= 6930658))

explain: for range-covered :: explain SELECT k FROM sbtest%d WHERE k BETWEEN 6930558 AND 6930658
for range-covered
table 1 : explain SELECT k FROM sbtest1 WHERE k BETWEEN 3142915 AND 3143015
	Index Only Scan using k_1 on sbtest1  (cost=0.43..6.56 rows=106 width=4)
	  Index Cond: ((k >= 3142915) AND (k <= 3143015))

table 2 : explain SELECT k FROM sbtest2 WHERE k BETWEEN 3142915 AND 3143015
	Index Only Scan using k_2 on sbtest2  (cost=0.43..6.51 rows=104 width=4)
	  Index Cond: ((k >= 3142915) AND (k <= 3143015))

table 3 : explain SELECT k FROM sbtest3 WHERE k BETWEEN 3142915 AND 3143015
	Index Only Scan using k_3 on sbtest3  (cost=0.43..6.47 rows=102 width=4)
	  Index Cond: ((k >= 3142915) AND (k <= 3143015))

table 4 : explain SELECT k FROM sbtest4 WHERE k BETWEEN 3142915 AND 3143015
	Index Only Scan using k_4 on sbtest4  (cost=0.43..6.61 rows=109 width=4)
	  Index Cond: ((k >= 3142915) AND (k <= 3143015))

table 5 : explain SELECT k FROM sbtest5 WHERE k BETWEEN 3142915 AND 3143015
	Index Only Scan using k_5 on sbtest5  (cost=0.43..6.72 rows=114 width=4)
	  Index Cond: ((k >= 3142915) AND (k <= 3143015))

table 6 : explain SELECT k FROM sbtest6 WHERE k BETWEEN 3142915 AND 3143015
	Index Only Scan using k_6 on sbtest6  (cost=0.43..6.33 rows=95 width=4)
	  Index Cond: ((k >= 3142915) AND (k <= 3143015))

table 7 : explain SELECT k FROM sbtest7 WHERE k BETWEEN 3142915 AND 3143015
	Index Only Scan using k_7 on sbtest7  (cost=0.43..6.33 rows=95 width=4)
	  Index Cond: ((k >= 3142915) AND (k <= 3143015))

table 8 : explain SELECT k FROM sbtest8 WHERE k BETWEEN 3142915 AND 3143015
	Index Only Scan using k_8 on sbtest8  (cost=0.43..6.43 rows=100 width=4)
	  Index Cond: ((k >= 3142915) AND (k <= 3143015))

for range-covered
table 1 : explain SELECT k FROM sbtest1 WHERE k BETWEEN 4005830 AND 4005930
	Index Only Scan using k_1 on sbtest1  (cost=0.43..6.45 rows=101 width=4)
	  Index Cond: ((k >= 4005830) AND (k <= 4005930))

table 2 : explain SELECT k FROM sbtest2 WHERE k BETWEEN 4005830 AND 4005930
	Index Only Scan using k_2 on sbtest2  (cost=0.43..6.25 rows=91 width=4)
	  Index Cond: ((k >= 4005830) AND (k <= 4005930))

table 3 : explain SELECT k FROM sbtest3 WHERE k BETWEEN 4005830 AND 4005930
	Index Only Scan using k_3 on sbtest3  (cost=0.43..6.63 rows=110 width=4)
	  Index Cond: ((k >= 4005830) AND (k <= 4005930))

table 4 : explain SELECT k FROM sbtest4 WHERE k BETWEEN 4005830 AND 4005930
	Index Only Scan using k_4 on sbtest4  (cost=0.43..6.53 rows=105 width=4)
	  Index Cond: ((k >= 4005830) AND (k <= 4005930))

table 5 : explain SELECT k FROM sbtest5 WHERE k BETWEEN 4005830 AND 4005930
	Index Only Scan using k_5 on sbtest5  (cost=0.43..6.63 rows=110 width=4)
	  Index Cond: ((k >= 4005830) AND (k <= 4005930))

table 6 : explain SELECT k FROM sbtest6 WHERE k BETWEEN 4005830 AND 4005930
	Index Only Scan using k_6 on sbtest6  (cost=0.43..6.47 rows=102 width=4)
	  Index Cond: ((k >= 4005830) AND (k <= 4005930))

table 7 : explain SELECT k FROM sbtest7 WHERE k BETWEEN 4005830 AND 4005930
	Index Only Scan using k_7 on sbtest7  (cost=0.43..6.61 rows=109 width=4)
	  Index Cond: ((k >= 4005830) AND (k <= 4005930))

table 8 : explain SELECT k FROM sbtest8 WHERE k BETWEEN 4005830 AND 4005930
	Index Only Scan using k_8 on sbtest8  (cost=0.43..6.50 rows=103 width=4)
	  Index Cond: ((k >= 4005830) AND (k <= 4005930))

explain: for range-covered :: explain SELECT k FROM sbtest%d WHERE k BETWEEN 3142915 AND 3143015
explain: for range-covered :: explain SELECT k FROM sbtest%d WHERE k BETWEEN 4005830 AND 4005930
for range-covered
table 1 : explain SELECT k FROM sbtest1 WHERE k BETWEEN 5069733 AND 5069833
	Index Only Scan using k_1 on sbtest1  (cost=0.43..6.66 rows=111 width=4)
	  Index Cond: ((k >= 5069733) AND (k <= 5069833))

table 2 : explain SELECT k FROM sbtest2 WHERE k BETWEEN 5069733 AND 5069833
	Index Only Scan using k_2 on sbtest2  (cost=0.43..6.27 rows=92 width=4)
	  Index Cond: ((k >= 5069733) AND (k <= 5069833))

table 3 : explain SELECT k FROM sbtest3 WHERE k BETWEEN 5069733 AND 5069833
	Index Only Scan using k_3 on sbtest3  (cost=0.43..6.40 rows=98 width=4)
	  Index Cond: ((k >= 5069733) AND (k <= 5069833))

table 4 : explain SELECT k FROM sbtest4 WHERE k BETWEEN 5069733 AND 5069833
	Index Only Scan using k_4 on sbtest4  (cost=0.43..6.47 rows=102 width=4)
	  Index Cond: ((k >= 5069733) AND (k <= 5069833))

table 5 : explain SELECT k FROM sbtest5 WHERE k BETWEEN 5069733 AND 5069833
	Index Only Scan using k_5 on sbtest5  (cost=0.43..6.53 rows=105 width=4)
	  Index Cond: ((k >= 5069733) AND (k <= 5069833))

table 6 : explain SELECT k FROM sbtest6 WHERE k BETWEEN 5069733 AND 5069833
	Index Only Scan using k_6 on sbtest6  (cost=0.43..6.45 rows=101 width=4)
	  Index Cond: ((k >= 5069733) AND (k <= 5069833))

table 7 : explain SELECT k FROM sbtest7 WHERE k BETWEEN 5069733 AND 5069833
	Index Only Scan using k_7 on sbtest7  (cost=0.43..6.43 rows=100 width=4)
	  Index Cond: ((k >= 5069733) AND (k <= 5069833))

table 8 : explain SELECT k FROM sbtest8 WHERE k BETWEEN 5069733 AND 5069833
	Index Only Scan using k_8 on sbtest8  (cost=0.43..6.56 rows=106 width=4)
	  Index Cond: ((k >= 5069733) AND (k <= 5069833))

for range-covered
table 1 : explain SELECT k FROM sbtest1 WHERE k BETWEEN 5896759 AND 5896859
	Index Only Scan using k_1 on sbtest1  (cost=0.43..6.43 rows=100 width=4)
	  Index Cond: ((k >= 5896759) AND (k <= 5896859))

table 2 : explain SELECT k FROM sbtest2 WHERE k BETWEEN 5896759 AND 5896859
	Index Only Scan using k_2 on sbtest2  (cost=0.43..6.53 rows=105 width=4)
	  Index Cond: ((k >= 5896759) AND (k <= 5896859))

table 3 : explain SELECT k FROM sbtest3 WHERE k BETWEEN 5896759 AND 5896859
	Index Only Scan using k_3 on sbtest3  (cost=0.43..6.51 rows=104 width=4)
	  Index Cond: ((k >= 5896759) AND (k <= 5896859))

table 4 : explain SELECT k FROM sbtest4 WHERE k BETWEEN 5896759 AND 5896859
	Index Only Scan using k_4 on sbtest4  (cost=0.43..6.37 rows=97 width=4)
	  Index Cond: ((k >= 5896759) AND (k <= 5896859))

table 5 : explain SELECT k FROM sbtest5 WHERE k BETWEEN 5896759 AND 5896859
	Index Only Scan using k_5 on sbtest5  (cost=0.43..6.45 rows=101 width=4)
	  Index Cond: ((k >= 5896759) AND (k <= 5896859))

table 6 : explain SELECT k FROM sbtest6 WHERE k BETWEEN 5896759 AND 5896859
	Index Only Scan using k_6 on sbtest6  (cost=0.43..6.59 rows=108 width=4)
	  Index Cond: ((k >= 5896759) AND (k <= 5896859))

table 7 : explain SELECT k FROM sbtest7 WHERE k BETWEEN 5896759 AND 5896859
	Index Only Scan using k_7 on sbtest7  (cost=0.43..6.59 rows=108 width=4)
	  Index Cond: ((k >= 5896759) AND (k <= 5896859))

table 8 : explain SELECT k FROM sbtest8 WHERE k BETWEEN 5896759 AND 5896859
	Index Only Scan using k_8 on sbtest8  (cost=0.43..6.47 rows=102 width=4)
	  Index Cond: ((k >= 5896759) AND (k <= 5896859))

explain: for range-covered :: explain SELECT k FROM sbtest%d WHERE k BETWEEN 5069733 AND 5069833
explain: for range-covered :: explain SELECT k FROM sbtest%d WHERE k BETWEEN 5896759 AND 5896859
explain: for range-covered :: explain SELECT k FROM sbtest%d WHERE k BETWEEN 4596034 AND 4596134
for range-covered
table 1 : explain SELECT k FROM sbtest1 WHERE k BETWEEN 6930558 AND 6930658
	Index Only Scan using k_1 on sbtest1  (cost=0.43..6.43 rows=100 width=4)
	  Index Cond: ((k >= 6930558) AND (k <= 6930658))

table 2 : explain SELECT k FROM sbtest2 WHERE k BETWEEN 6930558 AND 6930658
	Index Only Scan using k_2 on sbtest2  (cost=0.43..6.59 rows=108 width=4)
	  Index Cond: ((k >= 6930558) AND (k <= 6930658))

table 3 : explain SELECT k FROM sbtest3 WHERE k BETWEEN 6930558 AND 6930658
	Index Only Scan using k_3 on sbtest3  (cost=0.43..6.43 rows=100 width=4)
	  Index Cond: ((k >= 6930558) AND (k <= 6930658))

table 4 : explain SELECT k FROM sbtest4 WHERE k BETWEEN 6930558 AND 6930658
	Index Only Scan using k_4 on sbtest4  (cost=0.43..6.42 rows=99 width=4)
	  Index Cond: ((k >= 6930558) AND (k <= 6930658))

table 5 : explain SELECT k FROM sbtest5 WHERE k BETWEEN 6930558 AND 6930658
	Index Only Scan using k_5 on sbtest5  (cost=0.43..6.43 rows=100 width=4)
	  Index Cond: ((k >= 6930558) AND (k <= 6930658))

table 6 : explain SELECT k FROM sbtest6 WHERE k BETWEEN 6930558 AND 6930658
	Index Only Scan using k_6 on sbtest6  (cost=0.43..6.29 rows=93 width=4)
	  Index Cond: ((k >= 6930558) AND (k <= 6930658))

table 7 : explain SELECT k FROM sbtest7 WHERE k BETWEEN 6930558 AND 6930658
	Index Only Scan using k_7 on sbtest7  (cost=0.43..6.51 rows=104 width=4)
	  Index Cond: ((k >= 6930558) AND (k <= 6930658))

table 8 : explain SELECT k FROM sbtest8 WHERE k BETWEEN 6930558 AND 6930658
	Index Only Scan using k_8 on sbtest8  (cost=0.43..6.50 rows=103 width=4)
	  Index Cond: ((k >= 6930558) AND (k <= 6930658))

for range-covered
table 1 : explain SELECT k FROM sbtest1 WHERE k BETWEEN 8642778 AND 8642878
	Index Only Scan using k_1 on sbtest1  (cost=0.43..6.66 rows=111 width=4)
	  Index Cond: ((k >= 8642778) AND (k <= 8642878))

table 2 : explain SELECT k FROM sbtest2 WHERE k BETWEEN 8642778 AND 8642878
	Index Only Scan using k_2 on sbtest2  (cost=0.43..6.42 rows=99 width=4)
	  Index Cond: ((k >= 8642778) AND (k <= 8642878))

table 3 : explain SELECT k FROM sbtest3 WHERE k BETWEEN 8642778 AND 8642878
	Index Only Scan using k_3 on sbtest3  (cost=0.43..6.32 rows=94 width=4)
	  Index Cond: ((k >= 8642778) AND (k <= 8642878))

table 4 : explain SELECT k FROM sbtest4 WHERE k BETWEEN 8642778 AND 8642878
	Index Only Scan using k_4 on sbtest4  (cost=0.43..6.43 rows=100 width=4)
	  Index Cond: ((k >= 8642778) AND (k <= 8642878))

table 5 : explain SELECT k FROM sbtest5 WHERE k BETWEEN 8642778 AND 8642878
	Index Only Scan using k_5 on sbtest5  (cost=0.43..6.56 rows=106 width=4)
	  Index Cond: ((k >= 8642778) AND (k <= 8642878))

table 6 : explain SELECT k FROM sbtest6 WHERE k BETWEEN 8642778 AND 8642878
	Index Only Scan using k_6 on sbtest6  (cost=0.43..6.42 rows=99 width=4)
	  Index Cond: ((k >= 8642778) AND (k <= 8642878))

table 7 : explain SELECT k FROM sbtest7 WHERE k BETWEEN 8642778 AND 8642878
	Index Only Scan using k_7 on sbtest7  (cost=0.43..6.50 rows=103 width=4)
	  Index Cond: ((k >= 8642778) AND (k <= 8642878))

table 8 : explain SELECT k FROM sbtest8 WHERE k BETWEEN 8642778 AND 8642878
	Index Only Scan using k_8 on sbtest8  (cost=0.43..6.58 rows=107 width=4)
	  Index Cond: ((k >= 8642778) AND (k <= 8642878))

explain: for range-covered :: explain SELECT k FROM sbtest%d WHERE k BETWEEN 8642778 AND 8642878
for range-covered
table 1 : explain SELECT k FROM sbtest1 WHERE k BETWEEN 4111089 AND 4111189
	Index Only Scan using k_1 on sbtest1  (cost=0.43..6.40 rows=98 width=4)
	  Index Cond: ((k >= 4111089) AND (k <= 4111189))

table 2 : explain SELECT k FROM sbtest2 WHERE k BETWEEN 4111089 AND 4111189
	Index Only Scan using k_2 on sbtest2  (cost=0.43..6.53 rows=105 width=4)
	  Index Cond: ((k >= 4111089) AND (k <= 4111189))

table 3 : explain SELECT k FROM sbtest3 WHERE k BETWEEN 4111089 AND 4111189
	Index Only Scan using k_3 on sbtest3  (cost=0.43..6.45 rows=101 width=4)
	  Index Cond: ((k >= 4111089) AND (k <= 4111189))

table 4 : explain SELECT k FROM sbtest4 WHERE k BETWEEN 4111089 AND 4111189
	Index Only Scan using k_4 on sbtest4  (cost=0.43..6.35 rows=96 width=4)
	  Index Cond: ((k >= 4111089) AND (k <= 4111189))

table 5 : explain SELECT k FROM sbtest5 WHERE k BETWEEN 4111089 AND 4111189
	Index Only Scan using k_5 on sbtest5  (cost=0.43..6.58 rows=107 width=4)
	  Index Cond: ((k >= 4111089) AND (k <= 4111189))

table 6 : explain SELECT k FROM sbtest6 WHERE k BETWEEN 4111089 AND 4111189
	Index Only Scan using k_6 on sbtest6  (cost=0.43..6.40 rows=98 width=4)
	  Index Cond: ((k >= 4111089) AND (k <= 4111189))

table 7 : explain SELECT k FROM sbtest7 WHERE k BETWEEN 4111089 AND 4111189
	Index Only Scan using k_7 on sbtest7  (cost=0.43..6.50 rows=103 width=4)
	  Index Cond: ((k >= 4111089) AND (k <= 4111189))

table 8 : explain SELECT k FROM sbtest8 WHERE k BETWEEN 4111089 AND 4111189
	Index Only Scan using k_8 on sbtest8  (cost=0.43..6.43 rows=100 width=4)
	  Index Cond: ((k >= 4111089) AND (k <= 4111189))

explain: for range-covered :: explain SELECT k FROM sbtest%d WHERE k BETWEEN 4111089 AND 4111189
for range-covered
table 1 : explain SELECT k FROM sbtest1 WHERE k BETWEEN 5069733 AND 5069833
	Index Only Scan using k_1 on sbtest1  (cost=0.43..6.66 rows=111 width=4)
	  Index Cond: ((k >= 5069733) AND (k <= 5069833))

table 2 : explain SELECT k FROM sbtest2 WHERE k BETWEEN 5069733 AND 5069833
	Index Only Scan using k_2 on sbtest2  (cost=0.43..6.27 rows=92 width=4)
	  Index Cond: ((k >= 5069733) AND (k <= 5069833))

table 3 : explain SELECT k FROM sbtest3 WHERE k BETWEEN 5069733 AND 5069833
	Index Only Scan using k_3 on sbtest3  (cost=0.43..6.40 rows=98 width=4)
	  Index Cond: ((k >= 5069733) AND (k <= 5069833))

table 4 : explain SELECT k FROM sbtest4 WHERE k BETWEEN 5069733 AND 5069833
	Index Only Scan using k_4 on sbtest4  (cost=0.43..6.47 rows=102 width=4)
	  Index Cond: ((k >= 5069733) AND (k <= 5069833))

table 5 : explain SELECT k FROM sbtest5 WHERE k BETWEEN 5069733 AND 5069833
	Index Only Scan using k_5 on sbtest5  (cost=0.43..6.53 rows=105 width=4)
	  Index Cond: ((k >= 5069733) AND (k <= 5069833))

table 6 : explain SELECT k FROM sbtest6 WHERE k BETWEEN 5069733 AND 5069833
	Index Only Scan using k_6 on sbtest6  (cost=0.43..6.45 rows=101 width=4)
	  Index Cond: ((k >= 5069733) AND (k <= 5069833))

table 7 : explain SELECT k FROM sbtest7 WHERE k BETWEEN 5069733 AND 5069833
	Index Only Scan using k_7 on sbtest7  (cost=0.43..6.43 rows=100 width=4)
	  Index Cond: ((k >= 5069733) AND (k <= 5069833))

table 8 : explain SELECT k FROM sbtest8 WHERE k BETWEEN 5069733 AND 5069833
	Index Only Scan using k_8 on sbtest8  (cost=0.43..6.56 rows=106 width=4)
	  Index Cond: ((k >= 5069733) AND (k <= 5069833))

for range-covered
table 1 : explain SELECT k FROM sbtest1 WHERE k BETWEEN 5896759 AND 5896859
	Index Only Scan using k_1 on sbtest1  (cost=0.43..6.43 rows=100 width=4)
	  Index Cond: ((k >= 5896759) AND (k <= 5896859))

table 2 : explain SELECT k FROM sbtest2 WHERE k BETWEEN 5896759 AND 5896859
	Index Only Scan using k_2 on sbtest2  (cost=0.43..6.53 rows=105 width=4)
	  Index Cond: ((k >= 5896759) AND (k <= 5896859))

table 3 : explain SELECT k FROM sbtest3 WHERE k BETWEEN 5896759 AND 5896859
	Index Only Scan using k_3 on sbtest3  (cost=0.43..6.51 rows=104 width=4)
	  Index Cond: ((k >= 5896759) AND (k <= 5896859))

table 4 : explain SELECT k FROM sbtest4 WHERE k BETWEEN 5896759 AND 5896859
	Index Only Scan using k_4 on sbtest4  (cost=0.43..6.37 rows=97 width=4)
	  Index Cond: ((k >= 5896759) AND (k <= 5896859))

table 5 : explain SELECT k FROM sbtest5 WHERE k BETWEEN 5896759 AND 5896859
	Index Only Scan using k_5 on sbtest5  (cost=0.43..6.45 rows=101 width=4)
	  Index Cond: ((k >= 5896759) AND (k <= 5896859))

table 6 : explain SELECT k FROM sbtest6 WHERE k BETWEEN 5896759 AND 5896859
	Index Only Scan using k_6 on sbtest6  (cost=0.43..6.59 rows=108 width=4)
	  Index Cond: ((k >= 5896759) AND (k <= 5896859))

table 7 : explain SELECT k FROM sbtest7 WHERE k BETWEEN 5896759 AND 5896859
	Index Only Scan using k_7 on sbtest7  (cost=0.43..6.59 rows=108 width=4)
	  Index Cond: ((k >= 5896759) AND (k <= 5896859))

table 8 : explain SELECT k FROM sbtest8 WHERE k BETWEEN 5896759 AND 5896859
	Index Only Scan using k_8 on sbtest8  (cost=0.43..6.47 rows=102 width=4)
	  Index Cond: ((k >= 5896759) AND (k <= 5896859))

explain: for range-covered :: explain SELECT k FROM sbtest%d WHERE k BETWEEN 5069733 AND 5069833
explain: for range-covered :: explain SELECT k FROM sbtest%d WHERE k BETWEEN 5896759 AND 5896859
for range-covered
table 1 : explain SELECT k FROM sbtest1 WHERE k BETWEEN 8642778 AND 8642878
	Index Only Scan using k_1 on sbtest1  (cost=0.43..6.66 rows=111 width=4)
	  Index Cond: ((k >= 8642778) AND (k <= 8642878))

table 2 : explain SELECT k FROM sbtest2 WHERE k BETWEEN 8642778 AND 8642878
	Index Only Scan using k_2 on sbtest2  (cost=0.43..6.42 rows=99 width=4)
	  Index Cond: ((k >= 8642778) AND (k <= 8642878))

table 3 : explain SELECT k FROM sbtest3 WHERE k BETWEEN 8642778 AND 8642878
	Index Only Scan using k_3 on sbtest3  (cost=0.43..6.32 rows=94 width=4)
	  Index Cond: ((k >= 8642778) AND (k <= 8642878))

table 4 : explain SELECT k FROM sbtest4 WHERE k BETWEEN 8642778 AND 8642878
	Index Only Scan using k_4 on sbtest4  (cost=0.43..6.43 rows=100 width=4)
	  Index Cond: ((k >= 8642778) AND (k <= 8642878))

table 5 : explain SELECT k FROM sbtest5 WHERE k BETWEEN 8642778 AND 8642878
	Index Only Scan using k_5 on sbtest5  (cost=0.43..6.56 rows=106 width=4)
	  Index Cond: ((k >= 8642778) AND (k <= 8642878))

table 6 : explain SELECT k FROM sbtest6 WHERE k BETWEEN 8642778 AND 8642878
	Index Only Scan using k_6 on sbtest6  (cost=0.43..6.42 rows=99 width=4)
	  Index Cond: ((k >= 8642778) AND (k <= 8642878))

table 7 : explain SELECT k FROM sbtest7 WHERE k BETWEEN 8642778 AND 8642878
	Index Only Scan using k_7 on sbtest7  (cost=0.43..6.50 rows=103 width=4)
	  Index Cond: ((k >= 8642778) AND (k <= 8642878))

table 8 : explain SELECT k FROM sbtest8 WHERE k BETWEEN 8642778 AND 8642878
	Index Only Scan using k_8 on sbtest8  (cost=0.43..6.58 rows=107 width=4)
	  Index Cond: ((k >= 8642778) AND (k <= 8642878))

for range-covered
table 1 : explain SELECT k FROM sbtest1 WHERE k BETWEEN 4005830 AND 4005930
	Index Only Scan using k_1 on sbtest1  (cost=0.43..6.45 rows=101 width=4)
	  Index Cond: ((k >= 4005830) AND (k <= 4005930))

table 2 : explain SELECT k FROM sbtest2 WHERE k BETWEEN 4005830 AND 4005930
	Index Only Scan using k_2 on sbtest2  (cost=0.43..6.25 rows=91 width=4)
	  Index Cond: ((k >= 4005830) AND (k <= 4005930))

table 3 : explain SELECT k FROM sbtest3 WHERE k BETWEEN 4005830 AND 4005930
	Index Only Scan using k_3 on sbtest3  (cost=0.43..6.63 rows=110 width=4)
	  Index Cond: ((k >= 4005830) AND (k <= 4005930))

table 4 : explain SELECT k FROM sbtest4 WHERE k BETWEEN 4005830 AND 4005930
	Index Only Scan using k_4 on sbtest4  (cost=0.43..6.53 rows=105 width=4)
	  Index Cond: ((k >= 4005830) AND (k <= 4005930))

table 5 : explain SELECT k FROM sbtest5 WHERE k BETWEEN 4005830 AND 4005930
	Index Only Scan using k_5 on sbtest5  (cost=0.43..6.63 rows=110 width=4)
	  Index Cond: ((k >= 4005830) AND (k <= 4005930))

table 6 : explain SELECT k FROM sbtest6 WHERE k BETWEEN 4005830 AND 4005930
	Index Only Scan using k_6 on sbtest6  (cost=0.43..6.47 rows=102 width=4)
	  Index Cond: ((k >= 4005830) AND (k <= 4005930))

table 7 : explain SELECT k FROM sbtest7 WHERE k BETWEEN 4005830 AND 4005930
	Index Only Scan using k_7 on sbtest7  (cost=0.43..6.61 rows=109 width=4)
	  Index Cond: ((k >= 4005830) AND (k <= 4005930))

table 8 : explain SELECT k FROM sbtest8 WHERE k BETWEEN 4005830 AND 4005930
	Index Only Scan using k_8 on sbtest8  (cost=0.43..6.50 rows=103 width=4)
	  Index Cond: ((k >= 4005830) AND (k <= 4005930))

for range-covered
table 1 : explain SELECT k FROM sbtest1 WHERE k BETWEEN 3142915 AND 3143015
	Index Only Scan using k_1 on sbtest1  (cost=0.43..6.56 rows=106 width=4)
	  Index Cond: ((k >= 3142915) AND (k <= 3143015))

table 2 : explain SELECT k FROM sbtest2 WHERE k BETWEEN 3142915 AND 3143015
	Index Only Scan using k_2 on sbtest2  (cost=0.43..6.51 rows=104 width=4)
	  Index Cond: ((k >= 3142915) AND (k <= 3143015))

table 3 : explain SELECT k FROM sbtest3 WHERE k BETWEEN 3142915 AND 3143015
	Index Only Scan using k_3 on sbtest3  (cost=0.43..6.47 rows=102 width=4)
	  Index Cond: ((k >= 3142915) AND (k <= 3143015))

table 4 : explain SELECT k FROM sbtest4 WHERE k BETWEEN 3142915 AND 3143015
	Index Only Scan using k_4 on sbtest4  (cost=0.43..6.61 rows=109 width=4)
	  Index Cond: ((k >= 3142915) AND (k <= 3143015))

table 5 : explain SELECT k FROM sbtest5 WHERE k BETWEEN 3142915 AND 3143015
	Index Only Scan using k_5 on sbtest5  (cost=0.43..6.72 rows=114 width=4)
	  Index Cond: ((k >= 3142915) AND (k <= 3143015))

table 6 : explain SELECT k FROM sbtest6 WHERE k BETWEEN 3142915 AND 3143015
	Index Only Scan using k_6 on sbtest6  (cost=0.43..6.33 rows=95 width=4)
	  Index Cond: ((k >= 3142915) AND (k <= 3143015))

table 7 : explain SELECT k FROM sbtest7 WHERE k BETWEEN 3142915 AND 3143015
	Index Only Scan using k_7 on sbtest7  (cost=0.43..6.33 rows=95 width=4)
	  Index Cond: ((k >= 3142915) AND (k <= 3143015))

table 8 : explain SELECT k FROM sbtest8 WHERE k BETWEEN 3142915 AND 3143015
	Index Only Scan using k_8 on sbtest8  (cost=0.43..6.43 rows=100 width=4)
	  Index Cond: ((k >= 3142915) AND (k <= 3143015))

explain: for range-covered :: explain SELECT k FROM sbtest%d WHERE k BETWEEN 8642778 AND 8642878
for range-covered
table 1 : explain SELECT k FROM sbtest1 WHERE k BETWEEN 4111089 AND 4111189
	Index Only Scan using k_1 on sbtest1  (cost=0.43..6.40 rows=98 width=4)
	  Index Cond: ((k >= 4111089) AND (k <= 4111189))

table 2 : explain SELECT k FROM sbtest2 WHERE k BETWEEN 4111089 AND 4111189
	Index Only Scan using k_2 on sbtest2  (cost=0.43..6.53 rows=105 width=4)
	  Index Cond: ((k >= 4111089) AND (k <= 4111189))

table 3 : explain SELECT k FROM sbtest3 WHERE k BETWEEN 4111089 AND 4111189
	Index Only Scan using k_3 on sbtest3  (cost=0.43..6.45 rows=101 width=4)
	  Index Cond: ((k >= 4111089) AND (k <= 4111189))

table 4 : explain SELECT k FROM sbtest4 WHERE k BETWEEN 4111089 AND 4111189
	Index Only Scan using k_4 on sbtest4  (cost=0.43..6.35 rows=96 width=4)
	  Index Cond: ((k >= 4111089) AND (k <= 4111189))

table 5 : explain SELECT k FROM sbtest5 WHERE k BETWEEN 4111089 AND 4111189
	Index Only Scan using k_5 on sbtest5  (cost=0.43..6.58 rows=107 width=4)
	  Index Cond: ((k >= 4111089) AND (k <= 4111189))

table 6 : explain SELECT k FROM sbtest6 WHERE k BETWEEN 4111089 AND 4111189
	Index Only Scan using k_6 on sbtest6  (cost=0.43..6.40 rows=98 width=4)
	  Index Cond: ((k >= 4111089) AND (k <= 4111189))

table 7 : explain SELECT k FROM sbtest7 WHERE k BETWEEN 4111089 AND 4111189
	Index Only Scan using k_7 on sbtest7  (cost=0.43..6.50 rows=103 width=4)
	  Index Cond: ((k >= 4111089) AND (k <= 4111189))

table 8 : explain SELECT k FROM sbtest8 WHERE k BETWEEN 4111089 AND 4111189
	Index Only Scan using k_8 on sbtest8  (cost=0.43..6.43 rows=100 width=4)
	  Index Cond: ((k >= 4111089) AND (k <= 4111189))

explain: for range-covered :: explain SELECT k FROM sbtest%d WHERE k BETWEEN 4005830 AND 4005930
explain: for range-covered :: explain SELECT k FROM sbtest%d WHERE k BETWEEN 3142915 AND 3143015
explain: for range-covered :: explain SELECT k FROM sbtest%d WHERE k BETWEEN 4111089 AND 4111189
for range-covered
table 1 : explain SELECT k FROM sbtest1 WHERE k BETWEEN 5069733 AND 5069833
	Index Only Scan using k_1 on sbtest1  (cost=0.43..6.66 rows=111 width=4)
	  Index Cond: ((k >= 5069733) AND (k <= 5069833))

table 2 : explain SELECT k FROM sbtest2 WHERE k BETWEEN 5069733 AND 5069833
	Index Only Scan using k_2 on sbtest2  (cost=0.43..6.27 rows=92 width=4)
	  Index Cond: ((k >= 5069733) AND (k <= 5069833))

table 3 : explain SELECT k FROM sbtest3 WHERE k BETWEEN 5069733 AND 5069833
	Index Only Scan using k_3 on sbtest3  (cost=0.43..6.40 rows=98 width=4)
	  Index Cond: ((k >= 5069733) AND (k <= 5069833))

table 4 : explain SELECT k FROM sbtest4 WHERE k BETWEEN 5069733 AND 5069833
	Index Only Scan using k_4 on sbtest4  (cost=0.43..6.47 rows=102 width=4)
	  Index Cond: ((k >= 5069733) AND (k <= 5069833))

table 5 : explain SELECT k FROM sbtest5 WHERE k BETWEEN 5069733 AND 5069833
	Index Only Scan using k_5 on sbtest5  (cost=0.43..6.53 rows=105 width=4)
	  Index Cond: ((k >= 5069733) AND (k <= 5069833))

table 6 : explain SELECT k FROM sbtest6 WHERE k BETWEEN 5069733 AND 5069833
	Index Only Scan using k_6 on sbtest6  (cost=0.43..6.45 rows=101 width=4)
	  Index Cond: ((k >= 5069733) AND (k <= 5069833))

table 7 : explain SELECT k FROM sbtest7 WHERE k BETWEEN 5069733 AND 5069833
	Index Only Scan using k_7 on sbtest7  (cost=0.43..6.43 rows=100 width=4)
	  Index Cond: ((k >= 5069733) AND (k <= 5069833))

table 8 : explain SELECT k FROM sbtest8 WHERE k BETWEEN 5069733 AND 5069833
	Index Only Scan using k_8 on sbtest8  (cost=0.43..6.56 rows=106 width=4)
	  Index Cond: ((k >= 5069733) AND (k <= 5069833))

for range-covered
table 1 : explain SELECT k FROM sbtest1 WHERE k BETWEEN 5896759 AND 5896859
	Index Only Scan using k_1 on sbtest1  (cost=0.43..6.43 rows=100 width=4)
	  Index Cond: ((k >= 5896759) AND (k <= 5896859))

table 2 : explain SELECT k FROM sbtest2 WHERE k BETWEEN 5896759 AND 5896859
	Index Only Scan using k_2 on sbtest2  (cost=0.43..6.53 rows=105 width=4)
	  Index Cond: ((k >= 5896759) AND (k <= 5896859))

table 3 : explain SELECT k FROM sbtest3 WHERE k BETWEEN 5896759 AND 5896859
	Index Only Scan using k_3 on sbtest3  (cost=0.43..6.51 rows=104 width=4)
	  Index Cond: ((k >= 5896759) AND (k <= 5896859))

table 4 : explain SELECT k FROM sbtest4 WHERE k BETWEEN 5896759 AND 5896859
	Index Only Scan using k_4 on sbtest4  (cost=0.43..6.37 rows=97 width=4)
	  Index Cond: ((k >= 5896759) AND (k <= 5896859))

table 5 : explain SELECT k FROM sbtest5 WHERE k BETWEEN 5896759 AND 5896859
	Index Only Scan using k_5 on sbtest5  (cost=0.43..6.45 rows=101 width=4)
	  Index Cond: ((k >= 5896759) AND (k <= 5896859))

table 6 : explain SELECT k FROM sbtest6 WHERE k BETWEEN 5896759 AND 5896859
	Index Only Scan using k_6 on sbtest6  (cost=0.43..6.59 rows=108 width=4)
	  Index Cond: ((k >= 5896759) AND (k <= 5896859))

table 7 : explain SELECT k FROM sbtest7 WHERE k BETWEEN 5896759 AND 5896859
	Index Only Scan using k_7 on sbtest7  (cost=0.43..6.59 rows=108 width=4)
	  Index Cond: ((k >= 5896759) AND (k <= 5896859))

table 8 : explain SELECT k FROM sbtest8 WHERE k BETWEEN 5896759 AND 5896859
	Index Only Scan using k_8 on sbtest8  (cost=0.43..6.47 rows=102 width=4)
	  Index Cond: ((k >= 5896759) AND (k <= 5896859))

explain: for range-covered :: explain SELECT k FROM sbtest%d WHERE k BETWEEN 5069733 AND 5069833
for range-covered
table 1 : explain SELECT k FROM sbtest1 WHERE k BETWEEN 4111089 AND 4111189
	Index Only Scan using k_1 on sbtest1  (cost=0.43..6.40 rows=98 width=4)
	  Index Cond: ((k >= 4111089) AND (k <= 4111189))

table 2 : explain SELECT k FROM sbtest2 WHERE k BETWEEN 4111089 AND 4111189
	Index Only Scan using k_2 on sbtest2  (cost=0.43..6.53 rows=105 width=4)
	  Index Cond: ((k >= 4111089) AND (k <= 4111189))

table 3 : explain SELECT k FROM sbtest3 WHERE k BETWEEN 4111089 AND 4111189
	Index Only Scan using k_3 on sbtest3  (cost=0.43..6.45 rows=101 width=4)
	  Index Cond: ((k >= 4111089) AND (k <= 4111189))

table 4 : explain SELECT k FROM sbtest4 WHERE k BETWEEN 4111089 AND 4111189
	Index Only Scan using k_4 on sbtest4  (cost=0.43..6.35 rows=96 width=4)
	  Index Cond: ((k >= 4111089) AND (k <= 4111189))

table 5 : explain SELECT k FROM sbtest5 WHERE k BETWEEN 4111089 AND 4111189
	Index Only Scan using k_5 on sbtest5  (cost=0.43..6.58 rows=107 width=4)
	  Index Cond: ((k >= 4111089) AND (k <= 4111189))

table 6 : explain SELECT k FROM sbtest6 WHERE k BETWEEN 4111089 AND 4111189
	Index Only Scan using k_6 on sbtest6  (cost=0.43..6.40 rows=98 width=4)
	  Index Cond: ((k >= 4111089) AND (k <= 4111189))

table 7 : explain SELECT k FROM sbtest7 WHERE k BETWEEN 4111089 AND 4111189
	Index Only Scan using k_7 on sbtest7  (cost=0.43..6.50 rows=103 width=4)
	  Index Cond: ((k >= 4111089) AND (k <= 4111189))

table 8 : explain SELECT k FROM sbtest8 WHERE k BETWEEN 4111089 AND 4111189
	Index Only Scan using k_8 on sbtest8  (cost=0.43..6.43 rows=100 width=4)
	  Index Cond: ((k >= 4111089) AND (k <= 4111189))

for range-covered
table 1 : explain SELECT k FROM sbtest1 WHERE k BETWEEN 8642778 AND 8642878
	Index Only Scan using k_1 on sbtest1  (cost=0.43..6.66 rows=111 width=4)
	  Index Cond: ((k >= 8642778) AND (k <= 8642878))

table 2 : explain SELECT k FROM sbtest2 WHERE k BETWEEN 8642778 AND 8642878
	Index Only Scan using k_2 on sbtest2  (cost=0.43..6.42 rows=99 width=4)
	  Index Cond: ((k >= 8642778) AND (k <= 8642878))

table 3 : explain SELECT k FROM sbtest3 WHERE k BETWEEN 8642778 AND 8642878
	Index Only Scan using k_3 on sbtest3  (cost=0.43..6.32 rows=94 width=4)
	  Index Cond: ((k >= 8642778) AND (k <= 8642878))

table 4 : explain SELECT k FROM sbtest4 WHERE k BETWEEN 8642778 AND 8642878
	Index Only Scan using k_4 on sbtest4  (cost=0.43..6.43 rows=100 width=4)
	  Index Cond: ((k >= 8642778) AND (k <= 8642878))

table 5 : explain SELECT k FROM sbtest5 WHERE k BETWEEN 8642778 AND 8642878
	Index Only Scan using k_5 on sbtest5  (cost=0.43..6.56 rows=106 width=4)
	  Index Cond: ((k >= 8642778) AND (k <= 8642878))

table 6 : explain SELECT k FROM sbtest6 WHERE k BETWEEN 8642778 AND 8642878
	Index Only Scan using k_6 on sbtest6  (cost=0.43..6.42 rows=99 width=4)
	  Index Cond: ((k >= 8642778) AND (k <= 8642878))

table 7 : explain SELECT k FROM sbtest7 WHERE k BETWEEN 8642778 AND 8642878
	Index Only Scan using k_7 on sbtest7  (cost=0.43..6.50 rows=103 width=4)
	  Index Cond: ((k >= 8642778) AND (k <= 8642878))

table 8 : explain SELECT k FROM sbtest8 WHERE k BETWEEN 8642778 AND 8642878
	Index Only Scan using k_8 on sbtest8  (cost=0.43..6.58 rows=107 width=4)
	  Index Cond: ((k >= 8642778) AND (k <= 8642878))

explain: for range-covered :: explain SELECT k FROM sbtest%d WHERE k BETWEEN 4111089 AND 4111189
explain: for range-covered :: explain SELECT k FROM sbtest%d WHERE k BETWEEN 8642778 AND 8642878
for range-covered
table 1 : explain SELECT k FROM sbtest1 WHERE k BETWEEN 5069733 AND 5069833
	Index Only Scan using k_1 on sbtest1  (cost=0.43..6.66 rows=111 width=4)
	  Index Cond: ((k >= 5069733) AND (k <= 5069833))

table 2 : explain SELECT k FROM sbtest2 WHERE k BETWEEN 5069733 AND 5069833
	Index Only Scan using k_2 on sbtest2  (cost=0.43..6.27 rows=92 width=4)
	  Index Cond: ((k >= 5069733) AND (k <= 5069833))

table 3 : explain SELECT k FROM sbtest3 WHERE k BETWEEN 5069733 AND 5069833
	Index Only Scan using k_3 on sbtest3  (cost=0.43..6.40 rows=98 width=4)
	  Index Cond: ((k >= 5069733) AND (k <= 5069833))

table 4 : explain SELECT k FROM sbtest4 WHERE k BETWEEN 5069733 AND 5069833
	Index Only Scan using k_4 on sbtest4  (cost=0.43..6.47 rows=102 width=4)
	  Index Cond: ((k >= 5069733) AND (k <= 5069833))

table 5 : explain SELECT k FROM sbtest5 WHERE k BETWEEN 5069733 AND 5069833
	Index Only Scan using k_5 on sbtest5  (cost=0.43..6.53 rows=105 width=4)
	  Index Cond: ((k >= 5069733) AND (k <= 5069833))

table 6 : explain SELECT k FROM sbtest6 WHERE k BETWEEN 5069733 AND 5069833
	Index Only Scan using k_6 on sbtest6  (cost=0.43..6.45 rows=101 width=4)
	  Index Cond: ((k >= 5069733) AND (k <= 5069833))

table 7 : explain SELECT k FROM sbtest7 WHERE k BETWEEN 5069733 AND 5069833
	Index Only Scan using k_7 on sbtest7  (cost=0.43..6.43 rows=100 width=4)
	  Index Cond: ((k >= 5069733) AND (k <= 5069833))

table 8 : explain SELECT k FROM sbtest8 WHERE k BETWEEN 5069733 AND 5069833
	Index Only Scan using k_8 on sbtest8  (cost=0.43..6.56 rows=106 width=4)
	  Index Cond: ((k >= 5069733) AND (k <= 5069833))

for range-covered
table 1 : explain SELECT k FROM sbtest1 WHERE k BETWEEN 3142915 AND 3143015
	Index Only Scan using k_1 on sbtest1  (cost=0.43..6.56 rows=106 width=4)
	  Index Cond: ((k >= 3142915) AND (k <= 3143015))

table 2 : explain SELECT k FROM sbtest2 WHERE k BETWEEN 3142915 AND 3143015
	Index Only Scan using k_2 on sbtest2  (cost=0.43..6.51 rows=104 width=4)
	  Index Cond: ((k >= 3142915) AND (k <= 3143015))

table 3 : explain SELECT k FROM sbtest3 WHERE k BETWEEN 3142915 AND 3143015
	Index Only Scan using k_3 on sbtest3  (cost=0.43..6.47 rows=102 width=4)
	  Index Cond: ((k >= 3142915) AND (k <= 3143015))

table 4 : explain SELECT k FROM sbtest4 WHERE k BETWEEN 3142915 AND 3143015
	Index Only Scan using k_4 on sbtest4  (cost=0.43..6.61 rows=109 width=4)
	  Index Cond: ((k >= 3142915) AND (k <= 3143015))

table 5 : explain SELECT k FROM sbtest5 WHERE k BETWEEN 3142915 AND 3143015
	Index Only Scan using k_5 on sbtest5  (cost=0.43..6.72 rows=114 width=4)
	  Index Cond: ((k >= 3142915) AND (k <= 3143015))

table 6 : explain SELECT k FROM sbtest6 WHERE k BETWEEN 3142915 AND 3143015
	Index Only Scan using k_6 on sbtest6  (cost=0.43..6.33 rows=95 width=4)
	  Index Cond: ((k >= 3142915) AND (k <= 3143015))

table 7 : explain SELECT k FROM sbtest7 WHERE k BETWEEN 3142915 AND 3143015
	Index Only Scan using k_7 on sbtest7  (cost=0.43..6.33 rows=95 width=4)
	  Index Cond: ((k >= 3142915) AND (k <= 3143015))

table 8 : explain SELECT k FROM sbtest8 WHERE k BETWEEN 3142915 AND 3143015
	Index Only Scan using k_8 on sbtest8  (cost=0.43..6.43 rows=100 width=4)
	  Index Cond: ((k >= 3142915) AND (k <= 3143015))

explain: for range-covered :: explain SELECT k FROM sbtest%d WHERE k BETWEEN 3142915 AND 3143015
for range-covered
table 1 : explain SELECT k FROM sbtest1 WHERE k BETWEEN 4596034 AND 4596134
	Index Only Scan using k_1 on sbtest1  (cost=0.43..6.56 rows=106 width=4)
	  Index Cond: ((k >= 4596034) AND (k <= 4596134))

table 2 : explain SELECT k FROM sbtest2 WHERE k BETWEEN 4596034 AND 4596134
	Index Only Scan using k_2 on sbtest2  (cost=0.43..6.43 rows=100 width=4)
	  Index Cond: ((k >= 4596034) AND (k <= 4596134))

table 3 : explain SELECT k FROM sbtest3 WHERE k BETWEEN 4596034 AND 4596134
	Index Only Scan using k_3 on sbtest3  (cost=0.43..6.43 rows=100 width=4)
	  Index Cond: ((k >= 4596034) AND (k <= 4596134))

table 4 : explain SELECT k FROM sbtest4 WHERE k BETWEEN 4596034 AND 4596134
	Index Only Scan using k_4 on sbtest4  (cost=0.43..6.50 rows=103 width=4)
	  Index Cond: ((k >= 4596034) AND (k <= 4596134))

table 5 : explain SELECT k FROM sbtest5 WHERE k BETWEEN 4596034 AND 4596134
	Index Only Scan using k_5 on sbtest5  (cost=0.43..6.63 rows=110 width=4)
	  Index Cond: ((k >= 4596034) AND (k <= 4596134))

table 6 : explain SELECT k FROM sbtest6 WHERE k BETWEEN 4596034 AND 4596134
	Index Only Scan using k_6 on sbtest6  (cost=0.43..6.58 rows=107 width=4)
	  Index Cond: ((k >= 4596034) AND (k <= 4596134))

table 7 : explain SELECT k FROM sbtest7 WHERE k BETWEEN 4596034 AND 4596134
	Index Only Scan using k_7 on sbtest7  (cost=0.43..6.35 rows=96 width=4)
	  Index Cond: ((k >= 4596034) AND (k <= 4596134))

table 8 : explain SELECT k FROM sbtest8 WHERE k BETWEEN 4596034 AND 4596134
	Index Only Scan using k_8 on sbtest8  (cost=0.43..6.51 rows=104 width=4)
	  Index Cond: ((k >= 4596034) AND (k <= 4596134))

explain: for range-covered :: explain SELECT k FROM sbtest%d WHERE k BETWEEN 4596034 AND 4596134
for range-covered
table 1 : explain SELECT k FROM sbtest1 WHERE k BETWEEN 4005830 AND 4005930
	Index Only Scan using k_1 on sbtest1  (cost=0.43..6.45 rows=101 width=4)
	  Index Cond: ((k >= 4005830) AND (k <= 4005930))

table 2 : explain SELECT k FROM sbtest2 WHERE k BETWEEN 4005830 AND 4005930
	Index Only Scan using k_2 on sbtest2  (cost=0.43..6.25 rows=91 width=4)
	  Index Cond: ((k >= 4005830) AND (k <= 4005930))

table 3 : explain SELECT k FROM sbtest3 WHERE k BETWEEN 4005830 AND 4005930
	Index Only Scan using k_3 on sbtest3  (cost=0.43..6.63 rows=110 width=4)
	  Index Cond: ((k >= 4005830) AND (k <= 4005930))

table 4 : explain SELECT k FROM sbtest4 WHERE k BETWEEN 4005830 AND 4005930
	Index Only Scan using k_4 on sbtest4  (cost=0.43..6.53 rows=105 width=4)
	  Index Cond: ((k >= 4005830) AND (k <= 4005930))

table 5 : explain SELECT k FROM sbtest5 WHERE k BETWEEN 4005830 AND 4005930
	Index Only Scan using k_5 on sbtest5  (cost=0.43..6.63 rows=110 width=4)
	  Index Cond: ((k >= 4005830) AND (k <= 4005930))

table 6 : explain SELECT k FROM sbtest6 WHERE k BETWEEN 4005830 AND 4005930
	Index Only Scan using k_6 on sbtest6  (cost=0.43..6.47 rows=102 width=4)
	  Index Cond: ((k >= 4005830) AND (k <= 4005930))

table 7 : explain SELECT k FROM sbtest7 WHERE k BETWEEN 4005830 AND 4005930
	Index Only Scan using k_7 on sbtest7  (cost=0.43..6.61 rows=109 width=4)
	  Index Cond: ((k >= 4005830) AND (k <= 4005930))

table 8 : explain SELECT k FROM sbtest8 WHERE k BETWEEN 4005830 AND 4005930
	Index Only Scan using k_8 on sbtest8  (cost=0.43..6.50 rows=103 width=4)
	  Index Cond: ((k >= 4005830) AND (k <= 4005930))

for range-covered
table 1 : explain SELECT k FROM sbtest1 WHERE k BETWEEN 4111089 AND 4111189
	Index Only Scan using k_1 on sbtest1  (cost=0.43..6.40 rows=98 width=4)
	  Index Cond: ((k >= 4111089) AND (k <= 4111189))

table 2 : explain SELECT k FROM sbtest2 WHERE k BETWEEN 4111089 AND 4111189
	Index Only Scan using k_2 on sbtest2  (cost=0.43..6.53 rows=105 width=4)
	  Index Cond: ((k >= 4111089) AND (k <= 4111189))

table 3 : explain SELECT k FROM sbtest3 WHERE k BETWEEN 4111089 AND 4111189
	Index Only Scan using k_3 on sbtest3  (cost=0.43..6.45 rows=101 width=4)
	  Index Cond: ((k >= 4111089) AND (k <= 4111189))

table 4 : explain SELECT k FROM sbtest4 WHERE k BETWEEN 4111089 AND 4111189
	Index Only Scan using k_4 on sbtest4  (cost=0.43..6.35 rows=96 width=4)
	  Index Cond: ((k >= 4111089) AND (k <= 4111189))

table 5 : explain SELECT k FROM sbtest5 WHERE k BETWEEN 4111089 AND 4111189
	Index Only Scan using k_5 on sbtest5  (cost=0.43..6.58 rows=107 width=4)
	  Index Cond: ((k >= 4111089) AND (k <= 4111189))

table 6 : explain SELECT k FROM sbtest6 WHERE k BETWEEN 4111089 AND 4111189
	Index Only Scan using k_6 on sbtest6  (cost=0.43..6.40 rows=98 width=4)
	  Index Cond: ((k >= 4111089) AND (k <= 4111189))

table 7 : explain SELECT k FROM sbtest7 WHERE k BETWEEN 4111089 AND 4111189
	Index Only Scan using k_7 on sbtest7  (cost=0.43..6.50 rows=103 width=4)
	  Index Cond: ((k >= 4111089) AND (k <= 4111189))

table 8 : explain SELECT k FROM sbtest8 WHERE k BETWEEN 4111089 AND 4111189
	Index Only Scan using k_8 on sbtest8  (cost=0.43..6.43 rows=100 width=4)
	  Index Cond: ((k >= 4111089) AND (k <= 4111189))

explain: for range-covered :: explain SELECT k FROM sbtest%d WHERE k BETWEEN 4005830 AND 4005930
for range-covered
table 1 : explain SELECT k FROM sbtest1 WHERE k BETWEEN 8642778 AND 8642878
	Index Only Scan using k_1 on sbtest1  (cost=0.43..6.66 rows=111 width=4)
	  Index Cond: ((k >= 8642778) AND (k <= 8642878))

table 2 : explain SELECT k FROM sbtest2 WHERE k BETWEEN 8642778 AND 8642878
	Index Only Scan using k_2 on sbtest2  (cost=0.43..6.42 rows=99 width=4)
	  Index Cond: ((k >= 8642778) AND (k <= 8642878))

table 3 : explain SELECT k FROM sbtest3 WHERE k BETWEEN 8642778 AND 8642878
	Index Only Scan using k_3 on sbtest3  (cost=0.43..6.32 rows=94 width=4)
	  Index Cond: ((k >= 8642778) AND (k <= 8642878))

table 4 : explain SELECT k FROM sbtest4 WHERE k BETWEEN 8642778 AND 8642878
	Index Only Scan using k_4 on sbtest4  (cost=0.43..6.43 rows=100 width=4)
	  Index Cond: ((k >= 8642778) AND (k <= 8642878))

table 5 : explain SELECT k FROM sbtest5 WHERE k BETWEEN 8642778 AND 8642878
	Index Only Scan using k_5 on sbtest5  (cost=0.43..6.56 rows=106 width=4)
	  Index Cond: ((k >= 8642778) AND (k <= 8642878))

table 6 : explain SELECT k FROM sbtest6 WHERE k BETWEEN 8642778 AND 8642878
	Index Only Scan using k_6 on sbtest6  (cost=0.43..6.42 rows=99 width=4)
	  Index Cond: ((k >= 8642778) AND (k <= 8642878))

table 7 : explain SELECT k FROM sbtest7 WHERE k BETWEEN 8642778 AND 8642878
	Index Only Scan using k_7 on sbtest7  (cost=0.43..6.50 rows=103 width=4)
	  Index Cond: ((k >= 8642778) AND (k <= 8642878))

table 8 : explain SELECT k FROM sbtest8 WHERE k BETWEEN 8642778 AND 8642878
	Index Only Scan using k_8 on sbtest8  (cost=0.43..6.58 rows=107 width=4)
	  Index Cond: ((k >= 8642778) AND (k <= 8642878))

explain: for range-covered :: explain SELECT k FROM sbtest%d WHERE k BETWEEN 8642778 AND 8642878
for range-covered
table 1 : explain SELECT k FROM sbtest1 WHERE k BETWEEN 4596034 AND 4596134
	Index Only Scan using k_1 on sbtest1  (cost=0.43..6.56 rows=106 width=4)
	  Index Cond: ((k >= 4596034) AND (k <= 4596134))

table 2 : explain SELECT k FROM sbtest2 WHERE k BETWEEN 4596034 AND 4596134
	Index Only Scan using k_2 on sbtest2  (cost=0.43..6.43 rows=100 width=4)
	  Index Cond: ((k >= 4596034) AND (k <= 4596134))

table 3 : explain SELECT k FROM sbtest3 WHERE k BETWEEN 4596034 AND 4596134
	Index Only Scan using k_3 on sbtest3  (cost=0.43..6.43 rows=100 width=4)
	  Index Cond: ((k >= 4596034) AND (k <= 4596134))

table 4 : explain SELECT k FROM sbtest4 WHERE k BETWEEN 4596034 AND 4596134
	Index Only Scan using k_4 on sbtest4  (cost=0.43..6.50 rows=103 width=4)
	  Index Cond: ((k >= 4596034) AND (k <= 4596134))

table 5 : explain SELECT k FROM sbtest5 WHERE k BETWEEN 4596034 AND 4596134
	Index Only Scan using k_5 on sbtest5  (cost=0.43..6.63 rows=110 width=4)
	  Index Cond: ((k >= 4596034) AND (k <= 4596134))

table 6 : explain SELECT k FROM sbtest6 WHERE k BETWEEN 4596034 AND 4596134
	Index Only Scan using k_6 on sbtest6  (cost=0.43..6.58 rows=107 width=4)
	  Index Cond: ((k >= 4596034) AND (k <= 4596134))

table 7 : explain SELECT k FROM sbtest7 WHERE k BETWEEN 4596034 AND 4596134
	Index Only Scan using k_7 on sbtest7  (cost=0.43..6.35 rows=96 width=4)
	  Index Cond: ((k >= 4596034) AND (k <= 4596134))

table 8 : explain SELECT k FROM sbtest8 WHERE k BETWEEN 4596034 AND 4596134
	Index Only Scan using k_8 on sbtest8  (cost=0.43..6.51 rows=104 width=4)
	  Index Cond: ((k >= 4596034) AND (k <= 4596134))

explain: for range-covered :: explain SELECT k FROM sbtest%d WHERE k BETWEEN 4596034 AND 4596134
for range-covered
table 1 : explain SELECT k FROM sbtest1 WHERE k BETWEEN 3142915 AND 3143015
	Index Only Scan using k_1 on sbtest1  (cost=0.43..6.56 rows=106 width=4)
	  Index Cond: ((k >= 3142915) AND (k <= 3143015))

table 2 : explain SELECT k FROM sbtest2 WHERE k BETWEEN 3142915 AND 3143015
	Index Only Scan using k_2 on sbtest2  (cost=0.43..6.51 rows=104 width=4)
	  Index Cond: ((k >= 3142915) AND (k <= 3143015))

table 3 : explain SELECT k FROM sbtest3 WHERE k BETWEEN 3142915 AND 3143015
	Index Only Scan using k_3 on sbtest3  (cost=0.43..6.47 rows=102 width=4)
	  Index Cond: ((k >= 3142915) AND (k <= 3143015))

table 4 : explain SELECT k FROM sbtest4 WHERE k BETWEEN 3142915 AND 3143015
	Index Only Scan using k_4 on sbtest4  (cost=0.43..6.61 rows=109 width=4)
	  Index Cond: ((k >= 3142915) AND (k <= 3143015))

table 5 : explain SELECT k FROM sbtest5 WHERE k BETWEEN 3142915 AND 3143015
	Index Only Scan using k_5 on sbtest5  (cost=0.43..6.72 rows=114 width=4)
	  Index Cond: ((k >= 3142915) AND (k <= 3143015))

table 6 : explain SELECT k FROM sbtest6 WHERE k BETWEEN 3142915 AND 3143015
	Index Only Scan using k_6 on sbtest6  (cost=0.43..6.33 rows=95 width=4)
	  Index Cond: ((k >= 3142915) AND (k <= 3143015))

table 7 : explain SELECT k FROM sbtest7 WHERE k BETWEEN 3142915 AND 3143015
	Index Only Scan using k_7 on sbtest7  (cost=0.43..6.33 rows=95 width=4)
	  Index Cond: ((k >= 3142915) AND (k <= 3143015))

table 8 : explain SELECT k FROM sbtest8 WHERE k BETWEEN 3142915 AND 3143015
	Index Only Scan using k_8 on sbtest8  (cost=0.43..6.43 rows=100 width=4)
	  Index Cond: ((k >= 3142915) AND (k <= 3143015))

explain: for range-covered :: explain SELECT k FROM sbtest%d WHERE k BETWEEN 3142915 AND 3143015
explain: for range-covered :: explain SELECT k FROM sbtest%d WHERE k BETWEEN 8383795 AND 8383895
for range-covered
table 1 : explain SELECT k FROM sbtest1 WHERE k BETWEEN 8642778 AND 8642878
	Index Only Scan using k_1 on sbtest1  (cost=0.43..6.66 rows=111 width=4)
	  Index Cond: ((k >= 8642778) AND (k <= 8642878))

table 2 : explain SELECT k FROM sbtest2 WHERE k BETWEEN 8642778 AND 8642878
	Index Only Scan using k_2 on sbtest2  (cost=0.43..6.42 rows=99 width=4)
	  Index Cond: ((k >= 8642778) AND (k <= 8642878))

table 3 : explain SELECT k FROM sbtest3 WHERE k BETWEEN 8642778 AND 8642878
	Index Only Scan using k_3 on sbtest3  (cost=0.43..6.32 rows=94 width=4)
	  Index Cond: ((k >= 8642778) AND (k <= 8642878))

table 4 : explain SELECT k FROM sbtest4 WHERE k BETWEEN 8642778 AND 8642878
	Index Only Scan using k_4 on sbtest4  (cost=0.43..6.43 rows=100 width=4)
	  Index Cond: ((k >= 8642778) AND (k <= 8642878))

table 5 : explain SELECT k FROM sbtest5 WHERE k BETWEEN 8642778 AND 8642878
	Index Only Scan using k_5 on sbtest5  (cost=0.43..6.56 rows=106 width=4)
	  Index Cond: ((k >= 8642778) AND (k <= 8642878))

table 6 : explain SELECT k FROM sbtest6 WHERE k BETWEEN 8642778 AND 8642878
	Index Only Scan using k_6 on sbtest6  (cost=0.43..6.42 rows=99 width=4)
	  Index Cond: ((k >= 8642778) AND (k <= 8642878))

table 7 : explain SELECT k FROM sbtest7 WHERE k BETWEEN 8642778 AND 8642878
	Index Only Scan using k_7 on sbtest7  (cost=0.43..6.50 rows=103 width=4)
	  Index Cond: ((k >= 8642778) AND (k <= 8642878))

table 8 : explain SELECT k FROM sbtest8 WHERE k BETWEEN 8642778 AND 8642878
	Index Only Scan using k_8 on sbtest8  (cost=0.43..6.58 rows=107 width=4)
	  Index Cond: ((k >= 8642778) AND (k <= 8642878))

explain: for range-covered :: explain SELECT k FROM sbtest%d WHERE k BETWEEN 8642778 AND 8642878
for range-covered
table 1 : explain SELECT k FROM sbtest1 WHERE k BETWEEN 4596034 AND 4596134
	Index Only Scan using k_1 on sbtest1  (cost=0.43..6.56 rows=106 width=4)
	  Index Cond: ((k >= 4596034) AND (k <= 4596134))

table 2 : explain SELECT k FROM sbtest2 WHERE k BETWEEN 4596034 AND 4596134
	Index Only Scan using k_2 on sbtest2  (cost=0.43..6.43 rows=100 width=4)
	  Index Cond: ((k >= 4596034) AND (k <= 4596134))

table 3 : explain SELECT k FROM sbtest3 WHERE k BETWEEN 4596034 AND 4596134
	Index Only Scan using k_3 on sbtest3  (cost=0.43..6.43 rows=100 width=4)
	  Index Cond: ((k >= 4596034) AND (k <= 4596134))

table 4 : explain SELECT k FROM sbtest4 WHERE k BETWEEN 4596034 AND 4596134
	Index Only Scan using k_4 on sbtest4  (cost=0.43..6.50 rows=103 width=4)
	  Index Cond: ((k >= 4596034) AND (k <= 4596134))

table 5 : explain SELECT k FROM sbtest5 WHERE k BETWEEN 4596034 AND 4596134
	Index Only Scan using k_5 on sbtest5  (cost=0.43..6.63 rows=110 width=4)
	  Index Cond: ((k >= 4596034) AND (k <= 4596134))

table 6 : explain SELECT k FROM sbtest6 WHERE k BETWEEN 4596034 AND 4596134
	Index Only Scan using k_6 on sbtest6  (cost=0.43..6.58 rows=107 width=4)
	  Index Cond: ((k >= 4596034) AND (k <= 4596134))

table 7 : explain SELECT k FROM sbtest7 WHERE k BETWEEN 4596034 AND 4596134
	Index Only Scan using k_7 on sbtest7  (cost=0.43..6.35 rows=96 width=4)
	  Index Cond: ((k >= 4596034) AND (k <= 4596134))

table 8 : explain SELECT k FROM sbtest8 WHERE k BETWEEN 4596034 AND 4596134
	Index Only Scan using k_8 on sbtest8  (cost=0.43..6.51 rows=104 width=4)
	  Index Cond: ((k >= 4596034) AND (k <= 4596134))

explain: for range-covered :: explain SELECT k FROM sbtest%d WHERE k BETWEEN 4596034 AND 4596134
for range-covered
table 1 : explain SELECT k FROM sbtest1 WHERE k BETWEEN 4005830 AND 4005930
	Index Only Scan using k_1 on sbtest1  (cost=0.43..6.45 rows=101 width=4)
	  Index Cond: ((k >= 4005830) AND (k <= 4005930))

table 2 : explain SELECT k FROM sbtest2 WHERE k BETWEEN 4005830 AND 4005930
	Index Only Scan using k_2 on sbtest2  (cost=0.43..6.25 rows=91 width=4)
	  Index Cond: ((k >= 4005830) AND (k <= 4005930))

table 3 : explain SELECT k FROM sbtest3 WHERE k BETWEEN 4005830 AND 4005930
	Index Only Scan using k_3 on sbtest3  (cost=0.43..6.63 rows=110 width=4)
	  Index Cond: ((k >= 4005830) AND (k <= 4005930))

table 4 : explain SELECT k FROM sbtest4 WHERE k BETWEEN 4005830 AND 4005930
	Index Only Scan using k_4 on sbtest4  (cost=0.43..6.53 rows=105 width=4)
	  Index Cond: ((k >= 4005830) AND (k <= 4005930))

table 5 : explain SELECT k FROM sbtest5 WHERE k BETWEEN 4005830 AND 4005930
	Index Only Scan using k_5 on sbtest5  (cost=0.43..6.63 rows=110 width=4)
	  Index Cond: ((k >= 4005830) AND (k <= 4005930))

table 6 : explain SELECT k FROM sbtest6 WHERE k BETWEEN 4005830 AND 4005930
	Index Only Scan using k_6 on sbtest6  (cost=0.43..6.47 rows=102 width=4)
	  Index Cond: ((k >= 4005830) AND (k <= 4005930))

table 7 : explain SELECT k FROM sbtest7 WHERE k BETWEEN 4005830 AND 4005930
	Index Only Scan using k_7 on sbtest7  (cost=0.43..6.61 rows=109 width=4)
	  Index Cond: ((k >= 4005830) AND (k <= 4005930))

table 8 : explain SELECT k FROM sbtest8 WHERE k BETWEEN 4005830 AND 4005930
	Index Only Scan using k_8 on sbtest8  (cost=0.43..6.50 rows=103 width=4)
	  Index Cond: ((k >= 4005830) AND (k <= 4005930))

explain: for range-covered :: explain SELECT k FROM sbtest%d WHERE k BETWEEN 4005830 AND 4005930
for range-covered
table 1 : explain SELECT k FROM sbtest1 WHERE k BETWEEN 3142915 AND 3143015
	Index Only Scan using k_1 on sbtest1  (cost=0.43..6.56 rows=106 width=4)
	  Index Cond: ((k >= 3142915) AND (k <= 3143015))

table 2 : explain SELECT k FROM sbtest2 WHERE k BETWEEN 3142915 AND 3143015
	Index Only Scan using k_2 on sbtest2  (cost=0.43..6.51 rows=104 width=4)
	  Index Cond: ((k >= 3142915) AND (k <= 3143015))

table 3 : explain SELECT k FROM sbtest3 WHERE k BETWEEN 3142915 AND 3143015
	Index Only Scan using k_3 on sbtest3  (cost=0.43..6.47 rows=102 width=4)
	  Index Cond: ((k >= 3142915) AND (k <= 3143015))

table 4 : explain SELECT k FROM sbtest4 WHERE k BETWEEN 3142915 AND 3143015
	Index Only Scan using k_4 on sbtest4  (cost=0.43..6.61 rows=109 width=4)
	  Index Cond: ((k >= 3142915) AND (k <= 3143015))

table 5 : explain SELECT k FROM sbtest5 WHERE k BETWEEN 3142915 AND 3143015
	Index Only Scan using k_5 on sbtest5  (cost=0.43..6.72 rows=114 width=4)
	  Index Cond: ((k >= 3142915) AND (k <= 3143015))

table 6 : explain SELECT k FROM sbtest6 WHERE k BETWEEN 3142915 AND 3143015
	Index Only Scan using k_6 on sbtest6  (cost=0.43..6.33 rows=95 width=4)
	  Index Cond: ((k >= 3142915) AND (k <= 3143015))

table 7 : explain SELECT k FROM sbtest7 WHERE k BETWEEN 3142915 AND 3143015
	Index Only Scan using k_7 on sbtest7  (cost=0.43..6.33 rows=95 width=4)
	  Index Cond: ((k >= 3142915) AND (k <= 3143015))

table 8 : explain SELECT k FROM sbtest8 WHERE k BETWEEN 3142915 AND 3143015
	Index Only Scan using k_8 on sbtest8  (cost=0.43..6.43 rows=100 width=4)
	  Index Cond: ((k >= 3142915) AND (k <= 3143015))

for range-covered
table 1 : explain SELECT k FROM sbtest1 WHERE k BETWEEN 4596034 AND 4596134
	Index Only Scan using k_1 on sbtest1  (cost=0.43..6.56 rows=106 width=4)
	  Index Cond: ((k >= 4596034) AND (k <= 4596134))

table 2 : explain SELECT k FROM sbtest2 WHERE k BETWEEN 4596034 AND 4596134
	Index Only Scan using k_2 on sbtest2  (cost=0.43..6.43 rows=100 width=4)
	  Index Cond: ((k >= 4596034) AND (k <= 4596134))

table 3 : explain SELECT k FROM sbtest3 WHERE k BETWEEN 4596034 AND 4596134
	Index Only Scan using k_3 on sbtest3  (cost=0.43..6.43 rows=100 width=4)
	  Index Cond: ((k >= 4596034) AND (k <= 4596134))

table 4 : explain SELECT k FROM sbtest4 WHERE k BETWEEN 4596034 AND 4596134
	Index Only Scan using k_4 on sbtest4  (cost=0.43..6.50 rows=103 width=4)
	  Index Cond: ((k >= 4596034) AND (k <= 4596134))

table 5 : explain SELECT k FROM sbtest5 WHERE k BETWEEN 4596034 AND 4596134
	Index Only Scan using k_5 on sbtest5  (cost=0.43..6.63 rows=110 width=4)
	  Index Cond: ((k >= 4596034) AND (k <= 4596134))

table 6 : explain SELECT k FROM sbtest6 WHERE k BETWEEN 4596034 AND 4596134
	Index Only Scan using k_6 on sbtest6  (cost=0.43..6.58 rows=107 width=4)
	  Index Cond: ((k >= 4596034) AND (k <= 4596134))

table 7 : explain SELECT k FROM sbtest7 WHERE k BETWEEN 4596034 AND 4596134
	Index Only Scan using k_7 on sbtest7  (cost=0.43..6.35 rows=96 width=4)
	  Index Cond: ((k >= 4596034) AND (k <= 4596134))

table 8 : explain SELECT k FROM sbtest8 WHERE k BETWEEN 4596034 AND 4596134
	Index Only Scan using k_8 on sbtest8  (cost=0.43..6.51 rows=104 width=4)
	  Index Cond: ((k >= 4596034) AND (k <= 4596134))

for range-covered
table 1 : explain SELECT k FROM sbtest1 WHERE k BETWEEN 8642778 AND 8642878
	Index Only Scan using k_1 on sbtest1  (cost=0.43..6.66 rows=111 width=4)
	  Index Cond: ((k >= 8642778) AND (k <= 8642878))

table 2 : explain SELECT k FROM sbtest2 WHERE k BETWEEN 8642778 AND 8642878
	Index Only Scan using k_2 on sbtest2  (cost=0.43..6.42 rows=99 width=4)
	  Index Cond: ((k >= 8642778) AND (k <= 8642878))

table 3 : explain SELECT k FROM sbtest3 WHERE k BETWEEN 8642778 AND 8642878
	Index Only Scan using k_3 on sbtest3  (cost=0.43..6.32 rows=94 width=4)
	  Index Cond: ((k >= 8642778) AND (k <= 8642878))

table 4 : explain SELECT k FROM sbtest4 WHERE k BETWEEN 8642778 AND 8642878
	Index Only Scan using k_4 on sbtest4  (cost=0.43..6.43 rows=100 width=4)
	  Index Cond: ((k >= 8642778) AND (k <= 8642878))

table 5 : explain SELECT k FROM sbtest5 WHERE k BETWEEN 8642778 AND 8642878
	Index Only Scan using k_5 on sbtest5  (cost=0.43..6.56 rows=106 width=4)
	  Index Cond: ((k >= 8642778) AND (k <= 8642878))

table 6 : explain SELECT k FROM sbtest6 WHERE k BETWEEN 8642778 AND 8642878
	Index Only Scan using k_6 on sbtest6  (cost=0.43..6.42 rows=99 width=4)
	  Index Cond: ((k >= 8642778) AND (k <= 8642878))

table 7 : explain SELECT k FROM sbtest7 WHERE k BETWEEN 8642778 AND 8642878
	Index Only Scan using k_7 on sbtest7  (cost=0.43..6.50 rows=103 width=4)
	  Index Cond: ((k >= 8642778) AND (k <= 8642878))

table 8 : explain SELECT k FROM sbtest8 WHERE k BETWEEN 8642778 AND 8642878
	Index Only Scan using k_8 on sbtest8  (cost=0.43..6.58 rows=107 width=4)
	  Index Cond: ((k >= 8642778) AND (k <= 8642878))

explain: for range-covered :: explain SELECT k FROM sbtest%d WHERE k BETWEEN 4596034 AND 4596134
explain: for range-covered :: explain SELECT k FROM sbtest%d WHERE k BETWEEN 8642778 AND 8642878
explain: for range-covered :: explain SELECT k FROM sbtest%d WHERE k BETWEEN 3454364 AND 3454464
for range-covered
table 1 : explain SELECT k FROM sbtest1 WHERE k BETWEEN 4596034 AND 4596134
	Index Only Scan using k_1 on sbtest1  (cost=0.43..6.56 rows=106 width=4)
	  Index Cond: ((k >= 4596034) AND (k <= 4596134))

table 2 : explain SELECT k FROM sbtest2 WHERE k BETWEEN 4596034 AND 4596134
	Index Only Scan using k_2 on sbtest2  (cost=0.43..6.43 rows=100 width=4)
	  Index Cond: ((k >= 4596034) AND (k <= 4596134))

table 3 : explain SELECT k FROM sbtest3 WHERE k BETWEEN 4596034 AND 4596134
	Index Only Scan using k_3 on sbtest3  (cost=0.43..6.43 rows=100 width=4)
	  Index Cond: ((k >= 4596034) AND (k <= 4596134))

table 4 : explain SELECT k FROM sbtest4 WHERE k BETWEEN 4596034 AND 4596134
	Index Only Scan using k_4 on sbtest4  (cost=0.43..6.50 rows=103 width=4)
	  Index Cond: ((k >= 4596034) AND (k <= 4596134))

table 5 : explain SELECT k FROM sbtest5 WHERE k BETWEEN 4596034 AND 4596134
	Index Only Scan using k_5 on sbtest5  (cost=0.43..6.63 rows=110 width=4)
	  Index Cond: ((k >= 4596034) AND (k <= 4596134))

table 6 : explain SELECT k FROM sbtest6 WHERE k BETWEEN 4596034 AND 4596134
	Index Only Scan using k_6 on sbtest6  (cost=0.43..6.58 rows=107 width=4)
	  Index Cond: ((k >= 4596034) AND (k <= 4596134))

table 7 : explain SELECT k FROM sbtest7 WHERE k BETWEEN 4596034 AND 4596134
	Index Only Scan using k_7 on sbtest7  (cost=0.43..6.35 rows=96 width=4)
	  Index Cond: ((k >= 4596034) AND (k <= 4596134))

table 8 : explain SELECT k FROM sbtest8 WHERE k BETWEEN 4596034 AND 4596134
	Index Only Scan using k_8 on sbtest8  (cost=0.43..6.51 rows=104 width=4)
	  Index Cond: ((k >= 4596034) AND (k <= 4596134))

for range-covered
table 1 : explain SELECT k FROM sbtest1 WHERE k BETWEEN 8642778 AND 8642878
	Index Only Scan using k_1 on sbtest1  (cost=0.43..6.66 rows=111 width=4)
	  Index Cond: ((k >= 8642778) AND (k <= 8642878))

table 2 : explain SELECT k FROM sbtest2 WHERE k BETWEEN 8642778 AND 8642878
	Index Only Scan using k_2 on sbtest2  (cost=0.43..6.42 rows=99 width=4)
	  Index Cond: ((k >= 8642778) AND (k <= 8642878))

table 3 : explain SELECT k FROM sbtest3 WHERE k BETWEEN 8642778 AND 8642878
	Index Only Scan using k_3 on sbtest3  (cost=0.43..6.32 rows=94 width=4)
	  Index Cond: ((k >= 8642778) AND (k <= 8642878))

table 4 : explain SELECT k FROM sbtest4 WHERE k BETWEEN 8642778 AND 8642878
	Index Only Scan using k_4 on sbtest4  (cost=0.43..6.43 rows=100 width=4)
	  Index Cond: ((k >= 8642778) AND (k <= 8642878))

table 5 : explain SELECT k FROM sbtest5 WHERE k BETWEEN 8642778 AND 8642878
	Index Only Scan using k_5 on sbtest5  (cost=0.43..6.56 rows=106 width=4)
	  Index Cond: ((k >= 8642778) AND (k <= 8642878))

table 6 : explain SELECT k FROM sbtest6 WHERE k BETWEEN 8642778 AND 8642878
	Index Only Scan using k_6 on sbtest6  (cost=0.43..6.42 rows=99 width=4)
	  Index Cond: ((k >= 8642778) AND (k <= 8642878))

table 7 : explain SELECT k FROM sbtest7 WHERE k BETWEEN 8642778 AND 8642878
	Index Only Scan using k_7 on sbtest7  (cost=0.43..6.50 rows=103 width=4)
	  Index Cond: ((k >= 8642778) AND (k <= 8642878))

table 8 : explain SELECT k FROM sbtest8 WHERE k BETWEEN 8642778 AND 8642878
	Index Only Scan using k_8 on sbtest8  (cost=0.43..6.58 rows=107 width=4)
	  Index Cond: ((k >= 8642778) AND (k <= 8642878))

explain: for range-covered :: explain SELECT k FROM sbtest%d WHERE k BETWEEN 4596034 AND 4596134
explain: for range-covered :: explain SELECT k FROM sbtest%d WHERE k BETWEEN 8642778 AND 8642878
for range-covered
table 1 : explain SELECT k FROM sbtest1 WHERE k BETWEEN 8383795 AND 8383895
	Index Only Scan using k_1 on sbtest1  (cost=0.43..6.43 rows=100 width=4)
	  Index Cond: ((k >= 8383795) AND (k <= 8383895))

table 2 : explain SELECT k FROM sbtest2 WHERE k BETWEEN 8383795 AND 8383895
	Index Only Scan using k_2 on sbtest2  (cost=0.43..6.45 rows=101 width=4)
	  Index Cond: ((k >= 8383795) AND (k <= 8383895))

table 3 : explain SELECT k FROM sbtest3 WHERE k BETWEEN 8383795 AND 8383895
	Index Only Scan using k_3 on sbtest3  (cost=0.43..6.50 rows=103 width=4)
	  Index Cond: ((k >= 8383795) AND (k <= 8383895))

table 4 : explain SELECT k FROM sbtest4 WHERE k BETWEEN 8383795 AND 8383895
	Index Only Scan using k_4 on sbtest4  (cost=0.43..6.61 rows=109 width=4)
	  Index Cond: ((k >= 8383795) AND (k <= 8383895))

table 5 : explain SELECT k FROM sbtest5 WHERE k BETWEEN 8383795 AND 8383895
	Index Only Scan using k_5 on sbtest5  (cost=0.43..6.35 rows=96 width=4)
	  Index Cond: ((k >= 8383795) AND (k <= 8383895))

table 6 : explain SELECT k FROM sbtest6 WHERE k BETWEEN 8383795 AND 8383895
	Index Only Scan using k_6 on sbtest6  (cost=0.43..6.43 rows=100 width=4)
	  Index Cond: ((k >= 8383795) AND (k <= 8383895))

table 7 : explain SELECT k FROM sbtest7 WHERE k BETWEEN 8383795 AND 8383895
	Index Only Scan using k_7 on sbtest7  (cost=0.43..6.43 rows=100 width=4)
	  Index Cond: ((k >= 8383795) AND (k <= 8383895))

table 8 : explain SELECT k FROM sbtest8 WHERE k BETWEEN 8383795 AND 8383895
	Index Only Scan using k_8 on sbtest8  (cost=0.43..6.43 rows=100 width=4)
	  Index Cond: ((k >= 8383795) AND (k <= 8383895))

explain: for range-covered :: explain SELECT k FROM sbtest%d WHERE k BETWEEN 8383795 AND 8383895
for range-covered
table 1 : explain SELECT k FROM sbtest1 WHERE k BETWEEN 4596034 AND 4596134
	Index Only Scan using k_1 on sbtest1  (cost=0.43..6.56 rows=106 width=4)
	  Index Cond: ((k >= 4596034) AND (k <= 4596134))

table 2 : explain SELECT k FROM sbtest2 WHERE k BETWEEN 4596034 AND 4596134
	Index Only Scan using k_2 on sbtest2  (cost=0.43..6.43 rows=100 width=4)
	  Index Cond: ((k >= 4596034) AND (k <= 4596134))

table 3 : explain SELECT k FROM sbtest3 WHERE k BETWEEN 4596034 AND 4596134
	Index Only Scan using k_3 on sbtest3  (cost=0.43..6.43 rows=100 width=4)
	  Index Cond: ((k >= 4596034) AND (k <= 4596134))

table 4 : explain SELECT k FROM sbtest4 WHERE k BETWEEN 4596034 AND 4596134
	Index Only Scan using k_4 on sbtest4  (cost=0.43..6.50 rows=103 width=4)
	  Index Cond: ((k >= 4596034) AND (k <= 4596134))

table 5 : explain SELECT k FROM sbtest5 WHERE k BETWEEN 4596034 AND 4596134
	Index Only Scan using k_5 on sbtest5  (cost=0.43..6.63 rows=110 width=4)
	  Index Cond: ((k >= 4596034) AND (k <= 4596134))

table 6 : explain SELECT k FROM sbtest6 WHERE k BETWEEN 4596034 AND 4596134
	Index Only Scan using k_6 on sbtest6  (cost=0.43..6.58 rows=107 width=4)
	  Index Cond: ((k >= 4596034) AND (k <= 4596134))

table 7 : explain SELECT k FROM sbtest7 WHERE k BETWEEN 4596034 AND 4596134
	Index Only Scan using k_7 on sbtest7  (cost=0.43..6.35 rows=96 width=4)
	  Index Cond: ((k >= 4596034) AND (k <= 4596134))

table 8 : explain SELECT k FROM sbtest8 WHERE k BETWEEN 4596034 AND 4596134
	Index Only Scan using k_8 on sbtest8  (cost=0.43..6.51 rows=104 width=4)
	  Index Cond: ((k >= 4596034) AND (k <= 4596134))

for range-covered
table 1 : explain SELECT k FROM sbtest1 WHERE k BETWEEN 8642778 AND 8642878
	Index Only Scan using k_1 on sbtest1  (cost=0.43..6.66 rows=111 width=4)
	  Index Cond: ((k >= 8642778) AND (k <= 8642878))

table 2 : explain SELECT k FROM sbtest2 WHERE k BETWEEN 8642778 AND 8642878
	Index Only Scan using k_2 on sbtest2  (cost=0.43..6.42 rows=99 width=4)
	  Index Cond: ((k >= 8642778) AND (k <= 8642878))

table 3 : explain SELECT k FROM sbtest3 WHERE k BETWEEN 8642778 AND 8642878
	Index Only Scan using k_3 on sbtest3  (cost=0.43..6.32 rows=94 width=4)
	  Index Cond: ((k >= 8642778) AND (k <= 8642878))

table 4 : explain SELECT k FROM sbtest4 WHERE k BETWEEN 8642778 AND 8642878
	Index Only Scan using k_4 on sbtest4  (cost=0.43..6.43 rows=100 width=4)
	  Index Cond: ((k >= 8642778) AND (k <= 8642878))

table 5 : explain SELECT k FROM sbtest5 WHERE k BETWEEN 8642778 AND 8642878
	Index Only Scan using k_5 on sbtest5  (cost=0.43..6.56 rows=106 width=4)
	  Index Cond: ((k >= 8642778) AND (k <= 8642878))

table 6 : explain SELECT k FROM sbtest6 WHERE k BETWEEN 8642778 AND 8642878
	Index Only Scan using k_6 on sbtest6  (cost=0.43..6.42 rows=99 width=4)
	  Index Cond: ((k >= 8642778) AND (k <= 8642878))

table 7 : explain SELECT k FROM sbtest7 WHERE k BETWEEN 8642778 AND 8642878
	Index Only Scan using k_7 on sbtest7  (cost=0.43..6.50 rows=103 width=4)
	  Index Cond: ((k >= 8642778) AND (k <= 8642878))

table 8 : explain SELECT k FROM sbtest8 WHERE k BETWEEN 8642778 AND 8642878
	Index Only Scan using k_8 on sbtest8  (cost=0.43..6.58 rows=107 width=4)
	  Index Cond: ((k >= 8642778) AND (k <= 8642878))

explain: for range-covered :: explain SELECT k FROM sbtest%d WHERE k BETWEEN 4596034 AND 4596134
for range-covered
table 1 : explain SELECT k FROM sbtest1 WHERE k BETWEEN 4005830 AND 4005930
	Index Only Scan using k_1 on sbtest1  (cost=0.43..6.45 rows=101 width=4)
	  Index Cond: ((k >= 4005830) AND (k <= 4005930))

table 2 : explain SELECT k FROM sbtest2 WHERE k BETWEEN 4005830 AND 4005930
	Index Only Scan using k_2 on sbtest2  (cost=0.43..6.25 rows=91 width=4)
	  Index Cond: ((k >= 4005830) AND (k <= 4005930))

table 3 : explain SELECT k FROM sbtest3 WHERE k BETWEEN 4005830 AND 4005930
	Index Only Scan using k_3 on sbtest3  (cost=0.43..6.63 rows=110 width=4)
	  Index Cond: ((k >= 4005830) AND (k <= 4005930))

table 4 : explain SELECT k FROM sbtest4 WHERE k BETWEEN 4005830 AND 4005930
	Index Only Scan using k_4 on sbtest4  (cost=0.43..6.53 rows=105 width=4)
	  Index Cond: ((k >= 4005830) AND (k <= 4005930))

table 5 : explain SELECT k FROM sbtest5 WHERE k BETWEEN 4005830 AND 4005930
	Index Only Scan using k_5 on sbtest5  (cost=0.43..6.63 rows=110 width=4)
	  Index Cond: ((k >= 4005830) AND (k <= 4005930))

table 6 : explain SELECT k FROM sbtest6 WHERE k BETWEEN 4005830 AND 4005930
	Index Only Scan using k_6 on sbtest6  (cost=0.43..6.47 rows=102 width=4)
	  Index Cond: ((k >= 4005830) AND (k <= 4005930))

table 7 : explain SELECT k FROM sbtest7 WHERE k BETWEEN 4005830 AND 4005930
	Index Only Scan using k_7 on sbtest7  (cost=0.43..6.61 rows=109 width=4)
	  Index Cond: ((k >= 4005830) AND (k <= 4005930))

table 8 : explain SELECT k FROM sbtest8 WHERE k BETWEEN 4005830 AND 4005930
	Index Only Scan using k_8 on sbtest8  (cost=0.43..6.50 rows=103 width=4)
	  Index Cond: ((k >= 4005830) AND (k <= 4005930))

for range-covered
table 1 : explain SELECT k FROM sbtest1 WHERE k BETWEEN 8383795 AND 8383895
	Index Only Scan using k_1 on sbtest1  (cost=0.43..6.43 rows=100 width=4)
	  Index Cond: ((k >= 8383795) AND (k <= 8383895))

table 2 : explain SELECT k FROM sbtest2 WHERE k BETWEEN 8383795 AND 8383895
	Index Only Scan using k_2 on sbtest2  (cost=0.43..6.45 rows=101 width=4)
	  Index Cond: ((k >= 8383795) AND (k <= 8383895))

table 3 : explain SELECT k FROM sbtest3 WHERE k BETWEEN 8383795 AND 8383895
	Index Only Scan using k_3 on sbtest3  (cost=0.43..6.50 rows=103 width=4)
	  Index Cond: ((k >= 8383795) AND (k <= 8383895))

table 4 : explain SELECT k FROM sbtest4 WHERE k BETWEEN 8383795 AND 8383895
	Index Only Scan using k_4 on sbtest4  (cost=0.43..6.61 rows=109 width=4)
	  Index Cond: ((k >= 8383795) AND (k <= 8383895))

table 5 : explain SELECT k FROM sbtest5 WHERE k BETWEEN 8383795 AND 8383895
	Index Only Scan using k_5 on sbtest5  (cost=0.43..6.35 rows=96 width=4)
	  Index Cond: ((k >= 8383795) AND (k <= 8383895))

table 6 : explain SELECT k FROM sbtest6 WHERE k BETWEEN 8383795 AND 8383895
	Index Only Scan using k_6 on sbtest6  (cost=0.43..6.43 rows=100 width=4)
	  Index Cond: ((k >= 8383795) AND (k <= 8383895))

table 7 : explain SELECT k FROM sbtest7 WHERE k BETWEEN 8383795 AND 8383895
	Index Only Scan using k_7 on sbtest7  (cost=0.43..6.43 rows=100 width=4)
	  Index Cond: ((k >= 8383795) AND (k <= 8383895))

table 8 : explain SELECT k FROM sbtest8 WHERE k BETWEEN 8383795 AND 8383895
	Index Only Scan using k_8 on sbtest8  (cost=0.43..6.43 rows=100 width=4)
	  Index Cond: ((k >= 8383795) AND (k <= 8383895))

explain: for range-covered :: explain SELECT k FROM sbtest%d WHERE k BETWEEN 8383795 AND 8383895
for range-covered
table 1 : explain SELECT k FROM sbtest1 WHERE k BETWEEN 4596034 AND 4596134
	Index Only Scan using k_1 on sbtest1  (cost=0.43..6.56 rows=106 width=4)
	  Index Cond: ((k >= 4596034) AND (k <= 4596134))

table 2 : explain SELECT k FROM sbtest2 WHERE k BETWEEN 4596034 AND 4596134
	Index Only Scan using k_2 on sbtest2  (cost=0.43..6.43 rows=100 width=4)
	  Index Cond: ((k >= 4596034) AND (k <= 4596134))

table 3 : explain SELECT k FROM sbtest3 WHERE k BETWEEN 4596034 AND 4596134
	Index Only Scan using k_3 on sbtest3  (cost=0.43..6.43 rows=100 width=4)
	  Index Cond: ((k >= 4596034) AND (k <= 4596134))

table 4 : explain SELECT k FROM sbtest4 WHERE k BETWEEN 4596034 AND 4596134
	Index Only Scan using k_4 on sbtest4  (cost=0.43..6.50 rows=103 width=4)
	  Index Cond: ((k >= 4596034) AND (k <= 4596134))

table 5 : explain SELECT k FROM sbtest5 WHERE k BETWEEN 4596034 AND 4596134
	Index Only Scan using k_5 on sbtest5  (cost=0.43..6.63 rows=110 width=4)
	  Index Cond: ((k >= 4596034) AND (k <= 4596134))

table 6 : explain SELECT k FROM sbtest6 WHERE k BETWEEN 4596034 AND 4596134
	Index Only Scan using k_6 on sbtest6  (cost=0.43..6.58 rows=107 width=4)
	  Index Cond: ((k >= 4596034) AND (k <= 4596134))

table 7 : explain SELECT k FROM sbtest7 WHERE k BETWEEN 4596034 AND 4596134
	Index Only Scan using k_7 on sbtest7  (cost=0.43..6.35 rows=96 width=4)
	  Index Cond: ((k >= 4596034) AND (k <= 4596134))

table 8 : explain SELECT k FROM sbtest8 WHERE k BETWEEN 4596034 AND 4596134
	Index Only Scan using k_8 on sbtest8  (cost=0.43..6.51 rows=104 width=4)
	  Index Cond: ((k >= 4596034) AND (k <= 4596134))

explain: for range-covered :: explain SELECT k FROM sbtest%d WHERE k BETWEEN 4596034 AND 4596134
for range-covered
table 1 : explain SELECT k FROM sbtest1 WHERE k BETWEEN 3454364 AND 3454464
	Index Only Scan using k_1 on sbtest1  (cost=0.43..6.32 rows=94 width=4)
	  Index Cond: ((k >= 3454364) AND (k <= 3454464))

table 2 : explain SELECT k FROM sbtest2 WHERE k BETWEEN 3454364 AND 3454464
	Index Only Scan using k_2 on sbtest2  (cost=0.43..6.45 rows=101 width=4)
	  Index Cond: ((k >= 3454364) AND (k <= 3454464))

table 3 : explain SELECT k FROM sbtest3 WHERE k BETWEEN 3454364 AND 3454464
	Index Only Scan using k_3 on sbtest3  (cost=0.43..6.61 rows=109 width=4)
	  Index Cond: ((k >= 3454364) AND (k <= 3454464))

table 4 : explain SELECT k FROM sbtest4 WHERE k BETWEEN 3454364 AND 3454464
	Index Only Scan using k_4 on sbtest4  (cost=0.43..6.35 rows=96 width=4)
	  Index Cond: ((k >= 3454364) AND (k <= 3454464))

table 5 : explain SELECT k FROM sbtest5 WHERE k BETWEEN 3454364 AND 3454464
	Index Only Scan using k_5 on sbtest5  (cost=0.43..6.51 rows=104 width=4)
	  Index Cond: ((k >= 3454364) AND (k <= 3454464))

table 6 : explain SELECT k FROM sbtest6 WHERE k BETWEEN 3454364 AND 3454464
	Index Only Scan using k_6 on sbtest6  (cost=0.43..6.50 rows=103 width=4)
	  Index Cond: ((k >= 3454364) AND (k <= 3454464))

table 7 : explain SELECT k FROM sbtest7 WHERE k BETWEEN 3454364 AND 3454464
	Index Only Scan using k_7 on sbtest7  (cost=0.43..6.40 rows=98 width=4)
	  Index Cond: ((k >= 3454364) AND (k <= 3454464))

table 8 : explain SELECT k FROM sbtest8 WHERE k BETWEEN 3454364 AND 3454464
	Index Only Scan using k_8 on sbtest8  (cost=0.43..6.63 rows=110 width=4)
	  Index Cond: ((k >= 3454364) AND (k <= 3454464))

for range-covered
table 1 : explain SELECT k FROM sbtest1 WHERE k BETWEEN 8383795 AND 8383895
	Index Only Scan using k_1 on sbtest1  (cost=0.43..6.43 rows=100 width=4)
	  Index Cond: ((k >= 8383795) AND (k <= 8383895))

table 2 : explain SELECT k FROM sbtest2 WHERE k BETWEEN 8383795 AND 8383895
	Index Only Scan using k_2 on sbtest2  (cost=0.43..6.45 rows=101 width=4)
	  Index Cond: ((k >= 8383795) AND (k <= 8383895))

table 3 : explain SELECT k FROM sbtest3 WHERE k BETWEEN 8383795 AND 8383895
	Index Only Scan using k_3 on sbtest3  (cost=0.43..6.50 rows=103 width=4)
	  Index Cond: ((k >= 8383795) AND (k <= 8383895))

table 4 : explain SELECT k FROM sbtest4 WHERE k BETWEEN 8383795 AND 8383895
	Index Only Scan using k_4 on sbtest4  (cost=0.43..6.61 rows=109 width=4)
	  Index Cond: ((k >= 8383795) AND (k <= 8383895))

table 5 : explain SELECT k FROM sbtest5 WHERE k BETWEEN 8383795 AND 8383895
	Index Only Scan using k_5 on sbtest5  (cost=0.43..6.35 rows=96 width=4)
	  Index Cond: ((k >= 8383795) AND (k <= 8383895))

table 6 : explain SELECT k FROM sbtest6 WHERE k BETWEEN 8383795 AND 8383895
	Index Only Scan using k_6 on sbtest6  (cost=0.43..6.43 rows=100 width=4)
	  Index Cond: ((k >= 8383795) AND (k <= 8383895))

table 7 : explain SELECT k FROM sbtest7 WHERE k BETWEEN 8383795 AND 8383895
	Index Only Scan using k_7 on sbtest7  (cost=0.43..6.43 rows=100 width=4)
	  Index Cond: ((k >= 8383795) AND (k <= 8383895))

table 8 : explain SELECT k FROM sbtest8 WHERE k BETWEEN 8383795 AND 8383895
	Index Only Scan using k_8 on sbtest8  (cost=0.43..6.43 rows=100 width=4)
	  Index Cond: ((k >= 8383795) AND (k <= 8383895))

explain: for range-covered :: explain SELECT k FROM sbtest%d WHERE k BETWEEN 3454364 AND 3454464
explain: for range-covered :: explain SELECT k FROM sbtest%d WHERE k BETWEEN 8383795 AND 8383895
for range-covered
table 1 : explain SELECT k FROM sbtest1 WHERE k BETWEEN 4596034 AND 4596134
	Index Only Scan using k_1 on sbtest1  (cost=0.43..6.56 rows=106 width=4)
	  Index Cond: ((k >= 4596034) AND (k <= 4596134))

table 2 : explain SELECT k FROM sbtest2 WHERE k BETWEEN 4596034 AND 4596134
	Index Only Scan using k_2 on sbtest2  (cost=0.43..6.43 rows=100 width=4)
	  Index Cond: ((k >= 4596034) AND (k <= 4596134))

table 3 : explain SELECT k FROM sbtest3 WHERE k BETWEEN 4596034 AND 4596134
	Index Only Scan using k_3 on sbtest3  (cost=0.43..6.43 rows=100 width=4)
	  Index Cond: ((k >= 4596034) AND (k <= 4596134))

table 4 : explain SELECT k FROM sbtest4 WHERE k BETWEEN 4596034 AND 4596134
	Index Only Scan using k_4 on sbtest4  (cost=0.43..6.50 rows=103 width=4)
	  Index Cond: ((k >= 4596034) AND (k <= 4596134))

table 5 : explain SELECT k FROM sbtest5 WHERE k BETWEEN 4596034 AND 4596134
	Index Only Scan using k_5 on sbtest5  (cost=0.43..6.63 rows=110 width=4)
	  Index Cond: ((k >= 4596034) AND (k <= 4596134))

table 6 : explain SELECT k FROM sbtest6 WHERE k BETWEEN 4596034 AND 4596134
	Index Only Scan using k_6 on sbtest6  (cost=0.43..6.58 rows=107 width=4)
	  Index Cond: ((k >= 4596034) AND (k <= 4596134))

table 7 : explain SELECT k FROM sbtest7 WHERE k BETWEEN 4596034 AND 4596134
	Index Only Scan using k_7 on sbtest7  (cost=0.43..6.35 rows=96 width=4)
	  Index Cond: ((k >= 4596034) AND (k <= 4596134))

table 8 : explain SELECT k FROM sbtest8 WHERE k BETWEEN 4596034 AND 4596134
	Index Only Scan using k_8 on sbtest8  (cost=0.43..6.51 rows=104 width=4)
	  Index Cond: ((k >= 4596034) AND (k <= 4596134))

for range-covered
table 1 : explain SELECT k FROM sbtest1 WHERE k BETWEEN 8383795 AND 8383895
	Index Only Scan using k_1 on sbtest1  (cost=0.43..6.43 rows=100 width=4)
	  Index Cond: ((k >= 8383795) AND (k <= 8383895))

table 2 : explain SELECT k FROM sbtest2 WHERE k BETWEEN 8383795 AND 8383895
	Index Only Scan using k_2 on sbtest2  (cost=0.43..6.45 rows=101 width=4)
	  Index Cond: ((k >= 8383795) AND (k <= 8383895))

table 3 : explain SELECT k FROM sbtest3 WHERE k BETWEEN 8383795 AND 8383895
	Index Only Scan using k_3 on sbtest3  (cost=0.43..6.50 rows=103 width=4)
	  Index Cond: ((k >= 8383795) AND (k <= 8383895))

table 4 : explain SELECT k FROM sbtest4 WHERE k BETWEEN 8383795 AND 8383895
	Index Only Scan using k_4 on sbtest4  (cost=0.43..6.61 rows=109 width=4)
	  Index Cond: ((k >= 8383795) AND (k <= 8383895))

table 5 : explain SELECT k FROM sbtest5 WHERE k BETWEEN 8383795 AND 8383895
	Index Only Scan using k_5 on sbtest5  (cost=0.43..6.35 rows=96 width=4)
	  Index Cond: ((k >= 8383795) AND (k <= 8383895))

table 6 : explain SELECT k FROM sbtest6 WHERE k BETWEEN 8383795 AND 8383895
	Index Only Scan using k_6 on sbtest6  (cost=0.43..6.43 rows=100 width=4)
	  Index Cond: ((k >= 8383795) AND (k <= 8383895))

table 7 : explain SELECT k FROM sbtest7 WHERE k BETWEEN 8383795 AND 8383895
	Index Only Scan using k_7 on sbtest7  (cost=0.43..6.43 rows=100 width=4)
	  Index Cond: ((k >= 8383795) AND (k <= 8383895))

table 8 : explain SELECT k FROM sbtest8 WHERE k BETWEEN 8383795 AND 8383895
	Index Only Scan using k_8 on sbtest8  (cost=0.43..6.43 rows=100 width=4)
	  Index Cond: ((k >= 8383795) AND (k <= 8383895))

for range-covered
table 1 : explain SELECT k FROM sbtest1 WHERE k BETWEEN 3454364 AND 3454464
	Index Only Scan using k_1 on sbtest1  (cost=0.43..6.32 rows=94 width=4)
	  Index Cond: ((k >= 3454364) AND (k <= 3454464))

table 2 : explain SELECT k FROM sbtest2 WHERE k BETWEEN 3454364 AND 3454464
	Index Only Scan using k_2 on sbtest2  (cost=0.43..6.45 rows=101 width=4)
	  Index Cond: ((k >= 3454364) AND (k <= 3454464))

table 3 : explain SELECT k FROM sbtest3 WHERE k BETWEEN 3454364 AND 3454464
	Index Only Scan using k_3 on sbtest3  (cost=0.43..6.61 rows=109 width=4)
	  Index Cond: ((k >= 3454364) AND (k <= 3454464))

table 4 : explain SELECT k FROM sbtest4 WHERE k BETWEEN 3454364 AND 3454464
	Index Only Scan using k_4 on sbtest4  (cost=0.43..6.35 rows=96 width=4)
	  Index Cond: ((k >= 3454364) AND (k <= 3454464))

table 5 : explain SELECT k FROM sbtest5 WHERE k BETWEEN 3454364 AND 3454464
	Index Only Scan using k_5 on sbtest5  (cost=0.43..6.51 rows=104 width=4)
	  Index Cond: ((k >= 3454364) AND (k <= 3454464))

table 6 : explain SELECT k FROM sbtest6 WHERE k BETWEEN 3454364 AND 3454464
	Index Only Scan using k_6 on sbtest6  (cost=0.43..6.50 rows=103 width=4)
	  Index Cond: ((k >= 3454364) AND (k <= 3454464))

table 7 : explain SELECT k FROM sbtest7 WHERE k BETWEEN 3454364 AND 3454464
	Index Only Scan using k_7 on sbtest7  (cost=0.43..6.40 rows=98 width=4)
	  Index Cond: ((k >= 3454364) AND (k <= 3454464))

table 8 : explain SELECT k FROM sbtest8 WHERE k BETWEEN 3454364 AND 3454464
	Index Only Scan using k_8 on sbtest8  (cost=0.43..6.63 rows=110 width=4)
	  Index Cond: ((k >= 3454364) AND (k <= 3454464))

explain: for range-covered :: explain SELECT k FROM sbtest%d WHERE k BETWEEN 8383795 AND 8383895
explain: for range-covered :: explain SELECT k FROM sbtest%d WHERE k BETWEEN 3454364 AND 3454464
for range-covered
table 1 : explain SELECT k FROM sbtest1 WHERE k BETWEEN 8383795 AND 8383895
	Index Only Scan using k_1 on sbtest1  (cost=0.43..6.43 rows=100 width=4)
	  Index Cond: ((k >= 8383795) AND (k <= 8383895))

table 2 : explain SELECT k FROM sbtest2 WHERE k BETWEEN 8383795 AND 8383895
	Index Only Scan using k_2 on sbtest2  (cost=0.43..6.45 rows=101 width=4)
	  Index Cond: ((k >= 8383795) AND (k <= 8383895))

table 3 : explain SELECT k FROM sbtest3 WHERE k BETWEEN 8383795 AND 8383895
	Index Only Scan using k_3 on sbtest3  (cost=0.43..6.50 rows=103 width=4)
	  Index Cond: ((k >= 8383795) AND (k <= 8383895))

table 4 : explain SELECT k FROM sbtest4 WHERE k BETWEEN 8383795 AND 8383895
	Index Only Scan using k_4 on sbtest4  (cost=0.43..6.61 rows=109 width=4)
	  Index Cond: ((k >= 8383795) AND (k <= 8383895))

table 5 : explain SELECT k FROM sbtest5 WHERE k BETWEEN 8383795 AND 8383895
	Index Only Scan using k_5 on sbtest5  (cost=0.43..6.35 rows=96 width=4)
	  Index Cond: ((k >= 8383795) AND (k <= 8383895))

table 6 : explain SELECT k FROM sbtest6 WHERE k BETWEEN 8383795 AND 8383895
	Index Only Scan using k_6 on sbtest6  (cost=0.43..6.43 rows=100 width=4)
	  Index Cond: ((k >= 8383795) AND (k <= 8383895))

table 7 : explain SELECT k FROM sbtest7 WHERE k BETWEEN 8383795 AND 8383895
	Index Only Scan using k_7 on sbtest7  (cost=0.43..6.43 rows=100 width=4)
	  Index Cond: ((k >= 8383795) AND (k <= 8383895))

table 8 : explain SELECT k FROM sbtest8 WHERE k BETWEEN 8383795 AND 8383895
	Index Only Scan using k_8 on sbtest8  (cost=0.43..6.43 rows=100 width=4)
	  Index Cond: ((k >= 8383795) AND (k <= 8383895))

for range-covered
table 1 : explain SELECT k FROM sbtest1 WHERE k BETWEEN 3454364 AND 3454464
	Index Only Scan using k_1 on sbtest1  (cost=0.43..6.32 rows=94 width=4)
	  Index Cond: ((k >= 3454364) AND (k <= 3454464))

table 2 : explain SELECT k FROM sbtest2 WHERE k BETWEEN 3454364 AND 3454464
	Index Only Scan using k_2 on sbtest2  (cost=0.43..6.45 rows=101 width=4)
	  Index Cond: ((k >= 3454364) AND (k <= 3454464))

table 3 : explain SELECT k FROM sbtest3 WHERE k BETWEEN 3454364 AND 3454464
	Index Only Scan using k_3 on sbtest3  (cost=0.43..6.61 rows=109 width=4)
	  Index Cond: ((k >= 3454364) AND (k <= 3454464))

table 4 : explain SELECT k FROM sbtest4 WHERE k BETWEEN 3454364 AND 3454464
	Index Only Scan using k_4 on sbtest4  (cost=0.43..6.35 rows=96 width=4)
	  Index Cond: ((k >= 3454364) AND (k <= 3454464))

table 5 : explain SELECT k FROM sbtest5 WHERE k BETWEEN 3454364 AND 3454464
	Index Only Scan using k_5 on sbtest5  (cost=0.43..6.51 rows=104 width=4)
	  Index Cond: ((k >= 3454364) AND (k <= 3454464))

table 6 : explain SELECT k FROM sbtest6 WHERE k BETWEEN 3454364 AND 3454464
	Index Only Scan using k_6 on sbtest6  (cost=0.43..6.50 rows=103 width=4)
	  Index Cond: ((k >= 3454364) AND (k <= 3454464))

table 7 : explain SELECT k FROM sbtest7 WHERE k BETWEEN 3454364 AND 3454464
	Index Only Scan using k_7 on sbtest7  (cost=0.43..6.40 rows=98 width=4)
	  Index Cond: ((k >= 3454364) AND (k <= 3454464))

table 8 : explain SELECT k FROM sbtest8 WHERE k BETWEEN 3454364 AND 3454464
	Index Only Scan using k_8 on sbtest8  (cost=0.43..6.63 rows=110 width=4)
	  Index Cond: ((k >= 3454364) AND (k <= 3454464))

explain: for range-covered :: explain SELECT k FROM sbtest%d WHERE k BETWEEN 8383795 AND 8383895
explain: for range-covered :: explain SELECT k FROM sbtest%d WHERE k BETWEEN 3454364 AND 3454464
for range-covered
table 1 : explain SELECT k FROM sbtest1 WHERE k BETWEEN 3454364 AND 3454464
	Index Only Scan using k_1 on sbtest1  (cost=0.43..6.32 rows=94 width=4)
	  Index Cond: ((k >= 3454364) AND (k <= 3454464))

table 2 : explain SELECT k FROM sbtest2 WHERE k BETWEEN 3454364 AND 3454464
	Index Only Scan using k_2 on sbtest2  (cost=0.43..6.45 rows=101 width=4)
	  Index Cond: ((k >= 3454364) AND (k <= 3454464))

table 3 : explain SELECT k FROM sbtest3 WHERE k BETWEEN 3454364 AND 3454464
	Index Only Scan using k_3 on sbtest3  (cost=0.43..6.61 rows=109 width=4)
	  Index Cond: ((k >= 3454364) AND (k <= 3454464))

table 4 : explain SELECT k FROM sbtest4 WHERE k BETWEEN 3454364 AND 3454464
	Index Only Scan using k_4 on sbtest4  (cost=0.43..6.35 rows=96 width=4)
	  Index Cond: ((k >= 3454364) AND (k <= 3454464))

table 5 : explain SELECT k FROM sbtest5 WHERE k BETWEEN 3454364 AND 3454464
	Index Only Scan using k_5 on sbtest5  (cost=0.43..6.51 rows=104 width=4)
	  Index Cond: ((k >= 3454364) AND (k <= 3454464))

table 6 : explain SELECT k FROM sbtest6 WHERE k BETWEEN 3454364 AND 3454464
	Index Only Scan using k_6 on sbtest6  (cost=0.43..6.50 rows=103 width=4)
	  Index Cond: ((k >= 3454364) AND (k <= 3454464))

table 7 : explain SELECT k FROM sbtest7 WHERE k BETWEEN 3454364 AND 3454464
	Index Only Scan using k_7 on sbtest7  (cost=0.43..6.40 rows=98 width=4)
	  Index Cond: ((k >= 3454364) AND (k <= 3454464))

table 8 : explain SELECT k FROM sbtest8 WHERE k BETWEEN 3454364 AND 3454464
	Index Only Scan using k_8 on sbtest8  (cost=0.43..6.63 rows=110 width=4)
	  Index Cond: ((k >= 3454364) AND (k <= 3454464))

for range-covered
table 1 : explain SELECT k FROM sbtest1 WHERE k BETWEEN 8383795 AND 8383895
	Index Only Scan using k_1 on sbtest1  (cost=0.43..6.43 rows=100 width=4)
	  Index Cond: ((k >= 8383795) AND (k <= 8383895))

table 2 : explain SELECT k FROM sbtest2 WHERE k BETWEEN 8383795 AND 8383895
	Index Only Scan using k_2 on sbtest2  (cost=0.43..6.45 rows=101 width=4)
	  Index Cond: ((k >= 8383795) AND (k <= 8383895))

table 3 : explain SELECT k FROM sbtest3 WHERE k BETWEEN 8383795 AND 8383895
	Index Only Scan using k_3 on sbtest3  (cost=0.43..6.50 rows=103 width=4)
	  Index Cond: ((k >= 8383795) AND (k <= 8383895))

table 4 : explain SELECT k FROM sbtest4 WHERE k BETWEEN 8383795 AND 8383895
	Index Only Scan using k_4 on sbtest4  (cost=0.43..6.61 rows=109 width=4)
	  Index Cond: ((k >= 8383795) AND (k <= 8383895))

table 5 : explain SELECT k FROM sbtest5 WHERE k BETWEEN 8383795 AND 8383895
	Index Only Scan using k_5 on sbtest5  (cost=0.43..6.35 rows=96 width=4)
	  Index Cond: ((k >= 8383795) AND (k <= 8383895))

table 6 : explain SELECT k FROM sbtest6 WHERE k BETWEEN 8383795 AND 8383895
	Index Only Scan using k_6 on sbtest6  (cost=0.43..6.43 rows=100 width=4)
	  Index Cond: ((k >= 8383795) AND (k <= 8383895))

table 7 : explain SELECT k FROM sbtest7 WHERE k BETWEEN 8383795 AND 8383895
	Index Only Scan using k_7 on sbtest7  (cost=0.43..6.43 rows=100 width=4)
	  Index Cond: ((k >= 8383795) AND (k <= 8383895))

table 8 : explain SELECT k FROM sbtest8 WHERE k BETWEEN 8383795 AND 8383895
	Index Only Scan using k_8 on sbtest8  (cost=0.43..6.43 rows=100 width=4)
	  Index Cond: ((k >= 8383795) AND (k <= 8383895))

explain: for range-covered :: explain SELECT k FROM sbtest%d WHERE k BETWEEN 3454364 AND 3454464
explain: for range-covered :: explain SELECT k FROM sbtest%d WHERE k BETWEEN 8383795 AND 8383895
for range-covered
table 1 : explain SELECT k FROM sbtest1 WHERE k BETWEEN 3454364 AND 3454464
	Index Only Scan using k_1 on sbtest1  (cost=0.43..6.32 rows=94 width=4)
	  Index Cond: ((k >= 3454364) AND (k <= 3454464))

table 2 : explain SELECT k FROM sbtest2 WHERE k BETWEEN 3454364 AND 3454464
	Index Only Scan using k_2 on sbtest2  (cost=0.43..6.45 rows=101 width=4)
	  Index Cond: ((k >= 3454364) AND (k <= 3454464))

table 3 : explain SELECT k FROM sbtest3 WHERE k BETWEEN 3454364 AND 3454464
	Index Only Scan using k_3 on sbtest3  (cost=0.43..6.61 rows=109 width=4)
	  Index Cond: ((k >= 3454364) AND (k <= 3454464))

table 4 : explain SELECT k FROM sbtest4 WHERE k BETWEEN 3454364 AND 3454464
	Index Only Scan using k_4 on sbtest4  (cost=0.43..6.35 rows=96 width=4)
	  Index Cond: ((k >= 3454364) AND (k <= 3454464))

table 5 : explain SELECT k FROM sbtest5 WHERE k BETWEEN 3454364 AND 3454464
	Index Only Scan using k_5 on sbtest5  (cost=0.43..6.51 rows=104 width=4)
	  Index Cond: ((k >= 3454364) AND (k <= 3454464))

table 6 : explain SELECT k FROM sbtest6 WHERE k BETWEEN 3454364 AND 3454464
	Index Only Scan using k_6 on sbtest6  (cost=0.43..6.50 rows=103 width=4)
	  Index Cond: ((k >= 3454364) AND (k <= 3454464))

table 7 : explain SELECT k FROM sbtest7 WHERE k BETWEEN 3454364 AND 3454464
	Index Only Scan using k_7 on sbtest7  (cost=0.43..6.40 rows=98 width=4)
	  Index Cond: ((k >= 3454364) AND (k <= 3454464))

table 8 : explain SELECT k FROM sbtest8 WHERE k BETWEEN 3454364 AND 3454464
	Index Only Scan using k_8 on sbtest8  (cost=0.43..6.63 rows=110 width=4)
	  Index Cond: ((k >= 3454364) AND (k <= 3454464))

for range-covered
table 1 : explain SELECT k FROM sbtest1 WHERE k BETWEEN 8383795 AND 8383895
	Index Only Scan using k_1 on sbtest1  (cost=0.43..6.43 rows=100 width=4)
	  Index Cond: ((k >= 8383795) AND (k <= 8383895))

table 2 : explain SELECT k FROM sbtest2 WHERE k BETWEEN 8383795 AND 8383895
	Index Only Scan using k_2 on sbtest2  (cost=0.43..6.45 rows=101 width=4)
	  Index Cond: ((k >= 8383795) AND (k <= 8383895))

table 3 : explain SELECT k FROM sbtest3 WHERE k BETWEEN 8383795 AND 8383895
	Index Only Scan using k_3 on sbtest3  (cost=0.43..6.50 rows=103 width=4)
	  Index Cond: ((k >= 8383795) AND (k <= 8383895))

table 4 : explain SELECT k FROM sbtest4 WHERE k BETWEEN 8383795 AND 8383895
	Index Only Scan using k_4 on sbtest4  (cost=0.43..6.61 rows=109 width=4)
	  Index Cond: ((k >= 8383795) AND (k <= 8383895))

table 5 : explain SELECT k FROM sbtest5 WHERE k BETWEEN 8383795 AND 8383895
	Index Only Scan using k_5 on sbtest5  (cost=0.43..6.35 rows=96 width=4)
	  Index Cond: ((k >= 8383795) AND (k <= 8383895))

table 6 : explain SELECT k FROM sbtest6 WHERE k BETWEEN 8383795 AND 8383895
	Index Only Scan using k_6 on sbtest6  (cost=0.43..6.43 rows=100 width=4)
	  Index Cond: ((k >= 8383795) AND (k <= 8383895))

table 7 : explain SELECT k FROM sbtest7 WHERE k BETWEEN 8383795 AND 8383895
	Index Only Scan using k_7 on sbtest7  (cost=0.43..6.43 rows=100 width=4)
	  Index Cond: ((k >= 8383795) AND (k <= 8383895))

table 8 : explain SELECT k FROM sbtest8 WHERE k BETWEEN 8383795 AND 8383895
	Index Only Scan using k_8 on sbtest8  (cost=0.43..6.43 rows=100 width=4)
	  Index Cond: ((k >= 8383795) AND (k <= 8383895))

explain: for range-covered :: explain SELECT k FROM sbtest%d WHERE k BETWEEN 3454364 AND 3454464
explain: for range-covered :: explain SELECT k FROM sbtest%d WHERE k BETWEEN 8383795 AND 8383895
for range-covered
table 1 : explain SELECT k FROM sbtest1 WHERE k BETWEEN 3454364 AND 3454464
	Index Only Scan using k_1 on sbtest1  (cost=0.43..6.32 rows=94 width=4)
	  Index Cond: ((k >= 3454364) AND (k <= 3454464))

table 2 : explain SELECT k FROM sbtest2 WHERE k BETWEEN 3454364 AND 3454464
	Index Only Scan using k_2 on sbtest2  (cost=0.43..6.45 rows=101 width=4)
	  Index Cond: ((k >= 3454364) AND (k <= 3454464))

table 3 : explain SELECT k FROM sbtest3 WHERE k BETWEEN 3454364 AND 3454464
	Index Only Scan using k_3 on sbtest3  (cost=0.43..6.61 rows=109 width=4)
	  Index Cond: ((k >= 3454364) AND (k <= 3454464))

table 4 : explain SELECT k FROM sbtest4 WHERE k BETWEEN 3454364 AND 3454464
	Index Only Scan using k_4 on sbtest4  (cost=0.43..6.35 rows=96 width=4)
	  Index Cond: ((k >= 3454364) AND (k <= 3454464))

table 5 : explain SELECT k FROM sbtest5 WHERE k BETWEEN 3454364 AND 3454464
	Index Only Scan using k_5 on sbtest5  (cost=0.43..6.51 rows=104 width=4)
	  Index Cond: ((k >= 3454364) AND (k <= 3454464))

table 6 : explain SELECT k FROM sbtest6 WHERE k BETWEEN 3454364 AND 3454464
	Index Only Scan using k_6 on sbtest6  (cost=0.43..6.50 rows=103 width=4)
	  Index Cond: ((k >= 3454364) AND (k <= 3454464))

table 7 : explain SELECT k FROM sbtest7 WHERE k BETWEEN 3454364 AND 3454464
	Index Only Scan using k_7 on sbtest7  (cost=0.43..6.40 rows=98 width=4)
	  Index Cond: ((k >= 3454364) AND (k <= 3454464))

table 8 : explain SELECT k FROM sbtest8 WHERE k BETWEEN 3454364 AND 3454464
	Index Only Scan using k_8 on sbtest8  (cost=0.43..6.63 rows=110 width=4)
	  Index Cond: ((k >= 3454364) AND (k <= 3454464))

for range-covered
table 1 : explain SELECT k FROM sbtest1 WHERE k BETWEEN 8383795 AND 8383895
	Index Only Scan using k_1 on sbtest1  (cost=0.43..6.43 rows=100 width=4)
	  Index Cond: ((k >= 8383795) AND (k <= 8383895))

table 2 : explain SELECT k FROM sbtest2 WHERE k BETWEEN 8383795 AND 8383895
	Index Only Scan using k_2 on sbtest2  (cost=0.43..6.45 rows=101 width=4)
	  Index Cond: ((k >= 8383795) AND (k <= 8383895))

table 3 : explain SELECT k FROM sbtest3 WHERE k BETWEEN 8383795 AND 8383895
	Index Only Scan using k_3 on sbtest3  (cost=0.43..6.50 rows=103 width=4)
	  Index Cond: ((k >= 8383795) AND (k <= 8383895))

table 4 : explain SELECT k FROM sbtest4 WHERE k BETWEEN 8383795 AND 8383895
	Index Only Scan using k_4 on sbtest4  (cost=0.43..6.61 rows=109 width=4)
	  Index Cond: ((k >= 8383795) AND (k <= 8383895))

table 5 : explain SELECT k FROM sbtest5 WHERE k BETWEEN 8383795 AND 8383895
	Index Only Scan using k_5 on sbtest5  (cost=0.43..6.35 rows=96 width=4)
	  Index Cond: ((k >= 8383795) AND (k <= 8383895))

table 6 : explain SELECT k FROM sbtest6 WHERE k BETWEEN 8383795 AND 8383895
	Index Only Scan using k_6 on sbtest6  (cost=0.43..6.43 rows=100 width=4)
	  Index Cond: ((k >= 8383795) AND (k <= 8383895))

table 7 : explain SELECT k FROM sbtest7 WHERE k BETWEEN 8383795 AND 8383895
	Index Only Scan using k_7 on sbtest7  (cost=0.43..6.43 rows=100 width=4)
	  Index Cond: ((k >= 8383795) AND (k <= 8383895))

table 8 : explain SELECT k FROM sbtest8 WHERE k BETWEEN 8383795 AND 8383895
	Index Only Scan using k_8 on sbtest8  (cost=0.43..6.43 rows=100 width=4)
	  Index Cond: ((k >= 8383795) AND (k <= 8383895))

explain: for range-covered :: explain SELECT k FROM sbtest%d WHERE k BETWEEN 3454364 AND 3454464
for range-covered
table 1 : explain SELECT k FROM sbtest1 WHERE k BETWEEN 3454364 AND 3454464
	Index Only Scan using k_1 on sbtest1  (cost=0.43..6.32 rows=94 width=4)
	  Index Cond: ((k >= 3454364) AND (k <= 3454464))

table 2 : explain SELECT k FROM sbtest2 WHERE k BETWEEN 3454364 AND 3454464
	Index Only Scan using k_2 on sbtest2  (cost=0.43..6.45 rows=101 width=4)
	  Index Cond: ((k >= 3454364) AND (k <= 3454464))

table 3 : explain SELECT k FROM sbtest3 WHERE k BETWEEN 3454364 AND 3454464
	Index Only Scan using k_3 on sbtest3  (cost=0.43..6.61 rows=109 width=4)
	  Index Cond: ((k >= 3454364) AND (k <= 3454464))

table 4 : explain SELECT k FROM sbtest4 WHERE k BETWEEN 3454364 AND 3454464
	Index Only Scan using k_4 on sbtest4  (cost=0.43..6.35 rows=96 width=4)
	  Index Cond: ((k >= 3454364) AND (k <= 3454464))

table 5 : explain SELECT k FROM sbtest5 WHERE k BETWEEN 3454364 AND 3454464
	Index Only Scan using k_5 on sbtest5  (cost=0.43..6.51 rows=104 width=4)
	  Index Cond: ((k >= 3454364) AND (k <= 3454464))

table 6 : explain SELECT k FROM sbtest6 WHERE k BETWEEN 3454364 AND 3454464
	Index Only Scan using k_6 on sbtest6  (cost=0.43..6.50 rows=103 width=4)
	  Index Cond: ((k >= 3454364) AND (k <= 3454464))

table 7 : explain SELECT k FROM sbtest7 WHERE k BETWEEN 3454364 AND 3454464
	Index Only Scan using k_7 on sbtest7  (cost=0.43..6.40 rows=98 width=4)
	  Index Cond: ((k >= 3454364) AND (k <= 3454464))

table 8 : explain SELECT k FROM sbtest8 WHERE k BETWEEN 3454364 AND 3454464
	Index Only Scan using k_8 on sbtest8  (cost=0.43..6.63 rows=110 width=4)
	  Index Cond: ((k >= 3454364) AND (k <= 3454464))

explain: for range-covered :: explain SELECT k FROM sbtest%d WHERE k BETWEEN 3454364 AND 3454464
for range-covered
table 1 : explain SELECT k FROM sbtest1 WHERE k BETWEEN 3454364 AND 3454464
	Index Only Scan using k_1 on sbtest1  (cost=0.43..6.32 rows=94 width=4)
	  Index Cond: ((k >= 3454364) AND (k <= 3454464))

table 2 : explain SELECT k FROM sbtest2 WHERE k BETWEEN 3454364 AND 3454464
	Index Only Scan using k_2 on sbtest2  (cost=0.43..6.45 rows=101 width=4)
	  Index Cond: ((k >= 3454364) AND (k <= 3454464))

table 3 : explain SELECT k FROM sbtest3 WHERE k BETWEEN 3454364 AND 3454464
	Index Only Scan using k_3 on sbtest3  (cost=0.43..6.61 rows=109 width=4)
	  Index Cond: ((k >= 3454364) AND (k <= 3454464))

table 4 : explain SELECT k FROM sbtest4 WHERE k BETWEEN 3454364 AND 3454464
	Index Only Scan using k_4 on sbtest4  (cost=0.43..6.35 rows=96 width=4)
	  Index Cond: ((k >= 3454364) AND (k <= 3454464))

table 5 : explain SELECT k FROM sbtest5 WHERE k BETWEEN 3454364 AND 3454464
	Index Only Scan using k_5 on sbtest5  (cost=0.43..6.51 rows=104 width=4)
	  Index Cond: ((k >= 3454364) AND (k <= 3454464))

table 6 : explain SELECT k FROM sbtest6 WHERE k BETWEEN 3454364 AND 3454464
	Index Only Scan using k_6 on sbtest6  (cost=0.43..6.50 rows=103 width=4)
	  Index Cond: ((k >= 3454364) AND (k <= 3454464))

table 7 : explain SELECT k FROM sbtest7 WHERE k BETWEEN 3454364 AND 3454464
	Index Only Scan using k_7 on sbtest7  (cost=0.43..6.40 rows=98 width=4)
	  Index Cond: ((k >= 3454364) AND (k <= 3454464))

table 8 : explain SELECT k FROM sbtest8 WHERE k BETWEEN 3454364 AND 3454464
	Index Only Scan using k_8 on sbtest8  (cost=0.43..6.63 rows=110 width=4)
	  Index Cond: ((k >= 3454364) AND (k <= 3454464))

Threads started!

Warming up for 5 seconds...

SQL statistics:
    queries performed:
        read:                            255660382
        write:                           0
        other:                           0
        total:                           255660382
    transactions:                        255660382 (405806.49 per sec.)
    queries:                             255660382 (405806.49 per sec.)
    ignored errors:                      0      (0.00 per sec.)
    reconnects:                          0      (0.00 per sec.)

Throughput:
    events/s (eps):                      405806.4905
    time elapsed:                        630.0058s
    total number of events:              255660382

Latency (ms):
         min:                                    0.06
         avg:                                    0.10
         max:                                   24.18
         95th percentile:                        0.11
         sum:                             25110543.80

Threads fairness:
    events (avg/stddev):           6391503.2750/32662.23
    execution time (avg/stddev):   627.7636/0.07

